<?xml version="1.0" encoding="UTF-8"?>
<testsuite name="com.hivemq.helmcharts.volumes.HelmAdditionalVolumesIT" tests="1" skipped="0" failures="0" errors="0" timestamp="2025-01-28T23:51:29" hostname="fv-az1982-149" time="106.981">
  <properties/>
  <testcase name="withAdditionalVolumes_hivemqRunningWithVolumeMounts()" classname="com.hivemq.helmcharts.volumes.HelmAdditionalVolumesIT" time="106.981">
    <system-out><![CDATA[2025-01-28 23:51:29,061 INFO c.h.h.t.HelmChartContainer - Creating namespace 'helmadditionalvolumesit-operator'...
2025-01-28 23:51:29,352 INFO c.h.h.t.HelmChartContainer - [POD] coredns-ff8999cc5-krcl4 [a5747c6f-f038-4529-9af1-6c928c3a4daf] in kube-system was ADDED
2025-01-28 23:51:29,354 INFO c.h.h.t.HelmChartContainer - Namespace 'helmadditionalvolumesit-operator' created
2025-01-28 23:51:29,354 INFO c.h.h.t.HelmChartContainer - Creating namespace 'helmadditionalvolumesit'...
2025-01-28 23:51:29,358 INFO c.h.h.t.HelmChartContainer - [POD] local-path-provisioner-698b58967b-kph48 [f2de315a-4ca0-4481-80f7-02ad7613d009] in kube-system was ADDED
2025-01-28 23:51:29,360 INFO c.h.h.t.HelmChartContainer - [POD] metrics-server-8584b5786c-7dkv9 [5b01aed8-841d-4d2f-936f-6f2a5b2acf42] in kube-system was ADDED
2025-01-28 23:51:29,367 INFO c.h.h.t.HelmChartContainer - Namespace 'helmadditionalvolumesit' created
2025-01-28 23:51:29,446 DEBUG c.h.h.t.HelmChartContainer - Executing helm command: /bin/helm --kubeconfig /etc/rancher/k3s/k3s.yaml install test-hivemq-platform-operator /charts/hivemq-platform-operator --wait --timeout 5m0s --set image.repository=docker.io/hivemq --set image.name=hivemq-platform-operator-test --set image.initImageName=hivemq-platform-operator-init-test --set image.tag=snapshot --set image.pullPolicy=Never --set logLevel=DEBUG --set resources.cpu=512m --namespace helmadditionalvolumesit-operator
2025-01-28 23:51:31,825 INFO c.h.h.t.HelmChartContainer - [K3S] [alloc.go:330] "allocated clusterIPs" service="helmadditionalvolumesit-operator/hivemq-platform-operator-test-hivemq-platform-operator" clusterIPs={"IPv4":"10.43.49.140"}
2025-01-28 23:51:31,842 INFO c.h.h.t.HelmChartContainer - [EVENT] Normal [ScalingReplicaSet] Scaled up replica set hivemq-test-hivemq-platform-operator-6966f96d65 from 0 to 1 [helmadditionalvolumesit-operator:hivemq-test-hivemq-platform-operator]
2025-01-28 23:51:31,853 INFO c.h.h.t.HelmChartContainer - [POD] hivemq-test-hivemq-platform-operator-6966f96d65-s4q22 [61b3e6d7-cf22-4b91-b76a-bf41ed53580f] in helmadditionalvolumesit-operator was ADDED
2025-01-28 23:51:31,855 INFO c.h.h.t.HelmChartContainer - [K3S] [replica_set.go:679] "Finished syncing" kind="ReplicaSet" key="helmadditionalvolumesit-operator/hivemq-test-hivemq-platform-operator-6966f96d65" duration="17.905583ms"
2025-01-28 23:51:31,864 INFO c.h.h.t.HelmChartContainer - [POD] hivemq-test-hivemq-platform-operator-6966f96d65-s4q22 [61b3e6d7-cf22-4b91-b76a-bf41ed53580f] in helmadditionalvolumesit-operator was MODIFIED
2025-01-28 23:51:31,865 INFO c.h.h.t.HelmChartContainer - [EVENT] Normal [SuccessfulCreate] Created pod: hivemq-test-hivemq-platform-operator-6966f96d65-s4q22 [helmadditionalvolumesit-operator:hivemq-test-hivemq-platform-operator-6966f96d65]
2025-01-28 23:51:31,870 INFO c.h.h.t.HelmChartContainer - [EVENT] Normal [Scheduled] Successfully assigned helmadditionalvolumesit-operator/hivemq-test-hivemq-platform-operator-6966f96d65-s4q22 to 6fb98fd6114a [helmadditionalvolumesit-operator:hivemq-test-hivemq-platform-operator-6966f96d65-s4q22]
2025-01-28 23:51:31,873 INFO c.h.h.t.HelmChartContainer - [K3S] [replica_set.go:679] "Finished syncing" kind="ReplicaSet" key="helmadditionalvolumesit-operator/hivemq-test-hivemq-platform-operator-6966f96d65" duration="15.935451ms"
2025-01-28 23:51:31,884 INFO c.h.h.t.HelmChartContainer - [POD] hivemq-test-hivemq-platform-operator-6966f96d65-s4q22 [61b3e6d7-cf22-4b91-b76a-bf41ed53580f] in helmadditionalvolumesit-operator was MODIFIED
2025-01-28 23:51:31,888 INFO c.h.h.t.HelmChartContainer - [K3S] [replica_set.go:679] "Finished syncing" kind="ReplicaSet" key="helmadditionalvolumesit-operator/hivemq-test-hivemq-platform-operator-6966f96d65" duration="17.033693ms"
2025-01-28 23:51:31,888 INFO c.h.h.t.HelmChartContainer - [K3S] [replica_set.go:679] "Finished syncing" kind="ReplicaSet" key="helmadditionalvolumesit-operator/hivemq-test-hivemq-platform-operator-6966f96d65" duration="41.728µs"
2025-01-28 23:51:31,965 INFO c.h.h.t.HelmChartContainer - [K3S] [reconciler_common.go:251] "operationExecutor.VerifyControllerAttachedVolume started for volume \"kube-api-access-5gf2k\" (UniqueName: \"kubernetes.io/projected/61b3e6d7-cf22-4b91-b76a-bf41ed53580f-kube-api-access-5gf2k\") pod \"hivemq-test-hivemq-platform-operator-6966f96d65-s4q22\" (UID: \"61b3e6d7-cf22-4b91-b76a-bf41ed53580f\") " pod="helmadditionalvolumesit-operator/hivemq-test-hivemq-platform-operator-6966f96d65-s4q22"
2025-01-28 23:51:32,260 INFO c.h.h.t.HelmChartContainer - [EVENT] Normal [Pulled] Container image "docker.io/hivemq/hivemq-platform-operator-test:snapshot" already present on machine [helmadditionalvolumesit-operator:hivemq-test-hivemq-platform-operator-6966f96d65-s4q22]
2025-01-28 23:51:32,262 INFO c.h.h.t.HelmChartContainer - Received Pulled event for container hivemq-platform-operator in pod hivemq-test-hivemq-platform-operator-6966f96d65-s4q22 [61b3e6d7-cf22-4b91-b76a-bf41ed53580f]
2025-01-28 23:51:32,268 INFO c.h.h.t.HelmChartContainer - [EVENT] Normal [Created] Created container: hivemq-platform-operator [helmadditionalvolumesit-operator:hivemq-test-hivemq-platform-operator-6966f96d65-s4q22]
2025-01-28 23:51:32,268 INFO c.h.h.t.HelmChartContainer - Received Created event for container hivemq-platform-operator in pod hivemq-test-hivemq-platform-operator-6966f96d65-s4q22 [61b3e6d7-cf22-4b91-b76a-bf41ed53580f]
2025-01-28 23:51:33,608 INFO c.h.h.t.HelmChartContainer - [K3S] [replica_set.go:679] "Finished syncing" kind="ReplicaSet" key="helmadditionalvolumesit-operator/hivemq-test-hivemq-platform-operator-6966f96d65" duration="55.673µs"
2025-01-28 23:51:33,620 INFO c.h.h.t.HelmChartContainer - [POD] hivemq-test-hivemq-platform-operator-6966f96d65-s4q22 [61b3e6d7-cf22-4b91-b76a-bf41ed53580f] in helmadditionalvolumesit-operator was MODIFIED
2025-01-28 23:51:33,634 INFO c.h.h.t.HelmChartContainer - [EVENT] Normal [Started] Started container hivemq-platform-operator [helmadditionalvolumesit-operator:hivemq-test-hivemq-platform-operator-6966f96d65-s4q22]
2025-01-28 23:51:33,634 INFO c.h.h.t.HelmChartContainer - Started log watcher for hivemq-platform-operator in pod hivemq-test-hivemq-platform-operator-6966f96d65-s4q22 [61b3e6d7-cf22-4b91-b76a-bf41ed53580f]
2025-01-28 23:51:33,634 INFO c.h.h.t.HelmChartContainer - Received Started event for container hivemq-platform-operator in pod hivemq-test-hivemq-platform-operator-6966f96d65-s4q22 [61b3e6d7-cf22-4b91-b76a-bf41ed53580f]
2025-01-28 23:51:33,634 INFO c.h.h.t.HelmChartContainer - [hivemq-test-hivemq-platform] [hivemq-platform-operator] [61b3e6d7] -------------------------------------------------------------------------
2025-01-28 23:51:33,634 INFO c.h.h.t.HelmChartContainer - [hivemq-test-hivemq-platform] [hivemq-platform-operator] [61b3e6d7] 
2025-01-28 23:51:33,634 INFO c.h.h.t.HelmChartContainer - [hivemq-test-hivemq-platform] [hivemq-platform-operator] [61b3e6d7]                   _    _  _              __  __   ____
2025-01-28 23:51:33,634 INFO c.h.h.t.HelmChartContainer - [hivemq-test-hivemq-platform] [hivemq-platform-operator] [61b3e6d7]                  | |  | |(_)            |  \/  | / __ \
2025-01-28 23:51:33,634 INFO c.h.h.t.HelmChartContainer - [hivemq-test-hivemq-platform] [hivemq-platform-operator] [61b3e6d7]                  | |__| | _ __   __ ___ | \  / || |  | |
2025-01-28 23:51:33,634 INFO c.h.h.t.HelmChartContainer - [hivemq-test-hivemq-platform] [hivemq-platform-operator] [61b3e6d7]                  |  __  || |\ \ / // _ \| |\/| || |  | |
2025-01-28 23:51:33,634 INFO c.h.h.t.HelmChartContainer - [hivemq-test-hivemq-platform] [hivemq-platform-operator] [61b3e6d7]                  | |  | || | \ V /|  __/| |  | || |__| |
2025-01-28 23:51:33,634 INFO c.h.h.t.HelmChartContainer - [hivemq-test-hivemq-platform] [hivemq-platform-operator] [61b3e6d7]                  |_|  |_||_|  \_/  \___||_|  |_| \___\_\
2025-01-28 23:51:33,634 INFO c.h.h.t.HelmChartContainer - [hivemq-test-hivemq-platform] [hivemq-platform-operator] [61b3e6d7] 
2025-01-28 23:51:33,634 INFO c.h.h.t.HelmChartContainer - [hivemq-test-hivemq-platform] [hivemq-platform-operator] [61b3e6d7] -------------------------------------------------------------------------
2025-01-28 23:51:33,635 INFO c.h.h.t.HelmChartContainer - [hivemq-test-hivemq-platform] [hivemq-platform-operator] [61b3e6d7] 
2025-01-28 23:51:33,635 INFO c.h.h.t.HelmChartContainer - [hivemq-test-hivemq-platform] [hivemq-platform-operator] [61b3e6d7]   HiveMQ Platform Operator Start Script v1.0
2025-01-28 23:51:33,635 INFO c.h.h.t.HelmChartContainer - [hivemq-test-hivemq-platform] [hivemq-platform-operator] [61b3e6d7] 
2025-01-28 23:51:33,635 INFO c.h.h.t.HelmChartContainer - [hivemq-test-hivemq-platform] [hivemq-platform-operator] [61b3e6d7] -------------------------------------------------------------------------
2025-01-28 23:51:33,635 INFO c.h.h.t.HelmChartContainer - [hivemq-test-hivemq-platform] [hivemq-platform-operator] [61b3e6d7] 
2025-01-28 23:51:33,635 INFO c.h.h.t.HelmChartContainer - [hivemq-test-hivemq-platform] [hivemq-platform-operator] [61b3e6d7]   JAVA_OPTS: -XX:+UnlockExperimentalVMOptions -XX:InitialRAMPercentage=75 -XX:MaxRAMPercentage=75 -Duser.language=en -Duser.region=US
2025-01-28 23:51:33,635 INFO c.h.h.t.HelmChartContainer - [hivemq-test-hivemq-platform] [hivemq-platform-operator] [61b3e6d7] 
2025-01-28 23:51:33,635 INFO c.h.h.t.HelmChartContainer - [hivemq-test-hivemq-platform] [hivemq-platform-operator] [61b3e6d7]   JAVA_VERSION: 21
2025-01-28 23:51:33,635 INFO c.h.h.t.HelmChartContainer - [hivemq-test-hivemq-platform] [hivemq-platform-operator] [61b3e6d7] 
2025-01-28 23:51:33,635 INFO c.h.h.t.HelmChartContainer - [hivemq-test-hivemq-platform] [hivemq-platform-operator] [61b3e6d7] -------------------------------------------------------------------------
2025-01-28 23:51:33,635 INFO c.h.h.t.HelmChartContainer - [hivemq-test-hivemq-platform] [hivemq-platform-operator] [61b3e6d7] 
2025-01-28 23:51:35,790 INFO c.h.h.t.HelmChartContainer - [hivemq-test-hivemq-platform] [hivemq-platform-operator] [61b3e6d7] 23:51:35.787 [main] DEBUG org.jboss.logging - Logging Provider: org.jboss.logging.Slf4jLoggerProvider
2025-01-28 23:51:35,894 INFO c.h.h.t.HelmChartContainer - [hivemq-test-hivemq-platform] [hivemq-platform-operator] [61b3e6d7] 23:51:35.893 [main] DEBUG io.smallrye.config - SRCFG01006: Loaded ConfigSource SysPropConfigSource with ordinal 400
2025-01-28 23:51:35,894 INFO c.h.h.t.HelmChartContainer - [hivemq-test-hivemq-platform] [hivemq-platform-operator] [61b3e6d7] 23:51:35.893 [main] DEBUG io.smallrye.config - SRCFG01006: Loaded ConfigSource EnvConfigSource with ordinal 300
2025-01-28 23:51:35,896 INFO c.h.h.t.HelmChartContainer - [hivemq-test-hivemq-platform] [hivemq-platform-operator] [61b3e6d7] 23:51:35.893 [main] DEBUG io.smallrye.config - SRCFG01006: Loaded ConfigSource PropertiesConfigSource[source=jar:file:///opt/hivemq-platform-operator/bin/hivemq-platform-operator.jar!/hivemq-platform-operator.properties] with ordinal 100
2025-01-28 23:51:35,896 INFO c.h.h.t.HelmChartContainer - [hivemq-test-hivemq-platform] [hivemq-platform-operator] [61b3e6d7] 23:51:35.893 [main] DEBUG io.smallrye.config - SRCFG01006: Loaded ConfigSource DefaultValuesConfigSource with ordinal -2147483648
2025-01-28 23:51:35,998 INFO c.h.h.t.HelmChartContainer - [hivemq-test-hivemq-platform] [hivemq-platform-operator] [61b3e6d7] 23:51:35.997 [main] DEBUG i.m.c.u.i.l.InternalLoggerFactory - Using SLF4J as the default logging framework
2025-01-28 23:51:36,136 INFO c.h.h.t.HelmChartContainer - [hivemq-test-hivemq-platform] [hivemq-platform-operator] [61b3e6d7] 23:51:36.097 [main] INFO  c.h.p.o.HiveMQPlatformOperatorApplication - HiveMQ Platform Operator 1.7.0-SNAPSHOT (commit: bebf408 on branch: HEAD) built on Sun Jan 26 20:47:47 UTC 2025
2025-01-28 23:51:36,137 INFO c.h.h.t.HelmChartContainer - [hivemq-test-hivemq-platform] [hivemq-platform-operator] [61b3e6d7] 23:51:36.134 [main] INFO  c.h.p.o.HiveMQPlatformOperatorApplication - HiveMQ Platform Operator is running in namespace: helmadditionalvolumesit-operator
2025-01-28 23:51:36,137 INFO c.h.h.t.HelmChartContainer - [hivemq-test-hivemq-platform] [hivemq-platform-operator] [61b3e6d7] 23:51:36.135 [main] INFO  c.h.p.o.HiveMQPlatformOperatorApplication - Watching all namespaces
2025-01-28 23:51:36,137 INFO c.h.h.t.HelmChartContainer - [hivemq-test-hivemq-platform] [hivemq-platform-operator] [61b3e6d7] 23:51:36.135 [main] INFO  c.h.p.o.HiveMQPlatformOperatorApplication - Log level: DEBUG
2025-01-28 23:51:36,137 INFO c.h.h.t.HelmChartContainer - [hivemq-test-hivemq-platform] [hivemq-platform-operator] [61b3e6d7] 23:51:36.135 [main] INFO  c.h.p.o.HiveMQPlatformOperatorApplication - Release name: test-hivemq-platform-operator
2025-01-28 23:51:36,137 INFO c.h.h.t.HelmChartContainer - [hivemq-test-hivemq-platform] [hivemq-platform-operator] [61b3e6d7] 23:51:36.135 [main] INFO  c.h.p.o.HiveMQPlatformOperatorApplication - HiveMQ Platform Operator Init image: docker.io/hivemq/hivemq-platform-operator-init-test:snapshot
2025-01-28 23:51:36,137 INFO c.h.h.t.HelmChartContainer - [hivemq-test-hivemq-platform] [hivemq-platform-operator] [61b3e6d7] 23:51:36.135 [main] INFO  c.h.p.o.HiveMQPlatformOperatorApplication - HiveMQ Platform Operator Init App update URL: http://hivemq-platform-operator-test-hivemq-platform-operator.helmadditionalvolumesit-operator.svc:8080/initAppUpdate/hivemq-platform-operator-init-app-1.7.0-SNAPSHOT.jar
2025-01-28 23:51:36,137 INFO c.h.h.t.HelmChartContainer - [hivemq-test-hivemq-platform] [hivemq-platform-operator] [61b3e6d7] 23:51:36.135 [main] INFO  c.h.p.o.HiveMQPlatformOperatorApplication - Additional imagePullSecret for all Platform deployments: none
2025-01-28 23:51:36,137 INFO c.h.h.t.HelmChartContainer - [hivemq-test-hivemq-platform] [hivemq-platform-operator] [61b3e6d7] 23:51:36.135 [main] INFO  c.h.p.o.HiveMQPlatformOperatorApplication - Apply HiveMQ Platform CRD: true
2025-01-28 23:51:36,137 INFO c.h.h.t.HelmChartContainer - [hivemq-test-hivemq-platform] [hivemq-platform-operator] [61b3e6d7] 23:51:36.135 [main] INFO  c.h.p.o.HiveMQPlatformOperatorApplication - Create Platform ServiceAccount: true
2025-01-28 23:51:36,137 INFO c.h.h.t.HelmChartContainer - [hivemq-test-hivemq-platform] [hivemq-platform-operator] [61b3e6d7] 23:51:36.135 [main] INFO  c.h.p.o.HiveMQPlatformOperatorApplication - Create Platform ServiceAccount permissions: true
2025-01-28 23:51:36,137 INFO c.h.h.t.HelmChartContainer - [hivemq-test-hivemq-platform] [hivemq-platform-operator] [61b3e6d7] 23:51:36.135 [main] INFO  c.h.p.o.HiveMQPlatformOperatorApplication - Validate Platform ServiceAccount: true
2025-01-28 23:51:36,137 INFO c.h.h.t.HelmChartContainer - [hivemq-test-hivemq-platform] [hivemq-platform-operator] [61b3e6d7] 23:51:36.135 [main] INFO  c.h.p.o.HiveMQPlatformOperatorApplication - Validate Platform ServiceAccount permissions: true
2025-01-28 23:51:36,285 INFO c.h.h.t.HelmChartContainer - [hivemq-test-hivemq-platform] [hivemq-platform-operator] [61b3e6d7] 23:51:36.283 [main] INFO  c.h.platform.operator.util.CRDUtil - Verifying deployed HiveMQ Platform CRD...
2025-01-28 23:51:37,197 INFO c.h.h.t.HelmChartContainer - [POD] metrics-server-8584b5786c-7dkv9 [5b01aed8-841d-4d2f-936f-6f2a5b2acf42] in kube-system was MODIFIED
2025-01-28 23:51:37,209 INFO c.h.h.t.HelmChartContainer - [K3S] [replica_set.go:679] "Finished syncing" kind="ReplicaSet" key="kube-system/metrics-server-8584b5786c" duration="18.415465ms"
2025-01-28 23:51:37,209 INFO c.h.h.t.HelmChartContainer - [K3S] [replica_set.go:679] "Finished syncing" kind="ReplicaSet" key="kube-system/metrics-server-8584b5786c" duration="34.124µs"
2025-01-28 23:51:38,894 INFO c.h.h.t.HelmChartContainer - [hivemq-test-hivemq-platform] [hivemq-platform-operator] [61b3e6d7] 23:51:38.892 [main] DEBUG c.h.platform.operator.util.CRDUtil - HiveMQ Platform CRD version v1 is up to date
2025-01-28 23:51:38,894 INFO c.h.h.t.HelmChartContainer - [hivemq-test-hivemq-platform] [hivemq-platform-operator] [61b3e6d7] 23:51:38.892 [main] INFO  c.h.platform.operator.util.CRDUtil - HiveMQ Platform CRD is up to date (version: V1_6_0)
2025-01-28 23:51:38,894 INFO c.h.h.t.HelmChartContainer - [hivemq-test-hivemq-platform] [hivemq-platform-operator] [61b3e6d7] 23:51:38.892 [main] INFO  c.h.platform.operator.util.CRDUtil - Waiting 10000 ms for HiveMQ Platform CRD 'hivemq-platforms.hivemq.com' to become ready...
2025-01-28 23:51:39,288 INFO c.h.h.t.HelmChartContainer - [hivemq-test-hivemq-platform] [hivemq-platform-operator] [61b3e6d7] 23:51:39.287 [vert.x-eventloop-thread-1] DEBUG c.h.platform.operator.util.CRDUtil - Checking CRD condition 'NamesAccepted' (status: 'True')
2025-01-28 23:51:39,290 INFO c.h.h.t.HelmChartContainer - [hivemq-test-hivemq-platform] [hivemq-platform-operator] [61b3e6d7] 23:51:39.288 [vert.x-eventloop-thread-1] DEBUG c.h.platform.operator.util.CRDUtil - Checking CRD condition 'Established' (status: 'True')
2025-01-28 23:51:39,291 INFO c.h.h.t.HelmChartContainer - [hivemq-test-hivemq-platform] [hivemq-platform-operator] [61b3e6d7] 23:51:39.288 [main] INFO  c.h.platform.operator.util.CRDUtil - HiveMQ Platform CRD 'hivemq-platforms.hivemq.com' is ready
2025-01-28 23:51:39,486 INFO c.h.h.t.HelmChartContainer - [hivemq-test-hivemq-platform] [hivemq-platform-operator] [61b3e6d7] 23:51:39.485 [main] INFO  c.h.p.o.HiveMQPlatformReconciler - HiveMQ Platform Operator is starting...
2025-01-28 23:51:39,586 INFO c.h.h.t.HelmChartContainer - [hivemq-test-hivemq-platform] [hivemq-platform-operator] [61b3e6d7] 23:51:39.584 [main] WARN  Default ConfigurationService implementation - Configuration for reconciler 'hivemq-controller' was not found. Known reconcilers: None.
2025-01-28 23:51:39,592 INFO c.h.h.t.HelmChartContainer - [hivemq-test-hivemq-platform] [hivemq-platform-operator] [61b3e6d7] 23:51:39.592 [main] INFO  Default ConfigurationService implementation - Created configuration for reconciler com.hivemq.platform.operator.HiveMQPlatformReconciler with name hivemq-controller
2025-01-28 23:51:39,695 INFO c.h.h.t.HelmChartContainer - [hivemq-test-hivemq-platform] [hivemq-platform-operator] [61b3e6d7] 23:51:39.693 [main] DEBUG c.h.p.o.HiveMQPlatformReconciler - HiveMQ Platform Operator is preparing EventSources
2025-01-28 23:51:39,782 INFO c.h.h.t.HelmChartContainer - [hivemq-test-hivemq-platform] [hivemq-platform-operator] [61b3e6d7] 23:51:39.781 [main] INFO  i.javaoperatorsdk.operator.Operator - Registered reconciler: 'hivemq-controller' for resource: 'class com.hivemq.platform.operator.v1.HiveMQPlatform' for namespace(s): [all namespaces]
2025-01-28 23:51:40,336 INFO c.h.h.t.HelmChartContainer - [hivemq-test-hivemq-platform] [hivemq-platform-operator] [61b3e6d7] 23:51:40.334 [main] INFO  c.h.p.operator.webserver.JettyServer - Starting Jetty server on port 8080
2025-01-28 23:51:40,396 INFO c.h.h.t.HelmChartContainer - [hivemq-test-hivemq-platform] [hivemq-platform-operator] [61b3e6d7] 23:51:40.394 [main] INFO  i.javaoperatorsdk.operator.Operator - Operator SDK 4.9.7 (commit: 2133d28) built on Wed Nov 20 12:56:20 UTC 2024 starting...
2025-01-28 23:51:40,397 INFO c.h.h.t.HelmChartContainer - [hivemq-test-hivemq-platform] [hivemq-platform-operator] [61b3e6d7] 23:51:40.395 [main] INFO  i.javaoperatorsdk.operator.Operator - Client version: 6.13.4
2025-01-28 23:51:40,397 INFO c.h.h.t.HelmChartContainer - [hivemq-test-hivemq-platform] [hivemq-platform-operator] [61b3e6d7] 23:51:40.396 [Controller Starter for: hivemq-controller] INFO  i.j.operator.processing.Controller - Starting 'hivemq-controller' controller for reconciler: com.hivemq.platform.operator.HiveMQPlatformReconciler, resource: com.hivemq.platform.operator.v1.HiveMQPlatform
2025-01-28 23:51:41,767 INFO c.h.h.t.HelmChartContainer - [K3S] [range_allocator.go:247] "Successfully synced" key="6fb98fd6114a"
2025-01-28 23:51:42,892 INFO c.h.h.t.HelmChartContainer - [hivemq-test-hivemq-platform] [hivemq-platform-operator] [61b3e6d7] 23:51:42.891 [Controller Starter for: hivemq-controller] INFO  i.j.operator.processing.Controller - 'hivemq-controller' controller started
2025-01-28 23:51:42,894 INFO c.h.h.t.HelmChartContainer - [hivemq-test-hivemq-platform] [hivemq-platform-operator] [61b3e6d7] 23:51:42.892 [main] INFO  c.h.p.o.HiveMQPlatformOperatorApplication - HiveMQ Platform Operator 1.7.0-SNAPSHOT started in 6795 ms
2025-01-28 23:51:44,217 INFO c.h.h.t.HelmChartContainer - [POD] hivemq-test-hivemq-platform-operator-6966f96d65-s4q22 [61b3e6d7-cf22-4b91-b76a-bf41ed53580f] in helmadditionalvolumesit-operator was MODIFIED
2025-01-28 23:51:44,222 INFO c.h.h.t.HelmChartContainer - [K3S] [replica_set.go:679] "Finished syncing" kind="ReplicaSet" key="helmadditionalvolumesit-operator/hivemq-test-hivemq-platform-operator-6966f96d65" duration="10.211233ms"
2025-01-28 23:51:44,223 INFO c.h.h.t.HelmChartContainer - [K3S] [replica_set.go:679] "Finished syncing" kind="ReplicaSet" key="helmadditionalvolumesit-operator/hivemq-test-hivemq-platform-operator-6966f96d65" duration="29.435µs"
2025-01-28 23:51:45,931 INFO c.h.h.t.HelmChartContainer - [EVENT] Normal [WaitForFirstConsumer] waiting for first consumer to be created before binding [helmadditionalvolumesit:test-persistent-volume-claim]
2025-01-28 23:51:46,008 DEBUG c.h.h.t.HelmChartContainer - Executing helm command: /bin/helm --kubeconfig /etc/rancher/k3s/k3s.yaml install test-hivemq-platform /charts/hivemq-platform --wait --timeout 5m0s --set image.repository=docker.io/hivemq --set image.tag=4.36.0 --set image.pullPolicy=Never --set nodes.resources.cpu=512m -f /files/additional-volumes-values.yaml --namespace helmadditionalvolumesit
2025-01-28 23:51:46,263 INFO c.h.h.t.HelmChartContainer - [hivemq-test-hivemq-platform] [hivemq-platform-operator] [61b3e6d7] 23:51:46.256 [-373097727-pool-1-thread-1] WARN  i.m.p.PrometheusMeterRegistry - The meter (MeterId{name='operator.sdk.events.received', tags=[tag(action=ADDED),tag(event=ResourceEvent),tag(group=hivemq.com),tag(kind=HiveMQPlatform),tag(name=test-hivemq-platform),tag(namespace=helmadditionalvolumesit),tag(scope=namespace),tag(version=v1)]}) registration has failed: Prometheus requires that all meters with the same name have the same set of tag keys. There is already an existing meter named 'operator.sdk.events.received' containing tag keys [event, group, kind, name, namespace, scope, version]. The meter you are attempting to register has keys [action, event, group, kind, name, namespace, scope, version]. Note that subsequent logs will be logged at debug level.
2025-01-28 23:51:46,836 INFO c.h.h.t.HelmChartContainer - [hivemq-test-hivemq-platform] [hivemq-platform-operator] [61b3e6d7] 23:51:46.835 [pool-6-thread-3] DEBUG c.h.p.o.dependants.PodInfoConfigMap - [helmaddi] Desired PodInfo ConfigMap (1 extensions) (1 enabled)
2025-01-28 23:51:46,838 INFO c.h.h.t.HelmChartContainer - [hivemq-test-hivemq-platform] [hivemq-platform-operator] [61b3e6d7] 23:51:46.835 [pool-6-thread-3] DEBUG c.h.p.o.dependants.PodInfoConfigMap - [helmaddi] Desired PodInfo ConfigMap (metrics port: 9399) (metrics path: /)
2025-01-28 23:51:46,841 INFO c.h.h.t.HelmChartContainer - [hivemq-test-hivemq-platform] [hivemq-platform-operator] [61b3e6d7] 23:51:46.836 [pool-6-thread-3] DEBUG c.h.p.o.dependants.PodInfoConfigMap - [helmaddi] Desired PodInfo ConfigMap (extension state hash: -1817474005)
2025-01-28 23:51:46,841 INFO c.h.h.t.HelmChartContainer - [hivemq-test-hivemq-platform] [hivemq-platform-operator] [61b3e6d7] 23:51:46.839 [pool-6-thread-3] DEBUG c.h.p.o.dependants.PodInfoConfigMap - [helmaddi] Create PodInfo ConfigMap
2025-01-28 23:51:46,870 INFO c.h.h.t.HelmChartContainer - [EVENT] Normal [WaitForFirstConsumer] waiting for first consumer to be created before binding [helmadditionalvolumesit:test-persistent-volume-claim]
2025-01-28 23:51:46,940 INFO c.h.h.t.HelmChartContainer - [hivemq-test-hivemq-platform] [hivemq-platform-operator] [61b3e6d7] 23:51:46.938 [pool-6-thread-5] DEBUG c.h.p.o.dependants.PodRoleResource - [helmaddi] Create Role: Role(apiVersion=rbac.authorization.k8s.io/v1, kind=Role, metadata=ObjectMeta(annotations={meta.helm.sh/release-name=test-hivemq-platform, meta.helm.sh/release-namespace=helmadditionalvolumesit}, creationTimestamp=null, deletionGracePeriodSeconds=null, deletionTimestamp=null, finalizers=[], generateName=null, generation=null, labels={helm.sh/chart=hivemq-platform-0.2.32, app.kubernetes.io/managed-by=Helm, app.kubernetes.io/name=hivemq-platform, hivemq-platform=test-hivemq-platform, app.kubernetes.io/instance=test-hivemq-platform, app.kubernetes.io/version=4.36.0}, managedFields=[], name=hivemq-platform-role-test-hivemq-platform, namespace=helmadditionalvolumesit, ownerReferences=[OwnerReference(apiVersion=hivemq.com/v1, blockOwnerDeletion=null, controller=null, kind=HiveMQPlatform, name=test-hivemq-platform, uid=5706a38a-acb6-4e02-bd0d-f4dcf757466a, additionalProperties={})], resourceVersion=null, selfLink=null, uid=null, additionalProperties={}), rules=[PolicyRule(apiGroups=[], nonResourceURLs=[], resourceNames=[], resources=[pods], verbs=[get, patch, update], additionalProperties={})], additionalProperties={})
2025-01-28 23:51:47,045 INFO c.h.h.t.HelmChartContainer - [hivemq-test-hivemq-platform] [hivemq-platform-operator] [61b3e6d7] 23:51:47.043 [pool-6-thread-7] DEBUG c.h.p.o.d.PodServiceAccountResource - [helmaddi] Desired PodServiceAccountResource (serviceAccountName: hivemq-platform-pod-test-hivemq-platform)
2025-01-28 23:51:47,045 INFO c.h.h.t.HelmChartContainer - [hivemq-test-hivemq-platform] [hivemq-platform-operator] [61b3e6d7] 23:51:47.043 [pool-6-thread-7] DEBUG c.h.p.o.d.PodServiceAccountResource - [helmaddi] Create ServiceAccount 'hivemq-platform-pod-test-hivemq-platform'
2025-01-28 23:51:47,236 INFO c.h.h.t.HelmChartContainer - [hivemq-test-hivemq-platform] [hivemq-platform-operator] [61b3e6d7] 23:51:47.235 [pool-6-thread-10] DEBUG c.h.p.o.d.PodRoleBindingResource - [helmaddi] Create RoleBinding: RoleBinding(apiVersion=rbac.authorization.k8s.io/v1, kind=RoleBinding, metadata=ObjectMeta(annotations={meta.helm.sh/release-name=test-hivemq-platform, meta.helm.sh/release-namespace=helmadditionalvolumesit}, creationTimestamp=null, deletionGracePeriodSeconds=null, deletionTimestamp=null, finalizers=[], generateName=null, generation=null, labels={helm.sh/chart=hivemq-platform-0.2.32, app.kubernetes.io/managed-by=Helm, app.kubernetes.io/name=hivemq-platform, hivemq-platform=test-hivemq-platform, app.kubernetes.io/instance=test-hivemq-platform, app.kubernetes.io/version=4.36.0}, managedFields=[], name=hivemq-platform-role-binding-test-hivemq-platform, namespace=helmadditionalvolumesit, ownerReferences=[OwnerReference(apiVersion=hivemq.com/v1, blockOwnerDeletion=null, controller=null, kind=HiveMQPlatform, name=test-hivemq-platform, uid=5706a38a-acb6-4e02-bd0d-f4dcf757466a, additionalProperties={})], resourceVersion=null, selfLink=null, uid=null, additionalProperties={}), roleRef=RoleRef(apiGroup=rbac.authorization.k8s.io, kind=Role, name=hivemq-platform-role-test-hivemq-platform, additionalProperties={}), subjects=[Subject(apiGroup=null, kind=ServiceAccount, name=hivemq-platform-pod-test-hivemq-platform, namespace=helmadditionalvolumesit, additionalProperties={})], additionalProperties={})
2025-01-28 23:51:47,285 INFO c.h.h.t.HelmChartContainer - [hivemq-test-hivemq-platform] [hivemq-platform-operator] [61b3e6d7] 23:51:47.283 [ReconcilerExecutor-hivemq-controller-53] INFO  c.h.p.o.HiveMQPlatformReconciler - [helmaddi] Reconciling HiveMQ Platform 'test-hivemq-platform' in namespace 'helmadditionalvolumesit'
2025-01-28 23:51:47,285 INFO c.h.h.t.HelmChartContainer - [hivemq-test-hivemq-platform] [hivemq-platform-operator] [61b3e6d7] 23:51:47.284 [ReconcilerExecutor-hivemq-controller-53] DEBUG c.h.p.o.HiveMQPlatformReconciler - [helmaddi] Custom Resource Status CREATED - HiveMQ Platform was created (READY)
2025-01-28 23:51:47,285 INFO c.h.h.t.HelmChartContainer - [hivemq-test-hivemq-platform] [hivemq-platform-operator] [61b3e6d7] 23:51:47.284 [ReconcilerExecutor-hivemq-controller-53] DEBUG c.h.p.o.HiveMQPlatformReconciler - [helmaddi] Custom Resource Spec (replicas: 1) (extensions: 1)
2025-01-28 23:51:47,289 INFO c.h.h.t.HelmChartContainer - [hivemq-test-hivemq-platform] [hivemq-platform-operator] [61b3e6d7] 23:51:47.288 [ReconcilerExecutor-hivemq-controller-53] INFO  c.h.p.o.h.HiveMQPlatformReconcilerBaseHandler - [helmaddi] HiveMQ Platform is starting
2025-01-28 23:51:47,440 INFO c.h.h.t.HelmChartContainer - [hivemq-test-hivemq-platform] [hivemq-platform-operator] [61b3e6d7] 23:51:47.438 [ReconcilerExecutor-hivemq-controller-53] DEBUG c.h.p.operator.event.EventSender - [helmaddi] Creating K8s event hivemq-platform-starting: [Start] HiveMQ Platform is starting
2025-01-28 23:51:47,486 INFO c.h.h.t.HelmChartContainer - [EVENT] Normal [Start] HiveMQ Platform is starting [helmadditionalvolumesit:test-hivemq-platform]
2025-01-28 23:51:47,491 INFO c.h.h.t.HelmChartContainer - [hivemq-test-hivemq-platform] [hivemq-platform-operator] [61b3e6d7] 23:51:47.489 [ReconcilerExecutor-hivemq-controller-53] INFO  c.h.p.o.h.AbstractHiveMQReconcilerStateHandler - [helmaddi] Update HiveMQ Platform Status (CREATED [READY] -> STARTING [READY]): HiveMQ Platform is starting
2025-01-28 23:51:47,546 DEBUG com.hivemq.helmcharts.util.K8sUtil - Comparing actual state 'STARTING' and waiting for 'RUNNING'
2025-01-28 23:51:57,595 INFO c.h.h.t.HelmChartContainer - [hivemq-test-hivemq-platform] [hivemq-platform-operator] [61b3e6d7] 23:51:57.590 [pool-6-thread-12] DEBUG c.h.p.o.d.PlatformServiceResource - [helmaddi] Desired Platform services (3 services)
2025-01-28 23:51:57,595 INFO c.h.h.t.HelmChartContainer - [hivemq-test-hivemq-platform] [hivemq-platform-operator] [61b3e6d7] 23:51:57.592 [pool-6-thread-13] DEBUG c.h.p.o.dependants.PodInfoConfigMap - [helmaddi] Desired PodInfo ConfigMap (1 extensions) (1 enabled)
2025-01-28 23:51:57,595 INFO c.h.h.t.HelmChartContainer - [hivemq-test-hivemq-platform] [hivemq-platform-operator] [61b3e6d7] 23:51:57.592 [pool-6-thread-13] DEBUG c.h.p.o.dependants.PodInfoConfigMap - [helmaddi] Desired PodInfo ConfigMap (metrics port: 9399) (metrics path: /)
2025-01-28 23:51:57,595 INFO c.h.h.t.HelmChartContainer - [hivemq-test-hivemq-platform] [hivemq-platform-operator] [61b3e6d7] 23:51:57.592 [pool-6-thread-13] DEBUG c.h.p.o.dependants.PodInfoConfigMap - [helmaddi] Desired PodInfo ConfigMap (extension state hash: -1817474005)
2025-01-28 23:51:57,598 INFO c.h.h.t.HelmChartContainer - [hivemq-test-hivemq-platform] [hivemq-platform-operator] [61b3e6d7] 23:51:57.598 [pool-6-thread-17] DEBUG c.h.p.o.d.PodServiceAccountResource - [helmaddi] Desired PodServiceAccountResource (serviceAccountName: hivemq-platform-pod-test-hivemq-platform)
2025-01-28 23:51:57,601 INFO c.h.h.t.HelmChartContainer - [hivemq-test-hivemq-platform] [hivemq-platform-operator] [61b3e6d7] 23:51:57.600 [pool-6-thread-13] DEBUG c.h.p.o.dependants.PodInfoConfigMap - [helmaddi] Update PodInfo ConfigMap
2025-01-28 23:51:57,697 INFO c.h.h.t.HelmChartContainer - [K3S] [alloc.go:330] "allocated clusterIPs" service="helmadditionalvolumesit/hivemq-test-hivemq-platform-mqtt-1883" clusterIPs={"IPv4":"10.43.104.197"}
2025-01-28 23:51:57,710 INFO c.h.h.t.HelmChartContainer - [K3S] [alloc.go:330] "allocated clusterIPs" service="helmadditionalvolumesit/hivemq-test-hivemq-platform-metrics-9399" clusterIPs={"IPv4":"10.43.136.132"}
2025-01-28 23:51:57,790 INFO c.h.h.t.HelmChartContainer - [K3S] [alloc.go:330] "allocated clusterIPs" service="helmadditionalvolumesit/hivemq-test-hivemq-platform-cc-8080" clusterIPs={"IPv4":"10.43.238.16"}
2025-01-28 23:51:57,800 INFO c.h.h.t.HelmChartContainer - [hivemq-test-hivemq-platform] [hivemq-platform-operator] [61b3e6d7] 23:51:57.799 [pool-6-thread-20] DEBUG c.h.p.o.d.StatefulSetResource - [helmaddi] Desired StatefulSet (1 replicas) for status STARTING (READY)
2025-01-28 23:51:57,890 INFO c.h.h.t.HelmChartContainer - [hivemq-test-hivemq-platform] [hivemq-platform-operator] [61b3e6d7] 23:51:57.889 [pool-6-thread-20] DEBUG c.h.p.o.d.StatefulSetResource - [helmaddi] Create StatefulSet
2025-01-28 23:51:57,924 INFO c.h.h.t.HelmChartContainer - [POD] test-hivemq-platform-0 [d0837bc2-0bfe-4663-829b-bccc5faf3b02] in helmadditionalvolumesit was ADDED
2025-01-28 23:51:57,924 INFO c.h.h.t.HelmChartContainer - [EVENT] Normal [SuccessfulCreate] create Pod test-hivemq-platform-0 in StatefulSet test-hivemq-platform successful [helmadditionalvolumesit:test-hivemq-platform]
2025-01-28 23:51:57,932 INFO c.h.h.t.HelmChartContainer - [EVENT] Normal [ExternalProvisioning] Waiting for a volume to be created either by the external provisioner 'rancher.io/local-path' or manually by the system administrator. If volume creation is delayed, please verify that the provisioner is running and correctly registered. [helmadditionalvolumesit:test-persistent-volume-claim]
2025-01-28 23:51:57,935 INFO c.h.h.t.HelmChartContainer - [EVENT] Normal [Provisioning] External provisioner is provisioning volume for claim "helmadditionalvolumesit/test-persistent-volume-claim" [helmadditionalvolumesit:test-persistent-volume-claim]
2025-01-28 23:51:57,940 INFO c.h.h.t.HelmChartContainer - [POD] helper-pod-create-pvc-dfaa1389-3154-4e5c-97f6-d4df2dfdd73a [13043282-2106-498c-8c8b-e9e3320458df] in kube-system was ADDED
2025-01-28 23:51:57,947 INFO c.h.h.t.HelmChartContainer - [POD] helper-pod-create-pvc-dfaa1389-3154-4e5c-97f6-d4df2dfdd73a [13043282-2106-498c-8c8b-e9e3320458df] in kube-system was MODIFIED
2025-01-28 23:51:57,994 INFO c.h.h.t.HelmChartContainer - [hivemq-test-hivemq-platform] [hivemq-platform-operator] [61b3e6d7] 23:51:57.984 [ReconcilerExecutor-hivemq-controller-64] INFO  c.h.p.o.HiveMQPlatformReconciler - [helmaddi] Reconciling HiveMQ Platform 'test-hivemq-platform' in namespace 'helmadditionalvolumesit'
2025-01-28 23:51:57,995 INFO c.h.h.t.HelmChartContainer - [hivemq-test-hivemq-platform] [hivemq-platform-operator] [61b3e6d7] 23:51:57.984 [ReconcilerExecutor-hivemq-controller-64] DEBUG c.h.p.o.HiveMQPlatformReconciler - [helmaddi] Custom Resource Status STARTING - HiveMQ Platform is starting (READY)
2025-01-28 23:51:57,995 INFO c.h.h.t.HelmChartContainer - [hivemq-test-hivemq-platform] [hivemq-platform-operator] [61b3e6d7] 23:51:57.984 [ReconcilerExecutor-hivemq-controller-64] DEBUG c.h.p.o.HiveMQPlatformReconciler - [helmaddi] Custom Resource Spec (replicas: 1) (extensions: 1)
2025-01-28 23:51:58,023 INFO c.h.h.t.HelmChartContainer - [K3S] [reconciler_common.go:251] "operationExecutor.VerifyControllerAttachedVolume started for volume \"data\" (UniqueName: \"kubernetes.io/host-path/13043282-2106-498c-8c8b-e9e3320458df-data\") pod \"helper-pod-create-pvc-dfaa1389-3154-4e5c-97f6-d4df2dfdd73a\" (UID: \"13043282-2106-498c-8c8b-e9e3320458df\") " pod="kube-system/helper-pod-create-pvc-dfaa1389-3154-4e5c-97f6-d4df2dfdd73a"
2025-01-28 23:51:58,023 INFO c.h.h.t.HelmChartContainer - [K3S] [reconciler_common.go:251] "operationExecutor.VerifyControllerAttachedVolume started for volume \"script\" (UniqueName: \"kubernetes.io/configmap/13043282-2106-498c-8c8b-e9e3320458df-script\") pod \"helper-pod-create-pvc-dfaa1389-3154-4e5c-97f6-d4df2dfdd73a\" (UID: \"13043282-2106-498c-8c8b-e9e3320458df\") " pod="kube-system/helper-pod-create-pvc-dfaa1389-3154-4e5c-97f6-d4df2dfdd73a"
2025-01-28 23:51:58,023 INFO c.h.h.t.HelmChartContainer - [K3S] [reconciler_common.go:251] "operationExecutor.VerifyControllerAttachedVolume started for volume \"kube-api-access-sj8x2\" (UniqueName: \"kubernetes.io/projected/13043282-2106-498c-8c8b-e9e3320458df-kube-api-access-sj8x2\") pod \"helper-pod-create-pvc-dfaa1389-3154-4e5c-97f6-d4df2dfdd73a\" (UID: \"13043282-2106-498c-8c8b-e9e3320458df\") " pod="kube-system/helper-pod-create-pvc-dfaa1389-3154-4e5c-97f6-d4df2dfdd73a"
2025-01-28 23:51:58,089 INFO c.h.h.t.HelmChartContainer - [hivemq-test-hivemq-platform] [hivemq-platform-operator] [61b3e6d7] 23:51:58.087 [ReconcilerExecutor-hivemq-controller-64] DEBUG c.h.p.o.HiveMQPlatformReconciler - [helmaddi] StatefulSet Status (revision: test-hivemq-platform-5d4d897885, replicas: 0, available: 0, ready: 0, current: 0, updated: 0)
2025-01-28 23:51:58,089 INFO c.h.h.t.HelmChartContainer - [hivemq-test-hivemq-platform] [hivemq-platform-operator] [61b3e6d7] 23:51:58.087 [ReconcilerExecutor-hivemq-controller-64] DEBUG c.h.p.o.HiveMQPlatformReconciler - [helmaddi] StatefulSet Spec (replicas: 1, init containers: 1, containers: 1, volumes: 7)
2025-01-28 23:51:58,099 INFO c.h.h.t.HelmChartContainer - [hivemq-test-hivemq-platform] [hivemq-platform-operator] [61b3e6d7] 23:51:58.098 [ReconcilerExecutor-hivemq-controller-64] DEBUG c.h.p.o.h.HiveMQPlatformReconcilerErrorHandler - [helmaddi] Pod 'test-hivemq-platform-0' phase Pending
2025-01-28 23:51:58,100 INFO c.h.h.t.HelmChartContainer - [hivemq-test-hivemq-platform] [hivemq-platform-operator] [61b3e6d7] 23:51:58.099 [ReconcilerExecutor-hivemq-controller-64] INFO  c.h.p.o.h.HiveMQPlatformReconcilerBaseHandler - [helmaddi] HiveMQ Platform is starting, 0 of 1 replicas are ready
2025-01-28 23:51:58,189 INFO c.h.h.t.HelmChartContainer - [hivemq-test-hivemq-platform] [hivemq-platform-operator] [61b3e6d7] 23:51:58.185 [pool-6-thread-22] DEBUG c.h.p.o.d.PlatformServiceResource - [helmaddi] Desired Platform services (3 services)
2025-01-28 23:51:58,192 INFO c.h.h.t.HelmChartContainer - [hivemq-test-hivemq-platform] [hivemq-platform-operator] [61b3e6d7] 23:51:58.189 [pool-6-thread-23] DEBUG c.h.p.o.dependants.PodInfoConfigMap - [helmaddi] Desired PodInfo ConfigMap (1 extensions) (1 enabled)
2025-01-28 23:51:58,192 INFO c.h.h.t.HelmChartContainer - [hivemq-test-hivemq-platform] [hivemq-platform-operator] [61b3e6d7] 23:51:58.189 [pool-6-thread-23] DEBUG c.h.p.o.dependants.PodInfoConfigMap - [helmaddi] Desired PodInfo ConfigMap (metrics port: 9399) (metrics path: /)
2025-01-28 23:51:58,192 INFO c.h.h.t.HelmChartContainer - [hivemq-test-hivemq-platform] [hivemq-platform-operator] [61b3e6d7] 23:51:58.189 [pool-6-thread-23] DEBUG c.h.p.o.dependants.PodInfoConfigMap - [helmaddi] Desired PodInfo ConfigMap (extension state hash: -1817474005)
2025-01-28 23:51:58,197 INFO c.h.h.t.HelmChartContainer - [hivemq-test-hivemq-platform] [hivemq-platform-operator] [61b3e6d7] 23:51:58.196 [pool-6-thread-27] DEBUG c.h.p.o.d.PodServiceAccountResource - [helmaddi] Desired PodServiceAccountResource (serviceAccountName: hivemq-platform-pod-test-hivemq-platform)
2025-01-28 23:51:58,286 INFO c.h.h.t.HelmChartContainer - [hivemq-test-hivemq-platform] [hivemq-platform-operator] [61b3e6d7] 23:51:58.284 [pool-6-thread-30] DEBUG c.h.p.o.d.StatefulSetResource - [helmaddi] Desired StatefulSet (1 replicas) for status STARTING (READY)
2025-01-28 23:51:58,299 INFO c.h.h.t.HelmChartContainer - [hivemq-test-hivemq-platform] [hivemq-platform-operator] [61b3e6d7] 23:51:58.297 [ReconcilerExecutor-hivemq-controller-75] INFO  c.h.p.o.HiveMQPlatformReconciler - [helmaddi] Reconciling HiveMQ Platform 'test-hivemq-platform' in namespace 'helmadditionalvolumesit'
2025-01-28 23:51:58,299 INFO c.h.h.t.HelmChartContainer - [hivemq-test-hivemq-platform] [hivemq-platform-operator] [61b3e6d7] 23:51:58.298 [ReconcilerExecutor-hivemq-controller-75] DEBUG c.h.p.o.HiveMQPlatformReconciler - [helmaddi] Custom Resource Status STARTING - HiveMQ Platform is starting (READY)
2025-01-28 23:51:58,299 INFO c.h.h.t.HelmChartContainer - [hivemq-test-hivemq-platform] [hivemq-platform-operator] [61b3e6d7] 23:51:58.298 [ReconcilerExecutor-hivemq-controller-75] DEBUG c.h.p.o.HiveMQPlatformReconciler - [helmaddi] Custom Resource Spec (replicas: 1) (extensions: 1)
2025-01-28 23:51:58,301 INFO c.h.h.t.HelmChartContainer - [hivemq-test-hivemq-platform] [hivemq-platform-operator] [61b3e6d7] 23:51:58.300 [ReconcilerExecutor-hivemq-controller-75] DEBUG c.h.p.o.HiveMQPlatformReconciler - [helmaddi] StatefulSet Status (revision: test-hivemq-platform-5d4d897885, replicas: 1, available: 0, ready: 0, current: 1, updated: 1)
2025-01-28 23:51:58,302 INFO c.h.h.t.HelmChartContainer - [hivemq-test-hivemq-platform] [hivemq-platform-operator] [61b3e6d7] 23:51:58.300 [ReconcilerExecutor-hivemq-controller-75] DEBUG c.h.p.o.HiveMQPlatformReconciler - [helmaddi] StatefulSet Spec (replicas: 1, init containers: 1, containers: 1, volumes: 7)
2025-01-28 23:51:58,385 INFO c.h.h.t.HelmChartContainer - [hivemq-test-hivemq-platform] [hivemq-platform-operator] [61b3e6d7] 23:51:58.382 [ReconcilerExecutor-hivemq-controller-75] DEBUG c.h.p.o.h.HiveMQPlatformReconcilerErrorHandler - [helmaddi] Pod 'test-hivemq-platform-0' phase Pending
2025-01-28 23:51:58,386 INFO c.h.h.t.HelmChartContainer - [hivemq-test-hivemq-platform] [hivemq-platform-operator] [61b3e6d7] 23:51:58.384 [ReconcilerExecutor-hivemq-controller-75] INFO  c.h.p.o.h.HiveMQPlatformReconcilerBaseHandler - [helmaddi] HiveMQ Platform is starting, 0 of 1 replicas are ready
2025-01-28 23:51:59,254 INFO c.h.h.t.HelmChartContainer - [POD] helper-pod-create-pvc-dfaa1389-3154-4e5c-97f6-d4df2dfdd73a [13043282-2106-498c-8c8b-e9e3320458df] in kube-system was MODIFIED
2025-01-28 23:52:00,316 INFO c.h.h.t.HelmChartContainer - [POD] helper-pod-create-pvc-dfaa1389-3154-4e5c-97f6-d4df2dfdd73a [13043282-2106-498c-8c8b-e9e3320458df] in kube-system was MODIFIED
2025-01-28 23:52:00,435 INFO c.h.h.t.HelmChartContainer - [K3S] [reconciler_common.go:162] "operationExecutor.UnmountVolume started for volume \"data\" (UniqueName: \"kubernetes.io/host-path/13043282-2106-498c-8c8b-e9e3320458df-data\") pod \"13043282-2106-498c-8c8b-e9e3320458df\" (UID: \"13043282-2106-498c-8c8b-e9e3320458df\") "
2025-01-28 23:52:00,436 INFO c.h.h.t.HelmChartContainer - [K3S] [reconciler_common.go:162] "operationExecutor.UnmountVolume started for volume \"kube-api-access-sj8x2\" (UniqueName: \"kubernetes.io/projected/13043282-2106-498c-8c8b-e9e3320458df-kube-api-access-sj8x2\") pod \"13043282-2106-498c-8c8b-e9e3320458df\" (UID: \"13043282-2106-498c-8c8b-e9e3320458df\") "
2025-01-28 23:52:00,436 INFO c.h.h.t.HelmChartContainer - [K3S] [reconciler_common.go:162] "operationExecutor.UnmountVolume started for volume \"script\" (UniqueName: \"kubernetes.io/configmap/13043282-2106-498c-8c8b-e9e3320458df-script\") pod \"13043282-2106-498c-8c8b-e9e3320458df\" (UID: \"13043282-2106-498c-8c8b-e9e3320458df\") "
2025-01-28 23:52:00,536 INFO c.h.h.t.HelmChartContainer - [K3S] [reconciler_common.go:299] "Volume detached for volume \"data\" (UniqueName: \"kubernetes.io/host-path/13043282-2106-498c-8c8b-e9e3320458df-data\") on node \"6fb98fd6114a\" DevicePath \"\""
2025-01-28 23:52:00,536 INFO c.h.h.t.HelmChartContainer - [K3S] [reconciler_common.go:299] "Volume detached for volume \"script\" (UniqueName: \"kubernetes.io/configmap/13043282-2106-498c-8c8b-e9e3320458df-script\") on node \"6fb98fd6114a\" DevicePath \"\""
2025-01-28 23:52:00,536 INFO c.h.h.t.HelmChartContainer - [K3S] [reconciler_common.go:299] "Volume detached for volume \"kube-api-access-sj8x2\" (UniqueName: \"kubernetes.io/projected/13043282-2106-498c-8c8b-e9e3320458df-kube-api-access-sj8x2\") on node \"6fb98fd6114a\" DevicePath \"\""
2025-01-28 23:52:00,966 INFO c.h.h.t.HelmChartContainer - [POD] helper-pod-create-pvc-dfaa1389-3154-4e5c-97f6-d4df2dfdd73a [13043282-2106-498c-8c8b-e9e3320458df] in kube-system was MODIFIED
2025-01-28 23:52:00,967 INFO c.h.h.t.HelmChartContainer - [POD] helper-pod-create-pvc-dfaa1389-3154-4e5c-97f6-d4df2dfdd73a [13043282-2106-498c-8c8b-e9e3320458df] in kube-system was DELETED
2025-01-28 23:52:00,985 INFO c.h.h.t.HelmChartContainer - [EVENT] Normal [ProvisioningSucceeded] Successfully provisioned volume pvc-dfaa1389-3154-4e5c-97f6-d4df2dfdd73a [helmadditionalvolumesit:test-persistent-volume-claim]
2025-01-28 23:52:01,151 INFO c.h.h.t.HelmChartContainer - [K3S] [kubelet_volumes.go:163] "Cleaned up orphaned pod volumes dir" podUID="13043282-2106-498c-8c8b-e9e3320458df" path="/var/lib/kubelet/pods/13043282-2106-498c-8c8b-e9e3320458df/volumes"
2025-01-28 23:52:01,250 INFO c.h.h.t.HelmChartContainer - [K3S] [scope.go:117] "RemoveContainer" containerID="1456bef324bbb308461147cb274122a2e4d401165d4c97035b8f1efbd9132561"
2025-01-28 23:52:01,933 INFO c.h.h.t.HelmChartContainer - [EVENT] Normal [Scheduled] Successfully assigned helmadditionalvolumesit/test-hivemq-platform-0 to 6fb98fd6114a [helmadditionalvolumesit:test-hivemq-platform-0]
2025-01-28 23:52:01,934 INFO c.h.h.t.HelmChartContainer - [K3S] [memory_manager.go:355] "RemoveStaleState removing state" podUID="13043282-2106-498c-8c8b-e9e3320458df" containerName="helper-pod"
2025-01-28 23:52:01,937 INFO c.h.h.t.HelmChartContainer - [POD] test-hivemq-platform-0 [d0837bc2-0bfe-4663-829b-bccc5faf3b02] in helmadditionalvolumesit was MODIFIED
2025-01-28 23:52:01,948 INFO c.h.h.t.HelmChartContainer - [POD] test-hivemq-platform-0 [d0837bc2-0bfe-4663-829b-bccc5faf3b02] in helmadditionalvolumesit was MODIFIED
2025-01-28 23:52:01,955 INFO c.h.h.t.HelmChartContainer - [hivemq-test-hivemq-platform] [hivemq-platform-operator] [61b3e6d7] 23:52:01.948 [pool-6-thread-32] DEBUG c.h.p.o.d.PlatformServiceResource - [helmaddi] Desired Platform services (3 services)
2025-01-28 23:52:01,956 INFO c.h.h.t.HelmChartContainer - [hivemq-test-hivemq-platform] [hivemq-platform-operator] [61b3e6d7] 23:52:01.952 [pool-6-thread-33] DEBUG c.h.p.o.dependants.PodInfoConfigMap - [helmaddi] Desired PodInfo ConfigMap (1 extensions) (1 enabled)
2025-01-28 23:52:01,956 INFO c.h.h.t.HelmChartContainer - [hivemq-test-hivemq-platform] [hivemq-platform-operator] [61b3e6d7] 23:52:01.953 [pool-6-thread-33] DEBUG c.h.p.o.dependants.PodInfoConfigMap - [helmaddi] Desired PodInfo ConfigMap (metrics port: 9399) (metrics path: /)
2025-01-28 23:52:01,958 INFO c.h.h.t.HelmChartContainer - [hivemq-test-hivemq-platform] [hivemq-platform-operator] [61b3e6d7] 23:52:01.955 [pool-6-thread-33] DEBUG c.h.p.o.dependants.PodInfoConfigMap - [helmaddi] Desired PodInfo ConfigMap (extension state hash: -1817474005)
2025-01-28 23:52:01,987 INFO c.h.h.t.HelmChartContainer - [hivemq-test-hivemq-platform] [hivemq-platform-operator] [61b3e6d7] 23:52:01.985 [pool-6-thread-37] DEBUG c.h.p.o.d.PodServiceAccountResource - [helmaddi] Desired PodServiceAccountResource (serviceAccountName: hivemq-platform-pod-test-hivemq-platform)
2025-01-28 23:52:02,041 INFO c.h.h.t.HelmChartContainer - [hivemq-test-hivemq-platform] [hivemq-platform-operator] [61b3e6d7] 23:52:02.040 [pool-6-thread-40] DEBUG c.h.p.o.d.StatefulSetResource - [helmaddi] Desired StatefulSet (1 replicas) for status STARTING (READY)
2025-01-28 23:52:02,048 INFO c.h.h.t.HelmChartContainer - [K3S] [reconciler_common.go:251] "operationExecutor.VerifyControllerAttachedVolume started for volume \"test-empty-dir-volume\" (UniqueName: \"kubernetes.io/empty-dir/d0837bc2-0bfe-4663-829b-bccc5faf3b02-test-empty-dir-volume\") pod \"test-hivemq-platform-0\" (UID: \"d0837bc2-0bfe-4663-829b-bccc5faf3b02\") " pod="helmadditionalvolumesit/test-hivemq-platform-0"
2025-01-28 23:52:02,048 INFO c.h.h.t.HelmChartContainer - [K3S] [reconciler_common.go:251] "operationExecutor.VerifyControllerAttachedVolume started for volume \"pvc-dfaa1389-3154-4e5c-97f6-d4df2dfdd73a\" (UniqueName: \"kubernetes.io/local-volume/pvc-dfaa1389-3154-4e5c-97f6-d4df2dfdd73a\") pod \"test-hivemq-platform-0\" (UID: \"d0837bc2-0bfe-4663-829b-bccc5faf3b02\") " pod="helmadditionalvolumesit/test-hivemq-platform-0"
2025-01-28 23:52:02,048 INFO c.h.h.t.HelmChartContainer - [K3S] [reconciler_common.go:251] "operationExecutor.VerifyControllerAttachedVolume started for volume \"broker-configuration\" (UniqueName: \"kubernetes.io/configmap/d0837bc2-0bfe-4663-829b-bccc5faf3b02-broker-configuration\") pod \"test-hivemq-platform-0\" (UID: \"d0837bc2-0bfe-4663-829b-bccc5faf3b02\") " pod="helmadditionalvolumesit/test-hivemq-platform-0"
2025-01-28 23:52:02,048 INFO c.h.h.t.HelmChartContainer - [K3S] [reconciler_common.go:251] "operationExecutor.VerifyControllerAttachedVolume started for volume \"test-mount-volume\" (UniqueName: \"kubernetes.io/configmap/d0837bc2-0bfe-4663-829b-bccc5faf3b02-test-mount-volume\") pod \"test-hivemq-platform-0\" (UID: \"d0837bc2-0bfe-4663-829b-bccc5faf3b02\") " pod="helmadditionalvolumesit/test-hivemq-platform-0"
2025-01-28 23:52:02,048 INFO c.h.h.t.HelmChartContainer - [K3S] [reconciler_common.go:251] "operationExecutor.VerifyControllerAttachedVolume started for volume \"kube-api-access-gh72w\" (UniqueName: \"kubernetes.io/projected/d0837bc2-0bfe-4663-829b-bccc5faf3b02-kube-api-access-gh72w\") pod \"test-hivemq-platform-0\" (UID: \"d0837bc2-0bfe-4663-829b-bccc5faf3b02\") " pod="helmadditionalvolumesit/test-hivemq-platform-0"
2025-01-28 23:52:02,048 INFO c.h.h.t.HelmChartContainer - [hivemq-test-hivemq-platform] [hivemq-platform-operator] [61b3e6d7] 23:52:02.046 [ReconcilerExecutor-hivemq-controller-86] INFO  c.h.p.o.HiveMQPlatformReconciler - [helmaddi] Reconciling HiveMQ Platform 'test-hivemq-platform' in namespace 'helmadditionalvolumesit'
2025-01-28 23:52:02,048 INFO c.h.h.t.HelmChartContainer - [hivemq-test-hivemq-platform] [hivemq-platform-operator] [61b3e6d7] 23:52:02.046 [ReconcilerExecutor-hivemq-controller-86] DEBUG c.h.p.o.HiveMQPlatformReconciler - [helmaddi] Custom Resource Status STARTING - HiveMQ Platform is starting (READY)
2025-01-28 23:52:02,048 INFO c.h.h.t.HelmChartContainer - [hivemq-test-hivemq-platform] [hivemq-platform-operator] [61b3e6d7] 23:52:02.046 [ReconcilerExecutor-hivemq-controller-86] DEBUG c.h.p.o.HiveMQPlatformReconciler - [helmaddi] Custom Resource Spec (replicas: 1) (extensions: 1)
2025-01-28 23:52:02,048 INFO c.h.h.t.HelmChartContainer - [K3S] [reconciler_common.go:251] "operationExecutor.VerifyControllerAttachedVolume started for volume \"test-secret-volume\" (UniqueName: \"kubernetes.io/secret/d0837bc2-0bfe-4663-829b-bccc5faf3b02-test-secret-volume\") pod \"test-hivemq-platform-0\" (UID: \"d0837bc2-0bfe-4663-829b-bccc5faf3b02\") " pod="helmadditionalvolumesit/test-hivemq-platform-0"
2025-01-28 23:52:02,048 INFO c.h.h.t.HelmChartContainer - [K3S] [reconciler_common.go:251] "operationExecutor.VerifyControllerAttachedVolume started for volume \"pod-info\" (UniqueName: \"kubernetes.io/configmap/d0837bc2-0bfe-4663-829b-bccc5faf3b02-pod-info\") pod \"test-hivemq-platform-0\" (UID: \"d0837bc2-0bfe-4663-829b-bccc5faf3b02\") " pod="helmadditionalvolumesit/test-hivemq-platform-0"
2025-01-28 23:52:02,048 INFO c.h.h.t.HelmChartContainer - [K3S] [reconciler_common.go:251] "operationExecutor.VerifyControllerAttachedVolume started for volume \"operator-init\" (UniqueName: \"kubernetes.io/empty-dir/d0837bc2-0bfe-4663-829b-bccc5faf3b02-operator-init\") pod \"test-hivemq-platform-0\" (UID: \"d0837bc2-0bfe-4663-829b-bccc5faf3b02\") " pod="helmadditionalvolumesit/test-hivemq-platform-0"
2025-01-28 23:52:02,082 INFO c.h.h.t.HelmChartContainer - [hivemq-test-hivemq-platform] [hivemq-platform-operator] [61b3e6d7] 23:52:02.048 [ReconcilerExecutor-hivemq-controller-86] DEBUG c.h.p.o.HiveMQPlatformReconciler - [helmaddi] StatefulSet Status (revision: test-hivemq-platform-5d4d897885, replicas: 1, available: 0, ready: 0, current: 1, updated: 1)
2025-01-28 23:52:02,082 INFO c.h.h.t.HelmChartContainer - [hivemq-test-hivemq-platform] [hivemq-platform-operator] [61b3e6d7] 23:52:02.081 [ReconcilerExecutor-hivemq-controller-86] DEBUG c.h.p.o.HiveMQPlatformReconciler - [helmaddi] StatefulSet Spec (replicas: 1, init containers: 1, containers: 1, volumes: 7)
2025-01-28 23:52:02,088 INFO c.h.h.t.HelmChartContainer - [hivemq-test-hivemq-platform] [hivemq-platform-operator] [61b3e6d7] 23:52:02.088 [ReconcilerExecutor-hivemq-controller-86] DEBUG c.h.p.o.h.HiveMQPlatformReconcilerErrorHandler - [helmaddi] Pod 'test-hivemq-platform-0' phase Pending
2025-01-28 23:52:02,135 INFO c.h.h.t.HelmChartContainer - [hivemq-test-hivemq-platform] [hivemq-platform-operator] [61b3e6d7] 23:52:02.132 [ReconcilerExecutor-hivemq-controller-86] DEBUG c.h.p.o.h.HiveMQPlatformReconcilerErrorHandler - [helmaddi] Pod 'test-hivemq-platform-0' condition 'PodReadyToStartContainers': False
2025-01-28 23:52:02,136 INFO c.h.h.t.HelmChartContainer - [hivemq-test-hivemq-platform] [hivemq-platform-operator] [61b3e6d7] 23:52:02.133 [ReconcilerExecutor-hivemq-controller-86] DEBUG c.h.p.o.h.HiveMQPlatformReconcilerErrorHandler - [helmaddi] Pod 'test-hivemq-platform-0' condition 'Initialized': False
2025-01-28 23:52:02,136 INFO c.h.h.t.HelmChartContainer - [hivemq-test-hivemq-platform] [hivemq-platform-operator] [61b3e6d7] 23:52:02.133 [ReconcilerExecutor-hivemq-controller-86] DEBUG c.h.p.o.h.HiveMQPlatformReconcilerErrorHandler - [helmaddi] Pod 'test-hivemq-platform-0' condition 'Ready': False
2025-01-28 23:52:02,136 INFO c.h.h.t.HelmChartContainer - [hivemq-test-hivemq-platform] [hivemq-platform-operator] [61b3e6d7] 23:52:02.133 [ReconcilerExecutor-hivemq-controller-86] DEBUG c.h.p.o.h.HiveMQPlatformReconcilerErrorHandler - [helmaddi] Pod 'test-hivemq-platform-0' condition 'ContainersReady': False
2025-01-28 23:52:02,136 INFO c.h.h.t.HelmChartContainer - [hivemq-test-hivemq-platform] [hivemq-platform-operator] [61b3e6d7] 23:52:02.133 [ReconcilerExecutor-hivemq-controller-86] DEBUG c.h.p.o.h.HiveMQPlatformReconcilerErrorHandler - [helmaddi] Pod 'test-hivemq-platform-0' condition 'PodScheduled': True
2025-01-28 23:52:02,136 INFO c.h.h.t.HelmChartContainer - [hivemq-test-hivemq-platform] [hivemq-platform-operator] [61b3e6d7] 23:52:02.133 [ReconcilerExecutor-hivemq-controller-86] DEBUG c.h.p.o.h.HiveMQPlatformReconcilerErrorHandler - [helmaddi] Pod 'test-hivemq-platform-0' containerStatus 'hivemq' (started: false) (ready: false) (waiting: [PodInitializing] null)
2025-01-28 23:52:02,137 INFO c.h.h.t.HelmChartContainer - [hivemq-test-hivemq-platform] [hivemq-platform-operator] [61b3e6d7] 23:52:02.135 [ReconcilerExecutor-hivemq-controller-86] INFO  c.h.p.o.h.HiveMQPlatformReconcilerBaseHandler - [helmaddi] HiveMQ Platform is starting, 0 of 1 replicas are ready
2025-01-28 23:52:02,143 INFO c.h.h.t.HelmChartContainer - [hivemq-test-hivemq-platform] [hivemq-platform-operator] [61b3e6d7] 23:52:02.141 [pool-6-thread-42] DEBUG c.h.p.o.d.PlatformServiceResource - [helmaddi] Desired Platform services (3 services)
2025-01-28 23:52:02,145 INFO c.h.h.t.HelmChartContainer - [hivemq-test-hivemq-platform] [hivemq-platform-operator] [61b3e6d7] 23:52:02.142 [pool-6-thread-43] DEBUG c.h.p.o.dependants.PodInfoConfigMap - [helmaddi] Desired PodInfo ConfigMap (1 extensions) (1 enabled)
2025-01-28 23:52:02,148 INFO c.h.h.t.HelmChartContainer - [hivemq-test-hivemq-platform] [hivemq-platform-operator] [61b3e6d7] 23:52:02.142 [pool-6-thread-43] DEBUG c.h.p.o.dependants.PodInfoConfigMap - [helmaddi] Desired PodInfo ConfigMap (metrics port: 9399) (metrics path: /)
2025-01-28 23:52:02,148 INFO c.h.h.t.HelmChartContainer - [hivemq-test-hivemq-platform] [hivemq-platform-operator] [61b3e6d7] 23:52:02.142 [pool-6-thread-43] DEBUG c.h.p.o.dependants.PodInfoConfigMap - [helmaddi] Desired PodInfo ConfigMap (extension state hash: -1817474005)
2025-01-28 23:52:02,150 INFO c.h.h.t.HelmChartContainer - [hivemq-test-hivemq-platform] [hivemq-platform-operator] [61b3e6d7] 23:52:02.145 [pool-6-thread-47] DEBUG c.h.p.o.d.PodServiceAccountResource - [helmaddi] Desired PodServiceAccountResource (serviceAccountName: hivemq-platform-pod-test-hivemq-platform)
2025-01-28 23:52:02,185 INFO c.h.h.t.HelmChartContainer - [hivemq-test-hivemq-platform] [hivemq-platform-operator] [61b3e6d7] 23:52:02.184 [pool-6-thread-50] DEBUG c.h.p.o.d.StatefulSetResource - [helmaddi] Desired StatefulSet (1 replicas) for status STARTING (READY)
2025-01-28 23:52:02,235 INFO c.h.h.t.HelmChartContainer - [hivemq-test-hivemq-platform] [hivemq-platform-operator] [61b3e6d7] 23:52:02.233 [ReconcilerExecutor-hivemq-controller-97] INFO  c.h.p.o.HiveMQPlatformReconciler - [helmaddi] Reconciling HiveMQ Platform 'test-hivemq-platform' in namespace 'helmadditionalvolumesit'
2025-01-28 23:52:02,236 INFO c.h.h.t.HelmChartContainer - [hivemq-test-hivemq-platform] [hivemq-platform-operator] [61b3e6d7] 23:52:02.234 [ReconcilerExecutor-hivemq-controller-97] DEBUG c.h.p.o.HiveMQPlatformReconciler - [helmaddi] Custom Resource Status STARTING - HiveMQ Platform is starting (READY)
2025-01-28 23:52:02,236 INFO c.h.h.t.HelmChartContainer - [hivemq-test-hivemq-platform] [hivemq-platform-operator] [61b3e6d7] 23:52:02.234 [ReconcilerExecutor-hivemq-controller-97] DEBUG c.h.p.o.HiveMQPlatformReconciler - [helmaddi] Custom Resource Spec (replicas: 1) (extensions: 1)
2025-01-28 23:52:02,240 INFO c.h.h.t.HelmChartContainer - [hivemq-test-hivemq-platform] [hivemq-platform-operator] [61b3e6d7] 23:52:02.237 [ReconcilerExecutor-hivemq-controller-97] DEBUG c.h.p.o.HiveMQPlatformReconciler - [helmaddi] StatefulSet Status (revision: test-hivemq-platform-5d4d897885, replicas: 1, available: 0, ready: 0, current: 1, updated: 1)
2025-01-28 23:52:02,242 INFO c.h.h.t.HelmChartContainer - [hivemq-test-hivemq-platform] [hivemq-platform-operator] [61b3e6d7] 23:52:02.237 [ReconcilerExecutor-hivemq-controller-97] DEBUG c.h.p.o.HiveMQPlatformReconciler - [helmaddi] StatefulSet Spec (replicas: 1, init containers: 1, containers: 1, volumes: 7)
2025-01-28 23:52:02,242 INFO c.h.h.t.HelmChartContainer - [hivemq-test-hivemq-platform] [hivemq-platform-operator] [61b3e6d7] 23:52:02.239 [ReconcilerExecutor-hivemq-controller-97] DEBUG c.h.p.o.h.HiveMQPlatformReconcilerErrorHandler - [helmaddi] Pod 'test-hivemq-platform-0' phase Pending
2025-01-28 23:52:02,242 INFO c.h.h.t.HelmChartContainer - [hivemq-test-hivemq-platform] [hivemq-platform-operator] [61b3e6d7] 23:52:02.239 [ReconcilerExecutor-hivemq-controller-97] DEBUG c.h.p.o.h.HiveMQPlatformReconcilerErrorHandler - [helmaddi] Pod 'test-hivemq-platform-0' condition 'PodReadyToStartContainers': False
2025-01-28 23:52:02,242 INFO c.h.h.t.HelmChartContainer - [hivemq-test-hivemq-platform] [hivemq-platform-operator] [61b3e6d7] 23:52:02.239 [ReconcilerExecutor-hivemq-controller-97] DEBUG c.h.p.o.h.HiveMQPlatformReconcilerErrorHandler - [helmaddi] Pod 'test-hivemq-platform-0' condition 'Initialized': False
2025-01-28 23:52:02,242 INFO c.h.h.t.HelmChartContainer - [hivemq-test-hivemq-platform] [hivemq-platform-operator] [61b3e6d7] 23:52:02.239 [ReconcilerExecutor-hivemq-controller-97] DEBUG c.h.p.o.h.HiveMQPlatformReconcilerErrorHandler - [helmaddi] Pod 'test-hivemq-platform-0' condition 'Ready': False
2025-01-28 23:52:02,242 INFO c.h.h.t.HelmChartContainer - [hivemq-test-hivemq-platform] [hivemq-platform-operator] [61b3e6d7] 23:52:02.239 [ReconcilerExecutor-hivemq-controller-97] DEBUG c.h.p.o.h.HiveMQPlatformReconcilerErrorHandler - [helmaddi] Pod 'test-hivemq-platform-0' condition 'ContainersReady': False
2025-01-28 23:52:02,244 INFO c.h.h.t.HelmChartContainer - [hivemq-test-hivemq-platform] [hivemq-platform-operator] [61b3e6d7] 23:52:02.239 [ReconcilerExecutor-hivemq-controller-97] DEBUG c.h.p.o.h.HiveMQPlatformReconcilerErrorHandler - [helmaddi] Pod 'test-hivemq-platform-0' condition 'PodScheduled': True
2025-01-28 23:52:02,244 INFO c.h.h.t.HelmChartContainer - [hivemq-test-hivemq-platform] [hivemq-platform-operator] [61b3e6d7] 23:52:02.239 [ReconcilerExecutor-hivemq-controller-97] DEBUG c.h.p.o.h.HiveMQPlatformReconcilerErrorHandler - [helmaddi] Pod 'test-hivemq-platform-0' containerStatus 'hivemq' (started: false) (ready: false) (waiting: [PodInitializing] null)
2025-01-28 23:52:02,244 INFO c.h.h.t.HelmChartContainer - [hivemq-test-hivemq-platform] [hivemq-platform-operator] [61b3e6d7] 23:52:02.240 [ReconcilerExecutor-hivemq-controller-97] INFO  c.h.p.o.h.HiveMQPlatformReconcilerBaseHandler - [helmaddi] HiveMQ Platform is starting, 0 of 1 replicas are ready
2025-01-28 23:52:02,326 INFO c.h.h.t.HelmChartContainer - [EVENT] Normal [Pulled] Container image "docker.io/hivemq/hivemq-platform-operator-init-test:snapshot" already present on machine [helmadditionalvolumesit:test-hivemq-platform-0]
2025-01-28 23:52:02,333 INFO c.h.h.t.HelmChartContainer - [EVENT] Normal [Created] Created container: hivemq-platform-operator-init [helmadditionalvolumesit:test-hivemq-platform-0]
2025-01-28 23:52:02,371 INFO c.h.h.t.HelmChartContainer - [EVENT] Normal [Started] Started container hivemq-platform-operator-init [helmadditionalvolumesit:test-hivemq-platform-0]
2025-01-28 23:52:03,258 INFO c.h.h.t.HelmChartContainer - [EVENT] Normal [Pulled] Container image "docker.io/hivemq/hivemq4:4.36.0" already present on machine [helmadditionalvolumesit:test-hivemq-platform-0]
2025-01-28 23:52:03,258 INFO c.h.h.t.HelmChartContainer - Received Pulled event for container hivemq in pod test-hivemq-platform-0 [d0837bc2-0bfe-4663-829b-bccc5faf3b02]
2025-01-28 23:52:03,272 INFO c.h.h.t.HelmChartContainer - [POD] test-hivemq-platform-0 [d0837bc2-0bfe-4663-829b-bccc5faf3b02] in helmadditionalvolumesit was MODIFIED
2025-01-28 23:52:03,284 INFO c.h.h.t.HelmChartContainer - [EVENT] Normal [Created] Created container: hivemq [helmadditionalvolumesit:test-hivemq-platform-0]
2025-01-28 23:52:03,284 INFO c.h.h.t.HelmChartContainer - Received Created event for container hivemq in pod test-hivemq-platform-0 [d0837bc2-0bfe-4663-829b-bccc5faf3b02]
2025-01-28 23:52:03,295 INFO c.h.h.t.HelmChartContainer - [hivemq-test-hivemq-platform] [hivemq-platform-operator] [61b3e6d7] 23:52:03.279 [pool-6-thread-3] DEBUG c.h.p.o.d.PlatformServiceResource - [helmaddi] Desired Platform services (3 services)
2025-01-28 23:52:03,309 INFO c.h.h.t.HelmChartContainer - [hivemq-test-hivemq-platform] [hivemq-platform-operator] [61b3e6d7] 23:52:03.285 [pool-6-thread-8] DEBUG c.h.p.o.dependants.PodInfoConfigMap - [helmaddi] Desired PodInfo ConfigMap (1 extensions) (1 enabled)
2025-01-28 23:52:03,309 INFO c.h.h.t.HelmChartContainer - [hivemq-test-hivemq-platform] [hivemq-platform-operator] [61b3e6d7] 23:52:03.285 [pool-6-thread-8] DEBUG c.h.p.o.dependants.PodInfoConfigMap - [helmaddi] Desired PodInfo ConfigMap (metrics port: 9399) (metrics path: /)
2025-01-28 23:52:03,309 INFO c.h.h.t.HelmChartContainer - [hivemq-test-hivemq-platform] [hivemq-platform-operator] [61b3e6d7] 23:52:03.285 [pool-6-thread-8] DEBUG c.h.p.o.dependants.PodInfoConfigMap - [helmaddi] Desired PodInfo ConfigMap (extension state hash: -1817474005)
2025-01-28 23:52:03,309 INFO c.h.h.t.HelmChartContainer - [hivemq-test-hivemq-platform] [hivemq-platform-operator] [61b3e6d7] 23:52:03.290 [pool-6-thread-4] DEBUG c.h.p.o.d.PodServiceAccountResource - [helmaddi] Desired PodServiceAccountResource (serviceAccountName: hivemq-platform-pod-test-hivemq-platform)
2025-01-28 23:52:03,311 INFO c.h.h.t.HelmChartContainer - [hivemq-test-hivemq-platform] [hivemq-platform-operator] [61b3e6d7] 23:52:03.301 [pool-6-thread-9] DEBUG c.h.p.o.d.StatefulSetResource - [helmaddi] Desired StatefulSet (1 replicas) for status STARTING (READY)
2025-01-28 23:52:03,340 INFO c.h.h.t.HelmChartContainer - [hivemq-test-hivemq-platform] [hivemq-platform-operator] [61b3e6d7] 23:52:03.337 [ReconcilerExecutor-hivemq-controller-108] INFO  c.h.p.o.HiveMQPlatformReconciler - [helmaddi] Reconciling HiveMQ Platform 'test-hivemq-platform' in namespace 'helmadditionalvolumesit'
2025-01-28 23:52:03,341 INFO c.h.h.t.HelmChartContainer - [hivemq-test-hivemq-platform] [hivemq-platform-operator] [61b3e6d7] 23:52:03.337 [ReconcilerExecutor-hivemq-controller-108] DEBUG c.h.p.o.HiveMQPlatformReconciler - [helmaddi] Custom Resource Status STARTING - HiveMQ Platform is starting (READY)
2025-01-28 23:52:03,342 INFO c.h.h.t.HelmChartContainer - [hivemq-test-hivemq-platform] [hivemq-platform-operator] [61b3e6d7] 23:52:03.337 [ReconcilerExecutor-hivemq-controller-108] DEBUG c.h.p.o.HiveMQPlatformReconciler - [helmaddi] Custom Resource Spec (replicas: 1) (extensions: 1)
2025-01-28 23:52:03,343 INFO c.h.h.t.HelmChartContainer - [hivemq-test-hivemq-platform] [hivemq-platform-operator] [61b3e6d7] 23:52:03.342 [ReconcilerExecutor-hivemq-controller-108] DEBUG c.h.p.o.HiveMQPlatformReconciler - [helmaddi] StatefulSet Status (revision: test-hivemq-platform-5d4d897885, replicas: 1, available: 0, ready: 0, current: 1, updated: 1)
2025-01-28 23:52:03,343 INFO c.h.h.t.HelmChartContainer - [hivemq-test-hivemq-platform] [hivemq-platform-operator] [61b3e6d7] 23:52:03.342 [ReconcilerExecutor-hivemq-controller-108] DEBUG c.h.p.o.HiveMQPlatformReconciler - [helmaddi] StatefulSet Spec (replicas: 1, init containers: 1, containers: 1, volumes: 7)
2025-01-28 23:52:03,347 INFO c.h.h.t.HelmChartContainer - [hivemq-test-hivemq-platform] [hivemq-platform-operator] [61b3e6d7] 23:52:03.346 [ReconcilerExecutor-hivemq-controller-108] DEBUG c.h.p.o.h.HiveMQPlatformReconcilerErrorHandler - [helmaddi] Pod 'test-hivemq-platform-0' phase Pending
2025-01-28 23:52:03,349 INFO c.h.h.t.HelmChartContainer - [hivemq-test-hivemq-platform] [hivemq-platform-operator] [61b3e6d7] 23:52:03.348 [ReconcilerExecutor-hivemq-controller-108] DEBUG c.h.p.o.h.HiveMQPlatformReconcilerErrorHandler - [helmaddi] Pod 'test-hivemq-platform-0' condition 'PodReadyToStartContainers': True
2025-01-28 23:52:03,349 INFO c.h.h.t.HelmChartContainer - [hivemq-test-hivemq-platform] [hivemq-platform-operator] [61b3e6d7] 23:52:03.348 [ReconcilerExecutor-hivemq-controller-108] DEBUG c.h.p.o.h.HiveMQPlatformReconcilerErrorHandler - [helmaddi] Pod 'test-hivemq-platform-0' condition 'Initialized': True
2025-01-28 23:52:03,350 INFO c.h.h.t.HelmChartContainer - [hivemq-test-hivemq-platform] [hivemq-platform-operator] [61b3e6d7] 23:52:03.348 [ReconcilerExecutor-hivemq-controller-108] DEBUG c.h.p.o.h.HiveMQPlatformReconcilerErrorHandler - [helmaddi] Pod 'test-hivemq-platform-0' condition 'Ready': False
2025-01-28 23:52:03,351 INFO c.h.h.t.HelmChartContainer - [hivemq-test-hivemq-platform] [hivemq-platform-operator] [61b3e6d7] 23:52:03.348 [ReconcilerExecutor-hivemq-controller-108] DEBUG c.h.p.o.h.HiveMQPlatformReconcilerErrorHandler - [helmaddi] Pod 'test-hivemq-platform-0' condition 'ContainersReady': False
2025-01-28 23:52:03,351 INFO c.h.h.t.HelmChartContainer - [hivemq-test-hivemq-platform] [hivemq-platform-operator] [61b3e6d7] 23:52:03.348 [ReconcilerExecutor-hivemq-controller-108] DEBUG c.h.p.o.h.HiveMQPlatformReconcilerErrorHandler - [helmaddi] Pod 'test-hivemq-platform-0' condition 'PodScheduled': True
2025-01-28 23:52:03,351 INFO c.h.h.t.HelmChartContainer - [hivemq-test-hivemq-platform] [hivemq-platform-operator] [61b3e6d7] 23:52:03.348 [ReconcilerExecutor-hivemq-controller-108] DEBUG c.h.p.o.h.HiveMQPlatformReconcilerErrorHandler - [helmaddi] Pod 'test-hivemq-platform-0' containerStatus 'hivemq' (started: false) (ready: false) (waiting: [PodInitializing] null)
2025-01-28 23:52:03,383 INFO c.h.h.t.HelmChartContainer - [hivemq-test-hivemq-platform] [hivemq-platform-operator] [61b3e6d7] 23:52:03.381 [ReconcilerExecutor-hivemq-controller-108] INFO  c.h.p.o.h.HiveMQPlatformReconcilerBaseHandler - [helmaddi] HiveMQ Platform is starting, 0 of 1 replicas are ready
2025-01-28 23:52:04,269 INFO c.h.h.t.HelmChartContainer - [POD] test-hivemq-platform-0 [d0837bc2-0bfe-4663-829b-bccc5faf3b02] in helmadditionalvolumesit was MODIFIED
2025-01-28 23:52:04,280 INFO c.h.h.t.HelmChartContainer - [hivemq-test-hivemq-platform] [hivemq-platform-operator] [61b3e6d7] 23:52:04.276 [pool-6-thread-16] DEBUG c.h.p.o.d.PlatformServiceResource - [helmaddi] Desired Platform services (3 services)
2025-01-28 23:52:04,282 INFO c.h.h.t.HelmChartContainer - Started log watcher for hivemq in pod test-hivemq-platform-0 [d0837bc2-0bfe-4663-829b-bccc5faf3b02]
2025-01-28 23:52:04,282 INFO c.h.h.t.HelmChartContainer - [hivemq-test-hivemq-platform] [hivemq-platform-operator] [61b3e6d7] 23:52:04.277 [pool-6-thread-11] DEBUG c.h.p.o.d.PodServiceAccountResource - [helmaddi] Desired PodServiceAccountResource (serviceAccountName: hivemq-platform-pod-test-hivemq-platform)
2025-01-28 23:52:04,283 INFO c.h.h.t.HelmChartContainer - [EVENT] Normal [Started] Started container hivemq [helmadditionalvolumesit:test-hivemq-platform-0]
2025-01-28 23:52:04,283 INFO c.h.h.t.HelmChartContainer - Received Started event for container hivemq in pod test-hivemq-platform-0 [d0837bc2-0bfe-4663-829b-bccc5faf3b02]
2025-01-28 23:52:04,284 INFO c.h.h.t.HelmChartContainer - [test-hivemq-platform] [hivemq] [d0837bc2] Adding pre-installed HiveMQ Platform Operator extensions
2025-01-28 23:52:04,284 INFO c.h.h.t.HelmChartContainer - [test-hivemq-platform] [hivemq] [d0837bc2] Running as user 10000
2025-01-28 23:52:04,284 INFO c.h.h.t.HelmChartContainer - [test-hivemq-platform] [hivemq] [d0837bc2] Starting HiveMQ Platform Operator Init
2025-01-28 23:52:04,288 INFO c.h.h.t.HelmChartContainer - [hivemq-test-hivemq-platform] [hivemq-platform-operator] [61b3e6d7] 23:52:04.281 [pool-6-thread-15] DEBUG c.h.p.o.dependants.PodInfoConfigMap - [helmaddi] Desired PodInfo ConfigMap (1 extensions) (1 enabled)
2025-01-28 23:52:04,288 INFO c.h.h.t.HelmChartContainer - [hivemq-test-hivemq-platform] [hivemq-platform-operator] [61b3e6d7] 23:52:04.284 [pool-6-thread-15] DEBUG c.h.p.o.dependants.PodInfoConfigMap - [helmaddi] Desired PodInfo ConfigMap (metrics port: 9399) (metrics path: /)
2025-01-28 23:52:04,288 INFO c.h.h.t.HelmChartContainer - [hivemq-test-hivemq-platform] [hivemq-platform-operator] [61b3e6d7] 23:52:04.285 [pool-6-thread-15] DEBUG c.h.p.o.dependants.PodInfoConfigMap - [helmaddi] Desired PodInfo ConfigMap (extension state hash: -1817474005)
2025-01-28 23:52:04,297 INFO c.h.h.t.HelmChartContainer - [hivemq-test-hivemq-platform] [hivemq-platform-operator] [61b3e6d7] 23:52:04.296 [pool-6-thread-20] DEBUG c.h.p.o.d.StatefulSetResource - [helmaddi] Desired StatefulSet (1 replicas) for status STARTING (READY)
2025-01-28 23:52:04,336 INFO c.h.h.t.HelmChartContainer - [hivemq-test-hivemq-platform] [hivemq-platform-operator] [61b3e6d7] 23:52:04.333 [ReconcilerExecutor-hivemq-controller-109] INFO  c.h.p.o.HiveMQPlatformReconciler - [helmaddi] Reconciling HiveMQ Platform 'test-hivemq-platform' in namespace 'helmadditionalvolumesit'
2025-01-28 23:52:04,337 INFO c.h.h.t.HelmChartContainer - [hivemq-test-hivemq-platform] [hivemq-platform-operator] [61b3e6d7] 23:52:04.333 [ReconcilerExecutor-hivemq-controller-109] DEBUG c.h.p.o.HiveMQPlatformReconciler - [helmaddi] Custom Resource Status STARTING - HiveMQ Platform is starting (READY)
2025-01-28 23:52:04,337 INFO c.h.h.t.HelmChartContainer - [hivemq-test-hivemq-platform] [hivemq-platform-operator] [61b3e6d7] 23:52:04.333 [ReconcilerExecutor-hivemq-controller-109] DEBUG c.h.p.o.HiveMQPlatformReconciler - [helmaddi] Custom Resource Spec (replicas: 1) (extensions: 1)
2025-01-28 23:52:04,339 INFO c.h.h.t.HelmChartContainer - [hivemq-test-hivemq-platform] [hivemq-platform-operator] [61b3e6d7] 23:52:04.338 [ReconcilerExecutor-hivemq-controller-109] DEBUG c.h.p.o.HiveMQPlatformReconciler - [helmaddi] StatefulSet Status (revision: test-hivemq-platform-5d4d897885, replicas: 1, available: 0, ready: 0, current: 1, updated: 1)
2025-01-28 23:52:04,339 INFO c.h.h.t.HelmChartContainer - [hivemq-test-hivemq-platform] [hivemq-platform-operator] [61b3e6d7] 23:52:04.338 [ReconcilerExecutor-hivemq-controller-109] DEBUG c.h.p.o.HiveMQPlatformReconciler - [helmaddi] StatefulSet Spec (replicas: 1, init containers: 1, containers: 1, volumes: 7)
2025-01-28 23:52:04,341 INFO c.h.h.t.HelmChartContainer - [hivemq-test-hivemq-platform] [hivemq-platform-operator] [61b3e6d7] 23:52:04.341 [ReconcilerExecutor-hivemq-controller-109] DEBUG c.h.p.o.h.HiveMQPlatformReconcilerErrorHandler - [helmaddi] Pod 'test-hivemq-platform-0' phase Running
2025-01-28 23:52:04,342 INFO c.h.h.t.HelmChartContainer - [hivemq-test-hivemq-platform] [hivemq-platform-operator] [61b3e6d7] 23:52:04.342 [ReconcilerExecutor-hivemq-controller-109] INFO  c.h.p.o.h.HiveMQPlatformReconcilerBaseHandler - [helmaddi] HiveMQ Platform is starting, 0 of 1 replicas are ready
2025-01-28 23:52:04,686 INFO c.h.h.t.HelmChartContainer - [test-hivemq-platform] [hivemq] [d0837bc2] INFO  - [HiveMQ Platform Operator Init 1.7.0-SNAPSHOT] HiveMQ Platform Operator Init 1.7.0-SNAPSHOT (commit: bebf408 on branch: HEAD) built on Sun Jan 26 20:47:47 UTC 2025
2025-01-28 23:52:05,778 INFO c.h.h.t.HelmChartContainer - [test-hivemq-platform] [hivemq] [d0837bc2] INFO  - [HiveMQ Platform Operator Init App 1.7.0-SNAPSHOT] Using bind address 10.42.0.7 from environment variable
2025-01-28 23:52:06,604 INFO c.h.h.t.HelmChartContainer - [test-hivemq-platform] [hivemq] [d0837bc2] INFO  - [HiveMQ Platform Operator Init App 1.7.0-SNAPSHOT] HiveMQ Platform Operator Init App 1.7.0-SNAPSHOT (commit: bebf408 on branch: HEAD) built on Sun Jan 26 20:47:47 UTC 2025
2025-01-28 23:52:06,605 INFO c.h.h.t.HelmChartContainer - [test-hivemq-platform] [hivemq] [d0837bc2] INFO  - [HiveMQ Platform Operator Init App 1.7.0-SNAPSHOT] PodInfo ConfigMap directory: /etc/podinfo
2025-01-28 23:52:06,605 INFO c.h.h.t.HelmChartContainer - [test-hivemq-platform] [hivemq] [d0837bc2] INFO  - [HiveMQ Platform Operator Init App 1.7.0-SNAPSHOT] HiveMQ home directory: /opt/hivemq
2025-01-28 23:52:06,605 INFO c.h.h.t.HelmChartContainer - [test-hivemq-platform] [hivemq] [d0837bc2] INFO  - [HiveMQ Platform Operator Init App 1.7.0-SNAPSHOT] HiveMQ Logback folder: /opt/hivemq/conf
2025-01-28 23:52:06,605 INFO c.h.h.t.HelmChartContainer - [test-hivemq-platform] [hivemq] [d0837bc2] INFO  - [HiveMQ Platform Operator Init App 1.7.0-SNAPSHOT] HiveMQ Config folder: /opt/hivemq/conf-k8s
2025-01-28 23:52:06,605 INFO c.h.h.t.HelmChartContainer - [test-hivemq-platform] [hivemq] [d0837bc2] INFO  - [HiveMQ Platform Operator Init App 1.7.0-SNAPSHOT] Starting HiveMQ Platform Operator Init App
2025-01-28 23:52:06,605 INFO c.h.h.t.HelmChartContainer - [test-hivemq-platform] [hivemq] [d0837bc2] INFO  - [HiveMQ Platform Operator Init App 1.7.0-SNAPSHOT] Starting Pod reconciler
2025-01-28 23:52:07,878 INFO c.h.h.t.HelmChartContainer - [test-hivemq-platform] [hivemq] [d0837bc2] INFO  - [HiveMQ Platform Operator Init App 1.7.0-SNAPSHOT] Pod reconciler is scheduled (interval: 5000 ms)
2025-01-28 23:52:07,879 INFO c.h.h.t.HelmChartContainer - [test-hivemq-platform] [hivemq] [d0837bc2] INFO  - [HiveMQ Platform Operator Init App 1.7.0-SNAPSHOT] Starting the REST API on 10.42.0.7:7979
2025-01-28 23:52:07,882 INFO c.h.h.t.HelmChartContainer - [test-hivemq-platform] [hivemq] [d0837bc2] INFO  - [HiveMQ Platform Operator Init App 1.7.0-SNAPSHOT] Waiting up to 600s for at most 1 HiveMQ nodes in cluster service hivemq-test-hivemq-platform-cluster.helmadditionalvolumesit.svc
2025-01-28 23:52:08,210 INFO c.h.h.t.HelmChartContainer - [test-hivemq-platform] [hivemq] [d0837bc2] INFO  - [HiveMQ Platform Operator Init App 1.7.0-SNAPSHOT] Resolved 1 IP addresses: [10.42.0.7]
2025-01-28 23:52:08,210 INFO c.h.h.t.HelmChartContainer - [test-hivemq-platform] [hivemq] [d0837bc2] INFO  - [HiveMQ Platform Operator Init App 1.7.0-SNAPSHOT] HiveMQ node count of 1 is within threshold of 1
2025-01-28 23:52:08,210 INFO c.h.h.t.HelmChartContainer - [test-hivemq-platform] [hivemq] [d0837bc2] INFO  - [HiveMQ Platform Operator Init App 1.7.0-SNAPSHOT] Proceeding with container start
2025-01-28 23:52:08,308 INFO c.h.h.t.HelmChartContainer - [test-hivemq-platform] [hivemq] [d0837bc2] INFO  - [HiveMQ Platform Operator Init App 1.7.0-SNAPSHOT] Initializing HiveMQ Platform extensions with initial configuration: {hivemq-allow-all-extension={start-priority=-1, skip-https-hostname-verification=false, restart=true, config-version=0, header-version=0, c-uri=, priority=-1, uri=preinstalled, skip-https-certificate-validation=false, enabled=true}, hivemq-prometheus-extension={skip-https-hostname-verification=false, c-uri=, start-priority=-1, priority=-1, restart=true, enabled=true, request-header-path=no-request-headers, uri=preinstalled, skip-https-certificate-validation=false}}
2025-01-28 23:52:08,809 INFO c.h.h.t.HelmChartContainer - [test-hivemq-platform] [hivemq] [d0837bc2] INFO  - [HiveMQ Platform Operator Init App 1.7.0-SNAPSHOT] Extension hivemq-allow-all-extension was already enabled
2025-01-28 23:52:08,903 INFO c.h.h.t.HelmChartContainer - [test-hivemq-platform] [hivemq] [d0837bc2] INFO  - [HiveMQ Platform Operator Init App 1.7.0-SNAPSHOT] Successfully enabled extension hivemq-prometheus-extension
2025-01-28 23:52:08,905 INFO c.h.h.t.HelmChartContainer - [test-hivemq-platform] [hivemq] [d0837bc2] INFO  - [HiveMQ Platform Operator Init App 1.7.0-SNAPSHOT] Starting HiveMQ Platform version 4.36.0 (4.36.0)
2025-01-28 23:52:08,905 INFO c.h.h.t.HelmChartContainer - [test-hivemq-platform] [hivemq] [d0837bc2] INFO  - [HiveMQ Platform Operator Init App 1.7.0-SNAPSHOT] Configuring the HiveMQ Platform
2025-01-28 23:52:08,985 INFO c.h.h.t.HelmChartContainer - [test-hivemq-platform] [hivemq] [d0837bc2] INFO  - [HiveMQ Platform Operator Init App 1.7.0-SNAPSHOT] Changed logback.xml file scan period to 20 seconds
2025-01-28 23:52:09,079 INFO c.h.h.t.HelmChartContainer - [test-hivemq-platform] [hivemq] [d0837bc2] INFO  - [HiveMQ Platform Operator Init App 1.7.0-SNAPSHOT] Starting the HiveMQ Platform
2025-01-28 23:52:09,082 INFO c.h.h.t.HelmChartContainer - [test-hivemq-platform] [hivemq] [d0837bc2] -------------------------------------------------------------------------
2025-01-28 23:52:09,082 INFO c.h.h.t.HelmChartContainer - [test-hivemq-platform] [hivemq] [d0837bc2] 
2025-01-28 23:52:09,082 INFO c.h.h.t.HelmChartContainer - [test-hivemq-platform] [hivemq] [d0837bc2]                   _    _  _              __  __   ____
2025-01-28 23:52:09,082 INFO c.h.h.t.HelmChartContainer - [test-hivemq-platform] [hivemq] [d0837bc2]                  | |  | |(_)            |  \/  | / __ \
2025-01-28 23:52:09,082 INFO c.h.h.t.HelmChartContainer - [test-hivemq-platform] [hivemq] [d0837bc2]                  | |__| | _ __   __ ___ | \  / || |  | |
2025-01-28 23:52:09,082 INFO c.h.h.t.HelmChartContainer - [test-hivemq-platform] [hivemq] [d0837bc2]                  |  __  || |\ \ / // _ \| |\/| || |  | |
2025-01-28 23:52:09,082 INFO c.h.h.t.HelmChartContainer - [test-hivemq-platform] [hivemq] [d0837bc2]                  | |  | || | \ V /|  __/| |  | || |__| |
2025-01-28 23:52:09,082 INFO c.h.h.t.HelmChartContainer - [test-hivemq-platform] [hivemq] [d0837bc2]                  |_|  |_||_|  \_/  \___||_|  |_| \___\_\
2025-01-28 23:52:09,083 INFO c.h.h.t.HelmChartContainer - [test-hivemq-platform] [hivemq] [d0837bc2] 
2025-01-28 23:52:09,083 INFO c.h.h.t.HelmChartContainer - [test-hivemq-platform] [hivemq] [d0837bc2] -------------------------------------------------------------------------
2025-01-28 23:52:09,083 INFO c.h.h.t.HelmChartContainer - [test-hivemq-platform] [hivemq] [d0837bc2] 
2025-01-28 23:52:09,083 INFO c.h.h.t.HelmChartContainer - [test-hivemq-platform] [hivemq] [d0837bc2]   HiveMQ Start Script for Linux/Unix v1.14
2025-01-28 23:52:09,083 INFO c.h.h.t.HelmChartContainer - [test-hivemq-platform] [hivemq] [d0837bc2] 
2025-01-28 23:52:09,186 INFO c.h.h.t.HelmChartContainer - [test-hivemq-platform] [hivemq] [d0837bc2] -------------------------------------------------------------------------
2025-01-28 23:52:09,186 INFO c.h.h.t.HelmChartContainer - [test-hivemq-platform] [hivemq] [d0837bc2] 
2025-01-28 23:52:09,186 INFO c.h.h.t.HelmChartContainer - [test-hivemq-platform] [hivemq] [d0837bc2]   HIVEMQ_HOME: /opt/hivemq
2025-01-28 23:52:09,186 INFO c.h.h.t.HelmChartContainer - [test-hivemq-platform] [hivemq] [d0837bc2] 
2025-01-28 23:52:09,186 INFO c.h.h.t.HelmChartContainer - [test-hivemq-platform] [hivemq] [d0837bc2]   JAVA_OPTS: -XX:+UnlockExperimentalVMOptions -XX:InitialRAMPercentage=50 -XX:MaxRAMPercentage=50 -Djava.net.preferIPv4Stack=true --add-opens java.base/java.lang=ALL-UNNAMED --add-opens java.base/java.nio=ALL-UNNAMED --add-opens java.base/sun.nio.ch=ALL-UNNAMED --add-opens jdk.management/com.sun.management.internal=ALL-UNNAMED --add-exports java.base/jdk.internal.misc=ALL-UNNAMED -Djava.security.egd=file:/dev/./urandom -Dcom.sun.management.jmxremote -Dcom.sun.management.jmxremote.port=9010 -Dcom.sun.management.jmxremote.local.only=false -Dcom.sun.management.jmxremote.authenticate=false -Dcom.sun.management.jmxremote.ssl=false -Duser.language=en -Duser.region=US -XX:+CrashOnOutOfMemoryError -XX:+HeapDumpOnOutOfMemoryError
2025-01-28 23:52:09,186 INFO c.h.h.t.HelmChartContainer - [test-hivemq-platform] [hivemq] [d0837bc2] 
2025-01-28 23:52:09,186 INFO c.h.h.t.HelmChartContainer - [test-hivemq-platform] [hivemq] [d0837bc2]   JAVA_VERSION: 21
2025-01-28 23:52:09,186 INFO c.h.h.t.HelmChartContainer - [test-hivemq-platform] [hivemq] [d0837bc2] 
2025-01-28 23:52:09,186 INFO c.h.h.t.HelmChartContainer - [test-hivemq-platform] [hivemq] [d0837bc2] -------------------------------------------------------------------------
2025-01-28 23:52:09,186 INFO c.h.h.t.HelmChartContainer - [test-hivemq-platform] [hivemq] [d0837bc2] 
2025-01-28 23:52:10,301 INFO c.h.h.t.HelmChartContainer - [test-hivemq-platform] [hivemq] [d0837bc2] INFO  - [HiveMQ Platform Operator Init App 1.7.0-SNAPSHOT] Returning default Health API response 503 for readiness
2025-01-28 23:52:10,610 INFO c.h.h.t.HelmChartContainer - [EVENT] Warning [Unhealthy] Readiness probe failed: HTTP probe failed with statuscode: 503 [helmadditionalvolumesit:test-hivemq-platform-0]
2025-01-28 23:52:10,610 INFO c.h.h.t.HelmChartContainer - Received Unhealthy event for container hivemq in pod test-hivemq-platform-0 [d0837bc2-0bfe-4663-829b-bccc5faf3b02]
2025-01-28 23:52:11,782 INFO c.h.h.t.HelmChartContainer - [test-hivemq-platform] [hivemq] [d0837bc2] INFO  - Starting HiveMQ Enterprise Server
2025-01-28 23:52:11,803 INFO c.h.h.t.HelmChartContainer - [test-hivemq-platform] [hivemq] [d0837bc2] INFO  - HiveMQ version: 4.36.0
2025-01-28 23:52:11,803 INFO c.h.h.t.HelmChartContainer - [test-hivemq-platform] [hivemq] [d0837bc2] INFO  - HiveMQ home directory: /opt/hivemq
2025-01-28 23:52:11,804 INFO c.h.h.t.HelmChartContainer - [test-hivemq-platform] [hivemq] [d0837bc2] INFO  - Log Configuration was overridden by /opt/hivemq/conf/logback.xml
2025-01-28 23:52:12,442 INFO c.h.h.t.HelmChartContainer - [K3S] [range_allocator.go:247] "Successfully synced" key="6fb98fd6114a"
2025-01-28 23:52:13,281 INFO c.h.h.t.HelmChartContainer - [test-hivemq-platform] [hivemq] [d0837bc2] INFO  - Successfully loaded configuration from '/opt/hivemq/conf-k8s/config.xml'.
2025-01-28 23:52:14,005 INFO c.h.h.t.HelmChartContainer - [test-hivemq-platform] [hivemq] [d0837bc2] INFO  - This node's ID is Tl3jd
2025-01-28 23:52:14,005 INFO c.h.h.t.HelmChartContainer - [test-hivemq-platform] [hivemq] [d0837bc2] INFO  - Clustering is enabled
2025-01-28 23:52:14,349 INFO c.h.h.t.HelmChartContainer - [hivemq-test-hivemq-platform] [hivemq-platform-operator] [61b3e6d7] 23:52:14.347 [pool-6-thread-23] DEBUG c.h.p.o.d.PlatformServiceResource - [helmaddi] Desired Platform services (3 services)
2025-01-28 23:52:14,351 INFO c.h.h.t.HelmChartContainer - [hivemq-test-hivemq-platform] [hivemq-platform-operator] [61b3e6d7] 23:52:14.347 [pool-6-thread-28] DEBUG c.h.p.o.dependants.PodInfoConfigMap - [helmaddi] Desired PodInfo ConfigMap (1 extensions) (1 enabled)
2025-01-28 23:52:14,351 INFO c.h.h.t.HelmChartContainer - [hivemq-test-hivemq-platform] [hivemq-platform-operator] [61b3e6d7] 23:52:14.348 [pool-6-thread-28] DEBUG c.h.p.o.dependants.PodInfoConfigMap - [helmaddi] Desired PodInfo ConfigMap (metrics port: 9399) (metrics path: /)
2025-01-28 23:52:14,351 INFO c.h.h.t.HelmChartContainer - [hivemq-test-hivemq-platform] [hivemq-platform-operator] [61b3e6d7] 23:52:14.349 [pool-6-thread-28] DEBUG c.h.p.o.dependants.PodInfoConfigMap - [helmaddi] Desired PodInfo ConfigMap (extension state hash: -1817474005)
2025-01-28 23:52:14,351 INFO c.h.h.t.HelmChartContainer - [hivemq-test-hivemq-platform] [hivemq-platform-operator] [61b3e6d7] 23:52:14.349 [pool-6-thread-25] DEBUG c.h.p.o.d.PodServiceAccountResource - [helmaddi] Desired PodServiceAccountResource (serviceAccountName: hivemq-platform-pod-test-hivemq-platform)
2025-01-28 23:52:14,357 INFO c.h.h.t.HelmChartContainer - [hivemq-test-hivemq-platform] [hivemq-platform-operator] [61b3e6d7] 23:52:14.356 [pool-6-thread-23] DEBUG c.h.p.o.d.StatefulSetResource - [helmaddi] Desired StatefulSet (1 replicas) for status STARTING (READY)
2025-01-28 23:52:14,437 INFO c.h.h.t.HelmChartContainer - [hivemq-test-hivemq-platform] [hivemq-platform-operator] [61b3e6d7] 23:52:14.435 [ReconcilerExecutor-hivemq-controller-110] INFO  c.h.p.o.HiveMQPlatformReconciler - [helmaddi] Reconciling HiveMQ Platform 'test-hivemq-platform' in namespace 'helmadditionalvolumesit'
2025-01-28 23:52:14,437 INFO c.h.h.t.HelmChartContainer - [hivemq-test-hivemq-platform] [hivemq-platform-operator] [61b3e6d7] 23:52:14.435 [ReconcilerExecutor-hivemq-controller-110] DEBUG c.h.p.o.HiveMQPlatformReconciler - [helmaddi] Custom Resource Status STARTING - HiveMQ Platform is starting (READY)
2025-01-28 23:52:14,437 INFO c.h.h.t.HelmChartContainer - [hivemq-test-hivemq-platform] [hivemq-platform-operator] [61b3e6d7] 23:52:14.435 [ReconcilerExecutor-hivemq-controller-110] DEBUG c.h.p.o.HiveMQPlatformReconciler - [helmaddi] Custom Resource Spec (replicas: 1) (extensions: 1)
2025-01-28 23:52:14,439 INFO c.h.h.t.HelmChartContainer - [hivemq-test-hivemq-platform] [hivemq-platform-operator] [61b3e6d7] 23:52:14.438 [ReconcilerExecutor-hivemq-controller-110] DEBUG c.h.p.o.HiveMQPlatformReconciler - [helmaddi] StatefulSet Status (revision: test-hivemq-platform-5d4d897885, replicas: 1, available: 0, ready: 0, current: 1, updated: 1)
2025-01-28 23:52:14,441 INFO c.h.h.t.HelmChartContainer - [hivemq-test-hivemq-platform] [hivemq-platform-operator] [61b3e6d7] 23:52:14.438 [ReconcilerExecutor-hivemq-controller-110] DEBUG c.h.p.o.HiveMQPlatformReconciler - [helmaddi] StatefulSet Spec (replicas: 1, init containers: 1, containers: 1, volumes: 7)
2025-01-28 23:52:14,442 INFO c.h.h.t.HelmChartContainer - [hivemq-test-hivemq-platform] [hivemq-platform-operator] [61b3e6d7] 23:52:14.439 [ReconcilerExecutor-hivemq-controller-110] DEBUG c.h.p.o.h.HiveMQPlatformReconcilerErrorHandler - [helmaddi] Pod 'test-hivemq-platform-0' phase Running
2025-01-28 23:52:14,442 INFO c.h.h.t.HelmChartContainer - [hivemq-test-hivemq-platform] [hivemq-platform-operator] [61b3e6d7] 23:52:14.440 [ReconcilerExecutor-hivemq-controller-110] INFO  c.h.p.o.h.HiveMQPlatformReconcilerBaseHandler - [helmaddi] HiveMQ Platform is starting, 0 of 1 replicas are ready
2025-01-28 23:52:15,708 INFO c.h.h.t.HelmChartContainer - [test-hivemq-platform] [hivemq] [d0837bc2] WARN  - [HiveMQ Platform Operator Init App 1.7.0-SNAPSHOT] Cannot connect to Health API for readiness: null
2025-01-28 23:52:15,712 INFO c.h.h.t.HelmChartContainer - [EVENT] Warning [Unhealthy] Readiness probe failed: HTTP probe failed with statuscode: 503 [helmadditionalvolumesit:test-hivemq-platform-0]
2025-01-28 23:52:15,712 INFO c.h.h.t.HelmChartContainer - Received Unhealthy event for container hivemq in pod test-hivemq-platform-0 [d0837bc2-0bfe-4663-829b-bccc5faf3b02]
2025-01-28 23:52:18,279 INFO c.h.h.t.HelmChartContainer - [test-hivemq-platform] [hivemq] [d0837bc2] Jan 28, 2025 11:52:18 PM io.vertx.core.impl.BlockedThreadChecker
2025-01-28 23:52:18,279 INFO c.h.h.t.HelmChartContainer - [test-hivemq-platform] [hivemq] [d0837bc2] WARNING: Thread Thread[vert.x-eventloop-thread-1,5,main] has been blocked for 2999 ms, time limit is 2000 ms
2025-01-28 23:52:18,506 INFO c.h.h.t.HelmChartContainer - [test-hivemq-platform] [hivemq] [d0837bc2] INFO  - [HiveMQ Platform Operator Init App 1.7.0-SNAPSHOT] Updating Pod HiveMQ Platform Operator Init App version annotation (version: 1.7.0-SNAPSHOT)
2025-01-28 23:52:19,514 INFO c.h.h.t.HelmChartContainer - [POD] test-hivemq-platform-0 [d0837bc2-0bfe-4663-829b-bccc5faf3b02] in helmadditionalvolumesit was MODIFIED
2025-01-28 23:52:19,583 INFO c.h.h.t.HelmChartContainer - [hivemq-test-hivemq-platform] [hivemq-platform-operator] [61b3e6d7] 23:52:19.518 [pool-6-thread-36] DEBUG c.h.p.o.d.PlatformServiceResource - [helmaddi] Desired Platform services (3 services)
2025-01-28 23:52:19,583 INFO c.h.h.t.HelmChartContainer - [hivemq-test-hivemq-platform] [hivemq-platform-operator] [61b3e6d7] 23:52:19.521 [pool-6-thread-37] DEBUG c.h.p.o.dependants.PodInfoConfigMap - [helmaddi] Desired PodInfo ConfigMap (1 extensions) (1 enabled)
2025-01-28 23:52:19,587 INFO c.h.h.t.HelmChartContainer - [test-hivemq-platform] [hivemq] [d0837bc2] WARN  - [HiveMQ Platform Operator Init App 1.7.0-SNAPSHOT] Cannot connect to Health API for readiness: null
2025-01-28 23:52:19,587 INFO c.h.h.t.HelmChartContainer - [hivemq-test-hivemq-platform] [hivemq-platform-operator] [61b3e6d7] 23:52:19.521 [pool-6-thread-37] DEBUG c.h.p.o.dependants.PodInfoConfigMap - [helmaddi] Desired PodInfo ConfigMap (metrics port: 9399) (metrics path: /)
2025-01-28 23:52:19,587 INFO c.h.h.t.HelmChartContainer - [hivemq-test-hivemq-platform] [hivemq-platform-operator] [61b3e6d7] 23:52:19.521 [pool-6-thread-37] DEBUG c.h.p.o.dependants.PodInfoConfigMap - [helmaddi] Desired PodInfo ConfigMap (extension state hash: -1817474005)
2025-01-28 23:52:19,587 INFO c.h.h.t.HelmChartContainer - [hivemq-test-hivemq-platform] [hivemq-platform-operator] [61b3e6d7] 23:52:19.522 [pool-6-thread-37] DEBUG c.h.p.o.d.PodServiceAccountResource - [helmaddi] Desired PodServiceAccountResource (serviceAccountName: hivemq-platform-pod-test-hivemq-platform)
2025-01-28 23:52:19,587 INFO c.h.h.t.HelmChartContainer - [hivemq-test-hivemq-platform] [hivemq-platform-operator] [61b3e6d7] 23:52:19.525 [pool-6-thread-33] DEBUG c.h.p.o.d.StatefulSetResource - [helmaddi] Desired StatefulSet (1 replicas) for status STARTING (READY)
2025-01-28 23:52:19,587 INFO c.h.h.t.HelmChartContainer - [hivemq-test-hivemq-platform] [hivemq-platform-operator] [61b3e6d7] 23:52:19.528 [ReconcilerExecutor-hivemq-controller-111] INFO  c.h.p.o.HiveMQPlatformReconciler - [helmaddi] Reconciling HiveMQ Platform 'test-hivemq-platform' in namespace 'helmadditionalvolumesit'
2025-01-28 23:52:19,587 INFO c.h.h.t.HelmChartContainer - [hivemq-test-hivemq-platform] [hivemq-platform-operator] [61b3e6d7] 23:52:19.528 [ReconcilerExecutor-hivemq-controller-111] DEBUG c.h.p.o.HiveMQPlatformReconciler - [helmaddi] Custom Resource Status STARTING - HiveMQ Platform is starting (READY)
2025-01-28 23:52:19,587 INFO c.h.h.t.HelmChartContainer - [hivemq-test-hivemq-platform] [hivemq-platform-operator] [61b3e6d7] 23:52:19.528 [ReconcilerExecutor-hivemq-controller-111] DEBUG c.h.p.o.HiveMQPlatformReconciler - [helmaddi] Custom Resource Spec (replicas: 1) (extensions: 1)
2025-01-28 23:52:19,587 INFO c.h.h.t.HelmChartContainer - [hivemq-test-hivemq-platform] [hivemq-platform-operator] [61b3e6d7] 23:52:19.530 [ReconcilerExecutor-hivemq-controller-111] DEBUG c.h.p.o.HiveMQPlatformReconciler - [helmaddi] StatefulSet Status (revision: test-hivemq-platform-5d4d897885, replicas: 1, available: 0, ready: 0, current: 1, updated: 1)
2025-01-28 23:52:19,587 INFO c.h.h.t.HelmChartContainer - [hivemq-test-hivemq-platform] [hivemq-platform-operator] [61b3e6d7] 23:52:19.530 [ReconcilerExecutor-hivemq-controller-111] DEBUG c.h.p.o.HiveMQPlatformReconciler - [helmaddi] StatefulSet Spec (replicas: 1, init containers: 1, containers: 1, volumes: 7)
2025-01-28 23:52:19,587 INFO c.h.h.t.HelmChartContainer - [hivemq-test-hivemq-platform] [hivemq-platform-operator] [61b3e6d7] 23:52:19.584 [ReconcilerExecutor-hivemq-controller-111] DEBUG c.h.p.o.h.HiveMQPlatformReconcilerErrorHandler - [helmaddi] Pod 'test-hivemq-platform-0' phase Running
2025-01-28 23:52:19,587 INFO c.h.h.t.HelmChartContainer - [hivemq-test-hivemq-platform] [hivemq-platform-operator] [61b3e6d7] 23:52:19.585 [ReconcilerExecutor-hivemq-controller-111] INFO  c.h.p.o.h.HiveMQPlatformReconcilerBaseHandler - [helmaddi] HiveMQ Platform is starting, 0 of 1 replicas are ready
2025-01-28 23:52:19,590 INFO c.h.h.t.HelmChartContainer - [EVENT] Warning [Unhealthy] Readiness probe failed: HTTP probe failed with statuscode: 503 [helmadditionalvolumesit:test-hivemq-platform-0]
2025-01-28 23:52:19,590 INFO c.h.h.t.HelmChartContainer - Received Unhealthy event for container hivemq in pod test-hivemq-platform-0 [d0837bc2-0bfe-4663-829b-bccc5faf3b02]
2025-01-28 23:52:19,604 INFO c.h.h.t.HelmChartContainer - [test-hivemq-platform] [hivemq] [d0837bc2] INFO  - [HiveMQ Platform Operator Init App 1.7.0-SNAPSHOT] Successfully updated Pod HiveMQ Platform Operator Init App version annotation (version: 1.7.0-SNAPSHOT)
2025-01-28 23:52:24,583 INFO c.h.h.t.HelmChartContainer - [test-hivemq-platform] [hivemq] [d0837bc2] WARN  - [HiveMQ Platform Operator Init App 1.7.0-SNAPSHOT] Cannot connect to Health API for readiness: null
2025-01-28 23:52:24,587 INFO c.h.h.t.HelmChartContainer - [EVENT] Warning [Unhealthy] Readiness probe failed: HTTP probe failed with statuscode: 503 [helmadditionalvolumesit:test-hivemq-platform-0]
2025-01-28 23:52:24,587 INFO c.h.h.t.HelmChartContainer - Received Unhealthy event for container hivemq in pod test-hivemq-platform-0 [d0837bc2-0bfe-4663-829b-bccc5faf3b02]
2025-01-28 23:52:29,594 INFO c.h.h.t.HelmChartContainer - [hivemq-test-hivemq-platform] [hivemq-platform-operator] [61b3e6d7] 23:52:29.590 [pool-6-thread-48] DEBUG c.h.p.o.d.PlatformServiceResource - [helmaddi] Desired Platform services (3 services)
2025-01-28 23:52:29,594 INFO c.h.h.t.HelmChartContainer - [hivemq-test-hivemq-platform] [hivemq-platform-operator] [61b3e6d7] 23:52:29.592 [pool-6-thread-47] DEBUG c.h.p.o.d.PodServiceAccountResource - [helmaddi] Desired PodServiceAccountResource (serviceAccountName: hivemq-platform-pod-test-hivemq-platform)
2025-01-28 23:52:29,595 INFO c.h.h.t.HelmChartContainer - [hivemq-test-hivemq-platform] [hivemq-platform-operator] [61b3e6d7] 23:52:29.594 [pool-6-thread-45] DEBUG c.h.p.o.dependants.PodInfoConfigMap - [helmaddi] Desired PodInfo ConfigMap (1 extensions) (1 enabled)
2025-01-28 23:52:29,596 INFO c.h.h.t.HelmChartContainer - [hivemq-test-hivemq-platform] [hivemq-platform-operator] [61b3e6d7] 23:52:29.595 [pool-6-thread-45] DEBUG c.h.p.o.dependants.PodInfoConfigMap - [helmaddi] Desired PodInfo ConfigMap (metrics port: 9399) (metrics path: /)
2025-01-28 23:52:29,597 INFO c.h.h.t.HelmChartContainer - [hivemq-test-hivemq-platform] [hivemq-platform-operator] [61b3e6d7] 23:52:29.595 [pool-6-thread-45] DEBUG c.h.p.o.dependants.PodInfoConfigMap - [helmaddi] Desired PodInfo ConfigMap (extension state hash: -1817474005)
2025-01-28 23:52:29,599 INFO c.h.h.t.HelmChartContainer - [hivemq-test-hivemq-platform] [hivemq-platform-operator] [61b3e6d7] 23:52:29.598 [pool-6-thread-45] DEBUG c.h.p.o.d.StatefulSetResource - [helmaddi] Desired StatefulSet (1 replicas) for status STARTING (READY)
2025-01-28 23:52:29,602 INFO c.h.h.t.HelmChartContainer - [test-hivemq-platform] [hivemq] [d0837bc2] WARN  - [HiveMQ Platform Operator Init App 1.7.0-SNAPSHOT] Cannot connect to Health API for readiness: null
2025-01-28 23:52:29,612 INFO c.h.h.t.HelmChartContainer - [EVENT] Warning [Unhealthy] Readiness probe failed: HTTP probe failed with statuscode: 503 [helmadditionalvolumesit:test-hivemq-platform-0]
2025-01-28 23:52:29,612 INFO c.h.h.t.HelmChartContainer - Received Unhealthy event for container hivemq in pod test-hivemq-platform-0 [d0837bc2-0bfe-4663-829b-bccc5faf3b02]
2025-01-28 23:52:29,686 INFO c.h.h.t.HelmChartContainer - [hivemq-test-hivemq-platform] [hivemq-platform-operator] [61b3e6d7] 23:52:29.682 [ReconcilerExecutor-hivemq-controller-112] INFO  c.h.p.o.HiveMQPlatformReconciler - [helmaddi] Reconciling HiveMQ Platform 'test-hivemq-platform' in namespace 'helmadditionalvolumesit'
2025-01-28 23:52:29,687 INFO c.h.h.t.HelmChartContainer - [hivemq-test-hivemq-platform] [hivemq-platform-operator] [61b3e6d7] 23:52:29.682 [ReconcilerExecutor-hivemq-controller-112] DEBUG c.h.p.o.HiveMQPlatformReconciler - [helmaddi] Custom Resource Status STARTING - HiveMQ Platform is starting (READY)
2025-01-28 23:52:29,687 INFO c.h.h.t.HelmChartContainer - [hivemq-test-hivemq-platform] [hivemq-platform-operator] [61b3e6d7] 23:52:29.682 [ReconcilerExecutor-hivemq-controller-112] DEBUG c.h.p.o.HiveMQPlatformReconciler - [helmaddi] Custom Resource Spec (replicas: 1) (extensions: 1)
2025-01-28 23:52:29,694 INFO c.h.h.t.HelmChartContainer - [hivemq-test-hivemq-platform] [hivemq-platform-operator] [61b3e6d7] 23:52:29.692 [ReconcilerExecutor-hivemq-controller-112] DEBUG c.h.p.o.HiveMQPlatformReconciler - [helmaddi] StatefulSet Status (revision: test-hivemq-platform-5d4d897885, replicas: 1, available: 0, ready: 0, current: 1, updated: 1)
2025-01-28 23:52:29,694 INFO c.h.h.t.HelmChartContainer - [hivemq-test-hivemq-platform] [hivemq-platform-operator] [61b3e6d7] 23:52:29.692 [ReconcilerExecutor-hivemq-controller-112] DEBUG c.h.p.o.HiveMQPlatformReconciler - [helmaddi] StatefulSet Spec (replicas: 1, init containers: 1, containers: 1, volumes: 7)
2025-01-28 23:52:29,696 INFO c.h.h.t.HelmChartContainer - [hivemq-test-hivemq-platform] [hivemq-platform-operator] [61b3e6d7] 23:52:29.695 [ReconcilerExecutor-hivemq-controller-112] DEBUG c.h.p.o.h.HiveMQPlatformReconcilerErrorHandler - [helmaddi] Pod 'test-hivemq-platform-0' phase Running
2025-01-28 23:52:29,697 INFO c.h.h.t.HelmChartContainer - [hivemq-test-hivemq-platform] [hivemq-platform-operator] [61b3e6d7] 23:52:29.695 [ReconcilerExecutor-hivemq-controller-112] INFO  c.h.p.o.h.HiveMQPlatformReconcilerBaseHandler - [helmaddi] HiveMQ Platform is starting, 0 of 1 replicas are ready
2025-01-28 23:52:30,304 INFO c.h.h.t.HelmChartContainer - [test-hivemq-platform] [hivemq] [d0837bc2] INFO  - No valid license file found. Using trial license, restricted to 25 connections.
2025-01-28 23:52:32,282 INFO c.h.h.t.HelmChartContainer - [test-hivemq-platform] [hivemq] [d0837bc2] WARN  - [HiveMQ Platform Operator Init App 1.7.0-SNAPSHOT] Cannot connect to Health API for liveness: null
2025-01-28 23:52:32,282 INFO c.h.h.t.HelmChartContainer - [test-hivemq-platform] [hivemq] [d0837bc2] INFO  - [HiveMQ Platform Operator Init App 1.7.0-SNAPSHOT] Returning default Health API response 200 for liveness
2025-01-28 23:52:33,604 INFO c.h.h.t.HelmChartContainer - [test-hivemq-platform] [hivemq] [d0837bc2] INFO  - No valid license file for Data Hub found. Using free license, restricted to 1 policy.
2025-01-28 23:52:34,604 INFO c.h.h.t.HelmChartContainer - [test-hivemq-platform] [hivemq] [d0837bc2] WARN  - [HiveMQ Platform Operator Init App 1.7.0-SNAPSHOT] Cannot connect to Health API for readiness: null
2025-01-28 23:52:34,607 INFO c.h.h.t.HelmChartContainer - [EVENT] Warning [Unhealthy] Readiness probe failed: HTTP probe failed with statuscode: 503 [helmadditionalvolumesit:test-hivemq-platform-0]
2025-01-28 23:52:34,607 INFO c.h.h.t.HelmChartContainer - Received Unhealthy event for container hivemq in pod test-hivemq-platform-0 [d0837bc2-0bfe-4663-829b-bccc5faf3b02]
2025-01-28 23:52:34,805 INFO c.h.h.t.HelmChartContainer - [test-hivemq-platform] [hivemq] [d0837bc2] INFO  - Audit Logger started.
2025-01-28 23:52:35,092 INFO c.h.h.t.HelmChartContainer - [test-hivemq-platform] [hivemq] [d0837bc2] INFO  - This node uses '1' CPU cores.
2025-01-28 23:52:35,096 INFO c.h.h.t.HelmChartContainer - [test-hivemq-platform] [hivemq] [d0837bc2] INFO  - Starting HiveMQ Health API on address 0.0.0.0 and port 8889
2025-01-28 23:52:35,985 INFO c.h.h.t.HelmChartContainer - [test-hivemq-platform] [hivemq] [d0837bc2] INFO  - Started HiveMQ Health API in 889ms
2025-01-28 23:52:36,579 INFO c.h.h.t.HelmChartContainer - [test-hivemq-platform] [hivemq] [d0837bc2] INFO  - Starting HiveMQ extension system.
2025-01-28 23:52:36,805 INFO c.h.h.t.HelmChartContainer - [test-hivemq-platform] [hivemq] [d0837bc2] INFO  - Starting extension with id "hivemq-dns-cluster-discovery" at /opt/hivemq/extensions/hivemq-dns-cluster-discovery
2025-01-28 23:52:37,383 INFO c.h.h.t.HelmChartContainer - [test-hivemq-platform] [hivemq] [d0837bc2] INFO  - Using TCP cluster transport on address 10.42.0.7 and port 7000
2025-01-28 23:52:37,404 INFO c.h.h.t.HelmChartContainer - [test-hivemq-platform] [hivemq] [d0837bc2] INFO  - Using extension cluster discovery
2025-01-28 23:52:37,406 INFO c.h.h.t.HelmChartContainer - [test-hivemq-platform] [hivemq] [d0837bc2] INFO  - Extension "DNS Cluster Discovery Extension" version 4.3.2 started successfully.
2025-01-28 23:52:37,406 INFO c.h.h.t.HelmChartContainer - [test-hivemq-platform] [hivemq] [d0837bc2] INFO  - Starting extension with id "hivemq-prometheus-extension" at /opt/hivemq/extensions/hivemq-prometheus-extension
2025-01-28 23:52:38,304 INFO c.h.h.t.HelmChartContainer - [test-hivemq-platform] [hivemq] [d0837bc2] INFO  - Started Jetty Server exposing Prometheus Servlet on URI http://0.0.0.0:9399/
2025-01-28 23:52:38,304 INFO c.h.h.t.HelmChartContainer - [test-hivemq-platform] [hivemq] [d0837bc2] INFO  - Extension "Prometheus Monitoring Extension" version 4.0.12 started successfully.
2025-01-28 23:52:38,304 INFO c.h.h.t.HelmChartContainer - [test-hivemq-platform] [hivemq] [d0837bc2] INFO  - Starting extension with id "hivemq-allow-all-extension" at /opt/hivemq/extensions/hivemq-allow-all-extension
2025-01-28 23:52:38,304 INFO c.h.h.t.HelmChartContainer - [test-hivemq-platform] [hivemq] [d0837bc2] WARN  - 
2025-01-28 23:52:38,304 INFO c.h.h.t.HelmChartContainer - [test-hivemq-platform] [hivemq] [d0837bc2] ################################################################################################################
2025-01-28 23:52:38,304 INFO c.h.h.t.HelmChartContainer - [test-hivemq-platform] [hivemq] [d0837bc2] # This HiveMQ deployment is not secure! You are lacking Authentication and Authorization.                      #
2025-01-28 23:52:38,304 INFO c.h.h.t.HelmChartContainer - [test-hivemq-platform] [hivemq] [d0837bc2] # Right now any MQTT client can connect to the broker with a full set of permissions.                          #
2025-01-28 23:52:38,304 INFO c.h.h.t.HelmChartContainer - [test-hivemq-platform] [hivemq] [d0837bc2] # For production usage, add an appropriate security extension and remove the hivemq-allow-all extension.       #
2025-01-28 23:52:38,305 INFO c.h.h.t.HelmChartContainer - [test-hivemq-platform] [hivemq] [d0837bc2] # You can download security extensions from the HiveMQ Marketplace (https://www.hivemq.com/extensions/).       #
2025-01-28 23:52:38,305 INFO c.h.h.t.HelmChartContainer - [test-hivemq-platform] [hivemq] [d0837bc2] ################################################################################################################
2025-01-28 23:52:38,305 INFO c.h.h.t.HelmChartContainer - [test-hivemq-platform] [hivemq] [d0837bc2] INFO  - Extension "Allow All Extension" version 1.1.1 started successfully.
2025-01-28 23:52:39,704 INFO c.h.h.t.HelmChartContainer - [hivemq-test-hivemq-platform] [hivemq-platform-operator] [61b3e6d7] 23:52:39.699 [pool-6-thread-3] DEBUG c.h.p.o.d.PlatformServiceResource - [helmaddi] Desired Platform services (3 services)
2025-01-28 23:52:39,704 INFO c.h.h.t.HelmChartContainer - [hivemq-test-hivemq-platform] [hivemq-platform-operator] [61b3e6d7] 23:52:39.701 [pool-6-thread-2] DEBUG c.h.p.o.dependants.PodInfoConfigMap - [helmaddi] Desired PodInfo ConfigMap (1 extensions) (1 enabled)
2025-01-28 23:52:39,704 INFO c.h.h.t.HelmChartContainer - [hivemq-test-hivemq-platform] [hivemq-platform-operator] [61b3e6d7] 23:52:39.702 [pool-6-thread-2] DEBUG c.h.p.o.dependants.PodInfoConfigMap - [helmaddi] Desired PodInfo ConfigMap (metrics port: 9399) (metrics path: /)
2025-01-28 23:52:39,704 INFO c.h.h.t.HelmChartContainer - [hivemq-test-hivemq-platform] [hivemq-platform-operator] [61b3e6d7] 23:52:39.702 [pool-6-thread-2] DEBUG c.h.p.o.dependants.PodInfoConfigMap - [helmaddi] Desired PodInfo ConfigMap (extension state hash: -1817474005)
2025-01-28 23:52:39,707 INFO c.h.h.t.HelmChartContainer - [hivemq-test-hivemq-platform] [hivemq-platform-operator] [61b3e6d7] 23:52:39.702 [pool-6-thread-4] DEBUG c.h.p.o.d.PodServiceAccountResource - [helmaddi] Desired PodServiceAccountResource (serviceAccountName: hivemq-platform-pod-test-hivemq-platform)
2025-01-28 23:52:39,712 INFO c.h.h.t.HelmChartContainer - [hivemq-test-hivemq-platform] [hivemq-platform-operator] [61b3e6d7] 23:52:39.711 [pool-6-thread-2] DEBUG c.h.p.o.d.StatefulSetResource - [helmaddi] Desired StatefulSet (1 replicas) for status STARTING (READY)
2025-01-28 23:52:39,726 INFO c.h.h.t.HelmChartContainer - [hivemq-test-hivemq-platform] [hivemq-platform-operator] [61b3e6d7] 23:52:39.725 [ReconcilerExecutor-hivemq-controller-113] INFO  c.h.p.o.HiveMQPlatformReconciler - [helmaddi] Reconciling HiveMQ Platform 'test-hivemq-platform' in namespace 'helmadditionalvolumesit'
2025-01-28 23:52:39,727 INFO c.h.h.t.HelmChartContainer - [hivemq-test-hivemq-platform] [hivemq-platform-operator] [61b3e6d7] 23:52:39.725 [ReconcilerExecutor-hivemq-controller-113] DEBUG c.h.p.o.HiveMQPlatformReconciler - [helmaddi] Custom Resource Status STARTING - HiveMQ Platform is starting (READY)
2025-01-28 23:52:39,727 INFO c.h.h.t.HelmChartContainer - [hivemq-test-hivemq-platform] [hivemq-platform-operator] [61b3e6d7] 23:52:39.725 [ReconcilerExecutor-hivemq-controller-113] DEBUG c.h.p.o.HiveMQPlatformReconciler - [helmaddi] Custom Resource Spec (replicas: 1) (extensions: 1)
2025-01-28 23:52:39,729 INFO c.h.h.t.HelmChartContainer - [hivemq-test-hivemq-platform] [hivemq-platform-operator] [61b3e6d7] 23:52:39.727 [ReconcilerExecutor-hivemq-controller-113] DEBUG c.h.p.o.HiveMQPlatformReconciler - [helmaddi] StatefulSet Status (revision: test-hivemq-platform-5d4d897885, replicas: 1, available: 0, ready: 0, current: 1, updated: 1)
2025-01-28 23:52:39,729 INFO c.h.h.t.HelmChartContainer - [hivemq-test-hivemq-platform] [hivemq-platform-operator] [61b3e6d7] 23:52:39.728 [ReconcilerExecutor-hivemq-controller-113] DEBUG c.h.p.o.HiveMQPlatformReconciler - [helmaddi] StatefulSet Spec (replicas: 1, init containers: 1, containers: 1, volumes: 7)
2025-01-28 23:52:39,730 INFO c.h.h.t.HelmChartContainer - [hivemq-test-hivemq-platform] [hivemq-platform-operator] [61b3e6d7] 23:52:39.730 [ReconcilerExecutor-hivemq-controller-113] DEBUG c.h.p.o.h.HiveMQPlatformReconcilerErrorHandler - [helmaddi] Pod 'test-hivemq-platform-0' phase Running
2025-01-28 23:52:39,782 INFO c.h.h.t.HelmChartContainer - [hivemq-test-hivemq-platform] [hivemq-platform-operator] [61b3e6d7] 23:52:39.782 [ReconcilerExecutor-hivemq-controller-113] INFO  c.h.p.o.h.HiveMQPlatformReconcilerBaseHandler - [helmaddi] HiveMQ Platform is starting, 0 of 1 replicas are ready
2025-01-28 23:52:40,104 INFO c.h.h.t.HelmChartContainer - [test-hivemq-platform] [hivemq] [d0837bc2] INFO  - [HiveMQ Platform Operator Init App 1.7.0-SNAPSHOT] Returning Health API response 503 for readiness
2025-01-28 23:52:40,108 INFO c.h.h.t.HelmChartContainer - [EVENT] Warning [Unhealthy] Readiness probe failed: HTTP probe failed with statuscode: 503 [helmadditionalvolumesit:test-hivemq-platform-0]
2025-01-28 23:52:40,108 INFO c.h.h.t.HelmChartContainer - Received Unhealthy event for container hivemq in pod test-hivemq-platform-0 [d0837bc2-0bfe-4663-829b-bccc5faf3b02]
2025-01-28 23:52:40,488 INFO c.h.h.t.HelmChartContainer - [test-hivemq-platform] [hivemq] [d0837bc2] INFO  - Tl3jd: no members discovered after 2585 ms: creating cluster as first member
2025-01-28 23:52:40,494 INFO c.h.h.t.HelmChartContainer - [test-hivemq-platform] [hivemq] [d0837bc2] INFO  - Cluster nodes found by discovery: [Tl3jd|0] (1) [Tl3jd].
2025-01-28 23:52:40,580 INFO c.h.h.t.HelmChartContainer - [test-hivemq-platform] [hivemq] [d0837bc2] WARN  - No user for HiveMQ Control Center configured. Starting with default user
2025-01-28 23:52:40,581 INFO c.h.h.t.HelmChartContainer - [test-hivemq-platform] [hivemq] [d0837bc2] INFO  - Starting HiveMQ Control Center on address 0.0.0.0 and port 8080
2025-01-28 23:52:40,587 INFO c.h.h.t.HelmChartContainer - [test-hivemq-platform] [hivemq] [d0837bc2] INFO  - Mounting HiveMQ Control Center V2 Preview
2025-01-28 23:52:41,200 INFO c.h.h.t.HelmChartContainer - [test-hivemq-platform] [hivemq] [d0837bc2] INFO  - Started HiveMQ Control Center in 621ms
2025-01-28 23:52:41,291 INFO c.h.h.t.HelmChartContainer - [test-hivemq-platform] [hivemq] [d0837bc2] INFO  - Starting TCP listener on address 0.0.0.0 and port 1883
2025-01-28 23:52:41,379 INFO c.h.h.t.HelmChartContainer - [test-hivemq-platform] [hivemq] [d0837bc2] INFO  - Started TCP Listener on address 0.0.0.0 and on port 1883.
2025-01-28 23:52:41,379 INFO c.h.h.t.HelmChartContainer - [test-hivemq-platform] [hivemq] [d0837bc2] INFO  - Started HiveMQ in 29977ms
2025-01-28 23:52:44,518 INFO c.h.h.t.HelmChartContainer - [test-hivemq-platform] [hivemq] [d0837bc2] INFO  - [HiveMQ Platform Operator Init App 1.7.0-SNAPSHOT] Returning Health API response 200 for readiness
2025-01-28 23:52:44,538 INFO c.h.h.t.HelmChartContainer - [POD] test-hivemq-platform-0 [d0837bc2-0bfe-4663-829b-bccc5faf3b02] in helmadditionalvolumesit was MODIFIED
2025-01-28 23:52:44,551 INFO c.h.h.t.HelmChartContainer - [hivemq-test-hivemq-platform] [hivemq-platform-operator] [61b3e6d7] 23:52:44.547 [pool-6-thread-17] DEBUG c.h.p.o.d.PlatformServiceResource - [helmaddi] Desired Platform services (3 services)
2025-01-28 23:52:44,552 INFO c.h.h.t.HelmChartContainer - [hivemq-test-hivemq-platform] [hivemq-platform-operator] [61b3e6d7] 23:52:44.551 [pool-6-thread-14] DEBUG c.h.p.o.dependants.PodInfoConfigMap - [helmaddi] Desired PodInfo ConfigMap (1 extensions) (1 enabled)
2025-01-28 23:52:44,552 INFO c.h.h.t.HelmChartContainer - [hivemq-test-hivemq-platform] [hivemq-platform-operator] [61b3e6d7] 23:52:44.551 [pool-6-thread-14] DEBUG c.h.p.o.dependants.PodInfoConfigMap - [helmaddi] Desired PodInfo ConfigMap (metrics port: 9399) (metrics path: /)
2025-01-28 23:52:44,552 INFO c.h.h.t.HelmChartContainer - [hivemq-test-hivemq-platform] [hivemq-platform-operator] [61b3e6d7] 23:52:44.551 [pool-6-thread-14] DEBUG c.h.p.o.dependants.PodInfoConfigMap - [helmaddi] Desired PodInfo ConfigMap (extension state hash: -1817474005)
2025-01-28 23:52:44,554 INFO c.h.h.t.HelmChartContainer - [hivemq-test-hivemq-platform] [hivemq-platform-operator] [61b3e6d7] 23:52:44.552 [pool-6-thread-12] DEBUG c.h.p.o.d.PodServiceAccountResource - [helmaddi] Desired PodServiceAccountResource (serviceAccountName: hivemq-platform-pod-test-hivemq-platform)
2025-01-28 23:52:44,561 INFO c.h.h.t.HelmChartContainer - [hivemq-test-hivemq-platform] [hivemq-platform-operator] [61b3e6d7] 23:52:44.560 [pool-6-thread-17] DEBUG c.h.p.o.d.StatefulSetResource - [helmaddi] Desired StatefulSet (1 replicas) for status STARTING (READY)
2025-01-28 23:52:44,583 INFO c.h.h.t.HelmChartContainer - [hivemq-test-hivemq-platform] [hivemq-platform-operator] [61b3e6d7] 23:52:44.582 [ReconcilerExecutor-hivemq-controller-114] INFO  c.h.p.o.HiveMQPlatformReconciler - [helmaddi] Reconciling HiveMQ Platform 'test-hivemq-platform' in namespace 'helmadditionalvolumesit'
2025-01-28 23:52:44,583 INFO c.h.h.t.HelmChartContainer - [hivemq-test-hivemq-platform] [hivemq-platform-operator] [61b3e6d7] 23:52:44.582 [ReconcilerExecutor-hivemq-controller-114] DEBUG c.h.p.o.HiveMQPlatformReconciler - [helmaddi] Custom Resource Status STARTING - HiveMQ Platform is starting (READY)
2025-01-28 23:52:44,584 INFO c.h.h.t.HelmChartContainer - [hivemq-test-hivemq-platform] [hivemq-platform-operator] [61b3e6d7] 23:52:44.583 [ReconcilerExecutor-hivemq-controller-114] DEBUG c.h.p.o.HiveMQPlatformReconciler - [helmaddi] Custom Resource Spec (replicas: 1) (extensions: 1)
2025-01-28 23:52:44,635 INFO c.h.h.t.HelmChartContainer - [hivemq-test-hivemq-platform] [hivemq-platform-operator] [61b3e6d7] 23:52:44.634 [ReconcilerExecutor-hivemq-controller-114] DEBUG c.h.p.o.HiveMQPlatformReconciler - [helmaddi] StatefulSet Status (revision: test-hivemq-platform-5d4d897885, replicas: 1, available: 1, ready: 1, current: 1, updated: 1)
2025-01-28 23:52:44,635 INFO c.h.h.t.HelmChartContainer - [hivemq-test-hivemq-platform] [hivemq-platform-operator] [61b3e6d7] 23:52:44.634 [ReconcilerExecutor-hivemq-controller-114] DEBUG c.h.p.o.HiveMQPlatformReconciler - [helmaddi] StatefulSet Spec (replicas: 1, init containers: 1, containers: 1, volumes: 7)
2025-01-28 23:52:44,637 INFO c.h.h.t.HelmChartContainer - [hivemq-test-hivemq-platform] [hivemq-platform-operator] [61b3e6d7] 23:52:44.635 [ReconcilerExecutor-hivemq-controller-114] DEBUG c.h.p.o.h.HiveMQPlatformReconcilerErrorHandler - [helmaddi] Pod 'test-hivemq-platform-0' phase Running
2025-01-28 23:52:44,638 INFO c.h.h.t.HelmChartContainer - [hivemq-test-hivemq-platform] [hivemq-platform-operator] [61b3e6d7] 23:52:44.636 [ReconcilerExecutor-hivemq-controller-114] INFO  c.h.p.o.h.HiveMQPlatformReconcilerBaseHandler - [helmaddi] HiveMQ Platform started successfully
2025-01-28 23:52:44,734 INFO c.h.h.t.HelmChartContainer - [hivemq-test-hivemq-platform] [hivemq-platform-operator] [61b3e6d7] 23:52:44.732 [ReconcilerExecutor-hivemq-controller-114] DEBUG c.h.p.operator.event.EventSender - [helmaddi] Creating K8s event hivemq-platform-ready: [Ready] HiveMQ Platform is ready
2025-01-28 23:52:44,742 INFO c.h.h.t.HelmChartContainer - [EVENT] Normal [Ready] HiveMQ Platform is ready [helmadditionalvolumesit:test-hivemq-platform]
2025-01-28 23:52:44,744 INFO c.h.h.t.HelmChartContainer - [hivemq-test-hivemq-platform] [hivemq-platform-operator] [61b3e6d7] 23:52:44.743 [ReconcilerExecutor-hivemq-controller-114] INFO  c.h.p.o.h.AbstractHiveMQReconcilerStateHandler - [helmaddi] Update HiveMQ Platform Status (STARTING [READY] -> RUNNING [READY]): HiveMQ Platform is ready
2025-01-28 23:52:44,753 DEBUG com.hivemq.helmcharts.util.K8sUtil - Comparing actual state 'RUNNING' and waiting for 'RUNNING'
2025-01-28 23:52:44,757 INFO c.h.h.t.HelmChartContainer - [hivemq-test-hivemq-platform] [hivemq-platform-operator] [61b3e6d7] 23:52:44.755 [pool-6-thread-21] DEBUG c.h.p.o.d.PlatformServiceResource - [helmaddi] Desired Platform services (3 services)
2025-01-28 23:52:44,783 INFO c.h.h.t.HelmChartContainer - [hivemq-test-hivemq-platform] [hivemq-platform-operator] [61b3e6d7] 23:52:44.782 [pool-6-thread-24] DEBUG c.h.p.o.d.PodServiceAccountResource - [helmaddi] Desired PodServiceAccountResource (serviceAccountName: hivemq-platform-pod-test-hivemq-platform)
2025-01-28 23:52:44,784 INFO c.h.h.t.HelmChartContainer - [hivemq-test-hivemq-platform] [hivemq-platform-operator] [61b3e6d7] 23:52:44.782 [pool-6-thread-28] DEBUG c.h.p.o.dependants.PodInfoConfigMap - [helmaddi] Desired PodInfo ConfigMap (1 extensions) (1 enabled)
2025-01-28 23:52:44,784 INFO c.h.h.t.HelmChartContainer - [hivemq-test-hivemq-platform] [hivemq-platform-operator] [61b3e6d7] 23:52:44.784 [pool-6-thread-28] DEBUG c.h.p.o.dependants.PodInfoConfigMap - [helmaddi] Desired PodInfo ConfigMap (metrics port: 9399) (metrics path: /)
2025-01-28 23:52:44,784 INFO c.h.h.t.HelmChartContainer - [hivemq-test-hivemq-platform] [hivemq-platform-operator] [61b3e6d7] 23:52:44.784 [pool-6-thread-28] DEBUG c.h.p.o.dependants.PodInfoConfigMap - [helmaddi] Desired PodInfo ConfigMap (extension state hash: -1817474005)
2025-01-28 23:52:44,834 INFO c.h.h.t.HelmChartContainer - [hivemq-test-hivemq-platform] [hivemq-platform-operator] [61b3e6d7] 23:52:44.833 [pool-6-thread-28] DEBUG c.h.p.o.dependants.PodInfoConfigMap - [helmaddi] Update PodInfo ConfigMap
2025-01-28 23:52:44,844 INFO c.h.h.t.HelmChartContainer - [hivemq-test-hivemq-platform] [hivemq-platform-operator] [61b3e6d7] 23:52:44.842 [pool-6-thread-28] DEBUG c.h.p.o.d.StatefulSetResource - [helmaddi] Desired StatefulSet (1 replicas) for status RUNNING (READY)
2025-01-28 23:52:44,848 INFO c.h.h.t.HelmChartContainer - [hivemq-test-hivemq-platform] [hivemq-platform-operator] [61b3e6d7] 23:52:44.846 [ReconcilerExecutor-hivemq-controller-115] INFO  c.h.p.o.HiveMQPlatformReconciler - [helmaddi] Reconciling HiveMQ Platform 'test-hivemq-platform' in namespace 'helmadditionalvolumesit'
2025-01-28 23:52:44,848 INFO c.h.h.t.HelmChartContainer - [hivemq-test-hivemq-platform] [hivemq-platform-operator] [61b3e6d7] 23:52:44.847 [ReconcilerExecutor-hivemq-controller-115] DEBUG c.h.p.o.HiveMQPlatformReconciler - [helmaddi] Custom Resource Status RUNNING - HiveMQ Platform is ready (READY)
2025-01-28 23:52:44,849 INFO c.h.h.t.HelmChartContainer - [hivemq-test-hivemq-platform] [hivemq-platform-operator] [61b3e6d7] 23:52:44.847 [ReconcilerExecutor-hivemq-controller-115] DEBUG c.h.p.o.HiveMQPlatformReconciler - [helmaddi] Custom Resource Spec (replicas: 1) (extensions: 1)
2025-01-28 23:52:44,850 INFO c.h.h.t.HelmChartContainer - [hivemq-test-hivemq-platform] [hivemq-platform-operator] [61b3e6d7] 23:52:44.849 [ReconcilerExecutor-hivemq-controller-115] DEBUG c.h.p.o.HiveMQPlatformReconciler - [helmaddi] StatefulSet Status (revision: test-hivemq-platform-5d4d897885, replicas: 1, available: 1, ready: 1, current: 1, updated: 1)
2025-01-28 23:52:44,850 INFO c.h.h.t.HelmChartContainer - [hivemq-test-hivemq-platform] [hivemq-platform-operator] [61b3e6d7] 23:52:44.849 [ReconcilerExecutor-hivemq-controller-115] DEBUG c.h.p.o.HiveMQPlatformReconciler - [helmaddi] StatefulSet Spec (replicas: 1, init containers: 1, containers: 1, volumes: 7)
2025-01-28 23:52:44,851 INFO c.h.h.t.HelmChartContainer - [hivemq-test-hivemq-platform] [hivemq-platform-operator] [61b3e6d7] 23:52:44.850 [ReconcilerExecutor-hivemq-controller-115] DEBUG c.h.p.o.h.HiveMQPlatformReconcilerErrorHandler - [helmaddi] Pod 'test-hivemq-platform-0' phase Running
2025-01-28 23:52:46,789 INFO c.h.h.t.HelmChartContainer - Uninstalling release 'test-hivemq-platform' in namespace 'helmadditionalvolumesit'...
2025-01-28 23:52:46,789 DEBUG c.h.h.t.HelmChartContainer - Executing helm command: /bin/helm --kubeconfig /etc/rancher/k3s/k3s.yaml uninstall test-hivemq-platform  --wait --timeout 5m0s --cascade foreground --namespace helmadditionalvolumesit
2025-01-28 23:52:46,978 INFO c.h.h.t.HelmChartContainer - [hivemq-test-hivemq-platform] [hivemq-platform-operator] [61b3e6d7] 23:52:46.974 [pool-6-thread-34] DEBUG c.h.p.o.d.PlatformServiceResource - [helmaddi] Desired Platform services (3 services)
2025-01-28 23:52:46,989 INFO c.h.h.t.HelmChartContainer - [hivemq-test-hivemq-platform] [hivemq-platform-operator] [61b3e6d7] 23:52:46.980 [pool-6-thread-37] DEBUG c.h.p.o.dependants.PodInfoConfigMap - [helmaddi] Desired PodInfo ConfigMap (1 extensions) (1 enabled)
2025-01-28 23:52:46,989 INFO c.h.h.t.HelmChartContainer - [hivemq-test-hivemq-platform] [hivemq-platform-operator] [61b3e6d7] 23:52:46.981 [pool-6-thread-37] DEBUG c.h.p.o.dependants.PodInfoConfigMap - [helmaddi] Desired PodInfo ConfigMap (metrics port: 9399) (metrics path: /)
2025-01-28 23:52:46,989 INFO c.h.h.t.HelmChartContainer - [hivemq-test-hivemq-platform] [hivemq-platform-operator] [61b3e6d7] 23:52:46.981 [pool-6-thread-37] DEBUG c.h.p.o.dependants.PodInfoConfigMap - [helmaddi] Desired PodInfo ConfigMap (extension state hash: -1817474005)
2025-01-28 23:52:46,992 INFO c.h.h.t.HelmChartContainer - [hivemq-test-hivemq-platform] [hivemq-platform-operator] [61b3e6d7] 23:52:46.985 [pool-6-thread-31] DEBUG c.h.p.o.d.PodServiceAccountResource - [helmaddi] Desired PodServiceAccountResource (serviceAccountName: hivemq-platform-pod-test-hivemq-platform)
2025-01-28 23:52:47,037 INFO c.h.h.t.HelmChartContainer - [hivemq-test-hivemq-platform] [hivemq-platform-operator] [61b3e6d7] 23:52:47.035 [pool-6-thread-37] DEBUG c.h.p.o.d.PodRoleBindingResource - [helmaddi] Create RoleBinding: RoleBinding(apiVersion=rbac.authorization.k8s.io/v1, kind=RoleBinding, metadata=ObjectMeta(annotations={meta.helm.sh/release-name=test-hivemq-platform, meta.helm.sh/release-namespace=helmadditionalvolumesit}, creationTimestamp=null, deletionGracePeriodSeconds=null, deletionTimestamp=null, finalizers=[], generateName=null, generation=null, labels={helm.sh/chart=hivemq-platform-0.2.32, app.kubernetes.io/managed-by=Helm, app.kubernetes.io/name=hivemq-platform, hivemq-platform=test-hivemq-platform, app.kubernetes.io/instance=test-hivemq-platform, app.kubernetes.io/version=4.36.0}, managedFields=[], name=hivemq-platform-role-binding-test-hivemq-platform, namespace=helmadditionalvolumesit, ownerReferences=[OwnerReference(apiVersion=hivemq.com/v1, blockOwnerDeletion=null, controller=null, kind=HiveMQPlatform, name=test-hivemq-platform, uid=5706a38a-acb6-4e02-bd0d-f4dcf757466a, additionalProperties={})], resourceVersion=null, selfLink=null, uid=null, additionalProperties={}), roleRef=RoleRef(apiGroup=rbac.authorization.k8s.io, kind=Role, name=hivemq-platform-role-test-hivemq-platform, additionalProperties={}), subjects=[Subject(apiGroup=null, kind=ServiceAccount, name=hivemq-platform-pod-test-hivemq-platform, namespace=helmadditionalvolumesit, additionalProperties={})], additionalProperties={})
2025-01-28 23:52:47,041 INFO c.h.h.t.HelmChartContainer - [hivemq-test-hivemq-platform] [hivemq-platform-operator] [61b3e6d7] 23:52:47.040 [pool-6-thread-31] DEBUG c.h.p.o.d.StatefulSetResource - [helmaddi] Desired StatefulSet (1 replicas) for status RUNNING (READY)
2025-01-28 23:52:47,138 INFO c.h.h.t.HelmChartContainer - [hivemq-test-hivemq-platform] [hivemq-platform-operator] [61b3e6d7] 23:52:47.135 [pool-6-thread-31] DEBUG c.h.p.o.d.StatefulSetResource - [helmaddi] Update StatefulSet (replicas: 1 -> 1)
2025-01-28 23:52:47,139 INFO c.h.h.t.HelmChartContainer - [hivemq-test-hivemq-platform] [hivemq-platform-operator] [61b3e6d7] 23:52:47.136 [pool-6-thread-31] DEBUG c.h.p.o.d.StatefulSetResource - [helmaddi] Detected change in StatefulSet specification (path: /template/metadata/annotations/kubernetes-resource-versions) (actual value: {broker-configuration-v2=-2089688360}) (target value: {broker-configuration-v2=0})
2025-01-28 23:52:47,139 INFO c.h.h.t.HelmChartContainer - [hivemq-test-hivemq-platform] [hivemq-platform-operator] [61b3e6d7] 23:52:47.136 [pool-6-thread-31] INFO  c.h.p.o.d.StatefulSetResource - [helmaddi] StatefulSet spec was updated, triggering rolling restart
2025-01-28 23:52:47,242 INFO c.h.h.t.HelmChartContainer - [hivemq-test-hivemq-platform] [hivemq-platform-operator] [61b3e6d7] 23:52:47.237 [ReconcilerExecutor-hivemq-controller-116] ERROR i.j.o.p.event.EventProcessor - Error during event processing ExecutionScope{ resource id: ResourceID{name='test-hivemq-platform', namespace='helmadditionalvolumesit'}, version: 630}
2025-01-28 23:52:47,242 INFO c.h.h.t.HelmChartContainer - [hivemq-test-hivemq-platform] [hivemq-platform-operator] [61b3e6d7] io.javaoperatorsdk.operator.OperatorException: io.javaoperatorsdk.operator.AggregatedOperatorException: Exception(s) during workflow execution. Details:
2025-01-28 23:52:47,242 INFO c.h.h.t.HelmChartContainer - [hivemq-test-hivemq-platform] [hivemq-platform-operator] [61b3e6d7]  - com.hivemq.platform.operator.dependants.PodRoleBindingResource -> io.fabric8.kubernetes.client.KubernetesClientException: Failure executing: PATCH at: https://10.43.0.1:443/apis/rbac.authorization.k8s.io/v1/namespaces/helmadditionalvolumesit/rolebindings/hivemq-platform-role-binding-test-hivemq-platform?fieldManager=hivemq-controller&force=true. Message: rolebindings.rbac.authorization.k8s.io "hivemq-platform-role-test-hivemq-platform" not found. Received status: Status(apiVersion=v1, code=404, details=StatusDetails(causes=[], group=rbac.authorization.k8s.io, kind=rolebindings, name=hivemq-platform-role-test-hivemq-platform, retryAfterSeconds=null, uid=null, additionalProperties={}), kind=Status, message=rolebindings.rbac.authorization.k8s.io "hivemq-platform-role-test-hivemq-platform" not found, metadata=ListMeta(_continue=null, remainingItemCount=null, resourceVersion=null, selfLink=null, additionalProperties={}), reason=NotFound, status=Failure, additionalProperties={}).
2025-01-28 23:52:47,242 INFO c.h.h.t.HelmChartContainer - [hivemq-test-hivemq-platform] [hivemq-platform-operator] [61b3e6d7] 	at io.fabric8.kubernetes.client.KubernetesClientException.copyAsCause(KubernetesClientException.java:238)
2025-01-28 23:52:47,242 INFO c.h.h.t.HelmChartContainer - [hivemq-test-hivemq-platform] [hivemq-platform-operator] [61b3e6d7] 	at io.fabric8.kubernetes.client.dsl.internal.OperationSupport.waitForResult(OperationSupport.java:507)
2025-01-28 23:52:47,242 INFO c.h.h.t.HelmChartContainer - [hivemq-test-hivemq-platform] [hivemq-platform-operator] [61b3e6d7] 	at io.fabric8.kubernetes.client.dsl.internal.OperationSupport.handleResponse(OperationSupport.java:524)
2025-01-28 23:52:47,242 INFO c.h.h.t.HelmChartContainer - [hivemq-test-hivemq-platform] [hivemq-platform-operator] [61b3e6d7] 	at io.fabric8.kubernetes.client.dsl.internal.OperationSupport.handlePatch(OperationSupport.java:419)
2025-01-28 23:52:47,242 INFO c.h.h.t.HelmChartContainer - [hivemq-test-hivemq-platform] [hivemq-platform-operator] [61b3e6d7] 	at io.fabric8.kubernetes.client.dsl.internal.OperationSupport.handlePatch(OperationSupport.java:397)
2025-01-28 23:52:47,242 INFO c.h.h.t.HelmChartContainer - [hivemq-test-hivemq-platform] [hivemq-platform-operator] [61b3e6d7] 	at io.fabric8.kubernetes.client.dsl.internal.BaseOperation.handlePatch(BaseOperation.java:764)
2025-01-28 23:52:47,242 INFO c.h.h.t.HelmChartContainer - [hivemq-test-hivemq-platform] [hivemq-platform-operator] [61b3e6d7] 	at io.fabric8.kubernetes.client.dsl.internal.HasMetadataOperation.lambda$patch$2(HasMetadataOperation.java:231)
2025-01-28 23:52:47,242 INFO c.h.h.t.HelmChartContainer - [hivemq-test-hivemq-platform] [hivemq-platform-operator] [61b3e6d7] 	at io.fabric8.kubernetes.client.dsl.internal.HasMetadataOperation.patch(HasMetadataOperation.java:236)
2025-01-28 23:52:47,242 INFO c.h.h.t.HelmChartContainer - [hivemq-test-hivemq-platform] [hivemq-platform-operator] [61b3e6d7] 	at io.fabric8.kubernetes.client.dsl.internal.HasMetadataOperation.patch(HasMetadataOperation.java:251)
2025-01-28 23:52:47,242 INFO c.h.h.t.HelmChartContainer - [hivemq-test-hivemq-platform] [hivemq-platform-operator] [61b3e6d7] 	at io.fabric8.kubernetes.client.dsl.internal.BaseOperation.serverSideApply(BaseOperation.java:1179)
2025-01-28 23:52:47,242 INFO c.h.h.t.HelmChartContainer - [hivemq-test-hivemq-platform] [hivemq-platform-operator] [61b3e6d7] 	at io.fabric8.kubernetes.client.dsl.internal.BaseOperation.serverSideApply(BaseOperation.java:98)
2025-01-28 23:52:47,242 INFO c.h.h.t.HelmChartContainer - [hivemq-test-hivemq-platform] [hivemq-platform-operator] [61b3e6d7] 	at io.javaoperatorsdk.operator.processing.dependent.kubernetes.KubernetesDependentResource.create(KubernetesDependentResource.java:123)
2025-01-28 23:52:47,242 INFO c.h.h.t.HelmChartContainer - [hivemq-test-hivemq-platform] [hivemq-platform-operator] [61b3e6d7] 	at com.hivemq.platform.operator.dependants.PodRoleBindingResource.create(PodRoleBindingResource.java:55)
2025-01-28 23:52:47,242 INFO c.h.h.t.HelmChartContainer - [hivemq-test-hivemq-platform] [hivemq-platform-operator] [61b3e6d7] 	at com.hivemq.platform.operator.dependants.PodRoleBindingResource.create(PodRoleBindingResource.java:22)
2025-01-28 23:52:47,242 INFO c.h.h.t.HelmChartContainer - [hivemq-test-hivemq-platform] [hivemq-platform-operator] [61b3e6d7] 	at io.javaoperatorsdk.operator.processing.dependent.AbstractDependentResource.handleCreate(AbstractDependentResource.java:119)
2025-01-28 23:52:47,242 INFO c.h.h.t.HelmChartContainer - [hivemq-test-hivemq-platform] [hivemq-platform-operator] [61b3e6d7] 	at io.javaoperatorsdk.operator.processing.dependent.AbstractDependentResource.reconcile(AbstractDependentResource.java:62)
2025-01-28 23:52:47,242 INFO c.h.h.t.HelmChartContainer - [hivemq-test-hivemq-platform] [hivemq-platform-operator] [61b3e6d7] 	at io.javaoperatorsdk.operator.processing.dependent.SingleDependentResourceReconciler.reconcile(SingleDependentResourceReconciler.java:19)
2025-01-28 23:52:47,243 INFO c.h.h.t.HelmChartContainer - [hivemq-test-hivemq-platform] [hivemq-platform-operator] [61b3e6d7] 	at io.javaoperatorsdk.operator.processing.dependent.AbstractDependentResource.reconcile(AbstractDependentResource.java:52)
2025-01-28 23:52:47,243 INFO c.h.h.t.HelmChartContainer - [hivemq-test-hivemq-platform] [hivemq-platform-operator] [61b3e6d7] 	at com.hivemq.platform.operator.dependants.PodRoleBindingResource.reconcile(PodRoleBindingResource.java:46)
2025-01-28 23:52:47,243 INFO c.h.h.t.HelmChartContainer - [hivemq-test-hivemq-platform] [hivemq-platform-operator] [61b3e6d7] 	at com.hivemq.platform.operator.dependants.PodRoleBindingResource.reconcile(PodRoleBindingResource.java:22)
2025-01-28 23:52:47,243 INFO c.h.h.t.HelmChartContainer - [hivemq-test-hivemq-platform] [hivemq-platform-operator] [61b3e6d7] 	at io.javaoperatorsdk.operator.processing.dependent.workflow.WorkflowReconcileExecutor$NodeReconcileExecutor.doRun(WorkflowReconcileExecutor.java:123)
2025-01-28 23:52:47,243 INFO c.h.h.t.HelmChartContainer - [hivemq-test-hivemq-platform] [hivemq-platform-operator] [61b3e6d7] 	at io.javaoperatorsdk.operator.processing.dependent.workflow.NodeExecutor.run(NodeExecutor.java:22)
2025-01-28 23:52:47,243 INFO c.h.h.t.HelmChartContainer - [hivemq-test-hivemq-platform] [hivemq-platform-operator] [61b3e6d7] 	at java.base/java.util.concurrent.Executors$RunnableAdapter.call(Unknown Source)
2025-01-28 23:52:47,243 INFO c.h.h.t.HelmChartContainer - [hivemq-test-hivemq-platform] [hivemq-platform-operator] [61b3e6d7] 	at java.base/java.util.concurrent.FutureTask.run(Unknown Source)
2025-01-28 23:52:47,243 INFO c.h.h.t.HelmChartContainer - [hivemq-test-hivemq-platform] [hivemq-platform-operator] [61b3e6d7] 	at java.base/java.util.concurrent.ThreadPoolExecutor.runWorker(Unknown Source)
2025-01-28 23:52:47,243 INFO c.h.h.t.HelmChartContainer - [hivemq-test-hivemq-platform] [hivemq-platform-operator] [61b3e6d7] 	at java.base/java.util.concurrent.ThreadPoolExecutor$Worker.run(Unknown Source)
2025-01-28 23:52:47,243 INFO c.h.h.t.HelmChartContainer - [hivemq-test-hivemq-platform] [hivemq-platform-operator] [61b3e6d7] 	at java.base/java.lang.Thread.run(Unknown Source)
2025-01-28 23:52:47,243 INFO c.h.h.t.HelmChartContainer - [hivemq-test-hivemq-platform] [hivemq-platform-operator] [61b3e6d7] Caused by: io.fabric8.kubernetes.client.KubernetesClientException: Failure executing: PATCH at: https://10.43.0.1:443/apis/rbac.authorization.k8s.io/v1/namespaces/helmadditionalvolumesit/rolebindings/hivemq-platform-role-binding-test-hivemq-platform?fieldManager=hivemq-controller&force=true. Message: rolebindings.rbac.authorization.k8s.io "hivemq-platform-role-test-hivemq-platform" not found. Received status: Status(apiVersion=v1, code=404, details=StatusDetails(causes=[], group=rbac.authorization.k8s.io, kind=rolebindings, name=hivemq-platform-role-test-hivemq-platform, retryAfterSeconds=null, uid=null, additionalProperties={}), kind=Status, message=rolebindings.rbac.authorization.k8s.io "hivemq-platform-role-test-hivemq-platform" not found, metadata=ListMeta(_continue=null, remainingItemCount=null, resourceVersion=null, selfLink=null, additionalProperties={}), reason=NotFound, status=Failure, additionalProperties={}).
2025-01-28 23:52:47,243 INFO c.h.h.t.HelmChartContainer - [hivemq-test-hivemq-platform] [hivemq-platform-operator] [61b3e6d7] 	at io.fabric8.kubernetes.client.dsl.internal.OperationSupport.requestFailure(OperationSupport.java:660)
2025-01-28 23:52:47,243 INFO c.h.h.t.HelmChartContainer - [hivemq-test-hivemq-platform] [hivemq-platform-operator] [61b3e6d7] 	at io.fabric8.kubernetes.client.dsl.internal.OperationSupport.requestFailure(OperationSupport.java:640)
2025-01-28 23:52:47,243 INFO c.h.h.t.HelmChartContainer - [hivemq-test-hivemq-platform] [hivemq-platform-operator] [61b3e6d7] 	at io.fabric8.kubernetes.client.dsl.internal.OperationSupport.assertResponseCode(OperationSupport.java:589)
2025-01-28 23:52:47,243 INFO c.h.h.t.HelmChartContainer - [hivemq-test-hivemq-platform] [hivemq-platform-operator] [61b3e6d7] 	at io.fabric8.kubernetes.client.dsl.internal.OperationSupport.lambda$handleResponse$0(OperationSupport.java:549)
2025-01-28 23:52:47,243 INFO c.h.h.t.HelmChartContainer - [hivemq-test-hivemq-platform] [hivemq-platform-operator] [61b3e6d7] 	at java.base/java.util.concurrent.CompletableFuture$UniApply.tryFire(Unknown Source)
2025-01-28 23:52:47,243 INFO c.h.h.t.HelmChartContainer - [hivemq-test-hivemq-platform] [hivemq-platform-operator] [61b3e6d7] 	at java.base/java.util.concurrent.CompletableFuture.postComplete(Unknown Source)
2025-01-28 23:52:47,243 INFO c.h.h.t.HelmChartContainer - [hivemq-test-hivemq-platform] [hivemq-platform-operator] [61b3e6d7] 	at java.base/java.util.concurrent.CompletableFuture.complete(Unknown Source)
2025-01-28 23:52:47,243 INFO c.h.h.t.HelmChartContainer - [hivemq-test-hivemq-platform] [hivemq-platform-operator] [61b3e6d7] 	at io.fabric8.kubernetes.client.http.StandardHttpClient.lambda$completeOrCancel$10(StandardHttpClient.java:141)
2025-01-28 23:52:47,243 INFO c.h.h.t.HelmChartContainer - [hivemq-test-hivemq-platform] [hivemq-platform-operator] [61b3e6d7] 	at java.base/java.util.concurrent.CompletableFuture.uniWhenComplete(Unknown Source)
2025-01-28 23:52:47,243 INFO c.h.h.t.HelmChartContainer - [hivemq-test-hivemq-platform] [hivemq-platform-operator] [61b3e6d7] 	at java.base/java.util.concurrent.CompletableFuture$UniWhenComplete.tryFire(Unknown Source)
2025-01-28 23:52:47,243 INFO c.h.h.t.HelmChartContainer - [hivemq-test-hivemq-platform] [hivemq-platform-operator] [61b3e6d7] 	at java.base/java.util.concurrent.CompletableFuture.postComplete(Unknown Source)
2025-01-28 23:52:47,243 INFO c.h.h.t.HelmChartContainer - [hivemq-test-hivemq-platform] [hivemq-platform-operator] [61b3e6d7] 	at java.base/java.util.concurrent.CompletableFuture.complete(Unknown Source)
2025-01-28 23:52:47,243 INFO c.h.h.t.HelmChartContainer - [hivemq-test-hivemq-platform] [hivemq-platform-operator] [61b3e6d7] 	at io.fabric8.kubernetes.client.http.ByteArrayBodyHandler.onBodyDone(ByteArrayBodyHandler.java:51)
2025-01-28 23:52:47,243 INFO c.h.h.t.HelmChartContainer - [hivemq-test-hivemq-platform] [hivemq-platform-operator] [61b3e6d7] 	at java.base/java.util.concurrent.CompletableFuture.uniWhenComplete(Unknown Source)
2025-01-28 23:52:47,247 INFO c.h.h.t.HelmChartContainer - [hivemq-test-hivemq-platform] [hivemq-platform-operator] [61b3e6d7] 	at java.base/java.util.concurrent.CompletableFuture$UniWhenComplete.tryFire(Unknown Source)
2025-01-28 23:52:47,247 INFO c.h.h.t.HelmChartContainer - [hivemq-test-hivemq-platform] [hivemq-platform-operator] [61b3e6d7] 	at java.base/java.util.concurrent.CompletableFuture.postComplete(Unknown Source)
2025-01-28 23:52:47,247 INFO c.h.h.t.HelmChartContainer - [hivemq-test-hivemq-platform] [hivemq-platform-operator] [61b3e6d7] 	at java.base/java.util.concurrent.CompletableFuture.complete(Unknown Source)
2025-01-28 23:52:47,247 INFO c.h.h.t.HelmChartContainer - [hivemq-test-hivemq-platform] [hivemq-platform-operator] [61b3e6d7] 	at io.fabric8.kubernetes.client.vertx.VertxHttpRequest.lambda$null$1(VertxHttpRequest.java:121)
2025-01-28 23:52:47,247 INFO c.h.h.t.HelmChartContainer - [hivemq-test-hivemq-platform] [hivemq-platform-operator] [61b3e6d7] 	at io.vertx.core.impl.ContextInternal.dispatch(ContextInternal.java:279)
2025-01-28 23:52:47,247 INFO c.h.h.t.HelmChartContainer - [hivemq-test-hivemq-platform] [hivemq-platform-operator] [61b3e6d7] 	at io.vertx.core.impl.ContextInternal.dispatch(ContextInternal.java:261)
2025-01-28 23:52:47,247 INFO c.h.h.t.HelmChartContainer - [hivemq-test-hivemq-platform] [hivemq-platform-operator] [61b3e6d7] 	at io.vertx.core.http.impl.HttpEventHandler.handleEnd(HttpEventHandler.java:76)
2025-01-28 23:52:47,247 INFO c.h.h.t.HelmChartContainer - [hivemq-test-hivemq-platform] [hivemq-platform-operator] [61b3e6d7] 	at io.vertx.core.http.impl.HttpClientResponseImpl.handleEnd(HttpClientResponseImpl.java:250)
2025-01-28 23:52:47,247 INFO c.h.h.t.HelmChartContainer - [hivemq-test-hivemq-platform] [hivemq-platform-operator] [61b3e6d7] 	at io.vertx.core.http.impl.Http1xClientConnection$StreamImpl.lambda$new$0(Http1xClientConnection.java:421)
2025-01-28 23:52:47,247 INFO c.h.h.t.HelmChartContainer - [hivemq-test-hivemq-platform] [hivemq-platform-operator] [61b3e6d7] 	at io.vertx.core.streams.impl.InboundBuffer.handleEvent(InboundBuffer.java:279)
2025-01-28 23:52:47,247 INFO c.h.h.t.HelmChartContainer - [hivemq-test-hivemq-platform] [hivemq-platform-operator] [61b3e6d7] 	at io.vertx.core.streams.impl.InboundBuffer.write(InboundBuffer.java:157)
2025-01-28 23:52:47,247 INFO c.h.h.t.HelmChartContainer - [hivemq-test-hivemq-platform] [hivemq-platform-operator] [61b3e6d7] 	at io.vertx.core.http.impl.Http1xClientConnection$StreamImpl.handleEnd(Http1xClientConnection.java:709)
2025-01-28 23:52:47,247 INFO c.h.h.t.HelmChartContainer - [hivemq-test-hivemq-platform] [hivemq-platform-operator] [61b3e6d7] 	at io.vertx.core.impl.ContextImpl.lambda$execute$4(ContextImpl.java:315)
2025-01-28 23:52:47,247 INFO c.h.h.t.HelmChartContainer - [hivemq-test-hivemq-platform] [hivemq-platform-operator] [61b3e6d7] 	at io.netty.util.concurrent.AbstractEventExecutor.runTask(AbstractEventExecutor.java:173)
2025-01-28 23:52:47,247 INFO c.h.h.t.HelmChartContainer - [hivemq-test-hivemq-platform] [hivemq-platform-operator] [61b3e6d7] 	at io.netty.util.concurrent.AbstractEventExecutor.safeExecute(AbstractEventExecutor.java:166)
2025-01-28 23:52:47,247 INFO c.h.h.t.HelmChartContainer - [hivemq-test-hivemq-platform] [hivemq-platform-operator] [61b3e6d7] 	at io.netty.util.concurrent.SingleThreadEventExecutor.runAllTasks(SingleThreadEventExecutor.java:472)
2025-01-28 23:52:47,247 INFO c.h.h.t.HelmChartContainer - [hivemq-test-hivemq-platform] [hivemq-platform-operator] [61b3e6d7] 	at io.netty.channel.nio.NioEventLoop.run(NioEventLoop.java:569)
2025-01-28 23:52:47,247 INFO c.h.h.t.HelmChartContainer - [hivemq-test-hivemq-platform] [hivemq-platform-operator] [61b3e6d7] 	at io.netty.util.concurrent.SingleThreadEventExecutor$4.run(SingleThreadEventExecutor.java:997)
2025-01-28 23:52:47,247 INFO c.h.h.t.HelmChartContainer - [hivemq-test-hivemq-platform] [hivemq-platform-operator] [61b3e6d7] 	at io.netty.util.internal.ThreadExecutorMap$2.run(ThreadExecutorMap.java:74)
2025-01-28 23:52:47,247 INFO c.h.h.t.HelmChartContainer - [hivemq-test-hivemq-platform] [hivemq-platform-operator] [61b3e6d7] 	at io.netty.util.concurrent.FastThreadLocalRunnable.run(FastThreadLocalRunnable.java:30)
2025-01-28 23:52:47,247 INFO c.h.h.t.HelmChartContainer - [hivemq-test-hivemq-platform] [hivemq-platform-operator] [61b3e6d7] 	... 1 more
2025-01-28 23:52:47,247 INFO c.h.h.t.HelmChartContainer - [hivemq-test-hivemq-platform] [hivemq-platform-operator] [61b3e6d7] 
2025-01-28 23:52:47,247 INFO c.h.h.t.HelmChartContainer - [hivemq-test-hivemq-platform] [hivemq-platform-operator] [61b3e6d7] 	at io.javaoperatorsdk.operator.monitoring.micrometer.MicrometerMetrics.lambda$timeControllerExecution$0(MicrometerMetrics.java:165)
2025-01-28 23:52:47,247 INFO c.h.h.t.HelmChartContainer - [hivemq-test-hivemq-platform] [hivemq-platform-operator] [61b3e6d7] 	at io.micrometer.core.instrument.AbstractTimer.record(AbstractTimer.java:190)
2025-01-28 23:52:47,247 INFO c.h.h.t.HelmChartContainer - [hivemq-test-hivemq-platform] [hivemq-platform-operator] [61b3e6d7] 	at io.javaoperatorsdk.operator.monitoring.micrometer.MicrometerMetrics.timeControllerExecution(MicrometerMetrics.java:161)
2025-01-28 23:52:47,247 INFO c.h.h.t.HelmChartContainer - [hivemq-test-hivemq-platform] [hivemq-platform-operator] [61b3e6d7] 	at io.javaoperatorsdk.operator.processing.Controller.reconcile(Controller.java:109)
2025-01-28 23:52:47,247 INFO c.h.h.t.HelmChartContainer - [hivemq-test-hivemq-platform] [hivemq-platform-operator] [61b3e6d7] 	at io.javaoperatorsdk.operator.processing.event.ReconciliationDispatcher.reconcileExecution(ReconciliationDispatcher.java:136)
2025-01-28 23:52:47,247 INFO c.h.h.t.HelmChartContainer - [hivemq-test-hivemq-platform] [hivemq-platform-operator] [61b3e6d7] 	at io.javaoperatorsdk.operator.processing.event.ReconciliationDispatcher.handleReconcile(ReconciliationDispatcher.java:117)
2025-01-28 23:52:47,247 INFO c.h.h.t.HelmChartContainer - [hivemq-test-hivemq-platform] [hivemq-platform-operator] [61b3e6d7] 	at io.javaoperatorsdk.operator.processing.event.ReconciliationDispatcher.handleDispatch(ReconciliationDispatcher.java:91)
2025-01-28 23:52:47,247 INFO c.h.h.t.HelmChartContainer - [hivemq-test-hivemq-platform] [hivemq-platform-operator] [61b3e6d7] 	at io.javaoperatorsdk.operator.processing.event.ReconciliationDispatcher.handleExecution(ReconciliationDispatcher.java:64)
2025-01-28 23:52:47,247 INFO c.h.h.t.HelmChartContainer - [hivemq-test-hivemq-platform] [hivemq-platform-operator] [61b3e6d7] 	at io.javaoperatorsdk.operator.processing.event.EventProcessor$ReconcilerExecutor.run(EventProcessor.java:452)
2025-01-28 23:52:47,248 INFO c.h.h.t.HelmChartContainer - [hivemq-test-hivemq-platform] [hivemq-platform-operator] [61b3e6d7] 	at java.base/java.util.concurrent.ThreadPoolExecutor.runWorker(Unknown Source)
2025-01-28 23:52:47,248 INFO c.h.h.t.HelmChartContainer - [hivemq-test-hivemq-platform] [hivemq-platform-operator] [61b3e6d7] 	at java.base/java.util.concurrent.ThreadPoolExecutor$Worker.run(Unknown Source)
2025-01-28 23:52:47,249 INFO c.h.h.t.HelmChartContainer - [hivemq-test-hivemq-platform] [hivemq-platform-operator] [61b3e6d7] 	at java.base/java.lang.Thread.run(Unknown Source)
2025-01-28 23:52:47,249 INFO c.h.h.t.HelmChartContainer - [hivemq-test-hivemq-platform] [hivemq-platform-operator] [61b3e6d7] Caused by: io.javaoperatorsdk.operator.AggregatedOperatorException: Exception(s) during workflow execution. Details:
2025-01-28 23:52:47,249 INFO c.h.h.t.HelmChartContainer - [hivemq-test-hivemq-platform] [hivemq-platform-operator] [61b3e6d7]  - com.hivemq.platform.operator.dependants.PodRoleBindingResource -> io.fabric8.kubernetes.client.KubernetesClientException: Failure executing: PATCH at: https://10.43.0.1:443/apis/rbac.authorization.k8s.io/v1/namespaces/helmadditionalvolumesit/rolebindings/hivemq-platform-role-binding-test-hivemq-platform?fieldManager=hivemq-controller&force=true. Message: rolebindings.rbac.authorization.k8s.io "hivemq-platform-role-test-hivemq-platform" not found. Received status: Status(apiVersion=v1, code=404, details=StatusDetails(causes=[], group=rbac.authorization.k8s.io, kind=rolebindings, name=hivemq-platform-role-test-hivemq-platform, retryAfterSeconds=null, uid=null, additionalProperties={}), kind=Status, message=rolebindings.rbac.authorization.k8s.io "hivemq-platform-role-test-hivemq-platform" not found, metadata=ListMeta(_continue=null, remainingItemCount=null, resourceVersion=null, selfLink=null, additionalProperties={}), reason=NotFound, status=Failure, additionalProperties={}).
2025-01-28 23:52:47,249 INFO c.h.h.t.HelmChartContainer - [hivemq-test-hivemq-platform] [hivemq-platform-operator] [61b3e6d7] 	at io.fabric8.kubernetes.client.KubernetesClientException.copyAsCause(KubernetesClientException.java:238)
2025-01-28 23:52:47,249 INFO c.h.h.t.HelmChartContainer - [hivemq-test-hivemq-platform] [hivemq-platform-operator] [61b3e6d7] 	at io.fabric8.kubernetes.client.dsl.internal.OperationSupport.waitForResult(OperationSupport.java:507)
2025-01-28 23:52:47,249 INFO c.h.h.t.HelmChartContainer - [hivemq-test-hivemq-platform] [hivemq-platform-operator] [61b3e6d7] 	at io.fabric8.kubernetes.client.dsl.internal.OperationSupport.handleResponse(OperationSupport.java:524)
2025-01-28 23:52:47,249 INFO c.h.h.t.HelmChartContainer - [hivemq-test-hivemq-platform] [hivemq-platform-operator] [61b3e6d7] 	at io.fabric8.kubernetes.client.dsl.internal.OperationSupport.handlePatch(OperationSupport.java:419)
2025-01-28 23:52:47,249 INFO c.h.h.t.HelmChartContainer - [hivemq-test-hivemq-platform] [hivemq-platform-operator] [61b3e6d7] 	at io.fabric8.kubernetes.client.dsl.internal.OperationSupport.handlePatch(OperationSupport.java:397)
2025-01-28 23:52:47,249 INFO c.h.h.t.HelmChartContainer - [hivemq-test-hivemq-platform] [hivemq-platform-operator] [61b3e6d7] 	at io.fabric8.kubernetes.client.dsl.internal.BaseOperation.handlePatch(BaseOperation.java:764)
2025-01-28 23:52:47,249 INFO c.h.h.t.HelmChartContainer - [hivemq-test-hivemq-platform] [hivemq-platform-operator] [61b3e6d7] 	at io.fabric8.kubernetes.client.dsl.internal.HasMetadataOperation.lambda$patch$2(HasMetadataOperation.java:231)
2025-01-28 23:52:47,249 INFO c.h.h.t.HelmChartContainer - [hivemq-test-hivemq-platform] [hivemq-platform-operator] [61b3e6d7] 	at io.fabric8.kubernetes.client.dsl.internal.HasMetadataOperation.patch(HasMetadataOperation.java:236)
2025-01-28 23:52:47,249 INFO c.h.h.t.HelmChartContainer - [hivemq-test-hivemq-platform] [hivemq-platform-operator] [61b3e6d7] 	at io.fabric8.kubernetes.client.dsl.internal.HasMetadataOperation.patch(HasMetadataOperation.java:251)
2025-01-28 23:52:47,249 INFO c.h.h.t.HelmChartContainer - [hivemq-test-hivemq-platform] [hivemq-platform-operator] [61b3e6d7] 	at io.fabric8.kubernetes.client.dsl.internal.BaseOperation.serverSideApply(BaseOperation.java:1179)
2025-01-28 23:52:47,249 INFO c.h.h.t.HelmChartContainer - [hivemq-test-hivemq-platform] [hivemq-platform-operator] [61b3e6d7] 	at io.fabric8.kubernetes.client.dsl.internal.BaseOperation.serverSideApply(BaseOperation.java:98)
2025-01-28 23:52:47,249 INFO c.h.h.t.HelmChartContainer - [hivemq-test-hivemq-platform] [hivemq-platform-operator] [61b3e6d7] 	at io.javaoperatorsdk.operator.processing.dependent.kubernetes.KubernetesDependentResource.create(KubernetesDependentResource.java:123)
2025-01-28 23:52:47,249 INFO c.h.h.t.HelmChartContainer - [hivemq-test-hivemq-platform] [hivemq-platform-operator] [61b3e6d7] 	at com.hivemq.platform.operator.dependants.PodRoleBindingResource.create(PodRoleBindingResource.java:55)
2025-01-28 23:52:47,249 INFO c.h.h.t.HelmChartContainer - [hivemq-test-hivemq-platform] [hivemq-platform-operator] [61b3e6d7] 	at com.hivemq.platform.operator.dependants.PodRoleBindingResource.create(PodRoleBindingResource.java:22)
2025-01-28 23:52:47,249 INFO c.h.h.t.HelmChartContainer - [hivemq-test-hivemq-platform] [hivemq-platform-operator] [61b3e6d7] 	at io.javaoperatorsdk.operator.processing.dependent.AbstractDependentResource.handleCreate(AbstractDependentResource.java:119)
2025-01-28 23:52:47,249 INFO c.h.h.t.HelmChartContainer - [hivemq-test-hivemq-platform] [hivemq-platform-operator] [61b3e6d7] 	at io.javaoperatorsdk.operator.processing.dependent.AbstractDependentResource.reconcile(AbstractDependentResource.java:62)
2025-01-28 23:52:47,249 INFO c.h.h.t.HelmChartContainer - [hivemq-test-hivemq-platform] [hivemq-platform-operator] [61b3e6d7] 	at io.javaoperatorsdk.operator.processing.dependent.SingleDependentResourceReconciler.reconcile(SingleDependentResourceReconciler.java:19)
2025-01-28 23:52:47,249 INFO c.h.h.t.HelmChartContainer - [hivemq-test-hivemq-platform] [hivemq-platform-operator] [61b3e6d7] 	at io.javaoperatorsdk.operator.processing.dependent.AbstractDependentResource.reconcile(AbstractDependentResource.java:52)
2025-01-28 23:52:47,249 INFO c.h.h.t.HelmChartContainer - [hivemq-test-hivemq-platform] [hivemq-platform-operator] [61b3e6d7] 	at com.hivemq.platform.operator.dependants.PodRoleBindingResource.reconcile(PodRoleBindingResource.java:46)
2025-01-28 23:52:47,249 INFO c.h.h.t.HelmChartContainer - [hivemq-test-hivemq-platform] [hivemq-platform-operator] [61b3e6d7] 	at com.hivemq.platform.operator.dependants.PodRoleBindingResource.reconcile(PodRoleBindingResource.java:22)
2025-01-28 23:52:47,249 INFO c.h.h.t.HelmChartContainer - [hivemq-test-hivemq-platform] [hivemq-platform-operator] [61b3e6d7] 	at io.javaoperatorsdk.operator.processing.dependent.workflow.WorkflowReconcileExecutor$NodeReconcileExecutor.doRun(WorkflowReconcileExecutor.java:123)
2025-01-28 23:52:47,249 INFO c.h.h.t.HelmChartContainer - [hivemq-test-hivemq-platform] [hivemq-platform-operator] [61b3e6d7] 	at io.javaoperatorsdk.operator.processing.dependent.workflow.NodeExecutor.run(NodeExecutor.java:22)
2025-01-28 23:52:47,249 INFO c.h.h.t.HelmChartContainer - [hivemq-test-hivemq-platform] [hivemq-platform-operator] [61b3e6d7] 	at java.base/java.util.concurrent.Executors$RunnableAdapter.call(Unknown Source)
2025-01-28 23:52:47,249 INFO c.h.h.t.HelmChartContainer - [hivemq-test-hivemq-platform] [hivemq-platform-operator] [61b3e6d7] 	at java.base/java.util.concurrent.FutureTask.run(Unknown Source)
2025-01-28 23:52:47,249 INFO c.h.h.t.HelmChartContainer - [hivemq-test-hivemq-platform] [hivemq-platform-operator] [61b3e6d7] 	at java.base/java.util.concurrent.ThreadPoolExecutor.runWorker(Unknown Source)
2025-01-28 23:52:47,249 INFO c.h.h.t.HelmChartContainer - [hivemq-test-hivemq-platform] [hivemq-platform-operator] [61b3e6d7] 	at java.base/java.util.concurrent.ThreadPoolExecutor$Worker.run(Unknown Source)
2025-01-28 23:52:47,249 INFO c.h.h.t.HelmChartContainer - [hivemq-test-hivemq-platform] [hivemq-platform-operator] [61b3e6d7] 	at java.base/java.lang.Thread.run(Unknown Source)
2025-01-28 23:52:47,249 INFO c.h.h.t.HelmChartContainer - [hivemq-test-hivemq-platform] [hivemq-platform-operator] [61b3e6d7] Caused by: io.fabric8.kubernetes.client.KubernetesClientException: Failure executing: PATCH at: https://10.43.0.1:443/apis/rbac.authorization.k8s.io/v1/namespaces/helmadditionalvolumesit/rolebindings/hivemq-platform-role-binding-test-hivemq-platform?fieldManager=hivemq-controller&force=true. Message: rolebindings.rbac.authorization.k8s.io "hivemq-platform-role-test-hivemq-platform" not found. Received status: Status(apiVersion=v1, code=404, details=StatusDetails(causes=[], group=rbac.authorization.k8s.io, kind=rolebindings, name=hivemq-platform-role-test-hivemq-platform, retryAfterSeconds=null, uid=null, additionalProperties={}), kind=Status, message=rolebindings.rbac.authorization.k8s.io "hivemq-platform-role-test-hivemq-platform" not found, metadata=ListMeta(_continue=null, remainingItemCount=null, resourceVersion=null, selfLink=null, additionalProperties={}), reason=NotFound, status=Failure, additionalProperties={}).
2025-01-28 23:52:47,249 INFO c.h.h.t.HelmChartContainer - [hivemq-test-hivemq-platform] [hivemq-platform-operator] [61b3e6d7] 	at io.fabric8.kubernetes.client.dsl.internal.OperationSupport.requestFailure(OperationSupport.java:660)
2025-01-28 23:52:47,249 INFO c.h.h.t.HelmChartContainer - [hivemq-test-hivemq-platform] [hivemq-platform-operator] [61b3e6d7] 	at io.fabric8.kubernetes.client.dsl.internal.OperationSupport.requestFailure(OperationSupport.java:640)
2025-01-28 23:52:47,249 INFO c.h.h.t.HelmChartContainer - [hivemq-test-hivemq-platform] [hivemq-platform-operator] [61b3e6d7] 	at io.fabric8.kubernetes.client.dsl.internal.OperationSupport.assertResponseCode(OperationSupport.java:589)
2025-01-28 23:52:47,252 INFO c.h.h.t.HelmChartContainer - [hivemq-test-hivemq-platform] [hivemq-platform-operator] [61b3e6d7] 	at io.fabric8.kubernetes.client.dsl.internal.OperationSupport.lambda$handleResponse$0(OperationSupport.java:549)
2025-01-28 23:52:47,253 INFO c.h.h.t.HelmChartContainer - [hivemq-test-hivemq-platform] [hivemq-platform-operator] [61b3e6d7] 	at java.base/java.util.concurrent.CompletableFuture$UniApply.tryFire(Unknown Source)
2025-01-28 23:52:47,253 INFO c.h.h.t.HelmChartContainer - [hivemq-test-hivemq-platform] [hivemq-platform-operator] [61b3e6d7] 	at java.base/java.util.concurrent.CompletableFuture.postComplete(Unknown Source)
2025-01-28 23:52:47,253 INFO c.h.h.t.HelmChartContainer - [hivemq-test-hivemq-platform] [hivemq-platform-operator] [61b3e6d7] 	at java.base/java.util.concurrent.CompletableFuture.complete(Unknown Source)
2025-01-28 23:52:47,253 INFO c.h.h.t.HelmChartContainer - [hivemq-test-hivemq-platform] [hivemq-platform-operator] [61b3e6d7] 	at io.fabric8.kubernetes.client.http.StandardHttpClient.lambda$completeOrCancel$10(StandardHttpClient.java:141)
2025-01-28 23:52:47,253 INFO c.h.h.t.HelmChartContainer - [hivemq-test-hivemq-platform] [hivemq-platform-operator] [61b3e6d7] 	at java.base/java.util.concurrent.CompletableFuture.uniWhenComplete(Unknown Source)
2025-01-28 23:52:47,253 INFO c.h.h.t.HelmChartContainer - [hivemq-test-hivemq-platform] [hivemq-platform-operator] [61b3e6d7] 	at java.base/java.util.concurrent.CompletableFuture$UniWhenComplete.tryFire(Unknown Source)
2025-01-28 23:52:47,253 INFO c.h.h.t.HelmChartContainer - [hivemq-test-hivemq-platform] [hivemq-platform-operator] [61b3e6d7] 	at java.base/java.util.concurrent.CompletableFuture.postComplete(Unknown Source)
2025-01-28 23:52:47,253 INFO c.h.h.t.HelmChartContainer - [hivemq-test-hivemq-platform] [hivemq-platform-operator] [61b3e6d7] 	at java.base/java.util.concurrent.CompletableFuture.complete(Unknown Source)
2025-01-28 23:52:47,253 INFO c.h.h.t.HelmChartContainer - [hivemq-test-hivemq-platform] [hivemq-platform-operator] [61b3e6d7] 	at io.fabric8.kubernetes.client.http.ByteArrayBodyHandler.onBodyDone(ByteArrayBodyHandler.java:51)
2025-01-28 23:52:47,253 INFO c.h.h.t.HelmChartContainer - [hivemq-test-hivemq-platform] [hivemq-platform-operator] [61b3e6d7] 	at java.base/java.util.concurrent.CompletableFuture.uniWhenComplete(Unknown Source)
2025-01-28 23:52:47,253 INFO c.h.h.t.HelmChartContainer - [hivemq-test-hivemq-platform] [hivemq-platform-operator] [61b3e6d7] 	at java.base/java.util.concurrent.CompletableFuture$UniWhenComplete.tryFire(Unknown Source)
2025-01-28 23:52:47,253 INFO c.h.h.t.HelmChartContainer - [hivemq-test-hivemq-platform] [hivemq-platform-operator] [61b3e6d7] 	at java.base/java.util.concurrent.CompletableFuture.postComplete(Unknown Source)
2025-01-28 23:52:47,253 INFO c.h.h.t.HelmChartContainer - [hivemq-test-hivemq-platform] [hivemq-platform-operator] [61b3e6d7] 	at java.base/java.util.concurrent.CompletableFuture.complete(Unknown Source)
2025-01-28 23:52:47,253 INFO c.h.h.t.HelmChartContainer - [hivemq-test-hivemq-platform] [hivemq-platform-operator] [61b3e6d7] 	at io.fabric8.kubernetes.client.vertx.VertxHttpRequest.lambda$null$1(VertxHttpRequest.java:121)
2025-01-28 23:52:47,253 INFO c.h.h.t.HelmChartContainer - [hivemq-test-hivemq-platform] [hivemq-platform-operator] [61b3e6d7] 	at io.vertx.core.impl.ContextInternal.dispatch(ContextInternal.java:279)
2025-01-28 23:52:47,253 INFO c.h.h.t.HelmChartContainer - [hivemq-test-hivemq-platform] [hivemq-platform-operator] [61b3e6d7] 	at io.vertx.core.impl.ContextInternal.dispatch(ContextInternal.java:261)
2025-01-28 23:52:47,253 INFO c.h.h.t.HelmChartContainer - [hivemq-test-hivemq-platform] [hivemq-platform-operator] [61b3e6d7] 	at io.vertx.core.http.impl.HttpEventHandler.handleEnd(HttpEventHandler.java:76)
2025-01-28 23:52:47,253 INFO c.h.h.t.HelmChartContainer - [hivemq-test-hivemq-platform] [hivemq-platform-operator] [61b3e6d7] 	at io.vertx.core.http.impl.HttpClientResponseImpl.handleEnd(HttpClientResponseImpl.java:250)
2025-01-28 23:52:47,253 INFO c.h.h.t.HelmChartContainer - [hivemq-test-hivemq-platform] [hivemq-platform-operator] [61b3e6d7] 	at io.vertx.core.http.impl.Http1xClientConnection$StreamImpl.lambda$new$0(Http1xClientConnection.java:421)
2025-01-28 23:52:47,253 INFO c.h.h.t.HelmChartContainer - [hivemq-test-hivemq-platform] [hivemq-platform-operator] [61b3e6d7] 	at io.vertx.core.streams.impl.InboundBuffer.handleEvent(InboundBuffer.java:279)
2025-01-28 23:52:47,253 INFO c.h.h.t.HelmChartContainer - [hivemq-test-hivemq-platform] [hivemq-platform-operator] [61b3e6d7] 	at io.vertx.core.streams.impl.InboundBuffer.write(InboundBuffer.java:157)
2025-01-28 23:52:47,253 INFO c.h.h.t.HelmChartContainer - [hivemq-test-hivemq-platform] [hivemq-platform-operator] [61b3e6d7] 	at io.vertx.core.http.impl.Http1xClientConnection$StreamImpl.handleEnd(Http1xClientConnection.java:709)
2025-01-28 23:52:47,253 INFO c.h.h.t.HelmChartContainer - [hivemq-test-hivemq-platform] [hivemq-platform-operator] [61b3e6d7] 	at io.vertx.core.impl.ContextImpl.lambda$execute$4(ContextImpl.java:315)
2025-01-28 23:52:47,253 INFO c.h.h.t.HelmChartContainer - [hivemq-test-hivemq-platform] [hivemq-platform-operator] [61b3e6d7] 	at io.netty.util.concurrent.AbstractEventExecutor.runTask(AbstractEventExecutor.java:173)
2025-01-28 23:52:47,253 INFO c.h.h.t.HelmChartContainer - [hivemq-test-hivemq-platform] [hivemq-platform-operator] [61b3e6d7] 	at io.netty.util.concurrent.AbstractEventExecutor.safeExecute(AbstractEventExecutor.java:166)
2025-01-28 23:52:47,253 INFO c.h.h.t.HelmChartContainer - [hivemq-test-hivemq-platform] [hivemq-platform-operator] [61b3e6d7] 	at io.netty.util.concurrent.SingleThreadEventExecutor.runAllTasks(SingleThreadEventExecutor.java:472)
2025-01-28 23:52:47,253 INFO c.h.h.t.HelmChartContainer - [hivemq-test-hivemq-platform] [hivemq-platform-operator] [61b3e6d7] 	at io.netty.channel.nio.NioEventLoop.run(NioEventLoop.java:569)
2025-01-28 23:52:47,253 INFO c.h.h.t.HelmChartContainer - [hivemq-test-hivemq-platform] [hivemq-platform-operator] [61b3e6d7] 	at io.netty.util.concurrent.SingleThreadEventExecutor$4.run(SingleThreadEventExecutor.java:997)
2025-01-28 23:52:47,253 INFO c.h.h.t.HelmChartContainer - [hivemq-test-hivemq-platform] [hivemq-platform-operator] [61b3e6d7] 	at io.netty.util.internal.ThreadExecutorMap$2.run(ThreadExecutorMap.java:74)
2025-01-28 23:52:47,253 INFO c.h.h.t.HelmChartContainer - [hivemq-test-hivemq-platform] [hivemq-platform-operator] [61b3e6d7] 	at io.netty.util.concurrent.FastThreadLocalRunnable.run(FastThreadLocalRunnable.java:30)
2025-01-28 23:52:47,253 INFO c.h.h.t.HelmChartContainer - [hivemq-test-hivemq-platform] [hivemq-platform-operator] [61b3e6d7] 	... 1 more
2025-01-28 23:52:47,253 INFO c.h.h.t.HelmChartContainer - [hivemq-test-hivemq-platform] [hivemq-platform-operator] [61b3e6d7] 
2025-01-28 23:52:47,253 INFO c.h.h.t.HelmChartContainer - [hivemq-test-hivemq-platform] [hivemq-platform-operator] [61b3e6d7] 	at io.javaoperatorsdk.operator.processing.dependent.workflow.WorkflowResult.throwAggregateExceptionIfErrorsPresent(WorkflowResult.java:54)
2025-01-28 23:52:47,253 INFO c.h.h.t.HelmChartContainer - [hivemq-test-hivemq-platform] [hivemq-platform-operator] [61b3e6d7] 	at io.javaoperatorsdk.operator.processing.dependent.workflow.WorkflowReconcileResult.throwAggregateExceptionIfErrorsPresent(WorkflowReconcileResult.java:9)
2025-01-28 23:52:47,253 INFO c.h.h.t.HelmChartContainer - [hivemq-test-hivemq-platform] [hivemq-platform-operator] [61b3e6d7] 	at io.javaoperatorsdk.operator.processing.dependent.workflow.DefaultWorkflow.reconcile(DefaultWorkflow.java:98)
2025-01-28 23:52:47,253 INFO c.h.h.t.HelmChartContainer - [hivemq-test-hivemq-platform] [hivemq-platform-operator] [61b3e6d7] 	at io.javaoperatorsdk.operator.processing.Controller$1.execute(Controller.java:147)
2025-01-28 23:52:47,253 INFO c.h.h.t.HelmChartContainer - [hivemq-test-hivemq-platform] [hivemq-platform-operator] [61b3e6d7] 	at io.javaoperatorsdk.operator.processing.Controller$1.execute(Controller.java:110)
2025-01-28 23:52:47,253 INFO c.h.h.t.HelmChartContainer - [hivemq-test-hivemq-platform] [hivemq-platform-operator] [61b3e6d7] 	at io.javaoperatorsdk.operator.monitoring.micrometer.MicrometerMetrics.lambda$timeControllerExecution$0(MicrometerMetrics.java:163)
2025-01-28 23:52:47,253 INFO c.h.h.t.HelmChartContainer - [hivemq-test-hivemq-platform] [hivemq-platform-operator] [61b3e6d7] 	... 11 common frames omitted
2025-01-28 23:52:47,253 INFO c.h.h.t.HelmChartContainer - [hivemq-test-hivemq-platform] [hivemq-platform-operator] [61b3e6d7] 23:52:47.246 [ReconcilerExecutor-hivemq-controller-120] INFO  c.h.p.o.HiveMQPlatformReconciler - [helmaddi] Cleanup test-hivemq-platform - helmadditionalvolumesit HiveMQ Platform is shut down
2025-01-28 23:52:47,629 INFO c.h.h.t.HelmChartContainer - [POD] test-hivemq-platform-0 [d0837bc2-0bfe-4663-829b-bccc5faf3b02] in helmadditionalvolumesit was MODIFIED
2025-01-28 23:52:47,637 INFO c.h.h.t.HelmChartContainer - [EVENT] Normal [Killing] Stopping container hivemq [helmadditionalvolumesit:test-hivemq-platform-0]
2025-01-28 23:52:47,637 INFO c.h.h.t.HelmChartContainer - Received Killing event for container hivemq in pod test-hivemq-platform-0 [d0837bc2-0bfe-4663-829b-bccc5faf3b02]
2025-01-28 23:52:47,637 INFO c.h.h.t.HelmChartContainer - Container [test-hivemq-platform-0] [hivemq] [d0837bc2-0bfe-4663-829b-bccc5faf3b02] was terminated
2025-01-28 23:52:47,638 INFO c.h.h.t.HelmChartContainer - Stopped log watcher for hivemq in pod test-hivemq-platform-0 [d0837bc2-0bfe-4663-829b-bccc5faf3b02]
2025-01-28 23:52:47,646 INFO c.h.h.t.HelmChartContainer - [test-hivemq-platform] [hivemq] [d0837bc2] INFO  - [HiveMQ Platform Operator Init App 1.7.0-SNAPSHOT] Shutting down
2025-01-28 23:52:47,646 INFO c.h.h.t.HelmChartContainer - [test-hivemq-platform] [hivemq] [d0837bc2] INFO  - [HiveMQ Platform Operator Init App 1.7.0-SNAPSHOT] Stopping the HiveMQ Platform
2025-01-28 23:52:47,800 INFO c.h.h.t.HelmChartContainer - [test-hivemq-platform] [hivemq] [d0837bc2] INFO  - Shutting down HiveMQ. Please wait, this could take a while...
2025-01-28 23:52:47,805 INFO c.h.h.t.HelmChartContainer - [test-hivemq-platform] [hivemq] [d0837bc2] INFO  - Shutting down listeners and clients
2025-01-28 23:52:47,805 INFO c.h.h.t.HelmChartContainer - [test-hivemq-platform] [hivemq] [d0837bc2] INFO  - Shutdown of listeners is done
2025-01-28 23:52:47,806 INFO c.h.h.t.HelmChartContainer - [test-hivemq-platform] [hivemq] [d0837bc2] INFO  - No clients are connected, proceeding with shutdown
2025-01-28 23:52:49,026 INFO c.h.h.t.HelmChartContainer - Deleting namespace 'helmadditionalvolumesit'...
2025-01-28 23:52:49,514 INFO c.h.h.t.HelmChartContainer - [test-hivemq-platform] [hivemq] [d0837bc2] INFO  - [HiveMQ Platform Operator Init App 1.7.0-SNAPSHOT] Returning shutdown Health API response 503 for readiness
2025-01-28 23:52:49,519 INFO c.h.h.t.HelmChartContainer - [EVENT] Warning [Unhealthy] Readiness probe failed: HTTP probe failed with statuscode: 503 [helmadditionalvolumesit:test-hivemq-platform-0]
2025-01-28 23:52:49,519 INFO c.h.h.t.HelmChartContainer - Received Unhealthy event for container hivemq in pod test-hivemq-platform-0 [d0837bc2-0bfe-4663-829b-bccc5faf3b02]
2025-01-28 23:52:49,918 INFO c.h.h.t.HelmChartContainer - [K3S] [authentication.go:74] "Unable to authenticate the request" err="[invalid bearer token, serviceaccounts \"hivemq-platform-pod-test-hivemq-platform\" not found]"
2025-01-28 23:52:49,937 INFO c.h.h.t.HelmChartContainer - [K3S] [authentication.go:74] "Unable to authenticate the request" err="[invalid bearer token, serviceaccounts \"hivemq-platform-pod-test-hivemq-platform\" not found]"
2025-01-28 23:52:49,947 INFO c.h.h.t.HelmChartContainer - [test-hivemq-platform] [hivemq] [d0837bc2] WARN  - [HiveMQ Platform Operator Init App 1.7.0-SNAPSHOT] Could not update Pod annotations: Failure executing: GET at: https://10.43.0.1:443/api/v1/namespaces/helmadditionalvolumesit/pods/test-hivemq-platform-0. Message: Unauthorized. Received status: Status(apiVersion=v1, code=401, details=null, kind=Status, message=Unauthorized, metadata=ListMeta(_continue=null, remainingItemCount=null, resourceVersion=null, selfLink=null, additionalProperties={}), reason=Unauthorized, status=Failure, additionalProperties={}).
2025-01-28 23:52:50,606 INFO c.h.h.t.HelmChartContainer - [test-hivemq-platform] [hivemq] [d0837bc2] INFO  - Shutting down extension system
2025-01-28 23:52:50,610 INFO c.h.h.t.HelmChartContainer - [test-hivemq-platform] [hivemq] [d0837bc2] INFO  - Stopping extension with id hivemq-dns-cluster-discovery
2025-01-28 23:52:50,611 INFO c.h.h.t.HelmChartContainer - [test-hivemq-platform] [hivemq] [d0837bc2] INFO  - Extension "DNS Cluster Discovery Extension" version 4.3.2 stopped successfully.
2025-01-28 23:52:50,612 INFO c.h.h.t.HelmChartContainer - [test-hivemq-platform] [hivemq] [d0837bc2] INFO  - Stopping extension with id hivemq-prometheus-extension
2025-01-28 23:52:50,616 INFO c.h.h.t.HelmChartContainer - [test-hivemq-platform] [hivemq] [d0837bc2] INFO  - Extension "Prometheus Monitoring Extension" version 4.0.12 stopped successfully.
2025-01-28 23:52:50,617 INFO c.h.h.t.HelmChartContainer - [test-hivemq-platform] [hivemq] [d0837bc2] INFO  - Stopping extension with id hivemq-allow-all-extension
2025-01-28 23:52:50,618 INFO c.h.h.t.HelmChartContainer - [test-hivemq-platform] [hivemq] [d0837bc2] INFO  - Extension "Allow All Extension" version 1.1.1 stopped successfully.
2025-01-28 23:52:52,904 INFO c.h.h.t.HelmChartContainer - [test-hivemq-platform] [hivemq] [d0837bc2] INFO  - Shutdown completed.
2025-01-28 23:52:53,252 INFO c.h.h.t.HelmChartContainer - [test-hivemq-platform] [hivemq] [d0837bc2] INFO  - [HiveMQ Platform Operator Init App 1.7.0-SNAPSHOT] The HiveMQ Platform exited with code 143
2025-01-28 23:52:53,252 INFO c.h.h.t.HelmChartContainer - [test-hivemq-platform] [hivemq] [d0837bc2] INFO  - [HiveMQ Platform Operator Init App 1.7.0-SNAPSHOT] Stopping the REST API
2025-01-28 23:52:53,260 INFO c.h.h.t.HelmChartContainer - [test-hivemq-platform] [hivemq] [d0837bc2] INFO  - [HiveMQ Platform Operator Init App 1.7.0-SNAPSHOT] Shutdown complete
2025-01-28 23:52:53,728 INFO c.h.h.t.HelmChartContainer - [K3S] [stateful_set.go:438] "Unhandled Error" err="error syncing StatefulSet helmadditionalvolumesit/test-hivemq-platform, requeuing: controllerrevisions.apps \"test-hivemq-platform-5f496d84cb\" is forbidden: unable to create new content in namespace helmadditionalvolumesit because it is being terminated"
2025-01-28 23:52:53,728 INFO c.h.h.t.HelmChartContainer - [POD] test-hivemq-platform-0 [d0837bc2-0bfe-4663-829b-bccc5faf3b02] in helmadditionalvolumesit was MODIFIED
2025-01-28 23:52:53,735 INFO c.h.h.t.HelmChartContainer - [K3S] [stateful_set.go:438] "Unhandled Error" err="error syncing StatefulSet helmadditionalvolumesit/test-hivemq-platform, requeuing: controllerrevisions.apps \"test-hivemq-platform-5f496d84cb\" is forbidden: unable to create new content in namespace helmadditionalvolumesit because it is being terminated"
2025-01-28 23:52:53,748 INFO c.h.h.t.HelmChartContainer - [K3S] [stateful_set.go:438] "Unhandled Error" err="error syncing StatefulSet helmadditionalvolumesit/test-hivemq-platform, requeuing: controllerrevisions.apps \"test-hivemq-platform-5f496d84cb\" is forbidden: unable to create new content in namespace helmadditionalvolumesit because it is being terminated"
2025-01-28 23:52:53,759 INFO c.h.h.t.HelmChartContainer - [K3S] [reconciler_common.go:162] "operationExecutor.UnmountVolume started for volume \"operator-init\" (UniqueName: \"kubernetes.io/empty-dir/d0837bc2-0bfe-4663-829b-bccc5faf3b02-operator-init\") pod \"d0837bc2-0bfe-4663-829b-bccc5faf3b02\" (UID: \"d0837bc2-0bfe-4663-829b-bccc5faf3b02\") "
2025-01-28 23:52:53,759 INFO c.h.h.t.HelmChartContainer - [K3S] [reconciler_common.go:162] "operationExecutor.UnmountVolume started for volume \"test-empty-dir-volume\" (UniqueName: \"kubernetes.io/empty-dir/d0837bc2-0bfe-4663-829b-bccc5faf3b02-test-empty-dir-volume\") pod \"d0837bc2-0bfe-4663-829b-bccc5faf3b02\" (UID: \"d0837bc2-0bfe-4663-829b-bccc5faf3b02\") "
2025-01-28 23:52:53,759 INFO c.h.h.t.HelmChartContainer - [K3S] [reconciler_common.go:162] "operationExecutor.UnmountVolume started for volume \"test-mount-volume\" (UniqueName: \"kubernetes.io/configmap/d0837bc2-0bfe-4663-829b-bccc5faf3b02-test-mount-volume\") pod \"d0837bc2-0bfe-4663-829b-bccc5faf3b02\" (UID: \"d0837bc2-0bfe-4663-829b-bccc5faf3b02\") "
2025-01-28 23:52:53,759 INFO c.h.h.t.HelmChartContainer - [K3S] [reconciler_common.go:162] "operationExecutor.UnmountVolume started for volume \"pod-info\" (UniqueName: \"kubernetes.io/configmap/d0837bc2-0bfe-4663-829b-bccc5faf3b02-pod-info\") pod \"d0837bc2-0bfe-4663-829b-bccc5faf3b02\" (UID: \"d0837bc2-0bfe-4663-829b-bccc5faf3b02\") "
2025-01-28 23:52:53,759 INFO c.h.h.t.HelmChartContainer - [K3S] [reconciler_common.go:162] "operationExecutor.UnmountVolume started for volume \"broker-configuration\" (UniqueName: \"kubernetes.io/configmap/d0837bc2-0bfe-4663-829b-bccc5faf3b02-broker-configuration\") pod \"d0837bc2-0bfe-4663-829b-bccc5faf3b02\" (UID: \"d0837bc2-0bfe-4663-829b-bccc5faf3b02\") "
2025-01-28 23:52:53,759 INFO c.h.h.t.HelmChartContainer - [K3S] [reconciler_common.go:162] "operationExecutor.UnmountVolume started for volume \"kube-api-access-gh72w\" (UniqueName: \"kubernetes.io/projected/d0837bc2-0bfe-4663-829b-bccc5faf3b02-kube-api-access-gh72w\") pod \"d0837bc2-0bfe-4663-829b-bccc5faf3b02\" (UID: \"d0837bc2-0bfe-4663-829b-bccc5faf3b02\") "
2025-01-28 23:52:53,759 INFO c.h.h.t.HelmChartContainer - [K3S] [reconciler_common.go:162] "operationExecutor.UnmountVolume started for volume \"test-secret-volume\" (UniqueName: \"kubernetes.io/secret/d0837bc2-0bfe-4663-829b-bccc5faf3b02-test-secret-volume\") pod \"d0837bc2-0bfe-4663-829b-bccc5faf3b02\" (UID: \"d0837bc2-0bfe-4663-829b-bccc5faf3b02\") "
2025-01-28 23:52:53,759 INFO c.h.h.t.HelmChartContainer - [K3S] [reconciler_common.go:162] "operationExecutor.UnmountVolume started for volume \"test-persistent-volume-claim\" (UniqueName: \"kubernetes.io/local-volume/pvc-dfaa1389-3154-4e5c-97f6-d4df2dfdd73a\") pod \"d0837bc2-0bfe-4663-829b-bccc5faf3b02\" (UID: \"d0837bc2-0bfe-4663-829b-bccc5faf3b02\") "
2025-01-28 23:52:53,771 INFO c.h.h.t.HelmChartContainer - [K3S] [stateful_set.go:438] "Unhandled Error" err="error syncing StatefulSet helmadditionalvolumesit/test-hivemq-platform, requeuing: controllerrevisions.apps \"test-hivemq-platform-5f496d84cb\" is forbidden: unable to create new content in namespace helmadditionalvolumesit because it is being terminated"
2025-01-28 23:52:53,815 INFO c.h.h.t.HelmChartContainer - [K3S] [stateful_set.go:438] "Unhandled Error" err="error syncing StatefulSet helmadditionalvolumesit/test-hivemq-platform, requeuing: controllerrevisions.apps \"test-hivemq-platform-5f496d84cb\" is forbidden: unable to create new content in namespace helmadditionalvolumesit because it is being terminated"
2025-01-28 23:52:53,859 INFO c.h.h.t.HelmChartContainer - [K3S] [reconciler_common.go:299] "Volume detached for volume \"test-secret-volume\" (UniqueName: \"kubernetes.io/secret/d0837bc2-0bfe-4663-829b-bccc5faf3b02-test-secret-volume\") on node \"6fb98fd6114a\" DevicePath \"\""
2025-01-28 23:52:53,859 INFO c.h.h.t.HelmChartContainer - [K3S] [reconciler_common.go:292] "operationExecutor.UnmountDevice started for volume \"pvc-dfaa1389-3154-4e5c-97f6-d4df2dfdd73a\" (UniqueName: \"kubernetes.io/local-volume/pvc-dfaa1389-3154-4e5c-97f6-d4df2dfdd73a\") on node \"6fb98fd6114a\" "
2025-01-28 23:52:53,859 INFO c.h.h.t.HelmChartContainer - [K3S] [reconciler_common.go:299] "Volume detached for volume \"broker-configuration\" (UniqueName: \"kubernetes.io/configmap/d0837bc2-0bfe-4663-829b-bccc5faf3b02-broker-configuration\") on node \"6fb98fd6114a\" DevicePath \"\""
2025-01-28 23:52:53,859 INFO c.h.h.t.HelmChartContainer - [K3S] [reconciler_common.go:299] "Volume detached for volume \"kube-api-access-gh72w\" (UniqueName: \"kubernetes.io/projected/d0837bc2-0bfe-4663-829b-bccc5faf3b02-kube-api-access-gh72w\") on node \"6fb98fd6114a\" DevicePath \"\""
2025-01-28 23:52:53,859 INFO c.h.h.t.HelmChartContainer - [K3S] [reconciler_common.go:299] "Volume detached for volume \"operator-init\" (UniqueName: \"kubernetes.io/empty-dir/d0837bc2-0bfe-4663-829b-bccc5faf3b02-operator-init\") on node \"6fb98fd6114a\" DevicePath \"\""
2025-01-28 23:52:53,859 INFO c.h.h.t.HelmChartContainer - [K3S] [reconciler_common.go:299] "Volume detached for volume \"test-empty-dir-volume\" (UniqueName: \"kubernetes.io/empty-dir/d0837bc2-0bfe-4663-829b-bccc5faf3b02-test-empty-dir-volume\") on node \"6fb98fd6114a\" DevicePath \"\""
2025-01-28 23:52:53,859 INFO c.h.h.t.HelmChartContainer - [K3S] [reconciler_common.go:299] "Volume detached for volume \"test-mount-volume\" (UniqueName: \"kubernetes.io/configmap/d0837bc2-0bfe-4663-829b-bccc5faf3b02-test-mount-volume\") on node \"6fb98fd6114a\" DevicePath \"\""
2025-01-28 23:52:53,859 INFO c.h.h.t.HelmChartContainer - [K3S] [reconciler_common.go:299] "Volume detached for volume \"pod-info\" (UniqueName: \"kubernetes.io/configmap/d0837bc2-0bfe-4663-829b-bccc5faf3b02-pod-info\") on node \"6fb98fd6114a\" DevicePath \"\""
2025-01-28 23:52:53,897 INFO c.h.h.t.HelmChartContainer - [K3S] [stateful_set.go:438] "Unhandled Error" err="error syncing StatefulSet helmadditionalvolumesit/test-hivemq-platform, requeuing: controllerrevisions.apps \"test-hivemq-platform-5f496d84cb\" is forbidden: unable to create new content in namespace helmadditionalvolumesit because it is being terminated"
2025-01-28 23:52:53,959 INFO c.h.h.t.HelmChartContainer - [K3S] [reconciler_common.go:299] "Volume detached for volume \"pvc-dfaa1389-3154-4e5c-97f6-d4df2dfdd73a\" (UniqueName: \"kubernetes.io/local-volume/pvc-dfaa1389-3154-4e5c-97f6-d4df2dfdd73a\") on node \"6fb98fd6114a\" DevicePath \"\""
2025-01-28 23:52:54,060 INFO c.h.h.t.HelmChartContainer - [K3S] [stateful_set.go:438] "Unhandled Error" err="error syncing StatefulSet helmadditionalvolumesit/test-hivemq-platform, requeuing: controllerrevisions.apps \"test-hivemq-platform-5f496d84cb\" is forbidden: unable to create new content in namespace helmadditionalvolumesit because it is being terminated"
2025-01-28 23:52:54,167 INFO c.h.h.t.HelmChartContainer - [K3S] [stateful_set.go:466] "StatefulSet has been deleted" key="helmadditionalvolumesit/test-hivemq-platform"
2025-01-28 23:52:54,209 INFO c.h.h.t.HelmChartContainer - [K3S] [namespace_controller.go:164] "Unhandled Error" err="deletion of namespace helmadditionalvolumesit failed: unexpected items still remain in namespace: helmadditionalvolumesit for gvr: /v1, Resource=pods"
2025-01-28 23:52:54,336 INFO c.h.h.t.HelmChartContainer - [K3S] [scope.go:117] "RemoveContainer" containerID="b98f0c9183154118b0f702cf6f7422529aec1555bf8965fc5476644d213e8613"
2025-01-28 23:52:54,357 INFO c.h.h.t.HelmChartContainer - [POD] test-hivemq-platform-0 [d0837bc2-0bfe-4663-829b-bccc5faf3b02] in helmadditionalvolumesit was MODIFIED
2025-01-28 23:52:54,357 INFO c.h.h.t.HelmChartContainer - [POD] test-hivemq-platform-0 [d0837bc2-0bfe-4663-829b-bccc5faf3b02] in helmadditionalvolumesit was DELETED
2025-01-28 23:52:54,387 INFO c.h.h.t.HelmChartContainer - [K3S] [stateful_set.go:466] "StatefulSet has been deleted" key="helmadditionalvolumesit/test-hivemq-platform"
2025-01-28 23:52:54,456 INFO c.h.h.t.HelmChartContainer - [K3S] [memory_manager.go:355] "RemoveStaleState removing state" podUID="d0837bc2-0bfe-4663-829b-bccc5faf3b02" containerName="hivemq"
2025-01-28 23:52:54,457 INFO c.h.h.t.HelmChartContainer - [POD] helper-pod-delete-pvc-dfaa1389-3154-4e5c-97f6-d4df2dfdd73a [af2c7c54-250d-4dda-a905-bda57d2c3196] in kube-system was ADDED
2025-01-28 23:52:54,467 INFO c.h.h.t.HelmChartContainer - [POD] helper-pod-delete-pvc-dfaa1389-3154-4e5c-97f6-d4df2dfdd73a [af2c7c54-250d-4dda-a905-bda57d2c3196] in kube-system was MODIFIED
2025-01-28 23:52:54,468 INFO c.h.h.t.HelmChartContainer - [K3S] [scope.go:117] "RemoveContainer" containerID="74948852bc46a0916997d7ca177911e37745f47ee208e81f2bb47e8ce74f5a4e"
2025-01-28 23:52:54,471 INFO c.h.h.t.HelmChartContainer - [K3S] [scope.go:117] "RemoveContainer" containerID="b98f0c9183154118b0f702cf6f7422529aec1555bf8965fc5476644d213e8613"
2025-01-28 23:52:54,472 INFO c.h.h.t.HelmChartContainer - [K3S] [scope.go:117] "RemoveContainer" containerID="74948852bc46a0916997d7ca177911e37745f47ee208e81f2bb47e8ce74f5a4e"
2025-01-28 23:52:54,564 INFO c.h.h.t.HelmChartContainer - [K3S] [reconciler_common.go:251] "operationExecutor.VerifyControllerAttachedVolume started for volume \"data\" (UniqueName: \"kubernetes.io/host-path/af2c7c54-250d-4dda-a905-bda57d2c3196-data\") pod \"helper-pod-delete-pvc-dfaa1389-3154-4e5c-97f6-d4df2dfdd73a\" (UID: \"af2c7c54-250d-4dda-a905-bda57d2c3196\") " pod="kube-system/helper-pod-delete-pvc-dfaa1389-3154-4e5c-97f6-d4df2dfdd73a"
2025-01-28 23:52:54,564 INFO c.h.h.t.HelmChartContainer - [K3S] [reconciler_common.go:251] "operationExecutor.VerifyControllerAttachedVolume started for volume \"script\" (UniqueName: \"kubernetes.io/configmap/af2c7c54-250d-4dda-a905-bda57d2c3196-script\") pod \"helper-pod-delete-pvc-dfaa1389-3154-4e5c-97f6-d4df2dfdd73a\" (UID: \"af2c7c54-250d-4dda-a905-bda57d2c3196\") " pod="kube-system/helper-pod-delete-pvc-dfaa1389-3154-4e5c-97f6-d4df2dfdd73a"
2025-01-28 23:52:54,564 INFO c.h.h.t.HelmChartContainer - [K3S] [reconciler_common.go:251] "operationExecutor.VerifyControllerAttachedVolume started for volume \"kube-api-access-wnk7c\" (UniqueName: \"kubernetes.io/projected/af2c7c54-250d-4dda-a905-bda57d2c3196-kube-api-access-wnk7c\") pod \"helper-pod-delete-pvc-dfaa1389-3154-4e5c-97f6-d4df2dfdd73a\" (UID: \"af2c7c54-250d-4dda-a905-bda57d2c3196\") " pod="kube-system/helper-pod-delete-pvc-dfaa1389-3154-4e5c-97f6-d4df2dfdd73a"
2025-01-28 23:52:55,151 INFO c.h.h.t.HelmChartContainer - [K3S] [kubelet_volumes.go:163] "Cleaned up orphaned pod volumes dir" podUID="d0837bc2-0bfe-4663-829b-bccc5faf3b02" path="/var/lib/kubelet/pods/d0837bc2-0bfe-4663-829b-bccc5faf3b02/volumes"
2025-01-28 23:52:55,346 INFO c.h.h.t.HelmChartContainer - [POD] helper-pod-delete-pvc-dfaa1389-3154-4e5c-97f6-d4df2dfdd73a [af2c7c54-250d-4dda-a905-bda57d2c3196] in kube-system was MODIFIED
2025-01-28 23:52:56,406 INFO c.h.h.t.HelmChartContainer - [POD] helper-pod-delete-pvc-dfaa1389-3154-4e5c-97f6-d4df2dfdd73a [af2c7c54-250d-4dda-a905-bda57d2c3196] in kube-system was MODIFIED
2025-01-28 23:52:56,473 INFO c.h.h.t.HelmChartContainer - [POD] helper-pod-delete-pvc-dfaa1389-3154-4e5c-97f6-d4df2dfdd73a [af2c7c54-250d-4dda-a905-bda57d2c3196] in kube-system was MODIFIED
2025-01-28 23:52:56,473 INFO c.h.h.t.HelmChartContainer - [POD] helper-pod-delete-pvc-dfaa1389-3154-4e5c-97f6-d4df2dfdd73a [af2c7c54-250d-4dda-a905-bda57d2c3196] in kube-system was DELETED
2025-01-28 23:52:56,475 INFO c.h.h.t.HelmChartContainer - [K3S] [reconciler_common.go:162] "operationExecutor.UnmountVolume started for volume \"kube-api-access-wnk7c\" (UniqueName: \"kubernetes.io/projected/af2c7c54-250d-4dda-a905-bda57d2c3196-kube-api-access-wnk7c\") pod \"af2c7c54-250d-4dda-a905-bda57d2c3196\" (UID: \"af2c7c54-250d-4dda-a905-bda57d2c3196\") "
2025-01-28 23:52:56,475 INFO c.h.h.t.HelmChartContainer - [K3S] [reconciler_common.go:162] "operationExecutor.UnmountVolume started for volume \"data\" (UniqueName: \"kubernetes.io/host-path/af2c7c54-250d-4dda-a905-bda57d2c3196-data\") pod \"af2c7c54-250d-4dda-a905-bda57d2c3196\" (UID: \"af2c7c54-250d-4dda-a905-bda57d2c3196\") "
2025-01-28 23:52:56,475 INFO c.h.h.t.HelmChartContainer - [K3S] [reconciler_common.go:162] "operationExecutor.UnmountVolume started for volume \"script\" (UniqueName: \"kubernetes.io/configmap/af2c7c54-250d-4dda-a905-bda57d2c3196-script\") pod \"af2c7c54-250d-4dda-a905-bda57d2c3196\" (UID: \"af2c7c54-250d-4dda-a905-bda57d2c3196\") "
2025-01-28 23:52:56,575 INFO c.h.h.t.HelmChartContainer - [K3S] [reconciler_common.go:299] "Volume detached for volume \"kube-api-access-wnk7c\" (UniqueName: \"kubernetes.io/projected/af2c7c54-250d-4dda-a905-bda57d2c3196-kube-api-access-wnk7c\") on node \"6fb98fd6114a\" DevicePath \"\""
2025-01-28 23:52:56,575 INFO c.h.h.t.HelmChartContainer - [K3S] [reconciler_common.go:299] "Volume detached for volume \"data\" (UniqueName: \"kubernetes.io/host-path/af2c7c54-250d-4dda-a905-bda57d2c3196-data\") on node \"6fb98fd6114a\" DevicePath \"\""
2025-01-28 23:52:56,575 INFO c.h.h.t.HelmChartContainer - [K3S] [reconciler_common.go:299] "Volume detached for volume \"script\" (UniqueName: \"kubernetes.io/configmap/af2c7c54-250d-4dda-a905-bda57d2c3196-script\") on node \"6fb98fd6114a\" DevicePath \"\""
2025-01-28 23:52:57,152 INFO c.h.h.t.HelmChartContainer - [K3S] [kubelet_volumes.go:163] "Cleaned up orphaned pod volumes dir" podUID="af2c7c54-250d-4dda-a905-bda57d2c3196" path="/var/lib/kubelet/pods/af2c7c54-250d-4dda-a905-bda57d2c3196/volumes"
2025-01-28 23:52:57,343 INFO c.h.h.t.HelmChartContainer - [K3S] [scope.go:117] "RemoveContainer" containerID="1648d8d03e28e967277df870f92f3f68167f9dabf094ce175f0526ea8be3de93"
2025-01-28 23:52:59,684 INFO c.h.h.t.HelmChartContainer - Namespace 'helmadditionalvolumesit' deleted
2025-01-28 23:52:59,684 INFO c.h.h.t.HelmChartContainer - Release 'test-hivemq-platform' in namespace 'helmadditionalvolumesit' is uninstalled
2025-01-28 23:52:59,684 INFO c.h.h.t.HelmChartContainer - Uninstalling release 'test-hivemq-platform-operator' in namespace 'helmadditionalvolumesit-operator'...
2025-01-28 23:52:59,684 DEBUG c.h.h.t.HelmChartContainer - Executing helm command: /bin/helm --kubeconfig /etc/rancher/k3s/k3s.yaml uninstall test-hivemq-platform-operator  --wait --timeout 5m0s --cascade foreground --namespace helmadditionalvolumesit-operator
2025-01-28 23:52:59,861 INFO c.h.h.t.HelmChartContainer - [K3S] [replica_set.go:679] "Finished syncing" kind="ReplicaSet" key="helmadditionalvolumesit-operator/hivemq-test-hivemq-platform-operator-6966f96d65" duration="8.486466ms"
2025-01-28 23:52:59,861 INFO c.h.h.t.HelmChartContainer - [K3S] [replica_set.go:679] "Finished syncing" kind="ReplicaSet" key="helmadditionalvolumesit-operator/hivemq-test-hivemq-platform-operator-6966f96d65" duration="37.5µs"
2025-01-28 23:52:59,879 INFO c.h.h.t.HelmChartContainer - [POD] hivemq-test-hivemq-platform-operator-6966f96d65-s4q22 [61b3e6d7-cf22-4b91-b76a-bf41ed53580f] in helmadditionalvolumesit-operator was MODIFIED
2025-01-28 23:52:59,889 INFO c.h.h.t.HelmChartContainer - [K3S] [replica_set.go:679] "Finished syncing" kind="ReplicaSet" key="helmadditionalvolumesit-operator/hivemq-test-hivemq-platform-operator-6966f96d65" duration="12.318889ms"
2025-01-28 23:52:59,894 INFO c.h.h.t.HelmChartContainer - [K3S] [replica_set.go:679] "Finished syncing" kind="ReplicaSet" key="helmadditionalvolumesit-operator/hivemq-test-hivemq-platform-operator-6966f96d65" duration="39.704µs"
2025-01-28 23:52:59,902 INFO c.h.h.t.HelmChartContainer - [EVENT] Normal [Killing] Stopping container hivemq-platform-operator [helmadditionalvolumesit-operator:hivemq-test-hivemq-platform-operator-6966f96d65-s4q22]
2025-01-28 23:52:59,902 INFO c.h.h.t.HelmChartContainer - Received Killing event for container hivemq-platform-operator in pod hivemq-test-hivemq-platform-operator-6966f96d65-s4q22 [61b3e6d7-cf22-4b91-b76a-bf41ed53580f]
2025-01-28 23:52:59,902 INFO c.h.h.t.HelmChartContainer - Container [hivemq-test-hivemq-platform-operator-6966f96d65-s4q22] [hivemq-platform-operator] [61b3e6d7-cf22-4b91-b76a-bf41ed53580f] was terminated
2025-01-28 23:52:59,902 INFO c.h.h.t.HelmChartContainer - Stopped log watcher for hivemq-platform-operator in pod hivemq-test-hivemq-platform-operator-6966f96d65-s4q22 [61b3e6d7-cf22-4b91-b76a-bf41ed53580f]
2025-01-28 23:52:59,935 INFO c.h.h.t.HelmChartContainer - [hivemq-test-hivemq-platform] [hivemq-platform-operator] [61b3e6d7] 23:52:59.933 [application-shutdown-thread] INFO  c.h.p.o.HiveMQPlatformOperatorApplication - HiveMQ Platform Operator is stopping...
2025-01-28 23:52:59,935 INFO c.h.h.t.HelmChartContainer - [hivemq-test-hivemq-platform] [hivemq-platform-operator] [61b3e6d7] 23:52:59.933 [application-shutdown-thread] INFO  i.javaoperatorsdk.operator.Operator - Operator SDK 4.9.7 is shutting down...
2025-01-28 23:53:00,531 INFO c.h.h.t.HelmChartContainer - [K3S] [replica_set.go:679] "Finished syncing" kind="ReplicaSet" key="helmadditionalvolumesit-operator/hivemq-test-hivemq-platform-operator-6966f96d65" duration="40.515µs"
2025-01-28 23:53:00,532 INFO c.h.h.t.HelmChartContainer - [POD] hivemq-test-hivemq-platform-operator-6966f96d65-s4q22 [61b3e6d7-cf22-4b91-b76a-bf41ed53580f] in helmadditionalvolumesit-operator was MODIFIED
2025-01-28 23:53:00,599 INFO c.h.h.t.HelmChartContainer - [K3S] [reconciler_common.go:162] "operationExecutor.UnmountVolume started for volume \"kube-api-access-5gf2k\" (UniqueName: \"kubernetes.io/projected/61b3e6d7-cf22-4b91-b76a-bf41ed53580f-kube-api-access-5gf2k\") pod \"61b3e6d7-cf22-4b91-b76a-bf41ed53580f\" (UID: \"61b3e6d7-cf22-4b91-b76a-bf41ed53580f\") "
2025-01-28 23:53:00,699 INFO c.h.h.t.HelmChartContainer - [K3S] [reconciler_common.go:299] "Volume detached for volume \"kube-api-access-5gf2k\" (UniqueName: \"kubernetes.io/projected/61b3e6d7-cf22-4b91-b76a-bf41ed53580f-kube-api-access-5gf2k\") on node \"6fb98fd6114a\" DevicePath \"\""
2025-01-28 23:53:01,350 INFO c.h.h.t.HelmChartContainer - [K3S] [scope.go:117] "RemoveContainer" containerID="8b7c5fd52d5b0974cc46c5c75899a3f2ba0a115eaf5a4e86338e8759304986f8"
2025-01-28 23:53:01,354 INFO c.h.h.t.HelmChartContainer - [K3S] [scope.go:117] "RemoveContainer" containerID="8b7c5fd52d5b0974cc46c5c75899a3f2ba0a115eaf5a4e86338e8759304986f8"
2025-01-28 23:53:01,360 INFO c.h.h.t.HelmChartContainer - [K3S] [replica_set.go:679] "Finished syncing" kind="ReplicaSet" key="helmadditionalvolumesit-operator/hivemq-test-hivemq-platform-operator-6966f96d65" duration="42.149µs"
2025-01-28 23:53:01,361 INFO c.h.h.t.HelmChartContainer - [POD] hivemq-test-hivemq-platform-operator-6966f96d65-s4q22 [61b3e6d7-cf22-4b91-b76a-bf41ed53580f] in helmadditionalvolumesit-operator was MODIFIED
2025-01-28 23:53:01,363 INFO c.h.h.t.HelmChartContainer - [POD] hivemq-test-hivemq-platform-operator-6966f96d65-s4q22 [61b3e6d7-cf22-4b91-b76a-bf41ed53580f] in helmadditionalvolumesit-operator was DELETED
2025-01-28 23:53:01,363 INFO c.h.h.t.HelmChartContainer - [K3S] [replica_set.go:679] "Finished syncing" kind="ReplicaSet" key="helmadditionalvolumesit-operator/hivemq-test-hivemq-platform-operator-6966f96d65" duration="32.882µs"
2025-01-28 23:53:01,371 INFO c.h.h.t.HelmChartContainer - [K3S] [replica_set.go:679] "Finished syncing" kind="ReplicaSet" key="helmadditionalvolumesit-operator/hivemq-test-hivemq-platform-operator-6966f96d65" duration="4.859µs"
2025-01-28 23:53:01,926 INFO c.h.h.t.HelmChartContainer - Deleting namespace 'helmadditionalvolumesit-operator'...
2025-01-28 23:53:03,152 INFO c.h.h.t.HelmChartContainer - [K3S] [kubelet_volumes.go:163] "Cleaned up orphaned pod volumes dir" podUID="61b3e6d7-cf22-4b91-b76a-bf41ed53580f" path="/var/lib/kubelet/pods/61b3e6d7-cf22-4b91-b76a-bf41ed53580f/volumes"
2025-01-28 23:53:04,663 INFO c.h.h.t.HelmChartContainer - [K3S] [namespace_controller.go:187] "Namespace has been deleted" namespace="helmadditionalvolumesit"
2025-01-28 23:53:07,145 INFO c.h.h.t.HelmChartContainer - Namespace 'helmadditionalvolumesit-operator' deleted
2025-01-28 23:53:07,145 INFO c.h.h.t.HelmChartContainer - Release 'test-hivemq-platform-operator' in namespace 'helmadditionalvolumesit-operator' is uninstalled
2025-01-28 23:53:07,960 INFO c.h.helmcharts.AbstractHelmChartIT - Removed unused containers:

2025-01-28 23:53:12,053 INFO c.h.h.t.HelmChartContainer - [K3S] [namespace_controller.go:187] "Namespace has been deleted" namespace="helmadditionalvolumesit-operator"
2025-01-28 23:53:16,029 INFO c.h.helmcharts.AbstractHelmChartIT - Removed unused snapshots:
Removing snapshot sha256:03af251906410714c5aef9fa705b63f6bbc39c4a5e787de7361eeb18886c2ed2
Removing snapshot sha256:0c46b3b43cce082ce5ec34ffc6c294e0417d17b9d1e6f366d114b6aadc4f96dc
Removing snapshot sha256:0ce761beee59082d6ed5bcebd3a805b8ddd9b3426b617e4809e7fb7c6587ffec
Removing snapshot sha256:0df91287303208332c8ff6ba40ae4710105201739addbfbddfb955f1ad593664
Removing snapshot sha256:1021ef88c7974bfff89c5a0ec4fd3160daac6c48a075f74cff721f85dd104e68
Removing snapshot sha256:10aba4953ddc18145dd38e3704709bc464aa20af60b56fe52caaff4b68411e62
Removing snapshot sha256:2573e0d8158209ed54ab25c87bcdcb00bd3d2539246960a3d592a1c599d70465
Removing snapshot sha256:362a8a37f8bbc31925a8146adcf7cf51f9882f5c1dcbef67c5baa03a297543c0
Removing snapshot sha256:3fa4ad33f0ddc8fd45b39b6b4640f82a3a83619606cd975bfe89d8710ad2d4cd
Removing snapshot sha256:43a7c979bbaba6838bc3102d6b10a1459f3ab050b87ccdfef84ef90cf43d3058
Removing snapshot sha256:4ab04491cdf0d3267f08206fe30bd48f49f94b9cab2f016d6739220f722a64af
Removing snapshot sha256:4b6068250e89c96f263060261819c7d912855bfbd64b3eb4c4a8483299b8c295
Removing snapshot sha256:580e69a0a8034ede1921139bbd2bfb72a69ebf276d008281896c32dd8bf74775
Removing snapshot sha256:5d30ba46b27fe37484567ccc5242cadc78217b8da605f3f195ef25cbf7487904
Removing snapshot sha256:63ca1fbb43ae5034640e5e6cb3e083e05c290072c5366fcaa9d62435a4cced85
Removing snapshot sha256:66140dc7271ceb0a9b5e521509e7d96b916d4182681f723881bfae89675de7f6
Removing snapshot sha256:67f702c6baae873bceb19487c8b1f27bd2b86077e4f2f0e480e6d60ab508b8f5
Removing snapshot sha256:6864348dd42806d552efdec384f1274be15e2d0c10ce44c1f04347af004c10a9
Removing snapshot sha256:6c7dee8f2c39b84b7dc2711c01d33de93514d9055499173e9290176fbe484b6c
Removing snapshot sha256:82753493a6d61ded36556292f02f31841a14c20d2f279f19eaad65afb661d5cd
Removing snapshot sha256:8a10d3db42c505ee0fcfa98417bdd7e39b304f6bcc0a06bb1b220797ff2cc63c
Removing snapshot sha256:97db9ca269bd0a33fe730f83fd728525210759c16ef0035ed31db0fba9c20578
Removing snapshot sha256:a0904247e36a7726c03c71ee48f3e64462021c88dafeb13f37fdaf613b27f11c
Removing snapshot sha256:a21e5b12dbac529ad45d976eb9ce45c881f3bedcc500fb30aba1e52aa1813418
Removing snapshot sha256:ad2a644f257443670a53f6cb33f9103df619b8193f43e3e05b80a76f58bf722f
Removing snapshot sha256:b921e6c28969094157f9b8e7244677780319637afd14450b7cb6b2fdea558a0c
Removing snapshot sha256:bc27ecb5769a00e309cf99ebc763c4a4b958b618d1decc96ffac5bc05f02f5b7
Removing snapshot sha256:be3ccb6627a5332e309d45ef461d09b4879dd870c7394d89323d0ebc6ca6aa8a
Removing snapshot sha256:c261f7cbbc64211ee175ee47273acdb7b1a36a4450b397a064a8f2c026490095
Removing snapshot sha256:c34d9393647eea0c9e3557ab988efaf59f61d10a2a5613b439ef0958cca5ec10
Removing snapshot sha256:ccf3c4a0fa967a41c1c83497a2ce6fa5787965859df0adb32c4ca2cf7490bc2b
Removing snapshot sha256:cf92d33f869417309692088c341cd0f223c178ea78a125f757317b22aa8f90e9
Removing snapshot sha256:d0037344cf2fb078884f1849f6a1f8cf9a33a3b6139b6a85833e5ee528e1f9a8
Removing snapshot sha256:d3b36d5b79273b1e98e7700470eaeff05a882e777124d84cebcc1505b85ecb36
Removing snapshot sha256:d65a44a37914602d12c611e5e22a50f11451d847e63015cc1c2aef92dee777a4
Removing snapshot sha256:e2dc0bae2455930f23ae570e019b7f32edc75c0f2d71cab084db837ff9051796
Removing snapshot sha256:eccbd24a99c60cd9e86ee5305dbfc4a4dc89f5ab4fb1f06c8d64797cecedef34
Removing snapshot sha256:f144bb4c7c7f0d2aa7eeffd36d934ec40db1ee167be727e326aad9fdc616f475

]]></system-out>
  </testcase>
  <system-out><![CDATA[2025-01-28 23:50:45,716 INFO c.h.h.t.HelmChartContainerExtension - Using cached HelmChartContainer instance
2025-01-28 23:50:45,721 INFO c.h.h.t.HelmChartContainerExtension - Creating cached HelmChartContainer instance
2025-01-28 23:50:45,738 INFO o.testcontainers.DockerClientFactory - Testcontainers version: 1.20.4
2025-01-28 23:50:46,134 INFO o.t.d.DockerClientProviderStrategy - Found Docker environment with local Unix socket (unix:///var/run/docker.sock)
2025-01-28 23:50:46,143 INFO o.testcontainers.DockerClientFactory - Docker host IP address is localhost
2025-01-28 23:50:46,159 INFO o.testcontainers.DockerClientFactory - Connected to docker: 
  Server Version: 26.1.3
  API Version: 1.45
  Operating System: Ubuntu 24.04.1 LTS
  Total Memory: 15990 MB
2025-01-28 23:50:46,166 INFO o.testcontainers.images.PullPolicy - Image pull policy will be performed by: DefaultPullPolicy()
2025-01-28 23:50:46,168 INFO o.t.utility.ImageNameSubstitutor - Image name substitution will be performed by: DefaultImageNameSubstitutor (composite of 'ConfigurationFileImageNameSubstitutor' and 'PrefixingImageNameSubstitutor')
2025-01-28 23:50:46,195 INFO tc.testcontainers/ryuk:0.11.0 - Pulling docker image: testcontainers/ryuk:0.11.0. Please be patient; this may take some time but only needs to be done once.
2025-01-28 23:50:46,469 INFO tc.testcontainers/ryuk:0.11.0 - Starting to pull image
2025-01-28 23:50:46,485 INFO tc.testcontainers/ryuk:0.11.0 - Pulling image layers:  0 pending,  0 downloaded,  0 extracted, (0 bytes/0 bytes)
2025-01-28 23:50:46,629 INFO tc.testcontainers/ryuk:0.11.0 - Pulling image layers:  2 pending,  1 downloaded,  0 extracted, (771 KB/? MB)
2025-01-28 23:50:46,701 INFO tc.testcontainers/ryuk:0.11.0 - Pulling image layers:  1 pending,  2 downloaded,  0 extracted, (879 KB/? MB)
2025-01-28 23:50:46,712 INFO tc.testcontainers/ryuk:0.11.0 - Pulling image layers:  0 pending,  3 downloaded,  0 extracted, (879 KB/10 MB)
2025-01-28 23:50:46,812 INFO tc.testcontainers/ryuk:0.11.0 - Pulling image layers:  0 pending,  3 downloaded,  1 extracted, (4 MB/10 MB)
2025-01-28 23:50:47,509 INFO tc.testcontainers/ryuk:0.11.0 - Pulling image layers:  0 pending,  3 downloaded,  2 extracted, (4 MB/10 MB)
2025-01-28 23:50:47,545 INFO tc.testcontainers/ryuk:0.11.0 - Pulling image layers:  0 pending,  3 downloaded,  3 extracted, (10 MB/10 MB)
2025-01-28 23:50:47,551 INFO tc.testcontainers/ryuk:0.11.0 - Image testcontainers/ryuk:0.11.0 pull took PT1.355335447S
2025-01-28 23:50:47,551 INFO tc.testcontainers/ryuk:0.11.0 - Pull complete. 3 layers, pulled in 1s (downloaded 10 MB at 10 MB/s)
2025-01-28 23:50:47,573 INFO tc.testcontainers/ryuk:0.11.0 - Creating container for image: testcontainers/ryuk:0.11.0
2025-01-28 23:50:47,650 INFO tc.testcontainers/ryuk:0.11.0 - Container testcontainers/ryuk:0.11.0 is starting: 1f8a2823f4f91d5838bcf686f6996fa1c34792727a5f0555bf2b2cbca84e8ecd
2025-01-28 23:50:47,899 INFO tc.testcontainers/ryuk:0.11.0 - Container testcontainers/ryuk:0.11.0 started in PT0.326084973S
2025-01-28 23:50:47,903 INFO o.t.utility.RyukResourceReaper - Ryuk started - will monitor and terminate Testcontainers containers on JVM exit
2025-01-28 23:50:47,903 INFO o.testcontainers.DockerClientFactory - Checking the system...
2025-01-28 23:50:47,903 INFO o.testcontainers.DockerClientFactory - ✔︎ Docker server version should be at least 1.6.0
2025-01-28 23:50:47,964 INFO o.t.i.builder.ImageFromDockerfile - Pre-emptively checking local images for 'ubuntu:noble-20241118.1@sha256:80dd3c3b9c6cecb9f1667e9290b3bc61b78c2678c02cbdae5f0fea92cc6734ab', referenced via a Dockerfile. If not available, it will be pulled.
2025-01-28 23:50:47,966 INFO t.u.1@sha256:80dd3c... - Pulling docker image: ubuntu:noble-20241118.1@sha256:80dd3c3b9c6cecb9f1667e9290b3bc61b78c2678c02cbdae5f0fea92cc6734ab. Please be patient; this may take some time but only needs to be done once.
2025-01-28 23:50:48,120 INFO t.u.1@sha256:80dd3c... - Starting to pull image
2025-01-28 23:50:48,121 INFO t.u.1@sha256:80dd3c... - Pulling image layers:  0 pending,  0 downloaded,  0 extracted, (0 bytes/0 bytes)
2025-01-28 23:50:48,893 INFO t.u.1@sha256:80dd3c... - Pulling image layers:  0 pending,  1 downloaded,  0 extracted, (28 MB/28 MB)
2025-01-28 23:50:49,818 INFO t.u.1@sha256:80dd3c... - Pulling image layers:  0 pending,  1 downloaded,  1 extracted, (28 MB/28 MB)
2025-01-28 23:50:49,823 INFO t.u.1@sha256:80dd3c... - Pull complete. 1 layers, pulled in 1s (downloaded 28 MB at 28 MB/s)
2025-01-28 23:50:49,823 INFO t.u.1@sha256:80dd3c... - Image ubuntu:noble-20241118.1@sha256:80dd3c3b9c6cecb9f1667e9290b3bc61b78c2678c02cbdae5f0fea92cc6734ab pull took PT1.85647016S
2025-01-28 23:50:49,825 INFO o.t.i.builder.ImageFromDockerfile - Pre-emptively checking local images for 'rancher/k3s:v1.32.1-k3s1', referenced via a Dockerfile. If not available, it will be pulled.
2025-01-28 23:50:49,827 INFO tc.rancher/k3s:v1.32.1-k3s1 - Pulling docker image: rancher/k3s:v1.32.1-k3s1. Please be patient; this may take some time but only needs to be done once.
2025-01-28 23:50:50,038 INFO tc.rancher/k3s:v1.32.1-k3s1 - Starting to pull image
2025-01-28 23:50:50,039 INFO tc.rancher/k3s:v1.32.1-k3s1 - Pulling image layers:  0 pending,  0 downloaded,  0 extracted, (0 bytes/0 bytes)
2025-01-28 23:50:50,944 INFO tc.rancher/k3s:v1.32.1-k3s1 - Pulling image layers:  0 pending,  1 downloaded,  0 extracted, (70 MB/71 MB)
2025-01-28 23:50:51,997 INFO tc.rancher/k3s:v1.32.1-k3s1 - Pulling image layers:  0 pending,  1 downloaded,  1 extracted, (71 MB/71 MB)
2025-01-28 23:50:52,003 INFO tc.rancher/k3s:v1.32.1-k3s1 - Pull complete. 1 layers, pulled in 1s (downloaded 71 MB at 71 MB/s)
2025-01-28 23:50:52,003 INFO tc.rancher/k3s:v1.32.1-k3s1 - Image rancher/k3s:v1.32.1-k3s1 pull took PT2.17608174S
2025-01-28 23:50:52,009 INFO o.t.i.builder.ImageFromDockerfile - Transferred 0 bytes to Docker daemon
2025-01-28 23:51:07,017 INFO c.h.h.t.HelmChartContainer - Starting HelmChartContainer...
2025-01-28 23:51:07,020 INFO t.localhost/testcontainers/u27onli8fvxdiuoe:latest - Creating container for image: localhost/testcontainers/u27onli8fvxdiuoe:latest
2025-01-28 23:51:07,083 INFO tc.alpine:3.17 - Pulling docker image: alpine:3.17. Please be patient; this may take some time but only needs to be done once.
2025-01-28 23:51:07,317 INFO tc.alpine:3.17 - Starting to pull image
2025-01-28 23:51:07,318 INFO tc.alpine:3.17 - Pulling image layers:  0 pending,  0 downloaded,  0 extracted, (0 bytes/0 bytes)
2025-01-28 23:51:07,535 INFO tc.alpine:3.17 - Pulling image layers:  0 pending,  1 downloaded,  0 extracted, (33 KB/3 MB)
2025-01-28 23:51:07,633 INFO tc.alpine:3.17 - Pulling image layers:  0 pending,  1 downloaded,  1 extracted, (3 MB/3 MB)
2025-01-28 23:51:07,640 INFO tc.alpine:3.17 - Image alpine:3.17 pull took PT0.557313321S
2025-01-28 23:51:08,176 INFO t.localhost/testcontainers/u27onli8fvxdiuoe:latest - Container localhost/testcontainers/u27onli8fvxdiuoe:latest is starting: 6fb98fd6114a27eb1578a17aa1db96c3317a76c4870381b4c2cc1408454f9eb9
2025-01-28 23:51:08,553 INFO c.h.h.t.HelmChartContainer - [K3S] [INFO] Starting k3s v1.32.1+k3s1 (6a322f12)
2025-01-28 23:51:08,555 INFO c.h.h.t.HelmChartContainer - [K3S] [INFO] Configuring sqlite3 database connection pooling: maxIdleConns=2, maxOpenConns=0, connMaxLifetime=0s
2025-01-28 23:51:08,556 INFO c.h.h.t.HelmChartContainer - [K3S] [INFO] Configuring database table schema and indexes, this may take a moment...
2025-01-28 23:51:08,559 INFO c.h.h.t.HelmChartContainer - [K3S] [INFO] Database tables and indexes are up to date
2025-01-28 23:51:08,561 INFO c.h.h.t.HelmChartContainer - [K3S] [INFO] Kine available at unix://kine.sock
2025-01-28 23:51:08,728 INFO c.h.h.t.HelmChartContainer - [K3S] [INFO] Saving cluster bootstrap data to datastore
2025-01-28 23:51:08,728 INFO c.h.h.t.HelmChartContainer - [K3S] [WARNING] dynamiclistener [::]:6443: no cached certificate available for preload - deferring certificate load until storage initialization or first client request
2025-01-28 23:51:08,729 INFO c.h.h.t.HelmChartContainer - [K3S] [INFO] Active TLS secret / (ver=) (count 10): map[listener.cattle.io/cn-10.43.0.1:10.43.0.1 listener.cattle.io/cn-127.0.0.1:127.0.0.1 listener.cattle.io/cn-172.18.0.2:172.18.0.2 listener.cattle.io/cn-6fb98fd6114a:6fb98fd6114a listener.cattle.io/cn-__1-f16284:::1 listener.cattle.io/cn-kubernetes:kubernetes listener.cattle.io/cn-kubernetes.default:kubernetes.default listener.cattle.io/cn-kubernetes.default.svc:kubernetes.default.svc listener.cattle.io/cn-kubernetes.default.svc.cluster.local:kubernetes.default.svc.cluster.local listener.cattle.io/cn-localhost:localhost listener.cattle.io/fingerprint:SHA1=9837603D5EC66D2C0BE9AE3115861B44C0E43092]
2025-01-28 23:51:08,894 INFO c.h.h.t.HelmChartContainer - [K3S] [INFO] Running kube-apiserver --advertise-port=6443 --allow-privileged=true --anonymous-auth=false --api-audiences=https://kubernetes.default.svc.cluster.local,k3s --authorization-mode=Node,RBAC --bind-address=127.0.0.1 --cert-dir=/var/lib/rancher/k3s/server/tls/temporary-certs --client-ca-file=/var/lib/rancher/k3s/server/tls/client-ca.crt --egress-selector-config-file=/var/lib/rancher/k3s/server/etc/egress-selector-config.yaml --enable-admission-plugins=NodeRestriction --enable-aggregator-routing=true --enable-bootstrap-token-auth=true --etcd-compaction-interval=0s --etcd-servers=unix://kine.sock --kubelet-certificate-authority=/var/lib/rancher/k3s/server/tls/server-ca.crt --kubelet-client-certificate=/var/lib/rancher/k3s/server/tls/client-kube-apiserver.crt --kubelet-client-key=/var/lib/rancher/k3s/server/tls/client-kube-apiserver.key --kubelet-preferred-address-types=InternalIP,ExternalIP,Hostname --profiling=false --proxy-client-cert-file=/var/lib/rancher/k3s/server/tls/client-auth-proxy.crt --proxy-client-key-file=/var/lib/rancher/k3s/server/tls/client-auth-proxy.key --requestheader-allowed-names=system:auth-proxy --requestheader-client-ca-file=/var/lib/rancher/k3s/server/tls/request-header-ca.crt --requestheader-extra-headers-prefix=X-Remote-Extra- --requestheader-group-headers=X-Remote-Group --requestheader-username-headers=X-Remote-User --secure-port=6444 --service-account-issuer=https://kubernetes.default.svc.cluster.local --service-account-key-file=/var/lib/rancher/k3s/server/tls/service.key --service-account-signing-key-file=/var/lib/rancher/k3s/server/tls/service.current.key --service-cluster-ip-range=10.43.0.0/16 --service-node-port-range=30000-32767 --storage-backend=etcd3 --tls-cert-file=/var/lib/rancher/k3s/server/tls/serving-kube-apiserver.crt --tls-cipher-suites=TLS_ECDHE_ECDSA_WITH_AES_256_GCM_SHA384,TLS_ECDHE_RSA_WITH_AES_256_GCM_SHA384,TLS_ECDHE_ECDSA_WITH_AES_128_GCM_SHA256,TLS_ECDHE_RSA_WITH_AES_128_GCM_SHA256,TLS_ECDHE_ECDSA_WITH_CHACHA20_POLY1305,TLS_ECDHE_RSA_WITH_CHACHA20_POLY1305 --tls-private-key-file=/var/lib/rancher/k3s/server/tls/serving-kube-apiserver.key
2025-01-28 23:51:08,895 INFO c.h.h.t.HelmChartContainer - [K3S] [INFO] Running kube-scheduler --authentication-kubeconfig=/var/lib/rancher/k3s/server/cred/scheduler.kubeconfig --authorization-kubeconfig=/var/lib/rancher/k3s/server/cred/scheduler.kubeconfig --bind-address=127.0.0.1 --kubeconfig=/var/lib/rancher/k3s/server/cred/scheduler.kubeconfig --leader-elect=false --profiling=false --secure-port=10259
2025-01-28 23:51:08,895 INFO c.h.h.t.HelmChartContainer - [K3S] [INFO] Waiting for API server to become available
2025-01-28 23:51:08,896 INFO c.h.h.t.HelmChartContainer - [K3S] [registry.go:256] calling componentGlobalsRegistry.AddFlags more than once, the registry will be set by the latest flags
2025-01-28 23:51:08,896 INFO c.h.h.t.HelmChartContainer - [K3S] [INFO] Running kube-controller-manager --allocate-node-cidrs=true --authentication-kubeconfig=/var/lib/rancher/k3s/server/cred/controller.kubeconfig --authorization-kubeconfig=/var/lib/rancher/k3s/server/cred/controller.kubeconfig --bind-address=127.0.0.1 --cluster-cidr=10.42.0.0/16 --cluster-signing-kube-apiserver-client-cert-file=/var/lib/rancher/k3s/server/tls/client-ca.nochain.crt --cluster-signing-kube-apiserver-client-key-file=/var/lib/rancher/k3s/server/tls/client-ca.key --cluster-signing-kubelet-client-cert-file=/var/lib/rancher/k3s/server/tls/client-ca.nochain.crt --cluster-signing-kubelet-client-key-file=/var/lib/rancher/k3s/server/tls/client-ca.key --cluster-signing-kubelet-serving-cert-file=/var/lib/rancher/k3s/server/tls/server-ca.nochain.crt --cluster-signing-kubelet-serving-key-file=/var/lib/rancher/k3s/server/tls/server-ca.key --cluster-signing-legacy-unknown-cert-file=/var/lib/rancher/k3s/server/tls/server-ca.nochain.crt --cluster-signing-legacy-unknown-key-file=/var/lib/rancher/k3s/server/tls/server-ca.key --configure-cloud-routes=false --controllers=*,tokencleaner,-service,-route,-cloud-node-lifecycle --kubeconfig=/var/lib/rancher/k3s/server/cred/controller.kubeconfig --leader-elect=false --profiling=false --root-ca-file=/var/lib/rancher/k3s/server/tls/server-ca.crt --secure-port=10257 --service-account-private-key-file=/var/lib/rancher/k3s/server/tls/service.current.key --service-cluster-ip-range=10.43.0.0/16 --use-service-account-credentials=true
2025-01-28 23:51:08,897 INFO c.h.h.t.HelmChartContainer - [K3S] [options.go:299] unable to set WatchListClient feature gate, err: cannot override default for feature "WatchListClient": gates already added to a flag set
2025-01-28 23:51:08,897 INFO c.h.h.t.HelmChartContainer - [K3S] [registry.go:256] calling componentGlobalsRegistry.AddFlags more than once, the registry will be set by the latest flags
2025-01-28 23:51:08,897 INFO c.h.h.t.HelmChartContainer - [K3S] [INFO] Running cloud-controller-manager --allocate-node-cidrs=true --authentication-kubeconfig=/var/lib/rancher/k3s/server/cred/cloud-controller.kubeconfig --authorization-kubeconfig=/var/lib/rancher/k3s/server/cred/cloud-controller.kubeconfig --bind-address=127.0.0.1 --cloud-config=/var/lib/rancher/k3s/server/etc/cloud-config.yaml --cloud-provider=k3s --cluster-cidr=10.42.0.0/16 --configure-cloud-routes=false --controllers=*,-route --kubeconfig=/var/lib/rancher/k3s/server/cred/cloud-controller.kubeconfig --leader-elect=false --leader-elect-resource-name=k3s-cloud-controller-manager --node-status-update-frequency=1m0s --profiling=false
2025-01-28 23:51:08,898 INFO c.h.h.t.HelmChartContainer - [K3S] [registry.go:256] calling componentGlobalsRegistry.AddFlags more than once, the registry will be set by the latest flags
2025-01-28 23:51:08,898 INFO c.h.h.t.HelmChartContainer - [K3S] [INFO] Server node token is available at /var/lib/rancher/k3s/server/token
2025-01-28 23:51:08,898 INFO c.h.h.t.HelmChartContainer - [K3S] [INFO] To join server node to cluster: k3s server -s https://172.18.0.2:6443 -t ${SERVER_NODE_TOKEN}
2025-01-28 23:51:08,898 INFO c.h.h.t.HelmChartContainer - [K3S] [INFO] Agent node token is available at /var/lib/rancher/k3s/server/agent-token
2025-01-28 23:51:08,898 INFO c.h.h.t.HelmChartContainer - [K3S] [INFO] To join agent node to cluster: k3s agent -s https://172.18.0.2:6443 -t ${AGENT_NODE_TOKEN}
2025-01-28 23:51:08,899 INFO c.h.h.t.HelmChartContainer - [K3S] [options.go:238] external host was not specified, using 172.18.0.2
2025-01-28 23:51:08,899 INFO c.h.h.t.HelmChartContainer - [K3S] [INFO] Wrote kubeconfig /etc/rancher/k3s/k3s.yaml
2025-01-28 23:51:08,899 INFO c.h.h.t.HelmChartContainer - [K3S] [INFO] Run: k3s kubectl
2025-01-28 23:51:08,900 INFO c.h.h.t.HelmChartContainer - [K3S] [server.go:151] Version: v1.32.1+k3s1
2025-01-28 23:51:08,900 INFO c.h.h.t.HelmChartContainer - [K3S] [server.go:153] "Golang settings" GOGC="" GOMAXPROCS="" GOTRACEBACK=""
2025-01-28 23:51:09,118 INFO c.h.h.t.HelmChartContainer - [K3S] [plugins.go:157] Loaded 13 mutating admission controller(s) successfully in the following order: NamespaceLifecycle,LimitRanger,ServiceAccount,NodeRestriction,TaintNodesByCondition,Priority,DefaultTolerationSeconds,DefaultStorageClass,StorageObjectInUseProtection,RuntimeClass,DefaultIngressClass,MutatingAdmissionPolicy,MutatingAdmissionWebhook.
2025-01-28 23:51:09,119 INFO c.h.h.t.HelmChartContainer - [K3S] [plugins.go:160] Loaded 13 validating admission controller(s) successfully in the following order: LimitRanger,ServiceAccount,PodSecurity,Priority,PersistentVolumeClaimResize,RuntimeClass,CertificateApproval,CertificateSigning,ClusterTrustBundleAttest,CertificateSubjectRestriction,ValidatingAdmissionPolicy,ValidatingAdmissionWebhook,ResourceQuota.
2025-01-28 23:51:09,119 INFO c.h.h.t.HelmChartContainer - [K3S] [instance.go:233] Using reconciler: lease
2025-01-28 23:51:09,181 INFO c.h.h.t.HelmChartContainer - [K3S] [apis.go:106] API group "internal.apiserver.k8s.io" is not enabled, skipping.
2025-01-28 23:51:09,246 INFO c.h.h.t.HelmChartContainer - [K3S] [apis.go:106] API group "storagemigration.k8s.io" is not enabled, skipping.
2025-01-28 23:51:09,273 INFO c.h.h.t.HelmChartContainer - [K3S] [apis.go:106] API group "resource.k8s.io" is not enabled, skipping.
2025-01-28 23:51:09,539 INFO c.h.h.t.HelmChartContainer - [K3S] [INFO] Password verified locally for node 6fb98fd6114a
2025-01-28 23:51:09,633 INFO c.h.h.t.HelmChartContainer - [K3S] [dynamic_cafile_content.go:161] "Starting controller" name="request-header::/var/lib/rancher/k3s/server/tls/request-header-ca.crt"
2025-01-28 23:51:09,634 INFO c.h.h.t.HelmChartContainer - [K3S] [dynamic_cafile_content.go:161] "Starting controller" name="client-ca-bundle::/var/lib/rancher/k3s/server/tls/client-ca.crt"
2025-01-28 23:51:09,634 INFO c.h.h.t.HelmChartContainer - [K3S] [dynamic_serving_content.go:135] "Starting controller" name="serving-cert::/var/lib/rancher/k3s/server/tls/serving-kube-apiserver.crt::/var/lib/rancher/k3s/server/tls/serving-kube-apiserver.key"
2025-01-28 23:51:09,634 INFO c.h.h.t.HelmChartContainer - [K3S] [tlsconfig.go:243] "Starting DynamicServingCertificateController"
2025-01-28 23:51:09,634 INFO c.h.h.t.HelmChartContainer - [K3S] [secure_serving.go:213] Serving securely on 127.0.0.1:6444
2025-01-28 23:51:09,634 INFO c.h.h.t.HelmChartContainer - [K3S] [apf_controller.go:377] Starting API Priority and Fairness config controller
2025-01-28 23:51:09,634 INFO c.h.h.t.HelmChartContainer - [K3S] [apiservice_controller.go:100] Starting APIServiceRegistrationController
2025-01-28 23:51:09,634 INFO c.h.h.t.HelmChartContainer - [K3S] [system_namespaces_controller.go:66] Starting system namespaces controller
2025-01-28 23:51:09,634 INFO c.h.h.t.HelmChartContainer - [K3S] [dynamic_serving_content.go:135] "Starting controller" name="aggregator-proxy-cert::/var/lib/rancher/k3s/server/tls/client-auth-proxy.crt::/var/lib/rancher/k3s/server/tls/client-auth-proxy.key"
2025-01-28 23:51:09,635 INFO c.h.h.t.HelmChartContainer - [K3S] [local_available_controller.go:156] Starting LocalAvailability controller
2025-01-28 23:51:09,635 INFO c.h.h.t.HelmChartContainer - [K3S] [controller.go:80] Starting OpenAPI V3 AggregationController
2025-01-28 23:51:09,635 INFO c.h.h.t.HelmChartContainer - [K3S] [gc_controller.go:78] Starting apiserver lease garbage collector
2025-01-28 23:51:09,639 INFO c.h.h.t.HelmChartContainer - [K3S] [remote_available_controller.go:411] Starting RemoteAvailability controller
2025-01-28 23:51:09,640 INFO c.h.h.t.HelmChartContainer - [K3S] [aggregator.go:169] waiting for initial CRD sync...
2025-01-28 23:51:09,640 INFO c.h.h.t.HelmChartContainer - [K3S] [controller.go:78] Starting OpenAPI AggregationController
2025-01-28 23:51:09,641 INFO c.h.h.t.HelmChartContainer - [K3S] [cluster_authentication_trust_controller.go:462] Starting cluster_authentication_trust_controller controller
2025-01-28 23:51:09,641 INFO c.h.h.t.HelmChartContainer - [K3S] [controller.go:119] Starting legacy_token_tracking_controller
2025-01-28 23:51:09,642 INFO c.h.h.t.HelmChartContainer - [K3S] [customresource_discovery_controller.go:292] Starting DiscoveryController
2025-01-28 23:51:09,642 INFO c.h.h.t.HelmChartContainer - [K3S] [crd_finalizer.go:269] Starting CRDFinalizer
2025-01-28 23:51:09,643 INFO c.h.h.t.HelmChartContainer - [K3S] [dynamic_cafile_content.go:161] "Starting controller" name="client-ca-bundle::/var/lib/rancher/k3s/server/tls/client-ca.crt"
2025-01-28 23:51:09,644 INFO c.h.h.t.HelmChartContainer - [K3S] [dynamic_cafile_content.go:161] "Starting controller" name="request-header::/var/lib/rancher/k3s/server/tls/request-header-ca.crt"
2025-01-28 23:51:09,644 INFO c.h.h.t.HelmChartContainer - [K3S] [crdregistration_controller.go:114] Starting crd-autoregister controller
2025-01-28 23:51:09,644 INFO c.h.h.t.HelmChartContainer - [K3S] [controller.go:142] Starting OpenAPI controller
2025-01-28 23:51:09,648 INFO c.h.h.t.HelmChartContainer - [K3S] [controller.go:90] Starting OpenAPI V3 controller
2025-01-28 23:51:09,648 INFO c.h.h.t.HelmChartContainer - [K3S] [naming_controller.go:294] Starting NamingConditionController
2025-01-28 23:51:09,648 INFO c.h.h.t.HelmChartContainer - [K3S] [establishing_controller.go:81] Starting EstablishingController
2025-01-28 23:51:09,648 INFO c.h.h.t.HelmChartContainer - [K3S] [nonstructuralschema_controller.go:195] Starting NonStructuralSchemaConditionController
2025-01-28 23:51:09,648 INFO c.h.h.t.HelmChartContainer - [K3S] [apiapproval_controller.go:189] Starting KubernetesAPIApprovalPolicyConformantConditionController
2025-01-28 23:51:09,714 INFO c.h.h.t.HelmChartContainer - [K3S] [policy_source.go:240] refreshing policies
2025-01-28 23:51:09,720 INFO c.h.h.t.HelmChartContainer - [K3S] [controller.go:145] "Failed to ensure lease exists, will retry" err="namespaces \"kube-system\" not found" interval="200ms"
2025-01-28 23:51:09,734 INFO c.h.h.t.HelmChartContainer - [K3S] [apf_controller.go:382] Running API Priority and Fairness config worker
2025-01-28 23:51:09,735 INFO c.h.h.t.HelmChartContainer - [K3S] [apf_controller.go:385] Running API Priority and Fairness periodic rebalancing process
2025-01-28 23:51:09,735 INFO c.h.h.t.HelmChartContainer - [K3S] [handler_discovery.go:451] Starting ResourceDiscoveryManager
2025-01-28 23:51:09,737 INFO c.h.h.t.HelmChartContainer - [K3S] [aggregator.go:171] initial CRD sync complete...
2025-01-28 23:51:09,737 INFO c.h.h.t.HelmChartContainer - [K3S] [autoregister_controller.go:144] Starting autoregister controller
2025-01-28 23:51:09,792 INFO c.h.h.t.HelmChartContainer - [K3S] [controller.go:95] Unable to perform initial Kubernetes service initialization: namespaces "default" not found
2025-01-28 23:51:10,044 INFO c.h.h.t.HelmChartContainer - [K3S] [WARNING] Host resolv.conf includes loopback or multicast nameservers - kubelet will use autogenerated resolv.conf with nameserver 8.8.8.8
2025-01-28 23:51:10,054 INFO c.h.h.t.HelmChartContainer - [K3S] [INFO] Module overlay was already loaded
2025-01-28 23:51:10,055 INFO c.h.h.t.HelmChartContainer - [K3S] [INFO] Module nf_conntrack was already loaded
2025-01-28 23:51:10,055 INFO c.h.h.t.HelmChartContainer - [K3S] [INFO] Module br_netfilter was already loaded
2025-01-28 23:51:10,060 INFO c.h.h.t.HelmChartContainer - [K3S] [INFO] Set sysctl 'net/netfilter/nf_conntrack_max' to 131072
2025-01-28 23:51:10,060 INFO c.h.h.t.HelmChartContainer - [K3S] [INFO] Set sysctl 'net/netfilter/nf_conntrack_tcp_timeout_established' to 86400
2025-01-28 23:51:10,061 INFO c.h.h.t.HelmChartContainer - [K3S] [INFO] Set sysctl 'net/netfilter/nf_conntrack_tcp_timeout_close_wait' to 3600
2025-01-28 23:51:10,062 INFO c.h.h.t.HelmChartContainer - [K3S] [INFO] Logging containerd to /var/lib/rancher/k3s/agent/containerd/containerd.log
2025-01-28 23:51:10,062 INFO c.h.h.t.HelmChartContainer - [K3S] [INFO] Running containerd -c /var/lib/rancher/k3s/agent/etc/containerd/config.toml -a /run/k3s/containerd/containerd.sock --state /run/k3s/containerd --root /var/lib/rancher/k3s/agent/containerd
2025-01-28 23:51:10,635 INFO c.h.h.t.HelmChartContainer - [K3S] [storage_scheduling.go:95] created PriorityClass system-node-critical with value 2000001000
2025-01-28 23:51:10,638 INFO c.h.h.t.HelmChartContainer - [K3S] [storage_scheduling.go:95] created PriorityClass system-cluster-critical with value 2000000000
2025-01-28 23:51:10,638 INFO c.h.h.t.HelmChartContainer - [K3S] [storage_scheduling.go:111] all system priority classes are created successfully or already exist.
2025-01-28 23:51:10,998 INFO c.h.h.t.HelmChartContainer - [K3S] [alloc.go:330] "allocated clusterIPs" service="default/kubernetes" clusterIPs={"IPv4":"10.43.0.1"}
2025-01-28 23:51:11,002 INFO c.h.h.t.HelmChartContainer - [K3S] [lease.go:265] Resetting endpoints for master service "kubernetes" to [172.18.0.2]
2025-01-28 23:51:11,069 INFO c.h.h.t.HelmChartContainer - [K3S] [INFO] containerd is now running
2025-01-28 23:51:11,073 INFO c.h.h.t.HelmChartContainer - [K3S] [INFO] Connecting to proxy" url="wss://127.0.0.1:6443/v1-k3s/connect
2025-01-28 23:51:11,075 INFO c.h.h.t.HelmChartContainer - [K3S] [INFO] Creating k3s-cert-monitor event broadcaster
2025-01-28 23:51:11,077 INFO c.h.h.t.HelmChartContainer - [K3S] [INFO] Running kubelet --cloud-provider=external --config-dir=/var/lib/rancher/k3s/agent/etc/kubelet.conf.d --containerd=/run/k3s/containerd/containerd.sock --hostname-override=6fb98fd6114a --kubeconfig=/var/lib/rancher/k3s/agent/kubelet.kubeconfig --node-ip=172.18.0.2 --node-labels=
2025-01-28 23:51:11,079 INFO c.h.h.t.HelmChartContainer - [K3S] [INFO] Handling backend connection request [6fb98fd6114a]
2025-01-28 23:51:11,079 INFO c.h.h.t.HelmChartContainer - [K3S] [INFO] Remotedialer connected to proxy" url="wss://127.0.0.1:6443/v1-k3s/connect
2025-01-28 23:51:11,081 INFO c.h.h.t.HelmChartContainer - [K3S] Flag --containerd has been deprecated, This is a cadvisor flag that was mistakenly registered with the Kubelet. Due to legacy concerns, it will follow the standard CLI deprecation timeline before being removed.
2025-01-28 23:51:11,084 INFO c.h.h.t.HelmChartContainer - [K3S] [server.go:515] "Kubelet version" kubeletVersion="v1.32.1+k3s1"
2025-01-28 23:51:11,084 INFO c.h.h.t.HelmChartContainer - [K3S] [server.go:517] "Golang settings" GOGC="" GOMAXPROCS="" GOTRACEBACK=""
2025-01-28 23:51:11,086 INFO c.h.h.t.HelmChartContainer - [K3S] [dynamic_cafile_content.go:161] "Starting controller" name="client-ca-bundle::/var/lib/rancher/k3s/agent/client-ca.crt"
2025-01-28 23:51:11,088 INFO c.h.h.t.HelmChartContainer - [K3S] [log.go:32] "RuntimeConfig from runtime service failed" err="rpc error: code = Unimplemented desc = method RuntimeConfig not implemented"
2025-01-28 23:51:11,088 INFO c.h.h.t.HelmChartContainer - [K3S] [server.go:1416] "CRI implementation should be updated to support RuntimeConfig when KubeletCgroupDriverFromCRI feature gate has been enabled. Falling back to using cgroupDriver from kubelet config."
2025-01-28 23:51:11,093 INFO c.h.h.t.HelmChartContainer - [K3S] [info.go:53] Couldn't collect info from any of the files in "/etc/machine-id,/var/lib/dbus/machine-id"
2025-01-28 23:51:11,094 INFO c.h.h.t.HelmChartContainer - [K3S] [server.go:767] "--cgroups-per-qos enabled, but --cgroup-root was not specified.  defaulting to /"
2025-01-28 23:51:11,094 INFO c.h.h.t.HelmChartContainer - [K3S] [server.go:836] "NoSwap is set due to memorySwapBehavior not specified" memorySwapBehavior="" FailSwapOn=false
2025-01-28 23:51:11,094 INFO c.h.h.t.HelmChartContainer - [K3S] [swap_util.go:115] "Swap is on" /proc/swaps contents=<
2025-01-28 23:51:11,094 INFO c.h.h.t.HelmChartContainer - [K3S] 	Filename				Type		Size		Used		Priority
2025-01-28 23:51:11,094 INFO c.h.h.t.HelmChartContainer - [K3S] 	/mnt/swapfile                           file		4194300		0		-2
2025-01-28 23:51:11,094 INFO c.h.h.t.HelmChartContainer - [K3S]  >
2025-01-28 23:51:11,094 INFO c.h.h.t.HelmChartContainer - [K3S] [container_manager_linux.go:268] "Container manager verified user specified cgroup-root exists" cgroupRoot=[]
2025-01-28 23:51:11,094 INFO c.h.h.t.HelmChartContainer - [K3S] [container_manager_linux.go:273] "Creating Container Manager object based on Node Config" nodeConfig={"NodeName":"6fb98fd6114a","RuntimeCgroupsName":"","SystemCgroupsName":"","KubeletCgroupsName":"/k3s","KubeletOOMScoreAdj":-999,"ContainerRuntime":"","CgroupsPerQOS":true,"CgroupRoot":"/","CgroupDriver":"cgroupfs","KubeletRootDir":"/var/lib/kubelet","ProtectKernelDefaults":false,"KubeReservedCgroupName":"","SystemReservedCgroupName":"","ReservedSystemCPUs":{},"EnforceNodeAllocatable":{"pods":{}},"KubeReserved":null,"SystemReserved":null,"HardEvictionThresholds":[{"Signal":"imagefs.available","Operator":"LessThan","Value":{"Quantity":null,"Percentage":0.05},"GracePeriod":0,"MinReclaim":null},{"Signal":"nodefs.available","Operator":"LessThan","Value":{"Quantity":null,"Percentage":0.05},"GracePeriod":0,"MinReclaim":null}],"QOSReserved":{},"CPUManagerPolicy":"none","CPUManagerPolicyOptions":null,"TopologyManagerScope":"container","CPUManagerReconcilePeriod":10000000000,"ExperimentalMemoryManagerPolicy":"None","ExperimentalMemoryManagerReservedMemory":null,"PodPidsLimit":-1,"EnforceCPULimits":true,"CPUCFSQuotaPeriod":100000000,"TopologyManagerPolicy":"none","TopologyManagerPolicyOptions":null,"CgroupVersion":2}
2025-01-28 23:51:11,094 INFO c.h.h.t.HelmChartContainer - [K3S] [topology_manager.go:138] "Creating topology manager with none policy"
2025-01-28 23:51:11,094 INFO c.h.h.t.HelmChartContainer - [K3S] [container_manager_linux.go:304] "Creating device plugin manager"
2025-01-28 23:51:11,095 INFO c.h.h.t.HelmChartContainer - [K3S] [state_mem.go:36] "Initialized new in-memory state store"
2025-01-28 23:51:11,095 INFO c.h.h.t.HelmChartContainer - [K3S] [kubelet.go:446] "Attempting to sync node with API server"
2025-01-28 23:51:11,095 INFO c.h.h.t.HelmChartContainer - [K3S] [kubelet.go:341] "Adding static pod path" path="/var/lib/rancher/k3s/agent/pod-manifests"
2025-01-28 23:51:11,095 INFO c.h.h.t.HelmChartContainer - [K3S] [kubelet.go:352] "Adding apiserver pod source"
2025-01-28 23:51:11,095 INFO c.h.h.t.HelmChartContainer - [K3S] [apiserver.go:42] "Waiting for node sync before watching apiserver pods"
2025-01-28 23:51:11,097 INFO c.h.h.t.HelmChartContainer - [K3S] [kuberuntime_manager.go:269] "Container runtime initialized" containerRuntime="containerd" version="v1.7.23-k3s2" apiVersion="v1"
2025-01-28 23:51:11,097 INFO c.h.h.t.HelmChartContainer - [K3S] [kubelet.go:890] "Not starting ClusterTrustBundle informer because we are in static kubelet mode"
2025-01-28 23:51:11,097 INFO c.h.h.t.HelmChartContainer - [K3S] [probe.go:272] Flexvolume plugin directory at /usr/libexec/kubernetes/kubelet-plugins/volume/exec/ does not exist. Recreating.
2025-01-28 23:51:11,097 INFO c.h.h.t.HelmChartContainer - [K3S] [watchdog_linux.go:99] "Systemd watchdog is not enabled"
2025-01-28 23:51:11,097 INFO c.h.h.t.HelmChartContainer - [K3S] [server.go:1282] "Started kubelet"
2025-01-28 23:51:11,102 INFO c.h.h.t.HelmChartContainer - [K3S] [server.go:169] "Starting to listen" address="0.0.0.0" port=10250
2025-01-28 23:51:11,103 INFO c.h.h.t.HelmChartContainer - [K3S] [fs_resource_analyzer.go:67] "Starting FS ResourceAnalyzer"
2025-01-28 23:51:11,104 INFO c.h.h.t.HelmChartContainer - [K3S] [server.go:490] "Adding debug handlers to kubelet server"
2025-01-28 23:51:11,105 INFO c.h.h.t.HelmChartContainer - [K3S] [server.go:208] "Starting to listen read-only" address="0.0.0.0" port=10255
2025-01-28 23:51:11,106 INFO c.h.h.t.HelmChartContainer - [K3S] [ratelimit.go:55] "Setting rate limiting for endpoint" service="podresources" qps=100 burstTokens=10
2025-01-28 23:51:11,108 INFO c.h.h.t.HelmChartContainer - [K3S] [server.go:243] "Starting to serve the podresources API" endpoint="unix:/var/lib/kubelet/pod-resources/kubelet.sock"
2025-01-28 23:51:11,108 INFO c.h.h.t.HelmChartContainer - [K3S] [dynamic_serving_content.go:135] "Starting controller" name="kubelet-server-cert-files::/var/lib/rancher/k3s/agent/serving-kubelet.crt::/var/lib/rancher/k3s/agent/serving-kubelet.key"
2025-01-28 23:51:11,120 INFO c.h.h.t.HelmChartContainer - [K3S] [volume_manager.go:297] "Starting Kubelet Volume Manager"
2025-01-28 23:51:11,121 INFO c.h.h.t.HelmChartContainer - [K3S] [kubelet_node_status.go:467] "Error getting the current node from lister" err="node \"6fb98fd6114a\" not found"
2025-01-28 23:51:11,121 INFO c.h.h.t.HelmChartContainer - [K3S] [desired_state_of_world_populator.go:149] "Desired state populator starts to run"
2025-01-28 23:51:11,121 INFO c.h.h.t.HelmChartContainer - [K3S] [reconciler.go:26] "Reconciler: start to sync state"
2025-01-28 23:51:11,121 INFO c.h.h.t.HelmChartContainer - [K3S] [factory.go:221] Registration of the systemd container factory successfully
2025-01-28 23:51:11,121 INFO c.h.h.t.HelmChartContainer - [K3S] [factory.go:219] Registration of the crio container factory failed: Get "http://%2Fvar%2Frun%2Fcrio%2Fcrio.sock/info": dial unix /var/run/crio/crio.sock: connect: no such file or directory
2025-01-28 23:51:11,124 INFO c.h.h.t.HelmChartContainer - [K3S] [factory.go:221] Registration of the containerd container factory successfully
2025-01-28 23:51:11,125 INFO c.h.h.t.HelmChartContainer - [K3S] [nodelease.go:49] "Failed to get node when trying to set owner ref to the node lease" err="nodes \"6fb98fd6114a\" not found" node="6fb98fd6114a"
2025-01-28 23:51:11,125 INFO c.h.h.t.HelmChartContainer - [K3S] [kubelet.go:1561] "Image garbage collection failed once. Stats initialization may not have completed yet" err="invalid capacity 0 on image filesystem"
2025-01-28 23:51:11,146 INFO c.h.h.t.HelmChartContainer - [K3S] [kubelet_network_linux.go:50] "Initialized iptables rules." protocol="IPv4"
2025-01-28 23:51:11,149 INFO c.h.h.t.HelmChartContainer - [K3S] [kubelet_network_linux.go:50] "Initialized iptables rules." protocol="IPv6"
2025-01-28 23:51:11,149 INFO c.h.h.t.HelmChartContainer - [K3S] [status_manager.go:227] "Starting to sync pod status with apiserver"
2025-01-28 23:51:11,149 INFO c.h.h.t.HelmChartContainer - [K3S] [watchdog_linux.go:127] "Systemd watchdog is not enabled or the interval is invalid, so health checking will not be started."
2025-01-28 23:51:11,149 INFO c.h.h.t.HelmChartContainer - [K3S] [kubelet.go:2388] "Starting kubelet main sync loop"
2025-01-28 23:51:11,149 INFO c.h.h.t.HelmChartContainer - [K3S] [kubelet.go:2412] "Skipping pod synchronization" err="[container runtime status check may not have completed yet, PLEG is not healthy: pleg has yet to be successful]"
2025-01-28 23:51:11,157 INFO c.h.h.t.HelmChartContainer - [K3S] [cpu_manager.go:221] "Starting CPU manager" policy="none"
2025-01-28 23:51:11,157 INFO c.h.h.t.HelmChartContainer - [K3S] [cpu_manager.go:222] "Reconciling" reconcilePeriod="10s"
2025-01-28 23:51:11,158 INFO c.h.h.t.HelmChartContainer - [K3S] [state_mem.go:36] "Initialized new in-memory state store"
2025-01-28 23:51:11,160 INFO c.h.h.t.HelmChartContainer - [K3S] [policy_none.go:49] "None policy: Start"
2025-01-28 23:51:11,160 INFO c.h.h.t.HelmChartContainer - [K3S] [memory_manager.go:186] "Starting memorymanager" policy="None"
2025-01-28 23:51:11,160 INFO c.h.h.t.HelmChartContainer - [K3S] [state_mem.go:35] "Initializing new in-memory state store"
2025-01-28 23:51:11,163 INFO c.h.h.t.HelmChartContainer - [K3S] [manager.go:519] "Failed to read data from checkpoint" checkpoint="kubelet_internal_checkpoint" err="checkpoint is not found"
2025-01-28 23:51:11,165 INFO c.h.h.t.HelmChartContainer - [K3S] [eviction_manager.go:189] "Eviction manager: starting control loop"
2025-01-28 23:51:11,165 INFO c.h.h.t.HelmChartContainer - [K3S] [container_log_manager.go:189] "Initializing container log rotate workers" workers=1 monitorPeriod="10s"
2025-01-28 23:51:11,165 INFO c.h.h.t.HelmChartContainer - [K3S] [plugin_manager.go:118] "Starting Kubelet Plugin Manager"
2025-01-28 23:51:11,166 INFO c.h.h.t.HelmChartContainer - [K3S] [eviction_manager.go:267] "eviction manager: failed to check if we have separate container filesystem. Ignoring." err="no imagefs label for configured runtime"
2025-01-28 23:51:11,166 INFO c.h.h.t.HelmChartContainer - [K3S] [eviction_manager.go:292] "Eviction manager: failed to get summary stats" err="failed to get node info: node \"6fb98fd6114a\" not found"
2025-01-28 23:51:11,199 INFO c.h.h.t.HelmChartContainer - [K3S] [ERROR] Sending HTTP/1.1 503 response to 127.0.0.1:51572: runtime core not ready
2025-01-28 23:51:11,265 INFO c.h.h.t.HelmChartContainer - [K3S] [kubelet_node_status.go:76] "Attempting to register node" node="6fb98fd6114a"
2025-01-28 23:51:11,271 INFO c.h.h.t.HelmChartContainer - [K3S] [kubelet_node_status.go:79] "Successfully registered node" node="6fb98fd6114a"
2025-01-28 23:51:11,271 INFO c.h.h.t.HelmChartContainer - [K3S] [kubelet_node_status.go:549] "Error updating node status, will retry" err="error getting node \"6fb98fd6114a\": node \"6fb98fd6114a\" not found"
2025-01-28 23:51:11,275 INFO c.h.h.t.HelmChartContainer - [K3S] [INFO] Annotations and labels have been set successfully on node: 6fb98fd6114a
2025-01-28 23:51:11,275 INFO c.h.h.t.HelmChartContainer - [K3S] [INFO] Starting flannel with backend vxlan
2025-01-28 23:51:11,303 INFO c.h.h.t.HelmChartContainer - [K3S] [INFO] Running kube-proxy --cluster-cidr=10.42.0.0/16 --conntrack-max-per-core=0 --conntrack-tcp-timeout-close-wait=0s --conntrack-tcp-timeout-established=0s --healthz-bind-address=127.0.0.1 --hostname-override=6fb98fd6114a --kubeconfig=/var/lib/rancher/k3s/agent/kubeproxy.kubeconfig --proxy-mode=iptables
2025-01-28 23:51:11,337 INFO c.h.h.t.HelmChartContainer - [K3S] [server.go:698] "Successfully retrieved node IP(s)" IPs=["172.18.0.2"]
2025-01-28 23:51:11,337 INFO c.h.h.t.HelmChartContainer - [K3S] [server.go:234] "Kube-proxy configuration may be incomplete or incorrect" err="nodePortAddresses is unset; NodePort connections will be accepted on all local IPs. Consider using `--nodeport-addresses primary`"
2025-01-28 23:51:11,340 INFO c.h.h.t.HelmChartContainer - [K3S] [server.go:243] "kube-proxy running in dual-stack mode" primary ipFamily="IPv4"
2025-01-28 23:51:11,340 INFO c.h.h.t.HelmChartContainer - [K3S] [server_linux.go:170] "Using iptables Proxier"
2025-01-28 23:51:11,341 INFO c.h.h.t.HelmChartContainer - [K3S] [proxier.go:255] "Setting route_localnet=1 to allow node-ports on localhost; to change this either disable iptables.localhostNodePorts (--iptables-localhost-nodeports) or set nodePortAddresses (--nodeport-addresses) to filter loopback addresses"
2025-01-28 23:51:11,344 INFO c.h.h.t.HelmChartContainer - [K3S] [server.go:497] "Version info" version="v1.32.1+k3s1"
2025-01-28 23:51:11,344 INFO c.h.h.t.HelmChartContainer - [K3S] [server.go:499] "Golang settings" GOGC="" GOMAXPROCS="" GOTRACEBACK=""
2025-01-28 23:51:11,346 INFO c.h.h.t.HelmChartContainer - [K3S] [config.go:199] "Starting service config controller"
2025-01-28 23:51:11,346 INFO c.h.h.t.HelmChartContainer - [K3S] [config.go:329] "Starting node config controller"
2025-01-28 23:51:11,346 INFO c.h.h.t.HelmChartContainer - [K3S] [config.go:105] "Starting endpoint slice config controller"
2025-01-28 23:51:11,477 INFO c.h.h.t.HelmChartContainer - [K3S] [kubelet_node_status.go:502] "Fast updating node status as it just became ready"
2025-01-28 23:51:11,901 INFO c.h.h.t.HelmChartContainer - [K3S] [INFO] Waiting for untainted node
2025-01-28 23:51:11,901 INFO c.h.h.t.HelmChartContainer - [K3S] [INFO] Waiting for cloud-controller-manager privileges to become available
2025-01-28 23:51:11,901 INFO c.h.h.t.HelmChartContainer - [K3S] [INFO] Creating k3s-supervisor event broadcaster
2025-01-28 23:51:11,901 INFO c.h.h.t.HelmChartContainer - [K3S] [INFO] Kube API server is now running
2025-01-28 23:51:11,902 INFO c.h.h.t.HelmChartContainer - [K3S] [INFO] ETCD server is now running
2025-01-28 23:51:11,902 INFO c.h.h.t.HelmChartContainer - [K3S] [INFO] k3s is up and running
2025-01-28 23:51:11,910 INFO c.h.h.t.HelmChartContainer - [K3S] [INFO] Applying CRD addons.k3s.cattle.io
2025-01-28 23:51:11,923 INFO c.h.h.t.HelmChartContainer - [K3S] [INFO] Applying CRD etcdsnapshotfiles.k3s.cattle.io
2025-01-28 23:51:11,935 INFO c.h.h.t.HelmChartContainer - [K3S] [INFO] Applying CRD helmcharts.helm.cattle.io
2025-01-28 23:51:11,950 INFO c.h.h.t.HelmChartContainer - [K3S] [INFO] Applying CRD helmchartconfigs.helm.cattle.io
2025-01-28 23:51:11,965 INFO c.h.h.t.HelmChartContainer - [K3S] [INFO] Waiting for CRD helmcharts.helm.cattle.io to become available
2025-01-28 23:51:12,094 INFO c.h.h.t.HelmChartContainer - [K3S] [apiserver.go:52] "Watching apiserver"
2025-01-28 23:51:12,115 INFO c.h.h.t.HelmChartContainer - [K3S] [desired_state_of_world_populator.go:157] "Finished populating initial desired state of world"
2025-01-28 23:51:12,228 INFO c.h.h.t.HelmChartContainer - [K3S] [serving.go:392] Generated self-signed cert in-memory
2025-01-28 23:51:12,469 INFO c.h.h.t.HelmChartContainer - [K3S] [INFO] Done waiting for CRD helmcharts.helm.cattle.io to become available
2025-01-28 23:51:12,470 INFO c.h.h.t.HelmChartContainer - [K3S] [INFO] Waiting for CRD helmchartconfigs.helm.cattle.io to become available
2025-01-28 23:51:12,502 INFO c.h.h.t.HelmChartContainer - [K3S] [controllermanager.go:185] "Starting" version="v1.32.1+k3s1"
2025-01-28 23:51:12,502 INFO c.h.h.t.HelmChartContainer - [K3S] [controllermanager.go:187] "Golang settings" GOGC="" GOMAXPROCS="" GOTRACEBACK=""
2025-01-28 23:51:12,504 INFO c.h.h.t.HelmChartContainer - [K3S] [configmap_cafile_content.go:205] "Starting controller" name="client-ca::kube-system::extension-apiserver-authentication::client-ca-file"
2025-01-28 23:51:12,505 INFO c.h.h.t.HelmChartContainer - [K3S] [configmap_cafile_content.go:205] "Starting controller" name="client-ca::kube-system::extension-apiserver-authentication::requestheader-client-ca-file"
2025-01-28 23:51:12,505 INFO c.h.h.t.HelmChartContainer - [K3S] [requestheader_controller.go:180] Starting RequestHeaderAuthRequestController
2025-01-28 23:51:12,505 INFO c.h.h.t.HelmChartContainer - [K3S] [secure_serving.go:213] Serving securely on 127.0.0.1:10257
2025-01-28 23:51:12,505 INFO c.h.h.t.HelmChartContainer - [K3S] [tlsconfig.go:243] "Starting DynamicServingCertificateController"
2025-01-28 23:51:12,509 INFO c.h.h.t.HelmChartContainer - [K3S] [controllermanager.go:765] "Started controller" controller="serviceaccount-token-controller"
2025-01-28 23:51:12,514 INFO c.h.h.t.HelmChartContainer - [K3S] [node_lifecycle_controller.go:432] "Controller will reconcile labels"
2025-01-28 23:51:12,514 INFO c.h.h.t.HelmChartContainer - [K3S] [controllermanager.go:765] "Started controller" controller="node-lifecycle-controller"
2025-01-28 23:51:12,515 INFO c.h.h.t.HelmChartContainer - [K3S] [controllermanager.go:723] "Skipping a cloud provider controller" controller="node-route-controller"
2025-01-28 23:51:12,515 INFO c.h.h.t.HelmChartContainer - [K3S] [node_lifecycle_controller.go:466] "Sending events to api server"
2025-01-28 23:51:12,515 INFO c.h.h.t.HelmChartContainer - [K3S] [node_lifecycle_controller.go:477] "Starting node controller"
2025-01-28 23:51:12,520 INFO c.h.h.t.HelmChartContainer - [K3S] [controllermanager.go:765] "Started controller" controller="endpointslice-controller"
2025-01-28 23:51:12,520 INFO c.h.h.t.HelmChartContainer - [K3S] [endpointslice_controller.go:281] "Starting endpoint slice controller"
2025-01-28 23:51:12,525 INFO c.h.h.t.HelmChartContainer - [K3S] [controllermanager.go:765] "Started controller" controller="serviceaccount-controller"
2025-01-28 23:51:12,525 INFO c.h.h.t.HelmChartContainer - [K3S] [serviceaccounts_controller.go:114] "Starting service account controller"
2025-01-28 23:51:12,533 INFO c.h.h.t.HelmChartContainer - [K3S] [graph_builder.go:351] "Running" component="GraphBuilder"
2025-01-28 23:51:12,534 INFO c.h.h.t.HelmChartContainer - [K3S] [controllermanager.go:765] "Started controller" controller="garbage-collector-controller"
2025-01-28 23:51:12,540 INFO c.h.h.t.HelmChartContainer - [K3S] [certificate_controller.go:120] "Starting certificate controller" name="csrsigning-kubelet-serving"
2025-01-28 23:51:12,540 INFO c.h.h.t.HelmChartContainer - [K3S] [dynamic_serving_content.go:135] "Starting controller" name="csr-controller::/var/lib/rancher/k3s/server/tls/server-ca.nochain.crt::/var/lib/rancher/k3s/server/tls/server-ca.key"
2025-01-28 23:51:12,541 INFO c.h.h.t.HelmChartContainer - [K3S] [certificate_controller.go:120] "Starting certificate controller" name="csrsigning-kubelet-client"
2025-01-28 23:51:12,541 INFO c.h.h.t.HelmChartContainer - [K3S] [dynamic_serving_content.go:135] "Starting controller" name="csr-controller::/var/lib/rancher/k3s/server/tls/client-ca.nochain.crt::/var/lib/rancher/k3s/server/tls/client-ca.key"
2025-01-28 23:51:12,541 INFO c.h.h.t.HelmChartContainer - [K3S] [controllermanager.go:765] "Started controller" controller="certificatesigningrequest-signing-controller"
2025-01-28 23:51:12,541 INFO c.h.h.t.HelmChartContainer - [K3S] [certificate_controller.go:120] "Starting certificate controller" name="csrsigning-kube-apiserver-client"
2025-01-28 23:51:12,541 INFO c.h.h.t.HelmChartContainer - [K3S] [dynamic_serving_content.go:135] "Starting controller" name="csr-controller::/var/lib/rancher/k3s/server/tls/client-ca.nochain.crt::/var/lib/rancher/k3s/server/tls/client-ca.key"
2025-01-28 23:51:12,541 INFO c.h.h.t.HelmChartContainer - [K3S] [certificate_controller.go:120] "Starting certificate controller" name="csrsigning-legacy-unknown"
2025-01-28 23:51:12,541 INFO c.h.h.t.HelmChartContainer - [K3S] [dynamic_serving_content.go:135] "Starting controller" name="csr-controller::/var/lib/rancher/k3s/server/tls/server-ca.nochain.crt::/var/lib/rancher/k3s/server/tls/server-ca.key"
2025-01-28 23:51:12,543 INFO c.h.h.t.HelmChartContainer - [K3S] [controllermanager.go:765] "Started controller" controller="certificatesigningrequest-cleaner-controller"
2025-01-28 23:51:12,543 INFO c.h.h.t.HelmChartContainer - [K3S] [controllermanager.go:728] "Warning: controller is disabled" controller="bootstrap-signer-controller"
2025-01-28 23:51:12,543 INFO c.h.h.t.HelmChartContainer - [K3S] [cleaner.go:83] "Starting CSR cleaner controller"
2025-01-28 23:51:12,549 INFO c.h.h.t.HelmChartContainer - [K3S] [controllermanager.go:765] "Started controller" controller="persistentvolumeclaim-protection-controller"
2025-01-28 23:51:12,549 INFO c.h.h.t.HelmChartContainer - [K3S] [controllermanager.go:717] "Controller is disabled by a feature gate" controller="volumeattributesclass-protection-controller" requiredFeatureGates=["VolumeAttributesClass"]
2025-01-28 23:51:12,549 INFO c.h.h.t.HelmChartContainer - [K3S] [controllermanager.go:717] "Controller is disabled by a feature gate" controller="resourceclaim-controller" requiredFeatureGates=["DynamicResourceAllocation"]
2025-01-28 23:51:12,549 INFO c.h.h.t.HelmChartContainer - [K3S] [controllermanager.go:717] "Controller is disabled by a feature gate" controller="service-cidr-controller" requiredFeatureGates=["MultiCIDRServiceAllocator"]
2025-01-28 23:51:12,549 INFO c.h.h.t.HelmChartContainer - [K3S] [pvc_protection_controller.go:168] "Starting PVC protection controller"
2025-01-28 23:51:12,556 INFO c.h.h.t.HelmChartContainer - [K3S] [range_allocator.go:112] "No Secondary Service CIDR provided. Skipping filtering out secondary service addresses"
2025-01-28 23:51:12,557 INFO c.h.h.t.HelmChartContainer - [K3S] [controllermanager.go:765] "Started controller" controller="node-ipam-controller"
2025-01-28 23:51:12,557 INFO c.h.h.t.HelmChartContainer - [K3S] [controllermanager.go:723] "Skipping a cloud provider controller" controller="cloud-node-lifecycle-controller"
2025-01-28 23:51:12,557 INFO c.h.h.t.HelmChartContainer - [K3S] [node_ipam_controller.go:141] "Starting ipam controller"
2025-01-28 23:51:12,561 INFO c.h.h.t.HelmChartContainer - [K3S] [controllermanager.go:765] "Started controller" controller="endpoints-controller"
2025-01-28 23:51:12,562 INFO c.h.h.t.HelmChartContainer - [K3S] [endpoints_controller.go:182] "Starting endpoint controller"
2025-01-28 23:51:12,612 INFO c.h.h.t.HelmChartContainer - [K3S] [controllermanager.go:765] "Started controller" controller="replicationcontroller-controller"
2025-01-28 23:51:12,613 INFO c.h.h.t.HelmChartContainer - [K3S] [replica_set.go:217] "Starting controller" name="replicationcontroller"
2025-01-28 23:51:12,762 INFO c.h.h.t.HelmChartContainer - [K3S] [controllermanager.go:765] "Started controller" controller="pod-garbage-collector-controller"
2025-01-28 23:51:12,762 INFO c.h.h.t.HelmChartContainer - [K3S] [gc_controller.go:99] "Starting GC controller"
2025-01-28 23:51:12,913 INFO c.h.h.t.HelmChartContainer - [K3S] [controllermanager.go:765] "Started controller" controller="job-controller"
2025-01-28 23:51:12,913 INFO c.h.h.t.HelmChartContainer - [K3S] [job_controller.go:243] "Starting job controller"
2025-01-28 23:51:12,972 INFO c.h.h.t.HelmChartContainer - [K3S] [INFO] Done waiting for CRD helmchartconfigs.helm.cattle.io to become available
2025-01-28 23:51:12,972 INFO c.h.h.t.HelmChartContainer - [K3S] [INFO] Writing static file: /var/lib/rancher/k3s/server/static/charts/traefik-27.0.201+up27.0.2.tgz
2025-01-28 23:51:12,974 INFO c.h.h.t.HelmChartContainer - [K3S] [INFO] Writing static file: /var/lib/rancher/k3s/server/static/charts/traefik-crd-27.0.201+up27.0.2.tgz
2025-01-28 23:51:12,974 INFO c.h.h.t.HelmChartContainer - [K3S] [INFO] Writing manifest: /var/lib/rancher/k3s/server/manifests/metrics-server/metrics-server-service.yaml
2025-01-28 23:51:12,974 INFO c.h.h.t.HelmChartContainer - [K3S] [INFO] Writing manifest: /var/lib/rancher/k3s/server/manifests/rolebindings.yaml
2025-01-28 23:51:12,974 INFO c.h.h.t.HelmChartContainer - [K3S] [INFO] Writing manifest: /var/lib/rancher/k3s/server/manifests/ccm.yaml
2025-01-28 23:51:12,974 INFO c.h.h.t.HelmChartContainer - [K3S] [INFO] Writing manifest: /var/lib/rancher/k3s/server/manifests/coredns.yaml
2025-01-28 23:51:12,975 INFO c.h.h.t.HelmChartContainer - [K3S] [INFO] Writing manifest: /var/lib/rancher/k3s/server/manifests/metrics-server/auth-delegator.yaml
2025-01-28 23:51:12,975 INFO c.h.h.t.HelmChartContainer - [K3S] [INFO] Writing manifest: /var/lib/rancher/k3s/server/manifests/metrics-server/auth-reader.yaml
2025-01-28 23:51:12,975 INFO c.h.h.t.HelmChartContainer - [K3S] [INFO] Writing manifest: /var/lib/rancher/k3s/server/manifests/metrics-server/metrics-apiservice.yaml
2025-01-28 23:51:12,975 INFO c.h.h.t.HelmChartContainer - [K3S] [INFO] Writing manifest: /var/lib/rancher/k3s/server/manifests/metrics-server/metrics-server-deployment.yaml
2025-01-28 23:51:12,975 INFO c.h.h.t.HelmChartContainer - [K3S] [INFO] Writing manifest: /var/lib/rancher/k3s/server/manifests/runtimes.yaml
2025-01-28 23:51:12,975 INFO c.h.h.t.HelmChartContainer - [K3S] [INFO] Writing manifest: /var/lib/rancher/k3s/server/manifests/local-storage.yaml
2025-01-28 23:51:12,976 INFO c.h.h.t.HelmChartContainer - [K3S] [INFO] Writing manifest: /var/lib/rancher/k3s/server/manifests/metrics-server/aggregated-metrics-reader.yaml
2025-01-28 23:51:12,976 INFO c.h.h.t.HelmChartContainer - [K3S] [INFO] Writing manifest: /var/lib/rancher/k3s/server/manifests/metrics-server/resource-reader.yaml
2025-01-28 23:51:12,976 INFO c.h.h.t.HelmChartContainer - [K3S] [INFO] Starting dynamiclistener CN filter node controller with SANs: [localhost 127.0.0.1 ::1 localhost 6fb98fd6114a 172.18.0.2 10.43.0.1 kubernetes kubernetes.default kubernetes.default.svc kubernetes.default.svc.cluster.local]
2025-01-28 23:51:12,977 INFO c.h.h.t.HelmChartContainer - [K3S] [INFO] Tunnel server egress proxy mode: agent
2025-01-28 23:51:13,062 INFO c.h.h.t.HelmChartContainer - [K3S] [controllermanager.go:765] "Started controller" controller="replicaset-controller"
2025-01-28 23:51:13,063 INFO c.h.h.t.HelmChartContainer - [K3S] [replica_set.go:217] "Starting controller" name="replicaset"
2025-01-28 23:51:13,080 INFO c.h.h.t.HelmChartContainer - [K3S] [INFO] Starting k3s.cattle.io/v1, Kind=Addon controller
2025-01-28 23:51:13,080 INFO c.h.h.t.HelmChartContainer - [K3S] [INFO] Creating deploy event broadcaster
2025-01-28 23:51:13,084 INFO c.h.h.t.HelmChartContainer - [K3S] [event.go:389] "Event occurred" object="kube-system/ccm" fieldPath="" kind="Addon" apiVersion="k3s.cattle.io/v1" type="Normal" reason="ApplyingManifest" message="Applying manifest at \"/var/lib/rancher/k3s/server/manifests/ccm.yaml\""
2025-01-28 23:51:13,107 INFO c.h.h.t.HelmChartContainer - [K3S] [event.go:389] "Event occurred" object="kube-system/ccm" fieldPath="" kind="Addon" apiVersion="k3s.cattle.io/v1" type="Normal" reason="AppliedManifest" message="Applied manifest at \"/var/lib/rancher/k3s/server/manifests/ccm.yaml\""
2025-01-28 23:51:13,115 INFO c.h.h.t.HelmChartContainer - [K3S] [event.go:389] "Event occurred" object="kube-system/coredns" fieldPath="" kind="Addon" apiVersion="k3s.cattle.io/v1" type="Normal" reason="ApplyingManifest" message="Applying manifest at \"/var/lib/rancher/k3s/server/manifests/coredns.yaml\""
2025-01-28 23:51:13,184 INFO c.h.h.t.HelmChartContainer - [K3S] [INFO] Starting /v1, Kind=Node controller
2025-01-28 23:51:13,185 INFO c.h.h.t.HelmChartContainer - [K3S] [INFO] Creating helm-controller event broadcaster
2025-01-28 23:51:13,202 INFO c.h.h.t.HelmChartContainer - [K3S] [INFO] Labels and annotations have been set successfully on node: 6fb98fd6114a
2025-01-28 23:51:13,208 INFO c.h.h.t.HelmChartContainer - [K3S] [INFO] Cluster dns configmap has been set successfully
2025-01-28 23:51:13,219 INFO c.h.h.t.HelmChartContainer - [K3S] [controllermanager.go:765] "Started controller" controller="ttl-controller"
2025-01-28 23:51:13,220 INFO c.h.h.t.HelmChartContainer - [K3S] [ttl_controller.go:127] "Starting TTL controller"
2025-01-28 23:51:13,292 INFO c.h.h.t.HelmChartContainer - [K3S] [INFO] Starting helm.cattle.io/v1, Kind=HelmChartConfig controller
2025-01-28 23:51:13,292 INFO c.h.h.t.HelmChartContainer - [K3S] [INFO] Starting helm.cattle.io/v1, Kind=HelmChart controller
2025-01-28 23:51:13,294 INFO c.h.h.t.HelmChartContainer - [K3S] [INFO] Starting rbac.authorization.k8s.io/v1, Kind=ClusterRoleBinding controller
2025-01-28 23:51:13,297 INFO c.h.h.t.HelmChartContainer - [K3S] [INFO] Starting batch/v1, Kind=Job controller
2025-01-28 23:51:13,298 INFO c.h.h.t.HelmChartContainer - [K3S] [INFO] Starting /v1, Kind=ConfigMap controller
2025-01-28 23:51:13,298 INFO c.h.h.t.HelmChartContainer - [K3S] [INFO] Starting /v1, Kind=ServiceAccount controller
2025-01-28 23:51:13,298 INFO c.h.h.t.HelmChartContainer - [K3S] [INFO] Starting /v1, Kind=Secret controller
2025-01-28 23:51:13,318 INFO c.h.h.t.HelmChartContainer - [K3S] [alloc.go:330] "allocated clusterIPs" service="kube-system/kube-dns" clusterIPs={"IPv4":"10.43.0.10"}
2025-01-28 23:51:13,318 INFO c.h.h.t.HelmChartContainer - [K3S] [event.go:389] "Event occurred" object="kube-system/coredns" fieldPath="" kind="Addon" apiVersion="k3s.cattle.io/v1" type="Normal" reason="AppliedManifest" message="Applied manifest at \"/var/lib/rancher/k3s/server/manifests/coredns.yaml\""
2025-01-28 23:51:13,325 INFO c.h.h.t.HelmChartContainer - [K3S] [event.go:389] "Event occurred" object="kube-system/local-storage" fieldPath="" kind="Addon" apiVersion="k3s.cattle.io/v1" type="Normal" reason="ApplyingManifest" message="Applying manifest at \"/var/lib/rancher/k3s/server/manifests/local-storage.yaml\""
2025-01-28 23:51:13,363 INFO c.h.h.t.HelmChartContainer - [K3S] [controllermanager.go:765] "Started controller" controller="ttl-after-finished-controller"
2025-01-28 23:51:13,364 INFO c.h.h.t.HelmChartContainer - [K3S] [ttlafterfinished_controller.go:112] "Starting TTL after finished controller"
2025-01-28 23:51:13,411 INFO c.h.h.t.HelmChartContainer - [K3S] [controllermanager.go:765] "Started controller" controller="taint-eviction-controller"
2025-01-28 23:51:13,411 INFO c.h.h.t.HelmChartContainer - [K3S] [taint_eviction.go:281] "Starting" controller="taint-eviction-controller"
2025-01-28 23:51:13,411 INFO c.h.h.t.HelmChartContainer - [K3S] [taint_eviction.go:287] "Sending events to api server"
2025-01-28 23:51:13,420 INFO c.h.h.t.HelmChartContainer - [K3S] [event.go:389] "Event occurred" object="kube-system/local-storage" fieldPath="" kind="Addon" apiVersion="k3s.cattle.io/v1" type="Normal" reason="AppliedManifest" message="Applied manifest at \"/var/lib/rancher/k3s/server/manifests/local-storage.yaml\""
2025-01-28 23:51:13,426 INFO c.h.h.t.HelmChartContainer - [K3S] [event.go:389] "Event occurred" object="kube-system/aggregated-metrics-reader" fieldPath="" kind="Addon" apiVersion="k3s.cattle.io/v1" type="Normal" reason="ApplyingManifest" message="Applying manifest at \"/var/lib/rancher/k3s/server/manifests/metrics-server/aggregated-metrics-reader.yaml\""
2025-01-28 23:51:13,434 INFO c.h.h.t.HelmChartContainer - [K3S] [event.go:389] "Event occurred" object="kube-system/aggregated-metrics-reader" fieldPath="" kind="Addon" apiVersion="k3s.cattle.io/v1" type="Normal" reason="AppliedManifest" message="Applied manifest at \"/var/lib/rancher/k3s/server/manifests/metrics-server/aggregated-metrics-reader.yaml\""
2025-01-28 23:51:13,440 INFO c.h.h.t.HelmChartContainer - [K3S] [event.go:389] "Event occurred" object="kube-system/auth-delegator" fieldPath="" kind="Addon" apiVersion="k3s.cattle.io/v1" type="Normal" reason="ApplyingManifest" message="Applying manifest at \"/var/lib/rancher/k3s/server/manifests/metrics-server/auth-delegator.yaml\""
2025-01-28 23:51:13,499 INFO c.h.h.t.HelmChartContainer - [K3S] [event.go:389] "Event occurred" object="kube-system/auth-delegator" fieldPath="" kind="Addon" apiVersion="k3s.cattle.io/v1" type="Normal" reason="AppliedManifest" message="Applied manifest at \"/var/lib/rancher/k3s/server/manifests/metrics-server/auth-delegator.yaml\""
2025-01-28 23:51:13,506 INFO c.h.h.t.HelmChartContainer - [K3S] [event.go:389] "Event occurred" object="kube-system/auth-reader" fieldPath="" kind="Addon" apiVersion="k3s.cattle.io/v1" type="Normal" reason="ApplyingManifest" message="Applying manifest at \"/var/lib/rancher/k3s/server/manifests/metrics-server/auth-reader.yaml\""
2025-01-28 23:51:13,511 INFO c.h.h.t.HelmChartContainer - [K3S] [event.go:389] "Event occurred" object="kube-system/auth-reader" fieldPath="" kind="Addon" apiVersion="k3s.cattle.io/v1" type="Normal" reason="AppliedManifest" message="Applied manifest at \"/var/lib/rancher/k3s/server/manifests/metrics-server/auth-reader.yaml\""
2025-01-28 23:51:13,518 INFO c.h.h.t.HelmChartContainer - [K3S] [event.go:389] "Event occurred" object="kube-system/metrics-apiservice" fieldPath="" kind="Addon" apiVersion="k3s.cattle.io/v1" type="Normal" reason="ApplyingManifest" message="Applying manifest at \"/var/lib/rancher/k3s/server/manifests/metrics-server/metrics-apiservice.yaml\""
2025-01-28 23:51:13,524 INFO c.h.h.t.HelmChartContainer - [K3S] [event.go:389] "Event occurred" object="kube-system/metrics-apiservice" fieldPath="" kind="Addon" apiVersion="k3s.cattle.io/v1" type="Normal" reason="AppliedManifest" message="Applied manifest at \"/var/lib/rancher/k3s/server/manifests/metrics-server/metrics-apiservice.yaml\""
2025-01-28 23:51:13,529 INFO c.h.h.t.HelmChartContainer - [K3S] [handler_proxy.go:99] no RequestInfo found in the context
2025-01-28 23:51:13,529 INFO c.h.h.t.HelmChartContainer - [K3S] [controller.go:146] "Unhandled Error" err=<
2025-01-28 23:51:13,530 INFO c.h.h.t.HelmChartContainer - [K3S] 	, Header: map[Content-Type:[text/plain; charset=utf-8] X-Content-Type-Options:[nosniff]]
2025-01-28 23:51:13,530 INFO c.h.h.t.HelmChartContainer - [K3S]  >
2025-01-28 23:51:13,530 INFO c.h.h.t.HelmChartContainer - [K3S] [event.go:389] "Event occurred" object="kube-system/metrics-server-deployment" fieldPath="" kind="Addon" apiVersion="k3s.cattle.io/v1" type="Normal" reason="ApplyingManifest" message="Applying manifest at \"/var/lib/rancher/k3s/server/manifests/metrics-server/metrics-server-deployment.yaml\""
2025-01-28 23:51:13,532 INFO c.h.h.t.HelmChartContainer - [K3S] [handler_proxy.go:143] error resolving kube-system/metrics-server: service "metrics-server" not found
2025-01-28 23:51:13,540 INFO c.h.h.t.HelmChartContainer - [K3S] [event.go:389] "Event occurred" object="kube-system/metrics-server-deployment" fieldPath="" kind="Addon" apiVersion="k3s.cattle.io/v1" type="Normal" reason="AppliedManifest" message="Applied manifest at \"/var/lib/rancher/k3s/server/manifests/metrics-server/metrics-server-deployment.yaml\""
2025-01-28 23:51:13,546 INFO c.h.h.t.HelmChartContainer - [K3S] [event.go:389] "Event occurred" object="kube-system/metrics-server-service" fieldPath="" kind="Addon" apiVersion="k3s.cattle.io/v1" type="Normal" reason="ApplyingManifest" message="Applying manifest at \"/var/lib/rancher/k3s/server/manifests/metrics-server/metrics-server-service.yaml\""
2025-01-28 23:51:13,552 INFO c.h.h.t.HelmChartContainer - [K3S] [alloc.go:330] "allocated clusterIPs" service="kube-system/metrics-server" clusterIPs={"IPv4":"10.43.229.193"}
2025-01-28 23:51:13,554 INFO c.h.h.t.HelmChartContainer - [K3S] [event.go:389] "Event occurred" object="kube-system/metrics-server-service" fieldPath="" kind="Addon" apiVersion="k3s.cattle.io/v1" type="Normal" reason="AppliedManifest" message="Applied manifest at \"/var/lib/rancher/k3s/server/manifests/metrics-server/metrics-server-service.yaml\""
2025-01-28 23:51:13,559 INFO c.h.h.t.HelmChartContainer - [K3S] [event.go:389] "Event occurred" object="kube-system/resource-reader" fieldPath="" kind="Addon" apiVersion="k3s.cattle.io/v1" type="Normal" reason="ApplyingManifest" message="Applying manifest at \"/var/lib/rancher/k3s/server/manifests/metrics-server/resource-reader.yaml\""
2025-01-28 23:51:13,560 INFO c.h.h.t.HelmChartContainer - [K3S] [handler_proxy.go:99] no RequestInfo found in the context
2025-01-28 23:51:13,560 INFO c.h.h.t.HelmChartContainer - [K3S] [controller.go:146] "Unhandled Error" err=<
2025-01-28 23:51:13,560 INFO c.h.h.t.HelmChartContainer - [K3S] 	, Header: map[Content-Type:[text/plain; charset=utf-8] X-Content-Type-Options:[nosniff]]
2025-01-28 23:51:13,560 INFO c.h.h.t.HelmChartContainer - [K3S]  >
2025-01-28 23:51:13,563 INFO c.h.h.t.HelmChartContainer - [K3S] [handler_proxy.go:143] error resolving kube-system/metrics-server: endpoints "metrics-server" not found
2025-01-28 23:51:13,599 INFO c.h.h.t.HelmChartContainer - [K3S] [event.go:389] "Event occurred" object="kube-system/resource-reader" fieldPath="" kind="Addon" apiVersion="k3s.cattle.io/v1" type="Normal" reason="AppliedManifest" message="Applied manifest at \"/var/lib/rancher/k3s/server/manifests/metrics-server/resource-reader.yaml\""
2025-01-28 23:51:13,605 INFO c.h.h.t.HelmChartContainer - [K3S] [event.go:389] "Event occurred" object="kube-system/rolebindings" fieldPath="" kind="Addon" apiVersion="k3s.cattle.io/v1" type="Normal" reason="ApplyingManifest" message="Applying manifest at \"/var/lib/rancher/k3s/server/manifests/rolebindings.yaml\""
2025-01-28 23:51:13,716 INFO c.h.h.t.HelmChartContainer - [K3S] [event.go:389] "Event occurred" object="kube-system/rolebindings" fieldPath="" kind="Addon" apiVersion="k3s.cattle.io/v1" type="Normal" reason="AppliedManifest" message="Applied manifest at \"/var/lib/rancher/k3s/server/manifests/rolebindings.yaml\""
2025-01-28 23:51:13,719 INFO c.h.h.t.HelmChartContainer - [K3S] [resource_quota_controller.go:300] "Starting resource quota controller"
2025-01-28 23:51:13,719 INFO c.h.h.t.HelmChartContainer - [K3S] [controllermanager.go:765] "Started controller" controller="resourcequota-controller"
2025-01-28 23:51:13,724 INFO c.h.h.t.HelmChartContainer - [K3S] [event.go:389] "Event occurred" object="kube-system/runtimes" fieldPath="" kind="Addon" apiVersion="k3s.cattle.io/v1" type="Normal" reason="ApplyingManifest" message="Applying manifest at \"/var/lib/rancher/k3s/server/manifests/runtimes.yaml\""
2025-01-28 23:51:13,734 INFO c.h.h.t.HelmChartContainer - [K3S] [INFO] Updating TLS secret for kube-system/k3s-serving (count: 10): map[listener.cattle.io/cn-10.43.0.1:10.43.0.1 listener.cattle.io/cn-127.0.0.1:127.0.0.1 listener.cattle.io/cn-172.18.0.2:172.18.0.2 listener.cattle.io/cn-6fb98fd6114a:6fb98fd6114a listener.cattle.io/cn-__1-f16284:::1 listener.cattle.io/cn-kubernetes:kubernetes listener.cattle.io/cn-kubernetes.default:kubernetes.default listener.cattle.io/cn-kubernetes.default.svc:kubernetes.default.svc listener.cattle.io/cn-kubernetes.default.svc.cluster.local:kubernetes.default.svc.cluster.local listener.cattle.io/cn-localhost:localhost listener.cattle.io/fingerprint:SHA1=9837603D5EC66D2C0BE9AE3115861B44C0E43092]
2025-01-28 23:51:13,738 INFO c.h.h.t.HelmChartContainer - [K3S] [INFO] Active TLS secret kube-system/k3s-serving (ver=325) (count 10): map[listener.cattle.io/cn-10.43.0.1:10.43.0.1 listener.cattle.io/cn-127.0.0.1:127.0.0.1 listener.cattle.io/cn-172.18.0.2:172.18.0.2 listener.cattle.io/cn-6fb98fd6114a:6fb98fd6114a listener.cattle.io/cn-__1-f16284:::1 listener.cattle.io/cn-kubernetes:kubernetes listener.cattle.io/cn-kubernetes.default:kubernetes.default listener.cattle.io/cn-kubernetes.default.svc:kubernetes.default.svc listener.cattle.io/cn-kubernetes.default.svc.cluster.local:kubernetes.default.svc.cluster.local listener.cattle.io/cn-localhost:localhost listener.cattle.io/fingerprint:SHA1=9837603D5EC66D2C0BE9AE3115861B44C0E43092]
2025-01-28 23:51:13,750 INFO c.h.h.t.HelmChartContainer - [K3S] [event.go:389] "Event occurred" object="kube-system/runtimes" fieldPath="" kind="Addon" apiVersion="k3s.cattle.io/v1" type="Normal" reason="AppliedManifest" message="Applied manifest at \"/var/lib/rancher/k3s/server/manifests/runtimes.yaml\""
2025-01-28 23:51:13,831 INFO c.h.h.t.HelmChartContainer - [K3S] [INFO] Updating TLS secret for kube-system/k3s-serving (count: 10): map[listener.cattle.io/cn-10.43.0.1:10.43.0.1 listener.cattle.io/cn-127.0.0.1:127.0.0.1 listener.cattle.io/cn-172.18.0.2:172.18.0.2 listener.cattle.io/cn-6fb98fd6114a:6fb98fd6114a listener.cattle.io/cn-__1-f16284:::1 listener.cattle.io/cn-kubernetes:kubernetes listener.cattle.io/cn-kubernetes.default:kubernetes.default listener.cattle.io/cn-kubernetes.default.svc:kubernetes.default.svc listener.cattle.io/cn-kubernetes.default.svc.cluster.local:kubernetes.default.svc.cluster.local listener.cattle.io/cn-localhost:localhost listener.cattle.io/fingerprint:SHA1=9837603D5EC66D2C0BE9AE3115861B44C0E43092]
2025-01-28 23:51:13,862 INFO c.h.h.t.HelmChartContainer - [K3S] [controllermanager.go:765] "Started controller" controller="statefulset-controller"
2025-01-28 23:51:13,862 INFO c.h.h.t.HelmChartContainer - [K3S] [stateful_set.go:166] "Starting stateful set controller"
2025-01-28 23:51:13,911 INFO c.h.h.t.HelmChartContainer - [K3S] [controllermanager.go:765] "Started controller" controller="certificatesigningrequest-approving-controller"
2025-01-28 23:51:13,911 INFO c.h.h.t.HelmChartContainer - [K3S] [controllermanager.go:717] "Controller is disabled by a feature gate" controller="selinux-warning-controller" requiredFeatureGates=["SELinuxChangePolicy"]
2025-01-28 23:51:13,911 INFO c.h.h.t.HelmChartContainer - [K3S] [certificate_controller.go:120] "Starting certificate controller" name="csrapproving"
2025-01-28 23:51:14,062 INFO c.h.h.t.HelmChartContainer - [K3S] [controllermanager.go:765] "Started controller" controller="cronjob-controller"
2025-01-28 23:51:14,063 INFO c.h.h.t.HelmChartContainer - [K3S] [cronjob_controllerv2.go:145] "Starting cronjob controller v2"
2025-01-28 23:51:14,083 INFO c.h.h.t.HelmChartContainer - [K3S] [INFO] Tunnel authorizer set Kubelet Port 0.0.0.0:10250
2025-01-28 23:51:14,213 INFO c.h.h.t.HelmChartContainer - [K3S] [controllermanager.go:765] "Started controller" controller="token-cleaner-controller"
2025-01-28 23:51:14,214 INFO c.h.h.t.HelmChartContainer - [K3S] [controllermanager.go:723] "Skipping a cloud provider controller" controller="service-lb-controller"
2025-01-28 23:51:14,214 INFO c.h.h.t.HelmChartContainer - [K3S] [tokencleaner.go:117] "Starting token cleaner controller"
2025-01-28 23:51:14,239 INFO c.h.h.t.HelmChartContainer - [K3S] [serving.go:392] Generated self-signed cert in-memory
2025-01-28 23:51:14,362 INFO c.h.h.t.HelmChartContainer - [K3S] [controllermanager.go:765] "Started controller" controller="persistentvolume-binder-controller"
2025-01-28 23:51:14,363 INFO c.h.h.t.HelmChartContainer - [K3S] [controllermanager.go:717] "Controller is disabled by a feature gate" controller="storageversion-garbage-collector-controller" requiredFeatureGates=["APIServerIdentity","StorageVersionAPI"]
2025-01-28 23:51:14,363 INFO c.h.h.t.HelmChartContainer - [K3S] [pv_controller_base.go:308] "Starting persistent volume controller"
2025-01-28 23:51:14,524 INFO c.h.h.t.HelmChartContainer - [K3S] [handler_proxy.go:99] no RequestInfo found in the context
2025-01-28 23:51:14,524 INFO c.h.h.t.HelmChartContainer - [K3S] [controller.go:102] "Unhandled Error" err=<
2025-01-28 23:51:14,525 INFO c.h.h.t.HelmChartContainer - [K3S] 	, Header: map[Content-Type:[text/plain; charset=utf-8] X-Content-Type-Options:[nosniff]]
2025-01-28 23:51:14,525 INFO c.h.h.t.HelmChartContainer - [K3S]  >
2025-01-28 23:51:14,525 INFO c.h.h.t.HelmChartContainer - [K3S] [handler_proxy.go:99] no RequestInfo found in the context
2025-01-28 23:51:14,562 INFO c.h.h.t.HelmChartContainer - [K3S] [controllermanager.go:765] "Started controller" controller="validatingadmissionpolicy-status-controller"
2025-01-28 23:51:14,683 INFO c.h.h.t.HelmChartContainer - [K3S] [event.go:389] "Event occurred" object="6fb98fd6114a" fieldPath="" kind="Node" apiVersion="" type="Normal" reason="NodePasswordValidationComplete" message="Deferred node password secret validation complete"
2025-01-28 23:51:14,713 INFO c.h.h.t.HelmChartContainer - [K3S] [controllermanager.go:765] "Started controller" controller="endpointslice-mirroring-controller"
2025-01-28 23:51:14,713 INFO c.h.h.t.HelmChartContainer - [K3S] [endpointslicemirroring_controller.go:227] "Starting EndpointSliceMirroring controller"
2025-01-28 23:51:14,787 INFO c.h.h.t.HelmChartContainer - [K3S] [serving.go:392] Generated self-signed cert in-memory
2025-01-28 23:51:14,862 INFO c.h.h.t.HelmChartContainer - [K3S] [controllermanager.go:765] "Started controller" controller="deployment-controller"
2025-01-28 23:51:14,862 INFO c.h.h.t.HelmChartContainer - [K3S] [deployment_controller.go:173] "Starting controller" controller="deployment"
2025-01-28 23:51:15,083 INFO c.h.h.t.HelmChartContainer - [K3S] [INFO] Started tunnel to 172.18.0.2:6443
2025-01-28 23:51:15,083 INFO c.h.h.t.HelmChartContainer - [K3S] [INFO] Stopped tunnel to 127.0.0.1:6443
2025-01-28 23:51:15,083 INFO c.h.h.t.HelmChartContainer - [K3S] [INFO] Connecting to proxy" url="wss://172.18.0.2:6443/v1-k3s/connect
2025-01-28 23:51:15,083 INFO c.h.h.t.HelmChartContainer - [K3S] [INFO] Proxy done" err="context canceled" url="wss://127.0.0.1:6443/v1-k3s/connect
2025-01-28 23:51:15,083 INFO c.h.h.t.HelmChartContainer - [K3S] [INFO] error in remotedialer server [400]: websocket: close 1006 (abnormal closure): unexpected EOF
2025-01-28 23:51:15,087 INFO c.h.h.t.HelmChartContainer - [K3S] [INFO] Handling backend connection request [6fb98fd6114a]
2025-01-28 23:51:15,087 INFO c.h.h.t.HelmChartContainer - [K3S] [INFO] Remotedialer connected to proxy" url="wss://172.18.0.2:6443/v1-k3s/connect
2025-01-28 23:51:15,162 INFO c.h.h.t.HelmChartContainer - [K3S] [controllermanager.go:765] "Started controller" controller="horizontal-pod-autoscaler-controller"
2025-01-28 23:51:15,162 INFO c.h.h.t.HelmChartContainer - [K3S] [horizontal.go:201] "Starting HPA controller"
2025-01-28 23:51:15,247 INFO c.h.h.t.HelmChartContainer - [K3S] [controllermanager.go:160] Version: v1.32.1+k3s1
2025-01-28 23:51:15,253 INFO c.h.h.t.HelmChartContainer - [K3S] [secure_serving.go:213] Serving securely on 127.0.0.1:10258
2025-01-28 23:51:15,254 INFO c.h.h.t.HelmChartContainer - [K3S] [tlsconfig.go:243] "Starting DynamicServingCertificateController"
2025-01-28 23:51:15,254 INFO c.h.h.t.HelmChartContainer - [K3S] [configmap_cafile_content.go:205] "Starting controller" name="client-ca::kube-system::extension-apiserver-authentication::client-ca-file"
2025-01-28 23:51:15,254 INFO c.h.h.t.HelmChartContainer - [K3S] [requestheader_controller.go:180] Starting RequestHeaderAuthRequestController
2025-01-28 23:51:15,254 INFO c.h.h.t.HelmChartContainer - [K3S] [configmap_cafile_content.go:205] "Starting controller" name="client-ca::kube-system::extension-apiserver-authentication::requestheader-client-ca-file"
2025-01-28 23:51:15,255 INFO c.h.h.t.HelmChartContainer - [K3S] [INFO] Creating service-lb-controller event broadcaster
2025-01-28 23:51:15,311 INFO c.h.h.t.HelmChartContainer - [K3S] [controllermanager.go:765] "Started controller" controller="clusterrole-aggregation-controller"
2025-01-28 23:51:15,312 INFO c.h.h.t.HelmChartContainer - [K3S] [clusterroleaggregation_controller.go:194] "Starting ClusterRoleAggregator controller"
2025-01-28 23:51:15,368 INFO c.h.h.t.HelmChartContainer - [K3S] [INFO] Starting /v1, Kind=Node controller
2025-01-28 23:51:15,371 INFO c.h.h.t.HelmChartContainer - [K3S] [INFO] Starting /v1, Kind=Pod controller
2025-01-28 23:51:15,374 INFO c.h.h.t.HelmChartContainer - [K3S] [INFO] Starting apps/v1, Kind=DaemonSet controller
2025-01-28 23:51:15,376 INFO c.h.h.t.HelmChartContainer - [K3S] [INFO] Starting discovery.k8s.io/v1, Kind=EndpointSlice controller
2025-01-28 23:51:15,377 INFO c.h.h.t.HelmChartContainer - [K3S] [controllermanager.go:329] Started "cloud-node-controller"
2025-01-28 23:51:15,377 INFO c.h.h.t.HelmChartContainer - [K3S] [node_controller.go:176] Sending events to api server.
2025-01-28 23:51:15,377 INFO c.h.h.t.HelmChartContainer - [K3S] [node_controller.go:185] Waiting for informer caches to sync
2025-01-28 23:51:15,378 INFO c.h.h.t.HelmChartContainer - [K3S] [controllermanager.go:329] Started "cloud-node-lifecycle-controller"
2025-01-28 23:51:15,378 INFO c.h.h.t.HelmChartContainer - [K3S] [node_lifecycle_controller.go:112] Sending events to api server
2025-01-28 23:51:15,378 INFO c.h.h.t.HelmChartContainer - [K3S] [controllermanager.go:329] Started "service-lb-controller"
2025-01-28 23:51:15,378 INFO c.h.h.t.HelmChartContainer - [K3S] [controllermanager.go:306] "node-route-controller" is disabled
2025-01-28 23:51:15,379 INFO c.h.h.t.HelmChartContainer - [K3S] [controller.go:234] Starting service controller
2025-01-28 23:51:15,462 INFO c.h.h.t.HelmChartContainer - [K3S] [controllermanager.go:765] "Started controller" controller="root-ca-certificate-publisher-controller"
2025-01-28 23:51:15,462 INFO c.h.h.t.HelmChartContainer - [K3S] [publisher.go:107] "Starting root CA cert publisher controller"
2025-01-28 23:51:15,478 INFO c.h.h.t.HelmChartContainer - [K3S] [node_controller.go:429] Initializing node 6fb98fd6114a with cloud provider
2025-01-28 23:51:15,482 INFO c.h.h.t.HelmChartContainer - [K3S] [node_controller.go:474] Successfully initialized node 6fb98fd6114a with cloud provider
2025-01-28 23:51:15,482 INFO c.h.h.t.HelmChartContainer - [K3S] [event.go:389] "Event occurred" object="6fb98fd6114a" fieldPath="" kind="Node" apiVersion="v1" type="Normal" reason="Synced" message="Node synced successfully"
2025-01-28 23:51:15,494 INFO c.h.h.t.HelmChartContainer - [K3S] [INFO] Updated coredns NodeHosts entry for 6fb98fd6114a
2025-01-28 23:51:15,613 INFO c.h.h.t.HelmChartContainer - [K3S] [controllermanager.go:765] "Started controller" controller="ephemeral-volume-controller"
2025-01-28 23:51:15,613 INFO c.h.h.t.HelmChartContainer - [K3S] [controller.go:173] "Starting ephemeral volume controller"
2025-01-28 23:51:15,799 INFO c.h.h.t.HelmChartContainer - [K3S] [serving.go:392] Generated self-signed cert in-memory
2025-01-28 23:51:15,868 INFO c.h.h.t.HelmChartContainer - [K3S] [controllermanager.go:765] "Started controller" controller="namespace-controller"
2025-01-28 23:51:15,868 INFO c.h.h.t.HelmChartContainer - [K3S] [namespace_controller.go:202] "Starting namespace controller"
2025-01-28 23:51:16,061 INFO c.h.h.t.HelmChartContainer - [K3S] [controllermanager.go:765] "Started controller" controller="disruption-controller"
2025-01-28 23:51:16,062 INFO c.h.h.t.HelmChartContainer - [K3S] [disruption.go:452] "Sending events to api server."
2025-01-28 23:51:16,062 INFO c.h.h.t.HelmChartContainer - [K3S] [disruption.go:463] "Starting disruption controller"
2025-01-28 23:51:16,195 INFO c.h.h.t.HelmChartContainer - [K3S] [server.go:164] "Starting Kubernetes Scheduler" version="v1.32.1+k3s1"
2025-01-28 23:51:16,195 INFO c.h.h.t.HelmChartContainer - [K3S] [server.go:166] "Golang settings" GOGC="" GOMAXPROCS="" GOTRACEBACK=""
2025-01-28 23:51:16,199 INFO c.h.h.t.HelmChartContainer - [K3S] [requestheader_controller.go:180] Starting RequestHeaderAuthRequestController
2025-01-28 23:51:16,199 INFO c.h.h.t.HelmChartContainer - [K3S] [configmap_cafile_content.go:205] "Starting controller" name="client-ca::kube-system::extension-apiserver-authentication::client-ca-file"
2025-01-28 23:51:16,199 INFO c.h.h.t.HelmChartContainer - [K3S] [configmap_cafile_content.go:205] "Starting controller" name="client-ca::kube-system::extension-apiserver-authentication::requestheader-client-ca-file"
2025-01-28 23:51:16,199 INFO c.h.h.t.HelmChartContainer - [K3S] [secure_serving.go:213] Serving securely on 127.0.0.1:10259
2025-01-28 23:51:16,199 INFO c.h.h.t.HelmChartContainer - [K3S] [tlsconfig.go:243] "Starting DynamicServingCertificateController"
2025-01-28 23:51:16,211 INFO c.h.h.t.HelmChartContainer - [K3S] [controllermanager.go:765] "Started controller" controller="persistentvolume-protection-controller"
2025-01-28 23:51:16,211 INFO c.h.h.t.HelmChartContainer - [K3S] [controllermanager.go:717] "Controller is disabled by a feature gate" controller="kube-apiserver-serving-clustertrustbundle-publisher-controller" requiredFeatureGates=["ClusterTrustBundle"]
2025-01-28 23:51:16,211 INFO c.h.h.t.HelmChartContainer - [K3S] [controllermanager.go:743] "Warning: skipping controller" controller="storage-version-migrator-controller"
2025-01-28 23:51:16,211 INFO c.h.h.t.HelmChartContainer - [K3S] [pv_protection_controller.go:81] "Starting PV protection controller"
2025-01-28 23:51:16,362 INFO c.h.h.t.HelmChartContainer - [K3S] [controllermanager.go:765] "Started controller" controller="daemonset-controller"
2025-01-28 23:51:16,362 INFO c.h.h.t.HelmChartContainer - [K3S] [daemon_controller.go:294] "Starting daemon sets controller"
2025-01-28 23:51:16,518 INFO c.h.h.t.HelmChartContainer - [K3S] [controllermanager.go:765] "Started controller" controller="persistentvolume-attach-detach-controller"
2025-01-28 23:51:16,518 INFO c.h.h.t.HelmChartContainer - [K3S] [attach_detach_controller.go:338] "Starting attach detach controller"
2025-01-28 23:51:16,663 INFO c.h.h.t.HelmChartContainer - [K3S] [controllermanager.go:765] "Started controller" controller="persistentvolume-expander-controller"
2025-01-28 23:51:16,663 INFO c.h.h.t.HelmChartContainer - [K3S] [expand_controller.go:329] "Starting expand controller"
2025-01-28 23:51:16,813 INFO c.h.h.t.HelmChartContainer - [K3S] [controllermanager.go:765] "Started controller" controller="legacy-serviceaccount-token-cleaner-controller"
2025-01-28 23:51:16,813 INFO c.h.h.t.HelmChartContainer - [K3S] [legacy_serviceaccount_token_cleaner.go:103] "Starting legacy service account token cleaner controller"
2025-01-28 23:51:16,829 INFO c.h.h.t.HelmChartContainer - [K3S] [actual_state_of_world.go:541] "Failed to update statusUpdateNeeded field in actual state of world" err="Failed to set statusUpdateNeeded to needed true, because nodeName=\"6fb98fd6114a\" does not exist"
2025-01-28 23:51:16,857 INFO c.h.h.t.HelmChartContainer - [K3S] [range_allocator.go:177] "Sending events to api server"
2025-01-28 23:51:16,857 INFO c.h.h.t.HelmChartContainer - [K3S] [range_allocator.go:183] "Starting range CIDR allocator"
2025-01-28 23:51:16,863 INFO c.h.h.t.HelmChartContainer - [K3S] [range_allocator.go:428] "Set node PodCIDR" node="6fb98fd6114a" podCIDRs=["10.42.0.0/24"]
2025-01-28 23:51:16,863 INFO c.h.h.t.HelmChartContainer - [K3S] [range_allocator.go:247] "Successfully synced" key="6fb98fd6114a"
2025-01-28 23:51:16,863 INFO c.h.h.t.HelmChartContainer - [K3S] [INFO] Flannel found PodCIDR assigned for node 6fb98fd6114a
2025-01-28 23:51:16,863 INFO c.h.h.t.HelmChartContainer - [K3S] [range_allocator.go:247] "Successfully synced" key="6fb98fd6114a"
2025-01-28 23:51:16,865 INFO c.h.h.t.HelmChartContainer - [K3S] [INFO] The interface eth0 with ipv4 address 172.18.0.2 will be used by flannel
2025-01-28 23:51:16,866 INFO c.h.h.t.HelmChartContainer - [K3S] [kube.go:139] Waiting 10m0s for node controller to sync
2025-01-28 23:51:16,866 INFO c.h.h.t.HelmChartContainer - [K3S] [kube.go:469] Starting kube subnet manager
2025-01-28 23:51:16,968 INFO c.h.h.t.HelmChartContainer - [K3S] [handler_proxy.go:99] no RequestInfo found in the context
2025-01-28 23:51:16,969 INFO c.h.h.t.HelmChartContainer - [K3S] [controller.go:146] "Unhandled Error" err=<
2025-01-28 23:51:16,969 INFO c.h.h.t.HelmChartContainer - [K3S] 	, Header: map[Content-Type:[text/plain; charset=utf-8] X-Content-Type-Options:[nosniff]]
2025-01-28 23:51:16,969 INFO c.h.h.t.HelmChartContainer - [K3S]  >
2025-01-28 23:51:16,970 INFO c.h.h.t.HelmChartContainer - [K3S] [handler_proxy.go:143] error resolving kube-system/metrics-server: no endpoints available for service "metrics-server"
2025-01-28 23:51:16,976 INFO c.h.h.t.HelmChartContainer - [K3S] [INFO] Starting network policy controller version v2.2.1, built on 2025-01-28T18:27:08Z, go1.23.4
2025-01-28 23:51:16,976 INFO c.h.h.t.HelmChartContainer - [K3S] [network_policy_controller.go:164] Starting network policy controller
2025-01-28 23:51:17,002 INFO c.h.h.t.HelmChartContainer - [K3S] [network_policy_controller.go:176] Starting network policy controller full sync goroutine
2025-01-28 23:51:17,016 INFO c.h.h.t.HelmChartContainer - [K3S] [node_lifecycle_controller.go:1234] "Initializing eviction metric for zone" zone=""
2025-01-28 23:51:17,017 INFO c.h.h.t.HelmChartContainer - [K3S] [node_lifecycle_controller.go:886] "Missing timestamp for Node. Assuming now as a timestamp" node="6fb98fd6114a"
2025-01-28 23:51:17,018 INFO c.h.h.t.HelmChartContainer - [K3S] [node_lifecycle_controller.go:1080] "Controller detected that zone is now in new state" zone="" newState="Normal"
2025-01-28 23:51:17,031 INFO c.h.h.t.HelmChartContainer - [K3S] [range_allocator.go:247] "Successfully synced" key="6fb98fd6114a"
2025-01-28 23:51:17,568 INFO c.h.h.t.HelmChartContainer - [K3S] [range_allocator.go:247] "Successfully synced" key="6fb98fd6114a"
2025-01-28 23:51:17,676 INFO c.h.h.t.HelmChartContainer - [K3S] [replica_set.go:679] "Finished syncing" kind="ReplicaSet" key="kube-system/local-path-provisioner-698b58967b" duration="633.092552ms"
2025-01-28 23:51:17,678 INFO c.h.h.t.HelmChartContainer - [K3S] [replica_set.go:679] "Finished syncing" kind="ReplicaSet" key="kube-system/metrics-server-8584b5786c" duration="636.146128ms"
2025-01-28 23:51:17,679 INFO c.h.h.t.HelmChartContainer - [K3S] [replica_set.go:679] "Finished syncing" kind="ReplicaSet" key="kube-system/coredns-ff8999cc5" duration="644.327923ms"
2025-01-28 23:51:17,687 INFO c.h.h.t.HelmChartContainer - [K3S] [replica_set.go:679] "Finished syncing" kind="ReplicaSet" key="kube-system/local-path-provisioner-698b58967b" duration="11.506518ms"
2025-01-28 23:51:17,689 INFO c.h.h.t.HelmChartContainer - [K3S] [replica_set.go:679] "Finished syncing" kind="ReplicaSet" key="kube-system/metrics-server-8584b5786c" duration="11.098888ms"
2025-01-28 23:51:17,699 INFO c.h.h.t.HelmChartContainer - [K3S] [replica_set.go:679] "Finished syncing" kind="ReplicaSet" key="kube-system/coredns-ff8999cc5" duration="19.538728ms"
2025-01-28 23:51:17,700 INFO c.h.h.t.HelmChartContainer - [K3S] [replica_set.go:679] "Finished syncing" kind="ReplicaSet" key="kube-system/coredns-ff8999cc5" duration="28.423µs"
2025-01-28 23:51:17,707 INFO c.h.h.t.HelmChartContainer - [K3S] [replica_set.go:679] "Finished syncing" kind="ReplicaSet" key="kube-system/coredns-ff8999cc5" duration="24.846µs"
2025-01-28 23:51:17,719 INFO c.h.h.t.HelmChartContainer - [K3S] [replica_set.go:679] "Finished syncing" kind="ReplicaSet" key="kube-system/local-path-provisioner-698b58967b" duration="32.598356ms"
2025-01-28 23:51:17,719 INFO c.h.h.t.HelmChartContainer - [K3S] [replica_set.go:679] "Finished syncing" kind="ReplicaSet" key="kube-system/local-path-provisioner-698b58967b" duration="27.852µs"
2025-01-28 23:51:17,727 INFO c.h.h.t.HelmChartContainer - [K3S] [replica_set.go:679] "Finished syncing" kind="ReplicaSet" key="kube-system/metrics-server-8584b5786c" duration="35.455471ms"
2025-01-28 23:51:17,727 INFO c.h.h.t.HelmChartContainer - [K3S] [replica_set.go:679] "Finished syncing" kind="ReplicaSet" key="kube-system/metrics-server-8584b5786c" duration="31.489µs"
2025-01-28 23:51:17,734 INFO c.h.h.t.HelmChartContainer - [K3S] [replica_set.go:679] "Finished syncing" kind="ReplicaSet" key="kube-system/metrics-server-8584b5786c" duration="31.379µs"
2025-01-28 23:51:17,743 INFO c.h.h.t.HelmChartContainer - [K3S] [replica_set.go:679] "Finished syncing" kind="ReplicaSet" key="kube-system/coredns-ff8999cc5" duration="47.048µs"
2025-01-28 23:51:17,770 INFO c.h.h.t.HelmChartContainer - [K3S] [reconciler_common.go:251] "operationExecutor.VerifyControllerAttachedVolume started for volume \"config-volume\" (UniqueName: \"kubernetes.io/configmap/f2de315a-4ca0-4481-80f7-02ad7613d009-config-volume\") pod \"local-path-provisioner-698b58967b-kph48\" (UID: \"f2de315a-4ca0-4481-80f7-02ad7613d009\") " pod="kube-system/local-path-provisioner-698b58967b-kph48"
2025-01-28 23:51:17,771 INFO c.h.h.t.HelmChartContainer - [K3S] [reconciler_common.go:251] "operationExecutor.VerifyControllerAttachedVolume started for volume \"kube-api-access-mwxnf\" (UniqueName: \"kubernetes.io/projected/f2de315a-4ca0-4481-80f7-02ad7613d009-kube-api-access-mwxnf\") pod \"local-path-provisioner-698b58967b-kph48\" (UID: \"f2de315a-4ca0-4481-80f7-02ad7613d009\") " pod="kube-system/local-path-provisioner-698b58967b-kph48"
2025-01-28 23:51:17,771 INFO c.h.h.t.HelmChartContainer - [K3S] [reconciler_common.go:251] "operationExecutor.VerifyControllerAttachedVolume started for volume \"config-volume\" (UniqueName: \"kubernetes.io/configmap/a5747c6f-f038-4529-9af1-6c928c3a4daf-config-volume\") pod \"coredns-ff8999cc5-krcl4\" (UID: \"a5747c6f-f038-4529-9af1-6c928c3a4daf\") " pod="kube-system/coredns-ff8999cc5-krcl4"
2025-01-28 23:51:17,771 INFO c.h.h.t.HelmChartContainer - [K3S] [reconciler_common.go:251] "operationExecutor.VerifyControllerAttachedVolume started for volume \"custom-config-volume\" (UniqueName: \"kubernetes.io/configmap/a5747c6f-f038-4529-9af1-6c928c3a4daf-custom-config-volume\") pod \"coredns-ff8999cc5-krcl4\" (UID: \"a5747c6f-f038-4529-9af1-6c928c3a4daf\") " pod="kube-system/coredns-ff8999cc5-krcl4"
2025-01-28 23:51:17,771 INFO c.h.h.t.HelmChartContainer - [K3S] [reconciler_common.go:251] "operationExecutor.VerifyControllerAttachedVolume started for volume \"kube-api-access-rwrds\" (UniqueName: \"kubernetes.io/projected/a5747c6f-f038-4529-9af1-6c928c3a4daf-kube-api-access-rwrds\") pod \"coredns-ff8999cc5-krcl4\" (UID: \"a5747c6f-f038-4529-9af1-6c928c3a4daf\") " pod="kube-system/coredns-ff8999cc5-krcl4"
2025-01-28 23:51:17,771 INFO c.h.h.t.HelmChartContainer - [K3S] [reconciler_common.go:251] "operationExecutor.VerifyControllerAttachedVolume started for volume \"tmp-dir\" (UniqueName: \"kubernetes.io/empty-dir/5b01aed8-841d-4d2f-936f-6f2a5b2acf42-tmp-dir\") pod \"metrics-server-8584b5786c-7dkv9\" (UID: \"5b01aed8-841d-4d2f-936f-6f2a5b2acf42\") " pod="kube-system/metrics-server-8584b5786c-7dkv9"
2025-01-28 23:51:17,771 INFO c.h.h.t.HelmChartContainer - [K3S] [reconciler_common.go:251] "operationExecutor.VerifyControllerAttachedVolume started for volume \"kube-api-access-xxql8\" (UniqueName: \"kubernetes.io/projected/5b01aed8-841d-4d2f-936f-6f2a5b2acf42-kube-api-access-xxql8\") pod \"metrics-server-8584b5786c-7dkv9\" (UID: \"5b01aed8-841d-4d2f-936f-6f2a5b2acf42\") " pod="kube-system/metrics-server-8584b5786c-7dkv9"
2025-01-28 23:51:17,867 INFO c.h.h.t.HelmChartContainer - [K3S] [kube.go:146] Node controller sync successful
2025-01-28 23:51:17,867 INFO c.h.h.t.HelmChartContainer - [K3S] [vxlan.go:141] VXLAN config: VNI=1 Port=0 GBP=false Learning=false DirectRouting=false
2025-01-28 23:51:17,869 INFO c.h.h.t.HelmChartContainer - [K3S] [kube.go:636] List of node(6fb98fd6114a) annotations: map[string]string{"alpha.kubernetes.io/provided-node-ip":"172.18.0.2", "k3s.io/hostname":"6fb98fd6114a", "k3s.io/internal-ip":"172.18.0.2", "k3s.io/node-args":"[\"server\",\"--etcd-arg\",\"unsafe-no-fsync\",\"--etcd-arg\",\"snapshot-count=10000\",\"--etcd-arg\",\"auto-compaction-mode=revision\",\"--etcd-arg\",\"auto-compaction-retention=1000000\",\"--kube-apiserver-arg\",\"etcd-compaction-interval=0s\",\"--disable\",\"traefik\",\"--tls-san\",\"localhost\"]", "k3s.io/node-config-hash":"2QNNT5M5XUBFOLO5XPGEVGOM5UDLHHTIVMSRUPAUHE5DU3HUYQUQ====", "k3s.io/node-env":"{}", "node.alpha.kubernetes.io/ttl":"0", "volumes.kubernetes.io/controller-managed-attach-detach":"true"}
2025-01-28 23:51:17,876 INFO c.h.h.t.HelmChartContainer - [K3S] [kube.go:490] Creating the node lease for IPv4. This is the n.Spec.PodCIDRs: [10.42.0.0/24]
2025-01-28 23:51:17,877 INFO c.h.h.t.HelmChartContainer - [K3S] [range_allocator.go:247] "Successfully synced" key="6fb98fd6114a"
2025-01-28 23:51:17,878 INFO c.h.h.t.HelmChartContainer - [K3S] [iptables.go:51] Starting flannel in iptables mode...
2025-01-28 23:51:17,880 INFO c.h.h.t.HelmChartContainer - [K3S] [WARNING] no subnet found for key: FLANNEL_NETWORK in file: /run/flannel/subnet.env
2025-01-28 23:51:17,880 INFO c.h.h.t.HelmChartContainer - [K3S] [WARNING] no subnet found for key: FLANNEL_SUBNET in file: /run/flannel/subnet.env
2025-01-28 23:51:17,880 INFO c.h.h.t.HelmChartContainer - [K3S] [WARNING] no subnet found for key: FLANNEL_IPV6_NETWORK in file: /run/flannel/subnet.env
2025-01-28 23:51:17,880 INFO c.h.h.t.HelmChartContainer - [K3S] [WARNING] no subnet found for key: FLANNEL_IPV6_SUBNET in file: /run/flannel/subnet.env
2025-01-28 23:51:17,881 INFO c.h.h.t.HelmChartContainer - [K3S] [iptables.go:115] Current network or subnet (10.42.0.0/16, 10.42.0.0/24) is not equal to previous one (0.0.0.0/0, 0.0.0.0/0), trying to recycle old iptables rules
2025-01-28 23:51:17,890 INFO c.h.h.t.HelmChartContainer - [K3S] [iptables.go:125] Setting up masking rules
2025-01-28 23:51:17,892 INFO c.h.h.t.HelmChartContainer - [K3S] [iptables.go:226] Changing default FORWARD chain policy to ACCEPT
2025-01-28 23:51:17,894 INFO c.h.h.t.HelmChartContainer - [K3S] [INFO] Wrote flannel subnet file to /run/flannel/subnet.env
2025-01-28 23:51:17,894 INFO c.h.h.t.HelmChartContainer - [K3S] [INFO] Running flannel backend.
2025-01-28 23:51:17,894 INFO c.h.h.t.HelmChartContainer - [K3S] [vxlan_network.go:65] watching for new subnet leases
2025-01-28 23:51:17,904 INFO c.h.h.t.HelmChartContainer - [K3S] [iptables.go:372] bootstrap done
2025-01-28 23:51:17,910 INFO c.h.h.t.HelmChartContainer - [K3S] [iptables.go:372] bootstrap done
2025-01-28 23:51:17,971 INFO c.h.h.t.HelmChartContainer - [K3S] [handler_proxy.go:99] no RequestInfo found in the context
2025-01-28 23:51:17,971 INFO c.h.h.t.HelmChartContainer - [K3S] [handler_proxy.go:99] no RequestInfo found in the context
2025-01-28 23:51:17,971 INFO c.h.h.t.HelmChartContainer - [K3S] [controller.go:102] "Unhandled Error" err=<
2025-01-28 23:51:17,971 INFO c.h.h.t.HelmChartContainer - [K3S] 	, Header: map[Content-Type:[text/plain; charset=utf-8] X-Content-Type-Options:[nosniff]]
2025-01-28 23:51:17,971 INFO c.h.h.t.HelmChartContainer - [K3S]  >
2025-01-28 23:51:20,189 INFO c.h.h.t.HelmChartContainer - [K3S] [replica_set.go:679] "Finished syncing" kind="ReplicaSet" key="kube-system/local-path-provisioner-698b58967b" duration="8.395718ms"
2025-01-28 23:51:20,191 INFO c.h.h.t.HelmChartContainer - [K3S] [replica_set.go:679] "Finished syncing" kind="ReplicaSet" key="kube-system/local-path-provisioner-698b58967b" duration="27.682µs"
2025-01-28 23:51:21,184 INFO c.h.h.t.HelmChartContainer - [K3S] [replica_set.go:679] "Finished syncing" kind="ReplicaSet" key="kube-system/coredns-ff8999cc5" duration="47.428µs"
2025-01-28 23:51:21,200 INFO c.h.h.t.HelmChartContainer - [K3S] [replica_set.go:679] "Finished syncing" kind="ReplicaSet" key="kube-system/metrics-server-8584b5786c" duration="47.519µs"
2025-01-28 23:51:21,229 INFO c.h.h.t.HelmChartContainer - [K3S] [replica_set.go:679] "Finished syncing" kind="ReplicaSet" key="kube-system/coredns-ff8999cc5" duration="9.806662ms"
2025-01-28 23:51:21,231 INFO c.h.h.t.HelmChartContainer - [K3S] [replica_set.go:679] "Finished syncing" kind="ReplicaSet" key="kube-system/coredns-ff8999cc5" duration="36.378µs"
2025-01-28 23:51:21,360 INFO c.h.h.t.HelmChartContainer - [K3S] [kuberuntime_manager.go:1702] "Updating runtime config through cri with podcidr" CIDR="10.42.0.0/24"
2025-01-28 23:51:21,361 INFO c.h.h.t.HelmChartContainer - [K3S] [kubelet_network.go:61] "Updating Pod CIDR" originalPodCIDR="" newPodCIDR="10.42.0.0/24"
2025-01-28 23:51:21,369 INFO c.h.h.t.HelmChartContainer - [K3S] [range_allocator.go:247] "Successfully synced" key="6fb98fd6114a"
2025-01-28 23:51:21,661 DEBUG c.h.h.t.HelmChartContainer - Image file loaded 'hivemq-platform-operator.tar'
2025-01-28 23:51:22,106 DEBUG c.h.h.t.HelmChartContainer - Image file loaded 'hivemq-platform-operator-init.tar'
2025-01-28 23:51:27,627 DEBUG c.h.h.t.HelmChartContainer - Image file loaded 'hivemq-platform.tar'
2025-01-28 23:51:27,627 DEBUG c.h.h.t.HelmChartContainer - Successful Helm chart Container startup
2025-01-28 23:51:27,642 INFO t.localhost/testcontainers/u27onli8fvxdiuoe:latest - Container localhost/testcontainers/u27onli8fvxdiuoe:latest started in PT20.62167558S
2025-01-28 23:51:27,652 DEBUG c.h.h.t.HelmChartContainer - Executing helm command: /bin/helm --kubeconfig /etc/rancher/k3s/k3s.yaml repo add hivemq https://hivemq.github.io/helm-charts
2025-01-28 23:51:29,019 INFO c.h.h.t.HelmChartContainer - [EVENT] Normal [Starting] Starting kubelet. [null:6fb98fd6114a]
2025-01-28 23:51:29,024 INFO c.h.h.t.HelmChartContainer - Saved kubeconfig file on /tmp/kubeconfig-8773929778495644795.yaml
2025-01-28 23:51:29,024 INFO c.h.h.t.HelmChartContainer - HelmChartContainer is started
2025-01-28 23:51:29,028 INFO c.h.h.t.HelmChartContainer - [EVENT] Warning [InvalidDiskCapacity] invalid capacity 0 on image filesystem [null:6fb98fd6114a]
2025-01-28 23:51:29,028 INFO c.h.h.t.HelmChartContainer - [EVENT] Normal [NodeHasSufficientMemory] Node 6fb98fd6114a status is now: NodeHasSufficientMemory [null:6fb98fd6114a]
2025-01-28 23:51:29,029 INFO c.h.h.t.HelmChartContainer - [EVENT] Normal [NodeHasNoDiskPressure] Node 6fb98fd6114a status is now: NodeHasNoDiskPressure [null:6fb98fd6114a]
2025-01-28 23:51:29,029 INFO c.h.h.t.HelmChartContainer - [EVENT] Normal [NodeHasSufficientPID] Node 6fb98fd6114a status is now: NodeHasSufficientPID [null:6fb98fd6114a]
2025-01-28 23:51:29,029 INFO c.h.h.t.HelmChartContainer - [EVENT] Normal [NodeAllocatableEnforced] Updated Node Allocatable limit across pods [null:6fb98fd6114a]
2025-01-28 23:51:29,031 INFO c.h.h.t.HelmChartContainer - [EVENT] Normal [NodeReady] Node 6fb98fd6114a status is now: NodeReady [null:6fb98fd6114a]
2025-01-28 23:51:29,036 INFO c.h.h.t.HelmChartContainer - [EVENT] Normal [NodePasswordValidationComplete] Deferred node password secret validation complete [null:6fb98fd6114a]
2025-01-28 23:51:29,036 INFO c.h.h.t.HelmChartContainer - [EVENT] Normal [Synced] Node synced successfully [null:6fb98fd6114a]
2025-01-28 23:51:29,041 INFO c.h.h.t.HelmChartContainer - [EVENT] Normal [RegisteredNode] Node 6fb98fd6114a event: Registered Node 6fb98fd6114a in Controller [null:6fb98fd6114a]
]]></system-out>
  <system-err><![CDATA[]]></system-err>
</testsuite>
