<?xml version="1.0" encoding="UTF-8"?>
<testsuite name="com.hivemq.helmcharts.services.HelmWebsocketsIT" tests="2" skipped="0" failures="0" errors="0" timestamp="2025-03-02T15:45:34" hostname="fv-az1928-953" time="209.135">
  <properties/>
  <testcase name="platformChart_whenMtlsWebsocketEnabledWithDifferentPrivateKey_thenSendsReceivesMessage(Path)" classname="com.hivemq.helmcharts.services.HelmWebsocketsIT" time="104.315"/>
  <testcase name="platformChart_whenMtlsWebsocketEnabled_thenSendsReceivesMessage(Path)" classname="com.hivemq.helmcharts.services.HelmWebsocketsIT" time="104.82"/>
</testsuite>
