<?xml version="1.0" encoding="UTF-8"?>
<testsuite name="com.hivemq.helmcharts.securitycontext.HelmPodSecurityContextUpgradeExtensionIT" tests="2" skipped="0" failures="0" errors="0" timestamp="2025-01-29T00:57:59" hostname="fv-az1913-783" time="390.009">
  <properties/>
  <testcase name="Operator values: (UID=0, GID=0, valuesFile='/files/operator-pod-security-context-root-user-values.yaml') and Platform values: (UID=0, GID=0, valuesFile='/files/platform-pod-security-context-root-user-with-tracing-extension-values.yaml')" classname="com.hivemq.helmcharts.securitycontext.HelmPodSecurityContextUpgradeExtensionIT" time="192.968">
    <system-out><![CDATA[2025-01-29 00:57:59,071 INFO c.h.h.t.HelmChartContainer - Creating namespace 'helmpodsecuritycontextupgradeextensionit-operator'...
2025-01-29 00:57:59,271 INFO c.h.h.t.HelmChartContainer - Namespace 'helmpodsecuritycontextupgradeextensionit-operator' created
2025-01-29 00:57:59,272 INFO c.h.h.t.HelmChartContainer - [POD] coredns-ff8999cc5-rm57m [1eaf3298-d138-4ce3-844f-91a54605a078] in kube-system was ADDED
2025-01-29 00:57:59,272 INFO c.h.h.t.HelmChartContainer - Creating namespace 'helmpodsecuritycontextupgradeextensionit'...
2025-01-29 00:57:59,274 INFO c.h.h.t.HelmChartContainer - [POD] local-path-provisioner-698b58967b-xjr8v [a6ddb3f6-f122-4524-9f95-e13c373a26a1] in kube-system was ADDED
2025-01-29 00:57:59,276 INFO c.h.h.t.HelmChartContainer - [POD] metrics-server-8584b5786c-g6lvt [c90cc81e-f78a-4290-aacd-b1ec0e4cd3f6] in kube-system was ADDED
2025-01-29 00:57:59,282 INFO c.h.h.t.HelmChartContainer - Namespace 'helmpodsecuritycontextupgradeextensionit' created
2025-01-29 00:57:59,363 DEBUG c.h.h.t.HelmChartContainer - Executing helm command: /bin/helm --kubeconfig /etc/rancher/k3s/k3s.yaml install test-hivemq-platform-operator /charts/hivemq-platform-operator --wait --timeout 5m0s --set image.repository=docker.io/hivemq --set image.name=hivemq-platform-operator-test --set image.initImageName=hivemq-platform-operator-init-test --set image.tag=snapshot --set image.pullPolicy=Never --set logLevel=DEBUG --set resources.cpu=512m -f /files/operator-pod-security-context-root-user-values.yaml --namespace helmpodsecuritycontextupgradeextensionit-operator
2025-01-29 00:58:01,702 INFO c.h.h.t.HelmChartContainer - [K3S] [alloc.go:330] "allocated clusterIPs" service="helmpodsecuritycontextupgradeextensionit-operator/hivemq-platform-operator-test-hivemq-platform-operator" clusterIPs={"IPv4":"10.43.13.167"}
2025-01-29 00:58:01,715 INFO c.h.h.t.HelmChartContainer - [EVENT] Normal [ScalingReplicaSet] Scaled up replica set hivemq-test-hivemq-platform-operator-5dbf989d8c from 0 to 1 [helmpodsecuritycontextupgradeextensionit-operator:hivemq-test-hivemq-platform-operator]
2025-01-29 00:58:01,728 INFO c.h.h.t.HelmChartContainer - [EVENT] Normal [SuccessfulCreate] Created pod: hivemq-test-hivemq-platform-operator-5dbf989d8c-65l7s [helmpodsecuritycontextupgradeextensionit-operator:hivemq-test-hivemq-platform-operator-5dbf989d8c]
2025-01-29 00:58:01,731 INFO c.h.h.t.HelmChartContainer - [K3S] [replica_set.go:679] "Finished syncing" kind="ReplicaSet" key="helmpodsecuritycontextupgradeextensionit-operator/hivemq-test-hivemq-platform-operator-5dbf989d8c" duration="19.089102ms"
2025-01-29 00:58:01,732 INFO c.h.h.t.HelmChartContainer - [POD] hivemq-test-hivemq-platform-operator-5dbf989d8c-65l7s [ea04cc47-b6e7-44ca-9f78-5e043038aca5] in helmpodsecuritycontextupgradeextensionit-operator was ADDED
2025-01-29 00:58:01,737 INFO c.h.h.t.HelmChartContainer - [POD] hivemq-test-hivemq-platform-operator-5dbf989d8c-65l7s [ea04cc47-b6e7-44ca-9f78-5e043038aca5] in helmpodsecuritycontextupgradeextensionit-operator was MODIFIED
2025-01-29 00:58:01,738 INFO c.h.h.t.HelmChartContainer - [EVENT] Normal [Scheduled] Successfully assigned helmpodsecuritycontextupgradeextensionit-operator/hivemq-test-hivemq-platform-operator-5dbf989d8c-65l7s to 378b0af89195 [helmpodsecuritycontextupgradeextensionit-operator:hivemq-test-hivemq-platform-operator-5dbf989d8c-65l7s]
2025-01-29 00:58:01,762 INFO c.h.h.t.HelmChartContainer - [K3S] [replica_set.go:679] "Finished syncing" kind="ReplicaSet" key="helmpodsecuritycontextupgradeextensionit-operator/hivemq-test-hivemq-platform-operator-5dbf989d8c" duration="30.500246ms"
2025-01-29 00:58:01,769 INFO c.h.h.t.HelmChartContainer - [POD] hivemq-test-hivemq-platform-operator-5dbf989d8c-65l7s [ea04cc47-b6e7-44ca-9f78-5e043038aca5] in helmpodsecuritycontextupgradeextensionit-operator was MODIFIED
2025-01-29 00:58:01,771 INFO c.h.h.t.HelmChartContainer - [K3S] [reconciler_common.go:251] "operationExecutor.VerifyControllerAttachedVolume started for volume \"kube-api-access-8plvl\" (UniqueName: \"kubernetes.io/projected/ea04cc47-b6e7-44ca-9f78-5e043038aca5-kube-api-access-8plvl\") pod \"hivemq-test-hivemq-platform-operator-5dbf989d8c-65l7s\" (UID: \"ea04cc47-b6e7-44ca-9f78-5e043038aca5\") " pod="helmpodsecuritycontextupgradeextensionit-operator/hivemq-test-hivemq-platform-operator-5dbf989d8c-65l7s"
2025-01-29 00:58:01,783 INFO c.h.h.t.HelmChartContainer - [K3S] [replica_set.go:679] "Finished syncing" kind="ReplicaSet" key="helmpodsecuritycontextupgradeextensionit-operator/hivemq-test-hivemq-platform-operator-5dbf989d8c" duration="19.071174ms"
2025-01-29 00:58:01,784 INFO c.h.h.t.HelmChartContainer - [K3S] [replica_set.go:679] "Finished syncing" kind="ReplicaSet" key="helmpodsecuritycontextupgradeextensionit-operator/hivemq-test-hivemq-platform-operator-5dbf989d8c" duration="62.377µs"
2025-01-29 00:58:02,123 INFO c.h.h.t.HelmChartContainer - [EVENT] Normal [Pulled] Container image "docker.io/hivemq/hivemq-platform-operator-test:snapshot" already present on machine [helmpodsecuritycontextupgradeextensionit-operator:hivemq-test-hivemq-platform-operator-5dbf989d8c-65l7s]
2025-01-29 00:58:02,123 INFO c.h.h.t.HelmChartContainer - Received Pulled event for container hivemq-platform-operator in pod hivemq-test-hivemq-platform-operator-5dbf989d8c-65l7s [ea04cc47-b6e7-44ca-9f78-5e043038aca5]
2025-01-29 00:58:02,130 INFO c.h.h.t.HelmChartContainer - [EVENT] Normal [Created] Created container: hivemq-platform-operator [helmpodsecuritycontextupgradeextensionit-operator:hivemq-test-hivemq-platform-operator-5dbf989d8c-65l7s]
2025-01-29 00:58:02,130 INFO c.h.h.t.HelmChartContainer - Received Created event for container hivemq-platform-operator in pod hivemq-test-hivemq-platform-operator-5dbf989d8c-65l7s [ea04cc47-b6e7-44ca-9f78-5e043038aca5]
2025-01-29 00:58:02,304 INFO c.h.h.t.HelmChartContainer - [K3S] [replica_set.go:679] "Finished syncing" kind="ReplicaSet" key="helmpodsecuritycontextupgradeextensionit-operator/hivemq-test-hivemq-platform-operator-5dbf989d8c" duration="44.854µs"
2025-01-29 00:58:02,307 INFO c.h.h.t.HelmChartContainer - [POD] hivemq-test-hivemq-platform-operator-5dbf989d8c-65l7s [ea04cc47-b6e7-44ca-9f78-5e043038aca5] in helmpodsecuritycontextupgradeextensionit-operator was MODIFIED
2025-01-29 00:58:02,327 INFO c.h.h.t.HelmChartContainer - Started log watcher for hivemq-platform-operator in pod hivemq-test-hivemq-platform-operator-5dbf989d8c-65l7s [ea04cc47-b6e7-44ca-9f78-5e043038aca5]
2025-01-29 00:58:02,328 INFO c.h.h.t.HelmChartContainer - [EVENT] Normal [Started] Started container hivemq-platform-operator [helmpodsecuritycontextupgradeextensionit-operator:hivemq-test-hivemq-platform-operator-5dbf989d8c-65l7s]
2025-01-29 00:58:02,328 INFO c.h.h.t.HelmChartContainer - Received Started event for container hivemq-platform-operator in pod hivemq-test-hivemq-platform-operator-5dbf989d8c-65l7s [ea04cc47-b6e7-44ca-9f78-5e043038aca5]
2025-01-29 00:58:02,328 INFO c.h.h.t.HelmChartContainer - [hivemq-test-hivemq-platform] [hivemq-platform-operator] [ea04cc47] -------------------------------------------------------------------------
2025-01-29 00:58:02,328 INFO c.h.h.t.HelmChartContainer - [hivemq-test-hivemq-platform] [hivemq-platform-operator] [ea04cc47] 
2025-01-29 00:58:02,328 INFO c.h.h.t.HelmChartContainer - [hivemq-test-hivemq-platform] [hivemq-platform-operator] [ea04cc47]                   _    _  _              __  __   ____
2025-01-29 00:58:02,328 INFO c.h.h.t.HelmChartContainer - [hivemq-test-hivemq-platform] [hivemq-platform-operator] [ea04cc47]                  | |  | |(_)            |  \/  | / __ \
2025-01-29 00:58:02,328 INFO c.h.h.t.HelmChartContainer - [hivemq-test-hivemq-platform] [hivemq-platform-operator] [ea04cc47]                  | |__| | _ __   __ ___ | \  / || |  | |
2025-01-29 00:58:02,328 INFO c.h.h.t.HelmChartContainer - [hivemq-test-hivemq-platform] [hivemq-platform-operator] [ea04cc47]                  |  __  || |\ \ / // _ \| |\/| || |  | |
2025-01-29 00:58:02,328 INFO c.h.h.t.HelmChartContainer - [hivemq-test-hivemq-platform] [hivemq-platform-operator] [ea04cc47]                  | |  | || | \ V /|  __/| |  | || |__| |
2025-01-29 00:58:02,328 INFO c.h.h.t.HelmChartContainer - [hivemq-test-hivemq-platform] [hivemq-platform-operator] [ea04cc47]                  |_|  |_||_|  \_/  \___||_|  |_| \___\_\
2025-01-29 00:58:02,328 INFO c.h.h.t.HelmChartContainer - [hivemq-test-hivemq-platform] [hivemq-platform-operator] [ea04cc47] 
2025-01-29 00:58:02,328 INFO c.h.h.t.HelmChartContainer - [hivemq-test-hivemq-platform] [hivemq-platform-operator] [ea04cc47] -------------------------------------------------------------------------
2025-01-29 00:58:02,328 INFO c.h.h.t.HelmChartContainer - [hivemq-test-hivemq-platform] [hivemq-platform-operator] [ea04cc47] 
2025-01-29 00:58:02,328 INFO c.h.h.t.HelmChartContainer - [hivemq-test-hivemq-platform] [hivemq-platform-operator] [ea04cc47]   HiveMQ Platform Operator Start Script v1.0
2025-01-29 00:58:02,328 INFO c.h.h.t.HelmChartContainer - [hivemq-test-hivemq-platform] [hivemq-platform-operator] [ea04cc47] 
2025-01-29 00:58:02,328 INFO c.h.h.t.HelmChartContainer - [hivemq-test-hivemq-platform] [hivemq-platform-operator] [ea04cc47] -------------------------------------------------------------------------
2025-01-29 00:58:02,328 INFO c.h.h.t.HelmChartContainer - [hivemq-test-hivemq-platform] [hivemq-platform-operator] [ea04cc47] 
2025-01-29 00:58:02,328 INFO c.h.h.t.HelmChartContainer - [hivemq-test-hivemq-platform] [hivemq-platform-operator] [ea04cc47]   JAVA_OPTS: -XX:+UnlockExperimentalVMOptions -XX:InitialRAMPercentage=75 -XX:MaxRAMPercentage=75 -Duser.language=en -Duser.region=US
2025-01-29 00:58:02,328 INFO c.h.h.t.HelmChartContainer - [hivemq-test-hivemq-platform] [hivemq-platform-operator] [ea04cc47] 
2025-01-29 00:58:02,328 INFO c.h.h.t.HelmChartContainer - [hivemq-test-hivemq-platform] [hivemq-platform-operator] [ea04cc47]   JAVA_VERSION: 21
2025-01-29 00:58:02,328 INFO c.h.h.t.HelmChartContainer - [hivemq-test-hivemq-platform] [hivemq-platform-operator] [ea04cc47] 
2025-01-29 00:58:02,328 INFO c.h.h.t.HelmChartContainer - [hivemq-test-hivemq-platform] [hivemq-platform-operator] [ea04cc47] -------------------------------------------------------------------------
2025-01-29 00:58:02,328 INFO c.h.h.t.HelmChartContainer - [hivemq-test-hivemq-platform] [hivemq-platform-operator] [ea04cc47] 
2025-01-29 00:58:05,353 INFO c.h.h.t.HelmChartContainer - [hivemq-test-hivemq-platform] [hivemq-platform-operator] [ea04cc47] 00:58:05.350 [main] DEBUG org.jboss.logging - Logging Provider: org.jboss.logging.Slf4jLoggerProvider
2025-01-29 00:58:05,459 INFO c.h.h.t.HelmChartContainer - [hivemq-test-hivemq-platform] [hivemq-platform-operator] [ea04cc47] 00:58:05.457 [main] DEBUG io.smallrye.config - SRCFG01006: Loaded ConfigSource SysPropConfigSource with ordinal 400
2025-01-29 00:58:05,460 INFO c.h.h.t.HelmChartContainer - [hivemq-test-hivemq-platform] [hivemq-platform-operator] [ea04cc47] 00:58:05.457 [main] DEBUG io.smallrye.config - SRCFG01006: Loaded ConfigSource EnvConfigSource with ordinal 300
2025-01-29 00:58:05,460 INFO c.h.h.t.HelmChartContainer - [hivemq-test-hivemq-platform] [hivemq-platform-operator] [ea04cc47] 00:58:05.457 [main] DEBUG io.smallrye.config - SRCFG01006: Loaded ConfigSource PropertiesConfigSource[source=jar:file:///opt/hivemq-platform-operator/bin/hivemq-platform-operator.jar!/hivemq-platform-operator.properties] with ordinal 100
2025-01-29 00:58:05,460 INFO c.h.h.t.HelmChartContainer - [hivemq-test-hivemq-platform] [hivemq-platform-operator] [ea04cc47] 00:58:05.457 [main] DEBUG io.smallrye.config - SRCFG01006: Loaded ConfigSource DefaultValuesConfigSource with ordinal -2147483648
2025-01-29 00:58:05,564 INFO c.h.h.t.HelmChartContainer - [hivemq-test-hivemq-platform] [hivemq-platform-operator] [ea04cc47] 00:58:05.563 [main] DEBUG i.m.c.u.i.l.InternalLoggerFactory - Using SLF4J as the default logging framework
2025-01-29 00:58:05,666 INFO c.h.h.t.HelmChartContainer - [hivemq-test-hivemq-platform] [hivemq-platform-operator] [ea04cc47] 00:58:05.660 [main] INFO  c.h.p.o.HiveMQPlatformOperatorApplication - HiveMQ Platform Operator 1.7.0-SNAPSHOT (commit: bebf408 on branch: HEAD) built on Sun Jan 26 20:47:47 UTC 2025
2025-01-29 00:58:05,667 INFO c.h.h.t.HelmChartContainer - [hivemq-test-hivemq-platform] [hivemq-platform-operator] [ea04cc47] 00:58:05.666 [main] INFO  c.h.p.o.HiveMQPlatformOperatorApplication - HiveMQ Platform Operator is running in namespace: helmpodsecuritycontextupgradeextensionit-operator
2025-01-29 00:58:05,667 INFO c.h.h.t.HelmChartContainer - [hivemq-test-hivemq-platform] [hivemq-platform-operator] [ea04cc47] 00:58:05.666 [main] INFO  c.h.p.o.HiveMQPlatformOperatorApplication - Watching all namespaces
2025-01-29 00:58:05,667 INFO c.h.h.t.HelmChartContainer - [hivemq-test-hivemq-platform] [hivemq-platform-operator] [ea04cc47] 00:58:05.666 [main] INFO  c.h.p.o.HiveMQPlatformOperatorApplication - Log level: DEBUG
2025-01-29 00:58:05,667 INFO c.h.h.t.HelmChartContainer - [hivemq-test-hivemq-platform] [hivemq-platform-operator] [ea04cc47] 00:58:05.666 [main] INFO  c.h.p.o.HiveMQPlatformOperatorApplication - Release name: test-hivemq-platform-operator
2025-01-29 00:58:05,667 INFO c.h.h.t.HelmChartContainer - [hivemq-test-hivemq-platform] [hivemq-platform-operator] [ea04cc47] 00:58:05.666 [main] INFO  c.h.p.o.HiveMQPlatformOperatorApplication - HiveMQ Platform Operator Init image: docker.io/hivemq/hivemq-platform-operator-init-test:snapshot
2025-01-29 00:58:05,668 INFO c.h.h.t.HelmChartContainer - [hivemq-test-hivemq-platform] [hivemq-platform-operator] [ea04cc47] 00:58:05.666 [main] INFO  c.h.p.o.HiveMQPlatformOperatorApplication - HiveMQ Platform Operator Init App update URL: http://hivemq-platform-operator-test-hivemq-platform-operator.helmpodsecuritycontextupgradeextensionit-operator.svc:8080/initAppUpdate/hivemq-platform-operator-init-app-1.7.0-SNAPSHOT.jar
2025-01-29 00:58:05,668 INFO c.h.h.t.HelmChartContainer - [hivemq-test-hivemq-platform] [hivemq-platform-operator] [ea04cc47] 00:58:05.666 [main] INFO  c.h.p.o.HiveMQPlatformOperatorApplication - Additional imagePullSecret for all Platform deployments: none
2025-01-29 00:58:05,668 INFO c.h.h.t.HelmChartContainer - [hivemq-test-hivemq-platform] [hivemq-platform-operator] [ea04cc47] 00:58:05.666 [main] INFO  c.h.p.o.HiveMQPlatformOperatorApplication - Apply HiveMQ Platform CRD: true
2025-01-29 00:58:05,668 INFO c.h.h.t.HelmChartContainer - [hivemq-test-hivemq-platform] [hivemq-platform-operator] [ea04cc47] 00:58:05.666 [main] INFO  c.h.p.o.HiveMQPlatformOperatorApplication - Create Platform ServiceAccount: true
2025-01-29 00:58:05,669 INFO c.h.h.t.HelmChartContainer - [hivemq-test-hivemq-platform] [hivemq-platform-operator] [ea04cc47] 00:58:05.666 [main] INFO  c.h.p.o.HiveMQPlatformOperatorApplication - Create Platform ServiceAccount permissions: true
2025-01-29 00:58:05,669 INFO c.h.h.t.HelmChartContainer - [hivemq-test-hivemq-platform] [hivemq-platform-operator] [ea04cc47] 00:58:05.666 [main] INFO  c.h.p.o.HiveMQPlatformOperatorApplication - Validate Platform ServiceAccount: true
2025-01-29 00:58:05,669 INFO c.h.h.t.HelmChartContainer - [hivemq-test-hivemq-platform] [hivemq-platform-operator] [ea04cc47] 00:58:05.666 [main] INFO  c.h.p.o.HiveMQPlatformOperatorApplication - Validate Platform ServiceAccount permissions: true
2025-01-29 00:58:05,755 INFO c.h.h.t.HelmChartContainer - [hivemq-test-hivemq-platform] [hivemq-platform-operator] [ea04cc47] 00:58:05.754 [main] INFO  c.h.platform.operator.util.CRDUtil - Verifying deployed HiveMQ Platform CRD...
2025-01-29 00:58:08,297 INFO c.h.h.t.HelmChartContainer - [POD] metrics-server-8584b5786c-g6lvt [c90cc81e-f78a-4290-aacd-b1ec0e4cd3f6] in kube-system was MODIFIED
2025-01-29 00:58:08,308 INFO c.h.h.t.HelmChartContainer - [K3S] [replica_set.go:679] "Finished syncing" kind="ReplicaSet" key="kube-system/metrics-server-8584b5786c" duration="13.514655ms"
2025-01-29 00:58:08,308 INFO c.h.h.t.HelmChartContainer - [K3S] [replica_set.go:679] "Finished syncing" kind="ReplicaSet" key="kube-system/metrics-server-8584b5786c" duration="30.307µs"
2025-01-29 00:58:08,350 INFO c.h.h.t.HelmChartContainer - [hivemq-test-hivemq-platform] [hivemq-platform-operator] [ea04cc47] 00:58:08.349 [main] DEBUG c.h.platform.operator.util.CRDUtil - HiveMQ Platform CRD version v1 is up to date
2025-01-29 00:58:08,351 INFO c.h.h.t.HelmChartContainer - [hivemq-test-hivemq-platform] [hivemq-platform-operator] [ea04cc47] 00:58:08.349 [main] INFO  c.h.platform.operator.util.CRDUtil - HiveMQ Platform CRD is up to date (version: V1_6_0)
2025-01-29 00:58:08,351 INFO c.h.h.t.HelmChartContainer - [hivemq-test-hivemq-platform] [hivemq-platform-operator] [ea04cc47] 00:58:08.349 [main] INFO  c.h.platform.operator.util.CRDUtil - Waiting 10000 ms for HiveMQ Platform CRD 'hivemq-platforms.hivemq.com' to become ready...
2025-01-29 00:58:08,645 INFO c.h.h.t.HelmChartContainer - [hivemq-test-hivemq-platform] [hivemq-platform-operator] [ea04cc47] 00:58:08.644 [vert.x-eventloop-thread-1] DEBUG c.h.platform.operator.util.CRDUtil - Checking CRD condition 'NamesAccepted' (status: 'True')
2025-01-29 00:58:08,647 INFO c.h.h.t.HelmChartContainer - [hivemq-test-hivemq-platform] [hivemq-platform-operator] [ea04cc47] 00:58:08.644 [vert.x-eventloop-thread-1] DEBUG c.h.platform.operator.util.CRDUtil - Checking CRD condition 'Established' (status: 'True')
2025-01-29 00:58:08,647 INFO c.h.h.t.HelmChartContainer - [hivemq-test-hivemq-platform] [hivemq-platform-operator] [ea04cc47] 00:58:08.645 [main] INFO  c.h.platform.operator.util.CRDUtil - HiveMQ Platform CRD 'hivemq-platforms.hivemq.com' is ready
2025-01-29 00:58:08,763 INFO c.h.h.t.HelmChartContainer - [hivemq-test-hivemq-platform] [hivemq-platform-operator] [ea04cc47] 00:58:08.762 [main] INFO  c.h.p.o.HiveMQPlatformReconciler - HiveMQ Platform Operator is starting...
2025-01-29 00:58:08,859 INFO c.h.h.t.HelmChartContainer - [hivemq-test-hivemq-platform] [hivemq-platform-operator] [ea04cc47] 00:58:08.858 [main] WARN  Default ConfigurationService implementation - Configuration for reconciler 'hivemq-controller' was not found. Known reconcilers: None.
2025-01-29 00:58:08,866 INFO c.h.h.t.HelmChartContainer - [hivemq-test-hivemq-platform] [hivemq-platform-operator] [ea04cc47] 00:58:08.865 [main] INFO  Default ConfigurationService implementation - Created configuration for reconciler com.hivemq.platform.operator.HiveMQPlatformReconciler with name hivemq-controller
2025-01-29 00:58:08,967 INFO c.h.h.t.HelmChartContainer - [hivemq-test-hivemq-platform] [hivemq-platform-operator] [ea04cc47] 00:58:08.966 [main] DEBUG c.h.p.o.HiveMQPlatformReconciler - HiveMQ Platform Operator is preparing EventSources
2025-01-29 00:58:09,058 INFO c.h.h.t.HelmChartContainer - [hivemq-test-hivemq-platform] [hivemq-platform-operator] [ea04cc47] 00:58:09.057 [main] INFO  i.javaoperatorsdk.operator.Operator - Registered reconciler: 'hivemq-controller' for resource: 'class com.hivemq.platform.operator.v1.HiveMQPlatform' for namespace(s): [all namespaces]
2025-01-29 00:58:09,570 INFO c.h.h.t.HelmChartContainer - [hivemq-test-hivemq-platform] [hivemq-platform-operator] [ea04cc47] 00:58:09.569 [main] INFO  c.h.p.operator.webserver.JettyServer - Starting Jetty server on port 8080
2025-01-29 00:58:09,662 INFO c.h.h.t.HelmChartContainer - [hivemq-test-hivemq-platform] [hivemq-platform-operator] [ea04cc47] 00:58:09.661 [main] INFO  i.javaoperatorsdk.operator.Operator - Operator SDK 4.9.7 (commit: 2133d28) built on Wed Nov 20 12:56:20 UTC 2024 starting...
2025-01-29 00:58:09,663 INFO c.h.h.t.HelmChartContainer - [hivemq-test-hivemq-platform] [hivemq-platform-operator] [ea04cc47] 00:58:09.661 [main] INFO  i.javaoperatorsdk.operator.Operator - Client version: 6.13.4
2025-01-29 00:58:09,664 INFO c.h.h.t.HelmChartContainer - [hivemq-test-hivemq-platform] [hivemq-platform-operator] [ea04cc47] 00:58:09.663 [Controller Starter for: hivemq-controller] INFO  i.j.operator.processing.Controller - Starting 'hivemq-controller' controller for reconciler: com.hivemq.platform.operator.HiveMQPlatformReconciler, resource: com.hivemq.platform.operator.v1.HiveMQPlatform
2025-01-29 00:58:10,504 INFO c.h.h.t.HelmChartContainer - [K3S] [range_allocator.go:247] "Successfully synced" key="378b0af89195"
2025-01-29 00:58:11,958 INFO c.h.h.t.HelmChartContainer - [hivemq-test-hivemq-platform] [hivemq-platform-operator] [ea04cc47] 00:58:11.957 [Controller Starter for: hivemq-controller] INFO  i.j.operator.processing.Controller - 'hivemq-controller' controller started
2025-01-29 00:58:11,959 INFO c.h.h.t.HelmChartContainer - [hivemq-test-hivemq-platform] [hivemq-platform-operator] [ea04cc47] 00:58:11.958 [main] INFO  c.h.p.o.HiveMQPlatformOperatorApplication - HiveMQ Platform Operator 1.7.0-SNAPSHOT started in 6297 ms
2025-01-29 00:58:13,315 INFO c.h.h.t.HelmChartContainer - [POD] hivemq-test-hivemq-platform-operator-5dbf989d8c-65l7s [ea04cc47-b6e7-44ca-9f78-5e043038aca5] in helmpodsecuritycontextupgradeextensionit-operator was MODIFIED
2025-01-29 00:58:13,323 INFO c.h.h.t.HelmChartContainer - [K3S] [replica_set.go:679] "Finished syncing" kind="ReplicaSet" key="helmpodsecuritycontextupgradeextensionit-operator/hivemq-test-hivemq-platform-operator-5dbf989d8c" duration="10.989645ms"
2025-01-29 00:58:13,323 INFO c.h.h.t.HelmChartContainer - [K3S] [replica_set.go:679] "Finished syncing" kind="ReplicaSet" key="helmpodsecuritycontextupgradeextensionit-operator/hivemq-test-hivemq-platform-operator-5dbf989d8c" duration="38.933µs"
2025-01-29 00:58:13,783 INFO com.hivemq.helmcharts.util.K8sUtil - Pod 'hivemq-test-hivemq-platform-operator-5dbf989d8c-65l7s' is ready
2025-01-29 00:58:13,960 DEBUG com.hivemq.helmcharts.util.PodUtil - Received status for command '[sh, -c, stat -c "%u:%g" /proc/1]' on pod 'hivemq-test-hivemq-platform-operator-5dbf989d8c-65l7s' (exit code: 0)
2025-01-29 00:58:13,977 INFO c.h.h.testcontainer.LogWaiterUtil - TEST Waiting for log pattern on 'test-hivemq-platform-0': .*Extension "HiveMQ Enterprise Distributed Tracing Extension" version .* started successfully.
2025-01-29 00:58:14,037 DEBUG c.h.h.t.HelmChartContainer - Executing helm command: /bin/helm --kubeconfig /etc/rancher/k3s/k3s.yaml install test-hivemq-platform /charts/hivemq-platform --wait --timeout 5m0s --set image.repository=docker.io/hivemq --set image.tag=4.36.0 --set image.pullPolicy=Never --set nodes.resources.cpu=512m -f /files/platform-pod-security-context-root-user-with-tracing-extension-values.yaml --namespace helmpodsecuritycontextupgradeextensionit
2025-01-29 00:58:14,356 INFO c.h.h.t.HelmChartContainer - [hivemq-test-hivemq-platform] [hivemq-platform-operator] [ea04cc47] 00:58:14.355 [-373097727-pool-1-thread-2] WARN  i.m.p.PrometheusMeterRegistry - The meter (MeterId{name='operator.sdk.events.received', tags=[tag(action=ADDED),tag(event=ResourceEvent),tag(group=hivemq.com),tag(kind=HiveMQPlatform),tag(name=test-hivemq-platform),tag(namespace=helmpodsecuritycontextupgradeextensionit),tag(scope=namespace),tag(version=v1)]}) registration has failed: Prometheus requires that all meters with the same name have the same set of tag keys. There is already an existing meter named 'operator.sdk.events.received' containing tag keys [event, group, kind, name, namespace, scope, version]. The meter you are attempting to register has keys [action, event, group, kind, name, namespace, scope, version]. Note that subsequent logs will be logged at debug level.
2025-01-29 00:58:14,860 INFO c.h.h.t.HelmChartContainer - [hivemq-test-hivemq-platform] [hivemq-platform-operator] [ea04cc47] 00:58:14.857 [pool-6-thread-3] DEBUG c.h.p.o.dependants.PodInfoConfigMap - [helmpods] Desired PodInfo ConfigMap (1 extensions) (1 enabled)
2025-01-29 00:58:14,860 INFO c.h.h.t.HelmChartContainer - [hivemq-test-hivemq-platform] [hivemq-platform-operator] [ea04cc47] 00:58:14.857 [pool-6-thread-3] DEBUG c.h.p.o.dependants.PodInfoConfigMap - [helmpods] Desired PodInfo ConfigMap (metrics port: 9399) (metrics path: /)
2025-01-29 00:58:14,860 INFO c.h.h.t.HelmChartContainer - [hivemq-test-hivemq-platform] [hivemq-platform-operator] [ea04cc47] 00:58:14.857 [pool-6-thread-3] DEBUG c.h.p.o.dependants.PodInfoConfigMap - [helmpods] Desired PodInfo ConfigMap (extension state hash: 1904184702)
2025-01-29 00:58:14,862 INFO c.h.h.t.HelmChartContainer - [hivemq-test-hivemq-platform] [hivemq-platform-operator] [ea04cc47] 00:58:14.859 [pool-6-thread-3] DEBUG c.h.p.o.dependants.PodInfoConfigMap - [helmpods] Create PodInfo ConfigMap
2025-01-29 00:58:14,962 INFO c.h.h.t.HelmChartContainer - [hivemq-test-hivemq-platform] [hivemq-platform-operator] [ea04cc47] 00:58:14.959 [pool-6-thread-5] DEBUG c.h.p.o.dependants.PodRoleResource - [helmpods] Create Role: Role(apiVersion=rbac.authorization.k8s.io/v1, kind=Role, metadata=ObjectMeta(annotations={meta.helm.sh/release-name=test-hivemq-platform, meta.helm.sh/release-namespace=helmpodsecuritycontextupgradeextensionit}, creationTimestamp=null, deletionGracePeriodSeconds=null, deletionTimestamp=null, finalizers=[], generateName=null, generation=null, labels={helm.sh/chart=hivemq-platform-0.2.32, app.kubernetes.io/managed-by=Helm, app.kubernetes.io/name=hivemq-platform, hivemq-platform=test-hivemq-platform, app.kubernetes.io/instance=test-hivemq-platform, app.kubernetes.io/version=4.36.0}, managedFields=[], name=hivemq-platform-role-test-hivemq-platform, namespace=helmpodsecuritycontextupgradeextensionit, ownerReferences=[OwnerReference(apiVersion=hivemq.com/v1, blockOwnerDeletion=null, controller=null, kind=HiveMQPlatform, name=test-hivemq-platform, uid=34e4240e-59ee-462d-9d44-afac043572f7, additionalProperties={})], resourceVersion=null, selfLink=null, uid=null, additionalProperties={}), rules=[PolicyRule(apiGroups=[], nonResourceURLs=[], resourceNames=[], resources=[pods], verbs=[get, patch, update], additionalProperties={})], additionalProperties={})
2025-01-29 00:58:15,068 INFO c.h.h.t.HelmChartContainer - [hivemq-test-hivemq-platform] [hivemq-platform-operator] [ea04cc47] 00:58:15.066 [pool-6-thread-7] DEBUG c.h.p.o.d.PodServiceAccountResource - [helmpods] Desired PodServiceAccountResource (serviceAccountName: hivemq-platform-pod-test-hivemq-platform)
2025-01-29 00:58:15,068 INFO c.h.h.t.HelmChartContainer - [hivemq-test-hivemq-platform] [hivemq-platform-operator] [ea04cc47] 00:58:15.067 [pool-6-thread-7] DEBUG c.h.p.o.d.PodServiceAccountResource - [helmpods] Create ServiceAccount 'hivemq-platform-pod-test-hivemq-platform'
2025-01-29 00:58:15,257 INFO c.h.h.t.HelmChartContainer - [hivemq-test-hivemq-platform] [hivemq-platform-operator] [ea04cc47] 00:58:15.255 [pool-6-thread-10] DEBUG c.h.p.o.d.PodRoleBindingResource - [helmpods] Create RoleBinding: RoleBinding(apiVersion=rbac.authorization.k8s.io/v1, kind=RoleBinding, metadata=ObjectMeta(annotations={meta.helm.sh/release-name=test-hivemq-platform, meta.helm.sh/release-namespace=helmpodsecuritycontextupgradeextensionit}, creationTimestamp=null, deletionGracePeriodSeconds=null, deletionTimestamp=null, finalizers=[], generateName=null, generation=null, labels={helm.sh/chart=hivemq-platform-0.2.32, app.kubernetes.io/managed-by=Helm, app.kubernetes.io/name=hivemq-platform, hivemq-platform=test-hivemq-platform, app.kubernetes.io/instance=test-hivemq-platform, app.kubernetes.io/version=4.36.0}, managedFields=[], name=hivemq-platform-role-binding-test-hivemq-platform, namespace=helmpodsecuritycontextupgradeextensionit, ownerReferences=[OwnerReference(apiVersion=hivemq.com/v1, blockOwnerDeletion=null, controller=null, kind=HiveMQPlatform, name=test-hivemq-platform, uid=34e4240e-59ee-462d-9d44-afac043572f7, additionalProperties={})], resourceVersion=null, selfLink=null, uid=null, additionalProperties={}), roleRef=RoleRef(apiGroup=rbac.authorization.k8s.io, kind=Role, name=hivemq-platform-role-test-hivemq-platform, additionalProperties={}), subjects=[Subject(apiGroup=null, kind=ServiceAccount, name=hivemq-platform-pod-test-hivemq-platform, namespace=helmpodsecuritycontextupgradeextensionit, additionalProperties={})], additionalProperties={})
2025-01-29 00:58:15,352 INFO c.h.h.t.HelmChartContainer - [hivemq-test-hivemq-platform] [hivemq-platform-operator] [ea04cc47] 00:58:15.350 [ReconcilerExecutor-hivemq-controller-56] INFO  c.h.p.o.HiveMQPlatformReconciler - [helmpods] Reconciling HiveMQ Platform 'test-hivemq-platform' in namespace 'helmpodsecuritycontextupgradeextensionit'
2025-01-29 00:58:15,352 INFO c.h.h.t.HelmChartContainer - [hivemq-test-hivemq-platform] [hivemq-platform-operator] [ea04cc47] 00:58:15.350 [ReconcilerExecutor-hivemq-controller-56] DEBUG c.h.p.o.HiveMQPlatformReconciler - [helmpods] Custom Resource Status CREATED - HiveMQ Platform was created (READY)
2025-01-29 00:58:15,352 INFO c.h.h.t.HelmChartContainer - [hivemq-test-hivemq-platform] [hivemq-platform-operator] [ea04cc47] 00:58:15.350 [ReconcilerExecutor-hivemq-controller-56] DEBUG c.h.p.o.HiveMQPlatformReconciler - [helmpods] Custom Resource Spec (replicas: 1) (extensions: 1)
2025-01-29 00:58:15,355 INFO c.h.h.t.HelmChartContainer - [hivemq-test-hivemq-platform] [hivemq-platform-operator] [ea04cc47] 00:58:15.354 [ReconcilerExecutor-hivemq-controller-56] INFO  c.h.p.o.h.HiveMQPlatformReconcilerBaseHandler - [helmpods] HiveMQ Platform is starting
2025-01-29 00:58:15,462 INFO c.h.h.t.HelmChartContainer - [hivemq-test-hivemq-platform] [hivemq-platform-operator] [ea04cc47] 00:58:15.458 [ReconcilerExecutor-hivemq-controller-56] DEBUG c.h.p.operator.event.EventSender - [helmpods] Creating K8s event hivemq-platform-starting: [Start] HiveMQ Platform is starting
2025-01-29 00:58:15,546 INFO c.h.h.t.HelmChartContainer - [EVENT] Normal [Start] HiveMQ Platform is starting [helmpodsecuritycontextupgradeextensionit:test-hivemq-platform]
2025-01-29 00:58:15,560 INFO c.h.h.t.HelmChartContainer - [hivemq-test-hivemq-platform] [hivemq-platform-operator] [ea04cc47] 00:58:15.554 [ReconcilerExecutor-hivemq-controller-56] INFO  c.h.p.o.h.AbstractHiveMQReconcilerStateHandler - [helmpods] Update HiveMQ Platform Status (CREATED [READY] -> STARTING [READY]): HiveMQ Platform is starting
2025-01-29 00:58:15,570 DEBUG com.hivemq.helmcharts.util.K8sUtil - Comparing actual state 'STARTING' and waiting for 'RUNNING'
2025-01-29 00:58:25,659 INFO c.h.h.t.HelmChartContainer - [hivemq-test-hivemq-platform] [hivemq-platform-operator] [ea04cc47] 00:58:25.657 [pool-6-thread-12] DEBUG c.h.p.o.d.PlatformServiceResource - [helmpods] Desired Platform services (3 services)
2025-01-29 00:58:25,664 INFO c.h.h.t.HelmChartContainer - [hivemq-test-hivemq-platform] [hivemq-platform-operator] [ea04cc47] 00:58:25.661 [pool-6-thread-13] DEBUG c.h.p.o.dependants.PodInfoConfigMap - [helmpods] Desired PodInfo ConfigMap (1 extensions) (1 enabled)
2025-01-29 00:58:25,665 INFO c.h.h.t.HelmChartContainer - [hivemq-test-hivemq-platform] [hivemq-platform-operator] [ea04cc47] 00:58:25.661 [pool-6-thread-13] DEBUG c.h.p.o.dependants.PodInfoConfigMap - [helmpods] Desired PodInfo ConfigMap (metrics port: 9399) (metrics path: /)
2025-01-29 00:58:25,665 INFO c.h.h.t.HelmChartContainer - [hivemq-test-hivemq-platform] [hivemq-platform-operator] [ea04cc47] 00:58:25.661 [pool-6-thread-13] DEBUG c.h.p.o.dependants.PodInfoConfigMap - [helmpods] Desired PodInfo ConfigMap (extension state hash: 1904184702)
2025-01-29 00:58:25,665 INFO c.h.h.t.HelmChartContainer - [hivemq-test-hivemq-platform] [hivemq-platform-operator] [ea04cc47] 00:58:25.662 [pool-6-thread-17] DEBUG c.h.p.o.d.PodServiceAccountResource - [helmpods] Desired PodServiceAccountResource (serviceAccountName: hivemq-platform-pod-test-hivemq-platform)
2025-01-29 00:58:25,753 INFO c.h.h.t.HelmChartContainer - [hivemq-test-hivemq-platform] [hivemq-platform-operator] [ea04cc47] 00:58:25.749 [pool-6-thread-13] DEBUG c.h.p.o.dependants.PodInfoConfigMap - [helmpods] Update PodInfo ConfigMap
2025-01-29 00:58:25,763 INFO c.h.h.t.HelmChartContainer - [K3S] [alloc.go:330] "allocated clusterIPs" service="helmpodsecuritycontextupgradeextensionit/hivemq-test-hivemq-platform-mqtt-1883" clusterIPs={"IPv4":"10.43.254.41"}
2025-01-29 00:58:25,777 INFO c.h.h.t.HelmChartContainer - [K3S] [alloc.go:330] "allocated clusterIPs" service="helmpodsecuritycontextupgradeextensionit/hivemq-test-hivemq-platform-cc-8080" clusterIPs={"IPv4":"10.43.66.165"}
2025-01-29 00:58:25,858 INFO c.h.h.t.HelmChartContainer - [K3S] [alloc.go:330] "allocated clusterIPs" service="helmpodsecuritycontextupgradeextensionit/hivemq-test-hivemq-platform-metrics-9399" clusterIPs={"IPv4":"10.43.242.255"}
2025-01-29 00:58:25,949 INFO c.h.h.t.HelmChartContainer - [hivemq-test-hivemq-platform] [hivemq-platform-operator] [ea04cc47] 00:58:25.948 [pool-6-thread-20] DEBUG c.h.p.o.d.StatefulSetResource - [helmpods] Desired StatefulSet (1 replicas) for status STARTING (READY)
2025-01-29 00:58:25,965 INFO c.h.h.t.HelmChartContainer - [hivemq-test-hivemq-platform] [hivemq-platform-operator] [ea04cc47] 00:58:25.964 [pool-6-thread-20] DEBUG c.h.p.o.d.StatefulSetResource - [helmpods] Create StatefulSet
2025-01-29 00:58:26,072 INFO c.h.h.t.HelmChartContainer - [hivemq-test-hivemq-platform] [hivemq-platform-operator] [ea04cc47] 00:58:26.070 [ReconcilerExecutor-hivemq-controller-67] INFO  c.h.p.o.HiveMQPlatformReconciler - [helmpods] Reconciling HiveMQ Platform 'test-hivemq-platform' in namespace 'helmpodsecuritycontextupgradeextensionit'
2025-01-29 00:58:26,072 INFO c.h.h.t.HelmChartContainer - [hivemq-test-hivemq-platform] [hivemq-platform-operator] [ea04cc47] 00:58:26.071 [ReconcilerExecutor-hivemq-controller-67] DEBUG c.h.p.o.HiveMQPlatformReconciler - [helmpods] Custom Resource Status STARTING - HiveMQ Platform is starting (READY)
2025-01-29 00:58:26,072 INFO c.h.h.t.HelmChartContainer - [hivemq-test-hivemq-platform] [hivemq-platform-operator] [ea04cc47] 00:58:26.071 [ReconcilerExecutor-hivemq-controller-67] DEBUG c.h.p.o.HiveMQPlatformReconciler - [helmpods] Custom Resource Spec (replicas: 1) (extensions: 1)
2025-01-29 00:58:26,091 INFO c.h.h.t.HelmChartContainer - [K3S] [reflector.go:569] object-"helmpodsecuritycontextupgradeextensionit"/"kube-root-ca.crt": failed to list *v1.ConfigMap: configmaps "kube-root-ca.crt" is forbidden: User "system:node:378b0af89195" cannot list resource "configmaps" in API group "" in the namespace "helmpodsecuritycontextupgradeextensionit": no relationship found between node '378b0af89195' and this object
2025-01-29 00:58:26,091 INFO c.h.h.t.HelmChartContainer - [EVENT] Normal [SuccessfulCreate] create Pod test-hivemq-platform-0 in StatefulSet test-hivemq-platform successful [helmpodsecuritycontextupgradeextensionit:test-hivemq-platform]
2025-01-29 00:58:26,096 INFO c.h.h.t.HelmChartContainer - [K3S] [reflector.go:166] "Unhandled Error" err="object-\"helmpodsecuritycontextupgradeextensionit\"/\"kube-root-ca.crt\": Failed to watch *v1.ConfigMap: failed to list *v1.ConfigMap: configmaps \"kube-root-ca.crt\" is forbidden: User \"system:node:378b0af89195\" cannot list resource \"configmaps\" in API group \"\" in the namespace \"helmpodsecuritycontextupgradeextensionit\": no relationship found between node '378b0af89195' and this object"
2025-01-29 00:58:26,097 INFO c.h.h.t.HelmChartContainer - [POD] test-hivemq-platform-0 [a0ef3d25-52eb-454a-8f83-a79007e6cd08] in helmpodsecuritycontextupgradeextensionit was ADDED
2025-01-29 00:58:26,099 INFO c.h.h.t.HelmChartContainer - [POD] test-hivemq-platform-0 [a0ef3d25-52eb-454a-8f83-a79007e6cd08] in helmpodsecuritycontextupgradeextensionit was MODIFIED
2025-01-29 00:58:26,100 INFO c.h.h.t.HelmChartContainer - [EVENT] Normal [Scheduled] Successfully assigned helmpodsecuritycontextupgradeextensionit/test-hivemq-platform-0 to 378b0af89195 [helmpodsecuritycontextupgradeextensionit:test-hivemq-platform-0]
2025-01-29 00:58:26,102 INFO c.h.h.t.HelmChartContainer - [POD] test-hivemq-platform-0 [a0ef3d25-52eb-454a-8f83-a79007e6cd08] in helmpodsecuritycontextupgradeextensionit was MODIFIED
2025-01-29 00:58:26,115 INFO c.h.h.t.HelmChartContainer - [K3S] [reconciler_common.go:251] "operationExecutor.VerifyControllerAttachedVolume started for volume \"broker-configuration\" (UniqueName: \"kubernetes.io/configmap/a0ef3d25-52eb-454a-8f83-a79007e6cd08-broker-configuration\") pod \"test-hivemq-platform-0\" (UID: \"a0ef3d25-52eb-454a-8f83-a79007e6cd08\") " pod="helmpodsecuritycontextupgradeextensionit/test-hivemq-platform-0"
2025-01-29 00:58:26,115 INFO c.h.h.t.HelmChartContainer - [K3S] [reconciler_common.go:251] "operationExecutor.VerifyControllerAttachedVolume started for volume \"extension-configuration-hivemq-distributed-tracing-extension\" (UniqueName: \"kubernetes.io/configmap/a0ef3d25-52eb-454a-8f83-a79007e6cd08-extension-configuration-hivemq-distributed-tracing-extension\") pod \"test-hivemq-platform-0\" (UID: \"a0ef3d25-52eb-454a-8f83-a79007e6cd08\") " pod="helmpodsecuritycontextupgradeextensionit/test-hivemq-platform-0"
2025-01-29 00:58:26,115 INFO c.h.h.t.HelmChartContainer - [K3S] [reconciler_common.go:251] "operationExecutor.VerifyControllerAttachedVolume started for volume \"operator-init\" (UniqueName: \"kubernetes.io/empty-dir/a0ef3d25-52eb-454a-8f83-a79007e6cd08-operator-init\") pod \"test-hivemq-platform-0\" (UID: \"a0ef3d25-52eb-454a-8f83-a79007e6cd08\") " pod="helmpodsecuritycontextupgradeextensionit/test-hivemq-platform-0"
2025-01-29 00:58:26,116 INFO c.h.h.t.HelmChartContainer - [K3S] [reconciler_common.go:251] "operationExecutor.VerifyControllerAttachedVolume started for volume \"kube-api-access-5wcss\" (UniqueName: \"kubernetes.io/projected/a0ef3d25-52eb-454a-8f83-a79007e6cd08-kube-api-access-5wcss\") pod \"test-hivemq-platform-0\" (UID: \"a0ef3d25-52eb-454a-8f83-a79007e6cd08\") " pod="helmpodsecuritycontextupgradeextensionit/test-hivemq-platform-0"
2025-01-29 00:58:26,116 INFO c.h.h.t.HelmChartContainer - [K3S] [reconciler_common.go:251] "operationExecutor.VerifyControllerAttachedVolume started for volume \"pod-info\" (UniqueName: \"kubernetes.io/configmap/a0ef3d25-52eb-454a-8f83-a79007e6cd08-pod-info\") pod \"test-hivemq-platform-0\" (UID: \"a0ef3d25-52eb-454a-8f83-a79007e6cd08\") " pod="helmpodsecuritycontextupgradeextensionit/test-hivemq-platform-0"
2025-01-29 00:58:26,156 INFO c.h.h.t.HelmChartContainer - [hivemq-test-hivemq-platform] [hivemq-platform-operator] [ea04cc47] 00:58:26.152 [ReconcilerExecutor-hivemq-controller-67] DEBUG c.h.p.o.HiveMQPlatformReconciler - [helmpods] StatefulSet Status (revision: null, replicas: 0, available: 0, ready: 0, current: 0, updated: 0)
2025-01-29 00:58:26,156 INFO c.h.h.t.HelmChartContainer - [hivemq-test-hivemq-platform] [hivemq-platform-operator] [ea04cc47] 00:58:26.152 [ReconcilerExecutor-hivemq-controller-67] DEBUG c.h.p.o.HiveMQPlatformReconciler - [helmpods] StatefulSet Spec (replicas: 1, init containers: 1, containers: 1, volumes: 4)
2025-01-29 00:58:26,254 INFO c.h.h.t.HelmChartContainer - [hivemq-test-hivemq-platform] [hivemq-platform-operator] [ea04cc47] 00:58:26.252 [ReconcilerExecutor-hivemq-controller-67] DEBUG c.h.p.o.h.HiveMQPlatformReconcilerErrorHandler - [helmpods] Pod 'test-hivemq-platform-0' phase Pending
2025-01-29 00:58:26,255 INFO c.h.h.t.HelmChartContainer - [hivemq-test-hivemq-platform] [hivemq-platform-operator] [ea04cc47] 00:58:26.254 [ReconcilerExecutor-hivemq-controller-67] INFO  c.h.p.o.h.HiveMQPlatformReconcilerBaseHandler - [helmpods] HiveMQ Platform is starting, 0 of 1 replicas are ready
2025-01-29 00:58:26,260 INFO c.h.h.t.HelmChartContainer - [hivemq-test-hivemq-platform] [hivemq-platform-operator] [ea04cc47] 00:58:26.259 [pool-6-thread-22] DEBUG c.h.p.o.d.PlatformServiceResource - [helmpods] Desired Platform services (3 services)
2025-01-29 00:58:26,264 INFO c.h.h.t.HelmChartContainer - [hivemq-test-hivemq-platform] [hivemq-platform-operator] [ea04cc47] 00:58:26.262 [pool-6-thread-23] DEBUG c.h.p.o.dependants.PodInfoConfigMap - [helmpods] Desired PodInfo ConfigMap (1 extensions) (1 enabled)
2025-01-29 00:58:26,265 INFO c.h.h.t.HelmChartContainer - [hivemq-test-hivemq-platform] [hivemq-platform-operator] [ea04cc47] 00:58:26.263 [pool-6-thread-23] DEBUG c.h.p.o.dependants.PodInfoConfigMap - [helmpods] Desired PodInfo ConfigMap (metrics port: 9399) (metrics path: /)
2025-01-29 00:58:26,265 INFO c.h.h.t.HelmChartContainer - [hivemq-test-hivemq-platform] [hivemq-platform-operator] [ea04cc47] 00:58:26.264 [pool-6-thread-23] DEBUG c.h.p.o.dependants.PodInfoConfigMap - [helmpods] Desired PodInfo ConfigMap (extension state hash: 1904184702)
2025-01-29 00:58:26,351 INFO c.h.h.t.HelmChartContainer - [hivemq-test-hivemq-platform] [hivemq-platform-operator] [ea04cc47] 00:58:26.349 [pool-6-thread-27] DEBUG c.h.p.o.d.PodServiceAccountResource - [helmpods] Desired PodServiceAccountResource (serviceAccountName: hivemq-platform-pod-test-hivemq-platform)
2025-01-29 00:58:26,358 INFO c.h.h.t.HelmChartContainer - [hivemq-test-hivemq-platform] [hivemq-platform-operator] [ea04cc47] 00:58:26.356 [pool-6-thread-29] DEBUG c.h.p.o.d.StatefulSetResource - [helmpods] Desired StatefulSet (1 replicas) for status STARTING (READY)
2025-01-29 00:58:26,364 INFO c.h.h.t.HelmChartContainer - [hivemq-test-hivemq-platform] [hivemq-platform-operator] [ea04cc47] 00:58:26.362 [ReconcilerExecutor-hivemq-controller-78] INFO  c.h.p.o.HiveMQPlatformReconciler - [helmpods] Reconciling HiveMQ Platform 'test-hivemq-platform' in namespace 'helmpodsecuritycontextupgradeextensionit'
2025-01-29 00:58:26,365 INFO c.h.h.t.HelmChartContainer - [hivemq-test-hivemq-platform] [hivemq-platform-operator] [ea04cc47] 00:58:26.362 [ReconcilerExecutor-hivemq-controller-78] DEBUG c.h.p.o.HiveMQPlatformReconciler - [helmpods] Custom Resource Status STARTING - HiveMQ Platform is starting (READY)
2025-01-29 00:58:26,365 INFO c.h.h.t.HelmChartContainer - [hivemq-test-hivemq-platform] [hivemq-platform-operator] [ea04cc47] 00:58:26.362 [ReconcilerExecutor-hivemq-controller-78] DEBUG c.h.p.o.HiveMQPlatformReconciler - [helmpods] Custom Resource Spec (replicas: 1) (extensions: 1)
2025-01-29 00:58:26,366 INFO c.h.h.t.HelmChartContainer - [hivemq-test-hivemq-platform] [hivemq-platform-operator] [ea04cc47] 00:58:26.365 [ReconcilerExecutor-hivemq-controller-78] DEBUG c.h.p.o.HiveMQPlatformReconciler - [helmpods] StatefulSet Status (revision: test-hivemq-platform-6778d7488d, replicas: 1, available: 0, ready: 0, current: 1, updated: 1)
2025-01-29 00:58:26,366 INFO c.h.h.t.HelmChartContainer - [hivemq-test-hivemq-platform] [hivemq-platform-operator] [ea04cc47] 00:58:26.365 [ReconcilerExecutor-hivemq-controller-78] DEBUG c.h.p.o.HiveMQPlatformReconciler - [helmpods] StatefulSet Spec (replicas: 1, init containers: 1, containers: 1, volumes: 4)
2025-01-29 00:58:26,453 INFO c.h.h.t.HelmChartContainer - [hivemq-test-hivemq-platform] [hivemq-platform-operator] [ea04cc47] 00:58:26.450 [ReconcilerExecutor-hivemq-controller-78] DEBUG c.h.p.o.h.HiveMQPlatformReconcilerErrorHandler - [helmpods] Pod 'test-hivemq-platform-0' phase Pending
2025-01-29 00:58:26,453 INFO c.h.h.t.HelmChartContainer - [hivemq-test-hivemq-platform] [hivemq-platform-operator] [ea04cc47] 00:58:26.450 [ReconcilerExecutor-hivemq-controller-78] DEBUG c.h.p.o.h.HiveMQPlatformReconcilerErrorHandler - [helmpods] Pod 'test-hivemq-platform-0' condition 'PodReadyToStartContainers': False
2025-01-29 00:58:26,454 INFO c.h.h.t.HelmChartContainer - [hivemq-test-hivemq-platform] [hivemq-platform-operator] [ea04cc47] 00:58:26.451 [ReconcilerExecutor-hivemq-controller-78] DEBUG c.h.p.o.h.HiveMQPlatformReconcilerErrorHandler - [helmpods] Pod 'test-hivemq-platform-0' condition 'Initialized': False
2025-01-29 00:58:26,454 INFO c.h.h.t.HelmChartContainer - [hivemq-test-hivemq-platform] [hivemq-platform-operator] [ea04cc47] 00:58:26.451 [ReconcilerExecutor-hivemq-controller-78] DEBUG c.h.p.o.h.HiveMQPlatformReconcilerErrorHandler - [helmpods] Pod 'test-hivemq-platform-0' condition 'Ready': False
2025-01-29 00:58:26,455 INFO c.h.h.t.HelmChartContainer - [hivemq-test-hivemq-platform] [hivemq-platform-operator] [ea04cc47] 00:58:26.451 [ReconcilerExecutor-hivemq-controller-78] DEBUG c.h.p.o.h.HiveMQPlatformReconcilerErrorHandler - [helmpods] Pod 'test-hivemq-platform-0' condition 'ContainersReady': False
2025-01-29 00:58:26,456 INFO c.h.h.t.HelmChartContainer - [hivemq-test-hivemq-platform] [hivemq-platform-operator] [ea04cc47] 00:58:26.451 [ReconcilerExecutor-hivemq-controller-78] DEBUG c.h.p.o.h.HiveMQPlatformReconcilerErrorHandler - [helmpods] Pod 'test-hivemq-platform-0' condition 'PodScheduled': True
2025-01-29 00:58:26,456 INFO c.h.h.t.HelmChartContainer - [hivemq-test-hivemq-platform] [hivemq-platform-operator] [ea04cc47] 00:58:26.451 [ReconcilerExecutor-hivemq-controller-78] DEBUG c.h.p.o.h.HiveMQPlatformReconcilerErrorHandler - [helmpods] Pod 'test-hivemq-platform-0' containerStatus 'hivemq' (started: false) (ready: false) (waiting: [PodInitializing] null)
2025-01-29 00:58:26,456 INFO c.h.h.t.HelmChartContainer - [hivemq-test-hivemq-platform] [hivemq-platform-operator] [ea04cc47] 00:58:26.453 [ReconcilerExecutor-hivemq-controller-78] INFO  c.h.p.o.h.HiveMQPlatformReconcilerBaseHandler - [helmpods] HiveMQ Platform is starting, 0 of 1 replicas are ready
2025-01-29 00:58:27,220 INFO c.h.h.t.HelmChartContainer - [K3S] [projected.go:288] Couldn't get configMap helmpodsecuritycontextupgradeextensionit/kube-root-ca.crt: failed to sync configmap cache: timed out waiting for the condition
2025-01-29 00:58:27,221 INFO c.h.h.t.HelmChartContainer - [K3S] [projected.go:194] Error preparing data for projected volume kube-api-access-5wcss for pod helmpodsecuritycontextupgradeextensionit/test-hivemq-platform-0: failed to sync configmap cache: timed out waiting for the condition
2025-01-29 00:58:27,221 INFO c.h.h.t.HelmChartContainer - [K3S] [nestedpendingoperations.go:348] Operation for "{volumeName:kubernetes.io/projected/a0ef3d25-52eb-454a-8f83-a79007e6cd08-kube-api-access-5wcss podName:a0ef3d25-52eb-454a-8f83-a79007e6cd08 nodeName:}" failed. No retries permitted until 2025-01-29 00:58:27.720447645 +0000 UTC m=+51.188021316 (durationBeforeRetry 500ms). Error: MountVolume.SetUp failed for volume "kube-api-access-5wcss" (UniqueName: "kubernetes.io/projected/a0ef3d25-52eb-454a-8f83-a79007e6cd08-kube-api-access-5wcss") pod "test-hivemq-platform-0" (UID: "a0ef3d25-52eb-454a-8f83-a79007e6cd08") : failed to sync configmap cache: timed out waiting for the condition
2025-01-29 00:58:27,224 INFO c.h.h.t.HelmChartContainer - [EVENT] Warning [FailedMount] MountVolume.SetUp failed for volume "kube-api-access-5wcss" : failed to sync configmap cache: timed out waiting for the condition [helmpodsecuritycontextupgradeextensionit:test-hivemq-platform-0]
2025-01-29 00:58:27,974 INFO c.h.h.t.HelmChartContainer - [EVENT] Normal [Pulled] Container image "docker.io/hivemq/hivemq-platform-operator-init-test:snapshot" already present on machine [helmpodsecuritycontextupgradeextensionit:test-hivemq-platform-0]
2025-01-29 00:58:27,980 INFO c.h.h.t.HelmChartContainer - [EVENT] Normal [Created] Created container: hivemq-platform-operator-init [helmpodsecuritycontextupgradeextensionit:test-hivemq-platform-0]
2025-01-29 00:58:28,014 INFO c.h.h.t.HelmChartContainer - [EVENT] Normal [Started] Started container hivemq-platform-operator-init [helmpodsecuritycontextupgradeextensionit:test-hivemq-platform-0]
2025-01-29 00:58:28,338 INFO c.h.h.t.HelmChartContainer - [EVENT] Normal [Pulled] Container image "docker.io/hivemq/hivemq4:4.36.0" already present on machine [helmpodsecuritycontextupgradeextensionit:test-hivemq-platform-0]
2025-01-29 00:58:28,338 INFO c.h.h.t.HelmChartContainer - Received Pulled event for container hivemq in pod test-hivemq-platform-0 [a0ef3d25-52eb-454a-8f83-a79007e6cd08]
2025-01-29 00:58:28,355 INFO c.h.h.t.HelmChartContainer - [EVENT] Normal [Created] Created container: hivemq [helmpodsecuritycontextupgradeextensionit:test-hivemq-platform-0]
2025-01-29 00:58:28,355 INFO c.h.h.t.HelmChartContainer - Received Created event for container hivemq in pod test-hivemq-platform-0 [a0ef3d25-52eb-454a-8f83-a79007e6cd08]
2025-01-29 00:58:28,370 INFO c.h.h.t.HelmChartContainer - [hivemq-test-hivemq-platform] [hivemq-platform-operator] [ea04cc47] 00:58:28.365 [pool-6-thread-32] DEBUG c.h.p.o.d.PlatformServiceResource - [helmpods] Desired Platform services (3 services)
2025-01-29 00:58:28,371 INFO c.h.h.t.HelmChartContainer - [POD] test-hivemq-platform-0 [a0ef3d25-52eb-454a-8f83-a79007e6cd08] in helmpodsecuritycontextupgradeextensionit was MODIFIED
2025-01-29 00:58:28,378 INFO c.h.h.t.HelmChartContainer - [hivemq-test-hivemq-platform] [hivemq-platform-operator] [ea04cc47] 00:58:28.369 [pool-6-thread-33] DEBUG c.h.p.o.dependants.PodInfoConfigMap - [helmpods] Desired PodInfo ConfigMap (1 extensions) (1 enabled)
2025-01-29 00:58:28,378 INFO c.h.h.t.HelmChartContainer - [hivemq-test-hivemq-platform] [hivemq-platform-operator] [ea04cc47] 00:58:28.369 [pool-6-thread-33] DEBUG c.h.p.o.dependants.PodInfoConfigMap - [helmpods] Desired PodInfo ConfigMap (metrics port: 9399) (metrics path: /)
2025-01-29 00:58:28,379 INFO c.h.h.t.HelmChartContainer - [hivemq-test-hivemq-platform] [hivemq-platform-operator] [ea04cc47] 00:58:28.370 [pool-6-thread-33] DEBUG c.h.p.o.dependants.PodInfoConfigMap - [helmpods] Desired PodInfo ConfigMap (extension state hash: 1904184702)
2025-01-29 00:58:28,383 INFO c.h.h.t.HelmChartContainer - [hivemq-test-hivemq-platform] [hivemq-platform-operator] [ea04cc47] 00:58:28.377 [pool-6-thread-37] DEBUG c.h.p.o.d.PodServiceAccountResource - [helmpods] Desired PodServiceAccountResource (serviceAccountName: hivemq-platform-pod-test-hivemq-platform)
2025-01-29 00:58:28,454 INFO c.h.h.t.HelmChartContainer - [hivemq-test-hivemq-platform] [hivemq-platform-operator] [ea04cc47] 00:58:28.452 [pool-6-thread-40] DEBUG c.h.p.o.d.StatefulSetResource - [helmpods] Desired StatefulSet (1 replicas) for status STARTING (READY)
2025-01-29 00:58:28,464 INFO c.h.h.t.HelmChartContainer - [hivemq-test-hivemq-platform] [hivemq-platform-operator] [ea04cc47] 00:58:28.462 [ReconcilerExecutor-hivemq-controller-89] INFO  c.h.p.o.HiveMQPlatformReconciler - [helmpods] Reconciling HiveMQ Platform 'test-hivemq-platform' in namespace 'helmpodsecuritycontextupgradeextensionit'
2025-01-29 00:58:28,464 INFO c.h.h.t.HelmChartContainer - [hivemq-test-hivemq-platform] [hivemq-platform-operator] [ea04cc47] 00:58:28.462 [ReconcilerExecutor-hivemq-controller-89] DEBUG c.h.p.o.HiveMQPlatformReconciler - [helmpods] Custom Resource Status STARTING - HiveMQ Platform is starting (READY)
2025-01-29 00:58:28,464 INFO c.h.h.t.HelmChartContainer - [hivemq-test-hivemq-platform] [hivemq-platform-operator] [ea04cc47] 00:58:28.463 [ReconcilerExecutor-hivemq-controller-89] DEBUG c.h.p.o.HiveMQPlatformReconciler - [helmpods] Custom Resource Spec (replicas: 1) (extensions: 1)
2025-01-29 00:58:28,468 INFO c.h.h.t.HelmChartContainer - [hivemq-test-hivemq-platform] [hivemq-platform-operator] [ea04cc47] 00:58:28.467 [ReconcilerExecutor-hivemq-controller-89] DEBUG c.h.p.o.HiveMQPlatformReconciler - [helmpods] StatefulSet Status (revision: test-hivemq-platform-6778d7488d, replicas: 1, available: 0, ready: 0, current: 1, updated: 1)
2025-01-29 00:58:28,469 INFO c.h.h.t.HelmChartContainer - [hivemq-test-hivemq-platform] [hivemq-platform-operator] [ea04cc47] 00:58:28.468 [ReconcilerExecutor-hivemq-controller-89] DEBUG c.h.p.o.HiveMQPlatformReconciler - [helmpods] StatefulSet Spec (replicas: 1, init containers: 1, containers: 1, volumes: 4)
2025-01-29 00:58:28,551 INFO c.h.h.t.HelmChartContainer - [hivemq-test-hivemq-platform] [hivemq-platform-operator] [ea04cc47] 00:58:28.549 [ReconcilerExecutor-hivemq-controller-89] DEBUG c.h.p.o.h.HiveMQPlatformReconcilerErrorHandler - [helmpods] Pod 'test-hivemq-platform-0' phase Pending
2025-01-29 00:58:28,551 INFO c.h.h.t.HelmChartContainer - [hivemq-test-hivemq-platform] [hivemq-platform-operator] [ea04cc47] 00:58:28.549 [ReconcilerExecutor-hivemq-controller-89] DEBUG c.h.p.o.h.HiveMQPlatformReconcilerErrorHandler - [helmpods] Pod 'test-hivemq-platform-0' condition 'PodReadyToStartContainers': True
2025-01-29 00:58:28,551 INFO c.h.h.t.HelmChartContainer - [hivemq-test-hivemq-platform] [hivemq-platform-operator] [ea04cc47] 00:58:28.549 [ReconcilerExecutor-hivemq-controller-89] DEBUG c.h.p.o.h.HiveMQPlatformReconcilerErrorHandler - [helmpods] Pod 'test-hivemq-platform-0' condition 'Initialized': True
2025-01-29 00:58:28,552 INFO c.h.h.t.HelmChartContainer - [hivemq-test-hivemq-platform] [hivemq-platform-operator] [ea04cc47] 00:58:28.549 [ReconcilerExecutor-hivemq-controller-89] DEBUG c.h.p.o.h.HiveMQPlatformReconcilerErrorHandler - [helmpods] Pod 'test-hivemq-platform-0' condition 'Ready': False
2025-01-29 00:58:28,552 INFO c.h.h.t.HelmChartContainer - [hivemq-test-hivemq-platform] [hivemq-platform-operator] [ea04cc47] 00:58:28.549 [ReconcilerExecutor-hivemq-controller-89] DEBUG c.h.p.o.h.HiveMQPlatformReconcilerErrorHandler - [helmpods] Pod 'test-hivemq-platform-0' condition 'ContainersReady': False
2025-01-29 00:58:28,552 INFO c.h.h.t.HelmChartContainer - [hivemq-test-hivemq-platform] [hivemq-platform-operator] [ea04cc47] 00:58:28.549 [ReconcilerExecutor-hivemq-controller-89] DEBUG c.h.p.o.h.HiveMQPlatformReconcilerErrorHandler - [helmpods] Pod 'test-hivemq-platform-0' condition 'PodScheduled': True
2025-01-29 00:58:28,552 INFO c.h.h.t.HelmChartContainer - [hivemq-test-hivemq-platform] [hivemq-platform-operator] [ea04cc47] 00:58:28.549 [ReconcilerExecutor-hivemq-controller-89] DEBUG c.h.p.o.h.HiveMQPlatformReconcilerErrorHandler - [helmpods] Pod 'test-hivemq-platform-0' containerStatus 'hivemq' (started: false) (ready: false) (waiting: [PodInitializing] null)
2025-01-29 00:58:28,552 INFO c.h.h.t.HelmChartContainer - [hivemq-test-hivemq-platform] [hivemq-platform-operator] [ea04cc47] 00:58:28.550 [ReconcilerExecutor-hivemq-controller-89] INFO  c.h.p.o.h.HiveMQPlatformReconcilerBaseHandler - [helmpods] HiveMQ Platform is starting, 0 of 1 replicas are ready
2025-01-29 00:58:29,355 INFO c.h.h.t.HelmChartContainer - [POD] test-hivemq-platform-0 [a0ef3d25-52eb-454a-8f83-a79007e6cd08] in helmpodsecuritycontextupgradeextensionit was MODIFIED
2025-01-29 00:58:29,371 INFO c.h.h.t.HelmChartContainer - [hivemq-test-hivemq-platform] [hivemq-platform-operator] [ea04cc47] 00:58:29.362 [pool-6-thread-42] DEBUG c.h.p.o.d.PlatformServiceResource - [helmpods] Desired Platform services (3 services)
2025-01-29 00:58:29,374 INFO c.h.h.t.HelmChartContainer - [hivemq-test-hivemq-platform] [hivemq-platform-operator] [ea04cc47] 00:58:29.369 [pool-6-thread-43] DEBUG c.h.p.o.dependants.PodInfoConfigMap - [helmpods] Desired PodInfo ConfigMap (1 extensions) (1 enabled)
2025-01-29 00:58:29,374 INFO c.h.h.t.HelmChartContainer - [hivemq-test-hivemq-platform] [hivemq-platform-operator] [ea04cc47] 00:58:29.369 [pool-6-thread-43] DEBUG c.h.p.o.dependants.PodInfoConfigMap - [helmpods] Desired PodInfo ConfigMap (metrics port: 9399) (metrics path: /)
2025-01-29 00:58:29,374 INFO c.h.h.t.HelmChartContainer - [hivemq-test-hivemq-platform] [hivemq-platform-operator] [ea04cc47] 00:58:29.369 [pool-6-thread-43] DEBUG c.h.p.o.dependants.PodInfoConfigMap - [helmpods] Desired PodInfo ConfigMap (extension state hash: 1904184702)
2025-01-29 00:58:29,375 INFO c.h.h.t.HelmChartContainer - [EVENT] Normal [Started] Started container hivemq [helmpodsecuritycontextupgradeextensionit:test-hivemq-platform-0]
2025-01-29 00:58:29,375 INFO c.h.h.t.HelmChartContainer - Received Started event for container hivemq in pod test-hivemq-platform-0 [a0ef3d25-52eb-454a-8f83-a79007e6cd08]
2025-01-29 00:58:29,376 INFO c.h.h.t.HelmChartContainer - Started log watcher for hivemq in pod test-hivemq-platform-0 [a0ef3d25-52eb-454a-8f83-a79007e6cd08]
2025-01-29 00:58:29,376 INFO c.h.h.t.HelmChartContainer - [test-hivemq-platform] [hivemq] [a0ef3d25] Adding pre-installed HiveMQ Platform Operator extensions
2025-01-29 00:58:29,377 INFO c.h.h.t.HelmChartContainer - [test-hivemq-platform] [hivemq] [a0ef3d25] Running as user 0
2025-01-29 00:58:29,377 INFO c.h.h.t.HelmChartContainer - [test-hivemq-platform] [hivemq] [a0ef3d25] Starting HiveMQ Platform Operator Init
2025-01-29 00:58:29,451 INFO c.h.h.t.HelmChartContainer - [hivemq-test-hivemq-platform] [hivemq-platform-operator] [ea04cc47] 00:58:29.449 [pool-6-thread-47] DEBUG c.h.p.o.d.PodServiceAccountResource - [helmpods] Desired PodServiceAccountResource (serviceAccountName: hivemq-platform-pod-test-hivemq-platform)
2025-01-29 00:58:29,456 INFO c.h.h.t.HelmChartContainer - [hivemq-test-hivemq-platform] [hivemq-platform-operator] [ea04cc47] 00:58:29.453 [pool-6-thread-50] DEBUG c.h.p.o.d.StatefulSetResource - [helmpods] Desired StatefulSet (1 replicas) for status STARTING (READY)
2025-01-29 00:58:29,462 INFO c.h.h.t.HelmChartContainer - [hivemq-test-hivemq-platform] [hivemq-platform-operator] [ea04cc47] 00:58:29.461 [ReconcilerExecutor-hivemq-controller-100] INFO  c.h.p.o.HiveMQPlatformReconciler - [helmpods] Reconciling HiveMQ Platform 'test-hivemq-platform' in namespace 'helmpodsecuritycontextupgradeextensionit'
2025-01-29 00:58:29,463 INFO c.h.h.t.HelmChartContainer - [hivemq-test-hivemq-platform] [hivemq-platform-operator] [ea04cc47] 00:58:29.462 [ReconcilerExecutor-hivemq-controller-100] DEBUG c.h.p.o.HiveMQPlatformReconciler - [helmpods] Custom Resource Status STARTING - HiveMQ Platform is starting (READY)
2025-01-29 00:58:29,465 INFO c.h.h.t.HelmChartContainer - [hivemq-test-hivemq-platform] [hivemq-platform-operator] [ea04cc47] 00:58:29.463 [ReconcilerExecutor-hivemq-controller-100] DEBUG c.h.p.o.HiveMQPlatformReconciler - [helmpods] Custom Resource Spec (replicas: 1) (extensions: 1)
2025-01-29 00:58:29,467 INFO c.h.h.t.HelmChartContainer - [hivemq-test-hivemq-platform] [hivemq-platform-operator] [ea04cc47] 00:58:29.466 [ReconcilerExecutor-hivemq-controller-100] DEBUG c.h.p.o.HiveMQPlatformReconciler - [helmpods] StatefulSet Status (revision: test-hivemq-platform-6778d7488d, replicas: 1, available: 0, ready: 0, current: 1, updated: 1)
2025-01-29 00:58:29,468 INFO c.h.h.t.HelmChartContainer - [hivemq-test-hivemq-platform] [hivemq-platform-operator] [ea04cc47] 00:58:29.466 [ReconcilerExecutor-hivemq-controller-100] DEBUG c.h.p.o.HiveMQPlatformReconciler - [helmpods] StatefulSet Spec (replicas: 1, init containers: 1, containers: 1, volumes: 4)
2025-01-29 00:58:29,552 INFO c.h.h.t.HelmChartContainer - [hivemq-test-hivemq-platform] [hivemq-platform-operator] [ea04cc47] 00:58:29.549 [ReconcilerExecutor-hivemq-controller-100] DEBUG c.h.p.o.h.HiveMQPlatformReconcilerErrorHandler - [helmpods] Pod 'test-hivemq-platform-0' phase Running
2025-01-29 00:58:29,552 INFO c.h.h.t.HelmChartContainer - [hivemq-test-hivemq-platform] [hivemq-platform-operator] [ea04cc47] 00:58:29.550 [ReconcilerExecutor-hivemq-controller-100] INFO  c.h.p.o.h.HiveMQPlatformReconcilerBaseHandler - [helmpods] HiveMQ Platform is starting, 0 of 1 replicas are ready
2025-01-29 00:58:29,604 INFO c.h.h.t.HelmChartContainer - [test-hivemq-platform] [hivemq] [a0ef3d25] INFO  - [HiveMQ Platform Operator Init 1.7.0-SNAPSHOT] HiveMQ Platform Operator Init 1.7.0-SNAPSHOT (commit: bebf408 on branch: HEAD) built on Sun Jan 26 20:47:47 UTC 2025
2025-01-29 00:58:30,768 INFO c.h.h.t.HelmChartContainer - [test-hivemq-platform] [hivemq] [a0ef3d25] INFO  - [HiveMQ Platform Operator Init App 1.7.0-SNAPSHOT] Using bind address 10.42.0.6 from environment variable
2025-01-29 00:58:31,695 INFO c.h.h.t.HelmChartContainer - [test-hivemq-platform] [hivemq] [a0ef3d25] INFO  - [HiveMQ Platform Operator Init App 1.7.0-SNAPSHOT] HiveMQ Platform Operator Init App 1.7.0-SNAPSHOT (commit: bebf408 on branch: HEAD) built on Sun Jan 26 20:47:47 UTC 2025
2025-01-29 00:58:31,695 INFO c.h.h.t.HelmChartContainer - [test-hivemq-platform] [hivemq] [a0ef3d25] INFO  - [HiveMQ Platform Operator Init App 1.7.0-SNAPSHOT] PodInfo ConfigMap directory: /etc/podinfo
2025-01-29 00:58:31,697 INFO c.h.h.t.HelmChartContainer - [test-hivemq-platform] [hivemq] [a0ef3d25] INFO  - [HiveMQ Platform Operator Init App 1.7.0-SNAPSHOT] HiveMQ home directory: /opt/hivemq
2025-01-29 00:58:31,697 INFO c.h.h.t.HelmChartContainer - [test-hivemq-platform] [hivemq] [a0ef3d25] INFO  - [HiveMQ Platform Operator Init App 1.7.0-SNAPSHOT] HiveMQ Logback folder: /opt/hivemq/conf
2025-01-29 00:58:31,697 INFO c.h.h.t.HelmChartContainer - [test-hivemq-platform] [hivemq] [a0ef3d25] INFO  - [HiveMQ Platform Operator Init App 1.7.0-SNAPSHOT] HiveMQ Config folder: /opt/hivemq/conf-k8s
2025-01-29 00:58:31,697 INFO c.h.h.t.HelmChartContainer - [test-hivemq-platform] [hivemq] [a0ef3d25] INFO  - [HiveMQ Platform Operator Init App 1.7.0-SNAPSHOT] Starting HiveMQ Platform Operator Init App
2025-01-29 00:58:31,698 INFO c.h.h.t.HelmChartContainer - [test-hivemq-platform] [hivemq] [a0ef3d25] INFO  - [HiveMQ Platform Operator Init App 1.7.0-SNAPSHOT] Starting Pod reconciler
2025-01-29 00:58:32,898 INFO c.h.h.t.HelmChartContainer - [test-hivemq-platform] [hivemq] [a0ef3d25] INFO  - [HiveMQ Platform Operator Init App 1.7.0-SNAPSHOT] Pod reconciler is scheduled (interval: 5000 ms)
2025-01-29 00:58:32,899 INFO c.h.h.t.HelmChartContainer - [test-hivemq-platform] [hivemq] [a0ef3d25] INFO  - [HiveMQ Platform Operator Init App 1.7.0-SNAPSHOT] Starting the REST API on 10.42.0.6:7979
2025-01-29 00:58:32,901 INFO c.h.h.t.HelmChartContainer - [test-hivemq-platform] [hivemq] [a0ef3d25] INFO  - [HiveMQ Platform Operator Init App 1.7.0-SNAPSHOT] Waiting up to 600s for at most 1 HiveMQ nodes in cluster service hivemq-test-hivemq-platform-cluster.helmpodsecuritycontextupgradeextensionit.svc
2025-01-29 00:58:33,214 INFO c.h.h.t.HelmChartContainer - [test-hivemq-platform] [hivemq] [a0ef3d25] INFO  - [HiveMQ Platform Operator Init App 1.7.0-SNAPSHOT] Resolved 1 IP addresses: [10.42.0.6]
2025-01-29 00:58:33,214 INFO c.h.h.t.HelmChartContainer - [test-hivemq-platform] [hivemq] [a0ef3d25] INFO  - [HiveMQ Platform Operator Init App 1.7.0-SNAPSHOT] HiveMQ node count of 1 is within threshold of 1
2025-01-29 00:58:33,214 INFO c.h.h.t.HelmChartContainer - [test-hivemq-platform] [hivemq] [a0ef3d25] INFO  - [HiveMQ Platform Operator Init App 1.7.0-SNAPSHOT] Proceeding with container start
2025-01-29 00:58:33,307 INFO c.h.h.t.HelmChartContainer - [test-hivemq-platform] [hivemq] [a0ef3d25] INFO  - [HiveMQ Platform Operator Init App 1.7.0-SNAPSHOT] Initializing HiveMQ Platform extensions with initial configuration: {hivemq-distributed-tracing-extension={start-priority=-1, skip-https-hostname-verification=false, restart=false, config-version=516, header-version=0, c-uri=, priority=-1, uri=preinstalled, skip-https-certificate-validation=false, enabled=true}, hivemq-prometheus-extension={start-priority=-1, c-uri=, skip-https-hostname-verification=false, skip-https-certificate-validation=false, uri=preinstalled, request-header-path=no-request-headers, enabled=true, restart=true, priority=-1}}
2025-01-29 00:58:33,709 INFO c.h.h.t.HelmChartContainer - [test-hivemq-platform] [hivemq] [a0ef3d25] INFO  - [HiveMQ Platform Operator Init App 1.7.0-SNAPSHOT] Successfully enabled extension hivemq-distributed-tracing-extension
2025-01-29 00:58:33,801 INFO c.h.h.t.HelmChartContainer - [test-hivemq-platform] [hivemq] [a0ef3d25] INFO  - [HiveMQ Platform Operator Init App 1.7.0-SNAPSHOT] Successfully enabled extension hivemq-prometheus-extension
2025-01-29 00:58:33,802 INFO c.h.h.t.HelmChartContainer - [test-hivemq-platform] [hivemq] [a0ef3d25] INFO  - [HiveMQ Platform Operator Init App 1.7.0-SNAPSHOT] Starting HiveMQ Platform version 4.36.0 (4.36.0)
2025-01-29 00:58:33,804 INFO c.h.h.t.HelmChartContainer - [test-hivemq-platform] [hivemq] [a0ef3d25] INFO  - [HiveMQ Platform Operator Init App 1.7.0-SNAPSHOT] Configuring the HiveMQ Platform
2025-01-29 00:58:33,897 INFO c.h.h.t.HelmChartContainer - [test-hivemq-platform] [hivemq] [a0ef3d25] INFO  - [HiveMQ Platform Operator Init App 1.7.0-SNAPSHOT] Changed logback.xml file scan period to 20 seconds
2025-01-29 00:58:33,992 INFO c.h.h.t.HelmChartContainer - [test-hivemq-platform] [hivemq] [a0ef3d25] INFO  - [HiveMQ Platform Operator Init App 1.7.0-SNAPSHOT] Starting the HiveMQ Platform
2025-01-29 00:58:33,995 INFO c.h.h.t.HelmChartContainer - [test-hivemq-platform] [hivemq] [a0ef3d25] -------------------------------------------------------------------------
2025-01-29 00:58:33,995 INFO c.h.h.t.HelmChartContainer - [test-hivemq-platform] [hivemq] [a0ef3d25] 
2025-01-29 00:58:33,995 INFO c.h.h.t.HelmChartContainer - [test-hivemq-platform] [hivemq] [a0ef3d25]                   _    _  _              __  __   ____
2025-01-29 00:58:33,995 INFO c.h.h.t.HelmChartContainer - [test-hivemq-platform] [hivemq] [a0ef3d25]                  | |  | |(_)            |  \/  | / __ \
2025-01-29 00:58:33,995 INFO c.h.h.t.HelmChartContainer - [test-hivemq-platform] [hivemq] [a0ef3d25]                  | |__| | _ __   __ ___ | \  / || |  | |
2025-01-29 00:58:33,995 INFO c.h.h.t.HelmChartContainer - [test-hivemq-platform] [hivemq] [a0ef3d25]                  |  __  || |\ \ / // _ \| |\/| || |  | |
2025-01-29 00:58:33,995 INFO c.h.h.t.HelmChartContainer - [test-hivemq-platform] [hivemq] [a0ef3d25]                  | |  | || | \ V /|  __/| |  | || |__| |
2025-01-29 00:58:33,995 INFO c.h.h.t.HelmChartContainer - [test-hivemq-platform] [hivemq] [a0ef3d25]                  |_|  |_||_|  \_/  \___||_|  |_| \___\_\
2025-01-29 00:58:33,995 INFO c.h.h.t.HelmChartContainer - [test-hivemq-platform] [hivemq] [a0ef3d25] 
2025-01-29 00:58:33,995 INFO c.h.h.t.HelmChartContainer - [test-hivemq-platform] [hivemq] [a0ef3d25] -------------------------------------------------------------------------
2025-01-29 00:58:33,996 INFO c.h.h.t.HelmChartContainer - [test-hivemq-platform] [hivemq] [a0ef3d25] 
2025-01-29 00:58:33,996 INFO c.h.h.t.HelmChartContainer - [test-hivemq-platform] [hivemq] [a0ef3d25]   HiveMQ Start Script for Linux/Unix v1.14
2025-01-29 00:58:33,996 INFO c.h.h.t.HelmChartContainer - [test-hivemq-platform] [hivemq] [a0ef3d25] 
2025-01-29 00:58:34,024 INFO c.h.h.t.HelmChartContainer - [test-hivemq-platform] [hivemq] [a0ef3d25] -------------------------------------------------------------------------
2025-01-29 00:58:34,024 INFO c.h.h.t.HelmChartContainer - [test-hivemq-platform] [hivemq] [a0ef3d25] 
2025-01-29 00:58:34,024 INFO c.h.h.t.HelmChartContainer - [test-hivemq-platform] [hivemq] [a0ef3d25]   HIVEMQ_HOME: /opt/hivemq
2025-01-29 00:58:34,024 INFO c.h.h.t.HelmChartContainer - [test-hivemq-platform] [hivemq] [a0ef3d25] 
2025-01-29 00:58:34,024 INFO c.h.h.t.HelmChartContainer - [test-hivemq-platform] [hivemq] [a0ef3d25]   JAVA_OPTS: -XX:+UnlockExperimentalVMOptions -XX:InitialRAMPercentage=50 -XX:MaxRAMPercentage=50 -Djava.net.preferIPv4Stack=true --add-opens java.base/java.lang=ALL-UNNAMED --add-opens java.base/java.nio=ALL-UNNAMED --add-opens java.base/sun.nio.ch=ALL-UNNAMED --add-opens jdk.management/com.sun.management.internal=ALL-UNNAMED --add-exports java.base/jdk.internal.misc=ALL-UNNAMED -Djava.security.egd=file:/dev/./urandom -Dcom.sun.management.jmxremote -Dcom.sun.management.jmxremote.port=9010 -Dcom.sun.management.jmxremote.local.only=false -Dcom.sun.management.jmxremote.authenticate=false -Dcom.sun.management.jmxremote.ssl=false -Duser.language=en -Duser.region=US -XX:+CrashOnOutOfMemoryError -XX:+HeapDumpOnOutOfMemoryError
2025-01-29 00:58:34,025 INFO c.h.h.t.HelmChartContainer - [test-hivemq-platform] [hivemq] [a0ef3d25] 
2025-01-29 00:58:34,025 INFO c.h.h.t.HelmChartContainer - [test-hivemq-platform] [hivemq] [a0ef3d25]   JAVA_VERSION: 21
2025-01-29 00:58:34,025 INFO c.h.h.t.HelmChartContainer - [test-hivemq-platform] [hivemq] [a0ef3d25] 
2025-01-29 00:58:34,025 INFO c.h.h.t.HelmChartContainer - [test-hivemq-platform] [hivemq] [a0ef3d25] -------------------------------------------------------------------------
2025-01-29 00:58:34,025 INFO c.h.h.t.HelmChartContainer - [test-hivemq-platform] [hivemq] [a0ef3d25] 
2025-01-29 00:58:35,396 INFO c.h.h.t.HelmChartContainer - [test-hivemq-platform] [hivemq] [a0ef3d25] INFO  - [HiveMQ Platform Operator Init App 1.7.0-SNAPSHOT] Returning default Health API response 503 for readiness
2025-01-29 00:58:35,705 INFO c.h.h.t.HelmChartContainer - [EVENT] Warning [Unhealthy] Readiness probe failed: HTTP probe failed with statuscode: 503 [helmpodsecuritycontextupgradeextensionit:test-hivemq-platform-0]
2025-01-29 00:58:35,705 INFO c.h.h.t.HelmChartContainer - Received Unhealthy event for container hivemq in pod test-hivemq-platform-0 [a0ef3d25-52eb-454a-8f83-a79007e6cd08]
2025-01-29 00:58:36,698 INFO c.h.h.t.HelmChartContainer - [test-hivemq-platform] [hivemq] [a0ef3d25] INFO  - Starting HiveMQ Enterprise Server
2025-01-29 00:58:36,704 INFO c.h.h.t.HelmChartContainer - [test-hivemq-platform] [hivemq] [a0ef3d25] INFO  - HiveMQ version: 4.36.0
2025-01-29 00:58:36,704 INFO c.h.h.t.HelmChartContainer - [test-hivemq-platform] [hivemq] [a0ef3d25] INFO  - HiveMQ home directory: /opt/hivemq
2025-01-29 00:58:36,704 INFO c.h.h.t.HelmChartContainer - [test-hivemq-platform] [hivemq] [a0ef3d25] INFO  - Log Configuration was overridden by /opt/hivemq/conf/logback.xml
2025-01-29 00:58:38,094 INFO c.h.h.t.HelmChartContainer - [test-hivemq-platform] [hivemq] [a0ef3d25] INFO  - Successfully loaded configuration from '/opt/hivemq/conf-k8s/config.xml'.
2025-01-29 00:58:38,796 INFO c.h.h.t.HelmChartContainer - [test-hivemq-platform] [hivemq] [a0ef3d25] INFO  - This node's ID is 9dYyg
2025-01-29 00:58:38,796 INFO c.h.h.t.HelmChartContainer - [test-hivemq-platform] [hivemq] [a0ef3d25] INFO  - Clustering is enabled
2025-01-29 00:58:39,558 INFO c.h.h.t.HelmChartContainer - [hivemq-test-hivemq-platform] [hivemq-platform-operator] [ea04cc47] 00:58:39.554 [pool-6-thread-8] DEBUG c.h.p.o.d.PlatformServiceResource - [helmpods] Desired Platform services (3 services)
2025-01-29 00:58:39,559 INFO c.h.h.t.HelmChartContainer - [hivemq-test-hivemq-platform] [hivemq-platform-operator] [ea04cc47] 00:58:39.556 [pool-6-thread-6] DEBUG c.h.p.o.dependants.PodInfoConfigMap - [helmpods] Desired PodInfo ConfigMap (1 extensions) (1 enabled)
2025-01-29 00:58:39,559 INFO c.h.h.t.HelmChartContainer - [hivemq-test-hivemq-platform] [hivemq-platform-operator] [ea04cc47] 00:58:39.556 [pool-6-thread-6] DEBUG c.h.p.o.dependants.PodInfoConfigMap - [helmpods] Desired PodInfo ConfigMap (metrics port: 9399) (metrics path: /)
2025-01-29 00:58:39,559 INFO c.h.h.t.HelmChartContainer - [hivemq-test-hivemq-platform] [hivemq-platform-operator] [ea04cc47] 00:58:39.556 [pool-6-thread-6] DEBUG c.h.p.o.dependants.PodInfoConfigMap - [helmpods] Desired PodInfo ConfigMap (extension state hash: 1904184702)
2025-01-29 00:58:39,561 INFO c.h.h.t.HelmChartContainer - [hivemq-test-hivemq-platform] [hivemq-platform-operator] [ea04cc47] 00:58:39.560 [pool-6-thread-3] DEBUG c.h.p.o.d.PodServiceAccountResource - [helmpods] Desired PodServiceAccountResource (serviceAccountName: hivemq-platform-pod-test-hivemq-platform)
2025-01-29 00:58:39,567 INFO c.h.h.t.HelmChartContainer - [hivemq-test-hivemq-platform] [hivemq-platform-operator] [ea04cc47] 00:58:39.566 [pool-6-thread-8] DEBUG c.h.p.o.d.StatefulSetResource - [helmpods] Desired StatefulSet (1 replicas) for status STARTING (READY)
2025-01-29 00:58:39,651 INFO c.h.h.t.HelmChartContainer - [hivemq-test-hivemq-platform] [hivemq-platform-operator] [ea04cc47] 00:58:39.649 [ReconcilerExecutor-hivemq-controller-111] INFO  c.h.p.o.HiveMQPlatformReconciler - [helmpods] Reconciling HiveMQ Platform 'test-hivemq-platform' in namespace 'helmpodsecuritycontextupgradeextensionit'
2025-01-29 00:58:39,651 INFO c.h.h.t.HelmChartContainer - [hivemq-test-hivemq-platform] [hivemq-platform-operator] [ea04cc47] 00:58:39.649 [ReconcilerExecutor-hivemq-controller-111] DEBUG c.h.p.o.HiveMQPlatformReconciler - [helmpods] Custom Resource Status STARTING - HiveMQ Platform is starting (READY)
2025-01-29 00:58:39,651 INFO c.h.h.t.HelmChartContainer - [hivemq-test-hivemq-platform] [hivemq-platform-operator] [ea04cc47] 00:58:39.649 [ReconcilerExecutor-hivemq-controller-111] DEBUG c.h.p.o.HiveMQPlatformReconciler - [helmpods] Custom Resource Spec (replicas: 1) (extensions: 1)
2025-01-29 00:58:39,653 INFO c.h.h.t.HelmChartContainer - [hivemq-test-hivemq-platform] [hivemq-platform-operator] [ea04cc47] 00:58:39.651 [ReconcilerExecutor-hivemq-controller-111] DEBUG c.h.p.o.HiveMQPlatformReconciler - [helmpods] StatefulSet Status (revision: test-hivemq-platform-6778d7488d, replicas: 1, available: 0, ready: 0, current: 1, updated: 1)
2025-01-29 00:58:39,653 INFO c.h.h.t.HelmChartContainer - [hivemq-test-hivemq-platform] [hivemq-platform-operator] [ea04cc47] 00:58:39.652 [ReconcilerExecutor-hivemq-controller-111] DEBUG c.h.p.o.HiveMQPlatformReconciler - [helmpods] StatefulSet Spec (replicas: 1, init containers: 1, containers: 1, volumes: 4)
2025-01-29 00:58:39,655 INFO c.h.h.t.HelmChartContainer - [hivemq-test-hivemq-platform] [hivemq-platform-operator] [ea04cc47] 00:58:39.654 [ReconcilerExecutor-hivemq-controller-111] DEBUG c.h.p.o.h.HiveMQPlatformReconcilerErrorHandler - [helmpods] Pod 'test-hivemq-platform-0' phase Running
2025-01-29 00:58:39,657 INFO c.h.h.t.HelmChartContainer - [hivemq-test-hivemq-platform] [hivemq-platform-operator] [ea04cc47] 00:58:39.655 [ReconcilerExecutor-hivemq-controller-111] INFO  c.h.p.o.h.HiveMQPlatformReconcilerBaseHandler - [helmpods] HiveMQ Platform is starting, 0 of 1 replicas are ready
2025-01-29 00:58:40,700 INFO c.h.h.t.HelmChartContainer - [test-hivemq-platform] [hivemq] [a0ef3d25] WARN  - [HiveMQ Platform Operator Init App 1.7.0-SNAPSHOT] Cannot connect to Health API for readiness: null
2025-01-29 00:58:40,706 INFO c.h.h.t.HelmChartContainer - [EVENT] Warning [Unhealthy] Readiness probe failed: HTTP probe failed with statuscode: 503 [helmpodsecuritycontextupgradeextensionit:test-hivemq-platform-0]
2025-01-29 00:58:40,706 INFO c.h.h.t.HelmChartContainer - Received Unhealthy event for container hivemq in pod test-hivemq-platform-0 [a0ef3d25-52eb-454a-8f83-a79007e6cd08]
2025-01-29 00:58:43,392 INFO c.h.h.t.HelmChartContainer - [test-hivemq-platform] [hivemq] [a0ef3d25] Jan 29, 2025 12:58:43 AM io.vertx.core.impl.BlockedThreadChecker
2025-01-29 00:58:43,392 INFO c.h.h.t.HelmChartContainer - [test-hivemq-platform] [hivemq] [a0ef3d25] WARNING: Thread Thread[vert.x-eventloop-thread-1,5,main] has been blocked for 2295 ms, time limit is 2000 ms
2025-01-29 00:58:44,101 INFO c.h.h.t.HelmChartContainer - [test-hivemq-platform] [hivemq] [a0ef3d25] INFO  - [HiveMQ Platform Operator Init App 1.7.0-SNAPSHOT] Updating Pod HiveMQ Platform Operator Init App version annotation (version: 1.7.0-SNAPSHOT)
2025-01-29 00:58:44,710 INFO c.h.h.t.HelmChartContainer - [POD] test-hivemq-platform-0 [a0ef3d25-52eb-454a-8f83-a79007e6cd08] in helmpodsecuritycontextupgradeextensionit was MODIFIED
2025-01-29 00:58:44,793 INFO c.h.h.t.HelmChartContainer - [test-hivemq-platform] [hivemq] [a0ef3d25] WARN  - [HiveMQ Platform Operator Init App 1.7.0-SNAPSHOT] Cannot connect to Health API for readiness: null
2025-01-29 00:58:44,798 INFO c.h.h.t.HelmChartContainer - [hivemq-test-hivemq-platform] [hivemq-platform-operator] [ea04cc47] 00:58:44.797 [pool-6-thread-14] DEBUG c.h.p.o.d.PlatformServiceResource - [helmpods] Desired Platform services (3 services)
2025-01-29 00:58:44,803 INFO c.h.h.t.HelmChartContainer - [hivemq-test-hivemq-platform] [hivemq-platform-operator] [ea04cc47] 00:58:44.800 [pool-6-thread-16] DEBUG c.h.p.o.dependants.PodInfoConfigMap - [helmpods] Desired PodInfo ConfigMap (1 extensions) (1 enabled)
2025-01-29 00:58:44,804 INFO c.h.h.t.HelmChartContainer - [EVENT] Warning [Unhealthy] Readiness probe failed: HTTP probe failed with statuscode: 503 [helmpodsecuritycontextupgradeextensionit:test-hivemq-platform-0]
2025-01-29 00:58:44,804 INFO c.h.h.t.HelmChartContainer - Received Unhealthy event for container hivemq in pod test-hivemq-platform-0 [a0ef3d25-52eb-454a-8f83-a79007e6cd08]
2025-01-29 00:58:44,807 INFO c.h.h.t.HelmChartContainer - [hivemq-test-hivemq-platform] [hivemq-platform-operator] [ea04cc47] 00:58:44.803 [pool-6-thread-16] DEBUG c.h.p.o.dependants.PodInfoConfigMap - [helmpods] Desired PodInfo ConfigMap (metrics port: 9399) (metrics path: /)
2025-01-29 00:58:44,808 INFO c.h.h.t.HelmChartContainer - [hivemq-test-hivemq-platform] [hivemq-platform-operator] [ea04cc47] 00:58:44.803 [pool-6-thread-16] DEBUG c.h.p.o.dependants.PodInfoConfigMap - [helmpods] Desired PodInfo ConfigMap (extension state hash: 1904184702)
2025-01-29 00:58:44,808 INFO c.h.h.t.HelmChartContainer - [hivemq-test-hivemq-platform] [hivemq-platform-operator] [ea04cc47] 00:58:44.805 [pool-6-thread-19] DEBUG c.h.p.o.d.PodServiceAccountResource - [helmpods] Desired PodServiceAccountResource (serviceAccountName: hivemq-platform-pod-test-hivemq-platform)
2025-01-29 00:58:44,812 INFO c.h.h.t.HelmChartContainer - [hivemq-test-hivemq-platform] [hivemq-platform-operator] [ea04cc47] 00:58:44.811 [pool-6-thread-20] DEBUG c.h.p.o.d.StatefulSetResource - [helmpods] Desired StatefulSet (1 replicas) for status STARTING (READY)
2025-01-29 00:58:44,817 INFO c.h.h.t.HelmChartContainer - [hivemq-test-hivemq-platform] [hivemq-platform-operator] [ea04cc47] 00:58:44.816 [ReconcilerExecutor-hivemq-controller-112] INFO  c.h.p.o.HiveMQPlatformReconciler - [helmpods] Reconciling HiveMQ Platform 'test-hivemq-platform' in namespace 'helmpodsecuritycontextupgradeextensionit'
2025-01-29 00:58:44,818 INFO c.h.h.t.HelmChartContainer - [hivemq-test-hivemq-platform] [hivemq-platform-operator] [ea04cc47] 00:58:44.817 [ReconcilerExecutor-hivemq-controller-112] DEBUG c.h.p.o.HiveMQPlatformReconciler - [helmpods] Custom Resource Status STARTING - HiveMQ Platform is starting (READY)
2025-01-29 00:58:44,818 INFO c.h.h.t.HelmChartContainer - [hivemq-test-hivemq-platform] [hivemq-platform-operator] [ea04cc47] 00:58:44.817 [ReconcilerExecutor-hivemq-controller-112] DEBUG c.h.p.o.HiveMQPlatformReconciler - [helmpods] Custom Resource Spec (replicas: 1) (extensions: 1)
2025-01-29 00:58:44,843 INFO c.h.h.t.HelmChartContainer - [hivemq-test-hivemq-platform] [hivemq-platform-operator] [ea04cc47] 00:58:44.842 [ReconcilerExecutor-hivemq-controller-112] DEBUG c.h.p.o.HiveMQPlatformReconciler - [helmpods] StatefulSet Status (revision: test-hivemq-platform-6778d7488d, replicas: 1, available: 0, ready: 0, current: 1, updated: 1)
2025-01-29 00:58:44,843 INFO c.h.h.t.HelmChartContainer - [hivemq-test-hivemq-platform] [hivemq-platform-operator] [ea04cc47] 00:58:44.842 [ReconcilerExecutor-hivemq-controller-112] DEBUG c.h.p.o.HiveMQPlatformReconciler - [helmpods] StatefulSet Spec (replicas: 1, init containers: 1, containers: 1, volumes: 4)
2025-01-29 00:58:44,849 INFO c.h.h.t.HelmChartContainer - [hivemq-test-hivemq-platform] [hivemq-platform-operator] [ea04cc47] 00:58:44.844 [ReconcilerExecutor-hivemq-controller-112] DEBUG c.h.p.o.h.HiveMQPlatformReconcilerErrorHandler - [helmpods] Pod 'test-hivemq-platform-0' phase Running
2025-01-29 00:58:44,850 INFO c.h.h.t.HelmChartContainer - [hivemq-test-hivemq-platform] [hivemq-platform-operator] [ea04cc47] 00:58:44.849 [ReconcilerExecutor-hivemq-controller-112] INFO  c.h.p.o.h.HiveMQPlatformReconcilerBaseHandler - [helmpods] HiveMQ Platform is starting, 0 of 1 replicas are ready
2025-01-29 00:58:44,858 INFO c.h.h.t.HelmChartContainer - [test-hivemq-platform] [hivemq] [a0ef3d25] INFO  - [HiveMQ Platform Operator Init App 1.7.0-SNAPSHOT] Successfully updated Pod HiveMQ Platform Operator Init App version annotation (version: 1.7.0-SNAPSHOT)
2025-01-29 00:58:49,759 INFO c.h.h.t.HelmChartContainer - [test-hivemq-platform] [hivemq] [a0ef3d25] WARN  - [HiveMQ Platform Operator Init App 1.7.0-SNAPSHOT] Cannot connect to Health API for readiness: null
2025-01-29 00:58:49,763 INFO c.h.h.t.HelmChartContainer - [EVENT] Warning [Unhealthy] Readiness probe failed: HTTP probe failed with statuscode: 503 [helmpodsecuritycontextupgradeextensionit:test-hivemq-platform-0]
2025-01-29 00:58:49,763 INFO c.h.h.t.HelmChartContainer - Received Unhealthy event for container hivemq in pod test-hivemq-platform-0 [a0ef3d25-52eb-454a-8f83-a79007e6cd08]
2025-01-29 00:58:54,794 INFO c.h.h.t.HelmChartContainer - [test-hivemq-platform] [hivemq] [a0ef3d25] WARN  - [HiveMQ Platform Operator Init App 1.7.0-SNAPSHOT] Cannot connect to Health API for readiness: null
2025-01-29 00:58:54,800 INFO c.h.h.t.HelmChartContainer - [EVENT] Warning [Unhealthy] Readiness probe failed: HTTP probe failed with statuscode: 503 [helmpodsecuritycontextupgradeextensionit:test-hivemq-platform-0]
2025-01-29 00:58:54,800 INFO c.h.h.t.HelmChartContainer - Received Unhealthy event for container hivemq in pod test-hivemq-platform-0 [a0ef3d25-52eb-454a-8f83-a79007e6cd08]
2025-01-29 00:58:54,856 INFO c.h.h.t.HelmChartContainer - [hivemq-test-hivemq-platform] [hivemq-platform-operator] [ea04cc47] 00:58:54.853 [pool-6-thread-21] DEBUG c.h.p.o.d.PlatformServiceResource - [helmpods] Desired Platform services (3 services)
2025-01-29 00:58:54,858 INFO c.h.h.t.HelmChartContainer - [hivemq-test-hivemq-platform] [hivemq-platform-operator] [ea04cc47] 00:58:54.855 [pool-6-thread-27] DEBUG c.h.p.o.dependants.PodInfoConfigMap - [helmpods] Desired PodInfo ConfigMap (1 extensions) (1 enabled)
2025-01-29 00:58:54,859 INFO c.h.h.t.HelmChartContainer - [hivemq-test-hivemq-platform] [hivemq-platform-operator] [ea04cc47] 00:58:54.858 [pool-6-thread-27] DEBUG c.h.p.o.dependants.PodInfoConfigMap - [helmpods] Desired PodInfo ConfigMap (metrics port: 9399) (metrics path: /)
2025-01-29 00:58:54,859 INFO c.h.h.t.HelmChartContainer - [hivemq-test-hivemq-platform] [hivemq-platform-operator] [ea04cc47] 00:58:54.855 [pool-6-thread-24] DEBUG c.h.p.o.d.PodServiceAccountResource - [helmpods] Desired PodServiceAccountResource (serviceAccountName: hivemq-platform-pod-test-hivemq-platform)
2025-01-29 00:58:54,859 INFO c.h.h.t.HelmChartContainer - [hivemq-test-hivemq-platform] [hivemq-platform-operator] [ea04cc47] 00:58:54.858 [pool-6-thread-27] DEBUG c.h.p.o.dependants.PodInfoConfigMap - [helmpods] Desired PodInfo ConfigMap (extension state hash: 1904184702)
2025-01-29 00:58:54,864 INFO c.h.h.t.HelmChartContainer - [hivemq-test-hivemq-platform] [hivemq-platform-operator] [ea04cc47] 00:58:54.863 [pool-6-thread-21] DEBUG c.h.p.o.d.StatefulSetResource - [helmpods] Desired StatefulSet (1 replicas) for status STARTING (READY)
2025-01-29 00:58:54,954 INFO c.h.h.t.HelmChartContainer - [hivemq-test-hivemq-platform] [hivemq-platform-operator] [ea04cc47] 00:58:54.952 [ReconcilerExecutor-hivemq-controller-113] INFO  c.h.p.o.HiveMQPlatformReconciler - [helmpods] Reconciling HiveMQ Platform 'test-hivemq-platform' in namespace 'helmpodsecuritycontextupgradeextensionit'
2025-01-29 00:58:54,954 INFO c.h.h.t.HelmChartContainer - [hivemq-test-hivemq-platform] [hivemq-platform-operator] [ea04cc47] 00:58:54.952 [ReconcilerExecutor-hivemq-controller-113] DEBUG c.h.p.o.HiveMQPlatformReconciler - [helmpods] Custom Resource Status STARTING - HiveMQ Platform is starting (READY)
2025-01-29 00:58:54,954 INFO c.h.h.t.HelmChartContainer - [hivemq-test-hivemq-platform] [hivemq-platform-operator] [ea04cc47] 00:58:54.952 [ReconcilerExecutor-hivemq-controller-113] DEBUG c.h.p.o.HiveMQPlatformReconciler - [helmpods] Custom Resource Spec (replicas: 1) (extensions: 1)
2025-01-29 00:58:54,961 INFO c.h.h.t.HelmChartContainer - [hivemq-test-hivemq-platform] [hivemq-platform-operator] [ea04cc47] 00:58:54.955 [ReconcilerExecutor-hivemq-controller-113] DEBUG c.h.p.o.HiveMQPlatformReconciler - [helmpods] StatefulSet Status (revision: test-hivemq-platform-6778d7488d, replicas: 1, available: 0, ready: 0, current: 1, updated: 1)
2025-01-29 00:58:54,961 INFO c.h.h.t.HelmChartContainer - [hivemq-test-hivemq-platform] [hivemq-platform-operator] [ea04cc47] 00:58:54.955 [ReconcilerExecutor-hivemq-controller-113] DEBUG c.h.p.o.HiveMQPlatformReconciler - [helmpods] StatefulSet Spec (replicas: 1, init containers: 1, containers: 1, volumes: 4)
2025-01-29 00:58:54,961 INFO c.h.h.t.HelmChartContainer - [hivemq-test-hivemq-platform] [hivemq-platform-operator] [ea04cc47] 00:58:54.956 [ReconcilerExecutor-hivemq-controller-113] DEBUG c.h.p.o.h.HiveMQPlatformReconcilerErrorHandler - [helmpods] Pod 'test-hivemq-platform-0' phase Running
2025-01-29 00:58:54,961 INFO c.h.h.t.HelmChartContainer - [hivemq-test-hivemq-platform] [hivemq-platform-operator] [ea04cc47] 00:58:54.957 [ReconcilerExecutor-hivemq-controller-113] INFO  c.h.p.o.h.HiveMQPlatformReconcilerBaseHandler - [helmpods] HiveMQ Platform is starting, 0 of 1 replicas are ready
2025-01-29 00:58:56,097 INFO c.h.h.t.HelmChartContainer - [test-hivemq-platform] [hivemq] [a0ef3d25] INFO  - No valid license file found. Using trial license, restricted to 25 connections.
2025-01-29 00:58:57,895 INFO c.h.h.t.HelmChartContainer - [test-hivemq-platform] [hivemq] [a0ef3d25] WARN  - [HiveMQ Platform Operator Init App 1.7.0-SNAPSHOT] Cannot connect to Health API for liveness: null
2025-01-29 00:58:57,896 INFO c.h.h.t.HelmChartContainer - [test-hivemq-platform] [hivemq] [a0ef3d25] INFO  - [HiveMQ Platform Operator Init App 1.7.0-SNAPSHOT] Returning default Health API response 200 for liveness
2025-01-29 00:58:59,598 INFO c.h.h.t.HelmChartContainer - [test-hivemq-platform] [hivemq] [a0ef3d25] INFO  - No valid license file for Data Hub found. Using free license, restricted to 1 policy.
2025-01-29 00:58:59,798 INFO c.h.h.t.HelmChartContainer - [test-hivemq-platform] [hivemq] [a0ef3d25] WARN  - [HiveMQ Platform Operator Init App 1.7.0-SNAPSHOT] Cannot connect to Health API for readiness: null
2025-01-29 00:58:59,803 INFO c.h.h.t.HelmChartContainer - [EVENT] Warning [Unhealthy] Readiness probe failed: HTTP probe failed with statuscode: 503 [helmpodsecuritycontextupgradeextensionit:test-hivemq-platform-0]
2025-01-29 00:58:59,803 INFO c.h.h.t.HelmChartContainer - Received Unhealthy event for container hivemq in pod test-hivemq-platform-0 [a0ef3d25-52eb-454a-8f83-a79007e6cd08]
2025-01-29 00:59:00,792 INFO c.h.h.t.HelmChartContainer - [test-hivemq-platform] [hivemq] [a0ef3d25] INFO  - Audit Logger started.
2025-01-29 00:59:01,027 INFO c.h.h.t.HelmChartContainer - [test-hivemq-platform] [hivemq] [a0ef3d25] INFO  - This node uses '1' CPU cores.
2025-01-29 00:59:01,093 INFO c.h.h.t.HelmChartContainer - [test-hivemq-platform] [hivemq] [a0ef3d25] INFO  - Starting HiveMQ Health API on address 0.0.0.0 and port 8889
2025-01-29 00:59:01,800 INFO c.h.h.t.HelmChartContainer - [test-hivemq-platform] [hivemq] [a0ef3d25] INFO  - Started HiveMQ Health API in 707ms
2025-01-29 00:59:02,316 INFO c.h.h.t.HelmChartContainer - [test-hivemq-platform] [hivemq] [a0ef3d25] INFO  - Starting HiveMQ extension system.
2025-01-29 00:59:03,907 INFO c.h.h.t.HelmChartContainer - [test-hivemq-platform] [hivemq] [a0ef3d25] INFO  - No license found for enterprise extension with name "HiveMQ Enterprise Distributed Tracing Extension". Entering extension trial mode. "HiveMQ Enterprise Distributed Tracing Extension" will be disabled in 5 hours.
2025-01-29 00:59:04,100 INFO c.h.h.t.HelmChartContainer - [test-hivemq-platform] [hivemq] [a0ef3d25] INFO  - Starting extension with id "hivemq-dns-cluster-discovery" at /opt/hivemq/extensions/hivemq-dns-cluster-discovery
2025-01-29 00:59:04,597 INFO c.h.h.t.HelmChartContainer - [test-hivemq-platform] [hivemq] [a0ef3d25] INFO  - Extension "DNS Cluster Discovery Extension" version 4.3.2 started successfully.
2025-01-29 00:59:04,598 INFO c.h.h.t.HelmChartContainer - [test-hivemq-platform] [hivemq] [a0ef3d25] INFO  - Starting extension with id "hivemq-distributed-tracing-extension" at /opt/hivemq/extensions/hivemq-distributed-tracing-extension
2025-01-29 00:59:04,599 INFO c.h.h.t.HelmChartContainer - [test-hivemq-platform] [hivemq] [a0ef3d25] INFO  - Using TCP cluster transport on address 10.42.0.6 and port 7000
2025-01-29 00:59:04,696 INFO c.h.h.t.HelmChartContainer - [test-hivemq-platform] [hivemq] [a0ef3d25] INFO  - Using extension cluster discovery
2025-01-29 00:59:04,966 INFO c.h.h.t.HelmChartContainer - [hivemq-test-hivemq-platform] [hivemq-platform-operator] [ea04cc47] 00:59:04.961 [pool-6-thread-37] DEBUG c.h.p.o.d.PlatformServiceResource - [helmpods] Desired Platform services (3 services)
2025-01-29 00:59:04,966 INFO c.h.h.t.HelmChartContainer - [hivemq-test-hivemq-platform] [hivemq-platform-operator] [ea04cc47] 00:59:04.962 [pool-6-thread-36] DEBUG c.h.p.o.dependants.PodInfoConfigMap - [helmpods] Desired PodInfo ConfigMap (1 extensions) (1 enabled)
2025-01-29 00:59:04,966 INFO c.h.h.t.HelmChartContainer - [hivemq-test-hivemq-platform] [hivemq-platform-operator] [ea04cc47] 00:59:04.962 [pool-6-thread-36] DEBUG c.h.p.o.dependants.PodInfoConfigMap - [helmpods] Desired PodInfo ConfigMap (metrics port: 9399) (metrics path: /)
2025-01-29 00:59:04,966 INFO c.h.h.t.HelmChartContainer - [hivemq-test-hivemq-platform] [hivemq-platform-operator] [ea04cc47] 00:59:04.962 [pool-6-thread-36] DEBUG c.h.p.o.dependants.PodInfoConfigMap - [helmpods] Desired PodInfo ConfigMap (extension state hash: 1904184702)
2025-01-29 00:59:04,966 INFO c.h.h.t.HelmChartContainer - [hivemq-test-hivemq-platform] [hivemq-platform-operator] [ea04cc47] 00:59:04.964 [pool-6-thread-36] DEBUG c.h.p.o.d.PodServiceAccountResource - [helmpods] Desired PodServiceAccountResource (serviceAccountName: hivemq-platform-pod-test-hivemq-platform)
2025-01-29 00:59:04,972 INFO c.h.h.t.HelmChartContainer - [hivemq-test-hivemq-platform] [hivemq-platform-operator] [ea04cc47] 00:59:04.970 [pool-6-thread-37] DEBUG c.h.p.o.d.StatefulSetResource - [helmpods] Desired StatefulSet (1 replicas) for status STARTING (READY)
2025-01-29 00:59:04,975 INFO c.h.h.t.HelmChartContainer - [hivemq-test-hivemq-platform] [hivemq-platform-operator] [ea04cc47] 00:59:04.974 [ReconcilerExecutor-hivemq-controller-114] INFO  c.h.p.o.HiveMQPlatformReconciler - [helmpods] Reconciling HiveMQ Platform 'test-hivemq-platform' in namespace 'helmpodsecuritycontextupgradeextensionit'
2025-01-29 00:59:04,976 INFO c.h.h.t.HelmChartContainer - [hivemq-test-hivemq-platform] [hivemq-platform-operator] [ea04cc47] 00:59:04.975 [ReconcilerExecutor-hivemq-controller-114] DEBUG c.h.p.o.HiveMQPlatformReconciler - [helmpods] Custom Resource Status STARTING - HiveMQ Platform is starting (READY)
2025-01-29 00:59:04,976 INFO c.h.h.t.HelmChartContainer - [hivemq-test-hivemq-platform] [hivemq-platform-operator] [ea04cc47] 00:59:04.975 [ReconcilerExecutor-hivemq-controller-114] DEBUG c.h.p.o.HiveMQPlatformReconciler - [helmpods] Custom Resource Spec (replicas: 1) (extensions: 1)
2025-01-29 00:59:04,977 INFO c.h.h.t.HelmChartContainer - [hivemq-test-hivemq-platform] [hivemq-platform-operator] [ea04cc47] 00:59:04.977 [ReconcilerExecutor-hivemq-controller-114] DEBUG c.h.p.o.HiveMQPlatformReconciler - [helmpods] StatefulSet Status (revision: test-hivemq-platform-6778d7488d, replicas: 1, available: 0, ready: 0, current: 1, updated: 1)
2025-01-29 00:59:04,977 INFO c.h.h.t.HelmChartContainer - [hivemq-test-hivemq-platform] [hivemq-platform-operator] [ea04cc47] 00:59:04.977 [ReconcilerExecutor-hivemq-controller-114] DEBUG c.h.p.o.HiveMQPlatformReconciler - [helmpods] StatefulSet Spec (replicas: 1, init containers: 1, containers: 1, volumes: 4)
2025-01-29 00:59:04,980 INFO c.h.h.t.HelmChartContainer - [hivemq-test-hivemq-platform] [hivemq-platform-operator] [ea04cc47] 00:59:04.978 [ReconcilerExecutor-hivemq-controller-114] DEBUG c.h.p.o.h.HiveMQPlatformReconcilerErrorHandler - [helmpods] Pod 'test-hivemq-platform-0' phase Running
2025-01-29 00:59:04,980 INFO c.h.h.t.HelmChartContainer - [hivemq-test-hivemq-platform] [hivemq-platform-operator] [ea04cc47] 00:59:04.979 [ReconcilerExecutor-hivemq-controller-114] INFO  c.h.p.o.h.HiveMQPlatformReconcilerBaseHandler - [helmpods] HiveMQ Platform is starting, 0 of 1 replicas are ready
2025-01-29 00:59:05,752 INFO c.h.h.t.HelmChartContainer - [EVENT] Warning [Unhealthy] Readiness probe failed: Get "http://10.42.0.6:7979/readiness": context deadline exceeded (Client.Timeout exceeded while awaiting headers) [helmpodsecuritycontextupgradeextensionit:test-hivemq-platform-0]
2025-01-29 00:59:05,752 INFO c.h.h.t.HelmChartContainer - Received Unhealthy event for container hivemq in pod test-hivemq-platform-0 [a0ef3d25-52eb-454a-8f83-a79007e6cd08]
2025-01-29 00:59:06,195 INFO c.h.h.t.HelmChartContainer - [test-hivemq-platform] [hivemq] [a0ef3d25] INFO  - [HiveMQ Platform Operator Init App 1.7.0-SNAPSHOT] Returning Health API response 503 for readiness
2025-01-29 00:59:07,400 INFO c.h.h.t.HelmChartContainer - [test-hivemq-platform] [hivemq] [a0ef3d25] INFO  - HiveMQ Enterprise Distributed Tracing Extension: Successfully loaded configuration from '/opt/hivemq/extensions/hivemq-distributed-tracing-extension/conf/config.xml'.
2025-01-29 00:59:07,404 INFO c.h.h.t.HelmChartContainer - [test-hivemq-platform] [hivemq] [a0ef3d25] INFO  - HiveMQ Enterprise Distributed Tracing Extension: Configured OTLP gRPC exporter 'my-otlp-grpc-exporter'.
2025-01-29 00:59:07,501 INFO c.h.h.t.HelmChartContainer - [test-hivemq-platform] [hivemq] [a0ef3d25] INFO  - HiveMQ Enterprise Distributed Tracing Extension: Configured W3C trace propagation.
2025-01-29 00:59:07,503 INFO c.h.h.t.HelmChartContainer - [test-hivemq-platform] [hivemq] [a0ef3d25] INFO  - Extension "HiveMQ Enterprise Distributed Tracing Extension" version 4.36.0 started successfully.
2025-01-29 00:59:07,503 INFO c.h.h.testcontainer.LogWaiterUtil - TEST Found log pattern on 'test-hivemq-platform-0': .*Extension "HiveMQ Enterprise Distributed Tracing Extension" version .* started successfully.
2025-01-29 00:59:07,504 INFO c.h.h.t.HelmChartContainer - [test-hivemq-platform] [hivemq] [a0ef3d25] INFO  - Starting extension with id "hivemq-prometheus-extension" at /opt/hivemq/extensions/hivemq-prometheus-extension
2025-01-29 00:59:07,805 INFO c.h.h.t.HelmChartContainer - [test-hivemq-platform] [hivemq] [a0ef3d25] INFO  - 9dYyg: no members discovered after 2403 ms: creating cluster as first member
2025-01-29 00:59:07,893 INFO c.h.h.t.HelmChartContainer - [test-hivemq-platform] [hivemq] [a0ef3d25] INFO  - Cluster nodes found by discovery: [9dYyg|0] (1) [9dYyg].
2025-01-29 00:59:07,899 INFO c.h.h.t.HelmChartContainer - [test-hivemq-platform] [hivemq] [a0ef3d25] INFO  - Started Jetty Server exposing Prometheus Servlet on URI http://0.0.0.0:9399/
2025-01-29 00:59:07,900 INFO c.h.h.t.HelmChartContainer - [test-hivemq-platform] [hivemq] [a0ef3d25] INFO  - Extension "Prometheus Monitoring Extension" version 4.0.12 started successfully.
2025-01-29 00:59:07,900 INFO c.h.h.t.HelmChartContainer - [test-hivemq-platform] [hivemq] [a0ef3d25] INFO  - Starting extension with id "hivemq-allow-all-extension" at /opt/hivemq/extensions/hivemq-allow-all-extension
2025-01-29 00:59:07,900 INFO c.h.h.t.HelmChartContainer - [test-hivemq-platform] [hivemq] [a0ef3d25] WARN  - 
2025-01-29 00:59:07,900 INFO c.h.h.t.HelmChartContainer - [test-hivemq-platform] [hivemq] [a0ef3d25] ################################################################################################################
2025-01-29 00:59:07,900 INFO c.h.h.t.HelmChartContainer - [test-hivemq-platform] [hivemq] [a0ef3d25] # This HiveMQ deployment is not secure! You are lacking Authentication and Authorization.                      #
2025-01-29 00:59:07,900 INFO c.h.h.t.HelmChartContainer - [test-hivemq-platform] [hivemq] [a0ef3d25] # Right now any MQTT client can connect to the broker with a full set of permissions.                          #
2025-01-29 00:59:07,900 INFO c.h.h.t.HelmChartContainer - [test-hivemq-platform] [hivemq] [a0ef3d25] # For production usage, add an appropriate security extension and remove the hivemq-allow-all extension.       #
2025-01-29 00:59:07,900 INFO c.h.h.t.HelmChartContainer - [test-hivemq-platform] [hivemq] [a0ef3d25] # You can download security extensions from the HiveMQ Marketplace (https://www.hivemq.com/extensions/).       #
2025-01-29 00:59:07,900 INFO c.h.h.t.HelmChartContainer - [test-hivemq-platform] [hivemq] [a0ef3d25] ################################################################################################################
2025-01-29 00:59:07,901 INFO c.h.h.t.HelmChartContainer - [test-hivemq-platform] [hivemq] [a0ef3d25] INFO  - Extension "Allow All Extension" version 1.1.1 started successfully.
2025-01-29 00:59:08,004 INFO c.h.h.t.HelmChartContainer - [test-hivemq-platform] [hivemq] [a0ef3d25] INFO  - Updated rules for sampling and tracing propagation.
2025-01-29 00:59:08,005 INFO c.h.h.t.HelmChartContainer - [test-hivemq-platform] [hivemq] [a0ef3d25] INFO  - HiveMQ: Successfully loaded configuration from '/opt/hivemq/conf-k8s/tracing.xml'.
2025-01-29 00:59:08,006 INFO c.h.h.t.HelmChartContainer - [test-hivemq-platform] [hivemq] [a0ef3d25] WARN  - No user for HiveMQ Control Center configured. Starting with default user
2025-01-29 00:59:08,007 INFO c.h.h.t.HelmChartContainer - [test-hivemq-platform] [hivemq] [a0ef3d25] INFO  - Starting HiveMQ Control Center on address 0.0.0.0 and port 8080
2025-01-29 00:59:08,057 INFO c.h.h.t.HelmChartContainer - [test-hivemq-platform] [hivemq] [a0ef3d25] INFO  - Mounting HiveMQ Control Center V2 Preview
2025-01-29 00:59:08,692 INFO c.h.h.t.HelmChartContainer - [test-hivemq-platform] [hivemq] [a0ef3d25] INFO  - Started HiveMQ Control Center in 685ms
2025-01-29 00:59:08,707 INFO c.h.h.t.HelmChartContainer - [test-hivemq-platform] [hivemq] [a0ef3d25] INFO  - Starting TCP listener on address 0.0.0.0 and port 1883
2025-01-29 00:59:08,795 INFO c.h.h.t.HelmChartContainer - [test-hivemq-platform] [hivemq] [a0ef3d25] INFO  - Started TCP Listener on address 0.0.0.0 and on port 1883.
2025-01-29 00:59:08,797 INFO c.h.h.t.HelmChartContainer - [test-hivemq-platform] [hivemq] [a0ef3d25] INFO  - Started HiveMQ in 32490ms
2025-01-29 00:59:09,714 INFO c.h.h.t.HelmChartContainer - [test-hivemq-platform] [hivemq] [a0ef3d25] INFO  - [HiveMQ Platform Operator Init App 1.7.0-SNAPSHOT] Returning Health API response 200 for readiness
2025-01-29 00:59:09,726 INFO c.h.h.t.HelmChartContainer - [POD] test-hivemq-platform-0 [a0ef3d25-52eb-454a-8f83-a79007e6cd08] in helmpodsecuritycontextupgradeextensionit was MODIFIED
2025-01-29 00:59:09,738 INFO c.h.h.t.HelmChartContainer - [hivemq-test-hivemq-platform] [hivemq-platform-operator] [ea04cc47] 00:59:09.736 [pool-6-thread-42] DEBUG c.h.p.o.d.PlatformServiceResource - [helmpods] Desired Platform services (3 services)
2025-01-29 00:59:09,763 INFO c.h.h.t.HelmChartContainer - [hivemq-test-hivemq-platform] [hivemq-platform-operator] [ea04cc47] 00:59:09.738 [pool-6-thread-46] DEBUG c.h.p.o.dependants.PodInfoConfigMap - [helmpods] Desired PodInfo ConfigMap (1 extensions) (1 enabled)
2025-01-29 00:59:09,763 INFO c.h.h.t.HelmChartContainer - [hivemq-test-hivemq-platform] [hivemq-platform-operator] [ea04cc47] 00:59:09.739 [pool-6-thread-47] DEBUG c.h.p.o.d.PodServiceAccountResource - [helmpods] Desired PodServiceAccountResource (serviceAccountName: hivemq-platform-pod-test-hivemq-platform)
2025-01-29 00:59:09,763 INFO c.h.h.t.HelmChartContainer - [hivemq-test-hivemq-platform] [hivemq-platform-operator] [ea04cc47] 00:59:09.741 [pool-6-thread-46] DEBUG c.h.p.o.dependants.PodInfoConfigMap - [helmpods] Desired PodInfo ConfigMap (metrics port: 9399) (metrics path: /)
2025-01-29 00:59:09,763 INFO c.h.h.t.HelmChartContainer - [hivemq-test-hivemq-platform] [hivemq-platform-operator] [ea04cc47] 00:59:09.741 [pool-6-thread-46] DEBUG c.h.p.o.dependants.PodInfoConfigMap - [helmpods] Desired PodInfo ConfigMap (extension state hash: 1904184702)
2025-01-29 00:59:09,763 INFO c.h.h.t.HelmChartContainer - [hivemq-test-hivemq-platform] [hivemq-platform-operator] [ea04cc47] 00:59:09.754 [pool-6-thread-42] DEBUG c.h.p.o.d.StatefulSetResource - [helmpods] Desired StatefulSet (1 replicas) for status STARTING (READY)
2025-01-29 00:59:09,771 INFO c.h.h.t.HelmChartContainer - [hivemq-test-hivemq-platform] [hivemq-platform-operator] [ea04cc47] 00:59:09.760 [ReconcilerExecutor-hivemq-controller-115] INFO  c.h.p.o.HiveMQPlatformReconciler - [helmpods] Reconciling HiveMQ Platform 'test-hivemq-platform' in namespace 'helmpodsecuritycontextupgradeextensionit'
2025-01-29 00:59:09,771 INFO c.h.h.t.HelmChartContainer - [hivemq-test-hivemq-platform] [hivemq-platform-operator] [ea04cc47] 00:59:09.760 [ReconcilerExecutor-hivemq-controller-115] DEBUG c.h.p.o.HiveMQPlatformReconciler - [helmpods] Custom Resource Status STARTING - HiveMQ Platform is starting (READY)
2025-01-29 00:59:09,771 INFO c.h.h.t.HelmChartContainer - [hivemq-test-hivemq-platform] [hivemq-platform-operator] [ea04cc47] 00:59:09.760 [ReconcilerExecutor-hivemq-controller-115] DEBUG c.h.p.o.HiveMQPlatformReconciler - [helmpods] Custom Resource Spec (replicas: 1) (extensions: 1)
2025-01-29 00:59:09,771 INFO c.h.h.t.HelmChartContainer - [hivemq-test-hivemq-platform] [hivemq-platform-operator] [ea04cc47] 00:59:09.762 [ReconcilerExecutor-hivemq-controller-115] DEBUG c.h.p.o.HiveMQPlatformReconciler - [helmpods] StatefulSet Status (revision: test-hivemq-platform-6778d7488d, replicas: 1, available: 1, ready: 1, current: 1, updated: 1)
2025-01-29 00:59:09,774 INFO c.h.h.t.HelmChartContainer - [hivemq-test-hivemq-platform] [hivemq-platform-operator] [ea04cc47] 00:59:09.762 [ReconcilerExecutor-hivemq-controller-115] DEBUG c.h.p.o.HiveMQPlatformReconciler - [helmpods] StatefulSet Spec (replicas: 1, init containers: 1, containers: 1, volumes: 4)
2025-01-29 00:59:09,774 INFO c.h.h.t.HelmChartContainer - [hivemq-test-hivemq-platform] [hivemq-platform-operator] [ea04cc47] 00:59:09.764 [ReconcilerExecutor-hivemq-controller-115] DEBUG c.h.p.o.h.HiveMQPlatformReconcilerErrorHandler - [helmpods] Pod 'test-hivemq-platform-0' phase Running
2025-01-29 00:59:09,774 INFO c.h.h.t.HelmChartContainer - [hivemq-test-hivemq-platform] [hivemq-platform-operator] [ea04cc47] 00:59:09.766 [ReconcilerExecutor-hivemq-controller-115] INFO  c.h.p.o.h.HiveMQPlatformReconcilerBaseHandler - [helmpods] HiveMQ Platform started successfully
2025-01-29 00:59:09,864 INFO c.h.h.t.HelmChartContainer - [hivemq-test-hivemq-platform] [hivemq-platform-operator] [ea04cc47] 00:59:09.862 [ReconcilerExecutor-hivemq-controller-115] DEBUG c.h.p.operator.event.EventSender - [helmpods] Creating K8s event hivemq-platform-ready: [Ready] HiveMQ Platform is ready
2025-01-29 00:59:09,869 INFO c.h.h.t.HelmChartContainer - [hivemq-test-hivemq-platform] [hivemq-platform-operator] [ea04cc47] 00:59:09.868 [ReconcilerExecutor-hivemq-controller-115] INFO  c.h.p.o.h.AbstractHiveMQReconcilerStateHandler - [helmpods] Update HiveMQ Platform Status (STARTING [READY] -> RUNNING [READY]): HiveMQ Platform is ready
2025-01-29 00:59:09,870 INFO c.h.h.t.HelmChartContainer - [EVENT] Normal [Ready] HiveMQ Platform is ready [helmpodsecuritycontextupgradeextensionit:test-hivemq-platform]
2025-01-29 00:59:09,950 DEBUG com.hivemq.helmcharts.util.K8sUtil - Comparing actual state 'RUNNING' and waiting for 'RUNNING'
2025-01-29 00:59:09,957 INFO c.h.h.t.HelmChartContainer - [hivemq-test-hivemq-platform] [hivemq-platform-operator] [ea04cc47] 00:59:09.952 [pool-6-thread-4] DEBUG c.h.p.o.d.PlatformServiceResource - [helmpods] Desired Platform services (3 services)
2025-01-29 00:59:09,957 INFO c.h.h.t.HelmChartContainer - [hivemq-test-hivemq-platform] [hivemq-platform-operator] [ea04cc47] 00:59:09.954 [pool-6-thread-3] DEBUG c.h.p.o.dependants.PodInfoConfigMap - [helmpods] Desired PodInfo ConfigMap (1 extensions) (1 enabled)
2025-01-29 00:59:09,957 INFO c.h.h.t.HelmChartContainer - [hivemq-test-hivemq-platform] [hivemq-platform-operator] [ea04cc47] 00:59:09.955 [pool-6-thread-3] DEBUG c.h.p.o.dependants.PodInfoConfigMap - [helmpods] Desired PodInfo ConfigMap (metrics port: 9399) (metrics path: /)
2025-01-29 00:59:09,957 INFO c.h.h.t.HelmChartContainer - [hivemq-test-hivemq-platform] [hivemq-platform-operator] [ea04cc47] 00:59:09.955 [pool-6-thread-3] DEBUG c.h.p.o.dependants.PodInfoConfigMap - [helmpods] Desired PodInfo ConfigMap (extension state hash: 1904184702)
2025-01-29 00:59:09,957 INFO c.h.h.t.HelmChartContainer - [hivemq-test-hivemq-platform] [hivemq-platform-operator] [ea04cc47] 00:59:09.955 [pool-6-thread-3] DEBUG c.h.p.o.dependants.PodInfoConfigMap - [helmpods] Update PodInfo ConfigMap
2025-01-29 00:59:09,959 INFO c.h.h.t.HelmChartContainer - [hivemq-test-hivemq-platform] [hivemq-platform-operator] [ea04cc47] 00:59:09.954 [pool-6-thread-9] DEBUG c.h.p.o.d.PodServiceAccountResource - [helmpods] Desired PodServiceAccountResource (serviceAccountName: hivemq-platform-pod-test-hivemq-platform)
2025-01-29 00:59:10,046 INFO c.h.h.t.HelmChartContainer - [hivemq-test-hivemq-platform] [hivemq-platform-operator] [ea04cc47] 00:59:10.043 [pool-6-thread-3] DEBUG c.h.p.o.d.StatefulSetResource - [helmpods] Desired StatefulSet (1 replicas) for status RUNNING (READY)
2025-01-29 00:59:10,055 INFO c.h.h.t.HelmChartContainer - [hivemq-test-hivemq-platform] [hivemq-platform-operator] [ea04cc47] 00:59:10.051 [ReconcilerExecutor-hivemq-controller-116] INFO  c.h.p.o.HiveMQPlatformReconciler - [helmpods] Reconciling HiveMQ Platform 'test-hivemq-platform' in namespace 'helmpodsecuritycontextupgradeextensionit'
2025-01-29 00:59:10,056 INFO c.h.h.t.HelmChartContainer - [hivemq-test-hivemq-platform] [hivemq-platform-operator] [ea04cc47] 00:59:10.051 [ReconcilerExecutor-hivemq-controller-116] DEBUG c.h.p.o.HiveMQPlatformReconciler - [helmpods] Custom Resource Status RUNNING - HiveMQ Platform is ready (READY)
2025-01-29 00:59:10,056 INFO c.h.h.t.HelmChartContainer - [hivemq-test-hivemq-platform] [hivemq-platform-operator] [ea04cc47] 00:59:10.051 [ReconcilerExecutor-hivemq-controller-116] DEBUG c.h.p.o.HiveMQPlatformReconciler - [helmpods] Custom Resource Spec (replicas: 1) (extensions: 1)
2025-01-29 00:59:10,056 INFO c.h.h.t.HelmChartContainer - [hivemq-test-hivemq-platform] [hivemq-platform-operator] [ea04cc47] 00:59:10.052 [ReconcilerExecutor-hivemq-controller-116] DEBUG c.h.p.o.HiveMQPlatformReconciler - [helmpods] StatefulSet Status (revision: test-hivemq-platform-6778d7488d, replicas: 1, available: 1, ready: 1, current: 1, updated: 1)
2025-01-29 00:59:10,056 INFO c.h.h.t.HelmChartContainer - [hivemq-test-hivemq-platform] [hivemq-platform-operator] [ea04cc47] 00:59:10.052 [ReconcilerExecutor-hivemq-controller-116] DEBUG c.h.p.o.HiveMQPlatformReconciler - [helmpods] StatefulSet Spec (replicas: 1, init containers: 1, containers: 1, volumes: 4)
2025-01-29 00:59:10,058 INFO c.h.h.t.HelmChartContainer - [hivemq-test-hivemq-platform] [hivemq-platform-operator] [ea04cc47] 00:59:10.056 [ReconcilerExecutor-hivemq-controller-116] DEBUG c.h.p.o.h.HiveMQPlatformReconcilerErrorHandler - [helmpods] Pod 'test-hivemq-platform-0' phase Running
2025-01-29 00:59:10,062 DEBUG com.hivemq.helmcharts.util.PodUtil - Received status for command '[sh, -c, stat -c "%u:%g" /proc/1]' on pod 'test-hivemq-platform-0' (exit code: 0)
2025-01-29 00:59:12,074 INFO c.h.h.testcontainer.LogWaiterUtil - TEST Waiting for log pattern on 'test-hivemq-platform-0': .*HiveMQ Enterprise Distributed Tracing Extension: Successfully updated configuration from '/opt/hivemq/extensions/hivemq-distributed-tracing-extension/conf/config.xml'.
2025-01-29 00:59:12,079 DEBUG com.hivemq.helmcharts.util.K8sUtil - Comparing actual state 'RUNNING' and waiting for 'RESTART_EXTENSIONS'
2025-01-29 00:59:12,081 INFO c.h.h.t.HelmChartContainer - [hivemq-test-hivemq-platform] [hivemq-platform-operator] [ea04cc47] 00:59:12.078 [pool-6-thread-18] DEBUG c.h.p.o.d.PlatformServiceResource - [helmpods] Desired Platform services (3 services)
2025-01-29 00:59:12,084 INFO c.h.h.t.HelmChartContainer - [hivemq-test-hivemq-platform] [hivemq-platform-operator] [ea04cc47] 00:59:12.081 [pool-6-thread-17] DEBUG c.h.p.o.dependants.PodInfoConfigMap - [helmpods] Desired PodInfo ConfigMap (1 extensions) (1 enabled)
2025-01-29 00:59:12,085 INFO c.h.h.t.HelmChartContainer - [hivemq-test-hivemq-platform] [hivemq-platform-operator] [ea04cc47] 00:59:12.082 [pool-6-thread-17] DEBUG c.h.p.o.dependants.PodInfoConfigMap - [helmpods] Desired PodInfo ConfigMap (metrics port: 9399) (metrics path: /)
2025-01-29 00:59:12,085 INFO c.h.h.t.HelmChartContainer - [hivemq-test-hivemq-platform] [hivemq-platform-operator] [ea04cc47] 00:59:12.082 [pool-6-thread-17] DEBUG c.h.p.o.dependants.PodInfoConfigMap - [helmpods] Desired PodInfo ConfigMap (extension state hash: 701793953)
2025-01-29 00:59:12,085 INFO c.h.h.t.HelmChartContainer - [hivemq-test-hivemq-platform] [hivemq-platform-operator] [ea04cc47] 00:59:12.083 [pool-6-thread-17] DEBUG c.h.p.o.dependants.PodInfoConfigMap - [helmpods] Update PodInfo ConfigMap
2025-01-29 00:59:12,089 INFO c.h.h.t.HelmChartContainer - [hivemq-test-hivemq-platform] [hivemq-platform-operator] [ea04cc47] 00:59:12.087 [pool-6-thread-17] DEBUG c.h.p.o.dependants.PodInfoConfigMap - [helmpods] Detected change in configuration of extension 'hivemq-distributed-tracing-extension' ({skip-https-hostname-verification=false, restart=false, config-version=516, header-version=0, c-uri=, uri=preinstalled, skip-https-certificate-validation=false, enabled=true} -> {skip-https-hostname-verification=false, restart=false, config-version=608, header-version=0, c-uri=, uri=preinstalled, skip-https-certificate-validation=false, enabled=true})
2025-01-29 00:59:12,089 INFO c.h.h.t.HelmChartContainer - [hivemq-test-hivemq-platform] [hivemq-platform-operator] [ea04cc47] 00:59:12.087 [pool-6-thread-17] INFO  c.h.p.o.dependants.PodInfoConfigMap - [helmpods] Extension configuration was updated, restarting extensions: [hivemq-distributed-tracing-extension]
2025-01-29 00:59:12,090 INFO c.h.h.t.HelmChartContainer - [hivemq-test-hivemq-platform] [hivemq-platform-operator] [ea04cc47] 00:59:12.084 [pool-6-thread-15] DEBUG c.h.p.o.d.PodServiceAccountResource - [helmpods] Desired PodServiceAccountResource (serviceAccountName: hivemq-platform-pod-test-hivemq-platform)
2025-01-29 00:59:12,097 INFO c.h.h.t.HelmChartContainer - [hivemq-test-hivemq-platform] [hivemq-platform-operator] [ea04cc47] 00:59:12.096 [pool-6-thread-17] DEBUG c.h.p.o.d.StatefulSetResource - [helmpods] Desired StatefulSet (1 replicas) for status RUNNING (READY)
2025-01-29 00:59:12,151 INFO c.h.h.t.HelmChartContainer - [hivemq-test-hivemq-platform] [hivemq-platform-operator] [ea04cc47] 00:59:12.149 [ReconcilerExecutor-hivemq-controller-117] INFO  c.h.p.o.HiveMQPlatformReconciler - [helmpods] Reconciling HiveMQ Platform 'test-hivemq-platform' in namespace 'helmpodsecuritycontextupgradeextensionit'
2025-01-29 00:59:12,151 INFO c.h.h.t.HelmChartContainer - [hivemq-test-hivemq-platform] [hivemq-platform-operator] [ea04cc47] 00:59:12.149 [ReconcilerExecutor-hivemq-controller-117] DEBUG c.h.p.o.HiveMQPlatformReconciler - [helmpods] Custom Resource Status RUNNING - HiveMQ Platform is ready (READY) (reconciliation requests: RESTART_EXTENSIONS, REQUESTS_UPDATED)
2025-01-29 00:59:12,151 INFO c.h.h.t.HelmChartContainer - [hivemq-test-hivemq-platform] [hivemq-platform-operator] [ea04cc47] 00:59:12.149 [ReconcilerExecutor-hivemq-controller-117] DEBUG c.h.p.o.HiveMQPlatformReconciler - [helmpods] Custom Resource Spec (replicas: 1) (extensions: 1)
2025-01-29 00:59:12,153 INFO c.h.h.t.HelmChartContainer - [hivemq-test-hivemq-platform] [hivemq-platform-operator] [ea04cc47] 00:59:12.151 [ReconcilerExecutor-hivemq-controller-117] DEBUG c.h.p.o.HiveMQPlatformReconciler - [helmpods] StatefulSet Status (revision: test-hivemq-platform-6778d7488d, replicas: 1, available: 1, ready: 1, current: 1, updated: 1)
2025-01-29 00:59:12,153 INFO c.h.h.t.HelmChartContainer - [hivemq-test-hivemq-platform] [hivemq-platform-operator] [ea04cc47] 00:59:12.152 [ReconcilerExecutor-hivemq-controller-117] DEBUG c.h.p.o.HiveMQPlatformReconciler - [helmpods] StatefulSet Spec (replicas: 1, init containers: 1, containers: 1, volumes: 4)
2025-01-29 00:59:12,154 INFO c.h.h.t.HelmChartContainer - [hivemq-test-hivemq-platform] [hivemq-platform-operator] [ea04cc47] 00:59:12.153 [ReconcilerExecutor-hivemq-controller-117] DEBUG c.h.p.o.h.HiveMQPlatformReconcilerErrorHandler - [helmpods] Pod 'test-hivemq-platform-0' phase Running
2025-01-29 00:59:12,253 INFO c.h.h.t.HelmChartContainer - [hivemq-test-hivemq-platform] [hivemq-platform-operator] [ea04cc47] 00:59:12.252 [ReconcilerExecutor-hivemq-controller-117] DEBUG c.h.p.operator.event.EventSender - [helmpods] Creating K8s event restart-extension-started: [RestartExtension] HiveMQ Platform is restarting extensions (hivemq-distributed-tracing-extension)
2025-01-29 00:59:12,259 INFO c.h.h.t.HelmChartContainer - [hivemq-test-hivemq-platform] [hivemq-platform-operator] [ea04cc47] 00:59:12.258 [ReconcilerExecutor-hivemq-controller-117] INFO  c.h.p.o.h.AbstractHiveMQReconcilerStateHandler - [helmpods] Update HiveMQ Platform Status (RUNNING [READY] -> RESTART_EXTENSIONS [RESTART_EXTENSIONS]): HiveMQ Platform is restarting extensions (hivemq-distributed-tracing-extension)
2025-01-29 00:59:12,260 INFO c.h.h.t.HelmChartContainer - [EVENT] Normal [RestartExtension] HiveMQ Platform is restarting extensions (hivemq-distributed-tracing-extension) [helmpodsecuritycontextupgradeextensionit:test-hivemq-platform]
2025-01-29 00:59:12,268 DEBUG com.hivemq.helmcharts.util.K8sUtil - Comparing actual state 'RESTART_EXTENSIONS' and waiting for 'RESTART_EXTENSIONS'
2025-01-29 00:59:12,272 DEBUG com.hivemq.helmcharts.util.K8sUtil - Comparing actual state 'RESTART_EXTENSIONS' and waiting for 'RUNNING'
2025-01-29 00:59:22,277 INFO c.h.h.t.HelmChartContainer - [hivemq-test-hivemq-platform] [hivemq-platform-operator] [ea04cc47] 00:59:22.272 [pool-6-thread-26] DEBUG c.h.p.o.d.PlatformServiceResource - [helmpods] Desired Platform services (3 services)
2025-01-29 00:59:22,277 INFO c.h.h.t.HelmChartContainer - [hivemq-test-hivemq-platform] [hivemq-platform-operator] [ea04cc47] 00:59:22.273 [pool-6-thread-28] DEBUG c.h.p.o.dependants.PodInfoConfigMap - [helmpods] Desired PodInfo ConfigMap (1 extensions) (1 enabled)
2025-01-29 00:59:22,277 INFO c.h.h.t.HelmChartContainer - [hivemq-test-hivemq-platform] [hivemq-platform-operator] [ea04cc47] 00:59:22.273 [pool-6-thread-28] DEBUG c.h.p.o.dependants.PodInfoConfigMap - [helmpods] Desired PodInfo ConfigMap (metrics port: 9399) (metrics path: /)
2025-01-29 00:59:22,277 INFO c.h.h.t.HelmChartContainer - [hivemq-test-hivemq-platform] [hivemq-platform-operator] [ea04cc47] 00:59:22.273 [pool-6-thread-28] DEBUG c.h.p.o.dependants.PodInfoConfigMap - [helmpods] Desired PodInfo ConfigMap (extension state hash: 701793953)
2025-01-29 00:59:22,277 INFO c.h.h.t.HelmChartContainer - [hivemq-test-hivemq-platform] [hivemq-platform-operator] [ea04cc47] 00:59:22.274 [pool-6-thread-28] DEBUG c.h.p.o.dependants.PodInfoConfigMap - [helmpods] Update PodInfo ConfigMap
2025-01-29 00:59:22,277 INFO c.h.h.t.HelmChartContainer - [hivemq-test-hivemq-platform] [hivemq-platform-operator] [ea04cc47] 00:59:22.274 [pool-6-thread-22] DEBUG c.h.p.o.d.PodServiceAccountResource - [helmpods] Desired PodServiceAccountResource (serviceAccountName: hivemq-platform-pod-test-hivemq-platform)
2025-01-29 00:59:22,293 INFO c.h.h.t.HelmChartContainer - [hivemq-test-hivemq-platform] [hivemq-platform-operator] [ea04cc47] 00:59:22.290 [pool-6-thread-28] DEBUG c.h.p.o.d.StatefulSetResource - [helmpods] Desired StatefulSet (1 replicas) for status RESTART_EXTENSIONS (RESTART_EXTENSIONS)
2025-01-29 00:59:22,352 INFO c.h.h.t.HelmChartContainer - [hivemq-test-hivemq-platform] [hivemq-platform-operator] [ea04cc47] 00:59:22.350 [ReconcilerExecutor-hivemq-controller-118] INFO  c.h.p.o.HiveMQPlatformReconciler - [helmpods] Reconciling HiveMQ Platform 'test-hivemq-platform' in namespace 'helmpodsecuritycontextupgradeextensionit'
2025-01-29 00:59:22,354 INFO c.h.h.t.HelmChartContainer - [hivemq-test-hivemq-platform] [hivemq-platform-operator] [ea04cc47] 00:59:22.351 [ReconcilerExecutor-hivemq-controller-118] DEBUG c.h.p.o.HiveMQPlatformReconciler - [helmpods] Custom Resource Status RESTART_EXTENSIONS - HiveMQ Platform is restarting extensions (hivemq-distributed-tracing-extension) (RESTART_EXTENSIONS)
2025-01-29 00:59:22,356 INFO c.h.h.t.HelmChartContainer - [hivemq-test-hivemq-platform] [hivemq-platform-operator] [ea04cc47] 00:59:22.351 [ReconcilerExecutor-hivemq-controller-118] DEBUG c.h.p.o.HiveMQPlatformReconciler - [helmpods] Custom Resource Spec (replicas: 1) (extensions: 1)
2025-01-29 00:59:22,356 INFO c.h.h.t.HelmChartContainer - [hivemq-test-hivemq-platform] [hivemq-platform-operator] [ea04cc47] 00:59:22.353 [ReconcilerExecutor-hivemq-controller-118] DEBUG c.h.p.o.HiveMQPlatformReconciler - [helmpods] StatefulSet Status (revision: test-hivemq-platform-6778d7488d, replicas: 1, available: 1, ready: 1, current: 1, updated: 1)
2025-01-29 00:59:22,356 INFO c.h.h.t.HelmChartContainer - [hivemq-test-hivemq-platform] [hivemq-platform-operator] [ea04cc47] 00:59:22.353 [ReconcilerExecutor-hivemq-controller-118] DEBUG c.h.p.o.HiveMQPlatformReconciler - [helmpods] StatefulSet Spec (replicas: 1, init containers: 1, containers: 1, volumes: 4)
2025-01-29 00:59:22,356 INFO c.h.h.t.HelmChartContainer - [hivemq-test-hivemq-platform] [hivemq-platform-operator] [ea04cc47] 00:59:22.354 [ReconcilerExecutor-hivemq-controller-118] DEBUG c.h.p.o.h.HiveMQPlatformReconcilerErrorHandler - [helmpods] Pod 'test-hivemq-platform-0' phase Running
2025-01-29 00:59:22,366 INFO c.h.h.t.HelmChartContainer - [hivemq-test-hivemq-platform] [hivemq-platform-operator] [ea04cc47] 00:59:22.365 [ReconcilerExecutor-hivemq-controller-118] DEBUG c.h.p.o.h.HiveMQPlatformReconcilerRestartExtensionsHandler - [helmpods] Update extensions on Pod 'test-hivemq-platform-0'
2025-01-29 00:59:22,586 INFO c.h.h.t.HelmChartContainer - [test-hivemq-platform] [hivemq] [a0ef3d25] INFO  - [HiveMQ Platform Operator Init App 1.7.0-SNAPSHOT] Updating HiveMQ Platform extensions: [hivemq-distributed-tracing-extension]
2025-01-29 00:59:22,599 INFO c.h.h.t.HelmChartContainer - [hivemq-test-hivemq-platform] [hivemq-platform-operator] [ea04cc47] 00:59:22.598 [vert.x-eventloop-thread-0] DEBUG c.h.platform.operator.util.PodUtil - Received status for command '[curl, -s, http://10.42.0.6:7979/updateExtension?hash=701793953&extensions=hivemq-distributed-tracing-extension]' on Pod 'test-hivemq-platform-0' (exit code: 0)
2025-01-29 00:59:23,567 INFO c.h.h.t.HelmChartContainer - [hivemq-test-hivemq-platform] [hivemq-platform-operator] [ea04cc47] 00:59:23.565 [pool-6-thread-39] DEBUG c.h.p.o.d.PlatformServiceResource - [helmpods] Desired Platform services (3 services)
2025-01-29 00:59:23,568 INFO c.h.h.t.HelmChartContainer - [hivemq-test-hivemq-platform] [hivemq-platform-operator] [ea04cc47] 00:59:23.565 [pool-6-thread-38] DEBUG c.h.p.o.d.PodServiceAccountResource - [helmpods] Desired PodServiceAccountResource (serviceAccountName: hivemq-platform-pod-test-hivemq-platform)
2025-01-29 00:59:23,568 INFO c.h.h.t.HelmChartContainer - [hivemq-test-hivemq-platform] [hivemq-platform-operator] [ea04cc47] 00:59:23.567 [pool-6-thread-34] DEBUG c.h.p.o.dependants.PodInfoConfigMap - [helmpods] Desired PodInfo ConfigMap (1 extensions) (1 enabled)
2025-01-29 00:59:23,572 INFO c.h.h.t.HelmChartContainer - [hivemq-test-hivemq-platform] [hivemq-platform-operator] [ea04cc47] 00:59:23.567 [pool-6-thread-34] DEBUG c.h.p.o.dependants.PodInfoConfigMap - [helmpods] Desired PodInfo ConfigMap (metrics port: 9399) (metrics path: /)
2025-01-29 00:59:23,572 INFO c.h.h.t.HelmChartContainer - [hivemq-test-hivemq-platform] [hivemq-platform-operator] [ea04cc47] 00:59:23.567 [pool-6-thread-34] DEBUG c.h.p.o.dependants.PodInfoConfigMap - [helmpods] Desired PodInfo ConfigMap (extension state hash: 701793953)
2025-01-29 00:59:23,573 INFO c.h.h.t.HelmChartContainer - [hivemq-test-hivemq-platform] [hivemq-platform-operator] [ea04cc47] 00:59:23.572 [pool-6-thread-39] DEBUG c.h.p.o.d.StatefulSetResource - [helmpods] Desired StatefulSet (1 replicas) for status RESTART_EXTENSIONS (RESTART_EXTENSIONS)
2025-01-29 00:59:23,577 INFO c.h.h.t.HelmChartContainer - [hivemq-test-hivemq-platform] [hivemq-platform-operator] [ea04cc47] 00:59:23.577 [ReconcilerExecutor-hivemq-controller-119] INFO  c.h.p.o.HiveMQPlatformReconciler - [helmpods] Reconciling HiveMQ Platform 'test-hivemq-platform' in namespace 'helmpodsecuritycontextupgradeextensionit'
2025-01-29 00:59:23,579 INFO c.h.h.t.HelmChartContainer - [hivemq-test-hivemq-platform] [hivemq-platform-operator] [ea04cc47] 00:59:23.577 [ReconcilerExecutor-hivemq-controller-119] DEBUG c.h.p.o.HiveMQPlatformReconciler - [helmpods] Custom Resource Status RESTART_EXTENSIONS - HiveMQ Platform is restarting extensions (hivemq-distributed-tracing-extension) (RESTART_EXTENSIONS)
2025-01-29 00:59:23,579 INFO c.h.h.t.HelmChartContainer - [hivemq-test-hivemq-platform] [hivemq-platform-operator] [ea04cc47] 00:59:23.577 [ReconcilerExecutor-hivemq-controller-119] DEBUG c.h.p.o.HiveMQPlatformReconciler - [helmpods] Custom Resource Spec (replicas: 1) (extensions: 1)
2025-01-29 00:59:23,581 INFO c.h.h.t.HelmChartContainer - [hivemq-test-hivemq-platform] [hivemq-platform-operator] [ea04cc47] 00:59:23.580 [ReconcilerExecutor-hivemq-controller-119] DEBUG c.h.p.o.HiveMQPlatformReconciler - [helmpods] StatefulSet Status (revision: test-hivemq-platform-6778d7488d, replicas: 1, available: 1, ready: 1, current: 1, updated: 1)
2025-01-29 00:59:23,581 INFO c.h.h.t.HelmChartContainer - [hivemq-test-hivemq-platform] [hivemq-platform-operator] [ea04cc47] 00:59:23.580 [ReconcilerExecutor-hivemq-controller-119] DEBUG c.h.p.o.HiveMQPlatformReconciler - [helmpods] StatefulSet Spec (replicas: 1, init containers: 1, containers: 1, volumes: 4)
2025-01-29 00:59:23,584 INFO c.h.h.t.HelmChartContainer - [hivemq-test-hivemq-platform] [hivemq-platform-operator] [ea04cc47] 00:59:23.584 [ReconcilerExecutor-hivemq-controller-119] DEBUG c.h.p.o.h.HiveMQPlatformReconcilerErrorHandler - [helmpods] Pod 'test-hivemq-platform-0' phase Running
2025-01-29 00:59:23,587 INFO c.h.h.t.HelmChartContainer - [test-hivemq-platform] [hivemq] [a0ef3d25] INFO  - [HiveMQ Platform Operator Init App 1.7.0-SNAPSHOT] Waiting for extension ConfigMap sync (expected hash: 701793953) (current hash: 1904184702)
2025-01-29 00:59:23,669 INFO c.h.h.t.HelmChartContainer - [hivemq-test-hivemq-platform] [hivemq-platform-operator] [ea04cc47] 00:59:23.668 [ReconcilerExecutor-hivemq-controller-119] DEBUG c.h.p.operator.event.EventSender - [helmpods] Creating K8s event restart-extension-in-progress: [RestartExtension] HiveMQ Platform is waiting for extension restart (hivemq-distributed-tracing-extension)
2025-01-29 00:59:23,673 INFO c.h.h.t.HelmChartContainer - [EVENT] Normal [RestartExtension] HiveMQ Platform is waiting for extension restart (hivemq-distributed-tracing-extension) [helmpodsecuritycontextupgradeextensionit:test-hivemq-platform]
2025-01-29 00:59:23,753 INFO c.h.h.t.HelmChartContainer - [hivemq-test-hivemq-platform] [hivemq-platform-operator] [ea04cc47] 00:59:23.750 [ReconcilerExecutor-hivemq-controller-119] INFO  c.h.p.o.h.AbstractHiveMQReconcilerStateHandler - [helmpods] Update HiveMQ Platform Status (RESTART_EXTENSIONS [RESTART_EXTENSIONS] -> RESTART_EXTENSIONS [WAIT_FOR_EXTENSION_RESTART]): HiveMQ Platform is waiting for extension restart (hivemq-distributed-tracing-extension)
2025-01-29 00:59:23,761 DEBUG com.hivemq.helmcharts.util.K8sUtil - Comparing actual state 'RESTART_EXTENSIONS' and waiting for 'RUNNING'
2025-01-29 00:59:24,588 INFO c.h.h.t.HelmChartContainer - [test-hivemq-platform] [hivemq] [a0ef3d25] INFO  - [HiveMQ Platform Operator Init App 1.7.0-SNAPSHOT] Waiting for extension ConfigMap sync (expected hash: 701793953) (current hash: 1904184702)
2025-01-29 00:59:25,589 INFO c.h.h.t.HelmChartContainer - [test-hivemq-platform] [hivemq] [a0ef3d25] INFO  - [HiveMQ Platform Operator Init App 1.7.0-SNAPSHOT] Waiting for extension ConfigMap sync (expected hash: 701793953) (current hash: 1904184702)
2025-01-29 00:59:26,589 INFO c.h.h.t.HelmChartContainer - [test-hivemq-platform] [hivemq] [a0ef3d25] INFO  - [HiveMQ Platform Operator Init App 1.7.0-SNAPSHOT] Waiting for extension ConfigMap sync (expected hash: 701793953) (current hash: 1904184702)
2025-01-29 00:59:27,590 INFO c.h.h.t.HelmChartContainer - [test-hivemq-platform] [hivemq] [a0ef3d25] INFO  - [HiveMQ Platform Operator Init App 1.7.0-SNAPSHOT] Waiting for extension ConfigMap sync (expected hash: 701793953) (current hash: 1904184702)
2025-01-29 00:59:27,893 INFO c.h.h.t.HelmChartContainer - [test-hivemq-platform] [hivemq] [a0ef3d25] INFO  - [HiveMQ Platform Operator Init App 1.7.0-SNAPSHOT] Returning Health API response 200 for liveness
2025-01-29 00:59:28,590 INFO c.h.h.t.HelmChartContainer - [test-hivemq-platform] [hivemq] [a0ef3d25] INFO  - [HiveMQ Platform Operator Init App 1.7.0-SNAPSHOT] Waiting for extension ConfigMap sync (expected hash: 701793953) (current hash: 1904184702)
2025-01-29 00:59:29,590 INFO c.h.h.t.HelmChartContainer - [test-hivemq-platform] [hivemq] [a0ef3d25] INFO  - [HiveMQ Platform Operator Init App 1.7.0-SNAPSHOT] Waiting for extension ConfigMap sync (expected hash: 701793953) (current hash: 1904184702)
2025-01-29 00:59:30,591 INFO c.h.h.t.HelmChartContainer - [test-hivemq-platform] [hivemq] [a0ef3d25] INFO  - [HiveMQ Platform Operator Init App 1.7.0-SNAPSHOT] Waiting for extension ConfigMap sync (expected hash: 701793953) (current hash: 1904184702)
2025-01-29 00:59:31,592 INFO c.h.h.t.HelmChartContainer - [test-hivemq-platform] [hivemq] [a0ef3d25] INFO  - [HiveMQ Platform Operator Init App 1.7.0-SNAPSHOT] Waiting for extension ConfigMap sync (expected hash: 701793953) (current hash: 1904184702)
2025-01-29 00:59:32,592 INFO c.h.h.t.HelmChartContainer - [test-hivemq-platform] [hivemq] [a0ef3d25] INFO  - [HiveMQ Platform Operator Init App 1.7.0-SNAPSHOT] Waiting for extension ConfigMap sync (expected hash: 701793953) (current hash: 1904184702)
2025-01-29 00:59:33,593 INFO c.h.h.t.HelmChartContainer - [test-hivemq-platform] [hivemq] [a0ef3d25] INFO  - [HiveMQ Platform Operator Init App 1.7.0-SNAPSHOT] Waiting for extension ConfigMap sync (expected hash: 701793953) (current hash: 1904184702)
2025-01-29 00:59:33,777 INFO c.h.h.t.HelmChartContainer - [hivemq-test-hivemq-platform] [hivemq-platform-operator] [ea04cc47] 00:59:33.773 [pool-6-thread-47] DEBUG c.h.p.o.d.PlatformServiceResource - [helmpods] Desired Platform services (3 services)
2025-01-29 00:59:33,777 INFO c.h.h.t.HelmChartContainer - [hivemq-test-hivemq-platform] [hivemq-platform-operator] [ea04cc47] 00:59:33.773 [pool-6-thread-45] DEBUG c.h.p.o.d.PodServiceAccountResource - [helmpods] Desired PodServiceAccountResource (serviceAccountName: hivemq-platform-pod-test-hivemq-platform)
2025-01-29 00:59:33,777 INFO c.h.h.t.HelmChartContainer - [hivemq-test-hivemq-platform] [hivemq-platform-operator] [ea04cc47] 00:59:33.775 [pool-6-thread-46] DEBUG c.h.p.o.dependants.PodInfoConfigMap - [helmpods] Desired PodInfo ConfigMap (1 extensions) (1 enabled)
2025-01-29 00:59:33,777 INFO c.h.h.t.HelmChartContainer - [hivemq-test-hivemq-platform] [hivemq-platform-operator] [ea04cc47] 00:59:33.775 [pool-6-thread-46] DEBUG c.h.p.o.dependants.PodInfoConfigMap - [helmpods] Desired PodInfo ConfigMap (metrics port: 9399) (metrics path: /)
2025-01-29 00:59:33,777 INFO c.h.h.t.HelmChartContainer - [hivemq-test-hivemq-platform] [hivemq-platform-operator] [ea04cc47] 00:59:33.775 [pool-6-thread-46] DEBUG c.h.p.o.dependants.PodInfoConfigMap - [helmpods] Desired PodInfo ConfigMap (extension state hash: 701793953)
2025-01-29 00:59:33,779 INFO c.h.h.t.HelmChartContainer - [hivemq-test-hivemq-platform] [hivemq-platform-operator] [ea04cc47] 00:59:33.779 [pool-6-thread-46] DEBUG c.h.p.o.d.StatefulSetResource - [helmpods] Desired StatefulSet (1 replicas) for status RESTART_EXTENSIONS (WAIT_FOR_EXTENSION_RESTART)
2025-01-29 00:59:33,785 INFO c.h.h.t.HelmChartContainer - [hivemq-test-hivemq-platform] [hivemq-platform-operator] [ea04cc47] 00:59:33.782 [ReconcilerExecutor-hivemq-controller-120] INFO  c.h.p.o.HiveMQPlatformReconciler - [helmpods] Reconciling HiveMQ Platform 'test-hivemq-platform' in namespace 'helmpodsecuritycontextupgradeextensionit'
2025-01-29 00:59:33,785 INFO c.h.h.t.HelmChartContainer - [hivemq-test-hivemq-platform] [hivemq-platform-operator] [ea04cc47] 00:59:33.782 [ReconcilerExecutor-hivemq-controller-120] DEBUG c.h.p.o.HiveMQPlatformReconciler - [helmpods] Custom Resource Status RESTART_EXTENSIONS - HiveMQ Platform is waiting for extension restart (hivemq-distributed-tracing-extension) (WAIT_FOR_EXTENSION_RESTART)
2025-01-29 00:59:33,785 INFO c.h.h.t.HelmChartContainer - [hivemq-test-hivemq-platform] [hivemq-platform-operator] [ea04cc47] 00:59:33.782 [ReconcilerExecutor-hivemq-controller-120] DEBUG c.h.p.o.HiveMQPlatformReconciler - [helmpods] Custom Resource Spec (replicas: 1) (extensions: 1)
2025-01-29 00:59:33,785 INFO c.h.h.t.HelmChartContainer - [hivemq-test-hivemq-platform] [hivemq-platform-operator] [ea04cc47] 00:59:33.783 [ReconcilerExecutor-hivemq-controller-120] DEBUG c.h.p.o.HiveMQPlatformReconciler - [helmpods] StatefulSet Status (revision: test-hivemq-platform-6778d7488d, replicas: 1, available: 1, ready: 1, current: 1, updated: 1)
2025-01-29 00:59:33,786 INFO c.h.h.t.HelmChartContainer - [hivemq-test-hivemq-platform] [hivemq-platform-operator] [ea04cc47] 00:59:33.783 [ReconcilerExecutor-hivemq-controller-120] DEBUG c.h.p.o.HiveMQPlatformReconciler - [helmpods] StatefulSet Spec (replicas: 1, init containers: 1, containers: 1, volumes: 4)
2025-01-29 00:59:33,786 INFO c.h.h.t.HelmChartContainer - [hivemq-test-hivemq-platform] [hivemq-platform-operator] [ea04cc47] 00:59:33.785 [ReconcilerExecutor-hivemq-controller-120] DEBUG c.h.p.o.h.HiveMQPlatformReconcilerErrorHandler - [helmpods] Pod 'test-hivemq-platform-0' phase Running
2025-01-29 00:59:33,851 INFO c.h.h.t.HelmChartContainer - [hivemq-test-hivemq-platform] [hivemq-platform-operator] [ea04cc47] 00:59:33.850 [ReconcilerExecutor-hivemq-controller-120] DEBUG c.h.p.o.h.HiveMQPlatformReconcilerRestartExtensionsHandler - [helmpods] Checking update extension status on Pod 'test-hivemq-platform-0'
2025-01-29 00:59:33,903 INFO c.h.h.t.HelmChartContainer - [test-hivemq-platform] [hivemq] [a0ef3d25] INFO  - [HiveMQ Platform Operator Init App 1.7.0-SNAPSHOT] Extension update is pending (0 errors)
2025-01-29 00:59:33,950 INFO c.h.h.t.HelmChartContainer - [hivemq-test-hivemq-platform] [hivemq-platform-operator] [ea04cc47] 00:59:33.949 [vert.x-eventloop-thread-0] DEBUG c.h.platform.operator.util.PodUtil - Received status for command '[curl, -s, http://10.42.0.6:7979/updateExtensionStatus]' on Pod 'test-hivemq-platform-0' (exit code: 0)
2025-01-29 00:59:34,593 INFO c.h.h.t.HelmChartContainer - [test-hivemq-platform] [hivemq] [a0ef3d25] INFO  - [HiveMQ Platform Operator Init App 1.7.0-SNAPSHOT] Waiting for extension ConfigMap sync (expected hash: 701793953) (current hash: 1904184702)
2025-01-29 00:59:34,879 INFO c.h.h.t.HelmChartContainer - [hivemq-test-hivemq-platform] [hivemq-platform-operator] [ea04cc47] 00:59:34.876 [pool-6-thread-6] DEBUG c.h.p.o.d.PodServiceAccountResource - [helmpods] Desired PodServiceAccountResource (serviceAccountName: hivemq-platform-pod-test-hivemq-platform)
2025-01-29 00:59:34,879 INFO c.h.h.t.HelmChartContainer - [hivemq-test-hivemq-platform] [hivemq-platform-operator] [ea04cc47] 00:59:34.876 [pool-6-thread-10] DEBUG c.h.p.o.dependants.PodInfoConfigMap - [helmpods] Desired PodInfo ConfigMap (1 extensions) (1 enabled)
2025-01-29 00:59:34,879 INFO c.h.h.t.HelmChartContainer - [hivemq-test-hivemq-platform] [hivemq-platform-operator] [ea04cc47] 00:59:34.877 [pool-6-thread-7] DEBUG c.h.p.o.d.PlatformServiceResource - [helmpods] Desired Platform services (3 services)
2025-01-29 00:59:34,881 INFO c.h.h.t.HelmChartContainer - [hivemq-test-hivemq-platform] [hivemq-platform-operator] [ea04cc47] 00:59:34.878 [pool-6-thread-10] DEBUG c.h.p.o.dependants.PodInfoConfigMap - [helmpods] Desired PodInfo ConfigMap (metrics port: 9399) (metrics path: /)
2025-01-29 00:59:34,881 INFO c.h.h.t.HelmChartContainer - [hivemq-test-hivemq-platform] [hivemq-platform-operator] [ea04cc47] 00:59:34.878 [pool-6-thread-10] DEBUG c.h.p.o.dependants.PodInfoConfigMap - [helmpods] Desired PodInfo ConfigMap (extension state hash: 701793953)
2025-01-29 00:59:34,886 INFO c.h.h.t.HelmChartContainer - [hivemq-test-hivemq-platform] [hivemq-platform-operator] [ea04cc47] 00:59:34.885 [pool-6-thread-7] DEBUG c.h.p.o.d.StatefulSetResource - [helmpods] Desired StatefulSet (1 replicas) for status RESTART_EXTENSIONS (WAIT_FOR_EXTENSION_RESTART)
2025-01-29 00:59:34,891 INFO c.h.h.t.HelmChartContainer - [hivemq-test-hivemq-platform] [hivemq-platform-operator] [ea04cc47] 00:59:34.890 [ReconcilerExecutor-hivemq-controller-121] INFO  c.h.p.o.HiveMQPlatformReconciler - [helmpods] Reconciling HiveMQ Platform 'test-hivemq-platform' in namespace 'helmpodsecuritycontextupgradeextensionit'
2025-01-29 00:59:34,891 INFO c.h.h.t.HelmChartContainer - [hivemq-test-hivemq-platform] [hivemq-platform-operator] [ea04cc47] 00:59:34.890 [ReconcilerExecutor-hivemq-controller-121] DEBUG c.h.p.o.HiveMQPlatformReconciler - [helmpods] Custom Resource Status RESTART_EXTENSIONS - HiveMQ Platform is waiting for extension restart (hivemq-distributed-tracing-extension) (WAIT_FOR_EXTENSION_RESTART)
2025-01-29 00:59:34,891 INFO c.h.h.t.HelmChartContainer - [hivemq-test-hivemq-platform] [hivemq-platform-operator] [ea04cc47] 00:59:34.890 [ReconcilerExecutor-hivemq-controller-121] DEBUG c.h.p.o.HiveMQPlatformReconciler - [helmpods] Custom Resource Spec (replicas: 1) (extensions: 1)
2025-01-29 00:59:34,893 INFO c.h.h.t.HelmChartContainer - [hivemq-test-hivemq-platform] [hivemq-platform-operator] [ea04cc47] 00:59:34.892 [ReconcilerExecutor-hivemq-controller-121] DEBUG c.h.p.o.HiveMQPlatformReconciler - [helmpods] StatefulSet Status (revision: test-hivemq-platform-6778d7488d, replicas: 1, available: 1, ready: 1, current: 1, updated: 1)
2025-01-29 00:59:34,894 INFO c.h.h.t.HelmChartContainer - [hivemq-test-hivemq-platform] [hivemq-platform-operator] [ea04cc47] 00:59:34.892 [ReconcilerExecutor-hivemq-controller-121] DEBUG c.h.p.o.HiveMQPlatformReconciler - [helmpods] StatefulSet Spec (replicas: 1, init containers: 1, containers: 1, volumes: 4)
2025-01-29 00:59:34,950 INFO c.h.h.t.HelmChartContainer - [hivemq-test-hivemq-platform] [hivemq-platform-operator] [ea04cc47] 00:59:34.948 [ReconcilerExecutor-hivemq-controller-121] DEBUG c.h.p.o.h.HiveMQPlatformReconcilerErrorHandler - [helmpods] Pod 'test-hivemq-platform-0' phase Running
2025-01-29 00:59:34,951 INFO c.h.h.t.HelmChartContainer - [hivemq-test-hivemq-platform] [hivemq-platform-operator] [ea04cc47] 00:59:34.950 [ReconcilerExecutor-hivemq-controller-121] INFO  c.h.p.o.h.HiveMQPlatformReconcilerRestartExtensionsHandler - [helmpods] Extension update on Pod 'test-hivemq-platform-0' is still pending
2025-01-29 00:59:35,594 INFO c.h.h.t.HelmChartContainer - [test-hivemq-platform] [hivemq] [a0ef3d25] INFO  - [HiveMQ Platform Operator Init App 1.7.0-SNAPSHOT] Waiting for extension ConfigMap sync (expected hash: 701793953) (current hash: 1904184702)
2025-01-29 00:59:36,594 INFO c.h.h.t.HelmChartContainer - [test-hivemq-platform] [hivemq] [a0ef3d25] INFO  - [HiveMQ Platform Operator Init App 1.7.0-SNAPSHOT] Waiting for extension ConfigMap sync (expected hash: 701793953) (current hash: 1904184702)
2025-01-29 00:59:37,595 INFO c.h.h.t.HelmChartContainer - [test-hivemq-platform] [hivemq] [a0ef3d25] INFO  - [HiveMQ Platform Operator Init App 1.7.0-SNAPSHOT] Waiting for extension ConfigMap sync (expected hash: 701793953) (current hash: 1904184702)
2025-01-29 00:59:38,595 INFO c.h.h.t.HelmChartContainer - [test-hivemq-platform] [hivemq] [a0ef3d25] INFO  - [HiveMQ Platform Operator Init App 1.7.0-SNAPSHOT] Waiting for extension ConfigMap sync (expected hash: 701793953) (current hash: 1904184702)
2025-01-29 00:59:39,596 INFO c.h.h.t.HelmChartContainer - [test-hivemq-platform] [hivemq] [a0ef3d25] INFO  - [HiveMQ Platform Operator Init App 1.7.0-SNAPSHOT] Waiting for extension ConfigMap sync (expected hash: 701793953) (current hash: 1904184702)
2025-01-29 00:59:40,596 INFO c.h.h.t.HelmChartContainer - [test-hivemq-platform] [hivemq] [a0ef3d25] INFO  - [HiveMQ Platform Operator Init App 1.7.0-SNAPSHOT] Waiting for extension ConfigMap sync (expected hash: 701793953) (current hash: 1904184702)
2025-01-29 00:59:41,597 INFO c.h.h.t.HelmChartContainer - [test-hivemq-platform] [hivemq] [a0ef3d25] INFO  - [HiveMQ Platform Operator Init App 1.7.0-SNAPSHOT] Waiting for extension ConfigMap sync (expected hash: 701793953) (current hash: 1904184702)
2025-01-29 00:59:42,597 INFO c.h.h.t.HelmChartContainer - [test-hivemq-platform] [hivemq] [a0ef3d25] INFO  - [HiveMQ Platform Operator Init App 1.7.0-SNAPSHOT] Waiting for extension ConfigMap sync (expected hash: 701793953) (current hash: 1904184702)
2025-01-29 00:59:43,598 INFO c.h.h.t.HelmChartContainer - [test-hivemq-platform] [hivemq] [a0ef3d25] INFO  - [HiveMQ Platform Operator Init App 1.7.0-SNAPSHOT] Waiting for extension ConfigMap sync (expected hash: 701793953) (current hash: 1904184702)
2025-01-29 00:59:44,598 INFO c.h.h.t.HelmChartContainer - [test-hivemq-platform] [hivemq] [a0ef3d25] INFO  - [HiveMQ Platform Operator Init App 1.7.0-SNAPSHOT] Waiting for extension ConfigMap sync (expected hash: 701793953) (current hash: 1904184702)
2025-01-29 00:59:44,956 INFO c.h.h.t.HelmChartContainer - [hivemq-test-hivemq-platform] [hivemq-platform-operator] [ea04cc47] 00:59:44.953 [pool-6-thread-18] DEBUG c.h.p.o.d.PodServiceAccountResource - [helmpods] Desired PodServiceAccountResource (serviceAccountName: hivemq-platform-pod-test-hivemq-platform)
2025-01-29 00:59:44,957 INFO c.h.h.t.HelmChartContainer - [hivemq-test-hivemq-platform] [hivemq-platform-operator] [ea04cc47] 00:59:44.954 [pool-6-thread-14] DEBUG c.h.p.o.dependants.PodInfoConfigMap - [helmpods] Desired PodInfo ConfigMap (1 extensions) (1 enabled)
2025-01-29 00:59:44,957 INFO c.h.h.t.HelmChartContainer - [hivemq-test-hivemq-platform] [hivemq-platform-operator] [ea04cc47] 00:59:44.954 [pool-6-thread-12] DEBUG c.h.p.o.d.PlatformServiceResource - [helmpods] Desired Platform services (3 services)
2025-01-29 00:59:44,957 INFO c.h.h.t.HelmChartContainer - [hivemq-test-hivemq-platform] [hivemq-platform-operator] [ea04cc47] 00:59:44.954 [pool-6-thread-14] DEBUG c.h.p.o.dependants.PodInfoConfigMap - [helmpods] Desired PodInfo ConfigMap (metrics port: 9399) (metrics path: /)
2025-01-29 00:59:44,957 INFO c.h.h.t.HelmChartContainer - [hivemq-test-hivemq-platform] [hivemq-platform-operator] [ea04cc47] 00:59:44.954 [pool-6-thread-14] DEBUG c.h.p.o.dependants.PodInfoConfigMap - [helmpods] Desired PodInfo ConfigMap (extension state hash: 701793953)
2025-01-29 00:59:44,960 INFO c.h.h.t.HelmChartContainer - [hivemq-test-hivemq-platform] [hivemq-platform-operator] [ea04cc47] 00:59:44.959 [pool-6-thread-12] DEBUG c.h.p.o.d.StatefulSetResource - [helmpods] Desired StatefulSet (1 replicas) for status RESTART_EXTENSIONS (WAIT_FOR_EXTENSION_RESTART)
2025-01-29 00:59:44,963 INFO c.h.h.t.HelmChartContainer - [hivemq-test-hivemq-platform] [hivemq-platform-operator] [ea04cc47] 00:59:44.962 [ReconcilerExecutor-hivemq-controller-122] INFO  c.h.p.o.HiveMQPlatformReconciler - [helmpods] Reconciling HiveMQ Platform 'test-hivemq-platform' in namespace 'helmpodsecuritycontextupgradeextensionit'
2025-01-29 00:59:44,965 INFO c.h.h.t.HelmChartContainer - [hivemq-test-hivemq-platform] [hivemq-platform-operator] [ea04cc47] 00:59:44.962 [ReconcilerExecutor-hivemq-controller-122] DEBUG c.h.p.o.HiveMQPlatformReconciler - [helmpods] Custom Resource Status RESTART_EXTENSIONS - HiveMQ Platform is waiting for extension restart (hivemq-distributed-tracing-extension) (WAIT_FOR_EXTENSION_RESTART)
2025-01-29 00:59:44,965 INFO c.h.h.t.HelmChartContainer - [hivemq-test-hivemq-platform] [hivemq-platform-operator] [ea04cc47] 00:59:44.962 [ReconcilerExecutor-hivemq-controller-122] DEBUG c.h.p.o.HiveMQPlatformReconciler - [helmpods] Custom Resource Spec (replicas: 1) (extensions: 1)
2025-01-29 00:59:44,965 INFO c.h.h.t.HelmChartContainer - [hivemq-test-hivemq-platform] [hivemq-platform-operator] [ea04cc47] 00:59:44.964 [ReconcilerExecutor-hivemq-controller-122] DEBUG c.h.p.o.HiveMQPlatformReconciler - [helmpods] StatefulSet Status (revision: test-hivemq-platform-6778d7488d, replicas: 1, available: 1, ready: 1, current: 1, updated: 1)
2025-01-29 00:59:44,965 INFO c.h.h.t.HelmChartContainer - [hivemq-test-hivemq-platform] [hivemq-platform-operator] [ea04cc47] 00:59:44.964 [ReconcilerExecutor-hivemq-controller-122] DEBUG c.h.p.o.HiveMQPlatformReconciler - [helmpods] StatefulSet Spec (replicas: 1, init containers: 1, containers: 1, volumes: 4)
2025-01-29 00:59:44,966 INFO c.h.h.t.HelmChartContainer - [hivemq-test-hivemq-platform] [hivemq-platform-operator] [ea04cc47] 00:59:44.965 [ReconcilerExecutor-hivemq-controller-122] DEBUG c.h.p.o.h.HiveMQPlatformReconcilerErrorHandler - [helmpods] Pod 'test-hivemq-platform-0' phase Running
2025-01-29 00:59:44,971 INFO c.h.h.t.HelmChartContainer - [hivemq-test-hivemq-platform] [hivemq-platform-operator] [ea04cc47] 00:59:44.971 [ReconcilerExecutor-hivemq-controller-122] DEBUG c.h.p.o.h.HiveMQPlatformReconcilerRestartExtensionsHandler - [helmpods] Checking update extension status on Pod 'test-hivemq-platform-0'
2025-01-29 00:59:45,096 INFO c.h.h.t.HelmChartContainer - [test-hivemq-platform] [hivemq] [a0ef3d25] INFO  - [HiveMQ Platform Operator Init App 1.7.0-SNAPSHOT] Extension update is pending (0 errors)
2025-01-29 00:59:45,099 INFO c.h.h.t.HelmChartContainer - [hivemq-test-hivemq-platform] [hivemq-platform-operator] [ea04cc47] 00:59:45.099 [vert.x-eventloop-thread-1] DEBUG c.h.platform.operator.util.PodUtil - Received status for command '[curl, -s, http://10.42.0.6:7979/updateExtensionStatus]' on Pod 'test-hivemq-platform-0' (exit code: 0)
2025-01-29 00:59:45,599 INFO c.h.h.t.HelmChartContainer - [test-hivemq-platform] [hivemq] [a0ef3d25] INFO  - [HiveMQ Platform Operator Init App 1.7.0-SNAPSHOT] Waiting for extension ConfigMap sync (expected hash: 701793953) (current hash: 1904184702)
2025-01-29 00:59:46,073 INFO c.h.h.t.HelmChartContainer - [hivemq-test-hivemq-platform] [hivemq-platform-operator] [ea04cc47] 00:59:46.071 [pool-6-thread-22] DEBUG c.h.p.o.d.PodServiceAccountResource - [helmpods] Desired PodServiceAccountResource (serviceAccountName: hivemq-platform-pod-test-hivemq-platform)
2025-01-29 00:59:46,074 INFO c.h.h.t.HelmChartContainer - [hivemq-test-hivemq-platform] [hivemq-platform-operator] [ea04cc47] 00:59:46.072 [pool-6-thread-24] DEBUG c.h.p.o.d.PlatformServiceResource - [helmpods] Desired Platform services (3 services)
2025-01-29 00:59:46,074 INFO c.h.h.t.HelmChartContainer - [hivemq-test-hivemq-platform] [hivemq-platform-operator] [ea04cc47] 00:59:46.072 [pool-6-thread-25] DEBUG c.h.p.o.dependants.PodInfoConfigMap - [helmpods] Desired PodInfo ConfigMap (1 extensions) (1 enabled)
2025-01-29 00:59:46,074 INFO c.h.h.t.HelmChartContainer - [hivemq-test-hivemq-platform] [hivemq-platform-operator] [ea04cc47] 00:59:46.073 [pool-6-thread-25] DEBUG c.h.p.o.dependants.PodInfoConfigMap - [helmpods] Desired PodInfo ConfigMap (metrics port: 9399) (metrics path: /)
2025-01-29 00:59:46,075 INFO c.h.h.t.HelmChartContainer - [hivemq-test-hivemq-platform] [hivemq-platform-operator] [ea04cc47] 00:59:46.073 [pool-6-thread-25] DEBUG c.h.p.o.dependants.PodInfoConfigMap - [helmpods] Desired PodInfo ConfigMap (extension state hash: 701793953)
2025-01-29 00:59:46,079 INFO c.h.h.t.HelmChartContainer - [hivemq-test-hivemq-platform] [hivemq-platform-operator] [ea04cc47] 00:59:46.077 [pool-6-thread-24] DEBUG c.h.p.o.d.StatefulSetResource - [helmpods] Desired StatefulSet (1 replicas) for status RESTART_EXTENSIONS (WAIT_FOR_EXTENSION_RESTART)
2025-01-29 00:59:46,081 INFO c.h.h.t.HelmChartContainer - [hivemq-test-hivemq-platform] [hivemq-platform-operator] [ea04cc47] 00:59:46.080 [ReconcilerExecutor-hivemq-controller-123] INFO  c.h.p.o.HiveMQPlatformReconciler - [helmpods] Reconciling HiveMQ Platform 'test-hivemq-platform' in namespace 'helmpodsecuritycontextupgradeextensionit'
2025-01-29 00:59:46,081 INFO c.h.h.t.HelmChartContainer - [hivemq-test-hivemq-platform] [hivemq-platform-operator] [ea04cc47] 00:59:46.081 [ReconcilerExecutor-hivemq-controller-123] DEBUG c.h.p.o.HiveMQPlatformReconciler - [helmpods] Custom Resource Status RESTART_EXTENSIONS - HiveMQ Platform is waiting for extension restart (hivemq-distributed-tracing-extension) (WAIT_FOR_EXTENSION_RESTART)
2025-01-29 00:59:46,081 INFO c.h.h.t.HelmChartContainer - [hivemq-test-hivemq-platform] [hivemq-platform-operator] [ea04cc47] 00:59:46.081 [ReconcilerExecutor-hivemq-controller-123] DEBUG c.h.p.o.HiveMQPlatformReconciler - [helmpods] Custom Resource Spec (replicas: 1) (extensions: 1)
2025-01-29 00:59:46,083 INFO c.h.h.t.HelmChartContainer - [hivemq-test-hivemq-platform] [hivemq-platform-operator] [ea04cc47] 00:59:46.082 [ReconcilerExecutor-hivemq-controller-123] DEBUG c.h.p.o.HiveMQPlatformReconciler - [helmpods] StatefulSet Status (revision: test-hivemq-platform-6778d7488d, replicas: 1, available: 1, ready: 1, current: 1, updated: 1)
2025-01-29 00:59:46,083 INFO c.h.h.t.HelmChartContainer - [hivemq-test-hivemq-platform] [hivemq-platform-operator] [ea04cc47] 00:59:46.082 [ReconcilerExecutor-hivemq-controller-123] DEBUG c.h.p.o.HiveMQPlatformReconciler - [helmpods] StatefulSet Spec (replicas: 1, init containers: 1, containers: 1, volumes: 4)
2025-01-29 00:59:46,084 INFO c.h.h.t.HelmChartContainer - [hivemq-test-hivemq-platform] [hivemq-platform-operator] [ea04cc47] 00:59:46.083 [ReconcilerExecutor-hivemq-controller-123] DEBUG c.h.p.o.h.HiveMQPlatformReconcilerErrorHandler - [helmpods] Pod 'test-hivemq-platform-0' phase Running
2025-01-29 00:59:46,085 INFO c.h.h.t.HelmChartContainer - [hivemq-test-hivemq-platform] [hivemq-platform-operator] [ea04cc47] 00:59:46.084 [ReconcilerExecutor-hivemq-controller-123] INFO  c.h.p.o.h.HiveMQPlatformReconcilerRestartExtensionsHandler - [helmpods] Extension update on Pod 'test-hivemq-platform-0' is still pending
2025-01-29 00:59:46,599 INFO c.h.h.t.HelmChartContainer - [test-hivemq-platform] [hivemq] [a0ef3d25] INFO  - [HiveMQ Platform Operator Init App 1.7.0-SNAPSHOT] Waiting for extension ConfigMap sync (expected hash: 701793953) (current hash: 1904184702)
2025-01-29 00:59:47,599 INFO c.h.h.t.HelmChartContainer - [test-hivemq-platform] [hivemq] [a0ef3d25] INFO  - [HiveMQ Platform Operator Init App 1.7.0-SNAPSHOT] Waiting for extension ConfigMap sync (expected hash: 701793953) (current hash: 1904184702)
2025-01-29 00:59:48,600 INFO c.h.h.t.HelmChartContainer - [test-hivemq-platform] [hivemq] [a0ef3d25] INFO  - [HiveMQ Platform Operator Init App 1.7.0-SNAPSHOT] Waiting for extension ConfigMap sync (expected hash: 701793953) (current hash: 1904184702)
2025-01-29 00:59:49,601 INFO c.h.h.t.HelmChartContainer - [test-hivemq-platform] [hivemq] [a0ef3d25] INFO  - [HiveMQ Platform Operator Init App 1.7.0-SNAPSHOT] Waiting for extension ConfigMap sync (expected hash: 701793953) (current hash: 1904184702)
2025-01-29 00:59:50,601 INFO c.h.h.t.HelmChartContainer - [test-hivemq-platform] [hivemq] [a0ef3d25] INFO  - [HiveMQ Platform Operator Init App 1.7.0-SNAPSHOT] Waiting for extension ConfigMap sync (expected hash: 701793953) (current hash: 1904184702)
2025-01-29 00:59:51,601 INFO c.h.h.t.HelmChartContainer - [test-hivemq-platform] [hivemq] [a0ef3d25] INFO  - [HiveMQ Platform Operator Init App 1.7.0-SNAPSHOT] Waiting for extension ConfigMap sync (expected hash: 701793953) (current hash: 1904184702)
2025-01-29 00:59:52,602 INFO c.h.h.t.HelmChartContainer - [test-hivemq-platform] [hivemq] [a0ef3d25] INFO  - [HiveMQ Platform Operator Init App 1.7.0-SNAPSHOT] Waiting for extension ConfigMap sync (expected hash: 701793953) (current hash: 1904184702)
2025-01-29 00:59:53,602 INFO c.h.h.t.HelmChartContainer - [test-hivemq-platform] [hivemq] [a0ef3d25] INFO  - [HiveMQ Platform Operator Init App 1.7.0-SNAPSHOT] Waiting for extension ConfigMap sync (expected hash: 701793953) (current hash: 1904184702)
2025-01-29 00:59:54,603 INFO c.h.h.t.HelmChartContainer - [test-hivemq-platform] [hivemq] [a0ef3d25] INFO  - [HiveMQ Platform Operator Init App 1.7.0-SNAPSHOT] Waiting for extension ConfigMap sync (expected hash: 701793953) (current hash: 1904184702)
2025-01-29 00:59:55,603 INFO c.h.h.t.HelmChartContainer - [test-hivemq-platform] [hivemq] [a0ef3d25] INFO  - [HiveMQ Platform Operator Init App 1.7.0-SNAPSHOT] Waiting for extension ConfigMap sync (expected hash: 701793953) (current hash: 1904184702)
2025-01-29 00:59:56,088 INFO c.h.h.t.HelmChartContainer - [hivemq-test-hivemq-platform] [hivemq-platform-operator] [ea04cc47] 00:59:56.087 [pool-6-thread-33] DEBUG c.h.p.o.d.PlatformServiceResource - [helmpods] Desired Platform services (3 services)
2025-01-29 00:59:56,090 INFO c.h.h.t.HelmChartContainer - [hivemq-test-hivemq-platform] [hivemq-platform-operator] [ea04cc47] 00:59:56.088 [pool-6-thread-38] DEBUG c.h.p.o.d.PodServiceAccountResource - [helmpods] Desired PodServiceAccountResource (serviceAccountName: hivemq-platform-pod-test-hivemq-platform)
2025-01-29 00:59:56,091 INFO c.h.h.t.HelmChartContainer - [hivemq-test-hivemq-platform] [hivemq-platform-operator] [ea04cc47] 00:59:56.091 [pool-6-thread-36] DEBUG c.h.p.o.dependants.PodInfoConfigMap - [helmpods] Desired PodInfo ConfigMap (1 extensions) (1 enabled)
2025-01-29 00:59:56,092 INFO c.h.h.t.HelmChartContainer - [hivemq-test-hivemq-platform] [hivemq-platform-operator] [ea04cc47] 00:59:56.091 [pool-6-thread-36] DEBUG c.h.p.o.dependants.PodInfoConfigMap - [helmpods] Desired PodInfo ConfigMap (metrics port: 9399) (metrics path: /)
2025-01-29 00:59:56,093 INFO c.h.h.t.HelmChartContainer - [hivemq-test-hivemq-platform] [hivemq-platform-operator] [ea04cc47] 00:59:56.091 [pool-6-thread-36] DEBUG c.h.p.o.dependants.PodInfoConfigMap - [helmpods] Desired PodInfo ConfigMap (extension state hash: 701793953)
2025-01-29 00:59:56,094 INFO c.h.h.t.HelmChartContainer - [hivemq-test-hivemq-platform] [hivemq-platform-operator] [ea04cc47] 00:59:56.093 [pool-6-thread-36] DEBUG c.h.p.o.d.StatefulSetResource - [helmpods] Desired StatefulSet (1 replicas) for status RESTART_EXTENSIONS (WAIT_FOR_EXTENSION_RESTART)
2025-01-29 00:59:56,097 INFO c.h.h.t.HelmChartContainer - [hivemq-test-hivemq-platform] [hivemq-platform-operator] [ea04cc47] 00:59:56.097 [ReconcilerExecutor-hivemq-controller-124] INFO  c.h.p.o.HiveMQPlatformReconciler - [helmpods] Reconciling HiveMQ Platform 'test-hivemq-platform' in namespace 'helmpodsecuritycontextupgradeextensionit'
2025-01-29 00:59:56,097 INFO c.h.h.t.HelmChartContainer - [hivemq-test-hivemq-platform] [hivemq-platform-operator] [ea04cc47] 00:59:56.097 [ReconcilerExecutor-hivemq-controller-124] DEBUG c.h.p.o.HiveMQPlatformReconciler - [helmpods] Custom Resource Status RESTART_EXTENSIONS - HiveMQ Platform is waiting for extension restart (hivemq-distributed-tracing-extension) (WAIT_FOR_EXTENSION_RESTART)
2025-01-29 00:59:56,097 INFO c.h.h.t.HelmChartContainer - [hivemq-test-hivemq-platform] [hivemq-platform-operator] [ea04cc47] 00:59:56.097 [ReconcilerExecutor-hivemq-controller-124] DEBUG c.h.p.o.HiveMQPlatformReconciler - [helmpods] Custom Resource Spec (replicas: 1) (extensions: 1)
2025-01-29 00:59:56,100 INFO c.h.h.t.HelmChartContainer - [hivemq-test-hivemq-platform] [hivemq-platform-operator] [ea04cc47] 00:59:56.098 [ReconcilerExecutor-hivemq-controller-124] DEBUG c.h.p.o.HiveMQPlatformReconciler - [helmpods] StatefulSet Status (revision: test-hivemq-platform-6778d7488d, replicas: 1, available: 1, ready: 1, current: 1, updated: 1)
2025-01-29 00:59:56,101 INFO c.h.h.t.HelmChartContainer - [hivemq-test-hivemq-platform] [hivemq-platform-operator] [ea04cc47] 00:59:56.099 [ReconcilerExecutor-hivemq-controller-124] DEBUG c.h.p.o.HiveMQPlatformReconciler - [helmpods] StatefulSet Spec (replicas: 1, init containers: 1, containers: 1, volumes: 4)
2025-01-29 00:59:56,103 INFO c.h.h.t.HelmChartContainer - [hivemq-test-hivemq-platform] [hivemq-platform-operator] [ea04cc47] 00:59:56.100 [ReconcilerExecutor-hivemq-controller-124] DEBUG c.h.p.o.h.HiveMQPlatformReconcilerErrorHandler - [helmpods] Pod 'test-hivemq-platform-0' phase Running
2025-01-29 00:59:56,149 INFO c.h.h.t.HelmChartContainer - [hivemq-test-hivemq-platform] [hivemq-platform-operator] [ea04cc47] 00:59:56.148 [ReconcilerExecutor-hivemq-controller-124] DEBUG c.h.p.o.h.HiveMQPlatformReconcilerRestartExtensionsHandler - [helmpods] Checking update extension status on Pod 'test-hivemq-platform-0'
2025-01-29 00:59:56,198 INFO c.h.h.t.HelmChartContainer - [test-hivemq-platform] [hivemq] [a0ef3d25] INFO  - [HiveMQ Platform Operator Init App 1.7.0-SNAPSHOT] Extension update is pending (0 errors)
2025-01-29 00:59:56,201 INFO c.h.h.t.HelmChartContainer - [hivemq-test-hivemq-platform] [hivemq-platform-operator] [ea04cc47] 00:59:56.201 [vert.x-eventloop-thread-0] DEBUG c.h.platform.operator.util.PodUtil - Received status for command '[curl, -s, http://10.42.0.6:7979/updateExtensionStatus]' on Pod 'test-hivemq-platform-0' (exit code: 0)
2025-01-29 00:59:56,604 INFO c.h.h.t.HelmChartContainer - [test-hivemq-platform] [hivemq] [a0ef3d25] INFO  - [HiveMQ Platform Operator Init App 1.7.0-SNAPSHOT] Waiting for extension ConfigMap sync (expected hash: 701793953) (current hash: 1904184702)
2025-01-29 00:59:57,178 INFO c.h.h.t.HelmChartContainer - [hivemq-test-hivemq-platform] [hivemq-platform-operator] [ea04cc47] 00:59:57.175 [pool-6-thread-41] DEBUG c.h.p.o.d.PlatformServiceResource - [helmpods] Desired Platform services (3 services)
2025-01-29 00:59:57,179 INFO c.h.h.t.HelmChartContainer - [hivemq-test-hivemq-platform] [hivemq-platform-operator] [ea04cc47] 00:59:57.176 [pool-6-thread-48] DEBUG c.h.p.o.d.PodServiceAccountResource - [helmpods] Desired PodServiceAccountResource (serviceAccountName: hivemq-platform-pod-test-hivemq-platform)
2025-01-29 00:59:57,179 INFO c.h.h.t.HelmChartContainer - [hivemq-test-hivemq-platform] [hivemq-platform-operator] [ea04cc47] 00:59:57.177 [pool-6-thread-43] DEBUG c.h.p.o.dependants.PodInfoConfigMap - [helmpods] Desired PodInfo ConfigMap (1 extensions) (1 enabled)
2025-01-29 00:59:57,179 INFO c.h.h.t.HelmChartContainer - [hivemq-test-hivemq-platform] [hivemq-platform-operator] [ea04cc47] 00:59:57.177 [pool-6-thread-43] DEBUG c.h.p.o.dependants.PodInfoConfigMap - [helmpods] Desired PodInfo ConfigMap (metrics port: 9399) (metrics path: /)
2025-01-29 00:59:57,179 INFO c.h.h.t.HelmChartContainer - [hivemq-test-hivemq-platform] [hivemq-platform-operator] [ea04cc47] 00:59:57.177 [pool-6-thread-43] DEBUG c.h.p.o.dependants.PodInfoConfigMap - [helmpods] Desired PodInfo ConfigMap (extension state hash: 701793953)
2025-01-29 00:59:57,184 INFO c.h.h.t.HelmChartContainer - [hivemq-test-hivemq-platform] [hivemq-platform-operator] [ea04cc47] 00:59:57.180 [pool-6-thread-41] DEBUG c.h.p.o.d.StatefulSetResource - [helmpods] Desired StatefulSet (1 replicas) for status RESTART_EXTENSIONS (WAIT_FOR_EXTENSION_RESTART)
2025-01-29 00:59:57,257 INFO c.h.h.t.HelmChartContainer - [hivemq-test-hivemq-platform] [hivemq-platform-operator] [ea04cc47] 00:59:57.254 [ReconcilerExecutor-hivemq-controller-125] INFO  c.h.p.o.HiveMQPlatformReconciler - [helmpods] Reconciling HiveMQ Platform 'test-hivemq-platform' in namespace 'helmpodsecuritycontextupgradeextensionit'
2025-01-29 00:59:57,257 INFO c.h.h.t.HelmChartContainer - [hivemq-test-hivemq-platform] [hivemq-platform-operator] [ea04cc47] 00:59:57.254 [ReconcilerExecutor-hivemq-controller-125] DEBUG c.h.p.o.HiveMQPlatformReconciler - [helmpods] Custom Resource Status RESTART_EXTENSIONS - HiveMQ Platform is waiting for extension restart (hivemq-distributed-tracing-extension) (WAIT_FOR_EXTENSION_RESTART)
2025-01-29 00:59:57,257 INFO c.h.h.t.HelmChartContainer - [hivemq-test-hivemq-platform] [hivemq-platform-operator] [ea04cc47] 00:59:57.254 [ReconcilerExecutor-hivemq-controller-125] DEBUG c.h.p.o.HiveMQPlatformReconciler - [helmpods] Custom Resource Spec (replicas: 1) (extensions: 1)
2025-01-29 00:59:57,259 INFO c.h.h.t.HelmChartContainer - [hivemq-test-hivemq-platform] [hivemq-platform-operator] [ea04cc47] 00:59:57.258 [ReconcilerExecutor-hivemq-controller-125] DEBUG c.h.p.o.HiveMQPlatformReconciler - [helmpods] StatefulSet Status (revision: test-hivemq-platform-6778d7488d, replicas: 1, available: 1, ready: 1, current: 1, updated: 1)
2025-01-29 00:59:57,259 INFO c.h.h.t.HelmChartContainer - [hivemq-test-hivemq-platform] [hivemq-platform-operator] [ea04cc47] 00:59:57.258 [ReconcilerExecutor-hivemq-controller-125] DEBUG c.h.p.o.HiveMQPlatformReconciler - [helmpods] StatefulSet Spec (replicas: 1, init containers: 1, containers: 1, volumes: 4)
2025-01-29 00:59:57,260 INFO c.h.h.t.HelmChartContainer - [hivemq-test-hivemq-platform] [hivemq-platform-operator] [ea04cc47] 00:59:57.259 [ReconcilerExecutor-hivemq-controller-125] DEBUG c.h.p.o.h.HiveMQPlatformReconcilerErrorHandler - [helmpods] Pod 'test-hivemq-platform-0' phase Running
2025-01-29 00:59:57,261 INFO c.h.h.t.HelmChartContainer - [hivemq-test-hivemq-platform] [hivemq-platform-operator] [ea04cc47] 00:59:57.260 [ReconcilerExecutor-hivemq-controller-125] INFO  c.h.p.o.h.HiveMQPlatformReconcilerRestartExtensionsHandler - [helmpods] Extension update on Pod 'test-hivemq-platform-0' is still pending
2025-01-29 00:59:57,604 INFO c.h.h.t.HelmChartContainer - [test-hivemq-platform] [hivemq] [a0ef3d25] INFO  - [HiveMQ Platform Operator Init App 1.7.0-SNAPSHOT] Waiting for extension ConfigMap sync (expected hash: 701793953) (current hash: 1904184702)
2025-01-29 00:59:58,605 INFO c.h.h.t.HelmChartContainer - [test-hivemq-platform] [hivemq] [a0ef3d25] INFO  - [HiveMQ Platform Operator Init App 1.7.0-SNAPSHOT] Waiting for extension ConfigMap sync (expected hash: 701793953) (current hash: 1904184702)
2025-01-29 00:59:59,605 INFO c.h.h.t.HelmChartContainer - [test-hivemq-platform] [hivemq] [a0ef3d25] INFO  - [HiveMQ Platform Operator Init App 1.7.0-SNAPSHOT] Waiting for extension ConfigMap sync (expected hash: 701793953) (current hash: 1904184702)
2025-01-29 01:00:00,605 INFO c.h.h.t.HelmChartContainer - [test-hivemq-platform] [hivemq] [a0ef3d25] INFO  - [HiveMQ Platform Operator Init App 1.7.0-SNAPSHOT] Waiting for extension ConfigMap sync (expected hash: 701793953) (current hash: 1904184702)
2025-01-29 01:00:01,606 INFO c.h.h.t.HelmChartContainer - [test-hivemq-platform] [hivemq] [a0ef3d25] INFO  - [HiveMQ Platform Operator Init App 1.7.0-SNAPSHOT] Waiting for extension ConfigMap sync (expected hash: 701793953) (current hash: 1904184702)
2025-01-29 01:00:02,606 INFO c.h.h.t.HelmChartContainer - [test-hivemq-platform] [hivemq] [a0ef3d25] INFO  - [HiveMQ Platform Operator Init App 1.7.0-SNAPSHOT] Waiting for extension ConfigMap sync (expected hash: 701793953) (current hash: 1904184702)
2025-01-29 01:00:03,607 INFO c.h.h.t.HelmChartContainer - [test-hivemq-platform] [hivemq] [a0ef3d25] INFO  - [HiveMQ Platform Operator Init App 1.7.0-SNAPSHOT] Waiting for extension ConfigMap sync (expected hash: 701793953) (current hash: 1904184702)
2025-01-29 01:00:04,607 INFO c.h.h.t.HelmChartContainer - [test-hivemq-platform] [hivemq] [a0ef3d25] INFO  - [HiveMQ Platform Operator Init App 1.7.0-SNAPSHOT] Waiting for extension ConfigMap sync (expected hash: 701793953) (current hash: 1904184702)
2025-01-29 01:00:05,608 INFO c.h.h.t.HelmChartContainer - [test-hivemq-platform] [hivemq] [a0ef3d25] INFO  - [HiveMQ Platform Operator Init App 1.7.0-SNAPSHOT] Waiting for extension ConfigMap sync (expected hash: 701793953) (current hash: 1904184702)
2025-01-29 01:00:06,608 INFO c.h.h.t.HelmChartContainer - [test-hivemq-platform] [hivemq] [a0ef3d25] INFO  - [HiveMQ Platform Operator Init App 1.7.0-SNAPSHOT] Waiting for extension ConfigMap sync (expected hash: 701793953) (current hash: 1904184702)
2025-01-29 01:00:07,265 INFO c.h.h.t.HelmChartContainer - [hivemq-test-hivemq-platform] [hivemq-platform-operator] [ea04cc47] 01:00:07.263 [pool-6-thread-2] DEBUG c.h.p.o.d.PlatformServiceResource - [helmpods] Desired Platform services (3 services)
2025-01-29 01:00:07,265 INFO c.h.h.t.HelmChartContainer - [hivemq-test-hivemq-platform] [hivemq-platform-operator] [ea04cc47] 01:00:07.264 [pool-6-thread-9] DEBUG c.h.p.o.dependants.PodInfoConfigMap - [helmpods] Desired PodInfo ConfigMap (1 extensions) (1 enabled)
2025-01-29 01:00:07,265 INFO c.h.h.t.HelmChartContainer - [hivemq-test-hivemq-platform] [hivemq-platform-operator] [ea04cc47] 01:00:07.264 [pool-6-thread-9] DEBUG c.h.p.o.dependants.PodInfoConfigMap - [helmpods] Desired PodInfo ConfigMap (metrics port: 9399) (metrics path: /)
2025-01-29 01:00:07,265 INFO c.h.h.t.HelmChartContainer - [hivemq-test-hivemq-platform] [hivemq-platform-operator] [ea04cc47] 01:00:07.264 [pool-6-thread-9] DEBUG c.h.p.o.dependants.PodInfoConfigMap - [helmpods] Desired PodInfo ConfigMap (extension state hash: 701793953)
2025-01-29 01:00:07,268 INFO c.h.h.t.HelmChartContainer - [hivemq-test-hivemq-platform] [hivemq-platform-operator] [ea04cc47] 01:00:07.266 [pool-6-thread-6] DEBUG c.h.p.o.d.PodServiceAccountResource - [helmpods] Desired PodServiceAccountResource (serviceAccountName: hivemq-platform-pod-test-hivemq-platform)
2025-01-29 01:00:07,274 INFO c.h.h.t.HelmChartContainer - [hivemq-test-hivemq-platform] [hivemq-platform-operator] [ea04cc47] 01:00:07.272 [pool-6-thread-2] DEBUG c.h.p.o.d.StatefulSetResource - [helmpods] Desired StatefulSet (1 replicas) for status RESTART_EXTENSIONS (WAIT_FOR_EXTENSION_RESTART)
2025-01-29 01:00:07,276 INFO c.h.h.t.HelmChartContainer - [hivemq-test-hivemq-platform] [hivemq-platform-operator] [ea04cc47] 01:00:07.275 [ReconcilerExecutor-hivemq-controller-126] INFO  c.h.p.o.HiveMQPlatformReconciler - [helmpods] Reconciling HiveMQ Platform 'test-hivemq-platform' in namespace 'helmpodsecuritycontextupgradeextensionit'
2025-01-29 01:00:07,278 INFO c.h.h.t.HelmChartContainer - [hivemq-test-hivemq-platform] [hivemq-platform-operator] [ea04cc47] 01:00:07.276 [ReconcilerExecutor-hivemq-controller-126] DEBUG c.h.p.o.HiveMQPlatformReconciler - [helmpods] Custom Resource Status RESTART_EXTENSIONS - HiveMQ Platform is waiting for extension restart (hivemq-distributed-tracing-extension) (WAIT_FOR_EXTENSION_RESTART)
2025-01-29 01:00:07,278 INFO c.h.h.t.HelmChartContainer - [hivemq-test-hivemq-platform] [hivemq-platform-operator] [ea04cc47] 01:00:07.276 [ReconcilerExecutor-hivemq-controller-126] DEBUG c.h.p.o.HiveMQPlatformReconciler - [helmpods] Custom Resource Spec (replicas: 1) (extensions: 1)
2025-01-29 01:00:07,281 INFO c.h.h.t.HelmChartContainer - [hivemq-test-hivemq-platform] [hivemq-platform-operator] [ea04cc47] 01:00:07.277 [ReconcilerExecutor-hivemq-controller-126] DEBUG c.h.p.o.HiveMQPlatformReconciler - [helmpods] StatefulSet Status (revision: test-hivemq-platform-6778d7488d, replicas: 1, available: 1, ready: 1, current: 1, updated: 1)
2025-01-29 01:00:07,281 INFO c.h.h.t.HelmChartContainer - [hivemq-test-hivemq-platform] [hivemq-platform-operator] [ea04cc47] 01:00:07.277 [ReconcilerExecutor-hivemq-controller-126] DEBUG c.h.p.o.HiveMQPlatformReconciler - [helmpods] StatefulSet Spec (replicas: 1, init containers: 1, containers: 1, volumes: 4)
2025-01-29 01:00:07,281 INFO c.h.h.t.HelmChartContainer - [hivemq-test-hivemq-platform] [hivemq-platform-operator] [ea04cc47] 01:00:07.279 [ReconcilerExecutor-hivemq-controller-126] DEBUG c.h.p.o.h.HiveMQPlatformReconcilerErrorHandler - [helmpods] Pod 'test-hivemq-platform-0' phase Running
2025-01-29 01:00:07,351 INFO c.h.h.t.HelmChartContainer - [hivemq-test-hivemq-platform] [hivemq-platform-operator] [ea04cc47] 01:00:07.349 [ReconcilerExecutor-hivemq-controller-126] DEBUG c.h.p.o.h.HiveMQPlatformReconcilerRestartExtensionsHandler - [helmpods] Checking update extension status on Pod 'test-hivemq-platform-0'
2025-01-29 01:00:07,403 INFO c.h.h.t.HelmChartContainer - [test-hivemq-platform] [hivemq] [a0ef3d25] INFO  - [HiveMQ Platform Operator Init App 1.7.0-SNAPSHOT] Extension update is pending (0 errors)
2025-01-29 01:00:07,450 INFO c.h.h.t.HelmChartContainer - [hivemq-test-hivemq-platform] [hivemq-platform-operator] [ea04cc47] 01:00:07.448 [vert.x-eventloop-thread-1] DEBUG c.h.platform.operator.util.PodUtil - Received status for command '[curl, -s, http://10.42.0.6:7979/updateExtensionStatus]' on Pod 'test-hivemq-platform-0' (exit code: 0)
2025-01-29 01:00:07,609 INFO c.h.h.t.HelmChartContainer - [test-hivemq-platform] [hivemq] [a0ef3d25] INFO  - [HiveMQ Platform Operator Init App 1.7.0-SNAPSHOT] Waiting for extension ConfigMap sync (expected hash: 701793953) (current hash: 1904184702)
2025-01-29 01:00:08,379 INFO c.h.h.t.HelmChartContainer - [hivemq-test-hivemq-platform] [hivemq-platform-operator] [ea04cc47] 01:00:08.377 [pool-6-thread-19] DEBUG c.h.p.o.d.PodServiceAccountResource - [helmpods] Desired PodServiceAccountResource (serviceAccountName: hivemq-platform-pod-test-hivemq-platform)
2025-01-29 01:00:08,379 INFO c.h.h.t.HelmChartContainer - [hivemq-test-hivemq-platform] [hivemq-platform-operator] [ea04cc47] 01:00:08.377 [pool-6-thread-18] DEBUG c.h.p.o.dependants.PodInfoConfigMap - [helmpods] Desired PodInfo ConfigMap (1 extensions) (1 enabled)
2025-01-29 01:00:08,379 INFO c.h.h.t.HelmChartContainer - [hivemq-test-hivemq-platform] [hivemq-platform-operator] [ea04cc47] 01:00:08.377 [pool-6-thread-18] DEBUG c.h.p.o.dependants.PodInfoConfigMap - [helmpods] Desired PodInfo ConfigMap (metrics port: 9399) (metrics path: /)
2025-01-29 01:00:08,379 INFO c.h.h.t.HelmChartContainer - [hivemq-test-hivemq-platform] [hivemq-platform-operator] [ea04cc47] 01:00:08.377 [pool-6-thread-18] DEBUG c.h.p.o.dependants.PodInfoConfigMap - [helmpods] Desired PodInfo ConfigMap (extension state hash: 701793953)
2025-01-29 01:00:08,380 INFO c.h.h.t.HelmChartContainer - [hivemq-test-hivemq-platform] [hivemq-platform-operator] [ea04cc47] 01:00:08.377 [pool-6-thread-14] DEBUG c.h.p.o.d.PlatformServiceResource - [helmpods] Desired Platform services (3 services)
2025-01-29 01:00:08,384 INFO c.h.h.t.HelmChartContainer - [hivemq-test-hivemq-platform] [hivemq-platform-operator] [ea04cc47] 01:00:08.383 [pool-6-thread-14] DEBUG c.h.p.o.d.StatefulSetResource - [helmpods] Desired StatefulSet (1 replicas) for status RESTART_EXTENSIONS (WAIT_FOR_EXTENSION_RESTART)
2025-01-29 01:00:08,388 INFO c.h.h.t.HelmChartContainer - [hivemq-test-hivemq-platform] [hivemq-platform-operator] [ea04cc47] 01:00:08.386 [ReconcilerExecutor-hivemq-controller-127] INFO  c.h.p.o.HiveMQPlatformReconciler - [helmpods] Reconciling HiveMQ Platform 'test-hivemq-platform' in namespace 'helmpodsecuritycontextupgradeextensionit'
2025-01-29 01:00:08,388 INFO c.h.h.t.HelmChartContainer - [hivemq-test-hivemq-platform] [hivemq-platform-operator] [ea04cc47] 01:00:08.386 [ReconcilerExecutor-hivemq-controller-127] DEBUG c.h.p.o.HiveMQPlatformReconciler - [helmpods] Custom Resource Status RESTART_EXTENSIONS - HiveMQ Platform is waiting for extension restart (hivemq-distributed-tracing-extension) (WAIT_FOR_EXTENSION_RESTART)
2025-01-29 01:00:08,388 INFO c.h.h.t.HelmChartContainer - [hivemq-test-hivemq-platform] [hivemq-platform-operator] [ea04cc47] 01:00:08.386 [ReconcilerExecutor-hivemq-controller-127] DEBUG c.h.p.o.HiveMQPlatformReconciler - [helmpods] Custom Resource Spec (replicas: 1) (extensions: 1)
2025-01-29 01:00:08,389 INFO c.h.h.t.HelmChartContainer - [hivemq-test-hivemq-platform] [hivemq-platform-operator] [ea04cc47] 01:00:08.388 [ReconcilerExecutor-hivemq-controller-127] DEBUG c.h.p.o.HiveMQPlatformReconciler - [helmpods] StatefulSet Status (revision: test-hivemq-platform-6778d7488d, replicas: 1, available: 1, ready: 1, current: 1, updated: 1)
2025-01-29 01:00:08,391 INFO c.h.h.t.HelmChartContainer - [hivemq-test-hivemq-platform] [hivemq-platform-operator] [ea04cc47] 01:00:08.388 [ReconcilerExecutor-hivemq-controller-127] DEBUG c.h.p.o.HiveMQPlatformReconciler - [helmpods] StatefulSet Spec (replicas: 1, init containers: 1, containers: 1, volumes: 4)
2025-01-29 01:00:08,391 INFO c.h.h.t.HelmChartContainer - [hivemq-test-hivemq-platform] [hivemq-platform-operator] [ea04cc47] 01:00:08.389 [ReconcilerExecutor-hivemq-controller-127] DEBUG c.h.p.o.h.HiveMQPlatformReconcilerErrorHandler - [helmpods] Pod 'test-hivemq-platform-0' phase Running
2025-01-29 01:00:08,391 INFO c.h.h.t.HelmChartContainer - [hivemq-test-hivemq-platform] [hivemq-platform-operator] [ea04cc47] 01:00:08.390 [ReconcilerExecutor-hivemq-controller-127] INFO  c.h.p.o.h.HiveMQPlatformReconcilerRestartExtensionsHandler - [helmpods] Extension update on Pod 'test-hivemq-platform-0' is still pending
2025-01-29 01:00:08,609 INFO c.h.h.t.HelmChartContainer - [test-hivemq-platform] [hivemq] [a0ef3d25] INFO  - [HiveMQ Platform Operator Init App 1.7.0-SNAPSHOT] Waiting for extension ConfigMap sync (expected hash: 701793953) (current hash: 1904184702)
2025-01-29 01:00:09,610 INFO c.h.h.t.HelmChartContainer - [test-hivemq-platform] [hivemq] [a0ef3d25] INFO  - [HiveMQ Platform Operator Init App 1.7.0-SNAPSHOT] Waiting for extension ConfigMap sync (expected hash: 701793953) (current hash: 1904184702)
2025-01-29 01:00:10,610 INFO c.h.h.t.HelmChartContainer - [test-hivemq-platform] [hivemq] [a0ef3d25] INFO  - [HiveMQ Platform Operator Init App 1.7.0-SNAPSHOT] Waiting for extension ConfigMap sync (expected hash: 701793953) (current hash: 1904184702)
2025-01-29 01:00:11,611 INFO c.h.h.t.HelmChartContainer - [test-hivemq-platform] [hivemq] [a0ef3d25] INFO  - [HiveMQ Platform Operator Init App 1.7.0-SNAPSHOT] Waiting for extension ConfigMap sync (expected hash: 701793953) (current hash: 1904184702)
2025-01-29 01:00:12,611 INFO c.h.h.t.HelmChartContainer - [test-hivemq-platform] [hivemq] [a0ef3d25] INFO  - [HiveMQ Platform Operator Init App 1.7.0-SNAPSHOT] Waiting for extension ConfigMap sync (expected hash: 701793953) (current hash: 1904184702)
2025-01-29 01:00:13,611 INFO c.h.h.t.HelmChartContainer - [test-hivemq-platform] [hivemq] [a0ef3d25] INFO  - [HiveMQ Platform Operator Init App 1.7.0-SNAPSHOT] Waiting for extension ConfigMap sync (expected hash: 701793953) (current hash: 1904184702)
2025-01-29 01:00:14,612 INFO c.h.h.t.HelmChartContainer - [test-hivemq-platform] [hivemq] [a0ef3d25] INFO  - [HiveMQ Platform Operator Init App 1.7.0-SNAPSHOT] Waiting for extension ConfigMap sync (expected hash: 701793953) (current hash: 1904184702)
2025-01-29 01:00:15,612 INFO c.h.h.t.HelmChartContainer - [test-hivemq-platform] [hivemq] [a0ef3d25] INFO  - [HiveMQ Platform Operator Init App 1.7.0-SNAPSHOT] Waiting for extension ConfigMap sync (expected hash: 701793953) (current hash: 1904184702)
2025-01-29 01:00:16,613 INFO c.h.h.t.HelmChartContainer - [test-hivemq-platform] [hivemq] [a0ef3d25] INFO  - [HiveMQ Platform Operator Init App 1.7.0-SNAPSHOT] Waiting for extension ConfigMap sync (expected hash: 701793953) (current hash: 1904184702)
2025-01-29 01:00:17,613 INFO c.h.h.t.HelmChartContainer - [test-hivemq-platform] [hivemq] [a0ef3d25] INFO  - [HiveMQ Platform Operator Init App 1.7.0-SNAPSHOT] Waiting for extension ConfigMap sync (expected hash: 701793953) (current hash: 1904184702)
2025-01-29 01:00:18,395 INFO c.h.h.t.HelmChartContainer - [hivemq-test-hivemq-platform] [hivemq-platform-operator] [ea04cc47] 01:00:18.393 [pool-6-thread-23] DEBUG c.h.p.o.d.PlatformServiceResource - [helmpods] Desired Platform services (3 services)
2025-01-29 01:00:18,395 INFO c.h.h.t.HelmChartContainer - [hivemq-test-hivemq-platform] [hivemq-platform-operator] [ea04cc47] 01:00:18.393 [pool-6-thread-22] DEBUG c.h.p.o.dependants.PodInfoConfigMap - [helmpods] Desired PodInfo ConfigMap (1 extensions) (1 enabled)
2025-01-29 01:00:18,395 INFO c.h.h.t.HelmChartContainer - [hivemq-test-hivemq-platform] [hivemq-platform-operator] [ea04cc47] 01:00:18.394 [pool-6-thread-22] DEBUG c.h.p.o.dependants.PodInfoConfigMap - [helmpods] Desired PodInfo ConfigMap (metrics port: 9399) (metrics path: /)
2025-01-29 01:00:18,396 INFO c.h.h.t.HelmChartContainer - [hivemq-test-hivemq-platform] [hivemq-platform-operator] [ea04cc47] 01:00:18.394 [pool-6-thread-22] DEBUG c.h.p.o.dependants.PodInfoConfigMap - [helmpods] Desired PodInfo ConfigMap (extension state hash: 701793953)
2025-01-29 01:00:18,396 INFO c.h.h.t.HelmChartContainer - [hivemq-test-hivemq-platform] [hivemq-platform-operator] [ea04cc47] 01:00:18.394 [pool-6-thread-30] DEBUG c.h.p.o.d.PodServiceAccountResource - [helmpods] Desired PodServiceAccountResource (serviceAccountName: hivemq-platform-pod-test-hivemq-platform)
2025-01-29 01:00:18,400 INFO c.h.h.t.HelmChartContainer - [hivemq-test-hivemq-platform] [hivemq-platform-operator] [ea04cc47] 01:00:18.398 [pool-6-thread-23] DEBUG c.h.p.o.d.StatefulSetResource - [helmpods] Desired StatefulSet (1 replicas) for status RESTART_EXTENSIONS (WAIT_FOR_EXTENSION_RESTART)
2025-01-29 01:00:18,402 INFO c.h.h.t.HelmChartContainer - [hivemq-test-hivemq-platform] [hivemq-platform-operator] [ea04cc47] 01:00:18.401 [ReconcilerExecutor-hivemq-controller-128] INFO  c.h.p.o.HiveMQPlatformReconciler - [helmpods] Reconciling HiveMQ Platform 'test-hivemq-platform' in namespace 'helmpodsecuritycontextupgradeextensionit'
2025-01-29 01:00:18,403 INFO c.h.h.t.HelmChartContainer - [hivemq-test-hivemq-platform] [hivemq-platform-operator] [ea04cc47] 01:00:18.401 [ReconcilerExecutor-hivemq-controller-128] DEBUG c.h.p.o.HiveMQPlatformReconciler - [helmpods] Custom Resource Status RESTART_EXTENSIONS - HiveMQ Platform is waiting for extension restart (hivemq-distributed-tracing-extension) (WAIT_FOR_EXTENSION_RESTART)
2025-01-29 01:00:18,404 INFO c.h.h.t.HelmChartContainer - [hivemq-test-hivemq-platform] [hivemq-platform-operator] [ea04cc47] 01:00:18.401 [ReconcilerExecutor-hivemq-controller-128] DEBUG c.h.p.o.HiveMQPlatformReconciler - [helmpods] Custom Resource Spec (replicas: 1) (extensions: 1)
2025-01-29 01:00:18,404 INFO c.h.h.t.HelmChartContainer - [hivemq-test-hivemq-platform] [hivemq-platform-operator] [ea04cc47] 01:00:18.403 [ReconcilerExecutor-hivemq-controller-128] DEBUG c.h.p.o.HiveMQPlatformReconciler - [helmpods] StatefulSet Status (revision: test-hivemq-platform-6778d7488d, replicas: 1, available: 1, ready: 1, current: 1, updated: 1)
2025-01-29 01:00:18,404 INFO c.h.h.t.HelmChartContainer - [hivemq-test-hivemq-platform] [hivemq-platform-operator] [ea04cc47] 01:00:18.403 [ReconcilerExecutor-hivemq-controller-128] DEBUG c.h.p.o.HiveMQPlatformReconciler - [helmpods] StatefulSet Spec (replicas: 1, init containers: 1, containers: 1, volumes: 4)
2025-01-29 01:00:18,407 INFO c.h.h.t.HelmChartContainer - [hivemq-test-hivemq-platform] [hivemq-platform-operator] [ea04cc47] 01:00:18.404 [ReconcilerExecutor-hivemq-controller-128] DEBUG c.h.p.o.h.HiveMQPlatformReconcilerErrorHandler - [helmpods] Pod 'test-hivemq-platform-0' phase Running
2025-01-29 01:00:18,412 INFO c.h.h.t.HelmChartContainer - [hivemq-test-hivemq-platform] [hivemq-platform-operator] [ea04cc47] 01:00:18.411 [ReconcilerExecutor-hivemq-controller-128] DEBUG c.h.p.o.h.HiveMQPlatformReconcilerRestartExtensionsHandler - [helmpods] Checking update extension status on Pod 'test-hivemq-platform-0'
2025-01-29 01:00:18,493 INFO c.h.h.t.HelmChartContainer - [test-hivemq-platform] [hivemq] [a0ef3d25] INFO  - [HiveMQ Platform Operator Init App 1.7.0-SNAPSHOT] Extension update is pending (0 errors)
2025-01-29 01:00:18,497 INFO c.h.h.t.HelmChartContainer - [hivemq-test-hivemq-platform] [hivemq-platform-operator] [ea04cc47] 01:00:18.496 [vert.x-eventloop-thread-0] DEBUG c.h.platform.operator.util.PodUtil - Received status for command '[curl, -s, http://10.42.0.6:7979/updateExtensionStatus]' on Pod 'test-hivemq-platform-0' (exit code: 0)
2025-01-29 01:00:18,614 INFO c.h.h.t.HelmChartContainer - [test-hivemq-platform] [hivemq] [a0ef3d25] INFO  - [HiveMQ Platform Operator Init App 1.7.0-SNAPSHOT] Waiting for extension ConfigMap sync (expected hash: 701793953) (current hash: 1904184702)
2025-01-29 01:00:19,475 INFO c.h.h.t.HelmChartContainer - [hivemq-test-hivemq-platform] [hivemq-platform-operator] [ea04cc47] 01:00:19.472 [pool-6-thread-31] DEBUG c.h.p.o.d.PlatformServiceResource - [helmpods] Desired Platform services (3 services)
2025-01-29 01:00:19,475 INFO c.h.h.t.HelmChartContainer - [hivemq-test-hivemq-platform] [hivemq-platform-operator] [ea04cc47] 01:00:19.473 [pool-6-thread-35] DEBUG c.h.p.o.dependants.PodInfoConfigMap - [helmpods] Desired PodInfo ConfigMap (1 extensions) (1 enabled)
2025-01-29 01:00:19,475 INFO c.h.h.t.HelmChartContainer - [hivemq-test-hivemq-platform] [hivemq-platform-operator] [ea04cc47] 01:00:19.473 [pool-6-thread-35] DEBUG c.h.p.o.dependants.PodInfoConfigMap - [helmpods] Desired PodInfo ConfigMap (metrics port: 9399) (metrics path: /)
2025-01-29 01:00:19,475 INFO c.h.h.t.HelmChartContainer - [hivemq-test-hivemq-platform] [hivemq-platform-operator] [ea04cc47] 01:00:19.473 [pool-6-thread-35] DEBUG c.h.p.o.dependants.PodInfoConfigMap - [helmpods] Desired PodInfo ConfigMap (extension state hash: 701793953)
2025-01-29 01:00:19,475 INFO c.h.h.t.HelmChartContainer - [hivemq-test-hivemq-platform] [hivemq-platform-operator] [ea04cc47] 01:00:19.473 [pool-6-thread-38] DEBUG c.h.p.o.d.PodServiceAccountResource - [helmpods] Desired PodServiceAccountResource (serviceAccountName: hivemq-platform-pod-test-hivemq-platform)
2025-01-29 01:00:19,477 INFO c.h.h.t.HelmChartContainer - [hivemq-test-hivemq-platform] [hivemq-platform-operator] [ea04cc47] 01:00:19.476 [pool-6-thread-31] DEBUG c.h.p.o.d.StatefulSetResource - [helmpods] Desired StatefulSet (1 replicas) for status RESTART_EXTENSIONS (WAIT_FOR_EXTENSION_RESTART)
2025-01-29 01:00:19,480 INFO c.h.h.t.HelmChartContainer - [hivemq-test-hivemq-platform] [hivemq-platform-operator] [ea04cc47] 01:00:19.479 [ReconcilerExecutor-hivemq-controller-129] INFO  c.h.p.o.HiveMQPlatformReconciler - [helmpods] Reconciling HiveMQ Platform 'test-hivemq-platform' in namespace 'helmpodsecuritycontextupgradeextensionit'
2025-01-29 01:00:19,481 INFO c.h.h.t.HelmChartContainer - [hivemq-test-hivemq-platform] [hivemq-platform-operator] [ea04cc47] 01:00:19.479 [ReconcilerExecutor-hivemq-controller-129] DEBUG c.h.p.o.HiveMQPlatformReconciler - [helmpods] Custom Resource Status RESTART_EXTENSIONS - HiveMQ Platform is waiting for extension restart (hivemq-distributed-tracing-extension) (WAIT_FOR_EXTENSION_RESTART)
2025-01-29 01:00:19,481 INFO c.h.h.t.HelmChartContainer - [hivemq-test-hivemq-platform] [hivemq-platform-operator] [ea04cc47] 01:00:19.480 [ReconcilerExecutor-hivemq-controller-129] DEBUG c.h.p.o.HiveMQPlatformReconciler - [helmpods] Custom Resource Spec (replicas: 1) (extensions: 1)
2025-01-29 01:00:19,482 INFO c.h.h.t.HelmChartContainer - [hivemq-test-hivemq-platform] [hivemq-platform-operator] [ea04cc47] 01:00:19.481 [ReconcilerExecutor-hivemq-controller-129] DEBUG c.h.p.o.HiveMQPlatformReconciler - [helmpods] StatefulSet Status (revision: test-hivemq-platform-6778d7488d, replicas: 1, available: 1, ready: 1, current: 1, updated: 1)
2025-01-29 01:00:19,483 INFO c.h.h.t.HelmChartContainer - [hivemq-test-hivemq-platform] [hivemq-platform-operator] [ea04cc47] 01:00:19.481 [ReconcilerExecutor-hivemq-controller-129] DEBUG c.h.p.o.HiveMQPlatformReconciler - [helmpods] StatefulSet Spec (replicas: 1, init containers: 1, containers: 1, volumes: 4)
2025-01-29 01:00:19,484 INFO c.h.h.t.HelmChartContainer - [hivemq-test-hivemq-platform] [hivemq-platform-operator] [ea04cc47] 01:00:19.483 [ReconcilerExecutor-hivemq-controller-129] DEBUG c.h.p.o.h.HiveMQPlatformReconcilerErrorHandler - [helmpods] Pod 'test-hivemq-platform-0' phase Running
2025-01-29 01:00:19,485 INFO c.h.h.t.HelmChartContainer - [hivemq-test-hivemq-platform] [hivemq-platform-operator] [ea04cc47] 01:00:19.484 [ReconcilerExecutor-hivemq-controller-129] INFO  c.h.p.o.h.HiveMQPlatformReconcilerRestartExtensionsHandler - [helmpods] Extension update on Pod 'test-hivemq-platform-0' is still pending
2025-01-29 01:00:19,614 INFO c.h.h.t.HelmChartContainer - [test-hivemq-platform] [hivemq] [a0ef3d25] INFO  - [HiveMQ Platform Operator Init App 1.7.0-SNAPSHOT] Waiting for extension ConfigMap sync (expected hash: 701793953) (current hash: 1904184702)
2025-01-29 01:00:20,615 INFO c.h.h.t.HelmChartContainer - [test-hivemq-platform] [hivemq] [a0ef3d25] INFO  - [HiveMQ Platform Operator Init App 1.7.0-SNAPSHOT] Waiting for extension ConfigMap sync (expected hash: 701793953) (current hash: 1904184702)
2025-01-29 01:00:21,615 INFO c.h.h.t.HelmChartContainer - [test-hivemq-platform] [hivemq] [a0ef3d25] INFO  - [HiveMQ Platform Operator Init App 1.7.0-SNAPSHOT] Waiting for extension ConfigMap sync (expected hash: 701793953) (current hash: 1904184702)
2025-01-29 01:00:22,616 INFO c.h.h.t.HelmChartContainer - [test-hivemq-platform] [hivemq] [a0ef3d25] INFO  - [HiveMQ Platform Operator Init App 1.7.0-SNAPSHOT] Waiting for extension ConfigMap sync (expected hash: 701793953) (current hash: 1904184702)
2025-01-29 01:00:23,616 INFO c.h.h.t.HelmChartContainer - [test-hivemq-platform] [hivemq] [a0ef3d25] INFO  - [HiveMQ Platform Operator Init App 1.7.0-SNAPSHOT] Waiting for extension ConfigMap sync (expected hash: 701793953) (current hash: 1904184702)
2025-01-29 01:00:24,617 INFO c.h.h.t.HelmChartContainer - [test-hivemq-platform] [hivemq] [a0ef3d25] INFO  - [HiveMQ Platform Operator Init App 1.7.0-SNAPSHOT] Waiting for extension ConfigMap sync (expected hash: 701793953) (current hash: 1904184702)
2025-01-29 01:00:25,617 INFO c.h.h.t.HelmChartContainer - [test-hivemq-platform] [hivemq] [a0ef3d25] INFO  - [HiveMQ Platform Operator Init App 1.7.0-SNAPSHOT] Waiting for extension ConfigMap sync (expected hash: 701793953) (current hash: 1904184702)
2025-01-29 01:00:26,617 INFO c.h.h.t.HelmChartContainer - [test-hivemq-platform] [hivemq] [a0ef3d25] INFO  - [HiveMQ Platform Operator Init App 1.7.0-SNAPSHOT] Waiting for extension ConfigMap sync (expected hash: 701793953) (current hash: 1904184702)
2025-01-29 01:00:27,618 INFO c.h.h.t.HelmChartContainer - [test-hivemq-platform] [hivemq] [a0ef3d25] INFO  - [HiveMQ Platform Operator Init App 1.7.0-SNAPSHOT] Waiting for extension ConfigMap sync (expected hash: 701793953) (current hash: 1904184702)
2025-01-29 01:00:28,618 INFO c.h.h.t.HelmChartContainer - [test-hivemq-platform] [hivemq] [a0ef3d25] INFO  - [HiveMQ Platform Operator Init App 1.7.0-SNAPSHOT] Waiting for extension ConfigMap sync (expected hash: 701793953) (current hash: 1904184702)
2025-01-29 01:00:29,490 INFO c.h.h.t.HelmChartContainer - [hivemq-test-hivemq-platform] [hivemq-platform-operator] [ea04cc47] 01:00:29.487 [pool-6-thread-48] DEBUG c.h.p.o.d.PlatformServiceResource - [helmpods] Desired Platform services (3 services)
2025-01-29 01:00:29,490 INFO c.h.h.t.HelmChartContainer - [hivemq-test-hivemq-platform] [hivemq-platform-operator] [ea04cc47] 01:00:29.487 [pool-6-thread-44] DEBUG c.h.p.o.dependants.PodInfoConfigMap - [helmpods] Desired PodInfo ConfigMap (1 extensions) (1 enabled)
2025-01-29 01:00:29,490 INFO c.h.h.t.HelmChartContainer - [hivemq-test-hivemq-platform] [hivemq-platform-operator] [ea04cc47] 01:00:29.487 [pool-6-thread-44] DEBUG c.h.p.o.dependants.PodInfoConfigMap - [helmpods] Desired PodInfo ConfigMap (metrics port: 9399) (metrics path: /)
2025-01-29 01:00:29,490 INFO c.h.h.t.HelmChartContainer - [hivemq-test-hivemq-platform] [hivemq-platform-operator] [ea04cc47] 01:00:29.487 [pool-6-thread-44] DEBUG c.h.p.o.dependants.PodInfoConfigMap - [helmpods] Desired PodInfo ConfigMap (extension state hash: 701793953)
2025-01-29 01:00:29,490 INFO c.h.h.t.HelmChartContainer - [hivemq-test-hivemq-platform] [hivemq-platform-operator] [ea04cc47] 01:00:29.488 [pool-6-thread-44] DEBUG c.h.p.o.d.PodServiceAccountResource - [helmpods] Desired PodServiceAccountResource (serviceAccountName: hivemq-platform-pod-test-hivemq-platform)
2025-01-29 01:00:29,492 INFO c.h.h.t.HelmChartContainer - [hivemq-test-hivemq-platform] [hivemq-platform-operator] [ea04cc47] 01:00:29.492 [pool-6-thread-48] DEBUG c.h.p.o.d.StatefulSetResource - [helmpods] Desired StatefulSet (1 replicas) for status RESTART_EXTENSIONS (WAIT_FOR_EXTENSION_RESTART)
2025-01-29 01:00:29,495 INFO c.h.h.t.HelmChartContainer - [hivemq-test-hivemq-platform] [hivemq-platform-operator] [ea04cc47] 01:00:29.495 [ReconcilerExecutor-hivemq-controller-130] INFO  c.h.p.o.HiveMQPlatformReconciler - [helmpods] Reconciling HiveMQ Platform 'test-hivemq-platform' in namespace 'helmpodsecuritycontextupgradeextensionit'
2025-01-29 01:00:29,496 INFO c.h.h.t.HelmChartContainer - [hivemq-test-hivemq-platform] [hivemq-platform-operator] [ea04cc47] 01:00:29.495 [ReconcilerExecutor-hivemq-controller-130] DEBUG c.h.p.o.HiveMQPlatformReconciler - [helmpods] Custom Resource Status RESTART_EXTENSIONS - HiveMQ Platform is waiting for extension restart (hivemq-distributed-tracing-extension) (WAIT_FOR_EXTENSION_RESTART)
2025-01-29 01:00:29,497 INFO c.h.h.t.HelmChartContainer - [hivemq-test-hivemq-platform] [hivemq-platform-operator] [ea04cc47] 01:00:29.495 [ReconcilerExecutor-hivemq-controller-130] DEBUG c.h.p.o.HiveMQPlatformReconciler - [helmpods] Custom Resource Spec (replicas: 1) (extensions: 1)
2025-01-29 01:00:29,497 INFO c.h.h.t.HelmChartContainer - [hivemq-test-hivemq-platform] [hivemq-platform-operator] [ea04cc47] 01:00:29.496 [ReconcilerExecutor-hivemq-controller-130] DEBUG c.h.p.o.HiveMQPlatformReconciler - [helmpods] StatefulSet Status (revision: test-hivemq-platform-6778d7488d, replicas: 1, available: 1, ready: 1, current: 1, updated: 1)
2025-01-29 01:00:29,497 INFO c.h.h.t.HelmChartContainer - [hivemq-test-hivemq-platform] [hivemq-platform-operator] [ea04cc47] 01:00:29.496 [ReconcilerExecutor-hivemq-controller-130] DEBUG c.h.p.o.HiveMQPlatformReconciler - [helmpods] StatefulSet Spec (replicas: 1, init containers: 1, containers: 1, volumes: 4)
2025-01-29 01:00:29,499 INFO c.h.h.t.HelmChartContainer - [hivemq-test-hivemq-platform] [hivemq-platform-operator] [ea04cc47] 01:00:29.498 [ReconcilerExecutor-hivemq-controller-130] DEBUG c.h.p.o.h.HiveMQPlatformReconcilerErrorHandler - [helmpods] Pod 'test-hivemq-platform-0' phase Running
2025-01-29 01:00:29,505 INFO c.h.h.t.HelmChartContainer - [hivemq-test-hivemq-platform] [hivemq-platform-operator] [ea04cc47] 01:00:29.505 [ReconcilerExecutor-hivemq-controller-130] DEBUG c.h.p.o.h.HiveMQPlatformReconcilerRestartExtensionsHandler - [helmpods] Checking update extension status on Pod 'test-hivemq-platform-0'
2025-01-29 01:00:29,592 INFO c.h.h.t.HelmChartContainer - [test-hivemq-platform] [hivemq] [a0ef3d25] INFO  - [HiveMQ Platform Operator Init App 1.7.0-SNAPSHOT] Extension update is pending (0 errors)
2025-01-29 01:00:29,596 INFO c.h.h.t.HelmChartContainer - [hivemq-test-hivemq-platform] [hivemq-platform-operator] [ea04cc47] 01:00:29.595 [vert.x-eventloop-thread-1] DEBUG c.h.platform.operator.util.PodUtil - Received status for command '[curl, -s, http://10.42.0.6:7979/updateExtensionStatus]' on Pod 'test-hivemq-platform-0' (exit code: 0)
2025-01-29 01:00:29,619 INFO c.h.h.t.HelmChartContainer - [test-hivemq-platform] [hivemq] [a0ef3d25] INFO  - [HiveMQ Platform Operator Init App 1.7.0-SNAPSHOT] Waiting for extension ConfigMap sync (expected hash: 701793953) (current hash: 1904184702)
2025-01-29 01:00:30,569 INFO c.h.h.t.HelmChartContainer - [hivemq-test-hivemq-platform] [hivemq-platform-operator] [ea04cc47] 01:00:30.567 [pool-6-thread-1] DEBUG c.h.p.o.d.PlatformServiceResource - [helmpods] Desired Platform services (3 services)
2025-01-29 01:00:30,570 INFO c.h.h.t.HelmChartContainer - [hivemq-test-hivemq-platform] [hivemq-platform-operator] [ea04cc47] 01:00:30.568 [pool-6-thread-9] DEBUG c.h.p.o.d.PodServiceAccountResource - [helmpods] Desired PodServiceAccountResource (serviceAccountName: hivemq-platform-pod-test-hivemq-platform)
2025-01-29 01:00:30,570 INFO c.h.h.t.HelmChartContainer - [hivemq-test-hivemq-platform] [hivemq-platform-operator] [ea04cc47] 01:00:30.568 [pool-6-thread-8] DEBUG c.h.p.o.dependants.PodInfoConfigMap - [helmpods] Desired PodInfo ConfigMap (1 extensions) (1 enabled)
2025-01-29 01:00:30,571 INFO c.h.h.t.HelmChartContainer - [hivemq-test-hivemq-platform] [hivemq-platform-operator] [ea04cc47] 01:00:30.568 [pool-6-thread-8] DEBUG c.h.p.o.dependants.PodInfoConfigMap - [helmpods] Desired PodInfo ConfigMap (metrics port: 9399) (metrics path: /)
2025-01-29 01:00:30,571 INFO c.h.h.t.HelmChartContainer - [hivemq-test-hivemq-platform] [hivemq-platform-operator] [ea04cc47] 01:00:30.568 [pool-6-thread-8] DEBUG c.h.p.o.dependants.PodInfoConfigMap - [helmpods] Desired PodInfo ConfigMap (extension state hash: 701793953)
2025-01-29 01:00:30,573 INFO c.h.h.t.HelmChartContainer - [hivemq-test-hivemq-platform] [hivemq-platform-operator] [ea04cc47] 01:00:30.573 [pool-6-thread-1] DEBUG c.h.p.o.d.StatefulSetResource - [helmpods] Desired StatefulSet (1 replicas) for status RESTART_EXTENSIONS (WAIT_FOR_EXTENSION_RESTART)
2025-01-29 01:00:30,576 INFO c.h.h.t.HelmChartContainer - [hivemq-test-hivemq-platform] [hivemq-platform-operator] [ea04cc47] 01:00:30.575 [ReconcilerExecutor-hivemq-controller-131] INFO  c.h.p.o.HiveMQPlatformReconciler - [helmpods] Reconciling HiveMQ Platform 'test-hivemq-platform' in namespace 'helmpodsecuritycontextupgradeextensionit'
2025-01-29 01:00:30,576 INFO c.h.h.t.HelmChartContainer - [hivemq-test-hivemq-platform] [hivemq-platform-operator] [ea04cc47] 01:00:30.575 [ReconcilerExecutor-hivemq-controller-131] DEBUG c.h.p.o.HiveMQPlatformReconciler - [helmpods] Custom Resource Status RESTART_EXTENSIONS - HiveMQ Platform is waiting for extension restart (hivemq-distributed-tracing-extension) (WAIT_FOR_EXTENSION_RESTART)
2025-01-29 01:00:30,576 INFO c.h.h.t.HelmChartContainer - [hivemq-test-hivemq-platform] [hivemq-platform-operator] [ea04cc47] 01:00:30.575 [ReconcilerExecutor-hivemq-controller-131] DEBUG c.h.p.o.HiveMQPlatformReconciler - [helmpods] Custom Resource Spec (replicas: 1) (extensions: 1)
2025-01-29 01:00:30,577 INFO c.h.h.t.HelmChartContainer - [hivemq-test-hivemq-platform] [hivemq-platform-operator] [ea04cc47] 01:00:30.577 [ReconcilerExecutor-hivemq-controller-131] DEBUG c.h.p.o.HiveMQPlatformReconciler - [helmpods] StatefulSet Status (revision: test-hivemq-platform-6778d7488d, replicas: 1, available: 1, ready: 1, current: 1, updated: 1)
2025-01-29 01:00:30,577 INFO c.h.h.t.HelmChartContainer - [hivemq-test-hivemq-platform] [hivemq-platform-operator] [ea04cc47] 01:00:30.577 [ReconcilerExecutor-hivemq-controller-131] DEBUG c.h.p.o.HiveMQPlatformReconciler - [helmpods] StatefulSet Spec (replicas: 1, init containers: 1, containers: 1, volumes: 4)
2025-01-29 01:00:30,578 INFO c.h.h.t.HelmChartContainer - [hivemq-test-hivemq-platform] [hivemq-platform-operator] [ea04cc47] 01:00:30.578 [ReconcilerExecutor-hivemq-controller-131] DEBUG c.h.p.o.h.HiveMQPlatformReconcilerErrorHandler - [helmpods] Pod 'test-hivemq-platform-0' phase Running
2025-01-29 01:00:30,579 INFO c.h.h.t.HelmChartContainer - [hivemq-test-hivemq-platform] [hivemq-platform-operator] [ea04cc47] 01:00:30.578 [ReconcilerExecutor-hivemq-controller-131] INFO  c.h.p.o.h.HiveMQPlatformReconcilerRestartExtensionsHandler - [helmpods] Extension update on Pod 'test-hivemq-platform-0' is still pending
2025-01-29 01:00:30,619 INFO c.h.h.t.HelmChartContainer - [test-hivemq-platform] [hivemq] [a0ef3d25] INFO  - [HiveMQ Platform Operator Init App 1.7.0-SNAPSHOT] Waiting for extension ConfigMap sync (expected hash: 701793953) (current hash: 1904184702)
2025-01-29 01:00:31,619 INFO c.h.h.t.HelmChartContainer - [test-hivemq-platform] [hivemq] [a0ef3d25] INFO  - [HiveMQ Platform Operator Init App 1.7.0-SNAPSHOT] Waiting for extension ConfigMap sync (expected hash: 701793953) (current hash: 1904184702)
2025-01-29 01:00:32,620 INFO c.h.h.t.HelmChartContainer - [test-hivemq-platform] [hivemq] [a0ef3d25] INFO  - [HiveMQ Platform Operator Init App 1.7.0-SNAPSHOT] Waiting for extension ConfigMap sync (expected hash: 701793953) (current hash: 1904184702)
2025-01-29 01:00:33,621 INFO c.h.h.t.HelmChartContainer - [test-hivemq-platform] [hivemq] [a0ef3d25] INFO  - [HiveMQ Platform Operator Init App 1.7.0-SNAPSHOT] Waiting for extension ConfigMap sync (expected hash: 701793953) (current hash: 1904184702)
2025-01-29 01:00:34,621 INFO c.h.h.t.HelmChartContainer - [test-hivemq-platform] [hivemq] [a0ef3d25] INFO  - [HiveMQ Platform Operator Init App 1.7.0-SNAPSHOT] Waiting for extension ConfigMap sync (expected hash: 701793953) (current hash: 1904184702)
2025-01-29 01:00:35,621 INFO c.h.h.t.HelmChartContainer - [test-hivemq-platform] [hivemq] [a0ef3d25] INFO  - [HiveMQ Platform Operator Init App 1.7.0-SNAPSHOT] Waiting for extension ConfigMap sync (expected hash: 701793953) (current hash: 1904184702)
2025-01-29 01:00:36,622 INFO c.h.h.t.HelmChartContainer - [test-hivemq-platform] [hivemq] [a0ef3d25] INFO  - [HiveMQ Platform Operator Init App 1.7.0-SNAPSHOT] Waiting for extension ConfigMap sync (expected hash: 701793953) (current hash: 1904184702)
2025-01-29 01:00:37,622 INFO c.h.h.t.HelmChartContainer - [test-hivemq-platform] [hivemq] [a0ef3d25] INFO  - [HiveMQ Platform Operator Init App 1.7.0-SNAPSHOT] Waiting for extension ConfigMap sync (expected hash: 701793953) (current hash: 1904184702)
2025-01-29 01:00:38,623 INFO c.h.h.t.HelmChartContainer - [test-hivemq-platform] [hivemq] [a0ef3d25] INFO  - [HiveMQ Platform Operator Init App 1.7.0-SNAPSHOT] Waiting for extension ConfigMap sync (expected hash: 701793953) (current hash: 701793953)
2025-01-29 01:00:38,624 INFO c.h.h.t.HelmChartContainer - [test-hivemq-platform] [hivemq] [a0ef3d25] INFO  - [HiveMQ Platform Operator Init App 1.7.0-SNAPSHOT] Updating HiveMQ Platform extension: hivemq-distributed-tracing-extension
2025-01-29 01:00:38,624 INFO c.h.h.t.HelmChartContainer - [test-hivemq-platform] [hivemq] [a0ef3d25] INFO  - [HiveMQ Platform Operator Init App 1.7.0-SNAPSHOT] Updating preinstalled extension hivemq-distributed-tracing-extension
2025-01-29 01:00:38,900 INFO c.h.h.t.HelmChartContainer - [test-hivemq-platform] [hivemq] [a0ef3d25] INFO  - [HiveMQ Platform Operator Init App 1.7.0-SNAPSHOT] Successfully updated extension hivemq-distributed-tracing-extension
2025-01-29 01:00:40,584 INFO c.h.h.t.HelmChartContainer - [hivemq-test-hivemq-platform] [hivemq-platform-operator] [ea04cc47] 01:00:40.581 [pool-6-thread-13] DEBUG c.h.p.o.d.PlatformServiceResource - [helmpods] Desired Platform services (3 services)
2025-01-29 01:00:40,584 INFO c.h.h.t.HelmChartContainer - [hivemq-test-hivemq-platform] [hivemq-platform-operator] [ea04cc47] 01:00:40.582 [pool-6-thread-17] DEBUG c.h.p.o.d.PodServiceAccountResource - [helmpods] Desired PodServiceAccountResource (serviceAccountName: hivemq-platform-pod-test-hivemq-platform)
2025-01-29 01:00:40,584 INFO c.h.h.t.HelmChartContainer - [hivemq-test-hivemq-platform] [hivemq-platform-operator] [ea04cc47] 01:00:40.582 [pool-6-thread-15] DEBUG c.h.p.o.dependants.PodInfoConfigMap - [helmpods] Desired PodInfo ConfigMap (1 extensions) (1 enabled)
2025-01-29 01:00:40,584 INFO c.h.h.t.HelmChartContainer - [hivemq-test-hivemq-platform] [hivemq-platform-operator] [ea04cc47] 01:00:40.582 [pool-6-thread-15] DEBUG c.h.p.o.dependants.PodInfoConfigMap - [helmpods] Desired PodInfo ConfigMap (metrics port: 9399) (metrics path: /)
2025-01-29 01:00:40,584 INFO c.h.h.t.HelmChartContainer - [hivemq-test-hivemq-platform] [hivemq-platform-operator] [ea04cc47] 01:00:40.582 [pool-6-thread-15] DEBUG c.h.p.o.dependants.PodInfoConfigMap - [helmpods] Desired PodInfo ConfigMap (extension state hash: 701793953)
2025-01-29 01:00:40,586 INFO c.h.h.t.HelmChartContainer - [hivemq-test-hivemq-platform] [hivemq-platform-operator] [ea04cc47] 01:00:40.585 [pool-6-thread-13] DEBUG c.h.p.o.d.StatefulSetResource - [helmpods] Desired StatefulSet (1 replicas) for status RESTART_EXTENSIONS (WAIT_FOR_EXTENSION_RESTART)
2025-01-29 01:00:40,588 INFO c.h.h.t.HelmChartContainer - [hivemq-test-hivemq-platform] [hivemq-platform-operator] [ea04cc47] 01:00:40.588 [ReconcilerExecutor-hivemq-controller-132] INFO  c.h.p.o.HiveMQPlatformReconciler - [helmpods] Reconciling HiveMQ Platform 'test-hivemq-platform' in namespace 'helmpodsecuritycontextupgradeextensionit'
2025-01-29 01:00:40,590 INFO c.h.h.t.HelmChartContainer - [hivemq-test-hivemq-platform] [hivemq-platform-operator] [ea04cc47] 01:00:40.588 [ReconcilerExecutor-hivemq-controller-132] DEBUG c.h.p.o.HiveMQPlatformReconciler - [helmpods] Custom Resource Status RESTART_EXTENSIONS - HiveMQ Platform is waiting for extension restart (hivemq-distributed-tracing-extension) (WAIT_FOR_EXTENSION_RESTART)
2025-01-29 01:00:40,590 INFO c.h.h.t.HelmChartContainer - [hivemq-test-hivemq-platform] [hivemq-platform-operator] [ea04cc47] 01:00:40.588 [ReconcilerExecutor-hivemq-controller-132] DEBUG c.h.p.o.HiveMQPlatformReconciler - [helmpods] Custom Resource Spec (replicas: 1) (extensions: 1)
2025-01-29 01:00:40,591 INFO c.h.h.t.HelmChartContainer - [hivemq-test-hivemq-platform] [hivemq-platform-operator] [ea04cc47] 01:00:40.590 [ReconcilerExecutor-hivemq-controller-132] DEBUG c.h.p.o.HiveMQPlatformReconciler - [helmpods] StatefulSet Status (revision: test-hivemq-platform-6778d7488d, replicas: 1, available: 1, ready: 1, current: 1, updated: 1)
2025-01-29 01:00:40,591 INFO c.h.h.t.HelmChartContainer - [hivemq-test-hivemq-platform] [hivemq-platform-operator] [ea04cc47] 01:00:40.590 [ReconcilerExecutor-hivemq-controller-132] DEBUG c.h.p.o.HiveMQPlatformReconciler - [helmpods] StatefulSet Spec (replicas: 1, init containers: 1, containers: 1, volumes: 4)
2025-01-29 01:00:40,592 INFO c.h.h.t.HelmChartContainer - [hivemq-test-hivemq-platform] [hivemq-platform-operator] [ea04cc47] 01:00:40.592 [ReconcilerExecutor-hivemq-controller-132] DEBUG c.h.p.o.h.HiveMQPlatformReconcilerErrorHandler - [helmpods] Pod 'test-hivemq-platform-0' phase Running
2025-01-29 01:00:40,598 INFO c.h.h.t.HelmChartContainer - [hivemq-test-hivemq-platform] [hivemq-platform-operator] [ea04cc47] 01:00:40.597 [ReconcilerExecutor-hivemq-controller-132] DEBUG c.h.p.o.h.HiveMQPlatformReconcilerRestartExtensionsHandler - [helmpods] Checking update extension status on Pod 'test-hivemq-platform-0'
2025-01-29 01:00:40,696 INFO c.h.h.t.HelmChartContainer - [test-hivemq-platform] [hivemq] [a0ef3d25] INFO  - [HiveMQ Platform Operator Init App 1.7.0-SNAPSHOT] Extension update is done (0 errors)
2025-01-29 01:00:40,699 INFO c.h.h.t.HelmChartContainer - [hivemq-test-hivemq-platform] [hivemq-platform-operator] [ea04cc47] 01:00:40.698 [vert.x-eventloop-thread-0] DEBUG c.h.platform.operator.util.PodUtil - Received status for command '[curl, -s, http://10.42.0.6:7979/updateExtensionStatus]' on Pod 'test-hivemq-platform-0' (exit code: 0)
2025-01-29 01:00:41,670 INFO c.h.h.t.HelmChartContainer - [hivemq-test-hivemq-platform] [hivemq-platform-operator] [ea04cc47] 01:00:41.667 [pool-6-thread-26] DEBUG c.h.p.o.d.PlatformServiceResource - [helmpods] Desired Platform services (3 services)
2025-01-29 01:00:41,671 INFO c.h.h.t.HelmChartContainer - [hivemq-test-hivemq-platform] [hivemq-platform-operator] [ea04cc47] 01:00:41.667 [pool-6-thread-29] DEBUG c.h.p.o.dependants.PodInfoConfigMap - [helmpods] Desired PodInfo ConfigMap (1 extensions) (1 enabled)
2025-01-29 01:00:41,671 INFO c.h.h.t.HelmChartContainer - [hivemq-test-hivemq-platform] [hivemq-platform-operator] [ea04cc47] 01:00:41.667 [pool-6-thread-29] DEBUG c.h.p.o.dependants.PodInfoConfigMap - [helmpods] Desired PodInfo ConfigMap (metrics port: 9399) (metrics path: /)
2025-01-29 01:00:41,671 INFO c.h.h.t.HelmChartContainer - [hivemq-test-hivemq-platform] [hivemq-platform-operator] [ea04cc47] 01:00:41.667 [pool-6-thread-29] DEBUG c.h.p.o.dependants.PodInfoConfigMap - [helmpods] Desired PodInfo ConfigMap (extension state hash: 701793953)
2025-01-29 01:00:41,671 INFO c.h.h.t.HelmChartContainer - [hivemq-test-hivemq-platform] [hivemq-platform-operator] [ea04cc47] 01:00:41.668 [pool-6-thread-21] DEBUG c.h.p.o.d.PodServiceAccountResource - [helmpods] Desired PodServiceAccountResource (serviceAccountName: hivemq-platform-pod-test-hivemq-platform)
2025-01-29 01:00:41,671 INFO c.h.h.t.HelmChartContainer - [hivemq-test-hivemq-platform] [hivemq-platform-operator] [ea04cc47] 01:00:41.671 [pool-6-thread-26] DEBUG c.h.p.o.d.StatefulSetResource - [helmpods] Desired StatefulSet (1 replicas) for status RESTART_EXTENSIONS (WAIT_FOR_EXTENSION_RESTART)
2025-01-29 01:00:41,675 INFO c.h.h.t.HelmChartContainer - [hivemq-test-hivemq-platform] [hivemq-platform-operator] [ea04cc47] 01:00:41.674 [ReconcilerExecutor-hivemq-controller-133] INFO  c.h.p.o.HiveMQPlatformReconciler - [helmpods] Reconciling HiveMQ Platform 'test-hivemq-platform' in namespace 'helmpodsecuritycontextupgradeextensionit'
2025-01-29 01:00:41,675 INFO c.h.h.t.HelmChartContainer - [hivemq-test-hivemq-platform] [hivemq-platform-operator] [ea04cc47] 01:00:41.674 [ReconcilerExecutor-hivemq-controller-133] DEBUG c.h.p.o.HiveMQPlatformReconciler - [helmpods] Custom Resource Status RESTART_EXTENSIONS - HiveMQ Platform is waiting for extension restart (hivemq-distributed-tracing-extension) (WAIT_FOR_EXTENSION_RESTART)
2025-01-29 01:00:41,675 INFO c.h.h.t.HelmChartContainer - [hivemq-test-hivemq-platform] [hivemq-platform-operator] [ea04cc47] 01:00:41.674 [ReconcilerExecutor-hivemq-controller-133] DEBUG c.h.p.o.HiveMQPlatformReconciler - [helmpods] Custom Resource Spec (replicas: 1) (extensions: 1)
2025-01-29 01:00:41,676 INFO c.h.h.t.HelmChartContainer - [hivemq-test-hivemq-platform] [hivemq-platform-operator] [ea04cc47] 01:00:41.675 [ReconcilerExecutor-hivemq-controller-133] DEBUG c.h.p.o.HiveMQPlatformReconciler - [helmpods] StatefulSet Status (revision: test-hivemq-platform-6778d7488d, replicas: 1, available: 1, ready: 1, current: 1, updated: 1)
2025-01-29 01:00:41,677 INFO c.h.h.t.HelmChartContainer - [hivemq-test-hivemq-platform] [hivemq-platform-operator] [ea04cc47] 01:00:41.675 [ReconcilerExecutor-hivemq-controller-133] DEBUG c.h.p.o.HiveMQPlatformReconciler - [helmpods] StatefulSet Spec (replicas: 1, init containers: 1, containers: 1, volumes: 4)
2025-01-29 01:00:41,678 INFO c.h.h.t.HelmChartContainer - [hivemq-test-hivemq-platform] [hivemq-platform-operator] [ea04cc47] 01:00:41.677 [ReconcilerExecutor-hivemq-controller-133] DEBUG c.h.p.o.h.HiveMQPlatformReconcilerErrorHandler - [helmpods] Pod 'test-hivemq-platform-0' phase Running
2025-01-29 01:00:41,679 INFO c.h.h.t.HelmChartContainer - [hivemq-test-hivemq-platform] [hivemq-platform-operator] [ea04cc47] 01:00:41.678 [ReconcilerExecutor-hivemq-controller-133] INFO  c.h.p.o.h.HiveMQPlatformReconcilerRestartExtensionsHandler - [helmpods] Successfully updated extensions on all Pods
2025-01-29 01:00:41,689 INFO c.h.h.t.HelmChartContainer - [hivemq-test-hivemq-platform] [hivemq-platform-operator] [ea04cc47] 01:00:41.687 [ReconcilerExecutor-hivemq-controller-133] DEBUG c.h.p.operator.event.EventSender - [helmpods] Updating K8s event hivemq-platform-ready: [Ready] HiveMQ Platform is ready
2025-01-29 01:00:41,689 INFO c.h.h.t.HelmChartContainer - [hivemq-test-hivemq-platform] [hivemq-platform-operator] [ea04cc47] 01:00:41.688 [ReconcilerExecutor-hivemq-controller-133] INFO  c.h.p.o.h.AbstractHiveMQReconcilerStateHandler - [helmpods] Update HiveMQ Platform Status (RESTART_EXTENSIONS [WAIT_FOR_EXTENSION_RESTART] -> RUNNING [READY]): HiveMQ Platform is ready
2025-01-29 01:00:41,689 INFO c.h.h.t.HelmChartContainer - [EVENT] Normal [Ready] HiveMQ Platform is ready [helmpodsecuritycontextupgradeextensionit:test-hivemq-platform]
2025-01-29 01:00:41,695 DEBUG com.hivemq.helmcharts.util.K8sUtil - Comparing actual state 'RUNNING' and waiting for 'RUNNING'
2025-01-29 01:00:42,408 INFO c.h.h.t.HelmChartContainer - [test-hivemq-platform] [hivemq] [a0ef3d25] INFO  - HiveMQ Enterprise Distributed Tracing Extension: Configured OTLP HTTP/protobuf exporter 'my-otlp-grpc-exporter'.
2025-01-29 01:00:42,414 INFO c.h.h.t.HelmChartContainer - [test-hivemq-platform] [hivemq] [a0ef3d25] INFO  - HiveMQ Enterprise Distributed Tracing Extension: Configured W3C trace propagation.
2025-01-29 01:00:42,415 INFO c.h.h.t.HelmChartContainer - [test-hivemq-platform] [hivemq] [a0ef3d25] INFO  - HiveMQ Enterprise Distributed Tracing Extension: Successfully updated configuration from '/opt/hivemq/extensions/hivemq-distributed-tracing-extension/conf/config.xml'.
2025-01-29 01:00:42,415 INFO c.h.h.testcontainer.LogWaiterUtil - TEST Found log pattern on 'test-hivemq-platform-0': .*HiveMQ Enterprise Distributed Tracing Extension: Successfully updated configuration from '/opt/hivemq/extensions/hivemq-distributed-tracing-extension/conf/config.xml'.
2025-01-29 01:00:43,698 INFO c.h.h.t.HelmChartContainer - Uninstalling release 'test-hivemq-platform' in namespace 'helmpodsecuritycontextupgradeextensionit'...
2025-01-29 01:00:43,698 DEBUG c.h.h.t.HelmChartContainer - Executing helm command: /bin/helm --kubeconfig /etc/rancher/k3s/k3s.yaml uninstall test-hivemq-platform  --wait --timeout 5m0s --cascade foreground --namespace helmpodsecuritycontextupgradeextensionit
2025-01-29 01:00:43,875 INFO c.h.h.t.HelmChartContainer - [hivemq-test-hivemq-platform] [hivemq-platform-operator] [ea04cc47] 01:00:43.873 [pool-6-thread-38] DEBUG c.h.p.o.d.PlatformServiceResource - [helmpods] Desired Platform services (3 services)
2025-01-29 01:00:43,877 INFO c.h.h.t.HelmChartContainer - [hivemq-test-hivemq-platform] [hivemq-platform-operator] [ea04cc47] 01:00:43.875 [pool-6-thread-40] DEBUG c.h.p.o.dependants.PodInfoConfigMap - [helmpods] Desired PodInfo ConfigMap (1 extensions) (1 enabled)
2025-01-29 01:00:43,878 INFO c.h.h.t.HelmChartContainer - [hivemq-test-hivemq-platform] [hivemq-platform-operator] [ea04cc47] 01:00:43.875 [pool-6-thread-40] DEBUG c.h.p.o.dependants.PodInfoConfigMap - [helmpods] Desired PodInfo ConfigMap (metrics port: 9399) (metrics path: /)
2025-01-29 01:00:43,880 INFO c.h.h.t.HelmChartContainer - [hivemq-test-hivemq-platform] [hivemq-platform-operator] [ea04cc47] 01:00:43.876 [pool-6-thread-40] DEBUG c.h.p.o.dependants.PodInfoConfigMap - [helmpods] Desired PodInfo ConfigMap (extension state hash: 701793953)
2025-01-29 01:00:43,880 INFO c.h.h.t.HelmChartContainer - [hivemq-test-hivemq-platform] [hivemq-platform-operator] [ea04cc47] 01:00:43.876 [pool-6-thread-32] DEBUG c.h.p.o.d.PodServiceAccountResource - [helmpods] Desired PodServiceAccountResource (serviceAccountName: hivemq-platform-pod-test-hivemq-platform)
2025-01-29 01:00:43,880 INFO c.h.h.t.HelmChartContainer - [hivemq-test-hivemq-platform] [hivemq-platform-operator] [ea04cc47] 01:00:43.876 [pool-6-thread-40] DEBUG c.h.p.o.dependants.PodInfoConfigMap - [helmpods] Update PodInfo ConfigMap
2025-01-29 01:00:43,897 INFO c.h.h.t.HelmChartContainer - [hivemq-test-hivemq-platform] [hivemq-platform-operator] [ea04cc47] 01:00:43.893 [pool-6-thread-40] DEBUG c.h.p.o.d.StatefulSetResource - [helmpods] Desired StatefulSet (1 replicas) for status RUNNING (READY)
2025-01-29 01:00:43,909 INFO c.h.h.t.HelmChartContainer - [hivemq-test-hivemq-platform] [hivemq-platform-operator] [ea04cc47] 01:00:43.899 [ReconcilerExecutor-hivemq-controller-135] INFO  c.h.p.o.HiveMQPlatformReconciler - [helmpods] Reconciling HiveMQ Platform 'test-hivemq-platform' in namespace 'helmpodsecuritycontextupgradeextensionit'
2025-01-29 01:00:43,909 INFO c.h.h.t.HelmChartContainer - [hivemq-test-hivemq-platform] [hivemq-platform-operator] [ea04cc47] 01:00:43.900 [ReconcilerExecutor-hivemq-controller-135] DEBUG c.h.p.o.HiveMQPlatformReconciler - [helmpods] Custom Resource Status RUNNING - HiveMQ Platform is ready (READY)
2025-01-29 01:00:43,909 INFO c.h.h.t.HelmChartContainer - [hivemq-test-hivemq-platform] [hivemq-platform-operator] [ea04cc47] 01:00:43.900 [ReconcilerExecutor-hivemq-controller-135] DEBUG c.h.p.o.HiveMQPlatformReconciler - [helmpods] Custom Resource Spec (replicas: 1) (extensions: 1)
2025-01-29 01:00:43,951 INFO c.h.h.t.HelmChartContainer - [hivemq-test-hivemq-platform] [hivemq-platform-operator] [ea04cc47] 01:00:43.948 [ReconcilerExecutor-hivemq-controller-135] DEBUG c.h.p.o.HiveMQPlatformReconciler - [helmpods] StatefulSet Status (revision: test-hivemq-platform-6778d7488d, replicas: 1, available: 1, ready: 1, current: 1, updated: 1)
2025-01-29 01:00:43,951 INFO c.h.h.t.HelmChartContainer - [hivemq-test-hivemq-platform] [hivemq-platform-operator] [ea04cc47] 01:00:43.948 [ReconcilerExecutor-hivemq-controller-135] DEBUG c.h.p.o.HiveMQPlatformReconciler - [helmpods] StatefulSet Spec (replicas: 1, init containers: 1, containers: 1, volumes: 4)
2025-01-29 01:00:43,953 INFO c.h.h.t.HelmChartContainer - [hivemq-test-hivemq-platform] [hivemq-platform-operator] [ea04cc47] 01:00:43.952 [ReconcilerExecutor-hivemq-controller-135] DEBUG c.h.p.o.h.HiveMQPlatformReconcilerErrorHandler - [helmpods] Pod 'test-hivemq-platform-0' phase Running
2025-01-29 01:00:43,965 INFO c.h.h.t.HelmChartContainer - [hivemq-test-hivemq-platform] [hivemq-platform-operator] [ea04cc47] 01:00:43.965 [ReconcilerExecutor-hivemq-controller-142] INFO  c.h.p.o.HiveMQPlatformReconciler - [helmpods] Cleanup test-hivemq-platform - helmpodsecuritycontextupgradeextensionit HiveMQ Platform is shut down
2025-01-29 01:00:44,683 INFO c.h.h.t.HelmChartContainer - [POD] test-hivemq-platform-0 [a0ef3d25-52eb-454a-8f83-a79007e6cd08] in helmpodsecuritycontextupgradeextensionit was MODIFIED
2025-01-29 01:00:44,691 INFO c.h.h.t.HelmChartContainer - [test-hivemq-platform] [hivemq] [a0ef3d25] INFO  - [HiveMQ Platform Operator Init App 1.7.0-SNAPSHOT] Shutting down
2025-01-29 01:00:44,691 INFO c.h.h.t.HelmChartContainer - [test-hivemq-platform] [hivemq] [a0ef3d25] INFO  - [HiveMQ Platform Operator Init App 1.7.0-SNAPSHOT] Stopping the HiveMQ Platform
2025-01-29 01:00:44,692 INFO c.h.h.t.HelmChartContainer - [EVENT] Normal [Killing] Stopping container hivemq [helmpodsecuritycontextupgradeextensionit:test-hivemq-platform-0]
2025-01-29 01:00:44,692 INFO c.h.h.t.HelmChartContainer - Received Killing event for container hivemq in pod test-hivemq-platform-0 [a0ef3d25-52eb-454a-8f83-a79007e6cd08]
2025-01-29 01:00:44,692 INFO c.h.h.t.HelmChartContainer - Container [test-hivemq-platform-0] [hivemq] [a0ef3d25-52eb-454a-8f83-a79007e6cd08] was terminated
2025-01-29 01:00:44,693 INFO c.h.h.t.HelmChartContainer - Stopped log watcher for hivemq in pod test-hivemq-platform-0 [a0ef3d25-52eb-454a-8f83-a79007e6cd08]
2025-01-29 01:00:44,715 INFO c.h.h.t.HelmChartContainer - [test-hivemq-platform] [hivemq] [a0ef3d25] INFO  - [HiveMQ Platform Operator Init App 1.7.0-SNAPSHOT] Returning shutdown Health API response 503 for readiness
2025-01-29 01:00:44,720 INFO c.h.h.t.HelmChartContainer - [EVENT] Warning [Unhealthy] Readiness probe failed: HTTP probe failed with statuscode: 503 [helmpodsecuritycontextupgradeextensionit:test-hivemq-platform-0]
2025-01-29 01:00:44,720 INFO c.h.h.t.HelmChartContainer - Received Unhealthy event for container hivemq in pod test-hivemq-platform-0 [a0ef3d25-52eb-454a-8f83-a79007e6cd08]
2025-01-29 01:00:44,893 INFO c.h.h.t.HelmChartContainer - [test-hivemq-platform] [hivemq] [a0ef3d25] INFO  - Shutting down HiveMQ. Please wait, this could take a while...
2025-01-29 01:00:44,897 INFO c.h.h.t.HelmChartContainer - [test-hivemq-platform] [hivemq] [a0ef3d25] INFO  - Shutting down listeners and clients
2025-01-29 01:00:44,899 INFO c.h.h.t.HelmChartContainer - [test-hivemq-platform] [hivemq] [a0ef3d25] INFO  - Shutdown of listeners is done
2025-01-29 01:00:44,899 INFO c.h.h.t.HelmChartContainer - [test-hivemq-platform] [hivemq] [a0ef3d25] INFO  - No clients are connected, proceeding with shutdown
2025-01-29 01:00:45,328 INFO c.h.h.t.HelmChartContainer - [K3S] [authentication.go:74] "Unable to authenticate the request" err="[invalid bearer token, serviceaccounts \"hivemq-platform-pod-test-hivemq-platform\" not found]"
2025-01-29 01:00:45,346 INFO c.h.h.t.HelmChartContainer - [K3S] [authentication.go:74] "Unable to authenticate the request" err="[invalid bearer token, serviceaccounts \"hivemq-platform-pod-test-hivemq-platform\" not found]"
2025-01-29 01:00:45,392 INFO c.h.h.t.HelmChartContainer - [test-hivemq-platform] [hivemq] [a0ef3d25] WARN  - [HiveMQ Platform Operator Init App 1.7.0-SNAPSHOT] Could not update Pod annotations: Failure executing: GET at: https://10.43.0.1:443/api/v1/namespaces/helmpodsecuritycontextupgradeextensionit/pods/test-hivemq-platform-0. Message: Unauthorized. Received status: Status(apiVersion=v1, code=401, details=null, kind=Status, message=Unauthorized, metadata=ListMeta(_continue=null, remainingItemCount=null, resourceVersion=null, selfLink=null, additionalProperties={}), reason=Unauthorized, status=Failure, additionalProperties={}).
2025-01-29 01:00:45,929 INFO c.h.h.t.HelmChartContainer - Deleting namespace 'helmpodsecuritycontextupgradeextensionit'...
2025-01-29 01:00:48,408 INFO c.h.h.t.HelmChartContainer - [test-hivemq-platform] [hivemq] [a0ef3d25] INFO  - Shutting down extension system
2025-01-29 01:00:48,410 INFO c.h.h.t.HelmChartContainer - [test-hivemq-platform] [hivemq] [a0ef3d25] INFO  - Stopping extension with id hivemq-dns-cluster-discovery
2025-01-29 01:00:48,411 INFO c.h.h.t.HelmChartContainer - [test-hivemq-platform] [hivemq] [a0ef3d25] INFO  - Extension "DNS Cluster Discovery Extension" version 4.3.2 stopped successfully.
2025-01-29 01:00:48,411 INFO c.h.h.t.HelmChartContainer - [test-hivemq-platform] [hivemq] [a0ef3d25] INFO  - Stopping extension with id hivemq-distributed-tracing-extension
2025-01-29 01:00:48,412 INFO c.h.h.t.HelmChartContainer - [test-hivemq-platform] [hivemq] [a0ef3d25] INFO  - Extension "HiveMQ Enterprise Distributed Tracing Extension" version 4.36.0 stopped successfully.
2025-01-29 01:00:48,413 INFO c.h.h.t.HelmChartContainer - [test-hivemq-platform] [hivemq] [a0ef3d25] INFO  - Stopping extension with id hivemq-prometheus-extension
2025-01-29 01:00:48,416 INFO c.h.h.t.HelmChartContainer - [test-hivemq-platform] [hivemq] [a0ef3d25] INFO  - Extension "Prometheus Monitoring Extension" version 4.0.12 stopped successfully.
2025-01-29 01:00:48,416 INFO c.h.h.t.HelmChartContainer - [test-hivemq-platform] [hivemq] [a0ef3d25] INFO  - Stopping extension with id hivemq-allow-all-extension
2025-01-29 01:00:48,417 INFO c.h.h.t.HelmChartContainer - [test-hivemq-platform] [hivemq] [a0ef3d25] INFO  - Extension "Allow All Extension" version 1.1.1 stopped successfully.
2025-01-29 01:00:49,713 INFO c.h.h.t.HelmChartContainer - [EVENT] Warning [Unhealthy] Readiness probe failed: HTTP probe failed with statuscode: 503 [helmpodsecuritycontextupgradeextensionit:test-hivemq-platform-0]
2025-01-29 01:00:49,713 INFO c.h.h.t.HelmChartContainer - Received Unhealthy event for container hivemq in pod test-hivemq-platform-0 [a0ef3d25-52eb-454a-8f83-a79007e6cd08]
2025-01-29 01:00:50,395 INFO c.h.h.t.HelmChartContainer - [K3S] [authentication.go:74] "Unable to authenticate the request" err="[invalid bearer token, serviceaccounts \"hivemq-platform-pod-test-hivemq-platform\" not found]"
2025-01-29 01:00:50,408 INFO c.h.h.t.HelmChartContainer - [K3S] [authentication.go:74] "Unable to authenticate the request" err="[invalid bearer token, serviceaccounts \"hivemq-platform-pod-test-hivemq-platform\" not found]"
2025-01-29 01:00:50,409 INFO c.h.h.t.HelmChartContainer - [test-hivemq-platform] [hivemq] [a0ef3d25] WARN  - [HiveMQ Platform Operator Init App 1.7.0-SNAPSHOT] Could not update Pod annotations: Failure executing: GET at: https://10.43.0.1:443/api/v1/namespaces/helmpodsecuritycontextupgradeextensionit/pods/test-hivemq-platform-0. Message: Unauthorized. Received status: Status(apiVersion=v1, code=401, details=null, kind=Status, message=Unauthorized, metadata=ListMeta(_continue=null, remainingItemCount=null, resourceVersion=null, selfLink=null, additionalProperties={}), reason=Unauthorized, status=Failure, additionalProperties={}).
2025-01-29 01:00:50,704 INFO c.h.h.t.HelmChartContainer - [test-hivemq-platform] [hivemq] [a0ef3d25] INFO  - Shutdown completed.
2025-01-29 01:00:50,968 INFO c.h.h.t.HelmChartContainer - [K3S] [stateful_set.go:466] "StatefulSet has been deleted" key="helmpodsecuritycontextupgradeextensionit/test-hivemq-platform"
2025-01-29 01:00:51,097 INFO c.h.h.t.HelmChartContainer - [test-hivemq-platform] [hivemq] [a0ef3d25] INFO  - [HiveMQ Platform Operator Init App 1.7.0-SNAPSHOT] The HiveMQ Platform exited with code 143
2025-01-29 01:00:51,099 INFO c.h.h.t.HelmChartContainer - [test-hivemq-platform] [hivemq] [a0ef3d25] INFO  - [HiveMQ Platform Operator Init App 1.7.0-SNAPSHOT] Stopping the REST API
2025-01-29 01:00:51,107 INFO c.h.h.t.HelmChartContainer - [test-hivemq-platform] [hivemq] [a0ef3d25] INFO  - [HiveMQ Platform Operator Init App 1.7.0-SNAPSHOT] Shutdown complete
2025-01-29 01:00:51,531 INFO c.h.h.t.HelmChartContainer - [K3S] [scope.go:117] "RemoveContainer" containerID="e286a6c4c8f384524ee4d9ec1cb71e80072f3b56465139bdcf461ab4a592871b"
2025-01-29 01:00:51,542 INFO c.h.h.t.HelmChartContainer - [POD] test-hivemq-platform-0 [a0ef3d25-52eb-454a-8f83-a79007e6cd08] in helmpodsecuritycontextupgradeextensionit was MODIFIED
2025-01-29 01:00:51,625 INFO c.h.h.t.HelmChartContainer - [K3S] [scope.go:117] "RemoveContainer" containerID="de8c7c29e19a7abbf0b38eef0e065180311e01154ca6ac5c31fe48d1fdb0966c"
2025-01-29 01:00:51,628 INFO c.h.h.t.HelmChartContainer - [K3S] [scope.go:117] "RemoveContainer" containerID="e286a6c4c8f384524ee4d9ec1cb71e80072f3b56465139bdcf461ab4a592871b"
2025-01-29 01:00:51,628 INFO c.h.h.t.HelmChartContainer - [K3S] [scope.go:117] "RemoveContainer" containerID="de8c7c29e19a7abbf0b38eef0e065180311e01154ca6ac5c31fe48d1fdb0966c"
2025-01-29 01:00:51,675 INFO c.h.h.t.HelmChartContainer - [K3S] [reconciler_common.go:162] "operationExecutor.UnmountVolume started for volume \"extension-configuration-hivemq-distributed-tracing-extension\" (UniqueName: \"kubernetes.io/configmap/a0ef3d25-52eb-454a-8f83-a79007e6cd08-extension-configuration-hivemq-distributed-tracing-extension\") pod \"a0ef3d25-52eb-454a-8f83-a79007e6cd08\" (UID: \"a0ef3d25-52eb-454a-8f83-a79007e6cd08\") "
2025-01-29 01:00:51,675 INFO c.h.h.t.HelmChartContainer - [K3S] [reconciler_common.go:162] "operationExecutor.UnmountVolume started for volume \"broker-configuration\" (UniqueName: \"kubernetes.io/configmap/a0ef3d25-52eb-454a-8f83-a79007e6cd08-broker-configuration\") pod \"a0ef3d25-52eb-454a-8f83-a79007e6cd08\" (UID: \"a0ef3d25-52eb-454a-8f83-a79007e6cd08\") "
2025-01-29 01:00:51,676 INFO c.h.h.t.HelmChartContainer - [K3S] [reconciler_common.go:162] "operationExecutor.UnmountVolume started for volume \"operator-init\" (UniqueName: \"kubernetes.io/empty-dir/a0ef3d25-52eb-454a-8f83-a79007e6cd08-operator-init\") pod \"a0ef3d25-52eb-454a-8f83-a79007e6cd08\" (UID: \"a0ef3d25-52eb-454a-8f83-a79007e6cd08\") "
2025-01-29 01:00:51,676 INFO c.h.h.t.HelmChartContainer - [K3S] [reconciler_common.go:162] "operationExecutor.UnmountVolume started for volume \"pod-info\" (UniqueName: \"kubernetes.io/configmap/a0ef3d25-52eb-454a-8f83-a79007e6cd08-pod-info\") pod \"a0ef3d25-52eb-454a-8f83-a79007e6cd08\" (UID: \"a0ef3d25-52eb-454a-8f83-a79007e6cd08\") "
2025-01-29 01:00:51,676 INFO c.h.h.t.HelmChartContainer - [K3S] [reconciler_common.go:162] "operationExecutor.UnmountVolume started for volume \"kube-api-access-5wcss\" (UniqueName: \"kubernetes.io/projected/a0ef3d25-52eb-454a-8f83-a79007e6cd08-kube-api-access-5wcss\") pod \"a0ef3d25-52eb-454a-8f83-a79007e6cd08\" (UID: \"a0ef3d25-52eb-454a-8f83-a79007e6cd08\") "
2025-01-29 01:00:51,776 INFO c.h.h.t.HelmChartContainer - [K3S] [reconciler_common.go:299] "Volume detached for volume \"operator-init\" (UniqueName: \"kubernetes.io/empty-dir/a0ef3d25-52eb-454a-8f83-a79007e6cd08-operator-init\") on node \"378b0af89195\" DevicePath \"\""
2025-01-29 01:00:51,776 INFO c.h.h.t.HelmChartContainer - [K3S] [reconciler_common.go:299] "Volume detached for volume \"pod-info\" (UniqueName: \"kubernetes.io/configmap/a0ef3d25-52eb-454a-8f83-a79007e6cd08-pod-info\") on node \"378b0af89195\" DevicePath \"\""
2025-01-29 01:00:51,776 INFO c.h.h.t.HelmChartContainer - [K3S] [reconciler_common.go:299] "Volume detached for volume \"kube-api-access-5wcss\" (UniqueName: \"kubernetes.io/projected/a0ef3d25-52eb-454a-8f83-a79007e6cd08-kube-api-access-5wcss\") on node \"378b0af89195\" DevicePath \"\""
2025-01-29 01:00:51,776 INFO c.h.h.t.HelmChartContainer - [K3S] [reconciler_common.go:299] "Volume detached for volume \"extension-configuration-hivemq-distributed-tracing-extension\" (UniqueName: \"kubernetes.io/configmap/a0ef3d25-52eb-454a-8f83-a79007e6cd08-extension-configuration-hivemq-distributed-tracing-extension\") on node \"378b0af89195\" DevicePath \"\""
2025-01-29 01:00:51,776 INFO c.h.h.t.HelmChartContainer - [K3S] [reconciler_common.go:299] "Volume detached for volume \"broker-configuration\" (UniqueName: \"kubernetes.io/configmap/a0ef3d25-52eb-454a-8f83-a79007e6cd08-broker-configuration\") on node \"378b0af89195\" DevicePath \"\""
2025-01-29 01:00:51,847 INFO c.h.h.t.HelmChartContainer - [POD] test-hivemq-platform-0 [a0ef3d25-52eb-454a-8f83-a79007e6cd08] in helmpodsecuritycontextupgradeextensionit was MODIFIED
2025-01-29 01:00:51,849 INFO c.h.h.t.HelmChartContainer - [POD] test-hivemq-platform-0 [a0ef3d25-52eb-454a-8f83-a79007e6cd08] in helmpodsecuritycontextupgradeextensionit was DELETED
2025-01-29 01:00:52,260 INFO c.h.h.t.HelmChartContainer - [K3S] [kubelet_volumes.go:163] "Cleaned up orphaned pod volumes dir" podUID="a0ef3d25-52eb-454a-8f83-a79007e6cd08" path="/var/lib/kubelet/pods/a0ef3d25-52eb-454a-8f83-a79007e6cd08/volumes"
2025-01-29 01:00:56,266 INFO c.h.h.t.HelmChartContainer - Namespace 'helmpodsecuritycontextupgradeextensionit' deleted
2025-01-29 01:00:56,267 INFO c.h.h.t.HelmChartContainer - Release 'test-hivemq-platform' in namespace 'helmpodsecuritycontextupgradeextensionit' is uninstalled
2025-01-29 01:00:56,267 INFO c.h.h.t.HelmChartContainer - Uninstalling release 'test-hivemq-platform-operator' in namespace 'helmpodsecuritycontextupgradeextensionit-operator'...
2025-01-29 01:00:56,267 DEBUG c.h.h.t.HelmChartContainer - Executing helm command: /bin/helm --kubeconfig /etc/rancher/k3s/k3s.yaml uninstall test-hivemq-platform-operator  --wait --timeout 5m0s --cascade foreground --namespace helmpodsecuritycontextupgradeextensionit-operator
2025-01-29 01:00:56,428 INFO c.h.h.t.HelmChartContainer - [K3S] [replica_set.go:679] "Finished syncing" kind="ReplicaSet" key="helmpodsecuritycontextupgradeextensionit-operator/hivemq-test-hivemq-platform-operator-5dbf989d8c" duration="8.343845ms"
2025-01-29 01:00:56,428 INFO c.h.h.t.HelmChartContainer - [K3S] [replica_set.go:679] "Finished syncing" kind="ReplicaSet" key="helmpodsecuritycontextupgradeextensionit-operator/hivemq-test-hivemq-platform-operator-5dbf989d8c" duration="32.992µs"
2025-01-29 01:00:56,448 INFO c.h.h.t.HelmChartContainer - [POD] hivemq-test-hivemq-platform-operator-5dbf989d8c-65l7s [ea04cc47-b6e7-44ca-9f78-5e043038aca5] in helmpodsecuritycontextupgradeextensionit-operator was MODIFIED
2025-01-29 01:00:56,459 INFO c.h.h.t.HelmChartContainer - [K3S] [replica_set.go:679] "Finished syncing" kind="ReplicaSet" key="helmpodsecuritycontextupgradeextensionit-operator/hivemq-test-hivemq-platform-operator-5dbf989d8c" duration="9.704996ms"
2025-01-29 01:00:56,460 INFO c.h.h.t.HelmChartContainer - [K3S] [replica_set.go:679] "Finished syncing" kind="ReplicaSet" key="helmpodsecuritycontextupgradeextensionit-operator/hivemq-test-hivemq-platform-operator-5dbf989d8c" duration="43.292µs"
2025-01-29 01:00:56,462 INFO c.h.h.t.HelmChartContainer - [EVENT] Normal [Killing] Stopping container hivemq-platform-operator [helmpodsecuritycontextupgradeextensionit-operator:hivemq-test-hivemq-platform-operator-5dbf989d8c-65l7s]
2025-01-29 01:00:56,462 INFO c.h.h.t.HelmChartContainer - Received Killing event for container hivemq-platform-operator in pod hivemq-test-hivemq-platform-operator-5dbf989d8c-65l7s [ea04cc47-b6e7-44ca-9f78-5e043038aca5]
2025-01-29 01:00:56,462 INFO c.h.h.t.HelmChartContainer - Container [hivemq-test-hivemq-platform-operator-5dbf989d8c-65l7s] [hivemq-platform-operator] [ea04cc47-b6e7-44ca-9f78-5e043038aca5] was terminated
2025-01-29 01:00:56,462 INFO c.h.h.t.HelmChartContainer - Stopped log watcher for hivemq-platform-operator in pod hivemq-test-hivemq-platform-operator-5dbf989d8c-65l7s [ea04cc47-b6e7-44ca-9f78-5e043038aca5]
2025-01-29 01:00:56,464 INFO c.h.h.t.HelmChartContainer - [hivemq-test-hivemq-platform] [hivemq-platform-operator] [ea04cc47] 01:00:56.462 [application-shutdown-thread] INFO  c.h.p.o.HiveMQPlatformOperatorApplication - HiveMQ Platform Operator is stopping...
2025-01-29 01:00:56,464 INFO c.h.h.t.HelmChartContainer - [hivemq-test-hivemq-platform] [hivemq-platform-operator] [ea04cc47] 01:00:56.462 [application-shutdown-thread] INFO  i.javaoperatorsdk.operator.Operator - Operator SDK 4.9.7 is shutting down...
2025-01-29 01:00:56,992 INFO c.h.h.t.HelmChartContainer - [K3S] [replica_set.go:679] "Finished syncing" kind="ReplicaSet" key="helmpodsecuritycontextupgradeextensionit-operator/hivemq-test-hivemq-platform-operator-5dbf989d8c" duration="42.67µs"
2025-01-29 01:00:56,993 INFO c.h.h.t.HelmChartContainer - [POD] hivemq-test-hivemq-platform-operator-5dbf989d8c-65l7s [ea04cc47-b6e7-44ca-9f78-5e043038aca5] in helmpodsecuritycontextupgradeextensionit-operator was MODIFIED
2025-01-29 01:00:57,108 INFO c.h.h.t.HelmChartContainer - [K3S] [reconciler_common.go:162] "operationExecutor.UnmountVolume started for volume \"kube-api-access-8plvl\" (UniqueName: \"kubernetes.io/projected/ea04cc47-b6e7-44ca-9f78-5e043038aca5-kube-api-access-8plvl\") pod \"ea04cc47-b6e7-44ca-9f78-5e043038aca5\" (UID: \"ea04cc47-b6e7-44ca-9f78-5e043038aca5\") "
2025-01-29 01:00:57,209 INFO c.h.h.t.HelmChartContainer - [K3S] [reconciler_common.go:299] "Volume detached for volume \"kube-api-access-8plvl\" (UniqueName: \"kubernetes.io/projected/ea04cc47-b6e7-44ca-9f78-5e043038aca5-kube-api-access-8plvl\") on node \"378b0af89195\" DevicePath \"\""
2025-01-29 01:00:57,541 INFO c.h.h.t.HelmChartContainer - [K3S] [scope.go:117] "RemoveContainer" containerID="215482d8172d8046905fa3b4e98d0bd246d9d23a3e528b484486ea50b2c394b3"
2025-01-29 01:00:57,545 INFO c.h.h.t.HelmChartContainer - [K3S] [scope.go:117] "RemoveContainer" containerID="215482d8172d8046905fa3b4e98d0bd246d9d23a3e528b484486ea50b2c394b3"
2025-01-29 01:00:57,552 INFO c.h.h.t.HelmChartContainer - [K3S] [replica_set.go:679] "Finished syncing" kind="ReplicaSet" key="helmpodsecuritycontextupgradeextensionit-operator/hivemq-test-hivemq-platform-operator-5dbf989d8c" duration="34.875µs"
2025-01-29 01:00:57,553 INFO c.h.h.t.HelmChartContainer - [POD] hivemq-test-hivemq-platform-operator-5dbf989d8c-65l7s [ea04cc47-b6e7-44ca-9f78-5e043038aca5] in helmpodsecuritycontextupgradeextensionit-operator was MODIFIED
2025-01-29 01:00:57,555 INFO c.h.h.t.HelmChartContainer - [POD] hivemq-test-hivemq-platform-operator-5dbf989d8c-65l7s [ea04cc47-b6e7-44ca-9f78-5e043038aca5] in helmpodsecuritycontextupgradeextensionit-operator was DELETED
2025-01-29 01:00:57,556 INFO c.h.h.t.HelmChartContainer - [K3S] [replica_set.go:679] "Finished syncing" kind="ReplicaSet" key="helmpodsecuritycontextupgradeextensionit-operator/hivemq-test-hivemq-platform-operator-5dbf989d8c" duration="73.668µs"
2025-01-29 01:00:57,569 INFO c.h.h.t.HelmChartContainer - [K3S] [replica_set.go:679] "Finished syncing" kind="ReplicaSet" key="helmpodsecuritycontextupgradeextensionit-operator/hivemq-test-hivemq-platform-operator-5dbf989d8c" duration="6.482µs"
2025-01-29 01:00:58,259 INFO c.h.h.t.HelmChartContainer - [K3S] [kubelet_volumes.go:163] "Cleaned up orphaned pod volumes dir" podUID="ea04cc47-b6e7-44ca-9f78-5e043038aca5" path="/var/lib/kubelet/pods/ea04cc47-b6e7-44ca-9f78-5e043038aca5/volumes"
2025-01-29 01:00:58,471 INFO c.h.h.t.HelmChartContainer - Deleting namespace 'helmpodsecuritycontextupgradeextensionit-operator'...
2025-01-29 01:01:01,198 INFO c.h.h.t.HelmChartContainer - [K3S] [namespace_controller.go:187] "Namespace has been deleted" namespace="helmpodsecuritycontextupgradeextensionit"
2025-01-29 01:01:03,687 INFO c.h.h.t.HelmChartContainer - Namespace 'helmpodsecuritycontextupgradeextensionit-operator' deleted
2025-01-29 01:01:03,687 INFO c.h.h.t.HelmChartContainer - Release 'test-hivemq-platform-operator' in namespace 'helmpodsecuritycontextupgradeextensionit-operator' is uninstalled
2025-01-29 01:01:04,390 INFO c.h.helmcharts.AbstractHelmChartIT - Removed unused containers:

2025-01-29 01:01:08,593 INFO c.h.h.t.HelmChartContainer - [K3S] [namespace_controller.go:187] "Namespace has been deleted" namespace="helmpodsecuritycontextupgradeextensionit-operator"
2025-01-29 01:01:12,032 INFO c.h.helmcharts.AbstractHelmChartIT - Removed unused snapshots:
Removing snapshot sha256:03af251906410714c5aef9fa705b63f6bbc39c4a5e787de7361eeb18886c2ed2
Removing snapshot sha256:0c46b3b43cce082ce5ec34ffc6c294e0417d17b9d1e6f366d114b6aadc4f96dc
Removing snapshot sha256:0ce761beee59082d6ed5bcebd3a805b8ddd9b3426b617e4809e7fb7c6587ffec
Removing snapshot sha256:0df91287303208332c8ff6ba40ae4710105201739addbfbddfb955f1ad593664
Removing snapshot sha256:1021ef88c7974bfff89c5a0ec4fd3160daac6c48a075f74cff721f85dd104e68
Removing snapshot sha256:10aba4953ddc18145dd38e3704709bc464aa20af60b56fe52caaff4b68411e62
Removing snapshot sha256:2573e0d8158209ed54ab25c87bcdcb00bd3d2539246960a3d592a1c599d70465
Removing snapshot sha256:332142ad8c54b90e09d02196e08dc21d6e1947b78465d0d7850e8f6619bb20b6
Removing snapshot sha256:362a8a37f8bbc31925a8146adcf7cf51f9882f5c1dcbef67c5baa03a297543c0
Removing snapshot sha256:43a7c979bbaba6838bc3102d6b10a1459f3ab050b87ccdfef84ef90cf43d3058
Removing snapshot sha256:4ab04491cdf0d3267f08206fe30bd48f49f94b9cab2f016d6739220f722a64af
Removing snapshot sha256:4b6068250e89c96f263060261819c7d912855bfbd64b3eb4c4a8483299b8c295
Removing snapshot sha256:580e69a0a8034ede1921139bbd2bfb72a69ebf276d008281896c32dd8bf74775
Removing snapshot sha256:5d30ba46b27fe37484567ccc5242cadc78217b8da605f3f195ef25cbf7487904
Removing snapshot sha256:63ca1fbb43ae5034640e5e6cb3e083e05c290072c5366fcaa9d62435a4cced85
Removing snapshot sha256:67f702c6baae873bceb19487c8b1f27bd2b86077e4f2f0e480e6d60ab508b8f5
Removing snapshot sha256:6864348dd42806d552efdec384f1274be15e2d0c10ce44c1f04347af004c10a9
Removing snapshot sha256:6c7dee8f2c39b84b7dc2711c01d33de93514d9055499173e9290176fbe484b6c
Removing snapshot sha256:82753493a6d61ded36556292f02f31841a14c20d2f279f19eaad65afb661d5cd
Removing snapshot sha256:8a10d3db42c505ee0fcfa98417bdd7e39b304f6bcc0a06bb1b220797ff2cc63c
Removing snapshot sha256:a0904247e36a7726c03c71ee48f3e64462021c88dafeb13f37fdaf613b27f11c
Removing snapshot sha256:a21e5b12dbac529ad45d976eb9ce45c881f3bedcc500fb30aba1e52aa1813418
Removing snapshot sha256:aac574c09f18f0f4e0a68fb480b0a214fc4dcc37065c070f347e4bbd025df887
Removing snapshot sha256:b921e6c28969094157f9b8e7244677780319637afd14450b7cb6b2fdea558a0c
Removing snapshot sha256:bc27ecb5769a00e309cf99ebc763c4a4b958b618d1decc96ffac5bc05f02f5b7
Removing snapshot sha256:be3ccb6627a5332e309d45ef461d09b4879dd870c7394d89323d0ebc6ca6aa8a
Removing snapshot sha256:c261f7cbbc64211ee175ee47273acdb7b1a36a4450b397a064a8f2c026490095
Removing snapshot sha256:c34d9393647eea0c9e3557ab988efaf59f61d10a2a5613b439ef0958cca5ec10
Removing snapshot sha256:ccf3c4a0fa967a41c1c83497a2ce6fa5787965859df0adb32c4ca2cf7490bc2b
Removing snapshot sha256:cf92d33f869417309692088c341cd0f223c178ea78a125f757317b22aa8f90e9
Removing snapshot sha256:d0037344cf2fb078884f1849f6a1f8cf9a33a3b6139b6a85833e5ee528e1f9a8
Removing snapshot sha256:d3b36d5b79273b1e98e7700470eaeff05a882e777124d84cebcc1505b85ecb36
Removing snapshot sha256:d65a44a37914602d12c611e5e22a50f11451d847e63015cc1c2aef92dee777a4
Removing snapshot sha256:e2dc0bae2455930f23ae570e019b7f32edc75c0f2d71cab084db837ff9051796
Removing snapshot sha256:eccbd24a99c60cd9e86ee5305dbfc4a4dc89f5ab4fb1f06c8d64797cecedef34
Removing snapshot sha256:f144bb4c7c7f0d2aa7eeffd36d934ec40db1ee167be727e326aad9fdc616f475

]]></system-out>
  </testcase>
  <testcase name="Operator values: (UID=185, GID=0, valuesFile='/files/operator-pod-security-context-non-root-user-values.yaml') and Platform values: (UID=10000, GID=0, valuesFile='/files/platform-pod-security-context-non-root-user-with-tracing-extension-values.yaml')" classname="com.hivemq.helmcharts.securitycontext.HelmPodSecurityContextUpgradeExtensionIT" time="197.04">
    <system-out><![CDATA[2025-01-29 01:01:12,039 INFO c.h.h.t.HelmChartContainer - Creating namespace 'helmpodsecuritycontextupgradeextensionit-operator'...
2025-01-29 01:01:12,044 INFO c.h.h.t.HelmChartContainer - Namespace 'helmpodsecuritycontextupgradeextensionit-operator' created
2025-01-29 01:01:12,044 INFO c.h.h.t.HelmChartContainer - Creating namespace 'helmpodsecuritycontextupgradeextensionit'...
2025-01-29 01:01:12,051 INFO c.h.h.t.HelmChartContainer - Namespace 'helmpodsecuritycontextupgradeextensionit' created
2025-01-29 01:01:12,115 DEBUG c.h.h.t.HelmChartContainer - Executing helm command: /bin/helm --kubeconfig /etc/rancher/k3s/k3s.yaml install test-hivemq-platform-operator /charts/hivemq-platform-operator --wait --timeout 5m0s --set image.repository=docker.io/hivemq --set image.name=hivemq-platform-operator-test --set image.initImageName=hivemq-platform-operator-init-test --set image.tag=snapshot --set image.pullPolicy=Never --set logLevel=DEBUG --set resources.cpu=512m -f /files/operator-pod-security-context-non-root-user-values.yaml --namespace helmpodsecuritycontextupgradeextensionit-operator
2025-01-29 01:01:12,430 INFO c.h.h.t.HelmChartContainer - [K3S] [alloc.go:330] "allocated clusterIPs" service="helmpodsecuritycontextupgradeextensionit-operator/hivemq-platform-operator-test-hivemq-platform-operator" clusterIPs={"IPv4":"10.43.34.68"}
2025-01-29 01:01:12,451 INFO c.h.h.t.HelmChartContainer - [EVENT] Normal [ScalingReplicaSet] Scaled up replica set hivemq-test-hivemq-platform-operator-7ccc997bc4 from 0 to 1 [helmpodsecuritycontextupgradeextensionit-operator:hivemq-test-hivemq-platform-operator]
2025-01-29 01:01:12,458 INFO c.h.h.t.HelmChartContainer - [POD] hivemq-test-hivemq-platform-operator-7ccc997bc4-22n72 [1117efae-08f0-4ecc-a2f6-7c9726a9ad56] in helmpodsecuritycontextupgradeextensionit-operator was ADDED
2025-01-29 01:01:12,468 INFO c.h.h.t.HelmChartContainer - [EVENT] Normal [SuccessfulCreate] Created pod: hivemq-test-hivemq-platform-operator-7ccc997bc4-22n72 [helmpodsecuritycontextupgradeextensionit-operator:hivemq-test-hivemq-platform-operator-7ccc997bc4]
2025-01-29 01:01:12,468 INFO c.h.h.t.HelmChartContainer - [K3S] [replica_set.go:679] "Finished syncing" kind="ReplicaSet" key="helmpodsecuritycontextupgradeextensionit-operator/hivemq-test-hivemq-platform-operator-7ccc997bc4" duration="20.865803ms"
2025-01-29 01:01:12,468 INFO c.h.h.t.HelmChartContainer - [K3S] [memory_manager.go:355] "RemoveStaleState removing state" podUID="a0ef3d25-52eb-454a-8f83-a79007e6cd08" containerName="hivemq"
2025-01-29 01:01:12,468 INFO c.h.h.t.HelmChartContainer - [K3S] [memory_manager.go:355] "RemoveStaleState removing state" podUID="ea04cc47-b6e7-44ca-9f78-5e043038aca5" containerName="hivemq-platform-operator"
2025-01-29 01:01:12,471 INFO c.h.h.t.HelmChartContainer - [POD] hivemq-test-hivemq-platform-operator-7ccc997bc4-22n72 [1117efae-08f0-4ecc-a2f6-7c9726a9ad56] in helmpodsecuritycontextupgradeextensionit-operator was MODIFIED
2025-01-29 01:01:12,478 INFO c.h.h.t.HelmChartContainer - [EVENT] Normal [Scheduled] Successfully assigned helmpodsecuritycontextupgradeextensionit-operator/hivemq-test-hivemq-platform-operator-7ccc997bc4-22n72 to 378b0af89195 [helmpodsecuritycontextupgradeextensionit-operator:hivemq-test-hivemq-platform-operator-7ccc997bc4-22n72]
2025-01-29 01:01:12,478 INFO c.h.h.t.HelmChartContainer - [K3S] [replica_set.go:679] "Finished syncing" kind="ReplicaSet" key="helmpodsecuritycontextupgradeextensionit-operator/hivemq-test-hivemq-platform-operator-7ccc997bc4" duration="11.490511ms"
2025-01-29 01:01:12,478 INFO c.h.h.t.HelmChartContainer - [K3S] [replica_set.go:679] "Finished syncing" kind="ReplicaSet" key="helmpodsecuritycontextupgradeextensionit-operator/hivemq-test-hivemq-platform-operator-7ccc997bc4" duration="43.101µs"
2025-01-29 01:01:12,481 INFO c.h.h.t.HelmChartContainer - [K3S] [replica_set.go:679] "Finished syncing" kind="ReplicaSet" key="helmpodsecuritycontextupgradeextensionit-operator/hivemq-test-hivemq-platform-operator-7ccc997bc4" duration="31.93µs"
2025-01-29 01:01:12,482 INFO c.h.h.t.HelmChartContainer - [POD] hivemq-test-hivemq-platform-operator-7ccc997bc4-22n72 [1117efae-08f0-4ecc-a2f6-7c9726a9ad56] in helmpodsecuritycontextupgradeextensionit-operator was MODIFIED
2025-01-29 01:01:12,595 INFO c.h.h.t.HelmChartContainer - [K3S] [reconciler_common.go:251] "operationExecutor.VerifyControllerAttachedVolume started for volume \"kube-api-access-x7ww2\" (UniqueName: \"kubernetes.io/projected/1117efae-08f0-4ecc-a2f6-7c9726a9ad56-kube-api-access-x7ww2\") pod \"hivemq-test-hivemq-platform-operator-7ccc997bc4-22n72\" (UID: \"1117efae-08f0-4ecc-a2f6-7c9726a9ad56\") " pod="helmpodsecuritycontextupgradeextensionit-operator/hivemq-test-hivemq-platform-operator-7ccc997bc4-22n72"
2025-01-29 01:01:12,856 INFO c.h.h.t.HelmChartContainer - [EVENT] Normal [Pulled] Container image "docker.io/hivemq/hivemq-platform-operator-test:snapshot" already present on machine [helmpodsecuritycontextupgradeextensionit-operator:hivemq-test-hivemq-platform-operator-7ccc997bc4-22n72]
2025-01-29 01:01:12,857 INFO c.h.h.t.HelmChartContainer - Received Pulled event for container hivemq-platform-operator in pod hivemq-test-hivemq-platform-operator-7ccc997bc4-22n72 [1117efae-08f0-4ecc-a2f6-7c9726a9ad56]
2025-01-29 01:01:14,108 INFO c.h.h.t.HelmChartContainer - [EVENT] Normal [Created] Created container: hivemq-platform-operator [helmpodsecuritycontextupgradeextensionit-operator:hivemq-test-hivemq-platform-operator-7ccc997bc4-22n72]
2025-01-29 01:01:14,108 INFO c.h.h.t.HelmChartContainer - Received Created event for container hivemq-platform-operator in pod hivemq-test-hivemq-platform-operator-7ccc997bc4-22n72 [1117efae-08f0-4ecc-a2f6-7c9726a9ad56]
2025-01-29 01:01:14,574 INFO c.h.h.t.HelmChartContainer - [K3S] [replica_set.go:679] "Finished syncing" kind="ReplicaSet" key="helmpodsecuritycontextupgradeextensionit-operator/hivemq-test-hivemq-platform-operator-7ccc997bc4" duration="42.981µs"
2025-01-29 01:01:14,578 INFO c.h.h.t.HelmChartContainer - [POD] hivemq-test-hivemq-platform-operator-7ccc997bc4-22n72 [1117efae-08f0-4ecc-a2f6-7c9726a9ad56] in helmpodsecuritycontextupgradeextensionit-operator was MODIFIED
2025-01-29 01:01:14,589 INFO c.h.h.t.HelmChartContainer - Started log watcher for hivemq-platform-operator in pod hivemq-test-hivemq-platform-operator-7ccc997bc4-22n72 [1117efae-08f0-4ecc-a2f6-7c9726a9ad56]
2025-01-29 01:01:14,590 INFO c.h.h.t.HelmChartContainer - [hivemq-test-hivemq-platform] [hivemq-platform-operator] [1117efae] -------------------------------------------------------------------------
2025-01-29 01:01:14,590 INFO c.h.h.t.HelmChartContainer - [hivemq-test-hivemq-platform] [hivemq-platform-operator] [1117efae] 
2025-01-29 01:01:14,590 INFO c.h.h.t.HelmChartContainer - [hivemq-test-hivemq-platform] [hivemq-platform-operator] [1117efae]                   _    _  _              __  __   ____
2025-01-29 01:01:14,590 INFO c.h.h.t.HelmChartContainer - [hivemq-test-hivemq-platform] [hivemq-platform-operator] [1117efae]                  | |  | |(_)            |  \/  | / __ \
2025-01-29 01:01:14,590 INFO c.h.h.t.HelmChartContainer - [hivemq-test-hivemq-platform] [hivemq-platform-operator] [1117efae]                  | |__| | _ __   __ ___ | \  / || |  | |
2025-01-29 01:01:14,590 INFO c.h.h.t.HelmChartContainer - [hivemq-test-hivemq-platform] [hivemq-platform-operator] [1117efae]                  |  __  || |\ \ / // _ \| |\/| || |  | |
2025-01-29 01:01:14,590 INFO c.h.h.t.HelmChartContainer - [hivemq-test-hivemq-platform] [hivemq-platform-operator] [1117efae]                  | |  | || | \ V /|  __/| |  | || |__| |
2025-01-29 01:01:14,590 INFO c.h.h.t.HelmChartContainer - [hivemq-test-hivemq-platform] [hivemq-platform-operator] [1117efae]                  |_|  |_||_|  \_/  \___||_|  |_| \___\_\
2025-01-29 01:01:14,590 INFO c.h.h.t.HelmChartContainer - [hivemq-test-hivemq-platform] [hivemq-platform-operator] [1117efae] 
2025-01-29 01:01:14,590 INFO c.h.h.t.HelmChartContainer - [hivemq-test-hivemq-platform] [hivemq-platform-operator] [1117efae] -------------------------------------------------------------------------
2025-01-29 01:01:14,590 INFO c.h.h.t.HelmChartContainer - [hivemq-test-hivemq-platform] [hivemq-platform-operator] [1117efae] 
2025-01-29 01:01:14,590 INFO c.h.h.t.HelmChartContainer - [hivemq-test-hivemq-platform] [hivemq-platform-operator] [1117efae]   HiveMQ Platform Operator Start Script v1.0
2025-01-29 01:01:14,590 INFO c.h.h.t.HelmChartContainer - [hivemq-test-hivemq-platform] [hivemq-platform-operator] [1117efae] 
2025-01-29 01:01:14,590 INFO c.h.h.t.HelmChartContainer - [hivemq-test-hivemq-platform] [hivemq-platform-operator] [1117efae] -------------------------------------------------------------------------
2025-01-29 01:01:14,590 INFO c.h.h.t.HelmChartContainer - [hivemq-test-hivemq-platform] [hivemq-platform-operator] [1117efae] 
2025-01-29 01:01:14,590 INFO c.h.h.t.HelmChartContainer - [hivemq-test-hivemq-platform] [hivemq-platform-operator] [1117efae]   JAVA_OPTS: -XX:+UnlockExperimentalVMOptions -XX:InitialRAMPercentage=75 -XX:MaxRAMPercentage=75 -Duser.language=en -Duser.region=US
2025-01-29 01:01:14,590 INFO c.h.h.t.HelmChartContainer - [hivemq-test-hivemq-platform] [hivemq-platform-operator] [1117efae] 
2025-01-29 01:01:14,590 INFO c.h.h.t.HelmChartContainer - [hivemq-test-hivemq-platform] [hivemq-platform-operator] [1117efae]   JAVA_VERSION: 21
2025-01-29 01:01:14,590 INFO c.h.h.t.HelmChartContainer - [hivemq-test-hivemq-platform] [hivemq-platform-operator] [1117efae] 
2025-01-29 01:01:14,589 INFO c.h.h.t.HelmChartContainer - [EVENT] Normal [Started] Started container hivemq-platform-operator [helmpodsecuritycontextupgradeextensionit-operator:hivemq-test-hivemq-platform-operator-7ccc997bc4-22n72]
2025-01-29 01:01:14,591 INFO c.h.h.t.HelmChartContainer - Received Started event for container hivemq-platform-operator in pod hivemq-test-hivemq-platform-operator-7ccc997bc4-22n72 [1117efae-08f0-4ecc-a2f6-7c9726a9ad56]
2025-01-29 01:01:14,591 INFO c.h.h.t.HelmChartContainer - [hivemq-test-hivemq-platform] [hivemq-platform-operator] [1117efae] -------------------------------------------------------------------------
2025-01-29 01:01:14,591 INFO c.h.h.t.HelmChartContainer - [hivemq-test-hivemq-platform] [hivemq-platform-operator] [1117efae] 
2025-01-29 01:01:17,383 INFO c.h.h.t.HelmChartContainer - [hivemq-test-hivemq-platform] [hivemq-platform-operator] [1117efae] 01:01:17.380 [main] DEBUG org.jboss.logging - Logging Provider: org.jboss.logging.Slf4jLoggerProvider
2025-01-29 01:01:17,490 INFO c.h.h.t.HelmChartContainer - [hivemq-test-hivemq-platform] [hivemq-platform-operator] [1117efae] 01:01:17.489 [main] DEBUG io.smallrye.config - SRCFG01006: Loaded ConfigSource SysPropConfigSource with ordinal 400
2025-01-29 01:01:17,491 INFO c.h.h.t.HelmChartContainer - [hivemq-test-hivemq-platform] [hivemq-platform-operator] [1117efae] 01:01:17.490 [main] DEBUG io.smallrye.config - SRCFG01006: Loaded ConfigSource EnvConfigSource with ordinal 300
2025-01-29 01:01:17,491 INFO c.h.h.t.HelmChartContainer - [hivemq-test-hivemq-platform] [hivemq-platform-operator] [1117efae] 01:01:17.490 [main] DEBUG io.smallrye.config - SRCFG01006: Loaded ConfigSource PropertiesConfigSource[source=jar:file:///opt/hivemq-platform-operator/bin/hivemq-platform-operator.jar!/hivemq-platform-operator.properties] with ordinal 100
2025-01-29 01:01:17,491 INFO c.h.h.t.HelmChartContainer - [hivemq-test-hivemq-platform] [hivemq-platform-operator] [1117efae] 01:01:17.490 [main] DEBUG io.smallrye.config - SRCFG01006: Loaded ConfigSource DefaultValuesConfigSource with ordinal -2147483648
2025-01-29 01:01:17,595 INFO c.h.h.t.HelmChartContainer - [hivemq-test-hivemq-platform] [hivemq-platform-operator] [1117efae] 01:01:17.595 [main] DEBUG i.m.c.u.i.l.InternalLoggerFactory - Using SLF4J as the default logging framework
2025-01-29 01:01:17,788 INFO c.h.h.t.HelmChartContainer - [hivemq-test-hivemq-platform] [hivemq-platform-operator] [1117efae] 01:01:17.779 [main] INFO  c.h.p.o.HiveMQPlatformOperatorApplication - HiveMQ Platform Operator 1.7.0-SNAPSHOT (commit: bebf408 on branch: HEAD) built on Sun Jan 26 20:47:47 UTC 2025
2025-01-29 01:01:17,788 INFO c.h.h.t.HelmChartContainer - [hivemq-test-hivemq-platform] [hivemq-platform-operator] [1117efae] 01:01:17.787 [main] INFO  c.h.p.o.HiveMQPlatformOperatorApplication - HiveMQ Platform Operator is running in namespace: helmpodsecuritycontextupgradeextensionit-operator
2025-01-29 01:01:17,789 INFO c.h.h.t.HelmChartContainer - [hivemq-test-hivemq-platform] [hivemq-platform-operator] [1117efae] 01:01:17.787 [main] INFO  c.h.p.o.HiveMQPlatformOperatorApplication - Watching all namespaces
2025-01-29 01:01:17,789 INFO c.h.h.t.HelmChartContainer - [hivemq-test-hivemq-platform] [hivemq-platform-operator] [1117efae] 01:01:17.787 [main] INFO  c.h.p.o.HiveMQPlatformOperatorApplication - Log level: DEBUG
2025-01-29 01:01:17,789 INFO c.h.h.t.HelmChartContainer - [hivemq-test-hivemq-platform] [hivemq-platform-operator] [1117efae] 01:01:17.787 [main] INFO  c.h.p.o.HiveMQPlatformOperatorApplication - Release name: test-hivemq-platform-operator
2025-01-29 01:01:17,789 INFO c.h.h.t.HelmChartContainer - [hivemq-test-hivemq-platform] [hivemq-platform-operator] [1117efae] 01:01:17.787 [main] INFO  c.h.p.o.HiveMQPlatformOperatorApplication - HiveMQ Platform Operator Init image: docker.io/hivemq/hivemq-platform-operator-init-test:snapshot
2025-01-29 01:01:17,790 INFO c.h.h.t.HelmChartContainer - [hivemq-test-hivemq-platform] [hivemq-platform-operator] [1117efae] 01:01:17.787 [main] INFO  c.h.p.o.HiveMQPlatformOperatorApplication - HiveMQ Platform Operator Init App update URL: http://hivemq-platform-operator-test-hivemq-platform-operator.helmpodsecuritycontextupgradeextensionit-operator.svc:8080/initAppUpdate/hivemq-platform-operator-init-app-1.7.0-SNAPSHOT.jar
2025-01-29 01:01:17,791 INFO c.h.h.t.HelmChartContainer - [hivemq-test-hivemq-platform] [hivemq-platform-operator] [1117efae] 01:01:17.787 [main] INFO  c.h.p.o.HiveMQPlatformOperatorApplication - Additional imagePullSecret for all Platform deployments: none
2025-01-29 01:01:17,791 INFO c.h.h.t.HelmChartContainer - [hivemq-test-hivemq-platform] [hivemq-platform-operator] [1117efae] 01:01:17.788 [main] INFO  c.h.p.o.HiveMQPlatformOperatorApplication - Apply HiveMQ Platform CRD: true
2025-01-29 01:01:17,791 INFO c.h.h.t.HelmChartContainer - [hivemq-test-hivemq-platform] [hivemq-platform-operator] [1117efae] 01:01:17.788 [main] INFO  c.h.p.o.HiveMQPlatformOperatorApplication - Create Platform ServiceAccount: true
2025-01-29 01:01:17,791 INFO c.h.h.t.HelmChartContainer - [hivemq-test-hivemq-platform] [hivemq-platform-operator] [1117efae] 01:01:17.788 [main] INFO  c.h.p.o.HiveMQPlatformOperatorApplication - Create Platform ServiceAccount permissions: true
2025-01-29 01:01:17,791 INFO c.h.h.t.HelmChartContainer - [hivemq-test-hivemq-platform] [hivemq-platform-operator] [1117efae] 01:01:17.788 [main] INFO  c.h.p.o.HiveMQPlatformOperatorApplication - Validate Platform ServiceAccount: true
2025-01-29 01:01:17,791 INFO c.h.h.t.HelmChartContainer - [hivemq-test-hivemq-platform] [hivemq-platform-operator] [1117efae] 01:01:17.788 [main] INFO  c.h.p.o.HiveMQPlatformOperatorApplication - Validate Platform ServiceAccount permissions: true
2025-01-29 01:01:17,982 INFO c.h.h.t.HelmChartContainer - [hivemq-test-hivemq-platform] [hivemq-platform-operator] [1117efae] 01:01:17.980 [main] INFO  c.h.platform.operator.util.CRDUtil - Verifying deployed HiveMQ Platform CRD...
2025-01-29 01:01:20,382 INFO c.h.h.t.HelmChartContainer - [hivemq-test-hivemq-platform] [hivemq-platform-operator] [1117efae] 01:01:20.380 [main] DEBUG c.h.platform.operator.util.CRDUtil - HiveMQ Platform CRD version v1 is up to date
2025-01-29 01:01:20,382 INFO c.h.h.t.HelmChartContainer - [hivemq-test-hivemq-platform] [hivemq-platform-operator] [1117efae] 01:01:20.381 [main] INFO  c.h.platform.operator.util.CRDUtil - HiveMQ Platform CRD is up to date (version: V1_6_0)
2025-01-29 01:01:20,382 INFO c.h.h.t.HelmChartContainer - [hivemq-test-hivemq-platform] [hivemq-platform-operator] [1117efae] 01:01:20.381 [main] INFO  c.h.platform.operator.util.CRDUtil - Waiting 10000 ms for HiveMQ Platform CRD 'hivemq-platforms.hivemq.com' to become ready...
2025-01-29 01:01:20,660 INFO c.h.h.t.HelmChartContainer - [hivemq-test-hivemq-platform] [hivemq-platform-operator] [1117efae] 01:01:20.659 [vert.x-eventloop-thread-1] DEBUG c.h.platform.operator.util.CRDUtil - Checking CRD condition 'NamesAccepted' (status: 'True')
2025-01-29 01:01:20,661 INFO c.h.h.t.HelmChartContainer - [hivemq-test-hivemq-platform] [hivemq-platform-operator] [1117efae] 01:01:20.659 [vert.x-eventloop-thread-1] DEBUG c.h.platform.operator.util.CRDUtil - Checking CRD condition 'Established' (status: 'True')
2025-01-29 01:01:20,661 INFO c.h.h.t.HelmChartContainer - [hivemq-test-hivemq-platform] [hivemq-platform-operator] [1117efae] 01:01:20.660 [main] INFO  c.h.platform.operator.util.CRDUtil - HiveMQ Platform CRD 'hivemq-platforms.hivemq.com' is ready
2025-01-29 01:01:20,786 INFO c.h.h.t.HelmChartContainer - [hivemq-test-hivemq-platform] [hivemq-platform-operator] [1117efae] 01:01:20.785 [main] INFO  c.h.p.o.HiveMQPlatformReconciler - HiveMQ Platform Operator is starting...
2025-01-29 01:01:20,865 INFO c.h.h.t.HelmChartContainer - [hivemq-test-hivemq-platform] [hivemq-platform-operator] [1117efae] 01:01:20.864 [main] WARN  Default ConfigurationService implementation - Configuration for reconciler 'hivemq-controller' was not found. Known reconcilers: None.
2025-01-29 01:01:20,887 INFO c.h.h.t.HelmChartContainer - [hivemq-test-hivemq-platform] [hivemq-platform-operator] [1117efae] 01:01:20.886 [main] INFO  Default ConfigurationService implementation - Created configuration for reconciler com.hivemq.platform.operator.HiveMQPlatformReconciler with name hivemq-controller
2025-01-29 01:01:20,991 INFO c.h.h.t.HelmChartContainer - [hivemq-test-hivemq-platform] [hivemq-platform-operator] [1117efae] 01:01:20.990 [main] DEBUG c.h.p.o.HiveMQPlatformReconciler - HiveMQ Platform Operator is preparing EventSources
2025-01-29 01:01:21,085 INFO c.h.h.t.HelmChartContainer - [hivemq-test-hivemq-platform] [hivemq-platform-operator] [1117efae] 01:01:21.084 [main] INFO  i.javaoperatorsdk.operator.Operator - Registered reconciler: 'hivemq-controller' for resource: 'class com.hivemq.platform.operator.v1.HiveMQPlatform' for namespace(s): [all namespaces]
2025-01-29 01:01:21,593 INFO c.h.h.t.HelmChartContainer - [hivemq-test-hivemq-platform] [hivemq-platform-operator] [1117efae] 01:01:21.592 [main] INFO  c.h.p.operator.webserver.JettyServer - Starting Jetty server on port 8080
2025-01-29 01:01:21,690 INFO c.h.h.t.HelmChartContainer - [hivemq-test-hivemq-platform] [hivemq-platform-operator] [1117efae] 01:01:21.689 [main] INFO  i.javaoperatorsdk.operator.Operator - Operator SDK 4.9.7 (commit: 2133d28) built on Wed Nov 20 12:56:20 UTC 2024 starting...
2025-01-29 01:01:21,690 INFO c.h.h.t.HelmChartContainer - [hivemq-test-hivemq-platform] [hivemq-platform-operator] [1117efae] 01:01:21.689 [main] INFO  i.javaoperatorsdk.operator.Operator - Client version: 6.13.4
2025-01-29 01:01:21,692 INFO c.h.h.t.HelmChartContainer - [hivemq-test-hivemq-platform] [hivemq-platform-operator] [1117efae] 01:01:21.691 [Controller Starter for: hivemq-controller] INFO  i.j.operator.processing.Controller - Starting 'hivemq-controller' controller for reconciler: com.hivemq.platform.operator.HiveMQPlatformReconciler, resource: com.hivemq.platform.operator.v1.HiveMQPlatform
2025-01-29 01:01:24,161 INFO c.h.h.t.HelmChartContainer - [hivemq-test-hivemq-platform] [hivemq-platform-operator] [1117efae] 01:01:24.160 [Controller Starter for: hivemq-controller] INFO  i.j.operator.processing.Controller - 'hivemq-controller' controller started
2025-01-29 01:01:24,162 INFO c.h.h.t.HelmChartContainer - [hivemq-test-hivemq-platform] [hivemq-platform-operator] [1117efae] 01:01:24.160 [main] INFO  c.h.p.o.HiveMQPlatformOperatorApplication - HiveMQ Platform Operator 1.7.0-SNAPSHOT started in 6381 ms
2025-01-29 01:01:25,583 INFO c.h.h.t.HelmChartContainer - [POD] hivemq-test-hivemq-platform-operator-7ccc997bc4-22n72 [1117efae-08f0-4ecc-a2f6-7c9726a9ad56] in helmpodsecuritycontextupgradeextensionit-operator was MODIFIED
2025-01-29 01:01:25,594 INFO c.h.h.t.HelmChartContainer - [K3S] [replica_set.go:679] "Finished syncing" kind="ReplicaSet" key="helmpodsecuritycontextupgradeextensionit-operator/hivemq-test-hivemq-platform-operator-7ccc997bc4" duration="12.887059ms"
2025-01-29 01:01:25,596 INFO c.h.h.t.HelmChartContainer - [K3S] [replica_set.go:679] "Finished syncing" kind="ReplicaSet" key="helmpodsecuritycontextupgradeextensionit-operator/hivemq-test-hivemq-platform-operator-7ccc997bc4" duration="45.846µs"
2025-01-29 01:01:26,511 INFO com.hivemq.helmcharts.util.K8sUtil - Pod 'hivemq-test-hivemq-platform-operator-7ccc997bc4-22n72' is ready
2025-01-29 01:01:26,598 DEBUG com.hivemq.helmcharts.util.PodUtil - Received status for command '[sh, -c, stat -c "%u:%g" /proc/1]' on pod 'hivemq-test-hivemq-platform-operator-7ccc997bc4-22n72' (exit code: 0)
2025-01-29 01:01:26,606 INFO c.h.h.testcontainer.LogWaiterUtil - TEST Waiting for log pattern on 'test-hivemq-platform-0': .*Extension "HiveMQ Enterprise Distributed Tracing Extension" version .* started successfully.
2025-01-29 01:01:26,665 DEBUG c.h.h.t.HelmChartContainer - Executing helm command: /bin/helm --kubeconfig /etc/rancher/k3s/k3s.yaml install test-hivemq-platform /charts/hivemq-platform --wait --timeout 5m0s --set image.repository=docker.io/hivemq --set image.tag=4.36.0 --set image.pullPolicy=Never --set nodes.resources.cpu=512m -f /files/platform-pod-security-context-non-root-user-with-tracing-extension-values.yaml --namespace helmpodsecuritycontextupgradeextensionit
2025-01-29 01:01:26,895 INFO c.h.h.t.HelmChartContainer - [hivemq-test-hivemq-platform] [hivemq-platform-operator] [1117efae] 01:01:26.893 [-373097727-pool-1-thread-4] WARN  i.m.p.PrometheusMeterRegistry - The meter (MeterId{name='operator.sdk.events.received', tags=[tag(action=ADDED),tag(event=ResourceEvent),tag(group=hivemq.com),tag(kind=HiveMQPlatform),tag(name=test-hivemq-platform),tag(namespace=helmpodsecuritycontextupgradeextensionit),tag(scope=namespace),tag(version=v1)]}) registration has failed: Prometheus requires that all meters with the same name have the same set of tag keys. There is already an existing meter named 'operator.sdk.events.received' containing tag keys [event, group, kind, name, namespace, scope, version]. The meter you are attempting to register has keys [action, event, group, kind, name, namespace, scope, version]. Note that subsequent logs will be logged at debug level.
2025-01-29 01:01:27,381 INFO c.h.h.t.HelmChartContainer - [hivemq-test-hivemq-platform] [hivemq-platform-operator] [1117efae] 01:01:27.380 [pool-6-thread-3] DEBUG c.h.p.o.dependants.PodInfoConfigMap - [helmpods] Desired PodInfo ConfigMap (1 extensions) (1 enabled)
2025-01-29 01:01:27,382 INFO c.h.h.t.HelmChartContainer - [hivemq-test-hivemq-platform] [hivemq-platform-operator] [1117efae] 01:01:27.380 [pool-6-thread-3] DEBUG c.h.p.o.dependants.PodInfoConfigMap - [helmpods] Desired PodInfo ConfigMap (metrics port: 9399) (metrics path: /)
2025-01-29 01:01:27,382 INFO c.h.h.t.HelmChartContainer - [hivemq-test-hivemq-platform] [hivemq-platform-operator] [1117efae] 01:01:27.380 [pool-6-thread-3] DEBUG c.h.p.o.dependants.PodInfoConfigMap - [helmpods] Desired PodInfo ConfigMap (extension state hash: 1825504607)
2025-01-29 01:01:27,383 INFO c.h.h.t.HelmChartContainer - [hivemq-test-hivemq-platform] [hivemq-platform-operator] [1117efae] 01:01:27.382 [pool-6-thread-3] DEBUG c.h.p.o.dependants.PodInfoConfigMap - [helmpods] Create PodInfo ConfigMap
2025-01-29 01:01:27,485 INFO c.h.h.t.HelmChartContainer - [hivemq-test-hivemq-platform] [hivemq-platform-operator] [1117efae] 01:01:27.459 [pool-6-thread-5] DEBUG c.h.p.o.dependants.PodRoleResource - [helmpods] Create Role: Role(apiVersion=rbac.authorization.k8s.io/v1, kind=Role, metadata=ObjectMeta(annotations={meta.helm.sh/release-name=test-hivemq-platform, meta.helm.sh/release-namespace=helmpodsecuritycontextupgradeextensionit}, creationTimestamp=null, deletionGracePeriodSeconds=null, deletionTimestamp=null, finalizers=[], generateName=null, generation=null, labels={helm.sh/chart=hivemq-platform-0.2.32, app.kubernetes.io/managed-by=Helm, app.kubernetes.io/name=hivemq-platform, hivemq-platform=test-hivemq-platform, app.kubernetes.io/instance=test-hivemq-platform, app.kubernetes.io/version=4.36.0}, managedFields=[], name=hivemq-platform-role-test-hivemq-platform, namespace=helmpodsecuritycontextupgradeextensionit, ownerReferences=[OwnerReference(apiVersion=hivemq.com/v1, blockOwnerDeletion=null, controller=null, kind=HiveMQPlatform, name=test-hivemq-platform, uid=bfe59321-e48d-40e1-8ca8-966a427ca223, additionalProperties={})], resourceVersion=null, selfLink=null, uid=null, additionalProperties={}), rules=[PolicyRule(apiGroups=[], nonResourceURLs=[], resourceNames=[], resources=[pods], verbs=[get, patch, update], additionalProperties={})], additionalProperties={})
2025-01-29 01:01:27,586 INFO c.h.h.t.HelmChartContainer - [hivemq-test-hivemq-platform] [hivemq-platform-operator] [1117efae] 01:01:27.583 [pool-6-thread-7] DEBUG c.h.p.o.d.PodServiceAccountResource - [helmpods] Desired PodServiceAccountResource (serviceAccountName: hivemq-platform-pod-test-hivemq-platform)
2025-01-29 01:01:27,586 INFO c.h.h.t.HelmChartContainer - [hivemq-test-hivemq-platform] [hivemq-platform-operator] [1117efae] 01:01:27.584 [pool-6-thread-7] DEBUG c.h.p.o.d.PodServiceAccountResource - [helmpods] Create ServiceAccount 'hivemq-platform-pod-test-hivemq-platform'
2025-01-29 01:01:27,757 INFO c.h.h.t.HelmChartContainer - [hivemq-test-hivemq-platform] [hivemq-platform-operator] [1117efae] 01:01:27.755 [pool-6-thread-10] DEBUG c.h.p.o.d.PodRoleBindingResource - [helmpods] Create RoleBinding: RoleBinding(apiVersion=rbac.authorization.k8s.io/v1, kind=RoleBinding, metadata=ObjectMeta(annotations={meta.helm.sh/release-name=test-hivemq-platform, meta.helm.sh/release-namespace=helmpodsecuritycontextupgradeextensionit}, creationTimestamp=null, deletionGracePeriodSeconds=null, deletionTimestamp=null, finalizers=[], generateName=null, generation=null, labels={helm.sh/chart=hivemq-platform-0.2.32, app.kubernetes.io/managed-by=Helm, app.kubernetes.io/name=hivemq-platform, hivemq-platform=test-hivemq-platform, app.kubernetes.io/instance=test-hivemq-platform, app.kubernetes.io/version=4.36.0}, managedFields=[], name=hivemq-platform-role-binding-test-hivemq-platform, namespace=helmpodsecuritycontextupgradeextensionit, ownerReferences=[OwnerReference(apiVersion=hivemq.com/v1, blockOwnerDeletion=null, controller=null, kind=HiveMQPlatform, name=test-hivemq-platform, uid=bfe59321-e48d-40e1-8ca8-966a427ca223, additionalProperties={})], resourceVersion=null, selfLink=null, uid=null, additionalProperties={}), roleRef=RoleRef(apiGroup=rbac.authorization.k8s.io, kind=Role, name=hivemq-platform-role-test-hivemq-platform, additionalProperties={}), subjects=[Subject(apiGroup=null, kind=ServiceAccount, name=hivemq-platform-pod-test-hivemq-platform, namespace=helmpodsecuritycontextupgradeextensionit, additionalProperties={})], additionalProperties={})
2025-01-29 01:01:27,782 INFO c.h.h.t.HelmChartContainer - [hivemq-test-hivemq-platform] [hivemq-platform-operator] [1117efae] 01:01:27.781 [ReconcilerExecutor-hivemq-controller-53] INFO  c.h.p.o.HiveMQPlatformReconciler - [helmpods] Reconciling HiveMQ Platform 'test-hivemq-platform' in namespace 'helmpodsecuritycontextupgradeextensionit'
2025-01-29 01:01:27,783 INFO c.h.h.t.HelmChartContainer - [hivemq-test-hivemq-platform] [hivemq-platform-operator] [1117efae] 01:01:27.782 [ReconcilerExecutor-hivemq-controller-53] DEBUG c.h.p.o.HiveMQPlatformReconciler - [helmpods] Custom Resource Status CREATED - HiveMQ Platform was created (READY)
2025-01-29 01:01:27,783 INFO c.h.h.t.HelmChartContainer - [hivemq-test-hivemq-platform] [hivemq-platform-operator] [1117efae] 01:01:27.782 [ReconcilerExecutor-hivemq-controller-53] DEBUG c.h.p.o.HiveMQPlatformReconciler - [helmpods] Custom Resource Spec (replicas: 1) (extensions: 1)
2025-01-29 01:01:27,787 INFO c.h.h.t.HelmChartContainer - [hivemq-test-hivemq-platform] [hivemq-platform-operator] [1117efae] 01:01:27.786 [ReconcilerExecutor-hivemq-controller-53] INFO  c.h.p.o.h.HiveMQPlatformReconcilerBaseHandler - [helmpods] HiveMQ Platform is starting
2025-01-29 01:01:27,956 INFO c.h.h.t.HelmChartContainer - [hivemq-test-hivemq-platform] [hivemq-platform-operator] [1117efae] 01:01:27.955 [ReconcilerExecutor-hivemq-controller-53] DEBUG c.h.p.operator.event.EventSender - [helmpods] Creating K8s event hivemq-platform-starting: [Start] HiveMQ Platform is starting
2025-01-29 01:01:27,965 INFO c.h.h.t.HelmChartContainer - [EVENT] Normal [Start] HiveMQ Platform is starting [helmpodsecuritycontextupgradeextensionit:test-hivemq-platform]
2025-01-29 01:01:27,986 INFO c.h.h.t.HelmChartContainer - [hivemq-test-hivemq-platform] [hivemq-platform-operator] [1117efae] 01:01:27.984 [ReconcilerExecutor-hivemq-controller-53] INFO  c.h.p.o.h.AbstractHiveMQReconcilerStateHandler - [helmpods] Update HiveMQ Platform Status (CREATED [READY] -> STARTING [READY]): HiveMQ Platform is starting
2025-01-29 01:01:28,064 DEBUG com.hivemq.helmcharts.util.K8sUtil - Comparing actual state 'STARTING' and waiting for 'RUNNING'
2025-01-29 01:01:38,094 INFO c.h.h.t.HelmChartContainer - [hivemq-test-hivemq-platform] [hivemq-platform-operator] [1117efae] 01:01:38.088 [pool-6-thread-12] DEBUG c.h.p.o.d.PlatformServiceResource - [helmpods] Desired Platform services (3 services)
2025-01-29 01:01:38,094 INFO c.h.h.t.HelmChartContainer - [hivemq-test-hivemq-platform] [hivemq-platform-operator] [1117efae] 01:01:38.090 [pool-6-thread-13] DEBUG c.h.p.o.dependants.PodInfoConfigMap - [helmpods] Desired PodInfo ConfigMap (1 extensions) (1 enabled)
2025-01-29 01:01:38,094 INFO c.h.h.t.HelmChartContainer - [hivemq-test-hivemq-platform] [hivemq-platform-operator] [1117efae] 01:01:38.090 [pool-6-thread-13] DEBUG c.h.p.o.dependants.PodInfoConfigMap - [helmpods] Desired PodInfo ConfigMap (metrics port: 9399) (metrics path: /)
2025-01-29 01:01:38,094 INFO c.h.h.t.HelmChartContainer - [hivemq-test-hivemq-platform] [hivemq-platform-operator] [1117efae] 01:01:38.090 [pool-6-thread-13] DEBUG c.h.p.o.dependants.PodInfoConfigMap - [helmpods] Desired PodInfo ConfigMap (extension state hash: 1825504607)
2025-01-29 01:01:38,098 INFO c.h.h.t.HelmChartContainer - [hivemq-test-hivemq-platform] [hivemq-platform-operator] [1117efae] 01:01:38.095 [pool-6-thread-17] DEBUG c.h.p.o.d.PodServiceAccountResource - [helmpods] Desired PodServiceAccountResource (serviceAccountName: hivemq-platform-pod-test-hivemq-platform)
2025-01-29 01:01:38,099 INFO c.h.h.t.HelmChartContainer - [hivemq-test-hivemq-platform] [hivemq-platform-operator] [1117efae] 01:01:38.097 [pool-6-thread-13] DEBUG c.h.p.o.dependants.PodInfoConfigMap - [helmpods] Update PodInfo ConfigMap
2025-01-29 01:01:38,193 INFO c.h.h.t.HelmChartContainer - [K3S] [alloc.go:330] "allocated clusterIPs" service="helmpodsecuritycontextupgradeextensionit/hivemq-test-hivemq-platform-mqtt-1883" clusterIPs={"IPv4":"10.43.84.66"}
2025-01-29 01:01:38,208 INFO c.h.h.t.HelmChartContainer - [K3S] [alloc.go:330] "allocated clusterIPs" service="helmpodsecuritycontextupgradeextensionit/hivemq-test-hivemq-platform-cc-8080" clusterIPs={"IPv4":"10.43.142.113"}
2025-01-29 01:01:38,289 INFO c.h.h.t.HelmChartContainer - [K3S] [alloc.go:330] "allocated clusterIPs" service="helmpodsecuritycontextupgradeextensionit/hivemq-test-hivemq-platform-metrics-9399" clusterIPs={"IPv4":"10.43.82.0"}
2025-01-29 01:01:38,299 INFO c.h.h.t.HelmChartContainer - [hivemq-test-hivemq-platform] [hivemq-platform-operator] [1117efae] 01:01:38.295 [pool-6-thread-20] DEBUG c.h.p.o.d.StatefulSetResource - [helmpods] Desired StatefulSet (1 replicas) for status STARTING (READY)
2025-01-29 01:01:38,387 INFO c.h.h.t.HelmChartContainer - [hivemq-test-hivemq-platform] [hivemq-platform-operator] [1117efae] 01:01:38.386 [pool-6-thread-20] DEBUG c.h.p.o.d.StatefulSetResource - [helmpods] Create StatefulSet
2025-01-29 01:01:38,412 INFO c.h.h.t.HelmChartContainer - [POD] test-hivemq-platform-0 [4e0c1acd-54bc-4a38-90cb-32d248890f66] in helmpodsecuritycontextupgradeextensionit was ADDED
2025-01-29 01:01:38,413 INFO c.h.h.t.HelmChartContainer - [EVENT] Normal [SuccessfulCreate] create Pod test-hivemq-platform-0 in StatefulSet test-hivemq-platform successful [helmpodsecuritycontextupgradeextensionit:test-hivemq-platform]
2025-01-29 01:01:38,415 INFO c.h.h.t.HelmChartContainer - [POD] test-hivemq-platform-0 [4e0c1acd-54bc-4a38-90cb-32d248890f66] in helmpodsecuritycontextupgradeextensionit was MODIFIED
2025-01-29 01:01:38,417 INFO c.h.h.t.HelmChartContainer - [EVENT] Normal [Scheduled] Successfully assigned helmpodsecuritycontextupgradeextensionit/test-hivemq-platform-0 to 378b0af89195 [helmpodsecuritycontextupgradeextensionit:test-hivemq-platform-0]
2025-01-29 01:01:38,429 INFO c.h.h.t.HelmChartContainer - [POD] test-hivemq-platform-0 [4e0c1acd-54bc-4a38-90cb-32d248890f66] in helmpodsecuritycontextupgradeextensionit was MODIFIED
2025-01-29 01:01:38,493 INFO c.h.h.t.HelmChartContainer - [hivemq-test-hivemq-platform] [hivemq-platform-operator] [1117efae] 01:01:38.493 [ReconcilerExecutor-hivemq-controller-64] INFO  c.h.p.o.HiveMQPlatformReconciler - [helmpods] Reconciling HiveMQ Platform 'test-hivemq-platform' in namespace 'helmpodsecuritycontextupgradeextensionit'
2025-01-29 01:01:38,494 INFO c.h.h.t.HelmChartContainer - [hivemq-test-hivemq-platform] [hivemq-platform-operator] [1117efae] 01:01:38.493 [ReconcilerExecutor-hivemq-controller-64] DEBUG c.h.p.o.HiveMQPlatformReconciler - [helmpods] Custom Resource Status STARTING - HiveMQ Platform is starting (READY)
2025-01-29 01:01:38,494 INFO c.h.h.t.HelmChartContainer - [hivemq-test-hivemq-platform] [hivemq-platform-operator] [1117efae] 01:01:38.493 [ReconcilerExecutor-hivemq-controller-64] DEBUG c.h.p.o.HiveMQPlatformReconciler - [helmpods] Custom Resource Spec (replicas: 1) (extensions: 1)
2025-01-29 01:01:38,497 INFO c.h.h.t.HelmChartContainer - [hivemq-test-hivemq-platform] [hivemq-platform-operator] [1117efae] 01:01:38.496 [ReconcilerExecutor-hivemq-controller-64] DEBUG c.h.p.o.HiveMQPlatformReconciler - [helmpods] StatefulSet Status (revision: test-hivemq-platform-f6cdc458c, replicas: 1, available: 0, ready: 0, current: 1, updated: 1)
2025-01-29 01:01:38,497 INFO c.h.h.t.HelmChartContainer - [hivemq-test-hivemq-platform] [hivemq-platform-operator] [1117efae] 01:01:38.496 [ReconcilerExecutor-hivemq-controller-64] DEBUG c.h.p.o.HiveMQPlatformReconciler - [helmpods] StatefulSet Spec (replicas: 1, init containers: 1, containers: 1, volumes: 4)
2025-01-29 01:01:38,544 INFO c.h.h.t.HelmChartContainer - [K3S] [reconciler_common.go:251] "operationExecutor.VerifyControllerAttachedVolume started for volume \"broker-configuration\" (UniqueName: \"kubernetes.io/configmap/4e0c1acd-54bc-4a38-90cb-32d248890f66-broker-configuration\") pod \"test-hivemq-platform-0\" (UID: \"4e0c1acd-54bc-4a38-90cb-32d248890f66\") " pod="helmpodsecuritycontextupgradeextensionit/test-hivemq-platform-0"
2025-01-29 01:01:38,544 INFO c.h.h.t.HelmChartContainer - [K3S] [reconciler_common.go:251] "operationExecutor.VerifyControllerAttachedVolume started for volume \"extension-configuration-hivemq-distributed-tracing-extension\" (UniqueName: \"kubernetes.io/configmap/4e0c1acd-54bc-4a38-90cb-32d248890f66-extension-configuration-hivemq-distributed-tracing-extension\") pod \"test-hivemq-platform-0\" (UID: \"4e0c1acd-54bc-4a38-90cb-32d248890f66\") " pod="helmpodsecuritycontextupgradeextensionit/test-hivemq-platform-0"
2025-01-29 01:01:38,544 INFO c.h.h.t.HelmChartContainer - [K3S] [reconciler_common.go:251] "operationExecutor.VerifyControllerAttachedVolume started for volume \"pod-info\" (UniqueName: \"kubernetes.io/configmap/4e0c1acd-54bc-4a38-90cb-32d248890f66-pod-info\") pod \"test-hivemq-platform-0\" (UID: \"4e0c1acd-54bc-4a38-90cb-32d248890f66\") " pod="helmpodsecuritycontextupgradeextensionit/test-hivemq-platform-0"
2025-01-29 01:01:38,544 INFO c.h.h.t.HelmChartContainer - [K3S] [reconciler_common.go:251] "operationExecutor.VerifyControllerAttachedVolume started for volume \"operator-init\" (UniqueName: \"kubernetes.io/empty-dir/4e0c1acd-54bc-4a38-90cb-32d248890f66-operator-init\") pod \"test-hivemq-platform-0\" (UID: \"4e0c1acd-54bc-4a38-90cb-32d248890f66\") " pod="helmpodsecuritycontextupgradeextensionit/test-hivemq-platform-0"
2025-01-29 01:01:38,544 INFO c.h.h.t.HelmChartContainer - [K3S] [reconciler_common.go:251] "operationExecutor.VerifyControllerAttachedVolume started for volume \"kube-api-access-knnqz\" (UniqueName: \"kubernetes.io/projected/4e0c1acd-54bc-4a38-90cb-32d248890f66-kube-api-access-knnqz\") pod \"test-hivemq-platform-0\" (UID: \"4e0c1acd-54bc-4a38-90cb-32d248890f66\") " pod="helmpodsecuritycontextupgradeextensionit/test-hivemq-platform-0"
2025-01-29 01:01:38,593 INFO c.h.h.t.HelmChartContainer - [hivemq-test-hivemq-platform] [hivemq-platform-operator] [1117efae] 01:01:38.591 [ReconcilerExecutor-hivemq-controller-64] DEBUG c.h.p.o.h.HiveMQPlatformReconcilerErrorHandler - [helmpods] Pod 'test-hivemq-platform-0' phase Pending
2025-01-29 01:01:38,596 INFO c.h.h.t.HelmChartContainer - [hivemq-test-hivemq-platform] [hivemq-platform-operator] [1117efae] 01:01:38.592 [ReconcilerExecutor-hivemq-controller-64] DEBUG c.h.p.o.h.HiveMQPlatformReconcilerErrorHandler - [helmpods] Pod 'test-hivemq-platform-0' condition 'PodReadyToStartContainers': False
2025-01-29 01:01:38,597 INFO c.h.h.t.HelmChartContainer - [hivemq-test-hivemq-platform] [hivemq-platform-operator] [1117efae] 01:01:38.592 [ReconcilerExecutor-hivemq-controller-64] DEBUG c.h.p.o.h.HiveMQPlatformReconcilerErrorHandler - [helmpods] Pod 'test-hivemq-platform-0' condition 'Initialized': False
2025-01-29 01:01:38,597 INFO c.h.h.t.HelmChartContainer - [hivemq-test-hivemq-platform] [hivemq-platform-operator] [1117efae] 01:01:38.592 [ReconcilerExecutor-hivemq-controller-64] DEBUG c.h.p.o.h.HiveMQPlatformReconcilerErrorHandler - [helmpods] Pod 'test-hivemq-platform-0' condition 'Ready': False
2025-01-29 01:01:38,597 INFO c.h.h.t.HelmChartContainer - [hivemq-test-hivemq-platform] [hivemq-platform-operator] [1117efae] 01:01:38.592 [ReconcilerExecutor-hivemq-controller-64] DEBUG c.h.p.o.h.HiveMQPlatformReconcilerErrorHandler - [helmpods] Pod 'test-hivemq-platform-0' condition 'ContainersReady': False
2025-01-29 01:01:38,597 INFO c.h.h.t.HelmChartContainer - [hivemq-test-hivemq-platform] [hivemq-platform-operator] [1117efae] 01:01:38.592 [ReconcilerExecutor-hivemq-controller-64] DEBUG c.h.p.o.h.HiveMQPlatformReconcilerErrorHandler - [helmpods] Pod 'test-hivemq-platform-0' condition 'PodScheduled': True
2025-01-29 01:01:38,597 INFO c.h.h.t.HelmChartContainer - [hivemq-test-hivemq-platform] [hivemq-platform-operator] [1117efae] 01:01:38.593 [ReconcilerExecutor-hivemq-controller-64] DEBUG c.h.p.o.h.HiveMQPlatformReconcilerErrorHandler - [helmpods] Pod 'test-hivemq-platform-0' containerStatus 'hivemq' (started: false) (ready: false) (waiting: [PodInitializing] null)
2025-01-29 01:01:38,597 INFO c.h.h.t.HelmChartContainer - [hivemq-test-hivemq-platform] [hivemq-platform-operator] [1117efae] 01:01:38.595 [ReconcilerExecutor-hivemq-controller-64] INFO  c.h.p.o.h.HiveMQPlatformReconcilerBaseHandler - [helmpods] HiveMQ Platform is starting, 0 of 1 replicas are ready
2025-01-29 01:01:38,684 INFO c.h.h.t.HelmChartContainer - [hivemq-test-hivemq-platform] [hivemq-platform-operator] [1117efae] 01:01:38.680 [pool-6-thread-22] DEBUG c.h.p.o.d.PlatformServiceResource - [helmpods] Desired Platform services (3 services)
2025-01-29 01:01:38,685 INFO c.h.h.t.HelmChartContainer - [hivemq-test-hivemq-platform] [hivemq-platform-operator] [1117efae] 01:01:38.684 [pool-6-thread-23] DEBUG c.h.p.o.dependants.PodInfoConfigMap - [helmpods] Desired PodInfo ConfigMap (1 extensions) (1 enabled)
2025-01-29 01:01:38,686 INFO c.h.h.t.HelmChartContainer - [hivemq-test-hivemq-platform] [hivemq-platform-operator] [1117efae] 01:01:38.685 [pool-6-thread-23] DEBUG c.h.p.o.dependants.PodInfoConfigMap - [helmpods] Desired PodInfo ConfigMap (metrics port: 9399) (metrics path: /)
2025-01-29 01:01:38,686 INFO c.h.h.t.HelmChartContainer - [hivemq-test-hivemq-platform] [hivemq-platform-operator] [1117efae] 01:01:38.685 [pool-6-thread-23] DEBUG c.h.p.o.dependants.PodInfoConfigMap - [helmpods] Desired PodInfo ConfigMap (extension state hash: 1825504607)
2025-01-29 01:01:38,689 INFO c.h.h.t.HelmChartContainer - [hivemq-test-hivemq-platform] [hivemq-platform-operator] [1117efae] 01:01:38.688 [pool-6-thread-27] DEBUG c.h.p.o.d.PodServiceAccountResource - [helmpods] Desired PodServiceAccountResource (serviceAccountName: hivemq-platform-pod-test-hivemq-platform)
2025-01-29 01:01:38,695 INFO c.h.h.t.HelmChartContainer - [hivemq-test-hivemq-platform] [hivemq-platform-operator] [1117efae] 01:01:38.695 [pool-6-thread-30] DEBUG c.h.p.o.d.StatefulSetResource - [helmpods] Desired StatefulSet (1 replicas) for status STARTING (READY)
2025-01-29 01:01:38,787 INFO c.h.h.t.HelmChartContainer - [hivemq-test-hivemq-platform] [hivemq-platform-operator] [1117efae] 01:01:38.785 [ReconcilerExecutor-hivemq-controller-76] INFO  c.h.p.o.HiveMQPlatformReconciler - [helmpods] Reconciling HiveMQ Platform 'test-hivemq-platform' in namespace 'helmpodsecuritycontextupgradeextensionit'
2025-01-29 01:01:38,788 INFO c.h.h.t.HelmChartContainer - [hivemq-test-hivemq-platform] [hivemq-platform-operator] [1117efae] 01:01:38.786 [ReconcilerExecutor-hivemq-controller-76] DEBUG c.h.p.o.HiveMQPlatformReconciler - [helmpods] Custom Resource Status STARTING - HiveMQ Platform is starting (READY)
2025-01-29 01:01:38,788 INFO c.h.h.t.HelmChartContainer - [hivemq-test-hivemq-platform] [hivemq-platform-operator] [1117efae] 01:01:38.786 [ReconcilerExecutor-hivemq-controller-76] DEBUG c.h.p.o.HiveMQPlatformReconciler - [helmpods] Custom Resource Spec (replicas: 1) (extensions: 1)
2025-01-29 01:01:38,793 INFO c.h.h.t.HelmChartContainer - [hivemq-test-hivemq-platform] [hivemq-platform-operator] [1117efae] 01:01:38.792 [ReconcilerExecutor-hivemq-controller-76] DEBUG c.h.p.o.HiveMQPlatformReconciler - [helmpods] StatefulSet Status (revision: test-hivemq-platform-f6cdc458c, replicas: 1, available: 0, ready: 0, current: 1, updated: 1)
2025-01-29 01:01:38,794 INFO c.h.h.t.HelmChartContainer - [hivemq-test-hivemq-platform] [hivemq-platform-operator] [1117efae] 01:01:38.792 [ReconcilerExecutor-hivemq-controller-76] DEBUG c.h.p.o.HiveMQPlatformReconciler - [helmpods] StatefulSet Spec (replicas: 1, init containers: 1, containers: 1, volumes: 4)
2025-01-29 01:01:38,797 INFO c.h.h.t.HelmChartContainer - [hivemq-test-hivemq-platform] [hivemq-platform-operator] [1117efae] 01:01:38.794 [ReconcilerExecutor-hivemq-controller-76] DEBUG c.h.p.o.h.HiveMQPlatformReconcilerErrorHandler - [helmpods] Pod 'test-hivemq-platform-0' phase Pending
2025-01-29 01:01:38,798 INFO c.h.h.t.HelmChartContainer - [hivemq-test-hivemq-platform] [hivemq-platform-operator] [1117efae] 01:01:38.795 [ReconcilerExecutor-hivemq-controller-76] DEBUG c.h.p.o.h.HiveMQPlatformReconcilerErrorHandler - [helmpods] Pod 'test-hivemq-platform-0' condition 'PodReadyToStartContainers': False
2025-01-29 01:01:38,798 INFO c.h.h.t.HelmChartContainer - [hivemq-test-hivemq-platform] [hivemq-platform-operator] [1117efae] 01:01:38.795 [ReconcilerExecutor-hivemq-controller-76] DEBUG c.h.p.o.h.HiveMQPlatformReconcilerErrorHandler - [helmpods] Pod 'test-hivemq-platform-0' condition 'Initialized': False
2025-01-29 01:01:38,798 INFO c.h.h.t.HelmChartContainer - [hivemq-test-hivemq-platform] [hivemq-platform-operator] [1117efae] 01:01:38.795 [ReconcilerExecutor-hivemq-controller-76] DEBUG c.h.p.o.h.HiveMQPlatformReconcilerErrorHandler - [helmpods] Pod 'test-hivemq-platform-0' condition 'Ready': False
2025-01-29 01:01:38,799 INFO c.h.h.t.HelmChartContainer - [hivemq-test-hivemq-platform] [hivemq-platform-operator] [1117efae] 01:01:38.795 [ReconcilerExecutor-hivemq-controller-76] DEBUG c.h.p.o.h.HiveMQPlatformReconcilerErrorHandler - [helmpods] Pod 'test-hivemq-platform-0' condition 'ContainersReady': False
2025-01-29 01:01:38,799 INFO c.h.h.t.HelmChartContainer - [hivemq-test-hivemq-platform] [hivemq-platform-operator] [1117efae] 01:01:38.795 [ReconcilerExecutor-hivemq-controller-76] DEBUG c.h.p.o.h.HiveMQPlatformReconcilerErrorHandler - [helmpods] Pod 'test-hivemq-platform-0' condition 'PodScheduled': True
2025-01-29 01:01:38,799 INFO c.h.h.t.HelmChartContainer - [hivemq-test-hivemq-platform] [hivemq-platform-operator] [1117efae] 01:01:38.795 [ReconcilerExecutor-hivemq-controller-76] DEBUG c.h.p.o.h.HiveMQPlatformReconcilerErrorHandler - [helmpods] Pod 'test-hivemq-platform-0' containerStatus 'hivemq' (started: false) (ready: false) (waiting: [PodInitializing] null)
2025-01-29 01:01:38,799 INFO c.h.h.t.HelmChartContainer - [hivemq-test-hivemq-platform] [hivemq-platform-operator] [1117efae] 01:01:38.796 [ReconcilerExecutor-hivemq-controller-76] INFO  c.h.p.o.h.HiveMQPlatformReconcilerBaseHandler - [helmpods] HiveMQ Platform is starting, 0 of 1 replicas are ready
2025-01-29 01:01:38,816 INFO c.h.h.t.HelmChartContainer - [EVENT] Normal [Pulled] Container image "docker.io/hivemq/hivemq-platform-operator-init-test:snapshot" already present on machine [helmpodsecuritycontextupgradeextensionit:test-hivemq-platform-0]
2025-01-29 01:01:38,961 INFO c.h.h.t.HelmChartContainer - [EVENT] Normal [Created] Created container: hivemq-platform-operator-init [helmpodsecuritycontextupgradeextensionit:test-hivemq-platform-0]
2025-01-29 01:01:39,009 INFO c.h.h.t.HelmChartContainer - [EVENT] Normal [Started] Started container hivemq-platform-operator-init [helmpodsecuritycontextupgradeextensionit:test-hivemq-platform-0]
2025-01-29 01:01:39,606 INFO c.h.h.t.HelmChartContainer - [EVENT] Normal [Pulled] Container image "docker.io/hivemq/hivemq4:4.36.0" already present on machine [helmpodsecuritycontextupgradeextensionit:test-hivemq-platform-0]
2025-01-29 01:01:39,606 INFO c.h.h.t.HelmChartContainer - Received Pulled event for container hivemq in pod test-hivemq-platform-0 [4e0c1acd-54bc-4a38-90cb-32d248890f66]
2025-01-29 01:01:39,627 INFO c.h.h.t.HelmChartContainer - [POD] test-hivemq-platform-0 [4e0c1acd-54bc-4a38-90cb-32d248890f66] in helmpodsecuritycontextupgradeextensionit was MODIFIED
2025-01-29 01:01:39,640 INFO c.h.h.t.HelmChartContainer - [hivemq-test-hivemq-platform] [hivemq-platform-operator] [1117efae] 01:01:39.630 [pool-6-thread-32] DEBUG c.h.p.o.d.PlatformServiceResource - [helmpods] Desired Platform services (3 services)
2025-01-29 01:01:39,640 INFO c.h.h.t.HelmChartContainer - [hivemq-test-hivemq-platform] [hivemq-platform-operator] [1117efae] 01:01:39.633 [pool-6-thread-33] DEBUG c.h.p.o.dependants.PodInfoConfigMap - [helmpods] Desired PodInfo ConfigMap (1 extensions) (1 enabled)
2025-01-29 01:01:39,640 INFO c.h.h.t.HelmChartContainer - [hivemq-test-hivemq-platform] [hivemq-platform-operator] [1117efae] 01:01:39.633 [pool-6-thread-33] DEBUG c.h.p.o.dependants.PodInfoConfigMap - [helmpods] Desired PodInfo ConfigMap (metrics port: 9399) (metrics path: /)
2025-01-29 01:01:39,640 INFO c.h.h.t.HelmChartContainer - [hivemq-test-hivemq-platform] [hivemq-platform-operator] [1117efae] 01:01:39.633 [pool-6-thread-33] DEBUG c.h.p.o.dependants.PodInfoConfigMap - [helmpods] Desired PodInfo ConfigMap (extension state hash: 1825504607)
2025-01-29 01:01:39,643 INFO c.h.h.t.HelmChartContainer - [hivemq-test-hivemq-platform] [hivemq-platform-operator] [1117efae] 01:01:39.637 [pool-6-thread-37] DEBUG c.h.p.o.d.PodServiceAccountResource - [helmpods] Desired PodServiceAccountResource (serviceAccountName: hivemq-platform-pod-test-hivemq-platform)
2025-01-29 01:01:39,682 INFO c.h.h.t.HelmChartContainer - [hivemq-test-hivemq-platform] [hivemq-platform-operator] [1117efae] 01:01:39.681 [pool-6-thread-40] DEBUG c.h.p.o.d.StatefulSetResource - [helmpods] Desired StatefulSet (1 replicas) for status STARTING (READY)
2025-01-29 01:01:39,688 INFO c.h.h.t.HelmChartContainer - [hivemq-test-hivemq-platform] [hivemq-platform-operator] [1117efae] 01:01:39.686 [ReconcilerExecutor-hivemq-controller-87] INFO  c.h.p.o.HiveMQPlatformReconciler - [helmpods] Reconciling HiveMQ Platform 'test-hivemq-platform' in namespace 'helmpodsecuritycontextupgradeextensionit'
2025-01-29 01:01:39,688 INFO c.h.h.t.HelmChartContainer - [hivemq-test-hivemq-platform] [hivemq-platform-operator] [1117efae] 01:01:39.687 [ReconcilerExecutor-hivemq-controller-87] DEBUG c.h.p.o.HiveMQPlatformReconciler - [helmpods] Custom Resource Status STARTING - HiveMQ Platform is starting (READY)
2025-01-29 01:01:39,691 INFO c.h.h.t.HelmChartContainer - [hivemq-test-hivemq-platform] [hivemq-platform-operator] [1117efae] 01:01:39.687 [ReconcilerExecutor-hivemq-controller-87] DEBUG c.h.p.o.HiveMQPlatformReconciler - [helmpods] Custom Resource Spec (replicas: 1) (extensions: 1)
2025-01-29 01:01:39,691 INFO c.h.h.t.HelmChartContainer - [hivemq-test-hivemq-platform] [hivemq-platform-operator] [1117efae] 01:01:39.690 [ReconcilerExecutor-hivemq-controller-87] DEBUG c.h.p.o.HiveMQPlatformReconciler - [helmpods] StatefulSet Status (revision: test-hivemq-platform-f6cdc458c, replicas: 1, available: 0, ready: 0, current: 1, updated: 1)
2025-01-29 01:01:39,691 INFO c.h.h.t.HelmChartContainer - [hivemq-test-hivemq-platform] [hivemq-platform-operator] [1117efae] 01:01:39.690 [ReconcilerExecutor-hivemq-controller-87] DEBUG c.h.p.o.HiveMQPlatformReconciler - [helmpods] StatefulSet Spec (replicas: 1, init containers: 1, containers: 1, volumes: 4)
2025-01-29 01:01:39,693 INFO c.h.h.t.HelmChartContainer - [hivemq-test-hivemq-platform] [hivemq-platform-operator] [1117efae] 01:01:39.693 [ReconcilerExecutor-hivemq-controller-87] DEBUG c.h.p.o.h.HiveMQPlatformReconcilerErrorHandler - [helmpods] Pod 'test-hivemq-platform-0' phase Pending
2025-01-29 01:01:39,695 INFO c.h.h.t.HelmChartContainer - [hivemq-test-hivemq-platform] [hivemq-platform-operator] [1117efae] 01:01:39.693 [ReconcilerExecutor-hivemq-controller-87] DEBUG c.h.p.o.h.HiveMQPlatformReconcilerErrorHandler - [helmpods] Pod 'test-hivemq-platform-0' condition 'PodReadyToStartContainers': True
2025-01-29 01:01:39,696 INFO c.h.h.t.HelmChartContainer - [hivemq-test-hivemq-platform] [hivemq-platform-operator] [1117efae] 01:01:39.693 [ReconcilerExecutor-hivemq-controller-87] DEBUG c.h.p.o.h.HiveMQPlatformReconcilerErrorHandler - [helmpods] Pod 'test-hivemq-platform-0' condition 'Initialized': True
2025-01-29 01:01:39,696 INFO c.h.h.t.HelmChartContainer - [hivemq-test-hivemq-platform] [hivemq-platform-operator] [1117efae] 01:01:39.693 [ReconcilerExecutor-hivemq-controller-87] DEBUG c.h.p.o.h.HiveMQPlatformReconcilerErrorHandler - [helmpods] Pod 'test-hivemq-platform-0' condition 'Ready': False
2025-01-29 01:01:39,696 INFO c.h.h.t.HelmChartContainer - [hivemq-test-hivemq-platform] [hivemq-platform-operator] [1117efae] 01:01:39.694 [ReconcilerExecutor-hivemq-controller-87] DEBUG c.h.p.o.h.HiveMQPlatformReconcilerErrorHandler - [helmpods] Pod 'test-hivemq-platform-0' condition 'ContainersReady': False
2025-01-29 01:01:39,696 INFO c.h.h.t.HelmChartContainer - [hivemq-test-hivemq-platform] [hivemq-platform-operator] [1117efae] 01:01:39.694 [ReconcilerExecutor-hivemq-controller-87] DEBUG c.h.p.o.h.HiveMQPlatformReconcilerErrorHandler - [helmpods] Pod 'test-hivemq-platform-0' condition 'PodScheduled': True
2025-01-29 01:01:39,696 INFO c.h.h.t.HelmChartContainer - [hivemq-test-hivemq-platform] [hivemq-platform-operator] [1117efae] 01:01:39.694 [ReconcilerExecutor-hivemq-controller-87] DEBUG c.h.p.o.h.HiveMQPlatformReconcilerErrorHandler - [helmpods] Pod 'test-hivemq-platform-0' containerStatus 'hivemq' (started: false) (ready: false) (waiting: [PodInitializing] null)
2025-01-29 01:01:39,697 INFO c.h.h.t.HelmChartContainer - [hivemq-test-hivemq-platform] [hivemq-platform-operator] [1117efae] 01:01:39.695 [ReconcilerExecutor-hivemq-controller-87] INFO  c.h.p.o.h.HiveMQPlatformReconcilerBaseHandler - [helmpods] HiveMQ Platform is starting, 0 of 1 replicas are ready
2025-01-29 01:01:41,040 INFO c.h.h.t.HelmChartContainer - [EVENT] Normal [Created] Created container: hivemq [helmpodsecuritycontextupgradeextensionit:test-hivemq-platform-0]
2025-01-29 01:01:41,040 INFO c.h.h.t.HelmChartContainer - Received Created event for container hivemq in pod test-hivemq-platform-0 [4e0c1acd-54bc-4a38-90cb-32d248890f66]
2025-01-29 01:01:41,617 INFO c.h.h.t.HelmChartContainer - [POD] test-hivemq-platform-0 [4e0c1acd-54bc-4a38-90cb-32d248890f66] in helmpodsecuritycontextupgradeextensionit was MODIFIED
2025-01-29 01:01:41,624 INFO c.h.h.t.HelmChartContainer - Started log watcher for hivemq in pod test-hivemq-platform-0 [4e0c1acd-54bc-4a38-90cb-32d248890f66]
2025-01-29 01:01:41,624 INFO c.h.h.t.HelmChartContainer - [EVENT] Normal [Started] Started container hivemq [helmpodsecuritycontextupgradeextensionit:test-hivemq-platform-0]
2025-01-29 01:01:41,624 INFO c.h.h.t.HelmChartContainer - Received Started event for container hivemq in pod test-hivemq-platform-0 [4e0c1acd-54bc-4a38-90cb-32d248890f66]
2025-01-29 01:01:41,627 INFO c.h.h.t.HelmChartContainer - [hivemq-test-hivemq-platform] [hivemq-platform-operator] [1117efae] 01:01:41.626 [pool-6-thread-42] DEBUG c.h.p.o.d.PlatformServiceResource - [helmpods] Desired Platform services (3 services)
2025-01-29 01:01:41,628 INFO c.h.h.t.HelmChartContainer - [test-hivemq-platform] [hivemq] [4e0c1acd] Adding pre-installed HiveMQ Platform Operator extensions
2025-01-29 01:01:41,628 INFO c.h.h.t.HelmChartContainer - [test-hivemq-platform] [hivemq] [4e0c1acd] Running as user 10000
2025-01-29 01:01:41,628 INFO c.h.h.t.HelmChartContainer - [test-hivemq-platform] [hivemq] [4e0c1acd] Starting HiveMQ Platform Operator Init
2025-01-29 01:01:41,633 INFO c.h.h.t.HelmChartContainer - [hivemq-test-hivemq-platform] [hivemq-platform-operator] [1117efae] 01:01:41.630 [pool-6-thread-43] DEBUG c.h.p.o.dependants.PodInfoConfigMap - [helmpods] Desired PodInfo ConfigMap (1 extensions) (1 enabled)
2025-01-29 01:01:41,633 INFO c.h.h.t.HelmChartContainer - [hivemq-test-hivemq-platform] [hivemq-platform-operator] [1117efae] 01:01:41.631 [pool-6-thread-43] DEBUG c.h.p.o.dependants.PodInfoConfigMap - [helmpods] Desired PodInfo ConfigMap (metrics port: 9399) (metrics path: /)
2025-01-29 01:01:41,633 INFO c.h.h.t.HelmChartContainer - [hivemq-test-hivemq-platform] [hivemq-platform-operator] [1117efae] 01:01:41.631 [pool-6-thread-43] DEBUG c.h.p.o.dependants.PodInfoConfigMap - [helmpods] Desired PodInfo ConfigMap (extension state hash: 1825504607)
2025-01-29 01:01:41,633 INFO c.h.h.t.HelmChartContainer - [hivemq-test-hivemq-platform] [hivemq-platform-operator] [1117efae] 01:01:41.632 [pool-6-thread-47] DEBUG c.h.p.o.d.PodServiceAccountResource - [helmpods] Desired PodServiceAccountResource (serviceAccountName: hivemq-platform-pod-test-hivemq-platform)
2025-01-29 01:01:41,683 INFO c.h.h.t.HelmChartContainer - [hivemq-test-hivemq-platform] [hivemq-platform-operator] [1117efae] 01:01:41.682 [pool-6-thread-50] DEBUG c.h.p.o.d.StatefulSetResource - [helmpods] Desired StatefulSet (1 replicas) for status STARTING (READY)
2025-01-29 01:01:41,687 INFO c.h.h.t.HelmChartContainer - [hivemq-test-hivemq-platform] [hivemq-platform-operator] [1117efae] 01:01:41.687 [ReconcilerExecutor-hivemq-controller-98] INFO  c.h.p.o.HiveMQPlatformReconciler - [helmpods] Reconciling HiveMQ Platform 'test-hivemq-platform' in namespace 'helmpodsecuritycontextupgradeextensionit'
2025-01-29 01:01:41,689 INFO c.h.h.t.HelmChartContainer - [hivemq-test-hivemq-platform] [hivemq-platform-operator] [1117efae] 01:01:41.687 [ReconcilerExecutor-hivemq-controller-98] DEBUG c.h.p.o.HiveMQPlatformReconciler - [helmpods] Custom Resource Status STARTING - HiveMQ Platform is starting (READY)
2025-01-29 01:01:41,689 INFO c.h.h.t.HelmChartContainer - [hivemq-test-hivemq-platform] [hivemq-platform-operator] [1117efae] 01:01:41.687 [ReconcilerExecutor-hivemq-controller-98] DEBUG c.h.p.o.HiveMQPlatformReconciler - [helmpods] Custom Resource Spec (replicas: 1) (extensions: 1)
2025-01-29 01:01:41,708 INFO c.h.h.t.HelmChartContainer - [hivemq-test-hivemq-platform] [hivemq-platform-operator] [1117efae] 01:01:41.705 [ReconcilerExecutor-hivemq-controller-98] DEBUG c.h.p.o.HiveMQPlatformReconciler - [helmpods] StatefulSet Status (revision: test-hivemq-platform-f6cdc458c, replicas: 1, available: 0, ready: 0, current: 1, updated: 1)
2025-01-29 01:01:41,708 INFO c.h.h.t.HelmChartContainer - [hivemq-test-hivemq-platform] [hivemq-platform-operator] [1117efae] 01:01:41.705 [ReconcilerExecutor-hivemq-controller-98] DEBUG c.h.p.o.HiveMQPlatformReconciler - [helmpods] StatefulSet Spec (replicas: 1, init containers: 1, containers: 1, volumes: 4)
2025-01-29 01:01:41,783 INFO c.h.h.t.HelmChartContainer - [hivemq-test-hivemq-platform] [hivemq-platform-operator] [1117efae] 01:01:41.782 [ReconcilerExecutor-hivemq-controller-98] DEBUG c.h.p.o.h.HiveMQPlatformReconcilerErrorHandler - [helmpods] Pod 'test-hivemq-platform-0' phase Running
2025-01-29 01:01:41,785 INFO c.h.h.t.HelmChartContainer - [hivemq-test-hivemq-platform] [hivemq-platform-operator] [1117efae] 01:01:41.783 [ReconcilerExecutor-hivemq-controller-98] INFO  c.h.p.o.h.HiveMQPlatformReconcilerBaseHandler - [helmpods] HiveMQ Platform is starting, 0 of 1 replicas are ready
2025-01-29 01:01:42,290 INFO c.h.h.t.HelmChartContainer - [test-hivemq-platform] [hivemq] [4e0c1acd] INFO  - [HiveMQ Platform Operator Init 1.7.0-SNAPSHOT] HiveMQ Platform Operator Init 1.7.0-SNAPSHOT (commit: bebf408 on branch: HEAD) built on Sun Jan 26 20:47:47 UTC 2025
2025-01-29 01:01:43,396 INFO c.h.h.t.HelmChartContainer - [test-hivemq-platform] [hivemq] [4e0c1acd] INFO  - [HiveMQ Platform Operator Init App 1.7.0-SNAPSHOT] Using bind address 10.42.0.8 from environment variable
2025-01-29 01:01:44,299 INFO c.h.h.t.HelmChartContainer - [test-hivemq-platform] [hivemq] [4e0c1acd] INFO  - [HiveMQ Platform Operator Init App 1.7.0-SNAPSHOT] HiveMQ Platform Operator Init App 1.7.0-SNAPSHOT (commit: bebf408 on branch: HEAD) built on Sun Jan 26 20:47:47 UTC 2025
2025-01-29 01:01:44,299 INFO c.h.h.t.HelmChartContainer - [test-hivemq-platform] [hivemq] [4e0c1acd] INFO  - [HiveMQ Platform Operator Init App 1.7.0-SNAPSHOT] PodInfo ConfigMap directory: /etc/podinfo
2025-01-29 01:01:44,299 INFO c.h.h.t.HelmChartContainer - [test-hivemq-platform] [hivemq] [4e0c1acd] INFO  - [HiveMQ Platform Operator Init App 1.7.0-SNAPSHOT] HiveMQ home directory: /opt/hivemq
2025-01-29 01:01:44,299 INFO c.h.h.t.HelmChartContainer - [test-hivemq-platform] [hivemq] [4e0c1acd] INFO  - [HiveMQ Platform Operator Init App 1.7.0-SNAPSHOT] HiveMQ Logback folder: /opt/hivemq/conf
2025-01-29 01:01:44,300 INFO c.h.h.t.HelmChartContainer - [test-hivemq-platform] [hivemq] [4e0c1acd] INFO  - [HiveMQ Platform Operator Init App 1.7.0-SNAPSHOT] HiveMQ Config folder: /opt/hivemq/conf-k8s
2025-01-29 01:01:44,300 INFO c.h.h.t.HelmChartContainer - [test-hivemq-platform] [hivemq] [4e0c1acd] INFO  - [HiveMQ Platform Operator Init App 1.7.0-SNAPSHOT] Starting HiveMQ Platform Operator Init App
2025-01-29 01:01:44,301 INFO c.h.h.t.HelmChartContainer - [test-hivemq-platform] [hivemq] [4e0c1acd] INFO  - [HiveMQ Platform Operator Init App 1.7.0-SNAPSHOT] Starting Pod reconciler
2025-01-29 01:01:45,473 INFO c.h.h.t.HelmChartContainer - [test-hivemq-platform] [hivemq] [4e0c1acd] INFO  - [HiveMQ Platform Operator Init App 1.7.0-SNAPSHOT] Pod reconciler is scheduled (interval: 5000 ms)
2025-01-29 01:01:45,474 INFO c.h.h.t.HelmChartContainer - [test-hivemq-platform] [hivemq] [4e0c1acd] INFO  - [HiveMQ Platform Operator Init App 1.7.0-SNAPSHOT] Starting the REST API on 10.42.0.8:7979
2025-01-29 01:01:45,490 INFO c.h.h.t.HelmChartContainer - [test-hivemq-platform] [hivemq] [4e0c1acd] INFO  - [HiveMQ Platform Operator Init App 1.7.0-SNAPSHOT] Waiting up to 600s for at most 1 HiveMQ nodes in cluster service hivemq-test-hivemq-platform-cluster.helmpodsecuritycontextupgradeextensionit.svc
2025-01-29 01:01:45,872 INFO c.h.h.t.HelmChartContainer - [test-hivemq-platform] [hivemq] [4e0c1acd] INFO  - [HiveMQ Platform Operator Init App 1.7.0-SNAPSHOT] Resolved 1 IP addresses: [10.42.0.8]
2025-01-29 01:01:45,872 INFO c.h.h.t.HelmChartContainer - [test-hivemq-platform] [hivemq] [4e0c1acd] INFO  - [HiveMQ Platform Operator Init App 1.7.0-SNAPSHOT] HiveMQ node count of 1 is within threshold of 1
2025-01-29 01:01:45,873 INFO c.h.h.t.HelmChartContainer - [test-hivemq-platform] [hivemq] [4e0c1acd] INFO  - [HiveMQ Platform Operator Init App 1.7.0-SNAPSHOT] Proceeding with container start
2025-01-29 01:01:45,969 INFO c.h.h.t.HelmChartContainer - [test-hivemq-platform] [hivemq] [4e0c1acd] INFO  - [HiveMQ Platform Operator Init App 1.7.0-SNAPSHOT] Initializing HiveMQ Platform extensions with initial configuration: {hivemq-distributed-tracing-extension={start-priority=-1, skip-https-hostname-verification=false, restart=false, config-version=811, header-version=0, c-uri=, priority=-1, uri=preinstalled, skip-https-certificate-validation=false, enabled=true}, hivemq-prometheus-extension={request-header-path=no-request-headers, uri=preinstalled, skip-https-certificate-validation=false, skip-https-hostname-verification=false, c-uri=, start-priority=-1, priority=-1, restart=true, enabled=true}}
2025-01-29 01:01:46,390 INFO c.h.h.t.HelmChartContainer - [test-hivemq-platform] [hivemq] [4e0c1acd] INFO  - [HiveMQ Platform Operator Init App 1.7.0-SNAPSHOT] Successfully enabled extension hivemq-distributed-tracing-extension
2025-01-29 01:01:46,466 INFO c.h.h.t.HelmChartContainer - [test-hivemq-platform] [hivemq] [4e0c1acd] INFO  - [HiveMQ Platform Operator Init App 1.7.0-SNAPSHOT] Successfully enabled extension hivemq-prometheus-extension
2025-01-29 01:01:46,469 INFO c.h.h.t.HelmChartContainer - [test-hivemq-platform] [hivemq] [4e0c1acd] INFO  - [HiveMQ Platform Operator Init App 1.7.0-SNAPSHOT] Starting HiveMQ Platform version 4.36.0 (4.36.0)
2025-01-29 01:01:46,469 INFO c.h.h.t.HelmChartContainer - [test-hivemq-platform] [hivemq] [4e0c1acd] INFO  - [HiveMQ Platform Operator Init App 1.7.0-SNAPSHOT] Configuring the HiveMQ Platform
2025-01-29 01:01:46,494 INFO c.h.h.t.HelmChartContainer - [test-hivemq-platform] [hivemq] [4e0c1acd] INFO  - [HiveMQ Platform Operator Init App 1.7.0-SNAPSHOT] Changed logback.xml file scan period to 20 seconds
2025-01-29 01:01:46,568 INFO c.h.h.t.HelmChartContainer - [test-hivemq-platform] [hivemq] [4e0c1acd] INFO  - [HiveMQ Platform Operator Init App 1.7.0-SNAPSHOT] Starting the HiveMQ Platform
2025-01-29 01:01:46,571 INFO c.h.h.t.HelmChartContainer - [test-hivemq-platform] [hivemq] [4e0c1acd] -------------------------------------------------------------------------
2025-01-29 01:01:46,571 INFO c.h.h.t.HelmChartContainer - [test-hivemq-platform] [hivemq] [4e0c1acd] 
2025-01-29 01:01:46,571 INFO c.h.h.t.HelmChartContainer - [test-hivemq-platform] [hivemq] [4e0c1acd]                   _    _  _              __  __   ____
2025-01-29 01:01:46,571 INFO c.h.h.t.HelmChartContainer - [test-hivemq-platform] [hivemq] [4e0c1acd]                  | |  | |(_)            |  \/  | / __ \
2025-01-29 01:01:46,572 INFO c.h.h.t.HelmChartContainer - [test-hivemq-platform] [hivemq] [4e0c1acd]                  | |__| | _ __   __ ___ | \  / || |  | |
2025-01-29 01:01:46,572 INFO c.h.h.t.HelmChartContainer - [test-hivemq-platform] [hivemq] [4e0c1acd]                  |  __  || |\ \ / // _ \| |\/| || |  | |
2025-01-29 01:01:46,572 INFO c.h.h.t.HelmChartContainer - [test-hivemq-platform] [hivemq] [4e0c1acd]                  | |  | || | \ V /|  __/| |  | || |__| |
2025-01-29 01:01:46,572 INFO c.h.h.t.HelmChartContainer - [test-hivemq-platform] [hivemq] [4e0c1acd]                  |_|  |_||_|  \_/  \___||_|  |_| \___\_\
2025-01-29 01:01:46,572 INFO c.h.h.t.HelmChartContainer - [test-hivemq-platform] [hivemq] [4e0c1acd] 
2025-01-29 01:01:46,572 INFO c.h.h.t.HelmChartContainer - [test-hivemq-platform] [hivemq] [4e0c1acd] -------------------------------------------------------------------------
2025-01-29 01:01:46,572 INFO c.h.h.t.HelmChartContainer - [test-hivemq-platform] [hivemq] [4e0c1acd] 
2025-01-29 01:01:46,572 INFO c.h.h.t.HelmChartContainer - [test-hivemq-platform] [hivemq] [4e0c1acd]   HiveMQ Start Script for Linux/Unix v1.14
2025-01-29 01:01:46,572 INFO c.h.h.t.HelmChartContainer - [test-hivemq-platform] [hivemq] [4e0c1acd] 
2025-01-29 01:01:46,673 INFO c.h.h.t.HelmChartContainer - [test-hivemq-platform] [hivemq] [4e0c1acd] -------------------------------------------------------------------------
2025-01-29 01:01:46,673 INFO c.h.h.t.HelmChartContainer - [test-hivemq-platform] [hivemq] [4e0c1acd] 
2025-01-29 01:01:46,673 INFO c.h.h.t.HelmChartContainer - [test-hivemq-platform] [hivemq] [4e0c1acd]   HIVEMQ_HOME: /opt/hivemq
2025-01-29 01:01:46,673 INFO c.h.h.t.HelmChartContainer - [test-hivemq-platform] [hivemq] [4e0c1acd] 
2025-01-29 01:01:46,673 INFO c.h.h.t.HelmChartContainer - [test-hivemq-platform] [hivemq] [4e0c1acd]   JAVA_OPTS: -XX:+UnlockExperimentalVMOptions -XX:InitialRAMPercentage=50 -XX:MaxRAMPercentage=50 -Djava.net.preferIPv4Stack=true --add-opens java.base/java.lang=ALL-UNNAMED --add-opens java.base/java.nio=ALL-UNNAMED --add-opens java.base/sun.nio.ch=ALL-UNNAMED --add-opens jdk.management/com.sun.management.internal=ALL-UNNAMED --add-exports java.base/jdk.internal.misc=ALL-UNNAMED -Djava.security.egd=file:/dev/./urandom -Dcom.sun.management.jmxremote -Dcom.sun.management.jmxremote.port=9010 -Dcom.sun.management.jmxremote.local.only=false -Dcom.sun.management.jmxremote.authenticate=false -Dcom.sun.management.jmxremote.ssl=false -Duser.language=en -Duser.region=US -XX:+CrashOnOutOfMemoryError -XX:+HeapDumpOnOutOfMemoryError
2025-01-29 01:01:46,673 INFO c.h.h.t.HelmChartContainer - [test-hivemq-platform] [hivemq] [4e0c1acd] 
2025-01-29 01:01:46,673 INFO c.h.h.t.HelmChartContainer - [test-hivemq-platform] [hivemq] [4e0c1acd]   JAVA_VERSION: 21
2025-01-29 01:01:46,673 INFO c.h.h.t.HelmChartContainer - [test-hivemq-platform] [hivemq] [4e0c1acd] 
2025-01-29 01:01:46,673 INFO c.h.h.t.HelmChartContainer - [test-hivemq-platform] [hivemq] [4e0c1acd] -------------------------------------------------------------------------
2025-01-29 01:01:46,673 INFO c.h.h.t.HelmChartContainer - [test-hivemq-platform] [hivemq] [4e0c1acd] 
2025-01-29 01:01:47,696 INFO c.h.h.t.HelmChartContainer - [test-hivemq-platform] [hivemq] [4e0c1acd] INFO  - [HiveMQ Platform Operator Init App 1.7.0-SNAPSHOT] Returning default Health API response 503 for readiness
2025-01-29 01:01:47,998 INFO c.h.h.t.HelmChartContainer - [EVENT] Warning [Unhealthy] Readiness probe failed: HTTP probe failed with statuscode: 503 [helmpodsecuritycontextupgradeextensionit:test-hivemq-platform-0]
2025-01-29 01:01:47,998 INFO c.h.h.t.HelmChartContainer - Received Unhealthy event for container hivemq in pod test-hivemq-platform-0 [4e0c1acd-54bc-4a38-90cb-32d248890f66]
2025-01-29 01:01:49,270 INFO c.h.h.t.HelmChartContainer - [test-hivemq-platform] [hivemq] [4e0c1acd] INFO  - Starting HiveMQ Enterprise Server
2025-01-29 01:01:49,290 INFO c.h.h.t.HelmChartContainer - [test-hivemq-platform] [hivemq] [4e0c1acd] INFO  - HiveMQ version: 4.36.0
2025-01-29 01:01:49,291 INFO c.h.h.t.HelmChartContainer - [test-hivemq-platform] [hivemq] [4e0c1acd] INFO  - HiveMQ home directory: /opt/hivemq
2025-01-29 01:01:49,291 INFO c.h.h.t.HelmChartContainer - [test-hivemq-platform] [hivemq] [4e0c1acd] INFO  - Log Configuration was overridden by /opt/hivemq/conf/logback.xml
2025-01-29 01:01:50,407 INFO c.h.h.t.HelmChartContainer - [test-hivemq-platform] [hivemq] [4e0c1acd] INFO  - Successfully loaded configuration from '/opt/hivemq/conf-k8s/config.xml'.
2025-01-29 01:01:51,170 INFO c.h.h.t.HelmChartContainer - [test-hivemq-platform] [hivemq] [4e0c1acd] INFO  - This node's ID is jxp1T
2025-01-29 01:01:51,191 INFO c.h.h.t.HelmChartContainer - [test-hivemq-platform] [hivemq] [4e0c1acd] INFO  - Clustering is enabled
2025-01-29 01:01:51,793 INFO c.h.h.t.HelmChartContainer - [hivemq-test-hivemq-platform] [hivemq-platform-operator] [1117efae] 01:01:51.792 [pool-6-thread-8] DEBUG c.h.p.o.d.PlatformServiceResource - [helmpods] Desired Platform services (3 services)
2025-01-29 01:01:51,796 INFO c.h.h.t.HelmChartContainer - [hivemq-test-hivemq-platform] [hivemq-platform-operator] [1117efae] 01:01:51.794 [pool-6-thread-9] DEBUG c.h.p.o.dependants.PodInfoConfigMap - [helmpods] Desired PodInfo ConfigMap (1 extensions) (1 enabled)
2025-01-29 01:01:51,796 INFO c.h.h.t.HelmChartContainer - [hivemq-test-hivemq-platform] [hivemq-platform-operator] [1117efae] 01:01:51.794 [pool-6-thread-9] DEBUG c.h.p.o.dependants.PodInfoConfigMap - [helmpods] Desired PodInfo ConfigMap (metrics port: 9399) (metrics path: /)
2025-01-29 01:01:51,801 INFO c.h.h.t.HelmChartContainer - [hivemq-test-hivemq-platform] [hivemq-platform-operator] [1117efae] 01:01:51.800 [pool-6-thread-9] DEBUG c.h.p.o.dependants.PodInfoConfigMap - [helmpods] Desired PodInfo ConfigMap (extension state hash: 1825504607)
2025-01-29 01:01:51,801 INFO c.h.h.t.HelmChartContainer - [hivemq-test-hivemq-platform] [hivemq-platform-operator] [1117efae] 01:01:51.797 [pool-6-thread-3] DEBUG c.h.p.o.d.PodServiceAccountResource - [helmpods] Desired PodServiceAccountResource (serviceAccountName: hivemq-platform-pod-test-hivemq-platform)
2025-01-29 01:01:51,806 INFO c.h.h.t.HelmChartContainer - [hivemq-test-hivemq-platform] [hivemq-platform-operator] [1117efae] 01:01:51.805 [pool-6-thread-5] DEBUG c.h.p.o.d.StatefulSetResource - [helmpods] Desired StatefulSet (1 replicas) for status STARTING (READY)
2025-01-29 01:01:51,810 INFO c.h.h.t.HelmChartContainer - [hivemq-test-hivemq-platform] [hivemq-platform-operator] [1117efae] 01:01:51.810 [ReconcilerExecutor-hivemq-controller-109] INFO  c.h.p.o.HiveMQPlatformReconciler - [helmpods] Reconciling HiveMQ Platform 'test-hivemq-platform' in namespace 'helmpodsecuritycontextupgradeextensionit'
2025-01-29 01:01:51,811 INFO c.h.h.t.HelmChartContainer - [hivemq-test-hivemq-platform] [hivemq-platform-operator] [1117efae] 01:01:51.810 [ReconcilerExecutor-hivemq-controller-109] DEBUG c.h.p.o.HiveMQPlatformReconciler - [helmpods] Custom Resource Status STARTING - HiveMQ Platform is starting (READY)
2025-01-29 01:01:51,811 INFO c.h.h.t.HelmChartContainer - [hivemq-test-hivemq-platform] [hivemq-platform-operator] [1117efae] 01:01:51.810 [ReconcilerExecutor-hivemq-controller-109] DEBUG c.h.p.o.HiveMQPlatformReconciler - [helmpods] Custom Resource Spec (replicas: 1) (extensions: 1)
2025-01-29 01:01:51,884 INFO c.h.h.t.HelmChartContainer - [hivemq-test-hivemq-platform] [hivemq-platform-operator] [1117efae] 01:01:51.882 [ReconcilerExecutor-hivemq-controller-109] DEBUG c.h.p.o.HiveMQPlatformReconciler - [helmpods] StatefulSet Status (revision: test-hivemq-platform-f6cdc458c, replicas: 1, available: 0, ready: 0, current: 1, updated: 1)
2025-01-29 01:01:51,884 INFO c.h.h.t.HelmChartContainer - [hivemq-test-hivemq-platform] [hivemq-platform-operator] [1117efae] 01:01:51.882 [ReconcilerExecutor-hivemq-controller-109] DEBUG c.h.p.o.HiveMQPlatformReconciler - [helmpods] StatefulSet Spec (replicas: 1, init containers: 1, containers: 1, volumes: 4)
2025-01-29 01:01:51,887 INFO c.h.h.t.HelmChartContainer - [hivemq-test-hivemq-platform] [hivemq-platform-operator] [1117efae] 01:01:51.886 [ReconcilerExecutor-hivemq-controller-109] DEBUG c.h.p.o.h.HiveMQPlatformReconcilerErrorHandler - [helmpods] Pod 'test-hivemq-platform-0' phase Running
2025-01-29 01:01:51,891 INFO c.h.h.t.HelmChartContainer - [hivemq-test-hivemq-platform] [hivemq-platform-operator] [1117efae] 01:01:51.887 [ReconcilerExecutor-hivemq-controller-109] INFO  c.h.p.o.h.HiveMQPlatformReconcilerBaseHandler - [helmpods] HiveMQ Platform is starting, 0 of 1 replicas are ready
2025-01-29 01:01:52,992 INFO c.h.h.t.HelmChartContainer - [test-hivemq-platform] [hivemq] [4e0c1acd] WARN  - [HiveMQ Platform Operator Init App 1.7.0-SNAPSHOT] Cannot connect to Health API for readiness: null
2025-01-29 01:01:53,000 INFO c.h.h.t.HelmChartContainer - [EVENT] Warning [Unhealthy] Readiness probe failed: HTTP probe failed with statuscode: 503 [helmpodsecuritycontextupgradeextensionit:test-hivemq-platform-0]
2025-01-29 01:01:53,000 INFO c.h.h.t.HelmChartContainer - Received Unhealthy event for container hivemq in pod test-hivemq-platform-0 [4e0c1acd-54bc-4a38-90cb-32d248890f66]
2025-01-29 01:01:55,796 INFO c.h.h.t.HelmChartContainer - [test-hivemq-platform] [hivemq] [4e0c1acd] Jan 29, 2025 1:01:55 AM io.vertx.core.impl.BlockedThreadChecker
2025-01-29 01:01:55,796 INFO c.h.h.t.HelmChartContainer - [test-hivemq-platform] [hivemq] [4e0c1acd] WARNING: Thread Thread[vert.x-eventloop-thread-1,5,main] has been blocked for 2225 ms, time limit is 2000 ms
2025-01-29 01:01:56,193 INFO c.h.h.t.HelmChartContainer - [test-hivemq-platform] [hivemq] [4e0c1acd] INFO  - [HiveMQ Platform Operator Init App 1.7.0-SNAPSHOT] Updating Pod HiveMQ Platform Operator Init App version annotation (version: 1.7.0-SNAPSHOT)
2025-01-29 01:01:56,780 INFO c.h.h.t.HelmChartContainer - [POD] test-hivemq-platform-0 [4e0c1acd-54bc-4a38-90cb-32d248890f66] in helmpodsecuritycontextupgradeextensionit was MODIFIED
2025-01-29 01:01:56,785 INFO c.h.h.t.HelmChartContainer - [hivemq-test-hivemq-platform] [hivemq-platform-operator] [1117efae] 01:01:56.784 [pool-6-thread-16] DEBUG c.h.p.o.d.PlatformServiceResource - [helmpods] Desired Platform services (3 services)
2025-01-29 01:01:56,787 INFO c.h.h.t.HelmChartContainer - [hivemq-test-hivemq-platform] [hivemq-platform-operator] [1117efae] 01:01:56.786 [pool-6-thread-15] DEBUG c.h.p.o.dependants.PodInfoConfigMap - [helmpods] Desired PodInfo ConfigMap (1 extensions) (1 enabled)
2025-01-29 01:01:56,789 INFO c.h.h.t.HelmChartContainer - [hivemq-test-hivemq-platform] [hivemq-platform-operator] [1117efae] 01:01:56.787 [pool-6-thread-11] DEBUG c.h.p.o.d.PodServiceAccountResource - [helmpods] Desired PodServiceAccountResource (serviceAccountName: hivemq-platform-pod-test-hivemq-platform)
2025-01-29 01:01:56,789 INFO c.h.h.t.HelmChartContainer - [hivemq-test-hivemq-platform] [hivemq-platform-operator] [1117efae] 01:01:56.787 [pool-6-thread-15] DEBUG c.h.p.o.dependants.PodInfoConfigMap - [helmpods] Desired PodInfo ConfigMap (metrics port: 9399) (metrics path: /)
2025-01-29 01:01:56,789 INFO c.h.h.t.HelmChartContainer - [hivemq-test-hivemq-platform] [hivemq-platform-operator] [1117efae] 01:01:56.787 [pool-6-thread-15] DEBUG c.h.p.o.dependants.PodInfoConfigMap - [helmpods] Desired PodInfo ConfigMap (extension state hash: 1825504607)
2025-01-29 01:01:56,803 INFO c.h.h.t.HelmChartContainer - [test-hivemq-platform] [hivemq] [4e0c1acd] WARN  - [HiveMQ Platform Operator Init App 1.7.0-SNAPSHOT] Cannot connect to Health API for readiness: null
2025-01-29 01:01:56,805 INFO c.h.h.t.HelmChartContainer - [hivemq-test-hivemq-platform] [hivemq-platform-operator] [1117efae] 01:01:56.804 [pool-6-thread-16] DEBUG c.h.p.o.d.StatefulSetResource - [helmpods] Desired StatefulSet (1 replicas) for status STARTING (READY)
2025-01-29 01:01:56,808 INFO c.h.h.t.HelmChartContainer - [EVENT] Warning [Unhealthy] Readiness probe failed: HTTP probe failed with statuscode: 503 [helmpodsecuritycontextupgradeextensionit:test-hivemq-platform-0]
2025-01-29 01:01:56,808 INFO c.h.h.t.HelmChartContainer - Received Unhealthy event for container hivemq in pod test-hivemq-platform-0 [4e0c1acd-54bc-4a38-90cb-32d248890f66]
2025-01-29 01:01:56,857 INFO c.h.h.t.HelmChartContainer - [hivemq-test-hivemq-platform] [hivemq-platform-operator] [1117efae] 01:01:56.856 [ReconcilerExecutor-hivemq-controller-110] INFO  c.h.p.o.HiveMQPlatformReconciler - [helmpods] Reconciling HiveMQ Platform 'test-hivemq-platform' in namespace 'helmpodsecuritycontextupgradeextensionit'
2025-01-29 01:01:56,857 INFO c.h.h.t.HelmChartContainer - [hivemq-test-hivemq-platform] [hivemq-platform-operator] [1117efae] 01:01:56.856 [ReconcilerExecutor-hivemq-controller-110] DEBUG c.h.p.o.HiveMQPlatformReconciler - [helmpods] Custom Resource Status STARTING - HiveMQ Platform is starting (READY)
2025-01-29 01:01:56,857 INFO c.h.h.t.HelmChartContainer - [hivemq-test-hivemq-platform] [hivemq-platform-operator] [1117efae] 01:01:56.856 [ReconcilerExecutor-hivemq-controller-110] DEBUG c.h.p.o.HiveMQPlatformReconciler - [helmpods] Custom Resource Spec (replicas: 1) (extensions: 1)
2025-01-29 01:01:56,870 INFO c.h.h.t.HelmChartContainer - [test-hivemq-platform] [hivemq] [4e0c1acd] INFO  - [HiveMQ Platform Operator Init App 1.7.0-SNAPSHOT] Successfully updated Pod HiveMQ Platform Operator Init App version annotation (version: 1.7.0-SNAPSHOT)
2025-01-29 01:01:56,884 INFO c.h.h.t.HelmChartContainer - [hivemq-test-hivemq-platform] [hivemq-platform-operator] [1117efae] 01:01:56.882 [ReconcilerExecutor-hivemq-controller-110] DEBUG c.h.p.o.HiveMQPlatformReconciler - [helmpods] StatefulSet Status (revision: test-hivemq-platform-f6cdc458c, replicas: 1, available: 0, ready: 0, current: 1, updated: 1)
2025-01-29 01:01:56,884 INFO c.h.h.t.HelmChartContainer - [hivemq-test-hivemq-platform] [hivemq-platform-operator] [1117efae] 01:01:56.882 [ReconcilerExecutor-hivemq-controller-110] DEBUG c.h.p.o.HiveMQPlatformReconciler - [helmpods] StatefulSet Spec (replicas: 1, init containers: 1, containers: 1, volumes: 4)
2025-01-29 01:01:56,885 INFO c.h.h.t.HelmChartContainer - [hivemq-test-hivemq-platform] [hivemq-platform-operator] [1117efae] 01:01:56.883 [ReconcilerExecutor-hivemq-controller-110] DEBUG c.h.p.o.h.HiveMQPlatformReconcilerErrorHandler - [helmpods] Pod 'test-hivemq-platform-0' phase Running
2025-01-29 01:01:56,885 INFO c.h.h.t.HelmChartContainer - [hivemq-test-hivemq-platform] [hivemq-platform-operator] [1117efae] 01:01:56.885 [ReconcilerExecutor-hivemq-controller-110] INFO  c.h.p.o.h.HiveMQPlatformReconcilerBaseHandler - [helmpods] HiveMQ Platform is starting, 0 of 1 replicas are ready
2025-01-29 01:02:01,792 INFO c.h.h.t.HelmChartContainer - [test-hivemq-platform] [hivemq] [4e0c1acd] WARN  - [HiveMQ Platform Operator Init App 1.7.0-SNAPSHOT] Cannot connect to Health API for readiness: null
2025-01-29 01:02:01,797 INFO c.h.h.t.HelmChartContainer - [EVENT] Warning [Unhealthy] Readiness probe failed: HTTP probe failed with statuscode: 503 [helmpodsecuritycontextupgradeextensionit:test-hivemq-platform-0]
2025-01-29 01:02:01,797 INFO c.h.h.t.HelmChartContainer - Received Unhealthy event for container hivemq in pod test-hivemq-platform-0 [4e0c1acd-54bc-4a38-90cb-32d248890f66]
2025-01-29 01:02:06,792 INFO c.h.h.t.HelmChartContainer - [test-hivemq-platform] [hivemq] [4e0c1acd] WARN  - [HiveMQ Platform Operator Init App 1.7.0-SNAPSHOT] Cannot connect to Health API for readiness: null
2025-01-29 01:02:06,797 INFO c.h.h.t.HelmChartContainer - [EVENT] Warning [Unhealthy] Readiness probe failed: HTTP probe failed with statuscode: 503 [helmpodsecuritycontextupgradeextensionit:test-hivemq-platform-0]
2025-01-29 01:02:06,797 INFO c.h.h.t.HelmChartContainer - Received Unhealthy event for container hivemq in pod test-hivemq-platform-0 [4e0c1acd-54bc-4a38-90cb-32d248890f66]
2025-01-29 01:02:06,895 INFO c.h.h.t.HelmChartContainer - [hivemq-test-hivemq-platform] [hivemq-platform-operator] [1117efae] 01:02:06.891 [pool-6-thread-26] DEBUG c.h.p.o.d.PlatformServiceResource - [helmpods] Desired Platform services (3 services)
2025-01-29 01:02:06,895 INFO c.h.h.t.HelmChartContainer - [hivemq-test-hivemq-platform] [hivemq-platform-operator] [1117efae] 01:02:06.893 [pool-6-thread-25] DEBUG c.h.p.o.dependants.PodInfoConfigMap - [helmpods] Desired PodInfo ConfigMap (1 extensions) (1 enabled)
2025-01-29 01:02:06,895 INFO c.h.h.t.HelmChartContainer - [hivemq-test-hivemq-platform] [hivemq-platform-operator] [1117efae] 01:02:06.893 [pool-6-thread-25] DEBUG c.h.p.o.dependants.PodInfoConfigMap - [helmpods] Desired PodInfo ConfigMap (metrics port: 9399) (metrics path: /)
2025-01-29 01:02:06,895 INFO c.h.h.t.HelmChartContainer - [hivemq-test-hivemq-platform] [hivemq-platform-operator] [1117efae] 01:02:06.893 [pool-6-thread-25] DEBUG c.h.p.o.dependants.PodInfoConfigMap - [helmpods] Desired PodInfo ConfigMap (extension state hash: 1825504607)
2025-01-29 01:02:06,895 INFO c.h.h.t.HelmChartContainer - [hivemq-test-hivemq-platform] [hivemq-platform-operator] [1117efae] 01:02:06.894 [pool-6-thread-25] DEBUG c.h.p.o.d.PodServiceAccountResource - [helmpods] Desired PodServiceAccountResource (serviceAccountName: hivemq-platform-pod-test-hivemq-platform)
2025-01-29 01:02:06,906 INFO c.h.h.t.HelmChartContainer - [hivemq-test-hivemq-platform] [hivemq-platform-operator] [1117efae] 01:02:06.905 [pool-6-thread-26] DEBUG c.h.p.o.d.StatefulSetResource - [helmpods] Desired StatefulSet (1 replicas) for status STARTING (READY)
2025-01-29 01:02:06,983 INFO c.h.h.t.HelmChartContainer - [hivemq-test-hivemq-platform] [hivemq-platform-operator] [1117efae] 01:02:06.981 [ReconcilerExecutor-hivemq-controller-111] INFO  c.h.p.o.HiveMQPlatformReconciler - [helmpods] Reconciling HiveMQ Platform 'test-hivemq-platform' in namespace 'helmpodsecuritycontextupgradeextensionit'
2025-01-29 01:02:06,984 INFO c.h.h.t.HelmChartContainer - [hivemq-test-hivemq-platform] [hivemq-platform-operator] [1117efae] 01:02:06.982 [ReconcilerExecutor-hivemq-controller-111] DEBUG c.h.p.o.HiveMQPlatformReconciler - [helmpods] Custom Resource Status STARTING - HiveMQ Platform is starting (READY)
2025-01-29 01:02:06,984 INFO c.h.h.t.HelmChartContainer - [hivemq-test-hivemq-platform] [hivemq-platform-operator] [1117efae] 01:02:06.982 [ReconcilerExecutor-hivemq-controller-111] DEBUG c.h.p.o.HiveMQPlatformReconciler - [helmpods] Custom Resource Spec (replicas: 1) (extensions: 1)
2025-01-29 01:02:06,986 INFO c.h.h.t.HelmChartContainer - [hivemq-test-hivemq-platform] [hivemq-platform-operator] [1117efae] 01:02:06.984 [ReconcilerExecutor-hivemq-controller-111] DEBUG c.h.p.o.HiveMQPlatformReconciler - [helmpods] StatefulSet Status (revision: test-hivemq-platform-f6cdc458c, replicas: 1, available: 0, ready: 0, current: 1, updated: 1)
2025-01-29 01:02:06,986 INFO c.h.h.t.HelmChartContainer - [hivemq-test-hivemq-platform] [hivemq-platform-operator] [1117efae] 01:02:06.984 [ReconcilerExecutor-hivemq-controller-111] DEBUG c.h.p.o.HiveMQPlatformReconciler - [helmpods] StatefulSet Spec (replicas: 1, init containers: 1, containers: 1, volumes: 4)
2025-01-29 01:02:06,987 INFO c.h.h.t.HelmChartContainer - [hivemq-test-hivemq-platform] [hivemq-platform-operator] [1117efae] 01:02:06.985 [ReconcilerExecutor-hivemq-controller-111] DEBUG c.h.p.o.h.HiveMQPlatformReconcilerErrorHandler - [helmpods] Pod 'test-hivemq-platform-0' phase Running
2025-01-29 01:02:06,988 INFO c.h.h.t.HelmChartContainer - [hivemq-test-hivemq-platform] [hivemq-platform-operator] [1117efae] 01:02:06.986 [ReconcilerExecutor-hivemq-controller-111] INFO  c.h.p.o.h.HiveMQPlatformReconcilerBaseHandler - [helmpods] HiveMQ Platform is starting, 0 of 1 replicas are ready
2025-01-29 01:02:08,792 INFO c.h.h.t.HelmChartContainer - [test-hivemq-platform] [hivemq] [4e0c1acd] WARN  - [HiveMQ Platform Operator Init App 1.7.0-SNAPSHOT] Cannot connect to Health API for liveness: null
2025-01-29 01:02:08,792 INFO c.h.h.t.HelmChartContainer - [test-hivemq-platform] [hivemq] [4e0c1acd] INFO  - [HiveMQ Platform Operator Init App 1.7.0-SNAPSHOT] Returning default Health API response 200 for liveness
2025-01-29 01:02:08,798 INFO c.h.h.t.HelmChartContainer - [test-hivemq-platform] [hivemq] [4e0c1acd] INFO  - No valid license file found. Using trial license, restricted to 25 connections.
2025-01-29 01:02:11,796 INFO c.h.h.t.HelmChartContainer - [test-hivemq-platform] [hivemq] [4e0c1acd] WARN  - [HiveMQ Platform Operator Init App 1.7.0-SNAPSHOT] Cannot connect to Health API for readiness: null
2025-01-29 01:02:11,801 INFO c.h.h.t.HelmChartContainer - [EVENT] Warning [Unhealthy] Readiness probe failed: HTTP probe failed with statuscode: 503 [helmpodsecuritycontextupgradeextensionit:test-hivemq-platform-0]
2025-01-29 01:02:11,801 INFO c.h.h.t.HelmChartContainer - Received Unhealthy event for container hivemq in pod test-hivemq-platform-0 [4e0c1acd-54bc-4a38-90cb-32d248890f66]
2025-01-29 01:02:12,094 INFO c.h.h.t.HelmChartContainer - [test-hivemq-platform] [hivemq] [4e0c1acd] INFO  - No valid license file for Data Hub found. Using free license, restricted to 1 policy.
2025-01-29 01:02:13,166 INFO c.h.h.t.HelmChartContainer - [test-hivemq-platform] [hivemq] [4e0c1acd] INFO  - Audit Logger started.
2025-01-29 01:02:13,410 INFO c.h.h.t.HelmChartContainer - [test-hivemq-platform] [hivemq] [4e0c1acd] INFO  - This node uses '1' CPU cores.
2025-01-29 01:02:13,415 INFO c.h.h.t.HelmChartContainer - [test-hivemq-platform] [hivemq] [4e0c1acd] INFO  - Starting HiveMQ Health API on address 0.0.0.0 and port 8889
2025-01-29 01:02:14,299 INFO c.h.h.t.HelmChartContainer - [test-hivemq-platform] [hivemq] [4e0c1acd] INFO  - Started HiveMQ Health API in 884ms
2025-01-29 01:02:14,800 INFO c.h.h.t.HelmChartContainer - [test-hivemq-platform] [hivemq] [4e0c1acd] INFO  - Starting HiveMQ extension system.
2025-01-29 01:02:16,598 INFO c.h.h.t.HelmChartContainer - [test-hivemq-platform] [hivemq] [4e0c1acd] INFO  - No license found for enterprise extension with name "HiveMQ Enterprise Distributed Tracing Extension". Entering extension trial mode. "HiveMQ Enterprise Distributed Tracing Extension" will be disabled in 5 hours.
2025-01-29 01:02:16,766 INFO c.h.h.t.HelmChartContainer - [test-hivemq-platform] [hivemq] [4e0c1acd] INFO  - Starting extension with id "hivemq-dns-cluster-discovery" at /opt/hivemq/extensions/hivemq-dns-cluster-discovery
2025-01-29 01:02:16,992 INFO c.h.h.t.HelmChartContainer - [hivemq-test-hivemq-platform] [hivemq-platform-operator] [1117efae] 01:02:16.991 [pool-6-thread-37] DEBUG c.h.p.o.d.PlatformServiceResource - [helmpods] Desired Platform services (3 services)
2025-01-29 01:02:16,997 INFO c.h.h.t.HelmChartContainer - [hivemq-test-hivemq-platform] [hivemq-platform-operator] [1117efae] 01:02:16.996 [pool-6-thread-36] DEBUG c.h.p.o.d.PodServiceAccountResource - [helmpods] Desired PodServiceAccountResource (serviceAccountName: hivemq-platform-pod-test-hivemq-platform)
2025-01-29 01:02:17,001 INFO c.h.h.t.HelmChartContainer - [hivemq-test-hivemq-platform] [hivemq-platform-operator] [1117efae] 01:02:16.998 [pool-6-thread-38] DEBUG c.h.p.o.dependants.PodInfoConfigMap - [helmpods] Desired PodInfo ConfigMap (1 extensions) (1 enabled)
2025-01-29 01:02:17,002 INFO c.h.h.t.HelmChartContainer - [hivemq-test-hivemq-platform] [hivemq-platform-operator] [1117efae] 01:02:16.998 [pool-6-thread-38] DEBUG c.h.p.o.dependants.PodInfoConfigMap - [helmpods] Desired PodInfo ConfigMap (metrics port: 9399) (metrics path: /)
2025-01-29 01:02:17,002 INFO c.h.h.t.HelmChartContainer - [hivemq-test-hivemq-platform] [hivemq-platform-operator] [1117efae] 01:02:16.998 [pool-6-thread-38] DEBUG c.h.p.o.dependants.PodInfoConfigMap - [helmpods] Desired PodInfo ConfigMap (extension state hash: 1825504607)
2025-01-29 01:02:17,006 INFO c.h.h.t.HelmChartContainer - [hivemq-test-hivemq-platform] [hivemq-platform-operator] [1117efae] 01:02:17.005 [pool-6-thread-37] DEBUG c.h.p.o.d.StatefulSetResource - [helmpods] Desired StatefulSet (1 replicas) for status STARTING (READY)
2025-01-29 01:02:17,013 INFO c.h.h.t.HelmChartContainer - [hivemq-test-hivemq-platform] [hivemq-platform-operator] [1117efae] 01:02:17.012 [ReconcilerExecutor-hivemq-controller-112] INFO  c.h.p.o.HiveMQPlatformReconciler - [helmpods] Reconciling HiveMQ Platform 'test-hivemq-platform' in namespace 'helmpodsecuritycontextupgradeextensionit'
2025-01-29 01:02:17,014 INFO c.h.h.t.HelmChartContainer - [hivemq-test-hivemq-platform] [hivemq-platform-operator] [1117efae] 01:02:17.012 [ReconcilerExecutor-hivemq-controller-112] DEBUG c.h.p.o.HiveMQPlatformReconciler - [helmpods] Custom Resource Status STARTING - HiveMQ Platform is starting (READY)
2025-01-29 01:02:17,014 INFO c.h.h.t.HelmChartContainer - [hivemq-test-hivemq-platform] [hivemq-platform-operator] [1117efae] 01:02:17.012 [ReconcilerExecutor-hivemq-controller-112] DEBUG c.h.p.o.HiveMQPlatformReconciler - [helmpods] Custom Resource Spec (replicas: 1) (extensions: 1)
2025-01-29 01:02:17,016 INFO c.h.h.t.HelmChartContainer - [hivemq-test-hivemq-platform] [hivemq-platform-operator] [1117efae] 01:02:17.015 [ReconcilerExecutor-hivemq-controller-112] DEBUG c.h.p.o.HiveMQPlatformReconciler - [helmpods] StatefulSet Status (revision: test-hivemq-platform-f6cdc458c, replicas: 1, available: 0, ready: 0, current: 1, updated: 1)
2025-01-29 01:02:17,081 INFO c.h.h.t.HelmChartContainer - [hivemq-test-hivemq-platform] [hivemq-platform-operator] [1117efae] 01:02:17.016 [ReconcilerExecutor-hivemq-controller-112] DEBUG c.h.p.o.HiveMQPlatformReconciler - [helmpods] StatefulSet Spec (replicas: 1, init containers: 1, containers: 1, volumes: 4)
2025-01-29 01:02:17,083 INFO c.h.h.t.HelmChartContainer - [hivemq-test-hivemq-platform] [hivemq-platform-operator] [1117efae] 01:02:17.082 [ReconcilerExecutor-hivemq-controller-112] DEBUG c.h.p.o.h.HiveMQPlatformReconcilerErrorHandler - [helmpods] Pod 'test-hivemq-platform-0' phase Running
2025-01-29 01:02:17,084 INFO c.h.h.t.HelmChartContainer - [hivemq-test-hivemq-platform] [hivemq-platform-operator] [1117efae] 01:02:17.083 [ReconcilerExecutor-hivemq-controller-112] INFO  c.h.p.o.h.HiveMQPlatformReconcilerBaseHandler - [helmpods] HiveMQ Platform is starting, 0 of 1 replicas are ready
2025-01-29 01:02:17,597 INFO c.h.h.t.HelmChartContainer - [test-hivemq-platform] [hivemq] [4e0c1acd] INFO  - Using TCP cluster transport on address 10.42.0.8 and port 7000
2025-01-29 01:02:17,692 INFO c.h.h.t.HelmChartContainer - [test-hivemq-platform] [hivemq] [4e0c1acd] INFO  - Using extension cluster discovery
2025-01-29 01:02:17,800 INFO c.h.h.t.HelmChartContainer - [test-hivemq-platform] [hivemq] [4e0c1acd] INFO  - Extension "DNS Cluster Discovery Extension" version 4.3.2 started successfully.
2025-01-29 01:02:17,800 INFO c.h.h.t.HelmChartContainer - [test-hivemq-platform] [hivemq] [4e0c1acd] INFO  - Starting extension with id "hivemq-distributed-tracing-extension" at /opt/hivemq/extensions/hivemq-distributed-tracing-extension
2025-01-29 01:02:17,821 INFO c.h.h.t.HelmChartContainer - [EVENT] Warning [Unhealthy] Readiness probe failed: Get "http://10.42.0.8:7979/readiness": context deadline exceeded (Client.Timeout exceeded while awaiting headers) [helmpodsecuritycontextupgradeextensionit:test-hivemq-platform-0]
2025-01-29 01:02:17,821 INFO c.h.h.t.HelmChartContainer - Received Unhealthy event for container hivemq in pod test-hivemq-platform-0 [4e0c1acd-54bc-4a38-90cb-32d248890f66]
2025-01-29 01:02:18,091 INFO c.h.h.t.HelmChartContainer - [test-hivemq-platform] [hivemq] [4e0c1acd] INFO  - [HiveMQ Platform Operator Init App 1.7.0-SNAPSHOT] Returning Health API response 503 for readiness
2025-01-29 01:02:20,389 INFO c.h.h.t.HelmChartContainer - [test-hivemq-platform] [hivemq] [4e0c1acd] INFO  - HiveMQ Enterprise Distributed Tracing Extension: Successfully loaded configuration from '/opt/hivemq/extensions/hivemq-distributed-tracing-extension/conf/config.xml'.
2025-01-29 01:02:20,394 INFO c.h.h.t.HelmChartContainer - [test-hivemq-platform] [hivemq] [4e0c1acd] INFO  - HiveMQ Enterprise Distributed Tracing Extension: Configured OTLP gRPC exporter 'my-otlp-grpc-exporter'.
2025-01-29 01:02:20,466 INFO c.h.h.t.HelmChartContainer - [test-hivemq-platform] [hivemq] [4e0c1acd] INFO  - HiveMQ Enterprise Distributed Tracing Extension: Configured W3C trace propagation.
2025-01-29 01:02:20,468 INFO c.h.h.t.HelmChartContainer - [test-hivemq-platform] [hivemq] [4e0c1acd] INFO  - Extension "HiveMQ Enterprise Distributed Tracing Extension" version 4.36.0 started successfully.
2025-01-29 01:02:20,468 INFO c.h.h.testcontainer.LogWaiterUtil - TEST Found log pattern on 'test-hivemq-platform-0': .*Extension "HiveMQ Enterprise Distributed Tracing Extension" version .* started successfully.
2025-01-29 01:02:20,468 INFO c.h.h.t.HelmChartContainer - [test-hivemq-platform] [hivemq] [4e0c1acd] INFO  - Starting extension with id "hivemq-prometheus-extension" at /opt/hivemq/extensions/hivemq-prometheus-extension
2025-01-29 01:02:20,804 INFO c.h.h.t.HelmChartContainer - [test-hivemq-platform] [hivemq] [4e0c1acd] INFO  - Started Jetty Server exposing Prometheus Servlet on URI http://0.0.0.0:9399/
2025-01-29 01:02:20,804 INFO c.h.h.t.HelmChartContainer - [test-hivemq-platform] [hivemq] [4e0c1acd] INFO  - Extension "Prometheus Monitoring Extension" version 4.0.12 started successfully.
2025-01-29 01:02:20,804 INFO c.h.h.t.HelmChartContainer - [test-hivemq-platform] [hivemq] [4e0c1acd] INFO  - Starting extension with id "hivemq-allow-all-extension" at /opt/hivemq/extensions/hivemq-allow-all-extension
2025-01-29 01:02:20,804 INFO c.h.h.t.HelmChartContainer - [test-hivemq-platform] [hivemq] [4e0c1acd] WARN  - 
2025-01-29 01:02:20,804 INFO c.h.h.t.HelmChartContainer - [test-hivemq-platform] [hivemq] [4e0c1acd] ################################################################################################################
2025-01-29 01:02:20,804 INFO c.h.h.t.HelmChartContainer - [test-hivemq-platform] [hivemq] [4e0c1acd] # This HiveMQ deployment is not secure! You are lacking Authentication and Authorization.                      #
2025-01-29 01:02:20,804 INFO c.h.h.t.HelmChartContainer - [test-hivemq-platform] [hivemq] [4e0c1acd] # Right now any MQTT client can connect to the broker with a full set of permissions.                          #
2025-01-29 01:02:20,804 INFO c.h.h.t.HelmChartContainer - [test-hivemq-platform] [hivemq] [4e0c1acd] # For production usage, add an appropriate security extension and remove the hivemq-allow-all extension.       #
2025-01-29 01:02:20,804 INFO c.h.h.t.HelmChartContainer - [test-hivemq-platform] [hivemq] [4e0c1acd] # You can download security extensions from the HiveMQ Marketplace (https://www.hivemq.com/extensions/).       #
2025-01-29 01:02:20,804 INFO c.h.h.t.HelmChartContainer - [test-hivemq-platform] [hivemq] [4e0c1acd] ################################################################################################################
2025-01-29 01:02:20,804 INFO c.h.h.t.HelmChartContainer - [test-hivemq-platform] [hivemq] [4e0c1acd] INFO  - Extension "Allow All Extension" version 1.1.1 started successfully.
2025-01-29 01:02:21,203 INFO c.h.h.t.HelmChartContainer - [test-hivemq-platform] [hivemq] [4e0c1acd] INFO  - jxp1T: no members discovered after 2803 ms: creating cluster as first member
2025-01-29 01:02:21,209 INFO c.h.h.t.HelmChartContainer - [test-hivemq-platform] [hivemq] [4e0c1acd] INFO  - Cluster nodes found by discovery: [jxp1T|0] (1) [jxp1T].
2025-01-29 01:02:21,303 INFO c.h.h.t.HelmChartContainer - [test-hivemq-platform] [hivemq] [4e0c1acd] INFO  - Updated rules for sampling and tracing propagation.
2025-01-29 01:02:21,303 INFO c.h.h.t.HelmChartContainer - [test-hivemq-platform] [hivemq] [4e0c1acd] INFO  - HiveMQ: Successfully loaded configuration from '/opt/hivemq/conf-k8s/tracing.xml'.
2025-01-29 01:02:21,304 INFO c.h.h.t.HelmChartContainer - [test-hivemq-platform] [hivemq] [4e0c1acd] WARN  - No user for HiveMQ Control Center configured. Starting with default user
2025-01-29 01:02:21,305 INFO c.h.h.t.HelmChartContainer - [test-hivemq-platform] [hivemq] [4e0c1acd] INFO  - Starting HiveMQ Control Center on address 0.0.0.0 and port 8080
2025-01-29 01:02:21,309 INFO c.h.h.t.HelmChartContainer - [test-hivemq-platform] [hivemq] [4e0c1acd] INFO  - Mounting HiveMQ Control Center V2 Preview
2025-01-29 01:02:21,799 INFO c.h.h.t.HelmChartContainer - [EVENT] Warning [Unhealthy] Readiness probe failed: HTTP probe failed with statuscode: 503 [helmpodsecuritycontextupgradeextensionit:test-hivemq-platform-0]
2025-01-29 01:02:21,799 INFO c.h.h.t.HelmChartContainer - Received Unhealthy event for container hivemq in pod test-hivemq-platform-0 [4e0c1acd-54bc-4a38-90cb-32d248890f66]
2025-01-29 01:02:22,001 INFO c.h.h.t.HelmChartContainer - [test-hivemq-platform] [hivemq] [4e0c1acd] INFO  - Started HiveMQ Control Center in 697ms
2025-01-29 01:02:22,098 INFO c.h.h.t.HelmChartContainer - [test-hivemq-platform] [hivemq] [4e0c1acd] INFO  - Starting TCP listener on address 0.0.0.0 and port 1883
2025-01-29 01:02:22,190 INFO c.h.h.t.HelmChartContainer - [test-hivemq-platform] [hivemq] [4e0c1acd] INFO  - Started TCP Listener on address 0.0.0.0 and on port 1883.
2025-01-29 01:02:22,190 INFO c.h.h.t.HelmChartContainer - [test-hivemq-platform] [hivemq] [4e0c1acd] INFO  - Started HiveMQ in 33290ms
2025-01-29 01:02:26,784 INFO c.h.h.t.HelmChartContainer - [test-hivemq-platform] [hivemq] [4e0c1acd] INFO  - [HiveMQ Platform Operator Init App 1.7.0-SNAPSHOT] Returning Health API response 200 for readiness
2025-01-29 01:02:26,797 INFO c.h.h.t.HelmChartContainer - [POD] test-hivemq-platform-0 [4e0c1acd-54bc-4a38-90cb-32d248890f66] in helmpodsecuritycontextupgradeextensionit was MODIFIED
2025-01-29 01:02:26,806 INFO c.h.h.t.HelmChartContainer - [hivemq-test-hivemq-platform] [hivemq-platform-operator] [1117efae] 01:02:26.802 [pool-6-thread-46] DEBUG c.h.p.o.d.PlatformServiceResource - [helmpods] Desired Platform services (3 services)
2025-01-29 01:02:26,825 INFO c.h.h.t.HelmChartContainer - [hivemq-test-hivemq-platform] [hivemq-platform-operator] [1117efae] 01:02:26.808 [pool-6-thread-46] DEBUG c.h.p.o.d.PodServiceAccountResource - [helmpods] Desired PodServiceAccountResource (serviceAccountName: hivemq-platform-pod-test-hivemq-platform)
2025-01-29 01:02:26,825 INFO c.h.h.t.HelmChartContainer - [hivemq-test-hivemq-platform] [hivemq-platform-operator] [1117efae] 01:02:26.810 [pool-6-thread-45] DEBUG c.h.p.o.dependants.PodInfoConfigMap - [helmpods] Desired PodInfo ConfigMap (1 extensions) (1 enabled)
2025-01-29 01:02:26,825 INFO c.h.h.t.HelmChartContainer - [hivemq-test-hivemq-platform] [hivemq-platform-operator] [1117efae] 01:02:26.810 [pool-6-thread-45] DEBUG c.h.p.o.dependants.PodInfoConfigMap - [helmpods] Desired PodInfo ConfigMap (metrics port: 9399) (metrics path: /)
2025-01-29 01:02:26,825 INFO c.h.h.t.HelmChartContainer - [hivemq-test-hivemq-platform] [hivemq-platform-operator] [1117efae] 01:02:26.810 [pool-6-thread-45] DEBUG c.h.p.o.dependants.PodInfoConfigMap - [helmpods] Desired PodInfo ConfigMap (extension state hash: 1825504607)
2025-01-29 01:02:26,825 INFO c.h.h.t.HelmChartContainer - [hivemq-test-hivemq-platform] [hivemq-platform-operator] [1117efae] 01:02:26.812 [pool-6-thread-45] DEBUG c.h.p.o.d.StatefulSetResource - [helmpods] Desired StatefulSet (1 replicas) for status STARTING (READY)
2025-01-29 01:02:26,888 INFO c.h.h.t.HelmChartContainer - [hivemq-test-hivemq-platform] [hivemq-platform-operator] [1117efae] 01:02:26.881 [ReconcilerExecutor-hivemq-controller-113] INFO  c.h.p.o.HiveMQPlatformReconciler - [helmpods] Reconciling HiveMQ Platform 'test-hivemq-platform' in namespace 'helmpodsecuritycontextupgradeextensionit'
2025-01-29 01:02:26,889 INFO c.h.h.t.HelmChartContainer - [hivemq-test-hivemq-platform] [hivemq-platform-operator] [1117efae] 01:02:26.881 [ReconcilerExecutor-hivemq-controller-113] DEBUG c.h.p.o.HiveMQPlatformReconciler - [helmpods] Custom Resource Status STARTING - HiveMQ Platform is starting (READY)
2025-01-29 01:02:26,889 INFO c.h.h.t.HelmChartContainer - [hivemq-test-hivemq-platform] [hivemq-platform-operator] [1117efae] 01:02:26.881 [ReconcilerExecutor-hivemq-controller-113] DEBUG c.h.p.o.HiveMQPlatformReconciler - [helmpods] Custom Resource Spec (replicas: 1) (extensions: 1)
2025-01-29 01:02:26,889 INFO c.h.h.t.HelmChartContainer - [hivemq-test-hivemq-platform] [hivemq-platform-operator] [1117efae] 01:02:26.885 [ReconcilerExecutor-hivemq-controller-113] DEBUG c.h.p.o.HiveMQPlatformReconciler - [helmpods] StatefulSet Status (revision: test-hivemq-platform-f6cdc458c, replicas: 1, available: 1, ready: 1, current: 1, updated: 1)
2025-01-29 01:02:26,889 INFO c.h.h.t.HelmChartContainer - [hivemq-test-hivemq-platform] [hivemq-platform-operator] [1117efae] 01:02:26.885 [ReconcilerExecutor-hivemq-controller-113] DEBUG c.h.p.o.HiveMQPlatformReconciler - [helmpods] StatefulSet Spec (replicas: 1, init containers: 1, containers: 1, volumes: 4)
2025-01-29 01:02:26,889 INFO c.h.h.t.HelmChartContainer - [hivemq-test-hivemq-platform] [hivemq-platform-operator] [1117efae] 01:02:26.886 [ReconcilerExecutor-hivemq-controller-113] DEBUG c.h.p.o.h.HiveMQPlatformReconcilerErrorHandler - [helmpods] Pod 'test-hivemq-platform-0' phase Running
2025-01-29 01:02:26,889 INFO c.h.h.t.HelmChartContainer - [hivemq-test-hivemq-platform] [hivemq-platform-operator] [1117efae] 01:02:26.887 [ReconcilerExecutor-hivemq-controller-113] INFO  c.h.p.o.h.HiveMQPlatformReconcilerBaseHandler - [helmpods] HiveMQ Platform started successfully
2025-01-29 01:02:26,987 INFO c.h.h.t.HelmChartContainer - [hivemq-test-hivemq-platform] [hivemq-platform-operator] [1117efae] 01:02:26.986 [ReconcilerExecutor-hivemq-controller-113] DEBUG c.h.p.operator.event.EventSender - [helmpods] Creating K8s event hivemq-platform-ready: [Ready] HiveMQ Platform is ready
2025-01-29 01:02:26,992 INFO c.h.h.t.HelmChartContainer - [EVENT] Normal [Ready] HiveMQ Platform is ready [helmpodsecuritycontextupgradeextensionit:test-hivemq-platform]
2025-01-29 01:02:26,992 INFO c.h.h.t.HelmChartContainer - [hivemq-test-hivemq-platform] [hivemq-platform-operator] [1117efae] 01:02:26.991 [ReconcilerExecutor-hivemq-controller-113] INFO  c.h.p.o.h.AbstractHiveMQReconcilerStateHandler - [helmpods] Update HiveMQ Platform Status (STARTING [READY] -> RUNNING [READY]): HiveMQ Platform is ready
2025-01-29 01:02:26,999 DEBUG com.hivemq.helmcharts.util.K8sUtil - Comparing actual state 'RUNNING' and waiting for 'RUNNING'
2025-01-29 01:02:27,006 INFO c.h.h.t.HelmChartContainer - [hivemq-test-hivemq-platform] [hivemq-platform-operator] [1117efae] 01:02:27.005 [pool-6-thread-2] DEBUG c.h.p.o.d.PlatformServiceResource - [helmpods] Desired Platform services (3 services)
2025-01-29 01:02:27,082 INFO c.h.h.t.HelmChartContainer - [hivemq-test-hivemq-platform] [hivemq-platform-operator] [1117efae] 01:02:27.080 [pool-6-thread-7] DEBUG c.h.p.o.dependants.PodInfoConfigMap - [helmpods] Desired PodInfo ConfigMap (1 extensions) (1 enabled)
2025-01-29 01:02:27,082 INFO c.h.h.t.HelmChartContainer - [hivemq-test-hivemq-platform] [hivemq-platform-operator] [1117efae] 01:02:27.080 [pool-6-thread-7] DEBUG c.h.p.o.dependants.PodInfoConfigMap - [helmpods] Desired PodInfo ConfigMap (metrics port: 9399) (metrics path: /)
2025-01-29 01:02:27,082 INFO c.h.h.t.HelmChartContainer - [hivemq-test-hivemq-platform] [hivemq-platform-operator] [1117efae] 01:02:27.081 [pool-6-thread-7] DEBUG c.h.p.o.dependants.PodInfoConfigMap - [helmpods] Desired PodInfo ConfigMap (extension state hash: 1825504607)
2025-01-29 01:02:27,085 INFO c.h.h.t.HelmChartContainer - [hivemq-test-hivemq-platform] [hivemq-platform-operator] [1117efae] 01:02:27.081 [pool-6-thread-7] DEBUG c.h.p.o.dependants.PodInfoConfigMap - [helmpods] Update PodInfo ConfigMap
2025-01-29 01:02:27,086 INFO c.h.h.t.HelmChartContainer - [hivemq-test-hivemq-platform] [hivemq-platform-operator] [1117efae] 01:02:27.083 [pool-6-thread-4] DEBUG c.h.p.o.d.PodServiceAccountResource - [helmpods] Desired PodServiceAccountResource (serviceAccountName: hivemq-platform-pod-test-hivemq-platform)
2025-01-29 01:02:27,098 INFO c.h.h.t.HelmChartContainer - [hivemq-test-hivemq-platform] [hivemq-platform-operator] [1117efae] 01:02:27.096 [pool-6-thread-7] DEBUG c.h.p.o.d.StatefulSetResource - [helmpods] Desired StatefulSet (1 replicas) for status RUNNING (READY)
2025-01-29 01:02:27,102 INFO c.h.h.t.HelmChartContainer - [hivemq-test-hivemq-platform] [hivemq-platform-operator] [1117efae] 01:02:27.101 [ReconcilerExecutor-hivemq-controller-114] INFO  c.h.p.o.HiveMQPlatformReconciler - [helmpods] Reconciling HiveMQ Platform 'test-hivemq-platform' in namespace 'helmpodsecuritycontextupgradeextensionit'
2025-01-29 01:02:27,104 INFO c.h.h.t.HelmChartContainer - [hivemq-test-hivemq-platform] [hivemq-platform-operator] [1117efae] 01:02:27.101 [ReconcilerExecutor-hivemq-controller-114] DEBUG c.h.p.o.HiveMQPlatformReconciler - [helmpods] Custom Resource Status RUNNING - HiveMQ Platform is ready (READY)
2025-01-29 01:02:27,104 INFO c.h.h.t.HelmChartContainer - [hivemq-test-hivemq-platform] [hivemq-platform-operator] [1117efae] 01:02:27.101 [ReconcilerExecutor-hivemq-controller-114] DEBUG c.h.p.o.HiveMQPlatformReconciler - [helmpods] Custom Resource Spec (replicas: 1) (extensions: 1)
2025-01-29 01:02:27,111 DEBUG com.hivemq.helmcharts.util.PodUtil - Received status for command '[sh, -c, stat -c "%u:%g" /proc/1]' on pod 'test-hivemq-platform-0' (exit code: 0)
2025-01-29 01:02:27,182 INFO c.h.h.t.HelmChartContainer - [hivemq-test-hivemq-platform] [hivemq-platform-operator] [1117efae] 01:02:27.180 [ReconcilerExecutor-hivemq-controller-114] DEBUG c.h.p.o.HiveMQPlatformReconciler - [helmpods] StatefulSet Status (revision: test-hivemq-platform-f6cdc458c, replicas: 1, available: 1, ready: 1, current: 1, updated: 1)
2025-01-29 01:02:27,182 INFO c.h.h.t.HelmChartContainer - [hivemq-test-hivemq-platform] [hivemq-platform-operator] [1117efae] 01:02:27.180 [ReconcilerExecutor-hivemq-controller-114] DEBUG c.h.p.o.HiveMQPlatformReconciler - [helmpods] StatefulSet Spec (replicas: 1, init containers: 1, containers: 1, volumes: 4)
2025-01-29 01:02:27,184 INFO c.h.h.t.HelmChartContainer - [hivemq-test-hivemq-platform] [hivemq-platform-operator] [1117efae] 01:02:27.183 [ReconcilerExecutor-hivemq-controller-114] DEBUG c.h.p.o.h.HiveMQPlatformReconcilerErrorHandler - [helmpods] Pod 'test-hivemq-platform-0' phase Running
2025-01-29 01:02:29,121 INFO c.h.h.testcontainer.LogWaiterUtil - TEST Waiting for log pattern on 'test-hivemq-platform-0': .*HiveMQ Enterprise Distributed Tracing Extension: Successfully updated configuration from '/opt/hivemq/extensions/hivemq-distributed-tracing-extension/conf/config.xml'.
2025-01-29 01:02:29,124 DEBUG com.hivemq.helmcharts.util.K8sUtil - Comparing actual state 'RUNNING' and waiting for 'RESTART_EXTENSIONS'
2025-01-29 01:02:29,132 INFO c.h.h.t.HelmChartContainer - [hivemq-test-hivemq-platform] [hivemq-platform-operator] [1117efae] 01:02:29.127 [pool-6-thread-11] DEBUG c.h.p.o.d.PlatformServiceResource - [helmpods] Desired Platform services (3 services)
2025-01-29 01:02:29,132 INFO c.h.h.t.HelmChartContainer - [hivemq-test-hivemq-platform] [hivemq-platform-operator] [1117efae] 01:02:29.128 [pool-6-thread-15] DEBUG c.h.p.o.dependants.PodInfoConfigMap - [helmpods] Desired PodInfo ConfigMap (1 extensions) (1 enabled)
2025-01-29 01:02:29,132 INFO c.h.h.t.HelmChartContainer - [hivemq-test-hivemq-platform] [hivemq-platform-operator] [1117efae] 01:02:29.128 [pool-6-thread-15] DEBUG c.h.p.o.dependants.PodInfoConfigMap - [helmpods] Desired PodInfo ConfigMap (metrics port: 9399) (metrics path: /)
2025-01-29 01:02:29,132 INFO c.h.h.t.HelmChartContainer - [hivemq-test-hivemq-platform] [hivemq-platform-operator] [1117efae] 01:02:29.128 [pool-6-thread-15] DEBUG c.h.p.o.dependants.PodInfoConfigMap - [helmpods] Desired PodInfo ConfigMap (extension state hash: 337402471)
2025-01-29 01:02:29,132 INFO c.h.h.t.HelmChartContainer - [hivemq-test-hivemq-platform] [hivemq-platform-operator] [1117efae] 01:02:29.129 [pool-6-thread-15] DEBUG c.h.p.o.dependants.PodInfoConfigMap - [helmpods] Update PodInfo ConfigMap
2025-01-29 01:02:29,132 INFO c.h.h.t.HelmChartContainer - [hivemq-test-hivemq-platform] [hivemq-platform-operator] [1117efae] 01:02:29.129 [pool-6-thread-15] DEBUG c.h.p.o.dependants.PodInfoConfigMap - [helmpods] Detected change in configuration of extension 'hivemq-distributed-tracing-extension' ({skip-https-hostname-verification=false, restart=false, config-version=811, header-version=0, c-uri=, uri=preinstalled, skip-https-certificate-validation=false, enabled=true} -> {skip-https-hostname-verification=false, restart=false, config-version=904, header-version=0, c-uri=, uri=preinstalled, skip-https-certificate-validation=false, enabled=true})
2025-01-29 01:02:29,134 INFO c.h.h.t.HelmChartContainer - [hivemq-test-hivemq-platform] [hivemq-platform-operator] [1117efae] 01:02:29.129 [pool-6-thread-15] INFO  c.h.p.o.dependants.PodInfoConfigMap - [helmpods] Extension configuration was updated, restarting extensions: [hivemq-distributed-tracing-extension]
2025-01-29 01:02:29,134 INFO c.h.h.t.HelmChartContainer - [hivemq-test-hivemq-platform] [hivemq-platform-operator] [1117efae] 01:02:29.130 [pool-6-thread-14] DEBUG c.h.p.o.d.PodServiceAccountResource - [helmpods] Desired PodServiceAccountResource (serviceAccountName: hivemq-platform-pod-test-hivemq-platform)
2025-01-29 01:02:29,144 INFO c.h.h.t.HelmChartContainer - [hivemq-test-hivemq-platform] [hivemq-platform-operator] [1117efae] 01:02:29.143 [pool-6-thread-11] DEBUG c.h.p.o.d.StatefulSetResource - [helmpods] Desired StatefulSet (1 replicas) for status RUNNING (READY)
2025-01-29 01:02:29,184 INFO c.h.h.t.HelmChartContainer - [hivemq-test-hivemq-platform] [hivemq-platform-operator] [1117efae] 01:02:29.182 [ReconcilerExecutor-hivemq-controller-115] INFO  c.h.p.o.HiveMQPlatformReconciler - [helmpods] Reconciling HiveMQ Platform 'test-hivemq-platform' in namespace 'helmpodsecuritycontextupgradeextensionit'
2025-01-29 01:02:29,185 INFO c.h.h.t.HelmChartContainer - [hivemq-test-hivemq-platform] [hivemq-platform-operator] [1117efae] 01:02:29.182 [ReconcilerExecutor-hivemq-controller-115] DEBUG c.h.p.o.HiveMQPlatformReconciler - [helmpods] Custom Resource Status RUNNING - HiveMQ Platform is ready (READY) (reconciliation requests: RESTART_EXTENSIONS, REQUESTS_UPDATED)
2025-01-29 01:02:29,185 INFO c.h.h.t.HelmChartContainer - [hivemq-test-hivemq-platform] [hivemq-platform-operator] [1117efae] 01:02:29.183 [ReconcilerExecutor-hivemq-controller-115] DEBUG c.h.p.o.HiveMQPlatformReconciler - [helmpods] Custom Resource Spec (replicas: 1) (extensions: 1)
2025-01-29 01:02:29,186 INFO c.h.h.t.HelmChartContainer - [hivemq-test-hivemq-platform] [hivemq-platform-operator] [1117efae] 01:02:29.185 [ReconcilerExecutor-hivemq-controller-115] DEBUG c.h.p.o.HiveMQPlatformReconciler - [helmpods] StatefulSet Status (revision: test-hivemq-platform-f6cdc458c, replicas: 1, available: 1, ready: 1, current: 1, updated: 1)
2025-01-29 01:02:29,187 INFO c.h.h.t.HelmChartContainer - [hivemq-test-hivemq-platform] [hivemq-platform-operator] [1117efae] 01:02:29.185 [ReconcilerExecutor-hivemq-controller-115] DEBUG c.h.p.o.HiveMQPlatformReconciler - [helmpods] StatefulSet Spec (replicas: 1, init containers: 1, containers: 1, volumes: 4)
2025-01-29 01:02:29,188 INFO c.h.h.t.HelmChartContainer - [hivemq-test-hivemq-platform] [hivemq-platform-operator] [1117efae] 01:02:29.187 [ReconcilerExecutor-hivemq-controller-115] DEBUG c.h.p.o.h.HiveMQPlatformReconcilerErrorHandler - [helmpods] Pod 'test-hivemq-platform-0' phase Running
2025-01-29 01:02:29,281 INFO c.h.h.t.HelmChartContainer - [hivemq-test-hivemq-platform] [hivemq-platform-operator] [1117efae] 01:02:29.280 [ReconcilerExecutor-hivemq-controller-115] DEBUG c.h.p.operator.event.EventSender - [helmpods] Creating K8s event restart-extension-started: [RestartExtension] HiveMQ Platform is restarting extensions (hivemq-distributed-tracing-extension)
2025-01-29 01:02:29,286 INFO c.h.h.t.HelmChartContainer - [EVENT] Normal [RestartExtension] HiveMQ Platform is restarting extensions (hivemq-distributed-tracing-extension) [helmpodsecuritycontextupgradeextensionit:test-hivemq-platform]
2025-01-29 01:02:29,287 INFO c.h.h.t.HelmChartContainer - [hivemq-test-hivemq-platform] [hivemq-platform-operator] [1117efae] 01:02:29.286 [ReconcilerExecutor-hivemq-controller-115] INFO  c.h.p.o.h.AbstractHiveMQReconcilerStateHandler - [helmpods] Update HiveMQ Platform Status (RUNNING [READY] -> RESTART_EXTENSIONS [RESTART_EXTENSIONS]): HiveMQ Platform is restarting extensions (hivemq-distributed-tracing-extension)
2025-01-29 01:02:29,297 DEBUG com.hivemq.helmcharts.util.K8sUtil - Comparing actual state 'RESTART_EXTENSIONS' and waiting for 'RESTART_EXTENSIONS'
2025-01-29 01:02:29,301 DEBUG com.hivemq.helmcharts.util.K8sUtil - Comparing actual state 'RESTART_EXTENSIONS' and waiting for 'RUNNING'
2025-01-29 01:02:38,728 INFO c.h.h.t.HelmChartContainer - [test-hivemq-platform] [hivemq] [4e0c1acd] INFO  - [HiveMQ Platform Operator Init App 1.7.0-SNAPSHOT] Returning Health API response 200 for liveness
2025-01-29 01:02:39,300 INFO c.h.h.t.HelmChartContainer - [hivemq-test-hivemq-platform] [hivemq-platform-operator] [1117efae] 01:02:39.299 [pool-6-thread-25] DEBUG c.h.p.o.d.PlatformServiceResource - [helmpods] Desired Platform services (3 services)
2025-01-29 01:02:39,302 INFO c.h.h.t.HelmChartContainer - [hivemq-test-hivemq-platform] [hivemq-platform-operator] [1117efae] 01:02:39.299 [pool-6-thread-28] DEBUG c.h.p.o.d.PodServiceAccountResource - [helmpods] Desired PodServiceAccountResource (serviceAccountName: hivemq-platform-pod-test-hivemq-platform)
2025-01-29 01:02:39,302 INFO c.h.h.t.HelmChartContainer - [hivemq-test-hivemq-platform] [hivemq-platform-operator] [1117efae] 01:02:39.299 [pool-6-thread-23] DEBUG c.h.p.o.dependants.PodInfoConfigMap - [helmpods] Desired PodInfo ConfigMap (1 extensions) (1 enabled)
2025-01-29 01:02:39,302 INFO c.h.h.t.HelmChartContainer - [hivemq-test-hivemq-platform] [hivemq-platform-operator] [1117efae] 01:02:39.301 [pool-6-thread-23] DEBUG c.h.p.o.dependants.PodInfoConfigMap - [helmpods] Desired PodInfo ConfigMap (metrics port: 9399) (metrics path: /)
2025-01-29 01:02:39,303 INFO c.h.h.t.HelmChartContainer - [hivemq-test-hivemq-platform] [hivemq-platform-operator] [1117efae] 01:02:39.301 [pool-6-thread-23] DEBUG c.h.p.o.dependants.PodInfoConfigMap - [helmpods] Desired PodInfo ConfigMap (extension state hash: 337402471)
2025-01-29 01:02:39,304 INFO c.h.h.t.HelmChartContainer - [hivemq-test-hivemq-platform] [hivemq-platform-operator] [1117efae] 01:02:39.304 [pool-6-thread-23] DEBUG c.h.p.o.dependants.PodInfoConfigMap - [helmpods] Update PodInfo ConfigMap
2025-01-29 01:02:39,314 INFO c.h.h.t.HelmChartContainer - [hivemq-test-hivemq-platform] [hivemq-platform-operator] [1117efae] 01:02:39.313 [pool-6-thread-23] DEBUG c.h.p.o.d.StatefulSetResource - [helmpods] Desired StatefulSet (1 replicas) for status RESTART_EXTENSIONS (RESTART_EXTENSIONS)
2025-01-29 01:02:39,380 INFO c.h.h.t.HelmChartContainer - [hivemq-test-hivemq-platform] [hivemq-platform-operator] [1117efae] 01:02:39.379 [ReconcilerExecutor-hivemq-controller-116] INFO  c.h.p.o.HiveMQPlatformReconciler - [helmpods] Reconciling HiveMQ Platform 'test-hivemq-platform' in namespace 'helmpodsecuritycontextupgradeextensionit'
2025-01-29 01:02:39,381 INFO c.h.h.t.HelmChartContainer - [hivemq-test-hivemq-platform] [hivemq-platform-operator] [1117efae] 01:02:39.380 [ReconcilerExecutor-hivemq-controller-116] DEBUG c.h.p.o.HiveMQPlatformReconciler - [helmpods] Custom Resource Status RESTART_EXTENSIONS - HiveMQ Platform is restarting extensions (hivemq-distributed-tracing-extension) (RESTART_EXTENSIONS)
2025-01-29 01:02:39,381 INFO c.h.h.t.HelmChartContainer - [hivemq-test-hivemq-platform] [hivemq-platform-operator] [1117efae] 01:02:39.380 [ReconcilerExecutor-hivemq-controller-116] DEBUG c.h.p.o.HiveMQPlatformReconciler - [helmpods] Custom Resource Spec (replicas: 1) (extensions: 1)
2025-01-29 01:02:39,383 INFO c.h.h.t.HelmChartContainer - [hivemq-test-hivemq-platform] [hivemq-platform-operator] [1117efae] 01:02:39.382 [ReconcilerExecutor-hivemq-controller-116] DEBUG c.h.p.o.HiveMQPlatformReconciler - [helmpods] StatefulSet Status (revision: test-hivemq-platform-f6cdc458c, replicas: 1, available: 1, ready: 1, current: 1, updated: 1)
2025-01-29 01:02:39,384 INFO c.h.h.t.HelmChartContainer - [hivemq-test-hivemq-platform] [hivemq-platform-operator] [1117efae] 01:02:39.382 [ReconcilerExecutor-hivemq-controller-116] DEBUG c.h.p.o.HiveMQPlatformReconciler - [helmpods] StatefulSet Spec (replicas: 1, init containers: 1, containers: 1, volumes: 4)
2025-01-29 01:02:39,385 INFO c.h.h.t.HelmChartContainer - [hivemq-test-hivemq-platform] [hivemq-platform-operator] [1117efae] 01:02:39.384 [ReconcilerExecutor-hivemq-controller-116] DEBUG c.h.p.o.h.HiveMQPlatformReconcilerErrorHandler - [helmpods] Pod 'test-hivemq-platform-0' phase Running
2025-01-29 01:02:39,394 INFO c.h.h.t.HelmChartContainer - [hivemq-test-hivemq-platform] [hivemq-platform-operator] [1117efae] 01:02:39.393 [ReconcilerExecutor-hivemq-controller-116] DEBUG c.h.p.o.h.HiveMQPlatformReconcilerRestartExtensionsHandler - [helmpods] Update extensions on Pod 'test-hivemq-platform-0'
2025-01-29 01:02:39,537 INFO c.h.h.t.HelmChartContainer - [test-hivemq-platform] [hivemq] [4e0c1acd] INFO  - [HiveMQ Platform Operator Init App 1.7.0-SNAPSHOT] Updating HiveMQ Platform extensions: [hivemq-distributed-tracing-extension]
2025-01-29 01:02:39,582 INFO c.h.h.t.HelmChartContainer - [hivemq-test-hivemq-platform] [hivemq-platform-operator] [1117efae] 01:02:39.582 [vert.x-eventloop-thread-0] DEBUG c.h.platform.operator.util.PodUtil - Received status for command '[curl, -s, http://10.42.0.8:7979/updateExtension?hash=337402471&extensions=hivemq-distributed-tracing-extension]' on Pod 'test-hivemq-platform-0' (exit code: 0)
2025-01-29 01:02:40,267 INFO c.h.h.t.HelmChartContainer - [K3S] [info.go:53] Couldn't collect info from any of the files in "/etc/machine-id,/var/lib/dbus/machine-id"
2025-01-29 01:02:40,507 INFO c.h.h.t.HelmChartContainer - [hivemq-test-hivemq-platform] [hivemq-platform-operator] [1117efae] 01:02:40.503 [pool-6-thread-38] DEBUG c.h.p.o.d.PlatformServiceResource - [helmpods] Desired Platform services (3 services)
2025-01-29 01:02:40,508 INFO c.h.h.t.HelmChartContainer - [hivemq-test-hivemq-platform] [hivemq-platform-operator] [1117efae] 01:02:40.504 [pool-6-thread-33] DEBUG c.h.p.o.d.PodServiceAccountResource - [helmpods] Desired PodServiceAccountResource (serviceAccountName: hivemq-platform-pod-test-hivemq-platform)
2025-01-29 01:02:40,508 INFO c.h.h.t.HelmChartContainer - [hivemq-test-hivemq-platform] [hivemq-platform-operator] [1117efae] 01:02:40.504 [pool-6-thread-35] DEBUG c.h.p.o.dependants.PodInfoConfigMap - [helmpods] Desired PodInfo ConfigMap (1 extensions) (1 enabled)
2025-01-29 01:02:40,508 INFO c.h.h.t.HelmChartContainer - [hivemq-test-hivemq-platform] [hivemq-platform-operator] [1117efae] 01:02:40.505 [pool-6-thread-35] DEBUG c.h.p.o.dependants.PodInfoConfigMap - [helmpods] Desired PodInfo ConfigMap (metrics port: 9399) (metrics path: /)
2025-01-29 01:02:40,508 INFO c.h.h.t.HelmChartContainer - [hivemq-test-hivemq-platform] [hivemq-platform-operator] [1117efae] 01:02:40.505 [pool-6-thread-35] DEBUG c.h.p.o.dependants.PodInfoConfigMap - [helmpods] Desired PodInfo ConfigMap (extension state hash: 337402471)
2025-01-29 01:02:40,509 INFO c.h.h.t.HelmChartContainer - [hivemq-test-hivemq-platform] [hivemq-platform-operator] [1117efae] 01:02:40.509 [pool-6-thread-38] DEBUG c.h.p.o.d.StatefulSetResource - [helmpods] Desired StatefulSet (1 replicas) for status RESTART_EXTENSIONS (RESTART_EXTENSIONS)
2025-01-29 01:02:40,513 INFO c.h.h.t.HelmChartContainer - [hivemq-test-hivemq-platform] [hivemq-platform-operator] [1117efae] 01:02:40.512 [ReconcilerExecutor-hivemq-controller-117] INFO  c.h.p.o.HiveMQPlatformReconciler - [helmpods] Reconciling HiveMQ Platform 'test-hivemq-platform' in namespace 'helmpodsecuritycontextupgradeextensionit'
2025-01-29 01:02:40,513 INFO c.h.h.t.HelmChartContainer - [hivemq-test-hivemq-platform] [hivemq-platform-operator] [1117efae] 01:02:40.512 [ReconcilerExecutor-hivemq-controller-117] DEBUG c.h.p.o.HiveMQPlatformReconciler - [helmpods] Custom Resource Status RESTART_EXTENSIONS - HiveMQ Platform is restarting extensions (hivemq-distributed-tracing-extension) (RESTART_EXTENSIONS)
2025-01-29 01:02:40,513 INFO c.h.h.t.HelmChartContainer - [hivemq-test-hivemq-platform] [hivemq-platform-operator] [1117efae] 01:02:40.512 [ReconcilerExecutor-hivemq-controller-117] DEBUG c.h.p.o.HiveMQPlatformReconciler - [helmpods] Custom Resource Spec (replicas: 1) (extensions: 1)
2025-01-29 01:02:40,515 INFO c.h.h.t.HelmChartContainer - [hivemq-test-hivemq-platform] [hivemq-platform-operator] [1117efae] 01:02:40.514 [ReconcilerExecutor-hivemq-controller-117] DEBUG c.h.p.o.HiveMQPlatformReconciler - [helmpods] StatefulSet Status (revision: test-hivemq-platform-f6cdc458c, replicas: 1, available: 1, ready: 1, current: 1, updated: 1)
2025-01-29 01:02:40,515 INFO c.h.h.t.HelmChartContainer - [hivemq-test-hivemq-platform] [hivemq-platform-operator] [1117efae] 01:02:40.514 [ReconcilerExecutor-hivemq-controller-117] DEBUG c.h.p.o.HiveMQPlatformReconciler - [helmpods] StatefulSet Spec (replicas: 1, init containers: 1, containers: 1, volumes: 4)
2025-01-29 01:02:40,518 INFO c.h.h.t.HelmChartContainer - [hivemq-test-hivemq-platform] [hivemq-platform-operator] [1117efae] 01:02:40.517 [ReconcilerExecutor-hivemq-controller-117] DEBUG c.h.p.o.h.HiveMQPlatformReconcilerErrorHandler - [helmpods] Pod 'test-hivemq-platform-0' phase Running
2025-01-29 01:02:40,539 INFO c.h.h.t.HelmChartContainer - [test-hivemq-platform] [hivemq] [4e0c1acd] INFO  - [HiveMQ Platform Operator Init App 1.7.0-SNAPSHOT] Waiting for extension ConfigMap sync (expected hash: 337402471) (current hash: 1825504607)
2025-01-29 01:02:40,604 INFO c.h.h.t.HelmChartContainer - [hivemq-test-hivemq-platform] [hivemq-platform-operator] [1117efae] 01:02:40.602 [ReconcilerExecutor-hivemq-controller-117] DEBUG c.h.p.operator.event.EventSender - [helmpods] Creating K8s event restart-extension-in-progress: [RestartExtension] HiveMQ Platform is waiting for extension restart (hivemq-distributed-tracing-extension)
2025-01-29 01:02:40,607 INFO c.h.h.t.HelmChartContainer - [EVENT] Normal [RestartExtension] HiveMQ Platform is waiting for extension restart (hivemq-distributed-tracing-extension) [helmpodsecuritycontextupgradeextensionit:test-hivemq-platform]
2025-01-29 01:02:40,682 INFO c.h.h.t.HelmChartContainer - [hivemq-test-hivemq-platform] [hivemq-platform-operator] [1117efae] 01:02:40.680 [ReconcilerExecutor-hivemq-controller-117] INFO  c.h.p.o.h.AbstractHiveMQReconcilerStateHandler - [helmpods] Update HiveMQ Platform Status (RESTART_EXTENSIONS [RESTART_EXTENSIONS] -> RESTART_EXTENSIONS [WAIT_FOR_EXTENSION_RESTART]): HiveMQ Platform is waiting for extension restart (hivemq-distributed-tracing-extension)
2025-01-29 01:02:40,695 DEBUG com.hivemq.helmcharts.util.K8sUtil - Comparing actual state 'RESTART_EXTENSIONS' and waiting for 'RUNNING'
2025-01-29 01:02:41,540 INFO c.h.h.t.HelmChartContainer - [test-hivemq-platform] [hivemq] [4e0c1acd] INFO  - [HiveMQ Platform Operator Init App 1.7.0-SNAPSHOT] Waiting for extension ConfigMap sync (expected hash: 337402471) (current hash: 1825504607)
2025-01-29 01:02:42,540 INFO c.h.h.t.HelmChartContainer - [test-hivemq-platform] [hivemq] [4e0c1acd] INFO  - [HiveMQ Platform Operator Init App 1.7.0-SNAPSHOT] Waiting for extension ConfigMap sync (expected hash: 337402471) (current hash: 1825504607)
2025-01-29 01:02:43,541 INFO c.h.h.t.HelmChartContainer - [test-hivemq-platform] [hivemq] [4e0c1acd] INFO  - [HiveMQ Platform Operator Init App 1.7.0-SNAPSHOT] Waiting for extension ConfigMap sync (expected hash: 337402471) (current hash: 1825504607)
2025-01-29 01:02:44,541 INFO c.h.h.t.HelmChartContainer - [test-hivemq-platform] [hivemq] [4e0c1acd] INFO  - [HiveMQ Platform Operator Init App 1.7.0-SNAPSHOT] Waiting for extension ConfigMap sync (expected hash: 337402471) (current hash: 1825504607)
2025-01-29 01:02:45,542 INFO c.h.h.t.HelmChartContainer - [test-hivemq-platform] [hivemq] [4e0c1acd] INFO  - [HiveMQ Platform Operator Init App 1.7.0-SNAPSHOT] Waiting for extension ConfigMap sync (expected hash: 337402471) (current hash: 1825504607)
2025-01-29 01:02:46,542 INFO c.h.h.t.HelmChartContainer - [test-hivemq-platform] [hivemq] [4e0c1acd] INFO  - [HiveMQ Platform Operator Init App 1.7.0-SNAPSHOT] Waiting for extension ConfigMap sync (expected hash: 337402471) (current hash: 1825504607)
2025-01-29 01:02:47,543 INFO c.h.h.t.HelmChartContainer - [test-hivemq-platform] [hivemq] [4e0c1acd] INFO  - [HiveMQ Platform Operator Init App 1.7.0-SNAPSHOT] Waiting for extension ConfigMap sync (expected hash: 337402471) (current hash: 1825504607)
2025-01-29 01:02:48,543 INFO c.h.h.t.HelmChartContainer - [test-hivemq-platform] [hivemq] [4e0c1acd] INFO  - [HiveMQ Platform Operator Init App 1.7.0-SNAPSHOT] Waiting for extension ConfigMap sync (expected hash: 337402471) (current hash: 1825504607)
2025-01-29 01:02:49,544 INFO c.h.h.t.HelmChartContainer - [test-hivemq-platform] [hivemq] [4e0c1acd] INFO  - [HiveMQ Platform Operator Init App 1.7.0-SNAPSHOT] Waiting for extension ConfigMap sync (expected hash: 337402471) (current hash: 1825504607)
2025-01-29 01:02:50,544 INFO c.h.h.t.HelmChartContainer - [test-hivemq-platform] [hivemq] [4e0c1acd] INFO  - [HiveMQ Platform Operator Init App 1.7.0-SNAPSHOT] Waiting for extension ConfigMap sync (expected hash: 337402471) (current hash: 1825504607)
2025-01-29 01:02:50,704 INFO c.h.h.t.HelmChartContainer - [hivemq-test-hivemq-platform] [hivemq-platform-operator] [1117efae] 01:02:50.702 [pool-6-thread-46] DEBUG c.h.p.o.dependants.PodInfoConfigMap - [helmpods] Desired PodInfo ConfigMap (1 extensions) (1 enabled)
2025-01-29 01:02:50,705 INFO c.h.h.t.HelmChartContainer - [hivemq-test-hivemq-platform] [hivemq-platform-operator] [1117efae] 01:02:50.702 [pool-6-thread-46] DEBUG c.h.p.o.dependants.PodInfoConfigMap - [helmpods] Desired PodInfo ConfigMap (metrics port: 9399) (metrics path: /)
2025-01-29 01:02:50,705 INFO c.h.h.t.HelmChartContainer - [hivemq-test-hivemq-platform] [hivemq-platform-operator] [1117efae] 01:02:50.702 [pool-6-thread-46] DEBUG c.h.p.o.dependants.PodInfoConfigMap - [helmpods] Desired PodInfo ConfigMap (extension state hash: 337402471)
2025-01-29 01:02:50,705 INFO c.h.h.t.HelmChartContainer - [hivemq-test-hivemq-platform] [hivemq-platform-operator] [1117efae] 01:02:50.701 [pool-6-thread-41] DEBUG c.h.p.o.d.PlatformServiceResource - [helmpods] Desired Platform services (3 services)
2025-01-29 01:02:50,705 INFO c.h.h.t.HelmChartContainer - [hivemq-test-hivemq-platform] [hivemq-platform-operator] [1117efae] 01:02:50.704 [pool-6-thread-42] DEBUG c.h.p.o.d.PodServiceAccountResource - [helmpods] Desired PodServiceAccountResource (serviceAccountName: hivemq-platform-pod-test-hivemq-platform)
2025-01-29 01:02:50,709 INFO c.h.h.t.HelmChartContainer - [hivemq-test-hivemq-platform] [hivemq-platform-operator] [1117efae] 01:02:50.708 [pool-6-thread-41] DEBUG c.h.p.o.d.StatefulSetResource - [helmpods] Desired StatefulSet (1 replicas) for status RESTART_EXTENSIONS (WAIT_FOR_EXTENSION_RESTART)
2025-01-29 01:02:50,713 INFO c.h.h.t.HelmChartContainer - [hivemq-test-hivemq-platform] [hivemq-platform-operator] [1117efae] 01:02:50.712 [ReconcilerExecutor-hivemq-controller-118] INFO  c.h.p.o.HiveMQPlatformReconciler - [helmpods] Reconciling HiveMQ Platform 'test-hivemq-platform' in namespace 'helmpodsecuritycontextupgradeextensionit'
2025-01-29 01:02:50,714 INFO c.h.h.t.HelmChartContainer - [hivemq-test-hivemq-platform] [hivemq-platform-operator] [1117efae] 01:02:50.712 [ReconcilerExecutor-hivemq-controller-118] DEBUG c.h.p.o.HiveMQPlatformReconciler - [helmpods] Custom Resource Status RESTART_EXTENSIONS - HiveMQ Platform is waiting for extension restart (hivemq-distributed-tracing-extension) (WAIT_FOR_EXTENSION_RESTART)
2025-01-29 01:02:50,714 INFO c.h.h.t.HelmChartContainer - [hivemq-test-hivemq-platform] [hivemq-platform-operator] [1117efae] 01:02:50.712 [ReconcilerExecutor-hivemq-controller-118] DEBUG c.h.p.o.HiveMQPlatformReconciler - [helmpods] Custom Resource Spec (replicas: 1) (extensions: 1)
2025-01-29 01:02:50,716 INFO c.h.h.t.HelmChartContainer - [hivemq-test-hivemq-platform] [hivemq-platform-operator] [1117efae] 01:02:50.714 [ReconcilerExecutor-hivemq-controller-118] DEBUG c.h.p.o.HiveMQPlatformReconciler - [helmpods] StatefulSet Status (revision: test-hivemq-platform-f6cdc458c, replicas: 1, available: 1, ready: 1, current: 1, updated: 1)
2025-01-29 01:02:50,716 INFO c.h.h.t.HelmChartContainer - [hivemq-test-hivemq-platform] [hivemq-platform-operator] [1117efae] 01:02:50.714 [ReconcilerExecutor-hivemq-controller-118] DEBUG c.h.p.o.HiveMQPlatformReconciler - [helmpods] StatefulSet Spec (replicas: 1, init containers: 1, containers: 1, volumes: 4)
2025-01-29 01:02:50,716 INFO c.h.h.t.HelmChartContainer - [hivemq-test-hivemq-platform] [hivemq-platform-operator] [1117efae] 01:02:50.715 [ReconcilerExecutor-hivemq-controller-118] DEBUG c.h.p.o.h.HiveMQPlatformReconcilerErrorHandler - [helmpods] Pod 'test-hivemq-platform-0' phase Running
2025-01-29 01:02:50,782 INFO c.h.h.t.HelmChartContainer - [hivemq-test-hivemq-platform] [hivemq-platform-operator] [1117efae] 01:02:50.781 [ReconcilerExecutor-hivemq-controller-118] DEBUG c.h.p.o.h.HiveMQPlatformReconcilerRestartExtensionsHandler - [helmpods] Checking update extension status on Pod 'test-hivemq-platform-0'
2025-01-29 01:02:50,833 INFO c.h.h.t.HelmChartContainer - [test-hivemq-platform] [hivemq] [4e0c1acd] INFO  - [HiveMQ Platform Operator Init App 1.7.0-SNAPSHOT] Extension update is pending (0 errors)
2025-01-29 01:02:50,882 INFO c.h.h.t.HelmChartContainer - [hivemq-test-hivemq-platform] [hivemq-platform-operator] [1117efae] 01:02:50.881 [vert.x-eventloop-thread-0] DEBUG c.h.platform.operator.util.PodUtil - Received status for command '[curl, -s, http://10.42.0.8:7979/updateExtensionStatus]' on Pod 'test-hivemq-platform-0' (exit code: 0)
2025-01-29 01:02:51,545 INFO c.h.h.t.HelmChartContainer - [test-hivemq-platform] [hivemq] [4e0c1acd] INFO  - [HiveMQ Platform Operator Init App 1.7.0-SNAPSHOT] Waiting for extension ConfigMap sync (expected hash: 337402471) (current hash: 1825504607)
2025-01-29 01:02:51,887 INFO c.h.h.t.HelmChartContainer - [hivemq-test-hivemq-platform] [hivemq-platform-operator] [1117efae] 01:02:51.883 [pool-6-thread-6] DEBUG c.h.p.o.d.PlatformServiceResource - [helmpods] Desired Platform services (3 services)
2025-01-29 01:02:51,888 INFO c.h.h.t.HelmChartContainer - [hivemq-test-hivemq-platform] [hivemq-platform-operator] [1117efae] 01:02:51.884 [pool-6-thread-8] DEBUG c.h.p.o.d.PodServiceAccountResource - [helmpods] Desired PodServiceAccountResource (serviceAccountName: hivemq-platform-pod-test-hivemq-platform)
2025-01-29 01:02:51,888 INFO c.h.h.t.HelmChartContainer - [hivemq-test-hivemq-platform] [hivemq-platform-operator] [1117efae] 01:02:51.886 [pool-6-thread-3] DEBUG c.h.p.o.dependants.PodInfoConfigMap - [helmpods] Desired PodInfo ConfigMap (1 extensions) (1 enabled)
2025-01-29 01:02:51,888 INFO c.h.h.t.HelmChartContainer - [hivemq-test-hivemq-platform] [hivemq-platform-operator] [1117efae] 01:02:51.886 [pool-6-thread-3] DEBUG c.h.p.o.dependants.PodInfoConfigMap - [helmpods] Desired PodInfo ConfigMap (metrics port: 9399) (metrics path: /)
2025-01-29 01:02:51,888 INFO c.h.h.t.HelmChartContainer - [hivemq-test-hivemq-platform] [hivemq-platform-operator] [1117efae] 01:02:51.886 [pool-6-thread-3] DEBUG c.h.p.o.dependants.PodInfoConfigMap - [helmpods] Desired PodInfo ConfigMap (extension state hash: 337402471)
2025-01-29 01:02:51,890 INFO c.h.h.t.HelmChartContainer - [hivemq-test-hivemq-platform] [hivemq-platform-operator] [1117efae] 01:02:51.889 [pool-6-thread-6] DEBUG c.h.p.o.d.StatefulSetResource - [helmpods] Desired StatefulSet (1 replicas) for status RESTART_EXTENSIONS (WAIT_FOR_EXTENSION_RESTART)
2025-01-29 01:02:51,895 INFO c.h.h.t.HelmChartContainer - [hivemq-test-hivemq-platform] [hivemq-platform-operator] [1117efae] 01:02:51.894 [ReconcilerExecutor-hivemq-controller-119] INFO  c.h.p.o.HiveMQPlatformReconciler - [helmpods] Reconciling HiveMQ Platform 'test-hivemq-platform' in namespace 'helmpodsecuritycontextupgradeextensionit'
2025-01-29 01:02:51,895 INFO c.h.h.t.HelmChartContainer - [hivemq-test-hivemq-platform] [hivemq-platform-operator] [1117efae] 01:02:51.894 [ReconcilerExecutor-hivemq-controller-119] DEBUG c.h.p.o.HiveMQPlatformReconciler - [helmpods] Custom Resource Status RESTART_EXTENSIONS - HiveMQ Platform is waiting for extension restart (hivemq-distributed-tracing-extension) (WAIT_FOR_EXTENSION_RESTART)
2025-01-29 01:02:51,896 INFO c.h.h.t.HelmChartContainer - [hivemq-test-hivemq-platform] [hivemq-platform-operator] [1117efae] 01:02:51.894 [ReconcilerExecutor-hivemq-controller-119] DEBUG c.h.p.o.HiveMQPlatformReconciler - [helmpods] Custom Resource Spec (replicas: 1) (extensions: 1)
2025-01-29 01:02:51,897 INFO c.h.h.t.HelmChartContainer - [hivemq-test-hivemq-platform] [hivemq-platform-operator] [1117efae] 01:02:51.896 [ReconcilerExecutor-hivemq-controller-119] DEBUG c.h.p.o.HiveMQPlatformReconciler - [helmpods] StatefulSet Status (revision: test-hivemq-platform-f6cdc458c, replicas: 1, available: 1, ready: 1, current: 1, updated: 1)
2025-01-29 01:02:51,898 INFO c.h.h.t.HelmChartContainer - [hivemq-test-hivemq-platform] [hivemq-platform-operator] [1117efae] 01:02:51.897 [ReconcilerExecutor-hivemq-controller-119] DEBUG c.h.p.o.HiveMQPlatformReconciler - [helmpods] StatefulSet Spec (replicas: 1, init containers: 1, containers: 1, volumes: 4)
2025-01-29 01:02:51,899 INFO c.h.h.t.HelmChartContainer - [hivemq-test-hivemq-platform] [hivemq-platform-operator] [1117efae] 01:02:51.898 [ReconcilerExecutor-hivemq-controller-119] DEBUG c.h.p.o.h.HiveMQPlatformReconcilerErrorHandler - [helmpods] Pod 'test-hivemq-platform-0' phase Running
2025-01-29 01:02:51,900 INFO c.h.h.t.HelmChartContainer - [hivemq-test-hivemq-platform] [hivemq-platform-operator] [1117efae] 01:02:51.899 [ReconcilerExecutor-hivemq-controller-119] INFO  c.h.p.o.h.HiveMQPlatformReconcilerRestartExtensionsHandler - [helmpods] Extension update on Pod 'test-hivemq-platform-0' is still pending
2025-01-29 01:02:52,545 INFO c.h.h.t.HelmChartContainer - [test-hivemq-platform] [hivemq] [4e0c1acd] INFO  - [HiveMQ Platform Operator Init App 1.7.0-SNAPSHOT] Waiting for extension ConfigMap sync (expected hash: 337402471) (current hash: 1825504607)
2025-01-29 01:02:53,546 INFO c.h.h.t.HelmChartContainer - [test-hivemq-platform] [hivemq] [4e0c1acd] INFO  - [HiveMQ Platform Operator Init App 1.7.0-SNAPSHOT] Waiting for extension ConfigMap sync (expected hash: 337402471) (current hash: 1825504607)
2025-01-29 01:02:54,546 INFO c.h.h.t.HelmChartContainer - [test-hivemq-platform] [hivemq] [4e0c1acd] INFO  - [HiveMQ Platform Operator Init App 1.7.0-SNAPSHOT] Waiting for extension ConfigMap sync (expected hash: 337402471) (current hash: 1825504607)
2025-01-29 01:02:55,547 INFO c.h.h.t.HelmChartContainer - [test-hivemq-platform] [hivemq] [4e0c1acd] INFO  - [HiveMQ Platform Operator Init App 1.7.0-SNAPSHOT] Waiting for extension ConfigMap sync (expected hash: 337402471) (current hash: 1825504607)
2025-01-29 01:02:56,547 INFO c.h.h.t.HelmChartContainer - [test-hivemq-platform] [hivemq] [4e0c1acd] INFO  - [HiveMQ Platform Operator Init App 1.7.0-SNAPSHOT] Waiting for extension ConfigMap sync (expected hash: 337402471) (current hash: 1825504607)
2025-01-29 01:02:57,548 INFO c.h.h.t.HelmChartContainer - [test-hivemq-platform] [hivemq] [4e0c1acd] INFO  - [HiveMQ Platform Operator Init App 1.7.0-SNAPSHOT] Waiting for extension ConfigMap sync (expected hash: 337402471) (current hash: 1825504607)
2025-01-29 01:02:58,548 INFO c.h.h.t.HelmChartContainer - [test-hivemq-platform] [hivemq] [4e0c1acd] INFO  - [HiveMQ Platform Operator Init App 1.7.0-SNAPSHOT] Waiting for extension ConfigMap sync (expected hash: 337402471) (current hash: 1825504607)
2025-01-29 01:02:59,549 INFO c.h.h.t.HelmChartContainer - [test-hivemq-platform] [hivemq] [4e0c1acd] INFO  - [HiveMQ Platform Operator Init App 1.7.0-SNAPSHOT] Waiting for extension ConfigMap sync (expected hash: 337402471) (current hash: 1825504607)
2025-01-29 01:03:00,549 INFO c.h.h.t.HelmChartContainer - [test-hivemq-platform] [hivemq] [4e0c1acd] INFO  - [HiveMQ Platform Operator Init App 1.7.0-SNAPSHOT] Waiting for extension ConfigMap sync (expected hash: 337402471) (current hash: 1825504607)
2025-01-29 01:03:01,550 INFO c.h.h.t.HelmChartContainer - [test-hivemq-platform] [hivemq] [4e0c1acd] INFO  - [HiveMQ Platform Operator Init App 1.7.0-SNAPSHOT] Waiting for extension ConfigMap sync (expected hash: 337402471) (current hash: 1825504607)
2025-01-29 01:03:01,905 INFO c.h.h.t.HelmChartContainer - [hivemq-test-hivemq-platform] [hivemq-platform-operator] [1117efae] 01:03:01.902 [pool-6-thread-19] DEBUG c.h.p.o.d.PlatformServiceResource - [helmpods] Desired Platform services (3 services)
2025-01-29 01:03:01,907 INFO c.h.h.t.HelmChartContainer - [hivemq-test-hivemq-platform] [hivemq-platform-operator] [1117efae] 01:03:01.903 [pool-6-thread-12] DEBUG c.h.p.o.d.PodServiceAccountResource - [helmpods] Desired PodServiceAccountResource (serviceAccountName: hivemq-platform-pod-test-hivemq-platform)
2025-01-29 01:03:01,907 INFO c.h.h.t.HelmChartContainer - [hivemq-test-hivemq-platform] [hivemq-platform-operator] [1117efae] 01:03:01.904 [pool-6-thread-14] DEBUG c.h.p.o.dependants.PodInfoConfigMap - [helmpods] Desired PodInfo ConfigMap (1 extensions) (1 enabled)
2025-01-29 01:03:01,907 INFO c.h.h.t.HelmChartContainer - [hivemq-test-hivemq-platform] [hivemq-platform-operator] [1117efae] 01:03:01.904 [pool-6-thread-14] DEBUG c.h.p.o.dependants.PodInfoConfigMap - [helmpods] Desired PodInfo ConfigMap (metrics port: 9399) (metrics path: /)
2025-01-29 01:03:01,907 INFO c.h.h.t.HelmChartContainer - [hivemq-test-hivemq-platform] [hivemq-platform-operator] [1117efae] 01:03:01.904 [pool-6-thread-14] DEBUG c.h.p.o.dependants.PodInfoConfigMap - [helmpods] Desired PodInfo ConfigMap (extension state hash: 337402471)
2025-01-29 01:03:01,907 INFO c.h.h.t.HelmChartContainer - [hivemq-test-hivemq-platform] [hivemq-platform-operator] [1117efae] 01:03:01.907 [pool-6-thread-19] DEBUG c.h.p.o.d.StatefulSetResource - [helmpods] Desired StatefulSet (1 replicas) for status RESTART_EXTENSIONS (WAIT_FOR_EXTENSION_RESTART)
2025-01-29 01:03:01,912 INFO c.h.h.t.HelmChartContainer - [hivemq-test-hivemq-platform] [hivemq-platform-operator] [1117efae] 01:03:01.910 [ReconcilerExecutor-hivemq-controller-120] INFO  c.h.p.o.HiveMQPlatformReconciler - [helmpods] Reconciling HiveMQ Platform 'test-hivemq-platform' in namespace 'helmpodsecuritycontextupgradeextensionit'
2025-01-29 01:03:01,912 INFO c.h.h.t.HelmChartContainer - [hivemq-test-hivemq-platform] [hivemq-platform-operator] [1117efae] 01:03:01.910 [ReconcilerExecutor-hivemq-controller-120] DEBUG c.h.p.o.HiveMQPlatformReconciler - [helmpods] Custom Resource Status RESTART_EXTENSIONS - HiveMQ Platform is waiting for extension restart (hivemq-distributed-tracing-extension) (WAIT_FOR_EXTENSION_RESTART)
2025-01-29 01:03:01,912 INFO c.h.h.t.HelmChartContainer - [hivemq-test-hivemq-platform] [hivemq-platform-operator] [1117efae] 01:03:01.910 [ReconcilerExecutor-hivemq-controller-120] DEBUG c.h.p.o.HiveMQPlatformReconciler - [helmpods] Custom Resource Spec (replicas: 1) (extensions: 1)
2025-01-29 01:03:01,912 INFO c.h.h.t.HelmChartContainer - [hivemq-test-hivemq-platform] [hivemq-platform-operator] [1117efae] 01:03:01.912 [ReconcilerExecutor-hivemq-controller-120] DEBUG c.h.p.o.HiveMQPlatformReconciler - [helmpods] StatefulSet Status (revision: test-hivemq-platform-f6cdc458c, replicas: 1, available: 1, ready: 1, current: 1, updated: 1)
2025-01-29 01:03:01,913 INFO c.h.h.t.HelmChartContainer - [hivemq-test-hivemq-platform] [hivemq-platform-operator] [1117efae] 01:03:01.912 [ReconcilerExecutor-hivemq-controller-120] DEBUG c.h.p.o.HiveMQPlatformReconciler - [helmpods] StatefulSet Spec (replicas: 1, init containers: 1, containers: 1, volumes: 4)
2025-01-29 01:03:01,915 INFO c.h.h.t.HelmChartContainer - [hivemq-test-hivemq-platform] [hivemq-platform-operator] [1117efae] 01:03:01.913 [ReconcilerExecutor-hivemq-controller-120] DEBUG c.h.p.o.h.HiveMQPlatformReconcilerErrorHandler - [helmpods] Pod 'test-hivemq-platform-0' phase Running
2025-01-29 01:03:01,924 INFO c.h.h.t.HelmChartContainer - [hivemq-test-hivemq-platform] [hivemq-platform-operator] [1117efae] 01:03:01.922 [ReconcilerExecutor-hivemq-controller-120] DEBUG c.h.p.o.h.HiveMQPlatformReconcilerRestartExtensionsHandler - [helmpods] Checking update extension status on Pod 'test-hivemq-platform-0'
2025-01-29 01:03:02,020 INFO c.h.h.t.HelmChartContainer - [test-hivemq-platform] [hivemq] [4e0c1acd] INFO  - [HiveMQ Platform Operator Init App 1.7.0-SNAPSHOT] Extension update is pending (0 errors)
2025-01-29 01:03:02,023 INFO c.h.h.t.HelmChartContainer - [hivemq-test-hivemq-platform] [hivemq-platform-operator] [1117efae] 01:03:02.023 [vert.x-eventloop-thread-1] DEBUG c.h.platform.operator.util.PodUtil - Received status for command '[curl, -s, http://10.42.0.8:7979/updateExtensionStatus]' on Pod 'test-hivemq-platform-0' (exit code: 0)
2025-01-29 01:03:02,556 INFO c.h.h.t.HelmChartContainer - [test-hivemq-platform] [hivemq] [4e0c1acd] INFO  - [HiveMQ Platform Operator Init App 1.7.0-SNAPSHOT] Waiting for extension ConfigMap sync (expected hash: 337402471) (current hash: 1825504607)
2025-01-29 01:03:03,002 INFO c.h.h.t.HelmChartContainer - [hivemq-test-hivemq-platform] [hivemq-platform-operator] [1117efae] 01:03:02.998 [pool-6-thread-27] DEBUG c.h.p.o.d.PlatformServiceResource - [helmpods] Desired Platform services (3 services)
2025-01-29 01:03:03,002 INFO c.h.h.t.HelmChartContainer - [hivemq-test-hivemq-platform] [hivemq-platform-operator] [1117efae] 01:03:02.999 [pool-6-thread-22] DEBUG c.h.p.o.dependants.PodInfoConfigMap - [helmpods] Desired PodInfo ConfigMap (1 extensions) (1 enabled)
2025-01-29 01:03:03,002 INFO c.h.h.t.HelmChartContainer - [hivemq-test-hivemq-platform] [hivemq-platform-operator] [1117efae] 01:03:02.999 [pool-6-thread-22] DEBUG c.h.p.o.dependants.PodInfoConfigMap - [helmpods] Desired PodInfo ConfigMap (metrics port: 9399) (metrics path: /)
2025-01-29 01:03:03,002 INFO c.h.h.t.HelmChartContainer - [hivemq-test-hivemq-platform] [hivemq-platform-operator] [1117efae] 01:03:02.999 [pool-6-thread-22] DEBUG c.h.p.o.dependants.PodInfoConfigMap - [helmpods] Desired PodInfo ConfigMap (extension state hash: 337402471)
2025-01-29 01:03:03,002 INFO c.h.h.t.HelmChartContainer - [hivemq-test-hivemq-platform] [hivemq-platform-operator] [1117efae] 01:03:03.000 [pool-6-thread-21] DEBUG c.h.p.o.d.PodServiceAccountResource - [helmpods] Desired PodServiceAccountResource (serviceAccountName: hivemq-platform-pod-test-hivemq-platform)
2025-01-29 01:03:03,004 INFO c.h.h.t.HelmChartContainer - [hivemq-test-hivemq-platform] [hivemq-platform-operator] [1117efae] 01:03:03.003 [pool-6-thread-27] DEBUG c.h.p.o.d.StatefulSetResource - [helmpods] Desired StatefulSet (1 replicas) for status RESTART_EXTENSIONS (WAIT_FOR_EXTENSION_RESTART)
2025-01-29 01:03:03,008 INFO c.h.h.t.HelmChartContainer - [hivemq-test-hivemq-platform] [hivemq-platform-operator] [1117efae] 01:03:03.007 [ReconcilerExecutor-hivemq-controller-121] INFO  c.h.p.o.HiveMQPlatformReconciler - [helmpods] Reconciling HiveMQ Platform 'test-hivemq-platform' in namespace 'helmpodsecuritycontextupgradeextensionit'
2025-01-29 01:03:03,008 INFO c.h.h.t.HelmChartContainer - [hivemq-test-hivemq-platform] [hivemq-platform-operator] [1117efae] 01:03:03.007 [ReconcilerExecutor-hivemq-controller-121] DEBUG c.h.p.o.HiveMQPlatformReconciler - [helmpods] Custom Resource Status RESTART_EXTENSIONS - HiveMQ Platform is waiting for extension restart (hivemq-distributed-tracing-extension) (WAIT_FOR_EXTENSION_RESTART)
2025-01-29 01:03:03,008 INFO c.h.h.t.HelmChartContainer - [hivemq-test-hivemq-platform] [hivemq-platform-operator] [1117efae] 01:03:03.007 [ReconcilerExecutor-hivemq-controller-121] DEBUG c.h.p.o.HiveMQPlatformReconciler - [helmpods] Custom Resource Spec (replicas: 1) (extensions: 1)
2025-01-29 01:03:03,010 INFO c.h.h.t.HelmChartContainer - [hivemq-test-hivemq-platform] [hivemq-platform-operator] [1117efae] 01:03:03.009 [ReconcilerExecutor-hivemq-controller-121] DEBUG c.h.p.o.HiveMQPlatformReconciler - [helmpods] StatefulSet Status (revision: test-hivemq-platform-f6cdc458c, replicas: 1, available: 1, ready: 1, current: 1, updated: 1)
2025-01-29 01:03:03,011 INFO c.h.h.t.HelmChartContainer - [hivemq-test-hivemq-platform] [hivemq-platform-operator] [1117efae] 01:03:03.009 [ReconcilerExecutor-hivemq-controller-121] DEBUG c.h.p.o.HiveMQPlatformReconciler - [helmpods] StatefulSet Spec (replicas: 1, init containers: 1, containers: 1, volumes: 4)
2025-01-29 01:03:03,012 INFO c.h.h.t.HelmChartContainer - [hivemq-test-hivemq-platform] [hivemq-platform-operator] [1117efae] 01:03:03.010 [ReconcilerExecutor-hivemq-controller-121] DEBUG c.h.p.o.h.HiveMQPlatformReconcilerErrorHandler - [helmpods] Pod 'test-hivemq-platform-0' phase Running
2025-01-29 01:03:03,012 INFO c.h.h.t.HelmChartContainer - [hivemq-test-hivemq-platform] [hivemq-platform-operator] [1117efae] 01:03:03.011 [ReconcilerExecutor-hivemq-controller-121] INFO  c.h.p.o.h.HiveMQPlatformReconcilerRestartExtensionsHandler - [helmpods] Extension update on Pod 'test-hivemq-platform-0' is still pending
2025-01-29 01:03:03,556 INFO c.h.h.t.HelmChartContainer - [test-hivemq-platform] [hivemq] [4e0c1acd] INFO  - [HiveMQ Platform Operator Init App 1.7.0-SNAPSHOT] Waiting for extension ConfigMap sync (expected hash: 337402471) (current hash: 1825504607)
2025-01-29 01:03:04,557 INFO c.h.h.t.HelmChartContainer - [test-hivemq-platform] [hivemq] [4e0c1acd] INFO  - [HiveMQ Platform Operator Init App 1.7.0-SNAPSHOT] Waiting for extension ConfigMap sync (expected hash: 337402471) (current hash: 1825504607)
2025-01-29 01:03:05,557 INFO c.h.h.t.HelmChartContainer - [test-hivemq-platform] [hivemq] [4e0c1acd] INFO  - [HiveMQ Platform Operator Init App 1.7.0-SNAPSHOT] Waiting for extension ConfigMap sync (expected hash: 337402471) (current hash: 1825504607)
2025-01-29 01:03:06,558 INFO c.h.h.t.HelmChartContainer - [test-hivemq-platform] [hivemq] [4e0c1acd] INFO  - [HiveMQ Platform Operator Init App 1.7.0-SNAPSHOT] Waiting for extension ConfigMap sync (expected hash: 337402471) (current hash: 1825504607)
2025-01-29 01:03:07,558 INFO c.h.h.t.HelmChartContainer - [test-hivemq-platform] [hivemq] [4e0c1acd] INFO  - [HiveMQ Platform Operator Init App 1.7.0-SNAPSHOT] Waiting for extension ConfigMap sync (expected hash: 337402471) (current hash: 1825504607)
2025-01-29 01:03:08,559 INFO c.h.h.t.HelmChartContainer - [test-hivemq-platform] [hivemq] [4e0c1acd] INFO  - [HiveMQ Platform Operator Init App 1.7.0-SNAPSHOT] Waiting for extension ConfigMap sync (expected hash: 337402471) (current hash: 1825504607)
2025-01-29 01:03:09,559 INFO c.h.h.t.HelmChartContainer - [test-hivemq-platform] [hivemq] [4e0c1acd] INFO  - [HiveMQ Platform Operator Init App 1.7.0-SNAPSHOT] Waiting for extension ConfigMap sync (expected hash: 337402471) (current hash: 1825504607)
2025-01-29 01:03:10,560 INFO c.h.h.t.HelmChartContainer - [test-hivemq-platform] [hivemq] [4e0c1acd] INFO  - [HiveMQ Platform Operator Init App 1.7.0-SNAPSHOT] Waiting for extension ConfigMap sync (expected hash: 337402471) (current hash: 1825504607)
2025-01-29 01:03:11,560 INFO c.h.h.t.HelmChartContainer - [test-hivemq-platform] [hivemq] [4e0c1acd] INFO  - [HiveMQ Platform Operator Init App 1.7.0-SNAPSHOT] Waiting for extension ConfigMap sync (expected hash: 337402471) (current hash: 1825504607)
2025-01-29 01:03:12,561 INFO c.h.h.t.HelmChartContainer - [test-hivemq-platform] [hivemq] [4e0c1acd] INFO  - [HiveMQ Platform Operator Init App 1.7.0-SNAPSHOT] Waiting for extension ConfigMap sync (expected hash: 337402471) (current hash: 1825504607)
2025-01-29 01:03:13,017 INFO c.h.h.t.HelmChartContainer - [hivemq-test-hivemq-platform] [hivemq-platform-operator] [1117efae] 01:03:13.014 [pool-6-thread-32] DEBUG c.h.p.o.d.PlatformServiceResource - [helmpods] Desired Platform services (3 services)
2025-01-29 01:03:13,017 INFO c.h.h.t.HelmChartContainer - [hivemq-test-hivemq-platform] [hivemq-platform-operator] [1117efae] 01:03:13.015 [pool-6-thread-31] DEBUG c.h.p.o.dependants.PodInfoConfigMap - [helmpods] Desired PodInfo ConfigMap (1 extensions) (1 enabled)
2025-01-29 01:03:13,017 INFO c.h.h.t.HelmChartContainer - [hivemq-test-hivemq-platform] [hivemq-platform-operator] [1117efae] 01:03:13.015 [pool-6-thread-31] DEBUG c.h.p.o.dependants.PodInfoConfigMap - [helmpods] Desired PodInfo ConfigMap (metrics port: 9399) (metrics path: /)
2025-01-29 01:03:13,017 INFO c.h.h.t.HelmChartContainer - [hivemq-test-hivemq-platform] [hivemq-platform-operator] [1117efae] 01:03:13.015 [pool-6-thread-31] DEBUG c.h.p.o.dependants.PodInfoConfigMap - [helmpods] Desired PodInfo ConfigMap (extension state hash: 337402471)
2025-01-29 01:03:13,019 INFO c.h.h.t.HelmChartContainer - [hivemq-test-hivemq-platform] [hivemq-platform-operator] [1117efae] 01:03:13.017 [pool-6-thread-31] DEBUG c.h.p.o.d.PodServiceAccountResource - [helmpods] Desired PodServiceAccountResource (serviceAccountName: hivemq-platform-pod-test-hivemq-platform)
2025-01-29 01:03:13,023 INFO c.h.h.t.HelmChartContainer - [hivemq-test-hivemq-platform] [hivemq-platform-operator] [1117efae] 01:03:13.022 [pool-6-thread-32] DEBUG c.h.p.o.d.StatefulSetResource - [helmpods] Desired StatefulSet (1 replicas) for status RESTART_EXTENSIONS (WAIT_FOR_EXTENSION_RESTART)
2025-01-29 01:03:13,025 INFO c.h.h.t.HelmChartContainer - [hivemq-test-hivemq-platform] [hivemq-platform-operator] [1117efae] 01:03:13.025 [ReconcilerExecutor-hivemq-controller-122] INFO  c.h.p.o.HiveMQPlatformReconciler - [helmpods] Reconciling HiveMQ Platform 'test-hivemq-platform' in namespace 'helmpodsecuritycontextupgradeextensionit'
2025-01-29 01:03:13,027 INFO c.h.h.t.HelmChartContainer - [hivemq-test-hivemq-platform] [hivemq-platform-operator] [1117efae] 01:03:13.025 [ReconcilerExecutor-hivemq-controller-122] DEBUG c.h.p.o.HiveMQPlatformReconciler - [helmpods] Custom Resource Status RESTART_EXTENSIONS - HiveMQ Platform is waiting for extension restart (hivemq-distributed-tracing-extension) (WAIT_FOR_EXTENSION_RESTART)
2025-01-29 01:03:13,027 INFO c.h.h.t.HelmChartContainer - [hivemq-test-hivemq-platform] [hivemq-platform-operator] [1117efae] 01:03:13.025 [ReconcilerExecutor-hivemq-controller-122] DEBUG c.h.p.o.HiveMQPlatformReconciler - [helmpods] Custom Resource Spec (replicas: 1) (extensions: 1)
2025-01-29 01:03:13,029 INFO c.h.h.t.HelmChartContainer - [hivemq-test-hivemq-platform] [hivemq-platform-operator] [1117efae] 01:03:13.028 [ReconcilerExecutor-hivemq-controller-122] DEBUG c.h.p.o.HiveMQPlatformReconciler - [helmpods] StatefulSet Status (revision: test-hivemq-platform-f6cdc458c, replicas: 1, available: 1, ready: 1, current: 1, updated: 1)
2025-01-29 01:03:13,029 INFO c.h.h.t.HelmChartContainer - [hivemq-test-hivemq-platform] [hivemq-platform-operator] [1117efae] 01:03:13.028 [ReconcilerExecutor-hivemq-controller-122] DEBUG c.h.p.o.HiveMQPlatformReconciler - [helmpods] StatefulSet Spec (replicas: 1, init containers: 1, containers: 1, volumes: 4)
2025-01-29 01:03:13,030 INFO c.h.h.t.HelmChartContainer - [hivemq-test-hivemq-platform] [hivemq-platform-operator] [1117efae] 01:03:13.030 [ReconcilerExecutor-hivemq-controller-122] DEBUG c.h.p.o.h.HiveMQPlatformReconcilerErrorHandler - [helmpods] Pod 'test-hivemq-platform-0' phase Running
2025-01-29 01:03:13,037 INFO c.h.h.t.HelmChartContainer - [hivemq-test-hivemq-platform] [hivemq-platform-operator] [1117efae] 01:03:13.036 [ReconcilerExecutor-hivemq-controller-122] DEBUG c.h.p.o.h.HiveMQPlatformReconcilerRestartExtensionsHandler - [helmpods] Checking update extension status on Pod 'test-hivemq-platform-0'
2025-01-29 01:03:13,131 INFO c.h.h.t.HelmChartContainer - [test-hivemq-platform] [hivemq] [4e0c1acd] INFO  - [HiveMQ Platform Operator Init App 1.7.0-SNAPSHOT] Extension update is pending (0 errors)
2025-01-29 01:03:13,134 INFO c.h.h.t.HelmChartContainer - [hivemq-test-hivemq-platform] [hivemq-platform-operator] [1117efae] 01:03:13.134 [vert.x-eventloop-thread-0] DEBUG c.h.platform.operator.util.PodUtil - Received status for command '[curl, -s, http://10.42.0.8:7979/updateExtensionStatus]' on Pod 'test-hivemq-platform-0' (exit code: 0)
2025-01-29 01:03:13,561 INFO c.h.h.t.HelmChartContainer - [test-hivemq-platform] [hivemq] [4e0c1acd] INFO  - [HiveMQ Platform Operator Init App 1.7.0-SNAPSHOT] Waiting for extension ConfigMap sync (expected hash: 337402471) (current hash: 1825504607)
2025-01-29 01:03:14,112 INFO c.h.h.t.HelmChartContainer - [hivemq-test-hivemq-platform] [hivemq-platform-operator] [1117efae] 01:03:14.110 [pool-6-thread-49] DEBUG c.h.p.o.d.PlatformServiceResource - [helmpods] Desired Platform services (3 services)
2025-01-29 01:03:14,112 INFO c.h.h.t.HelmChartContainer - [hivemq-test-hivemq-platform] [hivemq-platform-operator] [1117efae] 01:03:14.110 [pool-6-thread-44] DEBUG c.h.p.o.dependants.PodInfoConfigMap - [helmpods] Desired PodInfo ConfigMap (1 extensions) (1 enabled)
2025-01-29 01:03:14,112 INFO c.h.h.t.HelmChartContainer - [hivemq-test-hivemq-platform] [hivemq-platform-operator] [1117efae] 01:03:14.110 [pool-6-thread-44] DEBUG c.h.p.o.dependants.PodInfoConfigMap - [helmpods] Desired PodInfo ConfigMap (metrics port: 9399) (metrics path: /)
2025-01-29 01:03:14,112 INFO c.h.h.t.HelmChartContainer - [hivemq-test-hivemq-platform] [hivemq-platform-operator] [1117efae] 01:03:14.110 [pool-6-thread-44] DEBUG c.h.p.o.dependants.PodInfoConfigMap - [helmpods] Desired PodInfo ConfigMap (extension state hash: 337402471)
2025-01-29 01:03:14,113 INFO c.h.h.t.HelmChartContainer - [hivemq-test-hivemq-platform] [hivemq-platform-operator] [1117efae] 01:03:14.111 [pool-6-thread-43] DEBUG c.h.p.o.d.PodServiceAccountResource - [helmpods] Desired PodServiceAccountResource (serviceAccountName: hivemq-platform-pod-test-hivemq-platform)
2025-01-29 01:03:14,117 INFO c.h.h.t.HelmChartContainer - [hivemq-test-hivemq-platform] [hivemq-platform-operator] [1117efae] 01:03:14.116 [pool-6-thread-49] DEBUG c.h.p.o.d.StatefulSetResource - [helmpods] Desired StatefulSet (1 replicas) for status RESTART_EXTENSIONS (WAIT_FOR_EXTENSION_RESTART)
2025-01-29 01:03:14,119 INFO c.h.h.t.HelmChartContainer - [hivemq-test-hivemq-platform] [hivemq-platform-operator] [1117efae] 01:03:14.119 [ReconcilerExecutor-hivemq-controller-123] INFO  c.h.p.o.HiveMQPlatformReconciler - [helmpods] Reconciling HiveMQ Platform 'test-hivemq-platform' in namespace 'helmpodsecuritycontextupgradeextensionit'
2025-01-29 01:03:14,121 INFO c.h.h.t.HelmChartContainer - [hivemq-test-hivemq-platform] [hivemq-platform-operator] [1117efae] 01:03:14.119 [ReconcilerExecutor-hivemq-controller-123] DEBUG c.h.p.o.HiveMQPlatformReconciler - [helmpods] Custom Resource Status RESTART_EXTENSIONS - HiveMQ Platform is waiting for extension restart (hivemq-distributed-tracing-extension) (WAIT_FOR_EXTENSION_RESTART)
2025-01-29 01:03:14,121 INFO c.h.h.t.HelmChartContainer - [hivemq-test-hivemq-platform] [hivemq-platform-operator] [1117efae] 01:03:14.119 [ReconcilerExecutor-hivemq-controller-123] DEBUG c.h.p.o.HiveMQPlatformReconciler - [helmpods] Custom Resource Spec (replicas: 1) (extensions: 1)
2025-01-29 01:03:14,122 INFO c.h.h.t.HelmChartContainer - [hivemq-test-hivemq-platform] [hivemq-platform-operator] [1117efae] 01:03:14.121 [ReconcilerExecutor-hivemq-controller-123] DEBUG c.h.p.o.HiveMQPlatformReconciler - [helmpods] StatefulSet Status (revision: test-hivemq-platform-f6cdc458c, replicas: 1, available: 1, ready: 1, current: 1, updated: 1)
2025-01-29 01:03:14,122 INFO c.h.h.t.HelmChartContainer - [hivemq-test-hivemq-platform] [hivemq-platform-operator] [1117efae] 01:03:14.121 [ReconcilerExecutor-hivemq-controller-123] DEBUG c.h.p.o.HiveMQPlatformReconciler - [helmpods] StatefulSet Spec (replicas: 1, init containers: 1, containers: 1, volumes: 4)
2025-01-29 01:03:14,123 INFO c.h.h.t.HelmChartContainer - [hivemq-test-hivemq-platform] [hivemq-platform-operator] [1117efae] 01:03:14.123 [ReconcilerExecutor-hivemq-controller-123] DEBUG c.h.p.o.h.HiveMQPlatformReconcilerErrorHandler - [helmpods] Pod 'test-hivemq-platform-0' phase Running
2025-01-29 01:03:14,124 INFO c.h.h.t.HelmChartContainer - [hivemq-test-hivemq-platform] [hivemq-platform-operator] [1117efae] 01:03:14.124 [ReconcilerExecutor-hivemq-controller-123] INFO  c.h.p.o.h.HiveMQPlatformReconcilerRestartExtensionsHandler - [helmpods] Extension update on Pod 'test-hivemq-platform-0' is still pending
2025-01-29 01:03:14,562 INFO c.h.h.t.HelmChartContainer - [test-hivemq-platform] [hivemq] [4e0c1acd] INFO  - [HiveMQ Platform Operator Init App 1.7.0-SNAPSHOT] Waiting for extension ConfigMap sync (expected hash: 337402471) (current hash: 1825504607)
2025-01-29 01:03:15,562 INFO c.h.h.t.HelmChartContainer - [test-hivemq-platform] [hivemq] [4e0c1acd] INFO  - [HiveMQ Platform Operator Init App 1.7.0-SNAPSHOT] Waiting for extension ConfigMap sync (expected hash: 337402471) (current hash: 1825504607)
2025-01-29 01:03:16,563 INFO c.h.h.t.HelmChartContainer - [test-hivemq-platform] [hivemq] [4e0c1acd] INFO  - [HiveMQ Platform Operator Init App 1.7.0-SNAPSHOT] Waiting for extension ConfigMap sync (expected hash: 337402471) (current hash: 1825504607)
2025-01-29 01:03:17,563 INFO c.h.h.t.HelmChartContainer - [test-hivemq-platform] [hivemq] [4e0c1acd] INFO  - [HiveMQ Platform Operator Init App 1.7.0-SNAPSHOT] Waiting for extension ConfigMap sync (expected hash: 337402471) (current hash: 1825504607)
2025-01-29 01:03:18,564 INFO c.h.h.t.HelmChartContainer - [test-hivemq-platform] [hivemq] [4e0c1acd] INFO  - [HiveMQ Platform Operator Init App 1.7.0-SNAPSHOT] Waiting for extension ConfigMap sync (expected hash: 337402471) (current hash: 1825504607)
2025-01-29 01:03:19,564 INFO c.h.h.t.HelmChartContainer - [test-hivemq-platform] [hivemq] [4e0c1acd] INFO  - [HiveMQ Platform Operator Init App 1.7.0-SNAPSHOT] Waiting for extension ConfigMap sync (expected hash: 337402471) (current hash: 1825504607)
2025-01-29 01:03:20,565 INFO c.h.h.t.HelmChartContainer - [test-hivemq-platform] [hivemq] [4e0c1acd] INFO  - [HiveMQ Platform Operator Init App 1.7.0-SNAPSHOT] Waiting for extension ConfigMap sync (expected hash: 337402471) (current hash: 1825504607)
2025-01-29 01:03:21,565 INFO c.h.h.t.HelmChartContainer - [test-hivemq-platform] [hivemq] [4e0c1acd] INFO  - [HiveMQ Platform Operator Init App 1.7.0-SNAPSHOT] Waiting for extension ConfigMap sync (expected hash: 337402471) (current hash: 1825504607)
2025-01-29 01:03:22,565 INFO c.h.h.t.HelmChartContainer - [test-hivemq-platform] [hivemq] [4e0c1acd] INFO  - [HiveMQ Platform Operator Init App 1.7.0-SNAPSHOT] Waiting for extension ConfigMap sync (expected hash: 337402471) (current hash: 1825504607)
2025-01-29 01:03:23,566 INFO c.h.h.t.HelmChartContainer - [test-hivemq-platform] [hivemq] [4e0c1acd] INFO  - [HiveMQ Platform Operator Init App 1.7.0-SNAPSHOT] Waiting for extension ConfigMap sync (expected hash: 337402471) (current hash: 1825504607)
2025-01-29 01:03:24,129 INFO c.h.h.t.HelmChartContainer - [hivemq-test-hivemq-platform] [hivemq-platform-operator] [1117efae] 01:03:24.126 [pool-6-thread-2] DEBUG c.h.p.o.d.PlatformServiceResource - [helmpods] Desired Platform services (3 services)
2025-01-29 01:03:24,129 INFO c.h.h.t.HelmChartContainer - [hivemq-test-hivemq-platform] [hivemq-platform-operator] [1117efae] 01:03:24.127 [pool-6-thread-1] DEBUG c.h.p.o.dependants.PodInfoConfigMap - [helmpods] Desired PodInfo ConfigMap (1 extensions) (1 enabled)
2025-01-29 01:03:24,130 INFO c.h.h.t.HelmChartContainer - [hivemq-test-hivemq-platform] [hivemq-platform-operator] [1117efae] 01:03:24.127 [pool-6-thread-1] DEBUG c.h.p.o.dependants.PodInfoConfigMap - [helmpods] Desired PodInfo ConfigMap (metrics port: 9399) (metrics path: /)
2025-01-29 01:03:24,130 INFO c.h.h.t.HelmChartContainer - [hivemq-test-hivemq-platform] [hivemq-platform-operator] [1117efae] 01:03:24.127 [pool-6-thread-1] DEBUG c.h.p.o.dependants.PodInfoConfigMap - [helmpods] Desired PodInfo ConfigMap (extension state hash: 337402471)
2025-01-29 01:03:24,130 INFO c.h.h.t.HelmChartContainer - [hivemq-test-hivemq-platform] [hivemq-platform-operator] [1117efae] 01:03:24.127 [pool-6-thread-9] DEBUG c.h.p.o.d.PodServiceAccountResource - [helmpods] Desired PodServiceAccountResource (serviceAccountName: hivemq-platform-pod-test-hivemq-platform)
2025-01-29 01:03:24,133 INFO c.h.h.t.HelmChartContainer - [hivemq-test-hivemq-platform] [hivemq-platform-operator] [1117efae] 01:03:24.132 [pool-6-thread-2] DEBUG c.h.p.o.d.StatefulSetResource - [helmpods] Desired StatefulSet (1 replicas) for status RESTART_EXTENSIONS (WAIT_FOR_EXTENSION_RESTART)
2025-01-29 01:03:24,135 INFO c.h.h.t.HelmChartContainer - [hivemq-test-hivemq-platform] [hivemq-platform-operator] [1117efae] 01:03:24.134 [ReconcilerExecutor-hivemq-controller-124] INFO  c.h.p.o.HiveMQPlatformReconciler - [helmpods] Reconciling HiveMQ Platform 'test-hivemq-platform' in namespace 'helmpodsecuritycontextupgradeextensionit'
2025-01-29 01:03:24,136 INFO c.h.h.t.HelmChartContainer - [hivemq-test-hivemq-platform] [hivemq-platform-operator] [1117efae] 01:03:24.135 [ReconcilerExecutor-hivemq-controller-124] DEBUG c.h.p.o.HiveMQPlatformReconciler - [helmpods] Custom Resource Status RESTART_EXTENSIONS - HiveMQ Platform is waiting for extension restart (hivemq-distributed-tracing-extension) (WAIT_FOR_EXTENSION_RESTART)
2025-01-29 01:03:24,137 INFO c.h.h.t.HelmChartContainer - [hivemq-test-hivemq-platform] [hivemq-platform-operator] [1117efae] 01:03:24.135 [ReconcilerExecutor-hivemq-controller-124] DEBUG c.h.p.o.HiveMQPlatformReconciler - [helmpods] Custom Resource Spec (replicas: 1) (extensions: 1)
2025-01-29 01:03:24,138 INFO c.h.h.t.HelmChartContainer - [hivemq-test-hivemq-platform] [hivemq-platform-operator] [1117efae] 01:03:24.136 [ReconcilerExecutor-hivemq-controller-124] DEBUG c.h.p.o.HiveMQPlatformReconciler - [helmpods] StatefulSet Status (revision: test-hivemq-platform-f6cdc458c, replicas: 1, available: 1, ready: 1, current: 1, updated: 1)
2025-01-29 01:03:24,139 INFO c.h.h.t.HelmChartContainer - [hivemq-test-hivemq-platform] [hivemq-platform-operator] [1117efae] 01:03:24.136 [ReconcilerExecutor-hivemq-controller-124] DEBUG c.h.p.o.HiveMQPlatformReconciler - [helmpods] StatefulSet Spec (replicas: 1, init containers: 1, containers: 1, volumes: 4)
2025-01-29 01:03:24,139 INFO c.h.h.t.HelmChartContainer - [hivemq-test-hivemq-platform] [hivemq-platform-operator] [1117efae] 01:03:24.137 [ReconcilerExecutor-hivemq-controller-124] DEBUG c.h.p.o.h.HiveMQPlatformReconcilerErrorHandler - [helmpods] Pod 'test-hivemq-platform-0' phase Running
2025-01-29 01:03:24,144 INFO c.h.h.t.HelmChartContainer - [hivemq-test-hivemq-platform] [hivemq-platform-operator] [1117efae] 01:03:24.143 [ReconcilerExecutor-hivemq-controller-124] DEBUG c.h.p.o.h.HiveMQPlatformReconcilerRestartExtensionsHandler - [helmpods] Checking update extension status on Pod 'test-hivemq-platform-0'
2025-01-29 01:03:24,223 INFO c.h.h.t.HelmChartContainer - [test-hivemq-platform] [hivemq] [4e0c1acd] INFO  - [HiveMQ Platform Operator Init App 1.7.0-SNAPSHOT] Extension update is pending (0 errors)
2025-01-29 01:03:24,226 INFO c.h.h.t.HelmChartContainer - [hivemq-test-hivemq-platform] [hivemq-platform-operator] [1117efae] 01:03:24.225 [vert.x-eventloop-thread-1] DEBUG c.h.platform.operator.util.PodUtil - Received status for command '[curl, -s, http://10.42.0.8:7979/updateExtensionStatus]' on Pod 'test-hivemq-platform-0' (exit code: 0)
2025-01-29 01:03:24,566 INFO c.h.h.t.HelmChartContainer - [test-hivemq-platform] [hivemq] [4e0c1acd] INFO  - [HiveMQ Platform Operator Init App 1.7.0-SNAPSHOT] Waiting for extension ConfigMap sync (expected hash: 337402471) (current hash: 1825504607)
2025-01-29 01:03:25,202 INFO c.h.h.t.HelmChartContainer - [hivemq-test-hivemq-platform] [hivemq-platform-operator] [1117efae] 01:03:25.200 [pool-6-thread-17] DEBUG c.h.p.o.d.PodServiceAccountResource - [helmpods] Desired PodServiceAccountResource (serviceAccountName: hivemq-platform-pod-test-hivemq-platform)
2025-01-29 01:03:25,230 INFO c.h.h.t.HelmChartContainer - [hivemq-test-hivemq-platform] [hivemq-platform-operator] [1117efae] 01:03:25.200 [pool-6-thread-12] DEBUG c.h.p.o.dependants.PodInfoConfigMap - [helmpods] Desired PodInfo ConfigMap (1 extensions) (1 enabled)
2025-01-29 01:03:25,233 INFO c.h.h.t.HelmChartContainer - [hivemq-test-hivemq-platform] [hivemq-platform-operator] [1117efae] 01:03:25.229 [pool-6-thread-12] DEBUG c.h.p.o.dependants.PodInfoConfigMap - [helmpods] Desired PodInfo ConfigMap (metrics port: 9399) (metrics path: /)
2025-01-29 01:03:25,233 INFO c.h.h.t.HelmChartContainer - [hivemq-test-hivemq-platform] [hivemq-platform-operator] [1117efae] 01:03:25.229 [pool-6-thread-12] DEBUG c.h.p.o.dependants.PodInfoConfigMap - [helmpods] Desired PodInfo ConfigMap (extension state hash: 337402471)
2025-01-29 01:03:25,233 INFO c.h.h.t.HelmChartContainer - [hivemq-test-hivemq-platform] [hivemq-platform-operator] [1117efae] 01:03:25.200 [pool-6-thread-14] DEBUG c.h.p.o.d.PlatformServiceResource - [helmpods] Desired Platform services (3 services)
2025-01-29 01:03:25,281 INFO c.h.h.t.HelmChartContainer - [hivemq-test-hivemq-platform] [hivemq-platform-operator] [1117efae] 01:03:25.280 [pool-6-thread-14] DEBUG c.h.p.o.d.StatefulSetResource - [helmpods] Desired StatefulSet (1 replicas) for status RESTART_EXTENSIONS (WAIT_FOR_EXTENSION_RESTART)
2025-01-29 01:03:25,284 INFO c.h.h.t.HelmChartContainer - [hivemq-test-hivemq-platform] [hivemq-platform-operator] [1117efae] 01:03:25.283 [ReconcilerExecutor-hivemq-controller-125] INFO  c.h.p.o.HiveMQPlatformReconciler - [helmpods] Reconciling HiveMQ Platform 'test-hivemq-platform' in namespace 'helmpodsecuritycontextupgradeextensionit'
2025-01-29 01:03:25,284 INFO c.h.h.t.HelmChartContainer - [hivemq-test-hivemq-platform] [hivemq-platform-operator] [1117efae] 01:03:25.283 [ReconcilerExecutor-hivemq-controller-125] DEBUG c.h.p.o.HiveMQPlatformReconciler - [helmpods] Custom Resource Status RESTART_EXTENSIONS - HiveMQ Platform is waiting for extension restart (hivemq-distributed-tracing-extension) (WAIT_FOR_EXTENSION_RESTART)
2025-01-29 01:03:25,284 INFO c.h.h.t.HelmChartContainer - [hivemq-test-hivemq-platform] [hivemq-platform-operator] [1117efae] 01:03:25.283 [ReconcilerExecutor-hivemq-controller-125] DEBUG c.h.p.o.HiveMQPlatformReconciler - [helmpods] Custom Resource Spec (replicas: 1) (extensions: 1)
2025-01-29 01:03:25,286 INFO c.h.h.t.HelmChartContainer - [hivemq-test-hivemq-platform] [hivemq-platform-operator] [1117efae] 01:03:25.285 [ReconcilerExecutor-hivemq-controller-125] DEBUG c.h.p.o.HiveMQPlatformReconciler - [helmpods] StatefulSet Status (revision: test-hivemq-platform-f6cdc458c, replicas: 1, available: 1, ready: 1, current: 1, updated: 1)
2025-01-29 01:03:25,286 INFO c.h.h.t.HelmChartContainer - [hivemq-test-hivemq-platform] [hivemq-platform-operator] [1117efae] 01:03:25.285 [ReconcilerExecutor-hivemq-controller-125] DEBUG c.h.p.o.HiveMQPlatformReconciler - [helmpods] StatefulSet Spec (replicas: 1, init containers: 1, containers: 1, volumes: 4)
2025-01-29 01:03:25,287 INFO c.h.h.t.HelmChartContainer - [hivemq-test-hivemq-platform] [hivemq-platform-operator] [1117efae] 01:03:25.286 [ReconcilerExecutor-hivemq-controller-125] DEBUG c.h.p.o.h.HiveMQPlatformReconcilerErrorHandler - [helmpods] Pod 'test-hivemq-platform-0' phase Running
2025-01-29 01:03:25,287 INFO c.h.h.t.HelmChartContainer - [hivemq-test-hivemq-platform] [hivemq-platform-operator] [1117efae] 01:03:25.287 [ReconcilerExecutor-hivemq-controller-125] INFO  c.h.p.o.h.HiveMQPlatformReconcilerRestartExtensionsHandler - [helmpods] Extension update on Pod 'test-hivemq-platform-0' is still pending
2025-01-29 01:03:25,567 INFO c.h.h.t.HelmChartContainer - [test-hivemq-platform] [hivemq] [4e0c1acd] INFO  - [HiveMQ Platform Operator Init App 1.7.0-SNAPSHOT] Waiting for extension ConfigMap sync (expected hash: 337402471) (current hash: 1825504607)
2025-01-29 01:03:26,567 INFO c.h.h.t.HelmChartContainer - [test-hivemq-platform] [hivemq] [4e0c1acd] INFO  - [HiveMQ Platform Operator Init App 1.7.0-SNAPSHOT] Waiting for extension ConfigMap sync (expected hash: 337402471) (current hash: 1825504607)
2025-01-29 01:03:27,568 INFO c.h.h.t.HelmChartContainer - [test-hivemq-platform] [hivemq] [4e0c1acd] INFO  - [HiveMQ Platform Operator Init App 1.7.0-SNAPSHOT] Waiting for extension ConfigMap sync (expected hash: 337402471) (current hash: 1825504607)
2025-01-29 01:03:28,568 INFO c.h.h.t.HelmChartContainer - [test-hivemq-platform] [hivemq] [4e0c1acd] INFO  - [HiveMQ Platform Operator Init App 1.7.0-SNAPSHOT] Waiting for extension ConfigMap sync (expected hash: 337402471) (current hash: 1825504607)
2025-01-29 01:03:29,568 INFO c.h.h.t.HelmChartContainer - [test-hivemq-platform] [hivemq] [4e0c1acd] INFO  - [HiveMQ Platform Operator Init App 1.7.0-SNAPSHOT] Waiting for extension ConfigMap sync (expected hash: 337402471) (current hash: 1825504607)
2025-01-29 01:03:30,569 INFO c.h.h.t.HelmChartContainer - [test-hivemq-platform] [hivemq] [4e0c1acd] INFO  - [HiveMQ Platform Operator Init App 1.7.0-SNAPSHOT] Waiting for extension ConfigMap sync (expected hash: 337402471) (current hash: 1825504607)
2025-01-29 01:03:31,570 INFO c.h.h.t.HelmChartContainer - [test-hivemq-platform] [hivemq] [4e0c1acd] INFO  - [HiveMQ Platform Operator Init App 1.7.0-SNAPSHOT] Waiting for extension ConfigMap sync (expected hash: 337402471) (current hash: 1825504607)
2025-01-29 01:03:32,570 INFO c.h.h.t.HelmChartContainer - [test-hivemq-platform] [hivemq] [4e0c1acd] INFO  - [HiveMQ Platform Operator Init App 1.7.0-SNAPSHOT] Waiting for extension ConfigMap sync (expected hash: 337402471) (current hash: 1825504607)
2025-01-29 01:03:33,570 INFO c.h.h.t.HelmChartContainer - [test-hivemq-platform] [hivemq] [4e0c1acd] INFO  - [HiveMQ Platform Operator Init App 1.7.0-SNAPSHOT] Waiting for extension ConfigMap sync (expected hash: 337402471) (current hash: 1825504607)
2025-01-29 01:03:34,571 INFO c.h.h.t.HelmChartContainer - [test-hivemq-platform] [hivemq] [4e0c1acd] INFO  - [HiveMQ Platform Operator Init App 1.7.0-SNAPSHOT] Waiting for extension ConfigMap sync (expected hash: 337402471) (current hash: 1825504607)
2025-01-29 01:03:35,293 INFO c.h.h.t.HelmChartContainer - [hivemq-test-hivemq-platform] [hivemq-platform-operator] [1117efae] 01:03:35.290 [pool-6-thread-30] DEBUG c.h.p.o.d.PlatformServiceResource - [helmpods] Desired Platform services (3 services)
2025-01-29 01:03:35,293 INFO c.h.h.t.HelmChartContainer - [hivemq-test-hivemq-platform] [hivemq-platform-operator] [1117efae] 01:03:35.290 [pool-6-thread-24] DEBUG c.h.p.o.d.PodServiceAccountResource - [helmpods] Desired PodServiceAccountResource (serviceAccountName: hivemq-platform-pod-test-hivemq-platform)
2025-01-29 01:03:35,293 INFO c.h.h.t.HelmChartContainer - [hivemq-test-hivemq-platform] [hivemq-platform-operator] [1117efae] 01:03:35.290 [pool-6-thread-25] DEBUG c.h.p.o.dependants.PodInfoConfigMap - [helmpods] Desired PodInfo ConfigMap (1 extensions) (1 enabled)
2025-01-29 01:03:35,293 INFO c.h.h.t.HelmChartContainer - [hivemq-test-hivemq-platform] [hivemq-platform-operator] [1117efae] 01:03:35.290 [pool-6-thread-25] DEBUG c.h.p.o.dependants.PodInfoConfigMap - [helmpods] Desired PodInfo ConfigMap (metrics port: 9399) (metrics path: /)
2025-01-29 01:03:35,293 INFO c.h.h.t.HelmChartContainer - [hivemq-test-hivemq-platform] [hivemq-platform-operator] [1117efae] 01:03:35.290 [pool-6-thread-25] DEBUG c.h.p.o.dependants.PodInfoConfigMap - [helmpods] Desired PodInfo ConfigMap (extension state hash: 337402471)
2025-01-29 01:03:35,295 INFO c.h.h.t.HelmChartContainer - [hivemq-test-hivemq-platform] [hivemq-platform-operator] [1117efae] 01:03:35.294 [pool-6-thread-30] DEBUG c.h.p.o.d.StatefulSetResource - [helmpods] Desired StatefulSet (1 replicas) for status RESTART_EXTENSIONS (WAIT_FOR_EXTENSION_RESTART)
2025-01-29 01:03:35,299 INFO c.h.h.t.HelmChartContainer - [hivemq-test-hivemq-platform] [hivemq-platform-operator] [1117efae] 01:03:35.298 [ReconcilerExecutor-hivemq-controller-126] INFO  c.h.p.o.HiveMQPlatformReconciler - [helmpods] Reconciling HiveMQ Platform 'test-hivemq-platform' in namespace 'helmpodsecuritycontextupgradeextensionit'
2025-01-29 01:03:35,300 INFO c.h.h.t.HelmChartContainer - [hivemq-test-hivemq-platform] [hivemq-platform-operator] [1117efae] 01:03:35.298 [ReconcilerExecutor-hivemq-controller-126] DEBUG c.h.p.o.HiveMQPlatformReconciler - [helmpods] Custom Resource Status RESTART_EXTENSIONS - HiveMQ Platform is waiting for extension restart (hivemq-distributed-tracing-extension) (WAIT_FOR_EXTENSION_RESTART)
2025-01-29 01:03:35,300 INFO c.h.h.t.HelmChartContainer - [hivemq-test-hivemq-platform] [hivemq-platform-operator] [1117efae] 01:03:35.298 [ReconcilerExecutor-hivemq-controller-126] DEBUG c.h.p.o.HiveMQPlatformReconciler - [helmpods] Custom Resource Spec (replicas: 1) (extensions: 1)
2025-01-29 01:03:35,301 INFO c.h.h.t.HelmChartContainer - [hivemq-test-hivemq-platform] [hivemq-platform-operator] [1117efae] 01:03:35.299 [ReconcilerExecutor-hivemq-controller-126] DEBUG c.h.p.o.HiveMQPlatformReconciler - [helmpods] StatefulSet Status (revision: test-hivemq-platform-f6cdc458c, replicas: 1, available: 1, ready: 1, current: 1, updated: 1)
2025-01-29 01:03:35,301 INFO c.h.h.t.HelmChartContainer - [hivemq-test-hivemq-platform] [hivemq-platform-operator] [1117efae] 01:03:35.299 [ReconcilerExecutor-hivemq-controller-126] DEBUG c.h.p.o.HiveMQPlatformReconciler - [helmpods] StatefulSet Spec (replicas: 1, init containers: 1, containers: 1, volumes: 4)
2025-01-29 01:03:35,302 INFO c.h.h.t.HelmChartContainer - [hivemq-test-hivemq-platform] [hivemq-platform-operator] [1117efae] 01:03:35.301 [ReconcilerExecutor-hivemq-controller-126] DEBUG c.h.p.o.h.HiveMQPlatformReconcilerErrorHandler - [helmpods] Pod 'test-hivemq-platform-0' phase Running
2025-01-29 01:03:35,309 INFO c.h.h.t.HelmChartContainer - [hivemq-test-hivemq-platform] [hivemq-platform-operator] [1117efae] 01:03:35.308 [ReconcilerExecutor-hivemq-controller-126] DEBUG c.h.p.o.h.HiveMQPlatformReconcilerRestartExtensionsHandler - [helmpods] Checking update extension status on Pod 'test-hivemq-platform-0'
2025-01-29 01:03:35,426 INFO c.h.h.t.HelmChartContainer - [test-hivemq-platform] [hivemq] [4e0c1acd] INFO  - [HiveMQ Platform Operator Init App 1.7.0-SNAPSHOT] Extension update is pending (0 errors)
2025-01-29 01:03:35,430 INFO c.h.h.t.HelmChartContainer - [hivemq-test-hivemq-platform] [hivemq-platform-operator] [1117efae] 01:03:35.429 [vert.x-eventloop-thread-0] DEBUG c.h.platform.operator.util.PodUtil - Received status for command '[curl, -s, http://10.42.0.8:7979/updateExtensionStatus]' on Pod 'test-hivemq-platform-0' (exit code: 0)
2025-01-29 01:03:35,571 INFO c.h.h.t.HelmChartContainer - [test-hivemq-platform] [hivemq] [4e0c1acd] INFO  - [HiveMQ Platform Operator Init App 1.7.0-SNAPSHOT] Waiting for extension ConfigMap sync (expected hash: 337402471) (current hash: 1825504607)
2025-01-29 01:03:36,406 INFO c.h.h.t.HelmChartContainer - [hivemq-test-hivemq-platform] [hivemq-platform-operator] [1117efae] 01:03:36.404 [pool-6-thread-35] DEBUG c.h.p.o.d.PlatformServiceResource - [helmpods] Desired Platform services (3 services)
2025-01-29 01:03:36,406 INFO c.h.h.t.HelmChartContainer - [hivemq-test-hivemq-platform] [hivemq-platform-operator] [1117efae] 01:03:36.404 [pool-6-thread-33] DEBUG c.h.p.o.dependants.PodInfoConfigMap - [helmpods] Desired PodInfo ConfigMap (1 extensions) (1 enabled)
2025-01-29 01:03:36,406 INFO c.h.h.t.HelmChartContainer - [hivemq-test-hivemq-platform] [hivemq-platform-operator] [1117efae] 01:03:36.405 [pool-6-thread-33] DEBUG c.h.p.o.dependants.PodInfoConfigMap - [helmpods] Desired PodInfo ConfigMap (metrics port: 9399) (metrics path: /)
2025-01-29 01:03:36,406 INFO c.h.h.t.HelmChartContainer - [hivemq-test-hivemq-platform] [hivemq-platform-operator] [1117efae] 01:03:36.405 [pool-6-thread-33] DEBUG c.h.p.o.dependants.PodInfoConfigMap - [helmpods] Desired PodInfo ConfigMap (extension state hash: 337402471)
2025-01-29 01:03:36,406 INFO c.h.h.t.HelmChartContainer - [hivemq-test-hivemq-platform] [hivemq-platform-operator] [1117efae] 01:03:36.405 [pool-6-thread-39] DEBUG c.h.p.o.d.PodServiceAccountResource - [helmpods] Desired PodServiceAccountResource (serviceAccountName: hivemq-platform-pod-test-hivemq-platform)
2025-01-29 01:03:36,410 INFO c.h.h.t.HelmChartContainer - [hivemq-test-hivemq-platform] [hivemq-platform-operator] [1117efae] 01:03:36.409 [pool-6-thread-31] DEBUG c.h.p.o.d.StatefulSetResource - [helmpods] Desired StatefulSet (1 replicas) for status RESTART_EXTENSIONS (WAIT_FOR_EXTENSION_RESTART)
2025-01-29 01:03:36,412 INFO c.h.h.t.HelmChartContainer - [hivemq-test-hivemq-platform] [hivemq-platform-operator] [1117efae] 01:03:36.411 [ReconcilerExecutor-hivemq-controller-127] INFO  c.h.p.o.HiveMQPlatformReconciler - [helmpods] Reconciling HiveMQ Platform 'test-hivemq-platform' in namespace 'helmpodsecuritycontextupgradeextensionit'
2025-01-29 01:03:36,412 INFO c.h.h.t.HelmChartContainer - [hivemq-test-hivemq-platform] [hivemq-platform-operator] [1117efae] 01:03:36.411 [ReconcilerExecutor-hivemq-controller-127] DEBUG c.h.p.o.HiveMQPlatformReconciler - [helmpods] Custom Resource Status RESTART_EXTENSIONS - HiveMQ Platform is waiting for extension restart (hivemq-distributed-tracing-extension) (WAIT_FOR_EXTENSION_RESTART)
2025-01-29 01:03:36,412 INFO c.h.h.t.HelmChartContainer - [hivemq-test-hivemq-platform] [hivemq-platform-operator] [1117efae] 01:03:36.411 [ReconcilerExecutor-hivemq-controller-127] DEBUG c.h.p.o.HiveMQPlatformReconciler - [helmpods] Custom Resource Spec (replicas: 1) (extensions: 1)
2025-01-29 01:03:36,414 INFO c.h.h.t.HelmChartContainer - [hivemq-test-hivemq-platform] [hivemq-platform-operator] [1117efae] 01:03:36.413 [ReconcilerExecutor-hivemq-controller-127] DEBUG c.h.p.o.HiveMQPlatformReconciler - [helmpods] StatefulSet Status (revision: test-hivemq-platform-f6cdc458c, replicas: 1, available: 1, ready: 1, current: 1, updated: 1)
2025-01-29 01:03:36,414 INFO c.h.h.t.HelmChartContainer - [hivemq-test-hivemq-platform] [hivemq-platform-operator] [1117efae] 01:03:36.413 [ReconcilerExecutor-hivemq-controller-127] DEBUG c.h.p.o.HiveMQPlatformReconciler - [helmpods] StatefulSet Spec (replicas: 1, init containers: 1, containers: 1, volumes: 4)
2025-01-29 01:03:36,415 INFO c.h.h.t.HelmChartContainer - [hivemq-test-hivemq-platform] [hivemq-platform-operator] [1117efae] 01:03:36.414 [ReconcilerExecutor-hivemq-controller-127] DEBUG c.h.p.o.h.HiveMQPlatformReconcilerErrorHandler - [helmpods] Pod 'test-hivemq-platform-0' phase Running
2025-01-29 01:03:36,416 INFO c.h.h.t.HelmChartContainer - [hivemq-test-hivemq-platform] [hivemq-platform-operator] [1117efae] 01:03:36.415 [ReconcilerExecutor-hivemq-controller-127] INFO  c.h.p.o.h.HiveMQPlatformReconcilerRestartExtensionsHandler - [helmpods] Extension update on Pod 'test-hivemq-platform-0' is still pending
2025-01-29 01:03:36,571 INFO c.h.h.t.HelmChartContainer - [test-hivemq-platform] [hivemq] [4e0c1acd] INFO  - [HiveMQ Platform Operator Init App 1.7.0-SNAPSHOT] Waiting for extension ConfigMap sync (expected hash: 337402471) (current hash: 1825504607)
2025-01-29 01:03:37,572 INFO c.h.h.t.HelmChartContainer - [test-hivemq-platform] [hivemq] [4e0c1acd] INFO  - [HiveMQ Platform Operator Init App 1.7.0-SNAPSHOT] Waiting for extension ConfigMap sync (expected hash: 337402471) (current hash: 1825504607)
2025-01-29 01:03:38,573 INFO c.h.h.t.HelmChartContainer - [test-hivemq-platform] [hivemq] [4e0c1acd] INFO  - [HiveMQ Platform Operator Init App 1.7.0-SNAPSHOT] Waiting for extension ConfigMap sync (expected hash: 337402471) (current hash: 1825504607)
2025-01-29 01:03:39,573 INFO c.h.h.t.HelmChartContainer - [test-hivemq-platform] [hivemq] [4e0c1acd] INFO  - [HiveMQ Platform Operator Init App 1.7.0-SNAPSHOT] Waiting for extension ConfigMap sync (expected hash: 337402471) (current hash: 1825504607)
2025-01-29 01:03:40,573 INFO c.h.h.t.HelmChartContainer - [test-hivemq-platform] [hivemq] [4e0c1acd] INFO  - [HiveMQ Platform Operator Init App 1.7.0-SNAPSHOT] Waiting for extension ConfigMap sync (expected hash: 337402471) (current hash: 1825504607)
2025-01-29 01:03:41,574 INFO c.h.h.t.HelmChartContainer - [test-hivemq-platform] [hivemq] [4e0c1acd] INFO  - [HiveMQ Platform Operator Init App 1.7.0-SNAPSHOT] Waiting for extension ConfigMap sync (expected hash: 337402471) (current hash: 1825504607)
2025-01-29 01:03:42,574 INFO c.h.h.t.HelmChartContainer - [test-hivemq-platform] [hivemq] [4e0c1acd] INFO  - [HiveMQ Platform Operator Init App 1.7.0-SNAPSHOT] Waiting for extension ConfigMap sync (expected hash: 337402471) (current hash: 1825504607)
2025-01-29 01:03:43,575 INFO c.h.h.t.HelmChartContainer - [test-hivemq-platform] [hivemq] [4e0c1acd] INFO  - [HiveMQ Platform Operator Init App 1.7.0-SNAPSHOT] Waiting for extension ConfigMap sync (expected hash: 337402471) (current hash: 1825504607)
2025-01-29 01:03:44,575 INFO c.h.h.t.HelmChartContainer - [test-hivemq-platform] [hivemq] [4e0c1acd] INFO  - [HiveMQ Platform Operator Init App 1.7.0-SNAPSHOT] Waiting for extension ConfigMap sync (expected hash: 337402471) (current hash: 1825504607)
2025-01-29 01:03:45,575 INFO c.h.h.t.HelmChartContainer - [test-hivemq-platform] [hivemq] [4e0c1acd] INFO  - [HiveMQ Platform Operator Init App 1.7.0-SNAPSHOT] Waiting for extension ConfigMap sync (expected hash: 337402471) (current hash: 1825504607)
2025-01-29 01:03:46,421 INFO c.h.h.t.HelmChartContainer - [hivemq-test-hivemq-platform] [hivemq-platform-operator] [1117efae] 01:03:46.419 [pool-6-thread-47] DEBUG c.h.p.o.dependants.PodInfoConfigMap - [helmpods] Desired PodInfo ConfigMap (1 extensions) (1 enabled)
2025-01-29 01:03:46,424 INFO c.h.h.t.HelmChartContainer - [hivemq-test-hivemq-platform] [hivemq-platform-operator] [1117efae] 01:03:46.419 [pool-6-thread-46] DEBUG c.h.p.o.d.PlatformServiceResource - [helmpods] Desired Platform services (3 services)
2025-01-29 01:03:46,425 INFO c.h.h.t.HelmChartContainer - [hivemq-test-hivemq-platform] [hivemq-platform-operator] [1117efae] 01:03:46.422 [pool-6-thread-47] DEBUG c.h.p.o.dependants.PodInfoConfigMap - [helmpods] Desired PodInfo ConfigMap (metrics port: 9399) (metrics path: /)
2025-01-29 01:03:46,425 INFO c.h.h.t.HelmChartContainer - [hivemq-test-hivemq-platform] [hivemq-platform-operator] [1117efae] 01:03:46.422 [pool-6-thread-47] DEBUG c.h.p.o.dependants.PodInfoConfigMap - [helmpods] Desired PodInfo ConfigMap (extension state hash: 337402471)
2025-01-29 01:03:46,425 INFO c.h.h.t.HelmChartContainer - [hivemq-test-hivemq-platform] [hivemq-platform-operator] [1117efae] 01:03:46.420 [pool-6-thread-43] DEBUG c.h.p.o.d.PodServiceAccountResource - [helmpods] Desired PodServiceAccountResource (serviceAccountName: hivemq-platform-pod-test-hivemq-platform)
2025-01-29 01:03:46,426 INFO c.h.h.t.HelmChartContainer - [hivemq-test-hivemq-platform] [hivemq-platform-operator] [1117efae] 01:03:46.425 [pool-6-thread-46] DEBUG c.h.p.o.d.StatefulSetResource - [helmpods] Desired StatefulSet (1 replicas) for status RESTART_EXTENSIONS (WAIT_FOR_EXTENSION_RESTART)
2025-01-29 01:03:46,433 INFO c.h.h.t.HelmChartContainer - [hivemq-test-hivemq-platform] [hivemq-platform-operator] [1117efae] 01:03:46.430 [ReconcilerExecutor-hivemq-controller-128] INFO  c.h.p.o.HiveMQPlatformReconciler - [helmpods] Reconciling HiveMQ Platform 'test-hivemq-platform' in namespace 'helmpodsecuritycontextupgradeextensionit'
2025-01-29 01:03:46,433 INFO c.h.h.t.HelmChartContainer - [hivemq-test-hivemq-platform] [hivemq-platform-operator] [1117efae] 01:03:46.430 [ReconcilerExecutor-hivemq-controller-128] DEBUG c.h.p.o.HiveMQPlatformReconciler - [helmpods] Custom Resource Status RESTART_EXTENSIONS - HiveMQ Platform is waiting for extension restart (hivemq-distributed-tracing-extension) (WAIT_FOR_EXTENSION_RESTART)
2025-01-29 01:03:46,433 INFO c.h.h.t.HelmChartContainer - [hivemq-test-hivemq-platform] [hivemq-platform-operator] [1117efae] 01:03:46.430 [ReconcilerExecutor-hivemq-controller-128] DEBUG c.h.p.o.HiveMQPlatformReconciler - [helmpods] Custom Resource Spec (replicas: 1) (extensions: 1)
2025-01-29 01:03:46,433 INFO c.h.h.t.HelmChartContainer - [hivemq-test-hivemq-platform] [hivemq-platform-operator] [1117efae] 01:03:46.431 [ReconcilerExecutor-hivemq-controller-128] DEBUG c.h.p.o.HiveMQPlatformReconciler - [helmpods] StatefulSet Status (revision: test-hivemq-platform-f6cdc458c, replicas: 1, available: 1, ready: 1, current: 1, updated: 1)
2025-01-29 01:03:46,433 INFO c.h.h.t.HelmChartContainer - [hivemq-test-hivemq-platform] [hivemq-platform-operator] [1117efae] 01:03:46.431 [ReconcilerExecutor-hivemq-controller-128] DEBUG c.h.p.o.HiveMQPlatformReconciler - [helmpods] StatefulSet Spec (replicas: 1, init containers: 1, containers: 1, volumes: 4)
2025-01-29 01:03:46,434 INFO c.h.h.t.HelmChartContainer - [hivemq-test-hivemq-platform] [hivemq-platform-operator] [1117efae] 01:03:46.432 [ReconcilerExecutor-hivemq-controller-128] DEBUG c.h.p.o.h.HiveMQPlatformReconcilerErrorHandler - [helmpods] Pod 'test-hivemq-platform-0' phase Running
2025-01-29 01:03:46,455 INFO c.h.h.t.HelmChartContainer - [hivemq-test-hivemq-platform] [hivemq-platform-operator] [1117efae] 01:03:46.454 [ReconcilerExecutor-hivemq-controller-128] DEBUG c.h.p.o.h.HiveMQPlatformReconcilerRestartExtensionsHandler - [helmpods] Checking update extension status on Pod 'test-hivemq-platform-0'
2025-01-29 01:03:46,527 INFO c.h.h.t.HelmChartContainer - [test-hivemq-platform] [hivemq] [4e0c1acd] INFO  - [HiveMQ Platform Operator Init App 1.7.0-SNAPSHOT] Extension update is pending (0 errors)
2025-01-29 01:03:46,576 INFO c.h.h.t.HelmChartContainer - [test-hivemq-platform] [hivemq] [4e0c1acd] INFO  - [HiveMQ Platform Operator Init App 1.7.0-SNAPSHOT] Waiting for extension ConfigMap sync (expected hash: 337402471) (current hash: 1825504607)
2025-01-29 01:03:46,581 INFO c.h.h.t.HelmChartContainer - [hivemq-test-hivemq-platform] [hivemq-platform-operator] [1117efae] 01:03:46.580 [vert.x-eventloop-thread-1] DEBUG c.h.platform.operator.util.PodUtil - Received status for command '[curl, -s, http://10.42.0.8:7979/updateExtensionStatus]' on Pod 'test-hivemq-platform-0' (exit code: 0)
2025-01-29 01:03:47,504 INFO c.h.h.t.HelmChartContainer - [hivemq-test-hivemq-platform] [hivemq-platform-operator] [1117efae] 01:03:47.503 [pool-6-thread-10] DEBUG c.h.p.o.d.PlatformServiceResource - [helmpods] Desired Platform services (3 services)
2025-01-29 01:03:47,512 INFO c.h.h.t.HelmChartContainer - [hivemq-test-hivemq-platform] [hivemq-platform-operator] [1117efae] 01:03:47.504 [pool-6-thread-1] DEBUG c.h.p.o.dependants.PodInfoConfigMap - [helmpods] Desired PodInfo ConfigMap (1 extensions) (1 enabled)
2025-01-29 01:03:47,512 INFO c.h.h.t.HelmChartContainer - [hivemq-test-hivemq-platform] [hivemq-platform-operator] [1117efae] 01:03:47.507 [pool-6-thread-1] DEBUG c.h.p.o.dependants.PodInfoConfigMap - [helmpods] Desired PodInfo ConfigMap (metrics port: 9399) (metrics path: /)
2025-01-29 01:03:47,513 INFO c.h.h.t.HelmChartContainer - [hivemq-test-hivemq-platform] [hivemq-platform-operator] [1117efae] 01:03:47.507 [pool-6-thread-1] DEBUG c.h.p.o.dependants.PodInfoConfigMap - [helmpods] Desired PodInfo ConfigMap (extension state hash: 337402471)
2025-01-29 01:03:47,513 INFO c.h.h.t.HelmChartContainer - [hivemq-test-hivemq-platform] [hivemq-platform-operator] [1117efae] 01:03:47.505 [pool-6-thread-3] DEBUG c.h.p.o.d.PodServiceAccountResource - [helmpods] Desired PodServiceAccountResource (serviceAccountName: hivemq-platform-pod-test-hivemq-platform)
2025-01-29 01:03:47,513 INFO c.h.h.t.HelmChartContainer - [hivemq-test-hivemq-platform] [hivemq-platform-operator] [1117efae] 01:03:47.509 [pool-6-thread-2] DEBUG c.h.p.o.d.StatefulSetResource - [helmpods] Desired StatefulSet (1 replicas) for status RESTART_EXTENSIONS (WAIT_FOR_EXTENSION_RESTART)
2025-01-29 01:03:47,514 INFO c.h.h.t.HelmChartContainer - [hivemq-test-hivemq-platform] [hivemq-platform-operator] [1117efae] 01:03:47.512 [ReconcilerExecutor-hivemq-controller-129] INFO  c.h.p.o.HiveMQPlatformReconciler - [helmpods] Reconciling HiveMQ Platform 'test-hivemq-platform' in namespace 'helmpodsecuritycontextupgradeextensionit'
2025-01-29 01:03:47,514 INFO c.h.h.t.HelmChartContainer - [hivemq-test-hivemq-platform] [hivemq-platform-operator] [1117efae] 01:03:47.512 [ReconcilerExecutor-hivemq-controller-129] DEBUG c.h.p.o.HiveMQPlatformReconciler - [helmpods] Custom Resource Status RESTART_EXTENSIONS - HiveMQ Platform is waiting for extension restart (hivemq-distributed-tracing-extension) (WAIT_FOR_EXTENSION_RESTART)
2025-01-29 01:03:47,515 INFO c.h.h.t.HelmChartContainer - [hivemq-test-hivemq-platform] [hivemq-platform-operator] [1117efae] 01:03:47.512 [ReconcilerExecutor-hivemq-controller-129] DEBUG c.h.p.o.HiveMQPlatformReconciler - [helmpods] Custom Resource Spec (replicas: 1) (extensions: 1)
2025-01-29 01:03:47,515 INFO c.h.h.t.HelmChartContainer - [hivemq-test-hivemq-platform] [hivemq-platform-operator] [1117efae] 01:03:47.513 [ReconcilerExecutor-hivemq-controller-129] DEBUG c.h.p.o.HiveMQPlatformReconciler - [helmpods] StatefulSet Status (revision: test-hivemq-platform-f6cdc458c, replicas: 1, available: 1, ready: 1, current: 1, updated: 1)
2025-01-29 01:03:47,515 INFO c.h.h.t.HelmChartContainer - [hivemq-test-hivemq-platform] [hivemq-platform-operator] [1117efae] 01:03:47.514 [ReconcilerExecutor-hivemq-controller-129] DEBUG c.h.p.o.HiveMQPlatformReconciler - [helmpods] StatefulSet Spec (replicas: 1, init containers: 1, containers: 1, volumes: 4)
2025-01-29 01:03:47,515 INFO c.h.h.t.HelmChartContainer - [hivemq-test-hivemq-platform] [hivemq-platform-operator] [1117efae] 01:03:47.515 [ReconcilerExecutor-hivemq-controller-129] DEBUG c.h.p.o.h.HiveMQPlatformReconcilerErrorHandler - [helmpods] Pod 'test-hivemq-platform-0' phase Running
2025-01-29 01:03:47,517 INFO c.h.h.t.HelmChartContainer - [hivemq-test-hivemq-platform] [hivemq-platform-operator] [1117efae] 01:03:47.515 [ReconcilerExecutor-hivemq-controller-129] INFO  c.h.p.o.h.HiveMQPlatformReconcilerRestartExtensionsHandler - [helmpods] Extension update on Pod 'test-hivemq-platform-0' is still pending
2025-01-29 01:03:47,576 INFO c.h.h.t.HelmChartContainer - [test-hivemq-platform] [hivemq] [4e0c1acd] INFO  - [HiveMQ Platform Operator Init App 1.7.0-SNAPSHOT] Waiting for extension ConfigMap sync (expected hash: 337402471) (current hash: 1825504607)
2025-01-29 01:03:48,577 INFO c.h.h.t.HelmChartContainer - [test-hivemq-platform] [hivemq] [4e0c1acd] INFO  - [HiveMQ Platform Operator Init App 1.7.0-SNAPSHOT] Waiting for extension ConfigMap sync (expected hash: 337402471) (current hash: 1825504607)
2025-01-29 01:03:49,577 INFO c.h.h.t.HelmChartContainer - [test-hivemq-platform] [hivemq] [4e0c1acd] INFO  - [HiveMQ Platform Operator Init App 1.7.0-SNAPSHOT] Waiting for extension ConfigMap sync (expected hash: 337402471) (current hash: 1825504607)
2025-01-29 01:03:50,577 INFO c.h.h.t.HelmChartContainer - [test-hivemq-platform] [hivemq] [4e0c1acd] INFO  - [HiveMQ Platform Operator Init App 1.7.0-SNAPSHOT] Waiting for extension ConfigMap sync (expected hash: 337402471) (current hash: 1825504607)
2025-01-29 01:03:51,578 INFO c.h.h.t.HelmChartContainer - [test-hivemq-platform] [hivemq] [4e0c1acd] INFO  - [HiveMQ Platform Operator Init App 1.7.0-SNAPSHOT] Waiting for extension ConfigMap sync (expected hash: 337402471) (current hash: 337402471)
2025-01-29 01:03:51,578 INFO c.h.h.t.HelmChartContainer - [test-hivemq-platform] [hivemq] [4e0c1acd] INFO  - [HiveMQ Platform Operator Init App 1.7.0-SNAPSHOT] Updating HiveMQ Platform extension: hivemq-distributed-tracing-extension
2025-01-29 01:03:51,579 INFO c.h.h.t.HelmChartContainer - [test-hivemq-platform] [hivemq] [4e0c1acd] INFO  - [HiveMQ Platform Operator Init App 1.7.0-SNAPSHOT] Updating preinstalled extension hivemq-distributed-tracing-extension
2025-01-29 01:03:51,790 INFO c.h.h.t.HelmChartContainer - [test-hivemq-platform] [hivemq] [4e0c1acd] INFO  - [HiveMQ Platform Operator Init App 1.7.0-SNAPSHOT] Successfully updated extension hivemq-distributed-tracing-extension
2025-01-29 01:03:55,399 INFO c.h.h.t.HelmChartContainer - [test-hivemq-platform] [hivemq] [4e0c1acd] INFO  - HiveMQ Enterprise Distributed Tracing Extension: Configured OTLP HTTP/protobuf exporter 'my-otlp-grpc-exporter'.
2025-01-29 01:03:55,403 INFO c.h.h.t.HelmChartContainer - [test-hivemq-platform] [hivemq] [4e0c1acd] INFO  - HiveMQ Enterprise Distributed Tracing Extension: Configured W3C trace propagation.
2025-01-29 01:03:55,405 INFO c.h.h.t.HelmChartContainer - [test-hivemq-platform] [hivemq] [4e0c1acd] INFO  - HiveMQ Enterprise Distributed Tracing Extension: Successfully updated configuration from '/opt/hivemq/extensions/hivemq-distributed-tracing-extension/conf/config.xml'.
2025-01-29 01:03:55,405 INFO c.h.h.testcontainer.LogWaiterUtil - TEST Found log pattern on 'test-hivemq-platform-0': .*HiveMQ Enterprise Distributed Tracing Extension: Successfully updated configuration from '/opt/hivemq/extensions/hivemq-distributed-tracing-extension/conf/config.xml'.
2025-01-29 01:03:57,521 INFO c.h.h.t.HelmChartContainer - [hivemq-test-hivemq-platform] [hivemq-platform-operator] [1117efae] 01:03:57.518 [pool-6-thread-13] DEBUG c.h.p.o.d.PlatformServiceResource - [helmpods] Desired Platform services (3 services)
2025-01-29 01:03:57,521 INFO c.h.h.t.HelmChartContainer - [hivemq-test-hivemq-platform] [hivemq-platform-operator] [1117efae] 01:03:57.519 [pool-6-thread-18] DEBUG c.h.p.o.d.PodServiceAccountResource - [helmpods] Desired PodServiceAccountResource (serviceAccountName: hivemq-platform-pod-test-hivemq-platform)
2025-01-29 01:03:57,521 INFO c.h.h.t.HelmChartContainer - [hivemq-test-hivemq-platform] [hivemq-platform-operator] [1117efae] 01:03:57.519 [pool-6-thread-20] DEBUG c.h.p.o.dependants.PodInfoConfigMap - [helmpods] Desired PodInfo ConfigMap (1 extensions) (1 enabled)
2025-01-29 01:03:57,521 INFO c.h.h.t.HelmChartContainer - [hivemq-test-hivemq-platform] [hivemq-platform-operator] [1117efae] 01:03:57.519 [pool-6-thread-20] DEBUG c.h.p.o.dependants.PodInfoConfigMap - [helmpods] Desired PodInfo ConfigMap (metrics port: 9399) (metrics path: /)
2025-01-29 01:03:57,521 INFO c.h.h.t.HelmChartContainer - [hivemq-test-hivemq-platform] [hivemq-platform-operator] [1117efae] 01:03:57.519 [pool-6-thread-20] DEBUG c.h.p.o.dependants.PodInfoConfigMap - [helmpods] Desired PodInfo ConfigMap (extension state hash: 337402471)
2025-01-29 01:03:57,525 INFO c.h.h.t.HelmChartContainer - [hivemq-test-hivemq-platform] [hivemq-platform-operator] [1117efae] 01:03:57.524 [pool-6-thread-13] DEBUG c.h.p.o.d.StatefulSetResource - [helmpods] Desired StatefulSet (1 replicas) for status RESTART_EXTENSIONS (WAIT_FOR_EXTENSION_RESTART)
2025-01-29 01:03:57,528 INFO c.h.h.t.HelmChartContainer - [hivemq-test-hivemq-platform] [hivemq-platform-operator] [1117efae] 01:03:57.527 [ReconcilerExecutor-hivemq-controller-130] INFO  c.h.p.o.HiveMQPlatformReconciler - [helmpods] Reconciling HiveMQ Platform 'test-hivemq-platform' in namespace 'helmpodsecuritycontextupgradeextensionit'
2025-01-29 01:03:57,529 INFO c.h.h.t.HelmChartContainer - [hivemq-test-hivemq-platform] [hivemq-platform-operator] [1117efae] 01:03:57.528 [ReconcilerExecutor-hivemq-controller-130] DEBUG c.h.p.o.HiveMQPlatformReconciler - [helmpods] Custom Resource Status RESTART_EXTENSIONS - HiveMQ Platform is waiting for extension restart (hivemq-distributed-tracing-extension) (WAIT_FOR_EXTENSION_RESTART)
2025-01-29 01:03:57,529 INFO c.h.h.t.HelmChartContainer - [hivemq-test-hivemq-platform] [hivemq-platform-operator] [1117efae] 01:03:57.528 [ReconcilerExecutor-hivemq-controller-130] DEBUG c.h.p.o.HiveMQPlatformReconciler - [helmpods] Custom Resource Spec (replicas: 1) (extensions: 1)
2025-01-29 01:03:57,531 INFO c.h.h.t.HelmChartContainer - [hivemq-test-hivemq-platform] [hivemq-platform-operator] [1117efae] 01:03:57.530 [ReconcilerExecutor-hivemq-controller-130] DEBUG c.h.p.o.HiveMQPlatformReconciler - [helmpods] StatefulSet Status (revision: test-hivemq-platform-f6cdc458c, replicas: 1, available: 1, ready: 1, current: 1, updated: 1)
2025-01-29 01:03:57,531 INFO c.h.h.t.HelmChartContainer - [hivemq-test-hivemq-platform] [hivemq-platform-operator] [1117efae] 01:03:57.530 [ReconcilerExecutor-hivemq-controller-130] DEBUG c.h.p.o.HiveMQPlatformReconciler - [helmpods] StatefulSet Spec (replicas: 1, init containers: 1, containers: 1, volumes: 4)
2025-01-29 01:03:57,533 INFO c.h.h.t.HelmChartContainer - [hivemq-test-hivemq-platform] [hivemq-platform-operator] [1117efae] 01:03:57.532 [ReconcilerExecutor-hivemq-controller-130] DEBUG c.h.p.o.h.HiveMQPlatformReconcilerErrorHandler - [helmpods] Pod 'test-hivemq-platform-0' phase Running
2025-01-29 01:03:57,556 INFO c.h.h.t.HelmChartContainer - [hivemq-test-hivemq-platform] [hivemq-platform-operator] [1117efae] 01:03:57.555 [ReconcilerExecutor-hivemq-controller-130] DEBUG c.h.p.o.h.HiveMQPlatformReconcilerRestartExtensionsHandler - [helmpods] Checking update extension status on Pod 'test-hivemq-platform-0'
2025-01-29 01:03:57,634 INFO c.h.h.t.HelmChartContainer - [test-hivemq-platform] [hivemq] [4e0c1acd] INFO  - [HiveMQ Platform Operator Init App 1.7.0-SNAPSHOT] Extension update is done (0 errors)
2025-01-29 01:03:57,681 INFO c.h.h.t.HelmChartContainer - [hivemq-test-hivemq-platform] [hivemq-platform-operator] [1117efae] 01:03:57.680 [vert.x-eventloop-thread-0] DEBUG c.h.platform.operator.util.PodUtil - Received status for command '[curl, -s, http://10.42.0.8:7979/updateExtensionStatus]' on Pod 'test-hivemq-platform-0' (exit code: 0)
2025-01-29 01:03:58,685 INFO c.h.h.t.HelmChartContainer - [hivemq-test-hivemq-platform] [hivemq-platform-operator] [1117efae] 01:03:58.683 [pool-6-thread-24] DEBUG c.h.p.o.d.PlatformServiceResource - [helmpods] Desired Platform services (3 services)
2025-01-29 01:03:58,686 INFO c.h.h.t.HelmChartContainer - [hivemq-test-hivemq-platform] [hivemq-platform-operator] [1117efae] 01:03:58.684 [pool-6-thread-21] DEBUG c.h.p.o.d.PodServiceAccountResource - [helmpods] Desired PodServiceAccountResource (serviceAccountName: hivemq-platform-pod-test-hivemq-platform)
2025-01-29 01:03:58,686 INFO c.h.h.t.HelmChartContainer - [hivemq-test-hivemq-platform] [hivemq-platform-operator] [1117efae] 01:03:58.685 [pool-6-thread-26] DEBUG c.h.p.o.dependants.PodInfoConfigMap - [helmpods] Desired PodInfo ConfigMap (1 extensions) (1 enabled)
2025-01-29 01:03:58,686 INFO c.h.h.t.HelmChartContainer - [hivemq-test-hivemq-platform] [hivemq-platform-operator] [1117efae] 01:03:58.685 [pool-6-thread-26] DEBUG c.h.p.o.dependants.PodInfoConfigMap - [helmpods] Desired PodInfo ConfigMap (metrics port: 9399) (metrics path: /)
2025-01-29 01:03:58,686 INFO c.h.h.t.HelmChartContainer - [hivemq-test-hivemq-platform] [hivemq-platform-operator] [1117efae] 01:03:58.685 [pool-6-thread-26] DEBUG c.h.p.o.dependants.PodInfoConfigMap - [helmpods] Desired PodInfo ConfigMap (extension state hash: 337402471)
2025-01-29 01:03:58,689 INFO c.h.h.t.HelmChartContainer - [hivemq-test-hivemq-platform] [hivemq-platform-operator] [1117efae] 01:03:58.688 [pool-6-thread-24] DEBUG c.h.p.o.d.StatefulSetResource - [helmpods] Desired StatefulSet (1 replicas) for status RESTART_EXTENSIONS (WAIT_FOR_EXTENSION_RESTART)
2025-01-29 01:03:58,692 INFO c.h.h.t.HelmChartContainer - [hivemq-test-hivemq-platform] [hivemq-platform-operator] [1117efae] 01:03:58.691 [ReconcilerExecutor-hivemq-controller-131] INFO  c.h.p.o.HiveMQPlatformReconciler - [helmpods] Reconciling HiveMQ Platform 'test-hivemq-platform' in namespace 'helmpodsecuritycontextupgradeextensionit'
2025-01-29 01:03:58,692 INFO c.h.h.t.HelmChartContainer - [hivemq-test-hivemq-platform] [hivemq-platform-operator] [1117efae] 01:03:58.691 [ReconcilerExecutor-hivemq-controller-131] DEBUG c.h.p.o.HiveMQPlatformReconciler - [helmpods] Custom Resource Status RESTART_EXTENSIONS - HiveMQ Platform is waiting for extension restart (hivemq-distributed-tracing-extension) (WAIT_FOR_EXTENSION_RESTART)
2025-01-29 01:03:58,692 INFO c.h.h.t.HelmChartContainer - [hivemq-test-hivemq-platform] [hivemq-platform-operator] [1117efae] 01:03:58.691 [ReconcilerExecutor-hivemq-controller-131] DEBUG c.h.p.o.HiveMQPlatformReconciler - [helmpods] Custom Resource Spec (replicas: 1) (extensions: 1)
2025-01-29 01:03:58,693 INFO c.h.h.t.HelmChartContainer - [hivemq-test-hivemq-platform] [hivemq-platform-operator] [1117efae] 01:03:58.692 [ReconcilerExecutor-hivemq-controller-131] DEBUG c.h.p.o.HiveMQPlatformReconciler - [helmpods] StatefulSet Status (revision: test-hivemq-platform-f6cdc458c, replicas: 1, available: 1, ready: 1, current: 1, updated: 1)
2025-01-29 01:03:58,693 INFO c.h.h.t.HelmChartContainer - [hivemq-test-hivemq-platform] [hivemq-platform-operator] [1117efae] 01:03:58.692 [ReconcilerExecutor-hivemq-controller-131] DEBUG c.h.p.o.HiveMQPlatformReconciler - [helmpods] StatefulSet Spec (replicas: 1, init containers: 1, containers: 1, volumes: 4)
2025-01-29 01:03:58,694 INFO c.h.h.t.HelmChartContainer - [hivemq-test-hivemq-platform] [hivemq-platform-operator] [1117efae] 01:03:58.693 [ReconcilerExecutor-hivemq-controller-131] DEBUG c.h.p.o.h.HiveMQPlatformReconcilerErrorHandler - [helmpods] Pod 'test-hivemq-platform-0' phase Running
2025-01-29 01:03:58,695 INFO c.h.h.t.HelmChartContainer - [hivemq-test-hivemq-platform] [hivemq-platform-operator] [1117efae] 01:03:58.694 [ReconcilerExecutor-hivemq-controller-131] INFO  c.h.p.o.h.HiveMQPlatformReconcilerRestartExtensionsHandler - [helmpods] Successfully updated extensions on all Pods
2025-01-29 01:03:58,704 INFO c.h.h.t.HelmChartContainer - [hivemq-test-hivemq-platform] [hivemq-platform-operator] [1117efae] 01:03:58.703 [ReconcilerExecutor-hivemq-controller-131] DEBUG c.h.p.operator.event.EventSender - [helmpods] Updating K8s event hivemq-platform-ready: [Ready] HiveMQ Platform is ready
2025-01-29 01:03:58,704 INFO c.h.h.t.HelmChartContainer - [EVENT] Normal [Ready] HiveMQ Platform is ready [helmpodsecuritycontextupgradeextensionit:test-hivemq-platform]
2025-01-29 01:03:58,704 INFO c.h.h.t.HelmChartContainer - [hivemq-test-hivemq-platform] [hivemq-platform-operator] [1117efae] 01:03:58.703 [ReconcilerExecutor-hivemq-controller-131] INFO  c.h.p.o.h.AbstractHiveMQReconcilerStateHandler - [helmpods] Update HiveMQ Platform Status (RESTART_EXTENSIONS [WAIT_FOR_EXTENSION_RESTART] -> RUNNING [READY]): HiveMQ Platform is ready
2025-01-29 01:03:58,711 DEBUG com.hivemq.helmcharts.util.K8sUtil - Comparing actual state 'RUNNING' and waiting for 'RUNNING'
2025-01-29 01:04:00,712 INFO c.h.h.t.HelmChartContainer - Uninstalling release 'test-hivemq-platform' in namespace 'helmpodsecuritycontextupgradeextensionit'...
2025-01-29 01:04:00,712 DEBUG c.h.h.t.HelmChartContainer - Executing helm command: /bin/helm --kubeconfig /etc/rancher/k3s/k3s.yaml uninstall test-hivemq-platform  --wait --timeout 5m0s --cascade foreground --namespace helmpodsecuritycontextupgradeextensionit
2025-01-29 01:04:00,930 INFO c.h.h.t.HelmChartContainer - [hivemq-test-hivemq-platform] [hivemq-platform-operator] [1117efae] 01:04:00.926 [pool-6-thread-33] DEBUG c.h.p.o.d.PlatformServiceResource - [helmpods] Desired Platform services (3 services)
2025-01-29 01:04:00,933 INFO c.h.h.t.HelmChartContainer - [hivemq-test-hivemq-platform] [hivemq-platform-operator] [1117efae] 01:04:00.927 [pool-6-thread-35] DEBUG c.h.p.o.d.PodServiceAccountResource - [helmpods] Desired PodServiceAccountResource (serviceAccountName: hivemq-platform-pod-test-hivemq-platform)
2025-01-29 01:04:00,933 INFO c.h.h.t.HelmChartContainer - [hivemq-test-hivemq-platform] [hivemq-platform-operator] [1117efae] 01:04:00.931 [pool-6-thread-37] DEBUG c.h.p.o.dependants.PodInfoConfigMap - [helmpods] Desired PodInfo ConfigMap (1 extensions) (1 enabled)
2025-01-29 01:04:00,933 INFO c.h.h.t.HelmChartContainer - [hivemq-test-hivemq-platform] [hivemq-platform-operator] [1117efae] 01:04:00.931 [pool-6-thread-37] DEBUG c.h.p.o.dependants.PodInfoConfigMap - [helmpods] Desired PodInfo ConfigMap (metrics port: 9399) (metrics path: /)
2025-01-29 01:04:00,934 INFO c.h.h.t.HelmChartContainer - [hivemq-test-hivemq-platform] [hivemq-platform-operator] [1117efae] 01:04:00.932 [pool-6-thread-37] DEBUG c.h.p.o.dependants.PodInfoConfigMap - [helmpods] Desired PodInfo ConfigMap (extension state hash: 337402471)
2025-01-29 01:04:00,941 INFO c.h.h.t.HelmChartContainer - [hivemq-test-hivemq-platform] [hivemq-platform-operator] [1117efae] 01:04:00.934 [pool-6-thread-37] DEBUG c.h.p.o.dependants.PodInfoConfigMap - [helmpods] Update PodInfo ConfigMap
2025-01-29 01:04:00,952 INFO c.h.h.t.HelmChartContainer - [hivemq-test-hivemq-platform] [hivemq-platform-operator] [1117efae] 01:04:00.950 [pool-6-thread-37] DEBUG c.h.p.o.d.StatefulSetResource - [helmpods] Desired StatefulSet (1 replicas) for status RUNNING (READY)
2025-01-29 01:04:00,984 INFO c.h.h.t.HelmChartContainer - [hivemq-test-hivemq-platform] [hivemq-platform-operator] [1117efae] 01:04:00.983 [ReconcilerExecutor-hivemq-controller-133] INFO  c.h.p.o.HiveMQPlatformReconciler - [helmpods] Reconciling HiveMQ Platform 'test-hivemq-platform' in namespace 'helmpodsecuritycontextupgradeextensionit'
2025-01-29 01:04:00,985 INFO c.h.h.t.HelmChartContainer - [hivemq-test-hivemq-platform] [hivemq-platform-operator] [1117efae] 01:04:00.983 [ReconcilerExecutor-hivemq-controller-133] DEBUG c.h.p.o.HiveMQPlatformReconciler - [helmpods] Custom Resource Status RUNNING - HiveMQ Platform is ready (READY)
2025-01-29 01:04:00,985 INFO c.h.h.t.HelmChartContainer - [hivemq-test-hivemq-platform] [hivemq-platform-operator] [1117efae] 01:04:00.983 [ReconcilerExecutor-hivemq-controller-133] DEBUG c.h.p.o.HiveMQPlatformReconciler - [helmpods] Custom Resource Spec (replicas: 1) (extensions: 1)
2025-01-29 01:04:00,986 INFO c.h.h.t.HelmChartContainer - [hivemq-test-hivemq-platform] [hivemq-platform-operator] [1117efae] 01:04:00.984 [ReconcilerExecutor-hivemq-controller-133] DEBUG c.h.p.o.HiveMQPlatformReconciler - [helmpods] StatefulSet Status (revision: test-hivemq-platform-f6cdc458c, replicas: 1, available: 1, ready: 1, current: 1, updated: 1)
2025-01-29 01:04:00,987 INFO c.h.h.t.HelmChartContainer - [hivemq-test-hivemq-platform] [hivemq-platform-operator] [1117efae] 01:04:00.986 [ReconcilerExecutor-hivemq-controller-133] DEBUG c.h.p.o.HiveMQPlatformReconciler - [helmpods] StatefulSet Spec (replicas: 1, init containers: 1, containers: 1, volumes: 4)
2025-01-29 01:04:00,990 INFO c.h.h.t.HelmChartContainer - [hivemq-test-hivemq-platform] [hivemq-platform-operator] [1117efae] 01:04:00.989 [ReconcilerExecutor-hivemq-controller-133] DEBUG c.h.p.o.h.HiveMQPlatformReconcilerErrorHandler - [helmpods] Pod 'test-hivemq-platform-0' phase Running
2025-01-29 01:04:00,990 INFO c.h.h.t.HelmChartContainer - [hivemq-test-hivemq-platform] [hivemq-platform-operator] [1117efae] 01:04:00.989 [ReconcilerExecutor-hivemq-controller-133] DEBUG c.h.p.o.HiveMQPlatformReconciler - [helmpods] PodInfoConfigMap is not ready yet
2025-01-29 01:04:01,087 INFO c.h.h.t.HelmChartContainer - [hivemq-test-hivemq-platform] [hivemq-platform-operator] [1117efae] 01:04:01.085 [ReconcilerExecutor-hivemq-controller-140] INFO  c.h.p.o.HiveMQPlatformReconciler - [helmpods] Cleanup test-hivemq-platform - helmpodsecuritycontextupgradeextensionit HiveMQ Platform is shut down
2025-01-29 01:04:01,485 INFO c.h.h.t.HelmChartContainer - [POD] test-hivemq-platform-0 [4e0c1acd-54bc-4a38-90cb-32d248890f66] in helmpodsecuritycontextupgradeextensionit was MODIFIED
2025-01-29 01:04:01,492 INFO c.h.h.t.HelmChartContainer - [EVENT] Normal [Killing] Stopping container hivemq [helmpodsecuritycontextupgradeextensionit:test-hivemq-platform-0]
2025-01-29 01:04:01,492 INFO c.h.h.t.HelmChartContainer - Received Killing event for container hivemq in pod test-hivemq-platform-0 [4e0c1acd-54bc-4a38-90cb-32d248890f66]
2025-01-29 01:04:01,492 INFO c.h.h.t.HelmChartContainer - Container [test-hivemq-platform-0] [hivemq] [4e0c1acd-54bc-4a38-90cb-32d248890f66] was terminated
2025-01-29 01:04:01,492 INFO c.h.h.t.HelmChartContainer - Stopped log watcher for hivemq in pod test-hivemq-platform-0 [4e0c1acd-54bc-4a38-90cb-32d248890f66]
2025-01-29 01:04:01,519 INFO c.h.h.t.HelmChartContainer - [test-hivemq-platform] [hivemq] [4e0c1acd] INFO  - [HiveMQ Platform Operator Init App 1.7.0-SNAPSHOT] Shutting down
2025-01-29 01:04:01,519 INFO c.h.h.t.HelmChartContainer - [test-hivemq-platform] [hivemq] [4e0c1acd] INFO  - [HiveMQ Platform Operator Init App 1.7.0-SNAPSHOT] Stopping the HiveMQ Platform
2025-01-29 01:04:01,699 INFO c.h.h.t.HelmChartContainer - [test-hivemq-platform] [hivemq] [4e0c1acd] INFO  - Shutting down HiveMQ. Please wait, this could take a while...
2025-01-29 01:04:01,704 INFO c.h.h.t.HelmChartContainer - [test-hivemq-platform] [hivemq] [4e0c1acd] INFO  - Shutting down listeners and clients
2025-01-29 01:04:01,706 INFO c.h.h.t.HelmChartContainer - [test-hivemq-platform] [hivemq] [4e0c1acd] INFO  - Shutdown of listeners is done
2025-01-29 01:04:01,706 INFO c.h.h.t.HelmChartContainer - [test-hivemq-platform] [hivemq] [4e0c1acd] INFO  - No clients are connected, proceeding with shutdown
2025-01-29 01:04:01,790 INFO c.h.h.t.HelmChartContainer - [test-hivemq-platform] [hivemq] [4e0c1acd] INFO  - [HiveMQ Platform Operator Init App 1.7.0-SNAPSHOT] Returning shutdown Health API response 503 for readiness
2025-01-29 01:04:01,795 INFO c.h.h.t.HelmChartContainer - [EVENT] Warning [Unhealthy] Readiness probe failed: HTTP probe failed with statuscode: 503 [helmpodsecuritycontextupgradeextensionit:test-hivemq-platform-0]
2025-01-29 01:04:01,795 INFO c.h.h.t.HelmChartContainer - Received Unhealthy event for container hivemq in pod test-hivemq-platform-0 [4e0c1acd-54bc-4a38-90cb-32d248890f66]
2025-01-29 01:04:02,341 INFO c.h.h.t.HelmChartContainer - [test-hivemq-platform] [hivemq] [4e0c1acd] WARN  - [HiveMQ Platform Operator Init App 1.7.0-SNAPSHOT] Could not update Pod annotations: Failure executing: GET at: https://10.43.0.1:443/api/v1/namespaces/helmpodsecuritycontextupgradeextensionit/pods/test-hivemq-platform-0. Message: pods "test-hivemq-platform-0" is forbidden: User "system:serviceaccount:helmpodsecuritycontextupgradeextensionit:hivemq-platform-pod-test-hivemq-platform" cannot get resource "pods" in API group "" in the namespace "helmpodsecuritycontextupgradeextensionit". Received status: Status(apiVersion=v1, code=403, details=StatusDetails(causes=[], group=null, kind=pods, name=test-hivemq-platform-0, retryAfterSeconds=null, uid=null, additionalProperties={}), kind=Status, message=pods "test-hivemq-platform-0" is forbidden: User "system:serviceaccount:helmpodsecuritycontextupgradeextensionit:hivemq-platform-pod-test-hivemq-platform" cannot get resource "pods" in API group "" in the namespace "helmpodsecuritycontextupgradeextensionit", metadata=ListMeta(_continue=null, remainingItemCount=null, resourceVersion=null, selfLink=null, additionalProperties={}), reason=Forbidden, status=Failure, additionalProperties={}).
2025-01-29 01:04:02,980 INFO c.h.h.t.HelmChartContainer - Deleting namespace 'helmpodsecuritycontextupgradeextensionit'...
2025-01-29 01:04:04,872 INFO c.h.h.t.HelmChartContainer - [test-hivemq-platform] [hivemq] [4e0c1acd] INFO  - Shutting down extension system
2025-01-29 01:04:04,876 INFO c.h.h.t.HelmChartContainer - [test-hivemq-platform] [hivemq] [4e0c1acd] INFO  - Stopping extension with id hivemq-dns-cluster-discovery
2025-01-29 01:04:04,877 INFO c.h.h.t.HelmChartContainer - [test-hivemq-platform] [hivemq] [4e0c1acd] INFO  - Extension "DNS Cluster Discovery Extension" version 4.3.2 stopped successfully.
2025-01-29 01:04:04,877 INFO c.h.h.t.HelmChartContainer - [test-hivemq-platform] [hivemq] [4e0c1acd] INFO  - Stopping extension with id hivemq-distributed-tracing-extension
2025-01-29 01:04:04,878 INFO c.h.h.t.HelmChartContainer - [test-hivemq-platform] [hivemq] [4e0c1acd] INFO  - Extension "HiveMQ Enterprise Distributed Tracing Extension" version 4.36.0 stopped successfully.
2025-01-29 01:04:04,878 INFO c.h.h.t.HelmChartContainer - [test-hivemq-platform] [hivemq] [4e0c1acd] INFO  - Stopping extension with id hivemq-prometheus-extension
2025-01-29 01:04:04,884 INFO c.h.h.t.HelmChartContainer - [test-hivemq-platform] [hivemq] [4e0c1acd] INFO  - Extension "Prometheus Monitoring Extension" version 4.0.12 stopped successfully.
2025-01-29 01:04:04,884 INFO c.h.h.t.HelmChartContainer - [test-hivemq-platform] [hivemq] [4e0c1acd] INFO  - Stopping extension with id hivemq-allow-all-extension
2025-01-29 01:04:04,885 INFO c.h.h.t.HelmChartContainer - [test-hivemq-platform] [hivemq] [4e0c1acd] INFO  - Extension "Allow All Extension" version 1.1.1 stopped successfully.
2025-01-29 01:04:06,783 INFO c.h.h.t.HelmChartContainer - [EVENT] Warning [Unhealthy] Readiness probe failed: HTTP probe failed with statuscode: 503 [helmpodsecuritycontextupgradeextensionit:test-hivemq-platform-0]
2025-01-29 01:04:06,783 INFO c.h.h.t.HelmChartContainer - Received Unhealthy event for container hivemq in pod test-hivemq-platform-0 [4e0c1acd-54bc-4a38-90cb-32d248890f66]
2025-01-29 01:04:07,298 INFO c.h.h.t.HelmChartContainer - [test-hivemq-platform] [hivemq] [4e0c1acd] INFO  - Shutdown completed.
2025-01-29 01:04:07,344 INFO c.h.h.t.HelmChartContainer - [K3S] [authentication.go:74] "Unable to authenticate the request" err="[invalid bearer token, serviceaccounts \"hivemq-platform-pod-test-hivemq-platform\" not found]"
2025-01-29 01:04:07,365 INFO c.h.h.t.HelmChartContainer - [K3S] [authentication.go:74] "Unable to authenticate the request" err="[invalid bearer token, serviceaccounts \"hivemq-platform-pod-test-hivemq-platform\" not found]"
2025-01-29 01:04:07,390 INFO c.h.h.t.HelmChartContainer - [test-hivemq-platform] [hivemq] [4e0c1acd] WARN  - [HiveMQ Platform Operator Init App 1.7.0-SNAPSHOT] Could not update Pod annotations: Failure executing: GET at: https://10.43.0.1:443/api/v1/namespaces/helmpodsecuritycontextupgradeextensionit/pods/test-hivemq-platform-0. Message: Unauthorized. Received status: Status(apiVersion=v1, code=401, details=null, kind=Status, message=Unauthorized, metadata=ListMeta(_continue=null, remainingItemCount=null, resourceVersion=null, selfLink=null, additionalProperties={}), reason=Unauthorized, status=Failure, additionalProperties={}).
2025-01-29 01:04:07,678 INFO c.h.h.t.HelmChartContainer - [test-hivemq-platform] [hivemq] [4e0c1acd] INFO  - [HiveMQ Platform Operator Init App 1.7.0-SNAPSHOT] The HiveMQ Platform exited with code 143
2025-01-29 01:04:07,678 INFO c.h.h.t.HelmChartContainer - [test-hivemq-platform] [hivemq] [4e0c1acd] INFO  - [HiveMQ Platform Operator Init App 1.7.0-SNAPSHOT] Stopping the REST API
2025-01-29 01:04:07,690 INFO c.h.h.t.HelmChartContainer - [test-hivemq-platform] [hivemq] [4e0c1acd] INFO  - [HiveMQ Platform Operator Init App 1.7.0-SNAPSHOT] Shutdown complete
2025-01-29 01:04:08,045 INFO c.h.h.t.HelmChartContainer - [K3S] [stateful_set.go:466] "StatefulSet has been deleted" key="helmpodsecuritycontextupgradeextensionit/test-hivemq-platform"
2025-01-29 01:04:08,166 INFO c.h.h.t.HelmChartContainer - [POD] test-hivemq-platform-0 [4e0c1acd-54bc-4a38-90cb-32d248890f66] in helmpodsecuritycontextupgradeextensionit was MODIFIED
2025-01-29 01:04:08,315 INFO c.h.h.t.HelmChartContainer - [K3S] [reconciler_common.go:162] "operationExecutor.UnmountVolume started for volume \"kube-api-access-knnqz\" (UniqueName: \"kubernetes.io/projected/4e0c1acd-54bc-4a38-90cb-32d248890f66-kube-api-access-knnqz\") pod \"4e0c1acd-54bc-4a38-90cb-32d248890f66\" (UID: \"4e0c1acd-54bc-4a38-90cb-32d248890f66\") "
2025-01-29 01:04:08,315 INFO c.h.h.t.HelmChartContainer - [K3S] [reconciler_common.go:162] "operationExecutor.UnmountVolume started for volume \"extension-configuration-hivemq-distributed-tracing-extension\" (UniqueName: \"kubernetes.io/configmap/4e0c1acd-54bc-4a38-90cb-32d248890f66-extension-configuration-hivemq-distributed-tracing-extension\") pod \"4e0c1acd-54bc-4a38-90cb-32d248890f66\" (UID: \"4e0c1acd-54bc-4a38-90cb-32d248890f66\") "
2025-01-29 01:04:08,315 INFO c.h.h.t.HelmChartContainer - [K3S] [reconciler_common.go:162] "operationExecutor.UnmountVolume started for volume \"broker-configuration\" (UniqueName: \"kubernetes.io/configmap/4e0c1acd-54bc-4a38-90cb-32d248890f66-broker-configuration\") pod \"4e0c1acd-54bc-4a38-90cb-32d248890f66\" (UID: \"4e0c1acd-54bc-4a38-90cb-32d248890f66\") "
2025-01-29 01:04:08,315 INFO c.h.h.t.HelmChartContainer - [K3S] [reconciler_common.go:162] "operationExecutor.UnmountVolume started for volume \"pod-info\" (UniqueName: \"kubernetes.io/configmap/4e0c1acd-54bc-4a38-90cb-32d248890f66-pod-info\") pod \"4e0c1acd-54bc-4a38-90cb-32d248890f66\" (UID: \"4e0c1acd-54bc-4a38-90cb-32d248890f66\") "
2025-01-29 01:04:08,316 INFO c.h.h.t.HelmChartContainer - [K3S] [reconciler_common.go:162] "operationExecutor.UnmountVolume started for volume \"operator-init\" (UniqueName: \"kubernetes.io/empty-dir/4e0c1acd-54bc-4a38-90cb-32d248890f66-operator-init\") pod \"4e0c1acd-54bc-4a38-90cb-32d248890f66\" (UID: \"4e0c1acd-54bc-4a38-90cb-32d248890f66\") "
2025-01-29 01:04:08,415 INFO c.h.h.t.HelmChartContainer - [K3S] [reconciler_common.go:299] "Volume detached for volume \"pod-info\" (UniqueName: \"kubernetes.io/configmap/4e0c1acd-54bc-4a38-90cb-32d248890f66-pod-info\") on node \"378b0af89195\" DevicePath \"\""
2025-01-29 01:04:08,416 INFO c.h.h.t.HelmChartContainer - [K3S] [reconciler_common.go:299] "Volume detached for volume \"operator-init\" (UniqueName: \"kubernetes.io/empty-dir/4e0c1acd-54bc-4a38-90cb-32d248890f66-operator-init\") on node \"378b0af89195\" DevicePath \"\""
2025-01-29 01:04:08,416 INFO c.h.h.t.HelmChartContainer - [K3S] [reconciler_common.go:299] "Volume detached for volume \"broker-configuration\" (UniqueName: \"kubernetes.io/configmap/4e0c1acd-54bc-4a38-90cb-32d248890f66-broker-configuration\") on node \"378b0af89195\" DevicePath \"\""
2025-01-29 01:04:08,416 INFO c.h.h.t.HelmChartContainer - [K3S] [reconciler_common.go:299] "Volume detached for volume \"extension-configuration-hivemq-distributed-tracing-extension\" (UniqueName: \"kubernetes.io/configmap/4e0c1acd-54bc-4a38-90cb-32d248890f66-extension-configuration-hivemq-distributed-tracing-extension\") on node \"378b0af89195\" DevicePath \"\""
2025-01-29 01:04:08,416 INFO c.h.h.t.HelmChartContainer - [K3S] [reconciler_common.go:299] "Volume detached for volume \"kube-api-access-knnqz\" (UniqueName: \"kubernetes.io/projected/4e0c1acd-54bc-4a38-90cb-32d248890f66-kube-api-access-knnqz\") on node \"378b0af89195\" DevicePath \"\""
2025-01-29 01:04:08,807 INFO c.h.h.t.HelmChartContainer - [K3S] [scope.go:117] "RemoveContainer" containerID="63e4e4380c9ec64d75d7e8755309b490960170b08d803e25dc947f63fe4eb7eb"
2025-01-29 01:04:08,822 INFO c.h.h.t.HelmChartContainer - [POD] test-hivemq-platform-0 [4e0c1acd-54bc-4a38-90cb-32d248890f66] in helmpodsecuritycontextupgradeextensionit was MODIFIED
2025-01-29 01:04:08,832 INFO c.h.h.t.HelmChartContainer - [POD] test-hivemq-platform-0 [4e0c1acd-54bc-4a38-90cb-32d248890f66] in helmpodsecuritycontextupgradeextensionit was DELETED
2025-01-29 01:04:08,910 INFO c.h.h.t.HelmChartContainer - [K3S] [scope.go:117] "RemoveContainer" containerID="5c5608bae66dab8e1fc1a0c385b27972c916f602030debaa38aa9292497f19ed"
2025-01-29 01:04:08,913 INFO c.h.h.t.HelmChartContainer - [K3S] [scope.go:117] "RemoveContainer" containerID="63e4e4380c9ec64d75d7e8755309b490960170b08d803e25dc947f63fe4eb7eb"
2025-01-29 01:04:08,913 INFO c.h.h.t.HelmChartContainer - [K3S] [scope.go:117] "RemoveContainer" containerID="5c5608bae66dab8e1fc1a0c385b27972c916f602030debaa38aa9292497f19ed"
2025-01-29 01:04:10,260 INFO c.h.h.t.HelmChartContainer - [K3S] [kubelet_volumes.go:163] "Cleaned up orphaned pod volumes dir" podUID="4e0c1acd-54bc-4a38-90cb-32d248890f66" path="/var/lib/kubelet/pods/4e0c1acd-54bc-4a38-90cb-32d248890f66/volumes"
2025-01-29 01:04:13,308 INFO c.h.h.t.HelmChartContainer - Namespace 'helmpodsecuritycontextupgradeextensionit' deleted
2025-01-29 01:04:13,308 INFO c.h.h.t.HelmChartContainer - Release 'test-hivemq-platform' in namespace 'helmpodsecuritycontextupgradeextensionit' is uninstalled
2025-01-29 01:04:13,308 INFO c.h.h.t.HelmChartContainer - Uninstalling release 'test-hivemq-platform-operator' in namespace 'helmpodsecuritycontextupgradeextensionit-operator'...
2025-01-29 01:04:13,308 DEBUG c.h.h.t.HelmChartContainer - Executing helm command: /bin/helm --kubeconfig /etc/rancher/k3s/k3s.yaml uninstall test-hivemq-platform-operator  --wait --timeout 5m0s --cascade foreground --namespace helmpodsecuritycontextupgradeextensionit-operator
2025-01-29 01:04:13,465 INFO c.h.h.t.HelmChartContainer - [K3S] [replica_set.go:679] "Finished syncing" kind="ReplicaSet" key="helmpodsecuritycontextupgradeextensionit-operator/hivemq-test-hivemq-platform-operator-7ccc997bc4" duration="9.75411ms"
2025-01-29 01:04:13,466 INFO c.h.h.t.HelmChartContainer - [K3S] [replica_set.go:679] "Finished syncing" kind="ReplicaSet" key="helmpodsecuritycontextupgradeextensionit-operator/hivemq-test-hivemq-platform-operator-7ccc997bc4" duration="34.054µs"
2025-01-29 01:04:13,475 INFO c.h.h.t.HelmChartContainer - [POD] hivemq-test-hivemq-platform-operator-7ccc997bc4-22n72 [1117efae-08f0-4ecc-a2f6-7c9726a9ad56] in helmpodsecuritycontextupgradeextensionit-operator was MODIFIED
2025-01-29 01:04:13,495 INFO c.h.h.t.HelmChartContainer - [hivemq-test-hivemq-platform] [hivemq-platform-operator] [1117efae] 01:04:13.488 [application-shutdown-thread] INFO  c.h.p.o.HiveMQPlatformOperatorApplication - HiveMQ Platform Operator is stopping...
2025-01-29 01:04:13,495 INFO c.h.h.t.HelmChartContainer - [hivemq-test-hivemq-platform] [hivemq-platform-operator] [1117efae] 01:04:13.488 [application-shutdown-thread] INFO  i.javaoperatorsdk.operator.Operator - Operator SDK 4.9.7 is shutting down...
2025-01-29 01:04:13,498 INFO c.h.h.t.HelmChartContainer - [EVENT] Normal [Killing] Stopping container hivemq-platform-operator [helmpodsecuritycontextupgradeextensionit-operator:hivemq-test-hivemq-platform-operator-7ccc997bc4-22n72]
2025-01-29 01:04:13,499 INFO c.h.h.t.HelmChartContainer - Received Killing event for container hivemq-platform-operator in pod hivemq-test-hivemq-platform-operator-7ccc997bc4-22n72 [1117efae-08f0-4ecc-a2f6-7c9726a9ad56]
2025-01-29 01:04:13,499 INFO c.h.h.t.HelmChartContainer - Container [hivemq-test-hivemq-platform-operator-7ccc997bc4-22n72] [hivemq-platform-operator] [1117efae-08f0-4ecc-a2f6-7c9726a9ad56] was terminated
2025-01-29 01:04:13,499 INFO c.h.h.t.HelmChartContainer - Stopped log watcher for hivemq-platform-operator in pod hivemq-test-hivemq-platform-operator-7ccc997bc4-22n72 [1117efae-08f0-4ecc-a2f6-7c9726a9ad56]
2025-01-29 01:04:13,508 INFO c.h.h.t.HelmChartContainer - [K3S] [replica_set.go:679] "Finished syncing" kind="ReplicaSet" key="helmpodsecuritycontextupgradeextensionit-operator/hivemq-test-hivemq-platform-operator-7ccc997bc4" duration="30.140537ms"
2025-01-29 01:04:13,508 INFO c.h.h.t.HelmChartContainer - [K3S] [replica_set.go:679] "Finished syncing" kind="ReplicaSet" key="helmpodsecuritycontextupgradeextensionit-operator/hivemq-test-hivemq-platform-operator-7ccc997bc4" duration="44.173µs"
2025-01-29 01:04:14,017 INFO c.h.h.t.HelmChartContainer - [K3S] [replica_set.go:679] "Finished syncing" kind="ReplicaSet" key="helmpodsecuritycontextupgradeextensionit-operator/hivemq-test-hivemq-platform-operator-7ccc997bc4" duration="44.865µs"
2025-01-29 01:04:14,018 INFO c.h.h.t.HelmChartContainer - [POD] hivemq-test-hivemq-platform-operator-7ccc997bc4-22n72 [1117efae-08f0-4ecc-a2f6-7c9726a9ad56] in helmpodsecuritycontextupgradeextensionit-operator was MODIFIED
2025-01-29 01:04:14,148 INFO c.h.h.t.HelmChartContainer - [K3S] [reconciler_common.go:162] "operationExecutor.UnmountVolume started for volume \"kube-api-access-x7ww2\" (UniqueName: \"kubernetes.io/projected/1117efae-08f0-4ecc-a2f6-7c9726a9ad56-kube-api-access-x7ww2\") pod \"1117efae-08f0-4ecc-a2f6-7c9726a9ad56\" (UID: \"1117efae-08f0-4ecc-a2f6-7c9726a9ad56\") "
2025-01-29 01:04:14,248 INFO c.h.h.t.HelmChartContainer - [K3S] [reconciler_common.go:299] "Volume detached for volume \"kube-api-access-x7ww2\" (UniqueName: \"kubernetes.io/projected/1117efae-08f0-4ecc-a2f6-7c9726a9ad56-kube-api-access-x7ww2\") on node \"378b0af89195\" DevicePath \"\""
2025-01-29 01:04:14,817 INFO c.h.h.t.HelmChartContainer - [K3S] [scope.go:117] "RemoveContainer" containerID="9df04464abd0ca8fa48cc56e07a5597126e52150514f1a9f0d0d6d0248b4443d"
2025-01-29 01:04:14,820 INFO c.h.h.t.HelmChartContainer - [K3S] [scope.go:117] "RemoveContainer" containerID="9df04464abd0ca8fa48cc56e07a5597126e52150514f1a9f0d0d6d0248b4443d"
2025-01-29 01:04:14,825 INFO c.h.h.t.HelmChartContainer - [K3S] [replica_set.go:679] "Finished syncing" kind="ReplicaSet" key="helmpodsecuritycontextupgradeextensionit-operator/hivemq-test-hivemq-platform-operator-7ccc997bc4" duration="46.948µs"
2025-01-29 01:04:14,829 INFO c.h.h.t.HelmChartContainer - [K3S] [replica_set.go:679] "Finished syncing" kind="ReplicaSet" key="helmpodsecuritycontextupgradeextensionit-operator/hivemq-test-hivemq-platform-operator-7ccc997bc4" duration="34.175µs"
2025-01-29 01:04:14,830 INFO c.h.h.t.HelmChartContainer - [POD] hivemq-test-hivemq-platform-operator-7ccc997bc4-22n72 [1117efae-08f0-4ecc-a2f6-7c9726a9ad56] in helmpodsecuritycontextupgradeextensionit-operator was MODIFIED
2025-01-29 01:04:14,833 INFO c.h.h.t.HelmChartContainer - [POD] hivemq-test-hivemq-platform-operator-7ccc997bc4-22n72 [1117efae-08f0-4ecc-a2f6-7c9726a9ad56] in helmpodsecuritycontextupgradeextensionit-operator was DELETED
2025-01-29 01:04:14,839 INFO c.h.h.t.HelmChartContainer - [K3S] [replica_set.go:679] "Finished syncing" kind="ReplicaSet" key="helmpodsecuritycontextupgradeextensionit-operator/hivemq-test-hivemq-platform-operator-7ccc997bc4" duration="5.38µs"
2025-01-29 01:04:15,518 INFO c.h.h.t.HelmChartContainer - Deleting namespace 'helmpodsecuritycontextupgradeextensionit-operator'...
2025-01-29 01:04:16,260 INFO c.h.h.t.HelmChartContainer - [K3S] [kubelet_volumes.go:163] "Cleaned up orphaned pod volumes dir" podUID="1117efae-08f0-4ecc-a2f6-7c9726a9ad56" path="/var/lib/kubelet/pods/1117efae-08f0-4ecc-a2f6-7c9726a9ad56/volumes"
2025-01-29 01:04:17,914 INFO c.h.h.t.HelmChartContainer - [K3S] [range_allocator.go:247] "Successfully synced" key="378b0af89195"
2025-01-29 01:04:18,236 INFO c.h.h.t.HelmChartContainer - [K3S] [namespace_controller.go:187] "Namespace has been deleted" namespace="helmpodsecuritycontextupgradeextensionit"
2025-01-29 01:04:20,735 INFO c.h.h.t.HelmChartContainer - Namespace 'helmpodsecuritycontextupgradeextensionit-operator' deleted
2025-01-29 01:04:20,735 INFO c.h.h.t.HelmChartContainer - Release 'test-hivemq-platform-operator' in namespace 'helmpodsecuritycontextupgradeextensionit-operator' is uninstalled
2025-01-29 01:04:21,459 INFO c.h.helmcharts.AbstractHelmChartIT - Removed unused containers:

2025-01-29 01:04:25,639 INFO c.h.h.t.HelmChartContainer - [K3S] [namespace_controller.go:187] "Namespace has been deleted" namespace="helmpodsecuritycontextupgradeextensionit-operator"
2025-01-29 01:04:29,078 INFO c.h.helmcharts.AbstractHelmChartIT - Removed unused snapshots:
Removing snapshot sha256:03af251906410714c5aef9fa705b63f6bbc39c4a5e787de7361eeb18886c2ed2
Removing snapshot sha256:0c46b3b43cce082ce5ec34ffc6c294e0417d17b9d1e6f366d114b6aadc4f96dc
Removing snapshot sha256:0ce761beee59082d6ed5bcebd3a805b8ddd9b3426b617e4809e7fb7c6587ffec
Removing snapshot sha256:0df91287303208332c8ff6ba40ae4710105201739addbfbddfb955f1ad593664
Removing snapshot sha256:1021ef88c7974bfff89c5a0ec4fd3160daac6c48a075f74cff721f85dd104e68
Removing snapshot sha256:10aba4953ddc18145dd38e3704709bc464aa20af60b56fe52caaff4b68411e62
Removing snapshot sha256:2573e0d8158209ed54ab25c87bcdcb00bd3d2539246960a3d592a1c599d70465
Removing snapshot sha256:332142ad8c54b90e09d02196e08dc21d6e1947b78465d0d7850e8f6619bb20b6
Removing snapshot sha256:362a8a37f8bbc31925a8146adcf7cf51f9882f5c1dcbef67c5baa03a297543c0
Removing snapshot sha256:43a7c979bbaba6838bc3102d6b10a1459f3ab050b87ccdfef84ef90cf43d3058
Removing snapshot sha256:4ab04491cdf0d3267f08206fe30bd48f49f94b9cab2f016d6739220f722a64af
Removing snapshot sha256:4b6068250e89c96f263060261819c7d912855bfbd64b3eb4c4a8483299b8c295
Removing snapshot sha256:580e69a0a8034ede1921139bbd2bfb72a69ebf276d008281896c32dd8bf74775
Removing snapshot sha256:5d30ba46b27fe37484567ccc5242cadc78217b8da605f3f195ef25cbf7487904
Removing snapshot sha256:63ca1fbb43ae5034640e5e6cb3e083e05c290072c5366fcaa9d62435a4cced85
Removing snapshot sha256:67f702c6baae873bceb19487c8b1f27bd2b86077e4f2f0e480e6d60ab508b8f5
Removing snapshot sha256:6864348dd42806d552efdec384f1274be15e2d0c10ce44c1f04347af004c10a9
Removing snapshot sha256:6c7dee8f2c39b84b7dc2711c01d33de93514d9055499173e9290176fbe484b6c
Removing snapshot sha256:82753493a6d61ded36556292f02f31841a14c20d2f279f19eaad65afb661d5cd
Removing snapshot sha256:8a10d3db42c505ee0fcfa98417bdd7e39b304f6bcc0a06bb1b220797ff2cc63c
Removing snapshot sha256:a0904247e36a7726c03c71ee48f3e64462021c88dafeb13f37fdaf613b27f11c
Removing snapshot sha256:a21e5b12dbac529ad45d976eb9ce45c881f3bedcc500fb30aba1e52aa1813418
Removing snapshot sha256:aac574c09f18f0f4e0a68fb480b0a214fc4dcc37065c070f347e4bbd025df887
Removing snapshot sha256:b921e6c28969094157f9b8e7244677780319637afd14450b7cb6b2fdea558a0c
Removing snapshot sha256:bc27ecb5769a00e309cf99ebc763c4a4b958b618d1decc96ffac5bc05f02f5b7
Removing snapshot sha256:be3ccb6627a5332e309d45ef461d09b4879dd870c7394d89323d0ebc6ca6aa8a
Removing snapshot sha256:c261f7cbbc64211ee175ee47273acdb7b1a36a4450b397a064a8f2c026490095
Removing snapshot sha256:c34d9393647eea0c9e3557ab988efaf59f61d10a2a5613b439ef0958cca5ec10
Removing snapshot sha256:ccf3c4a0fa967a41c1c83497a2ce6fa5787965859df0adb32c4ca2cf7490bc2b
Removing snapshot sha256:cf92d33f869417309692088c341cd0f223c178ea78a125f757317b22aa8f90e9
Removing snapshot sha256:d0037344cf2fb078884f1849f6a1f8cf9a33a3b6139b6a85833e5ee528e1f9a8
Removing snapshot sha256:d3b36d5b79273b1e98e7700470eaeff05a882e777124d84cebcc1505b85ecb36
Removing snapshot sha256:d65a44a37914602d12c611e5e22a50f11451d847e63015cc1c2aef92dee777a4
Removing snapshot sha256:e2dc0bae2455930f23ae570e019b7f32edc75c0f2d71cab084db837ff9051796
Removing snapshot sha256:eccbd24a99c60cd9e86ee5305dbfc4a4dc89f5ab4fb1f06c8d64797cecedef34
Removing snapshot sha256:f144bb4c7c7f0d2aa7eeffd36d934ec40db1ee167be727e326aad9fdc616f475

]]></system-out>
  </testcase>
  <system-out><![CDATA[2025-01-29 00:57:10,203 INFO c.h.h.t.HelmChartContainerExtension - Using cached HelmChartContainer instance
2025-01-29 00:57:10,209 INFO c.h.h.t.HelmChartContainerExtension - Creating cached HelmChartContainer instance
2025-01-29 00:57:10,231 INFO o.testcontainers.DockerClientFactory - Testcontainers version: 1.20.4
2025-01-29 00:57:10,616 INFO o.t.d.DockerClientProviderStrategy - Found Docker environment with local Unix socket (unix:///var/run/docker.sock)
2025-01-29 00:57:10,623 INFO o.testcontainers.DockerClientFactory - Docker host IP address is localhost
2025-01-29 00:57:10,636 INFO o.testcontainers.DockerClientFactory - Connected to docker: 
  Server Version: 26.1.3
  API Version: 1.45
  Operating System: Ubuntu 24.04.1 LTS
  Total Memory: 15990 MB
2025-01-29 00:57:10,641 INFO o.testcontainers.images.PullPolicy - Image pull policy will be performed by: DefaultPullPolicy()
2025-01-29 00:57:10,642 INFO o.t.utility.ImageNameSubstitutor - Image name substitution will be performed by: DefaultImageNameSubstitutor (composite of 'ConfigurationFileImageNameSubstitutor' and 'PrefixingImageNameSubstitutor')
2025-01-29 00:57:10,663 INFO tc.testcontainers/ryuk:0.11.0 - Pulling docker image: testcontainers/ryuk:0.11.0. Please be patient; this may take some time but only needs to be done once.
2025-01-29 00:57:11,726 INFO tc.testcontainers/ryuk:0.11.0 - Starting to pull image
2025-01-29 00:57:11,742 INFO tc.testcontainers/ryuk:0.11.0 - Pulling image layers:  0 pending,  0 downloaded,  0 extracted, (0 bytes/0 bytes)
2025-01-29 00:57:12,233 INFO tc.testcontainers/ryuk:0.11.0 - Pulling image layers:  2 pending,  1 downloaded,  0 extracted, (116 KB/? MB)
2025-01-29 00:57:12,246 INFO tc.testcontainers/ryuk:0.11.0 - Pulling image layers:  1 pending,  2 downloaded,  0 extracted, (116 KB/? MB)
2025-01-29 00:57:12,262 INFO tc.testcontainers/ryuk:0.11.0 - Pulling image layers:  0 pending,  3 downloaded,  0 extracted, (144 KB/10 MB)
2025-01-29 00:57:12,347 INFO tc.testcontainers/ryuk:0.11.0 - Pulling image layers:  0 pending,  3 downloaded,  1 extracted, (3 MB/10 MB)
2025-01-29 00:57:13,094 INFO tc.testcontainers/ryuk:0.11.0 - Pulling image layers:  0 pending,  3 downloaded,  2 extracted, (4 MB/10 MB)
2025-01-29 00:57:13,134 INFO tc.testcontainers/ryuk:0.11.0 - Pulling image layers:  0 pending,  3 downloaded,  3 extracted, (10 MB/10 MB)
2025-01-29 00:57:13,140 INFO tc.testcontainers/ryuk:0.11.0 - Pull complete. 3 layers, pulled in 1s (downloaded 10 MB at 10 MB/s)
2025-01-29 00:57:13,140 INFO tc.testcontainers/ryuk:0.11.0 - Image testcontainers/ryuk:0.11.0 pull took PT2.476811814S
2025-01-29 00:57:13,158 INFO tc.testcontainers/ryuk:0.11.0 - Creating container for image: testcontainers/ryuk:0.11.0
2025-01-29 00:57:13,213 INFO tc.testcontainers/ryuk:0.11.0 - Container testcontainers/ryuk:0.11.0 is starting: be326adb7057160099d7e92b5a4d6ac99d2c9136d64912ea07bd3c4e0758cf75
2025-01-29 00:57:13,465 INFO tc.testcontainers/ryuk:0.11.0 - Container testcontainers/ryuk:0.11.0 started in PT0.30637663S
2025-01-29 00:57:13,468 INFO o.t.utility.RyukResourceReaper - Ryuk started - will monitor and terminate Testcontainers containers on JVM exit
2025-01-29 00:57:13,468 INFO o.testcontainers.DockerClientFactory - Checking the system...
2025-01-29 00:57:13,468 INFO o.testcontainers.DockerClientFactory - ✔︎ Docker server version should be at least 1.6.0
2025-01-29 00:57:13,546 INFO o.t.i.builder.ImageFromDockerfile - Pre-emptively checking local images for 'ubuntu:noble-20241118.1@sha256:80dd3c3b9c6cecb9f1667e9290b3bc61b78c2678c02cbdae5f0fea92cc6734ab', referenced via a Dockerfile. If not available, it will be pulled.
2025-01-29 00:57:13,548 INFO t.u.1@sha256:80dd3c... - Pulling docker image: ubuntu:noble-20241118.1@sha256:80dd3c3b9c6cecb9f1667e9290b3bc61b78c2678c02cbdae5f0fea92cc6734ab. Please be patient; this may take some time but only needs to be done once.
2025-01-29 00:57:14,245 INFO t.u.1@sha256:80dd3c... - Starting to pull image
2025-01-29 00:57:14,246 INFO t.u.1@sha256:80dd3c... - Pulling image layers:  0 pending,  0 downloaded,  0 extracted, (0 bytes/0 bytes)
2025-01-29 00:57:15,052 INFO t.u.1@sha256:80dd3c... - Pulling image layers:  0 pending,  1 downloaded,  0 extracted, (21 MB/28 MB)
2025-01-29 00:57:15,970 INFO t.u.1@sha256:80dd3c... - Pulling image layers:  0 pending,  1 downloaded,  1 extracted, (28 MB/28 MB)
2025-01-29 00:57:15,975 INFO t.u.1@sha256:80dd3c... - Pull complete. 1 layers, pulled in 1s (downloaded 28 MB at 28 MB/s)
2025-01-29 00:57:15,975 INFO t.u.1@sha256:80dd3c... - Image ubuntu:noble-20241118.1@sha256:80dd3c3b9c6cecb9f1667e9290b3bc61b78c2678c02cbdae5f0fea92cc6734ab pull took PT2.42636117S
2025-01-29 00:57:15,977 INFO o.t.i.builder.ImageFromDockerfile - Pre-emptively checking local images for 'rancher/k3s:v1.32.1-k3s1', referenced via a Dockerfile. If not available, it will be pulled.
2025-01-29 00:57:15,979 INFO tc.rancher/k3s:v1.32.1-k3s1 - Pulling docker image: rancher/k3s:v1.32.1-k3s1. Please be patient; this may take some time but only needs to be done once.
2025-01-29 00:57:16,961 INFO tc.rancher/k3s:v1.32.1-k3s1 - Starting to pull image
2025-01-29 00:57:16,962 INFO tc.rancher/k3s:v1.32.1-k3s1 - Pulling image layers:  0 pending,  0 downloaded,  0 extracted, (0 bytes/0 bytes)
2025-01-29 00:57:17,842 INFO tc.rancher/k3s:v1.32.1-k3s1 - Pulling image layers:  0 pending,  1 downloaded,  0 extracted, (60 MB/71 MB)
2025-01-29 00:57:18,900 INFO tc.rancher/k3s:v1.32.1-k3s1 - Pulling image layers:  0 pending,  1 downloaded,  1 extracted, (71 MB/71 MB)
2025-01-29 00:57:18,907 INFO tc.rancher/k3s:v1.32.1-k3s1 - Image rancher/k3s:v1.32.1-k3s1 pull took PT2.927495187S
2025-01-29 00:57:18,907 INFO tc.rancher/k3s:v1.32.1-k3s1 - Pull complete. 1 layers, pulled in 1s (downloaded 71 MB at 71 MB/s)
2025-01-29 00:57:18,913 INFO o.t.i.builder.ImageFromDockerfile - Transferred 0 bytes to Docker daemon
2025-01-29 00:57:34,018 INFO c.h.h.t.HelmChartContainer - Starting HelmChartContainer...
2025-01-29 00:57:34,020 INFO t.localhost/testcontainers/eemyytdd4xcnzjps:latest - Creating container for image: localhost/testcontainers/eemyytdd4xcnzjps:latest
2025-01-29 00:57:34,085 INFO tc.alpine:3.17 - Pulling docker image: alpine:3.17. Please be patient; this may take some time but only needs to be done once.
2025-01-29 00:57:35,087 INFO tc.alpine:3.17 - Starting to pull image
2025-01-29 00:57:35,088 INFO tc.alpine:3.17 - Pulling image layers:  0 pending,  0 downloaded,  0 extracted, (0 bytes/0 bytes)
2025-01-29 00:57:35,610 INFO tc.alpine:3.17 - Pulling image layers:  0 pending,  1 downloaded,  0 extracted, (33 KB/3 MB)
2025-01-29 00:57:35,703 INFO tc.alpine:3.17 - Pulling image layers:  0 pending,  1 downloaded,  1 extracted, (3 MB/3 MB)
2025-01-29 00:57:35,708 INFO tc.alpine:3.17 - Image alpine:3.17 pull took PT1.623019635S
2025-01-29 00:57:36,240 INFO t.localhost/testcontainers/eemyytdd4xcnzjps:latest - Container localhost/testcontainers/eemyytdd4xcnzjps:latest is starting: 378b0af89195114a538de0bd641e8442413ed0f1e4e694e940eac2888817cd28
2025-01-29 00:57:36,610 INFO c.h.h.t.HelmChartContainer - [K3S] [INFO] Starting k3s v1.32.1+k3s1 (6a322f12)
2025-01-29 00:57:36,612 INFO c.h.h.t.HelmChartContainer - [K3S] [INFO] Configuring sqlite3 database connection pooling: maxIdleConns=2, maxOpenConns=0, connMaxLifetime=0s
2025-01-29 00:57:36,613 INFO c.h.h.t.HelmChartContainer - [K3S] [INFO] Configuring database table schema and indexes, this may take a moment...
2025-01-29 00:57:36,615 INFO c.h.h.t.HelmChartContainer - [K3S] [INFO] Database tables and indexes are up to date
2025-01-29 00:57:36,618 INFO c.h.h.t.HelmChartContainer - [K3S] [INFO] Kine available at unix://kine.sock
2025-01-29 00:57:36,878 INFO c.h.h.t.HelmChartContainer - [K3S] [INFO] Saving cluster bootstrap data to datastore
2025-01-29 00:57:36,880 INFO c.h.h.t.HelmChartContainer - [K3S] [WARNING] dynamiclistener [::]:6443: no cached certificate available for preload - deferring certificate load until storage initialization or first client request
2025-01-29 00:57:36,880 INFO c.h.h.t.HelmChartContainer - [K3S] [INFO] Active TLS secret / (ver=) (count 10): map[listener.cattle.io/cn-10.43.0.1:10.43.0.1 listener.cattle.io/cn-127.0.0.1:127.0.0.1 listener.cattle.io/cn-172.18.0.2:172.18.0.2 listener.cattle.io/cn-378b0af89195:378b0af89195 listener.cattle.io/cn-__1-f16284:::1 listener.cattle.io/cn-kubernetes:kubernetes listener.cattle.io/cn-kubernetes.default:kubernetes.default listener.cattle.io/cn-kubernetes.default.svc:kubernetes.default.svc listener.cattle.io/cn-kubernetes.default.svc.cluster.local:kubernetes.default.svc.cluster.local listener.cattle.io/cn-localhost:localhost listener.cattle.io/fingerprint:SHA1=583B78ED8FFD2F764B59A366DA4EE7C3656EEB58]
2025-01-29 00:57:37,039 INFO c.h.h.t.HelmChartContainer - [K3S] [INFO] Running kube-apiserver --advertise-port=6443 --allow-privileged=true --anonymous-auth=false --api-audiences=https://kubernetes.default.svc.cluster.local,k3s --authorization-mode=Node,RBAC --bind-address=127.0.0.1 --cert-dir=/var/lib/rancher/k3s/server/tls/temporary-certs --client-ca-file=/var/lib/rancher/k3s/server/tls/client-ca.crt --egress-selector-config-file=/var/lib/rancher/k3s/server/etc/egress-selector-config.yaml --enable-admission-plugins=NodeRestriction --enable-aggregator-routing=true --enable-bootstrap-token-auth=true --etcd-compaction-interval=0s --etcd-servers=unix://kine.sock --kubelet-certificate-authority=/var/lib/rancher/k3s/server/tls/server-ca.crt --kubelet-client-certificate=/var/lib/rancher/k3s/server/tls/client-kube-apiserver.crt --kubelet-client-key=/var/lib/rancher/k3s/server/tls/client-kube-apiserver.key --kubelet-preferred-address-types=InternalIP,ExternalIP,Hostname --profiling=false --proxy-client-cert-file=/var/lib/rancher/k3s/server/tls/client-auth-proxy.crt --proxy-client-key-file=/var/lib/rancher/k3s/server/tls/client-auth-proxy.key --requestheader-allowed-names=system:auth-proxy --requestheader-client-ca-file=/var/lib/rancher/k3s/server/tls/request-header-ca.crt --requestheader-extra-headers-prefix=X-Remote-Extra- --requestheader-group-headers=X-Remote-Group --requestheader-username-headers=X-Remote-User --secure-port=6444 --service-account-issuer=https://kubernetes.default.svc.cluster.local --service-account-key-file=/var/lib/rancher/k3s/server/tls/service.key --service-account-signing-key-file=/var/lib/rancher/k3s/server/tls/service.current.key --service-cluster-ip-range=10.43.0.0/16 --service-node-port-range=30000-32767 --storage-backend=etcd3 --tls-cert-file=/var/lib/rancher/k3s/server/tls/serving-kube-apiserver.crt --tls-cipher-suites=TLS_ECDHE_ECDSA_WITH_AES_256_GCM_SHA384,TLS_ECDHE_RSA_WITH_AES_256_GCM_SHA384,TLS_ECDHE_ECDSA_WITH_AES_128_GCM_SHA256,TLS_ECDHE_RSA_WITH_AES_128_GCM_SHA256,TLS_ECDHE_ECDSA_WITH_CHACHA20_POLY1305,TLS_ECDHE_RSA_WITH_CHACHA20_POLY1305 --tls-private-key-file=/var/lib/rancher/k3s/server/tls/serving-kube-apiserver.key
2025-01-29 00:57:37,040 INFO c.h.h.t.HelmChartContainer - [K3S] [INFO] Running kube-scheduler --authentication-kubeconfig=/var/lib/rancher/k3s/server/cred/scheduler.kubeconfig --authorization-kubeconfig=/var/lib/rancher/k3s/server/cred/scheduler.kubeconfig --bind-address=127.0.0.1 --kubeconfig=/var/lib/rancher/k3s/server/cred/scheduler.kubeconfig --leader-elect=false --profiling=false --secure-port=10259
2025-01-29 00:57:37,040 INFO c.h.h.t.HelmChartContainer - [K3S] [INFO] Waiting for API server to become available
2025-01-29 00:57:37,040 INFO c.h.h.t.HelmChartContainer - [K3S] [registry.go:256] calling componentGlobalsRegistry.AddFlags more than once, the registry will be set by the latest flags
2025-01-29 00:57:37,042 INFO c.h.h.t.HelmChartContainer - [K3S] [INFO] Running kube-controller-manager --allocate-node-cidrs=true --authentication-kubeconfig=/var/lib/rancher/k3s/server/cred/controller.kubeconfig --authorization-kubeconfig=/var/lib/rancher/k3s/server/cred/controller.kubeconfig --bind-address=127.0.0.1 --cluster-cidr=10.42.0.0/16 --cluster-signing-kube-apiserver-client-cert-file=/var/lib/rancher/k3s/server/tls/client-ca.nochain.crt --cluster-signing-kube-apiserver-client-key-file=/var/lib/rancher/k3s/server/tls/client-ca.key --cluster-signing-kubelet-client-cert-file=/var/lib/rancher/k3s/server/tls/client-ca.nochain.crt --cluster-signing-kubelet-client-key-file=/var/lib/rancher/k3s/server/tls/client-ca.key --cluster-signing-kubelet-serving-cert-file=/var/lib/rancher/k3s/server/tls/server-ca.nochain.crt --cluster-signing-kubelet-serving-key-file=/var/lib/rancher/k3s/server/tls/server-ca.key --cluster-signing-legacy-unknown-cert-file=/var/lib/rancher/k3s/server/tls/server-ca.nochain.crt --cluster-signing-legacy-unknown-key-file=/var/lib/rancher/k3s/server/tls/server-ca.key --configure-cloud-routes=false --controllers=*,tokencleaner,-service,-route,-cloud-node-lifecycle --kubeconfig=/var/lib/rancher/k3s/server/cred/controller.kubeconfig --leader-elect=false --profiling=false --root-ca-file=/var/lib/rancher/k3s/server/tls/server-ca.crt --secure-port=10257 --service-account-private-key-file=/var/lib/rancher/k3s/server/tls/service.current.key --service-cluster-ip-range=10.43.0.0/16 --use-service-account-credentials=true
2025-01-29 00:57:37,042 INFO c.h.h.t.HelmChartContainer - [K3S] [registry.go:256] calling componentGlobalsRegistry.AddFlags more than once, the registry will be set by the latest flags
2025-01-29 00:57:37,042 INFO c.h.h.t.HelmChartContainer - [K3S] [options.go:299] unable to set WatchListClient feature gate, err: cannot override default for feature "WatchListClient": gates already added to a flag set
2025-01-29 00:57:37,042 INFO c.h.h.t.HelmChartContainer - [K3S] [registry.go:256] calling componentGlobalsRegistry.AddFlags more than once, the registry will be set by the latest flags
2025-01-29 00:57:37,043 INFO c.h.h.t.HelmChartContainer - [K3S] [INFO] Running cloud-controller-manager --allocate-node-cidrs=true --authentication-kubeconfig=/var/lib/rancher/k3s/server/cred/cloud-controller.kubeconfig --authorization-kubeconfig=/var/lib/rancher/k3s/server/cred/cloud-controller.kubeconfig --bind-address=127.0.0.1 --cloud-config=/var/lib/rancher/k3s/server/etc/cloud-config.yaml --cloud-provider=k3s --cluster-cidr=10.42.0.0/16 --configure-cloud-routes=false --controllers=*,-route --kubeconfig=/var/lib/rancher/k3s/server/cred/cloud-controller.kubeconfig --leader-elect=false --leader-elect-resource-name=k3s-cloud-controller-manager --node-status-update-frequency=1m0s --profiling=false
2025-01-29 00:57:37,044 INFO c.h.h.t.HelmChartContainer - [K3S] [INFO] Server node token is available at /var/lib/rancher/k3s/server/token
2025-01-29 00:57:37,045 INFO c.h.h.t.HelmChartContainer - [K3S] [INFO] To join server node to cluster: k3s server -s https://172.18.0.2:6443 -t ${SERVER_NODE_TOKEN}
2025-01-29 00:57:37,045 INFO c.h.h.t.HelmChartContainer - [K3S] [INFO] Agent node token is available at /var/lib/rancher/k3s/server/agent-token
2025-01-29 00:57:37,045 INFO c.h.h.t.HelmChartContainer - [K3S] [options.go:238] external host was not specified, using 172.18.0.2
2025-01-29 00:57:37,045 INFO c.h.h.t.HelmChartContainer - [K3S] [INFO] To join agent node to cluster: k3s agent -s https://172.18.0.2:6443 -t ${AGENT_NODE_TOKEN}
2025-01-29 00:57:37,046 INFO c.h.h.t.HelmChartContainer - [K3S] [INFO] Wrote kubeconfig /etc/rancher/k3s/k3s.yaml
2025-01-29 00:57:37,046 INFO c.h.h.t.HelmChartContainer - [K3S] [INFO] Run: k3s kubectl
2025-01-29 00:57:37,048 INFO c.h.h.t.HelmChartContainer - [K3S] [server.go:151] Version: v1.32.1+k3s1
2025-01-29 00:57:37,048 INFO c.h.h.t.HelmChartContainer - [K3S] [server.go:153] "Golang settings" GOGC="" GOMAXPROCS="" GOTRACEBACK=""
2025-01-29 00:57:37,448 INFO c.h.h.t.HelmChartContainer - [K3S] [plugins.go:157] Loaded 13 mutating admission controller(s) successfully in the following order: NamespaceLifecycle,LimitRanger,ServiceAccount,NodeRestriction,TaintNodesByCondition,Priority,DefaultTolerationSeconds,DefaultStorageClass,StorageObjectInUseProtection,RuntimeClass,DefaultIngressClass,MutatingAdmissionPolicy,MutatingAdmissionWebhook.
2025-01-29 00:57:37,449 INFO c.h.h.t.HelmChartContainer - [K3S] [plugins.go:160] Loaded 13 validating admission controller(s) successfully in the following order: LimitRanger,ServiceAccount,PodSecurity,Priority,PersistentVolumeClaimResize,RuntimeClass,CertificateApproval,CertificateSigning,ClusterTrustBundleAttest,CertificateSubjectRestriction,ValidatingAdmissionPolicy,ValidatingAdmissionWebhook,ResourceQuota.
2025-01-29 00:57:37,452 INFO c.h.h.t.HelmChartContainer - [K3S] [instance.go:233] Using reconciler: lease
2025-01-29 00:57:37,523 INFO c.h.h.t.HelmChartContainer - [K3S] [apis.go:106] API group "internal.apiserver.k8s.io" is not enabled, skipping.
2025-01-29 00:57:37,567 INFO c.h.h.t.HelmChartContainer - [K3S] [apis.go:106] API group "storagemigration.k8s.io" is not enabled, skipping.
2025-01-29 00:57:37,592 INFO c.h.h.t.HelmChartContainer - [K3S] [apis.go:106] API group "resource.k8s.io" is not enabled, skipping.
2025-01-29 00:57:37,609 INFO c.h.h.t.HelmChartContainer - [K3S] [INFO] Password verified locally for node 378b0af89195
2025-01-29 00:57:37,923 INFO c.h.h.t.HelmChartContainer - [K3S] [dynamic_cafile_content.go:161] "Starting controller" name="request-header::/var/lib/rancher/k3s/server/tls/request-header-ca.crt"
2025-01-29 00:57:37,924 INFO c.h.h.t.HelmChartContainer - [K3S] [dynamic_cafile_content.go:161] "Starting controller" name="client-ca-bundle::/var/lib/rancher/k3s/server/tls/client-ca.crt"
2025-01-29 00:57:37,926 INFO c.h.h.t.HelmChartContainer - [K3S] [dynamic_serving_content.go:135] "Starting controller" name="serving-cert::/var/lib/rancher/k3s/server/tls/serving-kube-apiserver.crt::/var/lib/rancher/k3s/server/tls/serving-kube-apiserver.key"
2025-01-29 00:57:37,926 INFO c.h.h.t.HelmChartContainer - [K3S] [secure_serving.go:213] Serving securely on 127.0.0.1:6444
2025-01-29 00:57:37,926 INFO c.h.h.t.HelmChartContainer - [K3S] [tlsconfig.go:243] "Starting DynamicServingCertificateController"
2025-01-29 00:57:37,928 INFO c.h.h.t.HelmChartContainer - [K3S] [aggregator.go:169] waiting for initial CRD sync...
2025-01-29 00:57:37,929 INFO c.h.h.t.HelmChartContainer - [K3S] [controller.go:119] Starting legacy_token_tracking_controller
2025-01-29 00:57:37,929 INFO c.h.h.t.HelmChartContainer - [K3S] [remote_available_controller.go:411] Starting RemoteAvailability controller
2025-01-29 00:57:37,930 INFO c.h.h.t.HelmChartContainer - [K3S] [gc_controller.go:78] Starting apiserver lease garbage collector
2025-01-29 00:57:37,930 INFO c.h.h.t.HelmChartContainer - [K3S] [controller.go:80] Starting OpenAPI V3 AggregationController
2025-01-29 00:57:37,931 INFO c.h.h.t.HelmChartContainer - [K3S] [system_namespaces_controller.go:66] Starting system namespaces controller
2025-01-29 00:57:37,932 INFO c.h.h.t.HelmChartContainer - [K3S] [apf_controller.go:377] Starting API Priority and Fairness config controller
2025-01-29 00:57:37,932 INFO c.h.h.t.HelmChartContainer - [K3S] [controller.go:78] Starting OpenAPI AggregationController
2025-01-29 00:57:37,933 INFO c.h.h.t.HelmChartContainer - [K3S] [cluster_authentication_trust_controller.go:462] Starting cluster_authentication_trust_controller controller
2025-01-29 00:57:37,934 INFO c.h.h.t.HelmChartContainer - [K3S] [dynamic_serving_content.go:135] "Starting controller" name="aggregator-proxy-cert::/var/lib/rancher/k3s/server/tls/client-auth-proxy.crt::/var/lib/rancher/k3s/server/tls/client-auth-proxy.key"
2025-01-29 00:57:37,934 INFO c.h.h.t.HelmChartContainer - [K3S] [crdregistration_controller.go:114] Starting crd-autoregister controller
2025-01-29 00:57:37,934 INFO c.h.h.t.HelmChartContainer - [K3S] [apiservice_controller.go:100] Starting APIServiceRegistrationController
2025-01-29 00:57:37,939 INFO c.h.h.t.HelmChartContainer - [K3S] [local_available_controller.go:156] Starting LocalAvailability controller
2025-01-29 00:57:37,946 INFO c.h.h.t.HelmChartContainer - [K3S] [dynamic_cafile_content.go:161] "Starting controller" name="client-ca-bundle::/var/lib/rancher/k3s/server/tls/client-ca.crt"
2025-01-29 00:57:37,946 INFO c.h.h.t.HelmChartContainer - [K3S] [dynamic_cafile_content.go:161] "Starting controller" name="request-header::/var/lib/rancher/k3s/server/tls/request-header-ca.crt"
2025-01-29 00:57:37,948 INFO c.h.h.t.HelmChartContainer - [K3S] [controller.go:142] Starting OpenAPI controller
2025-01-29 00:57:37,948 INFO c.h.h.t.HelmChartContainer - [K3S] [controller.go:90] Starting OpenAPI V3 controller
2025-01-29 00:57:37,949 INFO c.h.h.t.HelmChartContainer - [K3S] [naming_controller.go:294] Starting NamingConditionController
2025-01-29 00:57:37,949 INFO c.h.h.t.HelmChartContainer - [K3S] [establishing_controller.go:81] Starting EstablishingController
2025-01-29 00:57:37,950 INFO c.h.h.t.HelmChartContainer - [K3S] [nonstructuralschema_controller.go:195] Starting NonStructuralSchemaConditionController
2025-01-29 00:57:37,950 INFO c.h.h.t.HelmChartContainer - [K3S] [apiapproval_controller.go:189] Starting KubernetesAPIApprovalPolicyConformantConditionController
2025-01-29 00:57:37,950 INFO c.h.h.t.HelmChartContainer - [K3S] [crd_finalizer.go:269] Starting CRDFinalizer
2025-01-29 00:57:37,953 INFO c.h.h.t.HelmChartContainer - [K3S] [customresource_discovery_controller.go:292] Starting DiscoveryController
2025-01-29 00:57:38,032 INFO c.h.h.t.HelmChartContainer - [K3S] [apf_controller.go:382] Running API Priority and Fairness config worker
2025-01-29 00:57:38,032 INFO c.h.h.t.HelmChartContainer - [K3S] [apf_controller.go:385] Running API Priority and Fairness periodic rebalancing process
2025-01-29 00:57:38,035 INFO c.h.h.t.HelmChartContainer - [K3S] [handler_discovery.go:451] Starting ResourceDiscoveryManager
2025-01-29 00:57:38,035 INFO c.h.h.t.HelmChartContainer - [K3S] [aggregator.go:171] initial CRD sync complete...
2025-01-29 00:57:38,035 INFO c.h.h.t.HelmChartContainer - [K3S] [autoregister_controller.go:144] Starting autoregister controller
2025-01-29 00:57:38,042 INFO c.h.h.t.HelmChartContainer - [K3S] [policy_source.go:240] refreshing policies
2025-01-29 00:57:38,084 INFO c.h.h.t.HelmChartContainer - [K3S] [controller.go:148] "Unhandled Error" err="while syncing ConfigMap \"kube-system/kube-apiserver-legacy-service-account-token-tracking\", err: namespaces \"kube-system\" not found" logger="UnhandledError"
2025-01-29 00:57:38,087 INFO c.h.h.t.HelmChartContainer - [K3S] [controller.go:95] Unable to perform initial Kubernetes service initialization: namespaces "default" not found
2025-01-29 00:57:38,125 INFO c.h.h.t.HelmChartContainer - [K3S] [controller.go:145] "Failed to ensure lease exists, will retry" err="namespaces \"kube-system\" not found" interval="200ms"
2025-01-29 00:57:38,129 INFO c.h.h.t.HelmChartContainer - [K3S] [WARNING] Host resolv.conf includes loopback or multicast nameservers - kubelet will use autogenerated resolv.conf with nameserver 8.8.8.8
2025-01-29 00:57:38,144 INFO c.h.h.t.HelmChartContainer - [K3S] [INFO] Module overlay was already loaded
2025-01-29 00:57:38,144 INFO c.h.h.t.HelmChartContainer - [K3S] [INFO] Module nf_conntrack was already loaded
2025-01-29 00:57:38,144 INFO c.h.h.t.HelmChartContainer - [K3S] [INFO] Module br_netfilter was already loaded
2025-01-29 00:57:38,154 INFO c.h.h.t.HelmChartContainer - [K3S] [INFO] Set sysctl 'net/netfilter/nf_conntrack_max' to 131072
2025-01-29 00:57:38,160 INFO c.h.h.t.HelmChartContainer - [K3S] [INFO] Set sysctl 'net/netfilter/nf_conntrack_tcp_timeout_established' to 86400
2025-01-29 00:57:38,162 INFO c.h.h.t.HelmChartContainer - [K3S] [INFO] Set sysctl 'net/netfilter/nf_conntrack_tcp_timeout_close_wait' to 3600
2025-01-29 00:57:38,166 INFO c.h.h.t.HelmChartContainer - [K3S] [INFO] Logging containerd to /var/lib/rancher/k3s/agent/containerd/containerd.log
2025-01-29 00:57:38,167 INFO c.h.h.t.HelmChartContainer - [K3S] [INFO] Running containerd -c /var/lib/rancher/k3s/agent/etc/containerd/config.toml -a /run/k3s/containerd/containerd.sock --state /run/k3s/containerd --root /var/lib/rancher/k3s/agent/containerd
2025-01-29 00:57:38,930 INFO c.h.h.t.HelmChartContainer - [K3S] [storage_scheduling.go:95] created PriorityClass system-node-critical with value 2000001000
2025-01-29 00:57:38,933 INFO c.h.h.t.HelmChartContainer - [K3S] [storage_scheduling.go:95] created PriorityClass system-cluster-critical with value 2000000000
2025-01-29 00:57:38,933 INFO c.h.h.t.HelmChartContainer - [K3S] [storage_scheduling.go:111] all system priority classes are created successfully or already exist.
2025-01-29 00:57:39,180 INFO c.h.h.t.HelmChartContainer - [K3S] [INFO] containerd is now running
2025-01-29 00:57:39,185 INFO c.h.h.t.HelmChartContainer - [K3S] [INFO] Creating k3s-cert-monitor event broadcaster
2025-01-29 00:57:39,185 INFO c.h.h.t.HelmChartContainer - [K3S] [INFO] Connecting to proxy" url="wss://127.0.0.1:6443/v1-k3s/connect
2025-01-29 00:57:39,187 INFO c.h.h.t.HelmChartContainer - [K3S] [INFO] Running kubelet --cloud-provider=external --config-dir=/var/lib/rancher/k3s/agent/etc/kubelet.conf.d --containerd=/run/k3s/containerd/containerd.sock --hostname-override=378b0af89195 --kubeconfig=/var/lib/rancher/k3s/agent/kubelet.kubeconfig --node-ip=172.18.0.2 --node-labels=
2025-01-29 00:57:39,188 INFO c.h.h.t.HelmChartContainer - [K3S] [INFO] Handling backend connection request [378b0af89195]
2025-01-29 00:57:39,191 INFO c.h.h.t.HelmChartContainer - [K3S] [INFO] Remotedialer connected to proxy" url="wss://127.0.0.1:6443/v1-k3s/connect
2025-01-29 00:57:39,334 INFO c.h.h.t.HelmChartContainer - [K3S] [ERROR] Sending HTTP/1.1 503 response to 127.0.0.1:41864: runtime core not ready
2025-01-29 00:57:39,394 INFO c.h.h.t.HelmChartContainer - [K3S] [alloc.go:330] "allocated clusterIPs" service="default/kubernetes" clusterIPs={"IPv4":"10.43.0.1"}
2025-01-29 00:57:39,400 INFO c.h.h.t.HelmChartContainer - [K3S] [lease.go:265] Resetting endpoints for master service "kubernetes" to [172.18.0.2]
2025-01-29 00:57:39,423 INFO c.h.h.t.HelmChartContainer - [K3S] [INFO] Running kube-proxy --cluster-cidr=10.42.0.0/16 --conntrack-max-per-core=0 --conntrack-tcp-timeout-close-wait=0s --conntrack-tcp-timeout-established=0s --healthz-bind-address=127.0.0.1 --hostname-override=378b0af89195 --kubeconfig=/var/lib/rancher/k3s/agent/kubeproxy.kubeconfig --proxy-mode=iptables
2025-01-29 00:57:39,461 INFO c.h.h.t.HelmChartContainer - [K3S] [server.go:687] "Failed to retrieve node info" err="nodes \"378b0af89195\" not found"
2025-01-29 00:57:40,048 INFO c.h.h.t.HelmChartContainer - [K3S] [INFO] Waiting for untainted node
2025-01-29 00:57:40,052 INFO c.h.h.t.HelmChartContainer - [K3S] [INFO] Waiting for cloud-controller-manager privileges to become available
2025-01-29 00:57:40,052 INFO c.h.h.t.HelmChartContainer - [K3S] [INFO] Creating k3s-supervisor event broadcaster
2025-01-29 00:57:40,052 INFO c.h.h.t.HelmChartContainer - [K3S] [INFO] Kube API server is now running
2025-01-29 00:57:40,052 INFO c.h.h.t.HelmChartContainer - [K3S] [INFO] ETCD server is now running
2025-01-29 00:57:40,052 INFO c.h.h.t.HelmChartContainer - [K3S] [INFO] k3s is up and running
2025-01-29 00:57:40,062 INFO c.h.h.t.HelmChartContainer - [K3S] [INFO] Applying CRD addons.k3s.cattle.io
2025-01-29 00:57:40,070 INFO c.h.h.t.HelmChartContainer - [K3S] [INFO] Applying CRD etcdsnapshotfiles.k3s.cattle.io
2025-01-29 00:57:40,087 INFO c.h.h.t.HelmChartContainer - [K3S] [INFO] Applying CRD helmcharts.helm.cattle.io
2025-01-29 00:57:40,100 INFO c.h.h.t.HelmChartContainer - [K3S] [INFO] Applying CRD helmchartconfigs.helm.cattle.io
2025-01-29 00:57:40,126 INFO c.h.h.t.HelmChartContainer - [K3S] [INFO] Waiting for CRD helmchartconfigs.helm.cattle.io to become available
2025-01-29 00:57:40,196 INFO c.h.h.t.HelmChartContainer - [K3S] Flag --containerd has been deprecated, This is a cadvisor flag that was mistakenly registered with the Kubelet. Due to legacy concerns, it will follow the standard CLI deprecation timeline before being removed.
2025-01-29 00:57:40,199 INFO c.h.h.t.HelmChartContainer - [K3S] [server.go:515] "Kubelet version" kubeletVersion="v1.32.1+k3s1"
2025-01-29 00:57:40,200 INFO c.h.h.t.HelmChartContainer - [K3S] [server.go:517] "Golang settings" GOGC="" GOMAXPROCS="" GOTRACEBACK=""
2025-01-29 00:57:40,201 INFO c.h.h.t.HelmChartContainer - [K3S] [dynamic_cafile_content.go:161] "Starting controller" name="client-ca-bundle::/var/lib/rancher/k3s/agent/client-ca.crt"
2025-01-29 00:57:40,204 INFO c.h.h.t.HelmChartContainer - [K3S] [log.go:32] "RuntimeConfig from runtime service failed" err="rpc error: code = Unimplemented desc = method RuntimeConfig not implemented"
2025-01-29 00:57:40,204 INFO c.h.h.t.HelmChartContainer - [K3S] [server.go:1416] "CRI implementation should be updated to support RuntimeConfig when KubeletCgroupDriverFromCRI feature gate has been enabled. Falling back to using cgroupDriver from kubelet config."
2025-01-29 00:57:40,207 INFO c.h.h.t.HelmChartContainer - [K3S] [info.go:53] Couldn't collect info from any of the files in "/etc/machine-id,/var/lib/dbus/machine-id"
2025-01-29 00:57:40,210 INFO c.h.h.t.HelmChartContainer - [K3S] [server.go:767] "--cgroups-per-qos enabled, but --cgroup-root was not specified.  defaulting to /"
2025-01-29 00:57:40,210 INFO c.h.h.t.HelmChartContainer - [K3S] [server.go:836] "NoSwap is set due to memorySwapBehavior not specified" memorySwapBehavior="" FailSwapOn=false
2025-01-29 00:57:40,210 INFO c.h.h.t.HelmChartContainer - [K3S] [swap_util.go:115] "Swap is on" /proc/swaps contents=<
2025-01-29 00:57:40,210 INFO c.h.h.t.HelmChartContainer - [K3S] 	Filename				Type		Size		Used		Priority
2025-01-29 00:57:40,210 INFO c.h.h.t.HelmChartContainer - [K3S] 	/mnt/swapfile                           file		4194300		0		-2
2025-01-29 00:57:40,210 INFO c.h.h.t.HelmChartContainer - [K3S]  >
2025-01-29 00:57:40,210 INFO c.h.h.t.HelmChartContainer - [K3S] [container_manager_linux.go:268] "Container manager verified user specified cgroup-root exists" cgroupRoot=[]
2025-01-29 00:57:40,211 INFO c.h.h.t.HelmChartContainer - [K3S] [container_manager_linux.go:273] "Creating Container Manager object based on Node Config" nodeConfig={"NodeName":"378b0af89195","RuntimeCgroupsName":"","SystemCgroupsName":"","KubeletCgroupsName":"/k3s","KubeletOOMScoreAdj":-999,"ContainerRuntime":"","CgroupsPerQOS":true,"CgroupRoot":"/","CgroupDriver":"cgroupfs","KubeletRootDir":"/var/lib/kubelet","ProtectKernelDefaults":false,"KubeReservedCgroupName":"","SystemReservedCgroupName":"","ReservedSystemCPUs":{},"EnforceNodeAllocatable":{"pods":{}},"KubeReserved":null,"SystemReserved":null,"HardEvictionThresholds":[{"Signal":"imagefs.available","Operator":"LessThan","Value":{"Quantity":null,"Percentage":0.05},"GracePeriod":0,"MinReclaim":null},{"Signal":"nodefs.available","Operator":"LessThan","Value":{"Quantity":null,"Percentage":0.05},"GracePeriod":0,"MinReclaim":null}],"QOSReserved":{},"CPUManagerPolicy":"none","CPUManagerPolicyOptions":null,"TopologyManagerScope":"container","CPUManagerReconcilePeriod":10000000000,"ExperimentalMemoryManagerPolicy":"None","ExperimentalMemoryManagerReservedMemory":null,"PodPidsLimit":-1,"EnforceCPULimits":true,"CPUCFSQuotaPeriod":100000000,"TopologyManagerPolicy":"none","TopologyManagerPolicyOptions":null,"CgroupVersion":2}
2025-01-29 00:57:40,211 INFO c.h.h.t.HelmChartContainer - [K3S] [topology_manager.go:138] "Creating topology manager with none policy"
2025-01-29 00:57:40,211 INFO c.h.h.t.HelmChartContainer - [K3S] [container_manager_linux.go:304] "Creating device plugin manager"
2025-01-29 00:57:40,211 INFO c.h.h.t.HelmChartContainer - [K3S] [state_mem.go:36] "Initialized new in-memory state store"
2025-01-29 00:57:40,211 INFO c.h.h.t.HelmChartContainer - [K3S] [kubelet.go:446] "Attempting to sync node with API server"
2025-01-29 00:57:40,211 INFO c.h.h.t.HelmChartContainer - [K3S] [kubelet.go:341] "Adding static pod path" path="/var/lib/rancher/k3s/agent/pod-manifests"
2025-01-29 00:57:40,211 INFO c.h.h.t.HelmChartContainer - [K3S] [kubelet.go:352] "Adding apiserver pod source"
2025-01-29 00:57:40,211 INFO c.h.h.t.HelmChartContainer - [K3S] [apiserver.go:42] "Waiting for node sync before watching apiserver pods"
2025-01-29 00:57:40,212 INFO c.h.h.t.HelmChartContainer - [K3S] [kuberuntime_manager.go:269] "Container runtime initialized" containerRuntime="containerd" version="v1.7.23-k3s2" apiVersion="v1"
2025-01-29 00:57:40,213 INFO c.h.h.t.HelmChartContainer - [K3S] [kubelet.go:890] "Not starting ClusterTrustBundle informer because we are in static kubelet mode"
2025-01-29 00:57:40,213 INFO c.h.h.t.HelmChartContainer - [K3S] [probe.go:272] Flexvolume plugin directory at /usr/libexec/kubernetes/kubelet-plugins/volume/exec/ does not exist. Recreating.
2025-01-29 00:57:40,214 INFO c.h.h.t.HelmChartContainer - [K3S] [watchdog_linux.go:99] "Systemd watchdog is not enabled"
2025-01-29 00:57:40,215 INFO c.h.h.t.HelmChartContainer - [K3S] [server.go:1282] "Started kubelet"
2025-01-29 00:57:40,217 INFO c.h.h.t.HelmChartContainer - [K3S] [server.go:208] "Starting to listen read-only" address="0.0.0.0" port=10255
2025-01-29 00:57:40,220 INFO c.h.h.t.HelmChartContainer - [K3S] [ratelimit.go:55] "Setting rate limiting for endpoint" service="podresources" qps=100 burstTokens=10
2025-01-29 00:57:40,222 INFO c.h.h.t.HelmChartContainer - [K3S] [server.go:243] "Starting to serve the podresources API" endpoint="unix:/var/lib/kubelet/pod-resources/kubelet.sock"
2025-01-29 00:57:40,222 INFO c.h.h.t.HelmChartContainer - [K3S] [dynamic_serving_content.go:135] "Starting controller" name="kubelet-server-cert-files::/var/lib/rancher/k3s/agent/serving-kubelet.crt::/var/lib/rancher/k3s/agent/serving-kubelet.key"
2025-01-29 00:57:40,222 INFO c.h.h.t.HelmChartContainer - [K3S] [server.go:169] "Starting to listen" address="0.0.0.0" port=10250
2025-01-29 00:57:40,222 INFO c.h.h.t.HelmChartContainer - [K3S] [server.go:490] "Adding debug handlers to kubelet server"
2025-01-29 00:57:40,225 INFO c.h.h.t.HelmChartContainer - [K3S] [fs_resource_analyzer.go:67] "Starting FS ResourceAnalyzer"
2025-01-29 00:57:40,225 INFO c.h.h.t.HelmChartContainer - [K3S] [kubelet.go:1561] "Image garbage collection failed once. Stats initialization may not have completed yet" err="invalid capacity 0 on image filesystem"
2025-01-29 00:57:40,225 INFO c.h.h.t.HelmChartContainer - [K3S] [volume_manager.go:297] "Starting Kubelet Volume Manager"
2025-01-29 00:57:40,227 INFO c.h.h.t.HelmChartContainer - [K3S] [desired_state_of_world_populator.go:149] "Desired state populator starts to run"
2025-01-29 00:57:40,227 INFO c.h.h.t.HelmChartContainer - [K3S] [reconciler.go:26] "Reconciler: start to sync state"
2025-01-29 00:57:40,228 INFO c.h.h.t.HelmChartContainer - [K3S] [factory.go:221] Registration of the systemd container factory successfully
2025-01-29 00:57:40,228 INFO c.h.h.t.HelmChartContainer - [K3S] [factory.go:219] Registration of the crio container factory failed: Get "http://%2Fvar%2Frun%2Fcrio%2Fcrio.sock/info": dial unix /var/run/crio/crio.sock: connect: no such file or directory
2025-01-29 00:57:40,230 INFO c.h.h.t.HelmChartContainer - [K3S] [kubelet_node_status.go:467] "Error getting the current node from lister" err="node \"378b0af89195\" not found"
2025-01-29 00:57:40,230 INFO c.h.h.t.HelmChartContainer - [K3S] [factory.go:221] Registration of the containerd container factory successfully
2025-01-29 00:57:40,234 INFO c.h.h.t.HelmChartContainer - [K3S] [nodelease.go:49] "Failed to get node when trying to set owner ref to the node lease" err="nodes \"378b0af89195\" not found" node="378b0af89195"
2025-01-29 00:57:40,256 INFO c.h.h.t.HelmChartContainer - [K3S] [kubelet_network_linux.go:50] "Initialized iptables rules." protocol="IPv4"
2025-01-29 00:57:40,259 INFO c.h.h.t.HelmChartContainer - [K3S] [kubelet_network_linux.go:50] "Initialized iptables rules." protocol="IPv6"
2025-01-29 00:57:40,259 INFO c.h.h.t.HelmChartContainer - [K3S] [status_manager.go:227] "Starting to sync pod status with apiserver"
2025-01-29 00:57:40,259 INFO c.h.h.t.HelmChartContainer - [K3S] [watchdog_linux.go:127] "Systemd watchdog is not enabled or the interval is invalid, so health checking will not be started."
2025-01-29 00:57:40,259 INFO c.h.h.t.HelmChartContainer - [K3S] [kubelet.go:2388] "Starting kubelet main sync loop"
2025-01-29 00:57:40,259 INFO c.h.h.t.HelmChartContainer - [K3S] [kubelet.go:2412] "Skipping pod synchronization" err="[container runtime status check may not have completed yet, PLEG is not healthy: pleg has yet to be successful]"
2025-01-29 00:57:40,266 INFO c.h.h.t.HelmChartContainer - [K3S] [cpu_manager.go:221] "Starting CPU manager" policy="none"
2025-01-29 00:57:40,266 INFO c.h.h.t.HelmChartContainer - [K3S] [cpu_manager.go:222] "Reconciling" reconcilePeriod="10s"
2025-01-29 00:57:40,266 INFO c.h.h.t.HelmChartContainer - [K3S] [state_mem.go:36] "Initialized new in-memory state store"
2025-01-29 00:57:40,268 INFO c.h.h.t.HelmChartContainer - [K3S] [policy_none.go:49] "None policy: Start"
2025-01-29 00:57:40,268 INFO c.h.h.t.HelmChartContainer - [K3S] [memory_manager.go:186] "Starting memorymanager" policy="None"
2025-01-29 00:57:40,268 INFO c.h.h.t.HelmChartContainer - [K3S] [state_mem.go:35] "Initializing new in-memory state store"
2025-01-29 00:57:40,271 INFO c.h.h.t.HelmChartContainer - [K3S] [manager.go:519] "Failed to read data from checkpoint" checkpoint="kubelet_internal_checkpoint" err="checkpoint is not found"
2025-01-29 00:57:40,276 INFO c.h.h.t.HelmChartContainer - [K3S] [eviction_manager.go:189] "Eviction manager: starting control loop"
2025-01-29 00:57:40,276 INFO c.h.h.t.HelmChartContainer - [K3S] [container_log_manager.go:189] "Initializing container log rotate workers" workers=1 monitorPeriod="10s"
2025-01-29 00:57:40,283 INFO c.h.h.t.HelmChartContainer - [K3S] [eviction_manager.go:267] "eviction manager: failed to check if we have separate container filesystem. Ignoring." err="no imagefs label for configured runtime"
2025-01-29 00:57:40,283 INFO c.h.h.t.HelmChartContainer - [K3S] [eviction_manager.go:292] "Eviction manager: failed to get summary stats" err="failed to get node info: node \"378b0af89195\" not found"
2025-01-29 00:57:40,284 INFO c.h.h.t.HelmChartContainer - [K3S] [plugin_manager.go:118] "Starting Kubelet Plugin Manager"
2025-01-29 00:57:40,380 INFO c.h.h.t.HelmChartContainer - [K3S] [kubelet_node_status.go:76] "Attempting to register node" node="378b0af89195"
2025-01-29 00:57:40,382 INFO c.h.h.t.HelmChartContainer - [K3S] [kubelet_node_status.go:79] "Successfully registered node" node="378b0af89195"
2025-01-29 00:57:40,384 INFO c.h.h.t.HelmChartContainer - [K3S] [kubelet_node_status.go:549] "Error updating node status, will retry" err="error getting node \"378b0af89195\": node \"378b0af89195\" not found"
2025-01-29 00:57:40,395 INFO c.h.h.t.HelmChartContainer - [K3S] [INFO] Annotations and labels have been set successfully on node: 378b0af89195
2025-01-29 00:57:40,395 INFO c.h.h.t.HelmChartContainer - [K3S] [INFO] Starting flannel with backend vxlan
2025-01-29 00:57:40,530 INFO c.h.h.t.HelmChartContainer - [K3S] [serving.go:392] Generated self-signed cert in-memory
2025-01-29 00:57:40,591 INFO c.h.h.t.HelmChartContainer - [K3S] [kubelet_node_status.go:502] "Fast updating node status as it just became ready"
2025-01-29 00:57:40,608 INFO c.h.h.t.HelmChartContainer - [K3S] [server.go:698] "Successfully retrieved node IP(s)" IPs=["172.18.0.2"]
2025-01-29 00:57:40,608 INFO c.h.h.t.HelmChartContainer - [K3S] [server.go:234] "Kube-proxy configuration may be incomplete or incorrect" err="nodePortAddresses is unset; NodePort connections will be accepted on all local IPs. Consider using `--nodeport-addresses primary`"
2025-01-29 00:57:40,611 INFO c.h.h.t.HelmChartContainer - [K3S] [server.go:243] "kube-proxy running in dual-stack mode" primary ipFamily="IPv4"
2025-01-29 00:57:40,611 INFO c.h.h.t.HelmChartContainer - [K3S] [server_linux.go:170] "Using iptables Proxier"
2025-01-29 00:57:40,612 INFO c.h.h.t.HelmChartContainer - [K3S] [proxier.go:255] "Setting route_localnet=1 to allow node-ports on localhost; to change this either disable iptables.localhostNodePorts (--iptables-localhost-nodeports) or set nodePortAddresses (--nodeport-addresses) to filter loopback addresses"
2025-01-29 00:57:40,621 INFO c.h.h.t.HelmChartContainer - [K3S] [server.go:497] "Version info" version="v1.32.1+k3s1"
2025-01-29 00:57:40,621 INFO c.h.h.t.HelmChartContainer - [K3S] [server.go:499] "Golang settings" GOGC="" GOMAXPROCS="" GOTRACEBACK=""
2025-01-29 00:57:40,621 INFO c.h.h.t.HelmChartContainer - [K3S] [config.go:199] "Starting service config controller"
2025-01-29 00:57:40,621 INFO c.h.h.t.HelmChartContainer - [K3S] [config.go:105] "Starting endpoint slice config controller"
2025-01-29 00:57:40,621 INFO c.h.h.t.HelmChartContainer - [K3S] [config.go:329] "Starting node config controller"
2025-01-29 00:57:40,632 INFO c.h.h.t.HelmChartContainer - [K3S] [INFO] Done waiting for CRD helmchartconfigs.helm.cattle.io to become available
2025-01-29 00:57:40,633 INFO c.h.h.t.HelmChartContainer - [K3S] [INFO] Writing static file: /var/lib/rancher/k3s/server/static/charts/traefik-27.0.201+up27.0.2.tgz
2025-01-29 00:57:40,633 INFO c.h.h.t.HelmChartContainer - [K3S] [INFO] Writing static file: /var/lib/rancher/k3s/server/static/charts/traefik-crd-27.0.201+up27.0.2.tgz
2025-01-29 00:57:40,633 INFO c.h.h.t.HelmChartContainer - [K3S] [INFO] Writing manifest: /var/lib/rancher/k3s/server/manifests/metrics-server/metrics-server-deployment.yaml
2025-01-29 00:57:40,635 INFO c.h.h.t.HelmChartContainer - [K3S] [INFO] Writing manifest: /var/lib/rancher/k3s/server/manifests/coredns.yaml
2025-01-29 00:57:40,635 INFO c.h.h.t.HelmChartContainer - [K3S] [INFO] Writing manifest: /var/lib/rancher/k3s/server/manifests/metrics-server/metrics-apiservice.yaml
2025-01-29 00:57:40,635 INFO c.h.h.t.HelmChartContainer - [K3S] [INFO] Writing manifest: /var/lib/rancher/k3s/server/manifests/metrics-server/aggregated-metrics-reader.yaml
2025-01-29 00:57:40,635 INFO c.h.h.t.HelmChartContainer - [K3S] [INFO] Writing manifest: /var/lib/rancher/k3s/server/manifests/metrics-server/auth-delegator.yaml
2025-01-29 00:57:40,636 INFO c.h.h.t.HelmChartContainer - [K3S] [INFO] Writing manifest: /var/lib/rancher/k3s/server/manifests/metrics-server/auth-reader.yaml
2025-01-29 00:57:40,638 INFO c.h.h.t.HelmChartContainer - [K3S] [INFO] Writing manifest: /var/lib/rancher/k3s/server/manifests/metrics-server/metrics-server-service.yaml
2025-01-29 00:57:40,638 INFO c.h.h.t.HelmChartContainer - [K3S] [INFO] Writing manifest: /var/lib/rancher/k3s/server/manifests/metrics-server/resource-reader.yaml
2025-01-29 00:57:40,638 INFO c.h.h.t.HelmChartContainer - [K3S] [INFO] Writing manifest: /var/lib/rancher/k3s/server/manifests/rolebindings.yaml
2025-01-29 00:57:40,638 INFO c.h.h.t.HelmChartContainer - [K3S] [INFO] Writing manifest: /var/lib/rancher/k3s/server/manifests/ccm.yaml
2025-01-29 00:57:40,639 INFO c.h.h.t.HelmChartContainer - [K3S] [INFO] Writing manifest: /var/lib/rancher/k3s/server/manifests/local-storage.yaml
2025-01-29 00:57:40,639 INFO c.h.h.t.HelmChartContainer - [K3S] [INFO] Writing manifest: /var/lib/rancher/k3s/server/manifests/runtimes.yaml
2025-01-29 00:57:40,639 INFO c.h.h.t.HelmChartContainer - [K3S] [INFO] Tunnel server egress proxy mode: agent
2025-01-29 00:57:40,639 INFO c.h.h.t.HelmChartContainer - [K3S] [INFO] Starting dynamiclistener CN filter node controller with SANs: [localhost 127.0.0.1 ::1 localhost 378b0af89195 172.18.0.2 10.43.0.1 kubernetes kubernetes.default kubernetes.default.svc kubernetes.default.svc.cluster.local]
2025-01-29 00:57:40,746 INFO c.h.h.t.HelmChartContainer - [K3S] [INFO] Starting k3s.cattle.io/v1, Kind=Addon controller
2025-01-29 00:57:40,746 INFO c.h.h.t.HelmChartContainer - [K3S] [INFO] Creating deploy event broadcaster
2025-01-29 00:57:40,858 INFO c.h.h.t.HelmChartContainer - [K3S] [INFO] Starting /v1, Kind=Node controller
2025-01-29 00:57:40,859 INFO c.h.h.t.HelmChartContainer - [K3S] [INFO] Creating helm-controller event broadcaster
2025-01-29 00:57:40,878 INFO c.h.h.t.HelmChartContainer - [K3S] [INFO] Cluster dns configmap has been set successfully
2025-01-29 00:57:40,896 INFO c.h.h.t.HelmChartContainer - [K3S] [INFO] Labels and annotations have been set successfully on node: 378b0af89195
2025-01-29 00:57:40,985 INFO c.h.h.t.HelmChartContainer - [K3S] [INFO] Starting /v1, Kind=ConfigMap controller
2025-01-29 00:57:40,985 INFO c.h.h.t.HelmChartContainer - [K3S] [INFO] Starting /v1, Kind=ServiceAccount controller
2025-01-29 00:57:40,986 INFO c.h.h.t.HelmChartContainer - [K3S] [INFO] Starting /v1, Kind=Secret controller
2025-01-29 00:57:40,992 INFO c.h.h.t.HelmChartContainer - [K3S] [INFO] Updating TLS secret for kube-system/k3s-serving (count: 10): map[listener.cattle.io/cn-10.43.0.1:10.43.0.1 listener.cattle.io/cn-127.0.0.1:127.0.0.1 listener.cattle.io/cn-172.18.0.2:172.18.0.2 listener.cattle.io/cn-378b0af89195:378b0af89195 listener.cattle.io/cn-__1-f16284:::1 listener.cattle.io/cn-kubernetes:kubernetes listener.cattle.io/cn-kubernetes.default:kubernetes.default listener.cattle.io/cn-kubernetes.default.svc:kubernetes.default.svc listener.cattle.io/cn-kubernetes.default.svc.cluster.local:kubernetes.default.svc.cluster.local listener.cattle.io/cn-localhost:localhost listener.cattle.io/fingerprint:SHA1=583B78ED8FFD2F764B59A366DA4EE7C3656EEB58]
2025-01-29 00:57:40,995 INFO c.h.h.t.HelmChartContainer - [K3S] [INFO] Updating TLS secret for kube-system/k3s-serving (count: 10): map[listener.cattle.io/cn-10.43.0.1:10.43.0.1 listener.cattle.io/cn-127.0.0.1:127.0.0.1 listener.cattle.io/cn-172.18.0.2:172.18.0.2 listener.cattle.io/cn-378b0af89195:378b0af89195 listener.cattle.io/cn-__1-f16284:::1 listener.cattle.io/cn-kubernetes:kubernetes listener.cattle.io/cn-kubernetes.default:kubernetes.default listener.cattle.io/cn-kubernetes.default.svc:kubernetes.default.svc listener.cattle.io/cn-kubernetes.default.svc.cluster.local:kubernetes.default.svc.cluster.local listener.cattle.io/cn-localhost:localhost listener.cattle.io/fingerprint:SHA1=583B78ED8FFD2F764B59A366DA4EE7C3656EEB58]
2025-01-29 00:57:40,996 INFO c.h.h.t.HelmChartContainer - [K3S] [INFO] Starting helm.cattle.io/v1, Kind=HelmChart controller
2025-01-29 00:57:40,996 INFO c.h.h.t.HelmChartContainer - [K3S] [INFO] Starting helm.cattle.io/v1, Kind=HelmChartConfig controller
2025-01-29 00:57:41,005 INFO c.h.h.t.HelmChartContainer - [K3S] [INFO] Active TLS secret kube-system/k3s-serving (ver=229) (count 10): map[listener.cattle.io/cn-10.43.0.1:10.43.0.1 listener.cattle.io/cn-127.0.0.1:127.0.0.1 listener.cattle.io/cn-172.18.0.2:172.18.0.2 listener.cattle.io/cn-378b0af89195:378b0af89195 listener.cattle.io/cn-__1-f16284:::1 listener.cattle.io/cn-kubernetes:kubernetes listener.cattle.io/cn-kubernetes.default:kubernetes.default listener.cattle.io/cn-kubernetes.default.svc:kubernetes.default.svc listener.cattle.io/cn-kubernetes.default.svc.cluster.local:kubernetes.default.svc.cluster.local listener.cattle.io/cn-localhost:localhost listener.cattle.io/fingerprint:SHA1=583B78ED8FFD2F764B59A366DA4EE7C3656EEB58]
2025-01-29 00:57:41,010 INFO c.h.h.t.HelmChartContainer - [K3S] [INFO] Starting rbac.authorization.k8s.io/v1, Kind=ClusterRoleBinding controller
2025-01-29 00:57:41,014 INFO c.h.h.t.HelmChartContainer - [K3S] [INFO] Starting batch/v1, Kind=Job controller
2025-01-29 00:57:41,211 INFO c.h.h.t.HelmChartContainer - [K3S] [apiserver.go:52] "Watching apiserver"
2025-01-29 00:57:41,226 INFO c.h.h.t.HelmChartContainer - [K3S] [desired_state_of_world_populator.go:157] "Finished populating initial desired state of world"
2025-01-29 00:57:41,260 INFO c.h.h.t.HelmChartContainer - [K3S] [controllermanager.go:185] "Starting" version="v1.32.1+k3s1"
2025-01-29 00:57:41,260 INFO c.h.h.t.HelmChartContainer - [K3S] [controllermanager.go:187] "Golang settings" GOGC="" GOMAXPROCS="" GOTRACEBACK=""
2025-01-29 00:57:41,262 INFO c.h.h.t.HelmChartContainer - [K3S] [configmap_cafile_content.go:205] "Starting controller" name="client-ca::kube-system::extension-apiserver-authentication::client-ca-file"
2025-01-29 00:57:41,263 INFO c.h.h.t.HelmChartContainer - [K3S] [requestheader_controller.go:180] Starting RequestHeaderAuthRequestController
2025-01-29 00:57:41,264 INFO c.h.h.t.HelmChartContainer - [K3S] [configmap_cafile_content.go:205] "Starting controller" name="client-ca::kube-system::extension-apiserver-authentication::requestheader-client-ca-file"
2025-01-29 00:57:41,264 INFO c.h.h.t.HelmChartContainer - [K3S] [secure_serving.go:213] Serving securely on 127.0.0.1:10257
2025-01-29 00:57:41,264 INFO c.h.h.t.HelmChartContainer - [K3S] [tlsconfig.go:243] "Starting DynamicServingCertificateController"
2025-01-29 00:57:41,269 INFO c.h.h.t.HelmChartContainer - [K3S] [controllermanager.go:765] "Started controller" controller="serviceaccount-token-controller"
2025-01-29 00:57:41,275 INFO c.h.h.t.HelmChartContainer - [K3S] [controllermanager.go:765] "Started controller" controller="daemonset-controller"
2025-01-29 00:57:41,275 INFO c.h.h.t.HelmChartContainer - [K3S] [daemon_controller.go:294] "Starting daemon sets controller"
2025-01-29 00:57:41,280 INFO c.h.h.t.HelmChartContainer - [K3S] [controllermanager.go:765] "Started controller" controller="replicaset-controller"
2025-01-29 00:57:41,280 INFO c.h.h.t.HelmChartContainer - [K3S] [replica_set.go:217] "Starting controller" name="replicaset"
2025-01-29 00:57:41,290 INFO c.h.h.t.HelmChartContainer - [K3S] [controllermanager.go:765] "Started controller" controller="horizontal-pod-autoscaler-controller"
2025-01-29 00:57:41,290 INFO c.h.h.t.HelmChartContainer - [K3S] [horizontal.go:201] "Starting HPA controller"
2025-01-29 00:57:41,295 INFO c.h.h.t.HelmChartContainer - [K3S] [controllermanager.go:765] "Started controller" controller="persistentvolume-binder-controller"
2025-01-29 00:57:41,295 INFO c.h.h.t.HelmChartContainer - [K3S] [pv_controller_base.go:308] "Starting persistent volume controller"
2025-01-29 00:57:41,300 INFO c.h.h.t.HelmChartContainer - [K3S] [controllermanager.go:765] "Started controller" controller="clusterrole-aggregation-controller"
2025-01-29 00:57:41,300 INFO c.h.h.t.HelmChartContainer - [K3S] [clusterroleaggregation_controller.go:194] "Starting ClusterRoleAggregator controller"
2025-01-29 00:57:41,300 INFO c.h.h.t.HelmChartContainer - [K3S] [controllermanager.go:723] "Skipping a cloud provider controller" controller="node-route-controller"
2025-01-29 00:57:41,308 INFO c.h.h.t.HelmChartContainer - [K3S] [controllermanager.go:765] "Started controller" controller="root-ca-certificate-publisher-controller"
2025-01-29 00:57:41,308 INFO c.h.h.t.HelmChartContainer - [K3S] [controllermanager.go:717] "Controller is disabled by a feature gate" controller="kube-apiserver-serving-clustertrustbundle-publisher-controller" requiredFeatureGates=["ClusterTrustBundle"]
2025-01-29 00:57:41,308 INFO c.h.h.t.HelmChartContainer - [K3S] [controllermanager.go:717] "Controller is disabled by a feature gate" controller="resourceclaim-controller" requiredFeatureGates=["DynamicResourceAllocation"]
2025-01-29 00:57:41,308 INFO c.h.h.t.HelmChartContainer - [K3S] [publisher.go:107] "Starting root CA cert publisher controller"
2025-01-29 00:57:41,313 INFO c.h.h.t.HelmChartContainer - [K3S] [controllermanager.go:765] "Started controller" controller="legacy-serviceaccount-token-cleaner-controller"
2025-01-29 00:57:41,313 INFO c.h.h.t.HelmChartContainer - [K3S] [legacy_serviceaccount_token_cleaner.go:103] "Starting legacy service account token cleaner controller"
2025-01-29 00:57:41,326 INFO c.h.h.t.HelmChartContainer - [K3S] [controllermanager.go:765] "Started controller" controller="validatingadmissionpolicy-status-controller"
2025-01-29 00:57:41,326 INFO c.h.h.t.HelmChartContainer - [K3S] [controllermanager.go:743] "Warning: skipping controller" controller="storage-version-migrator-controller"
2025-01-29 00:57:41,331 INFO c.h.h.t.HelmChartContainer - [K3S] [controllermanager.go:765] "Started controller" controller="taint-eviction-controller"
2025-01-29 00:57:41,331 INFO c.h.h.t.HelmChartContainer - [K3S] [taint_eviction.go:281] "Starting" controller="taint-eviction-controller"
2025-01-29 00:57:41,331 INFO c.h.h.t.HelmChartContainer - [K3S] [taint_eviction.go:287] "Sending events to api server"
2025-01-29 00:57:41,472 INFO c.h.h.t.HelmChartContainer - [K3S] [controllermanager.go:765] "Started controller" controller="serviceaccount-controller"
2025-01-29 00:57:41,473 INFO c.h.h.t.HelmChartContainer - [K3S] [serviceaccounts_controller.go:114] "Starting service account controller"
2025-01-29 00:57:41,622 INFO c.h.h.t.HelmChartContainer - [K3S] [controllermanager.go:765] "Started controller" controller="statefulset-controller"
2025-01-29 00:57:41,623 INFO c.h.h.t.HelmChartContainer - [K3S] [stateful_set.go:166] "Starting stateful set controller"
2025-01-29 00:57:41,778 INFO c.h.h.t.HelmChartContainer - [K3S] [controllermanager.go:765] "Started controller" controller="cronjob-controller"
2025-01-29 00:57:41,778 INFO c.h.h.t.HelmChartContainer - [K3S] [cronjob_controllerv2.go:145] "Starting cronjob controller v2"
2025-01-29 00:57:41,923 INFO c.h.h.t.HelmChartContainer - [K3S] [certificate_controller.go:120] "Starting certificate controller" name="csrsigning-kubelet-serving"
2025-01-29 00:57:41,924 INFO c.h.h.t.HelmChartContainer - [K3S] [dynamic_serving_content.go:135] "Starting controller" name="csr-controller::/var/lib/rancher/k3s/server/tls/server-ca.nochain.crt::/var/lib/rancher/k3s/server/tls/server-ca.key"
2025-01-29 00:57:41,924 INFO c.h.h.t.HelmChartContainer - [K3S] [certificate_controller.go:120] "Starting certificate controller" name="csrsigning-kubelet-client"
2025-01-29 00:57:41,924 INFO c.h.h.t.HelmChartContainer - [K3S] [dynamic_serving_content.go:135] "Starting controller" name="csr-controller::/var/lib/rancher/k3s/server/tls/client-ca.nochain.crt::/var/lib/rancher/k3s/server/tls/client-ca.key"
2025-01-29 00:57:41,924 INFO c.h.h.t.HelmChartContainer - [K3S] [certificate_controller.go:120] "Starting certificate controller" name="csrsigning-kube-apiserver-client"
2025-01-29 00:57:41,924 INFO c.h.h.t.HelmChartContainer - [K3S] [dynamic_serving_content.go:135] "Starting controller" name="csr-controller::/var/lib/rancher/k3s/server/tls/client-ca.nochain.crt::/var/lib/rancher/k3s/server/tls/client-ca.key"
2025-01-29 00:57:41,924 INFO c.h.h.t.HelmChartContainer - [K3S] [controllermanager.go:765] "Started controller" controller="certificatesigningrequest-signing-controller"
2025-01-29 00:57:41,924 INFO c.h.h.t.HelmChartContainer - [K3S] [certificate_controller.go:120] "Starting certificate controller" name="csrsigning-legacy-unknown"
2025-01-29 00:57:41,924 INFO c.h.h.t.HelmChartContainer - [K3S] [dynamic_serving_content.go:135] "Starting controller" name="csr-controller::/var/lib/rancher/k3s/server/tls/server-ca.nochain.crt::/var/lib/rancher/k3s/server/tls/server-ca.key"
2025-01-29 00:57:42,072 INFO c.h.h.t.HelmChartContainer - [K3S] [controllermanager.go:765] "Started controller" controller="ttl-controller"
2025-01-29 00:57:42,073 INFO c.h.h.t.HelmChartContainer - [K3S] [ttl_controller.go:127] "Starting TTL controller"
2025-01-29 00:57:42,222 INFO c.h.h.t.HelmChartContainer - [K3S] [controllermanager.go:765] "Started controller" controller="persistentvolumeclaim-protection-controller"
2025-01-29 00:57:42,222 INFO c.h.h.t.HelmChartContainer - [K3S] [controllermanager.go:717] "Controller is disabled by a feature gate" controller="service-cidr-controller" requiredFeatureGates=["MultiCIDRServiceAllocator"]
2025-01-29 00:57:42,222 INFO c.h.h.t.HelmChartContainer - [K3S] [pvc_protection_controller.go:168] "Starting PVC protection controller"
2025-01-29 00:57:42,477 INFO c.h.h.t.HelmChartContainer - [K3S] [controllermanager.go:765] "Started controller" controller="namespace-controller"
2025-01-29 00:57:42,477 INFO c.h.h.t.HelmChartContainer - [K3S] [namespace_controller.go:202] "Starting namespace controller"
2025-01-29 00:57:42,623 INFO c.h.h.t.HelmChartContainer - [K3S] [controllermanager.go:765] "Started controller" controller="job-controller"
2025-01-29 00:57:42,623 INFO c.h.h.t.HelmChartContainer - [K3S] [job_controller.go:243] "Starting job controller"
2025-01-29 00:57:42,690 INFO c.h.h.t.HelmChartContainer - [K3S] [event.go:389] "Event occurred" object="378b0af89195" fieldPath="" kind="Node" apiVersion="" type="Normal" reason="NodePasswordValidationComplete" message="Deferred node password secret validation complete"
2025-01-29 00:57:42,751 INFO c.h.h.t.HelmChartContainer - [K3S] [event.go:389] "Event occurred" object="kube-system/ccm" fieldPath="" kind="Addon" apiVersion="k3s.cattle.io/v1" type="Normal" reason="ApplyingManifest" message="Applying manifest at \"/var/lib/rancher/k3s/server/manifests/ccm.yaml\""
2025-01-29 00:57:42,771 INFO c.h.h.t.HelmChartContainer - [K3S] [event.go:389] "Event occurred" object="kube-system/ccm" fieldPath="" kind="Addon" apiVersion="k3s.cattle.io/v1" type="Normal" reason="AppliedManifest" message="Applied manifest at \"/var/lib/rancher/k3s/server/manifests/ccm.yaml\""
2025-01-29 00:57:42,781 INFO c.h.h.t.HelmChartContainer - [K3S] [event.go:389] "Event occurred" object="kube-system/coredns" fieldPath="" kind="Addon" apiVersion="k3s.cattle.io/v1" type="Normal" reason="ApplyingManifest" message="Applying manifest at \"/var/lib/rancher/k3s/server/manifests/coredns.yaml\""
2025-01-29 00:57:42,821 INFO c.h.h.t.HelmChartContainer - [K3S] [controllermanager.go:765] "Started controller" controller="disruption-controller"
2025-01-29 00:57:42,821 INFO c.h.h.t.HelmChartContainer - [K3S] [disruption.go:452] "Sending events to api server."
2025-01-29 00:57:42,821 INFO c.h.h.t.HelmChartContainer - [K3S] [disruption.go:463] "Starting disruption controller"
2025-01-29 00:57:42,871 INFO c.h.h.t.HelmChartContainer - [K3S] [controllermanager.go:765] "Started controller" controller="certificatesigningrequest-cleaner-controller"
2025-01-29 00:57:42,871 INFO c.h.h.t.HelmChartContainer - [K3S] [controllermanager.go:728] "Warning: controller is disabled" controller="bootstrap-signer-controller"
2025-01-29 00:57:42,871 INFO c.h.h.t.HelmChartContainer - [K3S] [cleaner.go:83] "Starting CSR cleaner controller"
2025-01-29 00:57:42,884 INFO c.h.h.t.HelmChartContainer - [K3S] [alloc.go:330] "allocated clusterIPs" service="kube-system/kube-dns" clusterIPs={"IPv4":"10.43.0.10"}
2025-01-29 00:57:42,884 INFO c.h.h.t.HelmChartContainer - [K3S] [event.go:389] "Event occurred" object="kube-system/coredns" fieldPath="" kind="Addon" apiVersion="k3s.cattle.io/v1" type="Normal" reason="AppliedManifest" message="Applied manifest at \"/var/lib/rancher/k3s/server/manifests/coredns.yaml\""
2025-01-29 00:57:42,894 INFO c.h.h.t.HelmChartContainer - [K3S] [event.go:389] "Event occurred" object="kube-system/local-storage" fieldPath="" kind="Addon" apiVersion="k3s.cattle.io/v1" type="Normal" reason="ApplyingManifest" message="Applying manifest at \"/var/lib/rancher/k3s/server/manifests/local-storage.yaml\""
2025-01-29 00:57:42,984 INFO c.h.h.t.HelmChartContainer - [K3S] [event.go:389] "Event occurred" object="kube-system/local-storage" fieldPath="" kind="Addon" apiVersion="k3s.cattle.io/v1" type="Normal" reason="AppliedManifest" message="Applied manifest at \"/var/lib/rancher/k3s/server/manifests/local-storage.yaml\""
2025-01-29 00:57:42,989 INFO c.h.h.t.HelmChartContainer - [K3S] [event.go:389] "Event occurred" object="kube-system/aggregated-metrics-reader" fieldPath="" kind="Addon" apiVersion="k3s.cattle.io/v1" type="Normal" reason="ApplyingManifest" message="Applying manifest at \"/var/lib/rancher/k3s/server/manifests/metrics-server/aggregated-metrics-reader.yaml\""
2025-01-29 00:57:43,025 INFO c.h.h.t.HelmChartContainer - [K3S] [range_allocator.go:112] "No Secondary Service CIDR provided. Skipping filtering out secondary service addresses"
2025-01-29 00:57:43,025 INFO c.h.h.t.HelmChartContainer - [K3S] [controllermanager.go:765] "Started controller" controller="node-ipam-controller"
2025-01-29 00:57:43,025 INFO c.h.h.t.HelmChartContainer - [K3S] [node_ipam_controller.go:141] "Starting ipam controller"
2025-01-29 00:57:43,059 INFO c.h.h.t.HelmChartContainer - [K3S] [event.go:389] "Event occurred" object="kube-system/aggregated-metrics-reader" fieldPath="" kind="Addon" apiVersion="k3s.cattle.io/v1" type="Normal" reason="AppliedManifest" message="Applied manifest at \"/var/lib/rancher/k3s/server/manifests/metrics-server/aggregated-metrics-reader.yaml\""
2025-01-29 00:57:43,064 INFO c.h.h.t.HelmChartContainer - [K3S] [event.go:389] "Event occurred" object="kube-system/auth-delegator" fieldPath="" kind="Addon" apiVersion="k3s.cattle.io/v1" type="Normal" reason="ApplyingManifest" message="Applying manifest at \"/var/lib/rancher/k3s/server/manifests/metrics-server/auth-delegator.yaml\""
2025-01-29 00:57:43,073 INFO c.h.h.t.HelmChartContainer - [K3S] [event.go:389] "Event occurred" object="kube-system/auth-delegator" fieldPath="" kind="Addon" apiVersion="k3s.cattle.io/v1" type="Normal" reason="AppliedManifest" message="Applied manifest at \"/var/lib/rancher/k3s/server/manifests/metrics-server/auth-delegator.yaml\""
2025-01-29 00:57:43,079 INFO c.h.h.t.HelmChartContainer - [K3S] [event.go:389] "Event occurred" object="kube-system/auth-reader" fieldPath="" kind="Addon" apiVersion="k3s.cattle.io/v1" type="Normal" reason="ApplyingManifest" message="Applying manifest at \"/var/lib/rancher/k3s/server/manifests/metrics-server/auth-reader.yaml\""
2025-01-29 00:57:43,085 INFO c.h.h.t.HelmChartContainer - [K3S] [event.go:389] "Event occurred" object="kube-system/auth-reader" fieldPath="" kind="Addon" apiVersion="k3s.cattle.io/v1" type="Normal" reason="AppliedManifest" message="Applied manifest at \"/var/lib/rancher/k3s/server/manifests/metrics-server/auth-reader.yaml\""
2025-01-29 00:57:43,092 INFO c.h.h.t.HelmChartContainer - [K3S] [event.go:389] "Event occurred" object="kube-system/metrics-apiservice" fieldPath="" kind="Addon" apiVersion="k3s.cattle.io/v1" type="Normal" reason="ApplyingManifest" message="Applying manifest at \"/var/lib/rancher/k3s/server/manifests/metrics-server/metrics-apiservice.yaml\""
2025-01-29 00:57:43,098 INFO c.h.h.t.HelmChartContainer - [K3S] [event.go:389] "Event occurred" object="kube-system/metrics-apiservice" fieldPath="" kind="Addon" apiVersion="k3s.cattle.io/v1" type="Normal" reason="AppliedManifest" message="Applied manifest at \"/var/lib/rancher/k3s/server/manifests/metrics-server/metrics-apiservice.yaml\""
2025-01-29 00:57:43,104 INFO c.h.h.t.HelmChartContainer - [K3S] [handler_proxy.go:99] no RequestInfo found in the context
2025-01-29 00:57:43,104 INFO c.h.h.t.HelmChartContainer - [K3S] [controller.go:146] "Unhandled Error" err=<
2025-01-29 00:57:43,104 INFO c.h.h.t.HelmChartContainer - [K3S] 	, Header: map[Content-Type:[text/plain; charset=utf-8] X-Content-Type-Options:[nosniff]]
2025-01-29 00:57:43,104 INFO c.h.h.t.HelmChartContainer - [K3S]  >
2025-01-29 00:57:43,107 INFO c.h.h.t.HelmChartContainer - [K3S] [handler_proxy.go:143] error resolving kube-system/metrics-server: service "metrics-server" not found
2025-01-29 00:57:43,109 INFO c.h.h.t.HelmChartContainer - [K3S] [event.go:389] "Event occurred" object="kube-system/metrics-server-deployment" fieldPath="" kind="Addon" apiVersion="k3s.cattle.io/v1" type="Normal" reason="ApplyingManifest" message="Applying manifest at \"/var/lib/rancher/k3s/server/manifests/metrics-server/metrics-server-deployment.yaml\""
2025-01-29 00:57:43,127 INFO c.h.h.t.HelmChartContainer - [K3S] [event.go:389] "Event occurred" object="kube-system/metrics-server-deployment" fieldPath="" kind="Addon" apiVersion="k3s.cattle.io/v1" type="Normal" reason="AppliedManifest" message="Applied manifest at \"/var/lib/rancher/k3s/server/manifests/metrics-server/metrics-server-deployment.yaml\""
2025-01-29 00:57:43,133 INFO c.h.h.t.HelmChartContainer - [K3S] [event.go:389] "Event occurred" object="kube-system/metrics-server-service" fieldPath="" kind="Addon" apiVersion="k3s.cattle.io/v1" type="Normal" reason="ApplyingManifest" message="Applying manifest at \"/var/lib/rancher/k3s/server/manifests/metrics-server/metrics-server-service.yaml\""
2025-01-29 00:57:43,141 INFO c.h.h.t.HelmChartContainer - [K3S] [alloc.go:330] "allocated clusterIPs" service="kube-system/metrics-server" clusterIPs={"IPv4":"10.43.161.152"}
2025-01-29 00:57:43,141 INFO c.h.h.t.HelmChartContainer - [K3S] [event.go:389] "Event occurred" object="kube-system/metrics-server-service" fieldPath="" kind="Addon" apiVersion="k3s.cattle.io/v1" type="Normal" reason="AppliedManifest" message="Applied manifest at \"/var/lib/rancher/k3s/server/manifests/metrics-server/metrics-server-service.yaml\""
2025-01-29 00:57:43,145 INFO c.h.h.t.HelmChartContainer - [K3S] [handler_proxy.go:99] no RequestInfo found in the context
2025-01-29 00:57:43,146 INFO c.h.h.t.HelmChartContainer - [K3S] [controller.go:146] "Unhandled Error" err=<
2025-01-29 00:57:43,146 INFO c.h.h.t.HelmChartContainer - [K3S] 	, Header: map[Content-Type:[text/plain; charset=utf-8] X-Content-Type-Options:[nosniff]]
2025-01-29 00:57:43,146 INFO c.h.h.t.HelmChartContainer - [K3S]  >
2025-01-29 00:57:43,147 INFO c.h.h.t.HelmChartContainer - [K3S] [handler_proxy.go:143] error resolving kube-system/metrics-server: endpoints "metrics-server" not found
2025-01-29 00:57:43,151 INFO c.h.h.t.HelmChartContainer - [K3S] [event.go:389] "Event occurred" object="kube-system/resource-reader" fieldPath="" kind="Addon" apiVersion="k3s.cattle.io/v1" type="Normal" reason="ApplyingManifest" message="Applying manifest at \"/var/lib/rancher/k3s/server/manifests/metrics-server/resource-reader.yaml\""
2025-01-29 00:57:43,179 INFO c.h.h.t.HelmChartContainer - [K3S] [controllermanager.go:765] "Started controller" controller="persistentvolume-expander-controller"
2025-01-29 00:57:43,179 INFO c.h.h.t.HelmChartContainer - [K3S] [expand_controller.go:329] "Starting expand controller"
2025-01-29 00:57:43,180 INFO c.h.h.t.HelmChartContainer - [K3S] [event.go:389] "Event occurred" object="kube-system/resource-reader" fieldPath="" kind="Addon" apiVersion="k3s.cattle.io/v1" type="Normal" reason="AppliedManifest" message="Applied manifest at \"/var/lib/rancher/k3s/server/manifests/metrics-server/resource-reader.yaml\""
2025-01-29 00:57:43,186 INFO c.h.h.t.HelmChartContainer - [K3S] [event.go:389] "Event occurred" object="kube-system/rolebindings" fieldPath="" kind="Addon" apiVersion="k3s.cattle.io/v1" type="Normal" reason="ApplyingManifest" message="Applying manifest at \"/var/lib/rancher/k3s/server/manifests/rolebindings.yaml\""
2025-01-29 00:57:43,192 INFO c.h.h.t.HelmChartContainer - [K3S] [serving.go:392] Generated self-signed cert in-memory
2025-01-29 00:57:43,288 INFO c.h.h.t.HelmChartContainer - [K3S] [event.go:389] "Event occurred" object="kube-system/rolebindings" fieldPath="" kind="Addon" apiVersion="k3s.cattle.io/v1" type="Normal" reason="AppliedManifest" message="Applied manifest at \"/var/lib/rancher/k3s/server/manifests/rolebindings.yaml\""
2025-01-29 00:57:43,294 INFO c.h.h.t.HelmChartContainer - [K3S] [event.go:389] "Event occurred" object="kube-system/runtimes" fieldPath="" kind="Addon" apiVersion="k3s.cattle.io/v1" type="Normal" reason="ApplyingManifest" message="Applying manifest at \"/var/lib/rancher/k3s/server/manifests/runtimes.yaml\""
2025-01-29 00:57:43,321 INFO c.h.h.t.HelmChartContainer - [K3S] [event.go:389] "Event occurred" object="kube-system/runtimes" fieldPath="" kind="Addon" apiVersion="k3s.cattle.io/v1" type="Normal" reason="AppliedManifest" message="Applied manifest at \"/var/lib/rancher/k3s/server/manifests/runtimes.yaml\""
2025-01-29 00:57:43,323 INFO c.h.h.t.HelmChartContainer - [K3S] [controllermanager.go:765] "Started controller" controller="endpointslice-mirroring-controller"
2025-01-29 00:57:43,323 INFO c.h.h.t.HelmChartContainer - [K3S] [endpointslicemirroring_controller.go:227] "Starting EndpointSliceMirroring controller"
2025-01-29 00:57:43,472 INFO c.h.h.t.HelmChartContainer - [K3S] [controllermanager.go:765] "Started controller" controller="replicationcontroller-controller"
2025-01-29 00:57:43,472 INFO c.h.h.t.HelmChartContainer - [K3S] [replica_set.go:217] "Starting controller" name="replicationcontroller"
2025-01-29 00:57:43,475 INFO c.h.h.t.HelmChartContainer - [K3S] [serving.go:392] Generated self-signed cert in-memory
2025-01-29 00:57:43,721 INFO c.h.h.t.HelmChartContainer - [K3S] [graph_builder.go:351] "Running" component="GraphBuilder"
2025-01-29 00:57:43,722 INFO c.h.h.t.HelmChartContainer - [K3S] [controllermanager.go:765] "Started controller" controller="garbage-collector-controller"
2025-01-29 00:57:43,971 INFO c.h.h.t.HelmChartContainer - [K3S] [controllermanager.go:765] "Started controller" controller="deployment-controller"
2025-01-29 00:57:43,972 INFO c.h.h.t.HelmChartContainer - [K3S] [deployment_controller.go:173] "Starting controller" controller="deployment"
2025-01-29 00:57:44,099 INFO c.h.h.t.HelmChartContainer - [K3S] [handler_proxy.go:99] no RequestInfo found in the context
2025-01-29 00:57:44,099 INFO c.h.h.t.HelmChartContainer - [K3S] [handler_proxy.go:99] no RequestInfo found in the context
2025-01-29 00:57:44,099 INFO c.h.h.t.HelmChartContainer - [K3S] [controller.go:102] "Unhandled Error" err=<
2025-01-29 00:57:44,099 INFO c.h.h.t.HelmChartContainer - [K3S] 	, Header: map[Content-Type:[text/plain; charset=utf-8] X-Content-Type-Options:[nosniff]]
2025-01-29 00:57:44,099 INFO c.h.h.t.HelmChartContainer - [K3S]  >
2025-01-29 00:57:44,116 INFO c.h.h.t.HelmChartContainer - [K3S] [controllermanager.go:160] Version: v1.32.1+k3s1
2025-01-29 00:57:44,120 INFO c.h.h.t.HelmChartContainer - [K3S] [requestheader_controller.go:180] Starting RequestHeaderAuthRequestController
2025-01-29 00:57:44,121 INFO c.h.h.t.HelmChartContainer - [K3S] [configmap_cafile_content.go:205] "Starting controller" name="client-ca::kube-system::extension-apiserver-authentication::client-ca-file"
2025-01-29 00:57:44,121 INFO c.h.h.t.HelmChartContainer - [K3S] [secure_serving.go:213] Serving securely on 127.0.0.1:10258
2025-01-29 00:57:44,121 INFO c.h.h.t.HelmChartContainer - [K3S] [configmap_cafile_content.go:205] "Starting controller" name="client-ca::kube-system::extension-apiserver-authentication::requestheader-client-ca-file"
2025-01-29 00:57:44,121 INFO c.h.h.t.HelmChartContainer - [K3S] [tlsconfig.go:243] "Starting DynamicServingCertificateController"
2025-01-29 00:57:44,123 INFO c.h.h.t.HelmChartContainer - [K3S] [controllermanager.go:765] "Started controller" controller="token-cleaner-controller"
2025-01-29 00:57:44,123 INFO c.h.h.t.HelmChartContainer - [K3S] [controllermanager.go:723] "Skipping a cloud provider controller" controller="cloud-node-lifecycle-controller"
2025-01-29 00:57:44,123 INFO c.h.h.t.HelmChartContainer - [K3S] [controllermanager.go:717] "Controller is disabled by a feature gate" controller="selinux-warning-controller" requiredFeatureGates=["SELinuxChangePolicy"]
2025-01-29 00:57:44,123 INFO c.h.h.t.HelmChartContainer - [K3S] [tokencleaner.go:117] "Starting token cleaner controller"
2025-01-29 00:57:44,124 INFO c.h.h.t.HelmChartContainer - [K3S] [INFO] Creating service-lb-controller event broadcaster
2025-01-29 00:57:44,191 INFO c.h.h.t.HelmChartContainer - [K3S] [INFO] Tunnel authorizer set Kubelet Port 0.0.0.0:10250
2025-01-29 00:57:44,235 INFO c.h.h.t.HelmChartContainer - [K3S] [INFO] Starting /v1, Kind=Node controller
2025-01-29 00:57:44,238 INFO c.h.h.t.HelmChartContainer - [K3S] [INFO] Starting /v1, Kind=Pod controller
2025-01-29 00:57:44,240 INFO c.h.h.t.HelmChartContainer - [K3S] [INFO] Starting apps/v1, Kind=DaemonSet controller
2025-01-29 00:57:44,243 INFO c.h.h.t.HelmChartContainer - [K3S] [INFO] Starting discovery.k8s.io/v1, Kind=EndpointSlice controller
2025-01-29 00:57:44,246 INFO c.h.h.t.HelmChartContainer - [K3S] [controllermanager.go:329] Started "cloud-node-controller"
2025-01-29 00:57:44,247 INFO c.h.h.t.HelmChartContainer - [K3S] [controllermanager.go:329] Started "cloud-node-lifecycle-controller"
2025-01-29 00:57:44,247 INFO c.h.h.t.HelmChartContainer - [K3S] [controllermanager.go:329] Started "service-lb-controller"
2025-01-29 00:57:44,247 INFO c.h.h.t.HelmChartContainer - [K3S] [controllermanager.go:306] "node-route-controller" is disabled
2025-01-29 00:57:44,247 INFO c.h.h.t.HelmChartContainer - [K3S] [node_controller.go:176] Sending events to api server.
2025-01-29 00:57:44,247 INFO c.h.h.t.HelmChartContainer - [K3S] [controller.go:234] Starting service controller
2025-01-29 00:57:44,247 INFO c.h.h.t.HelmChartContainer - [K3S] [node_lifecycle_controller.go:112] Sending events to api server
2025-01-29 00:57:44,247 INFO c.h.h.t.HelmChartContainer - [K3S] [node_controller.go:185] Waiting for informer caches to sync
2025-01-29 00:57:44,272 INFO c.h.h.t.HelmChartContainer - [K3S] [controllermanager.go:765] "Started controller" controller="endpoints-controller"
2025-01-29 00:57:44,272 INFO c.h.h.t.HelmChartContainer - [K3S] [endpoints_controller.go:182] "Starting endpoint controller"
2025-01-29 00:57:44,346 INFO c.h.h.t.HelmChartContainer - [K3S] [node_controller.go:429] Initializing node 378b0af89195 with cloud provider
2025-01-29 00:57:44,349 INFO c.h.h.t.HelmChartContainer - [K3S] [node_controller.go:474] Successfully initialized node 378b0af89195 with cloud provider
2025-01-29 00:57:44,349 INFO c.h.h.t.HelmChartContainer - [K3S] [event.go:389] "Event occurred" object="378b0af89195" fieldPath="" kind="Node" apiVersion="v1" type="Normal" reason="Synced" message="Node synced successfully"
2025-01-29 00:57:44,357 INFO c.h.h.t.HelmChartContainer - [K3S] [INFO] Updated coredns NodeHosts entry for 378b0af89195
2025-01-29 00:57:44,422 INFO c.h.h.t.HelmChartContainer - [K3S] [controllermanager.go:765] "Started controller" controller="endpointslice-controller"
2025-01-29 00:57:44,423 INFO c.h.h.t.HelmChartContainer - [K3S] [endpointslice_controller.go:281] "Starting endpoint slice controller"
2025-01-29 00:57:44,668 INFO c.h.h.t.HelmChartContainer - [K3S] [serving.go:392] Generated self-signed cert in-memory
2025-01-29 00:57:44,728 INFO c.h.h.t.HelmChartContainer - [K3S] [controllermanager.go:765] "Started controller" controller="resourcequota-controller"
2025-01-29 00:57:44,728 INFO c.h.h.t.HelmChartContainer - [K3S] [resource_quota_controller.go:300] "Starting resource quota controller"
2025-01-29 00:57:44,771 INFO c.h.h.t.HelmChartContainer - [K3S] [controllermanager.go:765] "Started controller" controller="certificatesigningrequest-approving-controller"
2025-01-29 00:57:44,771 INFO c.h.h.t.HelmChartContainer - [K3S] [certificate_controller.go:120] "Starting certificate controller" name="csrapproving"
2025-01-29 00:57:44,822 INFO c.h.h.t.HelmChartContainer - [K3S] [node_lifecycle_controller.go:432] "Controller will reconcile labels"
2025-01-29 00:57:44,822 INFO c.h.h.t.HelmChartContainer - [K3S] [controllermanager.go:765] "Started controller" controller="node-lifecycle-controller"
2025-01-29 00:57:44,822 INFO c.h.h.t.HelmChartContainer - [K3S] [node_lifecycle_controller.go:466] "Sending events to api server"
2025-01-29 00:57:44,822 INFO c.h.h.t.HelmChartContainer - [K3S] [node_lifecycle_controller.go:477] "Starting node controller"
2025-01-29 00:57:44,956 INFO c.h.h.t.HelmChartContainer - [K3S] [server.go:164] "Starting Kubernetes Scheduler" version="v1.32.1+k3s1"
2025-01-29 00:57:44,956 INFO c.h.h.t.HelmChartContainer - [K3S] [server.go:166] "Golang settings" GOGC="" GOMAXPROCS="" GOTRACEBACK=""
2025-01-29 00:57:44,959 INFO c.h.h.t.HelmChartContainer - [K3S] [configmap_cafile_content.go:205] "Starting controller" name="client-ca::kube-system::extension-apiserver-authentication::client-ca-file"
2025-01-29 00:57:44,959 INFO c.h.h.t.HelmChartContainer - [K3S] [configmap_cafile_content.go:205] "Starting controller" name="client-ca::kube-system::extension-apiserver-authentication::requestheader-client-ca-file"
2025-01-29 00:57:44,959 INFO c.h.h.t.HelmChartContainer - [K3S] [requestheader_controller.go:180] Starting RequestHeaderAuthRequestController
2025-01-29 00:57:44,960 INFO c.h.h.t.HelmChartContainer - [K3S] [secure_serving.go:213] Serving securely on 127.0.0.1:10259
2025-01-29 00:57:44,960 INFO c.h.h.t.HelmChartContainer - [K3S] [tlsconfig.go:243] "Starting DynamicServingCertificateController"
2025-01-29 00:57:44,976 INFO c.h.h.t.HelmChartContainer - [K3S] [controllermanager.go:765] "Started controller" controller="ttl-after-finished-controller"
2025-01-29 00:57:44,976 INFO c.h.h.t.HelmChartContainer - [K3S] [controllermanager.go:717] "Controller is disabled by a feature gate" controller="storageversion-garbage-collector-controller" requiredFeatureGates=["APIServerIdentity","StorageVersionAPI"]
2025-01-29 00:57:44,976 INFO c.h.h.t.HelmChartContainer - [K3S] [controllermanager.go:723] "Skipping a cloud provider controller" controller="service-lb-controller"
2025-01-29 00:57:44,976 INFO c.h.h.t.HelmChartContainer - [K3S] [ttlafterfinished_controller.go:112] "Starting TTL after finished controller"
2025-01-29 00:57:45,128 INFO c.h.h.t.HelmChartContainer - [K3S] [controllermanager.go:765] "Started controller" controller="persistentvolume-protection-controller"
2025-01-29 00:57:45,128 INFO c.h.h.t.HelmChartContainer - [K3S] [pv_protection_controller.go:81] "Starting PV protection controller"
2025-01-29 00:57:45,191 INFO c.h.h.t.HelmChartContainer - [K3S] [INFO] Started tunnel to 172.18.0.2:6443
2025-01-29 00:57:45,192 INFO c.h.h.t.HelmChartContainer - [K3S] [INFO] Stopped tunnel to 127.0.0.1:6443
2025-01-29 00:57:45,192 INFO c.h.h.t.HelmChartContainer - [K3S] [INFO] Connecting to proxy" url="wss://172.18.0.2:6443/v1-k3s/connect
2025-01-29 00:57:45,192 INFO c.h.h.t.HelmChartContainer - [K3S] [INFO] Proxy done" err="context canceled" url="wss://127.0.0.1:6443/v1-k3s/connect
2025-01-29 00:57:45,192 INFO c.h.h.t.HelmChartContainer - [K3S] [INFO] error in remotedialer server [400]: websocket: close 1006 (abnormal closure): unexpected EOF
2025-01-29 00:57:45,193 INFO c.h.h.t.HelmChartContainer - [K3S] [INFO] Handling backend connection request [378b0af89195]
2025-01-29 00:57:45,193 INFO c.h.h.t.HelmChartContainer - [K3S] [INFO] Remotedialer connected to proxy" url="wss://172.18.0.2:6443/v1-k3s/connect
2025-01-29 00:57:45,272 INFO c.h.h.t.HelmChartContainer - [K3S] [controllermanager.go:765] "Started controller" controller="pod-garbage-collector-controller"
2025-01-29 00:57:45,272 INFO c.h.h.t.HelmChartContainer - [K3S] [gc_controller.go:99] "Starting GC controller"
2025-01-29 00:57:45,422 INFO c.h.h.t.HelmChartContainer - [K3S] [controllermanager.go:765] "Started controller" controller="persistentvolume-attach-detach-controller"
2025-01-29 00:57:45,422 INFO c.h.h.t.HelmChartContainer - [K3S] [controllermanager.go:717] "Controller is disabled by a feature gate" controller="volumeattributesclass-protection-controller" requiredFeatureGates=["VolumeAttributesClass"]
2025-01-29 00:57:45,422 INFO c.h.h.t.HelmChartContainer - [K3S] [attach_detach_controller.go:338] "Starting attach detach controller"
2025-01-29 00:57:45,572 INFO c.h.h.t.HelmChartContainer - [K3S] [controllermanager.go:765] "Started controller" controller="ephemeral-volume-controller"
2025-01-29 00:57:45,572 INFO c.h.h.t.HelmChartContainer - [K3S] [controller.go:173] "Starting ephemeral volume controller"
2025-01-29 00:57:45,589 INFO c.h.h.t.HelmChartContainer - [K3S] [actual_state_of_world.go:541] "Failed to update statusUpdateNeeded field in actual state of world" err="Failed to set statusUpdateNeeded to needed true, because nodeName=\"378b0af89195\" does not exist"
2025-01-29 00:57:45,625 INFO c.h.h.t.HelmChartContainer - [K3S] [range_allocator.go:177] "Sending events to api server"
2025-01-29 00:57:45,625 INFO c.h.h.t.HelmChartContainer - [K3S] [range_allocator.go:183] "Starting range CIDR allocator"
2025-01-29 00:57:45,628 INFO c.h.h.t.HelmChartContainer - [K3S] [range_allocator.go:428] "Set node PodCIDR" node="378b0af89195" podCIDRs=["10.42.0.0/24"]
2025-01-29 00:57:45,628 INFO c.h.h.t.HelmChartContainer - [K3S] [range_allocator.go:247] "Successfully synced" key="378b0af89195"
2025-01-29 00:57:45,630 INFO c.h.h.t.HelmChartContainer - [K3S] [INFO] Flannel found PodCIDR assigned for node 378b0af89195
2025-01-29 00:57:45,630 INFO c.h.h.t.HelmChartContainer - [K3S] [range_allocator.go:247] "Successfully synced" key="378b0af89195"
2025-01-29 00:57:45,630 INFO c.h.h.t.HelmChartContainer - [K3S] [INFO] The interface eth0 with ipv4 address 172.18.0.2 will be used by flannel
2025-01-29 00:57:45,631 INFO c.h.h.t.HelmChartContainer - [K3S] [kube.go:139] Waiting 10m0s for node controller to sync
2025-01-29 00:57:45,631 INFO c.h.h.t.HelmChartContainer - [K3S] [kube.go:469] Starting kube subnet manager
2025-01-29 00:57:45,724 INFO c.h.h.t.HelmChartContainer - [K3S] [node_lifecycle_controller.go:1234] "Initializing eviction metric for zone" zone=""
2025-01-29 00:57:45,724 INFO c.h.h.t.HelmChartContainer - [K3S] [node_lifecycle_controller.go:886] "Missing timestamp for Node. Assuming now as a timestamp" node="378b0af89195"
2025-01-29 00:57:45,724 INFO c.h.h.t.HelmChartContainer - [K3S] [node_lifecycle_controller.go:1080] "Controller detected that zone is now in new state" zone="" newState="Normal"
2025-01-29 00:57:45,730 INFO c.h.h.t.HelmChartContainer - [K3S] [range_allocator.go:247] "Successfully synced" key="378b0af89195"
2025-01-29 00:57:45,741 INFO c.h.h.t.HelmChartContainer - [K3S] [INFO] Starting network policy controller version v2.2.1, built on 2025-01-28T18:27:08Z, go1.23.4
2025-01-29 00:57:45,741 INFO c.h.h.t.HelmChartContainer - [K3S] [network_policy_controller.go:164] Starting network policy controller
2025-01-29 00:57:45,767 INFO c.h.h.t.HelmChartContainer - [K3S] [network_policy_controller.go:176] Starting network policy controller full sync goroutine
2025-01-29 00:57:46,278 INFO c.h.h.t.HelmChartContainer - [K3S] [handler_proxy.go:99] no RequestInfo found in the context
2025-01-29 00:57:46,278 INFO c.h.h.t.HelmChartContainer - [K3S] [controller.go:146] "Unhandled Error" err=<
2025-01-29 00:57:46,278 INFO c.h.h.t.HelmChartContainer - [K3S] 	, Header: map[Content-Type:[text/plain; charset=utf-8] X-Content-Type-Options:[nosniff]]
2025-01-29 00:57:46,278 INFO c.h.h.t.HelmChartContainer - [K3S]  >
2025-01-29 00:57:46,279 INFO c.h.h.t.HelmChartContainer - [K3S] [handler_proxy.go:143] error resolving kube-system/metrics-server: no endpoints available for service "metrics-server"
2025-01-29 00:57:46,376 INFO c.h.h.t.HelmChartContainer - [K3S] [range_allocator.go:247] "Successfully synced" key="378b0af89195"
2025-01-29 00:57:46,486 INFO c.h.h.t.HelmChartContainer - [K3S] [replica_set.go:679] "Finished syncing" kind="ReplicaSet" key="kube-system/local-path-provisioner-698b58967b" duration="258.491966ms"
2025-01-29 00:57:46,491 INFO c.h.h.t.HelmChartContainer - [K3S] [replica_set.go:679] "Finished syncing" kind="ReplicaSet" key="kube-system/coredns-ff8999cc5" duration="263.771053ms"
2025-01-29 00:57:46,492 INFO c.h.h.t.HelmChartContainer - [K3S] [replica_set.go:679] "Finished syncing" kind="ReplicaSet" key="kube-system/metrics-server-8584b5786c" duration="263.597024ms"
2025-01-29 00:57:46,495 INFO c.h.h.t.HelmChartContainer - [K3S] [replica_set.go:679] "Finished syncing" kind="ReplicaSet" key="kube-system/local-path-provisioner-698b58967b" duration="9.345872ms"
2025-01-29 00:57:46,496 INFO c.h.h.t.HelmChartContainer - [K3S] [replica_set.go:679] "Finished syncing" kind="ReplicaSet" key="kube-system/local-path-provisioner-698b58967b" duration="26.88µs"
2025-01-29 00:57:46,500 INFO c.h.h.t.HelmChartContainer - [K3S] [replica_set.go:679] "Finished syncing" kind="ReplicaSet" key="kube-system/coredns-ff8999cc5" duration="9.276329ms"
2025-01-29 00:57:46,501 INFO c.h.h.t.HelmChartContainer - [K3S] [replica_set.go:679] "Finished syncing" kind="ReplicaSet" key="kube-system/coredns-ff8999cc5" duration="29.535µs"
2025-01-29 00:57:46,507 INFO c.h.h.t.HelmChartContainer - [K3S] [replica_set.go:679] "Finished syncing" kind="ReplicaSet" key="kube-system/metrics-server-8584b5786c" duration="14.661913ms"
2025-01-29 00:57:46,514 INFO c.h.h.t.HelmChartContainer - [K3S] [replica_set.go:679] "Finished syncing" kind="ReplicaSet" key="kube-system/metrics-server-8584b5786c" duration="6.998233ms"
2025-01-29 00:57:46,514 INFO c.h.h.t.HelmChartContainer - [K3S] [replica_set.go:679] "Finished syncing" kind="ReplicaSet" key="kube-system/metrics-server-8584b5786c" duration="24.847µs"
2025-01-29 00:57:46,520 INFO c.h.h.t.HelmChartContainer - [K3S] [replica_set.go:679] "Finished syncing" kind="ReplicaSet" key="kube-system/coredns-ff8999cc5" duration="28.704µs"
2025-01-29 00:57:46,522 WARN c.h.h.t.HelmChartContainer - K3s image not ready yet 'Condition with Lambda expression in com.hivemq.helmcharts.testcontainer.HelmChartContainer$K3sReadyStartupCheckStrategy was not fulfilled within 10 seconds.'
2025-01-29 00:57:46,525 INFO c.h.h.t.HelmChartContainer - [K3S] [replica_set.go:679] "Finished syncing" kind="ReplicaSet" key="kube-system/local-path-provisioner-698b58967b" duration="30.407µs"
2025-01-29 00:57:46,531 INFO c.h.h.t.HelmChartContainer - [K3S] [replica_set.go:679] "Finished syncing" kind="ReplicaSet" key="kube-system/metrics-server-8584b5786c" duration="32µs"
2025-01-29 00:57:46,557 INFO c.h.h.t.HelmChartContainer - [K3S] [reconciler_common.go:251] "operationExecutor.VerifyControllerAttachedVolume started for volume \"config-volume\" (UniqueName: \"kubernetes.io/configmap/a6ddb3f6-f122-4524-9f95-e13c373a26a1-config-volume\") pod \"local-path-provisioner-698b58967b-xjr8v\" (UID: \"a6ddb3f6-f122-4524-9f95-e13c373a26a1\") " pod="kube-system/local-path-provisioner-698b58967b-xjr8v"
2025-01-29 00:57:46,558 INFO c.h.h.t.HelmChartContainer - [K3S] [reconciler_common.go:251] "operationExecutor.VerifyControllerAttachedVolume started for volume \"kube-api-access-g78dc\" (UniqueName: \"kubernetes.io/projected/a6ddb3f6-f122-4524-9f95-e13c373a26a1-kube-api-access-g78dc\") pod \"local-path-provisioner-698b58967b-xjr8v\" (UID: \"a6ddb3f6-f122-4524-9f95-e13c373a26a1\") " pod="kube-system/local-path-provisioner-698b58967b-xjr8v"
2025-01-29 00:57:46,558 INFO c.h.h.t.HelmChartContainer - [K3S] [reconciler_common.go:251] "operationExecutor.VerifyControllerAttachedVolume started for volume \"tmp-dir\" (UniqueName: \"kubernetes.io/empty-dir/c90cc81e-f78a-4290-aacd-b1ec0e4cd3f6-tmp-dir\") pod \"metrics-server-8584b5786c-g6lvt\" (UID: \"c90cc81e-f78a-4290-aacd-b1ec0e4cd3f6\") " pod="kube-system/metrics-server-8584b5786c-g6lvt"
2025-01-29 00:57:46,558 INFO c.h.h.t.HelmChartContainer - [K3S] [reconciler_common.go:251] "operationExecutor.VerifyControllerAttachedVolume started for volume \"kube-api-access-5vdnw\" (UniqueName: \"kubernetes.io/projected/c90cc81e-f78a-4290-aacd-b1ec0e4cd3f6-kube-api-access-5vdnw\") pod \"metrics-server-8584b5786c-g6lvt\" (UID: \"c90cc81e-f78a-4290-aacd-b1ec0e4cd3f6\") " pod="kube-system/metrics-server-8584b5786c-g6lvt"
2025-01-29 00:57:46,558 INFO c.h.h.t.HelmChartContainer - [K3S] [reconciler_common.go:251] "operationExecutor.VerifyControllerAttachedVolume started for volume \"config-volume\" (UniqueName: \"kubernetes.io/configmap/1eaf3298-d138-4ce3-844f-91a54605a078-config-volume\") pod \"coredns-ff8999cc5-rm57m\" (UID: \"1eaf3298-d138-4ce3-844f-91a54605a078\") " pod="kube-system/coredns-ff8999cc5-rm57m"
2025-01-29 00:57:46,558 INFO c.h.h.t.HelmChartContainer - [K3S] [reconciler_common.go:251] "operationExecutor.VerifyControllerAttachedVolume started for volume \"custom-config-volume\" (UniqueName: \"kubernetes.io/configmap/1eaf3298-d138-4ce3-844f-91a54605a078-custom-config-volume\") pod \"coredns-ff8999cc5-rm57m\" (UID: \"1eaf3298-d138-4ce3-844f-91a54605a078\") " pod="kube-system/coredns-ff8999cc5-rm57m"
2025-01-29 00:57:46,558 INFO c.h.h.t.HelmChartContainer - [K3S] [reconciler_common.go:251] "operationExecutor.VerifyControllerAttachedVolume started for volume \"kube-api-access-84q2j\" (UniqueName: \"kubernetes.io/projected/1eaf3298-d138-4ce3-844f-91a54605a078-kube-api-access-84q2j\") pod \"coredns-ff8999cc5-rm57m\" (UID: \"1eaf3298-d138-4ce3-844f-91a54605a078\") " pod="kube-system/coredns-ff8999cc5-rm57m"
2025-01-29 00:57:46,632 INFO c.h.h.t.HelmChartContainer - [K3S] [kube.go:146] Node controller sync successful
2025-01-29 00:57:46,632 INFO c.h.h.t.HelmChartContainer - [K3S] [vxlan.go:141] VXLAN config: VNI=1 Port=0 GBP=false Learning=false DirectRouting=false
2025-01-29 00:57:46,635 INFO c.h.h.t.HelmChartContainer - [K3S] [kube.go:636] List of node(378b0af89195) annotations: map[string]string{"alpha.kubernetes.io/provided-node-ip":"172.18.0.2", "k3s.io/hostname":"378b0af89195", "k3s.io/internal-ip":"172.18.0.2", "k3s.io/node-args":"[\"server\",\"--etcd-arg\",\"unsafe-no-fsync\",\"--etcd-arg\",\"snapshot-count=10000\",\"--etcd-arg\",\"auto-compaction-mode=revision\",\"--etcd-arg\",\"auto-compaction-retention=1000000\",\"--kube-apiserver-arg\",\"etcd-compaction-interval=0s\",\"--disable\",\"traefik\",\"--tls-san\",\"localhost\"]", "k3s.io/node-config-hash":"2QNNT5M5XUBFOLO5XPGEVGOM5UDLHHTIVMSRUPAUHE5DU3HUYQUQ====", "k3s.io/node-env":"{}", "node.alpha.kubernetes.io/ttl":"0", "volumes.kubernetes.io/controller-managed-attach-detach":"true"}
2025-01-29 00:57:46,639 INFO c.h.h.t.HelmChartContainer - [K3S] [iptables.go:51] Starting flannel in iptables mode...
2025-01-29 00:57:46,640 INFO c.h.h.t.HelmChartContainer - [K3S] [WARNING] no subnet found for key: FLANNEL_NETWORK in file: /run/flannel/subnet.env
2025-01-29 00:57:46,640 INFO c.h.h.t.HelmChartContainer - [K3S] [WARNING] no subnet found for key: FLANNEL_SUBNET in file: /run/flannel/subnet.env
2025-01-29 00:57:46,640 INFO c.h.h.t.HelmChartContainer - [K3S] [WARNING] no subnet found for key: FLANNEL_IPV6_NETWORK in file: /run/flannel/subnet.env
2025-01-29 00:57:46,640 INFO c.h.h.t.HelmChartContainer - [K3S] [WARNING] no subnet found for key: FLANNEL_IPV6_SUBNET in file: /run/flannel/subnet.env
2025-01-29 00:57:46,640 INFO c.h.h.t.HelmChartContainer - [K3S] [iptables.go:115] Current network or subnet (10.42.0.0/16, 10.42.0.0/24) is not equal to previous one (0.0.0.0/0, 0.0.0.0/0), trying to recycle old iptables rules
2025-01-29 00:57:46,640 INFO c.h.h.t.HelmChartContainer - [K3S] [range_allocator.go:247] "Successfully synced" key="378b0af89195"
2025-01-29 00:57:46,640 INFO c.h.h.t.HelmChartContainer - [K3S] [kube.go:490] Creating the node lease for IPv4. This is the n.Spec.PodCIDRs: [10.42.0.0/24]
2025-01-29 00:57:46,647 INFO c.h.h.t.HelmChartContainer - [K3S] [iptables.go:125] Setting up masking rules
2025-01-29 00:57:46,649 INFO c.h.h.t.HelmChartContainer - [K3S] [iptables.go:226] Changing default FORWARD chain policy to ACCEPT
2025-01-29 00:57:46,650 INFO c.h.h.t.HelmChartContainer - [K3S] [INFO] Wrote flannel subnet file to /run/flannel/subnet.env
2025-01-29 00:57:46,651 INFO c.h.h.t.HelmChartContainer - [K3S] [INFO] Running flannel backend.
2025-01-29 00:57:46,652 INFO c.h.h.t.HelmChartContainer - [K3S] [vxlan_network.go:65] watching for new subnet leases
2025-01-29 00:57:46,666 INFO c.h.h.t.HelmChartContainer - [K3S] [iptables.go:372] bootstrap done
2025-01-29 00:57:46,667 INFO c.h.h.t.HelmChartContainer - [K3S] [iptables.go:372] bootstrap done
2025-01-29 00:57:47,279 INFO c.h.h.t.HelmChartContainer - [K3S] [handler_proxy.go:99] no RequestInfo found in the context
2025-01-29 00:57:47,279 INFO c.h.h.t.HelmChartContainer - [K3S] [handler_proxy.go:99] no RequestInfo found in the context
2025-01-29 00:57:47,279 INFO c.h.h.t.HelmChartContainer - [K3S] [controller.go:102] "Unhandled Error" err=<
2025-01-29 00:57:47,279 INFO c.h.h.t.HelmChartContainer - [K3S] 	, Header: map[Content-Type:[text/plain; charset=utf-8] X-Content-Type-Options:[nosniff]]
2025-01-29 00:57:47,279 INFO c.h.h.t.HelmChartContainer - [K3S]  >
2025-01-29 00:57:50,396 INFO c.h.h.t.HelmChartContainer - [K3S] [kuberuntime_manager.go:1702] "Updating runtime config through cri with podcidr" CIDR="10.42.0.0/24"
2025-01-29 00:57:50,398 INFO c.h.h.t.HelmChartContainer - [K3S] [kubelet_network.go:61] "Updating Pod CIDR" originalPodCIDR="" newPodCIDR="10.42.0.0/24"
2025-01-29 00:57:50,408 INFO c.h.h.t.HelmChartContainer - [K3S] [range_allocator.go:247] "Successfully synced" key="378b0af89195"
2025-01-29 00:57:51,037 DEBUG c.h.h.t.HelmChartContainer - Image file loaded 'hivemq-platform-operator.tar'
2025-01-29 00:57:51,294 INFO c.h.h.t.HelmChartContainer - [K3S] [replica_set.go:679] "Finished syncing" kind="ReplicaSet" key="kube-system/local-path-provisioner-698b58967b" duration="5.510584ms"
2025-01-29 00:57:51,295 INFO c.h.h.t.HelmChartContainer - [K3S] [replica_set.go:679] "Finished syncing" kind="ReplicaSet" key="kube-system/local-path-provisioner-698b58967b" duration="40.727µs"
2025-01-29 00:57:51,641 DEBUG c.h.h.t.HelmChartContainer - Image file loaded 'hivemq-platform-operator-init.tar'
2025-01-29 00:57:52,293 INFO c.h.h.t.HelmChartContainer - [K3S] [replica_set.go:679] "Finished syncing" kind="ReplicaSet" key="kube-system/coredns-ff8999cc5" duration="51.817µs"
2025-01-29 00:57:52,327 INFO c.h.h.t.HelmChartContainer - [K3S] [replica_set.go:679] "Finished syncing" kind="ReplicaSet" key="kube-system/coredns-ff8999cc5" duration="15.431475ms"
2025-01-29 00:57:52,327 INFO c.h.h.t.HelmChartContainer - [K3S] [replica_set.go:679] "Finished syncing" kind="ReplicaSet" key="kube-system/coredns-ff8999cc5" duration="44.874µs"
2025-01-29 00:57:52,338 INFO c.h.h.t.HelmChartContainer - [K3S] [replica_set.go:679] "Finished syncing" kind="ReplicaSet" key="kube-system/metrics-server-8584b5786c" duration="37.32µs"
2025-01-29 00:57:57,608 DEBUG c.h.h.t.HelmChartContainer - Image file loaded 'hivemq-platform.tar'
2025-01-29 00:57:57,609 DEBUG c.h.h.t.HelmChartContainer - Successful Helm chart Container startup
2025-01-29 00:57:57,617 INFO t.localhost/testcontainers/eemyytdd4xcnzjps:latest - Container localhost/testcontainers/eemyytdd4xcnzjps:latest started in PT23.597433525S
2025-01-29 00:57:57,631 DEBUG c.h.h.t.HelmChartContainer - Executing helm command: /bin/helm --kubeconfig /etc/rancher/k3s/k3s.yaml repo add hivemq https://hivemq.github.io/helm-charts
2025-01-29 00:57:59,003 INFO c.h.h.t.HelmChartContainer - [EVENT] Normal [Starting] Starting kubelet. [null:378b0af89195]
2025-01-29 00:57:59,004 INFO c.h.h.t.HelmChartContainer - [EVENT] Warning [InvalidDiskCapacity] invalid capacity 0 on image filesystem [null:378b0af89195]
2025-01-29 00:57:59,005 INFO c.h.h.t.HelmChartContainer - [EVENT] Normal [NodeHasSufficientMemory] Node 378b0af89195 status is now: NodeHasSufficientMemory [null:378b0af89195]
2025-01-29 00:57:59,005 INFO c.h.h.t.HelmChartContainer - [EVENT] Normal [NodeHasNoDiskPressure] Node 378b0af89195 status is now: NodeHasNoDiskPressure [null:378b0af89195]
2025-01-29 00:57:59,006 INFO c.h.h.t.HelmChartContainer - [EVENT] Normal [NodeHasSufficientPID] Node 378b0af89195 status is now: NodeHasSufficientPID [null:378b0af89195]
2025-01-29 00:57:59,007 INFO c.h.h.t.HelmChartContainer - [EVENT] Normal [NodeAllocatableEnforced] Updated Node Allocatable limit across pods [null:378b0af89195]
2025-01-29 00:57:59,008 INFO c.h.h.t.HelmChartContainer - [EVENT] Normal [NodeReady] Node 378b0af89195 status is now: NodeReady [null:378b0af89195]
2025-01-29 00:57:59,010 INFO c.h.h.t.HelmChartContainer - [EVENT] Normal [NodePasswordValidationComplete] Deferred node password secret validation complete [null:378b0af89195]
2025-01-29 00:57:59,011 INFO c.h.h.t.HelmChartContainer - [EVENT] Normal [Synced] Node synced successfully [null:378b0af89195]
2025-01-29 00:57:59,011 INFO c.h.h.t.HelmChartContainer - [EVENT] Normal [RegisteredNode] Node 378b0af89195 event: Registered Node 378b0af89195 in Controller [null:378b0af89195]
2025-01-29 00:57:59,012 INFO c.h.h.t.HelmChartContainer - Saved kubeconfig file on /tmp/kubeconfig-4030539182347868498.yaml
2025-01-29 00:57:59,012 INFO c.h.h.t.HelmChartContainer - HelmChartContainer is started
]]></system-out>
  <system-err><![CDATA[]]></system-err>
</testsuite>
