<?xml version="1.0" encoding="UTF-8"?>
<testsuite name="com.hivemq.helmcharts.operator.CustomOperatorNamespacesIT" tests="1" skipped="0" failures="0" errors="0" timestamp="2025-01-27T19:04:33" hostname="fv-az1937-696" time="121.847">
  <properties/>
  <testcase name="whenOperatorNamespacesIsConfigured_thenOnlyCustomResourcesInWatchedNamespacesReconciled()" classname="com.hivemq.helmcharts.operator.CustomOperatorNamespacesIT" time="121.847">
    <system-out><![CDATA[2025-01-27 19:04:33,909 INFO c.h.h.t.HelmChartContainer - Creating namespace 'customoperatornamespacesit-operator'...
2025-01-27 19:04:34,128 INFO c.h.h.t.HelmChartContainer - Namespace 'customoperatornamespacesit-operator' created
2025-01-27 19:04:34,129 INFO c.h.h.t.HelmChartContainer - Creating namespace 'customoperatornamespacesit-alpha'...
2025-01-27 19:04:34,129 INFO c.h.h.t.HelmChartContainer - [POD] coredns-ff8999cc5-sp4tv [0a80c89d-8c98-443d-a9d8-7e51c6cb2f0b] in kube-system was ADDED
2025-01-27 19:04:34,132 INFO c.h.h.t.HelmChartContainer - [POD] local-path-provisioner-698b58967b-h6cfl [ac4c5681-21cb-43a9-b706-3ce277ada5b1] in kube-system was ADDED
2025-01-27 19:04:34,135 INFO c.h.h.t.HelmChartContainer - [POD] metrics-server-8584b5786c-6hnsd [ac9b99f6-44b1-44c6-a72f-7dff40f4713e] in kube-system was ADDED
2025-01-27 19:04:34,139 INFO c.h.h.t.HelmChartContainer - Namespace 'customoperatornamespacesit-alpha' created
2025-01-27 19:04:34,139 INFO c.h.h.t.HelmChartContainer - Creating namespace 'customoperatornamespacesit-beta'...
2025-01-27 19:04:34,237 INFO c.h.h.t.HelmChartContainer - Namespace 'customoperatornamespacesit-beta' created
2025-01-27 19:04:34,237 INFO c.h.h.t.HelmChartContainer - Creating namespace 'customoperatornamespacesit-gamma'...
2025-01-27 19:04:34,338 INFO c.h.h.t.HelmChartContainer - Namespace 'customoperatornamespacesit-gamma' created
2025-01-27 19:04:34,406 DEBUG c.h.h.t.HelmChartContainer - Executing helm command: /bin/helm --kubeconfig /etc/rancher/k3s/k3s.yaml install test-hivemq-platform-operator /charts/hivemq-platform-operator --wait --timeout 5m0s --set image.repository=docker.io/hivemq --set image.name=hivemq-platform-operator-test --set image.initImageName=hivemq-platform-operator-init-test --set image.tag=snapshot --set image.pullPolicy=Never --set logLevel=DEBUG --set resources.cpu=512m --set namespaces=customoperatornamespacesit-alpha\,customoperatornamespacesit-beta --namespace customoperatornamespacesit-operator
2025-01-27 19:04:36,777 INFO c.h.h.t.HelmChartContainer - [K3S] [alloc.go:330] "allocated clusterIPs" service="customoperatornamespacesit-operator/hivemq-platform-operator-test-hivemq-platform-operator" clusterIPs={"IPv4":"10.43.58.121"}
2025-01-27 19:04:36,792 INFO c.h.h.t.HelmChartContainer - [EVENT] Normal [ScalingReplicaSet] Scaled up replica set hivemq-test-hivemq-platform-operator-6c7f4cc7b from 0 to 1 [customoperatornamespacesit-operator:hivemq-test-hivemq-platform-operator]
2025-01-27 19:04:36,803 INFO c.h.h.t.HelmChartContainer - [POD] hivemq-test-hivemq-platform-operator-6c7f4cc7b-cg9bp [608a705e-f630-4f72-bda5-a4ace470c71d] in customoperatornamespacesit-operator was ADDED
2025-01-27 19:04:36,813 INFO c.h.h.t.HelmChartContainer - [POD] hivemq-test-hivemq-platform-operator-6c7f4cc7b-cg9bp [608a705e-f630-4f72-bda5-a4ace470c71d] in customoperatornamespacesit-operator was MODIFIED
2025-01-27 19:04:36,814 INFO c.h.h.t.HelmChartContainer - [EVENT] Normal [SuccessfulCreate] Created pod: hivemq-test-hivemq-platform-operator-6c7f4cc7b-cg9bp [customoperatornamespacesit-operator:hivemq-test-hivemq-platform-operator-6c7f4cc7b]
2025-01-27 19:04:36,815 INFO c.h.h.t.HelmChartContainer - [K3S] [replica_set.go:679] "Finished syncing" kind="ReplicaSet" key="customoperatornamespacesit-operator/hivemq-test-hivemq-platform-operator-6c7f4cc7b" duration="25.134305ms"
2025-01-27 19:04:36,818 INFO c.h.h.t.HelmChartContainer - [EVENT] Normal [Scheduled] Successfully assigned customoperatornamespacesit-operator/hivemq-test-hivemq-platform-operator-6c7f4cc7b-cg9bp to 52733b76dd2d [customoperatornamespacesit-operator:hivemq-test-hivemq-platform-operator-6c7f4cc7b-cg9bp]
2025-01-27 19:04:36,822 INFO c.h.h.t.HelmChartContainer - [K3S] [replica_set.go:679] "Finished syncing" kind="ReplicaSet" key="customoperatornamespacesit-operator/hivemq-test-hivemq-platform-operator-6c7f4cc7b" duration="7.209082ms"
2025-01-27 19:04:36,823 INFO c.h.h.t.HelmChartContainer - [K3S] [replica_set.go:679] "Finished syncing" kind="ReplicaSet" key="customoperatornamespacesit-operator/hivemq-test-hivemq-platform-operator-6c7f4cc7b" duration="35.616µs"
2025-01-27 19:04:36,828 INFO c.h.h.t.HelmChartContainer - [K3S] [replica_set.go:679] "Finished syncing" kind="ReplicaSet" key="customoperatornamespacesit-operator/hivemq-test-hivemq-platform-operator-6c7f4cc7b" duration="31.198µs"
2025-01-27 19:04:36,831 INFO c.h.h.t.HelmChartContainer - [POD] hivemq-test-hivemq-platform-operator-6c7f4cc7b-cg9bp [608a705e-f630-4f72-bda5-a4ace470c71d] in customoperatornamespacesit-operator was MODIFIED
2025-01-27 19:04:36,896 INFO c.h.h.t.HelmChartContainer - [K3S] [reconciler_common.go:251] "operationExecutor.VerifyControllerAttachedVolume started for volume \"kube-api-access-vfpg4\" (UniqueName: \"kubernetes.io/projected/608a705e-f630-4f72-bda5-a4ace470c71d-kube-api-access-vfpg4\") pod \"hivemq-test-hivemq-platform-operator-6c7f4cc7b-cg9bp\" (UID: \"608a705e-f630-4f72-bda5-a4ace470c71d\") " pod="customoperatornamespacesit-operator/hivemq-test-hivemq-platform-operator-6c7f4cc7b-cg9bp"
2025-01-27 19:04:37,202 INFO c.h.h.t.HelmChartContainer - [EVENT] Normal [Pulled] Container image "docker.io/hivemq/hivemq-platform-operator-test:snapshot" already present on machine [customoperatornamespacesit-operator:hivemq-test-hivemq-platform-operator-6c7f4cc7b-cg9bp]
2025-01-27 19:04:37,203 INFO c.h.h.t.HelmChartContainer - Received Pulled event for container hivemq-platform-operator in pod hivemq-test-hivemq-platform-operator-6c7f4cc7b-cg9bp [608a705e-f630-4f72-bda5-a4ace470c71d]
2025-01-27 19:04:37,209 INFO c.h.h.t.HelmChartContainer - [EVENT] Normal [Created] Created container: hivemq-platform-operator [customoperatornamespacesit-operator:hivemq-test-hivemq-platform-operator-6c7f4cc7b-cg9bp]
2025-01-27 19:04:37,209 INFO c.h.h.t.HelmChartContainer - Received Created event for container hivemq-platform-operator in pod hivemq-test-hivemq-platform-operator-6c7f4cc7b-cg9bp [608a705e-f630-4f72-bda5-a4ace470c71d]
2025-01-27 19:04:37,383 INFO c.h.h.t.HelmChartContainer - [POD] hivemq-test-hivemq-platform-operator-6c7f4cc7b-cg9bp [608a705e-f630-4f72-bda5-a4ace470c71d] in customoperatornamespacesit-operator was MODIFIED
2025-01-27 19:04:37,384 INFO c.h.h.t.HelmChartContainer - [K3S] [replica_set.go:679] "Finished syncing" kind="ReplicaSet" key="customoperatornamespacesit-operator/hivemq-test-hivemq-platform-operator-6c7f4cc7b" duration="42.91µs"
2025-01-27 19:04:37,405 INFO c.h.h.t.HelmChartContainer - [EVENT] Normal [Started] Started container hivemq-platform-operator [customoperatornamespacesit-operator:hivemq-test-hivemq-platform-operator-6c7f4cc7b-cg9bp]
2025-01-27 19:04:37,405 INFO c.h.h.t.HelmChartContainer - Received Started event for container hivemq-platform-operator in pod hivemq-test-hivemq-platform-operator-6c7f4cc7b-cg9bp [608a705e-f630-4f72-bda5-a4ace470c71d]
2025-01-27 19:04:37,405 INFO c.h.h.t.HelmChartContainer - Started log watcher for hivemq-platform-operator in pod hivemq-test-hivemq-platform-operator-6c7f4cc7b-cg9bp [608a705e-f630-4f72-bda5-a4ace470c71d]
2025-01-27 19:04:37,407 INFO c.h.h.t.HelmChartContainer - [hivemq-test-hivemq-platform] [hivemq-platform-operator] [608a705e] -------------------------------------------------------------------------
2025-01-27 19:04:37,407 INFO c.h.h.t.HelmChartContainer - [hivemq-test-hivemq-platform] [hivemq-platform-operator] [608a705e] 
2025-01-27 19:04:37,407 INFO c.h.h.t.HelmChartContainer - [hivemq-test-hivemq-platform] [hivemq-platform-operator] [608a705e]                   _    _  _              __  __   ____
2025-01-27 19:04:37,407 INFO c.h.h.t.HelmChartContainer - [hivemq-test-hivemq-platform] [hivemq-platform-operator] [608a705e]                  | |  | |(_)            |  \/  | / __ \
2025-01-27 19:04:37,407 INFO c.h.h.t.HelmChartContainer - [hivemq-test-hivemq-platform] [hivemq-platform-operator] [608a705e]                  | |__| | _ __   __ ___ | \  / || |  | |
2025-01-27 19:04:37,407 INFO c.h.h.t.HelmChartContainer - [hivemq-test-hivemq-platform] [hivemq-platform-operator] [608a705e]                  |  __  || |\ \ / // _ \| |\/| || |  | |
2025-01-27 19:04:37,407 INFO c.h.h.t.HelmChartContainer - [hivemq-test-hivemq-platform] [hivemq-platform-operator] [608a705e]                  | |  | || | \ V /|  __/| |  | || |__| |
2025-01-27 19:04:37,407 INFO c.h.h.t.HelmChartContainer - [hivemq-test-hivemq-platform] [hivemq-platform-operator] [608a705e]                  |_|  |_||_|  \_/  \___||_|  |_| \___\_\
2025-01-27 19:04:37,407 INFO c.h.h.t.HelmChartContainer - [hivemq-test-hivemq-platform] [hivemq-platform-operator] [608a705e] 
2025-01-27 19:04:37,407 INFO c.h.h.t.HelmChartContainer - [hivemq-test-hivemq-platform] [hivemq-platform-operator] [608a705e] -------------------------------------------------------------------------
2025-01-27 19:04:37,407 INFO c.h.h.t.HelmChartContainer - [hivemq-test-hivemq-platform] [hivemq-platform-operator] [608a705e] 
2025-01-27 19:04:37,407 INFO c.h.h.t.HelmChartContainer - [hivemq-test-hivemq-platform] [hivemq-platform-operator] [608a705e]   HiveMQ Platform Operator Start Script v1.0
2025-01-27 19:04:37,407 INFO c.h.h.t.HelmChartContainer - [hivemq-test-hivemq-platform] [hivemq-platform-operator] [608a705e] 
2025-01-27 19:04:37,407 INFO c.h.h.t.HelmChartContainer - [hivemq-test-hivemq-platform] [hivemq-platform-operator] [608a705e] -------------------------------------------------------------------------
2025-01-27 19:04:37,407 INFO c.h.h.t.HelmChartContainer - [hivemq-test-hivemq-platform] [hivemq-platform-operator] [608a705e] 
2025-01-27 19:04:37,407 INFO c.h.h.t.HelmChartContainer - [hivemq-test-hivemq-platform] [hivemq-platform-operator] [608a705e]   JAVA_OPTS: -XX:+UnlockExperimentalVMOptions -XX:InitialRAMPercentage=75 -XX:MaxRAMPercentage=75 -Duser.language=en -Duser.region=US
2025-01-27 19:04:37,407 INFO c.h.h.t.HelmChartContainer - [hivemq-test-hivemq-platform] [hivemq-platform-operator] [608a705e] 
2025-01-27 19:04:37,407 INFO c.h.h.t.HelmChartContainer - [hivemq-test-hivemq-platform] [hivemq-platform-operator] [608a705e]   JAVA_VERSION: 21
2025-01-27 19:04:37,407 INFO c.h.h.t.HelmChartContainer - [hivemq-test-hivemq-platform] [hivemq-platform-operator] [608a705e] 
2025-01-27 19:04:37,407 INFO c.h.h.t.HelmChartContainer - [hivemq-test-hivemq-platform] [hivemq-platform-operator] [608a705e] -------------------------------------------------------------------------
2025-01-27 19:04:37,407 INFO c.h.h.t.HelmChartContainer - [hivemq-test-hivemq-platform] [hivemq-platform-operator] [608a705e] 
2025-01-27 19:04:40,569 INFO c.h.h.t.HelmChartContainer - [hivemq-test-hivemq-platform] [hivemq-platform-operator] [608a705e] 19:04:40.566 [main] DEBUG org.jboss.logging - Logging Provider: org.jboss.logging.Slf4jLoggerProvider
2025-01-27 19:04:40,670 INFO c.h.h.t.HelmChartContainer - [hivemq-test-hivemq-platform] [hivemq-platform-operator] [608a705e] 19:04:40.668 [main] DEBUG io.smallrye.config - SRCFG01006: Loaded ConfigSource SysPropConfigSource with ordinal 400
2025-01-27 19:04:40,670 INFO c.h.h.t.HelmChartContainer - [hivemq-test-hivemq-platform] [hivemq-platform-operator] [608a705e] 19:04:40.668 [main] DEBUG io.smallrye.config - SRCFG01006: Loaded ConfigSource EnvConfigSource with ordinal 300
2025-01-27 19:04:40,671 INFO c.h.h.t.HelmChartContainer - [hivemq-test-hivemq-platform] [hivemq-platform-operator] [608a705e] 19:04:40.669 [main] DEBUG io.smallrye.config - SRCFG01006: Loaded ConfigSource PropertiesConfigSource[source=jar:file:///opt/hivemq-platform-operator/bin/hivemq-platform-operator.jar!/hivemq-platform-operator.properties] with ordinal 100
2025-01-27 19:04:40,671 INFO c.h.h.t.HelmChartContainer - [hivemq-test-hivemq-platform] [hivemq-platform-operator] [608a705e] 19:04:40.669 [main] DEBUG io.smallrye.config - SRCFG01006: Loaded ConfigSource DefaultValuesConfigSource with ordinal -2147483648
2025-01-27 19:04:40,788 INFO c.h.h.t.HelmChartContainer - [hivemq-test-hivemq-platform] [hivemq-platform-operator] [608a705e] 19:04:40.786 [main] DEBUG i.m.c.u.i.l.InternalLoggerFactory - Using SLF4J as the default logging framework
2025-01-27 19:04:40,959 INFO c.h.h.t.HelmChartContainer - [hivemq-test-hivemq-platform] [hivemq-platform-operator] [608a705e] 19:04:40.874 [main] INFO  c.h.p.o.HiveMQPlatformOperatorApplication - HiveMQ Platform Operator 1.7.0-SNAPSHOT (commit: bebf408 on branch: HEAD) built on Sun Jan 26 20:47:47 UTC 2025
2025-01-27 19:04:40,961 INFO c.h.h.t.HelmChartContainer - [hivemq-test-hivemq-platform] [hivemq-platform-operator] [608a705e] 19:04:40.959 [main] INFO  c.h.p.o.HiveMQPlatformOperatorApplication - HiveMQ Platform Operator is running in namespace: customoperatornamespacesit-operator
2025-01-27 19:04:40,962 INFO c.h.h.t.HelmChartContainer - [hivemq-test-hivemq-platform] [hivemq-platform-operator] [608a705e] 19:04:40.959 [main] INFO  c.h.p.o.HiveMQPlatformOperatorApplication - Watching namespaces: customoperatornamespacesit-alpha,customoperatornamespacesit-beta
2025-01-27 19:04:40,962 INFO c.h.h.t.HelmChartContainer - [hivemq-test-hivemq-platform] [hivemq-platform-operator] [608a705e] 19:04:40.959 [main] INFO  c.h.p.o.HiveMQPlatformOperatorApplication - Log level: DEBUG
2025-01-27 19:04:40,962 INFO c.h.h.t.HelmChartContainer - [hivemq-test-hivemq-platform] [hivemq-platform-operator] [608a705e] 19:04:40.959 [main] INFO  c.h.p.o.HiveMQPlatformOperatorApplication - Release name: test-hivemq-platform-operator
2025-01-27 19:04:40,962 INFO c.h.h.t.HelmChartContainer - [hivemq-test-hivemq-platform] [hivemq-platform-operator] [608a705e] 19:04:40.959 [main] INFO  c.h.p.o.HiveMQPlatformOperatorApplication - HiveMQ Platform Operator Init image: docker.io/hivemq/hivemq-platform-operator-init-test:snapshot
2025-01-27 19:04:40,963 INFO c.h.h.t.HelmChartContainer - [hivemq-test-hivemq-platform] [hivemq-platform-operator] [608a705e] 19:04:40.959 [main] INFO  c.h.p.o.HiveMQPlatformOperatorApplication - HiveMQ Platform Operator Init App update URL: http://hivemq-platform-operator-test-hivemq-platform-operator.customoperatornamespacesit-operator.svc:8080/initAppUpdate/hivemq-platform-operator-init-app-1.7.0-SNAPSHOT.jar
2025-01-27 19:04:40,963 INFO c.h.h.t.HelmChartContainer - [hivemq-test-hivemq-platform] [hivemq-platform-operator] [608a705e] 19:04:40.959 [main] INFO  c.h.p.o.HiveMQPlatformOperatorApplication - Additional imagePullSecret for all Platform deployments: none
2025-01-27 19:04:40,963 INFO c.h.h.t.HelmChartContainer - [hivemq-test-hivemq-platform] [hivemq-platform-operator] [608a705e] 19:04:40.959 [main] INFO  c.h.p.o.HiveMQPlatformOperatorApplication - Apply HiveMQ Platform CRD: true
2025-01-27 19:04:40,963 INFO c.h.h.t.HelmChartContainer - [hivemq-test-hivemq-platform] [hivemq-platform-operator] [608a705e] 19:04:40.960 [main] INFO  c.h.p.o.HiveMQPlatformOperatorApplication - Create Platform ServiceAccount: true
2025-01-27 19:04:40,963 INFO c.h.h.t.HelmChartContainer - [hivemq-test-hivemq-platform] [hivemq-platform-operator] [608a705e] 19:04:40.960 [main] INFO  c.h.p.o.HiveMQPlatformOperatorApplication - Create Platform ServiceAccount permissions: true
2025-01-27 19:04:40,963 INFO c.h.h.t.HelmChartContainer - [hivemq-test-hivemq-platform] [hivemq-platform-operator] [608a705e] 19:04:40.960 [main] INFO  c.h.p.o.HiveMQPlatformOperatorApplication - Validate Platform ServiceAccount: true
2025-01-27 19:04:40,963 INFO c.h.h.t.HelmChartContainer - [hivemq-test-hivemq-platform] [hivemq-platform-operator] [608a705e] 19:04:40.960 [main] INFO  c.h.p.o.HiveMQPlatformOperatorApplication - Validate Platform ServiceAccount permissions: true
2025-01-27 19:04:41,080 INFO c.h.h.t.HelmChartContainer - [hivemq-test-hivemq-platform] [hivemq-platform-operator] [608a705e] 19:04:41.079 [main] INFO  c.h.platform.operator.util.CRDUtil - Verifying deployed HiveMQ Platform CRD...
2025-01-27 19:04:41,372 INFO c.h.h.t.HelmChartContainer - [POD] metrics-server-8584b5786c-6hnsd [ac9b99f6-44b1-44c6-a72f-7dff40f4713e] in kube-system was MODIFIED
2025-01-27 19:04:41,387 INFO c.h.h.t.HelmChartContainer - [K3S] [replica_set.go:679] "Finished syncing" kind="ReplicaSet" key="kube-system/metrics-server-8584b5786c" duration="16.91838ms"
2025-01-27 19:04:41,387 INFO c.h.h.t.HelmChartContainer - [K3S] [replica_set.go:679] "Finished syncing" kind="ReplicaSet" key="kube-system/metrics-server-8584b5786c" duration="32.621µs"
2025-01-27 19:04:43,570 INFO c.h.h.t.HelmChartContainer - [hivemq-test-hivemq-platform] [hivemq-platform-operator] [608a705e] 19:04:43.568 [main] DEBUG c.h.platform.operator.util.CRDUtil - HiveMQ Platform CRD version v1 is up to date
2025-01-27 19:04:43,570 INFO c.h.h.t.HelmChartContainer - [hivemq-test-hivemq-platform] [hivemq-platform-operator] [608a705e] 19:04:43.568 [main] INFO  c.h.platform.operator.util.CRDUtil - HiveMQ Platform CRD is up to date (version: V1_6_0)
2025-01-27 19:04:43,570 INFO c.h.h.t.HelmChartContainer - [hivemq-test-hivemq-platform] [hivemq-platform-operator] [608a705e] 19:04:43.568 [main] INFO  c.h.platform.operator.util.CRDUtil - Waiting 10000 ms for HiveMQ Platform CRD 'hivemq-platforms.hivemq.com' to become ready...
2025-01-27 19:04:43,864 INFO c.h.h.t.HelmChartContainer - [hivemq-test-hivemq-platform] [hivemq-platform-operator] [608a705e] 19:04:43.862 [vert.x-eventloop-thread-1] DEBUG c.h.platform.operator.util.CRDUtil - Checking CRD condition 'NamesAccepted' (status: 'True')
2025-01-27 19:04:43,864 INFO c.h.h.t.HelmChartContainer - [hivemq-test-hivemq-platform] [hivemq-platform-operator] [608a705e] 19:04:43.862 [vert.x-eventloop-thread-1] DEBUG c.h.platform.operator.util.CRDUtil - Checking CRD condition 'Established' (status: 'True')
2025-01-27 19:04:43,865 INFO c.h.h.t.HelmChartContainer - [hivemq-test-hivemq-platform] [hivemq-platform-operator] [608a705e] 19:04:43.863 [main] INFO  c.h.platform.operator.util.CRDUtil - HiveMQ Platform CRD 'hivemq-platforms.hivemq.com' is ready
2025-01-27 19:04:44,067 INFO c.h.h.t.HelmChartContainer - [hivemq-test-hivemq-platform] [hivemq-platform-operator] [608a705e] 19:04:44.066 [main] INFO  c.h.p.o.HiveMQPlatformReconciler - HiveMQ Platform Operator is starting...
2025-01-27 19:04:44,173 INFO c.h.h.t.HelmChartContainer - [hivemq-test-hivemq-platform] [hivemq-platform-operator] [608a705e] 19:04:44.172 [main] WARN  Default ConfigurationService implementation - Configuration for reconciler 'hivemq-controller' was not found. Known reconcilers: None.
2025-01-27 19:04:44,258 INFO c.h.h.t.HelmChartContainer - [hivemq-test-hivemq-platform] [hivemq-platform-operator] [608a705e] 19:04:44.257 [main] INFO  Default ConfigurationService implementation - Created configuration for reconciler com.hivemq.platform.operator.HiveMQPlatformReconciler with name hivemq-controller
2025-01-27 19:04:44,359 INFO c.h.h.t.HelmChartContainer - [hivemq-test-hivemq-platform] [hivemq-platform-operator] [608a705e] 19:04:44.358 [main] DEBUG c.h.p.o.HiveMQPlatformReconciler - HiveMQ Platform Operator is preparing EventSources
2025-01-27 19:04:44,373 INFO c.h.h.t.HelmChartContainer - [hivemq-test-hivemq-platform] [hivemq-platform-operator] [608a705e] 19:04:44.371 [main] INFO  i.javaoperatorsdk.operator.Operator - Registered reconciler: 'hivemq-controller' for resource: 'class com.hivemq.platform.operator.v1.HiveMQPlatform' for namespace(s): [customoperatornamespacesit-alpha, customoperatornamespacesit-beta]
2025-01-27 19:04:44,976 INFO c.h.h.t.HelmChartContainer - [hivemq-test-hivemq-platform] [hivemq-platform-operator] [608a705e] 19:04:44.974 [main] INFO  c.h.p.operator.webserver.JettyServer - Starting Jetty server on port 8080
2025-01-27 19:04:45,073 INFO c.h.h.t.HelmChartContainer - [hivemq-test-hivemq-platform] [hivemq-platform-operator] [608a705e] 19:04:45.071 [main] INFO  i.javaoperatorsdk.operator.Operator - Operator SDK 4.9.7 (commit: 2133d28) built on Wed Nov 20 12:56:20 UTC 2024 starting...
2025-01-27 19:04:45,073 INFO c.h.h.t.HelmChartContainer - [hivemq-test-hivemq-platform] [hivemq-platform-operator] [608a705e] 19:04:45.071 [main] INFO  i.javaoperatorsdk.operator.Operator - Client version: 6.13.4
2025-01-27 19:04:45,074 INFO c.h.h.t.HelmChartContainer - [hivemq-test-hivemq-platform] [hivemq-platform-operator] [608a705e] 19:04:45.073 [Controller Starter for: hivemq-controller] INFO  i.j.operator.processing.Controller - Starting 'hivemq-controller' controller for reconciler: com.hivemq.platform.operator.HiveMQPlatformReconciler, resource: com.hivemq.platform.operator.v1.HiveMQPlatform
2025-01-27 19:04:46,194 INFO c.h.h.t.HelmChartContainer - [K3S] [range_allocator.go:247] "Successfully synced" key="52733b76dd2d"
2025-01-27 19:04:47,962 INFO c.h.h.t.HelmChartContainer - [hivemq-test-hivemq-platform] [hivemq-platform-operator] [608a705e] 19:04:47.961 [Controller Starter for: hivemq-controller] INFO  i.j.operator.processing.Controller - 'hivemq-controller' controller started
2025-01-27 19:04:47,963 INFO c.h.h.t.HelmChartContainer - [hivemq-test-hivemq-platform] [hivemq-platform-operator] [608a705e] 19:04:47.961 [main] INFO  c.h.p.o.HiveMQPlatformOperatorApplication - HiveMQ Platform Operator 1.7.0-SNAPSHOT started in 7087 ms
2025-01-27 19:04:48,389 INFO c.h.h.t.HelmChartContainer - [POD] hivemq-test-hivemq-platform-operator-6c7f4cc7b-cg9bp [608a705e-f630-4f72-bda5-a4ace470c71d] in customoperatornamespacesit-operator was MODIFIED
2025-01-27 19:04:48,395 INFO c.h.h.t.HelmChartContainer - [K3S] [replica_set.go:679] "Finished syncing" kind="ReplicaSet" key="customoperatornamespacesit-operator/hivemq-test-hivemq-platform-operator-6c7f4cc7b" duration="7.325767ms"
2025-01-27 19:04:48,395 INFO c.h.h.t.HelmChartContainer - [K3S] [replica_set.go:679] "Finished syncing" kind="ReplicaSet" key="customoperatornamespacesit-operator/hivemq-test-hivemq-platform-operator-6c7f4cc7b" duration="31.789µs"
2025-01-27 19:04:48,847 INFO com.hivemq.helmcharts.util.K8sUtil - Pod 'hivemq-test-hivemq-platform-operator-6c7f4cc7b-cg9bp' is ready
2025-01-27 19:04:48,909 DEBUG c.h.h.t.HelmChartContainer - Executing helm command: /bin/helm --kubeconfig /etc/rancher/k3s/k3s.yaml install test-hivemq-platform-alpha /charts/hivemq-platform --wait --timeout 5m0s --set image.repository=docker.io/hivemq --set image.tag=4.35.0 --set image.pullPolicy=Never --set nodes.resources.cpu=512m --namespace customoperatornamespacesit-alpha --set nodes.replicaCount=1
2025-01-27 19:04:49,300 DEBUG c.h.h.t.HelmChartContainer - Executing helm command: /bin/helm --kubeconfig /etc/rancher/k3s/k3s.yaml install test-hivemq-platform-beta /charts/hivemq-platform --wait --timeout 5m0s --set image.repository=docker.io/hivemq --set image.tag=4.35.0 --set image.pullPolicy=Never --set nodes.resources.cpu=512m --namespace customoperatornamespacesit-beta --set nodes.replicaCount=1
2025-01-27 19:04:49,686 DEBUG c.h.h.t.HelmChartContainer - Executing helm command: /bin/helm --kubeconfig /etc/rancher/k3s/k3s.yaml install test-hivemq-platform-gamma /charts/hivemq-platform --wait --timeout 5m0s --set image.repository=docker.io/hivemq --set image.tag=4.35.0 --set image.pullPolicy=Never --set nodes.resources.cpu=512m --namespace customoperatornamespacesit-gamma --set nodes.replicaCount=1
2025-01-27 19:04:50,660 INFO c.h.h.t.HelmChartContainer - [hivemq-test-hivemq-platform] [hivemq-platform-operator] [608a705e] 19:04:50.655 [pool-6-thread-5] DEBUG c.h.p.o.dependants.PodInfoConfigMap - [customop] Desired PodInfo ConfigMap (1 extensions) (1 enabled)
2025-01-27 19:04:50,662 INFO c.h.h.t.HelmChartContainer - [hivemq-test-hivemq-platform] [hivemq-platform-operator] [608a705e] 19:04:50.656 [pool-6-thread-5] DEBUG c.h.p.o.dependants.PodInfoConfigMap - [customop] Desired PodInfo ConfigMap (metrics port: 9399) (metrics path: /)
2025-01-27 19:04:50,662 INFO c.h.h.t.HelmChartContainer - [hivemq-test-hivemq-platform] [hivemq-platform-operator] [608a705e] 19:04:50.656 [pool-6-thread-5] DEBUG c.h.p.o.dependants.PodInfoConfigMap - [customop] Desired PodInfo ConfigMap (extension state hash: -1817474005)
2025-01-27 19:04:50,662 INFO c.h.h.t.HelmChartContainer - [hivemq-test-hivemq-platform] [hivemq-platform-operator] [608a705e] 19:04:50.659 [pool-6-thread-7] DEBUG c.h.p.o.dependants.PodInfoConfigMap - [customop] Desired PodInfo ConfigMap (1 extensions) (1 enabled)
2025-01-27 19:04:50,664 INFO c.h.h.t.HelmChartContainer - [hivemq-test-hivemq-platform] [hivemq-platform-operator] [608a705e] 19:04:50.659 [pool-6-thread-7] DEBUG c.h.p.o.dependants.PodInfoConfigMap - [customop] Desired PodInfo ConfigMap (metrics port: 9399) (metrics path: /)
2025-01-27 19:04:50,664 INFO c.h.h.t.HelmChartContainer - [hivemq-test-hivemq-platform] [hivemq-platform-operator] [608a705e] 19:04:50.660 [pool-6-thread-7] DEBUG c.h.p.o.dependants.PodInfoConfigMap - [customop] Desired PodInfo ConfigMap (extension state hash: -1817474005)
2025-01-27 19:04:50,664 INFO c.h.h.t.HelmChartContainer - [hivemq-test-hivemq-platform] [hivemq-platform-operator] [608a705e] 19:04:50.661 [pool-6-thread-5] DEBUG c.h.p.o.dependants.PodInfoConfigMap - [customop] Create PodInfo ConfigMap
2025-01-27 19:04:50,665 INFO c.h.h.t.HelmChartContainer - [hivemq-test-hivemq-platform] [hivemq-platform-operator] [608a705e] 19:04:50.662 [pool-6-thread-7] DEBUG c.h.p.o.dependants.PodInfoConfigMap - [customop] Create PodInfo ConfigMap
2025-01-27 19:04:50,863 INFO c.h.h.t.HelmChartContainer - [hivemq-test-hivemq-platform] [hivemq-platform-operator] [608a705e] 19:04:50.856 [pool-6-thread-10] DEBUG c.h.p.o.dependants.PodRoleResource - [customop] Create Role: Role(apiVersion=rbac.authorization.k8s.io/v1, kind=Role, metadata=ObjectMeta(annotations={meta.helm.sh/release-name=test-hivemq-platform-beta, meta.helm.sh/release-namespace=customoperatornamespacesit-beta}, creationTimestamp=null, deletionGracePeriodSeconds=null, deletionTimestamp=null, finalizers=[], generateName=null, generation=null, labels={helm.sh/chart=hivemq-platform-0.2.31, app.kubernetes.io/managed-by=Helm, app.kubernetes.io/name=hivemq-platform, hivemq-platform=test-hivemq-platform-beta, app.kubernetes.io/instance=test-hivemq-platform-beta, app.kubernetes.io/version=4.35.0}, managedFields=[], name=hivemq-platform-role-test-hivemq-platform-beta, namespace=customoperatornamespacesit-beta, ownerReferences=[OwnerReference(apiVersion=hivemq.com/v1, blockOwnerDeletion=null, controller=null, kind=HiveMQPlatform, name=test-hivemq-platform-beta, uid=675d4079-d9dd-4bef-bd64-683951bb8169, additionalProperties={})], resourceVersion=null, selfLink=null, uid=null, additionalProperties={}), rules=[PolicyRule(apiGroups=[], nonResourceURLs=[], resourceNames=[], resources=[pods], verbs=[get, patch, update], additionalProperties={})], additionalProperties={})
2025-01-27 19:04:50,864 INFO c.h.h.t.HelmChartContainer - [hivemq-test-hivemq-platform] [hivemq-platform-operator] [608a705e] 19:04:50.856 [pool-6-thread-9] DEBUG c.h.p.o.dependants.PodRoleResource - [customop] Create Role: Role(apiVersion=rbac.authorization.k8s.io/v1, kind=Role, metadata=ObjectMeta(annotations={meta.helm.sh/release-name=test-hivemq-platform-alpha, meta.helm.sh/release-namespace=customoperatornamespacesit-alpha}, creationTimestamp=null, deletionGracePeriodSeconds=null, deletionTimestamp=null, finalizers=[], generateName=null, generation=null, labels={helm.sh/chart=hivemq-platform-0.2.31, app.kubernetes.io/managed-by=Helm, app.kubernetes.io/name=hivemq-platform, hivemq-platform=test-hivemq-platform-alpha, app.kubernetes.io/instance=test-hivemq-platform-alpha, app.kubernetes.io/version=4.35.0}, managedFields=[], name=hivemq-platform-role-test-hivemq-platform-alpha, namespace=customoperatornamespacesit-alpha, ownerReferences=[OwnerReference(apiVersion=hivemq.com/v1, blockOwnerDeletion=null, controller=null, kind=HiveMQPlatform, name=test-hivemq-platform-alpha, uid=ae5b4e46-989b-4887-ae44-70524812710f, additionalProperties={})], resourceVersion=null, selfLink=null, uid=null, additionalProperties={}), rules=[PolicyRule(apiGroups=[], nonResourceURLs=[], resourceNames=[], resources=[pods], verbs=[get, patch, update], additionalProperties={})], additionalProperties={})
2025-01-27 19:04:51,057 INFO c.h.h.t.HelmChartContainer - [hivemq-test-hivemq-platform] [hivemq-platform-operator] [608a705e] 19:04:51.054 [pool-6-thread-13] DEBUG c.h.p.o.d.PodServiceAccountResource - [customop] Desired PodServiceAccountResource (serviceAccountName: hivemq-platform-pod-test-hivemq-platform-alpha)
2025-01-27 19:04:51,058 INFO c.h.h.t.HelmChartContainer - [hivemq-test-hivemq-platform] [hivemq-platform-operator] [608a705e] 19:04:51.055 [pool-6-thread-13] DEBUG c.h.p.o.d.PodServiceAccountResource - [customop] Create ServiceAccount 'hivemq-platform-pod-test-hivemq-platform-alpha'
2025-01-27 19:04:51,058 INFO c.h.h.t.HelmChartContainer - [hivemq-test-hivemq-platform] [hivemq-platform-operator] [608a705e] 19:04:51.055 [pool-6-thread-14] DEBUG c.h.p.o.d.PodServiceAccountResource - [customop] Desired PodServiceAccountResource (serviceAccountName: hivemq-platform-pod-test-hivemq-platform-beta)
2025-01-27 19:04:51,058 INFO c.h.h.t.HelmChartContainer - [hivemq-test-hivemq-platform] [hivemq-platform-operator] [608a705e] 19:04:51.056 [pool-6-thread-14] DEBUG c.h.p.o.d.PodServiceAccountResource - [customop] Create ServiceAccount 'hivemq-platform-pod-test-hivemq-platform-beta'
2025-01-27 19:04:51,169 INFO c.h.h.t.HelmChartContainer - [hivemq-test-hivemq-platform] [hivemq-platform-operator] [608a705e] 19:04:51.166 [pool-6-thread-20] DEBUG c.h.p.o.d.PodRoleBindingResource - [customop] Create RoleBinding: RoleBinding(apiVersion=rbac.authorization.k8s.io/v1, kind=RoleBinding, metadata=ObjectMeta(annotations={meta.helm.sh/release-name=test-hivemq-platform-alpha, meta.helm.sh/release-namespace=customoperatornamespacesit-alpha}, creationTimestamp=null, deletionGracePeriodSeconds=null, deletionTimestamp=null, finalizers=[], generateName=null, generation=null, labels={helm.sh/chart=hivemq-platform-0.2.31, app.kubernetes.io/managed-by=Helm, app.kubernetes.io/name=hivemq-platform, hivemq-platform=test-hivemq-platform-alpha, app.kubernetes.io/instance=test-hivemq-platform-alpha, app.kubernetes.io/version=4.35.0}, managedFields=[], name=hivemq-platform-role-binding-test-hivemq-platform-alpha, namespace=customoperatornamespacesit-alpha, ownerReferences=[OwnerReference(apiVersion=hivemq.com/v1, blockOwnerDeletion=null, controller=null, kind=HiveMQPlatform, name=test-hivemq-platform-alpha, uid=ae5b4e46-989b-4887-ae44-70524812710f, additionalProperties={})], resourceVersion=null, selfLink=null, uid=null, additionalProperties={}), roleRef=RoleRef(apiGroup=rbac.authorization.k8s.io, kind=Role, name=hivemq-platform-role-test-hivemq-platform-alpha, additionalProperties={}), subjects=[Subject(apiGroup=null, kind=ServiceAccount, name=hivemq-platform-pod-test-hivemq-platform-alpha, namespace=customoperatornamespacesit-alpha, additionalProperties={})], additionalProperties={})
2025-01-27 19:04:51,169 INFO c.h.h.t.HelmChartContainer - [hivemq-test-hivemq-platform] [hivemq-platform-operator] [608a705e] 19:04:51.166 [pool-6-thread-19] DEBUG c.h.p.o.d.PodRoleBindingResource - [customop] Create RoleBinding: RoleBinding(apiVersion=rbac.authorization.k8s.io/v1, kind=RoleBinding, metadata=ObjectMeta(annotations={meta.helm.sh/release-name=test-hivemq-platform-beta, meta.helm.sh/release-namespace=customoperatornamespacesit-beta}, creationTimestamp=null, deletionGracePeriodSeconds=null, deletionTimestamp=null, finalizers=[], generateName=null, generation=null, labels={helm.sh/chart=hivemq-platform-0.2.31, app.kubernetes.io/managed-by=Helm, app.kubernetes.io/name=hivemq-platform, hivemq-platform=test-hivemq-platform-beta, app.kubernetes.io/instance=test-hivemq-platform-beta, app.kubernetes.io/version=4.35.0}, managedFields=[], name=hivemq-platform-role-binding-test-hivemq-platform-beta, namespace=customoperatornamespacesit-beta, ownerReferences=[OwnerReference(apiVersion=hivemq.com/v1, blockOwnerDeletion=null, controller=null, kind=HiveMQPlatform, name=test-hivemq-platform-beta, uid=675d4079-d9dd-4bef-bd64-683951bb8169, additionalProperties={})], resourceVersion=null, selfLink=null, uid=null, additionalProperties={}), roleRef=RoleRef(apiGroup=rbac.authorization.k8s.io, kind=Role, name=hivemq-platform-role-test-hivemq-platform-beta, additionalProperties={}), subjects=[Subject(apiGroup=null, kind=ServiceAccount, name=hivemq-platform-pod-test-hivemq-platform-beta, namespace=customoperatornamespacesit-beta, additionalProperties={})], additionalProperties={})
2025-01-27 19:04:51,276 INFO c.h.h.t.HelmChartContainer - [hivemq-test-hivemq-platform] [hivemq-platform-operator] [608a705e] 19:04:51.275 [ReconcilerExecutor-hivemq-controller-62] INFO  c.h.p.o.HiveMQPlatformReconciler - [customop] Reconciling HiveMQ Platform 'test-hivemq-platform-alpha' in namespace 'customoperatornamespacesit-alpha'
2025-01-27 19:04:51,277 INFO c.h.h.t.HelmChartContainer - [hivemq-test-hivemq-platform] [hivemq-platform-operator] [608a705e] 19:04:51.275 [ReconcilerExecutor-hivemq-controller-62] DEBUG c.h.p.o.HiveMQPlatformReconciler - [customop] Custom Resource Status CREATED - HiveMQ Platform was created (READY)
2025-01-27 19:04:51,277 INFO c.h.h.t.HelmChartContainer - [hivemq-test-hivemq-platform] [hivemq-platform-operator] [608a705e] 19:04:51.276 [ReconcilerExecutor-hivemq-controller-62] DEBUG c.h.p.o.HiveMQPlatformReconciler - [customop] Custom Resource Spec (replicas: 1) (extensions: 1)
2025-01-27 19:04:51,354 INFO c.h.h.t.HelmChartContainer - [hivemq-test-hivemq-platform] [hivemq-platform-operator] [608a705e] 19:04:51.275 [ReconcilerExecutor-hivemq-controller-61] INFO  c.h.p.o.HiveMQPlatformReconciler - [customop] Reconciling HiveMQ Platform 'test-hivemq-platform-beta' in namespace 'customoperatornamespacesit-beta'
2025-01-27 19:04:51,355 INFO c.h.h.t.HelmChartContainer - [hivemq-test-hivemq-platform] [hivemq-platform-operator] [608a705e] 19:04:51.353 [ReconcilerExecutor-hivemq-controller-61] DEBUG c.h.p.o.HiveMQPlatformReconciler - [customop] Custom Resource Status CREATED - HiveMQ Platform was created (READY)
2025-01-27 19:04:51,355 INFO c.h.h.t.HelmChartContainer - [hivemq-test-hivemq-platform] [hivemq-platform-operator] [608a705e] 19:04:51.353 [ReconcilerExecutor-hivemq-controller-61] DEBUG c.h.p.o.HiveMQPlatformReconciler - [customop] Custom Resource Spec (replicas: 1) (extensions: 1)
2025-01-27 19:04:51,359 INFO c.h.h.t.HelmChartContainer - [hivemq-test-hivemq-platform] [hivemq-platform-operator] [608a705e] 19:04:51.358 [ReconcilerExecutor-hivemq-controller-61] INFO  c.h.p.o.h.HiveMQPlatformReconcilerBaseHandler - [customop] HiveMQ Platform is starting
2025-01-27 19:04:51,360 INFO c.h.h.t.HelmChartContainer - [hivemq-test-hivemq-platform] [hivemq-platform-operator] [608a705e] 19:04:51.358 [ReconcilerExecutor-hivemq-controller-62] INFO  c.h.p.o.h.HiveMQPlatformReconcilerBaseHandler - [customop] HiveMQ Platform is starting
2025-01-27 19:04:51,559 INFO c.h.h.t.HelmChartContainer - [hivemq-test-hivemq-platform] [hivemq-platform-operator] [608a705e] 19:04:51.555 [ReconcilerExecutor-hivemq-controller-62] DEBUG c.h.p.operator.event.EventSender - [customop] Creating K8s event hivemq-platform-starting: [Start] HiveMQ Platform is starting
2025-01-27 19:04:51,565 INFO c.h.h.t.HelmChartContainer - [hivemq-test-hivemq-platform] [hivemq-platform-operator] [608a705e] 19:04:51.564 [ReconcilerExecutor-hivemq-controller-61] DEBUG c.h.p.operator.event.EventSender - [customop] Creating K8s event hivemq-platform-starting: [Start] HiveMQ Platform is starting
2025-01-27 19:04:51,575 INFO c.h.h.t.HelmChartContainer - [EVENT] Normal [Start] HiveMQ Platform is starting [customoperatornamespacesit-beta:test-hivemq-platform-beta]
2025-01-27 19:04:51,576 INFO c.h.h.t.HelmChartContainer - [EVENT] Normal [Start] HiveMQ Platform is starting [customoperatornamespacesit-alpha:test-hivemq-platform-alpha]
2025-01-27 19:04:51,577 INFO c.h.h.t.HelmChartContainer - [hivemq-test-hivemq-platform] [hivemq-platform-operator] [608a705e] 19:04:51.575 [ReconcilerExecutor-hivemq-controller-62] INFO  c.h.p.o.h.AbstractHiveMQReconcilerStateHandler - [customop] Update HiveMQ Platform Status (CREATED [READY] -> STARTING [READY]): HiveMQ Platform is starting
2025-01-27 19:04:51,578 INFO c.h.h.t.HelmChartContainer - [hivemq-test-hivemq-platform] [hivemq-platform-operator] [608a705e] 19:04:51.576 [ReconcilerExecutor-hivemq-controller-61] INFO  c.h.p.o.h.AbstractHiveMQReconcilerStateHandler - [customop] Update HiveMQ Platform Status (CREATED [READY] -> STARTING [READY]): HiveMQ Platform is starting
2025-01-27 19:04:51,671 DEBUG com.hivemq.helmcharts.util.K8sUtil - Comparing actual state 'STARTING' and waiting for 'RUNNING'
2025-01-27 19:05:01,759 INFO c.h.h.t.HelmChartContainer - [hivemq-test-hivemq-platform] [hivemq-platform-operator] [608a705e] 19:05:01.758 [Timer-0] WARN  i.m.p.PrometheusMeterRegistry - The meter (MeterId{name='operator.sdk.events.received', tags=[tag(event=Event),tag(group=hivemq.com),tag(kind=HiveMQPlatform),tag(name=test-hivemq-platform-beta),tag(namespace=customoperatornamespacesit-beta),tag(scope=namespace),tag(version=v1)]}) registration has failed: Prometheus requires that all meters with the same name have the same set of tag keys. There is already an existing meter named 'operator.sdk.events.received' containing tag keys [action, event, group, kind, name, namespace, scope, version]. The meter you are attempting to register has keys [event, group, kind, name, namespace, scope, version]. Note that subsequent logs will be logged at debug level.
2025-01-27 19:05:01,764 INFO c.h.h.t.HelmChartContainer - [hivemq-test-hivemq-platform] [hivemq-platform-operator] [608a705e] 19:05:01.763 [pool-6-thread-22] DEBUG c.h.p.o.d.PlatformServiceResource - [customop] Desired Platform services (3 services)
2025-01-27 19:05:01,769 INFO c.h.h.t.HelmChartContainer - [hivemq-test-hivemq-platform] [hivemq-platform-operator] [608a705e] 19:05:01.765 [pool-6-thread-23] DEBUG c.h.p.o.dependants.PodInfoConfigMap - [customop] Desired PodInfo ConfigMap (1 extensions) (1 enabled)
2025-01-27 19:05:01,769 INFO c.h.h.t.HelmChartContainer - [hivemq-test-hivemq-platform] [hivemq-platform-operator] [608a705e] 19:05:01.766 [pool-6-thread-23] DEBUG c.h.p.o.dependants.PodInfoConfigMap - [customop] Desired PodInfo ConfigMap (metrics port: 9399) (metrics path: /)
2025-01-27 19:05:01,769 INFO c.h.h.t.HelmChartContainer - [hivemq-test-hivemq-platform] [hivemq-platform-operator] [608a705e] 19:05:01.766 [pool-6-thread-23] DEBUG c.h.p.o.dependants.PodInfoConfigMap - [customop] Desired PodInfo ConfigMap (extension state hash: -1817474005)
2025-01-27 19:05:01,771 INFO c.h.h.t.HelmChartContainer - [hivemq-test-hivemq-platform] [hivemq-platform-operator] [608a705e] 19:05:01.770 [pool-6-thread-28] DEBUG c.h.p.o.d.PodServiceAccountResource - [customop] Desired PodServiceAccountResource (serviceAccountName: hivemq-platform-pod-test-hivemq-platform-beta)
2025-01-27 19:05:01,773 INFO c.h.h.t.HelmChartContainer - [hivemq-test-hivemq-platform] [hivemq-platform-operator] [608a705e] 19:05:01.772 [pool-6-thread-23] DEBUG c.h.p.o.dependants.PodInfoConfigMap - [customop] Update PodInfo ConfigMap
2025-01-27 19:05:01,863 INFO c.h.h.t.HelmChartContainer - [hivemq-test-hivemq-platform] [hivemq-platform-operator] [608a705e] 19:05:01.859 [pool-6-thread-31] DEBUG c.h.p.o.dependants.PodInfoConfigMap - [customop] Desired PodInfo ConfigMap (1 extensions) (1 enabled)
2025-01-27 19:05:01,864 INFO c.h.h.t.HelmChartContainer - [hivemq-test-hivemq-platform] [hivemq-platform-operator] [608a705e] 19:05:01.859 [pool-6-thread-31] DEBUG c.h.p.o.dependants.PodInfoConfigMap - [customop] Desired PodInfo ConfigMap (metrics port: 9399) (metrics path: /)
2025-01-27 19:05:01,867 INFO c.h.h.t.HelmChartContainer - [hivemq-test-hivemq-platform] [hivemq-platform-operator] [608a705e] 19:05:01.859 [pool-6-thread-31] DEBUG c.h.p.o.dependants.PodInfoConfigMap - [customop] Desired PodInfo ConfigMap (extension state hash: -1817474005)
2025-01-27 19:05:01,867 INFO c.h.h.t.HelmChartContainer - [hivemq-test-hivemq-platform] [hivemq-platform-operator] [608a705e] 19:05:01.860 [pool-6-thread-31] DEBUG c.h.p.o.dependants.PodInfoConfigMap - [customop] Update PodInfo ConfigMap
2025-01-27 19:05:01,873 INFO c.h.h.t.HelmChartContainer - [hivemq-test-hivemq-platform] [hivemq-platform-operator] [608a705e] 19:05:01.863 [pool-6-thread-30] DEBUG c.h.p.o.d.PlatformServiceResource - [customop] Desired Platform services (3 services)
2025-01-27 19:05:01,879 INFO c.h.h.t.HelmChartContainer - [hivemq-test-hivemq-platform] [hivemq-platform-operator] [608a705e] 19:05:01.872 [pool-6-thread-36] DEBUG c.h.p.o.d.PodServiceAccountResource - [customop] Desired PodServiceAccountResource (serviceAccountName: hivemq-platform-pod-test-hivemq-platform-alpha)
2025-01-27 19:05:01,886 INFO c.h.h.t.HelmChartContainer - [K3S] [alloc.go:330] "allocated clusterIPs" service="customoperatornamespacesit-beta/hivemq-test-hivemq-platform-beta-cc-8080" clusterIPs={"IPv4":"10.43.113.56"}
2025-01-27 19:05:01,891 INFO c.h.h.t.HelmChartContainer - [K3S] [alloc.go:330] "allocated clusterIPs" service="customoperatornamespacesit-alpha/hivemq-test-hivemq-platform-alpha-mqtt-1883" clusterIPs={"IPv4":"10.43.186.166"}
2025-01-27 19:05:01,969 INFO c.h.h.t.HelmChartContainer - [K3S] [alloc.go:330] "allocated clusterIPs" service="customoperatornamespacesit-beta/hivemq-test-hivemq-platform-beta-metrics-9399" clusterIPs={"IPv4":"10.43.184.91"}
2025-01-27 19:05:01,972 INFO c.h.h.t.HelmChartContainer - [K3S] [alloc.go:330] "allocated clusterIPs" service="customoperatornamespacesit-alpha/hivemq-test-hivemq-platform-alpha-cc-8080" clusterIPs={"IPv4":"10.43.99.166"}
2025-01-27 19:05:02,063 INFO c.h.h.t.HelmChartContainer - [K3S] [alloc.go:330] "allocated clusterIPs" service="customoperatornamespacesit-alpha/hivemq-test-hivemq-platform-alpha-metrics-9399" clusterIPs={"IPv4":"10.43.122.133"}
2025-01-27 19:05:02,066 INFO c.h.h.t.HelmChartContainer - [K3S] [alloc.go:330] "allocated clusterIPs" service="customoperatornamespacesit-beta/hivemq-test-hivemq-platform-beta-mqtt-1883" clusterIPs={"IPv4":"10.43.71.117"}
2025-01-27 19:05:02,158 INFO c.h.h.t.HelmChartContainer - [hivemq-test-hivemq-platform] [hivemq-platform-operator] [608a705e] 19:05:02.156 [pool-6-thread-40] DEBUG c.h.p.o.d.StatefulSetResource - [customop] Desired StatefulSet (1 replicas) for status STARTING (READY)
2025-01-27 19:05:02,158 INFO c.h.h.t.HelmChartContainer - [hivemq-test-hivemq-platform] [hivemq-platform-operator] [608a705e] 19:05:02.156 [pool-6-thread-39] DEBUG c.h.p.o.d.StatefulSetResource - [customop] Desired StatefulSet (1 replicas) for status STARTING (READY)
2025-01-27 19:05:02,171 INFO c.h.h.t.HelmChartContainer - [hivemq-test-hivemq-platform] [hivemq-platform-operator] [608a705e] 19:05:02.171 [pool-6-thread-39] DEBUG c.h.p.o.d.StatefulSetResource - [customop] Create StatefulSet
2025-01-27 19:05:02,254 INFO c.h.h.t.HelmChartContainer - [hivemq-test-hivemq-platform] [hivemq-platform-operator] [608a705e] 19:05:02.171 [pool-6-thread-40] DEBUG c.h.p.o.d.StatefulSetResource - [customop] Create StatefulSet
2025-01-27 19:05:02,375 INFO c.h.h.t.HelmChartContainer - [hivemq-test-hivemq-platform] [hivemq-platform-operator] [608a705e] 19:05:02.370 [ReconcilerExecutor-hivemq-controller-86] INFO  c.h.p.o.HiveMQPlatformReconciler - [customop] Reconciling HiveMQ Platform 'test-hivemq-platform-alpha' in namespace 'customoperatornamespacesit-alpha'
2025-01-27 19:05:02,375 INFO c.h.h.t.HelmChartContainer - [hivemq-test-hivemq-platform] [hivemq-platform-operator] [608a705e] 19:05:02.370 [ReconcilerExecutor-hivemq-controller-86] DEBUG c.h.p.o.HiveMQPlatformReconciler - [customop] Custom Resource Status STARTING - HiveMQ Platform is starting (READY)
2025-01-27 19:05:02,375 INFO c.h.h.t.HelmChartContainer - [hivemq-test-hivemq-platform] [hivemq-platform-operator] [608a705e] 19:05:02.370 [ReconcilerExecutor-hivemq-controller-86] DEBUG c.h.p.o.HiveMQPlatformReconciler - [customop] Custom Resource Spec (replicas: 1) (extensions: 1)
2025-01-27 19:05:02,375 INFO c.h.h.t.HelmChartContainer - [hivemq-test-hivemq-platform] [hivemq-platform-operator] [608a705e] 19:05:02.373 [ReconcilerExecutor-hivemq-controller-86] DEBUG c.h.p.o.HiveMQPlatformReconciler - [customop] StatefulSet Status (revision: null, replicas: 0, available: 0, ready: 0, current: 0, updated: 0)
2025-01-27 19:05:02,378 INFO c.h.h.t.HelmChartContainer - [hivemq-test-hivemq-platform] [hivemq-platform-operator] [608a705e] 19:05:02.373 [ReconcilerExecutor-hivemq-controller-83] INFO  c.h.p.o.HiveMQPlatformReconciler - [customop] Reconciling HiveMQ Platform 'test-hivemq-platform-beta' in namespace 'customoperatornamespacesit-beta'
2025-01-27 19:05:02,378 INFO c.h.h.t.HelmChartContainer - [hivemq-test-hivemq-platform] [hivemq-platform-operator] [608a705e] 19:05:02.374 [ReconcilerExecutor-hivemq-controller-83] DEBUG c.h.p.o.HiveMQPlatformReconciler - [customop] Custom Resource Status STARTING - HiveMQ Platform is starting (READY)
2025-01-27 19:05:02,378 INFO c.h.h.t.HelmChartContainer - [hivemq-test-hivemq-platform] [hivemq-platform-operator] [608a705e] 19:05:02.374 [ReconcilerExecutor-hivemq-controller-83] DEBUG c.h.p.o.HiveMQPlatformReconciler - [customop] Custom Resource Spec (replicas: 1) (extensions: 1)
2025-01-27 19:05:02,378 INFO c.h.h.t.HelmChartContainer - [hivemq-test-hivemq-platform] [hivemq-platform-operator] [608a705e] 19:05:02.376 [ReconcilerExecutor-hivemq-controller-86] DEBUG c.h.p.o.HiveMQPlatformReconciler - [customop] StatefulSet Spec (replicas: 1, init containers: 1, containers: 1, volumes: 3)
2025-01-27 19:05:02,383 INFO c.h.h.t.HelmChartContainer - [hivemq-test-hivemq-platform] [hivemq-platform-operator] [608a705e] 19:05:02.379 [ReconcilerExecutor-hivemq-controller-86] INFO  c.h.p.o.h.HiveMQPlatformReconcilerBaseHandler - [customop] HiveMQ Platform is starting, 0 of 1 replicas are ready
2025-01-27 19:05:02,391 INFO c.h.h.t.HelmChartContainer - [POD] test-hivemq-platform-beta-0 [0251ab7c-407c-46c5-9693-758850d65d44] in customoperatornamespacesit-beta was ADDED
2025-01-27 19:05:02,392 INFO c.h.h.t.HelmChartContainer - [EVENT] Normal [SuccessfulCreate] create Pod test-hivemq-platform-beta-0 in StatefulSet test-hivemq-platform-beta successful [customoperatornamespacesit-beta:test-hivemq-platform-beta]
2025-01-27 19:05:02,394 INFO c.h.h.t.HelmChartContainer - [POD] test-hivemq-platform-alpha-0 [10afb6ee-a90a-42d8-8794-abc40ee5d54a] in customoperatornamespacesit-alpha was ADDED
2025-01-27 19:05:02,398 INFO c.h.h.t.HelmChartContainer - [EVENT] Normal [Scheduled] Successfully assigned customoperatornamespacesit-alpha/test-hivemq-platform-alpha-0 to 52733b76dd2d [customoperatornamespacesit-alpha:test-hivemq-platform-alpha-0]
2025-01-27 19:05:02,403 INFO c.h.h.t.HelmChartContainer - [POD] test-hivemq-platform-beta-0 [0251ab7c-407c-46c5-9693-758850d65d44] in customoperatornamespacesit-beta was MODIFIED
2025-01-27 19:05:02,403 INFO c.h.h.t.HelmChartContainer - [EVENT] Normal [SuccessfulCreate] create Pod test-hivemq-platform-alpha-0 in StatefulSet test-hivemq-platform-alpha successful [customoperatornamespacesit-alpha:test-hivemq-platform-alpha]
2025-01-27 19:05:02,404 INFO c.h.h.t.HelmChartContainer - [POD] test-hivemq-platform-alpha-0 [10afb6ee-a90a-42d8-8794-abc40ee5d54a] in customoperatornamespacesit-alpha was MODIFIED
2025-01-27 19:05:02,415 INFO c.h.h.t.HelmChartContainer - [EVENT] Normal [Scheduled] Successfully assigned customoperatornamespacesit-beta/test-hivemq-platform-beta-0 to 52733b76dd2d [customoperatornamespacesit-beta:test-hivemq-platform-beta-0]
2025-01-27 19:05:02,419 INFO c.h.h.t.HelmChartContainer - [POD] test-hivemq-platform-alpha-0 [10afb6ee-a90a-42d8-8794-abc40ee5d54a] in customoperatornamespacesit-alpha was MODIFIED
2025-01-27 19:05:02,432 INFO c.h.h.t.HelmChartContainer - [POD] test-hivemq-platform-beta-0 [0251ab7c-407c-46c5-9693-758850d65d44] in customoperatornamespacesit-beta was MODIFIED
2025-01-27 19:05:02,463 INFO c.h.h.t.HelmChartContainer - [hivemq-test-hivemq-platform] [hivemq-platform-operator] [608a705e] 19:05:02.461 [pool-6-thread-42] DEBUG c.h.p.o.d.PlatformServiceResource - [customop] Desired Platform services (3 services)
2025-01-27 19:05:02,464 INFO c.h.h.t.HelmChartContainer - [hivemq-test-hivemq-platform] [hivemq-platform-operator] [608a705e] 19:05:02.462 [ReconcilerExecutor-hivemq-controller-83] DEBUG c.h.p.o.HiveMQPlatformReconciler - [customop] StatefulSet Status (revision: null, replicas: 0, available: 0, ready: 0, current: 0, updated: 0)
2025-01-27 19:05:02,464 INFO c.h.h.t.HelmChartContainer - [hivemq-test-hivemq-platform] [hivemq-platform-operator] [608a705e] 19:05:02.462 [ReconcilerExecutor-hivemq-controller-83] DEBUG c.h.p.o.HiveMQPlatformReconciler - [customop] StatefulSet Spec (replicas: 1, init containers: 1, containers: 1, volumes: 3)
2025-01-27 19:05:02,471 INFO c.h.h.t.HelmChartContainer - [hivemq-test-hivemq-platform] [hivemq-platform-operator] [608a705e] 19:05:02.468 [pool-6-thread-47] DEBUG c.h.p.o.d.PodServiceAccountResource - [customop] Desired PodServiceAccountResource (serviceAccountName: hivemq-platform-pod-test-hivemq-platform-alpha)
2025-01-27 19:05:02,548 INFO c.h.h.t.HelmChartContainer - [K3S] [reconciler_common.go:251] "operationExecutor.VerifyControllerAttachedVolume started for volume \"operator-init\" (UniqueName: \"kubernetes.io/empty-dir/10afb6ee-a90a-42d8-8794-abc40ee5d54a-operator-init\") pod \"test-hivemq-platform-alpha-0\" (UID: \"10afb6ee-a90a-42d8-8794-abc40ee5d54a\") " pod="customoperatornamespacesit-alpha/test-hivemq-platform-alpha-0"
2025-01-27 19:05:02,548 INFO c.h.h.t.HelmChartContainer - [K3S] [reconciler_common.go:251] "operationExecutor.VerifyControllerAttachedVolume started for volume \"kube-api-access-l9l89\" (UniqueName: \"kubernetes.io/projected/0251ab7c-407c-46c5-9693-758850d65d44-kube-api-access-l9l89\") pod \"test-hivemq-platform-beta-0\" (UID: \"0251ab7c-407c-46c5-9693-758850d65d44\") " pod="customoperatornamespacesit-beta/test-hivemq-platform-beta-0"
2025-01-27 19:05:02,548 INFO c.h.h.t.HelmChartContainer - [K3S] [reconciler_common.go:251] "operationExecutor.VerifyControllerAttachedVolume started for volume \"pod-info\" (UniqueName: \"kubernetes.io/configmap/0251ab7c-407c-46c5-9693-758850d65d44-pod-info\") pod \"test-hivemq-platform-beta-0\" (UID: \"0251ab7c-407c-46c5-9693-758850d65d44\") " pod="customoperatornamespacesit-beta/test-hivemq-platform-beta-0"
2025-01-27 19:05:02,548 INFO c.h.h.t.HelmChartContainer - [K3S] [reconciler_common.go:251] "operationExecutor.VerifyControllerAttachedVolume started for volume \"operator-init\" (UniqueName: \"kubernetes.io/empty-dir/0251ab7c-407c-46c5-9693-758850d65d44-operator-init\") pod \"test-hivemq-platform-beta-0\" (UID: \"0251ab7c-407c-46c5-9693-758850d65d44\") " pod="customoperatornamespacesit-beta/test-hivemq-platform-beta-0"
2025-01-27 19:05:02,548 INFO c.h.h.t.HelmChartContainer - [K3S] [reconciler_common.go:251] "operationExecutor.VerifyControllerAttachedVolume started for volume \"pod-info\" (UniqueName: \"kubernetes.io/configmap/10afb6ee-a90a-42d8-8794-abc40ee5d54a-pod-info\") pod \"test-hivemq-platform-alpha-0\" (UID: \"10afb6ee-a90a-42d8-8794-abc40ee5d54a\") " pod="customoperatornamespacesit-alpha/test-hivemq-platform-alpha-0"
2025-01-27 19:05:02,548 INFO c.h.h.t.HelmChartContainer - [K3S] [reconciler_common.go:251] "operationExecutor.VerifyControllerAttachedVolume started for volume \"broker-configuration\" (UniqueName: \"kubernetes.io/configmap/10afb6ee-a90a-42d8-8794-abc40ee5d54a-broker-configuration\") pod \"test-hivemq-platform-alpha-0\" (UID: \"10afb6ee-a90a-42d8-8794-abc40ee5d54a\") " pod="customoperatornamespacesit-alpha/test-hivemq-platform-alpha-0"
2025-01-27 19:05:02,549 INFO c.h.h.t.HelmChartContainer - [K3S] [reconciler_common.go:251] "operationExecutor.VerifyControllerAttachedVolume started for volume \"kube-api-access-lg4rb\" (UniqueName: \"kubernetes.io/projected/10afb6ee-a90a-42d8-8794-abc40ee5d54a-kube-api-access-lg4rb\") pod \"test-hivemq-platform-alpha-0\" (UID: \"10afb6ee-a90a-42d8-8794-abc40ee5d54a\") " pod="customoperatornamespacesit-alpha/test-hivemq-platform-alpha-0"
2025-01-27 19:05:02,549 INFO c.h.h.t.HelmChartContainer - [K3S] [reconciler_common.go:251] "operationExecutor.VerifyControllerAttachedVolume started for volume \"broker-configuration\" (UniqueName: \"kubernetes.io/configmap/0251ab7c-407c-46c5-9693-758850d65d44-broker-configuration\") pod \"test-hivemq-platform-beta-0\" (UID: \"0251ab7c-407c-46c5-9693-758850d65d44\") " pod="customoperatornamespacesit-beta/test-hivemq-platform-beta-0"
2025-01-27 19:05:02,558 INFO c.h.h.t.HelmChartContainer - [hivemq-test-hivemq-platform] [hivemq-platform-operator] [608a705e] 19:05:02.555 [pool-6-thread-43] DEBUG c.h.p.o.dependants.PodInfoConfigMap - [customop] Desired PodInfo ConfigMap (1 extensions) (1 enabled)
2025-01-27 19:05:02,558 INFO c.h.h.t.HelmChartContainer - [hivemq-test-hivemq-platform] [hivemq-platform-operator] [608a705e] 19:05:02.555 [pool-6-thread-43] DEBUG c.h.p.o.dependants.PodInfoConfigMap - [customop] Desired PodInfo ConfigMap (metrics port: 9399) (metrics path: /)
2025-01-27 19:05:02,558 INFO c.h.h.t.HelmChartContainer - [hivemq-test-hivemq-platform] [hivemq-platform-operator] [608a705e] 19:05:02.555 [pool-6-thread-43] DEBUG c.h.p.o.dependants.PodInfoConfigMap - [customop] Desired PodInfo ConfigMap (extension state hash: -1817474005)
2025-01-27 19:05:02,663 INFO c.h.h.t.HelmChartContainer - [hivemq-test-hivemq-platform] [hivemq-platform-operator] [608a705e] 19:05:02.658 [ReconcilerExecutor-hivemq-controller-83] DEBUG c.h.p.o.h.HiveMQPlatformReconcilerErrorHandler - [customop] Pod 'test-hivemq-platform-beta-0' phase Pending
2025-01-27 19:05:02,663 INFO c.h.h.t.HelmChartContainer - [hivemq-test-hivemq-platform] [hivemq-platform-operator] [608a705e] 19:05:02.659 [pool-6-thread-50] DEBUG c.h.p.o.d.StatefulSetResource - [customop] Desired StatefulSet (1 replicas) for status STARTING (READY)
2025-01-27 19:05:02,663 INFO c.h.h.t.HelmChartContainer - [hivemq-test-hivemq-platform] [hivemq-platform-operator] [608a705e] 19:05:02.659 [ReconcilerExecutor-hivemq-controller-83] DEBUG c.h.p.o.h.HiveMQPlatformReconcilerErrorHandler - [customop] Pod 'test-hivemq-platform-beta-0' condition 'PodScheduled': True
2025-01-27 19:05:02,667 INFO c.h.h.t.HelmChartContainer - [hivemq-test-hivemq-platform] [hivemq-platform-operator] [608a705e] 19:05:02.664 [ReconcilerExecutor-hivemq-controller-83] INFO  c.h.p.o.h.HiveMQPlatformReconcilerBaseHandler - [customop] HiveMQ Platform is starting, 0 of 1 replicas are ready
2025-01-27 19:05:02,670 INFO c.h.h.t.HelmChartContainer - [hivemq-test-hivemq-platform] [hivemq-platform-operator] [608a705e] 19:05:02.665 [ReconcilerExecutor-hivemq-controller-108] INFO  c.h.p.o.HiveMQPlatformReconciler - [customop] Reconciling HiveMQ Platform 'test-hivemq-platform-alpha' in namespace 'customoperatornamespacesit-alpha'
2025-01-27 19:05:02,670 INFO c.h.h.t.HelmChartContainer - [hivemq-test-hivemq-platform] [hivemq-platform-operator] [608a705e] 19:05:02.665 [ReconcilerExecutor-hivemq-controller-108] DEBUG c.h.p.o.HiveMQPlatformReconciler - [customop] Custom Resource Status STARTING - HiveMQ Platform is starting (READY)
2025-01-27 19:05:02,670 INFO c.h.h.t.HelmChartContainer - [hivemq-test-hivemq-platform] [hivemq-platform-operator] [608a705e] 19:05:02.665 [ReconcilerExecutor-hivemq-controller-108] DEBUG c.h.p.o.HiveMQPlatformReconciler - [customop] Custom Resource Spec (replicas: 1) (extensions: 1)
2025-01-27 19:05:02,670 INFO c.h.h.t.HelmChartContainer - [hivemq-test-hivemq-platform] [hivemq-platform-operator] [608a705e] 19:05:02.667 [ReconcilerExecutor-hivemq-controller-108] DEBUG c.h.p.o.HiveMQPlatformReconciler - [customop] StatefulSet Status (revision: test-hivemq-platform-alpha-6fb9b47d6b, replicas: 1, available: 0, ready: 0, current: 1, updated: 1)
2025-01-27 19:05:02,671 INFO c.h.h.t.HelmChartContainer - [hivemq-test-hivemq-platform] [hivemq-platform-operator] [608a705e] 19:05:02.667 [ReconcilerExecutor-hivemq-controller-108] DEBUG c.h.p.o.HiveMQPlatformReconciler - [customop] StatefulSet Spec (replicas: 1, init containers: 1, containers: 1, volumes: 3)
2025-01-27 19:05:02,758 INFO c.h.h.t.HelmChartContainer - [hivemq-test-hivemq-platform] [hivemq-platform-operator] [608a705e] 19:05:02.754 [pool-6-thread-16] DEBUG c.h.p.o.d.PlatformServiceResource - [customop] Desired Platform services (3 services)
2025-01-27 19:05:02,758 INFO c.h.h.t.HelmChartContainer - [hivemq-test-hivemq-platform] [hivemq-platform-operator] [608a705e] 19:05:02.755 [pool-6-thread-15] DEBUG c.h.p.o.dependants.PodInfoConfigMap - [customop] Desired PodInfo ConfigMap (1 extensions) (1 enabled)
2025-01-27 19:05:02,758 INFO c.h.h.t.HelmChartContainer - [hivemq-test-hivemq-platform] [hivemq-platform-operator] [608a705e] 19:05:02.755 [pool-6-thread-15] DEBUG c.h.p.o.dependants.PodInfoConfigMap - [customop] Desired PodInfo ConfigMap (metrics port: 9399) (metrics path: /)
2025-01-27 19:05:02,759 INFO c.h.h.t.HelmChartContainer - [hivemq-test-hivemq-platform] [hivemq-platform-operator] [608a705e] 19:05:02.755 [pool-6-thread-15] DEBUG c.h.p.o.dependants.PodInfoConfigMap - [customop] Desired PodInfo ConfigMap (extension state hash: -1817474005)
2025-01-27 19:05:02,761 INFO c.h.h.t.HelmChartContainer - [hivemq-test-hivemq-platform] [hivemq-platform-operator] [608a705e] 19:05:02.758 [pool-6-thread-18] DEBUG c.h.p.o.d.PodServiceAccountResource - [customop] Desired PodServiceAccountResource (serviceAccountName: hivemq-platform-pod-test-hivemq-platform-beta)
2025-01-27 19:05:02,766 INFO c.h.h.t.HelmChartContainer - [hivemq-test-hivemq-platform] [hivemq-platform-operator] [608a705e] 19:05:02.766 [ReconcilerExecutor-hivemq-controller-108] DEBUG c.h.p.o.h.HiveMQPlatformReconcilerErrorHandler - [customop] Pod 'test-hivemq-platform-alpha-0' phase Pending
2025-01-27 19:05:02,768 INFO c.h.h.t.HelmChartContainer - [hivemq-test-hivemq-platform] [hivemq-platform-operator] [608a705e] 19:05:02.767 [ReconcilerExecutor-hivemq-controller-108] DEBUG c.h.p.o.h.HiveMQPlatformReconcilerErrorHandler - [customop] Pod 'test-hivemq-platform-alpha-0' condition 'PodReadyToStartContainers': False
2025-01-27 19:05:02,769 INFO c.h.h.t.HelmChartContainer - [hivemq-test-hivemq-platform] [hivemq-platform-operator] [608a705e] 19:05:02.768 [ReconcilerExecutor-hivemq-controller-108] DEBUG c.h.p.o.h.HiveMQPlatformReconcilerErrorHandler - [customop] Pod 'test-hivemq-platform-alpha-0' condition 'Initialized': False
2025-01-27 19:05:02,771 INFO c.h.h.t.HelmChartContainer - [hivemq-test-hivemq-platform] [hivemq-platform-operator] [608a705e] 19:05:02.769 [ReconcilerExecutor-hivemq-controller-108] DEBUG c.h.p.o.h.HiveMQPlatformReconcilerErrorHandler - [customop] Pod 'test-hivemq-platform-alpha-0' condition 'Ready': False
2025-01-27 19:05:02,773 INFO c.h.h.t.HelmChartContainer - [hivemq-test-hivemq-platform] [hivemq-platform-operator] [608a705e] 19:05:02.770 [ReconcilerExecutor-hivemq-controller-108] DEBUG c.h.p.o.h.HiveMQPlatformReconcilerErrorHandler - [customop] Pod 'test-hivemq-platform-alpha-0' condition 'ContainersReady': False
2025-01-27 19:05:02,774 INFO c.h.h.t.HelmChartContainer - [hivemq-test-hivemq-platform] [hivemq-platform-operator] [608a705e] 19:05:02.771 [ReconcilerExecutor-hivemq-controller-108] DEBUG c.h.p.o.h.HiveMQPlatformReconcilerErrorHandler - [customop] Pod 'test-hivemq-platform-alpha-0' condition 'PodScheduled': True
2025-01-27 19:05:02,774 INFO c.h.h.t.HelmChartContainer - [hivemq-test-hivemq-platform] [hivemq-platform-operator] [608a705e] 19:05:02.771 [ReconcilerExecutor-hivemq-controller-108] DEBUG c.h.p.o.h.HiveMQPlatformReconcilerErrorHandler - [customop] Pod 'test-hivemq-platform-alpha-0' containerStatus 'hivemq' (started: false) (ready: false) (waiting: [PodInitializing] null)
2025-01-27 19:05:02,779 INFO c.h.h.t.HelmChartContainer - [hivemq-test-hivemq-platform] [hivemq-platform-operator] [608a705e] 19:05:02.775 [ReconcilerExecutor-hivemq-controller-108] INFO  c.h.p.o.h.HiveMQPlatformReconcilerBaseHandler - [customop] HiveMQ Platform is starting, 0 of 1 replicas are ready
2025-01-27 19:05:02,815 INFO c.h.h.t.HelmChartContainer - [EVENT] Normal [Pulled] Container image "docker.io/hivemq/hivemq-platform-operator-init-test:snapshot" already present on machine [customoperatornamespacesit-beta:test-hivemq-platform-beta-0]
2025-01-27 19:05:02,817 INFO c.h.h.t.HelmChartContainer - [EVENT] Normal [Pulled] Container image "docker.io/hivemq/hivemq-platform-operator-init-test:snapshot" already present on machine [customoperatornamespacesit-alpha:test-hivemq-platform-alpha-0]
2025-01-27 19:05:02,824 INFO c.h.h.t.HelmChartContainer - [EVENT] Normal [Created] Created container: hivemq-platform-operator-init [customoperatornamespacesit-beta:test-hivemq-platform-beta-0]
2025-01-27 19:05:02,826 INFO c.h.h.t.HelmChartContainer - [EVENT] Normal [Created] Created container: hivemq-platform-operator-init [customoperatornamespacesit-alpha:test-hivemq-platform-alpha-0]
2025-01-27 19:05:02,860 INFO c.h.h.t.HelmChartContainer - [hivemq-test-hivemq-platform] [hivemq-platform-operator] [608a705e] 19:05:02.856 [pool-6-thread-11] DEBUG c.h.p.o.d.StatefulSetResource - [customop] Desired StatefulSet (1 replicas) for status STARTING (READY)
2025-01-27 19:05:02,861 INFO c.h.h.t.HelmChartContainer - [hivemq-test-hivemq-platform] [hivemq-platform-operator] [608a705e] 19:05:02.858 [pool-6-thread-5] DEBUG c.h.p.o.d.PlatformServiceResource - [customop] Desired Platform services (3 services)
2025-01-27 19:05:02,865 INFO c.h.h.t.HelmChartContainer - [hivemq-test-hivemq-platform] [hivemq-platform-operator] [608a705e] 19:05:02.861 [pool-6-thread-4] DEBUG c.h.p.o.dependants.PodInfoConfigMap - [customop] Desired PodInfo ConfigMap (1 extensions) (1 enabled)
2025-01-27 19:05:02,866 INFO c.h.h.t.HelmChartContainer - [hivemq-test-hivemq-platform] [hivemq-platform-operator] [608a705e] 19:05:02.862 [pool-6-thread-4] DEBUG c.h.p.o.dependants.PodInfoConfigMap - [customop] Desired PodInfo ConfigMap (metrics port: 9399) (metrics path: /)
2025-01-27 19:05:02,866 INFO c.h.h.t.HelmChartContainer - [hivemq-test-hivemq-platform] [hivemq-platform-operator] [608a705e] 19:05:02.862 [pool-6-thread-4] DEBUG c.h.p.o.dependants.PodInfoConfigMap - [customop] Desired PodInfo ConfigMap (extension state hash: -1817474005)
2025-01-27 19:05:02,869 INFO c.h.h.t.HelmChartContainer - [hivemq-test-hivemq-platform] [hivemq-platform-operator] [608a705e] 19:05:02.866 [pool-6-thread-4] DEBUG c.h.p.o.d.PodServiceAccountResource - [customop] Desired PodServiceAccountResource (serviceAccountName: hivemq-platform-pod-test-hivemq-platform-alpha)
2025-01-27 19:05:02,873 INFO c.h.h.t.HelmChartContainer - [hivemq-test-hivemq-platform] [hivemq-platform-operator] [608a705e] 19:05:02.871 [ReconcilerExecutor-hivemq-controller-119] INFO  c.h.p.o.HiveMQPlatformReconciler - [customop] Reconciling HiveMQ Platform 'test-hivemq-platform-beta' in namespace 'customoperatornamespacesit-beta'
2025-01-27 19:05:02,875 INFO c.h.h.t.HelmChartContainer - [hivemq-test-hivemq-platform] [hivemq-platform-operator] [608a705e] 19:05:02.872 [ReconcilerExecutor-hivemq-controller-119] DEBUG c.h.p.o.HiveMQPlatformReconciler - [customop] Custom Resource Status STARTING - HiveMQ Platform is starting (READY)
2025-01-27 19:05:02,880 INFO c.h.h.t.HelmChartContainer - [hivemq-test-hivemq-platform] [hivemq-platform-operator] [608a705e] 19:05:02.872 [ReconcilerExecutor-hivemq-controller-119] DEBUG c.h.p.o.HiveMQPlatformReconciler - [customop] Custom Resource Spec (replicas: 1) (extensions: 1)
2025-01-27 19:05:02,888 INFO c.h.h.t.HelmChartContainer - [EVENT] Normal [Started] Started container hivemq-platform-operator-init [customoperatornamespacesit-alpha:test-hivemq-platform-alpha-0]
2025-01-27 19:05:02,892 INFO c.h.h.t.HelmChartContainer - [EVENT] Normal [Started] Started container hivemq-platform-operator-init [customoperatornamespacesit-beta:test-hivemq-platform-beta-0]
2025-01-27 19:05:02,956 INFO c.h.h.t.HelmChartContainer - [hivemq-test-hivemq-platform] [hivemq-platform-operator] [608a705e] 19:05:02.878 [pool-6-thread-6] DEBUG c.h.p.o.d.StatefulSetResource - [customop] Desired StatefulSet (1 replicas) for status STARTING (READY)
2025-01-27 19:05:02,958 INFO c.h.h.t.HelmChartContainer - [hivemq-test-hivemq-platform] [hivemq-platform-operator] [608a705e] 19:05:02.956 [ReconcilerExecutor-hivemq-controller-119] DEBUG c.h.p.o.HiveMQPlatformReconciler - [customop] StatefulSet Status (revision: test-hivemq-platform-beta-6b6c59884b, replicas: 1, available: 0, ready: 0, current: 1, updated: 1)
2025-01-27 19:05:02,959 INFO c.h.h.t.HelmChartContainer - [hivemq-test-hivemq-platform] [hivemq-platform-operator] [608a705e] 19:05:02.957 [ReconcilerExecutor-hivemq-controller-119] DEBUG c.h.p.o.HiveMQPlatformReconciler - [customop] StatefulSet Spec (replicas: 1, init containers: 1, containers: 1, volumes: 3)
2025-01-27 19:05:02,965 INFO c.h.h.t.HelmChartContainer - [hivemq-test-hivemq-platform] [hivemq-platform-operator] [608a705e] 19:05:02.961 [ReconcilerExecutor-hivemq-controller-119] DEBUG c.h.p.o.h.HiveMQPlatformReconcilerErrorHandler - [customop] Pod 'test-hivemq-platform-beta-0' phase Pending
2025-01-27 19:05:02,966 INFO c.h.h.t.HelmChartContainer - [hivemq-test-hivemq-platform] [hivemq-platform-operator] [608a705e] 19:05:02.962 [ReconcilerExecutor-hivemq-controller-119] DEBUG c.h.p.o.h.HiveMQPlatformReconcilerErrorHandler - [customop] Pod 'test-hivemq-platform-beta-0' condition 'PodReadyToStartContainers': False
2025-01-27 19:05:02,966 INFO c.h.h.t.HelmChartContainer - [hivemq-test-hivemq-platform] [hivemq-platform-operator] [608a705e] 19:05:02.962 [ReconcilerExecutor-hivemq-controller-119] DEBUG c.h.p.o.h.HiveMQPlatformReconcilerErrorHandler - [customop] Pod 'test-hivemq-platform-beta-0' condition 'Initialized': False
2025-01-27 19:05:02,966 INFO c.h.h.t.HelmChartContainer - [hivemq-test-hivemq-platform] [hivemq-platform-operator] [608a705e] 19:05:02.962 [ReconcilerExecutor-hivemq-controller-119] DEBUG c.h.p.o.h.HiveMQPlatformReconcilerErrorHandler - [customop] Pod 'test-hivemq-platform-beta-0' condition 'Ready': False
2025-01-27 19:05:02,966 INFO c.h.h.t.HelmChartContainer - [hivemq-test-hivemq-platform] [hivemq-platform-operator] [608a705e] 19:05:02.962 [ReconcilerExecutor-hivemq-controller-119] DEBUG c.h.p.o.h.HiveMQPlatformReconcilerErrorHandler - [customop] Pod 'test-hivemq-platform-beta-0' condition 'ContainersReady': False
2025-01-27 19:05:02,966 INFO c.h.h.t.HelmChartContainer - [hivemq-test-hivemq-platform] [hivemq-platform-operator] [608a705e] 19:05:02.962 [ReconcilerExecutor-hivemq-controller-119] DEBUG c.h.p.o.h.HiveMQPlatformReconcilerErrorHandler - [customop] Pod 'test-hivemq-platform-beta-0' condition 'PodScheduled': True
2025-01-27 19:05:02,966 INFO c.h.h.t.HelmChartContainer - [hivemq-test-hivemq-platform] [hivemq-platform-operator] [608a705e] 19:05:02.962 [ReconcilerExecutor-hivemq-controller-119] DEBUG c.h.p.o.h.HiveMQPlatformReconcilerErrorHandler - [customop] Pod 'test-hivemq-platform-beta-0' containerStatus 'hivemq' (started: false) (ready: false) (waiting: [PodInitializing] null)
2025-01-27 19:05:02,966 INFO c.h.h.t.HelmChartContainer - [hivemq-test-hivemq-platform] [hivemq-platform-operator] [608a705e] 19:05:02.963 [ReconcilerExecutor-hivemq-controller-119] INFO  c.h.p.o.h.HiveMQPlatformReconcilerBaseHandler - [customop] HiveMQ Platform is starting, 0 of 1 replicas are ready
2025-01-27 19:05:02,966 INFO c.h.h.t.HelmChartContainer - [hivemq-test-hivemq-platform] [hivemq-platform-operator] [608a705e] 19:05:02.964 [ReconcilerExecutor-hivemq-controller-120] INFO  c.h.p.o.HiveMQPlatformReconciler - [customop] Reconciling HiveMQ Platform 'test-hivemq-platform-alpha' in namespace 'customoperatornamespacesit-alpha'
2025-01-27 19:05:02,966 INFO c.h.h.t.HelmChartContainer - [hivemq-test-hivemq-platform] [hivemq-platform-operator] [608a705e] 19:05:02.964 [ReconcilerExecutor-hivemq-controller-120] DEBUG c.h.p.o.HiveMQPlatformReconciler - [customop] Custom Resource Status STARTING - HiveMQ Platform is starting (READY)
2025-01-27 19:05:02,966 INFO c.h.h.t.HelmChartContainer - [hivemq-test-hivemq-platform] [hivemq-platform-operator] [608a705e] 19:05:02.964 [ReconcilerExecutor-hivemq-controller-120] DEBUG c.h.p.o.HiveMQPlatformReconciler - [customop] Custom Resource Spec (replicas: 1) (extensions: 1)
2025-01-27 19:05:02,970 INFO c.h.h.t.HelmChartContainer - [hivemq-test-hivemq-platform] [hivemq-platform-operator] [608a705e] 19:05:02.969 [ReconcilerExecutor-hivemq-controller-120] DEBUG c.h.p.o.HiveMQPlatformReconciler - [customop] StatefulSet Status (revision: test-hivemq-platform-alpha-6fb9b47d6b, replicas: 1, available: 0, ready: 0, current: 1, updated: 1)
2025-01-27 19:05:02,970 INFO c.h.h.t.HelmChartContainer - [hivemq-test-hivemq-platform] [hivemq-platform-operator] [608a705e] 19:05:02.969 [ReconcilerExecutor-hivemq-controller-120] DEBUG c.h.p.o.HiveMQPlatformReconciler - [customop] StatefulSet Spec (replicas: 1, init containers: 1, containers: 1, volumes: 3)
2025-01-27 19:05:02,972 INFO c.h.h.t.HelmChartContainer - [hivemq-test-hivemq-platform] [hivemq-platform-operator] [608a705e] 19:05:02.971 [ReconcilerExecutor-hivemq-controller-120] DEBUG c.h.p.o.h.HiveMQPlatformReconcilerErrorHandler - [customop] Pod 'test-hivemq-platform-alpha-0' phase Pending
2025-01-27 19:05:02,978 INFO c.h.h.t.HelmChartContainer - [hivemq-test-hivemq-platform] [hivemq-platform-operator] [608a705e] 19:05:02.971 [ReconcilerExecutor-hivemq-controller-120] DEBUG c.h.p.o.h.HiveMQPlatformReconcilerErrorHandler - [customop] Pod 'test-hivemq-platform-alpha-0' condition 'PodReadyToStartContainers': False
2025-01-27 19:05:02,978 INFO c.h.h.t.HelmChartContainer - [hivemq-test-hivemq-platform] [hivemq-platform-operator] [608a705e] 19:05:02.973 [ReconcilerExecutor-hivemq-controller-120] DEBUG c.h.p.o.h.HiveMQPlatformReconcilerErrorHandler - [customop] Pod 'test-hivemq-platform-alpha-0' condition 'Initialized': False
2025-01-27 19:05:02,978 INFO c.h.h.t.HelmChartContainer - [hivemq-test-hivemq-platform] [hivemq-platform-operator] [608a705e] 19:05:02.973 [ReconcilerExecutor-hivemq-controller-120] DEBUG c.h.p.o.h.HiveMQPlatformReconcilerErrorHandler - [customop] Pod 'test-hivemq-platform-alpha-0' condition 'Ready': False
2025-01-27 19:05:02,978 INFO c.h.h.t.HelmChartContainer - [hivemq-test-hivemq-platform] [hivemq-platform-operator] [608a705e] 19:05:02.973 [ReconcilerExecutor-hivemq-controller-120] DEBUG c.h.p.o.h.HiveMQPlatformReconcilerErrorHandler - [customop] Pod 'test-hivemq-platform-alpha-0' condition 'ContainersReady': False
2025-01-27 19:05:02,978 INFO c.h.h.t.HelmChartContainer - [hivemq-test-hivemq-platform] [hivemq-platform-operator] [608a705e] 19:05:02.973 [ReconcilerExecutor-hivemq-controller-120] DEBUG c.h.p.o.h.HiveMQPlatformReconcilerErrorHandler - [customop] Pod 'test-hivemq-platform-alpha-0' condition 'PodScheduled': True
2025-01-27 19:05:02,978 INFO c.h.h.t.HelmChartContainer - [hivemq-test-hivemq-platform] [hivemq-platform-operator] [608a705e] 19:05:02.973 [ReconcilerExecutor-hivemq-controller-120] DEBUG c.h.p.o.h.HiveMQPlatformReconcilerErrorHandler - [customop] Pod 'test-hivemq-platform-alpha-0' containerStatus 'hivemq' (started: false) (ready: false) (waiting: [PodInitializing] null)
2025-01-27 19:05:02,978 INFO c.h.h.t.HelmChartContainer - [hivemq-test-hivemq-platform] [hivemq-platform-operator] [608a705e] 19:05:02.976 [ReconcilerExecutor-hivemq-controller-120] INFO  c.h.p.o.h.HiveMQPlatformReconcilerBaseHandler - [customop] HiveMQ Platform is starting, 0 of 1 replicas are ready
2025-01-27 19:05:03,440 INFO c.h.h.t.HelmChartContainer - [POD] test-hivemq-platform-beta-0 [0251ab7c-407c-46c5-9693-758850d65d44] in customoperatornamespacesit-beta was MODIFIED
2025-01-27 19:05:03,451 INFO c.h.h.t.HelmChartContainer - [hivemq-test-hivemq-platform] [hivemq-platform-operator] [608a705e] 19:05:03.445 [pool-6-thread-28] DEBUG c.h.p.o.d.PlatformServiceResource - [customop] Desired Platform services (3 services)
2025-01-27 19:05:03,451 INFO c.h.h.t.HelmChartContainer - [hivemq-test-hivemq-platform] [hivemq-platform-operator] [608a705e] 19:05:03.447 [pool-6-thread-27] DEBUG c.h.p.o.dependants.PodInfoConfigMap - [customop] Desired PodInfo ConfigMap (1 extensions) (1 enabled)
2025-01-27 19:05:03,454 INFO c.h.h.t.HelmChartContainer - [hivemq-test-hivemq-platform] [hivemq-platform-operator] [608a705e] 19:05:03.450 [pool-6-thread-27] DEBUG c.h.p.o.dependants.PodInfoConfigMap - [customop] Desired PodInfo ConfigMap (metrics port: 9399) (metrics path: /)
2025-01-27 19:05:03,455 INFO c.h.h.t.HelmChartContainer - [hivemq-test-hivemq-platform] [hivemq-platform-operator] [608a705e] 19:05:03.451 [pool-6-thread-27] DEBUG c.h.p.o.dependants.PodInfoConfigMap - [customop] Desired PodInfo ConfigMap (extension state hash: -1817474005)
2025-01-27 19:05:03,455 INFO c.h.h.t.HelmChartContainer - [hivemq-test-hivemq-platform] [hivemq-platform-operator] [608a705e] 19:05:03.451 [pool-6-thread-24] DEBUG c.h.p.o.d.PodServiceAccountResource - [customop] Desired PodServiceAccountResource (serviceAccountName: hivemq-platform-pod-test-hivemq-platform-beta)
2025-01-27 19:05:03,467 INFO c.h.h.t.HelmChartContainer - [POD] test-hivemq-platform-alpha-0 [10afb6ee-a90a-42d8-8794-abc40ee5d54a] in customoperatornamespacesit-alpha was MODIFIED
2025-01-27 19:05:03,470 INFO c.h.h.t.HelmChartContainer - [hivemq-test-hivemq-platform] [hivemq-platform-operator] [608a705e] 19:05:03.468 [pool-6-thread-28] DEBUG c.h.p.o.d.StatefulSetResource - [customop] Desired StatefulSet (1 replicas) for status STARTING (READY)
2025-01-27 19:05:03,543 INFO c.h.h.t.HelmChartContainer - [hivemq-test-hivemq-platform] [hivemq-platform-operator] [608a705e] 19:05:03.540 [pool-6-thread-32] DEBUG c.h.p.o.d.PlatformServiceResource - [customop] Desired Platform services (3 services)
2025-01-27 19:05:03,544 INFO c.h.h.t.HelmChartContainer - [hivemq-test-hivemq-platform] [hivemq-platform-operator] [608a705e] 19:05:03.542 [pool-6-thread-23] DEBUG c.h.p.o.dependants.PodInfoConfigMap - [customop] Desired PodInfo ConfigMap (1 extensions) (1 enabled)
2025-01-27 19:05:03,545 INFO c.h.h.t.HelmChartContainer - [hivemq-test-hivemq-platform] [hivemq-platform-operator] [608a705e] 19:05:03.543 [pool-6-thread-23] DEBUG c.h.p.o.dependants.PodInfoConfigMap - [customop] Desired PodInfo ConfigMap (metrics port: 9399) (metrics path: /)
2025-01-27 19:05:03,546 INFO c.h.h.t.HelmChartContainer - [hivemq-test-hivemq-platform] [hivemq-platform-operator] [608a705e] 19:05:03.543 [pool-6-thread-23] DEBUG c.h.p.o.dependants.PodInfoConfigMap - [customop] Desired PodInfo ConfigMap (extension state hash: -1817474005)
2025-01-27 19:05:03,546 INFO c.h.h.t.HelmChartContainer - [hivemq-test-hivemq-platform] [hivemq-platform-operator] [608a705e] 19:05:03.544 [pool-6-thread-29] DEBUG c.h.p.o.d.PodServiceAccountResource - [customop] Desired PodServiceAccountResource (serviceAccountName: hivemq-platform-pod-test-hivemq-platform-alpha)
2025-01-27 19:05:03,549 INFO c.h.h.t.HelmChartContainer - [hivemq-test-hivemq-platform] [hivemq-platform-operator] [608a705e] 19:05:03.548 [ReconcilerExecutor-hivemq-controller-121] INFO  c.h.p.o.HiveMQPlatformReconciler - [customop] Reconciling HiveMQ Platform 'test-hivemq-platform-beta' in namespace 'customoperatornamespacesit-beta'
2025-01-27 19:05:03,549 INFO c.h.h.t.HelmChartContainer - [hivemq-test-hivemq-platform] [hivemq-platform-operator] [608a705e] 19:05:03.548 [ReconcilerExecutor-hivemq-controller-121] DEBUG c.h.p.o.HiveMQPlatformReconciler - [customop] Custom Resource Status STARTING - HiveMQ Platform is starting (READY)
2025-01-27 19:05:03,557 INFO c.h.h.t.HelmChartContainer - [hivemq-test-hivemq-platform] [hivemq-platform-operator] [608a705e] 19:05:03.548 [ReconcilerExecutor-hivemq-controller-121] DEBUG c.h.p.o.HiveMQPlatformReconciler - [customop] Custom Resource Spec (replicas: 1) (extensions: 1)
2025-01-27 19:05:03,558 INFO c.h.h.t.HelmChartContainer - [hivemq-test-hivemq-platform] [hivemq-platform-operator] [608a705e] 19:05:03.556 [ReconcilerExecutor-hivemq-controller-121] DEBUG c.h.p.o.HiveMQPlatformReconciler - [customop] StatefulSet Status (revision: test-hivemq-platform-beta-6b6c59884b, replicas: 1, available: 0, ready: 0, current: 1, updated: 1)
2025-01-27 19:05:03,559 INFO c.h.h.t.HelmChartContainer - [hivemq-test-hivemq-platform] [hivemq-platform-operator] [608a705e] 19:05:03.556 [ReconcilerExecutor-hivemq-controller-121] DEBUG c.h.p.o.HiveMQPlatformReconciler - [customop] StatefulSet Spec (replicas: 1, init containers: 1, containers: 1, volumes: 3)
2025-01-27 19:05:03,560 INFO c.h.h.t.HelmChartContainer - [hivemq-test-hivemq-platform] [hivemq-platform-operator] [608a705e] 19:05:03.558 [pool-6-thread-32] DEBUG c.h.p.o.d.StatefulSetResource - [customop] Desired StatefulSet (1 replicas) for status STARTING (READY)
2025-01-27 19:05:03,639 INFO c.h.h.t.HelmChartContainer - [hivemq-test-hivemq-platform] [hivemq-platform-operator] [608a705e] 19:05:03.637 [ReconcilerExecutor-hivemq-controller-121] DEBUG c.h.p.o.h.HiveMQPlatformReconcilerErrorHandler - [customop] Pod 'test-hivemq-platform-beta-0' phase Pending
2025-01-27 19:05:03,641 INFO c.h.h.t.HelmChartContainer - [hivemq-test-hivemq-platform] [hivemq-platform-operator] [608a705e] 19:05:03.637 [ReconcilerExecutor-hivemq-controller-121] DEBUG c.h.p.o.h.HiveMQPlatformReconcilerErrorHandler - [customop] Pod 'test-hivemq-platform-beta-0' condition 'PodReadyToStartContainers': True
2025-01-27 19:05:03,641 INFO c.h.h.t.HelmChartContainer - [hivemq-test-hivemq-platform] [hivemq-platform-operator] [608a705e] 19:05:03.637 [ReconcilerExecutor-hivemq-controller-121] DEBUG c.h.p.o.h.HiveMQPlatformReconcilerErrorHandler - [customop] Pod 'test-hivemq-platform-beta-0' condition 'Initialized': False
2025-01-27 19:05:03,641 INFO c.h.h.t.HelmChartContainer - [hivemq-test-hivemq-platform] [hivemq-platform-operator] [608a705e] 19:05:03.637 [ReconcilerExecutor-hivemq-controller-121] DEBUG c.h.p.o.h.HiveMQPlatformReconcilerErrorHandler - [customop] Pod 'test-hivemq-platform-beta-0' condition 'Ready': False
2025-01-27 19:05:03,641 INFO c.h.h.t.HelmChartContainer - [hivemq-test-hivemq-platform] [hivemq-platform-operator] [608a705e] 19:05:03.637 [ReconcilerExecutor-hivemq-controller-121] DEBUG c.h.p.o.h.HiveMQPlatformReconcilerErrorHandler - [customop] Pod 'test-hivemq-platform-beta-0' condition 'ContainersReady': False
2025-01-27 19:05:03,641 INFO c.h.h.t.HelmChartContainer - [hivemq-test-hivemq-platform] [hivemq-platform-operator] [608a705e] 19:05:03.637 [ReconcilerExecutor-hivemq-controller-121] DEBUG c.h.p.o.h.HiveMQPlatformReconcilerErrorHandler - [customop] Pod 'test-hivemq-platform-beta-0' condition 'PodScheduled': True
2025-01-27 19:05:03,641 INFO c.h.h.t.HelmChartContainer - [hivemq-test-hivemq-platform] [hivemq-platform-operator] [608a705e] 19:05:03.638 [ReconcilerExecutor-hivemq-controller-121] DEBUG c.h.p.o.h.HiveMQPlatformReconcilerErrorHandler - [customop] Pod 'test-hivemq-platform-beta-0' containerStatus 'hivemq' (started: false) (ready: false) (waiting: [PodInitializing] null)
2025-01-27 19:05:03,641 INFO c.h.h.t.HelmChartContainer - [hivemq-test-hivemq-platform] [hivemq-platform-operator] [608a705e] 19:05:03.638 [ReconcilerExecutor-hivemq-controller-122] INFO  c.h.p.o.HiveMQPlatformReconciler - [customop] Reconciling HiveMQ Platform 'test-hivemq-platform-alpha' in namespace 'customoperatornamespacesit-alpha'
2025-01-27 19:05:03,641 INFO c.h.h.t.HelmChartContainer - [hivemq-test-hivemq-platform] [hivemq-platform-operator] [608a705e] 19:05:03.638 [ReconcilerExecutor-hivemq-controller-122] DEBUG c.h.p.o.HiveMQPlatformReconciler - [customop] Custom Resource Status STARTING - HiveMQ Platform is starting (READY)
2025-01-27 19:05:03,641 INFO c.h.h.t.HelmChartContainer - [hivemq-test-hivemq-platform] [hivemq-platform-operator] [608a705e] 19:05:03.638 [ReconcilerExecutor-hivemq-controller-121] INFO  c.h.p.o.h.HiveMQPlatformReconcilerBaseHandler - [customop] HiveMQ Platform is starting, 0 of 1 replicas are ready
2025-01-27 19:05:03,641 INFO c.h.h.t.HelmChartContainer - [hivemq-test-hivemq-platform] [hivemq-platform-operator] [608a705e] 19:05:03.638 [ReconcilerExecutor-hivemq-controller-122] DEBUG c.h.p.o.HiveMQPlatformReconciler - [customop] Custom Resource Spec (replicas: 1) (extensions: 1)
2025-01-27 19:05:03,643 INFO c.h.h.t.HelmChartContainer - [hivemq-test-hivemq-platform] [hivemq-platform-operator] [608a705e] 19:05:03.641 [ReconcilerExecutor-hivemq-controller-122] DEBUG c.h.p.o.HiveMQPlatformReconciler - [customop] StatefulSet Status (revision: test-hivemq-platform-alpha-6fb9b47d6b, replicas: 1, available: 0, ready: 0, current: 1, updated: 1)
2025-01-27 19:05:03,643 INFO c.h.h.t.HelmChartContainer - [hivemq-test-hivemq-platform] [hivemq-platform-operator] [608a705e] 19:05:03.641 [ReconcilerExecutor-hivemq-controller-122] DEBUG c.h.p.o.HiveMQPlatformReconciler - [customop] StatefulSet Spec (replicas: 1, init containers: 1, containers: 1, volumes: 3)
2025-01-27 19:05:03,644 INFO c.h.h.t.HelmChartContainer - [hivemq-test-hivemq-platform] [hivemq-platform-operator] [608a705e] 19:05:03.643 [ReconcilerExecutor-hivemq-controller-122] DEBUG c.h.p.o.h.HiveMQPlatformReconcilerErrorHandler - [customop] Pod 'test-hivemq-platform-alpha-0' phase Pending
2025-01-27 19:05:03,644 INFO c.h.h.t.HelmChartContainer - [hivemq-test-hivemq-platform] [hivemq-platform-operator] [608a705e] 19:05:03.643 [ReconcilerExecutor-hivemq-controller-122] DEBUG c.h.p.o.h.HiveMQPlatformReconcilerErrorHandler - [customop] Pod 'test-hivemq-platform-alpha-0' condition 'PodReadyToStartContainers': True
2025-01-27 19:05:03,644 INFO c.h.h.t.HelmChartContainer - [hivemq-test-hivemq-platform] [hivemq-platform-operator] [608a705e] 19:05:03.643 [ReconcilerExecutor-hivemq-controller-122] DEBUG c.h.p.o.h.HiveMQPlatformReconcilerErrorHandler - [customop] Pod 'test-hivemq-platform-alpha-0' condition 'Initialized': False
2025-01-27 19:05:03,644 INFO c.h.h.t.HelmChartContainer - [hivemq-test-hivemq-platform] [hivemq-platform-operator] [608a705e] 19:05:03.643 [ReconcilerExecutor-hivemq-controller-122] DEBUG c.h.p.o.h.HiveMQPlatformReconcilerErrorHandler - [customop] Pod 'test-hivemq-platform-alpha-0' condition 'Ready': False
2025-01-27 19:05:03,644 INFO c.h.h.t.HelmChartContainer - [hivemq-test-hivemq-platform] [hivemq-platform-operator] [608a705e] 19:05:03.643 [ReconcilerExecutor-hivemq-controller-122] DEBUG c.h.p.o.h.HiveMQPlatformReconcilerErrorHandler - [customop] Pod 'test-hivemq-platform-alpha-0' condition 'ContainersReady': False
2025-01-27 19:05:03,644 INFO c.h.h.t.HelmChartContainer - [hivemq-test-hivemq-platform] [hivemq-platform-operator] [608a705e] 19:05:03.643 [ReconcilerExecutor-hivemq-controller-122] DEBUG c.h.p.o.h.HiveMQPlatformReconcilerErrorHandler - [customop] Pod 'test-hivemq-platform-alpha-0' condition 'PodScheduled': True
2025-01-27 19:05:03,644 INFO c.h.h.t.HelmChartContainer - [hivemq-test-hivemq-platform] [hivemq-platform-operator] [608a705e] 19:05:03.643 [ReconcilerExecutor-hivemq-controller-122] DEBUG c.h.p.o.h.HiveMQPlatformReconcilerErrorHandler - [customop] Pod 'test-hivemq-platform-alpha-0' containerStatus 'hivemq' (started: false) (ready: false) (waiting: [PodInitializing] null)
2025-01-27 19:05:03,645 INFO c.h.h.t.HelmChartContainer - [hivemq-test-hivemq-platform] [hivemq-platform-operator] [608a705e] 19:05:03.644 [ReconcilerExecutor-hivemq-controller-122] INFO  c.h.p.o.h.HiveMQPlatformReconcilerBaseHandler - [customop] HiveMQ Platform is starting, 0 of 1 replicas are ready
2025-01-27 19:05:05,429 INFO c.h.h.t.HelmChartContainer - [EVENT] Normal [Pulled] Container image "docker.io/hivemq/hivemq4:4.35.0" already present on machine [customoperatornamespacesit-beta:test-hivemq-platform-beta-0]
2025-01-27 19:05:05,430 INFO c.h.h.t.HelmChartContainer - Received Pulled event for container hivemq in pod test-hivemq-platform-beta-0 [0251ab7c-407c-46c5-9693-758850d65d44]
2025-01-27 19:05:05,431 INFO c.h.h.t.HelmChartContainer - [EVENT] Normal [Pulled] Container image "docker.io/hivemq/hivemq4:4.35.0" already present on machine [customoperatornamespacesit-alpha:test-hivemq-platform-alpha-0]
2025-01-27 19:05:05,431 INFO c.h.h.t.HelmChartContainer - Received Pulled event for container hivemq in pod test-hivemq-platform-alpha-0 [10afb6ee-a90a-42d8-8794-abc40ee5d54a]
2025-01-27 19:05:05,441 INFO c.h.h.t.HelmChartContainer - [POD] test-hivemq-platform-beta-0 [0251ab7c-407c-46c5-9693-758850d65d44] in customoperatornamespacesit-beta was MODIFIED
2025-01-27 19:05:05,457 INFO c.h.h.t.HelmChartContainer - [hivemq-test-hivemq-platform] [hivemq-platform-operator] [608a705e] 19:05:05.451 [pool-6-thread-44] DEBUG c.h.p.o.d.PlatformServiceResource - [customop] Desired Platform services (3 services)
2025-01-27 19:05:05,459 INFO c.h.h.t.HelmChartContainer - [EVENT] Normal [Created] Created container: hivemq [customoperatornamespacesit-beta:test-hivemq-platform-beta-0]
2025-01-27 19:05:05,459 INFO c.h.h.t.HelmChartContainer - Received Created event for container hivemq in pod test-hivemq-platform-beta-0 [0251ab7c-407c-46c5-9693-758850d65d44]
2025-01-27 19:05:05,461 INFO c.h.h.t.HelmChartContainer - [hivemq-test-hivemq-platform] [hivemq-platform-operator] [608a705e] 19:05:05.452 [pool-6-thread-41] DEBUG c.h.p.o.dependants.PodInfoConfigMap - [customop] Desired PodInfo ConfigMap (1 extensions) (1 enabled)
2025-01-27 19:05:05,461 INFO c.h.h.t.HelmChartContainer - [hivemq-test-hivemq-platform] [hivemq-platform-operator] [608a705e] 19:05:05.459 [pool-6-thread-41] DEBUG c.h.p.o.dependants.PodInfoConfigMap - [customop] Desired PodInfo ConfigMap (metrics port: 9399) (metrics path: /)
2025-01-27 19:05:05,461 INFO c.h.h.t.HelmChartContainer - [hivemq-test-hivemq-platform] [hivemq-platform-operator] [608a705e] 19:05:05.459 [pool-6-thread-41] DEBUG c.h.p.o.dependants.PodInfoConfigMap - [customop] Desired PodInfo ConfigMap (extension state hash: -1817474005)
2025-01-27 19:05:05,464 INFO c.h.h.t.HelmChartContainer - [POD] test-hivemq-platform-alpha-0 [10afb6ee-a90a-42d8-8794-abc40ee5d54a] in customoperatornamespacesit-alpha was MODIFIED
2025-01-27 19:05:05,466 INFO c.h.h.t.HelmChartContainer - [hivemq-test-hivemq-platform] [hivemq-platform-operator] [608a705e] 19:05:05.463 [pool-6-thread-46] DEBUG c.h.p.o.d.PodServiceAccountResource - [customop] Desired PodServiceAccountResource (serviceAccountName: hivemq-platform-pod-test-hivemq-platform-beta)
2025-01-27 19:05:05,542 INFO c.h.h.t.HelmChartContainer - [hivemq-test-hivemq-platform] [hivemq-platform-operator] [608a705e] 19:05:05.540 [pool-6-thread-50] DEBUG c.h.p.o.d.PlatformServiceResource - [customop] Desired Platform services (3 services)
2025-01-27 19:05:05,546 INFO c.h.h.t.HelmChartContainer - [hivemq-test-hivemq-platform] [hivemq-platform-operator] [608a705e] 19:05:05.544 [pool-6-thread-10] DEBUG c.h.p.o.dependants.PodInfoConfigMap - [customop] Desired PodInfo ConfigMap (1 extensions) (1 enabled)
2025-01-27 19:05:05,548 INFO c.h.h.t.HelmChartContainer - [hivemq-test-hivemq-platform] [hivemq-platform-operator] [608a705e] 19:05:05.544 [pool-6-thread-10] DEBUG c.h.p.o.dependants.PodInfoConfigMap - [customop] Desired PodInfo ConfigMap (metrics port: 9399) (metrics path: /)
2025-01-27 19:05:05,548 INFO c.h.h.t.HelmChartContainer - [hivemq-test-hivemq-platform] [hivemq-platform-operator] [608a705e] 19:05:05.544 [pool-6-thread-10] DEBUG c.h.p.o.dependants.PodInfoConfigMap - [customop] Desired PodInfo ConfigMap (extension state hash: -1817474005)
2025-01-27 19:05:05,555 INFO c.h.h.t.HelmChartContainer - [hivemq-test-hivemq-platform] [hivemq-platform-operator] [608a705e] 19:05:05.554 [pool-6-thread-10] DEBUG c.h.p.o.d.PodServiceAccountResource - [customop] Desired PodServiceAccountResource (serviceAccountName: hivemq-platform-pod-test-hivemq-platform-alpha)
2025-01-27 19:05:05,559 INFO c.h.h.t.HelmChartContainer - [hivemq-test-hivemq-platform] [hivemq-platform-operator] [608a705e] 19:05:05.558 [pool-6-thread-12] DEBUG c.h.p.o.d.StatefulSetResource - [customop] Desired StatefulSet (1 replicas) for status STARTING (READY)
2025-01-27 19:05:05,567 INFO c.h.h.t.HelmChartContainer - [hivemq-test-hivemq-platform] [hivemq-platform-operator] [608a705e] 19:05:05.565 [pool-6-thread-50] DEBUG c.h.p.o.d.StatefulSetResource - [customop] Desired StatefulSet (1 replicas) for status STARTING (READY)
2025-01-27 19:05:05,642 INFO c.h.h.t.HelmChartContainer - [hivemq-test-hivemq-platform] [hivemq-platform-operator] [608a705e] 19:05:05.639 [ReconcilerExecutor-hivemq-controller-124] INFO  c.h.p.o.HiveMQPlatformReconciler - [customop] Reconciling HiveMQ Platform 'test-hivemq-platform-alpha' in namespace 'customoperatornamespacesit-alpha'
2025-01-27 19:05:05,642 INFO c.h.h.t.HelmChartContainer - [hivemq-test-hivemq-platform] [hivemq-platform-operator] [608a705e] 19:05:05.639 [ReconcilerExecutor-hivemq-controller-124] DEBUG c.h.p.o.HiveMQPlatformReconciler - [customop] Custom Resource Status STARTING - HiveMQ Platform is starting (READY)
2025-01-27 19:05:05,642 INFO c.h.h.t.HelmChartContainer - [hivemq-test-hivemq-platform] [hivemq-platform-operator] [608a705e] 19:05:05.639 [ReconcilerExecutor-hivemq-controller-123] INFO  c.h.p.o.HiveMQPlatformReconciler - [customop] Reconciling HiveMQ Platform 'test-hivemq-platform-beta' in namespace 'customoperatornamespacesit-beta'
2025-01-27 19:05:05,642 INFO c.h.h.t.HelmChartContainer - [hivemq-test-hivemq-platform] [hivemq-platform-operator] [608a705e] 19:05:05.639 [ReconcilerExecutor-hivemq-controller-124] DEBUG c.h.p.o.HiveMQPlatformReconciler - [customop] Custom Resource Spec (replicas: 1) (extensions: 1)
2025-01-27 19:05:05,643 INFO c.h.h.t.HelmChartContainer - [hivemq-test-hivemq-platform] [hivemq-platform-operator] [608a705e] 19:05:05.639 [ReconcilerExecutor-hivemq-controller-123] DEBUG c.h.p.o.HiveMQPlatformReconciler - [customop] Custom Resource Status STARTING - HiveMQ Platform is starting (READY)
2025-01-27 19:05:05,643 INFO c.h.h.t.HelmChartContainer - [hivemq-test-hivemq-platform] [hivemq-platform-operator] [608a705e] 19:05:05.640 [ReconcilerExecutor-hivemq-controller-123] DEBUG c.h.p.o.HiveMQPlatformReconciler - [customop] Custom Resource Spec (replicas: 1) (extensions: 1)
2025-01-27 19:05:05,643 INFO c.h.h.t.HelmChartContainer - [hivemq-test-hivemq-platform] [hivemq-platform-operator] [608a705e] 19:05:05.642 [ReconcilerExecutor-hivemq-controller-123] DEBUG c.h.p.o.HiveMQPlatformReconciler - [customop] StatefulSet Status (revision: test-hivemq-platform-beta-6b6c59884b, replicas: 1, available: 0, ready: 0, current: 1, updated: 1)
2025-01-27 19:05:05,643 INFO c.h.h.t.HelmChartContainer - [hivemq-test-hivemq-platform] [hivemq-platform-operator] [608a705e] 19:05:05.642 [ReconcilerExecutor-hivemq-controller-123] DEBUG c.h.p.o.HiveMQPlatformReconciler - [customop] StatefulSet Spec (replicas: 1, init containers: 1, containers: 1, volumes: 3)
2025-01-27 19:05:05,656 INFO c.h.h.t.HelmChartContainer - [hivemq-test-hivemq-platform] [hivemq-platform-operator] [608a705e] 19:05:05.654 [ReconcilerExecutor-hivemq-controller-124] DEBUG c.h.p.o.HiveMQPlatformReconciler - [customop] StatefulSet Status (revision: test-hivemq-platform-alpha-6fb9b47d6b, replicas: 1, available: 0, ready: 0, current: 1, updated: 1)
2025-01-27 19:05:05,656 INFO c.h.h.t.HelmChartContainer - [hivemq-test-hivemq-platform] [hivemq-platform-operator] [608a705e] 19:05:05.654 [ReconcilerExecutor-hivemq-controller-124] DEBUG c.h.p.o.HiveMQPlatformReconciler - [customop] StatefulSet Spec (replicas: 1, init containers: 1, containers: 1, volumes: 3)
2025-01-27 19:05:05,656 INFO c.h.h.t.HelmChartContainer - [hivemq-test-hivemq-platform] [hivemq-platform-operator] [608a705e] 19:05:05.655 [ReconcilerExecutor-hivemq-controller-123] DEBUG c.h.p.o.h.HiveMQPlatformReconcilerErrorHandler - [customop] Pod 'test-hivemq-platform-beta-0' phase Pending
2025-01-27 19:05:05,658 INFO c.h.h.t.HelmChartContainer - [hivemq-test-hivemq-platform] [hivemq-platform-operator] [608a705e] 19:05:05.657 [ReconcilerExecutor-hivemq-controller-124] DEBUG c.h.p.o.h.HiveMQPlatformReconcilerErrorHandler - [customop] Pod 'test-hivemq-platform-alpha-0' phase Pending
2025-01-27 19:05:05,658 INFO c.h.h.t.HelmChartContainer - [hivemq-test-hivemq-platform] [hivemq-platform-operator] [608a705e] 19:05:05.657 [ReconcilerExecutor-hivemq-controller-123] DEBUG c.h.p.o.h.HiveMQPlatformReconcilerErrorHandler - [customop] Pod 'test-hivemq-platform-beta-0' condition 'PodReadyToStartContainers': True
2025-01-27 19:05:05,661 INFO c.h.h.t.HelmChartContainer - [hivemq-test-hivemq-platform] [hivemq-platform-operator] [608a705e] 19:05:05.659 [ReconcilerExecutor-hivemq-controller-124] DEBUG c.h.p.o.h.HiveMQPlatformReconcilerErrorHandler - [customop] Pod 'test-hivemq-platform-alpha-0' condition 'PodReadyToStartContainers': True
2025-01-27 19:05:05,661 INFO c.h.h.t.HelmChartContainer - [hivemq-test-hivemq-platform] [hivemq-platform-operator] [608a705e] 19:05:05.658 [ReconcilerExecutor-hivemq-controller-123] DEBUG c.h.p.o.h.HiveMQPlatformReconcilerErrorHandler - [customop] Pod 'test-hivemq-platform-beta-0' condition 'Initialized': True
2025-01-27 19:05:05,661 INFO c.h.h.t.HelmChartContainer - [hivemq-test-hivemq-platform] [hivemq-platform-operator] [608a705e] 19:05:05.659 [ReconcilerExecutor-hivemq-controller-123] DEBUG c.h.p.o.h.HiveMQPlatformReconcilerErrorHandler - [customop] Pod 'test-hivemq-platform-beta-0' condition 'Ready': False
2025-01-27 19:05:05,661 INFO c.h.h.t.HelmChartContainer - [hivemq-test-hivemq-platform] [hivemq-platform-operator] [608a705e] 19:05:05.660 [ReconcilerExecutor-hivemq-controller-124] DEBUG c.h.p.o.h.HiveMQPlatformReconcilerErrorHandler - [customop] Pod 'test-hivemq-platform-alpha-0' condition 'Initialized': True
2025-01-27 19:05:05,663 INFO c.h.h.t.HelmChartContainer - [hivemq-test-hivemq-platform] [hivemq-platform-operator] [608a705e] 19:05:05.660 [ReconcilerExecutor-hivemq-controller-124] DEBUG c.h.p.o.h.HiveMQPlatformReconcilerErrorHandler - [customop] Pod 'test-hivemq-platform-alpha-0' condition 'Ready': False
2025-01-27 19:05:05,663 INFO c.h.h.t.HelmChartContainer - [hivemq-test-hivemq-platform] [hivemq-platform-operator] [608a705e] 19:05:05.660 [ReconcilerExecutor-hivemq-controller-123] DEBUG c.h.p.o.h.HiveMQPlatformReconcilerErrorHandler - [customop] Pod 'test-hivemq-platform-beta-0' condition 'ContainersReady': False
2025-01-27 19:05:05,663 INFO c.h.h.t.HelmChartContainer - [hivemq-test-hivemq-platform] [hivemq-platform-operator] [608a705e] 19:05:05.660 [ReconcilerExecutor-hivemq-controller-124] DEBUG c.h.p.o.h.HiveMQPlatformReconcilerErrorHandler - [customop] Pod 'test-hivemq-platform-alpha-0' condition 'ContainersReady': False
2025-01-27 19:05:05,663 INFO c.h.h.t.HelmChartContainer - [hivemq-test-hivemq-platform] [hivemq-platform-operator] [608a705e] 19:05:05.661 [ReconcilerExecutor-hivemq-controller-124] DEBUG c.h.p.o.h.HiveMQPlatformReconcilerErrorHandler - [customop] Pod 'test-hivemq-platform-alpha-0' condition 'PodScheduled': True
2025-01-27 19:05:05,663 INFO c.h.h.t.HelmChartContainer - [hivemq-test-hivemq-platform] [hivemq-platform-operator] [608a705e] 19:05:05.660 [ReconcilerExecutor-hivemq-controller-123] DEBUG c.h.p.o.h.HiveMQPlatformReconcilerErrorHandler - [customop] Pod 'test-hivemq-platform-beta-0' condition 'PodScheduled': True
2025-01-27 19:05:05,663 INFO c.h.h.t.HelmChartContainer - [hivemq-test-hivemq-platform] [hivemq-platform-operator] [608a705e] 19:05:05.661 [ReconcilerExecutor-hivemq-controller-123] DEBUG c.h.p.o.h.HiveMQPlatformReconcilerErrorHandler - [customop] Pod 'test-hivemq-platform-beta-0' containerStatus 'hivemq' (started: false) (ready: false) (waiting: [PodInitializing] null)
2025-01-27 19:05:05,663 INFO c.h.h.t.HelmChartContainer - [hivemq-test-hivemq-platform] [hivemq-platform-operator] [608a705e] 19:05:05.662 [ReconcilerExecutor-hivemq-controller-124] DEBUG c.h.p.o.h.HiveMQPlatformReconcilerErrorHandler - [customop] Pod 'test-hivemq-platform-alpha-0' containerStatus 'hivemq' (started: false) (ready: false) (waiting: [PodInitializing] null)
2025-01-27 19:05:05,666 INFO c.h.h.t.HelmChartContainer - [hivemq-test-hivemq-platform] [hivemq-platform-operator] [608a705e] 19:05:05.664 [ReconcilerExecutor-hivemq-controller-124] INFO  c.h.p.o.h.HiveMQPlatformReconcilerBaseHandler - [customop] HiveMQ Platform is starting, 0 of 1 replicas are ready
2025-01-27 19:05:05,666 INFO c.h.h.t.HelmChartContainer - [hivemq-test-hivemq-platform] [hivemq-platform-operator] [608a705e] 19:05:05.666 [ReconcilerExecutor-hivemq-controller-123] INFO  c.h.p.o.h.HiveMQPlatformReconcilerBaseHandler - [customop] HiveMQ Platform is starting, 0 of 1 replicas are ready
2025-01-27 19:05:06,441 INFO c.h.h.t.HelmChartContainer - [POD] test-hivemq-platform-beta-0 [0251ab7c-407c-46c5-9693-758850d65d44] in customoperatornamespacesit-beta was MODIFIED
2025-01-27 19:05:06,459 INFO c.h.h.t.HelmChartContainer - [hivemq-test-hivemq-platform] [hivemq-platform-operator] [608a705e] 19:05:06.453 [pool-6-thread-5] DEBUG c.h.p.o.d.PlatformServiceResource - [customop] Desired Platform services (3 services)
2025-01-27 19:05:06,460 INFO c.h.h.t.HelmChartContainer - [hivemq-test-hivemq-platform] [hivemq-platform-operator] [608a705e] 19:05:06.459 [pool-6-thread-2] DEBUG c.h.p.o.dependants.PodInfoConfigMap - [customop] Desired PodInfo ConfigMap (1 extensions) (1 enabled)
2025-01-27 19:05:06,468 INFO c.h.h.t.HelmChartContainer - [hivemq-test-hivemq-platform] [hivemq-platform-operator] [608a705e] 19:05:06.461 [pool-6-thread-2] DEBUG c.h.p.o.dependants.PodInfoConfigMap - [customop] Desired PodInfo ConfigMap (metrics port: 9399) (metrics path: /)
2025-01-27 19:05:06,468 INFO c.h.h.t.HelmChartContainer - [hivemq-test-hivemq-platform] [hivemq-platform-operator] [608a705e] 19:05:06.461 [pool-6-thread-2] DEBUG c.h.p.o.dependants.PodInfoConfigMap - [customop] Desired PodInfo ConfigMap (extension state hash: -1817474005)
2025-01-27 19:05:06,469 INFO c.h.h.t.HelmChartContainer - [POD] test-hivemq-platform-alpha-0 [10afb6ee-a90a-42d8-8794-abc40ee5d54a] in customoperatornamespacesit-alpha was MODIFIED
2025-01-27 19:05:06,471 INFO c.h.h.t.HelmChartContainer - [EVENT] Normal [Created] Created container: hivemq [customoperatornamespacesit-alpha:test-hivemq-platform-alpha-0]
2025-01-27 19:05:06,471 INFO c.h.h.t.HelmChartContainer - Received Created event for container hivemq in pod test-hivemq-platform-alpha-0 [10afb6ee-a90a-42d8-8794-abc40ee5d54a]
2025-01-27 19:05:06,472 INFO c.h.h.t.HelmChartContainer - [hivemq-test-hivemq-platform] [hivemq-platform-operator] [608a705e] 19:05:06.469 [pool-6-thread-2] DEBUG c.h.p.o.d.PodServiceAccountResource - [customop] Desired PodServiceAccountResource (serviceAccountName: hivemq-platform-pod-test-hivemq-platform-beta)
2025-01-27 19:05:06,472 INFO c.h.h.t.HelmChartContainer - Started log watcher for hivemq in pod test-hivemq-platform-beta-0 [0251ab7c-407c-46c5-9693-758850d65d44]
2025-01-27 19:05:06,473 INFO c.h.h.t.HelmChartContainer - [test-hivemq-platform] [hivemq] [0251ab7c] Adding pre-installed HiveMQ Platform Operator extensions
2025-01-27 19:05:06,473 INFO c.h.h.t.HelmChartContainer - [test-hivemq-platform] [hivemq] [0251ab7c] Running as user 10000
2025-01-27 19:05:06,473 INFO c.h.h.t.HelmChartContainer - [test-hivemq-platform] [hivemq] [0251ab7c] Starting HiveMQ Platform Operator Init
2025-01-27 19:05:06,480 INFO c.h.h.t.HelmChartContainer - [hivemq-test-hivemq-platform] [hivemq-platform-operator] [608a705e] 19:05:06.478 [pool-6-thread-19] DEBUG c.h.p.o.dependants.PodInfoConfigMap - [customop] Desired PodInfo ConfigMap (1 extensions) (1 enabled)
2025-01-27 19:05:06,480 INFO c.h.h.t.HelmChartContainer - [hivemq-test-hivemq-platform] [hivemq-platform-operator] [608a705e] 19:05:06.478 [pool-6-thread-19] DEBUG c.h.p.o.dependants.PodInfoConfigMap - [customop] Desired PodInfo ConfigMap (metrics port: 9399) (metrics path: /)
2025-01-27 19:05:06,480 INFO c.h.h.t.HelmChartContainer - [hivemq-test-hivemq-platform] [hivemq-platform-operator] [608a705e] 19:05:06.478 [pool-6-thread-19] DEBUG c.h.p.o.dependants.PodInfoConfigMap - [customop] Desired PodInfo ConfigMap (extension state hash: -1817474005)
2025-01-27 19:05:06,488 INFO c.h.h.t.HelmChartContainer - [hivemq-test-hivemq-platform] [hivemq-platform-operator] [608a705e] 19:05:06.481 [pool-6-thread-19] DEBUG c.h.p.o.d.PodServiceAccountResource - [customop] Desired PodServiceAccountResource (serviceAccountName: hivemq-platform-pod-test-hivemq-platform-alpha)
2025-01-27 19:05:06,498 INFO c.h.h.t.HelmChartContainer - [EVENT] Normal [Started] Started container hivemq [customoperatornamespacesit-beta:test-hivemq-platform-beta-0]
2025-01-27 19:05:06,498 INFO c.h.h.t.HelmChartContainer - Started log watcher for hivemq in pod test-hivemq-platform-alpha-0 [10afb6ee-a90a-42d8-8794-abc40ee5d54a]
2025-01-27 19:05:06,498 INFO c.h.h.t.HelmChartContainer - Received Started event for container hivemq in pod test-hivemq-platform-beta-0 [0251ab7c-407c-46c5-9693-758850d65d44]
2025-01-27 19:05:06,498 INFO c.h.h.t.HelmChartContainer - [test-hivemq-platform] [hivemq] [10afb6ee] Adding pre-installed HiveMQ Platform Operator extensions
2025-01-27 19:05:06,498 INFO c.h.h.t.HelmChartContainer - [test-hivemq-platform] [hivemq] [10afb6ee] Running as user 10000
2025-01-27 19:05:06,498 INFO c.h.h.t.HelmChartContainer - [EVENT] Normal [Started] Started container hivemq [customoperatornamespacesit-alpha:test-hivemq-platform-alpha-0]
2025-01-27 19:05:06,498 INFO c.h.h.t.HelmChartContainer - [test-hivemq-platform] [hivemq] [10afb6ee] Starting HiveMQ Platform Operator Init
2025-01-27 19:05:06,498 INFO c.h.h.t.HelmChartContainer - Received Started event for container hivemq in pod test-hivemq-platform-alpha-0 [10afb6ee-a90a-42d8-8794-abc40ee5d54a]
2025-01-27 19:05:06,536 INFO c.h.h.t.HelmChartContainer - [hivemq-test-hivemq-platform] [hivemq-platform-operator] [608a705e] 19:05:06.477 [pool-6-thread-36] DEBUG c.h.p.o.d.PlatformServiceResource - [customop] Desired Platform services (3 services)
2025-01-27 19:05:06,569 INFO c.h.h.t.HelmChartContainer - [hivemq-test-hivemq-platform] [hivemq-platform-operator] [608a705e] 19:05:06.554 [pool-6-thread-5] DEBUG c.h.p.o.d.StatefulSetResource - [customop] Desired StatefulSet (1 replicas) for status STARTING (READY)
2025-01-27 19:05:06,638 INFO c.h.h.t.HelmChartContainer - [hivemq-test-hivemq-platform] [hivemq-platform-operator] [608a705e] 19:05:06.635 [ReconcilerExecutor-hivemq-controller-125] INFO  c.h.p.o.HiveMQPlatformReconciler - [customop] Reconciling HiveMQ Platform 'test-hivemq-platform-beta' in namespace 'customoperatornamespacesit-beta'
2025-01-27 19:05:06,638 INFO c.h.h.t.HelmChartContainer - [hivemq-test-hivemq-platform] [hivemq-platform-operator] [608a705e] 19:05:06.636 [ReconcilerExecutor-hivemq-controller-125] DEBUG c.h.p.o.HiveMQPlatformReconciler - [customop] Custom Resource Status STARTING - HiveMQ Platform is starting (READY)
2025-01-27 19:05:06,638 INFO c.h.h.t.HelmChartContainer - [hivemq-test-hivemq-platform] [hivemq-platform-operator] [608a705e] 19:05:06.636 [ReconcilerExecutor-hivemq-controller-125] DEBUG c.h.p.o.HiveMQPlatformReconciler - [customop] Custom Resource Spec (replicas: 1) (extensions: 1)
2025-01-27 19:05:06,641 INFO c.h.h.t.HelmChartContainer - [hivemq-test-hivemq-platform] [hivemq-platform-operator] [608a705e] 19:05:06.639 [ReconcilerExecutor-hivemq-controller-125] DEBUG c.h.p.o.HiveMQPlatformReconciler - [customop] StatefulSet Status (revision: test-hivemq-platform-beta-6b6c59884b, replicas: 1, available: 0, ready: 0, current: 1, updated: 1)
2025-01-27 19:05:06,641 INFO c.h.h.t.HelmChartContainer - [hivemq-test-hivemq-platform] [hivemq-platform-operator] [608a705e] 19:05:06.640 [ReconcilerExecutor-hivemq-controller-125] DEBUG c.h.p.o.HiveMQPlatformReconciler - [customop] StatefulSet Spec (replicas: 1, init containers: 1, containers: 1, volumes: 3)
2025-01-27 19:05:06,643 INFO c.h.h.t.HelmChartContainer - [hivemq-test-hivemq-platform] [hivemq-platform-operator] [608a705e] 19:05:06.643 [ReconcilerExecutor-hivemq-controller-125] DEBUG c.h.p.o.h.HiveMQPlatformReconcilerErrorHandler - [customop] Pod 'test-hivemq-platform-beta-0' phase Running
2025-01-27 19:05:06,644 INFO c.h.h.t.HelmChartContainer - [hivemq-test-hivemq-platform] [hivemq-platform-operator] [608a705e] 19:05:06.643 [ReconcilerExecutor-hivemq-controller-125] INFO  c.h.p.o.h.HiveMQPlatformReconcilerBaseHandler - [customop] HiveMQ Platform is starting, 0 of 1 replicas are ready
2025-01-27 19:05:06,659 INFO c.h.h.t.HelmChartContainer - [hivemq-test-hivemq-platform] [hivemq-platform-operator] [608a705e] 19:05:06.654 [pool-6-thread-36] DEBUG c.h.p.o.d.StatefulSetResource - [customop] Desired StatefulSet (1 replicas) for status STARTING (READY)
2025-01-27 19:05:06,663 INFO c.h.h.t.HelmChartContainer - [hivemq-test-hivemq-platform] [hivemq-platform-operator] [608a705e] 19:05:06.661 [ReconcilerExecutor-hivemq-controller-126] INFO  c.h.p.o.HiveMQPlatformReconciler - [customop] Reconciling HiveMQ Platform 'test-hivemq-platform-alpha' in namespace 'customoperatornamespacesit-alpha'
2025-01-27 19:05:06,665 INFO c.h.h.t.HelmChartContainer - [hivemq-test-hivemq-platform] [hivemq-platform-operator] [608a705e] 19:05:06.661 [ReconcilerExecutor-hivemq-controller-126] DEBUG c.h.p.o.HiveMQPlatformReconciler - [customop] Custom Resource Status STARTING - HiveMQ Platform is starting (READY)
2025-01-27 19:05:06,665 INFO c.h.h.t.HelmChartContainer - [hivemq-test-hivemq-platform] [hivemq-platform-operator] [608a705e] 19:05:06.661 [ReconcilerExecutor-hivemq-controller-126] DEBUG c.h.p.o.HiveMQPlatformReconciler - [customop] Custom Resource Spec (replicas: 1) (extensions: 1)
2025-01-27 19:05:06,667 INFO c.h.h.t.HelmChartContainer - [hivemq-test-hivemq-platform] [hivemq-platform-operator] [608a705e] 19:05:06.665 [ReconcilerExecutor-hivemq-controller-126] DEBUG c.h.p.o.HiveMQPlatformReconciler - [customop] StatefulSet Status (revision: test-hivemq-platform-alpha-6fb9b47d6b, replicas: 1, available: 0, ready: 0, current: 1, updated: 1)
2025-01-27 19:05:06,670 INFO c.h.h.t.HelmChartContainer - [hivemq-test-hivemq-platform] [hivemq-platform-operator] [608a705e] 19:05:06.665 [ReconcilerExecutor-hivemq-controller-126] DEBUG c.h.p.o.HiveMQPlatformReconciler - [customop] StatefulSet Spec (replicas: 1, init containers: 1, containers: 1, volumes: 3)
2025-01-27 19:05:06,670 INFO c.h.h.t.HelmChartContainer - [hivemq-test-hivemq-platform] [hivemq-platform-operator] [608a705e] 19:05:06.666 [ReconcilerExecutor-hivemq-controller-126] DEBUG c.h.p.o.h.HiveMQPlatformReconcilerErrorHandler - [customop] Pod 'test-hivemq-platform-alpha-0' phase Running
2025-01-27 19:05:06,672 INFO c.h.h.t.HelmChartContainer - [hivemq-test-hivemq-platform] [hivemq-platform-operator] [608a705e] 19:05:06.671 [ReconcilerExecutor-hivemq-controller-126] INFO  c.h.p.o.h.HiveMQPlatformReconcilerBaseHandler - [customop] HiveMQ Platform is starting, 0 of 1 replicas are ready
2025-01-27 19:05:06,790 INFO c.h.h.t.HelmChartContainer - [test-hivemq-platform] [hivemq] [0251ab7c] INFO  - [HiveMQ Platform Operator Init 1.7.0-SNAPSHOT] HiveMQ Platform Operator Init 1.7.0-SNAPSHOT (commit: bebf408 on branch: HEAD) built on Sun Jan 26 20:47:47 UTC 2025
2025-01-27 19:05:06,820 INFO c.h.h.t.HelmChartContainer - [test-hivemq-platform] [hivemq] [10afb6ee] INFO  - [HiveMQ Platform Operator Init 1.7.0-SNAPSHOT] HiveMQ Platform Operator Init 1.7.0-SNAPSHOT (commit: bebf408 on branch: HEAD) built on Sun Jan 26 20:47:47 UTC 2025
2025-01-27 19:05:07,900 INFO c.h.h.t.HelmChartContainer - [test-hivemq-platform] [hivemq] [0251ab7c] INFO  - [HiveMQ Platform Operator Init App 1.7.0-SNAPSHOT] Using bind address 10.42.0.7 from environment variable
2025-01-27 19:05:07,938 INFO c.h.h.t.HelmChartContainer - [test-hivemq-platform] [hivemq] [10afb6ee] INFO  - [HiveMQ Platform Operator Init App 1.7.0-SNAPSHOT] Using bind address 10.42.0.6 from environment variable
2025-01-27 19:05:08,701 INFO c.h.h.t.HelmChartContainer - [test-hivemq-platform] [hivemq] [0251ab7c] INFO  - [HiveMQ Platform Operator Init App 1.7.0-SNAPSHOT] HiveMQ Platform Operator Init App 1.7.0-SNAPSHOT (commit: bebf408 on branch: HEAD) built on Sun Jan 26 20:47:47 UTC 2025
2025-01-27 19:05:08,701 INFO c.h.h.t.HelmChartContainer - [test-hivemq-platform] [hivemq] [0251ab7c] INFO  - [HiveMQ Platform Operator Init App 1.7.0-SNAPSHOT] PodInfo ConfigMap directory: /etc/podinfo
2025-01-27 19:05:08,701 INFO c.h.h.t.HelmChartContainer - [test-hivemq-platform] [hivemq] [0251ab7c] INFO  - [HiveMQ Platform Operator Init App 1.7.0-SNAPSHOT] HiveMQ home directory: /opt/hivemq
2025-01-27 19:05:08,701 INFO c.h.h.t.HelmChartContainer - [test-hivemq-platform] [hivemq] [0251ab7c] INFO  - [HiveMQ Platform Operator Init App 1.7.0-SNAPSHOT] HiveMQ Logback folder: /opt/hivemq/conf
2025-01-27 19:05:08,701 INFO c.h.h.t.HelmChartContainer - [test-hivemq-platform] [hivemq] [0251ab7c] INFO  - [HiveMQ Platform Operator Init App 1.7.0-SNAPSHOT] HiveMQ Config folder: /opt/hivemq/conf-k8s
2025-01-27 19:05:08,702 INFO c.h.h.t.HelmChartContainer - [test-hivemq-platform] [hivemq] [0251ab7c] INFO  - [HiveMQ Platform Operator Init App 1.7.0-SNAPSHOT] Starting HiveMQ Platform Operator Init App
2025-01-27 19:05:08,702 INFO c.h.h.t.HelmChartContainer - [test-hivemq-platform] [hivemq] [0251ab7c] INFO  - [HiveMQ Platform Operator Init App 1.7.0-SNAPSHOT] Starting Pod reconciler
2025-01-27 19:05:08,923 INFO c.h.h.t.HelmChartContainer - [test-hivemq-platform] [hivemq] [10afb6ee] INFO  - [HiveMQ Platform Operator Init App 1.7.0-SNAPSHOT] HiveMQ Platform Operator Init App 1.7.0-SNAPSHOT (commit: bebf408 on branch: HEAD) built on Sun Jan 26 20:47:47 UTC 2025
2025-01-27 19:05:08,924 INFO c.h.h.t.HelmChartContainer - [test-hivemq-platform] [hivemq] [10afb6ee] INFO  - [HiveMQ Platform Operator Init App 1.7.0-SNAPSHOT] PodInfo ConfigMap directory: /etc/podinfo
2025-01-27 19:05:08,924 INFO c.h.h.t.HelmChartContainer - [test-hivemq-platform] [hivemq] [10afb6ee] INFO  - [HiveMQ Platform Operator Init App 1.7.0-SNAPSHOT] HiveMQ home directory: /opt/hivemq
2025-01-27 19:05:08,924 INFO c.h.h.t.HelmChartContainer - [test-hivemq-platform] [hivemq] [10afb6ee] INFO  - [HiveMQ Platform Operator Init App 1.7.0-SNAPSHOT] HiveMQ Logback folder: /opt/hivemq/conf
2025-01-27 19:05:08,924 INFO c.h.h.t.HelmChartContainer - [test-hivemq-platform] [hivemq] [10afb6ee] INFO  - [HiveMQ Platform Operator Init App 1.7.0-SNAPSHOT] HiveMQ Config folder: /opt/hivemq/conf-k8s
2025-01-27 19:05:08,926 INFO c.h.h.t.HelmChartContainer - [test-hivemq-platform] [hivemq] [10afb6ee] INFO  - [HiveMQ Platform Operator Init App 1.7.0-SNAPSHOT] Starting HiveMQ Platform Operator Init App
2025-01-27 19:05:08,926 INFO c.h.h.t.HelmChartContainer - [test-hivemq-platform] [hivemq] [10afb6ee] INFO  - [HiveMQ Platform Operator Init App 1.7.0-SNAPSHOT] Starting Pod reconciler
2025-01-27 19:05:09,980 INFO c.h.h.t.HelmChartContainer - [test-hivemq-platform] [hivemq] [0251ab7c] INFO  - [HiveMQ Platform Operator Init App 1.7.0-SNAPSHOT] Pod reconciler is scheduled (interval: 5000 ms)
2025-01-27 19:05:09,982 INFO c.h.h.t.HelmChartContainer - [test-hivemq-platform] [hivemq] [0251ab7c] INFO  - [HiveMQ Platform Operator Init App 1.7.0-SNAPSHOT] Starting the REST API on 10.42.0.7:7979
2025-01-27 19:05:09,984 INFO c.h.h.t.HelmChartContainer - [test-hivemq-platform] [hivemq] [0251ab7c] INFO  - [HiveMQ Platform Operator Init App 1.7.0-SNAPSHOT] Waiting up to 600s for at most 1 HiveMQ nodes in cluster service hivemq-test-hivemq-platform-beta-cluster.customoperatornamespacesit-beta.svc
2025-01-27 19:05:10,080 INFO c.h.h.t.HelmChartContainer - [test-hivemq-platform] [hivemq] [10afb6ee] INFO  - [HiveMQ Platform Operator Init App 1.7.0-SNAPSHOT] Pod reconciler is scheduled (interval: 5000 ms)
2025-01-27 19:05:10,081 INFO c.h.h.t.HelmChartContainer - [test-hivemq-platform] [hivemq] [10afb6ee] INFO  - [HiveMQ Platform Operator Init App 1.7.0-SNAPSHOT] Starting the REST API on 10.42.0.6:7979
2025-01-27 19:05:10,123 INFO c.h.h.t.HelmChartContainer - [test-hivemq-platform] [hivemq] [10afb6ee] INFO  - [HiveMQ Platform Operator Init App 1.7.0-SNAPSHOT] Waiting up to 600s for at most 1 HiveMQ nodes in cluster service hivemq-test-hivemq-platform-alpha-cluster.customoperatornamespacesit-alpha.svc
2025-01-27 19:05:10,305 INFO c.h.h.t.HelmChartContainer - [test-hivemq-platform] [hivemq] [0251ab7c] INFO  - [HiveMQ Platform Operator Init App 1.7.0-SNAPSHOT] Resolved 1 IP addresses: [10.42.0.7]
2025-01-27 19:05:10,305 INFO c.h.h.t.HelmChartContainer - [test-hivemq-platform] [hivemq] [0251ab7c] INFO  - [HiveMQ Platform Operator Init App 1.7.0-SNAPSHOT] HiveMQ node count of 1 is within threshold of 1
2025-01-27 19:05:10,305 INFO c.h.h.t.HelmChartContainer - [test-hivemq-platform] [hivemq] [0251ab7c] INFO  - [HiveMQ Platform Operator Init App 1.7.0-SNAPSHOT] Proceeding with container start
2025-01-27 19:05:10,400 INFO c.h.h.t.HelmChartContainer - [test-hivemq-platform] [hivemq] [0251ab7c] INFO  - [HiveMQ Platform Operator Init App 1.7.0-SNAPSHOT] Initializing HiveMQ Platform extensions with initial configuration: {hivemq-allow-all-extension={start-priority=-1, skip-https-hostname-verification=false, restart=true, config-version=0, header-version=0, c-uri=, priority=-1, uri=preinstalled, skip-https-certificate-validation=false, enabled=true}, hivemq-prometheus-extension={request-header-path=no-request-headers, enabled=true, restart=true, priority=-1, start-priority=-1, c-uri=, skip-https-hostname-verification=false, skip-https-certificate-validation=false, uri=preinstalled}}
2025-01-27 19:05:10,430 INFO c.h.h.t.HelmChartContainer - [test-hivemq-platform] [hivemq] [10afb6ee] INFO  - [HiveMQ Platform Operator Init App 1.7.0-SNAPSHOT] Resolved 1 IP addresses: [10.42.0.6]
2025-01-27 19:05:10,430 INFO c.h.h.t.HelmChartContainer - [test-hivemq-platform] [hivemq] [10afb6ee] INFO  - [HiveMQ Platform Operator Init App 1.7.0-SNAPSHOT] HiveMQ node count of 1 is within threshold of 1
2025-01-27 19:05:10,430 INFO c.h.h.t.HelmChartContainer - [test-hivemq-platform] [hivemq] [10afb6ee] INFO  - [HiveMQ Platform Operator Init App 1.7.0-SNAPSHOT] Proceeding with container start
2025-01-27 19:05:10,526 INFO c.h.h.t.HelmChartContainer - [test-hivemq-platform] [hivemq] [10afb6ee] INFO  - [HiveMQ Platform Operator Init App 1.7.0-SNAPSHOT] Initializing HiveMQ Platform extensions with initial configuration: {hivemq-allow-all-extension={start-priority=-1, skip-https-hostname-verification=false, restart=true, config-version=0, header-version=0, c-uri=, priority=-1, uri=preinstalled, skip-https-certificate-validation=false, enabled=true}, hivemq-prometheus-extension={enabled=true, restart=true, priority=-1, start-priority=-1, c-uri=, skip-https-hostname-verification=false, skip-https-certificate-validation=false, uri=preinstalled, request-header-path=no-request-headers}}
2025-01-27 19:05:10,887 INFO c.h.h.t.HelmChartContainer - [test-hivemq-platform] [hivemq] [0251ab7c] INFO  - [HiveMQ Platform Operator Init App 1.7.0-SNAPSHOT] Extension hivemq-allow-all-extension was already enabled
2025-01-27 19:05:10,898 INFO c.h.h.t.HelmChartContainer - [test-hivemq-platform] [hivemq] [0251ab7c] INFO  - [HiveMQ Platform Operator Init App 1.7.0-SNAPSHOT] Successfully enabled extension hivemq-prometheus-extension
2025-01-27 19:05:10,978 INFO c.h.h.t.HelmChartContainer - [test-hivemq-platform] [hivemq] [0251ab7c] INFO  - [HiveMQ Platform Operator Init App 1.7.0-SNAPSHOT] Starting HiveMQ Platform version 4.35.0 (4.35.0)
2025-01-27 19:05:10,979 INFO c.h.h.t.HelmChartContainer - [test-hivemq-platform] [hivemq] [0251ab7c] INFO  - [HiveMQ Platform Operator Init App 1.7.0-SNAPSHOT] Configuring the HiveMQ Platform
2025-01-27 19:05:10,990 INFO c.h.h.t.HelmChartContainer - [test-hivemq-platform] [hivemq] [0251ab7c] INFO  - [HiveMQ Platform Operator Init App 1.7.0-SNAPSHOT] Changed logback.xml file scan period to 20 seconds
2025-01-27 19:05:11,020 INFO c.h.h.t.HelmChartContainer - [test-hivemq-platform] [hivemq] [10afb6ee] INFO  - [HiveMQ Platform Operator Init App 1.7.0-SNAPSHOT] Extension hivemq-allow-all-extension was already enabled
2025-01-27 19:05:11,063 INFO c.h.h.t.HelmChartContainer - [test-hivemq-platform] [hivemq] [10afb6ee] INFO  - [HiveMQ Platform Operator Init App 1.7.0-SNAPSHOT] Successfully enabled extension hivemq-prometheus-extension
2025-01-27 19:05:11,064 INFO c.h.h.t.HelmChartContainer - [test-hivemq-platform] [hivemq] [10afb6ee] INFO  - [HiveMQ Platform Operator Init App 1.7.0-SNAPSHOT] Starting HiveMQ Platform version 4.35.0 (4.35.0)
2025-01-27 19:05:11,064 INFO c.h.h.t.HelmChartContainer - [test-hivemq-platform] [hivemq] [10afb6ee] INFO  - [HiveMQ Platform Operator Init App 1.7.0-SNAPSHOT] Configuring the HiveMQ Platform
2025-01-27 19:05:11,086 INFO c.h.h.t.HelmChartContainer - [test-hivemq-platform] [hivemq] [0251ab7c] INFO  - [HiveMQ Platform Operator Init App 1.7.0-SNAPSHOT] Starting the HiveMQ Platform
2025-01-27 19:05:11,089 INFO c.h.h.t.HelmChartContainer - [test-hivemq-platform] [hivemq] [0251ab7c] -------------------------------------------------------------------------
2025-01-27 19:05:11,089 INFO c.h.h.t.HelmChartContainer - [test-hivemq-platform] [hivemq] [0251ab7c] 
2025-01-27 19:05:11,089 INFO c.h.h.t.HelmChartContainer - [test-hivemq-platform] [hivemq] [0251ab7c]                   _    _  _              __  __   ____
2025-01-27 19:05:11,089 INFO c.h.h.t.HelmChartContainer - [test-hivemq-platform] [hivemq] [0251ab7c]                  | |  | |(_)            |  \/  | / __ \
2025-01-27 19:05:11,091 INFO c.h.h.t.HelmChartContainer - [test-hivemq-platform] [hivemq] [0251ab7c]                  | |__| | _ __   __ ___ | \  / || |  | |
2025-01-27 19:05:11,091 INFO c.h.h.t.HelmChartContainer - [test-hivemq-platform] [hivemq] [0251ab7c]                  |  __  || |\ \ / // _ \| |\/| || |  | |
2025-01-27 19:05:11,091 INFO c.h.h.t.HelmChartContainer - [test-hivemq-platform] [hivemq] [0251ab7c]                  | |  | || | \ V /|  __/| |  | || |__| |
2025-01-27 19:05:11,091 INFO c.h.h.t.HelmChartContainer - [test-hivemq-platform] [hivemq] [0251ab7c]                  |_|  |_||_|  \_/  \___||_|  |_| \___\_\
2025-01-27 19:05:11,091 INFO c.h.h.t.HelmChartContainer - [test-hivemq-platform] [hivemq] [0251ab7c] 
2025-01-27 19:05:11,091 INFO c.h.h.t.HelmChartContainer - [test-hivemq-platform] [hivemq] [0251ab7c] -------------------------------------------------------------------------
2025-01-27 19:05:11,091 INFO c.h.h.t.HelmChartContainer - [test-hivemq-platform] [hivemq] [0251ab7c] 
2025-01-27 19:05:11,091 INFO c.h.h.t.HelmChartContainer - [test-hivemq-platform] [hivemq] [0251ab7c]   HiveMQ Start Script for Linux/Unix v1.14
2025-01-27 19:05:11,091 INFO c.h.h.t.HelmChartContainer - [test-hivemq-platform] [hivemq] [0251ab7c] 
2025-01-27 19:05:11,158 INFO c.h.h.t.HelmChartContainer - [test-hivemq-platform] [hivemq] [10afb6ee] INFO  - [HiveMQ Platform Operator Init App 1.7.0-SNAPSHOT] Changed logback.xml file scan period to 20 seconds
2025-01-27 19:05:11,188 INFO c.h.h.t.HelmChartContainer - [test-hivemq-platform] [hivemq] [0251ab7c] -------------------------------------------------------------------------
2025-01-27 19:05:11,189 INFO c.h.h.t.HelmChartContainer - [test-hivemq-platform] [hivemq] [0251ab7c] 
2025-01-27 19:05:11,189 INFO c.h.h.t.HelmChartContainer - [test-hivemq-platform] [hivemq] [0251ab7c]   HIVEMQ_HOME: /opt/hivemq
2025-01-27 19:05:11,189 INFO c.h.h.t.HelmChartContainer - [test-hivemq-platform] [hivemq] [0251ab7c] 
2025-01-27 19:05:11,189 INFO c.h.h.t.HelmChartContainer - [test-hivemq-platform] [hivemq] [0251ab7c]   JAVA_OPTS: -XX:+UnlockExperimentalVMOptions -XX:InitialRAMPercentage=50 -XX:MaxRAMPercentage=50 -Djava.net.preferIPv4Stack=true --add-opens java.base/java.lang=ALL-UNNAMED --add-opens java.base/java.nio=ALL-UNNAMED --add-opens java.base/sun.nio.ch=ALL-UNNAMED --add-opens jdk.management/com.sun.management.internal=ALL-UNNAMED --add-exports java.base/jdk.internal.misc=ALL-UNNAMED -Djava.security.egd=file:/dev/./urandom -Dcom.sun.management.jmxremote -Dcom.sun.management.jmxremote.port=9010 -Dcom.sun.management.jmxremote.local.only=false -Dcom.sun.management.jmxremote.authenticate=false -Dcom.sun.management.jmxremote.ssl=false -Duser.language=en -Duser.region=US -XX:+CrashOnOutOfMemoryError -XX:+HeapDumpOnOutOfMemoryError
2025-01-27 19:05:11,189 INFO c.h.h.t.HelmChartContainer - [test-hivemq-platform] [hivemq] [0251ab7c] 
2025-01-27 19:05:11,189 INFO c.h.h.t.HelmChartContainer - [test-hivemq-platform] [hivemq] [0251ab7c]   JAVA_VERSION: 21
2025-01-27 19:05:11,189 INFO c.h.h.t.HelmChartContainer - [test-hivemq-platform] [hivemq] [0251ab7c] 
2025-01-27 19:05:11,189 INFO c.h.h.t.HelmChartContainer - [test-hivemq-platform] [hivemq] [0251ab7c] -------------------------------------------------------------------------
2025-01-27 19:05:11,189 INFO c.h.h.t.HelmChartContainer - [test-hivemq-platform] [hivemq] [0251ab7c] 
2025-01-27 19:05:11,225 INFO c.h.h.t.HelmChartContainer - [test-hivemq-platform] [hivemq] [10afb6ee] INFO  - [HiveMQ Platform Operator Init App 1.7.0-SNAPSHOT] Starting the HiveMQ Platform
2025-01-27 19:05:11,227 INFO c.h.h.t.HelmChartContainer - [test-hivemq-platform] [hivemq] [10afb6ee] -------------------------------------------------------------------------
2025-01-27 19:05:11,228 INFO c.h.h.t.HelmChartContainer - [test-hivemq-platform] [hivemq] [10afb6ee] 
2025-01-27 19:05:11,228 INFO c.h.h.t.HelmChartContainer - [test-hivemq-platform] [hivemq] [10afb6ee]                   _    _  _              __  __   ____
2025-01-27 19:05:11,228 INFO c.h.h.t.HelmChartContainer - [test-hivemq-platform] [hivemq] [10afb6ee]                  | |  | |(_)            |  \/  | / __ \
2025-01-27 19:05:11,228 INFO c.h.h.t.HelmChartContainer - [test-hivemq-platform] [hivemq] [10afb6ee]                  | |__| | _ __   __ ___ | \  / || |  | |
2025-01-27 19:05:11,228 INFO c.h.h.t.HelmChartContainer - [test-hivemq-platform] [hivemq] [10afb6ee]                  |  __  || |\ \ / // _ \| |\/| || |  | |
2025-01-27 19:05:11,228 INFO c.h.h.t.HelmChartContainer - [test-hivemq-platform] [hivemq] [10afb6ee]                  | |  | || | \ V /|  __/| |  | || |__| |
2025-01-27 19:05:11,228 INFO c.h.h.t.HelmChartContainer - [test-hivemq-platform] [hivemq] [10afb6ee]                  |_|  |_||_|  \_/  \___||_|  |_| \___\_\
2025-01-27 19:05:11,228 INFO c.h.h.t.HelmChartContainer - [test-hivemq-platform] [hivemq] [10afb6ee] 
2025-01-27 19:05:11,229 INFO c.h.h.t.HelmChartContainer - [test-hivemq-platform] [hivemq] [10afb6ee] -------------------------------------------------------------------------
2025-01-27 19:05:11,229 INFO c.h.h.t.HelmChartContainer - [test-hivemq-platform] [hivemq] [10afb6ee] 
2025-01-27 19:05:11,229 INFO c.h.h.t.HelmChartContainer - [test-hivemq-platform] [hivemq] [10afb6ee]   HiveMQ Start Script for Linux/Unix v1.14
2025-01-27 19:05:11,229 INFO c.h.h.t.HelmChartContainer - [test-hivemq-platform] [hivemq] [10afb6ee] 
2025-01-27 19:05:11,325 INFO c.h.h.t.HelmChartContainer - [test-hivemq-platform] [hivemq] [10afb6ee] -------------------------------------------------------------------------
2025-01-27 19:05:11,325 INFO c.h.h.t.HelmChartContainer - [test-hivemq-platform] [hivemq] [10afb6ee] 
2025-01-27 19:05:11,325 INFO c.h.h.t.HelmChartContainer - [test-hivemq-platform] [hivemq] [10afb6ee]   HIVEMQ_HOME: /opt/hivemq
2025-01-27 19:05:11,325 INFO c.h.h.t.HelmChartContainer - [test-hivemq-platform] [hivemq] [10afb6ee] 
2025-01-27 19:05:11,325 INFO c.h.h.t.HelmChartContainer - [test-hivemq-platform] [hivemq] [10afb6ee]   JAVA_OPTS: -XX:+UnlockExperimentalVMOptions -XX:InitialRAMPercentage=50 -XX:MaxRAMPercentage=50 -Djava.net.preferIPv4Stack=true --add-opens java.base/java.lang=ALL-UNNAMED --add-opens java.base/java.nio=ALL-UNNAMED --add-opens java.base/sun.nio.ch=ALL-UNNAMED --add-opens jdk.management/com.sun.management.internal=ALL-UNNAMED --add-exports java.base/jdk.internal.misc=ALL-UNNAMED -Djava.security.egd=file:/dev/./urandom -Dcom.sun.management.jmxremote -Dcom.sun.management.jmxremote.port=9010 -Dcom.sun.management.jmxremote.local.only=false -Dcom.sun.management.jmxremote.authenticate=false -Dcom.sun.management.jmxremote.ssl=false -Duser.language=en -Duser.region=US -XX:+CrashOnOutOfMemoryError -XX:+HeapDumpOnOutOfMemoryError
2025-01-27 19:05:11,325 INFO c.h.h.t.HelmChartContainer - [test-hivemq-platform] [hivemq] [10afb6ee] 
2025-01-27 19:05:11,325 INFO c.h.h.t.HelmChartContainer - [test-hivemq-platform] [hivemq] [10afb6ee]   JAVA_VERSION: 21
2025-01-27 19:05:11,325 INFO c.h.h.t.HelmChartContainer - [test-hivemq-platform] [hivemq] [10afb6ee] 
2025-01-27 19:05:11,325 INFO c.h.h.t.HelmChartContainer - [test-hivemq-platform] [hivemq] [10afb6ee] -------------------------------------------------------------------------
2025-01-27 19:05:11,325 INFO c.h.h.t.HelmChartContainer - [test-hivemq-platform] [hivemq] [10afb6ee] 
2025-01-27 19:05:12,464 INFO c.h.h.t.HelmChartContainer - [test-hivemq-platform] [hivemq] [10afb6ee] INFO  - [HiveMQ Platform Operator Init App 1.7.0-SNAPSHOT] Returning default Health API response 503 for readiness
2025-01-27 19:05:12,487 INFO c.h.h.t.HelmChartContainer - [test-hivemq-platform] [hivemq] [0251ab7c] INFO  - [HiveMQ Platform Operator Init App 1.7.0-SNAPSHOT] Returning default Health API response 503 for readiness
2025-01-27 19:05:12,883 INFO c.h.h.t.HelmChartContainer - [EVENT] Warning [Unhealthy] Readiness probe failed: HTTP probe failed with statuscode: 503 [customoperatornamespacesit-beta:test-hivemq-platform-beta-0]
2025-01-27 19:05:12,883 INFO c.h.h.t.HelmChartContainer - Received Unhealthy event for container hivemq in pod test-hivemq-platform-beta-0 [0251ab7c-407c-46c5-9693-758850d65d44]
2025-01-27 19:05:13,060 INFO c.h.h.t.HelmChartContainer - [EVENT] Warning [Unhealthy] Readiness probe failed: HTTP probe failed with statuscode: 503 [customoperatornamespacesit-alpha:test-hivemq-platform-alpha-0]
2025-01-27 19:05:13,060 INFO c.h.h.t.HelmChartContainer - Received Unhealthy event for container hivemq in pod test-hivemq-platform-alpha-0 [10afb6ee-a90a-42d8-8794-abc40ee5d54a]
2025-01-27 19:05:13,688 INFO c.h.h.t.HelmChartContainer - [test-hivemq-platform] [hivemq] [0251ab7c] INFO  - Starting HiveMQ Enterprise Server
2025-01-27 19:05:13,694 INFO c.h.h.t.HelmChartContainer - [test-hivemq-platform] [hivemq] [0251ab7c] INFO  - HiveMQ version: 4.35.0
2025-01-27 19:05:13,694 INFO c.h.h.t.HelmChartContainer - [test-hivemq-platform] [hivemq] [0251ab7c] INFO  - HiveMQ home directory: /opt/hivemq
2025-01-27 19:05:13,694 INFO c.h.h.t.HelmChartContainer - [test-hivemq-platform] [hivemq] [0251ab7c] INFO  - Log Configuration was overridden by /opt/hivemq/conf/logback.xml
2025-01-27 19:05:13,920 INFO c.h.h.t.HelmChartContainer - [test-hivemq-platform] [hivemq] [10afb6ee] INFO  - Starting HiveMQ Enterprise Server
2025-01-27 19:05:13,958 INFO c.h.h.t.HelmChartContainer - [test-hivemq-platform] [hivemq] [10afb6ee] INFO  - HiveMQ version: 4.35.0
2025-01-27 19:05:13,958 INFO c.h.h.t.HelmChartContainer - [test-hivemq-platform] [hivemq] [10afb6ee] INFO  - HiveMQ home directory: /opt/hivemq
2025-01-27 19:05:13,959 INFO c.h.h.t.HelmChartContainer - [test-hivemq-platform] [hivemq] [10afb6ee] INFO  - Log Configuration was overridden by /opt/hivemq/conf/logback.xml
2025-01-27 19:05:14,801 INFO c.h.h.t.HelmChartContainer - [test-hivemq-platform] [hivemq] [0251ab7c] INFO  - Successfully loaded configuration from '/opt/hivemq/conf-k8s/config.xml'.
2025-01-27 19:05:15,165 INFO c.h.h.t.HelmChartContainer - [test-hivemq-platform] [hivemq] [10afb6ee] INFO  - Successfully loaded configuration from '/opt/hivemq/conf-k8s/config.xml'.
2025-01-27 19:05:15,288 INFO c.h.h.t.HelmChartContainer - [test-hivemq-platform] [hivemq] [0251ab7c] INFO  - This node's ID is noyNQ
2025-01-27 19:05:15,288 INFO c.h.h.t.HelmChartContainer - [test-hivemq-platform] [hivemq] [0251ab7c] INFO  - Clustering is enabled
2025-01-27 19:05:15,823 INFO c.h.h.t.HelmChartContainer - [test-hivemq-platform] [hivemq] [10afb6ee] INFO  - This node's ID is sIvSK
2025-01-27 19:05:15,823 INFO c.h.h.t.HelmChartContainer - [test-hivemq-platform] [hivemq] [10afb6ee] INFO  - Clustering is enabled
2025-01-27 19:05:16,654 INFO c.h.h.t.HelmChartContainer - [hivemq-test-hivemq-platform] [hivemq-platform-operator] [608a705e] 19:05:16.652 [pool-6-thread-31] DEBUG c.h.p.o.d.PlatformServiceResource - [customop] Desired Platform services (3 services)
2025-01-27 19:05:16,657 INFO c.h.h.t.HelmChartContainer - [hivemq-test-hivemq-platform] [hivemq-platform-operator] [608a705e] 19:05:16.655 [pool-6-thread-28] DEBUG c.h.p.o.dependants.PodInfoConfigMap - [customop] Desired PodInfo ConfigMap (1 extensions) (1 enabled)
2025-01-27 19:05:16,658 INFO c.h.h.t.HelmChartContainer - [hivemq-test-hivemq-platform] [hivemq-platform-operator] [608a705e] 19:05:16.656 [pool-6-thread-28] DEBUG c.h.p.o.dependants.PodInfoConfigMap - [customop] Desired PodInfo ConfigMap (metrics port: 9399) (metrics path: /)
2025-01-27 19:05:16,659 INFO c.h.h.t.HelmChartContainer - [hivemq-test-hivemq-platform] [hivemq-platform-operator] [608a705e] 19:05:16.657 [pool-6-thread-28] DEBUG c.h.p.o.dependants.PodInfoConfigMap - [customop] Desired PodInfo ConfigMap (extension state hash: -1817474005)
2025-01-27 19:05:16,665 INFO c.h.h.t.HelmChartContainer - [hivemq-test-hivemq-platform] [hivemq-platform-operator] [608a705e] 19:05:16.663 [pool-6-thread-30] DEBUG c.h.p.o.d.PodServiceAccountResource - [customop] Desired PodServiceAccountResource (serviceAccountName: hivemq-platform-pod-test-hivemq-platform-beta)
2025-01-27 19:05:16,670 INFO c.h.h.t.HelmChartContainer - [hivemq-test-hivemq-platform] [hivemq-platform-operator] [608a705e] 19:05:16.668 [pool-6-thread-40] DEBUG c.h.p.o.d.StatefulSetResource - [customop] Desired StatefulSet (1 replicas) for status STARTING (READY)
2025-01-27 19:05:16,741 INFO c.h.h.t.HelmChartContainer - [hivemq-test-hivemq-platform] [hivemq-platform-operator] [608a705e] 19:05:16.739 [pool-6-thread-49] DEBUG c.h.p.o.d.PlatformServiceResource - [customop] Desired Platform services (3 services)
2025-01-27 19:05:16,742 INFO c.h.h.t.HelmChartContainer - [hivemq-test-hivemq-platform] [hivemq-platform-operator] [608a705e] 19:05:16.739 [pool-6-thread-45] DEBUG c.h.p.o.dependants.PodInfoConfigMap - [customop] Desired PodInfo ConfigMap (1 extensions) (1 enabled)
2025-01-27 19:05:16,742 INFO c.h.h.t.HelmChartContainer - [hivemq-test-hivemq-platform] [hivemq-platform-operator] [608a705e] 19:05:16.739 [pool-6-thread-45] DEBUG c.h.p.o.dependants.PodInfoConfigMap - [customop] Desired PodInfo ConfigMap (metrics port: 9399) (metrics path: /)
2025-01-27 19:05:16,742 INFO c.h.h.t.HelmChartContainer - [hivemq-test-hivemq-platform] [hivemq-platform-operator] [608a705e] 19:05:16.739 [pool-6-thread-45] DEBUG c.h.p.o.dependants.PodInfoConfigMap - [customop] Desired PodInfo ConfigMap (extension state hash: -1817474005)
2025-01-27 19:05:16,742 INFO c.h.h.t.HelmChartContainer - [hivemq-test-hivemq-platform] [hivemq-platform-operator] [608a705e] 19:05:16.740 [pool-6-thread-43] DEBUG c.h.p.o.d.PodServiceAccountResource - [customop] Desired PodServiceAccountResource (serviceAccountName: hivemq-platform-pod-test-hivemq-platform-alpha)
2025-01-27 19:05:16,743 INFO c.h.h.t.HelmChartContainer - [hivemq-test-hivemq-platform] [hivemq-platform-operator] [608a705e] 19:05:16.741 [ReconcilerExecutor-hivemq-controller-127] INFO  c.h.p.o.HiveMQPlatformReconciler - [customop] Reconciling HiveMQ Platform 'test-hivemq-platform-beta' in namespace 'customoperatornamespacesit-beta'
2025-01-27 19:05:16,743 INFO c.h.h.t.HelmChartContainer - [hivemq-test-hivemq-platform] [hivemq-platform-operator] [608a705e] 19:05:16.741 [ReconcilerExecutor-hivemq-controller-127] DEBUG c.h.p.o.HiveMQPlatformReconciler - [customop] Custom Resource Status STARTING - HiveMQ Platform is starting (READY)
2025-01-27 19:05:16,743 INFO c.h.h.t.HelmChartContainer - [hivemq-test-hivemq-platform] [hivemq-platform-operator] [608a705e] 19:05:16.741 [ReconcilerExecutor-hivemq-controller-127] DEBUG c.h.p.o.HiveMQPlatformReconciler - [customop] Custom Resource Spec (replicas: 1) (extensions: 1)
2025-01-27 19:05:16,757 INFO c.h.h.t.HelmChartContainer - [hivemq-test-hivemq-platform] [hivemq-platform-operator] [608a705e] 19:05:16.755 [ReconcilerExecutor-hivemq-controller-127] DEBUG c.h.p.o.HiveMQPlatformReconciler - [customop] StatefulSet Status (revision: test-hivemq-platform-beta-6b6c59884b, replicas: 1, available: 0, ready: 0, current: 1, updated: 1)
2025-01-27 19:05:16,757 INFO c.h.h.t.HelmChartContainer - [hivemq-test-hivemq-platform] [hivemq-platform-operator] [608a705e] 19:05:16.755 [ReconcilerExecutor-hivemq-controller-127] DEBUG c.h.p.o.HiveMQPlatformReconciler - [customop] StatefulSet Spec (replicas: 1, init containers: 1, containers: 1, volumes: 3)
2025-01-27 19:05:16,757 INFO c.h.h.t.HelmChartContainer - [hivemq-test-hivemq-platform] [hivemq-platform-operator] [608a705e] 19:05:16.756 [ReconcilerExecutor-hivemq-controller-127] DEBUG c.h.p.o.h.HiveMQPlatformReconcilerErrorHandler - [customop] Pod 'test-hivemq-platform-beta-0' phase Running
2025-01-27 19:05:16,760 INFO c.h.h.t.HelmChartContainer - [hivemq-test-hivemq-platform] [hivemq-platform-operator] [608a705e] 19:05:16.760 [ReconcilerExecutor-hivemq-controller-127] INFO  c.h.p.o.h.HiveMQPlatformReconcilerBaseHandler - [customop] HiveMQ Platform is starting, 0 of 1 replicas are ready
2025-01-27 19:05:16,765 INFO c.h.h.t.HelmChartContainer - [hivemq-test-hivemq-platform] [hivemq-platform-operator] [608a705e] 19:05:16.761 [pool-6-thread-45] DEBUG c.h.p.o.d.StatefulSetResource - [customop] Desired StatefulSet (1 replicas) for status STARTING (READY)
2025-01-27 19:05:16,837 INFO c.h.h.t.HelmChartContainer - [hivemq-test-hivemq-platform] [hivemq-platform-operator] [608a705e] 19:05:16.835 [ReconcilerExecutor-hivemq-controller-128] INFO  c.h.p.o.HiveMQPlatformReconciler - [customop] Reconciling HiveMQ Platform 'test-hivemq-platform-alpha' in namespace 'customoperatornamespacesit-alpha'
2025-01-27 19:05:16,837 INFO c.h.h.t.HelmChartContainer - [hivemq-test-hivemq-platform] [hivemq-platform-operator] [608a705e] 19:05:16.835 [ReconcilerExecutor-hivemq-controller-128] DEBUG c.h.p.o.HiveMQPlatformReconciler - [customop] Custom Resource Status STARTING - HiveMQ Platform is starting (READY)
2025-01-27 19:05:16,837 INFO c.h.h.t.HelmChartContainer - [hivemq-test-hivemq-platform] [hivemq-platform-operator] [608a705e] 19:05:16.836 [ReconcilerExecutor-hivemq-controller-128] DEBUG c.h.p.o.HiveMQPlatformReconciler - [customop] Custom Resource Spec (replicas: 1) (extensions: 1)
2025-01-27 19:05:16,839 INFO c.h.h.t.HelmChartContainer - [hivemq-test-hivemq-platform] [hivemq-platform-operator] [608a705e] 19:05:16.838 [ReconcilerExecutor-hivemq-controller-128] DEBUG c.h.p.o.HiveMQPlatformReconciler - [customop] StatefulSet Status (revision: test-hivemq-platform-alpha-6fb9b47d6b, replicas: 1, available: 0, ready: 0, current: 1, updated: 1)
2025-01-27 19:05:16,840 INFO c.h.h.t.HelmChartContainer - [hivemq-test-hivemq-platform] [hivemq-platform-operator] [608a705e] 19:05:16.838 [ReconcilerExecutor-hivemq-controller-128] DEBUG c.h.p.o.HiveMQPlatformReconciler - [customop] StatefulSet Spec (replicas: 1, init containers: 1, containers: 1, volumes: 3)
2025-01-27 19:05:16,841 INFO c.h.h.t.HelmChartContainer - [hivemq-test-hivemq-platform] [hivemq-platform-operator] [608a705e] 19:05:16.839 [ReconcilerExecutor-hivemq-controller-128] DEBUG c.h.p.o.h.HiveMQPlatformReconcilerErrorHandler - [customop] Pod 'test-hivemq-platform-alpha-0' phase Running
2025-01-27 19:05:16,842 INFO c.h.h.t.HelmChartContainer - [hivemq-test-hivemq-platform] [hivemq-platform-operator] [608a705e] 19:05:16.840 [ReconcilerExecutor-hivemq-controller-128] INFO  c.h.p.o.h.HiveMQPlatformReconcilerBaseHandler - [customop] HiveMQ Platform is starting, 0 of 1 replicas are ready
2025-01-27 19:05:17,883 INFO c.h.h.t.HelmChartContainer - [test-hivemq-platform] [hivemq] [0251ab7c] WARN  - [HiveMQ Platform Operator Init App 1.7.0-SNAPSHOT] Cannot connect to Health API for readiness: null
2025-01-27 19:05:17,891 INFO c.h.h.t.HelmChartContainer - [EVENT] Warning [Unhealthy] Readiness probe failed: HTTP probe failed with statuscode: 503 [customoperatornamespacesit-beta:test-hivemq-platform-beta-0]
2025-01-27 19:05:17,891 INFO c.h.h.t.HelmChartContainer - Received Unhealthy event for container hivemq in pod test-hivemq-platform-beta-0 [0251ab7c-407c-46c5-9693-758850d65d44]
2025-01-27 19:05:17,960 INFO c.h.h.t.HelmChartContainer - [test-hivemq-platform] [hivemq] [10afb6ee] WARN  - [HiveMQ Platform Operator Init App 1.7.0-SNAPSHOT] Cannot connect to Health API for readiness: null
2025-01-27 19:05:17,965 INFO c.h.h.t.HelmChartContainer - [EVENT] Warning [Unhealthy] Readiness probe failed: HTTP probe failed with statuscode: 503 [customoperatornamespacesit-alpha:test-hivemq-platform-alpha-0]
2025-01-27 19:05:17,965 INFO c.h.h.t.HelmChartContainer - Received Unhealthy event for container hivemq in pod test-hivemq-platform-alpha-0 [10afb6ee-a90a-42d8-8794-abc40ee5d54a]
2025-01-27 19:05:20,283 INFO c.h.h.t.HelmChartContainer - [test-hivemq-platform] [hivemq] [0251ab7c] Jan 27, 2025 7:05:20 PM io.vertx.core.impl.BlockedThreadChecker
2025-01-27 19:05:20,283 INFO c.h.h.t.HelmChartContainer - [test-hivemq-platform] [hivemq] [0251ab7c] WARNING: Thread Thread[vert.x-eventloop-thread-1,5,main] has been blocked for 2697 ms, time limit is 2000 ms
2025-01-27 19:05:20,448 INFO c.h.h.t.HelmChartContainer - [test-hivemq-platform] [hivemq] [10afb6ee] Jan 27, 2025 7:05:20 PM io.vertx.core.impl.BlockedThreadChecker
2025-01-27 19:05:20,448 INFO c.h.h.t.HelmChartContainer - [test-hivemq-platform] [hivemq] [10afb6ee] WARNING: Thread Thread[vert.x-eventloop-thread-1,5,main] has been blocked for 2197 ms, time limit is 2000 ms
2025-01-27 19:05:20,984 INFO c.h.h.t.HelmChartContainer - [test-hivemq-platform] [hivemq] [0251ab7c] INFO  - [HiveMQ Platform Operator Init App 1.7.0-SNAPSHOT] Updating Pod HiveMQ Platform Operator Init App version annotation (version: 1.7.0-SNAPSHOT)
2025-01-27 19:05:21,381 INFO c.h.h.t.HelmChartContainer - [test-hivemq-platform] [hivemq] [10afb6ee] Jan 27, 2025 7:05:21 PM io.vertx.core.impl.BlockedThreadChecker
2025-01-27 19:05:21,381 INFO c.h.h.t.HelmChartContainer - [test-hivemq-platform] [hivemq] [10afb6ee] WARNING: Thread Thread[vert.x-eventloop-thread-1,5,main] has been blocked for 3197 ms, time limit is 2000 ms
2025-01-27 19:05:21,422 INFO c.h.h.t.HelmChartContainer - [test-hivemq-platform] [hivemq] [10afb6ee] INFO  - [HiveMQ Platform Operator Init App 1.7.0-SNAPSHOT] Updating Pod HiveMQ Platform Operator Init App version annotation (version: 1.7.0-SNAPSHOT)
2025-01-27 19:05:21,699 INFO c.h.h.t.HelmChartContainer - [POD] test-hivemq-platform-beta-0 [0251ab7c-407c-46c5-9693-758850d65d44] in customoperatornamespacesit-beta was MODIFIED
2025-01-27 19:05:21,707 INFO c.h.h.t.HelmChartContainer - [hivemq-test-hivemq-platform] [hivemq-platform-operator] [608a705e] 19:05:21.706 [pool-6-thread-8] DEBUG c.h.p.o.d.PlatformServiceResource - [customop] Desired Platform services (3 services)
2025-01-27 19:05:21,710 INFO c.h.h.t.HelmChartContainer - [hivemq-test-hivemq-platform] [hivemq-platform-operator] [608a705e] 19:05:21.709 [pool-6-thread-7] DEBUG c.h.p.o.dependants.PodInfoConfigMap - [customop] Desired PodInfo ConfigMap (1 extensions) (1 enabled)
2025-01-27 19:05:21,712 INFO c.h.h.t.HelmChartContainer - [hivemq-test-hivemq-platform] [hivemq-platform-operator] [608a705e] 19:05:21.711 [pool-6-thread-7] DEBUG c.h.p.o.dependants.PodInfoConfigMap - [customop] Desired PodInfo ConfigMap (metrics port: 9399) (metrics path: /)
2025-01-27 19:05:21,715 INFO c.h.h.t.HelmChartContainer - [hivemq-test-hivemq-platform] [hivemq-platform-operator] [608a705e] 19:05:21.711 [pool-6-thread-7] DEBUG c.h.p.o.dependants.PodInfoConfigMap - [customop] Desired PodInfo ConfigMap (extension state hash: -1817474005)
2025-01-27 19:05:21,716 INFO c.h.h.t.HelmChartContainer - [hivemq-test-hivemq-platform] [hivemq-platform-operator] [608a705e] 19:05:21.711 [pool-6-thread-16] DEBUG c.h.p.o.d.PodServiceAccountResource - [customop] Desired PodServiceAccountResource (serviceAccountName: hivemq-platform-pod-test-hivemq-platform-beta)
2025-01-27 19:05:21,722 INFO c.h.h.t.HelmChartContainer - [hivemq-test-hivemq-platform] [hivemq-platform-operator] [608a705e] 19:05:21.721 [pool-6-thread-8] DEBUG c.h.p.o.d.StatefulSetResource - [customop] Desired StatefulSet (1 replicas) for status STARTING (READY)
2025-01-27 19:05:21,764 INFO c.h.h.t.HelmChartContainer - [hivemq-test-hivemq-platform] [hivemq-platform-operator] [608a705e] 19:05:21.758 [ReconcilerExecutor-hivemq-controller-129] INFO  c.h.p.o.HiveMQPlatformReconciler - [customop] Reconciling HiveMQ Platform 'test-hivemq-platform-beta' in namespace 'customoperatornamespacesit-beta'
2025-01-27 19:05:21,764 INFO c.h.h.t.HelmChartContainer - [hivemq-test-hivemq-platform] [hivemq-platform-operator] [608a705e] 19:05:21.759 [ReconcilerExecutor-hivemq-controller-129] DEBUG c.h.p.o.HiveMQPlatformReconciler - [customop] Custom Resource Status STARTING - HiveMQ Platform is starting (READY)
2025-01-27 19:05:21,765 INFO c.h.h.t.HelmChartContainer - [hivemq-test-hivemq-platform] [hivemq-platform-operator] [608a705e] 19:05:21.759 [ReconcilerExecutor-hivemq-controller-129] DEBUG c.h.p.o.HiveMQPlatformReconciler - [customop] Custom Resource Spec (replicas: 1) (extensions: 1)
2025-01-27 19:05:21,765 INFO c.h.h.t.HelmChartContainer - [hivemq-test-hivemq-platform] [hivemq-platform-operator] [608a705e] 19:05:21.764 [ReconcilerExecutor-hivemq-controller-129] DEBUG c.h.p.o.HiveMQPlatformReconciler - [customop] StatefulSet Status (revision: test-hivemq-platform-beta-6b6c59884b, replicas: 1, available: 0, ready: 0, current: 1, updated: 1)
2025-01-27 19:05:21,767 INFO c.h.h.t.HelmChartContainer - [hivemq-test-hivemq-platform] [hivemq-platform-operator] [608a705e] 19:05:21.766 [ReconcilerExecutor-hivemq-controller-129] DEBUG c.h.p.o.HiveMQPlatformReconciler - [customop] StatefulSet Spec (replicas: 1, init containers: 1, containers: 1, volumes: 3)
2025-01-27 19:05:21,822 INFO c.h.h.t.HelmChartContainer - [hivemq-test-hivemq-platform] [hivemq-platform-operator] [608a705e] 19:05:21.770 [ReconcilerExecutor-hivemq-controller-129] DEBUG c.h.p.o.h.HiveMQPlatformReconcilerErrorHandler - [customop] Pod 'test-hivemq-platform-beta-0' phase Running
2025-01-27 19:05:21,822 INFO c.h.h.t.HelmChartContainer - [test-hivemq-platform] [hivemq] [0251ab7c] WARN  - [HiveMQ Platform Operator Init App 1.7.0-SNAPSHOT] Cannot connect to Health API for readiness: null
2025-01-27 19:05:21,823 INFO c.h.h.t.HelmChartContainer - [test-hivemq-platform] [hivemq] [0251ab7c] INFO  - [HiveMQ Platform Operator Init App 1.7.0-SNAPSHOT] Successfully updated Pod HiveMQ Platform Operator Init App version annotation (version: 1.7.0-SNAPSHOT)
2025-01-27 19:05:21,823 INFO c.h.h.t.HelmChartContainer - [hivemq-test-hivemq-platform] [hivemq-platform-operator] [608a705e] 19:05:21.771 [ReconcilerExecutor-hivemq-controller-129] INFO  c.h.p.o.h.HiveMQPlatformReconcilerBaseHandler - [customop] HiveMQ Platform is starting, 0 of 1 replicas are ready
2025-01-27 19:05:21,824 INFO c.h.h.t.HelmChartContainer - [EVENT] Warning [Unhealthy] Readiness probe failed: HTTP probe failed with statuscode: 503 [customoperatornamespacesit-beta:test-hivemq-platform-beta-0]
2025-01-27 19:05:21,824 INFO c.h.h.t.HelmChartContainer - Received Unhealthy event for container hivemq in pod test-hivemq-platform-beta-0 [0251ab7c-407c-46c5-9693-758850d65d44]
2025-01-27 19:05:21,972 INFO c.h.h.t.HelmChartContainer - [POD] test-hivemq-platform-alpha-0 [10afb6ee-a90a-42d8-8794-abc40ee5d54a] in customoperatornamespacesit-alpha was MODIFIED
2025-01-27 19:05:22,020 INFO c.h.h.t.HelmChartContainer - [hivemq-test-hivemq-platform] [hivemq-platform-operator] [608a705e] 19:05:22.016 [pool-6-thread-14] DEBUG c.h.p.o.d.PlatformServiceResource - [customop] Desired Platform services (3 services)
2025-01-27 19:05:22,020 INFO c.h.h.t.HelmChartContainer - [hivemq-test-hivemq-platform] [hivemq-platform-operator] [608a705e] 19:05:22.018 [pool-6-thread-11] DEBUG c.h.p.o.dependants.PodInfoConfigMap - [customop] Desired PodInfo ConfigMap (1 extensions) (1 enabled)
2025-01-27 19:05:22,022 INFO c.h.h.t.HelmChartContainer - [test-hivemq-platform] [hivemq] [10afb6ee] INFO  - [HiveMQ Platform Operator Init App 1.7.0-SNAPSHOT] Successfully updated Pod HiveMQ Platform Operator Init App version annotation (version: 1.7.0-SNAPSHOT)
2025-01-27 19:05:22,055 INFO c.h.h.t.HelmChartContainer - [hivemq-test-hivemq-platform] [hivemq-platform-operator] [608a705e] 19:05:22.053 [pool-6-thread-11] DEBUG c.h.p.o.dependants.PodInfoConfigMap - [customop] Desired PodInfo ConfigMap (metrics port: 9399) (metrics path: /)
2025-01-27 19:05:22,055 INFO c.h.h.t.HelmChartContainer - [hivemq-test-hivemq-platform] [hivemq-platform-operator] [608a705e] 19:05:22.053 [pool-6-thread-11] DEBUG c.h.p.o.dependants.PodInfoConfigMap - [customop] Desired PodInfo ConfigMap (extension state hash: -1817474005)
2025-01-27 19:05:22,057 INFO c.h.h.t.HelmChartContainer - [hivemq-test-hivemq-platform] [hivemq-platform-operator] [608a705e] 19:05:22.055 [pool-6-thread-13] DEBUG c.h.p.o.d.PodServiceAccountResource - [customop] Desired PodServiceAccountResource (serviceAccountName: hivemq-platform-pod-test-hivemq-platform-alpha)
2025-01-27 19:05:22,061 INFO c.h.h.t.HelmChartContainer - [test-hivemq-platform] [hivemq] [10afb6ee] WARN  - [HiveMQ Platform Operator Init App 1.7.0-SNAPSHOT] Cannot connect to Health API for readiness: null
2025-01-27 19:05:22,070 INFO c.h.h.t.HelmChartContainer - [EVENT] Warning [Unhealthy] Readiness probe failed: HTTP probe failed with statuscode: 503 [customoperatornamespacesit-alpha:test-hivemq-platform-alpha-0]
2025-01-27 19:05:22,070 INFO c.h.h.t.HelmChartContainer - Received Unhealthy event for container hivemq in pod test-hivemq-platform-alpha-0 [10afb6ee-a90a-42d8-8794-abc40ee5d54a]
2025-01-27 19:05:22,073 INFO c.h.h.t.HelmChartContainer - [hivemq-test-hivemq-platform] [hivemq-platform-operator] [608a705e] 19:05:22.072 [pool-6-thread-14] DEBUG c.h.p.o.d.StatefulSetResource - [customop] Desired StatefulSet (1 replicas) for status STARTING (READY)
2025-01-27 19:05:22,082 INFO c.h.h.t.HelmChartContainer - [hivemq-test-hivemq-platform] [hivemq-platform-operator] [608a705e] 19:05:22.076 [ReconcilerExecutor-hivemq-controller-130] INFO  c.h.p.o.HiveMQPlatformReconciler - [customop] Reconciling HiveMQ Platform 'test-hivemq-platform-alpha' in namespace 'customoperatornamespacesit-alpha'
2025-01-27 19:05:22,082 INFO c.h.h.t.HelmChartContainer - [hivemq-test-hivemq-platform] [hivemq-platform-operator] [608a705e] 19:05:22.077 [ReconcilerExecutor-hivemq-controller-130] DEBUG c.h.p.o.HiveMQPlatformReconciler - [customop] Custom Resource Status STARTING - HiveMQ Platform is starting (READY)
2025-01-27 19:05:22,083 INFO c.h.h.t.HelmChartContainer - [hivemq-test-hivemq-platform] [hivemq-platform-operator] [608a705e] 19:05:22.077 [ReconcilerExecutor-hivemq-controller-130] DEBUG c.h.p.o.HiveMQPlatformReconciler - [customop] Custom Resource Spec (replicas: 1) (extensions: 1)
2025-01-27 19:05:22,120 INFO c.h.h.t.HelmChartContainer - [hivemq-test-hivemq-platform] [hivemq-platform-operator] [608a705e] 19:05:22.085 [ReconcilerExecutor-hivemq-controller-130] DEBUG c.h.p.o.HiveMQPlatformReconciler - [customop] StatefulSet Status (revision: test-hivemq-platform-alpha-6fb9b47d6b, replicas: 1, available: 0, ready: 0, current: 1, updated: 1)
2025-01-27 19:05:22,120 INFO c.h.h.t.HelmChartContainer - [hivemq-test-hivemq-platform] [hivemq-platform-operator] [608a705e] 19:05:22.085 [ReconcilerExecutor-hivemq-controller-130] DEBUG c.h.p.o.HiveMQPlatformReconciler - [customop] StatefulSet Spec (replicas: 1, init containers: 1, containers: 1, volumes: 3)
2025-01-27 19:05:22,157 INFO c.h.h.t.HelmChartContainer - [hivemq-test-hivemq-platform] [hivemq-platform-operator] [608a705e] 19:05:22.154 [ReconcilerExecutor-hivemq-controller-130] DEBUG c.h.p.o.h.HiveMQPlatformReconcilerErrorHandler - [customop] Pod 'test-hivemq-platform-alpha-0' phase Running
2025-01-27 19:05:22,158 INFO c.h.h.t.HelmChartContainer - [hivemq-test-hivemq-platform] [hivemq-platform-operator] [608a705e] 19:05:22.155 [ReconcilerExecutor-hivemq-controller-130] INFO  c.h.p.o.h.HiveMQPlatformReconcilerBaseHandler - [customop] HiveMQ Platform is starting, 0 of 1 replicas are ready
2025-01-27 19:05:26,756 INFO c.h.h.t.HelmChartContainer - [test-hivemq-platform] [hivemq] [0251ab7c] WARN  - [HiveMQ Platform Operator Init App 1.7.0-SNAPSHOT] Cannot connect to Health API for readiness: null
2025-01-27 19:05:26,757 INFO c.h.h.t.HelmChartContainer - [EVENT] Warning [Unhealthy] Readiness probe failed: HTTP probe failed with statuscode: 503 [customoperatornamespacesit-beta:test-hivemq-platform-beta-0]
2025-01-27 19:05:26,757 INFO c.h.h.t.HelmChartContainer - Received Unhealthy event for container hivemq in pod test-hivemq-platform-beta-0 [0251ab7c-407c-46c5-9693-758850d65d44]
2025-01-27 19:05:26,973 INFO c.h.h.t.HelmChartContainer - [test-hivemq-platform] [hivemq] [10afb6ee] WARN  - [HiveMQ Platform Operator Init App 1.7.0-SNAPSHOT] Cannot connect to Health API for readiness: null
2025-01-27 19:05:26,979 INFO c.h.h.t.HelmChartContainer - [EVENT] Warning [Unhealthy] Readiness probe failed: HTTP probe failed with statuscode: 503 [customoperatornamespacesit-alpha:test-hivemq-platform-alpha-0]
2025-01-27 19:05:26,979 INFO c.h.h.t.HelmChartContainer - Received Unhealthy event for container hivemq in pod test-hivemq-platform-alpha-0 [10afb6ee-a90a-42d8-8794-abc40ee5d54a]
2025-01-27 19:05:31,751 INFO c.h.h.t.HelmChartContainer - [test-hivemq-platform] [hivemq] [0251ab7c] WARN  - [HiveMQ Platform Operator Init App 1.7.0-SNAPSHOT] Cannot connect to Health API for readiness: null
2025-01-27 19:05:31,756 INFO c.h.h.t.HelmChartContainer - [EVENT] Warning [Unhealthy] Readiness probe failed: HTTP probe failed with statuscode: 503 [customoperatornamespacesit-beta:test-hivemq-platform-beta-0]
2025-01-27 19:05:31,756 INFO c.h.h.t.HelmChartContainer - Received Unhealthy event for container hivemq in pod test-hivemq-platform-beta-0 [0251ab7c-407c-46c5-9693-758850d65d44]
2025-01-27 19:05:31,782 INFO c.h.h.t.HelmChartContainer - [hivemq-test-hivemq-platform] [hivemq-platform-operator] [608a705e] 19:05:31.780 [pool-6-thread-24] DEBUG c.h.p.o.d.PlatformServiceResource - [customop] Desired Platform services (3 services)
2025-01-27 19:05:31,785 INFO c.h.h.t.HelmChartContainer - [hivemq-test-hivemq-platform] [hivemq-platform-operator] [608a705e] 19:05:31.784 [pool-6-thread-35] DEBUG c.h.p.o.dependants.PodInfoConfigMap - [customop] Desired PodInfo ConfigMap (1 extensions) (1 enabled)
2025-01-27 19:05:31,787 INFO c.h.h.t.HelmChartContainer - [hivemq-test-hivemq-platform] [hivemq-platform-operator] [608a705e] 19:05:31.786 [pool-6-thread-35] DEBUG c.h.p.o.dependants.PodInfoConfigMap - [customop] Desired PodInfo ConfigMap (metrics port: 9399) (metrics path: /)
2025-01-27 19:05:31,790 INFO c.h.h.t.HelmChartContainer - [hivemq-test-hivemq-platform] [hivemq-platform-operator] [608a705e] 19:05:31.786 [pool-6-thread-35] DEBUG c.h.p.o.dependants.PodInfoConfigMap - [customop] Desired PodInfo ConfigMap (extension state hash: -1817474005)
2025-01-27 19:05:31,792 INFO c.h.h.t.HelmChartContainer - [hivemq-test-hivemq-platform] [hivemq-platform-operator] [608a705e] 19:05:31.785 [pool-6-thread-25] DEBUG c.h.p.o.d.PodServiceAccountResource - [customop] Desired PodServiceAccountResource (serviceAccountName: hivemq-platform-pod-test-hivemq-platform-beta)
2025-01-27 19:05:31,796 INFO c.h.h.t.HelmChartContainer - [hivemq-test-hivemq-platform] [hivemq-platform-operator] [608a705e] 19:05:31.795 [pool-6-thread-35] DEBUG c.h.p.o.d.StatefulSetResource - [customop] Desired StatefulSet (1 replicas) for status STARTING (READY)
2025-01-27 19:05:31,800 INFO c.h.h.t.HelmChartContainer - [hivemq-test-hivemq-platform] [hivemq-platform-operator] [608a705e] 19:05:31.799 [ReconcilerExecutor-hivemq-controller-131] INFO  c.h.p.o.HiveMQPlatformReconciler - [customop] Reconciling HiveMQ Platform 'test-hivemq-platform-beta' in namespace 'customoperatornamespacesit-beta'
2025-01-27 19:05:31,801 INFO c.h.h.t.HelmChartContainer - [hivemq-test-hivemq-platform] [hivemq-platform-operator] [608a705e] 19:05:31.799 [ReconcilerExecutor-hivemq-controller-131] DEBUG c.h.p.o.HiveMQPlatformReconciler - [customop] Custom Resource Status STARTING - HiveMQ Platform is starting (READY)
2025-01-27 19:05:31,801 INFO c.h.h.t.HelmChartContainer - [hivemq-test-hivemq-platform] [hivemq-platform-operator] [608a705e] 19:05:31.800 [ReconcilerExecutor-hivemq-controller-131] DEBUG c.h.p.o.HiveMQPlatformReconciler - [customop] Custom Resource Spec (replicas: 1) (extensions: 1)
2025-01-27 19:05:31,803 INFO c.h.h.t.HelmChartContainer - [hivemq-test-hivemq-platform] [hivemq-platform-operator] [608a705e] 19:05:31.802 [ReconcilerExecutor-hivemq-controller-131] DEBUG c.h.p.o.HiveMQPlatformReconciler - [customop] StatefulSet Status (revision: test-hivemq-platform-beta-6b6c59884b, replicas: 1, available: 0, ready: 0, current: 1, updated: 1)
2025-01-27 19:05:31,803 INFO c.h.h.t.HelmChartContainer - [hivemq-test-hivemq-platform] [hivemq-platform-operator] [608a705e] 19:05:31.802 [ReconcilerExecutor-hivemq-controller-131] DEBUG c.h.p.o.HiveMQPlatformReconciler - [customop] StatefulSet Spec (replicas: 1, init containers: 1, containers: 1, volumes: 3)
2025-01-27 19:05:31,805 INFO c.h.h.t.HelmChartContainer - [hivemq-test-hivemq-platform] [hivemq-platform-operator] [608a705e] 19:05:31.804 [ReconcilerExecutor-hivemq-controller-131] DEBUG c.h.p.o.h.HiveMQPlatformReconcilerErrorHandler - [customop] Pod 'test-hivemq-platform-beta-0' phase Running
2025-01-27 19:05:31,805 INFO c.h.h.t.HelmChartContainer - [hivemq-test-hivemq-platform] [hivemq-platform-operator] [608a705e] 19:05:31.804 [ReconcilerExecutor-hivemq-controller-131] INFO  c.h.p.o.h.HiveMQPlatformReconcilerBaseHandler - [customop] HiveMQ Platform is starting, 0 of 1 replicas are ready
2025-01-27 19:05:31,974 INFO c.h.h.t.HelmChartContainer - [test-hivemq-platform] [hivemq] [10afb6ee] WARN  - [HiveMQ Platform Operator Init App 1.7.0-SNAPSHOT] Cannot connect to Health API for readiness: null
2025-01-27 19:05:31,978 INFO c.h.h.t.HelmChartContainer - [EVENT] Warning [Unhealthy] Readiness probe failed: HTTP probe failed with statuscode: 503 [customoperatornamespacesit-alpha:test-hivemq-platform-alpha-0]
2025-01-27 19:05:31,978 INFO c.h.h.t.HelmChartContainer - Received Unhealthy event for container hivemq in pod test-hivemq-platform-alpha-0 [10afb6ee-a90a-42d8-8794-abc40ee5d54a]
2025-01-27 19:05:32,170 INFO c.h.h.t.HelmChartContainer - [hivemq-test-hivemq-platform] [hivemq-platform-operator] [608a705e] 19:05:32.166 [pool-6-thread-23] DEBUG c.h.p.o.d.PlatformServiceResource - [customop] Desired Platform services (3 services)
2025-01-27 19:05:32,172 INFO c.h.h.t.HelmChartContainer - [hivemq-test-hivemq-platform] [hivemq-platform-operator] [608a705e] 19:05:32.169 [pool-6-thread-30] DEBUG c.h.p.o.d.PodServiceAccountResource - [customop] Desired PodServiceAccountResource (serviceAccountName: hivemq-platform-pod-test-hivemq-platform-alpha)
2025-01-27 19:05:32,172 INFO c.h.h.t.HelmChartContainer - [hivemq-test-hivemq-platform] [hivemq-platform-operator] [608a705e] 19:05:32.169 [pool-6-thread-26] DEBUG c.h.p.o.dependants.PodInfoConfigMap - [customop] Desired PodInfo ConfigMap (1 extensions) (1 enabled)
2025-01-27 19:05:32,172 INFO c.h.h.t.HelmChartContainer - [hivemq-test-hivemq-platform] [hivemq-platform-operator] [608a705e] 19:05:32.169 [pool-6-thread-26] DEBUG c.h.p.o.dependants.PodInfoConfigMap - [customop] Desired PodInfo ConfigMap (metrics port: 9399) (metrics path: /)
2025-01-27 19:05:32,172 INFO c.h.h.t.HelmChartContainer - [hivemq-test-hivemq-platform] [hivemq-platform-operator] [608a705e] 19:05:32.169 [pool-6-thread-26] DEBUG c.h.p.o.dependants.PodInfoConfigMap - [customop] Desired PodInfo ConfigMap (extension state hash: -1817474005)
2025-01-27 19:05:32,177 INFO c.h.h.t.HelmChartContainer - [hivemq-test-hivemq-platform] [hivemq-platform-operator] [608a705e] 19:05:32.176 [pool-6-thread-23] DEBUG c.h.p.o.d.StatefulSetResource - [customop] Desired StatefulSet (1 replicas) for status STARTING (READY)
2025-01-27 19:05:32,184 INFO c.h.h.t.HelmChartContainer - [hivemq-test-hivemq-platform] [hivemq-platform-operator] [608a705e] 19:05:32.183 [ReconcilerExecutor-hivemq-controller-132] INFO  c.h.p.o.HiveMQPlatformReconciler - [customop] Reconciling HiveMQ Platform 'test-hivemq-platform-alpha' in namespace 'customoperatornamespacesit-alpha'
2025-01-27 19:05:32,185 INFO c.h.h.t.HelmChartContainer - [hivemq-test-hivemq-platform] [hivemq-platform-operator] [608a705e] 19:05:32.184 [ReconcilerExecutor-hivemq-controller-132] DEBUG c.h.p.o.HiveMQPlatformReconciler - [customop] Custom Resource Status STARTING - HiveMQ Platform is starting (READY)
2025-01-27 19:05:32,186 INFO c.h.h.t.HelmChartContainer - [hivemq-test-hivemq-platform] [hivemq-platform-operator] [608a705e] 19:05:32.184 [ReconcilerExecutor-hivemq-controller-132] DEBUG c.h.p.o.HiveMQPlatformReconciler - [customop] Custom Resource Spec (replicas: 1) (extensions: 1)
2025-01-27 19:05:32,187 INFO c.h.h.t.HelmChartContainer - [hivemq-test-hivemq-platform] [hivemq-platform-operator] [608a705e] 19:05:32.187 [ReconcilerExecutor-hivemq-controller-132] DEBUG c.h.p.o.HiveMQPlatformReconciler - [customop] StatefulSet Status (revision: test-hivemq-platform-alpha-6fb9b47d6b, replicas: 1, available: 0, ready: 0, current: 1, updated: 1)
2025-01-27 19:05:32,187 INFO c.h.h.t.HelmChartContainer - [hivemq-test-hivemq-platform] [hivemq-platform-operator] [608a705e] 19:05:32.187 [ReconcilerExecutor-hivemq-controller-132] DEBUG c.h.p.o.HiveMQPlatformReconciler - [customop] StatefulSet Spec (replicas: 1, init containers: 1, containers: 1, volumes: 3)
2025-01-27 19:05:32,256 INFO c.h.h.t.HelmChartContainer - [hivemq-test-hivemq-platform] [hivemq-platform-operator] [608a705e] 19:05:32.254 [ReconcilerExecutor-hivemq-controller-132] DEBUG c.h.p.o.h.HiveMQPlatformReconcilerErrorHandler - [customop] Pod 'test-hivemq-platform-alpha-0' phase Running
2025-01-27 19:05:32,257 INFO c.h.h.t.HelmChartContainer - [hivemq-test-hivemq-platform] [hivemq-platform-operator] [608a705e] 19:05:32.255 [ReconcilerExecutor-hivemq-controller-132] INFO  c.h.p.o.h.HiveMQPlatformReconcilerBaseHandler - [customop] HiveMQ Platform is starting, 0 of 1 replicas are ready
2025-01-27 19:05:32,752 INFO c.h.h.t.HelmChartContainer - [test-hivemq-platform] [hivemq] [0251ab7c] WARN  - [HiveMQ Platform Operator Init App 1.7.0-SNAPSHOT] Cannot connect to Health API for liveness: null
2025-01-27 19:05:32,752 INFO c.h.h.t.HelmChartContainer - [test-hivemq-platform] [hivemq] [0251ab7c] INFO  - [HiveMQ Platform Operator Init App 1.7.0-SNAPSHOT] Returning default Health API response 200 for liveness
2025-01-27 19:05:32,762 INFO c.h.h.t.HelmChartContainer - [test-hivemq-platform] [hivemq] [10afb6ee] WARN  - [HiveMQ Platform Operator Init App 1.7.0-SNAPSHOT] Cannot connect to Health API for liveness: null
2025-01-27 19:05:32,763 INFO c.h.h.t.HelmChartContainer - [test-hivemq-platform] [hivemq] [10afb6ee] INFO  - [HiveMQ Platform Operator Init App 1.7.0-SNAPSHOT] Returning default Health API response 200 for liveness
2025-01-27 19:05:33,848 INFO c.h.h.t.HelmChartContainer - [test-hivemq-platform] [hivemq] [0251ab7c] INFO  - No valid license file found. Using trial license, restricted to 25 connections.
2025-01-27 19:05:34,159 INFO c.h.h.t.HelmChartContainer - [test-hivemq-platform] [hivemq] [10afb6ee] INFO  - No valid license file found. Using trial license, restricted to 25 connections.
2025-01-27 19:05:36,752 INFO c.h.h.t.HelmChartContainer - [test-hivemq-platform] [hivemq] [0251ab7c] WARN  - [HiveMQ Platform Operator Init App 1.7.0-SNAPSHOT] Cannot connect to Health API for readiness: null
2025-01-27 19:05:36,758 INFO c.h.h.t.HelmChartContainer - [EVENT] Warning [Unhealthy] Readiness probe failed: HTTP probe failed with statuscode: 503 [customoperatornamespacesit-beta:test-hivemq-platform-beta-0]
2025-01-27 19:05:36,758 INFO c.h.h.t.HelmChartContainer - Received Unhealthy event for container hivemq in pod test-hivemq-platform-beta-0 [0251ab7c-407c-46c5-9693-758850d65d44]
2025-01-27 19:05:36,973 INFO c.h.h.t.HelmChartContainer - [test-hivemq-platform] [hivemq] [10afb6ee] WARN  - [HiveMQ Platform Operator Init App 1.7.0-SNAPSHOT] Cannot connect to Health API for readiness: null
2025-01-27 19:05:36,979 INFO c.h.h.t.HelmChartContainer - [EVENT] Warning [Unhealthy] Readiness probe failed: HTTP probe failed with statuscode: 503 [customoperatornamespacesit-alpha:test-hivemq-platform-alpha-0]
2025-01-27 19:05:36,979 INFO c.h.h.t.HelmChartContainer - Received Unhealthy event for container hivemq in pod test-hivemq-platform-alpha-0 [10afb6ee-a90a-42d8-8794-abc40ee5d54a]
2025-01-27 19:05:37,164 INFO c.h.h.t.HelmChartContainer - [test-hivemq-platform] [hivemq] [10afb6ee] INFO  - No valid license file for Data Hub found. Using free license, restricted to 1 policy.
2025-01-27 19:05:37,790 INFO c.h.h.t.HelmChartContainer - [test-hivemq-platform] [hivemq] [0251ab7c] INFO  - No valid license file for Data Hub found. Using free license, restricted to 1 policy.
2025-01-27 19:05:38,160 INFO c.h.h.t.HelmChartContainer - [test-hivemq-platform] [hivemq] [10afb6ee] INFO  - Audit Logger started.
2025-01-27 19:05:38,472 INFO c.h.h.t.HelmChartContainer - [test-hivemq-platform] [hivemq] [10afb6ee] INFO  - This node uses '1' CPU cores.
2025-01-27 19:05:38,480 INFO c.h.h.t.HelmChartContainer - [test-hivemq-platform] [hivemq] [10afb6ee] INFO  - Starting HiveMQ Health API on address 0.0.0.0 and port 8889
2025-01-27 19:05:38,754 INFO c.h.h.t.HelmChartContainer - [test-hivemq-platform] [hivemq] [0251ab7c] INFO  - Audit Logger started.
2025-01-27 19:05:39,051 INFO c.h.h.t.HelmChartContainer - [test-hivemq-platform] [hivemq] [0251ab7c] INFO  - This node uses '1' CPU cores.
2025-01-27 19:05:39,087 INFO c.h.h.t.HelmChartContainer - [test-hivemq-platform] [hivemq] [0251ab7c] INFO  - Starting HiveMQ Health API on address 0.0.0.0 and port 8889
2025-01-27 19:05:39,374 INFO c.h.h.t.HelmChartContainer - [test-hivemq-platform] [hivemq] [10afb6ee] INFO  - Started HiveMQ Health API in 895ms
2025-01-27 19:05:39,378 INFO c.h.h.t.HelmChartContainer - [test-hivemq-platform] [hivemq] [10afb6ee] INFO  - Starting HiveMQ extension system.
2025-01-27 19:05:39,763 INFO c.h.h.t.HelmChartContainer - [test-hivemq-platform] [hivemq] [10afb6ee] INFO  - Starting extension with id "hivemq-dns-cluster-discovery" at /opt/hivemq/extensions/hivemq-dns-cluster-discovery
2025-01-27 19:05:39,955 INFO c.h.h.t.HelmChartContainer - [test-hivemq-platform] [hivemq] [0251ab7c] INFO  - Started HiveMQ Health API in 867ms
2025-01-27 19:05:39,983 INFO c.h.h.t.HelmChartContainer - [test-hivemq-platform] [hivemq] [0251ab7c] INFO  - Starting HiveMQ extension system.
2025-01-27 19:05:40,264 INFO c.h.h.t.HelmChartContainer - [test-hivemq-platform] [hivemq] [10afb6ee] INFO  - Extension "DNS Cluster Discovery Extension" version 4.3.2 started successfully.
2025-01-27 19:05:40,265 INFO c.h.h.t.HelmChartContainer - [test-hivemq-platform] [hivemq] [10afb6ee] INFO  - Starting extension with id "hivemq-prometheus-extension" at /opt/hivemq/extensions/hivemq-prometheus-extension
2025-01-27 19:05:40,287 INFO c.h.h.t.HelmChartContainer - [test-hivemq-platform] [hivemq] [0251ab7c] INFO  - Starting extension with id "hivemq-dns-cluster-discovery" at /opt/hivemq/extensions/hivemq-dns-cluster-discovery
2025-01-27 19:05:40,359 INFO c.h.h.t.HelmChartContainer - [test-hivemq-platform] [hivemq] [10afb6ee] INFO  - Using TCP cluster transport on address 10.42.0.6 and port 7000
2025-01-27 19:05:40,368 INFO c.h.h.t.HelmChartContainer - [test-hivemq-platform] [hivemq] [10afb6ee] INFO  - Using extension cluster discovery
2025-01-27 19:05:40,751 INFO c.h.h.t.HelmChartContainer - [test-hivemq-platform] [hivemq] [0251ab7c] INFO  - Using TCP cluster transport on address 10.42.0.7 and port 7000
2025-01-27 19:05:40,782 INFO c.h.h.t.HelmChartContainer - [test-hivemq-platform] [hivemq] [0251ab7c] INFO  - Using extension cluster discovery
2025-01-27 19:05:40,983 INFO c.h.h.t.HelmChartContainer - [test-hivemq-platform] [hivemq] [0251ab7c] INFO  - Extension "DNS Cluster Discovery Extension" version 4.3.2 started successfully.
2025-01-27 19:05:40,983 INFO c.h.h.t.HelmChartContainer - [test-hivemq-platform] [hivemq] [0251ab7c] INFO  - Starting extension with id "hivemq-prometheus-extension" at /opt/hivemq/extensions/hivemq-prometheus-extension
2025-01-27 19:05:41,267 INFO c.h.h.t.HelmChartContainer - [test-hivemq-platform] [hivemq] [10afb6ee] INFO  - Started Jetty Server exposing Prometheus Servlet on URI http://0.0.0.0:9399/
2025-01-27 19:05:41,267 INFO c.h.h.t.HelmChartContainer - [test-hivemq-platform] [hivemq] [10afb6ee] INFO  - Extension "Prometheus Monitoring Extension" version 4.0.12 started successfully.
2025-01-27 19:05:41,267 INFO c.h.h.t.HelmChartContainer - [test-hivemq-platform] [hivemq] [10afb6ee] INFO  - Starting extension with id "hivemq-allow-all-extension" at /opt/hivemq/extensions/hivemq-allow-all-extension
2025-01-27 19:05:41,267 INFO c.h.h.t.HelmChartContainer - [test-hivemq-platform] [hivemq] [10afb6ee] WARN  - 
2025-01-27 19:05:41,267 INFO c.h.h.t.HelmChartContainer - [test-hivemq-platform] [hivemq] [10afb6ee] ################################################################################################################
2025-01-27 19:05:41,267 INFO c.h.h.t.HelmChartContainer - [test-hivemq-platform] [hivemq] [10afb6ee] # This HiveMQ deployment is not secure! You are lacking Authentication and Authorization.                      #
2025-01-27 19:05:41,267 INFO c.h.h.t.HelmChartContainer - [test-hivemq-platform] [hivemq] [10afb6ee] # Right now any MQTT client can connect to the broker with a full set of permissions.                          #
2025-01-27 19:05:41,267 INFO c.h.h.t.HelmChartContainer - [test-hivemq-platform] [hivemq] [10afb6ee] # For production usage, add an appropriate security extension and remove the hivemq-allow-all extension.       #
2025-01-27 19:05:41,267 INFO c.h.h.t.HelmChartContainer - [test-hivemq-platform] [hivemq] [10afb6ee] # You can download security extensions from the HiveMQ Marketplace (https://www.hivemq.com/extensions/).       #
2025-01-27 19:05:41,267 INFO c.h.h.t.HelmChartContainer - [test-hivemq-platform] [hivemq] [10afb6ee] ################################################################################################################
2025-01-27 19:05:41,269 INFO c.h.h.t.HelmChartContainer - [test-hivemq-platform] [hivemq] [10afb6ee] INFO  - Extension "Allow All Extension" version 1.1.0 started successfully.
2025-01-27 19:05:41,810 INFO c.h.h.t.HelmChartContainer - [hivemq-test-hivemq-platform] [hivemq-platform-operator] [608a705e] 19:05:41.808 [pool-6-thread-42] DEBUG c.h.p.o.d.PlatformServiceResource - [customop] Desired Platform services (3 services)
2025-01-27 19:05:41,811 INFO c.h.h.t.HelmChartContainer - [hivemq-test-hivemq-platform] [hivemq-platform-operator] [608a705e] 19:05:41.809 [pool-6-thread-48] DEBUG c.h.p.o.dependants.PodInfoConfigMap - [customop] Desired PodInfo ConfigMap (1 extensions) (1 enabled)
2025-01-27 19:05:41,811 INFO c.h.h.t.HelmChartContainer - [hivemq-test-hivemq-platform] [hivemq-platform-operator] [608a705e] 19:05:41.809 [pool-6-thread-48] DEBUG c.h.p.o.dependants.PodInfoConfigMap - [customop] Desired PodInfo ConfigMap (metrics port: 9399) (metrics path: /)
2025-01-27 19:05:41,811 INFO c.h.h.t.HelmChartContainer - [hivemq-test-hivemq-platform] [hivemq-platform-operator] [608a705e] 19:05:41.809 [pool-6-thread-48] DEBUG c.h.p.o.dependants.PodInfoConfigMap - [customop] Desired PodInfo ConfigMap (extension state hash: -1817474005)
2025-01-27 19:05:41,811 INFO c.h.h.t.HelmChartContainer - [hivemq-test-hivemq-platform] [hivemq-platform-operator] [608a705e] 19:05:41.809 [pool-6-thread-46] DEBUG c.h.p.o.d.PodServiceAccountResource - [customop] Desired PodServiceAccountResource (serviceAccountName: hivemq-platform-pod-test-hivemq-platform-beta)
2025-01-27 19:05:41,815 INFO c.h.h.t.HelmChartContainer - [hivemq-test-hivemq-platform] [hivemq-platform-operator] [608a705e] 19:05:41.814 [pool-6-thread-42] DEBUG c.h.p.o.d.StatefulSetResource - [customop] Desired StatefulSet (1 replicas) for status STARTING (READY)
2025-01-27 19:05:41,817 INFO c.h.h.t.HelmChartContainer - [hivemq-test-hivemq-platform] [hivemq-platform-operator] [608a705e] 19:05:41.816 [ReconcilerExecutor-hivemq-controller-133] INFO  c.h.p.o.HiveMQPlatformReconciler - [customop] Reconciling HiveMQ Platform 'test-hivemq-platform-beta' in namespace 'customoperatornamespacesit-beta'
2025-01-27 19:05:41,819 INFO c.h.h.t.HelmChartContainer - [hivemq-test-hivemq-platform] [hivemq-platform-operator] [608a705e] 19:05:41.817 [ReconcilerExecutor-hivemq-controller-133] DEBUG c.h.p.o.HiveMQPlatformReconciler - [customop] Custom Resource Status STARTING - HiveMQ Platform is starting (READY)
2025-01-27 19:05:41,820 INFO c.h.h.t.HelmChartContainer - [hivemq-test-hivemq-platform] [hivemq-platform-operator] [608a705e] 19:05:41.817 [ReconcilerExecutor-hivemq-controller-133] DEBUG c.h.p.o.HiveMQPlatformReconciler - [customop] Custom Resource Spec (replicas: 1) (extensions: 1)
2025-01-27 19:05:41,820 INFO c.h.h.t.HelmChartContainer - [hivemq-test-hivemq-platform] [hivemq-platform-operator] [608a705e] 19:05:41.818 [ReconcilerExecutor-hivemq-controller-133] DEBUG c.h.p.o.HiveMQPlatformReconciler - [customop] StatefulSet Status (revision: test-hivemq-platform-beta-6b6c59884b, replicas: 1, available: 0, ready: 0, current: 1, updated: 1)
2025-01-27 19:05:41,820 INFO c.h.h.t.HelmChartContainer - [hivemq-test-hivemq-platform] [hivemq-platform-operator] [608a705e] 19:05:41.818 [ReconcilerExecutor-hivemq-controller-133] DEBUG c.h.p.o.HiveMQPlatformReconciler - [customop] StatefulSet Spec (replicas: 1, init containers: 1, containers: 1, volumes: 3)
2025-01-27 19:05:41,823 INFO c.h.h.t.HelmChartContainer - [hivemq-test-hivemq-platform] [hivemq-platform-operator] [608a705e] 19:05:41.819 [ReconcilerExecutor-hivemq-controller-133] DEBUG c.h.p.o.h.HiveMQPlatformReconcilerErrorHandler - [customop] Pod 'test-hivemq-platform-beta-0' phase Running
2025-01-27 19:05:41,823 INFO c.h.h.t.HelmChartContainer - [hivemq-test-hivemq-platform] [hivemq-platform-operator] [608a705e] 19:05:41.820 [ReconcilerExecutor-hivemq-controller-133] INFO  c.h.p.o.h.HiveMQPlatformReconcilerBaseHandler - [customop] HiveMQ Platform is starting, 0 of 1 replicas are ready
2025-01-27 19:05:42,150 INFO c.h.h.t.HelmChartContainer - [test-hivemq-platform] [hivemq] [0251ab7c] INFO  - Started Jetty Server exposing Prometheus Servlet on URI http://0.0.0.0:9399/
2025-01-27 19:05:42,152 INFO c.h.h.t.HelmChartContainer - [test-hivemq-platform] [hivemq] [0251ab7c] INFO  - Extension "Prometheus Monitoring Extension" version 4.0.12 started successfully.
2025-01-27 19:05:42,152 INFO c.h.h.t.HelmChartContainer - [test-hivemq-platform] [hivemq] [0251ab7c] INFO  - Starting extension with id "hivemq-allow-all-extension" at /opt/hivemq/extensions/hivemq-allow-all-extension
2025-01-27 19:05:42,152 INFO c.h.h.t.HelmChartContainer - [test-hivemq-platform] [hivemq] [0251ab7c] WARN  - 
2025-01-27 19:05:42,152 INFO c.h.h.t.HelmChartContainer - [test-hivemq-platform] [hivemq] [0251ab7c] ################################################################################################################
2025-01-27 19:05:42,152 INFO c.h.h.t.HelmChartContainer - [test-hivemq-platform] [hivemq] [0251ab7c] # This HiveMQ deployment is not secure! You are lacking Authentication and Authorization.                      #
2025-01-27 19:05:42,152 INFO c.h.h.t.HelmChartContainer - [test-hivemq-platform] [hivemq] [0251ab7c] # Right now any MQTT client can connect to the broker with a full set of permissions.                          #
2025-01-27 19:05:42,152 INFO c.h.h.t.HelmChartContainer - [test-hivemq-platform] [hivemq] [0251ab7c] # For production usage, add an appropriate security extension and remove the hivemq-allow-all extension.       #
2025-01-27 19:05:42,152 INFO c.h.h.t.HelmChartContainer - [test-hivemq-platform] [hivemq] [0251ab7c] # You can download security extensions from the HiveMQ Marketplace (https://www.hivemq.com/extensions/).       #
2025-01-27 19:05:42,152 INFO c.h.h.t.HelmChartContainer - [test-hivemq-platform] [hivemq] [0251ab7c] ################################################################################################################
2025-01-27 19:05:42,152 INFO c.h.h.t.HelmChartContainer - [test-hivemq-platform] [hivemq] [0251ab7c] INFO  - Extension "Allow All Extension" version 1.1.0 started successfully.
2025-01-27 19:05:42,266 INFO c.h.h.t.HelmChartContainer - [hivemq-test-hivemq-platform] [hivemq-platform-operator] [608a705e] 19:05:42.264 [pool-6-thread-9] DEBUG c.h.p.o.d.PlatformServiceResource - [customop] Desired Platform services (3 services)
2025-01-27 19:05:42,270 INFO c.h.h.t.HelmChartContainer - [hivemq-test-hivemq-platform] [hivemq-platform-operator] [608a705e] 19:05:42.269 [pool-6-thread-18] DEBUG c.h.p.o.d.PodServiceAccountResource - [customop] Desired PodServiceAccountResource (serviceAccountName: hivemq-platform-pod-test-hivemq-platform-alpha)
2025-01-27 19:05:42,274 INFO c.h.h.t.HelmChartContainer - [hivemq-test-hivemq-platform] [hivemq-platform-operator] [608a705e] 19:05:42.267 [pool-6-thread-10] DEBUG c.h.p.o.dependants.PodInfoConfigMap - [customop] Desired PodInfo ConfigMap (1 extensions) (1 enabled)
2025-01-27 19:05:42,275 INFO c.h.h.t.HelmChartContainer - [hivemq-test-hivemq-platform] [hivemq-platform-operator] [608a705e] 19:05:42.273 [pool-6-thread-10] DEBUG c.h.p.o.dependants.PodInfoConfigMap - [customop] Desired PodInfo ConfigMap (metrics port: 9399) (metrics path: /)
2025-01-27 19:05:42,275 INFO c.h.h.t.HelmChartContainer - [hivemq-test-hivemq-platform] [hivemq-platform-operator] [608a705e] 19:05:42.274 [pool-6-thread-10] DEBUG c.h.p.o.dependants.PodInfoConfigMap - [customop] Desired PodInfo ConfigMap (extension state hash: -1817474005)
2025-01-27 19:05:42,284 INFO c.h.h.t.HelmChartContainer - [hivemq-test-hivemq-platform] [hivemq-platform-operator] [608a705e] 19:05:42.280 [pool-6-thread-9] DEBUG c.h.p.o.d.StatefulSetResource - [customop] Desired StatefulSet (1 replicas) for status STARTING (READY)
2025-01-27 19:05:42,289 INFO c.h.h.t.HelmChartContainer - [hivemq-test-hivemq-platform] [hivemq-platform-operator] [608a705e] 19:05:42.288 [ReconcilerExecutor-hivemq-controller-134] INFO  c.h.p.o.HiveMQPlatformReconciler - [customop] Reconciling HiveMQ Platform 'test-hivemq-platform-alpha' in namespace 'customoperatornamespacesit-alpha'
2025-01-27 19:05:42,289 INFO c.h.h.t.HelmChartContainer - [hivemq-test-hivemq-platform] [hivemq-platform-operator] [608a705e] 19:05:42.288 [ReconcilerExecutor-hivemq-controller-134] DEBUG c.h.p.o.HiveMQPlatformReconciler - [customop] Custom Resource Status STARTING - HiveMQ Platform is starting (READY)
2025-01-27 19:05:42,296 INFO c.h.h.t.HelmChartContainer - [hivemq-test-hivemq-platform] [hivemq-platform-operator] [608a705e] 19:05:42.288 [ReconcilerExecutor-hivemq-controller-134] DEBUG c.h.p.o.HiveMQPlatformReconciler - [customop] Custom Resource Spec (replicas: 1) (extensions: 1)
2025-01-27 19:05:42,296 INFO c.h.h.t.HelmChartContainer - [hivemq-test-hivemq-platform] [hivemq-platform-operator] [608a705e] 19:05:42.292 [ReconcilerExecutor-hivemq-controller-134] DEBUG c.h.p.o.HiveMQPlatformReconciler - [customop] StatefulSet Status (revision: test-hivemq-platform-alpha-6fb9b47d6b, replicas: 1, available: 0, ready: 0, current: 1, updated: 1)
2025-01-27 19:05:42,296 INFO c.h.h.t.HelmChartContainer - [hivemq-test-hivemq-platform] [hivemq-platform-operator] [608a705e] 19:05:42.292 [ReconcilerExecutor-hivemq-controller-134] DEBUG c.h.p.o.HiveMQPlatformReconciler - [customop] StatefulSet Spec (replicas: 1, init containers: 1, containers: 1, volumes: 3)
2025-01-27 19:05:42,298 INFO c.h.h.t.HelmChartContainer - [hivemq-test-hivemq-platform] [hivemq-platform-operator] [608a705e] 19:05:42.295 [ReconcilerExecutor-hivemq-controller-134] DEBUG c.h.p.o.h.HiveMQPlatformReconcilerErrorHandler - [customop] Pod 'test-hivemq-platform-alpha-0' phase Running
2025-01-27 19:05:42,298 INFO c.h.h.t.HelmChartContainer - [hivemq-test-hivemq-platform] [hivemq-platform-operator] [608a705e] 19:05:42.297 [ReconcilerExecutor-hivemq-controller-134] INFO  c.h.p.o.h.HiveMQPlatformReconcilerBaseHandler - [customop] HiveMQ Platform is starting, 0 of 1 replicas are ready
2025-01-27 19:05:42,468 INFO c.h.h.t.HelmChartContainer - [test-hivemq-platform] [hivemq] [10afb6ee] INFO  - [HiveMQ Platform Operator Init App 1.7.0-SNAPSHOT] Returning Health API response 503 for readiness
2025-01-27 19:05:42,472 INFO c.h.h.t.HelmChartContainer - [EVENT] Warning [Unhealthy] Readiness probe failed: HTTP probe failed with statuscode: 503 [customoperatornamespacesit-alpha:test-hivemq-platform-alpha-0]
2025-01-27 19:05:42,472 INFO c.h.h.t.HelmChartContainer - Received Unhealthy event for container hivemq in pod test-hivemq-platform-alpha-0 [10afb6ee-a90a-42d8-8794-abc40ee5d54a]
2025-01-27 19:05:42,480 INFO c.h.h.t.HelmChartContainer - [test-hivemq-platform] [hivemq] [0251ab7c] INFO  - [HiveMQ Platform Operator Init App 1.7.0-SNAPSHOT] Returning Health API response 503 for readiness
2025-01-27 19:05:42,484 INFO c.h.h.t.HelmChartContainer - [EVENT] Warning [Unhealthy] Readiness probe failed: HTTP probe failed with statuscode: 503 [customoperatornamespacesit-beta:test-hivemq-platform-beta-0]
2025-01-27 19:05:42,484 INFO c.h.h.t.HelmChartContainer - Received Unhealthy event for container hivemq in pod test-hivemq-platform-beta-0 [0251ab7c-407c-46c5-9693-758850d65d44]
2025-01-27 19:05:43,374 INFO c.h.h.t.HelmChartContainer - [test-hivemq-platform] [hivemq] [10afb6ee] INFO  - sIvSK: no members discovered after 2308 ms: creating cluster as first member
2025-01-27 19:05:43,379 INFO c.h.h.t.HelmChartContainer - [test-hivemq-platform] [hivemq] [10afb6ee] INFO  - Cluster nodes found by discovery: [sIvSK|0] (1) [sIvSK].
2025-01-27 19:05:43,397 INFO c.h.h.t.HelmChartContainer - [test-hivemq-platform] [hivemq] [10afb6ee] INFO  - No user for HiveMQ Control Center configured. Starting with default user
2025-01-27 19:05:43,398 INFO c.h.h.t.HelmChartContainer - [test-hivemq-platform] [hivemq] [10afb6ee] INFO  - Starting HiveMQ Control Center on address 0.0.0.0 and port 8080
2025-01-27 19:05:43,460 INFO c.h.h.t.HelmChartContainer - [test-hivemq-platform] [hivemq] [10afb6ee] INFO  - Mounting HiveMQ Control Center V2 Preview
2025-01-27 19:05:43,885 INFO c.h.h.t.HelmChartContainer - [test-hivemq-platform] [hivemq] [0251ab7c] INFO  - noyNQ: no members discovered after 2599 ms: creating cluster as first member
2025-01-27 19:05:43,890 INFO c.h.h.t.HelmChartContainer - [test-hivemq-platform] [hivemq] [0251ab7c] INFO  - Cluster nodes found by discovery: [noyNQ|0] (1) [noyNQ].
2025-01-27 19:05:43,911 INFO c.h.h.t.HelmChartContainer - [test-hivemq-platform] [hivemq] [0251ab7c] INFO  - No user for HiveMQ Control Center configured. Starting with default user
2025-01-27 19:05:43,911 INFO c.h.h.t.HelmChartContainer - [test-hivemq-platform] [hivemq] [0251ab7c] INFO  - Starting HiveMQ Control Center on address 0.0.0.0 and port 8080
2025-01-27 19:05:43,981 INFO c.h.h.t.HelmChartContainer - [test-hivemq-platform] [hivemq] [0251ab7c] INFO  - Mounting HiveMQ Control Center V2 Preview
2025-01-27 19:05:44,070 INFO c.h.h.t.HelmChartContainer - [test-hivemq-platform] [hivemq] [10afb6ee] INFO  - Started HiveMQ Control Center in 671ms
2025-01-27 19:05:44,167 INFO c.h.h.t.HelmChartContainer - [test-hivemq-platform] [hivemq] [10afb6ee] INFO  - Starting TCP listener on address 0.0.0.0 and port 1883
2025-01-27 19:05:44,257 INFO c.h.h.t.HelmChartContainer - [test-hivemq-platform] [hivemq] [10afb6ee] INFO  - Started TCP Listener on address 0.0.0.0 and on port 1883.
2025-01-27 19:05:44,258 INFO c.h.h.t.HelmChartContainer - [test-hivemq-platform] [hivemq] [10afb6ee] INFO  - Started HiveMQ in 30696ms
2025-01-27 19:05:44,583 INFO c.h.h.t.HelmChartContainer - [test-hivemq-platform] [hivemq] [0251ab7c] INFO  - Started HiveMQ Control Center in 672ms
2025-01-27 19:05:44,598 INFO c.h.h.t.HelmChartContainer - [test-hivemq-platform] [hivemq] [0251ab7c] INFO  - Starting TCP listener on address 0.0.0.0 and port 1883
2025-01-27 19:05:44,683 INFO c.h.h.t.HelmChartContainer - [test-hivemq-platform] [hivemq] [0251ab7c] INFO  - Started TCP Listener on address 0.0.0.0 and on port 1883.
2025-01-27 19:05:44,684 INFO c.h.h.t.HelmChartContainer - [test-hivemq-platform] [hivemq] [0251ab7c] INFO  - Started HiveMQ in 31332ms
2025-01-27 19:05:46,704 INFO c.h.h.t.HelmChartContainer - [test-hivemq-platform] [hivemq] [0251ab7c] INFO  - [HiveMQ Platform Operator Init App 1.7.0-SNAPSHOT] Returning Health API response 200 for readiness
2025-01-27 19:05:46,718 INFO c.h.h.t.HelmChartContainer - [POD] test-hivemq-platform-beta-0 [0251ab7c-407c-46c5-9693-758850d65d44] in customoperatornamespacesit-beta was MODIFIED
2025-01-27 19:05:46,730 INFO c.h.h.t.HelmChartContainer - [hivemq-test-hivemq-platform] [hivemq-platform-operator] [608a705e] 19:05:46.723 [pool-6-thread-6] DEBUG c.h.p.o.d.PlatformServiceResource - [customop] Desired Platform services (3 services)
2025-01-27 19:05:46,730 INFO c.h.h.t.HelmChartContainer - [hivemq-test-hivemq-platform] [hivemq-platform-operator] [608a705e] 19:05:46.724 [pool-6-thread-20] DEBUG c.h.p.o.dependants.PodInfoConfigMap - [customop] Desired PodInfo ConfigMap (1 extensions) (1 enabled)
2025-01-27 19:05:46,730 INFO c.h.h.t.HelmChartContainer - [hivemq-test-hivemq-platform] [hivemq-platform-operator] [608a705e] 19:05:46.725 [pool-6-thread-20] DEBUG c.h.p.o.dependants.PodInfoConfigMap - [customop] Desired PodInfo ConfigMap (metrics port: 9399) (metrics path: /)
2025-01-27 19:05:46,730 INFO c.h.h.t.HelmChartContainer - [hivemq-test-hivemq-platform] [hivemq-platform-operator] [608a705e] 19:05:46.725 [pool-6-thread-20] DEBUG c.h.p.o.dependants.PodInfoConfigMap - [customop] Desired PodInfo ConfigMap (extension state hash: -1817474005)
2025-01-27 19:05:46,735 INFO c.h.h.t.HelmChartContainer - [hivemq-test-hivemq-platform] [hivemq-platform-operator] [608a705e] 19:05:46.729 [pool-6-thread-20] DEBUG c.h.p.o.d.PodServiceAccountResource - [customop] Desired PodServiceAccountResource (serviceAccountName: hivemq-platform-pod-test-hivemq-platform-beta)
2025-01-27 19:05:46,735 INFO c.h.h.t.HelmChartContainer - [hivemq-test-hivemq-platform] [hivemq-platform-operator] [608a705e] 19:05:46.731 [pool-6-thread-6] DEBUG c.h.p.o.d.StatefulSetResource - [customop] Desired StatefulSet (1 replicas) for status STARTING (READY)
2025-01-27 19:05:46,739 INFO c.h.h.t.HelmChartContainer - [hivemq-test-hivemq-platform] [hivemq-platform-operator] [608a705e] 19:05:46.738 [ReconcilerExecutor-hivemq-controller-135] INFO  c.h.p.o.HiveMQPlatformReconciler - [customop] Reconciling HiveMQ Platform 'test-hivemq-platform-beta' in namespace 'customoperatornamespacesit-beta'
2025-01-27 19:05:46,740 INFO c.h.h.t.HelmChartContainer - [hivemq-test-hivemq-platform] [hivemq-platform-operator] [608a705e] 19:05:46.738 [ReconcilerExecutor-hivemq-controller-135] DEBUG c.h.p.o.HiveMQPlatformReconciler - [customop] Custom Resource Status STARTING - HiveMQ Platform is starting (READY)
2025-01-27 19:05:46,740 INFO c.h.h.t.HelmChartContainer - [hivemq-test-hivemq-platform] [hivemq-platform-operator] [608a705e] 19:05:46.738 [ReconcilerExecutor-hivemq-controller-135] DEBUG c.h.p.o.HiveMQPlatformReconciler - [customop] Custom Resource Spec (replicas: 1) (extensions: 1)
2025-01-27 19:05:46,740 INFO c.h.h.t.HelmChartContainer - [hivemq-test-hivemq-platform] [hivemq-platform-operator] [608a705e] 19:05:46.739 [ReconcilerExecutor-hivemq-controller-135] DEBUG c.h.p.o.HiveMQPlatformReconciler - [customop] StatefulSet Status (revision: test-hivemq-platform-beta-6b6c59884b, replicas: 1, available: 0, ready: 0, current: 1, updated: 1)
2025-01-27 19:05:46,740 INFO c.h.h.t.HelmChartContainer - [hivemq-test-hivemq-platform] [hivemq-platform-operator] [608a705e] 19:05:46.739 [ReconcilerExecutor-hivemq-controller-135] DEBUG c.h.p.o.HiveMQPlatformReconciler - [customop] StatefulSet Spec (replicas: 1, init containers: 1, containers: 1, volumes: 3)
2025-01-27 19:05:46,756 INFO c.h.h.t.HelmChartContainer - [hivemq-test-hivemq-platform] [hivemq-platform-operator] [608a705e] 19:05:46.754 [ReconcilerExecutor-hivemq-controller-135] DEBUG c.h.p.o.h.HiveMQPlatformReconcilerErrorHandler - [customop] Pod 'test-hivemq-platform-beta-0' phase Running
2025-01-27 19:05:46,756 INFO c.h.h.t.HelmChartContainer - [hivemq-test-hivemq-platform] [hivemq-platform-operator] [608a705e] 19:05:46.755 [ReconcilerExecutor-hivemq-controller-135] INFO  c.h.p.o.h.HiveMQPlatformReconcilerBaseHandler - [customop] HiveMQ Platform is starting, 0 of 1 replicas are ready
2025-01-27 19:05:46,763 INFO c.h.h.t.HelmChartContainer - [hivemq-test-hivemq-platform] [hivemq-platform-operator] [608a705e] 19:05:46.758 [pool-6-thread-5] DEBUG c.h.p.o.d.PlatformServiceResource - [customop] Desired Platform services (3 services)
2025-01-27 19:05:46,763 INFO c.h.h.t.HelmChartContainer - [hivemq-test-hivemq-platform] [hivemq-platform-operator] [608a705e] 19:05:46.758 [pool-6-thread-29] DEBUG c.h.p.o.d.PodServiceAccountResource - [customop] Desired PodServiceAccountResource (serviceAccountName: hivemq-platform-pod-test-hivemq-platform-beta)
2025-01-27 19:05:46,763 INFO c.h.h.t.HelmChartContainer - [hivemq-test-hivemq-platform] [hivemq-platform-operator] [608a705e] 19:05:46.759 [pool-6-thread-34] DEBUG c.h.p.o.dependants.PodInfoConfigMap - [customop] Desired PodInfo ConfigMap (1 extensions) (1 enabled)
2025-01-27 19:05:46,764 INFO c.h.h.t.HelmChartContainer - [hivemq-test-hivemq-platform] [hivemq-platform-operator] [608a705e] 19:05:46.759 [pool-6-thread-34] DEBUG c.h.p.o.dependants.PodInfoConfigMap - [customop] Desired PodInfo ConfigMap (metrics port: 9399) (metrics path: /)
2025-01-27 19:05:46,764 INFO c.h.h.t.HelmChartContainer - [hivemq-test-hivemq-platform] [hivemq-platform-operator] [608a705e] 19:05:46.760 [pool-6-thread-34] DEBUG c.h.p.o.dependants.PodInfoConfigMap - [customop] Desired PodInfo ConfigMap (extension state hash: -1817474005)
2025-01-27 19:05:46,766 INFO c.h.h.t.HelmChartContainer - [hivemq-test-hivemq-platform] [hivemq-platform-operator] [608a705e] 19:05:46.764 [pool-6-thread-5] DEBUG c.h.p.o.d.StatefulSetResource - [customop] Desired StatefulSet (1 replicas) for status STARTING (READY)
2025-01-27 19:05:46,837 INFO c.h.h.t.HelmChartContainer - [hivemq-test-hivemq-platform] [hivemq-platform-operator] [608a705e] 19:05:46.836 [ReconcilerExecutor-hivemq-controller-136] INFO  c.h.p.o.HiveMQPlatformReconciler - [customop] Reconciling HiveMQ Platform 'test-hivemq-platform-beta' in namespace 'customoperatornamespacesit-beta'
2025-01-27 19:05:46,837 INFO c.h.h.t.HelmChartContainer - [hivemq-test-hivemq-platform] [hivemq-platform-operator] [608a705e] 19:05:46.836 [ReconcilerExecutor-hivemq-controller-136] DEBUG c.h.p.o.HiveMQPlatformReconciler - [customop] Custom Resource Status STARTING - HiveMQ Platform is starting (READY)
2025-01-27 19:05:46,837 INFO c.h.h.t.HelmChartContainer - [hivemq-test-hivemq-platform] [hivemq-platform-operator] [608a705e] 19:05:46.836 [ReconcilerExecutor-hivemq-controller-136] DEBUG c.h.p.o.HiveMQPlatformReconciler - [customop] Custom Resource Spec (replicas: 1) (extensions: 1)
2025-01-27 19:05:46,838 INFO c.h.h.t.HelmChartContainer - [hivemq-test-hivemq-platform] [hivemq-platform-operator] [608a705e] 19:05:46.838 [ReconcilerExecutor-hivemq-controller-136] DEBUG c.h.p.o.HiveMQPlatformReconciler - [customop] StatefulSet Status (revision: test-hivemq-platform-beta-6b6c59884b, replicas: 1, available: 1, ready: 1, current: 1, updated: 1)
2025-01-27 19:05:46,838 INFO c.h.h.t.HelmChartContainer - [hivemq-test-hivemq-platform] [hivemq-platform-operator] [608a705e] 19:05:46.838 [ReconcilerExecutor-hivemq-controller-136] DEBUG c.h.p.o.HiveMQPlatformReconciler - [customop] StatefulSet Spec (replicas: 1, init containers: 1, containers: 1, volumes: 3)
2025-01-27 19:05:46,856 INFO c.h.h.t.HelmChartContainer - [hivemq-test-hivemq-platform] [hivemq-platform-operator] [608a705e] 19:05:46.854 [ReconcilerExecutor-hivemq-controller-136] DEBUG c.h.p.o.h.HiveMQPlatformReconcilerErrorHandler - [customop] Pod 'test-hivemq-platform-beta-0' phase Running
2025-01-27 19:05:46,856 INFO c.h.h.t.HelmChartContainer - [hivemq-test-hivemq-platform] [hivemq-platform-operator] [608a705e] 19:05:46.855 [ReconcilerExecutor-hivemq-controller-136] INFO  c.h.p.o.h.HiveMQPlatformReconcilerBaseHandler - [customop] HiveMQ Platform started successfully
2025-01-27 19:05:46,937 INFO c.h.h.t.HelmChartContainer - [hivemq-test-hivemq-platform] [hivemq-platform-operator] [608a705e] 19:05:46.935 [ReconcilerExecutor-hivemq-controller-136] DEBUG c.h.p.operator.event.EventSender - [customop] Creating K8s event hivemq-platform-ready: [Ready] HiveMQ Platform is ready
2025-01-27 19:05:46,957 INFO c.h.h.t.HelmChartContainer - [EVENT] Normal [Ready] HiveMQ Platform is ready [customoperatornamespacesit-beta:test-hivemq-platform-beta]
2025-01-27 19:05:46,959 INFO c.h.h.t.HelmChartContainer - [hivemq-test-hivemq-platform] [hivemq-platform-operator] [608a705e] 19:05:46.958 [ReconcilerExecutor-hivemq-controller-136] INFO  c.h.p.o.h.AbstractHiveMQReconcilerStateHandler - [customop] Update HiveMQ Platform Status (STARTING [READY] -> RUNNING [READY]): HiveMQ Platform is ready
2025-01-27 19:05:46,974 INFO c.h.h.t.HelmChartContainer - [test-hivemq-platform] [hivemq] [10afb6ee] INFO  - [HiveMQ Platform Operator Init App 1.7.0-SNAPSHOT] Returning Health API response 200 for readiness
2025-01-27 19:05:46,996 INFO c.h.h.t.HelmChartContainer - [POD] test-hivemq-platform-alpha-0 [10afb6ee-a90a-42d8-8794-abc40ee5d54a] in customoperatornamespacesit-alpha was MODIFIED
2025-01-27 19:05:47,006 INFO c.h.h.t.HelmChartContainer - [hivemq-test-hivemq-platform] [hivemq-platform-operator] [608a705e] 19:05:46.998 [pool-6-thread-30] DEBUG c.h.p.o.d.PlatformServiceResource - [customop] Desired Platform services (3 services)
2025-01-27 19:05:47,006 INFO c.h.h.t.HelmChartContainer - [hivemq-test-hivemq-platform] [hivemq-platform-operator] [608a705e] 19:05:46.999 [pool-6-thread-26] DEBUG c.h.p.o.dependants.PodInfoConfigMap - [customop] Desired PodInfo ConfigMap (1 extensions) (1 enabled)
2025-01-27 19:05:47,006 INFO c.h.h.t.HelmChartContainer - [hivemq-test-hivemq-platform] [hivemq-platform-operator] [608a705e] 19:05:46.999 [pool-6-thread-26] DEBUG c.h.p.o.dependants.PodInfoConfigMap - [customop] Desired PodInfo ConfigMap (metrics port: 9399) (metrics path: /)
2025-01-27 19:05:47,006 INFO c.h.h.t.HelmChartContainer - [hivemq-test-hivemq-platform] [hivemq-platform-operator] [608a705e] 19:05:46.999 [pool-6-thread-26] DEBUG c.h.p.o.dependants.PodInfoConfigMap - [customop] Desired PodInfo ConfigMap (extension state hash: -1817474005)
2025-01-27 19:05:47,008 INFO c.h.h.t.HelmChartContainer - [hivemq-test-hivemq-platform] [hivemq-platform-operator] [608a705e] 19:05:47.006 [pool-6-thread-22] DEBUG c.h.p.o.d.PodServiceAccountResource - [customop] Desired PodServiceAccountResource (serviceAccountName: hivemq-platform-pod-test-hivemq-platform-alpha)
2025-01-27 19:05:47,036 INFO c.h.h.t.HelmChartContainer - [hivemq-test-hivemq-platform] [hivemq-platform-operator] [608a705e] 19:05:47.035 [pool-6-thread-30] DEBUG c.h.p.o.d.StatefulSetResource - [customop] Desired StatefulSet (1 replicas) for status STARTING (READY)
2025-01-27 19:05:47,057 INFO c.h.h.t.HelmChartContainer - [hivemq-test-hivemq-platform] [hivemq-platform-operator] [608a705e] 19:05:47.056 [ReconcilerExecutor-hivemq-controller-137] INFO  c.h.p.o.HiveMQPlatformReconciler - [customop] Reconciling HiveMQ Platform 'test-hivemq-platform-alpha' in namespace 'customoperatornamespacesit-alpha'
2025-01-27 19:05:47,057 INFO c.h.h.t.HelmChartContainer - [hivemq-test-hivemq-platform] [hivemq-platform-operator] [608a705e] 19:05:47.056 [ReconcilerExecutor-hivemq-controller-137] DEBUG c.h.p.o.HiveMQPlatformReconciler - [customop] Custom Resource Status STARTING - HiveMQ Platform is starting (READY)
2025-01-27 19:05:47,057 INFO c.h.h.t.HelmChartContainer - [hivemq-test-hivemq-platform] [hivemq-platform-operator] [608a705e] 19:05:47.056 [ReconcilerExecutor-hivemq-controller-137] DEBUG c.h.p.o.HiveMQPlatformReconciler - [customop] Custom Resource Spec (replicas: 1) (extensions: 1)
2025-01-27 19:05:47,059 INFO c.h.h.t.HelmChartContainer - [hivemq-test-hivemq-platform] [hivemq-platform-operator] [608a705e] 19:05:47.058 [ReconcilerExecutor-hivemq-controller-137] DEBUG c.h.p.o.HiveMQPlatformReconciler - [customop] StatefulSet Status (revision: test-hivemq-platform-alpha-6fb9b47d6b, replicas: 1, available: 1, ready: 1, current: 1, updated: 1)
2025-01-27 19:05:47,060 INFO c.h.h.t.HelmChartContainer - [hivemq-test-hivemq-platform] [hivemq-platform-operator] [608a705e] 19:05:47.058 [ReconcilerExecutor-hivemq-controller-137] DEBUG c.h.p.o.HiveMQPlatformReconciler - [customop] StatefulSet Spec (replicas: 1, init containers: 1, containers: 1, volumes: 3)
2025-01-27 19:05:47,060 INFO c.h.h.t.HelmChartContainer - [hivemq-test-hivemq-platform] [hivemq-platform-operator] [608a705e] 19:05:47.060 [ReconcilerExecutor-hivemq-controller-137] DEBUG c.h.p.o.h.HiveMQPlatformReconcilerErrorHandler - [customop] Pod 'test-hivemq-platform-alpha-0' phase Running
2025-01-27 19:05:47,062 INFO c.h.h.t.HelmChartContainer - [hivemq-test-hivemq-platform] [hivemq-platform-operator] [608a705e] 19:05:47.061 [ReconcilerExecutor-hivemq-controller-137] INFO  c.h.p.o.h.HiveMQPlatformReconcilerBaseHandler - [customop] HiveMQ Platform started successfully
2025-01-27 19:05:47,169 INFO c.h.h.t.HelmChartContainer - [hivemq-test-hivemq-platform] [hivemq-platform-operator] [608a705e] 19:05:47.168 [ReconcilerExecutor-hivemq-controller-137] DEBUG c.h.p.operator.event.EventSender - [customop] Creating K8s event hivemq-platform-ready: [Ready] HiveMQ Platform is ready
2025-01-27 19:05:47,174 INFO c.h.h.t.HelmChartContainer - [EVENT] Normal [Ready] HiveMQ Platform is ready [customoperatornamespacesit-alpha:test-hivemq-platform-alpha]
2025-01-27 19:05:47,174 INFO c.h.h.t.HelmChartContainer - [hivemq-test-hivemq-platform] [hivemq-platform-operator] [608a705e] 19:05:47.174 [ReconcilerExecutor-hivemq-controller-137] INFO  c.h.p.o.h.AbstractHiveMQReconcilerStateHandler - [customop] Update HiveMQ Platform Status (STARTING [READY] -> RUNNING [READY]): HiveMQ Platform is ready
2025-01-27 19:05:47,242 DEBUG com.hivemq.helmcharts.util.K8sUtil - Comparing actual state 'RUNNING' and waiting for 'RUNNING'
2025-01-27 19:05:47,261 DEBUG com.hivemq.helmcharts.util.K8sUtil - Comparing actual state 'RUNNING' and waiting for 'RUNNING'
2025-01-27 19:05:47,262 INFO c.h.h.t.HelmChartContainer - [hivemq-test-hivemq-platform] [hivemq-platform-operator] [608a705e] 19:05:47.259 [pool-6-thread-44] DEBUG c.h.p.o.d.PodServiceAccountResource - [customop] Desired PodServiceAccountResource (serviceAccountName: hivemq-platform-pod-test-hivemq-platform-alpha)
2025-01-27 19:05:47,267 INFO c.h.h.t.HelmChartContainer - [hivemq-test-hivemq-platform] [hivemq-platform-operator] [608a705e] 19:05:47.262 [pool-6-thread-49] DEBUG c.h.p.o.dependants.PodInfoConfigMap - [customop] Desired PodInfo ConfigMap (1 extensions) (1 enabled)
2025-01-27 19:05:47,267 INFO c.h.h.t.HelmChartContainer - [hivemq-test-hivemq-platform] [hivemq-platform-operator] [608a705e] 19:05:47.262 [pool-6-thread-49] DEBUG c.h.p.o.dependants.PodInfoConfigMap - [customop] Desired PodInfo ConfigMap (metrics port: 9399) (metrics path: /)
2025-01-27 19:05:47,269 INFO c.h.h.t.HelmChartContainer - [hivemq-test-hivemq-platform] [hivemq-platform-operator] [608a705e] 19:05:47.263 [pool-6-thread-40] DEBUG c.h.p.o.d.PlatformServiceResource - [customop] Desired Platform services (3 services)
2025-01-27 19:05:47,269 INFO c.h.h.t.HelmChartContainer - [hivemq-test-hivemq-platform] [hivemq-platform-operator] [608a705e] 19:05:47.262 [pool-6-thread-49] DEBUG c.h.p.o.dependants.PodInfoConfigMap - [customop] Desired PodInfo ConfigMap (extension state hash: -1817474005)
2025-01-27 19:05:47,269 INFO c.h.h.t.HelmChartContainer - [hivemq-test-hivemq-platform] [hivemq-platform-operator] [608a705e] 19:05:47.265 [pool-6-thread-49] DEBUG c.h.p.o.dependants.PodInfoConfigMap - [customop] Update PodInfo ConfigMap
2025-01-27 19:05:47,325 INFO c.h.h.t.HelmChartContainer - Uninstalling release 'test-hivemq-platform-alpha' in namespace 'customoperatornamespacesit-alpha'...
2025-01-27 19:05:47,325 DEBUG c.h.h.t.HelmChartContainer - Executing helm command: /bin/helm --kubeconfig /etc/rancher/k3s/k3s.yaml uninstall test-hivemq-platform-alpha  --wait --timeout 5m0s --cascade foreground --namespace customoperatornamespacesit-alpha
2025-01-27 19:05:47,338 INFO c.h.h.t.HelmChartContainer - [hivemq-test-hivemq-platform] [hivemq-platform-operator] [608a705e] 19:05:47.337 [pool-6-thread-49] DEBUG c.h.p.o.d.StatefulSetResource - [customop] Desired StatefulSet (1 replicas) for status RUNNING (READY)
2025-01-27 19:05:47,342 INFO c.h.h.t.HelmChartContainer - [hivemq-test-hivemq-platform] [hivemq-platform-operator] [608a705e] 19:05:47.341 [ReconcilerExecutor-hivemq-controller-138] INFO  c.h.p.o.HiveMQPlatformReconciler - [customop] Reconciling HiveMQ Platform 'test-hivemq-platform-alpha' in namespace 'customoperatornamespacesit-alpha'
2025-01-27 19:05:47,342 INFO c.h.h.t.HelmChartContainer - [hivemq-test-hivemq-platform] [hivemq-platform-operator] [608a705e] 19:05:47.341 [ReconcilerExecutor-hivemq-controller-138] DEBUG c.h.p.o.HiveMQPlatformReconciler - [customop] Custom Resource Status RUNNING - HiveMQ Platform is ready (READY)
2025-01-27 19:05:47,342 INFO c.h.h.t.HelmChartContainer - [hivemq-test-hivemq-platform] [hivemq-platform-operator] [608a705e] 19:05:47.341 [ReconcilerExecutor-hivemq-controller-138] DEBUG c.h.p.o.HiveMQPlatformReconciler - [customop] Custom Resource Spec (replicas: 1) (extensions: 1)
2025-01-27 19:05:47,356 INFO c.h.h.t.HelmChartContainer - [hivemq-test-hivemq-platform] [hivemq-platform-operator] [608a705e] 19:05:47.354 [ReconcilerExecutor-hivemq-controller-138] DEBUG c.h.p.o.HiveMQPlatformReconciler - [customop] StatefulSet Status (revision: test-hivemq-platform-alpha-6fb9b47d6b, replicas: 1, available: 1, ready: 1, current: 1, updated: 1)
2025-01-27 19:05:47,357 INFO c.h.h.t.HelmChartContainer - [hivemq-test-hivemq-platform] [hivemq-platform-operator] [608a705e] 19:05:47.354 [ReconcilerExecutor-hivemq-controller-138] DEBUG c.h.p.o.HiveMQPlatformReconciler - [customop] StatefulSet Spec (replicas: 1, init containers: 1, containers: 1, volumes: 3)
2025-01-27 19:05:47,360 INFO c.h.h.t.HelmChartContainer - [hivemq-test-hivemq-platform] [hivemq-platform-operator] [608a705e] 19:05:47.358 [ReconcilerExecutor-hivemq-controller-138] DEBUG c.h.p.o.h.HiveMQPlatformReconcilerErrorHandler - [customop] Pod 'test-hivemq-platform-alpha-0' phase Running
2025-01-27 19:05:47,557 INFO c.h.h.t.HelmChartContainer - [hivemq-test-hivemq-platform] [hivemq-platform-operator] [608a705e] 19:05:47.547 [pool-6-thread-10] DEBUG c.h.p.o.d.PodServiceAccountResource - [customop] Desired PodServiceAccountResource (serviceAccountName: hivemq-platform-pod-test-hivemq-platform-alpha)
2025-01-27 19:05:47,557 INFO c.h.h.t.HelmChartContainer - [hivemq-test-hivemq-platform] [hivemq-platform-operator] [608a705e] 19:05:47.548 [pool-6-thread-50] DEBUG c.h.p.o.d.PlatformServiceResource - [customop] Desired Platform services (3 services)
2025-01-27 19:05:47,557 INFO c.h.h.t.HelmChartContainer - [hivemq-test-hivemq-platform] [hivemq-platform-operator] [608a705e] 19:05:47.551 [pool-6-thread-7] DEBUG c.h.p.o.dependants.PodInfoConfigMap - [customop] Desired PodInfo ConfigMap (1 extensions) (1 enabled)
2025-01-27 19:05:47,557 INFO c.h.h.t.HelmChartContainer - [hivemq-test-hivemq-platform] [hivemq-platform-operator] [608a705e] 19:05:47.552 [pool-6-thread-7] DEBUG c.h.p.o.dependants.PodInfoConfigMap - [customop] Desired PodInfo ConfigMap (metrics port: 9399) (metrics path: /)
2025-01-27 19:05:47,557 INFO c.h.h.t.HelmChartContainer - [hivemq-test-hivemq-platform] [hivemq-platform-operator] [608a705e] 19:05:47.552 [pool-6-thread-7] DEBUG c.h.p.o.dependants.PodInfoConfigMap - [customop] Desired PodInfo ConfigMap (extension state hash: -1817474005)
2025-01-27 19:05:47,557 INFO c.h.h.t.HelmChartContainer - [hivemq-test-hivemq-platform] [hivemq-platform-operator] [608a705e] 19:05:47.554 [pool-6-thread-7] DEBUG c.h.p.o.d.StatefulSetResource - [customop] Desired StatefulSet (1 replicas) for status RUNNING (READY)
2025-01-27 19:05:47,563 INFO c.h.h.t.HelmChartContainer - [hivemq-test-hivemq-platform] [hivemq-platform-operator] [608a705e] 19:05:47.556 [ReconcilerExecutor-hivemq-controller-139] INFO  c.h.p.o.HiveMQPlatformReconciler - [customop] Reconciling HiveMQ Platform 'test-hivemq-platform-alpha' in namespace 'customoperatornamespacesit-alpha'
2025-01-27 19:05:47,563 INFO c.h.h.t.HelmChartContainer - [hivemq-test-hivemq-platform] [hivemq-platform-operator] [608a705e] 19:05:47.557 [ReconcilerExecutor-hivemq-controller-139] DEBUG c.h.p.o.HiveMQPlatformReconciler - [customop] Custom Resource Status RUNNING - HiveMQ Platform is ready (READY)
2025-01-27 19:05:47,563 INFO c.h.h.t.HelmChartContainer - [hivemq-test-hivemq-platform] [hivemq-platform-operator] [608a705e] 19:05:47.557 [ReconcilerExecutor-hivemq-controller-139] DEBUG c.h.p.o.HiveMQPlatformReconciler - [customop] Custom Resource Spec (replicas: 1) (extensions: 1)
2025-01-27 19:05:47,563 INFO c.h.h.t.HelmChartContainer - [hivemq-test-hivemq-platform] [hivemq-platform-operator] [608a705e] 19:05:47.559 [ReconcilerExecutor-hivemq-controller-139] DEBUG c.h.p.o.HiveMQPlatformReconciler - [customop] StatefulSet Status (revision: test-hivemq-platform-alpha-6fb9b47d6b, replicas: 1, available: 1, ready: 1, current: 1, updated: 1)
2025-01-27 19:05:47,563 INFO c.h.h.t.HelmChartContainer - [hivemq-test-hivemq-platform] [hivemq-platform-operator] [608a705e] 19:05:47.559 [ReconcilerExecutor-hivemq-controller-139] DEBUG c.h.p.o.HiveMQPlatformReconciler - [customop] StatefulSet Spec (replicas: 1, init containers: 1, containers: 1, volumes: 3)
2025-01-27 19:05:47,563 INFO c.h.h.t.HelmChartContainer - [hivemq-test-hivemq-platform] [hivemq-platform-operator] [608a705e] 19:05:47.561 [ReconcilerExecutor-hivemq-controller-139] DEBUG c.h.p.o.h.HiveMQPlatformReconcilerErrorHandler - [customop] Pod 'test-hivemq-platform-alpha-0' phase Running
2025-01-27 19:05:47,639 INFO c.h.h.t.HelmChartContainer - [hivemq-test-hivemq-platform] [hivemq-platform-operator] [608a705e] 19:05:47.638 [ReconcilerExecutor-hivemq-controller-140] INFO  c.h.p.o.HiveMQPlatformReconciler - [customop] Cleanup test-hivemq-platform-alpha - customoperatornamespacesit-alpha HiveMQ Platform is shut down
2025-01-27 19:05:48,179 INFO c.h.h.t.HelmChartContainer - [POD] test-hivemq-platform-alpha-0 [10afb6ee-a90a-42d8-8794-abc40ee5d54a] in customoperatornamespacesit-alpha was MODIFIED
2025-01-27 19:05:48,205 INFO c.h.h.t.HelmChartContainer - [EVENT] Normal [Killing] Stopping container hivemq [customoperatornamespacesit-alpha:test-hivemq-platform-alpha-0]
2025-01-27 19:05:48,205 INFO c.h.h.t.HelmChartContainer - Received Killing event for container hivemq in pod test-hivemq-platform-alpha-0 [10afb6ee-a90a-42d8-8794-abc40ee5d54a]
2025-01-27 19:05:48,205 INFO c.h.h.t.HelmChartContainer - Container [test-hivemq-platform-alpha-0] [hivemq] [10afb6ee-a90a-42d8-8794-abc40ee5d54a] was terminated
2025-01-27 19:05:48,206 INFO c.h.h.t.HelmChartContainer - Stopped log watcher for hivemq in pod test-hivemq-platform-alpha-0 [10afb6ee-a90a-42d8-8794-abc40ee5d54a]
2025-01-27 19:05:48,214 INFO c.h.h.t.HelmChartContainer - [test-hivemq-platform] [hivemq] [10afb6ee] INFO  - [HiveMQ Platform Operator Init App 1.7.0-SNAPSHOT] Shutting down
2025-01-27 19:05:48,214 INFO c.h.h.t.HelmChartContainer - [test-hivemq-platform] [hivemq] [10afb6ee] INFO  - [HiveMQ Platform Operator Init App 1.7.0-SNAPSHOT] Stopping the HiveMQ Platform
2025-01-27 19:05:48,361 INFO c.h.h.t.HelmChartContainer - [test-hivemq-platform] [hivemq] [10afb6ee] INFO  - Shutting down HiveMQ. Please wait, this could take a while...
2025-01-27 19:05:48,425 INFO c.h.h.t.HelmChartContainer - [test-hivemq-platform] [hivemq] [10afb6ee] INFO  - Shutting down listeners and clients
2025-01-27 19:05:48,425 INFO c.h.h.t.HelmChartContainer - [test-hivemq-platform] [hivemq] [10afb6ee] INFO  - Shutdown of listeners is done
2025-01-27 19:05:48,425 INFO c.h.h.t.HelmChartContainer - [test-hivemq-platform] [hivemq] [10afb6ee] INFO  - No clients are connected, proceeding with shutdown
2025-01-27 19:05:49,597 INFO c.h.h.t.HelmChartContainer - Deleting namespace 'customoperatornamespacesit-alpha'...
2025-01-27 19:05:51,563 INFO c.h.h.t.HelmChartContainer - [test-hivemq-platform] [hivemq] [10afb6ee] INFO  - Shutting down extension system
2025-01-27 19:05:51,571 INFO c.h.h.t.HelmChartContainer - [test-hivemq-platform] [hivemq] [10afb6ee] INFO  - Stopping extension with id hivemq-dns-cluster-discovery
2025-01-27 19:05:51,571 INFO c.h.h.t.HelmChartContainer - [test-hivemq-platform] [hivemq] [10afb6ee] INFO  - Extension "DNS Cluster Discovery Extension" version 4.3.2 stopped successfully.
2025-01-27 19:05:51,572 INFO c.h.h.t.HelmChartContainer - [test-hivemq-platform] [hivemq] [10afb6ee] INFO  - Stopping extension with id hivemq-prometheus-extension
2025-01-27 19:05:51,577 INFO c.h.h.t.HelmChartContainer - [test-hivemq-platform] [hivemq] [10afb6ee] INFO  - Extension "Prometheus Monitoring Extension" version 4.0.12 stopped successfully.
2025-01-27 19:05:51,577 INFO c.h.h.t.HelmChartContainer - [test-hivemq-platform] [hivemq] [10afb6ee] INFO  - Stopping extension with id hivemq-allow-all-extension
2025-01-27 19:05:51,578 INFO c.h.h.t.HelmChartContainer - [test-hivemq-platform] [hivemq] [10afb6ee] INFO  - Extension "Allow All Extension" version 1.1.0 stopped successfully.
2025-01-27 19:05:51,970 INFO c.h.h.t.HelmChartContainer - [test-hivemq-platform] [hivemq] [10afb6ee] INFO  - [HiveMQ Platform Operator Init App 1.7.0-SNAPSHOT] Returning shutdown Health API response 503 for readiness
2025-01-27 19:05:51,974 INFO c.h.h.t.HelmChartContainer - [EVENT] Warning [Unhealthy] Readiness probe failed: HTTP probe failed with statuscode: 503 [customoperatornamespacesit-alpha:test-hivemq-platform-alpha-0]
2025-01-27 19:05:51,974 INFO c.h.h.t.HelmChartContainer - Received Unhealthy event for container hivemq in pod test-hivemq-platform-alpha-0 [10afb6ee-a90a-42d8-8794-abc40ee5d54a]
2025-01-27 19:05:52,376 INFO c.h.h.t.HelmChartContainer - [K3S] [authentication.go:74] "Unable to authenticate the request" err="[invalid bearer token, serviceaccounts \"hivemq-platform-pod-test-hivemq-platform-alpha\" not found]"
2025-01-27 19:05:52,393 INFO c.h.h.t.HelmChartContainer - [K3S] [authentication.go:74] "Unable to authenticate the request" err="[invalid bearer token, serviceaccounts \"hivemq-platform-pod-test-hivemq-platform-alpha\" not found]"
2025-01-27 19:05:52,466 INFO c.h.h.t.HelmChartContainer - [test-hivemq-platform] [hivemq] [10afb6ee] WARN  - [HiveMQ Platform Operator Init App 1.7.0-SNAPSHOT] Could not update Pod annotations: Failure executing: GET at: https://10.43.0.1:443/api/v1/namespaces/customoperatornamespacesit-alpha/pods/test-hivemq-platform-alpha-0. Message: Unauthorized. Received status: Status(apiVersion=v1, code=401, details=null, kind=Status, message=Unauthorized, metadata=ListMeta(_continue=null, remainingItemCount=null, resourceVersion=null, selfLink=null, additionalProperties={}), reason=Unauthorized, status=Failure, additionalProperties={}).
2025-01-27 19:05:53,959 INFO c.h.h.t.HelmChartContainer - [test-hivemq-platform] [hivemq] [10afb6ee] INFO  - Shutdown completed.
2025-01-27 19:05:54,307 INFO c.h.h.t.HelmChartContainer - [test-hivemq-platform] [hivemq] [10afb6ee] INFO  - [HiveMQ Platform Operator Init App 1.7.0-SNAPSHOT] The HiveMQ Platform exited with code 143
2025-01-27 19:05:54,307 INFO c.h.h.t.HelmChartContainer - [test-hivemq-platform] [hivemq] [10afb6ee] INFO  - [HiveMQ Platform Operator Init App 1.7.0-SNAPSHOT] Stopping the REST API
2025-01-27 19:05:54,317 INFO c.h.h.t.HelmChartContainer - [test-hivemq-platform] [hivemq] [10afb6ee] INFO  - [HiveMQ Platform Operator Init App 1.7.0-SNAPSHOT] Shutdown complete
2025-01-27 19:05:54,695 INFO c.h.h.t.HelmChartContainer - [K3S] [stateful_set.go:466] "StatefulSet has been deleted" key="customoperatornamespacesit-alpha/test-hivemq-platform-alpha"
2025-01-27 19:05:54,789 INFO c.h.h.t.HelmChartContainer - [POD] test-hivemq-platform-alpha-0 [10afb6ee-a90a-42d8-8794-abc40ee5d54a] in customoperatornamespacesit-alpha was MODIFIED
2025-01-27 19:05:54,889 INFO c.h.h.t.HelmChartContainer - [K3S] [reconciler_common.go:162] "operationExecutor.UnmountVolume started for volume \"operator-init\" (UniqueName: \"kubernetes.io/empty-dir/10afb6ee-a90a-42d8-8794-abc40ee5d54a-operator-init\") pod \"10afb6ee-a90a-42d8-8794-abc40ee5d54a\" (UID: \"10afb6ee-a90a-42d8-8794-abc40ee5d54a\") "
2025-01-27 19:05:54,889 INFO c.h.h.t.HelmChartContainer - [K3S] [reconciler_common.go:162] "operationExecutor.UnmountVolume started for volume \"kube-api-access-lg4rb\" (UniqueName: \"kubernetes.io/projected/10afb6ee-a90a-42d8-8794-abc40ee5d54a-kube-api-access-lg4rb\") pod \"10afb6ee-a90a-42d8-8794-abc40ee5d54a\" (UID: \"10afb6ee-a90a-42d8-8794-abc40ee5d54a\") "
2025-01-27 19:05:54,889 INFO c.h.h.t.HelmChartContainer - [K3S] [reconciler_common.go:162] "operationExecutor.UnmountVolume started for volume \"broker-configuration\" (UniqueName: \"kubernetes.io/configmap/10afb6ee-a90a-42d8-8794-abc40ee5d54a-broker-configuration\") pod \"10afb6ee-a90a-42d8-8794-abc40ee5d54a\" (UID: \"10afb6ee-a90a-42d8-8794-abc40ee5d54a\") "
2025-01-27 19:05:54,889 INFO c.h.h.t.HelmChartContainer - [K3S] [reconciler_common.go:162] "operationExecutor.UnmountVolume started for volume \"pod-info\" (UniqueName: \"kubernetes.io/configmap/10afb6ee-a90a-42d8-8794-abc40ee5d54a-pod-info\") pod \"10afb6ee-a90a-42d8-8794-abc40ee5d54a\" (UID: \"10afb6ee-a90a-42d8-8794-abc40ee5d54a\") "
2025-01-27 19:05:54,988 INFO c.h.h.t.HelmChartContainer - [K3S] [reconciler_common.go:299] "Volume detached for volume \"operator-init\" (UniqueName: \"kubernetes.io/empty-dir/10afb6ee-a90a-42d8-8794-abc40ee5d54a-operator-init\") on node \"52733b76dd2d\" DevicePath \"\""
2025-01-27 19:05:54,988 INFO c.h.h.t.HelmChartContainer - [K3S] [reconciler_common.go:299] "Volume detached for volume \"kube-api-access-lg4rb\" (UniqueName: \"kubernetes.io/projected/10afb6ee-a90a-42d8-8794-abc40ee5d54a-kube-api-access-lg4rb\") on node \"52733b76dd2d\" DevicePath \"\""
2025-01-27 19:05:54,988 INFO c.h.h.t.HelmChartContainer - [K3S] [reconciler_common.go:299] "Volume detached for volume \"broker-configuration\" (UniqueName: \"kubernetes.io/configmap/10afb6ee-a90a-42d8-8794-abc40ee5d54a-broker-configuration\") on node \"52733b76dd2d\" DevicePath \"\""
2025-01-27 19:05:54,988 INFO c.h.h.t.HelmChartContainer - [K3S] [reconciler_common.go:299] "Volume detached for volume \"pod-info\" (UniqueName: \"kubernetes.io/configmap/10afb6ee-a90a-42d8-8794-abc40ee5d54a-pod-info\") on node \"52733b76dd2d\" DevicePath \"\""
2025-01-27 19:05:55,513 INFO c.h.h.t.HelmChartContainer - [K3S] [scope.go:117] "RemoveContainer" containerID="33575d64fa00f84c3844ce921a7878b8ec1cceb01f7822b0da4edb82ef4a483f"
2025-01-27 19:05:55,526 INFO c.h.h.t.HelmChartContainer - [POD] test-hivemq-platform-alpha-0 [10afb6ee-a90a-42d8-8794-abc40ee5d54a] in customoperatornamespacesit-alpha was MODIFIED
2025-01-27 19:05:55,532 INFO c.h.h.t.HelmChartContainer - [POD] test-hivemq-platform-alpha-0 [10afb6ee-a90a-42d8-8794-abc40ee5d54a] in customoperatornamespacesit-alpha was DELETED
2025-01-27 19:05:55,616 INFO c.h.h.t.HelmChartContainer - [K3S] [scope.go:117] "RemoveContainer" containerID="f12bdf75dfe7f4974a924c7f8bbfe5acddf2111e4a0baec8a4dc6dd0bd0ee13a"
2025-01-27 19:05:55,619 INFO c.h.h.t.HelmChartContainer - [K3S] [scope.go:117] "RemoveContainer" containerID="33575d64fa00f84c3844ce921a7878b8ec1cceb01f7822b0da4edb82ef4a483f"
2025-01-27 19:05:55,619 INFO c.h.h.t.HelmChartContainer - [K3S] [scope.go:117] "RemoveContainer" containerID="f12bdf75dfe7f4974a924c7f8bbfe5acddf2111e4a0baec8a4dc6dd0bd0ee13a"
2025-01-27 19:05:56,975 INFO c.h.h.t.HelmChartContainer - [hivemq-test-hivemq-platform] [hivemq-platform-operator] [608a705e] 19:05:56.970 [pool-6-thread-13] DEBUG c.h.p.o.d.PlatformServiceResource - [customop] Desired Platform services (3 services)
2025-01-27 19:05:56,975 INFO c.h.h.t.HelmChartContainer - [hivemq-test-hivemq-platform] [hivemq-platform-operator] [608a705e] 19:05:56.971 [pool-6-thread-33] DEBUG c.h.p.o.d.PodServiceAccountResource - [customop] Desired PodServiceAccountResource (serviceAccountName: hivemq-platform-pod-test-hivemq-platform-beta)
2025-01-27 19:05:56,975 INFO c.h.h.t.HelmChartContainer - [hivemq-test-hivemq-platform] [hivemq-platform-operator] [608a705e] 19:05:56.972 [pool-6-thread-2] DEBUG c.h.p.o.dependants.PodInfoConfigMap - [customop] Desired PodInfo ConfigMap (1 extensions) (1 enabled)
2025-01-27 19:05:56,975 INFO c.h.h.t.HelmChartContainer - [hivemq-test-hivemq-platform] [hivemq-platform-operator] [608a705e] 19:05:56.972 [pool-6-thread-2] DEBUG c.h.p.o.dependants.PodInfoConfigMap - [customop] Desired PodInfo ConfigMap (metrics port: 9399) (metrics path: /)
2025-01-27 19:05:56,975 INFO c.h.h.t.HelmChartContainer - [hivemq-test-hivemq-platform] [hivemq-platform-operator] [608a705e] 19:05:56.972 [pool-6-thread-2] DEBUG c.h.p.o.dependants.PodInfoConfigMap - [customop] Desired PodInfo ConfigMap (extension state hash: -1817474005)
2025-01-27 19:05:56,975 INFO c.h.h.t.HelmChartContainer - [hivemq-test-hivemq-platform] [hivemq-platform-operator] [608a705e] 19:05:56.973 [pool-6-thread-2] DEBUG c.h.p.o.dependants.PodInfoConfigMap - [customop] Update PodInfo ConfigMap
2025-01-27 19:05:56,982 INFO c.h.h.t.HelmChartContainer - [hivemq-test-hivemq-platform] [hivemq-platform-operator] [608a705e] 19:05:56.981 [pool-6-thread-2] DEBUG c.h.p.o.d.StatefulSetResource - [customop] Desired StatefulSet (1 replicas) for status RUNNING (READY)
2025-01-27 19:05:56,986 INFO c.h.h.t.HelmChartContainer - [hivemq-test-hivemq-platform] [hivemq-platform-operator] [608a705e] 19:05:56.985 [ReconcilerExecutor-hivemq-controller-145] INFO  c.h.p.o.HiveMQPlatformReconciler - [customop] Reconciling HiveMQ Platform 'test-hivemq-platform-beta' in namespace 'customoperatornamespacesit-beta'
2025-01-27 19:05:56,986 INFO c.h.h.t.HelmChartContainer - [hivemq-test-hivemq-platform] [hivemq-platform-operator] [608a705e] 19:05:56.985 [ReconcilerExecutor-hivemq-controller-145] DEBUG c.h.p.o.HiveMQPlatformReconciler - [customop] Custom Resource Status RUNNING - HiveMQ Platform is ready (READY)
2025-01-27 19:05:56,986 INFO c.h.h.t.HelmChartContainer - [hivemq-test-hivemq-platform] [hivemq-platform-operator] [608a705e] 19:05:56.986 [ReconcilerExecutor-hivemq-controller-145] DEBUG c.h.p.o.HiveMQPlatformReconciler - [customop] Custom Resource Spec (replicas: 1) (extensions: 1)
2025-01-27 19:05:57,056 INFO c.h.h.t.HelmChartContainer - [hivemq-test-hivemq-platform] [hivemq-platform-operator] [608a705e] 19:05:57.053 [ReconcilerExecutor-hivemq-controller-145] DEBUG c.h.p.o.HiveMQPlatformReconciler - [customop] StatefulSet Status (revision: test-hivemq-platform-beta-6b6c59884b, replicas: 1, available: 1, ready: 1, current: 1, updated: 1)
2025-01-27 19:05:57,056 INFO c.h.h.t.HelmChartContainer - [hivemq-test-hivemq-platform] [hivemq-platform-operator] [608a705e] 19:05:57.054 [ReconcilerExecutor-hivemq-controller-145] DEBUG c.h.p.o.HiveMQPlatformReconciler - [customop] StatefulSet Spec (replicas: 1, init containers: 1, containers: 1, volumes: 3)
2025-01-27 19:05:57,057 INFO c.h.h.t.HelmChartContainer - [hivemq-test-hivemq-platform] [hivemq-platform-operator] [608a705e] 19:05:57.055 [ReconcilerExecutor-hivemq-controller-145] DEBUG c.h.p.o.h.HiveMQPlatformReconcilerErrorHandler - [customop] Pod 'test-hivemq-platform-beta-0' phase Running
2025-01-27 19:05:57,313 INFO c.h.h.t.HelmChartContainer - [K3S] [kubelet_volumes.go:163] "Cleaned up orphaned pod volumes dir" podUID="10afb6ee-a90a-42d8-8794-abc40ee5d54a" path="/var/lib/kubelet/pods/10afb6ee-a90a-42d8-8794-abc40ee5d54a/volumes"
2025-01-27 19:05:59,939 INFO c.h.h.t.HelmChartContainer - Namespace 'customoperatornamespacesit-alpha' deleted
2025-01-27 19:05:59,939 INFO c.h.h.t.HelmChartContainer - Release 'test-hivemq-platform-alpha' in namespace 'customoperatornamespacesit-alpha' is uninstalled
2025-01-27 19:05:59,939 INFO c.h.h.t.HelmChartContainer - Uninstalling release 'test-hivemq-platform-beta' in namespace 'customoperatornamespacesit-beta'...
2025-01-27 19:05:59,939 DEBUG c.h.h.t.HelmChartContainer - Executing helm command: /bin/helm --kubeconfig /etc/rancher/k3s/k3s.yaml uninstall test-hivemq-platform-beta  --wait --timeout 5m0s --cascade foreground --namespace customoperatornamespacesit-beta
2025-01-27 19:06:00,123 INFO c.h.h.t.HelmChartContainer - [hivemq-test-hivemq-platform] [hivemq-platform-operator] [608a705e] 19:06:00.118 [pool-6-thread-21] DEBUG c.h.p.o.d.PlatformServiceResource - [customop] Desired Platform services (3 services)
2025-01-27 19:06:00,123 INFO c.h.h.t.HelmChartContainer - [hivemq-test-hivemq-platform] [hivemq-platform-operator] [608a705e] 19:06:00.119 [pool-6-thread-38] DEBUG c.h.p.o.dependants.PodInfoConfigMap - [customop] Desired PodInfo ConfigMap (1 extensions) (1 enabled)
2025-01-27 19:06:00,125 INFO c.h.h.t.HelmChartContainer - [hivemq-test-hivemq-platform] [hivemq-platform-operator] [608a705e] 19:06:00.119 [pool-6-thread-38] DEBUG c.h.p.o.dependants.PodInfoConfigMap - [customop] Desired PodInfo ConfigMap (metrics port: 9399) (metrics path: /)
2025-01-27 19:06:00,125 INFO c.h.h.t.HelmChartContainer - [hivemq-test-hivemq-platform] [hivemq-platform-operator] [608a705e] 19:06:00.120 [pool-6-thread-38] DEBUG c.h.p.o.dependants.PodInfoConfigMap - [customop] Desired PodInfo ConfigMap (extension state hash: -1817474005)
2025-01-27 19:06:00,125 INFO c.h.h.t.HelmChartContainer - [hivemq-test-hivemq-platform] [hivemq-platform-operator] [608a705e] 19:06:00.123 [pool-6-thread-38] DEBUG c.h.p.o.d.PodServiceAccountResource - [customop] Desired PodServiceAccountResource (serviceAccountName: hivemq-platform-pod-test-hivemq-platform-beta)
2025-01-27 19:06:00,131 INFO c.h.h.t.HelmChartContainer - [hivemq-test-hivemq-platform] [hivemq-platform-operator] [608a705e] 19:06:00.130 [pool-6-thread-29] DEBUG c.h.p.o.d.StatefulSetResource - [customop] Desired StatefulSet (1 replicas) for status RUNNING (READY)
2025-01-27 19:06:00,164 INFO c.h.h.t.HelmChartContainer - [hivemq-test-hivemq-platform] [hivemq-platform-operator] [608a705e] 19:06:00.159 [pool-6-thread-29] DEBUG c.h.p.o.d.StatefulSetResource - [customop] Update StatefulSet (replicas: 1 -> 1)
2025-01-27 19:06:00,164 INFO c.h.h.t.HelmChartContainer - [hivemq-test-hivemq-platform] [hivemq-platform-operator] [608a705e] 19:06:00.161 [pool-6-thread-29] DEBUG c.h.p.o.d.StatefulSetResource - [customop] Detected change in StatefulSet specification (path: /template/metadata/annotations/kubernetes-resource-versions) (actual value: {broker-configuration-v2=-2089688360}) (target value: {broker-configuration-v2=0})
2025-01-27 19:06:00,164 INFO c.h.h.t.HelmChartContainer - [hivemq-test-hivemq-platform] [hivemq-platform-operator] [608a705e] 19:06:00.161 [pool-6-thread-29] INFO  c.h.p.o.d.StatefulSetResource - [customop] StatefulSet spec was updated, triggering rolling restart
2025-01-27 19:06:00,260 INFO c.h.h.t.HelmChartContainer - [hivemq-test-hivemq-platform] [hivemq-platform-operator] [608a705e] 19:06:00.258 [ReconcilerExecutor-hivemq-controller-146] INFO  c.h.p.o.HiveMQPlatformReconciler - [customop] Reconciling HiveMQ Platform 'test-hivemq-platform-beta' in namespace 'customoperatornamespacesit-beta'
2025-01-27 19:06:00,260 INFO c.h.h.t.HelmChartContainer - [hivemq-test-hivemq-platform] [hivemq-platform-operator] [608a705e] 19:06:00.258 [ReconcilerExecutor-hivemq-controller-146] DEBUG c.h.p.o.HiveMQPlatformReconciler - [customop] Custom Resource Status RUNNING - HiveMQ Platform is ready (READY) (reconciliation requests: ROLLING_RESTART, REQUESTS_UPDATED)
2025-01-27 19:06:00,260 INFO c.h.h.t.HelmChartContainer - [hivemq-test-hivemq-platform] [hivemq-platform-operator] [608a705e] 19:06:00.258 [ReconcilerExecutor-hivemq-controller-146] DEBUG c.h.p.o.HiveMQPlatformReconciler - [customop] Custom Resource Spec (replicas: 1) (extensions: 1)
2025-01-27 19:06:00,260 INFO c.h.h.t.HelmChartContainer - [hivemq-test-hivemq-platform] [hivemq-platform-operator] [608a705e] 19:06:00.258 [ReconcilerExecutor-hivemq-controller-146] WARN  c.h.p.o.h.HiveMQPlatformReconcilerErrorHandler - [customop] Could not find ConfigMap 'hivemq-configuration-test-hivemq-platform-beta' for HiveMQ Platform configuration
2025-01-27 19:06:00,273 INFO c.h.h.t.HelmChartContainer - [hivemq-test-hivemq-platform] [hivemq-platform-operator] [608a705e] 19:06:00.272 [ReconcilerExecutor-hivemq-controller-146] DEBUG c.h.p.operator.event.EventSender - [customop] Creating K8s event hivemq-platform-invalid-configuration: [Start] Could not find ConfigMap 'hivemq-configuration-test-hivemq-platform-beta' for HiveMQ Platform configuration
2025-01-27 19:06:00,276 INFO c.h.h.t.HelmChartContainer - [EVENT] Warning [Start] Could not find ConfigMap 'hivemq-configuration-test-hivemq-platform-beta' for HiveMQ Platform configuration [customoperatornamespacesit-beta:test-hivemq-platform-beta]
2025-01-27 19:06:00,277 INFO c.h.h.t.HelmChartContainer - [hivemq-test-hivemq-platform] [hivemq-platform-operator] [608a705e] 19:06:00.276 [ReconcilerExecutor-hivemq-controller-146] INFO  c.h.p.o.h.AbstractHiveMQReconcilerStateHandler - [customop] Update HiveMQ Platform Status (RUNNING [READY] -> ERROR [INVALID_CONFIG_MAP]): Could not find ConfigMap 'hivemq-configuration-test-hivemq-platform-beta' for HiveMQ Platform configuration (reconciliation requests: ROLLING_RESTART)
2025-01-27 19:06:00,286 INFO c.h.h.t.HelmChartContainer - [hivemq-test-hivemq-platform] [hivemq-platform-operator] [608a705e] 19:06:00.282 [ReconcilerExecutor-hivemq-controller-146] ERROR i.j.o.p.event.EventProcessor - Error during event processing ExecutionScope{ resource id: ResourceID{name='test-hivemq-platform-beta', namespace='customoperatornamespacesit-beta'}, version: 678}
2025-01-27 19:06:00,286 INFO c.h.h.t.HelmChartContainer - [hivemq-test-hivemq-platform] [hivemq-platform-operator] [608a705e] io.fabric8.kubernetes.client.KubernetesClientException: Failure executing: PUT at: https://10.43.0.1:443/apis/hivemq.com/v1/namespaces/customoperatornamespacesit-beta/hivemq-platforms/test-hivemq-platform-beta/status. Message: Operation cannot be fulfilled on hivemq-platforms.hivemq.com "test-hivemq-platform-beta": the object has been modified; please apply your changes to the latest version and try again. Received status: Status(apiVersion=v1, code=409, details=StatusDetails(causes=[], group=hivemq.com, kind=hivemq-platforms, name=test-hivemq-platform-beta, retryAfterSeconds=null, uid=null, additionalProperties={}), kind=Status, message=Operation cannot be fulfilled on hivemq-platforms.hivemq.com "test-hivemq-platform-beta": the object has been modified; please apply your changes to the latest version and try again, metadata=ListMeta(_continue=null, remainingItemCount=null, resourceVersion=null, selfLink=null, additionalProperties={}), reason=Conflict, status=Failure, additionalProperties={}).
2025-01-27 19:06:00,286 INFO c.h.h.t.HelmChartContainer - [hivemq-test-hivemq-platform] [hivemq-platform-operator] [608a705e] 	at io.fabric8.kubernetes.client.KubernetesClientException.copyAsCause(KubernetesClientException.java:238)
2025-01-27 19:06:00,286 INFO c.h.h.t.HelmChartContainer - [hivemq-test-hivemq-platform] [hivemq-platform-operator] [608a705e] 	at io.fabric8.kubernetes.client.dsl.internal.OperationSupport.waitForResult(OperationSupport.java:507)
2025-01-27 19:06:00,286 INFO c.h.h.t.HelmChartContainer - [hivemq-test-hivemq-platform] [hivemq-platform-operator] [608a705e] 	at io.fabric8.kubernetes.client.dsl.internal.OperationSupport.handleResponse(OperationSupport.java:524)
2025-01-27 19:06:00,286 INFO c.h.h.t.HelmChartContainer - [hivemq-test-hivemq-platform] [hivemq-platform-operator] [608a705e] 	at io.fabric8.kubernetes.client.dsl.internal.OperationSupport.handleUpdate(OperationSupport.java:358)
2025-01-27 19:06:00,286 INFO c.h.h.t.HelmChartContainer - [hivemq-test-hivemq-platform] [hivemq-platform-operator] [608a705e] 	at io.fabric8.kubernetes.client.dsl.internal.BaseOperation.handleUpdate(BaseOperation.java:759)
2025-01-27 19:06:00,286 INFO c.h.h.t.HelmChartContainer - [hivemq-test-hivemq-platform] [hivemq-platform-operator] [608a705e] 	at io.fabric8.kubernetes.client.dsl.internal.HasMetadataOperation.update(HasMetadataOperation.java:138)
2025-01-27 19:06:00,286 INFO c.h.h.t.HelmChartContainer - [hivemq-test-hivemq-platform] [hivemq-platform-operator] [608a705e] 	at io.fabric8.kubernetes.client.dsl.internal.HasMetadataOperation.update(HasMetadataOperation.java:121)
2025-01-27 19:06:00,286 INFO c.h.h.t.HelmChartContainer - [hivemq-test-hivemq-platform] [hivemq-platform-operator] [608a705e] 	at io.fabric8.kubernetes.client.dsl.internal.HasMetadataOperation.updateStatus(HasMetadataOperation.java:126)
2025-01-27 19:06:00,286 INFO c.h.h.t.HelmChartContainer - [hivemq-test-hivemq-platform] [hivemq-platform-operator] [608a705e] 	at io.fabric8.kubernetes.client.dsl.internal.HasMetadataOperation.updateStatus(HasMetadataOperation.java:44)
2025-01-27 19:06:00,286 INFO c.h.h.t.HelmChartContainer - [hivemq-test-hivemq-platform] [hivemq-platform-operator] [608a705e] 	at io.javaoperatorsdk.operator.processing.event.ReconciliationDispatcher$CustomResourceFacade.updateStatus(ReconciliationDispatcher.java:408)
2025-01-27 19:06:00,286 INFO c.h.h.t.HelmChartContainer - [hivemq-test-hivemq-platform] [hivemq-platform-operator] [608a705e] 	at io.javaoperatorsdk.operator.processing.event.ReconciliationDispatcher.updateStatusGenerationAware(ReconciliationDispatcher.java:228)
2025-01-27 19:06:00,286 INFO c.h.h.t.HelmChartContainer - [hivemq-test-hivemq-platform] [hivemq-platform-operator] [608a705e] 	at io.javaoperatorsdk.operator.processing.event.ReconciliationDispatcher.reconcileExecution(ReconciliationDispatcher.java:150)
2025-01-27 19:06:00,286 INFO c.h.h.t.HelmChartContainer - [hivemq-test-hivemq-platform] [hivemq-platform-operator] [608a705e] 	at io.javaoperatorsdk.operator.processing.event.ReconciliationDispatcher.handleReconcile(ReconciliationDispatcher.java:117)
2025-01-27 19:06:00,286 INFO c.h.h.t.HelmChartContainer - [hivemq-test-hivemq-platform] [hivemq-platform-operator] [608a705e] 	at io.javaoperatorsdk.operator.processing.event.ReconciliationDispatcher.handleDispatch(ReconciliationDispatcher.java:91)
2025-01-27 19:06:00,287 INFO c.h.h.t.HelmChartContainer - [hivemq-test-hivemq-platform] [hivemq-platform-operator] [608a705e] 	at io.javaoperatorsdk.operator.processing.event.ReconciliationDispatcher.handleExecution(ReconciliationDispatcher.java:64)
2025-01-27 19:06:00,287 INFO c.h.h.t.HelmChartContainer - [hivemq-test-hivemq-platform] [hivemq-platform-operator] [608a705e] 	at io.javaoperatorsdk.operator.processing.event.EventProcessor$ReconcilerExecutor.run(EventProcessor.java:452)
2025-01-27 19:06:00,287 INFO c.h.h.t.HelmChartContainer - [hivemq-test-hivemq-platform] [hivemq-platform-operator] [608a705e] 	at java.base/java.util.concurrent.ThreadPoolExecutor.runWorker(Unknown Source)
2025-01-27 19:06:00,287 INFO c.h.h.t.HelmChartContainer - [hivemq-test-hivemq-platform] [hivemq-platform-operator] [608a705e] 	at java.base/java.util.concurrent.ThreadPoolExecutor$Worker.run(Unknown Source)
2025-01-27 19:06:00,287 INFO c.h.h.t.HelmChartContainer - [hivemq-test-hivemq-platform] [hivemq-platform-operator] [608a705e] 	at java.base/java.lang.Thread.run(Unknown Source)
2025-01-27 19:06:00,287 INFO c.h.h.t.HelmChartContainer - [hivemq-test-hivemq-platform] [hivemq-platform-operator] [608a705e] Caused by: io.fabric8.kubernetes.client.KubernetesClientException: Failure executing: PUT at: https://10.43.0.1:443/apis/hivemq.com/v1/namespaces/customoperatornamespacesit-beta/hivemq-platforms/test-hivemq-platform-beta/status. Message: Operation cannot be fulfilled on hivemq-platforms.hivemq.com "test-hivemq-platform-beta": the object has been modified; please apply your changes to the latest version and try again. Received status: Status(apiVersion=v1, code=409, details=StatusDetails(causes=[], group=hivemq.com, kind=hivemq-platforms, name=test-hivemq-platform-beta, retryAfterSeconds=null, uid=null, additionalProperties={}), kind=Status, message=Operation cannot be fulfilled on hivemq-platforms.hivemq.com "test-hivemq-platform-beta": the object has been modified; please apply your changes to the latest version and try again, metadata=ListMeta(_continue=null, remainingItemCount=null, resourceVersion=null, selfLink=null, additionalProperties={}), reason=Conflict, status=Failure, additionalProperties={}).
2025-01-27 19:06:00,287 INFO c.h.h.t.HelmChartContainer - [hivemq-test-hivemq-platform] [hivemq-platform-operator] [608a705e] 	at io.fabric8.kubernetes.client.dsl.internal.OperationSupport.requestFailure(OperationSupport.java:660)
2025-01-27 19:06:00,287 INFO c.h.h.t.HelmChartContainer - [hivemq-test-hivemq-platform] [hivemq-platform-operator] [608a705e] 	at io.fabric8.kubernetes.client.dsl.internal.OperationSupport.requestFailure(OperationSupport.java:640)
2025-01-27 19:06:00,287 INFO c.h.h.t.HelmChartContainer - [hivemq-test-hivemq-platform] [hivemq-platform-operator] [608a705e] 	at io.fabric8.kubernetes.client.dsl.internal.OperationSupport.assertResponseCode(OperationSupport.java:589)
2025-01-27 19:06:00,287 INFO c.h.h.t.HelmChartContainer - [hivemq-test-hivemq-platform] [hivemq-platform-operator] [608a705e] 	at io.fabric8.kubernetes.client.dsl.internal.OperationSupport.lambda$handleResponse$0(OperationSupport.java:549)
2025-01-27 19:06:00,288 INFO c.h.h.t.HelmChartContainer - [hivemq-test-hivemq-platform] [hivemq-platform-operator] [608a705e] 	at java.base/java.util.concurrent.CompletableFuture$UniApply.tryFire(Unknown Source)
2025-01-27 19:06:00,288 INFO c.h.h.t.HelmChartContainer - [hivemq-test-hivemq-platform] [hivemq-platform-operator] [608a705e] 	at java.base/java.util.concurrent.CompletableFuture.postComplete(Unknown Source)
2025-01-27 19:06:00,288 INFO c.h.h.t.HelmChartContainer - [hivemq-test-hivemq-platform] [hivemq-platform-operator] [608a705e] 	at java.base/java.util.concurrent.CompletableFuture.complete(Unknown Source)
2025-01-27 19:06:00,288 INFO c.h.h.t.HelmChartContainer - [hivemq-test-hivemq-platform] [hivemq-platform-operator] [608a705e] 	at io.fabric8.kubernetes.client.http.StandardHttpClient.lambda$completeOrCancel$10(StandardHttpClient.java:141)
2025-01-27 19:06:00,288 INFO c.h.h.t.HelmChartContainer - [hivemq-test-hivemq-platform] [hivemq-platform-operator] [608a705e] 	at java.base/java.util.concurrent.CompletableFuture.uniWhenComplete(Unknown Source)
2025-01-27 19:06:00,288 INFO c.h.h.t.HelmChartContainer - [hivemq-test-hivemq-platform] [hivemq-platform-operator] [608a705e] 	at java.base/java.util.concurrent.CompletableFuture$UniWhenComplete.tryFire(Unknown Source)
2025-01-27 19:06:00,288 INFO c.h.h.t.HelmChartContainer - [hivemq-test-hivemq-platform] [hivemq-platform-operator] [608a705e] 	at java.base/java.util.concurrent.CompletableFuture.postComplete(Unknown Source)
2025-01-27 19:06:00,288 INFO c.h.h.t.HelmChartContainer - [hivemq-test-hivemq-platform] [hivemq-platform-operator] [608a705e] 	at java.base/java.util.concurrent.CompletableFuture.complete(Unknown Source)
2025-01-27 19:06:00,288 INFO c.h.h.t.HelmChartContainer - [hivemq-test-hivemq-platform] [hivemq-platform-operator] [608a705e] 	at io.fabric8.kubernetes.client.http.ByteArrayBodyHandler.onBodyDone(ByteArrayBodyHandler.java:51)
2025-01-27 19:06:00,288 INFO c.h.h.t.HelmChartContainer - [hivemq-test-hivemq-platform] [hivemq-platform-operator] [608a705e] 	at java.base/java.util.concurrent.CompletableFuture.uniWhenComplete(Unknown Source)
2025-01-27 19:06:00,288 INFO c.h.h.t.HelmChartContainer - [hivemq-test-hivemq-platform] [hivemq-platform-operator] [608a705e] 	at java.base/java.util.concurrent.CompletableFuture$UniWhenComplete.tryFire(Unknown Source)
2025-01-27 19:06:00,288 INFO c.h.h.t.HelmChartContainer - [hivemq-test-hivemq-platform] [hivemq-platform-operator] [608a705e] 	at java.base/java.util.concurrent.CompletableFuture.postComplete(Unknown Source)
2025-01-27 19:06:00,288 INFO c.h.h.t.HelmChartContainer - [hivemq-test-hivemq-platform] [hivemq-platform-operator] [608a705e] 	at java.base/java.util.concurrent.CompletableFuture.complete(Unknown Source)
2025-01-27 19:06:00,288 INFO c.h.h.t.HelmChartContainer - [hivemq-test-hivemq-platform] [hivemq-platform-operator] [608a705e] 	at io.fabric8.kubernetes.client.vertx.VertxHttpRequest.lambda$null$1(VertxHttpRequest.java:121)
2025-01-27 19:06:00,288 INFO c.h.h.t.HelmChartContainer - [hivemq-test-hivemq-platform] [hivemq-platform-operator] [608a705e] 	at io.vertx.core.impl.ContextInternal.dispatch(ContextInternal.java:279)
2025-01-27 19:06:00,288 INFO c.h.h.t.HelmChartContainer - [hivemq-test-hivemq-platform] [hivemq-platform-operator] [608a705e] 	at io.vertx.core.impl.ContextInternal.dispatch(ContextInternal.java:261)
2025-01-27 19:06:00,288 INFO c.h.h.t.HelmChartContainer - [hivemq-test-hivemq-platform] [hivemq-platform-operator] [608a705e] 	at io.vertx.core.http.impl.HttpEventHandler.handleEnd(HttpEventHandler.java:76)
2025-01-27 19:06:00,289 INFO c.h.h.t.HelmChartContainer - [hivemq-test-hivemq-platform] [hivemq-platform-operator] [608a705e] 	at io.vertx.core.http.impl.HttpClientResponseImpl.handleEnd(HttpClientResponseImpl.java:250)
2025-01-27 19:06:00,289 INFO c.h.h.t.HelmChartContainer - [hivemq-test-hivemq-platform] [hivemq-platform-operator] [608a705e] 	at io.vertx.core.http.impl.Http1xClientConnection$StreamImpl.lambda$new$0(Http1xClientConnection.java:421)
2025-01-27 19:06:00,289 INFO c.h.h.t.HelmChartContainer - [hivemq-test-hivemq-platform] [hivemq-platform-operator] [608a705e] 	at io.vertx.core.streams.impl.InboundBuffer.handleEvent(InboundBuffer.java:279)
2025-01-27 19:06:00,289 INFO c.h.h.t.HelmChartContainer - [hivemq-test-hivemq-platform] [hivemq-platform-operator] [608a705e] 	at io.vertx.core.streams.impl.InboundBuffer.write(InboundBuffer.java:157)
2025-01-27 19:06:00,289 INFO c.h.h.t.HelmChartContainer - [hivemq-test-hivemq-platform] [hivemq-platform-operator] [608a705e] 	at io.vertx.core.http.impl.Http1xClientConnection$StreamImpl.handleEnd(Http1xClientConnection.java:709)
2025-01-27 19:06:00,289 INFO c.h.h.t.HelmChartContainer - [hivemq-test-hivemq-platform] [hivemq-platform-operator] [608a705e] 	at io.vertx.core.impl.ContextImpl.execute(ContextImpl.java:313)
2025-01-27 19:06:00,289 INFO c.h.h.t.HelmChartContainer - [hivemq-test-hivemq-platform] [hivemq-platform-operator] [608a705e] 	at io.vertx.core.impl.ContextImpl.execute(ContextImpl.java:293)
2025-01-27 19:06:00,289 INFO c.h.h.t.HelmChartContainer - [hivemq-test-hivemq-platform] [hivemq-platform-operator] [608a705e] 	at io.vertx.core.http.impl.Http1xClientConnection.handleResponseEnd(Http1xClientConnection.java:940)
2025-01-27 19:06:00,289 INFO c.h.h.t.HelmChartContainer - [hivemq-test-hivemq-platform] [hivemq-platform-operator] [608a705e] 	at io.vertx.core.http.impl.Http1xClientConnection.handleHttpMessage(Http1xClientConnection.java:810)
2025-01-27 19:06:00,289 INFO c.h.h.t.HelmChartContainer - [hivemq-test-hivemq-platform] [hivemq-platform-operator] [608a705e] 	at io.vertx.core.http.impl.Http1xClientConnection.handleMessage(Http1xClientConnection.java:774)
2025-01-27 19:06:00,289 INFO c.h.h.t.HelmChartContainer - [hivemq-test-hivemq-platform] [hivemq-platform-operator] [608a705e] 	at io.vertx.core.net.impl.ConnectionBase.read(ConnectionBase.java:159)
2025-01-27 19:06:00,289 INFO c.h.h.t.HelmChartContainer - [hivemq-test-hivemq-platform] [hivemq-platform-operator] [608a705e] 	at io.vertx.core.net.impl.VertxHandler.channelRead(VertxHandler.java:153)
2025-01-27 19:06:00,289 INFO c.h.h.t.HelmChartContainer - [hivemq-test-hivemq-platform] [hivemq-platform-operator] [608a705e] 	at io.netty.channel.AbstractChannelHandlerContext.invokeChannelRead(AbstractChannelHandlerContext.java:442)
2025-01-27 19:06:00,289 INFO c.h.h.t.HelmChartContainer - [hivemq-test-hivemq-platform] [hivemq-platform-operator] [608a705e] 	at io.netty.channel.AbstractChannelHandlerContext.invokeChannelRead(AbstractChannelHandlerContext.java:420)
2025-01-27 19:06:00,289 INFO c.h.h.t.HelmChartContainer - [hivemq-test-hivemq-platform] [hivemq-platform-operator] [608a705e] 	at io.netty.channel.AbstractChannelHandlerContext.fireChannelRead(AbstractChannelHandlerContext.java:412)
2025-01-27 19:06:00,289 INFO c.h.h.t.HelmChartContainer - [hivemq-test-hivemq-platform] [hivemq-platform-operator] [608a705e] 	at io.netty.channel.CombinedChannelDuplexHandler$DelegatingChannelHandlerContext.fireChannelRead(CombinedChannelDuplexHandler.java:436)
2025-01-27 19:06:00,289 INFO c.h.h.t.HelmChartContainer - [hivemq-test-hivemq-platform] [hivemq-platform-operator] [608a705e] 	at io.netty.handler.codec.ByteToMessageDecoder.fireChannelRead(ByteToMessageDecoder.java:346)
2025-01-27 19:06:00,289 INFO c.h.h.t.HelmChartContainer - [hivemq-test-hivemq-platform] [hivemq-platform-operator] [608a705e] 	at io.netty.handler.codec.ByteToMessageDecoder.channelRead(ByteToMessageDecoder.java:318)
2025-01-27 19:06:00,289 INFO c.h.h.t.HelmChartContainer - [hivemq-test-hivemq-platform] [hivemq-platform-operator] [608a705e] 	at io.netty.channel.CombinedChannelDuplexHandler.channelRead(CombinedChannelDuplexHandler.java:251)
2025-01-27 19:06:00,289 INFO c.h.h.t.HelmChartContainer - [hivemq-test-hivemq-platform] [hivemq-platform-operator] [608a705e] 	at io.netty.channel.AbstractChannelHandlerContext.invokeChannelRead(AbstractChannelHandlerContext.java:442)
2025-01-27 19:06:00,290 INFO c.h.h.t.HelmChartContainer - [hivemq-test-hivemq-platform] [hivemq-platform-operator] [608a705e] 	at io.netty.channel.AbstractChannelHandlerContext.invokeChannelRead(AbstractChannelHandlerContext.java:420)
2025-01-27 19:06:00,290 INFO c.h.h.t.HelmChartContainer - [hivemq-test-hivemq-platform] [hivemq-platform-operator] [608a705e] 	at io.netty.channel.AbstractChannelHandlerContext.fireChannelRead(AbstractChannelHandlerContext.java:412)
2025-01-27 19:06:00,290 INFO c.h.h.t.HelmChartContainer - [hivemq-test-hivemq-platform] [hivemq-platform-operator] [608a705e] 	at io.netty.handler.ssl.SslHandler.unwrap(SslHandler.java:1475)
2025-01-27 19:06:00,290 INFO c.h.h.t.HelmChartContainer - [hivemq-test-hivemq-platform] [hivemq-platform-operator] [608a705e] 	at io.netty.handler.ssl.SslHandler.decodeJdkCompatible(SslHandler.java:1338)
2025-01-27 19:06:00,290 INFO c.h.h.t.HelmChartContainer - [hivemq-test-hivemq-platform] [hivemq-platform-operator] [608a705e] 	at io.netty.handler.ssl.SslHandler.decode(SslHandler.java:1387)
2025-01-27 19:06:00,290 INFO c.h.h.t.HelmChartContainer - [hivemq-test-hivemq-platform] [hivemq-platform-operator] [608a705e] 	at io.netty.handler.codec.ByteToMessageDecoder.decodeRemovalReentryProtection(ByteToMessageDecoder.java:530)
2025-01-27 19:06:00,290 INFO c.h.h.t.HelmChartContainer - [hivemq-test-hivemq-platform] [hivemq-platform-operator] [608a705e] 	at io.netty.handler.codec.ByteToMessageDecoder.callDecode(ByteToMessageDecoder.java:469)
2025-01-27 19:06:00,290 INFO c.h.h.t.HelmChartContainer - [hivemq-test-hivemq-platform] [hivemq-platform-operator] [608a705e] 	at io.netty.handler.codec.ByteToMessageDecoder.channelRead(ByteToMessageDecoder.java:290)
2025-01-27 19:06:00,290 INFO c.h.h.t.HelmChartContainer - [hivemq-test-hivemq-platform] [hivemq-platform-operator] [608a705e] 	at io.netty.channel.AbstractChannelHandlerContext.invokeChannelRead(AbstractChannelHandlerContext.java:444)
2025-01-27 19:06:00,290 INFO c.h.h.t.HelmChartContainer - [hivemq-test-hivemq-platform] [hivemq-platform-operator] [608a705e] 	at io.netty.channel.AbstractChannelHandlerContext.invokeChannelRead(AbstractChannelHandlerContext.java:420)
2025-01-27 19:06:00,290 INFO c.h.h.t.HelmChartContainer - [hivemq-test-hivemq-platform] [hivemq-platform-operator] [608a705e] 	at io.netty.channel.AbstractChannelHandlerContext.fireChannelRead(AbstractChannelHandlerContext.java:412)
2025-01-27 19:06:00,290 INFO c.h.h.t.HelmChartContainer - [hivemq-test-hivemq-platform] [hivemq-platform-operator] [608a705e] 	at io.netty.channel.DefaultChannelPipeline$HeadContext.channelRead(DefaultChannelPipeline.java:1407)
2025-01-27 19:06:00,290 INFO c.h.h.t.HelmChartContainer - [hivemq-test-hivemq-platform] [hivemq-platform-operator] [608a705e] 	at io.netty.channel.AbstractChannelHandlerContext.invokeChannelRead(AbstractChannelHandlerContext.java:440)
2025-01-27 19:06:00,290 INFO c.h.h.t.HelmChartContainer - [hivemq-test-hivemq-platform] [hivemq-platform-operator] [608a705e] 	at io.netty.channel.AbstractChannelHandlerContext.invokeChannelRead(AbstractChannelHandlerContext.java:420)
2025-01-27 19:06:00,290 INFO c.h.h.t.HelmChartContainer - [hivemq-test-hivemq-platform] [hivemq-platform-operator] [608a705e] 	at io.netty.channel.DefaultChannelPipeline.fireChannelRead(DefaultChannelPipeline.java:918)
2025-01-27 19:06:00,290 INFO c.h.h.t.HelmChartContainer - [hivemq-test-hivemq-platform] [hivemq-platform-operator] [608a705e] 	at io.netty.channel.nio.AbstractNioByteChannel$NioByteUnsafe.read(AbstractNioByteChannel.java:166)
2025-01-27 19:06:00,290 INFO c.h.h.t.HelmChartContainer - [hivemq-test-hivemq-platform] [hivemq-platform-operator] [608a705e] 	at io.netty.channel.nio.NioEventLoop.processSelectedKey(NioEventLoop.java:788)
2025-01-27 19:06:00,290 INFO c.h.h.t.HelmChartContainer - [hivemq-test-hivemq-platform] [hivemq-platform-operator] [608a705e] 	at io.netty.channel.nio.NioEventLoop.processSelectedKeysOptimized(NioEventLoop.java:724)
2025-01-27 19:06:00,290 INFO c.h.h.t.HelmChartContainer - [hivemq-test-hivemq-platform] [hivemq-platform-operator] [608a705e] 	at io.netty.channel.nio.NioEventLoop.processSelectedKeys(NioEventLoop.java:650)
2025-01-27 19:06:00,290 INFO c.h.h.t.HelmChartContainer - [hivemq-test-hivemq-platform] [hivemq-platform-operator] [608a705e] 	at io.netty.channel.nio.NioEventLoop.run(NioEventLoop.java:562)
2025-01-27 19:06:00,290 INFO c.h.h.t.HelmChartContainer - [hivemq-test-hivemq-platform] [hivemq-platform-operator] [608a705e] 	at io.netty.util.concurrent.SingleThreadEventExecutor$4.run(SingleThreadEventExecutor.java:997)
2025-01-27 19:06:00,290 INFO c.h.h.t.HelmChartContainer - [hivemq-test-hivemq-platform] [hivemq-platform-operator] [608a705e] 	at io.netty.util.internal.ThreadExecutorMap$2.run(ThreadExecutorMap.java:74)
2025-01-27 19:06:00,290 INFO c.h.h.t.HelmChartContainer - [hivemq-test-hivemq-platform] [hivemq-platform-operator] [608a705e] 	at io.netty.util.concurrent.FastThreadLocalRunnable.run(FastThreadLocalRunnable.java:30)
2025-01-27 19:06:00,290 INFO c.h.h.t.HelmChartContainer - [hivemq-test-hivemq-platform] [hivemq-platform-operator] [608a705e] 	... 1 common frames omitted
2025-01-27 19:06:00,291 INFO c.h.h.t.HelmChartContainer - [hivemq-test-hivemq-platform] [hivemq-platform-operator] [608a705e] 19:06:00.288 [ReconcilerExecutor-hivemq-controller-147] INFO  c.h.p.o.HiveMQPlatformReconciler - [customop] Cleanup test-hivemq-platform-beta - customoperatornamespacesit-beta HiveMQ Platform is shut down
2025-01-27 19:06:00,973 INFO c.h.h.t.HelmChartContainer - [POD] test-hivemq-platform-beta-0 [0251ab7c-407c-46c5-9693-758850d65d44] in customoperatornamespacesit-beta was MODIFIED
2025-01-27 19:06:00,977 INFO c.h.h.t.HelmChartContainer - [EVENT] Normal [Killing] Stopping container hivemq [customoperatornamespacesit-beta:test-hivemq-platform-beta-0]
2025-01-27 19:06:00,977 INFO c.h.h.t.HelmChartContainer - Received Killing event for container hivemq in pod test-hivemq-platform-beta-0 [0251ab7c-407c-46c5-9693-758850d65d44]
2025-01-27 19:06:00,977 INFO c.h.h.t.HelmChartContainer - Container [test-hivemq-platform-beta-0] [hivemq] [0251ab7c-407c-46c5-9693-758850d65d44] was terminated
2025-01-27 19:06:00,977 INFO c.h.h.t.HelmChartContainer - Stopped log watcher for hivemq in pod test-hivemq-platform-beta-0 [0251ab7c-407c-46c5-9693-758850d65d44]
2025-01-27 19:06:00,991 INFO c.h.h.t.HelmChartContainer - [test-hivemq-platform] [hivemq] [0251ab7c] INFO  - [HiveMQ Platform Operator Init App 1.7.0-SNAPSHOT] Shutting down
2025-01-27 19:06:00,992 INFO c.h.h.t.HelmChartContainer - [test-hivemq-platform] [hivemq] [0251ab7c] INFO  - [HiveMQ Platform Operator Init App 1.7.0-SNAPSHOT] Stopping the HiveMQ Platform
2025-01-27 19:06:01,184 INFO c.h.h.t.HelmChartContainer - [test-hivemq-platform] [hivemq] [0251ab7c] INFO  - Shutting down HiveMQ. Please wait, this could take a while...
2025-01-27 19:06:01,190 INFO c.h.h.t.HelmChartContainer - [test-hivemq-platform] [hivemq] [0251ab7c] INFO  - Shutting down listeners and clients
2025-01-27 19:06:01,190 INFO c.h.h.t.HelmChartContainer - [test-hivemq-platform] [hivemq] [0251ab7c] INFO  - Shutdown of listeners is done
2025-01-27 19:06:01,191 INFO c.h.h.t.HelmChartContainer - [test-hivemq-platform] [hivemq] [0251ab7c] INFO  - No clients are connected, proceeding with shutdown
2025-01-27 19:06:01,700 INFO c.h.h.t.HelmChartContainer - [test-hivemq-platform] [hivemq] [0251ab7c] INFO  - [HiveMQ Platform Operator Init App 1.7.0-SNAPSHOT] Returning shutdown Health API response 503 for readiness
2025-01-27 19:06:01,705 INFO c.h.h.t.HelmChartContainer - [EVENT] Warning [Unhealthy] Readiness probe failed: HTTP probe failed with statuscode: 503 [customoperatornamespacesit-beta:test-hivemq-platform-beta-0]
2025-01-27 19:06:01,705 INFO c.h.h.t.HelmChartContainer - Received Unhealthy event for container hivemq in pod test-hivemq-platform-beta-0 [0251ab7c-407c-46c5-9693-758850d65d44]
2025-01-27 19:06:02,182 INFO c.h.h.t.HelmChartContainer - [K3S] [authentication.go:74] "Unable to authenticate the request" err="[invalid bearer token, serviceaccounts \"hivemq-platform-pod-test-hivemq-platform-beta\" not found]"
2025-01-27 19:06:02,192 INFO c.h.h.t.HelmChartContainer - Deleting namespace 'customoperatornamespacesit-beta'...
2025-01-27 19:06:02,229 INFO c.h.h.t.HelmChartContainer - [K3S] [authentication.go:74] "Unable to authenticate the request" err="[invalid bearer token, serviceaccounts \"hivemq-platform-pod-test-hivemq-platform-beta\" not found]"
2025-01-27 19:06:02,288 INFO c.h.h.t.HelmChartContainer - [test-hivemq-platform] [hivemq] [0251ab7c] WARN  - [HiveMQ Platform Operator Init App 1.7.0-SNAPSHOT] Could not update Pod annotations: Failure executing: GET at: https://10.43.0.1:443/api/v1/namespaces/customoperatornamespacesit-beta/pods/test-hivemq-platform-beta-0. Message: Unauthorized. Received status: Status(apiVersion=v1, code=401, details=null, kind=Status, message=Unauthorized, metadata=ListMeta(_continue=null, remainingItemCount=null, resourceVersion=null, selfLink=null, additionalProperties={}), reason=Unauthorized, status=Failure, additionalProperties={}).
2025-01-27 19:06:04,861 INFO c.h.h.t.HelmChartContainer - [K3S] [namespace_controller.go:187] "Namespace has been deleted" namespace="customoperatornamespacesit-alpha"
2025-01-27 19:06:05,188 INFO c.h.h.t.HelmChartContainer - [test-hivemq-platform] [hivemq] [0251ab7c] INFO  - Shutting down extension system
2025-01-27 19:06:05,193 INFO c.h.h.t.HelmChartContainer - [test-hivemq-platform] [hivemq] [0251ab7c] INFO  - Stopping extension with id hivemq-dns-cluster-discovery
2025-01-27 19:06:05,194 INFO c.h.h.t.HelmChartContainer - [test-hivemq-platform] [hivemq] [0251ab7c] INFO  - Extension "DNS Cluster Discovery Extension" version 4.3.2 stopped successfully.
2025-01-27 19:06:05,195 INFO c.h.h.t.HelmChartContainer - [test-hivemq-platform] [hivemq] [0251ab7c] INFO  - Stopping extension with id hivemq-prometheus-extension
2025-01-27 19:06:05,199 INFO c.h.h.t.HelmChartContainer - [test-hivemq-platform] [hivemq] [0251ab7c] INFO  - Extension "Prometheus Monitoring Extension" version 4.0.12 stopped successfully.
2025-01-27 19:06:05,199 INFO c.h.h.t.HelmChartContainer - [test-hivemq-platform] [hivemq] [0251ab7c] INFO  - Stopping extension with id hivemq-allow-all-extension
2025-01-27 19:06:05,199 INFO c.h.h.t.HelmChartContainer - [test-hivemq-platform] [hivemq] [0251ab7c] INFO  - Extension "Allow All Extension" version 1.1.0 stopped successfully.
2025-01-27 19:06:06,705 INFO c.h.h.t.HelmChartContainer - [EVENT] Warning [Unhealthy] Readiness probe failed: HTTP probe failed with statuscode: 503 [customoperatornamespacesit-beta:test-hivemq-platform-beta-0]
2025-01-27 19:06:06,705 INFO c.h.h.t.HelmChartContainer - Received Unhealthy event for container hivemq in pod test-hivemq-platform-beta-0 [0251ab7c-407c-46c5-9693-758850d65d44]
2025-01-27 19:06:07,343 INFO c.h.h.t.HelmChartContainer - [K3S] [stateful_set.go:466] "StatefulSet has been deleted" key="customoperatornamespacesit-beta/test-hivemq-platform-beta"
2025-01-27 19:06:07,352 INFO c.h.h.t.HelmChartContainer - [K3S] [authentication.go:74] "Unable to authenticate the request" err="[invalid bearer token, serviceaccounts \"hivemq-platform-pod-test-hivemq-platform-beta\" not found]"
2025-01-27 19:06:07,381 INFO c.h.h.t.HelmChartContainer - [K3S] [authentication.go:74] "Unable to authenticate the request" err="[invalid bearer token, serviceaccounts \"hivemq-platform-pod-test-hivemq-platform-beta\" not found]"
2025-01-27 19:06:07,450 INFO c.h.h.t.HelmChartContainer - [test-hivemq-platform] [hivemq] [0251ab7c] WARN  - [HiveMQ Platform Operator Init App 1.7.0-SNAPSHOT] Could not update Pod annotations: Failure executing: GET at: https://10.43.0.1:443/api/v1/namespaces/customoperatornamespacesit-beta/pods/test-hivemq-platform-beta-0. Message: Unauthorized. Received status: Status(apiVersion=v1, code=401, details=null, kind=Status, message=Unauthorized, metadata=ListMeta(_continue=null, remainingItemCount=null, resourceVersion=null, selfLink=null, additionalProperties={}), reason=Unauthorized, status=Failure, additionalProperties={}).
2025-01-27 19:06:07,651 INFO c.h.h.t.HelmChartContainer - [test-hivemq-platform] [hivemq] [0251ab7c] INFO  - Shutdown completed.
2025-01-27 19:06:08,000 INFO c.h.h.t.HelmChartContainer - [test-hivemq-platform] [hivemq] [0251ab7c] INFO  - [HiveMQ Platform Operator Init App 1.7.0-SNAPSHOT] The HiveMQ Platform exited with code 143
2025-01-27 19:06:08,000 INFO c.h.h.t.HelmChartContainer - [test-hivemq-platform] [hivemq] [0251ab7c] INFO  - [HiveMQ Platform Operator Init App 1.7.0-SNAPSHOT] Stopping the REST API
2025-01-27 19:06:08,005 INFO c.h.h.t.HelmChartContainer - [test-hivemq-platform] [hivemq] [0251ab7c] INFO  - [HiveMQ Platform Operator Init App 1.7.0-SNAPSHOT] Shutdown complete
2025-01-27 19:06:08,474 INFO c.h.h.t.HelmChartContainer - [POD] test-hivemq-platform-beta-0 [0251ab7c-407c-46c5-9693-758850d65d44] in customoperatornamespacesit-beta was MODIFIED
2025-01-27 19:06:08,536 INFO c.h.h.t.HelmChartContainer - [K3S] [scope.go:117] "RemoveContainer" containerID="bebc66bb46839fbba6f2680c9ecf3be98543ce8214be62e169464dc3f60fff14"
2025-01-27 19:06:08,558 INFO c.h.h.t.HelmChartContainer - [K3S] [reconciler_common.go:162] "operationExecutor.UnmountVolume started for volume \"pod-info\" (UniqueName: \"kubernetes.io/configmap/0251ab7c-407c-46c5-9693-758850d65d44-pod-info\") pod \"0251ab7c-407c-46c5-9693-758850d65d44\" (UID: \"0251ab7c-407c-46c5-9693-758850d65d44\") "
2025-01-27 19:06:08,558 INFO c.h.h.t.HelmChartContainer - [K3S] [reconciler_common.go:162] "operationExecutor.UnmountVolume started for volume \"kube-api-access-l9l89\" (UniqueName: \"kubernetes.io/projected/0251ab7c-407c-46c5-9693-758850d65d44-kube-api-access-l9l89\") pod \"0251ab7c-407c-46c5-9693-758850d65d44\" (UID: \"0251ab7c-407c-46c5-9693-758850d65d44\") "
2025-01-27 19:06:08,559 INFO c.h.h.t.HelmChartContainer - [K3S] [reconciler_common.go:162] "operationExecutor.UnmountVolume started for volume \"operator-init\" (UniqueName: \"kubernetes.io/empty-dir/0251ab7c-407c-46c5-9693-758850d65d44-operator-init\") pod \"0251ab7c-407c-46c5-9693-758850d65d44\" (UID: \"0251ab7c-407c-46c5-9693-758850d65d44\") "
2025-01-27 19:06:08,560 INFO c.h.h.t.HelmChartContainer - [K3S] [reconciler_common.go:162] "operationExecutor.UnmountVolume started for volume \"broker-configuration\" (UniqueName: \"kubernetes.io/configmap/0251ab7c-407c-46c5-9693-758850d65d44-broker-configuration\") pod \"0251ab7c-407c-46c5-9693-758850d65d44\" (UID: \"0251ab7c-407c-46c5-9693-758850d65d44\") "
2025-01-27 19:06:08,633 INFO c.h.h.t.HelmChartContainer - [K3S] [scope.go:117] "RemoveContainer" containerID="249d214546c1f1af60fb7d2f54c8af9e64eb62cad3818d3acdae70f697744252"
2025-01-27 19:06:08,636 INFO c.h.h.t.HelmChartContainer - [K3S] [scope.go:117] "RemoveContainer" containerID="bebc66bb46839fbba6f2680c9ecf3be98543ce8214be62e169464dc3f60fff14"
2025-01-27 19:06:08,637 INFO c.h.h.t.HelmChartContainer - [K3S] [scope.go:117] "RemoveContainer" containerID="249d214546c1f1af60fb7d2f54c8af9e64eb62cad3818d3acdae70f697744252"
2025-01-27 19:06:08,658 INFO c.h.h.t.HelmChartContainer - [K3S] [reconciler_common.go:299] "Volume detached for volume \"operator-init\" (UniqueName: \"kubernetes.io/empty-dir/0251ab7c-407c-46c5-9693-758850d65d44-operator-init\") on node \"52733b76dd2d\" DevicePath \"\""
2025-01-27 19:06:08,658 INFO c.h.h.t.HelmChartContainer - [K3S] [reconciler_common.go:299] "Volume detached for volume \"broker-configuration\" (UniqueName: \"kubernetes.io/configmap/0251ab7c-407c-46c5-9693-758850d65d44-broker-configuration\") on node \"52733b76dd2d\" DevicePath \"\""
2025-01-27 19:06:08,658 INFO c.h.h.t.HelmChartContainer - [K3S] [reconciler_common.go:299] "Volume detached for volume \"kube-api-access-l9l89\" (UniqueName: \"kubernetes.io/projected/0251ab7c-407c-46c5-9693-758850d65d44-kube-api-access-l9l89\") on node \"52733b76dd2d\" DevicePath \"\""
2025-01-27 19:06:08,659 INFO c.h.h.t.HelmChartContainer - [K3S] [reconciler_common.go:299] "Volume detached for volume \"pod-info\" (UniqueName: \"kubernetes.io/configmap/0251ab7c-407c-46c5-9693-758850d65d44-pod-info\") on node \"52733b76dd2d\" DevicePath \"\""
2025-01-27 19:06:08,850 INFO c.h.h.t.HelmChartContainer - [POD] test-hivemq-platform-beta-0 [0251ab7c-407c-46c5-9693-758850d65d44] in customoperatornamespacesit-beta was MODIFIED
2025-01-27 19:06:08,853 INFO c.h.h.t.HelmChartContainer - [POD] test-hivemq-platform-beta-0 [0251ab7c-407c-46c5-9693-758850d65d44] in customoperatornamespacesit-beta was DELETED
2025-01-27 19:06:09,313 INFO c.h.h.t.HelmChartContainer - [K3S] [kubelet_volumes.go:163] "Cleaned up orphaned pod volumes dir" podUID="0251ab7c-407c-46c5-9693-758850d65d44" path="/var/lib/kubelet/pods/0251ab7c-407c-46c5-9693-758850d65d44/volumes"
2025-01-27 19:06:12,550 INFO c.h.h.t.HelmChartContainer - Namespace 'customoperatornamespacesit-beta' deleted
2025-01-27 19:06:12,550 INFO c.h.h.t.HelmChartContainer - Release 'test-hivemq-platform-beta' in namespace 'customoperatornamespacesit-beta' is uninstalled
2025-01-27 19:06:12,550 INFO c.h.h.t.HelmChartContainer - Uninstalling release 'test-hivemq-platform-gamma' in namespace 'customoperatornamespacesit-gamma'...
2025-01-27 19:06:12,550 DEBUG c.h.h.t.HelmChartContainer - Executing helm command: /bin/helm --kubeconfig /etc/rancher/k3s/k3s.yaml uninstall test-hivemq-platform-gamma  --wait --timeout 5m0s --cascade foreground --namespace customoperatornamespacesit-gamma
2025-01-27 19:06:14,785 INFO c.h.h.t.HelmChartContainer - Deleting namespace 'customoperatornamespacesit-gamma'...
2025-01-27 19:06:17,456 INFO c.h.h.t.HelmChartContainer - [K3S] [namespace_controller.go:187] "Namespace has been deleted" namespace="customoperatornamespacesit-beta"
2025-01-27 19:06:19,904 INFO c.h.h.t.HelmChartContainer - Namespace 'customoperatornamespacesit-gamma' deleted
2025-01-27 19:06:19,904 INFO c.h.h.t.HelmChartContainer - Release 'test-hivemq-platform-gamma' in namespace 'customoperatornamespacesit-gamma' is uninstalled
2025-01-27 19:06:19,904 INFO c.h.h.t.HelmChartContainer - Uninstalling release 'test-hivemq-platform-operator' in namespace 'customoperatornamespacesit-operator'...
2025-01-27 19:06:19,904 DEBUG c.h.h.t.HelmChartContainer - Executing helm command: /bin/helm --kubeconfig /etc/rancher/k3s/k3s.yaml uninstall test-hivemq-platform-operator  --wait --timeout 5m0s --cascade foreground --namespace customoperatornamespacesit-operator
2025-01-27 19:06:20,082 INFO c.h.h.t.HelmChartContainer - [K3S] [replica_set.go:679] "Finished syncing" kind="ReplicaSet" key="customoperatornamespacesit-operator/hivemq-test-hivemq-platform-operator-6c7f4cc7b" duration="11.472409ms"
2025-01-27 19:06:20,084 INFO c.h.h.t.HelmChartContainer - [K3S] [replica_set.go:679] "Finished syncing" kind="ReplicaSet" key="customoperatornamespacesit-operator/hivemq-test-hivemq-platform-operator-6c7f4cc7b" duration="36.007µs"
2025-01-27 19:06:20,094 INFO c.h.h.t.HelmChartContainer - [POD] hivemq-test-hivemq-platform-operator-6c7f4cc7b-cg9bp [608a705e-f630-4f72-bda5-a4ace470c71d] in customoperatornamespacesit-operator was MODIFIED
2025-01-27 19:06:20,103 INFO c.h.h.t.HelmChartContainer - [EVENT] Normal [Killing] Stopping container hivemq-platform-operator [customoperatornamespacesit-operator:hivemq-test-hivemq-platform-operator-6c7f4cc7b-cg9bp]
2025-01-27 19:06:20,104 INFO c.h.h.t.HelmChartContainer - Received Killing event for container hivemq-platform-operator in pod hivemq-test-hivemq-platform-operator-6c7f4cc7b-cg9bp [608a705e-f630-4f72-bda5-a4ace470c71d]
2025-01-27 19:06:20,104 INFO c.h.h.t.HelmChartContainer - Container [hivemq-test-hivemq-platform-operator-6c7f4cc7b-cg9bp] [hivemq-platform-operator] [608a705e-f630-4f72-bda5-a4ace470c71d] was terminated
2025-01-27 19:06:20,104 INFO c.h.h.t.HelmChartContainer - Stopped log watcher for hivemq-platform-operator in pod hivemq-test-hivemq-platform-operator-6c7f4cc7b-cg9bp [608a705e-f630-4f72-bda5-a4ace470c71d]
2025-01-27 19:06:20,106 INFO c.h.h.t.HelmChartContainer - [hivemq-test-hivemq-platform] [hivemq-platform-operator] [608a705e] 19:06:20.104 [application-shutdown-thread] INFO  c.h.p.o.HiveMQPlatformOperatorApplication - HiveMQ Platform Operator is stopping...
2025-01-27 19:06:20,107 INFO c.h.h.t.HelmChartContainer - [hivemq-test-hivemq-platform] [hivemq-platform-operator] [608a705e] 19:06:20.105 [application-shutdown-thread] INFO  i.javaoperatorsdk.operator.Operator - Operator SDK 4.9.7 is shutting down...
2025-01-27 19:06:20,108 INFO c.h.h.t.HelmChartContainer - [K3S] [replica_set.go:679] "Finished syncing" kind="ReplicaSet" key="customoperatornamespacesit-operator/hivemq-test-hivemq-platform-operator-6c7f4cc7b" duration="13.058823ms"
2025-01-27 19:06:20,111 INFO c.h.h.t.HelmChartContainer - [K3S] [replica_set.go:679] "Finished syncing" kind="ReplicaSet" key="customoperatornamespacesit-operator/hivemq-test-hivemq-platform-operator-6c7f4cc7b" duration="42.319µs"
2025-01-27 19:06:20,600 INFO c.h.h.t.HelmChartContainer - [K3S] [replica_set.go:679] "Finished syncing" kind="ReplicaSet" key="customoperatornamespacesit-operator/hivemq-test-hivemq-platform-operator-6c7f4cc7b" duration="39.824µs"
2025-01-27 19:06:20,601 INFO c.h.h.t.HelmChartContainer - [POD] hivemq-test-hivemq-platform-operator-6c7f4cc7b-cg9bp [608a705e-f630-4f72-bda5-a4ace470c71d] in customoperatornamespacesit-operator was MODIFIED
2025-01-27 19:06:20,629 INFO c.h.h.t.HelmChartContainer - [K3S] [reconciler_common.go:162] "operationExecutor.UnmountVolume started for volume \"kube-api-access-vfpg4\" (UniqueName: \"kubernetes.io/projected/608a705e-f630-4f72-bda5-a4ace470c71d-kube-api-access-vfpg4\") pod \"608a705e-f630-4f72-bda5-a4ace470c71d\" (UID: \"608a705e-f630-4f72-bda5-a4ace470c71d\") "
2025-01-27 19:06:20,730 INFO c.h.h.t.HelmChartContainer - [K3S] [reconciler_common.go:299] "Volume detached for volume \"kube-api-access-vfpg4\" (UniqueName: \"kubernetes.io/projected/608a705e-f630-4f72-bda5-a4ace470c71d-kube-api-access-vfpg4\") on node \"52733b76dd2d\" DevicePath \"\""
2025-01-27 19:06:21,559 INFO c.h.h.t.HelmChartContainer - [K3S] [scope.go:117] "RemoveContainer" containerID="c96181be9c32257dc6249ea7d0528b5feaf70fec6fd4c814729b2382ad28ded1"
2025-01-27 19:06:21,569 INFO c.h.h.t.HelmChartContainer - [K3S] [replica_set.go:679] "Finished syncing" kind="ReplicaSet" key="customoperatornamespacesit-operator/hivemq-test-hivemq-platform-operator-6c7f4cc7b" duration="43.882µs"
2025-01-27 19:06:21,570 INFO c.h.h.t.HelmChartContainer - [POD] hivemq-test-hivemq-platform-operator-6c7f4cc7b-cg9bp [608a705e-f630-4f72-bda5-a4ace470c71d] in customoperatornamespacesit-operator was MODIFIED
2025-01-27 19:06:21,571 INFO c.h.h.t.HelmChartContainer - [K3S] [replica_set.go:679] "Finished syncing" kind="ReplicaSet" key="customoperatornamespacesit-operator/hivemq-test-hivemq-platform-operator-6c7f4cc7b" duration="28.243µs"
2025-01-27 19:06:21,573 INFO c.h.h.t.HelmChartContainer - [POD] hivemq-test-hivemq-platform-operator-6c7f4cc7b-cg9bp [608a705e-f630-4f72-bda5-a4ace470c71d] in customoperatornamespacesit-operator was DELETED
2025-01-27 19:06:21,582 INFO c.h.h.t.HelmChartContainer - [K3S] [replica_set.go:679] "Finished syncing" kind="ReplicaSet" key="customoperatornamespacesit-operator/hivemq-test-hivemq-platform-operator-6c7f4cc7b" duration="5.49µs"
2025-01-27 19:06:22,115 INFO c.h.h.t.HelmChartContainer - Deleting namespace 'customoperatornamespacesit-operator'...
2025-01-27 19:06:23,313 INFO c.h.h.t.HelmChartContainer - [K3S] [kubelet_volumes.go:163] "Cleaned up orphaned pod volumes dir" podUID="608a705e-f630-4f72-bda5-a4ace470c71d" path="/var/lib/kubelet/pods/608a705e-f630-4f72-bda5-a4ace470c71d/volumes"
2025-01-27 19:06:24,889 INFO c.h.h.t.HelmChartContainer - [K3S] [namespace_controller.go:187] "Namespace has been deleted" namespace="customoperatornamespacesit-gamma"
2025-01-27 19:06:27,332 INFO c.h.h.t.HelmChartContainer - Namespace 'customoperatornamespacesit-operator' deleted
2025-01-27 19:06:27,332 INFO c.h.h.t.HelmChartContainer - Release 'test-hivemq-platform-operator' in namespace 'customoperatornamespacesit-operator' is uninstalled
2025-01-27 19:06:27,975 INFO c.h.helmcharts.AbstractHelmChartIT - Removed unused containers:

2025-01-27 19:06:32,246 INFO c.h.h.t.HelmChartContainer - [K3S] [namespace_controller.go:187] "Namespace has been deleted" namespace="customoperatornamespacesit-operator"
2025-01-27 19:06:35,744 INFO c.h.helmcharts.AbstractHelmChartIT - Removed unused snapshots:
Removing snapshot sha256:026a712f86a389a5fd74927b58e3b9c46d97b4685244a93cf8afd5dd2d926256
Removing snapshot sha256:03af251906410714c5aef9fa705b63f6bbc39c4a5e787de7361eeb18886c2ed2
Removing snapshot sha256:04586d725303b4dcbc0cdc42a56e7852bc8859e90a3b42def5c29ab6c5b2378a
Removing snapshot sha256:0c46b3b43cce082ce5ec34ffc6c294e0417d17b9d1e6f366d114b6aadc4f96dc
Removing snapshot sha256:0ce761beee59082d6ed5bcebd3a805b8ddd9b3426b617e4809e7fb7c6587ffec
Removing snapshot sha256:1021ef88c7974bfff89c5a0ec4fd3160daac6c48a075f74cff721f85dd104e68
Removing snapshot sha256:10aba4953ddc18145dd38e3704709bc464aa20af60b56fe52caaff4b68411e62
Removing snapshot sha256:12fcdb97878a8124028dd759e7639b77bca16c0f46aabea18189ae25af2554ab
Removing snapshot sha256:2573e0d8158209ed54ab25c87bcdcb00bd3d2539246960a3d592a1c599d70465
Removing snapshot sha256:362a8a37f8bbc31925a8146adcf7cf51f9882f5c1dcbef67c5baa03a297543c0
Removing snapshot sha256:3fa4ad33f0ddc8fd45b39b6b4640f82a3a83619606cd975bfe89d8710ad2d4cd
Removing snapshot sha256:43a7c979bbaba6838bc3102d6b10a1459f3ab050b87ccdfef84ef90cf43d3058
Removing snapshot sha256:444feed6c70e3eb7dc6db9afe6d29004ef78317aba0376d7ca16f92abdf0f3dc
Removing snapshot sha256:4ab04491cdf0d3267f08206fe30bd48f49f94b9cab2f016d6739220f722a64af
Removing snapshot sha256:4b6068250e89c96f263060261819c7d912855bfbd64b3eb4c4a8483299b8c295
Removing snapshot sha256:54760460dde328a0df5fb97426e3821ea3128f2a777231b6e8478cdaf84d50a9
Removing snapshot sha256:580e69a0a8034ede1921139bbd2bfb72a69ebf276d008281896c32dd8bf74775
Removing snapshot sha256:5ad32423e4b556ca23e4a282f00b6c28ba2ec8ad2b7822350a080868a3597d3e
Removing snapshot sha256:5d30ba46b27fe37484567ccc5242cadc78217b8da605f3f195ef25cbf7487904
Removing snapshot sha256:63ca1fbb43ae5034640e5e6cb3e083e05c290072c5366fcaa9d62435a4cced85
Removing snapshot sha256:67f702c6baae873bceb19487c8b1f27bd2b86077e4f2f0e480e6d60ab508b8f5
Removing snapshot sha256:6864348dd42806d552efdec384f1274be15e2d0c10ce44c1f04347af004c10a9
Removing snapshot sha256:6b6a1f10cca10ea08499c191fc025406a23858de44f58930b06dc6608ff034e5
Removing snapshot sha256:6c7dee8f2c39b84b7dc2711c01d33de93514d9055499173e9290176fbe484b6c
Removing snapshot sha256:82753493a6d61ded36556292f02f31841a14c20d2f279f19eaad65afb661d5cd
Removing snapshot sha256:8a10d3db42c505ee0fcfa98417bdd7e39b304f6bcc0a06bb1b220797ff2cc63c
Removing snapshot sha256:a21e5b12dbac529ad45d976eb9ce45c881f3bedcc500fb30aba1e52aa1813418
Removing snapshot sha256:b921e6c28969094157f9b8e7244677780319637afd14450b7cb6b2fdea558a0c
Removing snapshot sha256:bc27ecb5769a00e309cf99ebc763c4a4b958b618d1decc96ffac5bc05f02f5b7
Removing snapshot sha256:be3ccb6627a5332e309d45ef461d09b4879dd870c7394d89323d0ebc6ca6aa8a
Removing snapshot sha256:c261f7cbbc64211ee175ee47273acdb7b1a36a4450b397a064a8f2c026490095
Removing snapshot sha256:c34d9393647eea0c9e3557ab988efaf59f61d10a2a5613b439ef0958cca5ec10
Removing snapshot sha256:ccf3c4a0fa967a41c1c83497a2ce6fa5787965859df0adb32c4ca2cf7490bc2b
Removing snapshot sha256:cf92d33f869417309692088c341cd0f223c178ea78a125f757317b22aa8f90e9
Removing snapshot sha256:d0037344cf2fb078884f1849f6a1f8cf9a33a3b6139b6a85833e5ee528e1f9a8
Removing snapshot sha256:d3b36d5b79273b1e98e7700470eaeff05a882e777124d84cebcc1505b85ecb36
Removing snapshot sha256:d65a44a37914602d12c611e5e22a50f11451d847e63015cc1c2aef92dee777a4
Removing snapshot sha256:e2dc0bae2455930f23ae570e019b7f32edc75c0f2d71cab084db837ff9051796
Removing snapshot sha256:e31519795c7e3df686c447a21ec8d2eb301388a5e39ccf7f20a25c6f6ce3a522
Removing snapshot sha256:e9e86ed11d9bebc0707dd6f1166c51237ebb44f98657241f943261b2675a5449
Removing snapshot sha256:eccbd24a99c60cd9e86ee5305dbfc4a4dc89f5ab4fb1f06c8d64797cecedef34
Removing snapshot sha256:edd1404c718ab99ca3456bdf222065033800bb67d4334a9642746685a24394cd
Removing snapshot sha256:f144bb4c7c7f0d2aa7eeffd36d934ec40db1ee167be727e326aad9fdc616f475
Removing snapshot sha256:f805ca872e2a9161c62544b5280712e09bfcc20d57835c0208136cb7f9d07e5a

]]></system-out>
  </testcase>
  <system-out><![CDATA[2025-01-27 19:03:49,702 INFO c.h.h.t.HelmChartContainerExtension - Using cached HelmChartContainer instance
2025-01-27 19:03:49,708 INFO c.h.h.t.HelmChartContainerExtension - Creating cached HelmChartContainer instance
2025-01-27 19:03:49,725 INFO o.testcontainers.DockerClientFactory - Testcontainers version: 1.20.4
2025-01-27 19:03:50,102 INFO o.t.d.DockerClientProviderStrategy - Found Docker environment with local Unix socket (unix:///var/run/docker.sock)
2025-01-27 19:03:50,110 INFO o.testcontainers.DockerClientFactory - Docker host IP address is localhost
2025-01-27 19:03:50,126 INFO o.testcontainers.DockerClientFactory - Connected to docker: 
  Server Version: 26.1.3
  API Version: 1.45
  Operating System: Ubuntu 24.04.1 LTS
  Total Memory: 15990 MB
2025-01-27 19:03:50,133 INFO o.testcontainers.images.PullPolicy - Image pull policy will be performed by: DefaultPullPolicy()
2025-01-27 19:03:50,135 INFO o.t.utility.ImageNameSubstitutor - Image name substitution will be performed by: DefaultImageNameSubstitutor (composite of 'ConfigurationFileImageNameSubstitutor' and 'PrefixingImageNameSubstitutor')
2025-01-27 19:03:50,161 INFO tc.testcontainers/ryuk:0.11.0 - Pulling docker image: testcontainers/ryuk:0.11.0. Please be patient; this may take some time but only needs to be done once.
2025-01-27 19:03:50,565 INFO tc.testcontainers/ryuk:0.11.0 - Starting to pull image
2025-01-27 19:03:50,580 INFO tc.testcontainers/ryuk:0.11.0 - Pulling image layers:  0 pending,  0 downloaded,  0 extracted, (0 bytes/0 bytes)
2025-01-27 19:03:50,787 INFO tc.testcontainers/ryuk:0.11.0 - Pulling image layers:  2 pending,  1 downloaded,  0 extracted, (116 KB/? MB)
2025-01-27 19:03:50,788 INFO tc.testcontainers/ryuk:0.11.0 - Pulling image layers:  1 pending,  2 downloaded,  0 extracted, (116 KB/? MB)
2025-01-27 19:03:50,801 INFO tc.testcontainers/ryuk:0.11.0 - Pulling image layers:  0 pending,  3 downloaded,  0 extracted, (144 KB/10 MB)
2025-01-27 19:03:50,890 INFO tc.testcontainers/ryuk:0.11.0 - Pulling image layers:  0 pending,  3 downloaded,  1 extracted, (3 MB/10 MB)
2025-01-27 19:03:51,029 INFO tc.testcontainers/ryuk:0.11.0 - Pulling image layers:  0 pending,  3 downloaded,  2 extracted, (4 MB/10 MB)
2025-01-27 19:03:51,068 INFO tc.testcontainers/ryuk:0.11.0 - Pulling image layers:  0 pending,  3 downloaded,  3 extracted, (10 MB/10 MB)
2025-01-27 19:03:51,073 INFO tc.testcontainers/ryuk:0.11.0 - Image testcontainers/ryuk:0.11.0 pull took PT0.911841819S
2025-01-27 19:03:51,092 INFO tc.testcontainers/ryuk:0.11.0 - Creating container for image: testcontainers/ryuk:0.11.0
2025-01-27 19:03:51,151 INFO tc.testcontainers/ryuk:0.11.0 - Container testcontainers/ryuk:0.11.0 is starting: 70edcdeb1ad7a6e6e20e6b54a2a6a95a79a444f8386e489eb601eed4d80f8fcd
2025-01-27 19:03:51,403 INFO tc.testcontainers/ryuk:0.11.0 - Container testcontainers/ryuk:0.11.0 started in PT0.311015895S
2025-01-27 19:03:51,408 INFO o.t.utility.RyukResourceReaper - Ryuk started - will monitor and terminate Testcontainers containers on JVM exit
2025-01-27 19:03:51,408 INFO o.testcontainers.DockerClientFactory - Checking the system...
2025-01-27 19:03:51,409 INFO o.testcontainers.DockerClientFactory - ✔︎ Docker server version should be at least 1.6.0
2025-01-27 19:03:51,485 INFO o.t.i.builder.ImageFromDockerfile - Pre-emptively checking local images for 'ubuntu:noble-20241118.1@sha256:80dd3c3b9c6cecb9f1667e9290b3bc61b78c2678c02cbdae5f0fea92cc6734ab', referenced via a Dockerfile. If not available, it will be pulled.
2025-01-27 19:03:51,488 INFO t.u.1@sha256:80dd3c... - Pulling docker image: ubuntu:noble-20241118.1@sha256:80dd3c3b9c6cecb9f1667e9290b3bc61b78c2678c02cbdae5f0fea92cc6734ab. Please be patient; this may take some time but only needs to be done once.
2025-01-27 19:03:51,736 INFO t.u.1@sha256:80dd3c... - Starting to pull image
2025-01-27 19:03:51,737 INFO t.u.1@sha256:80dd3c... - Pulling image layers:  0 pending,  0 downloaded,  0 extracted, (0 bytes/0 bytes)
2025-01-27 19:03:52,157 INFO t.u.1@sha256:80dd3c... - Pulling image layers:  0 pending,  1 downloaded,  0 extracted, (28 MB/28 MB)
2025-01-27 19:03:53,079 INFO t.u.1@sha256:80dd3c... - Pulling image layers:  0 pending,  1 downloaded,  1 extracted, (28 MB/28 MB)
2025-01-27 19:03:53,083 INFO t.u.1@sha256:80dd3c... - Pull complete. 1 layers, pulled in 1s (downloaded 28 MB at 28 MB/s)
2025-01-27 19:03:53,083 INFO t.u.1@sha256:80dd3c... - Image ubuntu:noble-20241118.1@sha256:80dd3c3b9c6cecb9f1667e9290b3bc61b78c2678c02cbdae5f0fea92cc6734ab pull took PT1.595480136S
2025-01-27 19:03:53,086 INFO o.t.i.builder.ImageFromDockerfile - Pre-emptively checking local images for 'rancher/k3s:v1.32.0-k3s1', referenced via a Dockerfile. If not available, it will be pulled.
2025-01-27 19:03:53,087 INFO tc.rancher/k3s:v1.32.0-k3s1 - Pulling docker image: rancher/k3s:v1.32.0-k3s1. Please be patient; this may take some time but only needs to be done once.
2025-01-27 19:03:53,434 INFO tc.rancher/k3s:v1.32.0-k3s1 - Starting to pull image
2025-01-27 19:03:53,435 INFO tc.rancher/k3s:v1.32.0-k3s1 - Pulling image layers:  0 pending,  0 downloaded,  0 extracted, (0 bytes/0 bytes)
2025-01-27 19:03:54,380 INFO tc.rancher/k3s:v1.32.0-k3s1 - Pulling image layers:  0 pending,  1 downloaded,  0 extracted, (66 MB/71 MB)
2025-01-27 19:03:55,425 INFO tc.rancher/k3s:v1.32.0-k3s1 - Pulling image layers:  0 pending,  1 downloaded,  1 extracted, (71 MB/71 MB)
2025-01-27 19:03:55,430 INFO tc.rancher/k3s:v1.32.0-k3s1 - Image rancher/k3s:v1.32.0-k3s1 pull took PT2.342550596S
2025-01-27 19:03:55,430 INFO tc.rancher/k3s:v1.32.0-k3s1 - Pull complete. 1 layers, pulled in 1s (downloaded 71 MB at 71 MB/s)
2025-01-27 19:03:55,436 INFO o.t.i.builder.ImageFromDockerfile - Transferred 0 bytes to Docker daemon
2025-01-27 19:04:10,019 INFO c.h.h.t.HelmChartContainer - Starting HelmChartContainer...
2025-01-27 19:04:10,022 INFO t.localhost/testcontainers/8fkedrfwqk3oswh1:latest - Creating container for image: localhost/testcontainers/8fkedrfwqk3oswh1:latest
2025-01-27 19:04:10,090 INFO tc.alpine:3.17 - Pulling docker image: alpine:3.17. Please be patient; this may take some time but only needs to be done once.
2025-01-27 19:04:10,452 INFO tc.alpine:3.17 - Starting to pull image
2025-01-27 19:04:10,453 INFO tc.alpine:3.17 - Pulling image layers:  0 pending,  0 downloaded,  0 extracted, (0 bytes/0 bytes)
2025-01-27 19:04:10,691 INFO tc.alpine:3.17 - Pulling image layers:  0 pending,  1 downloaded,  0 extracted, (33 KB/3 MB)
2025-01-27 19:04:10,788 INFO tc.alpine:3.17 - Pulling image layers:  0 pending,  1 downloaded,  1 extracted, (3 MB/3 MB)
2025-01-27 19:04:10,793 INFO tc.alpine:3.17 - Image alpine:3.17 pull took PT0.702894261S
2025-01-27 19:04:11,332 INFO t.localhost/testcontainers/8fkedrfwqk3oswh1:latest - Container localhost/testcontainers/8fkedrfwqk3oswh1:latest is starting: 52733b76dd2d1ae32904a100ba7300b575d1f8b0ba1b02192f95ead7baa12aa3
2025-01-27 19:04:11,683 INFO c.h.h.t.HelmChartContainer - [K3S] [INFO] Starting k3s v1.32.0+k3s1 (cca8faca)
2025-01-27 19:04:11,685 INFO c.h.h.t.HelmChartContainer - [K3S] [INFO] Configuring sqlite3 database connection pooling: maxIdleConns=2, maxOpenConns=0, connMaxLifetime=0s
2025-01-27 19:04:11,685 INFO c.h.h.t.HelmChartContainer - [K3S] [INFO] Configuring database table schema and indexes, this may take a moment...
2025-01-27 19:04:11,688 INFO c.h.h.t.HelmChartContainer - [K3S] [INFO] Database tables and indexes are up to date
2025-01-27 19:04:11,691 INFO c.h.h.t.HelmChartContainer - [K3S] [INFO] Kine available at unix://kine.sock
2025-01-27 19:04:11,931 INFO c.h.h.t.HelmChartContainer - [K3S] [INFO] Saving cluster bootstrap data to datastore
2025-01-27 19:04:11,932 INFO c.h.h.t.HelmChartContainer - [K3S] [WARNING] dynamiclistener [::]:6443: no cached certificate available for preload - deferring certificate load until storage initialization or first client request
2025-01-27 19:04:11,933 INFO c.h.h.t.HelmChartContainer - [K3S] [INFO] Active TLS secret / (ver=) (count 10): map[listener.cattle.io/cn-10.43.0.1:10.43.0.1 listener.cattle.io/cn-127.0.0.1:127.0.0.1 listener.cattle.io/cn-172.18.0.2:172.18.0.2 listener.cattle.io/cn-52733b76dd2d:52733b76dd2d listener.cattle.io/cn-__1-f16284:::1 listener.cattle.io/cn-kubernetes:kubernetes listener.cattle.io/cn-kubernetes.default:kubernetes.default listener.cattle.io/cn-kubernetes.default.svc:kubernetes.default.svc listener.cattle.io/cn-kubernetes.default.svc.cluster.local:kubernetes.default.svc.cluster.local listener.cattle.io/cn-localhost:localhost listener.cattle.io/fingerprint:SHA1=E7B3BDE79C55B612B0BE9366B2B2B43140313ED1]
2025-01-27 19:04:12,098 INFO c.h.h.t.HelmChartContainer - [K3S] [INFO] Running kube-apiserver --advertise-port=6443 --allow-privileged=true --anonymous-auth=false --api-audiences=https://kubernetes.default.svc.cluster.local,k3s --authorization-mode=Node,RBAC --bind-address=127.0.0.1 --cert-dir=/var/lib/rancher/k3s/server/tls/temporary-certs --client-ca-file=/var/lib/rancher/k3s/server/tls/client-ca.crt --egress-selector-config-file=/var/lib/rancher/k3s/server/etc/egress-selector-config.yaml --enable-admission-plugins=NodeRestriction --enable-aggregator-routing=true --enable-bootstrap-token-auth=true --etcd-compaction-interval=0s --etcd-servers=unix://kine.sock --kubelet-certificate-authority=/var/lib/rancher/k3s/server/tls/server-ca.crt --kubelet-client-certificate=/var/lib/rancher/k3s/server/tls/client-kube-apiserver.crt --kubelet-client-key=/var/lib/rancher/k3s/server/tls/client-kube-apiserver.key --kubelet-preferred-address-types=InternalIP,ExternalIP,Hostname --profiling=false --proxy-client-cert-file=/var/lib/rancher/k3s/server/tls/client-auth-proxy.crt --proxy-client-key-file=/var/lib/rancher/k3s/server/tls/client-auth-proxy.key --requestheader-allowed-names=system:auth-proxy --requestheader-client-ca-file=/var/lib/rancher/k3s/server/tls/request-header-ca.crt --requestheader-extra-headers-prefix=X-Remote-Extra- --requestheader-group-headers=X-Remote-Group --requestheader-username-headers=X-Remote-User --secure-port=6444 --service-account-issuer=https://kubernetes.default.svc.cluster.local --service-account-key-file=/var/lib/rancher/k3s/server/tls/service.key --service-account-signing-key-file=/var/lib/rancher/k3s/server/tls/service.current.key --service-cluster-ip-range=10.43.0.0/16 --service-node-port-range=30000-32767 --storage-backend=etcd3 --tls-cert-file=/var/lib/rancher/k3s/server/tls/serving-kube-apiserver.crt --tls-cipher-suites=TLS_ECDHE_ECDSA_WITH_AES_256_GCM_SHA384,TLS_ECDHE_RSA_WITH_AES_256_GCM_SHA384,TLS_ECDHE_ECDSA_WITH_AES_128_GCM_SHA256,TLS_ECDHE_RSA_WITH_AES_128_GCM_SHA256,TLS_ECDHE_ECDSA_WITH_CHACHA20_POLY1305,TLS_ECDHE_RSA_WITH_CHACHA20_POLY1305 --tls-private-key-file=/var/lib/rancher/k3s/server/tls/serving-kube-apiserver.key
2025-01-27 19:04:12,099 INFO c.h.h.t.HelmChartContainer - [K3S] [INFO] Running kube-scheduler --authentication-kubeconfig=/var/lib/rancher/k3s/server/cred/scheduler.kubeconfig --authorization-kubeconfig=/var/lib/rancher/k3s/server/cred/scheduler.kubeconfig --bind-address=127.0.0.1 --kubeconfig=/var/lib/rancher/k3s/server/cred/scheduler.kubeconfig --leader-elect=false --profiling=false --secure-port=10259
2025-01-27 19:04:12,100 INFO c.h.h.t.HelmChartContainer - [K3S] [INFO] Waiting for API server to become available
2025-01-27 19:04:12,100 INFO c.h.h.t.HelmChartContainer - [K3S] [registry.go:256] calling componentGlobalsRegistry.AddFlags more than once, the registry will be set by the latest flags
2025-01-27 19:04:12,101 INFO c.h.h.t.HelmChartContainer - [K3S] [INFO] Running kube-controller-manager --allocate-node-cidrs=true --authentication-kubeconfig=/var/lib/rancher/k3s/server/cred/controller.kubeconfig --authorization-kubeconfig=/var/lib/rancher/k3s/server/cred/controller.kubeconfig --bind-address=127.0.0.1 --cluster-cidr=10.42.0.0/16 --cluster-signing-kube-apiserver-client-cert-file=/var/lib/rancher/k3s/server/tls/client-ca.nochain.crt --cluster-signing-kube-apiserver-client-key-file=/var/lib/rancher/k3s/server/tls/client-ca.key --cluster-signing-kubelet-client-cert-file=/var/lib/rancher/k3s/server/tls/client-ca.nochain.crt --cluster-signing-kubelet-client-key-file=/var/lib/rancher/k3s/server/tls/client-ca.key --cluster-signing-kubelet-serving-cert-file=/var/lib/rancher/k3s/server/tls/server-ca.nochain.crt --cluster-signing-kubelet-serving-key-file=/var/lib/rancher/k3s/server/tls/server-ca.key --cluster-signing-legacy-unknown-cert-file=/var/lib/rancher/k3s/server/tls/server-ca.nochain.crt --cluster-signing-legacy-unknown-key-file=/var/lib/rancher/k3s/server/tls/server-ca.key --configure-cloud-routes=false --controllers=*,tokencleaner,-service,-route,-cloud-node-lifecycle --kubeconfig=/var/lib/rancher/k3s/server/cred/controller.kubeconfig --leader-elect=false --profiling=false --root-ca-file=/var/lib/rancher/k3s/server/tls/server-ca.crt --secure-port=10257 --service-account-private-key-file=/var/lib/rancher/k3s/server/tls/service.current.key --service-cluster-ip-range=10.43.0.0/16 --use-service-account-credentials=true
2025-01-27 19:04:12,101 INFO c.h.h.t.HelmChartContainer - [K3S] [options.go:299] unable to set WatchListClient feature gate, err: cannot override default for feature "WatchListClient": gates already added to a flag set
2025-01-27 19:04:12,102 INFO c.h.h.t.HelmChartContainer - [K3S] [registry.go:256] calling componentGlobalsRegistry.AddFlags more than once, the registry will be set by the latest flags
2025-01-27 19:04:12,102 INFO c.h.h.t.HelmChartContainer - [K3S] [INFO] Running cloud-controller-manager --allocate-node-cidrs=true --authentication-kubeconfig=/var/lib/rancher/k3s/server/cred/cloud-controller.kubeconfig --authorization-kubeconfig=/var/lib/rancher/k3s/server/cred/cloud-controller.kubeconfig --bind-address=127.0.0.1 --cloud-config=/var/lib/rancher/k3s/server/etc/cloud-config.yaml --cloud-provider=k3s --cluster-cidr=10.42.0.0/16 --configure-cloud-routes=false --controllers=*,-route --kubeconfig=/var/lib/rancher/k3s/server/cred/cloud-controller.kubeconfig --leader-elect=false --leader-elect-resource-name=k3s-cloud-controller-manager --node-status-update-frequency=1m0s --profiling=false
2025-01-27 19:04:12,104 INFO c.h.h.t.HelmChartContainer - [K3S] [registry.go:256] calling componentGlobalsRegistry.AddFlags more than once, the registry will be set by the latest flags
2025-01-27 19:04:12,104 INFO c.h.h.t.HelmChartContainer - [K3S] [INFO] Server node token is available at /var/lib/rancher/k3s/server/token
2025-01-27 19:04:12,105 INFO c.h.h.t.HelmChartContainer - [K3S] [INFO] To join server node to cluster: k3s server -s https://172.18.0.2:6443 -t ${SERVER_NODE_TOKEN}
2025-01-27 19:04:12,105 INFO c.h.h.t.HelmChartContainer - [K3S] [INFO] Agent node token is available at /var/lib/rancher/k3s/server/agent-token
2025-01-27 19:04:12,105 INFO c.h.h.t.HelmChartContainer - [K3S] [INFO] To join agent node to cluster: k3s agent -s https://172.18.0.2:6443 -t ${AGENT_NODE_TOKEN}
2025-01-27 19:04:12,105 INFO c.h.h.t.HelmChartContainer - [K3S] [options.go:238] external host was not specified, using 172.18.0.2
2025-01-27 19:04:12,105 INFO c.h.h.t.HelmChartContainer - [K3S] [server.go:151] Version: v1.32.0+k3s1
2025-01-27 19:04:12,105 INFO c.h.h.t.HelmChartContainer - [K3S] [server.go:153] "Golang settings" GOGC="" GOMAXPROCS="" GOTRACEBACK=""
2025-01-27 19:04:12,106 INFO c.h.h.t.HelmChartContainer - [K3S] [INFO] Wrote kubeconfig /etc/rancher/k3s/k3s.yaml
2025-01-27 19:04:12,108 INFO c.h.h.t.HelmChartContainer - [K3S] [INFO] Run: k3s kubectl
2025-01-27 19:04:12,633 INFO c.h.h.t.HelmChartContainer - [K3S] [plugins.go:157] Loaded 13 mutating admission controller(s) successfully in the following order: NamespaceLifecycle,LimitRanger,ServiceAccount,NodeRestriction,TaintNodesByCondition,Priority,DefaultTolerationSeconds,DefaultStorageClass,StorageObjectInUseProtection,RuntimeClass,DefaultIngressClass,MutatingAdmissionPolicy,MutatingAdmissionWebhook.
2025-01-27 19:04:12,633 INFO c.h.h.t.HelmChartContainer - [K3S] [plugins.go:160] Loaded 13 validating admission controller(s) successfully in the following order: LimitRanger,ServiceAccount,PodSecurity,Priority,PersistentVolumeClaimResize,RuntimeClass,CertificateApproval,CertificateSigning,ClusterTrustBundleAttest,CertificateSubjectRestriction,ValidatingAdmissionPolicy,ValidatingAdmissionWebhook,ResourceQuota.
2025-01-27 19:04:12,633 INFO c.h.h.t.HelmChartContainer - [K3S] [instance.go:233] Using reconciler: lease
2025-01-27 19:04:12,643 INFO c.h.h.t.HelmChartContainer - [K3S] [INFO] Password verified locally for node 52733b76dd2d
2025-01-27 19:04:12,707 INFO c.h.h.t.HelmChartContainer - [K3S] [apis.go:106] API group "internal.apiserver.k8s.io" is not enabled, skipping.
2025-01-27 19:04:12,747 INFO c.h.h.t.HelmChartContainer - [K3S] [apis.go:106] API group "storagemigration.k8s.io" is not enabled, skipping.
2025-01-27 19:04:12,778 INFO c.h.h.t.HelmChartContainer - [K3S] [apis.go:106] API group "resource.k8s.io" is not enabled, skipping.
2025-01-27 19:04:13,113 INFO c.h.h.t.HelmChartContainer - [K3S] [dynamic_cafile_content.go:161] "Starting controller" name="request-header::/var/lib/rancher/k3s/server/tls/request-header-ca.crt"
2025-01-27 19:04:13,113 INFO c.h.h.t.HelmChartContainer - [K3S] [dynamic_cafile_content.go:161] "Starting controller" name="client-ca-bundle::/var/lib/rancher/k3s/server/tls/client-ca.crt"
2025-01-27 19:04:13,113 INFO c.h.h.t.HelmChartContainer - [K3S] [dynamic_serving_content.go:135] "Starting controller" name="serving-cert::/var/lib/rancher/k3s/server/tls/serving-kube-apiserver.crt::/var/lib/rancher/k3s/server/tls/serving-kube-apiserver.key"
2025-01-27 19:04:13,115 INFO c.h.h.t.HelmChartContainer - [K3S] [secure_serving.go:213] Serving securely on 127.0.0.1:6444
2025-01-27 19:04:13,116 INFO c.h.h.t.HelmChartContainer - [K3S] [tlsconfig.go:243] "Starting DynamicServingCertificateController"
2025-01-27 19:04:13,116 INFO c.h.h.t.HelmChartContainer - [K3S] [dynamic_serving_content.go:135] "Starting controller" name="aggregator-proxy-cert::/var/lib/rancher/k3s/server/tls/client-auth-proxy.crt::/var/lib/rancher/k3s/server/tls/client-auth-proxy.key"
2025-01-27 19:04:13,116 INFO c.h.h.t.HelmChartContainer - [K3S] [local_available_controller.go:156] Starting LocalAvailability controller
2025-01-27 19:04:13,116 INFO c.h.h.t.HelmChartContainer - [K3S] [cluster_authentication_trust_controller.go:462] Starting cluster_authentication_trust_controller controller
2025-01-27 19:04:13,116 INFO c.h.h.t.HelmChartContainer - [K3S] [aggregator.go:169] waiting for initial CRD sync...
2025-01-27 19:04:13,116 INFO c.h.h.t.HelmChartContainer - [K3S] [apf_controller.go:377] Starting API Priority and Fairness config controller
2025-01-27 19:04:13,116 INFO c.h.h.t.HelmChartContainer - [K3S] [controller.go:119] Starting legacy_token_tracking_controller
2025-01-27 19:04:13,116 INFO c.h.h.t.HelmChartContainer - [K3S] [dynamic_cafile_content.go:161] "Starting controller" name="client-ca-bundle::/var/lib/rancher/k3s/server/tls/client-ca.crt"
2025-01-27 19:04:13,116 INFO c.h.h.t.HelmChartContainer - [K3S] [system_namespaces_controller.go:66] Starting system namespaces controller
2025-01-27 19:04:13,116 INFO c.h.h.t.HelmChartContainer - [K3S] [controller.go:80] Starting OpenAPI V3 AggregationController
2025-01-27 19:04:13,117 INFO c.h.h.t.HelmChartContainer - [K3S] [customresource_discovery_controller.go:292] Starting DiscoveryController
2025-01-27 19:04:13,117 INFO c.h.h.t.HelmChartContainer - [K3S] [remote_available_controller.go:411] Starting RemoteAvailability controller
2025-01-27 19:04:13,117 INFO c.h.h.t.HelmChartContainer - [K3S] [apiservice_controller.go:100] Starting APIServiceRegistrationController
2025-01-27 19:04:13,117 INFO c.h.h.t.HelmChartContainer - [K3S] [controller.go:78] Starting OpenAPI AggregationController
2025-01-27 19:04:13,120 INFO c.h.h.t.HelmChartContainer - [K3S] [gc_controller.go:78] Starting apiserver lease garbage collector
2025-01-27 19:04:13,120 INFO c.h.h.t.HelmChartContainer - [K3S] [dynamic_cafile_content.go:161] "Starting controller" name="request-header::/var/lib/rancher/k3s/server/tls/request-header-ca.crt"
2025-01-27 19:04:13,120 INFO c.h.h.t.HelmChartContainer - [K3S] [controller.go:142] Starting OpenAPI controller
2025-01-27 19:04:13,121 INFO c.h.h.t.HelmChartContainer - [K3S] [controller.go:90] Starting OpenAPI V3 controller
2025-01-27 19:04:13,121 INFO c.h.h.t.HelmChartContainer - [K3S] [naming_controller.go:294] Starting NamingConditionController
2025-01-27 19:04:13,121 INFO c.h.h.t.HelmChartContainer - [K3S] [establishing_controller.go:81] Starting EstablishingController
2025-01-27 19:04:13,122 INFO c.h.h.t.HelmChartContainer - [K3S] [nonstructuralschema_controller.go:195] Starting NonStructuralSchemaConditionController
2025-01-27 19:04:13,122 INFO c.h.h.t.HelmChartContainer - [K3S] [apiapproval_controller.go:189] Starting KubernetesAPIApprovalPolicyConformantConditionController
2025-01-27 19:04:13,122 INFO c.h.h.t.HelmChartContainer - [K3S] [crd_finalizer.go:269] Starting CRDFinalizer
2025-01-27 19:04:13,123 INFO c.h.h.t.HelmChartContainer - [K3S] [crdregistration_controller.go:114] Starting crd-autoregister controller
2025-01-27 19:04:13,209 INFO c.h.h.t.HelmChartContainer - [K3S] [WARNING] Host resolv.conf includes loopback or multicast nameservers - kubelet will use autogenerated resolv.conf with nameserver 8.8.8.8
2025-01-27 19:04:13,214 INFO c.h.h.t.HelmChartContainer - [K3S] [apf_controller.go:382] Running API Priority and Fairness config worker
2025-01-27 19:04:13,215 INFO c.h.h.t.HelmChartContainer - [K3S] [apf_controller.go:385] Running API Priority and Fairness periodic rebalancing process
2025-01-27 19:04:13,216 INFO c.h.h.t.HelmChartContainer - [K3S] [handler_discovery.go:451] Starting ResourceDiscoveryManager
2025-01-27 19:04:13,218 INFO c.h.h.t.HelmChartContainer - [K3S] [INFO] Module overlay was already loaded
2025-01-27 19:04:13,218 INFO c.h.h.t.HelmChartContainer - [K3S] [INFO] Module nf_conntrack was already loaded
2025-01-27 19:04:13,218 INFO c.h.h.t.HelmChartContainer - [K3S] [INFO] Module br_netfilter was already loaded
2025-01-27 19:04:13,222 INFO c.h.h.t.HelmChartContainer - [K3S] [INFO] Set sysctl 'net/netfilter/nf_conntrack_tcp_timeout_close_wait' to 3600
2025-01-27 19:04:13,223 INFO c.h.h.t.HelmChartContainer - [K3S] [INFO] Set sysctl 'net/netfilter/nf_conntrack_max' to 131072
2025-01-27 19:04:13,223 INFO c.h.h.t.HelmChartContainer - [K3S] [INFO] Set sysctl 'net/netfilter/nf_conntrack_tcp_timeout_established' to 86400
2025-01-27 19:04:13,224 INFO c.h.h.t.HelmChartContainer - [K3S] [INFO] Logging containerd to /var/lib/rancher/k3s/agent/containerd/containerd.log
2025-01-27 19:04:13,225 INFO c.h.h.t.HelmChartContainer - [K3S] [aggregator.go:171] initial CRD sync complete...
2025-01-27 19:04:13,225 INFO c.h.h.t.HelmChartContainer - [K3S] [autoregister_controller.go:144] Starting autoregister controller
2025-01-27 19:04:13,225 INFO c.h.h.t.HelmChartContainer - [K3S] [INFO] Running containerd -c /var/lib/rancher/k3s/agent/etc/containerd/config.toml -a /run/k3s/containerd/containerd.sock --state /run/k3s/containerd --root /var/lib/rancher/k3s/agent/containerd
2025-01-27 19:04:13,228 INFO c.h.h.t.HelmChartContainer - [K3S] [policy_source.go:240] refreshing policies
2025-01-27 19:04:13,271 INFO c.h.h.t.HelmChartContainer - [K3S] [controller.go:148] "Unhandled Error" err="while syncing ConfigMap \"kube-system/kube-apiserver-legacy-service-account-token-tracking\", err: namespaces \"kube-system\" not found" logger="UnhandledError"
2025-01-27 19:04:13,271 INFO c.h.h.t.HelmChartContainer - [K3S] [controller.go:95] Unable to perform initial Kubernetes service initialization: namespaces "default" not found
2025-01-27 19:04:13,294 INFO c.h.h.t.HelmChartContainer - [K3S] [controller.go:145] "Failed to ensure lease exists, will retry" err="namespaces \"kube-system\" not found" interval="200ms"
2025-01-27 19:04:14,118 INFO c.h.h.t.HelmChartContainer - [K3S] [storage_scheduling.go:95] created PriorityClass system-node-critical with value 2000001000
2025-01-27 19:04:14,121 INFO c.h.h.t.HelmChartContainer - [K3S] [storage_scheduling.go:95] created PriorityClass system-cluster-critical with value 2000000000
2025-01-27 19:04:14,121 INFO c.h.h.t.HelmChartContainer - [K3S] [storage_scheduling.go:111] all system priority classes are created successfully or already exist.
2025-01-27 19:04:14,227 INFO c.h.h.t.HelmChartContainer - [K3S] [INFO] containerd is now running
2025-01-27 19:04:14,233 INFO c.h.h.t.HelmChartContainer - [K3S] [INFO] Connecting to proxy" url="wss://127.0.0.1:6443/v1-k3s/connect
2025-01-27 19:04:14,233 INFO c.h.h.t.HelmChartContainer - [K3S] [INFO] Creating k3s-cert-monitor event broadcaster
2025-01-27 19:04:14,234 INFO c.h.h.t.HelmChartContainer - [K3S] [INFO] Running kubelet --cloud-provider=external --config-dir=/var/lib/rancher/k3s/agent/etc/kubelet.conf.d --containerd=/run/k3s/containerd/containerd.sock --hostname-override=52733b76dd2d --kubeconfig=/var/lib/rancher/k3s/agent/kubelet.kubeconfig --node-ip=172.18.0.2 --node-labels=
2025-01-27 19:04:14,234 INFO c.h.h.t.HelmChartContainer - [K3S] [INFO] Handling backend connection request [52733b76dd2d]
2025-01-27 19:04:14,234 INFO c.h.h.t.HelmChartContainer - [K3S] [INFO] Remotedialer connected to proxy" url="wss://127.0.0.1:6443/v1-k3s/connect
2025-01-27 19:04:14,337 INFO c.h.h.t.HelmChartContainer - [K3S] [ERROR] Sending HTTP/1.1 503 response to 127.0.0.1:45598: runtime core not ready
2025-01-27 19:04:14,451 INFO c.h.h.t.HelmChartContainer - [K3S] [INFO] Running kube-proxy --cluster-cidr=10.42.0.0/16 --conntrack-max-per-core=0 --conntrack-tcp-timeout-close-wait=0s --conntrack-tcp-timeout-established=0s --healthz-bind-address=127.0.0.1 --hostname-override=52733b76dd2d --kubeconfig=/var/lib/rancher/k3s/agent/kubeproxy.kubeconfig --proxy-mode=iptables
2025-01-27 19:04:14,484 INFO c.h.h.t.HelmChartContainer - [K3S] [server.go:687] "Failed to retrieve node info" err="nodes \"52733b76dd2d\" not found"
2025-01-27 19:04:14,576 INFO c.h.h.t.HelmChartContainer - [K3S] [alloc.go:330] "allocated clusterIPs" service="default/kubernetes" clusterIPs={"IPv4":"10.43.0.1"}
2025-01-27 19:04:14,580 INFO c.h.h.t.HelmChartContainer - [K3S] [lease.go:265] Resetting endpoints for master service "kubernetes" to [172.18.0.2]
2025-01-27 19:04:15,103 INFO c.h.h.t.HelmChartContainer - [K3S] [INFO] Waiting for untainted node
2025-01-27 19:04:15,103 INFO c.h.h.t.HelmChartContainer - [K3S] [INFO] Waiting for cloud-controller-manager privileges to become available
2025-01-27 19:04:15,103 INFO c.h.h.t.HelmChartContainer - [K3S] [INFO] Kube API server is now running
2025-01-27 19:04:15,103 INFO c.h.h.t.HelmChartContainer - [K3S] [INFO] ETCD server is now running
2025-01-27 19:04:15,103 INFO c.h.h.t.HelmChartContainer - [K3S] [INFO] k3s is up and running
2025-01-27 19:04:15,106 INFO c.h.h.t.HelmChartContainer - [K3S] [INFO] Creating k3s-supervisor event broadcaster
2025-01-27 19:04:15,110 INFO c.h.h.t.HelmChartContainer - [K3S] [INFO] Applying CRD addons.k3s.cattle.io
2025-01-27 19:04:15,122 INFO c.h.h.t.HelmChartContainer - [K3S] [INFO] Applying CRD etcdsnapshotfiles.k3s.cattle.io
2025-01-27 19:04:15,130 INFO c.h.h.t.HelmChartContainer - [K3S] [INFO] Applying CRD helmcharts.helm.cattle.io
2025-01-27 19:04:15,140 INFO c.h.h.t.HelmChartContainer - [K3S] [INFO] Applying CRD helmchartconfigs.helm.cattle.io
2025-01-27 19:04:15,152 INFO c.h.h.t.HelmChartContainer - [K3S] [INFO] Waiting for CRD helmchartconfigs.helm.cattle.io to become available
2025-01-27 19:04:15,240 INFO c.h.h.t.HelmChartContainer - [K3S] Flag --containerd has been deprecated, This is a cadvisor flag that was mistakenly registered with the Kubelet. Due to legacy concerns, it will follow the standard CLI deprecation timeline before being removed.
2025-01-27 19:04:15,242 INFO c.h.h.t.HelmChartContainer - [K3S] [server.go:515] "Kubelet version" kubeletVersion="v1.32.0+k3s1"
2025-01-27 19:04:15,242 INFO c.h.h.t.HelmChartContainer - [K3S] [server.go:517] "Golang settings" GOGC="" GOMAXPROCS="" GOTRACEBACK=""
2025-01-27 19:04:15,244 INFO c.h.h.t.HelmChartContainer - [K3S] [dynamic_cafile_content.go:161] "Starting controller" name="client-ca-bundle::/var/lib/rancher/k3s/agent/client-ca.crt"
2025-01-27 19:04:15,246 INFO c.h.h.t.HelmChartContainer - [K3S] [log.go:32] "RuntimeConfig from runtime service failed" err="rpc error: code = Unimplemented desc = method RuntimeConfig not implemented"
2025-01-27 19:04:15,246 INFO c.h.h.t.HelmChartContainer - [K3S] [server.go:1416] "CRI implementation should be updated to support RuntimeConfig when KubeletCgroupDriverFromCRI feature gate has been enabled. Falling back to using cgroupDriver from kubelet config."
2025-01-27 19:04:15,251 INFO c.h.h.t.HelmChartContainer - [K3S] [info.go:53] Couldn't collect info from any of the files in "/etc/machine-id,/var/lib/dbus/machine-id"
2025-01-27 19:04:15,254 INFO c.h.h.t.HelmChartContainer - [K3S] [server.go:767] "--cgroups-per-qos enabled, but --cgroup-root was not specified.  defaulting to /"
2025-01-27 19:04:15,254 INFO c.h.h.t.HelmChartContainer - [K3S] [server.go:836] "NoSwap is set due to memorySwapBehavior not specified" memorySwapBehavior="" FailSwapOn=false
2025-01-27 19:04:15,254 INFO c.h.h.t.HelmChartContainer - [K3S] [swap_util.go:115] "Swap is on" /proc/swaps contents=<
2025-01-27 19:04:15,254 INFO c.h.h.t.HelmChartContainer - [K3S] 	Filename				Type		Size		Used		Priority
2025-01-27 19:04:15,254 INFO c.h.h.t.HelmChartContainer - [K3S] 	/mnt/swapfile                           file		4194300		0		-2
2025-01-27 19:04:15,254 INFO c.h.h.t.HelmChartContainer - [K3S]  >
2025-01-27 19:04:15,254 INFO c.h.h.t.HelmChartContainer - [K3S] [container_manager_linux.go:268] "Container manager verified user specified cgroup-root exists" cgroupRoot=[]
2025-01-27 19:04:15,254 INFO c.h.h.t.HelmChartContainer - [K3S] [container_manager_linux.go:273] "Creating Container Manager object based on Node Config" nodeConfig={"NodeName":"52733b76dd2d","RuntimeCgroupsName":"","SystemCgroupsName":"","KubeletCgroupsName":"/k3s","KubeletOOMScoreAdj":-999,"ContainerRuntime":"","CgroupsPerQOS":true,"CgroupRoot":"/","CgroupDriver":"cgroupfs","KubeletRootDir":"/var/lib/kubelet","ProtectKernelDefaults":false,"KubeReservedCgroupName":"","SystemReservedCgroupName":"","ReservedSystemCPUs":{},"EnforceNodeAllocatable":{"pods":{}},"KubeReserved":null,"SystemReserved":null,"HardEvictionThresholds":[{"Signal":"imagefs.available","Operator":"LessThan","Value":{"Quantity":null,"Percentage":0.05},"GracePeriod":0,"MinReclaim":null},{"Signal":"nodefs.available","Operator":"LessThan","Value":{"Quantity":null,"Percentage":0.05},"GracePeriod":0,"MinReclaim":null}],"QOSReserved":{},"CPUManagerPolicy":"none","CPUManagerPolicyOptions":null,"TopologyManagerScope":"container","CPUManagerReconcilePeriod":10000000000,"ExperimentalMemoryManagerPolicy":"None","ExperimentalMemoryManagerReservedMemory":null,"PodPidsLimit":-1,"EnforceCPULimits":true,"CPUCFSQuotaPeriod":100000000,"TopologyManagerPolicy":"none","TopologyManagerPolicyOptions":null,"CgroupVersion":2}
2025-01-27 19:04:15,254 INFO c.h.h.t.HelmChartContainer - [K3S] [topology_manager.go:138] "Creating topology manager with none policy"
2025-01-27 19:04:15,255 INFO c.h.h.t.HelmChartContainer - [K3S] [container_manager_linux.go:304] "Creating device plugin manager"
2025-01-27 19:04:15,255 INFO c.h.h.t.HelmChartContainer - [K3S] [state_mem.go:36] "Initialized new in-memory state store"
2025-01-27 19:04:15,255 INFO c.h.h.t.HelmChartContainer - [K3S] [kubelet.go:446] "Attempting to sync node with API server"
2025-01-27 19:04:15,255 INFO c.h.h.t.HelmChartContainer - [K3S] [kubelet.go:341] "Adding static pod path" path="/var/lib/rancher/k3s/agent/pod-manifests"
2025-01-27 19:04:15,255 INFO c.h.h.t.HelmChartContainer - [K3S] [kubelet.go:352] "Adding apiserver pod source"
2025-01-27 19:04:15,255 INFO c.h.h.t.HelmChartContainer - [K3S] [apiserver.go:42] "Waiting for node sync before watching apiserver pods"
2025-01-27 19:04:15,255 INFO c.h.h.t.HelmChartContainer - [K3S] [apiserver.go:52] "Watching apiserver"
2025-01-27 19:04:15,260 INFO c.h.h.t.HelmChartContainer - [K3S] [kuberuntime_manager.go:269] "Container runtime initialized" containerRuntime="containerd" version="v1.7.23-k3s2" apiVersion="v1"
2025-01-27 19:04:15,260 INFO c.h.h.t.HelmChartContainer - [K3S] [kubelet.go:890] "Not starting ClusterTrustBundle informer because we are in static kubelet mode"
2025-01-27 19:04:15,261 INFO c.h.h.t.HelmChartContainer - [K3S] [probe.go:272] Flexvolume plugin directory at /usr/libexec/kubernetes/kubelet-plugins/volume/exec/ does not exist. Recreating.
2025-01-27 19:04:15,264 INFO c.h.h.t.HelmChartContainer - [K3S] [watchdog_linux.go:99] "Systemd watchdog is not enabled"
2025-01-27 19:04:15,265 INFO c.h.h.t.HelmChartContainer - [K3S] [server.go:1282] "Started kubelet"
2025-01-27 19:04:15,266 INFO c.h.h.t.HelmChartContainer - [K3S] [fs_resource_analyzer.go:67] "Starting FS ResourceAnalyzer"
2025-01-27 19:04:15,268 INFO c.h.h.t.HelmChartContainer - [K3S] [server.go:169] "Starting to listen" address="0.0.0.0" port=10250
2025-01-27 19:04:15,268 INFO c.h.h.t.HelmChartContainer - [K3S] [server.go:490] "Adding debug handlers to kubelet server"
2025-01-27 19:04:15,269 INFO c.h.h.t.HelmChartContainer - [K3S] [server.go:208] "Starting to listen read-only" address="0.0.0.0" port=10255
2025-01-27 19:04:15,270 INFO c.h.h.t.HelmChartContainer - [K3S] [ratelimit.go:55] "Setting rate limiting for endpoint" service="podresources" qps=100 burstTokens=10
2025-01-27 19:04:15,271 INFO c.h.h.t.HelmChartContainer - [K3S] [server.go:243] "Starting to serve the podresources API" endpoint="unix:/var/lib/kubelet/pod-resources/kubelet.sock"
2025-01-27 19:04:15,274 INFO c.h.h.t.HelmChartContainer - [K3S] [dynamic_serving_content.go:135] "Starting controller" name="kubelet-server-cert-files::/var/lib/rancher/k3s/agent/serving-kubelet.crt::/var/lib/rancher/k3s/agent/serving-kubelet.key"
2025-01-27 19:04:15,274 INFO c.h.h.t.HelmChartContainer - [K3S] [kubelet.go:1561] "Image garbage collection failed once. Stats initialization may not have completed yet" err="invalid capacity 0 on image filesystem"
2025-01-27 19:04:15,277 INFO c.h.h.t.HelmChartContainer - [K3S] [kubelet_node_status.go:467] "Error getting the current node from lister" err="node \"52733b76dd2d\" not found"
2025-01-27 19:04:15,277 INFO c.h.h.t.HelmChartContainer - [K3S] [volume_manager.go:297] "Starting Kubelet Volume Manager"
2025-01-27 19:04:15,277 INFO c.h.h.t.HelmChartContainer - [K3S] [desired_state_of_world_populator.go:149] "Desired state populator starts to run"
2025-01-27 19:04:15,277 INFO c.h.h.t.HelmChartContainer - [K3S] [reconciler.go:26] "Reconciler: start to sync state"
2025-01-27 19:04:15,283 INFO c.h.h.t.HelmChartContainer - [K3S] [factory.go:221] Registration of the containerd container factory successfully
2025-01-27 19:04:15,284 INFO c.h.h.t.HelmChartContainer - [K3S] [factory.go:221] Registration of the systemd container factory successfully
2025-01-27 19:04:15,284 INFO c.h.h.t.HelmChartContainer - [K3S] [factory.go:219] Registration of the crio container factory failed: Get "http://%2Fvar%2Frun%2Fcrio%2Fcrio.sock/info": dial unix /var/run/crio/crio.sock: connect: no such file or directory
2025-01-27 19:04:15,284 INFO c.h.h.t.HelmChartContainer - [K3S] [nodelease.go:49] "Failed to get node when trying to set owner ref to the node lease" err="nodes \"52733b76dd2d\" not found" node="52733b76dd2d"
2025-01-27 19:04:15,308 INFO c.h.h.t.HelmChartContainer - [K3S] [kubelet_network_linux.go:50] "Initialized iptables rules." protocol="IPv4"
2025-01-27 19:04:15,310 INFO c.h.h.t.HelmChartContainer - [K3S] [kubelet_network_linux.go:50] "Initialized iptables rules." protocol="IPv6"
2025-01-27 19:04:15,310 INFO c.h.h.t.HelmChartContainer - [K3S] [status_manager.go:227] "Starting to sync pod status with apiserver"
2025-01-27 19:04:15,310 INFO c.h.h.t.HelmChartContainer - [K3S] [watchdog_linux.go:127] "Systemd watchdog is not enabled or the interval is invalid, so health checking will not be started."
2025-01-27 19:04:15,310 INFO c.h.h.t.HelmChartContainer - [K3S] [kubelet.go:2388] "Starting kubelet main sync loop"
2025-01-27 19:04:15,311 INFO c.h.h.t.HelmChartContainer - [K3S] [kubelet.go:2412] "Skipping pod synchronization" err="[container runtime status check may not have completed yet, PLEG is not healthy: pleg has yet to be successful]"
2025-01-27 19:04:15,316 INFO c.h.h.t.HelmChartContainer - [K3S] [cpu_manager.go:221] "Starting CPU manager" policy="none"
2025-01-27 19:04:15,317 INFO c.h.h.t.HelmChartContainer - [K3S] [cpu_manager.go:222] "Reconciling" reconcilePeriod="10s"
2025-01-27 19:04:15,317 INFO c.h.h.t.HelmChartContainer - [K3S] [state_mem.go:36] "Initialized new in-memory state store"
2025-01-27 19:04:15,322 INFO c.h.h.t.HelmChartContainer - [K3S] [policy_none.go:49] "None policy: Start"
2025-01-27 19:04:15,323 INFO c.h.h.t.HelmChartContainer - [K3S] [memory_manager.go:186] "Starting memorymanager" policy="None"
2025-01-27 19:04:15,323 INFO c.h.h.t.HelmChartContainer - [K3S] [state_mem.go:35] "Initializing new in-memory state store"
2025-01-27 19:04:15,327 INFO c.h.h.t.HelmChartContainer - [K3S] [manager.go:519] "Failed to read data from checkpoint" checkpoint="kubelet_internal_checkpoint" err="checkpoint is not found"
2025-01-27 19:04:15,327 INFO c.h.h.t.HelmChartContainer - [K3S] [eviction_manager.go:189] "Eviction manager: starting control loop"
2025-01-27 19:04:15,328 INFO c.h.h.t.HelmChartContainer - [K3S] [container_log_manager.go:189] "Initializing container log rotate workers" workers=1 monitorPeriod="10s"
2025-01-27 19:04:15,333 INFO c.h.h.t.HelmChartContainer - [K3S] [plugin_manager.go:118] "Starting Kubelet Plugin Manager"
2025-01-27 19:04:15,333 INFO c.h.h.t.HelmChartContainer - [K3S] [eviction_manager.go:267] "eviction manager: failed to check if we have separate container filesystem. Ignoring." err="no imagefs label for configured runtime"
2025-01-27 19:04:15,333 INFO c.h.h.t.HelmChartContainer - [K3S] [eviction_manager.go:292] "Eviction manager: failed to get summary stats" err="failed to get node info: node \"52733b76dd2d\" not found"
2025-01-27 19:04:15,337 INFO c.h.h.t.HelmChartContainer - [K3S] [serving.go:392] Generated self-signed cert in-memory
2025-01-27 19:04:15,429 INFO c.h.h.t.HelmChartContainer - [K3S] [kubelet_node_status.go:76] "Attempting to register node" node="52733b76dd2d"
2025-01-27 19:04:15,434 INFO c.h.h.t.HelmChartContainer - [K3S] [kubelet_node_status.go:79] "Successfully registered node" node="52733b76dd2d"
2025-01-27 19:04:15,435 INFO c.h.h.t.HelmChartContainer - [K3S] [kubelet_node_status.go:549] "Error updating node status, will retry" err="error getting node \"52733b76dd2d\": node \"52733b76dd2d\" not found"
2025-01-27 19:04:15,438 INFO c.h.h.t.HelmChartContainer - [K3S] [INFO] Annotations and labels have been set successfully on node: 52733b76dd2d
2025-01-27 19:04:15,438 INFO c.h.h.t.HelmChartContainer - [K3S] [INFO] Starting flannel with backend vxlan
2025-01-27 19:04:15,476 INFO c.h.h.t.HelmChartContainer - [K3S] [desired_state_of_world_populator.go:157] "Finished populating initial desired state of world"
2025-01-27 19:04:15,595 INFO c.h.h.t.HelmChartContainer - [K3S] [server.go:698] "Successfully retrieved node IP(s)" IPs=["172.18.0.2"]
2025-01-27 19:04:15,596 INFO c.h.h.t.HelmChartContainer - [K3S] [server.go:234] "Kube-proxy configuration may be incomplete or incorrect" err="nodePortAddresses is unset; NodePort connections will be accepted on all local IPs. Consider using `--nodeport-addresses primary`"
2025-01-27 19:04:15,599 INFO c.h.h.t.HelmChartContainer - [K3S] [server.go:243] "kube-proxy running in dual-stack mode" primary ipFamily="IPv4"
2025-01-27 19:04:15,599 INFO c.h.h.t.HelmChartContainer - [K3S] [server_linux.go:170] "Using iptables Proxier"
2025-01-27 19:04:15,600 INFO c.h.h.t.HelmChartContainer - [K3S] [proxier.go:255] "Setting route_localnet=1 to allow node-ports on localhost; to change this either disable iptables.localhostNodePorts (--iptables-localhost-nodeports) or set nodePortAddresses (--nodeport-addresses) to filter loopback addresses"
2025-01-27 19:04:15,605 INFO c.h.h.t.HelmChartContainer - [K3S] [server.go:497] "Version info" version="v1.32.0+k3s1"
2025-01-27 19:04:15,605 INFO c.h.h.t.HelmChartContainer - [K3S] [server.go:499] "Golang settings" GOGC="" GOMAXPROCS="" GOTRACEBACK=""
2025-01-27 19:04:15,605 INFO c.h.h.t.HelmChartContainer - [K3S] [config.go:199] "Starting service config controller"
2025-01-27 19:04:15,606 INFO c.h.h.t.HelmChartContainer - [K3S] [config.go:105] "Starting endpoint slice config controller"
2025-01-27 19:04:15,607 INFO c.h.h.t.HelmChartContainer - [K3S] [config.go:329] "Starting node config controller"
2025-01-27 19:04:15,641 INFO c.h.h.t.HelmChartContainer - [K3S] [kubelet_node_status.go:502] "Fast updating node status as it just became ready"
2025-01-27 19:04:15,653 INFO c.h.h.t.HelmChartContainer - [K3S] [INFO] Done waiting for CRD helmchartconfigs.helm.cattle.io to become available
2025-01-27 19:04:15,654 INFO c.h.h.t.HelmChartContainer - [K3S] [INFO] Writing static file: /var/lib/rancher/k3s/server/static/charts/traefik-27.0.201+up27.0.2.tgz
2025-01-27 19:04:15,654 INFO c.h.h.t.HelmChartContainer - [K3S] [INFO] Writing static file: /var/lib/rancher/k3s/server/static/charts/traefik-crd-27.0.201+up27.0.2.tgz
2025-01-27 19:04:15,655 INFO c.h.h.t.HelmChartContainer - [K3S] [INFO] Writing manifest: /var/lib/rancher/k3s/server/manifests/metrics-server/aggregated-metrics-reader.yaml
2025-01-27 19:04:15,655 INFO c.h.h.t.HelmChartContainer - [K3S] [INFO] Writing manifest: /var/lib/rancher/k3s/server/manifests/metrics-server/auth-reader.yaml
2025-01-27 19:04:15,655 INFO c.h.h.t.HelmChartContainer - [K3S] [INFO] Writing manifest: /var/lib/rancher/k3s/server/manifests/metrics-server/metrics-server-deployment.yaml
2025-01-27 19:04:15,655 INFO c.h.h.t.HelmChartContainer - [K3S] [INFO] Writing manifest: /var/lib/rancher/k3s/server/manifests/rolebindings.yaml
2025-01-27 19:04:15,656 INFO c.h.h.t.HelmChartContainer - [K3S] [INFO] Writing manifest: /var/lib/rancher/k3s/server/manifests/runtimes.yaml
2025-01-27 19:04:15,656 INFO c.h.h.t.HelmChartContainer - [K3S] [INFO] Writing manifest: /var/lib/rancher/k3s/server/manifests/ccm.yaml
2025-01-27 19:04:15,656 INFO c.h.h.t.HelmChartContainer - [K3S] [INFO] Writing manifest: /var/lib/rancher/k3s/server/manifests/coredns.yaml
2025-01-27 19:04:15,656 INFO c.h.h.t.HelmChartContainer - [K3S] [INFO] Writing manifest: /var/lib/rancher/k3s/server/manifests/local-storage.yaml
2025-01-27 19:04:15,656 INFO c.h.h.t.HelmChartContainer - [K3S] [INFO] Writing manifest: /var/lib/rancher/k3s/server/manifests/metrics-server/auth-delegator.yaml
2025-01-27 19:04:15,657 INFO c.h.h.t.HelmChartContainer - [K3S] [INFO] Writing manifest: /var/lib/rancher/k3s/server/manifests/metrics-server/metrics-apiservice.yaml
2025-01-27 19:04:15,657 INFO c.h.h.t.HelmChartContainer - [K3S] [INFO] Writing manifest: /var/lib/rancher/k3s/server/manifests/metrics-server/metrics-server-service.yaml
2025-01-27 19:04:15,658 INFO c.h.h.t.HelmChartContainer - [K3S] [INFO] Writing manifest: /var/lib/rancher/k3s/server/manifests/metrics-server/resource-reader.yaml
2025-01-27 19:04:15,659 INFO c.h.h.t.HelmChartContainer - [K3S] [INFO] Starting dynamiclistener CN filter node controller with SANs: [localhost 127.0.0.1 ::1 localhost 52733b76dd2d 172.18.0.2 10.43.0.1 kubernetes kubernetes.default kubernetes.default.svc kubernetes.default.svc.cluster.local]
2025-01-27 19:04:15,659 INFO c.h.h.t.HelmChartContainer - [K3S] [INFO] Tunnel server egress proxy mode: agent
2025-01-27 19:04:15,665 INFO c.h.h.t.HelmChartContainer - [K3S] [controllermanager.go:185] "Starting" version="v1.32.0+k3s1"
2025-01-27 19:04:15,666 INFO c.h.h.t.HelmChartContainer - [K3S] [controllermanager.go:187] "Golang settings" GOGC="" GOMAXPROCS="" GOTRACEBACK=""
2025-01-27 19:04:15,672 INFO c.h.h.t.HelmChartContainer - [K3S] [configmap_cafile_content.go:205] "Starting controller" name="client-ca::kube-system::extension-apiserver-authentication::client-ca-file"
2025-01-27 19:04:15,672 INFO c.h.h.t.HelmChartContainer - [K3S] [requestheader_controller.go:180] Starting RequestHeaderAuthRequestController
2025-01-27 19:04:15,672 INFO c.h.h.t.HelmChartContainer - [K3S] [configmap_cafile_content.go:205] "Starting controller" name="client-ca::kube-system::extension-apiserver-authentication::requestheader-client-ca-file"
2025-01-27 19:04:15,672 INFO c.h.h.t.HelmChartContainer - [K3S] [secure_serving.go:213] Serving securely on 127.0.0.1:10257
2025-01-27 19:04:15,672 INFO c.h.h.t.HelmChartContainer - [K3S] [tlsconfig.go:243] "Starting DynamicServingCertificateController"
2025-01-27 19:04:15,674 INFO c.h.h.t.HelmChartContainer - [K3S] [controllermanager.go:765] "Started controller" controller="serviceaccount-token-controller"
2025-01-27 19:04:15,683 INFO c.h.h.t.HelmChartContainer - [K3S] [controllermanager.go:765] "Started controller" controller="endpointslice-mirroring-controller"
2025-01-27 19:04:15,683 INFO c.h.h.t.HelmChartContainer - [K3S] [endpointslicemirroring_controller.go:227] "Starting EndpointSliceMirroring controller"
2025-01-27 19:04:15,693 INFO c.h.h.t.HelmChartContainer - [K3S] [graph_builder.go:351] "Running" component="GraphBuilder"
2025-01-27 19:04:15,693 INFO c.h.h.t.HelmChartContainer - [K3S] [controllermanager.go:765] "Started controller" controller="garbage-collector-controller"
2025-01-27 19:04:15,693 INFO c.h.h.t.HelmChartContainer - [K3S] [controllermanager.go:728] "Warning: controller is disabled" controller="bootstrap-signer-controller"
2025-01-27 19:04:15,698 INFO c.h.h.t.HelmChartContainer - [K3S] [controllermanager.go:765] "Started controller" controller="ephemeral-volume-controller"
2025-01-27 19:04:15,699 INFO c.h.h.t.HelmChartContainer - [K3S] [controllermanager.go:717] "Controller is disabled by a feature gate" controller="resourceclaim-controller" requiredFeatureGates=["DynamicResourceAllocation"]
2025-01-27 19:04:15,699 INFO c.h.h.t.HelmChartContainer - [K3S] [controller.go:173] "Starting ephemeral volume controller"
2025-01-27 19:04:15,704 INFO c.h.h.t.HelmChartContainer - [K3S] [controllermanager.go:765] "Started controller" controller="legacy-serviceaccount-token-cleaner-controller"
2025-01-27 19:04:15,704 INFO c.h.h.t.HelmChartContainer - [K3S] [legacy_serviceaccount_token_cleaner.go:103] "Starting legacy service account token cleaner controller"
2025-01-27 19:04:15,719 INFO c.h.h.t.HelmChartContainer - [K3S] [controllermanager.go:765] "Started controller" controller="resourcequota-controller"
2025-01-27 19:04:15,719 INFO c.h.h.t.HelmChartContainer - [K3S] [resource_quota_controller.go:300] "Starting resource quota controller"
2025-01-27 19:04:15,723 INFO c.h.h.t.HelmChartContainer - [K3S] [controllermanager.go:765] "Started controller" controller="deployment-controller"
2025-01-27 19:04:15,723 INFO c.h.h.t.HelmChartContainer - [K3S] [deployment_controller.go:173] "Starting controller" controller="deployment"
2025-01-27 19:04:15,729 INFO c.h.h.t.HelmChartContainer - [K3S] [controllermanager.go:765] "Started controller" controller="replicaset-controller"
2025-01-27 19:04:15,729 INFO c.h.h.t.HelmChartContainer - [K3S] [replica_set.go:217] "Starting controller" name="replicaset"
2025-01-27 19:04:15,734 INFO c.h.h.t.HelmChartContainer - [K3S] [controllermanager.go:765] "Started controller" controller="clusterrole-aggregation-controller"
2025-01-27 19:04:15,734 INFO c.h.h.t.HelmChartContainer - [K3S] [controllermanager.go:717] "Controller is disabled by a feature gate" controller="selinux-warning-controller" requiredFeatureGates=["SELinuxChangePolicy"]
2025-01-27 19:04:15,734 INFO c.h.h.t.HelmChartContainer - [K3S] [controllermanager.go:723] "Skipping a cloud provider controller" controller="service-lb-controller"
2025-01-27 19:04:15,734 INFO c.h.h.t.HelmChartContainer - [K3S] [controllermanager.go:717] "Controller is disabled by a feature gate" controller="kube-apiserver-serving-clustertrustbundle-publisher-controller" requiredFeatureGates=["ClusterTrustBundle"]
2025-01-27 19:04:15,734 INFO c.h.h.t.HelmChartContainer - [K3S] [clusterroleaggregation_controller.go:194] "Starting ClusterRoleAggregator controller"
2025-01-27 19:04:15,766 INFO c.h.h.t.HelmChartContainer - [K3S] [INFO] Starting k3s.cattle.io/v1, Kind=Addon controller
2025-01-27 19:04:15,766 INFO c.h.h.t.HelmChartContainer - [K3S] [INFO] Creating deploy event broadcaster
2025-01-27 19:04:15,869 INFO c.h.h.t.HelmChartContainer - [K3S] [INFO] Starting /v1, Kind=Node controller
2025-01-27 19:04:15,869 INFO c.h.h.t.HelmChartContainer - [K3S] [INFO] Creating helm-controller event broadcaster
2025-01-27 19:04:15,881 INFO c.h.h.t.HelmChartContainer - [K3S] [controllermanager.go:765] "Started controller" controller="endpoints-controller"
2025-01-27 19:04:15,881 INFO c.h.h.t.HelmChartContainer - [K3S] [endpoints_controller.go:182] "Starting endpoint controller"
2025-01-27 19:04:15,881 INFO c.h.h.t.HelmChartContainer - [K3S] [INFO] Labels and annotations have been set successfully on node: 52733b76dd2d
2025-01-27 19:04:15,885 INFO c.h.h.t.HelmChartContainer - [K3S] [INFO] Cluster dns configmap has been set successfully
2025-01-27 19:04:15,932 INFO c.h.h.t.HelmChartContainer - [K3S] [INFO] Starting /v1, Kind=ConfigMap controller
2025-01-27 19:04:15,932 INFO c.h.h.t.HelmChartContainer - [K3S] [INFO] Starting /v1, Kind=ServiceAccount controller
2025-01-27 19:04:15,932 INFO c.h.h.t.HelmChartContainer - [K3S] [INFO] Starting /v1, Kind=Secret controller
2025-01-27 19:04:15,936 INFO c.h.h.t.HelmChartContainer - [K3S] [INFO] Updating TLS secret for kube-system/k3s-serving (count: 10): map[listener.cattle.io/cn-10.43.0.1:10.43.0.1 listener.cattle.io/cn-127.0.0.1:127.0.0.1 listener.cattle.io/cn-172.18.0.2:172.18.0.2 listener.cattle.io/cn-52733b76dd2d:52733b76dd2d listener.cattle.io/cn-__1-f16284:::1 listener.cattle.io/cn-kubernetes:kubernetes listener.cattle.io/cn-kubernetes.default:kubernetes.default listener.cattle.io/cn-kubernetes.default.svc:kubernetes.default.svc listener.cattle.io/cn-kubernetes.default.svc.cluster.local:kubernetes.default.svc.cluster.local listener.cattle.io/cn-localhost:localhost listener.cattle.io/fingerprint:SHA1=E7B3BDE79C55B612B0BE9366B2B2B43140313ED1]
2025-01-27 19:04:15,939 INFO c.h.h.t.HelmChartContainer - [K3S] [INFO] Active TLS secret kube-system/k3s-serving (ver=239) (count 10): map[listener.cattle.io/cn-10.43.0.1:10.43.0.1 listener.cattle.io/cn-127.0.0.1:127.0.0.1 listener.cattle.io/cn-172.18.0.2:172.18.0.2 listener.cattle.io/cn-52733b76dd2d:52733b76dd2d listener.cattle.io/cn-__1-f16284:::1 listener.cattle.io/cn-kubernetes:kubernetes listener.cattle.io/cn-kubernetes.default:kubernetes.default listener.cattle.io/cn-kubernetes.default.svc:kubernetes.default.svc listener.cattle.io/cn-kubernetes.default.svc.cluster.local:kubernetes.default.svc.cluster.local listener.cattle.io/cn-localhost:localhost listener.cattle.io/fingerprint:SHA1=E7B3BDE79C55B612B0BE9366B2B2B43140313ED1]
2025-01-27 19:04:15,982 INFO c.h.h.t.HelmChartContainer - [K3S] [INFO] Starting helm.cattle.io/v1, Kind=HelmChart controller
2025-01-27 19:04:15,982 INFO c.h.h.t.HelmChartContainer - [K3S] [INFO] Starting helm.cattle.io/v1, Kind=HelmChartConfig controller
2025-01-27 19:04:15,984 INFO c.h.h.t.HelmChartContainer - [K3S] [INFO] Starting rbac.authorization.k8s.io/v1, Kind=ClusterRoleBinding controller
2025-01-27 19:04:15,987 INFO c.h.h.t.HelmChartContainer - [K3S] [INFO] Starting batch/v1, Kind=Job controller
2025-01-27 19:04:16,035 INFO c.h.h.t.HelmChartContainer - [K3S] [INFO] Updating TLS secret for kube-system/k3s-serving (count: 10): map[listener.cattle.io/cn-10.43.0.1:10.43.0.1 listener.cattle.io/cn-127.0.0.1:127.0.0.1 listener.cattle.io/cn-172.18.0.2:172.18.0.2 listener.cattle.io/cn-52733b76dd2d:52733b76dd2d listener.cattle.io/cn-__1-f16284:::1 listener.cattle.io/cn-kubernetes:kubernetes listener.cattle.io/cn-kubernetes.default:kubernetes.default listener.cattle.io/cn-kubernetes.default.svc:kubernetes.default.svc listener.cattle.io/cn-kubernetes.default.svc.cluster.local:kubernetes.default.svc.cluster.local listener.cattle.io/cn-localhost:localhost listener.cattle.io/fingerprint:SHA1=E7B3BDE79C55B612B0BE9366B2B2B43140313ED1]
2025-01-27 19:04:16,143 INFO c.h.h.t.HelmChartContainer - [K3S] [controllermanager.go:765] "Started controller" controller="namespace-controller"
2025-01-27 19:04:16,144 INFO c.h.h.t.HelmChartContainer - [K3S] [namespace_controller.go:202] "Starting namespace controller"
2025-01-27 19:04:16,277 INFO c.h.h.t.HelmChartContainer - [K3S] [controllermanager.go:765] "Started controller" controller="certificatesigningrequest-approving-controller"
2025-01-27 19:04:16,277 INFO c.h.h.t.HelmChartContainer - [K3S] [certificate_controller.go:120] "Starting certificate controller" name="csrapproving"
2025-01-27 19:04:16,437 INFO c.h.h.t.HelmChartContainer - [K3S] [controllermanager.go:765] "Started controller" controller="token-cleaner-controller"
2025-01-27 19:04:16,437 INFO c.h.h.t.HelmChartContainer - [K3S] [tokencleaner.go:117] "Starting token cleaner controller"
2025-01-27 19:04:16,578 INFO c.h.h.t.HelmChartContainer - [K3S] [node_lifecycle_controller.go:432] "Controller will reconcile labels"
2025-01-27 19:04:16,578 INFO c.h.h.t.HelmChartContainer - [K3S] [controllermanager.go:765] "Started controller" controller="node-lifecycle-controller"
2025-01-27 19:04:16,578 INFO c.h.h.t.HelmChartContainer - [K3S] [node_lifecycle_controller.go:466] "Sending events to api server"
2025-01-27 19:04:16,578 INFO c.h.h.t.HelmChartContainer - [K3S] [node_lifecycle_controller.go:477] "Starting node controller"
2025-01-27 19:04:16,727 INFO c.h.h.t.HelmChartContainer - [K3S] [controllermanager.go:765] "Started controller" controller="serviceaccount-controller"
2025-01-27 19:04:16,727 INFO c.h.h.t.HelmChartContainer - [K3S] [serviceaccounts_controller.go:114] "Starting service account controller"
2025-01-27 19:04:16,877 INFO c.h.h.t.HelmChartContainer - [K3S] [controllermanager.go:765] "Started controller" controller="daemonset-controller"
2025-01-27 19:04:16,877 INFO c.h.h.t.HelmChartContainer - [K3S] [daemon_controller.go:294] "Starting daemon sets controller"
2025-01-27 19:04:17,176 INFO c.h.h.t.HelmChartContainer - [K3S] [controllermanager.go:765] "Started controller" controller="horizontal-pod-autoscaler-controller"
2025-01-27 19:04:17,177 INFO c.h.h.t.HelmChartContainer - [K3S] [horizontal.go:201] "Starting HPA controller"
2025-01-27 19:04:17,327 INFO c.h.h.t.HelmChartContainer - [K3S] [controllermanager.go:765] "Started controller" controller="cronjob-controller"
2025-01-27 19:04:17,327 INFO c.h.h.t.HelmChartContainer - [K3S] [cronjob_controllerv2.go:145] "Starting cronjob controller v2"
2025-01-27 19:04:17,377 INFO c.h.h.t.HelmChartContainer - [K3S] [controllermanager.go:765] "Started controller" controller="certificatesigningrequest-cleaner-controller"
2025-01-27 19:04:17,377 INFO c.h.h.t.HelmChartContainer - [K3S] [cleaner.go:83] "Starting CSR cleaner controller"
2025-01-27 19:04:17,528 INFO c.h.h.t.HelmChartContainer - [K3S] [controllermanager.go:765] "Started controller" controller="persistentvolume-protection-controller"
2025-01-27 19:04:17,528 INFO c.h.h.t.HelmChartContainer - [K3S] [pv_protection_controller.go:81] "Starting PV protection controller"
2025-01-27 19:04:17,678 INFO c.h.h.t.HelmChartContainer - [K3S] [controllermanager.go:765] "Started controller" controller="ttl-controller"
2025-01-27 19:04:17,678 INFO c.h.h.t.HelmChartContainer - [K3S] [controllermanager.go:723] "Skipping a cloud provider controller" controller="node-route-controller"
2025-01-27 19:04:17,678 INFO c.h.h.t.HelmChartContainer - [K3S] [controllermanager.go:723] "Skipping a cloud provider controller" controller="cloud-node-lifecycle-controller"
2025-01-27 19:04:17,678 INFO c.h.h.t.HelmChartContainer - [K3S] [ttl_controller.go:127] "Starting TTL controller"
2025-01-27 19:04:17,732 INFO c.h.h.t.HelmChartContainer - [K3S] [event.go:389] "Event occurred" object="52733b76dd2d" fieldPath="" kind="Node" apiVersion="" type="Normal" reason="NodePasswordValidationComplete" message="Deferred node password secret validation complete"
2025-01-27 19:04:17,773 INFO c.h.h.t.HelmChartContainer - [K3S] [event.go:389] "Event occurred" object="kube-system/ccm" fieldPath="" kind="Addon" apiVersion="k3s.cattle.io/v1" type="Normal" reason="ApplyingManifest" message="Applying manifest at \"/var/lib/rancher/k3s/server/manifests/ccm.yaml\""
2025-01-27 19:04:17,791 INFO c.h.h.t.HelmChartContainer - [K3S] [event.go:389] "Event occurred" object="kube-system/ccm" fieldPath="" kind="Addon" apiVersion="k3s.cattle.io/v1" type="Normal" reason="AppliedManifest" message="Applied manifest at \"/var/lib/rancher/k3s/server/manifests/ccm.yaml\""
2025-01-27 19:04:17,799 INFO c.h.h.t.HelmChartContainer - [K3S] [event.go:389] "Event occurred" object="kube-system/coredns" fieldPath="" kind="Addon" apiVersion="k3s.cattle.io/v1" type="Normal" reason="ApplyingManifest" message="Applying manifest at \"/var/lib/rancher/k3s/server/manifests/coredns.yaml\""
2025-01-27 19:04:17,827 INFO c.h.h.t.HelmChartContainer - [K3S] [controllermanager.go:765] "Started controller" controller="persistentvolume-binder-controller"
2025-01-27 19:04:17,827 INFO c.h.h.t.HelmChartContainer - [K3S] [pv_controller_base.go:308] "Starting persistent volume controller"
2025-01-27 19:04:17,903 INFO c.h.h.t.HelmChartContainer - [K3S] [alloc.go:330] "allocated clusterIPs" service="kube-system/kube-dns" clusterIPs={"IPv4":"10.43.0.10"}
2025-01-27 19:04:17,904 INFO c.h.h.t.HelmChartContainer - [K3S] [event.go:389] "Event occurred" object="kube-system/coredns" fieldPath="" kind="Addon" apiVersion="k3s.cattle.io/v1" type="Normal" reason="AppliedManifest" message="Applied manifest at \"/var/lib/rancher/k3s/server/manifests/coredns.yaml\""
2025-01-27 19:04:17,910 INFO c.h.h.t.HelmChartContainer - [K3S] [event.go:389] "Event occurred" object="kube-system/local-storage" fieldPath="" kind="Addon" apiVersion="k3s.cattle.io/v1" type="Normal" reason="ApplyingManifest" message="Applying manifest at \"/var/lib/rancher/k3s/server/manifests/local-storage.yaml\""
2025-01-27 19:04:17,977 INFO c.h.h.t.HelmChartContainer - [K3S] [controllermanager.go:765] "Started controller" controller="persistentvolume-expander-controller"
2025-01-27 19:04:17,977 INFO c.h.h.t.HelmChartContainer - [K3S] [expand_controller.go:329] "Starting expand controller"
2025-01-27 19:04:18,004 INFO c.h.h.t.HelmChartContainer - [K3S] [event.go:389] "Event occurred" object="kube-system/local-storage" fieldPath="" kind="Addon" apiVersion="k3s.cattle.io/v1" type="Normal" reason="AppliedManifest" message="Applied manifest at \"/var/lib/rancher/k3s/server/manifests/local-storage.yaml\""
2025-01-27 19:04:18,009 INFO c.h.h.t.HelmChartContainer - [K3S] [event.go:389] "Event occurred" object="kube-system/aggregated-metrics-reader" fieldPath="" kind="Addon" apiVersion="k3s.cattle.io/v1" type="Normal" reason="ApplyingManifest" message="Applying manifest at \"/var/lib/rancher/k3s/server/manifests/metrics-server/aggregated-metrics-reader.yaml\""
2025-01-27 19:04:18,031 INFO c.h.h.t.HelmChartContainer - [K3S] [event.go:389] "Event occurred" object="kube-system/aggregated-metrics-reader" fieldPath="" kind="Addon" apiVersion="k3s.cattle.io/v1" type="Normal" reason="AppliedManifest" message="Applied manifest at \"/var/lib/rancher/k3s/server/manifests/metrics-server/aggregated-metrics-reader.yaml\""
2025-01-27 19:04:18,036 INFO c.h.h.t.HelmChartContainer - [K3S] [event.go:389] "Event occurred" object="kube-system/auth-delegator" fieldPath="" kind="Addon" apiVersion="k3s.cattle.io/v1" type="Normal" reason="ApplyingManifest" message="Applying manifest at \"/var/lib/rancher/k3s/server/manifests/metrics-server/auth-delegator.yaml\""
2025-01-27 19:04:18,086 INFO c.h.h.t.HelmChartContainer - [K3S] [event.go:389] "Event occurred" object="kube-system/auth-delegator" fieldPath="" kind="Addon" apiVersion="k3s.cattle.io/v1" type="Normal" reason="AppliedManifest" message="Applied manifest at \"/var/lib/rancher/k3s/server/manifests/metrics-server/auth-delegator.yaml\""
2025-01-27 19:04:18,091 INFO c.h.h.t.HelmChartContainer - [K3S] [event.go:389] "Event occurred" object="kube-system/auth-reader" fieldPath="" kind="Addon" apiVersion="k3s.cattle.io/v1" type="Normal" reason="ApplyingManifest" message="Applying manifest at \"/var/lib/rancher/k3s/server/manifests/metrics-server/auth-reader.yaml\""
2025-01-27 19:04:18,096 INFO c.h.h.t.HelmChartContainer - [K3S] [event.go:389] "Event occurred" object="kube-system/auth-reader" fieldPath="" kind="Addon" apiVersion="k3s.cattle.io/v1" type="Normal" reason="AppliedManifest" message="Applied manifest at \"/var/lib/rancher/k3s/server/manifests/metrics-server/auth-reader.yaml\""
2025-01-27 19:04:18,102 INFO c.h.h.t.HelmChartContainer - [K3S] [event.go:389] "Event occurred" object="kube-system/metrics-apiservice" fieldPath="" kind="Addon" apiVersion="k3s.cattle.io/v1" type="Normal" reason="ApplyingManifest" message="Applying manifest at \"/var/lib/rancher/k3s/server/manifests/metrics-server/metrics-apiservice.yaml\""
2025-01-27 19:04:18,107 INFO c.h.h.t.HelmChartContainer - [K3S] [event.go:389] "Event occurred" object="kube-system/metrics-apiservice" fieldPath="" kind="Addon" apiVersion="k3s.cattle.io/v1" type="Normal" reason="AppliedManifest" message="Applied manifest at \"/var/lib/rancher/k3s/server/manifests/metrics-server/metrics-apiservice.yaml\""
2025-01-27 19:04:18,111 INFO c.h.h.t.HelmChartContainer - [K3S] [handler_proxy.go:99] no RequestInfo found in the context
2025-01-27 19:04:18,112 INFO c.h.h.t.HelmChartContainer - [K3S] [controller.go:146] "Unhandled Error" err=<
2025-01-27 19:04:18,112 INFO c.h.h.t.HelmChartContainer - [K3S] 	, Header: map[Content-Type:[text/plain; charset=utf-8] X-Content-Type-Options:[nosniff]]
2025-01-27 19:04:18,112 INFO c.h.h.t.HelmChartContainer - [K3S]  >
2025-01-27 19:04:18,114 INFO c.h.h.t.HelmChartContainer - [K3S] [handler_proxy.go:143] error resolving kube-system/metrics-server: service "metrics-server" not found
2025-01-27 19:04:18,116 INFO c.h.h.t.HelmChartContainer - [K3S] [event.go:389] "Event occurred" object="kube-system/metrics-server-deployment" fieldPath="" kind="Addon" apiVersion="k3s.cattle.io/v1" type="Normal" reason="ApplyingManifest" message="Applying manifest at \"/var/lib/rancher/k3s/server/manifests/metrics-server/metrics-server-deployment.yaml\""
2025-01-27 19:04:18,127 INFO c.h.h.t.HelmChartContainer - [K3S] [event.go:389] "Event occurred" object="kube-system/metrics-server-deployment" fieldPath="" kind="Addon" apiVersion="k3s.cattle.io/v1" type="Normal" reason="AppliedManifest" message="Applied manifest at \"/var/lib/rancher/k3s/server/manifests/metrics-server/metrics-server-deployment.yaml\""
2025-01-27 19:04:18,127 INFO c.h.h.t.HelmChartContainer - [K3S] [controllermanager.go:765] "Started controller" controller="root-ca-certificate-publisher-controller"
2025-01-27 19:04:18,128 INFO c.h.h.t.HelmChartContainer - [K3S] [publisher.go:107] "Starting root CA cert publisher controller"
2025-01-27 19:04:18,133 INFO c.h.h.t.HelmChartContainer - [K3S] [event.go:389] "Event occurred" object="kube-system/metrics-server-service" fieldPath="" kind="Addon" apiVersion="k3s.cattle.io/v1" type="Normal" reason="ApplyingManifest" message="Applying manifest at \"/var/lib/rancher/k3s/server/manifests/metrics-server/metrics-server-service.yaml\""
2025-01-27 19:04:18,139 INFO c.h.h.t.HelmChartContainer - [K3S] [alloc.go:330] "allocated clusterIPs" service="kube-system/metrics-server" clusterIPs={"IPv4":"10.43.110.39"}
2025-01-27 19:04:18,139 INFO c.h.h.t.HelmChartContainer - [K3S] [event.go:389] "Event occurred" object="kube-system/metrics-server-service" fieldPath="" kind="Addon" apiVersion="k3s.cattle.io/v1" type="Normal" reason="AppliedManifest" message="Applied manifest at \"/var/lib/rancher/k3s/server/manifests/metrics-server/metrics-server-service.yaml\""
2025-01-27 19:04:18,144 INFO c.h.h.t.HelmChartContainer - [K3S] [handler_proxy.go:99] no RequestInfo found in the context
2025-01-27 19:04:18,144 INFO c.h.h.t.HelmChartContainer - [K3S] [controller.go:146] "Unhandled Error" err=<
2025-01-27 19:04:18,145 INFO c.h.h.t.HelmChartContainer - [K3S] 	, Header: map[Content-Type:[text/plain; charset=utf-8] X-Content-Type-Options:[nosniff]]
2025-01-27 19:04:18,145 INFO c.h.h.t.HelmChartContainer - [K3S]  >
2025-01-27 19:04:18,145 INFO c.h.h.t.HelmChartContainer - [K3S] [handler_proxy.go:143] error resolving kube-system/metrics-server: endpoints "metrics-server" not found
2025-01-27 19:04:18,147 INFO c.h.h.t.HelmChartContainer - [K3S] [event.go:389] "Event occurred" object="kube-system/resource-reader" fieldPath="" kind="Addon" apiVersion="k3s.cattle.io/v1" type="Normal" reason="ApplyingManifest" message="Applying manifest at \"/var/lib/rancher/k3s/server/manifests/metrics-server/resource-reader.yaml\""
2025-01-27 19:04:18,187 INFO c.h.h.t.HelmChartContainer - [K3S] [event.go:389] "Event occurred" object="kube-system/resource-reader" fieldPath="" kind="Addon" apiVersion="k3s.cattle.io/v1" type="Normal" reason="AppliedManifest" message="Applied manifest at \"/var/lib/rancher/k3s/server/manifests/metrics-server/resource-reader.yaml\""
2025-01-27 19:04:18,193 INFO c.h.h.t.HelmChartContainer - [K3S] [event.go:389] "Event occurred" object="kube-system/rolebindings" fieldPath="" kind="Addon" apiVersion="k3s.cattle.io/v1" type="Normal" reason="ApplyingManifest" message="Applying manifest at \"/var/lib/rancher/k3s/server/manifests/rolebindings.yaml\""
2025-01-27 19:04:18,278 INFO c.h.h.t.HelmChartContainer - [K3S] [controllermanager.go:765] "Started controller" controller="endpointslice-controller"
2025-01-27 19:04:18,279 INFO c.h.h.t.HelmChartContainer - [K3S] [endpointslice_controller.go:281] "Starting endpoint slice controller"
2025-01-27 19:04:18,305 INFO c.h.h.t.HelmChartContainer - [K3S] [event.go:389] "Event occurred" object="kube-system/rolebindings" fieldPath="" kind="Addon" apiVersion="k3s.cattle.io/v1" type="Normal" reason="AppliedManifest" message="Applied manifest at \"/var/lib/rancher/k3s/server/manifests/rolebindings.yaml\""
2025-01-27 19:04:18,314 INFO c.h.h.t.HelmChartContainer - [K3S] [event.go:389] "Event occurred" object="kube-system/runtimes" fieldPath="" kind="Addon" apiVersion="k3s.cattle.io/v1" type="Normal" reason="ApplyingManifest" message="Applying manifest at \"/var/lib/rancher/k3s/server/manifests/runtimes.yaml\""
2025-01-27 19:04:18,347 INFO c.h.h.t.HelmChartContainer - [K3S] [event.go:389] "Event occurred" object="kube-system/runtimes" fieldPath="" kind="Addon" apiVersion="k3s.cattle.io/v1" type="Normal" reason="AppliedManifest" message="Applied manifest at \"/var/lib/rancher/k3s/server/manifests/runtimes.yaml\""
2025-01-27 19:04:18,396 INFO c.h.h.t.HelmChartContainer - [K3S] [serving.go:392] Generated self-signed cert in-memory
2025-01-27 19:04:18,428 INFO c.h.h.t.HelmChartContainer - [K3S] [controllermanager.go:765] "Started controller" controller="replicationcontroller-controller"
2025-01-27 19:04:18,428 INFO c.h.h.t.HelmChartContainer - [K3S] [replica_set.go:217] "Starting controller" name="replicationcontroller"
2025-01-27 19:04:18,626 INFO c.h.h.t.HelmChartContainer - [K3S] [controllermanager.go:765] "Started controller" controller="disruption-controller"
2025-01-27 19:04:18,627 INFO c.h.h.t.HelmChartContainer - [K3S] [disruption.go:452] "Sending events to api server."
2025-01-27 19:04:18,627 INFO c.h.h.t.HelmChartContainer - [K3S] [disruption.go:463] "Starting disruption controller"
2025-01-27 19:04:18,720 INFO c.h.h.t.HelmChartContainer - [K3S] [serving.go:392] Generated self-signed cert in-memory
2025-01-27 19:04:18,777 INFO c.h.h.t.HelmChartContainer - [K3S] [controllermanager.go:765] "Started controller" controller="persistentvolume-attach-detach-controller"
2025-01-27 19:04:18,778 INFO c.h.h.t.HelmChartContainer - [K3S] [attach_detach_controller.go:338] "Starting attach detach controller"
2025-01-27 19:04:18,976 INFO c.h.h.t.HelmChartContainer - [K3S] [controllermanager.go:765] "Started controller" controller="validatingadmissionpolicy-status-controller"
2025-01-27 19:04:18,976 INFO c.h.h.t.HelmChartContainer - [K3S] [controllermanager.go:717] "Controller is disabled by a feature gate" controller="storageversion-garbage-collector-controller" requiredFeatureGates=["APIServerIdentity","StorageVersionAPI"]
2025-01-27 19:04:19,108 INFO c.h.h.t.HelmChartContainer - [K3S] [handler_proxy.go:99] no RequestInfo found in the context
2025-01-27 19:04:19,108 INFO c.h.h.t.HelmChartContainer - [K3S] [handler_proxy.go:99] no RequestInfo found in the context
2025-01-27 19:04:19,108 INFO c.h.h.t.HelmChartContainer - [K3S] [controller.go:102] "Unhandled Error" err=<
2025-01-27 19:04:19,108 INFO c.h.h.t.HelmChartContainer - [K3S] 	, Header: map[Content-Type:[text/plain; charset=utf-8] X-Content-Type-Options:[nosniff]]
2025-01-27 19:04:19,108 INFO c.h.h.t.HelmChartContainer - [K3S]  >
2025-01-27 19:04:19,113 INFO c.h.h.t.HelmChartContainer - [K3S] [controllermanager.go:160] Version: v1.32.0+k3s1
2025-01-27 19:04:19,118 INFO c.h.h.t.HelmChartContainer - [K3S] [requestheader_controller.go:180] Starting RequestHeaderAuthRequestController
2025-01-27 19:04:19,118 INFO c.h.h.t.HelmChartContainer - [K3S] [configmap_cafile_content.go:205] "Starting controller" name="client-ca::kube-system::extension-apiserver-authentication::requestheader-client-ca-file"
2025-01-27 19:04:19,119 INFO c.h.h.t.HelmChartContainer - [K3S] [configmap_cafile_content.go:205] "Starting controller" name="client-ca::kube-system::extension-apiserver-authentication::client-ca-file"
2025-01-27 19:04:19,119 INFO c.h.h.t.HelmChartContainer - [K3S] [secure_serving.go:213] Serving securely on 127.0.0.1:10258
2025-01-27 19:04:19,119 INFO c.h.h.t.HelmChartContainer - [K3S] [tlsconfig.go:243] "Starting DynamicServingCertificateController"
2025-01-27 19:04:19,121 INFO c.h.h.t.HelmChartContainer - [K3S] [INFO] Creating service-lb-controller event broadcaster
2025-01-27 19:04:19,135 INFO c.h.h.t.HelmChartContainer - [K3S] [controllermanager.go:765] "Started controller" controller="pod-garbage-collector-controller"
2025-01-27 19:04:19,136 INFO c.h.h.t.HelmChartContainer - [K3S] [gc_controller.go:99] "Starting GC controller"
2025-01-27 19:04:19,235 INFO c.h.h.t.HelmChartContainer - [K3S] [INFO] Starting /v1, Kind=Node controller
2025-01-27 19:04:19,239 INFO c.h.h.t.HelmChartContainer - [K3S] [INFO] Starting /v1, Kind=Pod controller
2025-01-27 19:04:19,242 INFO c.h.h.t.HelmChartContainer - [K3S] [INFO] Tunnel authorizer set Kubelet Port 0.0.0.0:10250
2025-01-27 19:04:19,243 INFO c.h.h.t.HelmChartContainer - [K3S] [INFO] Starting apps/v1, Kind=DaemonSet controller
2025-01-27 19:04:19,246 INFO c.h.h.t.HelmChartContainer - [K3S] [INFO] Starting discovery.k8s.io/v1, Kind=EndpointSlice controller
2025-01-27 19:04:19,247 INFO c.h.h.t.HelmChartContainer - [K3S] [controllermanager.go:329] Started "cloud-node-lifecycle-controller"
2025-01-27 19:04:19,247 INFO c.h.h.t.HelmChartContainer - [K3S] [node_lifecycle_controller.go:112] Sending events to api server
2025-01-27 19:04:19,249 INFO c.h.h.t.HelmChartContainer - [K3S] [controllermanager.go:329] Started "service-lb-controller"
2025-01-27 19:04:19,249 INFO c.h.h.t.HelmChartContainer - [K3S] [controllermanager.go:306] "node-route-controller" is disabled
2025-01-27 19:04:19,249 INFO c.h.h.t.HelmChartContainer - [K3S] [controller.go:234] Starting service controller
2025-01-27 19:04:19,249 INFO c.h.h.t.HelmChartContainer - [K3S] [controllermanager.go:329] Started "cloud-node-controller"
2025-01-27 19:04:19,249 INFO c.h.h.t.HelmChartContainer - [K3S] [node_controller.go:176] Sending events to api server.
2025-01-27 19:04:19,249 INFO c.h.h.t.HelmChartContainer - [K3S] [node_controller.go:185] Waiting for informer caches to sync
2025-01-27 19:04:19,279 INFO c.h.h.t.HelmChartContainer - [K3S] [controllermanager.go:765] "Started controller" controller="job-controller"
2025-01-27 19:04:19,280 INFO c.h.h.t.HelmChartContainer - [K3S] [job_controller.go:243] "Starting job controller"
2025-01-27 19:04:19,348 INFO c.h.h.t.HelmChartContainer - [K3S] [node_controller.go:429] Initializing node 52733b76dd2d with cloud provider
2025-01-27 19:04:19,353 INFO c.h.h.t.HelmChartContainer - [K3S] [node_controller.go:474] Successfully initialized node 52733b76dd2d with cloud provider
2025-01-27 19:04:19,355 INFO c.h.h.t.HelmChartContainer - [K3S] [event.go:389] "Event occurred" object="52733b76dd2d" fieldPath="" kind="Node" apiVersion="v1" type="Normal" reason="Synced" message="Node synced successfully"
2025-01-27 19:04:19,367 INFO c.h.h.t.HelmChartContainer - [K3S] [INFO] Updated coredns NodeHosts entry for 52733b76dd2d
2025-01-27 19:04:19,432 INFO c.h.h.t.HelmChartContainer - [K3S] [range_allocator.go:112] "No Secondary Service CIDR provided. Skipping filtering out secondary service addresses"
2025-01-27 19:04:19,432 INFO c.h.h.t.HelmChartContainer - [K3S] [controllermanager.go:765] "Started controller" controller="node-ipam-controller"
2025-01-27 19:04:19,432 INFO c.h.h.t.HelmChartContainer - [K3S] [node_ipam_controller.go:141] "Starting ipam controller"
2025-01-27 19:04:19,578 INFO c.h.h.t.HelmChartContainer - [K3S] [controllermanager.go:765] "Started controller" controller="persistentvolumeclaim-protection-controller"
2025-01-27 19:04:19,578 INFO c.h.h.t.HelmChartContainer - [K3S] [controllermanager.go:717] "Controller is disabled by a feature gate" controller="volumeattributesclass-protection-controller" requiredFeatureGates=["VolumeAttributesClass"]
2025-01-27 19:04:19,578 INFO c.h.h.t.HelmChartContainer - [K3S] [pvc_protection_controller.go:168] "Starting PVC protection controller"
2025-01-27 19:04:19,587 INFO c.h.h.t.HelmChartContainer - [K3S] [serving.go:392] Generated self-signed cert in-memory
2025-01-27 19:04:19,727 INFO c.h.h.t.HelmChartContainer - [K3S] [controllermanager.go:765] "Started controller" controller="ttl-after-finished-controller"
2025-01-27 19:04:19,727 INFO c.h.h.t.HelmChartContainer - [K3S] [ttlafterfinished_controller.go:112] "Starting TTL after finished controller"
2025-01-27 19:04:19,878 INFO c.h.h.t.HelmChartContainer - [K3S] [controllermanager.go:765] "Started controller" controller="statefulset-controller"
2025-01-27 19:04:19,878 INFO c.h.h.t.HelmChartContainer - [K3S] [stateful_set.go:166] "Starting stateful set controller"
2025-01-27 19:04:19,906 INFO c.h.h.t.HelmChartContainer - [K3S] [server.go:164] "Starting Kubernetes Scheduler" version="v1.32.0+k3s1"
2025-01-27 19:04:19,906 INFO c.h.h.t.HelmChartContainer - [K3S] [server.go:166] "Golang settings" GOGC="" GOMAXPROCS="" GOTRACEBACK=""
2025-01-27 19:04:19,910 INFO c.h.h.t.HelmChartContainer - [K3S] [requestheader_controller.go:180] Starting RequestHeaderAuthRequestController
2025-01-27 19:04:19,910 INFO c.h.h.t.HelmChartContainer - [K3S] [configmap_cafile_content.go:205] "Starting controller" name="client-ca::kube-system::extension-apiserver-authentication::client-ca-file"
2025-01-27 19:04:19,911 INFO c.h.h.t.HelmChartContainer - [K3S] [configmap_cafile_content.go:205] "Starting controller" name="client-ca::kube-system::extension-apiserver-authentication::requestheader-client-ca-file"
2025-01-27 19:04:19,911 INFO c.h.h.t.HelmChartContainer - [K3S] [secure_serving.go:213] Serving securely on 127.0.0.1:10259
2025-01-27 19:04:19,911 INFO c.h.h.t.HelmChartContainer - [K3S] [tlsconfig.go:243] "Starting DynamicServingCertificateController"
2025-01-27 19:04:19,927 INFO c.h.h.t.HelmChartContainer - [K3S] [certificate_controller.go:120] "Starting certificate controller" name="csrsigning-kubelet-serving"
2025-01-27 19:04:19,927 INFO c.h.h.t.HelmChartContainer - [K3S] [dynamic_serving_content.go:135] "Starting controller" name="csr-controller::/var/lib/rancher/k3s/server/tls/server-ca.nochain.crt::/var/lib/rancher/k3s/server/tls/server-ca.key"
2025-01-27 19:04:19,927 INFO c.h.h.t.HelmChartContainer - [K3S] [certificate_controller.go:120] "Starting certificate controller" name="csrsigning-kubelet-client"
2025-01-27 19:04:19,928 INFO c.h.h.t.HelmChartContainer - [K3S] [dynamic_serving_content.go:135] "Starting controller" name="csr-controller::/var/lib/rancher/k3s/server/tls/client-ca.nochain.crt::/var/lib/rancher/k3s/server/tls/client-ca.key"
2025-01-27 19:04:19,928 INFO c.h.h.t.HelmChartContainer - [K3S] [controllermanager.go:765] "Started controller" controller="certificatesigningrequest-signing-controller"
2025-01-27 19:04:19,928 INFO c.h.h.t.HelmChartContainer - [K3S] [certificate_controller.go:120] "Starting certificate controller" name="csrsigning-kube-apiserver-client"
2025-01-27 19:04:19,928 INFO c.h.h.t.HelmChartContainer - [K3S] [certificate_controller.go:120] "Starting certificate controller" name="csrsigning-legacy-unknown"
2025-01-27 19:04:19,928 INFO c.h.h.t.HelmChartContainer - [K3S] [dynamic_serving_content.go:135] "Starting controller" name="csr-controller::/var/lib/rancher/k3s/server/tls/server-ca.nochain.crt::/var/lib/rancher/k3s/server/tls/server-ca.key"
2025-01-27 19:04:19,928 INFO c.h.h.t.HelmChartContainer - [K3S] [dynamic_serving_content.go:135] "Starting controller" name="csr-controller::/var/lib/rancher/k3s/server/tls/client-ca.nochain.crt::/var/lib/rancher/k3s/server/tls/client-ca.key"
2025-01-27 19:04:19,977 INFO c.h.h.t.HelmChartContainer - [K3S] [controllermanager.go:765] "Started controller" controller="taint-eviction-controller"
2025-01-27 19:04:19,977 INFO c.h.h.t.HelmChartContainer - [K3S] [controllermanager.go:717] "Controller is disabled by a feature gate" controller="service-cidr-controller" requiredFeatureGates=["MultiCIDRServiceAllocator"]
2025-01-27 19:04:19,977 INFO c.h.h.t.HelmChartContainer - [K3S] [controllermanager.go:743] "Warning: skipping controller" controller="storage-version-migrator-controller"
2025-01-27 19:04:19,977 INFO c.h.h.t.HelmChartContainer - [K3S] [taint_eviction.go:281] "Starting" controller="taint-eviction-controller"
2025-01-27 19:04:19,977 INFO c.h.h.t.HelmChartContainer - [K3S] [taint_eviction.go:287] "Sending events to api server"
2025-01-27 19:04:19,991 INFO c.h.h.t.HelmChartContainer - [K3S] [actual_state_of_world.go:541] "Failed to update statusUpdateNeeded field in actual state of world" err="Failed to set statusUpdateNeeded to needed true, because nodeName=\"52733b76dd2d\" does not exist"
2025-01-27 19:04:20,033 INFO c.h.h.t.HelmChartContainer - [K3S] [range_allocator.go:177] "Sending events to api server"
2025-01-27 19:04:20,033 INFO c.h.h.t.HelmChartContainer - [K3S] [range_allocator.go:183] "Starting range CIDR allocator"
2025-01-27 19:04:20,037 INFO c.h.h.t.HelmChartContainer - [K3S] [range_allocator.go:428] "Set node PodCIDR" node="52733b76dd2d" podCIDRs=["10.42.0.0/24"]
2025-01-27 19:04:20,037 INFO c.h.h.t.HelmChartContainer - [K3S] [range_allocator.go:247] "Successfully synced" key="52733b76dd2d"
2025-01-27 19:04:20,037 INFO c.h.h.t.HelmChartContainer - [K3S] [INFO] Flannel found PodCIDR assigned for node 52733b76dd2d
2025-01-27 19:04:20,038 INFO c.h.h.t.HelmChartContainer - [K3S] [range_allocator.go:247] "Successfully synced" key="52733b76dd2d"
2025-01-27 19:04:20,038 INFO c.h.h.t.HelmChartContainer - [K3S] [INFO] The interface eth0 with ipv4 address 172.18.0.2 will be used by flannel
2025-01-27 19:04:20,040 INFO c.h.h.t.HelmChartContainer - [K3S] [kube.go:139] Waiting 10m0s for node controller to sync
2025-01-27 19:04:20,040 INFO c.h.h.t.HelmChartContainer - [K3S] [kube.go:469] Starting kube subnet manager
2025-01-27 19:04:20,091 INFO c.h.h.t.HelmChartContainer - [K3S] [node_lifecycle_controller.go:1234] "Initializing eviction metric for zone" zone=""
2025-01-27 19:04:20,095 INFO c.h.h.t.HelmChartContainer - [K3S] [node_lifecycle_controller.go:886] "Missing timestamp for Node. Assuming now as a timestamp" node="52733b76dd2d"
2025-01-27 19:04:20,095 INFO c.h.h.t.HelmChartContainer - [K3S] [node_lifecycle_controller.go:1080] "Controller detected that zone is now in new state" zone="" newState="Normal"
2025-01-27 19:04:20,101 INFO c.h.h.t.HelmChartContainer - [K3S] [range_allocator.go:247] "Successfully synced" key="52733b76dd2d"
2025-01-27 19:04:20,153 INFO c.h.h.t.HelmChartContainer - [K3S] [INFO] Starting network policy controller version v2.2.1, built on 2025-01-10T17:03:20Z, go1.23.3
2025-01-27 19:04:20,153 INFO c.h.h.t.HelmChartContainer - [K3S] [network_policy_controller.go:164] Starting network policy controller
2025-01-27 19:04:20,179 INFO c.h.h.t.HelmChartContainer - [K3S] [network_policy_controller.go:176] Starting network policy controller full sync goroutine
2025-01-27 19:04:20,240 INFO c.h.h.t.HelmChartContainer - [K3S] [INFO] Started tunnel to 172.18.0.2:6443
2025-01-27 19:04:20,240 INFO c.h.h.t.HelmChartContainer - [K3S] [INFO] Stopped tunnel to 127.0.0.1:6443
2025-01-27 19:04:20,240 INFO c.h.h.t.HelmChartContainer - [K3S] [INFO] Connecting to proxy" url="wss://172.18.0.2:6443/v1-k3s/connect
2025-01-27 19:04:20,241 INFO c.h.h.t.HelmChartContainer - [K3S] [INFO] Proxy done" err="context canceled" url="wss://127.0.0.1:6443/v1-k3s/connect
2025-01-27 19:04:20,241 INFO c.h.h.t.HelmChartContainer - [K3S] [INFO] error in remotedialer server [400]: websocket: close 1006 (abnormal closure): unexpected EOF
2025-01-27 19:04:20,242 INFO c.h.h.t.HelmChartContainer - [K3S] [INFO] Handling backend connection request [52733b76dd2d]
2025-01-27 19:04:20,242 INFO c.h.h.t.HelmChartContainer - [K3S] [INFO] Remotedialer connected to proxy" url="wss://172.18.0.2:6443/v1-k3s/connect
2025-01-27 19:04:20,533 INFO c.h.h.t.HelmChartContainer - [K3S] [range_allocator.go:247] "Successfully synced" key="52733b76dd2d"
2025-01-27 19:04:20,683 INFO c.h.h.t.HelmChartContainer - [K3S] [handler_proxy.go:99] no RequestInfo found in the context
2025-01-27 19:04:20,683 INFO c.h.h.t.HelmChartContainer - [K3S] [controller.go:146] "Unhandled Error" err=<
2025-01-27 19:04:20,683 INFO c.h.h.t.HelmChartContainer - [K3S] 	, Header: map[Content-Type:[text/plain; charset=utf-8] X-Content-Type-Options:[nosniff]]
2025-01-27 19:04:20,683 INFO c.h.h.t.HelmChartContainer - [K3S]  >
2025-01-27 19:04:20,684 INFO c.h.h.t.HelmChartContainer - [K3S] [handler_proxy.go:143] error resolving kube-system/metrics-server: no endpoints available for service "metrics-server"
2025-01-27 19:04:20,896 INFO c.h.h.t.HelmChartContainer - [K3S] [replica_set.go:679] "Finished syncing" kind="ReplicaSet" key="kube-system/local-path-provisioner-698b58967b" duration="162.801506ms"
2025-01-27 19:04:20,900 INFO c.h.h.t.HelmChartContainer - [K3S] [replica_set.go:679] "Finished syncing" kind="ReplicaSet" key="kube-system/coredns-ff8999cc5" duration="161.27468ms"
2025-01-27 19:04:20,905 INFO c.h.h.t.HelmChartContainer - [K3S] [replica_set.go:679] "Finished syncing" kind="ReplicaSet" key="kube-system/metrics-server-8584b5786c" duration="169.168069ms"
2025-01-27 19:04:20,914 INFO c.h.h.t.HelmChartContainer - [K3S] [replica_set.go:679] "Finished syncing" kind="ReplicaSet" key="kube-system/local-path-provisioner-698b58967b" duration="13.354256ms"
2025-01-27 19:04:20,914 INFO c.h.h.t.HelmChartContainer - [K3S] [replica_set.go:679] "Finished syncing" kind="ReplicaSet" key="kube-system/local-path-provisioner-698b58967b" duration="24.856µs"
2025-01-27 19:04:20,914 INFO c.h.h.t.HelmChartContainer - [K3S] [replica_set.go:679] "Finished syncing" kind="ReplicaSet" key="kube-system/coredns-ff8999cc5" duration="9.601167ms"
2025-01-27 19:04:20,914 INFO c.h.h.t.HelmChartContainer - [K3S] [replica_set.go:679] "Finished syncing" kind="ReplicaSet" key="kube-system/coredns-ff8999cc5" duration="22.732µs"
2025-01-27 19:04:20,922 INFO c.h.h.t.HelmChartContainer - [K3S] [replica_set.go:679] "Finished syncing" kind="ReplicaSet" key="kube-system/metrics-server-8584b5786c" duration="19.429606ms"
2025-01-27 19:04:20,932 INFO c.h.h.t.HelmChartContainer - [K3S] [replica_set.go:679] "Finished syncing" kind="ReplicaSet" key="kube-system/local-path-provisioner-698b58967b" duration="26.389µs"
2025-01-27 19:04:20,933 INFO c.h.h.t.HelmChartContainer - [K3S] [replica_set.go:679] "Finished syncing" kind="ReplicaSet" key="kube-system/metrics-server-8584b5786c" duration="11.838325ms"
2025-01-27 19:04:20,935 INFO c.h.h.t.HelmChartContainer - [K3S] [replica_set.go:679] "Finished syncing" kind="ReplicaSet" key="kube-system/metrics-server-8584b5786c" duration="28.373µs"
2025-01-27 19:04:20,942 INFO c.h.h.t.HelmChartContainer - [K3S] [replica_set.go:679] "Finished syncing" kind="ReplicaSet" key="kube-system/coredns-ff8999cc5" duration="31.659µs"
2025-01-27 19:04:20,948 INFO c.h.h.t.HelmChartContainer - [K3S] [replica_set.go:679] "Finished syncing" kind="ReplicaSet" key="kube-system/metrics-server-8584b5786c" duration="24.706µs"
2025-01-27 19:04:21,001 INFO c.h.h.t.HelmChartContainer - [K3S] [reconciler_common.go:251] "operationExecutor.VerifyControllerAttachedVolume started for volume \"config-volume\" (UniqueName: \"kubernetes.io/configmap/ac4c5681-21cb-43a9-b706-3ce277ada5b1-config-volume\") pod \"local-path-provisioner-698b58967b-h6cfl\" (UID: \"ac4c5681-21cb-43a9-b706-3ce277ada5b1\") " pod="kube-system/local-path-provisioner-698b58967b-h6cfl"
2025-01-27 19:04:21,001 INFO c.h.h.t.HelmChartContainer - [K3S] [reconciler_common.go:251] "operationExecutor.VerifyControllerAttachedVolume started for volume \"kube-api-access-bvwxq\" (UniqueName: \"kubernetes.io/projected/ac4c5681-21cb-43a9-b706-3ce277ada5b1-kube-api-access-bvwxq\") pod \"local-path-provisioner-698b58967b-h6cfl\" (UID: \"ac4c5681-21cb-43a9-b706-3ce277ada5b1\") " pod="kube-system/local-path-provisioner-698b58967b-h6cfl"
2025-01-27 19:04:21,001 INFO c.h.h.t.HelmChartContainer - [K3S] [reconciler_common.go:251] "operationExecutor.VerifyControllerAttachedVolume started for volume \"tmp-dir\" (UniqueName: \"kubernetes.io/empty-dir/ac9b99f6-44b1-44c6-a72f-7dff40f4713e-tmp-dir\") pod \"metrics-server-8584b5786c-6hnsd\" (UID: \"ac9b99f6-44b1-44c6-a72f-7dff40f4713e\") " pod="kube-system/metrics-server-8584b5786c-6hnsd"
2025-01-27 19:04:21,001 INFO c.h.h.t.HelmChartContainer - [K3S] [reconciler_common.go:251] "operationExecutor.VerifyControllerAttachedVolume started for volume \"kube-api-access-zs7tj\" (UniqueName: \"kubernetes.io/projected/ac9b99f6-44b1-44c6-a72f-7dff40f4713e-kube-api-access-zs7tj\") pod \"metrics-server-8584b5786c-6hnsd\" (UID: \"ac9b99f6-44b1-44c6-a72f-7dff40f4713e\") " pod="kube-system/metrics-server-8584b5786c-6hnsd"
2025-01-27 19:04:21,001 INFO c.h.h.t.HelmChartContainer - [K3S] [reconciler_common.go:251] "operationExecutor.VerifyControllerAttachedVolume started for volume \"config-volume\" (UniqueName: \"kubernetes.io/configmap/0a80c89d-8c98-443d-a9d8-7e51c6cb2f0b-config-volume\") pod \"coredns-ff8999cc5-sp4tv\" (UID: \"0a80c89d-8c98-443d-a9d8-7e51c6cb2f0b\") " pod="kube-system/coredns-ff8999cc5-sp4tv"
2025-01-27 19:04:21,001 INFO c.h.h.t.HelmChartContainer - [K3S] [reconciler_common.go:251] "operationExecutor.VerifyControllerAttachedVolume started for volume \"custom-config-volume\" (UniqueName: \"kubernetes.io/configmap/0a80c89d-8c98-443d-a9d8-7e51c6cb2f0b-custom-config-volume\") pod \"coredns-ff8999cc5-sp4tv\" (UID: \"0a80c89d-8c98-443d-a9d8-7e51c6cb2f0b\") " pod="kube-system/coredns-ff8999cc5-sp4tv"
2025-01-27 19:04:21,002 INFO c.h.h.t.HelmChartContainer - [K3S] [reconciler_common.go:251] "operationExecutor.VerifyControllerAttachedVolume started for volume \"kube-api-access-q2bwt\" (UniqueName: \"kubernetes.io/projected/0a80c89d-8c98-443d-a9d8-7e51c6cb2f0b-kube-api-access-q2bwt\") pod \"coredns-ff8999cc5-sp4tv\" (UID: \"0a80c89d-8c98-443d-a9d8-7e51c6cb2f0b\") " pod="kube-system/coredns-ff8999cc5-sp4tv"
2025-01-27 19:04:21,038 INFO c.h.h.t.HelmChartContainer - [K3S] [kube.go:146] Node controller sync successful
2025-01-27 19:04:21,038 INFO c.h.h.t.HelmChartContainer - [K3S] [vxlan.go:141] VXLAN config: VNI=1 Port=0 GBP=false Learning=false DirectRouting=false
2025-01-27 19:04:21,041 INFO c.h.h.t.HelmChartContainer - [K3S] [kube.go:636] List of node(52733b76dd2d) annotations: map[string]string{"alpha.kubernetes.io/provided-node-ip":"172.18.0.2", "k3s.io/hostname":"52733b76dd2d", "k3s.io/internal-ip":"172.18.0.2", "k3s.io/node-args":"[\"server\",\"--etcd-arg\",\"unsafe-no-fsync\",\"--etcd-arg\",\"snapshot-count=10000\",\"--etcd-arg\",\"auto-compaction-mode=revision\",\"--etcd-arg\",\"auto-compaction-retention=1000000\",\"--kube-apiserver-arg\",\"etcd-compaction-interval=0s\",\"--disable\",\"traefik\",\"--tls-san\",\"localhost\"]", "k3s.io/node-config-hash":"2QNNT5M5XUBFOLO5XPGEVGOM5UDLHHTIVMSRUPAUHE5DU3HUYQUQ====", "k3s.io/node-env":"{}", "node.alpha.kubernetes.io/ttl":"0", "volumes.kubernetes.io/controller-managed-attach-detach":"true"}
2025-01-27 19:04:21,046 INFO c.h.h.t.HelmChartContainer - [K3S] [iptables.go:51] Starting flannel in iptables mode...
2025-01-27 19:04:21,046 INFO c.h.h.t.HelmChartContainer - [K3S] [WARNING] no subnet found for key: FLANNEL_NETWORK in file: /run/flannel/subnet.env
2025-01-27 19:04:21,046 INFO c.h.h.t.HelmChartContainer - [K3S] [WARNING] no subnet found for key: FLANNEL_SUBNET in file: /run/flannel/subnet.env
2025-01-27 19:04:21,047 INFO c.h.h.t.HelmChartContainer - [K3S] [WARNING] no subnet found for key: FLANNEL_IPV6_NETWORK in file: /run/flannel/subnet.env
2025-01-27 19:04:21,047 INFO c.h.h.t.HelmChartContainer - [K3S] [WARNING] no subnet found for key: FLANNEL_IPV6_SUBNET in file: /run/flannel/subnet.env
2025-01-27 19:04:21,047 INFO c.h.h.t.HelmChartContainer - [K3S] [iptables.go:115] Current network or subnet (10.42.0.0/16, 10.42.0.0/24) is not equal to previous one (0.0.0.0/0, 0.0.0.0/0), trying to recycle old iptables rules
2025-01-27 19:04:21,048 INFO c.h.h.t.HelmChartContainer - [K3S] [kube.go:490] Creating the node lease for IPv4. This is the n.Spec.PodCIDRs: [10.42.0.0/24]
2025-01-27 19:04:21,048 INFO c.h.h.t.HelmChartContainer - [K3S] [range_allocator.go:247] "Successfully synced" key="52733b76dd2d"
2025-01-27 19:04:21,055 INFO c.h.h.t.HelmChartContainer - [K3S] [iptables.go:125] Setting up masking rules
2025-01-27 19:04:21,057 INFO c.h.h.t.HelmChartContainer - [K3S] [iptables.go:226] Changing default FORWARD chain policy to ACCEPT
2025-01-27 19:04:21,060 INFO c.h.h.t.HelmChartContainer - [K3S] [INFO] Wrote flannel subnet file to /run/flannel/subnet.env
2025-01-27 19:04:21,060 INFO c.h.h.t.HelmChartContainer - [K3S] [INFO] Running flannel backend.
2025-01-27 19:04:21,060 INFO c.h.h.t.HelmChartContainer - [K3S] [vxlan_network.go:65] watching for new subnet leases
2025-01-27 19:04:21,070 INFO c.h.h.t.HelmChartContainer - [K3S] [iptables.go:372] bootstrap done
2025-01-27 19:04:21,075 INFO c.h.h.t.HelmChartContainer - [K3S] [iptables.go:372] bootstrap done
2025-01-27 19:04:21,685 INFO c.h.h.t.HelmChartContainer - [K3S] [handler_proxy.go:99] no RequestInfo found in the context
2025-01-27 19:04:21,685 INFO c.h.h.t.HelmChartContainer - [K3S] [handler_proxy.go:99] no RequestInfo found in the context
2025-01-27 19:04:21,685 INFO c.h.h.t.HelmChartContainer - [K3S] [controller.go:102] "Unhandled Error" err=<
2025-01-27 19:04:21,685 INFO c.h.h.t.HelmChartContainer - [K3S] 	, Header: map[Content-Type:[text/plain; charset=utf-8] X-Content-Type-Options:[nosniff]]
2025-01-27 19:04:21,685 INFO c.h.h.t.HelmChartContainer - [K3S]  >
2025-01-27 19:04:24,365 INFO c.h.h.t.HelmChartContainer - [K3S] [replica_set.go:679] "Finished syncing" kind="ReplicaSet" key="kube-system/metrics-server-8584b5786c" duration="36.658µs"
2025-01-27 19:04:24,430 INFO c.h.h.t.HelmChartContainer - [K3S] [replica_set.go:679] "Finished syncing" kind="ReplicaSet" key="kube-system/local-path-provisioner-698b58967b" duration="33.624997ms"
2025-01-27 19:04:24,430 INFO c.h.h.t.HelmChartContainer - [K3S] [replica_set.go:679] "Finished syncing" kind="ReplicaSet" key="kube-system/local-path-provisioner-698b58967b" duration="130.673µs"
2025-01-27 19:04:25,257 DEBUG c.h.h.t.HelmChartContainer - Image file loaded 'hivemq-platform-operator.tar'
2025-01-27 19:04:25,370 INFO c.h.h.t.HelmChartContainer - [K3S] [replica_set.go:679] "Finished syncing" kind="ReplicaSet" key="kube-system/coredns-ff8999cc5" duration="69.017µs"
2025-01-27 19:04:25,734 DEBUG c.h.h.t.HelmChartContainer - Image file loaded 'hivemq-platform-operator-init.tar'
2025-01-27 19:04:25,786 INFO c.h.h.t.HelmChartContainer - [K3S] [kuberuntime_manager.go:1702] "Updating runtime config through cri with podcidr" CIDR="10.42.0.0/24"
2025-01-27 19:04:25,787 INFO c.h.h.t.HelmChartContainer - [K3S] [kubelet_network.go:61] "Updating Pod CIDR" originalPodCIDR="" newPodCIDR="10.42.0.0/24"
2025-01-27 19:04:25,793 INFO c.h.h.t.HelmChartContainer - [K3S] [range_allocator.go:247] "Successfully synced" key="52733b76dd2d"
2025-01-27 19:04:26,375 INFO c.h.h.t.HelmChartContainer - [K3S] [replica_set.go:679] "Finished syncing" kind="ReplicaSet" key="kube-system/coredns-ff8999cc5" duration="6.381583ms"
2025-01-27 19:04:26,376 INFO c.h.h.t.HelmChartContainer - [K3S] [replica_set.go:679] "Finished syncing" kind="ReplicaSet" key="kube-system/coredns-ff8999cc5" duration="45.775µs"
2025-01-27 19:04:32,503 DEBUG c.h.h.t.HelmChartContainer - Image file loaded 'hivemq-platform.tar'
2025-01-27 19:04:32,503 DEBUG c.h.h.t.HelmChartContainer - Successful Helm chart Container startup
2025-01-27 19:04:32,517 INFO t.localhost/testcontainers/8fkedrfwqk3oswh1:latest - Container localhost/testcontainers/8fkedrfwqk3oswh1:latest started in PT22.494803346S
2025-01-27 19:04:32,531 DEBUG c.h.h.t.HelmChartContainer - Executing helm command: /bin/helm --kubeconfig /etc/rancher/k3s/k3s.yaml repo add hivemq https://hivemq.github.io/helm-charts
2025-01-27 19:04:33,843 INFO c.h.h.t.HelmChartContainer - [EVENT] Normal [Starting] Starting kubelet. [null:52733b76dd2d]
2025-01-27 19:04:33,844 INFO c.h.h.t.HelmChartContainer - [EVENT] Warning [InvalidDiskCapacity] invalid capacity 0 on image filesystem [null:52733b76dd2d]
2025-01-27 19:04:33,844 INFO c.h.h.t.HelmChartContainer - [EVENT] Normal [NodeHasSufficientMemory] Node 52733b76dd2d status is now: NodeHasSufficientMemory [null:52733b76dd2d]
2025-01-27 19:04:33,845 INFO c.h.h.t.HelmChartContainer - [EVENT] Normal [NodeHasNoDiskPressure] Node 52733b76dd2d status is now: NodeHasNoDiskPressure [null:52733b76dd2d]
2025-01-27 19:04:33,846 INFO c.h.h.t.HelmChartContainer - [EVENT] Normal [NodeHasSufficientPID] Node 52733b76dd2d status is now: NodeHasSufficientPID [null:52733b76dd2d]
2025-01-27 19:04:33,846 INFO c.h.h.t.HelmChartContainer - [EVENT] Normal [NodeAllocatableEnforced] Updated Node Allocatable limit across pods [null:52733b76dd2d]
2025-01-27 19:04:33,848 INFO c.h.h.t.HelmChartContainer - [EVENT] Normal [NodeReady] Node 52733b76dd2d status is now: NodeReady [null:52733b76dd2d]
2025-01-27 19:04:33,849 INFO c.h.h.t.HelmChartContainer - [EVENT] Normal [NodePasswordValidationComplete] Deferred node password secret validation complete [null:52733b76dd2d]
2025-01-27 19:04:33,849 INFO c.h.h.t.HelmChartContainer - [EVENT] Normal [Synced] Node synced successfully [null:52733b76dd2d]
2025-01-27 19:04:33,850 INFO c.h.h.t.HelmChartContainer - [EVENT] Normal [RegisteredNode] Node 52733b76dd2d event: Registered Node 52733b76dd2d in Controller [null:52733b76dd2d]
2025-01-27 19:04:33,855 INFO c.h.h.t.HelmChartContainer - Saved kubeconfig file on /tmp/kubeconfig-15767455053596417488.yaml
2025-01-27 19:04:33,855 INFO c.h.h.t.HelmChartContainer - HelmChartContainer is started
]]></system-out>
  <system-err><![CDATA[]]></system-err>
</testsuite>
