<?xml version="1.0" encoding="UTF-8"?>
<testsuite name="com.hivemq.helmcharts.volumes.HelmVolumeClaimTemplatesIT" tests="1" skipped="0" failures="0" errors="0" timestamp="2025-02-28T20:52:15" hostname="fv-az2020-84" time="364.584">
  <properties/>
  <testcase name="platform_whenVolumeClaimTemplateIsConfigured_withAdditionalVolumes_thenPersistentVolumeClaimsCreated()" classname="com.hivemq.helmcharts.volumes.HelmVolumeClaimTemplatesIT" time="364.584"/>
</testsuite>
