<?xml version="1.0" encoding="UTF-8"?>
<testsuite name="com.hivemq.helmcharts.serviceaccount.HelmCustomServiceAccountDisabledCreationAndValidationIT" tests="1" skipped="0" failures="0" errors="0" timestamp="2025-06-27T15:51:23" hostname="fv-az1696-275" time="88.664">
  <properties/>
  <testcase name="platformCharts_withCreationAndValidationDisabled_withCorrectExternalPermissions_hivemqRunning()" classname="com.hivemq.helmcharts.serviceaccount.HelmCustomServiceAccountDisabledCreationAndValidationIT" time="88.664"/>
</testsuite>
