<?xml version="1.0" encoding="UTF-8"?>
<testsuite name="com.hivemq.helmcharts.operator.CustomOperatorNamespacesIT" tests="1" skipped="0" failures="0" errors="0" timestamp="2025-01-30T18:28:00" hostname="fv-az1440-86" time="114.327">
  <properties/>
  <testcase name="whenOperatorNamespacesIsConfigured_thenOnlyCustomResourcesInWatchedNamespacesReconciled()" classname="com.hivemq.helmcharts.operator.CustomOperatorNamespacesIT" time="114.327">
    <system-out><![CDATA[2025-01-30 18:28:00,574 INFO c.h.h.t.HelmChartContainer - Creating namespace 'customoperatornamespacesit-operator'...
2025-01-30 18:28:00,767 INFO c.h.h.t.HelmChartContainer - Namespace 'customoperatornamespacesit-operator' created
2025-01-30 18:28:00,768 INFO c.h.h.t.HelmChartContainer - Creating namespace 'customoperatornamespacesit-alpha'...
2025-01-30 18:28:00,769 INFO c.h.h.t.HelmChartContainer - [POD] coredns-ff8999cc5-v74jd [b3d93ff1-74e4-4b7b-9bae-e7172dccbe2f] in kube-system was ADDED
2025-01-30 18:28:00,771 INFO c.h.h.t.HelmChartContainer - [POD] local-path-provisioner-698b58967b-sqf9b [90d21215-eef0-4790-afb9-8fe312e9fe6a] in kube-system was ADDED
2025-01-30 18:28:00,773 INFO c.h.h.t.HelmChartContainer - [POD] metrics-server-8584b5786c-xwhz2 [76d1e9c8-d6fe-421f-9895-6fb2f4d565a9] in kube-system was ADDED
2025-01-30 18:28:00,785 INFO c.h.h.t.HelmChartContainer - Namespace 'customoperatornamespacesit-alpha' created
2025-01-30 18:28:00,785 INFO c.h.h.t.HelmChartContainer - Creating namespace 'customoperatornamespacesit-beta'...
2025-01-30 18:28:00,876 INFO c.h.h.t.HelmChartContainer - Namespace 'customoperatornamespacesit-beta' created
2025-01-30 18:28:00,876 INFO c.h.h.t.HelmChartContainer - Creating namespace 'customoperatornamespacesit-gamma'...
2025-01-30 18:28:00,978 INFO c.h.h.t.HelmChartContainer - Namespace 'customoperatornamespacesit-gamma' created
2025-01-30 18:28:01,045 DEBUG c.h.h.t.HelmChartContainer - Executing helm command: /bin/helm --kubeconfig /etc/rancher/k3s/k3s.yaml install test-hivemq-platform-operator /charts/hivemq-platform-operator --wait --timeout 5m0s --set image.repository=docker.io/hivemq --set image.name=hivemq-platform-operator-test --set image.initImageName=hivemq-platform-operator-init-test --set image.tag=snapshot --set image.pullPolicy=Never --set logLevel=DEBUG --set resources.cpu=512m --set namespaces=customoperatornamespacesit-alpha\,customoperatornamespacesit-beta --namespace customoperatornamespacesit-operator
2025-01-30 18:28:03,443 INFO c.h.h.t.HelmChartContainer - [K3S] [alloc.go:330] "allocated clusterIPs" service="customoperatornamespacesit-operator/hivemq-platform-operator-test-hivemq-platform-operator" clusterIPs={"IPv4":"10.43.89.186"}
2025-01-30 18:28:03,461 INFO c.h.h.t.HelmChartContainer - [EVENT] Normal [ScalingReplicaSet] Scaled up replica set hivemq-test-hivemq-platform-operator-6c7f4cc7b from 0 to 1 [customoperatornamespacesit-operator:hivemq-test-hivemq-platform-operator]
2025-01-30 18:28:03,475 INFO c.h.h.t.HelmChartContainer - [EVENT] Normal [SuccessfulCreate] Created pod: hivemq-test-hivemq-platform-operator-6c7f4cc7b-d6ks2 [customoperatornamespacesit-operator:hivemq-test-hivemq-platform-operator-6c7f4cc7b]
2025-01-30 18:28:03,477 INFO c.h.h.t.HelmChartContainer - [POD] hivemq-test-hivemq-platform-operator-6c7f4cc7b-d6ks2 [f987fc50-df6d-479f-86b9-152931768544] in customoperatornamespacesit-operator was ADDED
2025-01-30 18:28:03,492 INFO c.h.h.t.HelmChartContainer - [POD] hivemq-test-hivemq-platform-operator-6c7f4cc7b-d6ks2 [f987fc50-df6d-479f-86b9-152931768544] in customoperatornamespacesit-operator was MODIFIED
2025-01-30 18:28:03,506 INFO c.h.h.t.HelmChartContainer - [K3S] [replica_set.go:679] "Finished syncing" kind="ReplicaSet" key="customoperatornamespacesit-operator/hivemq-test-hivemq-platform-operator-6c7f4cc7b" duration="39.085527ms"
2025-01-30 18:28:03,506 INFO c.h.h.t.HelmChartContainer - [EVENT] Normal [Scheduled] Successfully assigned customoperatornamespacesit-operator/hivemq-test-hivemq-platform-operator-6c7f4cc7b-d6ks2 to aff12e0b5782 [customoperatornamespacesit-operator:hivemq-test-hivemq-platform-operator-6c7f4cc7b-d6ks2]
2025-01-30 18:28:03,519 INFO c.h.h.t.HelmChartContainer - [K3S] [replica_set.go:679] "Finished syncing" kind="ReplicaSet" key="customoperatornamespacesit-operator/hivemq-test-hivemq-platform-operator-6c7f4cc7b" duration="12.495446ms"
2025-01-30 18:28:03,519 INFO c.h.h.t.HelmChartContainer - [K3S] [replica_set.go:679] "Finished syncing" kind="ReplicaSet" key="customoperatornamespacesit-operator/hivemq-test-hivemq-platform-operator-6c7f4cc7b" duration="93.324µs"
2025-01-30 18:28:03,526 INFO c.h.h.t.HelmChartContainer - [K3S] [replica_set.go:679] "Finished syncing" kind="ReplicaSet" key="customoperatornamespacesit-operator/hivemq-test-hivemq-platform-operator-6c7f4cc7b" duration="79.057µs"
2025-01-30 18:28:03,546 INFO c.h.h.t.HelmChartContainer - [POD] hivemq-test-hivemq-platform-operator-6c7f4cc7b-d6ks2 [f987fc50-df6d-479f-86b9-152931768544] in customoperatornamespacesit-operator was MODIFIED
2025-01-30 18:28:03,591 INFO c.h.h.t.HelmChartContainer - [K3S] [reconciler_common.go:251] "operationExecutor.VerifyControllerAttachedVolume started for volume \"kube-api-access-tnj88\" (UniqueName: \"kubernetes.io/projected/f987fc50-df6d-479f-86b9-152931768544-kube-api-access-tnj88\") pod \"hivemq-test-hivemq-platform-operator-6c7f4cc7b-d6ks2\" (UID: \"f987fc50-df6d-479f-86b9-152931768544\") " pod="customoperatornamespacesit-operator/hivemq-test-hivemq-platform-operator-6c7f4cc7b-d6ks2"
2025-01-30 18:28:03,883 INFO c.h.h.t.HelmChartContainer - [EVENT] Normal [Pulled] Container image "docker.io/hivemq/hivemq-platform-operator-test:snapshot" already present on machine [customoperatornamespacesit-operator:hivemq-test-hivemq-platform-operator-6c7f4cc7b-d6ks2]
2025-01-30 18:28:03,883 INFO c.h.h.t.HelmChartContainer - Received Pulled event for container hivemq-platform-operator in pod hivemq-test-hivemq-platform-operator-6c7f4cc7b-d6ks2 [f987fc50-df6d-479f-86b9-152931768544]
2025-01-30 18:28:03,893 INFO c.h.h.t.HelmChartContainer - [EVENT] Normal [Created] Created container: hivemq-platform-operator [customoperatornamespacesit-operator:hivemq-test-hivemq-platform-operator-6c7f4cc7b-d6ks2]
2025-01-30 18:28:03,893 INFO c.h.h.t.HelmChartContainer - Received Created event for container hivemq-platform-operator in pod hivemq-test-hivemq-platform-operator-6c7f4cc7b-d6ks2 [f987fc50-df6d-479f-86b9-152931768544]
2025-01-30 18:28:04,064 INFO c.h.h.t.HelmChartContainer - [POD] hivemq-test-hivemq-platform-operator-6c7f4cc7b-d6ks2 [f987fc50-df6d-479f-86b9-152931768544] in customoperatornamespacesit-operator was MODIFIED
2025-01-30 18:28:04,064 INFO c.h.h.t.HelmChartContainer - [K3S] [replica_set.go:679] "Finished syncing" kind="ReplicaSet" key="customoperatornamespacesit-operator/hivemq-test-hivemq-platform-operator-6c7f4cc7b" duration="46.456µs"
2025-01-30 18:28:04,087 INFO c.h.h.t.HelmChartContainer - Started log watcher for hivemq-platform-operator in pod hivemq-test-hivemq-platform-operator-6c7f4cc7b-d6ks2 [f987fc50-df6d-479f-86b9-152931768544]
2025-01-30 18:28:04,087 INFO c.h.h.t.HelmChartContainer - [EVENT] Normal [Started] Started container hivemq-platform-operator [customoperatornamespacesit-operator:hivemq-test-hivemq-platform-operator-6c7f4cc7b-d6ks2]
2025-01-30 18:28:04,088 INFO c.h.h.t.HelmChartContainer - [hivemq-test-hivemq-platform] [hivemq-platform-operator] [f987fc50] -------------------------------------------------------------------------
2025-01-30 18:28:04,088 INFO c.h.h.t.HelmChartContainer - [hivemq-test-hivemq-platform] [hivemq-platform-operator] [f987fc50] 
2025-01-30 18:28:04,088 INFO c.h.h.t.HelmChartContainer - [hivemq-test-hivemq-platform] [hivemq-platform-operator] [f987fc50]                   _    _  _              __  __   ____
2025-01-30 18:28:04,088 INFO c.h.h.t.HelmChartContainer - [hivemq-test-hivemq-platform] [hivemq-platform-operator] [f987fc50]                  | |  | |(_)            |  \/  | / __ \
2025-01-30 18:28:04,088 INFO c.h.h.t.HelmChartContainer - [hivemq-test-hivemq-platform] [hivemq-platform-operator] [f987fc50]                  | |__| | _ __   __ ___ | \  / || |  | |
2025-01-30 18:28:04,088 INFO c.h.h.t.HelmChartContainer - [hivemq-test-hivemq-platform] [hivemq-platform-operator] [f987fc50]                  |  __  || |\ \ / // _ \| |\/| || |  | |
2025-01-30 18:28:04,088 INFO c.h.h.t.HelmChartContainer - [hivemq-test-hivemq-platform] [hivemq-platform-operator] [f987fc50]                  | |  | || | \ V /|  __/| |  | || |__| |
2025-01-30 18:28:04,088 INFO c.h.h.t.HelmChartContainer - [hivemq-test-hivemq-platform] [hivemq-platform-operator] [f987fc50]                  |_|  |_||_|  \_/  \___||_|  |_| \___\_\
2025-01-30 18:28:04,088 INFO c.h.h.t.HelmChartContainer - [hivemq-test-hivemq-platform] [hivemq-platform-operator] [f987fc50] 
2025-01-30 18:28:04,088 INFO c.h.h.t.HelmChartContainer - [hivemq-test-hivemq-platform] [hivemq-platform-operator] [f987fc50] -------------------------------------------------------------------------
2025-01-30 18:28:04,088 INFO c.h.h.t.HelmChartContainer - [hivemq-test-hivemq-platform] [hivemq-platform-operator] [f987fc50] 
2025-01-30 18:28:04,088 INFO c.h.h.t.HelmChartContainer - [hivemq-test-hivemq-platform] [hivemq-platform-operator] [f987fc50]   HiveMQ Platform Operator Start Script v1.0
2025-01-30 18:28:04,088 INFO c.h.h.t.HelmChartContainer - [hivemq-test-hivemq-platform] [hivemq-platform-operator] [f987fc50] 
2025-01-30 18:28:04,088 INFO c.h.h.t.HelmChartContainer - [hivemq-test-hivemq-platform] [hivemq-platform-operator] [f987fc50] -------------------------------------------------------------------------
2025-01-30 18:28:04,088 INFO c.h.h.t.HelmChartContainer - [hivemq-test-hivemq-platform] [hivemq-platform-operator] [f987fc50] 
2025-01-30 18:28:04,088 INFO c.h.h.t.HelmChartContainer - [hivemq-test-hivemq-platform] [hivemq-platform-operator] [f987fc50]   JAVA_OPTS: -XX:+UnlockExperimentalVMOptions -XX:InitialRAMPercentage=75 -XX:MaxRAMPercentage=75 -Duser.language=en -Duser.region=US
2025-01-30 18:28:04,088 INFO c.h.h.t.HelmChartContainer - [hivemq-test-hivemq-platform] [hivemq-platform-operator] [f987fc50] 
2025-01-30 18:28:04,088 INFO c.h.h.t.HelmChartContainer - [hivemq-test-hivemq-platform] [hivemq-platform-operator] [f987fc50]   JAVA_VERSION: 21
2025-01-30 18:28:04,088 INFO c.h.h.t.HelmChartContainer - [hivemq-test-hivemq-platform] [hivemq-platform-operator] [f987fc50] 
2025-01-30 18:28:04,088 INFO c.h.h.t.HelmChartContainer - Received Started event for container hivemq-platform-operator in pod hivemq-test-hivemq-platform-operator-6c7f4cc7b-d6ks2 [f987fc50-df6d-479f-86b9-152931768544]
2025-01-30 18:28:04,089 INFO c.h.h.t.HelmChartContainer - [hivemq-test-hivemq-platform] [hivemq-platform-operator] [f987fc50] -------------------------------------------------------------------------
2025-01-30 18:28:04,089 INFO c.h.h.t.HelmChartContainer - [hivemq-test-hivemq-platform] [hivemq-platform-operator] [f987fc50] 
2025-01-30 18:28:07,163 INFO c.h.h.t.HelmChartContainer - [hivemq-test-hivemq-platform] [hivemq-platform-operator] [f987fc50] 18:28:07.161 [main] DEBUG org.jboss.logging - Logging Provider: org.jboss.logging.Slf4jLoggerProvider
2025-01-30 18:28:07,319 INFO c.h.h.t.HelmChartContainer - [hivemq-test-hivemq-platform] [hivemq-platform-operator] [f987fc50] 18:28:07.317 [main] DEBUG io.smallrye.config - SRCFG01006: Loaded ConfigSource SysPropConfigSource with ordinal 400
2025-01-30 18:28:07,319 INFO c.h.h.t.HelmChartContainer - [hivemq-test-hivemq-platform] [hivemq-platform-operator] [f987fc50] 18:28:07.317 [main] DEBUG io.smallrye.config - SRCFG01006: Loaded ConfigSource EnvConfigSource with ordinal 300
2025-01-30 18:28:07,319 INFO c.h.h.t.HelmChartContainer - [hivemq-test-hivemq-platform] [hivemq-platform-operator] [f987fc50] 18:28:07.317 [main] DEBUG io.smallrye.config - SRCFG01006: Loaded ConfigSource PropertiesConfigSource[source=jar:file:///opt/hivemq-platform-operator/bin/hivemq-platform-operator.jar!/hivemq-platform-operator.properties] with ordinal 100
2025-01-30 18:28:07,319 INFO c.h.h.t.HelmChartContainer - [hivemq-test-hivemq-platform] [hivemq-platform-operator] [f987fc50] 18:28:07.317 [main] DEBUG io.smallrye.config - SRCFG01006: Loaded ConfigSource DefaultValuesConfigSource with ordinal -2147483648
2025-01-30 18:28:07,364 INFO c.h.h.t.HelmChartContainer - [hivemq-test-hivemq-platform] [hivemq-platform-operator] [f987fc50] 18:28:07.363 [main] DEBUG i.m.c.u.i.l.InternalLoggerFactory - Using SLF4J as the default logging framework
2025-01-30 18:28:07,528 INFO c.h.h.t.HelmChartContainer - [hivemq-test-hivemq-platform] [hivemq-platform-operator] [f987fc50] 18:28:07.520 [main] INFO  c.h.p.o.HiveMQPlatformOperatorApplication - HiveMQ Platform Operator 1.7.0-SNAPSHOT (commit: 47e3375 on branch: HEAD) built on Thu Jan 30 03:55:50 UTC 2025
2025-01-30 18:28:07,552 INFO c.h.h.t.HelmChartContainer - [hivemq-test-hivemq-platform] [hivemq-platform-operator] [f987fc50] 18:28:07.527 [main] INFO  c.h.p.o.HiveMQPlatformOperatorApplication - HiveMQ Platform Operator is running in namespace: customoperatornamespacesit-operator
2025-01-30 18:28:07,553 INFO c.h.h.t.HelmChartContainer - [hivemq-test-hivemq-platform] [hivemq-platform-operator] [f987fc50] 18:28:07.550 [main] INFO  c.h.p.o.HiveMQPlatformOperatorApplication - Watching namespaces: customoperatornamespacesit-alpha,customoperatornamespacesit-beta
2025-01-30 18:28:07,553 INFO c.h.h.t.HelmChartContainer - [hivemq-test-hivemq-platform] [hivemq-platform-operator] [f987fc50] 18:28:07.550 [main] INFO  c.h.p.o.HiveMQPlatformOperatorApplication - Log level: DEBUG
2025-01-30 18:28:07,553 INFO c.h.h.t.HelmChartContainer - [hivemq-test-hivemq-platform] [hivemq-platform-operator] [f987fc50] 18:28:07.550 [main] INFO  c.h.p.o.HiveMQPlatformOperatorApplication - Release name: test-hivemq-platform-operator
2025-01-30 18:28:07,554 INFO c.h.h.t.HelmChartContainer - [hivemq-test-hivemq-platform] [hivemq-platform-operator] [f987fc50] 18:28:07.550 [main] INFO  c.h.p.o.HiveMQPlatformOperatorApplication - HiveMQ Platform Operator Init image: docker.io/hivemq/hivemq-platform-operator-init-test:snapshot
2025-01-30 18:28:07,554 INFO c.h.h.t.HelmChartContainer - [hivemq-test-hivemq-platform] [hivemq-platform-operator] [f987fc50] 18:28:07.551 [main] INFO  c.h.p.o.HiveMQPlatformOperatorApplication - HiveMQ Platform Operator Init App update URL: http://hivemq-platform-operator-test-hivemq-platform-operator.customoperatornamespacesit-operator.svc:8080/initAppUpdate/hivemq-platform-operator-init-app-1.7.0-SNAPSHOT.jar
2025-01-30 18:28:07,554 INFO c.h.h.t.HelmChartContainer - [hivemq-test-hivemq-platform] [hivemq-platform-operator] [f987fc50] 18:28:07.551 [main] INFO  c.h.p.o.HiveMQPlatformOperatorApplication - Additional imagePullSecret for all Platform deployments: none
2025-01-30 18:28:07,554 INFO c.h.h.t.HelmChartContainer - [hivemq-test-hivemq-platform] [hivemq-platform-operator] [f987fc50] 18:28:07.551 [main] INFO  c.h.p.o.HiveMQPlatformOperatorApplication - Apply HiveMQ Platform CRD: true
2025-01-30 18:28:07,554 INFO c.h.h.t.HelmChartContainer - [hivemq-test-hivemq-platform] [hivemq-platform-operator] [f987fc50] 18:28:07.551 [main] INFO  c.h.p.o.HiveMQPlatformOperatorApplication - Create Platform ServiceAccount: true
2025-01-30 18:28:07,554 INFO c.h.h.t.HelmChartContainer - [hivemq-test-hivemq-platform] [hivemq-platform-operator] [f987fc50] 18:28:07.551 [main] INFO  c.h.p.o.HiveMQPlatformOperatorApplication - Create Platform ServiceAccount permissions: true
2025-01-30 18:28:07,554 INFO c.h.h.t.HelmChartContainer - [hivemq-test-hivemq-platform] [hivemq-platform-operator] [f987fc50] 18:28:07.551 [main] INFO  c.h.p.o.HiveMQPlatformOperatorApplication - Validate Platform ServiceAccount: true
2025-01-30 18:28:07,554 INFO c.h.h.t.HelmChartContainer - [hivemq-test-hivemq-platform] [hivemq-platform-operator] [f987fc50] 18:28:07.551 [main] INFO  c.h.p.o.HiveMQPlatformOperatorApplication - Validate Platform ServiceAccount permissions: true
2025-01-30 18:28:07,624 INFO c.h.h.t.HelmChartContainer - [hivemq-test-hivemq-platform] [hivemq-platform-operator] [f987fc50] 18:28:07.623 [main] INFO  c.h.platform.operator.util.CRDUtil - Verifying deployed HiveMQ Platform CRD...
2025-01-30 18:28:08,051 INFO c.h.h.t.HelmChartContainer - [POD] metrics-server-8584b5786c-xwhz2 [76d1e9c8-d6fe-421f-9895-6fb2f4d565a9] in kube-system was MODIFIED
2025-01-30 18:28:08,062 INFO c.h.h.t.HelmChartContainer - [K3S] [replica_set.go:679] "Finished syncing" kind="ReplicaSet" key="kube-system/metrics-server-8584b5786c" duration="13.035799ms"
2025-01-30 18:28:08,064 INFO c.h.h.t.HelmChartContainer - [K3S] [replica_set.go:679] "Finished syncing" kind="ReplicaSet" key="kube-system/metrics-server-8584b5786c" duration="46.587µs"
2025-01-30 18:28:10,259 INFO c.h.h.t.HelmChartContainer - [hivemq-test-hivemq-platform] [hivemq-platform-operator] [f987fc50] 18:28:10.258 [main] DEBUG c.h.platform.operator.util.CRDUtil - HiveMQ Platform CRD version v1 is up to date
2025-01-30 18:28:10,259 INFO c.h.h.t.HelmChartContainer - [hivemq-test-hivemq-platform] [hivemq-platform-operator] [f987fc50] 18:28:10.258 [main] INFO  c.h.platform.operator.util.CRDUtil - HiveMQ Platform CRD is up to date (version: V1_6_0)
2025-01-30 18:28:10,260 INFO c.h.h.t.HelmChartContainer - [hivemq-test-hivemq-platform] [hivemq-platform-operator] [f987fc50] 18:28:10.258 [main] INFO  c.h.platform.operator.util.CRDUtil - Waiting 10000 ms for HiveMQ Platform CRD 'hivemq-platforms.hivemq.com' to become ready...
2025-01-30 18:28:10,557 INFO c.h.h.t.HelmChartContainer - [hivemq-test-hivemq-platform] [hivemq-platform-operator] [f987fc50] 18:28:10.555 [vert.x-eventloop-thread-1] DEBUG c.h.platform.operator.util.CRDUtil - Checking CRD condition 'NamesAccepted' (status: 'True')
2025-01-30 18:28:10,557 INFO c.h.h.t.HelmChartContainer - [hivemq-test-hivemq-platform] [hivemq-platform-operator] [f987fc50] 18:28:10.556 [vert.x-eventloop-thread-1] DEBUG c.h.platform.operator.util.CRDUtil - Checking CRD condition 'Established' (status: 'True')
2025-01-30 18:28:10,618 INFO c.h.h.t.HelmChartContainer - [hivemq-test-hivemq-platform] [hivemq-platform-operator] [f987fc50] 18:28:10.617 [main] INFO  c.h.platform.operator.util.CRDUtil - HiveMQ Platform CRD 'hivemq-platforms.hivemq.com' is ready
2025-01-30 18:28:10,732 INFO c.h.h.t.HelmChartContainer - [hivemq-test-hivemq-platform] [hivemq-platform-operator] [f987fc50] 18:28:10.731 [main] INFO  c.h.p.o.HiveMQPlatformReconciler - HiveMQ Platform Operator is starting...
2025-01-30 18:28:10,823 INFO c.h.h.t.HelmChartContainer - [hivemq-test-hivemq-platform] [hivemq-platform-operator] [f987fc50] 18:28:10.822 [main] WARN  Default ConfigurationService implementation - Configuration for reconciler 'hivemq-controller' was not found. Known reconcilers: None.
2025-01-30 18:28:10,830 INFO c.h.h.t.HelmChartContainer - [hivemq-test-hivemq-platform] [hivemq-platform-operator] [f987fc50] 18:28:10.829 [main] INFO  Default ConfigurationService implementation - Created configuration for reconciler com.hivemq.platform.operator.HiveMQPlatformReconciler with name hivemq-controller
2025-01-30 18:28:10,933 INFO c.h.h.t.HelmChartContainer - [hivemq-test-hivemq-platform] [hivemq-platform-operator] [f987fc50] 18:28:10.932 [main] DEBUG c.h.p.o.HiveMQPlatformReconciler - HiveMQ Platform Operator is preparing EventSources
2025-01-30 18:28:11,020 INFO c.h.h.t.HelmChartContainer - [hivemq-test-hivemq-platform] [hivemq-platform-operator] [f987fc50] 18:28:11.019 [main] INFO  i.javaoperatorsdk.operator.Operator - Registered reconciler: 'hivemq-controller' for resource: 'class com.hivemq.platform.operator.v1.HiveMQPlatform' for namespace(s): [customoperatornamespacesit-alpha, customoperatornamespacesit-beta]
2025-01-30 18:28:11,555 INFO c.h.h.t.HelmChartContainer - [hivemq-test-hivemq-platform] [hivemq-platform-operator] [f987fc50] 18:28:11.554 [main] INFO  c.h.p.operator.webserver.JettyServer - Starting Jetty server on port 8080
2025-01-30 18:28:11,654 INFO c.h.h.t.HelmChartContainer - [hivemq-test-hivemq-platform] [hivemq-platform-operator] [f987fc50] 18:28:11.652 [main] INFO  i.javaoperatorsdk.operator.Operator - Operator SDK 4.9.7 (commit: 2133d28) built on Wed Nov 20 12:56:20 UTC 2024 starting...
2025-01-30 18:28:11,654 INFO c.h.h.t.HelmChartContainer - [hivemq-test-hivemq-platform] [hivemq-platform-operator] [f987fc50] 18:28:11.653 [main] INFO  i.javaoperatorsdk.operator.Operator - Client version: 6.13.5
2025-01-30 18:28:11,655 INFO c.h.h.t.HelmChartContainer - [hivemq-test-hivemq-platform] [hivemq-platform-operator] [f987fc50] 18:28:11.654 [Controller Starter for: hivemq-controller] INFO  i.j.operator.processing.Controller - Starting 'hivemq-controller' controller for reconciler: com.hivemq.platform.operator.HiveMQPlatformReconciler, resource: com.hivemq.platform.operator.v1.HiveMQPlatform
2025-01-30 18:28:13,762 INFO c.h.h.t.HelmChartContainer - [K3S] [range_allocator.go:247] "Successfully synced" key="aff12e0b5782"
2025-01-30 18:28:14,621 INFO c.h.h.t.HelmChartContainer - [hivemq-test-hivemq-platform] [hivemq-platform-operator] [f987fc50] 18:28:14.620 [Controller Starter for: hivemq-controller] INFO  i.j.operator.processing.Controller - 'hivemq-controller' controller started
2025-01-30 18:28:14,622 INFO c.h.h.t.HelmChartContainer - [hivemq-test-hivemq-platform] [hivemq-platform-operator] [f987fc50] 18:28:14.620 [main] INFO  c.h.p.o.HiveMQPlatformOperatorApplication - HiveMQ Platform Operator 1.7.0-SNAPSHOT started in 7100 ms
2025-01-30 18:28:15,073 INFO c.h.h.t.HelmChartContainer - [POD] hivemq-test-hivemq-platform-operator-6c7f4cc7b-d6ks2 [f987fc50-df6d-479f-86b9-152931768544] in customoperatornamespacesit-operator was MODIFIED
2025-01-30 18:28:15,076 INFO c.h.h.t.HelmChartContainer - [K3S] [replica_set.go:679] "Finished syncing" kind="ReplicaSet" key="customoperatornamespacesit-operator/hivemq-test-hivemq-platform-operator-6c7f4cc7b" duration="7.12771ms"
2025-01-30 18:28:15,077 INFO c.h.h.t.HelmChartContainer - [K3S] [replica_set.go:679] "Finished syncing" kind="ReplicaSet" key="customoperatornamespacesit-operator/hivemq-test-hivemq-platform-operator-6c7f4cc7b" duration="37.3µs"
2025-01-30 18:28:15,518 INFO com.hivemq.helmcharts.util.K8sUtil - Pod 'hivemq-test-hivemq-platform-operator-6c7f4cc7b-d6ks2' is ready
2025-01-30 18:28:15,582 DEBUG c.h.h.t.HelmChartContainer - Executing helm command: /bin/helm --kubeconfig /etc/rancher/k3s/k3s.yaml install test-hivemq-platform-alpha /charts/hivemq-platform --wait --timeout 5m0s --set image.repository=docker.io/hivemq --set image.tag=4.36.0 --set image.pullPolicy=Never --set nodes.resources.cpu=512m --namespace customoperatornamespacesit-alpha --set nodes.replicaCount=1
2025-01-30 18:28:15,978 DEBUG c.h.h.t.HelmChartContainer - Executing helm command: /bin/helm --kubeconfig /etc/rancher/k3s/k3s.yaml install test-hivemq-platform-beta /charts/hivemq-platform --wait --timeout 5m0s --set image.repository=docker.io/hivemq --set image.tag=4.36.0 --set image.pullPolicy=Never --set nodes.resources.cpu=512m --namespace customoperatornamespacesit-beta --set nodes.replicaCount=1
2025-01-30 18:28:16,401 DEBUG c.h.h.t.HelmChartContainer - Executing helm command: /bin/helm --kubeconfig /etc/rancher/k3s/k3s.yaml install test-hivemq-platform-gamma /charts/hivemq-platform --wait --timeout 5m0s --set image.repository=docker.io/hivemq --set image.tag=4.36.0 --set image.pullPolicy=Never --set nodes.resources.cpu=512m --namespace customoperatornamespacesit-gamma --set nodes.replicaCount=1
2025-01-30 18:28:17,169 INFO c.h.h.t.HelmChartContainer - [hivemq-test-hivemq-platform] [hivemq-platform-operator] [f987fc50] 18:28:17.168 [pool-6-thread-5] DEBUG c.h.p.o.dependants.PodInfoConfigMap - [customop] Desired PodInfo ConfigMap (1 extensions) (1 enabled)
2025-01-30 18:28:17,256 INFO c.h.h.t.HelmChartContainer - [hivemq-test-hivemq-platform] [hivemq-platform-operator] [f987fc50] 18:28:17.251 [pool-6-thread-6] DEBUG c.h.p.o.dependants.PodInfoConfigMap - [customop] Desired PodInfo ConfigMap (1 extensions) (1 enabled)
2025-01-30 18:28:17,256 INFO c.h.h.t.HelmChartContainer - [hivemq-test-hivemq-platform] [hivemq-platform-operator] [f987fc50] 18:28:17.251 [pool-6-thread-6] DEBUG c.h.p.o.dependants.PodInfoConfigMap - [customop] Desired PodInfo ConfigMap (metrics port: 9399) (metrics path: /)
2025-01-30 18:28:17,257 INFO c.h.h.t.HelmChartContainer - [hivemq-test-hivemq-platform] [hivemq-platform-operator] [f987fc50] 18:28:17.251 [pool-6-thread-6] DEBUG c.h.p.o.dependants.PodInfoConfigMap - [customop] Desired PodInfo ConfigMap (extension state hash: -1817474005)
2025-01-30 18:28:17,257 INFO c.h.h.t.HelmChartContainer - [hivemq-test-hivemq-platform] [hivemq-platform-operator] [f987fc50] 18:28:17.253 [pool-6-thread-6] DEBUG c.h.p.o.dependants.PodInfoConfigMap - [customop] Create PodInfo ConfigMap
2025-01-30 18:28:17,257 INFO c.h.h.t.HelmChartContainer - [hivemq-test-hivemq-platform] [hivemq-platform-operator] [f987fc50] 18:28:17.253 [pool-6-thread-5] DEBUG c.h.p.o.dependants.PodInfoConfigMap - [customop] Desired PodInfo ConfigMap (metrics port: 9399) (metrics path: /)
2025-01-30 18:28:17,258 INFO c.h.h.t.HelmChartContainer - [hivemq-test-hivemq-platform] [hivemq-platform-operator] [f987fc50] 18:28:17.253 [pool-6-thread-5] DEBUG c.h.p.o.dependants.PodInfoConfigMap - [customop] Desired PodInfo ConfigMap (extension state hash: -1817474005)
2025-01-30 18:28:17,258 INFO c.h.h.t.HelmChartContainer - [hivemq-test-hivemq-platform] [hivemq-platform-operator] [f987fc50] 18:28:17.254 [pool-6-thread-5] DEBUG c.h.p.o.dependants.PodInfoConfigMap - [customop] Create PodInfo ConfigMap
2025-01-30 18:28:17,457 INFO c.h.h.t.HelmChartContainer - [hivemq-test-hivemq-platform] [hivemq-platform-operator] [f987fc50] 18:28:17.451 [pool-6-thread-9] DEBUG c.h.p.o.dependants.PodRoleResource - [customop] Create Role: Role(apiVersion=rbac.authorization.k8s.io/v1, kind=Role, metadata=ObjectMeta(annotations={meta.helm.sh/release-name=test-hivemq-platform-alpha, meta.helm.sh/release-namespace=customoperatornamespacesit-alpha}, creationTimestamp=null, deletionGracePeriodSeconds=null, deletionTimestamp=null, finalizers=[], generateName=null, generation=null, labels={helm.sh/chart=hivemq-platform-0.2.32, app.kubernetes.io/managed-by=Helm, app.kubernetes.io/name=hivemq-platform, hivemq-platform=test-hivemq-platform-alpha, app.kubernetes.io/instance=test-hivemq-platform-alpha, app.kubernetes.io/version=4.36.0}, managedFields=[], name=hivemq-platform-role-test-hivemq-platform-alpha, namespace=customoperatornamespacesit-alpha, ownerReferences=[OwnerReference(apiVersion=hivemq.com/v1, blockOwnerDeletion=null, controller=null, kind=HiveMQPlatform, name=test-hivemq-platform-alpha, uid=c260db06-0395-4a27-860f-84fce7de6528, additionalProperties={})], resourceVersion=null, selfLink=null, uid=null, additionalProperties={}), rules=[PolicyRule(apiGroups=[], nonResourceURLs=[], resourceNames=[], resources=[pods], verbs=[get, patch, update], additionalProperties={})], additionalProperties={})
2025-01-30 18:28:17,457 INFO c.h.h.t.HelmChartContainer - [hivemq-test-hivemq-platform] [hivemq-platform-operator] [f987fc50] 18:28:17.452 [pool-6-thread-10] DEBUG c.h.p.o.dependants.PodRoleResource - [customop] Create Role: Role(apiVersion=rbac.authorization.k8s.io/v1, kind=Role, metadata=ObjectMeta(annotations={meta.helm.sh/release-name=test-hivemq-platform-beta, meta.helm.sh/release-namespace=customoperatornamespacesit-beta}, creationTimestamp=null, deletionGracePeriodSeconds=null, deletionTimestamp=null, finalizers=[], generateName=null, generation=null, labels={helm.sh/chart=hivemq-platform-0.2.32, app.kubernetes.io/managed-by=Helm, app.kubernetes.io/name=hivemq-platform, hivemq-platform=test-hivemq-platform-beta, app.kubernetes.io/instance=test-hivemq-platform-beta, app.kubernetes.io/version=4.36.0}, managedFields=[], name=hivemq-platform-role-test-hivemq-platform-beta, namespace=customoperatornamespacesit-beta, ownerReferences=[OwnerReference(apiVersion=hivemq.com/v1, blockOwnerDeletion=null, controller=null, kind=HiveMQPlatform, name=test-hivemq-platform-beta, uid=f58ad3ea-bdb6-439d-86a3-c5d068ca645f, additionalProperties={})], resourceVersion=null, selfLink=null, uid=null, additionalProperties={}), rules=[PolicyRule(apiGroups=[], nonResourceURLs=[], resourceNames=[], resources=[pods], verbs=[get, patch, update], additionalProperties={})], additionalProperties={})
2025-01-30 18:28:17,564 INFO c.h.h.t.HelmChartContainer - [hivemq-test-hivemq-platform] [hivemq-platform-operator] [f987fc50] 18:28:17.562 [pool-6-thread-14] DEBUG c.h.p.o.d.PodServiceAccountResource - [customop] Desired PodServiceAccountResource (serviceAccountName: hivemq-platform-pod-test-hivemq-platform-alpha)
2025-01-30 18:28:17,565 INFO c.h.h.t.HelmChartContainer - [hivemq-test-hivemq-platform] [hivemq-platform-operator] [f987fc50] 18:28:17.563 [pool-6-thread-14] DEBUG c.h.p.o.d.PodServiceAccountResource - [customop] Create ServiceAccount 'hivemq-platform-pod-test-hivemq-platform-alpha'
2025-01-30 18:28:17,653 INFO c.h.h.t.HelmChartContainer - [hivemq-test-hivemq-platform] [hivemq-platform-operator] [f987fc50] 18:28:17.562 [pool-6-thread-13] DEBUG c.h.p.o.d.PodServiceAccountResource - [customop] Desired PodServiceAccountResource (serviceAccountName: hivemq-platform-pod-test-hivemq-platform-beta)
2025-01-30 18:28:17,654 INFO c.h.h.t.HelmChartContainer - [hivemq-test-hivemq-platform] [hivemq-platform-operator] [f987fc50] 18:28:17.652 [pool-6-thread-13] DEBUG c.h.p.o.d.PodServiceAccountResource - [customop] Create ServiceAccount 'hivemq-platform-pod-test-hivemq-platform-beta'
2025-01-30 18:28:17,763 INFO c.h.h.t.HelmChartContainer - [hivemq-test-hivemq-platform] [hivemq-platform-operator] [f987fc50] 18:28:17.761 [pool-6-thread-20] DEBUG c.h.p.o.d.PodRoleBindingResource - [customop] Create RoleBinding: RoleBinding(apiVersion=rbac.authorization.k8s.io/v1, kind=RoleBinding, metadata=ObjectMeta(annotations={meta.helm.sh/release-name=test-hivemq-platform-alpha, meta.helm.sh/release-namespace=customoperatornamespacesit-alpha}, creationTimestamp=null, deletionGracePeriodSeconds=null, deletionTimestamp=null, finalizers=[], generateName=null, generation=null, labels={helm.sh/chart=hivemq-platform-0.2.32, app.kubernetes.io/managed-by=Helm, app.kubernetes.io/name=hivemq-platform, hivemq-platform=test-hivemq-platform-alpha, app.kubernetes.io/instance=test-hivemq-platform-alpha, app.kubernetes.io/version=4.36.0}, managedFields=[], name=hivemq-platform-role-binding-test-hivemq-platform-alpha, namespace=customoperatornamespacesit-alpha, ownerReferences=[OwnerReference(apiVersion=hivemq.com/v1, blockOwnerDeletion=null, controller=null, kind=HiveMQPlatform, name=test-hivemq-platform-alpha, uid=c260db06-0395-4a27-860f-84fce7de6528, additionalProperties={})], resourceVersion=null, selfLink=null, uid=null, additionalProperties={}), roleRef=RoleRef(apiGroup=rbac.authorization.k8s.io, kind=Role, name=hivemq-platform-role-test-hivemq-platform-alpha, additionalProperties={}), subjects=[Subject(apiGroup=null, kind=ServiceAccount, name=hivemq-platform-pod-test-hivemq-platform-alpha, namespace=customoperatornamespacesit-alpha, additionalProperties={})], additionalProperties={})
2025-01-30 18:28:17,766 INFO c.h.h.t.HelmChartContainer - [hivemq-test-hivemq-platform] [hivemq-platform-operator] [f987fc50] 18:28:17.761 [pool-6-thread-19] DEBUG c.h.p.o.d.PodRoleBindingResource - [customop] Create RoleBinding: RoleBinding(apiVersion=rbac.authorization.k8s.io/v1, kind=RoleBinding, metadata=ObjectMeta(annotations={meta.helm.sh/release-name=test-hivemq-platform-beta, meta.helm.sh/release-namespace=customoperatornamespacesit-beta}, creationTimestamp=null, deletionGracePeriodSeconds=null, deletionTimestamp=null, finalizers=[], generateName=null, generation=null, labels={helm.sh/chart=hivemq-platform-0.2.32, app.kubernetes.io/managed-by=Helm, app.kubernetes.io/name=hivemq-platform, hivemq-platform=test-hivemq-platform-beta, app.kubernetes.io/instance=test-hivemq-platform-beta, app.kubernetes.io/version=4.36.0}, managedFields=[], name=hivemq-platform-role-binding-test-hivemq-platform-beta, namespace=customoperatornamespacesit-beta, ownerReferences=[OwnerReference(apiVersion=hivemq.com/v1, blockOwnerDeletion=null, controller=null, kind=HiveMQPlatform, name=test-hivemq-platform-beta, uid=f58ad3ea-bdb6-439d-86a3-c5d068ca645f, additionalProperties={})], resourceVersion=null, selfLink=null, uid=null, additionalProperties={}), roleRef=RoleRef(apiGroup=rbac.authorization.k8s.io, kind=Role, name=hivemq-platform-role-test-hivemq-platform-beta, additionalProperties={}), subjects=[Subject(apiGroup=null, kind=ServiceAccount, name=hivemq-platform-pod-test-hivemq-platform-beta, namespace=customoperatornamespacesit-beta, additionalProperties={})], additionalProperties={})
2025-01-30 18:28:17,856 INFO c.h.h.t.HelmChartContainer - [hivemq-test-hivemq-platform] [hivemq-platform-operator] [f987fc50] 18:28:17.854 [ReconcilerExecutor-hivemq-controller-62] INFO  c.h.p.o.HiveMQPlatformReconciler - [customop] Reconciling HiveMQ Platform 'test-hivemq-platform-beta' in namespace 'customoperatornamespacesit-beta'
2025-01-30 18:28:17,857 INFO c.h.h.t.HelmChartContainer - [hivemq-test-hivemq-platform] [hivemq-platform-operator] [f987fc50] 18:28:17.854 [ReconcilerExecutor-hivemq-controller-62] DEBUG c.h.p.o.HiveMQPlatformReconciler - [customop] Custom Resource Status CREATED - HiveMQ Platform was created (READY)
2025-01-30 18:28:17,857 INFO c.h.h.t.HelmChartContainer - [hivemq-test-hivemq-platform] [hivemq-platform-operator] [f987fc50] 18:28:17.854 [ReconcilerExecutor-hivemq-controller-62] DEBUG c.h.p.o.HiveMQPlatformReconciler - [customop] Custom Resource Spec (replicas: 1) (extensions: 1)
2025-01-30 18:28:17,860 INFO c.h.h.t.HelmChartContainer - [hivemq-test-hivemq-platform] [hivemq-platform-operator] [f987fc50] 18:28:17.858 [ReconcilerExecutor-hivemq-controller-62] INFO  c.h.p.o.h.HiveMQPlatformReconcilerBaseHandler - [customop] HiveMQ Platform is starting
2025-01-30 18:28:17,954 INFO c.h.h.t.HelmChartContainer - [hivemq-test-hivemq-platform] [hivemq-platform-operator] [f987fc50] 18:28:17.951 [ReconcilerExecutor-hivemq-controller-61] INFO  c.h.p.o.HiveMQPlatformReconciler - [customop] Reconciling HiveMQ Platform 'test-hivemq-platform-alpha' in namespace 'customoperatornamespacesit-alpha'
2025-01-30 18:28:17,957 INFO c.h.h.t.HelmChartContainer - [hivemq-test-hivemq-platform] [hivemq-platform-operator] [f987fc50] 18:28:17.951 [ReconcilerExecutor-hivemq-controller-61] DEBUG c.h.p.o.HiveMQPlatformReconciler - [customop] Custom Resource Status CREATED - HiveMQ Platform was created (READY)
2025-01-30 18:28:17,957 INFO c.h.h.t.HelmChartContainer - [hivemq-test-hivemq-platform] [hivemq-platform-operator] [f987fc50] 18:28:17.951 [ReconcilerExecutor-hivemq-controller-61] DEBUG c.h.p.o.HiveMQPlatformReconciler - [customop] Custom Resource Spec (replicas: 1) (extensions: 1)
2025-01-30 18:28:17,957 INFO c.h.h.t.HelmChartContainer - [hivemq-test-hivemq-platform] [hivemq-platform-operator] [f987fc50] 18:28:17.953 [ReconcilerExecutor-hivemq-controller-61] INFO  c.h.p.o.h.HiveMQPlatformReconcilerBaseHandler - [customop] HiveMQ Platform is starting
2025-01-30 18:28:18,053 INFO c.h.h.t.HelmChartContainer - [hivemq-test-hivemq-platform] [hivemq-platform-operator] [f987fc50] 18:28:18.051 [ReconcilerExecutor-hivemq-controller-61] DEBUG c.h.p.operator.event.EventSender - [customop] Creating K8s event hivemq-platform-starting: [Start] HiveMQ Platform is starting
2025-01-30 18:28:18,053 INFO c.h.h.t.HelmChartContainer - [hivemq-test-hivemq-platform] [hivemq-platform-operator] [f987fc50] 18:28:18.051 [ReconcilerExecutor-hivemq-controller-62] DEBUG c.h.p.operator.event.EventSender - [customop] Creating K8s event hivemq-platform-starting: [Start] HiveMQ Platform is starting
2025-01-30 18:28:18,064 INFO c.h.h.t.HelmChartContainer - [EVENT] Normal [Start] HiveMQ Platform is starting [customoperatornamespacesit-alpha:test-hivemq-platform-alpha]
2025-01-30 18:28:18,065 INFO c.h.h.t.HelmChartContainer - [EVENT] Normal [Start] HiveMQ Platform is starting [customoperatornamespacesit-beta:test-hivemq-platform-beta]
2025-01-30 18:28:18,066 INFO c.h.h.t.HelmChartContainer - [hivemq-test-hivemq-platform] [hivemq-platform-operator] [f987fc50] 18:28:18.065 [ReconcilerExecutor-hivemq-controller-61] INFO  c.h.p.o.h.AbstractHiveMQReconcilerStateHandler - [customop] Update HiveMQ Platform Status (CREATED [READY] -> STARTING [READY]): HiveMQ Platform is starting
2025-01-30 18:28:18,071 INFO c.h.h.t.HelmChartContainer - [hivemq-test-hivemq-platform] [hivemq-platform-operator] [f987fc50] 18:28:18.068 [ReconcilerExecutor-hivemq-controller-62] INFO  c.h.p.o.h.AbstractHiveMQReconcilerStateHandler - [customop] Update HiveMQ Platform Status (CREATED [READY] -> STARTING [READY]): HiveMQ Platform is starting
2025-01-30 18:28:18,167 DEBUG com.hivemq.helmcharts.util.K8sUtil - Comparing actual state 'STARTING' and waiting for 'RUNNING'
2025-01-30 18:28:28,170 INFO c.h.h.t.HelmChartContainer - [hivemq-test-hivemq-platform] [hivemq-platform-operator] [f987fc50] 18:28:28.168 [Timer-0] WARN  i.m.p.PrometheusMeterRegistry - The meter (MeterId{name='operator.sdk.events.received', tags=[tag(event=Event),tag(group=hivemq.com),tag(kind=HiveMQPlatform),tag(name=test-hivemq-platform-alpha),tag(namespace=customoperatornamespacesit-alpha),tag(scope=namespace),tag(version=v1)]}) registration has failed: Prometheus requires that all meters with the same name have the same set of tag keys. There is already an existing meter named 'operator.sdk.events.received' containing tag keys [action, event, group, kind, name, namespace, scope, version]. The meter you are attempting to register has keys [event, group, kind, name, namespace, scope, version]. Note that subsequent logs will be logged at debug level.
2025-01-30 18:28:28,177 INFO c.h.h.t.HelmChartContainer - [hivemq-test-hivemq-platform] [hivemq-platform-operator] [f987fc50] 18:28:28.174 [pool-6-thread-22] DEBUG c.h.p.o.d.PlatformServiceResource - [customop] Desired Platform services (3 services)
2025-01-30 18:28:28,179 INFO c.h.h.t.HelmChartContainer - [hivemq-test-hivemq-platform] [hivemq-platform-operator] [f987fc50] 18:28:28.176 [pool-6-thread-23] DEBUG c.h.p.o.dependants.PodInfoConfigMap - [customop] Desired PodInfo ConfigMap (1 extensions) (1 enabled)
2025-01-30 18:28:28,179 INFO c.h.h.t.HelmChartContainer - [hivemq-test-hivemq-platform] [hivemq-platform-operator] [f987fc50] 18:28:28.176 [pool-6-thread-23] DEBUG c.h.p.o.dependants.PodInfoConfigMap - [customop] Desired PodInfo ConfigMap (metrics port: 9399) (metrics path: /)
2025-01-30 18:28:28,179 INFO c.h.h.t.HelmChartContainer - [hivemq-test-hivemq-platform] [hivemq-platform-operator] [f987fc50] 18:28:28.176 [pool-6-thread-23] DEBUG c.h.p.o.dependants.PodInfoConfigMap - [customop] Desired PodInfo ConfigMap (extension state hash: -1817474005)
2025-01-30 18:28:28,183 INFO c.h.h.t.HelmChartContainer - [hivemq-test-hivemq-platform] [hivemq-platform-operator] [f987fc50] 18:28:28.181 [pool-6-thread-27] DEBUG c.h.p.o.d.PodServiceAccountResource - [customop] Desired PodServiceAccountResource (serviceAccountName: hivemq-platform-pod-test-hivemq-platform-alpha)
2025-01-30 18:28:28,253 INFO c.h.h.t.HelmChartContainer - [hivemq-test-hivemq-platform] [hivemq-platform-operator] [f987fc50] 18:28:28.251 [pool-6-thread-23] DEBUG c.h.p.o.dependants.PodInfoConfigMap - [customop] Update PodInfo ConfigMap
2025-01-30 18:28:28,268 INFO c.h.h.t.HelmChartContainer - [K3S] [alloc.go:330] "allocated clusterIPs" service="customoperatornamespacesit-alpha/hivemq-test-hivemq-platform-alpha-mqtt-1883" clusterIPs={"IPv4":"10.43.107.226"}
2025-01-30 18:28:28,269 INFO c.h.h.t.HelmChartContainer - [hivemq-test-hivemq-platform] [hivemq-platform-operator] [f987fc50] 18:28:28.267 [pool-6-thread-32] DEBUG c.h.p.o.dependants.PodInfoConfigMap - [customop] Desired PodInfo ConfigMap (1 extensions) (1 enabled)
2025-01-30 18:28:28,356 INFO c.h.h.t.HelmChartContainer - [hivemq-test-hivemq-platform] [hivemq-platform-operator] [f987fc50] 18:28:28.268 [pool-6-thread-31] DEBUG c.h.p.o.d.PlatformServiceResource - [customop] Desired Platform services (3 services)
2025-01-30 18:28:28,356 INFO c.h.h.t.HelmChartContainer - [hivemq-test-hivemq-platform] [hivemq-platform-operator] [f987fc50] 18:28:28.350 [pool-6-thread-32] DEBUG c.h.p.o.dependants.PodInfoConfigMap - [customop] Desired PodInfo ConfigMap (metrics port: 9399) (metrics path: /)
2025-01-30 18:28:28,356 INFO c.h.h.t.HelmChartContainer - [hivemq-test-hivemq-platform] [hivemq-platform-operator] [f987fc50] 18:28:28.351 [pool-6-thread-32] DEBUG c.h.p.o.dependants.PodInfoConfigMap - [customop] Desired PodInfo ConfigMap (extension state hash: -1817474005)
2025-01-30 18:28:28,357 INFO c.h.h.t.HelmChartContainer - [hivemq-test-hivemq-platform] [hivemq-platform-operator] [f987fc50] 18:28:28.351 [pool-6-thread-32] DEBUG c.h.p.o.dependants.PodInfoConfigMap - [customop] Update PodInfo ConfigMap
2025-01-30 18:28:28,357 INFO c.h.h.t.HelmChartContainer - [hivemq-test-hivemq-platform] [hivemq-platform-operator] [f987fc50] 18:28:28.353 [pool-6-thread-36] DEBUG c.h.p.o.d.PodServiceAccountResource - [customop] Desired PodServiceAccountResource (serviceAccountName: hivemq-platform-pod-test-hivemq-platform-beta)
2025-01-30 18:28:28,367 INFO c.h.h.t.HelmChartContainer - [K3S] [alloc.go:330] "allocated clusterIPs" service="customoperatornamespacesit-alpha/hivemq-test-hivemq-platform-alpha-cc-8080" clusterIPs={"IPv4":"10.43.132.81"}
2025-01-30 18:28:28,373 INFO c.h.h.t.HelmChartContainer - [K3S] [alloc.go:330] "allocated clusterIPs" service="customoperatornamespacesit-beta/hivemq-test-hivemq-platform-beta-cc-8080" clusterIPs={"IPv4":"10.43.163.222"}
2025-01-30 18:28:28,467 INFO c.h.h.t.HelmChartContainer - [K3S] [alloc.go:330] "allocated clusterIPs" service="customoperatornamespacesit-alpha/hivemq-test-hivemq-platform-alpha-metrics-9399" clusterIPs={"IPv4":"10.43.219.221"}
2025-01-30 18:28:28,471 INFO c.h.h.t.HelmChartContainer - [K3S] [alloc.go:330] "allocated clusterIPs" service="customoperatornamespacesit-beta/hivemq-test-hivemq-platform-beta-metrics-9399" clusterIPs={"IPv4":"10.43.148.152"}
2025-01-30 18:28:28,563 INFO c.h.h.t.HelmChartContainer - [hivemq-test-hivemq-platform] [hivemq-platform-operator] [f987fc50] 18:28:28.558 [pool-6-thread-39] DEBUG c.h.p.o.d.StatefulSetResource - [customop] Desired StatefulSet (1 replicas) for status STARTING (READY)
2025-01-30 18:28:28,564 INFO c.h.h.t.HelmChartContainer - [K3S] [alloc.go:330] "allocated clusterIPs" service="customoperatornamespacesit-beta/hivemq-test-hivemq-platform-beta-mqtt-1883" clusterIPs={"IPv4":"10.43.118.72"}
2025-01-30 18:28:28,656 INFO c.h.h.t.HelmChartContainer - [hivemq-test-hivemq-platform] [hivemq-platform-operator] [f987fc50] 18:28:28.653 [pool-6-thread-40] DEBUG c.h.p.o.d.StatefulSetResource - [customop] Desired StatefulSet (1 replicas) for status STARTING (READY)
2025-01-30 18:28:28,656 INFO c.h.h.t.HelmChartContainer - [hivemq-test-hivemq-platform] [hivemq-platform-operator] [f987fc50] 18:28:28.655 [pool-6-thread-39] DEBUG c.h.p.o.d.StatefulSetResource - [customop] Create StatefulSet
2025-01-30 18:28:28,656 INFO c.h.h.t.HelmChartContainer - [hivemq-test-hivemq-platform] [hivemq-platform-operator] [f987fc50] 18:28:28.655 [pool-6-thread-40] DEBUG c.h.p.o.d.StatefulSetResource - [customop] Create StatefulSet
2025-01-30 18:28:28,773 INFO c.h.h.t.HelmChartContainer - [hivemq-test-hivemq-platform] [hivemq-platform-operator] [f987fc50] 18:28:28.767 [ReconcilerExecutor-hivemq-controller-93] INFO  c.h.p.o.HiveMQPlatformReconciler - [customop] Reconciling HiveMQ Platform 'test-hivemq-platform-beta' in namespace 'customoperatornamespacesit-beta'
2025-01-30 18:28:28,773 INFO c.h.h.t.HelmChartContainer - [hivemq-test-hivemq-platform] [hivemq-platform-operator] [f987fc50] 18:28:28.767 [ReconcilerExecutor-hivemq-controller-93] DEBUG c.h.p.o.HiveMQPlatformReconciler - [customop] Custom Resource Status STARTING - HiveMQ Platform is starting (READY)
2025-01-30 18:28:28,773 INFO c.h.h.t.HelmChartContainer - [hivemq-test-hivemq-platform] [hivemq-platform-operator] [f987fc50] 18:28:28.767 [ReconcilerExecutor-hivemq-controller-93] DEBUG c.h.p.o.HiveMQPlatformReconciler - [customop] Custom Resource Spec (replicas: 1) (extensions: 1)
2025-01-30 18:28:28,773 INFO c.h.h.t.HelmChartContainer - [hivemq-test-hivemq-platform] [hivemq-platform-operator] [f987fc50] 18:28:28.769 [ReconcilerExecutor-hivemq-controller-93] DEBUG c.h.p.o.HiveMQPlatformReconciler - [customop] StatefulSet Status (revision: null, replicas: 0, available: 0, ready: 0, current: 0, updated: 0)
2025-01-30 18:28:28,773 INFO c.h.h.t.HelmChartContainer - [hivemq-test-hivemq-platform] [hivemq-platform-operator] [f987fc50] 18:28:28.769 [ReconcilerExecutor-hivemq-controller-93] DEBUG c.h.p.o.HiveMQPlatformReconciler - [customop] StatefulSet Spec (replicas: 1, init containers: 1, containers: 1, volumes: 3)
2025-01-30 18:28:28,781 INFO c.h.h.t.HelmChartContainer - [hivemq-test-hivemq-platform] [hivemq-platform-operator] [f987fc50] 18:28:28.779 [ReconcilerExecutor-hivemq-controller-93] INFO  c.h.p.o.h.HiveMQPlatformReconcilerBaseHandler - [customop] HiveMQ Platform is starting, 0 of 1 replicas are ready
2025-01-30 18:28:28,788 INFO c.h.h.t.HelmChartContainer - [POD] test-hivemq-platform-beta-0 [e850f3e1-5bec-46d3-a077-af6851b442c3] in customoperatornamespacesit-beta was ADDED
2025-01-30 18:28:28,790 INFO c.h.h.t.HelmChartContainer - [POD] test-hivemq-platform-alpha-0 [2ff7c012-f04a-4270-9439-452e35540eaf] in customoperatornamespacesit-alpha was ADDED
2025-01-30 18:28:28,791 INFO c.h.h.t.HelmChartContainer - [EVENT] Normal [SuccessfulCreate] create Pod test-hivemq-platform-beta-0 in StatefulSet test-hivemq-platform-beta successful [customoperatornamespacesit-beta:test-hivemq-platform-beta]
2025-01-30 18:28:28,800 INFO c.h.h.t.HelmChartContainer - [EVENT] Normal [Scheduled] Successfully assigned customoperatornamespacesit-beta/test-hivemq-platform-beta-0 to aff12e0b5782 [customoperatornamespacesit-beta:test-hivemq-platform-beta-0]
2025-01-30 18:28:28,803 INFO c.h.h.t.HelmChartContainer - [POD] test-hivemq-platform-beta-0 [e850f3e1-5bec-46d3-a077-af6851b442c3] in customoperatornamespacesit-beta was MODIFIED
2025-01-30 18:28:28,803 INFO c.h.h.t.HelmChartContainer - [POD] test-hivemq-platform-alpha-0 [2ff7c012-f04a-4270-9439-452e35540eaf] in customoperatornamespacesit-alpha was MODIFIED
2025-01-30 18:28:28,807 INFO c.h.h.t.HelmChartContainer - [EVENT] Normal [Scheduled] Successfully assigned customoperatornamespacesit-alpha/test-hivemq-platform-alpha-0 to aff12e0b5782 [customoperatornamespacesit-alpha:test-hivemq-platform-alpha-0]
2025-01-30 18:28:28,818 INFO c.h.h.t.HelmChartContainer - [EVENT] Normal [SuccessfulCreate] create Pod test-hivemq-platform-alpha-0 in StatefulSet test-hivemq-platform-alpha successful [customoperatornamespacesit-alpha:test-hivemq-platform-alpha]
2025-01-30 18:28:28,825 INFO c.h.h.t.HelmChartContainer - [POD] test-hivemq-platform-alpha-0 [2ff7c012-f04a-4270-9439-452e35540eaf] in customoperatornamespacesit-alpha was MODIFIED
2025-01-30 18:28:28,842 INFO c.h.h.t.HelmChartContainer - [POD] test-hivemq-platform-beta-0 [e850f3e1-5bec-46d3-a077-af6851b442c3] in customoperatornamespacesit-beta was MODIFIED
2025-01-30 18:28:28,845 INFO c.h.h.t.HelmChartContainer - [K3S] [reconciler_common.go:251] "operationExecutor.VerifyControllerAttachedVolume started for volume \"kube-api-access-67s7s\" (UniqueName: \"kubernetes.io/projected/2ff7c012-f04a-4270-9439-452e35540eaf-kube-api-access-67s7s\") pod \"test-hivemq-platform-alpha-0\" (UID: \"2ff7c012-f04a-4270-9439-452e35540eaf\") " pod="customoperatornamespacesit-alpha/test-hivemq-platform-alpha-0"
2025-01-30 18:28:28,845 INFO c.h.h.t.HelmChartContainer - [K3S] [reconciler_common.go:251] "operationExecutor.VerifyControllerAttachedVolume started for volume \"pod-info\" (UniqueName: \"kubernetes.io/configmap/e850f3e1-5bec-46d3-a077-af6851b442c3-pod-info\") pod \"test-hivemq-platform-beta-0\" (UID: \"e850f3e1-5bec-46d3-a077-af6851b442c3\") " pod="customoperatornamespacesit-beta/test-hivemq-platform-beta-0"
2025-01-30 18:28:28,845 INFO c.h.h.t.HelmChartContainer - [K3S] [reconciler_common.go:251] "operationExecutor.VerifyControllerAttachedVolume started for volume \"operator-init\" (UniqueName: \"kubernetes.io/empty-dir/e850f3e1-5bec-46d3-a077-af6851b442c3-operator-init\") pod \"test-hivemq-platform-beta-0\" (UID: \"e850f3e1-5bec-46d3-a077-af6851b442c3\") " pod="customoperatornamespacesit-beta/test-hivemq-platform-beta-0"
2025-01-30 18:28:28,845 INFO c.h.h.t.HelmChartContainer - [K3S] [reconciler_common.go:251] "operationExecutor.VerifyControllerAttachedVolume started for volume \"kube-api-access-l9bwf\" (UniqueName: \"kubernetes.io/projected/e850f3e1-5bec-46d3-a077-af6851b442c3-kube-api-access-l9bwf\") pod \"test-hivemq-platform-beta-0\" (UID: \"e850f3e1-5bec-46d3-a077-af6851b442c3\") " pod="customoperatornamespacesit-beta/test-hivemq-platform-beta-0"
2025-01-30 18:28:28,845 INFO c.h.h.t.HelmChartContainer - [K3S] [reconciler_common.go:251] "operationExecutor.VerifyControllerAttachedVolume started for volume \"broker-configuration\" (UniqueName: \"kubernetes.io/configmap/e850f3e1-5bec-46d3-a077-af6851b442c3-broker-configuration\") pod \"test-hivemq-platform-beta-0\" (UID: \"e850f3e1-5bec-46d3-a077-af6851b442c3\") " pod="customoperatornamespacesit-beta/test-hivemq-platform-beta-0"
2025-01-30 18:28:28,846 INFO c.h.h.t.HelmChartContainer - [K3S] [reconciler_common.go:251] "operationExecutor.VerifyControllerAttachedVolume started for volume \"pod-info\" (UniqueName: \"kubernetes.io/configmap/2ff7c012-f04a-4270-9439-452e35540eaf-pod-info\") pod \"test-hivemq-platform-alpha-0\" (UID: \"2ff7c012-f04a-4270-9439-452e35540eaf\") " pod="customoperatornamespacesit-alpha/test-hivemq-platform-alpha-0"
2025-01-30 18:28:28,846 INFO c.h.h.t.HelmChartContainer - [K3S] [reconciler_common.go:251] "operationExecutor.VerifyControllerAttachedVolume started for volume \"operator-init\" (UniqueName: \"kubernetes.io/empty-dir/2ff7c012-f04a-4270-9439-452e35540eaf-operator-init\") pod \"test-hivemq-platform-alpha-0\" (UID: \"2ff7c012-f04a-4270-9439-452e35540eaf\") " pod="customoperatornamespacesit-alpha/test-hivemq-platform-alpha-0"
2025-01-30 18:28:28,846 INFO c.h.h.t.HelmChartContainer - [K3S] [reconciler_common.go:251] "operationExecutor.VerifyControllerAttachedVolume started for volume \"broker-configuration\" (UniqueName: \"kubernetes.io/configmap/2ff7c012-f04a-4270-9439-452e35540eaf-broker-configuration\") pod \"test-hivemq-platform-alpha-0\" (UID: \"2ff7c012-f04a-4270-9439-452e35540eaf\") " pod="customoperatornamespacesit-alpha/test-hivemq-platform-alpha-0"
2025-01-30 18:28:28,872 INFO c.h.h.t.HelmChartContainer - [hivemq-test-hivemq-platform] [hivemq-platform-operator] [f987fc50] 18:28:28.861 [pool-6-thread-42] DEBUG c.h.p.o.d.PlatformServiceResource - [customop] Desired Platform services (3 services)
2025-01-30 18:28:28,872 INFO c.h.h.t.HelmChartContainer - [hivemq-test-hivemq-platform] [hivemq-platform-operator] [f987fc50] 18:28:28.866 [pool-6-thread-43] DEBUG c.h.p.o.dependants.PodInfoConfigMap - [customop] Desired PodInfo ConfigMap (1 extensions) (1 enabled)
2025-01-30 18:28:28,872 INFO c.h.h.t.HelmChartContainer - [hivemq-test-hivemq-platform] [hivemq-platform-operator] [f987fc50] 18:28:28.866 [pool-6-thread-43] DEBUG c.h.p.o.dependants.PodInfoConfigMap - [customop] Desired PodInfo ConfigMap (metrics port: 9399) (metrics path: /)
2025-01-30 18:28:28,872 INFO c.h.h.t.HelmChartContainer - [hivemq-test-hivemq-platform] [hivemq-platform-operator] [f987fc50] 18:28:28.866 [pool-6-thread-43] DEBUG c.h.p.o.dependants.PodInfoConfigMap - [customop] Desired PodInfo ConfigMap (extension state hash: -1817474005)
2025-01-30 18:28:28,872 INFO c.h.h.t.HelmChartContainer - [hivemq-test-hivemq-platform] [hivemq-platform-operator] [f987fc50] 18:28:28.870 [ReconcilerExecutor-hivemq-controller-83] INFO  c.h.p.o.HiveMQPlatformReconciler - [customop] Reconciling HiveMQ Platform 'test-hivemq-platform-alpha' in namespace 'customoperatornamespacesit-alpha'
2025-01-30 18:28:28,872 INFO c.h.h.t.HelmChartContainer - [hivemq-test-hivemq-platform] [hivemq-platform-operator] [f987fc50] 18:28:28.870 [ReconcilerExecutor-hivemq-controller-83] DEBUG c.h.p.o.HiveMQPlatformReconciler - [customop] Custom Resource Status STARTING - HiveMQ Platform is starting (READY)
2025-01-30 18:28:28,872 INFO c.h.h.t.HelmChartContainer - [hivemq-test-hivemq-platform] [hivemq-platform-operator] [f987fc50] 18:28:28.871 [ReconcilerExecutor-hivemq-controller-83] DEBUG c.h.p.o.HiveMQPlatformReconciler - [customop] Custom Resource Spec (replicas: 1) (extensions: 1)
2025-01-30 18:28:28,874 INFO c.h.h.t.HelmChartContainer - [hivemq-test-hivemq-platform] [hivemq-platform-operator] [f987fc50] 18:28:28.873 [pool-6-thread-47] DEBUG c.h.p.o.d.PodServiceAccountResource - [customop] Desired PodServiceAccountResource (serviceAccountName: hivemq-platform-pod-test-hivemq-platform-beta)
2025-01-30 18:28:28,957 INFO c.h.h.t.HelmChartContainer - [hivemq-test-hivemq-platform] [hivemq-platform-operator] [f987fc50] 18:28:28.953 [ReconcilerExecutor-hivemq-controller-83] DEBUG c.h.p.o.HiveMQPlatformReconciler - [customop] StatefulSet Status (revision: null, replicas: 0, available: 0, ready: 0, current: 0, updated: 0)
2025-01-30 18:28:28,959 INFO c.h.h.t.HelmChartContainer - [hivemq-test-hivemq-platform] [hivemq-platform-operator] [f987fc50] 18:28:28.953 [ReconcilerExecutor-hivemq-controller-83] DEBUG c.h.p.o.HiveMQPlatformReconciler - [customop] StatefulSet Spec (replicas: 1, init containers: 1, containers: 1, volumes: 3)
2025-01-30 18:28:29,059 INFO c.h.h.t.HelmChartContainer - [hivemq-test-hivemq-platform] [hivemq-platform-operator] [f987fc50] 18:28:29.056 [ReconcilerExecutor-hivemq-controller-83] DEBUG c.h.p.o.h.HiveMQPlatformReconcilerErrorHandler - [customop] Pod 'test-hivemq-platform-alpha-0' phase Pending
2025-01-30 18:28:29,059 INFO c.h.h.t.HelmChartContainer - [hivemq-test-hivemq-platform] [hivemq-platform-operator] [f987fc50] 18:28:29.057 [ReconcilerExecutor-hivemq-controller-83] DEBUG c.h.p.o.h.HiveMQPlatformReconcilerErrorHandler - [customop] Pod 'test-hivemq-platform-alpha-0' condition 'PodScheduled': True
2025-01-30 18:28:29,059 INFO c.h.h.t.HelmChartContainer - [hivemq-test-hivemq-platform] [hivemq-platform-operator] [f987fc50] 18:28:29.057 [pool-6-thread-50] DEBUG c.h.p.o.d.StatefulSetResource - [customop] Desired StatefulSet (1 replicas) for status STARTING (READY)
2025-01-30 18:28:29,063 INFO c.h.h.t.HelmChartContainer - [hivemq-test-hivemq-platform] [hivemq-platform-operator] [f987fc50] 18:28:29.061 [ReconcilerExecutor-hivemq-controller-83] INFO  c.h.p.o.h.HiveMQPlatformReconcilerBaseHandler - [customop] HiveMQ Platform is starting, 0 of 1 replicas are ready
2025-01-30 18:28:29,065 INFO c.h.h.t.HelmChartContainer - [hivemq-test-hivemq-platform] [hivemq-platform-operator] [f987fc50] 18:28:29.064 [ReconcilerExecutor-hivemq-controller-105] INFO  c.h.p.o.HiveMQPlatformReconciler - [customop] Reconciling HiveMQ Platform 'test-hivemq-platform-beta' in namespace 'customoperatornamespacesit-beta'
2025-01-30 18:28:29,065 INFO c.h.h.t.HelmChartContainer - [hivemq-test-hivemq-platform] [hivemq-platform-operator] [f987fc50] 18:28:29.064 [ReconcilerExecutor-hivemq-controller-105] DEBUG c.h.p.o.HiveMQPlatformReconciler - [customop] Custom Resource Status STARTING - HiveMQ Platform is starting (READY)
2025-01-30 18:28:29,065 INFO c.h.h.t.HelmChartContainer - [hivemq-test-hivemq-platform] [hivemq-platform-operator] [f987fc50] 18:28:29.065 [ReconcilerExecutor-hivemq-controller-105] DEBUG c.h.p.o.HiveMQPlatformReconciler - [customop] Custom Resource Spec (replicas: 1) (extensions: 1)
2025-01-30 18:28:29,155 INFO c.h.h.t.HelmChartContainer - [hivemq-test-hivemq-platform] [hivemq-platform-operator] [f987fc50] 18:28:29.153 [ReconcilerExecutor-hivemq-controller-105] DEBUG c.h.p.o.HiveMQPlatformReconciler - [customop] StatefulSet Status (revision: test-hivemq-platform-beta-68c75dbff9, replicas: 1, available: 0, ready: 0, current: 1, updated: 1)
2025-01-30 18:28:29,157 INFO c.h.h.t.HelmChartContainer - [hivemq-test-hivemq-platform] [hivemq-platform-operator] [f987fc50] 18:28:29.153 [ReconcilerExecutor-hivemq-controller-105] DEBUG c.h.p.o.HiveMQPlatformReconciler - [customop] StatefulSet Spec (replicas: 1, init containers: 1, containers: 1, volumes: 3)
2025-01-30 18:28:29,161 INFO c.h.h.t.HelmChartContainer - [hivemq-test-hivemq-platform] [hivemq-platform-operator] [f987fc50] 18:28:29.154 [pool-6-thread-16] DEBUG c.h.p.o.d.PlatformServiceResource - [customop] Desired Platform services (3 services)
2025-01-30 18:28:29,167 INFO c.h.h.t.HelmChartContainer - [hivemq-test-hivemq-platform] [hivemq-platform-operator] [f987fc50] 18:28:29.161 [ReconcilerExecutor-hivemq-controller-105] DEBUG c.h.p.o.h.HiveMQPlatformReconcilerErrorHandler - [customop] Pod 'test-hivemq-platform-beta-0' phase Pending
2025-01-30 18:28:29,167 INFO c.h.h.t.HelmChartContainer - [hivemq-test-hivemq-platform] [hivemq-platform-operator] [f987fc50] 18:28:29.161 [ReconcilerExecutor-hivemq-controller-105] DEBUG c.h.p.o.h.HiveMQPlatformReconcilerErrorHandler - [customop] Pod 'test-hivemq-platform-beta-0' condition 'PodReadyToStartContainers': False
2025-01-30 18:28:29,167 INFO c.h.h.t.HelmChartContainer - [hivemq-test-hivemq-platform] [hivemq-platform-operator] [f987fc50] 18:28:29.162 [ReconcilerExecutor-hivemq-controller-105] DEBUG c.h.p.o.h.HiveMQPlatformReconcilerErrorHandler - [customop] Pod 'test-hivemq-platform-beta-0' condition 'Initialized': False
2025-01-30 18:28:29,167 INFO c.h.h.t.HelmChartContainer - [hivemq-test-hivemq-platform] [hivemq-platform-operator] [f987fc50] 18:28:29.156 [pool-6-thread-7] DEBUG c.h.p.o.d.PodServiceAccountResource - [customop] Desired PodServiceAccountResource (serviceAccountName: hivemq-platform-pod-test-hivemq-platform-alpha)
2025-01-30 18:28:29,167 INFO c.h.h.t.HelmChartContainer - [hivemq-test-hivemq-platform] [hivemq-platform-operator] [f987fc50] 18:28:29.162 [ReconcilerExecutor-hivemq-controller-105] DEBUG c.h.p.o.h.HiveMQPlatformReconcilerErrorHandler - [customop] Pod 'test-hivemq-platform-beta-0' condition 'Ready': False
2025-01-30 18:28:29,167 INFO c.h.h.t.HelmChartContainer - [hivemq-test-hivemq-platform] [hivemq-platform-operator] [f987fc50] 18:28:29.162 [ReconcilerExecutor-hivemq-controller-105] DEBUG c.h.p.o.h.HiveMQPlatformReconcilerErrorHandler - [customop] Pod 'test-hivemq-platform-beta-0' condition 'ContainersReady': False
2025-01-30 18:28:29,167 INFO c.h.h.t.HelmChartContainer - [hivemq-test-hivemq-platform] [hivemq-platform-operator] [f987fc50] 18:28:29.162 [ReconcilerExecutor-hivemq-controller-105] DEBUG c.h.p.o.h.HiveMQPlatformReconcilerErrorHandler - [customop] Pod 'test-hivemq-platform-beta-0' condition 'PodScheduled': True
2025-01-30 18:28:29,167 INFO c.h.h.t.HelmChartContainer - [hivemq-test-hivemq-platform] [hivemq-platform-operator] [f987fc50] 18:28:29.162 [ReconcilerExecutor-hivemq-controller-105] DEBUG c.h.p.o.h.HiveMQPlatformReconcilerErrorHandler - [customop] Pod 'test-hivemq-platform-beta-0' containerStatus 'hivemq' (started: false) (ready: false) (waiting: [PodInitializing] null)
2025-01-30 18:28:29,168 INFO c.h.h.t.HelmChartContainer - [hivemq-test-hivemq-platform] [hivemq-platform-operator] [f987fc50] 18:28:29.164 [pool-6-thread-17] DEBUG c.h.p.o.dependants.PodInfoConfigMap - [customop] Desired PodInfo ConfigMap (1 extensions) (1 enabled)
2025-01-30 18:28:29,168 INFO c.h.h.t.HelmChartContainer - [hivemq-test-hivemq-platform] [hivemq-platform-operator] [f987fc50] 18:28:29.164 [pool-6-thread-17] DEBUG c.h.p.o.dependants.PodInfoConfigMap - [customop] Desired PodInfo ConfigMap (metrics port: 9399) (metrics path: /)
2025-01-30 18:28:29,168 INFO c.h.h.t.HelmChartContainer - [hivemq-test-hivemq-platform] [hivemq-platform-operator] [f987fc50] 18:28:29.164 [pool-6-thread-17] DEBUG c.h.p.o.dependants.PodInfoConfigMap - [customop] Desired PodInfo ConfigMap (extension state hash: -1817474005)
2025-01-30 18:28:29,171 INFO c.h.h.t.HelmChartContainer - [hivemq-test-hivemq-platform] [hivemq-platform-operator] [f987fc50] 18:28:29.165 [ReconcilerExecutor-hivemq-controller-105] INFO  c.h.p.o.h.HiveMQPlatformReconcilerBaseHandler - [customop] HiveMQ Platform is starting, 0 of 1 replicas are ready
2025-01-30 18:28:29,226 INFO c.h.h.t.HelmChartContainer - [EVENT] Normal [Pulled] Container image "docker.io/hivemq/hivemq-platform-operator-init-test:snapshot" already present on machine [customoperatornamespacesit-beta:test-hivemq-platform-beta-0]
2025-01-30 18:28:29,228 INFO c.h.h.t.HelmChartContainer - [EVENT] Normal [Pulled] Container image "docker.io/hivemq/hivemq-platform-operator-init-test:snapshot" already present on machine [customoperatornamespacesit-alpha:test-hivemq-platform-alpha-0]
2025-01-30 18:28:29,235 INFO c.h.h.t.HelmChartContainer - [EVENT] Normal [Created] Created container: hivemq-platform-operator-init [customoperatornamespacesit-beta:test-hivemq-platform-beta-0]
2025-01-30 18:28:29,237 INFO c.h.h.t.HelmChartContainer - [EVENT] Normal [Created] Created container: hivemq-platform-operator-init [customoperatornamespacesit-alpha:test-hivemq-platform-alpha-0]
2025-01-30 18:28:29,254 INFO c.h.h.t.HelmChartContainer - [hivemq-test-hivemq-platform] [hivemq-platform-operator] [f987fc50] 18:28:29.252 [pool-6-thread-16] DEBUG c.h.p.o.d.PlatformServiceResource - [customop] Desired Platform services (3 services)
2025-01-30 18:28:29,258 INFO c.h.h.t.HelmChartContainer - [hivemq-test-hivemq-platform] [hivemq-platform-operator] [f987fc50] 18:28:29.255 [pool-6-thread-9] DEBUG c.h.p.o.dependants.PodInfoConfigMap - [customop] Desired PodInfo ConfigMap (1 extensions) (1 enabled)
2025-01-30 18:28:29,260 INFO c.h.h.t.HelmChartContainer - [hivemq-test-hivemq-platform] [hivemq-platform-operator] [f987fc50] 18:28:29.258 [pool-6-thread-9] DEBUG c.h.p.o.dependants.PodInfoConfigMap - [customop] Desired PodInfo ConfigMap (metrics port: 9399) (metrics path: /)
2025-01-30 18:28:29,260 INFO c.h.h.t.HelmChartContainer - [hivemq-test-hivemq-platform] [hivemq-platform-operator] [f987fc50] 18:28:29.258 [pool-6-thread-9] DEBUG c.h.p.o.dependants.PodInfoConfigMap - [customop] Desired PodInfo ConfigMap (extension state hash: -1817474005)
2025-01-30 18:28:29,266 INFO c.h.h.t.HelmChartContainer - [hivemq-test-hivemq-platform] [hivemq-platform-operator] [f987fc50] 18:28:29.260 [pool-6-thread-9] DEBUG c.h.p.o.d.PodServiceAccountResource - [customop] Desired PodServiceAccountResource (serviceAccountName: hivemq-platform-pod-test-hivemq-platform-beta)
2025-01-30 18:28:29,274 INFO c.h.h.t.HelmChartContainer - [hivemq-test-hivemq-platform] [hivemq-platform-operator] [f987fc50] 18:28:29.262 [pool-6-thread-13] DEBUG c.h.p.o.d.StatefulSetResource - [customop] Desired StatefulSet (1 replicas) for status STARTING (READY)
2025-01-30 18:28:29,302 INFO c.h.h.t.HelmChartContainer - [EVENT] Normal [Started] Started container hivemq-platform-operator-init [customoperatornamespacesit-alpha:test-hivemq-platform-alpha-0]
2025-01-30 18:28:29,313 INFO c.h.h.t.HelmChartContainer - [EVENT] Normal [Started] Started container hivemq-platform-operator-init [customoperatornamespacesit-beta:test-hivemq-platform-beta-0]
2025-01-30 18:28:29,355 INFO c.h.h.t.HelmChartContainer - [hivemq-test-hivemq-platform] [hivemq-platform-operator] [f987fc50] 18:28:29.354 [pool-6-thread-16] DEBUG c.h.p.o.d.StatefulSetResource - [customop] Desired StatefulSet (1 replicas) for status STARTING (READY)
2025-01-30 18:28:29,360 INFO c.h.h.t.HelmChartContainer - [hivemq-test-hivemq-platform] [hivemq-platform-operator] [f987fc50] 18:28:29.356 [ReconcilerExecutor-hivemq-controller-120] INFO  c.h.p.o.HiveMQPlatformReconciler - [customop] Reconciling HiveMQ Platform 'test-hivemq-platform-alpha' in namespace 'customoperatornamespacesit-alpha'
2025-01-30 18:28:29,361 INFO c.h.h.t.HelmChartContainer - [hivemq-test-hivemq-platform] [hivemq-platform-operator] [f987fc50] 18:28:29.357 [ReconcilerExecutor-hivemq-controller-120] DEBUG c.h.p.o.HiveMQPlatformReconciler - [customop] Custom Resource Status STARTING - HiveMQ Platform is starting (READY)
2025-01-30 18:28:29,364 INFO c.h.h.t.HelmChartContainer - [hivemq-test-hivemq-platform] [hivemq-platform-operator] [f987fc50] 18:28:29.357 [ReconcilerExecutor-hivemq-controller-120] DEBUG c.h.p.o.HiveMQPlatformReconciler - [customop] Custom Resource Spec (replicas: 1) (extensions: 1)
2025-01-30 18:28:29,364 INFO c.h.h.t.HelmChartContainer - [hivemq-test-hivemq-platform] [hivemq-platform-operator] [f987fc50] 18:28:29.362 [ReconcilerExecutor-hivemq-controller-121] INFO  c.h.p.o.HiveMQPlatformReconciler - [customop] Reconciling HiveMQ Platform 'test-hivemq-platform-beta' in namespace 'customoperatornamespacesit-beta'
2025-01-30 18:28:29,365 INFO c.h.h.t.HelmChartContainer - [hivemq-test-hivemq-platform] [hivemq-platform-operator] [f987fc50] 18:28:29.362 [ReconcilerExecutor-hivemq-controller-121] DEBUG c.h.p.o.HiveMQPlatformReconciler - [customop] Custom Resource Status STARTING - HiveMQ Platform is starting (READY)
2025-01-30 18:28:29,365 INFO c.h.h.t.HelmChartContainer - [hivemq-test-hivemq-platform] [hivemq-platform-operator] [f987fc50] 18:28:29.362 [ReconcilerExecutor-hivemq-controller-121] DEBUG c.h.p.o.HiveMQPlatformReconciler - [customop] Custom Resource Spec (replicas: 1) (extensions: 1)
2025-01-30 18:28:29,373 INFO c.h.h.t.HelmChartContainer - [hivemq-test-hivemq-platform] [hivemq-platform-operator] [f987fc50] 18:28:29.362 [ReconcilerExecutor-hivemq-controller-120] DEBUG c.h.p.o.HiveMQPlatformReconciler - [customop] StatefulSet Status (revision: test-hivemq-platform-alpha-5bcd5cb867, replicas: 1, available: 0, ready: 0, current: 1, updated: 1)
2025-01-30 18:28:29,373 INFO c.h.h.t.HelmChartContainer - [hivemq-test-hivemq-platform] [hivemq-platform-operator] [f987fc50] 18:28:29.365 [ReconcilerExecutor-hivemq-controller-120] DEBUG c.h.p.o.HiveMQPlatformReconciler - [customop] StatefulSet Spec (replicas: 1, init containers: 1, containers: 1, volumes: 3)
2025-01-30 18:28:29,373 INFO c.h.h.t.HelmChartContainer - [hivemq-test-hivemq-platform] [hivemq-platform-operator] [f987fc50] 18:28:29.366 [ReconcilerExecutor-hivemq-controller-121] DEBUG c.h.p.o.HiveMQPlatformReconciler - [customop] StatefulSet Status (revision: test-hivemq-platform-beta-68c75dbff9, replicas: 1, available: 0, ready: 0, current: 1, updated: 1)
2025-01-30 18:28:29,373 INFO c.h.h.t.HelmChartContainer - [hivemq-test-hivemq-platform] [hivemq-platform-operator] [f987fc50] 18:28:29.367 [ReconcilerExecutor-hivemq-controller-121] DEBUG c.h.p.o.HiveMQPlatformReconciler - [customop] StatefulSet Spec (replicas: 1, init containers: 1, containers: 1, volumes: 3)
2025-01-30 18:28:29,373 INFO c.h.h.t.HelmChartContainer - [hivemq-test-hivemq-platform] [hivemq-platform-operator] [f987fc50] 18:28:29.368 [ReconcilerExecutor-hivemq-controller-121] DEBUG c.h.p.o.h.HiveMQPlatformReconcilerErrorHandler - [customop] Pod 'test-hivemq-platform-beta-0' phase Pending
2025-01-30 18:28:29,374 INFO c.h.h.t.HelmChartContainer - [hivemq-test-hivemq-platform] [hivemq-platform-operator] [f987fc50] 18:28:29.369 [ReconcilerExecutor-hivemq-controller-121] DEBUG c.h.p.o.h.HiveMQPlatformReconcilerErrorHandler - [customop] Pod 'test-hivemq-platform-beta-0' condition 'PodReadyToStartContainers': False
2025-01-30 18:28:29,374 INFO c.h.h.t.HelmChartContainer - [hivemq-test-hivemq-platform] [hivemq-platform-operator] [f987fc50] 18:28:29.369 [ReconcilerExecutor-hivemq-controller-121] DEBUG c.h.p.o.h.HiveMQPlatformReconcilerErrorHandler - [customop] Pod 'test-hivemq-platform-beta-0' condition 'Initialized': False
2025-01-30 18:28:29,374 INFO c.h.h.t.HelmChartContainer - [hivemq-test-hivemq-platform] [hivemq-platform-operator] [f987fc50] 18:28:29.369 [ReconcilerExecutor-hivemq-controller-120] DEBUG c.h.p.o.h.HiveMQPlatformReconcilerErrorHandler - [customop] Pod 'test-hivemq-platform-alpha-0' phase Pending
2025-01-30 18:28:29,374 INFO c.h.h.t.HelmChartContainer - [hivemq-test-hivemq-platform] [hivemq-platform-operator] [f987fc50] 18:28:29.369 [ReconcilerExecutor-hivemq-controller-120] DEBUG c.h.p.o.h.HiveMQPlatformReconcilerErrorHandler - [customop] Pod 'test-hivemq-platform-alpha-0' condition 'PodReadyToStartContainers': False
2025-01-30 18:28:29,374 INFO c.h.h.t.HelmChartContainer - [hivemq-test-hivemq-platform] [hivemq-platform-operator] [f987fc50] 18:28:29.369 [ReconcilerExecutor-hivemq-controller-120] DEBUG c.h.p.o.h.HiveMQPlatformReconcilerErrorHandler - [customop] Pod 'test-hivemq-platform-alpha-0' condition 'Initialized': False
2025-01-30 18:28:29,374 INFO c.h.h.t.HelmChartContainer - [hivemq-test-hivemq-platform] [hivemq-platform-operator] [f987fc50] 18:28:29.369 [ReconcilerExecutor-hivemq-controller-120] DEBUG c.h.p.o.h.HiveMQPlatformReconcilerErrorHandler - [customop] Pod 'test-hivemq-platform-alpha-0' condition 'Ready': False
2025-01-30 18:28:29,374 INFO c.h.h.t.HelmChartContainer - [hivemq-test-hivemq-platform] [hivemq-platform-operator] [f987fc50] 18:28:29.369 [ReconcilerExecutor-hivemq-controller-120] DEBUG c.h.p.o.h.HiveMQPlatformReconcilerErrorHandler - [customop] Pod 'test-hivemq-platform-alpha-0' condition 'ContainersReady': False
2025-01-30 18:28:29,374 INFO c.h.h.t.HelmChartContainer - [hivemq-test-hivemq-platform] [hivemq-platform-operator] [f987fc50] 18:28:29.369 [ReconcilerExecutor-hivemq-controller-121] DEBUG c.h.p.o.h.HiveMQPlatformReconcilerErrorHandler - [customop] Pod 'test-hivemq-platform-beta-0' condition 'Ready': False
2025-01-30 18:28:29,374 INFO c.h.h.t.HelmChartContainer - [hivemq-test-hivemq-platform] [hivemq-platform-operator] [f987fc50] 18:28:29.370 [ReconcilerExecutor-hivemq-controller-121] DEBUG c.h.p.o.h.HiveMQPlatformReconcilerErrorHandler - [customop] Pod 'test-hivemq-platform-beta-0' condition 'ContainersReady': False
2025-01-30 18:28:29,374 INFO c.h.h.t.HelmChartContainer - [hivemq-test-hivemq-platform] [hivemq-platform-operator] [f987fc50] 18:28:29.370 [ReconcilerExecutor-hivemq-controller-121] DEBUG c.h.p.o.h.HiveMQPlatformReconcilerErrorHandler - [customop] Pod 'test-hivemq-platform-beta-0' condition 'PodScheduled': True
2025-01-30 18:28:29,374 INFO c.h.h.t.HelmChartContainer - [hivemq-test-hivemq-platform] [hivemq-platform-operator] [f987fc50] 18:28:29.370 [ReconcilerExecutor-hivemq-controller-121] DEBUG c.h.p.o.h.HiveMQPlatformReconcilerErrorHandler - [customop] Pod 'test-hivemq-platform-beta-0' containerStatus 'hivemq' (started: false) (ready: false) (waiting: [PodInitializing] null)
2025-01-30 18:28:29,374 INFO c.h.h.t.HelmChartContainer - [hivemq-test-hivemq-platform] [hivemq-platform-operator] [f987fc50] 18:28:29.370 [ReconcilerExecutor-hivemq-controller-120] DEBUG c.h.p.o.h.HiveMQPlatformReconcilerErrorHandler - [customop] Pod 'test-hivemq-platform-alpha-0' condition 'PodScheduled': True
2025-01-30 18:28:29,374 INFO c.h.h.t.HelmChartContainer - [hivemq-test-hivemq-platform] [hivemq-platform-operator] [f987fc50] 18:28:29.370 [ReconcilerExecutor-hivemq-controller-120] DEBUG c.h.p.o.h.HiveMQPlatformReconcilerErrorHandler - [customop] Pod 'test-hivemq-platform-alpha-0' containerStatus 'hivemq' (started: false) (ready: false) (waiting: [PodInitializing] null)
2025-01-30 18:28:29,374 INFO c.h.h.t.HelmChartContainer - [hivemq-test-hivemq-platform] [hivemq-platform-operator] [f987fc50] 18:28:29.371 [ReconcilerExecutor-hivemq-controller-121] INFO  c.h.p.o.h.HiveMQPlatformReconcilerBaseHandler - [customop] HiveMQ Platform is starting, 0 of 1 replicas are ready
2025-01-30 18:28:29,374 INFO c.h.h.t.HelmChartContainer - [hivemq-test-hivemq-platform] [hivemq-platform-operator] [f987fc50] 18:28:29.372 [ReconcilerExecutor-hivemq-controller-120] INFO  c.h.p.o.h.HiveMQPlatformReconcilerBaseHandler - [customop] HiveMQ Platform is starting, 0 of 1 replicas are ready
2025-01-30 18:28:30,099 INFO c.h.h.t.HelmChartContainer - [EVENT] Normal [Pulled] Container image "docker.io/hivemq/hivemq4:4.36.0" already present on machine [customoperatornamespacesit-alpha:test-hivemq-platform-alpha-0]
2025-01-30 18:28:30,099 INFO c.h.h.t.HelmChartContainer - Received Pulled event for container hivemq in pod test-hivemq-platform-alpha-0 [2ff7c012-f04a-4270-9439-452e35540eaf]
2025-01-30 18:28:30,101 INFO c.h.h.t.HelmChartContainer - [EVENT] Normal [Pulled] Container image "docker.io/hivemq/hivemq4:4.36.0" already present on machine [customoperatornamespacesit-beta:test-hivemq-platform-beta-0]
2025-01-30 18:28:30,101 INFO c.h.h.t.HelmChartContainer - Received Pulled event for container hivemq in pod test-hivemq-platform-beta-0 [e850f3e1-5bec-46d3-a077-af6851b442c3]
2025-01-30 18:28:30,113 INFO c.h.h.t.HelmChartContainer - [POD] test-hivemq-platform-alpha-0 [2ff7c012-f04a-4270-9439-452e35540eaf] in customoperatornamespacesit-alpha was MODIFIED
2025-01-30 18:28:30,143 INFO c.h.h.t.HelmChartContainer - [EVENT] Normal [Created] Created container: hivemq [customoperatornamespacesit-alpha:test-hivemq-platform-alpha-0]
2025-01-30 18:28:30,143 INFO c.h.h.t.HelmChartContainer - Received Created event for container hivemq in pod test-hivemq-platform-alpha-0 [2ff7c012-f04a-4270-9439-452e35540eaf]
2025-01-30 18:28:30,155 INFO c.h.h.t.HelmChartContainer - [POD] test-hivemq-platform-beta-0 [e850f3e1-5bec-46d3-a077-af6851b442c3] in customoperatornamespacesit-beta was MODIFIED
2025-01-30 18:28:30,157 INFO c.h.h.t.HelmChartContainer - [hivemq-test-hivemq-platform] [hivemq-platform-operator] [f987fc50] 18:28:30.135 [pool-6-thread-21] DEBUG c.h.p.o.d.PlatformServiceResource - [customop] Desired Platform services (3 services)
2025-01-30 18:28:30,160 INFO c.h.h.t.HelmChartContainer - [hivemq-test-hivemq-platform] [hivemq-platform-operator] [f987fc50] 18:28:30.143 [pool-6-thread-26] DEBUG c.h.p.o.dependants.PodInfoConfigMap - [customop] Desired PodInfo ConfigMap (1 extensions) (1 enabled)
2025-01-30 18:28:30,160 INFO c.h.h.t.HelmChartContainer - [hivemq-test-hivemq-platform] [hivemq-platform-operator] [f987fc50] 18:28:30.143 [pool-6-thread-26] DEBUG c.h.p.o.dependants.PodInfoConfigMap - [customop] Desired PodInfo ConfigMap (metrics port: 9399) (metrics path: /)
2025-01-30 18:28:30,160 INFO c.h.h.t.HelmChartContainer - [hivemq-test-hivemq-platform] [hivemq-platform-operator] [f987fc50] 18:28:30.143 [pool-6-thread-26] DEBUG c.h.p.o.dependants.PodInfoConfigMap - [customop] Desired PodInfo ConfigMap (extension state hash: -1817474005)
2025-01-30 18:28:30,160 INFO c.h.h.t.HelmChartContainer - [hivemq-test-hivemq-platform] [hivemq-platform-operator] [f987fc50] 18:28:30.144 [pool-6-thread-27] DEBUG c.h.p.o.d.PodServiceAccountResource - [customop] Desired PodServiceAccountResource (serviceAccountName: hivemq-platform-pod-test-hivemq-platform-alpha)
2025-01-30 18:28:30,161 INFO c.h.h.t.HelmChartContainer - [hivemq-test-hivemq-platform] [hivemq-platform-operator] [f987fc50] 18:28:30.153 [pool-6-thread-21] DEBUG c.h.p.o.d.StatefulSetResource - [customop] Desired StatefulSet (1 replicas) for status STARTING (READY)
2025-01-30 18:28:30,234 INFO c.h.h.t.HelmChartContainer - [hivemq-test-hivemq-platform] [hivemq-platform-operator] [f987fc50] 18:28:30.232 [ReconcilerExecutor-hivemq-controller-122] INFO  c.h.p.o.HiveMQPlatformReconciler - [customop] Reconciling HiveMQ Platform 'test-hivemq-platform-alpha' in namespace 'customoperatornamespacesit-alpha'
2025-01-30 18:28:30,238 INFO c.h.h.t.HelmChartContainer - [hivemq-test-hivemq-platform] [hivemq-platform-operator] [f987fc50] 18:28:30.233 [ReconcilerExecutor-hivemq-controller-122] DEBUG c.h.p.o.HiveMQPlatformReconciler - [customop] Custom Resource Status STARTING - HiveMQ Platform is starting (READY)
2025-01-30 18:28:30,242 INFO c.h.h.t.HelmChartContainer - [hivemq-test-hivemq-platform] [hivemq-platform-operator] [f987fc50] 18:28:30.234 [ReconcilerExecutor-hivemq-controller-122] DEBUG c.h.p.o.HiveMQPlatformReconciler - [customop] Custom Resource Spec (replicas: 1) (extensions: 1)
2025-01-30 18:28:30,255 INFO c.h.h.t.HelmChartContainer - [hivemq-test-hivemq-platform] [hivemq-platform-operator] [f987fc50] 18:28:30.246 [pool-6-thread-21] DEBUG c.h.p.o.d.PlatformServiceResource - [customop] Desired Platform services (3 services)
2025-01-30 18:28:30,263 INFO c.h.h.t.HelmChartContainer - [hivemq-test-hivemq-platform] [hivemq-platform-operator] [f987fc50] 18:28:30.260 [ReconcilerExecutor-hivemq-controller-122] DEBUG c.h.p.o.HiveMQPlatformReconciler - [customop] StatefulSet Status (revision: test-hivemq-platform-alpha-5bcd5cb867, replicas: 1, available: 0, ready: 0, current: 1, updated: 1)
2025-01-30 18:28:30,266 INFO c.h.h.t.HelmChartContainer - [hivemq-test-hivemq-platform] [hivemq-platform-operator] [f987fc50] 18:28:30.263 [ReconcilerExecutor-hivemq-controller-122] DEBUG c.h.p.o.HiveMQPlatformReconciler - [customop] StatefulSet Spec (replicas: 1, init containers: 1, containers: 1, volumes: 3)
2025-01-30 18:28:30,269 INFO c.h.h.t.HelmChartContainer - [hivemq-test-hivemq-platform] [hivemq-platform-operator] [f987fc50] 18:28:30.262 [pool-6-thread-35] DEBUG c.h.p.o.d.PodServiceAccountResource - [customop] Desired PodServiceAccountResource (serviceAccountName: hivemq-platform-pod-test-hivemq-platform-beta)
2025-01-30 18:28:30,285 INFO c.h.h.t.HelmChartContainer - [hivemq-test-hivemq-platform] [hivemq-platform-operator] [f987fc50] 18:28:30.284 [pool-6-thread-30] DEBUG c.h.p.o.dependants.PodInfoConfigMap - [customop] Desired PodInfo ConfigMap (1 extensions) (1 enabled)
2025-01-30 18:28:30,293 INFO c.h.h.t.HelmChartContainer - [hivemq-test-hivemq-platform] [hivemq-platform-operator] [f987fc50] 18:28:30.285 [pool-6-thread-30] DEBUG c.h.p.o.dependants.PodInfoConfigMap - [customop] Desired PodInfo ConfigMap (metrics port: 9399) (metrics path: /)
2025-01-30 18:28:30,293 INFO c.h.h.t.HelmChartContainer - [hivemq-test-hivemq-platform] [hivemq-platform-operator] [f987fc50] 18:28:30.286 [pool-6-thread-30] DEBUG c.h.p.o.dependants.PodInfoConfigMap - [customop] Desired PodInfo ConfigMap (extension state hash: -1817474005)
2025-01-30 18:28:30,330 INFO c.h.h.t.HelmChartContainer - [hivemq-test-hivemq-platform] [hivemq-platform-operator] [f987fc50] 18:28:30.323 [ReconcilerExecutor-hivemq-controller-122] DEBUG c.h.p.o.h.HiveMQPlatformReconcilerErrorHandler - [customop] Pod 'test-hivemq-platform-alpha-0' phase Pending
2025-01-30 18:28:30,330 INFO c.h.h.t.HelmChartContainer - [hivemq-test-hivemq-platform] [hivemq-platform-operator] [f987fc50] 18:28:30.324 [ReconcilerExecutor-hivemq-controller-122] DEBUG c.h.p.o.h.HiveMQPlatformReconcilerErrorHandler - [customop] Pod 'test-hivemq-platform-alpha-0' condition 'PodReadyToStartContainers': True
2025-01-30 18:28:30,330 INFO c.h.h.t.HelmChartContainer - [hivemq-test-hivemq-platform] [hivemq-platform-operator] [f987fc50] 18:28:30.324 [ReconcilerExecutor-hivemq-controller-122] DEBUG c.h.p.o.h.HiveMQPlatformReconcilerErrorHandler - [customop] Pod 'test-hivemq-platform-alpha-0' condition 'Initialized': True
2025-01-30 18:28:30,330 INFO c.h.h.t.HelmChartContainer - [hivemq-test-hivemq-platform] [hivemq-platform-operator] [f987fc50] 18:28:30.324 [ReconcilerExecutor-hivemq-controller-122] DEBUG c.h.p.o.h.HiveMQPlatformReconcilerErrorHandler - [customop] Pod 'test-hivemq-platform-alpha-0' condition 'Ready': False
2025-01-30 18:28:30,330 INFO c.h.h.t.HelmChartContainer - [hivemq-test-hivemq-platform] [hivemq-platform-operator] [f987fc50] 18:28:30.324 [ReconcilerExecutor-hivemq-controller-122] DEBUG c.h.p.o.h.HiveMQPlatformReconcilerErrorHandler - [customop] Pod 'test-hivemq-platform-alpha-0' condition 'ContainersReady': False
2025-01-30 18:28:30,330 INFO c.h.h.t.HelmChartContainer - [hivemq-test-hivemq-platform] [hivemq-platform-operator] [f987fc50] 18:28:30.324 [ReconcilerExecutor-hivemq-controller-122] DEBUG c.h.p.o.h.HiveMQPlatformReconcilerErrorHandler - [customop] Pod 'test-hivemq-platform-alpha-0' condition 'PodScheduled': True
2025-01-30 18:28:30,330 INFO c.h.h.t.HelmChartContainer - [hivemq-test-hivemq-platform] [hivemq-platform-operator] [f987fc50] 18:28:30.324 [ReconcilerExecutor-hivemq-controller-122] DEBUG c.h.p.o.h.HiveMQPlatformReconcilerErrorHandler - [customop] Pod 'test-hivemq-platform-alpha-0' containerStatus 'hivemq' (started: false) (ready: false) (waiting: [PodInitializing] null)
2025-01-30 18:28:30,334 INFO c.h.h.t.HelmChartContainer - [hivemq-test-hivemq-platform] [hivemq-platform-operator] [f987fc50] 18:28:30.329 [pool-6-thread-35] DEBUG c.h.p.o.d.StatefulSetResource - [customop] Desired StatefulSet (1 replicas) for status STARTING (READY)
2025-01-30 18:28:30,343 INFO c.h.h.t.HelmChartContainer - [hivemq-test-hivemq-platform] [hivemq-platform-operator] [f987fc50] 18:28:30.342 [ReconcilerExecutor-hivemq-controller-122] INFO  c.h.p.o.h.HiveMQPlatformReconcilerBaseHandler - [customop] HiveMQ Platform is starting, 0 of 1 replicas are ready
2025-01-30 18:28:30,355 INFO c.h.h.t.HelmChartContainer - [hivemq-test-hivemq-platform] [hivemq-platform-operator] [f987fc50] 18:28:30.353 [ReconcilerExecutor-hivemq-controller-123] INFO  c.h.p.o.HiveMQPlatformReconciler - [customop] Reconciling HiveMQ Platform 'test-hivemq-platform-beta' in namespace 'customoperatornamespacesit-beta'
2025-01-30 18:28:30,357 INFO c.h.h.t.HelmChartContainer - [hivemq-test-hivemq-platform] [hivemq-platform-operator] [f987fc50] 18:28:30.354 [ReconcilerExecutor-hivemq-controller-123] DEBUG c.h.p.o.HiveMQPlatformReconciler - [customop] Custom Resource Status STARTING - HiveMQ Platform is starting (READY)
2025-01-30 18:28:30,358 INFO c.h.h.t.HelmChartContainer - [hivemq-test-hivemq-platform] [hivemq-platform-operator] [f987fc50] 18:28:30.356 [ReconcilerExecutor-hivemq-controller-123] DEBUG c.h.p.o.HiveMQPlatformReconciler - [customop] Custom Resource Spec (replicas: 1) (extensions: 1)
2025-01-30 18:28:30,366 INFO c.h.h.t.HelmChartContainer - [hivemq-test-hivemq-platform] [hivemq-platform-operator] [f987fc50] 18:28:30.361 [ReconcilerExecutor-hivemq-controller-123] DEBUG c.h.p.o.HiveMQPlatformReconciler - [customop] StatefulSet Status (revision: test-hivemq-platform-beta-68c75dbff9, replicas: 1, available: 0, ready: 0, current: 1, updated: 1)
2025-01-30 18:28:30,366 INFO c.h.h.t.HelmChartContainer - [hivemq-test-hivemq-platform] [hivemq-platform-operator] [f987fc50] 18:28:30.362 [ReconcilerExecutor-hivemq-controller-123] DEBUG c.h.p.o.HiveMQPlatformReconciler - [customop] StatefulSet Spec (replicas: 1, init containers: 1, containers: 1, volumes: 3)
2025-01-30 18:28:30,418 INFO c.h.h.t.HelmChartContainer - [hivemq-test-hivemq-platform] [hivemq-platform-operator] [f987fc50] 18:28:30.416 [ReconcilerExecutor-hivemq-controller-123] DEBUG c.h.p.o.h.HiveMQPlatformReconcilerErrorHandler - [customop] Pod 'test-hivemq-platform-beta-0' phase Pending
2025-01-30 18:28:30,420 INFO c.h.h.t.HelmChartContainer - [hivemq-test-hivemq-platform] [hivemq-platform-operator] [f987fc50] 18:28:30.418 [ReconcilerExecutor-hivemq-controller-123] DEBUG c.h.p.o.h.HiveMQPlatformReconcilerErrorHandler - [customop] Pod 'test-hivemq-platform-beta-0' condition 'PodReadyToStartContainers': True
2025-01-30 18:28:30,421 INFO c.h.h.t.HelmChartContainer - [hivemq-test-hivemq-platform] [hivemq-platform-operator] [f987fc50] 18:28:30.418 [ReconcilerExecutor-hivemq-controller-123] DEBUG c.h.p.o.h.HiveMQPlatformReconcilerErrorHandler - [customop] Pod 'test-hivemq-platform-beta-0' condition 'Initialized': True
2025-01-30 18:28:30,421 INFO c.h.h.t.HelmChartContainer - [hivemq-test-hivemq-platform] [hivemq-platform-operator] [f987fc50] 18:28:30.418 [ReconcilerExecutor-hivemq-controller-123] DEBUG c.h.p.o.h.HiveMQPlatformReconcilerErrorHandler - [customop] Pod 'test-hivemq-platform-beta-0' condition 'Ready': False
2025-01-30 18:28:30,421 INFO c.h.h.t.HelmChartContainer - [hivemq-test-hivemq-platform] [hivemq-platform-operator] [f987fc50] 18:28:30.418 [ReconcilerExecutor-hivemq-controller-123] DEBUG c.h.p.o.h.HiveMQPlatformReconcilerErrorHandler - [customop] Pod 'test-hivemq-platform-beta-0' condition 'ContainersReady': False
2025-01-30 18:28:30,421 INFO c.h.h.t.HelmChartContainer - [hivemq-test-hivemq-platform] [hivemq-platform-operator] [f987fc50] 18:28:30.418 [ReconcilerExecutor-hivemq-controller-123] DEBUG c.h.p.o.h.HiveMQPlatformReconcilerErrorHandler - [customop] Pod 'test-hivemq-platform-beta-0' condition 'PodScheduled': True
2025-01-30 18:28:30,421 INFO c.h.h.t.HelmChartContainer - [hivemq-test-hivemq-platform] [hivemq-platform-operator] [f987fc50] 18:28:30.418 [ReconcilerExecutor-hivemq-controller-123] DEBUG c.h.p.o.h.HiveMQPlatformReconcilerErrorHandler - [customop] Pod 'test-hivemq-platform-beta-0' containerStatus 'hivemq' (started: false) (ready: false) (waiting: [PodInitializing] null)
2025-01-30 18:28:30,421 INFO c.h.h.t.HelmChartContainer - [hivemq-test-hivemq-platform] [hivemq-platform-operator] [f987fc50] 18:28:30.419 [ReconcilerExecutor-hivemq-controller-123] INFO  c.h.p.o.h.HiveMQPlatformReconcilerBaseHandler - [customop] HiveMQ Platform is starting, 0 of 1 replicas are ready
2025-01-30 18:28:31,112 INFO c.h.h.t.HelmChartContainer - [POD] test-hivemq-platform-alpha-0 [2ff7c012-f04a-4270-9439-452e35540eaf] in customoperatornamespacesit-alpha was MODIFIED
2025-01-30 18:28:31,130 INFO c.h.h.t.HelmChartContainer - Started log watcher for hivemq in pod test-hivemq-platform-alpha-0 [2ff7c012-f04a-4270-9439-452e35540eaf]
2025-01-30 18:28:31,132 INFO c.h.h.t.HelmChartContainer - [EVENT] Normal [Created] Created container: hivemq [customoperatornamespacesit-beta:test-hivemq-platform-beta-0]
2025-01-30 18:28:31,132 INFO c.h.h.t.HelmChartContainer - Received Created event for container hivemq in pod test-hivemq-platform-beta-0 [e850f3e1-5bec-46d3-a077-af6851b442c3]
2025-01-30 18:28:31,132 INFO c.h.h.t.HelmChartContainer - [test-hivemq-platform] [hivemq] [2ff7c012] Adding pre-installed HiveMQ Platform Operator extensions
2025-01-30 18:28:31,132 INFO c.h.h.t.HelmChartContainer - [test-hivemq-platform] [hivemq] [2ff7c012] Running as user 10000
2025-01-30 18:28:31,132 INFO c.h.h.t.HelmChartContainer - [test-hivemq-platform] [hivemq] [2ff7c012] Starting HiveMQ Platform Operator Init
2025-01-30 18:28:31,143 INFO c.h.h.t.HelmChartContainer - [POD] test-hivemq-platform-beta-0 [e850f3e1-5bec-46d3-a077-af6851b442c3] in customoperatornamespacesit-beta was MODIFIED
2025-01-30 18:28:31,148 INFO c.h.h.t.HelmChartContainer - [hivemq-test-hivemq-platform] [hivemq-platform-operator] [f987fc50] 18:28:31.136 [pool-6-thread-47] DEBUG c.h.p.o.d.PlatformServiceResource - [customop] Desired Platform services (3 services)
2025-01-30 18:28:31,148 INFO c.h.h.t.HelmChartContainer - [hivemq-test-hivemq-platform] [hivemq-platform-operator] [f987fc50] 18:28:31.139 [pool-6-thread-41] DEBUG c.h.p.o.d.PodServiceAccountResource - [customop] Desired PodServiceAccountResource (serviceAccountName: hivemq-platform-pod-test-hivemq-platform-alpha)
2025-01-30 18:28:31,152 INFO c.h.h.t.HelmChartContainer - [hivemq-test-hivemq-platform] [hivemq-platform-operator] [f987fc50] 18:28:31.149 [pool-6-thread-44] DEBUG c.h.p.o.dependants.PodInfoConfigMap - [customop] Desired PodInfo ConfigMap (1 extensions) (1 enabled)
2025-01-30 18:28:31,152 INFO c.h.h.t.HelmChartContainer - [hivemq-test-hivemq-platform] [hivemq-platform-operator] [f987fc50] 18:28:31.149 [pool-6-thread-44] DEBUG c.h.p.o.dependants.PodInfoConfigMap - [customop] Desired PodInfo ConfigMap (metrics port: 9399) (metrics path: /)
2025-01-30 18:28:31,152 INFO c.h.h.t.HelmChartContainer - [hivemq-test-hivemq-platform] [hivemq-platform-operator] [f987fc50] 18:28:31.149 [pool-6-thread-44] DEBUG c.h.p.o.dependants.PodInfoConfigMap - [customop] Desired PodInfo ConfigMap (extension state hash: -1817474005)
2025-01-30 18:28:31,161 INFO c.h.h.t.HelmChartContainer - [hivemq-test-hivemq-platform] [hivemq-platform-operator] [f987fc50] 18:28:31.155 [pool-6-thread-41] DEBUG c.h.p.o.d.StatefulSetResource - [customop] Desired StatefulSet (1 replicas) for status STARTING (READY)
2025-01-30 18:28:31,171 INFO c.h.h.t.HelmChartContainer - Started log watcher for hivemq in pod test-hivemq-platform-beta-0 [e850f3e1-5bec-46d3-a077-af6851b442c3]
2025-01-30 18:28:31,172 INFO c.h.h.t.HelmChartContainer - [EVENT] Normal [Started] Started container hivemq [customoperatornamespacesit-alpha:test-hivemq-platform-alpha-0]
2025-01-30 18:28:31,172 INFO c.h.h.t.HelmChartContainer - Received Started event for container hivemq in pod test-hivemq-platform-alpha-0 [2ff7c012-f04a-4270-9439-452e35540eaf]
2025-01-30 18:28:31,172 INFO c.h.h.t.HelmChartContainer - [EVENT] Normal [Started] Started container hivemq [customoperatornamespacesit-beta:test-hivemq-platform-beta-0]
2025-01-30 18:28:31,172 INFO c.h.h.t.HelmChartContainer - Received Started event for container hivemq in pod test-hivemq-platform-beta-0 [e850f3e1-5bec-46d3-a077-af6851b442c3]
2025-01-30 18:28:31,173 INFO c.h.h.t.HelmChartContainer - [test-hivemq-platform] [hivemq] [e850f3e1] Adding pre-installed HiveMQ Platform Operator extensions
2025-01-30 18:28:31,173 INFO c.h.h.t.HelmChartContainer - [test-hivemq-platform] [hivemq] [e850f3e1] Running as user 10000
2025-01-30 18:28:31,173 INFO c.h.h.t.HelmChartContainer - [test-hivemq-platform] [hivemq] [e850f3e1] Starting HiveMQ Platform Operator Init
2025-01-30 18:28:31,176 INFO c.h.h.t.HelmChartContainer - [hivemq-test-hivemq-platform] [hivemq-platform-operator] [f987fc50] 18:28:31.175 [pool-6-thread-15] DEBUG c.h.p.o.d.PlatformServiceResource - [customop] Desired Platform services (3 services)
2025-01-30 18:28:31,221 INFO c.h.h.t.HelmChartContainer - [hivemq-test-hivemq-platform] [hivemq-platform-operator] [f987fc50] 18:28:31.218 [pool-6-thread-12] DEBUG c.h.p.o.d.PodServiceAccountResource - [customop] Desired PodServiceAccountResource (serviceAccountName: hivemq-platform-pod-test-hivemq-platform-beta)
2025-01-30 18:28:31,227 INFO c.h.h.t.HelmChartContainer - [hivemq-test-hivemq-platform] [hivemq-platform-operator] [f987fc50] 18:28:31.226 [pool-6-thread-6] DEBUG c.h.p.o.dependants.PodInfoConfigMap - [customop] Desired PodInfo ConfigMap (1 extensions) (1 enabled)
2025-01-30 18:28:31,228 INFO c.h.h.t.HelmChartContainer - [hivemq-test-hivemq-platform] [hivemq-platform-operator] [f987fc50] 18:28:31.226 [pool-6-thread-6] DEBUG c.h.p.o.dependants.PodInfoConfigMap - [customop] Desired PodInfo ConfigMap (metrics port: 9399) (metrics path: /)
2025-01-30 18:28:31,230 INFO c.h.h.t.HelmChartContainer - [hivemq-test-hivemq-platform] [hivemq-platform-operator] [f987fc50] 18:28:31.226 [pool-6-thread-6] DEBUG c.h.p.o.dependants.PodInfoConfigMap - [customop] Desired PodInfo ConfigMap (extension state hash: -1817474005)
2025-01-30 18:28:31,231 INFO c.h.h.t.HelmChartContainer - [hivemq-test-hivemq-platform] [hivemq-platform-operator] [f987fc50] 18:28:31.228 [ReconcilerExecutor-hivemq-controller-124] INFO  c.h.p.o.HiveMQPlatformReconciler - [customop] Reconciling HiveMQ Platform 'test-hivemq-platform-alpha' in namespace 'customoperatornamespacesit-alpha'
2025-01-30 18:28:31,231 INFO c.h.h.t.HelmChartContainer - [hivemq-test-hivemq-platform] [hivemq-platform-operator] [f987fc50] 18:28:31.228 [ReconcilerExecutor-hivemq-controller-124] DEBUG c.h.p.o.HiveMQPlatformReconciler - [customop] Custom Resource Status STARTING - HiveMQ Platform is starting (READY)
2025-01-30 18:28:31,231 INFO c.h.h.t.HelmChartContainer - [hivemq-test-hivemq-platform] [hivemq-platform-operator] [f987fc50] 18:28:31.228 [ReconcilerExecutor-hivemq-controller-124] DEBUG c.h.p.o.HiveMQPlatformReconciler - [customop] Custom Resource Spec (replicas: 1) (extensions: 1)
2025-01-30 18:28:31,233 INFO c.h.h.t.HelmChartContainer - [hivemq-test-hivemq-platform] [hivemq-platform-operator] [f987fc50] 18:28:31.231 [ReconcilerExecutor-hivemq-controller-124] DEBUG c.h.p.o.HiveMQPlatformReconciler - [customop] StatefulSet Status (revision: test-hivemq-platform-alpha-5bcd5cb867, replicas: 1, available: 0, ready: 0, current: 1, updated: 1)
2025-01-30 18:28:31,234 INFO c.h.h.t.HelmChartContainer - [hivemq-test-hivemq-platform] [hivemq-platform-operator] [f987fc50] 18:28:31.231 [ReconcilerExecutor-hivemq-controller-124] DEBUG c.h.p.o.HiveMQPlatformReconciler - [customop] StatefulSet Spec (replicas: 1, init containers: 1, containers: 1, volumes: 3)
2025-01-30 18:28:31,236 INFO c.h.h.t.HelmChartContainer - [hivemq-test-hivemq-platform] [hivemq-platform-operator] [f987fc50] 18:28:31.233 [pool-6-thread-6] DEBUG c.h.p.o.d.StatefulSetResource - [customop] Desired StatefulSet (1 replicas) for status STARTING (READY)
2025-01-30 18:28:31,238 INFO c.h.h.t.HelmChartContainer - [hivemq-test-hivemq-platform] [hivemq-platform-operator] [f987fc50] 18:28:31.237 [ReconcilerExecutor-hivemq-controller-124] DEBUG c.h.p.o.h.HiveMQPlatformReconcilerErrorHandler - [customop] Pod 'test-hivemq-platform-alpha-0' phase Running
2025-01-30 18:28:31,253 INFO c.h.h.t.HelmChartContainer - [hivemq-test-hivemq-platform] [hivemq-platform-operator] [f987fc50] 18:28:31.252 [ReconcilerExecutor-hivemq-controller-125] INFO  c.h.p.o.HiveMQPlatformReconciler - [customop] Reconciling HiveMQ Platform 'test-hivemq-platform-beta' in namespace 'customoperatornamespacesit-beta'
2025-01-30 18:28:31,257 INFO c.h.h.t.HelmChartContainer - [hivemq-test-hivemq-platform] [hivemq-platform-operator] [f987fc50] 18:28:31.251 [ReconcilerExecutor-hivemq-controller-124] INFO  c.h.p.o.h.HiveMQPlatformReconcilerBaseHandler - [customop] HiveMQ Platform is starting, 0 of 1 replicas are ready
2025-01-30 18:28:31,258 INFO c.h.h.t.HelmChartContainer - [hivemq-test-hivemq-platform] [hivemq-platform-operator] [f987fc50] 18:28:31.256 [ReconcilerExecutor-hivemq-controller-125] DEBUG c.h.p.o.HiveMQPlatformReconciler - [customop] Custom Resource Status STARTING - HiveMQ Platform is starting (READY)
2025-01-30 18:28:31,258 INFO c.h.h.t.HelmChartContainer - [hivemq-test-hivemq-platform] [hivemq-platform-operator] [f987fc50] 18:28:31.256 [ReconcilerExecutor-hivemq-controller-125] DEBUG c.h.p.o.HiveMQPlatformReconciler - [customop] Custom Resource Spec (replicas: 1) (extensions: 1)
2025-01-30 18:28:31,260 INFO c.h.h.t.HelmChartContainer - [hivemq-test-hivemq-platform] [hivemq-platform-operator] [f987fc50] 18:28:31.259 [ReconcilerExecutor-hivemq-controller-125] DEBUG c.h.p.o.HiveMQPlatformReconciler - [customop] StatefulSet Status (revision: test-hivemq-platform-beta-68c75dbff9, replicas: 1, available: 0, ready: 0, current: 1, updated: 1)
2025-01-30 18:28:31,261 INFO c.h.h.t.HelmChartContainer - [hivemq-test-hivemq-platform] [hivemq-platform-operator] [f987fc50] 18:28:31.259 [ReconcilerExecutor-hivemq-controller-125] DEBUG c.h.p.o.HiveMQPlatformReconciler - [customop] StatefulSet Spec (replicas: 1, init containers: 1, containers: 1, volumes: 3)
2025-01-30 18:28:31,322 INFO c.h.h.t.HelmChartContainer - [hivemq-test-hivemq-platform] [hivemq-platform-operator] [f987fc50] 18:28:31.320 [ReconcilerExecutor-hivemq-controller-125] DEBUG c.h.p.o.h.HiveMQPlatformReconcilerErrorHandler - [customop] Pod 'test-hivemq-platform-beta-0' phase Running
2025-01-30 18:28:31,323 INFO c.h.h.t.HelmChartContainer - [hivemq-test-hivemq-platform] [hivemq-platform-operator] [f987fc50] 18:28:31.321 [ReconcilerExecutor-hivemq-controller-125] INFO  c.h.p.o.h.HiveMQPlatformReconcilerBaseHandler - [customop] HiveMQ Platform is starting, 0 of 1 replicas are ready
2025-01-30 18:28:31,456 INFO c.h.h.t.HelmChartContainer - [test-hivemq-platform] [hivemq] [2ff7c012] INFO  - [HiveMQ Platform Operator Init 1.7.0-SNAPSHOT] HiveMQ Platform Operator Init 1.7.0-SNAPSHOT (commit: 47e3375 on branch: HEAD) built on Thu Jan 30 03:55:50 UTC 2025
2025-01-30 18:28:31,516 INFO c.h.h.t.HelmChartContainer - [test-hivemq-platform] [hivemq] [e850f3e1] INFO  - [HiveMQ Platform Operator Init 1.7.0-SNAPSHOT] HiveMQ Platform Operator Init 1.7.0-SNAPSHOT (commit: 47e3375 on branch: HEAD) built on Thu Jan 30 03:55:50 UTC 2025
2025-01-30 18:28:32,561 INFO c.h.h.t.HelmChartContainer - [test-hivemq-platform] [hivemq] [2ff7c012] INFO  - [HiveMQ Platform Operator Init App 1.7.0-SNAPSHOT] Using bind address 10.42.0.6 from environment variable
2025-01-30 18:28:32,636 INFO c.h.h.t.HelmChartContainer - [test-hivemq-platform] [hivemq] [e850f3e1] INFO  - [HiveMQ Platform Operator Init App 1.7.0-SNAPSHOT] Using bind address 10.42.0.7 from environment variable
2025-01-30 18:28:33,457 INFO c.h.h.t.HelmChartContainer - [test-hivemq-platform] [hivemq] [2ff7c012] INFO  - [HiveMQ Platform Operator Init App 1.7.0-SNAPSHOT] HiveMQ Platform Operator Init App 1.7.0-SNAPSHOT (commit: 47e3375 on branch: HEAD) built on Thu Jan 30 03:55:50 UTC 2025
2025-01-30 18:28:33,457 INFO c.h.h.t.HelmChartContainer - [test-hivemq-platform] [hivemq] [2ff7c012] INFO  - [HiveMQ Platform Operator Init App 1.7.0-SNAPSHOT] PodInfo ConfigMap directory: /etc/podinfo
2025-01-30 18:28:33,457 INFO c.h.h.t.HelmChartContainer - [test-hivemq-platform] [hivemq] [2ff7c012] INFO  - [HiveMQ Platform Operator Init App 1.7.0-SNAPSHOT] HiveMQ home directory: /opt/hivemq
2025-01-30 18:28:33,457 INFO c.h.h.t.HelmChartContainer - [test-hivemq-platform] [hivemq] [2ff7c012] INFO  - [HiveMQ Platform Operator Init App 1.7.0-SNAPSHOT] HiveMQ Logback folder: /opt/hivemq/conf
2025-01-30 18:28:33,457 INFO c.h.h.t.HelmChartContainer - [test-hivemq-platform] [hivemq] [2ff7c012] INFO  - [HiveMQ Platform Operator Init App 1.7.0-SNAPSHOT] HiveMQ Config folder: /opt/hivemq/conf-k8s
2025-01-30 18:28:33,457 INFO c.h.h.t.HelmChartContainer - [test-hivemq-platform] [hivemq] [2ff7c012] INFO  - [HiveMQ Platform Operator Init App 1.7.0-SNAPSHOT] Starting HiveMQ Platform Operator Init App
2025-01-30 18:28:33,457 INFO c.h.h.t.HelmChartContainer - [test-hivemq-platform] [hivemq] [2ff7c012] INFO  - [HiveMQ Platform Operator Init App 1.7.0-SNAPSHOT] Starting Pod reconciler
2025-01-30 18:28:33,604 INFO c.h.h.t.HelmChartContainer - [test-hivemq-platform] [hivemq] [e850f3e1] INFO  - [HiveMQ Platform Operator Init App 1.7.0-SNAPSHOT] HiveMQ Platform Operator Init App 1.7.0-SNAPSHOT (commit: 47e3375 on branch: HEAD) built on Thu Jan 30 03:55:50 UTC 2025
2025-01-30 18:28:33,604 INFO c.h.h.t.HelmChartContainer - [test-hivemq-platform] [hivemq] [e850f3e1] INFO  - [HiveMQ Platform Operator Init App 1.7.0-SNAPSHOT] PodInfo ConfigMap directory: /etc/podinfo
2025-01-30 18:28:33,604 INFO c.h.h.t.HelmChartContainer - [test-hivemq-platform] [hivemq] [e850f3e1] INFO  - [HiveMQ Platform Operator Init App 1.7.0-SNAPSHOT] HiveMQ home directory: /opt/hivemq
2025-01-30 18:28:33,604 INFO c.h.h.t.HelmChartContainer - [test-hivemq-platform] [hivemq] [e850f3e1] INFO  - [HiveMQ Platform Operator Init App 1.7.0-SNAPSHOT] HiveMQ Logback folder: /opt/hivemq/conf
2025-01-30 18:28:33,604 INFO c.h.h.t.HelmChartContainer - [test-hivemq-platform] [hivemq] [e850f3e1] INFO  - [HiveMQ Platform Operator Init App 1.7.0-SNAPSHOT] HiveMQ Config folder: /opt/hivemq/conf-k8s
2025-01-30 18:28:33,605 INFO c.h.h.t.HelmChartContainer - [test-hivemq-platform] [hivemq] [e850f3e1] INFO  - [HiveMQ Platform Operator Init App 1.7.0-SNAPSHOT] Starting HiveMQ Platform Operator Init App
2025-01-30 18:28:33,605 INFO c.h.h.t.HelmChartContainer - [test-hivemq-platform] [hivemq] [e850f3e1] INFO  - [HiveMQ Platform Operator Init App 1.7.0-SNAPSHOT] Starting Pod reconciler
2025-01-30 18:28:34,662 INFO c.h.h.t.HelmChartContainer - [test-hivemq-platform] [hivemq] [2ff7c012] INFO  - [HiveMQ Platform Operator Init App 1.7.0-SNAPSHOT] Pod reconciler is scheduled (interval: 5000 ms)
2025-01-30 18:28:34,663 INFO c.h.h.t.HelmChartContainer - [test-hivemq-platform] [hivemq] [2ff7c012] INFO  - [HiveMQ Platform Operator Init App 1.7.0-SNAPSHOT] Starting the REST API on 10.42.0.6:7979
2025-01-30 18:28:34,665 INFO c.h.h.t.HelmChartContainer - [test-hivemq-platform] [hivemq] [2ff7c012] INFO  - [HiveMQ Platform Operator Init App 1.7.0-SNAPSHOT] Waiting up to 600s for at most 1 HiveMQ nodes in cluster service hivemq-test-hivemq-platform-alpha-cluster.customoperatornamespacesit-alpha.svc
2025-01-30 18:28:34,827 INFO c.h.h.t.HelmChartContainer - [test-hivemq-platform] [hivemq] [e850f3e1] INFO  - [HiveMQ Platform Operator Init App 1.7.0-SNAPSHOT] Pod reconciler is scheduled (interval: 5000 ms)
2025-01-30 18:28:34,828 INFO c.h.h.t.HelmChartContainer - [test-hivemq-platform] [hivemq] [e850f3e1] INFO  - [HiveMQ Platform Operator Init App 1.7.0-SNAPSHOT] Starting the REST API on 10.42.0.7:7979
2025-01-30 18:28:34,831 INFO c.h.h.t.HelmChartContainer - [test-hivemq-platform] [hivemq] [e850f3e1] INFO  - [HiveMQ Platform Operator Init App 1.7.0-SNAPSHOT] Waiting up to 600s for at most 1 HiveMQ nodes in cluster service hivemq-test-hivemq-platform-beta-cluster.customoperatornamespacesit-beta.svc
2025-01-30 18:28:34,973 INFO c.h.h.t.HelmChartContainer - [test-hivemq-platform] [hivemq] [2ff7c012] INFO  - [HiveMQ Platform Operator Init App 1.7.0-SNAPSHOT] Resolved 1 IP addresses: [10.42.0.6]
2025-01-30 18:28:34,973 INFO c.h.h.t.HelmChartContainer - [test-hivemq-platform] [hivemq] [2ff7c012] INFO  - [HiveMQ Platform Operator Init App 1.7.0-SNAPSHOT] HiveMQ node count of 1 is within threshold of 1
2025-01-30 18:28:34,973 INFO c.h.h.t.HelmChartContainer - [test-hivemq-platform] [hivemq] [2ff7c012] INFO  - [HiveMQ Platform Operator Init App 1.7.0-SNAPSHOT] Proceeding with container start
2025-01-30 18:28:35,134 INFO c.h.h.t.HelmChartContainer - [test-hivemq-platform] [hivemq] [e850f3e1] INFO  - [HiveMQ Platform Operator Init App 1.7.0-SNAPSHOT] Resolved 1 IP addresses: [10.42.0.7]
2025-01-30 18:28:35,134 INFO c.h.h.t.HelmChartContainer - [test-hivemq-platform] [hivemq] [e850f3e1] INFO  - [HiveMQ Platform Operator Init App 1.7.0-SNAPSHOT] HiveMQ node count of 1 is within threshold of 1
2025-01-30 18:28:35,134 INFO c.h.h.t.HelmChartContainer - [test-hivemq-platform] [hivemq] [e850f3e1] INFO  - [HiveMQ Platform Operator Init App 1.7.0-SNAPSHOT] Proceeding with container start
2025-01-30 18:28:35,155 INFO c.h.h.t.HelmChartContainer - [test-hivemq-platform] [hivemq] [2ff7c012] INFO  - [HiveMQ Platform Operator Init App 1.7.0-SNAPSHOT] Initializing HiveMQ Platform extensions with initial configuration: {hivemq-allow-all-extension={start-priority=-1, skip-https-hostname-verification=false, restart=true, config-version=0, header-version=0, c-uri=, priority=-1, uri=preinstalled, skip-https-certificate-validation=false, enabled=true}, hivemq-prometheus-extension={enabled=true, request-header-path=no-request-headers, uri=preinstalled, skip-https-certificate-validation=false, skip-https-hostname-verification=false, c-uri=, start-priority=-1, priority=-1, restart=true}}
2025-01-30 18:28:35,226 INFO c.h.h.t.HelmChartContainer - [test-hivemq-platform] [hivemq] [e850f3e1] INFO  - [HiveMQ Platform Operator Init App 1.7.0-SNAPSHOT] Initializing HiveMQ Platform extensions with initial configuration: {hivemq-allow-all-extension={start-priority=-1, skip-https-hostname-verification=false, restart=true, config-version=0, header-version=0, c-uri=, priority=-1, uri=preinstalled, skip-https-certificate-validation=false, enabled=true}, hivemq-prometheus-extension={enabled=true, restart=true, priority=-1, start-priority=-1, c-uri=, skip-https-hostname-verification=false, skip-https-certificate-validation=false, uri=preinstalled, request-header-path=no-request-headers}}
2025-01-30 18:28:35,655 INFO c.h.h.t.HelmChartContainer - [test-hivemq-platform] [hivemq] [2ff7c012] INFO  - [HiveMQ Platform Operator Init App 1.7.0-SNAPSHOT] Extension hivemq-allow-all-extension was already enabled
2025-01-30 18:28:35,666 INFO c.h.h.t.HelmChartContainer - [test-hivemq-platform] [hivemq] [2ff7c012] INFO  - [HiveMQ Platform Operator Init App 1.7.0-SNAPSHOT] Successfully enabled extension hivemq-prometheus-extension
2025-01-30 18:28:35,667 INFO c.h.h.t.HelmChartContainer - [test-hivemq-platform] [hivemq] [2ff7c012] INFO  - [HiveMQ Platform Operator Init App 1.7.0-SNAPSHOT] Starting HiveMQ Platform version 4.36.0 (4.36.0)
2025-01-30 18:28:35,667 INFO c.h.h.t.HelmChartContainer - [test-hivemq-platform] [hivemq] [2ff7c012] INFO  - [HiveMQ Platform Operator Init App 1.7.0-SNAPSHOT] Configuring the HiveMQ Platform
2025-01-30 18:28:35,720 INFO c.h.h.t.HelmChartContainer - [test-hivemq-platform] [hivemq] [e850f3e1] INFO  - [HiveMQ Platform Operator Init App 1.7.0-SNAPSHOT] Extension hivemq-allow-all-extension was already enabled
2025-01-30 18:28:35,728 INFO c.h.h.t.HelmChartContainer - [test-hivemq-platform] [hivemq] [e850f3e1] INFO  - [HiveMQ Platform Operator Init App 1.7.0-SNAPSHOT] Successfully enabled extension hivemq-prometheus-extension
2025-01-30 18:28:35,730 INFO c.h.h.t.HelmChartContainer - [test-hivemq-platform] [hivemq] [e850f3e1] INFO  - [HiveMQ Platform Operator Init App 1.7.0-SNAPSHOT] Starting HiveMQ Platform version 4.36.0 (4.36.0)
2025-01-30 18:28:35,730 INFO c.h.h.t.HelmChartContainer - [test-hivemq-platform] [hivemq] [e850f3e1] INFO  - [HiveMQ Platform Operator Init App 1.7.0-SNAPSHOT] Configuring the HiveMQ Platform
2025-01-30 18:28:35,757 INFO c.h.h.t.HelmChartContainer - [test-hivemq-platform] [hivemq] [2ff7c012] INFO  - [HiveMQ Platform Operator Init App 1.7.0-SNAPSHOT] Changed logback.xml file scan period to 20 seconds
2025-01-30 18:28:35,821 INFO c.h.h.t.HelmChartContainer - [test-hivemq-platform] [hivemq] [e850f3e1] INFO  - [HiveMQ Platform Operator Init App 1.7.0-SNAPSHOT] Changed logback.xml file scan period to 20 seconds
2025-01-30 18:28:35,850 INFO c.h.h.t.HelmChartContainer - [test-hivemq-platform] [hivemq] [2ff7c012] INFO  - [HiveMQ Platform Operator Init App 1.7.0-SNAPSHOT] Starting the HiveMQ Platform
2025-01-30 18:28:35,852 INFO c.h.h.t.HelmChartContainer - [test-hivemq-platform] [hivemq] [2ff7c012] -------------------------------------------------------------------------
2025-01-30 18:28:35,852 INFO c.h.h.t.HelmChartContainer - [test-hivemq-platform] [hivemq] [2ff7c012] 
2025-01-30 18:28:35,853 INFO c.h.h.t.HelmChartContainer - [test-hivemq-platform] [hivemq] [2ff7c012]                   _    _  _              __  __   ____
2025-01-30 18:28:35,853 INFO c.h.h.t.HelmChartContainer - [test-hivemq-platform] [hivemq] [2ff7c012]                  | |  | |(_)            |  \/  | / __ \
2025-01-30 18:28:35,853 INFO c.h.h.t.HelmChartContainer - [test-hivemq-platform] [hivemq] [2ff7c012]                  | |__| | _ __   __ ___ | \  / || |  | |
2025-01-30 18:28:35,853 INFO c.h.h.t.HelmChartContainer - [test-hivemq-platform] [hivemq] [2ff7c012]                  |  __  || |\ \ / // _ \| |\/| || |  | |
2025-01-30 18:28:35,853 INFO c.h.h.t.HelmChartContainer - [test-hivemq-platform] [hivemq] [2ff7c012]                  | |  | || | \ V /|  __/| |  | || |__| |
2025-01-30 18:28:35,853 INFO c.h.h.t.HelmChartContainer - [test-hivemq-platform] [hivemq] [2ff7c012]                  |_|  |_||_|  \_/  \___||_|  |_| \___\_\
2025-01-30 18:28:35,853 INFO c.h.h.t.HelmChartContainer - [test-hivemq-platform] [hivemq] [2ff7c012] 
2025-01-30 18:28:35,853 INFO c.h.h.t.HelmChartContainer - [test-hivemq-platform] [hivemq] [2ff7c012] -------------------------------------------------------------------------
2025-01-30 18:28:35,853 INFO c.h.h.t.HelmChartContainer - [test-hivemq-platform] [hivemq] [2ff7c012] 
2025-01-30 18:28:35,853 INFO c.h.h.t.HelmChartContainer - [test-hivemq-platform] [hivemq] [2ff7c012]   HiveMQ Start Script for Linux/Unix v1.14
2025-01-30 18:28:35,853 INFO c.h.h.t.HelmChartContainer - [test-hivemq-platform] [hivemq] [2ff7c012] 
2025-01-30 18:28:35,882 INFO c.h.h.t.HelmChartContainer - [test-hivemq-platform] [hivemq] [2ff7c012] -------------------------------------------------------------------------
2025-01-30 18:28:35,882 INFO c.h.h.t.HelmChartContainer - [test-hivemq-platform] [hivemq] [2ff7c012] 
2025-01-30 18:28:35,882 INFO c.h.h.t.HelmChartContainer - [test-hivemq-platform] [hivemq] [2ff7c012]   HIVEMQ_HOME: /opt/hivemq
2025-01-30 18:28:35,882 INFO c.h.h.t.HelmChartContainer - [test-hivemq-platform] [hivemq] [2ff7c012] 
2025-01-30 18:28:35,882 INFO c.h.h.t.HelmChartContainer - [test-hivemq-platform] [hivemq] [2ff7c012]   JAVA_OPTS: -XX:+UnlockExperimentalVMOptions -XX:InitialRAMPercentage=50 -XX:MaxRAMPercentage=50 -Djava.net.preferIPv4Stack=true --add-opens java.base/java.lang=ALL-UNNAMED --add-opens java.base/java.nio=ALL-UNNAMED --add-opens java.base/sun.nio.ch=ALL-UNNAMED --add-opens jdk.management/com.sun.management.internal=ALL-UNNAMED --add-exports java.base/jdk.internal.misc=ALL-UNNAMED -Djava.security.egd=file:/dev/./urandom -Dcom.sun.management.jmxremote -Dcom.sun.management.jmxremote.port=9010 -Dcom.sun.management.jmxremote.local.only=false -Dcom.sun.management.jmxremote.authenticate=false -Dcom.sun.management.jmxremote.ssl=false -Duser.language=en -Duser.region=US -XX:+CrashOnOutOfMemoryError -XX:+HeapDumpOnOutOfMemoryError
2025-01-30 18:28:35,882 INFO c.h.h.t.HelmChartContainer - [test-hivemq-platform] [hivemq] [2ff7c012] 
2025-01-30 18:28:35,882 INFO c.h.h.t.HelmChartContainer - [test-hivemq-platform] [hivemq] [2ff7c012]   JAVA_VERSION: 21
2025-01-30 18:28:35,882 INFO c.h.h.t.HelmChartContainer - [test-hivemq-platform] [hivemq] [2ff7c012] 
2025-01-30 18:28:35,882 INFO c.h.h.t.HelmChartContainer - [test-hivemq-platform] [hivemq] [2ff7c012] -------------------------------------------------------------------------
2025-01-30 18:28:35,882 INFO c.h.h.t.HelmChartContainer - [test-hivemq-platform] [hivemq] [2ff7c012] 
2025-01-30 18:28:35,915 INFO c.h.h.t.HelmChartContainer - [test-hivemq-platform] [hivemq] [e850f3e1] INFO  - [HiveMQ Platform Operator Init App 1.7.0-SNAPSHOT] Starting the HiveMQ Platform
2025-01-30 18:28:35,919 INFO c.h.h.t.HelmChartContainer - [test-hivemq-platform] [hivemq] [e850f3e1] -------------------------------------------------------------------------
2025-01-30 18:28:35,919 INFO c.h.h.t.HelmChartContainer - [test-hivemq-platform] [hivemq] [e850f3e1] 
2025-01-30 18:28:35,919 INFO c.h.h.t.HelmChartContainer - [test-hivemq-platform] [hivemq] [e850f3e1]                   _    _  _              __  __   ____
2025-01-30 18:28:35,919 INFO c.h.h.t.HelmChartContainer - [test-hivemq-platform] [hivemq] [e850f3e1]                  | |  | |(_)            |  \/  | / __ \
2025-01-30 18:28:35,919 INFO c.h.h.t.HelmChartContainer - [test-hivemq-platform] [hivemq] [e850f3e1]                  | |__| | _ __   __ ___ | \  / || |  | |
2025-01-30 18:28:35,919 INFO c.h.h.t.HelmChartContainer - [test-hivemq-platform] [hivemq] [e850f3e1]                  |  __  || |\ \ / // _ \| |\/| || |  | |
2025-01-30 18:28:35,919 INFO c.h.h.t.HelmChartContainer - [test-hivemq-platform] [hivemq] [e850f3e1]                  | |  | || | \ V /|  __/| |  | || |__| |
2025-01-30 18:28:35,919 INFO c.h.h.t.HelmChartContainer - [test-hivemq-platform] [hivemq] [e850f3e1]                  |_|  |_||_|  \_/  \___||_|  |_| \___\_\
2025-01-30 18:28:35,919 INFO c.h.h.t.HelmChartContainer - [test-hivemq-platform] [hivemq] [e850f3e1] 
2025-01-30 18:28:35,919 INFO c.h.h.t.HelmChartContainer - [test-hivemq-platform] [hivemq] [e850f3e1] -------------------------------------------------------------------------
2025-01-30 18:28:35,919 INFO c.h.h.t.HelmChartContainer - [test-hivemq-platform] [hivemq] [e850f3e1] 
2025-01-30 18:28:35,919 INFO c.h.h.t.HelmChartContainer - [test-hivemq-platform] [hivemq] [e850f3e1]   HiveMQ Start Script for Linux/Unix v1.14
2025-01-30 18:28:35,919 INFO c.h.h.t.HelmChartContainer - [test-hivemq-platform] [hivemq] [e850f3e1] 
2025-01-30 18:28:36,019 INFO c.h.h.t.HelmChartContainer - [test-hivemq-platform] [hivemq] [e850f3e1] -------------------------------------------------------------------------
2025-01-30 18:28:36,019 INFO c.h.h.t.HelmChartContainer - [test-hivemq-platform] [hivemq] [e850f3e1] 
2025-01-30 18:28:36,019 INFO c.h.h.t.HelmChartContainer - [test-hivemq-platform] [hivemq] [e850f3e1]   HIVEMQ_HOME: /opt/hivemq
2025-01-30 18:28:36,019 INFO c.h.h.t.HelmChartContainer - [test-hivemq-platform] [hivemq] [e850f3e1] 
2025-01-30 18:28:36,019 INFO c.h.h.t.HelmChartContainer - [test-hivemq-platform] [hivemq] [e850f3e1]   JAVA_OPTS: -XX:+UnlockExperimentalVMOptions -XX:InitialRAMPercentage=50 -XX:MaxRAMPercentage=50 -Djava.net.preferIPv4Stack=true --add-opens java.base/java.lang=ALL-UNNAMED --add-opens java.base/java.nio=ALL-UNNAMED --add-opens java.base/sun.nio.ch=ALL-UNNAMED --add-opens jdk.management/com.sun.management.internal=ALL-UNNAMED --add-exports java.base/jdk.internal.misc=ALL-UNNAMED -Djava.security.egd=file:/dev/./urandom -Dcom.sun.management.jmxremote -Dcom.sun.management.jmxremote.port=9010 -Dcom.sun.management.jmxremote.local.only=false -Dcom.sun.management.jmxremote.authenticate=false -Dcom.sun.management.jmxremote.ssl=false -Duser.language=en -Duser.region=US -XX:+CrashOnOutOfMemoryError -XX:+HeapDumpOnOutOfMemoryError
2025-01-30 18:28:36,019 INFO c.h.h.t.HelmChartContainer - [test-hivemq-platform] [hivemq] [e850f3e1] 
2025-01-30 18:28:36,019 INFO c.h.h.t.HelmChartContainer - [test-hivemq-platform] [hivemq] [e850f3e1]   JAVA_VERSION: 21
2025-01-30 18:28:36,019 INFO c.h.h.t.HelmChartContainer - [test-hivemq-platform] [hivemq] [e850f3e1] 
2025-01-30 18:28:36,019 INFO c.h.h.t.HelmChartContainer - [test-hivemq-platform] [hivemq] [e850f3e1] -------------------------------------------------------------------------
2025-01-30 18:28:36,019 INFO c.h.h.t.HelmChartContainer - [test-hivemq-platform] [hivemq] [e850f3e1] 
2025-01-30 18:28:37,123 INFO c.h.h.t.HelmChartContainer - [test-hivemq-platform] [hivemq] [e850f3e1] INFO  - [HiveMQ Platform Operator Init App 1.7.0-SNAPSHOT] Returning default Health API response 503 for readiness
2025-01-30 18:28:37,153 INFO c.h.h.t.HelmChartContainer - [test-hivemq-platform] [hivemq] [2ff7c012] INFO  - [HiveMQ Platform Operator Init App 1.7.0-SNAPSHOT] Returning default Health API response 503 for readiness
2025-01-30 18:28:37,430 INFO c.h.h.t.HelmChartContainer - [EVENT] Warning [Unhealthy] Readiness probe failed: HTTP probe failed with statuscode: 503 [customoperatornamespacesit-beta:test-hivemq-platform-beta-0]
2025-01-30 18:28:37,430 INFO c.h.h.t.HelmChartContainer - Received Unhealthy event for container hivemq in pod test-hivemq-platform-beta-0 [e850f3e1-5bec-46d3-a077-af6851b442c3]
2025-01-30 18:28:37,461 INFO c.h.h.t.HelmChartContainer - [EVENT] Warning [Unhealthy] Readiness probe failed: HTTP probe failed with statuscode: 503 [customoperatornamespacesit-alpha:test-hivemq-platform-alpha-0]
2025-01-30 18:28:37,461 INFO c.h.h.t.HelmChartContainer - Received Unhealthy event for container hivemq in pod test-hivemq-platform-alpha-0 [2ff7c012-f04a-4270-9439-452e35540eaf]
2025-01-30 18:28:38,454 INFO c.h.h.t.HelmChartContainer - [test-hivemq-platform] [hivemq] [2ff7c012] INFO  - Starting HiveMQ Enterprise Server
2025-01-30 18:28:38,459 INFO c.h.h.t.HelmChartContainer - [test-hivemq-platform] [hivemq] [2ff7c012] INFO  - HiveMQ version: 4.36.0
2025-01-30 18:28:38,460 INFO c.h.h.t.HelmChartContainer - [test-hivemq-platform] [hivemq] [2ff7c012] INFO  - HiveMQ home directory: /opt/hivemq
2025-01-30 18:28:38,461 INFO c.h.h.t.HelmChartContainer - [test-hivemq-platform] [hivemq] [2ff7c012] INFO  - Log Configuration was overridden by /opt/hivemq/conf/logback.xml
2025-01-30 18:28:38,533 INFO c.h.h.t.HelmChartContainer - [K3S] [iptables.go:504] Some iptables rules are missing; deleting and recreating rules
2025-01-30 18:28:38,540 INFO c.h.h.t.HelmChartContainer - [K3S] [iptables.go:372] bootstrap done
2025-01-30 18:28:38,726 INFO c.h.h.t.HelmChartContainer - [test-hivemq-platform] [hivemq] [e850f3e1] INFO  - Starting HiveMQ Enterprise Server
2025-01-30 18:28:38,812 INFO c.h.h.t.HelmChartContainer - [test-hivemq-platform] [hivemq] [e850f3e1] INFO  - HiveMQ version: 4.36.0
2025-01-30 18:28:38,813 INFO c.h.h.t.HelmChartContainer - [test-hivemq-platform] [hivemq] [e850f3e1] INFO  - HiveMQ home directory: /opt/hivemq
2025-01-30 18:28:38,813 INFO c.h.h.t.HelmChartContainer - [test-hivemq-platform] [hivemq] [e850f3e1] INFO  - Log Configuration was overridden by /opt/hivemq/conf/logback.xml
2025-01-30 18:28:39,664 INFO c.h.h.t.HelmChartContainer - [test-hivemq-platform] [hivemq] [2ff7c012] INFO  - Successfully loaded configuration from '/opt/hivemq/conf-k8s/config.xml'.
2025-01-30 18:28:40,022 INFO c.h.h.t.HelmChartContainer - [test-hivemq-platform] [hivemq] [e850f3e1] INFO  - Successfully loaded configuration from '/opt/hivemq/conf-k8s/config.xml'.
2025-01-30 18:28:40,349 INFO c.h.h.t.HelmChartContainer - [test-hivemq-platform] [hivemq] [2ff7c012] INFO  - This node's ID is q4Fch
2025-01-30 18:28:40,350 INFO c.h.h.t.HelmChartContainer - [test-hivemq-platform] [hivemq] [2ff7c012] INFO  - Clustering is enabled
2025-01-30 18:28:40,718 INFO c.h.h.t.HelmChartContainer - [test-hivemq-platform] [hivemq] [e850f3e1] INFO  - This node's ID is MOsVZ
2025-01-30 18:28:40,718 INFO c.h.h.t.HelmChartContainer - [test-hivemq-platform] [hivemq] [e850f3e1] INFO  - Clustering is enabled
2025-01-30 18:28:41,268 INFO c.h.h.t.HelmChartContainer - [hivemq-test-hivemq-platform] [hivemq-platform-operator] [f987fc50] 18:28:41.264 [pool-6-thread-18] DEBUG c.h.p.o.d.PlatformServiceResource - [customop] Desired Platform services (3 services)
2025-01-30 18:28:41,268 INFO c.h.h.t.HelmChartContainer - [hivemq-test-hivemq-platform] [hivemq-platform-operator] [f987fc50] 18:28:41.265 [pool-6-thread-19] DEBUG c.h.p.o.dependants.PodInfoConfigMap - [customop] Desired PodInfo ConfigMap (1 extensions) (1 enabled)
2025-01-30 18:28:41,268 INFO c.h.h.t.HelmChartContainer - [hivemq-test-hivemq-platform] [hivemq-platform-operator] [f987fc50] 18:28:41.266 [pool-6-thread-19] DEBUG c.h.p.o.dependants.PodInfoConfigMap - [customop] Desired PodInfo ConfigMap (metrics port: 9399) (metrics path: /)
2025-01-30 18:28:41,268 INFO c.h.h.t.HelmChartContainer - [hivemq-test-hivemq-platform] [hivemq-platform-operator] [f987fc50] 18:28:41.266 [pool-6-thread-19] DEBUG c.h.p.o.dependants.PodInfoConfigMap - [customop] Desired PodInfo ConfigMap (extension state hash: -1817474005)
2025-01-30 18:28:41,268 INFO c.h.h.t.HelmChartContainer - [hivemq-test-hivemq-platform] [hivemq-platform-operator] [f987fc50] 18:28:41.266 [pool-6-thread-19] DEBUG c.h.p.o.d.PodServiceAccountResource - [customop] Desired PodServiceAccountResource (serviceAccountName: hivemq-platform-pod-test-hivemq-platform-alpha)
2025-01-30 18:28:41,274 INFO c.h.h.t.HelmChartContainer - [hivemq-test-hivemq-platform] [hivemq-platform-operator] [f987fc50] 18:28:41.273 [pool-6-thread-18] DEBUG c.h.p.o.d.StatefulSetResource - [customop] Desired StatefulSet (1 replicas) for status STARTING (READY)
2025-01-30 18:28:41,354 INFO c.h.h.t.HelmChartContainer - [hivemq-test-hivemq-platform] [hivemq-platform-operator] [f987fc50] 18:28:41.351 [ReconcilerExecutor-hivemq-controller-126] INFO  c.h.p.o.HiveMQPlatformReconciler - [customop] Reconciling HiveMQ Platform 'test-hivemq-platform-alpha' in namespace 'customoperatornamespacesit-alpha'
2025-01-30 18:28:41,357 INFO c.h.h.t.HelmChartContainer - [hivemq-test-hivemq-platform] [hivemq-platform-operator] [f987fc50] 18:28:41.354 [ReconcilerExecutor-hivemq-controller-126] DEBUG c.h.p.o.HiveMQPlatformReconciler - [customop] Custom Resource Status STARTING - HiveMQ Platform is starting (READY)
2025-01-30 18:28:41,359 INFO c.h.h.t.HelmChartContainer - [hivemq-test-hivemq-platform] [hivemq-platform-operator] [f987fc50] 18:28:41.357 [ReconcilerExecutor-hivemq-controller-126] DEBUG c.h.p.o.HiveMQPlatformReconciler - [customop] Custom Resource Spec (replicas: 1) (extensions: 1)
2025-01-30 18:28:41,362 INFO c.h.h.t.HelmChartContainer - [hivemq-test-hivemq-platform] [hivemq-platform-operator] [f987fc50] 18:28:41.361 [pool-6-thread-25] DEBUG c.h.p.o.d.PlatformServiceResource - [customop] Desired Platform services (3 services)
2025-01-30 18:28:41,365 INFO c.h.h.t.HelmChartContainer - [hivemq-test-hivemq-platform] [hivemq-platform-operator] [f987fc50] 18:28:41.363 [ReconcilerExecutor-hivemq-controller-126] DEBUG c.h.p.o.HiveMQPlatformReconciler - [customop] StatefulSet Status (revision: test-hivemq-platform-alpha-5bcd5cb867, replicas: 1, available: 0, ready: 0, current: 1, updated: 1)
2025-01-30 18:28:41,368 INFO c.h.h.t.HelmChartContainer - [hivemq-test-hivemq-platform] [hivemq-platform-operator] [f987fc50] 18:28:41.366 [ReconcilerExecutor-hivemq-controller-126] DEBUG c.h.p.o.HiveMQPlatformReconciler - [customop] StatefulSet Spec (replicas: 1, init containers: 1, containers: 1, volumes: 3)
2025-01-30 18:28:41,368 INFO c.h.h.t.HelmChartContainer - [hivemq-test-hivemq-platform] [hivemq-platform-operator] [f987fc50] 18:28:41.367 [pool-6-thread-23] DEBUG c.h.p.o.dependants.PodInfoConfigMap - [customop] Desired PodInfo ConfigMap (1 extensions) (1 enabled)
2025-01-30 18:28:41,368 INFO c.h.h.t.HelmChartContainer - [hivemq-test-hivemq-platform] [hivemq-platform-operator] [f987fc50] 18:28:41.367 [pool-6-thread-23] DEBUG c.h.p.o.dependants.PodInfoConfigMap - [customop] Desired PodInfo ConfigMap (metrics port: 9399) (metrics path: /)
2025-01-30 18:28:41,370 INFO c.h.h.t.HelmChartContainer - [hivemq-test-hivemq-platform] [hivemq-platform-operator] [f987fc50] 18:28:41.368 [pool-6-thread-23] DEBUG c.h.p.o.dependants.PodInfoConfigMap - [customop] Desired PodInfo ConfigMap (extension state hash: -1817474005)
2025-01-30 18:28:41,371 INFO c.h.h.t.HelmChartContainer - [hivemq-test-hivemq-platform] [hivemq-platform-operator] [f987fc50] 18:28:41.368 [pool-6-thread-23] DEBUG c.h.p.o.d.PodServiceAccountResource - [customop] Desired PodServiceAccountResource (serviceAccountName: hivemq-platform-pod-test-hivemq-platform-beta)
2025-01-30 18:28:41,371 INFO c.h.h.t.HelmChartContainer - [hivemq-test-hivemq-platform] [hivemq-platform-operator] [f987fc50] 18:28:41.370 [ReconcilerExecutor-hivemq-controller-126] DEBUG c.h.p.o.h.HiveMQPlatformReconcilerErrorHandler - [customop] Pod 'test-hivemq-platform-alpha-0' phase Running
2025-01-30 18:28:41,374 INFO c.h.h.t.HelmChartContainer - [hivemq-test-hivemq-platform] [hivemq-platform-operator] [f987fc50] 18:28:41.374 [ReconcilerExecutor-hivemq-controller-126] INFO  c.h.p.o.h.HiveMQPlatformReconcilerBaseHandler - [customop] HiveMQ Platform is starting, 0 of 1 replicas are ready
2025-01-30 18:28:41,458 INFO c.h.h.t.HelmChartContainer - [hivemq-test-hivemq-platform] [hivemq-platform-operator] [f987fc50] 18:28:41.456 [pool-6-thread-25] DEBUG c.h.p.o.d.StatefulSetResource - [customop] Desired StatefulSet (1 replicas) for status STARTING (READY)
2025-01-30 18:28:41,468 INFO c.h.h.t.HelmChartContainer - [hivemq-test-hivemq-platform] [hivemq-platform-operator] [f987fc50] 18:28:41.467 [ReconcilerExecutor-hivemq-controller-127] INFO  c.h.p.o.HiveMQPlatformReconciler - [customop] Reconciling HiveMQ Platform 'test-hivemq-platform-beta' in namespace 'customoperatornamespacesit-beta'
2025-01-30 18:28:41,468 INFO c.h.h.t.HelmChartContainer - [hivemq-test-hivemq-platform] [hivemq-platform-operator] [f987fc50] 18:28:41.467 [ReconcilerExecutor-hivemq-controller-127] DEBUG c.h.p.o.HiveMQPlatformReconciler - [customop] Custom Resource Status STARTING - HiveMQ Platform is starting (READY)
2025-01-30 18:28:41,468 INFO c.h.h.t.HelmChartContainer - [hivemq-test-hivemq-platform] [hivemq-platform-operator] [f987fc50] 18:28:41.467 [ReconcilerExecutor-hivemq-controller-127] DEBUG c.h.p.o.HiveMQPlatformReconciler - [customop] Custom Resource Spec (replicas: 1) (extensions: 1)
2025-01-30 18:28:41,471 INFO c.h.h.t.HelmChartContainer - [hivemq-test-hivemq-platform] [hivemq-platform-operator] [f987fc50] 18:28:41.470 [ReconcilerExecutor-hivemq-controller-127] DEBUG c.h.p.o.HiveMQPlatformReconciler - [customop] StatefulSet Status (revision: test-hivemq-platform-beta-68c75dbff9, replicas: 1, available: 0, ready: 0, current: 1, updated: 1)
2025-01-30 18:28:41,472 INFO c.h.h.t.HelmChartContainer - [hivemq-test-hivemq-platform] [hivemq-platform-operator] [f987fc50] 18:28:41.470 [ReconcilerExecutor-hivemq-controller-127] DEBUG c.h.p.o.HiveMQPlatformReconciler - [customop] StatefulSet Spec (replicas: 1, init containers: 1, containers: 1, volumes: 3)
2025-01-30 18:28:41,473 INFO c.h.h.t.HelmChartContainer - [hivemq-test-hivemq-platform] [hivemq-platform-operator] [f987fc50] 18:28:41.472 [ReconcilerExecutor-hivemq-controller-127] DEBUG c.h.p.o.h.HiveMQPlatformReconcilerErrorHandler - [customop] Pod 'test-hivemq-platform-beta-0' phase Running
2025-01-30 18:28:41,475 INFO c.h.h.t.HelmChartContainer - [hivemq-test-hivemq-platform] [hivemq-platform-operator] [f987fc50] 18:28:41.474 [ReconcilerExecutor-hivemq-controller-127] INFO  c.h.p.o.h.HiveMQPlatformReconcilerBaseHandler - [customop] HiveMQ Platform is starting, 0 of 1 replicas are ready
2025-01-30 18:28:42,458 INFO c.h.h.t.HelmChartContainer - [test-hivemq-platform] [hivemq] [2ff7c012] WARN  - [HiveMQ Platform Operator Init App 1.7.0-SNAPSHOT] Cannot connect to Health API for readiness: null
2025-01-30 18:28:42,463 INFO c.h.h.t.HelmChartContainer - [EVENT] Warning [Unhealthy] Readiness probe failed: HTTP probe failed with statuscode: 503 [customoperatornamespacesit-alpha:test-hivemq-platform-alpha-0]
2025-01-30 18:28:42,463 INFO c.h.h.t.HelmChartContainer - Received Unhealthy event for container hivemq in pod test-hivemq-platform-alpha-0 [2ff7c012-f04a-4270-9439-452e35540eaf]
2025-01-30 18:28:42,515 INFO c.h.h.t.HelmChartContainer - [test-hivemq-platform] [hivemq] [e850f3e1] WARN  - [HiveMQ Platform Operator Init App 1.7.0-SNAPSHOT] Cannot connect to Health API for readiness: null
2025-01-30 18:28:42,523 INFO c.h.h.t.HelmChartContainer - [EVENT] Warning [Unhealthy] Readiness probe failed: HTTP probe failed with statuscode: 503 [customoperatornamespacesit-beta:test-hivemq-platform-beta-0]
2025-01-30 18:28:42,523 INFO c.h.h.t.HelmChartContainer - Received Unhealthy event for container hivemq in pod test-hivemq-platform-beta-0 [e850f3e1-5bec-46d3-a077-af6851b442c3]
2025-01-30 18:28:45,116 INFO c.h.h.t.HelmChartContainer - [test-hivemq-platform] [hivemq] [e850f3e1] Jan 30, 2025 6:28:45 PM io.vertx.core.impl.BlockedThreadChecker
2025-01-30 18:28:45,116 INFO c.h.h.t.HelmChartContainer - [test-hivemq-platform] [hivemq] [e850f3e1] WARNING: Thread Thread[vert.x-eventloop-thread-1,5,main] has been blocked for 2292 ms, time limit is 2000 ms
2025-01-30 18:28:45,152 INFO c.h.h.t.HelmChartContainer - [test-hivemq-platform] [hivemq] [2ff7c012] Jan 30, 2025 6:28:45 PM io.vertx.core.impl.BlockedThreadChecker
2025-01-30 18:28:45,153 INFO c.h.h.t.HelmChartContainer - [test-hivemq-platform] [hivemq] [2ff7c012] WARNING: Thread Thread[vert.x-eventloop-thread-1,5,main] has been blocked for 2399 ms, time limit is 2000 ms
2025-01-30 18:28:45,915 INFO c.h.h.t.HelmChartContainer - [test-hivemq-platform] [hivemq] [2ff7c012] INFO  - [HiveMQ Platform Operator Init App 1.7.0-SNAPSHOT] Updating Pod HiveMQ Platform Operator Init App version annotation (version: 1.7.0-SNAPSHOT)
2025-01-30 18:28:45,929 INFO c.h.h.t.HelmChartContainer - [test-hivemq-platform] [hivemq] [e850f3e1] INFO  - [HiveMQ Platform Operator Init App 1.7.0-SNAPSHOT] Updating Pod HiveMQ Platform Operator Init App version annotation (version: 1.7.0-SNAPSHOT)
2025-01-30 18:28:46,270 INFO c.h.h.t.HelmChartContainer - [POD] test-hivemq-platform-alpha-0 [2ff7c012-f04a-4270-9439-452e35540eaf] in customoperatornamespacesit-alpha was MODIFIED
2025-01-30 18:28:46,279 INFO c.h.h.t.HelmChartContainer - [hivemq-test-hivemq-platform] [hivemq-platform-operator] [f987fc50] 18:28:46.276 [pool-6-thread-37] DEBUG c.h.p.o.d.PlatformServiceResource - [customop] Desired Platform services (3 services)
2025-01-30 18:28:46,280 INFO c.h.h.t.HelmChartContainer - [hivemq-test-hivemq-platform] [hivemq-platform-operator] [f987fc50] 18:28:46.277 [pool-6-thread-21] DEBUG c.h.p.o.dependants.PodInfoConfigMap - [customop] Desired PodInfo ConfigMap (1 extensions) (1 enabled)
2025-01-30 18:28:46,280 INFO c.h.h.t.HelmChartContainer - [hivemq-test-hivemq-platform] [hivemq-platform-operator] [f987fc50] 18:28:46.277 [pool-6-thread-21] DEBUG c.h.p.o.dependants.PodInfoConfigMap - [customop] Desired PodInfo ConfigMap (metrics port: 9399) (metrics path: /)
2025-01-30 18:28:46,280 INFO c.h.h.t.HelmChartContainer - [hivemq-test-hivemq-platform] [hivemq-platform-operator] [f987fc50] 18:28:46.277 [pool-6-thread-21] DEBUG c.h.p.o.dependants.PodInfoConfigMap - [customop] Desired PodInfo ConfigMap (extension state hash: -1817474005)
2025-01-30 18:28:46,280 INFO c.h.h.t.HelmChartContainer - [hivemq-test-hivemq-platform] [hivemq-platform-operator] [f987fc50] 18:28:46.278 [pool-6-thread-32] DEBUG c.h.p.o.d.PodServiceAccountResource - [customop] Desired PodServiceAccountResource (serviceAccountName: hivemq-platform-pod-test-hivemq-platform-alpha)
2025-01-30 18:28:46,284 INFO c.h.h.t.HelmChartContainer - [hivemq-test-hivemq-platform] [hivemq-platform-operator] [f987fc50] 18:28:46.283 [pool-6-thread-37] DEBUG c.h.p.o.d.StatefulSetResource - [customop] Desired StatefulSet (1 replicas) for status STARTING (READY)
2025-01-30 18:28:46,355 INFO c.h.h.t.HelmChartContainer - [test-hivemq-platform] [hivemq] [2ff7c012] WARN  - [HiveMQ Platform Operator Init App 1.7.0-SNAPSHOT] Cannot connect to Health API for readiness: null
2025-01-30 18:28:46,365 INFO c.h.h.t.HelmChartContainer - [EVENT] Warning [Unhealthy] Readiness probe failed: HTTP probe failed with statuscode: 503 [customoperatornamespacesit-alpha:test-hivemq-platform-alpha-0]
2025-01-30 18:28:46,365 INFO c.h.h.t.HelmChartContainer - [test-hivemq-platform] [hivemq] [2ff7c012] INFO  - [HiveMQ Platform Operator Init App 1.7.0-SNAPSHOT] Successfully updated Pod HiveMQ Platform Operator Init App version annotation (version: 1.7.0-SNAPSHOT)
2025-01-30 18:28:46,365 INFO c.h.h.t.HelmChartContainer - Received Unhealthy event for container hivemq in pod test-hivemq-platform-alpha-0 [2ff7c012-f04a-4270-9439-452e35540eaf]
2025-01-30 18:28:46,372 INFO c.h.h.t.HelmChartContainer - [hivemq-test-hivemq-platform] [hivemq-platform-operator] [f987fc50] 18:28:46.367 [ReconcilerExecutor-hivemq-controller-128] INFO  c.h.p.o.HiveMQPlatformReconciler - [customop] Reconciling HiveMQ Platform 'test-hivemq-platform-alpha' in namespace 'customoperatornamespacesit-alpha'
2025-01-30 18:28:46,373 INFO c.h.h.t.HelmChartContainer - [hivemq-test-hivemq-platform] [hivemq-platform-operator] [f987fc50] 18:28:46.367 [ReconcilerExecutor-hivemq-controller-128] DEBUG c.h.p.o.HiveMQPlatformReconciler - [customop] Custom Resource Status STARTING - HiveMQ Platform is starting (READY)
2025-01-30 18:28:46,373 INFO c.h.h.t.HelmChartContainer - [hivemq-test-hivemq-platform] [hivemq-platform-operator] [f987fc50] 18:28:46.367 [ReconcilerExecutor-hivemq-controller-128] DEBUG c.h.p.o.HiveMQPlatformReconciler - [customop] Custom Resource Spec (replicas: 1) (extensions: 1)
2025-01-30 18:28:46,374 INFO c.h.h.t.HelmChartContainer - [hivemq-test-hivemq-platform] [hivemq-platform-operator] [f987fc50] 18:28:46.373 [ReconcilerExecutor-hivemq-controller-128] DEBUG c.h.p.o.HiveMQPlatformReconciler - [customop] StatefulSet Status (revision: test-hivemq-platform-alpha-5bcd5cb867, replicas: 1, available: 0, ready: 0, current: 1, updated: 1)
2025-01-30 18:28:46,375 INFO c.h.h.t.HelmChartContainer - [hivemq-test-hivemq-platform] [hivemq-platform-operator] [f987fc50] 18:28:46.374 [ReconcilerExecutor-hivemq-controller-128] DEBUG c.h.p.o.HiveMQPlatformReconciler - [customop] StatefulSet Spec (replicas: 1, init containers: 1, containers: 1, volumes: 3)
2025-01-30 18:28:46,377 INFO c.h.h.t.HelmChartContainer - [hivemq-test-hivemq-platform] [hivemq-platform-operator] [f987fc50] 18:28:46.376 [ReconcilerExecutor-hivemq-controller-128] DEBUG c.h.p.o.h.HiveMQPlatformReconcilerErrorHandler - [customop] Pod 'test-hivemq-platform-alpha-0' phase Running
2025-01-30 18:28:46,379 INFO c.h.h.t.HelmChartContainer - [hivemq-test-hivemq-platform] [hivemq-platform-operator] [f987fc50] 18:28:46.377 [ReconcilerExecutor-hivemq-controller-128] INFO  c.h.p.o.h.HiveMQPlatformReconcilerBaseHandler - [customop] HiveMQ Platform is starting, 0 of 1 replicas are ready
2025-01-30 18:28:46,531 INFO c.h.h.t.HelmChartContainer - [POD] test-hivemq-platform-beta-0 [e850f3e1-5bec-46d3-a077-af6851b442c3] in customoperatornamespacesit-beta was MODIFIED
2025-01-30 18:28:46,613 INFO c.h.h.t.HelmChartContainer - [test-hivemq-platform] [hivemq] [e850f3e1] INFO  - [HiveMQ Platform Operator Init App 1.7.0-SNAPSHOT] Successfully updated Pod HiveMQ Platform Operator Init App version annotation (version: 1.7.0-SNAPSHOT)
2025-01-30 18:28:46,613 INFO c.h.h.t.HelmChartContainer - [test-hivemq-platform] [hivemq] [e850f3e1] WARN  - [HiveMQ Platform Operator Init App 1.7.0-SNAPSHOT] Cannot connect to Health API for readiness: null
2025-01-30 18:28:46,621 INFO c.h.h.t.HelmChartContainer - [EVENT] Warning [Unhealthy] Readiness probe failed: HTTP probe failed with statuscode: 503 [customoperatornamespacesit-beta:test-hivemq-platform-beta-0]
2025-01-30 18:28:46,621 INFO c.h.h.t.HelmChartContainer - Received Unhealthy event for container hivemq in pod test-hivemq-platform-beta-0 [e850f3e1-5bec-46d3-a077-af6851b442c3]
2025-01-30 18:28:46,623 INFO c.h.h.t.HelmChartContainer - [hivemq-test-hivemq-platform] [hivemq-platform-operator] [f987fc50] 18:28:46.621 [pool-6-thread-45] DEBUG c.h.p.o.d.PlatformServiceResource - [customop] Desired Platform services (3 services)
2025-01-30 18:28:46,629 INFO c.h.h.t.HelmChartContainer - [hivemq-test-hivemq-platform] [hivemq-platform-operator] [f987fc50] 18:28:46.625 [pool-6-thread-49] DEBUG c.h.p.o.d.PodServiceAccountResource - [customop] Desired PodServiceAccountResource (serviceAccountName: hivemq-platform-pod-test-hivemq-platform-beta)
2025-01-30 18:28:46,712 INFO c.h.h.t.HelmChartContainer - [hivemq-test-hivemq-platform] [hivemq-platform-operator] [f987fc50] 18:28:46.652 [pool-6-thread-43] DEBUG c.h.p.o.dependants.PodInfoConfigMap - [customop] Desired PodInfo ConfigMap (1 extensions) (1 enabled)
2025-01-30 18:28:46,712 INFO c.h.h.t.HelmChartContainer - [hivemq-test-hivemq-platform] [hivemq-platform-operator] [f987fc50] 18:28:46.652 [pool-6-thread-43] DEBUG c.h.p.o.dependants.PodInfoConfigMap - [customop] Desired PodInfo ConfigMap (metrics port: 9399) (metrics path: /)
2025-01-30 18:28:46,712 INFO c.h.h.t.HelmChartContainer - [hivemq-test-hivemq-platform] [hivemq-platform-operator] [f987fc50] 18:28:46.652 [pool-6-thread-43] DEBUG c.h.p.o.dependants.PodInfoConfigMap - [customop] Desired PodInfo ConfigMap (extension state hash: -1817474005)
2025-01-30 18:28:46,712 INFO c.h.h.t.HelmChartContainer - [hivemq-test-hivemq-platform] [hivemq-platform-operator] [f987fc50] 18:28:46.657 [pool-6-thread-43] DEBUG c.h.p.o.d.StatefulSetResource - [customop] Desired StatefulSet (1 replicas) for status STARTING (READY)
2025-01-30 18:28:46,712 INFO c.h.h.t.HelmChartContainer - [hivemq-test-hivemq-platform] [hivemq-platform-operator] [f987fc50] 18:28:46.660 [ReconcilerExecutor-hivemq-controller-129] INFO  c.h.p.o.HiveMQPlatformReconciler - [customop] Reconciling HiveMQ Platform 'test-hivemq-platform-beta' in namespace 'customoperatornamespacesit-beta'
2025-01-30 18:28:46,712 INFO c.h.h.t.HelmChartContainer - [hivemq-test-hivemq-platform] [hivemq-platform-operator] [f987fc50] 18:28:46.661 [ReconcilerExecutor-hivemq-controller-129] DEBUG c.h.p.o.HiveMQPlatformReconciler - [customop] Custom Resource Status STARTING - HiveMQ Platform is starting (READY)
2025-01-30 18:28:46,712 INFO c.h.h.t.HelmChartContainer - [hivemq-test-hivemq-platform] [hivemq-platform-operator] [f987fc50] 18:28:46.661 [ReconcilerExecutor-hivemq-controller-129] DEBUG c.h.p.o.HiveMQPlatformReconciler - [customop] Custom Resource Spec (replicas: 1) (extensions: 1)
2025-01-30 18:28:46,718 INFO c.h.h.t.HelmChartContainer - [hivemq-test-hivemq-platform] [hivemq-platform-operator] [f987fc50] 18:28:46.717 [ReconcilerExecutor-hivemq-controller-129] DEBUG c.h.p.o.HiveMQPlatformReconciler - [customop] StatefulSet Status (revision: test-hivemq-platform-beta-68c75dbff9, replicas: 1, available: 0, ready: 0, current: 1, updated: 1)
2025-01-30 18:28:46,722 INFO c.h.h.t.HelmChartContainer - [hivemq-test-hivemq-platform] [hivemq-platform-operator] [f987fc50] 18:28:46.717 [ReconcilerExecutor-hivemq-controller-129] DEBUG c.h.p.o.HiveMQPlatformReconciler - [customop] StatefulSet Spec (replicas: 1, init containers: 1, containers: 1, volumes: 3)
2025-01-30 18:28:46,723 INFO c.h.h.t.HelmChartContainer - [hivemq-test-hivemq-platform] [hivemq-platform-operator] [f987fc50] 18:28:46.721 [ReconcilerExecutor-hivemq-controller-129] DEBUG c.h.p.o.h.HiveMQPlatformReconcilerErrorHandler - [customop] Pod 'test-hivemq-platform-beta-0' phase Running
2025-01-30 18:28:46,723 INFO c.h.h.t.HelmChartContainer - [hivemq-test-hivemq-platform] [hivemq-platform-operator] [f987fc50] 18:28:46.722 [ReconcilerExecutor-hivemq-controller-129] INFO  c.h.p.o.h.HiveMQPlatformReconcilerBaseHandler - [customop] HiveMQ Platform is starting, 0 of 1 replicas are ready
2025-01-30 18:28:51,311 INFO c.h.h.t.HelmChartContainer - [test-hivemq-platform] [hivemq] [2ff7c012] WARN  - [HiveMQ Platform Operator Init App 1.7.0-SNAPSHOT] Cannot connect to Health API for readiness: null
2025-01-30 18:28:51,312 INFO c.h.h.t.HelmChartContainer - [EVENT] Warning [Unhealthy] Readiness probe failed: HTTP probe failed with statuscode: 503 [customoperatornamespacesit-alpha:test-hivemq-platform-alpha-0]
2025-01-30 18:28:51,312 INFO c.h.h.t.HelmChartContainer - Received Unhealthy event for container hivemq in pod test-hivemq-platform-alpha-0 [2ff7c012-f04a-4270-9439-452e35540eaf]
2025-01-30 18:28:51,539 INFO c.h.h.t.HelmChartContainer - [test-hivemq-platform] [hivemq] [e850f3e1] WARN  - [HiveMQ Platform Operator Init App 1.7.0-SNAPSHOT] Cannot connect to Health API for readiness: null
2025-01-30 18:28:51,617 INFO c.h.h.t.HelmChartContainer - [EVENT] Warning [Unhealthy] Readiness probe failed: HTTP probe failed with statuscode: 503 [customoperatornamespacesit-beta:test-hivemq-platform-beta-0]
2025-01-30 18:28:51,617 INFO c.h.h.t.HelmChartContainer - Received Unhealthy event for container hivemq in pod test-hivemq-platform-beta-0 [e850f3e1-5bec-46d3-a077-af6851b442c3]
2025-01-30 18:28:56,340 INFO c.h.h.t.HelmChartContainer - [test-hivemq-platform] [hivemq] [2ff7c012] WARN  - [HiveMQ Platform Operator Init App 1.7.0-SNAPSHOT] Cannot connect to Health API for readiness: null
2025-01-30 18:28:56,349 INFO c.h.h.t.HelmChartContainer - [EVENT] Warning [Unhealthy] Readiness probe failed: HTTP probe failed with statuscode: 503 [customoperatornamespacesit-alpha:test-hivemq-platform-alpha-0]
2025-01-30 18:28:56,349 INFO c.h.h.t.HelmChartContainer - Received Unhealthy event for container hivemq in pod test-hivemq-platform-alpha-0 [2ff7c012-f04a-4270-9439-452e35540eaf]
2025-01-30 18:28:56,384 INFO c.h.h.t.HelmChartContainer - [hivemq-test-hivemq-platform] [hivemq-platform-operator] [f987fc50] 18:28:56.382 [pool-6-thread-17] DEBUG c.h.p.o.d.PlatformServiceResource - [customop] Desired Platform services (3 services)
2025-01-30 18:28:56,384 INFO c.h.h.t.HelmChartContainer - [hivemq-test-hivemq-platform] [hivemq-platform-operator] [f987fc50] 18:28:56.382 [pool-6-thread-4] DEBUG c.h.p.o.dependants.PodInfoConfigMap - [customop] Desired PodInfo ConfigMap (1 extensions) (1 enabled)
2025-01-30 18:28:56,386 INFO c.h.h.t.HelmChartContainer - [hivemq-test-hivemq-platform] [hivemq-platform-operator] [f987fc50] 18:28:56.382 [pool-6-thread-4] DEBUG c.h.p.o.dependants.PodInfoConfigMap - [customop] Desired PodInfo ConfigMap (metrics port: 9399) (metrics path: /)
2025-01-30 18:28:56,386 INFO c.h.h.t.HelmChartContainer - [hivemq-test-hivemq-platform] [hivemq-platform-operator] [f987fc50] 18:28:56.382 [pool-6-thread-4] DEBUG c.h.p.o.dependants.PodInfoConfigMap - [customop] Desired PodInfo ConfigMap (extension state hash: -1817474005)
2025-01-30 18:28:56,386 INFO c.h.h.t.HelmChartContainer - [hivemq-test-hivemq-platform] [hivemq-platform-operator] [f987fc50] 18:28:56.383 [pool-6-thread-4] DEBUG c.h.p.o.d.PodServiceAccountResource - [customop] Desired PodServiceAccountResource (serviceAccountName: hivemq-platform-pod-test-hivemq-platform-alpha)
2025-01-30 18:28:56,390 INFO c.h.h.t.HelmChartContainer - [hivemq-test-hivemq-platform] [hivemq-platform-operator] [f987fc50] 18:28:56.389 [pool-6-thread-17] DEBUG c.h.p.o.d.StatefulSetResource - [customop] Desired StatefulSet (1 replicas) for status STARTING (READY)
2025-01-30 18:28:56,394 INFO c.h.h.t.HelmChartContainer - [hivemq-test-hivemq-platform] [hivemq-platform-operator] [f987fc50] 18:28:56.393 [ReconcilerExecutor-hivemq-controller-130] INFO  c.h.p.o.HiveMQPlatformReconciler - [customop] Reconciling HiveMQ Platform 'test-hivemq-platform-alpha' in namespace 'customoperatornamespacesit-alpha'
2025-01-30 18:28:56,395 INFO c.h.h.t.HelmChartContainer - [hivemq-test-hivemq-platform] [hivemq-platform-operator] [f987fc50] 18:28:56.393 [ReconcilerExecutor-hivemq-controller-130] DEBUG c.h.p.o.HiveMQPlatformReconciler - [customop] Custom Resource Status STARTING - HiveMQ Platform is starting (READY)
2025-01-30 18:28:56,395 INFO c.h.h.t.HelmChartContainer - [hivemq-test-hivemq-platform] [hivemq-platform-operator] [f987fc50] 18:28:56.393 [ReconcilerExecutor-hivemq-controller-130] DEBUG c.h.p.o.HiveMQPlatformReconciler - [customop] Custom Resource Spec (replicas: 1) (extensions: 1)
2025-01-30 18:28:56,398 INFO c.h.h.t.HelmChartContainer - [hivemq-test-hivemq-platform] [hivemq-platform-operator] [f987fc50] 18:28:56.397 [ReconcilerExecutor-hivemq-controller-130] DEBUG c.h.p.o.HiveMQPlatformReconciler - [customop] StatefulSet Status (revision: test-hivemq-platform-alpha-5bcd5cb867, replicas: 1, available: 0, ready: 0, current: 1, updated: 1)
2025-01-30 18:28:56,399 INFO c.h.h.t.HelmChartContainer - [hivemq-test-hivemq-platform] [hivemq-platform-operator] [f987fc50] 18:28:56.397 [ReconcilerExecutor-hivemq-controller-130] DEBUG c.h.p.o.HiveMQPlatformReconciler - [customop] StatefulSet Spec (replicas: 1, init containers: 1, containers: 1, volumes: 3)
2025-01-30 18:28:56,455 INFO c.h.h.t.HelmChartContainer - [hivemq-test-hivemq-platform] [hivemq-platform-operator] [f987fc50] 18:28:56.452 [ReconcilerExecutor-hivemq-controller-130] DEBUG c.h.p.o.h.HiveMQPlatformReconcilerErrorHandler - [customop] Pod 'test-hivemq-platform-alpha-0' phase Running
2025-01-30 18:28:56,455 INFO c.h.h.t.HelmChartContainer - [hivemq-test-hivemq-platform] [hivemq-platform-operator] [f987fc50] 18:28:56.453 [ReconcilerExecutor-hivemq-controller-130] INFO  c.h.p.o.h.HiveMQPlatformReconcilerBaseHandler - [customop] HiveMQ Platform is starting, 0 of 1 replicas are ready
2025-01-30 18:28:56,616 INFO c.h.h.t.HelmChartContainer - [test-hivemq-platform] [hivemq] [e850f3e1] WARN  - [HiveMQ Platform Operator Init App 1.7.0-SNAPSHOT] Cannot connect to Health API for readiness: null
2025-01-30 18:28:56,621 INFO c.h.h.t.HelmChartContainer - [EVENT] Warning [Unhealthy] Readiness probe failed: HTTP probe failed with statuscode: 503 [customoperatornamespacesit-beta:test-hivemq-platform-beta-0]
2025-01-30 18:28:56,621 INFO c.h.h.t.HelmChartContainer - Received Unhealthy event for container hivemq in pod test-hivemq-platform-beta-0 [e850f3e1-5bec-46d3-a077-af6851b442c3]
2025-01-30 18:28:56,731 INFO c.h.h.t.HelmChartContainer - [hivemq-test-hivemq-platform] [hivemq-platform-operator] [f987fc50] 18:28:56.728 [pool-6-thread-19] DEBUG c.h.p.o.d.PlatformServiceResource - [customop] Desired Platform services (3 services)
2025-01-30 18:28:56,731 INFO c.h.h.t.HelmChartContainer - [hivemq-test-hivemq-platform] [hivemq-platform-operator] [f987fc50] 18:28:56.729 [pool-6-thread-20] DEBUG c.h.p.o.d.PodServiceAccountResource - [customop] Desired PodServiceAccountResource (serviceAccountName: hivemq-platform-pod-test-hivemq-platform-beta)
2025-01-30 18:28:56,731 INFO c.h.h.t.HelmChartContainer - [hivemq-test-hivemq-platform] [hivemq-platform-operator] [f987fc50] 18:28:56.729 [pool-6-thread-5] DEBUG c.h.p.o.dependants.PodInfoConfigMap - [customop] Desired PodInfo ConfigMap (1 extensions) (1 enabled)
2025-01-30 18:28:56,731 INFO c.h.h.t.HelmChartContainer - [hivemq-test-hivemq-platform] [hivemq-platform-operator] [f987fc50] 18:28:56.729 [pool-6-thread-5] DEBUG c.h.p.o.dependants.PodInfoConfigMap - [customop] Desired PodInfo ConfigMap (metrics port: 9399) (metrics path: /)
2025-01-30 18:28:56,731 INFO c.h.h.t.HelmChartContainer - [hivemq-test-hivemq-platform] [hivemq-platform-operator] [f987fc50] 18:28:56.729 [pool-6-thread-5] DEBUG c.h.p.o.dependants.PodInfoConfigMap - [customop] Desired PodInfo ConfigMap (extension state hash: -1817474005)
2025-01-30 18:28:56,736 INFO c.h.h.t.HelmChartContainer - [hivemq-test-hivemq-platform] [hivemq-platform-operator] [f987fc50] 18:28:56.734 [pool-6-thread-19] DEBUG c.h.p.o.d.StatefulSetResource - [customop] Desired StatefulSet (1 replicas) for status STARTING (READY)
2025-01-30 18:28:56,738 INFO c.h.h.t.HelmChartContainer - [hivemq-test-hivemq-platform] [hivemq-platform-operator] [f987fc50] 18:28:56.737 [ReconcilerExecutor-hivemq-controller-131] INFO  c.h.p.o.HiveMQPlatformReconciler - [customop] Reconciling HiveMQ Platform 'test-hivemq-platform-beta' in namespace 'customoperatornamespacesit-beta'
2025-01-30 18:28:56,738 INFO c.h.h.t.HelmChartContainer - [hivemq-test-hivemq-platform] [hivemq-platform-operator] [f987fc50] 18:28:56.737 [ReconcilerExecutor-hivemq-controller-131] DEBUG c.h.p.o.HiveMQPlatformReconciler - [customop] Custom Resource Status STARTING - HiveMQ Platform is starting (READY)
2025-01-30 18:28:56,738 INFO c.h.h.t.HelmChartContainer - [hivemq-test-hivemq-platform] [hivemq-platform-operator] [f987fc50] 18:28:56.737 [ReconcilerExecutor-hivemq-controller-131] DEBUG c.h.p.o.HiveMQPlatformReconciler - [customop] Custom Resource Spec (replicas: 1) (extensions: 1)
2025-01-30 18:28:56,740 INFO c.h.h.t.HelmChartContainer - [hivemq-test-hivemq-platform] [hivemq-platform-operator] [f987fc50] 18:28:56.739 [ReconcilerExecutor-hivemq-controller-131] DEBUG c.h.p.o.HiveMQPlatformReconciler - [customop] StatefulSet Status (revision: test-hivemq-platform-beta-68c75dbff9, replicas: 1, available: 0, ready: 0, current: 1, updated: 1)
2025-01-30 18:28:56,740 INFO c.h.h.t.HelmChartContainer - [hivemq-test-hivemq-platform] [hivemq-platform-operator] [f987fc50] 18:28:56.739 [ReconcilerExecutor-hivemq-controller-131] DEBUG c.h.p.o.HiveMQPlatformReconciler - [customop] StatefulSet Spec (replicas: 1, init containers: 1, containers: 1, volumes: 3)
2025-01-30 18:28:56,742 INFO c.h.h.t.HelmChartContainer - [hivemq-test-hivemq-platform] [hivemq-platform-operator] [f987fc50] 18:28:56.740 [ReconcilerExecutor-hivemq-controller-131] DEBUG c.h.p.o.h.HiveMQPlatformReconcilerErrorHandler - [customop] Pod 'test-hivemq-platform-beta-0' phase Running
2025-01-30 18:28:56,743 INFO c.h.h.t.HelmChartContainer - [hivemq-test-hivemq-platform] [hivemq-platform-operator] [f987fc50] 18:28:56.741 [ReconcilerExecutor-hivemq-controller-131] INFO  c.h.p.o.h.HiveMQPlatformReconcilerBaseHandler - [customop] HiveMQ Platform is starting, 0 of 1 replicas are ready
2025-01-30 18:28:58,419 INFO c.h.h.t.HelmChartContainer - [test-hivemq-platform] [hivemq] [e850f3e1] INFO  - No valid license file found. Using trial license, restricted to 25 connections.
2025-01-30 18:28:58,934 INFO c.h.h.t.HelmChartContainer - [test-hivemq-platform] [hivemq] [2ff7c012] INFO  - No valid license file found. Using trial license, restricted to 25 connections.
2025-01-30 18:28:59,114 INFO c.h.h.t.HelmChartContainer - [test-hivemq-platform] [hivemq] [e850f3e1] WARN  - [HiveMQ Platform Operator Init App 1.7.0-SNAPSHOT] Cannot connect to Health API for liveness: null
2025-01-30 18:28:59,117 INFO c.h.h.t.HelmChartContainer - [test-hivemq-platform] [hivemq] [e850f3e1] INFO  - [HiveMQ Platform Operator Init App 1.7.0-SNAPSHOT] Returning default Health API response 200 for liveness
2025-01-30 18:28:59,135 INFO c.h.h.t.HelmChartContainer - [test-hivemq-platform] [hivemq] [2ff7c012] WARN  - [HiveMQ Platform Operator Init App 1.7.0-SNAPSHOT] Cannot connect to Health API for liveness: null
2025-01-30 18:28:59,135 INFO c.h.h.t.HelmChartContainer - [test-hivemq-platform] [hivemq] [2ff7c012] INFO  - [HiveMQ Platform Operator Init App 1.7.0-SNAPSHOT] Returning default Health API response 200 for liveness
2025-01-30 18:29:01,348 INFO c.h.h.t.HelmChartContainer - [test-hivemq-platform] [hivemq] [2ff7c012] WARN  - [HiveMQ Platform Operator Init App 1.7.0-SNAPSHOT] Cannot connect to Health API for readiness: null
2025-01-30 18:29:01,354 INFO c.h.h.t.HelmChartContainer - [EVENT] Warning [Unhealthy] Readiness probe failed: HTTP probe failed with statuscode: 503 [customoperatornamespacesit-alpha:test-hivemq-platform-alpha-0]
2025-01-30 18:29:01,354 INFO c.h.h.t.HelmChartContainer - Received Unhealthy event for container hivemq in pod test-hivemq-platform-alpha-0 [2ff7c012-f04a-4270-9439-452e35540eaf]
2025-01-30 18:29:01,538 INFO c.h.h.t.HelmChartContainer - [test-hivemq-platform] [hivemq] [e850f3e1] WARN  - [HiveMQ Platform Operator Init App 1.7.0-SNAPSHOT] Cannot connect to Health API for readiness: null
2025-01-30 18:29:01,542 INFO c.h.h.t.HelmChartContainer - [EVENT] Warning [Unhealthy] Readiness probe failed: HTTP probe failed with statuscode: 503 [customoperatornamespacesit-beta:test-hivemq-platform-beta-0]
2025-01-30 18:29:01,542 INFO c.h.h.t.HelmChartContainer - Received Unhealthy event for container hivemq in pod test-hivemq-platform-beta-0 [e850f3e1-5bec-46d3-a077-af6851b442c3]
2025-01-30 18:29:01,916 INFO c.h.h.t.HelmChartContainer - [test-hivemq-platform] [hivemq] [e850f3e1] INFO  - No valid license file for Data Hub found. Using free license, restricted to 1 policy.
2025-01-30 18:29:03,023 INFO c.h.h.t.HelmChartContainer - [test-hivemq-platform] [hivemq] [e850f3e1] INFO  - Audit Logger started.
2025-01-30 18:29:03,159 INFO c.h.h.t.HelmChartContainer - [test-hivemq-platform] [hivemq] [2ff7c012] INFO  - No valid license file for Data Hub found. Using free license, restricted to 1 policy.
2025-01-30 18:29:03,325 INFO c.h.h.t.HelmChartContainer - [test-hivemq-platform] [hivemq] [e850f3e1] INFO  - This node uses '1' CPU cores.
2025-01-30 18:29:03,331 INFO c.h.h.t.HelmChartContainer - [test-hivemq-platform] [hivemq] [e850f3e1] INFO  - Starting HiveMQ Health API on address 0.0.0.0 and port 8889
2025-01-30 18:29:04,127 INFO c.h.h.t.HelmChartContainer - [test-hivemq-platform] [hivemq] [e850f3e1] INFO  - Started HiveMQ Health API in 797ms
2025-01-30 18:29:04,351 INFO c.h.h.t.HelmChartContainer - [test-hivemq-platform] [hivemq] [2ff7c012] INFO  - Audit Logger started.
2025-01-30 18:29:04,575 INFO c.h.h.t.HelmChartContainer - [test-hivemq-platform] [hivemq] [2ff7c012] INFO  - This node uses '1' CPU cores.
2025-01-30 18:29:04,636 INFO c.h.h.t.HelmChartContainer - [test-hivemq-platform] [hivemq] [2ff7c012] INFO  - Starting HiveMQ Health API on address 0.0.0.0 and port 8889
2025-01-30 18:29:04,749 INFO c.h.h.t.HelmChartContainer - [test-hivemq-platform] [hivemq] [e850f3e1] INFO  - Starting HiveMQ extension system.
2025-01-30 18:29:05,014 INFO c.h.h.t.HelmChartContainer - [test-hivemq-platform] [hivemq] [e850f3e1] INFO  - Starting extension with id "hivemq-dns-cluster-discovery" at /opt/hivemq/extensions/hivemq-dns-cluster-discovery
2025-01-30 18:29:05,356 INFO c.h.h.t.HelmChartContainer - [test-hivemq-platform] [hivemq] [2ff7c012] INFO  - Started HiveMQ Health API in 720ms
2025-01-30 18:29:05,424 INFO c.h.h.t.HelmChartContainer - [test-hivemq-platform] [hivemq] [e850f3e1] INFO  - Extension "DNS Cluster Discovery Extension" version 4.3.2 started successfully.
2025-01-30 18:29:05,424 INFO c.h.h.t.HelmChartContainer - [test-hivemq-platform] [hivemq] [e850f3e1] INFO  - Starting extension with id "hivemq-prometheus-extension" at /opt/hivemq/extensions/hivemq-prometheus-extension
2025-01-30 18:29:05,620 INFO c.h.h.t.HelmChartContainer - [test-hivemq-platform] [hivemq] [e850f3e1] INFO  - Using TCP cluster transport on address 10.42.0.7 and port 7000
2025-01-30 18:29:05,716 INFO c.h.h.t.HelmChartContainer - [test-hivemq-platform] [hivemq] [e850f3e1] INFO  - Using extension cluster discovery
2025-01-30 18:29:05,850 INFO c.h.h.t.HelmChartContainer - [test-hivemq-platform] [hivemq] [2ff7c012] INFO  - Starting HiveMQ extension system.
2025-01-30 18:29:06,151 INFO c.h.h.t.HelmChartContainer - [test-hivemq-platform] [hivemq] [2ff7c012] INFO  - Starting extension with id "hivemq-dns-cluster-discovery" at /opt/hivemq/extensions/hivemq-dns-cluster-discovery
2025-01-30 18:29:06,416 INFO c.h.h.t.HelmChartContainer - [test-hivemq-platform] [hivemq] [e850f3e1] INFO  - Started Jetty Server exposing Prometheus Servlet on URI http://0.0.0.0:9399/
2025-01-30 18:29:06,416 INFO c.h.h.t.HelmChartContainer - [test-hivemq-platform] [hivemq] [e850f3e1] INFO  - Extension "Prometheus Monitoring Extension" version 4.0.12 started successfully.
2025-01-30 18:29:06,416 INFO c.h.h.t.HelmChartContainer - [test-hivemq-platform] [hivemq] [e850f3e1] INFO  - Starting extension with id "hivemq-allow-all-extension" at /opt/hivemq/extensions/hivemq-allow-all-extension
2025-01-30 18:29:06,416 INFO c.h.h.t.HelmChartContainer - [test-hivemq-platform] [hivemq] [e850f3e1] WARN  - 
2025-01-30 18:29:06,416 INFO c.h.h.t.HelmChartContainer - [test-hivemq-platform] [hivemq] [e850f3e1] ################################################################################################################
2025-01-30 18:29:06,416 INFO c.h.h.t.HelmChartContainer - [test-hivemq-platform] [hivemq] [e850f3e1] # This HiveMQ deployment is not secure! You are lacking Authentication and Authorization.                      #
2025-01-30 18:29:06,416 INFO c.h.h.t.HelmChartContainer - [test-hivemq-platform] [hivemq] [e850f3e1] # Right now any MQTT client can connect to the broker with a full set of permissions.                          #
2025-01-30 18:29:06,416 INFO c.h.h.t.HelmChartContainer - [test-hivemq-platform] [hivemq] [e850f3e1] # For production usage, add an appropriate security extension and remove the hivemq-allow-all extension.       #
2025-01-30 18:29:06,416 INFO c.h.h.t.HelmChartContainer - [test-hivemq-platform] [hivemq] [e850f3e1] # You can download security extensions from the HiveMQ Marketplace (https://www.hivemq.com/extensions/).       #
2025-01-30 18:29:06,416 INFO c.h.h.t.HelmChartContainer - [test-hivemq-platform] [hivemq] [e850f3e1] ################################################################################################################
2025-01-30 18:29:06,416 INFO c.h.h.t.HelmChartContainer - [test-hivemq-platform] [hivemq] [e850f3e1] INFO  - Extension "Allow All Extension" version 1.1.1 started successfully.
2025-01-30 18:29:06,465 INFO c.h.h.t.HelmChartContainer - [hivemq-test-hivemq-platform] [hivemq-platform-operator] [f987fc50] 18:29:06.460 [pool-6-thread-34] DEBUG c.h.p.o.d.PlatformServiceResource - [customop] Desired Platform services (3 services)
2025-01-30 18:29:06,465 INFO c.h.h.t.HelmChartContainer - [hivemq-test-hivemq-platform] [hivemq-platform-operator] [f987fc50] 18:29:06.460 [pool-6-thread-23] DEBUG c.h.p.o.dependants.PodInfoConfigMap - [customop] Desired PodInfo ConfigMap (1 extensions) (1 enabled)
2025-01-30 18:29:06,465 INFO c.h.h.t.HelmChartContainer - [hivemq-test-hivemq-platform] [hivemq-platform-operator] [f987fc50] 18:29:06.461 [pool-6-thread-23] DEBUG c.h.p.o.dependants.PodInfoConfigMap - [customop] Desired PodInfo ConfigMap (metrics port: 9399) (metrics path: /)
2025-01-30 18:29:06,465 INFO c.h.h.t.HelmChartContainer - [hivemq-test-hivemq-platform] [hivemq-platform-operator] [f987fc50] 18:29:06.461 [pool-6-thread-23] DEBUG c.h.p.o.dependants.PodInfoConfigMap - [customop] Desired PodInfo ConfigMap (extension state hash: -1817474005)
2025-01-30 18:29:06,465 INFO c.h.h.t.HelmChartContainer - [hivemq-test-hivemq-platform] [hivemq-platform-operator] [f987fc50] 18:29:06.461 [pool-6-thread-24] DEBUG c.h.p.o.d.PodServiceAccountResource - [customop] Desired PodServiceAccountResource (serviceAccountName: hivemq-platform-pod-test-hivemq-platform-alpha)
2025-01-30 18:29:06,467 INFO c.h.h.t.HelmChartContainer - [hivemq-test-hivemq-platform] [hivemq-platform-operator] [f987fc50] 18:29:06.466 [pool-6-thread-25] DEBUG c.h.p.o.d.StatefulSetResource - [customop] Desired StatefulSet (1 replicas) for status STARTING (READY)
2025-01-30 18:29:06,472 INFO c.h.h.t.HelmChartContainer - [hivemq-test-hivemq-platform] [hivemq-platform-operator] [f987fc50] 18:29:06.470 [ReconcilerExecutor-hivemq-controller-132] INFO  c.h.p.o.HiveMQPlatformReconciler - [customop] Reconciling HiveMQ Platform 'test-hivemq-platform-alpha' in namespace 'customoperatornamespacesit-alpha'
2025-01-30 18:29:06,473 INFO c.h.h.t.HelmChartContainer - [hivemq-test-hivemq-platform] [hivemq-platform-operator] [f987fc50] 18:29:06.470 [ReconcilerExecutor-hivemq-controller-132] DEBUG c.h.p.o.HiveMQPlatformReconciler - [customop] Custom Resource Status STARTING - HiveMQ Platform is starting (READY)
2025-01-30 18:29:06,473 INFO c.h.h.t.HelmChartContainer - [hivemq-test-hivemq-platform] [hivemq-platform-operator] [f987fc50] 18:29:06.470 [ReconcilerExecutor-hivemq-controller-132] DEBUG c.h.p.o.HiveMQPlatformReconciler - [customop] Custom Resource Spec (replicas: 1) (extensions: 1)
2025-01-30 18:29:06,555 INFO c.h.h.t.HelmChartContainer - [hivemq-test-hivemq-platform] [hivemq-platform-operator] [f987fc50] 18:29:06.553 [ReconcilerExecutor-hivemq-controller-132] DEBUG c.h.p.o.HiveMQPlatformReconciler - [customop] StatefulSet Status (revision: test-hivemq-platform-alpha-5bcd5cb867, replicas: 1, available: 0, ready: 0, current: 1, updated: 1)
2025-01-30 18:29:06,556 INFO c.h.h.t.HelmChartContainer - [hivemq-test-hivemq-platform] [hivemq-platform-operator] [f987fc50] 18:29:06.554 [ReconcilerExecutor-hivemq-controller-132] DEBUG c.h.p.o.HiveMQPlatformReconciler - [customop] StatefulSet Spec (replicas: 1, init containers: 1, containers: 1, volumes: 3)
2025-01-30 18:29:06,558 INFO c.h.h.t.HelmChartContainer - [hivemq-test-hivemq-platform] [hivemq-platform-operator] [f987fc50] 18:29:06.557 [ReconcilerExecutor-hivemq-controller-132] DEBUG c.h.p.o.h.HiveMQPlatformReconcilerErrorHandler - [customop] Pod 'test-hivemq-platform-alpha-0' phase Running
2025-01-30 18:29:06,559 INFO c.h.h.t.HelmChartContainer - [hivemq-test-hivemq-platform] [hivemq-platform-operator] [f987fc50] 18:29:06.558 [ReconcilerExecutor-hivemq-controller-132] INFO  c.h.p.o.h.HiveMQPlatformReconcilerBaseHandler - [customop] HiveMQ Platform is starting, 0 of 1 replicas are ready
2025-01-30 18:29:06,746 INFO c.h.h.t.HelmChartContainer - [hivemq-test-hivemq-platform] [hivemq-platform-operator] [f987fc50] 18:29:06.744 [pool-6-thread-31] DEBUG c.h.p.o.d.PlatformServiceResource - [customop] Desired Platform services (3 services)
2025-01-30 18:29:06,746 INFO c.h.h.t.HelmChartContainer - [hivemq-test-hivemq-platform] [hivemq-platform-operator] [f987fc50] 18:29:06.746 [pool-6-thread-30] DEBUG c.h.p.o.dependants.PodInfoConfigMap - [customop] Desired PodInfo ConfigMap (1 extensions) (1 enabled)
2025-01-30 18:29:06,748 INFO c.h.h.t.HelmChartContainer - [hivemq-test-hivemq-platform] [hivemq-platform-operator] [f987fc50] 18:29:06.747 [pool-6-thread-30] DEBUG c.h.p.o.dependants.PodInfoConfigMap - [customop] Desired PodInfo ConfigMap (metrics port: 9399) (metrics path: /)
2025-01-30 18:29:06,749 INFO c.h.h.t.HelmChartContainer - [hivemq-test-hivemq-platform] [hivemq-platform-operator] [f987fc50] 18:29:06.748 [pool-6-thread-30] DEBUG c.h.p.o.dependants.PodInfoConfigMap - [customop] Desired PodInfo ConfigMap (extension state hash: -1817474005)
2025-01-30 18:29:06,750 INFO c.h.h.t.HelmChartContainer - [hivemq-test-hivemq-platform] [hivemq-platform-operator] [f987fc50] 18:29:06.749 [pool-6-thread-40] DEBUG c.h.p.o.d.PodServiceAccountResource - [customop] Desired PodServiceAccountResource (serviceAccountName: hivemq-platform-pod-test-hivemq-platform-beta)
2025-01-30 18:29:06,762 INFO c.h.h.t.HelmChartContainer - [hivemq-test-hivemq-platform] [hivemq-platform-operator] [f987fc50] 18:29:06.761 [pool-6-thread-31] DEBUG c.h.p.o.d.StatefulSetResource - [customop] Desired StatefulSet (1 replicas) for status STARTING (READY)
2025-01-30 18:29:06,818 INFO c.h.h.t.HelmChartContainer - [hivemq-test-hivemq-platform] [hivemq-platform-operator] [f987fc50] 18:29:06.816 [ReconcilerExecutor-hivemq-controller-133] INFO  c.h.p.o.HiveMQPlatformReconciler - [customop] Reconciling HiveMQ Platform 'test-hivemq-platform-beta' in namespace 'customoperatornamespacesit-beta'
2025-01-30 18:29:06,818 INFO c.h.h.t.HelmChartContainer - [hivemq-test-hivemq-platform] [hivemq-platform-operator] [f987fc50] 18:29:06.817 [ReconcilerExecutor-hivemq-controller-133] DEBUG c.h.p.o.HiveMQPlatformReconciler - [customop] Custom Resource Status STARTING - HiveMQ Platform is starting (READY)
2025-01-30 18:29:06,819 INFO c.h.h.t.HelmChartContainer - [hivemq-test-hivemq-platform] [hivemq-platform-operator] [f987fc50] 18:29:06.817 [ReconcilerExecutor-hivemq-controller-133] DEBUG c.h.p.o.HiveMQPlatformReconciler - [customop] Custom Resource Spec (replicas: 1) (extensions: 1)
2025-01-30 18:29:06,820 INFO c.h.h.t.HelmChartContainer - [hivemq-test-hivemq-platform] [hivemq-platform-operator] [f987fc50] 18:29:06.818 [ReconcilerExecutor-hivemq-controller-133] DEBUG c.h.p.o.HiveMQPlatformReconciler - [customop] StatefulSet Status (revision: test-hivemq-platform-beta-68c75dbff9, replicas: 1, available: 0, ready: 0, current: 1, updated: 1)
2025-01-30 18:29:06,822 INFO c.h.h.t.HelmChartContainer - [hivemq-test-hivemq-platform] [hivemq-platform-operator] [f987fc50] 18:29:06.820 [ReconcilerExecutor-hivemq-controller-133] DEBUG c.h.p.o.HiveMQPlatformReconciler - [customop] StatefulSet Spec (replicas: 1, init containers: 1, containers: 1, volumes: 3)
2025-01-30 18:29:06,824 INFO c.h.h.t.HelmChartContainer - [hivemq-test-hivemq-platform] [hivemq-platform-operator] [f987fc50] 18:29:06.821 [ReconcilerExecutor-hivemq-controller-133] DEBUG c.h.p.o.h.HiveMQPlatformReconcilerErrorHandler - [customop] Pod 'test-hivemq-platform-beta-0' phase Running
2025-01-30 18:29:06,829 INFO c.h.h.t.HelmChartContainer - [hivemq-test-hivemq-platform] [hivemq-platform-operator] [f987fc50] 18:29:06.828 [ReconcilerExecutor-hivemq-controller-133] INFO  c.h.p.o.h.HiveMQPlatformReconcilerBaseHandler - [customop] HiveMQ Platform is starting, 0 of 1 replicas are ready
2025-01-30 18:29:06,833 INFO c.h.h.t.HelmChartContainer - [test-hivemq-platform] [hivemq] [2ff7c012] INFO  - Extension "DNS Cluster Discovery Extension" version 4.3.2 started successfully.
2025-01-30 18:29:06,847 INFO c.h.h.t.HelmChartContainer - [test-hivemq-platform] [hivemq] [2ff7c012] INFO  - Starting extension with id "hivemq-prometheus-extension" at /opt/hivemq/extensions/hivemq-prometheus-extension
2025-01-30 18:29:06,858 INFO c.h.h.t.HelmChartContainer - [test-hivemq-platform] [hivemq] [2ff7c012] INFO  - Using TCP cluster transport on address 10.42.0.6 and port 7000
2025-01-30 18:29:06,935 INFO c.h.h.t.HelmChartContainer - [test-hivemq-platform] [hivemq] [2ff7c012] INFO  - Using extension cluster discovery
2025-01-30 18:29:07,126 INFO c.h.h.t.HelmChartContainer - [test-hivemq-platform] [hivemq] [e850f3e1] INFO  - [HiveMQ Platform Operator Init App 1.7.0-SNAPSHOT] Returning Health API response 503 for readiness
2025-01-30 18:29:07,130 INFO c.h.h.t.HelmChartContainer - [EVENT] Warning [Unhealthy] Readiness probe failed: HTTP probe failed with statuscode: 503 [customoperatornamespacesit-beta:test-hivemq-platform-beta-0]
2025-01-30 18:29:07,130 INFO c.h.h.t.HelmChartContainer - Received Unhealthy event for container hivemq in pod test-hivemq-platform-beta-0 [e850f3e1-5bec-46d3-a077-af6851b442c3]
2025-01-30 18:29:07,315 INFO c.h.h.t.HelmChartContainer - [EVENT] Warning [Unhealthy] Readiness probe failed: Get "http://10.42.0.6:7979/readiness": context deadline exceeded (Client.Timeout exceeded while awaiting headers) [customoperatornamespacesit-alpha:test-hivemq-platform-alpha-0]
2025-01-30 18:29:07,315 INFO c.h.h.t.HelmChartContainer - Received Unhealthy event for container hivemq in pod test-hivemq-platform-alpha-0 [2ff7c012-f04a-4270-9439-452e35540eaf]
2025-01-30 18:29:07,956 INFO c.h.h.t.HelmChartContainer - [test-hivemq-platform] [hivemq] [2ff7c012] INFO  - Started Jetty Server exposing Prometheus Servlet on URI http://0.0.0.0:9399/
2025-01-30 18:29:07,958 INFO c.h.h.t.HelmChartContainer - [test-hivemq-platform] [hivemq] [2ff7c012] INFO  - Extension "Prometheus Monitoring Extension" version 4.0.12 started successfully.
2025-01-30 18:29:07,958 INFO c.h.h.t.HelmChartContainer - [test-hivemq-platform] [hivemq] [2ff7c012] INFO  - Starting extension with id "hivemq-allow-all-extension" at /opt/hivemq/extensions/hivemq-allow-all-extension
2025-01-30 18:29:07,958 INFO c.h.h.t.HelmChartContainer - [test-hivemq-platform] [hivemq] [2ff7c012] WARN  - 
2025-01-30 18:29:07,958 INFO c.h.h.t.HelmChartContainer - [test-hivemq-platform] [hivemq] [2ff7c012] ################################################################################################################
2025-01-30 18:29:07,958 INFO c.h.h.t.HelmChartContainer - [test-hivemq-platform] [hivemq] [2ff7c012] # This HiveMQ deployment is not secure! You are lacking Authentication and Authorization.                      #
2025-01-30 18:29:07,958 INFO c.h.h.t.HelmChartContainer - [test-hivemq-platform] [hivemq] [2ff7c012] # Right now any MQTT client can connect to the broker with a full set of permissions.                          #
2025-01-30 18:29:07,958 INFO c.h.h.t.HelmChartContainer - [test-hivemq-platform] [hivemq] [2ff7c012] # For production usage, add an appropriate security extension and remove the hivemq-allow-all extension.       #
2025-01-30 18:29:07,958 INFO c.h.h.t.HelmChartContainer - [test-hivemq-platform] [hivemq] [2ff7c012] # You can download security extensions from the HiveMQ Marketplace (https://www.hivemq.com/extensions/).       #
2025-01-30 18:29:07,958 INFO c.h.h.t.HelmChartContainer - [test-hivemq-platform] [hivemq] [2ff7c012] ################################################################################################################
2025-01-30 18:29:07,958 INFO c.h.h.t.HelmChartContainer - [test-hivemq-platform] [hivemq] [2ff7c012] INFO  - Extension "Allow All Extension" version 1.1.1 started successfully.
2025-01-30 18:29:08,052 INFO c.h.h.t.HelmChartContainer - [test-hivemq-platform] [hivemq] [2ff7c012] INFO  - [HiveMQ Platform Operator Init App 1.7.0-SNAPSHOT] Returning Health API response 503 for readiness
2025-01-30 18:29:08,514 INFO c.h.h.t.HelmChartContainer - [test-hivemq-platform] [hivemq] [e850f3e1] INFO  - MOsVZ: no members discovered after 2194 ms: creating cluster as first member
2025-01-30 18:29:08,521 INFO c.h.h.t.HelmChartContainer - [test-hivemq-platform] [hivemq] [e850f3e1] INFO  - Cluster nodes found by discovery: [MOsVZ|0] (1) [MOsVZ].
2025-01-30 18:29:08,538 INFO c.h.h.t.HelmChartContainer - [test-hivemq-platform] [hivemq] [e850f3e1] WARN  - No user for HiveMQ Control Center configured. Starting with default user
2025-01-30 18:29:08,539 INFO c.h.h.t.HelmChartContainer - [test-hivemq-platform] [hivemq] [e850f3e1] INFO  - Starting HiveMQ Control Center on address 0.0.0.0 and port 8080
2025-01-30 18:29:08,541 INFO c.h.h.t.HelmChartContainer - [test-hivemq-platform] [hivemq] [e850f3e1] INFO  - Mounting HiveMQ Control Center V2 Preview
2025-01-30 18:29:09,233 INFO c.h.h.t.HelmChartContainer - [test-hivemq-platform] [hivemq] [e850f3e1] INFO  - Started HiveMQ Control Center in 695ms
2025-01-30 18:29:09,342 INFO c.h.h.t.HelmChartContainer - [test-hivemq-platform] [hivemq] [e850f3e1] INFO  - Starting TCP listener on address 0.0.0.0 and port 1883
2025-01-30 18:29:09,432 INFO c.h.h.t.HelmChartContainer - [test-hivemq-platform] [hivemq] [e850f3e1] INFO  - Started TCP Listener on address 0.0.0.0 and on port 1883.
2025-01-30 18:29:09,432 INFO c.h.h.t.HelmChartContainer - [test-hivemq-platform] [hivemq] [e850f3e1] INFO  - Started HiveMQ in 31104ms
2025-01-30 18:29:10,152 INFO c.h.h.t.HelmChartContainer - [test-hivemq-platform] [hivemq] [2ff7c012] INFO  - q4Fch: no members discovered after 2303 ms: creating cluster as first member
2025-01-30 18:29:10,158 INFO c.h.h.t.HelmChartContainer - [test-hivemq-platform] [hivemq] [2ff7c012] INFO  - Cluster nodes found by discovery: [q4Fch|0] (1) [q4Fch].
2025-01-30 18:29:10,253 INFO c.h.h.t.HelmChartContainer - [test-hivemq-platform] [hivemq] [2ff7c012] WARN  - No user for HiveMQ Control Center configured. Starting with default user
2025-01-30 18:29:10,254 INFO c.h.h.t.HelmChartContainer - [test-hivemq-platform] [hivemq] [2ff7c012] INFO  - Starting HiveMQ Control Center on address 0.0.0.0 and port 8080
2025-01-30 18:29:10,255 INFO c.h.h.t.HelmChartContainer - [test-hivemq-platform] [hivemq] [2ff7c012] INFO  - Mounting HiveMQ Control Center V2 Preview
2025-01-30 18:29:10,853 INFO c.h.h.t.HelmChartContainer - [test-hivemq-platform] [hivemq] [2ff7c012] INFO  - Started HiveMQ Control Center in 601ms
2025-01-30 18:29:10,871 INFO c.h.h.t.HelmChartContainer - [test-hivemq-platform] [hivemq] [2ff7c012] INFO  - Starting TCP listener on address 0.0.0.0 and port 1883
2025-01-30 18:29:10,948 INFO c.h.h.t.HelmChartContainer - [test-hivemq-platform] [hivemq] [2ff7c012] INFO  - Started TCP Listener on address 0.0.0.0 and on port 1883.
2025-01-30 18:29:10,948 INFO c.h.h.t.HelmChartContainer - [test-hivemq-platform] [hivemq] [2ff7c012] INFO  - Started HiveMQ in 32798ms
2025-01-30 18:29:11,274 INFO c.h.h.t.HelmChartContainer - [test-hivemq-platform] [hivemq] [2ff7c012] INFO  - [HiveMQ Platform Operator Init App 1.7.0-SNAPSHOT] Returning Health API response 200 for readiness
2025-01-30 18:29:11,286 INFO c.h.h.t.HelmChartContainer - [POD] test-hivemq-platform-alpha-0 [2ff7c012-f04a-4270-9439-452e35540eaf] in customoperatornamespacesit-alpha was MODIFIED
2025-01-30 18:29:11,292 INFO c.h.h.t.HelmChartContainer - [hivemq-test-hivemq-platform] [hivemq-platform-operator] [f987fc50] 18:29:11.290 [pool-6-thread-42] DEBUG c.h.p.o.d.PlatformServiceResource - [customop] Desired Platform services (3 services)
2025-01-30 18:29:11,292 INFO c.h.h.t.HelmChartContainer - [hivemq-test-hivemq-platform] [hivemq-platform-operator] [f987fc50] 18:29:11.291 [pool-6-thread-48] DEBUG c.h.p.o.dependants.PodInfoConfigMap - [customop] Desired PodInfo ConfigMap (1 extensions) (1 enabled)
2025-01-30 18:29:11,300 INFO c.h.h.t.HelmChartContainer - [hivemq-test-hivemq-platform] [hivemq-platform-operator] [f987fc50] 18:29:11.291 [pool-6-thread-48] DEBUG c.h.p.o.dependants.PodInfoConfigMap - [customop] Desired PodInfo ConfigMap (metrics port: 9399) (metrics path: /)
2025-01-30 18:29:11,306 INFO c.h.h.t.HelmChartContainer - [hivemq-test-hivemq-platform] [hivemq-platform-operator] [f987fc50] 18:29:11.291 [pool-6-thread-48] DEBUG c.h.p.o.dependants.PodInfoConfigMap - [customop] Desired PodInfo ConfigMap (extension state hash: -1817474005)
2025-01-30 18:29:11,306 INFO c.h.h.t.HelmChartContainer - [hivemq-test-hivemq-platform] [hivemq-platform-operator] [f987fc50] 18:29:11.294 [pool-6-thread-46] DEBUG c.h.p.o.d.PodServiceAccountResource - [customop] Desired PodServiceAccountResource (serviceAccountName: hivemq-platform-pod-test-hivemq-platform-alpha)
2025-01-30 18:29:11,306 INFO c.h.h.t.HelmChartContainer - [hivemq-test-hivemq-platform] [hivemq-platform-operator] [f987fc50] 18:29:11.297 [pool-6-thread-46] DEBUG c.h.p.o.d.StatefulSetResource - [customop] Desired StatefulSet (1 replicas) for status STARTING (READY)
2025-01-30 18:29:11,306 INFO c.h.h.t.HelmChartContainer - [hivemq-test-hivemq-platform] [hivemq-platform-operator] [f987fc50] 18:29:11.301 [ReconcilerExecutor-hivemq-controller-134] INFO  c.h.p.o.HiveMQPlatformReconciler - [customop] Reconciling HiveMQ Platform 'test-hivemq-platform-alpha' in namespace 'customoperatornamespacesit-alpha'
2025-01-30 18:29:11,306 INFO c.h.h.t.HelmChartContainer - [hivemq-test-hivemq-platform] [hivemq-platform-operator] [f987fc50] 18:29:11.301 [ReconcilerExecutor-hivemq-controller-134] DEBUG c.h.p.o.HiveMQPlatformReconciler - [customop] Custom Resource Status STARTING - HiveMQ Platform is starting (READY)
2025-01-30 18:29:11,306 INFO c.h.h.t.HelmChartContainer - [hivemq-test-hivemq-platform] [hivemq-platform-operator] [f987fc50] 18:29:11.301 [ReconcilerExecutor-hivemq-controller-134] DEBUG c.h.p.o.HiveMQPlatformReconciler - [customop] Custom Resource Spec (replicas: 1) (extensions: 1)
2025-01-30 18:29:11,306 INFO c.h.h.t.HelmChartContainer - [hivemq-test-hivemq-platform] [hivemq-platform-operator] [f987fc50] 18:29:11.302 [ReconcilerExecutor-hivemq-controller-134] DEBUG c.h.p.o.HiveMQPlatformReconciler - [customop] StatefulSet Status (revision: test-hivemq-platform-alpha-5bcd5cb867, replicas: 1, available: 0, ready: 0, current: 1, updated: 1)
2025-01-30 18:29:11,306 INFO c.h.h.t.HelmChartContainer - [hivemq-test-hivemq-platform] [hivemq-platform-operator] [f987fc50] 18:29:11.302 [ReconcilerExecutor-hivemq-controller-134] DEBUG c.h.p.o.HiveMQPlatformReconciler - [customop] StatefulSet Spec (replicas: 1, init containers: 1, containers: 1, volumes: 3)
2025-01-30 18:29:11,306 INFO c.h.h.t.HelmChartContainer - [hivemq-test-hivemq-platform] [hivemq-platform-operator] [f987fc50] 18:29:11.304 [ReconcilerExecutor-hivemq-controller-134] DEBUG c.h.p.o.h.HiveMQPlatformReconcilerErrorHandler - [customop] Pod 'test-hivemq-platform-alpha-0' phase Running
2025-01-30 18:29:11,308 INFO c.h.h.t.HelmChartContainer - [hivemq-test-hivemq-platform] [hivemq-platform-operator] [f987fc50] 18:29:11.304 [ReconcilerExecutor-hivemq-controller-134] INFO  c.h.p.o.h.HiveMQPlatformReconcilerBaseHandler - [customop] HiveMQ Platform is starting, 0 of 1 replicas are ready
2025-01-30 18:29:11,311 INFO c.h.h.t.HelmChartContainer - [hivemq-test-hivemq-platform] [hivemq-platform-operator] [f987fc50] 18:29:11.308 [pool-6-thread-4] DEBUG c.h.p.o.d.PlatformServiceResource - [customop] Desired Platform services (3 services)
2025-01-30 18:29:11,312 INFO c.h.h.t.HelmChartContainer - [hivemq-test-hivemq-platform] [hivemq-platform-operator] [f987fc50] 18:29:11.309 [pool-6-thread-2] DEBUG c.h.p.o.dependants.PodInfoConfigMap - [customop] Desired PodInfo ConfigMap (1 extensions) (1 enabled)
2025-01-30 18:29:11,312 INFO c.h.h.t.HelmChartContainer - [hivemq-test-hivemq-platform] [hivemq-platform-operator] [f987fc50] 18:29:11.309 [pool-6-thread-2] DEBUG c.h.p.o.dependants.PodInfoConfigMap - [customop] Desired PodInfo ConfigMap (metrics port: 9399) (metrics path: /)
2025-01-30 18:29:11,312 INFO c.h.h.t.HelmChartContainer - [hivemq-test-hivemq-platform] [hivemq-platform-operator] [f987fc50] 18:29:11.309 [pool-6-thread-2] DEBUG c.h.p.o.dependants.PodInfoConfigMap - [customop] Desired PodInfo ConfigMap (extension state hash: -1817474005)
2025-01-30 18:29:11,353 INFO c.h.h.t.HelmChartContainer - [hivemq-test-hivemq-platform] [hivemq-platform-operator] [f987fc50] 18:29:11.351 [pool-6-thread-10] DEBUG c.h.p.o.d.PodServiceAccountResource - [customop] Desired PodServiceAccountResource (serviceAccountName: hivemq-platform-pod-test-hivemq-platform-alpha)
2025-01-30 18:29:11,357 INFO c.h.h.t.HelmChartContainer - [hivemq-test-hivemq-platform] [hivemq-platform-operator] [f987fc50] 18:29:11.356 [pool-6-thread-4] DEBUG c.h.p.o.d.StatefulSetResource - [customop] Desired StatefulSet (1 replicas) for status STARTING (READY)
2025-01-30 18:29:11,360 INFO c.h.h.t.HelmChartContainer - [hivemq-test-hivemq-platform] [hivemq-platform-operator] [f987fc50] 18:29:11.359 [ReconcilerExecutor-hivemq-controller-135] INFO  c.h.p.o.HiveMQPlatformReconciler - [customop] Reconciling HiveMQ Platform 'test-hivemq-platform-alpha' in namespace 'customoperatornamespacesit-alpha'
2025-01-30 18:29:11,362 INFO c.h.h.t.HelmChartContainer - [hivemq-test-hivemq-platform] [hivemq-platform-operator] [f987fc50] 18:29:11.359 [ReconcilerExecutor-hivemq-controller-135] DEBUG c.h.p.o.HiveMQPlatformReconciler - [customop] Custom Resource Status STARTING - HiveMQ Platform is starting (READY)
2025-01-30 18:29:11,362 INFO c.h.h.t.HelmChartContainer - [hivemq-test-hivemq-platform] [hivemq-platform-operator] [f987fc50] 18:29:11.359 [ReconcilerExecutor-hivemq-controller-135] DEBUG c.h.p.o.HiveMQPlatformReconciler - [customop] Custom Resource Spec (replicas: 1) (extensions: 1)
2025-01-30 18:29:11,363 INFO c.h.h.t.HelmChartContainer - [hivemq-test-hivemq-platform] [hivemq-platform-operator] [f987fc50] 18:29:11.360 [ReconcilerExecutor-hivemq-controller-135] DEBUG c.h.p.o.HiveMQPlatformReconciler - [customop] StatefulSet Status (revision: test-hivemq-platform-alpha-5bcd5cb867, replicas: 1, available: 1, ready: 1, current: 1, updated: 1)
2025-01-30 18:29:11,363 INFO c.h.h.t.HelmChartContainer - [hivemq-test-hivemq-platform] [hivemq-platform-operator] [f987fc50] 18:29:11.360 [ReconcilerExecutor-hivemq-controller-135] DEBUG c.h.p.o.HiveMQPlatformReconciler - [customop] StatefulSet Spec (replicas: 1, init containers: 1, containers: 1, volumes: 3)
2025-01-30 18:29:11,363 INFO c.h.h.t.HelmChartContainer - [hivemq-test-hivemq-platform] [hivemq-platform-operator] [f987fc50] 18:29:11.361 [ReconcilerExecutor-hivemq-controller-135] DEBUG c.h.p.o.h.HiveMQPlatformReconcilerErrorHandler - [customop] Pod 'test-hivemq-platform-alpha-0' phase Running
2025-01-30 18:29:11,363 INFO c.h.h.t.HelmChartContainer - [hivemq-test-hivemq-platform] [hivemq-platform-operator] [f987fc50] 18:29:11.361 [ReconcilerExecutor-hivemq-controller-135] INFO  c.h.p.o.h.HiveMQPlatformReconcilerBaseHandler - [customop] HiveMQ Platform started successfully
2025-01-30 18:29:11,459 INFO c.h.h.t.HelmChartContainer - [hivemq-test-hivemq-platform] [hivemq-platform-operator] [f987fc50] 18:29:11.458 [ReconcilerExecutor-hivemq-controller-135] DEBUG c.h.p.operator.event.EventSender - [customop] Creating K8s event hivemq-platform-ready: [Ready] HiveMQ Platform is ready
2025-01-30 18:29:11,462 INFO c.h.h.t.HelmChartContainer - [EVENT] Normal [Ready] HiveMQ Platform is ready [customoperatornamespacesit-alpha:test-hivemq-platform-alpha]
2025-01-30 18:29:11,463 INFO c.h.h.t.HelmChartContainer - [hivemq-test-hivemq-platform] [hivemq-platform-operator] [f987fc50] 18:29:11.462 [ReconcilerExecutor-hivemq-controller-135] INFO  c.h.p.o.h.AbstractHiveMQReconcilerStateHandler - [customop] Update HiveMQ Platform Status (STARTING [READY] -> RUNNING [READY]): HiveMQ Platform is ready
2025-01-30 18:29:11,472 DEBUG com.hivemq.helmcharts.util.K8sUtil - Comparing actual state 'RUNNING' and waiting for 'RUNNING'
2025-01-30 18:29:11,485 DEBUG com.hivemq.helmcharts.util.K8sUtil - Comparing actual state 'STARTING' and waiting for 'RUNNING'
2025-01-30 18:29:11,537 INFO c.h.h.t.HelmChartContainer - [test-hivemq-platform] [hivemq] [e850f3e1] INFO  - [HiveMQ Platform Operator Init App 1.7.0-SNAPSHOT] Returning Health API response 200 for readiness
2025-01-30 18:29:11,549 INFO c.h.h.t.HelmChartContainer - [POD] test-hivemq-platform-beta-0 [e850f3e1-5bec-46d3-a077-af6851b442c3] in customoperatornamespacesit-beta was MODIFIED
2025-01-30 18:29:11,556 INFO c.h.h.t.HelmChartContainer - [hivemq-test-hivemq-platform] [hivemq-platform-operator] [f987fc50] 18:29:11.553 [pool-6-thread-13] DEBUG c.h.p.o.dependants.PodInfoConfigMap - [customop] Desired PodInfo ConfigMap (1 extensions) (1 enabled)
2025-01-30 18:29:11,556 INFO c.h.h.t.HelmChartContainer - [hivemq-test-hivemq-platform] [hivemq-platform-operator] [f987fc50] 18:29:11.553 [pool-6-thread-13] DEBUG c.h.p.o.dependants.PodInfoConfigMap - [customop] Desired PodInfo ConfigMap (metrics port: 9399) (metrics path: /)
2025-01-30 18:29:11,556 INFO c.h.h.t.HelmChartContainer - [hivemq-test-hivemq-platform] [hivemq-platform-operator] [f987fc50] 18:29:11.553 [pool-6-thread-13] DEBUG c.h.p.o.dependants.PodInfoConfigMap - [customop] Desired PodInfo ConfigMap (extension state hash: -1817474005)
2025-01-30 18:29:11,568 INFO c.h.h.t.HelmChartContainer - [hivemq-test-hivemq-platform] [hivemq-platform-operator] [f987fc50] 18:29:11.554 [pool-6-thread-3] DEBUG c.h.p.o.d.PodServiceAccountResource - [customop] Desired PodServiceAccountResource (serviceAccountName: hivemq-platform-pod-test-hivemq-platform-beta)
2025-01-30 18:29:11,568 INFO c.h.h.t.HelmChartContainer - [hivemq-test-hivemq-platform] [hivemq-platform-operator] [f987fc50] 18:29:11.556 [pool-6-thread-20] DEBUG c.h.p.o.d.PlatformServiceResource - [customop] Desired Platform services (3 services)
2025-01-30 18:29:11,568 INFO c.h.h.t.HelmChartContainer - [hivemq-test-hivemq-platform] [hivemq-platform-operator] [f987fc50] 18:29:11.560 [pool-6-thread-8] DEBUG c.h.p.o.d.StatefulSetResource - [customop] Desired StatefulSet (1 replicas) for status STARTING (READY)
2025-01-30 18:29:11,569 INFO c.h.h.t.HelmChartContainer - [hivemq-test-hivemq-platform] [hivemq-platform-operator] [f987fc50] 18:29:11.563 [ReconcilerExecutor-hivemq-controller-136] INFO  c.h.p.o.HiveMQPlatformReconciler - [customop] Reconciling HiveMQ Platform 'test-hivemq-platform-beta' in namespace 'customoperatornamespacesit-beta'
2025-01-30 18:29:11,569 INFO c.h.h.t.HelmChartContainer - [hivemq-test-hivemq-platform] [hivemq-platform-operator] [f987fc50] 18:29:11.564 [ReconcilerExecutor-hivemq-controller-136] DEBUG c.h.p.o.HiveMQPlatformReconciler - [customop] Custom Resource Status STARTING - HiveMQ Platform is starting (READY)
2025-01-30 18:29:11,569 INFO c.h.h.t.HelmChartContainer - [hivemq-test-hivemq-platform] [hivemq-platform-operator] [f987fc50] 18:29:11.564 [ReconcilerExecutor-hivemq-controller-136] DEBUG c.h.p.o.HiveMQPlatformReconciler - [customop] Custom Resource Spec (replicas: 1) (extensions: 1)
2025-01-30 18:29:11,569 INFO c.h.h.t.HelmChartContainer - [hivemq-test-hivemq-platform] [hivemq-platform-operator] [f987fc50] 18:29:11.565 [ReconcilerExecutor-hivemq-controller-136] DEBUG c.h.p.o.HiveMQPlatformReconciler - [customop] StatefulSet Status (revision: test-hivemq-platform-beta-68c75dbff9, replicas: 1, available: 0, ready: 0, current: 1, updated: 1)
2025-01-30 18:29:11,569 INFO c.h.h.t.HelmChartContainer - [hivemq-test-hivemq-platform] [hivemq-platform-operator] [f987fc50] 18:29:11.565 [ReconcilerExecutor-hivemq-controller-136] DEBUG c.h.p.o.HiveMQPlatformReconciler - [customop] StatefulSet Spec (replicas: 1, init containers: 1, containers: 1, volumes: 3)
2025-01-30 18:29:11,569 INFO c.h.h.t.HelmChartContainer - [hivemq-test-hivemq-platform] [hivemq-platform-operator] [f987fc50] 18:29:11.566 [ReconcilerExecutor-hivemq-controller-136] DEBUG c.h.p.o.h.HiveMQPlatformReconcilerErrorHandler - [customop] Pod 'test-hivemq-platform-beta-0' phase Running
2025-01-30 18:29:11,569 INFO c.h.h.t.HelmChartContainer - [hivemq-test-hivemq-platform] [hivemq-platform-operator] [f987fc50] 18:29:11.566 [ReconcilerExecutor-hivemq-controller-136] INFO  c.h.p.o.h.HiveMQPlatformReconcilerBaseHandler - [customop] HiveMQ Platform is starting, 0 of 1 replicas are ready
2025-01-30 18:29:11,657 INFO c.h.h.t.HelmChartContainer - [hivemq-test-hivemq-platform] [hivemq-platform-operator] [f987fc50] 18:29:11.652 [pool-6-thread-38] DEBUG c.h.p.o.d.PlatformServiceResource - [customop] Desired Platform services (3 services)
2025-01-30 18:29:11,657 INFO c.h.h.t.HelmChartContainer - [hivemq-test-hivemq-platform] [hivemq-platform-operator] [f987fc50] 18:29:11.653 [pool-6-thread-23] DEBUG c.h.p.o.dependants.PodInfoConfigMap - [customop] Desired PodInfo ConfigMap (1 extensions) (1 enabled)
2025-01-30 18:29:11,657 INFO c.h.h.t.HelmChartContainer - [hivemq-test-hivemq-platform] [hivemq-platform-operator] [f987fc50] 18:29:11.654 [pool-6-thread-23] DEBUG c.h.p.o.dependants.PodInfoConfigMap - [customop] Desired PodInfo ConfigMap (metrics port: 9399) (metrics path: /)
2025-01-30 18:29:11,657 INFO c.h.h.t.HelmChartContainer - [hivemq-test-hivemq-platform] [hivemq-platform-operator] [f987fc50] 18:29:11.654 [pool-6-thread-23] DEBUG c.h.p.o.dependants.PodInfoConfigMap - [customop] Desired PodInfo ConfigMap (extension state hash: -1817474005)
2025-01-30 18:29:11,660 INFO c.h.h.t.HelmChartContainer - [hivemq-test-hivemq-platform] [hivemq-platform-operator] [f987fc50] 18:29:11.655 [pool-6-thread-23] DEBUG c.h.p.o.d.PodServiceAccountResource - [customop] Desired PodServiceAccountResource (serviceAccountName: hivemq-platform-pod-test-hivemq-platform-beta)
2025-01-30 18:29:11,661 INFO c.h.h.t.HelmChartContainer - [hivemq-test-hivemq-platform] [hivemq-platform-operator] [f987fc50] 18:29:11.660 [pool-6-thread-38] DEBUG c.h.p.o.d.StatefulSetResource - [customop] Desired StatefulSet (1 replicas) for status STARTING (READY)
2025-01-30 18:29:11,667 INFO c.h.h.t.HelmChartContainer - [hivemq-test-hivemq-platform] [hivemq-platform-operator] [f987fc50] 18:29:11.666 [ReconcilerExecutor-hivemq-controller-137] INFO  c.h.p.o.HiveMQPlatformReconciler - [customop] Reconciling HiveMQ Platform 'test-hivemq-platform-beta' in namespace 'customoperatornamespacesit-beta'
2025-01-30 18:29:11,669 INFO c.h.h.t.HelmChartContainer - [hivemq-test-hivemq-platform] [hivemq-platform-operator] [f987fc50] 18:29:11.666 [ReconcilerExecutor-hivemq-controller-137] DEBUG c.h.p.o.HiveMQPlatformReconciler - [customop] Custom Resource Status STARTING - HiveMQ Platform is starting (READY)
2025-01-30 18:29:11,670 INFO c.h.h.t.HelmChartContainer - [hivemq-test-hivemq-platform] [hivemq-platform-operator] [f987fc50] 18:29:11.667 [ReconcilerExecutor-hivemq-controller-137] DEBUG c.h.p.o.HiveMQPlatformReconciler - [customop] Custom Resource Spec (replicas: 1) (extensions: 1)
2025-01-30 18:29:11,671 INFO c.h.h.t.HelmChartContainer - [hivemq-test-hivemq-platform] [hivemq-platform-operator] [f987fc50] 18:29:11.670 [ReconcilerExecutor-hivemq-controller-137] DEBUG c.h.p.o.HiveMQPlatformReconciler - [customop] StatefulSet Status (revision: test-hivemq-platform-beta-68c75dbff9, replicas: 1, available: 1, ready: 1, current: 1, updated: 1)
2025-01-30 18:29:11,672 INFO c.h.h.t.HelmChartContainer - [hivemq-test-hivemq-platform] [hivemq-platform-operator] [f987fc50] 18:29:11.670 [ReconcilerExecutor-hivemq-controller-137] DEBUG c.h.p.o.HiveMQPlatformReconciler - [customop] StatefulSet Spec (replicas: 1, init containers: 1, containers: 1, volumes: 3)
2025-01-30 18:29:11,673 INFO c.h.h.t.HelmChartContainer - [hivemq-test-hivemq-platform] [hivemq-platform-operator] [f987fc50] 18:29:11.672 [ReconcilerExecutor-hivemq-controller-137] DEBUG c.h.p.o.h.HiveMQPlatformReconcilerErrorHandler - [customop] Pod 'test-hivemq-platform-beta-0' phase Running
2025-01-30 18:29:11,674 INFO c.h.h.t.HelmChartContainer - [hivemq-test-hivemq-platform] [hivemq-platform-operator] [f987fc50] 18:29:11.674 [ReconcilerExecutor-hivemq-controller-137] INFO  c.h.p.o.h.HiveMQPlatformReconcilerBaseHandler - [customop] HiveMQ Platform started successfully
2025-01-30 18:29:11,763 INFO c.h.h.t.HelmChartContainer - [hivemq-test-hivemq-platform] [hivemq-platform-operator] [f987fc50] 18:29:11.762 [ReconcilerExecutor-hivemq-controller-137] DEBUG c.h.p.operator.event.EventSender - [customop] Creating K8s event hivemq-platform-ready: [Ready] HiveMQ Platform is ready
2025-01-30 18:29:11,769 INFO c.h.h.t.HelmChartContainer - [EVENT] Normal [Ready] HiveMQ Platform is ready [customoperatornamespacesit-beta:test-hivemq-platform-beta]
2025-01-30 18:29:11,770 INFO c.h.h.t.HelmChartContainer - [hivemq-test-hivemq-platform] [hivemq-platform-operator] [f987fc50] 18:29:11.768 [ReconcilerExecutor-hivemq-controller-137] INFO  c.h.p.o.h.AbstractHiveMQReconcilerStateHandler - [customop] Update HiveMQ Platform Status (STARTING [READY] -> RUNNING [READY]): HiveMQ Platform is ready
2025-01-30 18:29:11,778 DEBUG com.hivemq.helmcharts.util.K8sUtil - Comparing actual state 'RUNNING' and waiting for 'RUNNING'
2025-01-30 18:29:11,840 INFO c.h.h.t.HelmChartContainer - Uninstalling release 'test-hivemq-platform-alpha' in namespace 'customoperatornamespacesit-alpha'...
2025-01-30 18:29:11,841 DEBUG c.h.h.t.HelmChartContainer - Executing helm command: /bin/helm --kubeconfig /etc/rancher/k3s/k3s.yaml uninstall test-hivemq-platform-alpha  --wait --timeout 5m0s --cascade foreground --namespace customoperatornamespacesit-alpha
2025-01-30 18:29:12,040 INFO c.h.h.t.HelmChartContainer - [hivemq-test-hivemq-platform] [hivemq-platform-operator] [f987fc50] 18:29:12.033 [pool-6-thread-32] DEBUG c.h.p.o.d.PlatformServiceResource - [customop] Desired Platform services (3 services)
2025-01-30 18:29:12,040 INFO c.h.h.t.HelmChartContainer - [hivemq-test-hivemq-platform] [hivemq-platform-operator] [f987fc50] 18:29:12.034 [pool-6-thread-40] DEBUG c.h.p.o.dependants.PodInfoConfigMap - [customop] Desired PodInfo ConfigMap (1 extensions) (1 enabled)
2025-01-30 18:29:12,040 INFO c.h.h.t.HelmChartContainer - [hivemq-test-hivemq-platform] [hivemq-platform-operator] [f987fc50] 18:29:12.034 [pool-6-thread-40] DEBUG c.h.p.o.dependants.PodInfoConfigMap - [customop] Desired PodInfo ConfigMap (metrics port: 9399) (metrics path: /)
2025-01-30 18:29:12,040 INFO c.h.h.t.HelmChartContainer - [hivemq-test-hivemq-platform] [hivemq-platform-operator] [f987fc50] 18:29:12.034 [pool-6-thread-40] DEBUG c.h.p.o.dependants.PodInfoConfigMap - [customop] Desired PodInfo ConfigMap (extension state hash: -1817474005)
2025-01-30 18:29:12,040 INFO c.h.h.t.HelmChartContainer - [hivemq-test-hivemq-platform] [hivemq-platform-operator] [f987fc50] 18:29:12.035 [pool-6-thread-40] DEBUG c.h.p.o.dependants.PodInfoConfigMap - [customop] Update PodInfo ConfigMap
2025-01-30 18:29:12,040 INFO c.h.h.t.HelmChartContainer - [hivemq-test-hivemq-platform] [hivemq-platform-operator] [f987fc50] 18:29:12.036 [pool-6-thread-30] DEBUG c.h.p.o.d.PodServiceAccountResource - [customop] Desired PodServiceAccountResource (serviceAccountName: hivemq-platform-pod-test-hivemq-platform-alpha)
2025-01-30 18:29:12,123 INFO c.h.h.t.HelmChartContainer - [hivemq-test-hivemq-platform] [hivemq-platform-operator] [f987fc50] 18:29:12.119 [pool-6-thread-40] DEBUG c.h.p.o.d.StatefulSetResource - [customop] Desired StatefulSet (1 replicas) for status RUNNING (READY)
2025-01-30 18:29:12,126 INFO c.h.h.t.HelmChartContainer - [hivemq-test-hivemq-platform] [hivemq-platform-operator] [f987fc50] 18:29:12.123 [ReconcilerExecutor-hivemq-controller-138] INFO  c.h.p.o.HiveMQPlatformReconciler - [customop] Reconciling HiveMQ Platform 'test-hivemq-platform-alpha' in namespace 'customoperatornamespacesit-alpha'
2025-01-30 18:29:12,127 INFO c.h.h.t.HelmChartContainer - [hivemq-test-hivemq-platform] [hivemq-platform-operator] [f987fc50] 18:29:12.124 [ReconcilerExecutor-hivemq-controller-138] DEBUG c.h.p.o.HiveMQPlatformReconciler - [customop] Custom Resource Status RUNNING - HiveMQ Platform is ready (READY)
2025-01-30 18:29:12,127 INFO c.h.h.t.HelmChartContainer - [hivemq-test-hivemq-platform] [hivemq-platform-operator] [f987fc50] 18:29:12.124 [ReconcilerExecutor-hivemq-controller-138] DEBUG c.h.p.o.HiveMQPlatformReconciler - [customop] Custom Resource Spec (replicas: 1) (extensions: 1)
2025-01-30 18:29:12,127 INFO c.h.h.t.HelmChartContainer - [hivemq-test-hivemq-platform] [hivemq-platform-operator] [f987fc50] 18:29:12.124 [ReconcilerExecutor-hivemq-controller-138] WARN  c.h.p.o.h.HiveMQPlatformReconcilerErrorHandler - [customop] Could not find ConfigMap 'hivemq-configuration-test-hivemq-platform-alpha' for HiveMQ Platform configuration
2025-01-30 18:29:12,228 INFO c.h.h.t.HelmChartContainer - [hivemq-test-hivemq-platform] [hivemq-platform-operator] [f987fc50] 18:29:12.227 [ReconcilerExecutor-hivemq-controller-138] DEBUG c.h.p.operator.event.EventSender - [customop] Creating K8s event hivemq-platform-invalid-configuration: [Start] Could not find ConfigMap 'hivemq-configuration-test-hivemq-platform-alpha' for HiveMQ Platform configuration
2025-01-30 18:29:12,232 INFO c.h.h.t.HelmChartContainer - [EVENT] Warning [Start] Could not find ConfigMap 'hivemq-configuration-test-hivemq-platform-alpha' for HiveMQ Platform configuration [customoperatornamespacesit-alpha:test-hivemq-platform-alpha]
2025-01-30 18:29:12,252 INFO c.h.h.t.HelmChartContainer - [hivemq-test-hivemq-platform] [hivemq-platform-operator] [f987fc50] 18:29:12.250 [ReconcilerExecutor-hivemq-controller-138] INFO  c.h.p.o.h.AbstractHiveMQReconcilerStateHandler - [customop] Update HiveMQ Platform Status (RUNNING [READY] -> ERROR [INVALID_CONFIG_MAP]): Could not find ConfigMap 'hivemq-configuration-test-hivemq-platform-alpha' for HiveMQ Platform configuration
2025-01-30 18:29:12,324 INFO c.h.h.t.HelmChartContainer - [hivemq-test-hivemq-platform] [hivemq-platform-operator] [f987fc50] 18:29:12.319 [ReconcilerExecutor-hivemq-controller-138] ERROR i.j.o.p.event.EventProcessor - Error during event processing ExecutionScope{ resource id: ResourceID{name='test-hivemq-platform-alpha', namespace='customoperatornamespacesit-alpha'}, version: 674}
2025-01-30 18:29:12,324 INFO c.h.h.t.HelmChartContainer - [hivemq-test-hivemq-platform] [hivemq-platform-operator] [f987fc50] io.fabric8.kubernetes.client.KubernetesClientException: Failure executing: PUT at: https://10.43.0.1:443/apis/hivemq.com/v1/namespaces/customoperatornamespacesit-alpha/hivemq-platforms/test-hivemq-platform-alpha/status. Message: Operation cannot be fulfilled on hivemq-platforms.hivemq.com "test-hivemq-platform-alpha": the object has been modified; please apply your changes to the latest version and try again. Received status: Status(apiVersion=v1, code=409, details=StatusDetails(causes=[], group=hivemq.com, kind=hivemq-platforms, name=test-hivemq-platform-alpha, retryAfterSeconds=null, uid=null, additionalProperties={}), kind=Status, message=Operation cannot be fulfilled on hivemq-platforms.hivemq.com "test-hivemq-platform-alpha": the object has been modified; please apply your changes to the latest version and try again, metadata=ListMeta(_continue=null, remainingItemCount=null, resourceVersion=null, selfLink=null, additionalProperties={}), reason=Conflict, status=Failure, additionalProperties={}).
2025-01-30 18:29:12,324 INFO c.h.h.t.HelmChartContainer - [hivemq-test-hivemq-platform] [hivemq-platform-operator] [f987fc50] 	at io.fabric8.kubernetes.client.KubernetesClientException.copyAsCause(KubernetesClientException.java:238)
2025-01-30 18:29:12,324 INFO c.h.h.t.HelmChartContainer - [hivemq-test-hivemq-platform] [hivemq-platform-operator] [f987fc50] 	at io.fabric8.kubernetes.client.dsl.internal.OperationSupport.waitForResult(OperationSupport.java:507)
2025-01-30 18:29:12,324 INFO c.h.h.t.HelmChartContainer - [hivemq-test-hivemq-platform] [hivemq-platform-operator] [f987fc50] 	at io.fabric8.kubernetes.client.dsl.internal.OperationSupport.handleResponse(OperationSupport.java:524)
2025-01-30 18:29:12,324 INFO c.h.h.t.HelmChartContainer - [hivemq-test-hivemq-platform] [hivemq-platform-operator] [f987fc50] 	at io.fabric8.kubernetes.client.dsl.internal.OperationSupport.handleUpdate(OperationSupport.java:358)
2025-01-30 18:29:12,324 INFO c.h.h.t.HelmChartContainer - [hivemq-test-hivemq-platform] [hivemq-platform-operator] [f987fc50] 	at io.fabric8.kubernetes.client.dsl.internal.BaseOperation.handleUpdate(BaseOperation.java:759)
2025-01-30 18:29:12,324 INFO c.h.h.t.HelmChartContainer - [hivemq-test-hivemq-platform] [hivemq-platform-operator] [f987fc50] 	at io.fabric8.kubernetes.client.dsl.internal.HasMetadataOperation.update(HasMetadataOperation.java:138)
2025-01-30 18:29:12,324 INFO c.h.h.t.HelmChartContainer - [hivemq-test-hivemq-platform] [hivemq-platform-operator] [f987fc50] 	at io.fabric8.kubernetes.client.dsl.internal.HasMetadataOperation.update(HasMetadataOperation.java:121)
2025-01-30 18:29:12,324 INFO c.h.h.t.HelmChartContainer - [hivemq-test-hivemq-platform] [hivemq-platform-operator] [f987fc50] 	at io.fabric8.kubernetes.client.dsl.internal.HasMetadataOperation.updateStatus(HasMetadataOperation.java:126)
2025-01-30 18:29:12,327 INFO c.h.h.t.HelmChartContainer - [hivemq-test-hivemq-platform] [hivemq-platform-operator] [f987fc50] 	at io.fabric8.kubernetes.client.dsl.internal.HasMetadataOperation.updateStatus(HasMetadataOperation.java:44)
2025-01-30 18:29:12,327 INFO c.h.h.t.HelmChartContainer - [hivemq-test-hivemq-platform] [hivemq-platform-operator] [f987fc50] 	at io.javaoperatorsdk.operator.processing.event.ReconciliationDispatcher$CustomResourceFacade.updateStatus(ReconciliationDispatcher.java:408)
2025-01-30 18:29:12,327 INFO c.h.h.t.HelmChartContainer - [hivemq-test-hivemq-platform] [hivemq-platform-operator] [f987fc50] 	at io.javaoperatorsdk.operator.processing.event.ReconciliationDispatcher.updateStatusGenerationAware(ReconciliationDispatcher.java:228)
2025-01-30 18:29:12,327 INFO c.h.h.t.HelmChartContainer - [hivemq-test-hivemq-platform] [hivemq-platform-operator] [f987fc50] 	at io.javaoperatorsdk.operator.processing.event.ReconciliationDispatcher.reconcileExecution(ReconciliationDispatcher.java:150)
2025-01-30 18:29:12,327 INFO c.h.h.t.HelmChartContainer - [hivemq-test-hivemq-platform] [hivemq-platform-operator] [f987fc50] 	at io.javaoperatorsdk.operator.processing.event.ReconciliationDispatcher.handleReconcile(ReconciliationDispatcher.java:117)
2025-01-30 18:29:12,327 INFO c.h.h.t.HelmChartContainer - [hivemq-test-hivemq-platform] [hivemq-platform-operator] [f987fc50] 	at io.javaoperatorsdk.operator.processing.event.ReconciliationDispatcher.handleDispatch(ReconciliationDispatcher.java:91)
2025-01-30 18:29:12,327 INFO c.h.h.t.HelmChartContainer - [hivemq-test-hivemq-platform] [hivemq-platform-operator] [f987fc50] 	at io.javaoperatorsdk.operator.processing.event.ReconciliationDispatcher.handleExecution(ReconciliationDispatcher.java:64)
2025-01-30 18:29:12,327 INFO c.h.h.t.HelmChartContainer - [hivemq-test-hivemq-platform] [hivemq-platform-operator] [f987fc50] 	at io.javaoperatorsdk.operator.processing.event.EventProcessor$ReconcilerExecutor.run(EventProcessor.java:452)
2025-01-30 18:29:12,327 INFO c.h.h.t.HelmChartContainer - [hivemq-test-hivemq-platform] [hivemq-platform-operator] [f987fc50] 	at java.base/java.util.concurrent.ThreadPoolExecutor.runWorker(Unknown Source)
2025-01-30 18:29:12,327 INFO c.h.h.t.HelmChartContainer - [hivemq-test-hivemq-platform] [hivemq-platform-operator] [f987fc50] 	at java.base/java.util.concurrent.ThreadPoolExecutor$Worker.run(Unknown Source)
2025-01-30 18:29:12,327 INFO c.h.h.t.HelmChartContainer - [hivemq-test-hivemq-platform] [hivemq-platform-operator] [f987fc50] 	at java.base/java.lang.Thread.run(Unknown Source)
2025-01-30 18:29:12,327 INFO c.h.h.t.HelmChartContainer - [hivemq-test-hivemq-platform] [hivemq-platform-operator] [f987fc50] Caused by: io.fabric8.kubernetes.client.KubernetesClientException: Failure executing: PUT at: https://10.43.0.1:443/apis/hivemq.com/v1/namespaces/customoperatornamespacesit-alpha/hivemq-platforms/test-hivemq-platform-alpha/status. Message: Operation cannot be fulfilled on hivemq-platforms.hivemq.com "test-hivemq-platform-alpha": the object has been modified; please apply your changes to the latest version and try again. Received status: Status(apiVersion=v1, code=409, details=StatusDetails(causes=[], group=hivemq.com, kind=hivemq-platforms, name=test-hivemq-platform-alpha, retryAfterSeconds=null, uid=null, additionalProperties={}), kind=Status, message=Operation cannot be fulfilled on hivemq-platforms.hivemq.com "test-hivemq-platform-alpha": the object has been modified; please apply your changes to the latest version and try again, metadata=ListMeta(_continue=null, remainingItemCount=null, resourceVersion=null, selfLink=null, additionalProperties={}), reason=Conflict, status=Failure, additionalProperties={}).
2025-01-30 18:29:12,327 INFO c.h.h.t.HelmChartContainer - [hivemq-test-hivemq-platform] [hivemq-platform-operator] [f987fc50] 	at io.fabric8.kubernetes.client.dsl.internal.OperationSupport.requestFailure(OperationSupport.java:660)
2025-01-30 18:29:12,327 INFO c.h.h.t.HelmChartContainer - [hivemq-test-hivemq-platform] [hivemq-platform-operator] [f987fc50] 	at io.fabric8.kubernetes.client.dsl.internal.OperationSupport.requestFailure(OperationSupport.java:640)
2025-01-30 18:29:12,327 INFO c.h.h.t.HelmChartContainer - [hivemq-test-hivemq-platform] [hivemq-platform-operator] [f987fc50] 	at io.fabric8.kubernetes.client.dsl.internal.OperationSupport.assertResponseCode(OperationSupport.java:589)
2025-01-30 18:29:12,327 INFO c.h.h.t.HelmChartContainer - [hivemq-test-hivemq-platform] [hivemq-platform-operator] [f987fc50] 	at io.fabric8.kubernetes.client.dsl.internal.OperationSupport.lambda$handleResponse$0(OperationSupport.java:549)
2025-01-30 18:29:12,327 INFO c.h.h.t.HelmChartContainer - [hivemq-test-hivemq-platform] [hivemq-platform-operator] [f987fc50] 	at java.base/java.util.concurrent.CompletableFuture$UniApply.tryFire(Unknown Source)
2025-01-30 18:29:12,327 INFO c.h.h.t.HelmChartContainer - [hivemq-test-hivemq-platform] [hivemq-platform-operator] [f987fc50] 	at java.base/java.util.concurrent.CompletableFuture.postComplete(Unknown Source)
2025-01-30 18:29:12,327 INFO c.h.h.t.HelmChartContainer - [hivemq-test-hivemq-platform] [hivemq-platform-operator] [f987fc50] 	at java.base/java.util.concurrent.CompletableFuture.complete(Unknown Source)
2025-01-30 18:29:12,327 INFO c.h.h.t.HelmChartContainer - [hivemq-test-hivemq-platform] [hivemq-platform-operator] [f987fc50] 	at io.fabric8.kubernetes.client.http.StandardHttpClient.lambda$completeOrCancel$10(StandardHttpClient.java:141)
2025-01-30 18:29:12,327 INFO c.h.h.t.HelmChartContainer - [hivemq-test-hivemq-platform] [hivemq-platform-operator] [f987fc50] 	at java.base/java.util.concurrent.CompletableFuture.uniWhenComplete(Unknown Source)
2025-01-30 18:29:12,327 INFO c.h.h.t.HelmChartContainer - [hivemq-test-hivemq-platform] [hivemq-platform-operator] [f987fc50] 	at java.base/java.util.concurrent.CompletableFuture$UniWhenComplete.tryFire(Unknown Source)
2025-01-30 18:29:12,327 INFO c.h.h.t.HelmChartContainer - [hivemq-test-hivemq-platform] [hivemq-platform-operator] [f987fc50] 	at java.base/java.util.concurrent.CompletableFuture.postComplete(Unknown Source)
2025-01-30 18:29:12,327 INFO c.h.h.t.HelmChartContainer - [hivemq-test-hivemq-platform] [hivemq-platform-operator] [f987fc50] 	at java.base/java.util.concurrent.CompletableFuture.complete(Unknown Source)
2025-01-30 18:29:12,327 INFO c.h.h.t.HelmChartContainer - [hivemq-test-hivemq-platform] [hivemq-platform-operator] [f987fc50] 	at io.fabric8.kubernetes.client.http.ByteArrayBodyHandler.onBodyDone(ByteArrayBodyHandler.java:51)
2025-01-30 18:29:12,327 INFO c.h.h.t.HelmChartContainer - [hivemq-test-hivemq-platform] [hivemq-platform-operator] [f987fc50] 	at java.base/java.util.concurrent.CompletableFuture.uniWhenComplete(Unknown Source)
2025-01-30 18:29:12,327 INFO c.h.h.t.HelmChartContainer - [hivemq-test-hivemq-platform] [hivemq-platform-operator] [f987fc50] 	at java.base/java.util.concurrent.CompletableFuture$UniWhenComplete.tryFire(Unknown Source)
2025-01-30 18:29:12,327 INFO c.h.h.t.HelmChartContainer - [hivemq-test-hivemq-platform] [hivemq-platform-operator] [f987fc50] 	at java.base/java.util.concurrent.CompletableFuture.postComplete(Unknown Source)
2025-01-30 18:29:12,327 INFO c.h.h.t.HelmChartContainer - [hivemq-test-hivemq-platform] [hivemq-platform-operator] [f987fc50] 	at java.base/java.util.concurrent.CompletableFuture.complete(Unknown Source)
2025-01-30 18:29:12,327 INFO c.h.h.t.HelmChartContainer - [hivemq-test-hivemq-platform] [hivemq-platform-operator] [f987fc50] 	at io.fabric8.kubernetes.client.vertx.VertxHttpRequest.lambda$null$1(VertxHttpRequest.java:121)
2025-01-30 18:29:12,327 INFO c.h.h.t.HelmChartContainer - [hivemq-test-hivemq-platform] [hivemq-platform-operator] [f987fc50] 	at io.vertx.core.impl.ContextInternal.dispatch(ContextInternal.java:279)
2025-01-30 18:29:12,327 INFO c.h.h.t.HelmChartContainer - [hivemq-test-hivemq-platform] [hivemq-platform-operator] [f987fc50] 	at io.vertx.core.impl.ContextInternal.dispatch(ContextInternal.java:261)
2025-01-30 18:29:12,327 INFO c.h.h.t.HelmChartContainer - [hivemq-test-hivemq-platform] [hivemq-platform-operator] [f987fc50] 	at io.vertx.core.http.impl.HttpEventHandler.handleEnd(HttpEventHandler.java:76)
2025-01-30 18:29:12,327 INFO c.h.h.t.HelmChartContainer - [hivemq-test-hivemq-platform] [hivemq-platform-operator] [f987fc50] 	at io.vertx.core.http.impl.HttpClientResponseImpl.handleEnd(HttpClientResponseImpl.java:250)
2025-01-30 18:29:12,327 INFO c.h.h.t.HelmChartContainer - [hivemq-test-hivemq-platform] [hivemq-platform-operator] [f987fc50] 	at io.vertx.core.http.impl.Http1xClientConnection$StreamImpl.lambda$new$0(Http1xClientConnection.java:421)
2025-01-30 18:29:12,327 INFO c.h.h.t.HelmChartContainer - [hivemq-test-hivemq-platform] [hivemq-platform-operator] [f987fc50] 	at io.vertx.core.streams.impl.InboundBuffer.handleEvent(InboundBuffer.java:279)
2025-01-30 18:29:12,327 INFO c.h.h.t.HelmChartContainer - [hivemq-test-hivemq-platform] [hivemq-platform-operator] [f987fc50] 	at io.vertx.core.streams.impl.InboundBuffer.write(InboundBuffer.java:157)
2025-01-30 18:29:12,327 INFO c.h.h.t.HelmChartContainer - [hivemq-test-hivemq-platform] [hivemq-platform-operator] [f987fc50] 	at io.vertx.core.http.impl.Http1xClientConnection$StreamImpl.handleEnd(Http1xClientConnection.java:709)
2025-01-30 18:29:12,327 INFO c.h.h.t.HelmChartContainer - [hivemq-test-hivemq-platform] [hivemq-platform-operator] [f987fc50] 	at io.vertx.core.impl.ContextImpl.execute(ContextImpl.java:313)
2025-01-30 18:29:12,327 INFO c.h.h.t.HelmChartContainer - [hivemq-test-hivemq-platform] [hivemq-platform-operator] [f987fc50] 	at io.vertx.core.impl.ContextImpl.execute(ContextImpl.java:293)
2025-01-30 18:29:12,327 INFO c.h.h.t.HelmChartContainer - [hivemq-test-hivemq-platform] [hivemq-platform-operator] [f987fc50] 	at io.vertx.core.http.impl.Http1xClientConnection.handleResponseEnd(Http1xClientConnection.java:940)
2025-01-30 18:29:12,327 INFO c.h.h.t.HelmChartContainer - [hivemq-test-hivemq-platform] [hivemq-platform-operator] [f987fc50] 	at io.vertx.core.http.impl.Http1xClientConnection.handleHttpMessage(Http1xClientConnection.java:810)
2025-01-30 18:29:12,328 INFO c.h.h.t.HelmChartContainer - [hivemq-test-hivemq-platform] [hivemq-platform-operator] [f987fc50] 	at io.vertx.core.http.impl.Http1xClientConnection.handleMessage(Http1xClientConnection.java:774)
2025-01-30 18:29:12,328 INFO c.h.h.t.HelmChartContainer - [hivemq-test-hivemq-platform] [hivemq-platform-operator] [f987fc50] 	at io.vertx.core.net.impl.ConnectionBase.read(ConnectionBase.java:159)
2025-01-30 18:29:12,328 INFO c.h.h.t.HelmChartContainer - [hivemq-test-hivemq-platform] [hivemq-platform-operator] [f987fc50] 	at io.vertx.core.net.impl.VertxHandler.channelRead(VertxHandler.java:153)
2025-01-30 18:29:12,328 INFO c.h.h.t.HelmChartContainer - [hivemq-test-hivemq-platform] [hivemq-platform-operator] [f987fc50] 	at io.netty.channel.AbstractChannelHandlerContext.invokeChannelRead(AbstractChannelHandlerContext.java:442)
2025-01-30 18:29:12,328 INFO c.h.h.t.HelmChartContainer - [hivemq-test-hivemq-platform] [hivemq-platform-operator] [f987fc50] 	at io.netty.channel.AbstractChannelHandlerContext.invokeChannelRead(AbstractChannelHandlerContext.java:420)
2025-01-30 18:29:12,328 INFO c.h.h.t.HelmChartContainer - [hivemq-test-hivemq-platform] [hivemq-platform-operator] [f987fc50] 	at io.netty.channel.AbstractChannelHandlerContext.fireChannelRead(AbstractChannelHandlerContext.java:412)
2025-01-30 18:29:12,328 INFO c.h.h.t.HelmChartContainer - [hivemq-test-hivemq-platform] [hivemq-platform-operator] [f987fc50] 	at io.netty.channel.CombinedChannelDuplexHandler$DelegatingChannelHandlerContext.fireChannelRead(CombinedChannelDuplexHandler.java:436)
2025-01-30 18:29:12,328 INFO c.h.h.t.HelmChartContainer - [hivemq-test-hivemq-platform] [hivemq-platform-operator] [f987fc50] 	at io.netty.handler.codec.ByteToMessageDecoder.fireChannelRead(ByteToMessageDecoder.java:346)
2025-01-30 18:29:12,328 INFO c.h.h.t.HelmChartContainer - [hivemq-test-hivemq-platform] [hivemq-platform-operator] [f987fc50] 	at io.netty.handler.codec.ByteToMessageDecoder.channelRead(ByteToMessageDecoder.java:318)
2025-01-30 18:29:12,328 INFO c.h.h.t.HelmChartContainer - [hivemq-test-hivemq-platform] [hivemq-platform-operator] [f987fc50] 	at io.netty.channel.CombinedChannelDuplexHandler.channelRead(CombinedChannelDuplexHandler.java:251)
2025-01-30 18:29:12,328 INFO c.h.h.t.HelmChartContainer - [hivemq-test-hivemq-platform] [hivemq-platform-operator] [f987fc50] 	at io.netty.channel.AbstractChannelHandlerContext.invokeChannelRead(AbstractChannelHandlerContext.java:442)
2025-01-30 18:29:12,328 INFO c.h.h.t.HelmChartContainer - [hivemq-test-hivemq-platform] [hivemq-platform-operator] [f987fc50] 	at io.netty.channel.AbstractChannelHandlerContext.invokeChannelRead(AbstractChannelHandlerContext.java:420)
2025-01-30 18:29:12,328 INFO c.h.h.t.HelmChartContainer - [hivemq-test-hivemq-platform] [hivemq-platform-operator] [f987fc50] 	at io.netty.channel.AbstractChannelHandlerContext.fireChannelRead(AbstractChannelHandlerContext.java:412)
2025-01-30 18:29:12,328 INFO c.h.h.t.HelmChartContainer - [hivemq-test-hivemq-platform] [hivemq-platform-operator] [f987fc50] 	at io.netty.handler.ssl.SslHandler.unwrap(SslHandler.java:1475)
2025-01-30 18:29:12,328 INFO c.h.h.t.HelmChartContainer - [hivemq-test-hivemq-platform] [hivemq-platform-operator] [f987fc50] 	at io.netty.handler.ssl.SslHandler.decodeJdkCompatible(SslHandler.java:1338)
2025-01-30 18:29:12,328 INFO c.h.h.t.HelmChartContainer - [hivemq-test-hivemq-platform] [hivemq-platform-operator] [f987fc50] 	at io.netty.handler.ssl.SslHandler.decode(SslHandler.java:1387)
2025-01-30 18:29:12,328 INFO c.h.h.t.HelmChartContainer - [hivemq-test-hivemq-platform] [hivemq-platform-operator] [f987fc50] 	at io.netty.handler.codec.ByteToMessageDecoder.decodeRemovalReentryProtection(ByteToMessageDecoder.java:530)
2025-01-30 18:29:12,328 INFO c.h.h.t.HelmChartContainer - [hivemq-test-hivemq-platform] [hivemq-platform-operator] [f987fc50] 	at io.netty.handler.codec.ByteToMessageDecoder.callDecode(ByteToMessageDecoder.java:469)
2025-01-30 18:29:12,328 INFO c.h.h.t.HelmChartContainer - [hivemq-test-hivemq-platform] [hivemq-platform-operator] [f987fc50] 	at io.netty.handler.codec.ByteToMessageDecoder.channelRead(ByteToMessageDecoder.java:290)
2025-01-30 18:29:12,328 INFO c.h.h.t.HelmChartContainer - [hivemq-test-hivemq-platform] [hivemq-platform-operator] [f987fc50] 	at io.netty.channel.AbstractChannelHandlerContext.invokeChannelRead(AbstractChannelHandlerContext.java:444)
2025-01-30 18:29:12,328 INFO c.h.h.t.HelmChartContainer - [hivemq-test-hivemq-platform] [hivemq-platform-operator] [f987fc50] 	at io.netty.channel.AbstractChannelHandlerContext.invokeChannelRead(AbstractChannelHandlerContext.java:420)
2025-01-30 18:29:12,328 INFO c.h.h.t.HelmChartContainer - [hivemq-test-hivemq-platform] [hivemq-platform-operator] [f987fc50] 	at io.netty.channel.AbstractChannelHandlerContext.fireChannelRead(AbstractChannelHandlerContext.java:412)
2025-01-30 18:29:12,328 INFO c.h.h.t.HelmChartContainer - [hivemq-test-hivemq-platform] [hivemq-platform-operator] [f987fc50] 	at io.netty.channel.DefaultChannelPipeline$HeadContext.channelRead(DefaultChannelPipeline.java:1407)
2025-01-30 18:29:12,328 INFO c.h.h.t.HelmChartContainer - [hivemq-test-hivemq-platform] [hivemq-platform-operator] [f987fc50] 	at io.netty.channel.AbstractChannelHandlerContext.invokeChannelRead(AbstractChannelHandlerContext.java:440)
2025-01-30 18:29:12,328 INFO c.h.h.t.HelmChartContainer - [hivemq-test-hivemq-platform] [hivemq-platform-operator] [f987fc50] 	at io.netty.channel.AbstractChannelHandlerContext.invokeChannelRead(AbstractChannelHandlerContext.java:420)
2025-01-30 18:29:12,328 INFO c.h.h.t.HelmChartContainer - [hivemq-test-hivemq-platform] [hivemq-platform-operator] [f987fc50] 	at io.netty.channel.DefaultChannelPipeline.fireChannelRead(DefaultChannelPipeline.java:918)
2025-01-30 18:29:12,328 INFO c.h.h.t.HelmChartContainer - [hivemq-test-hivemq-platform] [hivemq-platform-operator] [f987fc50] 	at io.netty.channel.nio.AbstractNioByteChannel$NioByteUnsafe.read(AbstractNioByteChannel.java:166)
2025-01-30 18:29:12,328 INFO c.h.h.t.HelmChartContainer - [hivemq-test-hivemq-platform] [hivemq-platform-operator] [f987fc50] 	at io.netty.channel.nio.NioEventLoop.processSelectedKey(NioEventLoop.java:788)
2025-01-30 18:29:12,328 INFO c.h.h.t.HelmChartContainer - [hivemq-test-hivemq-platform] [hivemq-platform-operator] [f987fc50] 	at io.netty.channel.nio.NioEventLoop.processSelectedKeysOptimized(NioEventLoop.java:724)
2025-01-30 18:29:12,328 INFO c.h.h.t.HelmChartContainer - [hivemq-test-hivemq-platform] [hivemq-platform-operator] [f987fc50] 	at io.netty.channel.nio.NioEventLoop.processSelectedKeys(NioEventLoop.java:650)
2025-01-30 18:29:12,328 INFO c.h.h.t.HelmChartContainer - [hivemq-test-hivemq-platform] [hivemq-platform-operator] [f987fc50] 	at io.netty.channel.nio.NioEventLoop.run(NioEventLoop.java:562)
2025-01-30 18:29:12,328 INFO c.h.h.t.HelmChartContainer - [hivemq-test-hivemq-platform] [hivemq-platform-operator] [f987fc50] 	at io.netty.util.concurrent.SingleThreadEventExecutor$4.run(SingleThreadEventExecutor.java:997)
2025-01-30 18:29:12,328 INFO c.h.h.t.HelmChartContainer - [hivemq-test-hivemq-platform] [hivemq-platform-operator] [f987fc50] 	at io.netty.util.internal.ThreadExecutorMap$2.run(ThreadExecutorMap.java:74)
2025-01-30 18:29:12,328 INFO c.h.h.t.HelmChartContainer - [hivemq-test-hivemq-platform] [hivemq-platform-operator] [f987fc50] 	at io.netty.util.concurrent.FastThreadLocalRunnable.run(FastThreadLocalRunnable.java:30)
2025-01-30 18:29:12,328 INFO c.h.h.t.HelmChartContainer - [hivemq-test-hivemq-platform] [hivemq-platform-operator] [f987fc50] 	... 1 common frames omitted
2025-01-30 18:29:12,336 INFO c.h.h.t.HelmChartContainer - [hivemq-test-hivemq-platform] [hivemq-platform-operator] [f987fc50] 18:29:12.333 [ReconcilerExecutor-hivemq-controller-139] INFO  c.h.p.o.HiveMQPlatformReconciler - [customop] Cleanup test-hivemq-platform-alpha - customoperatornamespacesit-alpha HiveMQ Platform is shut down
2025-01-30 18:29:12,969 INFO c.h.h.t.HelmChartContainer - [EVENT] Normal [Killing] Stopping container hivemq [customoperatornamespacesit-alpha:test-hivemq-platform-alpha-0]
2025-01-30 18:29:12,969 INFO c.h.h.t.HelmChartContainer - Received Killing event for container hivemq in pod test-hivemq-platform-alpha-0 [2ff7c012-f04a-4270-9439-452e35540eaf]
2025-01-30 18:29:12,969 INFO c.h.h.t.HelmChartContainer - Container [test-hivemq-platform-alpha-0] [hivemq] [2ff7c012-f04a-4270-9439-452e35540eaf] was terminated
2025-01-30 18:29:12,970 INFO c.h.h.t.HelmChartContainer - Stopped log watcher for hivemq in pod test-hivemq-platform-alpha-0 [2ff7c012-f04a-4270-9439-452e35540eaf]
2025-01-30 18:29:12,970 INFO c.h.h.t.HelmChartContainer - [POD] test-hivemq-platform-alpha-0 [2ff7c012-f04a-4270-9439-452e35540eaf] in customoperatornamespacesit-alpha was MODIFIED
2025-01-30 18:29:12,978 INFO c.h.h.t.HelmChartContainer - [test-hivemq-platform] [hivemq] [2ff7c012] INFO  - [HiveMQ Platform Operator Init App 1.7.0-SNAPSHOT] Shutting down
2025-01-30 18:29:12,978 INFO c.h.h.t.HelmChartContainer - [test-hivemq-platform] [hivemq] [2ff7c012] INFO  - [HiveMQ Platform Operator Init App 1.7.0-SNAPSHOT] Stopping the HiveMQ Platform
2025-01-30 18:29:13,067 INFO c.h.h.t.HelmChartContainer - [test-hivemq-platform] [hivemq] [2ff7c012] INFO  - Shutting down HiveMQ. Please wait, this could take a while...
2025-01-30 18:29:13,151 INFO c.h.h.t.HelmChartContainer - [test-hivemq-platform] [hivemq] [2ff7c012] INFO  - Shutting down listeners and clients
2025-01-30 18:29:13,153 INFO c.h.h.t.HelmChartContainer - [test-hivemq-platform] [hivemq] [2ff7c012] INFO  - Shutdown of listeners is done
2025-01-30 18:29:13,153 INFO c.h.h.t.HelmChartContainer - [test-hivemq-platform] [hivemq] [2ff7c012] INFO  - No clients are connected, proceeding with shutdown
2025-01-30 18:29:14,082 INFO c.h.h.t.HelmChartContainer - Deleting namespace 'customoperatornamespacesit-alpha'...
2025-01-30 18:29:15,857 INFO c.h.h.t.HelmChartContainer - [test-hivemq-platform] [hivemq] [2ff7c012] INFO  - Shutting down extension system
2025-01-30 18:29:15,862 INFO c.h.h.t.HelmChartContainer - [test-hivemq-platform] [hivemq] [2ff7c012] INFO  - Stopping extension with id hivemq-dns-cluster-discovery
2025-01-30 18:29:15,863 INFO c.h.h.t.HelmChartContainer - [test-hivemq-platform] [hivemq] [2ff7c012] INFO  - Extension "DNS Cluster Discovery Extension" version 4.3.2 stopped successfully.
2025-01-30 18:29:15,863 INFO c.h.h.t.HelmChartContainer - [test-hivemq-platform] [hivemq] [2ff7c012] INFO  - Stopping extension with id hivemq-prometheus-extension
2025-01-30 18:29:15,868 INFO c.h.h.t.HelmChartContainer - [test-hivemq-platform] [hivemq] [2ff7c012] INFO  - Extension "Prometheus Monitoring Extension" version 4.0.12 stopped successfully.
2025-01-30 18:29:15,868 INFO c.h.h.t.HelmChartContainer - [test-hivemq-platform] [hivemq] [2ff7c012] INFO  - Stopping extension with id hivemq-allow-all-extension
2025-01-30 18:29:15,869 INFO c.h.h.t.HelmChartContainer - [test-hivemq-platform] [hivemq] [2ff7c012] INFO  - Extension "Allow All Extension" version 1.1.1 stopped successfully.
2025-01-30 18:29:16,270 INFO c.h.h.t.HelmChartContainer - [test-hivemq-platform] [hivemq] [2ff7c012] INFO  - [HiveMQ Platform Operator Init App 1.7.0-SNAPSHOT] Returning shutdown Health API response 503 for readiness
2025-01-30 18:29:16,274 INFO c.h.h.t.HelmChartContainer - [EVENT] Warning [Unhealthy] Readiness probe failed: HTTP probe failed with statuscode: 503 [customoperatornamespacesit-alpha:test-hivemq-platform-alpha-0]
2025-01-30 18:29:16,274 INFO c.h.h.t.HelmChartContainer - Received Unhealthy event for container hivemq in pod test-hivemq-platform-alpha-0 [2ff7c012-f04a-4270-9439-452e35540eaf]
2025-01-30 18:29:16,671 INFO c.h.h.t.HelmChartContainer - [K3S] [authentication.go:74] "Unable to authenticate the request" err="[invalid bearer token, serviceaccounts \"hivemq-platform-pod-test-hivemq-platform-alpha\" not found]"
2025-01-30 18:29:16,687 INFO c.h.h.t.HelmChartContainer - [K3S] [authentication.go:74] "Unable to authenticate the request" err="[invalid bearer token, serviceaccounts \"hivemq-platform-pod-test-hivemq-platform-alpha\" not found]"
2025-01-30 18:29:16,696 INFO c.h.h.t.HelmChartContainer - [test-hivemq-platform] [hivemq] [2ff7c012] WARN  - [HiveMQ Platform Operator Init App 1.7.0-SNAPSHOT] Could not update Pod annotations: Failure executing: GET at: https://10.43.0.1:443/api/v1/namespaces/customoperatornamespacesit-alpha/pods/test-hivemq-platform-alpha-0. Message: Unauthorized. Received status: Status(apiVersion=v1, code=401, details=null, kind=Status, message=Unauthorized, metadata=ListMeta(_continue=null, remainingItemCount=null, resourceVersion=null, selfLink=null, additionalProperties={}), reason=Unauthorized, status=Failure, additionalProperties={}).
2025-01-30 18:29:18,153 INFO c.h.h.t.HelmChartContainer - [test-hivemq-platform] [hivemq] [2ff7c012] INFO  - Shutdown completed.
2025-01-30 18:29:18,579 INFO c.h.h.t.HelmChartContainer - [test-hivemq-platform] [hivemq] [2ff7c012] INFO  - [HiveMQ Platform Operator Init App 1.7.0-SNAPSHOT] The HiveMQ Platform exited with code 143
2025-01-30 18:29:18,579 INFO c.h.h.t.HelmChartContainer - [test-hivemq-platform] [hivemq] [2ff7c012] INFO  - [HiveMQ Platform Operator Init App 1.7.0-SNAPSHOT] Stopping the REST API
2025-01-30 18:29:18,585 INFO c.h.h.t.HelmChartContainer - [test-hivemq-platform] [hivemq] [2ff7c012] INFO  - [HiveMQ Platform Operator Init App 1.7.0-SNAPSHOT] Shutdown complete
2025-01-30 18:29:19,096 INFO c.h.h.t.HelmChartContainer - [K3S] [stateful_set.go:438] "Unhandled Error" err="error syncing StatefulSet customoperatornamespacesit-alpha/test-hivemq-platform-alpha, requeuing: controllerrevisions.apps \"test-hivemq-platform-alpha-5bcd5cb867\" is forbidden: unable to create new content in namespace customoperatornamespacesit-alpha because it is being terminated"
2025-01-30 18:29:19,098 INFO c.h.h.t.HelmChartContainer - [POD] test-hivemq-platform-alpha-0 [2ff7c012-f04a-4270-9439-452e35540eaf] in customoperatornamespacesit-alpha was MODIFIED
2025-01-30 18:29:19,103 INFO c.h.h.t.HelmChartContainer - [K3S] [stateful_set.go:438] "Unhandled Error" err="error syncing StatefulSet customoperatornamespacesit-alpha/test-hivemq-platform-alpha, requeuing: controllerrevisions.apps \"test-hivemq-platform-alpha-5bcd5cb867\" is forbidden: unable to create new content in namespace customoperatornamespacesit-alpha because it is being terminated"
2025-01-30 18:29:19,111 INFO c.h.h.t.HelmChartContainer - [K3S] [stateful_set.go:466] "StatefulSet has been deleted" key="customoperatornamespacesit-alpha/test-hivemq-platform-alpha"
2025-01-30 18:29:19,114 INFO c.h.h.t.HelmChartContainer - [K3S] [stateful_set.go:466] "StatefulSet has been deleted" key="customoperatornamespacesit-alpha/test-hivemq-platform-alpha"
2025-01-30 18:29:19,162 INFO c.h.h.t.HelmChartContainer - [K3S] [reconciler_common.go:162] "operationExecutor.UnmountVolume started for volume \"pod-info\" (UniqueName: \"kubernetes.io/configmap/2ff7c012-f04a-4270-9439-452e35540eaf-pod-info\") pod \"2ff7c012-f04a-4270-9439-452e35540eaf\" (UID: \"2ff7c012-f04a-4270-9439-452e35540eaf\") "
2025-01-30 18:29:19,162 INFO c.h.h.t.HelmChartContainer - [K3S] [reconciler_common.go:162] "operationExecutor.UnmountVolume started for volume \"broker-configuration\" (UniqueName: \"kubernetes.io/configmap/2ff7c012-f04a-4270-9439-452e35540eaf-broker-configuration\") pod \"2ff7c012-f04a-4270-9439-452e35540eaf\" (UID: \"2ff7c012-f04a-4270-9439-452e35540eaf\") "
2025-01-30 18:29:19,162 INFO c.h.h.t.HelmChartContainer - [K3S] [reconciler_common.go:162] "operationExecutor.UnmountVolume started for volume \"kube-api-access-67s7s\" (UniqueName: \"kubernetes.io/projected/2ff7c012-f04a-4270-9439-452e35540eaf-kube-api-access-67s7s\") pod \"2ff7c012-f04a-4270-9439-452e35540eaf\" (UID: \"2ff7c012-f04a-4270-9439-452e35540eaf\") "
2025-01-30 18:29:19,162 INFO c.h.h.t.HelmChartContainer - [K3S] [reconciler_common.go:162] "operationExecutor.UnmountVolume started for volume \"operator-init\" (UniqueName: \"kubernetes.io/empty-dir/2ff7c012-f04a-4270-9439-452e35540eaf-operator-init\") pod \"2ff7c012-f04a-4270-9439-452e35540eaf\" (UID: \"2ff7c012-f04a-4270-9439-452e35540eaf\") "
2025-01-30 18:29:19,178 INFO c.h.h.t.HelmChartContainer - [K3S] [scope.go:117] "RemoveContainer" containerID="8f7c59faa548c552df004715c08ad5b1d02b018be937cb48af9922d23970ac6e"
2025-01-30 18:29:19,193 INFO c.h.h.t.HelmChartContainer - [POD] test-hivemq-platform-alpha-0 [2ff7c012-f04a-4270-9439-452e35540eaf] in customoperatornamespacesit-alpha was MODIFIED
2025-01-30 18:29:19,196 INFO c.h.h.t.HelmChartContainer - [POD] test-hivemq-platform-alpha-0 [2ff7c012-f04a-4270-9439-452e35540eaf] in customoperatornamespacesit-alpha was DELETED
2025-01-30 18:29:19,262 INFO c.h.h.t.HelmChartContainer - [K3S] [reconciler_common.go:299] "Volume detached for volume \"pod-info\" (UniqueName: \"kubernetes.io/configmap/2ff7c012-f04a-4270-9439-452e35540eaf-pod-info\") on node \"aff12e0b5782\" DevicePath \"\""
2025-01-30 18:29:19,262 INFO c.h.h.t.HelmChartContainer - [K3S] [reconciler_common.go:299] "Volume detached for volume \"operator-init\" (UniqueName: \"kubernetes.io/empty-dir/2ff7c012-f04a-4270-9439-452e35540eaf-operator-init\") on node \"aff12e0b5782\" DevicePath \"\""
2025-01-30 18:29:19,262 INFO c.h.h.t.HelmChartContainer - [K3S] [reconciler_common.go:299] "Volume detached for volume \"broker-configuration\" (UniqueName: \"kubernetes.io/configmap/2ff7c012-f04a-4270-9439-452e35540eaf-broker-configuration\") on node \"aff12e0b5782\" DevicePath \"\""
2025-01-30 18:29:19,263 INFO c.h.h.t.HelmChartContainer - [K3S] [reconciler_common.go:299] "Volume detached for volume \"kube-api-access-67s7s\" (UniqueName: \"kubernetes.io/projected/2ff7c012-f04a-4270-9439-452e35540eaf-kube-api-access-67s7s\") on node \"aff12e0b5782\" DevicePath \"\""
2025-01-30 18:29:19,282 INFO c.h.h.t.HelmChartContainer - [K3S] [scope.go:117] "RemoveContainer" containerID="ae51fefce324a276711530ca8cde94dbaf0c7c2e40d0f77f15913590106542b2"
2025-01-30 18:29:19,285 INFO c.h.h.t.HelmChartContainer - [K3S] [scope.go:117] "RemoveContainer" containerID="8f7c59faa548c552df004715c08ad5b1d02b018be937cb48af9922d23970ac6e"
2025-01-30 18:29:19,286 INFO c.h.h.t.HelmChartContainer - [K3S] [scope.go:117] "RemoveContainer" containerID="ae51fefce324a276711530ca8cde94dbaf0c7c2e40d0f77f15913590106542b2"
2025-01-30 18:29:19,410 INFO c.h.h.t.HelmChartContainer - Namespace 'customoperatornamespacesit-alpha' deleted
2025-01-30 18:29:19,410 INFO c.h.h.t.HelmChartContainer - Release 'test-hivemq-platform-alpha' in namespace 'customoperatornamespacesit-alpha' is uninstalled
2025-01-30 18:29:19,410 INFO c.h.h.t.HelmChartContainer - Uninstalling release 'test-hivemq-platform-beta' in namespace 'customoperatornamespacesit-beta'...
2025-01-30 18:29:19,411 DEBUG c.h.h.t.HelmChartContainer - Executing helm command: /bin/helm --kubeconfig /etc/rancher/k3s/k3s.yaml uninstall test-hivemq-platform-beta  --wait --timeout 5m0s --cascade foreground --namespace customoperatornamespacesit-beta
2025-01-30 18:29:19,610 INFO c.h.h.t.HelmChartContainer - [hivemq-test-hivemq-platform] [hivemq-platform-operator] [f987fc50] 18:29:19.606 [pool-6-thread-48] DEBUG c.h.p.o.d.PlatformServiceResource - [customop] Desired Platform services (3 services)
2025-01-30 18:29:19,614 INFO c.h.h.t.HelmChartContainer - [hivemq-test-hivemq-platform] [hivemq-platform-operator] [f987fc50] 18:29:19.608 [pool-6-thread-44] DEBUG c.h.p.o.d.PodServiceAccountResource - [customop] Desired PodServiceAccountResource (serviceAccountName: hivemq-platform-pod-test-hivemq-platform-beta)
2025-01-30 18:29:19,614 INFO c.h.h.t.HelmChartContainer - [hivemq-test-hivemq-platform] [hivemq-platform-operator] [f987fc50] 18:29:19.610 [pool-6-thread-49] DEBUG c.h.p.o.dependants.PodInfoConfigMap - [customop] Desired PodInfo ConfigMap (1 extensions) (1 enabled)
2025-01-30 18:29:19,614 INFO c.h.h.t.HelmChartContainer - [hivemq-test-hivemq-platform] [hivemq-platform-operator] [f987fc50] 18:29:19.610 [pool-6-thread-49] DEBUG c.h.p.o.dependants.PodInfoConfigMap - [customop] Desired PodInfo ConfigMap (metrics port: 9399) (metrics path: /)
2025-01-30 18:29:19,614 INFO c.h.h.t.HelmChartContainer - [hivemq-test-hivemq-platform] [hivemq-platform-operator] [f987fc50] 18:29:19.610 [pool-6-thread-49] DEBUG c.h.p.o.dependants.PodInfoConfigMap - [customop] Desired PodInfo ConfigMap (extension state hash: -1817474005)
2025-01-30 18:29:19,617 INFO c.h.h.t.HelmChartContainer - [hivemq-test-hivemq-platform] [hivemq-platform-operator] [f987fc50] 18:29:19.611 [pool-6-thread-49] DEBUG c.h.p.o.dependants.PodInfoConfigMap - [customop] Update PodInfo ConfigMap
2025-01-30 18:29:19,661 INFO c.h.h.t.HelmChartContainer - [hivemq-test-hivemq-platform] [hivemq-platform-operator] [f987fc50] 18:29:19.658 [pool-6-thread-49] DEBUG c.h.p.o.d.StatefulSetResource - [customop] Desired StatefulSet (1 replicas) for status RUNNING (READY)
2025-01-30 18:29:19,665 INFO c.h.h.t.HelmChartContainer - [hivemq-test-hivemq-platform] [hivemq-platform-operator] [f987fc50] 18:29:19.664 [pool-6-thread-49] DEBUG c.h.p.o.d.StatefulSetResource - [customop] Update StatefulSet (replicas: 1 -> 1)
2025-01-30 18:29:19,666 INFO c.h.h.t.HelmChartContainer - [hivemq-test-hivemq-platform] [hivemq-platform-operator] [f987fc50] 18:29:19.665 [pool-6-thread-49] DEBUG c.h.p.o.d.StatefulSetResource - [customop] Detected change in StatefulSet specification (path: /template/metadata/annotations/kubernetes-resource-versions) (actual value: {broker-configuration-v2=-2089688360}) (target value: {broker-configuration-v2=0})
2025-01-30 18:29:19,666 INFO c.h.h.t.HelmChartContainer - [hivemq-test-hivemq-platform] [hivemq-platform-operator] [f987fc50] 18:29:19.665 [pool-6-thread-49] INFO  c.h.p.o.d.StatefulSetResource - [customop] StatefulSet spec was updated, triggering rolling restart
2025-01-30 18:29:19,756 INFO c.h.h.t.HelmChartContainer - [hivemq-test-hivemq-platform] [hivemq-platform-operator] [f987fc50] 18:29:19.753 [ReconcilerExecutor-hivemq-controller-141] INFO  c.h.p.o.HiveMQPlatformReconciler - [customop] Reconciling HiveMQ Platform 'test-hivemq-platform-beta' in namespace 'customoperatornamespacesit-beta'
2025-01-30 18:29:19,757 INFO c.h.h.t.HelmChartContainer - [hivemq-test-hivemq-platform] [hivemq-platform-operator] [f987fc50] 18:29:19.754 [ReconcilerExecutor-hivemq-controller-141] DEBUG c.h.p.o.HiveMQPlatformReconciler - [customop] Custom Resource Status RUNNING - HiveMQ Platform is ready (READY) (reconciliation requests: ROLLING_RESTART, REQUESTS_UPDATED)
2025-01-30 18:29:19,757 INFO c.h.h.t.HelmChartContainer - [hivemq-test-hivemq-platform] [hivemq-platform-operator] [f987fc50] 18:29:19.754 [ReconcilerExecutor-hivemq-controller-141] DEBUG c.h.p.o.HiveMQPlatformReconciler - [customop] Custom Resource Spec (replicas: 1) (extensions: 1)
2025-01-30 18:29:19,758 INFO c.h.h.t.HelmChartContainer - [hivemq-test-hivemq-platform] [hivemq-platform-operator] [f987fc50] 18:29:19.755 [ReconcilerExecutor-hivemq-controller-141] WARN  c.h.p.o.h.HiveMQPlatformReconcilerErrorHandler - [customop] Could not find ConfigMap 'hivemq-configuration-test-hivemq-platform-beta' for HiveMQ Platform configuration
2025-01-30 18:29:19,854 INFO c.h.h.t.HelmChartContainer - [hivemq-test-hivemq-platform] [hivemq-platform-operator] [f987fc50] 18:29:19.853 [ReconcilerExecutor-hivemq-controller-141] DEBUG c.h.p.operator.event.EventSender - [customop] Creating K8s event hivemq-platform-invalid-configuration: [Start] Could not find ConfigMap 'hivemq-configuration-test-hivemq-platform-beta' for HiveMQ Platform configuration
2025-01-30 18:29:19,857 INFO c.h.h.t.HelmChartContainer - [EVENT] Warning [Start] Could not find ConfigMap 'hivemq-configuration-test-hivemq-platform-beta' for HiveMQ Platform configuration [customoperatornamespacesit-beta:test-hivemq-platform-beta]
2025-01-30 18:29:19,859 INFO c.h.h.t.HelmChartContainer - [hivemq-test-hivemq-platform] [hivemq-platform-operator] [f987fc50] 18:29:19.858 [ReconcilerExecutor-hivemq-controller-141] INFO  c.h.p.o.h.AbstractHiveMQReconcilerStateHandler - [customop] Update HiveMQ Platform Status (RUNNING [READY] -> ERROR [INVALID_CONFIG_MAP]): Could not find ConfigMap 'hivemq-configuration-test-hivemq-platform-beta' for HiveMQ Platform configuration (reconciliation requests: ROLLING_RESTART)
2025-01-30 18:29:19,868 INFO c.h.h.t.HelmChartContainer - [hivemq-test-hivemq-platform] [hivemq-platform-operator] [f987fc50] 18:29:19.865 [ReconcilerExecutor-hivemq-controller-141] ERROR i.j.o.p.event.EventProcessor - Error during event processing ExecutionScope{ resource id: ResourceID{name='test-hivemq-platform-beta', namespace='customoperatornamespacesit-beta'}, version: 685}
2025-01-30 18:29:19,868 INFO c.h.h.t.HelmChartContainer - [hivemq-test-hivemq-platform] [hivemq-platform-operator] [f987fc50] io.fabric8.kubernetes.client.KubernetesClientException: Failure executing: PUT at: https://10.43.0.1:443/apis/hivemq.com/v1/namespaces/customoperatornamespacesit-beta/hivemq-platforms/test-hivemq-platform-beta/status. Message: Operation cannot be fulfilled on hivemq-platforms.hivemq.com "test-hivemq-platform-beta": the object has been modified; please apply your changes to the latest version and try again. Received status: Status(apiVersion=v1, code=409, details=StatusDetails(causes=[], group=hivemq.com, kind=hivemq-platforms, name=test-hivemq-platform-beta, retryAfterSeconds=null, uid=null, additionalProperties={}), kind=Status, message=Operation cannot be fulfilled on hivemq-platforms.hivemq.com "test-hivemq-platform-beta": the object has been modified; please apply your changes to the latest version and try again, metadata=ListMeta(_continue=null, remainingItemCount=null, resourceVersion=null, selfLink=null, additionalProperties={}), reason=Conflict, status=Failure, additionalProperties={}).
2025-01-30 18:29:19,868 INFO c.h.h.t.HelmChartContainer - [hivemq-test-hivemq-platform] [hivemq-platform-operator] [f987fc50] 	at io.fabric8.kubernetes.client.KubernetesClientException.copyAsCause(KubernetesClientException.java:238)
2025-01-30 18:29:19,868 INFO c.h.h.t.HelmChartContainer - [hivemq-test-hivemq-platform] [hivemq-platform-operator] [f987fc50] 	at io.fabric8.kubernetes.client.dsl.internal.OperationSupport.waitForResult(OperationSupport.java:507)
2025-01-30 18:29:19,868 INFO c.h.h.t.HelmChartContainer - [hivemq-test-hivemq-platform] [hivemq-platform-operator] [f987fc50] 	at io.fabric8.kubernetes.client.dsl.internal.OperationSupport.handleResponse(OperationSupport.java:524)
2025-01-30 18:29:19,868 INFO c.h.h.t.HelmChartContainer - [hivemq-test-hivemq-platform] [hivemq-platform-operator] [f987fc50] 	at io.fabric8.kubernetes.client.dsl.internal.OperationSupport.handleUpdate(OperationSupport.java:358)
2025-01-30 18:29:19,868 INFO c.h.h.t.HelmChartContainer - [hivemq-test-hivemq-platform] [hivemq-platform-operator] [f987fc50] 	at io.fabric8.kubernetes.client.dsl.internal.BaseOperation.handleUpdate(BaseOperation.java:759)
2025-01-30 18:29:19,868 INFO c.h.h.t.HelmChartContainer - [hivemq-test-hivemq-platform] [hivemq-platform-operator] [f987fc50] 	at io.fabric8.kubernetes.client.dsl.internal.HasMetadataOperation.update(HasMetadataOperation.java:138)
2025-01-30 18:29:19,868 INFO c.h.h.t.HelmChartContainer - [hivemq-test-hivemq-platform] [hivemq-platform-operator] [f987fc50] 	at io.fabric8.kubernetes.client.dsl.internal.HasMetadataOperation.update(HasMetadataOperation.java:121)
2025-01-30 18:29:19,868 INFO c.h.h.t.HelmChartContainer - [hivemq-test-hivemq-platform] [hivemq-platform-operator] [f987fc50] 	at io.fabric8.kubernetes.client.dsl.internal.HasMetadataOperation.updateStatus(HasMetadataOperation.java:126)
2025-01-30 18:29:19,868 INFO c.h.h.t.HelmChartContainer - [hivemq-test-hivemq-platform] [hivemq-platform-operator] [f987fc50] 	at io.fabric8.kubernetes.client.dsl.internal.HasMetadataOperation.updateStatus(HasMetadataOperation.java:44)
2025-01-30 18:29:19,868 INFO c.h.h.t.HelmChartContainer - [hivemq-test-hivemq-platform] [hivemq-platform-operator] [f987fc50] 	at io.javaoperatorsdk.operator.processing.event.ReconciliationDispatcher$CustomResourceFacade.updateStatus(ReconciliationDispatcher.java:408)
2025-01-30 18:29:19,868 INFO c.h.h.t.HelmChartContainer - [hivemq-test-hivemq-platform] [hivemq-platform-operator] [f987fc50] 	at io.javaoperatorsdk.operator.processing.event.ReconciliationDispatcher.updateStatusGenerationAware(ReconciliationDispatcher.java:228)
2025-01-30 18:29:19,868 INFO c.h.h.t.HelmChartContainer - [hivemq-test-hivemq-platform] [hivemq-platform-operator] [f987fc50] 	at io.javaoperatorsdk.operator.processing.event.ReconciliationDispatcher.reconcileExecution(ReconciliationDispatcher.java:150)
2025-01-30 18:29:19,868 INFO c.h.h.t.HelmChartContainer - [hivemq-test-hivemq-platform] [hivemq-platform-operator] [f987fc50] 	at io.javaoperatorsdk.operator.processing.event.ReconciliationDispatcher.handleReconcile(ReconciliationDispatcher.java:117)
2025-01-30 18:29:19,868 INFO c.h.h.t.HelmChartContainer - [hivemq-test-hivemq-platform] [hivemq-platform-operator] [f987fc50] 	at io.javaoperatorsdk.operator.processing.event.ReconciliationDispatcher.handleDispatch(ReconciliationDispatcher.java:91)
2025-01-30 18:29:19,868 INFO c.h.h.t.HelmChartContainer - [hivemq-test-hivemq-platform] [hivemq-platform-operator] [f987fc50] 	at io.javaoperatorsdk.operator.processing.event.ReconciliationDispatcher.handleExecution(ReconciliationDispatcher.java:64)
2025-01-30 18:29:19,868 INFO c.h.h.t.HelmChartContainer - [hivemq-test-hivemq-platform] [hivemq-platform-operator] [f987fc50] 	at io.javaoperatorsdk.operator.processing.event.EventProcessor$ReconcilerExecutor.run(EventProcessor.java:452)
2025-01-30 18:29:19,868 INFO c.h.h.t.HelmChartContainer - [hivemq-test-hivemq-platform] [hivemq-platform-operator] [f987fc50] 	at java.base/java.util.concurrent.ThreadPoolExecutor.runWorker(Unknown Source)
2025-01-30 18:29:19,868 INFO c.h.h.t.HelmChartContainer - [hivemq-test-hivemq-platform] [hivemq-platform-operator] [f987fc50] 	at java.base/java.util.concurrent.ThreadPoolExecutor$Worker.run(Unknown Source)
2025-01-30 18:29:19,868 INFO c.h.h.t.HelmChartContainer - [hivemq-test-hivemq-platform] [hivemq-platform-operator] [f987fc50] 	at java.base/java.lang.Thread.run(Unknown Source)
2025-01-30 18:29:19,868 INFO c.h.h.t.HelmChartContainer - [hivemq-test-hivemq-platform] [hivemq-platform-operator] [f987fc50] Caused by: io.fabric8.kubernetes.client.KubernetesClientException: Failure executing: PUT at: https://10.43.0.1:443/apis/hivemq.com/v1/namespaces/customoperatornamespacesit-beta/hivemq-platforms/test-hivemq-platform-beta/status. Message: Operation cannot be fulfilled on hivemq-platforms.hivemq.com "test-hivemq-platform-beta": the object has been modified; please apply your changes to the latest version and try again. Received status: Status(apiVersion=v1, code=409, details=StatusDetails(causes=[], group=hivemq.com, kind=hivemq-platforms, name=test-hivemq-platform-beta, retryAfterSeconds=null, uid=null, additionalProperties={}), kind=Status, message=Operation cannot be fulfilled on hivemq-platforms.hivemq.com "test-hivemq-platform-beta": the object has been modified; please apply your changes to the latest version and try again, metadata=ListMeta(_continue=null, remainingItemCount=null, resourceVersion=null, selfLink=null, additionalProperties={}), reason=Conflict, status=Failure, additionalProperties={}).
2025-01-30 18:29:19,868 INFO c.h.h.t.HelmChartContainer - [hivemq-test-hivemq-platform] [hivemq-platform-operator] [f987fc50] 	at io.fabric8.kubernetes.client.dsl.internal.OperationSupport.requestFailure(OperationSupport.java:660)
2025-01-30 18:29:19,868 INFO c.h.h.t.HelmChartContainer - [hivemq-test-hivemq-platform] [hivemq-platform-operator] [f987fc50] 	at io.fabric8.kubernetes.client.dsl.internal.OperationSupport.requestFailure(OperationSupport.java:640)
2025-01-30 18:29:19,868 INFO c.h.h.t.HelmChartContainer - [hivemq-test-hivemq-platform] [hivemq-platform-operator] [f987fc50] 	at io.fabric8.kubernetes.client.dsl.internal.OperationSupport.assertResponseCode(OperationSupport.java:589)
2025-01-30 18:29:19,868 INFO c.h.h.t.HelmChartContainer - [hivemq-test-hivemq-platform] [hivemq-platform-operator] [f987fc50] 	at io.fabric8.kubernetes.client.dsl.internal.OperationSupport.lambda$handleResponse$0(OperationSupport.java:549)
2025-01-30 18:29:19,868 INFO c.h.h.t.HelmChartContainer - [hivemq-test-hivemq-platform] [hivemq-platform-operator] [f987fc50] 	at java.base/java.util.concurrent.CompletableFuture$UniApply.tryFire(Unknown Source)
2025-01-30 18:29:19,868 INFO c.h.h.t.HelmChartContainer - [hivemq-test-hivemq-platform] [hivemq-platform-operator] [f987fc50] 	at java.base/java.util.concurrent.CompletableFuture.postComplete(Unknown Source)
2025-01-30 18:29:19,868 INFO c.h.h.t.HelmChartContainer - [hivemq-test-hivemq-platform] [hivemq-platform-operator] [f987fc50] 	at java.base/java.util.concurrent.CompletableFuture.complete(Unknown Source)
2025-01-30 18:29:19,868 INFO c.h.h.t.HelmChartContainer - [hivemq-test-hivemq-platform] [hivemq-platform-operator] [f987fc50] 	at io.fabric8.kubernetes.client.http.StandardHttpClient.lambda$completeOrCancel$10(StandardHttpClient.java:141)
2025-01-30 18:29:19,868 INFO c.h.h.t.HelmChartContainer - [hivemq-test-hivemq-platform] [hivemq-platform-operator] [f987fc50] 	at java.base/java.util.concurrent.CompletableFuture.uniWhenComplete(Unknown Source)
2025-01-30 18:29:19,868 INFO c.h.h.t.HelmChartContainer - [hivemq-test-hivemq-platform] [hivemq-platform-operator] [f987fc50] 	at java.base/java.util.concurrent.CompletableFuture$UniWhenComplete.tryFire(Unknown Source)
2025-01-30 18:29:19,868 INFO c.h.h.t.HelmChartContainer - [hivemq-test-hivemq-platform] [hivemq-platform-operator] [f987fc50] 	at java.base/java.util.concurrent.CompletableFuture.postComplete(Unknown Source)
2025-01-30 18:29:19,868 INFO c.h.h.t.HelmChartContainer - [hivemq-test-hivemq-platform] [hivemq-platform-operator] [f987fc50] 	at java.base/java.util.concurrent.CompletableFuture.complete(Unknown Source)
2025-01-30 18:29:19,868 INFO c.h.h.t.HelmChartContainer - [hivemq-test-hivemq-platform] [hivemq-platform-operator] [f987fc50] 	at io.fabric8.kubernetes.client.http.ByteArrayBodyHandler.onBodyDone(ByteArrayBodyHandler.java:51)
2025-01-30 18:29:19,868 INFO c.h.h.t.HelmChartContainer - [hivemq-test-hivemq-platform] [hivemq-platform-operator] [f987fc50] 	at java.base/java.util.concurrent.CompletableFuture.uniWhenComplete(Unknown Source)
2025-01-30 18:29:19,868 INFO c.h.h.t.HelmChartContainer - [hivemq-test-hivemq-platform] [hivemq-platform-operator] [f987fc50] 	at java.base/java.util.concurrent.CompletableFuture$UniWhenComplete.tryFire(Unknown Source)
2025-01-30 18:29:19,868 INFO c.h.h.t.HelmChartContainer - [hivemq-test-hivemq-platform] [hivemq-platform-operator] [f987fc50] 	at java.base/java.util.concurrent.CompletableFuture.postComplete(Unknown Source)
2025-01-30 18:29:19,868 INFO c.h.h.t.HelmChartContainer - [hivemq-test-hivemq-platform] [hivemq-platform-operator] [f987fc50] 	at java.base/java.util.concurrent.CompletableFuture.complete(Unknown Source)
2025-01-30 18:29:19,868 INFO c.h.h.t.HelmChartContainer - [hivemq-test-hivemq-platform] [hivemq-platform-operator] [f987fc50] 	at io.fabric8.kubernetes.client.vertx.VertxHttpRequest.lambda$null$1(VertxHttpRequest.java:121)
2025-01-30 18:29:19,868 INFO c.h.h.t.HelmChartContainer - [hivemq-test-hivemq-platform] [hivemq-platform-operator] [f987fc50] 	at io.vertx.core.impl.ContextInternal.dispatch(ContextInternal.java:279)
2025-01-30 18:29:19,868 INFO c.h.h.t.HelmChartContainer - [hivemq-test-hivemq-platform] [hivemq-platform-operator] [f987fc50] 	at io.vertx.core.impl.ContextInternal.dispatch(ContextInternal.java:261)
2025-01-30 18:29:19,868 INFO c.h.h.t.HelmChartContainer - [hivemq-test-hivemq-platform] [hivemq-platform-operator] [f987fc50] 	at io.vertx.core.http.impl.HttpEventHandler.handleEnd(HttpEventHandler.java:76)
2025-01-30 18:29:19,868 INFO c.h.h.t.HelmChartContainer - [hivemq-test-hivemq-platform] [hivemq-platform-operator] [f987fc50] 	at io.vertx.core.http.impl.HttpClientResponseImpl.handleEnd(HttpClientResponseImpl.java:250)
2025-01-30 18:29:19,868 INFO c.h.h.t.HelmChartContainer - [hivemq-test-hivemq-platform] [hivemq-platform-operator] [f987fc50] 	at io.vertx.core.http.impl.Http1xClientConnection$StreamImpl.lambda$new$0(Http1xClientConnection.java:421)
2025-01-30 18:29:19,868 INFO c.h.h.t.HelmChartContainer - [hivemq-test-hivemq-platform] [hivemq-platform-operator] [f987fc50] 	at io.vertx.core.streams.impl.InboundBuffer.handleEvent(InboundBuffer.java:279)
2025-01-30 18:29:19,868 INFO c.h.h.t.HelmChartContainer - [hivemq-test-hivemq-platform] [hivemq-platform-operator] [f987fc50] 	at io.vertx.core.streams.impl.InboundBuffer.write(InboundBuffer.java:157)
2025-01-30 18:29:19,868 INFO c.h.h.t.HelmChartContainer - [hivemq-test-hivemq-platform] [hivemq-platform-operator] [f987fc50] 	at io.vertx.core.http.impl.Http1xClientConnection$StreamImpl.handleEnd(Http1xClientConnection.java:709)
2025-01-30 18:29:19,868 INFO c.h.h.t.HelmChartContainer - [hivemq-test-hivemq-platform] [hivemq-platform-operator] [f987fc50] 	at io.vertx.core.impl.ContextImpl.lambda$execute$4(ContextImpl.java:315)
2025-01-30 18:29:19,868 INFO c.h.h.t.HelmChartContainer - [hivemq-test-hivemq-platform] [hivemq-platform-operator] [f987fc50] 	at io.netty.util.concurrent.AbstractEventExecutor.runTask(AbstractEventExecutor.java:173)
2025-01-30 18:29:19,868 INFO c.h.h.t.HelmChartContainer - [hivemq-test-hivemq-platform] [hivemq-platform-operator] [f987fc50] 	at io.netty.util.concurrent.AbstractEventExecutor.safeExecute(AbstractEventExecutor.java:166)
2025-01-30 18:29:19,868 INFO c.h.h.t.HelmChartContainer - [hivemq-test-hivemq-platform] [hivemq-platform-operator] [f987fc50] 	at io.netty.util.concurrent.SingleThreadEventExecutor.runAllTasks(SingleThreadEventExecutor.java:472)
2025-01-30 18:29:19,868 INFO c.h.h.t.HelmChartContainer - [hivemq-test-hivemq-platform] [hivemq-platform-operator] [f987fc50] 	at io.netty.channel.nio.NioEventLoop.run(NioEventLoop.java:569)
2025-01-30 18:29:19,868 INFO c.h.h.t.HelmChartContainer - [hivemq-test-hivemq-platform] [hivemq-platform-operator] [f987fc50] 	at io.netty.util.concurrent.SingleThreadEventExecutor$4.run(SingleThreadEventExecutor.java:997)
2025-01-30 18:29:19,868 INFO c.h.h.t.HelmChartContainer - [hivemq-test-hivemq-platform] [hivemq-platform-operator] [f987fc50] 	at io.netty.util.internal.ThreadExecutorMap$2.run(ThreadExecutorMap.java:74)
2025-01-30 18:29:19,868 INFO c.h.h.t.HelmChartContainer - [hivemq-test-hivemq-platform] [hivemq-platform-operator] [f987fc50] 	at io.netty.util.concurrent.FastThreadLocalRunnable.run(FastThreadLocalRunnable.java:30)
2025-01-30 18:29:19,868 INFO c.h.h.t.HelmChartContainer - [hivemq-test-hivemq-platform] [hivemq-platform-operator] [f987fc50] 	... 1 common frames omitted
2025-01-30 18:29:19,870 INFO c.h.h.t.HelmChartContainer - [hivemq-test-hivemq-platform] [hivemq-platform-operator] [f987fc50] 18:29:19.869 [ReconcilerExecutor-hivemq-controller-142] INFO  c.h.p.o.HiveMQPlatformReconciler - [customop] Cleanup test-hivemq-platform-beta - customoperatornamespacesit-beta HiveMQ Platform is shut down
2025-01-30 18:29:20,511 INFO c.h.h.t.HelmChartContainer - [POD] test-hivemq-platform-beta-0 [e850f3e1-5bec-46d3-a077-af6851b442c3] in customoperatornamespacesit-beta was MODIFIED
2025-01-30 18:29:20,515 INFO c.h.h.t.HelmChartContainer - [EVENT] Normal [Killing] Stopping container hivemq [customoperatornamespacesit-beta:test-hivemq-platform-beta-0]
2025-01-30 18:29:20,515 INFO c.h.h.t.HelmChartContainer - Received Killing event for container hivemq in pod test-hivemq-platform-beta-0 [e850f3e1-5bec-46d3-a077-af6851b442c3]
2025-01-30 18:29:20,517 INFO c.h.h.t.HelmChartContainer - Container [test-hivemq-platform-beta-0] [hivemq] [e850f3e1-5bec-46d3-a077-af6851b442c3] was terminated
2025-01-30 18:29:20,517 INFO c.h.h.t.HelmChartContainer - Stopped log watcher for hivemq in pod test-hivemq-platform-beta-0 [e850f3e1-5bec-46d3-a077-af6851b442c3]
2025-01-30 18:29:20,518 INFO c.h.h.t.HelmChartContainer - [test-hivemq-platform] [hivemq] [e850f3e1] INFO  - [HiveMQ Platform Operator Init App 1.7.0-SNAPSHOT] Shutting down
2025-01-30 18:29:20,518 INFO c.h.h.t.HelmChartContainer - [test-hivemq-platform] [hivemq] [e850f3e1] INFO  - [HiveMQ Platform Operator Init App 1.7.0-SNAPSHOT] Stopping the HiveMQ Platform
2025-01-30 18:29:20,713 INFO c.h.h.t.HelmChartContainer - [test-hivemq-platform] [hivemq] [e850f3e1] INFO  - Shutting down HiveMQ. Please wait, this could take a while...
2025-01-30 18:29:20,717 INFO c.h.h.t.HelmChartContainer - [test-hivemq-platform] [hivemq] [e850f3e1] INFO  - Shutting down listeners and clients
2025-01-30 18:29:20,719 INFO c.h.h.t.HelmChartContainer - [test-hivemq-platform] [hivemq] [e850f3e1] INFO  - Shutdown of listeners is done
2025-01-30 18:29:20,719 INFO c.h.h.t.HelmChartContainer - [test-hivemq-platform] [hivemq] [e850f3e1] INFO  - No clients are connected, proceeding with shutdown
2025-01-30 18:29:20,981 INFO c.h.h.t.HelmChartContainer - [K3S] [kubelet_volumes.go:163] "Cleaned up orphaned pod volumes dir" podUID="2ff7c012-f04a-4270-9439-452e35540eaf" path="/var/lib/kubelet/pods/2ff7c012-f04a-4270-9439-452e35540eaf/volumes"
2025-01-30 18:29:21,533 INFO c.h.h.t.HelmChartContainer - [test-hivemq-platform] [hivemq] [e850f3e1] INFO  - [HiveMQ Platform Operator Init App 1.7.0-SNAPSHOT] Returning shutdown Health API response 503 for readiness
2025-01-30 18:29:21,537 INFO c.h.h.t.HelmChartContainer - [EVENT] Warning [Unhealthy] Readiness probe failed: HTTP probe failed with statuscode: 503 [customoperatornamespacesit-beta:test-hivemq-platform-beta-0]
2025-01-30 18:29:21,537 INFO c.h.h.t.HelmChartContainer - Received Unhealthy event for container hivemq in pod test-hivemq-platform-beta-0 [e850f3e1-5bec-46d3-a077-af6851b442c3]
2025-01-30 18:29:21,669 INFO c.h.h.t.HelmChartContainer - Deleting namespace 'customoperatornamespacesit-beta'...
2025-01-30 18:29:21,940 INFO c.h.h.t.HelmChartContainer - [test-hivemq-platform] [hivemq] [e850f3e1] WARN  - [HiveMQ Platform Operator Init App 1.7.0-SNAPSHOT] Could not update Pod annotations: Failure executing: GET at: https://10.43.0.1:443/api/v1/namespaces/customoperatornamespacesit-beta/pods/test-hivemq-platform-beta-0. Message: pods "test-hivemq-platform-beta-0" is forbidden: User "system:serviceaccount:customoperatornamespacesit-beta:hivemq-platform-pod-test-hivemq-platform-beta" cannot get resource "pods" in API group "" in the namespace "customoperatornamespacesit-beta". Received status: Status(apiVersion=v1, code=403, details=StatusDetails(causes=[], group=null, kind=pods, name=test-hivemq-platform-beta-0, retryAfterSeconds=null, uid=null, additionalProperties={}), kind=Status, message=pods "test-hivemq-platform-beta-0" is forbidden: User "system:serviceaccount:customoperatornamespacesit-beta:hivemq-platform-pod-test-hivemq-platform-beta" cannot get resource "pods" in API group "" in the namespace "customoperatornamespacesit-beta", metadata=ListMeta(_continue=null, remainingItemCount=null, resourceVersion=null, selfLink=null, additionalProperties={}), reason=Forbidden, status=Failure, additionalProperties={}).
2025-01-30 18:29:23,819 INFO c.h.h.t.HelmChartContainer - [test-hivemq-platform] [hivemq] [e850f3e1] INFO  - Shutting down extension system
2025-01-30 18:29:23,821 INFO c.h.h.t.HelmChartContainer - [test-hivemq-platform] [hivemq] [e850f3e1] INFO  - Stopping extension with id hivemq-dns-cluster-discovery
2025-01-30 18:29:23,822 INFO c.h.h.t.HelmChartContainer - [test-hivemq-platform] [hivemq] [e850f3e1] INFO  - Extension "DNS Cluster Discovery Extension" version 4.3.2 stopped successfully.
2025-01-30 18:29:23,822 INFO c.h.h.t.HelmChartContainer - [test-hivemq-platform] [hivemq] [e850f3e1] INFO  - Stopping extension with id hivemq-prometheus-extension
2025-01-30 18:29:23,826 INFO c.h.h.t.HelmChartContainer - [test-hivemq-platform] [hivemq] [e850f3e1] INFO  - Extension "Prometheus Monitoring Extension" version 4.0.12 stopped successfully.
2025-01-30 18:29:23,826 INFO c.h.h.t.HelmChartContainer - [test-hivemq-platform] [hivemq] [e850f3e1] INFO  - Stopping extension with id hivemq-allow-all-extension
2025-01-30 18:29:23,826 INFO c.h.h.t.HelmChartContainer - [test-hivemq-platform] [hivemq] [e850f3e1] INFO  - Extension "Allow All Extension" version 1.1.1 stopped successfully.
2025-01-30 18:29:24,350 INFO c.h.h.t.HelmChartContainer - [K3S] [namespace_controller.go:187] "Namespace has been deleted" namespace="customoperatornamespacesit-alpha"
2025-01-30 18:29:26,115 INFO c.h.h.t.HelmChartContainer - [test-hivemq-platform] [hivemq] [e850f3e1] INFO  - Shutdown completed.
2025-01-30 18:29:26,467 INFO c.h.h.t.HelmChartContainer - [test-hivemq-platform] [hivemq] [e850f3e1] INFO  - [HiveMQ Platform Operator Init App 1.7.0-SNAPSHOT] The HiveMQ Platform exited with code 143
2025-01-30 18:29:26,467 INFO c.h.h.t.HelmChartContainer - [test-hivemq-platform] [hivemq] [e850f3e1] INFO  - [HiveMQ Platform Operator Init App 1.7.0-SNAPSHOT] Stopping the REST API
2025-01-30 18:29:26,512 INFO c.h.h.t.HelmChartContainer - [test-hivemq-platform] [hivemq] [e850f3e1] INFO  - [HiveMQ Platform Operator Init App 1.7.0-SNAPSHOT] Shutdown complete
2025-01-30 18:29:26,782 INFO c.h.h.t.HelmChartContainer - [K3S] [stateful_set.go:466] "StatefulSet has been deleted" key="customoperatornamespacesit-beta/test-hivemq-platform-beta"
2025-01-30 18:29:26,991 INFO c.h.h.t.HelmChartContainer - [POD] test-hivemq-platform-beta-0 [e850f3e1-5bec-46d3-a077-af6851b442c3] in customoperatornamespacesit-beta was MODIFIED
2025-01-30 18:29:27,004 INFO c.h.h.t.HelmChartContainer - [K3S] [reconciler_common.go:162] "operationExecutor.UnmountVolume started for volume \"broker-configuration\" (UniqueName: \"kubernetes.io/configmap/e850f3e1-5bec-46d3-a077-af6851b442c3-broker-configuration\") pod \"e850f3e1-5bec-46d3-a077-af6851b442c3\" (UID: \"e850f3e1-5bec-46d3-a077-af6851b442c3\") "
2025-01-30 18:29:27,004 INFO c.h.h.t.HelmChartContainer - [K3S] [reconciler_common.go:162] "operationExecutor.UnmountVolume started for volume \"pod-info\" (UniqueName: \"kubernetes.io/configmap/e850f3e1-5bec-46d3-a077-af6851b442c3-pod-info\") pod \"e850f3e1-5bec-46d3-a077-af6851b442c3\" (UID: \"e850f3e1-5bec-46d3-a077-af6851b442c3\") "
2025-01-30 18:29:27,004 INFO c.h.h.t.HelmChartContainer - [K3S] [reconciler_common.go:162] "operationExecutor.UnmountVolume started for volume \"operator-init\" (UniqueName: \"kubernetes.io/empty-dir/e850f3e1-5bec-46d3-a077-af6851b442c3-operator-init\") pod \"e850f3e1-5bec-46d3-a077-af6851b442c3\" (UID: \"e850f3e1-5bec-46d3-a077-af6851b442c3\") "
2025-01-30 18:29:27,004 INFO c.h.h.t.HelmChartContainer - [K3S] [reconciler_common.go:162] "operationExecutor.UnmountVolume started for volume \"kube-api-access-l9bwf\" (UniqueName: \"kubernetes.io/projected/e850f3e1-5bec-46d3-a077-af6851b442c3-kube-api-access-l9bwf\") pod \"e850f3e1-5bec-46d3-a077-af6851b442c3\" (UID: \"e850f3e1-5bec-46d3-a077-af6851b442c3\") "
2025-01-30 18:29:27,103 INFO c.h.h.t.HelmChartContainer - [K3S] [reconciler_common.go:299] "Volume detached for volume \"kube-api-access-l9bwf\" (UniqueName: \"kubernetes.io/projected/e850f3e1-5bec-46d3-a077-af6851b442c3-kube-api-access-l9bwf\") on node \"aff12e0b5782\" DevicePath \"\""
2025-01-30 18:29:27,104 INFO c.h.h.t.HelmChartContainer - [K3S] [reconciler_common.go:299] "Volume detached for volume \"broker-configuration\" (UniqueName: \"kubernetes.io/configmap/e850f3e1-5bec-46d3-a077-af6851b442c3-broker-configuration\") on node \"aff12e0b5782\" DevicePath \"\""
2025-01-30 18:29:27,104 INFO c.h.h.t.HelmChartContainer - [K3S] [reconciler_common.go:299] "Volume detached for volume \"pod-info\" (UniqueName: \"kubernetes.io/configmap/e850f3e1-5bec-46d3-a077-af6851b442c3-pod-info\") on node \"aff12e0b5782\" DevicePath \"\""
2025-01-30 18:29:27,104 INFO c.h.h.t.HelmChartContainer - [K3S] [reconciler_common.go:299] "Volume detached for volume \"operator-init\" (UniqueName: \"kubernetes.io/empty-dir/e850f3e1-5bec-46d3-a077-af6851b442c3-operator-init\") on node \"aff12e0b5782\" DevicePath \"\""
2025-01-30 18:29:27,190 INFO c.h.h.t.HelmChartContainer - [K3S] [scope.go:117] "RemoveContainer" containerID="f5dc9e4980407dfc00c0ff6cb63e5c32706c7b8d6005fd5ea54aada260d5e3f4"
2025-01-30 18:29:27,206 INFO c.h.h.t.HelmChartContainer - [POD] test-hivemq-platform-beta-0 [e850f3e1-5bec-46d3-a077-af6851b442c3] in customoperatornamespacesit-beta was MODIFIED
2025-01-30 18:29:27,210 INFO c.h.h.t.HelmChartContainer - [POD] test-hivemq-platform-beta-0 [e850f3e1-5bec-46d3-a077-af6851b442c3] in customoperatornamespacesit-beta was DELETED
2025-01-30 18:29:27,292 INFO c.h.h.t.HelmChartContainer - [K3S] [scope.go:117] "RemoveContainer" containerID="bbea47778d2d40f054f14af0a4c8f4457722a74a4939968d469dea77b9926b56"
2025-01-30 18:29:27,295 INFO c.h.h.t.HelmChartContainer - [K3S] [scope.go:117] "RemoveContainer" containerID="f5dc9e4980407dfc00c0ff6cb63e5c32706c7b8d6005fd5ea54aada260d5e3f4"
2025-01-30 18:29:27,296 INFO c.h.h.t.HelmChartContainer - [K3S] [scope.go:117] "RemoveContainer" containerID="bbea47778d2d40f054f14af0a4c8f4457722a74a4939968d469dea77b9926b56"
2025-01-30 18:29:28,981 INFO c.h.h.t.HelmChartContainer - [K3S] [kubelet_volumes.go:163] "Cleaned up orphaned pod volumes dir" podUID="e850f3e1-5bec-46d3-a077-af6851b442c3" path="/var/lib/kubelet/pods/e850f3e1-5bec-46d3-a077-af6851b442c3/volumes"
2025-01-30 18:29:32,006 INFO c.h.h.t.HelmChartContainer - Namespace 'customoperatornamespacesit-beta' deleted
2025-01-30 18:29:32,006 INFO c.h.h.t.HelmChartContainer - Release 'test-hivemq-platform-beta' in namespace 'customoperatornamespacesit-beta' is uninstalled
2025-01-30 18:29:32,006 INFO c.h.h.t.HelmChartContainer - Uninstalling release 'test-hivemq-platform-gamma' in namespace 'customoperatornamespacesit-gamma'...
2025-01-30 18:29:32,006 DEBUG c.h.h.t.HelmChartContainer - Executing helm command: /bin/helm --kubeconfig /etc/rancher/k3s/k3s.yaml uninstall test-hivemq-platform-gamma  --wait --timeout 5m0s --cascade foreground --namespace customoperatornamespacesit-gamma
2025-01-30 18:29:34,238 INFO c.h.h.t.HelmChartContainer - Deleting namespace 'customoperatornamespacesit-gamma'...
2025-01-30 18:29:36,913 INFO c.h.h.t.HelmChartContainer - [K3S] [namespace_controller.go:187] "Namespace has been deleted" namespace="customoperatornamespacesit-beta"
2025-01-30 18:29:39,356 INFO c.h.h.t.HelmChartContainer - Namespace 'customoperatornamespacesit-gamma' deleted
2025-01-30 18:29:39,356 INFO c.h.h.t.HelmChartContainer - Release 'test-hivemq-platform-gamma' in namespace 'customoperatornamespacesit-gamma' is uninstalled
2025-01-30 18:29:39,356 INFO c.h.h.t.HelmChartContainer - Uninstalling release 'test-hivemq-platform-operator' in namespace 'customoperatornamespacesit-operator'...
2025-01-30 18:29:39,356 DEBUG c.h.h.t.HelmChartContainer - Executing helm command: /bin/helm --kubeconfig /etc/rancher/k3s/k3s.yaml uninstall test-hivemq-platform-operator  --wait --timeout 5m0s --cascade foreground --namespace customoperatornamespacesit-operator
2025-01-30 18:29:39,526 INFO c.h.h.t.HelmChartContainer - [K3S] [replica_set.go:679] "Finished syncing" kind="ReplicaSet" key="customoperatornamespacesit-operator/hivemq-test-hivemq-platform-operator-6c7f4cc7b" duration="9.51968ms"
2025-01-30 18:29:39,527 INFO c.h.h.t.HelmChartContainer - [K3S] [replica_set.go:679] "Finished syncing" kind="ReplicaSet" key="customoperatornamespacesit-operator/hivemq-test-hivemq-platform-operator-6c7f4cc7b" duration="39.273µs"
2025-01-30 18:29:39,539 INFO c.h.h.t.HelmChartContainer - [POD] hivemq-test-hivemq-platform-operator-6c7f4cc7b-d6ks2 [f987fc50-df6d-479f-86b9-152931768544] in customoperatornamespacesit-operator was MODIFIED
2025-01-30 18:29:39,553 INFO c.h.h.t.HelmChartContainer - [K3S] [replica_set.go:679] "Finished syncing" kind="ReplicaSet" key="customoperatornamespacesit-operator/hivemq-test-hivemq-platform-operator-6c7f4cc7b" duration="13.112081ms"
2025-01-30 18:29:39,554 INFO c.h.h.t.HelmChartContainer - [hivemq-test-hivemq-platform] [hivemq-platform-operator] [f987fc50] 18:29:39.551 [application-shutdown-thread] INFO  c.h.p.o.HiveMQPlatformOperatorApplication - HiveMQ Platform Operator is stopping...
2025-01-30 18:29:39,554 INFO c.h.h.t.HelmChartContainer - [hivemq-test-hivemq-platform] [hivemq-platform-operator] [f987fc50] 18:29:39.551 [application-shutdown-thread] INFO  i.javaoperatorsdk.operator.Operator - Operator SDK 4.9.7 is shutting down...
2025-01-30 18:29:39,561 INFO c.h.h.t.HelmChartContainer - [EVENT] Normal [Killing] Stopping container hivemq-platform-operator [customoperatornamespacesit-operator:hivemq-test-hivemq-platform-operator-6c7f4cc7b-d6ks2]
2025-01-30 18:29:39,561 INFO c.h.h.t.HelmChartContainer - Received Killing event for container hivemq-platform-operator in pod hivemq-test-hivemq-platform-operator-6c7f4cc7b-d6ks2 [f987fc50-df6d-479f-86b9-152931768544]
2025-01-30 18:29:39,561 INFO c.h.h.t.HelmChartContainer - Container [hivemq-test-hivemq-platform-operator-6c7f4cc7b-d6ks2] [hivemq-platform-operator] [f987fc50-df6d-479f-86b9-152931768544] was terminated
2025-01-30 18:29:39,561 INFO c.h.h.t.HelmChartContainer - Stopped log watcher for hivemq-platform-operator in pod hivemq-test-hivemq-platform-operator-6c7f4cc7b-d6ks2 [f987fc50-df6d-479f-86b9-152931768544]
2025-01-30 18:29:39,564 INFO c.h.h.t.HelmChartContainer - [K3S] [replica_set.go:679] "Finished syncing" kind="ReplicaSet" key="customoperatornamespacesit-operator/hivemq-test-hivemq-platform-operator-6c7f4cc7b" duration="33.492µs"
2025-01-30 18:29:40,090 INFO c.h.h.t.HelmChartContainer - [K3S] [replica_set.go:679] "Finished syncing" kind="ReplicaSet" key="customoperatornamespacesit-operator/hivemq-test-hivemq-platform-operator-6c7f4cc7b" duration="64.37µs"
2025-01-30 18:29:40,091 INFO c.h.h.t.HelmChartContainer - [POD] hivemq-test-hivemq-platform-operator-6c7f4cc7b-d6ks2 [f987fc50-df6d-479f-86b9-152931768544] in customoperatornamespacesit-operator was MODIFIED
2025-01-30 18:29:40,178 INFO c.h.h.t.HelmChartContainer - [K3S] [reconciler_common.go:162] "operationExecutor.UnmountVolume started for volume \"kube-api-access-tnj88\" (UniqueName: \"kubernetes.io/projected/f987fc50-df6d-479f-86b9-152931768544-kube-api-access-tnj88\") pod \"f987fc50-df6d-479f-86b9-152931768544\" (UID: \"f987fc50-df6d-479f-86b9-152931768544\") "
2025-01-30 18:29:40,207 INFO c.h.h.t.HelmChartContainer - [K3S] [scope.go:117] "RemoveContainer" containerID="7a72b60cfa13c2db43401a4d4012af61e6a9e4d95448bdb4c796c5595a3fbf21"
2025-01-30 18:29:40,211 INFO c.h.h.t.HelmChartContainer - [K3S] [scope.go:117] "RemoveContainer" containerID="7a72b60cfa13c2db43401a4d4012af61e6a9e4d95448bdb4c796c5595a3fbf21"
2025-01-30 18:29:40,218 INFO c.h.h.t.HelmChartContainer - [K3S] [replica_set.go:679] "Finished syncing" kind="ReplicaSet" key="customoperatornamespacesit-operator/hivemq-test-hivemq-platform-operator-6c7f4cc7b" duration="42.86µs"
2025-01-30 18:29:40,220 INFO c.h.h.t.HelmChartContainer - [POD] hivemq-test-hivemq-platform-operator-6c7f4cc7b-d6ks2 [f987fc50-df6d-479f-86b9-152931768544] in customoperatornamespacesit-operator was MODIFIED
2025-01-30 18:29:40,221 INFO c.h.h.t.HelmChartContainer - [POD] hivemq-test-hivemq-platform-operator-6c7f4cc7b-d6ks2 [f987fc50-df6d-479f-86b9-152931768544] in customoperatornamespacesit-operator was DELETED
2025-01-30 18:29:40,222 INFO c.h.h.t.HelmChartContainer - [K3S] [replica_set.go:679] "Finished syncing" kind="ReplicaSet" key="customoperatornamespacesit-operator/hivemq-test-hivemq-platform-operator-6c7f4cc7b" duration="29.626µs"
2025-01-30 18:29:40,234 INFO c.h.h.t.HelmChartContainer - [K3S] [replica_set.go:679] "Finished syncing" kind="ReplicaSet" key="customoperatornamespacesit-operator/hivemq-test-hivemq-platform-operator-6c7f4cc7b" duration="6.352µs"
2025-01-30 18:29:40,279 INFO c.h.h.t.HelmChartContainer - [K3S] [reconciler_common.go:299] "Volume detached for volume \"kube-api-access-tnj88\" (UniqueName: \"kubernetes.io/projected/f987fc50-df6d-479f-86b9-152931768544-kube-api-access-tnj88\") on node \"aff12e0b5782\" DevicePath \"\""
2025-01-30 18:29:40,981 INFO c.h.h.t.HelmChartContainer - [K3S] [kubelet_volumes.go:163] "Cleaned up orphaned pod volumes dir" podUID="f987fc50-df6d-479f-86b9-152931768544" path="/var/lib/kubelet/pods/f987fc50-df6d-479f-86b9-152931768544/volumes"
2025-01-30 18:29:41,594 INFO c.h.h.t.HelmChartContainer - Deleting namespace 'customoperatornamespacesit-operator'...
2025-01-30 18:29:44,340 INFO c.h.h.t.HelmChartContainer - [K3S] [namespace_controller.go:187] "Namespace has been deleted" namespace="customoperatornamespacesit-gamma"
2025-01-30 18:29:46,809 INFO c.h.h.t.HelmChartContainer - Namespace 'customoperatornamespacesit-operator' deleted
2025-01-30 18:29:46,809 INFO c.h.h.t.HelmChartContainer - Release 'test-hivemq-platform-operator' in namespace 'customoperatornamespacesit-operator' is uninstalled
2025-01-30 18:29:47,371 INFO c.h.helmcharts.AbstractHelmChartIT - Removed unused containers:

2025-01-30 18:29:51,717 INFO c.h.h.t.HelmChartContainer - [K3S] [namespace_controller.go:187] "Namespace has been deleted" namespace="customoperatornamespacesit-operator"
2025-01-30 18:29:54,888 INFO c.h.helmcharts.AbstractHelmChartIT - Removed unused snapshots:
Removing snapshot sha256:03af251906410714c5aef9fa705b63f6bbc39c4a5e787de7361eeb18886c2ed2
Removing snapshot sha256:0c46b3b43cce082ce5ec34ffc6c294e0417d17b9d1e6f366d114b6aadc4f96dc
Removing snapshot sha256:0ce761beee59082d6ed5bcebd3a805b8ddd9b3426b617e4809e7fb7c6587ffec
Removing snapshot sha256:0df91287303208332c8ff6ba40ae4710105201739addbfbddfb955f1ad593664
Removing snapshot sha256:1021ef88c7974bfff89c5a0ec4fd3160daac6c48a075f74cff721f85dd104e68
Removing snapshot sha256:10aba4953ddc18145dd38e3704709bc464aa20af60b56fe52caaff4b68411e62
Removing snapshot sha256:2573e0d8158209ed54ab25c87bcdcb00bd3d2539246960a3d592a1c599d70465
Removing snapshot sha256:30875c6c518b53b6d8fac5d7a75825650a85e95653e0cd93c70008fa04c01f1d
Removing snapshot sha256:362a8a37f8bbc31925a8146adcf7cf51f9882f5c1dcbef67c5baa03a297543c0
Removing snapshot sha256:3fa4ad33f0ddc8fd45b39b6b4640f82a3a83619606cd975bfe89d8710ad2d4cd
Removing snapshot sha256:43a7c979bbaba6838bc3102d6b10a1459f3ab050b87ccdfef84ef90cf43d3058
Removing snapshot sha256:4ab04491cdf0d3267f08206fe30bd48f49f94b9cab2f016d6739220f722a64af
Removing snapshot sha256:4b6068250e89c96f263060261819c7d912855bfbd64b3eb4c4a8483299b8c295
Removing snapshot sha256:580e69a0a8034ede1921139bbd2bfb72a69ebf276d008281896c32dd8bf74775
Removing snapshot sha256:5d30ba46b27fe37484567ccc5242cadc78217b8da605f3f195ef25cbf7487904
Removing snapshot sha256:63ca1fbb43ae5034640e5e6cb3e083e05c290072c5366fcaa9d62435a4cced85
Removing snapshot sha256:67f702c6baae873bceb19487c8b1f27bd2b86077e4f2f0e480e6d60ab508b8f5
Removing snapshot sha256:6864348dd42806d552efdec384f1274be15e2d0c10ce44c1f04347af004c10a9
Removing snapshot sha256:6c7dee8f2c39b84b7dc2711c01d33de93514d9055499173e9290176fbe484b6c
Removing snapshot sha256:82753493a6d61ded36556292f02f31841a14c20d2f279f19eaad65afb661d5cd
Removing snapshot sha256:8a10d3db42c505ee0fcfa98417bdd7e39b304f6bcc0a06bb1b220797ff2cc63c
Removing snapshot sha256:a21e5b12dbac529ad45d976eb9ce45c881f3bedcc500fb30aba1e52aa1813418
Removing snapshot sha256:b921e6c28969094157f9b8e7244677780319637afd14450b7cb6b2fdea558a0c
Removing snapshot sha256:bc27ecb5769a00e309cf99ebc763c4a4b958b618d1decc96ffac5bc05f02f5b7
Removing snapshot sha256:be3ccb6627a5332e309d45ef461d09b4879dd870c7394d89323d0ebc6ca6aa8a
Removing snapshot sha256:c261f7cbbc64211ee175ee47273acdb7b1a36a4450b397a064a8f2c026490095
Removing snapshot sha256:c34d9393647eea0c9e3557ab988efaf59f61d10a2a5613b439ef0958cca5ec10
Removing snapshot sha256:ccf3c4a0fa967a41c1c83497a2ce6fa5787965859df0adb32c4ca2cf7490bc2b
Removing snapshot sha256:cf92d33f869417309692088c341cd0f223c178ea78a125f757317b22aa8f90e9
Removing snapshot sha256:d0037344cf2fb078884f1849f6a1f8cf9a33a3b6139b6a85833e5ee528e1f9a8
Removing snapshot sha256:d3b36d5b79273b1e98e7700470eaeff05a882e777124d84cebcc1505b85ecb36
Removing snapshot sha256:d65a44a37914602d12c611e5e22a50f11451d847e63015cc1c2aef92dee777a4
Removing snapshot sha256:e2dc0bae2455930f23ae570e019b7f32edc75c0f2d71cab084db837ff9051796
Removing snapshot sha256:e30c17775f07d3740482811024e8520de0cd4c50a8e823290b1be7a1ad8555b2
Removing snapshot sha256:e31519795c7e3df686c447a21ec8d2eb301388a5e39ccf7f20a25c6f6ce3a522
Removing snapshot sha256:eccbd24a99c60cd9e86ee5305dbfc4a4dc89f5ab4fb1f06c8d64797cecedef34
Removing snapshot sha256:f144bb4c7c7f0d2aa7eeffd36d934ec40db1ee167be727e326aad9fdc616f475

]]></system-out>
  </testcase>
  <system-out><![CDATA[2025-01-30 18:27:17,977 INFO c.h.h.t.HelmChartContainerExtension - Using cached HelmChartContainer instance
2025-01-30 18:27:17,982 INFO c.h.h.t.HelmChartContainerExtension - Creating cached HelmChartContainer instance
2025-01-30 18:27:18,001 INFO o.testcontainers.DockerClientFactory - Testcontainers version: 1.20.4
2025-01-30 18:27:18,372 INFO o.t.d.DockerClientProviderStrategy - Found Docker environment with local Unix socket (unix:///var/run/docker.sock)
2025-01-30 18:27:18,380 INFO o.testcontainers.DockerClientFactory - Docker host IP address is localhost
2025-01-30 18:27:18,395 INFO o.testcontainers.DockerClientFactory - Connected to docker: 
  Server Version: 26.1.3
  API Version: 1.45
  Operating System: Ubuntu 24.04.1 LTS
  Total Memory: 15990 MB
2025-01-30 18:27:18,402 INFO o.testcontainers.images.PullPolicy - Image pull policy will be performed by: DefaultPullPolicy()
2025-01-30 18:27:18,404 INFO o.t.utility.ImageNameSubstitutor - Image name substitution will be performed by: DefaultImageNameSubstitutor (composite of 'ConfigurationFileImageNameSubstitutor' and 'PrefixingImageNameSubstitutor')
2025-01-30 18:27:18,434 INFO tc.testcontainers/ryuk:0.11.0 - Pulling docker image: testcontainers/ryuk:0.11.0. Please be patient; this may take some time but only needs to be done once.
2025-01-30 18:27:18,677 INFO tc.testcontainers/ryuk:0.11.0 - Starting to pull image
2025-01-30 18:27:18,692 INFO tc.testcontainers/ryuk:0.11.0 - Pulling image layers:  0 pending,  0 downloaded,  0 extracted, (0 bytes/0 bytes)
2025-01-30 18:27:18,788 INFO tc.testcontainers/ryuk:0.11.0 - Pulling image layers:  2 pending,  1 downloaded,  0 extracted, (44 KB/? MB)
2025-01-30 18:27:18,800 INFO tc.testcontainers/ryuk:0.11.0 - Pulling image layers:  1 pending,  2 downloaded,  0 extracted, (44 KB/? MB)
2025-01-30 18:27:18,905 INFO tc.testcontainers/ryuk:0.11.0 - Pulling image layers:  1 pending,  2 downloaded,  1 extracted, (8 MB/? MB)
2025-01-30 18:27:18,911 INFO tc.testcontainers/ryuk:0.11.0 - Pulling image layers:  0 pending,  3 downloaded,  1 extracted, (8 MB/10 MB)
2025-01-30 18:27:19,051 INFO tc.testcontainers/ryuk:0.11.0 - Pulling image layers:  0 pending,  3 downloaded,  2 extracted, (8 MB/10 MB)
2025-01-30 18:27:19,094 INFO tc.testcontainers/ryuk:0.11.0 - Pulling image layers:  0 pending,  3 downloaded,  3 extracted, (10 MB/10 MB)
2025-01-30 18:27:19,101 INFO tc.testcontainers/ryuk:0.11.0 - Image testcontainers/ryuk:0.11.0 pull took PT0.666626358S
2025-01-30 18:27:19,120 INFO tc.testcontainers/ryuk:0.11.0 - Creating container for image: testcontainers/ryuk:0.11.0
2025-01-30 18:27:19,184 INFO tc.testcontainers/ryuk:0.11.0 - Container testcontainers/ryuk:0.11.0 is starting: 793843a64e9a958a6219b2555bab824d4d0c575584be087cd9375988ef45cc94
2025-01-30 18:27:19,419 INFO tc.testcontainers/ryuk:0.11.0 - Container testcontainers/ryuk:0.11.0 started in PT0.299495619S
2025-01-30 18:27:19,423 INFO o.t.utility.RyukResourceReaper - Ryuk started - will monitor and terminate Testcontainers containers on JVM exit
2025-01-30 18:27:19,423 INFO o.testcontainers.DockerClientFactory - Checking the system...
2025-01-30 18:27:19,423 INFO o.testcontainers.DockerClientFactory - ✔︎ Docker server version should be at least 1.6.0
2025-01-30 18:27:19,502 INFO o.t.i.builder.ImageFromDockerfile - Pre-emptively checking local images for 'ubuntu:noble-20241118.1@sha256:80dd3c3b9c6cecb9f1667e9290b3bc61b78c2678c02cbdae5f0fea92cc6734ab', referenced via a Dockerfile. If not available, it will be pulled.
2025-01-30 18:27:19,505 INFO t.u.1@sha256:80dd3c... - Pulling docker image: ubuntu:noble-20241118.1@sha256:80dd3c3b9c6cecb9f1667e9290b3bc61b78c2678c02cbdae5f0fea92cc6734ab. Please be patient; this may take some time but only needs to be done once.
2025-01-30 18:27:19,613 INFO t.u.1@sha256:80dd3c... - Starting to pull image
2025-01-30 18:27:19,614 INFO t.u.1@sha256:80dd3c... - Pulling image layers:  0 pending,  0 downloaded,  0 extracted, (0 bytes/0 bytes)
2025-01-30 18:27:20,122 INFO t.u.1@sha256:80dd3c... - Pulling image layers:  0 pending,  1 downloaded,  0 extracted, (26 MB/28 MB)
2025-01-30 18:27:21,044 INFO t.u.1@sha256:80dd3c... - Pulling image layers:  0 pending,  1 downloaded,  1 extracted, (28 MB/28 MB)
2025-01-30 18:27:21,051 INFO t.u.1@sha256:80dd3c... - Image ubuntu:noble-20241118.1@sha256:80dd3c3b9c6cecb9f1667e9290b3bc61b78c2678c02cbdae5f0fea92cc6734ab pull took PT1.546600364S
2025-01-30 18:27:21,051 INFO t.u.1@sha256:80dd3c... - Pull complete. 1 layers, pulled in 1s (downloaded 28 MB at 28 MB/s)
2025-01-30 18:27:21,054 INFO o.t.i.builder.ImageFromDockerfile - Pre-emptively checking local images for 'rancher/k3s:v1.32.1-k3s1', referenced via a Dockerfile. If not available, it will be pulled.
2025-01-30 18:27:21,055 INFO tc.rancher/k3s:v1.32.1-k3s1 - Pulling docker image: rancher/k3s:v1.32.1-k3s1. Please be patient; this may take some time but only needs to be done once.
2025-01-30 18:27:21,221 INFO tc.rancher/k3s:v1.32.1-k3s1 - Starting to pull image
2025-01-30 18:27:21,221 INFO tc.rancher/k3s:v1.32.1-k3s1 - Pulling image layers:  0 pending,  0 downloaded,  0 extracted, (0 bytes/0 bytes)
2025-01-30 18:27:21,983 INFO tc.rancher/k3s:v1.32.1-k3s1 - Pulling image layers:  0 pending,  1 downloaded,  0 extracted, (60 MB/71 MB)
2025-01-30 18:27:23,030 INFO tc.rancher/k3s:v1.32.1-k3s1 - Pulling image layers:  0 pending,  1 downloaded,  1 extracted, (71 MB/71 MB)
2025-01-30 18:27:23,036 INFO tc.rancher/k3s:v1.32.1-k3s1 - Pull complete. 1 layers, pulled in 1s (downloaded 71 MB at 71 MB/s)
2025-01-30 18:27:23,037 INFO tc.rancher/k3s:v1.32.1-k3s1 - Image rancher/k3s:v1.32.1-k3s1 pull took PT1.981113216S
2025-01-30 18:27:23,042 INFO o.t.i.builder.ImageFromDockerfile - Transferred 0 bytes to Docker daemon
2025-01-30 18:27:38,020 INFO c.h.h.t.HelmChartContainer - Starting HelmChartContainer...
2025-01-30 18:27:38,022 INFO t.localhost/testcontainers/6lrut5jw32qkm62f:latest - Creating container for image: localhost/testcontainers/6lrut5jw32qkm62f:latest
2025-01-30 18:27:38,089 INFO tc.alpine:3.17 - Pulling docker image: alpine:3.17. Please be patient; this may take some time but only needs to be done once.
2025-01-30 18:27:38,253 INFO tc.alpine:3.17 - Starting to pull image
2025-01-30 18:27:38,254 INFO tc.alpine:3.17 - Pulling image layers:  0 pending,  0 downloaded,  0 extracted, (0 bytes/0 bytes)
2025-01-30 18:27:38,418 INFO tc.alpine:3.17 - Pulling image layers:  0 pending,  1 downloaded,  0 extracted, (33 KB/3 MB)
2025-01-30 18:27:38,517 INFO tc.alpine:3.17 - Pulling image layers:  0 pending,  1 downloaded,  1 extracted, (3 MB/3 MB)
2025-01-30 18:27:38,524 INFO tc.alpine:3.17 - Image alpine:3.17 pull took PT0.434961846S
2025-01-30 18:27:39,057 INFO t.localhost/testcontainers/6lrut5jw32qkm62f:latest - Container localhost/testcontainers/6lrut5jw32qkm62f:latest is starting: aff12e0b57825555b06b59b816bb22da541033e5e9c6ae271672d4b8add14b58
2025-01-30 18:27:39,429 INFO c.h.h.t.HelmChartContainer - [K3S] [INFO] Starting k3s v1.32.1+k3s1 (6a322f12)
2025-01-30 18:27:39,433 INFO c.h.h.t.HelmChartContainer - [K3S] [INFO] Configuring sqlite3 database connection pooling: maxIdleConns=2, maxOpenConns=0, connMaxLifetime=0s
2025-01-30 18:27:39,434 INFO c.h.h.t.HelmChartContainer - [K3S] [INFO] Configuring database table schema and indexes, this may take a moment...
2025-01-30 18:27:39,436 INFO c.h.h.t.HelmChartContainer - [K3S] [INFO] Database tables and indexes are up to date
2025-01-30 18:27:39,439 INFO c.h.h.t.HelmChartContainer - [K3S] [INFO] Kine available at unix://kine.sock
2025-01-30 18:27:39,557 INFO c.h.h.t.HelmChartContainer - [K3S] [INFO] Saving cluster bootstrap data to datastore
2025-01-30 18:27:39,558 INFO c.h.h.t.HelmChartContainer - [K3S] [WARNING] dynamiclistener [::]:6443: no cached certificate available for preload - deferring certificate load until storage initialization or first client request
2025-01-30 18:27:39,558 INFO c.h.h.t.HelmChartContainer - [K3S] [INFO] Active TLS secret / (ver=) (count 10): map[listener.cattle.io/cn-10.43.0.1:10.43.0.1 listener.cattle.io/cn-127.0.0.1:127.0.0.1 listener.cattle.io/cn-172.18.0.2:172.18.0.2 listener.cattle.io/cn-__1-f16284:::1 listener.cattle.io/cn-aff12e0b5782:aff12e0b5782 listener.cattle.io/cn-kubernetes:kubernetes listener.cattle.io/cn-kubernetes.default:kubernetes.default listener.cattle.io/cn-kubernetes.default.svc:kubernetes.default.svc listener.cattle.io/cn-kubernetes.default.svc.cluster.local:kubernetes.default.svc.cluster.local listener.cattle.io/cn-localhost:localhost listener.cattle.io/fingerprint:SHA1=CCF410208FAE61B51256EC210AEAD5191E2DF04C]
2025-01-30 18:27:39,718 INFO c.h.h.t.HelmChartContainer - [K3S] [INFO] Running kube-apiserver --advertise-port=6443 --allow-privileged=true --anonymous-auth=false --api-audiences=https://kubernetes.default.svc.cluster.local,k3s --authorization-mode=Node,RBAC --bind-address=127.0.0.1 --cert-dir=/var/lib/rancher/k3s/server/tls/temporary-certs --client-ca-file=/var/lib/rancher/k3s/server/tls/client-ca.crt --egress-selector-config-file=/var/lib/rancher/k3s/server/etc/egress-selector-config.yaml --enable-admission-plugins=NodeRestriction --enable-aggregator-routing=true --enable-bootstrap-token-auth=true --etcd-compaction-interval=0s --etcd-servers=unix://kine.sock --kubelet-certificate-authority=/var/lib/rancher/k3s/server/tls/server-ca.crt --kubelet-client-certificate=/var/lib/rancher/k3s/server/tls/client-kube-apiserver.crt --kubelet-client-key=/var/lib/rancher/k3s/server/tls/client-kube-apiserver.key --kubelet-preferred-address-types=InternalIP,ExternalIP,Hostname --profiling=false --proxy-client-cert-file=/var/lib/rancher/k3s/server/tls/client-auth-proxy.crt --proxy-client-key-file=/var/lib/rancher/k3s/server/tls/client-auth-proxy.key --requestheader-allowed-names=system:auth-proxy --requestheader-client-ca-file=/var/lib/rancher/k3s/server/tls/request-header-ca.crt --requestheader-extra-headers-prefix=X-Remote-Extra- --requestheader-group-headers=X-Remote-Group --requestheader-username-headers=X-Remote-User --secure-port=6444 --service-account-issuer=https://kubernetes.default.svc.cluster.local --service-account-key-file=/var/lib/rancher/k3s/server/tls/service.key --service-account-signing-key-file=/var/lib/rancher/k3s/server/tls/service.current.key --service-cluster-ip-range=10.43.0.0/16 --service-node-port-range=30000-32767 --storage-backend=etcd3 --tls-cert-file=/var/lib/rancher/k3s/server/tls/serving-kube-apiserver.crt --tls-cipher-suites=TLS_ECDHE_ECDSA_WITH_AES_256_GCM_SHA384,TLS_ECDHE_RSA_WITH_AES_256_GCM_SHA384,TLS_ECDHE_ECDSA_WITH_AES_128_GCM_SHA256,TLS_ECDHE_RSA_WITH_AES_128_GCM_SHA256,TLS_ECDHE_ECDSA_WITH_CHACHA20_POLY1305,TLS_ECDHE_RSA_WITH_CHACHA20_POLY1305 --tls-private-key-file=/var/lib/rancher/k3s/server/tls/serving-kube-apiserver.key
2025-01-30 18:27:39,718 INFO c.h.h.t.HelmChartContainer - [K3S] [INFO] Running kube-scheduler --authentication-kubeconfig=/var/lib/rancher/k3s/server/cred/scheduler.kubeconfig --authorization-kubeconfig=/var/lib/rancher/k3s/server/cred/scheduler.kubeconfig --bind-address=127.0.0.1 --kubeconfig=/var/lib/rancher/k3s/server/cred/scheduler.kubeconfig --leader-elect=false --profiling=false --secure-port=10259
2025-01-30 18:27:39,722 INFO c.h.h.t.HelmChartContainer - [K3S] [registry.go:256] calling componentGlobalsRegistry.AddFlags more than once, the registry will be set by the latest flags
2025-01-30 18:27:39,723 INFO c.h.h.t.HelmChartContainer - [K3S] [INFO] Running kube-controller-manager --allocate-node-cidrs=true --authentication-kubeconfig=/var/lib/rancher/k3s/server/cred/controller.kubeconfig --authorization-kubeconfig=/var/lib/rancher/k3s/server/cred/controller.kubeconfig --bind-address=127.0.0.1 --cluster-cidr=10.42.0.0/16 --cluster-signing-kube-apiserver-client-cert-file=/var/lib/rancher/k3s/server/tls/client-ca.nochain.crt --cluster-signing-kube-apiserver-client-key-file=/var/lib/rancher/k3s/server/tls/client-ca.key --cluster-signing-kubelet-client-cert-file=/var/lib/rancher/k3s/server/tls/client-ca.nochain.crt --cluster-signing-kubelet-client-key-file=/var/lib/rancher/k3s/server/tls/client-ca.key --cluster-signing-kubelet-serving-cert-file=/var/lib/rancher/k3s/server/tls/server-ca.nochain.crt --cluster-signing-kubelet-serving-key-file=/var/lib/rancher/k3s/server/tls/server-ca.key --cluster-signing-legacy-unknown-cert-file=/var/lib/rancher/k3s/server/tls/server-ca.nochain.crt --cluster-signing-legacy-unknown-key-file=/var/lib/rancher/k3s/server/tls/server-ca.key --configure-cloud-routes=false --controllers=*,tokencleaner,-service,-route,-cloud-node-lifecycle --kubeconfig=/var/lib/rancher/k3s/server/cred/controller.kubeconfig --leader-elect=false --profiling=false --root-ca-file=/var/lib/rancher/k3s/server/tls/server-ca.crt --secure-port=10257 --service-account-private-key-file=/var/lib/rancher/k3s/server/tls/service.current.key --service-cluster-ip-range=10.43.0.0/16 --use-service-account-credentials=true
2025-01-30 18:27:39,724 INFO c.h.h.t.HelmChartContainer - [K3S] [registry.go:256] calling componentGlobalsRegistry.AddFlags more than once, the registry will be set by the latest flags
2025-01-30 18:27:39,724 INFO c.h.h.t.HelmChartContainer - [K3S] [options.go:299] unable to set WatchListClient feature gate, err: cannot override default for feature "WatchListClient": gates already added to a flag set
2025-01-30 18:27:39,724 INFO c.h.h.t.HelmChartContainer - [K3S] [registry.go:256] calling componentGlobalsRegistry.AddFlags more than once, the registry will be set by the latest flags
2025-01-30 18:27:39,724 INFO c.h.h.t.HelmChartContainer - [K3S] [INFO] Waiting for API server to become available
2025-01-30 18:27:39,725 INFO c.h.h.t.HelmChartContainer - [K3S] [INFO] Running cloud-controller-manager --allocate-node-cidrs=true --authentication-kubeconfig=/var/lib/rancher/k3s/server/cred/cloud-controller.kubeconfig --authorization-kubeconfig=/var/lib/rancher/k3s/server/cred/cloud-controller.kubeconfig --bind-address=127.0.0.1 --cloud-config=/var/lib/rancher/k3s/server/etc/cloud-config.yaml --cloud-provider=k3s --cluster-cidr=10.42.0.0/16 --configure-cloud-routes=false --controllers=*,-route --kubeconfig=/var/lib/rancher/k3s/server/cred/cloud-controller.kubeconfig --leader-elect=false --leader-elect-resource-name=k3s-cloud-controller-manager --node-status-update-frequency=1m0s --profiling=false
2025-01-30 18:27:39,725 INFO c.h.h.t.HelmChartContainer - [K3S] [options.go:238] external host was not specified, using 172.18.0.2
2025-01-30 18:27:39,725 INFO c.h.h.t.HelmChartContainer - [K3S] [INFO] Server node token is available at /var/lib/rancher/k3s/server/token
2025-01-30 18:27:39,725 INFO c.h.h.t.HelmChartContainer - [K3S] [INFO] To join server node to cluster: k3s server -s https://172.18.0.2:6443 -t ${SERVER_NODE_TOKEN}
2025-01-30 18:27:39,726 INFO c.h.h.t.HelmChartContainer - [K3S] [INFO] Agent node token is available at /var/lib/rancher/k3s/server/agent-token
2025-01-30 18:27:39,726 INFO c.h.h.t.HelmChartContainer - [K3S] [INFO] To join agent node to cluster: k3s agent -s https://172.18.0.2:6443 -t ${AGENT_NODE_TOKEN}
2025-01-30 18:27:39,726 INFO c.h.h.t.HelmChartContainer - [K3S] [INFO] Wrote kubeconfig /etc/rancher/k3s/k3s.yaml
2025-01-30 18:27:39,727 INFO c.h.h.t.HelmChartContainer - [K3S] [INFO] Run: k3s kubectl
2025-01-30 18:27:39,739 INFO c.h.h.t.HelmChartContainer - [K3S] [server.go:151] Version: v1.32.1+k3s1
2025-01-30 18:27:39,739 INFO c.h.h.t.HelmChartContainer - [K3S] [server.go:153] "Golang settings" GOGC="" GOMAXPROCS="" GOTRACEBACK=""
2025-01-30 18:27:40,138 INFO c.h.h.t.HelmChartContainer - [K3S] [plugins.go:157] Loaded 13 mutating admission controller(s) successfully in the following order: NamespaceLifecycle,LimitRanger,ServiceAccount,NodeRestriction,TaintNodesByCondition,Priority,DefaultTolerationSeconds,DefaultStorageClass,StorageObjectInUseProtection,RuntimeClass,DefaultIngressClass,MutatingAdmissionPolicy,MutatingAdmissionWebhook.
2025-01-30 18:27:40,139 INFO c.h.h.t.HelmChartContainer - [K3S] [plugins.go:160] Loaded 13 validating admission controller(s) successfully in the following order: LimitRanger,ServiceAccount,PodSecurity,Priority,PersistentVolumeClaimResize,RuntimeClass,CertificateApproval,CertificateSigning,ClusterTrustBundleAttest,CertificateSubjectRestriction,ValidatingAdmissionPolicy,ValidatingAdmissionWebhook,ResourceQuota.
2025-01-30 18:27:40,139 INFO c.h.h.t.HelmChartContainer - [K3S] [instance.go:233] Using reconciler: lease
2025-01-30 18:27:40,215 INFO c.h.h.t.HelmChartContainer - [K3S] [apis.go:106] API group "internal.apiserver.k8s.io" is not enabled, skipping.
2025-01-30 18:27:40,263 INFO c.h.h.t.HelmChartContainer - [K3S] [apis.go:106] API group "storagemigration.k8s.io" is not enabled, skipping.
2025-01-30 18:27:40,296 INFO c.h.h.t.HelmChartContainer - [K3S] [apis.go:106] API group "resource.k8s.io" is not enabled, skipping.
2025-01-30 18:27:40,333 INFO c.h.h.t.HelmChartContainer - [K3S] [INFO] Password verified locally for node aff12e0b5782
2025-01-30 18:27:40,615 INFO c.h.h.t.HelmChartContainer - [K3S] [dynamic_cafile_content.go:161] "Starting controller" name="request-header::/var/lib/rancher/k3s/server/tls/request-header-ca.crt"
2025-01-30 18:27:40,615 INFO c.h.h.t.HelmChartContainer - [K3S] [dynamic_cafile_content.go:161] "Starting controller" name="client-ca-bundle::/var/lib/rancher/k3s/server/tls/client-ca.crt"
2025-01-30 18:27:40,615 INFO c.h.h.t.HelmChartContainer - [K3S] [dynamic_serving_content.go:135] "Starting controller" name="serving-cert::/var/lib/rancher/k3s/server/tls/serving-kube-apiserver.crt::/var/lib/rancher/k3s/server/tls/serving-kube-apiserver.key"
2025-01-30 18:27:40,616 INFO c.h.h.t.HelmChartContainer - [K3S] [secure_serving.go:213] Serving securely on 127.0.0.1:6444
2025-01-30 18:27:40,616 INFO c.h.h.t.HelmChartContainer - [K3S] [tlsconfig.go:243] "Starting DynamicServingCertificateController"
2025-01-30 18:27:40,616 INFO c.h.h.t.HelmChartContainer - [K3S] [controller.go:119] Starting legacy_token_tracking_controller
2025-01-30 18:27:40,616 INFO c.h.h.t.HelmChartContainer - [K3S] [controller.go:80] Starting OpenAPI V3 AggregationController
2025-01-30 18:27:40,616 INFO c.h.h.t.HelmChartContainer - [K3S] [customresource_discovery_controller.go:292] Starting DiscoveryController
2025-01-30 18:27:40,616 INFO c.h.h.t.HelmChartContainer - [K3S] [cluster_authentication_trust_controller.go:462] Starting cluster_authentication_trust_controller controller
2025-01-30 18:27:40,616 INFO c.h.h.t.HelmChartContainer - [K3S] [aggregator.go:169] waiting for initial CRD sync...
2025-01-30 18:27:40,616 INFO c.h.h.t.HelmChartContainer - [K3S] [system_namespaces_controller.go:66] Starting system namespaces controller
2025-01-30 18:27:40,616 INFO c.h.h.t.HelmChartContainer - [K3S] [dynamic_serving_content.go:135] "Starting controller" name="aggregator-proxy-cert::/var/lib/rancher/k3s/server/tls/client-auth-proxy.crt::/var/lib/rancher/k3s/server/tls/client-auth-proxy.key"
2025-01-30 18:27:40,616 INFO c.h.h.t.HelmChartContainer - [K3S] [remote_available_controller.go:411] Starting RemoteAvailability controller
2025-01-30 18:27:40,616 INFO c.h.h.t.HelmChartContainer - [K3S] [apiservice_controller.go:100] Starting APIServiceRegistrationController
2025-01-30 18:27:40,617 INFO c.h.h.t.HelmChartContainer - [K3S] [gc_controller.go:78] Starting apiserver lease garbage collector
2025-01-30 18:27:40,623 INFO c.h.h.t.HelmChartContainer - [K3S] [apf_controller.go:377] Starting API Priority and Fairness config controller
2025-01-30 18:27:40,623 INFO c.h.h.t.HelmChartContainer - [K3S] [local_available_controller.go:156] Starting LocalAvailability controller
2025-01-30 18:27:40,623 INFO c.h.h.t.HelmChartContainer - [K3S] [controller.go:78] Starting OpenAPI AggregationController
2025-01-30 18:27:40,623 INFO c.h.h.t.HelmChartContainer - [K3S] [controller.go:142] Starting OpenAPI controller
2025-01-30 18:27:40,623 INFO c.h.h.t.HelmChartContainer - [K3S] [controller.go:90] Starting OpenAPI V3 controller
2025-01-30 18:27:40,623 INFO c.h.h.t.HelmChartContainer - [K3S] [naming_controller.go:294] Starting NamingConditionController
2025-01-30 18:27:40,623 INFO c.h.h.t.HelmChartContainer - [K3S] [establishing_controller.go:81] Starting EstablishingController
2025-01-30 18:27:40,623 INFO c.h.h.t.HelmChartContainer - [K3S] [nonstructuralschema_controller.go:195] Starting NonStructuralSchemaConditionController
2025-01-30 18:27:40,623 INFO c.h.h.t.HelmChartContainer - [K3S] [apiapproval_controller.go:189] Starting KubernetesAPIApprovalPolicyConformantConditionController
2025-01-30 18:27:40,623 INFO c.h.h.t.HelmChartContainer - [K3S] [crd_finalizer.go:269] Starting CRDFinalizer
2025-01-30 18:27:40,623 INFO c.h.h.t.HelmChartContainer - [K3S] [dynamic_cafile_content.go:161] "Starting controller" name="client-ca-bundle::/var/lib/rancher/k3s/server/tls/client-ca.crt"
2025-01-30 18:27:40,624 INFO c.h.h.t.HelmChartContainer - [K3S] [dynamic_cafile_content.go:161] "Starting controller" name="request-header::/var/lib/rancher/k3s/server/tls/request-header-ca.crt"
2025-01-30 18:27:40,624 INFO c.h.h.t.HelmChartContainer - [K3S] [crdregistration_controller.go:114] Starting crd-autoregister controller
2025-01-30 18:27:40,715 INFO c.h.h.t.HelmChartContainer - [K3S] [handler_discovery.go:451] Starting ResourceDiscoveryManager
2025-01-30 18:27:40,718 INFO c.h.h.t.HelmChartContainer - [K3S] [apf_controller.go:382] Running API Priority and Fairness config worker
2025-01-30 18:27:40,718 INFO c.h.h.t.HelmChartContainer - [K3S] [apf_controller.go:385] Running API Priority and Fairness periodic rebalancing process
2025-01-30 18:27:40,719 INFO c.h.h.t.HelmChartContainer - [K3S] [controller.go:145] "Failed to ensure lease exists, will retry" err="namespaces \"kube-system\" not found" interval="200ms"
2025-01-30 18:27:40,724 INFO c.h.h.t.HelmChartContainer - [K3S] [aggregator.go:171] initial CRD sync complete...
2025-01-30 18:27:40,724 INFO c.h.h.t.HelmChartContainer - [K3S] [autoregister_controller.go:144] Starting autoregister controller
2025-01-30 18:27:40,734 INFO c.h.h.t.HelmChartContainer - [K3S] [policy_source.go:240] refreshing policies
2025-01-30 18:27:40,775 INFO c.h.h.t.HelmChartContainer - [K3S] [controller.go:95] Unable to perform initial Kubernetes service initialization: namespaces "default" not found
2025-01-30 18:27:40,775 INFO c.h.h.t.HelmChartContainer - [K3S] [controller.go:148] "Unhandled Error" err="while syncing ConfigMap \"kube-system/kube-apiserver-legacy-service-account-token-tracking\", err: namespaces \"kube-system\" not found" logger="UnhandledError"
2025-01-30 18:27:40,905 INFO c.h.h.t.HelmChartContainer - [K3S] [WARNING] Host resolv.conf includes loopback or multicast nameservers - kubelet will use autogenerated resolv.conf with nameserver 8.8.8.8
2025-01-30 18:27:40,913 INFO c.h.h.t.HelmChartContainer - [K3S] [INFO] Module overlay was already loaded
2025-01-30 18:27:40,914 INFO c.h.h.t.HelmChartContainer - [K3S] [INFO] Module nf_conntrack was already loaded
2025-01-30 18:27:40,914 INFO c.h.h.t.HelmChartContainer - [K3S] [INFO] Module br_netfilter was already loaded
2025-01-30 18:27:40,917 INFO c.h.h.t.HelmChartContainer - [K3S] [INFO] Set sysctl 'net/netfilter/nf_conntrack_tcp_timeout_close_wait' to 3600
2025-01-30 18:27:40,917 INFO c.h.h.t.HelmChartContainer - [K3S] [INFO] Set sysctl 'net/netfilter/nf_conntrack_max' to 131072
2025-01-30 18:27:40,918 INFO c.h.h.t.HelmChartContainer - [K3S] [INFO] Set sysctl 'net/netfilter/nf_conntrack_tcp_timeout_established' to 86400
2025-01-30 18:27:40,919 INFO c.h.h.t.HelmChartContainer - [K3S] [INFO] Logging containerd to /var/lib/rancher/k3s/agent/containerd/containerd.log
2025-01-30 18:27:40,920 INFO c.h.h.t.HelmChartContainer - [K3S] [INFO] Running containerd -c /var/lib/rancher/k3s/agent/etc/containerd/config.toml -a /run/k3s/containerd/containerd.sock --state /run/k3s/containerd --root /var/lib/rancher/k3s/agent/containerd
2025-01-30 18:27:41,623 INFO c.h.h.t.HelmChartContainer - [K3S] [storage_scheduling.go:95] created PriorityClass system-node-critical with value 2000001000
2025-01-30 18:27:41,626 INFO c.h.h.t.HelmChartContainer - [K3S] [storage_scheduling.go:95] created PriorityClass system-cluster-critical with value 2000000000
2025-01-30 18:27:41,626 INFO c.h.h.t.HelmChartContainer - [K3S] [storage_scheduling.go:111] all system priority classes are created successfully or already exist.
2025-01-30 18:27:41,923 INFO c.h.h.t.HelmChartContainer - [K3S] [INFO] containerd is now running
2025-01-30 18:27:41,927 INFO c.h.h.t.HelmChartContainer - [K3S] [INFO] Creating k3s-cert-monitor event broadcaster
2025-01-30 18:27:41,928 INFO c.h.h.t.HelmChartContainer - [K3S] [INFO] Connecting to proxy" url="wss://127.0.0.1:6443/v1-k3s/connect
2025-01-30 18:27:41,929 INFO c.h.h.t.HelmChartContainer - [K3S] [INFO] Running kubelet --cloud-provider=external --config-dir=/var/lib/rancher/k3s/agent/etc/kubelet.conf.d --containerd=/run/k3s/containerd/containerd.sock --hostname-override=aff12e0b5782 --kubeconfig=/var/lib/rancher/k3s/agent/kubelet.kubeconfig --node-ip=172.18.0.2 --node-labels=
2025-01-30 18:27:41,932 INFO c.h.h.t.HelmChartContainer - [K3S] [INFO] Handling backend connection request [aff12e0b5782]
2025-01-30 18:27:41,933 INFO c.h.h.t.HelmChartContainer - [K3S] [INFO] Remotedialer connected to proxy" url="wss://127.0.0.1:6443/v1-k3s/connect
2025-01-30 18:27:41,976 INFO c.h.h.t.HelmChartContainer - [K3S] [alloc.go:330] "allocated clusterIPs" service="default/kubernetes" clusterIPs={"IPv4":"10.43.0.1"}
2025-01-30 18:27:41,980 INFO c.h.h.t.HelmChartContainer - [K3S] [lease.go:265] Resetting endpoints for master service "kubernetes" to [172.18.0.2]
2025-01-30 18:27:42,024 INFO c.h.h.t.HelmChartContainer - [K3S] [ERROR] Sending HTTP/1.1 503 response to 127.0.0.1:33074: runtime core not ready
2025-01-30 18:27:42,120 INFO c.h.h.t.HelmChartContainer - [K3S] [INFO] Running kube-proxy --cluster-cidr=10.42.0.0/16 --conntrack-max-per-core=0 --conntrack-tcp-timeout-close-wait=0s --conntrack-tcp-timeout-established=0s --healthz-bind-address=127.0.0.1 --hostname-override=aff12e0b5782 --kubeconfig=/var/lib/rancher/k3s/agent/kubeproxy.kubeconfig --proxy-mode=iptables
2025-01-30 18:27:42,155 INFO c.h.h.t.HelmChartContainer - [K3S] [server.go:687] "Failed to retrieve node info" err="nodes \"aff12e0b5782\" not found"
2025-01-30 18:27:42,723 INFO c.h.h.t.HelmChartContainer - [K3S] [INFO] Waiting for untainted node
2025-01-30 18:27:42,725 INFO c.h.h.t.HelmChartContainer - [K3S] [INFO] Waiting for cloud-controller-manager privileges to become available
2025-01-30 18:27:42,725 INFO c.h.h.t.HelmChartContainer - [K3S] [INFO] Kube API server is now running
2025-01-30 18:27:42,725 INFO c.h.h.t.HelmChartContainer - [K3S] [INFO] ETCD server is now running
2025-01-30 18:27:42,725 INFO c.h.h.t.HelmChartContainer - [K3S] [INFO] k3s is up and running
2025-01-30 18:27:42,725 INFO c.h.h.t.HelmChartContainer - [K3S] [INFO] Creating k3s-supervisor event broadcaster
2025-01-30 18:27:42,730 INFO c.h.h.t.HelmChartContainer - [K3S] [INFO] Applying CRD addons.k3s.cattle.io
2025-01-30 18:27:42,738 INFO c.h.h.t.HelmChartContainer - [K3S] [INFO] Applying CRD etcdsnapshotfiles.k3s.cattle.io
2025-01-30 18:27:42,750 INFO c.h.h.t.HelmChartContainer - [K3S] [INFO] Applying CRD helmcharts.helm.cattle.io
2025-01-30 18:27:42,766 INFO c.h.h.t.HelmChartContainer - [K3S] [INFO] Applying CRD helmchartconfigs.helm.cattle.io
2025-01-30 18:27:42,779 INFO c.h.h.t.HelmChartContainer - [K3S] [INFO] Waiting for CRD helmchartconfigs.helm.cattle.io to become available
2025-01-30 18:27:42,936 INFO c.h.h.t.HelmChartContainer - [K3S] Flag --containerd has been deprecated, This is a cadvisor flag that was mistakenly registered with the Kubelet. Due to legacy concerns, it will follow the standard CLI deprecation timeline before being removed.
2025-01-30 18:27:42,938 INFO c.h.h.t.HelmChartContainer - [K3S] [server.go:515] "Kubelet version" kubeletVersion="v1.32.1+k3s1"
2025-01-30 18:27:42,938 INFO c.h.h.t.HelmChartContainer - [K3S] [server.go:517] "Golang settings" GOGC="" GOMAXPROCS="" GOTRACEBACK=""
2025-01-30 18:27:42,939 INFO c.h.h.t.HelmChartContainer - [K3S] [dynamic_cafile_content.go:161] "Starting controller" name="client-ca-bundle::/var/lib/rancher/k3s/agent/client-ca.crt"
2025-01-30 18:27:42,941 INFO c.h.h.t.HelmChartContainer - [K3S] [log.go:32] "RuntimeConfig from runtime service failed" err="rpc error: code = Unimplemented desc = method RuntimeConfig not implemented"
2025-01-30 18:27:42,941 INFO c.h.h.t.HelmChartContainer - [K3S] [server.go:1416] "CRI implementation should be updated to support RuntimeConfig when KubeletCgroupDriverFromCRI feature gate has been enabled. Falling back to using cgroupDriver from kubelet config."
2025-01-30 18:27:42,944 INFO c.h.h.t.HelmChartContainer - [K3S] [info.go:53] Couldn't collect info from any of the files in "/etc/machine-id,/var/lib/dbus/machine-id"
2025-01-30 18:27:42,945 INFO c.h.h.t.HelmChartContainer - [K3S] [server.go:767] "--cgroups-per-qos enabled, but --cgroup-root was not specified.  defaulting to /"
2025-01-30 18:27:42,945 INFO c.h.h.t.HelmChartContainer - [K3S] [server.go:836] "NoSwap is set due to memorySwapBehavior not specified" memorySwapBehavior="" FailSwapOn=false
2025-01-30 18:27:42,945 INFO c.h.h.t.HelmChartContainer - [K3S] [swap_util.go:115] "Swap is on" /proc/swaps contents=<
2025-01-30 18:27:42,946 INFO c.h.h.t.HelmChartContainer - [K3S] 	Filename				Type		Size		Used		Priority
2025-01-30 18:27:42,946 INFO c.h.h.t.HelmChartContainer - [K3S] 	/mnt/swapfile                           file		4194300		0		-2
2025-01-30 18:27:42,946 INFO c.h.h.t.HelmChartContainer - [K3S]  >
2025-01-30 18:27:42,946 INFO c.h.h.t.HelmChartContainer - [K3S] [container_manager_linux.go:268] "Container manager verified user specified cgroup-root exists" cgroupRoot=[]
2025-01-30 18:27:42,947 INFO c.h.h.t.HelmChartContainer - [K3S] [container_manager_linux.go:273] "Creating Container Manager object based on Node Config" nodeConfig={"NodeName":"aff12e0b5782","RuntimeCgroupsName":"","SystemCgroupsName":"","KubeletCgroupsName":"/k3s","KubeletOOMScoreAdj":-999,"ContainerRuntime":"","CgroupsPerQOS":true,"CgroupRoot":"/","CgroupDriver":"cgroupfs","KubeletRootDir":"/var/lib/kubelet","ProtectKernelDefaults":false,"KubeReservedCgroupName":"","SystemReservedCgroupName":"","ReservedSystemCPUs":{},"EnforceNodeAllocatable":{"pods":{}},"KubeReserved":null,"SystemReserved":null,"HardEvictionThresholds":[{"Signal":"imagefs.available","Operator":"LessThan","Value":{"Quantity":null,"Percentage":0.05},"GracePeriod":0,"MinReclaim":null},{"Signal":"nodefs.available","Operator":"LessThan","Value":{"Quantity":null,"Percentage":0.05},"GracePeriod":0,"MinReclaim":null}],"QOSReserved":{},"CPUManagerPolicy":"none","CPUManagerPolicyOptions":null,"TopologyManagerScope":"container","CPUManagerReconcilePeriod":10000000000,"ExperimentalMemoryManagerPolicy":"None","ExperimentalMemoryManagerReservedMemory":null,"PodPidsLimit":-1,"EnforceCPULimits":true,"CPUCFSQuotaPeriod":100000000,"TopologyManagerPolicy":"none","TopologyManagerPolicyOptions":null,"CgroupVersion":2}
2025-01-30 18:27:42,947 INFO c.h.h.t.HelmChartContainer - [K3S] [topology_manager.go:138] "Creating topology manager with none policy"
2025-01-30 18:27:42,947 INFO c.h.h.t.HelmChartContainer - [K3S] [container_manager_linux.go:304] "Creating device plugin manager"
2025-01-30 18:27:42,948 INFO c.h.h.t.HelmChartContainer - [K3S] [state_mem.go:36] "Initialized new in-memory state store"
2025-01-30 18:27:42,948 INFO c.h.h.t.HelmChartContainer - [K3S] [kubelet.go:446] "Attempting to sync node with API server"
2025-01-30 18:27:42,948 INFO c.h.h.t.HelmChartContainer - [K3S] [kubelet.go:341] "Adding static pod path" path="/var/lib/rancher/k3s/agent/pod-manifests"
2025-01-30 18:27:42,949 INFO c.h.h.t.HelmChartContainer - [K3S] [kubelet.go:352] "Adding apiserver pod source"
2025-01-30 18:27:42,949 INFO c.h.h.t.HelmChartContainer - [K3S] [apiserver.go:42] "Waiting for node sync before watching apiserver pods"
2025-01-30 18:27:42,949 INFO c.h.h.t.HelmChartContainer - [K3S] [kuberuntime_manager.go:269] "Container runtime initialized" containerRuntime="containerd" version="v1.7.23-k3s2" apiVersion="v1"
2025-01-30 18:27:42,949 INFO c.h.h.t.HelmChartContainer - [K3S] [kubelet.go:890] "Not starting ClusterTrustBundle informer because we are in static kubelet mode"
2025-01-30 18:27:42,949 INFO c.h.h.t.HelmChartContainer - [K3S] [probe.go:272] Flexvolume plugin directory at /usr/libexec/kubernetes/kubelet-plugins/volume/exec/ does not exist. Recreating.
2025-01-30 18:27:42,950 INFO c.h.h.t.HelmChartContainer - [K3S] [watchdog_linux.go:99] "Systemd watchdog is not enabled"
2025-01-30 18:27:42,950 INFO c.h.h.t.HelmChartContainer - [K3S] [server.go:1282] "Started kubelet"
2025-01-30 18:27:42,952 INFO c.h.h.t.HelmChartContainer - [K3S] [fs_resource_analyzer.go:67] "Starting FS ResourceAnalyzer"
2025-01-30 18:27:42,955 INFO c.h.h.t.HelmChartContainer - [K3S] [server.go:169] "Starting to listen" address="0.0.0.0" port=10250
2025-01-30 18:27:42,957 INFO c.h.h.t.HelmChartContainer - [K3S] [server.go:490] "Adding debug handlers to kubelet server"
2025-01-30 18:27:42,957 INFO c.h.h.t.HelmChartContainer - [K3S] [dynamic_serving_content.go:135] "Starting controller" name="kubelet-server-cert-files::/var/lib/rancher/k3s/agent/serving-kubelet.crt::/var/lib/rancher/k3s/agent/serving-kubelet.key"
2025-01-30 18:27:42,958 INFO c.h.h.t.HelmChartContainer - [K3S] [volume_manager.go:297] "Starting Kubelet Volume Manager"
2025-01-30 18:27:42,958 INFO c.h.h.t.HelmChartContainer - [K3S] [server.go:208] "Starting to listen read-only" address="0.0.0.0" port=10255
2025-01-30 18:27:42,959 INFO c.h.h.t.HelmChartContainer - [K3S] [reconciler.go:26] "Reconciler: start to sync state"
2025-01-30 18:27:42,959 INFO c.h.h.t.HelmChartContainer - [K3S] [ratelimit.go:55] "Setting rate limiting for endpoint" service="podresources" qps=100 burstTokens=10
2025-01-30 18:27:42,960 INFO c.h.h.t.HelmChartContainer - [K3S] [desired_state_of_world_populator.go:149] "Desired state populator starts to run"
2025-01-30 18:27:42,961 INFO c.h.h.t.HelmChartContainer - [K3S] [server.go:243] "Starting to serve the podresources API" endpoint="unix:/var/lib/kubelet/pod-resources/kubelet.sock"
2025-01-30 18:27:42,961 INFO c.h.h.t.HelmChartContainer - [K3S] [kubelet_node_status.go:467] "Error getting the current node from lister" err="node \"aff12e0b5782\" not found"
2025-01-30 18:27:42,964 INFO c.h.h.t.HelmChartContainer - [K3S] [kubelet.go:1561] "Image garbage collection failed once. Stats initialization may not have completed yet" err="invalid capacity 0 on image filesystem"
2025-01-30 18:27:42,969 INFO c.h.h.t.HelmChartContainer - [K3S] [factory.go:221] Registration of the containerd container factory successfully
2025-01-30 18:27:42,970 INFO c.h.h.t.HelmChartContainer - [K3S] [factory.go:221] Registration of the systemd container factory successfully
2025-01-30 18:27:42,970 INFO c.h.h.t.HelmChartContainer - [K3S] [factory.go:219] Registration of the crio container factory failed: Get "http://%2Fvar%2Frun%2Fcrio%2Fcrio.sock/info": dial unix /var/run/crio/crio.sock: connect: no such file or directory
2025-01-30 18:27:42,970 INFO c.h.h.t.HelmChartContainer - [K3S] [nodelease.go:49] "Failed to get node when trying to set owner ref to the node lease" err="nodes \"aff12e0b5782\" not found" node="aff12e0b5782"
2025-01-30 18:27:42,977 INFO c.h.h.t.HelmChartContainer - [K3S] [kubelet_network_linux.go:50] "Initialized iptables rules." protocol="IPv4"
2025-01-30 18:27:42,978 INFO c.h.h.t.HelmChartContainer - [K3S] [kubelet_network_linux.go:50] "Initialized iptables rules." protocol="IPv6"
2025-01-30 18:27:42,978 INFO c.h.h.t.HelmChartContainer - [K3S] [status_manager.go:227] "Starting to sync pod status with apiserver"
2025-01-30 18:27:42,978 INFO c.h.h.t.HelmChartContainer - [K3S] [watchdog_linux.go:127] "Systemd watchdog is not enabled or the interval is invalid, so health checking will not be started."
2025-01-30 18:27:42,979 INFO c.h.h.t.HelmChartContainer - [K3S] [kubelet.go:2388] "Starting kubelet main sync loop"
2025-01-30 18:27:42,979 INFO c.h.h.t.HelmChartContainer - [K3S] [kubelet.go:2412] "Skipping pod synchronization" err="[container runtime status check may not have completed yet, PLEG is not healthy: pleg has yet to be successful]"
2025-01-30 18:27:42,986 INFO c.h.h.t.HelmChartContainer - [K3S] [serving.go:392] Generated self-signed cert in-memory
2025-01-30 18:27:42,995 INFO c.h.h.t.HelmChartContainer - [K3S] [cpu_manager.go:221] "Starting CPU manager" policy="none"
2025-01-30 18:27:42,996 INFO c.h.h.t.HelmChartContainer - [K3S] [cpu_manager.go:222] "Reconciling" reconcilePeriod="10s"
2025-01-30 18:27:42,996 INFO c.h.h.t.HelmChartContainer - [K3S] [state_mem.go:36] "Initialized new in-memory state store"
2025-01-30 18:27:42,998 INFO c.h.h.t.HelmChartContainer - [K3S] [policy_none.go:49] "None policy: Start"
2025-01-30 18:27:42,998 INFO c.h.h.t.HelmChartContainer - [K3S] [memory_manager.go:186] "Starting memorymanager" policy="None"
2025-01-30 18:27:42,998 INFO c.h.h.t.HelmChartContainer - [K3S] [state_mem.go:35] "Initializing new in-memory state store"
2025-01-30 18:27:43,003 INFO c.h.h.t.HelmChartContainer - [K3S] [manager.go:519] "Failed to read data from checkpoint" checkpoint="kubelet_internal_checkpoint" err="checkpoint is not found"
2025-01-30 18:27:43,003 INFO c.h.h.t.HelmChartContainer - [K3S] [eviction_manager.go:189] "Eviction manager: starting control loop"
2025-01-30 18:27:43,003 INFO c.h.h.t.HelmChartContainer - [K3S] [container_log_manager.go:189] "Initializing container log rotate workers" workers=1 monitorPeriod="10s"
2025-01-30 18:27:43,005 INFO c.h.h.t.HelmChartContainer - [K3S] [plugin_manager.go:118] "Starting Kubelet Plugin Manager"
2025-01-30 18:27:43,006 INFO c.h.h.t.HelmChartContainer - [K3S] [eviction_manager.go:267] "eviction manager: failed to check if we have separate container filesystem. Ignoring." err="no imagefs label for configured runtime"
2025-01-30 18:27:43,007 INFO c.h.h.t.HelmChartContainer - [K3S] [eviction_manager.go:292] "Eviction manager: failed to get summary stats" err="failed to get node info: node \"aff12e0b5782\" not found"
2025-01-30 18:27:43,104 INFO c.h.h.t.HelmChartContainer - [K3S] [kubelet_node_status.go:76] "Attempting to register node" node="aff12e0b5782"
2025-01-30 18:27:43,111 INFO c.h.h.t.HelmChartContainer - [K3S] [kubelet_node_status.go:79] "Successfully registered node" node="aff12e0b5782"
2025-01-30 18:27:43,115 INFO c.h.h.t.HelmChartContainer - [K3S] [INFO] Annotations and labels have been set successfully on node: aff12e0b5782
2025-01-30 18:27:43,116 INFO c.h.h.t.HelmChartContainer - [K3S] [INFO] Starting flannel with backend vxlan
2025-01-30 18:27:43,194 INFO c.h.h.t.HelmChartContainer - [K3S] [controllermanager.go:185] "Starting" version="v1.32.1+k3s1"
2025-01-30 18:27:43,194 INFO c.h.h.t.HelmChartContainer - [K3S] [controllermanager.go:187] "Golang settings" GOGC="" GOMAXPROCS="" GOTRACEBACK=""
2025-01-30 18:27:43,198 INFO c.h.h.t.HelmChartContainer - [K3S] [configmap_cafile_content.go:205] "Starting controller" name="client-ca::kube-system::extension-apiserver-authentication::client-ca-file"
2025-01-30 18:27:43,198 INFO c.h.h.t.HelmChartContainer - [K3S] [configmap_cafile_content.go:205] "Starting controller" name="client-ca::kube-system::extension-apiserver-authentication::requestheader-client-ca-file"
2025-01-30 18:27:43,198 INFO c.h.h.t.HelmChartContainer - [K3S] [requestheader_controller.go:180] Starting RequestHeaderAuthRequestController
2025-01-30 18:27:43,198 INFO c.h.h.t.HelmChartContainer - [K3S] [secure_serving.go:213] Serving securely on 127.0.0.1:10257
2025-01-30 18:27:43,198 INFO c.h.h.t.HelmChartContainer - [K3S] [tlsconfig.go:243] "Starting DynamicServingCertificateController"
2025-01-30 18:27:43,200 INFO c.h.h.t.HelmChartContainer - [K3S] [controllermanager.go:765] "Started controller" controller="serviceaccount-token-controller"
2025-01-30 18:27:43,206 INFO c.h.h.t.HelmChartContainer - [K3S] [certificate_controller.go:120] "Starting certificate controller" name="csrsigning-kubelet-serving"
2025-01-30 18:27:43,206 INFO c.h.h.t.HelmChartContainer - [K3S] [dynamic_serving_content.go:135] "Starting controller" name="csr-controller::/var/lib/rancher/k3s/server/tls/server-ca.nochain.crt::/var/lib/rancher/k3s/server/tls/server-ca.key"
2025-01-30 18:27:43,207 INFO c.h.h.t.HelmChartContainer - [K3S] [certificate_controller.go:120] "Starting certificate controller" name="csrsigning-kubelet-client"
2025-01-30 18:27:43,207 INFO c.h.h.t.HelmChartContainer - [K3S] [dynamic_serving_content.go:135] "Starting controller" name="csr-controller::/var/lib/rancher/k3s/server/tls/client-ca.nochain.crt::/var/lib/rancher/k3s/server/tls/client-ca.key"
2025-01-30 18:27:43,207 INFO c.h.h.t.HelmChartContainer - [K3S] [certificate_controller.go:120] "Starting certificate controller" name="csrsigning-kube-apiserver-client"
2025-01-30 18:27:43,207 INFO c.h.h.t.HelmChartContainer - [K3S] [dynamic_serving_content.go:135] "Starting controller" name="csr-controller::/var/lib/rancher/k3s/server/tls/client-ca.nochain.crt::/var/lib/rancher/k3s/server/tls/client-ca.key"
2025-01-30 18:27:43,208 INFO c.h.h.t.HelmChartContainer - [K3S] [controllermanager.go:765] "Started controller" controller="certificatesigningrequest-signing-controller"
2025-01-30 18:27:43,208 INFO c.h.h.t.HelmChartContainer - [K3S] [certificate_controller.go:120] "Starting certificate controller" name="csrsigning-legacy-unknown"
2025-01-30 18:27:43,208 INFO c.h.h.t.HelmChartContainer - [K3S] [dynamic_serving_content.go:135] "Starting controller" name="csr-controller::/var/lib/rancher/k3s/server/tls/server-ca.nochain.crt::/var/lib/rancher/k3s/server/tls/server-ca.key"
2025-01-30 18:27:43,213 INFO c.h.h.t.HelmChartContainer - [K3S] [controllermanager.go:765] "Started controller" controller="persistentvolume-expander-controller"
2025-01-30 18:27:43,213 INFO c.h.h.t.HelmChartContainer - [K3S] [expand_controller.go:329] "Starting expand controller"
2025-01-30 18:27:43,220 INFO c.h.h.t.HelmChartContainer - [K3S] [controllermanager.go:765] "Started controller" controller="legacy-serviceaccount-token-cleaner-controller"
2025-01-30 18:27:43,220 INFO c.h.h.t.HelmChartContainer - [K3S] [legacy_serviceaccount_token_cleaner.go:103] "Starting legacy service account token cleaner controller"
2025-01-30 18:27:43,232 INFO c.h.h.t.HelmChartContainer - [K3S] [controllermanager.go:765] "Started controller" controller="validatingadmissionpolicy-status-controller"
2025-01-30 18:27:43,237 INFO c.h.h.t.HelmChartContainer - [K3S] [controllermanager.go:765] "Started controller" controller="replicationcontroller-controller"
2025-01-30 18:27:43,237 INFO c.h.h.t.HelmChartContainer - [K3S] [replica_set.go:217] "Starting controller" name="replicationcontroller"
2025-01-30 18:27:43,242 INFO c.h.h.t.HelmChartContainer - [K3S] [controllermanager.go:765] "Started controller" controller="pod-garbage-collector-controller"
2025-01-30 18:27:43,242 INFO c.h.h.t.HelmChartContainer - [K3S] [gc_controller.go:99] "Starting GC controller"
2025-01-30 18:27:43,247 INFO c.h.h.t.HelmChartContainer - [K3S] [controllermanager.go:765] "Started controller" controller="daemonset-controller"
2025-01-30 18:27:43,247 INFO c.h.h.t.HelmChartContainer - [K3S] [daemon_controller.go:294] "Starting daemon sets controller"
2025-01-30 18:27:43,252 INFO c.h.h.t.HelmChartContainer - [K3S] [controllermanager.go:765] "Started controller" controller="deployment-controller"
2025-01-30 18:27:43,252 INFO c.h.h.t.HelmChartContainer - [K3S] [deployment_controller.go:173] "Starting controller" controller="deployment"
2025-01-30 18:27:43,258 INFO c.h.h.t.HelmChartContainer - [K3S] [controllermanager.go:765] "Started controller" controller="token-cleaner-controller"
2025-01-30 18:27:43,258 INFO c.h.h.t.HelmChartContainer - [K3S] [tokencleaner.go:117] "Starting token cleaner controller"
2025-01-30 18:27:43,264 INFO c.h.h.t.HelmChartContainer - [K3S] [controllermanager.go:765] "Started controller" controller="persistentvolume-attach-detach-controller"
2025-01-30 18:27:43,264 INFO c.h.h.t.HelmChartContainer - [K3S] [attach_detach_controller.go:338] "Starting attach detach controller"
2025-01-30 18:27:43,280 INFO c.h.h.t.HelmChartContainer - [K3S] [INFO] Done waiting for CRD helmchartconfigs.helm.cattle.io to become available
2025-01-30 18:27:43,280 INFO c.h.h.t.HelmChartContainer - [K3S] [server.go:698] "Successfully retrieved node IP(s)" IPs=["172.18.0.2"]
2025-01-30 18:27:43,280 INFO c.h.h.t.HelmChartContainer - [K3S] [server.go:234] "Kube-proxy configuration may be incomplete or incorrect" err="nodePortAddresses is unset; NodePort connections will be accepted on all local IPs. Consider using `--nodeport-addresses primary`"
2025-01-30 18:27:43,281 INFO c.h.h.t.HelmChartContainer - [K3S] [INFO] Writing static file: /var/lib/rancher/k3s/server/static/charts/traefik-crd-27.0.201+up27.0.2.tgz
2025-01-30 18:27:43,282 INFO c.h.h.t.HelmChartContainer - [K3S] [INFO] Writing static file: /var/lib/rancher/k3s/server/static/charts/traefik-27.0.201+up27.0.2.tgz
2025-01-30 18:27:43,282 INFO c.h.h.t.HelmChartContainer - [K3S] [INFO] Writing manifest: /var/lib/rancher/k3s/server/manifests/metrics-server/metrics-server-service.yaml
2025-01-30 18:27:43,283 INFO c.h.h.t.HelmChartContainer - [K3S] [INFO] Writing manifest: /var/lib/rancher/k3s/server/manifests/local-storage.yaml
2025-01-30 18:27:43,283 INFO c.h.h.t.HelmChartContainer - [K3S] [INFO] Writing manifest: /var/lib/rancher/k3s/server/manifests/metrics-server/auth-delegator.yaml
2025-01-30 18:27:43,283 INFO c.h.h.t.HelmChartContainer - [K3S] [INFO] Writing manifest: /var/lib/rancher/k3s/server/manifests/metrics-server/auth-reader.yaml
2025-01-30 18:27:43,283 INFO c.h.h.t.HelmChartContainer - [K3S] [INFO] Writing manifest: /var/lib/rancher/k3s/server/manifests/metrics-server/metrics-apiservice.yaml
2025-01-30 18:27:43,283 INFO c.h.h.t.HelmChartContainer - [K3S] [INFO] Writing manifest: /var/lib/rancher/k3s/server/manifests/metrics-server/resource-reader.yaml
2025-01-30 18:27:43,283 INFO c.h.h.t.HelmChartContainer - [K3S] [INFO] Writing manifest: /var/lib/rancher/k3s/server/manifests/rolebindings.yaml
2025-01-30 18:27:43,284 INFO c.h.h.t.HelmChartContainer - [K3S] [INFO] Writing manifest: /var/lib/rancher/k3s/server/manifests/runtimes.yaml
2025-01-30 18:27:43,285 INFO c.h.h.t.HelmChartContainer - [K3S] [INFO] Writing manifest: /var/lib/rancher/k3s/server/manifests/ccm.yaml
2025-01-30 18:27:43,285 INFO c.h.h.t.HelmChartContainer - [K3S] [INFO] Writing manifest: /var/lib/rancher/k3s/server/manifests/coredns.yaml
2025-01-30 18:27:43,285 INFO c.h.h.t.HelmChartContainer - [K3S] [INFO] Writing manifest: /var/lib/rancher/k3s/server/manifests/metrics-server/aggregated-metrics-reader.yaml
2025-01-30 18:27:43,285 INFO c.h.h.t.HelmChartContainer - [K3S] [INFO] Writing manifest: /var/lib/rancher/k3s/server/manifests/metrics-server/metrics-server-deployment.yaml
2025-01-30 18:27:43,285 INFO c.h.h.t.HelmChartContainer - [K3S] [server.go:243] "kube-proxy running in dual-stack mode" primary ipFamily="IPv4"
2025-01-30 18:27:43,285 INFO c.h.h.t.HelmChartContainer - [K3S] [server_linux.go:170] "Using iptables Proxier"
2025-01-30 18:27:43,285 INFO c.h.h.t.HelmChartContainer - [K3S] [INFO] Starting dynamiclistener CN filter node controller with SANs: [localhost 127.0.0.1 ::1 localhost aff12e0b5782 172.18.0.2 10.43.0.1 kubernetes kubernetes.default kubernetes.default.svc kubernetes.default.svc.cluster.local]
2025-01-30 18:27:43,286 INFO c.h.h.t.HelmChartContainer - [K3S] [INFO] Tunnel server egress proxy mode: agent
2025-01-30 18:27:43,287 INFO c.h.h.t.HelmChartContainer - [K3S] [proxier.go:255] "Setting route_localnet=1 to allow node-ports on localhost; to change this either disable iptables.localhostNodePorts (--iptables-localhost-nodeports) or set nodePortAddresses (--nodeport-addresses) to filter loopback addresses"
2025-01-30 18:27:43,291 INFO c.h.h.t.HelmChartContainer - [K3S] [server.go:497] "Version info" version="v1.32.1+k3s1"
2025-01-30 18:27:43,291 INFO c.h.h.t.HelmChartContainer - [K3S] [server.go:499] "Golang settings" GOGC="" GOMAXPROCS="" GOTRACEBACK=""
2025-01-30 18:27:43,296 INFO c.h.h.t.HelmChartContainer - [K3S] [config.go:199] "Starting service config controller"
2025-01-30 18:27:43,296 INFO c.h.h.t.HelmChartContainer - [K3S] [config.go:105] "Starting endpoint slice config controller"
2025-01-30 18:27:43,297 INFO c.h.h.t.HelmChartContainer - [K3S] [config.go:329] "Starting node config controller"
2025-01-30 18:27:43,315 INFO c.h.h.t.HelmChartContainer - [K3S] [kubelet_node_status.go:502] "Fast updating node status as it just became ready"
2025-01-30 18:27:43,391 INFO c.h.h.t.HelmChartContainer - [K3S] [INFO] Starting k3s.cattle.io/v1, Kind=Addon controller
2025-01-30 18:27:43,391 INFO c.h.h.t.HelmChartContainer - [K3S] [INFO] Creating deploy event broadcaster
2025-01-30 18:27:43,403 INFO c.h.h.t.HelmChartContainer - [K3S] [controllermanager.go:765] "Started controller" controller="clusterrole-aggregation-controller"
2025-01-30 18:27:43,403 INFO c.h.h.t.HelmChartContainer - [K3S] [clusterroleaggregation_controller.go:194] "Starting ClusterRoleAggregator controller"
2025-01-30 18:27:43,494 INFO c.h.h.t.HelmChartContainer - [K3S] [INFO] Starting /v1, Kind=Node controller
2025-01-30 18:27:43,495 INFO c.h.h.t.HelmChartContainer - [K3S] [INFO] Creating helm-controller event broadcaster
2025-01-30 18:27:43,510 INFO c.h.h.t.HelmChartContainer - [K3S] [INFO] Cluster dns configmap has been set successfully
2025-01-30 18:27:43,554 INFO c.h.h.t.HelmChartContainer - [K3S] [controllermanager.go:765] "Started controller" controller="ephemeral-volume-controller"
2025-01-30 18:27:43,554 INFO c.h.h.t.HelmChartContainer - [K3S] [controller.go:173] "Starting ephemeral volume controller"
2025-01-30 18:27:43,557 INFO c.h.h.t.HelmChartContainer - [K3S] [INFO] Starting /v1, Kind=Secret controller
2025-01-30 18:27:43,557 INFO c.h.h.t.HelmChartContainer - [K3S] [INFO] Starting /v1, Kind=ConfigMap controller
2025-01-30 18:27:43,557 INFO c.h.h.t.HelmChartContainer - [K3S] [INFO] Starting /v1, Kind=ServiceAccount controller
2025-01-30 18:27:43,563 INFO c.h.h.t.HelmChartContainer - [K3S] [INFO] Updating TLS secret for kube-system/k3s-serving (count: 10): map[listener.cattle.io/cn-10.43.0.1:10.43.0.1 listener.cattle.io/cn-127.0.0.1:127.0.0.1 listener.cattle.io/cn-172.18.0.2:172.18.0.2 listener.cattle.io/cn-__1-f16284:::1 listener.cattle.io/cn-aff12e0b5782:aff12e0b5782 listener.cattle.io/cn-kubernetes:kubernetes listener.cattle.io/cn-kubernetes.default:kubernetes.default listener.cattle.io/cn-kubernetes.default.svc:kubernetes.default.svc listener.cattle.io/cn-kubernetes.default.svc.cluster.local:kubernetes.default.svc.cluster.local listener.cattle.io/cn-localhost:localhost listener.cattle.io/fingerprint:SHA1=CCF410208FAE61B51256EC210AEAD5191E2DF04C]
2025-01-30 18:27:43,566 INFO c.h.h.t.HelmChartContainer - [K3S] [INFO] Active TLS secret kube-system/k3s-serving (ver=241) (count 10): map[listener.cattle.io/cn-10.43.0.1:10.43.0.1 listener.cattle.io/cn-127.0.0.1:127.0.0.1 listener.cattle.io/cn-172.18.0.2:172.18.0.2 listener.cattle.io/cn-__1-f16284:::1 listener.cattle.io/cn-aff12e0b5782:aff12e0b5782 listener.cattle.io/cn-kubernetes:kubernetes listener.cattle.io/cn-kubernetes.default:kubernetes.default listener.cattle.io/cn-kubernetes.default.svc:kubernetes.default.svc listener.cattle.io/cn-kubernetes.default.svc.cluster.local:kubernetes.default.svc.cluster.local listener.cattle.io/cn-localhost:localhost listener.cattle.io/fingerprint:SHA1=CCF410208FAE61B51256EC210AEAD5191E2DF04C]
2025-01-30 18:27:43,604 INFO c.h.h.t.HelmChartContainer - [K3S] [INFO] Starting helm.cattle.io/v1, Kind=HelmChart controller
2025-01-30 18:27:43,604 INFO c.h.h.t.HelmChartContainer - [K3S] [INFO] Starting helm.cattle.io/v1, Kind=HelmChartConfig controller
2025-01-30 18:27:43,607 INFO c.h.h.t.HelmChartContainer - [K3S] [INFO] Starting rbac.authorization.k8s.io/v1, Kind=ClusterRoleBinding controller
2025-01-30 18:27:43,611 INFO c.h.h.t.HelmChartContainer - [K3S] [INFO] Starting batch/v1, Kind=Job controller
2025-01-30 18:27:43,659 INFO c.h.h.t.HelmChartContainer - [K3S] [INFO] Updating TLS secret for kube-system/k3s-serving (count: 10): map[listener.cattle.io/cn-10.43.0.1:10.43.0.1 listener.cattle.io/cn-127.0.0.1:127.0.0.1 listener.cattle.io/cn-172.18.0.2:172.18.0.2 listener.cattle.io/cn-__1-f16284:::1 listener.cattle.io/cn-aff12e0b5782:aff12e0b5782 listener.cattle.io/cn-kubernetes:kubernetes listener.cattle.io/cn-kubernetes.default:kubernetes.default listener.cattle.io/cn-kubernetes.default.svc:kubernetes.default.svc listener.cattle.io/cn-kubernetes.default.svc.cluster.local:kubernetes.default.svc.cluster.local listener.cattle.io/cn-localhost:localhost listener.cattle.io/fingerprint:SHA1=CCF410208FAE61B51256EC210AEAD5191E2DF04C]
2025-01-30 18:27:43,710 INFO c.h.h.t.HelmChartContainer - [K3S] [controllermanager.go:765] "Started controller" controller="endpointslice-mirroring-controller"
2025-01-30 18:27:43,711 INFO c.h.h.t.HelmChartContainer - [K3S] [endpointslicemirroring_controller.go:227] "Starting EndpointSliceMirroring controller"
2025-01-30 18:27:43,753 INFO c.h.h.t.HelmChartContainer - [K3S] [controllermanager.go:765] "Started controller" controller="certificatesigningrequest-cleaner-controller"
2025-01-30 18:27:43,754 INFO c.h.h.t.HelmChartContainer - [K3S] [cleaner.go:83] "Starting CSR cleaner controller"
2025-01-30 18:27:43,904 INFO c.h.h.t.HelmChartContainer - [K3S] [controllermanager.go:765] "Started controller" controller="ttl-controller"
2025-01-30 18:27:43,904 INFO c.h.h.t.HelmChartContainer - [K3S] [ttl_controller.go:127] "Starting TTL controller"
2025-01-30 18:27:43,946 INFO c.h.h.t.HelmChartContainer - [K3S] [apiserver.go:52] "Watching apiserver"
2025-01-30 18:27:43,960 INFO c.h.h.t.HelmChartContainer - [K3S] [desired_state_of_world_populator.go:157] "Finished populating initial desired state of world"
2025-01-30 18:27:44,054 INFO c.h.h.t.HelmChartContainer - [K3S] [node_lifecycle_controller.go:432] "Controller will reconcile labels"
2025-01-30 18:27:44,054 INFO c.h.h.t.HelmChartContainer - [K3S] [controllermanager.go:765] "Started controller" controller="node-lifecycle-controller"
2025-01-30 18:27:44,054 INFO c.h.h.t.HelmChartContainer - [K3S] [controllermanager.go:723] "Skipping a cloud provider controller" controller="service-lb-controller"
2025-01-30 18:27:44,054 INFO c.h.h.t.HelmChartContainer - [K3S] [controllermanager.go:723] "Skipping a cloud provider controller" controller="node-route-controller"
2025-01-30 18:27:44,054 INFO c.h.h.t.HelmChartContainer - [K3S] [node_lifecycle_controller.go:466] "Sending events to api server"
2025-01-30 18:27:44,054 INFO c.h.h.t.HelmChartContainer - [K3S] [node_lifecycle_controller.go:477] "Starting node controller"
2025-01-30 18:27:44,203 INFO c.h.h.t.HelmChartContainer - [K3S] [controllermanager.go:765] "Started controller" controller="persistentvolume-protection-controller"
2025-01-30 18:27:44,203 INFO c.h.h.t.HelmChartContainer - [K3S] [controllermanager.go:717] "Controller is disabled by a feature gate" controller="service-cidr-controller" requiredFeatureGates=["MultiCIDRServiceAllocator"]
2025-01-30 18:27:44,203 INFO c.h.h.t.HelmChartContainer - [K3S] [pv_protection_controller.go:81] "Starting PV protection controller"
2025-01-30 18:27:44,354 INFO c.h.h.t.HelmChartContainer - [K3S] [controllermanager.go:765] "Started controller" controller="endpoints-controller"
2025-01-30 18:27:44,354 INFO c.h.h.t.HelmChartContainer - [K3S] [endpoints_controller.go:182] "Starting endpoint controller"
2025-01-30 18:27:44,514 INFO c.h.h.t.HelmChartContainer - [K3S] [INFO] Labels and annotations have been set successfully on node: aff12e0b5782
2025-01-30 18:27:44,553 INFO c.h.h.t.HelmChartContainer - [K3S] [controllermanager.go:765] "Started controller" controller="disruption-controller"
2025-01-30 18:27:44,554 INFO c.h.h.t.HelmChartContainer - [K3S] [disruption.go:452] "Sending events to api server."
2025-01-30 18:27:44,554 INFO c.h.h.t.HelmChartContainer - [K3S] [controllermanager.go:717] "Controller is disabled by a feature gate" controller="volumeattributesclass-protection-controller" requiredFeatureGates=["VolumeAttributesClass"]
2025-01-30 18:27:44,554 INFO c.h.h.t.HelmChartContainer - [K3S] [disruption.go:463] "Starting disruption controller"
2025-01-30 18:27:44,703 INFO c.h.h.t.HelmChartContainer - [K3S] [controllermanager.go:765] "Started controller" controller="ttl-after-finished-controller"
2025-01-30 18:27:44,704 INFO c.h.h.t.HelmChartContainer - [K3S] [ttlafterfinished_controller.go:112] "Starting TTL after finished controller"
2025-01-30 18:27:45,010 INFO c.h.h.t.HelmChartContainer - [K3S] [controllermanager.go:765] "Started controller" controller="resourcequota-controller"
2025-01-30 18:27:45,010 INFO c.h.h.t.HelmChartContainer - [K3S] [resource_quota_controller.go:300] "Starting resource quota controller"
2025-01-30 18:27:45,154 INFO c.h.h.t.HelmChartContainer - [K3S] [controllermanager.go:765] "Started controller" controller="persistentvolume-binder-controller"
2025-01-30 18:27:45,154 INFO c.h.h.t.HelmChartContainer - [K3S] [controllermanager.go:717] "Controller is disabled by a feature gate" controller="resourceclaim-controller" requiredFeatureGates=["DynamicResourceAllocation"]
2025-01-30 18:27:45,154 INFO c.h.h.t.HelmChartContainer - [K3S] [controllermanager.go:717] "Controller is disabled by a feature gate" controller="selinux-warning-controller" requiredFeatureGates=["SELinuxChangePolicy"]
2025-01-30 18:27:45,154 INFO c.h.h.t.HelmChartContainer - [K3S] [pv_controller_base.go:308] "Starting persistent volume controller"
2025-01-30 18:27:45,304 INFO c.h.h.t.HelmChartContainer - [K3S] [controllermanager.go:765] "Started controller" controller="endpointslice-controller"
2025-01-30 18:27:45,304 INFO c.h.h.t.HelmChartContainer - [K3S] [endpointslice_controller.go:281] "Starting endpoint slice controller"
2025-01-30 18:27:45,397 INFO c.h.h.t.HelmChartContainer - [K3S] [event.go:389] "Event occurred" object="kube-system/ccm" fieldPath="" kind="Addon" apiVersion="k3s.cattle.io/v1" type="Normal" reason="ApplyingManifest" message="Applying manifest at \"/var/lib/rancher/k3s/server/manifests/ccm.yaml\""
2025-01-30 18:27:45,421 INFO c.h.h.t.HelmChartContainer - [K3S] [event.go:389] "Event occurred" object="kube-system/ccm" fieldPath="" kind="Addon" apiVersion="k3s.cattle.io/v1" type="Normal" reason="AppliedManifest" message="Applied manifest at \"/var/lib/rancher/k3s/server/manifests/ccm.yaml\""
2025-01-30 18:27:45,433 INFO c.h.h.t.HelmChartContainer - [K3S] [event.go:389] "Event occurred" object="kube-system/coredns" fieldPath="" kind="Addon" apiVersion="k3s.cattle.io/v1" type="Normal" reason="ApplyingManifest" message="Applying manifest at \"/var/lib/rancher/k3s/server/manifests/coredns.yaml\""
2025-01-30 18:27:45,435 INFO c.h.h.t.HelmChartContainer - [K3S] [event.go:389] "Event occurred" object="aff12e0b5782" fieldPath="" kind="Node" apiVersion="" type="Normal" reason="NodePasswordValidationComplete" message="Deferred node password secret validation complete"
2025-01-30 18:27:45,529 INFO c.h.h.t.HelmChartContainer - [K3S] [alloc.go:330] "allocated clusterIPs" service="kube-system/kube-dns" clusterIPs={"IPv4":"10.43.0.10"}
2025-01-30 18:27:45,530 INFO c.h.h.t.HelmChartContainer - [K3S] [event.go:389] "Event occurred" object="kube-system/coredns" fieldPath="" kind="Addon" apiVersion="k3s.cattle.io/v1" type="Normal" reason="AppliedManifest" message="Applied manifest at \"/var/lib/rancher/k3s/server/manifests/coredns.yaml\""
2025-01-30 18:27:45,537 INFO c.h.h.t.HelmChartContainer - [K3S] [event.go:389] "Event occurred" object="kube-system/local-storage" fieldPath="" kind="Addon" apiVersion="k3s.cattle.io/v1" type="Normal" reason="ApplyingManifest" message="Applying manifest at \"/var/lib/rancher/k3s/server/manifests/local-storage.yaml\""
2025-01-30 18:27:45,557 INFO c.h.h.t.HelmChartContainer - [K3S] [controllermanager.go:765] "Started controller" controller="namespace-controller"
2025-01-30 18:27:45,557 INFO c.h.h.t.HelmChartContainer - [K3S] [namespace_controller.go:202] "Starting namespace controller"
2025-01-30 18:27:45,633 INFO c.h.h.t.HelmChartContainer - [K3S] [event.go:389] "Event occurred" object="kube-system/local-storage" fieldPath="" kind="Addon" apiVersion="k3s.cattle.io/v1" type="Normal" reason="AppliedManifest" message="Applied manifest at \"/var/lib/rancher/k3s/server/manifests/local-storage.yaml\""
2025-01-30 18:27:45,638 INFO c.h.h.t.HelmChartContainer - [K3S] [event.go:389] "Event occurred" object="kube-system/aggregated-metrics-reader" fieldPath="" kind="Addon" apiVersion="k3s.cattle.io/v1" type="Normal" reason="ApplyingManifest" message="Applying manifest at \"/var/lib/rancher/k3s/server/manifests/metrics-server/aggregated-metrics-reader.yaml\""
2025-01-30 18:27:45,705 INFO c.h.h.t.HelmChartContainer - [K3S] [event.go:389] "Event occurred" object="kube-system/aggregated-metrics-reader" fieldPath="" kind="Addon" apiVersion="k3s.cattle.io/v1" type="Normal" reason="AppliedManifest" message="Applied manifest at \"/var/lib/rancher/k3s/server/manifests/metrics-server/aggregated-metrics-reader.yaml\""
2025-01-30 18:27:45,710 INFO c.h.h.t.HelmChartContainer - [K3S] [event.go:389] "Event occurred" object="kube-system/auth-delegator" fieldPath="" kind="Addon" apiVersion="k3s.cattle.io/v1" type="Normal" reason="ApplyingManifest" message="Applying manifest at \"/var/lib/rancher/k3s/server/manifests/metrics-server/auth-delegator.yaml\""
2025-01-30 18:27:45,715 INFO c.h.h.t.HelmChartContainer - [K3S] [event.go:389] "Event occurred" object="kube-system/auth-delegator" fieldPath="" kind="Addon" apiVersion="k3s.cattle.io/v1" type="Normal" reason="AppliedManifest" message="Applied manifest at \"/var/lib/rancher/k3s/server/manifests/metrics-server/auth-delegator.yaml\""
2025-01-30 18:27:45,720 INFO c.h.h.t.HelmChartContainer - [K3S] [event.go:389] "Event occurred" object="kube-system/auth-reader" fieldPath="" kind="Addon" apiVersion="k3s.cattle.io/v1" type="Normal" reason="ApplyingManifest" message="Applying manifest at \"/var/lib/rancher/k3s/server/manifests/metrics-server/auth-reader.yaml\""
2025-01-30 18:27:45,725 INFO c.h.h.t.HelmChartContainer - [K3S] [event.go:389] "Event occurred" object="kube-system/auth-reader" fieldPath="" kind="Addon" apiVersion="k3s.cattle.io/v1" type="Normal" reason="AppliedManifest" message="Applied manifest at \"/var/lib/rancher/k3s/server/manifests/metrics-server/auth-reader.yaml\""
2025-01-30 18:27:45,732 INFO c.h.h.t.HelmChartContainer - [K3S] [event.go:389] "Event occurred" object="kube-system/metrics-apiservice" fieldPath="" kind="Addon" apiVersion="k3s.cattle.io/v1" type="Normal" reason="ApplyingManifest" message="Applying manifest at \"/var/lib/rancher/k3s/server/manifests/metrics-server/metrics-apiservice.yaml\""
2025-01-30 18:27:45,743 INFO c.h.h.t.HelmChartContainer - [K3S] [event.go:389] "Event occurred" object="kube-system/metrics-apiservice" fieldPath="" kind="Addon" apiVersion="k3s.cattle.io/v1" type="Normal" reason="AppliedManifest" message="Applied manifest at \"/var/lib/rancher/k3s/server/manifests/metrics-server/metrics-apiservice.yaml\""
2025-01-30 18:27:45,752 INFO c.h.h.t.HelmChartContainer - [K3S] [handler_proxy.go:99] no RequestInfo found in the context
2025-01-30 18:27:45,752 INFO c.h.h.t.HelmChartContainer - [K3S] [controller.go:146] "Unhandled Error" err=<
2025-01-30 18:27:45,752 INFO c.h.h.t.HelmChartContainer - [K3S] 	, Header: map[Content-Type:[text/plain; charset=utf-8] X-Content-Type-Options:[nosniff]]
2025-01-30 18:27:45,752 INFO c.h.h.t.HelmChartContainer - [K3S]  >
2025-01-30 18:27:45,752 INFO c.h.h.t.HelmChartContainer - [K3S] [handler_proxy.go:143] error resolving kube-system/metrics-server: service "metrics-server" not found
2025-01-30 18:27:45,756 INFO c.h.h.t.HelmChartContainer - [K3S] [event.go:389] "Event occurred" object="kube-system/metrics-server-deployment" fieldPath="" kind="Addon" apiVersion="k3s.cattle.io/v1" type="Normal" reason="ApplyingManifest" message="Applying manifest at \"/var/lib/rancher/k3s/server/manifests/metrics-server/metrics-server-deployment.yaml\""
2025-01-30 18:27:45,772 INFO c.h.h.t.HelmChartContainer - [K3S] [event.go:389] "Event occurred" object="kube-system/metrics-server-deployment" fieldPath="" kind="Addon" apiVersion="k3s.cattle.io/v1" type="Normal" reason="AppliedManifest" message="Applied manifest at \"/var/lib/rancher/k3s/server/manifests/metrics-server/metrics-server-deployment.yaml\""
2025-01-30 18:27:45,777 INFO c.h.h.t.HelmChartContainer - [K3S] [event.go:389] "Event occurred" object="kube-system/metrics-server-service" fieldPath="" kind="Addon" apiVersion="k3s.cattle.io/v1" type="Normal" reason="ApplyingManifest" message="Applying manifest at \"/var/lib/rancher/k3s/server/manifests/metrics-server/metrics-server-service.yaml\""
2025-01-30 18:27:45,784 INFO c.h.h.t.HelmChartContainer - [K3S] [alloc.go:330] "allocated clusterIPs" service="kube-system/metrics-server" clusterIPs={"IPv4":"10.43.25.87"}
2025-01-30 18:27:45,785 INFO c.h.h.t.HelmChartContainer - [K3S] [event.go:389] "Event occurred" object="kube-system/metrics-server-service" fieldPath="" kind="Addon" apiVersion="k3s.cattle.io/v1" type="Normal" reason="AppliedManifest" message="Applied manifest at \"/var/lib/rancher/k3s/server/manifests/metrics-server/metrics-server-service.yaml\""
2025-01-30 18:27:45,795 INFO c.h.h.t.HelmChartContainer - [K3S] [handler_proxy.go:99] no RequestInfo found in the context
2025-01-30 18:27:45,795 INFO c.h.h.t.HelmChartContainer - [K3S] [controller.go:146] "Unhandled Error" err=<
2025-01-30 18:27:45,795 INFO c.h.h.t.HelmChartContainer - [K3S] 	, Header: map[Content-Type:[text/plain; charset=utf-8] X-Content-Type-Options:[nosniff]]
2025-01-30 18:27:45,795 INFO c.h.h.t.HelmChartContainer - [K3S]  >
2025-01-30 18:27:45,796 INFO c.h.h.t.HelmChartContainer - [K3S] [handler_proxy.go:143] error resolving kube-system/metrics-server: endpoints "metrics-server" not found
2025-01-30 18:27:45,799 INFO c.h.h.t.HelmChartContainer - [K3S] [event.go:389] "Event occurred" object="kube-system/resource-reader" fieldPath="" kind="Addon" apiVersion="k3s.cattle.io/v1" type="Normal" reason="ApplyingManifest" message="Applying manifest at \"/var/lib/rancher/k3s/server/manifests/metrics-server/resource-reader.yaml\""
2025-01-30 18:27:45,823 INFO c.h.h.t.HelmChartContainer - [K3S] [event.go:389] "Event occurred" object="kube-system/resource-reader" fieldPath="" kind="Addon" apiVersion="k3s.cattle.io/v1" type="Normal" reason="AppliedManifest" message="Applied manifest at \"/var/lib/rancher/k3s/server/manifests/metrics-server/resource-reader.yaml\""
2025-01-30 18:27:45,832 INFO c.h.h.t.HelmChartContainer - [K3S] [event.go:389] "Event occurred" object="kube-system/rolebindings" fieldPath="" kind="Addon" apiVersion="k3s.cattle.io/v1" type="Normal" reason="ApplyingManifest" message="Applying manifest at \"/var/lib/rancher/k3s/server/manifests/rolebindings.yaml\""
2025-01-30 18:27:45,853 INFO c.h.h.t.HelmChartContainer - [K3S] [controllermanager.go:765] "Started controller" controller="horizontal-pod-autoscaler-controller"
2025-01-30 18:27:45,853 INFO c.h.h.t.HelmChartContainer - [K3S] [horizontal.go:201] "Starting HPA controller"
2025-01-30 18:27:45,934 INFO c.h.h.t.HelmChartContainer - [K3S] [event.go:389] "Event occurred" object="kube-system/rolebindings" fieldPath="" kind="Addon" apiVersion="k3s.cattle.io/v1" type="Normal" reason="AppliedManifest" message="Applied manifest at \"/var/lib/rancher/k3s/server/manifests/rolebindings.yaml\""
2025-01-30 18:27:45,937 INFO c.h.h.t.HelmChartContainer - [K3S] [event.go:389] "Event occurred" object="kube-system/runtimes" fieldPath="" kind="Addon" apiVersion="k3s.cattle.io/v1" type="Normal" reason="ApplyingManifest" message="Applying manifest at \"/var/lib/rancher/k3s/server/manifests/runtimes.yaml\""
2025-01-30 18:27:45,943 INFO c.h.h.t.HelmChartContainer - [K3S] [INFO] Tunnel authorizer set Kubelet Port 0.0.0.0:10250
2025-01-30 18:27:45,971 INFO c.h.h.t.HelmChartContainer - [K3S] [event.go:389] "Event occurred" object="kube-system/runtimes" fieldPath="" kind="Addon" apiVersion="k3s.cattle.io/v1" type="Normal" reason="AppliedManifest" message="Applied manifest at \"/var/lib/rancher/k3s/server/manifests/runtimes.yaml\""
2025-01-30 18:27:46,004 INFO c.h.h.t.HelmChartContainer - [K3S] [controllermanager.go:765] "Started controller" controller="statefulset-controller"
2025-01-30 18:27:46,004 INFO c.h.h.t.HelmChartContainer - [K3S] [stateful_set.go:166] "Starting stateful set controller"
2025-01-30 18:27:46,025 INFO c.h.h.t.HelmChartContainer - [K3S] [serving.go:392] Generated self-signed cert in-memory
2025-01-30 18:27:46,139 INFO c.h.h.t.HelmChartContainer - [K3S] [serving.go:392] Generated self-signed cert in-memory
2025-01-30 18:27:46,156 INFO c.h.h.t.HelmChartContainer - [K3S] [range_allocator.go:112] "No Secondary Service CIDR provided. Skipping filtering out secondary service addresses"
2025-01-30 18:27:46,157 INFO c.h.h.t.HelmChartContainer - [K3S] [controllermanager.go:765] "Started controller" controller="node-ipam-controller"
2025-01-30 18:27:46,157 INFO c.h.h.t.HelmChartContainer - [K3S] [node_ipam_controller.go:141] "Starting ipam controller"
2025-01-30 18:27:46,304 INFO c.h.h.t.HelmChartContainer - [K3S] [controllermanager.go:765] "Started controller" controller="persistentvolumeclaim-protection-controller"
2025-01-30 18:27:46,304 INFO c.h.h.t.HelmChartContainer - [K3S] [pvc_protection_controller.go:168] "Starting PVC protection controller"
2025-01-30 18:27:46,418 INFO c.h.h.t.HelmChartContainer - [K3S] [controllermanager.go:160] Version: v1.32.1+k3s1
2025-01-30 18:27:46,421 INFO c.h.h.t.HelmChartContainer - [K3S] [requestheader_controller.go:180] Starting RequestHeaderAuthRequestController
2025-01-30 18:27:46,424 INFO c.h.h.t.HelmChartContainer - [K3S] [configmap_cafile_content.go:205] "Starting controller" name="client-ca::kube-system::extension-apiserver-authentication::client-ca-file"
2025-01-30 18:27:46,424 INFO c.h.h.t.HelmChartContainer - [K3S] [configmap_cafile_content.go:205] "Starting controller" name="client-ca::kube-system::extension-apiserver-authentication::requestheader-client-ca-file"
2025-01-30 18:27:46,424 INFO c.h.h.t.HelmChartContainer - [K3S] [secure_serving.go:213] Serving securely on 127.0.0.1:10258
2025-01-30 18:27:46,424 INFO c.h.h.t.HelmChartContainer - [K3S] [tlsconfig.go:243] "Starting DynamicServingCertificateController"
2025-01-30 18:27:46,427 INFO c.h.h.t.HelmChartContainer - [K3S] [INFO] Creating service-lb-controller event broadcaster
2025-01-30 18:27:46,453 INFO c.h.h.t.HelmChartContainer - [K3S] [controllermanager.go:765] "Started controller" controller="root-ca-certificate-publisher-controller"
2025-01-30 18:27:46,453 INFO c.h.h.t.HelmChartContainer - [K3S] [publisher.go:107] "Starting root CA cert publisher controller"
2025-01-30 18:27:46,453 INFO c.h.h.t.HelmChartContainer - [K3S] [controllermanager.go:717] "Controller is disabled by a feature gate" controller="storageversion-garbage-collector-controller" requiredFeatureGates=["APIServerIdentity","StorageVersionAPI"]
2025-01-30 18:27:46,540 INFO c.h.h.t.HelmChartContainer - [K3S] [INFO] Starting /v1, Kind=Node controller
2025-01-30 18:27:46,542 INFO c.h.h.t.HelmChartContainer - [K3S] [INFO] Starting /v1, Kind=Pod controller
2025-01-30 18:27:46,545 INFO c.h.h.t.HelmChartContainer - [K3S] [INFO] Starting apps/v1, Kind=DaemonSet controller
2025-01-30 18:27:46,548 INFO c.h.h.t.HelmChartContainer - [K3S] [INFO] Starting discovery.k8s.io/v1, Kind=EndpointSlice controller
2025-01-30 18:27:46,548 INFO c.h.h.t.HelmChartContainer - [K3S] [controllermanager.go:329] Started "cloud-node-lifecycle-controller"
2025-01-30 18:27:46,548 INFO c.h.h.t.HelmChartContainer - [K3S] [node_lifecycle_controller.go:112] Sending events to api server
2025-01-30 18:27:46,549 INFO c.h.h.t.HelmChartContainer - [K3S] [controllermanager.go:329] Started "service-lb-controller"
2025-01-30 18:27:46,550 INFO c.h.h.t.HelmChartContainer - [K3S] [controllermanager.go:306] "node-route-controller" is disabled
2025-01-30 18:27:46,550 INFO c.h.h.t.HelmChartContainer - [K3S] [controller.go:234] Starting service controller
2025-01-30 18:27:46,550 INFO c.h.h.t.HelmChartContainer - [K3S] [controllermanager.go:329] Started "cloud-node-controller"
2025-01-30 18:27:46,550 INFO c.h.h.t.HelmChartContainer - [K3S] [node_controller.go:176] Sending events to api server.
2025-01-30 18:27:46,550 INFO c.h.h.t.HelmChartContainer - [K3S] [node_controller.go:185] Waiting for informer caches to sync
2025-01-30 18:27:46,604 INFO c.h.h.t.HelmChartContainer - [K3S] [controllermanager.go:765] "Started controller" controller="cronjob-controller"
2025-01-30 18:27:46,604 INFO c.h.h.t.HelmChartContainer - [K3S] [cronjob_controllerv2.go:145] "Starting cronjob controller v2"
2025-01-30 18:27:46,650 INFO c.h.h.t.HelmChartContainer - [K3S] [node_controller.go:429] Initializing node aff12e0b5782 with cloud provider
2025-01-30 18:27:46,653 INFO c.h.h.t.HelmChartContainer - [K3S] [controllermanager.go:765] "Started controller" controller="certificatesigningrequest-approving-controller"
2025-01-30 18:27:46,653 INFO c.h.h.t.HelmChartContainer - [K3S] [controllermanager.go:728] "Warning: controller is disabled" controller="bootstrap-signer-controller"
2025-01-30 18:27:46,653 INFO c.h.h.t.HelmChartContainer - [K3S] [controllermanager.go:723] "Skipping a cloud provider controller" controller="cloud-node-lifecycle-controller"
2025-01-30 18:27:46,653 INFO c.h.h.t.HelmChartContainer - [K3S] [certificate_controller.go:120] "Starting certificate controller" name="csrapproving"
2025-01-30 18:27:46,655 INFO c.h.h.t.HelmChartContainer - [K3S] [node_controller.go:474] Successfully initialized node aff12e0b5782 with cloud provider
2025-01-30 18:27:46,655 INFO c.h.h.t.HelmChartContainer - [K3S] [event.go:389] "Event occurred" object="aff12e0b5782" fieldPath="" kind="Node" apiVersion="v1" type="Normal" reason="Synced" message="Node synced successfully"
2025-01-30 18:27:46,665 INFO c.h.h.t.HelmChartContainer - [K3S] [INFO] Updated coredns NodeHosts entry for aff12e0b5782
2025-01-30 18:27:46,704 INFO c.h.h.t.HelmChartContainer - [K3S] [controllermanager.go:765] "Started controller" controller="taint-eviction-controller"
2025-01-30 18:27:46,704 INFO c.h.h.t.HelmChartContainer - [K3S] [taint_eviction.go:281] "Starting" controller="taint-eviction-controller"
2025-01-30 18:27:46,704 INFO c.h.h.t.HelmChartContainer - [K3S] [taint_eviction.go:287] "Sending events to api server"
2025-01-30 18:27:46,742 INFO c.h.h.t.HelmChartContainer - [K3S] [handler_proxy.go:99] no RequestInfo found in the context
2025-01-30 18:27:46,742 INFO c.h.h.t.HelmChartContainer - [K3S] [handler_proxy.go:99] no RequestInfo found in the context
2025-01-30 18:27:46,744 INFO c.h.h.t.HelmChartContainer - [K3S] [controller.go:102] "Unhandled Error" err=<
2025-01-30 18:27:46,744 INFO c.h.h.t.HelmChartContainer - [K3S] 	, Header: map[Content-Type:[text/plain; charset=utf-8] X-Content-Type-Options:[nosniff]]
2025-01-30 18:27:46,744 INFO c.h.h.t.HelmChartContainer - [K3S]  >
2025-01-30 18:27:46,854 INFO c.h.h.t.HelmChartContainer - [K3S] [controllermanager.go:765] "Started controller" controller="serviceaccount-controller"
2025-01-30 18:27:46,854 INFO c.h.h.t.HelmChartContainer - [K3S] [serviceaccounts_controller.go:114] "Starting service account controller"
2025-01-30 18:27:46,940 INFO c.h.h.t.HelmChartContainer - [K3S] [serving.go:392] Generated self-signed cert in-memory
2025-01-30 18:27:46,942 INFO c.h.h.t.HelmChartContainer - [K3S] [INFO] Started tunnel to 172.18.0.2:6443
2025-01-30 18:27:46,942 INFO c.h.h.t.HelmChartContainer - [K3S] [INFO] Stopped tunnel to 127.0.0.1:6443
2025-01-30 18:27:46,942 INFO c.h.h.t.HelmChartContainer - [K3S] [INFO] Connecting to proxy" url="wss://172.18.0.2:6443/v1-k3s/connect
2025-01-30 18:27:46,943 INFO c.h.h.t.HelmChartContainer - [K3S] [INFO] Proxy done" err="context canceled" url="wss://127.0.0.1:6443/v1-k3s/connect
2025-01-30 18:27:46,943 INFO c.h.h.t.HelmChartContainer - [K3S] [INFO] error in remotedialer server [400]: websocket: close 1006 (abnormal closure): unexpected EOF
2025-01-30 18:27:46,945 INFO c.h.h.t.HelmChartContainer - [K3S] [INFO] Handling backend connection request [aff12e0b5782]
2025-01-30 18:27:46,945 INFO c.h.h.t.HelmChartContainer - [K3S] [INFO] Remotedialer connected to proxy" url="wss://172.18.0.2:6443/v1-k3s/connect
2025-01-30 18:27:47,012 INFO c.h.h.t.HelmChartContainer - [K3S] [controllermanager.go:765] "Started controller" controller="job-controller"
2025-01-30 18:27:47,012 INFO c.h.h.t.HelmChartContainer - [K3S] [job_controller.go:243] "Starting job controller"
2025-01-30 18:27:47,154 INFO c.h.h.t.HelmChartContainer - [K3S] [controllermanager.go:765] "Started controller" controller="replicaset-controller"
2025-01-30 18:27:47,155 INFO c.h.h.t.HelmChartContainer - [K3S] [controllermanager.go:717] "Controller is disabled by a feature gate" controller="kube-apiserver-serving-clustertrustbundle-publisher-controller" requiredFeatureGates=["ClusterTrustBundle"]
2025-01-30 18:27:47,155 INFO c.h.h.t.HelmChartContainer - [K3S] [controllermanager.go:743] "Warning: skipping controller" controller="storage-version-migrator-controller"
2025-01-30 18:27:47,155 INFO c.h.h.t.HelmChartContainer - [K3S] [replica_set.go:217] "Starting controller" name="replicaset"
2025-01-30 18:27:47,200 INFO c.h.h.t.HelmChartContainer - [K3S] [server.go:164] "Starting Kubernetes Scheduler" version="v1.32.1+k3s1"
2025-01-30 18:27:47,200 INFO c.h.h.t.HelmChartContainer - [K3S] [server.go:166] "Golang settings" GOGC="" GOMAXPROCS="" GOTRACEBACK=""
2025-01-30 18:27:47,203 INFO c.h.h.t.HelmChartContainer - [K3S] [secure_serving.go:213] Serving securely on 127.0.0.1:10259
2025-01-30 18:27:47,204 INFO c.h.h.t.HelmChartContainer - [K3S] [requestheader_controller.go:180] Starting RequestHeaderAuthRequestController
2025-01-30 18:27:47,208 INFO c.h.h.t.HelmChartContainer - [K3S] [tlsconfig.go:243] "Starting DynamicServingCertificateController"
2025-01-30 18:27:47,209 INFO c.h.h.t.HelmChartContainer - [K3S] [configmap_cafile_content.go:205] "Starting controller" name="client-ca::kube-system::extension-apiserver-authentication::client-ca-file"
2025-01-30 18:27:47,209 INFO c.h.h.t.HelmChartContainer - [K3S] [configmap_cafile_content.go:205] "Starting controller" name="client-ca::kube-system::extension-apiserver-authentication::requestheader-client-ca-file"
2025-01-30 18:27:47,404 INFO c.h.h.t.HelmChartContainer - [K3S] [controllermanager.go:765] "Started controller" controller="garbage-collector-controller"
2025-01-30 18:27:47,405 INFO c.h.h.t.HelmChartContainer - [K3S] [graph_builder.go:351] "Running" component="GraphBuilder"
2025-01-30 18:27:47,454 INFO c.h.h.t.HelmChartContainer - [K3S] [actual_state_of_world.go:541] "Failed to update statusUpdateNeeded field in actual state of world" err="Failed to set statusUpdateNeeded to needed true, because nodeName=\"aff12e0b5782\" does not exist"
2025-01-30 18:27:47,457 INFO c.h.h.t.HelmChartContainer - [K3S] [range_allocator.go:177] "Sending events to api server"
2025-01-30 18:27:47,457 INFO c.h.h.t.HelmChartContainer - [K3S] [range_allocator.go:183] "Starting range CIDR allocator"
2025-01-30 18:27:47,471 INFO c.h.h.t.HelmChartContainer - [K3S] [range_allocator.go:428] "Set node PodCIDR" node="aff12e0b5782" podCIDRs=["10.42.0.0/24"]
2025-01-30 18:27:47,471 INFO c.h.h.t.HelmChartContainer - [K3S] [range_allocator.go:247] "Successfully synced" key="aff12e0b5782"
2025-01-30 18:27:47,473 INFO c.h.h.t.HelmChartContainer - [K3S] [range_allocator.go:247] "Successfully synced" key="aff12e0b5782"
2025-01-30 18:27:47,473 INFO c.h.h.t.HelmChartContainer - [K3S] [INFO] Flannel found PodCIDR assigned for node aff12e0b5782
2025-01-30 18:27:47,475 INFO c.h.h.t.HelmChartContainer - [K3S] [INFO] The interface eth0 with ipv4 address 172.18.0.2 will be used by flannel
2025-01-30 18:27:47,477 INFO c.h.h.t.HelmChartContainer - [K3S] [kube.go:139] Waiting 10m0s for node controller to sync
2025-01-30 18:27:47,477 INFO c.h.h.t.HelmChartContainer - [K3S] [kube.go:469] Starting kube subnet manager
2025-01-30 18:27:47,555 INFO c.h.h.t.HelmChartContainer - [K3S] [node_lifecycle_controller.go:1234] "Initializing eviction metric for zone" zone=""
2025-01-30 18:27:47,555 INFO c.h.h.t.HelmChartContainer - [K3S] [node_lifecycle_controller.go:886] "Missing timestamp for Node. Assuming now as a timestamp" node="aff12e0b5782"
2025-01-30 18:27:47,555 INFO c.h.h.t.HelmChartContainer - [K3S] [node_lifecycle_controller.go:1080] "Controller detected that zone is now in new state" zone="" newState="Normal"
2025-01-30 18:27:47,560 INFO c.h.h.t.HelmChartContainer - [K3S] [range_allocator.go:247] "Successfully synced" key="aff12e0b5782"
2025-01-30 18:27:47,594 INFO c.h.h.t.HelmChartContainer - [K3S] [INFO] Starting network policy controller version v2.2.1, built on 2025-01-28T18:27:08Z, go1.23.4
2025-01-30 18:27:47,595 INFO c.h.h.t.HelmChartContainer - [K3S] [network_policy_controller.go:164] Starting network policy controller
2025-01-30 18:27:47,622 INFO c.h.h.t.HelmChartContainer - [K3S] [network_policy_controller.go:176] Starting network policy controller full sync goroutine
2025-01-30 18:27:48,013 INFO c.h.h.t.HelmChartContainer - [K3S] [range_allocator.go:247] "Successfully synced" key="aff12e0b5782"
2025-01-30 18:27:48,210 INFO c.h.h.t.HelmChartContainer - [K3S] [handler_proxy.go:99] no RequestInfo found in the context
2025-01-30 18:27:48,211 INFO c.h.h.t.HelmChartContainer - [K3S] [controller.go:146] "Unhandled Error" err=<
2025-01-30 18:27:48,211 INFO c.h.h.t.HelmChartContainer - [K3S] 	, Header: map[Content-Type:[text/plain; charset=utf-8] X-Content-Type-Options:[nosniff]]
2025-01-30 18:27:48,211 INFO c.h.h.t.HelmChartContainer - [K3S]  >
2025-01-30 18:27:48,212 INFO c.h.h.t.HelmChartContainer - [K3S] [handler_proxy.go:143] error resolving kube-system/metrics-server: no endpoints available for service "metrics-server"
2025-01-30 18:27:48,425 INFO c.h.h.t.HelmChartContainer - [K3S] [replica_set.go:679] "Finished syncing" kind="ReplicaSet" key="kube-system/coredns-ff8999cc5" duration="114.306861ms"
2025-01-30 18:27:48,425 INFO c.h.h.t.HelmChartContainer - [K3S] [replica_set.go:679] "Finished syncing" kind="ReplicaSet" key="kube-system/local-path-provisioner-698b58967b" duration="115.852059ms"
2025-01-30 18:27:48,429 INFO c.h.h.t.HelmChartContainer - [K3S] [replica_set.go:679] "Finished syncing" kind="ReplicaSet" key="kube-system/metrics-server-8584b5786c" duration="118.540893ms"
2025-01-30 18:27:48,433 INFO c.h.h.t.HelmChartContainer - [K3S] [reflector.go:569] object-"kube-system"/"local-path-config": failed to list *v1.ConfigMap: configmaps "local-path-config" is forbidden: User "system:node:aff12e0b5782" cannot list resource "configmaps" in API group "" in the namespace "kube-system": no relationship found between node 'aff12e0b5782' and this object
2025-01-30 18:27:48,434 INFO c.h.h.t.HelmChartContainer - [K3S] [reflector.go:166] "Unhandled Error" err="object-\"kube-system\"/\"local-path-config\": Failed to watch *v1.ConfigMap: failed to list *v1.ConfigMap: configmaps \"local-path-config\" is forbidden: User \"system:node:aff12e0b5782\" cannot list resource \"configmaps\" in API group \"\" in the namespace \"kube-system\": no relationship found between node 'aff12e0b5782' and this object"
2025-01-30 18:27:48,439 INFO c.h.h.t.HelmChartContainer - [K3S] [replica_set.go:679] "Finished syncing" kind="ReplicaSet" key="kube-system/metrics-server-8584b5786c" duration="9.542098ms"
2025-01-30 18:27:48,441 INFO c.h.h.t.HelmChartContainer - [K3S] [replica_set.go:679] "Finished syncing" kind="ReplicaSet" key="kube-system/local-path-provisioner-698b58967b" duration="13.687146ms"
2025-01-30 18:27:48,441 INFO c.h.h.t.HelmChartContainer - [K3S] [replica_set.go:679] "Finished syncing" kind="ReplicaSet" key="kube-system/local-path-provisioner-698b58967b" duration="23.594µs"
2025-01-30 18:27:48,441 INFO c.h.h.t.HelmChartContainer - [K3S] [replica_set.go:679] "Finished syncing" kind="ReplicaSet" key="kube-system/local-path-provisioner-698b58967b" duration="22.071µs"
2025-01-30 18:27:48,441 INFO c.h.h.t.HelmChartContainer - [K3S] [replica_set.go:679] "Finished syncing" kind="ReplicaSet" key="kube-system/metrics-server-8584b5786c" duration="21.63µs"
2025-01-30 18:27:48,448 INFO c.h.h.t.HelmChartContainer - [K3S] [replica_set.go:679] "Finished syncing" kind="ReplicaSet" key="kube-system/coredns-ff8999cc5" duration="23.558918ms"
2025-01-30 18:27:48,458 INFO c.h.h.t.HelmChartContainer - [K3S] [replica_set.go:679] "Finished syncing" kind="ReplicaSet" key="kube-system/coredns-ff8999cc5" duration="9.645083ms"
2025-01-30 18:27:48,458 INFO c.h.h.t.HelmChartContainer - [K3S] [replica_set.go:679] "Finished syncing" kind="ReplicaSet" key="kube-system/coredns-ff8999cc5" duration="58.098µs"
2025-01-30 18:27:48,474 INFO c.h.h.t.HelmChartContainer - [K3S] [replica_set.go:679] "Finished syncing" kind="ReplicaSet" key="kube-system/coredns-ff8999cc5" duration="74.819µs"
2025-01-30 18:27:48,477 INFO c.h.h.t.HelmChartContainer - [K3S] [kube.go:146] Node controller sync successful
2025-01-30 18:27:48,478 INFO c.h.h.t.HelmChartContainer - [K3S] [vxlan.go:141] VXLAN config: VNI=1 Port=0 GBP=false Learning=false DirectRouting=false
2025-01-30 18:27:48,480 INFO c.h.h.t.HelmChartContainer - [K3S] [kube.go:636] List of node(aff12e0b5782) annotations: map[string]string{"alpha.kubernetes.io/provided-node-ip":"172.18.0.2", "k3s.io/hostname":"aff12e0b5782", "k3s.io/internal-ip":"172.18.0.2", "k3s.io/node-args":"[\"server\",\"--etcd-arg\",\"unsafe-no-fsync\",\"--etcd-arg\",\"snapshot-count=10000\",\"--etcd-arg\",\"auto-compaction-mode=revision\",\"--etcd-arg\",\"auto-compaction-retention=1000000\",\"--kube-apiserver-arg\",\"etcd-compaction-interval=0s\",\"--disable\",\"traefik\",\"--tls-san\",\"localhost\"]", "k3s.io/node-config-hash":"2QNNT5M5XUBFOLO5XPGEVGOM5UDLHHTIVMSRUPAUHE5DU3HUYQUQ====", "k3s.io/node-env":"{}", "node.alpha.kubernetes.io/ttl":"0", "volumes.kubernetes.io/controller-managed-attach-detach":"true"}
2025-01-30 18:27:48,486 INFO c.h.h.t.HelmChartContainer - [K3S] [replica_set.go:679] "Finished syncing" kind="ReplicaSet" key="kube-system/local-path-provisioner-698b58967b" duration="35.025µs"
2025-01-30 18:27:48,494 INFO c.h.h.t.HelmChartContainer - [K3S] [reconciler_common.go:251] "operationExecutor.VerifyControllerAttachedVolume started for volume \"kube-api-access-67bjm\" (UniqueName: \"kubernetes.io/projected/b3d93ff1-74e4-4b7b-9bae-e7172dccbe2f-kube-api-access-67bjm\") pod \"coredns-ff8999cc5-v74jd\" (UID: \"b3d93ff1-74e4-4b7b-9bae-e7172dccbe2f\") " pod="kube-system/coredns-ff8999cc5-v74jd"
2025-01-30 18:27:48,495 INFO c.h.h.t.HelmChartContainer - [K3S] [reconciler_common.go:251] "operationExecutor.VerifyControllerAttachedVolume started for volume \"tmp-dir\" (UniqueName: \"kubernetes.io/empty-dir/76d1e9c8-d6fe-421f-9895-6fb2f4d565a9-tmp-dir\") pod \"metrics-server-8584b5786c-xwhz2\" (UID: \"76d1e9c8-d6fe-421f-9895-6fb2f4d565a9\") " pod="kube-system/metrics-server-8584b5786c-xwhz2"
2025-01-30 18:27:48,495 INFO c.h.h.t.HelmChartContainer - [K3S] [reconciler_common.go:251] "operationExecutor.VerifyControllerAttachedVolume started for volume \"kube-api-access-8w9h7\" (UniqueName: \"kubernetes.io/projected/76d1e9c8-d6fe-421f-9895-6fb2f4d565a9-kube-api-access-8w9h7\") pod \"metrics-server-8584b5786c-xwhz2\" (UID: \"76d1e9c8-d6fe-421f-9895-6fb2f4d565a9\") " pod="kube-system/metrics-server-8584b5786c-xwhz2"
2025-01-30 18:27:48,497 INFO c.h.h.t.HelmChartContainer - [K3S] [reconciler_common.go:251] "operationExecutor.VerifyControllerAttachedVolume started for volume \"config-volume\" (UniqueName: \"kubernetes.io/configmap/90d21215-eef0-4790-afb9-8fe312e9fe6a-config-volume\") pod \"local-path-provisioner-698b58967b-sqf9b\" (UID: \"90d21215-eef0-4790-afb9-8fe312e9fe6a\") " pod="kube-system/local-path-provisioner-698b58967b-sqf9b"
2025-01-30 18:27:48,497 INFO c.h.h.t.HelmChartContainer - [K3S] [reconciler_common.go:251] "operationExecutor.VerifyControllerAttachedVolume started for volume \"kube-api-access-fff8p\" (UniqueName: \"kubernetes.io/projected/90d21215-eef0-4790-afb9-8fe312e9fe6a-kube-api-access-fff8p\") pod \"local-path-provisioner-698b58967b-sqf9b\" (UID: \"90d21215-eef0-4790-afb9-8fe312e9fe6a\") " pod="kube-system/local-path-provisioner-698b58967b-sqf9b"
2025-01-30 18:27:48,497 INFO c.h.h.t.HelmChartContainer - [K3S] [reconciler_common.go:251] "operationExecutor.VerifyControllerAttachedVolume started for volume \"config-volume\" (UniqueName: \"kubernetes.io/configmap/b3d93ff1-74e4-4b7b-9bae-e7172dccbe2f-config-volume\") pod \"coredns-ff8999cc5-v74jd\" (UID: \"b3d93ff1-74e4-4b7b-9bae-e7172dccbe2f\") " pod="kube-system/coredns-ff8999cc5-v74jd"
2025-01-30 18:27:48,497 INFO c.h.h.t.HelmChartContainer - [K3S] [reconciler_common.go:251] "operationExecutor.VerifyControllerAttachedVolume started for volume \"custom-config-volume\" (UniqueName: \"kubernetes.io/configmap/b3d93ff1-74e4-4b7b-9bae-e7172dccbe2f-custom-config-volume\") pod \"coredns-ff8999cc5-v74jd\" (UID: \"b3d93ff1-74e4-4b7b-9bae-e7172dccbe2f\") " pod="kube-system/coredns-ff8999cc5-v74jd"
2025-01-30 18:27:48,497 INFO c.h.h.t.HelmChartContainer - [K3S] [kube.go:490] Creating the node lease for IPv4. This is the n.Spec.PodCIDRs: [10.42.0.0/24]
2025-01-30 18:27:48,497 INFO c.h.h.t.HelmChartContainer - [K3S] [iptables.go:51] Starting flannel in iptables mode...
2025-01-30 18:27:48,497 INFO c.h.h.t.HelmChartContainer - [K3S] [WARNING] no subnet found for key: FLANNEL_NETWORK in file: /run/flannel/subnet.env
2025-01-30 18:27:48,497 INFO c.h.h.t.HelmChartContainer - [K3S] [WARNING] no subnet found for key: FLANNEL_SUBNET in file: /run/flannel/subnet.env
2025-01-30 18:27:48,497 INFO c.h.h.t.HelmChartContainer - [K3S] [WARNING] no subnet found for key: FLANNEL_IPV6_NETWORK in file: /run/flannel/subnet.env
2025-01-30 18:27:48,497 INFO c.h.h.t.HelmChartContainer - [K3S] [WARNING] no subnet found for key: FLANNEL_IPV6_SUBNET in file: /run/flannel/subnet.env
2025-01-30 18:27:48,497 INFO c.h.h.t.HelmChartContainer - [K3S] [iptables.go:115] Current network or subnet (10.42.0.0/16, 10.42.0.0/24) is not equal to previous one (0.0.0.0/0, 0.0.0.0/0), trying to recycle old iptables rules
2025-01-30 18:27:48,497 INFO c.h.h.t.HelmChartContainer - [K3S] [range_allocator.go:247] "Successfully synced" key="aff12e0b5782"
2025-01-30 18:27:48,497 INFO c.h.h.t.HelmChartContainer - [K3S] [replica_set.go:679] "Finished syncing" kind="ReplicaSet" key="kube-system/metrics-server-8584b5786c" duration="37.36µs"
2025-01-30 18:27:48,512 INFO c.h.h.t.HelmChartContainer - [K3S] [iptables.go:125] Setting up masking rules
2025-01-30 18:27:48,515 INFO c.h.h.t.HelmChartContainer - [K3S] [iptables.go:226] Changing default FORWARD chain policy to ACCEPT
2025-01-30 18:27:48,517 INFO c.h.h.t.HelmChartContainer - [K3S] [INFO] Wrote flannel subnet file to /run/flannel/subnet.env
2025-01-30 18:27:48,518 INFO c.h.h.t.HelmChartContainer - [K3S] [INFO] Running flannel backend.
2025-01-30 18:27:48,519 INFO c.h.h.t.HelmChartContainer - [K3S] [vxlan_network.go:65] watching for new subnet leases
2025-01-30 18:27:48,529 INFO c.h.h.t.HelmChartContainer - [K3S] [iptables.go:372] bootstrap done
2025-01-30 18:27:48,538 INFO c.h.h.t.HelmChartContainer - [K3S] [iptables.go:372] bootstrap done
2025-01-30 18:27:49,213 INFO c.h.h.t.HelmChartContainer - [K3S] [handler_proxy.go:99] no RequestInfo found in the context
2025-01-30 18:27:49,213 INFO c.h.h.t.HelmChartContainer - [K3S] [handler_proxy.go:99] no RequestInfo found in the context
2025-01-30 18:27:49,213 INFO c.h.h.t.HelmChartContainer - [K3S] [controller.go:102] "Unhandled Error" err=<
2025-01-30 18:27:49,213 INFO c.h.h.t.HelmChartContainer - [K3S] 	, Header: map[Content-Type:[text/plain; charset=utf-8] X-Content-Type-Options:[nosniff]]
2025-01-30 18:27:49,213 INFO c.h.h.t.HelmChartContainer - [K3S]  >
2025-01-30 18:27:49,595 INFO c.h.h.t.HelmChartContainer - [K3S] [configmap.go:193] Couldn't get configMap kube-system/local-path-config: failed to sync configmap cache: timed out waiting for the condition
2025-01-30 18:27:49,595 INFO c.h.h.t.HelmChartContainer - [K3S] [nestedpendingoperations.go:348] Operation for "{volumeName:kubernetes.io/configmap/90d21215-eef0-4790-afb9-8fe312e9fe6a-config-volume podName:90d21215-eef0-4790-afb9-8fe312e9fe6a nodeName:}" failed. No retries permitted until 2025-01-30 18:27:50.094308266 +0000 UTC m=+10.733066661 (durationBeforeRetry 500ms). Error: MountVolume.SetUp failed for volume "config-volume" (UniqueName: "kubernetes.io/configmap/90d21215-eef0-4790-afb9-8fe312e9fe6a-config-volume") pod "local-path-provisioner-698b58967b-sqf9b" (UID: "90d21215-eef0-4790-afb9-8fe312e9fe6a") : failed to sync configmap cache: timed out waiting for the condition
2025-01-30 18:27:52,048 INFO c.h.h.t.HelmChartContainer - [K3S] [replica_set.go:679] "Finished syncing" kind="ReplicaSet" key="kube-system/local-path-provisioner-698b58967b" duration="9.591194ms"
2025-01-30 18:27:52,050 INFO c.h.h.t.HelmChartContainer - [K3S] [replica_set.go:679] "Finished syncing" kind="ReplicaSet" key="kube-system/local-path-provisioner-698b58967b" duration="30.537µs"
2025-01-30 18:27:52,055 INFO c.h.h.t.HelmChartContainer - [K3S] [replica_set.go:679] "Finished syncing" kind="ReplicaSet" key="kube-system/metrics-server-8584b5786c" duration="30.447µs"
2025-01-30 18:27:52,096 INFO c.h.h.t.HelmChartContainer - [K3S] [replica_set.go:679] "Finished syncing" kind="ReplicaSet" key="kube-system/coredns-ff8999cc5" duration="10.684141ms"
2025-01-30 18:27:52,102 INFO c.h.h.t.HelmChartContainer - [K3S] [replica_set.go:679] "Finished syncing" kind="ReplicaSet" key="kube-system/coredns-ff8999cc5" duration="37.36µs"
2025-01-30 18:27:52,877 DEBUG c.h.h.t.HelmChartContainer - Image file loaded 'hivemq-platform-operator.tar'
2025-01-30 18:27:53,213 INFO c.h.h.t.HelmChartContainer - [K3S] [kuberuntime_manager.go:1702] "Updating runtime config through cri with podcidr" CIDR="10.42.0.0/24"
2025-01-30 18:27:53,213 INFO c.h.h.t.HelmChartContainer - [K3S] [kubelet_network.go:61] "Updating Pod CIDR" originalPodCIDR="" newPodCIDR="10.42.0.0/24"
2025-01-30 18:27:53,219 INFO c.h.h.t.HelmChartContainer - [K3S] [range_allocator.go:247] "Successfully synced" key="aff12e0b5782"
2025-01-30 18:27:53,329 DEBUG c.h.h.t.HelmChartContainer - Image file loaded 'hivemq-platform-operator-init.tar'
2025-01-30 18:27:59,246 DEBUG c.h.h.t.HelmChartContainer - Image file loaded 'hivemq-platform.tar'
2025-01-30 18:27:59,246 DEBUG c.h.h.t.HelmChartContainer - Successful Helm chart Container startup
2025-01-30 18:27:59,260 INFO t.localhost/testcontainers/6lrut5jw32qkm62f:latest - Container localhost/testcontainers/6lrut5jw32qkm62f:latest started in PT21.237991514S
2025-01-30 18:27:59,271 DEBUG c.h.h.t.HelmChartContainer - Executing helm command: /bin/helm --kubeconfig /etc/rancher/k3s/k3s.yaml repo add hivemq https://hivemq.github.io/helm-charts
2025-01-30 18:28:00,536 INFO c.h.h.t.HelmChartContainer - [EVENT] Normal [Starting] Starting kubelet. [null:aff12e0b5782]
2025-01-30 18:28:00,537 INFO c.h.h.t.HelmChartContainer - [EVENT] Warning [InvalidDiskCapacity] invalid capacity 0 on image filesystem [null:aff12e0b5782]
2025-01-30 18:28:00,538 INFO c.h.h.t.HelmChartContainer - [EVENT] Normal [NodeHasSufficientMemory] Node aff12e0b5782 status is now: NodeHasSufficientMemory [null:aff12e0b5782]
2025-01-30 18:28:00,538 INFO c.h.h.t.HelmChartContainer - [EVENT] Normal [NodeHasNoDiskPressure] Node aff12e0b5782 status is now: NodeHasNoDiskPressure [null:aff12e0b5782]
2025-01-30 18:28:00,539 INFO c.h.h.t.HelmChartContainer - [EVENT] Normal [NodeHasSufficientPID] Node aff12e0b5782 status is now: NodeHasSufficientPID [null:aff12e0b5782]
2025-01-30 18:28:00,540 INFO c.h.h.t.HelmChartContainer - [EVENT] Normal [NodeAllocatableEnforced] Updated Node Allocatable limit across pods [null:aff12e0b5782]
2025-01-30 18:28:00,542 INFO c.h.h.t.HelmChartContainer - [EVENT] Normal [NodeReady] Node aff12e0b5782 status is now: NodeReady [null:aff12e0b5782]
2025-01-30 18:28:00,543 INFO c.h.h.t.HelmChartContainer - [EVENT] Normal [NodePasswordValidationComplete] Deferred node password secret validation complete [null:aff12e0b5782]
2025-01-30 18:28:00,544 INFO c.h.h.t.HelmChartContainer - [EVENT] Normal [Synced] Node synced successfully [null:aff12e0b5782]
2025-01-30 18:28:00,545 INFO c.h.h.t.HelmChartContainer - [EVENT] Normal [RegisteredNode] Node aff12e0b5782 event: Registered Node aff12e0b5782 in Controller [null:aff12e0b5782]
2025-01-30 18:28:00,549 INFO c.h.h.t.HelmChartContainer - Saved kubeconfig file on /tmp/kubeconfig-7556907105447795095.yaml
2025-01-30 18:28:00,549 INFO c.h.h.t.HelmChartContainer - HelmChartContainer is started
]]></system-out>
  <system-err><![CDATA[]]></system-err>
</testsuite>
