<?xml version="1.0" encoding="UTF-8"?>
<testsuite name="com.hivemq.helmcharts.operator.CustomOperatorNamespacesIT" tests="1" skipped="0" failures="0" errors="0" timestamp="2025-01-29T13:19:08" hostname="fv-az1333-232" time="129.987">
  <properties/>
  <testcase name="whenOperatorNamespacesIsConfigured_thenOnlyCustomResourcesInWatchedNamespacesReconciled()" classname="com.hivemq.helmcharts.operator.CustomOperatorNamespacesIT" time="129.987">
    <system-out><![CDATA[2025-01-29 13:19:08,801 INFO c.h.h.t.HelmChartContainer - Creating namespace 'customoperatornamespacesit-operator'...
2025-01-29 13:19:09,038 INFO c.h.h.t.HelmChartContainer - Namespace 'customoperatornamespacesit-operator' created
2025-01-29 13:19:09,039 INFO c.h.h.t.HelmChartContainer - [POD] coredns-ff8999cc5-2rvwc [50d4804e-ade0-416d-81ae-1b963fb75f74] in kube-system was ADDED
2025-01-29 13:19:09,039 INFO c.h.h.t.HelmChartContainer - Creating namespace 'customoperatornamespacesit-alpha'...
2025-01-29 13:19:09,042 INFO c.h.h.t.HelmChartContainer - [POD] local-path-provisioner-698b58967b-kn265 [9182c26b-bac5-44fb-9a44-24bb3815709a] in kube-system was ADDED
2025-01-29 13:19:09,045 INFO c.h.h.t.HelmChartContainer - [POD] metrics-server-8584b5786c-7p5p5 [c25b310a-cbdd-4dc4-9ef7-87548d6f0fd9] in kube-system was ADDED
2025-01-29 13:19:09,049 INFO c.h.h.t.HelmChartContainer - Namespace 'customoperatornamespacesit-alpha' created
2025-01-29 13:19:09,049 INFO c.h.h.t.HelmChartContainer - Creating namespace 'customoperatornamespacesit-beta'...
2025-01-29 13:19:09,149 INFO c.h.h.t.HelmChartContainer - Namespace 'customoperatornamespacesit-beta' created
2025-01-29 13:19:09,149 INFO c.h.h.t.HelmChartContainer - Creating namespace 'customoperatornamespacesit-gamma'...
2025-01-29 13:19:09,251 INFO c.h.h.t.HelmChartContainer - Namespace 'customoperatornamespacesit-gamma' created
2025-01-29 13:19:09,322 DEBUG c.h.h.t.HelmChartContainer - Executing helm command: /bin/helm --kubeconfig /etc/rancher/k3s/k3s.yaml install test-hivemq-platform-operator /charts/hivemq-platform-operator --wait --timeout 5m0s --set image.repository=docker.io/hivemq --set image.name=hivemq-platform-operator-test --set image.initImageName=hivemq-platform-operator-init-test --set image.tag=snapshot --set image.pullPolicy=Never --set logLevel=DEBUG --set resources.cpu=512m --set namespaces=customoperatornamespacesit-alpha\,customoperatornamespacesit-beta --namespace customoperatornamespacesit-operator
2025-01-29 13:19:11,754 INFO c.h.h.t.HelmChartContainer - [K3S] [alloc.go:330] "allocated clusterIPs" service="customoperatornamespacesit-operator/hivemq-platform-operator-test-hivemq-platform-operator" clusterIPs={"IPv4":"10.43.231.198"}
2025-01-29 13:19:11,773 INFO c.h.h.t.HelmChartContainer - [EVENT] Normal [ScalingReplicaSet] Scaled up replica set hivemq-test-hivemq-platform-operator-6c7f4cc7b from 0 to 1 [customoperatornamespacesit-operator:hivemq-test-hivemq-platform-operator]
2025-01-29 13:19:11,783 INFO c.h.h.t.HelmChartContainer - [POD] hivemq-test-hivemq-platform-operator-6c7f4cc7b-9dsln [0e088f31-83e9-457a-a1fc-d8e9451e73da] in customoperatornamespacesit-operator was ADDED
2025-01-29 13:19:11,790 INFO c.h.h.t.HelmChartContainer - [EVENT] Normal [SuccessfulCreate] Created pod: hivemq-test-hivemq-platform-operator-6c7f4cc7b-9dsln [customoperatornamespacesit-operator:hivemq-test-hivemq-platform-operator-6c7f4cc7b]
2025-01-29 13:19:11,790 INFO c.h.h.t.HelmChartContainer - [K3S] [replica_set.go:679] "Finished syncing" kind="ReplicaSet" key="customoperatornamespacesit-operator/hivemq-test-hivemq-platform-operator-6c7f4cc7b" duration="20.297498ms"
2025-01-29 13:19:11,792 INFO c.h.h.t.HelmChartContainer - [EVENT] Normal [Scheduled] Successfully assigned customoperatornamespacesit-operator/hivemq-test-hivemq-platform-operator-6c7f4cc7b-9dsln to 4b5e7665a766 [customoperatornamespacesit-operator:hivemq-test-hivemq-platform-operator-6c7f4cc7b-9dsln]
2025-01-29 13:19:11,797 INFO c.h.h.t.HelmChartContainer - [POD] hivemq-test-hivemq-platform-operator-6c7f4cc7b-9dsln [0e088f31-83e9-457a-a1fc-d8e9451e73da] in customoperatornamespacesit-operator was MODIFIED
2025-01-29 13:19:11,800 INFO c.h.h.t.HelmChartContainer - [K3S] [reflector.go:569] object-"customoperatornamespacesit-operator"/"kube-root-ca.crt": failed to list *v1.ConfigMap: configmaps "kube-root-ca.crt" is forbidden: User "system:node:4b5e7665a766" cannot list resource "configmaps" in API group "" in the namespace "customoperatornamespacesit-operator": no relationship found between node '4b5e7665a766' and this object
2025-01-29 13:19:11,800 INFO c.h.h.t.HelmChartContainer - [K3S] [reflector.go:166] "Unhandled Error" err="object-\"customoperatornamespacesit-operator\"/\"kube-root-ca.crt\": Failed to watch *v1.ConfigMap: failed to list *v1.ConfigMap: configmaps \"kube-root-ca.crt\" is forbidden: User \"system:node:4b5e7665a766\" cannot list resource \"configmaps\" in API group \"\" in the namespace \"customoperatornamespacesit-operator\": no relationship found between node '4b5e7665a766' and this object"
2025-01-29 13:19:11,811 INFO c.h.h.t.HelmChartContainer - [POD] hivemq-test-hivemq-platform-operator-6c7f4cc7b-9dsln [0e088f31-83e9-457a-a1fc-d8e9451e73da] in customoperatornamespacesit-operator was MODIFIED
2025-01-29 13:19:11,814 INFO c.h.h.t.HelmChartContainer - [K3S] [replica_set.go:679] "Finished syncing" kind="ReplicaSet" key="customoperatornamespacesit-operator/hivemq-test-hivemq-platform-operator-6c7f4cc7b" duration="25.30602ms"
2025-01-29 13:19:11,814 INFO c.h.h.t.HelmChartContainer - [K3S] [replica_set.go:679] "Finished syncing" kind="ReplicaSet" key="customoperatornamespacesit-operator/hivemq-test-hivemq-platform-operator-6c7f4cc7b" duration="42.239µs"
2025-01-29 13:19:11,815 INFO c.h.h.t.HelmChartContainer - [K3S] [replica_set.go:679] "Finished syncing" kind="ReplicaSet" key="customoperatornamespacesit-operator/hivemq-test-hivemq-platform-operator-6c7f4cc7b" duration="31.469µs"
2025-01-29 13:19:11,870 INFO c.h.h.t.HelmChartContainer - [K3S] [reconciler_common.go:251] "operationExecutor.VerifyControllerAttachedVolume started for volume \"kube-api-access-pznhr\" (UniqueName: \"kubernetes.io/projected/0e088f31-83e9-457a-a1fc-d8e9451e73da-kube-api-access-pznhr\") pod \"hivemq-test-hivemq-platform-operator-6c7f4cc7b-9dsln\" (UID: \"0e088f31-83e9-457a-a1fc-d8e9451e73da\") " pod="customoperatornamespacesit-operator/hivemq-test-hivemq-platform-operator-6c7f4cc7b-9dsln"
2025-01-29 13:19:12,977 INFO c.h.h.t.HelmChartContainer - [K3S] [projected.go:288] Couldn't get configMap customoperatornamespacesit-operator/kube-root-ca.crt: failed to sync configmap cache: timed out waiting for the condition
2025-01-29 13:19:12,977 INFO c.h.h.t.HelmChartContainer - [K3S] [projected.go:194] Error preparing data for projected volume kube-api-access-pznhr for pod customoperatornamespacesit-operator/hivemq-test-hivemq-platform-operator-6c7f4cc7b-9dsln: failed to sync configmap cache: timed out waiting for the condition
2025-01-29 13:19:12,977 INFO c.h.h.t.HelmChartContainer - [K3S] [nestedpendingoperations.go:348] Operation for "{volumeName:kubernetes.io/projected/0e088f31-83e9-457a-a1fc-d8e9451e73da-kube-api-access-pznhr podName:0e088f31-83e9-457a-a1fc-d8e9451e73da nodeName:}" failed. No retries permitted until 2025-01-29 13:19:13.47683579 +0000 UTC m=+25.767520530 (durationBeforeRetry 500ms). Error: MountVolume.SetUp failed for volume "kube-api-access-pznhr" (UniqueName: "kubernetes.io/projected/0e088f31-83e9-457a-a1fc-d8e9451e73da-kube-api-access-pznhr") pod "hivemq-test-hivemq-platform-operator-6c7f4cc7b-9dsln" (UID: "0e088f31-83e9-457a-a1fc-d8e9451e73da") : failed to sync configmap cache: timed out waiting for the condition
2025-01-29 13:19:12,982 INFO c.h.h.t.HelmChartContainer - [EVENT] Warning [FailedMount] MountVolume.SetUp failed for volume "kube-api-access-pznhr" : failed to sync configmap cache: timed out waiting for the condition [customoperatornamespacesit-operator:hivemq-test-hivemq-platform-operator-6c7f4cc7b-9dsln]
2025-01-29 13:19:14,574 INFO c.h.h.t.HelmChartContainer - [EVENT] Normal [Pulled] Container image "docker.io/hivemq/hivemq-platform-operator-test:snapshot" already present on machine [customoperatornamespacesit-operator:hivemq-test-hivemq-platform-operator-6c7f4cc7b-9dsln]
2025-01-29 13:19:14,575 INFO c.h.h.t.HelmChartContainer - Received Pulled event for container hivemq-platform-operator in pod hivemq-test-hivemq-platform-operator-6c7f4cc7b-9dsln [0e088f31-83e9-457a-a1fc-d8e9451e73da]
2025-01-29 13:19:14,585 INFO c.h.h.t.HelmChartContainer - [EVENT] Normal [Created] Created container: hivemq-platform-operator [customoperatornamespacesit-operator:hivemq-test-hivemq-platform-operator-6c7f4cc7b-9dsln]
2025-01-29 13:19:14,585 INFO c.h.h.t.HelmChartContainer - Received Created event for container hivemq-platform-operator in pod hivemq-test-hivemq-platform-operator-6c7f4cc7b-9dsln [0e088f31-83e9-457a-a1fc-d8e9451e73da]
2025-01-29 13:19:15,356 INFO c.h.h.t.HelmChartContainer - [K3S] [replica_set.go:679] "Finished syncing" kind="ReplicaSet" key="customoperatornamespacesit-operator/hivemq-test-hivemq-platform-operator-6c7f4cc7b" duration="41.677µs"
2025-01-29 13:19:15,359 INFO c.h.h.t.HelmChartContainer - [POD] hivemq-test-hivemq-platform-operator-6c7f4cc7b-9dsln [0e088f31-83e9-457a-a1fc-d8e9451e73da] in customoperatornamespacesit-operator was MODIFIED
2025-01-29 13:19:15,378 INFO c.h.h.t.HelmChartContainer - Started log watcher for hivemq-platform-operator in pod hivemq-test-hivemq-platform-operator-6c7f4cc7b-9dsln [0e088f31-83e9-457a-a1fc-d8e9451e73da]
2025-01-29 13:19:15,379 INFO c.h.h.t.HelmChartContainer - [EVENT] Normal [Started] Started container hivemq-platform-operator [customoperatornamespacesit-operator:hivemq-test-hivemq-platform-operator-6c7f4cc7b-9dsln]
2025-01-29 13:19:15,379 INFO c.h.h.t.HelmChartContainer - [hivemq-test-hivemq-platform] [hivemq-platform-operator] [0e088f31] -------------------------------------------------------------------------
2025-01-29 13:19:15,379 INFO c.h.h.t.HelmChartContainer - [hivemq-test-hivemq-platform] [hivemq-platform-operator] [0e088f31] 
2025-01-29 13:19:15,380 INFO c.h.h.t.HelmChartContainer - [hivemq-test-hivemq-platform] [hivemq-platform-operator] [0e088f31]                   _    _  _              __  __   ____
2025-01-29 13:19:15,380 INFO c.h.h.t.HelmChartContainer - [hivemq-test-hivemq-platform] [hivemq-platform-operator] [0e088f31]                  | |  | |(_)            |  \/  | / __ \
2025-01-29 13:19:15,380 INFO c.h.h.t.HelmChartContainer - [hivemq-test-hivemq-platform] [hivemq-platform-operator] [0e088f31]                  | |__| | _ __   __ ___ | \  / || |  | |
2025-01-29 13:19:15,380 INFO c.h.h.t.HelmChartContainer - [hivemq-test-hivemq-platform] [hivemq-platform-operator] [0e088f31]                  |  __  || |\ \ / // _ \| |\/| || |  | |
2025-01-29 13:19:15,380 INFO c.h.h.t.HelmChartContainer - [hivemq-test-hivemq-platform] [hivemq-platform-operator] [0e088f31]                  | |  | || | \ V /|  __/| |  | || |__| |
2025-01-29 13:19:15,380 INFO c.h.h.t.HelmChartContainer - [hivemq-test-hivemq-platform] [hivemq-platform-operator] [0e088f31]                  |_|  |_||_|  \_/  \___||_|  |_| \___\_\
2025-01-29 13:19:15,380 INFO c.h.h.t.HelmChartContainer - [hivemq-test-hivemq-platform] [hivemq-platform-operator] [0e088f31] 
2025-01-29 13:19:15,380 INFO c.h.h.t.HelmChartContainer - [hivemq-test-hivemq-platform] [hivemq-platform-operator] [0e088f31] -------------------------------------------------------------------------
2025-01-29 13:19:15,380 INFO c.h.h.t.HelmChartContainer - [hivemq-test-hivemq-platform] [hivemq-platform-operator] [0e088f31] 
2025-01-29 13:19:15,380 INFO c.h.h.t.HelmChartContainer - [hivemq-test-hivemq-platform] [hivemq-platform-operator] [0e088f31]   HiveMQ Platform Operator Start Script v1.0
2025-01-29 13:19:15,380 INFO c.h.h.t.HelmChartContainer - [hivemq-test-hivemq-platform] [hivemq-platform-operator] [0e088f31] 
2025-01-29 13:19:15,380 INFO c.h.h.t.HelmChartContainer - [hivemq-test-hivemq-platform] [hivemq-platform-operator] [0e088f31] -------------------------------------------------------------------------
2025-01-29 13:19:15,380 INFO c.h.h.t.HelmChartContainer - [hivemq-test-hivemq-platform] [hivemq-platform-operator] [0e088f31] 
2025-01-29 13:19:15,380 INFO c.h.h.t.HelmChartContainer - [hivemq-test-hivemq-platform] [hivemq-platform-operator] [0e088f31]   JAVA_OPTS: -XX:+UnlockExperimentalVMOptions -XX:InitialRAMPercentage=75 -XX:MaxRAMPercentage=75 -Duser.language=en -Duser.region=US
2025-01-29 13:19:15,380 INFO c.h.h.t.HelmChartContainer - [hivemq-test-hivemq-platform] [hivemq-platform-operator] [0e088f31] 
2025-01-29 13:19:15,380 INFO c.h.h.t.HelmChartContainer - [hivemq-test-hivemq-platform] [hivemq-platform-operator] [0e088f31]   JAVA_VERSION: 21
2025-01-29 13:19:15,380 INFO c.h.h.t.HelmChartContainer - [hivemq-test-hivemq-platform] [hivemq-platform-operator] [0e088f31] 
2025-01-29 13:19:15,380 INFO c.h.h.t.HelmChartContainer - Received Started event for container hivemq-platform-operator in pod hivemq-test-hivemq-platform-operator-6c7f4cc7b-9dsln [0e088f31-83e9-457a-a1fc-d8e9451e73da]
2025-01-29 13:19:15,380 INFO c.h.h.t.HelmChartContainer - [hivemq-test-hivemq-platform] [hivemq-platform-operator] [0e088f31] -------------------------------------------------------------------------
2025-01-29 13:19:15,380 INFO c.h.h.t.HelmChartContainer - [hivemq-test-hivemq-platform] [hivemq-platform-operator] [0e088f31] 
2025-01-29 13:19:16,345 INFO c.h.h.t.HelmChartContainer - [POD] metrics-server-8584b5786c-7p5p5 [c25b310a-cbdd-4dc4-9ef7-87548d6f0fd9] in kube-system was MODIFIED
2025-01-29 13:19:16,351 INFO c.h.h.t.HelmChartContainer - [K3S] [replica_set.go:679] "Finished syncing" kind="ReplicaSet" key="kube-system/metrics-server-8584b5786c" duration="10.861622ms"
2025-01-29 13:19:16,352 INFO c.h.h.t.HelmChartContainer - [K3S] [replica_set.go:679] "Finished syncing" kind="ReplicaSet" key="kube-system/metrics-server-8584b5786c" duration="62.195µs"
2025-01-29 13:19:16,362 INFO c.h.h.t.HelmChartContainer - [K3S] [WARNING] Proxy error: write failed: write tcp 127.0.0.1:6443->127.0.0.1:35664: write: broken pipe
2025-01-29 13:19:18,093 INFO c.h.h.t.HelmChartContainer - [hivemq-test-hivemq-platform] [hivemq-platform-operator] [0e088f31] 13:19:18.090 [main] DEBUG org.jboss.logging - Logging Provider: org.jboss.logging.Slf4jLoggerProvider
2025-01-29 13:19:18,200 INFO c.h.h.t.HelmChartContainer - [hivemq-test-hivemq-platform] [hivemq-platform-operator] [0e088f31] 13:19:18.199 [main] DEBUG io.smallrye.config - SRCFG01006: Loaded ConfigSource SysPropConfigSource with ordinal 400
2025-01-29 13:19:18,201 INFO c.h.h.t.HelmChartContainer - [hivemq-test-hivemq-platform] [hivemq-platform-operator] [0e088f31] 13:19:18.199 [main] DEBUG io.smallrye.config - SRCFG01006: Loaded ConfigSource EnvConfigSource with ordinal 300
2025-01-29 13:19:18,201 INFO c.h.h.t.HelmChartContainer - [hivemq-test-hivemq-platform] [hivemq-platform-operator] [0e088f31] 13:19:18.199 [main] DEBUG io.smallrye.config - SRCFG01006: Loaded ConfigSource PropertiesConfigSource[source=jar:file:///opt/hivemq-platform-operator/bin/hivemq-platform-operator.jar!/hivemq-platform-operator.properties] with ordinal 100
2025-01-29 13:19:18,201 INFO c.h.h.t.HelmChartContainer - [hivemq-test-hivemq-platform] [hivemq-platform-operator] [0e088f31] 13:19:18.199 [main] DEBUG io.smallrye.config - SRCFG01006: Loaded ConfigSource DefaultValuesConfigSource with ordinal -2147483648
2025-01-29 13:19:18,304 INFO c.h.h.t.HelmChartContainer - [hivemq-test-hivemq-platform] [hivemq-platform-operator] [0e088f31] 13:19:18.303 [main] DEBUG i.m.c.u.i.l.InternalLoggerFactory - Using SLF4J as the default logging framework
2025-01-29 13:19:18,491 INFO c.h.h.t.HelmChartContainer - [hivemq-test-hivemq-platform] [hivemq-platform-operator] [0e088f31] 13:19:18.461 [main] INFO  c.h.p.o.HiveMQPlatformOperatorApplication - HiveMQ Platform Operator 1.7.0-SNAPSHOT (commit: bebf408 on branch: HEAD) built on Sun Jan 26 20:47:47 UTC 2025
2025-01-29 13:19:18,492 INFO c.h.h.t.HelmChartContainer - [hivemq-test-hivemq-platform] [hivemq-platform-operator] [0e088f31] 13:19:18.490 [main] INFO  c.h.p.o.HiveMQPlatformOperatorApplication - HiveMQ Platform Operator is running in namespace: customoperatornamespacesit-operator
2025-01-29 13:19:18,492 INFO c.h.h.t.HelmChartContainer - [hivemq-test-hivemq-platform] [hivemq-platform-operator] [0e088f31] 13:19:18.490 [main] INFO  c.h.p.o.HiveMQPlatformOperatorApplication - Watching namespaces: customoperatornamespacesit-alpha,customoperatornamespacesit-beta
2025-01-29 13:19:18,492 INFO c.h.h.t.HelmChartContainer - [hivemq-test-hivemq-platform] [hivemq-platform-operator] [0e088f31] 13:19:18.490 [main] INFO  c.h.p.o.HiveMQPlatformOperatorApplication - Log level: DEBUG
2025-01-29 13:19:18,492 INFO c.h.h.t.HelmChartContainer - [hivemq-test-hivemq-platform] [hivemq-platform-operator] [0e088f31] 13:19:18.490 [main] INFO  c.h.p.o.HiveMQPlatformOperatorApplication - Release name: test-hivemq-platform-operator
2025-01-29 13:19:18,492 INFO c.h.h.t.HelmChartContainer - [hivemq-test-hivemq-platform] [hivemq-platform-operator] [0e088f31] 13:19:18.491 [main] INFO  c.h.p.o.HiveMQPlatformOperatorApplication - HiveMQ Platform Operator Init image: docker.io/hivemq/hivemq-platform-operator-init-test:snapshot
2025-01-29 13:19:18,492 INFO c.h.h.t.HelmChartContainer - [hivemq-test-hivemq-platform] [hivemq-platform-operator] [0e088f31] 13:19:18.491 [main] INFO  c.h.p.o.HiveMQPlatformOperatorApplication - HiveMQ Platform Operator Init App update URL: http://hivemq-platform-operator-test-hivemq-platform-operator.customoperatornamespacesit-operator.svc:8080/initAppUpdate/hivemq-platform-operator-init-app-1.7.0-SNAPSHOT.jar
2025-01-29 13:19:18,492 INFO c.h.h.t.HelmChartContainer - [hivemq-test-hivemq-platform] [hivemq-platform-operator] [0e088f31] 13:19:18.491 [main] INFO  c.h.p.o.HiveMQPlatformOperatorApplication - Additional imagePullSecret for all Platform deployments: none
2025-01-29 13:19:18,492 INFO c.h.h.t.HelmChartContainer - [hivemq-test-hivemq-platform] [hivemq-platform-operator] [0e088f31] 13:19:18.491 [main] INFO  c.h.p.o.HiveMQPlatformOperatorApplication - Apply HiveMQ Platform CRD: true
2025-01-29 13:19:18,493 INFO c.h.h.t.HelmChartContainer - [hivemq-test-hivemq-platform] [hivemq-platform-operator] [0e088f31] 13:19:18.491 [main] INFO  c.h.p.o.HiveMQPlatformOperatorApplication - Create Platform ServiceAccount: true
2025-01-29 13:19:18,493 INFO c.h.h.t.HelmChartContainer - [hivemq-test-hivemq-platform] [hivemq-platform-operator] [0e088f31] 13:19:18.491 [main] INFO  c.h.p.o.HiveMQPlatformOperatorApplication - Create Platform ServiceAccount permissions: true
2025-01-29 13:19:18,493 INFO c.h.h.t.HelmChartContainer - [hivemq-test-hivemq-platform] [hivemq-platform-operator] [0e088f31] 13:19:18.491 [main] INFO  c.h.p.o.HiveMQPlatformOperatorApplication - Validate Platform ServiceAccount: true
2025-01-29 13:19:18,493 INFO c.h.h.t.HelmChartContainer - [hivemq-test-hivemq-platform] [hivemq-platform-operator] [0e088f31] 13:19:18.491 [main] INFO  c.h.p.o.HiveMQPlatformOperatorApplication - Validate Platform ServiceAccount permissions: true
2025-01-29 13:19:18,688 INFO c.h.h.t.HelmChartContainer - [hivemq-test-hivemq-platform] [hivemq-platform-operator] [0e088f31] 13:19:18.687 [main] INFO  c.h.platform.operator.util.CRDUtil - Verifying deployed HiveMQ Platform CRD...
2025-01-29 13:19:21,101 INFO c.h.h.t.HelmChartContainer - [hivemq-test-hivemq-platform] [hivemq-platform-operator] [0e088f31] 13:19:21.099 [main] DEBUG c.h.platform.operator.util.CRDUtil - HiveMQ Platform CRD version v1 is up to date
2025-01-29 13:19:21,101 INFO c.h.h.t.HelmChartContainer - [hivemq-test-hivemq-platform] [hivemq-platform-operator] [0e088f31] 13:19:21.099 [main] INFO  c.h.platform.operator.util.CRDUtil - HiveMQ Platform CRD is up to date (version: V1_6_0)
2025-01-29 13:19:21,101 INFO c.h.h.t.HelmChartContainer - [hivemq-test-hivemq-platform] [hivemq-platform-operator] [0e088f31] 13:19:21.100 [main] INFO  c.h.platform.operator.util.CRDUtil - Waiting 10000 ms for HiveMQ Platform CRD 'hivemq-platforms.hivemq.com' to become ready...
2025-01-29 13:19:21,135 INFO c.h.h.t.HelmChartContainer - [K3S] [range_allocator.go:247] "Successfully synced" key="4b5e7665a766"
2025-01-29 13:19:21,395 INFO c.h.h.t.HelmChartContainer - [hivemq-test-hivemq-platform] [hivemq-platform-operator] [0e088f31] 13:19:21.392 [vert.x-eventloop-thread-1] DEBUG c.h.platform.operator.util.CRDUtil - Checking CRD condition 'NamesAccepted' (status: 'True')
2025-01-29 13:19:21,397 INFO c.h.h.t.HelmChartContainer - [hivemq-test-hivemq-platform] [hivemq-platform-operator] [0e088f31] 13:19:21.392 [vert.x-eventloop-thread-1] DEBUG c.h.platform.operator.util.CRDUtil - Checking CRD condition 'Established' (status: 'True')
2025-01-29 13:19:21,397 INFO c.h.h.t.HelmChartContainer - [hivemq-test-hivemq-platform] [hivemq-platform-operator] [0e088f31] 13:19:21.393 [main] INFO  c.h.platform.operator.util.CRDUtil - HiveMQ Platform CRD 'hivemq-platforms.hivemq.com' is ready
2025-01-29 13:19:21,592 INFO c.h.h.t.HelmChartContainer - [hivemq-test-hivemq-platform] [hivemq-platform-operator] [0e088f31] 13:19:21.591 [main] INFO  c.h.p.o.HiveMQPlatformReconciler - HiveMQ Platform Operator is starting...
2025-01-29 13:19:21,690 INFO c.h.h.t.HelmChartContainer - [hivemq-test-hivemq-platform] [hivemq-platform-operator] [0e088f31] 13:19:21.689 [main] WARN  Default ConfigurationService implementation - Configuration for reconciler 'hivemq-controller' was not found. Known reconcilers: None.
2025-01-29 13:19:21,698 INFO c.h.h.t.HelmChartContainer - [hivemq-test-hivemq-platform] [hivemq-platform-operator] [0e088f31] 13:19:21.697 [main] INFO  Default ConfigurationService implementation - Created configuration for reconciler com.hivemq.platform.operator.HiveMQPlatformReconciler with name hivemq-controller
2025-01-29 13:19:21,804 INFO c.h.h.t.HelmChartContainer - [hivemq-test-hivemq-platform] [hivemq-platform-operator] [0e088f31] 13:19:21.803 [main] DEBUG c.h.p.o.HiveMQPlatformReconciler - HiveMQ Platform Operator is preparing EventSources
2025-01-29 13:19:21,894 INFO c.h.h.t.HelmChartContainer - [hivemq-test-hivemq-platform] [hivemq-platform-operator] [0e088f31] 13:19:21.893 [main] INFO  i.javaoperatorsdk.operator.Operator - Registered reconciler: 'hivemq-controller' for resource: 'class com.hivemq.platform.operator.v1.HiveMQPlatform' for namespace(s): [customoperatornamespacesit-beta, customoperatornamespacesit-alpha]
2025-01-29 13:19:22,403 INFO c.h.h.t.HelmChartContainer - [hivemq-test-hivemq-platform] [hivemq-platform-operator] [0e088f31] 13:19:22.401 [main] INFO  c.h.p.operator.webserver.JettyServer - Starting Jetty server on port 8080
2025-01-29 13:19:22,503 INFO c.h.h.t.HelmChartContainer - [hivemq-test-hivemq-platform] [hivemq-platform-operator] [0e088f31] 13:19:22.502 [main] INFO  i.javaoperatorsdk.operator.Operator - Operator SDK 4.9.7 (commit: 2133d28) built on Wed Nov 20 12:56:20 UTC 2024 starting...
2025-01-29 13:19:22,503 INFO c.h.h.t.HelmChartContainer - [hivemq-test-hivemq-platform] [hivemq-platform-operator] [0e088f31] 13:19:22.502 [main] INFO  i.javaoperatorsdk.operator.Operator - Client version: 6.13.4
2025-01-29 13:19:22,504 INFO c.h.h.t.HelmChartContainer - [hivemq-test-hivemq-platform] [hivemq-platform-operator] [0e088f31] 13:19:22.504 [Controller Starter for: hivemq-controller] INFO  i.j.operator.processing.Controller - Starting 'hivemq-controller' controller for reconciler: com.hivemq.platform.operator.HiveMQPlatformReconciler, resource: com.hivemq.platform.operator.v1.HiveMQPlatform
2025-01-29 13:19:25,591 INFO c.h.h.t.HelmChartContainer - [hivemq-test-hivemq-platform] [hivemq-platform-operator] [0e088f31] 13:19:25.589 [Controller Starter for: hivemq-controller] INFO  i.j.operator.processing.Controller - 'hivemq-controller' controller started
2025-01-29 13:19:25,591 INFO c.h.h.t.HelmChartContainer - [hivemq-test-hivemq-platform] [hivemq-platform-operator] [0e088f31] 13:19:25.590 [main] INFO  c.h.p.o.HiveMQPlatformOperatorApplication - HiveMQ Platform Operator 1.7.0-SNAPSHOT started in 7128 ms
2025-01-29 13:19:26,380 INFO c.h.h.t.HelmChartContainer - [POD] hivemq-test-hivemq-platform-operator-6c7f4cc7b-9dsln [0e088f31-83e9-457a-a1fc-d8e9451e73da] in customoperatornamespacesit-operator was MODIFIED
2025-01-29 13:19:26,385 INFO c.h.h.t.HelmChartContainer - [K3S] [replica_set.go:679] "Finished syncing" kind="ReplicaSet" key="customoperatornamespacesit-operator/hivemq-test-hivemq-platform-operator-6c7f4cc7b" duration="8.358179ms"
2025-01-29 13:19:26,386 INFO c.h.h.t.HelmChartContainer - [K3S] [replica_set.go:679] "Finished syncing" kind="ReplicaSet" key="customoperatornamespacesit-operator/hivemq-test-hivemq-platform-operator-6c7f4cc7b" duration="37.339µs"
2025-01-29 13:19:27,826 INFO com.hivemq.helmcharts.util.K8sUtil - Pod 'hivemq-test-hivemq-platform-operator-6c7f4cc7b-9dsln' is ready
2025-01-29 13:19:27,898 DEBUG c.h.h.t.HelmChartContainer - Executing helm command: /bin/helm --kubeconfig /etc/rancher/k3s/k3s.yaml install test-hivemq-platform-alpha /charts/hivemq-platform --wait --timeout 5m0s --set image.repository=docker.io/hivemq --set image.tag=4.36.0 --set image.pullPolicy=Never --set nodes.resources.cpu=512m --namespace customoperatornamespacesit-alpha --set nodes.replicaCount=1
2025-01-29 13:19:28,341 DEBUG c.h.h.t.HelmChartContainer - Executing helm command: /bin/helm --kubeconfig /etc/rancher/k3s/k3s.yaml install test-hivemq-platform-beta /charts/hivemq-platform --wait --timeout 5m0s --set image.repository=docker.io/hivemq --set image.tag=4.36.0 --set image.pullPolicy=Never --set nodes.resources.cpu=512m --namespace customoperatornamespacesit-beta --set nodes.replicaCount=1
2025-01-29 13:19:28,726 DEBUG c.h.h.t.HelmChartContainer - Executing helm command: /bin/helm --kubeconfig /etc/rancher/k3s/k3s.yaml install test-hivemq-platform-gamma /charts/hivemq-platform --wait --timeout 5m0s --set image.repository=docker.io/hivemq --set image.tag=4.36.0 --set image.pullPolicy=Never --set nodes.resources.cpu=512m --namespace customoperatornamespacesit-gamma --set nodes.replicaCount=1
2025-01-29 13:19:29,795 INFO c.h.h.t.HelmChartContainer - [hivemq-test-hivemq-platform] [hivemq-platform-operator] [0e088f31] 13:19:29.793 [pool-6-thread-5] DEBUG c.h.p.o.dependants.PodInfoConfigMap - [customop] Desired PodInfo ConfigMap (1 extensions) (1 enabled)
2025-01-29 13:19:29,795 INFO c.h.h.t.HelmChartContainer - [hivemq-test-hivemq-platform] [hivemq-platform-operator] [0e088f31] 13:19:29.794 [pool-6-thread-5] DEBUG c.h.p.o.dependants.PodInfoConfigMap - [customop] Desired PodInfo ConfigMap (metrics port: 9399) (metrics path: /)
2025-01-29 13:19:29,795 INFO c.h.h.t.HelmChartContainer - [hivemq-test-hivemq-platform] [hivemq-platform-operator] [0e088f31] 13:19:29.794 [pool-6-thread-5] DEBUG c.h.p.o.dependants.PodInfoConfigMap - [customop] Desired PodInfo ConfigMap (extension state hash: -1817474005)
2025-01-29 13:19:29,861 INFO c.h.h.t.HelmChartContainer - [hivemq-test-hivemq-platform] [hivemq-platform-operator] [0e088f31] 13:19:29.858 [pool-6-thread-6] DEBUG c.h.p.o.dependants.PodInfoConfigMap - [customop] Desired PodInfo ConfigMap (1 extensions) (1 enabled)
2025-01-29 13:19:29,861 INFO c.h.h.t.HelmChartContainer - [hivemq-test-hivemq-platform] [hivemq-platform-operator] [0e088f31] 13:19:29.858 [pool-6-thread-6] DEBUG c.h.p.o.dependants.PodInfoConfigMap - [customop] Desired PodInfo ConfigMap (metrics port: 9399) (metrics path: /)
2025-01-29 13:19:29,861 INFO c.h.h.t.HelmChartContainer - [hivemq-test-hivemq-platform] [hivemq-platform-operator] [0e088f31] 13:19:29.858 [pool-6-thread-6] DEBUG c.h.p.o.dependants.PodInfoConfigMap - [customop] Desired PodInfo ConfigMap (extension state hash: -1817474005)
2025-01-29 13:19:29,864 INFO c.h.h.t.HelmChartContainer - [hivemq-test-hivemq-platform] [hivemq-platform-operator] [0e088f31] 13:19:29.862 [pool-6-thread-6] DEBUG c.h.p.o.dependants.PodInfoConfigMap - [customop] Create PodInfo ConfigMap
2025-01-29 13:19:29,864 INFO c.h.h.t.HelmChartContainer - [hivemq-test-hivemq-platform] [hivemq-platform-operator] [0e088f31] 13:19:29.862 [pool-6-thread-5] DEBUG c.h.p.o.dependants.PodInfoConfigMap - [customop] Create PodInfo ConfigMap
2025-01-29 13:19:30,065 INFO c.h.h.t.HelmChartContainer - [hivemq-test-hivemq-platform] [hivemq-platform-operator] [0e088f31] 13:19:30.062 [pool-6-thread-9] DEBUG c.h.p.o.dependants.PodRoleResource - [customop] Create Role: Role(apiVersion=rbac.authorization.k8s.io/v1, kind=Role, metadata=ObjectMeta(annotations={meta.helm.sh/release-name=test-hivemq-platform-alpha, meta.helm.sh/release-namespace=customoperatornamespacesit-alpha}, creationTimestamp=null, deletionGracePeriodSeconds=null, deletionTimestamp=null, finalizers=[], generateName=null, generation=null, labels={helm.sh/chart=hivemq-platform-0.2.32, app.kubernetes.io/managed-by=Helm, app.kubernetes.io/name=hivemq-platform, hivemq-platform=test-hivemq-platform-alpha, app.kubernetes.io/instance=test-hivemq-platform-alpha, app.kubernetes.io/version=4.36.0}, managedFields=[], name=hivemq-platform-role-test-hivemq-platform-alpha, namespace=customoperatornamespacesit-alpha, ownerReferences=[OwnerReference(apiVersion=hivemq.com/v1, blockOwnerDeletion=null, controller=null, kind=HiveMQPlatform, name=test-hivemq-platform-alpha, uid=3ea4d27c-20cf-496d-b9f4-ddf843a6734c, additionalProperties={})], resourceVersion=null, selfLink=null, uid=null, additionalProperties={}), rules=[PolicyRule(apiGroups=[], nonResourceURLs=[], resourceNames=[], resources=[pods], verbs=[get, patch, update], additionalProperties={})], additionalProperties={})
2025-01-29 13:19:30,066 INFO c.h.h.t.HelmChartContainer - [hivemq-test-hivemq-platform] [hivemq-platform-operator] [0e088f31] 13:19:30.064 [pool-6-thread-11] DEBUG c.h.p.o.dependants.PodRoleResource - [customop] Create Role: Role(apiVersion=rbac.authorization.k8s.io/v1, kind=Role, metadata=ObjectMeta(annotations={meta.helm.sh/release-name=test-hivemq-platform-beta, meta.helm.sh/release-namespace=customoperatornamespacesit-beta}, creationTimestamp=null, deletionGracePeriodSeconds=null, deletionTimestamp=null, finalizers=[], generateName=null, generation=null, labels={helm.sh/chart=hivemq-platform-0.2.32, app.kubernetes.io/managed-by=Helm, app.kubernetes.io/name=hivemq-platform, hivemq-platform=test-hivemq-platform-beta, app.kubernetes.io/instance=test-hivemq-platform-beta, app.kubernetes.io/version=4.36.0}, managedFields=[], name=hivemq-platform-role-test-hivemq-platform-beta, namespace=customoperatornamespacesit-beta, ownerReferences=[OwnerReference(apiVersion=hivemq.com/v1, blockOwnerDeletion=null, controller=null, kind=HiveMQPlatform, name=test-hivemq-platform-beta, uid=a47d9af3-d0e7-4ba0-b2af-8579f2b28296, additionalProperties={})], resourceVersion=null, selfLink=null, uid=null, additionalProperties={}), rules=[PolicyRule(apiGroups=[], nonResourceURLs=[], resourceNames=[], resources=[pods], verbs=[get, patch, update], additionalProperties={})], additionalProperties={})
2025-01-29 13:19:30,262 INFO c.h.h.t.HelmChartContainer - [hivemq-test-hivemq-platform] [hivemq-platform-operator] [0e088f31] 13:19:30.259 [pool-6-thread-13] DEBUG c.h.p.o.d.PodServiceAccountResource - [customop] Desired PodServiceAccountResource (serviceAccountName: hivemq-platform-pod-test-hivemq-platform-alpha)
2025-01-29 13:19:30,264 INFO c.h.h.t.HelmChartContainer - [hivemq-test-hivemq-platform] [hivemq-platform-operator] [0e088f31] 13:19:30.259 [pool-6-thread-14] DEBUG c.h.p.o.d.PodServiceAccountResource - [customop] Desired PodServiceAccountResource (serviceAccountName: hivemq-platform-pod-test-hivemq-platform-beta)
2025-01-29 13:19:30,264 INFO c.h.h.t.HelmChartContainer - [hivemq-test-hivemq-platform] [hivemq-platform-operator] [0e088f31] 13:19:30.261 [pool-6-thread-13] DEBUG c.h.p.o.d.PodServiceAccountResource - [customop] Create ServiceAccount 'hivemq-platform-pod-test-hivemq-platform-alpha'
2025-01-29 13:19:30,287 INFO c.h.h.t.HelmChartContainer - [hivemq-test-hivemq-platform] [hivemq-platform-operator] [0e088f31] 13:19:30.261 [pool-6-thread-14] DEBUG c.h.p.o.d.PodServiceAccountResource - [customop] Create ServiceAccount 'hivemq-platform-pod-test-hivemq-platform-beta'
2025-01-29 13:19:30,461 INFO c.h.h.t.HelmChartContainer - [hivemq-test-hivemq-platform] [hivemq-platform-operator] [0e088f31] 13:19:30.459 [pool-6-thread-19] DEBUG c.h.p.o.d.PodRoleBindingResource - [customop] Create RoleBinding: RoleBinding(apiVersion=rbac.authorization.k8s.io/v1, kind=RoleBinding, metadata=ObjectMeta(annotations={meta.helm.sh/release-name=test-hivemq-platform-beta, meta.helm.sh/release-namespace=customoperatornamespacesit-beta}, creationTimestamp=null, deletionGracePeriodSeconds=null, deletionTimestamp=null, finalizers=[], generateName=null, generation=null, labels={helm.sh/chart=hivemq-platform-0.2.32, app.kubernetes.io/managed-by=Helm, app.kubernetes.io/name=hivemq-platform, hivemq-platform=test-hivemq-platform-beta, app.kubernetes.io/instance=test-hivemq-platform-beta, app.kubernetes.io/version=4.36.0}, managedFields=[], name=hivemq-platform-role-binding-test-hivemq-platform-beta, namespace=customoperatornamespacesit-beta, ownerReferences=[OwnerReference(apiVersion=hivemq.com/v1, blockOwnerDeletion=null, controller=null, kind=HiveMQPlatform, name=test-hivemq-platform-beta, uid=a47d9af3-d0e7-4ba0-b2af-8579f2b28296, additionalProperties={})], resourceVersion=null, selfLink=null, uid=null, additionalProperties={}), roleRef=RoleRef(apiGroup=rbac.authorization.k8s.io, kind=Role, name=hivemq-platform-role-test-hivemq-platform-beta, additionalProperties={}), subjects=[Subject(apiGroup=null, kind=ServiceAccount, name=hivemq-platform-pod-test-hivemq-platform-beta, namespace=customoperatornamespacesit-beta, additionalProperties={})], additionalProperties={})
2025-01-29 13:19:30,462 INFO c.h.h.t.HelmChartContainer - [hivemq-test-hivemq-platform] [hivemq-platform-operator] [0e088f31] 13:19:30.459 [pool-6-thread-20] DEBUG c.h.p.o.d.PodRoleBindingResource - [customop] Create RoleBinding: RoleBinding(apiVersion=rbac.authorization.k8s.io/v1, kind=RoleBinding, metadata=ObjectMeta(annotations={meta.helm.sh/release-name=test-hivemq-platform-alpha, meta.helm.sh/release-namespace=customoperatornamespacesit-alpha}, creationTimestamp=null, deletionGracePeriodSeconds=null, deletionTimestamp=null, finalizers=[], generateName=null, generation=null, labels={helm.sh/chart=hivemq-platform-0.2.32, app.kubernetes.io/managed-by=Helm, app.kubernetes.io/name=hivemq-platform, hivemq-platform=test-hivemq-platform-alpha, app.kubernetes.io/instance=test-hivemq-platform-alpha, app.kubernetes.io/version=4.36.0}, managedFields=[], name=hivemq-platform-role-binding-test-hivemq-platform-alpha, namespace=customoperatornamespacesit-alpha, ownerReferences=[OwnerReference(apiVersion=hivemq.com/v1, blockOwnerDeletion=null, controller=null, kind=HiveMQPlatform, name=test-hivemq-platform-alpha, uid=3ea4d27c-20cf-496d-b9f4-ddf843a6734c, additionalProperties={})], resourceVersion=null, selfLink=null, uid=null, additionalProperties={}), roleRef=RoleRef(apiGroup=rbac.authorization.k8s.io, kind=Role, name=hivemq-platform-role-test-hivemq-platform-alpha, additionalProperties={}), subjects=[Subject(apiGroup=null, kind=ServiceAccount, name=hivemq-platform-pod-test-hivemq-platform-alpha, namespace=customoperatornamespacesit-alpha, additionalProperties={})], additionalProperties={})
2025-01-29 13:19:30,562 INFO c.h.h.t.HelmChartContainer - [hivemq-test-hivemq-platform] [hivemq-platform-operator] [0e088f31] 13:19:30.560 [ReconcilerExecutor-hivemq-controller-60] INFO  c.h.p.o.HiveMQPlatformReconciler - [customop] Reconciling HiveMQ Platform 'test-hivemq-platform-beta' in namespace 'customoperatornamespacesit-beta'
2025-01-29 13:19:30,562 INFO c.h.h.t.HelmChartContainer - [hivemq-test-hivemq-platform] [hivemq-platform-operator] [0e088f31] 13:19:30.560 [ReconcilerExecutor-hivemq-controller-61] INFO  c.h.p.o.HiveMQPlatformReconciler - [customop] Reconciling HiveMQ Platform 'test-hivemq-platform-alpha' in namespace 'customoperatornamespacesit-alpha'
2025-01-29 13:19:30,562 INFO c.h.h.t.HelmChartContainer - [hivemq-test-hivemq-platform] [hivemq-platform-operator] [0e088f31] 13:19:30.561 [ReconcilerExecutor-hivemq-controller-61] DEBUG c.h.p.o.HiveMQPlatformReconciler - [customop] Custom Resource Status CREATED - HiveMQ Platform was created (READY)
2025-01-29 13:19:30,585 INFO c.h.h.t.HelmChartContainer - [hivemq-test-hivemq-platform] [hivemq-platform-operator] [0e088f31] 13:19:30.561 [ReconcilerExecutor-hivemq-controller-60] DEBUG c.h.p.o.HiveMQPlatformReconciler - [customop] Custom Resource Status CREATED - HiveMQ Platform was created (READY)
2025-01-29 13:19:30,586 INFO c.h.h.t.HelmChartContainer - [hivemq-test-hivemq-platform] [hivemq-platform-operator] [0e088f31] 13:19:30.585 [ReconcilerExecutor-hivemq-controller-60] DEBUG c.h.p.o.HiveMQPlatformReconciler - [customop] Custom Resource Spec (replicas: 1) (extensions: 1)
2025-01-29 13:19:30,586 INFO c.h.h.t.HelmChartContainer - [hivemq-test-hivemq-platform] [hivemq-platform-operator] [0e088f31] 13:19:30.585 [ReconcilerExecutor-hivemq-controller-61] DEBUG c.h.p.o.HiveMQPlatformReconciler - [customop] Custom Resource Spec (replicas: 1) (extensions: 1)
2025-01-29 13:19:30,592 INFO c.h.h.t.HelmChartContainer - [hivemq-test-hivemq-platform] [hivemq-platform-operator] [0e088f31] 13:19:30.589 [ReconcilerExecutor-hivemq-controller-61] INFO  c.h.p.o.h.HiveMQPlatformReconcilerBaseHandler - [customop] HiveMQ Platform is starting
2025-01-29 13:19:30,592 INFO c.h.h.t.HelmChartContainer - [hivemq-test-hivemq-platform] [hivemq-platform-operator] [0e088f31] 13:19:30.589 [ReconcilerExecutor-hivemq-controller-60] INFO  c.h.p.o.h.HiveMQPlatformReconcilerBaseHandler - [customop] HiveMQ Platform is starting
2025-01-29 13:19:30,787 INFO c.h.h.t.HelmChartContainer - [hivemq-test-hivemq-platform] [hivemq-platform-operator] [0e088f31] 13:19:30.785 [ReconcilerExecutor-hivemq-controller-61] DEBUG c.h.p.operator.event.EventSender - [customop] Creating K8s event hivemq-platform-starting: [Start] HiveMQ Platform is starting
2025-01-29 13:19:30,788 INFO c.h.h.t.HelmChartContainer - [hivemq-test-hivemq-platform] [hivemq-platform-operator] [0e088f31] 13:19:30.785 [ReconcilerExecutor-hivemq-controller-60] DEBUG c.h.p.operator.event.EventSender - [customop] Creating K8s event hivemq-platform-starting: [Start] HiveMQ Platform is starting
2025-01-29 13:19:30,864 INFO c.h.h.t.HelmChartContainer - [EVENT] Normal [Start] HiveMQ Platform is starting [customoperatornamespacesit-alpha:test-hivemq-platform-alpha]
2025-01-29 13:19:30,865 INFO c.h.h.t.HelmChartContainer - [EVENT] Normal [Start] HiveMQ Platform is starting [customoperatornamespacesit-beta:test-hivemq-platform-beta]
2025-01-29 13:19:30,888 INFO c.h.h.t.HelmChartContainer - [hivemq-test-hivemq-platform] [hivemq-platform-operator] [0e088f31] 13:19:30.887 [ReconcilerExecutor-hivemq-controller-60] INFO  c.h.p.o.h.AbstractHiveMQReconcilerStateHandler - [customop] Update HiveMQ Platform Status (CREATED [READY] -> STARTING [READY]): HiveMQ Platform is starting
2025-01-29 13:19:30,889 INFO c.h.h.t.HelmChartContainer - [hivemq-test-hivemq-platform] [hivemq-platform-operator] [0e088f31] 13:19:30.888 [ReconcilerExecutor-hivemq-controller-61] INFO  c.h.p.o.h.AbstractHiveMQReconcilerStateHandler - [customop] Update HiveMQ Platform Status (CREATED [READY] -> STARTING [READY]): HiveMQ Platform is starting
2025-01-29 13:19:30,967 DEBUG com.hivemq.helmcharts.util.K8sUtil - Comparing actual state 'STARTING' and waiting for 'RUNNING'
2025-01-29 13:19:40,992 INFO c.h.h.t.HelmChartContainer - [hivemq-test-hivemq-platform] [hivemq-platform-operator] [0e088f31] 13:19:40.990 [Timer-0] WARN  i.m.p.PrometheusMeterRegistry - The meter (MeterId{name='operator.sdk.events.received', tags=[tag(event=Event),tag(group=hivemq.com),tag(kind=HiveMQPlatform),tag(name=test-hivemq-platform-alpha),tag(namespace=customoperatornamespacesit-alpha),tag(scope=namespace),tag(version=v1)]}) registration has failed: Prometheus requires that all meters with the same name have the same set of tag keys. There is already an existing meter named 'operator.sdk.events.received' containing tag keys [action, event, group, kind, name, namespace, scope, version]. The meter you are attempting to register has keys [event, group, kind, name, namespace, scope, version]. Note that subsequent logs will be logged at debug level.
2025-01-29 13:19:40,998 INFO c.h.h.t.HelmChartContainer - [hivemq-test-hivemq-platform] [hivemq-platform-operator] [0e088f31] 13:19:40.996 [pool-6-thread-22] DEBUG c.h.p.o.d.PlatformServiceResource - [customop] Desired Platform services (3 services)
2025-01-29 13:19:41,001 INFO c.h.h.t.HelmChartContainer - [hivemq-test-hivemq-platform] [hivemq-platform-operator] [0e088f31] 13:19:41.000 [pool-6-thread-23] DEBUG c.h.p.o.dependants.PodInfoConfigMap - [customop] Desired PodInfo ConfigMap (1 extensions) (1 enabled)
2025-01-29 13:19:41,002 INFO c.h.h.t.HelmChartContainer - [hivemq-test-hivemq-platform] [hivemq-platform-operator] [0e088f31] 13:19:41.000 [pool-6-thread-23] DEBUG c.h.p.o.dependants.PodInfoConfigMap - [customop] Desired PodInfo ConfigMap (metrics port: 9399) (metrics path: /)
2025-01-29 13:19:41,004 INFO c.h.h.t.HelmChartContainer - [hivemq-test-hivemq-platform] [hivemq-platform-operator] [0e088f31] 13:19:41.001 [pool-6-thread-23] DEBUG c.h.p.o.dependants.PodInfoConfigMap - [customop] Desired PodInfo ConfigMap (extension state hash: -1817474005)
2025-01-29 13:19:41,004 INFO c.h.h.t.HelmChartContainer - [hivemq-test-hivemq-platform] [hivemq-platform-operator] [0e088f31] 13:19:41.003 [pool-6-thread-27] DEBUG c.h.p.o.d.PodServiceAccountResource - [customop] Desired PodServiceAccountResource (serviceAccountName: hivemq-platform-pod-test-hivemq-platform-alpha)
2025-01-29 13:19:41,089 INFO c.h.h.t.HelmChartContainer - [hivemq-test-hivemq-platform] [hivemq-platform-operator] [0e088f31] 13:19:41.086 [pool-6-thread-23] DEBUG c.h.p.o.dependants.PodInfoConfigMap - [customop] Update PodInfo ConfigMap
2025-01-29 13:19:41,094 INFO c.h.h.t.HelmChartContainer - [hivemq-test-hivemq-platform] [hivemq-platform-operator] [0e088f31] 13:19:41.093 [pool-6-thread-31] DEBUG c.h.p.o.d.PlatformServiceResource - [customop] Desired Platform services (3 services)
2025-01-29 13:19:41,097 INFO c.h.h.t.HelmChartContainer - [hivemq-test-hivemq-platform] [hivemq-platform-operator] [0e088f31] 13:19:41.095 [pool-6-thread-32] DEBUG c.h.p.o.dependants.PodInfoConfigMap - [customop] Desired PodInfo ConfigMap (1 extensions) (1 enabled)
2025-01-29 13:19:41,097 INFO c.h.h.t.HelmChartContainer - [hivemq-test-hivemq-platform] [hivemq-platform-operator] [0e088f31] 13:19:41.095 [pool-6-thread-32] DEBUG c.h.p.o.dependants.PodInfoConfigMap - [customop] Desired PodInfo ConfigMap (metrics port: 9399) (metrics path: /)
2025-01-29 13:19:41,098 INFO c.h.h.t.HelmChartContainer - [hivemq-test-hivemq-platform] [hivemq-platform-operator] [0e088f31] 13:19:41.096 [pool-6-thread-32] DEBUG c.h.p.o.dependants.PodInfoConfigMap - [customop] Desired PodInfo ConfigMap (extension state hash: -1817474005)
2025-01-29 13:19:41,099 INFO c.h.h.t.HelmChartContainer - [hivemq-test-hivemq-platform] [hivemq-platform-operator] [0e088f31] 13:19:41.098 [pool-6-thread-32] DEBUG c.h.p.o.dependants.PodInfoConfigMap - [customop] Update PodInfo ConfigMap
2025-01-29 13:19:41,102 INFO c.h.h.t.HelmChartContainer - [hivemq-test-hivemq-platform] [hivemq-platform-operator] [0e088f31] 13:19:41.101 [pool-6-thread-36] DEBUG c.h.p.o.d.PodServiceAccountResource - [customop] Desired PodServiceAccountResource (serviceAccountName: hivemq-platform-pod-test-hivemq-platform-beta)
2025-01-29 13:19:41,108 INFO c.h.h.t.HelmChartContainer - [K3S] [alloc.go:330] "allocated clusterIPs" service="customoperatornamespacesit-alpha/hivemq-test-hivemq-platform-alpha-mqtt-1883" clusterIPs={"IPv4":"10.43.160.87"}
2025-01-29 13:19:41,202 INFO c.h.h.t.HelmChartContainer - [K3S] [alloc.go:330] "allocated clusterIPs" service="customoperatornamespacesit-alpha/hivemq-test-hivemq-platform-alpha-cc-8080" clusterIPs={"IPv4":"10.43.45.187"}
2025-01-29 13:19:41,208 INFO c.h.h.t.HelmChartContainer - [K3S] [alloc.go:330] "allocated clusterIPs" service="customoperatornamespacesit-beta/hivemq-test-hivemq-platform-beta-cc-8080" clusterIPs={"IPv4":"10.43.119.221"}
2025-01-29 13:19:41,293 INFO c.h.h.t.HelmChartContainer - [K3S] [alloc.go:330] "allocated clusterIPs" service="customoperatornamespacesit-alpha/hivemq-test-hivemq-platform-alpha-metrics-9399" clusterIPs={"IPv4":"10.43.102.114"}
2025-01-29 13:19:41,304 INFO c.h.h.t.HelmChartContainer - [K3S] [alloc.go:330] "allocated clusterIPs" service="customoperatornamespacesit-beta/hivemq-test-hivemq-platform-beta-metrics-9399" clusterIPs={"IPv4":"10.43.36.129"}
2025-01-29 13:19:41,391 INFO c.h.h.t.HelmChartContainer - [hivemq-test-hivemq-platform] [hivemq-platform-operator] [0e088f31] 13:19:41.387 [pool-6-thread-39] DEBUG c.h.p.o.d.StatefulSetResource - [customop] Desired StatefulSet (1 replicas) for status STARTING (READY)
2025-01-29 13:19:41,393 INFO c.h.h.t.HelmChartContainer - [K3S] [alloc.go:330] "allocated clusterIPs" service="customoperatornamespacesit-beta/hivemq-test-hivemq-platform-beta-mqtt-1883" clusterIPs={"IPv4":"10.43.172.9"}
2025-01-29 13:19:41,488 INFO c.h.h.t.HelmChartContainer - [hivemq-test-hivemq-platform] [hivemq-platform-operator] [0e088f31] 13:19:41.486 [pool-6-thread-40] DEBUG c.h.p.o.d.StatefulSetResource - [customop] Desired StatefulSet (1 replicas) for status STARTING (READY)
2025-01-29 13:19:41,493 INFO c.h.h.t.HelmChartContainer - [hivemq-test-hivemq-platform] [hivemq-platform-operator] [0e088f31] 13:19:41.492 [pool-6-thread-40] DEBUG c.h.p.o.d.StatefulSetResource - [customop] Create StatefulSet
2025-01-29 13:19:41,493 INFO c.h.h.t.HelmChartContainer - [hivemq-test-hivemq-platform] [hivemq-platform-operator] [0e088f31] 13:19:41.492 [pool-6-thread-39] DEBUG c.h.p.o.d.StatefulSetResource - [customop] Create StatefulSet
2025-01-29 13:19:41,619 INFO c.h.h.t.HelmChartContainer - [POD] test-hivemq-platform-alpha-0 [895d87d7-f14c-47e1-94a7-5b93bad89030] in customoperatornamespacesit-alpha was ADDED
2025-01-29 13:19:41,625 INFO c.h.h.t.HelmChartContainer - [EVENT] Normal [SuccessfulCreate] create Pod test-hivemq-platform-alpha-0 in StatefulSet test-hivemq-platform-alpha successful [customoperatornamespacesit-alpha:test-hivemq-platform-alpha]
2025-01-29 13:19:41,630 INFO c.h.h.t.HelmChartContainer - [POD] test-hivemq-platform-beta-0 [357680fc-954c-4fd0-8a38-cc17b1f9058c] in customoperatornamespacesit-beta was ADDED
2025-01-29 13:19:41,636 INFO c.h.h.t.HelmChartContainer - [POD] test-hivemq-platform-alpha-0 [895d87d7-f14c-47e1-94a7-5b93bad89030] in customoperatornamespacesit-alpha was MODIFIED
2025-01-29 13:19:41,638 INFO c.h.h.t.HelmChartContainer - [EVENT] Normal [SuccessfulCreate] create Pod test-hivemq-platform-beta-0 in StatefulSet test-hivemq-platform-beta successful [customoperatornamespacesit-beta:test-hivemq-platform-beta]
2025-01-29 13:19:41,642 INFO c.h.h.t.HelmChartContainer - [POD] test-hivemq-platform-beta-0 [357680fc-954c-4fd0-8a38-cc17b1f9058c] in customoperatornamespacesit-beta was MODIFIED
2025-01-29 13:19:41,645 INFO c.h.h.t.HelmChartContainer - [EVENT] Normal [Scheduled] Successfully assigned customoperatornamespacesit-alpha/test-hivemq-platform-alpha-0 to 4b5e7665a766 [customoperatornamespacesit-alpha:test-hivemq-platform-alpha-0]
2025-01-29 13:19:41,658 INFO c.h.h.t.HelmChartContainer - [EVENT] Normal [Scheduled] Successfully assigned customoperatornamespacesit-beta/test-hivemq-platform-beta-0 to 4b5e7665a766 [customoperatornamespacesit-beta:test-hivemq-platform-beta-0]
2025-01-29 13:19:41,671 INFO c.h.h.t.HelmChartContainer - [POD] test-hivemq-platform-alpha-0 [895d87d7-f14c-47e1-94a7-5b93bad89030] in customoperatornamespacesit-alpha was MODIFIED
2025-01-29 13:19:41,692 INFO c.h.h.t.HelmChartContainer - [POD] test-hivemq-platform-beta-0 [357680fc-954c-4fd0-8a38-cc17b1f9058c] in customoperatornamespacesit-beta was MODIFIED
2025-01-29 13:19:41,697 INFO c.h.h.t.HelmChartContainer - [hivemq-test-hivemq-platform] [hivemq-platform-operator] [0e088f31] 13:19:41.686 [ReconcilerExecutor-hivemq-controller-92] INFO  c.h.p.o.HiveMQPlatformReconciler - [customop] Reconciling HiveMQ Platform 'test-hivemq-platform-beta' in namespace 'customoperatornamespacesit-beta'
2025-01-29 13:19:41,697 INFO c.h.h.t.HelmChartContainer - [hivemq-test-hivemq-platform] [hivemq-platform-operator] [0e088f31] 13:19:41.687 [ReconcilerExecutor-hivemq-controller-92] DEBUG c.h.p.o.HiveMQPlatformReconciler - [customop] Custom Resource Status STARTING - HiveMQ Platform is starting (READY)
2025-01-29 13:19:41,697 INFO c.h.h.t.HelmChartContainer - [hivemq-test-hivemq-platform] [hivemq-platform-operator] [0e088f31] 13:19:41.687 [ReconcilerExecutor-hivemq-controller-92] DEBUG c.h.p.o.HiveMQPlatformReconciler - [customop] Custom Resource Spec (replicas: 1) (extensions: 1)
2025-01-29 13:19:41,697 INFO c.h.h.t.HelmChartContainer - [hivemq-test-hivemq-platform] [hivemq-platform-operator] [0e088f31] 13:19:41.692 [ReconcilerExecutor-hivemq-controller-82] INFO  c.h.p.o.HiveMQPlatformReconciler - [customop] Reconciling HiveMQ Platform 'test-hivemq-platform-alpha' in namespace 'customoperatornamespacesit-alpha'
2025-01-29 13:19:41,697 INFO c.h.h.t.HelmChartContainer - [hivemq-test-hivemq-platform] [hivemq-platform-operator] [0e088f31] 13:19:41.693 [ReconcilerExecutor-hivemq-controller-82] DEBUG c.h.p.o.HiveMQPlatformReconciler - [customop] Custom Resource Status STARTING - HiveMQ Platform is starting (READY)
2025-01-29 13:19:41,697 INFO c.h.h.t.HelmChartContainer - [hivemq-test-hivemq-platform] [hivemq-platform-operator] [0e088f31] 13:19:41.693 [ReconcilerExecutor-hivemq-controller-82] DEBUG c.h.p.o.HiveMQPlatformReconciler - [customop] Custom Resource Spec (replicas: 1) (extensions: 1)
2025-01-29 13:19:41,715 INFO c.h.h.t.HelmChartContainer - [hivemq-test-hivemq-platform] [hivemq-platform-operator] [0e088f31] 13:19:41.701 [ReconcilerExecutor-hivemq-controller-82] DEBUG c.h.p.o.HiveMQPlatformReconciler - [customop] StatefulSet Status (revision: null, replicas: 0, available: 0, ready: 0, current: 0, updated: 0)
2025-01-29 13:19:41,715 INFO c.h.h.t.HelmChartContainer - [hivemq-test-hivemq-platform] [hivemq-platform-operator] [0e088f31] 13:19:41.701 [ReconcilerExecutor-hivemq-controller-82] DEBUG c.h.p.o.HiveMQPlatformReconciler - [customop] StatefulSet Spec (replicas: 1, init containers: 1, containers: 1, volumes: 3)
2025-01-29 13:19:41,715 INFO c.h.h.t.HelmChartContainer - [hivemq-test-hivemq-platform] [hivemq-platform-operator] [0e088f31] 13:19:41.701 [ReconcilerExecutor-hivemq-controller-92] DEBUG c.h.p.o.HiveMQPlatformReconciler - [customop] StatefulSet Status (revision: null, replicas: 0, available: 0, ready: 0, current: 0, updated: 0)
2025-01-29 13:19:41,715 INFO c.h.h.t.HelmChartContainer - [hivemq-test-hivemq-platform] [hivemq-platform-operator] [0e088f31] 13:19:41.702 [ReconcilerExecutor-hivemq-controller-92] DEBUG c.h.p.o.HiveMQPlatformReconciler - [customop] StatefulSet Spec (replicas: 1, init containers: 1, containers: 1, volumes: 3)
2025-01-29 13:19:41,755 INFO c.h.h.t.HelmChartContainer - [K3S] [reconciler_common.go:251] "operationExecutor.VerifyControllerAttachedVolume started for volume \"pod-info\" (UniqueName: \"kubernetes.io/configmap/895d87d7-f14c-47e1-94a7-5b93bad89030-pod-info\") pod \"test-hivemq-platform-alpha-0\" (UID: \"895d87d7-f14c-47e1-94a7-5b93bad89030\") " pod="customoperatornamespacesit-alpha/test-hivemq-platform-alpha-0"
2025-01-29 13:19:41,755 INFO c.h.h.t.HelmChartContainer - [K3S] [reconciler_common.go:251] "operationExecutor.VerifyControllerAttachedVolume started for volume \"broker-configuration\" (UniqueName: \"kubernetes.io/configmap/895d87d7-f14c-47e1-94a7-5b93bad89030-broker-configuration\") pod \"test-hivemq-platform-alpha-0\" (UID: \"895d87d7-f14c-47e1-94a7-5b93bad89030\") " pod="customoperatornamespacesit-alpha/test-hivemq-platform-alpha-0"
2025-01-29 13:19:41,755 INFO c.h.h.t.HelmChartContainer - [K3S] [reconciler_common.go:251] "operationExecutor.VerifyControllerAttachedVolume started for volume \"pod-info\" (UniqueName: \"kubernetes.io/configmap/357680fc-954c-4fd0-8a38-cc17b1f9058c-pod-info\") pod \"test-hivemq-platform-beta-0\" (UID: \"357680fc-954c-4fd0-8a38-cc17b1f9058c\") " pod="customoperatornamespacesit-beta/test-hivemq-platform-beta-0"
2025-01-29 13:19:41,756 INFO c.h.h.t.HelmChartContainer - [K3S] [reconciler_common.go:251] "operationExecutor.VerifyControllerAttachedVolume started for volume \"kube-api-access-445d4\" (UniqueName: \"kubernetes.io/projected/895d87d7-f14c-47e1-94a7-5b93bad89030-kube-api-access-445d4\") pod \"test-hivemq-platform-alpha-0\" (UID: \"895d87d7-f14c-47e1-94a7-5b93bad89030\") " pod="customoperatornamespacesit-alpha/test-hivemq-platform-alpha-0"
2025-01-29 13:19:41,756 INFO c.h.h.t.HelmChartContainer - [K3S] [reconciler_common.go:251] "operationExecutor.VerifyControllerAttachedVolume started for volume \"operator-init\" (UniqueName: \"kubernetes.io/empty-dir/357680fc-954c-4fd0-8a38-cc17b1f9058c-operator-init\") pod \"test-hivemq-platform-beta-0\" (UID: \"357680fc-954c-4fd0-8a38-cc17b1f9058c\") " pod="customoperatornamespacesit-beta/test-hivemq-platform-beta-0"
2025-01-29 13:19:41,756 INFO c.h.h.t.HelmChartContainer - [K3S] [reconciler_common.go:251] "operationExecutor.VerifyControllerAttachedVolume started for volume \"kube-api-access-px9d9\" (UniqueName: \"kubernetes.io/projected/357680fc-954c-4fd0-8a38-cc17b1f9058c-kube-api-access-px9d9\") pod \"test-hivemq-platform-beta-0\" (UID: \"357680fc-954c-4fd0-8a38-cc17b1f9058c\") " pod="customoperatornamespacesit-beta/test-hivemq-platform-beta-0"
2025-01-29 13:19:41,756 INFO c.h.h.t.HelmChartContainer - [K3S] [reconciler_common.go:251] "operationExecutor.VerifyControllerAttachedVolume started for volume \"operator-init\" (UniqueName: \"kubernetes.io/empty-dir/895d87d7-f14c-47e1-94a7-5b93bad89030-operator-init\") pod \"test-hivemq-platform-alpha-0\" (UID: \"895d87d7-f14c-47e1-94a7-5b93bad89030\") " pod="customoperatornamespacesit-alpha/test-hivemq-platform-alpha-0"
2025-01-29 13:19:41,756 INFO c.h.h.t.HelmChartContainer - [K3S] [reconciler_common.go:251] "operationExecutor.VerifyControllerAttachedVolume started for volume \"broker-configuration\" (UniqueName: \"kubernetes.io/configmap/357680fc-954c-4fd0-8a38-cc17b1f9058c-broker-configuration\") pod \"test-hivemq-platform-beta-0\" (UID: \"357680fc-954c-4fd0-8a38-cc17b1f9058c\") " pod="customoperatornamespacesit-beta/test-hivemq-platform-beta-0"
2025-01-29 13:19:41,797 INFO c.h.h.t.HelmChartContainer - [hivemq-test-hivemq-platform] [hivemq-platform-operator] [0e088f31] 13:19:41.795 [ReconcilerExecutor-hivemq-controller-82] DEBUG c.h.p.o.h.HiveMQPlatformReconcilerErrorHandler - [customop] Pod 'test-hivemq-platform-alpha-0' phase Pending
2025-01-29 13:19:41,799 INFO c.h.h.t.HelmChartContainer - [hivemq-test-hivemq-platform] [hivemq-platform-operator] [0e088f31] 13:19:41.798 [ReconcilerExecutor-hivemq-controller-82] DEBUG c.h.p.o.h.HiveMQPlatformReconcilerErrorHandler - [customop] Pod 'test-hivemq-platform-alpha-0' condition 'PodScheduled': True
2025-01-29 13:19:41,889 INFO c.h.h.t.HelmChartContainer - [hivemq-test-hivemq-platform] [hivemq-platform-operator] [0e088f31] 13:19:41.885 [ReconcilerExecutor-hivemq-controller-92] DEBUG c.h.p.o.h.HiveMQPlatformReconcilerErrorHandler - [customop] Pod 'test-hivemq-platform-beta-0' phase Pending
2025-01-29 13:19:41,889 INFO c.h.h.t.HelmChartContainer - [hivemq-test-hivemq-platform] [hivemq-platform-operator] [0e088f31] 13:19:41.885 [ReconcilerExecutor-hivemq-controller-92] DEBUG c.h.p.o.h.HiveMQPlatformReconcilerErrorHandler - [customop] Pod 'test-hivemq-platform-beta-0' condition 'PodReadyToStartContainers': False
2025-01-29 13:19:41,889 INFO c.h.h.t.HelmChartContainer - [hivemq-test-hivemq-platform] [hivemq-platform-operator] [0e088f31] 13:19:41.885 [ReconcilerExecutor-hivemq-controller-92] DEBUG c.h.p.o.h.HiveMQPlatformReconcilerErrorHandler - [customop] Pod 'test-hivemq-platform-beta-0' condition 'Initialized': False
2025-01-29 13:19:41,889 INFO c.h.h.t.HelmChartContainer - [hivemq-test-hivemq-platform] [hivemq-platform-operator] [0e088f31] 13:19:41.885 [ReconcilerExecutor-hivemq-controller-92] DEBUG c.h.p.o.h.HiveMQPlatformReconcilerErrorHandler - [customop] Pod 'test-hivemq-platform-beta-0' condition 'Ready': False
2025-01-29 13:19:41,889 INFO c.h.h.t.HelmChartContainer - [hivemq-test-hivemq-platform] [hivemq-platform-operator] [0e088f31] 13:19:41.886 [ReconcilerExecutor-hivemq-controller-92] DEBUG c.h.p.o.h.HiveMQPlatformReconcilerErrorHandler - [customop] Pod 'test-hivemq-platform-beta-0' condition 'ContainersReady': False
2025-01-29 13:19:41,889 INFO c.h.h.t.HelmChartContainer - [hivemq-test-hivemq-platform] [hivemq-platform-operator] [0e088f31] 13:19:41.886 [ReconcilerExecutor-hivemq-controller-92] DEBUG c.h.p.o.h.HiveMQPlatformReconcilerErrorHandler - [customop] Pod 'test-hivemq-platform-beta-0' condition 'PodScheduled': True
2025-01-29 13:19:41,889 INFO c.h.h.t.HelmChartContainer - [hivemq-test-hivemq-platform] [hivemq-platform-operator] [0e088f31] 13:19:41.886 [ReconcilerExecutor-hivemq-controller-82] INFO  c.h.p.o.h.HiveMQPlatformReconcilerBaseHandler - [customop] HiveMQ Platform is starting, 0 of 1 replicas are ready
2025-01-29 13:19:41,889 INFO c.h.h.t.HelmChartContainer - [hivemq-test-hivemq-platform] [hivemq-platform-operator] [0e088f31] 13:19:41.886 [ReconcilerExecutor-hivemq-controller-92] DEBUG c.h.p.o.h.HiveMQPlatformReconcilerErrorHandler - [customop] Pod 'test-hivemq-platform-beta-0' containerStatus 'hivemq' (started: false) (ready: false) (waiting: [PodInitializing] null)
2025-01-29 13:19:41,890 INFO c.h.h.t.HelmChartContainer - [hivemq-test-hivemq-platform] [hivemq-platform-operator] [0e088f31] 13:19:41.888 [ReconcilerExecutor-hivemq-controller-92] INFO  c.h.p.o.h.HiveMQPlatformReconcilerBaseHandler - [customop] HiveMQ Platform is starting, 0 of 1 replicas are ready
2025-01-29 13:19:41,903 INFO c.h.h.t.HelmChartContainer - [hivemq-test-hivemq-platform] [hivemq-platform-operator] [0e088f31] 13:19:41.897 [pool-6-thread-43] DEBUG c.h.p.o.d.PlatformServiceResource - [customop] Desired Platform services (3 services)
2025-01-29 13:19:41,905 INFO c.h.h.t.HelmChartContainer - [hivemq-test-hivemq-platform] [hivemq-platform-operator] [0e088f31] 13:19:41.905 [pool-6-thread-44] DEBUG c.h.p.o.d.PlatformServiceResource - [customop] Desired Platform services (3 services)
2025-01-29 13:19:41,988 INFO c.h.h.t.HelmChartContainer - [hivemq-test-hivemq-platform] [hivemq-platform-operator] [0e088f31] 13:19:41.985 [pool-6-thread-45] DEBUG c.h.p.o.dependants.PodInfoConfigMap - [customop] Desired PodInfo ConfigMap (1 extensions) (1 enabled)
2025-01-29 13:19:41,988 INFO c.h.h.t.HelmChartContainer - [hivemq-test-hivemq-platform] [hivemq-platform-operator] [0e088f31] 13:19:41.985 [pool-6-thread-45] DEBUG c.h.p.o.dependants.PodInfoConfigMap - [customop] Desired PodInfo ConfigMap (metrics port: 9399) (metrics path: /)
2025-01-29 13:19:41,988 INFO c.h.h.t.HelmChartContainer - [hivemq-test-hivemq-platform] [hivemq-platform-operator] [0e088f31] 13:19:41.985 [pool-6-thread-45] DEBUG c.h.p.o.dependants.PodInfoConfigMap - [customop] Desired PodInfo ConfigMap (extension state hash: -1817474005)
2025-01-29 13:19:41,994 INFO c.h.h.t.HelmChartContainer - [hivemq-test-hivemq-platform] [hivemq-platform-operator] [0e088f31] 13:19:41.988 [pool-6-thread-46] DEBUG c.h.p.o.dependants.PodInfoConfigMap - [customop] Desired PodInfo ConfigMap (1 extensions) (1 enabled)
2025-01-29 13:19:41,994 INFO c.h.h.t.HelmChartContainer - [hivemq-test-hivemq-platform] [hivemq-platform-operator] [0e088f31] 13:19:41.989 [pool-6-thread-46] DEBUG c.h.p.o.dependants.PodInfoConfigMap - [customop] Desired PodInfo ConfigMap (metrics port: 9399) (metrics path: /)
2025-01-29 13:19:41,996 INFO c.h.h.t.HelmChartContainer - [hivemq-test-hivemq-platform] [hivemq-platform-operator] [0e088f31] 13:19:41.989 [pool-6-thread-46] DEBUG c.h.p.o.dependants.PodInfoConfigMap - [customop] Desired PodInfo ConfigMap (extension state hash: -1817474005)
2025-01-29 13:19:42,004 INFO c.h.h.t.HelmChartContainer - [hivemq-test-hivemq-platform] [hivemq-platform-operator] [0e088f31] 13:19:42.003 [pool-6-thread-43] DEBUG c.h.p.o.d.PodServiceAccountResource - [customop] Desired PodServiceAccountResource (serviceAccountName: hivemq-platform-pod-test-hivemq-platform-beta)
2025-01-29 13:19:42,006 INFO c.h.h.t.HelmChartContainer - [hivemq-test-hivemq-platform] [hivemq-platform-operator] [0e088f31] 13:19:42.003 [pool-6-thread-12] DEBUG c.h.p.o.d.PodServiceAccountResource - [customop] Desired PodServiceAccountResource (serviceAccountName: hivemq-platform-pod-test-hivemq-platform-alpha)
2025-01-29 13:19:42,045 INFO c.h.h.t.HelmChartContainer - [EVENT] Normal [Pulled] Container image "docker.io/hivemq/hivemq-platform-operator-init-test:snapshot" already present on machine [customoperatornamespacesit-alpha:test-hivemq-platform-alpha-0]
2025-01-29 13:19:42,057 INFO c.h.h.t.HelmChartContainer - [EVENT] Normal [Created] Created container: hivemq-platform-operator-init [customoperatornamespacesit-alpha:test-hivemq-platform-alpha-0]
2025-01-29 13:19:42,061 INFO c.h.h.t.HelmChartContainer - [EVENT] Normal [Pulled] Container image "docker.io/hivemq/hivemq-platform-operator-init-test:snapshot" already present on machine [customoperatornamespacesit-beta:test-hivemq-platform-beta-0]
2025-01-29 13:19:42,071 INFO c.h.h.t.HelmChartContainer - [EVENT] Normal [Created] Created container: hivemq-platform-operator-init [customoperatornamespacesit-beta:test-hivemq-platform-beta-0]
2025-01-29 13:19:42,094 INFO c.h.h.t.HelmChartContainer - [hivemq-test-hivemq-platform] [hivemq-platform-operator] [0e088f31] 13:19:42.089 [pool-6-thread-49] DEBUG c.h.p.o.d.StatefulSetResource - [customop] Desired StatefulSet (1 replicas) for status STARTING (READY)
2025-01-29 13:19:42,095 INFO c.h.h.t.HelmChartContainer - [hivemq-test-hivemq-platform] [hivemq-platform-operator] [0e088f31] 13:19:42.090 [pool-6-thread-48] DEBUG c.h.p.o.d.StatefulSetResource - [customop] Desired StatefulSet (1 replicas) for status STARTING (READY)
2025-01-29 13:19:42,102 INFO c.h.h.t.HelmChartContainer - [hivemq-test-hivemq-platform] [hivemq-platform-operator] [0e088f31] 13:19:42.101 [ReconcilerExecutor-hivemq-controller-106] INFO  c.h.p.o.HiveMQPlatformReconciler - [customop] Reconciling HiveMQ Platform 'test-hivemq-platform-beta' in namespace 'customoperatornamespacesit-beta'
2025-01-29 13:19:42,107 INFO c.h.h.t.HelmChartContainer - [hivemq-test-hivemq-platform] [hivemq-platform-operator] [0e088f31] 13:19:42.101 [ReconcilerExecutor-hivemq-controller-106] DEBUG c.h.p.o.HiveMQPlatformReconciler - [customop] Custom Resource Status STARTING - HiveMQ Platform is starting (READY)
2025-01-29 13:19:42,109 INFO c.h.h.t.HelmChartContainer - [hivemq-test-hivemq-platform] [hivemq-platform-operator] [0e088f31] 13:19:42.101 [ReconcilerExecutor-hivemq-controller-106] DEBUG c.h.p.o.HiveMQPlatformReconciler - [customop] Custom Resource Spec (replicas: 1) (extensions: 1)
2025-01-29 13:19:42,119 INFO c.h.h.t.HelmChartContainer - [EVENT] Normal [Started] Started container hivemq-platform-operator-init [customoperatornamespacesit-alpha:test-hivemq-platform-alpha-0]
2025-01-29 13:19:42,124 INFO c.h.h.t.HelmChartContainer - [EVENT] Normal [Started] Started container hivemq-platform-operator-init [customoperatornamespacesit-beta:test-hivemq-platform-beta-0]
2025-01-29 13:19:42,191 INFO c.h.h.t.HelmChartContainer - [hivemq-test-hivemq-platform] [hivemq-platform-operator] [0e088f31] 13:19:42.185 [ReconcilerExecutor-hivemq-controller-106] DEBUG c.h.p.o.HiveMQPlatformReconciler - [customop] StatefulSet Status (revision: test-hivemq-platform-beta-68c75dbff9, replicas: 1, available: 0, ready: 0, current: 1, updated: 1)
2025-01-29 13:19:42,191 INFO c.h.h.t.HelmChartContainer - [hivemq-test-hivemq-platform] [hivemq-platform-operator] [0e088f31] 13:19:42.185 [ReconcilerExecutor-hivemq-controller-106] DEBUG c.h.p.o.HiveMQPlatformReconciler - [customop] StatefulSet Spec (replicas: 1, init containers: 1, containers: 1, volumes: 3)
2025-01-29 13:19:42,191 INFO c.h.h.t.HelmChartContainer - [hivemq-test-hivemq-platform] [hivemq-platform-operator] [0e088f31] 13:19:42.185 [ReconcilerExecutor-hivemq-controller-107] INFO  c.h.p.o.HiveMQPlatformReconciler - [customop] Reconciling HiveMQ Platform 'test-hivemq-platform-alpha' in namespace 'customoperatornamespacesit-alpha'
2025-01-29 13:19:42,191 INFO c.h.h.t.HelmChartContainer - [hivemq-test-hivemq-platform] [hivemq-platform-operator] [0e088f31] 13:19:42.186 [ReconcilerExecutor-hivemq-controller-107] DEBUG c.h.p.o.HiveMQPlatformReconciler - [customop] Custom Resource Status STARTING - HiveMQ Platform is starting (READY)
2025-01-29 13:19:42,191 INFO c.h.h.t.HelmChartContainer - [hivemq-test-hivemq-platform] [hivemq-platform-operator] [0e088f31] 13:19:42.186 [ReconcilerExecutor-hivemq-controller-107] DEBUG c.h.p.o.HiveMQPlatformReconciler - [customop] Custom Resource Spec (replicas: 1) (extensions: 1)
2025-01-29 13:19:42,192 INFO c.h.h.t.HelmChartContainer - [hivemq-test-hivemq-platform] [hivemq-platform-operator] [0e088f31] 13:19:42.188 [ReconcilerExecutor-hivemq-controller-107] DEBUG c.h.p.o.HiveMQPlatformReconciler - [customop] StatefulSet Status (revision: test-hivemq-platform-alpha-5bcd5cb867, replicas: 1, available: 0, ready: 0, current: 1, updated: 1)
2025-01-29 13:19:42,192 INFO c.h.h.t.HelmChartContainer - [hivemq-test-hivemq-platform] [hivemq-platform-operator] [0e088f31] 13:19:42.188 [ReconcilerExecutor-hivemq-controller-107] DEBUG c.h.p.o.HiveMQPlatformReconciler - [customop] StatefulSet Spec (replicas: 1, init containers: 1, containers: 1, volumes: 3)
2025-01-29 13:19:42,192 INFO c.h.h.t.HelmChartContainer - [hivemq-test-hivemq-platform] [hivemq-platform-operator] [0e088f31] 13:19:42.189 [ReconcilerExecutor-hivemq-controller-107] DEBUG c.h.p.o.h.HiveMQPlatformReconcilerErrorHandler - [customop] Pod 'test-hivemq-platform-alpha-0' phase Pending
2025-01-29 13:19:42,192 INFO c.h.h.t.HelmChartContainer - [hivemq-test-hivemq-platform] [hivemq-platform-operator] [0e088f31] 13:19:42.190 [ReconcilerExecutor-hivemq-controller-107] DEBUG c.h.p.o.h.HiveMQPlatformReconcilerErrorHandler - [customop] Pod 'test-hivemq-platform-alpha-0' condition 'PodReadyToStartContainers': False
2025-01-29 13:19:42,192 INFO c.h.h.t.HelmChartContainer - [hivemq-test-hivemq-platform] [hivemq-platform-operator] [0e088f31] 13:19:42.190 [ReconcilerExecutor-hivemq-controller-107] DEBUG c.h.p.o.h.HiveMQPlatformReconcilerErrorHandler - [customop] Pod 'test-hivemq-platform-alpha-0' condition 'Initialized': False
2025-01-29 13:19:42,194 INFO c.h.h.t.HelmChartContainer - [hivemq-test-hivemq-platform] [hivemq-platform-operator] [0e088f31] 13:19:42.187 [ReconcilerExecutor-hivemq-controller-106] DEBUG c.h.p.o.h.HiveMQPlatformReconcilerErrorHandler - [customop] Pod 'test-hivemq-platform-beta-0' phase Pending
2025-01-29 13:19:42,195 INFO c.h.h.t.HelmChartContainer - [hivemq-test-hivemq-platform] [hivemq-platform-operator] [0e088f31] 13:19:42.192 [ReconcilerExecutor-hivemq-controller-106] DEBUG c.h.p.o.h.HiveMQPlatformReconcilerErrorHandler - [customop] Pod 'test-hivemq-platform-beta-0' condition 'PodReadyToStartContainers': False
2025-01-29 13:19:42,195 INFO c.h.h.t.HelmChartContainer - [hivemq-test-hivemq-platform] [hivemq-platform-operator] [0e088f31] 13:19:42.192 [ReconcilerExecutor-hivemq-controller-106] DEBUG c.h.p.o.h.HiveMQPlatformReconcilerErrorHandler - [customop] Pod 'test-hivemq-platform-beta-0' condition 'Initialized': False
2025-01-29 13:19:42,195 INFO c.h.h.t.HelmChartContainer - [hivemq-test-hivemq-platform] [hivemq-platform-operator] [0e088f31] 13:19:42.192 [ReconcilerExecutor-hivemq-controller-106] DEBUG c.h.p.o.h.HiveMQPlatformReconcilerErrorHandler - [customop] Pod 'test-hivemq-platform-beta-0' condition 'Ready': False
2025-01-29 13:19:42,195 INFO c.h.h.t.HelmChartContainer - [hivemq-test-hivemq-platform] [hivemq-platform-operator] [0e088f31] 13:19:42.192 [ReconcilerExecutor-hivemq-controller-106] DEBUG c.h.p.o.h.HiveMQPlatformReconcilerErrorHandler - [customop] Pod 'test-hivemq-platform-beta-0' condition 'ContainersReady': False
2025-01-29 13:19:42,195 INFO c.h.h.t.HelmChartContainer - [hivemq-test-hivemq-platform] [hivemq-platform-operator] [0e088f31] 13:19:42.192 [ReconcilerExecutor-hivemq-controller-106] DEBUG c.h.p.o.h.HiveMQPlatformReconcilerErrorHandler - [customop] Pod 'test-hivemq-platform-beta-0' condition 'PodScheduled': True
2025-01-29 13:19:42,195 INFO c.h.h.t.HelmChartContainer - [hivemq-test-hivemq-platform] [hivemq-platform-operator] [0e088f31] 13:19:42.192 [ReconcilerExecutor-hivemq-controller-106] DEBUG c.h.p.o.h.HiveMQPlatformReconcilerErrorHandler - [customop] Pod 'test-hivemq-platform-beta-0' containerStatus 'hivemq' (started: false) (ready: false) (waiting: [PodInitializing] null)
2025-01-29 13:19:42,196 INFO c.h.h.t.HelmChartContainer - [hivemq-test-hivemq-platform] [hivemq-platform-operator] [0e088f31] 13:19:42.190 [ReconcilerExecutor-hivemq-controller-107] DEBUG c.h.p.o.h.HiveMQPlatformReconcilerErrorHandler - [customop] Pod 'test-hivemq-platform-alpha-0' condition 'Ready': False
2025-01-29 13:19:42,197 INFO c.h.h.t.HelmChartContainer - [hivemq-test-hivemq-platform] [hivemq-platform-operator] [0e088f31] 13:19:42.192 [ReconcilerExecutor-hivemq-controller-107] DEBUG c.h.p.o.h.HiveMQPlatformReconcilerErrorHandler - [customop] Pod 'test-hivemq-platform-alpha-0' condition 'ContainersReady': False
2025-01-29 13:19:42,197 INFO c.h.h.t.HelmChartContainer - [hivemq-test-hivemq-platform] [hivemq-platform-operator] [0e088f31] 13:19:42.192 [ReconcilerExecutor-hivemq-controller-107] DEBUG c.h.p.o.h.HiveMQPlatformReconcilerErrorHandler - [customop] Pod 'test-hivemq-platform-alpha-0' condition 'PodScheduled': True
2025-01-29 13:19:42,197 INFO c.h.h.t.HelmChartContainer - [hivemq-test-hivemq-platform] [hivemq-platform-operator] [0e088f31] 13:19:42.193 [ReconcilerExecutor-hivemq-controller-107] DEBUG c.h.p.o.h.HiveMQPlatformReconcilerErrorHandler - [customop] Pod 'test-hivemq-platform-alpha-0' containerStatus 'hivemq' (started: false) (ready: false) (waiting: [PodInitializing] null)
2025-01-29 13:19:42,198 INFO c.h.h.t.HelmChartContainer - [hivemq-test-hivemq-platform] [hivemq-platform-operator] [0e088f31] 13:19:42.193 [ReconcilerExecutor-hivemq-controller-107] INFO  c.h.p.o.h.HiveMQPlatformReconcilerBaseHandler - [customop] HiveMQ Platform is starting, 0 of 1 replicas are ready
2025-01-29 13:19:42,200 INFO c.h.h.t.HelmChartContainer - [hivemq-test-hivemq-platform] [hivemq-platform-operator] [0e088f31] 13:19:42.195 [ReconcilerExecutor-hivemq-controller-106] INFO  c.h.p.o.h.HiveMQPlatformReconcilerBaseHandler - [customop] HiveMQ Platform is starting, 0 of 1 replicas are ready
2025-01-29 13:19:42,205 INFO c.h.h.t.HelmChartContainer - [hivemq-test-hivemq-platform] [hivemq-platform-operator] [0e088f31] 13:19:42.202 [pool-6-thread-17] DEBUG c.h.p.o.d.PlatformServiceResource - [customop] Desired Platform services (3 services)
2025-01-29 13:19:42,209 INFO c.h.h.t.HelmChartContainer - [hivemq-test-hivemq-platform] [hivemq-platform-operator] [0e088f31] 13:19:42.208 [pool-6-thread-1] DEBUG c.h.p.o.d.PodServiceAccountResource - [customop] Desired PodServiceAccountResource (serviceAccountName: hivemq-platform-pod-test-hivemq-platform-alpha)
2025-01-29 13:19:42,290 INFO c.h.h.t.HelmChartContainer - [hivemq-test-hivemq-platform] [hivemq-platform-operator] [0e088f31] 13:19:42.285 [pool-6-thread-6] DEBUG c.h.p.o.dependants.PodInfoConfigMap - [customop] Desired PodInfo ConfigMap (1 extensions) (1 enabled)
2025-01-29 13:19:42,294 INFO c.h.h.t.HelmChartContainer - [hivemq-test-hivemq-platform] [hivemq-platform-operator] [0e088f31] 13:19:42.286 [pool-6-thread-6] DEBUG c.h.p.o.dependants.PodInfoConfigMap - [customop] Desired PodInfo ConfigMap (metrics port: 9399) (metrics path: /)
2025-01-29 13:19:42,295 INFO c.h.h.t.HelmChartContainer - [hivemq-test-hivemq-platform] [hivemq-platform-operator] [0e088f31] 13:19:42.286 [pool-6-thread-6] DEBUG c.h.p.o.dependants.PodInfoConfigMap - [customop] Desired PodInfo ConfigMap (extension state hash: -1817474005)
2025-01-29 13:19:42,295 INFO c.h.h.t.HelmChartContainer - [hivemq-test-hivemq-platform] [hivemq-platform-operator] [0e088f31] 13:19:42.289 [pool-6-thread-13] DEBUG c.h.p.o.d.PlatformServiceResource - [customop] Desired Platform services (3 services)
2025-01-29 13:19:42,301 INFO c.h.h.t.HelmChartContainer - [hivemq-test-hivemq-platform] [hivemq-platform-operator] [0e088f31] 13:19:42.295 [pool-6-thread-17] DEBUG c.h.p.o.d.PodServiceAccountResource - [customop] Desired PodServiceAccountResource (serviceAccountName: hivemq-platform-pod-test-hivemq-platform-beta)
2025-01-29 13:19:42,302 INFO c.h.h.t.HelmChartContainer - [hivemq-test-hivemq-platform] [hivemq-platform-operator] [0e088f31] 13:19:42.298 [pool-6-thread-17] DEBUG c.h.p.o.d.StatefulSetResource - [customop] Desired StatefulSet (1 replicas) for status STARTING (READY)
2025-01-29 13:19:42,303 INFO c.h.h.t.HelmChartContainer - [hivemq-test-hivemq-platform] [hivemq-platform-operator] [0e088f31] 13:19:42.300 [pool-6-thread-8] DEBUG c.h.p.o.dependants.PodInfoConfigMap - [customop] Desired PodInfo ConfigMap (1 extensions) (1 enabled)
2025-01-29 13:19:42,304 INFO c.h.h.t.HelmChartContainer - [hivemq-test-hivemq-platform] [hivemq-platform-operator] [0e088f31] 13:19:42.302 [pool-6-thread-8] DEBUG c.h.p.o.dependants.PodInfoConfigMap - [customop] Desired PodInfo ConfigMap (metrics port: 9399) (metrics path: /)
2025-01-29 13:19:42,306 INFO c.h.h.t.HelmChartContainer - [hivemq-test-hivemq-platform] [hivemq-platform-operator] [0e088f31] 13:19:42.302 [pool-6-thread-8] DEBUG c.h.p.o.dependants.PodInfoConfigMap - [customop] Desired PodInfo ConfigMap (extension state hash: -1817474005)
2025-01-29 13:19:42,389 INFO c.h.h.t.HelmChartContainer - [hivemq-test-hivemq-platform] [hivemq-platform-operator] [0e088f31] 13:19:42.387 [ReconcilerExecutor-hivemq-controller-118] INFO  c.h.p.o.HiveMQPlatformReconciler - [customop] Reconciling HiveMQ Platform 'test-hivemq-platform-alpha' in namespace 'customoperatornamespacesit-alpha'
2025-01-29 13:19:42,391 INFO c.h.h.t.HelmChartContainer - [hivemq-test-hivemq-platform] [hivemq-platform-operator] [0e088f31] 13:19:42.388 [ReconcilerExecutor-hivemq-controller-118] DEBUG c.h.p.o.HiveMQPlatformReconciler - [customop] Custom Resource Status STARTING - HiveMQ Platform is starting (READY)
2025-01-29 13:19:42,391 INFO c.h.h.t.HelmChartContainer - [hivemq-test-hivemq-platform] [hivemq-platform-operator] [0e088f31] 13:19:42.388 [ReconcilerExecutor-hivemq-controller-118] DEBUG c.h.p.o.HiveMQPlatformReconciler - [customop] Custom Resource Spec (replicas: 1) (extensions: 1)
2025-01-29 13:19:42,391 INFO c.h.h.t.HelmChartContainer - [hivemq-test-hivemq-platform] [hivemq-platform-operator] [0e088f31] 13:19:42.388 [pool-6-thread-13] DEBUG c.h.p.o.d.StatefulSetResource - [customop] Desired StatefulSet (1 replicas) for status STARTING (READY)
2025-01-29 13:19:42,394 INFO c.h.h.t.HelmChartContainer - [hivemq-test-hivemq-platform] [hivemq-platform-operator] [0e088f31] 13:19:42.393 [ReconcilerExecutor-hivemq-controller-118] DEBUG c.h.p.o.HiveMQPlatformReconciler - [customop] StatefulSet Status (revision: test-hivemq-platform-alpha-5bcd5cb867, replicas: 1, available: 0, ready: 0, current: 1, updated: 1)
2025-01-29 13:19:42,395 INFO c.h.h.t.HelmChartContainer - [hivemq-test-hivemq-platform] [hivemq-platform-operator] [0e088f31] 13:19:42.393 [ReconcilerExecutor-hivemq-controller-118] DEBUG c.h.p.o.HiveMQPlatformReconciler - [customop] StatefulSet Spec (replicas: 1, init containers: 1, containers: 1, volumes: 3)
2025-01-29 13:19:42,396 INFO c.h.h.t.HelmChartContainer - [hivemq-test-hivemq-platform] [hivemq-platform-operator] [0e088f31] 13:19:42.395 [ReconcilerExecutor-hivemq-controller-119] INFO  c.h.p.o.HiveMQPlatformReconciler - [customop] Reconciling HiveMQ Platform 'test-hivemq-platform-beta' in namespace 'customoperatornamespacesit-beta'
2025-01-29 13:19:42,396 INFO c.h.h.t.HelmChartContainer - [hivemq-test-hivemq-platform] [hivemq-platform-operator] [0e088f31] 13:19:42.395 [ReconcilerExecutor-hivemq-controller-119] DEBUG c.h.p.o.HiveMQPlatformReconciler - [customop] Custom Resource Status STARTING - HiveMQ Platform is starting (READY)
2025-01-29 13:19:42,397 INFO c.h.h.t.HelmChartContainer - [hivemq-test-hivemq-platform] [hivemq-platform-operator] [0e088f31] 13:19:42.395 [ReconcilerExecutor-hivemq-controller-119] DEBUG c.h.p.o.HiveMQPlatformReconciler - [customop] Custom Resource Spec (replicas: 1) (extensions: 1)
2025-01-29 13:19:42,398 INFO c.h.h.t.HelmChartContainer - [hivemq-test-hivemq-platform] [hivemq-platform-operator] [0e088f31] 13:19:42.396 [ReconcilerExecutor-hivemq-controller-118] DEBUG c.h.p.o.h.HiveMQPlatformReconcilerErrorHandler - [customop] Pod 'test-hivemq-platform-alpha-0' phase Pending
2025-01-29 13:19:42,399 INFO c.h.h.t.HelmChartContainer - [hivemq-test-hivemq-platform] [hivemq-platform-operator] [0e088f31] 13:19:42.397 [ReconcilerExecutor-hivemq-controller-118] DEBUG c.h.p.o.h.HiveMQPlatformReconcilerErrorHandler - [customop] Pod 'test-hivemq-platform-alpha-0' condition 'PodReadyToStartContainers': False
2025-01-29 13:19:42,400 INFO c.h.h.t.HelmChartContainer - [hivemq-test-hivemq-platform] [hivemq-platform-operator] [0e088f31] 13:19:42.397 [ReconcilerExecutor-hivemq-controller-118] DEBUG c.h.p.o.h.HiveMQPlatformReconcilerErrorHandler - [customop] Pod 'test-hivemq-platform-alpha-0' condition 'Initialized': False
2025-01-29 13:19:42,400 INFO c.h.h.t.HelmChartContainer - [hivemq-test-hivemq-platform] [hivemq-platform-operator] [0e088f31] 13:19:42.397 [ReconcilerExecutor-hivemq-controller-118] DEBUG c.h.p.o.h.HiveMQPlatformReconcilerErrorHandler - [customop] Pod 'test-hivemq-platform-alpha-0' condition 'Ready': False
2025-01-29 13:19:42,404 INFO c.h.h.t.HelmChartContainer - [hivemq-test-hivemq-platform] [hivemq-platform-operator] [0e088f31] 13:19:42.398 [ReconcilerExecutor-hivemq-controller-118] DEBUG c.h.p.o.h.HiveMQPlatformReconcilerErrorHandler - [customop] Pod 'test-hivemq-platform-alpha-0' condition 'ContainersReady': False
2025-01-29 13:19:42,405 INFO c.h.h.t.HelmChartContainer - [hivemq-test-hivemq-platform] [hivemq-platform-operator] [0e088f31] 13:19:42.398 [ReconcilerExecutor-hivemq-controller-118] DEBUG c.h.p.o.h.HiveMQPlatformReconcilerErrorHandler - [customop] Pod 'test-hivemq-platform-alpha-0' condition 'PodScheduled': True
2025-01-29 13:19:42,405 INFO c.h.h.t.HelmChartContainer - [hivemq-test-hivemq-platform] [hivemq-platform-operator] [0e088f31] 13:19:42.398 [ReconcilerExecutor-hivemq-controller-118] DEBUG c.h.p.o.h.HiveMQPlatformReconcilerErrorHandler - [customop] Pod 'test-hivemq-platform-alpha-0' containerStatus 'hivemq' (started: false) (ready: false) (waiting: [PodInitializing] null)
2025-01-29 13:19:42,405 INFO c.h.h.t.HelmChartContainer - [hivemq-test-hivemq-platform] [hivemq-platform-operator] [0e088f31] 13:19:42.399 [ReconcilerExecutor-hivemq-controller-118] INFO  c.h.p.o.h.HiveMQPlatformReconcilerBaseHandler - [customop] HiveMQ Platform is starting, 0 of 1 replicas are ready
2025-01-29 13:19:42,405 INFO c.h.h.t.HelmChartContainer - [hivemq-test-hivemq-platform] [hivemq-platform-operator] [0e088f31] 13:19:42.401 [ReconcilerExecutor-hivemq-controller-119] DEBUG c.h.p.o.HiveMQPlatformReconciler - [customop] StatefulSet Status (revision: test-hivemq-platform-beta-68c75dbff9, replicas: 1, available: 0, ready: 0, current: 1, updated: 1)
2025-01-29 13:19:42,405 INFO c.h.h.t.HelmChartContainer - [hivemq-test-hivemq-platform] [hivemq-platform-operator] [0e088f31] 13:19:42.401 [ReconcilerExecutor-hivemq-controller-119] DEBUG c.h.p.o.HiveMQPlatformReconciler - [customop] StatefulSet Spec (replicas: 1, init containers: 1, containers: 1, volumes: 3)
2025-01-29 13:19:42,407 INFO c.h.h.t.HelmChartContainer - [hivemq-test-hivemq-platform] [hivemq-platform-operator] [0e088f31] 13:19:42.403 [ReconcilerExecutor-hivemq-controller-119] DEBUG c.h.p.o.h.HiveMQPlatformReconcilerErrorHandler - [customop] Pod 'test-hivemq-platform-beta-0' phase Pending
2025-01-29 13:19:42,407 INFO c.h.h.t.HelmChartContainer - [hivemq-test-hivemq-platform] [hivemq-platform-operator] [0e088f31] 13:19:42.403 [ReconcilerExecutor-hivemq-controller-119] DEBUG c.h.p.o.h.HiveMQPlatformReconcilerErrorHandler - [customop] Pod 'test-hivemq-platform-beta-0' condition 'PodReadyToStartContainers': False
2025-01-29 13:19:42,407 INFO c.h.h.t.HelmChartContainer - [hivemq-test-hivemq-platform] [hivemq-platform-operator] [0e088f31] 13:19:42.403 [ReconcilerExecutor-hivemq-controller-119] DEBUG c.h.p.o.h.HiveMQPlatformReconcilerErrorHandler - [customop] Pod 'test-hivemq-platform-beta-0' condition 'Initialized': False
2025-01-29 13:19:42,407 INFO c.h.h.t.HelmChartContainer - [hivemq-test-hivemq-platform] [hivemq-platform-operator] [0e088f31] 13:19:42.403 [ReconcilerExecutor-hivemq-controller-119] DEBUG c.h.p.o.h.HiveMQPlatformReconcilerErrorHandler - [customop] Pod 'test-hivemq-platform-beta-0' condition 'Ready': False
2025-01-29 13:19:42,407 INFO c.h.h.t.HelmChartContainer - [hivemq-test-hivemq-platform] [hivemq-platform-operator] [0e088f31] 13:19:42.404 [ReconcilerExecutor-hivemq-controller-119] DEBUG c.h.p.o.h.HiveMQPlatformReconcilerErrorHandler - [customop] Pod 'test-hivemq-platform-beta-0' condition 'ContainersReady': False
2025-01-29 13:19:42,407 INFO c.h.h.t.HelmChartContainer - [hivemq-test-hivemq-platform] [hivemq-platform-operator] [0e088f31] 13:19:42.404 [ReconcilerExecutor-hivemq-controller-119] DEBUG c.h.p.o.h.HiveMQPlatformReconcilerErrorHandler - [customop] Pod 'test-hivemq-platform-beta-0' condition 'PodScheduled': True
2025-01-29 13:19:42,407 INFO c.h.h.t.HelmChartContainer - [hivemq-test-hivemq-platform] [hivemq-platform-operator] [0e088f31] 13:19:42.404 [ReconcilerExecutor-hivemq-controller-119] DEBUG c.h.p.o.h.HiveMQPlatformReconcilerErrorHandler - [customop] Pod 'test-hivemq-platform-beta-0' containerStatus 'hivemq' (started: false) (ready: false) (waiting: [PodInitializing] null)
2025-01-29 13:19:42,408 INFO c.h.h.t.HelmChartContainer - [hivemq-test-hivemq-platform] [hivemq-platform-operator] [0e088f31] 13:19:42.405 [ReconcilerExecutor-hivemq-controller-119] INFO  c.h.p.o.h.HiveMQPlatformReconcilerBaseHandler - [customop] HiveMQ Platform is starting, 0 of 1 replicas are ready
2025-01-29 13:19:42,408 INFO c.h.h.t.HelmChartContainer - [EVENT] Normal [Pulled] Container image "docker.io/hivemq/hivemq4:4.36.0" already present on machine [customoperatornamespacesit-beta:test-hivemq-platform-beta-0]
2025-01-29 13:19:42,408 INFO c.h.h.t.HelmChartContainer - Received Pulled event for container hivemq in pod test-hivemq-platform-beta-0 [357680fc-954c-4fd0-8a38-cc17b1f9058c]
2025-01-29 13:19:42,413 INFO c.h.h.t.HelmChartContainer - [EVENT] Normal [Pulled] Container image "docker.io/hivemq/hivemq4:4.36.0" already present on machine [customoperatornamespacesit-alpha:test-hivemq-platform-alpha-0]
2025-01-29 13:19:42,413 INFO c.h.h.t.HelmChartContainer - Received Pulled event for container hivemq in pod test-hivemq-platform-alpha-0 [895d87d7-f14c-47e1-94a7-5b93bad89030]
2025-01-29 13:19:42,424 INFO c.h.h.t.HelmChartContainer - [POD] test-hivemq-platform-beta-0 [357680fc-954c-4fd0-8a38-cc17b1f9058c] in customoperatornamespacesit-beta was MODIFIED
2025-01-29 13:19:42,441 INFO c.h.h.t.HelmChartContainer - [EVENT] Normal [Created] Created container: hivemq [customoperatornamespacesit-beta:test-hivemq-platform-beta-0]
2025-01-29 13:19:42,441 INFO c.h.h.t.HelmChartContainer - Received Created event for container hivemq in pod test-hivemq-platform-beta-0 [357680fc-954c-4fd0-8a38-cc17b1f9058c]
2025-01-29 13:19:42,451 INFO c.h.h.t.HelmChartContainer - [POD] test-hivemq-platform-alpha-0 [895d87d7-f14c-47e1-94a7-5b93bad89030] in customoperatornamespacesit-alpha was MODIFIED
2025-01-29 13:19:42,506 INFO c.h.h.t.HelmChartContainer - [hivemq-test-hivemq-platform] [hivemq-platform-operator] [0e088f31] 13:19:42.497 [pool-6-thread-34] DEBUG c.h.p.o.d.PlatformServiceResource - [customop] Desired Platform services (3 services)
2025-01-29 13:19:42,508 INFO c.h.h.t.HelmChartContainer - [hivemq-test-hivemq-platform] [hivemq-platform-operator] [0e088f31] 13:19:42.502 [pool-6-thread-32] DEBUG c.h.p.o.d.PodServiceAccountResource - [customop] Desired PodServiceAccountResource (serviceAccountName: hivemq-platform-pod-test-hivemq-platform-beta)
2025-01-29 13:19:42,508 INFO c.h.h.t.HelmChartContainer - [hivemq-test-hivemq-platform] [hivemq-platform-operator] [0e088f31] 13:19:42.502 [pool-6-thread-33] DEBUG c.h.p.o.d.PlatformServiceResource - [customop] Desired Platform services (3 services)
2025-01-29 13:19:42,508 INFO c.h.h.t.HelmChartContainer - [hivemq-test-hivemq-platform] [hivemq-platform-operator] [0e088f31] 13:19:42.505 [pool-6-thread-37] DEBUG c.h.p.o.d.PodServiceAccountResource - [customop] Desired PodServiceAccountResource (serviceAccountName: hivemq-platform-pod-test-hivemq-platform-alpha)
2025-01-29 13:19:42,594 INFO c.h.h.t.HelmChartContainer - [hivemq-test-hivemq-platform] [hivemq-platform-operator] [0e088f31] 13:19:42.503 [pool-6-thread-34] DEBUG c.h.p.o.dependants.PodInfoConfigMap - [customop] Desired PodInfo ConfigMap (1 extensions) (1 enabled)
2025-01-29 13:19:42,595 INFO c.h.h.t.HelmChartContainer - [hivemq-test-hivemq-platform] [hivemq-platform-operator] [0e088f31] 13:19:42.591 [pool-6-thread-34] DEBUG c.h.p.o.dependants.PodInfoConfigMap - [customop] Desired PodInfo ConfigMap (metrics port: 9399) (metrics path: /)
2025-01-29 13:19:42,595 INFO c.h.h.t.HelmChartContainer - [hivemq-test-hivemq-platform] [hivemq-platform-operator] [0e088f31] 13:19:42.591 [pool-6-thread-34] DEBUG c.h.p.o.dependants.PodInfoConfigMap - [customop] Desired PodInfo ConfigMap (extension state hash: -1817474005)
2025-01-29 13:19:42,595 INFO c.h.h.t.HelmChartContainer - [hivemq-test-hivemq-platform] [hivemq-platform-operator] [0e088f31] 13:19:42.504 [pool-6-thread-38] DEBUG c.h.p.o.dependants.PodInfoConfigMap - [customop] Desired PodInfo ConfigMap (1 extensions) (1 enabled)
2025-01-29 13:19:42,597 INFO c.h.h.t.HelmChartContainer - [hivemq-test-hivemq-platform] [hivemq-platform-operator] [0e088f31] 13:19:42.593 [pool-6-thread-38] DEBUG c.h.p.o.dependants.PodInfoConfigMap - [customop] Desired PodInfo ConfigMap (metrics port: 9399) (metrics path: /)
2025-01-29 13:19:42,598 INFO c.h.h.t.HelmChartContainer - [hivemq-test-hivemq-platform] [hivemq-platform-operator] [0e088f31] 13:19:42.593 [pool-6-thread-38] DEBUG c.h.p.o.dependants.PodInfoConfigMap - [customop] Desired PodInfo ConfigMap (extension state hash: -1817474005)
2025-01-29 13:19:42,600 INFO c.h.h.t.HelmChartContainer - [hivemq-test-hivemq-platform] [hivemq-platform-operator] [0e088f31] 13:19:42.599 [pool-6-thread-42] DEBUG c.h.p.o.d.StatefulSetResource - [customop] Desired StatefulSet (1 replicas) for status STARTING (READY)
2025-01-29 13:19:42,603 INFO c.h.h.t.HelmChartContainer - [hivemq-test-hivemq-platform] [hivemq-platform-operator] [0e088f31] 13:19:42.601 [pool-6-thread-33] DEBUG c.h.p.o.d.StatefulSetResource - [customop] Desired StatefulSet (1 replicas) for status STARTING (READY)
2025-01-29 13:19:42,690 INFO c.h.h.t.HelmChartContainer - [hivemq-test-hivemq-platform] [hivemq-platform-operator] [0e088f31] 13:19:42.687 [ReconcilerExecutor-hivemq-controller-120] INFO  c.h.p.o.HiveMQPlatformReconciler - [customop] Reconciling HiveMQ Platform 'test-hivemq-platform-beta' in namespace 'customoperatornamespacesit-beta'
2025-01-29 13:19:42,690 INFO c.h.h.t.HelmChartContainer - [hivemq-test-hivemq-platform] [hivemq-platform-operator] [0e088f31] 13:19:42.688 [ReconcilerExecutor-hivemq-controller-120] DEBUG c.h.p.o.HiveMQPlatformReconciler - [customop] Custom Resource Status STARTING - HiveMQ Platform is starting (READY)
2025-01-29 13:19:42,691 INFO c.h.h.t.HelmChartContainer - [hivemq-test-hivemq-platform] [hivemq-platform-operator] [0e088f31] 13:19:42.690 [ReconcilerExecutor-hivemq-controller-120] DEBUG c.h.p.o.HiveMQPlatformReconciler - [customop] Custom Resource Spec (replicas: 1) (extensions: 1)
2025-01-29 13:19:42,698 INFO c.h.h.t.HelmChartContainer - [hivemq-test-hivemq-platform] [hivemq-platform-operator] [0e088f31] 13:19:42.696 [ReconcilerExecutor-hivemq-controller-120] DEBUG c.h.p.o.HiveMQPlatformReconciler - [customop] StatefulSet Status (revision: test-hivemq-platform-beta-68c75dbff9, replicas: 1, available: 0, ready: 0, current: 1, updated: 1)
2025-01-29 13:19:42,699 INFO c.h.h.t.HelmChartContainer - [hivemq-test-hivemq-platform] [hivemq-platform-operator] [0e088f31] 13:19:42.697 [ReconcilerExecutor-hivemq-controller-120] DEBUG c.h.p.o.HiveMQPlatformReconciler - [customop] StatefulSet Spec (replicas: 1, init containers: 1, containers: 1, volumes: 3)
2025-01-29 13:19:42,705 INFO c.h.h.t.HelmChartContainer - [hivemq-test-hivemq-platform] [hivemq-platform-operator] [0e088f31] 13:19:42.702 [ReconcilerExecutor-hivemq-controller-121] INFO  c.h.p.o.HiveMQPlatformReconciler - [customop] Reconciling HiveMQ Platform 'test-hivemq-platform-alpha' in namespace 'customoperatornamespacesit-alpha'
2025-01-29 13:19:42,705 INFO c.h.h.t.HelmChartContainer - [hivemq-test-hivemq-platform] [hivemq-platform-operator] [0e088f31] 13:19:42.702 [ReconcilerExecutor-hivemq-controller-121] DEBUG c.h.p.o.HiveMQPlatformReconciler - [customop] Custom Resource Status STARTING - HiveMQ Platform is starting (READY)
2025-01-29 13:19:42,705 INFO c.h.h.t.HelmChartContainer - [hivemq-test-hivemq-platform] [hivemq-platform-operator] [0e088f31] 13:19:42.702 [ReconcilerExecutor-hivemq-controller-121] DEBUG c.h.p.o.HiveMQPlatformReconciler - [customop] Custom Resource Spec (replicas: 1) (extensions: 1)
2025-01-29 13:19:42,706 INFO c.h.h.t.HelmChartContainer - [hivemq-test-hivemq-platform] [hivemq-platform-operator] [0e088f31] 13:19:42.703 [ReconcilerExecutor-hivemq-controller-120] DEBUG c.h.p.o.h.HiveMQPlatformReconcilerErrorHandler - [customop] Pod 'test-hivemq-platform-beta-0' phase Pending
2025-01-29 13:19:42,706 INFO c.h.h.t.HelmChartContainer - [hivemq-test-hivemq-platform] [hivemq-platform-operator] [0e088f31] 13:19:42.704 [ReconcilerExecutor-hivemq-controller-120] DEBUG c.h.p.o.h.HiveMQPlatformReconcilerErrorHandler - [customop] Pod 'test-hivemq-platform-beta-0' condition 'PodReadyToStartContainers': True
2025-01-29 13:19:42,706 INFO c.h.h.t.HelmChartContainer - [hivemq-test-hivemq-platform] [hivemq-platform-operator] [0e088f31] 13:19:42.704 [ReconcilerExecutor-hivemq-controller-120] DEBUG c.h.p.o.h.HiveMQPlatformReconcilerErrorHandler - [customop] Pod 'test-hivemq-platform-beta-0' condition 'Initialized': True
2025-01-29 13:19:42,706 INFO c.h.h.t.HelmChartContainer - [hivemq-test-hivemq-platform] [hivemq-platform-operator] [0e088f31] 13:19:42.704 [ReconcilerExecutor-hivemq-controller-120] DEBUG c.h.p.o.h.HiveMQPlatformReconcilerErrorHandler - [customop] Pod 'test-hivemq-platform-beta-0' condition 'Ready': False
2025-01-29 13:19:42,706 INFO c.h.h.t.HelmChartContainer - [hivemq-test-hivemq-platform] [hivemq-platform-operator] [0e088f31] 13:19:42.704 [ReconcilerExecutor-hivemq-controller-120] DEBUG c.h.p.o.h.HiveMQPlatformReconcilerErrorHandler - [customop] Pod 'test-hivemq-platform-beta-0' condition 'ContainersReady': False
2025-01-29 13:19:42,706 INFO c.h.h.t.HelmChartContainer - [hivemq-test-hivemq-platform] [hivemq-platform-operator] [0e088f31] 13:19:42.704 [ReconcilerExecutor-hivemq-controller-120] DEBUG c.h.p.o.h.HiveMQPlatformReconcilerErrorHandler - [customop] Pod 'test-hivemq-platform-beta-0' condition 'PodScheduled': True
2025-01-29 13:19:42,706 INFO c.h.h.t.HelmChartContainer - [hivemq-test-hivemq-platform] [hivemq-platform-operator] [0e088f31] 13:19:42.704 [ReconcilerExecutor-hivemq-controller-120] DEBUG c.h.p.o.h.HiveMQPlatformReconcilerErrorHandler - [customop] Pod 'test-hivemq-platform-beta-0' containerStatus 'hivemq' (started: false) (ready: false) (waiting: [PodInitializing] null)
2025-01-29 13:19:42,707 INFO c.h.h.t.HelmChartContainer - [hivemq-test-hivemq-platform] [hivemq-platform-operator] [0e088f31] 13:19:42.705 [ReconcilerExecutor-hivemq-controller-120] INFO  c.h.p.o.h.HiveMQPlatformReconcilerBaseHandler - [customop] HiveMQ Platform is starting, 0 of 1 replicas are ready
2025-01-29 13:19:42,707 INFO c.h.h.t.HelmChartContainer - [hivemq-test-hivemq-platform] [hivemq-platform-operator] [0e088f31] 13:19:42.706 [ReconcilerExecutor-hivemq-controller-121] DEBUG c.h.p.o.HiveMQPlatformReconciler - [customop] StatefulSet Status (revision: test-hivemq-platform-alpha-5bcd5cb867, replicas: 1, available: 0, ready: 0, current: 1, updated: 1)
2025-01-29 13:19:42,707 INFO c.h.h.t.HelmChartContainer - [hivemq-test-hivemq-platform] [hivemq-platform-operator] [0e088f31] 13:19:42.706 [ReconcilerExecutor-hivemq-controller-121] DEBUG c.h.p.o.HiveMQPlatformReconciler - [customop] StatefulSet Spec (replicas: 1, init containers: 1, containers: 1, volumes: 3)
2025-01-29 13:19:42,786 INFO c.h.h.t.HelmChartContainer - [hivemq-test-hivemq-platform] [hivemq-platform-operator] [0e088f31] 13:19:42.785 [ReconcilerExecutor-hivemq-controller-121] DEBUG c.h.p.o.h.HiveMQPlatformReconcilerErrorHandler - [customop] Pod 'test-hivemq-platform-alpha-0' phase Pending
2025-01-29 13:19:42,788 INFO c.h.h.t.HelmChartContainer - [hivemq-test-hivemq-platform] [hivemq-platform-operator] [0e088f31] 13:19:42.785 [ReconcilerExecutor-hivemq-controller-121] DEBUG c.h.p.o.h.HiveMQPlatformReconcilerErrorHandler - [customop] Pod 'test-hivemq-platform-alpha-0' condition 'PodReadyToStartContainers': True
2025-01-29 13:19:42,788 INFO c.h.h.t.HelmChartContainer - [hivemq-test-hivemq-platform] [hivemq-platform-operator] [0e088f31] 13:19:42.785 [ReconcilerExecutor-hivemq-controller-121] DEBUG c.h.p.o.h.HiveMQPlatformReconcilerErrorHandler - [customop] Pod 'test-hivemq-platform-alpha-0' condition 'Initialized': True
2025-01-29 13:19:42,788 INFO c.h.h.t.HelmChartContainer - [hivemq-test-hivemq-platform] [hivemq-platform-operator] [0e088f31] 13:19:42.785 [ReconcilerExecutor-hivemq-controller-121] DEBUG c.h.p.o.h.HiveMQPlatformReconcilerErrorHandler - [customop] Pod 'test-hivemq-platform-alpha-0' condition 'Ready': False
2025-01-29 13:19:42,788 INFO c.h.h.t.HelmChartContainer - [hivemq-test-hivemq-platform] [hivemq-platform-operator] [0e088f31] 13:19:42.785 [ReconcilerExecutor-hivemq-controller-121] DEBUG c.h.p.o.h.HiveMQPlatformReconcilerErrorHandler - [customop] Pod 'test-hivemq-platform-alpha-0' condition 'ContainersReady': False
2025-01-29 13:19:42,788 INFO c.h.h.t.HelmChartContainer - [hivemq-test-hivemq-platform] [hivemq-platform-operator] [0e088f31] 13:19:42.785 [ReconcilerExecutor-hivemq-controller-121] DEBUG c.h.p.o.h.HiveMQPlatformReconcilerErrorHandler - [customop] Pod 'test-hivemq-platform-alpha-0' condition 'PodScheduled': True
2025-01-29 13:19:42,788 INFO c.h.h.t.HelmChartContainer - [hivemq-test-hivemq-platform] [hivemq-platform-operator] [0e088f31] 13:19:42.785 [ReconcilerExecutor-hivemq-controller-121] DEBUG c.h.p.o.h.HiveMQPlatformReconcilerErrorHandler - [customop] Pod 'test-hivemq-platform-alpha-0' containerStatus 'hivemq' (started: false) (ready: false) (waiting: [PodInitializing] null)
2025-01-29 13:19:42,788 INFO c.h.h.t.HelmChartContainer - [hivemq-test-hivemq-platform] [hivemq-platform-operator] [0e088f31] 13:19:42.786 [ReconcilerExecutor-hivemq-controller-121] INFO  c.h.p.o.h.HiveMQPlatformReconcilerBaseHandler - [customop] HiveMQ Platform is starting, 0 of 1 replicas are ready
2025-01-29 13:19:43,430 INFO c.h.h.t.HelmChartContainer - [POD] test-hivemq-platform-beta-0 [357680fc-954c-4fd0-8a38-cc17b1f9058c] in customoperatornamespacesit-beta was MODIFIED
2025-01-29 13:19:43,436 INFO c.h.h.t.HelmChartContainer - [hivemq-test-hivemq-platform] [hivemq-platform-operator] [0e088f31] 13:19:43.430 [pool-6-thread-14] DEBUG c.h.p.o.d.PlatformServiceResource - [customop] Desired Platform services (3 services)
2025-01-29 13:19:43,438 INFO c.h.h.t.HelmChartContainer - [hivemq-test-hivemq-platform] [hivemq-platform-operator] [0e088f31] 13:19:43.431 [pool-6-thread-47] DEBUG c.h.p.o.dependants.PodInfoConfigMap - [customop] Desired PodInfo ConfigMap (1 extensions) (1 enabled)
2025-01-29 13:19:43,439 INFO c.h.h.t.HelmChartContainer - [hivemq-test-hivemq-platform] [hivemq-platform-operator] [0e088f31] 13:19:43.436 [pool-6-thread-47] DEBUG c.h.p.o.dependants.PodInfoConfigMap - [customop] Desired PodInfo ConfigMap (metrics port: 9399) (metrics path: /)
2025-01-29 13:19:43,439 INFO c.h.h.t.HelmChartContainer - [hivemq-test-hivemq-platform] [hivemq-platform-operator] [0e088f31] 13:19:43.436 [pool-6-thread-47] DEBUG c.h.p.o.dependants.PodInfoConfigMap - [customop] Desired PodInfo ConfigMap (extension state hash: -1817474005)
2025-01-29 13:19:43,440 INFO c.h.h.t.HelmChartContainer - [hivemq-test-hivemq-platform] [hivemq-platform-operator] [0e088f31] 13:19:43.434 [pool-6-thread-45] DEBUG c.h.p.o.d.PodServiceAccountResource - [customop] Desired PodServiceAccountResource (serviceAccountName: hivemq-platform-pod-test-hivemq-platform-beta)
2025-01-29 13:19:43,443 INFO c.h.h.t.HelmChartContainer - [EVENT] Normal [Created] Created container: hivemq [customoperatornamespacesit-alpha:test-hivemq-platform-alpha-0]
2025-01-29 13:19:43,443 INFO c.h.h.t.HelmChartContainer - Received Created event for container hivemq in pod test-hivemq-platform-alpha-0 [895d87d7-f14c-47e1-94a7-5b93bad89030]
2025-01-29 13:19:43,444 INFO c.h.h.t.HelmChartContainer - Started log watcher for hivemq in pod test-hivemq-platform-beta-0 [357680fc-954c-4fd0-8a38-cc17b1f9058c]
2025-01-29 13:19:43,445 INFO c.h.h.t.HelmChartContainer - [test-hivemq-platform] [hivemq] [357680fc] Adding pre-installed HiveMQ Platform Operator extensions
2025-01-29 13:19:43,445 INFO c.h.h.t.HelmChartContainer - [test-hivemq-platform] [hivemq] [357680fc] Running as user 10000
2025-01-29 13:19:43,445 INFO c.h.h.t.HelmChartContainer - [test-hivemq-platform] [hivemq] [357680fc] Starting HiveMQ Platform Operator Init
2025-01-29 13:19:43,449 INFO c.h.h.t.HelmChartContainer - [POD] test-hivemq-platform-alpha-0 [895d87d7-f14c-47e1-94a7-5b93bad89030] in customoperatornamespacesit-alpha was MODIFIED
2025-01-29 13:19:43,465 INFO c.h.h.t.HelmChartContainer - Started log watcher for hivemq in pod test-hivemq-platform-alpha-0 [895d87d7-f14c-47e1-94a7-5b93bad89030]
2025-01-29 13:19:43,465 INFO c.h.h.t.HelmChartContainer - [test-hivemq-platform] [hivemq] [895d87d7] Adding pre-installed HiveMQ Platform Operator extensions
2025-01-29 13:19:43,465 INFO c.h.h.t.HelmChartContainer - [test-hivemq-platform] [hivemq] [895d87d7] Running as user 10000
2025-01-29 13:19:43,466 INFO c.h.h.t.HelmChartContainer - [test-hivemq-platform] [hivemq] [895d87d7] Starting HiveMQ Platform Operator Init
2025-01-29 13:19:43,466 INFO c.h.h.t.HelmChartContainer - [EVENT] Normal [Started] Started container hivemq [customoperatornamespacesit-alpha:test-hivemq-platform-alpha-0]
2025-01-29 13:19:43,467 INFO c.h.h.t.HelmChartContainer - Received Started event for container hivemq in pod test-hivemq-platform-alpha-0 [895d87d7-f14c-47e1-94a7-5b93bad89030]
2025-01-29 13:19:43,467 INFO c.h.h.t.HelmChartContainer - [EVENT] Normal [Started] Started container hivemq [customoperatornamespacesit-beta:test-hivemq-platform-beta-0]
2025-01-29 13:19:43,467 INFO c.h.h.t.HelmChartContainer - Received Started event for container hivemq in pod test-hivemq-platform-beta-0 [357680fc-954c-4fd0-8a38-cc17b1f9058c]
2025-01-29 13:19:43,496 INFO c.h.h.t.HelmChartContainer - [hivemq-test-hivemq-platform] [hivemq-platform-operator] [0e088f31] 13:19:43.492 [pool-6-thread-49] DEBUG c.h.p.o.d.StatefulSetResource - [customop] Desired StatefulSet (1 replicas) for status STARTING (READY)
2025-01-29 13:19:43,503 INFO c.h.h.t.HelmChartContainer - [hivemq-test-hivemq-platform] [hivemq-platform-operator] [0e088f31] 13:19:43.501 [pool-6-thread-6] DEBUG c.h.p.o.d.PlatformServiceResource - [customop] Desired Platform services (3 services)
2025-01-29 13:19:43,511 INFO c.h.h.t.HelmChartContainer - [hivemq-test-hivemq-platform] [hivemq-platform-operator] [0e088f31] 13:19:43.508 [pool-6-thread-1] DEBUG c.h.p.o.dependants.PodInfoConfigMap - [customop] Desired PodInfo ConfigMap (1 extensions) (1 enabled)
2025-01-29 13:19:43,512 INFO c.h.h.t.HelmChartContainer - [hivemq-test-hivemq-platform] [hivemq-platform-operator] [0e088f31] 13:19:43.509 [pool-6-thread-1] DEBUG c.h.p.o.dependants.PodInfoConfigMap - [customop] Desired PodInfo ConfigMap (metrics port: 9399) (metrics path: /)
2025-01-29 13:19:43,512 INFO c.h.h.t.HelmChartContainer - [hivemq-test-hivemq-platform] [hivemq-platform-operator] [0e088f31] 13:19:43.509 [pool-6-thread-1] DEBUG c.h.p.o.dependants.PodInfoConfigMap - [customop] Desired PodInfo ConfigMap (extension state hash: -1817474005)
2025-01-29 13:19:43,512 INFO c.h.h.t.HelmChartContainer - [hivemq-test-hivemq-platform] [hivemq-platform-operator] [0e088f31] 13:19:43.510 [pool-6-thread-19] DEBUG c.h.p.o.d.PodServiceAccountResource - [customop] Desired PodServiceAccountResource (serviceAccountName: hivemq-platform-pod-test-hivemq-platform-alpha)
2025-01-29 13:19:43,592 INFO c.h.h.t.HelmChartContainer - [hivemq-test-hivemq-platform] [hivemq-platform-operator] [0e088f31] 13:19:43.587 [ReconcilerExecutor-hivemq-controller-122] INFO  c.h.p.o.HiveMQPlatformReconciler - [customop] Reconciling HiveMQ Platform 'test-hivemq-platform-beta' in namespace 'customoperatornamespacesit-beta'
2025-01-29 13:19:43,594 INFO c.h.h.t.HelmChartContainer - [hivemq-test-hivemq-platform] [hivemq-platform-operator] [0e088f31] 13:19:43.588 [ReconcilerExecutor-hivemq-controller-122] DEBUG c.h.p.o.HiveMQPlatformReconciler - [customop] Custom Resource Status STARTING - HiveMQ Platform is starting (READY)
2025-01-29 13:19:43,594 INFO c.h.h.t.HelmChartContainer - [hivemq-test-hivemq-platform] [hivemq-platform-operator] [0e088f31] 13:19:43.588 [ReconcilerExecutor-hivemq-controller-122] DEBUG c.h.p.o.HiveMQPlatformReconciler - [customop] Custom Resource Spec (replicas: 1) (extensions: 1)
2025-01-29 13:19:43,600 INFO c.h.h.t.HelmChartContainer - [hivemq-test-hivemq-platform] [hivemq-platform-operator] [0e088f31] 13:19:43.591 [pool-6-thread-20] DEBUG c.h.p.o.d.StatefulSetResource - [customop] Desired StatefulSet (1 replicas) for status STARTING (READY)
2025-01-29 13:19:43,600 INFO c.h.h.t.HelmChartContainer - [hivemq-test-hivemq-platform] [hivemq-platform-operator] [0e088f31] 13:19:43.591 [ReconcilerExecutor-hivemq-controller-122] DEBUG c.h.p.o.HiveMQPlatformReconciler - [customop] StatefulSet Status (revision: test-hivemq-platform-beta-68c75dbff9, replicas: 1, available: 0, ready: 0, current: 1, updated: 1)
2025-01-29 13:19:43,600 INFO c.h.h.t.HelmChartContainer - [hivemq-test-hivemq-platform] [hivemq-platform-operator] [0e088f31] 13:19:43.592 [ReconcilerExecutor-hivemq-controller-122] DEBUG c.h.p.o.HiveMQPlatformReconciler - [customop] StatefulSet Spec (replicas: 1, init containers: 1, containers: 1, volumes: 3)
2025-01-29 13:19:43,600 INFO c.h.h.t.HelmChartContainer - [hivemq-test-hivemq-platform] [hivemq-platform-operator] [0e088f31] 13:19:43.598 [ReconcilerExecutor-hivemq-controller-122] DEBUG c.h.p.o.h.HiveMQPlatformReconcilerErrorHandler - [customop] Pod 'test-hivemq-platform-beta-0' phase Running
2025-01-29 13:19:43,601 INFO c.h.h.t.HelmChartContainer - [hivemq-test-hivemq-platform] [hivemq-platform-operator] [0e088f31] 13:19:43.600 [ReconcilerExecutor-hivemq-controller-122] INFO  c.h.p.o.h.HiveMQPlatformReconcilerBaseHandler - [customop] HiveMQ Platform is starting, 0 of 1 replicas are ready
2025-01-29 13:19:43,687 INFO c.h.h.t.HelmChartContainer - [hivemq-test-hivemq-platform] [hivemq-platform-operator] [0e088f31] 13:19:43.685 [ReconcilerExecutor-hivemq-controller-123] INFO  c.h.p.o.HiveMQPlatformReconciler - [customop] Reconciling HiveMQ Platform 'test-hivemq-platform-alpha' in namespace 'customoperatornamespacesit-alpha'
2025-01-29 13:19:43,687 INFO c.h.h.t.HelmChartContainer - [hivemq-test-hivemq-platform] [hivemq-platform-operator] [0e088f31] 13:19:43.685 [ReconcilerExecutor-hivemq-controller-123] DEBUG c.h.p.o.HiveMQPlatformReconciler - [customop] Custom Resource Status STARTING - HiveMQ Platform is starting (READY)
2025-01-29 13:19:43,688 INFO c.h.h.t.HelmChartContainer - [hivemq-test-hivemq-platform] [hivemq-platform-operator] [0e088f31] 13:19:43.685 [ReconcilerExecutor-hivemq-controller-123] DEBUG c.h.p.o.HiveMQPlatformReconciler - [customop] Custom Resource Spec (replicas: 1) (extensions: 1)
2025-01-29 13:19:43,689 INFO c.h.h.t.HelmChartContainer - [hivemq-test-hivemq-platform] [hivemq-platform-operator] [0e088f31] 13:19:43.688 [ReconcilerExecutor-hivemq-controller-123] DEBUG c.h.p.o.HiveMQPlatformReconciler - [customop] StatefulSet Status (revision: test-hivemq-platform-alpha-5bcd5cb867, replicas: 1, available: 0, ready: 0, current: 1, updated: 1)
2025-01-29 13:19:43,689 INFO c.h.h.t.HelmChartContainer - [hivemq-test-hivemq-platform] [hivemq-platform-operator] [0e088f31] 13:19:43.688 [ReconcilerExecutor-hivemq-controller-123] DEBUG c.h.p.o.HiveMQPlatformReconciler - [customop] StatefulSet Spec (replicas: 1, init containers: 1, containers: 1, volumes: 3)
2025-01-29 13:19:43,691 INFO c.h.h.t.HelmChartContainer - [hivemq-test-hivemq-platform] [hivemq-platform-operator] [0e088f31] 13:19:43.689 [ReconcilerExecutor-hivemq-controller-123] DEBUG c.h.p.o.h.HiveMQPlatformReconcilerErrorHandler - [customop] Pod 'test-hivemq-platform-alpha-0' phase Running
2025-01-29 13:19:43,692 INFO c.h.h.t.HelmChartContainer - [hivemq-test-hivemq-platform] [hivemq-platform-operator] [0e088f31] 13:19:43.690 [ReconcilerExecutor-hivemq-controller-123] INFO  c.h.p.o.h.HiveMQPlatformReconcilerBaseHandler - [customop] HiveMQ Platform is starting, 0 of 1 replicas are ready
2025-01-29 13:19:43,873 INFO c.h.h.t.HelmChartContainer - [test-hivemq-platform] [hivemq] [357680fc] INFO  - [HiveMQ Platform Operator Init 1.7.0-SNAPSHOT] HiveMQ Platform Operator Init 1.7.0-SNAPSHOT (commit: bebf408 on branch: HEAD) built on Sun Jan 26 20:47:47 UTC 2025
2025-01-29 13:19:43,966 INFO c.h.h.t.HelmChartContainer - [test-hivemq-platform] [hivemq] [895d87d7] INFO  - [HiveMQ Platform Operator Init 1.7.0-SNAPSHOT] HiveMQ Platform Operator Init 1.7.0-SNAPSHOT (commit: bebf408 on branch: HEAD) built on Sun Jan 26 20:47:47 UTC 2025
2025-01-29 13:19:45,189 INFO c.h.h.t.HelmChartContainer - [test-hivemq-platform] [hivemq] [357680fc] INFO  - [HiveMQ Platform Operator Init App 1.7.0-SNAPSHOT] Using bind address 10.42.0.7 from environment variable
2025-01-29 13:19:45,250 INFO c.h.h.t.HelmChartContainer - [test-hivemq-platform] [hivemq] [895d87d7] INFO  - [HiveMQ Platform Operator Init App 1.7.0-SNAPSHOT] Using bind address 10.42.0.6 from environment variable
2025-01-29 13:19:46,172 INFO c.h.h.t.HelmChartContainer - [test-hivemq-platform] [hivemq] [357680fc] INFO  - [HiveMQ Platform Operator Init App 1.7.0-SNAPSHOT] HiveMQ Platform Operator Init App 1.7.0-SNAPSHOT (commit: bebf408 on branch: HEAD) built on Sun Jan 26 20:47:47 UTC 2025
2025-01-29 13:19:46,172 INFO c.h.h.t.HelmChartContainer - [test-hivemq-platform] [hivemq] [357680fc] INFO  - [HiveMQ Platform Operator Init App 1.7.0-SNAPSHOT] PodInfo ConfigMap directory: /etc/podinfo
2025-01-29 13:19:46,172 INFO c.h.h.t.HelmChartContainer - [test-hivemq-platform] [hivemq] [357680fc] INFO  - [HiveMQ Platform Operator Init App 1.7.0-SNAPSHOT] HiveMQ home directory: /opt/hivemq
2025-01-29 13:19:46,172 INFO c.h.h.t.HelmChartContainer - [test-hivemq-platform] [hivemq] [357680fc] INFO  - [HiveMQ Platform Operator Init App 1.7.0-SNAPSHOT] HiveMQ Logback folder: /opt/hivemq/conf
2025-01-29 13:19:46,172 INFO c.h.h.t.HelmChartContainer - [test-hivemq-platform] [hivemq] [357680fc] INFO  - [HiveMQ Platform Operator Init App 1.7.0-SNAPSHOT] HiveMQ Config folder: /opt/hivemq/conf-k8s
2025-01-29 13:19:46,172 INFO c.h.h.t.HelmChartContainer - [test-hivemq-platform] [hivemq] [357680fc] INFO  - [HiveMQ Platform Operator Init App 1.7.0-SNAPSHOT] Starting HiveMQ Platform Operator Init App
2025-01-29 13:19:46,172 INFO c.h.h.t.HelmChartContainer - [test-hivemq-platform] [hivemq] [357680fc] INFO  - [HiveMQ Platform Operator Init App 1.7.0-SNAPSHOT] Starting Pod reconciler
2025-01-29 13:19:46,250 INFO c.h.h.t.HelmChartContainer - [test-hivemq-platform] [hivemq] [895d87d7] INFO  - [HiveMQ Platform Operator Init App 1.7.0-SNAPSHOT] HiveMQ Platform Operator Init App 1.7.0-SNAPSHOT (commit: bebf408 on branch: HEAD) built on Sun Jan 26 20:47:47 UTC 2025
2025-01-29 13:19:46,250 INFO c.h.h.t.HelmChartContainer - [test-hivemq-platform] [hivemq] [895d87d7] INFO  - [HiveMQ Platform Operator Init App 1.7.0-SNAPSHOT] PodInfo ConfigMap directory: /etc/podinfo
2025-01-29 13:19:46,250 INFO c.h.h.t.HelmChartContainer - [test-hivemq-platform] [hivemq] [895d87d7] INFO  - [HiveMQ Platform Operator Init App 1.7.0-SNAPSHOT] HiveMQ home directory: /opt/hivemq
2025-01-29 13:19:46,250 INFO c.h.h.t.HelmChartContainer - [test-hivemq-platform] [hivemq] [895d87d7] INFO  - [HiveMQ Platform Operator Init App 1.7.0-SNAPSHOT] HiveMQ Logback folder: /opt/hivemq/conf
2025-01-29 13:19:46,250 INFO c.h.h.t.HelmChartContainer - [test-hivemq-platform] [hivemq] [895d87d7] INFO  - [HiveMQ Platform Operator Init App 1.7.0-SNAPSHOT] HiveMQ Config folder: /opt/hivemq/conf-k8s
2025-01-29 13:19:46,251 INFO c.h.h.t.HelmChartContainer - [test-hivemq-platform] [hivemq] [895d87d7] INFO  - [HiveMQ Platform Operator Init App 1.7.0-SNAPSHOT] Starting HiveMQ Platform Operator Init App
2025-01-29 13:19:46,251 INFO c.h.h.t.HelmChartContainer - [test-hivemq-platform] [hivemq] [895d87d7] INFO  - [HiveMQ Platform Operator Init App 1.7.0-SNAPSHOT] Starting Pod reconciler
2025-01-29 13:19:47,559 INFO c.h.h.t.HelmChartContainer - [test-hivemq-platform] [hivemq] [357680fc] INFO  - [HiveMQ Platform Operator Init App 1.7.0-SNAPSHOT] Pod reconciler is scheduled (interval: 5000 ms)
2025-01-29 13:19:47,560 INFO c.h.h.t.HelmChartContainer - [test-hivemq-platform] [hivemq] [357680fc] INFO  - [HiveMQ Platform Operator Init App 1.7.0-SNAPSHOT] Starting the REST API on 10.42.0.7:7979
2025-01-29 13:19:47,564 INFO c.h.h.t.HelmChartContainer - [test-hivemq-platform] [hivemq] [357680fc] INFO  - [HiveMQ Platform Operator Init App 1.7.0-SNAPSHOT] Waiting up to 600s for at most 1 HiveMQ nodes in cluster service hivemq-test-hivemq-platform-beta-cluster.customoperatornamespacesit-beta.svc
2025-01-29 13:19:47,661 INFO c.h.h.t.HelmChartContainer - [test-hivemq-platform] [hivemq] [895d87d7] INFO  - [HiveMQ Platform Operator Init App 1.7.0-SNAPSHOT] Pod reconciler is scheduled (interval: 5000 ms)
2025-01-29 13:19:47,661 INFO c.h.h.t.HelmChartContainer - [test-hivemq-platform] [hivemq] [895d87d7] INFO  - [HiveMQ Platform Operator Init App 1.7.0-SNAPSHOT] Starting the REST API on 10.42.0.6:7979
2025-01-29 13:19:47,664 INFO c.h.h.t.HelmChartContainer - [test-hivemq-platform] [hivemq] [895d87d7] INFO  - [HiveMQ Platform Operator Init App 1.7.0-SNAPSHOT] Waiting up to 600s for at most 1 HiveMQ nodes in cluster service hivemq-test-hivemq-platform-alpha-cluster.customoperatornamespacesit-alpha.svc
2025-01-29 13:19:47,950 INFO c.h.h.t.HelmChartContainer - [test-hivemq-platform] [hivemq] [357680fc] INFO  - [HiveMQ Platform Operator Init App 1.7.0-SNAPSHOT] Resolved 1 IP addresses: [10.42.0.7]
2025-01-29 13:19:47,951 INFO c.h.h.t.HelmChartContainer - [test-hivemq-platform] [hivemq] [357680fc] INFO  - [HiveMQ Platform Operator Init App 1.7.0-SNAPSHOT] HiveMQ node count of 1 is within threshold of 1
2025-01-29 13:19:47,951 INFO c.h.h.t.HelmChartContainer - [test-hivemq-platform] [hivemq] [357680fc] INFO  - [HiveMQ Platform Operator Init App 1.7.0-SNAPSHOT] Proceeding with container start
2025-01-29 13:19:48,051 INFO c.h.h.t.HelmChartContainer - [test-hivemq-platform] [hivemq] [357680fc] INFO  - [HiveMQ Platform Operator Init App 1.7.0-SNAPSHOT] Initializing HiveMQ Platform extensions with initial configuration: {hivemq-allow-all-extension={start-priority=-1, skip-https-hostname-verification=false, restart=true, config-version=0, header-version=0, c-uri=, priority=-1, uri=preinstalled, skip-https-certificate-validation=false, enabled=true}, hivemq-prometheus-extension={priority=-1, start-priority=-1, c-uri=, skip-https-hostname-verification=false, skip-https-certificate-validation=false, uri=preinstalled, request-header-path=no-request-headers, enabled=true, restart=true}}
2025-01-29 13:19:48,059 INFO c.h.h.t.HelmChartContainer - [test-hivemq-platform] [hivemq] [895d87d7] INFO  - [HiveMQ Platform Operator Init App 1.7.0-SNAPSHOT] Resolved 1 IP addresses: [10.42.0.6]
2025-01-29 13:19:48,059 INFO c.h.h.t.HelmChartContainer - [test-hivemq-platform] [hivemq] [895d87d7] INFO  - [HiveMQ Platform Operator Init App 1.7.0-SNAPSHOT] HiveMQ node count of 1 is within threshold of 1
2025-01-29 13:19:48,059 INFO c.h.h.t.HelmChartContainer - [test-hivemq-platform] [hivemq] [895d87d7] INFO  - [HiveMQ Platform Operator Init App 1.7.0-SNAPSHOT] Proceeding with container start
2025-01-29 13:19:48,148 INFO c.h.h.t.HelmChartContainer - [test-hivemq-platform] [hivemq] [895d87d7] INFO  - [HiveMQ Platform Operator Init App 1.7.0-SNAPSHOT] Initializing HiveMQ Platform extensions with initial configuration: {hivemq-allow-all-extension={start-priority=-1, skip-https-hostname-verification=false, restart=true, config-version=0, header-version=0, c-uri=, priority=-1, uri=preinstalled, skip-https-certificate-validation=false, enabled=true}, hivemq-prometheus-extension={request-header-path=no-request-headers, uri=preinstalled, skip-https-certificate-validation=false, skip-https-hostname-verification=false, c-uri=, start-priority=-1, priority=-1, restart=true, enabled=true}}
2025-01-29 13:19:48,566 INFO c.h.h.t.HelmChartContainer - [test-hivemq-platform] [hivemq] [357680fc] INFO  - [HiveMQ Platform Operator Init App 1.7.0-SNAPSHOT] Extension hivemq-allow-all-extension was already enabled
2025-01-29 13:19:48,574 INFO c.h.h.t.HelmChartContainer - [test-hivemq-platform] [hivemq] [357680fc] INFO  - [HiveMQ Platform Operator Init App 1.7.0-SNAPSHOT] Successfully enabled extension hivemq-prometheus-extension
2025-01-29 13:19:48,641 INFO c.h.h.t.HelmChartContainer - [test-hivemq-platform] [hivemq] [895d87d7] INFO  - [HiveMQ Platform Operator Init App 1.7.0-SNAPSHOT] Extension hivemq-allow-all-extension was already enabled
2025-01-29 13:19:48,649 INFO c.h.h.t.HelmChartContainer - [test-hivemq-platform] [hivemq] [357680fc] INFO  - [HiveMQ Platform Operator Init App 1.7.0-SNAPSHOT] Starting HiveMQ Platform version 4.36.0 (4.36.0)
2025-01-29 13:19:48,650 INFO c.h.h.t.HelmChartContainer - [test-hivemq-platform] [hivemq] [357680fc] INFO  - [HiveMQ Platform Operator Init App 1.7.0-SNAPSHOT] Configuring the HiveMQ Platform
2025-01-29 13:19:48,666 INFO c.h.h.t.HelmChartContainer - [test-hivemq-platform] [hivemq] [357680fc] INFO  - [HiveMQ Platform Operator Init App 1.7.0-SNAPSHOT] Changed logback.xml file scan period to 20 seconds
2025-01-29 13:19:48,668 INFO c.h.h.t.HelmChartContainer - [test-hivemq-platform] [hivemq] [895d87d7] INFO  - [HiveMQ Platform Operator Init App 1.7.0-SNAPSHOT] Successfully enabled extension hivemq-prometheus-extension
2025-01-29 13:19:48,668 INFO c.h.h.t.HelmChartContainer - [test-hivemq-platform] [hivemq] [895d87d7] INFO  - [HiveMQ Platform Operator Init App 1.7.0-SNAPSHOT] Starting HiveMQ Platform version 4.36.0 (4.36.0)
2025-01-29 13:19:48,668 INFO c.h.h.t.HelmChartContainer - [test-hivemq-platform] [hivemq] [895d87d7] INFO  - [HiveMQ Platform Operator Init App 1.7.0-SNAPSHOT] Configuring the HiveMQ Platform
2025-01-29 13:19:48,744 INFO c.h.h.t.HelmChartContainer - [test-hivemq-platform] [hivemq] [895d87d7] INFO  - [HiveMQ Platform Operator Init App 1.7.0-SNAPSHOT] Changed logback.xml file scan period to 20 seconds
2025-01-29 13:19:48,759 INFO c.h.h.t.HelmChartContainer - [test-hivemq-platform] [hivemq] [357680fc] INFO  - [HiveMQ Platform Operator Init App 1.7.0-SNAPSHOT] Starting the HiveMQ Platform
2025-01-29 13:19:48,764 INFO c.h.h.t.HelmChartContainer - [test-hivemq-platform] [hivemq] [357680fc] -------------------------------------------------------------------------
2025-01-29 13:19:48,765 INFO c.h.h.t.HelmChartContainer - [test-hivemq-platform] [hivemq] [357680fc] 
2025-01-29 13:19:48,765 INFO c.h.h.t.HelmChartContainer - [test-hivemq-platform] [hivemq] [357680fc]                   _    _  _              __  __   ____
2025-01-29 13:19:48,765 INFO c.h.h.t.HelmChartContainer - [test-hivemq-platform] [hivemq] [357680fc]                  | |  | |(_)            |  \/  | / __ \
2025-01-29 13:19:48,765 INFO c.h.h.t.HelmChartContainer - [test-hivemq-platform] [hivemq] [357680fc]                  | |__| | _ __   __ ___ | \  / || |  | |
2025-01-29 13:19:48,765 INFO c.h.h.t.HelmChartContainer - [test-hivemq-platform] [hivemq] [357680fc]                  |  __  || |\ \ / // _ \| |\/| || |  | |
2025-01-29 13:19:48,765 INFO c.h.h.t.HelmChartContainer - [test-hivemq-platform] [hivemq] [357680fc]                  | |  | || | \ V /|  __/| |  | || |__| |
2025-01-29 13:19:48,765 INFO c.h.h.t.HelmChartContainer - [test-hivemq-platform] [hivemq] [357680fc]                  |_|  |_||_|  \_/  \___||_|  |_| \___\_\
2025-01-29 13:19:48,765 INFO c.h.h.t.HelmChartContainer - [test-hivemq-platform] [hivemq] [357680fc] 
2025-01-29 13:19:48,765 INFO c.h.h.t.HelmChartContainer - [test-hivemq-platform] [hivemq] [357680fc] -------------------------------------------------------------------------
2025-01-29 13:19:48,765 INFO c.h.h.t.HelmChartContainer - [test-hivemq-platform] [hivemq] [357680fc] 
2025-01-29 13:19:48,765 INFO c.h.h.t.HelmChartContainer - [test-hivemq-platform] [hivemq] [357680fc]   HiveMQ Start Script for Linux/Unix v1.14
2025-01-29 13:19:48,765 INFO c.h.h.t.HelmChartContainer - [test-hivemq-platform] [hivemq] [357680fc] 
2025-01-29 13:19:48,841 INFO c.h.h.t.HelmChartContainer - [test-hivemq-platform] [hivemq] [895d87d7] INFO  - [HiveMQ Platform Operator Init App 1.7.0-SNAPSHOT] Starting the HiveMQ Platform
2025-01-29 13:19:48,843 INFO c.h.h.t.HelmChartContainer - [test-hivemq-platform] [hivemq] [895d87d7] -------------------------------------------------------------------------
2025-01-29 13:19:48,843 INFO c.h.h.t.HelmChartContainer - [test-hivemq-platform] [hivemq] [895d87d7] 
2025-01-29 13:19:48,843 INFO c.h.h.t.HelmChartContainer - [test-hivemq-platform] [hivemq] [895d87d7]                   _    _  _              __  __   ____
2025-01-29 13:19:48,843 INFO c.h.h.t.HelmChartContainer - [test-hivemq-platform] [hivemq] [895d87d7]                  | |  | |(_)            |  \/  | / __ \
2025-01-29 13:19:48,844 INFO c.h.h.t.HelmChartContainer - [test-hivemq-platform] [hivemq] [895d87d7]                  | |__| | _ __   __ ___ | \  / || |  | |
2025-01-29 13:19:48,844 INFO c.h.h.t.HelmChartContainer - [test-hivemq-platform] [hivemq] [895d87d7]                  |  __  || |\ \ / // _ \| |\/| || |  | |
2025-01-29 13:19:48,844 INFO c.h.h.t.HelmChartContainer - [test-hivemq-platform] [hivemq] [895d87d7]                  | |  | || | \ V /|  __/| |  | || |__| |
2025-01-29 13:19:48,844 INFO c.h.h.t.HelmChartContainer - [test-hivemq-platform] [hivemq] [895d87d7]                  |_|  |_||_|  \_/  \___||_|  |_| \___\_\
2025-01-29 13:19:48,844 INFO c.h.h.t.HelmChartContainer - [test-hivemq-platform] [hivemq] [895d87d7] 
2025-01-29 13:19:48,844 INFO c.h.h.t.HelmChartContainer - [test-hivemq-platform] [hivemq] [895d87d7] -------------------------------------------------------------------------
2025-01-29 13:19:48,844 INFO c.h.h.t.HelmChartContainer - [test-hivemq-platform] [hivemq] [895d87d7] 
2025-01-29 13:19:48,844 INFO c.h.h.t.HelmChartContainer - [test-hivemq-platform] [hivemq] [895d87d7]   HiveMQ Start Script for Linux/Unix v1.14
2025-01-29 13:19:48,844 INFO c.h.h.t.HelmChartContainer - [test-hivemq-platform] [hivemq] [895d87d7] 
2025-01-29 13:19:48,855 INFO c.h.h.t.HelmChartContainer - [test-hivemq-platform] [hivemq] [357680fc] -------------------------------------------------------------------------
2025-01-29 13:19:48,855 INFO c.h.h.t.HelmChartContainer - [test-hivemq-platform] [hivemq] [357680fc] 
2025-01-29 13:19:48,855 INFO c.h.h.t.HelmChartContainer - [test-hivemq-platform] [hivemq] [357680fc]   HIVEMQ_HOME: /opt/hivemq
2025-01-29 13:19:48,856 INFO c.h.h.t.HelmChartContainer - [test-hivemq-platform] [hivemq] [357680fc] 
2025-01-29 13:19:48,856 INFO c.h.h.t.HelmChartContainer - [test-hivemq-platform] [hivemq] [357680fc]   JAVA_OPTS: -XX:+UnlockExperimentalVMOptions -XX:InitialRAMPercentage=50 -XX:MaxRAMPercentage=50 -Djava.net.preferIPv4Stack=true --add-opens java.base/java.lang=ALL-UNNAMED --add-opens java.base/java.nio=ALL-UNNAMED --add-opens java.base/sun.nio.ch=ALL-UNNAMED --add-opens jdk.management/com.sun.management.internal=ALL-UNNAMED --add-exports java.base/jdk.internal.misc=ALL-UNNAMED -Djava.security.egd=file:/dev/./urandom -Dcom.sun.management.jmxremote -Dcom.sun.management.jmxremote.port=9010 -Dcom.sun.management.jmxremote.local.only=false -Dcom.sun.management.jmxremote.authenticate=false -Dcom.sun.management.jmxremote.ssl=false -Duser.language=en -Duser.region=US -XX:+CrashOnOutOfMemoryError -XX:+HeapDumpOnOutOfMemoryError
2025-01-29 13:19:48,856 INFO c.h.h.t.HelmChartContainer - [test-hivemq-platform] [hivemq] [357680fc] 
2025-01-29 13:19:48,856 INFO c.h.h.t.HelmChartContainer - [test-hivemq-platform] [hivemq] [357680fc]   JAVA_VERSION: 21
2025-01-29 13:19:48,856 INFO c.h.h.t.HelmChartContainer - [test-hivemq-platform] [hivemq] [357680fc] 
2025-01-29 13:19:48,856 INFO c.h.h.t.HelmChartContainer - [test-hivemq-platform] [hivemq] [357680fc] -------------------------------------------------------------------------
2025-01-29 13:19:48,856 INFO c.h.h.t.HelmChartContainer - [test-hivemq-platform] [hivemq] [357680fc] 
2025-01-29 13:19:48,940 INFO c.h.h.t.HelmChartContainer - [test-hivemq-platform] [hivemq] [895d87d7] -------------------------------------------------------------------------
2025-01-29 13:19:48,940 INFO c.h.h.t.HelmChartContainer - [test-hivemq-platform] [hivemq] [895d87d7] 
2025-01-29 13:19:48,940 INFO c.h.h.t.HelmChartContainer - [test-hivemq-platform] [hivemq] [895d87d7]   HIVEMQ_HOME: /opt/hivemq
2025-01-29 13:19:48,940 INFO c.h.h.t.HelmChartContainer - [test-hivemq-platform] [hivemq] [895d87d7] 
2025-01-29 13:19:48,940 INFO c.h.h.t.HelmChartContainer - [test-hivemq-platform] [hivemq] [895d87d7]   JAVA_OPTS: -XX:+UnlockExperimentalVMOptions -XX:InitialRAMPercentage=50 -XX:MaxRAMPercentage=50 -Djava.net.preferIPv4Stack=true --add-opens java.base/java.lang=ALL-UNNAMED --add-opens java.base/java.nio=ALL-UNNAMED --add-opens java.base/sun.nio.ch=ALL-UNNAMED --add-opens jdk.management/com.sun.management.internal=ALL-UNNAMED --add-exports java.base/jdk.internal.misc=ALL-UNNAMED -Djava.security.egd=file:/dev/./urandom -Dcom.sun.management.jmxremote -Dcom.sun.management.jmxremote.port=9010 -Dcom.sun.management.jmxremote.local.only=false -Dcom.sun.management.jmxremote.authenticate=false -Dcom.sun.management.jmxremote.ssl=false -Duser.language=en -Duser.region=US -XX:+CrashOnOutOfMemoryError -XX:+HeapDumpOnOutOfMemoryError
2025-01-29 13:19:48,940 INFO c.h.h.t.HelmChartContainer - [test-hivemq-platform] [hivemq] [895d87d7] 
2025-01-29 13:19:48,941 INFO c.h.h.t.HelmChartContainer - [test-hivemq-platform] [hivemq] [895d87d7]   JAVA_VERSION: 21
2025-01-29 13:19:48,941 INFO c.h.h.t.HelmChartContainer - [test-hivemq-platform] [hivemq] [895d87d7] 
2025-01-29 13:19:48,941 INFO c.h.h.t.HelmChartContainer - [test-hivemq-platform] [hivemq] [895d87d7] -------------------------------------------------------------------------
2025-01-29 13:19:48,941 INFO c.h.h.t.HelmChartContainer - [test-hivemq-platform] [hivemq] [895d87d7] 
2025-01-29 13:19:49,460 INFO c.h.h.t.HelmChartContainer - [test-hivemq-platform] [hivemq] [357680fc] INFO  - [HiveMQ Platform Operator Init App 1.7.0-SNAPSHOT] Returning default Health API response 503 for readiness
2025-01-29 13:19:49,467 INFO c.h.h.t.HelmChartContainer - [test-hivemq-platform] [hivemq] [895d87d7] INFO  - [HiveMQ Platform Operator Init App 1.7.0-SNAPSHOT] Returning default Health API response 503 for readiness
2025-01-29 13:19:49,771 INFO c.h.h.t.HelmChartContainer - [EVENT] Warning [Unhealthy] Readiness probe failed: HTTP probe failed with statuscode: 503 [customoperatornamespacesit-beta:test-hivemq-platform-beta-0]
2025-01-29 13:19:49,771 INFO c.h.h.t.HelmChartContainer - Received Unhealthy event for container hivemq in pod test-hivemq-platform-beta-0 [357680fc-954c-4fd0-8a38-cc17b1f9058c]
2025-01-29 13:19:49,846 INFO c.h.h.t.HelmChartContainer - [EVENT] Warning [Unhealthy] Readiness probe failed: HTTP probe failed with statuscode: 503 [customoperatornamespacesit-alpha:test-hivemq-platform-alpha-0]
2025-01-29 13:19:49,846 INFO c.h.h.t.HelmChartContainer - Received Unhealthy event for container hivemq in pod test-hivemq-platform-alpha-0 [895d87d7-f14c-47e1-94a7-5b93bad89030]
2025-01-29 13:19:51,669 INFO c.h.h.t.HelmChartContainer - [test-hivemq-platform] [hivemq] [357680fc] INFO  - Starting HiveMQ Enterprise Server
2025-01-29 13:19:51,758 INFO c.h.h.t.HelmChartContainer - [test-hivemq-platform] [hivemq] [357680fc] INFO  - HiveMQ version: 4.36.0
2025-01-29 13:19:51,758 INFO c.h.h.t.HelmChartContainer - [test-hivemq-platform] [hivemq] [357680fc] INFO  - HiveMQ home directory: /opt/hivemq
2025-01-29 13:19:51,758 INFO c.h.h.t.HelmChartContainer - [test-hivemq-platform] [hivemq] [357680fc] INFO  - Log Configuration was overridden by /opt/hivemq/conf/logback.xml
2025-01-29 13:19:51,768 INFO c.h.h.t.HelmChartContainer - [test-hivemq-platform] [hivemq] [895d87d7] INFO  - Starting HiveMQ Enterprise Server
2025-01-29 13:19:51,842 INFO c.h.h.t.HelmChartContainer - [test-hivemq-platform] [hivemq] [895d87d7] INFO  - HiveMQ version: 4.36.0
2025-01-29 13:19:51,842 INFO c.h.h.t.HelmChartContainer - [test-hivemq-platform] [hivemq] [895d87d7] INFO  - HiveMQ home directory: /opt/hivemq
2025-01-29 13:19:51,842 INFO c.h.h.t.HelmChartContainer - [test-hivemq-platform] [hivemq] [895d87d7] INFO  - Log Configuration was overridden by /opt/hivemq/conf/logback.xml
2025-01-29 13:19:53,560 INFO c.h.h.t.HelmChartContainer - [test-hivemq-platform] [hivemq] [357680fc] INFO  - Successfully loaded configuration from '/opt/hivemq/conf-k8s/config.xml'.
2025-01-29 13:19:53,569 INFO c.h.h.t.HelmChartContainer - [test-hivemq-platform] [hivemq] [895d87d7] INFO  - Successfully loaded configuration from '/opt/hivemq/conf-k8s/config.xml'.
2025-01-29 13:19:53,607 INFO c.h.h.t.HelmChartContainer - [hivemq-test-hivemq-platform] [hivemq-platform-operator] [0e088f31] 13:19:53.604 [pool-6-thread-21] DEBUG c.h.p.o.d.PlatformServiceResource - [customop] Desired Platform services (3 services)
2025-01-29 13:19:53,607 INFO c.h.h.t.HelmChartContainer - [hivemq-test-hivemq-platform] [hivemq-platform-operator] [0e088f31] 13:19:53.604 [pool-6-thread-27] DEBUG c.h.p.o.dependants.PodInfoConfigMap - [customop] Desired PodInfo ConfigMap (1 extensions) (1 enabled)
2025-01-29 13:19:53,608 INFO c.h.h.t.HelmChartContainer - [hivemq-test-hivemq-platform] [hivemq-platform-operator] [0e088f31] 13:19:53.604 [pool-6-thread-27] DEBUG c.h.p.o.dependants.PodInfoConfigMap - [customop] Desired PodInfo ConfigMap (metrics port: 9399) (metrics path: /)
2025-01-29 13:19:53,608 INFO c.h.h.t.HelmChartContainer - [hivemq-test-hivemq-platform] [hivemq-platform-operator] [0e088f31] 13:19:53.604 [pool-6-thread-27] DEBUG c.h.p.o.dependants.PodInfoConfigMap - [customop] Desired PodInfo ConfigMap (extension state hash: -1817474005)
2025-01-29 13:19:53,608 INFO c.h.h.t.HelmChartContainer - [hivemq-test-hivemq-platform] [hivemq-platform-operator] [0e088f31] 13:19:53.605 [pool-6-thread-25] DEBUG c.h.p.o.d.PodServiceAccountResource - [customop] Desired PodServiceAccountResource (serviceAccountName: hivemq-platform-pod-test-hivemq-platform-beta)
2025-01-29 13:19:53,612 INFO c.h.h.t.HelmChartContainer - [hivemq-test-hivemq-platform] [hivemq-platform-operator] [0e088f31] 13:19:53.611 [pool-6-thread-13] DEBUG c.h.p.o.d.StatefulSetResource - [customop] Desired StatefulSet (1 replicas) for status STARTING (READY)
2025-01-29 13:19:53,615 INFO c.h.h.t.HelmChartContainer - [hivemq-test-hivemq-platform] [hivemq-platform-operator] [0e088f31] 13:19:53.614 [ReconcilerExecutor-hivemq-controller-124] INFO  c.h.p.o.HiveMQPlatformReconciler - [customop] Reconciling HiveMQ Platform 'test-hivemq-platform-beta' in namespace 'customoperatornamespacesit-beta'
2025-01-29 13:19:53,615 INFO c.h.h.t.HelmChartContainer - [hivemq-test-hivemq-platform] [hivemq-platform-operator] [0e088f31] 13:19:53.614 [ReconcilerExecutor-hivemq-controller-124] DEBUG c.h.p.o.HiveMQPlatformReconciler - [customop] Custom Resource Status STARTING - HiveMQ Platform is starting (READY)
2025-01-29 13:19:53,615 INFO c.h.h.t.HelmChartContainer - [hivemq-test-hivemq-platform] [hivemq-platform-operator] [0e088f31] 13:19:53.614 [ReconcilerExecutor-hivemq-controller-124] DEBUG c.h.p.o.HiveMQPlatformReconciler - [customop] Custom Resource Spec (replicas: 1) (extensions: 1)
2025-01-29 13:19:53,619 INFO c.h.h.t.HelmChartContainer - [hivemq-test-hivemq-platform] [hivemq-platform-operator] [0e088f31] 13:19:53.617 [ReconcilerExecutor-hivemq-controller-124] DEBUG c.h.p.o.HiveMQPlatformReconciler - [customop] StatefulSet Status (revision: test-hivemq-platform-beta-68c75dbff9, replicas: 1, available: 0, ready: 0, current: 1, updated: 1)
2025-01-29 13:19:53,619 INFO c.h.h.t.HelmChartContainer - [hivemq-test-hivemq-platform] [hivemq-platform-operator] [0e088f31] 13:19:53.617 [ReconcilerExecutor-hivemq-controller-124] DEBUG c.h.p.o.HiveMQPlatformReconciler - [customop] StatefulSet Spec (replicas: 1, init containers: 1, containers: 1, volumes: 3)
2025-01-29 13:19:53,620 INFO c.h.h.t.HelmChartContainer - [hivemq-test-hivemq-platform] [hivemq-platform-operator] [0e088f31] 13:19:53.620 [ReconcilerExecutor-hivemq-controller-124] DEBUG c.h.p.o.h.HiveMQPlatformReconcilerErrorHandler - [customop] Pod 'test-hivemq-platform-beta-0' phase Running
2025-01-29 13:19:53,686 INFO c.h.h.t.HelmChartContainer - [hivemq-test-hivemq-platform] [hivemq-platform-operator] [0e088f31] 13:19:53.685 [ReconcilerExecutor-hivemq-controller-124] INFO  c.h.p.o.h.HiveMQPlatformReconcilerBaseHandler - [customop] HiveMQ Platform is starting, 0 of 1 replicas are ready
2025-01-29 13:19:53,702 INFO c.h.h.t.HelmChartContainer - [hivemq-test-hivemq-platform] [hivemq-platform-operator] [0e088f31] 13:19:53.699 [pool-6-thread-31] DEBUG c.h.p.o.d.PlatformServiceResource - [customop] Desired Platform services (3 services)
2025-01-29 13:19:53,702 INFO c.h.h.t.HelmChartContainer - [hivemq-test-hivemq-platform] [hivemq-platform-operator] [0e088f31] 13:19:53.699 [pool-6-thread-32] DEBUG c.h.p.o.d.PodServiceAccountResource - [customop] Desired PodServiceAccountResource (serviceAccountName: hivemq-platform-pod-test-hivemq-platform-alpha)
2025-01-29 13:19:53,704 INFO c.h.h.t.HelmChartContainer - [hivemq-test-hivemq-platform] [hivemq-platform-operator] [0e088f31] 13:19:53.702 [pool-6-thread-40] DEBUG c.h.p.o.dependants.PodInfoConfigMap - [customop] Desired PodInfo ConfigMap (1 extensions) (1 enabled)
2025-01-29 13:19:53,705 INFO c.h.h.t.HelmChartContainer - [hivemq-test-hivemq-platform] [hivemq-platform-operator] [0e088f31] 13:19:53.704 [pool-6-thread-40] DEBUG c.h.p.o.dependants.PodInfoConfigMap - [customop] Desired PodInfo ConfigMap (metrics port: 9399) (metrics path: /)
2025-01-29 13:19:53,706 INFO c.h.h.t.HelmChartContainer - [hivemq-test-hivemq-platform] [hivemq-platform-operator] [0e088f31] 13:19:53.704 [pool-6-thread-40] DEBUG c.h.p.o.dependants.PodInfoConfigMap - [customop] Desired PodInfo ConfigMap (extension state hash: -1817474005)
2025-01-29 13:19:53,788 INFO c.h.h.t.HelmChartContainer - [hivemq-test-hivemq-platform] [hivemq-platform-operator] [0e088f31] 13:19:53.787 [pool-6-thread-40] DEBUG c.h.p.o.d.StatefulSetResource - [customop] Desired StatefulSet (1 replicas) for status STARTING (READY)
2025-01-29 13:19:53,796 INFO c.h.h.t.HelmChartContainer - [hivemq-test-hivemq-platform] [hivemq-platform-operator] [0e088f31] 13:19:53.793 [ReconcilerExecutor-hivemq-controller-125] INFO  c.h.p.o.HiveMQPlatformReconciler - [customop] Reconciling HiveMQ Platform 'test-hivemq-platform-alpha' in namespace 'customoperatornamespacesit-alpha'
2025-01-29 13:19:53,796 INFO c.h.h.t.HelmChartContainer - [hivemq-test-hivemq-platform] [hivemq-platform-operator] [0e088f31] 13:19:53.793 [ReconcilerExecutor-hivemq-controller-125] DEBUG c.h.p.o.HiveMQPlatformReconciler - [customop] Custom Resource Status STARTING - HiveMQ Platform is starting (READY)
2025-01-29 13:19:53,796 INFO c.h.h.t.HelmChartContainer - [hivemq-test-hivemq-platform] [hivemq-platform-operator] [0e088f31] 13:19:53.793 [ReconcilerExecutor-hivemq-controller-125] DEBUG c.h.p.o.HiveMQPlatformReconciler - [customop] Custom Resource Spec (replicas: 1) (extensions: 1)
2025-01-29 13:19:53,796 INFO c.h.h.t.HelmChartContainer - [hivemq-test-hivemq-platform] [hivemq-platform-operator] [0e088f31] 13:19:53.794 [ReconcilerExecutor-hivemq-controller-125] DEBUG c.h.p.o.HiveMQPlatformReconciler - [customop] StatefulSet Status (revision: test-hivemq-platform-alpha-5bcd5cb867, replicas: 1, available: 0, ready: 0, current: 1, updated: 1)
2025-01-29 13:19:53,796 INFO c.h.h.t.HelmChartContainer - [hivemq-test-hivemq-platform] [hivemq-platform-operator] [0e088f31] 13:19:53.794 [ReconcilerExecutor-hivemq-controller-125] DEBUG c.h.p.o.HiveMQPlatformReconciler - [customop] StatefulSet Spec (replicas: 1, init containers: 1, containers: 1, volumes: 3)
2025-01-29 13:19:53,797 INFO c.h.h.t.HelmChartContainer - [hivemq-test-hivemq-platform] [hivemq-platform-operator] [0e088f31] 13:19:53.795 [ReconcilerExecutor-hivemq-controller-125] DEBUG c.h.p.o.h.HiveMQPlatformReconcilerErrorHandler - [customop] Pod 'test-hivemq-platform-alpha-0' phase Running
2025-01-29 13:19:53,798 INFO c.h.h.t.HelmChartContainer - [hivemq-test-hivemq-platform] [hivemq-platform-operator] [0e088f31] 13:19:53.796 [ReconcilerExecutor-hivemq-controller-125] INFO  c.h.p.o.h.HiveMQPlatformReconcilerBaseHandler - [customop] HiveMQ Platform is starting, 0 of 1 replicas are ready
2025-01-29 13:19:54,549 INFO c.h.h.t.HelmChartContainer - [test-hivemq-platform] [hivemq] [357680fc] INFO  - This node's ID is 4EmaG
2025-01-29 13:19:54,549 INFO c.h.h.t.HelmChartContainer - [test-hivemq-platform] [hivemq] [357680fc] INFO  - Clustering is enabled
2025-01-29 13:19:54,558 INFO c.h.h.t.HelmChartContainer - [test-hivemq-platform] [hivemq] [895d87d7] INFO  - This node's ID is HgNr4
2025-01-29 13:19:54,559 INFO c.h.h.t.HelmChartContainer - [test-hivemq-platform] [hivemq] [895d87d7] INFO  - Clustering is enabled
2025-01-29 13:19:54,961 INFO c.h.h.t.HelmChartContainer - [test-hivemq-platform] [hivemq] [357680fc] WARN  - [HiveMQ Platform Operator Init App 1.7.0-SNAPSHOT] Cannot connect to Health API for readiness: null
2025-01-29 13:19:54,963 INFO c.h.h.t.HelmChartContainer - [EVENT] Warning [Unhealthy] Readiness probe failed: HTTP probe failed with statuscode: 503 [customoperatornamespacesit-beta:test-hivemq-platform-beta-0]
2025-01-29 13:19:54,963 INFO c.h.h.t.HelmChartContainer - Received Unhealthy event for container hivemq in pod test-hivemq-platform-beta-0 [357680fc-954c-4fd0-8a38-cc17b1f9058c]
2025-01-29 13:19:55,041 INFO c.h.h.t.HelmChartContainer - [test-hivemq-platform] [hivemq] [895d87d7] WARN  - [HiveMQ Platform Operator Init App 1.7.0-SNAPSHOT] Cannot connect to Health API for readiness: null
2025-01-29 13:19:55,045 INFO c.h.h.t.HelmChartContainer - [EVENT] Warning [Unhealthy] Readiness probe failed: HTTP probe failed with statuscode: 503 [customoperatornamespacesit-alpha:test-hivemq-platform-alpha-0]
2025-01-29 13:19:55,046 INFO c.h.h.t.HelmChartContainer - Received Unhealthy event for container hivemq in pod test-hivemq-platform-alpha-0 [895d87d7-f14c-47e1-94a7-5b93bad89030]
2025-01-29 13:19:58,949 INFO c.h.h.t.HelmChartContainer - [test-hivemq-platform] [hivemq] [357680fc] Jan 29, 2025 1:19:58 PM io.vertx.core.impl.BlockedThreadChecker
2025-01-29 13:19:58,949 INFO c.h.h.t.HelmChartContainer - [test-hivemq-platform] [hivemq] [357680fc] WARNING: Thread Thread[vert.x-eventloop-thread-1,5,main] has been blocked for 2810 ms, time limit is 2000 ms
2025-01-29 13:19:58,963 INFO c.h.h.t.HelmChartContainer - [test-hivemq-platform] [hivemq] [895d87d7] Jan 29, 2025 1:19:58 PM io.vertx.core.impl.BlockedThreadChecker
2025-01-29 13:19:58,964 INFO c.h.h.t.HelmChartContainer - [test-hivemq-platform] [hivemq] [895d87d7] WARNING: Thread Thread[vert.x-eventloop-thread-1,5,main] has been blocked for 2928 ms, time limit is 2000 ms
2025-01-29 13:19:59,154 INFO c.h.h.t.HelmChartContainer - [test-hivemq-platform] [hivemq] [357680fc] INFO  - [HiveMQ Platform Operator Init App 1.7.0-SNAPSHOT] Updating Pod HiveMQ Platform Operator Init App version annotation (version: 1.7.0-SNAPSHOT)
2025-01-29 13:19:59,260 INFO c.h.h.t.HelmChartContainer - [test-hivemq-platform] [hivemq] [895d87d7] INFO  - [HiveMQ Platform Operator Init App 1.7.0-SNAPSHOT] Updating Pod HiveMQ Platform Operator Init App version annotation (version: 1.7.0-SNAPSHOT)
2025-01-29 13:19:59,469 INFO c.h.h.t.HelmChartContainer - [test-hivemq-platform] [hivemq] [357680fc] WARN  - [HiveMQ Platform Operator Init App 1.7.0-SNAPSHOT] Cannot connect to Health API for readiness: null
2025-01-29 13:19:59,471 INFO c.h.h.t.HelmChartContainer - [test-hivemq-platform] [hivemq] [895d87d7] WARN  - [HiveMQ Platform Operator Init App 1.7.0-SNAPSHOT] Cannot connect to Health API for readiness: null
2025-01-29 13:19:59,479 INFO c.h.h.t.HelmChartContainer - [EVENT] Warning [Unhealthy] Readiness probe failed: HTTP probe failed with statuscode: 503 [customoperatornamespacesit-alpha:test-hivemq-platform-alpha-0]
2025-01-29 13:19:59,479 INFO c.h.h.t.HelmChartContainer - Received Unhealthy event for container hivemq in pod test-hivemq-platform-alpha-0 [895d87d7-f14c-47e1-94a7-5b93bad89030]
2025-01-29 13:19:59,570 INFO c.h.h.t.HelmChartContainer - [EVENT] Warning [Unhealthy] Readiness probe failed: HTTP probe failed with statuscode: 503 [customoperatornamespacesit-beta:test-hivemq-platform-beta-0]
2025-01-29 13:19:59,570 INFO c.h.h.t.HelmChartContainer - Received Unhealthy event for container hivemq in pod test-hivemq-platform-beta-0 [357680fc-954c-4fd0-8a38-cc17b1f9058c]
2025-01-29 13:19:59,952 INFO c.h.h.t.HelmChartContainer - [POD] test-hivemq-platform-alpha-0 [895d87d7-f14c-47e1-94a7-5b93bad89030] in customoperatornamespacesit-alpha was MODIFIED
2025-01-29 13:19:59,962 INFO c.h.h.t.HelmChartContainer - [hivemq-test-hivemq-platform] [hivemq-platform-operator] [0e088f31] 13:19:59.960 [pool-6-thread-22] DEBUG c.h.p.o.d.PlatformServiceResource - [customop] Desired Platform services (3 services)
2025-01-29 13:19:59,966 INFO c.h.h.t.HelmChartContainer - [test-hivemq-platform] [hivemq] [895d87d7] WARN  - [HiveMQ Platform Operator Init App 1.7.0-SNAPSHOT] Cannot connect to Health API for readiness: null
2025-01-29 13:19:59,972 INFO c.h.h.t.HelmChartContainer - [hivemq-test-hivemq-platform] [hivemq-platform-operator] [0e088f31] 13:19:59.961 [pool-6-thread-2] DEBUG c.h.p.o.dependants.PodInfoConfigMap - [customop] Desired PodInfo ConfigMap (1 extensions) (1 enabled)
2025-01-29 13:19:59,972 INFO c.h.h.t.HelmChartContainer - [hivemq-test-hivemq-platform] [hivemq-platform-operator] [0e088f31] 13:19:59.969 [pool-6-thread-2] DEBUG c.h.p.o.dependants.PodInfoConfigMap - [customop] Desired PodInfo ConfigMap (metrics port: 9399) (metrics path: /)
2025-01-29 13:19:59,972 INFO c.h.h.t.HelmChartContainer - [hivemq-test-hivemq-platform] [hivemq-platform-operator] [0e088f31] 13:19:59.969 [pool-6-thread-2] DEBUG c.h.p.o.dependants.PodInfoConfigMap - [customop] Desired PodInfo ConfigMap (extension state hash: -1817474005)
2025-01-29 13:19:59,973 INFO c.h.h.t.HelmChartContainer - [hivemq-test-hivemq-platform] [hivemq-platform-operator] [0e088f31] 13:19:59.971 [pool-6-thread-28] DEBUG c.h.p.o.d.PodServiceAccountResource - [customop] Desired PodServiceAccountResource (serviceAccountName: hivemq-platform-pod-test-hivemq-platform-alpha)
2025-01-29 13:19:59,975 INFO c.h.h.t.HelmChartContainer - [test-hivemq-platform] [hivemq] [895d87d7] INFO  - [HiveMQ Platform Operator Init App 1.7.0-SNAPSHOT] Successfully updated Pod HiveMQ Platform Operator Init App version annotation (version: 1.7.0-SNAPSHOT)
2025-01-29 13:19:59,978 INFO c.h.h.t.HelmChartContainer - [EVENT] Warning [Unhealthy] Readiness probe failed: HTTP probe failed with statuscode: 503 [customoperatornamespacesit-alpha:test-hivemq-platform-alpha-0]
2025-01-29 13:19:59,979 INFO c.h.h.t.HelmChartContainer - Received Unhealthy event for container hivemq in pod test-hivemq-platform-alpha-0 [895d87d7-f14c-47e1-94a7-5b93bad89030]
2025-01-29 13:19:59,986 INFO c.h.h.t.HelmChartContainer - [hivemq-test-hivemq-platform] [hivemq-platform-operator] [0e088f31] 13:19:59.985 [pool-6-thread-46] DEBUG c.h.p.o.d.StatefulSetResource - [customop] Desired StatefulSet (1 replicas) for status STARTING (READY)
2025-01-29 13:19:59,998 INFO c.h.h.t.HelmChartContainer - [hivemq-test-hivemq-platform] [hivemq-platform-operator] [0e088f31] 13:19:59.997 [ReconcilerExecutor-hivemq-controller-126] INFO  c.h.p.o.HiveMQPlatformReconciler - [customop] Reconciling HiveMQ Platform 'test-hivemq-platform-alpha' in namespace 'customoperatornamespacesit-alpha'
2025-01-29 13:20:00,000 INFO c.h.h.t.HelmChartContainer - [hivemq-test-hivemq-platform] [hivemq-platform-operator] [0e088f31] 13:19:59.998 [ReconcilerExecutor-hivemq-controller-126] DEBUG c.h.p.o.HiveMQPlatformReconciler - [customop] Custom Resource Status STARTING - HiveMQ Platform is starting (READY)
2025-01-29 13:20:00,000 INFO c.h.h.t.HelmChartContainer - [hivemq-test-hivemq-platform] [hivemq-platform-operator] [0e088f31] 13:19:59.999 [ReconcilerExecutor-hivemq-controller-126] DEBUG c.h.p.o.HiveMQPlatformReconciler - [customop] Custom Resource Spec (replicas: 1) (extensions: 1)
2025-01-29 13:20:00,064 INFO c.h.h.t.HelmChartContainer - [hivemq-test-hivemq-platform] [hivemq-platform-operator] [0e088f31] 13:20:00.060 [ReconcilerExecutor-hivemq-controller-126] DEBUG c.h.p.o.HiveMQPlatformReconciler - [customop] StatefulSet Status (revision: test-hivemq-platform-alpha-5bcd5cb867, replicas: 1, available: 0, ready: 0, current: 1, updated: 1)
2025-01-29 13:20:00,064 INFO c.h.h.t.HelmChartContainer - [hivemq-test-hivemq-platform] [hivemq-platform-operator] [0e088f31] 13:20:00.060 [ReconcilerExecutor-hivemq-controller-126] DEBUG c.h.p.o.HiveMQPlatformReconciler - [customop] StatefulSet Spec (replicas: 1, init containers: 1, containers: 1, volumes: 3)
2025-01-29 13:20:00,064 INFO c.h.h.t.HelmChartContainer - [hivemq-test-hivemq-platform] [hivemq-platform-operator] [0e088f31] 13:20:00.063 [ReconcilerExecutor-hivemq-controller-126] DEBUG c.h.p.o.h.HiveMQPlatformReconcilerErrorHandler - [customop] Pod 'test-hivemq-platform-alpha-0' phase Running
2025-01-29 13:20:00,068 INFO c.h.h.t.HelmChartContainer - [hivemq-test-hivemq-platform] [hivemq-platform-operator] [0e088f31] 13:20:00.066 [ReconcilerExecutor-hivemq-controller-126] INFO  c.h.p.o.h.HiveMQPlatformReconcilerBaseHandler - [customop] HiveMQ Platform is starting, 0 of 1 replicas are ready
2025-01-29 13:20:00,173 INFO c.h.h.t.HelmChartContainer - [POD] test-hivemq-platform-beta-0 [357680fc-954c-4fd0-8a38-cc17b1f9058c] in customoperatornamespacesit-beta was MODIFIED
2025-01-29 13:20:00,249 INFO c.h.h.t.HelmChartContainer - [hivemq-test-hivemq-platform] [hivemq-platform-operator] [0e088f31] 13:20:00.180 [pool-6-thread-16] DEBUG c.h.p.o.d.PlatformServiceResource - [customop] Desired Platform services (3 services)
2025-01-29 13:20:00,249 INFO c.h.h.t.HelmChartContainer - [hivemq-test-hivemq-platform] [hivemq-platform-operator] [0e088f31] 13:20:00.185 [pool-6-thread-47] DEBUG c.h.p.o.d.PodServiceAccountResource - [customop] Desired PodServiceAccountResource (serviceAccountName: hivemq-platform-pod-test-hivemq-platform-beta)
2025-01-29 13:20:00,249 INFO c.h.h.t.HelmChartContainer - [hivemq-test-hivemq-platform] [hivemq-platform-operator] [0e088f31] 13:20:00.185 [pool-6-thread-41] DEBUG c.h.p.o.dependants.PodInfoConfigMap - [customop] Desired PodInfo ConfigMap (1 extensions) (1 enabled)
2025-01-29 13:20:00,249 INFO c.h.h.t.HelmChartContainer - [hivemq-test-hivemq-platform] [hivemq-platform-operator] [0e088f31] 13:20:00.185 [pool-6-thread-41] DEBUG c.h.p.o.dependants.PodInfoConfigMap - [customop] Desired PodInfo ConfigMap (metrics port: 9399) (metrics path: /)
2025-01-29 13:20:00,249 INFO c.h.h.t.HelmChartContainer - [hivemq-test-hivemq-platform] [hivemq-platform-operator] [0e088f31] 13:20:00.185 [pool-6-thread-41] DEBUG c.h.p.o.dependants.PodInfoConfigMap - [customop] Desired PodInfo ConfigMap (extension state hash: -1817474005)
2025-01-29 13:20:00,249 INFO c.h.h.t.HelmChartContainer - [hivemq-test-hivemq-platform] [hivemq-platform-operator] [0e088f31] 13:20:00.190 [pool-6-thread-16] DEBUG c.h.p.o.d.StatefulSetResource - [customop] Desired StatefulSet (1 replicas) for status STARTING (READY)
2025-01-29 13:20:00,255 INFO c.h.h.t.HelmChartContainer - [test-hivemq-platform] [hivemq] [357680fc] INFO  - [HiveMQ Platform Operator Init App 1.7.0-SNAPSHOT] Successfully updated Pod HiveMQ Platform Operator Init App version annotation (version: 1.7.0-SNAPSHOT)
2025-01-29 13:20:00,257 INFO c.h.h.t.HelmChartContainer - [test-hivemq-platform] [hivemq] [357680fc] WARN  - [HiveMQ Platform Operator Init App 1.7.0-SNAPSHOT] Cannot connect to Health API for readiness: null
2025-01-29 13:20:00,263 INFO c.h.h.t.HelmChartContainer - [hivemq-test-hivemq-platform] [hivemq-platform-operator] [0e088f31] 13:20:00.262 [ReconcilerExecutor-hivemq-controller-127] INFO  c.h.p.o.HiveMQPlatformReconciler - [customop] Reconciling HiveMQ Platform 'test-hivemq-platform-beta' in namespace 'customoperatornamespacesit-beta'
2025-01-29 13:20:00,263 INFO c.h.h.t.HelmChartContainer - [hivemq-test-hivemq-platform] [hivemq-platform-operator] [0e088f31] 13:20:00.262 [ReconcilerExecutor-hivemq-controller-127] DEBUG c.h.p.o.HiveMQPlatformReconciler - [customop] Custom Resource Status STARTING - HiveMQ Platform is starting (READY)
2025-01-29 13:20:00,263 INFO c.h.h.t.HelmChartContainer - [hivemq-test-hivemq-platform] [hivemq-platform-operator] [0e088f31] 13:20:00.262 [ReconcilerExecutor-hivemq-controller-127] DEBUG c.h.p.o.HiveMQPlatformReconciler - [customop] Custom Resource Spec (replicas: 1) (extensions: 1)
2025-01-29 13:20:00,264 INFO c.h.h.t.HelmChartContainer - [EVENT] Warning [Unhealthy] Readiness probe failed: HTTP probe failed with statuscode: 503 [customoperatornamespacesit-beta:test-hivemq-platform-beta-0]
2025-01-29 13:20:00,264 INFO c.h.h.t.HelmChartContainer - Received Unhealthy event for container hivemq in pod test-hivemq-platform-beta-0 [357680fc-954c-4fd0-8a38-cc17b1f9058c]
2025-01-29 13:20:00,268 INFO c.h.h.t.HelmChartContainer - [hivemq-test-hivemq-platform] [hivemq-platform-operator] [0e088f31] 13:20:00.265 [ReconcilerExecutor-hivemq-controller-127] DEBUG c.h.p.o.HiveMQPlatformReconciler - [customop] StatefulSet Status (revision: test-hivemq-platform-beta-68c75dbff9, replicas: 1, available: 0, ready: 0, current: 1, updated: 1)
2025-01-29 13:20:00,268 INFO c.h.h.t.HelmChartContainer - [hivemq-test-hivemq-platform] [hivemq-platform-operator] [0e088f31] 13:20:00.265 [ReconcilerExecutor-hivemq-controller-127] DEBUG c.h.p.o.HiveMQPlatformReconciler - [customop] StatefulSet Spec (replicas: 1, init containers: 1, containers: 1, volumes: 3)
2025-01-29 13:20:00,268 INFO c.h.h.t.HelmChartContainer - [hivemq-test-hivemq-platform] [hivemq-platform-operator] [0e088f31] 13:20:00.266 [ReconcilerExecutor-hivemq-controller-127] DEBUG c.h.p.o.h.HiveMQPlatformReconcilerErrorHandler - [customop] Pod 'test-hivemq-platform-beta-0' phase Running
2025-01-29 13:20:00,271 INFO c.h.h.t.HelmChartContainer - [hivemq-test-hivemq-platform] [hivemq-platform-operator] [0e088f31] 13:20:00.267 [ReconcilerExecutor-hivemq-controller-127] INFO  c.h.p.o.h.HiveMQPlatformReconcilerBaseHandler - [customop] HiveMQ Platform is starting, 0 of 1 replicas are ready
2025-01-29 13:20:04,970 INFO c.h.h.t.HelmChartContainer - [test-hivemq-platform] [hivemq] [895d87d7] WARN  - [HiveMQ Platform Operator Init App 1.7.0-SNAPSHOT] Cannot connect to Health API for readiness: null
2025-01-29 13:20:04,980 INFO c.h.h.t.HelmChartContainer - [EVENT] Warning [Unhealthy] Readiness probe failed: HTTP probe failed with statuscode: 503 [customoperatornamespacesit-alpha:test-hivemq-platform-alpha-0]
2025-01-29 13:20:04,980 INFO c.h.h.t.HelmChartContainer - Received Unhealthy event for container hivemq in pod test-hivemq-platform-alpha-0 [895d87d7-f14c-47e1-94a7-5b93bad89030]
2025-01-29 13:20:05,258 INFO c.h.h.t.HelmChartContainer - [test-hivemq-platform] [hivemq] [357680fc] WARN  - [HiveMQ Platform Operator Init App 1.7.0-SNAPSHOT] Cannot connect to Health API for readiness: null
2025-01-29 13:20:05,271 INFO c.h.h.t.HelmChartContainer - [EVENT] Warning [Unhealthy] Readiness probe failed: HTTP probe failed with statuscode: 503 [customoperatornamespacesit-beta:test-hivemq-platform-beta-0]
2025-01-29 13:20:05,271 INFO c.h.h.t.HelmChartContainer - Received Unhealthy event for container hivemq in pod test-hivemq-platform-beta-0 [357680fc-954c-4fd0-8a38-cc17b1f9058c]
2025-01-29 13:20:09,961 INFO c.h.h.t.HelmChartContainer - [test-hivemq-platform] [hivemq] [895d87d7] WARN  - [HiveMQ Platform Operator Init App 1.7.0-SNAPSHOT] Cannot connect to Health API for readiness: null
2025-01-29 13:20:09,970 INFO c.h.h.t.HelmChartContainer - [EVENT] Warning [Unhealthy] Readiness probe failed: HTTP probe failed with statuscode: 503 [customoperatornamespacesit-alpha:test-hivemq-platform-alpha-0]
2025-01-29 13:20:09,972 INFO c.h.h.t.HelmChartContainer - Received Unhealthy event for container hivemq in pod test-hivemq-platform-alpha-0 [895d87d7-f14c-47e1-94a7-5b93bad89030]
2025-01-29 13:20:10,081 INFO c.h.h.t.HelmChartContainer - [hivemq-test-hivemq-platform] [hivemq-platform-operator] [0e088f31] 13:20:10.079 [pool-6-thread-8] DEBUG c.h.p.o.d.PlatformServiceResource - [customop] Desired Platform services (3 services)
2025-01-29 13:20:10,083 INFO c.h.h.t.HelmChartContainer - [hivemq-test-hivemq-platform] [hivemq-platform-operator] [0e088f31] 13:20:10.081 [pool-6-thread-1] DEBUG c.h.p.o.dependants.PodInfoConfigMap - [customop] Desired PodInfo ConfigMap (1 extensions) (1 enabled)
2025-01-29 13:20:10,085 INFO c.h.h.t.HelmChartContainer - [hivemq-test-hivemq-platform] [hivemq-platform-operator] [0e088f31] 13:20:10.081 [pool-6-thread-1] DEBUG c.h.p.o.dependants.PodInfoConfigMap - [customop] Desired PodInfo ConfigMap (metrics port: 9399) (metrics path: /)
2025-01-29 13:20:10,085 INFO c.h.h.t.HelmChartContainer - [hivemq-test-hivemq-platform] [hivemq-platform-operator] [0e088f31] 13:20:10.081 [pool-6-thread-1] DEBUG c.h.p.o.dependants.PodInfoConfigMap - [customop] Desired PodInfo ConfigMap (extension state hash: -1817474005)
2025-01-29 13:20:10,085 INFO c.h.h.t.HelmChartContainer - [hivemq-test-hivemq-platform] [hivemq-platform-operator] [0e088f31] 13:20:10.082 [pool-6-thread-49] DEBUG c.h.p.o.d.PodServiceAccountResource - [customop] Desired PodServiceAccountResource (serviceAccountName: hivemq-platform-pod-test-hivemq-platform-alpha)
2025-01-29 13:20:10,090 INFO c.h.h.t.HelmChartContainer - [hivemq-test-hivemq-platform] [hivemq-platform-operator] [0e088f31] 13:20:10.089 [pool-6-thread-8] DEBUG c.h.p.o.d.StatefulSetResource - [customop] Desired StatefulSet (1 replicas) for status STARTING (READY)
2025-01-29 13:20:10,183 INFO c.h.h.t.HelmChartContainer - [test-hivemq-platform] [hivemq] [357680fc] WARN  - [HiveMQ Platform Operator Init App 1.7.0-SNAPSHOT] Cannot connect to Health API for readiness: null
2025-01-29 13:20:10,190 INFO c.h.h.t.HelmChartContainer - [EVENT] Warning [Unhealthy] Readiness probe failed: HTTP probe failed with statuscode: 503 [customoperatornamespacesit-beta:test-hivemq-platform-beta-0]
2025-01-29 13:20:10,190 INFO c.h.h.t.HelmChartContainer - Received Unhealthy event for container hivemq in pod test-hivemq-platform-beta-0 [357680fc-954c-4fd0-8a38-cc17b1f9058c]
2025-01-29 13:20:10,196 INFO c.h.h.t.HelmChartContainer - [hivemq-test-hivemq-platform] [hivemq-platform-operator] [0e088f31] 13:20:10.195 [ReconcilerExecutor-hivemq-controller-128] INFO  c.h.p.o.HiveMQPlatformReconciler - [customop] Reconciling HiveMQ Platform 'test-hivemq-platform-alpha' in namespace 'customoperatornamespacesit-alpha'
2025-01-29 13:20:10,199 INFO c.h.h.t.HelmChartContainer - [hivemq-test-hivemq-platform] [hivemq-platform-operator] [0e088f31] 13:20:10.196 [ReconcilerExecutor-hivemq-controller-128] DEBUG c.h.p.o.HiveMQPlatformReconciler - [customop] Custom Resource Status STARTING - HiveMQ Platform is starting (READY)
2025-01-29 13:20:10,200 INFO c.h.h.t.HelmChartContainer - [hivemq-test-hivemq-platform] [hivemq-platform-operator] [0e088f31] 13:20:10.196 [ReconcilerExecutor-hivemq-controller-128] DEBUG c.h.p.o.HiveMQPlatformReconciler - [customop] Custom Resource Spec (replicas: 1) (extensions: 1)
2025-01-29 13:20:10,204 INFO c.h.h.t.HelmChartContainer - [hivemq-test-hivemq-platform] [hivemq-platform-operator] [0e088f31] 13:20:10.203 [ReconcilerExecutor-hivemq-controller-128] DEBUG c.h.p.o.HiveMQPlatformReconciler - [customop] StatefulSet Status (revision: test-hivemq-platform-alpha-5bcd5cb867, replicas: 1, available: 0, ready: 0, current: 1, updated: 1)
2025-01-29 13:20:10,204 INFO c.h.h.t.HelmChartContainer - [hivemq-test-hivemq-platform] [hivemq-platform-operator] [0e088f31] 13:20:10.203 [ReconcilerExecutor-hivemq-controller-128] DEBUG c.h.p.o.HiveMQPlatformReconciler - [customop] StatefulSet Spec (replicas: 1, init containers: 1, containers: 1, volumes: 3)
2025-01-29 13:20:10,206 INFO c.h.h.t.HelmChartContainer - [hivemq-test-hivemq-platform] [hivemq-platform-operator] [0e088f31] 13:20:10.205 [ReconcilerExecutor-hivemq-controller-128] DEBUG c.h.p.o.h.HiveMQPlatformReconcilerErrorHandler - [customop] Pod 'test-hivemq-platform-alpha-0' phase Running
2025-01-29 13:20:10,206 INFO c.h.h.t.HelmChartContainer - [hivemq-test-hivemq-platform] [hivemq-platform-operator] [0e088f31] 13:20:10.206 [ReconcilerExecutor-hivemq-controller-128] INFO  c.h.p.o.h.HiveMQPlatformReconcilerBaseHandler - [customop] HiveMQ Platform is starting, 0 of 1 replicas are ready
2025-01-29 13:20:10,289 INFO c.h.h.t.HelmChartContainer - [hivemq-test-hivemq-platform] [hivemq-platform-operator] [0e088f31] 13:20:10.287 [pool-6-thread-17] DEBUG c.h.p.o.d.PlatformServiceResource - [customop] Desired Platform services (3 services)
2025-01-29 13:20:10,289 INFO c.h.h.t.HelmChartContainer - [hivemq-test-hivemq-platform] [hivemq-platform-operator] [0e088f31] 13:20:10.287 [pool-6-thread-29] DEBUG c.h.p.o.dependants.PodInfoConfigMap - [customop] Desired PodInfo ConfigMap (1 extensions) (1 enabled)
2025-01-29 13:20:10,289 INFO c.h.h.t.HelmChartContainer - [hivemq-test-hivemq-platform] [hivemq-platform-operator] [0e088f31] 13:20:10.287 [pool-6-thread-29] DEBUG c.h.p.o.dependants.PodInfoConfigMap - [customop] Desired PodInfo ConfigMap (metrics port: 9399) (metrics path: /)
2025-01-29 13:20:10,289 INFO c.h.h.t.HelmChartContainer - [hivemq-test-hivemq-platform] [hivemq-platform-operator] [0e088f31] 13:20:10.287 [pool-6-thread-29] DEBUG c.h.p.o.dependants.PodInfoConfigMap - [customop] Desired PodInfo ConfigMap (extension state hash: -1817474005)
2025-01-29 13:20:10,291 INFO c.h.h.t.HelmChartContainer - [hivemq-test-hivemq-platform] [hivemq-platform-operator] [0e088f31] 13:20:10.290 [pool-6-thread-36] DEBUG c.h.p.o.d.PodServiceAccountResource - [customop] Desired PodServiceAccountResource (serviceAccountName: hivemq-platform-pod-test-hivemq-platform-beta)
2025-01-29 13:20:10,294 INFO c.h.h.t.HelmChartContainer - [hivemq-test-hivemq-platform] [hivemq-platform-operator] [0e088f31] 13:20:10.294 [pool-6-thread-17] DEBUG c.h.p.o.d.StatefulSetResource - [customop] Desired StatefulSet (1 replicas) for status STARTING (READY)
2025-01-29 13:20:10,299 INFO c.h.h.t.HelmChartContainer - [hivemq-test-hivemq-platform] [hivemq-platform-operator] [0e088f31] 13:20:10.298 [ReconcilerExecutor-hivemq-controller-129] INFO  c.h.p.o.HiveMQPlatformReconciler - [customop] Reconciling HiveMQ Platform 'test-hivemq-platform-beta' in namespace 'customoperatornamespacesit-beta'
2025-01-29 13:20:10,300 INFO c.h.h.t.HelmChartContainer - [hivemq-test-hivemq-platform] [hivemq-platform-operator] [0e088f31] 13:20:10.299 [ReconcilerExecutor-hivemq-controller-129] DEBUG c.h.p.o.HiveMQPlatformReconciler - [customop] Custom Resource Status STARTING - HiveMQ Platform is starting (READY)
2025-01-29 13:20:10,301 INFO c.h.h.t.HelmChartContainer - [hivemq-test-hivemq-platform] [hivemq-platform-operator] [0e088f31] 13:20:10.299 [ReconcilerExecutor-hivemq-controller-129] DEBUG c.h.p.o.HiveMQPlatformReconciler - [customop] Custom Resource Spec (replicas: 1) (extensions: 1)
2025-01-29 13:20:10,302 INFO c.h.h.t.HelmChartContainer - [hivemq-test-hivemq-platform] [hivemq-platform-operator] [0e088f31] 13:20:10.301 [ReconcilerExecutor-hivemq-controller-129] DEBUG c.h.p.o.HiveMQPlatformReconciler - [customop] StatefulSet Status (revision: test-hivemq-platform-beta-68c75dbff9, replicas: 1, available: 0, ready: 0, current: 1, updated: 1)
2025-01-29 13:20:10,302 INFO c.h.h.t.HelmChartContainer - [hivemq-test-hivemq-platform] [hivemq-platform-operator] [0e088f31] 13:20:10.301 [ReconcilerExecutor-hivemq-controller-129] DEBUG c.h.p.o.HiveMQPlatformReconciler - [customop] StatefulSet Spec (replicas: 1, init containers: 1, containers: 1, volumes: 3)
2025-01-29 13:20:10,363 INFO c.h.h.t.HelmChartContainer - [hivemq-test-hivemq-platform] [hivemq-platform-operator] [0e088f31] 13:20:10.360 [ReconcilerExecutor-hivemq-controller-129] DEBUG c.h.p.o.h.HiveMQPlatformReconcilerErrorHandler - [customop] Pod 'test-hivemq-platform-beta-0' phase Running
2025-01-29 13:20:10,364 INFO c.h.h.t.HelmChartContainer - [hivemq-test-hivemq-platform] [hivemq-platform-operator] [0e088f31] 13:20:10.361 [ReconcilerExecutor-hivemq-controller-129] INFO  c.h.p.o.h.HiveMQPlatformReconcilerBaseHandler - [customop] HiveMQ Platform is starting, 0 of 1 replicas are ready
2025-01-29 13:20:11,961 INFO c.h.h.t.HelmChartContainer - [test-hivemq-platform] [hivemq] [357680fc] WARN  - [HiveMQ Platform Operator Init App 1.7.0-SNAPSHOT] Cannot connect to Health API for liveness: null
2025-01-29 13:20:11,962 INFO c.h.h.t.HelmChartContainer - [test-hivemq-platform] [hivemq] [357680fc] INFO  - [HiveMQ Platform Operator Init App 1.7.0-SNAPSHOT] Returning default Health API response 200 for liveness
2025-01-29 13:20:11,966 INFO c.h.h.t.HelmChartContainer - [test-hivemq-platform] [hivemq] [895d87d7] WARN  - [HiveMQ Platform Operator Init App 1.7.0-SNAPSHOT] Cannot connect to Health API for liveness: null
2025-01-29 13:20:11,967 INFO c.h.h.t.HelmChartContainer - [test-hivemq-platform] [hivemq] [895d87d7] INFO  - [HiveMQ Platform Operator Init App 1.7.0-SNAPSHOT] Returning default Health API response 200 for liveness
2025-01-29 13:20:12,873 INFO c.h.h.t.HelmChartContainer - [test-hivemq-platform] [hivemq] [357680fc] INFO  - No valid license file found. Using trial license, restricted to 25 connections.
2025-01-29 13:20:13,865 INFO c.h.h.t.HelmChartContainer - [test-hivemq-platform] [hivemq] [895d87d7] INFO  - No valid license file found. Using trial license, restricted to 25 connections.
2025-01-29 13:20:14,962 INFO c.h.h.t.HelmChartContainer - [test-hivemq-platform] [hivemq] [895d87d7] WARN  - [HiveMQ Platform Operator Init App 1.7.0-SNAPSHOT] Cannot connect to Health API for readiness: null
2025-01-29 13:20:14,972 INFO c.h.h.t.HelmChartContainer - [EVENT] Warning [Unhealthy] Readiness probe failed: HTTP probe failed with statuscode: 503 [customoperatornamespacesit-alpha:test-hivemq-platform-alpha-0]
2025-01-29 13:20:14,972 INFO c.h.h.t.HelmChartContainer - Received Unhealthy event for container hivemq in pod test-hivemq-platform-alpha-0 [895d87d7-f14c-47e1-94a7-5b93bad89030]
2025-01-29 13:20:15,248 INFO c.h.h.t.HelmChartContainer - [test-hivemq-platform] [hivemq] [357680fc] WARN  - [HiveMQ Platform Operator Init App 1.7.0-SNAPSHOT] Cannot connect to Health API for readiness: null
2025-01-29 13:20:15,252 INFO c.h.h.t.HelmChartContainer - [EVENT] Warning [Unhealthy] Readiness probe failed: HTTP probe failed with statuscode: 503 [customoperatornamespacesit-beta:test-hivemq-platform-beta-0]
2025-01-29 13:20:15,252 INFO c.h.h.t.HelmChartContainer - Received Unhealthy event for container hivemq in pod test-hivemq-platform-beta-0 [357680fc-954c-4fd0-8a38-cc17b1f9058c]
2025-01-29 13:20:17,657 INFO c.h.h.t.HelmChartContainer - [test-hivemq-platform] [hivemq] [895d87d7] INFO  - No valid license file for Data Hub found. Using free license, restricted to 1 policy.
2025-01-29 13:20:18,868 INFO c.h.h.t.HelmChartContainer - [test-hivemq-platform] [hivemq] [895d87d7] INFO  - Audit Logger started.
2025-01-29 13:20:18,876 INFO c.h.h.t.HelmChartContainer - [test-hivemq-platform] [hivemq] [357680fc] INFO  - No valid license file for Data Hub found. Using free license, restricted to 1 policy.
2025-01-29 13:20:19,171 INFO c.h.h.t.HelmChartContainer - [test-hivemq-platform] [hivemq] [895d87d7] INFO  - This node uses '1' CPU cores.
2025-01-29 13:20:19,177 INFO c.h.h.t.HelmChartContainer - [test-hivemq-platform] [hivemq] [895d87d7] INFO  - Starting HiveMQ Health API on address 0.0.0.0 and port 8889
2025-01-29 13:20:19,964 INFO c.h.h.t.HelmChartContainer - [test-hivemq-platform] [hivemq] [895d87d7] WARN  - [HiveMQ Platform Operator Init App 1.7.0-SNAPSHOT] Cannot connect to Health API for readiness: null
2025-01-29 13:20:19,975 INFO c.h.h.t.HelmChartContainer - [EVENT] Warning [Unhealthy] Readiness probe failed: HTTP probe failed with statuscode: 503 [customoperatornamespacesit-alpha:test-hivemq-platform-alpha-0]
2025-01-29 13:20:19,975 INFO c.h.h.t.HelmChartContainer - Received Unhealthy event for container hivemq in pod test-hivemq-platform-alpha-0 [895d87d7-f14c-47e1-94a7-5b93bad89030]
2025-01-29 13:20:20,173 INFO c.h.h.t.HelmChartContainer - [test-hivemq-platform] [hivemq] [895d87d7] INFO  - Started HiveMQ Health API in 996ms
2025-01-29 13:20:20,211 INFO c.h.h.t.HelmChartContainer - [hivemq-test-hivemq-platform] [hivemq-platform-operator] [0e088f31] 13:20:20.208 [pool-6-thread-7] DEBUG c.h.p.o.d.PlatformServiceResource - [customop] Desired Platform services (3 services)
2025-01-29 13:20:20,213 INFO c.h.h.t.HelmChartContainer - [hivemq-test-hivemq-platform] [hivemq-platform-operator] [0e088f31] 13:20:20.212 [pool-6-thread-11] DEBUG c.h.p.o.dependants.PodInfoConfigMap - [customop] Desired PodInfo ConfigMap (1 extensions) (1 enabled)
2025-01-29 13:20:20,214 INFO c.h.h.t.HelmChartContainer - [hivemq-test-hivemq-platform] [hivemq-platform-operator] [0e088f31] 13:20:20.213 [pool-6-thread-44] DEBUG c.h.p.o.d.PodServiceAccountResource - [customop] Desired PodServiceAccountResource (serviceAccountName: hivemq-platform-pod-test-hivemq-platform-alpha)
2025-01-29 13:20:20,215 INFO c.h.h.t.HelmChartContainer - [hivemq-test-hivemq-platform] [hivemq-platform-operator] [0e088f31] 13:20:20.213 [pool-6-thread-11] DEBUG c.h.p.o.dependants.PodInfoConfigMap - [customop] Desired PodInfo ConfigMap (metrics port: 9399) (metrics path: /)
2025-01-29 13:20:20,215 INFO c.h.h.t.HelmChartContainer - [hivemq-test-hivemq-platform] [hivemq-platform-operator] [0e088f31] 13:20:20.213 [pool-6-thread-11] DEBUG c.h.p.o.dependants.PodInfoConfigMap - [customop] Desired PodInfo ConfigMap (extension state hash: -1817474005)
2025-01-29 13:20:20,216 INFO c.h.h.t.HelmChartContainer - [hivemq-test-hivemq-platform] [hivemq-platform-operator] [0e088f31] 13:20:20.216 [pool-6-thread-11] DEBUG c.h.p.o.d.StatefulSetResource - [customop] Desired StatefulSet (1 replicas) for status STARTING (READY)
2025-01-29 13:20:20,221 INFO c.h.h.t.HelmChartContainer - [hivemq-test-hivemq-platform] [hivemq-platform-operator] [0e088f31] 13:20:20.219 [ReconcilerExecutor-hivemq-controller-130] INFO  c.h.p.o.HiveMQPlatformReconciler - [customop] Reconciling HiveMQ Platform 'test-hivemq-platform-alpha' in namespace 'customoperatornamespacesit-alpha'
2025-01-29 13:20:20,222 INFO c.h.h.t.HelmChartContainer - [hivemq-test-hivemq-platform] [hivemq-platform-operator] [0e088f31] 13:20:20.219 [ReconcilerExecutor-hivemq-controller-130] DEBUG c.h.p.o.HiveMQPlatformReconciler - [customop] Custom Resource Status STARTING - HiveMQ Platform is starting (READY)
2025-01-29 13:20:20,222 INFO c.h.h.t.HelmChartContainer - [hivemq-test-hivemq-platform] [hivemq-platform-operator] [0e088f31] 13:20:20.219 [ReconcilerExecutor-hivemq-controller-130] DEBUG c.h.p.o.HiveMQPlatformReconciler - [customop] Custom Resource Spec (replicas: 1) (extensions: 1)
2025-01-29 13:20:20,222 INFO c.h.h.t.HelmChartContainer - [hivemq-test-hivemq-platform] [hivemq-platform-operator] [0e088f31] 13:20:20.220 [ReconcilerExecutor-hivemq-controller-130] DEBUG c.h.p.o.HiveMQPlatformReconciler - [customop] StatefulSet Status (revision: test-hivemq-platform-alpha-5bcd5cb867, replicas: 1, available: 0, ready: 0, current: 1, updated: 1)
2025-01-29 13:20:20,222 INFO c.h.h.t.HelmChartContainer - [hivemq-test-hivemq-platform] [hivemq-platform-operator] [0e088f31] 13:20:20.220 [ReconcilerExecutor-hivemq-controller-130] DEBUG c.h.p.o.HiveMQPlatformReconciler - [customop] StatefulSet Spec (replicas: 1, init containers: 1, containers: 1, volumes: 3)
2025-01-29 13:20:20,222 INFO c.h.h.t.HelmChartContainer - [hivemq-test-hivemq-platform] [hivemq-platform-operator] [0e088f31] 13:20:20.221 [ReconcilerExecutor-hivemq-controller-130] DEBUG c.h.p.o.h.HiveMQPlatformReconcilerErrorHandler - [customop] Pod 'test-hivemq-platform-alpha-0' phase Running
2025-01-29 13:20:20,223 INFO c.h.h.t.HelmChartContainer - [hivemq-test-hivemq-platform] [hivemq-platform-operator] [0e088f31] 13:20:20.222 [ReconcilerExecutor-hivemq-controller-130] INFO  c.h.p.o.h.HiveMQPlatformReconcilerBaseHandler - [customop] HiveMQ Platform is starting, 0 of 1 replicas are ready
2025-01-29 13:20:20,263 INFO c.h.h.t.HelmChartContainer - [test-hivemq-platform] [hivemq] [357680fc] WARN  - [HiveMQ Platform Operator Init App 1.7.0-SNAPSHOT] Cannot connect to Health API for readiness: null
2025-01-29 13:20:20,274 INFO c.h.h.t.HelmChartContainer - [EVENT] Warning [Unhealthy] Readiness probe failed: HTTP probe failed with statuscode: 503 [customoperatornamespacesit-beta:test-hivemq-platform-beta-0]
2025-01-29 13:20:20,274 INFO c.h.h.t.HelmChartContainer - Received Unhealthy event for container hivemq in pod test-hivemq-platform-beta-0 [357680fc-954c-4fd0-8a38-cc17b1f9058c]
2025-01-29 13:20:20,392 INFO c.h.h.t.HelmChartContainer - [hivemq-test-hivemq-platform] [hivemq-platform-operator] [0e088f31] 13:20:20.390 [pool-6-thread-37] DEBUG c.h.p.o.d.PlatformServiceResource - [customop] Desired Platform services (3 services)
2025-01-29 13:20:20,393 INFO c.h.h.t.HelmChartContainer - [hivemq-test-hivemq-platform] [hivemq-platform-operator] [0e088f31] 13:20:20.391 [pool-6-thread-22] DEBUG c.h.p.o.dependants.PodInfoConfigMap - [customop] Desired PodInfo ConfigMap (1 extensions) (1 enabled)
2025-01-29 13:20:20,396 INFO c.h.h.t.HelmChartContainer - [hivemq-test-hivemq-platform] [hivemq-platform-operator] [0e088f31] 13:20:20.392 [pool-6-thread-22] DEBUG c.h.p.o.dependants.PodInfoConfigMap - [customop] Desired PodInfo ConfigMap (metrics port: 9399) (metrics path: /)
2025-01-29 13:20:20,396 INFO c.h.h.t.HelmChartContainer - [hivemq-test-hivemq-platform] [hivemq-platform-operator] [0e088f31] 13:20:20.392 [pool-6-thread-22] DEBUG c.h.p.o.dependants.PodInfoConfigMap - [customop] Desired PodInfo ConfigMap (extension state hash: -1817474005)
2025-01-29 13:20:20,396 INFO c.h.h.t.HelmChartContainer - [hivemq-test-hivemq-platform] [hivemq-platform-operator] [0e088f31] 13:20:20.392 [pool-6-thread-22] DEBUG c.h.p.o.d.PodServiceAccountResource - [customop] Desired PodServiceAccountResource (serviceAccountName: hivemq-platform-pod-test-hivemq-platform-beta)
2025-01-29 13:20:20,399 INFO c.h.h.t.HelmChartContainer - [hivemq-test-hivemq-platform] [hivemq-platform-operator] [0e088f31] 13:20:20.398 [pool-6-thread-37] DEBUG c.h.p.o.d.StatefulSetResource - [customop] Desired StatefulSet (1 replicas) for status STARTING (READY)
2025-01-29 13:20:20,402 INFO c.h.h.t.HelmChartContainer - [hivemq-test-hivemq-platform] [hivemq-platform-operator] [0e088f31] 13:20:20.401 [ReconcilerExecutor-hivemq-controller-131] INFO  c.h.p.o.HiveMQPlatformReconciler - [customop] Reconciling HiveMQ Platform 'test-hivemq-platform-beta' in namespace 'customoperatornamespacesit-beta'
2025-01-29 13:20:20,402 INFO c.h.h.t.HelmChartContainer - [hivemq-test-hivemq-platform] [hivemq-platform-operator] [0e088f31] 13:20:20.401 [ReconcilerExecutor-hivemq-controller-131] DEBUG c.h.p.o.HiveMQPlatformReconciler - [customop] Custom Resource Status STARTING - HiveMQ Platform is starting (READY)
2025-01-29 13:20:20,403 INFO c.h.h.t.HelmChartContainer - [hivemq-test-hivemq-platform] [hivemq-platform-operator] [0e088f31] 13:20:20.401 [ReconcilerExecutor-hivemq-controller-131] DEBUG c.h.p.o.HiveMQPlatformReconciler - [customop] Custom Resource Spec (replicas: 1) (extensions: 1)
2025-01-29 13:20:20,404 INFO c.h.h.t.HelmChartContainer - [hivemq-test-hivemq-platform] [hivemq-platform-operator] [0e088f31] 13:20:20.403 [ReconcilerExecutor-hivemq-controller-131] DEBUG c.h.p.o.HiveMQPlatformReconciler - [customop] StatefulSet Status (revision: test-hivemq-platform-beta-68c75dbff9, replicas: 1, available: 0, ready: 0, current: 1, updated: 1)
2025-01-29 13:20:20,404 INFO c.h.h.t.HelmChartContainer - [hivemq-test-hivemq-platform] [hivemq-platform-operator] [0e088f31] 13:20:20.403 [ReconcilerExecutor-hivemq-controller-131] DEBUG c.h.p.o.HiveMQPlatformReconciler - [customop] StatefulSet Spec (replicas: 1, init containers: 1, containers: 1, volumes: 3)
2025-01-29 13:20:20,410 INFO c.h.h.t.HelmChartContainer - [hivemq-test-hivemq-platform] [hivemq-platform-operator] [0e088f31] 13:20:20.409 [ReconcilerExecutor-hivemq-controller-131] DEBUG c.h.p.o.h.HiveMQPlatformReconcilerErrorHandler - [customop] Pod 'test-hivemq-platform-beta-0' phase Running
2025-01-29 13:20:20,410 INFO c.h.h.t.HelmChartContainer - [hivemq-test-hivemq-platform] [hivemq-platform-operator] [0e088f31] 13:20:20.410 [ReconcilerExecutor-hivemq-controller-131] INFO  c.h.p.o.h.HiveMQPlatformReconcilerBaseHandler - [customop] HiveMQ Platform is starting, 0 of 1 replicas are ready
2025-01-29 13:20:20,473 INFO c.h.h.t.HelmChartContainer - [test-hivemq-platform] [hivemq] [357680fc] INFO  - Audit Logger started.
2025-01-29 13:20:20,771 INFO c.h.h.t.HelmChartContainer - [test-hivemq-platform] [hivemq] [895d87d7] INFO  - Starting HiveMQ extension system.
2025-01-29 13:20:20,797 INFO c.h.h.t.HelmChartContainer - [test-hivemq-platform] [hivemq] [357680fc] INFO  - This node uses '1' CPU cores.
2025-01-29 13:20:20,860 INFO c.h.h.t.HelmChartContainer - [test-hivemq-platform] [hivemq] [357680fc] INFO  - Starting HiveMQ Health API on address 0.0.0.0 and port 8889
2025-01-29 13:20:21,058 INFO c.h.h.t.HelmChartContainer - [test-hivemq-platform] [hivemq] [895d87d7] INFO  - Starting extension with id "hivemq-dns-cluster-discovery" at /opt/hivemq/extensions/hivemq-dns-cluster-discovery
2025-01-29 13:20:21,573 INFO c.h.h.t.HelmChartContainer - [test-hivemq-platform] [hivemq] [895d87d7] INFO  - Using TCP cluster transport on address 10.42.0.6 and port 7000
2025-01-29 13:20:21,663 INFO c.h.h.t.HelmChartContainer - [test-hivemq-platform] [hivemq] [895d87d7] INFO  - Using extension cluster discovery
2025-01-29 13:20:21,674 INFO c.h.h.t.HelmChartContainer - [test-hivemq-platform] [hivemq] [357680fc] INFO  - Started HiveMQ Health API in 816ms
2025-01-29 13:20:21,860 INFO c.h.h.t.HelmChartContainer - [test-hivemq-platform] [hivemq] [895d87d7] INFO  - Extension "DNS Cluster Discovery Extension" version 4.3.2 started successfully.
2025-01-29 13:20:21,860 INFO c.h.h.t.HelmChartContainer - [test-hivemq-platform] [hivemq] [895d87d7] INFO  - Starting extension with id "hivemq-prometheus-extension" at /opt/hivemq/extensions/hivemq-prometheus-extension
2025-01-29 13:20:22,668 INFO c.h.h.t.HelmChartContainer - [test-hivemq-platform] [hivemq] [357680fc] INFO  - Starting HiveMQ extension system.
2025-01-29 13:20:22,859 INFO c.h.h.t.HelmChartContainer - [test-hivemq-platform] [hivemq] [895d87d7] INFO  - Started Jetty Server exposing Prometheus Servlet on URI http://0.0.0.0:9399/
2025-01-29 13:20:22,861 INFO c.h.h.t.HelmChartContainer - [test-hivemq-platform] [hivemq] [895d87d7] INFO  - Extension "Prometheus Monitoring Extension" version 4.0.12 started successfully.
2025-01-29 13:20:22,861 INFO c.h.h.t.HelmChartContainer - [test-hivemq-platform] [hivemq] [895d87d7] INFO  - Starting extension with id "hivemq-allow-all-extension" at /opt/hivemq/extensions/hivemq-allow-all-extension
2025-01-29 13:20:22,861 INFO c.h.h.t.HelmChartContainer - [test-hivemq-platform] [hivemq] [895d87d7] WARN  - 
2025-01-29 13:20:22,861 INFO c.h.h.t.HelmChartContainer - [test-hivemq-platform] [hivemq] [895d87d7] ################################################################################################################
2025-01-29 13:20:22,861 INFO c.h.h.t.HelmChartContainer - [test-hivemq-platform] [hivemq] [895d87d7] # This HiveMQ deployment is not secure! You are lacking Authentication and Authorization.                      #
2025-01-29 13:20:22,861 INFO c.h.h.t.HelmChartContainer - [test-hivemq-platform] [hivemq] [895d87d7] # Right now any MQTT client can connect to the broker with a full set of permissions.                          #
2025-01-29 13:20:22,861 INFO c.h.h.t.HelmChartContainer - [test-hivemq-platform] [hivemq] [895d87d7] # For production usage, add an appropriate security extension and remove the hivemq-allow-all extension.       #
2025-01-29 13:20:22,861 INFO c.h.h.t.HelmChartContainer - [test-hivemq-platform] [hivemq] [895d87d7] # You can download security extensions from the HiveMQ Marketplace (https://www.hivemq.com/extensions/).       #
2025-01-29 13:20:22,861 INFO c.h.h.t.HelmChartContainer - [test-hivemq-platform] [hivemq] [895d87d7] ################################################################################################################
2025-01-29 13:20:22,861 INFO c.h.h.t.HelmChartContainer - [test-hivemq-platform] [hivemq] [895d87d7] INFO  - Extension "Allow All Extension" version 1.1.1 started successfully.
2025-01-29 13:20:22,965 INFO c.h.h.t.HelmChartContainer - [test-hivemq-platform] [hivemq] [357680fc] INFO  - Starting extension with id "hivemq-dns-cluster-discovery" at /opt/hivemq/extensions/hivemq-dns-cluster-discovery
2025-01-29 13:20:23,466 INFO c.h.h.t.HelmChartContainer - [test-hivemq-platform] [hivemq] [357680fc] INFO  - Extension "DNS Cluster Discovery Extension" version 4.3.2 started successfully.
2025-01-29 13:20:23,466 INFO c.h.h.t.HelmChartContainer - [test-hivemq-platform] [hivemq] [357680fc] INFO  - Starting extension with id "hivemq-prometheus-extension" at /opt/hivemq/extensions/hivemq-prometheus-extension
2025-01-29 13:20:23,469 INFO c.h.h.t.HelmChartContainer - [test-hivemq-platform] [hivemq] [357680fc] INFO  - Using TCP cluster transport on address 10.42.0.7 and port 7000
2025-01-29 13:20:23,563 INFO c.h.h.t.HelmChartContainer - [test-hivemq-platform] [hivemq] [357680fc] INFO  - Using extension cluster discovery
2025-01-29 13:20:24,466 INFO c.h.h.t.HelmChartContainer - [test-hivemq-platform] [hivemq] [357680fc] INFO  - Started Jetty Server exposing Prometheus Servlet on URI http://0.0.0.0:9399/
2025-01-29 13:20:24,466 INFO c.h.h.t.HelmChartContainer - [test-hivemq-platform] [hivemq] [357680fc] INFO  - Extension "Prometheus Monitoring Extension" version 4.0.12 started successfully.
2025-01-29 13:20:24,466 INFO c.h.h.t.HelmChartContainer - [test-hivemq-platform] [hivemq] [357680fc] INFO  - Starting extension with id "hivemq-allow-all-extension" at /opt/hivemq/extensions/hivemq-allow-all-extension
2025-01-29 13:20:24,466 INFO c.h.h.t.HelmChartContainer - [test-hivemq-platform] [hivemq] [357680fc] WARN  - 
2025-01-29 13:20:24,466 INFO c.h.h.t.HelmChartContainer - [test-hivemq-platform] [hivemq] [357680fc] ################################################################################################################
2025-01-29 13:20:24,466 INFO c.h.h.t.HelmChartContainer - [test-hivemq-platform] [hivemq] [357680fc] # This HiveMQ deployment is not secure! You are lacking Authentication and Authorization.                      #
2025-01-29 13:20:24,466 INFO c.h.h.t.HelmChartContainer - [test-hivemq-platform] [hivemq] [357680fc] # Right now any MQTT client can connect to the broker with a full set of permissions.                          #
2025-01-29 13:20:24,466 INFO c.h.h.t.HelmChartContainer - [test-hivemq-platform] [hivemq] [357680fc] # For production usage, add an appropriate security extension and remove the hivemq-allow-all extension.       #
2025-01-29 13:20:24,466 INFO c.h.h.t.HelmChartContainer - [test-hivemq-platform] [hivemq] [357680fc] # You can download security extensions from the HiveMQ Marketplace (https://www.hivemq.com/extensions/).       #
2025-01-29 13:20:24,466 INFO c.h.h.t.HelmChartContainer - [test-hivemq-platform] [hivemq] [357680fc] ################################################################################################################
2025-01-29 13:20:24,466 INFO c.h.h.t.HelmChartContainer - [test-hivemq-platform] [hivemq] [357680fc] INFO  - Extension "Allow All Extension" version 1.1.1 started successfully.
2025-01-29 13:20:24,758 INFO c.h.h.t.HelmChartContainer - [test-hivemq-platform] [hivemq] [895d87d7] INFO  - HgNr4: no members discovered after 2583 ms: creating cluster as first member
2025-01-29 13:20:24,764 INFO c.h.h.t.HelmChartContainer - [test-hivemq-platform] [hivemq] [895d87d7] INFO  - Cluster nodes found by discovery: [HgNr4|0] (1) [HgNr4].
2025-01-29 13:20:24,857 INFO c.h.h.t.HelmChartContainer - [test-hivemq-platform] [hivemq] [895d87d7] WARN  - No user for HiveMQ Control Center configured. Starting with default user
2025-01-29 13:20:24,858 INFO c.h.h.t.HelmChartContainer - [test-hivemq-platform] [hivemq] [895d87d7] INFO  - Starting HiveMQ Control Center on address 0.0.0.0 and port 8080
2025-01-29 13:20:24,861 INFO c.h.h.t.HelmChartContainer - [test-hivemq-platform] [hivemq] [895d87d7] INFO  - Mounting HiveMQ Control Center V2 Preview
2025-01-29 13:20:25,576 INFO c.h.h.t.HelmChartContainer - [test-hivemq-platform] [hivemq] [357680fc] INFO  - [HiveMQ Platform Operator Init App 1.7.0-SNAPSHOT] Returning Health API response 503 for readiness
2025-01-29 13:20:25,580 INFO c.h.h.t.HelmChartContainer - [EVENT] Warning [Unhealthy] Readiness probe failed: HTTP probe failed with statuscode: 503 [customoperatornamespacesit-beta:test-hivemq-platform-beta-0]
2025-01-29 13:20:25,580 INFO c.h.h.t.HelmChartContainer - Received Unhealthy event for container hivemq in pod test-hivemq-platform-beta-0 [357680fc-954c-4fd0-8a38-cc17b1f9058c]
2025-01-29 13:20:25,995 INFO c.h.h.t.HelmChartContainer - [EVENT] Warning [Unhealthy] Readiness probe failed: Get "http://10.42.0.6:7979/readiness": context deadline exceeded (Client.Timeout exceeded while awaiting headers) [customoperatornamespacesit-alpha:test-hivemq-platform-alpha-0]
2025-01-29 13:20:25,995 INFO c.h.h.t.HelmChartContainer - Received Unhealthy event for container hivemq in pod test-hivemq-platform-alpha-0 [895d87d7-f14c-47e1-94a7-5b93bad89030]
2025-01-29 13:20:26,066 INFO c.h.h.t.HelmChartContainer - [test-hivemq-platform] [hivemq] [895d87d7] INFO  - [HiveMQ Platform Operator Init App 1.7.0-SNAPSHOT] Returning Health API response 503 for readiness
2025-01-29 13:20:26,162 INFO c.h.h.t.HelmChartContainer - [test-hivemq-platform] [hivemq] [895d87d7] INFO  - Started HiveMQ Control Center in 1304ms
2025-01-29 13:20:26,360 INFO c.h.h.t.HelmChartContainer - [test-hivemq-platform] [hivemq] [895d87d7] INFO  - Starting TCP listener on address 0.0.0.0 and port 1883
2025-01-29 13:20:26,463 INFO c.h.h.t.HelmChartContainer - [test-hivemq-platform] [hivemq] [357680fc] INFO  - 4EmaG: no members discovered after 2307 ms: creating cluster as first member
2025-01-29 13:20:26,470 INFO c.h.h.t.HelmChartContainer - [test-hivemq-platform] [hivemq] [357680fc] INFO  - Cluster nodes found by discovery: [4EmaG|0] (1) [4EmaG].
2025-01-29 13:20:26,558 INFO c.h.h.t.HelmChartContainer - [test-hivemq-platform] [hivemq] [895d87d7] INFO  - Started TCP Listener on address 0.0.0.0 and on port 1883.
2025-01-29 13:20:26,559 INFO c.h.h.t.HelmChartContainer - [test-hivemq-platform] [hivemq] [895d87d7] INFO  - Started HiveMQ in 35193ms
2025-01-29 13:20:26,563 INFO c.h.h.t.HelmChartContainer - [test-hivemq-platform] [hivemq] [357680fc] WARN  - No user for HiveMQ Control Center configured. Starting with default user
2025-01-29 13:20:26,567 INFO c.h.h.t.HelmChartContainer - [test-hivemq-platform] [hivemq] [357680fc] INFO  - Starting HiveMQ Control Center on address 0.0.0.0 and port 8080
2025-01-29 13:20:26,567 INFO c.h.h.t.HelmChartContainer - [test-hivemq-platform] [hivemq] [357680fc] INFO  - Mounting HiveMQ Control Center V2 Preview
2025-01-29 13:20:27,261 INFO c.h.h.t.HelmChartContainer - [test-hivemq-platform] [hivemq] [357680fc] INFO  - Started HiveMQ Control Center in 698ms
2025-01-29 13:20:27,275 INFO c.h.h.t.HelmChartContainer - [test-hivemq-platform] [hivemq] [357680fc] INFO  - Starting TCP listener on address 0.0.0.0 and port 1883
2025-01-29 13:20:27,360 INFO c.h.h.t.HelmChartContainer - [test-hivemq-platform] [hivemq] [357680fc] INFO  - Started TCP Listener on address 0.0.0.0 and on port 1883.
2025-01-29 13:20:27,364 INFO c.h.h.t.HelmChartContainer - [test-hivemq-platform] [hivemq] [357680fc] INFO  - Started HiveMQ in 36084ms
2025-01-29 13:20:29,957 INFO c.h.h.t.HelmChartContainer - [test-hivemq-platform] [hivemq] [895d87d7] INFO  - [HiveMQ Platform Operator Init App 1.7.0-SNAPSHOT] Returning Health API response 200 for readiness
2025-01-29 13:20:29,970 INFO c.h.h.t.HelmChartContainer - [POD] test-hivemq-platform-alpha-0 [895d87d7-f14c-47e1-94a7-5b93bad89030] in customoperatornamespacesit-alpha was MODIFIED
2025-01-29 13:20:29,986 INFO c.h.h.t.HelmChartContainer - [hivemq-test-hivemq-platform] [hivemq-platform-operator] [0e088f31] 13:20:29.978 [pool-6-thread-47] DEBUG c.h.p.o.d.PlatformServiceResource - [customop] Desired Platform services (3 services)
2025-01-29 13:20:29,986 INFO c.h.h.t.HelmChartContainer - [hivemq-test-hivemq-platform] [hivemq-platform-operator] [0e088f31] 13:20:29.981 [pool-6-thread-10] DEBUG c.h.p.o.dependants.PodInfoConfigMap - [customop] Desired PodInfo ConfigMap (1 extensions) (1 enabled)
2025-01-29 13:20:29,986 INFO c.h.h.t.HelmChartContainer - [hivemq-test-hivemq-platform] [hivemq-platform-operator] [0e088f31] 13:20:29.981 [pool-6-thread-10] DEBUG c.h.p.o.dependants.PodInfoConfigMap - [customop] Desired PodInfo ConfigMap (metrics port: 9399) (metrics path: /)
2025-01-29 13:20:29,986 INFO c.h.h.t.HelmChartContainer - [hivemq-test-hivemq-platform] [hivemq-platform-operator] [0e088f31] 13:20:29.981 [pool-6-thread-10] DEBUG c.h.p.o.dependants.PodInfoConfigMap - [customop] Desired PodInfo ConfigMap (extension state hash: -1817474005)
2025-01-29 13:20:29,986 INFO c.h.h.t.HelmChartContainer - [hivemq-test-hivemq-platform] [hivemq-platform-operator] [0e088f31] 13:20:29.982 [pool-6-thread-10] DEBUG c.h.p.o.d.PodServiceAccountResource - [customop] Desired PodServiceAccountResource (serviceAccountName: hivemq-platform-pod-test-hivemq-platform-alpha)
2025-01-29 13:20:30,060 INFO c.h.h.t.HelmChartContainer - [hivemq-test-hivemq-platform] [hivemq-platform-operator] [0e088f31] 13:20:29.995 [pool-6-thread-16] DEBUG c.h.p.o.d.StatefulSetResource - [customop] Desired StatefulSet (1 replicas) for status STARTING (READY)
2025-01-29 13:20:30,064 INFO c.h.h.t.HelmChartContainer - [hivemq-test-hivemq-platform] [hivemq-platform-operator] [0e088f31] 13:20:30.061 [ReconcilerExecutor-hivemq-controller-132] INFO  c.h.p.o.HiveMQPlatformReconciler - [customop] Reconciling HiveMQ Platform 'test-hivemq-platform-alpha' in namespace 'customoperatornamespacesit-alpha'
2025-01-29 13:20:30,064 INFO c.h.h.t.HelmChartContainer - [hivemq-test-hivemq-platform] [hivemq-platform-operator] [0e088f31] 13:20:30.062 [ReconcilerExecutor-hivemq-controller-132] DEBUG c.h.p.o.HiveMQPlatformReconciler - [customop] Custom Resource Status STARTING - HiveMQ Platform is starting (READY)
2025-01-29 13:20:30,064 INFO c.h.h.t.HelmChartContainer - [hivemq-test-hivemq-platform] [hivemq-platform-operator] [0e088f31] 13:20:30.062 [ReconcilerExecutor-hivemq-controller-132] DEBUG c.h.p.o.HiveMQPlatformReconciler - [customop] Custom Resource Spec (replicas: 1) (extensions: 1)
2025-01-29 13:20:30,065 INFO c.h.h.t.HelmChartContainer - [hivemq-test-hivemq-platform] [hivemq-platform-operator] [0e088f31] 13:20:30.063 [ReconcilerExecutor-hivemq-controller-132] DEBUG c.h.p.o.HiveMQPlatformReconciler - [customop] StatefulSet Status (revision: test-hivemq-platform-alpha-5bcd5cb867, replicas: 1, available: 1, ready: 1, current: 1, updated: 1)
2025-01-29 13:20:30,066 INFO c.h.h.t.HelmChartContainer - [hivemq-test-hivemq-platform] [hivemq-platform-operator] [0e088f31] 13:20:30.063 [ReconcilerExecutor-hivemq-controller-132] DEBUG c.h.p.o.HiveMQPlatformReconciler - [customop] StatefulSet Spec (replicas: 1, init containers: 1, containers: 1, volumes: 3)
2025-01-29 13:20:30,066 INFO c.h.h.t.HelmChartContainer - [hivemq-test-hivemq-platform] [hivemq-platform-operator] [0e088f31] 13:20:30.065 [ReconcilerExecutor-hivemq-controller-132] DEBUG c.h.p.o.h.HiveMQPlatformReconcilerErrorHandler - [customop] Pod 'test-hivemq-platform-alpha-0' phase Running
2025-01-29 13:20:30,066 INFO c.h.h.t.HelmChartContainer - [hivemq-test-hivemq-platform] [hivemq-platform-operator] [0e088f31] 13:20:30.065 [ReconcilerExecutor-hivemq-controller-132] INFO  c.h.p.o.h.HiveMQPlatformReconcilerBaseHandler - [customop] HiveMQ Platform started successfully
2025-01-29 13:20:30,159 INFO c.h.h.t.HelmChartContainer - [hivemq-test-hivemq-platform] [hivemq-platform-operator] [0e088f31] 13:20:30.158 [ReconcilerExecutor-hivemq-controller-132] DEBUG c.h.p.operator.event.EventSender - [customop] Creating K8s event hivemq-platform-ready: [Ready] HiveMQ Platform is ready
2025-01-29 13:20:30,163 INFO c.h.h.t.HelmChartContainer - [EVENT] Normal [Ready] HiveMQ Platform is ready [customoperatornamespacesit-alpha:test-hivemq-platform-alpha]
2025-01-29 13:20:30,165 INFO c.h.h.t.HelmChartContainer - [hivemq-test-hivemq-platform] [hivemq-platform-operator] [0e088f31] 13:20:30.164 [ReconcilerExecutor-hivemq-controller-132] INFO  c.h.p.o.h.AbstractHiveMQReconcilerStateHandler - [customop] Update HiveMQ Platform Status (STARTING [READY] -> RUNNING [READY]): HiveMQ Platform is ready
2025-01-29 13:20:30,174 DEBUG com.hivemq.helmcharts.util.K8sUtil - Comparing actual state 'RUNNING' and waiting for 'RUNNING'
2025-01-29 13:20:30,178 INFO c.h.h.t.HelmChartContainer - [test-hivemq-platform] [hivemq] [357680fc] INFO  - [HiveMQ Platform Operator Init App 1.7.0-SNAPSHOT] Returning Health API response 200 for readiness
2025-01-29 13:20:30,192 INFO c.h.h.t.HelmChartContainer - [hivemq-test-hivemq-platform] [hivemq-platform-operator] [0e088f31] 13:20:30.190 [pool-6-thread-49] DEBUG c.h.p.o.d.PlatformServiceResource - [customop] Desired Platform services (3 services)
2025-01-29 13:20:30,195 INFO c.h.h.t.HelmChartContainer - [hivemq-test-hivemq-platform] [hivemq-platform-operator] [0e088f31] 13:20:30.191 [pool-6-thread-1] DEBUG c.h.p.o.dependants.PodInfoConfigMap - [customop] Desired PodInfo ConfigMap (1 extensions) (1 enabled)
2025-01-29 13:20:30,195 INFO c.h.h.t.HelmChartContainer - [hivemq-test-hivemq-platform] [hivemq-platform-operator] [0e088f31] 13:20:30.191 [pool-6-thread-1] DEBUG c.h.p.o.dependants.PodInfoConfigMap - [customop] Desired PodInfo ConfigMap (metrics port: 9399) (metrics path: /)
2025-01-29 13:20:30,195 INFO c.h.h.t.HelmChartContainer - [hivemq-test-hivemq-platform] [hivemq-platform-operator] [0e088f31] 13:20:30.191 [pool-6-thread-1] DEBUG c.h.p.o.dependants.PodInfoConfigMap - [customop] Desired PodInfo ConfigMap (extension state hash: -1817474005)
2025-01-29 13:20:30,195 INFO c.h.h.t.HelmChartContainer - [hivemq-test-hivemq-platform] [hivemq-platform-operator] [0e088f31] 13:20:30.192 [pool-6-thread-1] DEBUG c.h.p.o.dependants.PodInfoConfigMap - [customop] Update PodInfo ConfigMap
2025-01-29 13:20:30,199 DEBUG com.hivemq.helmcharts.util.K8sUtil - Comparing actual state 'STARTING' and waiting for 'RUNNING'
2025-01-29 13:20:30,200 INFO c.h.h.t.HelmChartContainer - [POD] test-hivemq-platform-beta-0 [357680fc-954c-4fd0-8a38-cc17b1f9058c] in customoperatornamespacesit-beta was MODIFIED
2025-01-29 13:20:30,260 INFO c.h.h.t.HelmChartContainer - [hivemq-test-hivemq-platform] [hivemq-platform-operator] [0e088f31] 13:20:30.258 [pool-6-thread-15] DEBUG c.h.p.o.d.PodServiceAccountResource - [customop] Desired PodServiceAccountResource (serviceAccountName: hivemq-platform-pod-test-hivemq-platform-alpha)
2025-01-29 13:20:30,265 INFO c.h.h.t.HelmChartContainer - [hivemq-test-hivemq-platform] [hivemq-platform-operator] [0e088f31] 13:20:30.263 [pool-6-thread-29] DEBUG c.h.p.o.d.PlatformServiceResource - [customop] Desired Platform services (3 services)
2025-01-29 13:20:30,266 INFO c.h.h.t.HelmChartContainer - [hivemq-test-hivemq-platform] [hivemq-platform-operator] [0e088f31] 13:20:30.265 [pool-6-thread-23] DEBUG c.h.p.o.d.PodServiceAccountResource - [customop] Desired PodServiceAccountResource (serviceAccountName: hivemq-platform-pod-test-hivemq-platform-beta)
2025-01-29 13:20:30,286 INFO c.h.h.t.HelmChartContainer - [hivemq-test-hivemq-platform] [hivemq-platform-operator] [0e088f31] 13:20:30.285 [pool-6-thread-8] DEBUG c.h.p.o.dependants.PodInfoConfigMap - [customop] Desired PodInfo ConfigMap (1 extensions) (1 enabled)
2025-01-29 13:20:30,286 INFO c.h.h.t.HelmChartContainer - [hivemq-test-hivemq-platform] [hivemq-platform-operator] [0e088f31] 13:20:30.285 [pool-6-thread-8] DEBUG c.h.p.o.dependants.PodInfoConfigMap - [customop] Desired PodInfo ConfigMap (metrics port: 9399) (metrics path: /)
2025-01-29 13:20:30,286 INFO c.h.h.t.HelmChartContainer - [hivemq-test-hivemq-platform] [hivemq-platform-operator] [0e088f31] 13:20:30.285 [pool-6-thread-8] DEBUG c.h.p.o.dependants.PodInfoConfigMap - [customop] Desired PodInfo ConfigMap (extension state hash: -1817474005)
2025-01-29 13:20:30,290 INFO c.h.h.t.HelmChartContainer - [hivemq-test-hivemq-platform] [hivemq-platform-operator] [0e088f31] 13:20:30.289 [pool-6-thread-29] DEBUG c.h.p.o.d.StatefulSetResource - [customop] Desired StatefulSet (1 replicas) for status STARTING (READY)
2025-01-29 13:20:30,292 INFO c.h.h.t.HelmChartContainer - [hivemq-test-hivemq-platform] [hivemq-platform-operator] [0e088f31] 13:20:30.290 [pool-6-thread-1] DEBUG c.h.p.o.d.StatefulSetResource - [customop] Desired StatefulSet (1 replicas) for status RUNNING (READY)
2025-01-29 13:20:30,363 INFO c.h.h.t.HelmChartContainer - [hivemq-test-hivemq-platform] [hivemq-platform-operator] [0e088f31] 13:20:30.359 [ReconcilerExecutor-hivemq-controller-134] INFO  c.h.p.o.HiveMQPlatformReconciler - [customop] Reconciling HiveMQ Platform 'test-hivemq-platform-beta' in namespace 'customoperatornamespacesit-beta'
2025-01-29 13:20:30,363 INFO c.h.h.t.HelmChartContainer - [hivemq-test-hivemq-platform] [hivemq-platform-operator] [0e088f31] 13:20:30.359 [ReconcilerExecutor-hivemq-controller-134] DEBUG c.h.p.o.HiveMQPlatformReconciler - [customop] Custom Resource Status STARTING - HiveMQ Platform is starting (READY)
2025-01-29 13:20:30,363 INFO c.h.h.t.HelmChartContainer - [hivemq-test-hivemq-platform] [hivemq-platform-operator] [0e088f31] 13:20:30.359 [ReconcilerExecutor-hivemq-controller-134] DEBUG c.h.p.o.HiveMQPlatformReconciler - [customop] Custom Resource Spec (replicas: 1) (extensions: 1)
2025-01-29 13:20:30,363 INFO c.h.h.t.HelmChartContainer - [hivemq-test-hivemq-platform] [hivemq-platform-operator] [0e088f31] 13:20:30.360 [ReconcilerExecutor-hivemq-controller-133] INFO  c.h.p.o.HiveMQPlatformReconciler - [customop] Reconciling HiveMQ Platform 'test-hivemq-platform-alpha' in namespace 'customoperatornamespacesit-alpha'
2025-01-29 13:20:30,363 INFO c.h.h.t.HelmChartContainer - [hivemq-test-hivemq-platform] [hivemq-platform-operator] [0e088f31] 13:20:30.360 [ReconcilerExecutor-hivemq-controller-133] DEBUG c.h.p.o.HiveMQPlatformReconciler - [customop] Custom Resource Status RUNNING - HiveMQ Platform is ready (READY)
2025-01-29 13:20:30,363 INFO c.h.h.t.HelmChartContainer - [hivemq-test-hivemq-platform] [hivemq-platform-operator] [0e088f31] 13:20:30.360 [ReconcilerExecutor-hivemq-controller-133] DEBUG c.h.p.o.HiveMQPlatformReconciler - [customop] Custom Resource Spec (replicas: 1) (extensions: 1)
2025-01-29 13:20:30,363 INFO c.h.h.t.HelmChartContainer - [hivemq-test-hivemq-platform] [hivemq-platform-operator] [0e088f31] 13:20:30.361 [ReconcilerExecutor-hivemq-controller-133] DEBUG c.h.p.o.HiveMQPlatformReconciler - [customop] StatefulSet Status (revision: test-hivemq-platform-alpha-5bcd5cb867, replicas: 1, available: 1, ready: 1, current: 1, updated: 1)
2025-01-29 13:20:30,363 INFO c.h.h.t.HelmChartContainer - [hivemq-test-hivemq-platform] [hivemq-platform-operator] [0e088f31] 13:20:30.361 [ReconcilerExecutor-hivemq-controller-133] DEBUG c.h.p.o.HiveMQPlatformReconciler - [customop] StatefulSet Spec (replicas: 1, init containers: 1, containers: 1, volumes: 3)
2025-01-29 13:20:30,364 INFO c.h.h.t.HelmChartContainer - [hivemq-test-hivemq-platform] [hivemq-platform-operator] [0e088f31] 13:20:30.362 [ReconcilerExecutor-hivemq-controller-133] DEBUG c.h.p.o.h.HiveMQPlatformReconcilerErrorHandler - [customop] Pod 'test-hivemq-platform-alpha-0' phase Running
2025-01-29 13:20:30,364 INFO c.h.h.t.HelmChartContainer - [hivemq-test-hivemq-platform] [hivemq-platform-operator] [0e088f31] 13:20:30.363 [ReconcilerExecutor-hivemq-controller-134] DEBUG c.h.p.o.HiveMQPlatformReconciler - [customop] StatefulSet Status (revision: test-hivemq-platform-beta-68c75dbff9, replicas: 1, available: 1, ready: 1, current: 1, updated: 1)
2025-01-29 13:20:30,366 INFO c.h.h.t.HelmChartContainer - [hivemq-test-hivemq-platform] [hivemq-platform-operator] [0e088f31] 13:20:30.363 [ReconcilerExecutor-hivemq-controller-134] DEBUG c.h.p.o.HiveMQPlatformReconciler - [customop] StatefulSet Spec (replicas: 1, init containers: 1, containers: 1, volumes: 3)
2025-01-29 13:20:30,367 INFO c.h.h.t.HelmChartContainer - [hivemq-test-hivemq-platform] [hivemq-platform-operator] [0e088f31] 13:20:30.364 [ReconcilerExecutor-hivemq-controller-134] DEBUG c.h.p.o.h.HiveMQPlatformReconcilerErrorHandler - [customop] Pod 'test-hivemq-platform-beta-0' phase Running
2025-01-29 13:20:30,367 INFO c.h.h.t.HelmChartContainer - [hivemq-test-hivemq-platform] [hivemq-platform-operator] [0e088f31] 13:20:30.365 [ReconcilerExecutor-hivemq-controller-134] INFO  c.h.p.o.h.HiveMQPlatformReconcilerBaseHandler - [customop] HiveMQ Platform started successfully
2025-01-29 13:20:30,466 INFO c.h.h.t.HelmChartContainer - [hivemq-test-hivemq-platform] [hivemq-platform-operator] [0e088f31] 13:20:30.464 [ReconcilerExecutor-hivemq-controller-134] DEBUG c.h.p.operator.event.EventSender - [customop] Creating K8s event hivemq-platform-ready: [Ready] HiveMQ Platform is ready
2025-01-29 13:20:30,469 INFO c.h.h.t.HelmChartContainer - [EVENT] Normal [Ready] HiveMQ Platform is ready [customoperatornamespacesit-beta:test-hivemq-platform-beta]
2025-01-29 13:20:30,469 INFO c.h.h.t.HelmChartContainer - [hivemq-test-hivemq-platform] [hivemq-platform-operator] [0e088f31] 13:20:30.469 [ReconcilerExecutor-hivemq-controller-134] INFO  c.h.p.o.h.AbstractHiveMQReconcilerStateHandler - [customop] Update HiveMQ Platform Status (STARTING [READY] -> RUNNING [READY]): HiveMQ Platform is ready
2025-01-29 13:20:30,478 DEBUG com.hivemq.helmcharts.util.K8sUtil - Comparing actual state 'RUNNING' and waiting for 'RUNNING'
2025-01-29 13:20:30,490 INFO c.h.h.t.HelmChartContainer - [hivemq-test-hivemq-platform] [hivemq-platform-operator] [0e088f31] 13:20:30.486 [pool-6-thread-9] DEBUG c.h.p.o.d.PlatformServiceResource - [customop] Desired Platform services (3 services)
2025-01-29 13:20:30,494 INFO c.h.h.t.HelmChartContainer - [hivemq-test-hivemq-platform] [hivemq-platform-operator] [0e088f31] 13:20:30.491 [pool-6-thread-5] DEBUG c.h.p.o.dependants.PodInfoConfigMap - [customop] Desired PodInfo ConfigMap (1 extensions) (1 enabled)
2025-01-29 13:20:30,494 INFO c.h.h.t.HelmChartContainer - [hivemq-test-hivemq-platform] [hivemq-platform-operator] [0e088f31] 13:20:30.491 [pool-6-thread-5] DEBUG c.h.p.o.dependants.PodInfoConfigMap - [customop] Desired PodInfo ConfigMap (metrics port: 9399) (metrics path: /)
2025-01-29 13:20:30,494 INFO c.h.h.t.HelmChartContainer - [hivemq-test-hivemq-platform] [hivemq-platform-operator] [0e088f31] 13:20:30.491 [pool-6-thread-5] DEBUG c.h.p.o.dependants.PodInfoConfigMap - [customop] Desired PodInfo ConfigMap (extension state hash: -1817474005)
2025-01-29 13:20:30,494 INFO c.h.h.t.HelmChartContainer - [hivemq-test-hivemq-platform] [hivemq-platform-operator] [0e088f31] 13:20:30.492 [pool-6-thread-5] DEBUG c.h.p.o.dependants.PodInfoConfigMap - [customop] Update PodInfo ConfigMap
2025-01-29 13:20:30,497 INFO c.h.h.t.HelmChartContainer - [hivemq-test-hivemq-platform] [hivemq-platform-operator] [0e088f31] 13:20:30.496 [pool-6-thread-31] DEBUG c.h.p.o.d.PodServiceAccountResource - [customop] Desired PodServiceAccountResource (serviceAccountName: hivemq-platform-pod-test-hivemq-platform-beta)
2025-01-29 13:20:30,545 INFO c.h.h.t.HelmChartContainer - Uninstalling release 'test-hivemq-platform-alpha' in namespace 'customoperatornamespacesit-alpha'...
2025-01-29 13:20:30,545 DEBUG c.h.h.t.HelmChartContainer - Executing helm command: /bin/helm --kubeconfig /etc/rancher/k3s/k3s.yaml uninstall test-hivemq-platform-alpha  --wait --timeout 5m0s --cascade foreground --namespace customoperatornamespacesit-alpha
2025-01-29 13:20:30,571 INFO c.h.h.t.HelmChartContainer - [hivemq-test-hivemq-platform] [hivemq-platform-operator] [0e088f31] 13:20:30.568 [pool-6-thread-5] DEBUG c.h.p.o.d.StatefulSetResource - [customop] Desired StatefulSet (1 replicas) for status RUNNING (READY)
2025-01-29 13:20:30,591 INFO c.h.h.t.HelmChartContainer - [hivemq-test-hivemq-platform] [hivemq-platform-operator] [0e088f31] 13:20:30.590 [ReconcilerExecutor-hivemq-controller-135] INFO  c.h.p.o.HiveMQPlatformReconciler - [customop] Reconciling HiveMQ Platform 'test-hivemq-platform-beta' in namespace 'customoperatornamespacesit-beta'
2025-01-29 13:20:30,594 INFO c.h.h.t.HelmChartContainer - [hivemq-test-hivemq-platform] [hivemq-platform-operator] [0e088f31] 13:20:30.590 [ReconcilerExecutor-hivemq-controller-135] DEBUG c.h.p.o.HiveMQPlatformReconciler - [customop] Custom Resource Status RUNNING - HiveMQ Platform is ready (READY)
2025-01-29 13:20:30,595 INFO c.h.h.t.HelmChartContainer - [hivemq-test-hivemq-platform] [hivemq-platform-operator] [0e088f31] 13:20:30.590 [ReconcilerExecutor-hivemq-controller-135] DEBUG c.h.p.o.HiveMQPlatformReconciler - [customop] Custom Resource Spec (replicas: 1) (extensions: 1)
2025-01-29 13:20:30,595 INFO c.h.h.t.HelmChartContainer - [hivemq-test-hivemq-platform] [hivemq-platform-operator] [0e088f31] 13:20:30.592 [ReconcilerExecutor-hivemq-controller-135] DEBUG c.h.p.o.HiveMQPlatformReconciler - [customop] StatefulSet Status (revision: test-hivemq-platform-beta-68c75dbff9, replicas: 1, available: 1, ready: 1, current: 1, updated: 1)
2025-01-29 13:20:30,595 INFO c.h.h.t.HelmChartContainer - [hivemq-test-hivemq-platform] [hivemq-platform-operator] [0e088f31] 13:20:30.592 [ReconcilerExecutor-hivemq-controller-135] DEBUG c.h.p.o.HiveMQPlatformReconciler - [customop] StatefulSet Spec (replicas: 1, init containers: 1, containers: 1, volumes: 3)
2025-01-29 13:20:30,595 INFO c.h.h.t.HelmChartContainer - [hivemq-test-hivemq-platform] [hivemq-platform-operator] [0e088f31] 13:20:30.594 [ReconcilerExecutor-hivemq-controller-135] DEBUG c.h.p.o.h.HiveMQPlatformReconcilerErrorHandler - [customop] Pod 'test-hivemq-platform-beta-0' phase Running
2025-01-29 13:20:30,777 INFO c.h.h.t.HelmChartContainer - [hivemq-test-hivemq-platform] [hivemq-platform-operator] [0e088f31] 13:20:30.774 [pool-6-thread-38] DEBUG c.h.p.o.d.PlatformServiceResource - [customop] Desired Platform services (3 services)
2025-01-29 13:20:30,777 INFO c.h.h.t.HelmChartContainer - [hivemq-test-hivemq-platform] [hivemq-platform-operator] [0e088f31] 13:20:30.774 [pool-6-thread-42] DEBUG c.h.p.o.dependants.PodInfoConfigMap - [customop] Desired PodInfo ConfigMap (1 extensions) (1 enabled)
2025-01-29 13:20:30,777 INFO c.h.h.t.HelmChartContainer - [hivemq-test-hivemq-platform] [hivemq-platform-operator] [0e088f31] 13:20:30.775 [pool-6-thread-42] DEBUG c.h.p.o.dependants.PodInfoConfigMap - [customop] Desired PodInfo ConfigMap (metrics port: 9399) (metrics path: /)
2025-01-29 13:20:30,779 INFO c.h.h.t.HelmChartContainer - [hivemq-test-hivemq-platform] [hivemq-platform-operator] [0e088f31] 13:20:30.775 [pool-6-thread-42] DEBUG c.h.p.o.dependants.PodInfoConfigMap - [customop] Desired PodInfo ConfigMap (extension state hash: -1817474005)
2025-01-29 13:20:30,784 INFO c.h.h.t.HelmChartContainer - [hivemq-test-hivemq-platform] [hivemq-platform-operator] [0e088f31] 13:20:30.780 [pool-6-thread-2] DEBUG c.h.p.o.d.PodServiceAccountResource - [customop] Desired PodServiceAccountResource (serviceAccountName: hivemq-platform-pod-test-hivemq-platform-alpha)
2025-01-29 13:20:30,790 INFO c.h.h.t.HelmChartContainer - [hivemq-test-hivemq-platform] [hivemq-platform-operator] [0e088f31] 13:20:30.785 [pool-6-thread-2] DEBUG c.h.p.o.d.StatefulSetResource - [customop] Desired StatefulSet (1 replicas) for status RUNNING (READY)
2025-01-29 13:20:30,799 INFO c.h.h.t.HelmChartContainer - [hivemq-test-hivemq-platform] [hivemq-platform-operator] [0e088f31] 13:20:30.787 [ReconcilerExecutor-hivemq-controller-136] INFO  c.h.p.o.HiveMQPlatformReconciler - [customop] Reconciling HiveMQ Platform 'test-hivemq-platform-alpha' in namespace 'customoperatornamespacesit-alpha'
2025-01-29 13:20:30,799 INFO c.h.h.t.HelmChartContainer - [hivemq-test-hivemq-platform] [hivemq-platform-operator] [0e088f31] 13:20:30.788 [ReconcilerExecutor-hivemq-controller-136] DEBUG c.h.p.o.HiveMQPlatformReconciler - [customop] Custom Resource Status RUNNING - HiveMQ Platform is ready (READY)
2025-01-29 13:20:30,799 INFO c.h.h.t.HelmChartContainer - [hivemq-test-hivemq-platform] [hivemq-platform-operator] [0e088f31] 13:20:30.788 [ReconcilerExecutor-hivemq-controller-136] DEBUG c.h.p.o.HiveMQPlatformReconciler - [customop] Custom Resource Spec (replicas: 1) (extensions: 1)
2025-01-29 13:20:30,799 INFO c.h.h.t.HelmChartContainer - [hivemq-test-hivemq-platform] [hivemq-platform-operator] [0e088f31] 13:20:30.789 [ReconcilerExecutor-hivemq-controller-136] DEBUG c.h.p.o.HiveMQPlatformReconciler - [customop] StatefulSet Status (revision: test-hivemq-platform-alpha-5bcd5cb867, replicas: 1, available: 1, ready: 1, current: 1, updated: 1)
2025-01-29 13:20:30,799 INFO c.h.h.t.HelmChartContainer - [hivemq-test-hivemq-platform] [hivemq-platform-operator] [0e088f31] 13:20:30.789 [ReconcilerExecutor-hivemq-controller-136] DEBUG c.h.p.o.HiveMQPlatformReconciler - [customop] StatefulSet Spec (replicas: 1, init containers: 1, containers: 1, volumes: 3)
2025-01-29 13:20:30,799 INFO c.h.h.t.HelmChartContainer - [hivemq-test-hivemq-platform] [hivemq-platform-operator] [0e088f31] 13:20:30.792 [ReconcilerExecutor-hivemq-controller-136] DEBUG c.h.p.o.h.HiveMQPlatformReconcilerErrorHandler - [customop] Pod 'test-hivemq-platform-alpha-0' phase Running
2025-01-29 13:20:30,864 INFO c.h.h.t.HelmChartContainer - [hivemq-test-hivemq-platform] [hivemq-platform-operator] [0e088f31] 13:20:30.862 [ReconcilerExecutor-hivemq-controller-137] INFO  c.h.p.o.HiveMQPlatformReconciler - [customop] Cleanup test-hivemq-platform-alpha - customoperatornamespacesit-alpha HiveMQ Platform is shut down
2025-01-29 13:20:31,539 INFO c.h.h.t.HelmChartContainer - [POD] test-hivemq-platform-alpha-0 [895d87d7-f14c-47e1-94a7-5b93bad89030] in customoperatornamespacesit-alpha was MODIFIED
2025-01-29 13:20:31,547 INFO c.h.h.t.HelmChartContainer - [EVENT] Normal [Killing] Stopping container hivemq [customoperatornamespacesit-alpha:test-hivemq-platform-alpha-0]
2025-01-29 13:20:31,548 INFO c.h.h.t.HelmChartContainer - Received Killing event for container hivemq in pod test-hivemq-platform-alpha-0 [895d87d7-f14c-47e1-94a7-5b93bad89030]
2025-01-29 13:20:31,548 INFO c.h.h.t.HelmChartContainer - Container [test-hivemq-platform-alpha-0] [hivemq] [895d87d7-f14c-47e1-94a7-5b93bad89030] was terminated
2025-01-29 13:20:31,548 INFO c.h.h.t.HelmChartContainer - Stopped log watcher for hivemq in pod test-hivemq-platform-alpha-0 [895d87d7-f14c-47e1-94a7-5b93bad89030]
2025-01-29 13:20:31,549 INFO c.h.h.t.HelmChartContainer - [test-hivemq-platform] [hivemq] [895d87d7] INFO  - [HiveMQ Platform Operator Init App 1.7.0-SNAPSHOT] Shutting down
2025-01-29 13:20:31,549 INFO c.h.h.t.HelmChartContainer - [test-hivemq-platform] [hivemq] [895d87d7] INFO  - [HiveMQ Platform Operator Init App 1.7.0-SNAPSHOT] Stopping the HiveMQ Platform
2025-01-29 13:20:31,664 INFO c.h.h.t.HelmChartContainer - [test-hivemq-platform] [hivemq] [895d87d7] INFO  - Shutting down HiveMQ. Please wait, this could take a while...
2025-01-29 13:20:31,668 INFO c.h.h.t.HelmChartContainer - [test-hivemq-platform] [hivemq] [895d87d7] INFO  - Shutting down listeners and clients
2025-01-29 13:20:31,739 INFO c.h.h.t.HelmChartContainer - [test-hivemq-platform] [hivemq] [895d87d7] INFO  - Shutdown of listeners is done
2025-01-29 13:20:31,740 INFO c.h.h.t.HelmChartContainer - [test-hivemq-platform] [hivemq] [895d87d7] INFO  - No clients are connected, proceeding with shutdown
2025-01-29 13:20:32,827 INFO c.h.h.t.HelmChartContainer - Deleting namespace 'customoperatornamespacesit-alpha'...
2025-01-29 13:20:34,860 INFO c.h.h.t.HelmChartContainer - [test-hivemq-platform] [hivemq] [895d87d7] INFO  - Shutting down extension system
2025-01-29 13:20:34,863 INFO c.h.h.t.HelmChartContainer - [test-hivemq-platform] [hivemq] [895d87d7] INFO  - Stopping extension with id hivemq-dns-cluster-discovery
2025-01-29 13:20:34,863 INFO c.h.h.t.HelmChartContainer - [test-hivemq-platform] [hivemq] [895d87d7] INFO  - Extension "DNS Cluster Discovery Extension" version 4.3.2 stopped successfully.
2025-01-29 13:20:34,864 INFO c.h.h.t.HelmChartContainer - [test-hivemq-platform] [hivemq] [895d87d7] INFO  - Stopping extension with id hivemq-prometheus-extension
2025-01-29 13:20:34,868 INFO c.h.h.t.HelmChartContainer - [test-hivemq-platform] [hivemq] [895d87d7] INFO  - Extension "Prometheus Monitoring Extension" version 4.0.12 stopped successfully.
2025-01-29 13:20:34,868 INFO c.h.h.t.HelmChartContainer - [test-hivemq-platform] [hivemq] [895d87d7] INFO  - Stopping extension with id hivemq-allow-all-extension
2025-01-29 13:20:34,869 INFO c.h.h.t.HelmChartContainer - [test-hivemq-platform] [hivemq] [895d87d7] INFO  - Extension "Allow All Extension" version 1.1.1 stopped successfully.
2025-01-29 13:20:34,955 INFO c.h.h.t.HelmChartContainer - [test-hivemq-platform] [hivemq] [895d87d7] INFO  - [HiveMQ Platform Operator Init App 1.7.0-SNAPSHOT] Returning shutdown Health API response 503 for readiness
2025-01-29 13:20:34,959 INFO c.h.h.t.HelmChartContainer - [EVENT] Warning [Unhealthy] Readiness probe failed: HTTP probe failed with statuscode: 503 [customoperatornamespacesit-alpha:test-hivemq-platform-alpha-0]
2025-01-29 13:20:34,959 INFO c.h.h.t.HelmChartContainer - Received Unhealthy event for container hivemq in pod test-hivemq-platform-alpha-0 [895d87d7-f14c-47e1-94a7-5b93bad89030]
2025-01-29 13:20:35,391 INFO c.h.h.t.HelmChartContainer - [test-hivemq-platform] [hivemq] [895d87d7] WARN  - [HiveMQ Platform Operator Init App 1.7.0-SNAPSHOT] Could not update Pod annotations: Failure executing: GET at: https://10.43.0.1:443/api/v1/namespaces/customoperatornamespacesit-alpha/pods/test-hivemq-platform-alpha-0. Message: pods "test-hivemq-platform-alpha-0" is forbidden: User "system:serviceaccount:customoperatornamespacesit-alpha:hivemq-platform-pod-test-hivemq-platform-alpha" cannot get resource "pods" in API group "" in the namespace "customoperatornamespacesit-alpha". Received status: Status(apiVersion=v1, code=403, details=StatusDetails(causes=[], group=null, kind=pods, name=test-hivemq-platform-alpha-0, retryAfterSeconds=null, uid=null, additionalProperties={}), kind=Status, message=pods "test-hivemq-platform-alpha-0" is forbidden: User "system:serviceaccount:customoperatornamespacesit-alpha:hivemq-platform-pod-test-hivemq-platform-alpha" cannot get resource "pods" in API group "" in the namespace "customoperatornamespacesit-alpha", metadata=ListMeta(_continue=null, remainingItemCount=null, resourceVersion=null, selfLink=null, additionalProperties={}), reason=Forbidden, status=Failure, additionalProperties={}).
2025-01-29 13:20:37,161 INFO c.h.h.t.HelmChartContainer - [test-hivemq-platform] [hivemq] [895d87d7] INFO  - Shutdown completed.
2025-01-29 13:20:37,508 INFO c.h.h.t.HelmChartContainer - [test-hivemq-platform] [hivemq] [895d87d7] INFO  - [HiveMQ Platform Operator Init App 1.7.0-SNAPSHOT] The HiveMQ Platform exited with code 143
2025-01-29 13:20:37,508 INFO c.h.h.t.HelmChartContainer - [test-hivemq-platform] [hivemq] [895d87d7] INFO  - [HiveMQ Platform Operator Init App 1.7.0-SNAPSHOT] Stopping the REST API
2025-01-29 13:20:37,516 INFO c.h.h.t.HelmChartContainer - [test-hivemq-platform] [hivemq] [895d87d7] INFO  - [HiveMQ Platform Operator Init App 1.7.0-SNAPSHOT] Shutdown complete
2025-01-29 13:20:37,875 INFO c.h.h.t.HelmChartContainer - [K3S] [stateful_set.go:466] "StatefulSet has been deleted" key="customoperatornamespacesit-alpha/test-hivemq-platform-alpha"
2025-01-29 13:20:37,972 INFO c.h.h.t.HelmChartContainer - [POD] test-hivemq-platform-alpha-0 [895d87d7-f14c-47e1-94a7-5b93bad89030] in customoperatornamespacesit-alpha was MODIFIED
2025-01-29 13:20:38,107 INFO c.h.h.t.HelmChartContainer - [K3S] [reconciler_common.go:162] "operationExecutor.UnmountVolume started for volume \"kube-api-access-445d4\" (UniqueName: \"kubernetes.io/projected/895d87d7-f14c-47e1-94a7-5b93bad89030-kube-api-access-445d4\") pod \"895d87d7-f14c-47e1-94a7-5b93bad89030\" (UID: \"895d87d7-f14c-47e1-94a7-5b93bad89030\") "
2025-01-29 13:20:38,107 INFO c.h.h.t.HelmChartContainer - [K3S] [reconciler_common.go:162] "operationExecutor.UnmountVolume started for volume \"pod-info\" (UniqueName: \"kubernetes.io/configmap/895d87d7-f14c-47e1-94a7-5b93bad89030-pod-info\") pod \"895d87d7-f14c-47e1-94a7-5b93bad89030\" (UID: \"895d87d7-f14c-47e1-94a7-5b93bad89030\") "
2025-01-29 13:20:38,108 INFO c.h.h.t.HelmChartContainer - [K3S] [reconciler_common.go:162] "operationExecutor.UnmountVolume started for volume \"broker-configuration\" (UniqueName: \"kubernetes.io/configmap/895d87d7-f14c-47e1-94a7-5b93bad89030-broker-configuration\") pod \"895d87d7-f14c-47e1-94a7-5b93bad89030\" (UID: \"895d87d7-f14c-47e1-94a7-5b93bad89030\") "
2025-01-29 13:20:38,108 INFO c.h.h.t.HelmChartContainer - [K3S] [reconciler_common.go:162] "operationExecutor.UnmountVolume started for volume \"operator-init\" (UniqueName: \"kubernetes.io/empty-dir/895d87d7-f14c-47e1-94a7-5b93bad89030-operator-init\") pod \"895d87d7-f14c-47e1-94a7-5b93bad89030\" (UID: \"895d87d7-f14c-47e1-94a7-5b93bad89030\") "
2025-01-29 13:20:38,208 INFO c.h.h.t.HelmChartContainer - [K3S] [reconciler_common.go:299] "Volume detached for volume \"kube-api-access-445d4\" (UniqueName: \"kubernetes.io/projected/895d87d7-f14c-47e1-94a7-5b93bad89030-kube-api-access-445d4\") on node \"4b5e7665a766\" DevicePath \"\""
2025-01-29 13:20:38,208 INFO c.h.h.t.HelmChartContainer - [K3S] [reconciler_common.go:299] "Volume detached for volume \"pod-info\" (UniqueName: \"kubernetes.io/configmap/895d87d7-f14c-47e1-94a7-5b93bad89030-pod-info\") on node \"4b5e7665a766\" DevicePath \"\""
2025-01-29 13:20:38,208 INFO c.h.h.t.HelmChartContainer - [K3S] [reconciler_common.go:299] "Volume detached for volume \"broker-configuration\" (UniqueName: \"kubernetes.io/configmap/895d87d7-f14c-47e1-94a7-5b93bad89030-broker-configuration\") on node \"4b5e7665a766\" DevicePath \"\""
2025-01-29 13:20:38,208 INFO c.h.h.t.HelmChartContainer - [K3S] [reconciler_common.go:299] "Volume detached for volume \"operator-init\" (UniqueName: \"kubernetes.io/empty-dir/895d87d7-f14c-47e1-94a7-5b93bad89030-operator-init\") on node \"4b5e7665a766\" DevicePath \"\""
2025-01-29 13:20:38,502 INFO c.h.h.t.HelmChartContainer - [K3S] [scope.go:117] "RemoveContainer" containerID="2331cdbdb2bce1132ce2fa2c9172c8c437294f5bcf2098b6344432ab57ab060c"
2025-01-29 13:20:38,514 INFO c.h.h.t.HelmChartContainer - [POD] test-hivemq-platform-alpha-0 [895d87d7-f14c-47e1-94a7-5b93bad89030] in customoperatornamespacesit-alpha was MODIFIED
2025-01-29 13:20:38,517 INFO c.h.h.t.HelmChartContainer - [POD] test-hivemq-platform-alpha-0 [895d87d7-f14c-47e1-94a7-5b93bad89030] in customoperatornamespacesit-alpha was DELETED
2025-01-29 13:20:38,602 INFO c.h.h.t.HelmChartContainer - [K3S] [scope.go:117] "RemoveContainer" containerID="adcf2257d86f8e1b7c2796d67eae3e392e03179574b80292fed550c0ac4e43ed"
2025-01-29 13:20:38,604 INFO c.h.h.t.HelmChartContainer - [K3S] [scope.go:117] "RemoveContainer" containerID="2331cdbdb2bce1132ce2fa2c9172c8c437294f5bcf2098b6344432ab57ab060c"
2025-01-29 13:20:38,605 INFO c.h.h.t.HelmChartContainer - [K3S] [scope.go:117] "RemoveContainer" containerID="adcf2257d86f8e1b7c2796d67eae3e392e03179574b80292fed550c0ac4e43ed"
2025-01-29 13:20:40,285 INFO c.h.h.t.HelmChartContainer - [K3S] [kubelet_volumes.go:163] "Cleaned up orphaned pod volumes dir" podUID="895d87d7-f14c-47e1-94a7-5b93bad89030" path="/var/lib/kubelet/pods/895d87d7-f14c-47e1-94a7-5b93bad89030/volumes"
2025-01-29 13:20:40,600 INFO c.h.h.t.HelmChartContainer - [hivemq-test-hivemq-platform] [hivemq-platform-operator] [0e088f31] 13:20:40.598 [pool-6-thread-10] DEBUG c.h.p.o.dependants.PodInfoConfigMap - [customop] Desired PodInfo ConfigMap (1 extensions) (1 enabled)
2025-01-29 13:20:40,601 INFO c.h.h.t.HelmChartContainer - [hivemq-test-hivemq-platform] [hivemq-platform-operator] [0e088f31] 13:20:40.599 [pool-6-thread-10] DEBUG c.h.p.o.dependants.PodInfoConfigMap - [customop] Desired PodInfo ConfigMap (metrics port: 9399) (metrics path: /)
2025-01-29 13:20:40,601 INFO c.h.h.t.HelmChartContainer - [hivemq-test-hivemq-platform] [hivemq-platform-operator] [0e088f31] 13:20:40.598 [pool-6-thread-12] DEBUG c.h.p.o.d.PlatformServiceResource - [customop] Desired Platform services (3 services)
2025-01-29 13:20:40,602 INFO c.h.h.t.HelmChartContainer - [hivemq-test-hivemq-platform] [hivemq-platform-operator] [0e088f31] 13:20:40.599 [pool-6-thread-41] DEBUG c.h.p.o.d.PodServiceAccountResource - [customop] Desired PodServiceAccountResource (serviceAccountName: hivemq-platform-pod-test-hivemq-platform-beta)
2025-01-29 13:20:40,602 INFO c.h.h.t.HelmChartContainer - [hivemq-test-hivemq-platform] [hivemq-platform-operator] [0e088f31] 13:20:40.599 [pool-6-thread-10] DEBUG c.h.p.o.dependants.PodInfoConfigMap - [customop] Desired PodInfo ConfigMap (extension state hash: -1817474005)
2025-01-29 13:20:40,604 INFO c.h.h.t.HelmChartContainer - [hivemq-test-hivemq-platform] [hivemq-platform-operator] [0e088f31] 13:20:40.603 [pool-6-thread-12] DEBUG c.h.p.o.d.StatefulSetResource - [customop] Desired StatefulSet (1 replicas) for status RUNNING (READY)
2025-01-29 13:20:40,607 INFO c.h.h.t.HelmChartContainer - [hivemq-test-hivemq-platform] [hivemq-platform-operator] [0e088f31] 13:20:40.606 [ReconcilerExecutor-hivemq-controller-147] INFO  c.h.p.o.HiveMQPlatformReconciler - [customop] Reconciling HiveMQ Platform 'test-hivemq-platform-beta' in namespace 'customoperatornamespacesit-beta'
2025-01-29 13:20:40,608 INFO c.h.h.t.HelmChartContainer - [hivemq-test-hivemq-platform] [hivemq-platform-operator] [0e088f31] 13:20:40.606 [ReconcilerExecutor-hivemq-controller-147] DEBUG c.h.p.o.HiveMQPlatformReconciler - [customop] Custom Resource Status RUNNING - HiveMQ Platform is ready (READY)
2025-01-29 13:20:40,608 INFO c.h.h.t.HelmChartContainer - [hivemq-test-hivemq-platform] [hivemq-platform-operator] [0e088f31] 13:20:40.606 [ReconcilerExecutor-hivemq-controller-147] DEBUG c.h.p.o.HiveMQPlatformReconciler - [customop] Custom Resource Spec (replicas: 1) (extensions: 1)
2025-01-29 13:20:40,608 INFO c.h.h.t.HelmChartContainer - [hivemq-test-hivemq-platform] [hivemq-platform-operator] [0e088f31] 13:20:40.607 [ReconcilerExecutor-hivemq-controller-147] DEBUG c.h.p.o.HiveMQPlatformReconciler - [customop] StatefulSet Status (revision: test-hivemq-platform-beta-68c75dbff9, replicas: 1, available: 1, ready: 1, current: 1, updated: 1)
2025-01-29 13:20:40,609 INFO c.h.h.t.HelmChartContainer - [hivemq-test-hivemq-platform] [hivemq-platform-operator] [0e088f31] 13:20:40.607 [ReconcilerExecutor-hivemq-controller-147] DEBUG c.h.p.o.HiveMQPlatformReconciler - [customop] StatefulSet Spec (replicas: 1, init containers: 1, containers: 1, volumes: 3)
2025-01-29 13:20:40,610 INFO c.h.h.t.HelmChartContainer - [hivemq-test-hivemq-platform] [hivemq-platform-operator] [0e088f31] 13:20:40.608 [ReconcilerExecutor-hivemq-controller-147] DEBUG c.h.p.o.h.HiveMQPlatformReconcilerErrorHandler - [customop] Pod 'test-hivemq-platform-beta-0' phase Running
2025-01-29 13:20:41,953 INFO c.h.h.t.HelmChartContainer - [test-hivemq-platform] [hivemq] [357680fc] INFO  - [HiveMQ Platform Operator Init App 1.7.0-SNAPSHOT] Returning Health API response 200 for liveness
2025-01-29 13:20:43,175 INFO c.h.h.t.HelmChartContainer - Namespace 'customoperatornamespacesit-alpha' deleted
2025-01-29 13:20:43,175 INFO c.h.h.t.HelmChartContainer - Release 'test-hivemq-platform-alpha' in namespace 'customoperatornamespacesit-alpha' is uninstalled
2025-01-29 13:20:43,175 INFO c.h.h.t.HelmChartContainer - Uninstalling release 'test-hivemq-platform-beta' in namespace 'customoperatornamespacesit-beta'...
2025-01-29 13:20:43,175 DEBUG c.h.h.t.HelmChartContainer - Executing helm command: /bin/helm --kubeconfig /etc/rancher/k3s/k3s.yaml uninstall test-hivemq-platform-beta  --wait --timeout 5m0s --cascade foreground --namespace customoperatornamespacesit-beta
2025-01-29 13:20:43,348 INFO c.h.h.t.HelmChartContainer - [hivemq-test-hivemq-platform] [hivemq-platform-operator] [0e088f31] 13:20:43.347 [pool-6-thread-26] DEBUG c.h.p.o.d.PlatformServiceResource - [customop] Desired Platform services (3 services)
2025-01-29 13:20:43,352 INFO c.h.h.t.HelmChartContainer - [hivemq-test-hivemq-platform] [hivemq-platform-operator] [0e088f31] 13:20:43.349 [pool-6-thread-20] DEBUG c.h.p.o.d.PodServiceAccountResource - [customop] Desired PodServiceAccountResource (serviceAccountName: hivemq-platform-pod-test-hivemq-platform-beta)
2025-01-29 13:20:43,353 INFO c.h.h.t.HelmChartContainer - [hivemq-test-hivemq-platform] [hivemq-platform-operator] [0e088f31] 13:20:43.349 [pool-6-thread-6] DEBUG c.h.p.o.dependants.PodInfoConfigMap - [customop] Desired PodInfo ConfigMap (1 extensions) (1 enabled)
2025-01-29 13:20:43,353 INFO c.h.h.t.HelmChartContainer - [hivemq-test-hivemq-platform] [hivemq-platform-operator] [0e088f31] 13:20:43.351 [pool-6-thread-6] DEBUG c.h.p.o.dependants.PodInfoConfigMap - [customop] Desired PodInfo ConfigMap (metrics port: 9399) (metrics path: /)
2025-01-29 13:20:43,353 INFO c.h.h.t.HelmChartContainer - [hivemq-test-hivemq-platform] [hivemq-platform-operator] [0e088f31] 13:20:43.351 [pool-6-thread-6] DEBUG c.h.p.o.dependants.PodInfoConfigMap - [customop] Desired PodInfo ConfigMap (extension state hash: -1817474005)
2025-01-29 13:20:43,364 INFO c.h.h.t.HelmChartContainer - [hivemq-test-hivemq-platform] [hivemq-platform-operator] [0e088f31] 13:20:43.358 [pool-6-thread-26] DEBUG c.h.p.o.d.StatefulSetResource - [customop] Desired StatefulSet (1 replicas) for status RUNNING (READY)
2025-01-29 13:20:43,366 INFO c.h.h.t.HelmChartContainer - [hivemq-test-hivemq-platform] [hivemq-platform-operator] [0e088f31] 13:20:43.362 [pool-6-thread-26] DEBUG c.h.p.o.d.StatefulSetResource - [customop] Update StatefulSet (replicas: 1 -> 1)
2025-01-29 13:20:43,369 INFO c.h.h.t.HelmChartContainer - [hivemq-test-hivemq-platform] [hivemq-platform-operator] [0e088f31] 13:20:43.362 [pool-6-thread-26] DEBUG c.h.p.o.d.StatefulSetResource - [customop] Detected change in StatefulSet specification (path: /template/metadata/annotations/kubernetes-resource-versions) (actual value: {broker-configuration-v2=-2089688360}) (target value: {broker-configuration-v2=0})
2025-01-29 13:20:43,369 INFO c.h.h.t.HelmChartContainer - [hivemq-test-hivemq-platform] [hivemq-platform-operator] [0e088f31] 13:20:43.363 [pool-6-thread-26] INFO  c.h.p.o.d.StatefulSetResource - [customop] StatefulSet spec was updated, triggering rolling restart
2025-01-29 13:20:43,402 INFO c.h.h.t.HelmChartContainer - [hivemq-test-hivemq-platform] [hivemq-platform-operator] [0e088f31] 13:20:43.400 [ReconcilerExecutor-hivemq-controller-148] INFO  c.h.p.o.HiveMQPlatformReconciler - [customop] Reconciling HiveMQ Platform 'test-hivemq-platform-beta' in namespace 'customoperatornamespacesit-beta'
2025-01-29 13:20:43,402 INFO c.h.h.t.HelmChartContainer - [hivemq-test-hivemq-platform] [hivemq-platform-operator] [0e088f31] 13:20:43.400 [ReconcilerExecutor-hivemq-controller-148] DEBUG c.h.p.o.HiveMQPlatformReconciler - [customop] Custom Resource Status RUNNING - HiveMQ Platform is ready (READY) (reconciliation requests: ROLLING_RESTART, REQUESTS_UPDATED)
2025-01-29 13:20:43,402 INFO c.h.h.t.HelmChartContainer - [hivemq-test-hivemq-platform] [hivemq-platform-operator] [0e088f31] 13:20:43.400 [ReconcilerExecutor-hivemq-controller-148] DEBUG c.h.p.o.HiveMQPlatformReconciler - [customop] Custom Resource Spec (replicas: 1) (extensions: 1)
2025-01-29 13:20:43,402 INFO c.h.h.t.HelmChartContainer - [hivemq-test-hivemq-platform] [hivemq-platform-operator] [0e088f31] 13:20:43.400 [ReconcilerExecutor-hivemq-controller-148] WARN  c.h.p.o.h.HiveMQPlatformReconcilerErrorHandler - [customop] Could not find ConfigMap 'hivemq-configuration-test-hivemq-platform-beta' for HiveMQ Platform configuration
2025-01-29 13:20:43,493 INFO c.h.h.t.HelmChartContainer - [hivemq-test-hivemq-platform] [hivemq-platform-operator] [0e088f31] 13:20:43.492 [ReconcilerExecutor-hivemq-controller-148] DEBUG c.h.p.operator.event.EventSender - [customop] Creating K8s event hivemq-platform-invalid-configuration: [Start] Could not find ConfigMap 'hivemq-configuration-test-hivemq-platform-beta' for HiveMQ Platform configuration
2025-01-29 13:20:43,496 INFO c.h.h.t.HelmChartContainer - [EVENT] Warning [Start] Could not find ConfigMap 'hivemq-configuration-test-hivemq-platform-beta' for HiveMQ Platform configuration [customoperatornamespacesit-beta:test-hivemq-platform-beta]
2025-01-29 13:20:43,497 INFO c.h.h.t.HelmChartContainer - [hivemq-test-hivemq-platform] [hivemq-platform-operator] [0e088f31] 13:20:43.496 [ReconcilerExecutor-hivemq-controller-148] INFO  c.h.p.o.h.AbstractHiveMQReconcilerStateHandler - [customop] Update HiveMQ Platform Status (RUNNING [READY] -> ERROR [INVALID_CONFIG_MAP]): Could not find ConfigMap 'hivemq-configuration-test-hivemq-platform-beta' for HiveMQ Platform configuration (reconciliation requests: ROLLING_RESTART)
2025-01-29 13:20:43,508 INFO c.h.h.t.HelmChartContainer - [hivemq-test-hivemq-platform] [hivemq-platform-operator] [0e088f31] 13:20:43.503 [ReconcilerExecutor-hivemq-controller-148] ERROR i.j.o.p.event.EventProcessor - Error during event processing ExecutionScope{ resource id: ResourceID{name='test-hivemq-platform-beta', namespace='customoperatornamespacesit-beta'}, version: 696}
2025-01-29 13:20:43,508 INFO c.h.h.t.HelmChartContainer - [hivemq-test-hivemq-platform] [hivemq-platform-operator] [0e088f31] io.fabric8.kubernetes.client.KubernetesClientException: Failure executing: PUT at: https://10.43.0.1:443/apis/hivemq.com/v1/namespaces/customoperatornamespacesit-beta/hivemq-platforms/test-hivemq-platform-beta/status. Message: Operation cannot be fulfilled on hivemq-platforms.hivemq.com "test-hivemq-platform-beta": the object has been modified; please apply your changes to the latest version and try again. Received status: Status(apiVersion=v1, code=409, details=StatusDetails(causes=[], group=hivemq.com, kind=hivemq-platforms, name=test-hivemq-platform-beta, retryAfterSeconds=null, uid=null, additionalProperties={}), kind=Status, message=Operation cannot be fulfilled on hivemq-platforms.hivemq.com "test-hivemq-platform-beta": the object has been modified; please apply your changes to the latest version and try again, metadata=ListMeta(_continue=null, remainingItemCount=null, resourceVersion=null, selfLink=null, additionalProperties={}), reason=Conflict, status=Failure, additionalProperties={}).
2025-01-29 13:20:43,508 INFO c.h.h.t.HelmChartContainer - [hivemq-test-hivemq-platform] [hivemq-platform-operator] [0e088f31] 	at io.fabric8.kubernetes.client.KubernetesClientException.copyAsCause(KubernetesClientException.java:238)
2025-01-29 13:20:43,508 INFO c.h.h.t.HelmChartContainer - [hivemq-test-hivemq-platform] [hivemq-platform-operator] [0e088f31] 	at io.fabric8.kubernetes.client.dsl.internal.OperationSupport.waitForResult(OperationSupport.java:507)
2025-01-29 13:20:43,508 INFO c.h.h.t.HelmChartContainer - [hivemq-test-hivemq-platform] [hivemq-platform-operator] [0e088f31] 	at io.fabric8.kubernetes.client.dsl.internal.OperationSupport.handleResponse(OperationSupport.java:524)
2025-01-29 13:20:43,508 INFO c.h.h.t.HelmChartContainer - [hivemq-test-hivemq-platform] [hivemq-platform-operator] [0e088f31] 	at io.fabric8.kubernetes.client.dsl.internal.OperationSupport.handleUpdate(OperationSupport.java:358)
2025-01-29 13:20:43,508 INFO c.h.h.t.HelmChartContainer - [hivemq-test-hivemq-platform] [hivemq-platform-operator] [0e088f31] 	at io.fabric8.kubernetes.client.dsl.internal.BaseOperation.handleUpdate(BaseOperation.java:759)
2025-01-29 13:20:43,508 INFO c.h.h.t.HelmChartContainer - [hivemq-test-hivemq-platform] [hivemq-platform-operator] [0e088f31] 	at io.fabric8.kubernetes.client.dsl.internal.HasMetadataOperation.update(HasMetadataOperation.java:138)
2025-01-29 13:20:43,508 INFO c.h.h.t.HelmChartContainer - [hivemq-test-hivemq-platform] [hivemq-platform-operator] [0e088f31] 	at io.fabric8.kubernetes.client.dsl.internal.HasMetadataOperation.update(HasMetadataOperation.java:121)
2025-01-29 13:20:43,508 INFO c.h.h.t.HelmChartContainer - [hivemq-test-hivemq-platform] [hivemq-platform-operator] [0e088f31] 	at io.fabric8.kubernetes.client.dsl.internal.HasMetadataOperation.updateStatus(HasMetadataOperation.java:126)
2025-01-29 13:20:43,508 INFO c.h.h.t.HelmChartContainer - [hivemq-test-hivemq-platform] [hivemq-platform-operator] [0e088f31] 	at io.fabric8.kubernetes.client.dsl.internal.HasMetadataOperation.updateStatus(HasMetadataOperation.java:44)
2025-01-29 13:20:43,508 INFO c.h.h.t.HelmChartContainer - [hivemq-test-hivemq-platform] [hivemq-platform-operator] [0e088f31] 	at io.javaoperatorsdk.operator.processing.event.ReconciliationDispatcher$CustomResourceFacade.updateStatus(ReconciliationDispatcher.java:408)
2025-01-29 13:20:43,508 INFO c.h.h.t.HelmChartContainer - [hivemq-test-hivemq-platform] [hivemq-platform-operator] [0e088f31] 	at io.javaoperatorsdk.operator.processing.event.ReconciliationDispatcher.updateStatusGenerationAware(ReconciliationDispatcher.java:228)
2025-01-29 13:20:43,508 INFO c.h.h.t.HelmChartContainer - [hivemq-test-hivemq-platform] [hivemq-platform-operator] [0e088f31] 	at io.javaoperatorsdk.operator.processing.event.ReconciliationDispatcher.reconcileExecution(ReconciliationDispatcher.java:150)
2025-01-29 13:20:43,508 INFO c.h.h.t.HelmChartContainer - [hivemq-test-hivemq-platform] [hivemq-platform-operator] [0e088f31] 	at io.javaoperatorsdk.operator.processing.event.ReconciliationDispatcher.handleReconcile(ReconciliationDispatcher.java:117)
2025-01-29 13:20:43,508 INFO c.h.h.t.HelmChartContainer - [hivemq-test-hivemq-platform] [hivemq-platform-operator] [0e088f31] 	at io.javaoperatorsdk.operator.processing.event.ReconciliationDispatcher.handleDispatch(ReconciliationDispatcher.java:91)
2025-01-29 13:20:43,508 INFO c.h.h.t.HelmChartContainer - [hivemq-test-hivemq-platform] [hivemq-platform-operator] [0e088f31] 	at io.javaoperatorsdk.operator.processing.event.ReconciliationDispatcher.handleExecution(ReconciliationDispatcher.java:64)
2025-01-29 13:20:43,508 INFO c.h.h.t.HelmChartContainer - [hivemq-test-hivemq-platform] [hivemq-platform-operator] [0e088f31] 	at io.javaoperatorsdk.operator.processing.event.EventProcessor$ReconcilerExecutor.run(EventProcessor.java:452)
2025-01-29 13:20:43,508 INFO c.h.h.t.HelmChartContainer - [hivemq-test-hivemq-platform] [hivemq-platform-operator] [0e088f31] 	at java.base/java.util.concurrent.ThreadPoolExecutor.runWorker(Unknown Source)
2025-01-29 13:20:43,508 INFO c.h.h.t.HelmChartContainer - [hivemq-test-hivemq-platform] [hivemq-platform-operator] [0e088f31] 	at java.base/java.util.concurrent.ThreadPoolExecutor$Worker.run(Unknown Source)
2025-01-29 13:20:43,508 INFO c.h.h.t.HelmChartContainer - [hivemq-test-hivemq-platform] [hivemq-platform-operator] [0e088f31] 	at java.base/java.lang.Thread.run(Unknown Source)
2025-01-29 13:20:43,508 INFO c.h.h.t.HelmChartContainer - [hivemq-test-hivemq-platform] [hivemq-platform-operator] [0e088f31] Caused by: io.fabric8.kubernetes.client.KubernetesClientException: Failure executing: PUT at: https://10.43.0.1:443/apis/hivemq.com/v1/namespaces/customoperatornamespacesit-beta/hivemq-platforms/test-hivemq-platform-beta/status. Message: Operation cannot be fulfilled on hivemq-platforms.hivemq.com "test-hivemq-platform-beta": the object has been modified; please apply your changes to the latest version and try again. Received status: Status(apiVersion=v1, code=409, details=StatusDetails(causes=[], group=hivemq.com, kind=hivemq-platforms, name=test-hivemq-platform-beta, retryAfterSeconds=null, uid=null, additionalProperties={}), kind=Status, message=Operation cannot be fulfilled on hivemq-platforms.hivemq.com "test-hivemq-platform-beta": the object has been modified; please apply your changes to the latest version and try again, metadata=ListMeta(_continue=null, remainingItemCount=null, resourceVersion=null, selfLink=null, additionalProperties={}), reason=Conflict, status=Failure, additionalProperties={}).
2025-01-29 13:20:43,508 INFO c.h.h.t.HelmChartContainer - [hivemq-test-hivemq-platform] [hivemq-platform-operator] [0e088f31] 	at io.fabric8.kubernetes.client.dsl.internal.OperationSupport.requestFailure(OperationSupport.java:660)
2025-01-29 13:20:43,508 INFO c.h.h.t.HelmChartContainer - [hivemq-test-hivemq-platform] [hivemq-platform-operator] [0e088f31] 	at io.fabric8.kubernetes.client.dsl.internal.OperationSupport.requestFailure(OperationSupport.java:640)
2025-01-29 13:20:43,508 INFO c.h.h.t.HelmChartContainer - [hivemq-test-hivemq-platform] [hivemq-platform-operator] [0e088f31] 	at io.fabric8.kubernetes.client.dsl.internal.OperationSupport.assertResponseCode(OperationSupport.java:589)
2025-01-29 13:20:43,508 INFO c.h.h.t.HelmChartContainer - [hivemq-test-hivemq-platform] [hivemq-platform-operator] [0e088f31] 	at io.fabric8.kubernetes.client.dsl.internal.OperationSupport.lambda$handleResponse$0(OperationSupport.java:549)
2025-01-29 13:20:43,508 INFO c.h.h.t.HelmChartContainer - [hivemq-test-hivemq-platform] [hivemq-platform-operator] [0e088f31] 	at java.base/java.util.concurrent.CompletableFuture$UniApply.tryFire(Unknown Source)
2025-01-29 13:20:43,508 INFO c.h.h.t.HelmChartContainer - [hivemq-test-hivemq-platform] [hivemq-platform-operator] [0e088f31] 	at java.base/java.util.concurrent.CompletableFuture.postComplete(Unknown Source)
2025-01-29 13:20:43,508 INFO c.h.h.t.HelmChartContainer - [hivemq-test-hivemq-platform] [hivemq-platform-operator] [0e088f31] 	at java.base/java.util.concurrent.CompletableFuture.complete(Unknown Source)
2025-01-29 13:20:43,508 INFO c.h.h.t.HelmChartContainer - [hivemq-test-hivemq-platform] [hivemq-platform-operator] [0e088f31] 	at io.fabric8.kubernetes.client.http.StandardHttpClient.lambda$completeOrCancel$10(StandardHttpClient.java:141)
2025-01-29 13:20:43,508 INFO c.h.h.t.HelmChartContainer - [hivemq-test-hivemq-platform] [hivemq-platform-operator] [0e088f31] 	at java.base/java.util.concurrent.CompletableFuture.uniWhenComplete(Unknown Source)
2025-01-29 13:20:43,508 INFO c.h.h.t.HelmChartContainer - [hivemq-test-hivemq-platform] [hivemq-platform-operator] [0e088f31] 	at java.base/java.util.concurrent.CompletableFuture$UniWhenComplete.tryFire(Unknown Source)
2025-01-29 13:20:43,512 INFO c.h.h.t.HelmChartContainer - [hivemq-test-hivemq-platform] [hivemq-platform-operator] [0e088f31] 	at java.base/java.util.concurrent.CompletableFuture.postComplete(Unknown Source)
2025-01-29 13:20:43,513 INFO c.h.h.t.HelmChartContainer - [hivemq-test-hivemq-platform] [hivemq-platform-operator] [0e088f31] 	at java.base/java.util.concurrent.CompletableFuture.complete(Unknown Source)
2025-01-29 13:20:43,513 INFO c.h.h.t.HelmChartContainer - [hivemq-test-hivemq-platform] [hivemq-platform-operator] [0e088f31] 	at io.fabric8.kubernetes.client.http.ByteArrayBodyHandler.onBodyDone(ByteArrayBodyHandler.java:51)
2025-01-29 13:20:43,513 INFO c.h.h.t.HelmChartContainer - [hivemq-test-hivemq-platform] [hivemq-platform-operator] [0e088f31] 	at java.base/java.util.concurrent.CompletableFuture.uniWhenComplete(Unknown Source)
2025-01-29 13:20:43,513 INFO c.h.h.t.HelmChartContainer - [hivemq-test-hivemq-platform] [hivemq-platform-operator] [0e088f31] 	at java.base/java.util.concurrent.CompletableFuture$UniWhenComplete.tryFire(Unknown Source)
2025-01-29 13:20:43,513 INFO c.h.h.t.HelmChartContainer - [hivemq-test-hivemq-platform] [hivemq-platform-operator] [0e088f31] 	at java.base/java.util.concurrent.CompletableFuture.postComplete(Unknown Source)
2025-01-29 13:20:43,513 INFO c.h.h.t.HelmChartContainer - [hivemq-test-hivemq-platform] [hivemq-platform-operator] [0e088f31] 	at java.base/java.util.concurrent.CompletableFuture.complete(Unknown Source)
2025-01-29 13:20:43,513 INFO c.h.h.t.HelmChartContainer - [hivemq-test-hivemq-platform] [hivemq-platform-operator] [0e088f31] 	at io.fabric8.kubernetes.client.vertx.VertxHttpRequest.lambda$null$1(VertxHttpRequest.java:121)
2025-01-29 13:20:43,513 INFO c.h.h.t.HelmChartContainer - [hivemq-test-hivemq-platform] [hivemq-platform-operator] [0e088f31] 	at io.vertx.core.impl.ContextInternal.dispatch(ContextInternal.java:279)
2025-01-29 13:20:43,513 INFO c.h.h.t.HelmChartContainer - [hivemq-test-hivemq-platform] [hivemq-platform-operator] [0e088f31] 	at io.vertx.core.impl.ContextInternal.dispatch(ContextInternal.java:261)
2025-01-29 13:20:43,513 INFO c.h.h.t.HelmChartContainer - [hivemq-test-hivemq-platform] [hivemq-platform-operator] [0e088f31] 	at io.vertx.core.http.impl.HttpEventHandler.handleEnd(HttpEventHandler.java:76)
2025-01-29 13:20:43,513 INFO c.h.h.t.HelmChartContainer - [hivemq-test-hivemq-platform] [hivemq-platform-operator] [0e088f31] 	at io.vertx.core.http.impl.HttpClientResponseImpl.handleEnd(HttpClientResponseImpl.java:250)
2025-01-29 13:20:43,513 INFO c.h.h.t.HelmChartContainer - [hivemq-test-hivemq-platform] [hivemq-platform-operator] [0e088f31] 	at io.vertx.core.http.impl.Http1xClientConnection$StreamImpl.lambda$new$0(Http1xClientConnection.java:421)
2025-01-29 13:20:43,513 INFO c.h.h.t.HelmChartContainer - [hivemq-test-hivemq-platform] [hivemq-platform-operator] [0e088f31] 	at io.vertx.core.streams.impl.InboundBuffer.handleEvent(InboundBuffer.java:279)
2025-01-29 13:20:43,513 INFO c.h.h.t.HelmChartContainer - [hivemq-test-hivemq-platform] [hivemq-platform-operator] [0e088f31] 	at io.vertx.core.streams.impl.InboundBuffer.write(InboundBuffer.java:157)
2025-01-29 13:20:43,513 INFO c.h.h.t.HelmChartContainer - [hivemq-test-hivemq-platform] [hivemq-platform-operator] [0e088f31] 	at io.vertx.core.http.impl.Http1xClientConnection$StreamImpl.handleEnd(Http1xClientConnection.java:709)
2025-01-29 13:20:43,513 INFO c.h.h.t.HelmChartContainer - [hivemq-test-hivemq-platform] [hivemq-platform-operator] [0e088f31] 	at io.vertx.core.impl.ContextImpl.lambda$execute$4(ContextImpl.java:315)
2025-01-29 13:20:43,513 INFO c.h.h.t.HelmChartContainer - [hivemq-test-hivemq-platform] [hivemq-platform-operator] [0e088f31] 	at io.netty.util.concurrent.AbstractEventExecutor.runTask(AbstractEventExecutor.java:173)
2025-01-29 13:20:43,513 INFO c.h.h.t.HelmChartContainer - [hivemq-test-hivemq-platform] [hivemq-platform-operator] [0e088f31] 	at io.netty.util.concurrent.AbstractEventExecutor.safeExecute(AbstractEventExecutor.java:166)
2025-01-29 13:20:43,513 INFO c.h.h.t.HelmChartContainer - [hivemq-test-hivemq-platform] [hivemq-platform-operator] [0e088f31] 	at io.netty.util.concurrent.SingleThreadEventExecutor.runAllTasks(SingleThreadEventExecutor.java:472)
2025-01-29 13:20:43,513 INFO c.h.h.t.HelmChartContainer - [hivemq-test-hivemq-platform] [hivemq-platform-operator] [0e088f31] 	at io.netty.channel.nio.NioEventLoop.run(NioEventLoop.java:569)
2025-01-29 13:20:43,513 INFO c.h.h.t.HelmChartContainer - [hivemq-test-hivemq-platform] [hivemq-platform-operator] [0e088f31] 	at io.netty.util.concurrent.SingleThreadEventExecutor$4.run(SingleThreadEventExecutor.java:997)
2025-01-29 13:20:43,513 INFO c.h.h.t.HelmChartContainer - [hivemq-test-hivemq-platform] [hivemq-platform-operator] [0e088f31] 	at io.netty.util.internal.ThreadExecutorMap$2.run(ThreadExecutorMap.java:74)
2025-01-29 13:20:43,513 INFO c.h.h.t.HelmChartContainer - [hivemq-test-hivemq-platform] [hivemq-platform-operator] [0e088f31] 	at io.netty.util.concurrent.FastThreadLocalRunnable.run(FastThreadLocalRunnable.java:30)
2025-01-29 13:20:43,513 INFO c.h.h.t.HelmChartContainer - [hivemq-test-hivemq-platform] [hivemq-platform-operator] [0e088f31] 	... 1 common frames omitted
2025-01-29 13:20:43,513 INFO c.h.h.t.HelmChartContainer - [hivemq-test-hivemq-platform] [hivemq-platform-operator] [0e088f31] 13:20:43.508 [ReconcilerExecutor-hivemq-controller-149] INFO  c.h.p.o.HiveMQPlatformReconciler - [customop] Cleanup test-hivemq-platform-beta - customoperatornamespacesit-beta HiveMQ Platform is shut down
2025-01-29 13:20:44,097 INFO c.h.h.t.HelmChartContainer - [POD] test-hivemq-platform-beta-0 [357680fc-954c-4fd0-8a38-cc17b1f9058c] in customoperatornamespacesit-beta was MODIFIED
2025-01-29 13:20:44,100 INFO c.h.h.t.HelmChartContainer - [EVENT] Normal [Killing] Stopping container hivemq [customoperatornamespacesit-beta:test-hivemq-platform-beta-0]
2025-01-29 13:20:44,101 INFO c.h.h.t.HelmChartContainer - Received Killing event for container hivemq in pod test-hivemq-platform-beta-0 [357680fc-954c-4fd0-8a38-cc17b1f9058c]
2025-01-29 13:20:44,101 INFO c.h.h.t.HelmChartContainer - Container [test-hivemq-platform-beta-0] [hivemq] [357680fc-954c-4fd0-8a38-cc17b1f9058c] was terminated
2025-01-29 13:20:44,101 INFO c.h.h.t.HelmChartContainer - Stopped log watcher for hivemq in pod test-hivemq-platform-beta-0 [357680fc-954c-4fd0-8a38-cc17b1f9058c]
2025-01-29 13:20:44,119 INFO c.h.h.t.HelmChartContainer - [test-hivemq-platform] [hivemq] [357680fc] INFO  - [HiveMQ Platform Operator Init App 1.7.0-SNAPSHOT] Shutting down
2025-01-29 13:20:44,120 INFO c.h.h.t.HelmChartContainer - [test-hivemq-platform] [hivemq] [357680fc] INFO  - [HiveMQ Platform Operator Init App 1.7.0-SNAPSHOT] Stopping the HiveMQ Platform
2025-01-29 13:20:44,172 INFO c.h.h.t.HelmChartContainer - [test-hivemq-platform] [hivemq] [357680fc] INFO  - Shutting down HiveMQ. Please wait, this could take a while...
2025-01-29 13:20:44,258 INFO c.h.h.t.HelmChartContainer - [test-hivemq-platform] [hivemq] [357680fc] INFO  - Shutting down listeners and clients
2025-01-29 13:20:44,258 INFO c.h.h.t.HelmChartContainer - [test-hivemq-platform] [hivemq] [357680fc] INFO  - Shutdown of listeners is done
2025-01-29 13:20:44,258 INFO c.h.h.t.HelmChartContainer - [test-hivemq-platform] [hivemq] [357680fc] INFO  - No clients are connected, proceeding with shutdown
2025-01-29 13:20:45,171 INFO c.h.h.t.HelmChartContainer - [test-hivemq-platform] [hivemq] [357680fc] INFO  - [HiveMQ Platform Operator Init App 1.7.0-SNAPSHOT] Returning shutdown Health API response 503 for readiness
2025-01-29 13:20:45,175 INFO c.h.h.t.HelmChartContainer - [EVENT] Warning [Unhealthy] Readiness probe failed: HTTP probe failed with statuscode: 503 [customoperatornamespacesit-beta:test-hivemq-platform-beta-0]
2025-01-29 13:20:45,176 INFO c.h.h.t.HelmChartContainer - Received Unhealthy event for container hivemq in pod test-hivemq-platform-beta-0 [357680fc-954c-4fd0-8a38-cc17b1f9058c]
2025-01-29 13:20:45,440 INFO c.h.h.t.HelmChartContainer - Deleting namespace 'customoperatornamespacesit-beta'...
2025-01-29 13:20:45,707 INFO c.h.h.t.HelmChartContainer - [test-hivemq-platform] [hivemq] [357680fc] WARN  - [HiveMQ Platform Operator Init App 1.7.0-SNAPSHOT] Could not update Pod annotations: Failure executing: GET at: https://10.43.0.1:443/api/v1/namespaces/customoperatornamespacesit-beta/pods/test-hivemq-platform-beta-0. Message: pods "test-hivemq-platform-beta-0" is forbidden: User "system:serviceaccount:customoperatornamespacesit-beta:hivemq-platform-pod-test-hivemq-platform-beta" cannot get resource "pods" in API group "" in the namespace "customoperatornamespacesit-beta". Received status: Status(apiVersion=v1, code=403, details=StatusDetails(causes=[], group=null, kind=pods, name=test-hivemq-platform-beta-0, retryAfterSeconds=null, uid=null, additionalProperties={}), kind=Status, message=pods "test-hivemq-platform-beta-0" is forbidden: User "system:serviceaccount:customoperatornamespacesit-beta:hivemq-platform-pod-test-hivemq-platform-beta" cannot get resource "pods" in API group "" in the namespace "customoperatornamespacesit-beta", metadata=ListMeta(_continue=null, remainingItemCount=null, resourceVersion=null, selfLink=null, additionalProperties={}), reason=Forbidden, status=Failure, additionalProperties={}).
2025-01-29 13:20:47,761 INFO c.h.h.t.HelmChartContainer - [test-hivemq-platform] [hivemq] [357680fc] INFO  - Shutting down extension system
2025-01-29 13:20:47,762 INFO c.h.h.t.HelmChartContainer - [test-hivemq-platform] [hivemq] [357680fc] INFO  - Stopping extension with id hivemq-dns-cluster-discovery
2025-01-29 13:20:47,763 INFO c.h.h.t.HelmChartContainer - [test-hivemq-platform] [hivemq] [357680fc] INFO  - Extension "DNS Cluster Discovery Extension" version 4.3.2 stopped successfully.
2025-01-29 13:20:47,764 INFO c.h.h.t.HelmChartContainer - [test-hivemq-platform] [hivemq] [357680fc] INFO  - Stopping extension with id hivemq-prometheus-extension
2025-01-29 13:20:47,767 INFO c.h.h.t.HelmChartContainer - [test-hivemq-platform] [hivemq] [357680fc] INFO  - Extension "Prometheus Monitoring Extension" version 4.0.12 stopped successfully.
2025-01-29 13:20:47,768 INFO c.h.h.t.HelmChartContainer - [test-hivemq-platform] [hivemq] [357680fc] INFO  - Stopping extension with id hivemq-allow-all-extension
2025-01-29 13:20:47,768 INFO c.h.h.t.HelmChartContainer - [test-hivemq-platform] [hivemq] [357680fc] INFO  - Extension "Allow All Extension" version 1.1.1 stopped successfully.
2025-01-29 13:20:48,107 INFO c.h.h.t.HelmChartContainer - [K3S] [namespace_controller.go:187] "Namespace has been deleted" namespace="customoperatornamespacesit-alpha"
2025-01-29 13:20:50,054 INFO c.h.h.t.HelmChartContainer - [test-hivemq-platform] [hivemq] [357680fc] INFO  - Shutdown completed.
2025-01-29 13:20:50,176 INFO c.h.h.t.HelmChartContainer - [EVENT] Warning [Unhealthy] Readiness probe failed: HTTP probe failed with statuscode: 503 [customoperatornamespacesit-beta:test-hivemq-platform-beta-0]
2025-01-29 13:20:50,176 INFO c.h.h.t.HelmChartContainer - Received Unhealthy event for container hivemq in pod test-hivemq-platform-beta-0 [357680fc-954c-4fd0-8a38-cc17b1f9058c]
2025-01-29 13:20:50,403 INFO c.h.h.t.HelmChartContainer - [test-hivemq-platform] [hivemq] [357680fc] INFO  - [HiveMQ Platform Operator Init App 1.7.0-SNAPSHOT] The HiveMQ Platform exited with code 143
2025-01-29 13:20:50,404 INFO c.h.h.t.HelmChartContainer - [test-hivemq-platform] [hivemq] [357680fc] INFO  - [HiveMQ Platform Operator Init App 1.7.0-SNAPSHOT] Stopping the REST API
2025-01-29 13:20:50,409 INFO c.h.h.t.HelmChartContainer - [test-hivemq-platform] [hivemq] [357680fc] INFO  - [HiveMQ Platform Operator Init App 1.7.0-SNAPSHOT] Shutdown complete
2025-01-29 13:20:50,570 INFO c.h.h.t.HelmChartContainer - [K3S] [stateful_set.go:466] "StatefulSet has been deleted" key="customoperatornamespacesit-beta/test-hivemq-platform-beta"
2025-01-29 13:20:50,891 INFO c.h.h.t.HelmChartContainer - [POD] test-hivemq-platform-beta-0 [357680fc-954c-4fd0-8a38-cc17b1f9058c] in customoperatornamespacesit-beta was MODIFIED
2025-01-29 13:20:50,979 INFO c.h.h.t.HelmChartContainer - [K3S] [reconciler_common.go:162] "operationExecutor.UnmountVolume started for volume \"pod-info\" (UniqueName: \"kubernetes.io/configmap/357680fc-954c-4fd0-8a38-cc17b1f9058c-pod-info\") pod \"357680fc-954c-4fd0-8a38-cc17b1f9058c\" (UID: \"357680fc-954c-4fd0-8a38-cc17b1f9058c\") "
2025-01-29 13:20:50,979 INFO c.h.h.t.HelmChartContainer - [K3S] [reconciler_common.go:162] "operationExecutor.UnmountVolume started for volume \"operator-init\" (UniqueName: \"kubernetes.io/empty-dir/357680fc-954c-4fd0-8a38-cc17b1f9058c-operator-init\") pod \"357680fc-954c-4fd0-8a38-cc17b1f9058c\" (UID: \"357680fc-954c-4fd0-8a38-cc17b1f9058c\") "
2025-01-29 13:20:50,979 INFO c.h.h.t.HelmChartContainer - [K3S] [reconciler_common.go:162] "operationExecutor.UnmountVolume started for volume \"kube-api-access-px9d9\" (UniqueName: \"kubernetes.io/projected/357680fc-954c-4fd0-8a38-cc17b1f9058c-kube-api-access-px9d9\") pod \"357680fc-954c-4fd0-8a38-cc17b1f9058c\" (UID: \"357680fc-954c-4fd0-8a38-cc17b1f9058c\") "
2025-01-29 13:20:50,979 INFO c.h.h.t.HelmChartContainer - [K3S] [reconciler_common.go:162] "operationExecutor.UnmountVolume started for volume \"broker-configuration\" (UniqueName: \"kubernetes.io/configmap/357680fc-954c-4fd0-8a38-cc17b1f9058c-broker-configuration\") pod \"357680fc-954c-4fd0-8a38-cc17b1f9058c\" (UID: \"357680fc-954c-4fd0-8a38-cc17b1f9058c\") "
2025-01-29 13:20:51,080 INFO c.h.h.t.HelmChartContainer - [K3S] [reconciler_common.go:299] "Volume detached for volume \"broker-configuration\" (UniqueName: \"kubernetes.io/configmap/357680fc-954c-4fd0-8a38-cc17b1f9058c-broker-configuration\") on node \"4b5e7665a766\" DevicePath \"\""
2025-01-29 13:20:51,080 INFO c.h.h.t.HelmChartContainer - [K3S] [reconciler_common.go:299] "Volume detached for volume \"pod-info\" (UniqueName: \"kubernetes.io/configmap/357680fc-954c-4fd0-8a38-cc17b1f9058c-pod-info\") on node \"4b5e7665a766\" DevicePath \"\""
2025-01-29 13:20:51,080 INFO c.h.h.t.HelmChartContainer - [K3S] [reconciler_common.go:299] "Volume detached for volume \"operator-init\" (UniqueName: \"kubernetes.io/empty-dir/357680fc-954c-4fd0-8a38-cc17b1f9058c-operator-init\") on node \"4b5e7665a766\" DevicePath \"\""
2025-01-29 13:20:51,080 INFO c.h.h.t.HelmChartContainer - [K3S] [reconciler_common.go:299] "Volume detached for volume \"kube-api-access-px9d9\" (UniqueName: \"kubernetes.io/projected/357680fc-954c-4fd0-8a38-cc17b1f9058c-kube-api-access-px9d9\") on node \"4b5e7665a766\" DevicePath \"\""
2025-01-29 13:20:51,522 INFO c.h.h.t.HelmChartContainer - [K3S] [scope.go:117] "RemoveContainer" containerID="9b8d6d18f2f7a5beb10192724bf227c9226aef7c0a288a352c1f69dbbff6b44b"
2025-01-29 13:20:51,536 INFO c.h.h.t.HelmChartContainer - [POD] test-hivemq-platform-beta-0 [357680fc-954c-4fd0-8a38-cc17b1f9058c] in customoperatornamespacesit-beta was MODIFIED
2025-01-29 13:20:51,538 INFO c.h.h.t.HelmChartContainer - [POD] test-hivemq-platform-beta-0 [357680fc-954c-4fd0-8a38-cc17b1f9058c] in customoperatornamespacesit-beta was DELETED
2025-01-29 13:20:51,620 INFO c.h.h.t.HelmChartContainer - [K3S] [scope.go:117] "RemoveContainer" containerID="d479f14061a0f3b654b2fc349174cce5ac4b72cc14934429eafa1aa8702e15cb"
2025-01-29 13:20:51,622 INFO c.h.h.t.HelmChartContainer - [K3S] [scope.go:117] "RemoveContainer" containerID="9b8d6d18f2f7a5beb10192724bf227c9226aef7c0a288a352c1f69dbbff6b44b"
2025-01-29 13:20:51,623 INFO c.h.h.t.HelmChartContainer - [K3S] [scope.go:117] "RemoveContainer" containerID="d479f14061a0f3b654b2fc349174cce5ac4b72cc14934429eafa1aa8702e15cb"
2025-01-29 13:20:52,285 INFO c.h.h.t.HelmChartContainer - [K3S] [kubelet_volumes.go:163] "Cleaned up orphaned pod volumes dir" podUID="357680fc-954c-4fd0-8a38-cc17b1f9058c" path="/var/lib/kubelet/pods/357680fc-954c-4fd0-8a38-cc17b1f9058c/volumes"
2025-01-29 13:20:55,770 INFO c.h.h.t.HelmChartContainer - Namespace 'customoperatornamespacesit-beta' deleted
2025-01-29 13:20:55,770 INFO c.h.h.t.HelmChartContainer - Release 'test-hivemq-platform-beta' in namespace 'customoperatornamespacesit-beta' is uninstalled
2025-01-29 13:20:55,770 INFO c.h.h.t.HelmChartContainer - Uninstalling release 'test-hivemq-platform-gamma' in namespace 'customoperatornamespacesit-gamma'...
2025-01-29 13:20:55,770 DEBUG c.h.h.t.HelmChartContainer - Executing helm command: /bin/helm --kubeconfig /etc/rancher/k3s/k3s.yaml uninstall test-hivemq-platform-gamma  --wait --timeout 5m0s --cascade foreground --namespace customoperatornamespacesit-gamma
2025-01-29 13:20:57,989 INFO c.h.h.t.HelmChartContainer - Deleting namespace 'customoperatornamespacesit-gamma'...
2025-01-29 13:21:00,709 INFO c.h.h.t.HelmChartContainer - [K3S] [namespace_controller.go:187] "Namespace has been deleted" namespace="customoperatornamespacesit-beta"
2025-01-29 13:21:03,106 INFO c.h.h.t.HelmChartContainer - Namespace 'customoperatornamespacesit-gamma' deleted
2025-01-29 13:21:03,106 INFO c.h.h.t.HelmChartContainer - Release 'test-hivemq-platform-gamma' in namespace 'customoperatornamespacesit-gamma' is uninstalled
2025-01-29 13:21:03,107 INFO c.h.h.t.HelmChartContainer - Uninstalling release 'test-hivemq-platform-operator' in namespace 'customoperatornamespacesit-operator'...
2025-01-29 13:21:03,107 DEBUG c.h.h.t.HelmChartContainer - Executing helm command: /bin/helm --kubeconfig /etc/rancher/k3s/k3s.yaml uninstall test-hivemq-platform-operator  --wait --timeout 5m0s --cascade foreground --namespace customoperatornamespacesit-operator
2025-01-29 13:21:03,274 INFO c.h.h.t.HelmChartContainer - [K3S] [replica_set.go:679] "Finished syncing" kind="ReplicaSet" key="customoperatornamespacesit-operator/hivemq-test-hivemq-platform-operator-6c7f4cc7b" duration="6.952103ms"
2025-01-29 13:21:03,274 INFO c.h.h.t.HelmChartContainer - [K3S] [replica_set.go:679] "Finished syncing" kind="ReplicaSet" key="customoperatornamespacesit-operator/hivemq-test-hivemq-platform-operator-6c7f4cc7b" duration="38.161µs"
2025-01-29 13:21:03,289 INFO c.h.h.t.HelmChartContainer - [POD] hivemq-test-hivemq-platform-operator-6c7f4cc7b-9dsln [0e088f31-83e9-457a-a1fc-d8e9451e73da] in customoperatornamespacesit-operator was MODIFIED
2025-01-29 13:21:03,298 INFO c.h.h.t.HelmChartContainer - [K3S] [replica_set.go:679] "Finished syncing" kind="ReplicaSet" key="customoperatornamespacesit-operator/hivemq-test-hivemq-platform-operator-6c7f4cc7b" duration="10.969714ms"
2025-01-29 13:21:03,300 INFO c.h.h.t.HelmChartContainer - [K3S] [replica_set.go:679] "Finished syncing" kind="ReplicaSet" key="customoperatornamespacesit-operator/hivemq-test-hivemq-platform-operator-6c7f4cc7b" duration="43.551µs"
2025-01-29 13:21:03,301 INFO c.h.h.t.HelmChartContainer - [hivemq-test-hivemq-platform] [hivemq-platform-operator] [0e088f31] 13:21:03.298 [application-shutdown-thread] INFO  c.h.p.o.HiveMQPlatformOperatorApplication - HiveMQ Platform Operator is stopping...
2025-01-29 13:21:03,301 INFO c.h.h.t.HelmChartContainer - [hivemq-test-hivemq-platform] [hivemq-platform-operator] [0e088f31] 13:21:03.299 [application-shutdown-thread] INFO  i.javaoperatorsdk.operator.Operator - Operator SDK 4.9.7 is shutting down...
2025-01-29 13:21:03,303 INFO c.h.h.t.HelmChartContainer - [EVENT] Normal [Killing] Stopping container hivemq-platform-operator [customoperatornamespacesit-operator:hivemq-test-hivemq-platform-operator-6c7f4cc7b-9dsln]
2025-01-29 13:21:03,303 INFO c.h.h.t.HelmChartContainer - Received Killing event for container hivemq-platform-operator in pod hivemq-test-hivemq-platform-operator-6c7f4cc7b-9dsln [0e088f31-83e9-457a-a1fc-d8e9451e73da]
2025-01-29 13:21:03,303 INFO c.h.h.t.HelmChartContainer - Container [hivemq-test-hivemq-platform-operator-6c7f4cc7b-9dsln] [hivemq-platform-operator] [0e088f31-83e9-457a-a1fc-d8e9451e73da] was terminated
2025-01-29 13:21:03,303 INFO c.h.h.t.HelmChartContainer - Stopped log watcher for hivemq-platform-operator in pod hivemq-test-hivemq-platform-operator-6c7f4cc7b-9dsln [0e088f31-83e9-457a-a1fc-d8e9451e73da]
2025-01-29 13:21:03,846 INFO c.h.h.t.HelmChartContainer - [K3S] [replica_set.go:679] "Finished syncing" kind="ReplicaSet" key="customoperatornamespacesit-operator/hivemq-test-hivemq-platform-operator-6c7f4cc7b" duration="41.077µs"
2025-01-29 13:21:03,847 INFO c.h.h.t.HelmChartContainer - [POD] hivemq-test-hivemq-platform-operator-6c7f4cc7b-9dsln [0e088f31-83e9-457a-a1fc-d8e9451e73da] in customoperatornamespacesit-operator was MODIFIED
2025-01-29 13:21:03,951 INFO c.h.h.t.HelmChartContainer - [K3S] [reconciler_common.go:162] "operationExecutor.UnmountVolume started for volume \"kube-api-access-pznhr\" (UniqueName: \"kubernetes.io/projected/0e088f31-83e9-457a-a1fc-d8e9451e73da-kube-api-access-pznhr\") pod \"0e088f31-83e9-457a-a1fc-d8e9451e73da\" (UID: \"0e088f31-83e9-457a-a1fc-d8e9451e73da\") "
2025-01-29 13:21:04,052 INFO c.h.h.t.HelmChartContainer - [K3S] [reconciler_common.go:299] "Volume detached for volume \"kube-api-access-pznhr\" (UniqueName: \"kubernetes.io/projected/0e088f31-83e9-457a-a1fc-d8e9451e73da-kube-api-access-pznhr\") on node \"4b5e7665a766\" DevicePath \"\""
2025-01-29 13:21:04,538 INFO c.h.h.t.HelmChartContainer - [K3S] [scope.go:117] "RemoveContainer" containerID="94a66a0034ba68b0d782dc6fbe4ec01ee1da0bbf539fbf060d66d41bce441118"
2025-01-29 13:21:04,541 INFO c.h.h.t.HelmChartContainer - [K3S] [scope.go:117] "RemoveContainer" containerID="94a66a0034ba68b0d782dc6fbe4ec01ee1da0bbf539fbf060d66d41bce441118"
2025-01-29 13:21:04,547 INFO c.h.h.t.HelmChartContainer - [K3S] [replica_set.go:679] "Finished syncing" kind="ReplicaSet" key="customoperatornamespacesit-operator/hivemq-test-hivemq-platform-operator-6c7f4cc7b" duration="44.804µs"
2025-01-29 13:21:04,548 INFO c.h.h.t.HelmChartContainer - [POD] hivemq-test-hivemq-platform-operator-6c7f4cc7b-9dsln [0e088f31-83e9-457a-a1fc-d8e9451e73da] in customoperatornamespacesit-operator was MODIFIED
2025-01-29 13:21:04,552 INFO c.h.h.t.HelmChartContainer - [POD] hivemq-test-hivemq-platform-operator-6c7f4cc7b-9dsln [0e088f31-83e9-457a-a1fc-d8e9451e73da] in customoperatornamespacesit-operator was DELETED
2025-01-29 13:21:04,553 INFO c.h.h.t.HelmChartContainer - [K3S] [replica_set.go:679] "Finished syncing" kind="ReplicaSet" key="customoperatornamespacesit-operator/hivemq-test-hivemq-platform-operator-6c7f4cc7b" duration="147.635µs"
2025-01-29 13:21:04,570 INFO c.h.h.t.HelmChartContainer - [K3S] [replica_set.go:679] "Finished syncing" kind="ReplicaSet" key="customoperatornamespacesit-operator/hivemq-test-hivemq-platform-operator-6c7f4cc7b" duration="5.44µs"
2025-01-29 13:21:05,352 INFO c.h.h.t.HelmChartContainer - Deleting namespace 'customoperatornamespacesit-operator'...
2025-01-29 13:21:06,285 INFO c.h.h.t.HelmChartContainer - [K3S] [kubelet_volumes.go:163] "Cleaned up orphaned pod volumes dir" podUID="0e088f31-83e9-457a-a1fc-d8e9451e73da" path="/var/lib/kubelet/pods/0e088f31-83e9-457a-a1fc-d8e9451e73da/volumes"
2025-01-29 13:21:08,092 INFO c.h.h.t.HelmChartContainer - [K3S] [namespace_controller.go:187] "Namespace has been deleted" namespace="customoperatornamespacesit-gamma"
2025-01-29 13:21:10,569 INFO c.h.h.t.HelmChartContainer - Namespace 'customoperatornamespacesit-operator' deleted
2025-01-29 13:21:10,569 INFO c.h.h.t.HelmChartContainer - Release 'test-hivemq-platform-operator' in namespace 'customoperatornamespacesit-operator' is uninstalled
2025-01-29 13:21:11,270 INFO c.h.helmcharts.AbstractHelmChartIT - Removed unused containers:

2025-01-29 13:21:15,481 INFO c.h.h.t.HelmChartContainer - [K3S] [namespace_controller.go:187] "Namespace has been deleted" namespace="customoperatornamespacesit-operator"
2025-01-29 13:21:18,779 INFO c.h.helmcharts.AbstractHelmChartIT - Removed unused snapshots:
Removing snapshot sha256:03af251906410714c5aef9fa705b63f6bbc39c4a5e787de7361eeb18886c2ed2
Removing snapshot sha256:0c46b3b43cce082ce5ec34ffc6c294e0417d17b9d1e6f366d114b6aadc4f96dc
Removing snapshot sha256:0ce761beee59082d6ed5bcebd3a805b8ddd9b3426b617e4809e7fb7c6587ffec
Removing snapshot sha256:0df91287303208332c8ff6ba40ae4710105201739addbfbddfb955f1ad593664
Removing snapshot sha256:1021ef88c7974bfff89c5a0ec4fd3160daac6c48a075f74cff721f85dd104e68
Removing snapshot sha256:10aba4953ddc18145dd38e3704709bc464aa20af60b56fe52caaff4b68411e62
Removing snapshot sha256:2573e0d8158209ed54ab25c87bcdcb00bd3d2539246960a3d592a1c599d70465
Removing snapshot sha256:28949a393ce844c6bddc1c54bd13efe3c3fe76d30699627cd2f6c77aa3f86bf3
Removing snapshot sha256:362a8a37f8bbc31925a8146adcf7cf51f9882f5c1dcbef67c5baa03a297543c0
Removing snapshot sha256:43a7c979bbaba6838bc3102d6b10a1459f3ab050b87ccdfef84ef90cf43d3058
Removing snapshot sha256:4ab04491cdf0d3267f08206fe30bd48f49f94b9cab2f016d6739220f722a64af
Removing snapshot sha256:4b6068250e89c96f263060261819c7d912855bfbd64b3eb4c4a8483299b8c295
Removing snapshot sha256:580e69a0a8034ede1921139bbd2bfb72a69ebf276d008281896c32dd8bf74775
Removing snapshot sha256:5d30ba46b27fe37484567ccc5242cadc78217b8da605f3f195ef25cbf7487904
Removing snapshot sha256:63ca1fbb43ae5034640e5e6cb3e083e05c290072c5366fcaa9d62435a4cced85
Removing snapshot sha256:67f702c6baae873bceb19487c8b1f27bd2b86077e4f2f0e480e6d60ab508b8f5
Removing snapshot sha256:6864348dd42806d552efdec384f1274be15e2d0c10ce44c1f04347af004c10a9
Removing snapshot sha256:6c7dee8f2c39b84b7dc2711c01d33de93514d9055499173e9290176fbe484b6c
Removing snapshot sha256:70a7599a2d7a3259afa42f29abef20d42e0c7ece44c099427783d5b0fd89fc08
Removing snapshot sha256:82753493a6d61ded36556292f02f31841a14c20d2f279f19eaad65afb661d5cd
Removing snapshot sha256:8a10d3db42c505ee0fcfa98417bdd7e39b304f6bcc0a06bb1b220797ff2cc63c
Removing snapshot sha256:a21e5b12dbac529ad45d976eb9ce45c881f3bedcc500fb30aba1e52aa1813418
Removing snapshot sha256:b921e6c28969094157f9b8e7244677780319637afd14450b7cb6b2fdea558a0c
Removing snapshot sha256:bc27ecb5769a00e309cf99ebc763c4a4b958b618d1decc96ffac5bc05f02f5b7
Removing snapshot sha256:be3ccb6627a5332e309d45ef461d09b4879dd870c7394d89323d0ebc6ca6aa8a
Removing snapshot sha256:c261f7cbbc64211ee175ee47273acdb7b1a36a4450b397a064a8f2c026490095
Removing snapshot sha256:c34d9393647eea0c9e3557ab988efaf59f61d10a2a5613b439ef0958cca5ec10
Removing snapshot sha256:ccf3c4a0fa967a41c1c83497a2ce6fa5787965859df0adb32c4ca2cf7490bc2b
Removing snapshot sha256:cf92d33f869417309692088c341cd0f223c178ea78a125f757317b22aa8f90e9
Removing snapshot sha256:d0037344cf2fb078884f1849f6a1f8cf9a33a3b6139b6a85833e5ee528e1f9a8
Removing snapshot sha256:d3b36d5b79273b1e98e7700470eaeff05a882e777124d84cebcc1505b85ecb36
Removing snapshot sha256:d65a44a37914602d12c611e5e22a50f11451d847e63015cc1c2aef92dee777a4
Removing snapshot sha256:e2dc0bae2455930f23ae570e019b7f32edc75c0f2d71cab084db837ff9051796
Removing snapshot sha256:eccbd24a99c60cd9e86ee5305dbfc4a4dc89f5ab4fb1f06c8d64797cecedef34
Removing snapshot sha256:f144bb4c7c7f0d2aa7eeffd36d934ec40db1ee167be727e326aad9fdc616f475

]]></system-out>
  </testcase>
  <system-out><![CDATA[2025-01-29 13:18:26,026 INFO c.h.h.t.HelmChartContainerExtension - Using cached HelmChartContainer instance
2025-01-29 13:18:26,033 INFO c.h.h.t.HelmChartContainerExtension - Creating cached HelmChartContainer instance
2025-01-29 13:18:26,052 INFO o.testcontainers.DockerClientFactory - Testcontainers version: 1.20.4
2025-01-29 13:18:26,483 INFO o.t.d.DockerClientProviderStrategy - Found Docker environment with local Unix socket (unix:///var/run/docker.sock)
2025-01-29 13:18:26,491 INFO o.testcontainers.DockerClientFactory - Docker host IP address is localhost
2025-01-29 13:18:26,507 INFO o.testcontainers.DockerClientFactory - Connected to docker: 
  Server Version: 26.1.3
  API Version: 1.45
  Operating System: Ubuntu 24.04.1 LTS
  Total Memory: 15990 MB
2025-01-29 13:18:26,513 INFO o.testcontainers.images.PullPolicy - Image pull policy will be performed by: DefaultPullPolicy()
2025-01-29 13:18:26,515 INFO o.t.utility.ImageNameSubstitutor - Image name substitution will be performed by: DefaultImageNameSubstitutor (composite of 'ConfigurationFileImageNameSubstitutor' and 'PrefixingImageNameSubstitutor')
2025-01-29 13:18:26,543 INFO tc.testcontainers/ryuk:0.11.0 - Pulling docker image: testcontainers/ryuk:0.11.0. Please be patient; this may take some time but only needs to be done once.
2025-01-29 13:18:26,949 INFO tc.testcontainers/ryuk:0.11.0 - Starting to pull image
2025-01-29 13:18:26,962 INFO tc.testcontainers/ryuk:0.11.0 - Pulling image layers:  0 pending,  0 downloaded,  0 extracted, (0 bytes/0 bytes)
2025-01-29 13:18:27,154 INFO tc.testcontainers/ryuk:0.11.0 - Pulling image layers:  2 pending,  1 downloaded,  0 extracted, (44 KB/? MB)
2025-01-29 13:18:27,161 INFO tc.testcontainers/ryuk:0.11.0 - Pulling image layers:  1 pending,  2 downloaded,  0 extracted, (3 MB/? MB)
2025-01-29 13:18:27,264 INFO tc.testcontainers/ryuk:0.11.0 - Pulling image layers:  1 pending,  2 downloaded,  1 extracted, (3 MB/? MB)
2025-01-29 13:18:27,299 INFO tc.testcontainers/ryuk:0.11.0 - Pulling image layers:  0 pending,  3 downloaded,  1 extracted, (8 MB/10 MB)
2025-01-29 13:18:27,417 INFO tc.testcontainers/ryuk:0.11.0 - Pulling image layers:  0 pending,  3 downloaded,  2 extracted, (9 MB/10 MB)
2025-01-29 13:18:27,457 INFO tc.testcontainers/ryuk:0.11.0 - Pulling image layers:  0 pending,  3 downloaded,  3 extracted, (10 MB/10 MB)
2025-01-29 13:18:27,464 INFO tc.testcontainers/ryuk:0.11.0 - Image testcontainers/ryuk:0.11.0 pull took PT0.920195625S
2025-01-29 13:18:27,484 INFO tc.testcontainers/ryuk:0.11.0 - Creating container for image: testcontainers/ryuk:0.11.0
2025-01-29 13:18:27,551 INFO tc.testcontainers/ryuk:0.11.0 - Container testcontainers/ryuk:0.11.0 is starting: 405263a707de548f90133482013e20abdace7b08ed0bada68707f0701c10b16f
2025-01-29 13:18:27,930 INFO tc.testcontainers/ryuk:0.11.0 - Container testcontainers/ryuk:0.11.0 started in PT0.445587192S
2025-01-29 13:18:27,934 INFO o.t.utility.RyukResourceReaper - Ryuk started - will monitor and terminate Testcontainers containers on JVM exit
2025-01-29 13:18:27,934 INFO o.testcontainers.DockerClientFactory - Checking the system...
2025-01-29 13:18:27,934 INFO o.testcontainers.DockerClientFactory - ✔︎ Docker server version should be at least 1.6.0
2025-01-29 13:18:28,012 INFO o.t.i.builder.ImageFromDockerfile - Pre-emptively checking local images for 'ubuntu:noble-20241118.1@sha256:80dd3c3b9c6cecb9f1667e9290b3bc61b78c2678c02cbdae5f0fea92cc6734ab', referenced via a Dockerfile. If not available, it will be pulled.
2025-01-29 13:18:28,016 INFO t.u.1@sha256:80dd3c... - Pulling docker image: ubuntu:noble-20241118.1@sha256:80dd3c3b9c6cecb9f1667e9290b3bc61b78c2678c02cbdae5f0fea92cc6734ab. Please be patient; this may take some time but only needs to be done once.
2025-01-29 13:18:28,273 INFO t.u.1@sha256:80dd3c... - Starting to pull image
2025-01-29 13:18:28,275 INFO t.u.1@sha256:80dd3c... - Pulling image layers:  0 pending,  0 downloaded,  0 extracted, (0 bytes/0 bytes)
2025-01-29 13:18:28,586 INFO t.u.1@sha256:80dd3c... - Pulling image layers:  0 pending,  1 downloaded,  0 extracted, (26 MB/28 MB)
2025-01-29 13:18:29,519 INFO t.u.1@sha256:80dd3c... - Pulling image layers:  0 pending,  1 downloaded,  1 extracted, (28 MB/28 MB)
2025-01-29 13:18:29,525 INFO t.u.1@sha256:80dd3c... - Pull complete. 1 layers, pulled in 1s (downloaded 28 MB at 28 MB/s)
2025-01-29 13:18:29,525 INFO t.u.1@sha256:80dd3c... - Image ubuntu:noble-20241118.1@sha256:80dd3c3b9c6cecb9f1667e9290b3bc61b78c2678c02cbdae5f0fea92cc6734ab pull took PT1.508891348S
2025-01-29 13:18:29,528 INFO o.t.i.builder.ImageFromDockerfile - Pre-emptively checking local images for 'rancher/k3s:v1.32.1-k3s1', referenced via a Dockerfile. If not available, it will be pulled.
2025-01-29 13:18:29,529 INFO tc.rancher/k3s:v1.32.1-k3s1 - Pulling docker image: rancher/k3s:v1.32.1-k3s1. Please be patient; this may take some time but only needs to be done once.
2025-01-29 13:18:29,895 INFO tc.rancher/k3s:v1.32.1-k3s1 - Starting to pull image
2025-01-29 13:18:29,896 INFO tc.rancher/k3s:v1.32.1-k3s1 - Pulling image layers:  0 pending,  0 downloaded,  0 extracted, (0 bytes/0 bytes)
2025-01-29 13:18:30,393 INFO tc.rancher/k3s:v1.32.1-k3s1 - Pulling image layers:  0 pending,  1 downloaded,  0 extracted, (56 MB/71 MB)
2025-01-29 13:18:31,435 INFO tc.rancher/k3s:v1.32.1-k3s1 - Pulling image layers:  0 pending,  1 downloaded,  1 extracted, (71 MB/71 MB)
2025-01-29 13:18:31,443 INFO tc.rancher/k3s:v1.32.1-k3s1 - Pull complete. 1 layers, pulled in 1s (downloaded 71 MB at 71 MB/s)
2025-01-29 13:18:31,443 INFO tc.rancher/k3s:v1.32.1-k3s1 - Image rancher/k3s:v1.32.1-k3s1 pull took PT1.913919624S
2025-01-29 13:18:31,449 INFO o.t.i.builder.ImageFromDockerfile - Transferred 0 bytes to Docker daemon
2025-01-29 13:18:46,019 INFO c.h.h.t.HelmChartContainer - Starting HelmChartContainer...
2025-01-29 13:18:46,022 INFO t.localhost/testcontainers/hagrudbrpgbjvxgs:latest - Creating container for image: localhost/testcontainers/hagrudbrpgbjvxgs:latest
2025-01-29 13:18:46,089 INFO tc.alpine:3.17 - Pulling docker image: alpine:3.17. Please be patient; this may take some time but only needs to be done once.
2025-01-29 13:18:46,521 INFO tc.alpine:3.17 - Starting to pull image
2025-01-29 13:18:46,522 INFO tc.alpine:3.17 - Pulling image layers:  0 pending,  0 downloaded,  0 extracted, (0 bytes/0 bytes)
2025-01-29 13:18:46,739 INFO tc.alpine:3.17 - Pulling image layers:  0 pending,  1 downloaded,  0 extracted, (33 KB/3 MB)
2025-01-29 13:18:46,836 INFO tc.alpine:3.17 - Pulling image layers:  0 pending,  1 downloaded,  1 extracted, (3 MB/3 MB)
2025-01-29 13:18:46,843 INFO tc.alpine:3.17 - Image alpine:3.17 pull took PT0.753635083S
2025-01-29 13:18:47,411 INFO t.localhost/testcontainers/hagrudbrpgbjvxgs:latest - Container localhost/testcontainers/hagrudbrpgbjvxgs:latest is starting: 4b5e7665a76646b162501dce7391e6fe8f5ddf21d41de4d17b35c5982c1aeec3
2025-01-29 13:18:47,779 INFO c.h.h.t.HelmChartContainer - [K3S] [INFO] Starting k3s v1.32.1+k3s1 (6a322f12)
2025-01-29 13:18:47,782 INFO c.h.h.t.HelmChartContainer - [K3S] [INFO] Configuring sqlite3 database connection pooling: maxIdleConns=2, maxOpenConns=0, connMaxLifetime=0s
2025-01-29 13:18:47,782 INFO c.h.h.t.HelmChartContainer - [K3S] [INFO] Configuring database table schema and indexes, this may take a moment...
2025-01-29 13:18:47,785 INFO c.h.h.t.HelmChartContainer - [K3S] [INFO] Database tables and indexes are up to date
2025-01-29 13:18:47,787 INFO c.h.h.t.HelmChartContainer - [K3S] [INFO] Kine available at unix://kine.sock
2025-01-29 13:18:47,844 INFO c.h.h.t.HelmChartContainer - [K3S] [INFO] Saving cluster bootstrap data to datastore
2025-01-29 13:18:47,845 INFO c.h.h.t.HelmChartContainer - [K3S] [WARNING] dynamiclistener [::]:6443: no cached certificate available for preload - deferring certificate load until storage initialization or first client request
2025-01-29 13:18:47,846 INFO c.h.h.t.HelmChartContainer - [K3S] [INFO] Active TLS secret / (ver=) (count 10): map[listener.cattle.io/cn-10.43.0.1:10.43.0.1 listener.cattle.io/cn-127.0.0.1:127.0.0.1 listener.cattle.io/cn-172.18.0.2:172.18.0.2 listener.cattle.io/cn-4b5e7665a766:4b5e7665a766 listener.cattle.io/cn-__1-f16284:::1 listener.cattle.io/cn-kubernetes:kubernetes listener.cattle.io/cn-kubernetes.default:kubernetes.default listener.cattle.io/cn-kubernetes.default.svc:kubernetes.default.svc listener.cattle.io/cn-kubernetes.default.svc.cluster.local:kubernetes.default.svc.cluster.local listener.cattle.io/cn-localhost:localhost listener.cattle.io/fingerprint:SHA1=A3CA0B1F6AB317E449ECA5653EB71AA3D81B1B90]
2025-01-29 13:18:48,006 INFO c.h.h.t.HelmChartContainer - [K3S] [INFO] Running kube-apiserver --advertise-port=6443 --allow-privileged=true --anonymous-auth=false --api-audiences=https://kubernetes.default.svc.cluster.local,k3s --authorization-mode=Node,RBAC --bind-address=127.0.0.1 --cert-dir=/var/lib/rancher/k3s/server/tls/temporary-certs --client-ca-file=/var/lib/rancher/k3s/server/tls/client-ca.crt --egress-selector-config-file=/var/lib/rancher/k3s/server/etc/egress-selector-config.yaml --enable-admission-plugins=NodeRestriction --enable-aggregator-routing=true --enable-bootstrap-token-auth=true --etcd-compaction-interval=0s --etcd-servers=unix://kine.sock --kubelet-certificate-authority=/var/lib/rancher/k3s/server/tls/server-ca.crt --kubelet-client-certificate=/var/lib/rancher/k3s/server/tls/client-kube-apiserver.crt --kubelet-client-key=/var/lib/rancher/k3s/server/tls/client-kube-apiserver.key --kubelet-preferred-address-types=InternalIP,ExternalIP,Hostname --profiling=false --proxy-client-cert-file=/var/lib/rancher/k3s/server/tls/client-auth-proxy.crt --proxy-client-key-file=/var/lib/rancher/k3s/server/tls/client-auth-proxy.key --requestheader-allowed-names=system:auth-proxy --requestheader-client-ca-file=/var/lib/rancher/k3s/server/tls/request-header-ca.crt --requestheader-extra-headers-prefix=X-Remote-Extra- --requestheader-group-headers=X-Remote-Group --requestheader-username-headers=X-Remote-User --secure-port=6444 --service-account-issuer=https://kubernetes.default.svc.cluster.local --service-account-key-file=/var/lib/rancher/k3s/server/tls/service.key --service-account-signing-key-file=/var/lib/rancher/k3s/server/tls/service.current.key --service-cluster-ip-range=10.43.0.0/16 --service-node-port-range=30000-32767 --storage-backend=etcd3 --tls-cert-file=/var/lib/rancher/k3s/server/tls/serving-kube-apiserver.crt --tls-cipher-suites=TLS_ECDHE_ECDSA_WITH_AES_256_GCM_SHA384,TLS_ECDHE_RSA_WITH_AES_256_GCM_SHA384,TLS_ECDHE_ECDSA_WITH_AES_128_GCM_SHA256,TLS_ECDHE_RSA_WITH_AES_128_GCM_SHA256,TLS_ECDHE_ECDSA_WITH_CHACHA20_POLY1305,TLS_ECDHE_RSA_WITH_CHACHA20_POLY1305 --tls-private-key-file=/var/lib/rancher/k3s/server/tls/serving-kube-apiserver.key
2025-01-29 13:18:48,007 INFO c.h.h.t.HelmChartContainer - [K3S] [INFO] Running kube-scheduler --authentication-kubeconfig=/var/lib/rancher/k3s/server/cred/scheduler.kubeconfig --authorization-kubeconfig=/var/lib/rancher/k3s/server/cred/scheduler.kubeconfig --bind-address=127.0.0.1 --kubeconfig=/var/lib/rancher/k3s/server/cred/scheduler.kubeconfig --leader-elect=false --profiling=false --secure-port=10259
2025-01-29 13:18:48,008 INFO c.h.h.t.HelmChartContainer - [K3S] [registry.go:256] calling componentGlobalsRegistry.AddFlags more than once, the registry will be set by the latest flags
2025-01-29 13:18:48,009 INFO c.h.h.t.HelmChartContainer - [K3S] [INFO] Running kube-controller-manager --allocate-node-cidrs=true --authentication-kubeconfig=/var/lib/rancher/k3s/server/cred/controller.kubeconfig --authorization-kubeconfig=/var/lib/rancher/k3s/server/cred/controller.kubeconfig --bind-address=127.0.0.1 --cluster-cidr=10.42.0.0/16 --cluster-signing-kube-apiserver-client-cert-file=/var/lib/rancher/k3s/server/tls/client-ca.nochain.crt --cluster-signing-kube-apiserver-client-key-file=/var/lib/rancher/k3s/server/tls/client-ca.key --cluster-signing-kubelet-client-cert-file=/var/lib/rancher/k3s/server/tls/client-ca.nochain.crt --cluster-signing-kubelet-client-key-file=/var/lib/rancher/k3s/server/tls/client-ca.key --cluster-signing-kubelet-serving-cert-file=/var/lib/rancher/k3s/server/tls/server-ca.nochain.crt --cluster-signing-kubelet-serving-key-file=/var/lib/rancher/k3s/server/tls/server-ca.key --cluster-signing-legacy-unknown-cert-file=/var/lib/rancher/k3s/server/tls/server-ca.nochain.crt --cluster-signing-legacy-unknown-key-file=/var/lib/rancher/k3s/server/tls/server-ca.key --configure-cloud-routes=false --controllers=*,tokencleaner,-service,-route,-cloud-node-lifecycle --kubeconfig=/var/lib/rancher/k3s/server/cred/controller.kubeconfig --leader-elect=false --profiling=false --root-ca-file=/var/lib/rancher/k3s/server/tls/server-ca.crt --secure-port=10257 --service-account-private-key-file=/var/lib/rancher/k3s/server/tls/service.current.key --service-cluster-ip-range=10.43.0.0/16 --use-service-account-credentials=true
2025-01-29 13:18:48,011 INFO c.h.h.t.HelmChartContainer - [K3S] [INFO] Waiting for API server to become available
2025-01-29 13:18:48,011 INFO c.h.h.t.HelmChartContainer - [K3S] [options.go:299] unable to set WatchListClient feature gate, err: cannot override default for feature "WatchListClient": gates already added to a flag set
2025-01-29 13:18:48,012 INFO c.h.h.t.HelmChartContainer - [K3S] [registry.go:256] calling componentGlobalsRegistry.AddFlags more than once, the registry will be set by the latest flags
2025-01-29 13:18:48,012 INFO c.h.h.t.HelmChartContainer - [K3S] [INFO] Running cloud-controller-manager --allocate-node-cidrs=true --authentication-kubeconfig=/var/lib/rancher/k3s/server/cred/cloud-controller.kubeconfig --authorization-kubeconfig=/var/lib/rancher/k3s/server/cred/cloud-controller.kubeconfig --bind-address=127.0.0.1 --cloud-config=/var/lib/rancher/k3s/server/etc/cloud-config.yaml --cloud-provider=k3s --cluster-cidr=10.42.0.0/16 --configure-cloud-routes=false --controllers=*,-route --kubeconfig=/var/lib/rancher/k3s/server/cred/cloud-controller.kubeconfig --leader-elect=false --leader-elect-resource-name=k3s-cloud-controller-manager --node-status-update-frequency=1m0s --profiling=false
2025-01-29 13:18:48,013 INFO c.h.h.t.HelmChartContainer - [K3S] [INFO] Server node token is available at /var/lib/rancher/k3s/server/token
2025-01-29 13:18:48,013 INFO c.h.h.t.HelmChartContainer - [K3S] [INFO] To join server node to cluster: k3s server -s https://172.18.0.2:6443 -t ${SERVER_NODE_TOKEN}
2025-01-29 13:18:48,013 INFO c.h.h.t.HelmChartContainer - [K3S] [registry.go:256] calling componentGlobalsRegistry.AddFlags more than once, the registry will be set by the latest flags
2025-01-29 13:18:48,013 INFO c.h.h.t.HelmChartContainer - [K3S] [INFO] Agent node token is available at /var/lib/rancher/k3s/server/agent-token
2025-01-29 13:18:48,014 INFO c.h.h.t.HelmChartContainer - [K3S] [INFO] To join agent node to cluster: k3s agent -s https://172.18.0.2:6443 -t ${AGENT_NODE_TOKEN}
2025-01-29 13:18:48,014 INFO c.h.h.t.HelmChartContainer - [K3S] [INFO] Wrote kubeconfig /etc/rancher/k3s/k3s.yaml
2025-01-29 13:18:48,014 INFO c.h.h.t.HelmChartContainer - [K3S] [INFO] Run: k3s kubectl
2025-01-29 13:18:48,014 INFO c.h.h.t.HelmChartContainer - [K3S] [options.go:238] external host was not specified, using 172.18.0.2
2025-01-29 13:18:48,014 INFO c.h.h.t.HelmChartContainer - [K3S] [server.go:151] Version: v1.32.1+k3s1
2025-01-29 13:18:48,015 INFO c.h.h.t.HelmChartContainer - [K3S] [server.go:153] "Golang settings" GOGC="" GOMAXPROCS="" GOTRACEBACK=""
2025-01-29 13:18:48,313 INFO c.h.h.t.HelmChartContainer - [K3S] [plugins.go:157] Loaded 13 mutating admission controller(s) successfully in the following order: NamespaceLifecycle,LimitRanger,ServiceAccount,NodeRestriction,TaintNodesByCondition,Priority,DefaultTolerationSeconds,DefaultStorageClass,StorageObjectInUseProtection,RuntimeClass,DefaultIngressClass,MutatingAdmissionPolicy,MutatingAdmissionWebhook.
2025-01-29 13:18:48,314 INFO c.h.h.t.HelmChartContainer - [K3S] [plugins.go:160] Loaded 13 validating admission controller(s) successfully in the following order: LimitRanger,ServiceAccount,PodSecurity,Priority,PersistentVolumeClaimResize,RuntimeClass,CertificateApproval,CertificateSigning,ClusterTrustBundleAttest,CertificateSubjectRestriction,ValidatingAdmissionPolicy,ValidatingAdmissionWebhook,ResourceQuota.
2025-01-29 13:18:48,315 INFO c.h.h.t.HelmChartContainer - [K3S] [instance.go:233] Using reconciler: lease
2025-01-29 13:18:48,373 INFO c.h.h.t.HelmChartContainer - [K3S] [apis.go:106] API group "internal.apiserver.k8s.io" is not enabled, skipping.
2025-01-29 13:18:48,426 INFO c.h.h.t.HelmChartContainer - [K3S] [apis.go:106] API group "storagemigration.k8s.io" is not enabled, skipping.
2025-01-29 13:18:48,449 INFO c.h.h.t.HelmChartContainer - [K3S] [apis.go:106] API group "resource.k8s.io" is not enabled, skipping.
2025-01-29 13:18:48,638 INFO c.h.h.t.HelmChartContainer - [K3S] [INFO] Password verified locally for node 4b5e7665a766
2025-01-29 13:18:48,828 INFO c.h.h.t.HelmChartContainer - [K3S] [dynamic_cafile_content.go:161] "Starting controller" name="request-header::/var/lib/rancher/k3s/server/tls/request-header-ca.crt"
2025-01-29 13:18:48,829 INFO c.h.h.t.HelmChartContainer - [K3S] [dynamic_cafile_content.go:161] "Starting controller" name="client-ca-bundle::/var/lib/rancher/k3s/server/tls/client-ca.crt"
2025-01-29 13:18:48,829 INFO c.h.h.t.HelmChartContainer - [K3S] [dynamic_serving_content.go:135] "Starting controller" name="serving-cert::/var/lib/rancher/k3s/server/tls/serving-kube-apiserver.crt::/var/lib/rancher/k3s/server/tls/serving-kube-apiserver.key"
2025-01-29 13:18:48,830 INFO c.h.h.t.HelmChartContainer - [K3S] [secure_serving.go:213] Serving securely on 127.0.0.1:6444
2025-01-29 13:18:48,831 INFO c.h.h.t.HelmChartContainer - [K3S] [tlsconfig.go:243] "Starting DynamicServingCertificateController"
2025-01-29 13:18:48,832 INFO c.h.h.t.HelmChartContainer - [K3S] [aggregator.go:169] waiting for initial CRD sync...
2025-01-29 13:18:48,832 INFO c.h.h.t.HelmChartContainer - [K3S] [crdregistration_controller.go:114] Starting crd-autoregister controller
2025-01-29 13:18:48,832 INFO c.h.h.t.HelmChartContainer - [K3S] [gc_controller.go:78] Starting apiserver lease garbage collector
2025-01-29 13:18:48,833 INFO c.h.h.t.HelmChartContainer - [K3S] [apiservice_controller.go:100] Starting APIServiceRegistrationController
2025-01-29 13:18:48,835 INFO c.h.h.t.HelmChartContainer - [K3S] [controller.go:78] Starting OpenAPI AggregationController
2025-01-29 13:18:48,835 INFO c.h.h.t.HelmChartContainer - [K3S] [controller.go:80] Starting OpenAPI V3 AggregationController
2025-01-29 13:18:48,835 INFO c.h.h.t.HelmChartContainer - [K3S] [controller.go:119] Starting legacy_token_tracking_controller
2025-01-29 13:18:48,835 INFO c.h.h.t.HelmChartContainer - [K3S] [apf_controller.go:377] Starting API Priority and Fairness config controller
2025-01-29 13:18:48,836 INFO c.h.h.t.HelmChartContainer - [K3S] [remote_available_controller.go:411] Starting RemoteAvailability controller
2025-01-29 13:18:48,836 INFO c.h.h.t.HelmChartContainer - [K3S] [local_available_controller.go:156] Starting LocalAvailability controller
2025-01-29 13:18:48,836 INFO c.h.h.t.HelmChartContainer - [K3S] [cluster_authentication_trust_controller.go:462] Starting cluster_authentication_trust_controller controller
2025-01-29 13:18:48,836 INFO c.h.h.t.HelmChartContainer - [K3S] [dynamic_cafile_content.go:161] "Starting controller" name="client-ca-bundle::/var/lib/rancher/k3s/server/tls/client-ca.crt"
2025-01-29 13:18:48,838 INFO c.h.h.t.HelmChartContainer - [K3S] [dynamic_cafile_content.go:161] "Starting controller" name="request-header::/var/lib/rancher/k3s/server/tls/request-header-ca.crt"
2025-01-29 13:18:48,839 INFO c.h.h.t.HelmChartContainer - [K3S] [customresource_discovery_controller.go:292] Starting DiscoveryController
2025-01-29 13:18:48,839 INFO c.h.h.t.HelmChartContainer - [K3S] [dynamic_serving_content.go:135] "Starting controller" name="aggregator-proxy-cert::/var/lib/rancher/k3s/server/tls/client-auth-proxy.crt::/var/lib/rancher/k3s/server/tls/client-auth-proxy.key"
2025-01-29 13:18:48,839 INFO c.h.h.t.HelmChartContainer - [K3S] [controller.go:142] Starting OpenAPI controller
2025-01-29 13:18:48,839 INFO c.h.h.t.HelmChartContainer - [K3S] [controller.go:90] Starting OpenAPI V3 controller
2025-01-29 13:18:48,839 INFO c.h.h.t.HelmChartContainer - [K3S] [naming_controller.go:294] Starting NamingConditionController
2025-01-29 13:18:48,839 INFO c.h.h.t.HelmChartContainer - [K3S] [establishing_controller.go:81] Starting EstablishingController
2025-01-29 13:18:48,840 INFO c.h.h.t.HelmChartContainer - [K3S] [nonstructuralschema_controller.go:195] Starting NonStructuralSchemaConditionController
2025-01-29 13:18:48,840 INFO c.h.h.t.HelmChartContainer - [K3S] [apiapproval_controller.go:189] Starting KubernetesAPIApprovalPolicyConformantConditionController
2025-01-29 13:18:48,840 INFO c.h.h.t.HelmChartContainer - [K3S] [crd_finalizer.go:269] Starting CRDFinalizer
2025-01-29 13:18:48,840 INFO c.h.h.t.HelmChartContainer - [K3S] [system_namespaces_controller.go:66] Starting system namespaces controller
2025-01-29 13:18:48,909 INFO c.h.h.t.HelmChartContainer - [K3S] [policy_source.go:240] refreshing policies
2025-01-29 13:18:48,934 INFO c.h.h.t.HelmChartContainer - [K3S] [handler_discovery.go:451] Starting ResourceDiscoveryManager
2025-01-29 13:18:48,934 INFO c.h.h.t.HelmChartContainer - [K3S] [aggregator.go:171] initial CRD sync complete...
2025-01-29 13:18:48,934 INFO c.h.h.t.HelmChartContainer - [K3S] [autoregister_controller.go:144] Starting autoregister controller
2025-01-29 13:18:48,934 INFO c.h.h.t.HelmChartContainer - [K3S] [apf_controller.go:382] Running API Priority and Fairness config worker
2025-01-29 13:18:48,935 INFO c.h.h.t.HelmChartContainer - [K3S] [apf_controller.go:385] Running API Priority and Fairness periodic rebalancing process
2025-01-29 13:18:48,948 INFO c.h.h.t.HelmChartContainer - [K3S] [controller.go:145] "Failed to ensure lease exists, will retry" err="namespaces \"kube-system\" not found" interval="200ms"
2025-01-29 13:18:48,990 INFO c.h.h.t.HelmChartContainer - [K3S] [controller.go:95] Unable to perform initial Kubernetes service initialization: namespaces "default" not found
2025-01-29 13:18:49,188 INFO c.h.h.t.HelmChartContainer - [K3S] [WARNING] Host resolv.conf includes loopback or multicast nameservers - kubelet will use autogenerated resolv.conf with nameserver 8.8.8.8
2025-01-29 13:18:49,197 INFO c.h.h.t.HelmChartContainer - [K3S] [INFO] Module overlay was already loaded
2025-01-29 13:18:49,197 INFO c.h.h.t.HelmChartContainer - [K3S] [INFO] Module nf_conntrack was already loaded
2025-01-29 13:18:49,197 INFO c.h.h.t.HelmChartContainer - [K3S] [INFO] Module br_netfilter was already loaded
2025-01-29 13:18:49,202 INFO c.h.h.t.HelmChartContainer - [K3S] [INFO] Set sysctl 'net/netfilter/nf_conntrack_max' to 131072
2025-01-29 13:18:49,203 INFO c.h.h.t.HelmChartContainer - [K3S] [INFO] Set sysctl 'net/netfilter/nf_conntrack_tcp_timeout_established' to 86400
2025-01-29 13:18:49,203 INFO c.h.h.t.HelmChartContainer - [K3S] [INFO] Set sysctl 'net/netfilter/nf_conntrack_tcp_timeout_close_wait' to 3600
2025-01-29 13:18:49,205 INFO c.h.h.t.HelmChartContainer - [K3S] [INFO] Logging containerd to /var/lib/rancher/k3s/agent/containerd/containerd.log
2025-01-29 13:18:49,206 INFO c.h.h.t.HelmChartContainer - [K3S] [INFO] Running containerd -c /var/lib/rancher/k3s/agent/etc/containerd/config.toml -a /run/k3s/containerd/containerd.sock --state /run/k3s/containerd --root /var/lib/rancher/k3s/agent/containerd
2025-01-29 13:18:49,836 INFO c.h.h.t.HelmChartContainer - [K3S] [storage_scheduling.go:95] created PriorityClass system-node-critical with value 2000001000
2025-01-29 13:18:49,839 INFO c.h.h.t.HelmChartContainer - [K3S] [storage_scheduling.go:95] created PriorityClass system-cluster-critical with value 2000000000
2025-01-29 13:18:49,839 INFO c.h.h.t.HelmChartContainer - [K3S] [storage_scheduling.go:111] all system priority classes are created successfully or already exist.
2025-01-29 13:18:50,209 INFO c.h.h.t.HelmChartContainer - [K3S] [INFO] containerd is now running
2025-01-29 13:18:50,212 INFO c.h.h.t.HelmChartContainer - [K3S] [INFO] Connecting to proxy" url="wss://127.0.0.1:6443/v1-k3s/connect
2025-01-29 13:18:50,213 INFO c.h.h.t.HelmChartContainer - [K3S] [INFO] Creating k3s-cert-monitor event broadcaster
2025-01-29 13:18:50,215 INFO c.h.h.t.HelmChartContainer - [K3S] [INFO] Running kubelet --cloud-provider=external --config-dir=/var/lib/rancher/k3s/agent/etc/kubelet.conf.d --containerd=/run/k3s/containerd/containerd.sock --hostname-override=4b5e7665a766 --kubeconfig=/var/lib/rancher/k3s/agent/kubelet.kubeconfig --node-ip=172.18.0.2 --node-labels=
2025-01-29 13:18:50,215 INFO c.h.h.t.HelmChartContainer - [K3S] [INFO] Handling backend connection request [4b5e7665a766]
2025-01-29 13:18:50,215 INFO c.h.h.t.HelmChartContainer - [K3S] [INFO] Remotedialer connected to proxy" url="wss://127.0.0.1:6443/v1-k3s/connect
2025-01-29 13:18:50,220 INFO c.h.h.t.HelmChartContainer - [K3S] Flag --containerd has been deprecated, This is a cadvisor flag that was mistakenly registered with the Kubelet. Due to legacy concerns, it will follow the standard CLI deprecation timeline before being removed.
2025-01-29 13:18:50,224 INFO c.h.h.t.HelmChartContainer - [K3S] [server.go:515] "Kubelet version" kubeletVersion="v1.32.1+k3s1"
2025-01-29 13:18:50,225 INFO c.h.h.t.HelmChartContainer - [K3S] [server.go:517] "Golang settings" GOGC="" GOMAXPROCS="" GOTRACEBACK=""
2025-01-29 13:18:50,228 INFO c.h.h.t.HelmChartContainer - [K3S] [dynamic_cafile_content.go:161] "Starting controller" name="client-ca-bundle::/var/lib/rancher/k3s/agent/client-ca.crt"
2025-01-29 13:18:50,230 INFO c.h.h.t.HelmChartContainer - [K3S] [log.go:32] "RuntimeConfig from runtime service failed" err="rpc error: code = Unimplemented desc = method RuntimeConfig not implemented"
2025-01-29 13:18:50,230 INFO c.h.h.t.HelmChartContainer - [K3S] [server.go:1416] "CRI implementation should be updated to support RuntimeConfig when KubeletCgroupDriverFromCRI feature gate has been enabled. Falling back to using cgroupDriver from kubelet config."
2025-01-29 13:18:50,234 INFO c.h.h.t.HelmChartContainer - [K3S] [info.go:53] Couldn't collect info from any of the files in "/etc/machine-id,/var/lib/dbus/machine-id"
2025-01-29 13:18:50,234 INFO c.h.h.t.HelmChartContainer - [K3S] [server.go:767] "--cgroups-per-qos enabled, but --cgroup-root was not specified.  defaulting to /"
2025-01-29 13:18:50,234 INFO c.h.h.t.HelmChartContainer - [K3S] [server.go:836] "NoSwap is set due to memorySwapBehavior not specified" memorySwapBehavior="" FailSwapOn=false
2025-01-29 13:18:50,234 INFO c.h.h.t.HelmChartContainer - [K3S] [swap_util.go:115] "Swap is on" /proc/swaps contents=<
2025-01-29 13:18:50,234 INFO c.h.h.t.HelmChartContainer - [K3S] 	Filename				Type		Size		Used		Priority
2025-01-29 13:18:50,235 INFO c.h.h.t.HelmChartContainer - [K3S] 	/mnt/swapfile                           file		4194300		0		-2
2025-01-29 13:18:50,235 INFO c.h.h.t.HelmChartContainer - [K3S]  >
2025-01-29 13:18:50,235 INFO c.h.h.t.HelmChartContainer - [K3S] [container_manager_linux.go:268] "Container manager verified user specified cgroup-root exists" cgroupRoot=[]
2025-01-29 13:18:50,235 INFO c.h.h.t.HelmChartContainer - [K3S] [container_manager_linux.go:273] "Creating Container Manager object based on Node Config" nodeConfig={"NodeName":"4b5e7665a766","RuntimeCgroupsName":"","SystemCgroupsName":"","KubeletCgroupsName":"/k3s","KubeletOOMScoreAdj":-999,"ContainerRuntime":"","CgroupsPerQOS":true,"CgroupRoot":"/","CgroupDriver":"cgroupfs","KubeletRootDir":"/var/lib/kubelet","ProtectKernelDefaults":false,"KubeReservedCgroupName":"","SystemReservedCgroupName":"","ReservedSystemCPUs":{},"EnforceNodeAllocatable":{"pods":{}},"KubeReserved":null,"SystemReserved":null,"HardEvictionThresholds":[{"Signal":"imagefs.available","Operator":"LessThan","Value":{"Quantity":null,"Percentage":0.05},"GracePeriod":0,"MinReclaim":null},{"Signal":"nodefs.available","Operator":"LessThan","Value":{"Quantity":null,"Percentage":0.05},"GracePeriod":0,"MinReclaim":null}],"QOSReserved":{},"CPUManagerPolicy":"none","CPUManagerPolicyOptions":null,"TopologyManagerScope":"container","CPUManagerReconcilePeriod":10000000000,"ExperimentalMemoryManagerPolicy":"None","ExperimentalMemoryManagerReservedMemory":null,"PodPidsLimit":-1,"EnforceCPULimits":true,"CPUCFSQuotaPeriod":100000000,"TopologyManagerPolicy":"none","TopologyManagerPolicyOptions":null,"CgroupVersion":2}
2025-01-29 13:18:50,235 INFO c.h.h.t.HelmChartContainer - [K3S] [topology_manager.go:138] "Creating topology manager with none policy"
2025-01-29 13:18:50,236 INFO c.h.h.t.HelmChartContainer - [K3S] [container_manager_linux.go:304] "Creating device plugin manager"
2025-01-29 13:18:50,236 INFO c.h.h.t.HelmChartContainer - [K3S] [state_mem.go:36] "Initialized new in-memory state store"
2025-01-29 13:18:50,236 INFO c.h.h.t.HelmChartContainer - [K3S] [kubelet.go:446] "Attempting to sync node with API server"
2025-01-29 13:18:50,236 INFO c.h.h.t.HelmChartContainer - [K3S] [kubelet.go:341] "Adding static pod path" path="/var/lib/rancher/k3s/agent/pod-manifests"
2025-01-29 13:18:50,237 INFO c.h.h.t.HelmChartContainer - [K3S] [kubelet.go:352] "Adding apiserver pod source"
2025-01-29 13:18:50,237 INFO c.h.h.t.HelmChartContainer - [K3S] [apiserver.go:42] "Waiting for node sync before watching apiserver pods"
2025-01-29 13:18:50,237 INFO c.h.h.t.HelmChartContainer - [K3S] [kuberuntime_manager.go:269] "Container runtime initialized" containerRuntime="containerd" version="v1.7.23-k3s2" apiVersion="v1"
2025-01-29 13:18:50,238 INFO c.h.h.t.HelmChartContainer - [K3S] [kubelet.go:890] "Not starting ClusterTrustBundle informer because we are in static kubelet mode"
2025-01-29 13:18:50,238 INFO c.h.h.t.HelmChartContainer - [K3S] [probe.go:272] Flexvolume plugin directory at /usr/libexec/kubernetes/kubelet-plugins/volume/exec/ does not exist. Recreating.
2025-01-29 13:18:50,240 INFO c.h.h.t.HelmChartContainer - [K3S] [watchdog_linux.go:99] "Systemd watchdog is not enabled"
2025-01-29 13:18:50,241 INFO c.h.h.t.HelmChartContainer - [K3S] [server.go:1282] "Started kubelet"
2025-01-29 13:18:50,242 INFO c.h.h.t.HelmChartContainer - [K3S] [fs_resource_analyzer.go:67] "Starting FS ResourceAnalyzer"
2025-01-29 13:18:50,244 INFO c.h.h.t.HelmChartContainer - [K3S] [kubelet.go:1561] "Image garbage collection failed once. Stats initialization may not have completed yet" err="invalid capacity 0 on image filesystem"
2025-01-29 13:18:50,246 INFO c.h.h.t.HelmChartContainer - [K3S] [server.go:169] "Starting to listen" address="0.0.0.0" port=10250
2025-01-29 13:18:50,247 INFO c.h.h.t.HelmChartContainer - [K3S] [server.go:490] "Adding debug handlers to kubelet server"
2025-01-29 13:18:50,248 INFO c.h.h.t.HelmChartContainer - [K3S] [server.go:208] "Starting to listen read-only" address="0.0.0.0" port=10255
2025-01-29 13:18:50,249 INFO c.h.h.t.HelmChartContainer - [K3S] [kubelet_node_status.go:467] "Error getting the current node from lister" err="node \"4b5e7665a766\" not found"
2025-01-29 13:18:50,250 INFO c.h.h.t.HelmChartContainer - [K3S] [volume_manager.go:297] "Starting Kubelet Volume Manager"
2025-01-29 13:18:50,250 INFO c.h.h.t.HelmChartContainer - [K3S] [desired_state_of_world_populator.go:149] "Desired state populator starts to run"
2025-01-29 13:18:50,251 INFO c.h.h.t.HelmChartContainer - [K3S] [reconciler.go:26] "Reconciler: start to sync state"
2025-01-29 13:18:50,251 INFO c.h.h.t.HelmChartContainer - [K3S] [ratelimit.go:55] "Setting rate limiting for endpoint" service="podresources" qps=100 burstTokens=10
2025-01-29 13:18:50,251 INFO c.h.h.t.HelmChartContainer - [K3S] [server.go:243] "Starting to serve the podresources API" endpoint="unix:/var/lib/kubelet/pod-resources/kubelet.sock"
2025-01-29 13:18:50,252 INFO c.h.h.t.HelmChartContainer - [K3S] [dynamic_serving_content.go:135] "Starting controller" name="kubelet-server-cert-files::/var/lib/rancher/k3s/agent/serving-kubelet.crt::/var/lib/rancher/k3s/agent/serving-kubelet.key"
2025-01-29 13:18:50,256 INFO c.h.h.t.HelmChartContainer - [K3S] [factory.go:221] Registration of the containerd container factory successfully
2025-01-29 13:18:50,257 INFO c.h.h.t.HelmChartContainer - [K3S] [factory.go:221] Registration of the systemd container factory successfully
2025-01-29 13:18:50,258 INFO c.h.h.t.HelmChartContainer - [K3S] [factory.go:219] Registration of the crio container factory failed: Get "http://%2Fvar%2Frun%2Fcrio%2Fcrio.sock/info": dial unix /var/run/crio/crio.sock: connect: no such file or directory
2025-01-29 13:18:50,258 INFO c.h.h.t.HelmChartContainer - [K3S] [nodelease.go:49] "Failed to get node when trying to set owner ref to the node lease" err="nodes \"4b5e7665a766\" not found" node="4b5e7665a766"
2025-01-29 13:18:50,275 INFO c.h.h.t.HelmChartContainer - [K3S] [kubelet_network_linux.go:50] "Initialized iptables rules." protocol="IPv4"
2025-01-29 13:18:50,283 INFO c.h.h.t.HelmChartContainer - [K3S] [kubelet_network_linux.go:50] "Initialized iptables rules." protocol="IPv6"
2025-01-29 13:18:50,284 INFO c.h.h.t.HelmChartContainer - [K3S] [status_manager.go:227] "Starting to sync pod status with apiserver"
2025-01-29 13:18:50,284 INFO c.h.h.t.HelmChartContainer - [K3S] [watchdog_linux.go:127] "Systemd watchdog is not enabled or the interval is invalid, so health checking will not be started."
2025-01-29 13:18:50,285 INFO c.h.h.t.HelmChartContainer - [K3S] [kubelet.go:2388] "Starting kubelet main sync loop"
2025-01-29 13:18:50,285 INFO c.h.h.t.HelmChartContainer - [K3S] [kubelet.go:2412] "Skipping pod synchronization" err="[container runtime status check may not have completed yet, PLEG is not healthy: pleg has yet to be successful]"
2025-01-29 13:18:50,293 INFO c.h.h.t.HelmChartContainer - [K3S] [cpu_manager.go:221] "Starting CPU manager" policy="none"
2025-01-29 13:18:50,297 INFO c.h.h.t.HelmChartContainer - [K3S] [cpu_manager.go:222] "Reconciling" reconcilePeriod="10s"
2025-01-29 13:18:50,299 INFO c.h.h.t.HelmChartContainer - [K3S] [state_mem.go:36] "Initialized new in-memory state store"
2025-01-29 13:18:50,300 INFO c.h.h.t.HelmChartContainer - [K3S] [policy_none.go:49] "None policy: Start"
2025-01-29 13:18:50,300 INFO c.h.h.t.HelmChartContainer - [K3S] [memory_manager.go:186] "Starting memorymanager" policy="None"
2025-01-29 13:18:50,300 INFO c.h.h.t.HelmChartContainer - [K3S] [state_mem.go:35] "Initializing new in-memory state store"
2025-01-29 13:18:50,303 INFO c.h.h.t.HelmChartContainer - [K3S] [alloc.go:330] "allocated clusterIPs" service="default/kubernetes" clusterIPs={"IPv4":"10.43.0.1"}
2025-01-29 13:18:50,308 INFO c.h.h.t.HelmChartContainer - [K3S] [manager.go:519] "Failed to read data from checkpoint" checkpoint="kubelet_internal_checkpoint" err="checkpoint is not found"
2025-01-29 13:18:50,310 INFO c.h.h.t.HelmChartContainer - [K3S] [eviction_manager.go:189] "Eviction manager: starting control loop"
2025-01-29 13:18:50,311 INFO c.h.h.t.HelmChartContainer - [K3S] [container_log_manager.go:189] "Initializing container log rotate workers" workers=1 monitorPeriod="10s"
2025-01-29 13:18:50,311 INFO c.h.h.t.HelmChartContainer - [K3S] [plugin_manager.go:118] "Starting Kubelet Plugin Manager"
2025-01-29 13:18:50,311 INFO c.h.h.t.HelmChartContainer - [K3S] [eviction_manager.go:267] "eviction manager: failed to check if we have separate container filesystem. Ignoring." err="no imagefs label for configured runtime"
2025-01-29 13:18:50,311 INFO c.h.h.t.HelmChartContainer - [K3S] [eviction_manager.go:292] "Eviction manager: failed to get summary stats" err="failed to get node info: node \"4b5e7665a766\" not found"
2025-01-29 13:18:50,312 INFO c.h.h.t.HelmChartContainer - [K3S] [lease.go:265] Resetting endpoints for master service "kubernetes" to [172.18.0.2]
2025-01-29 13:18:50,344 INFO c.h.h.t.HelmChartContainer - [K3S] [ERROR] Sending HTTP/1.1 503 response to 127.0.0.1:48410: runtime core not ready
2025-01-29 13:18:50,408 INFO c.h.h.t.HelmChartContainer - [K3S] [kubelet_node_status.go:76] "Attempting to register node" node="4b5e7665a766"
2025-01-29 13:18:50,415 INFO c.h.h.t.HelmChartContainer - [K3S] [kubelet_node_status.go:79] "Successfully registered node" node="4b5e7665a766"
2025-01-29 13:18:50,415 INFO c.h.h.t.HelmChartContainer - [K3S] [kubelet_node_status.go:549] "Error updating node status, will retry" err="error getting node \"4b5e7665a766\": node \"4b5e7665a766\" not found"
2025-01-29 13:18:50,416 INFO c.h.h.t.HelmChartContainer - [K3S] [INFO] Annotations and labels have been set successfully on node: 4b5e7665a766
2025-01-29 13:18:50,416 INFO c.h.h.t.HelmChartContainer - [K3S] [INFO] Starting flannel with backend vxlan
2025-01-29 13:18:50,443 INFO c.h.h.t.HelmChartContainer - [K3S] [INFO] Running kube-proxy --cluster-cidr=10.42.0.0/16 --conntrack-max-per-core=0 --conntrack-tcp-timeout-close-wait=0s --conntrack-tcp-timeout-established=0s --healthz-bind-address=127.0.0.1 --hostname-override=4b5e7665a766 --kubeconfig=/var/lib/rancher/k3s/agent/kubeproxy.kubeconfig --proxy-mode=iptables
2025-01-29 13:18:50,498 INFO c.h.h.t.HelmChartContainer - [K3S] [server.go:698] "Successfully retrieved node IP(s)" IPs=["172.18.0.2"]
2025-01-29 13:18:50,499 INFO c.h.h.t.HelmChartContainer - [K3S] [server.go:234] "Kube-proxy configuration may be incomplete or incorrect" err="nodePortAddresses is unset; NodePort connections will be accepted on all local IPs. Consider using `--nodeport-addresses primary`"
2025-01-29 13:18:50,501 INFO c.h.h.t.HelmChartContainer - [K3S] [server.go:243] "kube-proxy running in dual-stack mode" primary ipFamily="IPv4"
2025-01-29 13:18:50,502 INFO c.h.h.t.HelmChartContainer - [K3S] [server_linux.go:170] "Using iptables Proxier"
2025-01-29 13:18:50,503 INFO c.h.h.t.HelmChartContainer - [K3S] [proxier.go:255] "Setting route_localnet=1 to allow node-ports on localhost; to change this either disable iptables.localhostNodePorts (--iptables-localhost-nodeports) or set nodePortAddresses (--nodeport-addresses) to filter loopback addresses"
2025-01-29 13:18:50,506 INFO c.h.h.t.HelmChartContainer - [K3S] [server.go:497] "Version info" version="v1.32.1+k3s1"
2025-01-29 13:18:50,507 INFO c.h.h.t.HelmChartContainer - [K3S] [server.go:499] "Golang settings" GOGC="" GOMAXPROCS="" GOTRACEBACK=""
2025-01-29 13:18:50,508 INFO c.h.h.t.HelmChartContainer - [K3S] [config.go:199] "Starting service config controller"
2025-01-29 13:18:50,509 INFO c.h.h.t.HelmChartContainer - [K3S] [config.go:105] "Starting endpoint slice config controller"
2025-01-29 13:18:50,509 INFO c.h.h.t.HelmChartContainer - [K3S] [config.go:329] "Starting node config controller"
2025-01-29 13:18:50,620 INFO c.h.h.t.HelmChartContainer - [K3S] [kubelet_node_status.go:502] "Fast updating node status as it just became ready"
2025-01-29 13:18:51,013 INFO c.h.h.t.HelmChartContainer - [K3S] [INFO] Waiting for cloud-controller-manager privileges to become available
2025-01-29 13:18:51,014 INFO c.h.h.t.HelmChartContainer - [K3S] [INFO] Waiting for untainted node
2025-01-29 13:18:51,014 INFO c.h.h.t.HelmChartContainer - [K3S] [INFO] Kube API server is now running
2025-01-29 13:18:51,014 INFO c.h.h.t.HelmChartContainer - [K3S] [INFO] ETCD server is now running
2025-01-29 13:18:51,014 INFO c.h.h.t.HelmChartContainer - [K3S] [INFO] k3s is up and running
2025-01-29 13:18:51,015 INFO c.h.h.t.HelmChartContainer - [K3S] [INFO] Creating k3s-supervisor event broadcaster
2025-01-29 13:18:51,022 INFO c.h.h.t.HelmChartContainer - [K3S] [INFO] Applying CRD addons.k3s.cattle.io
2025-01-29 13:18:51,032 INFO c.h.h.t.HelmChartContainer - [K3S] [INFO] Applying CRD etcdsnapshotfiles.k3s.cattle.io
2025-01-29 13:18:51,041 INFO c.h.h.t.HelmChartContainer - [K3S] [INFO] Applying CRD helmcharts.helm.cattle.io
2025-01-29 13:18:51,053 INFO c.h.h.t.HelmChartContainer - [K3S] [INFO] Applying CRD helmchartconfigs.helm.cattle.io
2025-01-29 13:18:51,064 INFO c.h.h.t.HelmChartContainer - [K3S] [INFO] Waiting for CRD helmcharts.helm.cattle.io to become available
2025-01-29 13:18:51,169 INFO c.h.h.t.HelmChartContainer - [K3S] [serving.go:392] Generated self-signed cert in-memory
2025-01-29 13:18:51,236 INFO c.h.h.t.HelmChartContainer - [K3S] [apiserver.go:52] "Watching apiserver"
2025-01-29 13:18:51,250 INFO c.h.h.t.HelmChartContainer - [K3S] [desired_state_of_world_populator.go:157] "Finished populating initial desired state of world"
2025-01-29 13:18:51,567 INFO c.h.h.t.HelmChartContainer - [K3S] [INFO] Done waiting for CRD helmcharts.helm.cattle.io to become available
2025-01-29 13:18:51,567 INFO c.h.h.t.HelmChartContainer - [K3S] [INFO] Waiting for CRD helmchartconfigs.helm.cattle.io to become available
2025-01-29 13:18:51,605 INFO c.h.h.t.HelmChartContainer - [K3S] [controllermanager.go:185] "Starting" version="v1.32.1+k3s1"
2025-01-29 13:18:51,605 INFO c.h.h.t.HelmChartContainer - [K3S] [controllermanager.go:187] "Golang settings" GOGC="" GOMAXPROCS="" GOTRACEBACK=""
2025-01-29 13:18:51,608 INFO c.h.h.t.HelmChartContainer - [K3S] [requestheader_controller.go:180] Starting RequestHeaderAuthRequestController
2025-01-29 13:18:51,608 INFO c.h.h.t.HelmChartContainer - [K3S] [configmap_cafile_content.go:205] "Starting controller" name="client-ca::kube-system::extension-apiserver-authentication::requestheader-client-ca-file"
2025-01-29 13:18:51,608 INFO c.h.h.t.HelmChartContainer - [K3S] [configmap_cafile_content.go:205] "Starting controller" name="client-ca::kube-system::extension-apiserver-authentication::client-ca-file"
2025-01-29 13:18:51,609 INFO c.h.h.t.HelmChartContainer - [K3S] [secure_serving.go:213] Serving securely on 127.0.0.1:10257
2025-01-29 13:18:51,610 INFO c.h.h.t.HelmChartContainer - [K3S] [tlsconfig.go:243] "Starting DynamicServingCertificateController"
2025-01-29 13:18:51,613 INFO c.h.h.t.HelmChartContainer - [K3S] [controllermanager.go:765] "Started controller" controller="serviceaccount-token-controller"
2025-01-29 13:18:51,619 INFO c.h.h.t.HelmChartContainer - [K3S] [controllermanager.go:765] "Started controller" controller="ephemeral-volume-controller"
2025-01-29 13:18:51,619 INFO c.h.h.t.HelmChartContainer - [K3S] [controller.go:173] "Starting ephemeral volume controller"
2025-01-29 13:18:51,619 INFO c.h.h.t.HelmChartContainer - [K3S] [controllermanager.go:717] "Controller is disabled by a feature gate" controller="resourceclaim-controller" requiredFeatureGates=["DynamicResourceAllocation"]
2025-01-29 13:18:51,632 INFO c.h.h.t.HelmChartContainer - [K3S] [controllermanager.go:765] "Started controller" controller="validatingadmissionpolicy-status-controller"
2025-01-29 13:18:51,637 INFO c.h.h.t.HelmChartContainer - [K3S] [controllermanager.go:765] "Started controller" controller="pod-garbage-collector-controller"
2025-01-29 13:18:51,638 INFO c.h.h.t.HelmChartContainer - [K3S] [gc_controller.go:99] "Starting GC controller"
2025-01-29 13:18:51,646 INFO c.h.h.t.HelmChartContainer - [K3S] [graph_builder.go:351] "Running" component="GraphBuilder"
2025-01-29 13:18:51,646 INFO c.h.h.t.HelmChartContainer - [K3S] [controllermanager.go:765] "Started controller" controller="garbage-collector-controller"
2025-01-29 13:18:51,646 INFO c.h.h.t.HelmChartContainer - [K3S] [controllermanager.go:723] "Skipping a cloud provider controller" controller="service-lb-controller"
2025-01-29 13:18:51,654 INFO c.h.h.t.HelmChartContainer - [K3S] [controllermanager.go:765] "Started controller" controller="root-ca-certificate-publisher-controller"
2025-01-29 13:18:51,654 INFO c.h.h.t.HelmChartContainer - [K3S] [publisher.go:107] "Starting root CA cert publisher controller"
2025-01-29 13:18:51,659 INFO c.h.h.t.HelmChartContainer - [K3S] [controllermanager.go:765] "Started controller" controller="endpoints-controller"
2025-01-29 13:18:51,660 INFO c.h.h.t.HelmChartContainer - [K3S] [endpoints_controller.go:182] "Starting endpoint controller"
2025-01-29 13:18:51,665 INFO c.h.h.t.HelmChartContainer - [K3S] [controllermanager.go:765] "Started controller" controller="serviceaccount-controller"
2025-01-29 13:18:51,665 INFO c.h.h.t.HelmChartContainer - [K3S] [serviceaccounts_controller.go:114] "Starting service account controller"
2025-01-29 13:18:51,670 INFO c.h.h.t.HelmChartContainer - [K3S] [controllermanager.go:765] "Started controller" controller="persistentvolume-protection-controller"
2025-01-29 13:18:51,670 INFO c.h.h.t.HelmChartContainer - [K3S] [pv_protection_controller.go:81] "Starting PV protection controller"
2025-01-29 13:18:51,716 INFO c.h.h.t.HelmChartContainer - [K3S] [controllermanager.go:765] "Started controller" controller="persistentvolume-binder-controller"
2025-01-29 13:18:51,716 INFO c.h.h.t.HelmChartContainer - [K3S] [controllermanager.go:717] "Controller is disabled by a feature gate" controller="kube-apiserver-serving-clustertrustbundle-publisher-controller" requiredFeatureGates=["ClusterTrustBundle"]
2025-01-29 13:18:51,716 INFO c.h.h.t.HelmChartContainer - [K3S] [pv_controller_base.go:308] "Starting persistent volume controller"
2025-01-29 13:18:52,020 INFO c.h.h.t.HelmChartContainer - [K3S] [controllermanager.go:765] "Started controller" controller="resourcequota-controller"
2025-01-29 13:18:52,020 INFO c.h.h.t.HelmChartContainer - [K3S] [resource_quota_controller.go:300] "Starting resource quota controller"
2025-01-29 13:18:52,070 INFO c.h.h.t.HelmChartContainer - [K3S] [INFO] Done waiting for CRD helmchartconfigs.helm.cattle.io to become available
2025-01-29 13:18:52,070 INFO c.h.h.t.HelmChartContainer - [K3S] [INFO] Writing static file: /var/lib/rancher/k3s/server/static/charts/traefik-27.0.201+up27.0.2.tgz
2025-01-29 13:18:52,071 INFO c.h.h.t.HelmChartContainer - [K3S] [INFO] Writing static file: /var/lib/rancher/k3s/server/static/charts/traefik-crd-27.0.201+up27.0.2.tgz
2025-01-29 13:18:52,071 INFO c.h.h.t.HelmChartContainer - [K3S] [INFO] Writing manifest: /var/lib/rancher/k3s/server/manifests/rolebindings.yaml
2025-01-29 13:18:52,071 INFO c.h.h.t.HelmChartContainer - [K3S] [INFO] Writing manifest: /var/lib/rancher/k3s/server/manifests/ccm.yaml
2025-01-29 13:18:52,071 INFO c.h.h.t.HelmChartContainer - [K3S] [INFO] Writing manifest: /var/lib/rancher/k3s/server/manifests/local-storage.yaml
2025-01-29 13:18:52,072 INFO c.h.h.t.HelmChartContainer - [K3S] [INFO] Writing manifest: /var/lib/rancher/k3s/server/manifests/metrics-server/aggregated-metrics-reader.yaml
2025-01-29 13:18:52,072 INFO c.h.h.t.HelmChartContainer - [K3S] [INFO] Writing manifest: /var/lib/rancher/k3s/server/manifests/metrics-server/metrics-apiservice.yaml
2025-01-29 13:18:52,072 INFO c.h.h.t.HelmChartContainer - [K3S] [INFO] Writing manifest: /var/lib/rancher/k3s/server/manifests/metrics-server/metrics-server-deployment.yaml
2025-01-29 13:18:52,072 INFO c.h.h.t.HelmChartContainer - [K3S] [INFO] Writing manifest: /var/lib/rancher/k3s/server/manifests/metrics-server/metrics-server-service.yaml
2025-01-29 13:18:52,072 INFO c.h.h.t.HelmChartContainer - [K3S] [INFO] Writing manifest: /var/lib/rancher/k3s/server/manifests/metrics-server/resource-reader.yaml
2025-01-29 13:18:52,072 INFO c.h.h.t.HelmChartContainer - [K3S] [INFO] Writing manifest: /var/lib/rancher/k3s/server/manifests/runtimes.yaml
2025-01-29 13:18:52,072 INFO c.h.h.t.HelmChartContainer - [K3S] [INFO] Writing manifest: /var/lib/rancher/k3s/server/manifests/coredns.yaml
2025-01-29 13:18:52,072 INFO c.h.h.t.HelmChartContainer - [K3S] [INFO] Writing manifest: /var/lib/rancher/k3s/server/manifests/metrics-server/auth-delegator.yaml
2025-01-29 13:18:52,073 INFO c.h.h.t.HelmChartContainer - [K3S] [INFO] Writing manifest: /var/lib/rancher/k3s/server/manifests/metrics-server/auth-reader.yaml
2025-01-29 13:18:52,074 INFO c.h.h.t.HelmChartContainer - [K3S] [INFO] Starting dynamiclistener CN filter node controller with SANs: [localhost 127.0.0.1 ::1 localhost 4b5e7665a766 172.18.0.2 10.43.0.1 kubernetes kubernetes.default kubernetes.default.svc kubernetes.default.svc.cluster.local]
2025-01-29 13:18:52,074 INFO c.h.h.t.HelmChartContainer - [K3S] [INFO] Tunnel server egress proxy mode: agent
2025-01-29 13:18:52,166 INFO c.h.h.t.HelmChartContainer - [K3S] [controllermanager.go:765] "Started controller" controller="deployment-controller"
2025-01-29 13:18:52,166 INFO c.h.h.t.HelmChartContainer - [K3S] [deployment_controller.go:173] "Starting controller" controller="deployment"
2025-01-29 13:18:52,179 INFO c.h.h.t.HelmChartContainer - [K3S] [INFO] Starting k3s.cattle.io/v1, Kind=Addon controller
2025-01-29 13:18:52,179 INFO c.h.h.t.HelmChartContainer - [K3S] [INFO] Creating deploy event broadcaster
2025-01-29 13:18:52,283 INFO c.h.h.t.HelmChartContainer - [K3S] [INFO] Starting /v1, Kind=Node controller
2025-01-29 13:18:52,284 INFO c.h.h.t.HelmChartContainer - [K3S] [INFO] Creating helm-controller event broadcaster
2025-01-29 13:18:52,297 INFO c.h.h.t.HelmChartContainer - [K3S] [INFO] Labels and annotations have been set successfully on node: 4b5e7665a766
2025-01-29 13:18:52,303 INFO c.h.h.t.HelmChartContainer - [K3S] [INFO] Cluster dns configmap has been set successfully
2025-01-29 13:18:52,318 INFO c.h.h.t.HelmChartContainer - [K3S] [controllermanager.go:765] "Started controller" controller="token-cleaner-controller"
2025-01-29 13:18:52,319 INFO c.h.h.t.HelmChartContainer - [K3S] [tokencleaner.go:117] "Starting token cleaner controller"
2025-01-29 13:18:52,393 INFO c.h.h.t.HelmChartContainer - [K3S] [INFO] Starting helm.cattle.io/v1, Kind=HelmChartConfig controller
2025-01-29 13:18:52,393 INFO c.h.h.t.HelmChartContainer - [K3S] [INFO] Starting helm.cattle.io/v1, Kind=HelmChart controller
2025-01-29 13:18:52,396 INFO c.h.h.t.HelmChartContainer - [K3S] [INFO] Starting rbac.authorization.k8s.io/v1, Kind=ClusterRoleBinding controller
2025-01-29 13:18:52,399 INFO c.h.h.t.HelmChartContainer - [K3S] [INFO] Starting batch/v1, Kind=Job controller
2025-01-29 13:18:52,399 INFO c.h.h.t.HelmChartContainer - [K3S] [INFO] Starting /v1, Kind=Secret controller
2025-01-29 13:18:52,399 INFO c.h.h.t.HelmChartContainer - [K3S] [INFO] Starting /v1, Kind=ServiceAccount controller
2025-01-29 13:18:52,399 INFO c.h.h.t.HelmChartContainer - [K3S] [INFO] Starting /v1, Kind=ConfigMap controller
2025-01-29 13:18:52,570 INFO c.h.h.t.HelmChartContainer - [K3S] [range_allocator.go:112] "No Secondary Service CIDR provided. Skipping filtering out secondary service addresses"
2025-01-29 13:18:52,570 INFO c.h.h.t.HelmChartContainer - [K3S] [controllermanager.go:765] "Started controller" controller="node-ipam-controller"
2025-01-29 13:18:52,570 INFO c.h.h.t.HelmChartContainer - [K3S] [controllermanager.go:717] "Controller is disabled by a feature gate" controller="storageversion-garbage-collector-controller" requiredFeatureGates=["APIServerIdentity","StorageVersionAPI"]
2025-01-29 13:18:52,570 INFO c.h.h.t.HelmChartContainer - [K3S] [controllermanager.go:717] "Controller is disabled by a feature gate" controller="selinux-warning-controller" requiredFeatureGates=["SELinuxChangePolicy"]
2025-01-29 13:18:52,570 INFO c.h.h.t.HelmChartContainer - [K3S] [node_ipam_controller.go:141] "Starting ipam controller"
2025-01-29 13:18:52,819 INFO c.h.h.t.HelmChartContainer - [K3S] [controllermanager.go:765] "Started controller" controller="namespace-controller"
2025-01-29 13:18:52,820 INFO c.h.h.t.HelmChartContainer - [K3S] [namespace_controller.go:202] "Starting namespace controller"
2025-01-29 13:18:52,850 INFO c.h.h.t.HelmChartContainer - [K3S] [INFO] Updating TLS secret for kube-system/k3s-serving (count: 10): map[listener.cattle.io/cn-10.43.0.1:10.43.0.1 listener.cattle.io/cn-127.0.0.1:127.0.0.1 listener.cattle.io/cn-172.18.0.2:172.18.0.2 listener.cattle.io/cn-4b5e7665a766:4b5e7665a766 listener.cattle.io/cn-__1-f16284:::1 listener.cattle.io/cn-kubernetes:kubernetes listener.cattle.io/cn-kubernetes.default:kubernetes.default listener.cattle.io/cn-kubernetes.default.svc:kubernetes.default.svc listener.cattle.io/cn-kubernetes.default.svc.cluster.local:kubernetes.default.svc.cluster.local listener.cattle.io/cn-localhost:localhost listener.cattle.io/fingerprint:SHA1=A3CA0B1F6AB317E449ECA5653EB71AA3D81B1B90]
2025-01-29 13:18:52,853 INFO c.h.h.t.HelmChartContainer - [K3S] [INFO] Active TLS secret kube-system/k3s-serving (ver=245) (count 10): map[listener.cattle.io/cn-10.43.0.1:10.43.0.1 listener.cattle.io/cn-127.0.0.1:127.0.0.1 listener.cattle.io/cn-172.18.0.2:172.18.0.2 listener.cattle.io/cn-4b5e7665a766:4b5e7665a766 listener.cattle.io/cn-__1-f16284:::1 listener.cattle.io/cn-kubernetes:kubernetes listener.cattle.io/cn-kubernetes.default:kubernetes.default listener.cattle.io/cn-kubernetes.default.svc:kubernetes.default.svc listener.cattle.io/cn-kubernetes.default.svc.cluster.local:kubernetes.default.svc.cluster.local listener.cattle.io/cn-localhost:localhost listener.cattle.io/fingerprint:SHA1=A3CA0B1F6AB317E449ECA5653EB71AA3D81B1B90]
2025-01-29 13:18:52,949 INFO c.h.h.t.HelmChartContainer - [K3S] [INFO] Updating TLS secret for kube-system/k3s-serving (count: 10): map[listener.cattle.io/cn-10.43.0.1:10.43.0.1 listener.cattle.io/cn-127.0.0.1:127.0.0.1 listener.cattle.io/cn-172.18.0.2:172.18.0.2 listener.cattle.io/cn-4b5e7665a766:4b5e7665a766 listener.cattle.io/cn-__1-f16284:::1 listener.cattle.io/cn-kubernetes:kubernetes listener.cattle.io/cn-kubernetes.default:kubernetes.default listener.cattle.io/cn-kubernetes.default.svc:kubernetes.default.svc listener.cattle.io/cn-kubernetes.default.svc.cluster.local:kubernetes.default.svc.cluster.local listener.cattle.io/cn-localhost:localhost listener.cattle.io/fingerprint:SHA1=A3CA0B1F6AB317E449ECA5653EB71AA3D81B1B90]
2025-01-29 13:18:52,966 INFO c.h.h.t.HelmChartContainer - [K3S] [controllermanager.go:765] "Started controller" controller="ttl-controller"
2025-01-29 13:18:52,967 INFO c.h.h.t.HelmChartContainer - [K3S] [controllermanager.go:723] "Skipping a cloud provider controller" controller="node-route-controller"
2025-01-29 13:18:52,967 INFO c.h.h.t.HelmChartContainer - [K3S] [controllermanager.go:717] "Controller is disabled by a feature gate" controller="volumeattributesclass-protection-controller" requiredFeatureGates=["VolumeAttributesClass"]
2025-01-29 13:18:52,967 INFO c.h.h.t.HelmChartContainer - [K3S] [controllermanager.go:717] "Controller is disabled by a feature gate" controller="service-cidr-controller" requiredFeatureGates=["MultiCIDRServiceAllocator"]
2025-01-29 13:18:52,967 INFO c.h.h.t.HelmChartContainer - [K3S] [ttl_controller.go:127] "Starting TTL controller"
2025-01-29 13:18:53,116 INFO c.h.h.t.HelmChartContainer - [K3S] [controllermanager.go:765] "Started controller" controller="replicationcontroller-controller"
2025-01-29 13:18:53,117 INFO c.h.h.t.HelmChartContainer - [K3S] [replica_set.go:217] "Starting controller" name="replicationcontroller"
2025-01-29 13:18:53,266 INFO c.h.h.t.HelmChartContainer - [K3S] [controllermanager.go:765] "Started controller" controller="certificatesigningrequest-approving-controller"
2025-01-29 13:18:53,266 INFO c.h.h.t.HelmChartContainer - [K3S] [certificate_controller.go:120] "Starting certificate controller" name="csrapproving"
2025-01-29 13:18:53,316 INFO c.h.h.t.HelmChartContainer - [K3S] [controllermanager.go:765] "Started controller" controller="certificatesigningrequest-cleaner-controller"
2025-01-29 13:18:53,316 INFO c.h.h.t.HelmChartContainer - [K3S] [cleaner.go:83] "Starting CSR cleaner controller"
2025-01-29 13:18:53,466 INFO c.h.h.t.HelmChartContainer - [K3S] [controllermanager.go:765] "Started controller" controller="persistentvolume-attach-detach-controller"
2025-01-29 13:18:53,467 INFO c.h.h.t.HelmChartContainer - [K3S] [attach_detach_controller.go:338] "Starting attach detach controller"
2025-01-29 13:18:53,617 INFO c.h.h.t.HelmChartContainer - [K3S] [controllermanager.go:765] "Started controller" controller="persistentvolume-expander-controller"
2025-01-29 13:18:53,617 INFO c.h.h.t.HelmChartContainer - [K3S] [expand_controller.go:329] "Starting expand controller"
2025-01-29 13:18:53,720 INFO c.h.h.t.HelmChartContainer - [K3S] [event.go:389] "Event occurred" object="4b5e7665a766" fieldPath="" kind="Node" apiVersion="" type="Normal" reason="NodePasswordValidationComplete" message="Deferred node password secret validation complete"
2025-01-29 13:18:53,767 INFO c.h.h.t.HelmChartContainer - [K3S] [controllermanager.go:765] "Started controller" controller="persistentvolumeclaim-protection-controller"
2025-01-29 13:18:53,767 INFO c.h.h.t.HelmChartContainer - [K3S] [pvc_protection_controller.go:168] "Starting PVC protection controller"
2025-01-29 13:18:53,916 INFO c.h.h.t.HelmChartContainer - [K3S] [controllermanager.go:765] "Started controller" controller="ttl-after-finished-controller"
2025-01-29 13:18:53,916 INFO c.h.h.t.HelmChartContainer - [K3S] [ttlafterfinished_controller.go:112] "Starting TTL after finished controller"
2025-01-29 13:18:53,967 INFO c.h.h.t.HelmChartContainer - [K3S] [controllermanager.go:765] "Started controller" controller="taint-eviction-controller"
2025-01-29 13:18:53,968 INFO c.h.h.t.HelmChartContainer - [K3S] [taint_eviction.go:281] "Starting" controller="taint-eviction-controller"
2025-01-29 13:18:53,968 INFO c.h.h.t.HelmChartContainer - [K3S] [taint_eviction.go:287] "Sending events to api server"
2025-01-29 13:18:54,116 INFO c.h.h.t.HelmChartContainer - [K3S] [controllermanager.go:765] "Started controller" controller="daemonset-controller"
2025-01-29 13:18:54,117 INFO c.h.h.t.HelmChartContainer - [K3S] [daemon_controller.go:294] "Starting daemon sets controller"
2025-01-29 13:18:54,184 INFO c.h.h.t.HelmChartContainer - [K3S] [event.go:389] "Event occurred" object="kube-system/ccm" fieldPath="" kind="Addon" apiVersion="k3s.cattle.io/v1" type="Normal" reason="ApplyingManifest" message="Applying manifest at \"/var/lib/rancher/k3s/server/manifests/ccm.yaml\""
2025-01-29 13:18:54,204 INFO c.h.h.t.HelmChartContainer - [K3S] [event.go:389] "Event occurred" object="kube-system/ccm" fieldPath="" kind="Addon" apiVersion="k3s.cattle.io/v1" type="Normal" reason="AppliedManifest" message="Applied manifest at \"/var/lib/rancher/k3s/server/manifests/ccm.yaml\""
2025-01-29 13:18:54,212 INFO c.h.h.t.HelmChartContainer - [K3S] [event.go:389] "Event occurred" object="kube-system/coredns" fieldPath="" kind="Addon" apiVersion="k3s.cattle.io/v1" type="Normal" reason="ApplyingManifest" message="Applying manifest at \"/var/lib/rancher/k3s/server/manifests/coredns.yaml\""
2025-01-29 13:18:54,266 INFO c.h.h.t.HelmChartContainer - [K3S] [controllermanager.go:765] "Started controller" controller="replicaset-controller"
2025-01-29 13:18:54,267 INFO c.h.h.t.HelmChartContainer - [K3S] [replica_set.go:217] "Starting controller" name="replicaset"
2025-01-29 13:18:54,322 INFO c.h.h.t.HelmChartContainer - [K3S] [alloc.go:330] "allocated clusterIPs" service="kube-system/kube-dns" clusterIPs={"IPv4":"10.43.0.10"}
2025-01-29 13:18:54,324 INFO c.h.h.t.HelmChartContainer - [K3S] [event.go:389] "Event occurred" object="kube-system/coredns" fieldPath="" kind="Addon" apiVersion="k3s.cattle.io/v1" type="Normal" reason="AppliedManifest" message="Applied manifest at \"/var/lib/rancher/k3s/server/manifests/coredns.yaml\""
2025-01-29 13:18:54,331 INFO c.h.h.t.HelmChartContainer - [K3S] [event.go:389] "Event occurred" object="kube-system/local-storage" fieldPath="" kind="Addon" apiVersion="k3s.cattle.io/v1" type="Normal" reason="ApplyingManifest" message="Applying manifest at \"/var/lib/rancher/k3s/server/manifests/local-storage.yaml\""
2025-01-29 13:18:54,416 INFO c.h.h.t.HelmChartContainer - [K3S] [controllermanager.go:765] "Started controller" controller="statefulset-controller"
2025-01-29 13:18:54,416 INFO c.h.h.t.HelmChartContainer - [K3S] [stateful_set.go:166] "Starting stateful set controller"
2025-01-29 13:18:54,418 INFO c.h.h.t.HelmChartContainer - [K3S] [event.go:389] "Event occurred" object="kube-system/local-storage" fieldPath="" kind="Addon" apiVersion="k3s.cattle.io/v1" type="Normal" reason="AppliedManifest" message="Applied manifest at \"/var/lib/rancher/k3s/server/manifests/local-storage.yaml\""
2025-01-29 13:18:54,426 INFO c.h.h.t.HelmChartContainer - [K3S] [event.go:389] "Event occurred" object="kube-system/aggregated-metrics-reader" fieldPath="" kind="Addon" apiVersion="k3s.cattle.io/v1" type="Normal" reason="ApplyingManifest" message="Applying manifest at \"/var/lib/rancher/k3s/server/manifests/metrics-server/aggregated-metrics-reader.yaml\""
2025-01-29 13:18:54,467 INFO c.h.h.t.HelmChartContainer - [K3S] [certificate_controller.go:120] "Starting certificate controller" name="csrsigning-kubelet-serving"
2025-01-29 13:18:54,467 INFO c.h.h.t.HelmChartContainer - [K3S] [dynamic_serving_content.go:135] "Starting controller" name="csr-controller::/var/lib/rancher/k3s/server/tls/server-ca.nochain.crt::/var/lib/rancher/k3s/server/tls/server-ca.key"
2025-01-29 13:18:54,467 INFO c.h.h.t.HelmChartContainer - [K3S] [certificate_controller.go:120] "Starting certificate controller" name="csrsigning-kubelet-client"
2025-01-29 13:18:54,468 INFO c.h.h.t.HelmChartContainer - [K3S] [dynamic_serving_content.go:135] "Starting controller" name="csr-controller::/var/lib/rancher/k3s/server/tls/client-ca.nochain.crt::/var/lib/rancher/k3s/server/tls/client-ca.key"
2025-01-29 13:18:54,468 INFO c.h.h.t.HelmChartContainer - [K3S] [certificate_controller.go:120] "Starting certificate controller" name="csrsigning-kube-apiserver-client"
2025-01-29 13:18:54,468 INFO c.h.h.t.HelmChartContainer - [K3S] [dynamic_serving_content.go:135] "Starting controller" name="csr-controller::/var/lib/rancher/k3s/server/tls/client-ca.nochain.crt::/var/lib/rancher/k3s/server/tls/client-ca.key"
2025-01-29 13:18:54,468 INFO c.h.h.t.HelmChartContainer - [K3S] [controllermanager.go:765] "Started controller" controller="certificatesigningrequest-signing-controller"
2025-01-29 13:18:54,468 INFO c.h.h.t.HelmChartContainer - [K3S] [certificate_controller.go:120] "Starting certificate controller" name="csrsigning-legacy-unknown"
2025-01-29 13:18:54,468 INFO c.h.h.t.HelmChartContainer - [K3S] [dynamic_serving_content.go:135] "Starting controller" name="csr-controller::/var/lib/rancher/k3s/server/tls/server-ca.nochain.crt::/var/lib/rancher/k3s/server/tls/server-ca.key"
2025-01-29 13:18:54,493 INFO c.h.h.t.HelmChartContainer - [K3S] [event.go:389] "Event occurred" object="kube-system/aggregated-metrics-reader" fieldPath="" kind="Addon" apiVersion="k3s.cattle.io/v1" type="Normal" reason="AppliedManifest" message="Applied manifest at \"/var/lib/rancher/k3s/server/manifests/metrics-server/aggregated-metrics-reader.yaml\""
2025-01-29 13:18:54,499 INFO c.h.h.t.HelmChartContainer - [K3S] [event.go:389] "Event occurred" object="kube-system/auth-delegator" fieldPath="" kind="Addon" apiVersion="k3s.cattle.io/v1" type="Normal" reason="ApplyingManifest" message="Applying manifest at \"/var/lib/rancher/k3s/server/manifests/metrics-server/auth-delegator.yaml\""
2025-01-29 13:18:54,505 INFO c.h.h.t.HelmChartContainer - [K3S] [event.go:389] "Event occurred" object="kube-system/auth-delegator" fieldPath="" kind="Addon" apiVersion="k3s.cattle.io/v1" type="Normal" reason="AppliedManifest" message="Applied manifest at \"/var/lib/rancher/k3s/server/manifests/metrics-server/auth-delegator.yaml\""
2025-01-29 13:18:54,510 INFO c.h.h.t.HelmChartContainer - [K3S] [event.go:389] "Event occurred" object="kube-system/auth-reader" fieldPath="" kind="Addon" apiVersion="k3s.cattle.io/v1" type="Normal" reason="ApplyingManifest" message="Applying manifest at \"/var/lib/rancher/k3s/server/manifests/metrics-server/auth-reader.yaml\""
2025-01-29 13:18:54,515 INFO c.h.h.t.HelmChartContainer - [K3S] [event.go:389] "Event occurred" object="kube-system/auth-reader" fieldPath="" kind="Addon" apiVersion="k3s.cattle.io/v1" type="Normal" reason="AppliedManifest" message="Applied manifest at \"/var/lib/rancher/k3s/server/manifests/metrics-server/auth-reader.yaml\""
2025-01-29 13:18:54,516 INFO c.h.h.t.HelmChartContainer - [K3S] [node_lifecycle_controller.go:432] "Controller will reconcile labels"
2025-01-29 13:18:54,517 INFO c.h.h.t.HelmChartContainer - [K3S] [controllermanager.go:765] "Started controller" controller="node-lifecycle-controller"
2025-01-29 13:18:54,517 INFO c.h.h.t.HelmChartContainer - [K3S] [controllermanager.go:723] "Skipping a cloud provider controller" controller="cloud-node-lifecycle-controller"
2025-01-29 13:18:54,517 INFO c.h.h.t.HelmChartContainer - [K3S] [node_lifecycle_controller.go:466] "Sending events to api server"
2025-01-29 13:18:54,517 INFO c.h.h.t.HelmChartContainer - [K3S] [node_lifecycle_controller.go:477] "Starting node controller"
2025-01-29 13:18:54,522 INFO c.h.h.t.HelmChartContainer - [K3S] [event.go:389] "Event occurred" object="kube-system/metrics-apiservice" fieldPath="" kind="Addon" apiVersion="k3s.cattle.io/v1" type="Normal" reason="ApplyingManifest" message="Applying manifest at \"/var/lib/rancher/k3s/server/manifests/metrics-server/metrics-apiservice.yaml\""
2025-01-29 13:18:54,529 INFO c.h.h.t.HelmChartContainer - [K3S] [event.go:389] "Event occurred" object="kube-system/metrics-apiservice" fieldPath="" kind="Addon" apiVersion="k3s.cattle.io/v1" type="Normal" reason="AppliedManifest" message="Applied manifest at \"/var/lib/rancher/k3s/server/manifests/metrics-server/metrics-apiservice.yaml\""
2025-01-29 13:18:54,533 INFO c.h.h.t.HelmChartContainer - [K3S] [handler_proxy.go:99] no RequestInfo found in the context
2025-01-29 13:18:54,533 INFO c.h.h.t.HelmChartContainer - [K3S] [controller.go:146] "Unhandled Error" err=<
2025-01-29 13:18:54,533 INFO c.h.h.t.HelmChartContainer - [K3S] 	, Header: map[Content-Type:[text/plain; charset=utf-8] X-Content-Type-Options:[nosniff]]
2025-01-29 13:18:54,533 INFO c.h.h.t.HelmChartContainer - [K3S]  >
2025-01-29 13:18:54,534 INFO c.h.h.t.HelmChartContainer - [K3S] [handler_proxy.go:143] error resolving kube-system/metrics-server: service "metrics-server" not found
2025-01-29 13:18:54,542 INFO c.h.h.t.HelmChartContainer - [K3S] [event.go:389] "Event occurred" object="kube-system/metrics-server-deployment" fieldPath="" kind="Addon" apiVersion="k3s.cattle.io/v1" type="Normal" reason="ApplyingManifest" message="Applying manifest at \"/var/lib/rancher/k3s/server/manifests/metrics-server/metrics-server-deployment.yaml\""
2025-01-29 13:18:54,551 INFO c.h.h.t.HelmChartContainer - [K3S] [event.go:389] "Event occurred" object="kube-system/metrics-server-deployment" fieldPath="" kind="Addon" apiVersion="k3s.cattle.io/v1" type="Normal" reason="AppliedManifest" message="Applied manifest at \"/var/lib/rancher/k3s/server/manifests/metrics-server/metrics-server-deployment.yaml\""
2025-01-29 13:18:54,557 INFO c.h.h.t.HelmChartContainer - [K3S] [event.go:389] "Event occurred" object="kube-system/metrics-server-service" fieldPath="" kind="Addon" apiVersion="k3s.cattle.io/v1" type="Normal" reason="ApplyingManifest" message="Applying manifest at \"/var/lib/rancher/k3s/server/manifests/metrics-server/metrics-server-service.yaml\""
2025-01-29 13:18:54,564 INFO c.h.h.t.HelmChartContainer - [K3S] [alloc.go:330] "allocated clusterIPs" service="kube-system/metrics-server" clusterIPs={"IPv4":"10.43.119.218"}
2025-01-29 13:18:54,565 INFO c.h.h.t.HelmChartContainer - [K3S] [event.go:389] "Event occurred" object="kube-system/metrics-server-service" fieldPath="" kind="Addon" apiVersion="k3s.cattle.io/v1" type="Normal" reason="AppliedManifest" message="Applied manifest at \"/var/lib/rancher/k3s/server/manifests/metrics-server/metrics-server-service.yaml\""
2025-01-29 13:18:54,570 INFO c.h.h.t.HelmChartContainer - [K3S] [handler_proxy.go:99] no RequestInfo found in the context
2025-01-29 13:18:54,571 INFO c.h.h.t.HelmChartContainer - [K3S] [controller.go:146] "Unhandled Error" err=<
2025-01-29 13:18:54,571 INFO c.h.h.t.HelmChartContainer - [K3S] 	, Header: map[Content-Type:[text/plain; charset=utf-8] X-Content-Type-Options:[nosniff]]
2025-01-29 13:18:54,571 INFO c.h.h.t.HelmChartContainer - [K3S]  >
2025-01-29 13:18:54,571 INFO c.h.h.t.HelmChartContainer - [K3S] [handler_proxy.go:143] error resolving kube-system/metrics-server: endpoints "metrics-server" not found
2025-01-29 13:18:54,576 INFO c.h.h.t.HelmChartContainer - [K3S] [event.go:389] "Event occurred" object="kube-system/resource-reader" fieldPath="" kind="Addon" apiVersion="k3s.cattle.io/v1" type="Normal" reason="ApplyingManifest" message="Applying manifest at \"/var/lib/rancher/k3s/server/manifests/metrics-server/resource-reader.yaml\""
2025-01-29 13:18:54,605 INFO c.h.h.t.HelmChartContainer - [K3S] [event.go:389] "Event occurred" object="kube-system/resource-reader" fieldPath="" kind="Addon" apiVersion="k3s.cattle.io/v1" type="Normal" reason="AppliedManifest" message="Applied manifest at \"/var/lib/rancher/k3s/server/manifests/metrics-server/resource-reader.yaml\""
2025-01-29 13:18:54,611 INFO c.h.h.t.HelmChartContainer - [K3S] [event.go:389] "Event occurred" object="kube-system/rolebindings" fieldPath="" kind="Addon" apiVersion="k3s.cattle.io/v1" type="Normal" reason="ApplyingManifest" message="Applying manifest at \"/var/lib/rancher/k3s/server/manifests/rolebindings.yaml\""
2025-01-29 13:18:54,667 INFO c.h.h.t.HelmChartContainer - [K3S] [controllermanager.go:765] "Started controller" controller="clusterrole-aggregation-controller"
2025-01-29 13:18:54,668 INFO c.h.h.t.HelmChartContainer - [K3S] [clusterroleaggregation_controller.go:194] "Starting ClusterRoleAggregator controller"
2025-01-29 13:18:54,718 INFO c.h.h.t.HelmChartContainer - [K3S] [event.go:389] "Event occurred" object="kube-system/rolebindings" fieldPath="" kind="Addon" apiVersion="k3s.cattle.io/v1" type="Normal" reason="AppliedManifest" message="Applied manifest at \"/var/lib/rancher/k3s/server/manifests/rolebindings.yaml\""
2025-01-29 13:18:54,724 INFO c.h.h.t.HelmChartContainer - [K3S] [event.go:389] "Event occurred" object="kube-system/runtimes" fieldPath="" kind="Addon" apiVersion="k3s.cattle.io/v1" type="Normal" reason="ApplyingManifest" message="Applying manifest at \"/var/lib/rancher/k3s/server/manifests/runtimes.yaml\""
2025-01-29 13:18:54,769 INFO c.h.h.t.HelmChartContainer - [K3S] [event.go:389] "Event occurred" object="kube-system/runtimes" fieldPath="" kind="Addon" apiVersion="k3s.cattle.io/v1" type="Normal" reason="AppliedManifest" message="Applied manifest at \"/var/lib/rancher/k3s/server/manifests/runtimes.yaml\""
2025-01-29 13:18:54,816 INFO c.h.h.t.HelmChartContainer - [K3S] [controllermanager.go:765] "Started controller" controller="legacy-serviceaccount-token-cleaner-controller"
2025-01-29 13:18:54,817 INFO c.h.h.t.HelmChartContainer - [K3S] [legacy_serviceaccount_token_cleaner.go:103] "Starting legacy service account token cleaner controller"
2025-01-29 13:18:54,967 INFO c.h.h.t.HelmChartContainer - [K3S] [controllermanager.go:765] "Started controller" controller="endpointslice-controller"
2025-01-29 13:18:54,967 INFO c.h.h.t.HelmChartContainer - [K3S] [endpointslice_controller.go:281] "Starting endpoint slice controller"
2025-01-29 13:18:55,118 INFO c.h.h.t.HelmChartContainer - [K3S] [controllermanager.go:765] "Started controller" controller="endpointslice-mirroring-controller"
2025-01-29 13:18:55,119 INFO c.h.h.t.HelmChartContainer - [K3S] [endpointslicemirroring_controller.go:227] "Starting EndpointSliceMirroring controller"
2025-01-29 13:18:55,168 INFO c.h.h.t.HelmChartContainer - [K3S] [serving.go:392] Generated self-signed cert in-memory
2025-01-29 13:18:55,222 INFO c.h.h.t.HelmChartContainer - [K3S] [INFO] Tunnel authorizer set Kubelet Port 0.0.0.0:10250
2025-01-29 13:18:55,316 INFO c.h.h.t.HelmChartContainer - [K3S] [controllermanager.go:765] "Started controller" controller="disruption-controller"
2025-01-29 13:18:55,316 INFO c.h.h.t.HelmChartContainer - [K3S] [controllermanager.go:743] "Warning: skipping controller" controller="storage-version-migrator-controller"
2025-01-29 13:18:55,316 INFO c.h.h.t.HelmChartContainer - [K3S] [disruption.go:452] "Sending events to api server."
2025-01-29 13:18:55,316 INFO c.h.h.t.HelmChartContainer - [K3S] [disruption.go:463] "Starting disruption controller"
2025-01-29 13:18:55,467 INFO c.h.h.t.HelmChartContainer - [K3S] [controllermanager.go:765] "Started controller" controller="job-controller"
2025-01-29 13:18:55,467 INFO c.h.h.t.HelmChartContainer - [K3S] [job_controller.go:243] "Starting job controller"
2025-01-29 13:18:55,528 INFO c.h.h.t.HelmChartContainer - [K3S] [handler_proxy.go:99] no RequestInfo found in the context
2025-01-29 13:18:55,529 INFO c.h.h.t.HelmChartContainer - [K3S] [handler_proxy.go:99] no RequestInfo found in the context
2025-01-29 13:18:55,529 INFO c.h.h.t.HelmChartContainer - [K3S] [controller.go:102] "Unhandled Error" err=<
2025-01-29 13:18:55,529 INFO c.h.h.t.HelmChartContainer - [K3S] 	, Header: map[Content-Type:[text/plain; charset=utf-8] X-Content-Type-Options:[nosniff]]
2025-01-29 13:18:55,529 INFO c.h.h.t.HelmChartContainer - [K3S]  >
2025-01-29 13:18:55,601 INFO c.h.h.t.HelmChartContainer - [K3S] [serving.go:392] Generated self-signed cert in-memory
2025-01-29 13:18:55,766 INFO c.h.h.t.HelmChartContainer - [K3S] [controllermanager.go:765] "Started controller" controller="horizontal-pod-autoscaler-controller"
2025-01-29 13:18:55,766 INFO c.h.h.t.HelmChartContainer - [K3S] [horizontal.go:201] "Starting HPA controller"
2025-01-29 13:18:55,918 INFO c.h.h.t.HelmChartContainer - [K3S] [controllermanager.go:765] "Started controller" controller="cronjob-controller"
2025-01-29 13:18:55,919 INFO c.h.h.t.HelmChartContainer - [K3S] [controllermanager.go:728] "Warning: controller is disabled" controller="bootstrap-signer-controller"
2025-01-29 13:18:55,919 INFO c.h.h.t.HelmChartContainer - [K3S] [cronjob_controllerv2.go:145] "Starting cronjob controller v2"
2025-01-29 13:18:55,940 INFO c.h.h.t.HelmChartContainer - [K3S] [actual_state_of_world.go:541] "Failed to update statusUpdateNeeded field in actual state of world" err="Failed to set statusUpdateNeeded to needed true, because nodeName=\"4b5e7665a766\" does not exist"
2025-01-29 13:18:55,967 INFO c.h.h.t.HelmChartContainer - [K3S] [controllermanager.go:160] Version: v1.32.1+k3s1
2025-01-29 13:18:55,970 INFO c.h.h.t.HelmChartContainer - [K3S] [requestheader_controller.go:180] Starting RequestHeaderAuthRequestController
2025-01-29 13:18:55,972 INFO c.h.h.t.HelmChartContainer - [K3S] [configmap_cafile_content.go:205] "Starting controller" name="client-ca::kube-system::extension-apiserver-authentication::requestheader-client-ca-file"
2025-01-29 13:18:55,972 INFO c.h.h.t.HelmChartContainer - [K3S] [configmap_cafile_content.go:205] "Starting controller" name="client-ca::kube-system::extension-apiserver-authentication::client-ca-file"
2025-01-29 13:18:55,972 INFO c.h.h.t.HelmChartContainer - [K3S] [secure_serving.go:213] Serving securely on 127.0.0.1:10258
2025-01-29 13:18:55,972 INFO c.h.h.t.HelmChartContainer - [K3S] [tlsconfig.go:243] "Starting DynamicServingCertificateController"
2025-01-29 13:18:55,973 INFO c.h.h.t.HelmChartContainer - [K3S] [range_allocator.go:177] "Sending events to api server"
2025-01-29 13:18:55,973 INFO c.h.h.t.HelmChartContainer - [K3S] [range_allocator.go:183] "Starting range CIDR allocator"
2025-01-29 13:18:55,977 INFO c.h.h.t.HelmChartContainer - [K3S] [range_allocator.go:428] "Set node PodCIDR" node="4b5e7665a766" podCIDRs=["10.42.0.0/24"]
2025-01-29 13:18:55,977 INFO c.h.h.t.HelmChartContainer - [K3S] [range_allocator.go:247] "Successfully synced" key="4b5e7665a766"
2025-01-29 13:18:55,977 INFO c.h.h.t.HelmChartContainer - [K3S] [range_allocator.go:247] "Successfully synced" key="4b5e7665a766"
2025-01-29 13:18:55,977 INFO c.h.h.t.HelmChartContainer - [K3S] [INFO] Flannel found PodCIDR assigned for node 4b5e7665a766
2025-01-29 13:18:55,978 INFO c.h.h.t.HelmChartContainer - [K3S] [INFO] The interface eth0 with ipv4 address 172.18.0.2 will be used by flannel
2025-01-29 13:18:55,979 INFO c.h.h.t.HelmChartContainer - [K3S] [kube.go:139] Waiting 10m0s for node controller to sync
2025-01-29 13:18:55,979 INFO c.h.h.t.HelmChartContainer - [K3S] [kube.go:469] Starting kube subnet manager
2025-01-29 13:18:55,980 INFO c.h.h.t.HelmChartContainer - [K3S] [INFO] Creating service-lb-controller event broadcaster
2025-01-29 13:18:55,991 INFO c.h.h.t.HelmChartContainer - [K3S] [INFO] Updated coredns NodeHosts entry for 4b5e7665a766
2025-01-29 13:18:55,991 INFO c.h.h.t.HelmChartContainer - [K3S] [INFO] Network policy controller waiting for removal of node.cloudprovider.kubernetes.io/uninitialized taint
2025-01-29 13:18:56,017 INFO c.h.h.t.HelmChartContainer - [K3S] [node_lifecycle_controller.go:1234] "Initializing eviction metric for zone" zone=""
2025-01-29 13:18:56,017 INFO c.h.h.t.HelmChartContainer - [K3S] [node_lifecycle_controller.go:886] "Missing timestamp for Node. Assuming now as a timestamp" node="4b5e7665a766"
2025-01-29 13:18:56,017 INFO c.h.h.t.HelmChartContainer - [K3S] [node_lifecycle_controller.go:1080] "Controller detected that zone is now in new state" zone="" newState="Normal"
2025-01-29 13:18:56,023 INFO c.h.h.t.HelmChartContainer - [K3S] [range_allocator.go:247] "Successfully synced" key="4b5e7665a766"
2025-01-29 13:18:56,101 INFO c.h.h.t.HelmChartContainer - [K3S] [INFO] Starting /v1, Kind=Node controller
2025-01-29 13:18:56,103 INFO c.h.h.t.HelmChartContainer - [K3S] [INFO] Starting /v1, Kind=Pod controller
2025-01-29 13:18:56,106 INFO c.h.h.t.HelmChartContainer - [K3S] [INFO] Starting apps/v1, Kind=DaemonSet controller
2025-01-29 13:18:56,109 INFO c.h.h.t.HelmChartContainer - [K3S] [INFO] Starting discovery.k8s.io/v1, Kind=EndpointSlice controller
2025-01-29 13:18:56,109 INFO c.h.h.t.HelmChartContainer - [K3S] [controllermanager.go:329] Started "cloud-node-controller"
2025-01-29 13:18:56,110 INFO c.h.h.t.HelmChartContainer - [K3S] [node_controller.go:176] Sending events to api server.
2025-01-29 13:18:56,110 INFO c.h.h.t.HelmChartContainer - [K3S] [node_controller.go:185] Waiting for informer caches to sync
2025-01-29 13:18:56,110 INFO c.h.h.t.HelmChartContainer - [K3S] [controllermanager.go:329] Started "cloud-node-lifecycle-controller"
2025-01-29 13:18:56,110 INFO c.h.h.t.HelmChartContainer - [K3S] [node_lifecycle_controller.go:112] Sending events to api server
2025-01-29 13:18:56,111 INFO c.h.h.t.HelmChartContainer - [K3S] [controllermanager.go:329] Started "service-lb-controller"
2025-01-29 13:18:56,111 INFO c.h.h.t.HelmChartContainer - [K3S] [controllermanager.go:306] "node-route-controller" is disabled
2025-01-29 13:18:56,111 INFO c.h.h.t.HelmChartContainer - [K3S] [controller.go:234] Starting service controller
2025-01-29 13:18:56,210 INFO c.h.h.t.HelmChartContainer - [K3S] [node_controller.go:429] Initializing node 4b5e7665a766 with cloud provider
2025-01-29 13:18:56,215 INFO c.h.h.t.HelmChartContainer - [K3S] [node_controller.go:474] Successfully initialized node 4b5e7665a766 with cloud provider
2025-01-29 13:18:56,215 INFO c.h.h.t.HelmChartContainer - [K3S] [event.go:389] "Event occurred" object="4b5e7665a766" fieldPath="" kind="Node" apiVersion="v1" type="Normal" reason="Synced" message="Node synced successfully"
2025-01-29 13:18:56,220 INFO c.h.h.t.HelmChartContainer - [K3S] [range_allocator.go:247] "Successfully synced" key="4b5e7665a766"
2025-01-29 13:18:56,224 INFO c.h.h.t.HelmChartContainer - [K3S] [INFO] Started tunnel to 172.18.0.2:6443
2025-01-29 13:18:56,224 INFO c.h.h.t.HelmChartContainer - [K3S] [INFO] Stopped tunnel to 127.0.0.1:6443
2025-01-29 13:18:56,226 INFO c.h.h.t.HelmChartContainer - [K3S] [INFO] Connecting to proxy" url="wss://172.18.0.2:6443/v1-k3s/connect
2025-01-29 13:18:56,228 INFO c.h.h.t.HelmChartContainer - [K3S] [INFO] Proxy done" err="context canceled" url="wss://127.0.0.1:6443/v1-k3s/connect
2025-01-29 13:18:56,229 INFO c.h.h.t.HelmChartContainer - [K3S] [INFO] error in remotedialer server [400]: websocket: close 1006 (abnormal closure): unexpected EOF
2025-01-29 13:18:56,230 INFO c.h.h.t.HelmChartContainer - [K3S] [INFO] Handling backend connection request [4b5e7665a766]
2025-01-29 13:18:56,231 INFO c.h.h.t.HelmChartContainer - [K3S] [INFO] Remotedialer connected to proxy" url="wss://172.18.0.2:6443/v1-k3s/connect
2025-01-29 13:18:56,324 INFO c.h.h.t.HelmChartContainer - [K3S] [handler_proxy.go:99] no RequestInfo found in the context
2025-01-29 13:18:56,324 INFO c.h.h.t.HelmChartContainer - [K3S] [controller.go:146] "Unhandled Error" err=<
2025-01-29 13:18:56,324 INFO c.h.h.t.HelmChartContainer - [K3S] 	, Header: map[Content-Type:[text/plain; charset=utf-8] X-Content-Type-Options:[nosniff]]
2025-01-29 13:18:56,324 INFO c.h.h.t.HelmChartContainer - [K3S]  >
2025-01-29 13:18:56,325 INFO c.h.h.t.HelmChartContainer - [K3S] [handler_proxy.go:143] error resolving kube-system/metrics-server: no endpoints available for service "metrics-server"
2025-01-29 13:18:56,430 INFO c.h.h.t.HelmChartContainer - [K3S] [serving.go:392] Generated self-signed cert in-memory
2025-01-29 13:18:56,588 INFO c.h.h.t.HelmChartContainer - [K3S] [range_allocator.go:247] "Successfully synced" key="4b5e7665a766"
2025-01-29 13:18:56,742 INFO c.h.h.t.HelmChartContainer - [K3S] [server.go:164] "Starting Kubernetes Scheduler" version="v1.32.1+k3s1"
2025-01-29 13:18:56,742 INFO c.h.h.t.HelmChartContainer - [K3S] [server.go:166] "Golang settings" GOGC="" GOMAXPROCS="" GOTRACEBACK=""
2025-01-29 13:18:56,747 INFO c.h.h.t.HelmChartContainer - [K3S] [requestheader_controller.go:180] Starting RequestHeaderAuthRequestController
2025-01-29 13:18:56,747 INFO c.h.h.t.HelmChartContainer - [K3S] [configmap_cafile_content.go:205] "Starting controller" name="client-ca::kube-system::extension-apiserver-authentication::client-ca-file"
2025-01-29 13:18:56,747 INFO c.h.h.t.HelmChartContainer - [K3S] [secure_serving.go:213] Serving securely on 127.0.0.1:10259
2025-01-29 13:18:56,747 INFO c.h.h.t.HelmChartContainer - [K3S] [configmap_cafile_content.go:205] "Starting controller" name="client-ca::kube-system::extension-apiserver-authentication::requestheader-client-ca-file"
2025-01-29 13:18:56,747 INFO c.h.h.t.HelmChartContainer - [K3S] [tlsconfig.go:243] "Starting DynamicServingCertificateController"
2025-01-29 13:18:56,828 INFO c.h.h.t.HelmChartContainer - [K3S] [replica_set.go:679] "Finished syncing" kind="ReplicaSet" key="kube-system/local-path-provisioner-698b58967b" duration="304.069979ms"
2025-01-29 13:18:56,831 INFO c.h.h.t.HelmChartContainer - [K3S] [replica_set.go:679] "Finished syncing" kind="ReplicaSet" key="kube-system/metrics-server-8584b5786c" duration="301.979919ms"
2025-01-29 13:18:56,834 INFO c.h.h.t.HelmChartContainer - [K3S] [replica_set.go:679] "Finished syncing" kind="ReplicaSet" key="kube-system/local-path-provisioner-698b58967b" duration="6.536369ms"
2025-01-29 13:18:56,838 INFO c.h.h.t.HelmChartContainer - [K3S] [replica_set.go:679] "Finished syncing" kind="ReplicaSet" key="kube-system/coredns-ff8999cc5" duration="305.594901ms"
2025-01-29 13:18:56,838 INFO c.h.h.t.HelmChartContainer - [K3S] [replica_set.go:679] "Finished syncing" kind="ReplicaSet" key="kube-system/local-path-provisioner-698b58967b" duration="54.011µs"
2025-01-29 13:18:56,844 INFO c.h.h.t.HelmChartContainer - [K3S] [replica_set.go:679] "Finished syncing" kind="ReplicaSet" key="kube-system/metrics-server-8584b5786c" duration="13.2255ms"
2025-01-29 13:18:56,855 INFO c.h.h.t.HelmChartContainer - [K3S] [replica_set.go:679] "Finished syncing" kind="ReplicaSet" key="kube-system/coredns-ff8999cc5" duration="20.283414ms"
2025-01-29 13:18:56,855 INFO c.h.h.t.HelmChartContainer - [K3S] [replica_set.go:679] "Finished syncing" kind="ReplicaSet" key="kube-system/coredns-ff8999cc5" duration="191.207µs"
2025-01-29 13:18:56,857 INFO c.h.h.t.HelmChartContainer - [K3S] [replica_set.go:679] "Finished syncing" kind="ReplicaSet" key="kube-system/coredns-ff8999cc5" duration="39.554µs"
2025-01-29 13:18:56,871 INFO c.h.h.t.HelmChartContainer - [K3S] [replica_set.go:679] "Finished syncing" kind="ReplicaSet" key="kube-system/metrics-server-8584b5786c" duration="23.843102ms"
2025-01-29 13:18:56,871 INFO c.h.h.t.HelmChartContainer - [K3S] [replica_set.go:679] "Finished syncing" kind="ReplicaSet" key="kube-system/metrics-server-8584b5786c" duration="51.005µs"
2025-01-29 13:18:56,871 INFO c.h.h.t.HelmChartContainer - [K3S] [replica_set.go:679] "Finished syncing" kind="ReplicaSet" key="kube-system/local-path-provisioner-698b58967b" duration="24.285µs"
2025-01-29 13:18:56,873 INFO c.h.h.t.HelmChartContainer - [K3S] [replica_set.go:679] "Finished syncing" kind="ReplicaSet" key="kube-system/metrics-server-8584b5786c" duration="31.85µs"
2025-01-29 13:18:56,893 INFO c.h.h.t.HelmChartContainer - [K3S] [replica_set.go:679] "Finished syncing" kind="ReplicaSet" key="kube-system/coredns-ff8999cc5" duration="48.069µs"
2025-01-29 13:18:56,899 INFO c.h.h.t.HelmChartContainer - [K3S] [replica_set.go:679] "Finished syncing" kind="ReplicaSet" key="kube-system/metrics-server-8584b5786c" duration="33.512µs"
2025-01-29 13:18:56,905 INFO c.h.h.t.HelmChartContainer - [K3S] [replica_set.go:679] "Finished syncing" kind="ReplicaSet" key="kube-system/local-path-provisioner-698b58967b" duration="30.737µs"
2025-01-29 13:18:56,979 INFO c.h.h.t.HelmChartContainer - [K3S] [kube.go:146] Node controller sync successful
2025-01-29 13:18:56,980 INFO c.h.h.t.HelmChartContainer - [K3S] [vxlan.go:141] VXLAN config: VNI=1 Port=0 GBP=false Learning=false DirectRouting=false
2025-01-29 13:18:56,982 INFO c.h.h.t.HelmChartContainer - [K3S] [kube.go:636] List of node(4b5e7665a766) annotations: map[string]string{"alpha.kubernetes.io/provided-node-ip":"172.18.0.2", "k3s.io/hostname":"4b5e7665a766", "k3s.io/internal-ip":"172.18.0.2", "k3s.io/node-args":"[\"server\",\"--etcd-arg\",\"unsafe-no-fsync\",\"--etcd-arg\",\"snapshot-count=10000\",\"--etcd-arg\",\"auto-compaction-mode=revision\",\"--etcd-arg\",\"auto-compaction-retention=1000000\",\"--kube-apiserver-arg\",\"etcd-compaction-interval=0s\",\"--disable\",\"traefik\",\"--tls-san\",\"localhost\"]", "k3s.io/node-config-hash":"2QNNT5M5XUBFOLO5XPGEVGOM5UDLHHTIVMSRUPAUHE5DU3HUYQUQ====", "k3s.io/node-env":"{}", "node.alpha.kubernetes.io/ttl":"0", "volumes.kubernetes.io/controller-managed-attach-detach":"true"}
2025-01-29 13:18:56,985 INFO c.h.h.t.HelmChartContainer - [K3S] [reconciler_common.go:251] "operationExecutor.VerifyControllerAttachedVolume started for volume \"tmp-dir\" (UniqueName: \"kubernetes.io/empty-dir/c25b310a-cbdd-4dc4-9ef7-87548d6f0fd9-tmp-dir\") pod \"metrics-server-8584b5786c-7p5p5\" (UID: \"c25b310a-cbdd-4dc4-9ef7-87548d6f0fd9\") " pod="kube-system/metrics-server-8584b5786c-7p5p5"
2025-01-29 13:18:56,985 INFO c.h.h.t.HelmChartContainer - [K3S] [reconciler_common.go:251] "operationExecutor.VerifyControllerAttachedVolume started for volume \"kube-api-access-cdnr4\" (UniqueName: \"kubernetes.io/projected/c25b310a-cbdd-4dc4-9ef7-87548d6f0fd9-kube-api-access-cdnr4\") pod \"metrics-server-8584b5786c-7p5p5\" (UID: \"c25b310a-cbdd-4dc4-9ef7-87548d6f0fd9\") " pod="kube-system/metrics-server-8584b5786c-7p5p5"
2025-01-29 13:18:56,985 INFO c.h.h.t.HelmChartContainer - [K3S] [reconciler_common.go:251] "operationExecutor.VerifyControllerAttachedVolume started for volume \"config-volume\" (UniqueName: \"kubernetes.io/configmap/50d4804e-ade0-416d-81ae-1b963fb75f74-config-volume\") pod \"coredns-ff8999cc5-2rvwc\" (UID: \"50d4804e-ade0-416d-81ae-1b963fb75f74\") " pod="kube-system/coredns-ff8999cc5-2rvwc"
2025-01-29 13:18:56,986 INFO c.h.h.t.HelmChartContainer - [K3S] [reconciler_common.go:251] "operationExecutor.VerifyControllerAttachedVolume started for volume \"custom-config-volume\" (UniqueName: \"kubernetes.io/configmap/50d4804e-ade0-416d-81ae-1b963fb75f74-custom-config-volume\") pod \"coredns-ff8999cc5-2rvwc\" (UID: \"50d4804e-ade0-416d-81ae-1b963fb75f74\") " pod="kube-system/coredns-ff8999cc5-2rvwc"
2025-01-29 13:18:56,986 INFO c.h.h.t.HelmChartContainer - [K3S] [reconciler_common.go:251] "operationExecutor.VerifyControllerAttachedVolume started for volume \"kube-api-access-4crf2\" (UniqueName: \"kubernetes.io/projected/50d4804e-ade0-416d-81ae-1b963fb75f74-kube-api-access-4crf2\") pod \"coredns-ff8999cc5-2rvwc\" (UID: \"50d4804e-ade0-416d-81ae-1b963fb75f74\") " pod="kube-system/coredns-ff8999cc5-2rvwc"
2025-01-29 13:18:56,986 INFO c.h.h.t.HelmChartContainer - [K3S] [reconciler_common.go:251] "operationExecutor.VerifyControllerAttachedVolume started for volume \"config-volume\" (UniqueName: \"kubernetes.io/configmap/9182c26b-bac5-44fb-9a44-24bb3815709a-config-volume\") pod \"local-path-provisioner-698b58967b-kn265\" (UID: \"9182c26b-bac5-44fb-9a44-24bb3815709a\") " pod="kube-system/local-path-provisioner-698b58967b-kn265"
2025-01-29 13:18:56,986 INFO c.h.h.t.HelmChartContainer - [K3S] [reconciler_common.go:251] "operationExecutor.VerifyControllerAttachedVolume started for volume \"kube-api-access-g9jdq\" (UniqueName: \"kubernetes.io/projected/9182c26b-bac5-44fb-9a44-24bb3815709a-kube-api-access-g9jdq\") pod \"local-path-provisioner-698b58967b-kn265\" (UID: \"9182c26b-bac5-44fb-9a44-24bb3815709a\") " pod="kube-system/local-path-provisioner-698b58967b-kn265"
2025-01-29 13:18:56,987 INFO c.h.h.t.HelmChartContainer - [K3S] [range_allocator.go:247] "Successfully synced" key="4b5e7665a766"
2025-01-29 13:18:56,988 INFO c.h.h.t.HelmChartContainer - [K3S] [kube.go:490] Creating the node lease for IPv4. This is the n.Spec.PodCIDRs: [10.42.0.0/24]
2025-01-29 13:18:56,990 INFO c.h.h.t.HelmChartContainer - [K3S] [iptables.go:51] Starting flannel in iptables mode...
2025-01-29 13:18:56,990 INFO c.h.h.t.HelmChartContainer - [K3S] [WARNING] no subnet found for key: FLANNEL_NETWORK in file: /run/flannel/subnet.env
2025-01-29 13:18:56,990 INFO c.h.h.t.HelmChartContainer - [K3S] [WARNING] no subnet found for key: FLANNEL_SUBNET in file: /run/flannel/subnet.env
2025-01-29 13:18:56,990 INFO c.h.h.t.HelmChartContainer - [K3S] [WARNING] no subnet found for key: FLANNEL_IPV6_NETWORK in file: /run/flannel/subnet.env
2025-01-29 13:18:56,990 INFO c.h.h.t.HelmChartContainer - [K3S] [WARNING] no subnet found for key: FLANNEL_IPV6_SUBNET in file: /run/flannel/subnet.env
2025-01-29 13:18:56,990 INFO c.h.h.t.HelmChartContainer - [K3S] [iptables.go:115] Current network or subnet (10.42.0.0/16, 10.42.0.0/24) is not equal to previous one (0.0.0.0/0, 0.0.0.0/0), trying to recycle old iptables rules
2025-01-29 13:18:56,999 INFO c.h.h.t.HelmChartContainer - [K3S] [iptables.go:125] Setting up masking rules
2025-01-29 13:18:57,001 INFO c.h.h.t.HelmChartContainer - [K3S] [iptables.go:226] Changing default FORWARD chain policy to ACCEPT
2025-01-29 13:18:57,003 INFO c.h.h.t.HelmChartContainer - [K3S] [INFO] Wrote flannel subnet file to /run/flannel/subnet.env
2025-01-29 13:18:57,003 INFO c.h.h.t.HelmChartContainer - [K3S] [INFO] Running flannel backend.
2025-01-29 13:18:57,003 INFO c.h.h.t.HelmChartContainer - [K3S] [vxlan_network.go:65] watching for new subnet leases
2025-01-29 13:18:57,012 INFO c.h.h.t.HelmChartContainer - [K3S] [iptables.go:372] bootstrap done
2025-01-29 13:18:57,018 INFO c.h.h.t.HelmChartContainer - [K3S] [iptables.go:372] bootstrap done
2025-01-29 13:18:57,325 INFO c.h.h.t.HelmChartContainer - [K3S] [handler_proxy.go:99] no RequestInfo found in the context
2025-01-29 13:18:57,326 INFO c.h.h.t.HelmChartContainer - [K3S] [handler_proxy.go:99] no RequestInfo found in the context
2025-01-29 13:18:57,326 INFO c.h.h.t.HelmChartContainer - [K3S] [controller.go:102] "Unhandled Error" err=<
2025-01-29 13:18:57,326 INFO c.h.h.t.HelmChartContainer - [K3S] 	, Header: map[Content-Type:[text/plain; charset=utf-8] X-Content-Type-Options:[nosniff]]
2025-01-29 13:18:57,326 INFO c.h.h.t.HelmChartContainer - [K3S]  >
2025-01-29 13:18:58,096 INFO c.h.h.t.HelmChartContainer - [K3S] [INFO] Starting network policy controller version v2.2.1, built on 2025-01-28T18:27:08Z, go1.23.4
2025-01-29 13:18:58,096 INFO c.h.h.t.HelmChartContainer - [K3S] [network_policy_controller.go:164] Starting network policy controller
2025-01-29 13:18:58,130 INFO c.h.h.t.HelmChartContainer - [K3S] [network_policy_controller.go:176] Starting network policy controller full sync goroutine
2025-01-29 13:19:00,334 INFO c.h.h.t.HelmChartContainer - [K3S] [replica_set.go:679] "Finished syncing" kind="ReplicaSet" key="kube-system/local-path-provisioner-698b58967b" duration="7.52029ms"
2025-01-29 13:19:00,337 INFO c.h.h.t.HelmChartContainer - [K3S] [replica_set.go:679] "Finished syncing" kind="ReplicaSet" key="kube-system/local-path-provisioner-698b58967b" duration="2.845787ms"
2025-01-29 13:19:00,346 INFO c.h.h.t.HelmChartContainer - [K3S] [replica_set.go:679] "Finished syncing" kind="ReplicaSet" key="kube-system/coredns-ff8999cc5" duration="8.266204ms"
2025-01-29 13:19:00,347 INFO c.h.h.t.HelmChartContainer - [K3S] [replica_set.go:679] "Finished syncing" kind="ReplicaSet" key="kube-system/coredns-ff8999cc5" duration="34.905µs"
2025-01-29 13:19:00,359 INFO c.h.h.t.HelmChartContainer - [K3S] [replica_set.go:679] "Finished syncing" kind="ReplicaSet" key="kube-system/metrics-server-8584b5786c" duration="43.801µs"
2025-01-29 13:19:00,540 INFO c.h.h.t.HelmChartContainer - [K3S] [kuberuntime_manager.go:1702] "Updating runtime config through cri with podcidr" CIDR="10.42.0.0/24"
2025-01-29 13:19:00,540 INFO c.h.h.t.HelmChartContainer - [K3S] [kubelet_network.go:61] "Updating Pod CIDR" originalPodCIDR="" newPodCIDR="10.42.0.0/24"
2025-01-29 13:19:00,547 INFO c.h.h.t.HelmChartContainer - [K3S] [range_allocator.go:247] "Successfully synced" key="4b5e7665a766"
2025-01-29 13:19:00,838 DEBUG c.h.h.t.HelmChartContainer - Image file loaded 'hivemq-platform-operator.tar'
2025-01-29 13:19:01,308 DEBUG c.h.h.t.HelmChartContainer - Image file loaded 'hivemq-platform-operator-init.tar'
2025-01-29 13:19:07,366 DEBUG c.h.h.t.HelmChartContainer - Image file loaded 'hivemq-platform.tar'
2025-01-29 13:19:07,366 DEBUG c.h.h.t.HelmChartContainer - Successful Helm chart Container startup
2025-01-29 13:19:07,375 INFO t.localhost/testcontainers/hagrudbrpgbjvxgs:latest - Container localhost/testcontainers/hagrudbrpgbjvxgs:latest started in PT21.353850492S
2025-01-29 13:19:07,388 DEBUG c.h.h.t.HelmChartContainer - Executing helm command: /bin/helm --kubeconfig /etc/rancher/k3s/k3s.yaml repo add hivemq https://hivemq.github.io/helm-charts
2025-01-29 13:19:08,771 INFO c.h.h.t.HelmChartContainer - [EVENT] Normal [Starting] Starting kubelet. [null:4b5e7665a766]
2025-01-29 13:19:08,772 INFO c.h.h.t.HelmChartContainer - [EVENT] Warning [InvalidDiskCapacity] invalid capacity 0 on image filesystem [null:4b5e7665a766]
2025-01-29 13:19:08,773 INFO c.h.h.t.HelmChartContainer - [EVENT] Normal [NodeHasSufficientMemory] Node 4b5e7665a766 status is now: NodeHasSufficientMemory [null:4b5e7665a766]
2025-01-29 13:19:08,774 INFO c.h.h.t.HelmChartContainer - [EVENT] Normal [NodeHasNoDiskPressure] Node 4b5e7665a766 status is now: NodeHasNoDiskPressure [null:4b5e7665a766]
2025-01-29 13:19:08,775 INFO c.h.h.t.HelmChartContainer - [EVENT] Normal [NodeHasSufficientPID] Node 4b5e7665a766 status is now: NodeHasSufficientPID [null:4b5e7665a766]
2025-01-29 13:19:08,776 INFO c.h.h.t.HelmChartContainer - [EVENT] Normal [NodeAllocatableEnforced] Updated Node Allocatable limit across pods [null:4b5e7665a766]
2025-01-29 13:19:08,778 INFO c.h.h.t.HelmChartContainer - [EVENT] Normal [NodeReady] Node 4b5e7665a766 status is now: NodeReady [null:4b5e7665a766]
2025-01-29 13:19:08,778 INFO c.h.h.t.HelmChartContainer - Saved kubeconfig file on /tmp/kubeconfig-9759632315314121771.yaml
2025-01-29 13:19:08,779 INFO c.h.h.t.HelmChartContainer - HelmChartContainer is started
2025-01-29 13:19:08,778 INFO c.h.h.t.HelmChartContainer - [EVENT] Normal [NodePasswordValidationComplete] Deferred node password secret validation complete [null:4b5e7665a766]
2025-01-29 13:19:08,783 INFO c.h.h.t.HelmChartContainer - [EVENT] Normal [RegisteredNode] Node 4b5e7665a766 event: Registered Node 4b5e7665a766 in Controller [null:4b5e7665a766]
2025-01-29 13:19:08,784 INFO c.h.h.t.HelmChartContainer - [EVENT] Normal [Synced] Node synced successfully [null:4b5e7665a766]
]]></system-out>
  <system-err><![CDATA[]]></system-err>
</testsuite>
