<?xml version="1.0" encoding="UTF-8"?>
<testsuite name="com.hivemq.helmcharts.platform.UpdateLogLevelIT" tests="2" skipped="0" failures="0" errors="0" timestamp="2025-02-20T07:19:12" hostname="fv-az1937-158" time="310.281">
  <properties/>
  <testcase name="1 withNamespaces: true" classname="com.hivemq.helmcharts.platform.UpdateLogLevelIT" time="148.059"/>
  <testcase name="2 withNamespaces: false" classname="com.hivemq.helmcharts.platform.UpdateLogLevelIT" time="162.221"/>
</testsuite>
