<?xml version="1.0" encoding="UTF-8"?>
<testsuite name="com.hivemq.helmcharts.extensions.HelmBridgeExtensionIT" tests="2" skipped="0" failures="0" errors="0" timestamp="2025-01-29T13:37:53" hostname="fv-az1336-213" time="224.716">
  <properties/>
  <testcase name="withBridgeConfiguration_messageBridged()" classname="com.hivemq.helmcharts.extensions.HelmBridgeExtensionIT" time="113.932">
    <system-out><![CDATA[2025-01-29 13:37:53,789 INFO tc.hivemq/hivemq4:4.36.0 - Creating container for image: hivemq/hivemq4:4.36.0
2025-01-29 13:37:54,298 INFO c.h.h.t.HelmChartContainer - [POD] coredns-ff8999cc5-ltbhj [13ef13bb-76fd-4880-b9aa-b65877731dc0] in kube-system was ADDED
2025-01-29 13:37:54,298 INFO c.h.h.t.HelmChartContainer - [POD] local-path-provisioner-698b58967b-7r7tq [d0ef9820-b6ef-48aa-9229-46bf03885af5] in kube-system was ADDED
2025-01-29 13:37:54,299 INFO c.h.h.t.HelmChartContainer - [POD] metrics-server-8584b5786c-fbsz2 [00b459dd-464c-4082-b288-2fc8034a836c] in kube-system was ADDED
2025-01-29 13:37:56,046 INFO tc.hivemq/hivemq4:4.36.0 - Container hivemq/hivemq4:4.36.0 is starting: edfd0ed1bf646ddb54dccd356db2c6a7eac065f342b20c31f48823c53f97ecfc
2025-01-29 13:38:02,247 INFO c.h.h.t.HelmChartContainer - [POD] metrics-server-8584b5786c-fbsz2 [00b459dd-464c-4082-b288-2fc8034a836c] in kube-system was MODIFIED
2025-01-29 13:38:02,259 INFO c.h.h.t.HelmChartContainer - [K3S] [replica_set.go:679] "Finished syncing" kind="ReplicaSet" key="kube-system/metrics-server-8584b5786c" duration="14.167038ms"
2025-01-29 13:38:02,259 INFO c.h.h.t.HelmChartContainer - [K3S] [replica_set.go:679] "Finished syncing" kind="ReplicaSet" key="kube-system/metrics-server-8584b5786c" duration="46.356µs"
2025-01-29 13:38:04,628 INFO tc.hivemq/hivemq4:4.36.0 - Container hivemq/hivemq4:4.36.0 started in PT10.838649931S
2025-01-29 13:38:04,629 INFO c.h.h.t.HelmChartContainer - Creating namespace 'helmbridgeextensionit-operator'...
2025-01-29 13:38:04,704 INFO c.h.h.t.HelmChartContainer - Namespace 'helmbridgeextensionit-operator' created
2025-01-29 13:38:04,704 INFO c.h.h.t.HelmChartContainer - Creating namespace 'helmbridgeextensionit'...
2025-01-29 13:38:04,795 INFO c.h.h.t.HelmChartContainer - Namespace 'helmbridgeextensionit' created
2025-01-29 13:38:04,865 DEBUG c.h.h.t.HelmChartContainer - Executing helm command: /bin/helm --kubeconfig /etc/rancher/k3s/k3s.yaml install test-hivemq-platform-operator /charts/hivemq-platform-operator --wait --timeout 5m0s --set image.repository=docker.io/hivemq --set image.name=hivemq-platform-operator-test --set image.initImageName=hivemq-platform-operator-init-test --set image.tag=snapshot --set image.pullPolicy=Never --set logLevel=DEBUG --set resources.cpu=512m --namespace helmbridgeextensionit-operator
2025-01-29 13:38:06,001 INFO c.h.h.t.HelmChartContainer - [K3S] [range_allocator.go:247] "Successfully synced" key="2553df930ab9"
2025-01-29 13:38:07,216 INFO c.h.h.t.HelmChartContainer - [K3S] [alloc.go:330] "allocated clusterIPs" service="helmbridgeextensionit-operator/hivemq-platform-operator-test-hivemq-platform-operator" clusterIPs={"IPv4":"10.43.247.136"}
2025-01-29 13:38:07,232 INFO c.h.h.t.HelmChartContainer - [EVENT] Normal [ScalingReplicaSet] Scaled up replica set hivemq-test-hivemq-platform-operator-6966f96d65 from 0 to 1 [helmbridgeextensionit-operator:hivemq-test-hivemq-platform-operator]
2025-01-29 13:38:07,253 INFO c.h.h.t.HelmChartContainer - [POD] hivemq-test-hivemq-platform-operator-6966f96d65-bn7pc [9a9008c9-0ae7-4746-96bd-30c893433a7f] in helmbridgeextensionit-operator was ADDED
2025-01-29 13:38:07,275 INFO c.h.h.t.HelmChartContainer - [POD] hivemq-test-hivemq-platform-operator-6966f96d65-bn7pc [9a9008c9-0ae7-4746-96bd-30c893433a7f] in helmbridgeextensionit-operator was MODIFIED
2025-01-29 13:38:07,276 INFO c.h.h.t.HelmChartContainer - [K3S] [replica_set.go:679] "Finished syncing" kind="ReplicaSet" key="helmbridgeextensionit-operator/hivemq-test-hivemq-platform-operator-6966f96d65" duration="47.977024ms"
2025-01-29 13:38:07,276 INFO c.h.h.t.HelmChartContainer - [EVENT] Normal [SuccessfulCreate] Created pod: hivemq-test-hivemq-platform-operator-6966f96d65-bn7pc [helmbridgeextensionit-operator:hivemq-test-hivemq-platform-operator-6966f96d65]
2025-01-29 13:38:07,291 INFO c.h.h.t.HelmChartContainer - [EVENT] Normal [Scheduled] Successfully assigned helmbridgeextensionit-operator/hivemq-test-hivemq-platform-operator-6966f96d65-bn7pc to 2553df930ab9 [helmbridgeextensionit-operator:hivemq-test-hivemq-platform-operator-6966f96d65-bn7pc]
2025-01-29 13:38:07,305 INFO c.h.h.t.HelmChartContainer - [K3S] [replica_set.go:679] "Finished syncing" kind="ReplicaSet" key="helmbridgeextensionit-operator/hivemq-test-hivemq-platform-operator-6966f96d65" duration="28.43893ms"
2025-01-29 13:38:07,310 INFO c.h.h.t.HelmChartContainer - [POD] hivemq-test-hivemq-platform-operator-6966f96d65-bn7pc [9a9008c9-0ae7-4746-96bd-30c893433a7f] in helmbridgeextensionit-operator was MODIFIED
2025-01-29 13:38:07,321 INFO c.h.h.t.HelmChartContainer - [K3S] [replica_set.go:679] "Finished syncing" kind="ReplicaSet" key="helmbridgeextensionit-operator/hivemq-test-hivemq-platform-operator-6966f96d65" duration="16.671794ms"
2025-01-29 13:38:07,321 INFO c.h.h.t.HelmChartContainer - [K3S] [replica_set.go:679] "Finished syncing" kind="ReplicaSet" key="helmbridgeextensionit-operator/hivemq-test-hivemq-platform-operator-6966f96d65" duration="509.381µs"
2025-01-29 13:38:07,400 INFO c.h.h.t.HelmChartContainer - [K3S] [reconciler_common.go:251] "operationExecutor.VerifyControllerAttachedVolume started for volume \"kube-api-access-9ppqx\" (UniqueName: \"kubernetes.io/projected/9a9008c9-0ae7-4746-96bd-30c893433a7f-kube-api-access-9ppqx\") pod \"hivemq-test-hivemq-platform-operator-6966f96d65-bn7pc\" (UID: \"9a9008c9-0ae7-4746-96bd-30c893433a7f\") " pod="helmbridgeextensionit-operator/hivemq-test-hivemq-platform-operator-6966f96d65-bn7pc"
2025-01-29 13:38:07,676 INFO c.h.h.t.HelmChartContainer - [EVENT] Normal [Pulled] Container image "docker.io/hivemq/hivemq-platform-operator-test:snapshot" already present on machine [helmbridgeextensionit-operator:hivemq-test-hivemq-platform-operator-6966f96d65-bn7pc]
2025-01-29 13:38:07,677 INFO c.h.h.t.HelmChartContainer - Received Pulled event for container hivemq-platform-operator in pod hivemq-test-hivemq-platform-operator-6966f96d65-bn7pc [9a9008c9-0ae7-4746-96bd-30c893433a7f]
2025-01-29 13:38:07,684 INFO c.h.h.t.HelmChartContainer - [EVENT] Normal [Created] Created container: hivemq-platform-operator [helmbridgeextensionit-operator:hivemq-test-hivemq-platform-operator-6966f96d65-bn7pc]
2025-01-29 13:38:07,684 INFO c.h.h.t.HelmChartContainer - Received Created event for container hivemq-platform-operator in pod hivemq-test-hivemq-platform-operator-6966f96d65-bn7pc [9a9008c9-0ae7-4746-96bd-30c893433a7f]
2025-01-29 13:38:08,293 INFO c.h.h.t.HelmChartContainer - [K3S] [replica_set.go:679] "Finished syncing" kind="ReplicaSet" key="helmbridgeextensionit-operator/hivemq-test-hivemq-platform-operator-6966f96d65" duration="39.674µs"
2025-01-29 13:38:08,299 INFO c.h.h.t.HelmChartContainer - [POD] hivemq-test-hivemq-platform-operator-6966f96d65-bn7pc [9a9008c9-0ae7-4746-96bd-30c893433a7f] in helmbridgeextensionit-operator was MODIFIED
2025-01-29 13:38:08,340 INFO c.h.h.t.HelmChartContainer - Started log watcher for hivemq-platform-operator in pod hivemq-test-hivemq-platform-operator-6966f96d65-bn7pc [9a9008c9-0ae7-4746-96bd-30c893433a7f]
2025-01-29 13:38:08,340 INFO c.h.h.t.HelmChartContainer - [EVENT] Normal [Started] Started container hivemq-platform-operator [helmbridgeextensionit-operator:hivemq-test-hivemq-platform-operator-6966f96d65-bn7pc]
2025-01-29 13:38:08,341 INFO c.h.h.t.HelmChartContainer - Received Started event for container hivemq-platform-operator in pod hivemq-test-hivemq-platform-operator-6966f96d65-bn7pc [9a9008c9-0ae7-4746-96bd-30c893433a7f]
2025-01-29 13:38:08,343 INFO c.h.h.t.HelmChartContainer - [hivemq-test-hivemq-platform] [hivemq-platform-operator] [9a9008c9] -------------------------------------------------------------------------
2025-01-29 13:38:08,343 INFO c.h.h.t.HelmChartContainer - [hivemq-test-hivemq-platform] [hivemq-platform-operator] [9a9008c9] 
2025-01-29 13:38:08,343 INFO c.h.h.t.HelmChartContainer - [hivemq-test-hivemq-platform] [hivemq-platform-operator] [9a9008c9]                   _    _  _              __  __   ____
2025-01-29 13:38:08,343 INFO c.h.h.t.HelmChartContainer - [hivemq-test-hivemq-platform] [hivemq-platform-operator] [9a9008c9]                  | |  | |(_)            |  \/  | / __ \
2025-01-29 13:38:08,343 INFO c.h.h.t.HelmChartContainer - [hivemq-test-hivemq-platform] [hivemq-platform-operator] [9a9008c9]                  | |__| | _ __   __ ___ | \  / || |  | |
2025-01-29 13:38:08,343 INFO c.h.h.t.HelmChartContainer - [hivemq-test-hivemq-platform] [hivemq-platform-operator] [9a9008c9]                  |  __  || |\ \ / // _ \| |\/| || |  | |
2025-01-29 13:38:08,343 INFO c.h.h.t.HelmChartContainer - [hivemq-test-hivemq-platform] [hivemq-platform-operator] [9a9008c9]                  | |  | || | \ V /|  __/| |  | || |__| |
2025-01-29 13:38:08,343 INFO c.h.h.t.HelmChartContainer - [hivemq-test-hivemq-platform] [hivemq-platform-operator] [9a9008c9]                  |_|  |_||_|  \_/  \___||_|  |_| \___\_\
2025-01-29 13:38:08,343 INFO c.h.h.t.HelmChartContainer - [hivemq-test-hivemq-platform] [hivemq-platform-operator] [9a9008c9] 
2025-01-29 13:38:08,343 INFO c.h.h.t.HelmChartContainer - [hivemq-test-hivemq-platform] [hivemq-platform-operator] [9a9008c9] -------------------------------------------------------------------------
2025-01-29 13:38:08,343 INFO c.h.h.t.HelmChartContainer - [hivemq-test-hivemq-platform] [hivemq-platform-operator] [9a9008c9] 
2025-01-29 13:38:08,343 INFO c.h.h.t.HelmChartContainer - [hivemq-test-hivemq-platform] [hivemq-platform-operator] [9a9008c9]   HiveMQ Platform Operator Start Script v1.0
2025-01-29 13:38:08,343 INFO c.h.h.t.HelmChartContainer - [hivemq-test-hivemq-platform] [hivemq-platform-operator] [9a9008c9] 
2025-01-29 13:38:08,343 INFO c.h.h.t.HelmChartContainer - [hivemq-test-hivemq-platform] [hivemq-platform-operator] [9a9008c9] -------------------------------------------------------------------------
2025-01-29 13:38:08,343 INFO c.h.h.t.HelmChartContainer - [hivemq-test-hivemq-platform] [hivemq-platform-operator] [9a9008c9] 
2025-01-29 13:38:08,343 INFO c.h.h.t.HelmChartContainer - [hivemq-test-hivemq-platform] [hivemq-platform-operator] [9a9008c9]   JAVA_OPTS: -XX:+UnlockExperimentalVMOptions -XX:InitialRAMPercentage=75 -XX:MaxRAMPercentage=75 -Duser.language=en -Duser.region=US
2025-01-29 13:38:08,343 INFO c.h.h.t.HelmChartContainer - [hivemq-test-hivemq-platform] [hivemq-platform-operator] [9a9008c9] 
2025-01-29 13:38:08,343 INFO c.h.h.t.HelmChartContainer - [hivemq-test-hivemq-platform] [hivemq-platform-operator] [9a9008c9]   JAVA_VERSION: 21
2025-01-29 13:38:08,343 INFO c.h.h.t.HelmChartContainer - [hivemq-test-hivemq-platform] [hivemq-platform-operator] [9a9008c9] 
2025-01-29 13:38:08,343 INFO c.h.h.t.HelmChartContainer - [hivemq-test-hivemq-platform] [hivemq-platform-operator] [9a9008c9] -------------------------------------------------------------------------
2025-01-29 13:38:08,343 INFO c.h.h.t.HelmChartContainer - [hivemq-test-hivemq-platform] [hivemq-platform-operator] [9a9008c9] 
2025-01-29 13:38:11,225 INFO c.h.h.t.HelmChartContainer - [hivemq-test-hivemq-platform] [hivemq-platform-operator] [9a9008c9] 13:38:11.222 [main] DEBUG org.jboss.logging - Logging Provider: org.jboss.logging.Slf4jLoggerProvider
2025-01-29 13:38:11,411 INFO c.h.h.t.HelmChartContainer - [hivemq-test-hivemq-platform] [hivemq-platform-operator] [9a9008c9] 13:38:11.410 [main] DEBUG io.smallrye.config - SRCFG01006: Loaded ConfigSource SysPropConfigSource with ordinal 400
2025-01-29 13:38:11,412 INFO c.h.h.t.HelmChartContainer - [hivemq-test-hivemq-platform] [hivemq-platform-operator] [9a9008c9] 13:38:11.410 [main] DEBUG io.smallrye.config - SRCFG01006: Loaded ConfigSource EnvConfigSource with ordinal 300
2025-01-29 13:38:11,412 INFO c.h.h.t.HelmChartContainer - [hivemq-test-hivemq-platform] [hivemq-platform-operator] [9a9008c9] 13:38:11.410 [main] DEBUG io.smallrye.config - SRCFG01006: Loaded ConfigSource PropertiesConfigSource[source=jar:file:///opt/hivemq-platform-operator/bin/hivemq-platform-operator.jar!/hivemq-platform-operator.properties] with ordinal 100
2025-01-29 13:38:11,412 INFO c.h.h.t.HelmChartContainer - [hivemq-test-hivemq-platform] [hivemq-platform-operator] [9a9008c9] 13:38:11.410 [main] DEBUG io.smallrye.config - SRCFG01006: Loaded ConfigSource DefaultValuesConfigSource with ordinal -2147483648
2025-01-29 13:38:11,514 INFO c.h.h.t.HelmChartContainer - [hivemq-test-hivemq-platform] [hivemq-platform-operator] [9a9008c9] 13:38:11.512 [main] DEBUG i.m.c.u.i.l.InternalLoggerFactory - Using SLF4J as the default logging framework
2025-01-29 13:38:11,622 INFO c.h.h.t.HelmChartContainer - [hivemq-test-hivemq-platform] [hivemq-platform-operator] [9a9008c9] 13:38:11.615 [main] INFO  c.h.p.o.HiveMQPlatformOperatorApplication - HiveMQ Platform Operator 1.7.0-SNAPSHOT (commit: bebf408 on branch: HEAD) built on Sun Jan 26 20:47:47 UTC 2025
2025-01-29 13:38:11,624 INFO c.h.h.t.HelmChartContainer - [hivemq-test-hivemq-platform] [hivemq-platform-operator] [9a9008c9] 13:38:11.622 [main] INFO  c.h.p.o.HiveMQPlatformOperatorApplication - HiveMQ Platform Operator is running in namespace: helmbridgeextensionit-operator
2025-01-29 13:38:11,625 INFO c.h.h.t.HelmChartContainer - [hivemq-test-hivemq-platform] [hivemq-platform-operator] [9a9008c9] 13:38:11.622 [main] INFO  c.h.p.o.HiveMQPlatformOperatorApplication - Watching all namespaces
2025-01-29 13:38:11,625 INFO c.h.h.t.HelmChartContainer - [hivemq-test-hivemq-platform] [hivemq-platform-operator] [9a9008c9] 13:38:11.622 [main] INFO  c.h.p.o.HiveMQPlatformOperatorApplication - Log level: DEBUG
2025-01-29 13:38:11,625 INFO c.h.h.t.HelmChartContainer - [hivemq-test-hivemq-platform] [hivemq-platform-operator] [9a9008c9] 13:38:11.622 [main] INFO  c.h.p.o.HiveMQPlatformOperatorApplication - Release name: test-hivemq-platform-operator
2025-01-29 13:38:11,625 INFO c.h.h.t.HelmChartContainer - [hivemq-test-hivemq-platform] [hivemq-platform-operator] [9a9008c9] 13:38:11.622 [main] INFO  c.h.p.o.HiveMQPlatformOperatorApplication - HiveMQ Platform Operator Init image: docker.io/hivemq/hivemq-platform-operator-init-test:snapshot
2025-01-29 13:38:11,625 INFO c.h.h.t.HelmChartContainer - [hivemq-test-hivemq-platform] [hivemq-platform-operator] [9a9008c9] 13:38:11.622 [main] INFO  c.h.p.o.HiveMQPlatformOperatorApplication - HiveMQ Platform Operator Init App update URL: http://hivemq-platform-operator-test-hivemq-platform-operator.helmbridgeextensionit-operator.svc:8080/initAppUpdate/hivemq-platform-operator-init-app-1.7.0-SNAPSHOT.jar
2025-01-29 13:38:11,625 INFO c.h.h.t.HelmChartContainer - [hivemq-test-hivemq-platform] [hivemq-platform-operator] [9a9008c9] 13:38:11.622 [main] INFO  c.h.p.o.HiveMQPlatformOperatorApplication - Additional imagePullSecret for all Platform deployments: none
2025-01-29 13:38:11,625 INFO c.h.h.t.HelmChartContainer - [hivemq-test-hivemq-platform] [hivemq-platform-operator] [9a9008c9] 13:38:11.623 [main] INFO  c.h.p.o.HiveMQPlatformOperatorApplication - Apply HiveMQ Platform CRD: true
2025-01-29 13:38:11,625 INFO c.h.h.t.HelmChartContainer - [hivemq-test-hivemq-platform] [hivemq-platform-operator] [9a9008c9] 13:38:11.623 [main] INFO  c.h.p.o.HiveMQPlatformOperatorApplication - Create Platform ServiceAccount: true
2025-01-29 13:38:11,625 INFO c.h.h.t.HelmChartContainer - [hivemq-test-hivemq-platform] [hivemq-platform-operator] [9a9008c9] 13:38:11.623 [main] INFO  c.h.p.o.HiveMQPlatformOperatorApplication - Create Platform ServiceAccount permissions: true
2025-01-29 13:38:11,625 INFO c.h.h.t.HelmChartContainer - [hivemq-test-hivemq-platform] [hivemq-platform-operator] [9a9008c9] 13:38:11.623 [main] INFO  c.h.p.o.HiveMQPlatformOperatorApplication - Validate Platform ServiceAccount: true
2025-01-29 13:38:11,625 INFO c.h.h.t.HelmChartContainer - [hivemq-test-hivemq-platform] [hivemq-platform-operator] [9a9008c9] 13:38:11.623 [main] INFO  c.h.p.o.HiveMQPlatformOperatorApplication - Validate Platform ServiceAccount permissions: true
2025-01-29 13:38:11,818 INFO c.h.h.t.HelmChartContainer - [hivemq-test-hivemq-platform] [hivemq-platform-operator] [9a9008c9] 13:38:11.817 [main] INFO  c.h.platform.operator.util.CRDUtil - Verifying deployed HiveMQ Platform CRD...
2025-01-29 13:38:14,319 INFO c.h.h.t.HelmChartContainer - [hivemq-test-hivemq-platform] [hivemq-platform-operator] [9a9008c9] 13:38:14.317 [main] DEBUG c.h.platform.operator.util.CRDUtil - HiveMQ Platform CRD version v1 is up to date
2025-01-29 13:38:14,319 INFO c.h.h.t.HelmChartContainer - [hivemq-test-hivemq-platform] [hivemq-platform-operator] [9a9008c9] 13:38:14.317 [main] INFO  c.h.platform.operator.util.CRDUtil - HiveMQ Platform CRD is up to date (version: V1_6_0)
2025-01-29 13:38:14,319 INFO c.h.h.t.HelmChartContainer - [hivemq-test-hivemq-platform] [hivemq-platform-operator] [9a9008c9] 13:38:14.317 [main] INFO  c.h.platform.operator.util.CRDUtil - Waiting 10000 ms for HiveMQ Platform CRD 'hivemq-platforms.hivemq.com' to become ready...
2025-01-29 13:38:14,615 INFO c.h.h.t.HelmChartContainer - [hivemq-test-hivemq-platform] [hivemq-platform-operator] [9a9008c9] 13:38:14.613 [vert.x-eventloop-thread-1] DEBUG c.h.platform.operator.util.CRDUtil - Checking CRD condition 'NamesAccepted' (status: 'True')
2025-01-29 13:38:14,615 INFO c.h.h.t.HelmChartContainer - [hivemq-test-hivemq-platform] [hivemq-platform-operator] [9a9008c9] 13:38:14.613 [vert.x-eventloop-thread-1] DEBUG c.h.platform.operator.util.CRDUtil - Checking CRD condition 'Established' (status: 'True')
2025-01-29 13:38:14,616 INFO c.h.h.t.HelmChartContainer - [hivemq-test-hivemq-platform] [hivemq-platform-operator] [9a9008c9] 13:38:14.614 [main] INFO  c.h.platform.operator.util.CRDUtil - HiveMQ Platform CRD 'hivemq-platforms.hivemq.com' is ready
2025-01-29 13:38:14,822 INFO c.h.h.t.HelmChartContainer - [hivemq-test-hivemq-platform] [hivemq-platform-operator] [9a9008c9] 13:38:14.820 [main] INFO  c.h.p.o.HiveMQPlatformReconciler - HiveMQ Platform Operator is starting...
2025-01-29 13:38:14,912 INFO c.h.h.t.HelmChartContainer - [hivemq-test-hivemq-platform] [hivemq-platform-operator] [9a9008c9] 13:38:14.910 [main] WARN  Default ConfigurationService implementation - Configuration for reconciler 'hivemq-controller' was not found. Known reconcilers: None.
2025-01-29 13:38:14,920 INFO c.h.h.t.HelmChartContainer - [hivemq-test-hivemq-platform] [hivemq-platform-operator] [9a9008c9] 13:38:14.919 [main] INFO  Default ConfigurationService implementation - Created configuration for reconciler com.hivemq.platform.operator.HiveMQPlatformReconciler with name hivemq-controller
2025-01-29 13:38:15,026 INFO c.h.h.t.HelmChartContainer - [hivemq-test-hivemq-platform] [hivemq-platform-operator] [9a9008c9] 13:38:15.025 [main] DEBUG c.h.p.o.HiveMQPlatformReconciler - HiveMQ Platform Operator is preparing EventSources
2025-01-29 13:38:15,115 INFO c.h.h.t.HelmChartContainer - [hivemq-test-hivemq-platform] [hivemq-platform-operator] [9a9008c9] 13:38:15.114 [main] INFO  i.javaoperatorsdk.operator.Operator - Registered reconciler: 'hivemq-controller' for resource: 'class com.hivemq.platform.operator.v1.HiveMQPlatform' for namespace(s): [all namespaces]
2025-01-29 13:38:15,709 INFO c.h.h.t.HelmChartContainer - [hivemq-test-hivemq-platform] [hivemq-platform-operator] [9a9008c9] 13:38:15.708 [main] INFO  c.h.p.operator.webserver.JettyServer - Starting Jetty server on port 8080
2025-01-29 13:38:15,815 INFO c.h.h.t.HelmChartContainer - [hivemq-test-hivemq-platform] [hivemq-platform-operator] [9a9008c9] 13:38:15.814 [main] INFO  i.javaoperatorsdk.operator.Operator - Operator SDK 4.9.7 (commit: 2133d28) built on Wed Nov 20 12:56:20 UTC 2024 starting...
2025-01-29 13:38:15,816 INFO c.h.h.t.HelmChartContainer - [hivemq-test-hivemq-platform] [hivemq-platform-operator] [9a9008c9] 13:38:15.814 [main] INFO  i.javaoperatorsdk.operator.Operator - Client version: 6.13.4
2025-01-29 13:38:15,819 INFO c.h.h.t.HelmChartContainer - [hivemq-test-hivemq-platform] [hivemq-platform-operator] [9a9008c9] 13:38:15.816 [Controller Starter for: hivemq-controller] INFO  i.j.operator.processing.Controller - Starting 'hivemq-controller' controller for reconciler: com.hivemq.platform.operator.HiveMQPlatformReconciler, resource: com.hivemq.platform.operator.v1.HiveMQPlatform
2025-01-29 13:38:18,416 INFO c.h.h.t.HelmChartContainer - [hivemq-test-hivemq-platform] [hivemq-platform-operator] [9a9008c9] 13:38:18.414 [Controller Starter for: hivemq-controller] INFO  i.j.operator.processing.Controller - 'hivemq-controller' controller started
2025-01-29 13:38:18,416 INFO c.h.h.t.HelmChartContainer - [hivemq-test-hivemq-platform] [hivemq-platform-operator] [9a9008c9] 13:38:18.414 [main] INFO  c.h.p.o.HiveMQPlatformOperatorApplication - HiveMQ Platform Operator 1.7.0-SNAPSHOT started in 6799 ms
2025-01-29 13:38:19,304 INFO c.h.h.t.HelmChartContainer - [POD] hivemq-test-hivemq-platform-operator-6966f96d65-bn7pc [9a9008c9-0ae7-4746-96bd-30c893433a7f] in helmbridgeextensionit-operator was MODIFIED
2025-01-29 13:38:19,308 INFO c.h.h.t.HelmChartContainer - [K3S] [replica_set.go:679] "Finished syncing" kind="ReplicaSet" key="helmbridgeextensionit-operator/hivemq-test-hivemq-platform-operator-6966f96d65" duration="9.244299ms"
2025-01-29 13:38:19,312 INFO c.h.h.t.HelmChartContainer - [K3S] [replica_set.go:679] "Finished syncing" kind="ReplicaSet" key="helmbridgeextensionit-operator/hivemq-test-hivemq-platform-operator-6966f96d65" duration="73.236µs"
2025-01-29 13:38:21,378 DEBUG c.h.h.t.HelmChartContainer - Executing helm command: /bin/helm --kubeconfig /etc/rancher/k3s/k3s.yaml install test-hivemq-platform /charts/hivemq-platform --wait --timeout 5m0s --set image.repository=docker.io/hivemq --set image.tag=4.36.0 --set image.pullPolicy=Never --set nodes.resources.cpu=512m -f /files/bridge-values.yaml --namespace helmbridgeextensionit
2025-01-29 13:38:21,625 INFO c.h.h.t.HelmChartContainer - [hivemq-test-hivemq-platform] [hivemq-platform-operator] [9a9008c9] 13:38:21.624 [-373097727-pool-1-thread-3] WARN  i.m.p.PrometheusMeterRegistry - The meter (MeterId{name='operator.sdk.events.received', tags=[tag(action=ADDED),tag(event=ResourceEvent),tag(group=hivemq.com),tag(kind=HiveMQPlatform),tag(name=test-hivemq-platform),tag(namespace=helmbridgeextensionit),tag(scope=namespace),tag(version=v1)]}) registration has failed: Prometheus requires that all meters with the same name have the same set of tag keys. There is already an existing meter named 'operator.sdk.events.received' containing tag keys [event, group, kind, name, namespace, scope, version]. The meter you are attempting to register has keys [action, event, group, kind, name, namespace, scope, version]. Note that subsequent logs will be logged at debug level.
2025-01-29 13:38:22,117 INFO c.h.h.t.HelmChartContainer - [hivemq-test-hivemq-platform] [hivemq-platform-operator] [9a9008c9] 13:38:22.113 [pool-6-thread-3] DEBUG c.h.p.o.dependants.PodInfoConfigMap - [helmbrid] Desired PodInfo ConfigMap (1 extensions) (1 enabled)
2025-01-29 13:38:22,117 INFO c.h.h.t.HelmChartContainer - [hivemq-test-hivemq-platform] [hivemq-platform-operator] [9a9008c9] 13:38:22.114 [pool-6-thread-3] DEBUG c.h.p.o.dependants.PodInfoConfigMap - [helmbrid] Desired PodInfo ConfigMap (metrics port: 9399) (metrics path: /)
2025-01-29 13:38:22,117 INFO c.h.h.t.HelmChartContainer - [hivemq-test-hivemq-platform] [hivemq-platform-operator] [9a9008c9] 13:38:22.114 [pool-6-thread-3] DEBUG c.h.p.o.dependants.PodInfoConfigMap - [helmbrid] Desired PodInfo ConfigMap (extension state hash: 644225871)
2025-01-29 13:38:22,118 INFO c.h.h.t.HelmChartContainer - [hivemq-test-hivemq-platform] [hivemq-platform-operator] [9a9008c9] 13:38:22.116 [pool-6-thread-3] DEBUG c.h.p.o.dependants.PodInfoConfigMap - [helmbrid] Create PodInfo ConfigMap
2025-01-29 13:38:22,218 INFO c.h.h.t.HelmChartContainer - [hivemq-test-hivemq-platform] [hivemq-platform-operator] [9a9008c9] 13:38:22.216 [pool-6-thread-5] DEBUG c.h.p.o.dependants.PodRoleResource - [helmbrid] Create Role: Role(apiVersion=rbac.authorization.k8s.io/v1, kind=Role, metadata=ObjectMeta(annotations={meta.helm.sh/release-name=test-hivemq-platform, meta.helm.sh/release-namespace=helmbridgeextensionit}, creationTimestamp=null, deletionGracePeriodSeconds=null, deletionTimestamp=null, finalizers=[], generateName=null, generation=null, labels={helm.sh/chart=hivemq-platform-0.2.32, app.kubernetes.io/managed-by=Helm, app.kubernetes.io/name=hivemq-platform, hivemq-platform=test-hivemq-platform, app.kubernetes.io/instance=test-hivemq-platform, app.kubernetes.io/version=4.36.0}, managedFields=[], name=hivemq-platform-role-test-hivemq-platform, namespace=helmbridgeextensionit, ownerReferences=[OwnerReference(apiVersion=hivemq.com/v1, blockOwnerDeletion=null, controller=null, kind=HiveMQPlatform, name=test-hivemq-platform, uid=671d3eae-41c0-4bd1-ae9d-2c164e995702, additionalProperties={})], resourceVersion=null, selfLink=null, uid=null, additionalProperties={}), rules=[PolicyRule(apiGroups=[], nonResourceURLs=[], resourceNames=[], resources=[pods], verbs=[get, patch, update], additionalProperties={})], additionalProperties={})
2025-01-29 13:38:22,413 INFO c.h.h.t.HelmChartContainer - [hivemq-test-hivemq-platform] [hivemq-platform-operator] [9a9008c9] 13:38:22.410 [pool-6-thread-7] DEBUG c.h.p.o.d.PodServiceAccountResource - [helmbrid] Desired PodServiceAccountResource (serviceAccountName: hivemq-platform-pod-test-hivemq-platform)
2025-01-29 13:38:22,413 INFO c.h.h.t.HelmChartContainer - [hivemq-test-hivemq-platform] [hivemq-platform-operator] [9a9008c9] 13:38:22.411 [pool-6-thread-7] DEBUG c.h.p.o.d.PodServiceAccountResource - [helmbrid] Create ServiceAccount 'hivemq-platform-pod-test-hivemq-platform'
2025-01-29 13:38:22,606 INFO c.h.h.t.HelmChartContainer - [hivemq-test-hivemq-platform] [hivemq-platform-operator] [9a9008c9] 13:38:22.605 [pool-6-thread-10] DEBUG c.h.p.o.d.PodRoleBindingResource - [helmbrid] Create RoleBinding: RoleBinding(apiVersion=rbac.authorization.k8s.io/v1, kind=RoleBinding, metadata=ObjectMeta(annotations={meta.helm.sh/release-name=test-hivemq-platform, meta.helm.sh/release-namespace=helmbridgeextensionit}, creationTimestamp=null, deletionGracePeriodSeconds=null, deletionTimestamp=null, finalizers=[], generateName=null, generation=null, labels={helm.sh/chart=hivemq-platform-0.2.32, app.kubernetes.io/managed-by=Helm, app.kubernetes.io/name=hivemq-platform, hivemq-platform=test-hivemq-platform, app.kubernetes.io/instance=test-hivemq-platform, app.kubernetes.io/version=4.36.0}, managedFields=[], name=hivemq-platform-role-binding-test-hivemq-platform, namespace=helmbridgeextensionit, ownerReferences=[OwnerReference(apiVersion=hivemq.com/v1, blockOwnerDeletion=null, controller=null, kind=HiveMQPlatform, name=test-hivemq-platform, uid=671d3eae-41c0-4bd1-ae9d-2c164e995702, additionalProperties={})], resourceVersion=null, selfLink=null, uid=null, additionalProperties={}), roleRef=RoleRef(apiGroup=rbac.authorization.k8s.io, kind=Role, name=hivemq-platform-role-test-hivemq-platform, additionalProperties={}), subjects=[Subject(apiGroup=null, kind=ServiceAccount, name=hivemq-platform-pod-test-hivemq-platform, namespace=helmbridgeextensionit, additionalProperties={})], additionalProperties={})
2025-01-29 13:38:22,627 INFO c.h.h.t.HelmChartContainer - [hivemq-test-hivemq-platform] [hivemq-platform-operator] [9a9008c9] 13:38:22.625 [ReconcilerExecutor-hivemq-controller-54] INFO  c.h.p.o.HiveMQPlatformReconciler - [helmbrid] Reconciling HiveMQ Platform 'test-hivemq-platform' in namespace 'helmbridgeextensionit'
2025-01-29 13:38:22,627 INFO c.h.h.t.HelmChartContainer - [hivemq-test-hivemq-platform] [hivemq-platform-operator] [9a9008c9] 13:38:22.625 [ReconcilerExecutor-hivemq-controller-54] DEBUG c.h.p.o.HiveMQPlatformReconciler - [helmbrid] Custom Resource Status CREATED - HiveMQ Platform was created (READY)
2025-01-29 13:38:22,627 INFO c.h.h.t.HelmChartContainer - [hivemq-test-hivemq-platform] [hivemq-platform-operator] [9a9008c9] 13:38:22.626 [ReconcilerExecutor-hivemq-controller-54] DEBUG c.h.p.o.HiveMQPlatformReconciler - [helmbrid] Custom Resource Spec (replicas: 1) (extensions: 1)
2025-01-29 13:38:22,707 INFO c.h.h.t.HelmChartContainer - [hivemq-test-hivemq-platform] [hivemq-platform-operator] [9a9008c9] 13:38:22.705 [ReconcilerExecutor-hivemq-controller-54] INFO  c.h.p.o.h.HiveMQPlatformReconcilerBaseHandler - [helmbrid] HiveMQ Platform is starting
2025-01-29 13:38:22,821 INFO c.h.h.t.HelmChartContainer - [hivemq-test-hivemq-platform] [hivemq-platform-operator] [9a9008c9] 13:38:22.820 [ReconcilerExecutor-hivemq-controller-54] DEBUG c.h.p.operator.event.EventSender - [helmbrid] Creating K8s event hivemq-platform-starting: [Start] HiveMQ Platform is starting
2025-01-29 13:38:22,910 INFO c.h.h.t.HelmChartContainer - [EVENT] Normal [Start] HiveMQ Platform is starting [helmbridgeextensionit:test-hivemq-platform]
2025-01-29 13:38:22,919 INFO c.h.h.t.HelmChartContainer - [hivemq-test-hivemq-platform] [hivemq-platform-operator] [9a9008c9] 13:38:22.914 [ReconcilerExecutor-hivemq-controller-54] INFO  c.h.p.o.h.AbstractHiveMQReconcilerStateHandler - [helmbrid] Update HiveMQ Platform Status (CREATED [READY] -> STARTING [READY]): HiveMQ Platform is starting
2025-01-29 13:38:22,930 DEBUG com.hivemq.helmcharts.util.K8sUtil - Comparing actual state 'STARTING' and waiting for 'RUNNING'
2025-01-29 13:38:33,021 INFO c.h.h.t.HelmChartContainer - [hivemq-test-hivemq-platform] [hivemq-platform-operator] [9a9008c9] 13:38:33.015 [pool-6-thread-12] DEBUG c.h.p.o.d.PlatformServiceResource - [helmbrid] Desired Platform services (3 services)
2025-01-29 13:38:33,023 INFO c.h.h.t.HelmChartContainer - [hivemq-test-hivemq-platform] [hivemq-platform-operator] [9a9008c9] 13:38:33.018 [pool-6-thread-13] DEBUG c.h.p.o.dependants.PodInfoConfigMap - [helmbrid] Desired PodInfo ConfigMap (1 extensions) (1 enabled)
2025-01-29 13:38:33,023 INFO c.h.h.t.HelmChartContainer - [hivemq-test-hivemq-platform] [hivemq-platform-operator] [9a9008c9] 13:38:33.018 [pool-6-thread-13] DEBUG c.h.p.o.dependants.PodInfoConfigMap - [helmbrid] Desired PodInfo ConfigMap (metrics port: 9399) (metrics path: /)
2025-01-29 13:38:33,023 INFO c.h.h.t.HelmChartContainer - [hivemq-test-hivemq-platform] [hivemq-platform-operator] [9a9008c9] 13:38:33.018 [pool-6-thread-13] DEBUG c.h.p.o.dependants.PodInfoConfigMap - [helmbrid] Desired PodInfo ConfigMap (extension state hash: 644225871)
2025-01-29 13:38:33,024 INFO c.h.h.t.HelmChartContainer - [hivemq-test-hivemq-platform] [hivemq-platform-operator] [9a9008c9] 13:38:33.021 [pool-6-thread-17] DEBUG c.h.p.o.d.PodServiceAccountResource - [helmbrid] Desired PodServiceAccountResource (serviceAccountName: hivemq-platform-pod-test-hivemq-platform)
2025-01-29 13:38:33,026 INFO c.h.h.t.HelmChartContainer - [hivemq-test-hivemq-platform] [hivemq-platform-operator] [9a9008c9] 13:38:33.025 [pool-6-thread-13] DEBUG c.h.p.o.dependants.PodInfoConfigMap - [helmbrid] Update PodInfo ConfigMap
2025-01-29 13:38:33,118 INFO c.h.h.t.HelmChartContainer - [K3S] [alloc.go:330] "allocated clusterIPs" service="helmbridgeextensionit/hivemq-test-hivemq-platform-metrics-9399" clusterIPs={"IPv4":"10.43.76.173"}
2025-01-29 13:38:33,213 INFO c.h.h.t.HelmChartContainer - [K3S] [alloc.go:330] "allocated clusterIPs" service="helmbridgeextensionit/hivemq-test-hivemq-platform-mqtt-1883" clusterIPs={"IPv4":"10.43.82.254"}
2025-01-29 13:38:33,226 INFO c.h.h.t.HelmChartContainer - [K3S] [alloc.go:330] "allocated clusterIPs" service="helmbridgeextensionit/hivemq-test-hivemq-platform-cc-8080" clusterIPs={"IPv4":"10.43.96.110"}
2025-01-29 13:38:33,311 INFO c.h.h.t.HelmChartContainer - [hivemq-test-hivemq-platform] [hivemq-platform-operator] [9a9008c9] 13:38:33.309 [pool-6-thread-20] DEBUG c.h.p.o.d.StatefulSetResource - [helmbrid] Desired StatefulSet (1 replicas) for status STARTING (READY)
2025-01-29 13:38:33,327 INFO c.h.h.t.HelmChartContainer - [hivemq-test-hivemq-platform] [hivemq-platform-operator] [9a9008c9] 13:38:33.326 [pool-6-thread-20] DEBUG c.h.p.o.d.StatefulSetResource - [helmbrid] Create StatefulSet
2025-01-29 13:38:33,442 INFO c.h.h.t.HelmChartContainer - [POD] test-hivemq-platform-0 [4477f7c7-a546-4aa4-bbae-c9b09930cc10] in helmbridgeextensionit was ADDED
2025-01-29 13:38:33,445 INFO c.h.h.t.HelmChartContainer - [EVENT] Normal [SuccessfulCreate] create Pod test-hivemq-platform-0 in StatefulSet test-hivemq-platform successful [helmbridgeextensionit:test-hivemq-platform]
2025-01-29 13:38:33,448 INFO c.h.h.t.HelmChartContainer - [POD] test-hivemq-platform-0 [4477f7c7-a546-4aa4-bbae-c9b09930cc10] in helmbridgeextensionit was MODIFIED
2025-01-29 13:38:33,452 INFO c.h.h.t.HelmChartContainer - [EVENT] Normal [Scheduled] Successfully assigned helmbridgeextensionit/test-hivemq-platform-0 to 2553df930ab9 [helmbridgeextensionit:test-hivemq-platform-0]
2025-01-29 13:38:33,458 INFO c.h.h.t.HelmChartContainer - [K3S] [reconciler_common.go:251] "operationExecutor.VerifyControllerAttachedVolume started for volume \"kube-api-access-r2s97\" (UniqueName: \"kubernetes.io/projected/4477f7c7-a546-4aa4-bbae-c9b09930cc10-kube-api-access-r2s97\") pod \"test-hivemq-platform-0\" (UID: \"4477f7c7-a546-4aa4-bbae-c9b09930cc10\") " pod="helmbridgeextensionit/test-hivemq-platform-0"
2025-01-29 13:38:33,458 INFO c.h.h.t.HelmChartContainer - [K3S] [reconciler_common.go:251] "operationExecutor.VerifyControllerAttachedVolume started for volume \"broker-configuration\" (UniqueName: \"kubernetes.io/configmap/4477f7c7-a546-4aa4-bbae-c9b09930cc10-broker-configuration\") pod \"test-hivemq-platform-0\" (UID: \"4477f7c7-a546-4aa4-bbae-c9b09930cc10\") " pod="helmbridgeextensionit/test-hivemq-platform-0"
2025-01-29 13:38:33,458 INFO c.h.h.t.HelmChartContainer - [K3S] [reconciler_common.go:251] "operationExecutor.VerifyControllerAttachedVolume started for volume \"extension-configuration-hivemq-bridge-extension\" (UniqueName: \"kubernetes.io/configmap/4477f7c7-a546-4aa4-bbae-c9b09930cc10-extension-configuration-hivemq-bridge-extension\") pod \"test-hivemq-platform-0\" (UID: \"4477f7c7-a546-4aa4-bbae-c9b09930cc10\") " pod="helmbridgeextensionit/test-hivemq-platform-0"
2025-01-29 13:38:33,459 INFO c.h.h.t.HelmChartContainer - [K3S] [reconciler_common.go:251] "operationExecutor.VerifyControllerAttachedVolume started for volume \"operator-init\" (UniqueName: \"kubernetes.io/empty-dir/4477f7c7-a546-4aa4-bbae-c9b09930cc10-operator-init\") pod \"test-hivemq-platform-0\" (UID: \"4477f7c7-a546-4aa4-bbae-c9b09930cc10\") " pod="helmbridgeextensionit/test-hivemq-platform-0"
2025-01-29 13:38:33,459 INFO c.h.h.t.HelmChartContainer - [K3S] [reconciler_common.go:251] "operationExecutor.VerifyControllerAttachedVolume started for volume \"pod-info\" (UniqueName: \"kubernetes.io/configmap/4477f7c7-a546-4aa4-bbae-c9b09930cc10-pod-info\") pod \"test-hivemq-platform-0\" (UID: \"4477f7c7-a546-4aa4-bbae-c9b09930cc10\") " pod="helmbridgeextensionit/test-hivemq-platform-0"
2025-01-29 13:38:33,463 INFO c.h.h.t.HelmChartContainer - [POD] test-hivemq-platform-0 [4477f7c7-a546-4aa4-bbae-c9b09930cc10] in helmbridgeextensionit was MODIFIED
2025-01-29 13:38:33,499 INFO c.h.h.t.HelmChartContainer - [hivemq-test-hivemq-platform] [hivemq-platform-operator] [9a9008c9] 13:38:33.497 [ReconcilerExecutor-hivemq-controller-65] INFO  c.h.p.o.HiveMQPlatformReconciler - [helmbrid] Reconciling HiveMQ Platform 'test-hivemq-platform' in namespace 'helmbridgeextensionit'
2025-01-29 13:38:33,499 INFO c.h.h.t.HelmChartContainer - [hivemq-test-hivemq-platform] [hivemq-platform-operator] [9a9008c9] 13:38:33.497 [ReconcilerExecutor-hivemq-controller-65] DEBUG c.h.p.o.HiveMQPlatformReconciler - [helmbrid] Custom Resource Status STARTING - HiveMQ Platform is starting (READY)
2025-01-29 13:38:33,499 INFO c.h.h.t.HelmChartContainer - [hivemq-test-hivemq-platform] [hivemq-platform-operator] [9a9008c9] 13:38:33.497 [ReconcilerExecutor-hivemq-controller-65] DEBUG c.h.p.o.HiveMQPlatformReconciler - [helmbrid] Custom Resource Spec (replicas: 1) (extensions: 1)
2025-01-29 13:38:33,510 INFO c.h.h.t.HelmChartContainer - [hivemq-test-hivemq-platform] [hivemq-platform-operator] [9a9008c9] 13:38:33.509 [ReconcilerExecutor-hivemq-controller-65] DEBUG c.h.p.o.HiveMQPlatformReconciler - [helmbrid] StatefulSet Status (revision: null, replicas: 0, available: 0, ready: 0, current: 0, updated: 0)
2025-01-29 13:38:33,515 INFO c.h.h.t.HelmChartContainer - [hivemq-test-hivemq-platform] [hivemq-platform-operator] [9a9008c9] 13:38:33.511 [ReconcilerExecutor-hivemq-controller-65] DEBUG c.h.p.o.HiveMQPlatformReconciler - [helmbrid] StatefulSet Spec (replicas: 1, init containers: 1, containers: 1, volumes: 4)
2025-01-29 13:38:33,614 INFO c.h.h.t.HelmChartContainer - [hivemq-test-hivemq-platform] [hivemq-platform-operator] [9a9008c9] 13:38:33.613 [ReconcilerExecutor-hivemq-controller-65] DEBUG c.h.p.o.h.HiveMQPlatformReconcilerErrorHandler - [helmbrid] Pod 'test-hivemq-platform-0' phase Pending
2025-01-29 13:38:33,617 INFO c.h.h.t.HelmChartContainer - [hivemq-test-hivemq-platform] [hivemq-platform-operator] [9a9008c9] 13:38:33.614 [ReconcilerExecutor-hivemq-controller-65] DEBUG c.h.p.o.h.HiveMQPlatformReconcilerErrorHandler - [helmbrid] Pod 'test-hivemq-platform-0' condition 'PodReadyToStartContainers': False
2025-01-29 13:38:33,617 INFO c.h.h.t.HelmChartContainer - [hivemq-test-hivemq-platform] [hivemq-platform-operator] [9a9008c9] 13:38:33.614 [ReconcilerExecutor-hivemq-controller-65] DEBUG c.h.p.o.h.HiveMQPlatformReconcilerErrorHandler - [helmbrid] Pod 'test-hivemq-platform-0' condition 'Initialized': False
2025-01-29 13:38:33,617 INFO c.h.h.t.HelmChartContainer - [hivemq-test-hivemq-platform] [hivemq-platform-operator] [9a9008c9] 13:38:33.614 [ReconcilerExecutor-hivemq-controller-65] DEBUG c.h.p.o.h.HiveMQPlatformReconcilerErrorHandler - [helmbrid] Pod 'test-hivemq-platform-0' condition 'Ready': False
2025-01-29 13:38:33,617 INFO c.h.h.t.HelmChartContainer - [hivemq-test-hivemq-platform] [hivemq-platform-operator] [9a9008c9] 13:38:33.614 [ReconcilerExecutor-hivemq-controller-65] DEBUG c.h.p.o.h.HiveMQPlatformReconcilerErrorHandler - [helmbrid] Pod 'test-hivemq-platform-0' condition 'ContainersReady': False
2025-01-29 13:38:33,617 INFO c.h.h.t.HelmChartContainer - [hivemq-test-hivemq-platform] [hivemq-platform-operator] [9a9008c9] 13:38:33.614 [ReconcilerExecutor-hivemq-controller-65] DEBUG c.h.p.o.h.HiveMQPlatformReconcilerErrorHandler - [helmbrid] Pod 'test-hivemq-platform-0' condition 'PodScheduled': True
2025-01-29 13:38:33,617 INFO c.h.h.t.HelmChartContainer - [hivemq-test-hivemq-platform] [hivemq-platform-operator] [9a9008c9] 13:38:33.614 [ReconcilerExecutor-hivemq-controller-65] DEBUG c.h.p.o.h.HiveMQPlatformReconcilerErrorHandler - [helmbrid] Pod 'test-hivemq-platform-0' containerStatus 'hivemq' (started: false) (ready: false) (waiting: [PodInitializing] null)
2025-01-29 13:38:33,619 INFO c.h.h.t.HelmChartContainer - [hivemq-test-hivemq-platform] [hivemq-platform-operator] [9a9008c9] 13:38:33.617 [ReconcilerExecutor-hivemq-controller-65] INFO  c.h.p.o.h.HiveMQPlatformReconcilerBaseHandler - [helmbrid] HiveMQ Platform is starting, 0 of 1 replicas are ready
2025-01-29 13:38:33,624 INFO c.h.h.t.HelmChartContainer - [hivemq-test-hivemq-platform] [hivemq-platform-operator] [9a9008c9] 13:38:33.623 [pool-6-thread-22] DEBUG c.h.p.o.d.PlatformServiceResource - [helmbrid] Desired Platform services (3 services)
2025-01-29 13:38:33,708 INFO c.h.h.t.HelmChartContainer - [hivemq-test-hivemq-platform] [hivemq-platform-operator] [9a9008c9] 13:38:33.706 [pool-6-thread-23] DEBUG c.h.p.o.dependants.PodInfoConfigMap - [helmbrid] Desired PodInfo ConfigMap (1 extensions) (1 enabled)
2025-01-29 13:38:33,708 INFO c.h.h.t.HelmChartContainer - [hivemq-test-hivemq-platform] [hivemq-platform-operator] [9a9008c9] 13:38:33.707 [pool-6-thread-23] DEBUG c.h.p.o.dependants.PodInfoConfigMap - [helmbrid] Desired PodInfo ConfigMap (metrics port: 9399) (metrics path: /)
2025-01-29 13:38:33,709 INFO c.h.h.t.HelmChartContainer - [hivemq-test-hivemq-platform] [hivemq-platform-operator] [9a9008c9] 13:38:33.707 [pool-6-thread-23] DEBUG c.h.p.o.dependants.PodInfoConfigMap - [helmbrid] Desired PodInfo ConfigMap (extension state hash: 644225871)
2025-01-29 13:38:33,712 INFO c.h.h.t.HelmChartContainer - [hivemq-test-hivemq-platform] [hivemq-platform-operator] [9a9008c9] 13:38:33.708 [pool-6-thread-27] DEBUG c.h.p.o.d.PodServiceAccountResource - [helmbrid] Desired PodServiceAccountResource (serviceAccountName: hivemq-platform-pod-test-hivemq-platform)
2025-01-29 13:38:33,719 INFO c.h.h.t.HelmChartContainer - [hivemq-test-hivemq-platform] [hivemq-platform-operator] [9a9008c9] 13:38:33.718 [pool-6-thread-30] DEBUG c.h.p.o.d.StatefulSetResource - [helmbrid] Desired StatefulSet (1 replicas) for status STARTING (READY)
2025-01-29 13:38:33,813 INFO c.h.h.t.HelmChartContainer - [hivemq-test-hivemq-platform] [hivemq-platform-operator] [9a9008c9] 13:38:33.810 [ReconcilerExecutor-hivemq-controller-76] INFO  c.h.p.o.HiveMQPlatformReconciler - [helmbrid] Reconciling HiveMQ Platform 'test-hivemq-platform' in namespace 'helmbridgeextensionit'
2025-01-29 13:38:33,813 INFO c.h.h.t.HelmChartContainer - [hivemq-test-hivemq-platform] [hivemq-platform-operator] [9a9008c9] 13:38:33.811 [ReconcilerExecutor-hivemq-controller-76] DEBUG c.h.p.o.HiveMQPlatformReconciler - [helmbrid] Custom Resource Status STARTING - HiveMQ Platform is starting (READY)
2025-01-29 13:38:33,813 INFO c.h.h.t.HelmChartContainer - [hivemq-test-hivemq-platform] [hivemq-platform-operator] [9a9008c9] 13:38:33.811 [ReconcilerExecutor-hivemq-controller-76] DEBUG c.h.p.o.HiveMQPlatformReconciler - [helmbrid] Custom Resource Spec (replicas: 1) (extensions: 1)
2025-01-29 13:38:33,817 INFO c.h.h.t.HelmChartContainer - [hivemq-test-hivemq-platform] [hivemq-platform-operator] [9a9008c9] 13:38:33.816 [ReconcilerExecutor-hivemq-controller-76] DEBUG c.h.p.o.HiveMQPlatformReconciler - [helmbrid] StatefulSet Status (revision: test-hivemq-platform-5686c99fcc, replicas: 1, available: 0, ready: 0, current: 1, updated: 1)
2025-01-29 13:38:33,818 INFO c.h.h.t.HelmChartContainer - [hivemq-test-hivemq-platform] [hivemq-platform-operator] [9a9008c9] 13:38:33.817 [ReconcilerExecutor-hivemq-controller-76] DEBUG c.h.p.o.HiveMQPlatformReconciler - [helmbrid] StatefulSet Spec (replicas: 1, init containers: 1, containers: 1, volumes: 4)
2025-01-29 13:38:33,826 INFO c.h.h.t.HelmChartContainer - [hivemq-test-hivemq-platform] [hivemq-platform-operator] [9a9008c9] 13:38:33.824 [ReconcilerExecutor-hivemq-controller-76] DEBUG c.h.p.o.h.HiveMQPlatformReconcilerErrorHandler - [helmbrid] Pod 'test-hivemq-platform-0' phase Pending
2025-01-29 13:38:33,828 INFO c.h.h.t.HelmChartContainer - [hivemq-test-hivemq-platform] [hivemq-platform-operator] [9a9008c9] 13:38:33.824 [ReconcilerExecutor-hivemq-controller-76] DEBUG c.h.p.o.h.HiveMQPlatformReconcilerErrorHandler - [helmbrid] Pod 'test-hivemq-platform-0' condition 'PodReadyToStartContainers': False
2025-01-29 13:38:33,828 INFO c.h.h.t.HelmChartContainer - [hivemq-test-hivemq-platform] [hivemq-platform-operator] [9a9008c9] 13:38:33.825 [ReconcilerExecutor-hivemq-controller-76] DEBUG c.h.p.o.h.HiveMQPlatformReconcilerErrorHandler - [helmbrid] Pod 'test-hivemq-platform-0' condition 'Initialized': False
2025-01-29 13:38:33,828 INFO c.h.h.t.HelmChartContainer - [hivemq-test-hivemq-platform] [hivemq-platform-operator] [9a9008c9] 13:38:33.825 [ReconcilerExecutor-hivemq-controller-76] DEBUG c.h.p.o.h.HiveMQPlatformReconcilerErrorHandler - [helmbrid] Pod 'test-hivemq-platform-0' condition 'Ready': False
2025-01-29 13:38:33,829 INFO c.h.h.t.HelmChartContainer - [hivemq-test-hivemq-platform] [hivemq-platform-operator] [9a9008c9] 13:38:33.826 [ReconcilerExecutor-hivemq-controller-76] DEBUG c.h.p.o.h.HiveMQPlatformReconcilerErrorHandler - [helmbrid] Pod 'test-hivemq-platform-0' condition 'ContainersReady': False
2025-01-29 13:38:33,829 INFO c.h.h.t.HelmChartContainer - [hivemq-test-hivemq-platform] [hivemq-platform-operator] [9a9008c9] 13:38:33.826 [ReconcilerExecutor-hivemq-controller-76] DEBUG c.h.p.o.h.HiveMQPlatformReconcilerErrorHandler - [helmbrid] Pod 'test-hivemq-platform-0' condition 'PodScheduled': True
2025-01-29 13:38:33,829 INFO c.h.h.t.HelmChartContainer - [hivemq-test-hivemq-platform] [hivemq-platform-operator] [9a9008c9] 13:38:33.826 [ReconcilerExecutor-hivemq-controller-76] DEBUG c.h.p.o.h.HiveMQPlatformReconcilerErrorHandler - [helmbrid] Pod 'test-hivemq-platform-0' containerStatus 'hivemq' (started: false) (ready: false) (waiting: [PodInitializing] null)
2025-01-29 13:38:33,850 INFO c.h.h.t.HelmChartContainer - [EVENT] Normal [Pulled] Container image "docker.io/hivemq/hivemq-platform-operator-init-test:snapshot" already present on machine [helmbridgeextensionit:test-hivemq-platform-0]
2025-01-29 13:38:33,859 INFO c.h.h.t.HelmChartContainer - [EVENT] Normal [Created] Created container: hivemq-platform-operator-init [helmbridgeextensionit:test-hivemq-platform-0]
2025-01-29 13:38:33,901 INFO c.h.h.t.HelmChartContainer - [EVENT] Normal [Started] Started container hivemq-platform-operator-init [helmbridgeextensionit:test-hivemq-platform-0]
2025-01-29 13:38:33,907 INFO c.h.h.t.HelmChartContainer - [hivemq-test-hivemq-platform] [hivemq-platform-operator] [9a9008c9] 13:38:33.906 [ReconcilerExecutor-hivemq-controller-76] INFO  c.h.p.o.h.HiveMQPlatformReconcilerBaseHandler - [helmbrid] HiveMQ Platform is starting, 0 of 1 replicas are ready
2025-01-29 13:38:34,336 INFO c.h.h.t.HelmChartContainer - [EVENT] Normal [Pulled] Container image "docker.io/hivemq/hivemq4:4.36.0" already present on machine [helmbridgeextensionit:test-hivemq-platform-0]
2025-01-29 13:38:34,336 INFO c.h.h.t.HelmChartContainer - Received Pulled event for container hivemq in pod test-hivemq-platform-0 [4477f7c7-a546-4aa4-bbae-c9b09930cc10]
2025-01-29 13:38:34,358 INFO c.h.h.t.HelmChartContainer - [POD] test-hivemq-platform-0 [4477f7c7-a546-4aa4-bbae-c9b09930cc10] in helmbridgeextensionit was MODIFIED
2025-01-29 13:38:34,391 INFO c.h.h.t.HelmChartContainer - [EVENT] Normal [Created] Created container: hivemq [helmbridgeextensionit:test-hivemq-platform-0]
2025-01-29 13:38:34,391 INFO c.h.h.t.HelmChartContainer - Received Created event for container hivemq in pod test-hivemq-platform-0 [4477f7c7-a546-4aa4-bbae-c9b09930cc10]
2025-01-29 13:38:34,392 INFO c.h.h.t.HelmChartContainer - [hivemq-test-hivemq-platform] [hivemq-platform-operator] [9a9008c9] 13:38:34.378 [pool-6-thread-32] DEBUG c.h.p.o.d.PlatformServiceResource - [helmbrid] Desired Platform services (3 services)
2025-01-29 13:38:34,393 INFO c.h.h.t.HelmChartContainer - [hivemq-test-hivemq-platform] [hivemq-platform-operator] [9a9008c9] 13:38:34.382 [pool-6-thread-33] DEBUG c.h.p.o.dependants.PodInfoConfigMap - [helmbrid] Desired PodInfo ConfigMap (1 extensions) (1 enabled)
2025-01-29 13:38:34,393 INFO c.h.h.t.HelmChartContainer - [hivemq-test-hivemq-platform] [hivemq-platform-operator] [9a9008c9] 13:38:34.382 [pool-6-thread-33] DEBUG c.h.p.o.dependants.PodInfoConfigMap - [helmbrid] Desired PodInfo ConfigMap (metrics port: 9399) (metrics path: /)
2025-01-29 13:38:34,393 INFO c.h.h.t.HelmChartContainer - [hivemq-test-hivemq-platform] [hivemq-platform-operator] [9a9008c9] 13:38:34.382 [pool-6-thread-33] DEBUG c.h.p.o.dependants.PodInfoConfigMap - [helmbrid] Desired PodInfo ConfigMap (extension state hash: 644225871)
2025-01-29 13:38:34,393 INFO c.h.h.t.HelmChartContainer - [hivemq-test-hivemq-platform] [hivemq-platform-operator] [9a9008c9] 13:38:34.385 [pool-6-thread-37] DEBUG c.h.p.o.d.PodServiceAccountResource - [helmbrid] Desired PodServiceAccountResource (serviceAccountName: hivemq-platform-pod-test-hivemq-platform)
2025-01-29 13:38:34,416 INFO c.h.h.t.HelmChartContainer - [hivemq-test-hivemq-platform] [hivemq-platform-operator] [9a9008c9] 13:38:34.412 [pool-6-thread-40] DEBUG c.h.p.o.d.StatefulSetResource - [helmbrid] Desired StatefulSet (1 replicas) for status STARTING (READY)
2025-01-29 13:38:34,443 INFO c.h.h.t.HelmChartContainer - [hivemq-test-hivemq-platform] [hivemq-platform-operator] [9a9008c9] 13:38:34.437 [ReconcilerExecutor-hivemq-controller-87] INFO  c.h.p.o.HiveMQPlatformReconciler - [helmbrid] Reconciling HiveMQ Platform 'test-hivemq-platform' in namespace 'helmbridgeextensionit'
2025-01-29 13:38:34,443 INFO c.h.h.t.HelmChartContainer - [hivemq-test-hivemq-platform] [hivemq-platform-operator] [9a9008c9] 13:38:34.437 [ReconcilerExecutor-hivemq-controller-87] DEBUG c.h.p.o.HiveMQPlatformReconciler - [helmbrid] Custom Resource Status STARTING - HiveMQ Platform is starting (READY)
2025-01-29 13:38:34,443 INFO c.h.h.t.HelmChartContainer - [hivemq-test-hivemq-platform] [hivemq-platform-operator] [9a9008c9] 13:38:34.437 [ReconcilerExecutor-hivemq-controller-87] DEBUG c.h.p.o.HiveMQPlatformReconciler - [helmbrid] Custom Resource Spec (replicas: 1) (extensions: 1)
2025-01-29 13:38:34,445 INFO c.h.h.t.HelmChartContainer - [hivemq-test-hivemq-platform] [hivemq-platform-operator] [9a9008c9] 13:38:34.441 [ReconcilerExecutor-hivemq-controller-87] DEBUG c.h.p.o.HiveMQPlatformReconciler - [helmbrid] StatefulSet Status (revision: test-hivemq-platform-5686c99fcc, replicas: 1, available: 0, ready: 0, current: 1, updated: 1)
2025-01-29 13:38:34,446 INFO c.h.h.t.HelmChartContainer - [hivemq-test-hivemq-platform] [hivemq-platform-operator] [9a9008c9] 13:38:34.442 [ReconcilerExecutor-hivemq-controller-87] DEBUG c.h.p.o.HiveMQPlatformReconciler - [helmbrid] StatefulSet Spec (replicas: 1, init containers: 1, containers: 1, volumes: 4)
2025-01-29 13:38:34,508 INFO c.h.h.t.HelmChartContainer - [hivemq-test-hivemq-platform] [hivemq-platform-operator] [9a9008c9] 13:38:34.506 [ReconcilerExecutor-hivemq-controller-87] DEBUG c.h.p.o.h.HiveMQPlatformReconcilerErrorHandler - [helmbrid] Pod 'test-hivemq-platform-0' phase Pending
2025-01-29 13:38:34,509 INFO c.h.h.t.HelmChartContainer - [hivemq-test-hivemq-platform] [hivemq-platform-operator] [9a9008c9] 13:38:34.507 [ReconcilerExecutor-hivemq-controller-87] DEBUG c.h.p.o.h.HiveMQPlatformReconcilerErrorHandler - [helmbrid] Pod 'test-hivemq-platform-0' condition 'PodReadyToStartContainers': True
2025-01-29 13:38:34,509 INFO c.h.h.t.HelmChartContainer - [hivemq-test-hivemq-platform] [hivemq-platform-operator] [9a9008c9] 13:38:34.507 [ReconcilerExecutor-hivemq-controller-87] DEBUG c.h.p.o.h.HiveMQPlatformReconcilerErrorHandler - [helmbrid] Pod 'test-hivemq-platform-0' condition 'Initialized': True
2025-01-29 13:38:34,509 INFO c.h.h.t.HelmChartContainer - [hivemq-test-hivemq-platform] [hivemq-platform-operator] [9a9008c9] 13:38:34.507 [ReconcilerExecutor-hivemq-controller-87] DEBUG c.h.p.o.h.HiveMQPlatformReconcilerErrorHandler - [helmbrid] Pod 'test-hivemq-platform-0' condition 'Ready': False
2025-01-29 13:38:34,509 INFO c.h.h.t.HelmChartContainer - [hivemq-test-hivemq-platform] [hivemq-platform-operator] [9a9008c9] 13:38:34.507 [ReconcilerExecutor-hivemq-controller-87] DEBUG c.h.p.o.h.HiveMQPlatformReconcilerErrorHandler - [helmbrid] Pod 'test-hivemq-platform-0' condition 'ContainersReady': False
2025-01-29 13:38:34,511 INFO c.h.h.t.HelmChartContainer - [hivemq-test-hivemq-platform] [hivemq-platform-operator] [9a9008c9] 13:38:34.507 [ReconcilerExecutor-hivemq-controller-87] DEBUG c.h.p.o.h.HiveMQPlatformReconcilerErrorHandler - [helmbrid] Pod 'test-hivemq-platform-0' condition 'PodScheduled': True
2025-01-29 13:38:34,511 INFO c.h.h.t.HelmChartContainer - [hivemq-test-hivemq-platform] [hivemq-platform-operator] [9a9008c9] 13:38:34.507 [ReconcilerExecutor-hivemq-controller-87] DEBUG c.h.p.o.h.HiveMQPlatformReconcilerErrorHandler - [helmbrid] Pod 'test-hivemq-platform-0' containerStatus 'hivemq' (started: false) (ready: false) (waiting: [PodInitializing] null)
2025-01-29 13:38:34,511 INFO c.h.h.t.HelmChartContainer - [hivemq-test-hivemq-platform] [hivemq-platform-operator] [9a9008c9] 13:38:34.509 [ReconcilerExecutor-hivemq-controller-87] INFO  c.h.p.o.h.HiveMQPlatformReconcilerBaseHandler - [helmbrid] HiveMQ Platform is starting, 0 of 1 replicas are ready
2025-01-29 13:38:35,350 INFO c.h.h.t.HelmChartContainer - [POD] test-hivemq-platform-0 [4477f7c7-a546-4aa4-bbae-c9b09930cc10] in helmbridgeextensionit was MODIFIED
2025-01-29 13:38:35,365 INFO c.h.h.t.HelmChartContainer - Started log watcher for hivemq in pod test-hivemq-platform-0 [4477f7c7-a546-4aa4-bbae-c9b09930cc10]
2025-01-29 13:38:35,365 INFO c.h.h.t.HelmChartContainer - [EVENT] Normal [Started] Started container hivemq [helmbridgeextensionit:test-hivemq-platform-0]
2025-01-29 13:38:35,365 INFO c.h.h.t.HelmChartContainer - Received Started event for container hivemq in pod test-hivemq-platform-0 [4477f7c7-a546-4aa4-bbae-c9b09930cc10]
2025-01-29 13:38:35,366 INFO c.h.h.t.HelmChartContainer - [hivemq-test-hivemq-platform] [hivemq-platform-operator] [9a9008c9] 13:38:35.358 [pool-6-thread-42] DEBUG c.h.p.o.d.PlatformServiceResource - [helmbrid] Desired Platform services (3 services)
2025-01-29 13:38:35,366 INFO c.h.h.t.HelmChartContainer - [hivemq-test-hivemq-platform] [hivemq-platform-operator] [9a9008c9] 13:38:35.360 [pool-6-thread-43] DEBUG c.h.p.o.dependants.PodInfoConfigMap - [helmbrid] Desired PodInfo ConfigMap (1 extensions) (1 enabled)
2025-01-29 13:38:35,366 INFO c.h.h.t.HelmChartContainer - [hivemq-test-hivemq-platform] [hivemq-platform-operator] [9a9008c9] 13:38:35.360 [pool-6-thread-43] DEBUG c.h.p.o.dependants.PodInfoConfigMap - [helmbrid] Desired PodInfo ConfigMap (metrics port: 9399) (metrics path: /)
2025-01-29 13:38:35,366 INFO c.h.h.t.HelmChartContainer - [hivemq-test-hivemq-platform] [hivemq-platform-operator] [9a9008c9] 13:38:35.360 [pool-6-thread-43] DEBUG c.h.p.o.dependants.PodInfoConfigMap - [helmbrid] Desired PodInfo ConfigMap (extension state hash: 644225871)
2025-01-29 13:38:35,368 INFO c.h.h.t.HelmChartContainer - [test-hivemq-platform] [hivemq] [4477f7c7] Adding pre-installed HiveMQ Platform Operator extensions
2025-01-29 13:38:35,368 INFO c.h.h.t.HelmChartContainer - [test-hivemq-platform] [hivemq] [4477f7c7] Running as user 10000
2025-01-29 13:38:35,368 INFO c.h.h.t.HelmChartContainer - [test-hivemq-platform] [hivemq] [4477f7c7] Starting HiveMQ Platform Operator Init
2025-01-29 13:38:35,372 INFO c.h.h.t.HelmChartContainer - [hivemq-test-hivemq-platform] [hivemq-platform-operator] [9a9008c9] 13:38:35.369 [pool-6-thread-47] DEBUG c.h.p.o.d.PodServiceAccountResource - [helmbrid] Desired PodServiceAccountResource (serviceAccountName: hivemq-platform-pod-test-hivemq-platform)
2025-01-29 13:38:35,376 INFO c.h.h.t.HelmChartContainer - [hivemq-test-hivemq-platform] [hivemq-platform-operator] [9a9008c9] 13:38:35.375 [pool-6-thread-49] DEBUG c.h.p.o.d.StatefulSetResource - [helmbrid] Desired StatefulSet (1 replicas) for status STARTING (READY)
2025-01-29 13:38:35,411 INFO c.h.h.t.HelmChartContainer - [hivemq-test-hivemq-platform] [hivemq-platform-operator] [9a9008c9] 13:38:35.409 [ReconcilerExecutor-hivemq-controller-98] INFO  c.h.p.o.HiveMQPlatformReconciler - [helmbrid] Reconciling HiveMQ Platform 'test-hivemq-platform' in namespace 'helmbridgeextensionit'
2025-01-29 13:38:35,411 INFO c.h.h.t.HelmChartContainer - [hivemq-test-hivemq-platform] [hivemq-platform-operator] [9a9008c9] 13:38:35.409 [ReconcilerExecutor-hivemq-controller-98] DEBUG c.h.p.o.HiveMQPlatformReconciler - [helmbrid] Custom Resource Status STARTING - HiveMQ Platform is starting (READY)
2025-01-29 13:38:35,411 INFO c.h.h.t.HelmChartContainer - [hivemq-test-hivemq-platform] [hivemq-platform-operator] [9a9008c9] 13:38:35.409 [ReconcilerExecutor-hivemq-controller-98] DEBUG c.h.p.o.HiveMQPlatformReconciler - [helmbrid] Custom Resource Spec (replicas: 1) (extensions: 1)
2025-01-29 13:38:35,414 INFO c.h.h.t.HelmChartContainer - [hivemq-test-hivemq-platform] [hivemq-platform-operator] [9a9008c9] 13:38:35.412 [ReconcilerExecutor-hivemq-controller-98] DEBUG c.h.p.o.HiveMQPlatformReconciler - [helmbrid] StatefulSet Status (revision: test-hivemq-platform-5686c99fcc, replicas: 1, available: 0, ready: 0, current: 1, updated: 1)
2025-01-29 13:38:35,414 INFO c.h.h.t.HelmChartContainer - [hivemq-test-hivemq-platform] [hivemq-platform-operator] [9a9008c9] 13:38:35.412 [ReconcilerExecutor-hivemq-controller-98] DEBUG c.h.p.o.HiveMQPlatformReconciler - [helmbrid] StatefulSet Spec (replicas: 1, init containers: 1, containers: 1, volumes: 4)
2025-01-29 13:38:35,417 INFO c.h.h.t.HelmChartContainer - [hivemq-test-hivemq-platform] [hivemq-platform-operator] [9a9008c9] 13:38:35.415 [ReconcilerExecutor-hivemq-controller-98] DEBUG c.h.p.o.h.HiveMQPlatformReconcilerErrorHandler - [helmbrid] Pod 'test-hivemq-platform-0' phase Running
2025-01-29 13:38:35,417 INFO c.h.h.t.HelmChartContainer - [hivemq-test-hivemq-platform] [hivemq-platform-operator] [9a9008c9] 13:38:35.416 [ReconcilerExecutor-hivemq-controller-98] INFO  c.h.p.o.h.HiveMQPlatformReconcilerBaseHandler - [helmbrid] HiveMQ Platform is starting, 0 of 1 replicas are ready
2025-01-29 13:38:35,671 INFO c.h.h.t.HelmChartContainer - [test-hivemq-platform] [hivemq] [4477f7c7] INFO  - [HiveMQ Platform Operator Init 1.7.0-SNAPSHOT] HiveMQ Platform Operator Init 1.7.0-SNAPSHOT (commit: bebf408 on branch: HEAD) built on Sun Jan 26 20:47:47 UTC 2025
2025-01-29 13:38:36,878 INFO c.h.h.t.HelmChartContainer - [test-hivemq-platform] [hivemq] [4477f7c7] INFO  - [HiveMQ Platform Operator Init App 1.7.0-SNAPSHOT] Using bind address 10.42.0.6 from environment variable
2025-01-29 13:38:37,789 INFO c.h.h.t.HelmChartContainer - [test-hivemq-platform] [hivemq] [4477f7c7] INFO  - [HiveMQ Platform Operator Init App 1.7.0-SNAPSHOT] HiveMQ Platform Operator Init App 1.7.0-SNAPSHOT (commit: bebf408 on branch: HEAD) built on Sun Jan 26 20:47:47 UTC 2025
2025-01-29 13:38:37,790 INFO c.h.h.t.HelmChartContainer - [test-hivemq-platform] [hivemq] [4477f7c7] INFO  - [HiveMQ Platform Operator Init App 1.7.0-SNAPSHOT] PodInfo ConfigMap directory: /etc/podinfo
2025-01-29 13:38:37,790 INFO c.h.h.t.HelmChartContainer - [test-hivemq-platform] [hivemq] [4477f7c7] INFO  - [HiveMQ Platform Operator Init App 1.7.0-SNAPSHOT] HiveMQ home directory: /opt/hivemq
2025-01-29 13:38:37,790 INFO c.h.h.t.HelmChartContainer - [test-hivemq-platform] [hivemq] [4477f7c7] INFO  - [HiveMQ Platform Operator Init App 1.7.0-SNAPSHOT] HiveMQ Logback folder: /opt/hivemq/conf
2025-01-29 13:38:37,790 INFO c.h.h.t.HelmChartContainer - [test-hivemq-platform] [hivemq] [4477f7c7] INFO  - [HiveMQ Platform Operator Init App 1.7.0-SNAPSHOT] HiveMQ Config folder: /opt/hivemq/conf-k8s
2025-01-29 13:38:37,790 INFO c.h.h.t.HelmChartContainer - [test-hivemq-platform] [hivemq] [4477f7c7] INFO  - [HiveMQ Platform Operator Init App 1.7.0-SNAPSHOT] Starting HiveMQ Platform Operator Init App
2025-01-29 13:38:37,790 INFO c.h.h.t.HelmChartContainer - [test-hivemq-platform] [hivemq] [4477f7c7] INFO  - [HiveMQ Platform Operator Init App 1.7.0-SNAPSHOT] Starting Pod reconciler
2025-01-29 13:38:39,084 INFO c.h.h.t.HelmChartContainer - [test-hivemq-platform] [hivemq] [4477f7c7] INFO  - [HiveMQ Platform Operator Init App 1.7.0-SNAPSHOT] Pod reconciler is scheduled (interval: 5000 ms)
2025-01-29 13:38:39,086 INFO c.h.h.t.HelmChartContainer - [test-hivemq-platform] [hivemq] [4477f7c7] INFO  - [HiveMQ Platform Operator Init App 1.7.0-SNAPSHOT] Starting the REST API on 10.42.0.6:7979
2025-01-29 13:38:39,091 INFO c.h.h.t.HelmChartContainer - [test-hivemq-platform] [hivemq] [4477f7c7] INFO  - [HiveMQ Platform Operator Init App 1.7.0-SNAPSHOT] Waiting up to 600s for at most 1 HiveMQ nodes in cluster service hivemq-test-hivemq-platform-cluster.helmbridgeextensionit.svc
2025-01-29 13:38:39,405 INFO c.h.h.t.HelmChartContainer - [test-hivemq-platform] [hivemq] [4477f7c7] INFO  - [HiveMQ Platform Operator Init App 1.7.0-SNAPSHOT] Resolved 1 IP addresses: [10.42.0.6]
2025-01-29 13:38:39,405 INFO c.h.h.t.HelmChartContainer - [test-hivemq-platform] [hivemq] [4477f7c7] INFO  - [HiveMQ Platform Operator Init App 1.7.0-SNAPSHOT] HiveMQ node count of 1 is within threshold of 1
2025-01-29 13:38:39,405 INFO c.h.h.t.HelmChartContainer - [test-hivemq-platform] [hivemq] [4477f7c7] INFO  - [HiveMQ Platform Operator Init App 1.7.0-SNAPSHOT] Proceeding with container start
2025-01-29 13:38:39,520 INFO c.h.h.t.HelmChartContainer - [test-hivemq-platform] [hivemq] [4477f7c7] INFO  - [HiveMQ Platform Operator Init App 1.7.0-SNAPSHOT] Initializing HiveMQ Platform extensions with initial configuration: {hivemq-bridge-extension={start-priority=-1, skip-https-hostname-verification=false, restart=true, config-version=519, header-version=0, c-uri=, priority=-1, uri=preinstalled, skip-https-certificate-validation=false, enabled=true}, hivemq-prometheus-extension={enabled=true, request-header-path=no-request-headers, uri=preinstalled, skip-https-certificate-validation=false, skip-https-hostname-verification=false, c-uri=, start-priority=-1, priority=-1, restart=true}}
2025-01-29 13:38:40,085 INFO c.h.h.t.HelmChartContainer - [test-hivemq-platform] [hivemq] [4477f7c7] INFO  - [HiveMQ Platform Operator Init App 1.7.0-SNAPSHOT] Successfully enabled extension hivemq-bridge-extension
2025-01-29 13:38:40,097 INFO c.h.h.t.HelmChartContainer - [test-hivemq-platform] [hivemq] [4477f7c7] INFO  - [HiveMQ Platform Operator Init App 1.7.0-SNAPSHOT] Successfully enabled extension hivemq-prometheus-extension
2025-01-29 13:38:40,099 INFO c.h.h.t.HelmChartContainer - [test-hivemq-platform] [hivemq] [4477f7c7] INFO  - [HiveMQ Platform Operator Init App 1.7.0-SNAPSHOT] Starting HiveMQ Platform version 4.36.0 (4.36.0)
2025-01-29 13:38:40,099 INFO c.h.h.t.HelmChartContainer - [test-hivemq-platform] [hivemq] [4477f7c7] INFO  - [HiveMQ Platform Operator Init App 1.7.0-SNAPSHOT] Configuring the HiveMQ Platform
2025-01-29 13:38:40,187 INFO c.h.h.t.HelmChartContainer - [test-hivemq-platform] [hivemq] [4477f7c7] INFO  - [HiveMQ Platform Operator Init App 1.7.0-SNAPSHOT] Changed logback.xml file scan period to 20 seconds
2025-01-29 13:38:40,282 INFO c.h.h.t.HelmChartContainer - [test-hivemq-platform] [hivemq] [4477f7c7] INFO  - [HiveMQ Platform Operator Init App 1.7.0-SNAPSHOT] Starting the HiveMQ Platform
2025-01-29 13:38:40,285 INFO c.h.h.t.HelmChartContainer - [test-hivemq-platform] [hivemq] [4477f7c7] -------------------------------------------------------------------------
2025-01-29 13:38:40,286 INFO c.h.h.t.HelmChartContainer - [test-hivemq-platform] [hivemq] [4477f7c7] 
2025-01-29 13:38:40,286 INFO c.h.h.t.HelmChartContainer - [test-hivemq-platform] [hivemq] [4477f7c7]                   _    _  _              __  __   ____
2025-01-29 13:38:40,286 INFO c.h.h.t.HelmChartContainer - [test-hivemq-platform] [hivemq] [4477f7c7]                  | |  | |(_)            |  \/  | / __ \
2025-01-29 13:38:40,286 INFO c.h.h.t.HelmChartContainer - [test-hivemq-platform] [hivemq] [4477f7c7]                  | |__| | _ __   __ ___ | \  / || |  | |
2025-01-29 13:38:40,286 INFO c.h.h.t.HelmChartContainer - [test-hivemq-platform] [hivemq] [4477f7c7]                  |  __  || |\ \ / // _ \| |\/| || |  | |
2025-01-29 13:38:40,286 INFO c.h.h.t.HelmChartContainer - [test-hivemq-platform] [hivemq] [4477f7c7]                  | |  | || | \ V /|  __/| |  | || |__| |
2025-01-29 13:38:40,286 INFO c.h.h.t.HelmChartContainer - [test-hivemq-platform] [hivemq] [4477f7c7]                  |_|  |_||_|  \_/  \___||_|  |_| \___\_\
2025-01-29 13:38:40,286 INFO c.h.h.t.HelmChartContainer - [test-hivemq-platform] [hivemq] [4477f7c7] 
2025-01-29 13:38:40,286 INFO c.h.h.t.HelmChartContainer - [test-hivemq-platform] [hivemq] [4477f7c7] -------------------------------------------------------------------------
2025-01-29 13:38:40,286 INFO c.h.h.t.HelmChartContainer - [test-hivemq-platform] [hivemq] [4477f7c7] 
2025-01-29 13:38:40,286 INFO c.h.h.t.HelmChartContainer - [test-hivemq-platform] [hivemq] [4477f7c7]   HiveMQ Start Script for Linux/Unix v1.14
2025-01-29 13:38:40,286 INFO c.h.h.t.HelmChartContainer - [test-hivemq-platform] [hivemq] [4477f7c7] 
2025-01-29 13:38:40,315 INFO c.h.h.t.HelmChartContainer - [test-hivemq-platform] [hivemq] [4477f7c7] -------------------------------------------------------------------------
2025-01-29 13:38:40,315 INFO c.h.h.t.HelmChartContainer - [test-hivemq-platform] [hivemq] [4477f7c7] 
2025-01-29 13:38:40,315 INFO c.h.h.t.HelmChartContainer - [test-hivemq-platform] [hivemq] [4477f7c7]   HIVEMQ_HOME: /opt/hivemq
2025-01-29 13:38:40,315 INFO c.h.h.t.HelmChartContainer - [test-hivemq-platform] [hivemq] [4477f7c7] 
2025-01-29 13:38:40,315 INFO c.h.h.t.HelmChartContainer - [test-hivemq-platform] [hivemq] [4477f7c7]   JAVA_OPTS: -XX:+UnlockExperimentalVMOptions -XX:InitialRAMPercentage=50 -XX:MaxRAMPercentage=50 -Djava.net.preferIPv4Stack=true --add-opens java.base/java.lang=ALL-UNNAMED --add-opens java.base/java.nio=ALL-UNNAMED --add-opens java.base/sun.nio.ch=ALL-UNNAMED --add-opens jdk.management/com.sun.management.internal=ALL-UNNAMED --add-exports java.base/jdk.internal.misc=ALL-UNNAMED -Djava.security.egd=file:/dev/./urandom -Dcom.sun.management.jmxremote -Dcom.sun.management.jmxremote.port=9010 -Dcom.sun.management.jmxremote.local.only=false -Dcom.sun.management.jmxremote.authenticate=false -Dcom.sun.management.jmxremote.ssl=false -Duser.language=en -Duser.region=US -XX:+CrashOnOutOfMemoryError -XX:+HeapDumpOnOutOfMemoryError
2025-01-29 13:38:40,315 INFO c.h.h.t.HelmChartContainer - [test-hivemq-platform] [hivemq] [4477f7c7] 
2025-01-29 13:38:40,315 INFO c.h.h.t.HelmChartContainer - [test-hivemq-platform] [hivemq] [4477f7c7]   JAVA_VERSION: 21
2025-01-29 13:38:40,315 INFO c.h.h.t.HelmChartContainer - [test-hivemq-platform] [hivemq] [4477f7c7] 
2025-01-29 13:38:40,315 INFO c.h.h.t.HelmChartContainer - [test-hivemq-platform] [hivemq] [4477f7c7] -------------------------------------------------------------------------
2025-01-29 13:38:40,315 INFO c.h.h.t.HelmChartContainer - [test-hivemq-platform] [hivemq] [4477f7c7] 
2025-01-29 13:38:41,390 INFO c.h.h.t.HelmChartContainer - [test-hivemq-platform] [hivemq] [4477f7c7] INFO  - [HiveMQ Platform Operator Init App 1.7.0-SNAPSHOT] Returning default Health API response 503 for readiness
2025-01-29 13:38:41,699 INFO c.h.h.t.HelmChartContainer - [EVENT] Warning [Unhealthy] Readiness probe failed: HTTP probe failed with statuscode: 503 [helmbridgeextensionit:test-hivemq-platform-0]
2025-01-29 13:38:41,699 INFO c.h.h.t.HelmChartContainer - Received Unhealthy event for container hivemq in pod test-hivemq-platform-0 [4477f7c7-a546-4aa4-bbae-c9b09930cc10]
2025-01-29 13:38:42,990 INFO c.h.h.t.HelmChartContainer - [test-hivemq-platform] [hivemq] [4477f7c7] INFO  - Starting HiveMQ Enterprise Server
2025-01-29 13:38:42,996 INFO c.h.h.t.HelmChartContainer - [test-hivemq-platform] [hivemq] [4477f7c7] INFO  - HiveMQ version: 4.36.0
2025-01-29 13:38:42,996 INFO c.h.h.t.HelmChartContainer - [test-hivemq-platform] [hivemq] [4477f7c7] INFO  - HiveMQ home directory: /opt/hivemq
2025-01-29 13:38:42,996 INFO c.h.h.t.HelmChartContainer - [test-hivemq-platform] [hivemq] [4477f7c7] INFO  - Log Configuration was overridden by /opt/hivemq/conf/logback.xml
2025-01-29 13:38:44,494 INFO c.h.h.t.HelmChartContainer - [test-hivemq-platform] [hivemq] [4477f7c7] INFO  - Successfully loaded configuration from '/opt/hivemq/conf-k8s/config.xml'.
2025-01-29 13:38:45,289 INFO c.h.h.t.HelmChartContainer - [test-hivemq-platform] [hivemq] [4477f7c7] INFO  - This node's ID is FKPPc
2025-01-29 13:38:45,289 INFO c.h.h.t.HelmChartContainer - [test-hivemq-platform] [hivemq] [4477f7c7] INFO  - Clustering is enabled
2025-01-29 13:38:45,423 INFO c.h.h.t.HelmChartContainer - [hivemq-test-hivemq-platform] [hivemq-platform-operator] [9a9008c9] 13:38:45.420 [pool-6-thread-8] DEBUG c.h.p.o.d.PlatformServiceResource - [helmbrid] Desired Platform services (3 services)
2025-01-29 13:38:45,425 INFO c.h.h.t.HelmChartContainer - [hivemq-test-hivemq-platform] [hivemq-platform-operator] [9a9008c9] 13:38:45.421 [pool-6-thread-5] DEBUG c.h.p.o.dependants.PodInfoConfigMap - [helmbrid] Desired PodInfo ConfigMap (1 extensions) (1 enabled)
2025-01-29 13:38:45,425 INFO c.h.h.t.HelmChartContainer - [hivemq-test-hivemq-platform] [hivemq-platform-operator] [9a9008c9] 13:38:45.421 [pool-6-thread-5] DEBUG c.h.p.o.dependants.PodInfoConfigMap - [helmbrid] Desired PodInfo ConfigMap (metrics port: 9399) (metrics path: /)
2025-01-29 13:38:45,425 INFO c.h.h.t.HelmChartContainer - [hivemq-test-hivemq-platform] [hivemq-platform-operator] [9a9008c9] 13:38:45.421 [pool-6-thread-5] DEBUG c.h.p.o.dependants.PodInfoConfigMap - [helmbrid] Desired PodInfo ConfigMap (extension state hash: 644225871)
2025-01-29 13:38:45,425 INFO c.h.h.t.HelmChartContainer - [hivemq-test-hivemq-platform] [hivemq-platform-operator] [9a9008c9] 13:38:45.423 [pool-6-thread-4] DEBUG c.h.p.o.d.PodServiceAccountResource - [helmbrid] Desired PodServiceAccountResource (serviceAccountName: hivemq-platform-pod-test-hivemq-platform)
2025-01-29 13:38:45,430 INFO c.h.h.t.HelmChartContainer - [hivemq-test-hivemq-platform] [hivemq-platform-operator] [9a9008c9] 13:38:45.428 [pool-6-thread-1] DEBUG c.h.p.o.d.StatefulSetResource - [helmbrid] Desired StatefulSet (1 replicas) for status STARTING (READY)
2025-01-29 13:38:45,434 INFO c.h.h.t.HelmChartContainer - [hivemq-test-hivemq-platform] [hivemq-platform-operator] [9a9008c9] 13:38:45.433 [ReconcilerExecutor-hivemq-controller-109] INFO  c.h.p.o.HiveMQPlatformReconciler - [helmbrid] Reconciling HiveMQ Platform 'test-hivemq-platform' in namespace 'helmbridgeextensionit'
2025-01-29 13:38:45,434 INFO c.h.h.t.HelmChartContainer - [hivemq-test-hivemq-platform] [hivemq-platform-operator] [9a9008c9] 13:38:45.433 [ReconcilerExecutor-hivemq-controller-109] DEBUG c.h.p.o.HiveMQPlatformReconciler - [helmbrid] Custom Resource Status STARTING - HiveMQ Platform is starting (READY)
2025-01-29 13:38:45,434 INFO c.h.h.t.HelmChartContainer - [hivemq-test-hivemq-platform] [hivemq-platform-operator] [9a9008c9] 13:38:45.433 [ReconcilerExecutor-hivemq-controller-109] DEBUG c.h.p.o.HiveMQPlatformReconciler - [helmbrid] Custom Resource Spec (replicas: 1) (extensions: 1)
2025-01-29 13:38:45,437 INFO c.h.h.t.HelmChartContainer - [hivemq-test-hivemq-platform] [hivemq-platform-operator] [9a9008c9] 13:38:45.436 [ReconcilerExecutor-hivemq-controller-109] DEBUG c.h.p.o.HiveMQPlatformReconciler - [helmbrid] StatefulSet Status (revision: test-hivemq-platform-5686c99fcc, replicas: 1, available: 0, ready: 0, current: 1, updated: 1)
2025-01-29 13:38:45,438 INFO c.h.h.t.HelmChartContainer - [hivemq-test-hivemq-platform] [hivemq-platform-operator] [9a9008c9] 13:38:45.436 [ReconcilerExecutor-hivemq-controller-109] DEBUG c.h.p.o.HiveMQPlatformReconciler - [helmbrid] StatefulSet Spec (replicas: 1, init containers: 1, containers: 1, volumes: 4)
2025-01-29 13:38:45,507 INFO c.h.h.t.HelmChartContainer - [hivemq-test-hivemq-platform] [hivemq-platform-operator] [9a9008c9] 13:38:45.505 [ReconcilerExecutor-hivemq-controller-109] DEBUG c.h.p.o.h.HiveMQPlatformReconcilerErrorHandler - [helmbrid] Pod 'test-hivemq-platform-0' phase Running
2025-01-29 13:38:45,508 INFO c.h.h.t.HelmChartContainer - [hivemq-test-hivemq-platform] [hivemq-platform-operator] [9a9008c9] 13:38:45.507 [ReconcilerExecutor-hivemq-controller-109] INFO  c.h.p.o.h.HiveMQPlatformReconcilerBaseHandler - [helmbrid] HiveMQ Platform is starting, 0 of 1 replicas are ready
2025-01-29 13:38:46,891 INFO c.h.h.t.HelmChartContainer - [test-hivemq-platform] [hivemq] [4477f7c7] WARN  - [HiveMQ Platform Operator Init App 1.7.0-SNAPSHOT] Cannot connect to Health API for readiness: null
2025-01-29 13:38:46,899 INFO c.h.h.t.HelmChartContainer - [EVENT] Warning [Unhealthy] Readiness probe failed: HTTP probe failed with statuscode: 503 [helmbridgeextensionit:test-hivemq-platform-0]
2025-01-29 13:38:46,899 INFO c.h.h.t.HelmChartContainer - Received Unhealthy event for container hivemq in pod test-hivemq-platform-0 [4477f7c7-a546-4aa4-bbae-c9b09930cc10]
2025-01-29 13:38:50,483 INFO c.h.h.t.HelmChartContainer - [test-hivemq-platform] [hivemq] [4477f7c7] Jan 29, 2025 1:38:50 PM io.vertx.core.impl.BlockedThreadChecker
2025-01-29 13:38:50,485 INFO c.h.h.t.HelmChartContainer - [test-hivemq-platform] [hivemq] [4477f7c7] WARNING: Thread Thread[vert.x-eventloop-thread-1,5,main] has been blocked for 2801 ms, time limit is 2000 ms
2025-01-29 13:38:51,083 INFO c.h.h.t.HelmChartContainer - [test-hivemq-platform] [hivemq] [4477f7c7] INFO  - [HiveMQ Platform Operator Init App 1.7.0-SNAPSHOT] Updating Pod HiveMQ Platform Operator Init App version annotation (version: 1.7.0-SNAPSHOT)
2025-01-29 13:38:51,384 INFO c.h.h.t.HelmChartContainer - [test-hivemq-platform] [hivemq] [4477f7c7] WARN  - [HiveMQ Platform Operator Init App 1.7.0-SNAPSHOT] Cannot connect to Health API for readiness: null
2025-01-29 13:38:51,391 INFO c.h.h.t.HelmChartContainer - [EVENT] Warning [Unhealthy] Readiness probe failed: HTTP probe failed with statuscode: 503 [helmbridgeextensionit:test-hivemq-platform-0]
2025-01-29 13:38:51,391 INFO c.h.h.t.HelmChartContainer - Received Unhealthy event for container hivemq in pod test-hivemq-platform-0 [4477f7c7-a546-4aa4-bbae-c9b09930cc10]
2025-01-29 13:38:51,802 INFO c.h.h.t.HelmChartContainer - [POD] test-hivemq-platform-0 [4477f7c7-a546-4aa4-bbae-c9b09930cc10] in helmbridgeextensionit was MODIFIED
2025-01-29 13:38:51,806 INFO c.h.h.t.HelmChartContainer - [hivemq-test-hivemq-platform] [hivemq-platform-operator] [9a9008c9] 13:38:51.805 [pool-6-thread-16] DEBUG c.h.p.o.d.PlatformServiceResource - [helmbrid] Desired Platform services (3 services)
2025-01-29 13:38:51,809 INFO c.h.h.t.HelmChartContainer - [hivemq-test-hivemq-platform] [hivemq-platform-operator] [9a9008c9] 13:38:51.808 [pool-6-thread-18] DEBUG c.h.p.o.d.PodServiceAccountResource - [helmbrid] Desired PodServiceAccountResource (serviceAccountName: hivemq-platform-pod-test-hivemq-platform)
2025-01-29 13:38:51,813 INFO c.h.h.t.HelmChartContainer - [hivemq-test-hivemq-platform] [hivemq-platform-operator] [9a9008c9] 13:38:51.811 [pool-6-thread-14] DEBUG c.h.p.o.dependants.PodInfoConfigMap - [helmbrid] Desired PodInfo ConfigMap (1 extensions) (1 enabled)
2025-01-29 13:38:51,815 INFO c.h.h.t.HelmChartContainer - [hivemq-test-hivemq-platform] [hivemq-platform-operator] [9a9008c9] 13:38:51.812 [pool-6-thread-14] DEBUG c.h.p.o.dependants.PodInfoConfigMap - [helmbrid] Desired PodInfo ConfigMap (metrics port: 9399) (metrics path: /)
2025-01-29 13:38:51,816 INFO c.h.h.t.HelmChartContainer - [hivemq-test-hivemq-platform] [hivemq-platform-operator] [9a9008c9] 13:38:51.812 [pool-6-thread-14] DEBUG c.h.p.o.dependants.PodInfoConfigMap - [helmbrid] Desired PodInfo ConfigMap (extension state hash: 644225871)
2025-01-29 13:38:51,816 INFO c.h.h.t.HelmChartContainer - [hivemq-test-hivemq-platform] [hivemq-platform-operator] [9a9008c9] 13:38:51.815 [pool-6-thread-14] DEBUG c.h.p.o.d.StatefulSetResource - [helmbrid] Desired StatefulSet (1 replicas) for status STARTING (READY)
2025-01-29 13:38:51,821 INFO c.h.h.t.HelmChartContainer - [hivemq-test-hivemq-platform] [hivemq-platform-operator] [9a9008c9] 13:38:51.819 [ReconcilerExecutor-hivemq-controller-110] INFO  c.h.p.o.HiveMQPlatformReconciler - [helmbrid] Reconciling HiveMQ Platform 'test-hivemq-platform' in namespace 'helmbridgeextensionit'
2025-01-29 13:38:51,822 INFO c.h.h.t.HelmChartContainer - [hivemq-test-hivemq-platform] [hivemq-platform-operator] [9a9008c9] 13:38:51.819 [ReconcilerExecutor-hivemq-controller-110] DEBUG c.h.p.o.HiveMQPlatformReconciler - [helmbrid] Custom Resource Status STARTING - HiveMQ Platform is starting (READY)
2025-01-29 13:38:51,822 INFO c.h.h.t.HelmChartContainer - [hivemq-test-hivemq-platform] [hivemq-platform-operator] [9a9008c9] 13:38:51.819 [ReconcilerExecutor-hivemq-controller-110] DEBUG c.h.p.o.HiveMQPlatformReconciler - [helmbrid] Custom Resource Spec (replicas: 1) (extensions: 1)
2025-01-29 13:38:51,887 INFO c.h.h.t.HelmChartContainer - [test-hivemq-platform] [hivemq] [4477f7c7] WARN  - [HiveMQ Platform Operator Init App 1.7.0-SNAPSHOT] Cannot connect to Health API for readiness: null
2025-01-29 13:38:51,895 INFO c.h.h.t.HelmChartContainer - [EVENT] Warning [Unhealthy] Readiness probe failed: HTTP probe failed with statuscode: 503 [helmbridgeextensionit:test-hivemq-platform-0]
2025-01-29 13:38:51,895 INFO c.h.h.t.HelmChartContainer - [test-hivemq-platform] [hivemq] [4477f7c7] INFO  - [HiveMQ Platform Operator Init App 1.7.0-SNAPSHOT] Successfully updated Pod HiveMQ Platform Operator Init App version annotation (version: 1.7.0-SNAPSHOT)
2025-01-29 13:38:51,896 INFO c.h.h.t.HelmChartContainer - Received Unhealthy event for container hivemq in pod test-hivemq-platform-0 [4477f7c7-a546-4aa4-bbae-c9b09930cc10]
2025-01-29 13:38:51,901 INFO c.h.h.t.HelmChartContainer - [hivemq-test-hivemq-platform] [hivemq-platform-operator] [9a9008c9] 13:38:51.899 [ReconcilerExecutor-hivemq-controller-110] DEBUG c.h.p.o.HiveMQPlatformReconciler - [helmbrid] StatefulSet Status (revision: test-hivemq-platform-5686c99fcc, replicas: 1, available: 0, ready: 0, current: 1, updated: 1)
2025-01-29 13:38:51,902 INFO c.h.h.t.HelmChartContainer - [hivemq-test-hivemq-platform] [hivemq-platform-operator] [9a9008c9] 13:38:51.899 [ReconcilerExecutor-hivemq-controller-110] DEBUG c.h.p.o.HiveMQPlatformReconciler - [helmbrid] StatefulSet Spec (replicas: 1, init containers: 1, containers: 1, volumes: 4)
2025-01-29 13:38:51,902 INFO c.h.h.t.HelmChartContainer - [hivemq-test-hivemq-platform] [hivemq-platform-operator] [9a9008c9] 13:38:51.901 [ReconcilerExecutor-hivemq-controller-110] DEBUG c.h.p.o.h.HiveMQPlatformReconcilerErrorHandler - [helmbrid] Pod 'test-hivemq-platform-0' phase Running
2025-01-29 13:38:51,904 INFO c.h.h.t.HelmChartContainer - [hivemq-test-hivemq-platform] [hivemq-platform-operator] [9a9008c9] 13:38:51.903 [ReconcilerExecutor-hivemq-controller-110] INFO  c.h.p.o.h.HiveMQPlatformReconcilerBaseHandler - [helmbrid] HiveMQ Platform is starting, 0 of 1 replicas are ready
2025-01-29 13:38:56,872 INFO c.h.h.t.HelmChartContainer - [test-hivemq-platform] [hivemq] [4477f7c7] WARN  - [HiveMQ Platform Operator Init App 1.7.0-SNAPSHOT] Cannot connect to Health API for readiness: null
2025-01-29 13:38:56,878 INFO c.h.h.t.HelmChartContainer - [EVENT] Warning [Unhealthy] Readiness probe failed: HTTP probe failed with statuscode: 503 [helmbridgeextensionit:test-hivemq-platform-0]
2025-01-29 13:38:56,878 INFO c.h.h.t.HelmChartContainer - Received Unhealthy event for container hivemq in pod test-hivemq-platform-0 [4477f7c7-a546-4aa4-bbae-c9b09930cc10]
2025-01-29 13:39:01,886 INFO c.h.h.t.HelmChartContainer - [test-hivemq-platform] [hivemq] [4477f7c7] WARN  - [HiveMQ Platform Operator Init App 1.7.0-SNAPSHOT] Cannot connect to Health API for readiness: null
2025-01-29 13:39:01,891 INFO c.h.h.t.HelmChartContainer - [EVENT] Warning [Unhealthy] Readiness probe failed: HTTP probe failed with statuscode: 503 [helmbridgeextensionit:test-hivemq-platform-0]
2025-01-29 13:39:01,891 INFO c.h.h.t.HelmChartContainer - Received Unhealthy event for container hivemq in pod test-hivemq-platform-0 [4477f7c7-a546-4aa4-bbae-c9b09930cc10]
2025-01-29 13:39:01,910 INFO c.h.h.t.HelmChartContainer - [hivemq-test-hivemq-platform] [hivemq-platform-operator] [9a9008c9] 13:39:01.907 [pool-6-thread-26] DEBUG c.h.p.o.d.PlatformServiceResource - [helmbrid] Desired Platform services (3 services)
2025-01-29 13:39:01,910 INFO c.h.h.t.HelmChartContainer - [hivemq-test-hivemq-platform] [hivemq-platform-operator] [9a9008c9] 13:39:01.908 [pool-6-thread-24] DEBUG c.h.p.o.d.PodServiceAccountResource - [helmbrid] Desired PodServiceAccountResource (serviceAccountName: hivemq-platform-pod-test-hivemq-platform)
2025-01-29 13:39:01,914 INFO c.h.h.t.HelmChartContainer - [hivemq-test-hivemq-platform] [hivemq-platform-operator] [9a9008c9] 13:39:01.912 [pool-6-thread-25] DEBUG c.h.p.o.dependants.PodInfoConfigMap - [helmbrid] Desired PodInfo ConfigMap (1 extensions) (1 enabled)
2025-01-29 13:39:01,914 INFO c.h.h.t.HelmChartContainer - [hivemq-test-hivemq-platform] [hivemq-platform-operator] [9a9008c9] 13:39:01.912 [pool-6-thread-25] DEBUG c.h.p.o.dependants.PodInfoConfigMap - [helmbrid] Desired PodInfo ConfigMap (metrics port: 9399) (metrics path: /)
2025-01-29 13:39:01,914 INFO c.h.h.t.HelmChartContainer - [hivemq-test-hivemq-platform] [hivemq-platform-operator] [9a9008c9] 13:39:01.912 [pool-6-thread-25] DEBUG c.h.p.o.dependants.PodInfoConfigMap - [helmbrid] Desired PodInfo ConfigMap (extension state hash: 644225871)
2025-01-29 13:39:01,918 INFO c.h.h.t.HelmChartContainer - [hivemq-test-hivemq-platform] [hivemq-platform-operator] [9a9008c9] 13:39:01.917 [pool-6-thread-30] DEBUG c.h.p.o.d.StatefulSetResource - [helmbrid] Desired StatefulSet (1 replicas) for status STARTING (READY)
2025-01-29 13:39:02,010 INFO c.h.h.t.HelmChartContainer - [hivemq-test-hivemq-platform] [hivemq-platform-operator] [9a9008c9] 13:39:02.008 [ReconcilerExecutor-hivemq-controller-111] INFO  c.h.p.o.HiveMQPlatformReconciler - [helmbrid] Reconciling HiveMQ Platform 'test-hivemq-platform' in namespace 'helmbridgeextensionit'
2025-01-29 13:39:02,010 INFO c.h.h.t.HelmChartContainer - [hivemq-test-hivemq-platform] [hivemq-platform-operator] [9a9008c9] 13:39:02.009 [ReconcilerExecutor-hivemq-controller-111] DEBUG c.h.p.o.HiveMQPlatformReconciler - [helmbrid] Custom Resource Status STARTING - HiveMQ Platform is starting (READY)
2025-01-29 13:39:02,010 INFO c.h.h.t.HelmChartContainer - [hivemq-test-hivemq-platform] [hivemq-platform-operator] [9a9008c9] 13:39:02.009 [ReconcilerExecutor-hivemq-controller-111] DEBUG c.h.p.o.HiveMQPlatformReconciler - [helmbrid] Custom Resource Spec (replicas: 1) (extensions: 1)
2025-01-29 13:39:02,014 INFO c.h.h.t.HelmChartContainer - [hivemq-test-hivemq-platform] [hivemq-platform-operator] [9a9008c9] 13:39:02.011 [ReconcilerExecutor-hivemq-controller-111] DEBUG c.h.p.o.HiveMQPlatformReconciler - [helmbrid] StatefulSet Status (revision: test-hivemq-platform-5686c99fcc, replicas: 1, available: 0, ready: 0, current: 1, updated: 1)
2025-01-29 13:39:02,015 INFO c.h.h.t.HelmChartContainer - [hivemq-test-hivemq-platform] [hivemq-platform-operator] [9a9008c9] 13:39:02.012 [ReconcilerExecutor-hivemq-controller-111] DEBUG c.h.p.o.HiveMQPlatformReconciler - [helmbrid] StatefulSet Spec (replicas: 1, init containers: 1, containers: 1, volumes: 4)
2025-01-29 13:39:02,015 INFO c.h.h.t.HelmChartContainer - [hivemq-test-hivemq-platform] [hivemq-platform-operator] [9a9008c9] 13:39:02.013 [ReconcilerExecutor-hivemq-controller-111] DEBUG c.h.p.o.h.HiveMQPlatformReconcilerErrorHandler - [helmbrid] Pod 'test-hivemq-platform-0' phase Running
2025-01-29 13:39:02,015 INFO c.h.h.t.HelmChartContainer - [hivemq-test-hivemq-platform] [hivemq-platform-operator] [9a9008c9] 13:39:02.014 [ReconcilerExecutor-hivemq-controller-111] INFO  c.h.p.o.h.HiveMQPlatformReconcilerBaseHandler - [helmbrid] HiveMQ Platform is starting, 0 of 1 replicas are ready
2025-01-29 13:39:03,589 INFO c.h.h.t.HelmChartContainer - [test-hivemq-platform] [hivemq] [4477f7c7] INFO  - No valid license file found. Using trial license, restricted to 25 connections.
2025-01-29 13:39:03,783 INFO c.h.h.t.HelmChartContainer - [test-hivemq-platform] [hivemq] [4477f7c7] WARN  - [HiveMQ Platform Operator Init App 1.7.0-SNAPSHOT] Cannot connect to Health API for liveness: null
2025-01-29 13:39:03,784 INFO c.h.h.t.HelmChartContainer - [test-hivemq-platform] [hivemq] [4477f7c7] INFO  - [HiveMQ Platform Operator Init App 1.7.0-SNAPSHOT] Returning default Health API response 200 for liveness
2025-01-29 13:39:06,874 INFO c.h.h.t.HelmChartContainer - [test-hivemq-platform] [hivemq] [4477f7c7] WARN  - [HiveMQ Platform Operator Init App 1.7.0-SNAPSHOT] Cannot connect to Health API for readiness: null
2025-01-29 13:39:06,879 INFO c.h.h.t.HelmChartContainer - [EVENT] Warning [Unhealthy] Readiness probe failed: HTTP probe failed with statuscode: 503 [helmbridgeextensionit:test-hivemq-platform-0]
2025-01-29 13:39:06,879 INFO c.h.h.t.HelmChartContainer - Received Unhealthy event for container hivemq in pod test-hivemq-platform-0 [4477f7c7-a546-4aa4-bbae-c9b09930cc10]
2025-01-29 13:39:08,288 INFO c.h.h.t.HelmChartContainer - [test-hivemq-platform] [hivemq] [4477f7c7] INFO  - No valid license file for Data Hub found. Using free license, restricted to 1 policy.
2025-01-29 13:39:09,481 INFO c.h.h.t.HelmChartContainer - [test-hivemq-platform] [hivemq] [4477f7c7] INFO  - Audit Logger started.
2025-01-29 13:39:09,773 INFO c.h.h.t.HelmChartContainer - [test-hivemq-platform] [hivemq] [4477f7c7] INFO  - This node uses '1' CPU cores.
2025-01-29 13:39:09,785 INFO c.h.h.t.HelmChartContainer - [test-hivemq-platform] [hivemq] [4477f7c7] INFO  - Starting HiveMQ Health API on address 0.0.0.0 and port 8889
2025-01-29 13:39:10,675 INFO c.h.h.t.HelmChartContainer - [test-hivemq-platform] [hivemq] [4477f7c7] INFO  - Started HiveMQ Health API in 890ms
2025-01-29 13:39:11,496 INFO c.h.h.t.HelmChartContainer - [test-hivemq-platform] [hivemq] [4477f7c7] INFO  - Starting HiveMQ extension system.
2025-01-29 13:39:12,022 INFO c.h.h.t.HelmChartContainer - [hivemq-test-hivemq-platform] [hivemq-platform-operator] [9a9008c9] 13:39:12.017 [pool-6-thread-33] DEBUG c.h.p.o.d.PlatformServiceResource - [helmbrid] Desired Platform services (3 services)
2025-01-29 13:39:12,022 INFO c.h.h.t.HelmChartContainer - [hivemq-test-hivemq-platform] [hivemq-platform-operator] [9a9008c9] 13:39:12.018 [pool-6-thread-36] DEBUG c.h.p.o.d.PodServiceAccountResource - [helmbrid] Desired PodServiceAccountResource (serviceAccountName: hivemq-platform-pod-test-hivemq-platform)
2025-01-29 13:39:12,024 INFO c.h.h.t.HelmChartContainer - [hivemq-test-hivemq-platform] [hivemq-platform-operator] [9a9008c9] 13:39:12.020 [pool-6-thread-38] DEBUG c.h.p.o.dependants.PodInfoConfigMap - [helmbrid] Desired PodInfo ConfigMap (1 extensions) (1 enabled)
2025-01-29 13:39:12,025 INFO c.h.h.t.HelmChartContainer - [hivemq-test-hivemq-platform] [hivemq-platform-operator] [9a9008c9] 13:39:12.020 [pool-6-thread-38] DEBUG c.h.p.o.dependants.PodInfoConfigMap - [helmbrid] Desired PodInfo ConfigMap (metrics port: 9399) (metrics path: /)
2025-01-29 13:39:12,026 INFO c.h.h.t.HelmChartContainer - [hivemq-test-hivemq-platform] [hivemq-platform-operator] [9a9008c9] 13:39:12.020 [pool-6-thread-38] DEBUG c.h.p.o.dependants.PodInfoConfigMap - [helmbrid] Desired PodInfo ConfigMap (extension state hash: 644225871)
2025-01-29 13:39:12,026 INFO c.h.h.t.HelmChartContainer - [hivemq-test-hivemq-platform] [hivemq-platform-operator] [9a9008c9] 13:39:12.025 [pool-6-thread-40] DEBUG c.h.p.o.d.StatefulSetResource - [helmbrid] Desired StatefulSet (1 replicas) for status STARTING (READY)
2025-01-29 13:39:12,033 INFO c.h.h.t.HelmChartContainer - [hivemq-test-hivemq-platform] [hivemq-platform-operator] [9a9008c9] 13:39:12.031 [ReconcilerExecutor-hivemq-controller-112] INFO  c.h.p.o.HiveMQPlatformReconciler - [helmbrid] Reconciling HiveMQ Platform 'test-hivemq-platform' in namespace 'helmbridgeextensionit'
2025-01-29 13:39:12,033 INFO c.h.h.t.HelmChartContainer - [hivemq-test-hivemq-platform] [hivemq-platform-operator] [9a9008c9] 13:39:12.031 [ReconcilerExecutor-hivemq-controller-112] DEBUG c.h.p.o.HiveMQPlatformReconciler - [helmbrid] Custom Resource Status STARTING - HiveMQ Platform is starting (READY)
2025-01-29 13:39:12,033 INFO c.h.h.t.HelmChartContainer - [hivemq-test-hivemq-platform] [hivemq-platform-operator] [9a9008c9] 13:39:12.031 [ReconcilerExecutor-hivemq-controller-112] DEBUG c.h.p.o.HiveMQPlatformReconciler - [helmbrid] Custom Resource Spec (replicas: 1) (extensions: 1)
2025-01-29 13:39:12,034 INFO c.h.h.t.HelmChartContainer - [hivemq-test-hivemq-platform] [hivemq-platform-operator] [9a9008c9] 13:39:12.033 [ReconcilerExecutor-hivemq-controller-112] DEBUG c.h.p.o.HiveMQPlatformReconciler - [helmbrid] StatefulSet Status (revision: test-hivemq-platform-5686c99fcc, replicas: 1, available: 0, ready: 0, current: 1, updated: 1)
2025-01-29 13:39:12,034 INFO c.h.h.t.HelmChartContainer - [hivemq-test-hivemq-platform] [hivemq-platform-operator] [9a9008c9] 13:39:12.033 [ReconcilerExecutor-hivemq-controller-112] DEBUG c.h.p.o.HiveMQPlatformReconciler - [helmbrid] StatefulSet Spec (replicas: 1, init containers: 1, containers: 1, volumes: 4)
2025-01-29 13:39:12,035 INFO c.h.h.t.HelmChartContainer - [hivemq-test-hivemq-platform] [hivemq-platform-operator] [9a9008c9] 13:39:12.035 [ReconcilerExecutor-hivemq-controller-112] DEBUG c.h.p.o.h.HiveMQPlatformReconcilerErrorHandler - [helmbrid] Pod 'test-hivemq-platform-0' phase Running
2025-01-29 13:39:12,036 INFO c.h.h.t.HelmChartContainer - [hivemq-test-hivemq-platform] [hivemq-platform-operator] [9a9008c9] 13:39:12.035 [ReconcilerExecutor-hivemq-controller-112] INFO  c.h.p.o.h.HiveMQPlatformReconcilerBaseHandler - [helmbrid] HiveMQ Platform is starting, 0 of 1 replicas are ready
2025-01-29 13:39:12,844 INFO c.h.h.t.HelmChartContainer - [EVENT] Warning [Unhealthy] Readiness probe failed: Get "http://10.42.0.6:7979/readiness": context deadline exceeded (Client.Timeout exceeded while awaiting headers) [helmbridgeextensionit:test-hivemq-platform-0]
2025-01-29 13:39:12,845 INFO c.h.h.t.HelmChartContainer - Received Unhealthy event for container hivemq in pod test-hivemq-platform-0 [4477f7c7-a546-4aa4-bbae-c9b09930cc10]
2025-01-29 13:39:13,084 INFO c.h.h.t.HelmChartContainer - [test-hivemq-platform] [hivemq] [4477f7c7] INFO  - [HiveMQ Platform Operator Init App 1.7.0-SNAPSHOT] Returning Health API response 503 for readiness
2025-01-29 13:39:14,288 INFO c.h.h.t.HelmChartContainer - [test-hivemq-platform] [hivemq] [4477f7c7] INFO  - No license found for enterprise extension with name "HiveMQ Enterprise Bridge Extension". Entering extension trial mode. "HiveMQ Enterprise Bridge Extension" will be disabled in 5 hours.
2025-01-29 13:39:14,489 INFO c.h.h.t.HelmChartContainer - [test-hivemq-platform] [hivemq] [4477f7c7] INFO  - Starting extension with id "hivemq-dns-cluster-discovery" at /opt/hivemq/extensions/hivemq-dns-cluster-discovery
2025-01-29 13:39:14,987 INFO c.h.h.t.HelmChartContainer - [test-hivemq-platform] [hivemq] [4477f7c7] INFO  - Using TCP cluster transport on address 10.42.0.6 and port 7000
2025-01-29 13:39:15,072 INFO c.h.h.t.HelmChartContainer - [test-hivemq-platform] [hivemq] [4477f7c7] INFO  - Using extension cluster discovery
2025-01-29 13:39:15,091 INFO c.h.h.t.HelmChartContainer - [test-hivemq-platform] [hivemq] [4477f7c7] INFO  - Extension "DNS Cluster Discovery Extension" version 4.3.2 started successfully.
2025-01-29 13:39:15,093 INFO c.h.h.t.HelmChartContainer - [test-hivemq-platform] [hivemq] [4477f7c7] INFO  - Starting extension with id "hivemq-bridge-extension" at /opt/hivemq/extensions/hivemq-bridge-extension
2025-01-29 13:39:15,974 INFO c.h.h.t.HelmChartContainer - [test-hivemq-platform] [hivemq] [4477f7c7] INFO  - HiveMQ Enterprise Bridge Extension: Successfully loaded configuration from '/opt/hivemq/extensions/hivemq-bridge-extension/conf/config.xml'.
2025-01-29 13:39:16,577 INFO c.h.h.t.HelmChartContainer - [test-hivemq-platform] [hivemq] [4477f7c7] INFO  - Bridge Extension: Connecting to remote brokers...
2025-01-29 13:39:16,890 INFO c.h.h.t.HelmChartContainer - [EVENT] Warning [Unhealthy] Readiness probe failed: HTTP probe failed with statuscode: 503 [helmbridgeextensionit:test-hivemq-platform-0]
2025-01-29 13:39:16,890 INFO c.h.h.t.HelmChartContainer - Received Unhealthy event for container hivemq in pod test-hivemq-platform-0 [4477f7c7-a546-4aa4-bbae-c9b09930cc10]
2025-01-29 13:39:17,186 INFO c.h.h.t.HelmChartContainer - [test-hivemq-platform] [hivemq] [4477f7c7] INFO  - Bridge Extension: Connected to bridge 'testbridge', session present 'false'.
2025-01-29 13:39:17,186 INFO c.h.h.t.HelmChartContainer - [test-hivemq-platform] [hivemq] [4477f7c7] INFO  - Bridge Extension: Connected to bridge 'testbridge', session present 'false'.
2025-01-29 13:39:17,293 INFO c.h.h.t.HelmChartContainer - [test-hivemq-platform] [hivemq] [4477f7c7] WARN  - Node is waiting for an operational cluster member
2025-01-29 13:39:18,271 INFO c.h.h.t.HelmChartContainer - [test-hivemq-platform] [hivemq] [4477f7c7] INFO  - FKPPc: no members discovered after 2889 ms: creating cluster as first member
2025-01-29 13:39:18,278 INFO c.h.h.t.HelmChartContainer - [test-hivemq-platform] [hivemq] [4477f7c7] INFO  - Cluster nodes found by discovery: [FKPPc|0] (1) [FKPPc].
2025-01-29 13:39:18,582 INFO c.h.h.t.HelmChartContainer - [test-hivemq-platform] [hivemq] [4477f7c7] INFO  - Extension "HiveMQ Enterprise Bridge Extension" version 4.36.0 started successfully.
2025-01-29 13:39:18,582 INFO c.h.h.t.HelmChartContainer - [test-hivemq-platform] [hivemq] [4477f7c7] INFO  - Starting extension with id "hivemq-prometheus-extension" at /opt/hivemq/extensions/hivemq-prometheus-extension
2025-01-29 13:39:19,091 INFO c.h.h.t.HelmChartContainer - [test-hivemq-platform] [hivemq] [4477f7c7] INFO  - Started Jetty Server exposing Prometheus Servlet on URI http://0.0.0.0:9399/
2025-01-29 13:39:19,092 INFO c.h.h.t.HelmChartContainer - [test-hivemq-platform] [hivemq] [4477f7c7] INFO  - Extension "Prometheus Monitoring Extension" version 4.0.12 started successfully.
2025-01-29 13:39:19,092 INFO c.h.h.t.HelmChartContainer - [test-hivemq-platform] [hivemq] [4477f7c7] INFO  - Starting extension with id "hivemq-allow-all-extension" at /opt/hivemq/extensions/hivemq-allow-all-extension
2025-01-29 13:39:19,092 INFO c.h.h.t.HelmChartContainer - [test-hivemq-platform] [hivemq] [4477f7c7] WARN  - 
2025-01-29 13:39:19,092 INFO c.h.h.t.HelmChartContainer - [test-hivemq-platform] [hivemq] [4477f7c7] ################################################################################################################
2025-01-29 13:39:19,092 INFO c.h.h.t.HelmChartContainer - [test-hivemq-platform] [hivemq] [4477f7c7] # This HiveMQ deployment is not secure! You are lacking Authentication and Authorization.                      #
2025-01-29 13:39:19,092 INFO c.h.h.t.HelmChartContainer - [test-hivemq-platform] [hivemq] [4477f7c7] # Right now any MQTT client can connect to the broker with a full set of permissions.                          #
2025-01-29 13:39:19,092 INFO c.h.h.t.HelmChartContainer - [test-hivemq-platform] [hivemq] [4477f7c7] # For production usage, add an appropriate security extension and remove the hivemq-allow-all extension.       #
2025-01-29 13:39:19,092 INFO c.h.h.t.HelmChartContainer - [test-hivemq-platform] [hivemq] [4477f7c7] # You can download security extensions from the HiveMQ Marketplace (https://www.hivemq.com/extensions/).       #
2025-01-29 13:39:19,092 INFO c.h.h.t.HelmChartContainer - [test-hivemq-platform] [hivemq] [4477f7c7] ################################################################################################################
2025-01-29 13:39:19,093 INFO c.h.h.t.HelmChartContainer - [test-hivemq-platform] [hivemq] [4477f7c7] INFO  - Extension "Allow All Extension" version 1.1.1 started successfully.
2025-01-29 13:39:19,094 INFO c.h.h.t.HelmChartContainer - [test-hivemq-platform] [hivemq] [4477f7c7] WARN  - No user for HiveMQ Control Center configured. Starting with default user
2025-01-29 13:39:19,094 INFO c.h.h.t.HelmChartContainer - [test-hivemq-platform] [hivemq] [4477f7c7] INFO  - Starting HiveMQ Control Center on address 0.0.0.0 and port 8080
2025-01-29 13:39:19,098 INFO c.h.h.t.HelmChartContainer - [test-hivemq-platform] [hivemq] [4477f7c7] INFO  - Mounting HiveMQ Control Center V2 Preview
2025-01-29 13:39:19,781 INFO c.h.h.t.HelmChartContainer - [test-hivemq-platform] [hivemq] [4477f7c7] INFO  - Started HiveMQ Control Center in 688ms
2025-01-29 13:39:19,796 INFO c.h.h.t.HelmChartContainer - [test-hivemq-platform] [hivemq] [4477f7c7] INFO  - Starting TCP listener on address 0.0.0.0 and port 1883
2025-01-29 13:39:19,875 INFO c.h.h.t.HelmChartContainer - [test-hivemq-platform] [hivemq] [4477f7c7] INFO  - Started TCP Listener on address 0.0.0.0 and on port 1883.
2025-01-29 13:39:19,875 INFO c.h.h.t.HelmChartContainer - [test-hivemq-platform] [hivemq] [4477f7c7] INFO  - Started HiveMQ in 37272ms
2025-01-29 13:39:21,805 INFO c.h.h.t.HelmChartContainer - [test-hivemq-platform] [hivemq] [4477f7c7] INFO  - [HiveMQ Platform Operator Init App 1.7.0-SNAPSHOT] Returning Health API response 200 for readiness
2025-01-29 13:39:21,817 INFO c.h.h.t.HelmChartContainer - [POD] test-hivemq-platform-0 [4477f7c7-a546-4aa4-bbae-c9b09930cc10] in helmbridgeextensionit was MODIFIED
2025-01-29 13:39:21,834 INFO c.h.h.t.HelmChartContainer - [hivemq-test-hivemq-platform] [hivemq-platform-operator] [9a9008c9] 13:39:21.825 [pool-6-thread-44] DEBUG c.h.p.o.d.PlatformServiceResource - [helmbrid] Desired Platform services (3 services)
2025-01-29 13:39:21,835 INFO c.h.h.t.HelmChartContainer - [hivemq-test-hivemq-platform] [hivemq-platform-operator] [9a9008c9] 13:39:21.831 [pool-6-thread-46] DEBUG c.h.p.o.dependants.PodInfoConfigMap - [helmbrid] Desired PodInfo ConfigMap (1 extensions) (1 enabled)
2025-01-29 13:39:21,839 INFO c.h.h.t.HelmChartContainer - [hivemq-test-hivemq-platform] [hivemq-platform-operator] [9a9008c9] 13:39:21.835 [pool-6-thread-46] DEBUG c.h.p.o.dependants.PodInfoConfigMap - [helmbrid] Desired PodInfo ConfigMap (metrics port: 9399) (metrics path: /)
2025-01-29 13:39:21,839 INFO c.h.h.t.HelmChartContainer - [hivemq-test-hivemq-platform] [hivemq-platform-operator] [9a9008c9] 13:39:21.836 [pool-6-thread-46] DEBUG c.h.p.o.dependants.PodInfoConfigMap - [helmbrid] Desired PodInfo ConfigMap (extension state hash: 644225871)
2025-01-29 13:39:21,839 INFO c.h.h.t.HelmChartContainer - [hivemq-test-hivemq-platform] [hivemq-platform-operator] [9a9008c9] 13:39:21.831 [pool-6-thread-44] DEBUG c.h.p.o.d.PodServiceAccountResource - [helmbrid] Desired PodServiceAccountResource (serviceAccountName: hivemq-platform-pod-test-hivemq-platform)
2025-01-29 13:39:21,846 INFO c.h.h.t.HelmChartContainer - [hivemq-test-hivemq-platform] [hivemq-platform-operator] [9a9008c9] 13:39:21.845 [pool-6-thread-45] DEBUG c.h.p.o.d.StatefulSetResource - [helmbrid] Desired StatefulSet (1 replicas) for status STARTING (READY)
2025-01-29 13:39:21,910 INFO c.h.h.t.HelmChartContainer - [hivemq-test-hivemq-platform] [hivemq-platform-operator] [9a9008c9] 13:39:21.909 [ReconcilerExecutor-hivemq-controller-113] INFO  c.h.p.o.HiveMQPlatformReconciler - [helmbrid] Reconciling HiveMQ Platform 'test-hivemq-platform' in namespace 'helmbridgeextensionit'
2025-01-29 13:39:21,911 INFO c.h.h.t.HelmChartContainer - [hivemq-test-hivemq-platform] [hivemq-platform-operator] [9a9008c9] 13:39:21.909 [ReconcilerExecutor-hivemq-controller-113] DEBUG c.h.p.o.HiveMQPlatformReconciler - [helmbrid] Custom Resource Status STARTING - HiveMQ Platform is starting (READY)
2025-01-29 13:39:21,913 INFO c.h.h.t.HelmChartContainer - [hivemq-test-hivemq-platform] [hivemq-platform-operator] [9a9008c9] 13:39:21.909 [ReconcilerExecutor-hivemq-controller-113] DEBUG c.h.p.o.HiveMQPlatformReconciler - [helmbrid] Custom Resource Spec (replicas: 1) (extensions: 1)
2025-01-29 13:39:21,914 INFO c.h.h.t.HelmChartContainer - [hivemq-test-hivemq-platform] [hivemq-platform-operator] [9a9008c9] 13:39:21.912 [ReconcilerExecutor-hivemq-controller-113] DEBUG c.h.p.o.HiveMQPlatformReconciler - [helmbrid] StatefulSet Status (revision: test-hivemq-platform-5686c99fcc, replicas: 1, available: 1, ready: 1, current: 1, updated: 1)
2025-01-29 13:39:21,914 INFO c.h.h.t.HelmChartContainer - [hivemq-test-hivemq-platform] [hivemq-platform-operator] [9a9008c9] 13:39:21.912 [ReconcilerExecutor-hivemq-controller-113] DEBUG c.h.p.o.HiveMQPlatformReconciler - [helmbrid] StatefulSet Spec (replicas: 1, init containers: 1, containers: 1, volumes: 4)
2025-01-29 13:39:21,916 INFO c.h.h.t.HelmChartContainer - [hivemq-test-hivemq-platform] [hivemq-platform-operator] [9a9008c9] 13:39:21.913 [ReconcilerExecutor-hivemq-controller-113] DEBUG c.h.p.o.h.HiveMQPlatformReconcilerErrorHandler - [helmbrid] Pod 'test-hivemq-platform-0' phase Running
2025-01-29 13:39:21,916 INFO c.h.h.t.HelmChartContainer - [hivemq-test-hivemq-platform] [hivemq-platform-operator] [9a9008c9] 13:39:21.914 [ReconcilerExecutor-hivemq-controller-113] INFO  c.h.p.o.h.HiveMQPlatformReconcilerBaseHandler - [helmbrid] HiveMQ Platform started successfully
2025-01-29 13:39:22,013 INFO c.h.h.t.HelmChartContainer - [hivemq-test-hivemq-platform] [hivemq-platform-operator] [9a9008c9] 13:39:22.011 [ReconcilerExecutor-hivemq-controller-113] DEBUG c.h.p.operator.event.EventSender - [helmbrid] Creating K8s event hivemq-platform-ready: [Ready] HiveMQ Platform is ready
2025-01-29 13:39:22,018 INFO c.h.h.t.HelmChartContainer - [hivemq-test-hivemq-platform] [hivemq-platform-operator] [9a9008c9] 13:39:22.016 [ReconcilerExecutor-hivemq-controller-113] INFO  c.h.p.o.h.AbstractHiveMQReconcilerStateHandler - [helmbrid] Update HiveMQ Platform Status (STARTING [READY] -> RUNNING [READY]): HiveMQ Platform is ready
2025-01-29 13:39:22,019 INFO c.h.h.t.HelmChartContainer - [EVENT] Normal [Ready] HiveMQ Platform is ready [helmbridgeextensionit:test-hivemq-platform]
2025-01-29 13:39:22,026 DEBUG com.hivemq.helmcharts.util.K8sUtil - Comparing actual state 'RUNNING' and waiting for 'RUNNING'
2025-01-29 13:39:22,116 INFO c.h.h.t.HelmChartContainer - [hivemq-test-hivemq-platform] [hivemq-platform-operator] [9a9008c9] 13:39:22.110 [pool-6-thread-3] DEBUG c.h.p.o.d.PlatformServiceResource - [helmbrid] Desired Platform services (3 services)
2025-01-29 13:39:22,119 INFO c.h.h.t.HelmChartContainer - [hivemq-test-hivemq-platform] [hivemq-platform-operator] [9a9008c9] 13:39:22.117 [pool-6-thread-6] DEBUG c.h.p.o.dependants.PodInfoConfigMap - [helmbrid] Desired PodInfo ConfigMap (1 extensions) (1 enabled)
2025-01-29 13:39:22,119 INFO c.h.h.t.HelmChartContainer - [hivemq-test-hivemq-platform] [hivemq-platform-operator] [9a9008c9] 13:39:22.117 [pool-6-thread-6] DEBUG c.h.p.o.dependants.PodInfoConfigMap - [helmbrid] Desired PodInfo ConfigMap (metrics port: 9399) (metrics path: /)
2025-01-29 13:39:22,120 INFO c.h.h.t.HelmChartContainer - [hivemq-test-hivemq-platform] [hivemq-platform-operator] [9a9008c9] 13:39:22.117 [pool-6-thread-6] DEBUG c.h.p.o.dependants.PodInfoConfigMap - [helmbrid] Desired PodInfo ConfigMap (extension state hash: 644225871)
2025-01-29 13:39:22,121 INFO c.h.h.t.HelmChartContainer - [hivemq-test-hivemq-platform] [hivemq-platform-operator] [9a9008c9] 13:39:22.117 [pool-6-thread-6] DEBUG c.h.p.o.dependants.PodInfoConfigMap - [helmbrid] Update PodInfo ConfigMap
2025-01-29 13:39:22,121 INFO c.h.h.t.HelmChartContainer - [hivemq-test-hivemq-platform] [hivemq-platform-operator] [9a9008c9] 13:39:22.117 [pool-6-thread-4] DEBUG c.h.p.o.d.PodServiceAccountResource - [helmbrid] Desired PodServiceAccountResource (serviceAccountName: hivemq-platform-pod-test-hivemq-platform)
2025-01-29 13:39:22,213 INFO c.h.h.t.HelmChartContainer - [hivemq-test-hivemq-platform] [hivemq-platform-operator] [9a9008c9] 13:39:22.208 [pool-6-thread-6] DEBUG c.h.p.o.d.StatefulSetResource - [helmbrid] Desired StatefulSet (1 replicas) for status RUNNING (READY)
2025-01-29 13:39:22,223 INFO c.h.h.t.HelmChartContainer - [hivemq-test-hivemq-platform] [hivemq-platform-operator] [9a9008c9] 13:39:22.218 [ReconcilerExecutor-hivemq-controller-114] INFO  c.h.p.o.HiveMQPlatformReconciler - [helmbrid] Reconciling HiveMQ Platform 'test-hivemq-platform' in namespace 'helmbridgeextensionit'
2025-01-29 13:39:22,224 INFO c.h.h.t.HelmChartContainer - [hivemq-test-hivemq-platform] [hivemq-platform-operator] [9a9008c9] 13:39:22.218 [ReconcilerExecutor-hivemq-controller-114] DEBUG c.h.p.o.HiveMQPlatformReconciler - [helmbrid] Custom Resource Status RUNNING - HiveMQ Platform is ready (READY)
2025-01-29 13:39:22,224 INFO c.h.h.t.HelmChartContainer - [hivemq-test-hivemq-platform] [hivemq-platform-operator] [9a9008c9] 13:39:22.218 [ReconcilerExecutor-hivemq-controller-114] DEBUG c.h.p.o.HiveMQPlatformReconciler - [helmbrid] Custom Resource Spec (replicas: 1) (extensions: 1)
2025-01-29 13:39:22,226 INFO c.h.h.t.HelmChartContainer - [hivemq-test-hivemq-platform] [hivemq-platform-operator] [9a9008c9] 13:39:22.222 [ReconcilerExecutor-hivemq-controller-114] DEBUG c.h.p.o.HiveMQPlatformReconciler - [helmbrid] StatefulSet Status (revision: test-hivemq-platform-5686c99fcc, replicas: 1, available: 1, ready: 1, current: 1, updated: 1)
2025-01-29 13:39:22,226 INFO c.h.h.t.HelmChartContainer - [hivemq-test-hivemq-platform] [hivemq-platform-operator] [9a9008c9] 13:39:22.222 [ReconcilerExecutor-hivemq-controller-114] DEBUG c.h.p.o.HiveMQPlatformReconciler - [helmbrid] StatefulSet Spec (replicas: 1, init containers: 1, containers: 1, volumes: 4)
2025-01-29 13:39:22,234 INFO c.h.h.t.HelmChartContainer - [hivemq-test-hivemq-platform] [hivemq-platform-operator] [9a9008c9] 13:39:22.231 [ReconcilerExecutor-hivemq-controller-114] DEBUG c.h.p.o.h.HiveMQPlatformReconcilerErrorHandler - [helmbrid] Pod 'test-hivemq-platform-0' phase Running
2025-01-29 13:39:22,541 INFO c.h.h.e.HelmBridgeExtensionIT - remote client subscribed
2025-01-29 13:39:22,552 INFO c.h.h.e.HelmBridgeExtensionIT - local client has published
2025-01-29 13:39:23,737 INFO c.h.h.t.HelmChartContainer - Uninstalling release 'test-hivemq-platform' in namespace 'helmbridgeextensionit'...
2025-01-29 13:39:23,737 DEBUG c.h.h.t.HelmChartContainer - Executing helm command: /bin/helm --kubeconfig /etc/rancher/k3s/k3s.yaml uninstall test-hivemq-platform  --wait --timeout 5m0s --cascade foreground --namespace helmbridgeextensionit
2025-01-29 13:39:23,975 INFO c.h.h.t.HelmChartContainer - [hivemq-test-hivemq-platform] [hivemq-platform-operator] [9a9008c9] 13:39:23.964 [pool-6-thread-11] DEBUG c.h.p.o.d.PlatformServiceResource - [helmbrid] Desired Platform services (3 services)
2025-01-29 13:39:23,975 INFO c.h.h.t.HelmChartContainer - [hivemq-test-hivemq-platform] [hivemq-platform-operator] [9a9008c9] 13:39:23.967 [pool-6-thread-15] DEBUG c.h.p.o.dependants.PodInfoConfigMap - [helmbrid] Desired PodInfo ConfigMap (1 extensions) (1 enabled)
2025-01-29 13:39:23,975 INFO c.h.h.t.HelmChartContainer - [hivemq-test-hivemq-platform] [hivemq-platform-operator] [9a9008c9] 13:39:23.969 [pool-6-thread-15] DEBUG c.h.p.o.dependants.PodInfoConfigMap - [helmbrid] Desired PodInfo ConfigMap (metrics port: 9399) (metrics path: /)
2025-01-29 13:39:23,975 INFO c.h.h.t.HelmChartContainer - [hivemq-test-hivemq-platform] [hivemq-platform-operator] [9a9008c9] 13:39:23.970 [pool-6-thread-15] DEBUG c.h.p.o.dependants.PodInfoConfigMap - [helmbrid] Desired PodInfo ConfigMap (extension state hash: 644225871)
2025-01-29 13:39:23,975 INFO c.h.h.t.HelmChartContainer - [hivemq-test-hivemq-platform] [hivemq-platform-operator] [9a9008c9] 13:39:23.972 [pool-6-thread-16] DEBUG c.h.p.o.d.PodServiceAccountResource - [helmbrid] Desired PodServiceAccountResource (serviceAccountName: hivemq-platform-pod-test-hivemq-platform)
2025-01-29 13:39:24,013 INFO c.h.h.t.HelmChartContainer - [hivemq-test-hivemq-platform] [hivemq-platform-operator] [9a9008c9] 13:39:24.012 [pool-6-thread-16] DEBUG c.h.p.o.d.StatefulSetResource - [helmbrid] Desired StatefulSet (1 replicas) for status RUNNING (READY)
2025-01-29 13:39:24,019 INFO c.h.h.t.HelmChartContainer - [hivemq-test-hivemq-platform] [hivemq-platform-operator] [9a9008c9] 13:39:24.016 [pool-6-thread-16] DEBUG c.h.p.o.d.StatefulSetResource - [helmbrid] Update StatefulSet (replicas: 1 -> 1)
2025-01-29 13:39:24,019 INFO c.h.h.t.HelmChartContainer - [hivemq-test-hivemq-platform] [hivemq-platform-operator] [9a9008c9] 13:39:24.017 [pool-6-thread-16] DEBUG c.h.p.o.d.StatefulSetResource - [helmbrid] Detected change in StatefulSet specification (path: /template/metadata/annotations/kubernetes-resource-versions) (actual value: {broker-configuration-v2=-2089688360}) (target value: {broker-configuration-v2=0})
2025-01-29 13:39:24,020 INFO c.h.h.t.HelmChartContainer - [hivemq-test-hivemq-platform] [hivemq-platform-operator] [9a9008c9] 13:39:24.017 [pool-6-thread-16] INFO  c.h.p.o.d.StatefulSetResource - [helmbrid] StatefulSet spec was updated, triggering rolling restart
2025-01-29 13:39:24,124 INFO c.h.h.t.HelmChartContainer - [hivemq-test-hivemq-platform] [hivemq-platform-operator] [9a9008c9] 13:39:24.122 [ReconcilerExecutor-hivemq-controller-115] INFO  c.h.p.o.HiveMQPlatformReconciler - [helmbrid] Reconciling HiveMQ Platform 'test-hivemq-platform' in namespace 'helmbridgeextensionit'
2025-01-29 13:39:24,124 INFO c.h.h.t.HelmChartContainer - [hivemq-test-hivemq-platform] [hivemq-platform-operator] [9a9008c9] 13:39:24.122 [ReconcilerExecutor-hivemq-controller-115] DEBUG c.h.p.o.HiveMQPlatformReconciler - [helmbrid] Custom Resource Status RUNNING - HiveMQ Platform is ready (READY) (reconciliation requests: REQUESTS_UPDATED, ROLLING_RESTART)
2025-01-29 13:39:24,125 INFO c.h.h.t.HelmChartContainer - [hivemq-test-hivemq-platform] [hivemq-platform-operator] [9a9008c9] 13:39:24.122 [ReconcilerExecutor-hivemq-controller-115] DEBUG c.h.p.o.HiveMQPlatformReconciler - [helmbrid] Custom Resource Spec (replicas: 1) (extensions: 1)
2025-01-29 13:39:24,126 INFO c.h.h.t.HelmChartContainer - [hivemq-test-hivemq-platform] [hivemq-platform-operator] [9a9008c9] 13:39:24.125 [ReconcilerExecutor-hivemq-controller-115] WARN  c.h.p.o.h.HiveMQPlatformReconcilerErrorHandler - [helmbrid] Could not find ConfigMap 'hivemq-configuration-test-hivemq-platform' for HiveMQ Platform configuration
2025-01-29 13:39:24,222 INFO c.h.h.t.HelmChartContainer - [hivemq-test-hivemq-platform] [hivemq-platform-operator] [9a9008c9] 13:39:24.220 [ReconcilerExecutor-hivemq-controller-115] DEBUG c.h.p.operator.event.EventSender - [helmbrid] Creating K8s event hivemq-platform-invalid-configuration: [Start] Could not find ConfigMap 'hivemq-configuration-test-hivemq-platform' for HiveMQ Platform configuration
2025-01-29 13:39:24,225 INFO c.h.h.t.HelmChartContainer - [EVENT] Warning [Start] Could not find ConfigMap 'hivemq-configuration-test-hivemq-platform' for HiveMQ Platform configuration [helmbridgeextensionit:test-hivemq-platform]
2025-01-29 13:39:24,307 INFO c.h.h.t.HelmChartContainer - [hivemq-test-hivemq-platform] [hivemq-platform-operator] [9a9008c9] 13:39:24.305 [ReconcilerExecutor-hivemq-controller-115] INFO  c.h.p.o.h.AbstractHiveMQReconcilerStateHandler - [helmbrid] Update HiveMQ Platform Status (RUNNING [READY] -> ERROR [INVALID_CONFIG_MAP]): Could not find ConfigMap 'hivemq-configuration-test-hivemq-platform' for HiveMQ Platform configuration (reconciliation requests: ROLLING_RESTART)
2025-01-29 13:39:24,317 INFO c.h.h.t.HelmChartContainer - [POD] test-hivemq-platform-0 [4477f7c7-a546-4aa4-bbae-c9b09930cc10] in helmbridgeextensionit was MODIFIED
2025-01-29 13:39:24,321 INFO c.h.h.t.HelmChartContainer - [EVENT] Normal [Killing] Stopping container hivemq [helmbridgeextensionit:test-hivemq-platform-0]
2025-01-29 13:39:24,321 INFO c.h.h.t.HelmChartContainer - Received Killing event for container hivemq in pod test-hivemq-platform-0 [4477f7c7-a546-4aa4-bbae-c9b09930cc10]
2025-01-29 13:39:24,321 INFO c.h.h.t.HelmChartContainer - Container [test-hivemq-platform-0] [hivemq] [4477f7c7-a546-4aa4-bbae-c9b09930cc10] was terminated
2025-01-29 13:39:24,322 INFO c.h.h.t.HelmChartContainer - Stopped log watcher for hivemq in pod test-hivemq-platform-0 [4477f7c7-a546-4aa4-bbae-c9b09930cc10]
2025-01-29 13:39:24,338 INFO c.h.h.t.HelmChartContainer - [hivemq-test-hivemq-platform] [hivemq-platform-operator] [9a9008c9] 13:39:24.322 [ReconcilerExecutor-hivemq-controller-115] ERROR i.j.o.p.event.EventProcessor - Error during event processing ExecutionScope{ resource id: ResourceID{name='test-hivemq-platform', namespace='helmbridgeextensionit'}, version: 611}
2025-01-29 13:39:24,338 INFO c.h.h.t.HelmChartContainer - [hivemq-test-hivemq-platform] [hivemq-platform-operator] [9a9008c9] io.fabric8.kubernetes.client.KubernetesClientException: Failure executing: PUT at: https://10.43.0.1:443/apis/hivemq.com/v1/namespaces/helmbridgeextensionit/hivemq-platforms/test-hivemq-platform/status. Message: Operation cannot be fulfilled on hivemq-platforms.hivemq.com "test-hivemq-platform": the object has been modified; please apply your changes to the latest version and try again. Received status: Status(apiVersion=v1, code=409, details=StatusDetails(causes=[], group=hivemq.com, kind=hivemq-platforms, name=test-hivemq-platform, retryAfterSeconds=null, uid=null, additionalProperties={}), kind=Status, message=Operation cannot be fulfilled on hivemq-platforms.hivemq.com "test-hivemq-platform": the object has been modified; please apply your changes to the latest version and try again, metadata=ListMeta(_continue=null, remainingItemCount=null, resourceVersion=null, selfLink=null, additionalProperties={}), reason=Conflict, status=Failure, additionalProperties={}).
2025-01-29 13:39:24,338 INFO c.h.h.t.HelmChartContainer - [hivemq-test-hivemq-platform] [hivemq-platform-operator] [9a9008c9] 	at io.fabric8.kubernetes.client.KubernetesClientException.copyAsCause(KubernetesClientException.java:238)
2025-01-29 13:39:24,340 INFO c.h.h.t.HelmChartContainer - [hivemq-test-hivemq-platform] [hivemq-platform-operator] [9a9008c9] 	at io.fabric8.kubernetes.client.dsl.internal.OperationSupport.waitForResult(OperationSupport.java:507)
2025-01-29 13:39:24,340 INFO c.h.h.t.HelmChartContainer - [hivemq-test-hivemq-platform] [hivemq-platform-operator] [9a9008c9] 	at io.fabric8.kubernetes.client.dsl.internal.OperationSupport.handleResponse(OperationSupport.java:524)
2025-01-29 13:39:24,340 INFO c.h.h.t.HelmChartContainer - [hivemq-test-hivemq-platform] [hivemq-platform-operator] [9a9008c9] 	at io.fabric8.kubernetes.client.dsl.internal.OperationSupport.handleUpdate(OperationSupport.java:358)
2025-01-29 13:39:24,340 INFO c.h.h.t.HelmChartContainer - [hivemq-test-hivemq-platform] [hivemq-platform-operator] [9a9008c9] 	at io.fabric8.kubernetes.client.dsl.internal.BaseOperation.handleUpdate(BaseOperation.java:759)
2025-01-29 13:39:24,340 INFO c.h.h.t.HelmChartContainer - [hivemq-test-hivemq-platform] [hivemq-platform-operator] [9a9008c9] 	at io.fabric8.kubernetes.client.dsl.internal.HasMetadataOperation.update(HasMetadataOperation.java:138)
2025-01-29 13:39:24,340 INFO c.h.h.t.HelmChartContainer - [hivemq-test-hivemq-platform] [hivemq-platform-operator] [9a9008c9] 	at io.fabric8.kubernetes.client.dsl.internal.HasMetadataOperation.update(HasMetadataOperation.java:121)
2025-01-29 13:39:24,340 INFO c.h.h.t.HelmChartContainer - [hivemq-test-hivemq-platform] [hivemq-platform-operator] [9a9008c9] 	at io.fabric8.kubernetes.client.dsl.internal.HasMetadataOperation.updateStatus(HasMetadataOperation.java:126)
2025-01-29 13:39:24,340 INFO c.h.h.t.HelmChartContainer - [hivemq-test-hivemq-platform] [hivemq-platform-operator] [9a9008c9] 	at io.fabric8.kubernetes.client.dsl.internal.HasMetadataOperation.updateStatus(HasMetadataOperation.java:44)
2025-01-29 13:39:24,340 INFO c.h.h.t.HelmChartContainer - [hivemq-test-hivemq-platform] [hivemq-platform-operator] [9a9008c9] 	at io.javaoperatorsdk.operator.processing.event.ReconciliationDispatcher$CustomResourceFacade.updateStatus(ReconciliationDispatcher.java:408)
2025-01-29 13:39:24,340 INFO c.h.h.t.HelmChartContainer - [hivemq-test-hivemq-platform] [hivemq-platform-operator] [9a9008c9] 	at io.javaoperatorsdk.operator.processing.event.ReconciliationDispatcher.updateStatusGenerationAware(ReconciliationDispatcher.java:228)
2025-01-29 13:39:24,340 INFO c.h.h.t.HelmChartContainer - [hivemq-test-hivemq-platform] [hivemq-platform-operator] [9a9008c9] 	at io.javaoperatorsdk.operator.processing.event.ReconciliationDispatcher.reconcileExecution(ReconciliationDispatcher.java:150)
2025-01-29 13:39:24,340 INFO c.h.h.t.HelmChartContainer - [hivemq-test-hivemq-platform] [hivemq-platform-operator] [9a9008c9] 	at io.javaoperatorsdk.operator.processing.event.ReconciliationDispatcher.handleReconcile(ReconciliationDispatcher.java:117)
2025-01-29 13:39:24,340 INFO c.h.h.t.HelmChartContainer - [hivemq-test-hivemq-platform] [hivemq-platform-operator] [9a9008c9] 	at io.javaoperatorsdk.operator.processing.event.ReconciliationDispatcher.handleDispatch(ReconciliationDispatcher.java:91)
2025-01-29 13:39:24,340 INFO c.h.h.t.HelmChartContainer - [hivemq-test-hivemq-platform] [hivemq-platform-operator] [9a9008c9] 	at io.javaoperatorsdk.operator.processing.event.ReconciliationDispatcher.handleExecution(ReconciliationDispatcher.java:64)
2025-01-29 13:39:24,344 INFO c.h.h.t.HelmChartContainer - [hivemq-test-hivemq-platform] [hivemq-platform-operator] [9a9008c9] 	at io.javaoperatorsdk.operator.processing.event.EventProcessor$ReconcilerExecutor.run(EventProcessor.java:452)
2025-01-29 13:39:24,344 INFO c.h.h.t.HelmChartContainer - [hivemq-test-hivemq-platform] [hivemq-platform-operator] [9a9008c9] 	at java.base/java.util.concurrent.ThreadPoolExecutor.runWorker(Unknown Source)
2025-01-29 13:39:24,344 INFO c.h.h.t.HelmChartContainer - [hivemq-test-hivemq-platform] [hivemq-platform-operator] [9a9008c9] 	at java.base/java.util.concurrent.ThreadPoolExecutor$Worker.run(Unknown Source)
2025-01-29 13:39:24,344 INFO c.h.h.t.HelmChartContainer - [hivemq-test-hivemq-platform] [hivemq-platform-operator] [9a9008c9] 	at java.base/java.lang.Thread.run(Unknown Source)
2025-01-29 13:39:24,344 INFO c.h.h.t.HelmChartContainer - [hivemq-test-hivemq-platform] [hivemq-platform-operator] [9a9008c9] Caused by: io.fabric8.kubernetes.client.KubernetesClientException: Failure executing: PUT at: https://10.43.0.1:443/apis/hivemq.com/v1/namespaces/helmbridgeextensionit/hivemq-platforms/test-hivemq-platform/status. Message: Operation cannot be fulfilled on hivemq-platforms.hivemq.com "test-hivemq-platform": the object has been modified; please apply your changes to the latest version and try again. Received status: Status(apiVersion=v1, code=409, details=StatusDetails(causes=[], group=hivemq.com, kind=hivemq-platforms, name=test-hivemq-platform, retryAfterSeconds=null, uid=null, additionalProperties={}), kind=Status, message=Operation cannot be fulfilled on hivemq-platforms.hivemq.com "test-hivemq-platform": the object has been modified; please apply your changes to the latest version and try again, metadata=ListMeta(_continue=null, remainingItemCount=null, resourceVersion=null, selfLink=null, additionalProperties={}), reason=Conflict, status=Failure, additionalProperties={}).
2025-01-29 13:39:24,344 INFO c.h.h.t.HelmChartContainer - [hivemq-test-hivemq-platform] [hivemq-platform-operator] [9a9008c9] 	at io.fabric8.kubernetes.client.dsl.internal.OperationSupport.requestFailure(OperationSupport.java:660)
2025-01-29 13:39:24,344 INFO c.h.h.t.HelmChartContainer - [hivemq-test-hivemq-platform] [hivemq-platform-operator] [9a9008c9] 	at io.fabric8.kubernetes.client.dsl.internal.OperationSupport.requestFailure(OperationSupport.java:640)
2025-01-29 13:39:24,345 INFO c.h.h.t.HelmChartContainer - [hivemq-test-hivemq-platform] [hivemq-platform-operator] [9a9008c9] 	at io.fabric8.kubernetes.client.dsl.internal.OperationSupport.assertResponseCode(OperationSupport.java:589)
2025-01-29 13:39:24,345 INFO c.h.h.t.HelmChartContainer - [hivemq-test-hivemq-platform] [hivemq-platform-operator] [9a9008c9] 	at io.fabric8.kubernetes.client.dsl.internal.OperationSupport.lambda$handleResponse$0(OperationSupport.java:549)
2025-01-29 13:39:24,345 INFO c.h.h.t.HelmChartContainer - [hivemq-test-hivemq-platform] [hivemq-platform-operator] [9a9008c9] 	at java.base/java.util.concurrent.CompletableFuture$UniApply.tryFire(Unknown Source)
2025-01-29 13:39:24,345 INFO c.h.h.t.HelmChartContainer - [hivemq-test-hivemq-platform] [hivemq-platform-operator] [9a9008c9] 	at java.base/java.util.concurrent.CompletableFuture.postComplete(Unknown Source)
2025-01-29 13:39:24,345 INFO c.h.h.t.HelmChartContainer - [hivemq-test-hivemq-platform] [hivemq-platform-operator] [9a9008c9] 	at java.base/java.util.concurrent.CompletableFuture.complete(Unknown Source)
2025-01-29 13:39:24,345 INFO c.h.h.t.HelmChartContainer - [hivemq-test-hivemq-platform] [hivemq-platform-operator] [9a9008c9] 	at io.fabric8.kubernetes.client.http.StandardHttpClient.lambda$completeOrCancel$10(StandardHttpClient.java:141)
2025-01-29 13:39:24,345 INFO c.h.h.t.HelmChartContainer - [hivemq-test-hivemq-platform] [hivemq-platform-operator] [9a9008c9] 	at java.base/java.util.concurrent.CompletableFuture.uniWhenComplete(Unknown Source)
2025-01-29 13:39:24,345 INFO c.h.h.t.HelmChartContainer - [hivemq-test-hivemq-platform] [hivemq-platform-operator] [9a9008c9] 	at java.base/java.util.concurrent.CompletableFuture$UniWhenComplete.tryFire(Unknown Source)
2025-01-29 13:39:24,345 INFO c.h.h.t.HelmChartContainer - [hivemq-test-hivemq-platform] [hivemq-platform-operator] [9a9008c9] 	at java.base/java.util.concurrent.CompletableFuture.postComplete(Unknown Source)
2025-01-29 13:39:24,345 INFO c.h.h.t.HelmChartContainer - [hivemq-test-hivemq-platform] [hivemq-platform-operator] [9a9008c9] 	at java.base/java.util.concurrent.CompletableFuture.complete(Unknown Source)
2025-01-29 13:39:24,345 INFO c.h.h.t.HelmChartContainer - [hivemq-test-hivemq-platform] [hivemq-platform-operator] [9a9008c9] 	at io.fabric8.kubernetes.client.http.ByteArrayBodyHandler.onBodyDone(ByteArrayBodyHandler.java:51)
2025-01-29 13:39:24,345 INFO c.h.h.t.HelmChartContainer - [hivemq-test-hivemq-platform] [hivemq-platform-operator] [9a9008c9] 	at java.base/java.util.concurrent.CompletableFuture.uniWhenComplete(Unknown Source)
2025-01-29 13:39:24,345 INFO c.h.h.t.HelmChartContainer - [hivemq-test-hivemq-platform] [hivemq-platform-operator] [9a9008c9] 	at java.base/java.util.concurrent.CompletableFuture$UniWhenComplete.tryFire(Unknown Source)
2025-01-29 13:39:24,345 INFO c.h.h.t.HelmChartContainer - [hivemq-test-hivemq-platform] [hivemq-platform-operator] [9a9008c9] 	at java.base/java.util.concurrent.CompletableFuture.postComplete(Unknown Source)
2025-01-29 13:39:24,345 INFO c.h.h.t.HelmChartContainer - [hivemq-test-hivemq-platform] [hivemq-platform-operator] [9a9008c9] 	at java.base/java.util.concurrent.CompletableFuture.complete(Unknown Source)
2025-01-29 13:39:24,345 INFO c.h.h.t.HelmChartContainer - [hivemq-test-hivemq-platform] [hivemq-platform-operator] [9a9008c9] 	at io.fabric8.kubernetes.client.vertx.VertxHttpRequest.lambda$null$1(VertxHttpRequest.java:121)
2025-01-29 13:39:24,345 INFO c.h.h.t.HelmChartContainer - [hivemq-test-hivemq-platform] [hivemq-platform-operator] [9a9008c9] 	at io.vertx.core.impl.ContextInternal.dispatch(ContextInternal.java:279)
2025-01-29 13:39:24,345 INFO c.h.h.t.HelmChartContainer - [hivemq-test-hivemq-platform] [hivemq-platform-operator] [9a9008c9] 	at io.vertx.core.impl.ContextInternal.dispatch(ContextInternal.java:261)
2025-01-29 13:39:24,345 INFO c.h.h.t.HelmChartContainer - [hivemq-test-hivemq-platform] [hivemq-platform-operator] [9a9008c9] 	at io.vertx.core.http.impl.HttpEventHandler.handleEnd(HttpEventHandler.java:76)
2025-01-29 13:39:24,345 INFO c.h.h.t.HelmChartContainer - [hivemq-test-hivemq-platform] [hivemq-platform-operator] [9a9008c9] 	at io.vertx.core.http.impl.HttpClientResponseImpl.handleEnd(HttpClientResponseImpl.java:250)
2025-01-29 13:39:24,345 INFO c.h.h.t.HelmChartContainer - [hivemq-test-hivemq-platform] [hivemq-platform-operator] [9a9008c9] 	at io.vertx.core.http.impl.Http1xClientConnection$StreamImpl.lambda$new$0(Http1xClientConnection.java:421)
2025-01-29 13:39:24,345 INFO c.h.h.t.HelmChartContainer - [hivemq-test-hivemq-platform] [hivemq-platform-operator] [9a9008c9] 	at io.vertx.core.streams.impl.InboundBuffer.handleEvent(InboundBuffer.java:279)
2025-01-29 13:39:24,345 INFO c.h.h.t.HelmChartContainer - [hivemq-test-hivemq-platform] [hivemq-platform-operator] [9a9008c9] 	at io.vertx.core.streams.impl.InboundBuffer.write(InboundBuffer.java:157)
2025-01-29 13:39:24,345 INFO c.h.h.t.HelmChartContainer - [hivemq-test-hivemq-platform] [hivemq-platform-operator] [9a9008c9] 	at io.vertx.core.http.impl.Http1xClientConnection$StreamImpl.handleEnd(Http1xClientConnection.java:709)
2025-01-29 13:39:24,345 INFO c.h.h.t.HelmChartContainer - [hivemq-test-hivemq-platform] [hivemq-platform-operator] [9a9008c9] 	at io.vertx.core.impl.ContextImpl.execute(ContextImpl.java:313)
2025-01-29 13:39:24,345 INFO c.h.h.t.HelmChartContainer - [hivemq-test-hivemq-platform] [hivemq-platform-operator] [9a9008c9] 	at io.vertx.core.impl.ContextImpl.execute(ContextImpl.java:293)
2025-01-29 13:39:24,345 INFO c.h.h.t.HelmChartContainer - [hivemq-test-hivemq-platform] [hivemq-platform-operator] [9a9008c9] 	at io.vertx.core.http.impl.Http1xClientConnection.handleResponseEnd(Http1xClientConnection.java:940)
2025-01-29 13:39:24,345 INFO c.h.h.t.HelmChartContainer - [hivemq-test-hivemq-platform] [hivemq-platform-operator] [9a9008c9] 	at io.vertx.core.http.impl.Http1xClientConnection.handleHttpMessage(Http1xClientConnection.java:810)
2025-01-29 13:39:24,345 INFO c.h.h.t.HelmChartContainer - [hivemq-test-hivemq-platform] [hivemq-platform-operator] [9a9008c9] 	at io.vertx.core.http.impl.Http1xClientConnection.handleMessage(Http1xClientConnection.java:774)
2025-01-29 13:39:24,345 INFO c.h.h.t.HelmChartContainer - [hivemq-test-hivemq-platform] [hivemq-platform-operator] [9a9008c9] 	at io.vertx.core.net.impl.ConnectionBase.read(ConnectionBase.java:159)
2025-01-29 13:39:24,345 INFO c.h.h.t.HelmChartContainer - [hivemq-test-hivemq-platform] [hivemq-platform-operator] [9a9008c9] 	at io.vertx.core.net.impl.VertxHandler.channelRead(VertxHandler.java:153)
2025-01-29 13:39:24,345 INFO c.h.h.t.HelmChartContainer - [hivemq-test-hivemq-platform] [hivemq-platform-operator] [9a9008c9] 	at io.netty.channel.AbstractChannelHandlerContext.invokeChannelRead(AbstractChannelHandlerContext.java:442)
2025-01-29 13:39:24,345 INFO c.h.h.t.HelmChartContainer - [hivemq-test-hivemq-platform] [hivemq-platform-operator] [9a9008c9] 	at io.netty.channel.AbstractChannelHandlerContext.invokeChannelRead(AbstractChannelHandlerContext.java:420)
2025-01-29 13:39:24,345 INFO c.h.h.t.HelmChartContainer - [hivemq-test-hivemq-platform] [hivemq-platform-operator] [9a9008c9] 	at io.netty.channel.AbstractChannelHandlerContext.fireChannelRead(AbstractChannelHandlerContext.java:412)
2025-01-29 13:39:24,345 INFO c.h.h.t.HelmChartContainer - [hivemq-test-hivemq-platform] [hivemq-platform-operator] [9a9008c9] 	at io.netty.channel.CombinedChannelDuplexHandler$DelegatingChannelHandlerContext.fireChannelRead(CombinedChannelDuplexHandler.java:436)
2025-01-29 13:39:24,345 INFO c.h.h.t.HelmChartContainer - [hivemq-test-hivemq-platform] [hivemq-platform-operator] [9a9008c9] 	at io.netty.handler.codec.ByteToMessageDecoder.fireChannelRead(ByteToMessageDecoder.java:346)
2025-01-29 13:39:24,345 INFO c.h.h.t.HelmChartContainer - [hivemq-test-hivemq-platform] [hivemq-platform-operator] [9a9008c9] 	at io.netty.handler.codec.ByteToMessageDecoder.channelRead(ByteToMessageDecoder.java:318)
2025-01-29 13:39:24,345 INFO c.h.h.t.HelmChartContainer - [hivemq-test-hivemq-platform] [hivemq-platform-operator] [9a9008c9] 	at io.netty.channel.CombinedChannelDuplexHandler.channelRead(CombinedChannelDuplexHandler.java:251)
2025-01-29 13:39:24,345 INFO c.h.h.t.HelmChartContainer - [hivemq-test-hivemq-platform] [hivemq-platform-operator] [9a9008c9] 	at io.netty.channel.AbstractChannelHandlerContext.invokeChannelRead(AbstractChannelHandlerContext.java:442)
2025-01-29 13:39:24,345 INFO c.h.h.t.HelmChartContainer - [hivemq-test-hivemq-platform] [hivemq-platform-operator] [9a9008c9] 	at io.netty.channel.AbstractChannelHandlerContext.invokeChannelRead(AbstractChannelHandlerContext.java:420)
2025-01-29 13:39:24,345 INFO c.h.h.t.HelmChartContainer - [hivemq-test-hivemq-platform] [hivemq-platform-operator] [9a9008c9] 	at io.netty.channel.AbstractChannelHandlerContext.fireChannelRead(AbstractChannelHandlerContext.java:412)
2025-01-29 13:39:24,345 INFO c.h.h.t.HelmChartContainer - [hivemq-test-hivemq-platform] [hivemq-platform-operator] [9a9008c9] 	at io.netty.handler.ssl.SslHandler.unwrap(SslHandler.java:1475)
2025-01-29 13:39:24,345 INFO c.h.h.t.HelmChartContainer - [hivemq-test-hivemq-platform] [hivemq-platform-operator] [9a9008c9] 	at io.netty.handler.ssl.SslHandler.decodeJdkCompatible(SslHandler.java:1338)
2025-01-29 13:39:24,345 INFO c.h.h.t.HelmChartContainer - [hivemq-test-hivemq-platform] [hivemq-platform-operator] [9a9008c9] 	at io.netty.handler.ssl.SslHandler.decode(SslHandler.java:1387)
2025-01-29 13:39:24,345 INFO c.h.h.t.HelmChartContainer - [hivemq-test-hivemq-platform] [hivemq-platform-operator] [9a9008c9] 	at io.netty.handler.codec.ByteToMessageDecoder.decodeRemovalReentryProtection(ByteToMessageDecoder.java:530)
2025-01-29 13:39:24,345 INFO c.h.h.t.HelmChartContainer - [hivemq-test-hivemq-platform] [hivemq-platform-operator] [9a9008c9] 	at io.netty.handler.codec.ByteToMessageDecoder.callDecode(ByteToMessageDecoder.java:469)
2025-01-29 13:39:24,345 INFO c.h.h.t.HelmChartContainer - [hivemq-test-hivemq-platform] [hivemq-platform-operator] [9a9008c9] 	at io.netty.handler.codec.ByteToMessageDecoder.channelRead(ByteToMessageDecoder.java:290)
2025-01-29 13:39:24,345 INFO c.h.h.t.HelmChartContainer - [hivemq-test-hivemq-platform] [hivemq-platform-operator] [9a9008c9] 	at io.netty.channel.AbstractChannelHandlerContext.invokeChannelRead(AbstractChannelHandlerContext.java:444)
2025-01-29 13:39:24,345 INFO c.h.h.t.HelmChartContainer - [hivemq-test-hivemq-platform] [hivemq-platform-operator] [9a9008c9] 	at io.netty.channel.AbstractChannelHandlerContext.invokeChannelRead(AbstractChannelHandlerContext.java:420)
2025-01-29 13:39:24,345 INFO c.h.h.t.HelmChartContainer - [hivemq-test-hivemq-platform] [hivemq-platform-operator] [9a9008c9] 	at io.netty.channel.AbstractChannelHandlerContext.fireChannelRead(AbstractChannelHandlerContext.java:412)
2025-01-29 13:39:24,345 INFO c.h.h.t.HelmChartContainer - [hivemq-test-hivemq-platform] [hivemq-platform-operator] [9a9008c9] 	at io.netty.channel.DefaultChannelPipeline$HeadContext.channelRead(DefaultChannelPipeline.java:1407)
2025-01-29 13:39:24,345 INFO c.h.h.t.HelmChartContainer - [hivemq-test-hivemq-platform] [hivemq-platform-operator] [9a9008c9] 	at io.netty.channel.AbstractChannelHandlerContext.invokeChannelRead(AbstractChannelHandlerContext.java:440)
2025-01-29 13:39:24,345 INFO c.h.h.t.HelmChartContainer - [hivemq-test-hivemq-platform] [hivemq-platform-operator] [9a9008c9] 	at io.netty.channel.AbstractChannelHandlerContext.invokeChannelRead(AbstractChannelHandlerContext.java:420)
2025-01-29 13:39:24,345 INFO c.h.h.t.HelmChartContainer - [hivemq-test-hivemq-platform] [hivemq-platform-operator] [9a9008c9] 	at io.netty.channel.DefaultChannelPipeline.fireChannelRead(DefaultChannelPipeline.java:918)
2025-01-29 13:39:24,345 INFO c.h.h.t.HelmChartContainer - [hivemq-test-hivemq-platform] [hivemq-platform-operator] [9a9008c9] 	at io.netty.channel.nio.AbstractNioByteChannel$NioByteUnsafe.read(AbstractNioByteChannel.java:166)
2025-01-29 13:39:24,345 INFO c.h.h.t.HelmChartContainer - [hivemq-test-hivemq-platform] [hivemq-platform-operator] [9a9008c9] 	at io.netty.channel.nio.NioEventLoop.processSelectedKey(NioEventLoop.java:788)
2025-01-29 13:39:24,345 INFO c.h.h.t.HelmChartContainer - [hivemq-test-hivemq-platform] [hivemq-platform-operator] [9a9008c9] 	at io.netty.channel.nio.NioEventLoop.processSelectedKeysOptimized(NioEventLoop.java:724)
2025-01-29 13:39:24,345 INFO c.h.h.t.HelmChartContainer - [hivemq-test-hivemq-platform] [hivemq-platform-operator] [9a9008c9] 	at io.netty.channel.nio.NioEventLoop.processSelectedKeys(NioEventLoop.java:650)
2025-01-29 13:39:24,345 INFO c.h.h.t.HelmChartContainer - [hivemq-test-hivemq-platform] [hivemq-platform-operator] [9a9008c9] 	at io.netty.channel.nio.NioEventLoop.run(NioEventLoop.java:562)
2025-01-29 13:39:24,345 INFO c.h.h.t.HelmChartContainer - [hivemq-test-hivemq-platform] [hivemq-platform-operator] [9a9008c9] 	at io.netty.util.concurrent.SingleThreadEventExecutor$4.run(SingleThreadEventExecutor.java:997)
2025-01-29 13:39:24,345 INFO c.h.h.t.HelmChartContainer - [hivemq-test-hivemq-platform] [hivemq-platform-operator] [9a9008c9] 	at io.netty.util.internal.ThreadExecutorMap$2.run(ThreadExecutorMap.java:74)
2025-01-29 13:39:24,345 INFO c.h.h.t.HelmChartContainer - [hivemq-test-hivemq-platform] [hivemq-platform-operator] [9a9008c9] 	at io.netty.util.concurrent.FastThreadLocalRunnable.run(FastThreadLocalRunnable.java:30)
2025-01-29 13:39:24,345 INFO c.h.h.t.HelmChartContainer - [hivemq-test-hivemq-platform] [hivemq-platform-operator] [9a9008c9] 	... 1 common frames omitted
2025-01-29 13:39:24,349 INFO c.h.h.t.HelmChartContainer - [test-hivemq-platform] [hivemq] [4477f7c7] INFO  - [HiveMQ Platform Operator Init App 1.7.0-SNAPSHOT] Shutting down
2025-01-29 13:39:24,349 INFO c.h.h.t.HelmChartContainer - [test-hivemq-platform] [hivemq] [4477f7c7] INFO  - [HiveMQ Platform Operator Init App 1.7.0-SNAPSHOT] Stopping the HiveMQ Platform
2025-01-29 13:39:24,351 INFO c.h.h.t.HelmChartContainer - [hivemq-test-hivemq-platform] [hivemq-platform-operator] [9a9008c9] 13:39:24.346 [ReconcilerExecutor-hivemq-controller-121] INFO  c.h.p.o.HiveMQPlatformReconciler - [helmbrid] Cleanup test-hivemq-platform - helmbridgeextensionit HiveMQ Platform is shut down
2025-01-29 13:39:24,483 INFO c.h.h.t.HelmChartContainer - [test-hivemq-platform] [hivemq] [4477f7c7] INFO  - Shutting down HiveMQ. Please wait, this could take a while...
2025-01-29 13:39:24,488 INFO c.h.h.t.HelmChartContainer - [test-hivemq-platform] [hivemq] [4477f7c7] INFO  - Shutting down listeners and clients
2025-01-29 13:39:24,490 INFO c.h.h.t.HelmChartContainer - [test-hivemq-platform] [hivemq] [4477f7c7] INFO  - Shutdown of listeners is done
2025-01-29 13:39:24,490 INFO c.h.h.t.HelmChartContainer - [test-hivemq-platform] [hivemq] [4477f7c7] INFO  - No clients are connected, proceeding with shutdown
2025-01-29 13:39:26,010 INFO c.h.h.t.HelmChartContainer - Deleting namespace 'helmbridgeextensionit'...
2025-01-29 13:39:26,802 INFO c.h.h.t.HelmChartContainer - [test-hivemq-platform] [hivemq] [4477f7c7] INFO  - [HiveMQ Platform Operator Init App 1.7.0-SNAPSHOT] Returning shutdown Health API response 503 for readiness
2025-01-29 13:39:26,806 INFO c.h.h.t.HelmChartContainer - [EVENT] Warning [Unhealthy] Readiness probe failed: HTTP probe failed with statuscode: 503 [helmbridgeextensionit:test-hivemq-platform-0]
2025-01-29 13:39:26,806 INFO c.h.h.t.HelmChartContainer - Received Unhealthy event for container hivemq in pod test-hivemq-platform-0 [4477f7c7-a546-4aa4-bbae-c9b09930cc10]
2025-01-29 13:39:27,210 INFO c.h.h.t.HelmChartContainer - [test-hivemq-platform] [hivemq] [4477f7c7] WARN  - [HiveMQ Platform Operator Init App 1.7.0-SNAPSHOT] Could not update Pod annotations: Failure executing: GET at: https://10.43.0.1:443/api/v1/namespaces/helmbridgeextensionit/pods/test-hivemq-platform-0. Message: pods "test-hivemq-platform-0" is forbidden: User "system:serviceaccount:helmbridgeextensionit:hivemq-platform-pod-test-hivemq-platform" cannot get resource "pods" in API group "" in the namespace "helmbridgeextensionit". Received status: Status(apiVersion=v1, code=403, details=StatusDetails(causes=[], group=null, kind=pods, name=test-hivemq-platform-0, retryAfterSeconds=null, uid=null, additionalProperties={}), kind=Status, message=pods "test-hivemq-platform-0" is forbidden: User "system:serviceaccount:helmbridgeextensionit:hivemq-platform-pod-test-hivemq-platform" cannot get resource "pods" in API group "" in the namespace "helmbridgeextensionit", metadata=ListMeta(_continue=null, remainingItemCount=null, resourceVersion=null, selfLink=null, additionalProperties={}), reason=Forbidden, status=Failure, additionalProperties={}).
2025-01-29 13:39:27,578 INFO c.h.h.t.HelmChartContainer - [test-hivemq-platform] [hivemq] [4477f7c7] INFO  - Shutting down extension system
2025-01-29 13:39:27,582 INFO c.h.h.t.HelmChartContainer - [test-hivemq-platform] [hivemq] [4477f7c7] INFO  - Stopping extension with id hivemq-dns-cluster-discovery
2025-01-29 13:39:27,582 INFO c.h.h.t.HelmChartContainer - [test-hivemq-platform] [hivemq] [4477f7c7] INFO  - Extension "DNS Cluster Discovery Extension" version 4.3.2 stopped successfully.
2025-01-29 13:39:27,585 INFO c.h.h.t.HelmChartContainer - [test-hivemq-platform] [hivemq] [4477f7c7] INFO  - Stopping extension with id hivemq-bridge-extension
2025-01-29 13:39:27,585 INFO c.h.h.t.HelmChartContainer - [test-hivemq-platform] [hivemq] [4477f7c7] INFO  - Bridge Extension: Stopping extension
2025-01-29 13:39:27,677 INFO c.h.h.t.HelmChartContainer - [test-hivemq-platform] [hivemq] [4477f7c7] INFO  - Extension "HiveMQ Enterprise Bridge Extension" version 4.36.0 stopped successfully.
2025-01-29 13:39:27,678 INFO c.h.h.t.HelmChartContainer - [test-hivemq-platform] [hivemq] [4477f7c7] INFO  - Stopping extension with id hivemq-prometheus-extension
2025-01-29 13:39:27,685 INFO c.h.h.t.HelmChartContainer - [test-hivemq-platform] [hivemq] [4477f7c7] INFO  - Extension "Prometheus Monitoring Extension" version 4.0.12 stopped successfully.
2025-01-29 13:39:27,685 INFO c.h.h.t.HelmChartContainer - [test-hivemq-platform] [hivemq] [4477f7c7] INFO  - Stopping extension with id hivemq-allow-all-extension
2025-01-29 13:39:27,687 INFO c.h.h.t.HelmChartContainer - [test-hivemq-platform] [hivemq] [4477f7c7] INFO  - Extension "Allow All Extension" version 1.1.1 stopped successfully.
2025-01-29 13:39:30,003 INFO c.h.h.t.HelmChartContainer - [test-hivemq-platform] [hivemq] [4477f7c7] INFO  - Shutdown completed.
2025-01-29 13:39:30,366 INFO c.h.h.t.HelmChartContainer - [test-hivemq-platform] [hivemq] [4477f7c7] INFO  - [HiveMQ Platform Operator Init App 1.7.0-SNAPSHOT] The HiveMQ Platform exited with code 143
2025-01-29 13:39:30,366 INFO c.h.h.t.HelmChartContainer - [test-hivemq-platform] [hivemq] [4477f7c7] INFO  - [HiveMQ Platform Operator Init App 1.7.0-SNAPSHOT] Stopping the REST API
2025-01-29 13:39:30,384 INFO c.h.h.t.HelmChartContainer - [test-hivemq-platform] [hivemq] [4477f7c7] INFO  - [HiveMQ Platform Operator Init App 1.7.0-SNAPSHOT] Shutdown complete
2025-01-29 13:39:30,862 INFO c.h.h.t.HelmChartContainer - [K3S] [stateful_set.go:438] "Unhandled Error" err="error syncing StatefulSet helmbridgeextensionit/test-hivemq-platform, requeuing: controllerrevisions.apps \"test-hivemq-platform-9f964d894\" is forbidden: unable to create new content in namespace helmbridgeextensionit because it is being terminated"
2025-01-29 13:39:30,862 INFO c.h.h.t.HelmChartContainer - [POD] test-hivemq-platform-0 [4477f7c7-a546-4aa4-bbae-c9b09930cc10] in helmbridgeextensionit was MODIFIED
2025-01-29 13:39:30,870 INFO c.h.h.t.HelmChartContainer - [K3S] [stateful_set.go:438] "Unhandled Error" err="error syncing StatefulSet helmbridgeextensionit/test-hivemq-platform, requeuing: controllerrevisions.apps \"test-hivemq-platform-9f964d894\" is forbidden: unable to create new content in namespace helmbridgeextensionit because it is being terminated"
2025-01-29 13:39:30,884 INFO c.h.h.t.HelmChartContainer - [K3S] [stateful_set.go:438] "Unhandled Error" err="error syncing StatefulSet helmbridgeextensionit/test-hivemq-platform, requeuing: controllerrevisions.apps \"test-hivemq-platform-9f964d894\" is forbidden: unable to create new content in namespace helmbridgeextensionit because it is being terminated"
2025-01-29 13:39:30,908 INFO c.h.h.t.HelmChartContainer - [K3S] [stateful_set.go:438] "Unhandled Error" err="error syncing StatefulSet helmbridgeextensionit/test-hivemq-platform, requeuing: controllerrevisions.apps \"test-hivemq-platform-9f964d894\" is forbidden: unable to create new content in namespace helmbridgeextensionit because it is being terminated"
2025-01-29 13:39:30,918 INFO c.h.h.t.HelmChartContainer - [K3S] [reconciler_common.go:162] "operationExecutor.UnmountVolume started for volume \"pod-info\" (UniqueName: \"kubernetes.io/configmap/4477f7c7-a546-4aa4-bbae-c9b09930cc10-pod-info\") pod \"4477f7c7-a546-4aa4-bbae-c9b09930cc10\" (UID: \"4477f7c7-a546-4aa4-bbae-c9b09930cc10\") "
2025-01-29 13:39:30,918 INFO c.h.h.t.HelmChartContainer - [K3S] [reconciler_common.go:162] "operationExecutor.UnmountVolume started for volume \"extension-configuration-hivemq-bridge-extension\" (UniqueName: \"kubernetes.io/configmap/4477f7c7-a546-4aa4-bbae-c9b09930cc10-extension-configuration-hivemq-bridge-extension\") pod \"4477f7c7-a546-4aa4-bbae-c9b09930cc10\" (UID: \"4477f7c7-a546-4aa4-bbae-c9b09930cc10\") "
2025-01-29 13:39:30,919 INFO c.h.h.t.HelmChartContainer - [K3S] [reconciler_common.go:162] "operationExecutor.UnmountVolume started for volume \"kube-api-access-r2s97\" (UniqueName: \"kubernetes.io/projected/4477f7c7-a546-4aa4-bbae-c9b09930cc10-kube-api-access-r2s97\") pod \"4477f7c7-a546-4aa4-bbae-c9b09930cc10\" (UID: \"4477f7c7-a546-4aa4-bbae-c9b09930cc10\") "
2025-01-29 13:39:30,919 INFO c.h.h.t.HelmChartContainer - [K3S] [reconciler_common.go:162] "operationExecutor.UnmountVolume started for volume \"broker-configuration\" (UniqueName: \"kubernetes.io/configmap/4477f7c7-a546-4aa4-bbae-c9b09930cc10-broker-configuration\") pod \"4477f7c7-a546-4aa4-bbae-c9b09930cc10\" (UID: \"4477f7c7-a546-4aa4-bbae-c9b09930cc10\") "
2025-01-29 13:39:30,919 INFO c.h.h.t.HelmChartContainer - [K3S] [reconciler_common.go:162] "operationExecutor.UnmountVolume started for volume \"operator-init\" (UniqueName: \"kubernetes.io/empty-dir/4477f7c7-a546-4aa4-bbae-c9b09930cc10-operator-init\") pod \"4477f7c7-a546-4aa4-bbae-c9b09930cc10\" (UID: \"4477f7c7-a546-4aa4-bbae-c9b09930cc10\") "
2025-01-29 13:39:30,952 INFO c.h.h.t.HelmChartContainer - [K3S] [stateful_set.go:438] "Unhandled Error" err="error syncing StatefulSet helmbridgeextensionit/test-hivemq-platform, requeuing: controllerrevisions.apps \"test-hivemq-platform-9f964d894\" is forbidden: unable to create new content in namespace helmbridgeextensionit because it is being terminated"
2025-01-29 13:39:31,018 INFO c.h.h.t.HelmChartContainer - [K3S] [reconciler_common.go:299] "Volume detached for volume \"broker-configuration\" (UniqueName: \"kubernetes.io/configmap/4477f7c7-a546-4aa4-bbae-c9b09930cc10-broker-configuration\") on node \"2553df930ab9\" DevicePath \"\""
2025-01-29 13:39:31,018 INFO c.h.h.t.HelmChartContainer - [K3S] [reconciler_common.go:299] "Volume detached for volume \"kube-api-access-r2s97\" (UniqueName: \"kubernetes.io/projected/4477f7c7-a546-4aa4-bbae-c9b09930cc10-kube-api-access-r2s97\") on node \"2553df930ab9\" DevicePath \"\""
2025-01-29 13:39:31,018 INFO c.h.h.t.HelmChartContainer - [K3S] [reconciler_common.go:299] "Volume detached for volume \"operator-init\" (UniqueName: \"kubernetes.io/empty-dir/4477f7c7-a546-4aa4-bbae-c9b09930cc10-operator-init\") on node \"2553df930ab9\" DevicePath \"\""
2025-01-29 13:39:31,018 INFO c.h.h.t.HelmChartContainer - [K3S] [reconciler_common.go:299] "Volume detached for volume \"pod-info\" (UniqueName: \"kubernetes.io/configmap/4477f7c7-a546-4aa4-bbae-c9b09930cc10-pod-info\") on node \"2553df930ab9\" DevicePath \"\""
2025-01-29 13:39:31,018 INFO c.h.h.t.HelmChartContainer - [K3S] [reconciler_common.go:299] "Volume detached for volume \"extension-configuration-hivemq-bridge-extension\" (UniqueName: \"kubernetes.io/configmap/4477f7c7-a546-4aa4-bbae-c9b09930cc10-extension-configuration-hivemq-bridge-extension\") on node \"2553df930ab9\" DevicePath \"\""
2025-01-29 13:39:31,034 INFO c.h.h.t.HelmChartContainer - [K3S] [stateful_set.go:438] "Unhandled Error" err="error syncing StatefulSet helmbridgeextensionit/test-hivemq-platform, requeuing: controllerrevisions.apps \"test-hivemq-platform-9f964d894\" is forbidden: unable to create new content in namespace helmbridgeextensionit because it is being terminated"
2025-01-29 13:39:31,139 INFO c.h.h.t.HelmChartContainer - [K3S] [stateful_set.go:466] "StatefulSet has been deleted" key="helmbridgeextensionit/test-hivemq-platform"
2025-01-29 13:39:31,174 INFO c.h.h.t.HelmChartContainer - [K3S] [namespace_controller.go:164] "Unhandled Error" err="deletion of namespace helmbridgeextensionit failed: unexpected items still remain in namespace: helmbridgeextensionit for gvr: /v1, Resource=pods"
2025-01-29 13:39:31,196 INFO c.h.h.t.HelmChartContainer - [K3S] [stateful_set.go:466] "StatefulSet has been deleted" key="helmbridgeextensionit/test-hivemq-platform"
2025-01-29 13:39:31,336 INFO c.h.h.t.HelmChartContainer - [K3S] [namespace_controller.go:164] "Unhandled Error" err="deletion of namespace helmbridgeextensionit failed: unexpected items still remain in namespace: helmbridgeextensionit for gvr: /v1, Resource=pods"
2025-01-29 13:39:31,425 INFO c.h.h.t.HelmChartContainer - [K3S] [scope.go:117] "RemoveContainer" containerID="6728a4745d17ff3a66c29e4ea25e541fbfe186b99a6b62e3b5818bf5e81bced9"
2025-01-29 13:39:31,441 INFO c.h.h.t.HelmChartContainer - [POD] test-hivemq-platform-0 [4477f7c7-a546-4aa4-bbae-c9b09930cc10] in helmbridgeextensionit was MODIFIED
2025-01-29 13:39:31,443 INFO c.h.h.t.HelmChartContainer - [POD] test-hivemq-platform-0 [4477f7c7-a546-4aa4-bbae-c9b09930cc10] in helmbridgeextensionit was DELETED
2025-01-29 13:39:31,444 INFO c.h.h.t.HelmChartContainer - [K3S] [namespace_controller.go:164] "Unhandled Error" err="deletion of namespace helmbridgeextensionit failed: unexpected items still remain in namespace: helmbridgeextensionit for gvr: /v1, Resource=pods"
2025-01-29 13:39:31,547 INFO c.h.h.t.HelmChartContainer - [K3S] [scope.go:117] "RemoveContainer" containerID="be2526c94d5a7956f93a6ed9b560810d38bb2521350354133dab0e3a35ecd6dd"
2025-01-29 13:39:31,551 INFO c.h.h.t.HelmChartContainer - [K3S] [scope.go:117] "RemoveContainer" containerID="6728a4745d17ff3a66c29e4ea25e541fbfe186b99a6b62e3b5818bf5e81bced9"
2025-01-29 13:39:31,552 INFO c.h.h.t.HelmChartContainer - [K3S] [scope.go:117] "RemoveContainer" containerID="be2526c94d5a7956f93a6ed9b560810d38bb2521350354133dab0e3a35ecd6dd"
2025-01-29 13:39:31,652 INFO c.h.h.t.HelmChartContainer - Namespace 'helmbridgeextensionit' deleted
2025-01-29 13:39:31,652 INFO c.h.h.t.HelmChartContainer - Release 'test-hivemq-platform' in namespace 'helmbridgeextensionit' is uninstalled
2025-01-29 13:39:31,652 INFO c.h.h.t.HelmChartContainer - Uninstalling release 'test-hivemq-platform-operator' in namespace 'helmbridgeextensionit-operator'...
2025-01-29 13:39:31,652 DEBUG c.h.h.t.HelmChartContainer - Executing helm command: /bin/helm --kubeconfig /etc/rancher/k3s/k3s.yaml uninstall test-hivemq-platform-operator  --wait --timeout 5m0s --cascade foreground --namespace helmbridgeextensionit-operator
2025-01-29 13:39:31,828 INFO c.h.h.t.HelmChartContainer - [K3S] [replica_set.go:679] "Finished syncing" kind="ReplicaSet" key="helmbridgeextensionit-operator/hivemq-test-hivemq-platform-operator-6966f96d65" duration="12.081731ms"
2025-01-29 13:39:31,828 INFO c.h.h.t.HelmChartContainer - [K3S] [replica_set.go:679] "Finished syncing" kind="ReplicaSet" key="helmbridgeextensionit-operator/hivemq-test-hivemq-platform-operator-6966f96d65" duration="42.941µs"
2025-01-29 13:39:31,843 INFO c.h.h.t.HelmChartContainer - [POD] hivemq-test-hivemq-platform-operator-6966f96d65-bn7pc [9a9008c9-0ae7-4746-96bd-30c893433a7f] in helmbridgeextensionit-operator was MODIFIED
2025-01-29 13:39:31,864 INFO c.h.h.t.HelmChartContainer - [EVENT] Normal [Killing] Stopping container hivemq-platform-operator [helmbridgeextensionit-operator:hivemq-test-hivemq-platform-operator-6966f96d65-bn7pc]
2025-01-29 13:39:31,864 INFO c.h.h.t.HelmChartContainer - Received Killing event for container hivemq-platform-operator in pod hivemq-test-hivemq-platform-operator-6966f96d65-bn7pc [9a9008c9-0ae7-4746-96bd-30c893433a7f]
2025-01-29 13:39:31,864 INFO c.h.h.t.HelmChartContainer - Container [hivemq-test-hivemq-platform-operator-6966f96d65-bn7pc] [hivemq-platform-operator] [9a9008c9-0ae7-4746-96bd-30c893433a7f] was terminated
2025-01-29 13:39:31,864 INFO c.h.h.t.HelmChartContainer - Stopped log watcher for hivemq-platform-operator in pod hivemq-test-hivemq-platform-operator-6966f96d65-bn7pc [9a9008c9-0ae7-4746-96bd-30c893433a7f]
2025-01-29 13:39:31,869 INFO c.h.h.t.HelmChartContainer - [K3S] [replica_set.go:679] "Finished syncing" kind="ReplicaSet" key="helmbridgeextensionit-operator/hivemq-test-hivemq-platform-operator-6966f96d65" duration="21.084782ms"
2025-01-29 13:39:31,873 INFO c.h.h.t.HelmChartContainer - [hivemq-test-hivemq-platform] [hivemq-platform-operator] [9a9008c9] 13:39:31.863 [application-shutdown-thread] INFO  c.h.p.o.HiveMQPlatformOperatorApplication - HiveMQ Platform Operator is stopping...
2025-01-29 13:39:31,873 INFO c.h.h.t.HelmChartContainer - [hivemq-test-hivemq-platform] [hivemq-platform-operator] [9a9008c9] 13:39:31.863 [application-shutdown-thread] INFO  i.javaoperatorsdk.operator.Operator - Operator SDK 4.9.7 is shutting down...
2025-01-29 13:39:31,875 INFO c.h.h.t.HelmChartContainer - [K3S] [replica_set.go:679] "Finished syncing" kind="ReplicaSet" key="helmbridgeextensionit-operator/hivemq-test-hivemq-platform-operator-6966f96d65" duration="40.947µs"
2025-01-29 13:39:32,427 INFO c.h.h.t.HelmChartContainer - [K3S] [pod_container_deletor.go:80] "Container not found in pod's containers" containerID="6ca313a3346103cf792c84a861e8dd65393d7414a76698728aca806dfae8967f"
2025-01-29 13:39:32,453 INFO c.h.h.t.HelmChartContainer - [K3S] [replica_set.go:679] "Finished syncing" kind="ReplicaSet" key="helmbridgeextensionit-operator/hivemq-test-hivemq-platform-operator-6966f96d65" duration="40.095µs"
2025-01-29 13:39:32,454 INFO c.h.h.t.HelmChartContainer - [POD] hivemq-test-hivemq-platform-operator-6966f96d65-bn7pc [9a9008c9-0ae7-4746-96bd-30c893433a7f] in helmbridgeextensionit-operator was MODIFIED
2025-01-29 13:39:32,525 INFO c.h.h.t.HelmChartContainer - [K3S] [reconciler_common.go:162] "operationExecutor.UnmountVolume started for volume \"kube-api-access-9ppqx\" (UniqueName: \"kubernetes.io/projected/9a9008c9-0ae7-4746-96bd-30c893433a7f-kube-api-access-9ppqx\") pod \"9a9008c9-0ae7-4746-96bd-30c893433a7f\" (UID: \"9a9008c9-0ae7-4746-96bd-30c893433a7f\") "
2025-01-29 13:39:32,626 INFO c.h.h.t.HelmChartContainer - [K3S] [reconciler_common.go:299] "Volume detached for volume \"kube-api-access-9ppqx\" (UniqueName: \"kubernetes.io/projected/9a9008c9-0ae7-4746-96bd-30c893433a7f-kube-api-access-9ppqx\") on node \"2553df930ab9\" DevicePath \"\""
2025-01-29 13:39:33,189 INFO c.h.h.t.HelmChartContainer - [K3S] [kubelet_volumes.go:163] "Cleaned up orphaned pod volumes dir" podUID="4477f7c7-a546-4aa4-bbae-c9b09930cc10" path="/var/lib/kubelet/pods/4477f7c7-a546-4aa4-bbae-c9b09930cc10/volumes"
2025-01-29 13:39:33,438 INFO c.h.h.t.HelmChartContainer - [K3S] [replica_set.go:679] "Finished syncing" kind="ReplicaSet" key="helmbridgeextensionit-operator/hivemq-test-hivemq-platform-operator-6966f96d65" duration="56.255µs"
2025-01-29 13:39:33,439 INFO c.h.h.t.HelmChartContainer - [POD] hivemq-test-hivemq-platform-operator-6966f96d65-bn7pc [9a9008c9-0ae7-4746-96bd-30c893433a7f] in helmbridgeextensionit-operator was MODIFIED
2025-01-29 13:39:33,442 INFO c.h.h.t.HelmChartContainer - [K3S] [replica_set.go:679] "Finished syncing" kind="ReplicaSet" key="helmbridgeextensionit-operator/hivemq-test-hivemq-platform-operator-6966f96d65" duration="41.107µs"
2025-01-29 13:39:33,443 INFO c.h.h.t.HelmChartContainer - [POD] hivemq-test-hivemq-platform-operator-6966f96d65-bn7pc [9a9008c9-0ae7-4746-96bd-30c893433a7f] in helmbridgeextensionit-operator was DELETED
2025-01-29 13:39:33,457 INFO c.h.h.t.HelmChartContainer - [K3S] [replica_set.go:679] "Finished syncing" kind="ReplicaSet" key="helmbridgeextensionit-operator/hivemq-test-hivemq-platform-operator-6966f96d65" duration="7.243µs"
2025-01-29 13:39:33,890 INFO c.h.h.t.HelmChartContainer - Deleting namespace 'helmbridgeextensionit-operator'...
2025-01-29 13:39:35,180 INFO c.h.h.t.HelmChartContainer - [K3S] [scope.go:117] "RemoveContainer" containerID="69e20919f92b29490b535607ef75bf6b5ad49726cba21d95c77c00c48991ec95"
2025-01-29 13:39:35,192 INFO c.h.h.t.HelmChartContainer - [K3S] [kubelet_volumes.go:163] "Cleaned up orphaned pod volumes dir" podUID="9a9008c9-0ae7-4746-96bd-30c893433a7f" path="/var/lib/kubelet/pods/9a9008c9-0ae7-4746-96bd-30c893433a7f/volumes"
2025-01-29 13:39:36,570 INFO c.h.h.t.HelmChartContainer - [K3S] [namespace_controller.go:187] "Namespace has been deleted" namespace="helmbridgeextensionit"
2025-01-29 13:39:39,112 INFO c.h.h.t.HelmChartContainer - Namespace 'helmbridgeextensionit-operator' deleted
2025-01-29 13:39:39,112 INFO c.h.h.t.HelmChartContainer - Release 'test-hivemq-platform-operator' in namespace 'helmbridgeextensionit-operator' is uninstalled
2025-01-29 13:39:39,711 INFO c.h.helmcharts.AbstractHelmChartIT - Removed unused containers:

2025-01-29 13:39:44,022 INFO c.h.h.t.HelmChartContainer - [K3S] [namespace_controller.go:187] "Namespace has been deleted" namespace="helmbridgeextensionit-operator"
2025-01-29 13:39:47,505 INFO c.h.helmcharts.AbstractHelmChartIT - Removed unused snapshots:
Removing snapshot sha256:03af251906410714c5aef9fa705b63f6bbc39c4a5e787de7361eeb18886c2ed2
Removing snapshot sha256:0c46b3b43cce082ce5ec34ffc6c294e0417d17b9d1e6f366d114b6aadc4f96dc
Removing snapshot sha256:0ce761beee59082d6ed5bcebd3a805b8ddd9b3426b617e4809e7fb7c6587ffec
Removing snapshot sha256:0df91287303208332c8ff6ba40ae4710105201739addbfbddfb955f1ad593664
Removing snapshot sha256:1021ef88c7974bfff89c5a0ec4fd3160daac6c48a075f74cff721f85dd104e68
Removing snapshot sha256:10aba4953ddc18145dd38e3704709bc464aa20af60b56fe52caaff4b68411e62
Removing snapshot sha256:2573e0d8158209ed54ab25c87bcdcb00bd3d2539246960a3d592a1c599d70465
Removing snapshot sha256:362a8a37f8bbc31925a8146adcf7cf51f9882f5c1dcbef67c5baa03a297543c0
Removing snapshot sha256:3fa4ad33f0ddc8fd45b39b6b4640f82a3a83619606cd975bfe89d8710ad2d4cd
Removing snapshot sha256:43a7c979bbaba6838bc3102d6b10a1459f3ab050b87ccdfef84ef90cf43d3058
Removing snapshot sha256:4ab04491cdf0d3267f08206fe30bd48f49f94b9cab2f016d6739220f722a64af
Removing snapshot sha256:4b6068250e89c96f263060261819c7d912855bfbd64b3eb4c4a8483299b8c295
Removing snapshot sha256:580e69a0a8034ede1921139bbd2bfb72a69ebf276d008281896c32dd8bf74775
Removing snapshot sha256:5d30ba46b27fe37484567ccc5242cadc78217b8da605f3f195ef25cbf7487904
Removing snapshot sha256:5fea5bf92a1324b5df2512d14ca3f33c100ba52dc3a036872d3c1e1b4281afe5
Removing snapshot sha256:63ca1fbb43ae5034640e5e6cb3e083e05c290072c5366fcaa9d62435a4cced85
Removing snapshot sha256:67f702c6baae873bceb19487c8b1f27bd2b86077e4f2f0e480e6d60ab508b8f5
Removing snapshot sha256:6864348dd42806d552efdec384f1274be15e2d0c10ce44c1f04347af004c10a9
Removing snapshot sha256:6c7dee8f2c39b84b7dc2711c01d33de93514d9055499173e9290176fbe484b6c
Removing snapshot sha256:82753493a6d61ded36556292f02f31841a14c20d2f279f19eaad65afb661d5cd
Removing snapshot sha256:8a10d3db42c505ee0fcfa98417bdd7e39b304f6bcc0a06bb1b220797ff2cc63c
Removing snapshot sha256:a21e5b12dbac529ad45d976eb9ce45c881f3bedcc500fb30aba1e52aa1813418
Removing snapshot sha256:b921e6c28969094157f9b8e7244677780319637afd14450b7cb6b2fdea558a0c
Removing snapshot sha256:bc27ecb5769a00e309cf99ebc763c4a4b958b618d1decc96ffac5bc05f02f5b7
Removing snapshot sha256:be3ccb6627a5332e309d45ef461d09b4879dd870c7394d89323d0ebc6ca6aa8a
Removing snapshot sha256:c261f7cbbc64211ee175ee47273acdb7b1a36a4450b397a064a8f2c026490095
Removing snapshot sha256:c291c6e1fbd3d2868501c2d33b57d6ffde01f2b773f4d8629556233b618db3f6
Removing snapshot sha256:c34d9393647eea0c9e3557ab988efaf59f61d10a2a5613b439ef0958cca5ec10
Removing snapshot sha256:ccf3c4a0fa967a41c1c83497a2ce6fa5787965859df0adb32c4ca2cf7490bc2b
Removing snapshot sha256:cf92d33f869417309692088c341cd0f223c178ea78a125f757317b22aa8f90e9
Removing snapshot sha256:d0037344cf2fb078884f1849f6a1f8cf9a33a3b6139b6a85833e5ee528e1f9a8
Removing snapshot sha256:d3b36d5b79273b1e98e7700470eaeff05a882e777124d84cebcc1505b85ecb36
Removing snapshot sha256:d65a44a37914602d12c611e5e22a50f11451d847e63015cc1c2aef92dee777a4
Removing snapshot sha256:e2dc0bae2455930f23ae570e019b7f32edc75c0f2d71cab084db837ff9051796
Removing snapshot sha256:eccbd24a99c60cd9e86ee5305dbfc4a4dc89f5ab4fb1f06c8d64797cecedef34
Removing snapshot sha256:f144bb4c7c7f0d2aa7eeffd36d934ec40db1ee167be727e326aad9fdc616f475

]]></system-out>
  </testcase>
  <testcase name="withBridgeSecretConfiguration_messageBridged()" classname="com.hivemq.helmcharts.extensions.HelmBridgeExtensionIT" time="110.783">
    <system-out><![CDATA[2025-01-29 13:39:47,714 INFO tc.hivemq/hivemq4:4.36.0 - Creating container for image: hivemq/hivemq4:4.36.0
2025-01-29 13:39:47,734 INFO tc.hivemq/hivemq4:4.36.0 - Container hivemq/hivemq4:4.36.0 is starting: b05c52ff037bb8067d07d8178868675201925a7ea7765eb8d219132064755726
2025-01-29 13:39:55,857 INFO tc.hivemq/hivemq4:4.36.0 - Container hivemq/hivemq4:4.36.0 started in PT8.143419954S
2025-01-29 13:39:55,858 INFO c.h.h.t.HelmChartContainer - Creating namespace 'helmbridgeextensionit-operator'...
2025-01-29 13:39:55,865 INFO c.h.h.t.HelmChartContainer - Namespace 'helmbridgeextensionit-operator' created
2025-01-29 13:39:55,865 INFO c.h.h.t.HelmChartContainer - Creating namespace 'helmbridgeextensionit'...
2025-01-29 13:39:55,873 INFO c.h.h.t.HelmChartContainer - Namespace 'helmbridgeextensionit' created
2025-01-29 13:39:55,942 DEBUG c.h.h.t.HelmChartContainer - Executing helm command: /bin/helm --kubeconfig /etc/rancher/k3s/k3s.yaml install test-hivemq-platform-operator /charts/hivemq-platform-operator --wait --timeout 5m0s --set image.repository=docker.io/hivemq --set image.name=hivemq-platform-operator-test --set image.initImageName=hivemq-platform-operator-init-test --set image.tag=snapshot --set image.pullPolicy=Never --set logLevel=DEBUG --set resources.cpu=512m --namespace helmbridgeextensionit-operator
2025-01-29 13:39:56,265 INFO c.h.h.t.HelmChartContainer - [K3S] [alloc.go:330] "allocated clusterIPs" service="helmbridgeextensionit-operator/hivemq-platform-operator-test-hivemq-platform-operator" clusterIPs={"IPv4":"10.43.249.26"}
2025-01-29 13:39:56,287 INFO c.h.h.t.HelmChartContainer - [EVENT] Normal [ScalingReplicaSet] Scaled up replica set hivemq-test-hivemq-platform-operator-6966f96d65 from 0 to 1 [helmbridgeextensionit-operator:hivemq-test-hivemq-platform-operator]
2025-01-29 13:39:56,292 INFO c.h.h.t.HelmChartContainer - [POD] hivemq-test-hivemq-platform-operator-6966f96d65-5nxqr [4534c5de-5ea2-4415-a6d1-5108d1296093] in helmbridgeextensionit-operator was ADDED
2025-01-29 13:39:56,299 INFO c.h.h.t.HelmChartContainer - [EVENT] Normal [SuccessfulCreate] Created pod: hivemq-test-hivemq-platform-operator-6966f96d65-5nxqr [helmbridgeextensionit-operator:hivemq-test-hivemq-platform-operator-6966f96d65]
2025-01-29 13:39:56,299 INFO c.h.h.t.HelmChartContainer - [K3S] [replica_set.go:679] "Finished syncing" kind="ReplicaSet" key="helmbridgeextensionit-operator/hivemq-test-hivemq-platform-operator-6966f96d65" duration="20.987503ms"
2025-01-29 13:39:56,305 INFO c.h.h.t.HelmChartContainer - [K3S] [memory_manager.go:355] "RemoveStaleState removing state" podUID="9a9008c9-0ae7-4746-96bd-30c893433a7f" containerName="hivemq-platform-operator"
2025-01-29 13:39:56,306 INFO c.h.h.t.HelmChartContainer - [K3S] [memory_manager.go:355] "RemoveStaleState removing state" podUID="4477f7c7-a546-4aa4-bbae-c9b09930cc10" containerName="hivemq"
2025-01-29 13:39:56,308 INFO c.h.h.t.HelmChartContainer - [POD] hivemq-test-hivemq-platform-operator-6966f96d65-5nxqr [4534c5de-5ea2-4415-a6d1-5108d1296093] in helmbridgeextensionit-operator was MODIFIED
2025-01-29 13:39:56,313 INFO c.h.h.t.HelmChartContainer - [EVENT] Normal [Scheduled] Successfully assigned helmbridgeextensionit-operator/hivemq-test-hivemq-platform-operator-6966f96d65-5nxqr to 2553df930ab9 [helmbridgeextensionit-operator:hivemq-test-hivemq-platform-operator-6966f96d65-5nxqr]
2025-01-29 13:39:56,318 INFO c.h.h.t.HelmChartContainer - [K3S] [replica_set.go:679] "Finished syncing" kind="ReplicaSet" key="helmbridgeextensionit-operator/hivemq-test-hivemq-platform-operator-6966f96d65" duration="18.73318ms"
2025-01-29 13:39:56,319 INFO c.h.h.t.HelmChartContainer - [POD] hivemq-test-hivemq-platform-operator-6966f96d65-5nxqr [4534c5de-5ea2-4415-a6d1-5108d1296093] in helmbridgeextensionit-operator was MODIFIED
2025-01-29 13:39:56,333 INFO c.h.h.t.HelmChartContainer - [K3S] [replica_set.go:679] "Finished syncing" kind="ReplicaSet" key="helmbridgeextensionit-operator/hivemq-test-hivemq-platform-operator-6966f96d65" duration="14.685131ms"
2025-01-29 13:39:56,333 INFO c.h.h.t.HelmChartContainer - [K3S] [replica_set.go:679] "Finished syncing" kind="ReplicaSet" key="helmbridgeextensionit-operator/hivemq-test-hivemq-platform-operator-6966f96d65" duration="49.863µs"
2025-01-29 13:39:56,466 INFO c.h.h.t.HelmChartContainer - [K3S] [reconciler_common.go:251] "operationExecutor.VerifyControllerAttachedVolume started for volume \"kube-api-access-wknqb\" (UniqueName: \"kubernetes.io/projected/4534c5de-5ea2-4415-a6d1-5108d1296093-kube-api-access-wknqb\") pod \"hivemq-test-hivemq-platform-operator-6966f96d65-5nxqr\" (UID: \"4534c5de-5ea2-4415-a6d1-5108d1296093\") " pod="helmbridgeextensionit-operator/hivemq-test-hivemq-platform-operator-6966f96d65-5nxqr"
2025-01-29 13:39:56,702 INFO c.h.h.t.HelmChartContainer - [EVENT] Normal [Pulled] Container image "docker.io/hivemq/hivemq-platform-operator-test:snapshot" already present on machine [helmbridgeextensionit-operator:hivemq-test-hivemq-platform-operator-6966f96d65-5nxqr]
2025-01-29 13:39:56,702 INFO c.h.h.t.HelmChartContainer - Received Pulled event for container hivemq-platform-operator in pod hivemq-test-hivemq-platform-operator-6966f96d65-5nxqr [4534c5de-5ea2-4415-a6d1-5108d1296093]
2025-01-29 13:39:57,969 INFO c.h.h.t.HelmChartContainer - [EVENT] Normal [Created] Created container: hivemq-platform-operator [helmbridgeextensionit-operator:hivemq-test-hivemq-platform-operator-6966f96d65-5nxqr]
2025-01-29 13:39:57,969 INFO c.h.h.t.HelmChartContainer - Received Created event for container hivemq-platform-operator in pod hivemq-test-hivemq-platform-operator-6966f96d65-5nxqr [4534c5de-5ea2-4415-a6d1-5108d1296093]
2025-01-29 13:39:58,480 INFO c.h.h.t.HelmChartContainer - [POD] hivemq-test-hivemq-platform-operator-6966f96d65-5nxqr [4534c5de-5ea2-4415-a6d1-5108d1296093] in helmbridgeextensionit-operator was MODIFIED
2025-01-29 13:39:58,480 INFO c.h.h.t.HelmChartContainer - [K3S] [replica_set.go:679] "Finished syncing" kind="ReplicaSet" key="helmbridgeextensionit-operator/hivemq-test-hivemq-platform-operator-6966f96d65" duration="47.239µs"
2025-01-29 13:39:58,495 INFO c.h.h.t.HelmChartContainer - [EVENT] Normal [Started] Started container hivemq-platform-operator [helmbridgeextensionit-operator:hivemq-test-hivemq-platform-operator-6966f96d65-5nxqr]
2025-01-29 13:39:58,495 INFO c.h.h.t.HelmChartContainer - Received Started event for container hivemq-platform-operator in pod hivemq-test-hivemq-platform-operator-6966f96d65-5nxqr [4534c5de-5ea2-4415-a6d1-5108d1296093]
2025-01-29 13:39:58,495 INFO c.h.h.t.HelmChartContainer - Started log watcher for hivemq-platform-operator in pod hivemq-test-hivemq-platform-operator-6966f96d65-5nxqr [4534c5de-5ea2-4415-a6d1-5108d1296093]
2025-01-29 13:39:58,496 INFO c.h.h.t.HelmChartContainer - [hivemq-test-hivemq-platform] [hivemq-platform-operator] [4534c5de] -------------------------------------------------------------------------
2025-01-29 13:39:58,496 INFO c.h.h.t.HelmChartContainer - [hivemq-test-hivemq-platform] [hivemq-platform-operator] [4534c5de] 
2025-01-29 13:39:58,496 INFO c.h.h.t.HelmChartContainer - [hivemq-test-hivemq-platform] [hivemq-platform-operator] [4534c5de]                   _    _  _              __  __   ____
2025-01-29 13:39:58,496 INFO c.h.h.t.HelmChartContainer - [hivemq-test-hivemq-platform] [hivemq-platform-operator] [4534c5de]                  | |  | |(_)            |  \/  | / __ \
2025-01-29 13:39:58,496 INFO c.h.h.t.HelmChartContainer - [hivemq-test-hivemq-platform] [hivemq-platform-operator] [4534c5de]                  | |__| | _ __   __ ___ | \  / || |  | |
2025-01-29 13:39:58,496 INFO c.h.h.t.HelmChartContainer - [hivemq-test-hivemq-platform] [hivemq-platform-operator] [4534c5de]                  |  __  || |\ \ / // _ \| |\/| || |  | |
2025-01-29 13:39:58,496 INFO c.h.h.t.HelmChartContainer - [hivemq-test-hivemq-platform] [hivemq-platform-operator] [4534c5de]                  | |  | || | \ V /|  __/| |  | || |__| |
2025-01-29 13:39:58,496 INFO c.h.h.t.HelmChartContainer - [hivemq-test-hivemq-platform] [hivemq-platform-operator] [4534c5de]                  |_|  |_||_|  \_/  \___||_|  |_| \___\_\
2025-01-29 13:39:58,496 INFO c.h.h.t.HelmChartContainer - [hivemq-test-hivemq-platform] [hivemq-platform-operator] [4534c5de] 
2025-01-29 13:39:58,496 INFO c.h.h.t.HelmChartContainer - [hivemq-test-hivemq-platform] [hivemq-platform-operator] [4534c5de] -------------------------------------------------------------------------
2025-01-29 13:39:58,496 INFO c.h.h.t.HelmChartContainer - [hivemq-test-hivemq-platform] [hivemq-platform-operator] [4534c5de] 
2025-01-29 13:39:58,496 INFO c.h.h.t.HelmChartContainer - [hivemq-test-hivemq-platform] [hivemq-platform-operator] [4534c5de]   HiveMQ Platform Operator Start Script v1.0
2025-01-29 13:39:58,496 INFO c.h.h.t.HelmChartContainer - [hivemq-test-hivemq-platform] [hivemq-platform-operator] [4534c5de] 
2025-01-29 13:39:58,496 INFO c.h.h.t.HelmChartContainer - [hivemq-test-hivemq-platform] [hivemq-platform-operator] [4534c5de] -------------------------------------------------------------------------
2025-01-29 13:39:58,496 INFO c.h.h.t.HelmChartContainer - [hivemq-test-hivemq-platform] [hivemq-platform-operator] [4534c5de] 
2025-01-29 13:39:58,496 INFO c.h.h.t.HelmChartContainer - [hivemq-test-hivemq-platform] [hivemq-platform-operator] [4534c5de]   JAVA_OPTS: -XX:+UnlockExperimentalVMOptions -XX:InitialRAMPercentage=75 -XX:MaxRAMPercentage=75 -Duser.language=en -Duser.region=US
2025-01-29 13:39:58,496 INFO c.h.h.t.HelmChartContainer - [hivemq-test-hivemq-platform] [hivemq-platform-operator] [4534c5de] 
2025-01-29 13:39:58,496 INFO c.h.h.t.HelmChartContainer - [hivemq-test-hivemq-platform] [hivemq-platform-operator] [4534c5de]   JAVA_VERSION: 21
2025-01-29 13:39:58,496 INFO c.h.h.t.HelmChartContainer - [hivemq-test-hivemq-platform] [hivemq-platform-operator] [4534c5de] 
2025-01-29 13:39:58,496 INFO c.h.h.t.HelmChartContainer - [hivemq-test-hivemq-platform] [hivemq-platform-operator] [4534c5de] -------------------------------------------------------------------------
2025-01-29 13:39:58,496 INFO c.h.h.t.HelmChartContainer - [hivemq-test-hivemq-platform] [hivemq-platform-operator] [4534c5de] 
2025-01-29 13:40:01,445 INFO c.h.h.t.HelmChartContainer - [hivemq-test-hivemq-platform] [hivemq-platform-operator] [4534c5de] 13:40:01.443 [main] DEBUG org.jboss.logging - Logging Provider: org.jboss.logging.Slf4jLoggerProvider
2025-01-29 13:40:01,548 INFO c.h.h.t.HelmChartContainer - [hivemq-test-hivemq-platform] [hivemq-platform-operator] [4534c5de] 13:40:01.546 [main] DEBUG io.smallrye.config - SRCFG01006: Loaded ConfigSource SysPropConfigSource with ordinal 400
2025-01-29 13:40:01,548 INFO c.h.h.t.HelmChartContainer - [hivemq-test-hivemq-platform] [hivemq-platform-operator] [4534c5de] 13:40:01.547 [main] DEBUG io.smallrye.config - SRCFG01006: Loaded ConfigSource EnvConfigSource with ordinal 300
2025-01-29 13:40:01,548 INFO c.h.h.t.HelmChartContainer - [hivemq-test-hivemq-platform] [hivemq-platform-operator] [4534c5de] 13:40:01.547 [main] DEBUG io.smallrye.config - SRCFG01006: Loaded ConfigSource PropertiesConfigSource[source=jar:file:///opt/hivemq-platform-operator/bin/hivemq-platform-operator.jar!/hivemq-platform-operator.properties] with ordinal 100
2025-01-29 13:40:01,548 INFO c.h.h.t.HelmChartContainer - [hivemq-test-hivemq-platform] [hivemq-platform-operator] [4534c5de] 13:40:01.547 [main] DEBUG io.smallrye.config - SRCFG01006: Loaded ConfigSource DefaultValuesConfigSource with ordinal -2147483648
2025-01-29 13:40:01,729 INFO c.h.h.t.HelmChartContainer - [hivemq-test-hivemq-platform] [hivemq-platform-operator] [4534c5de] 13:40:01.728 [main] DEBUG i.m.c.u.i.l.InternalLoggerFactory - Using SLF4J as the default logging framework
2025-01-29 13:40:01,845 INFO c.h.h.t.HelmChartContainer - [hivemq-test-hivemq-platform] [hivemq-platform-operator] [4534c5de] 13:40:01.834 [main] INFO  c.h.p.o.HiveMQPlatformOperatorApplication - HiveMQ Platform Operator 1.7.0-SNAPSHOT (commit: bebf408 on branch: HEAD) built on Sun Jan 26 20:47:47 UTC 2025
2025-01-29 13:40:01,846 INFO c.h.h.t.HelmChartContainer - [hivemq-test-hivemq-platform] [hivemq-platform-operator] [4534c5de] 13:40:01.843 [main] INFO  c.h.p.o.HiveMQPlatformOperatorApplication - HiveMQ Platform Operator is running in namespace: helmbridgeextensionit-operator
2025-01-29 13:40:01,846 INFO c.h.h.t.HelmChartContainer - [hivemq-test-hivemq-platform] [hivemq-platform-operator] [4534c5de] 13:40:01.843 [main] INFO  c.h.p.o.HiveMQPlatformOperatorApplication - Watching all namespaces
2025-01-29 13:40:01,846 INFO c.h.h.t.HelmChartContainer - [hivemq-test-hivemq-platform] [hivemq-platform-operator] [4534c5de] 13:40:01.843 [main] INFO  c.h.p.o.HiveMQPlatformOperatorApplication - Log level: DEBUG
2025-01-29 13:40:01,846 INFO c.h.h.t.HelmChartContainer - [hivemq-test-hivemq-platform] [hivemq-platform-operator] [4534c5de] 13:40:01.843 [main] INFO  c.h.p.o.HiveMQPlatformOperatorApplication - Release name: test-hivemq-platform-operator
2025-01-29 13:40:01,846 INFO c.h.h.t.HelmChartContainer - [hivemq-test-hivemq-platform] [hivemq-platform-operator] [4534c5de] 13:40:01.843 [main] INFO  c.h.p.o.HiveMQPlatformOperatorApplication - HiveMQ Platform Operator Init image: docker.io/hivemq/hivemq-platform-operator-init-test:snapshot
2025-01-29 13:40:01,846 INFO c.h.h.t.HelmChartContainer - [hivemq-test-hivemq-platform] [hivemq-platform-operator] [4534c5de] 13:40:01.843 [main] INFO  c.h.p.o.HiveMQPlatformOperatorApplication - HiveMQ Platform Operator Init App update URL: http://hivemq-platform-operator-test-hivemq-platform-operator.helmbridgeextensionit-operator.svc:8080/initAppUpdate/hivemq-platform-operator-init-app-1.7.0-SNAPSHOT.jar
2025-01-29 13:40:01,846 INFO c.h.h.t.HelmChartContainer - [hivemq-test-hivemq-platform] [hivemq-platform-operator] [4534c5de] 13:40:01.843 [main] INFO  c.h.p.o.HiveMQPlatformOperatorApplication - Additional imagePullSecret for all Platform deployments: none
2025-01-29 13:40:01,846 INFO c.h.h.t.HelmChartContainer - [hivemq-test-hivemq-platform] [hivemq-platform-operator] [4534c5de] 13:40:01.843 [main] INFO  c.h.p.o.HiveMQPlatformOperatorApplication - Apply HiveMQ Platform CRD: true
2025-01-29 13:40:01,846 INFO c.h.h.t.HelmChartContainer - [hivemq-test-hivemq-platform] [hivemq-platform-operator] [4534c5de] 13:40:01.843 [main] INFO  c.h.p.o.HiveMQPlatformOperatorApplication - Create Platform ServiceAccount: true
2025-01-29 13:40:01,846 INFO c.h.h.t.HelmChartContainer - [hivemq-test-hivemq-platform] [hivemq-platform-operator] [4534c5de] 13:40:01.843 [main] INFO  c.h.p.o.HiveMQPlatformOperatorApplication - Create Platform ServiceAccount permissions: true
2025-01-29 13:40:01,846 INFO c.h.h.t.HelmChartContainer - [hivemq-test-hivemq-platform] [hivemq-platform-operator] [4534c5de] 13:40:01.843 [main] INFO  c.h.p.o.HiveMQPlatformOperatorApplication - Validate Platform ServiceAccount: true
2025-01-29 13:40:01,846 INFO c.h.h.t.HelmChartContainer - [hivemq-test-hivemq-platform] [hivemq-platform-operator] [4534c5de] 13:40:01.843 [main] INFO  c.h.p.o.HiveMQPlatformOperatorApplication - Validate Platform ServiceAccount permissions: true
2025-01-29 13:40:01,966 INFO c.h.h.t.HelmChartContainer - [hivemq-test-hivemq-platform] [hivemq-platform-operator] [4534c5de] 13:40:01.965 [main] INFO  c.h.platform.operator.util.CRDUtil - Verifying deployed HiveMQ Platform CRD...
2025-01-29 13:40:04,532 INFO c.h.h.t.HelmChartContainer - [hivemq-test-hivemq-platform] [hivemq-platform-operator] [4534c5de] 13:40:04.530 [main] DEBUG c.h.platform.operator.util.CRDUtil - HiveMQ Platform CRD version v1 is up to date
2025-01-29 13:40:04,532 INFO c.h.h.t.HelmChartContainer - [hivemq-test-hivemq-platform] [hivemq-platform-operator] [4534c5de] 13:40:04.531 [main] INFO  c.h.platform.operator.util.CRDUtil - HiveMQ Platform CRD is up to date (version: V1_6_0)
2025-01-29 13:40:04,532 INFO c.h.h.t.HelmChartContainer - [hivemq-test-hivemq-platform] [hivemq-platform-operator] [4534c5de] 13:40:04.531 [main] INFO  c.h.platform.operator.util.CRDUtil - Waiting 10000 ms for HiveMQ Platform CRD 'hivemq-platforms.hivemq.com' to become ready...
2025-01-29 13:40:04,745 INFO c.h.h.t.HelmChartContainer - [hivemq-test-hivemq-platform] [hivemq-platform-operator] [4534c5de] 13:40:04.744 [vert.x-eventloop-thread-1] DEBUG c.h.platform.operator.util.CRDUtil - Checking CRD condition 'NamesAccepted' (status: 'True')
2025-01-29 13:40:04,827 INFO c.h.h.t.HelmChartContainer - [hivemq-test-hivemq-platform] [hivemq-platform-operator] [4534c5de] 13:40:04.825 [vert.x-eventloop-thread-1] DEBUG c.h.platform.operator.util.CRDUtil - Checking CRD condition 'Established' (status: 'True')
2025-01-29 13:40:04,829 INFO c.h.h.t.HelmChartContainer - [hivemq-test-hivemq-platform] [hivemq-platform-operator] [4534c5de] 13:40:04.827 [main] INFO  c.h.platform.operator.util.CRDUtil - HiveMQ Platform CRD 'hivemq-platforms.hivemq.com' is ready
2025-01-29 13:40:04,942 INFO c.h.h.t.HelmChartContainer - [hivemq-test-hivemq-platform] [hivemq-platform-operator] [4534c5de] 13:40:04.941 [main] INFO  c.h.p.o.HiveMQPlatformReconciler - HiveMQ Platform Operator is starting...
2025-01-29 13:40:05,035 INFO c.h.h.t.HelmChartContainer - [hivemq-test-hivemq-platform] [hivemq-platform-operator] [4534c5de] 13:40:05.034 [main] WARN  Default ConfigurationService implementation - Configuration for reconciler 'hivemq-controller' was not found. Known reconcilers: None.
2025-01-29 13:40:05,043 INFO c.h.h.t.HelmChartContainer - [hivemq-test-hivemq-platform] [hivemq-platform-operator] [4534c5de] 13:40:05.042 [main] INFO  Default ConfigurationService implementation - Created configuration for reconciler com.hivemq.platform.operator.HiveMQPlatformReconciler with name hivemq-controller
2025-01-29 13:40:05,146 INFO c.h.h.t.HelmChartContainer - [hivemq-test-hivemq-platform] [hivemq-platform-operator] [4534c5de] 13:40:05.145 [main] DEBUG c.h.p.o.HiveMQPlatformReconciler - HiveMQ Platform Operator is preparing EventSources
2025-01-29 13:40:05,231 INFO c.h.h.t.HelmChartContainer - [hivemq-test-hivemq-platform] [hivemq-platform-operator] [4534c5de] 13:40:05.230 [main] INFO  i.javaoperatorsdk.operator.Operator - Registered reconciler: 'hivemq-controller' for resource: 'class com.hivemq.platform.operator.v1.HiveMQPlatform' for namespace(s): [all namespaces]
2025-01-29 13:40:05,750 INFO c.h.h.t.HelmChartContainer - [hivemq-test-hivemq-platform] [hivemq-platform-operator] [4534c5de] 13:40:05.749 [main] INFO  c.h.p.operator.webserver.JettyServer - Starting Jetty server on port 8080
2025-01-29 13:40:05,846 INFO c.h.h.t.HelmChartContainer - [hivemq-test-hivemq-platform] [hivemq-platform-operator] [4534c5de] 13:40:05.844 [main] INFO  i.javaoperatorsdk.operator.Operator - Operator SDK 4.9.7 (commit: 2133d28) built on Wed Nov 20 12:56:20 UTC 2024 starting...
2025-01-29 13:40:05,846 INFO c.h.h.t.HelmChartContainer - [hivemq-test-hivemq-platform] [hivemq-platform-operator] [4534c5de] 13:40:05.845 [main] INFO  i.javaoperatorsdk.operator.Operator - Client version: 6.13.4
2025-01-29 13:40:05,848 INFO c.h.h.t.HelmChartContainer - [hivemq-test-hivemq-platform] [hivemq-platform-operator] [4534c5de] 13:40:05.846 [Controller Starter for: hivemq-controller] INFO  i.j.operator.processing.Controller - Starting 'hivemq-controller' controller for reconciler: com.hivemq.platform.operator.HiveMQPlatformReconciler, resource: com.hivemq.platform.operator.v1.HiveMQPlatform
2025-01-29 13:40:08,333 INFO c.h.h.t.HelmChartContainer - [hivemq-test-hivemq-platform] [hivemq-platform-operator] [4534c5de] 13:40:08.332 [Controller Starter for: hivemq-controller] INFO  i.j.operator.processing.Controller - 'hivemq-controller' controller started
2025-01-29 13:40:08,333 INFO c.h.h.t.HelmChartContainer - [hivemq-test-hivemq-platform] [hivemq-platform-operator] [4534c5de] 13:40:08.332 [main] INFO  c.h.p.o.HiveMQPlatformOperatorApplication - HiveMQ Platform Operator 1.7.0-SNAPSHOT started in 6498 ms
2025-01-29 13:40:09,493 INFO c.h.h.t.HelmChartContainer - [POD] hivemq-test-hivemq-platform-operator-6966f96d65-5nxqr [4534c5de-5ea2-4415-a6d1-5108d1296093] in helmbridgeextensionit-operator was MODIFIED
2025-01-29 13:40:09,500 INFO c.h.h.t.HelmChartContainer - [K3S] [replica_set.go:679] "Finished syncing" kind="ReplicaSet" key="helmbridgeextensionit-operator/hivemq-test-hivemq-platform-operator-6966f96d65" duration="10.821847ms"
2025-01-29 13:40:09,500 INFO c.h.h.t.HelmChartContainer - [K3S] [replica_set.go:679] "Finished syncing" kind="ReplicaSet" key="helmbridgeextensionit-operator/hivemq-test-hivemq-platform-operator-6966f96d65" duration="81.883µs"
2025-01-29 13:40:10,452 DEBUG c.h.h.t.HelmChartContainer - Executing helm command: /bin/helm --kubeconfig /etc/rancher/k3s/k3s.yaml install test-hivemq-platform /charts/hivemq-platform --wait --timeout 5m0s --set image.repository=docker.io/hivemq --set image.tag=4.36.0 --set image.pullPolicy=Never --set nodes.resources.cpu=512m -f /files/bridge-with-secret-config-values.yaml --namespace helmbridgeextensionit
2025-01-29 13:40:10,691 INFO c.h.h.t.HelmChartContainer - [hivemq-test-hivemq-platform] [hivemq-platform-operator] [4534c5de] 13:40:10.690 [-373097727-pool-1-thread-4] WARN  i.m.p.PrometheusMeterRegistry - The meter (MeterId{name='operator.sdk.events.received', tags=[tag(action=ADDED),tag(event=ResourceEvent),tag(group=hivemq.com),tag(kind=HiveMQPlatform),tag(name=test-hivemq-platform),tag(namespace=helmbridgeextensionit),tag(scope=namespace),tag(version=v1)]}) registration has failed: Prometheus requires that all meters with the same name have the same set of tag keys. There is already an existing meter named 'operator.sdk.events.received' containing tag keys [event, group, kind, name, namespace, scope, version]. The meter you are attempting to register has keys [action, event, group, kind, name, namespace, scope, version]. Note that subsequent logs will be logged at debug level.
2025-01-29 13:40:11,234 INFO c.h.h.t.HelmChartContainer - [hivemq-test-hivemq-platform] [hivemq-platform-operator] [4534c5de] 13:40:11.229 [pool-6-thread-3] DEBUG c.h.p.o.dependants.PodInfoConfigMap - [helmbrid] Desired PodInfo ConfigMap (1 extensions) (1 enabled)
2025-01-29 13:40:11,234 INFO c.h.h.t.HelmChartContainer - [hivemq-test-hivemq-platform] [hivemq-platform-operator] [4534c5de] 13:40:11.230 [pool-6-thread-3] DEBUG c.h.p.o.dependants.PodInfoConfigMap - [helmbrid] Desired PodInfo ConfigMap (metrics port: 9399) (metrics path: /)
2025-01-29 13:40:11,234 INFO c.h.h.t.HelmChartContainer - [hivemq-test-hivemq-platform] [hivemq-platform-operator] [4534c5de] 13:40:11.230 [pool-6-thread-3] DEBUG c.h.p.o.dependants.PodInfoConfigMap - [helmbrid] Desired PodInfo ConfigMap (extension state hash: -1507299382)
2025-01-29 13:40:11,234 INFO c.h.h.t.HelmChartContainer - [hivemq-test-hivemq-platform] [hivemq-platform-operator] [4534c5de] 13:40:11.231 [pool-6-thread-3] DEBUG c.h.p.o.dependants.PodInfoConfigMap - [helmbrid] Create PodInfo ConfigMap
2025-01-29 13:40:11,331 INFO c.h.h.t.HelmChartContainer - [hivemq-test-hivemq-platform] [hivemq-platform-operator] [4534c5de] 13:40:11.328 [pool-6-thread-5] DEBUG c.h.p.o.dependants.PodRoleResource - [helmbrid] Create Role: Role(apiVersion=rbac.authorization.k8s.io/v1, kind=Role, metadata=ObjectMeta(annotations={meta.helm.sh/release-name=test-hivemq-platform, meta.helm.sh/release-namespace=helmbridgeextensionit}, creationTimestamp=null, deletionGracePeriodSeconds=null, deletionTimestamp=null, finalizers=[], generateName=null, generation=null, labels={helm.sh/chart=hivemq-platform-0.2.32, app.kubernetes.io/managed-by=Helm, app.kubernetes.io/name=hivemq-platform, hivemq-platform=test-hivemq-platform, app.kubernetes.io/instance=test-hivemq-platform, app.kubernetes.io/version=4.36.0}, managedFields=[], name=hivemq-platform-role-test-hivemq-platform, namespace=helmbridgeextensionit, ownerReferences=[OwnerReference(apiVersion=hivemq.com/v1, blockOwnerDeletion=null, controller=null, kind=HiveMQPlatform, name=test-hivemq-platform, uid=dd032cf6-0f68-4614-98cc-4d4a7a49c478, additionalProperties={})], resourceVersion=null, selfLink=null, uid=null, additionalProperties={}), rules=[PolicyRule(apiGroups=[], nonResourceURLs=[], resourceNames=[], resources=[pods], verbs=[get, patch, update], additionalProperties={})], additionalProperties={})
2025-01-29 13:40:11,440 INFO c.h.h.t.HelmChartContainer - [hivemq-test-hivemq-platform] [hivemq-platform-operator] [4534c5de] 13:40:11.438 [pool-6-thread-7] DEBUG c.h.p.o.d.PodServiceAccountResource - [helmbrid] Desired PodServiceAccountResource (serviceAccountName: hivemq-platform-pod-test-hivemq-platform)
2025-01-29 13:40:11,441 INFO c.h.h.t.HelmChartContainer - [hivemq-test-hivemq-platform] [hivemq-platform-operator] [4534c5de] 13:40:11.439 [pool-6-thread-7] DEBUG c.h.p.o.d.PodServiceAccountResource - [helmbrid] Create ServiceAccount 'hivemq-platform-pod-test-hivemq-platform'
2025-01-29 13:40:11,633 INFO c.h.h.t.HelmChartContainer - [hivemq-test-hivemq-platform] [hivemq-platform-operator] [4534c5de] 13:40:11.631 [pool-6-thread-10] DEBUG c.h.p.o.d.PodRoleBindingResource - [helmbrid] Create RoleBinding: RoleBinding(apiVersion=rbac.authorization.k8s.io/v1, kind=RoleBinding, metadata=ObjectMeta(annotations={meta.helm.sh/release-name=test-hivemq-platform, meta.helm.sh/release-namespace=helmbridgeextensionit}, creationTimestamp=null, deletionGracePeriodSeconds=null, deletionTimestamp=null, finalizers=[], generateName=null, generation=null, labels={helm.sh/chart=hivemq-platform-0.2.32, app.kubernetes.io/managed-by=Helm, app.kubernetes.io/name=hivemq-platform, hivemq-platform=test-hivemq-platform, app.kubernetes.io/instance=test-hivemq-platform, app.kubernetes.io/version=4.36.0}, managedFields=[], name=hivemq-platform-role-binding-test-hivemq-platform, namespace=helmbridgeextensionit, ownerReferences=[OwnerReference(apiVersion=hivemq.com/v1, blockOwnerDeletion=null, controller=null, kind=HiveMQPlatform, name=test-hivemq-platform, uid=dd032cf6-0f68-4614-98cc-4d4a7a49c478, additionalProperties={})], resourceVersion=null, selfLink=null, uid=null, additionalProperties={}), roleRef=RoleRef(apiGroup=rbac.authorization.k8s.io, kind=Role, name=hivemq-platform-role-test-hivemq-platform, additionalProperties={}), subjects=[Subject(apiGroup=null, kind=ServiceAccount, name=hivemq-platform-pod-test-hivemq-platform, namespace=helmbridgeextensionit, additionalProperties={})], additionalProperties={})
2025-01-29 13:40:11,729 INFO c.h.h.t.HelmChartContainer - [hivemq-test-hivemq-platform] [hivemq-platform-operator] [4534c5de] 13:40:11.728 [ReconcilerExecutor-hivemq-controller-53] INFO  c.h.p.o.HiveMQPlatformReconciler - [helmbrid] Reconciling HiveMQ Platform 'test-hivemq-platform' in namespace 'helmbridgeextensionit'
2025-01-29 13:40:11,729 INFO c.h.h.t.HelmChartContainer - [hivemq-test-hivemq-platform] [hivemq-platform-operator] [4534c5de] 13:40:11.728 [ReconcilerExecutor-hivemq-controller-53] DEBUG c.h.p.o.HiveMQPlatformReconciler - [helmbrid] Custom Resource Status CREATED - HiveMQ Platform was created (READY)
2025-01-29 13:40:11,729 INFO c.h.h.t.HelmChartContainer - [hivemq-test-hivemq-platform] [hivemq-platform-operator] [4534c5de] 13:40:11.728 [ReconcilerExecutor-hivemq-controller-53] DEBUG c.h.p.o.HiveMQPlatformReconciler - [helmbrid] Custom Resource Spec (replicas: 1) (extensions: 1)
2025-01-29 13:40:11,733 INFO c.h.h.t.HelmChartContainer - [hivemq-test-hivemq-platform] [hivemq-platform-operator] [4534c5de] 13:40:11.732 [ReconcilerExecutor-hivemq-controller-53] INFO  c.h.p.o.h.HiveMQPlatformReconcilerBaseHandler - [helmbrid] HiveMQ Platform is starting
2025-01-29 13:40:11,839 INFO c.h.h.t.HelmChartContainer - [hivemq-test-hivemq-platform] [hivemq-platform-operator] [4534c5de] 13:40:11.837 [ReconcilerExecutor-hivemq-controller-53] DEBUG c.h.p.operator.event.EventSender - [helmbrid] Creating K8s event hivemq-platform-starting: [Start] HiveMQ Platform is starting
2025-01-29 13:40:11,930 INFO c.h.h.t.HelmChartContainer - [EVENT] Normal [Start] HiveMQ Platform is starting [helmbridgeextensionit:test-hivemq-platform]
2025-01-29 13:40:11,936 INFO c.h.h.t.HelmChartContainer - [hivemq-test-hivemq-platform] [hivemq-platform-operator] [4534c5de] 13:40:11.935 [ReconcilerExecutor-hivemq-controller-53] INFO  c.h.p.o.h.AbstractHiveMQReconcilerStateHandler - [helmbrid] Update HiveMQ Platform Status (CREATED [READY] -> STARTING [READY]): HiveMQ Platform is starting
2025-01-29 13:40:11,951 DEBUG com.hivemq.helmcharts.util.K8sUtil - Comparing actual state 'STARTING' and waiting for 'RUNNING'
2025-01-29 13:40:22,034 INFO c.h.h.t.HelmChartContainer - [hivemq-test-hivemq-platform] [hivemq-platform-operator] [4534c5de] 13:40:22.032 [pool-6-thread-12] DEBUG c.h.p.o.d.PlatformServiceResource - [helmbrid] Desired Platform services (3 services)
2025-01-29 13:40:22,036 INFO c.h.h.t.HelmChartContainer - [hivemq-test-hivemq-platform] [hivemq-platform-operator] [4534c5de] 13:40:22.034 [pool-6-thread-13] DEBUG c.h.p.o.dependants.PodInfoConfigMap - [helmbrid] Desired PodInfo ConfigMap (1 extensions) (1 enabled)
2025-01-29 13:40:22,038 INFO c.h.h.t.HelmChartContainer - [hivemq-test-hivemq-platform] [hivemq-platform-operator] [4534c5de] 13:40:22.034 [pool-6-thread-13] DEBUG c.h.p.o.dependants.PodInfoConfigMap - [helmbrid] Desired PodInfo ConfigMap (metrics port: 9399) (metrics path: /)
2025-01-29 13:40:22,038 INFO c.h.h.t.HelmChartContainer - [hivemq-test-hivemq-platform] [hivemq-platform-operator] [4534c5de] 13:40:22.034 [pool-6-thread-13] DEBUG c.h.p.o.dependants.PodInfoConfigMap - [helmbrid] Desired PodInfo ConfigMap (extension state hash: -1507299382)
2025-01-29 13:40:22,041 INFO c.h.h.t.HelmChartContainer - [hivemq-test-hivemq-platform] [hivemq-platform-operator] [4534c5de] 13:40:22.039 [pool-6-thread-17] DEBUG c.h.p.o.d.PodServiceAccountResource - [helmbrid] Desired PodServiceAccountResource (serviceAccountName: hivemq-platform-pod-test-hivemq-platform)
2025-01-29 13:40:22,129 INFO c.h.h.t.HelmChartContainer - [hivemq-test-hivemq-platform] [hivemq-platform-operator] [4534c5de] 13:40:22.125 [pool-6-thread-13] DEBUG c.h.p.o.dependants.PodInfoConfigMap - [helmbrid] Update PodInfo ConfigMap
2025-01-29 13:40:22,133 INFO c.h.h.t.HelmChartContainer - [K3S] [alloc.go:330] "allocated clusterIPs" service="helmbridgeextensionit/hivemq-test-hivemq-platform-metrics-9399" clusterIPs={"IPv4":"10.43.227.255"}
2025-01-29 13:40:22,152 INFO c.h.h.t.HelmChartContainer - [K3S] [alloc.go:330] "allocated clusterIPs" service="helmbridgeextensionit/hivemq-test-hivemq-platform-mqtt-1883" clusterIPs={"IPv4":"10.43.172.165"}
2025-01-29 13:40:22,236 INFO c.h.h.t.HelmChartContainer - [K3S] [alloc.go:330] "allocated clusterIPs" service="helmbridgeextensionit/hivemq-test-hivemq-platform-cc-8080" clusterIPs={"IPv4":"10.43.238.85"}
2025-01-29 13:40:22,245 INFO c.h.h.t.HelmChartContainer - [hivemq-test-hivemq-platform] [hivemq-platform-operator] [4534c5de] 13:40:22.242 [pool-6-thread-20] DEBUG c.h.p.o.d.StatefulSetResource - [helmbrid] Desired StatefulSet (1 replicas) for status STARTING (READY)
2025-01-29 13:40:22,331 INFO c.h.h.t.HelmChartContainer - [hivemq-test-hivemq-platform] [hivemq-platform-operator] [4534c5de] 13:40:22.330 [pool-6-thread-20] DEBUG c.h.p.o.d.StatefulSetResource - [helmbrid] Create StatefulSet
2025-01-29 13:40:22,446 INFO c.h.h.t.HelmChartContainer - [POD] test-hivemq-platform-0 [2a786d5d-3645-4103-835d-c30a51c500db] in helmbridgeextensionit was ADDED
2025-01-29 13:40:22,447 INFO c.h.h.t.HelmChartContainer - [EVENT] Normal [SuccessfulCreate] create Pod test-hivemq-platform-0 in StatefulSet test-hivemq-platform successful [helmbridgeextensionit:test-hivemq-platform]
2025-01-29 13:40:22,451 INFO c.h.h.t.HelmChartContainer - [hivemq-test-hivemq-platform] [hivemq-platform-operator] [4534c5de] 13:40:22.447 [ReconcilerExecutor-hivemq-controller-64] INFO  c.h.p.o.HiveMQPlatformReconciler - [helmbrid] Reconciling HiveMQ Platform 'test-hivemq-platform' in namespace 'helmbridgeextensionit'
2025-01-29 13:40:22,451 INFO c.h.h.t.HelmChartContainer - [hivemq-test-hivemq-platform] [hivemq-platform-operator] [4534c5de] 13:40:22.447 [ReconcilerExecutor-hivemq-controller-64] DEBUG c.h.p.o.HiveMQPlatformReconciler - [helmbrid] Custom Resource Status STARTING - HiveMQ Platform is starting (READY)
2025-01-29 13:40:22,451 INFO c.h.h.t.HelmChartContainer - [hivemq-test-hivemq-platform] [hivemq-platform-operator] [4534c5de] 13:40:22.448 [ReconcilerExecutor-hivemq-controller-64] DEBUG c.h.p.o.HiveMQPlatformReconciler - [helmbrid] Custom Resource Spec (replicas: 1) (extensions: 1)
2025-01-29 13:40:22,455 INFO c.h.h.t.HelmChartContainer - [POD] test-hivemq-platform-0 [2a786d5d-3645-4103-835d-c30a51c500db] in helmbridgeextensionit was MODIFIED
2025-01-29 13:40:22,458 INFO c.h.h.t.HelmChartContainer - [EVENT] Normal [Scheduled] Successfully assigned helmbridgeextensionit/test-hivemq-platform-0 to 2553df930ab9 [helmbridgeextensionit:test-hivemq-platform-0]
2025-01-29 13:40:22,464 INFO c.h.h.t.HelmChartContainer - [POD] test-hivemq-platform-0 [2a786d5d-3645-4103-835d-c30a51c500db] in helmbridgeextensionit was MODIFIED
2025-01-29 13:40:22,524 INFO c.h.h.t.HelmChartContainer - [hivemq-test-hivemq-platform] [hivemq-platform-operator] [4534c5de] 13:40:22.523 [ReconcilerExecutor-hivemq-controller-64] DEBUG c.h.p.o.HiveMQPlatformReconciler - [helmbrid] StatefulSet Status (revision: null, replicas: 0, available: 0, ready: 0, current: 0, updated: 0)
2025-01-29 13:40:22,524 INFO c.h.h.t.HelmChartContainer - [hivemq-test-hivemq-platform] [hivemq-platform-operator] [4534c5de] 13:40:22.523 [ReconcilerExecutor-hivemq-controller-64] DEBUG c.h.p.o.HiveMQPlatformReconciler - [helmbrid] StatefulSet Spec (replicas: 1, init containers: 1, containers: 1, volumes: 4)
2025-01-29 13:40:22,536 INFO c.h.h.t.HelmChartContainer - [hivemq-test-hivemq-platform] [hivemq-platform-operator] [4534c5de] 13:40:22.535 [ReconcilerExecutor-hivemq-controller-64] DEBUG c.h.p.o.h.HiveMQPlatformReconcilerErrorHandler - [helmbrid] Pod 'test-hivemq-platform-0' phase Pending
2025-01-29 13:40:22,539 INFO c.h.h.t.HelmChartContainer - [hivemq-test-hivemq-platform] [hivemq-platform-operator] [4534c5de] 13:40:22.538 [ReconcilerExecutor-hivemq-controller-64] INFO  c.h.p.o.h.HiveMQPlatformReconcilerBaseHandler - [helmbrid] HiveMQ Platform is starting, 0 of 1 replicas are ready
2025-01-29 13:40:22,546 INFO c.h.h.t.HelmChartContainer - [K3S] [reconciler_common.go:251] "operationExecutor.VerifyControllerAttachedVolume started for volume \"operator-init\" (UniqueName: \"kubernetes.io/empty-dir/2a786d5d-3645-4103-835d-c30a51c500db-operator-init\") pod \"test-hivemq-platform-0\" (UID: \"2a786d5d-3645-4103-835d-c30a51c500db\") " pod="helmbridgeextensionit/test-hivemq-platform-0"
2025-01-29 13:40:22,546 INFO c.h.h.t.HelmChartContainer - [K3S] [reconciler_common.go:251] "operationExecutor.VerifyControllerAttachedVolume started for volume \"pod-info\" (UniqueName: \"kubernetes.io/configmap/2a786d5d-3645-4103-835d-c30a51c500db-pod-info\") pod \"test-hivemq-platform-0\" (UID: \"2a786d5d-3645-4103-835d-c30a51c500db\") " pod="helmbridgeextensionit/test-hivemq-platform-0"
2025-01-29 13:40:22,546 INFO c.h.h.t.HelmChartContainer - [K3S] [reconciler_common.go:251] "operationExecutor.VerifyControllerAttachedVolume started for volume \"broker-configuration\" (UniqueName: \"kubernetes.io/configmap/2a786d5d-3645-4103-835d-c30a51c500db-broker-configuration\") pod \"test-hivemq-platform-0\" (UID: \"2a786d5d-3645-4103-835d-c30a51c500db\") " pod="helmbridgeextensionit/test-hivemq-platform-0"
2025-01-29 13:40:22,546 INFO c.h.h.t.HelmChartContainer - [K3S] [reconciler_common.go:251] "operationExecutor.VerifyControllerAttachedVolume started for volume \"extension-configuration-hivemq-bridge-extension\" (UniqueName: \"kubernetes.io/secret/2a786d5d-3645-4103-835d-c30a51c500db-extension-configuration-hivemq-bridge-extension\") pod \"test-hivemq-platform-0\" (UID: \"2a786d5d-3645-4103-835d-c30a51c500db\") " pod="helmbridgeextensionit/test-hivemq-platform-0"
2025-01-29 13:40:22,546 INFO c.h.h.t.HelmChartContainer - [K3S] [reconciler_common.go:251] "operationExecutor.VerifyControllerAttachedVolume started for volume \"kube-api-access-r474n\" (UniqueName: \"kubernetes.io/projected/2a786d5d-3645-4103-835d-c30a51c500db-kube-api-access-r474n\") pod \"test-hivemq-platform-0\" (UID: \"2a786d5d-3645-4103-835d-c30a51c500db\") " pod="helmbridgeextensionit/test-hivemq-platform-0"
2025-01-29 13:40:22,632 INFO c.h.h.t.HelmChartContainer - [hivemq-test-hivemq-platform] [hivemq-platform-operator] [4534c5de] 13:40:22.627 [pool-6-thread-22] DEBUG c.h.p.o.d.PlatformServiceResource - [helmbrid] Desired Platform services (3 services)
2025-01-29 13:40:22,633 INFO c.h.h.t.HelmChartContainer - [hivemq-test-hivemq-platform] [hivemq-platform-operator] [4534c5de] 13:40:22.631 [pool-6-thread-23] DEBUG c.h.p.o.dependants.PodInfoConfigMap - [helmbrid] Desired PodInfo ConfigMap (1 extensions) (1 enabled)
2025-01-29 13:40:22,633 INFO c.h.h.t.HelmChartContainer - [hivemq-test-hivemq-platform] [hivemq-platform-operator] [4534c5de] 13:40:22.631 [pool-6-thread-23] DEBUG c.h.p.o.dependants.PodInfoConfigMap - [helmbrid] Desired PodInfo ConfigMap (metrics port: 9399) (metrics path: /)
2025-01-29 13:40:22,633 INFO c.h.h.t.HelmChartContainer - [hivemq-test-hivemq-platform] [hivemq-platform-operator] [4534c5de] 13:40:22.631 [pool-6-thread-23] DEBUG c.h.p.o.dependants.PodInfoConfigMap - [helmbrid] Desired PodInfo ConfigMap (extension state hash: -1507299382)
2025-01-29 13:40:22,633 INFO c.h.h.t.HelmChartContainer - [hivemq-test-hivemq-platform] [hivemq-platform-operator] [4534c5de] 13:40:22.631 [pool-6-thread-27] DEBUG c.h.p.o.d.PodServiceAccountResource - [helmbrid] Desired PodServiceAccountResource (serviceAccountName: hivemq-platform-pod-test-hivemq-platform)
2025-01-29 13:40:22,727 INFO c.h.h.t.HelmChartContainer - [hivemq-test-hivemq-platform] [hivemq-platform-operator] [4534c5de] 13:40:22.725 [pool-6-thread-30] DEBUG c.h.p.o.d.StatefulSetResource - [helmbrid] Desired StatefulSet (1 replicas) for status STARTING (READY)
2025-01-29 13:40:22,735 INFO c.h.h.t.HelmChartContainer - [hivemq-test-hivemq-platform] [hivemq-platform-operator] [4534c5de] 13:40:22.734 [ReconcilerExecutor-hivemq-controller-75] INFO  c.h.p.o.HiveMQPlatformReconciler - [helmbrid] Reconciling HiveMQ Platform 'test-hivemq-platform' in namespace 'helmbridgeextensionit'
2025-01-29 13:40:22,735 INFO c.h.h.t.HelmChartContainer - [hivemq-test-hivemq-platform] [hivemq-platform-operator] [4534c5de] 13:40:22.734 [ReconcilerExecutor-hivemq-controller-75] DEBUG c.h.p.o.HiveMQPlatformReconciler - [helmbrid] Custom Resource Status STARTING - HiveMQ Platform is starting (READY)
2025-01-29 13:40:22,736 INFO c.h.h.t.HelmChartContainer - [hivemq-test-hivemq-platform] [hivemq-platform-operator] [4534c5de] 13:40:22.734 [ReconcilerExecutor-hivemq-controller-75] DEBUG c.h.p.o.HiveMQPlatformReconciler - [helmbrid] Custom Resource Spec (replicas: 1) (extensions: 1)
2025-01-29 13:40:22,741 INFO c.h.h.t.HelmChartContainer - [hivemq-test-hivemq-platform] [hivemq-platform-operator] [4534c5de] 13:40:22.740 [ReconcilerExecutor-hivemq-controller-75] DEBUG c.h.p.o.HiveMQPlatformReconciler - [helmbrid] StatefulSet Status (revision: test-hivemq-platform-6d7b96669f, replicas: 1, available: 0, ready: 0, current: 1, updated: 1)
2025-01-29 13:40:22,741 INFO c.h.h.t.HelmChartContainer - [hivemq-test-hivemq-platform] [hivemq-platform-operator] [4534c5de] 13:40:22.740 [ReconcilerExecutor-hivemq-controller-75] DEBUG c.h.p.o.HiveMQPlatformReconciler - [helmbrid] StatefulSet Spec (replicas: 1, init containers: 1, containers: 1, volumes: 4)
2025-01-29 13:40:22,831 INFO c.h.h.t.HelmChartContainer - [hivemq-test-hivemq-platform] [hivemq-platform-operator] [4534c5de] 13:40:22.828 [ReconcilerExecutor-hivemq-controller-75] DEBUG c.h.p.o.h.HiveMQPlatformReconcilerErrorHandler - [helmbrid] Pod 'test-hivemq-platform-0' phase Pending
2025-01-29 13:40:22,833 INFO c.h.h.t.HelmChartContainer - [hivemq-test-hivemq-platform] [hivemq-platform-operator] [4534c5de] 13:40:22.829 [ReconcilerExecutor-hivemq-controller-75] DEBUG c.h.p.o.h.HiveMQPlatformReconcilerErrorHandler - [helmbrid] Pod 'test-hivemq-platform-0' condition 'PodReadyToStartContainers': False
2025-01-29 13:40:22,833 INFO c.h.h.t.HelmChartContainer - [hivemq-test-hivemq-platform] [hivemq-platform-operator] [4534c5de] 13:40:22.829 [ReconcilerExecutor-hivemq-controller-75] DEBUG c.h.p.o.h.HiveMQPlatformReconcilerErrorHandler - [helmbrid] Pod 'test-hivemq-platform-0' condition 'Initialized': False
2025-01-29 13:40:22,833 INFO c.h.h.t.HelmChartContainer - [hivemq-test-hivemq-platform] [hivemq-platform-operator] [4534c5de] 13:40:22.829 [ReconcilerExecutor-hivemq-controller-75] DEBUG c.h.p.o.h.HiveMQPlatformReconcilerErrorHandler - [helmbrid] Pod 'test-hivemq-platform-0' condition 'Ready': False
2025-01-29 13:40:22,833 INFO c.h.h.t.HelmChartContainer - [hivemq-test-hivemq-platform] [hivemq-platform-operator] [4534c5de] 13:40:22.829 [ReconcilerExecutor-hivemq-controller-75] DEBUG c.h.p.o.h.HiveMQPlatformReconcilerErrorHandler - [helmbrid] Pod 'test-hivemq-platform-0' condition 'ContainersReady': False
2025-01-29 13:40:22,833 INFO c.h.h.t.HelmChartContainer - [hivemq-test-hivemq-platform] [hivemq-platform-operator] [4534c5de] 13:40:22.829 [ReconcilerExecutor-hivemq-controller-75] DEBUG c.h.p.o.h.HiveMQPlatformReconcilerErrorHandler - [helmbrid] Pod 'test-hivemq-platform-0' condition 'PodScheduled': True
2025-01-29 13:40:22,833 INFO c.h.h.t.HelmChartContainer - [hivemq-test-hivemq-platform] [hivemq-platform-operator] [4534c5de] 13:40:22.831 [ReconcilerExecutor-hivemq-controller-75] DEBUG c.h.p.o.h.HiveMQPlatformReconcilerErrorHandler - [helmbrid] Pod 'test-hivemq-platform-0' containerStatus 'hivemq' (started: false) (ready: false) (waiting: [PodInitializing] null)
2025-01-29 13:40:22,835 INFO c.h.h.t.HelmChartContainer - [hivemq-test-hivemq-platform] [hivemq-platform-operator] [4534c5de] 13:40:22.833 [ReconcilerExecutor-hivemq-controller-75] INFO  c.h.p.o.h.HiveMQPlatformReconcilerBaseHandler - [helmbrid] HiveMQ Platform is starting, 0 of 1 replicas are ready
2025-01-29 13:40:22,855 INFO c.h.h.t.HelmChartContainer - [EVENT] Normal [Pulled] Container image "docker.io/hivemq/hivemq-platform-operator-init-test:snapshot" already present on machine [helmbridgeextensionit:test-hivemq-platform-0]
2025-01-29 13:40:22,998 INFO c.h.h.t.HelmChartContainer - [EVENT] Normal [Created] Created container: hivemq-platform-operator-init [helmbridgeextensionit:test-hivemq-platform-0]
2025-01-29 13:40:23,037 INFO c.h.h.t.HelmChartContainer - [EVENT] Normal [Started] Started container hivemq-platform-operator-init [helmbridgeextensionit:test-hivemq-platform-0]
2025-01-29 13:40:23,510 INFO c.h.h.t.HelmChartContainer - [EVENT] Normal [Pulled] Container image "docker.io/hivemq/hivemq4:4.36.0" already present on machine [helmbridgeextensionit:test-hivemq-platform-0]
2025-01-29 13:40:23,510 INFO c.h.h.t.HelmChartContainer - Received Pulled event for container hivemq in pod test-hivemq-platform-0 [2a786d5d-3645-4103-835d-c30a51c500db]
2025-01-29 13:40:23,527 INFO c.h.h.t.HelmChartContainer - [POD] test-hivemq-platform-0 [2a786d5d-3645-4103-835d-c30a51c500db] in helmbridgeextensionit was MODIFIED
2025-01-29 13:40:23,545 INFO c.h.h.t.HelmChartContainer - [hivemq-test-hivemq-platform] [hivemq-platform-operator] [4534c5de] 13:40:23.542 [pool-6-thread-32] DEBUG c.h.p.o.d.PlatformServiceResource - [helmbrid] Desired Platform services (3 services)
2025-01-29 13:40:23,547 INFO c.h.h.t.HelmChartContainer - [hivemq-test-hivemq-platform] [hivemq-platform-operator] [4534c5de] 13:40:23.544 [pool-6-thread-33] DEBUG c.h.p.o.dependants.PodInfoConfigMap - [helmbrid] Desired PodInfo ConfigMap (1 extensions) (1 enabled)
2025-01-29 13:40:23,552 INFO c.h.h.t.HelmChartContainer - [hivemq-test-hivemq-platform] [hivemq-platform-operator] [4534c5de] 13:40:23.544 [pool-6-thread-33] DEBUG c.h.p.o.dependants.PodInfoConfigMap - [helmbrid] Desired PodInfo ConfigMap (metrics port: 9399) (metrics path: /)
2025-01-29 13:40:23,552 INFO c.h.h.t.HelmChartContainer - [hivemq-test-hivemq-platform] [hivemq-platform-operator] [4534c5de] 13:40:23.544 [pool-6-thread-33] DEBUG c.h.p.o.dependants.PodInfoConfigMap - [helmbrid] Desired PodInfo ConfigMap (extension state hash: -1507299382)
2025-01-29 13:40:23,554 INFO c.h.h.t.HelmChartContainer - [hivemq-test-hivemq-platform] [hivemq-platform-operator] [4534c5de] 13:40:23.551 [pool-6-thread-37] DEBUG c.h.p.o.d.PodServiceAccountResource - [helmbrid] Desired PodServiceAccountResource (serviceAccountName: hivemq-platform-pod-test-hivemq-platform)
2025-01-29 13:40:23,631 INFO c.h.h.t.HelmChartContainer - [hivemq-test-hivemq-platform] [hivemq-platform-operator] [4534c5de] 13:40:23.629 [pool-6-thread-40] DEBUG c.h.p.o.d.StatefulSetResource - [helmbrid] Desired StatefulSet (1 replicas) for status STARTING (READY)
2025-01-29 13:40:23,640 INFO c.h.h.t.HelmChartContainer - [hivemq-test-hivemq-platform] [hivemq-platform-operator] [4534c5de] 13:40:23.639 [ReconcilerExecutor-hivemq-controller-86] INFO  c.h.p.o.HiveMQPlatformReconciler - [helmbrid] Reconciling HiveMQ Platform 'test-hivemq-platform' in namespace 'helmbridgeextensionit'
2025-01-29 13:40:23,641 INFO c.h.h.t.HelmChartContainer - [hivemq-test-hivemq-platform] [hivemq-platform-operator] [4534c5de] 13:40:23.640 [ReconcilerExecutor-hivemq-controller-86] DEBUG c.h.p.o.HiveMQPlatformReconciler - [helmbrid] Custom Resource Status STARTING - HiveMQ Platform is starting (READY)
2025-01-29 13:40:23,643 INFO c.h.h.t.HelmChartContainer - [hivemq-test-hivemq-platform] [hivemq-platform-operator] [4534c5de] 13:40:23.640 [ReconcilerExecutor-hivemq-controller-86] DEBUG c.h.p.o.HiveMQPlatformReconciler - [helmbrid] Custom Resource Spec (replicas: 1) (extensions: 1)
2025-01-29 13:40:23,649 INFO c.h.h.t.HelmChartContainer - [hivemq-test-hivemq-platform] [hivemq-platform-operator] [4534c5de] 13:40:23.646 [ReconcilerExecutor-hivemq-controller-86] DEBUG c.h.p.o.HiveMQPlatformReconciler - [helmbrid] StatefulSet Status (revision: test-hivemq-platform-6d7b96669f, replicas: 1, available: 0, ready: 0, current: 1, updated: 1)
2025-01-29 13:40:23,650 INFO c.h.h.t.HelmChartContainer - [hivemq-test-hivemq-platform] [hivemq-platform-operator] [4534c5de] 13:40:23.647 [ReconcilerExecutor-hivemq-controller-86] DEBUG c.h.p.o.HiveMQPlatformReconciler - [helmbrid] StatefulSet Spec (replicas: 1, init containers: 1, containers: 1, volumes: 4)
2025-01-29 13:40:23,728 INFO c.h.h.t.HelmChartContainer - [hivemq-test-hivemq-platform] [hivemq-platform-operator] [4534c5de] 13:40:23.725 [ReconcilerExecutor-hivemq-controller-86] DEBUG c.h.p.o.h.HiveMQPlatformReconcilerErrorHandler - [helmbrid] Pod 'test-hivemq-platform-0' phase Pending
2025-01-29 13:40:23,729 INFO c.h.h.t.HelmChartContainer - [hivemq-test-hivemq-platform] [hivemq-platform-operator] [4534c5de] 13:40:23.726 [ReconcilerExecutor-hivemq-controller-86] DEBUG c.h.p.o.h.HiveMQPlatformReconcilerErrorHandler - [helmbrid] Pod 'test-hivemq-platform-0' condition 'PodReadyToStartContainers': True
2025-01-29 13:40:23,730 INFO c.h.h.t.HelmChartContainer - [hivemq-test-hivemq-platform] [hivemq-platform-operator] [4534c5de] 13:40:23.727 [ReconcilerExecutor-hivemq-controller-86] DEBUG c.h.p.o.h.HiveMQPlatformReconcilerErrorHandler - [helmbrid] Pod 'test-hivemq-platform-0' condition 'Initialized': True
2025-01-29 13:40:23,732 INFO c.h.h.t.HelmChartContainer - [hivemq-test-hivemq-platform] [hivemq-platform-operator] [4534c5de] 13:40:23.727 [ReconcilerExecutor-hivemq-controller-86] DEBUG c.h.p.o.h.HiveMQPlatformReconcilerErrorHandler - [helmbrid] Pod 'test-hivemq-platform-0' condition 'Ready': False
2025-01-29 13:40:23,732 INFO c.h.h.t.HelmChartContainer - [hivemq-test-hivemq-platform] [hivemq-platform-operator] [4534c5de] 13:40:23.727 [ReconcilerExecutor-hivemq-controller-86] DEBUG c.h.p.o.h.HiveMQPlatformReconcilerErrorHandler - [helmbrid] Pod 'test-hivemq-platform-0' condition 'ContainersReady': False
2025-01-29 13:40:23,732 INFO c.h.h.t.HelmChartContainer - [hivemq-test-hivemq-platform] [hivemq-platform-operator] [4534c5de] 13:40:23.727 [ReconcilerExecutor-hivemq-controller-86] DEBUG c.h.p.o.h.HiveMQPlatformReconcilerErrorHandler - [helmbrid] Pod 'test-hivemq-platform-0' condition 'PodScheduled': True
2025-01-29 13:40:23,732 INFO c.h.h.t.HelmChartContainer - [hivemq-test-hivemq-platform] [hivemq-platform-operator] [4534c5de] 13:40:23.727 [ReconcilerExecutor-hivemq-controller-86] DEBUG c.h.p.o.h.HiveMQPlatformReconcilerErrorHandler - [helmbrid] Pod 'test-hivemq-platform-0' containerStatus 'hivemq' (started: false) (ready: false) (waiting: [PodInitializing] null)
2025-01-29 13:40:23,732 INFO c.h.h.t.HelmChartContainer - [hivemq-test-hivemq-platform] [hivemq-platform-operator] [4534c5de] 13:40:23.728 [ReconcilerExecutor-hivemq-controller-86] INFO  c.h.p.o.h.HiveMQPlatformReconcilerBaseHandler - [helmbrid] HiveMQ Platform is starting, 0 of 1 replicas are ready
2025-01-29 13:40:25,005 INFO c.h.h.t.HelmChartContainer - [EVENT] Normal [Created] Created container: hivemq [helmbridgeextensionit:test-hivemq-platform-0]
2025-01-29 13:40:25,005 INFO c.h.h.t.HelmChartContainer - Received Created event for container hivemq in pod test-hivemq-platform-0 [2a786d5d-3645-4103-835d-c30a51c500db]
2025-01-29 13:40:25,525 INFO c.h.h.t.HelmChartContainer - [POD] test-hivemq-platform-0 [2a786d5d-3645-4103-835d-c30a51c500db] in helmbridgeextensionit was MODIFIED
2025-01-29 13:40:25,539 INFO c.h.h.t.HelmChartContainer - [EVENT] Normal [Started] Started container hivemq [helmbridgeextensionit:test-hivemq-platform-0]
2025-01-29 13:40:25,539 INFO c.h.h.t.HelmChartContainer - Received Started event for container hivemq in pod test-hivemq-platform-0 [2a786d5d-3645-4103-835d-c30a51c500db]
2025-01-29 13:40:25,541 INFO c.h.h.t.HelmChartContainer - Started log watcher for hivemq in pod test-hivemq-platform-0 [2a786d5d-3645-4103-835d-c30a51c500db]
2025-01-29 13:40:25,541 INFO c.h.h.t.HelmChartContainer - [test-hivemq-platform] [hivemq] [2a786d5d] Adding pre-installed HiveMQ Platform Operator extensions
2025-01-29 13:40:25,542 INFO c.h.h.t.HelmChartContainer - [test-hivemq-platform] [hivemq] [2a786d5d] Running as user 10000
2025-01-29 13:40:25,542 INFO c.h.h.t.HelmChartContainer - [test-hivemq-platform] [hivemq] [2a786d5d] Starting HiveMQ Platform Operator Init
2025-01-29 13:40:25,548 INFO c.h.h.t.HelmChartContainer - [hivemq-test-hivemq-platform] [hivemq-platform-operator] [4534c5de] 13:40:25.546 [pool-6-thread-42] DEBUG c.h.p.o.d.PlatformServiceResource - [helmbrid] Desired Platform services (3 services)
2025-01-29 13:40:25,556 INFO c.h.h.t.HelmChartContainer - [hivemq-test-hivemq-platform] [hivemq-platform-operator] [4534c5de] 13:40:25.553 [pool-6-thread-43] DEBUG c.h.p.o.dependants.PodInfoConfigMap - [helmbrid] Desired PodInfo ConfigMap (1 extensions) (1 enabled)
2025-01-29 13:40:25,557 INFO c.h.h.t.HelmChartContainer - [hivemq-test-hivemq-platform] [hivemq-platform-operator] [4534c5de] 13:40:25.553 [pool-6-thread-43] DEBUG c.h.p.o.dependants.PodInfoConfigMap - [helmbrid] Desired PodInfo ConfigMap (metrics port: 9399) (metrics path: /)
2025-01-29 13:40:25,557 INFO c.h.h.t.HelmChartContainer - [hivemq-test-hivemq-platform] [hivemq-platform-operator] [4534c5de] 13:40:25.553 [pool-6-thread-43] DEBUG c.h.p.o.dependants.PodInfoConfigMap - [helmbrid] Desired PodInfo ConfigMap (extension state hash: -1507299382)
2025-01-29 13:40:25,557 INFO c.h.h.t.HelmChartContainer - [hivemq-test-hivemq-platform] [hivemq-platform-operator] [4534c5de] 13:40:25.554 [pool-6-thread-47] DEBUG c.h.p.o.d.PodServiceAccountResource - [helmbrid] Desired PodServiceAccountResource (serviceAccountName: hivemq-platform-pod-test-hivemq-platform)
2025-01-29 13:40:25,629 INFO c.h.h.t.HelmChartContainer - [hivemq-test-hivemq-platform] [hivemq-platform-operator] [4534c5de] 13:40:25.627 [pool-6-thread-50] DEBUG c.h.p.o.d.StatefulSetResource - [helmbrid] Desired StatefulSet (1 replicas) for status STARTING (READY)
2025-01-29 13:40:25,634 INFO c.h.h.t.HelmChartContainer - [hivemq-test-hivemq-platform] [hivemq-platform-operator] [4534c5de] 13:40:25.631 [ReconcilerExecutor-hivemq-controller-97] INFO  c.h.p.o.HiveMQPlatformReconciler - [helmbrid] Reconciling HiveMQ Platform 'test-hivemq-platform' in namespace 'helmbridgeextensionit'
2025-01-29 13:40:25,635 INFO c.h.h.t.HelmChartContainer - [hivemq-test-hivemq-platform] [hivemq-platform-operator] [4534c5de] 13:40:25.631 [ReconcilerExecutor-hivemq-controller-97] DEBUG c.h.p.o.HiveMQPlatformReconciler - [helmbrid] Custom Resource Status STARTING - HiveMQ Platform is starting (READY)
2025-01-29 13:40:25,635 INFO c.h.h.t.HelmChartContainer - [hivemq-test-hivemq-platform] [hivemq-platform-operator] [4534c5de] 13:40:25.632 [ReconcilerExecutor-hivemq-controller-97] DEBUG c.h.p.o.HiveMQPlatformReconciler - [helmbrid] Custom Resource Spec (replicas: 1) (extensions: 1)
2025-01-29 13:40:25,636 INFO c.h.h.t.HelmChartContainer - [hivemq-test-hivemq-platform] [hivemq-platform-operator] [4534c5de] 13:40:25.636 [ReconcilerExecutor-hivemq-controller-97] DEBUG c.h.p.o.HiveMQPlatformReconciler - [helmbrid] StatefulSet Status (revision: test-hivemq-platform-6d7b96669f, replicas: 1, available: 0, ready: 0, current: 1, updated: 1)
2025-01-29 13:40:25,637 INFO c.h.h.t.HelmChartContainer - [hivemq-test-hivemq-platform] [hivemq-platform-operator] [4534c5de] 13:40:25.636 [ReconcilerExecutor-hivemq-controller-97] DEBUG c.h.p.o.HiveMQPlatformReconciler - [helmbrid] StatefulSet Spec (replicas: 1, init containers: 1, containers: 1, volumes: 4)
2025-01-29 13:40:25,640 INFO c.h.h.t.HelmChartContainer - [hivemq-test-hivemq-platform] [hivemq-platform-operator] [4534c5de] 13:40:25.639 [ReconcilerExecutor-hivemq-controller-97] DEBUG c.h.p.o.h.HiveMQPlatformReconcilerErrorHandler - [helmbrid] Pod 'test-hivemq-platform-0' phase Running
2025-01-29 13:40:25,642 INFO c.h.h.t.HelmChartContainer - [hivemq-test-hivemq-platform] [hivemq-platform-operator] [4534c5de] 13:40:25.641 [ReconcilerExecutor-hivemq-controller-97] INFO  c.h.p.o.h.HiveMQPlatformReconcilerBaseHandler - [helmbrid] HiveMQ Platform is starting, 0 of 1 replicas are ready
2025-01-29 13:40:26,339 INFO c.h.h.t.HelmChartContainer - [test-hivemq-platform] [hivemq] [2a786d5d] INFO  - [HiveMQ Platform Operator Init 1.7.0-SNAPSHOT] HiveMQ Platform Operator Init 1.7.0-SNAPSHOT (commit: bebf408 on branch: HEAD) built on Sun Jan 26 20:47:47 UTC 2025
2025-01-29 13:40:27,474 INFO c.h.h.t.HelmChartContainer - [test-hivemq-platform] [hivemq] [2a786d5d] INFO  - [HiveMQ Platform Operator Init App 1.7.0-SNAPSHOT] Using bind address 10.42.0.8 from environment variable
2025-01-29 13:40:28,445 INFO c.h.h.t.HelmChartContainer - [test-hivemq-platform] [hivemq] [2a786d5d] INFO  - [HiveMQ Platform Operator Init App 1.7.0-SNAPSHOT] HiveMQ Platform Operator Init App 1.7.0-SNAPSHOT (commit: bebf408 on branch: HEAD) built on Sun Jan 26 20:47:47 UTC 2025
2025-01-29 13:40:28,445 INFO c.h.h.t.HelmChartContainer - [test-hivemq-platform] [hivemq] [2a786d5d] INFO  - [HiveMQ Platform Operator Init App 1.7.0-SNAPSHOT] PodInfo ConfigMap directory: /etc/podinfo
2025-01-29 13:40:28,445 INFO c.h.h.t.HelmChartContainer - [test-hivemq-platform] [hivemq] [2a786d5d] INFO  - [HiveMQ Platform Operator Init App 1.7.0-SNAPSHOT] HiveMQ home directory: /opt/hivemq
2025-01-29 13:40:28,445 INFO c.h.h.t.HelmChartContainer - [test-hivemq-platform] [hivemq] [2a786d5d] INFO  - [HiveMQ Platform Operator Init App 1.7.0-SNAPSHOT] HiveMQ Logback folder: /opt/hivemq/conf
2025-01-29 13:40:28,445 INFO c.h.h.t.HelmChartContainer - [test-hivemq-platform] [hivemq] [2a786d5d] INFO  - [HiveMQ Platform Operator Init App 1.7.0-SNAPSHOT] HiveMQ Config folder: /opt/hivemq/conf-k8s
2025-01-29 13:40:28,446 INFO c.h.h.t.HelmChartContainer - [test-hivemq-platform] [hivemq] [2a786d5d] INFO  - [HiveMQ Platform Operator Init App 1.7.0-SNAPSHOT] Starting HiveMQ Platform Operator Init App
2025-01-29 13:40:28,446 INFO c.h.h.t.HelmChartContainer - [test-hivemq-platform] [hivemq] [2a786d5d] INFO  - [HiveMQ Platform Operator Init App 1.7.0-SNAPSHOT] Starting Pod reconciler
2025-01-29 13:40:29,752 INFO c.h.h.t.HelmChartContainer - [test-hivemq-platform] [hivemq] [2a786d5d] INFO  - [HiveMQ Platform Operator Init App 1.7.0-SNAPSHOT] Pod reconciler is scheduled (interval: 5000 ms)
2025-01-29 13:40:29,753 INFO c.h.h.t.HelmChartContainer - [test-hivemq-platform] [hivemq] [2a786d5d] INFO  - [HiveMQ Platform Operator Init App 1.7.0-SNAPSHOT] Starting the REST API on 10.42.0.8:7979
2025-01-29 13:40:29,755 INFO c.h.h.t.HelmChartContainer - [test-hivemq-platform] [hivemq] [2a786d5d] INFO  - [HiveMQ Platform Operator Init App 1.7.0-SNAPSHOT] Waiting up to 600s for at most 1 HiveMQ nodes in cluster service hivemq-test-hivemq-platform-cluster.helmbridgeextensionit.svc
2025-01-29 13:40:30,150 INFO c.h.h.t.HelmChartContainer - [test-hivemq-platform] [hivemq] [2a786d5d] INFO  - [HiveMQ Platform Operator Init App 1.7.0-SNAPSHOT] Resolved 1 IP addresses: [10.42.0.8]
2025-01-29 13:40:30,151 INFO c.h.h.t.HelmChartContainer - [test-hivemq-platform] [hivemq] [2a786d5d] INFO  - [HiveMQ Platform Operator Init App 1.7.0-SNAPSHOT] HiveMQ node count of 1 is within threshold of 1
2025-01-29 13:40:30,151 INFO c.h.h.t.HelmChartContainer - [test-hivemq-platform] [hivemq] [2a786d5d] INFO  - [HiveMQ Platform Operator Init App 1.7.0-SNAPSHOT] Proceeding with container start
2025-01-29 13:40:30,253 INFO c.h.h.t.HelmChartContainer - [test-hivemq-platform] [hivemq] [2a786d5d] INFO  - [HiveMQ Platform Operator Init App 1.7.0-SNAPSHOT] Initializing HiveMQ Platform extensions with initial configuration: {hivemq-bridge-extension={start-priority=-1, skip-https-hostname-verification=false, restart=true, config-version=0, header-version=0, secret-version=783, c-uri=, priority=-1, uri=preinstalled, skip-https-certificate-validation=false, enabled=true}, hivemq-prometheus-extension={priority=-1, start-priority=-1, c-uri=, skip-https-hostname-verification=false, skip-https-certificate-validation=false, uri=preinstalled, request-header-path=no-request-headers, enabled=true, restart=true}}
2025-01-29 13:40:30,747 INFO c.h.h.t.HelmChartContainer - [test-hivemq-platform] [hivemq] [2a786d5d] INFO  - [HiveMQ Platform Operator Init App 1.7.0-SNAPSHOT] Successfully enabled extension hivemq-bridge-extension
2025-01-29 13:40:30,836 INFO c.h.h.t.HelmChartContainer - [test-hivemq-platform] [hivemq] [2a786d5d] INFO  - [HiveMQ Platform Operator Init App 1.7.0-SNAPSHOT] Successfully enabled extension hivemq-prometheus-extension
2025-01-29 13:40:30,838 INFO c.h.h.t.HelmChartContainer - [test-hivemq-platform] [hivemq] [2a786d5d] INFO  - [HiveMQ Platform Operator Init App 1.7.0-SNAPSHOT] Starting HiveMQ Platform version 4.36.0 (4.36.0)
2025-01-29 13:40:30,838 INFO c.h.h.t.HelmChartContainer - [test-hivemq-platform] [hivemq] [2a786d5d] INFO  - [HiveMQ Platform Operator Init App 1.7.0-SNAPSHOT] Configuring the HiveMQ Platform
2025-01-29 13:40:30,846 INFO c.h.h.t.HelmChartContainer - [test-hivemq-platform] [hivemq] [2a786d5d] INFO  - [HiveMQ Platform Operator Init App 1.7.0-SNAPSHOT] Changed logback.xml file scan period to 20 seconds
2025-01-29 13:40:30,940 INFO c.h.h.t.HelmChartContainer - [test-hivemq-platform] [hivemq] [2a786d5d] INFO  - [HiveMQ Platform Operator Init App 1.7.0-SNAPSHOT] Starting the HiveMQ Platform
2025-01-29 13:40:30,943 INFO c.h.h.t.HelmChartContainer - [test-hivemq-platform] [hivemq] [2a786d5d] -------------------------------------------------------------------------
2025-01-29 13:40:30,943 INFO c.h.h.t.HelmChartContainer - [test-hivemq-platform] [hivemq] [2a786d5d] 
2025-01-29 13:40:30,943 INFO c.h.h.t.HelmChartContainer - [test-hivemq-platform] [hivemq] [2a786d5d]                   _    _  _              __  __   ____
2025-01-29 13:40:30,943 INFO c.h.h.t.HelmChartContainer - [test-hivemq-platform] [hivemq] [2a786d5d]                  | |  | |(_)            |  \/  | / __ \
2025-01-29 13:40:30,943 INFO c.h.h.t.HelmChartContainer - [test-hivemq-platform] [hivemq] [2a786d5d]                  | |__| | _ __   __ ___ | \  / || |  | |
2025-01-29 13:40:30,943 INFO c.h.h.t.HelmChartContainer - [test-hivemq-platform] [hivemq] [2a786d5d]                  |  __  || |\ \ / // _ \| |\/| || |  | |
2025-01-29 13:40:30,943 INFO c.h.h.t.HelmChartContainer - [test-hivemq-platform] [hivemq] [2a786d5d]                  | |  | || | \ V /|  __/| |  | || |__| |
2025-01-29 13:40:30,943 INFO c.h.h.t.HelmChartContainer - [test-hivemq-platform] [hivemq] [2a786d5d]                  |_|  |_||_|  \_/  \___||_|  |_| \___\_\
2025-01-29 13:40:30,943 INFO c.h.h.t.HelmChartContainer - [test-hivemq-platform] [hivemq] [2a786d5d] 
2025-01-29 13:40:30,943 INFO c.h.h.t.HelmChartContainer - [test-hivemq-platform] [hivemq] [2a786d5d] -------------------------------------------------------------------------
2025-01-29 13:40:30,943 INFO c.h.h.t.HelmChartContainer - [test-hivemq-platform] [hivemq] [2a786d5d] 
2025-01-29 13:40:30,943 INFO c.h.h.t.HelmChartContainer - [test-hivemq-platform] [hivemq] [2a786d5d]   HiveMQ Start Script for Linux/Unix v1.14
2025-01-29 13:40:30,943 INFO c.h.h.t.HelmChartContainer - [test-hivemq-platform] [hivemq] [2a786d5d] 
2025-01-29 13:40:31,048 INFO c.h.h.t.HelmChartContainer - [test-hivemq-platform] [hivemq] [2a786d5d] -------------------------------------------------------------------------
2025-01-29 13:40:31,048 INFO c.h.h.t.HelmChartContainer - [test-hivemq-platform] [hivemq] [2a786d5d] 
2025-01-29 13:40:31,048 INFO c.h.h.t.HelmChartContainer - [test-hivemq-platform] [hivemq] [2a786d5d]   HIVEMQ_HOME: /opt/hivemq
2025-01-29 13:40:31,048 INFO c.h.h.t.HelmChartContainer - [test-hivemq-platform] [hivemq] [2a786d5d] 
2025-01-29 13:40:31,048 INFO c.h.h.t.HelmChartContainer - [test-hivemq-platform] [hivemq] [2a786d5d]   JAVA_OPTS: -XX:+UnlockExperimentalVMOptions -XX:InitialRAMPercentage=50 -XX:MaxRAMPercentage=50 -Djava.net.preferIPv4Stack=true --add-opens java.base/java.lang=ALL-UNNAMED --add-opens java.base/java.nio=ALL-UNNAMED --add-opens java.base/sun.nio.ch=ALL-UNNAMED --add-opens jdk.management/com.sun.management.internal=ALL-UNNAMED --add-exports java.base/jdk.internal.misc=ALL-UNNAMED -Djava.security.egd=file:/dev/./urandom -Dcom.sun.management.jmxremote -Dcom.sun.management.jmxremote.port=9010 -Dcom.sun.management.jmxremote.local.only=false -Dcom.sun.management.jmxremote.authenticate=false -Dcom.sun.management.jmxremote.ssl=false -Duser.language=en -Duser.region=US -XX:+CrashOnOutOfMemoryError -XX:+HeapDumpOnOutOfMemoryError
2025-01-29 13:40:31,048 INFO c.h.h.t.HelmChartContainer - [test-hivemq-platform] [hivemq] [2a786d5d] 
2025-01-29 13:40:31,048 INFO c.h.h.t.HelmChartContainer - [test-hivemq-platform] [hivemq] [2a786d5d]   JAVA_VERSION: 21
2025-01-29 13:40:31,048 INFO c.h.h.t.HelmChartContainer - [test-hivemq-platform] [hivemq] [2a786d5d] 
2025-01-29 13:40:31,048 INFO c.h.h.t.HelmChartContainer - [test-hivemq-platform] [hivemq] [2a786d5d] -------------------------------------------------------------------------
2025-01-29 13:40:31,048 INFO c.h.h.t.HelmChartContainer - [test-hivemq-platform] [hivemq] [2a786d5d] 
2025-01-29 13:40:31,614 INFO c.h.h.t.HelmChartContainer - [test-hivemq-platform] [hivemq] [2a786d5d] INFO  - [HiveMQ Platform Operator Init App 1.7.0-SNAPSHOT] Returning default Health API response 503 for readiness
2025-01-29 13:40:31,941 INFO c.h.h.t.HelmChartContainer - [EVENT] Warning [Unhealthy] Readiness probe failed: HTTP probe failed with statuscode: 503 [helmbridgeextensionit:test-hivemq-platform-0]
2025-01-29 13:40:31,941 INFO c.h.h.t.HelmChartContainer - Received Unhealthy event for container hivemq in pod test-hivemq-platform-0 [2a786d5d-3645-4103-835d-c30a51c500db]
2025-01-29 13:40:33,843 INFO c.h.h.t.HelmChartContainer - [test-hivemq-platform] [hivemq] [2a786d5d] INFO  - Starting HiveMQ Enterprise Server
2025-01-29 13:40:33,848 INFO c.h.h.t.HelmChartContainer - [test-hivemq-platform] [hivemq] [2a786d5d] INFO  - HiveMQ version: 4.36.0
2025-01-29 13:40:33,848 INFO c.h.h.t.HelmChartContainer - [test-hivemq-platform] [hivemq] [2a786d5d] INFO  - HiveMQ home directory: /opt/hivemq
2025-01-29 13:40:33,849 INFO c.h.h.t.HelmChartContainer - [test-hivemq-platform] [hivemq] [2a786d5d] INFO  - Log Configuration was overridden by /opt/hivemq/conf/logback.xml
2025-01-29 13:40:35,246 INFO c.h.h.t.HelmChartContainer - [test-hivemq-platform] [hivemq] [2a786d5d] INFO  - Successfully loaded configuration from '/opt/hivemq/conf-k8s/config.xml'.
2025-01-29 13:40:35,650 INFO c.h.h.t.HelmChartContainer - [hivemq-test-hivemq-platform] [hivemq-platform-operator] [4534c5de] 13:40:35.647 [pool-6-thread-9] DEBUG c.h.p.o.d.PlatformServiceResource - [helmbrid] Desired Platform services (3 services)
2025-01-29 13:40:35,651 INFO c.h.h.t.HelmChartContainer - [hivemq-test-hivemq-platform] [hivemq-platform-operator] [4534c5de] 13:40:35.649 [pool-6-thread-3] DEBUG c.h.p.o.dependants.PodInfoConfigMap - [helmbrid] Desired PodInfo ConfigMap (1 extensions) (1 enabled)
2025-01-29 13:40:35,651 INFO c.h.h.t.HelmChartContainer - [hivemq-test-hivemq-platform] [hivemq-platform-operator] [4534c5de] 13:40:35.649 [pool-6-thread-3] DEBUG c.h.p.o.dependants.PodInfoConfigMap - [helmbrid] Desired PodInfo ConfigMap (metrics port: 9399) (metrics path: /)
2025-01-29 13:40:35,651 INFO c.h.h.t.HelmChartContainer - [hivemq-test-hivemq-platform] [hivemq-platform-operator] [4534c5de] 13:40:35.649 [pool-6-thread-3] DEBUG c.h.p.o.dependants.PodInfoConfigMap - [helmbrid] Desired PodInfo ConfigMap (extension state hash: -1507299382)
2025-01-29 13:40:35,654 INFO c.h.h.t.HelmChartContainer - [hivemq-test-hivemq-platform] [hivemq-platform-operator] [4534c5de] 13:40:35.652 [pool-6-thread-4] DEBUG c.h.p.o.d.PodServiceAccountResource - [helmbrid] Desired PodServiceAccountResource (serviceAccountName: hivemq-platform-pod-test-hivemq-platform)
2025-01-29 13:40:35,658 INFO c.h.h.t.HelmChartContainer - [hivemq-test-hivemq-platform] [hivemq-platform-operator] [4534c5de] 13:40:35.657 [pool-6-thread-9] DEBUG c.h.p.o.d.StatefulSetResource - [helmbrid] Desired StatefulSet (1 replicas) for status STARTING (READY)
2025-01-29 13:40:35,663 INFO c.h.h.t.HelmChartContainer - [hivemq-test-hivemq-platform] [hivemq-platform-operator] [4534c5de] 13:40:35.662 [ReconcilerExecutor-hivemq-controller-108] INFO  c.h.p.o.HiveMQPlatformReconciler - [helmbrid] Reconciling HiveMQ Platform 'test-hivemq-platform' in namespace 'helmbridgeextensionit'
2025-01-29 13:40:35,663 INFO c.h.h.t.HelmChartContainer - [hivemq-test-hivemq-platform] [hivemq-platform-operator] [4534c5de] 13:40:35.662 [ReconcilerExecutor-hivemq-controller-108] DEBUG c.h.p.o.HiveMQPlatformReconciler - [helmbrid] Custom Resource Status STARTING - HiveMQ Platform is starting (READY)
2025-01-29 13:40:35,663 INFO c.h.h.t.HelmChartContainer - [hivemq-test-hivemq-platform] [hivemq-platform-operator] [4534c5de] 13:40:35.662 [ReconcilerExecutor-hivemq-controller-108] DEBUG c.h.p.o.HiveMQPlatformReconciler - [helmbrid] Custom Resource Spec (replicas: 1) (extensions: 1)
2025-01-29 13:40:35,665 INFO c.h.h.t.HelmChartContainer - [hivemq-test-hivemq-platform] [hivemq-platform-operator] [4534c5de] 13:40:35.664 [ReconcilerExecutor-hivemq-controller-108] DEBUG c.h.p.o.HiveMQPlatformReconciler - [helmbrid] StatefulSet Status (revision: test-hivemq-platform-6d7b96669f, replicas: 1, available: 0, ready: 0, current: 1, updated: 1)
2025-01-29 13:40:35,665 INFO c.h.h.t.HelmChartContainer - [hivemq-test-hivemq-platform] [hivemq-platform-operator] [4534c5de] 13:40:35.664 [ReconcilerExecutor-hivemq-controller-108] DEBUG c.h.p.o.HiveMQPlatformReconciler - [helmbrid] StatefulSet Spec (replicas: 1, init containers: 1, containers: 1, volumes: 4)
2025-01-29 13:40:35,728 INFO c.h.h.t.HelmChartContainer - [hivemq-test-hivemq-platform] [hivemq-platform-operator] [4534c5de] 13:40:35.726 [ReconcilerExecutor-hivemq-controller-108] DEBUG c.h.p.o.h.HiveMQPlatformReconcilerErrorHandler - [helmbrid] Pod 'test-hivemq-platform-0' phase Running
2025-01-29 13:40:35,729 INFO c.h.h.t.HelmChartContainer - [hivemq-test-hivemq-platform] [hivemq-platform-operator] [4534c5de] 13:40:35.728 [ReconcilerExecutor-hivemq-controller-108] INFO  c.h.p.o.h.HiveMQPlatformReconcilerBaseHandler - [helmbrid] HiveMQ Platform is starting, 0 of 1 replicas are ready
2025-01-29 13:40:36,134 INFO c.h.h.t.HelmChartContainer - [test-hivemq-platform] [hivemq] [2a786d5d] INFO  - This node's ID is yKmDf
2025-01-29 13:40:36,134 INFO c.h.h.t.HelmChartContainer - [test-hivemq-platform] [hivemq] [2a786d5d] INFO  - Clustering is enabled
2025-01-29 13:40:37,042 INFO c.h.h.t.HelmChartContainer - [test-hivemq-platform] [hivemq] [2a786d5d] WARN  - [HiveMQ Platform Operator Init App 1.7.0-SNAPSHOT] Cannot connect to Health API for readiness: null
2025-01-29 13:40:37,146 INFO c.h.h.t.HelmChartContainer - [EVENT] Warning [Unhealthy] Readiness probe failed: HTTP probe failed with statuscode: 503 [helmbridgeextensionit:test-hivemq-platform-0]
2025-01-29 13:40:37,146 INFO c.h.h.t.HelmChartContainer - Received Unhealthy event for container hivemq in pod test-hivemq-platform-0 [2a786d5d-3645-4103-835d-c30a51c500db]
2025-01-29 13:40:40,934 INFO c.h.h.t.HelmChartContainer - [test-hivemq-platform] [hivemq] [2a786d5d] Jan 29, 2025 1:40:40 PM io.vertx.core.impl.BlockedThreadChecker
2025-01-29 13:40:40,935 INFO c.h.h.t.HelmChartContainer - [test-hivemq-platform] [hivemq] [2a786d5d] WARNING: Thread Thread[vert.x-eventloop-thread-1,5,main] has been blocked for 2705 ms, time limit is 2000 ms
2025-01-29 13:40:41,336 INFO c.h.h.t.HelmChartContainer - [test-hivemq-platform] [hivemq] [2a786d5d] INFO  - [HiveMQ Platform Operator Init App 1.7.0-SNAPSHOT] Updating Pod HiveMQ Platform Operator Init App version annotation (version: 1.7.0-SNAPSHOT)
2025-01-29 13:40:41,540 INFO c.h.h.t.HelmChartContainer - [test-hivemq-platform] [hivemq] [2a786d5d] WARN  - [HiveMQ Platform Operator Init App 1.7.0-SNAPSHOT] Cannot connect to Health API for readiness: null
2025-01-29 13:40:41,625 INFO c.h.h.t.HelmChartContainer - [EVENT] Warning [Unhealthy] Readiness probe failed: HTTP probe failed with statuscode: 503 [helmbridgeextensionit:test-hivemq-platform-0]
2025-01-29 13:40:41,625 INFO c.h.h.t.HelmChartContainer - Received Unhealthy event for container hivemq in pod test-hivemq-platform-0 [2a786d5d-3645-4103-835d-c30a51c500db]
2025-01-29 13:40:42,253 INFO c.h.h.t.HelmChartContainer - [POD] test-hivemq-platform-0 [2a786d5d-3645-4103-835d-c30a51c500db] in helmbridgeextensionit was MODIFIED
2025-01-29 13:40:42,260 INFO c.h.h.t.HelmChartContainer - [hivemq-test-hivemq-platform] [hivemq-platform-operator] [4534c5de] 13:40:42.257 [pool-6-thread-11] DEBUG c.h.p.o.d.PlatformServiceResource - [helmbrid] Desired Platform services (3 services)
2025-01-29 13:40:42,260 INFO c.h.h.t.HelmChartContainer - [hivemq-test-hivemq-platform] [hivemq-platform-operator] [4534c5de] 13:40:42.258 [pool-6-thread-16] DEBUG c.h.p.o.dependants.PodInfoConfigMap - [helmbrid] Desired PodInfo ConfigMap (1 extensions) (1 enabled)
2025-01-29 13:40:42,260 INFO c.h.h.t.HelmChartContainer - [hivemq-test-hivemq-platform] [hivemq-platform-operator] [4534c5de] 13:40:42.258 [pool-6-thread-16] DEBUG c.h.p.o.dependants.PodInfoConfigMap - [helmbrid] Desired PodInfo ConfigMap (metrics port: 9399) (metrics path: /)
2025-01-29 13:40:42,260 INFO c.h.h.t.HelmChartContainer - [hivemq-test-hivemq-platform] [hivemq-platform-operator] [4534c5de] 13:40:42.258 [pool-6-thread-16] DEBUG c.h.p.o.dependants.PodInfoConfigMap - [helmbrid] Desired PodInfo ConfigMap (extension state hash: -1507299382)
2025-01-29 13:40:42,262 INFO c.h.h.t.HelmChartContainer - [hivemq-test-hivemq-platform] [hivemq-platform-operator] [4534c5de] 13:40:42.259 [pool-6-thread-14] DEBUG c.h.p.o.d.PodServiceAccountResource - [helmbrid] Desired PodServiceAccountResource (serviceAccountName: hivemq-platform-pod-test-hivemq-platform)
2025-01-29 13:40:42,266 INFO c.h.h.t.HelmChartContainer - [hivemq-test-hivemq-platform] [hivemq-platform-operator] [4534c5de] 13:40:42.265 [pool-6-thread-11] DEBUG c.h.p.o.d.StatefulSetResource - [helmbrid] Desired StatefulSet (1 replicas) for status STARTING (READY)
2025-01-29 13:40:42,277 INFO c.h.h.t.HelmChartContainer - [hivemq-test-hivemq-platform] [hivemq-platform-operator] [4534c5de] 13:40:42.276 [ReconcilerExecutor-hivemq-controller-109] INFO  c.h.p.o.HiveMQPlatformReconciler - [helmbrid] Reconciling HiveMQ Platform 'test-hivemq-platform' in namespace 'helmbridgeextensionit'
2025-01-29 13:40:42,278 INFO c.h.h.t.HelmChartContainer - [hivemq-test-hivemq-platform] [hivemq-platform-operator] [4534c5de] 13:40:42.276 [ReconcilerExecutor-hivemq-controller-109] DEBUG c.h.p.o.HiveMQPlatformReconciler - [helmbrid] Custom Resource Status STARTING - HiveMQ Platform is starting (READY)
2025-01-29 13:40:42,278 INFO c.h.h.t.HelmChartContainer - [hivemq-test-hivemq-platform] [hivemq-platform-operator] [4534c5de] 13:40:42.276 [ReconcilerExecutor-hivemq-controller-109] DEBUG c.h.p.o.HiveMQPlatformReconciler - [helmbrid] Custom Resource Spec (replicas: 1) (extensions: 1)
2025-01-29 13:40:42,328 INFO c.h.h.t.HelmChartContainer - [hivemq-test-hivemq-platform] [hivemq-platform-operator] [4534c5de] 13:40:42.327 [ReconcilerExecutor-hivemq-controller-109] DEBUG c.h.p.o.HiveMQPlatformReconciler - [helmbrid] StatefulSet Status (revision: test-hivemq-platform-6d7b96669f, replicas: 1, available: 0, ready: 0, current: 1, updated: 1)
2025-01-29 13:40:42,330 INFO c.h.h.t.HelmChartContainer - [hivemq-test-hivemq-platform] [hivemq-platform-operator] [4534c5de] 13:40:42.327 [ReconcilerExecutor-hivemq-controller-109] DEBUG c.h.p.o.HiveMQPlatformReconciler - [helmbrid] StatefulSet Spec (replicas: 1, init containers: 1, containers: 1, volumes: 4)
2025-01-29 13:40:42,332 INFO c.h.h.t.HelmChartContainer - [hivemq-test-hivemq-platform] [hivemq-platform-operator] [4534c5de] 13:40:42.330 [ReconcilerExecutor-hivemq-controller-109] DEBUG c.h.p.o.h.HiveMQPlatformReconcilerErrorHandler - [helmbrid] Pod 'test-hivemq-platform-0' phase Running
2025-01-29 13:40:42,333 INFO c.h.h.t.HelmChartContainer - [hivemq-test-hivemq-platform] [hivemq-platform-operator] [4534c5de] 13:40:42.331 [ReconcilerExecutor-hivemq-controller-109] INFO  c.h.p.o.h.HiveMQPlatformReconcilerBaseHandler - [helmbrid] HiveMQ Platform is starting, 0 of 1 replicas are ready
2025-01-29 13:40:42,343 INFO c.h.h.t.HelmChartContainer - [test-hivemq-platform] [hivemq] [2a786d5d] INFO  - [HiveMQ Platform Operator Init App 1.7.0-SNAPSHOT] Successfully updated Pod HiveMQ Platform Operator Init App version annotation (version: 1.7.0-SNAPSHOT)
2025-01-29 13:40:42,343 INFO c.h.h.t.HelmChartContainer - [test-hivemq-platform] [hivemq] [2a786d5d] WARN  - [HiveMQ Platform Operator Init App 1.7.0-SNAPSHOT] Cannot connect to Health API for readiness: null
2025-01-29 13:40:42,350 INFO c.h.h.t.HelmChartContainer - [EVENT] Warning [Unhealthy] Readiness probe failed: HTTP probe failed with statuscode: 503 [helmbridgeextensionit:test-hivemq-platform-0]
2025-01-29 13:40:42,350 INFO c.h.h.t.HelmChartContainer - Received Unhealthy event for container hivemq in pod test-hivemq-platform-0 [2a786d5d-3645-4103-835d-c30a51c500db]
2025-01-29 13:40:47,334 INFO c.h.h.t.HelmChartContainer - [test-hivemq-platform] [hivemq] [2a786d5d] WARN  - [HiveMQ Platform Operator Init App 1.7.0-SNAPSHOT] Cannot connect to Health API for readiness: null
2025-01-29 13:40:47,339 INFO c.h.h.t.HelmChartContainer - [EVENT] Warning [Unhealthy] Readiness probe failed: HTTP probe failed with statuscode: 503 [helmbridgeextensionit:test-hivemq-platform-0]
2025-01-29 13:40:47,340 INFO c.h.h.t.HelmChartContainer - Received Unhealthy event for container hivemq in pod test-hivemq-platform-0 [2a786d5d-3645-4103-835d-c30a51c500db]
2025-01-29 13:40:52,341 INFO c.h.h.t.HelmChartContainer - [test-hivemq-platform] [hivemq] [2a786d5d] WARN  - [HiveMQ Platform Operator Init App 1.7.0-SNAPSHOT] Cannot connect to Health API for readiness: null
2025-01-29 13:40:52,343 INFO c.h.h.t.HelmChartContainer - [hivemq-test-hivemq-platform] [hivemq-platform-operator] [4534c5de] 13:40:52.342 [pool-6-thread-23] DEBUG c.h.p.o.d.PlatformServiceResource - [helmbrid] Desired Platform services (3 services)
2025-01-29 13:40:52,347 INFO c.h.h.t.HelmChartContainer - [EVENT] Warning [Unhealthy] Readiness probe failed: HTTP probe failed with statuscode: 503 [helmbridgeextensionit:test-hivemq-platform-0]
2025-01-29 13:40:52,348 INFO c.h.h.t.HelmChartContainer - Received Unhealthy event for container hivemq in pod test-hivemq-platform-0 [2a786d5d-3645-4103-835d-c30a51c500db]
2025-01-29 13:40:52,349 INFO c.h.h.t.HelmChartContainer - [hivemq-test-hivemq-platform] [hivemq-platform-operator] [4534c5de] 13:40:52.343 [pool-6-thread-27] DEBUG c.h.p.o.dependants.PodInfoConfigMap - [helmbrid] Desired PodInfo ConfigMap (1 extensions) (1 enabled)
2025-01-29 13:40:52,353 INFO c.h.h.t.HelmChartContainer - [hivemq-test-hivemq-platform] [hivemq-platform-operator] [4534c5de] 13:40:52.344 [pool-6-thread-27] DEBUG c.h.p.o.dependants.PodInfoConfigMap - [helmbrid] Desired PodInfo ConfigMap (metrics port: 9399) (metrics path: /)
2025-01-29 13:40:52,354 INFO c.h.h.t.HelmChartContainer - [hivemq-test-hivemq-platform] [hivemq-platform-operator] [4534c5de] 13:40:52.344 [pool-6-thread-27] DEBUG c.h.p.o.dependants.PodInfoConfigMap - [helmbrid] Desired PodInfo ConfigMap (extension state hash: -1507299382)
2025-01-29 13:40:52,354 INFO c.h.h.t.HelmChartContainer - [hivemq-test-hivemq-platform] [hivemq-platform-operator] [4534c5de] 13:40:52.345 [pool-6-thread-25] DEBUG c.h.p.o.d.PodServiceAccountResource - [helmbrid] Desired PodServiceAccountResource (serviceAccountName: hivemq-platform-pod-test-hivemq-platform)
2025-01-29 13:40:52,356 INFO c.h.h.t.HelmChartContainer - [hivemq-test-hivemq-platform] [hivemq-platform-operator] [4534c5de] 13:40:52.355 [pool-6-thread-23] DEBUG c.h.p.o.d.StatefulSetResource - [helmbrid] Desired StatefulSet (1 replicas) for status STARTING (READY)
2025-01-29 13:40:52,435 INFO c.h.h.t.HelmChartContainer - [hivemq-test-hivemq-platform] [hivemq-platform-operator] [4534c5de] 13:40:52.430 [ReconcilerExecutor-hivemq-controller-110] INFO  c.h.p.o.HiveMQPlatformReconciler - [helmbrid] Reconciling HiveMQ Platform 'test-hivemq-platform' in namespace 'helmbridgeextensionit'
2025-01-29 13:40:52,436 INFO c.h.h.t.HelmChartContainer - [hivemq-test-hivemq-platform] [hivemq-platform-operator] [4534c5de] 13:40:52.430 [ReconcilerExecutor-hivemq-controller-110] DEBUG c.h.p.o.HiveMQPlatformReconciler - [helmbrid] Custom Resource Status STARTING - HiveMQ Platform is starting (READY)
2025-01-29 13:40:52,436 INFO c.h.h.t.HelmChartContainer - [hivemq-test-hivemq-platform] [hivemq-platform-operator] [4534c5de] 13:40:52.430 [ReconcilerExecutor-hivemq-controller-110] DEBUG c.h.p.o.HiveMQPlatformReconciler - [helmbrid] Custom Resource Spec (replicas: 1) (extensions: 1)
2025-01-29 13:40:52,437 INFO c.h.h.t.HelmChartContainer - [hivemq-test-hivemq-platform] [hivemq-platform-operator] [4534c5de] 13:40:52.435 [ReconcilerExecutor-hivemq-controller-110] DEBUG c.h.p.o.HiveMQPlatformReconciler - [helmbrid] StatefulSet Status (revision: test-hivemq-platform-6d7b96669f, replicas: 1, available: 0, ready: 0, current: 1, updated: 1)
2025-01-29 13:40:52,437 INFO c.h.h.t.HelmChartContainer - [hivemq-test-hivemq-platform] [hivemq-platform-operator] [4534c5de] 13:40:52.436 [ReconcilerExecutor-hivemq-controller-110] DEBUG c.h.p.o.HiveMQPlatformReconciler - [helmbrid] StatefulSet Spec (replicas: 1, init containers: 1, containers: 1, volumes: 4)
2025-01-29 13:40:52,439 INFO c.h.h.t.HelmChartContainer - [hivemq-test-hivemq-platform] [hivemq-platform-operator] [4534c5de] 13:40:52.438 [ReconcilerExecutor-hivemq-controller-110] DEBUG c.h.p.o.h.HiveMQPlatformReconcilerErrorHandler - [helmbrid] Pod 'test-hivemq-platform-0' phase Running
2025-01-29 13:40:52,441 INFO c.h.h.t.HelmChartContainer - [hivemq-test-hivemq-platform] [hivemq-platform-operator] [4534c5de] 13:40:52.439 [ReconcilerExecutor-hivemq-controller-110] INFO  c.h.p.o.h.HiveMQPlatformReconcilerBaseHandler - [helmbrid] HiveMQ Platform is starting, 0 of 1 replicas are ready
2025-01-29 13:40:52,837 INFO c.h.h.t.HelmChartContainer - [test-hivemq-platform] [hivemq] [2a786d5d] WARN  - [HiveMQ Platform Operator Init App 1.7.0-SNAPSHOT] Cannot connect to Health API for liveness: null
2025-01-29 13:40:52,837 INFO c.h.h.t.HelmChartContainer - [test-hivemq-platform] [hivemq] [2a786d5d] INFO  - [HiveMQ Platform Operator Init App 1.7.0-SNAPSHOT] Returning default Health API response 200 for liveness
2025-01-29 13:40:53,148 INFO c.h.h.t.HelmChartContainer - [test-hivemq-platform] [hivemq] [2a786d5d] INFO  - No valid license file found. Using trial license, restricted to 25 connections.
2025-01-29 13:40:57,337 INFO c.h.h.t.HelmChartContainer - [test-hivemq-platform] [hivemq] [2a786d5d] WARN  - [HiveMQ Platform Operator Init App 1.7.0-SNAPSHOT] Cannot connect to Health API for readiness: null
2025-01-29 13:40:57,342 INFO c.h.h.t.HelmChartContainer - [EVENT] Warning [Unhealthy] Readiness probe failed: HTTP probe failed with statuscode: 503 [helmbridgeextensionit:test-hivemq-platform-0]
2025-01-29 13:40:57,342 INFO c.h.h.t.HelmChartContainer - Received Unhealthy event for container hivemq in pod test-hivemq-platform-0 [2a786d5d-3645-4103-835d-c30a51c500db]
2025-01-29 13:40:57,852 INFO c.h.h.t.HelmChartContainer - [test-hivemq-platform] [hivemq] [2a786d5d] INFO  - No valid license file for Data Hub found. Using free license, restricted to 1 policy.
2025-01-29 13:40:59,145 INFO c.h.h.t.HelmChartContainer - [test-hivemq-platform] [hivemq] [2a786d5d] INFO  - Audit Logger started.
2025-01-29 13:40:59,439 INFO c.h.h.t.HelmChartContainer - [test-hivemq-platform] [hivemq] [2a786d5d] INFO  - This node uses '1' CPU cores.
2025-01-29 13:40:59,444 INFO c.h.h.t.HelmChartContainer - [test-hivemq-platform] [hivemq] [2a786d5d] INFO  - Starting HiveMQ Health API on address 0.0.0.0 and port 8889
2025-01-29 13:41:00,338 INFO c.h.h.t.HelmChartContainer - [test-hivemq-platform] [hivemq] [2a786d5d] INFO  - Started HiveMQ Health API in 894ms
2025-01-29 13:41:00,854 INFO c.h.h.t.HelmChartContainer - [test-hivemq-platform] [hivemq] [2a786d5d] INFO  - Starting HiveMQ extension system.
2025-01-29 13:41:02,455 INFO c.h.h.t.HelmChartContainer - [hivemq-test-hivemq-platform] [hivemq-platform-operator] [4534c5de] 13:41:02.451 [pool-6-thread-36] DEBUG c.h.p.o.d.PlatformServiceResource - [helmbrid] Desired Platform services (3 services)
2025-01-29 13:41:02,455 INFO c.h.h.t.HelmChartContainer - [hivemq-test-hivemq-platform] [hivemq-platform-operator] [4534c5de] 13:41:02.452 [pool-6-thread-37] DEBUG c.h.p.o.dependants.PodInfoConfigMap - [helmbrid] Desired PodInfo ConfigMap (1 extensions) (1 enabled)
2025-01-29 13:41:02,455 INFO c.h.h.t.HelmChartContainer - [hivemq-test-hivemq-platform] [hivemq-platform-operator] [4534c5de] 13:41:02.452 [pool-6-thread-37] DEBUG c.h.p.o.dependants.PodInfoConfigMap - [helmbrid] Desired PodInfo ConfigMap (metrics port: 9399) (metrics path: /)
2025-01-29 13:41:02,455 INFO c.h.h.t.HelmChartContainer - [hivemq-test-hivemq-platform] [hivemq-platform-operator] [4534c5de] 13:41:02.452 [pool-6-thread-37] DEBUG c.h.p.o.dependants.PodInfoConfigMap - [helmbrid] Desired PodInfo ConfigMap (extension state hash: -1507299382)
2025-01-29 13:41:02,455 INFO c.h.h.t.HelmChartContainer - [hivemq-test-hivemq-platform] [hivemq-platform-operator] [4534c5de] 13:41:02.452 [pool-6-thread-33] DEBUG c.h.p.o.d.PodServiceAccountResource - [helmbrid] Desired PodServiceAccountResource (serviceAccountName: hivemq-platform-pod-test-hivemq-platform)
2025-01-29 13:41:02,461 INFO c.h.h.t.HelmChartContainer - [hivemq-test-hivemq-platform] [hivemq-platform-operator] [4534c5de] 13:41:02.460 [pool-6-thread-37] DEBUG c.h.p.o.d.StatefulSetResource - [helmbrid] Desired StatefulSet (1 replicas) for status STARTING (READY)
2025-01-29 13:41:02,468 INFO c.h.h.t.HelmChartContainer - [hivemq-test-hivemq-platform] [hivemq-platform-operator] [4534c5de] 13:41:02.466 [ReconcilerExecutor-hivemq-controller-111] INFO  c.h.p.o.HiveMQPlatformReconciler - [helmbrid] Reconciling HiveMQ Platform 'test-hivemq-platform' in namespace 'helmbridgeextensionit'
2025-01-29 13:41:02,469 INFO c.h.h.t.HelmChartContainer - [hivemq-test-hivemq-platform] [hivemq-platform-operator] [4534c5de] 13:41:02.467 [ReconcilerExecutor-hivemq-controller-111] DEBUG c.h.p.o.HiveMQPlatformReconciler - [helmbrid] Custom Resource Status STARTING - HiveMQ Platform is starting (READY)
2025-01-29 13:41:02,471 INFO c.h.h.t.HelmChartContainer - [hivemq-test-hivemq-platform] [hivemq-platform-operator] [4534c5de] 13:41:02.467 [ReconcilerExecutor-hivemq-controller-111] DEBUG c.h.p.o.HiveMQPlatformReconciler - [helmbrid] Custom Resource Spec (replicas: 1) (extensions: 1)
2025-01-29 13:41:02,527 INFO c.h.h.t.HelmChartContainer - [hivemq-test-hivemq-platform] [hivemq-platform-operator] [4534c5de] 13:41:02.525 [ReconcilerExecutor-hivemq-controller-111] DEBUG c.h.p.o.HiveMQPlatformReconciler - [helmbrid] StatefulSet Status (revision: test-hivemq-platform-6d7b96669f, replicas: 1, available: 0, ready: 0, current: 1, updated: 1)
2025-01-29 13:41:02,528 INFO c.h.h.t.HelmChartContainer - [hivemq-test-hivemq-platform] [hivemq-platform-operator] [4534c5de] 13:41:02.525 [ReconcilerExecutor-hivemq-controller-111] DEBUG c.h.p.o.HiveMQPlatformReconciler - [helmbrid] StatefulSet Spec (replicas: 1, init containers: 1, containers: 1, volumes: 4)
2025-01-29 13:41:02,529 INFO c.h.h.t.HelmChartContainer - [hivemq-test-hivemq-platform] [hivemq-platform-operator] [4534c5de] 13:41:02.528 [ReconcilerExecutor-hivemq-controller-111] DEBUG c.h.p.o.h.HiveMQPlatformReconcilerErrorHandler - [helmbrid] Pod 'test-hivemq-platform-0' phase Running
2025-01-29 13:41:02,529 INFO c.h.h.t.HelmChartContainer - [hivemq-test-hivemq-platform] [hivemq-platform-operator] [4534c5de] 13:41:02.529 [ReconcilerExecutor-hivemq-controller-111] INFO  c.h.p.o.h.HiveMQPlatformReconcilerBaseHandler - [helmbrid] HiveMQ Platform is starting, 0 of 1 replicas are ready
2025-01-29 13:41:03,298 INFO c.h.h.t.HelmChartContainer - [EVENT] Warning [Unhealthy] Readiness probe failed: Get "http://10.42.0.8:7979/readiness": context deadline exceeded (Client.Timeout exceeded while awaiting headers) [helmbridgeextensionit:test-hivemq-platform-0]
2025-01-29 13:41:03,298 INFO c.h.h.t.HelmChartContainer - Received Unhealthy event for container hivemq in pod test-hivemq-platform-0 [2a786d5d-3645-4103-835d-c30a51c500db]
2025-01-29 13:41:03,335 INFO c.h.h.t.HelmChartContainer - [test-hivemq-platform] [hivemq] [2a786d5d] INFO  - [HiveMQ Platform Operator Init App 1.7.0-SNAPSHOT] Returning Health API response 503 for readiness
2025-01-29 13:41:03,442 INFO c.h.h.t.HelmChartContainer - [test-hivemq-platform] [hivemq] [2a786d5d] INFO  - No license found for enterprise extension with name "HiveMQ Enterprise Bridge Extension". Entering extension trial mode. "HiveMQ Enterprise Bridge Extension" will be disabled in 5 hours.
2025-01-29 13:41:03,836 INFO c.h.h.t.HelmChartContainer - [test-hivemq-platform] [hivemq] [2a786d5d] INFO  - Starting extension with id "hivemq-dns-cluster-discovery" at /opt/hivemq/extensions/hivemq-dns-cluster-discovery
2025-01-29 13:41:04,238 INFO c.h.h.t.HelmChartContainer - [test-hivemq-platform] [hivemq] [2a786d5d] INFO  - Using TCP cluster transport on address 10.42.0.8 and port 7000
2025-01-29 13:41:04,243 INFO c.h.h.t.HelmChartContainer - [test-hivemq-platform] [hivemq] [2a786d5d] INFO  - Using extension cluster discovery
2025-01-29 13:41:04,433 INFO c.h.h.t.HelmChartContainer - [test-hivemq-platform] [hivemq] [2a786d5d] INFO  - Extension "DNS Cluster Discovery Extension" version 4.3.2 started successfully.
2025-01-29 13:41:04,434 INFO c.h.h.t.HelmChartContainer - [test-hivemq-platform] [hivemq] [2a786d5d] INFO  - Starting extension with id "hivemq-bridge-extension" at /opt/hivemq/extensions/hivemq-bridge-extension
2025-01-29 13:41:05,240 INFO c.h.h.t.HelmChartContainer - [test-hivemq-platform] [hivemq] [2a786d5d] INFO  - HiveMQ Enterprise Bridge Extension: Successfully loaded configuration from '/opt/hivemq/extensions/hivemq-bridge-extension/conf/config.xml'.
2025-01-29 13:41:05,844 INFO c.h.h.t.HelmChartContainer - [test-hivemq-platform] [hivemq] [2a786d5d] INFO  - Bridge Extension: Connecting to remote brokers...
2025-01-29 13:41:06,338 INFO c.h.h.t.HelmChartContainer - [test-hivemq-platform] [hivemq] [2a786d5d] INFO  - Bridge Extension: Connected to bridge 'testbridge', session present 'false'.
2025-01-29 13:41:06,340 INFO c.h.h.t.HelmChartContainer - [test-hivemq-platform] [hivemq] [2a786d5d] INFO  - Bridge Extension: Connected to bridge 'testbridge', session present 'false'.
2025-01-29 13:41:06,446 INFO c.h.h.t.HelmChartContainer - [test-hivemq-platform] [hivemq] [2a786d5d] WARN  - Node is waiting for an operational cluster member
2025-01-29 13:41:07,264 INFO c.h.h.t.HelmChartContainer - [EVENT] Warning [Unhealthy] Readiness probe failed: HTTP probe failed with statuscode: 503 [helmbridgeextensionit:test-hivemq-platform-0]
2025-01-29 13:41:07,264 INFO c.h.h.t.HelmChartContainer - Received Unhealthy event for container hivemq in pod test-hivemq-platform-0 [2a786d5d-3645-4103-835d-c30a51c500db]
2025-01-29 13:41:07,634 INFO c.h.h.t.HelmChartContainer - [test-hivemq-platform] [hivemq] [2a786d5d] INFO  - yKmDf: no members discovered after 2801 ms: creating cluster as first member
2025-01-29 13:41:07,641 INFO c.h.h.t.HelmChartContainer - [test-hivemq-platform] [hivemq] [2a786d5d] INFO  - Cluster nodes found by discovery: [yKmDf|0] (1) [yKmDf].
2025-01-29 13:41:07,841 INFO c.h.h.t.HelmChartContainer - [test-hivemq-platform] [hivemq] [2a786d5d] INFO  - Extension "HiveMQ Enterprise Bridge Extension" version 4.36.0 started successfully.
2025-01-29 13:41:07,842 INFO c.h.h.t.HelmChartContainer - [test-hivemq-platform] [hivemq] [2a786d5d] INFO  - Starting extension with id "hivemq-prometheus-extension" at /opt/hivemq/extensions/hivemq-prometheus-extension
2025-01-29 13:41:08,348 INFO c.h.h.t.HelmChartContainer - [test-hivemq-platform] [hivemq] [2a786d5d] INFO  - Started Jetty Server exposing Prometheus Servlet on URI http://0.0.0.0:9399/
2025-01-29 13:41:08,348 INFO c.h.h.t.HelmChartContainer - [test-hivemq-platform] [hivemq] [2a786d5d] INFO  - Extension "Prometheus Monitoring Extension" version 4.0.12 started successfully.
2025-01-29 13:41:08,348 INFO c.h.h.t.HelmChartContainer - [test-hivemq-platform] [hivemq] [2a786d5d] INFO  - Starting extension with id "hivemq-allow-all-extension" at /opt/hivemq/extensions/hivemq-allow-all-extension
2025-01-29 13:41:08,348 INFO c.h.h.t.HelmChartContainer - [test-hivemq-platform] [hivemq] [2a786d5d] WARN  - 
2025-01-29 13:41:08,348 INFO c.h.h.t.HelmChartContainer - [test-hivemq-platform] [hivemq] [2a786d5d] ################################################################################################################
2025-01-29 13:41:08,348 INFO c.h.h.t.HelmChartContainer - [test-hivemq-platform] [hivemq] [2a786d5d] # This HiveMQ deployment is not secure! You are lacking Authentication and Authorization.                      #
2025-01-29 13:41:08,348 INFO c.h.h.t.HelmChartContainer - [test-hivemq-platform] [hivemq] [2a786d5d] # Right now any MQTT client can connect to the broker with a full set of permissions.                          #
2025-01-29 13:41:08,348 INFO c.h.h.t.HelmChartContainer - [test-hivemq-platform] [hivemq] [2a786d5d] # For production usage, add an appropriate security extension and remove the hivemq-allow-all extension.       #
2025-01-29 13:41:08,348 INFO c.h.h.t.HelmChartContainer - [test-hivemq-platform] [hivemq] [2a786d5d] # You can download security extensions from the HiveMQ Marketplace (https://www.hivemq.com/extensions/).       #
2025-01-29 13:41:08,348 INFO c.h.h.t.HelmChartContainer - [test-hivemq-platform] [hivemq] [2a786d5d] ################################################################################################################
2025-01-29 13:41:08,348 INFO c.h.h.t.HelmChartContainer - [test-hivemq-platform] [hivemq] [2a786d5d] INFO  - Extension "Allow All Extension" version 1.1.1 started successfully.
2025-01-29 13:41:08,350 INFO c.h.h.t.HelmChartContainer - [test-hivemq-platform] [hivemq] [2a786d5d] WARN  - No user for HiveMQ Control Center configured. Starting with default user
2025-01-29 13:41:08,350 INFO c.h.h.t.HelmChartContainer - [test-hivemq-platform] [hivemq] [2a786d5d] INFO  - Starting HiveMQ Control Center on address 0.0.0.0 and port 8080
2025-01-29 13:41:08,418 INFO c.h.h.t.HelmChartContainer - [test-hivemq-platform] [hivemq] [2a786d5d] INFO  - Mounting HiveMQ Control Center V2 Preview
2025-01-29 13:41:09,140 INFO c.h.h.t.HelmChartContainer - [test-hivemq-platform] [hivemq] [2a786d5d] INFO  - Started HiveMQ Control Center in 790ms
2025-01-29 13:41:09,232 INFO c.h.h.t.HelmChartContainer - [test-hivemq-platform] [hivemq] [2a786d5d] INFO  - Starting TCP listener on address 0.0.0.0 and port 1883
2025-01-29 13:41:09,247 INFO c.h.h.t.HelmChartContainer - [test-hivemq-platform] [hivemq] [2a786d5d] INFO  - Started TCP Listener on address 0.0.0.0 and on port 1883.
2025-01-29 13:41:09,247 INFO c.h.h.t.HelmChartContainer - [test-hivemq-platform] [hivemq] [2a786d5d] INFO  - Started HiveMQ in 35811ms
2025-01-29 13:41:12,259 INFO c.h.h.t.HelmChartContainer - [test-hivemq-platform] [hivemq] [2a786d5d] INFO  - [HiveMQ Platform Operator Init App 1.7.0-SNAPSHOT] Returning Health API response 200 for readiness
2025-01-29 13:41:12,274 INFO c.h.h.t.HelmChartContainer - [POD] test-hivemq-platform-0 [2a786d5d-3645-4103-835d-c30a51c500db] in helmbridgeextensionit was MODIFIED
2025-01-29 13:41:12,282 INFO c.h.h.t.HelmChartContainer - [hivemq-test-hivemq-platform] [hivemq-platform-operator] [4534c5de] 13:41:12.281 [pool-6-thread-43] DEBUG c.h.p.o.d.PlatformServiceResource - [helmbrid] Desired Platform services (3 services)
2025-01-29 13:41:12,292 INFO c.h.h.t.HelmChartContainer - [hivemq-test-hivemq-platform] [hivemq-platform-operator] [4534c5de] 13:41:12.285 [pool-6-thread-45] DEBUG c.h.p.o.dependants.PodInfoConfigMap - [helmbrid] Desired PodInfo ConfigMap (1 extensions) (1 enabled)
2025-01-29 13:41:12,292 INFO c.h.h.t.HelmChartContainer - [hivemq-test-hivemq-platform] [hivemq-platform-operator] [4534c5de] 13:41:12.285 [pool-6-thread-45] DEBUG c.h.p.o.dependants.PodInfoConfigMap - [helmbrid] Desired PodInfo ConfigMap (metrics port: 9399) (metrics path: /)
2025-01-29 13:41:12,292 INFO c.h.h.t.HelmChartContainer - [hivemq-test-hivemq-platform] [hivemq-platform-operator] [4534c5de] 13:41:12.286 [pool-6-thread-45] DEBUG c.h.p.o.dependants.PodInfoConfigMap - [helmbrid] Desired PodInfo ConfigMap (extension state hash: -1507299382)
2025-01-29 13:41:12,292 INFO c.h.h.t.HelmChartContainer - [hivemq-test-hivemq-platform] [hivemq-platform-operator] [4534c5de] 13:41:12.287 [pool-6-thread-45] DEBUG c.h.p.o.d.PodServiceAccountResource - [helmbrid] Desired PodServiceAccountResource (serviceAccountName: hivemq-platform-pod-test-hivemq-platform)
2025-01-29 13:41:12,293 INFO c.h.h.t.HelmChartContainer - [hivemq-test-hivemq-platform] [hivemq-platform-operator] [4534c5de] 13:41:12.292 [pool-6-thread-43] DEBUG c.h.p.o.d.StatefulSetResource - [helmbrid] Desired StatefulSet (1 replicas) for status STARTING (READY)
2025-01-29 13:41:12,331 INFO c.h.h.t.HelmChartContainer - [hivemq-test-hivemq-platform] [hivemq-platform-operator] [4534c5de] 13:41:12.329 [ReconcilerExecutor-hivemq-controller-112] INFO  c.h.p.o.HiveMQPlatformReconciler - [helmbrid] Reconciling HiveMQ Platform 'test-hivemq-platform' in namespace 'helmbridgeextensionit'
2025-01-29 13:41:12,332 INFO c.h.h.t.HelmChartContainer - [hivemq-test-hivemq-platform] [hivemq-platform-operator] [4534c5de] 13:41:12.329 [ReconcilerExecutor-hivemq-controller-112] DEBUG c.h.p.o.HiveMQPlatformReconciler - [helmbrid] Custom Resource Status STARTING - HiveMQ Platform is starting (READY)
2025-01-29 13:41:12,332 INFO c.h.h.t.HelmChartContainer - [hivemq-test-hivemq-platform] [hivemq-platform-operator] [4534c5de] 13:41:12.329 [ReconcilerExecutor-hivemq-controller-112] DEBUG c.h.p.o.HiveMQPlatformReconciler - [helmbrid] Custom Resource Spec (replicas: 1) (extensions: 1)
2025-01-29 13:41:12,334 INFO c.h.h.t.HelmChartContainer - [hivemq-test-hivemq-platform] [hivemq-platform-operator] [4534c5de] 13:41:12.332 [ReconcilerExecutor-hivemq-controller-112] DEBUG c.h.p.o.HiveMQPlatformReconciler - [helmbrid] StatefulSet Status (revision: test-hivemq-platform-6d7b96669f, replicas: 1, available: 1, ready: 1, current: 1, updated: 1)
2025-01-29 13:41:12,334 INFO c.h.h.t.HelmChartContainer - [hivemq-test-hivemq-platform] [hivemq-platform-operator] [4534c5de] 13:41:12.332 [ReconcilerExecutor-hivemq-controller-112] DEBUG c.h.p.o.HiveMQPlatformReconciler - [helmbrid] StatefulSet Spec (replicas: 1, init containers: 1, containers: 1, volumes: 4)
2025-01-29 13:41:12,334 INFO c.h.h.t.HelmChartContainer - [hivemq-test-hivemq-platform] [hivemq-platform-operator] [4534c5de] 13:41:12.333 [ReconcilerExecutor-hivemq-controller-112] DEBUG c.h.p.o.h.HiveMQPlatformReconcilerErrorHandler - [helmbrid] Pod 'test-hivemq-platform-0' phase Running
2025-01-29 13:41:12,336 INFO c.h.h.t.HelmChartContainer - [hivemq-test-hivemq-platform] [hivemq-platform-operator] [4534c5de] 13:41:12.334 [ReconcilerExecutor-hivemq-controller-112] INFO  c.h.p.o.h.HiveMQPlatformReconcilerBaseHandler - [helmbrid] HiveMQ Platform started successfully
2025-01-29 13:41:12,442 INFO c.h.h.t.HelmChartContainer - [hivemq-test-hivemq-platform] [hivemq-platform-operator] [4534c5de] 13:41:12.441 [ReconcilerExecutor-hivemq-controller-112] DEBUG c.h.p.operator.event.EventSender - [helmbrid] Creating K8s event hivemq-platform-ready: [Ready] HiveMQ Platform is ready
2025-01-29 13:41:12,445 INFO c.h.h.t.HelmChartContainer - [EVENT] Normal [Ready] HiveMQ Platform is ready [helmbridgeextensionit:test-hivemq-platform]
2025-01-29 13:41:12,447 INFO c.h.h.t.HelmChartContainer - [hivemq-test-hivemq-platform] [hivemq-platform-operator] [4534c5de] 13:41:12.446 [ReconcilerExecutor-hivemq-controller-112] INFO  c.h.p.o.h.AbstractHiveMQReconcilerStateHandler - [helmbrid] Update HiveMQ Platform Status (STARTING [READY] -> RUNNING [READY]): HiveMQ Platform is ready
2025-01-29 13:41:12,534 DEBUG com.hivemq.helmcharts.util.K8sUtil - Comparing actual state 'RUNNING' and waiting for 'RUNNING'
2025-01-29 13:41:12,540 INFO c.h.h.t.HelmChartContainer - [hivemq-test-hivemq-platform] [hivemq-platform-operator] [4534c5de] 13:41:12.538 [pool-6-thread-7] DEBUG c.h.p.o.d.PlatformServiceResource - [helmbrid] Desired Platform services (3 services)
2025-01-29 13:41:12,544 INFO c.h.h.t.HelmChartContainer - [hivemq-test-hivemq-platform] [hivemq-platform-operator] [4534c5de] 13:41:12.541 [pool-6-thread-6] DEBUG c.h.p.o.d.PodServiceAccountResource - [helmbrid] Desired PodServiceAccountResource (serviceAccountName: hivemq-platform-pod-test-hivemq-platform)
2025-01-29 13:41:12,545 INFO c.h.h.t.HelmChartContainer - [hivemq-test-hivemq-platform] [hivemq-platform-operator] [4534c5de] 13:41:12.541 [pool-6-thread-5] DEBUG c.h.p.o.dependants.PodInfoConfigMap - [helmbrid] Desired PodInfo ConfigMap (1 extensions) (1 enabled)
2025-01-29 13:41:12,546 INFO c.h.h.t.HelmChartContainer - [hivemq-test-hivemq-platform] [hivemq-platform-operator] [4534c5de] 13:41:12.543 [pool-6-thread-5] DEBUG c.h.p.o.dependants.PodInfoConfigMap - [helmbrid] Desired PodInfo ConfigMap (metrics port: 9399) (metrics path: /)
2025-01-29 13:41:12,546 INFO c.h.h.t.HelmChartContainer - [hivemq-test-hivemq-platform] [hivemq-platform-operator] [4534c5de] 13:41:12.543 [pool-6-thread-5] DEBUG c.h.p.o.dependants.PodInfoConfigMap - [helmbrid] Desired PodInfo ConfigMap (extension state hash: -1507299382)
2025-01-29 13:41:12,546 INFO c.h.h.t.HelmChartContainer - [hivemq-test-hivemq-platform] [hivemq-platform-operator] [4534c5de] 13:41:12.544 [pool-6-thread-5] DEBUG c.h.p.o.dependants.PodInfoConfigMap - [helmbrid] Update PodInfo ConfigMap
2025-01-29 13:41:12,631 INFO c.h.h.t.HelmChartContainer - [hivemq-test-hivemq-platform] [hivemq-platform-operator] [4534c5de] 13:41:12.630 [pool-6-thread-5] DEBUG c.h.p.o.d.StatefulSetResource - [helmbrid] Desired StatefulSet (1 replicas) for status RUNNING (READY)
2025-01-29 13:41:12,638 INFO c.h.h.t.HelmChartContainer - [hivemq-test-hivemq-platform] [hivemq-platform-operator] [4534c5de] 13:41:12.636 [ReconcilerExecutor-hivemq-controller-113] INFO  c.h.p.o.HiveMQPlatformReconciler - [helmbrid] Reconciling HiveMQ Platform 'test-hivemq-platform' in namespace 'helmbridgeextensionit'
2025-01-29 13:41:12,639 INFO c.h.h.t.HelmChartContainer - [hivemq-test-hivemq-platform] [hivemq-platform-operator] [4534c5de] 13:41:12.636 [ReconcilerExecutor-hivemq-controller-113] DEBUG c.h.p.o.HiveMQPlatformReconciler - [helmbrid] Custom Resource Status RUNNING - HiveMQ Platform is ready (READY)
2025-01-29 13:41:12,639 INFO c.h.h.t.HelmChartContainer - [hivemq-test-hivemq-platform] [hivemq-platform-operator] [4534c5de] 13:41:12.636 [ReconcilerExecutor-hivemq-controller-113] DEBUG c.h.p.o.HiveMQPlatformReconciler - [helmbrid] Custom Resource Spec (replicas: 1) (extensions: 1)
2025-01-29 13:41:12,645 INFO c.h.h.t.HelmChartContainer - [hivemq-test-hivemq-platform] [hivemq-platform-operator] [4534c5de] 13:41:12.641 [ReconcilerExecutor-hivemq-controller-113] DEBUG c.h.p.o.HiveMQPlatformReconciler - [helmbrid] StatefulSet Status (revision: test-hivemq-platform-6d7b96669f, replicas: 1, available: 1, ready: 1, current: 1, updated: 1)
2025-01-29 13:41:12,646 INFO c.h.h.t.HelmChartContainer - [hivemq-test-hivemq-platform] [hivemq-platform-operator] [4534c5de] 13:41:12.642 [ReconcilerExecutor-hivemq-controller-113] DEBUG c.h.p.o.HiveMQPlatformReconciler - [helmbrid] StatefulSet Spec (replicas: 1, init containers: 1, containers: 1, volumes: 4)
2025-01-29 13:41:12,646 INFO c.h.h.t.HelmChartContainer - [hivemq-test-hivemq-platform] [hivemq-platform-operator] [4534c5de] 13:41:12.645 [ReconcilerExecutor-hivemq-controller-113] DEBUG c.h.p.o.h.HiveMQPlatformReconcilerErrorHandler - [helmbrid] Pod 'test-hivemq-platform-0' phase Running
2025-01-29 13:41:12,852 INFO c.h.h.e.HelmBridgeExtensionIT - remote client subscribed
2025-01-29 13:41:12,853 INFO c.h.h.e.HelmBridgeExtensionIT - local client has published
2025-01-29 13:41:14,117 INFO c.h.h.t.HelmChartContainer - Uninstalling release 'test-hivemq-platform' in namespace 'helmbridgeextensionit'...
2025-01-29 13:41:14,117 DEBUG c.h.h.t.HelmChartContainer - Executing helm command: /bin/helm --kubeconfig /etc/rancher/k3s/k3s.yaml uninstall test-hivemq-platform  --wait --timeout 5m0s --cascade foreground --namespace helmbridgeextensionit
2025-01-29 13:41:14,306 INFO c.h.h.t.HelmChartContainer - [hivemq-test-hivemq-platform] [hivemq-platform-operator] [4534c5de] 13:41:14.293 [pool-6-thread-17] DEBUG c.h.p.o.d.PlatformServiceResource - [helmbrid] Desired Platform services (3 services)
2025-01-29 13:41:14,306 INFO c.h.h.t.HelmChartContainer - [hivemq-test-hivemq-platform] [hivemq-platform-operator] [4534c5de] 13:41:14.295 [pool-6-thread-18] DEBUG c.h.p.o.d.PodServiceAccountResource - [helmbrid] Desired PodServiceAccountResource (serviceAccountName: hivemq-platform-pod-test-hivemq-platform)
2025-01-29 13:41:14,306 INFO c.h.h.t.HelmChartContainer - [hivemq-test-hivemq-platform] [hivemq-platform-operator] [4534c5de] 13:41:14.300 [pool-6-thread-14] DEBUG c.h.p.o.dependants.PodInfoConfigMap - [helmbrid] Desired PodInfo ConfigMap (1 extensions) (1 enabled)
2025-01-29 13:41:14,306 INFO c.h.h.t.HelmChartContainer - [hivemq-test-hivemq-platform] [hivemq-platform-operator] [4534c5de] 13:41:14.300 [pool-6-thread-14] DEBUG c.h.p.o.dependants.PodInfoConfigMap - [helmbrid] Desired PodInfo ConfigMap (metrics port: 9399) (metrics path: /)
2025-01-29 13:41:14,306 INFO c.h.h.t.HelmChartContainer - [hivemq-test-hivemq-platform] [hivemq-platform-operator] [4534c5de] 13:41:14.300 [pool-6-thread-14] DEBUG c.h.p.o.dependants.PodInfoConfigMap - [helmbrid] Desired PodInfo ConfigMap (extension state hash: -1507299382)
2025-01-29 13:41:14,341 INFO c.h.h.t.HelmChartContainer - [hivemq-test-hivemq-platform] [hivemq-platform-operator] [4534c5de] 13:41:14.309 [pool-6-thread-14] DEBUG c.h.p.o.d.StatefulSetResource - [helmbrid] Desired StatefulSet (1 replicas) for status RUNNING (READY)
2025-01-29 13:41:14,341 INFO c.h.h.t.HelmChartContainer - [hivemq-test-hivemq-platform] [hivemq-platform-operator] [4534c5de] 13:41:14.330 [ReconcilerExecutor-hivemq-controller-114] INFO  c.h.p.o.HiveMQPlatformReconciler - [helmbrid] Reconciling HiveMQ Platform 'test-hivemq-platform' in namespace 'helmbridgeextensionit'
2025-01-29 13:41:14,341 INFO c.h.h.t.HelmChartContainer - [hivemq-test-hivemq-platform] [hivemq-platform-operator] [4534c5de] 13:41:14.330 [ReconcilerExecutor-hivemq-controller-114] DEBUG c.h.p.o.HiveMQPlatformReconciler - [helmbrid] Custom Resource Status RUNNING - HiveMQ Platform is ready (READY)
2025-01-29 13:41:14,341 INFO c.h.h.t.HelmChartContainer - [hivemq-test-hivemq-platform] [hivemq-platform-operator] [4534c5de] 13:41:14.330 [ReconcilerExecutor-hivemq-controller-114] DEBUG c.h.p.o.HiveMQPlatformReconciler - [helmbrid] Custom Resource Spec (replicas: 1) (extensions: 1)
2025-01-29 13:41:14,341 INFO c.h.h.t.HelmChartContainer - [hivemq-test-hivemq-platform] [hivemq-platform-operator] [4534c5de] 13:41:14.335 [ReconcilerExecutor-hivemq-controller-114] DEBUG c.h.p.o.HiveMQPlatformReconciler - [helmbrid] StatefulSet Status (revision: test-hivemq-platform-6d7b96669f, replicas: 1, available: 1, ready: 1, current: 1, updated: 1)
2025-01-29 13:41:14,341 INFO c.h.h.t.HelmChartContainer - [hivemq-test-hivemq-platform] [hivemq-platform-operator] [4534c5de] 13:41:14.335 [ReconcilerExecutor-hivemq-controller-114] DEBUG c.h.p.o.HiveMQPlatformReconciler - [helmbrid] StatefulSet Spec (replicas: 1, init containers: 1, containers: 1, volumes: 4)
2025-01-29 13:41:14,341 INFO c.h.h.t.HelmChartContainer - [hivemq-test-hivemq-platform] [hivemq-platform-operator] [4534c5de] 13:41:14.337 [ReconcilerExecutor-hivemq-controller-114] DEBUG c.h.p.o.h.HiveMQPlatformReconcilerErrorHandler - [helmbrid] Pod 'test-hivemq-platform-0' phase Running
2025-01-29 13:41:14,350 INFO c.h.h.t.HelmChartContainer - [hivemq-test-hivemq-platform] [hivemq-platform-operator] [4534c5de] 13:41:14.347 [ReconcilerExecutor-hivemq-controller-119] INFO  c.h.p.o.HiveMQPlatformReconciler - [helmbrid] Cleanup test-hivemq-platform - helmbridgeextensionit HiveMQ Platform is shut down
2025-01-29 13:41:15,150 INFO c.h.h.t.HelmChartContainer - [POD] test-hivemq-platform-0 [2a786d5d-3645-4103-835d-c30a51c500db] in helmbridgeextensionit was MODIFIED
2025-01-29 13:41:15,163 INFO c.h.h.t.HelmChartContainer - [EVENT] Normal [Killing] Stopping container hivemq [helmbridgeextensionit:test-hivemq-platform-0]
2025-01-29 13:41:15,163 INFO c.h.h.t.HelmChartContainer - Received Killing event for container hivemq in pod test-hivemq-platform-0 [2a786d5d-3645-4103-835d-c30a51c500db]
2025-01-29 13:41:15,163 INFO c.h.h.t.HelmChartContainer - Container [test-hivemq-platform-0] [hivemq] [2a786d5d-3645-4103-835d-c30a51c500db] was terminated
2025-01-29 13:41:15,163 INFO c.h.h.t.HelmChartContainer - Stopped log watcher for hivemq in pod test-hivemq-platform-0 [2a786d5d-3645-4103-835d-c30a51c500db]
2025-01-29 13:41:15,164 INFO c.h.h.t.HelmChartContainer - [test-hivemq-platform] [hivemq] [2a786d5d] INFO  - [HiveMQ Platform Operator Init App 1.7.0-SNAPSHOT] Shutting down
2025-01-29 13:41:15,164 INFO c.h.h.t.HelmChartContainer - [test-hivemq-platform] [hivemq] [2a786d5d] INFO  - [HiveMQ Platform Operator Init App 1.7.0-SNAPSHOT] Stopping the HiveMQ Platform
2025-01-29 13:41:15,251 INFO c.h.h.t.HelmChartContainer - [test-hivemq-platform] [hivemq] [2a786d5d] INFO  - Shutting down HiveMQ. Please wait, this could take a while...
2025-01-29 13:41:15,335 INFO c.h.h.t.HelmChartContainer - [test-hivemq-platform] [hivemq] [2a786d5d] INFO  - Shutting down listeners and clients
2025-01-29 13:41:15,336 INFO c.h.h.t.HelmChartContainer - [test-hivemq-platform] [hivemq] [2a786d5d] INFO  - Shutdown of listeners is done
2025-01-29 13:41:15,337 INFO c.h.h.t.HelmChartContainer - [test-hivemq-platform] [hivemq] [2a786d5d] INFO  - No clients are connected, proceeding with shutdown
2025-01-29 13:41:16,349 INFO c.h.h.t.HelmChartContainer - Deleting namespace 'helmbridgeextensionit'...
2025-01-29 13:41:17,256 INFO c.h.h.t.HelmChartContainer - [test-hivemq-platform] [hivemq] [2a786d5d] INFO  - [HiveMQ Platform Operator Init App 1.7.0-SNAPSHOT] Returning shutdown Health API response 503 for readiness
2025-01-29 13:41:17,260 INFO c.h.h.t.HelmChartContainer - [EVENT] Warning [Unhealthy] Readiness probe failed: HTTP probe failed with statuscode: 503 [helmbridgeextensionit:test-hivemq-platform-0]
2025-01-29 13:41:17,260 INFO c.h.h.t.HelmChartContainer - Received Unhealthy event for container hivemq in pod test-hivemq-platform-0 [2a786d5d-3645-4103-835d-c30a51c500db]
2025-01-29 13:41:17,940 INFO c.h.h.t.HelmChartContainer - [test-hivemq-platform] [hivemq] [2a786d5d] INFO  - Shutting down extension system
2025-01-29 13:41:17,942 INFO c.h.h.t.HelmChartContainer - [test-hivemq-platform] [hivemq] [2a786d5d] INFO  - Stopping extension with id hivemq-dns-cluster-discovery
2025-01-29 13:41:17,943 INFO c.h.h.t.HelmChartContainer - [test-hivemq-platform] [hivemq] [2a786d5d] INFO  - Extension "DNS Cluster Discovery Extension" version 4.3.2 stopped successfully.
2025-01-29 13:41:17,943 INFO c.h.h.t.HelmChartContainer - [test-hivemq-platform] [hivemq] [2a786d5d] INFO  - Stopping extension with id hivemq-bridge-extension
2025-01-29 13:41:17,945 INFO c.h.h.t.HelmChartContainer - [test-hivemq-platform] [hivemq] [2a786d5d] INFO  - Bridge Extension: Stopping extension
2025-01-29 13:41:17,961 INFO c.h.h.t.HelmChartContainer - [test-hivemq-platform] [hivemq] [2a786d5d] INFO  - Extension "HiveMQ Enterprise Bridge Extension" version 4.36.0 stopped successfully.
2025-01-29 13:41:17,961 INFO c.h.h.t.HelmChartContainer - [test-hivemq-platform] [hivemq] [2a786d5d] INFO  - Stopping extension with id hivemq-prometheus-extension
2025-01-29 13:41:18,039 INFO c.h.h.t.HelmChartContainer - [test-hivemq-platform] [hivemq] [2a786d5d] INFO  - Extension "Prometheus Monitoring Extension" version 4.0.12 stopped successfully.
2025-01-29 13:41:18,040 INFO c.h.h.t.HelmChartContainer - [test-hivemq-platform] [hivemq] [2a786d5d] INFO  - Stopping extension with id hivemq-allow-all-extension
2025-01-29 13:41:18,040 INFO c.h.h.t.HelmChartContainer - [test-hivemq-platform] [hivemq] [2a786d5d] INFO  - Extension "Allow All Extension" version 1.1.1 stopped successfully.
2025-01-29 13:41:18,133 INFO c.h.h.t.HelmChartContainer - [test-hivemq-platform] [hivemq] [2a786d5d] WARN  - [HiveMQ Platform Operator Init App 1.7.0-SNAPSHOT] Could not update Pod annotations: Failure executing: GET at: https://10.43.0.1:443/api/v1/namespaces/helmbridgeextensionit/pods/test-hivemq-platform-0. Message: pods "test-hivemq-platform-0" is forbidden: User "system:serviceaccount:helmbridgeextensionit:hivemq-platform-pod-test-hivemq-platform" cannot get resource "pods" in API group "" in the namespace "helmbridgeextensionit". Received status: Status(apiVersion=v1, code=403, details=StatusDetails(causes=[], group=null, kind=pods, name=test-hivemq-platform-0, retryAfterSeconds=null, uid=null, additionalProperties={}), kind=Status, message=pods "test-hivemq-platform-0" is forbidden: User "system:serviceaccount:helmbridgeextensionit:hivemq-platform-pod-test-hivemq-platform" cannot get resource "pods" in API group "" in the namespace "helmbridgeextensionit", metadata=ListMeta(_continue=null, remainingItemCount=null, resourceVersion=null, selfLink=null, additionalProperties={}), reason=Forbidden, status=Failure, additionalProperties={}).
2025-01-29 13:41:20,433 INFO c.h.h.t.HelmChartContainer - [test-hivemq-platform] [hivemq] [2a786d5d] INFO  - Shutdown completed.
2025-01-29 13:41:20,796 INFO c.h.h.t.HelmChartContainer - [test-hivemq-platform] [hivemq] [2a786d5d] INFO  - [HiveMQ Platform Operator Init App 1.7.0-SNAPSHOT] The HiveMQ Platform exited with code 143
2025-01-29 13:41:20,796 INFO c.h.h.t.HelmChartContainer - [test-hivemq-platform] [hivemq] [2a786d5d] INFO  - [HiveMQ Platform Operator Init App 1.7.0-SNAPSHOT] Stopping the REST API
2025-01-29 13:41:20,834 INFO c.h.h.t.HelmChartContainer - [test-hivemq-platform] [hivemq] [2a786d5d] INFO  - [HiveMQ Platform Operator Init App 1.7.0-SNAPSHOT] Shutdown complete
2025-01-29 13:41:21,282 INFO c.h.h.t.HelmChartContainer - [POD] test-hivemq-platform-0 [2a786d5d-3645-4103-835d-c30a51c500db] in helmbridgeextensionit was MODIFIED
2025-01-29 13:41:21,285 INFO c.h.h.t.HelmChartContainer - [K3S] [stateful_set.go:438] "Unhandled Error" err="error syncing StatefulSet helmbridgeextensionit/test-hivemq-platform, requeuing: controllerrevisions.apps \"test-hivemq-platform-6d7b96669f\" is forbidden: unable to create new content in namespace helmbridgeextensionit because it is being terminated"
2025-01-29 13:41:21,292 INFO c.h.h.t.HelmChartContainer - [K3S] [stateful_set.go:438] "Unhandled Error" err="error syncing StatefulSet helmbridgeextensionit/test-hivemq-platform, requeuing: controllerrevisions.apps \"test-hivemq-platform-6d7b96669f\" is forbidden: unable to create new content in namespace helmbridgeextensionit because it is being terminated"
2025-01-29 13:41:21,306 INFO c.h.h.t.HelmChartContainer - [K3S] [stateful_set.go:438] "Unhandled Error" err="error syncing StatefulSet helmbridgeextensionit/test-hivemq-platform, requeuing: controllerrevisions.apps \"test-hivemq-platform-6d7b96669f\" is forbidden: unable to create new content in namespace helmbridgeextensionit because it is being terminated"
2025-01-29 13:41:21,330 INFO c.h.h.t.HelmChartContainer - [K3S] [stateful_set.go:438] "Unhandled Error" err="error syncing StatefulSet helmbridgeextensionit/test-hivemq-platform, requeuing: controllerrevisions.apps \"test-hivemq-platform-6d7b96669f\" is forbidden: unable to create new content in namespace helmbridgeextensionit because it is being terminated"
2025-01-29 13:41:21,373 INFO c.h.h.t.HelmChartContainer - [K3S] [stateful_set.go:438] "Unhandled Error" err="error syncing StatefulSet helmbridgeextensionit/test-hivemq-platform, requeuing: controllerrevisions.apps \"test-hivemq-platform-6d7b96669f\" is forbidden: unable to create new content in namespace helmbridgeextensionit because it is being terminated"
2025-01-29 13:41:21,397 INFO c.h.h.t.HelmChartContainer - [K3S] [reconciler_common.go:162] "operationExecutor.UnmountVolume started for volume \"pod-info\" (UniqueName: \"kubernetes.io/configmap/2a786d5d-3645-4103-835d-c30a51c500db-pod-info\") pod \"2a786d5d-3645-4103-835d-c30a51c500db\" (UID: \"2a786d5d-3645-4103-835d-c30a51c500db\") "
2025-01-29 13:41:21,397 INFO c.h.h.t.HelmChartContainer - [K3S] [reconciler_common.go:162] "operationExecutor.UnmountVolume started for volume \"operator-init\" (UniqueName: \"kubernetes.io/empty-dir/2a786d5d-3645-4103-835d-c30a51c500db-operator-init\") pod \"2a786d5d-3645-4103-835d-c30a51c500db\" (UID: \"2a786d5d-3645-4103-835d-c30a51c500db\") "
2025-01-29 13:41:21,397 INFO c.h.h.t.HelmChartContainer - [K3S] [reconciler_common.go:162] "operationExecutor.UnmountVolume started for volume \"broker-configuration\" (UniqueName: \"kubernetes.io/configmap/2a786d5d-3645-4103-835d-c30a51c500db-broker-configuration\") pod \"2a786d5d-3645-4103-835d-c30a51c500db\" (UID: \"2a786d5d-3645-4103-835d-c30a51c500db\") "
2025-01-29 13:41:21,399 INFO c.h.h.t.HelmChartContainer - [K3S] [reconciler_common.go:162] "operationExecutor.UnmountVolume started for volume \"extension-configuration-hivemq-bridge-extension\" (UniqueName: \"kubernetes.io/secret/2a786d5d-3645-4103-835d-c30a51c500db-extension-configuration-hivemq-bridge-extension\") pod \"2a786d5d-3645-4103-835d-c30a51c500db\" (UID: \"2a786d5d-3645-4103-835d-c30a51c500db\") "
2025-01-29 13:41:21,399 INFO c.h.h.t.HelmChartContainer - [K3S] [reconciler_common.go:162] "operationExecutor.UnmountVolume started for volume \"kube-api-access-r474n\" (UniqueName: \"kubernetes.io/projected/2a786d5d-3645-4103-835d-c30a51c500db-kube-api-access-r474n\") pod \"2a786d5d-3645-4103-835d-c30a51c500db\" (UID: \"2a786d5d-3645-4103-835d-c30a51c500db\") "
2025-01-29 13:41:21,456 INFO c.h.h.t.HelmChartContainer - [K3S] [stateful_set.go:438] "Unhandled Error" err="error syncing StatefulSet helmbridgeextensionit/test-hivemq-platform, requeuing: controllerrevisions.apps \"test-hivemq-platform-6d7b96669f\" is forbidden: unable to create new content in namespace helmbridgeextensionit because it is being terminated"
2025-01-29 13:41:21,493 INFO c.h.h.t.HelmChartContainer - [K3S] [stateful_set.go:466] "StatefulSet has been deleted" key="helmbridgeextensionit/test-hivemq-platform"
2025-01-29 13:41:21,497 INFO c.h.h.t.HelmChartContainer - [K3S] [reconciler_common.go:299] "Volume detached for volume \"operator-init\" (UniqueName: \"kubernetes.io/empty-dir/2a786d5d-3645-4103-835d-c30a51c500db-operator-init\") on node \"2553df930ab9\" DevicePath \"\""
2025-01-29 13:41:21,497 INFO c.h.h.t.HelmChartContainer - [K3S] [reconciler_common.go:299] "Volume detached for volume \"broker-configuration\" (UniqueName: \"kubernetes.io/configmap/2a786d5d-3645-4103-835d-c30a51c500db-broker-configuration\") on node \"2553df930ab9\" DevicePath \"\""
2025-01-29 13:41:21,497 INFO c.h.h.t.HelmChartContainer - [K3S] [reconciler_common.go:299] "Volume detached for volume \"extension-configuration-hivemq-bridge-extension\" (UniqueName: \"kubernetes.io/secret/2a786d5d-3645-4103-835d-c30a51c500db-extension-configuration-hivemq-bridge-extension\") on node \"2553df930ab9\" DevicePath \"\""
2025-01-29 13:41:21,497 INFO c.h.h.t.HelmChartContainer - [K3S] [reconciler_common.go:299] "Volume detached for volume \"kube-api-access-r474n\" (UniqueName: \"kubernetes.io/projected/2a786d5d-3645-4103-835d-c30a51c500db-kube-api-access-r474n\") on node \"2553df930ab9\" DevicePath \"\""
2025-01-29 13:41:21,497 INFO c.h.h.t.HelmChartContainer - [K3S] [reconciler_common.go:299] "Volume detached for volume \"pod-info\" (UniqueName: \"kubernetes.io/configmap/2a786d5d-3645-4103-835d-c30a51c500db-pod-info\") on node \"2553df930ab9\" DevicePath \"\""
2025-01-29 13:41:21,519 INFO c.h.h.t.HelmChartContainer - [K3S] [namespace_controller.go:164] "Unhandled Error" err="deletion of namespace helmbridgeextensionit failed: unexpected items still remain in namespace: helmbridgeextensionit for gvr: /v1, Resource=pods"
2025-01-29 13:41:21,596 INFO c.h.h.t.HelmChartContainer - [K3S] [scope.go:117] "RemoveContainer" containerID="05661ae0e16ed230bc570cf2601f59134db4293ea39ed891be3e9253333822f1"
2025-01-29 13:41:21,616 INFO c.h.h.t.HelmChartContainer - [POD] test-hivemq-platform-0 [2a786d5d-3645-4103-835d-c30a51c500db] in helmbridgeextensionit was MODIFIED
2025-01-29 13:41:21,619 INFO c.h.h.t.HelmChartContainer - [K3S] [stateful_set.go:466] "StatefulSet has been deleted" key="helmbridgeextensionit/test-hivemq-platform"
2025-01-29 13:41:21,621 INFO c.h.h.t.HelmChartContainer - [POD] test-hivemq-platform-0 [2a786d5d-3645-4103-835d-c30a51c500db] in helmbridgeextensionit was DELETED
2025-01-29 13:41:21,702 INFO c.h.h.t.HelmChartContainer - [K3S] [scope.go:117] "RemoveContainer" containerID="8f15fa6d89e9a954b086cbb15dbe8852ec0b073a98c08a8178a540496affe07f"
2025-01-29 13:41:21,705 INFO c.h.h.t.HelmChartContainer - [K3S] [scope.go:117] "RemoveContainer" containerID="05661ae0e16ed230bc570cf2601f59134db4293ea39ed891be3e9253333822f1"
2025-01-29 13:41:21,705 INFO c.h.h.t.HelmChartContainer - [K3S] [scope.go:117] "RemoveContainer" containerID="8f15fa6d89e9a954b086cbb15dbe8852ec0b073a98c08a8178a540496affe07f"
2025-01-29 13:41:21,887 INFO c.h.h.t.HelmChartContainer - Namespace 'helmbridgeextensionit' deleted
2025-01-29 13:41:21,887 INFO c.h.h.t.HelmChartContainer - Release 'test-hivemq-platform' in namespace 'helmbridgeextensionit' is uninstalled
2025-01-29 13:41:21,887 INFO c.h.h.t.HelmChartContainer - Uninstalling release 'test-hivemq-platform-operator' in namespace 'helmbridgeextensionit-operator'...
2025-01-29 13:41:21,887 DEBUG c.h.h.t.HelmChartContainer - Executing helm command: /bin/helm --kubeconfig /etc/rancher/k3s/k3s.yaml uninstall test-hivemq-platform-operator  --wait --timeout 5m0s --cascade foreground --namespace helmbridgeextensionit-operator
2025-01-29 13:41:22,078 INFO c.h.h.t.HelmChartContainer - [K3S] [replica_set.go:679] "Finished syncing" kind="ReplicaSet" key="helmbridgeextensionit-operator/hivemq-test-hivemq-platform-operator-6966f96d65" duration="11.479422ms"
2025-01-29 13:41:22,080 INFO c.h.h.t.HelmChartContainer - [K3S] [replica_set.go:679] "Finished syncing" kind="ReplicaSet" key="helmbridgeextensionit-operator/hivemq-test-hivemq-platform-operator-6966f96d65" duration="88.425µs"
2025-01-29 13:41:22,102 INFO c.h.h.t.HelmChartContainer - [POD] hivemq-test-hivemq-platform-operator-6966f96d65-5nxqr [4534c5de-5ea2-4415-a6d1-5108d1296093] in helmbridgeextensionit-operator was MODIFIED
2025-01-29 13:41:22,117 INFO c.h.h.t.HelmChartContainer - [EVENT] Normal [Killing] Stopping container hivemq-platform-operator [helmbridgeextensionit-operator:hivemq-test-hivemq-platform-operator-6966f96d65-5nxqr]
2025-01-29 13:41:22,117 INFO c.h.h.t.HelmChartContainer - Received Killing event for container hivemq-platform-operator in pod hivemq-test-hivemq-platform-operator-6966f96d65-5nxqr [4534c5de-5ea2-4415-a6d1-5108d1296093]
2025-01-29 13:41:22,117 INFO c.h.h.t.HelmChartContainer - Container [hivemq-test-hivemq-platform-operator-6966f96d65-5nxqr] [hivemq-platform-operator] [4534c5de-5ea2-4415-a6d1-5108d1296093] was terminated
2025-01-29 13:41:22,117 INFO c.h.h.t.HelmChartContainer - Stopped log watcher for hivemq-platform-operator in pod hivemq-test-hivemq-platform-operator-6966f96d65-5nxqr [4534c5de-5ea2-4415-a6d1-5108d1296093]
2025-01-29 13:41:22,118 INFO c.h.h.t.HelmChartContainer - [K3S] [replica_set.go:679] "Finished syncing" kind="ReplicaSet" key="helmbridgeextensionit-operator/hivemq-test-hivemq-platform-operator-6966f96d65" duration="14.187367ms"
2025-01-29 13:41:22,120 INFO c.h.h.t.HelmChartContainer - [K3S] [replica_set.go:679] "Finished syncing" kind="ReplicaSet" key="helmbridgeextensionit-operator/hivemq-test-hivemq-platform-operator-6966f96d65" duration="45.065µs"
2025-01-29 13:41:22,151 INFO c.h.h.t.HelmChartContainer - [hivemq-test-hivemq-platform] [hivemq-platform-operator] [4534c5de] 13:41:22.150 [application-shutdown-thread] INFO  c.h.p.o.HiveMQPlatformOperatorApplication - HiveMQ Platform Operator is stopping...
2025-01-29 13:41:22,151 INFO c.h.h.t.HelmChartContainer - [hivemq-test-hivemq-platform] [hivemq-platform-operator] [4534c5de] 13:41:22.150 [application-shutdown-thread] INFO  i.javaoperatorsdk.operator.Operator - Operator SDK 4.9.7 is shutting down...
2025-01-29 13:41:22,777 INFO c.h.h.t.HelmChartContainer - [K3S] [replica_set.go:679] "Finished syncing" kind="ReplicaSet" key="helmbridgeextensionit-operator/hivemq-test-hivemq-platform-operator-6966f96d65" duration="67.246µs"
2025-01-29 13:41:22,779 INFO c.h.h.t.HelmChartContainer - [POD] hivemq-test-hivemq-platform-operator-6966f96d65-5nxqr [4534c5de-5ea2-4415-a6d1-5108d1296093] in helmbridgeextensionit-operator was MODIFIED
2025-01-29 13:41:22,804 INFO c.h.h.t.HelmChartContainer - [K3S] [reconciler_common.go:162] "operationExecutor.UnmountVolume started for volume \"kube-api-access-wknqb\" (UniqueName: \"kubernetes.io/projected/4534c5de-5ea2-4415-a6d1-5108d1296093-kube-api-access-wknqb\") pod \"4534c5de-5ea2-4415-a6d1-5108d1296093\" (UID: \"4534c5de-5ea2-4415-a6d1-5108d1296093\") "
2025-01-29 13:41:22,905 INFO c.h.h.t.HelmChartContainer - [K3S] [reconciler_common.go:299] "Volume detached for volume \"kube-api-access-wknqb\" (UniqueName: \"kubernetes.io/projected/4534c5de-5ea2-4415-a6d1-5108d1296093-kube-api-access-wknqb\") on node \"2553df930ab9\" DevicePath \"\""
2025-01-29 13:41:23,189 INFO c.h.h.t.HelmChartContainer - [K3S] [kubelet_volumes.go:163] "Cleaned up orphaned pod volumes dir" podUID="2a786d5d-3645-4103-835d-c30a51c500db" path="/var/lib/kubelet/pods/2a786d5d-3645-4103-835d-c30a51c500db/volumes"
2025-01-29 13:41:23,601 INFO c.h.h.t.HelmChartContainer - [K3S] [scope.go:117] "RemoveContainer" containerID="a37833658fb591005feacf0d83af342b3ae1caae513b1f5402b04b32e330f282"
2025-01-29 13:41:23,604 INFO c.h.h.t.HelmChartContainer - [K3S] [scope.go:117] "RemoveContainer" containerID="a37833658fb591005feacf0d83af342b3ae1caae513b1f5402b04b32e330f282"
2025-01-29 13:41:23,611 INFO c.h.h.t.HelmChartContainer - [K3S] [replica_set.go:679] "Finished syncing" kind="ReplicaSet" key="helmbridgeextensionit-operator/hivemq-test-hivemq-platform-operator-6966f96d65" duration="47.229µs"
2025-01-29 13:41:23,612 INFO c.h.h.t.HelmChartContainer - [POD] hivemq-test-hivemq-platform-operator-6966f96d65-5nxqr [4534c5de-5ea2-4415-a6d1-5108d1296093] in helmbridgeextensionit-operator was MODIFIED
2025-01-29 13:41:23,615 INFO c.h.h.t.HelmChartContainer - [POD] hivemq-test-hivemq-platform-operator-6966f96d65-5nxqr [4534c5de-5ea2-4415-a6d1-5108d1296093] in helmbridgeextensionit-operator was DELETED
2025-01-29 13:41:23,615 INFO c.h.h.t.HelmChartContainer - [K3S] [replica_set.go:679] "Finished syncing" kind="ReplicaSet" key="helmbridgeextensionit-operator/hivemq-test-hivemq-platform-operator-6966f96d65" duration="43.241µs"
2025-01-29 13:41:23,627 INFO c.h.h.t.HelmChartContainer - [K3S] [replica_set.go:679] "Finished syncing" kind="ReplicaSet" key="helmbridgeextensionit-operator/hivemq-test-hivemq-platform-operator-6966f96d65" duration="7.154µs"
2025-01-29 13:41:24,138 INFO c.h.h.t.HelmChartContainer - Deleting namespace 'helmbridgeextensionit-operator'...
2025-01-29 13:41:25,189 INFO c.h.h.t.HelmChartContainer - [K3S] [kubelet_volumes.go:163] "Cleaned up orphaned pod volumes dir" podUID="4534c5de-5ea2-4415-a6d1-5108d1296093" path="/var/lib/kubelet/pods/4534c5de-5ea2-4415-a6d1-5108d1296093/volumes"
2025-01-29 13:41:26,784 INFO c.h.h.t.HelmChartContainer - [K3S] [namespace_controller.go:187] "Namespace has been deleted" namespace="helmbridgeextensionit"
2025-01-29 13:41:29,361 INFO c.h.h.t.HelmChartContainer - Namespace 'helmbridgeextensionit-operator' deleted
2025-01-29 13:41:29,361 INFO c.h.h.t.HelmChartContainer - Release 'test-hivemq-platform-operator' in namespace 'helmbridgeextensionit-operator' is uninstalled
2025-01-29 13:41:30,145 INFO c.h.helmcharts.AbstractHelmChartIT - Removed unused containers:

2025-01-29 13:41:34,268 INFO c.h.h.t.HelmChartContainer - [K3S] [namespace_controller.go:187] "Namespace has been deleted" namespace="helmbridgeextensionit-operator"
2025-01-29 13:41:38,284 INFO c.h.helmcharts.AbstractHelmChartIT - Removed unused snapshots:
Removing snapshot sha256:03af251906410714c5aef9fa705b63f6bbc39c4a5e787de7361eeb18886c2ed2
Removing snapshot sha256:0c46b3b43cce082ce5ec34ffc6c294e0417d17b9d1e6f366d114b6aadc4f96dc
Removing snapshot sha256:0ce761beee59082d6ed5bcebd3a805b8ddd9b3426b617e4809e7fb7c6587ffec
Removing snapshot sha256:0df91287303208332c8ff6ba40ae4710105201739addbfbddfb955f1ad593664
Removing snapshot sha256:1021ef88c7974bfff89c5a0ec4fd3160daac6c48a075f74cff721f85dd104e68
Removing snapshot sha256:10aba4953ddc18145dd38e3704709bc464aa20af60b56fe52caaff4b68411e62
Removing snapshot sha256:2573e0d8158209ed54ab25c87bcdcb00bd3d2539246960a3d592a1c599d70465
Removing snapshot sha256:362a8a37f8bbc31925a8146adcf7cf51f9882f5c1dcbef67c5baa03a297543c0
Removing snapshot sha256:3fa4ad33f0ddc8fd45b39b6b4640f82a3a83619606cd975bfe89d8710ad2d4cd
Removing snapshot sha256:43a7c979bbaba6838bc3102d6b10a1459f3ab050b87ccdfef84ef90cf43d3058
Removing snapshot sha256:4ab04491cdf0d3267f08206fe30bd48f49f94b9cab2f016d6739220f722a64af
Removing snapshot sha256:4b6068250e89c96f263060261819c7d912855bfbd64b3eb4c4a8483299b8c295
Removing snapshot sha256:580e69a0a8034ede1921139bbd2bfb72a69ebf276d008281896c32dd8bf74775
Removing snapshot sha256:5d30ba46b27fe37484567ccc5242cadc78217b8da605f3f195ef25cbf7487904
Removing snapshot sha256:5fea5bf92a1324b5df2512d14ca3f33c100ba52dc3a036872d3c1e1b4281afe5
Removing snapshot sha256:63ca1fbb43ae5034640e5e6cb3e083e05c290072c5366fcaa9d62435a4cced85
Removing snapshot sha256:67f702c6baae873bceb19487c8b1f27bd2b86077e4f2f0e480e6d60ab508b8f5
Removing snapshot sha256:6864348dd42806d552efdec384f1274be15e2d0c10ce44c1f04347af004c10a9
Removing snapshot sha256:6c7dee8f2c39b84b7dc2711c01d33de93514d9055499173e9290176fbe484b6c
Removing snapshot sha256:82753493a6d61ded36556292f02f31841a14c20d2f279f19eaad65afb661d5cd
Removing snapshot sha256:8a10d3db42c505ee0fcfa98417bdd7e39b304f6bcc0a06bb1b220797ff2cc63c
Removing snapshot sha256:a21e5b12dbac529ad45d976eb9ce45c881f3bedcc500fb30aba1e52aa1813418
Removing snapshot sha256:b921e6c28969094157f9b8e7244677780319637afd14450b7cb6b2fdea558a0c
Removing snapshot sha256:bc27ecb5769a00e309cf99ebc763c4a4b958b618d1decc96ffac5bc05f02f5b7
Removing snapshot sha256:be3ccb6627a5332e309d45ef461d09b4879dd870c7394d89323d0ebc6ca6aa8a
Removing snapshot sha256:c261f7cbbc64211ee175ee47273acdb7b1a36a4450b397a064a8f2c026490095
Removing snapshot sha256:c291c6e1fbd3d2868501c2d33b57d6ffde01f2b773f4d8629556233b618db3f6
Removing snapshot sha256:c34d9393647eea0c9e3557ab988efaf59f61d10a2a5613b439ef0958cca5ec10
Removing snapshot sha256:ccf3c4a0fa967a41c1c83497a2ce6fa5787965859df0adb32c4ca2cf7490bc2b
Removing snapshot sha256:cf92d33f869417309692088c341cd0f223c178ea78a125f757317b22aa8f90e9
Removing snapshot sha256:d0037344cf2fb078884f1849f6a1f8cf9a33a3b6139b6a85833e5ee528e1f9a8
Removing snapshot sha256:d3b36d5b79273b1e98e7700470eaeff05a882e777124d84cebcc1505b85ecb36
Removing snapshot sha256:d65a44a37914602d12c611e5e22a50f11451d847e63015cc1c2aef92dee777a4
Removing snapshot sha256:e2dc0bae2455930f23ae570e019b7f32edc75c0f2d71cab084db837ff9051796
Removing snapshot sha256:eccbd24a99c60cd9e86ee5305dbfc4a4dc89f5ab4fb1f06c8d64797cecedef34
Removing snapshot sha256:f144bb4c7c7f0d2aa7eeffd36d934ec40db1ee167be727e326aad9fdc616f475

]]></system-out>
  </testcase>
  <system-out><![CDATA[2025-01-29 13:37:04,795 INFO c.h.h.t.HelmChartContainerExtension - Using cached HelmChartContainer instance
2025-01-29 13:37:04,801 INFO c.h.h.t.HelmChartContainerExtension - Creating cached HelmChartContainer instance
2025-01-29 13:37:04,819 INFO o.testcontainers.DockerClientFactory - Testcontainers version: 1.20.4
2025-01-29 13:37:05,245 INFO o.t.d.DockerClientProviderStrategy - Found Docker environment with local Unix socket (unix:///var/run/docker.sock)
2025-01-29 13:37:05,253 INFO o.testcontainers.DockerClientFactory - Docker host IP address is localhost
2025-01-29 13:37:05,270 INFO o.testcontainers.DockerClientFactory - Connected to docker: 
  Server Version: 26.1.3
  API Version: 1.45
  Operating System: Ubuntu 24.04.1 LTS
  Total Memory: 15990 MB
2025-01-29 13:37:05,278 INFO o.testcontainers.images.PullPolicy - Image pull policy will be performed by: DefaultPullPolicy()
2025-01-29 13:37:05,279 INFO o.t.utility.ImageNameSubstitutor - Image name substitution will be performed by: DefaultImageNameSubstitutor (composite of 'ConfigurationFileImageNameSubstitutor' and 'PrefixingImageNameSubstitutor')
2025-01-29 13:37:05,307 INFO tc.testcontainers/ryuk:0.11.0 - Pulling docker image: testcontainers/ryuk:0.11.0. Please be patient; this may take some time but only needs to be done once.
2025-01-29 13:37:06,176 INFO tc.testcontainers/ryuk:0.11.0 - Starting to pull image
2025-01-29 13:37:06,191 INFO tc.testcontainers/ryuk:0.11.0 - Pulling image layers:  0 pending,  0 downloaded,  0 extracted, (0 bytes/0 bytes)
2025-01-29 13:37:06,755 INFO tc.testcontainers/ryuk:0.11.0 - Pulling image layers:  2 pending,  1 downloaded,  0 extracted, (878 KB/? MB)
2025-01-29 13:37:06,788 INFO tc.testcontainers/ryuk:0.11.0 - Pulling image layers:  1 pending,  2 downloaded,  0 extracted, (3 MB/? MB)
2025-01-29 13:37:06,813 INFO tc.testcontainers/ryuk:0.11.0 - Pulling image layers:  0 pending,  3 downloaded,  0 extracted, (7 MB/10 MB)
2025-01-29 13:37:06,892 INFO tc.testcontainers/ryuk:0.11.0 - Pulling image layers:  0 pending,  3 downloaded,  1 extracted, (8 MB/10 MB)
2025-01-29 13:37:07,032 INFO tc.testcontainers/ryuk:0.11.0 - Pulling image layers:  0 pending,  3 downloaded,  2 extracted, (8 MB/10 MB)
2025-01-29 13:37:07,077 INFO tc.testcontainers/ryuk:0.11.0 - Pulling image layers:  0 pending,  3 downloaded,  3 extracted, (10 MB/10 MB)
2025-01-29 13:37:07,082 INFO tc.testcontainers/ryuk:0.11.0 - Image testcontainers/ryuk:0.11.0 pull took PT1.775181417S
2025-01-29 13:37:07,104 INFO tc.testcontainers/ryuk:0.11.0 - Creating container for image: testcontainers/ryuk:0.11.0
2025-01-29 13:37:07,168 INFO tc.testcontainers/ryuk:0.11.0 - Container testcontainers/ryuk:0.11.0 is starting: e9fb409e5e006f509123314e25210fce016e0d56f32f6088a866ca71e853bb37
2025-01-29 13:37:07,429 INFO tc.testcontainers/ryuk:0.11.0 - Container testcontainers/ryuk:0.11.0 started in PT0.325376227S
2025-01-29 13:37:07,434 INFO o.t.utility.RyukResourceReaper - Ryuk started - will monitor and terminate Testcontainers containers on JVM exit
2025-01-29 13:37:07,434 INFO o.testcontainers.DockerClientFactory - Checking the system...
2025-01-29 13:37:07,435 INFO o.testcontainers.DockerClientFactory - ✔︎ Docker server version should be at least 1.6.0
2025-01-29 13:37:07,506 INFO o.t.i.builder.ImageFromDockerfile - Pre-emptively checking local images for 'ubuntu:noble-20241118.1@sha256:80dd3c3b9c6cecb9f1667e9290b3bc61b78c2678c02cbdae5f0fea92cc6734ab', referenced via a Dockerfile. If not available, it will be pulled.
2025-01-29 13:37:07,509 INFO t.u.1@sha256:80dd3c... - Pulling docker image: ubuntu:noble-20241118.1@sha256:80dd3c3b9c6cecb9f1667e9290b3bc61b78c2678c02cbdae5f0fea92cc6734ab. Please be patient; this may take some time but only needs to be done once.
2025-01-29 13:37:08,100 INFO t.u.1@sha256:80dd3c... - Starting to pull image
2025-01-29 13:37:08,101 INFO t.u.1@sha256:80dd3c... - Pulling image layers:  0 pending,  0 downloaded,  0 extracted, (0 bytes/0 bytes)
2025-01-29 13:37:08,856 INFO t.u.1@sha256:80dd3c... - Pulling image layers:  0 pending,  1 downloaded,  0 extracted, (28 MB/28 MB)
2025-01-29 13:37:09,791 INFO t.u.1@sha256:80dd3c... - Pulling image layers:  0 pending,  1 downloaded,  1 extracted, (28 MB/28 MB)
2025-01-29 13:37:09,797 INFO t.u.1@sha256:80dd3c... - Image ubuntu:noble-20241118.1@sha256:80dd3c3b9c6cecb9f1667e9290b3bc61b78c2678c02cbdae5f0fea92cc6734ab pull took PT2.287415257S
2025-01-29 13:37:09,797 INFO t.u.1@sha256:80dd3c... - Pull complete. 1 layers, pulled in 1s (downloaded 28 MB at 28 MB/s)
2025-01-29 13:37:09,799 INFO o.t.i.builder.ImageFromDockerfile - Pre-emptively checking local images for 'rancher/k3s:v1.32.1-k3s1', referenced via a Dockerfile. If not available, it will be pulled.
2025-01-29 13:37:09,801 INFO tc.rancher/k3s:v1.32.1-k3s1 - Pulling docker image: rancher/k3s:v1.32.1-k3s1. Please be patient; this may take some time but only needs to be done once.
2025-01-29 13:37:10,833 INFO tc.rancher/k3s:v1.32.1-k3s1 - Starting to pull image
2025-01-29 13:37:10,834 INFO tc.rancher/k3s:v1.32.1-k3s1 - Pulling image layers:  0 pending,  0 downloaded,  0 extracted, (0 bytes/0 bytes)
2025-01-29 13:37:12,058 INFO tc.rancher/k3s:v1.32.1-k3s1 - Pulling image layers:  0 pending,  1 downloaded,  0 extracted, (69 MB/71 MB)
2025-01-29 13:37:13,110 INFO tc.rancher/k3s:v1.32.1-k3s1 - Pulling image layers:  0 pending,  1 downloaded,  1 extracted, (71 MB/71 MB)
2025-01-29 13:37:13,116 INFO tc.rancher/k3s:v1.32.1-k3s1 - Image rancher/k3s:v1.32.1-k3s1 pull took PT3.315443451S
2025-01-29 13:37:13,116 INFO tc.rancher/k3s:v1.32.1-k3s1 - Pull complete. 1 layers, pulled in 2s (downloaded 71 MB at 35 MB/s)
2025-01-29 13:37:13,123 INFO o.t.i.builder.ImageFromDockerfile - Transferred 0 bytes to Docker daemon
2025-01-29 13:37:29,020 INFO c.h.h.t.HelmChartContainer - Starting HelmChartContainer...
2025-01-29 13:37:29,023 INFO t.localhost/testcontainers/jdijprfgx8hcyffk:latest - Creating container for image: localhost/testcontainers/jdijprfgx8hcyffk:latest
2025-01-29 13:37:29,089 INFO tc.alpine:3.17 - Pulling docker image: alpine:3.17. Please be patient; this may take some time but only needs to be done once.
2025-01-29 13:37:29,886 INFO tc.alpine:3.17 - Starting to pull image
2025-01-29 13:37:29,887 INFO tc.alpine:3.17 - Pulling image layers:  0 pending,  0 downloaded,  0 extracted, (0 bytes/0 bytes)
2025-01-29 13:37:30,506 INFO tc.alpine:3.17 - Pulling image layers:  0 pending,  1 downloaded,  0 extracted, (2 MB/3 MB)
2025-01-29 13:37:30,602 INFO tc.alpine:3.17 - Pulling image layers:  0 pending,  1 downloaded,  1 extracted, (3 MB/3 MB)
2025-01-29 13:37:30,612 INFO tc.alpine:3.17 - Image alpine:3.17 pull took PT1.522568092S
2025-01-29 13:37:31,157 INFO t.localhost/testcontainers/jdijprfgx8hcyffk:latest - Container localhost/testcontainers/jdijprfgx8hcyffk:latest is starting: 2553df930ab91d5d8a47c0376cff30e24bcde8fd423a17dc68515a6be12945b0
2025-01-29 13:37:31,532 INFO c.h.h.t.HelmChartContainer - [K3S] [INFO] Starting k3s v1.32.1+k3s1 (6a322f12)
2025-01-29 13:37:31,535 INFO c.h.h.t.HelmChartContainer - [K3S] [INFO] Configuring sqlite3 database connection pooling: maxIdleConns=2, maxOpenConns=0, connMaxLifetime=0s
2025-01-29 13:37:31,535 INFO c.h.h.t.HelmChartContainer - [K3S] [INFO] Configuring database table schema and indexes, this may take a moment...
2025-01-29 13:37:31,538 INFO c.h.h.t.HelmChartContainer - [K3S] [INFO] Database tables and indexes are up to date
2025-01-29 13:37:31,541 INFO c.h.h.t.HelmChartContainer - [K3S] [INFO] Kine available at unix://kine.sock
2025-01-29 13:37:31,768 INFO c.h.h.t.HelmChartContainer - [K3S] [INFO] Saving cluster bootstrap data to datastore
2025-01-29 13:37:31,769 INFO c.h.h.t.HelmChartContainer - [K3S] [WARNING] dynamiclistener [::]:6443: no cached certificate available for preload - deferring certificate load until storage initialization or first client request
2025-01-29 13:37:31,770 INFO c.h.h.t.HelmChartContainer - [K3S] [INFO] Active TLS secret / (ver=) (count 10): map[listener.cattle.io/cn-10.43.0.1:10.43.0.1 listener.cattle.io/cn-127.0.0.1:127.0.0.1 listener.cattle.io/cn-172.18.0.2:172.18.0.2 listener.cattle.io/cn-2553df930ab9:2553df930ab9 listener.cattle.io/cn-__1-f16284:::1 listener.cattle.io/cn-kubernetes:kubernetes listener.cattle.io/cn-kubernetes.default:kubernetes.default listener.cattle.io/cn-kubernetes.default.svc:kubernetes.default.svc listener.cattle.io/cn-kubernetes.default.svc.cluster.local:kubernetes.default.svc.cluster.local listener.cattle.io/cn-localhost:localhost listener.cattle.io/fingerprint:SHA1=13AA7DC8ABF099AD329C0D1FC7FBB00FDFD48809]
2025-01-29 13:37:31,940 INFO c.h.h.t.HelmChartContainer - [K3S] [INFO] Running kube-apiserver --advertise-port=6443 --allow-privileged=true --anonymous-auth=false --api-audiences=https://kubernetes.default.svc.cluster.local,k3s --authorization-mode=Node,RBAC --bind-address=127.0.0.1 --cert-dir=/var/lib/rancher/k3s/server/tls/temporary-certs --client-ca-file=/var/lib/rancher/k3s/server/tls/client-ca.crt --egress-selector-config-file=/var/lib/rancher/k3s/server/etc/egress-selector-config.yaml --enable-admission-plugins=NodeRestriction --enable-aggregator-routing=true --enable-bootstrap-token-auth=true --etcd-compaction-interval=0s --etcd-servers=unix://kine.sock --kubelet-certificate-authority=/var/lib/rancher/k3s/server/tls/server-ca.crt --kubelet-client-certificate=/var/lib/rancher/k3s/server/tls/client-kube-apiserver.crt --kubelet-client-key=/var/lib/rancher/k3s/server/tls/client-kube-apiserver.key --kubelet-preferred-address-types=InternalIP,ExternalIP,Hostname --profiling=false --proxy-client-cert-file=/var/lib/rancher/k3s/server/tls/client-auth-proxy.crt --proxy-client-key-file=/var/lib/rancher/k3s/server/tls/client-auth-proxy.key --requestheader-allowed-names=system:auth-proxy --requestheader-client-ca-file=/var/lib/rancher/k3s/server/tls/request-header-ca.crt --requestheader-extra-headers-prefix=X-Remote-Extra- --requestheader-group-headers=X-Remote-Group --requestheader-username-headers=X-Remote-User --secure-port=6444 --service-account-issuer=https://kubernetes.default.svc.cluster.local --service-account-key-file=/var/lib/rancher/k3s/server/tls/service.key --service-account-signing-key-file=/var/lib/rancher/k3s/server/tls/service.current.key --service-cluster-ip-range=10.43.0.0/16 --service-node-port-range=30000-32767 --storage-backend=etcd3 --tls-cert-file=/var/lib/rancher/k3s/server/tls/serving-kube-apiserver.crt --tls-cipher-suites=TLS_ECDHE_ECDSA_WITH_AES_256_GCM_SHA384,TLS_ECDHE_RSA_WITH_AES_256_GCM_SHA384,TLS_ECDHE_ECDSA_WITH_AES_128_GCM_SHA256,TLS_ECDHE_RSA_WITH_AES_128_GCM_SHA256,TLS_ECDHE_ECDSA_WITH_CHACHA20_POLY1305,TLS_ECDHE_RSA_WITH_CHACHA20_POLY1305 --tls-private-key-file=/var/lib/rancher/k3s/server/tls/serving-kube-apiserver.key
2025-01-29 13:37:31,940 INFO c.h.h.t.HelmChartContainer - [K3S] [INFO] Running kube-scheduler --authentication-kubeconfig=/var/lib/rancher/k3s/server/cred/scheduler.kubeconfig --authorization-kubeconfig=/var/lib/rancher/k3s/server/cred/scheduler.kubeconfig --bind-address=127.0.0.1 --kubeconfig=/var/lib/rancher/k3s/server/cred/scheduler.kubeconfig --leader-elect=false --profiling=false --secure-port=10259
2025-01-29 13:37:31,941 INFO c.h.h.t.HelmChartContainer - [K3S] [INFO] Waiting for API server to become available
2025-01-29 13:37:31,942 INFO c.h.h.t.HelmChartContainer - [K3S] [registry.go:256] calling componentGlobalsRegistry.AddFlags more than once, the registry will be set by the latest flags
2025-01-29 13:37:31,943 INFO c.h.h.t.HelmChartContainer - [K3S] [INFO] Running kube-controller-manager --allocate-node-cidrs=true --authentication-kubeconfig=/var/lib/rancher/k3s/server/cred/controller.kubeconfig --authorization-kubeconfig=/var/lib/rancher/k3s/server/cred/controller.kubeconfig --bind-address=127.0.0.1 --cluster-cidr=10.42.0.0/16 --cluster-signing-kube-apiserver-client-cert-file=/var/lib/rancher/k3s/server/tls/client-ca.nochain.crt --cluster-signing-kube-apiserver-client-key-file=/var/lib/rancher/k3s/server/tls/client-ca.key --cluster-signing-kubelet-client-cert-file=/var/lib/rancher/k3s/server/tls/client-ca.nochain.crt --cluster-signing-kubelet-client-key-file=/var/lib/rancher/k3s/server/tls/client-ca.key --cluster-signing-kubelet-serving-cert-file=/var/lib/rancher/k3s/server/tls/server-ca.nochain.crt --cluster-signing-kubelet-serving-key-file=/var/lib/rancher/k3s/server/tls/server-ca.key --cluster-signing-legacy-unknown-cert-file=/var/lib/rancher/k3s/server/tls/server-ca.nochain.crt --cluster-signing-legacy-unknown-key-file=/var/lib/rancher/k3s/server/tls/server-ca.key --configure-cloud-routes=false --controllers=*,tokencleaner,-service,-route,-cloud-node-lifecycle --kubeconfig=/var/lib/rancher/k3s/server/cred/controller.kubeconfig --leader-elect=false --profiling=false --root-ca-file=/var/lib/rancher/k3s/server/tls/server-ca.crt --secure-port=10257 --service-account-private-key-file=/var/lib/rancher/k3s/server/tls/service.current.key --service-cluster-ip-range=10.43.0.0/16 --use-service-account-credentials=true
2025-01-29 13:37:31,943 INFO c.h.h.t.HelmChartContainer - [K3S] [options.go:299] unable to set WatchListClient feature gate, err: cannot override default for feature "WatchListClient": gates already added to a flag set
2025-01-29 13:37:31,944 INFO c.h.h.t.HelmChartContainer - [K3S] [registry.go:256] calling componentGlobalsRegistry.AddFlags more than once, the registry will be set by the latest flags
2025-01-29 13:37:31,944 INFO c.h.h.t.HelmChartContainer - [K3S] [INFO] Running cloud-controller-manager --allocate-node-cidrs=true --authentication-kubeconfig=/var/lib/rancher/k3s/server/cred/cloud-controller.kubeconfig --authorization-kubeconfig=/var/lib/rancher/k3s/server/cred/cloud-controller.kubeconfig --bind-address=127.0.0.1 --cloud-config=/var/lib/rancher/k3s/server/etc/cloud-config.yaml --cloud-provider=k3s --cluster-cidr=10.42.0.0/16 --configure-cloud-routes=false --controllers=*,-route --kubeconfig=/var/lib/rancher/k3s/server/cred/cloud-controller.kubeconfig --leader-elect=false --leader-elect-resource-name=k3s-cloud-controller-manager --node-status-update-frequency=1m0s --profiling=false
2025-01-29 13:37:31,944 INFO c.h.h.t.HelmChartContainer - [K3S] [INFO] Server node token is available at /var/lib/rancher/k3s/server/token
2025-01-29 13:37:31,945 INFO c.h.h.t.HelmChartContainer - [K3S] [INFO] To join server node to cluster: k3s server -s https://172.18.0.2:6443 -t ${SERVER_NODE_TOKEN}
2025-01-29 13:37:31,945 INFO c.h.h.t.HelmChartContainer - [K3S] [INFO] Agent node token is available at /var/lib/rancher/k3s/server/agent-token
2025-01-29 13:37:31,945 INFO c.h.h.t.HelmChartContainer - [K3S] [INFO] To join agent node to cluster: k3s agent -s https://172.18.0.2:6443 -t ${AGENT_NODE_TOKEN}
2025-01-29 13:37:31,945 INFO c.h.h.t.HelmChartContainer - [K3S] [INFO] Wrote kubeconfig /etc/rancher/k3s/k3s.yaml
2025-01-29 13:37:31,945 INFO c.h.h.t.HelmChartContainer - [K3S] [INFO] Run: k3s kubectl
2025-01-29 13:37:31,946 INFO c.h.h.t.HelmChartContainer - [K3S] [registry.go:256] calling componentGlobalsRegistry.AddFlags more than once, the registry will be set by the latest flags
2025-01-29 13:37:31,946 INFO c.h.h.t.HelmChartContainer - [K3S] [options.go:238] external host was not specified, using 172.18.0.2
2025-01-29 13:37:31,949 INFO c.h.h.t.HelmChartContainer - [K3S] [server.go:151] Version: v1.32.1+k3s1
2025-01-29 13:37:31,949 INFO c.h.h.t.HelmChartContainer - [K3S] [server.go:153] "Golang settings" GOGC="" GOMAXPROCS="" GOTRACEBACK=""
2025-01-29 13:37:32,375 INFO c.h.h.t.HelmChartContainer - [K3S] [plugins.go:157] Loaded 13 mutating admission controller(s) successfully in the following order: NamespaceLifecycle,LimitRanger,ServiceAccount,NodeRestriction,TaintNodesByCondition,Priority,DefaultTolerationSeconds,DefaultStorageClass,StorageObjectInUseProtection,RuntimeClass,DefaultIngressClass,MutatingAdmissionPolicy,MutatingAdmissionWebhook.
2025-01-29 13:37:32,375 INFO c.h.h.t.HelmChartContainer - [K3S] [plugins.go:160] Loaded 13 validating admission controller(s) successfully in the following order: LimitRanger,ServiceAccount,PodSecurity,Priority,PersistentVolumeClaimResize,RuntimeClass,CertificateApproval,CertificateSigning,ClusterTrustBundleAttest,CertificateSubjectRestriction,ValidatingAdmissionPolicy,ValidatingAdmissionWebhook,ResourceQuota.
2025-01-29 13:37:32,376 INFO c.h.h.t.HelmChartContainer - [K3S] [instance.go:233] Using reconciler: lease
2025-01-29 13:37:32,433 INFO c.h.h.t.HelmChartContainer - [K3S] [apis.go:106] API group "internal.apiserver.k8s.io" is not enabled, skipping.
2025-01-29 13:37:32,485 INFO c.h.h.t.HelmChartContainer - [K3S] [apis.go:106] API group "storagemigration.k8s.io" is not enabled, skipping.
2025-01-29 13:37:32,510 INFO c.h.h.t.HelmChartContainer - [K3S] [apis.go:106] API group "resource.k8s.io" is not enabled, skipping.
2025-01-29 13:37:32,555 INFO c.h.h.t.HelmChartContainer - [K3S] [INFO] Password verified locally for node 2553df930ab9
2025-01-29 13:37:32,827 INFO c.h.h.t.HelmChartContainer - [K3S] [dynamic_cafile_content.go:161] "Starting controller" name="request-header::/var/lib/rancher/k3s/server/tls/request-header-ca.crt"
2025-01-29 13:37:32,827 INFO c.h.h.t.HelmChartContainer - [K3S] [dynamic_cafile_content.go:161] "Starting controller" name="client-ca-bundle::/var/lib/rancher/k3s/server/tls/client-ca.crt"
2025-01-29 13:37:32,830 INFO c.h.h.t.HelmChartContainer - [K3S] [dynamic_serving_content.go:135] "Starting controller" name="serving-cert::/var/lib/rancher/k3s/server/tls/serving-kube-apiserver.crt::/var/lib/rancher/k3s/server/tls/serving-kube-apiserver.key"
2025-01-29 13:37:32,830 INFO c.h.h.t.HelmChartContainer - [K3S] [secure_serving.go:213] Serving securely on 127.0.0.1:6444
2025-01-29 13:37:32,831 INFO c.h.h.t.HelmChartContainer - [K3S] [tlsconfig.go:243] "Starting DynamicServingCertificateController"
2025-01-29 13:37:32,832 INFO c.h.h.t.HelmChartContainer - [K3S] [controller.go:119] Starting legacy_token_tracking_controller
2025-01-29 13:37:32,832 INFO c.h.h.t.HelmChartContainer - [K3S] [cluster_authentication_trust_controller.go:462] Starting cluster_authentication_trust_controller controller
2025-01-29 13:37:32,832 INFO c.h.h.t.HelmChartContainer - [K3S] [controller.go:142] Starting OpenAPI controller
2025-01-29 13:37:32,832 INFO c.h.h.t.HelmChartContainer - [K3S] [gc_controller.go:78] Starting apiserver lease garbage collector
2025-01-29 13:37:32,832 INFO c.h.h.t.HelmChartContainer - [K3S] [remote_available_controller.go:411] Starting RemoteAvailability controller
2025-01-29 13:37:32,832 INFO c.h.h.t.HelmChartContainer - [K3S] [apiservice_controller.go:100] Starting APIServiceRegistrationController
2025-01-29 13:37:32,832 INFO c.h.h.t.HelmChartContainer - [K3S] [controller.go:78] Starting OpenAPI AggregationController
2025-01-29 13:37:32,833 INFO c.h.h.t.HelmChartContainer - [K3S] [controller.go:80] Starting OpenAPI V3 AggregationController
2025-01-29 13:37:32,833 INFO c.h.h.t.HelmChartContainer - [K3S] [apf_controller.go:377] Starting API Priority and Fairness config controller
2025-01-29 13:37:32,833 INFO c.h.h.t.HelmChartContainer - [K3S] [system_namespaces_controller.go:66] Starting system namespaces controller
2025-01-29 13:37:32,833 INFO c.h.h.t.HelmChartContainer - [K3S] [dynamic_serving_content.go:135] "Starting controller" name="aggregator-proxy-cert::/var/lib/rancher/k3s/server/tls/client-auth-proxy.crt::/var/lib/rancher/k3s/server/tls/client-auth-proxy.key"
2025-01-29 13:37:32,833 INFO c.h.h.t.HelmChartContainer - [K3S] [local_available_controller.go:156] Starting LocalAvailability controller
2025-01-29 13:37:32,833 INFO c.h.h.t.HelmChartContainer - [K3S] [customresource_discovery_controller.go:292] Starting DiscoveryController
2025-01-29 13:37:32,833 INFO c.h.h.t.HelmChartContainer - [K3S] [dynamic_cafile_content.go:161] "Starting controller" name="client-ca-bundle::/var/lib/rancher/k3s/server/tls/client-ca.crt"
2025-01-29 13:37:32,833 INFO c.h.h.t.HelmChartContainer - [K3S] [dynamic_cafile_content.go:161] "Starting controller" name="request-header::/var/lib/rancher/k3s/server/tls/request-header-ca.crt"
2025-01-29 13:37:32,833 INFO c.h.h.t.HelmChartContainer - [K3S] [crdregistration_controller.go:114] Starting crd-autoregister controller
2025-01-29 13:37:32,833 INFO c.h.h.t.HelmChartContainer - [K3S] [controller.go:90] Starting OpenAPI V3 controller
2025-01-29 13:37:32,836 INFO c.h.h.t.HelmChartContainer - [K3S] [naming_controller.go:294] Starting NamingConditionController
2025-01-29 13:37:32,836 INFO c.h.h.t.HelmChartContainer - [K3S] [establishing_controller.go:81] Starting EstablishingController
2025-01-29 13:37:32,837 INFO c.h.h.t.HelmChartContainer - [K3S] [nonstructuralschema_controller.go:195] Starting NonStructuralSchemaConditionController
2025-01-29 13:37:32,837 INFO c.h.h.t.HelmChartContainer - [K3S] [apiapproval_controller.go:189] Starting KubernetesAPIApprovalPolicyConformantConditionController
2025-01-29 13:37:32,837 INFO c.h.h.t.HelmChartContainer - [K3S] [crd_finalizer.go:269] Starting CRDFinalizer
2025-01-29 13:37:32,839 INFO c.h.h.t.HelmChartContainer - [K3S] [aggregator.go:169] waiting for initial CRD sync...
2025-01-29 13:37:32,928 INFO c.h.h.t.HelmChartContainer - [K3S] [handler_discovery.go:451] Starting ResourceDiscoveryManager
2025-01-29 13:37:32,929 INFO c.h.h.t.HelmChartContainer - [K3S] [apf_controller.go:382] Running API Priority and Fairness config worker
2025-01-29 13:37:32,929 INFO c.h.h.t.HelmChartContainer - [K3S] [apf_controller.go:385] Running API Priority and Fairness periodic rebalancing process
2025-01-29 13:37:32,933 INFO c.h.h.t.HelmChartContainer - [K3S] [aggregator.go:171] initial CRD sync complete...
2025-01-29 13:37:32,933 INFO c.h.h.t.HelmChartContainer - [K3S] [autoregister_controller.go:144] Starting autoregister controller
2025-01-29 13:37:32,934 INFO c.h.h.t.HelmChartContainer - [K3S] [controller.go:145] "Failed to ensure lease exists, will retry" err="namespaces \"kube-system\" not found" interval="200ms"
2025-01-29 13:37:32,971 INFO c.h.h.t.HelmChartContainer - [K3S] [policy_source.go:240] refreshing policies
2025-01-29 13:37:32,983 INFO c.h.h.t.HelmChartContainer - [K3S] [controller.go:95] Unable to perform initial Kubernetes service initialization: namespaces "default" not found
2025-01-29 13:37:32,984 INFO c.h.h.t.HelmChartContainer - [K3S] [controller.go:148] "Unhandled Error" err="while syncing ConfigMap \"kube-system/kube-apiserver-legacy-service-account-token-tracking\", err: namespaces \"kube-system\" not found" logger="UnhandledError"
2025-01-29 13:37:33,106 INFO c.h.h.t.HelmChartContainer - [K3S] [WARNING] Host resolv.conf includes loopback or multicast nameservers - kubelet will use autogenerated resolv.conf with nameserver 8.8.8.8
2025-01-29 13:37:33,115 INFO c.h.h.t.HelmChartContainer - [K3S] [INFO] Module overlay was already loaded
2025-01-29 13:37:33,115 INFO c.h.h.t.HelmChartContainer - [K3S] [INFO] Module nf_conntrack was already loaded
2025-01-29 13:37:33,115 INFO c.h.h.t.HelmChartContainer - [K3S] [INFO] Module br_netfilter was already loaded
2025-01-29 13:37:33,120 INFO c.h.h.t.HelmChartContainer - [K3S] [INFO] Set sysctl 'net/netfilter/nf_conntrack_max' to 131072
2025-01-29 13:37:33,120 INFO c.h.h.t.HelmChartContainer - [K3S] [INFO] Set sysctl 'net/netfilter/nf_conntrack_tcp_timeout_established' to 86400
2025-01-29 13:37:33,120 INFO c.h.h.t.HelmChartContainer - [K3S] [INFO] Set sysctl 'net/netfilter/nf_conntrack_tcp_timeout_close_wait' to 3600
2025-01-29 13:37:33,122 INFO c.h.h.t.HelmChartContainer - [K3S] [INFO] Logging containerd to /var/lib/rancher/k3s/agent/containerd/containerd.log
2025-01-29 13:37:33,122 INFO c.h.h.t.HelmChartContainer - [K3S] [INFO] Running containerd -c /var/lib/rancher/k3s/agent/etc/containerd/config.toml -a /run/k3s/containerd/containerd.sock --state /run/k3s/containerd --root /var/lib/rancher/k3s/agent/containerd
2025-01-29 13:37:33,832 INFO c.h.h.t.HelmChartContainer - [K3S] [storage_scheduling.go:95] created PriorityClass system-node-critical with value 2000001000
2025-01-29 13:37:33,835 INFO c.h.h.t.HelmChartContainer - [K3S] [storage_scheduling.go:95] created PriorityClass system-cluster-critical with value 2000000000
2025-01-29 13:37:33,835 INFO c.h.h.t.HelmChartContainer - [K3S] [storage_scheduling.go:111] all system priority classes are created successfully or already exist.
2025-01-29 13:37:34,125 INFO c.h.h.t.HelmChartContainer - [K3S] [INFO] containerd is now running
2025-01-29 13:37:34,129 INFO c.h.h.t.HelmChartContainer - [K3S] [INFO] Connecting to proxy" url="wss://127.0.0.1:6443/v1-k3s/connect
2025-01-29 13:37:34,130 INFO c.h.h.t.HelmChartContainer - [K3S] [INFO] Creating k3s-cert-monitor event broadcaster
2025-01-29 13:37:34,134 INFO c.h.h.t.HelmChartContainer - [K3S] [INFO] Running kubelet --cloud-provider=external --config-dir=/var/lib/rancher/k3s/agent/etc/kubelet.conf.d --containerd=/run/k3s/containerd/containerd.sock --hostname-override=2553df930ab9 --kubeconfig=/var/lib/rancher/k3s/agent/kubelet.kubeconfig --node-ip=172.18.0.2 --node-labels=
2025-01-29 13:37:34,134 INFO c.h.h.t.HelmChartContainer - [K3S] [INFO] Handling backend connection request [2553df930ab9]
2025-01-29 13:37:34,134 INFO c.h.h.t.HelmChartContainer - [K3S] [INFO] Remotedialer connected to proxy" url="wss://127.0.0.1:6443/v1-k3s/connect
2025-01-29 13:37:34,240 INFO c.h.h.t.HelmChartContainer - [K3S] [ERROR] Sending HTTP/1.1 503 response to 127.0.0.1:35170: runtime core not ready
2025-01-29 13:37:34,289 INFO c.h.h.t.HelmChartContainer - [K3S] [alloc.go:330] "allocated clusterIPs" service="default/kubernetes" clusterIPs={"IPv4":"10.43.0.1"}
2025-01-29 13:37:34,293 INFO c.h.h.t.HelmChartContainer - [K3S] [lease.go:265] Resetting endpoints for master service "kubernetes" to [172.18.0.2]
2025-01-29 13:37:34,326 INFO c.h.h.t.HelmChartContainer - [K3S] [INFO] Running kube-proxy --cluster-cidr=10.42.0.0/16 --conntrack-max-per-core=0 --conntrack-tcp-timeout-close-wait=0s --conntrack-tcp-timeout-established=0s --healthz-bind-address=127.0.0.1 --hostname-override=2553df930ab9 --kubeconfig=/var/lib/rancher/k3s/agent/kubeproxy.kubeconfig --proxy-mode=iptables
2025-01-29 13:37:34,359 INFO c.h.h.t.HelmChartContainer - [K3S] [server.go:687] "Failed to retrieve node info" err="nodes \"2553df930ab9\" not found"
2025-01-29 13:37:34,947 INFO c.h.h.t.HelmChartContainer - [K3S] [INFO] Waiting for untainted node
2025-01-29 13:37:34,947 INFO c.h.h.t.HelmChartContainer - [K3S] [INFO] Kube API server is now running
2025-01-29 13:37:34,947 INFO c.h.h.t.HelmChartContainer - [K3S] [INFO] ETCD server is now running
2025-01-29 13:37:34,947 INFO c.h.h.t.HelmChartContainer - [K3S] [INFO] k3s is up and running
2025-01-29 13:37:34,948 INFO c.h.h.t.HelmChartContainer - [K3S] [INFO] Creating k3s-supervisor event broadcaster
2025-01-29 13:37:34,948 INFO c.h.h.t.HelmChartContainer - [K3S] [INFO] Waiting for cloud-controller-manager privileges to become available
2025-01-29 13:37:34,953 INFO c.h.h.t.HelmChartContainer - [K3S] [INFO] Applying CRD addons.k3s.cattle.io
2025-01-29 13:37:34,964 INFO c.h.h.t.HelmChartContainer - [K3S] [INFO] Applying CRD etcdsnapshotfiles.k3s.cattle.io
2025-01-29 13:37:34,974 INFO c.h.h.t.HelmChartContainer - [K3S] [INFO] Applying CRD helmcharts.helm.cattle.io
2025-01-29 13:37:34,986 INFO c.h.h.t.HelmChartContainer - [K3S] [INFO] Applying CRD helmchartconfigs.helm.cattle.io
2025-01-29 13:37:34,998 INFO c.h.h.t.HelmChartContainer - [K3S] [INFO] Waiting for CRD helmchartconfigs.helm.cattle.io to become available
2025-01-29 13:37:35,139 INFO c.h.h.t.HelmChartContainer - [K3S] Flag --containerd has been deprecated, This is a cadvisor flag that was mistakenly registered with the Kubelet. Due to legacy concerns, it will follow the standard CLI deprecation timeline before being removed.
2025-01-29 13:37:35,142 INFO c.h.h.t.HelmChartContainer - [K3S] [server.go:515] "Kubelet version" kubeletVersion="v1.32.1+k3s1"
2025-01-29 13:37:35,143 INFO c.h.h.t.HelmChartContainer - [K3S] [server.go:517] "Golang settings" GOGC="" GOMAXPROCS="" GOTRACEBACK=""
2025-01-29 13:37:35,143 INFO c.h.h.t.HelmChartContainer - [K3S] [dynamic_cafile_content.go:161] "Starting controller" name="client-ca-bundle::/var/lib/rancher/k3s/agent/client-ca.crt"
2025-01-29 13:37:35,145 INFO c.h.h.t.HelmChartContainer - [K3S] [log.go:32] "RuntimeConfig from runtime service failed" err="rpc error: code = Unimplemented desc = method RuntimeConfig not implemented"
2025-01-29 13:37:35,145 INFO c.h.h.t.HelmChartContainer - [K3S] [server.go:1416] "CRI implementation should be updated to support RuntimeConfig when KubeletCgroupDriverFromCRI feature gate has been enabled. Falling back to using cgroupDriver from kubelet config."
2025-01-29 13:37:35,148 INFO c.h.h.t.HelmChartContainer - [K3S] [info.go:53] Couldn't collect info from any of the files in "/etc/machine-id,/var/lib/dbus/machine-id"
2025-01-29 13:37:35,149 INFO c.h.h.t.HelmChartContainer - [K3S] [server.go:767] "--cgroups-per-qos enabled, but --cgroup-root was not specified.  defaulting to /"
2025-01-29 13:37:35,149 INFO c.h.h.t.HelmChartContainer - [K3S] [server.go:836] "NoSwap is set due to memorySwapBehavior not specified" memorySwapBehavior="" FailSwapOn=false
2025-01-29 13:37:35,149 INFO c.h.h.t.HelmChartContainer - [K3S] [swap_util.go:115] "Swap is on" /proc/swaps contents=<
2025-01-29 13:37:35,149 INFO c.h.h.t.HelmChartContainer - [K3S] 	Filename				Type		Size		Used		Priority
2025-01-29 13:37:35,150 INFO c.h.h.t.HelmChartContainer - [K3S] 	/mnt/swapfile                           file		4194300		0		-2
2025-01-29 13:37:35,150 INFO c.h.h.t.HelmChartContainer - [K3S]  >
2025-01-29 13:37:35,150 INFO c.h.h.t.HelmChartContainer - [K3S] [container_manager_linux.go:268] "Container manager verified user specified cgroup-root exists" cgroupRoot=[]
2025-01-29 13:37:35,153 INFO c.h.h.t.HelmChartContainer - [K3S] [container_manager_linux.go:273] "Creating Container Manager object based on Node Config" nodeConfig={"NodeName":"2553df930ab9","RuntimeCgroupsName":"","SystemCgroupsName":"","KubeletCgroupsName":"/k3s","KubeletOOMScoreAdj":-999,"ContainerRuntime":"","CgroupsPerQOS":true,"CgroupRoot":"/","CgroupDriver":"cgroupfs","KubeletRootDir":"/var/lib/kubelet","ProtectKernelDefaults":false,"KubeReservedCgroupName":"","SystemReservedCgroupName":"","ReservedSystemCPUs":{},"EnforceNodeAllocatable":{"pods":{}},"KubeReserved":null,"SystemReserved":null,"HardEvictionThresholds":[{"Signal":"imagefs.available","Operator":"LessThan","Value":{"Quantity":null,"Percentage":0.05},"GracePeriod":0,"MinReclaim":null},{"Signal":"nodefs.available","Operator":"LessThan","Value":{"Quantity":null,"Percentage":0.05},"GracePeriod":0,"MinReclaim":null}],"QOSReserved":{},"CPUManagerPolicy":"none","CPUManagerPolicyOptions":null,"TopologyManagerScope":"container","CPUManagerReconcilePeriod":10000000000,"ExperimentalMemoryManagerPolicy":"None","ExperimentalMemoryManagerReservedMemory":null,"PodPidsLimit":-1,"EnforceCPULimits":true,"CPUCFSQuotaPeriod":100000000,"TopologyManagerPolicy":"none","TopologyManagerPolicyOptions":null,"CgroupVersion":2}
2025-01-29 13:37:35,153 INFO c.h.h.t.HelmChartContainer - [K3S] [topology_manager.go:138] "Creating topology manager with none policy"
2025-01-29 13:37:35,153 INFO c.h.h.t.HelmChartContainer - [K3S] [container_manager_linux.go:304] "Creating device plugin manager"
2025-01-29 13:37:35,153 INFO c.h.h.t.HelmChartContainer - [K3S] [state_mem.go:36] "Initialized new in-memory state store"
2025-01-29 13:37:35,153 INFO c.h.h.t.HelmChartContainer - [K3S] [kubelet.go:446] "Attempting to sync node with API server"
2025-01-29 13:37:35,153 INFO c.h.h.t.HelmChartContainer - [K3S] [kubelet.go:341] "Adding static pod path" path="/var/lib/rancher/k3s/agent/pod-manifests"
2025-01-29 13:37:35,153 INFO c.h.h.t.HelmChartContainer - [K3S] [kubelet.go:352] "Adding apiserver pod source"
2025-01-29 13:37:35,153 INFO c.h.h.t.HelmChartContainer - [K3S] [apiserver.go:42] "Waiting for node sync before watching apiserver pods"
2025-01-29 13:37:35,154 INFO c.h.h.t.HelmChartContainer - [K3S] [kuberuntime_manager.go:269] "Container runtime initialized" containerRuntime="containerd" version="v1.7.23-k3s2" apiVersion="v1"
2025-01-29 13:37:35,154 INFO c.h.h.t.HelmChartContainer - [K3S] [kubelet.go:890] "Not starting ClusterTrustBundle informer because we are in static kubelet mode"
2025-01-29 13:37:35,156 INFO c.h.h.t.HelmChartContainer - [K3S] [probe.go:272] Flexvolume plugin directory at /usr/libexec/kubernetes/kubelet-plugins/volume/exec/ does not exist. Recreating.
2025-01-29 13:37:35,156 INFO c.h.h.t.HelmChartContainer - [K3S] [watchdog_linux.go:99] "Systemd watchdog is not enabled"
2025-01-29 13:37:35,156 INFO c.h.h.t.HelmChartContainer - [K3S] [server.go:1282] "Started kubelet"
2025-01-29 13:37:35,159 INFO c.h.h.t.HelmChartContainer - [K3S] [fs_resource_analyzer.go:67] "Starting FS ResourceAnalyzer"
2025-01-29 13:37:35,159 INFO c.h.h.t.HelmChartContainer - [K3S] [server.go:169] "Starting to listen" address="0.0.0.0" port=10250
2025-01-29 13:37:35,159 INFO c.h.h.t.HelmChartContainer - [K3S] [server.go:490] "Adding debug handlers to kubelet server"
2025-01-29 13:37:35,163 INFO c.h.h.t.HelmChartContainer - [K3S] [server.go:208] "Starting to listen read-only" address="0.0.0.0" port=10255
2025-01-29 13:37:35,165 INFO c.h.h.t.HelmChartContainer - [K3S] [ratelimit.go:55] "Setting rate limiting for endpoint" service="podresources" qps=100 burstTokens=10
2025-01-29 13:37:35,165 INFO c.h.h.t.HelmChartContainer - [K3S] [server.go:243] "Starting to serve the podresources API" endpoint="unix:/var/lib/kubelet/pod-resources/kubelet.sock"
2025-01-29 13:37:35,165 INFO c.h.h.t.HelmChartContainer - [K3S] [dynamic_serving_content.go:135] "Starting controller" name="kubelet-server-cert-files::/var/lib/rancher/k3s/agent/serving-kubelet.crt::/var/lib/rancher/k3s/agent/serving-kubelet.key"
2025-01-29 13:37:35,172 INFO c.h.h.t.HelmChartContainer - [K3S] [volume_manager.go:297] "Starting Kubelet Volume Manager"
2025-01-29 13:37:35,173 INFO c.h.h.t.HelmChartContainer - [K3S] [kubelet_node_status.go:467] "Error getting the current node from lister" err="node \"2553df930ab9\" not found"
2025-01-29 13:37:35,174 INFO c.h.h.t.HelmChartContainer - [K3S] [desired_state_of_world_populator.go:149] "Desired state populator starts to run"
2025-01-29 13:37:35,178 INFO c.h.h.t.HelmChartContainer - [K3S] [reconciler.go:26] "Reconciler: start to sync state"
2025-01-29 13:37:35,178 INFO c.h.h.t.HelmChartContainer - [K3S] [factory.go:219] Registration of the crio container factory failed: Get "http://%2Fvar%2Frun%2Fcrio%2Fcrio.sock/info": dial unix /var/run/crio/crio.sock: connect: no such file or directory
2025-01-29 13:37:35,181 INFO c.h.h.t.HelmChartContainer - [K3S] [factory.go:221] Registration of the containerd container factory successfully
2025-01-29 13:37:35,181 INFO c.h.h.t.HelmChartContainer - [K3S] [factory.go:221] Registration of the systemd container factory successfully
2025-01-29 13:37:35,184 INFO c.h.h.t.HelmChartContainer - [K3S] [kubelet_network_linux.go:50] "Initialized iptables rules." protocol="IPv4"
2025-01-29 13:37:35,187 INFO c.h.h.t.HelmChartContainer - [K3S] [kubelet_network_linux.go:50] "Initialized iptables rules." protocol="IPv6"
2025-01-29 13:37:35,187 INFO c.h.h.t.HelmChartContainer - [K3S] [status_manager.go:227] "Starting to sync pod status with apiserver"
2025-01-29 13:37:35,187 INFO c.h.h.t.HelmChartContainer - [K3S] [watchdog_linux.go:127] "Systemd watchdog is not enabled or the interval is invalid, so health checking will not be started."
2025-01-29 13:37:35,187 INFO c.h.h.t.HelmChartContainer - [K3S] [kubelet.go:2388] "Starting kubelet main sync loop"
2025-01-29 13:37:35,188 INFO c.h.h.t.HelmChartContainer - [K3S] [kubelet.go:2412] "Skipping pod synchronization" err="[container runtime status check may not have completed yet, PLEG is not healthy: pleg has yet to be successful]"
2025-01-29 13:37:35,191 INFO c.h.h.t.HelmChartContainer - [K3S] [nodelease.go:49] "Failed to get node when trying to set owner ref to the node lease" err="nodes \"2553df930ab9\" not found" node="2553df930ab9"
2025-01-29 13:37:35,206 INFO c.h.h.t.HelmChartContainer - [K3S] [cpu_manager.go:221] "Starting CPU manager" policy="none"
2025-01-29 13:37:35,206 INFO c.h.h.t.HelmChartContainer - [K3S] [cpu_manager.go:222] "Reconciling" reconcilePeriod="10s"
2025-01-29 13:37:35,206 INFO c.h.h.t.HelmChartContainer - [K3S] [state_mem.go:36] "Initialized new in-memory state store"
2025-01-29 13:37:35,209 INFO c.h.h.t.HelmChartContainer - [K3S] [policy_none.go:49] "None policy: Start"
2025-01-29 13:37:35,209 INFO c.h.h.t.HelmChartContainer - [K3S] [memory_manager.go:186] "Starting memorymanager" policy="None"
2025-01-29 13:37:35,209 INFO c.h.h.t.HelmChartContainer - [K3S] [state_mem.go:35] "Initializing new in-memory state store"
2025-01-29 13:37:35,213 INFO c.h.h.t.HelmChartContainer - [K3S] [manager.go:519] "Failed to read data from checkpoint" checkpoint="kubelet_internal_checkpoint" err="checkpoint is not found"
2025-01-29 13:37:35,213 INFO c.h.h.t.HelmChartContainer - [K3S] [eviction_manager.go:189] "Eviction manager: starting control loop"
2025-01-29 13:37:35,213 INFO c.h.h.t.HelmChartContainer - [K3S] [container_log_manager.go:189] "Initializing container log rotate workers" workers=1 monitorPeriod="10s"
2025-01-29 13:37:35,213 INFO c.h.h.t.HelmChartContainer - [K3S] [plugin_manager.go:118] "Starting Kubelet Plugin Manager"
2025-01-29 13:37:35,217 INFO c.h.h.t.HelmChartContainer - [K3S] [eviction_manager.go:267] "eviction manager: failed to check if we have separate container filesystem. Ignoring." err="no imagefs label for configured runtime"
2025-01-29 13:37:35,217 INFO c.h.h.t.HelmChartContainer - [K3S] [eviction_manager.go:292] "Eviction manager: failed to get summary stats" err="failed to get node info: node \"2553df930ab9\" not found"
2025-01-29 13:37:35,259 INFO c.h.h.t.HelmChartContainer - [K3S] [serving.go:392] Generated self-signed cert in-memory
2025-01-29 13:37:35,313 INFO c.h.h.t.HelmChartContainer - [K3S] [kubelet_node_status.go:76] "Attempting to register node" node="2553df930ab9"
2025-01-29 13:37:35,318 INFO c.h.h.t.HelmChartContainer - [K3S] [kubelet_node_status.go:79] "Successfully registered node" node="2553df930ab9"
2025-01-29 13:37:35,318 INFO c.h.h.t.HelmChartContainer - [K3S] [kubelet_node_status.go:549] "Error updating node status, will retry" err="error getting node \"2553df930ab9\": node \"2553df930ab9\" not found"
2025-01-29 13:37:35,323 INFO c.h.h.t.HelmChartContainer - [K3S] [INFO] Annotations and labels have been set successfully on node: 2553df930ab9
2025-01-29 13:37:35,323 INFO c.h.h.t.HelmChartContainer - [K3S] [INFO] Starting flannel with backend vxlan
2025-01-29 13:37:35,409 INFO c.h.h.t.HelmChartContainer - [K3S] [server.go:698] "Successfully retrieved node IP(s)" IPs=["172.18.0.2"]
2025-01-29 13:37:35,410 INFO c.h.h.t.HelmChartContainer - [K3S] [server.go:234] "Kube-proxy configuration may be incomplete or incorrect" err="nodePortAddresses is unset; NodePort connections will be accepted on all local IPs. Consider using `--nodeport-addresses primary`"
2025-01-29 13:37:35,413 INFO c.h.h.t.HelmChartContainer - [K3S] [server.go:243] "kube-proxy running in dual-stack mode" primary ipFamily="IPv4"
2025-01-29 13:37:35,413 INFO c.h.h.t.HelmChartContainer - [K3S] [server_linux.go:170] "Using iptables Proxier"
2025-01-29 13:37:35,415 INFO c.h.h.t.HelmChartContainer - [K3S] [proxier.go:255] "Setting route_localnet=1 to allow node-ports on localhost; to change this either disable iptables.localhostNodePorts (--iptables-localhost-nodeports) or set nodePortAddresses (--nodeport-addresses) to filter loopback addresses"
2025-01-29 13:37:35,419 INFO c.h.h.t.HelmChartContainer - [K3S] [server.go:497] "Version info" version="v1.32.1+k3s1"
2025-01-29 13:37:35,421 INFO c.h.h.t.HelmChartContainer - [K3S] [server.go:499] "Golang settings" GOGC="" GOMAXPROCS="" GOTRACEBACK=""
2025-01-29 13:37:35,421 INFO c.h.h.t.HelmChartContainer - [K3S] [config.go:199] "Starting service config controller"
2025-01-29 13:37:35,421 INFO c.h.h.t.HelmChartContainer - [K3S] [config.go:105] "Starting endpoint slice config controller"
2025-01-29 13:37:35,425 INFO c.h.h.t.HelmChartContainer - [K3S] [config.go:329] "Starting node config controller"
2025-01-29 13:37:35,501 INFO c.h.h.t.HelmChartContainer - [K3S] [INFO] Done waiting for CRD helmchartconfigs.helm.cattle.io to become available
2025-01-29 13:37:35,502 INFO c.h.h.t.HelmChartContainer - [K3S] [INFO] Writing static file: /var/lib/rancher/k3s/server/static/charts/traefik-27.0.201+up27.0.2.tgz
2025-01-29 13:37:35,502 INFO c.h.h.t.HelmChartContainer - [K3S] [INFO] Writing static file: /var/lib/rancher/k3s/server/static/charts/traefik-crd-27.0.201+up27.0.2.tgz
2025-01-29 13:37:35,503 INFO c.h.h.t.HelmChartContainer - [K3S] [INFO] Writing manifest: /var/lib/rancher/k3s/server/manifests/metrics-server/metrics-server-deployment.yaml
2025-01-29 13:37:35,503 INFO c.h.h.t.HelmChartContainer - [K3S] [INFO] Writing manifest: /var/lib/rancher/k3s/server/manifests/metrics-server/metrics-server-service.yaml
2025-01-29 13:37:35,504 INFO c.h.h.t.HelmChartContainer - [K3S] [INFO] Writing manifest: /var/lib/rancher/k3s/server/manifests/metrics-server/resource-reader.yaml
2025-01-29 13:37:35,504 INFO c.h.h.t.HelmChartContainer - [K3S] [INFO] Writing manifest: /var/lib/rancher/k3s/server/manifests/runtimes.yaml
2025-01-29 13:37:35,504 INFO c.h.h.t.HelmChartContainer - [K3S] [INFO] Writing manifest: /var/lib/rancher/k3s/server/manifests/coredns.yaml
2025-01-29 13:37:35,504 INFO c.h.h.t.HelmChartContainer - [K3S] [INFO] Writing manifest: /var/lib/rancher/k3s/server/manifests/metrics-server/auth-reader.yaml
2025-01-29 13:37:35,504 INFO c.h.h.t.HelmChartContainer - [K3S] [INFO] Writing manifest: /var/lib/rancher/k3s/server/manifests/metrics-server/metrics-apiservice.yaml
2025-01-29 13:37:35,507 INFO c.h.h.t.HelmChartContainer - [K3S] [INFO] Writing manifest: /var/lib/rancher/k3s/server/manifests/metrics-server/auth-delegator.yaml
2025-01-29 13:37:35,508 INFO c.h.h.t.HelmChartContainer - [K3S] [INFO] Writing manifest: /var/lib/rancher/k3s/server/manifests/rolebindings.yaml
2025-01-29 13:37:35,508 INFO c.h.h.t.HelmChartContainer - [K3S] [INFO] Writing manifest: /var/lib/rancher/k3s/server/manifests/ccm.yaml
2025-01-29 13:37:35,509 INFO c.h.h.t.HelmChartContainer - [K3S] [INFO] Writing manifest: /var/lib/rancher/k3s/server/manifests/local-storage.yaml
2025-01-29 13:37:35,509 INFO c.h.h.t.HelmChartContainer - [K3S] [INFO] Writing manifest: /var/lib/rancher/k3s/server/manifests/metrics-server/aggregated-metrics-reader.yaml
2025-01-29 13:37:35,509 INFO c.h.h.t.HelmChartContainer - [K3S] [INFO] Starting dynamiclistener CN filter node controller with SANs: [localhost 127.0.0.1 ::1 localhost 2553df930ab9 172.18.0.2 10.43.0.1 kubernetes kubernetes.default kubernetes.default.svc kubernetes.default.svc.cluster.local]
2025-01-29 13:37:35,510 INFO c.h.h.t.HelmChartContainer - [K3S] [INFO] Tunnel server egress proxy mode: agent
2025-01-29 13:37:35,613 INFO c.h.h.t.HelmChartContainer - [K3S] [INFO] Starting k3s.cattle.io/v1, Kind=Addon controller
2025-01-29 13:37:35,614 INFO c.h.h.t.HelmChartContainer - [K3S] [INFO] Creating deploy event broadcaster
2025-01-29 13:37:35,630 INFO c.h.h.t.HelmChartContainer - [K3S] [kubelet_node_status.go:502] "Fast updating node status as it just became ready"
2025-01-29 13:37:35,725 INFO c.h.h.t.HelmChartContainer - [K3S] [INFO] Starting /v1, Kind=Node controller
2025-01-29 13:37:35,725 INFO c.h.h.t.HelmChartContainer - [K3S] [INFO] Creating helm-controller event broadcaster
2025-01-29 13:37:35,740 INFO c.h.h.t.HelmChartContainer - [K3S] [INFO] Labels and annotations have been set successfully on node: 2553df930ab9
2025-01-29 13:37:35,740 INFO c.h.h.t.HelmChartContainer - [K3S] [INFO] Cluster dns configmap has been set successfully
2025-01-29 13:37:35,769 INFO c.h.h.t.HelmChartContainer - [K3S] [INFO] Starting /v1, Kind=ConfigMap controller
2025-01-29 13:37:35,769 INFO c.h.h.t.HelmChartContainer - [K3S] [INFO] Starting /v1, Kind=ServiceAccount controller
2025-01-29 13:37:35,769 INFO c.h.h.t.HelmChartContainer - [K3S] [INFO] Starting /v1, Kind=Secret controller
2025-01-29 13:37:35,777 INFO c.h.h.t.HelmChartContainer - [K3S] [INFO] Updating TLS secret for kube-system/k3s-serving (count: 10): map[listener.cattle.io/cn-10.43.0.1:10.43.0.1 listener.cattle.io/cn-127.0.0.1:127.0.0.1 listener.cattle.io/cn-172.18.0.2:172.18.0.2 listener.cattle.io/cn-2553df930ab9:2553df930ab9 listener.cattle.io/cn-__1-f16284:::1 listener.cattle.io/cn-kubernetes:kubernetes listener.cattle.io/cn-kubernetes.default:kubernetes.default listener.cattle.io/cn-kubernetes.default.svc:kubernetes.default.svc listener.cattle.io/cn-kubernetes.default.svc.cluster.local:kubernetes.default.svc.cluster.local listener.cattle.io/cn-localhost:localhost listener.cattle.io/fingerprint:SHA1=13AA7DC8ABF099AD329C0D1FC7FBB00FDFD48809]
2025-01-29 13:37:35,779 INFO c.h.h.t.HelmChartContainer - [K3S] [INFO] Updating TLS secret for kube-system/k3s-serving (count: 10): map[listener.cattle.io/cn-10.43.0.1:10.43.0.1 listener.cattle.io/cn-127.0.0.1:127.0.0.1 listener.cattle.io/cn-172.18.0.2:172.18.0.2 listener.cattle.io/cn-2553df930ab9:2553df930ab9 listener.cattle.io/cn-__1-f16284:::1 listener.cattle.io/cn-kubernetes:kubernetes listener.cattle.io/cn-kubernetes.default:kubernetes.default listener.cattle.io/cn-kubernetes.default.svc:kubernetes.default.svc listener.cattle.io/cn-kubernetes.default.svc.cluster.local:kubernetes.default.svc.cluster.local listener.cattle.io/cn-localhost:localhost listener.cattle.io/fingerprint:SHA1=13AA7DC8ABF099AD329C0D1FC7FBB00FDFD48809]
2025-01-29 13:37:35,786 INFO c.h.h.t.HelmChartContainer - [K3S] [INFO] Active TLS secret kube-system/k3s-serving (ver=229) (count 10): map[listener.cattle.io/cn-10.43.0.1:10.43.0.1 listener.cattle.io/cn-127.0.0.1:127.0.0.1 listener.cattle.io/cn-172.18.0.2:172.18.0.2 listener.cattle.io/cn-2553df930ab9:2553df930ab9 listener.cattle.io/cn-__1-f16284:::1 listener.cattle.io/cn-kubernetes:kubernetes listener.cattle.io/cn-kubernetes.default:kubernetes.default listener.cattle.io/cn-kubernetes.default.svc:kubernetes.default.svc listener.cattle.io/cn-kubernetes.default.svc.cluster.local:kubernetes.default.svc.cluster.local listener.cattle.io/cn-localhost:localhost listener.cattle.io/fingerprint:SHA1=13AA7DC8ABF099AD329C0D1FC7FBB00FDFD48809]
2025-01-29 13:37:35,835 INFO c.h.h.t.HelmChartContainer - [K3S] [INFO] Starting helm.cattle.io/v1, Kind=HelmChart controller
2025-01-29 13:37:35,835 INFO c.h.h.t.HelmChartContainer - [K3S] [INFO] Starting helm.cattle.io/v1, Kind=HelmChartConfig controller
2025-01-29 13:37:35,837 INFO c.h.h.t.HelmChartContainer - [K3S] [INFO] Starting rbac.authorization.k8s.io/v1, Kind=ClusterRoleBinding controller
2025-01-29 13:37:35,840 INFO c.h.h.t.HelmChartContainer - [K3S] [INFO] Starting batch/v1, Kind=Job controller
2025-01-29 13:37:35,920 INFO c.h.h.t.HelmChartContainer - [K3S] [controllermanager.go:185] "Starting" version="v1.32.1+k3s1"
2025-01-29 13:37:35,920 INFO c.h.h.t.HelmChartContainer - [K3S] [controllermanager.go:187] "Golang settings" GOGC="" GOMAXPROCS="" GOTRACEBACK=""
2025-01-29 13:37:35,922 INFO c.h.h.t.HelmChartContainer - [K3S] [configmap_cafile_content.go:205] "Starting controller" name="client-ca::kube-system::extension-apiserver-authentication::client-ca-file"
2025-01-29 13:37:35,922 INFO c.h.h.t.HelmChartContainer - [K3S] [configmap_cafile_content.go:205] "Starting controller" name="client-ca::kube-system::extension-apiserver-authentication::requestheader-client-ca-file"
2025-01-29 13:37:35,923 INFO c.h.h.t.HelmChartContainer - [K3S] [requestheader_controller.go:180] Starting RequestHeaderAuthRequestController
2025-01-29 13:37:35,923 INFO c.h.h.t.HelmChartContainer - [K3S] [secure_serving.go:213] Serving securely on 127.0.0.1:10257
2025-01-29 13:37:35,923 INFO c.h.h.t.HelmChartContainer - [K3S] [tlsconfig.go:243] "Starting DynamicServingCertificateController"
2025-01-29 13:37:35,927 INFO c.h.h.t.HelmChartContainer - [K3S] [controllermanager.go:765] "Started controller" controller="serviceaccount-token-controller"
2025-01-29 13:37:35,940 INFO c.h.h.t.HelmChartContainer - [K3S] [controllermanager.go:765] "Started controller" controller="horizontal-pod-autoscaler-controller"
2025-01-29 13:37:35,940 INFO c.h.h.t.HelmChartContainer - [K3S] [horizontal.go:201] "Starting HPA controller"
2025-01-29 13:37:35,946 INFO c.h.h.t.HelmChartContainer - [K3S] [controllermanager.go:765] "Started controller" controller="cronjob-controller"
2025-01-29 13:37:35,946 INFO c.h.h.t.HelmChartContainer - [K3S] [cronjob_controllerv2.go:145] "Starting cronjob controller v2"
2025-01-29 13:37:35,951 INFO c.h.h.t.HelmChartContainer - [K3S] [controllermanager.go:765] "Started controller" controller="certificatesigningrequest-approving-controller"
2025-01-29 13:37:35,951 INFO c.h.h.t.HelmChartContainer - [K3S] [certificate_controller.go:120] "Starting certificate controller" name="csrapproving"
2025-01-29 13:37:35,956 INFO c.h.h.t.HelmChartContainer - [K3S] [controllermanager.go:765] "Started controller" controller="token-cleaner-controller"
2025-01-29 13:37:35,956 INFO c.h.h.t.HelmChartContainer - [K3S] [controllermanager.go:723] "Skipping a cloud provider controller" controller="service-lb-controller"
2025-01-29 13:37:35,957 INFO c.h.h.t.HelmChartContainer - [K3S] [tokencleaner.go:117] "Starting token cleaner controller"
2025-01-29 13:37:35,962 INFO c.h.h.t.HelmChartContainer - [K3S] [controllermanager.go:765] "Started controller" controller="endpointslice-controller"
2025-01-29 13:37:35,962 INFO c.h.h.t.HelmChartContainer - [K3S] [endpointslice_controller.go:281] "Starting endpoint slice controller"
2025-01-29 13:37:35,979 INFO c.h.h.t.HelmChartContainer - [K3S] [controllermanager.go:765] "Started controller" controller="resourcequota-controller"
2025-01-29 13:37:35,979 INFO c.h.h.t.HelmChartContainer - [K3S] [resource_quota_controller.go:300] "Starting resource quota controller"
2025-01-29 13:37:35,986 INFO c.h.h.t.HelmChartContainer - [K3S] [controllermanager.go:765] "Started controller" controller="job-controller"
2025-01-29 13:37:35,986 INFO c.h.h.t.HelmChartContainer - [K3S] [controllermanager.go:717] "Controller is disabled by a feature gate" controller="service-cidr-controller" requiredFeatureGates=["MultiCIDRServiceAllocator"]
2025-01-29 13:37:35,986 INFO c.h.h.t.HelmChartContainer - [K3S] [controllermanager.go:723] "Skipping a cloud provider controller" controller="cloud-node-lifecycle-controller"
2025-01-29 13:37:35,986 INFO c.h.h.t.HelmChartContainer - [K3S] [controllermanager.go:717] "Controller is disabled by a feature gate" controller="volumeattributesclass-protection-controller" requiredFeatureGates=["VolumeAttributesClass"]
2025-01-29 13:37:35,986 INFO c.h.h.t.HelmChartContainer - [K3S] [controllermanager.go:717] "Controller is disabled by a feature gate" controller="resourceclaim-controller" requiredFeatureGates=["DynamicResourceAllocation"]
2025-01-29 13:37:35,986 INFO c.h.h.t.HelmChartContainer - [K3S] [job_controller.go:243] "Starting job controller"
2025-01-29 13:37:35,991 INFO c.h.h.t.HelmChartContainer - [K3S] [controllermanager.go:765] "Started controller" controller="persistentvolume-expander-controller"
2025-01-29 13:37:35,991 INFO c.h.h.t.HelmChartContainer - [K3S] [expand_controller.go:329] "Starting expand controller"
2025-01-29 13:37:36,081 INFO c.h.h.t.HelmChartContainer - [K3S] [controllermanager.go:765] "Started controller" controller="ttl-after-finished-controller"
2025-01-29 13:37:36,081 INFO c.h.h.t.HelmChartContainer - [K3S] [controllermanager.go:717] "Controller is disabled by a feature gate" controller="selinux-warning-controller" requiredFeatureGates=["SELinuxChangePolicy"]
2025-01-29 13:37:36,081 INFO c.h.h.t.HelmChartContainer - [K3S] [ttlafterfinished_controller.go:112] "Starting TTL after finished controller"
2025-01-29 13:37:36,151 INFO c.h.h.t.HelmChartContainer - [K3S] [apiserver.go:52] "Watching apiserver"
2025-01-29 13:37:36,174 INFO c.h.h.t.HelmChartContainer - [K3S] [desired_state_of_world_populator.go:157] "Finished populating initial desired state of world"
2025-01-29 13:37:36,230 INFO c.h.h.t.HelmChartContainer - [K3S] [controllermanager.go:765] "Started controller" controller="endpoints-controller"
2025-01-29 13:37:36,230 INFO c.h.h.t.HelmChartContainer - [K3S] [endpoints_controller.go:182] "Starting endpoint controller"
2025-01-29 13:37:36,381 INFO c.h.h.t.HelmChartContainer - [K3S] [controllermanager.go:765] "Started controller" controller="ttl-controller"
2025-01-29 13:37:36,381 INFO c.h.h.t.HelmChartContainer - [K3S] [ttl_controller.go:127] "Starting TTL controller"
2025-01-29 13:37:36,531 INFO c.h.h.t.HelmChartContainer - [K3S] [controllermanager.go:765] "Started controller" controller="persistentvolume-binder-controller"
2025-01-29 13:37:36,531 INFO c.h.h.t.HelmChartContainer - [K3S] [controllermanager.go:717] "Controller is disabled by a feature gate" controller="kube-apiserver-serving-clustertrustbundle-publisher-controller" requiredFeatureGates=["ClusterTrustBundle"]
2025-01-29 13:37:36,531 INFO c.h.h.t.HelmChartContainer - [K3S] [pv_controller_base.go:308] "Starting persistent volume controller"
2025-01-29 13:37:36,688 INFO c.h.h.t.HelmChartContainer - [K3S] [controllermanager.go:765] "Started controller" controller="endpointslice-mirroring-controller"
2025-01-29 13:37:36,689 INFO c.h.h.t.HelmChartContainer - [K3S] [endpointslicemirroring_controller.go:227] "Starting EndpointSliceMirroring controller"
2025-01-29 13:37:36,934 INFO c.h.h.t.HelmChartContainer - [K3S] [range_allocator.go:112] "No Secondary Service CIDR provided. Skipping filtering out secondary service addresses"
2025-01-29 13:37:36,935 INFO c.h.h.t.HelmChartContainer - [K3S] [controllermanager.go:765] "Started controller" controller="node-ipam-controller"
2025-01-29 13:37:36,935 INFO c.h.h.t.HelmChartContainer - [K3S] [node_ipam_controller.go:141] "Starting ipam controller"
2025-01-29 13:37:37,081 INFO c.h.h.t.HelmChartContainer - [K3S] [controllermanager.go:765] "Started controller" controller="root-ca-certificate-publisher-controller"
2025-01-29 13:37:37,081 INFO c.h.h.t.HelmChartContainer - [K3S] [controllermanager.go:728] "Warning: controller is disabled" controller="bootstrap-signer-controller"
2025-01-29 13:37:37,081 INFO c.h.h.t.HelmChartContainer - [K3S] [publisher.go:107] "Starting root CA cert publisher controller"
2025-01-29 13:37:37,130 INFO c.h.h.t.HelmChartContainer - [K3S] [node_lifecycle_controller.go:432] "Controller will reconcile labels"
2025-01-29 13:37:37,130 INFO c.h.h.t.HelmChartContainer - [K3S] [controllermanager.go:765] "Started controller" controller="node-lifecycle-controller"
2025-01-29 13:37:37,130 INFO c.h.h.t.HelmChartContainer - [K3S] [node_lifecycle_controller.go:466] "Sending events to api server"
2025-01-29 13:37:37,131 INFO c.h.h.t.HelmChartContainer - [K3S] [node_lifecycle_controller.go:477] "Starting node controller"
2025-01-29 13:37:37,282 INFO c.h.h.t.HelmChartContainer - [K3S] [controllermanager.go:765] "Started controller" controller="persistentvolume-protection-controller"
2025-01-29 13:37:37,282 INFO c.h.h.t.HelmChartContainer - [K3S] [pv_protection_controller.go:81] "Starting PV protection controller"
2025-01-29 13:37:37,432 INFO c.h.h.t.HelmChartContainer - [K3S] [controllermanager.go:765] "Started controller" controller="replicationcontroller-controller"
2025-01-29 13:37:37,432 INFO c.h.h.t.HelmChartContainer - [K3S] [replica_set.go:217] "Starting controller" name="replicationcontroller"
2025-01-29 13:37:37,599 INFO c.h.h.t.HelmChartContainer - [K3S] [controllermanager.go:765] "Started controller" controller="pod-garbage-collector-controller"
2025-01-29 13:37:37,599 INFO c.h.h.t.HelmChartContainer - [K3S] [gc_controller.go:99] "Starting GC controller"
2025-01-29 13:37:37,619 INFO c.h.h.t.HelmChartContainer - [K3S] [event.go:389] "Event occurred" object="kube-system/ccm" fieldPath="" kind="Addon" apiVersion="k3s.cattle.io/v1" type="Normal" reason="ApplyingManifest" message="Applying manifest at \"/var/lib/rancher/k3s/server/manifests/ccm.yaml\""
2025-01-29 13:37:37,645 INFO c.h.h.t.HelmChartContainer - [K3S] [event.go:389] "Event occurred" object="kube-system/ccm" fieldPath="" kind="Addon" apiVersion="k3s.cattle.io/v1" type="Normal" reason="AppliedManifest" message="Applied manifest at \"/var/lib/rancher/k3s/server/manifests/ccm.yaml\""
2025-01-29 13:37:37,659 INFO c.h.h.t.HelmChartContainer - [K3S] [event.go:389] "Event occurred" object="kube-system/coredns" fieldPath="" kind="Addon" apiVersion="k3s.cattle.io/v1" type="Normal" reason="ApplyingManifest" message="Applying manifest at \"/var/lib/rancher/k3s/server/manifests/coredns.yaml\""
2025-01-29 13:37:37,689 INFO c.h.h.t.HelmChartContainer - [K3S] [event.go:389] "Event occurred" object="2553df930ab9" fieldPath="" kind="Node" apiVersion="" type="Normal" reason="NodePasswordValidationComplete" message="Deferred node password secret validation complete"
2025-01-29 13:37:37,732 INFO c.h.h.t.HelmChartContainer - [K3S] [controllermanager.go:765] "Started controller" controller="statefulset-controller"
2025-01-29 13:37:37,733 INFO c.h.h.t.HelmChartContainer - [K3S] [controllermanager.go:717] "Controller is disabled by a feature gate" controller="storageversion-garbage-collector-controller" requiredFeatureGates=["APIServerIdentity","StorageVersionAPI"]
2025-01-29 13:37:37,733 INFO c.h.h.t.HelmChartContainer - [K3S] [controllermanager.go:723] "Skipping a cloud provider controller" controller="node-route-controller"
2025-01-29 13:37:37,733 INFO c.h.h.t.HelmChartContainer - [K3S] [stateful_set.go:166] "Starting stateful set controller"
2025-01-29 13:37:37,762 INFO c.h.h.t.HelmChartContainer - [K3S] [alloc.go:330] "allocated clusterIPs" service="kube-system/kube-dns" clusterIPs={"IPv4":"10.43.0.10"}
2025-01-29 13:37:37,763 INFO c.h.h.t.HelmChartContainer - [K3S] [event.go:389] "Event occurred" object="kube-system/coredns" fieldPath="" kind="Addon" apiVersion="k3s.cattle.io/v1" type="Normal" reason="AppliedManifest" message="Applied manifest at \"/var/lib/rancher/k3s/server/manifests/coredns.yaml\""
2025-01-29 13:37:37,777 INFO c.h.h.t.HelmChartContainer - [K3S] [event.go:389] "Event occurred" object="kube-system/local-storage" fieldPath="" kind="Addon" apiVersion="k3s.cattle.io/v1" type="Normal" reason="ApplyingManifest" message="Applying manifest at \"/var/lib/rancher/k3s/server/manifests/local-storage.yaml\""
2025-01-29 13:37:37,857 INFO c.h.h.t.HelmChartContainer - [K3S] [event.go:389] "Event occurred" object="kube-system/local-storage" fieldPath="" kind="Addon" apiVersion="k3s.cattle.io/v1" type="Normal" reason="AppliedManifest" message="Applied manifest at \"/var/lib/rancher/k3s/server/manifests/local-storage.yaml\""
2025-01-29 13:37:37,863 INFO c.h.h.t.HelmChartContainer - [K3S] [event.go:389] "Event occurred" object="kube-system/aggregated-metrics-reader" fieldPath="" kind="Addon" apiVersion="k3s.cattle.io/v1" type="Normal" reason="ApplyingManifest" message="Applying manifest at \"/var/lib/rancher/k3s/server/manifests/metrics-server/aggregated-metrics-reader.yaml\""
2025-01-29 13:37:37,880 INFO c.h.h.t.HelmChartContainer - [K3S] [controllermanager.go:765] "Started controller" controller="clusterrole-aggregation-controller"
2025-01-29 13:37:37,880 INFO c.h.h.t.HelmChartContainer - [K3S] [clusterroleaggregation_controller.go:194] "Starting ClusterRoleAggregator controller"
2025-01-29 13:37:37,932 INFO c.h.h.t.HelmChartContainer - [K3S] [event.go:389] "Event occurred" object="kube-system/aggregated-metrics-reader" fieldPath="" kind="Addon" apiVersion="k3s.cattle.io/v1" type="Normal" reason="AppliedManifest" message="Applied manifest at \"/var/lib/rancher/k3s/server/manifests/metrics-server/aggregated-metrics-reader.yaml\""
2025-01-29 13:37:37,936 INFO c.h.h.t.HelmChartContainer - [K3S] [event.go:389] "Event occurred" object="kube-system/auth-delegator" fieldPath="" kind="Addon" apiVersion="k3s.cattle.io/v1" type="Normal" reason="ApplyingManifest" message="Applying manifest at \"/var/lib/rancher/k3s/server/manifests/metrics-server/auth-delegator.yaml\""
2025-01-29 13:37:37,942 INFO c.h.h.t.HelmChartContainer - [K3S] [event.go:389] "Event occurred" object="kube-system/auth-delegator" fieldPath="" kind="Addon" apiVersion="k3s.cattle.io/v1" type="Normal" reason="AppliedManifest" message="Applied manifest at \"/var/lib/rancher/k3s/server/manifests/metrics-server/auth-delegator.yaml\""
2025-01-29 13:37:37,949 INFO c.h.h.t.HelmChartContainer - [K3S] [event.go:389] "Event occurred" object="kube-system/auth-reader" fieldPath="" kind="Addon" apiVersion="k3s.cattle.io/v1" type="Normal" reason="ApplyingManifest" message="Applying manifest at \"/var/lib/rancher/k3s/server/manifests/metrics-server/auth-reader.yaml\""
2025-01-29 13:37:37,958 INFO c.h.h.t.HelmChartContainer - [K3S] [event.go:389] "Event occurred" object="kube-system/auth-reader" fieldPath="" kind="Addon" apiVersion="k3s.cattle.io/v1" type="Normal" reason="AppliedManifest" message="Applied manifest at \"/var/lib/rancher/k3s/server/manifests/metrics-server/auth-reader.yaml\""
2025-01-29 13:37:37,970 INFO c.h.h.t.HelmChartContainer - [K3S] [event.go:389] "Event occurred" object="kube-system/metrics-apiservice" fieldPath="" kind="Addon" apiVersion="k3s.cattle.io/v1" type="Normal" reason="ApplyingManifest" message="Applying manifest at \"/var/lib/rancher/k3s/server/manifests/metrics-server/metrics-apiservice.yaml\""
2025-01-29 13:37:37,974 INFO c.h.h.t.HelmChartContainer - [K3S] [event.go:389] "Event occurred" object="kube-system/metrics-apiservice" fieldPath="" kind="Addon" apiVersion="k3s.cattle.io/v1" type="Normal" reason="AppliedManifest" message="Applied manifest at \"/var/lib/rancher/k3s/server/manifests/metrics-server/metrics-apiservice.yaml\""
2025-01-29 13:37:37,982 INFO c.h.h.t.HelmChartContainer - [K3S] [handler_proxy.go:99] no RequestInfo found in the context
2025-01-29 13:37:37,983 INFO c.h.h.t.HelmChartContainer - [K3S] [controller.go:146] "Unhandled Error" err=<
2025-01-29 13:37:37,983 INFO c.h.h.t.HelmChartContainer - [K3S] 	, Header: map[Content-Type:[text/plain; charset=utf-8] X-Content-Type-Options:[nosniff]]
2025-01-29 13:37:37,983 INFO c.h.h.t.HelmChartContainer - [K3S]  >
2025-01-29 13:37:37,984 INFO c.h.h.t.HelmChartContainer - [K3S] [handler_proxy.go:143] error resolving kube-system/metrics-server: service "metrics-server" not found
2025-01-29 13:37:37,987 INFO c.h.h.t.HelmChartContainer - [K3S] [event.go:389] "Event occurred" object="kube-system/metrics-server-deployment" fieldPath="" kind="Addon" apiVersion="k3s.cattle.io/v1" type="Normal" reason="ApplyingManifest" message="Applying manifest at \"/var/lib/rancher/k3s/server/manifests/metrics-server/metrics-server-deployment.yaml\""
2025-01-29 13:37:38,001 INFO c.h.h.t.HelmChartContainer - [K3S] [event.go:389] "Event occurred" object="kube-system/metrics-server-deployment" fieldPath="" kind="Addon" apiVersion="k3s.cattle.io/v1" type="Normal" reason="AppliedManifest" message="Applied manifest at \"/var/lib/rancher/k3s/server/manifests/metrics-server/metrics-server-deployment.yaml\""
2025-01-29 13:37:38,007 INFO c.h.h.t.HelmChartContainer - [K3S] [event.go:389] "Event occurred" object="kube-system/metrics-server-service" fieldPath="" kind="Addon" apiVersion="k3s.cattle.io/v1" type="Normal" reason="ApplyingManifest" message="Applying manifest at \"/var/lib/rancher/k3s/server/manifests/metrics-server/metrics-server-service.yaml\""
2025-01-29 13:37:38,013 INFO c.h.h.t.HelmChartContainer - [K3S] [alloc.go:330] "allocated clusterIPs" service="kube-system/metrics-server" clusterIPs={"IPv4":"10.43.165.75"}
2025-01-29 13:37:38,017 INFO c.h.h.t.HelmChartContainer - [K3S] [event.go:389] "Event occurred" object="kube-system/metrics-server-service" fieldPath="" kind="Addon" apiVersion="k3s.cattle.io/v1" type="Normal" reason="AppliedManifest" message="Applied manifest at \"/var/lib/rancher/k3s/server/manifests/metrics-server/metrics-server-service.yaml\""
2025-01-29 13:37:38,019 INFO c.h.h.t.HelmChartContainer - [K3S] [handler_proxy.go:99] no RequestInfo found in the context
2025-01-29 13:37:38,020 INFO c.h.h.t.HelmChartContainer - [K3S] [controller.go:146] "Unhandled Error" err=<
2025-01-29 13:37:38,020 INFO c.h.h.t.HelmChartContainer - [K3S] 	, Header: map[Content-Type:[text/plain; charset=utf-8] X-Content-Type-Options:[nosniff]]
2025-01-29 13:37:38,020 INFO c.h.h.t.HelmChartContainer - [K3S]  >
2025-01-29 13:37:38,021 INFO c.h.h.t.HelmChartContainer - [K3S] [handler_proxy.go:143] error resolving kube-system/metrics-server: endpoints "metrics-server" not found
2025-01-29 13:37:38,024 INFO c.h.h.t.HelmChartContainer - [K3S] [event.go:389] "Event occurred" object="kube-system/resource-reader" fieldPath="" kind="Addon" apiVersion="k3s.cattle.io/v1" type="Normal" reason="ApplyingManifest" message="Applying manifest at \"/var/lib/rancher/k3s/server/manifests/metrics-server/resource-reader.yaml\""
2025-01-29 13:37:38,032 INFO c.h.h.t.HelmChartContainer - [K3S] [controllermanager.go:765] "Started controller" controller="ephemeral-volume-controller"
2025-01-29 13:37:38,033 INFO c.h.h.t.HelmChartContainer - [K3S] [controller.go:173] "Starting ephemeral volume controller"
2025-01-29 13:37:38,043 INFO c.h.h.t.HelmChartContainer - [K3S] [event.go:389] "Event occurred" object="kube-system/resource-reader" fieldPath="" kind="Addon" apiVersion="k3s.cattle.io/v1" type="Normal" reason="AppliedManifest" message="Applied manifest at \"/var/lib/rancher/k3s/server/manifests/metrics-server/resource-reader.yaml\""
2025-01-29 13:37:38,050 INFO c.h.h.t.HelmChartContainer - [K3S] [event.go:389] "Event occurred" object="kube-system/rolebindings" fieldPath="" kind="Addon" apiVersion="k3s.cattle.io/v1" type="Normal" reason="ApplyingManifest" message="Applying manifest at \"/var/lib/rancher/k3s/server/manifests/rolebindings.yaml\""
2025-01-29 13:37:38,158 INFO c.h.h.t.HelmChartContainer - [K3S] [event.go:389] "Event occurred" object="kube-system/rolebindings" fieldPath="" kind="Addon" apiVersion="k3s.cattle.io/v1" type="Normal" reason="AppliedManifest" message="Applied manifest at \"/var/lib/rancher/k3s/server/manifests/rolebindings.yaml\""
2025-01-29 13:37:38,165 INFO c.h.h.t.HelmChartContainer - [K3S] [event.go:389] "Event occurred" object="kube-system/runtimes" fieldPath="" kind="Addon" apiVersion="k3s.cattle.io/v1" type="Normal" reason="ApplyingManifest" message="Applying manifest at \"/var/lib/rancher/k3s/server/manifests/runtimes.yaml\""
2025-01-29 13:37:38,181 INFO c.h.h.t.HelmChartContainer - [K3S] [controllermanager.go:765] "Started controller" controller="legacy-serviceaccount-token-cleaner-controller"
2025-01-29 13:37:38,181 INFO c.h.h.t.HelmChartContainer - [K3S] [legacy_serviceaccount_token_cleaner.go:103] "Starting legacy service account token cleaner controller"
2025-01-29 13:37:38,189 INFO c.h.h.t.HelmChartContainer - [K3S] [serving.go:392] Generated self-signed cert in-memory
2025-01-29 13:37:38,201 INFO c.h.h.t.HelmChartContainer - [K3S] [event.go:389] "Event occurred" object="kube-system/runtimes" fieldPath="" kind="Addon" apiVersion="k3s.cattle.io/v1" type="Normal" reason="AppliedManifest" message="Applied manifest at \"/var/lib/rancher/k3s/server/manifests/runtimes.yaml\""
2025-01-29 13:37:38,353 INFO c.h.h.t.HelmChartContainer - [K3S] [serving.go:392] Generated self-signed cert in-memory
2025-01-29 13:37:38,380 INFO c.h.h.t.HelmChartContainer - [K3S] [controllermanager.go:765] "Started controller" controller="disruption-controller"
2025-01-29 13:37:38,381 INFO c.h.h.t.HelmChartContainer - [K3S] [disruption.go:452] "Sending events to api server."
2025-01-29 13:37:38,381 INFO c.h.h.t.HelmChartContainer - [K3S] [disruption.go:463] "Starting disruption controller"
2025-01-29 13:37:38,432 INFO c.h.h.t.HelmChartContainer - [K3S] [certificate_controller.go:120] "Starting certificate controller" name="csrsigning-kubelet-serving"
2025-01-29 13:37:38,432 INFO c.h.h.t.HelmChartContainer - [K3S] [dynamic_serving_content.go:135] "Starting controller" name="csr-controller::/var/lib/rancher/k3s/server/tls/server-ca.nochain.crt::/var/lib/rancher/k3s/server/tls/server-ca.key"
2025-01-29 13:37:38,432 INFO c.h.h.t.HelmChartContainer - [K3S] [certificate_controller.go:120] "Starting certificate controller" name="csrsigning-kubelet-client"
2025-01-29 13:37:38,432 INFO c.h.h.t.HelmChartContainer - [K3S] [dynamic_serving_content.go:135] "Starting controller" name="csr-controller::/var/lib/rancher/k3s/server/tls/client-ca.nochain.crt::/var/lib/rancher/k3s/server/tls/client-ca.key"
2025-01-29 13:37:38,432 INFO c.h.h.t.HelmChartContainer - [K3S] [controllermanager.go:765] "Started controller" controller="certificatesigningrequest-signing-controller"
2025-01-29 13:37:38,433 INFO c.h.h.t.HelmChartContainer - [K3S] [certificate_controller.go:120] "Starting certificate controller" name="csrsigning-legacy-unknown"
2025-01-29 13:37:38,435 INFO c.h.h.t.HelmChartContainer - [K3S] [certificate_controller.go:120] "Starting certificate controller" name="csrsigning-kube-apiserver-client"
2025-01-29 13:37:38,435 INFO c.h.h.t.HelmChartContainer - [K3S] [dynamic_serving_content.go:135] "Starting controller" name="csr-controller::/var/lib/rancher/k3s/server/tls/server-ca.nochain.crt::/var/lib/rancher/k3s/server/tls/server-ca.key"
2025-01-29 13:37:38,435 INFO c.h.h.t.HelmChartContainer - [K3S] [dynamic_serving_content.go:135] "Starting controller" name="csr-controller::/var/lib/rancher/k3s/server/tls/client-ca.nochain.crt::/var/lib/rancher/k3s/server/tls/client-ca.key"
2025-01-29 13:37:38,554 INFO c.h.h.t.HelmChartContainer - [K3S] [controllermanager.go:160] Version: v1.32.1+k3s1
2025-01-29 13:37:38,557 INFO c.h.h.t.HelmChartContainer - [K3S] [requestheader_controller.go:180] Starting RequestHeaderAuthRequestController
2025-01-29 13:37:38,558 INFO c.h.h.t.HelmChartContainer - [K3S] [configmap_cafile_content.go:205] "Starting controller" name="client-ca::kube-system::extension-apiserver-authentication::client-ca-file"
2025-01-29 13:37:38,559 INFO c.h.h.t.HelmChartContainer - [K3S] [configmap_cafile_content.go:205] "Starting controller" name="client-ca::kube-system::extension-apiserver-authentication::requestheader-client-ca-file"
2025-01-29 13:37:38,559 INFO c.h.h.t.HelmChartContainer - [K3S] [secure_serving.go:213] Serving securely on 127.0.0.1:10258
2025-01-29 13:37:38,559 INFO c.h.h.t.HelmChartContainer - [K3S] [tlsconfig.go:243] "Starting DynamicServingCertificateController"
2025-01-29 13:37:38,563 INFO c.h.h.t.HelmChartContainer - [K3S] [INFO] Creating service-lb-controller event broadcaster
2025-01-29 13:37:38,581 INFO c.h.h.t.HelmChartContainer - [K3S] [controllermanager.go:765] "Started controller" controller="persistentvolume-attach-detach-controller"
2025-01-29 13:37:38,582 INFO c.h.h.t.HelmChartContainer - [K3S] [attach_detach_controller.go:338] "Starting attach detach controller"
2025-01-29 13:37:38,682 INFO c.h.h.t.HelmChartContainer - [K3S] [INFO] Starting /v1, Kind=Node controller
2025-01-29 13:37:38,685 INFO c.h.h.t.HelmChartContainer - [K3S] [INFO] Starting /v1, Kind=Pod controller
2025-01-29 13:37:38,690 INFO c.h.h.t.HelmChartContainer - [K3S] [INFO] Starting apps/v1, Kind=DaemonSet controller
2025-01-29 13:37:38,694 INFO c.h.h.t.HelmChartContainer - [K3S] [INFO] Starting discovery.k8s.io/v1, Kind=EndpointSlice controller
2025-01-29 13:37:38,694 INFO c.h.h.t.HelmChartContainer - [K3S] [controllermanager.go:329] Started "service-lb-controller"
2025-01-29 13:37:38,694 INFO c.h.h.t.HelmChartContainer - [K3S] [controllermanager.go:306] "node-route-controller" is disabled
2025-01-29 13:37:38,694 INFO c.h.h.t.HelmChartContainer - [K3S] [controller.go:234] Starting service controller
2025-01-29 13:37:38,695 INFO c.h.h.t.HelmChartContainer - [K3S] [controllermanager.go:329] Started "cloud-node-controller"
2025-01-29 13:37:38,695 INFO c.h.h.t.HelmChartContainer - [K3S] [node_controller.go:176] Sending events to api server.
2025-01-29 13:37:38,695 INFO c.h.h.t.HelmChartContainer - [K3S] [node_controller.go:185] Waiting for informer caches to sync
2025-01-29 13:37:38,695 INFO c.h.h.t.HelmChartContainer - [K3S] [controllermanager.go:329] Started "cloud-node-lifecycle-controller"
2025-01-29 13:37:38,696 INFO c.h.h.t.HelmChartContainer - [K3S] [node_lifecycle_controller.go:112] Sending events to api server
2025-01-29 13:37:38,731 INFO c.h.h.t.HelmChartContainer - [K3S] [controllermanager.go:765] "Started controller" controller="replicaset-controller"
2025-01-29 13:37:38,731 INFO c.h.h.t.HelmChartContainer - [K3S] [replica_set.go:217] "Starting controller" name="replicaset"
2025-01-29 13:37:38,781 INFO c.h.h.t.HelmChartContainer - [K3S] [controllermanager.go:765] "Started controller" controller="certificatesigningrequest-cleaner-controller"
2025-01-29 13:37:38,781 INFO c.h.h.t.HelmChartContainer - [K3S] [cleaner.go:83] "Starting CSR cleaner controller"
2025-01-29 13:37:38,795 INFO c.h.h.t.HelmChartContainer - [K3S] [node_controller.go:429] Initializing node 2553df930ab9 with cloud provider
2025-01-29 13:37:38,803 INFO c.h.h.t.HelmChartContainer - [K3S] [node_controller.go:474] Successfully initialized node 2553df930ab9 with cloud provider
2025-01-29 13:37:38,804 INFO c.h.h.t.HelmChartContainer - [K3S] [event.go:389] "Event occurred" object="2553df930ab9" fieldPath="" kind="Node" apiVersion="v1" type="Normal" reason="Synced" message="Node synced successfully"
2025-01-29 13:37:38,811 INFO c.h.h.t.HelmChartContainer - [K3S] [INFO] Updated coredns NodeHosts entry for 2553df930ab9
2025-01-29 13:37:38,931 INFO c.h.h.t.HelmChartContainer - [K3S] [controllermanager.go:765] "Started controller" controller="persistentvolumeclaim-protection-controller"
2025-01-29 13:37:38,931 INFO c.h.h.t.HelmChartContainer - [K3S] [pvc_protection_controller.go:168] "Starting PVC protection controller"
2025-01-29 13:37:38,978 INFO c.h.h.t.HelmChartContainer - [K3S] [handler_proxy.go:99] no RequestInfo found in the context
2025-01-29 13:37:38,978 INFO c.h.h.t.HelmChartContainer - [K3S] [handler_proxy.go:99] no RequestInfo found in the context
2025-01-29 13:37:38,978 INFO c.h.h.t.HelmChartContainer - [K3S] [controller.go:102] "Unhandled Error" err=<
2025-01-29 13:37:38,978 INFO c.h.h.t.HelmChartContainer - [K3S] 	, Header: map[Content-Type:[text/plain; charset=utf-8] X-Content-Type-Options:[nosniff]]
2025-01-29 13:37:38,978 INFO c.h.h.t.HelmChartContainer - [K3S]  >
2025-01-29 13:37:39,141 INFO c.h.h.t.HelmChartContainer - [K3S] [INFO] Tunnel authorizer set Kubelet Port 0.0.0.0:10250
2025-01-29 13:37:39,181 INFO c.h.h.t.HelmChartContainer - [K3S] [controllermanager.go:765] "Started controller" controller="garbage-collector-controller"
2025-01-29 13:37:39,182 INFO c.h.h.t.HelmChartContainer - [K3S] [graph_builder.go:351] "Running" component="GraphBuilder"
2025-01-29 13:37:39,367 INFO c.h.h.t.HelmChartContainer - [K3S] [serving.go:392] Generated self-signed cert in-memory
2025-01-29 13:37:39,432 INFO c.h.h.t.HelmChartContainer - [K3S] [controllermanager.go:765] "Started controller" controller="deployment-controller"
2025-01-29 13:37:39,432 INFO c.h.h.t.HelmChartContainer - [K3S] [deployment_controller.go:173] "Starting controller" controller="deployment"
2025-01-29 13:37:39,631 INFO c.h.h.t.HelmChartContainer - [K3S] [controllermanager.go:765] "Started controller" controller="validatingadmissionpolicy-status-controller"
2025-01-29 13:37:39,657 INFO c.h.h.t.HelmChartContainer - [K3S] [server.go:164] "Starting Kubernetes Scheduler" version="v1.32.1+k3s1"
2025-01-29 13:37:39,657 INFO c.h.h.t.HelmChartContainer - [K3S] [server.go:166] "Golang settings" GOGC="" GOMAXPROCS="" GOTRACEBACK=""
2025-01-29 13:37:39,660 INFO c.h.h.t.HelmChartContainer - [K3S] [secure_serving.go:213] Serving securely on 127.0.0.1:10259
2025-01-29 13:37:39,662 INFO c.h.h.t.HelmChartContainer - [K3S] [requestheader_controller.go:180] Starting RequestHeaderAuthRequestController
2025-01-29 13:37:39,662 INFO c.h.h.t.HelmChartContainer - [K3S] [tlsconfig.go:243] "Starting DynamicServingCertificateController"
2025-01-29 13:37:39,663 INFO c.h.h.t.HelmChartContainer - [K3S] [configmap_cafile_content.go:205] "Starting controller" name="client-ca::kube-system::extension-apiserver-authentication::client-ca-file"
2025-01-29 13:37:39,663 INFO c.h.h.t.HelmChartContainer - [K3S] [configmap_cafile_content.go:205] "Starting controller" name="client-ca::kube-system::extension-apiserver-authentication::requestheader-client-ca-file"
2025-01-29 13:37:39,680 INFO c.h.h.t.HelmChartContainer - [K3S] [controllermanager.go:765] "Started controller" controller="taint-eviction-controller"
2025-01-29 13:37:39,681 INFO c.h.h.t.HelmChartContainer - [K3S] [controllermanager.go:743] "Warning: skipping controller" controller="storage-version-migrator-controller"
2025-01-29 13:37:39,681 INFO c.h.h.t.HelmChartContainer - [K3S] [taint_eviction.go:281] "Starting" controller="taint-eviction-controller"
2025-01-29 13:37:39,681 INFO c.h.h.t.HelmChartContainer - [K3S] [taint_eviction.go:287] "Sending events to api server"
2025-01-29 13:37:39,936 INFO c.h.h.t.HelmChartContainer - [K3S] [controllermanager.go:765] "Started controller" controller="namespace-controller"
2025-01-29 13:37:39,936 INFO c.h.h.t.HelmChartContainer - [K3S] [namespace_controller.go:202] "Starting namespace controller"
2025-01-29 13:37:40,081 INFO c.h.h.t.HelmChartContainer - [K3S] [controllermanager.go:765] "Started controller" controller="serviceaccount-controller"
2025-01-29 13:37:40,081 INFO c.h.h.t.HelmChartContainer - [K3S] [serviceaccounts_controller.go:114] "Starting service account controller"
2025-01-29 13:37:40,148 INFO c.h.h.t.HelmChartContainer - [K3S] [INFO] Started tunnel to 172.18.0.2:6443
2025-01-29 13:37:40,148 INFO c.h.h.t.HelmChartContainer - [K3S] [INFO] Stopped tunnel to 127.0.0.1:6443
2025-01-29 13:37:40,148 INFO c.h.h.t.HelmChartContainer - [K3S] [INFO] Connecting to proxy" url="wss://172.18.0.2:6443/v1-k3s/connect
2025-01-29 13:37:40,148 INFO c.h.h.t.HelmChartContainer - [K3S] [INFO] Proxy done" err="context canceled" url="wss://127.0.0.1:6443/v1-k3s/connect
2025-01-29 13:37:40,148 INFO c.h.h.t.HelmChartContainer - [K3S] [INFO] error in remotedialer server [400]: websocket: close 1006 (abnormal closure): unexpected EOF
2025-01-29 13:37:40,149 INFO c.h.h.t.HelmChartContainer - [K3S] [INFO] Handling backend connection request [2553df930ab9]
2025-01-29 13:37:40,149 INFO c.h.h.t.HelmChartContainer - [K3S] [INFO] Remotedialer connected to proxy" url="wss://172.18.0.2:6443/v1-k3s/connect
2025-01-29 13:37:40,231 INFO c.h.h.t.HelmChartContainer - [K3S] [controllermanager.go:765] "Started controller" controller="daemonset-controller"
2025-01-29 13:37:40,231 INFO c.h.h.t.HelmChartContainer - [K3S] [daemon_controller.go:294] "Starting daemon sets controller"
2025-01-29 13:37:40,246 INFO c.h.h.t.HelmChartContainer - [K3S] [actual_state_of_world.go:541] "Failed to update statusUpdateNeeded field in actual state of world" err="Failed to set statusUpdateNeeded to needed true, because nodeName=\"2553df930ab9\" does not exist"
2025-01-29 13:37:40,334 INFO c.h.h.t.HelmChartContainer - [K3S] [node_lifecycle_controller.go:1234] "Initializing eviction metric for zone" zone=""
2025-01-29 13:37:40,334 INFO c.h.h.t.HelmChartContainer - [K3S] [node_lifecycle_controller.go:886] "Missing timestamp for Node. Assuming now as a timestamp" node="2553df930ab9"
2025-01-29 13:37:40,334 INFO c.h.h.t.HelmChartContainer - [K3S] [node_lifecycle_controller.go:1080] "Controller detected that zone is now in new state" zone="" newState="Normal"
2025-01-29 13:37:40,336 INFO c.h.h.t.HelmChartContainer - [K3S] [range_allocator.go:177] "Sending events to api server"
2025-01-29 13:37:40,336 INFO c.h.h.t.HelmChartContainer - [K3S] [range_allocator.go:183] "Starting range CIDR allocator"
2025-01-29 13:37:40,340 INFO c.h.h.t.HelmChartContainer - [K3S] [range_allocator.go:428] "Set node PodCIDR" node="2553df930ab9" podCIDRs=["10.42.0.0/24"]
2025-01-29 13:37:40,340 INFO c.h.h.t.HelmChartContainer - [K3S] [range_allocator.go:247] "Successfully synced" key="2553df930ab9"
2025-01-29 13:37:40,342 INFO c.h.h.t.HelmChartContainer - [K3S] [INFO] Flannel found PodCIDR assigned for node 2553df930ab9
2025-01-29 13:37:40,342 INFO c.h.h.t.HelmChartContainer - [K3S] [range_allocator.go:247] "Successfully synced" key="2553df930ab9"
2025-01-29 13:37:40,345 INFO c.h.h.t.HelmChartContainer - [K3S] [INFO] The interface eth0 with ipv4 address 172.18.0.2 will be used by flannel
2025-01-29 13:37:40,346 INFO c.h.h.t.HelmChartContainer - [K3S] [kube.go:139] Waiting 10m0s for node controller to sync
2025-01-29 13:37:40,346 INFO c.h.h.t.HelmChartContainer - [K3S] [kube.go:469] Starting kube subnet manager
2025-01-29 13:37:40,457 INFO c.h.h.t.HelmChartContainer - [K3S] [INFO] Starting network policy controller version v2.2.1, built on 2025-01-28T18:27:08Z, go1.23.4
2025-01-29 13:37:40,457 INFO c.h.h.t.HelmChartContainer - [K3S] [network_policy_controller.go:164] Starting network policy controller
2025-01-29 13:37:40,483 INFO c.h.h.t.HelmChartContainer - [K3S] [network_policy_controller.go:176] Starting network policy controller full sync goroutine
2025-01-29 13:37:40,525 INFO c.h.h.t.HelmChartContainer - [K3S] [range_allocator.go:247] "Successfully synced" key="2553df930ab9"
2025-01-29 13:37:40,835 INFO c.h.h.t.HelmChartContainer - [K3S] [range_allocator.go:247] "Successfully synced" key="2553df930ab9"
2025-01-29 13:37:40,887 INFO c.h.h.t.HelmChartContainer - [K3S] [handler_proxy.go:99] no RequestInfo found in the context
2025-01-29 13:37:40,887 INFO c.h.h.t.HelmChartContainer - [K3S] [controller.go:146] "Unhandled Error" err=<
2025-01-29 13:37:40,887 INFO c.h.h.t.HelmChartContainer - [K3S] 	, Header: map[Content-Type:[text/plain; charset=utf-8] X-Content-Type-Options:[nosniff]]
2025-01-29 13:37:40,887 INFO c.h.h.t.HelmChartContainer - [K3S]  >
2025-01-29 13:37:40,888 INFO c.h.h.t.HelmChartContainer - [K3S] [handler_proxy.go:143] error resolving kube-system/metrics-server: no endpoints available for service "metrics-server"
2025-01-29 13:37:41,142 INFO c.h.h.t.HelmChartContainer - [K3S] [replica_set.go:679] "Finished syncing" kind="ReplicaSet" key="kube-system/metrics-server-8584b5786c" duration="155.151558ms"
2025-01-29 13:37:41,144 INFO c.h.h.t.HelmChartContainer - [K3S] [replica_set.go:679] "Finished syncing" kind="ReplicaSet" key="kube-system/coredns-ff8999cc5" duration="158.193309ms"
2025-01-29 13:37:41,148 INFO c.h.h.t.HelmChartContainer - [K3S] [replica_set.go:679] "Finished syncing" kind="ReplicaSet" key="kube-system/local-path-provisioner-698b58967b" duration="159.319001ms"
2025-01-29 13:37:41,173 INFO c.h.h.t.HelmChartContainer - [K3S] [replica_set.go:679] "Finished syncing" kind="ReplicaSet" key="kube-system/coredns-ff8999cc5" duration="26.301504ms"
2025-01-29 13:37:41,173 INFO c.h.h.t.HelmChartContainer - [K3S] [replica_set.go:679] "Finished syncing" kind="ReplicaSet" key="kube-system/coredns-ff8999cc5" duration="34.284µs"
2025-01-29 13:37:41,173 INFO c.h.h.t.HelmChartContainer - [K3S] [replica_set.go:679] "Finished syncing" kind="ReplicaSet" key="kube-system/local-path-provisioner-698b58967b" duration="24.928018ms"
2025-01-29 13:37:41,173 INFO c.h.h.t.HelmChartContainer - [K3S] [replica_set.go:679] "Finished syncing" kind="ReplicaSet" key="kube-system/local-path-provisioner-698b58967b" duration="20.969µs"
2025-01-29 13:37:41,174 INFO c.h.h.t.HelmChartContainer - [K3S] [replica_set.go:679] "Finished syncing" kind="ReplicaSet" key="kube-system/coredns-ff8999cc5" duration="60.282µs"
2025-01-29 13:37:41,174 INFO c.h.h.t.HelmChartContainer - [K3S] [replica_set.go:679] "Finished syncing" kind="ReplicaSet" key="kube-system/local-path-provisioner-698b58967b" duration="49.162µs"
2025-01-29 13:37:41,178 INFO c.h.h.t.HelmChartContainer - [K3S] [replica_set.go:679] "Finished syncing" kind="ReplicaSet" key="kube-system/metrics-server-8584b5786c" duration="36.112437ms"
2025-01-29 13:37:41,180 INFO c.h.h.t.HelmChartContainer - [K3S] [replica_set.go:679] "Finished syncing" kind="ReplicaSet" key="kube-system/metrics-server-8584b5786c" duration="37.38µs"
2025-01-29 13:37:41,185 INFO c.h.h.t.HelmChartContainer - [K3S] [replica_set.go:679] "Finished syncing" kind="ReplicaSet" key="kube-system/metrics-server-8584b5786c" duration="29.425µs"
2025-01-29 13:37:41,202 INFO c.h.h.t.HelmChartContainer - [K3S] [replica_set.go:679] "Finished syncing" kind="ReplicaSet" key="kube-system/local-path-provisioner-698b58967b" duration="1.983195ms"
2025-01-29 13:37:41,207 INFO c.h.h.t.HelmChartContainer - [K3S] [replica_set.go:679] "Finished syncing" kind="ReplicaSet" key="kube-system/coredns-ff8999cc5" duration="42.85µs"
2025-01-29 13:37:41,327 INFO c.h.h.t.HelmChartContainer - [K3S] [reconciler_common.go:251] "operationExecutor.VerifyControllerAttachedVolume started for volume \"kube-api-access-t92kk\" (UniqueName: \"kubernetes.io/projected/13ef13bb-76fd-4880-b9aa-b65877731dc0-kube-api-access-t92kk\") pod \"coredns-ff8999cc5-ltbhj\" (UID: \"13ef13bb-76fd-4880-b9aa-b65877731dc0\") " pod="kube-system/coredns-ff8999cc5-ltbhj"
2025-01-29 13:37:41,327 INFO c.h.h.t.HelmChartContainer - [K3S] [reconciler_common.go:251] "operationExecutor.VerifyControllerAttachedVolume started for volume \"tmp-dir\" (UniqueName: \"kubernetes.io/empty-dir/00b459dd-464c-4082-b288-2fc8034a836c-tmp-dir\") pod \"metrics-server-8584b5786c-fbsz2\" (UID: \"00b459dd-464c-4082-b288-2fc8034a836c\") " pod="kube-system/metrics-server-8584b5786c-fbsz2"
2025-01-29 13:37:41,327 INFO c.h.h.t.HelmChartContainer - [K3S] [reconciler_common.go:251] "operationExecutor.VerifyControllerAttachedVolume started for volume \"kube-api-access-rm4ls\" (UniqueName: \"kubernetes.io/projected/00b459dd-464c-4082-b288-2fc8034a836c-kube-api-access-rm4ls\") pod \"metrics-server-8584b5786c-fbsz2\" (UID: \"00b459dd-464c-4082-b288-2fc8034a836c\") " pod="kube-system/metrics-server-8584b5786c-fbsz2"
2025-01-29 13:37:41,327 INFO c.h.h.t.HelmChartContainer - [K3S] [reconciler_common.go:251] "operationExecutor.VerifyControllerAttachedVolume started for volume \"config-volume\" (UniqueName: \"kubernetes.io/configmap/d0ef9820-b6ef-48aa-9229-46bf03885af5-config-volume\") pod \"local-path-provisioner-698b58967b-7r7tq\" (UID: \"d0ef9820-b6ef-48aa-9229-46bf03885af5\") " pod="kube-system/local-path-provisioner-698b58967b-7r7tq"
2025-01-29 13:37:41,328 INFO c.h.h.t.HelmChartContainer - [K3S] [reconciler_common.go:251] "operationExecutor.VerifyControllerAttachedVolume started for volume \"kube-api-access-tsrvj\" (UniqueName: \"kubernetes.io/projected/d0ef9820-b6ef-48aa-9229-46bf03885af5-kube-api-access-tsrvj\") pod \"local-path-provisioner-698b58967b-7r7tq\" (UID: \"d0ef9820-b6ef-48aa-9229-46bf03885af5\") " pod="kube-system/local-path-provisioner-698b58967b-7r7tq"
2025-01-29 13:37:41,328 INFO c.h.h.t.HelmChartContainer - [K3S] [reconciler_common.go:251] "operationExecutor.VerifyControllerAttachedVolume started for volume \"config-volume\" (UniqueName: \"kubernetes.io/configmap/13ef13bb-76fd-4880-b9aa-b65877731dc0-config-volume\") pod \"coredns-ff8999cc5-ltbhj\" (UID: \"13ef13bb-76fd-4880-b9aa-b65877731dc0\") " pod="kube-system/coredns-ff8999cc5-ltbhj"
2025-01-29 13:37:41,328 INFO c.h.h.t.HelmChartContainer - [K3S] [reconciler_common.go:251] "operationExecutor.VerifyControllerAttachedVolume started for volume \"custom-config-volume\" (UniqueName: \"kubernetes.io/configmap/13ef13bb-76fd-4880-b9aa-b65877731dc0-custom-config-volume\") pod \"coredns-ff8999cc5-ltbhj\" (UID: \"13ef13bb-76fd-4880-b9aa-b65877731dc0\") " pod="kube-system/coredns-ff8999cc5-ltbhj"
2025-01-29 13:37:41,346 INFO c.h.h.t.HelmChartContainer - [K3S] [kube.go:146] Node controller sync successful
2025-01-29 13:37:41,346 INFO c.h.h.t.HelmChartContainer - [K3S] [vxlan.go:141] VXLAN config: VNI=1 Port=0 GBP=false Learning=false DirectRouting=false
2025-01-29 13:37:41,349 INFO c.h.h.t.HelmChartContainer - [K3S] [kube.go:636] List of node(2553df930ab9) annotations: map[string]string{"alpha.kubernetes.io/provided-node-ip":"172.18.0.2", "k3s.io/hostname":"2553df930ab9", "k3s.io/internal-ip":"172.18.0.2", "k3s.io/node-args":"[\"server\",\"--etcd-arg\",\"unsafe-no-fsync\",\"--etcd-arg\",\"snapshot-count=10000\",\"--etcd-arg\",\"auto-compaction-mode=revision\",\"--etcd-arg\",\"auto-compaction-retention=1000000\",\"--kube-apiserver-arg\",\"etcd-compaction-interval=0s\",\"--disable\",\"traefik\",\"--tls-san\",\"localhost\"]", "k3s.io/node-config-hash":"2QNNT5M5XUBFOLO5XPGEVGOM5UDLHHTIVMSRUPAUHE5DU3HUYQUQ====", "k3s.io/node-env":"{}", "node.alpha.kubernetes.io/ttl":"0", "volumes.kubernetes.io/controller-managed-attach-detach":"true"}
2025-01-29 13:37:41,355 INFO c.h.h.t.HelmChartContainer - [K3S] [kube.go:490] Creating the node lease for IPv4. This is the n.Spec.PodCIDRs: [10.42.0.0/24]
2025-01-29 13:37:41,355 INFO c.h.h.t.HelmChartContainer - [K3S] [iptables.go:51] Starting flannel in iptables mode...
2025-01-29 13:37:41,355 INFO c.h.h.t.HelmChartContainer - [K3S] [WARNING] no subnet found for key: FLANNEL_NETWORK in file: /run/flannel/subnet.env
2025-01-29 13:37:41,355 INFO c.h.h.t.HelmChartContainer - [K3S] [WARNING] no subnet found for key: FLANNEL_SUBNET in file: /run/flannel/subnet.env
2025-01-29 13:37:41,355 INFO c.h.h.t.HelmChartContainer - [K3S] [WARNING] no subnet found for key: FLANNEL_IPV6_NETWORK in file: /run/flannel/subnet.env
2025-01-29 13:37:41,355 INFO c.h.h.t.HelmChartContainer - [K3S] [WARNING] no subnet found for key: FLANNEL_IPV6_SUBNET in file: /run/flannel/subnet.env
2025-01-29 13:37:41,355 INFO c.h.h.t.HelmChartContainer - [K3S] [iptables.go:115] Current network or subnet (10.42.0.0/16, 10.42.0.0/24) is not equal to previous one (0.0.0.0/0, 0.0.0.0/0), trying to recycle old iptables rules
2025-01-29 13:37:41,356 INFO c.h.h.t.HelmChartContainer - [K3S] [range_allocator.go:247] "Successfully synced" key="2553df930ab9"
2025-01-29 13:37:41,379 INFO c.h.h.t.HelmChartContainer - [K3S] [iptables.go:125] Setting up masking rules
2025-01-29 13:37:41,381 INFO c.h.h.t.HelmChartContainer - [K3S] [iptables.go:226] Changing default FORWARD chain policy to ACCEPT
2025-01-29 13:37:41,384 INFO c.h.h.t.HelmChartContainer - [K3S] [INFO] Wrote flannel subnet file to /run/flannel/subnet.env
2025-01-29 13:37:41,384 INFO c.h.h.t.HelmChartContainer - [K3S] [INFO] Running flannel backend.
2025-01-29 13:37:41,384 INFO c.h.h.t.HelmChartContainer - [K3S] [vxlan_network.go:65] watching for new subnet leases
2025-01-29 13:37:41,392 INFO c.h.h.t.HelmChartContainer - [K3S] [iptables.go:372] bootstrap done
2025-01-29 13:37:41,397 INFO c.h.h.t.HelmChartContainer - [K3S] [iptables.go:372] bootstrap done
2025-01-29 13:37:41,437 WARN c.h.h.t.HelmChartContainer - K3s image not ready yet 'Condition with Lambda expression in com.hivemq.helmcharts.testcontainer.HelmChartContainer$K3sReadyStartupCheckStrategy was not fulfilled within 10 seconds.'
2025-01-29 13:37:41,889 INFO c.h.h.t.HelmChartContainer - [K3S] [handler_proxy.go:99] no RequestInfo found in the context
2025-01-29 13:37:41,889 INFO c.h.h.t.HelmChartContainer - [K3S] [handler_proxy.go:99] no RequestInfo found in the context
2025-01-29 13:37:41,889 INFO c.h.h.t.HelmChartContainer - [K3S] [controller.go:102] "Unhandled Error" err=<
2025-01-29 13:37:41,889 INFO c.h.h.t.HelmChartContainer - [K3S] 	, Header: map[Content-Type:[text/plain; charset=utf-8] X-Content-Type-Options:[nosniff]]
2025-01-29 13:37:41,889 INFO c.h.h.t.HelmChartContainer - [K3S]  >
2025-01-29 13:37:45,622 INFO c.h.h.t.HelmChartContainer - [K3S] [kuberuntime_manager.go:1702] "Updating runtime config through cri with podcidr" CIDR="10.42.0.0/24"
2025-01-29 13:37:45,623 INFO c.h.h.t.HelmChartContainer - [K3S] [kubelet_network.go:61] "Updating Pod CIDR" originalPodCIDR="" newPodCIDR="10.42.0.0/24"
2025-01-29 13:37:45,635 INFO c.h.h.t.HelmChartContainer - [K3S] [range_allocator.go:247] "Successfully synced" key="2553df930ab9"
2025-01-29 13:37:46,102 DEBUG c.h.h.t.HelmChartContainer - Image file loaded 'hivemq-platform-operator.tar'
2025-01-29 13:37:46,230 INFO c.h.h.t.HelmChartContainer - [K3S] [replica_set.go:679] "Finished syncing" kind="ReplicaSet" key="kube-system/coredns-ff8999cc5" duration="35.998µs"
2025-01-29 13:37:46,248 INFO c.h.h.t.HelmChartContainer - [K3S] [replica_set.go:679] "Finished syncing" kind="ReplicaSet" key="kube-system/local-path-provisioner-698b58967b" duration="6.501706ms"
2025-01-29 13:37:46,249 INFO c.h.h.t.HelmChartContainer - [K3S] [replica_set.go:679] "Finished syncing" kind="ReplicaSet" key="kube-system/local-path-provisioner-698b58967b" duration="162.253µs"
2025-01-29 13:37:46,251 INFO c.h.h.t.HelmChartContainer - [K3S] [replica_set.go:679] "Finished syncing" kind="ReplicaSet" key="kube-system/metrics-server-8584b5786c" duration="29.105µs"
2025-01-29 13:37:46,282 INFO c.h.h.t.HelmChartContainer - [K3S] [replica_set.go:679] "Finished syncing" kind="ReplicaSet" key="kube-system/coredns-ff8999cc5" duration="12.0581ms"
2025-01-29 13:37:46,284 INFO c.h.h.t.HelmChartContainer - [K3S] [replica_set.go:679] "Finished syncing" kind="ReplicaSet" key="kube-system/coredns-ff8999cc5" duration="40.625µs"
2025-01-29 13:37:46,650 DEBUG c.h.h.t.HelmChartContainer - Image file loaded 'hivemq-platform-operator-init.tar'
2025-01-29 13:37:52,253 DEBUG c.h.h.t.HelmChartContainer - Image file loaded 'hivemq-platform.tar'
2025-01-29 13:37:52,253 DEBUG c.h.h.t.HelmChartContainer - Successful Helm chart Container startup
2025-01-29 13:37:52,294 INFO t.localhost/testcontainers/jdijprfgx8hcyffk:latest - Container localhost/testcontainers/jdijprfgx8hcyffk:latest started in PT23.270651542S
2025-01-29 13:37:52,303 DEBUG c.h.h.t.HelmChartContainer - Executing helm command: /bin/helm --kubeconfig /etc/rancher/k3s/k3s.yaml repo add hivemq https://hivemq.github.io/helm-charts
2025-01-29 13:37:53,747 INFO c.h.h.t.HelmChartContainer - Saved kubeconfig file on /tmp/kubeconfig-10443185917945066192.yaml
2025-01-29 13:37:53,748 INFO c.h.h.t.HelmChartContainer - HelmChartContainer is started
2025-01-29 13:37:53,755 INFO c.h.h.t.HelmChartContainer - [EVENT] Normal [Starting] Starting kubelet. [null:2553df930ab9]
2025-01-29 13:37:53,756 INFO c.h.h.t.HelmChartContainer - [EVENT] Normal [NodeHasSufficientMemory] Node 2553df930ab9 status is now: NodeHasSufficientMemory [null:2553df930ab9]
2025-01-29 13:37:53,756 INFO c.h.h.t.HelmChartContainer - [EVENT] Normal [NodeHasNoDiskPressure] Node 2553df930ab9 status is now: NodeHasNoDiskPressure [null:2553df930ab9]
2025-01-29 13:37:53,757 INFO c.h.h.t.HelmChartContainer - [EVENT] Normal [NodeHasSufficientPID] Node 2553df930ab9 status is now: NodeHasSufficientPID [null:2553df930ab9]
2025-01-29 13:37:53,760 INFO c.h.h.t.HelmChartContainer - [EVENT] Normal [NodeAllocatableEnforced] Updated Node Allocatable limit across pods [null:2553df930ab9]
2025-01-29 13:37:53,763 INFO c.h.h.t.HelmChartContainer - [EVENT] Normal [NodeReady] Node 2553df930ab9 status is now: NodeReady [null:2553df930ab9]
2025-01-29 13:37:53,764 INFO c.h.h.t.HelmChartContainer - [EVENT] Normal [NodePasswordValidationComplete] Deferred node password secret validation complete [null:2553df930ab9]
2025-01-29 13:37:53,765 INFO c.h.h.t.HelmChartContainer - [EVENT] Normal [Synced] Node synced successfully [null:2553df930ab9]
2025-01-29 13:37:53,769 INFO c.h.h.t.HelmChartContainer - [EVENT] Normal [RegisteredNode] Node 2553df930ab9 event: Registered Node 2553df930ab9 in Controller [null:2553df930ab9]
]]></system-out>
  <system-err><![CDATA[]]></system-err>
</testsuite>
