<?xml version="1.0" encoding="UTF-8"?>
<testsuite name="com.hivemq.helmcharts.monitoring.HelmMonitoringOperatorIT" tests="1" skipped="0" failures="0" errors="0" timestamp="2025-03-26T11:03:49" hostname="fv-az1340-543" time="170.498">
  <properties/>
  <testcase name="withOperatorMonitoringEnabled_metricsAndDashboardAvailable()" classname="com.hivemq.helmcharts.monitoring.HelmMonitoringOperatorIT" time="170.498"/>
</testsuite>
