<?xml version="1.0" encoding="UTF-8"?>
<testsuite name="com.hivemq.helmcharts.license.HelmDataHubLicensesIT" tests="2" skipped="0" failures="0" errors="0" timestamp="2025-09-25T08:46:52" hostname="runnervm3ublj" time="185.86">
  <properties/>
  <testcase name="withDataHubLicenseFileContent_statefulSetWithLicenseSecretMounted()" classname="com.hivemq.helmcharts.license.HelmDataHubLicensesIT" time="91.707"/>
  <testcase name="withExistingDataHubLicenseFileContent_statefulSetWithLicenseSecretMounted()" classname="com.hivemq.helmcharts.license.HelmDataHubLicensesIT" time="94.153"/>
</testsuite>
