<?xml version="1.0" encoding="UTF-8"?>
<testsuite name="com.hivemq.helmcharts.StatefulSetRollingUpgradeIT" tests="1" skipped="0" failures="0" errors="0" timestamp="2025-01-29T13:41:12" hostname="fv-az1784-595" time="143.057">
  <properties/>
  <testcase name="withStatefulSet_RollingUpgrade()" classname="com.hivemq.helmcharts.StatefulSetRollingUpgradeIT" time="143.057">
    <system-out><![CDATA[2025-01-29 13:41:12,076 INFO t.localhost/testcontainers/frcemanl7kgrmyat:latest - Creating container for image: localhost/testcontainers/frcemanl7kgrmyat:latest
2025-01-29 13:41:12,167 INFO t.localhost/testcontainers/frcemanl7kgrmyat:latest - Container localhost/testcontainers/frcemanl7kgrmyat:latest is starting: a45dba27944b4d0ba061006f59793cdb56be50700c001547554d26cd09b8ce56
2025-01-29 13:41:12,574 INFO c.h.h.t.OperatorHelmChartContainer - [K3S] [INFO] Starting k3s v1.32.1+k3s1 (6a322f12)
2025-01-29 13:41:12,577 INFO c.h.h.t.OperatorHelmChartContainer - [K3S] [INFO] Configuring sqlite3 database connection pooling: maxIdleConns=2, maxOpenConns=0, connMaxLifetime=0s
2025-01-29 13:41:12,577 INFO c.h.h.t.OperatorHelmChartContainer - [K3S] [INFO] Configuring database table schema and indexes, this may take a moment...
2025-01-29 13:41:12,580 INFO c.h.h.t.OperatorHelmChartContainer - [K3S] [INFO] Database tables and indexes are up to date
2025-01-29 13:41:12,582 INFO c.h.h.t.OperatorHelmChartContainer - [K3S] [INFO] Kine available at unix://kine.sock
2025-01-29 13:41:12,651 INFO c.h.h.t.OperatorHelmChartContainer - [K3S] [INFO] Saving cluster bootstrap data to datastore
2025-01-29 13:41:12,652 INFO c.h.h.t.OperatorHelmChartContainer - [K3S] [WARNING] dynamiclistener [::]:6443: no cached certificate available for preload - deferring certificate load until storage initialization or first client request
2025-01-29 13:41:12,652 INFO c.h.h.t.OperatorHelmChartContainer - [K3S] [INFO] Active TLS secret / (ver=) (count 10): map[listener.cattle.io/cn-10.43.0.1:10.43.0.1 listener.cattle.io/cn-127.0.0.1:127.0.0.1 listener.cattle.io/cn-172.17.0.3:172.17.0.3 listener.cattle.io/cn-__1-f16284:::1 listener.cattle.io/cn-a45dba27944b:a45dba27944b listener.cattle.io/cn-kubernetes:kubernetes listener.cattle.io/cn-kubernetes.default:kubernetes.default listener.cattle.io/cn-kubernetes.default.svc:kubernetes.default.svc listener.cattle.io/cn-kubernetes.default.svc.cluster.local:kubernetes.default.svc.cluster.local listener.cattle.io/cn-localhost:localhost listener.cattle.io/fingerprint:SHA1=94B36711A2D832D718AD217C58A5217CBDA8EFC1]
2025-01-29 13:41:12,811 INFO c.h.h.t.OperatorHelmChartContainer - [K3S] [INFO] Running kube-apiserver --advertise-port=6443 --allow-privileged=true --anonymous-auth=false --api-audiences=https://kubernetes.default.svc.cluster.local,k3s --authorization-mode=Node,RBAC --bind-address=127.0.0.1 --cert-dir=/var/lib/rancher/k3s/server/tls/temporary-certs --client-ca-file=/var/lib/rancher/k3s/server/tls/client-ca.crt --egress-selector-config-file=/var/lib/rancher/k3s/server/etc/egress-selector-config.yaml --enable-admission-plugins=NodeRestriction --enable-aggregator-routing=true --enable-bootstrap-token-auth=true --etcd-servers=unix://kine.sock --kubelet-certificate-authority=/var/lib/rancher/k3s/server/tls/server-ca.crt --kubelet-client-certificate=/var/lib/rancher/k3s/server/tls/client-kube-apiserver.crt --kubelet-client-key=/var/lib/rancher/k3s/server/tls/client-kube-apiserver.key --kubelet-preferred-address-types=InternalIP,ExternalIP,Hostname --profiling=false --proxy-client-cert-file=/var/lib/rancher/k3s/server/tls/client-auth-proxy.crt --proxy-client-key-file=/var/lib/rancher/k3s/server/tls/client-auth-proxy.key --requestheader-allowed-names=system:auth-proxy --requestheader-client-ca-file=/var/lib/rancher/k3s/server/tls/request-header-ca.crt --requestheader-extra-headers-prefix=X-Remote-Extra- --requestheader-group-headers=X-Remote-Group --requestheader-username-headers=X-Remote-User --secure-port=6444 --service-account-issuer=https://kubernetes.default.svc.cluster.local --service-account-key-file=/var/lib/rancher/k3s/server/tls/service.key --service-account-signing-key-file=/var/lib/rancher/k3s/server/tls/service.current.key --service-cluster-ip-range=10.43.0.0/16 --service-node-port-range=30000-32767 --storage-backend=etcd3 --tls-cert-file=/var/lib/rancher/k3s/server/tls/serving-kube-apiserver.crt --tls-cipher-suites=TLS_ECDHE_ECDSA_WITH_AES_256_GCM_SHA384,TLS_ECDHE_RSA_WITH_AES_256_GCM_SHA384,TLS_ECDHE_ECDSA_WITH_AES_128_GCM_SHA256,TLS_ECDHE_RSA_WITH_AES_128_GCM_SHA256,TLS_ECDHE_ECDSA_WITH_CHACHA20_POLY1305,TLS_ECDHE_RSA_WITH_CHACHA20_POLY1305 --tls-private-key-file=/var/lib/rancher/k3s/server/tls/serving-kube-apiserver.key
2025-01-29 13:41:12,812 INFO c.h.h.t.OperatorHelmChartContainer - [K3S] [INFO] Running kube-scheduler --authentication-kubeconfig=/var/lib/rancher/k3s/server/cred/scheduler.kubeconfig --authorization-kubeconfig=/var/lib/rancher/k3s/server/cred/scheduler.kubeconfig --bind-address=127.0.0.1 --kubeconfig=/var/lib/rancher/k3s/server/cred/scheduler.kubeconfig --leader-elect=false --profiling=false --secure-port=10259
2025-01-29 13:41:12,813 INFO c.h.h.t.OperatorHelmChartContainer - [K3S] [INFO] Waiting for API server to become available
2025-01-29 13:41:12,813 INFO c.h.h.t.OperatorHelmChartContainer - [K3S] [registry.go:256] calling componentGlobalsRegistry.AddFlags more than once, the registry will be set by the latest flags
2025-01-29 13:41:12,813 INFO c.h.h.t.OperatorHelmChartContainer - [K3S] [registry.go:256] calling componentGlobalsRegistry.AddFlags more than once, the registry will be set by the latest flags
2025-01-29 13:41:12,813 INFO c.h.h.t.OperatorHelmChartContainer - [K3S] [INFO] Running kube-controller-manager --allocate-node-cidrs=true --authentication-kubeconfig=/var/lib/rancher/k3s/server/cred/controller.kubeconfig --authorization-kubeconfig=/var/lib/rancher/k3s/server/cred/controller.kubeconfig --bind-address=127.0.0.1 --cluster-cidr=10.42.0.0/16 --cluster-signing-kube-apiserver-client-cert-file=/var/lib/rancher/k3s/server/tls/client-ca.nochain.crt --cluster-signing-kube-apiserver-client-key-file=/var/lib/rancher/k3s/server/tls/client-ca.key --cluster-signing-kubelet-client-cert-file=/var/lib/rancher/k3s/server/tls/client-ca.nochain.crt --cluster-signing-kubelet-client-key-file=/var/lib/rancher/k3s/server/tls/client-ca.key --cluster-signing-kubelet-serving-cert-file=/var/lib/rancher/k3s/server/tls/server-ca.nochain.crt --cluster-signing-kubelet-serving-key-file=/var/lib/rancher/k3s/server/tls/server-ca.key --cluster-signing-legacy-unknown-cert-file=/var/lib/rancher/k3s/server/tls/server-ca.nochain.crt --cluster-signing-legacy-unknown-key-file=/var/lib/rancher/k3s/server/tls/server-ca.key --configure-cloud-routes=false --controllers=*,tokencleaner,-service,-route,-cloud-node-lifecycle --kubeconfig=/var/lib/rancher/k3s/server/cred/controller.kubeconfig --leader-elect=false --profiling=false --root-ca-file=/var/lib/rancher/k3s/server/tls/server-ca.crt --secure-port=10257 --service-account-private-key-file=/var/lib/rancher/k3s/server/tls/service.current.key --service-cluster-ip-range=10.43.0.0/16 --use-service-account-credentials=true
2025-01-29 13:41:12,813 INFO c.h.h.t.OperatorHelmChartContainer - [K3S] [options.go:238] external host was not specified, using 172.17.0.3
2025-01-29 13:41:12,813 INFO c.h.h.t.OperatorHelmChartContainer - [K3S] [options.go:299] unable to set WatchListClient feature gate, err: cannot override default for feature "WatchListClient": gates already added to a flag set
2025-01-29 13:41:12,813 INFO c.h.h.t.OperatorHelmChartContainer - [K3S] [registry.go:256] calling componentGlobalsRegistry.AddFlags more than once, the registry will be set by the latest flags
2025-01-29 13:41:12,813 INFO c.h.h.t.OperatorHelmChartContainer - [K3S] [INFO] Running cloud-controller-manager --allocate-node-cidrs=true --authentication-kubeconfig=/var/lib/rancher/k3s/server/cred/cloud-controller.kubeconfig --authorization-kubeconfig=/var/lib/rancher/k3s/server/cred/cloud-controller.kubeconfig --bind-address=127.0.0.1 --cloud-config=/var/lib/rancher/k3s/server/etc/cloud-config.yaml --cloud-provider=k3s --cluster-cidr=10.42.0.0/16 --configure-cloud-routes=false --controllers=*,-route --kubeconfig=/var/lib/rancher/k3s/server/cred/cloud-controller.kubeconfig --leader-elect=false --leader-elect-resource-name=k3s-cloud-controller-manager --node-status-update-frequency=1m0s --profiling=false
2025-01-29 13:41:12,814 INFO c.h.h.t.OperatorHelmChartContainer - [K3S] [INFO] Server node token is available at /var/lib/rancher/k3s/server/token
2025-01-29 13:41:12,814 INFO c.h.h.t.OperatorHelmChartContainer - [K3S] [INFO] To join server node to cluster: k3s server -s https://172.17.0.3:6443 -t ${SERVER_NODE_TOKEN}
2025-01-29 13:41:12,814 INFO c.h.h.t.OperatorHelmChartContainer - [K3S] [INFO] Agent node token is available at /var/lib/rancher/k3s/server/agent-token
2025-01-29 13:41:12,815 INFO c.h.h.t.OperatorHelmChartContainer - [K3S] [INFO] To join agent node to cluster: k3s agent -s https://172.17.0.3:6443 -t ${AGENT_NODE_TOKEN}
2025-01-29 13:41:12,815 INFO c.h.h.t.OperatorHelmChartContainer - [K3S] [server.go:151] Version: v1.32.1+k3s1
2025-01-29 13:41:12,815 INFO c.h.h.t.OperatorHelmChartContainer - [K3S] [server.go:153] "Golang settings" GOGC="" GOMAXPROCS="" GOTRACEBACK=""
2025-01-29 13:41:12,815 INFO c.h.h.t.OperatorHelmChartContainer - [K3S] [INFO] Wrote kubeconfig /etc/rancher/k3s/k3s.yaml
2025-01-29 13:41:12,815 INFO c.h.h.t.OperatorHelmChartContainer - [K3S] [INFO] Run: k3s kubectl
2025-01-29 13:41:13,087 INFO c.h.h.t.OperatorHelmChartContainer - [K3S] [plugins.go:157] Loaded 13 mutating admission controller(s) successfully in the following order: NamespaceLifecycle,LimitRanger,ServiceAccount,NodeRestriction,TaintNodesByCondition,Priority,DefaultTolerationSeconds,DefaultStorageClass,StorageObjectInUseProtection,RuntimeClass,DefaultIngressClass,MutatingAdmissionPolicy,MutatingAdmissionWebhook.
2025-01-29 13:41:13,087 INFO c.h.h.t.OperatorHelmChartContainer - [K3S] [plugins.go:160] Loaded 13 validating admission controller(s) successfully in the following order: LimitRanger,ServiceAccount,PodSecurity,Priority,PersistentVolumeClaimResize,RuntimeClass,CertificateApproval,CertificateSigning,ClusterTrustBundleAttest,CertificateSubjectRestriction,ValidatingAdmissionPolicy,ValidatingAdmissionWebhook,ResourceQuota.
2025-01-29 13:41:13,088 INFO c.h.h.t.OperatorHelmChartContainer - [K3S] [instance.go:233] Using reconciler: lease
2025-01-29 13:41:13,152 INFO c.h.h.t.OperatorHelmChartContainer - [K3S] [apis.go:106] API group "internal.apiserver.k8s.io" is not enabled, skipping.
2025-01-29 13:41:13,195 INFO c.h.h.t.OperatorHelmChartContainer - [K3S] [apis.go:106] API group "storagemigration.k8s.io" is not enabled, skipping.
2025-01-29 13:41:13,220 INFO c.h.h.t.OperatorHelmChartContainer - [K3S] [apis.go:106] API group "resource.k8s.io" is not enabled, skipping.
2025-01-29 13:41:13,416 INFO c.h.h.t.OperatorHelmChartContainer - [K3S] [INFO] Password verified locally for node a45dba27944b
2025-01-29 13:41:13,566 INFO c.h.h.t.OperatorHelmChartContainer - [K3S] [secure_serving.go:213] Serving securely on 127.0.0.1:6444
2025-01-29 13:41:13,566 INFO c.h.h.t.OperatorHelmChartContainer - [K3S] [dynamic_cafile_content.go:161] "Starting controller" name="request-header::/var/lib/rancher/k3s/server/tls/request-header-ca.crt"
2025-01-29 13:41:13,566 INFO c.h.h.t.OperatorHelmChartContainer - [K3S] [dynamic_serving_content.go:135] "Starting controller" name="serving-cert::/var/lib/rancher/k3s/server/tls/serving-kube-apiserver.crt::/var/lib/rancher/k3s/server/tls/serving-kube-apiserver.key"
2025-01-29 13:41:13,566 INFO c.h.h.t.OperatorHelmChartContainer - [K3S] [tlsconfig.go:243] "Starting DynamicServingCertificateController"
2025-01-29 13:41:13,567 INFO c.h.h.t.OperatorHelmChartContainer - [K3S] [apf_controller.go:377] Starting API Priority and Fairness config controller
2025-01-29 13:41:13,567 INFO c.h.h.t.OperatorHelmChartContainer - [K3S] [local_available_controller.go:156] Starting LocalAvailability controller
2025-01-29 13:41:13,568 INFO c.h.h.t.OperatorHelmChartContainer - [K3S] [apiservice_controller.go:100] Starting APIServiceRegistrationController
2025-01-29 13:41:13,568 INFO c.h.h.t.OperatorHelmChartContainer - [K3S] [controller.go:78] Starting OpenAPI AggregationController
2025-01-29 13:41:13,568 INFO c.h.h.t.OperatorHelmChartContainer - [K3S] [system_namespaces_controller.go:66] Starting system namespaces controller
2025-01-29 13:41:13,568 INFO c.h.h.t.OperatorHelmChartContainer - [K3S] [customresource_discovery_controller.go:292] Starting DiscoveryController
2025-01-29 13:41:13,569 INFO c.h.h.t.OperatorHelmChartContainer - [K3S] [remote_available_controller.go:411] Starting RemoteAvailability controller
2025-01-29 13:41:13,569 INFO c.h.h.t.OperatorHelmChartContainer - [K3S] [dynamic_cafile_content.go:161] "Starting controller" name="client-ca-bundle::/var/lib/rancher/k3s/server/tls/client-ca.crt"
2025-01-29 13:41:13,569 INFO c.h.h.t.OperatorHelmChartContainer - [K3S] [dynamic_serving_content.go:135] "Starting controller" name="aggregator-proxy-cert::/var/lib/rancher/k3s/server/tls/client-auth-proxy.crt::/var/lib/rancher/k3s/server/tls/client-auth-proxy.key"
2025-01-29 13:41:13,571 INFO c.h.h.t.OperatorHelmChartContainer - [K3S] [controller.go:80] Starting OpenAPI V3 AggregationController
2025-01-29 13:41:13,571 INFO c.h.h.t.OperatorHelmChartContainer - [K3S] [controller.go:119] Starting legacy_token_tracking_controller
2025-01-29 13:41:13,572 INFO c.h.h.t.OperatorHelmChartContainer - [K3S] [gc_controller.go:78] Starting apiserver lease garbage collector
2025-01-29 13:41:13,572 INFO c.h.h.t.OperatorHelmChartContainer - [K3S] [aggregator.go:169] waiting for initial CRD sync...
2025-01-29 13:41:13,572 INFO c.h.h.t.OperatorHelmChartContainer - [K3S] [cluster_authentication_trust_controller.go:462] Starting cluster_authentication_trust_controller controller
2025-01-29 13:41:13,572 INFO c.h.h.t.OperatorHelmChartContainer - [K3S] [controller.go:142] Starting OpenAPI controller
2025-01-29 13:41:13,572 INFO c.h.h.t.OperatorHelmChartContainer - [K3S] [controller.go:90] Starting OpenAPI V3 controller
2025-01-29 13:41:13,572 INFO c.h.h.t.OperatorHelmChartContainer - [K3S] [naming_controller.go:294] Starting NamingConditionController
2025-01-29 13:41:13,572 INFO c.h.h.t.OperatorHelmChartContainer - [K3S] [establishing_controller.go:81] Starting EstablishingController
2025-01-29 13:41:13,572 INFO c.h.h.t.OperatorHelmChartContainer - [K3S] [nonstructuralschema_controller.go:195] Starting NonStructuralSchemaConditionController
2025-01-29 13:41:13,572 INFO c.h.h.t.OperatorHelmChartContainer - [K3S] [apiapproval_controller.go:189] Starting KubernetesAPIApprovalPolicyConformantConditionController
2025-01-29 13:41:13,572 INFO c.h.h.t.OperatorHelmChartContainer - [K3S] [crd_finalizer.go:269] Starting CRDFinalizer
2025-01-29 13:41:13,579 INFO c.h.h.t.OperatorHelmChartContainer - [K3S] [crdregistration_controller.go:114] Starting crd-autoregister controller
2025-01-29 13:41:13,580 INFO c.h.h.t.OperatorHelmChartContainer - [K3S] [dynamic_cafile_content.go:161] "Starting controller" name="client-ca-bundle::/var/lib/rancher/k3s/server/tls/client-ca.crt"
2025-01-29 13:41:13,580 INFO c.h.h.t.OperatorHelmChartContainer - [K3S] [dynamic_cafile_content.go:161] "Starting controller" name="request-header::/var/lib/rancher/k3s/server/tls/request-header-ca.crt"
2025-01-29 13:41:13,668 INFO c.h.h.t.OperatorHelmChartContainer - [K3S] [apf_controller.go:382] Running API Priority and Fairness config worker
2025-01-29 13:41:13,668 INFO c.h.h.t.OperatorHelmChartContainer - [K3S] [apf_controller.go:385] Running API Priority and Fairness periodic rebalancing process
2025-01-29 13:41:13,668 INFO c.h.h.t.OperatorHelmChartContainer - [K3S] [handler_discovery.go:451] Starting ResourceDiscoveryManager
2025-01-29 13:41:13,681 INFO c.h.h.t.OperatorHelmChartContainer - [K3S] [aggregator.go:171] initial CRD sync complete...
2025-01-29 13:41:13,681 INFO c.h.h.t.OperatorHelmChartContainer - [K3S] [autoregister_controller.go:144] Starting autoregister controller
2025-01-29 13:41:13,683 INFO c.h.h.t.OperatorHelmChartContainer - [K3S] [policy_source.go:240] refreshing policies
2025-01-29 13:41:13,684 INFO c.h.h.t.OperatorHelmChartContainer - [K3S] [controller.go:145] "Failed to ensure lease exists, will retry" err="namespaces \"kube-system\" not found" interval="200ms"
2025-01-29 13:41:13,724 INFO c.h.h.t.OperatorHelmChartContainer - [K3S] [controller.go:95] Unable to perform initial Kubernetes service initialization: namespaces "default" not found
2025-01-29 13:41:13,724 INFO c.h.h.t.OperatorHelmChartContainer - [K3S] [controller.go:148] "Unhandled Error" err="while syncing ConfigMap \"kube-system/kube-apiserver-legacy-service-account-token-tracking\", err: namespaces \"kube-system\" not found" logger="UnhandledError"
2025-01-29 13:41:13,963 INFO c.h.h.t.OperatorHelmChartContainer - [K3S] [INFO] Module overlay was already loaded
2025-01-29 13:41:13,963 INFO c.h.h.t.OperatorHelmChartContainer - [K3S] [INFO] Module nf_conntrack was already loaded
2025-01-29 13:41:13,963 INFO c.h.h.t.OperatorHelmChartContainer - [K3S] [INFO] Module br_netfilter was already loaded
2025-01-29 13:41:13,967 INFO c.h.h.t.OperatorHelmChartContainer - [K3S] [INFO] Set sysctl 'net/netfilter/nf_conntrack_max' to 131072
2025-01-29 13:41:13,968 INFO c.h.h.t.OperatorHelmChartContainer - [K3S] [INFO] Set sysctl 'net/netfilter/nf_conntrack_tcp_timeout_established' to 86400
2025-01-29 13:41:13,968 INFO c.h.h.t.OperatorHelmChartContainer - [K3S] [INFO] Set sysctl 'net/netfilter/nf_conntrack_tcp_timeout_close_wait' to 3600
2025-01-29 13:41:13,969 INFO c.h.h.t.OperatorHelmChartContainer - [K3S] [INFO] Logging containerd to /var/lib/rancher/k3s/agent/containerd/containerd.log
2025-01-29 13:41:13,969 INFO c.h.h.t.OperatorHelmChartContainer - [K3S] [INFO] Running containerd -c /var/lib/rancher/k3s/agent/etc/containerd/config.toml -a /run/k3s/containerd/containerd.sock --state /run/k3s/containerd --root /var/lib/rancher/k3s/agent/containerd
2025-01-29 13:41:14,575 INFO c.h.h.t.OperatorHelmChartContainer - [K3S] [storage_scheduling.go:95] created PriorityClass system-node-critical with value 2000001000
2025-01-29 13:41:14,578 INFO c.h.h.t.OperatorHelmChartContainer - [K3S] [storage_scheduling.go:95] created PriorityClass system-cluster-critical with value 2000000000
2025-01-29 13:41:14,578 INFO c.h.h.t.OperatorHelmChartContainer - [K3S] [storage_scheduling.go:111] all system priority classes are created successfully or already exist.
2025-01-29 13:41:14,929 INFO c.h.h.t.OperatorHelmChartContainer - [K3S] [alloc.go:330] "allocated clusterIPs" service="default/kubernetes" clusterIPs={"IPv4":"10.43.0.1"}
2025-01-29 13:41:14,933 INFO c.h.h.t.OperatorHelmChartContainer - [K3S] [lease.go:265] Resetting endpoints for master service "kubernetes" to [172.17.0.3]
2025-01-29 13:41:14,973 INFO c.h.h.t.OperatorHelmChartContainer - [K3S] [INFO] containerd is now running
2025-01-29 13:41:14,976 INFO c.h.h.t.OperatorHelmChartContainer - [K3S] [INFO] Connecting to proxy" url="wss://127.0.0.1:6443/v1-k3s/connect
2025-01-29 13:41:14,977 INFO c.h.h.t.OperatorHelmChartContainer - [K3S] [INFO] Creating k3s-cert-monitor event broadcaster
2025-01-29 13:41:14,978 INFO c.h.h.t.OperatorHelmChartContainer - [K3S] [INFO] Running kubelet --cloud-provider=external --config-dir=/var/lib/rancher/k3s/agent/etc/kubelet.conf.d --containerd=/run/k3s/containerd/containerd.sock --hostname-override=a45dba27944b --kubeconfig=/var/lib/rancher/k3s/agent/kubelet.kubeconfig --node-ip=172.17.0.3 --node-labels=
2025-01-29 13:41:14,981 INFO c.h.h.t.OperatorHelmChartContainer - [K3S] [INFO] Handling backend connection request [a45dba27944b]
2025-01-29 13:41:14,981 INFO c.h.h.t.OperatorHelmChartContainer - [K3S] [INFO] Remotedialer connected to proxy" url="wss://127.0.0.1:6443/v1-k3s/connect
2025-01-29 13:41:14,983 INFO c.h.h.t.OperatorHelmChartContainer - [K3S] Flag --containerd has been deprecated, This is a cadvisor flag that was mistakenly registered with the Kubelet. Due to legacy concerns, it will follow the standard CLI deprecation timeline before being removed.
2025-01-29 13:41:14,987 INFO c.h.h.t.OperatorHelmChartContainer - [K3S] [server.go:515] "Kubelet version" kubeletVersion="v1.32.1+k3s1"
2025-01-29 13:41:14,987 INFO c.h.h.t.OperatorHelmChartContainer - [K3S] [server.go:517] "Golang settings" GOGC="" GOMAXPROCS="" GOTRACEBACK=""
2025-01-29 13:41:14,988 INFO c.h.h.t.OperatorHelmChartContainer - [K3S] [dynamic_cafile_content.go:161] "Starting controller" name="client-ca-bundle::/var/lib/rancher/k3s/agent/client-ca.crt"
2025-01-29 13:41:14,990 INFO c.h.h.t.OperatorHelmChartContainer - [K3S] [log.go:32] "RuntimeConfig from runtime service failed" err="rpc error: code = Unimplemented desc = method RuntimeConfig not implemented"
2025-01-29 13:41:14,990 INFO c.h.h.t.OperatorHelmChartContainer - [K3S] [server.go:1416] "CRI implementation should be updated to support RuntimeConfig when KubeletCgroupDriverFromCRI feature gate has been enabled. Falling back to using cgroupDriver from kubelet config."
2025-01-29 13:41:14,994 INFO c.h.h.t.OperatorHelmChartContainer - [K3S] [info.go:53] Couldn't collect info from any of the files in "/etc/machine-id,/var/lib/dbus/machine-id"
2025-01-29 13:41:14,994 INFO c.h.h.t.OperatorHelmChartContainer - [K3S] [server.go:767] "--cgroups-per-qos enabled, but --cgroup-root was not specified.  defaulting to /"
2025-01-29 13:41:14,994 INFO c.h.h.t.OperatorHelmChartContainer - [K3S] [server.go:836] "NoSwap is set due to memorySwapBehavior not specified" memorySwapBehavior="" FailSwapOn=false
2025-01-29 13:41:14,995 INFO c.h.h.t.OperatorHelmChartContainer - [K3S] [swap_util.go:115] "Swap is on" /proc/swaps contents=<
2025-01-29 13:41:14,995 INFO c.h.h.t.OperatorHelmChartContainer - [K3S] 	Filename				Type		Size		Used		Priority
2025-01-29 13:41:14,995 INFO c.h.h.t.OperatorHelmChartContainer - [K3S] 	/mnt/swapfile                           file		4194300		12		-2
2025-01-29 13:41:14,995 INFO c.h.h.t.OperatorHelmChartContainer - [K3S]  >
2025-01-29 13:41:14,996 INFO c.h.h.t.OperatorHelmChartContainer - [K3S] [container_manager_linux.go:268] "Container manager verified user specified cgroup-root exists" cgroupRoot=[]
2025-01-29 13:41:14,996 INFO c.h.h.t.OperatorHelmChartContainer - [K3S] [container_manager_linux.go:273] "Creating Container Manager object based on Node Config" nodeConfig={"NodeName":"a45dba27944b","RuntimeCgroupsName":"","SystemCgroupsName":"","KubeletCgroupsName":"/k3s","KubeletOOMScoreAdj":-999,"ContainerRuntime":"","CgroupsPerQOS":true,"CgroupRoot":"/","CgroupDriver":"cgroupfs","KubeletRootDir":"/var/lib/kubelet","ProtectKernelDefaults":false,"KubeReservedCgroupName":"","SystemReservedCgroupName":"","ReservedSystemCPUs":{},"EnforceNodeAllocatable":{"pods":{}},"KubeReserved":null,"SystemReserved":null,"HardEvictionThresholds":[{"Signal":"imagefs.available","Operator":"LessThan","Value":{"Quantity":null,"Percentage":0.05},"GracePeriod":0,"MinReclaim":null},{"Signal":"nodefs.available","Operator":"LessThan","Value":{"Quantity":null,"Percentage":0.05},"GracePeriod":0,"MinReclaim":null}],"QOSReserved":{},"CPUManagerPolicy":"none","CPUManagerPolicyOptions":null,"TopologyManagerScope":"container","CPUManagerReconcilePeriod":10000000000,"ExperimentalMemoryManagerPolicy":"None","ExperimentalMemoryManagerReservedMemory":null,"PodPidsLimit":-1,"EnforceCPULimits":true,"CPUCFSQuotaPeriod":100000000,"TopologyManagerPolicy":"none","TopologyManagerPolicyOptions":null,"CgroupVersion":2}
2025-01-29 13:41:14,996 INFO c.h.h.t.OperatorHelmChartContainer - [K3S] [topology_manager.go:138] "Creating topology manager with none policy"
2025-01-29 13:41:14,996 INFO c.h.h.t.OperatorHelmChartContainer - [K3S] [container_manager_linux.go:304] "Creating device plugin manager"
2025-01-29 13:41:14,996 INFO c.h.h.t.OperatorHelmChartContainer - [K3S] [state_mem.go:36] "Initialized new in-memory state store"
2025-01-29 13:41:14,996 INFO c.h.h.t.OperatorHelmChartContainer - [K3S] [kubelet.go:446] "Attempting to sync node with API server"
2025-01-29 13:41:14,996 INFO c.h.h.t.OperatorHelmChartContainer - [K3S] [kubelet.go:341] "Adding static pod path" path="/var/lib/rancher/k3s/agent/pod-manifests"
2025-01-29 13:41:14,996 INFO c.h.h.t.OperatorHelmChartContainer - [K3S] [kubelet.go:352] "Adding apiserver pod source"
2025-01-29 13:41:14,997 INFO c.h.h.t.OperatorHelmChartContainer - [K3S] [apiserver.go:42] "Waiting for node sync before watching apiserver pods"
2025-01-29 13:41:14,998 INFO c.h.h.t.OperatorHelmChartContainer - [K3S] [kuberuntime_manager.go:269] "Container runtime initialized" containerRuntime="containerd" version="v1.7.23-k3s2" apiVersion="v1"
2025-01-29 13:41:14,998 INFO c.h.h.t.OperatorHelmChartContainer - [K3S] [kubelet.go:890] "Not starting ClusterTrustBundle informer because we are in static kubelet mode"
2025-01-29 13:41:14,998 INFO c.h.h.t.OperatorHelmChartContainer - [K3S] [probe.go:272] Flexvolume plugin directory at /usr/libexec/kubernetes/kubelet-plugins/volume/exec/ does not exist. Recreating.
2025-01-29 13:41:14,999 INFO c.h.h.t.OperatorHelmChartContainer - [K3S] [watchdog_linux.go:99] "Systemd watchdog is not enabled"
2025-01-29 13:41:14,999 INFO c.h.h.t.OperatorHelmChartContainer - [K3S] [server.go:1282] "Started kubelet"
2025-01-29 13:41:15,000 INFO c.h.h.t.OperatorHelmChartContainer - [K3S] [ratelimit.go:55] "Setting rate limiting for endpoint" service="podresources" qps=100 burstTokens=10
2025-01-29 13:41:15,003 INFO c.h.h.t.OperatorHelmChartContainer - [K3S] [server.go:243] "Starting to serve the podresources API" endpoint="unix:/var/lib/kubelet/pod-resources/kubelet.sock"
2025-01-29 13:41:15,003 INFO c.h.h.t.OperatorHelmChartContainer - [K3S] [server.go:169] "Starting to listen" address="0.0.0.0" port=10250
2025-01-29 13:41:15,003 INFO c.h.h.t.OperatorHelmChartContainer - [K3S] [fs_resource_analyzer.go:67] "Starting FS ResourceAnalyzer"
2025-01-29 13:41:15,003 INFO c.h.h.t.OperatorHelmChartContainer - [K3S] [server.go:490] "Adding debug handlers to kubelet server"
2025-01-29 13:41:15,003 INFO c.h.h.t.OperatorHelmChartContainer - [K3S] [server.go:208] "Starting to listen read-only" address="0.0.0.0" port=10255
2025-01-29 13:41:15,006 INFO c.h.h.t.OperatorHelmChartContainer - [K3S] [dynamic_serving_content.go:135] "Starting controller" name="kubelet-server-cert-files::/var/lib/rancher/k3s/agent/serving-kubelet.crt::/var/lib/rancher/k3s/agent/serving-kubelet.key"
2025-01-29 13:41:15,006 INFO c.h.h.t.OperatorHelmChartContainer - [K3S] [volume_manager.go:297] "Starting Kubelet Volume Manager"
2025-01-29 13:41:15,007 INFO c.h.h.t.OperatorHelmChartContainer - [K3S] [kubelet_node_status.go:467] "Error getting the current node from lister" err="node \"a45dba27944b\" not found"
2025-01-29 13:41:15,009 INFO c.h.h.t.OperatorHelmChartContainer - [K3S] [factory.go:221] Registration of the systemd container factory successfully
2025-01-29 13:41:15,010 INFO c.h.h.t.OperatorHelmChartContainer - [K3S] [factory.go:219] Registration of the crio container factory failed: Get "http://%2Fvar%2Frun%2Fcrio%2Fcrio.sock/info": dial unix /var/run/crio/crio.sock: connect: no such file or directory
2025-01-29 13:41:15,010 INFO c.h.h.t.OperatorHelmChartContainer - [K3S] [kubelet.go:1561] "Image garbage collection failed once. Stats initialization may not have completed yet" err="invalid capacity 0 on image filesystem"
2025-01-29 13:41:15,010 INFO c.h.h.t.OperatorHelmChartContainer - [K3S] [desired_state_of_world_populator.go:149] "Desired state populator starts to run"
2025-01-29 13:41:15,011 INFO c.h.h.t.OperatorHelmChartContainer - [K3S] [reconciler.go:26] "Reconciler: start to sync state"
2025-01-29 13:41:15,012 INFO c.h.h.t.OperatorHelmChartContainer - [K3S] [factory.go:221] Registration of the containerd container factory successfully
2025-01-29 13:41:15,014 INFO c.h.h.t.OperatorHelmChartContainer - [K3S] [kubelet_network_linux.go:50] "Initialized iptables rules." protocol="IPv4"
2025-01-29 13:41:15,016 INFO c.h.h.t.OperatorHelmChartContainer - [K3S] [kubelet_network_linux.go:50] "Initialized iptables rules." protocol="IPv6"
2025-01-29 13:41:15,016 INFO c.h.h.t.OperatorHelmChartContainer - [K3S] [status_manager.go:227] "Starting to sync pod status with apiserver"
2025-01-29 13:41:15,016 INFO c.h.h.t.OperatorHelmChartContainer - [K3S] [watchdog_linux.go:127] "Systemd watchdog is not enabled or the interval is invalid, so health checking will not be started."
2025-01-29 13:41:15,016 INFO c.h.h.t.OperatorHelmChartContainer - [K3S] [kubelet.go:2388] "Starting kubelet main sync loop"
2025-01-29 13:41:15,016 INFO c.h.h.t.OperatorHelmChartContainer - [K3S] [kubelet.go:2412] "Skipping pod synchronization" err="[container runtime status check may not have completed yet, PLEG is not healthy: pleg has yet to be successful]"
2025-01-29 13:41:15,028 INFO c.h.h.t.OperatorHelmChartContainer - [K3S] [nodelease.go:49] "Failed to get node when trying to set owner ref to the node lease" err="nodes \"a45dba27944b\" not found" node="a45dba27944b"
2025-01-29 13:41:15,054 INFO c.h.h.t.OperatorHelmChartContainer - [K3S] [cpu_manager.go:221] "Starting CPU manager" policy="none"
2025-01-29 13:41:15,054 INFO c.h.h.t.OperatorHelmChartContainer - [K3S] [cpu_manager.go:222] "Reconciling" reconcilePeriod="10s"
2025-01-29 13:41:15,054 INFO c.h.h.t.OperatorHelmChartContainer - [K3S] [state_mem.go:36] "Initialized new in-memory state store"
2025-01-29 13:41:15,057 INFO c.h.h.t.OperatorHelmChartContainer - [K3S] [policy_none.go:49] "None policy: Start"
2025-01-29 13:41:15,057 INFO c.h.h.t.OperatorHelmChartContainer - [K3S] [memory_manager.go:186] "Starting memorymanager" policy="None"
2025-01-29 13:41:15,058 INFO c.h.h.t.OperatorHelmChartContainer - [K3S] [state_mem.go:35] "Initializing new in-memory state store"
2025-01-29 13:41:15,058 INFO c.h.h.t.OperatorHelmChartContainer - [K3S] [manager.go:519] "Failed to read data from checkpoint" checkpoint="kubelet_internal_checkpoint" err="checkpoint is not found"
2025-01-29 13:41:15,059 INFO c.h.h.t.OperatorHelmChartContainer - [K3S] [eviction_manager.go:189] "Eviction manager: starting control loop"
2025-01-29 13:41:15,059 INFO c.h.h.t.OperatorHelmChartContainer - [K3S] [container_log_manager.go:189] "Initializing container log rotate workers" workers=1 monitorPeriod="10s"
2025-01-29 13:41:15,060 INFO c.h.h.t.OperatorHelmChartContainer - [K3S] [plugin_manager.go:118] "Starting Kubelet Plugin Manager"
2025-01-29 13:41:15,064 INFO c.h.h.t.OperatorHelmChartContainer - [K3S] [eviction_manager.go:267] "eviction manager: failed to check if we have separate container filesystem. Ignoring." err="no imagefs label for configured runtime"
2025-01-29 13:41:15,065 INFO c.h.h.t.OperatorHelmChartContainer - [K3S] [eviction_manager.go:292] "Eviction manager: failed to get summary stats" err="failed to get node info: node \"a45dba27944b\" not found"
2025-01-29 13:41:15,101 INFO c.h.h.t.OperatorHelmChartContainer - [K3S] [ERROR] Sending HTTP/1.1 503 response to 127.0.0.1:60026: runtime core not ready
2025-01-29 13:41:15,160 INFO c.h.h.t.OperatorHelmChartContainer - [K3S] [kubelet_node_status.go:76] "Attempting to register node" node="a45dba27944b"
2025-01-29 13:41:15,165 INFO c.h.h.t.OperatorHelmChartContainer - [K3S] [kubelet_node_status.go:79] "Successfully registered node" node="a45dba27944b"
2025-01-29 13:41:15,165 INFO c.h.h.t.OperatorHelmChartContainer - [K3S] [kubelet_node_status.go:549] "Error updating node status, will retry" err="error getting node \"a45dba27944b\": node \"a45dba27944b\" not found"
2025-01-29 13:41:15,168 INFO c.h.h.t.OperatorHelmChartContainer - [K3S] [INFO] Annotations and labels have been set successfully on node: a45dba27944b
2025-01-29 13:41:15,168 INFO c.h.h.t.OperatorHelmChartContainer - [K3S] [INFO] Starting flannel with backend vxlan
2025-01-29 13:41:15,198 INFO c.h.h.t.OperatorHelmChartContainer - [K3S] [INFO] Running kube-proxy --cluster-cidr=10.42.0.0/16 --conntrack-max-per-core=0 --conntrack-tcp-timeout-close-wait=0s --conntrack-tcp-timeout-established=0s --healthz-bind-address=127.0.0.1 --hostname-override=a45dba27944b --kubeconfig=/var/lib/rancher/k3s/agent/kubeproxy.kubeconfig --proxy-mode=iptables
2025-01-29 13:41:15,245 INFO c.h.h.t.OperatorHelmChartContainer - [K3S] [server.go:698] "Successfully retrieved node IP(s)" IPs=["172.17.0.3"]
2025-01-29 13:41:15,245 INFO c.h.h.t.OperatorHelmChartContainer - [K3S] [server.go:234] "Kube-proxy configuration may be incomplete or incorrect" err="nodePortAddresses is unset; NodePort connections will be accepted on all local IPs. Consider using `--nodeport-addresses primary`"
2025-01-29 13:41:15,247 INFO c.h.h.t.OperatorHelmChartContainer - [K3S] [server.go:243] "kube-proxy running in dual-stack mode" primary ipFamily="IPv4"
2025-01-29 13:41:15,247 INFO c.h.h.t.OperatorHelmChartContainer - [K3S] [server_linux.go:170] "Using iptables Proxier"
2025-01-29 13:41:15,248 INFO c.h.h.t.OperatorHelmChartContainer - [K3S] [proxier.go:255] "Setting route_localnet=1 to allow node-ports on localhost; to change this either disable iptables.localhostNodePorts (--iptables-localhost-nodeports) or set nodePortAddresses (--nodeport-addresses) to filter loopback addresses"
2025-01-29 13:41:15,249 INFO c.h.h.t.OperatorHelmChartContainer - [K3S] [server.go:497] "Version info" version="v1.32.1+k3s1"
2025-01-29 13:41:15,249 INFO c.h.h.t.OperatorHelmChartContainer - [K3S] [server.go:499] "Golang settings" GOGC="" GOMAXPROCS="" GOTRACEBACK=""
2025-01-29 13:41:15,250 INFO c.h.h.t.OperatorHelmChartContainer - [K3S] [config.go:329] "Starting node config controller"
2025-01-29 13:41:15,251 INFO c.h.h.t.OperatorHelmChartContainer - [K3S] [config.go:199] "Starting service config controller"
2025-01-29 13:41:15,251 INFO c.h.h.t.OperatorHelmChartContainer - [K3S] [config.go:105] "Starting endpoint slice config controller"
2025-01-29 13:41:15,370 INFO c.h.h.t.OperatorHelmChartContainer - [K3S] [kubelet_node_status.go:502] "Fast updating node status as it just became ready"
2025-01-29 13:41:15,817 INFO c.h.h.t.OperatorHelmChartContainer - [K3S] [INFO] Waiting for untainted node
2025-01-29 13:41:15,818 INFO c.h.h.t.OperatorHelmChartContainer - [K3S] [INFO] Waiting for cloud-controller-manager privileges to become available
2025-01-29 13:41:15,818 INFO c.h.h.t.OperatorHelmChartContainer - [K3S] [INFO] Kube API server is now running
2025-01-29 13:41:15,818 INFO c.h.h.t.OperatorHelmChartContainer - [K3S] [INFO] ETCD server is now running
2025-01-29 13:41:15,818 INFO c.h.h.t.OperatorHelmChartContainer - [K3S] [INFO] k3s is up and running
2025-01-29 13:41:15,820 INFO c.h.h.t.OperatorHelmChartContainer - [K3S] [INFO] Creating k3s-supervisor event broadcaster
2025-01-29 13:41:15,824 INFO c.h.h.t.OperatorHelmChartContainer - [K3S] [INFO] Applying CRD addons.k3s.cattle.io
2025-01-29 13:41:15,835 INFO c.h.h.t.OperatorHelmChartContainer - [K3S] [INFO] Applying CRD etcdsnapshotfiles.k3s.cattle.io
2025-01-29 13:41:15,844 INFO c.h.h.t.OperatorHelmChartContainer - [K3S] [INFO] Applying CRD helmcharts.helm.cattle.io
2025-01-29 13:41:15,854 INFO c.h.h.t.OperatorHelmChartContainer - [K3S] [INFO] Applying CRD helmchartconfigs.helm.cattle.io
2025-01-29 13:41:15,868 INFO c.h.h.t.OperatorHelmChartContainer - [K3S] [INFO] Waiting for CRD helmchartconfigs.helm.cattle.io to become available
2025-01-29 13:41:15,923 INFO c.h.h.t.OperatorHelmChartContainer - [K3S] [serving.go:392] Generated self-signed cert in-memory
2025-01-29 13:41:15,996 INFO c.h.h.t.OperatorHelmChartContainer - [K3S] [apiserver.go:52] "Watching apiserver"
2025-01-29 13:41:16,011 INFO c.h.h.t.OperatorHelmChartContainer - [K3S] [desired_state_of_world_populator.go:157] "Finished populating initial desired state of world"
2025-01-29 13:41:16,223 INFO c.h.h.t.OperatorHelmChartContainer - [K3S] [controllermanager.go:185] "Starting" version="v1.32.1+k3s1"
2025-01-29 13:41:16,223 INFO c.h.h.t.OperatorHelmChartContainer - [K3S] [controllermanager.go:187] "Golang settings" GOGC="" GOMAXPROCS="" GOTRACEBACK=""
2025-01-29 13:41:16,225 INFO c.h.h.t.OperatorHelmChartContainer - [K3S] [requestheader_controller.go:180] Starting RequestHeaderAuthRequestController
2025-01-29 13:41:16,226 INFO c.h.h.t.OperatorHelmChartContainer - [K3S] [configmap_cafile_content.go:205] "Starting controller" name="client-ca::kube-system::extension-apiserver-authentication::client-ca-file"
2025-01-29 13:41:16,226 INFO c.h.h.t.OperatorHelmChartContainer - [K3S] [configmap_cafile_content.go:205] "Starting controller" name="client-ca::kube-system::extension-apiserver-authentication::requestheader-client-ca-file"
2025-01-29 13:41:16,226 INFO c.h.h.t.OperatorHelmChartContainer - [K3S] [secure_serving.go:213] Serving securely on 127.0.0.1:10257
2025-01-29 13:41:16,226 INFO c.h.h.t.OperatorHelmChartContainer - [K3S] [tlsconfig.go:243] "Starting DynamicServingCertificateController"
2025-01-29 13:41:16,230 INFO c.h.h.t.OperatorHelmChartContainer - [K3S] [controllermanager.go:765] "Started controller" controller="serviceaccount-token-controller"
2025-01-29 13:41:16,230 INFO c.h.h.t.OperatorHelmChartContainer - [K3S] [controllermanager.go:717] "Controller is disabled by a feature gate" controller="service-cidr-controller" requiredFeatureGates=["MultiCIDRServiceAllocator"]
2025-01-29 13:41:16,236 INFO c.h.h.t.OperatorHelmChartContainer - [K3S] [controllermanager.go:765] "Started controller" controller="certificatesigningrequest-approving-controller"
2025-01-29 13:41:16,236 INFO c.h.h.t.OperatorHelmChartContainer - [K3S] [certificate_controller.go:120] "Starting certificate controller" name="csrapproving"
2025-01-29 13:41:16,240 INFO c.h.h.t.OperatorHelmChartContainer - [K3S] [controllermanager.go:765] "Started controller" controller="ttl-controller"
2025-01-29 13:41:16,240 INFO c.h.h.t.OperatorHelmChartContainer - [K3S] [controllermanager.go:723] "Skipping a cloud provider controller" controller="node-route-controller"
2025-01-29 13:41:16,240 INFO c.h.h.t.OperatorHelmChartContainer - [K3S] [ttl_controller.go:127] "Starting TTL controller"
2025-01-29 13:41:16,245 INFO c.h.h.t.OperatorHelmChartContainer - [K3S] [controllermanager.go:765] "Started controller" controller="ttl-after-finished-controller"
2025-01-29 13:41:16,245 INFO c.h.h.t.OperatorHelmChartContainer - [K3S] [controllermanager.go:717] "Controller is disabled by a feature gate" controller="storageversion-garbage-collector-controller" requiredFeatureGates=["APIServerIdentity","StorageVersionAPI"]
2025-01-29 13:41:16,245 INFO c.h.h.t.OperatorHelmChartContainer - [K3S] [controllermanager.go:743] "Warning: skipping controller" controller="storage-version-migrator-controller"
2025-01-29 13:41:16,245 INFO c.h.h.t.OperatorHelmChartContainer - [K3S] [ttlafterfinished_controller.go:112] "Starting TTL after finished controller"
2025-01-29 13:41:16,261 INFO c.h.h.t.OperatorHelmChartContainer - [K3S] [controllermanager.go:765] "Started controller" controller="resourcequota-controller"
2025-01-29 13:41:16,261 INFO c.h.h.t.OperatorHelmChartContainer - [K3S] [resource_quota_controller.go:300] "Starting resource quota controller"
2025-01-29 13:41:16,266 INFO c.h.h.t.OperatorHelmChartContainer - [K3S] [controllermanager.go:765] "Started controller" controller="daemonset-controller"
2025-01-29 13:41:16,266 INFO c.h.h.t.OperatorHelmChartContainer - [K3S] [daemon_controller.go:294] "Starting daemon sets controller"
2025-01-29 13:41:16,270 INFO c.h.h.t.OperatorHelmChartContainer - [K3S] [controllermanager.go:765] "Started controller" controller="replicaset-controller"
2025-01-29 13:41:16,270 INFO c.h.h.t.OperatorHelmChartContainer - [K3S] [replica_set.go:217] "Starting controller" name="replicaset"
2025-01-29 13:41:16,275 INFO c.h.h.t.OperatorHelmChartContainer - [K3S] [controllermanager.go:765] "Started controller" controller="clusterrole-aggregation-controller"
2025-01-29 13:41:16,275 INFO c.h.h.t.OperatorHelmChartContainer - [K3S] [controllermanager.go:717] "Controller is disabled by a feature gate" controller="resourceclaim-controller" requiredFeatureGates=["DynamicResourceAllocation"]
2025-01-29 13:41:16,275 INFO c.h.h.t.OperatorHelmChartContainer - [K3S] [clusterroleaggregation_controller.go:194] "Starting ClusterRoleAggregator controller"
2025-01-29 13:41:16,280 INFO c.h.h.t.OperatorHelmChartContainer - [K3S] [controllermanager.go:765] "Started controller" controller="endpointslice-mirroring-controller"
2025-01-29 13:41:16,280 INFO c.h.h.t.OperatorHelmChartContainer - [K3S] [endpointslicemirroring_controller.go:227] "Starting EndpointSliceMirroring controller"
2025-01-29 13:41:16,284 INFO c.h.h.t.OperatorHelmChartContainer - [K3S] [controllermanager.go:765] "Started controller" controller="cronjob-controller"
2025-01-29 13:41:16,284 INFO c.h.h.t.OperatorHelmChartContainer - [K3S] [cronjob_controllerv2.go:145] "Starting cronjob controller v2"
2025-01-29 13:41:16,371 INFO c.h.h.t.OperatorHelmChartContainer - [K3S] [INFO] Done waiting for CRD helmchartconfigs.helm.cattle.io to become available
2025-01-29 13:41:16,371 INFO c.h.h.t.OperatorHelmChartContainer - [K3S] [INFO] Writing static file: /var/lib/rancher/k3s/server/static/charts/traefik-27.0.201+up27.0.2.tgz
2025-01-29 13:41:16,372 INFO c.h.h.t.OperatorHelmChartContainer - [K3S] [INFO] Writing static file: /var/lib/rancher/k3s/server/static/charts/traefik-crd-27.0.201+up27.0.2.tgz
2025-01-29 13:41:16,372 INFO c.h.h.t.OperatorHelmChartContainer - [K3S] [INFO] Writing manifest: /var/lib/rancher/k3s/server/manifests/local-storage.yaml
2025-01-29 13:41:16,372 INFO c.h.h.t.OperatorHelmChartContainer - [K3S] [INFO] Writing manifest: /var/lib/rancher/k3s/server/manifests/metrics-server/auth-delegator.yaml
2025-01-29 13:41:16,373 INFO c.h.h.t.OperatorHelmChartContainer - [K3S] [INFO] Writing manifest: /var/lib/rancher/k3s/server/manifests/metrics-server/metrics-server-service.yaml
2025-01-29 13:41:16,374 INFO c.h.h.t.OperatorHelmChartContainer - [K3S] [INFO] Writing manifest: /var/lib/rancher/k3s/server/manifests/metrics-server/resource-reader.yaml
2025-01-29 13:41:16,374 INFO c.h.h.t.OperatorHelmChartContainer - [K3S] [INFO] Writing manifest: /var/lib/rancher/k3s/server/manifests/runtimes.yaml
2025-01-29 13:41:16,374 INFO c.h.h.t.OperatorHelmChartContainer - [K3S] [INFO] Writing manifest: /var/lib/rancher/k3s/server/manifests/ccm.yaml
2025-01-29 13:41:16,374 INFO c.h.h.t.OperatorHelmChartContainer - [K3S] [INFO] Writing manifest: /var/lib/rancher/k3s/server/manifests/metrics-server/aggregated-metrics-reader.yaml
2025-01-29 13:41:16,374 INFO c.h.h.t.OperatorHelmChartContainer - [K3S] [INFO] Writing manifest: /var/lib/rancher/k3s/server/manifests/metrics-server/auth-reader.yaml
2025-01-29 13:41:16,374 INFO c.h.h.t.OperatorHelmChartContainer - [K3S] [INFO] Writing manifest: /var/lib/rancher/k3s/server/manifests/metrics-server/metrics-apiservice.yaml
2025-01-29 13:41:16,374 INFO c.h.h.t.OperatorHelmChartContainer - [K3S] [INFO] Writing manifest: /var/lib/rancher/k3s/server/manifests/metrics-server/metrics-server-deployment.yaml
2025-01-29 13:41:16,374 INFO c.h.h.t.OperatorHelmChartContainer - [K3S] [INFO] Writing manifest: /var/lib/rancher/k3s/server/manifests/rolebindings.yaml
2025-01-29 13:41:16,374 INFO c.h.h.t.OperatorHelmChartContainer - [K3S] [INFO] Writing manifest: /var/lib/rancher/k3s/server/manifests/coredns.yaml
2025-01-29 13:41:16,376 INFO c.h.h.t.OperatorHelmChartContainer - [K3S] [INFO] Starting dynamiclistener CN filter node controller with SANs: [localhost 127.0.0.1 ::1 localhost a45dba27944b 172.17.0.3 10.43.0.1 kubernetes kubernetes.default kubernetes.default.svc kubernetes.default.svc.cluster.local]
2025-01-29 13:41:16,376 INFO c.h.h.t.OperatorHelmChartContainer - [K3S] [INFO] Tunnel server egress proxy mode: agent
2025-01-29 13:41:16,386 INFO c.h.h.t.OperatorHelmChartContainer - [K3S] [node_lifecycle_controller.go:432] "Controller will reconcile labels"
2025-01-29 13:41:16,387 INFO c.h.h.t.OperatorHelmChartContainer - [K3S] [controllermanager.go:765] "Started controller" controller="node-lifecycle-controller"
2025-01-29 13:41:16,387 INFO c.h.h.t.OperatorHelmChartContainer - [K3S] [controllermanager.go:717] "Controller is disabled by a feature gate" controller="volumeattributesclass-protection-controller" requiredFeatureGates=["VolumeAttributesClass"]
2025-01-29 13:41:16,387 INFO c.h.h.t.OperatorHelmChartContainer - [K3S] [node_lifecycle_controller.go:466] "Sending events to api server"
2025-01-29 13:41:16,387 INFO c.h.h.t.OperatorHelmChartContainer - [K3S] [node_lifecycle_controller.go:477] "Starting node controller"
2025-01-29 13:41:16,481 INFO c.h.h.t.OperatorHelmChartContainer - [K3S] [INFO] Starting k3s.cattle.io/v1, Kind=Addon controller
2025-01-29 13:41:16,481 INFO c.h.h.t.OperatorHelmChartContainer - [K3S] [INFO] Creating deploy event broadcaster
2025-01-29 13:41:16,532 INFO c.h.h.t.OperatorHelmChartContainer - [K3S] [controllermanager.go:765] "Started controller" controller="persistentvolume-protection-controller"
2025-01-29 13:41:16,532 INFO c.h.h.t.OperatorHelmChartContainer - [K3S] [pv_protection_controller.go:81] "Starting PV protection controller"
2025-01-29 13:41:16,584 INFO c.h.h.t.OperatorHelmChartContainer - [K3S] [INFO] Starting /v1, Kind=Node controller
2025-01-29 13:41:16,584 INFO c.h.h.t.OperatorHelmChartContainer - [K3S] [INFO] Creating helm-controller event broadcaster
2025-01-29 13:41:16,597 INFO c.h.h.t.OperatorHelmChartContainer - [K3S] [INFO] Cluster dns configmap has been set successfully
2025-01-29 13:41:16,599 INFO c.h.h.t.OperatorHelmChartContainer - [K3S] [INFO] Labels and annotations have been set successfully on node: a45dba27944b
2025-01-29 13:41:16,652 INFO c.h.h.t.OperatorHelmChartContainer - [K3S] [INFO] Starting /v1, Kind=Secret controller
2025-01-29 13:41:16,653 INFO c.h.h.t.OperatorHelmChartContainer - [K3S] [INFO] Starting /v1, Kind=ConfigMap controller
2025-01-29 13:41:16,653 INFO c.h.h.t.OperatorHelmChartContainer - [K3S] [INFO] Starting /v1, Kind=ServiceAccount controller
2025-01-29 13:41:16,659 INFO c.h.h.t.OperatorHelmChartContainer - [K3S] [INFO] Updating TLS secret for kube-system/k3s-serving (count: 10): map[listener.cattle.io/cn-10.43.0.1:10.43.0.1 listener.cattle.io/cn-127.0.0.1:127.0.0.1 listener.cattle.io/cn-172.17.0.3:172.17.0.3 listener.cattle.io/cn-__1-f16284:::1 listener.cattle.io/cn-a45dba27944b:a45dba27944b listener.cattle.io/cn-kubernetes:kubernetes listener.cattle.io/cn-kubernetes.default:kubernetes.default listener.cattle.io/cn-kubernetes.default.svc:kubernetes.default.svc listener.cattle.io/cn-kubernetes.default.svc.cluster.local:kubernetes.default.svc.cluster.local listener.cattle.io/cn-localhost:localhost listener.cattle.io/fingerprint:SHA1=94B36711A2D832D718AD217C58A5217CBDA8EFC1]
2025-01-29 13:41:16,662 INFO c.h.h.t.OperatorHelmChartContainer - [K3S] [INFO] Active TLS secret kube-system/k3s-serving (ver=241) (count 10): map[listener.cattle.io/cn-10.43.0.1:10.43.0.1 listener.cattle.io/cn-127.0.0.1:127.0.0.1 listener.cattle.io/cn-172.17.0.3:172.17.0.3 listener.cattle.io/cn-__1-f16284:::1 listener.cattle.io/cn-a45dba27944b:a45dba27944b listener.cattle.io/cn-kubernetes:kubernetes listener.cattle.io/cn-kubernetes.default:kubernetes.default listener.cattle.io/cn-kubernetes.default.svc:kubernetes.default.svc listener.cattle.io/cn-kubernetes.default.svc.cluster.local:kubernetes.default.svc.cluster.local listener.cattle.io/cn-localhost:localhost listener.cattle.io/fingerprint:SHA1=94B36711A2D832D718AD217C58A5217CBDA8EFC1]
2025-01-29 13:41:16,682 INFO c.h.h.t.OperatorHelmChartContainer - [K3S] [controllermanager.go:765] "Started controller" controller="serviceaccount-controller"
2025-01-29 13:41:16,682 INFO c.h.h.t.OperatorHelmChartContainer - [K3S] [serviceaccounts_controller.go:114] "Starting service account controller"
2025-01-29 13:41:16,691 INFO c.h.h.t.OperatorHelmChartContainer - [K3S] [INFO] Starting helm.cattle.io/v1, Kind=HelmChart controller
2025-01-29 13:41:16,692 INFO c.h.h.t.OperatorHelmChartContainer - [K3S] [INFO] Starting helm.cattle.io/v1, Kind=HelmChartConfig controller
2025-01-29 13:41:16,694 INFO c.h.h.t.OperatorHelmChartContainer - [K3S] [INFO] Starting rbac.authorization.k8s.io/v1, Kind=ClusterRoleBinding controller
2025-01-29 13:41:16,697 INFO c.h.h.t.OperatorHelmChartContainer - [K3S] [INFO] Starting batch/v1, Kind=Job controller
2025-01-29 13:41:16,754 INFO c.h.h.t.OperatorHelmChartContainer - [K3S] [INFO] Updating TLS secret for kube-system/k3s-serving (count: 10): map[listener.cattle.io/cn-10.43.0.1:10.43.0.1 listener.cattle.io/cn-127.0.0.1:127.0.0.1 listener.cattle.io/cn-172.17.0.3:172.17.0.3 listener.cattle.io/cn-__1-f16284:::1 listener.cattle.io/cn-a45dba27944b:a45dba27944b listener.cattle.io/cn-kubernetes:kubernetes listener.cattle.io/cn-kubernetes.default:kubernetes.default listener.cattle.io/cn-kubernetes.default.svc:kubernetes.default.svc listener.cattle.io/cn-kubernetes.default.svc.cluster.local:kubernetes.default.svc.cluster.local listener.cattle.io/cn-localhost:localhost listener.cattle.io/fingerprint:SHA1=94B36711A2D832D718AD217C58A5217CBDA8EFC1]
2025-01-29 13:41:16,833 INFO c.h.h.t.OperatorHelmChartContainer - [K3S] [controllermanager.go:765] "Started controller" controller="statefulset-controller"
2025-01-29 13:41:16,833 INFO c.h.h.t.OperatorHelmChartContainer - [K3S] [controllermanager.go:728] "Warning: controller is disabled" controller="bootstrap-signer-controller"
2025-01-29 13:41:16,833 INFO c.h.h.t.OperatorHelmChartContainer - [K3S] [stateful_set.go:166] "Starting stateful set controller"
2025-01-29 13:41:16,983 INFO c.h.h.t.OperatorHelmChartContainer - [K3S] [controllermanager.go:765] "Started controller" controller="persistentvolume-binder-controller"
2025-01-29 13:41:16,983 INFO c.h.h.t.OperatorHelmChartContainer - [K3S] [pv_controller_base.go:308] "Starting persistent volume controller"
2025-01-29 13:41:17,043 INFO c.h.h.t.OperatorHelmChartContainer - [K3S] [controllermanager.go:765] "Started controller" controller="certificatesigningrequest-cleaner-controller"
2025-01-29 13:41:17,043 INFO c.h.h.t.OperatorHelmChartContainer - [K3S] [cleaner.go:83] "Starting CSR cleaner controller"
2025-01-29 13:41:17,183 INFO c.h.h.t.OperatorHelmChartContainer - [K3S] [controllermanager.go:765] "Started controller" controller="persistentvolume-expander-controller"
2025-01-29 13:41:17,183 INFO c.h.h.t.OperatorHelmChartContainer - [K3S] [expand_controller.go:329] "Starting expand controller"
2025-01-29 13:41:17,332 INFO c.h.h.t.OperatorHelmChartContainer - [K3S] [controllermanager.go:765] "Started controller" controller="persistentvolumeclaim-protection-controller"
2025-01-29 13:41:17,332 INFO c.h.h.t.OperatorHelmChartContainer - [K3S] [pvc_protection_controller.go:168] "Starting PVC protection controller"
2025-01-29 13:41:17,483 INFO c.h.h.t.OperatorHelmChartContainer - [K3S] [controllermanager.go:765] "Started controller" controller="root-ca-certificate-publisher-controller"
2025-01-29 13:41:17,483 INFO c.h.h.t.OperatorHelmChartContainer - [K3S] [publisher.go:107] "Starting root CA cert publisher controller"
2025-01-29 13:41:17,632 INFO c.h.h.t.OperatorHelmChartContainer - [K3S] [controllermanager.go:765] "Started controller" controller="endpointslice-controller"
2025-01-29 13:41:17,632 INFO c.h.h.t.OperatorHelmChartContainer - [K3S] [endpointslice_controller.go:281] "Starting endpoint slice controller"
2025-01-29 13:41:17,783 INFO c.h.h.t.OperatorHelmChartContainer - [K3S] [controllermanager.go:765] "Started controller" controller="pod-garbage-collector-controller"
2025-01-29 13:41:17,783 INFO c.h.h.t.OperatorHelmChartContainer - [K3S] [gc_controller.go:99] "Starting GC controller"
2025-01-29 13:41:17,932 INFO c.h.h.t.OperatorHelmChartContainer - [K3S] [controllermanager.go:765] "Started controller" controller="job-controller"
2025-01-29 13:41:17,932 INFO c.h.h.t.OperatorHelmChartContainer - [K3S] [job_controller.go:243] "Starting job controller"
2025-01-29 13:41:18,232 INFO c.h.h.t.OperatorHelmChartContainer - [K3S] [controllermanager.go:765] "Started controller" controller="horizontal-pod-autoscaler-controller"
2025-01-29 13:41:18,232 INFO c.h.h.t.OperatorHelmChartContainer - [K3S] [horizontal.go:201] "Starting HPA controller"
2025-01-29 13:41:18,383 INFO c.h.h.t.OperatorHelmChartContainer - [K3S] [controllermanager.go:765] "Started controller" controller="ephemeral-volume-controller"
2025-01-29 13:41:18,383 INFO c.h.h.t.OperatorHelmChartContainer - [K3S] [controller.go:173] "Starting ephemeral volume controller"
2025-01-29 13:41:18,485 INFO c.h.h.t.OperatorHelmChartContainer - [K3S] [event.go:389] "Event occurred" object="kube-system/ccm" fieldPath="" kind="Addon" apiVersion="k3s.cattle.io/v1" type="Normal" reason="ApplyingManifest" message="Applying manifest at \"/var/lib/rancher/k3s/server/manifests/ccm.yaml\""
2025-01-29 13:41:18,501 INFO c.h.h.t.OperatorHelmChartContainer - [K3S] [event.go:389] "Event occurred" object="a45dba27944b" fieldPath="" kind="Node" apiVersion="" type="Normal" reason="NodePasswordValidationComplete" message="Deferred node password secret validation complete"
2025-01-29 13:41:18,504 INFO c.h.h.t.OperatorHelmChartContainer - [K3S] [event.go:389] "Event occurred" object="kube-system/ccm" fieldPath="" kind="Addon" apiVersion="k3s.cattle.io/v1" type="Normal" reason="AppliedManifest" message="Applied manifest at \"/var/lib/rancher/k3s/server/manifests/ccm.yaml\""
2025-01-29 13:41:18,511 INFO c.h.h.t.OperatorHelmChartContainer - [K3S] [event.go:389] "Event occurred" object="kube-system/coredns" fieldPath="" kind="Addon" apiVersion="k3s.cattle.io/v1" type="Normal" reason="ApplyingManifest" message="Applying manifest at \"/var/lib/rancher/k3s/server/manifests/coredns.yaml\""
2025-01-29 13:41:18,582 INFO c.h.h.t.OperatorHelmChartContainer - [K3S] [controllermanager.go:765] "Started controller" controller="validatingadmissionpolicy-status-controller"
2025-01-29 13:41:18,616 INFO c.h.h.t.OperatorHelmChartContainer - [K3S] [alloc.go:330] "allocated clusterIPs" service="kube-system/kube-dns" clusterIPs={"IPv4":"10.43.0.10"}
2025-01-29 13:41:18,617 INFO c.h.h.t.OperatorHelmChartContainer - [K3S] [event.go:389] "Event occurred" object="kube-system/coredns" fieldPath="" kind="Addon" apiVersion="k3s.cattle.io/v1" type="Normal" reason="AppliedManifest" message="Applied manifest at \"/var/lib/rancher/k3s/server/manifests/coredns.yaml\""
2025-01-29 13:41:18,624 INFO c.h.h.t.OperatorHelmChartContainer - [K3S] [event.go:389] "Event occurred" object="kube-system/local-storage" fieldPath="" kind="Addon" apiVersion="k3s.cattle.io/v1" type="Normal" reason="ApplyingManifest" message="Applying manifest at \"/var/lib/rancher/k3s/server/manifests/local-storage.yaml\""
2025-01-29 13:41:18,632 INFO c.h.h.t.OperatorHelmChartContainer - [K3S] [controllermanager.go:765] "Started controller" controller="taint-eviction-controller"
2025-01-29 13:41:18,632 INFO c.h.h.t.OperatorHelmChartContainer - [K3S] [taint_eviction.go:281] "Starting" controller="taint-eviction-controller"
2025-01-29 13:41:18,633 INFO c.h.h.t.OperatorHelmChartContainer - [K3S] [taint_eviction.go:287] "Sending events to api server"
2025-01-29 13:41:18,718 INFO c.h.h.t.OperatorHelmChartContainer - [K3S] [event.go:389] "Event occurred" object="kube-system/local-storage" fieldPath="" kind="Addon" apiVersion="k3s.cattle.io/v1" type="Normal" reason="AppliedManifest" message="Applied manifest at \"/var/lib/rancher/k3s/server/manifests/local-storage.yaml\""
2025-01-29 13:41:18,723 INFO c.h.h.t.OperatorHelmChartContainer - [K3S] [event.go:389] "Event occurred" object="kube-system/aggregated-metrics-reader" fieldPath="" kind="Addon" apiVersion="k3s.cattle.io/v1" type="Normal" reason="ApplyingManifest" message="Applying manifest at \"/var/lib/rancher/k3s/server/manifests/metrics-server/aggregated-metrics-reader.yaml\""
2025-01-29 13:41:18,783 INFO c.h.h.t.OperatorHelmChartContainer - [K3S] [controllermanager.go:765] "Started controller" controller="deployment-controller"
2025-01-29 13:41:18,783 INFO c.h.h.t.OperatorHelmChartContainer - [K3S] [deployment_controller.go:173] "Starting controller" controller="deployment"
2025-01-29 13:41:18,792 INFO c.h.h.t.OperatorHelmChartContainer - [K3S] [event.go:389] "Event occurred" object="kube-system/aggregated-metrics-reader" fieldPath="" kind="Addon" apiVersion="k3s.cattle.io/v1" type="Normal" reason="AppliedManifest" message="Applied manifest at \"/var/lib/rancher/k3s/server/manifests/metrics-server/aggregated-metrics-reader.yaml\""
2025-01-29 13:41:18,797 INFO c.h.h.t.OperatorHelmChartContainer - [K3S] [event.go:389] "Event occurred" object="kube-system/auth-delegator" fieldPath="" kind="Addon" apiVersion="k3s.cattle.io/v1" type="Normal" reason="ApplyingManifest" message="Applying manifest at \"/var/lib/rancher/k3s/server/manifests/metrics-server/auth-delegator.yaml\""
2025-01-29 13:41:18,802 INFO c.h.h.t.OperatorHelmChartContainer - [K3S] [event.go:389] "Event occurred" object="kube-system/auth-delegator" fieldPath="" kind="Addon" apiVersion="k3s.cattle.io/v1" type="Normal" reason="AppliedManifest" message="Applied manifest at \"/var/lib/rancher/k3s/server/manifests/metrics-server/auth-delegator.yaml\""
2025-01-29 13:41:18,808 INFO c.h.h.t.OperatorHelmChartContainer - [K3S] [event.go:389] "Event occurred" object="kube-system/auth-reader" fieldPath="" kind="Addon" apiVersion="k3s.cattle.io/v1" type="Normal" reason="ApplyingManifest" message="Applying manifest at \"/var/lib/rancher/k3s/server/manifests/metrics-server/auth-reader.yaml\""
2025-01-29 13:41:18,812 INFO c.h.h.t.OperatorHelmChartContainer - [K3S] [event.go:389] "Event occurred" object="kube-system/auth-reader" fieldPath="" kind="Addon" apiVersion="k3s.cattle.io/v1" type="Normal" reason="AppliedManifest" message="Applied manifest at \"/var/lib/rancher/k3s/server/manifests/metrics-server/auth-reader.yaml\""
2025-01-29 13:41:18,818 INFO c.h.h.t.OperatorHelmChartContainer - [K3S] [event.go:389] "Event occurred" object="kube-system/metrics-apiservice" fieldPath="" kind="Addon" apiVersion="k3s.cattle.io/v1" type="Normal" reason="ApplyingManifest" message="Applying manifest at \"/var/lib/rancher/k3s/server/manifests/metrics-server/metrics-apiservice.yaml\""
2025-01-29 13:41:18,823 INFO c.h.h.t.OperatorHelmChartContainer - [K3S] [event.go:389] "Event occurred" object="kube-system/metrics-apiservice" fieldPath="" kind="Addon" apiVersion="k3s.cattle.io/v1" type="Normal" reason="AppliedManifest" message="Applied manifest at \"/var/lib/rancher/k3s/server/manifests/metrics-server/metrics-apiservice.yaml\""
2025-01-29 13:41:18,828 INFO c.h.h.t.OperatorHelmChartContainer - [K3S] [handler_proxy.go:99] no RequestInfo found in the context
2025-01-29 13:41:18,828 INFO c.h.h.t.OperatorHelmChartContainer - [K3S] [controller.go:146] "Unhandled Error" err=<
2025-01-29 13:41:18,828 INFO c.h.h.t.OperatorHelmChartContainer - [K3S] 	, Header: map[Content-Type:[text/plain; charset=utf-8] X-Content-Type-Options:[nosniff]]
2025-01-29 13:41:18,828 INFO c.h.h.t.OperatorHelmChartContainer - [K3S]  >
2025-01-29 13:41:18,830 INFO c.h.h.t.OperatorHelmChartContainer - [K3S] [handler_proxy.go:143] error resolving kube-system/metrics-server: service "metrics-server" not found
2025-01-29 13:41:18,830 INFO c.h.h.t.OperatorHelmChartContainer - [K3S] [event.go:389] "Event occurred" object="kube-system/metrics-server-deployment" fieldPath="" kind="Addon" apiVersion="k3s.cattle.io/v1" type="Normal" reason="ApplyingManifest" message="Applying manifest at \"/var/lib/rancher/k3s/server/manifests/metrics-server/metrics-server-deployment.yaml\""
2025-01-29 13:41:18,841 INFO c.h.h.t.OperatorHelmChartContainer - [K3S] [event.go:389] "Event occurred" object="kube-system/metrics-server-deployment" fieldPath="" kind="Addon" apiVersion="k3s.cattle.io/v1" type="Normal" reason="AppliedManifest" message="Applied manifest at \"/var/lib/rancher/k3s/server/manifests/metrics-server/metrics-server-deployment.yaml\""
2025-01-29 13:41:18,846 INFO c.h.h.t.OperatorHelmChartContainer - [K3S] [event.go:389] "Event occurred" object="kube-system/metrics-server-service" fieldPath="" kind="Addon" apiVersion="k3s.cattle.io/v1" type="Normal" reason="ApplyingManifest" message="Applying manifest at \"/var/lib/rancher/k3s/server/manifests/metrics-server/metrics-server-service.yaml\""
2025-01-29 13:41:18,852 INFO c.h.h.t.OperatorHelmChartContainer - [K3S] [alloc.go:330] "allocated clusterIPs" service="kube-system/metrics-server" clusterIPs={"IPv4":"10.43.2.35"}
2025-01-29 13:41:18,853 INFO c.h.h.t.OperatorHelmChartContainer - [K3S] [event.go:389] "Event occurred" object="kube-system/metrics-server-service" fieldPath="" kind="Addon" apiVersion="k3s.cattle.io/v1" type="Normal" reason="AppliedManifest" message="Applied manifest at \"/var/lib/rancher/k3s/server/manifests/metrics-server/metrics-server-service.yaml\""
2025-01-29 13:41:18,857 INFO c.h.h.t.OperatorHelmChartContainer - [K3S] [handler_proxy.go:99] no RequestInfo found in the context
2025-01-29 13:41:18,858 INFO c.h.h.t.OperatorHelmChartContainer - [K3S] [controller.go:146] "Unhandled Error" err=<
2025-01-29 13:41:18,858 INFO c.h.h.t.OperatorHelmChartContainer - [K3S] 	, Header: map[Content-Type:[text/plain; charset=utf-8] X-Content-Type-Options:[nosniff]]
2025-01-29 13:41:18,858 INFO c.h.h.t.OperatorHelmChartContainer - [K3S]  >
2025-01-29 13:41:18,859 INFO c.h.h.t.OperatorHelmChartContainer - [K3S] [handler_proxy.go:143] error resolving kube-system/metrics-server: endpoints "metrics-server" not found
2025-01-29 13:41:18,866 INFO c.h.h.t.OperatorHelmChartContainer - [K3S] [event.go:389] "Event occurred" object="kube-system/resource-reader" fieldPath="" kind="Addon" apiVersion="k3s.cattle.io/v1" type="Normal" reason="ApplyingManifest" message="Applying manifest at \"/var/lib/rancher/k3s/server/manifests/metrics-server/resource-reader.yaml\""
2025-01-29 13:41:18,910 INFO c.h.h.t.OperatorHelmChartContainer - [K3S] [event.go:389] "Event occurred" object="kube-system/resource-reader" fieldPath="" kind="Addon" apiVersion="k3s.cattle.io/v1" type="Normal" reason="AppliedManifest" message="Applied manifest at \"/var/lib/rancher/k3s/server/manifests/metrics-server/resource-reader.yaml\""
2025-01-29 13:41:18,915 INFO c.h.h.t.OperatorHelmChartContainer - [K3S] [event.go:389] "Event occurred" object="kube-system/rolebindings" fieldPath="" kind="Addon" apiVersion="k3s.cattle.io/v1" type="Normal" reason="ApplyingManifest" message="Applying manifest at \"/var/lib/rancher/k3s/server/manifests/rolebindings.yaml\""
2025-01-29 13:41:18,983 INFO c.h.h.t.OperatorHelmChartContainer - [K3S] [controllermanager.go:765] "Started controller" controller="disruption-controller"
2025-01-29 13:41:18,983 INFO c.h.h.t.OperatorHelmChartContainer - [K3S] [disruption.go:452] "Sending events to api server."
2025-01-29 13:41:18,983 INFO c.h.h.t.OperatorHelmChartContainer - [K3S] [disruption.go:463] "Starting disruption controller"
2025-01-29 13:41:18,993 INFO c.h.h.t.OperatorHelmChartContainer - [K3S] [serving.go:392] Generated self-signed cert in-memory
2025-01-29 13:41:19,023 INFO c.h.h.t.OperatorHelmChartContainer - [K3S] [event.go:389] "Event occurred" object="kube-system/rolebindings" fieldPath="" kind="Addon" apiVersion="k3s.cattle.io/v1" type="Normal" reason="AppliedManifest" message="Applied manifest at \"/var/lib/rancher/k3s/server/manifests/rolebindings.yaml\""
2025-01-29 13:41:19,029 INFO c.h.h.t.OperatorHelmChartContainer - [K3S] [event.go:389] "Event occurred" object="kube-system/runtimes" fieldPath="" kind="Addon" apiVersion="k3s.cattle.io/v1" type="Normal" reason="ApplyingManifest" message="Applying manifest at \"/var/lib/rancher/k3s/server/manifests/runtimes.yaml\""
2025-01-29 13:41:19,035 INFO c.h.h.t.OperatorHelmChartContainer - [K3S] [certificate_controller.go:120] "Starting certificate controller" name="csrsigning-kubelet-serving"
2025-01-29 13:41:19,035 INFO c.h.h.t.OperatorHelmChartContainer - [K3S] [dynamic_serving_content.go:135] "Starting controller" name="csr-controller::/var/lib/rancher/k3s/server/tls/server-ca.nochain.crt::/var/lib/rancher/k3s/server/tls/server-ca.key"
2025-01-29 13:41:19,035 INFO c.h.h.t.OperatorHelmChartContainer - [K3S] [controllermanager.go:765] "Started controller" controller="certificatesigningrequest-signing-controller"
2025-01-29 13:41:19,035 INFO c.h.h.t.OperatorHelmChartContainer - [K3S] [controllermanager.go:717] "Controller is disabled by a feature gate" controller="selinux-warning-controller" requiredFeatureGates=["SELinuxChangePolicy"]
2025-01-29 13:41:19,035 INFO c.h.h.t.OperatorHelmChartContainer - [K3S] [controllermanager.go:717] "Controller is disabled by a feature gate" controller="kube-apiserver-serving-clustertrustbundle-publisher-controller" requiredFeatureGates=["ClusterTrustBundle"]
2025-01-29 13:41:19,035 INFO c.h.h.t.OperatorHelmChartContainer - [K3S] [certificate_controller.go:120] "Starting certificate controller" name="csrsigning-legacy-unknown"
2025-01-29 13:41:19,037 INFO c.h.h.t.OperatorHelmChartContainer - [K3S] [certificate_controller.go:120] "Starting certificate controller" name="csrsigning-kubelet-client"
2025-01-29 13:41:19,037 INFO c.h.h.t.OperatorHelmChartContainer - [K3S] [certificate_controller.go:120] "Starting certificate controller" name="csrsigning-kube-apiserver-client"
2025-01-29 13:41:19,037 INFO c.h.h.t.OperatorHelmChartContainer - [K3S] [dynamic_serving_content.go:135] "Starting controller" name="csr-controller::/var/lib/rancher/k3s/server/tls/server-ca.nochain.crt::/var/lib/rancher/k3s/server/tls/server-ca.key"
2025-01-29 13:41:19,037 INFO c.h.h.t.OperatorHelmChartContainer - [K3S] [dynamic_serving_content.go:135] "Starting controller" name="csr-controller::/var/lib/rancher/k3s/server/tls/client-ca.nochain.crt::/var/lib/rancher/k3s/server/tls/client-ca.key"
2025-01-29 13:41:19,037 INFO c.h.h.t.OperatorHelmChartContainer - [K3S] [dynamic_serving_content.go:135] "Starting controller" name="csr-controller::/var/lib/rancher/k3s/server/tls/client-ca.nochain.crt::/var/lib/rancher/k3s/server/tls/client-ca.key"
2025-01-29 13:41:19,057 INFO c.h.h.t.OperatorHelmChartContainer - [K3S] [event.go:389] "Event occurred" object="kube-system/runtimes" fieldPath="" kind="Addon" apiVersion="k3s.cattle.io/v1" type="Normal" reason="AppliedManifest" message="Applied manifest at \"/var/lib/rancher/k3s/server/manifests/runtimes.yaml\""
2025-01-29 13:41:19,183 INFO c.h.h.t.OperatorHelmChartContainer - [K3S] [controllermanager.go:765] "Started controller" controller="legacy-serviceaccount-token-cleaner-controller"
2025-01-29 13:41:19,183 INFO c.h.h.t.OperatorHelmChartContainer - [K3S] [legacy_serviceaccount_token_cleaner.go:103] "Starting legacy service account token cleaner controller"
2025-01-29 13:41:19,259 INFO c.h.h.t.OperatorHelmChartContainer - [K3S] [serving.go:392] Generated self-signed cert in-memory
2025-01-29 13:41:19,432 INFO c.h.h.t.OperatorHelmChartContainer - [K3S] [graph_builder.go:351] "Running" component="GraphBuilder"
2025-01-29 13:41:19,432 INFO c.h.h.t.OperatorHelmChartContainer - [K3S] [controllermanager.go:765] "Started controller" controller="garbage-collector-controller"
2025-01-29 13:41:19,464 INFO c.h.h.t.OperatorHelmChartContainer - [K3S] [controllermanager.go:160] Version: v1.32.1+k3s1
2025-01-29 13:41:19,466 INFO c.h.h.t.OperatorHelmChartContainer - [K3S] [requestheader_controller.go:180] Starting RequestHeaderAuthRequestController
2025-01-29 13:41:19,466 INFO c.h.h.t.OperatorHelmChartContainer - [K3S] [configmap_cafile_content.go:205] "Starting controller" name="client-ca::kube-system::extension-apiserver-authentication::client-ca-file"
2025-01-29 13:41:19,466 INFO c.h.h.t.OperatorHelmChartContainer - [K3S] [configmap_cafile_content.go:205] "Starting controller" name="client-ca::kube-system::extension-apiserver-authentication::requestheader-client-ca-file"
2025-01-29 13:41:19,467 INFO c.h.h.t.OperatorHelmChartContainer - [K3S] [secure_serving.go:213] Serving securely on 127.0.0.1:10258
2025-01-29 13:41:19,467 INFO c.h.h.t.OperatorHelmChartContainer - [K3S] [tlsconfig.go:243] "Starting DynamicServingCertificateController"
2025-01-29 13:41:19,471 INFO c.h.h.t.OperatorHelmChartContainer - [K3S] [INFO] Creating service-lb-controller event broadcaster
2025-01-29 13:41:19,584 INFO c.h.h.t.OperatorHelmChartContainer - [K3S] [INFO] Starting /v1, Kind=Node controller
2025-01-29 13:41:19,587 INFO c.h.h.t.OperatorHelmChartContainer - [K3S] [INFO] Starting /v1, Kind=Pod controller
2025-01-29 13:41:19,590 INFO c.h.h.t.OperatorHelmChartContainer - [K3S] [INFO] Starting apps/v1, Kind=DaemonSet controller
2025-01-29 13:41:19,592 INFO c.h.h.t.OperatorHelmChartContainer - [K3S] [INFO] Starting discovery.k8s.io/v1, Kind=EndpointSlice controller
2025-01-29 13:41:19,593 INFO c.h.h.t.OperatorHelmChartContainer - [K3S] [controllermanager.go:329] Started "cloud-node-controller"
2025-01-29 13:41:19,593 INFO c.h.h.t.OperatorHelmChartContainer - [K3S] [node_controller.go:176] Sending events to api server.
2025-01-29 13:41:19,593 INFO c.h.h.t.OperatorHelmChartContainer - [K3S] [node_controller.go:185] Waiting for informer caches to sync
2025-01-29 13:41:19,593 INFO c.h.h.t.OperatorHelmChartContainer - [K3S] [controllermanager.go:329] Started "cloud-node-lifecycle-controller"
2025-01-29 13:41:19,593 INFO c.h.h.t.OperatorHelmChartContainer - [K3S] [node_lifecycle_controller.go:112] Sending events to api server
2025-01-29 13:41:19,594 INFO c.h.h.t.OperatorHelmChartContainer - [K3S] [controllermanager.go:329] Started "service-lb-controller"
2025-01-29 13:41:19,594 INFO c.h.h.t.OperatorHelmChartContainer - [K3S] [controllermanager.go:306] "node-route-controller" is disabled
2025-01-29 13:41:19,594 INFO c.h.h.t.OperatorHelmChartContainer - [K3S] [controller.go:234] Starting service controller
2025-01-29 13:41:19,683 INFO c.h.h.t.OperatorHelmChartContainer - [K3S] [controllermanager.go:765] "Started controller" controller="token-cleaner-controller"
2025-01-29 13:41:19,683 INFO c.h.h.t.OperatorHelmChartContainer - [K3S] [tokencleaner.go:117] "Starting token cleaner controller"
2025-01-29 13:41:19,693 INFO c.h.h.t.OperatorHelmChartContainer - [K3S] [node_controller.go:429] Initializing node a45dba27944b with cloud provider
2025-01-29 13:41:19,697 INFO c.h.h.t.OperatorHelmChartContainer - [K3S] [node_controller.go:474] Successfully initialized node a45dba27944b with cloud provider
2025-01-29 13:41:19,697 INFO c.h.h.t.OperatorHelmChartContainer - [K3S] [event.go:389] "Event occurred" object="a45dba27944b" fieldPath="" kind="Node" apiVersion="v1" type="Normal" reason="Synced" message="Node synced successfully"
2025-01-29 13:41:19,710 INFO c.h.h.t.OperatorHelmChartContainer - [K3S] [INFO] Updated coredns NodeHosts entry for a45dba27944b
2025-01-29 13:41:19,824 INFO c.h.h.t.OperatorHelmChartContainer - [K3S] [handler_proxy.go:99] no RequestInfo found in the context
2025-01-29 13:41:19,824 INFO c.h.h.t.OperatorHelmChartContainer - [K3S] [handler_proxy.go:99] no RequestInfo found in the context
2025-01-29 13:41:19,824 INFO c.h.h.t.OperatorHelmChartContainer - [K3S] [controller.go:102] "Unhandled Error" err=<
2025-01-29 13:41:19,824 INFO c.h.h.t.OperatorHelmChartContainer - [K3S] 	, Header: map[Content-Type:[text/plain; charset=utf-8] X-Content-Type-Options:[nosniff]]
2025-01-29 13:41:19,824 INFO c.h.h.t.OperatorHelmChartContainer - [K3S]  >
2025-01-29 13:41:19,837 INFO c.h.h.t.OperatorHelmChartContainer - [K3S] [range_allocator.go:112] "No Secondary Service CIDR provided. Skipping filtering out secondary service addresses"
2025-01-29 13:41:19,837 INFO c.h.h.t.OperatorHelmChartContainer - [K3S] [controllermanager.go:765] "Started controller" controller="node-ipam-controller"
2025-01-29 13:41:19,837 INFO c.h.h.t.OperatorHelmChartContainer - [K3S] [node_ipam_controller.go:141] "Starting ipam controller"
2025-01-29 13:41:19,978 INFO c.h.h.t.OperatorHelmChartContainer - [K3S] [serving.go:392] Generated self-signed cert in-memory
2025-01-29 13:41:19,985 INFO c.h.h.t.OperatorHelmChartContainer - [K3S] [controllermanager.go:765] "Started controller" controller="persistentvolume-attach-detach-controller"
2025-01-29 13:41:19,985 INFO c.h.h.t.OperatorHelmChartContainer - [K3S] [controllermanager.go:723] "Skipping a cloud provider controller" controller="service-lb-controller"
2025-01-29 13:41:19,985 INFO c.h.h.t.OperatorHelmChartContainer - [K3S] [controllermanager.go:723] "Skipping a cloud provider controller" controller="cloud-node-lifecycle-controller"
2025-01-29 13:41:19,985 INFO c.h.h.t.OperatorHelmChartContainer - [K3S] [attach_detach_controller.go:338] "Starting attach detach controller"
2025-01-29 13:41:19,985 INFO c.h.h.t.OperatorHelmChartContainer - [K3S] [INFO] Tunnel authorizer set Kubelet Port 0.0.0.0:10250
2025-01-29 13:41:20,133 INFO c.h.h.t.OperatorHelmChartContainer - [K3S] [controllermanager.go:765] "Started controller" controller="endpoints-controller"
2025-01-29 13:41:20,133 INFO c.h.h.t.OperatorHelmChartContainer - [K3S] [endpoints_controller.go:182] "Starting endpoint controller"
2025-01-29 13:41:20,138 INFO c.h.h.t.OperatorHelmChartContainer - [K3S] [server.go:164] "Starting Kubernetes Scheduler" version="v1.32.1+k3s1"
2025-01-29 13:41:20,138 INFO c.h.h.t.OperatorHelmChartContainer - [K3S] [server.go:166] "Golang settings" GOGC="" GOMAXPROCS="" GOTRACEBACK=""
2025-01-29 13:41:20,140 INFO c.h.h.t.OperatorHelmChartContainer - [K3S] [requestheader_controller.go:180] Starting RequestHeaderAuthRequestController
2025-01-29 13:41:20,140 INFO c.h.h.t.OperatorHelmChartContainer - [K3S] [configmap_cafile_content.go:205] "Starting controller" name="client-ca::kube-system::extension-apiserver-authentication::requestheader-client-ca-file"
2025-01-29 13:41:20,141 INFO c.h.h.t.OperatorHelmChartContainer - [K3S] [configmap_cafile_content.go:205] "Starting controller" name="client-ca::kube-system::extension-apiserver-authentication::client-ca-file"
2025-01-29 13:41:20,143 INFO c.h.h.t.OperatorHelmChartContainer - [K3S] [secure_serving.go:213] Serving securely on 127.0.0.1:10259
2025-01-29 13:41:20,144 INFO c.h.h.t.OperatorHelmChartContainer - [K3S] [tlsconfig.go:243] "Starting DynamicServingCertificateController"
2025-01-29 13:41:20,283 INFO c.h.h.t.OperatorHelmChartContainer - [K3S] [controllermanager.go:765] "Started controller" controller="replicationcontroller-controller"
2025-01-29 13:41:20,283 INFO c.h.h.t.OperatorHelmChartContainer - [K3S] [replica_set.go:217] "Starting controller" name="replicationcontroller"
2025-01-29 13:41:20,537 INFO c.h.h.t.OperatorHelmChartContainer - [K3S] [controllermanager.go:765] "Started controller" controller="namespace-controller"
2025-01-29 13:41:20,537 INFO c.h.h.t.OperatorHelmChartContainer - [K3S] [namespace_controller.go:202] "Starting namespace controller"
2025-01-29 13:41:20,548 INFO c.h.h.t.OperatorHelmChartContainer - [K3S] [actual_state_of_world.go:541] "Failed to update statusUpdateNeeded field in actual state of world" err="Failed to set statusUpdateNeeded to needed true, because nodeName=\"a45dba27944b\" does not exist"
2025-01-29 13:41:20,588 INFO c.h.h.t.OperatorHelmChartContainer - [K3S] [node_lifecycle_controller.go:1234] "Initializing eviction metric for zone" zone=""
2025-01-29 13:41:20,588 INFO c.h.h.t.OperatorHelmChartContainer - [K3S] [node_lifecycle_controller.go:886] "Missing timestamp for Node. Assuming now as a timestamp" node="a45dba27944b"
2025-01-29 13:41:20,588 INFO c.h.h.t.OperatorHelmChartContainer - [K3S] [node_lifecycle_controller.go:1080] "Controller detected that zone is now in new state" zone="" newState="Normal"
2025-01-29 13:41:20,638 INFO c.h.h.t.OperatorHelmChartContainer - [K3S] [range_allocator.go:177] "Sending events to api server"
2025-01-29 13:41:20,638 INFO c.h.h.t.OperatorHelmChartContainer - [K3S] [range_allocator.go:183] "Starting range CIDR allocator"
2025-01-29 13:41:20,659 INFO c.h.h.t.OperatorHelmChartContainer - [K3S] [range_allocator.go:428] "Set node PodCIDR" node="a45dba27944b" podCIDRs=["10.42.0.0/24"]
2025-01-29 13:41:20,659 INFO c.h.h.t.OperatorHelmChartContainer - [K3S] [range_allocator.go:247] "Successfully synced" key="a45dba27944b"
2025-01-29 13:41:20,660 INFO c.h.h.t.OperatorHelmChartContainer - [K3S] [INFO] Flannel found PodCIDR assigned for node a45dba27944b
2025-01-29 13:41:20,664 INFO c.h.h.t.OperatorHelmChartContainer - [K3S] [range_allocator.go:247] "Successfully synced" key="a45dba27944b"
2025-01-29 13:41:20,664 INFO c.h.h.t.OperatorHelmChartContainer - [K3S] [INFO] The interface eth0 with ipv4 address 172.17.0.3 will be used by flannel
2025-01-29 13:41:20,671 INFO c.h.h.t.OperatorHelmChartContainer - [K3S] [kube.go:139] Waiting 10m0s for node controller to sync
2025-01-29 13:41:20,671 INFO c.h.h.t.OperatorHelmChartContainer - [K3S] [kube.go:469] Starting kube subnet manager
2025-01-29 13:41:20,774 INFO c.h.h.t.OperatorHelmChartContainer - [K3S] [INFO] Starting network policy controller version v2.2.1, built on 2025-01-28T18:27:08Z, go1.23.4
2025-01-29 13:41:20,774 INFO c.h.h.t.OperatorHelmChartContainer - [K3S] [network_policy_controller.go:164] Starting network policy controller
2025-01-29 13:41:20,797 INFO c.h.h.t.OperatorHelmChartContainer - [K3S] [network_policy_controller.go:176] Starting network policy controller full sync goroutine
2025-01-29 13:41:20,985 INFO c.h.h.t.OperatorHelmChartContainer - [K3S] [INFO] Started tunnel to 172.17.0.3:6443
2025-01-29 13:41:20,985 INFO c.h.h.t.OperatorHelmChartContainer - [K3S] [INFO] Stopped tunnel to 127.0.0.1:6443
2025-01-29 13:41:20,985 INFO c.h.h.t.OperatorHelmChartContainer - [K3S] [INFO] Connecting to proxy" url="wss://172.17.0.3:6443/v1-k3s/connect
2025-01-29 13:41:20,985 INFO c.h.h.t.OperatorHelmChartContainer - [K3S] [INFO] Proxy done" err="context canceled" url="wss://127.0.0.1:6443/v1-k3s/connect
2025-01-29 13:41:20,985 INFO c.h.h.t.OperatorHelmChartContainer - [K3S] [INFO] error in remotedialer server [400]: websocket: close 1006 (abnormal closure): unexpected EOF
2025-01-29 13:41:20,987 INFO c.h.h.t.OperatorHelmChartContainer - [K3S] [INFO] Handling backend connection request [a45dba27944b]
2025-01-29 13:41:20,987 INFO c.h.h.t.OperatorHelmChartContainer - [K3S] [INFO] Remotedialer connected to proxy" url="wss://172.17.0.3:6443/v1-k3s/connect
2025-01-29 13:41:21,290 INFO c.h.h.t.OperatorHelmChartContainer - [K3S] [handler_proxy.go:99] no RequestInfo found in the context
2025-01-29 13:41:21,290 INFO c.h.h.t.OperatorHelmChartContainer - [K3S] [controller.go:146] "Unhandled Error" err=<
2025-01-29 13:41:21,291 INFO c.h.h.t.OperatorHelmChartContainer - [K3S] 	, Header: map[Content-Type:[text/plain; charset=utf-8] X-Content-Type-Options:[nosniff]]
2025-01-29 13:41:21,291 INFO c.h.h.t.OperatorHelmChartContainer - [K3S]  >
2025-01-29 13:41:21,291 INFO c.h.h.t.OperatorHelmChartContainer - [K3S] [handler_proxy.go:143] error resolving kube-system/metrics-server: no endpoints available for service "metrics-server"
2025-01-29 13:41:21,338 INFO c.h.h.t.OperatorHelmChartContainer - [K3S] [range_allocator.go:247] "Successfully synced" key="a45dba27944b"
2025-01-29 13:41:21,447 INFO c.h.h.t.OperatorHelmChartContainer - [K3S] [replica_set.go:679] "Finished syncing" kind="ReplicaSet" key="kube-system/local-path-provisioner-698b58967b" duration="306.713715ms"
2025-01-29 13:41:21,454 INFO c.h.h.t.OperatorHelmChartContainer - [K3S] [replica_set.go:679] "Finished syncing" kind="ReplicaSet" key="kube-system/coredns-ff8999cc5" duration="313.572866ms"
2025-01-29 13:41:21,454 INFO c.h.h.t.OperatorHelmChartContainer - [K3S] [replica_set.go:679] "Finished syncing" kind="ReplicaSet" key="kube-system/metrics-server-8584b5786c" duration="313.907396ms"
2025-01-29 13:41:21,455 INFO c.h.h.t.OperatorHelmChartContainer - [K3S] [replica_set.go:679] "Finished syncing" kind="ReplicaSet" key="kube-system/local-path-provisioner-698b58967b" duration="8.180088ms"
2025-01-29 13:41:21,457 INFO c.h.h.t.OperatorHelmChartContainer - [K3S] [reflector.go:569] object-"kube-system"/"kube-root-ca.crt": failed to list *v1.ConfigMap: configmaps "kube-root-ca.crt" is forbidden: User "system:node:a45dba27944b" cannot list resource "configmaps" in API group "" in the namespace "kube-system": no relationship found between node 'a45dba27944b' and this object
2025-01-29 13:41:21,457 INFO c.h.h.t.OperatorHelmChartContainer - [K3S] [reflector.go:166] "Unhandled Error" err="object-\"kube-system\"/\"kube-root-ca.crt\": Failed to watch *v1.ConfigMap: failed to list *v1.ConfigMap: configmaps \"kube-root-ca.crt\" is forbidden: User \"system:node:a45dba27944b\" cannot list resource \"configmaps\" in API group \"\" in the namespace \"kube-system\": no relationship found between node 'a45dba27944b' and this object"
2025-01-29 13:41:21,459 INFO c.h.h.t.OperatorHelmChartContainer - [K3S] [status_manager.go:890] "Failed to get status for pod" podUID="24ea8014-3b98-4ee2-b36d-d5d6688a7a8e" pod="kube-system/local-path-provisioner-698b58967b-cqtmx" err="pods \"local-path-provisioner-698b58967b-cqtmx\" is forbidden: User \"system:node:a45dba27944b\" cannot get resource \"pods\" in API group \"\" in the namespace \"kube-system\": no relationship found between node 'a45dba27944b' and this object"
2025-01-29 13:41:21,459 INFO c.h.h.t.OperatorHelmChartContainer - [K3S] [reflector.go:569] object-"kube-system"/"local-path-config": failed to list *v1.ConfigMap: configmaps "local-path-config" is forbidden: User "system:node:a45dba27944b" cannot list resource "configmaps" in API group "" in the namespace "kube-system": no relationship found between node 'a45dba27944b' and this object
2025-01-29 13:41:21,459 INFO c.h.h.t.OperatorHelmChartContainer - [K3S] [reflector.go:166] "Unhandled Error" err="object-\"kube-system\"/\"local-path-config\": Failed to watch *v1.ConfigMap: failed to list *v1.ConfigMap: configmaps \"local-path-config\" is forbidden: User \"system:node:a45dba27944b\" cannot list resource \"configmaps\" in API group \"\" in the namespace \"kube-system\": no relationship found between node 'a45dba27944b' and this object"
2025-01-29 13:41:21,463 INFO c.h.h.t.OperatorHelmChartContainer - [K3S] [reflector.go:569] object-"kube-system"/"coredns-custom": failed to list *v1.ConfigMap: configmaps "coredns-custom" is forbidden: User "system:node:a45dba27944b" cannot list resource "configmaps" in API group "" in the namespace "kube-system": no relationship found between node 'a45dba27944b' and this object
2025-01-29 13:41:21,463 INFO c.h.h.t.OperatorHelmChartContainer - [K3S] [reflector.go:166] "Unhandled Error" err="object-\"kube-system\"/\"coredns-custom\": Failed to watch *v1.ConfigMap: failed to list *v1.ConfigMap: configmaps \"coredns-custom\" is forbidden: User \"system:node:a45dba27944b\" cannot list resource \"configmaps\" in API group \"\" in the namespace \"kube-system\": no relationship found between node 'a45dba27944b' and this object"
2025-01-29 13:41:21,463 INFO c.h.h.t.OperatorHelmChartContainer - [K3S] [reflector.go:569] object-"kube-system"/"coredns": failed to list *v1.ConfigMap: configmaps "coredns" is forbidden: User "system:node:a45dba27944b" cannot list resource "configmaps" in API group "" in the namespace "kube-system": no relationship found between node 'a45dba27944b' and this object
2025-01-29 13:41:21,464 INFO c.h.h.t.OperatorHelmChartContainer - [K3S] [reflector.go:166] "Unhandled Error" err="object-\"kube-system\"/\"coredns\": Failed to watch *v1.ConfigMap: failed to list *v1.ConfigMap: configmaps \"coredns\" is forbidden: User \"system:node:a45dba27944b\" cannot list resource \"configmaps\" in API group \"\" in the namespace \"kube-system\": no relationship found between node 'a45dba27944b' and this object"
2025-01-29 13:41:21,466 INFO c.h.h.t.OperatorHelmChartContainer - [K3S] [replica_set.go:679] "Finished syncing" kind="ReplicaSet" key="kube-system/coredns-ff8999cc5" duration="12.722903ms"
2025-01-29 13:41:21,466 INFO c.h.h.t.OperatorHelmChartContainer - [K3S] [replica_set.go:679] "Finished syncing" kind="ReplicaSet" key="kube-system/coredns-ff8999cc5" duration="32.982µs"
2025-01-29 13:41:21,474 INFO c.h.h.t.OperatorHelmChartContainer - [K3S] [replica_set.go:679] "Finished syncing" kind="ReplicaSet" key="kube-system/local-path-provisioner-698b58967b" duration="18.344366ms"
2025-01-29 13:41:21,474 INFO c.h.h.t.OperatorHelmChartContainer - [K3S] [replica_set.go:679] "Finished syncing" kind="ReplicaSet" key="kube-system/local-path-provisioner-698b58967b" duration="27.742µs"
2025-01-29 13:41:21,474 INFO c.h.h.t.OperatorHelmChartContainer - [K3S] [replica_set.go:679] "Finished syncing" kind="ReplicaSet" key="kube-system/metrics-server-8584b5786c" duration="19.61246ms"
2025-01-29 13:41:21,474 INFO c.h.h.t.OperatorHelmChartContainer - [K3S] [replica_set.go:679] "Finished syncing" kind="ReplicaSet" key="kube-system/metrics-server-8584b5786c" duration="29.495µs"
2025-01-29 13:41:21,483 INFO c.h.h.t.OperatorHelmChartContainer - [K3S] [replica_set.go:679] "Finished syncing" kind="ReplicaSet" key="kube-system/metrics-server-8584b5786c" duration="24.176µs"
2025-01-29 13:41:21,490 INFO c.h.h.t.OperatorHelmChartContainer - [K3S] [replica_set.go:679] "Finished syncing" kind="ReplicaSet" key="kube-system/coredns-ff8999cc5" duration="41.859µs"
2025-01-29 13:41:21,497 INFO c.h.h.t.OperatorHelmChartContainer - [K3S] [replica_set.go:679] "Finished syncing" kind="ReplicaSet" key="kube-system/local-path-provisioner-698b58967b" duration="34.635µs"
2025-01-29 13:41:21,556 INFO c.h.h.t.OperatorHelmChartContainer - [K3S] [reconciler_common.go:251] "operationExecutor.VerifyControllerAttachedVolume started for volume \"tmp-dir\" (UniqueName: \"kubernetes.io/empty-dir/954993cc-8ea8-4771-be12-88f72485444e-tmp-dir\") pod \"metrics-server-8584b5786c-drhmw\" (UID: \"954993cc-8ea8-4771-be12-88f72485444e\") " pod="kube-system/metrics-server-8584b5786c-drhmw"
2025-01-29 13:41:21,557 INFO c.h.h.t.OperatorHelmChartContainer - [K3S] [reconciler_common.go:251] "operationExecutor.VerifyControllerAttachedVolume started for volume \"kube-api-access-8b67r\" (UniqueName: \"kubernetes.io/projected/954993cc-8ea8-4771-be12-88f72485444e-kube-api-access-8b67r\") pod \"metrics-server-8584b5786c-drhmw\" (UID: \"954993cc-8ea8-4771-be12-88f72485444e\") " pod="kube-system/metrics-server-8584b5786c-drhmw"
2025-01-29 13:41:21,557 INFO c.h.h.t.OperatorHelmChartContainer - [K3S] [reconciler_common.go:251] "operationExecutor.VerifyControllerAttachedVolume started for volume \"config-volume\" (UniqueName: \"kubernetes.io/configmap/24ea8014-3b98-4ee2-b36d-d5d6688a7a8e-config-volume\") pod \"local-path-provisioner-698b58967b-cqtmx\" (UID: \"24ea8014-3b98-4ee2-b36d-d5d6688a7a8e\") " pod="kube-system/local-path-provisioner-698b58967b-cqtmx"
2025-01-29 13:41:21,557 INFO c.h.h.t.OperatorHelmChartContainer - [K3S] [reconciler_common.go:251] "operationExecutor.VerifyControllerAttachedVolume started for volume \"kube-api-access-cql58\" (UniqueName: \"kubernetes.io/projected/24ea8014-3b98-4ee2-b36d-d5d6688a7a8e-kube-api-access-cql58\") pod \"local-path-provisioner-698b58967b-cqtmx\" (UID: \"24ea8014-3b98-4ee2-b36d-d5d6688a7a8e\") " pod="kube-system/local-path-provisioner-698b58967b-cqtmx"
2025-01-29 13:41:21,557 INFO c.h.h.t.OperatorHelmChartContainer - [K3S] [reconciler_common.go:251] "operationExecutor.VerifyControllerAttachedVolume started for volume \"config-volume\" (UniqueName: \"kubernetes.io/configmap/a7ebbe86-2dc0-48b5-947b-ec13d16c9788-config-volume\") pod \"coredns-ff8999cc5-842kv\" (UID: \"a7ebbe86-2dc0-48b5-947b-ec13d16c9788\") " pod="kube-system/coredns-ff8999cc5-842kv"
2025-01-29 13:41:21,557 INFO c.h.h.t.OperatorHelmChartContainer - [K3S] [reconciler_common.go:251] "operationExecutor.VerifyControllerAttachedVolume started for volume \"custom-config-volume\" (UniqueName: \"kubernetes.io/configmap/a7ebbe86-2dc0-48b5-947b-ec13d16c9788-custom-config-volume\") pod \"coredns-ff8999cc5-842kv\" (UID: \"a7ebbe86-2dc0-48b5-947b-ec13d16c9788\") " pod="kube-system/coredns-ff8999cc5-842kv"
2025-01-29 13:41:21,557 INFO c.h.h.t.OperatorHelmChartContainer - [K3S] [reconciler_common.go:251] "operationExecutor.VerifyControllerAttachedVolume started for volume \"kube-api-access-5mtqs\" (UniqueName: \"kubernetes.io/projected/a7ebbe86-2dc0-48b5-947b-ec13d16c9788-kube-api-access-5mtqs\") pod \"coredns-ff8999cc5-842kv\" (UID: \"a7ebbe86-2dc0-48b5-947b-ec13d16c9788\") " pod="kube-system/coredns-ff8999cc5-842kv"
2025-01-29 13:41:21,672 INFO c.h.h.t.OperatorHelmChartContainer - [K3S] [kube.go:146] Node controller sync successful
2025-01-29 13:41:21,672 INFO c.h.h.t.OperatorHelmChartContainer - [K3S] [vxlan.go:141] VXLAN config: VNI=1 Port=0 GBP=false Learning=false DirectRouting=false
2025-01-29 13:41:21,674 INFO c.h.h.t.OperatorHelmChartContainer - [K3S] [kube.go:636] List of node(a45dba27944b) annotations: map[string]string{"alpha.kubernetes.io/provided-node-ip":"172.17.0.3", "k3s.io/hostname":"a45dba27944b", "k3s.io/internal-ip":"172.17.0.3", "k3s.io/node-args":"[\"server\",\"--disable\",\"traefik\",\"--tls-san\",\"localhost\"]", "k3s.io/node-config-hash":"JO7YSLDHXFTIIPZLLVI7GVGPULZK5EY6PYXUBKR6RNNG4QMX5FBQ====", "k3s.io/node-env":"{}", "node.alpha.kubernetes.io/ttl":"0", "volumes.kubernetes.io/controller-managed-attach-detach":"true"}
2025-01-29 13:41:21,679 INFO c.h.h.t.OperatorHelmChartContainer - [K3S] [iptables.go:51] Starting flannel in iptables mode...
2025-01-29 13:41:21,679 INFO c.h.h.t.OperatorHelmChartContainer - [K3S] [WARNING] no subnet found for key: FLANNEL_NETWORK in file: /run/flannel/subnet.env
2025-01-29 13:41:21,679 INFO c.h.h.t.OperatorHelmChartContainer - [K3S] [WARNING] no subnet found for key: FLANNEL_SUBNET in file: /run/flannel/subnet.env
2025-01-29 13:41:21,680 INFO c.h.h.t.OperatorHelmChartContainer - [K3S] [WARNING] no subnet found for key: FLANNEL_IPV6_NETWORK in file: /run/flannel/subnet.env
2025-01-29 13:41:21,680 INFO c.h.h.t.OperatorHelmChartContainer - [K3S] [WARNING] no subnet found for key: FLANNEL_IPV6_SUBNET in file: /run/flannel/subnet.env
2025-01-29 13:41:21,680 INFO c.h.h.t.OperatorHelmChartContainer - [K3S] [iptables.go:115] Current network or subnet (10.42.0.0/16, 10.42.0.0/24) is not equal to previous one (0.0.0.0/0, 0.0.0.0/0), trying to recycle old iptables rules
2025-01-29 13:41:21,680 INFO c.h.h.t.OperatorHelmChartContainer - [K3S] [kube.go:490] Creating the node lease for IPv4. This is the n.Spec.PodCIDRs: [10.42.0.0/24]
2025-01-29 13:41:21,680 INFO c.h.h.t.OperatorHelmChartContainer - [K3S] [range_allocator.go:247] "Successfully synced" key="a45dba27944b"
2025-01-29 13:41:21,686 INFO c.h.h.t.OperatorHelmChartContainer - [K3S] [iptables.go:125] Setting up masking rules
2025-01-29 13:41:21,688 INFO c.h.h.t.OperatorHelmChartContainer - [K3S] [iptables.go:226] Changing default FORWARD chain policy to ACCEPT
2025-01-29 13:41:21,690 INFO c.h.h.t.OperatorHelmChartContainer - [K3S] [INFO] Wrote flannel subnet file to /run/flannel/subnet.env
2025-01-29 13:41:21,690 INFO c.h.h.t.OperatorHelmChartContainer - [K3S] [INFO] Running flannel backend.
2025-01-29 13:41:21,690 INFO c.h.h.t.OperatorHelmChartContainer - [K3S] [vxlan_network.go:65] watching for new subnet leases
2025-01-29 13:41:21,699 INFO c.h.h.t.OperatorHelmChartContainer - [K3S] [iptables.go:372] bootstrap done
2025-01-29 13:41:21,704 INFO c.h.h.t.OperatorHelmChartContainer - [K3S] [iptables.go:372] bootstrap done
2025-01-29 13:41:22,292 INFO c.h.h.t.OperatorHelmChartContainer - [K3S] [handler_proxy.go:99] no RequestInfo found in the context
2025-01-29 13:41:22,292 INFO c.h.h.t.OperatorHelmChartContainer - [K3S] [handler_proxy.go:99] no RequestInfo found in the context
2025-01-29 13:41:22,292 INFO c.h.h.t.OperatorHelmChartContainer - [K3S] [controller.go:102] "Unhandled Error" err=<
2025-01-29 13:41:22,292 INFO c.h.h.t.OperatorHelmChartContainer - [K3S] 	, Header: map[Content-Type:[text/plain; charset=utf-8] X-Content-Type-Options:[nosniff]]
2025-01-29 13:41:22,292 INFO c.h.h.t.OperatorHelmChartContainer - [K3S]  >
2025-01-29 13:41:22,667 INFO c.h.h.t.OperatorHelmChartContainer - [K3S] [projected.go:288] Couldn't get configMap kube-system/kube-root-ca.crt: failed to sync configmap cache: timed out waiting for the condition
2025-01-29 13:41:22,667 INFO c.h.h.t.OperatorHelmChartContainer - [K3S] [projected.go:194] Error preparing data for projected volume kube-api-access-5mtqs for pod kube-system/coredns-ff8999cc5-842kv: failed to sync configmap cache: timed out waiting for the condition
2025-01-29 13:41:22,667 INFO c.h.h.t.OperatorHelmChartContainer - [K3S] [projected.go:288] Couldn't get configMap kube-system/kube-root-ca.crt: failed to sync configmap cache: timed out waiting for the condition
2025-01-29 13:41:22,667 INFO c.h.h.t.OperatorHelmChartContainer - [K3S] [projected.go:194] Error preparing data for projected volume kube-api-access-8b67r for pod kube-system/metrics-server-8584b5786c-drhmw: failed to sync configmap cache: timed out waiting for the condition
2025-01-29 13:41:22,667 INFO c.h.h.t.OperatorHelmChartContainer - [K3S] [nestedpendingoperations.go:348] Operation for "{volumeName:kubernetes.io/projected/a7ebbe86-2dc0-48b5-947b-ec13d16c9788-kube-api-access-5mtqs podName:a7ebbe86-2dc0-48b5-947b-ec13d16c9788 nodeName:}" failed. No retries permitted until 2025-01-29 13:41:23.166593702 +0000 UTC m=+10.663403387 (durationBeforeRetry 500ms). Error: MountVolume.SetUp failed for volume "kube-api-access-5mtqs" (UniqueName: "kubernetes.io/projected/a7ebbe86-2dc0-48b5-947b-ec13d16c9788-kube-api-access-5mtqs") pod "coredns-ff8999cc5-842kv" (UID: "a7ebbe86-2dc0-48b5-947b-ec13d16c9788") : failed to sync configmap cache: timed out waiting for the condition
2025-01-29 13:41:22,667 INFO c.h.h.t.OperatorHelmChartContainer - [K3S] [nestedpendingoperations.go:348] Operation for "{volumeName:kubernetes.io/projected/954993cc-8ea8-4771-be12-88f72485444e-kube-api-access-8b67r podName:954993cc-8ea8-4771-be12-88f72485444e nodeName:}" failed. No retries permitted until 2025-01-29 13:41:23.166651276 +0000 UTC m=+10.663460962 (durationBeforeRetry 500ms). Error: MountVolume.SetUp failed for volume "kube-api-access-8b67r" (UniqueName: "kubernetes.io/projected/954993cc-8ea8-4771-be12-88f72485444e-kube-api-access-8b67r") pod "metrics-server-8584b5786c-drhmw" (UID: "954993cc-8ea8-4771-be12-88f72485444e") : failed to sync configmap cache: timed out waiting for the condition
2025-01-29 13:41:22,667 INFO c.h.h.t.OperatorHelmChartContainer - [K3S] [projected.go:288] Couldn't get configMap kube-system/kube-root-ca.crt: failed to sync configmap cache: timed out waiting for the condition
2025-01-29 13:41:22,667 INFO c.h.h.t.OperatorHelmChartContainer - [K3S] [projected.go:194] Error preparing data for projected volume kube-api-access-cql58 for pod kube-system/local-path-provisioner-698b58967b-cqtmx: failed to sync configmap cache: timed out waiting for the condition
2025-01-29 13:41:22,668 INFO c.h.h.t.OperatorHelmChartContainer - [K3S] [nestedpendingoperations.go:348] Operation for "{volumeName:kubernetes.io/projected/24ea8014-3b98-4ee2-b36d-d5d6688a7a8e-kube-api-access-cql58 podName:24ea8014-3b98-4ee2-b36d-d5d6688a7a8e nodeName:}" failed. No retries permitted until 2025-01-29 13:41:23.166699517 +0000 UTC m=+10.663509202 (durationBeforeRetry 500ms). Error: MountVolume.SetUp failed for volume "kube-api-access-cql58" (UniqueName: "kubernetes.io/projected/24ea8014-3b98-4ee2-b36d-d5d6688a7a8e-kube-api-access-cql58") pod "local-path-provisioner-698b58967b-cqtmx" (UID: "24ea8014-3b98-4ee2-b36d-d5d6688a7a8e") : failed to sync configmap cache: timed out waiting for the condition
2025-01-29 13:41:25,299 INFO c.h.h.t.OperatorHelmChartContainer - [K3S] [kuberuntime_manager.go:1702] "Updating runtime config through cri with podcidr" CIDR="10.42.0.0/24"
2025-01-29 13:41:25,300 INFO c.h.h.t.OperatorHelmChartContainer - [K3S] [kubelet_network.go:61] "Updating Pod CIDR" originalPodCIDR="" newPodCIDR="10.42.0.0/24"
2025-01-29 13:41:25,310 INFO c.h.h.t.OperatorHelmChartContainer - [K3S] [range_allocator.go:247] "Successfully synced" key="a45dba27944b"
2025-01-29 13:41:26,064 INFO c.h.h.t.OperatorHelmChartContainer - [K3S] [replica_set.go:679] "Finished syncing" kind="ReplicaSet" key="kube-system/coredns-ff8999cc5" duration="50.094µs"
2025-01-29 13:41:26,089 INFO c.h.h.t.OperatorHelmChartContainer - [K3S] [replica_set.go:679] "Finished syncing" kind="ReplicaSet" key="kube-system/local-path-provisioner-698b58967b" duration="9.37587ms"
2025-01-29 13:41:26,089 INFO c.h.h.t.OperatorHelmChartContainer - [K3S] [replica_set.go:679] "Finished syncing" kind="ReplicaSet" key="kube-system/local-path-provisioner-698b58967b" duration="35.677µs"
2025-01-29 13:41:26,095 INFO c.h.h.t.OperatorHelmChartContainer - [K3S] [replica_set.go:679] "Finished syncing" kind="ReplicaSet" key="kube-system/metrics-server-8584b5786c" duration="39.534µs"
2025-01-29 13:41:26,144 INFO c.h.h.t.OperatorHelmChartContainer - [K3S] [replica_set.go:679] "Finished syncing" kind="ReplicaSet" key="kube-system/coredns-ff8999cc5" duration="15.015103ms"
2025-01-29 13:41:26,146 INFO c.h.h.t.OperatorHelmChartContainer - [K3S] [replica_set.go:679] "Finished syncing" kind="ReplicaSet" key="kube-system/coredns-ff8999cc5" duration="45.356µs"
2025-01-29 13:41:37,110 INFO c.h.h.t.OperatorHelmChartContainer - [K3S] [alloc.go:330] "allocated clusterIPs" service="default/local-hivemq-hivemq-operator-operator" clusterIPs={"IPv4":"10.43.11.143"}
2025-01-29 13:41:37,132 INFO c.h.h.t.OperatorHelmChartContainer - [K3S] [replica_set.go:679] "Finished syncing" kind="ReplicaSet" key="default/local-hivemq-hivemq-operator-operator-6b564f6db4" duration="13.157212ms"
2025-01-29 13:41:37,135 INFO c.h.h.t.OperatorHelmChartContainer - [K3S] [status_manager.go:890] "Failed to get status for pod" podUID="b830d9c8-1d2a-4041-bb3b-dcd4917018cb" pod="default/local-hivemq-hivemq-operator-operator-6b564f6db4-hhb4w" err="pods \"local-hivemq-hivemq-operator-operator-6b564f6db4-hhb4w\" is forbidden: User \"system:node:a45dba27944b\" cannot get resource \"pods\" in API group \"\" in the namespace \"default\": no relationship found between node 'a45dba27944b' and this object"
2025-01-29 13:41:37,141 INFO c.h.h.t.OperatorHelmChartContainer - [K3S] [replica_set.go:679] "Finished syncing" kind="ReplicaSet" key="default/local-hivemq-hivemq-operator-operator-6b564f6db4" duration="8.948951ms"
2025-01-29 13:41:37,141 INFO c.h.h.t.OperatorHelmChartContainer - [K3S] [replica_set.go:679] "Finished syncing" kind="ReplicaSet" key="default/local-hivemq-hivemq-operator-operator-6b564f6db4" duration="29.445µs"
2025-01-29 13:41:37,208 DEBUG c.h.h.t.OperatorHelmChartContainer - Chart 'local-hivemq' installed or upgraded
2025-01-29 13:41:37,259 INFO c.h.h.t.OperatorHelmChartContainer - [K3S] [reconciler_common.go:251] "operationExecutor.VerifyControllerAttachedVolume started for volume \"kube-api-access-sj5xk\" (UniqueName: \"kubernetes.io/projected/b830d9c8-1d2a-4041-bb3b-dcd4917018cb-kube-api-access-sj5xk\") pod \"local-hivemq-hivemq-operator-operator-6b564f6db4-hhb4w\" (UID: \"b830d9c8-1d2a-4041-bb3b-dcd4917018cb\") " pod="default/local-hivemq-hivemq-operator-operator-6b564f6db4-hhb4w"
2025-01-29 13:41:37,259 INFO c.h.h.t.OperatorHelmChartContainer - [K3S] [reconciler_common.go:251] "operationExecutor.VerifyControllerAttachedVolume started for volume \"templates\" (UniqueName: \"kubernetes.io/configmap/b830d9c8-1d2a-4041-bb3b-dcd4917018cb-templates\") pod \"local-hivemq-hivemq-operator-operator-6b564f6db4-hhb4w\" (UID: \"b830d9c8-1d2a-4041-bb3b-dcd4917018cb\") " pod="default/local-hivemq-hivemq-operator-operator-6b564f6db4-hhb4w"
2025-01-29 13:41:38,082 INFO c.h.h.t.OperatorHelmChartContainer - [K3S] [replica_set.go:679] "Finished syncing" kind="ReplicaSet" key="default/local-hivemq-hivemq-operator-operator-6b564f6db4" duration="4.544311ms"
2025-01-29 13:41:38,083 INFO c.h.h.t.OperatorHelmChartContainer - [K3S] [replica_set.go:679] "Finished syncing" kind="ReplicaSet" key="default/local-hivemq-hivemq-operator-operator-6b564f6db4" duration="34.275µs"
2025-01-29 13:41:42,081 INFO c.h.h.t.OperatorHelmChartContainer - [K3S] [replica_set.go:679] "Finished syncing" kind="ReplicaSet" key="kube-system/metrics-server-8584b5786c" duration="8.595157ms"
2025-01-29 13:41:42,082 INFO c.h.h.t.OperatorHelmChartContainer - [K3S] [replica_set.go:679] "Finished syncing" kind="ReplicaSet" key="kube-system/metrics-server-8584b5786c" duration="40.606µs"
2025-01-29 13:41:44,849 INFO c.h.h.t.OperatorHelmChartContainer - [K3S] [alloc.go:330] "allocated clusterIPs" service="default/hivemq-local-hivemq-mqtt" clusterIPs={"IPv4":"10.43.220.120"}
2025-01-29 13:41:44,857 INFO c.h.h.t.OperatorHelmChartContainer - [K3S] [alloc.go:330] "allocated clusterIPs" service="default/hivemq-local-hivemq-cc" clusterIPs={"IPv4":"10.43.7.243"}
2025-01-29 13:41:45,149 DEBUG com.hivemq.helmcharts.util.K8sUtil - State to compare Pending and waiting for Running
2025-01-29 13:41:45,676 INFO c.h.h.t.OperatorHelmChartContainer - [K3S] [range_allocator.go:247] "Successfully synced" key="a45dba27944b"
2025-01-29 13:41:46,238 DEBUG com.hivemq.helmcharts.util.K8sUtil - State to compare Pending and waiting for Running
2025-01-29 13:41:46,715 INFO c.h.h.t.OperatorHelmChartContainer - [K3S] [reconciler_common.go:251] "operationExecutor.VerifyControllerAttachedVolume started for volume \"kube-api-access-lhfm7\" (UniqueName: \"kubernetes.io/projected/c287117a-ec40-4d4d-9559-d181e7357edc-kube-api-access-lhfm7\") pod \"helper-pod-create-pvc-134f3692-c9f9-4a7c-93de-65b68dba6992\" (UID: \"c287117a-ec40-4d4d-9559-d181e7357edc\") " pod="kube-system/helper-pod-create-pvc-134f3692-c9f9-4a7c-93de-65b68dba6992"
2025-01-29 13:41:46,715 INFO c.h.h.t.OperatorHelmChartContainer - [K3S] [reconciler_common.go:251] "operationExecutor.VerifyControllerAttachedVolume started for volume \"script\" (UniqueName: \"kubernetes.io/configmap/c287117a-ec40-4d4d-9559-d181e7357edc-script\") pod \"helper-pod-create-pvc-134f3692-c9f9-4a7c-93de-65b68dba6992\" (UID: \"c287117a-ec40-4d4d-9559-d181e7357edc\") " pod="kube-system/helper-pod-create-pvc-134f3692-c9f9-4a7c-93de-65b68dba6992"
2025-01-29 13:41:46,715 INFO c.h.h.t.OperatorHelmChartContainer - [K3S] [reconciler_common.go:251] "operationExecutor.VerifyControllerAttachedVolume started for volume \"data\" (UniqueName: \"kubernetes.io/host-path/c287117a-ec40-4d4d-9559-d181e7357edc-data\") pod \"helper-pod-create-pvc-134f3692-c9f9-4a7c-93de-65b68dba6992\" (UID: \"c287117a-ec40-4d4d-9559-d181e7357edc\") " pod="kube-system/helper-pod-create-pvc-134f3692-c9f9-4a7c-93de-65b68dba6992"
2025-01-29 13:41:47,253 DEBUG com.hivemq.helmcharts.util.K8sUtil - State to compare Pending and waiting for Running
2025-01-29 13:41:47,871 DEBUG com.hivemq.helmcharts.util.K8sUtil - State to compare Updating and waiting for Running
2025-01-29 13:41:50,235 INFO c.h.h.t.OperatorHelmChartContainer - [K3S] [reconciler_common.go:162] "operationExecutor.UnmountVolume started for volume \"data\" (UniqueName: \"kubernetes.io/host-path/c287117a-ec40-4d4d-9559-d181e7357edc-data\") pod \"c287117a-ec40-4d4d-9559-d181e7357edc\" (UID: \"c287117a-ec40-4d4d-9559-d181e7357edc\") "
2025-01-29 13:41:50,235 INFO c.h.h.t.OperatorHelmChartContainer - [K3S] [reconciler_common.go:162] "operationExecutor.UnmountVolume started for volume \"script\" (UniqueName: \"kubernetes.io/configmap/c287117a-ec40-4d4d-9559-d181e7357edc-script\") pod \"c287117a-ec40-4d4d-9559-d181e7357edc\" (UID: \"c287117a-ec40-4d4d-9559-d181e7357edc\") "
2025-01-29 13:41:50,235 INFO c.h.h.t.OperatorHelmChartContainer - [K3S] [reconciler_common.go:162] "operationExecutor.UnmountVolume started for volume \"kube-api-access-lhfm7\" (UniqueName: \"kubernetes.io/projected/c287117a-ec40-4d4d-9559-d181e7357edc-kube-api-access-lhfm7\") pod \"c287117a-ec40-4d4d-9559-d181e7357edc\" (UID: \"c287117a-ec40-4d4d-9559-d181e7357edc\") "
2025-01-29 13:41:50,335 INFO c.h.h.t.OperatorHelmChartContainer - [K3S] [reconciler_common.go:299] "Volume detached for volume \"kube-api-access-lhfm7\" (UniqueName: \"kubernetes.io/projected/c287117a-ec40-4d4d-9559-d181e7357edc-kube-api-access-lhfm7\") on node \"a45dba27944b\" DevicePath \"\""
2025-01-29 13:41:50,335 INFO c.h.h.t.OperatorHelmChartContainer - [K3S] [reconciler_common.go:299] "Volume detached for volume \"data\" (UniqueName: \"kubernetes.io/host-path/c287117a-ec40-4d4d-9559-d181e7357edc-data\") on node \"a45dba27944b\" DevicePath \"\""
2025-01-29 13:41:50,335 INFO c.h.h.t.OperatorHelmChartContainer - [K3S] [reconciler_common.go:299] "Volume detached for volume \"script\" (UniqueName: \"kubernetes.io/configmap/c287117a-ec40-4d4d-9559-d181e7357edc-script\") on node \"a45dba27944b\" DevicePath \"\""
2025-01-29 13:41:51,019 INFO c.h.h.t.OperatorHelmChartContainer - [K3S] [kubelet_volumes.go:163] "Cleaned up orphaned pod volumes dir" podUID="c287117a-ec40-4d4d-9559-d181e7357edc" path="/var/lib/kubelet/pods/c287117a-ec40-4d4d-9559-d181e7357edc/volumes"
2025-01-29 13:41:51,096 INFO c.h.h.t.OperatorHelmChartContainer - [K3S] [scope.go:117] "RemoveContainer" containerID="6f4c5471cd36d26cf652baac177c98a9eb4c09894c868f9d4b220550c9adb627"
2025-01-29 13:41:51,672 INFO c.h.h.t.OperatorHelmChartContainer - [K3S] [memory_manager.go:355] "RemoveStaleState removing state" podUID="c287117a-ec40-4d4d-9559-d181e7357edc" containerName="helper-pod"
2025-01-29 13:41:51,744 INFO c.h.h.t.OperatorHelmChartContainer - [K3S] [reconciler_common.go:251] "operationExecutor.VerifyControllerAttachedVolume started for volume \"backup\" (UniqueName: \"kubernetes.io/empty-dir/39fa9bca-0602-4baf-b43d-ce84d33efa0a-backup\") pod \"local-hivemq-0\" (UID: \"39fa9bca-0602-4baf-b43d-ce84d33efa0a\") " pod="default/local-hivemq-0"
2025-01-29 13:41:51,744 INFO c.h.h.t.OperatorHelmChartContainer - [K3S] [reconciler_common.go:251] "operationExecutor.VerifyControllerAttachedVolume started for volume \"audit\" (UniqueName: \"kubernetes.io/empty-dir/39fa9bca-0602-4baf-b43d-ce84d33efa0a-audit\") pod \"local-hivemq-0\" (UID: \"39fa9bca-0602-4baf-b43d-ce84d33efa0a\") " pod="default/local-hivemq-0"
2025-01-29 13:41:51,744 INFO c.h.h.t.OperatorHelmChartContainer - [K3S] [reconciler_common.go:251] "operationExecutor.VerifyControllerAttachedVolume started for volume \"heap-dumps\" (UniqueName: \"kubernetes.io/empty-dir/39fa9bca-0602-4baf-b43d-ce84d33efa0a-heap-dumps\") pod \"local-hivemq-0\" (UID: \"39fa9bca-0602-4baf-b43d-ce84d33efa0a\") " pod="default/local-hivemq-0"
2025-01-29 13:41:51,744 INFO c.h.h.t.OperatorHelmChartContainer - [K3S] [reconciler_common.go:251] "operationExecutor.VerifyControllerAttachedVolume started for volume \"dns-wait-config\" (UniqueName: \"kubernetes.io/configmap/39fa9bca-0602-4baf-b43d-ce84d33efa0a-dns-wait-config\") pod \"local-hivemq-0\" (UID: \"39fa9bca-0602-4baf-b43d-ce84d33efa0a\") " pod="default/local-hivemq-0"
2025-01-29 13:41:51,744 INFO c.h.h.t.OperatorHelmChartContainer - [K3S] [reconciler_common.go:251] "operationExecutor.VerifyControllerAttachedVolume started for volume \"live-info\" (UniqueName: \"kubernetes.io/configmap/39fa9bca-0602-4baf-b43d-ce84d33efa0a-live-info\") pod \"local-hivemq-0\" (UID: \"39fa9bca-0602-4baf-b43d-ce84d33efa0a\") " pod="default/local-hivemq-0"
2025-01-29 13:41:51,744 INFO c.h.h.t.OperatorHelmChartContainer - [K3S] [reconciler_common.go:251] "operationExecutor.VerifyControllerAttachedVolume started for volume \"kube-api-access-h9ljj\" (UniqueName: \"kubernetes.io/projected/39fa9bca-0602-4baf-b43d-ce84d33efa0a-kube-api-access-h9ljj\") pod \"local-hivemq-0\" (UID: \"39fa9bca-0602-4baf-b43d-ce84d33efa0a\") " pod="default/local-hivemq-0"
2025-01-29 13:41:51,744 INFO c.h.h.t.OperatorHelmChartContainer - [K3S] [reconciler_common.go:251] "operationExecutor.VerifyControllerAttachedVolume started for volume \"conf-override\" (UniqueName: \"kubernetes.io/empty-dir/39fa9bca-0602-4baf-b43d-ce84d33efa0a-conf-override\") pod \"local-hivemq-0\" (UID: \"39fa9bca-0602-4baf-b43d-ce84d33efa0a\") " pod="default/local-hivemq-0"
2025-01-29 13:41:51,745 INFO c.h.h.t.OperatorHelmChartContainer - [K3S] [reconciler_common.go:251] "operationExecutor.VerifyControllerAttachedVolume started for volume \"log\" (UniqueName: \"kubernetes.io/empty-dir/39fa9bca-0602-4baf-b43d-ce84d33efa0a-log\") pod \"local-hivemq-0\" (UID: \"39fa9bca-0602-4baf-b43d-ce84d33efa0a\") " pod="default/local-hivemq-0"
2025-01-29 13:41:51,745 INFO c.h.h.t.OperatorHelmChartContainer - [K3S] [reconciler_common.go:251] "operationExecutor.VerifyControllerAttachedVolume started for volume \"pvc-134f3692-c9f9-4a7c-93de-65b68dba6992\" (UniqueName: \"kubernetes.io/local-volume/pvc-134f3692-c9f9-4a7c-93de-65b68dba6992\") pod \"local-hivemq-0\" (UID: \"39fa9bca-0602-4baf-b43d-ce84d33efa0a\") " pod="default/local-hivemq-0"
2025-01-29 13:41:51,745 INFO c.h.h.t.OperatorHelmChartContainer - [K3S] [reconciler_common.go:251] "operationExecutor.VerifyControllerAttachedVolume started for volume \"shared-data\" (UniqueName: \"kubernetes.io/empty-dir/39fa9bca-0602-4baf-b43d-ce84d33efa0a-shared-data\") pod \"local-hivemq-0\" (UID: \"39fa9bca-0602-4baf-b43d-ce84d33efa0a\") " pod="default/local-hivemq-0"
2025-01-29 13:42:16,326 INFO c.h.h.t.OperatorHelmChartContainer - [K3S] [range_allocator.go:247] "Successfully synced" key="a45dba27944b"
2025-01-29 13:42:41,385 DEBUG com.hivemq.helmcharts.util.K8sUtil - State to compare Updating and waiting for Running
2025-01-29 13:42:41,441 DEBUG com.hivemq.helmcharts.util.K8sUtil - State to compare Running and waiting for Running
2025-01-29 13:42:41,529 INFO t.localhost/testcontainers/frcemanl7kgrmyat:latest - Container localhost/testcontainers/frcemanl7kgrmyat:latest started in PT1M29.452852021S
2025-01-29 13:42:41,602 INFO c.h.h.t.OperatorHelmChartContainer - [EVENT] Normal [Starting] Starting kubelet. [null:a45dba27944b]
2025-01-29 13:42:41,604 INFO c.h.h.t.OperatorHelmChartContainer - [EVENT] Warning [InvalidDiskCapacity] invalid capacity 0 on image filesystem [null:a45dba27944b]
2025-01-29 13:42:41,606 INFO c.h.h.t.OperatorHelmChartContainer - [EVENT] Normal [NodeHasSufficientMemory] Node a45dba27944b status is now: NodeHasSufficientMemory [null:a45dba27944b]
2025-01-29 13:42:41,607 INFO c.h.h.t.OperatorHelmChartContainer - [EVENT] Normal [NodeHasNoDiskPressure] Node a45dba27944b status is now: NodeHasNoDiskPressure [null:a45dba27944b]
2025-01-29 13:42:41,607 INFO c.h.h.t.OperatorHelmChartContainer - [EVENT] Normal [NodeHasSufficientPID] Node a45dba27944b status is now: NodeHasSufficientPID [null:a45dba27944b]
2025-01-29 13:42:41,607 INFO c.h.h.t.OperatorHelmChartContainer - [EVENT] Normal [NodeAllocatableEnforced] Updated Node Allocatable limit across pods [null:a45dba27944b]
2025-01-29 13:42:41,607 INFO c.h.h.t.OperatorHelmChartContainer - [EVENT] Normal [NodeReady] Node a45dba27944b status is now: NodeReady [null:a45dba27944b]
2025-01-29 13:42:41,607 INFO c.h.h.t.OperatorHelmChartContainer - [EVENT] Normal [NodePasswordValidationComplete] Deferred node password secret validation complete [null:a45dba27944b]
2025-01-29 13:42:41,609 INFO c.h.h.t.OperatorHelmChartContainer - [EVENT] Normal [Synced] Node synced successfully [null:a45dba27944b]
2025-01-29 13:42:41,609 INFO c.h.h.t.OperatorHelmChartContainer - [EVENT] Normal [RegisteredNode] Node a45dba27944b event: Registered Node a45dba27944b in Controller [null:a45dba27944b]
2025-01-29 13:42:41,609 INFO c.h.h.t.OperatorHelmChartContainer - [EVENT] Normal [WaitForFirstConsumer] waiting for first consumer to be created before binding [default:data-local-hivemq-0]
2025-01-29 13:42:41,610 INFO c.h.h.t.OperatorHelmChartContainer - [EVENT] Normal [ExternalProvisioning] Waiting for a volume to be created either by the external provisioner 'rancher.io/local-path' or manually by the system administrator. If volume creation is delayed, please verify that the provisioner is running and correctly registered. [default:data-local-hivemq-0]
2025-01-29 13:42:41,612 INFO c.h.h.t.OperatorHelmChartContainer - [EVENT] Normal [Provisioning] External provisioner is provisioning volume for claim "default/data-local-hivemq-0" [default:data-local-hivemq-0]
2025-01-29 13:42:41,612 INFO c.h.h.t.OperatorHelmChartContainer - [EVENT] Normal [ProvisioningSucceeded] Successfully provisioned volume pvc-134f3692-c9f9-4a7c-93de-65b68dba6992 [default:data-local-hivemq-0]
2025-01-29 13:42:41,612 INFO c.h.h.t.OperatorHelmChartContainer - [EVENT] Normal [Scheduled] Successfully assigned default/local-hivemq-0 to a45dba27944b [default:local-hivemq-0]
2025-01-29 13:42:41,614 INFO c.h.h.t.OperatorHelmChartContainer - [EVENT] Normal [Pulling] Pulling image "busybox:latest" [default:local-hivemq-0]
2025-01-29 13:42:41,614 INFO c.h.h.t.OperatorHelmChartContainer - [EVENT] Normal [Pulled] Successfully pulled image "busybox:latest" in 521ms (521ms including waiting). Image size: 2167089 bytes. [default:local-hivemq-0]
2025-01-29 13:42:41,615 INFO c.h.h.t.OperatorHelmChartContainer - [EVENT] Normal [Created] Created container: init-shared [default:local-hivemq-0]
2025-01-29 13:42:41,615 INFO c.h.h.t.OperatorHelmChartContainer - [EVENT] Normal [Started] Started container init-shared [default:local-hivemq-0]
2025-01-29 13:42:41,615 INFO c.h.h.t.OperatorHelmChartContainer - [EVENT] Normal [Pulled] Container image "hivemq/init-dns-wait:snapshot" already present on machine [default:local-hivemq-0]
2025-01-29 13:42:41,616 INFO c.h.h.t.OperatorHelmChartContainer - [EVENT] Normal [Created] Created container: dns-wait [default:local-hivemq-0]
2025-01-29 13:42:41,616 INFO c.h.h.t.OperatorHelmChartContainer - [EVENT] Normal [Started] Started container dns-wait [default:local-hivemq-0]
2025-01-29 13:42:41,616 INFO c.h.h.t.OperatorHelmChartContainer - [EVENT] Normal [Pulled] Container image "hivemq/hivemq4:k8s-4.36.0" already present on machine [default:local-hivemq-0]
2025-01-29 13:42:41,616 INFO c.h.h.t.OperatorHelmChartContainer - Received Pulled event for container hivemq in pod local-hivemq-0 [39fa9bca-0602-4baf-b43d-ce84d33efa0a]
2025-01-29 13:42:41,616 INFO c.h.h.t.OperatorHelmChartContainer - [EVENT] Normal [Created] Created container: hivemq [default:local-hivemq-0]
2025-01-29 13:42:41,616 INFO c.h.h.t.OperatorHelmChartContainer - Received Created event for container hivemq in pod local-hivemq-0 [39fa9bca-0602-4baf-b43d-ce84d33efa0a]
2025-01-29 13:42:41,650 INFO c.h.h.t.OperatorHelmChartContainer - [EVENT] Normal [Started] Started container hivemq [default:local-hivemq-0]
2025-01-29 13:42:41,650 INFO c.h.h.t.OperatorHelmChartContainer - Received Started event for container hivemq in pod local-hivemq-0 [39fa9bca-0602-4baf-b43d-ce84d33efa0a]
2025-01-29 13:42:41,652 INFO c.h.h.t.OperatorHelmChartContainer - Started log watcher for hivemq in pod local-hivemq-0 [39fa9bca-0602-4baf-b43d-ce84d33efa0a]
2025-01-29 13:42:41,652 INFO c.h.h.t.OperatorHelmChartContainer - [EVENT] Warning [Unhealthy] Readiness probe failed: Log statement not present (yet)
 [default:local-hivemq-0]
2025-01-29 13:42:41,652 INFO c.h.h.t.OperatorHelmChartContainer - Received Unhealthy event for container hivemq in pod local-hivemq-0 [39fa9bca-0602-4baf-b43d-ce84d33efa0a]
2025-01-29 13:42:41,652 INFO c.h.h.t.OperatorHelmChartContainer - [EVENT] Warning [Unhealthy] Liveness probe failed: dial tcp 10.42.0.7:1883: connect: connection refused [default:local-hivemq-0]
2025-01-29 13:42:41,652 INFO c.h.h.t.OperatorHelmChartContainer - Received Unhealthy event for container hivemq in pod local-hivemq-0 [39fa9bca-0602-4baf-b43d-ce84d33efa0a]
2025-01-29 13:42:41,652 INFO c.h.h.t.OperatorHelmChartContainer - [local-hivemq-0] [hivemq] [39fa9bca] Copying external files
2025-01-29 13:42:41,653 INFO c.h.h.t.OperatorHelmChartContainer - [EVENT] Normal [Scheduled] Successfully assigned default/local-hivemq-hivemq-operator-operator-6b564f6db4-hhb4w to a45dba27944b [default:local-hivemq-hivemq-operator-operator-6b564f6db4-hhb4w]
2025-01-29 13:42:41,653 INFO c.h.h.t.OperatorHelmChartContainer - [EVENT] Normal [Pulled] Container image "hivemq/hivemq-operator:snapshot" already present on machine [default:local-hivemq-hivemq-operator-operator-6b564f6db4-hhb4w]
2025-01-29 13:42:41,653 INFO c.h.h.t.OperatorHelmChartContainer - Received Pulled event for container operator in pod local-hivemq-hivemq-operator-operator-6b564f6db4-hhb4w [b830d9c8-1d2a-4041-bb3b-dcd4917018cb]
2025-01-29 13:42:41,653 INFO c.h.h.t.OperatorHelmChartContainer - [EVENT] Normal [Created] Created container: operator [default:local-hivemq-hivemq-operator-operator-6b564f6db4-hhb4w]
2025-01-29 13:42:41,653 INFO c.h.h.t.OperatorHelmChartContainer - Received Created event for container operator in pod local-hivemq-hivemq-operator-operator-6b564f6db4-hhb4w [b830d9c8-1d2a-4041-bb3b-dcd4917018cb]
2025-01-29 13:42:41,661 INFO c.h.h.t.OperatorHelmChartContainer - [POD] local-hivemq-0 [39fa9bca-0602-4baf-b43d-ce84d33efa0a] in default was ADDED
2025-01-29 13:42:41,661 INFO c.h.h.t.OperatorHelmChartContainer - [local-hivemq-0] [hivemq] [39fa9bca] Rewriting config.xml...
2025-01-29 13:42:41,661 INFO c.h.h.t.OperatorHelmChartContainer - [local-hivemq-0] [hivemq] [39fa9bca] Creating initial lastUpdate files...
2025-01-29 13:42:41,661 INFO c.h.h.t.OperatorHelmChartContainer - [local-hivemq-0] [hivemq] [39fa9bca] Disabling Prometheus
2025-01-29 13:42:41,661 INFO c.h.h.t.OperatorHelmChartContainer - [local-hivemq-0] [hivemq] [39fa9bca] Pod info:
2025-01-29 13:42:41,661 INFO c.h.h.t.OperatorHelmChartContainer - [local-hivemq-0] [hivemq] [39fa9bca] extension-names=hivemq-kafka-extension hivemq-google-cloud-pubsub-extension hivemq-bridge-extension hivemq-enterprise-security-extension hivemq-distributed-tracing-extension hivemq-amazon-kinesis-extension
2025-01-29 13:42:41,661 INFO c.h.h.t.OperatorHelmChartContainer - [local-hivemq-0] [hivemq] [39fa9bca] extension-uris=preinstalled preinstalled preinstalled preinstalled preinstalled preinstalled
2025-01-29 13:42:41,661 INFO c.h.h.t.OperatorHelmChartContainer - [local-hivemq-0] [hivemq] [39fa9bca] extension-states=false false false false false false
2025-01-29 13:42:41,661 INFO c.h.h.t.OperatorHelmChartContainer - [local-hivemq-0] [hivemq] [39fa9bca] extensions-static=false false false false false false
2025-01-29 13:42:41,661 INFO c.h.h.t.OperatorHelmChartContainer - [local-hivemq-0] [hivemq] [39fa9bca] Installing extension #0 with name: hivemq-kafka-extension, URI: preinstalled, enabled state: false
2025-01-29 13:42:41,661 INFO c.h.h.t.OperatorHelmChartContainer - [local-hivemq-0] [hivemq] [39fa9bca] + [[ 3 != 3 ]]
2025-01-29 13:42:41,661 INFO c.h.h.t.OperatorHelmChartContainer - [local-hivemq-0] [hivemq] [39fa9bca] + EXTENSION_URI=preinstalled
2025-01-29 13:42:41,662 INFO c.h.h.t.OperatorHelmChartContainer - [local-hivemq-0] [hivemq] [39fa9bca] + EXTENSION_NAME=hivemq-kafka-extension
2025-01-29 13:42:41,662 INFO c.h.h.t.OperatorHelmChartContainer - [local-hivemq-0] [hivemq] [39fa9bca] + TARGET_STATE=false
2025-01-29 13:42:41,662 INFO c.h.h.t.OperatorHelmChartContainer - [local-hivemq-0] [hivemq] [39fa9bca] + TARGET_DIR=/opt/hivemq/extensions/hivemq-kafka-extension
2025-01-29 13:42:41,662 INFO c.h.h.t.OperatorHelmChartContainer - [local-hivemq-0] [hivemq] [39fa9bca] ++ mktemp -d
2025-01-29 13:42:41,662 INFO c.h.h.t.OperatorHelmChartContainer - [local-hivemq-0] [hivemq] [39fa9bca] + install_dir=/tmp/tmp.gU11jeuImf
2025-01-29 13:42:41,662 INFO c.h.h.t.OperatorHelmChartContainer - [local-hivemq-0] [hivemq] [39fa9bca] + set +e
2025-01-29 13:42:41,662 INFO c.h.h.t.OperatorHelmChartContainer - [local-hivemq-0] [hivemq] [39fa9bca] + [[ -f /opt/hivemq/extensions/hivemq-kafka-extension/DISABLED ]]
2025-01-29 13:42:41,662 INFO c.h.h.t.OperatorHelmChartContainer - [local-hivemq-0] [hivemq] [39fa9bca] + was_enabled=0
2025-01-29 13:42:41,662 INFO c.h.h.t.OperatorHelmChartContainer - [local-hivemq-0] [hivemq] [39fa9bca] + set -e
2025-01-29 13:42:41,662 INFO c.h.h.t.OperatorHelmChartContainer - [local-hivemq-0] [hivemq] [39fa9bca] + [[ preinstalled != \p\r\e\i\n\s\t\a\l\l\e\d ]]
2025-01-29 13:42:41,662 INFO c.h.h.t.OperatorHelmChartContainer - [local-hivemq-0] [hivemq] [39fa9bca] + [[ false == \f\a\l\s\e ]]
2025-01-29 13:42:41,662 INFO c.h.h.t.OperatorHelmChartContainer - [local-hivemq-0] [hivemq] [39fa9bca] + touch /opt/hivemq/extensions/hivemq-kafka-extension/DISABLED
2025-01-29 13:42:41,662 INFO c.h.h.t.OperatorHelmChartContainer - [local-hivemq-0] [hivemq] [39fa9bca] + was_enabled=0
2025-01-29 13:42:41,662 INFO c.h.h.t.OperatorHelmChartContainer - [local-hivemq-0] [hivemq] [39fa9bca] + [[ preinstalled != \p\r\e\i\n\s\t\a\l\l\e\d ]]
2025-01-29 13:42:41,662 INFO c.h.h.t.OperatorHelmChartContainer - [local-hivemq-0] [hivemq] [39fa9bca] + /opt/hivemq/bin/run_initialization.sh hivemq-kafka-extension
2025-01-29 13:42:41,662 INFO c.h.h.t.OperatorHelmChartContainer - [local-hivemq-0] [hivemq] [39fa9bca] + EXTENSION_NAME=hivemq-kafka-extension
2025-01-29 13:42:41,662 INFO c.h.h.t.OperatorHelmChartContainer - [local-hivemq-0] [hivemq] [39fa9bca] + TARGET_DIR=/opt/hivemq/extensions/hivemq-kafka-extension
2025-01-29 13:42:41,662 INFO c.h.h.t.OperatorHelmChartContainer - [local-hivemq-0] [hivemq] [39fa9bca] + cd /opt/hivemq/extensions/hivemq-kafka-extension
2025-01-29 13:42:41,662 INFO c.h.h.t.OperatorHelmChartContainer - [local-hivemq-0] [hivemq] [39fa9bca] + [[ -f init_tmp ]]
2025-01-29 13:42:41,662 INFO c.h.h.t.OperatorHelmChartContainer - [local-hivemq-0] [hivemq] [39fa9bca] + [[ -f /etc/podinfo/init-extension-hivemq-kafka-extension ]]
2025-01-29 13:42:41,662 INFO c.h.h.t.OperatorHelmChartContainer - [local-hivemq-0] [hivemq] [39fa9bca] Installing extension #1 with name: hivemq-google-cloud-pubsub-extension, URI: preinstalled, enabled state: false
2025-01-29 13:42:41,662 INFO c.h.h.t.OperatorHelmChartContainer - [local-hivemq-0] [hivemq] [39fa9bca] + [[ 3 != 3 ]]
2025-01-29 13:42:41,662 INFO c.h.h.t.OperatorHelmChartContainer - [local-hivemq-0] [hivemq] [39fa9bca] + EXTENSION_URI=preinstalled
2025-01-29 13:42:41,662 INFO c.h.h.t.OperatorHelmChartContainer - [local-hivemq-0] [hivemq] [39fa9bca] + EXTENSION_NAME=hivemq-google-cloud-pubsub-extension
2025-01-29 13:42:41,662 INFO c.h.h.t.OperatorHelmChartContainer - [local-hivemq-0] [hivemq] [39fa9bca] + TARGET_STATE=false
2025-01-29 13:42:41,662 INFO c.h.h.t.OperatorHelmChartContainer - [local-hivemq-0] [hivemq] [39fa9bca] + TARGET_DIR=/opt/hivemq/extensions/hivemq-google-cloud-pubsub-extension
2025-01-29 13:42:41,662 INFO c.h.h.t.OperatorHelmChartContainer - [local-hivemq-0] [hivemq] [39fa9bca] ++ mktemp -d
2025-01-29 13:42:41,662 INFO c.h.h.t.OperatorHelmChartContainer - [local-hivemq-0] [hivemq] [39fa9bca] + install_dir=/tmp/tmp.y52aegDhv8
2025-01-29 13:42:41,662 INFO c.h.h.t.OperatorHelmChartContainer - [local-hivemq-0] [hivemq] [39fa9bca] + set +e
2025-01-29 13:42:41,662 INFO c.h.h.t.OperatorHelmChartContainer - [local-hivemq-0] [hivemq] [39fa9bca] + [[ -f /opt/hivemq/extensions/hivemq-google-cloud-pubsub-extension/DISABLED ]]
2025-01-29 13:42:41,662 INFO c.h.h.t.OperatorHelmChartContainer - [local-hivemq-0] [hivemq] [39fa9bca] + was_enabled=0
2025-01-29 13:42:41,662 INFO c.h.h.t.OperatorHelmChartContainer - [local-hivemq-0] [hivemq] [39fa9bca] + set -e
2025-01-29 13:42:41,662 INFO c.h.h.t.OperatorHelmChartContainer - [local-hivemq-0] [hivemq] [39fa9bca] + [[ preinstalled != \p\r\e\i\n\s\t\a\l\l\e\d ]]
2025-01-29 13:42:41,662 INFO c.h.h.t.OperatorHelmChartContainer - [local-hivemq-0] [hivemq] [39fa9bca] + [[ false == \f\a\l\s\e ]]
2025-01-29 13:42:41,662 INFO c.h.h.t.OperatorHelmChartContainer - [local-hivemq-0] [hivemq] [39fa9bca] + touch /opt/hivemq/extensions/hivemq-google-cloud-pubsub-extension/DISABLED
2025-01-29 13:42:41,662 INFO c.h.h.t.OperatorHelmChartContainer - [local-hivemq-0] [hivemq] [39fa9bca] + was_enabled=0
2025-01-29 13:42:41,662 INFO c.h.h.t.OperatorHelmChartContainer - [local-hivemq-0] [hivemq] [39fa9bca] + [[ preinstalled != \p\r\e\i\n\s\t\a\l\l\e\d ]]
2025-01-29 13:42:41,662 INFO c.h.h.t.OperatorHelmChartContainer - [local-hivemq-0] [hivemq] [39fa9bca] + /opt/hivemq/bin/run_initialization.sh hivemq-google-cloud-pubsub-extension
2025-01-29 13:42:41,662 INFO c.h.h.t.OperatorHelmChartContainer - [local-hivemq-0] [hivemq] [39fa9bca] + EXTENSION_NAME=hivemq-google-cloud-pubsub-extension
2025-01-29 13:42:41,662 INFO c.h.h.t.OperatorHelmChartContainer - [local-hivemq-0] [hivemq] [39fa9bca] + TARGET_DIR=/opt/hivemq/extensions/hivemq-google-cloud-pubsub-extension
2025-01-29 13:42:41,662 INFO c.h.h.t.OperatorHelmChartContainer - [local-hivemq-0] [hivemq] [39fa9bca] + cd /opt/hivemq/extensions/hivemq-google-cloud-pubsub-extension
2025-01-29 13:42:41,662 INFO c.h.h.t.OperatorHelmChartContainer - [local-hivemq-0] [hivemq] [39fa9bca] + [[ -f init_tmp ]]
2025-01-29 13:42:41,662 INFO c.h.h.t.OperatorHelmChartContainer - [local-hivemq-0] [hivemq] [39fa9bca] + [[ -f /etc/podinfo/init-extension-hivemq-google-cloud-pubsub-extension ]]
2025-01-29 13:42:41,663 INFO c.h.h.t.OperatorHelmChartContainer - [local-hivemq-0] [hivemq] [39fa9bca] Installing extension #2 with name: hivemq-bridge-extension, URI: preinstalled, enabled state: false
2025-01-29 13:42:41,663 INFO c.h.h.t.OperatorHelmChartContainer - [local-hivemq-0] [hivemq] [39fa9bca] + [[ 3 != 3 ]]
2025-01-29 13:42:41,663 INFO c.h.h.t.OperatorHelmChartContainer - [local-hivemq-0] [hivemq] [39fa9bca] + EXTENSION_URI=preinstalled
2025-01-29 13:42:41,663 INFO c.h.h.t.OperatorHelmChartContainer - [local-hivemq-0] [hivemq] [39fa9bca] + EXTENSION_NAME=hivemq-bridge-extension
2025-01-29 13:42:41,663 INFO c.h.h.t.OperatorHelmChartContainer - [local-hivemq-0] [hivemq] [39fa9bca] + TARGET_STATE=false
2025-01-29 13:42:41,663 INFO c.h.h.t.OperatorHelmChartContainer - [local-hivemq-0] [hivemq] [39fa9bca] + TARGET_DIR=/opt/hivemq/extensions/hivemq-bridge-extension
2025-01-29 13:42:41,663 INFO c.h.h.t.OperatorHelmChartContainer - [local-hivemq-0] [hivemq] [39fa9bca] ++ mktemp -d
2025-01-29 13:42:41,663 INFO c.h.h.t.OperatorHelmChartContainer - [local-hivemq-0] [hivemq] [39fa9bca] + install_dir=/tmp/tmp.F4PPQnJETH
2025-01-29 13:42:41,663 INFO c.h.h.t.OperatorHelmChartContainer - [local-hivemq-0] [hivemq] [39fa9bca] + set +e
2025-01-29 13:42:41,663 INFO c.h.h.t.OperatorHelmChartContainer - [local-hivemq-0] [hivemq] [39fa9bca] + [[ -f /opt/hivemq/extensions/hivemq-bridge-extension/DISABLED ]]
2025-01-29 13:42:41,663 INFO c.h.h.t.OperatorHelmChartContainer - [local-hivemq-0] [hivemq] [39fa9bca] + was_enabled=0
2025-01-29 13:42:41,663 INFO c.h.h.t.OperatorHelmChartContainer - [local-hivemq-0] [hivemq] [39fa9bca] + set -e
2025-01-29 13:42:41,663 INFO c.h.h.t.OperatorHelmChartContainer - [local-hivemq-0] [hivemq] [39fa9bca] + [[ preinstalled != \p\r\e\i\n\s\t\a\l\l\e\d ]]
2025-01-29 13:42:41,663 INFO c.h.h.t.OperatorHelmChartContainer - [local-hivemq-0] [hivemq] [39fa9bca] + [[ false == \f\a\l\s\e ]]
2025-01-29 13:42:41,663 INFO c.h.h.t.OperatorHelmChartContainer - [local-hivemq-0] [hivemq] [39fa9bca] + touch /opt/hivemq/extensions/hivemq-bridge-extension/DISABLED
2025-01-29 13:42:41,663 INFO c.h.h.t.OperatorHelmChartContainer - [local-hivemq-0] [hivemq] [39fa9bca] + was_enabled=0
2025-01-29 13:42:41,663 INFO c.h.h.t.OperatorHelmChartContainer - [local-hivemq-0] [hivemq] [39fa9bca] + [[ preinstalled != \p\r\e\i\n\s\t\a\l\l\e\d ]]
2025-01-29 13:42:41,663 INFO c.h.h.t.OperatorHelmChartContainer - [local-hivemq-0] [hivemq] [39fa9bca] + /opt/hivemq/bin/run_initialization.sh hivemq-bridge-extension
2025-01-29 13:42:41,663 INFO c.h.h.t.OperatorHelmChartContainer - [local-hivemq-0] [hivemq] [39fa9bca] + EXTENSION_NAME=hivemq-bridge-extension
2025-01-29 13:42:41,663 INFO c.h.h.t.OperatorHelmChartContainer - [local-hivemq-0] [hivemq] [39fa9bca] + TARGET_DIR=/opt/hivemq/extensions/hivemq-bridge-extension
2025-01-29 13:42:41,663 INFO c.h.h.t.OperatorHelmChartContainer - [local-hivemq-0] [hivemq] [39fa9bca] + cd /opt/hivemq/extensions/hivemq-bridge-extension
2025-01-29 13:42:41,663 INFO c.h.h.t.OperatorHelmChartContainer - [local-hivemq-0] [hivemq] [39fa9bca] + [[ -f init_tmp ]]
2025-01-29 13:42:41,663 INFO c.h.h.t.OperatorHelmChartContainer - [local-hivemq-0] [hivemq] [39fa9bca] + [[ -f /etc/podinfo/init-extension-hivemq-bridge-extension ]]
2025-01-29 13:42:41,663 INFO c.h.h.t.OperatorHelmChartContainer - [local-hivemq-0] [hivemq] [39fa9bca] Installing extension #3 with name: hivemq-enterprise-security-extension, URI: preinstalled, enabled state: false
2025-01-29 13:42:41,663 INFO c.h.h.t.OperatorHelmChartContainer - [local-hivemq-0] [hivemq] [39fa9bca] + [[ 3 != 3 ]]
2025-01-29 13:42:41,663 INFO c.h.h.t.OperatorHelmChartContainer - [local-hivemq-0] [hivemq] [39fa9bca] + EXTENSION_URI=preinstalled
2025-01-29 13:42:41,663 INFO c.h.h.t.OperatorHelmChartContainer - [local-hivemq-0] [hivemq] [39fa9bca] + EXTENSION_NAME=hivemq-enterprise-security-extension
2025-01-29 13:42:41,663 INFO c.h.h.t.OperatorHelmChartContainer - [local-hivemq-0] [hivemq] [39fa9bca] + TARGET_STATE=false
2025-01-29 13:42:41,663 INFO c.h.h.t.OperatorHelmChartContainer - [local-hivemq-0] [hivemq] [39fa9bca] + TARGET_DIR=/opt/hivemq/extensions/hivemq-enterprise-security-extension
2025-01-29 13:42:41,663 INFO c.h.h.t.OperatorHelmChartContainer - [local-hivemq-0] [hivemq] [39fa9bca] ++ mktemp -d
2025-01-29 13:42:41,663 INFO c.h.h.t.OperatorHelmChartContainer - [local-hivemq-0] [hivemq] [39fa9bca] + install_dir=/tmp/tmp.S6koujkJPH
2025-01-29 13:42:41,663 INFO c.h.h.t.OperatorHelmChartContainer - [local-hivemq-0] [hivemq] [39fa9bca] + set +e
2025-01-29 13:42:41,663 INFO c.h.h.t.OperatorHelmChartContainer - [local-hivemq-0] [hivemq] [39fa9bca] + [[ -f /opt/hivemq/extensions/hivemq-enterprise-security-extension/DISABLED ]]
2025-01-29 13:42:41,663 INFO c.h.h.t.OperatorHelmChartContainer - [local-hivemq-0] [hivemq] [39fa9bca] + was_enabled=0
2025-01-29 13:42:41,663 INFO c.h.h.t.OperatorHelmChartContainer - [local-hivemq-0] [hivemq] [39fa9bca] + set -e
2025-01-29 13:42:41,663 INFO c.h.h.t.OperatorHelmChartContainer - [local-hivemq-0] [hivemq] [39fa9bca] + [[ preinstalled != \p\r\e\i\n\s\t\a\l\l\e\d ]]
2025-01-29 13:42:41,663 INFO c.h.h.t.OperatorHelmChartContainer - [local-hivemq-0] [hivemq] [39fa9bca] + [[ false == \f\a\l\s\e ]]
2025-01-29 13:42:41,663 INFO c.h.h.t.OperatorHelmChartContainer - [local-hivemq-0] [hivemq] [39fa9bca] + touch /opt/hivemq/extensions/hivemq-enterprise-security-extension/DISABLED
2025-01-29 13:42:41,663 INFO c.h.h.t.OperatorHelmChartContainer - [local-hivemq-0] [hivemq] [39fa9bca] + was_enabled=0
2025-01-29 13:42:41,663 INFO c.h.h.t.OperatorHelmChartContainer - [local-hivemq-0] [hivemq] [39fa9bca] + [[ preinstalled != \p\r\e\i\n\s\t\a\l\l\e\d ]]
2025-01-29 13:42:41,663 INFO c.h.h.t.OperatorHelmChartContainer - [local-hivemq-0] [hivemq] [39fa9bca] + /opt/hivemq/bin/run_initialization.sh hivemq-enterprise-security-extension
2025-01-29 13:42:41,663 INFO c.h.h.t.OperatorHelmChartContainer - [local-hivemq-0] [hivemq] [39fa9bca] + EXTENSION_NAME=hivemq-enterprise-security-extension
2025-01-29 13:42:41,663 INFO c.h.h.t.OperatorHelmChartContainer - [local-hivemq-0] [hivemq] [39fa9bca] + TARGET_DIR=/opt/hivemq/extensions/hivemq-enterprise-security-extension
2025-01-29 13:42:41,663 INFO c.h.h.t.OperatorHelmChartContainer - [local-hivemq-0] [hivemq] [39fa9bca] + cd /opt/hivemq/extensions/hivemq-enterprise-security-extension
2025-01-29 13:42:41,663 INFO c.h.h.t.OperatorHelmChartContainer - [local-hivemq-0] [hivemq] [39fa9bca] + [[ -f init_tmp ]]
2025-01-29 13:42:41,663 INFO c.h.h.t.OperatorHelmChartContainer - [local-hivemq-0] [hivemq] [39fa9bca] + [[ -f /etc/podinfo/init-extension-hivemq-enterprise-security-extension ]]
2025-01-29 13:42:41,663 INFO c.h.h.t.OperatorHelmChartContainer - [local-hivemq-0] [hivemq] [39fa9bca] Using init script from config map
2025-01-29 13:42:41,663 INFO c.h.h.t.OperatorHelmChartContainer - [local-hivemq-0] [hivemq] [39fa9bca] + echo 'Using init script from config map'
2025-01-29 13:42:41,663 INFO c.h.h.t.OperatorHelmChartContainer - [local-hivemq-0] [hivemq] [39fa9bca] + cat /etc/podinfo/init-extension-hivemq-enterprise-security-extension
2025-01-29 13:42:41,663 INFO c.h.h.t.OperatorHelmChartContainer - [local-hivemq-0] [hivemq] [39fa9bca] Executing initialization script
2025-01-29 13:42:41,663 INFO c.h.h.t.OperatorHelmChartContainer - [local-hivemq-0] [hivemq] [39fa9bca] + echo 'Executing initialization script'
2025-01-29 13:42:41,663 INFO c.h.h.t.OperatorHelmChartContainer - [local-hivemq-0] [hivemq] [39fa9bca] + chmod +x init
2025-01-29 13:42:41,663 INFO c.h.h.t.OperatorHelmChartContainer - [local-hivemq-0] [hivemq] [39fa9bca] + ./init
2025-01-29 13:42:41,663 INFO c.h.h.t.OperatorHelmChartContainer - [local-hivemq-0] [hivemq] [39fa9bca]   % Total    % Received % Xferd  Average Speed   Time    Time     Time  Current
2025-01-29 13:42:41,663 INFO c.h.h.t.OperatorHelmChartContainer - [local-hivemq-0] [hivemq] [39fa9bca]                                  Dload  Upload   Total   Spent    Left  Speed
2025-01-29 13:42:41,663 INFO c.h.h.t.OperatorHelmChartContainer - [local-hivemq-0] [hivemq] [39fa9bca] 
2025-01-29 13:42:41,663 INFO c.h.h.t.OperatorHelmChartContainer - [local-hivemq-0] [hivemq] [39fa9bca]   0     0    0     0    0     0      0      0 --:--:-- --:--:-- --:--:--     0
2025-01-29 13:42:41,663 INFO c.h.h.t.OperatorHelmChartContainer - [local-hivemq-0] [hivemq] [39fa9bca]   0  910k    0     0    0     0      0      0 --:--:-- --:--:-- --:--:--     0
2025-01-29 13:42:41,663 INFO c.h.h.t.OperatorHelmChartContainer - [local-hivemq-0] [hivemq] [39fa9bca] 100  910k  100  910k    0     0  1768k      0 --:--:-- --:--:-- --:--:-- 1768k
2025-01-29 13:42:41,663 INFO c.h.h.t.OperatorHelmChartContainer - [local-hivemq-0] [hivemq] [39fa9bca] Installing extension #4 with name: hivemq-distributed-tracing-extension, URI: preinstalled, enabled state: false
2025-01-29 13:42:41,663 INFO c.h.h.t.OperatorHelmChartContainer - [local-hivemq-0] [hivemq] [39fa9bca] + [[ 3 != 3 ]]
2025-01-29 13:42:41,663 INFO c.h.h.t.OperatorHelmChartContainer - [local-hivemq-0] [hivemq] [39fa9bca] + EXTENSION_URI=preinstalled
2025-01-29 13:42:41,663 INFO c.h.h.t.OperatorHelmChartContainer - [local-hivemq-0] [hivemq] [39fa9bca] + EXTENSION_NAME=hivemq-distributed-tracing-extension
2025-01-29 13:42:41,663 INFO c.h.h.t.OperatorHelmChartContainer - [local-hivemq-0] [hivemq] [39fa9bca] + TARGET_STATE=false
2025-01-29 13:42:41,663 INFO c.h.h.t.OperatorHelmChartContainer - [local-hivemq-0] [hivemq] [39fa9bca] + TARGET_DIR=/opt/hivemq/extensions/hivemq-distributed-tracing-extension
2025-01-29 13:42:41,663 INFO c.h.h.t.OperatorHelmChartContainer - [local-hivemq-0] [hivemq] [39fa9bca] ++ mktemp -d
2025-01-29 13:42:41,663 INFO c.h.h.t.OperatorHelmChartContainer - [local-hivemq-0] [hivemq] [39fa9bca] + install_dir=/tmp/tmp.jykhlrdPEc
2025-01-29 13:42:41,663 INFO c.h.h.t.OperatorHelmChartContainer - [local-hivemq-0] [hivemq] [39fa9bca] + set +e
2025-01-29 13:42:41,663 INFO c.h.h.t.OperatorHelmChartContainer - [local-hivemq-0] [hivemq] [39fa9bca] + [[ -f /opt/hivemq/extensions/hivemq-distributed-tracing-extension/DISABLED ]]
2025-01-29 13:42:41,663 INFO c.h.h.t.OperatorHelmChartContainer - [local-hivemq-0] [hivemq] [39fa9bca] + was_enabled=0
2025-01-29 13:42:41,663 INFO c.h.h.t.OperatorHelmChartContainer - [local-hivemq-0] [hivemq] [39fa9bca] + set -e
2025-01-29 13:42:41,663 INFO c.h.h.t.OperatorHelmChartContainer - [local-hivemq-0] [hivemq] [39fa9bca] + [[ preinstalled != \p\r\e\i\n\s\t\a\l\l\e\d ]]
2025-01-29 13:42:41,663 INFO c.h.h.t.OperatorHelmChartContainer - [local-hivemq-0] [hivemq] [39fa9bca] + [[ false == \f\a\l\s\e ]]
2025-01-29 13:42:41,663 INFO c.h.h.t.OperatorHelmChartContainer - [local-hivemq-0] [hivemq] [39fa9bca] + touch /opt/hivemq/extensions/hivemq-distributed-tracing-extension/DISABLED
2025-01-29 13:42:41,663 INFO c.h.h.t.OperatorHelmChartContainer - [local-hivemq-0] [hivemq] [39fa9bca] + was_enabled=0
2025-01-29 13:42:41,663 INFO c.h.h.t.OperatorHelmChartContainer - [local-hivemq-0] [hivemq] [39fa9bca] + [[ preinstalled != \p\r\e\i\n\s\t\a\l\l\e\d ]]
2025-01-29 13:42:41,663 INFO c.h.h.t.OperatorHelmChartContainer - [local-hivemq-0] [hivemq] [39fa9bca] + /opt/hivemq/bin/run_initialization.sh hivemq-distributed-tracing-extension
2025-01-29 13:42:41,663 INFO c.h.h.t.OperatorHelmChartContainer - [local-hivemq-0] [hivemq] [39fa9bca] + EXTENSION_NAME=hivemq-distributed-tracing-extension
2025-01-29 13:42:41,663 INFO c.h.h.t.OperatorHelmChartContainer - [local-hivemq-0] [hivemq] [39fa9bca] + TARGET_DIR=/opt/hivemq/extensions/hivemq-distributed-tracing-extension
2025-01-29 13:42:41,663 INFO c.h.h.t.OperatorHelmChartContainer - [local-hivemq-0] [hivemq] [39fa9bca] + cd /opt/hivemq/extensions/hivemq-distributed-tracing-extension
2025-01-29 13:42:41,663 INFO c.h.h.t.OperatorHelmChartContainer - [local-hivemq-0] [hivemq] [39fa9bca] + [[ -f init_tmp ]]
2025-01-29 13:42:41,663 INFO c.h.h.t.OperatorHelmChartContainer - [local-hivemq-0] [hivemq] [39fa9bca] + [[ -f /etc/podinfo/init-extension-hivemq-distributed-tracing-extension ]]
2025-01-29 13:42:41,663 INFO c.h.h.t.OperatorHelmChartContainer - [local-hivemq-0] [hivemq] [39fa9bca] Installing extension #5 with name: hivemq-amazon-kinesis-extension, URI: preinstalled, enabled state: false
2025-01-29 13:42:41,663 INFO c.h.h.t.OperatorHelmChartContainer - [local-hivemq-0] [hivemq] [39fa9bca] + [[ 3 != 3 ]]
2025-01-29 13:42:41,663 INFO c.h.h.t.OperatorHelmChartContainer - [local-hivemq-0] [hivemq] [39fa9bca] + EXTENSION_URI=preinstalled
2025-01-29 13:42:41,663 INFO c.h.h.t.OperatorHelmChartContainer - [local-hivemq-0] [hivemq] [39fa9bca] + EXTENSION_NAME=hivemq-amazon-kinesis-extension
2025-01-29 13:42:41,663 INFO c.h.h.t.OperatorHelmChartContainer - [local-hivemq-0] [hivemq] [39fa9bca] + TARGET_STATE=false
2025-01-29 13:42:41,663 INFO c.h.h.t.OperatorHelmChartContainer - [local-hivemq-0] [hivemq] [39fa9bca] + TARGET_DIR=/opt/hivemq/extensions/hivemq-amazon-kinesis-extension
2025-01-29 13:42:41,663 INFO c.h.h.t.OperatorHelmChartContainer - [local-hivemq-0] [hivemq] [39fa9bca] ++ mktemp -d
2025-01-29 13:42:41,663 INFO c.h.h.t.OperatorHelmChartContainer - [local-hivemq-0] [hivemq] [39fa9bca] + install_dir=/tmp/tmp.DhknY7DwEd
2025-01-29 13:42:41,663 INFO c.h.h.t.OperatorHelmChartContainer - [local-hivemq-0] [hivemq] [39fa9bca] + set +e
2025-01-29 13:42:41,663 INFO c.h.h.t.OperatorHelmChartContainer - [local-hivemq-0] [hivemq] [39fa9bca] + [[ -f /opt/hivemq/extensions/hivemq-amazon-kinesis-extension/DISABLED ]]
2025-01-29 13:42:41,663 INFO c.h.h.t.OperatorHelmChartContainer - [local-hivemq-0] [hivemq] [39fa9bca] + was_enabled=0
2025-01-29 13:42:41,663 INFO c.h.h.t.OperatorHelmChartContainer - [local-hivemq-0] [hivemq] [39fa9bca] + set -e
2025-01-29 13:42:41,665 INFO c.h.h.t.OperatorHelmChartContainer - [POD] local-hivemq-hivemq-operator-operator-6b564f6db4-hhb4w [b830d9c8-1d2a-4041-bb3b-dcd4917018cb] in default was ADDED
2025-01-29 13:42:41,666 INFO c.h.h.t.OperatorHelmChartContainer - [local-hivemq-0] [hivemq] [39fa9bca] + [[ preinstalled != \p\r\e\i\n\s\t\a\l\l\e\d ]]
2025-01-29 13:42:41,667 INFO c.h.h.t.OperatorHelmChartContainer - [local-hivemq-0] [hivemq] [39fa9bca] + [[ false == \f\a\l\s\e ]]
2025-01-29 13:42:41,667 INFO c.h.h.t.OperatorHelmChartContainer - [local-hivemq-0] [hivemq] [39fa9bca] + touch /opt/hivemq/extensions/hivemq-amazon-kinesis-extension/DISABLED
2025-01-29 13:42:41,667 INFO c.h.h.t.OperatorHelmChartContainer - [local-hivemq-0] [hivemq] [39fa9bca] + was_enabled=0
2025-01-29 13:42:41,667 INFO c.h.h.t.OperatorHelmChartContainer - [local-hivemq-0] [hivemq] [39fa9bca] + [[ preinstalled != \p\r\e\i\n\s\t\a\l\l\e\d ]]
2025-01-29 13:42:41,667 INFO c.h.h.t.OperatorHelmChartContainer - [local-hivemq-0] [hivemq] [39fa9bca] + /opt/hivemq/bin/run_initialization.sh hivemq-amazon-kinesis-extension
2025-01-29 13:42:41,667 INFO c.h.h.t.OperatorHelmChartContainer - [local-hivemq-0] [hivemq] [39fa9bca] + EXTENSION_NAME=hivemq-amazon-kinesis-extension
2025-01-29 13:42:41,667 INFO c.h.h.t.OperatorHelmChartContainer - [local-hivemq-0] [hivemq] [39fa9bca] + TARGET_DIR=/opt/hivemq/extensions/hivemq-amazon-kinesis-extension
2025-01-29 13:42:41,667 INFO c.h.h.t.OperatorHelmChartContainer - [local-hivemq-0] [hivemq] [39fa9bca] + cd /opt/hivemq/extensions/hivemq-amazon-kinesis-extension
2025-01-29 13:42:41,667 INFO c.h.h.t.OperatorHelmChartContainer - [local-hivemq-0] [hivemq] [39fa9bca] + [[ -f init_tmp ]]
2025-01-29 13:42:41,667 INFO c.h.h.t.OperatorHelmChartContainer - [local-hivemq-0] [hivemq] [39fa9bca] + [[ -f /etc/podinfo/init-extension-hivemq-amazon-kinesis-extension ]]
2025-01-29 13:42:41,667 INFO c.h.h.t.OperatorHelmChartContainer - [local-hivemq-0] [hivemq] [39fa9bca] -------------------------------------------------------------------------
2025-01-29 13:42:41,667 INFO c.h.h.t.OperatorHelmChartContainer - [local-hivemq-0] [hivemq] [39fa9bca] 
2025-01-29 13:42:41,667 INFO c.h.h.t.OperatorHelmChartContainer - [local-hivemq-0] [hivemq] [39fa9bca]                   _    _  _              __  __   ____
2025-01-29 13:42:41,667 INFO c.h.h.t.OperatorHelmChartContainer - [local-hivemq-0] [hivemq] [39fa9bca]                  | |  | |(_)            |  \/  | / __ \
2025-01-29 13:42:41,667 INFO c.h.h.t.OperatorHelmChartContainer - [local-hivemq-0] [hivemq] [39fa9bca]                  | |__| | _ __   __ ___ | \  / || |  | |
2025-01-29 13:42:41,667 INFO c.h.h.t.OperatorHelmChartContainer - [local-hivemq-0] [hivemq] [39fa9bca]                  |  __  || |\ \ / // _ \| |\/| || |  | |
2025-01-29 13:42:41,667 INFO c.h.h.t.OperatorHelmChartContainer - [local-hivemq-0] [hivemq] [39fa9bca]                  | |  | || | \ V /|  __/| |  | || |__| |
2025-01-29 13:42:41,667 INFO c.h.h.t.OperatorHelmChartContainer - [local-hivemq-0] [hivemq] [39fa9bca]                  |_|  |_||_|  \_/  \___||_|  |_| \___\_\
2025-01-29 13:42:41,667 INFO c.h.h.t.OperatorHelmChartContainer - [local-hivemq-0] [hivemq] [39fa9bca] 
2025-01-29 13:42:41,667 INFO c.h.h.t.OperatorHelmChartContainer - [local-hivemq-0] [hivemq] [39fa9bca] -------------------------------------------------------------------------
2025-01-29 13:42:41,667 INFO c.h.h.t.OperatorHelmChartContainer - [local-hivemq-0] [hivemq] [39fa9bca] 
2025-01-29 13:42:41,667 INFO c.h.h.t.OperatorHelmChartContainer - [local-hivemq-0] [hivemq] [39fa9bca]   HiveMQ Start Script for Linux/Unix v1.14
2025-01-29 13:42:41,667 INFO c.h.h.t.OperatorHelmChartContainer - [local-hivemq-0] [hivemq] [39fa9bca] 
2025-01-29 13:42:41,667 INFO c.h.h.t.OperatorHelmChartContainer - [local-hivemq-0] [hivemq] [39fa9bca] -------------------------------------------------------------------------
2025-01-29 13:42:41,667 INFO c.h.h.t.OperatorHelmChartContainer - [local-hivemq-0] [hivemq] [39fa9bca] 
2025-01-29 13:42:41,667 INFO c.h.h.t.OperatorHelmChartContainer - [local-hivemq-0] [hivemq] [39fa9bca]   HIVEMQ_HOME: /opt/hivemq
2025-01-29 13:42:41,667 INFO c.h.h.t.OperatorHelmChartContainer - [local-hivemq-0] [hivemq] [39fa9bca] 
2025-01-29 13:42:41,667 INFO c.h.h.t.OperatorHelmChartContainer - [local-hivemq-0] [hivemq] [39fa9bca]   JAVA_OPTS: -XX:+UnlockExperimentalVMOptions -XX:InitialRAMPercentage=40 -XX:MaxRAMPercentage=50 -XX:MinRAMPercentage=30 -Djava.net.preferIPv4Stack=true --add-opens java.base/java.lang=ALL-UNNAMED --add-opens java.base/java.nio=ALL-UNNAMED --add-opens java.base/sun.nio.ch=ALL-UNNAMED --add-opens jdk.management/com.sun.management.internal=ALL-UNNAMED --add-exports java.base/jdk.internal.misc=ALL-UNNAMED -Djava.security.egd=file:/dev/./urandom -Dcom.sun.management.jmxremote -Dcom.sun.management.jmxremote.port=9010 -Dcom.sun.management.jmxremote.local.only=false -Dcom.sun.management.jmxremote.authenticate=false -Dcom.sun.management.jmxremote.ssl=false -Duser.language=en -Duser.region=US -XX:+CrashOnOutOfMemoryError -XX:+HeapDumpOnOutOfMemoryError
2025-01-29 13:42:41,667 INFO c.h.h.t.OperatorHelmChartContainer - [local-hivemq-0] [hivemq] [39fa9bca] 
2025-01-29 13:42:41,667 INFO c.h.h.t.OperatorHelmChartContainer - [local-hivemq-0] [hivemq] [39fa9bca]   JAVA_VERSION: 21
2025-01-29 13:42:41,667 INFO c.h.h.t.OperatorHelmChartContainer - [local-hivemq-0] [hivemq] [39fa9bca] 
2025-01-29 13:42:41,667 INFO c.h.h.t.OperatorHelmChartContainer - [POD] coredns-ff8999cc5-842kv [a7ebbe86-2dc0-48b5-947b-ec13d16c9788] in kube-system was ADDED
2025-01-29 13:42:41,668 INFO c.h.h.t.OperatorHelmChartContainer - [local-hivemq-0] [hivemq] [39fa9bca] -------------------------------------------------------------------------
2025-01-29 13:42:41,668 INFO c.h.h.t.OperatorHelmChartContainer - [local-hivemq-0] [hivemq] [39fa9bca] 
2025-01-29 13:42:41,668 INFO c.h.h.t.OperatorHelmChartContainer - [local-hivemq-0] [hivemq] [39fa9bca] INFO  - Starting HiveMQ Enterprise Server
2025-01-29 13:42:41,668 INFO c.h.h.t.OperatorHelmChartContainer - [POD] local-path-provisioner-698b58967b-cqtmx [24ea8014-3b98-4ee2-b36d-d5d6688a7a8e] in kube-system was ADDED
2025-01-29 13:42:41,669 INFO c.h.h.t.OperatorHelmChartContainer - [POD] metrics-server-8584b5786c-drhmw [954993cc-8ea8-4771-be12-88f72485444e] in kube-system was ADDED
2025-01-29 13:42:41,668 INFO c.h.h.t.OperatorHelmChartContainer - [local-hivemq-0] [hivemq] [39fa9bca] INFO  - HiveMQ version: 4.36.0
2025-01-29 13:42:41,669 INFO c.h.h.t.OperatorHelmChartContainer - [local-hivemq-0] [hivemq] [39fa9bca] INFO  - HiveMQ home directory: /opt/hivemq
2025-01-29 13:42:41,669 INFO c.h.h.t.OperatorHelmChartContainer - [local-hivemq-0] [hivemq] [39fa9bca] INFO  - Log Configuration was overridden by /opt/hivemq/conf/logback.xml
2025-01-29 13:42:41,669 INFO c.h.h.t.OperatorHelmChartContainer - [local-hivemq-0] [hivemq] [39fa9bca] DEBUG - Adding TCP Listener on bind address 0.0.0.0 and port 1883. Name: tcp-listener-1883. Proxy Protocol supported: false
2025-01-29 13:42:41,669 INFO c.h.h.t.OperatorHelmChartContainer - [local-hivemq-0] [hivemq] [39fa9bca] DEBUG - Setting retained messages enabled to true
2025-01-29 13:42:41,669 INFO c.h.h.t.OperatorHelmChartContainer - [local-hivemq-0] [hivemq] [39fa9bca] DEBUG - Setting wildcard subscriptions enabled to true
2025-01-29 13:42:41,669 INFO c.h.h.t.OperatorHelmChartContainer - [local-hivemq-0] [hivemq] [39fa9bca] DEBUG - Setting subscription identifier enabled to true
2025-01-29 13:42:41,669 INFO c.h.h.t.OperatorHelmChartContainer - [local-hivemq-0] [hivemq] [39fa9bca] DEBUG - Setting shared subscriptions enabled to true
2025-01-29 13:42:41,669 INFO c.h.h.t.OperatorHelmChartContainer - [local-hivemq-0] [hivemq] [39fa9bca] DEBUG - Setting maximum qos to EXACTLY_ONCE 
2025-01-29 13:42:41,669 INFO c.h.h.t.OperatorHelmChartContainer - [local-hivemq-0] [hivemq] [39fa9bca] DEBUG - Setting topic alias enabled to true
2025-01-29 13:42:41,669 INFO c.h.h.t.OperatorHelmChartContainer - [local-hivemq-0] [hivemq] [39fa9bca] DEBUG - Setting topic alias maximum per client to 5
2025-01-29 13:42:41,669 INFO c.h.h.t.OperatorHelmChartContainer - [local-hivemq-0] [hivemq] [39fa9bca] DEBUG - Setting the number of max queued messages  per client to 1000 entries
2025-01-29 13:42:41,669 INFO c.h.h.t.OperatorHelmChartContainer - [local-hivemq-0] [hivemq] [39fa9bca] DEBUG - Setting queued messages strategy for each client to DISCARD
2025-01-29 13:42:41,669 INFO c.h.h.t.OperatorHelmChartContainer - [local-hivemq-0] [hivemq] [39fa9bca] DEBUG - Setting the expiry interval for client sessions to 4294967295 seconds
2025-01-29 13:42:41,669 INFO c.h.h.t.OperatorHelmChartContainer - [local-hivemq-0] [hivemq] [39fa9bca] DEBUG - Setting the expiry interval for publish messages to 4294967296 seconds
2025-01-29 13:42:41,669 INFO c.h.h.t.OperatorHelmChartContainer - [local-hivemq-0] [hivemq] [39fa9bca] DEBUG - Setting the server receive maximum to 10
2025-01-29 13:42:41,670 INFO c.h.h.t.OperatorHelmChartContainer - [local-hivemq-0] [hivemq] [39fa9bca] DEBUG - Setting keep alive maximum to 65535 seconds
2025-01-29 13:42:41,670 INFO c.h.h.t.OperatorHelmChartContainer - [local-hivemq-0] [hivemq] [39fa9bca] DEBUG - Setting keep alive allow zero to true
2025-01-29 13:42:41,670 INFO c.h.h.t.OperatorHelmChartContainer - [local-hivemq-0] [hivemq] [39fa9bca] DEBUG - Setting the maximum packet size for mqtt messages 268435460 bytes
2025-01-29 13:42:41,670 INFO c.h.h.t.OperatorHelmChartContainer - [local-hivemq-0] [hivemq] [39fa9bca] DEBUG - Setting global maximum allowed connections to -1
2025-01-29 13:42:41,670 INFO c.h.h.t.OperatorHelmChartContainer - [local-hivemq-0] [hivemq] [39fa9bca] DEBUG - Setting the maximum client id length to 65535
2025-01-29 13:42:41,670 INFO c.h.h.t.OperatorHelmChartContainer - [local-hivemq-0] [hivemq] [39fa9bca] DEBUG - Setting the timeout for disconnecting idle tcp connections before a connect message was received to 10000 milliseconds
2025-01-29 13:42:41,670 INFO c.h.h.t.OperatorHelmChartContainer - [local-hivemq-0] [hivemq] [39fa9bca] DEBUG - Throttling the global incoming traffic limit 0 bytes/second
2025-01-29 13:42:41,670 INFO c.h.h.t.OperatorHelmChartContainer - [local-hivemq-0] [hivemq] [39fa9bca] DEBUG - Setting the maximum topic length to 65535
2025-01-29 13:42:41,670 INFO c.h.h.t.OperatorHelmChartContainer - [local-hivemq-0] [hivemq] [39fa9bca] DEBUG - Setting allow server assigned client identifier to true
2025-01-29 13:42:41,670 INFO c.h.h.t.OperatorHelmChartContainer - [local-hivemq-0] [hivemq] [39fa9bca] DEBUG - Setting validate UTF-8 to true
2025-01-29 13:42:41,670 INFO c.h.h.t.OperatorHelmChartContainer - [local-hivemq-0] [hivemq] [39fa9bca] DEBUG - Setting payload format validation to false
2025-01-29 13:42:41,670 INFO c.h.h.t.OperatorHelmChartContainer - [local-hivemq-0] [hivemq] [39fa9bca] DEBUG - Setting allow-problem-information to true
2025-01-29 13:42:41,670 INFO c.h.h.t.OperatorHelmChartContainer - [local-hivemq-0] [hivemq] [39fa9bca] DEBUG - Setting control-center audit log enabled to true
2025-01-29 13:42:41,670 INFO c.h.h.t.OperatorHelmChartContainer - [local-hivemq-0] [hivemq] [39fa9bca] DEBUG - Setting rest-api audit log enabled to true
2025-01-29 13:42:41,670 INFO c.h.h.t.OperatorHelmChartContainer - [local-hivemq-0] [hivemq] [39fa9bca] DEBUG - Setting HiveMQ Control Center enabled to true 
2025-01-29 13:42:41,670 INFO c.h.h.t.OperatorHelmChartContainer - [local-hivemq-0] [hivemq] [39fa9bca] DEBUG - Setting HiveMQ Control Center default login enabled to true 
2025-01-29 13:42:41,670 INFO c.h.h.t.OperatorHelmChartContainer - [local-hivemq-0] [hivemq] [39fa9bca] DEBUG - Setting HiveMQ Control Center session idle time to 14400 seconds
2025-01-29 13:42:41,670 INFO c.h.h.t.OperatorHelmChartContainer - [local-hivemq-0] [hivemq] [39fa9bca] DEBUG - Adding Http-Listener to HiveMQ Control Center Config
2025-01-29 13:42:41,670 INFO c.h.h.t.OperatorHelmChartContainer - [local-hivemq-0] [hivemq] [39fa9bca] DEBUG - Set TLS to disabled for cluster TCP transport
2025-01-29 13:42:41,670 INFO c.h.h.t.OperatorHelmChartContainer - [local-hivemq-0] [hivemq] [39fa9bca] DEBUG - Setting replica count to 2 
2025-01-29 13:42:41,670 INFO c.h.h.t.OperatorHelmChartContainer - [local-hivemq-0] [hivemq] [39fa9bca] DEBUG - Setting cluster TCP health-check enabled
2025-01-29 13:42:41,670 INFO c.h.h.t.OperatorHelmChartContainer - [local-hivemq-0] [hivemq] [39fa9bca] DEBUG - Setting cluster TCP health-check bind-address to 10.42.0.7
2025-01-29 13:42:41,670 INFO c.h.h.t.OperatorHelmChartContainer - [local-hivemq-0] [hivemq] [39fa9bca] DEBUG - Setting cluster TCP health-check bind-address to 9000
2025-01-29 13:42:41,670 INFO c.h.h.t.OperatorHelmChartContainer - [local-hivemq-0] [hivemq] [39fa9bca] DEBUG - Setting cluster TCP health-check bind-port to 9000
2025-01-29 13:42:41,670 INFO c.h.h.t.OperatorHelmChartContainer - [local-hivemq-0] [hivemq] [39fa9bca] DEBUG - Setting cluster TCP health-check external-address to default
2025-01-29 13:42:41,670 INFO c.h.h.t.OperatorHelmChartContainer - [local-hivemq-0] [hivemq] [39fa9bca] DEBUG - Setting cluster TCP health-check external-port to 0
2025-01-29 13:42:41,670 INFO c.h.h.t.OperatorHelmChartContainer - [local-hivemq-0] [hivemq] [39fa9bca] DEBUG - Setting cluster heartbeat enabled
2025-01-29 13:42:41,670 INFO c.h.h.t.OperatorHelmChartContainer - [local-hivemq-0] [hivemq] [39fa9bca] DEBUG - Setting cluster heartbeat interval to 4000 ms
2025-01-29 13:42:41,670 INFO c.h.h.t.OperatorHelmChartContainer - [local-hivemq-0] [hivemq] [39fa9bca] DEBUG - Setting the cluster heartbeat timeout to 30000 ms
2025-01-29 13:42:41,670 INFO c.h.h.t.OperatorHelmChartContainer - [local-hivemq-0] [hivemq] [39fa9bca] DEBUG - Setting HiveMQ REST API enabled to false 
2025-01-29 13:42:41,670 INFO c.h.h.t.OperatorHelmChartContainer - [local-hivemq-0] [hivemq] [39fa9bca] DEBUG - Setting HiveMQ REST API authentication enabled to false 
2025-01-29 13:42:41,670 INFO c.h.h.t.OperatorHelmChartContainer - [local-hivemq-0] [hivemq] [39fa9bca] DEBUG - Setting HiveMQ Health API enabled to false 
2025-01-29 13:42:41,670 INFO c.h.h.t.OperatorHelmChartContainer - [local-hivemq-0] [hivemq] [39fa9bca] DEBUG - Setting client event history enabled to false
2025-01-29 13:42:41,670 INFO c.h.h.t.OperatorHelmChartContainer - [local-hivemq-0] [hivemq] [39fa9bca] DEBUG - Setting client event history lifetime to 604800000 ms
2025-01-29 13:42:41,670 INFO c.h.h.t.OperatorHelmChartContainer - [local-hivemq-0] [hivemq] [39fa9bca] DEBUG - Setting overload protection enabled to true 
2025-01-29 13:42:41,670 INFO c.h.h.t.OperatorHelmChartContainer - [local-hivemq-0] [hivemq] [39fa9bca] DEBUG - Setting anonymous usage statistics enabled to false 
2025-01-29 13:42:41,670 INFO c.h.h.t.OperatorHelmChartContainer - [local-hivemq-0] [hivemq] [39fa9bca] DEBUG - Setting expired messages topic enabled to false
2025-01-29 13:42:41,670 INFO c.h.h.t.OperatorHelmChartContainer - [local-hivemq-0] [hivemq] [39fa9bca] DEBUG - Setting dropped messages topic enabled to false
2025-01-29 13:42:41,670 INFO c.h.h.t.OperatorHelmChartContainer - [local-hivemq-0] [hivemq] [39fa9bca] DEBUG - Setting dead messages topic enabled to false
2025-01-29 13:42:41,670 INFO c.h.h.t.OperatorHelmChartContainer - [local-hivemq-0] [hivemq] [39fa9bca] INFO  - Successfully loaded configuration from '/opt/hivemq/conf/config.xml'.
2025-01-29 13:42:41,670 INFO c.h.h.t.OperatorHelmChartContainer - [local-hivemq-0] [hivemq] [39fa9bca] DEBUG - Performing sanity checks.
2025-01-29 13:42:41,670 INFO c.h.h.t.OperatorHelmChartContainer - [local-hivemq-0] [hivemq] [39fa9bca] DEBUG - Soft limit for open files (1048576) satisfies the recommended limit (1000000).
2025-01-29 13:42:41,670 INFO c.h.h.t.OperatorHelmChartContainer - [local-hivemq-0] [hivemq] [39fa9bca] DEBUG - Hard limit for open files (1048576) satisfies the recommended limit (1000000).
2025-01-29 13:42:41,670 INFO c.h.h.t.OperatorHelmChartContainer - [local-hivemq-0] [hivemq] [39fa9bca] DEBUG - HiveMQ license directory (/opt/hivemq/license) satisfies all required file-system permissions.
2025-01-29 13:42:41,670 INFO c.h.h.t.OperatorHelmChartContainer - [local-hivemq-0] [hivemq] [39fa9bca] DEBUG - HiveMQ data directory (/opt/hivemq/data) satisfies all required file-system permissions.
2025-01-29 13:42:41,670 INFO c.h.h.t.OperatorHelmChartContainer - [local-hivemq-0] [hivemq] [39fa9bca] DEBUG - HiveMQ log directory (/opt/hivemq/log) satisfies all required file-system permissions.
2025-01-29 13:42:41,670 INFO c.h.h.t.OperatorHelmChartContainer - [local-hivemq-0] [hivemq] [39fa9bca] DEBUG - HiveMQ backup directory (/opt/hivemq/backup) satisfies all required file-system permissions.
2025-01-29 13:42:41,670 INFO c.h.h.t.OperatorHelmChartContainer - [local-hivemq-0] [hivemq] [39fa9bca] DEBUG - HiveMQ audit directory (/opt/hivemq/audit) satisfies all required file-system permissions.
2025-01-29 13:42:41,670 INFO c.h.h.t.OperatorHelmChartContainer - [local-hivemq-0] [hivemq] [39fa9bca] DEBUG - HiveMQ extensions directory (/opt/hivemq/extensions) satisfies all required file-system permissions.
2025-01-29 13:42:41,670 INFO c.h.h.t.OperatorHelmChartContainer - [local-hivemq-0] [hivemq] [39fa9bca] DEBUG - Extension directory hivemq-allow-all-extension (/opt/hivemq/extensions/hivemq-allow-all-extension) satisfies all required file-system permissions.
2025-01-29 13:42:41,670 INFO c.h.h.t.OperatorHelmChartContainer - [local-hivemq-0] [hivemq] [39fa9bca] DEBUG - Extension directory hivemq-google-cloud-pubsub-extension (/opt/hivemq/extensions/hivemq-google-cloud-pubsub-extension) satisfies all required file-system permissions.
2025-01-29 13:42:41,670 INFO c.h.h.t.OperatorHelmChartContainer - [local-hivemq-0] [hivemq] [39fa9bca] DEBUG - Extension directory hivemq-enterprise-security-extension (/opt/hivemq/extensions/hivemq-enterprise-security-extension) satisfies all required file-system permissions.
2025-01-29 13:42:41,670 INFO c.h.h.t.OperatorHelmChartContainer - [local-hivemq-0] [hivemq] [39fa9bca] DEBUG - Extension directory hivemq-bridge-extension (/opt/hivemq/extensions/hivemq-bridge-extension) satisfies all required file-system permissions.
2025-01-29 13:42:41,670 INFO c.h.h.t.OperatorHelmChartContainer - [local-hivemq-0] [hivemq] [39fa9bca] DEBUG - Extension directory hivemq-kafka-extension (/opt/hivemq/extensions/hivemq-kafka-extension) satisfies all required file-system permissions.
2025-01-29 13:42:41,670 INFO c.h.h.t.OperatorHelmChartContainer - [local-hivemq-0] [hivemq] [39fa9bca] DEBUG - Extension directory hivemq-distributed-tracing-extension (/opt/hivemq/extensions/hivemq-distributed-tracing-extension) satisfies all required file-system permissions.
2025-01-29 13:42:41,670 INFO c.h.h.t.OperatorHelmChartContainer - [local-hivemq-0] [hivemq] [39fa9bca] DEBUG - Extension directory hivemq-prometheus-extension (/opt/hivemq/extensions/hivemq-prometheus-extension) satisfies all required file-system permissions.
2025-01-29 13:42:41,670 INFO c.h.h.t.OperatorHelmChartContainer - [local-hivemq-0] [hivemq] [39fa9bca] DEBUG - Extension directory hivemq-amazon-kinesis-extension (/opt/hivemq/extensions/hivemq-amazon-kinesis-extension) satisfies all required file-system permissions.
2025-01-29 13:42:41,678 INFO c.h.h.t.OperatorHelmChartContainer - [local-hivemq-0] [hivemq] [39fa9bca] DEBUG - Extension directory hivemq-k8s-sync-extension (/opt/hivemq/extensions/hivemq-k8s-sync-extension) satisfies all required file-system permissions.
2025-01-29 13:42:41,679 INFO c.h.h.t.OperatorHelmChartContainer - [local-hivemq-0] [hivemq] [39fa9bca] DEBUG - Extension directory hivemq-dns-cluster-discovery (/opt/hivemq/extensions/hivemq-dns-cluster-discovery) satisfies all required file-system permissions.
2025-01-29 13:42:41,679 INFO c.h.h.t.OperatorHelmChartContainer - [local-hivemq-0] [hivemq] [39fa9bca] DEBUG - Extension directory hivemq-snowflake-extension (/opt/hivemq/extensions/hivemq-snowflake-extension) satisfies all required file-system permissions.
2025-01-29 13:42:41,679 INFO c.h.h.t.OperatorHelmChartContainer - [local-hivemq-0] [hivemq] [39fa9bca] DEBUG - Extension directory hivemq-postgresql-extension (/opt/hivemq/extensions/hivemq-postgresql-extension) satisfies all required file-system permissions.
2025-01-29 13:42:41,679 INFO c.h.h.t.OperatorHelmChartContainer - [local-hivemq-0] [hivemq] [39fa9bca] DEBUG - Extension directory hivemq-mysql-extension (/opt/hivemq/extensions/hivemq-mysql-extension) satisfies all required file-system permissions.
2025-01-29 13:42:41,679 INFO c.h.h.t.OperatorHelmChartContainer - [local-hivemq-0] [hivemq] [39fa9bca] DEBUG - Extension directory hivemq-mongodb-extension (/opt/hivemq/extensions/hivemq-mongodb-extension) satisfies all required file-system permissions.
2025-01-29 13:42:41,679 INFO c.h.h.t.OperatorHelmChartContainer - [local-hivemq-0] [hivemq] [39fa9bca] DEBUG - Extension directory hivemq-data-lake-extension (/opt/hivemq/extensions/hivemq-data-lake-extension) satisfies all required file-system permissions.
2025-01-29 13:42:41,679 INFO c.h.h.t.OperatorHelmChartContainer - [local-hivemq-0] [hivemq] [39fa9bca] DEBUG - Extension directory hivemq-microsoft-sql-server-extension (/opt/hivemq/extensions/hivemq-microsoft-sql-server-extension) satisfies all required file-system permissions.
2025-01-29 13:42:41,679 INFO c.h.h.t.OperatorHelmChartContainer - [local-hivemq-0] [hivemq] [39fa9bca] DEBUG - Temporary directory (/tmp) satisfies all required file-system permissions.
2025-01-29 13:42:41,679 INFO c.h.h.t.OperatorHelmChartContainer - [local-hivemq-0] [hivemq] [39fa9bca] DEBUG - Heap dump directory (/opt/hivemq/dumps) satisfies all required file-system permissions.
2025-01-29 13:42:41,679 INFO c.h.h.t.OperatorHelmChartContainer - [local-hivemq-0] [hivemq] [39fa9bca] DEBUG - Performed all sanity checks in 92ms. All sanity checks passed successfully.
2025-01-29 13:42:41,679 INFO c.h.h.t.OperatorHelmChartContainer - [local-hivemq-0] [hivemq] [39fa9bca] INFO  - This node's ID is Gg2gj
2025-01-29 13:42:41,679 INFO c.h.h.t.OperatorHelmChartContainer - [local-hivemq-0] [hivemq] [39fa9bca] INFO  - Clustering is enabled
2025-01-29 13:42:41,679 INFO c.h.h.t.OperatorHelmChartContainer - [local-hivemq-0] [hivemq] [39fa9bca] DEBUG - Configured WriteBufferManager with size for memtables 311023370 and for the block cache 466535055
2025-01-29 13:42:41,679 INFO c.h.h.t.OperatorHelmChartContainer - [local-hivemq-0] [hivemq] [39fa9bca] DEBUG - Starting RocksDBMemoryUsageWatchdog.
2025-01-29 13:42:41,679 INFO c.h.h.t.OperatorHelmChartContainer - [local-hivemq-0] [hivemq] [39fa9bca] DEBUG - RocksDBMemoryUsageWatchdog is running.
2025-01-29 13:42:41,679 INFO c.h.h.t.OperatorHelmChartContainer - [local-hivemq-0] [hivemq] [39fa9bca] DEBUG - Folder /opt/hivemq/data/persistence does not exist, trying to create it
2025-01-29 13:42:41,679 INFO c.h.h.t.OperatorHelmChartContainer - [local-hivemq-0] [hivemq] [39fa9bca] DEBUG - Created folder /opt/hivemq/data
2025-01-29 13:42:41,682 INFO c.h.h.t.OperatorHelmChartContainer - [local-hivemq-0] [hivemq] [39fa9bca] DEBUG - Folder /opt/hivemq/data/persistence/publish_payload_store/040500_R does not exist, trying to create it
2025-01-29 13:42:41,682 INFO c.h.h.t.OperatorHelmChartContainer - [local-hivemq-0] [hivemq] [39fa9bca] DEBUG - Folder /opt/hivemq/data/persistence/client_queue/042800_R does not exist, trying to create it
2025-01-29 13:42:41,682 INFO c.h.h.t.OperatorHelmChartContainer - [local-hivemq-0] [hivemq] [39fa9bca] DEBUG - Folder /opt/hivemq/data/persistence/client_session_store/040100_R does not exist, trying to create it
2025-01-29 13:42:41,682 INFO c.h.h.t.OperatorHelmChartContainer - [local-hivemq-0] [hivemq] [39fa9bca] DEBUG - Folder /opt/hivemq/data/persistence/client_session_subscriptions/043200_R does not exist, trying to create it
2025-01-29 13:42:41,682 INFO c.h.h.t.OperatorHelmChartContainer - [local-hivemq-0] [hivemq] [39fa9bca] DEBUG - Folder /opt/hivemq/data/persistence/retained_messages/040800_R does not exist, trying to create it
2025-01-29 13:42:41,682 INFO c.h.h.t.OperatorHelmChartContainer - [local-hivemq-0] [hivemq] [39fa9bca] DEBUG - Folder /opt/hivemq/data/persistence/attribute/043100_R does not exist, trying to create it
2025-01-29 13:42:41,682 INFO c.h.h.t.OperatorHelmChartContainer - [local-hivemq-0] [hivemq] [39fa9bca] DEBUG - Folder /opt/hivemq/data/persistence/incoming_message_flow/043000_R does not exist, trying to create it
2025-01-29 13:42:41,682 INFO c.h.h.t.OperatorHelmChartContainer - [local-hivemq-0] [hivemq] [39fa9bca] DEBUG - Folder /opt/hivemq/data/persistence/data_hub_modules/043000_R does not exist, trying to create it
2025-01-29 13:42:41,682 INFO c.h.h.t.OperatorHelmChartContainer - [local-hivemq-0] [hivemq] [39fa9bca] DEBUG - Folder /opt/hivemq/data/persistence/data_hub_schemas/042000_R does not exist, trying to create it
2025-01-29 13:42:41,682 INFO c.h.h.t.OperatorHelmChartContainer - [local-hivemq-0] [hivemq] [39fa9bca] DEBUG - Folder /opt/hivemq/data/persistence/data_hub_scripts/042300_R does not exist, trying to create it
2025-01-29 13:42:41,682 INFO c.h.h.t.OperatorHelmChartContainer - [local-hivemq-0] [hivemq] [39fa9bca] DEBUG - Folder /opt/hivemq/data/persistence/data_hub_policies/042000_R does not exist, trying to create it
2025-01-29 13:42:41,682 INFO c.h.h.t.OperatorHelmChartContainer - [local-hivemq-0] [hivemq] [39fa9bca] DEBUG - Diagnostic mode is disabled
2025-01-29 13:42:41,682 INFO c.h.h.t.OperatorHelmChartContainer - [local-hivemq-0] [hivemq] [39fa9bca] INFO  - No valid license file found. Using trial license, restricted to 25 connections.
2025-01-29 13:42:41,682 INFO c.h.h.t.OperatorHelmChartContainer - [local-hivemq-0] [hivemq] [39fa9bca] DEBUG - Native Epoll is available on this platform
2025-01-29 13:42:41,682 INFO c.h.h.t.OperatorHelmChartContainer - [local-hivemq-0] [hivemq] [39fa9bca] DEBUG - Set extension executor thread pool size to 1
2025-01-29 13:42:41,682 INFO c.h.h.t.OperatorHelmChartContainer - [local-hivemq-0] [hivemq] [39fa9bca] DEBUG - Set extension executor thread pool keep-alive to 30 seconds
2025-01-29 13:42:41,682 INFO c.h.h.t.OperatorHelmChartContainer - [local-hivemq-0] [hivemq] [39fa9bca] DEBUG - initializing RSA key
2025-01-29 13:42:41,682 INFO c.h.h.t.OperatorHelmChartContainer - [local-hivemq-0] [hivemq] [39fa9bca] DEBUG - finished initializing RSA key in 3715ms
2025-01-29 13:42:41,682 INFO c.h.h.t.OperatorHelmChartContainer - [local-hivemq-0] [hivemq] [39fa9bca] DEBUG - Unable to provide size and free metrics for disk /dev/sdb: Could not find the corresponding FileStore (OSHI/Java).
2025-01-29 13:42:41,682 INFO c.h.h.t.OperatorHelmChartContainer - [local-hivemq-0] [hivemq] [39fa9bca] DEBUG - Unable to provide size and free metrics for disk /dev/sda: Could not find the corresponding FileStore (OSHI/Java).
2025-01-29 13:42:41,682 INFO c.h.h.t.OperatorHelmChartContainer - [local-hivemq-0] [hivemq] [39fa9bca] DEBUG - Throttling incoming traffic to 0 B/s
2025-01-29 13:42:41,682 INFO c.h.h.t.OperatorHelmChartContainer - [local-hivemq-0] [hivemq] [39fa9bca] DEBUG - Throttling outgoing traffic to 0 B/s
2025-01-29 13:42:41,682 INFO c.h.h.t.OperatorHelmChartContainer - [local-hivemq-0] [hivemq] [39fa9bca] INFO  - No valid license file for Data Hub found. Using free license, restricted to 1 policy.
2025-01-29 13:42:41,682 INFO c.h.h.t.OperatorHelmChartContainer - [local-hivemq-0] [hivemq] [39fa9bca] DEBUG - Building initial topic tree
2025-01-29 13:42:41,682 INFO c.h.h.t.OperatorHelmChartContainer - [local-hivemq-0] [hivemq] [39fa9bca] DEBUG - Started JMX Metrics Reporting.
2025-01-29 13:42:41,682 INFO c.h.h.t.OperatorHelmChartContainer - [local-hivemq-0] [hivemq] [39fa9bca] DEBUG - Registered JVM metrics with prefix com.hivemq.jvm.
2025-01-29 13:42:41,682 INFO c.h.h.t.OperatorHelmChartContainer - [local-hivemq-0] [hivemq] [39fa9bca] DEBUG - Registered HiveMQ Health API metrics.
2025-01-29 13:42:41,682 INFO c.h.h.t.OperatorHelmChartContainer - [local-hivemq-0] [hivemq] [39fa9bca] INFO  - Audit Logger started.
2025-01-29 13:42:41,682 INFO c.h.h.t.OperatorHelmChartContainer - [local-hivemq-0] [hivemq] [39fa9bca] INFO  - This node uses '1' CPU cores.
2025-01-29 13:42:41,682 INFO c.h.h.t.OperatorHelmChartContainer - [local-hivemq-0] [hivemq] [39fa9bca] INFO  - Starting HiveMQ extension system.
2025-01-29 13:42:41,682 INFO c.h.h.t.OperatorHelmChartContainer - [local-hivemq-0] [hivemq] [39fa9bca] INFO  - Starting extension with id "hivemq-dns-cluster-discovery" at /opt/hivemq/extensions/hivemq-dns-cluster-discovery
2025-01-29 13:42:41,682 INFO c.h.h.t.OperatorHelmChartContainer - [local-hivemq-0] [hivemq] [39fa9bca] DEBUG - HiveMQ DNS Cluster Discovery Extension: No DNS server address was set in the configuration file or environment variable.
2025-01-29 13:42:41,682 INFO c.h.h.t.OperatorHelmChartContainer - [local-hivemq-0] [hivemq] [39fa9bca] DEBUG - HiveMQ DNS Cluster Discovery Extension: No reload interval was set in the configuration file or environment variable. Defaulting to 30.
2025-01-29 13:42:41,682 INFO c.h.h.t.OperatorHelmChartContainer - [local-hivemq-0] [hivemq] [39fa9bca] INFO  - Extension "DNS Cluster Discovery Extension" version 4.3.3 started successfully.
2025-01-29 13:42:41,682 INFO c.h.h.t.OperatorHelmChartContainer - [local-hivemq-0] [hivemq] [39fa9bca] INFO  - Starting extension with id "hivemq-k8s-sync-extension" at /opt/hivemq/extensions/hivemq-k8s-sync-extension
2025-01-29 13:42:41,682 INFO c.h.h.t.OperatorHelmChartContainer - [local-hivemq-0] [hivemq] [39fa9bca] INFO  - Using TCP cluster transport on address 10.42.0.7 and port 7000
2025-01-29 13:42:41,682 INFO c.h.h.t.OperatorHelmChartContainer - [local-hivemq-0] [hivemq] [39fa9bca] INFO  - Using extension cluster discovery
2025-01-29 13:42:41,682 INFO c.h.h.t.OperatorHelmChartContainer - [local-hivemq-0] [hivemq] [39fa9bca] DEBUG - Could not get configMap modification timestamp for source /hivemq-data/conf/..data, likely no ConfigMap mounted
2025-01-29 13:42:41,682 INFO c.h.h.t.OperatorHelmChartContainer - [local-hivemq-0] [hivemq] [39fa9bca] DEBUG - Could not get configMap modification timestamp for source /hivemq-data/extensions/..data, likely no ConfigMap mounted
2025-01-29 13:42:41,682 INFO c.h.h.t.OperatorHelmChartContainer - [local-hivemq-0] [hivemq] [39fa9bca] DEBUG - Could not get configMap modification timestamp for source /hivemq-data/bin/..data, likely no ConfigMap mounted
2025-01-29 13:42:41,682 INFO c.h.h.t.OperatorHelmChartContainer - [local-hivemq-0] [hivemq] [39fa9bca] INFO  - Started HiveMQ Kubernetes State Synchronization Extension:1.0.3
2025-01-29 13:42:41,682 INFO c.h.h.t.OperatorHelmChartContainer - [local-hivemq-0] [hivemq] [39fa9bca] INFO  - Extension "HiveMQ Kubernetes State Synchronization Extension" version 1.0.3 started successfully.
2025-01-29 13:42:41,682 INFO c.h.h.t.OperatorHelmChartContainer - [local-hivemq-0] [hivemq] [39fa9bca] INFO  - Starting extension with id "hivemq-allow-all-extension" at /opt/hivemq/extensions/hivemq-allow-all-extension
2025-01-29 13:42:41,682 INFO c.h.h.t.OperatorHelmChartContainer - [local-hivemq-0] [hivemq] [39fa9bca] WARN  - 
2025-01-29 13:42:41,682 INFO c.h.h.t.OperatorHelmChartContainer - [local-hivemq-0] [hivemq] [39fa9bca] ################################################################################################################
2025-01-29 13:42:41,682 INFO c.h.h.t.OperatorHelmChartContainer - [local-hivemq-0] [hivemq] [39fa9bca] # This HiveMQ deployment is not secure! You are lacking Authentication and Authorization.                      #
2025-01-29 13:42:41,682 INFO c.h.h.t.OperatorHelmChartContainer - [local-hivemq-0] [hivemq] [39fa9bca] # Right now any MQTT client can connect to the broker with a full set of permissions.                          #
2025-01-29 13:42:41,682 INFO c.h.h.t.OperatorHelmChartContainer - [local-hivemq-0] [hivemq] [39fa9bca] # For production usage, add an appropriate security extension and remove the hivemq-allow-all extension.       #
2025-01-29 13:42:41,682 INFO c.h.h.t.OperatorHelmChartContainer - [local-hivemq-0] [hivemq] [39fa9bca] # You can download security extensions from the HiveMQ Marketplace (https://www.hivemq.com/extensions/).       #
2025-01-29 13:42:41,682 INFO c.h.h.t.OperatorHelmChartContainer - [local-hivemq-0] [hivemq] [39fa9bca] ################################################################################################################
2025-01-29 13:42:41,682 INFO c.h.h.t.OperatorHelmChartContainer - [local-hivemq-0] [hivemq] [39fa9bca] DEBUG - Simple authenticator added by extension 'hivemq-allow-all-extension'.
2025-01-29 13:42:41,682 INFO c.h.h.t.OperatorHelmChartContainer - [local-hivemq-0] [hivemq] [39fa9bca] INFO  - Extension "Allow All Extension" version 1.1.1 started successfully.
2025-01-29 13:42:41,682 INFO c.h.h.t.OperatorHelmChartContainer - [local-hivemq-0] [hivemq] [39fa9bca] DEBUG - HiveMQ DNS Cluster Discovery Extension: Discovered new address '10.42.0.7'.
2025-01-29 13:42:41,682 INFO c.h.h.t.OperatorHelmChartContainer - [local-hivemq-0] [hivemq] [39fa9bca] INFO  - Gg2gj: no members discovered after 2410 ms: creating cluster as first member
2025-01-29 13:42:41,682 INFO c.h.h.t.OperatorHelmChartContainer - [local-hivemq-0] [hivemq] [39fa9bca] INFO  - Cluster nodes found by discovery: [Gg2gj|0] (1) [Gg2gj].
2025-01-29 13:42:41,682 INFO c.h.h.t.OperatorHelmChartContainer - [local-hivemq-0] [hivemq] [39fa9bca] DEBUG - State of node Gg2gj changed to UNKNOWN was null. Current cluster node states: {Gg2gj=UNKNOWN}
2025-01-29 13:42:41,682 INFO c.h.h.t.OperatorHelmChartContainer - [local-hivemq-0] [hivemq] [39fa9bca] DEBUG - State of node Gg2gj set to RUNNING. Current cluster node states: {Gg2gj=RUNNING}
2025-01-29 13:42:41,682 INFO c.h.h.t.OperatorHelmChartContainer - [local-hivemq-0] [hivemq] [39fa9bca] WARN  - No user for HiveMQ Control Center configured. Starting with default user
2025-01-29 13:42:41,682 INFO c.h.h.t.OperatorHelmChartContainer - [local-hivemq-0] [hivemq] [39fa9bca] INFO  - Starting HiveMQ Control Center on address 0.0.0.0 and port 8080
2025-01-29 13:42:41,682 INFO c.h.h.t.OperatorHelmChartContainer - [local-hivemq-0] [hivemq] [39fa9bca] INFO  - Mounting HiveMQ Control Center V2 Preview
2025-01-29 13:42:41,682 INFO c.h.h.t.OperatorHelmChartContainer - [local-hivemq-0] [hivemq] [39fa9bca] INFO  - Started HiveMQ Control Center in 1212ms
2025-01-29 13:42:41,682 INFO c.h.h.t.OperatorHelmChartContainer - [local-hivemq-0] [hivemq] [39fa9bca] INFO  - Starting TCP listener on address 0.0.0.0 and port 1883
2025-01-29 13:42:41,682 INFO c.h.h.t.OperatorHelmChartContainer - [local-hivemq-0] [hivemq] [39fa9bca] INFO  - Started TCP Listener on address 0.0.0.0 and on port 1883.
2025-01-29 13:42:41,682 INFO c.h.h.t.OperatorHelmChartContainer - [local-hivemq-0] [hivemq] [39fa9bca] INFO  - Started HiveMQ in 29598ms
2025-01-29 13:42:41,690 INFO c.h.h.t.OperatorHelmChartContainer - [EVENT] Normal [Started] Started container operator [default:local-hivemq-hivemq-operator-operator-6b564f6db4-hhb4w]
2025-01-29 13:42:41,690 INFO c.h.h.t.OperatorHelmChartContainer - Received Started event for container operator in pod local-hivemq-hivemq-operator-operator-6b564f6db4-hhb4w [b830d9c8-1d2a-4041-bb3b-dcd4917018cb]
2025-01-29 13:42:41,691 INFO c.h.h.t.OperatorHelmChartContainer - Started log watcher for operator in pod local-hivemq-hivemq-operator-operator-6b564f6db4-hhb4w [b830d9c8-1d2a-4041-bb3b-dcd4917018cb]
2025-01-29 13:42:41,691 INFO c.h.h.t.OperatorHelmChartContainer - [local-hivemq-hivemq-operator] [operator] [b830d9c8] Picked up JAVA_TOOL_OPTIONS: -XX:+UnlockExperimentalVMOptions -XX:InitialRAMPercentage=75 -XX:MaxRAMPercentage=75
2025-01-29 13:42:41,691 INFO c.h.h.t.OperatorHelmChartContainer - [local-hivemq-hivemq-operator] [operator] [b830d9c8]  __  __ _                                  _   
2025-01-29 13:42:41,691 INFO c.h.h.t.OperatorHelmChartContainer - [local-hivemq-hivemq-operator] [operator] [b830d9c8] |  \/  (_) ___ _ __ ___  _ __   __ _ _   _| |_ 
2025-01-29 13:42:41,691 INFO c.h.h.t.OperatorHelmChartContainer - [local-hivemq-hivemq-operator] [operator] [b830d9c8] | |\/| | |/ __| '__/ _ \| '_ \ / _` | | | | __|
2025-01-29 13:42:41,691 INFO c.h.h.t.OperatorHelmChartContainer - [local-hivemq-hivemq-operator] [operator] [b830d9c8] | |  | | | (__| | | (_) | | | | (_| | |_| | |_ 
2025-01-29 13:42:41,691 INFO c.h.h.t.OperatorHelmChartContainer - [local-hivemq-hivemq-operator] [operator] [b830d9c8] |_|  |_|_|\___|_|  \___/|_| |_|\__,_|\__,_|\__|
2025-01-29 13:42:41,691 INFO c.h.h.t.OperatorHelmChartContainer - [local-hivemq-hivemq-operator] [operator] [b830d9c8]   Micronaut (v3.5.2)
2025-01-29 13:42:41,691 INFO c.h.h.t.OperatorHelmChartContainer - [local-hivemq-hivemq-operator] [operator] [b830d9c8] 
2025-01-29 13:42:41,691 INFO c.h.h.t.OperatorHelmChartContainer - [local-hivemq-hivemq-operator] [operator] [b830d9c8] ?[36m13:41:41.327?[0;39m ?[1;30m[main]?[0;39m ?[34mINFO ?[0;39m ?[35mio.micronaut.runtime.Micronaut?[0;39m - Startup completed in 2287ms. Server Running: http://local-hivemq-hivemq-operator-operator-6b564f6db4-hhb4w:8443
2025-01-29 13:42:41,691 INFO c.h.h.t.OperatorHelmChartContainer - [local-hivemq-hivemq-operator] [operator] [b830d9c8] ?[36m13:41:42.333?[0;39m ?[1;30m[main]?[0;39m ?[34mINFO ?[0;39m ?[35mcom.hivemq.Operator?[0;39m - Initializing HiveMQ operator
2025-01-29 13:42:41,691 INFO c.h.h.t.OperatorHelmChartContainer - [local-hivemq-hivemq-operator] [operator] [b830d9c8] ?[36m13:41:43.429?[0;39m ?[1;30m[main]?[0;39m ?[34mINFO ?[0;39m ?[35mcom.hivemq.Operator?[0;39m - Operating from namespace 'default'
2025-01-29 13:42:41,691 INFO c.h.h.t.OperatorHelmChartContainer - [local-hivemq-hivemq-operator] [operator] [b830d9c8] ?[36m13:41:43.533?[0;39m ?[1;30m[pool-3-thread-1]?[0;39m ?[34mINFO ?[0;39m ?[35mcom.hivemq.AbstractWatcher?[0;39m - CustomResource watcher running for kinds HiveMQCluster
2025-01-29 13:42:41,691 INFO c.h.h.t.OperatorHelmChartContainer - [local-hivemq-hivemq-operator] [operator] [b830d9c8] ?[36m13:41:44.245?[0;39m ?[1;30m[main]?[0;39m ?[34mINFO ?[0;39m ?[35mcom.hivemq.Operator?[0;39m - Operator started in 1912ms
2025-01-29 13:42:41,691 INFO c.h.h.t.OperatorHelmChartContainer - [local-hivemq-hivemq-operator] [operator] [b830d9c8] ?[36m13:41:44.606?[0;39m ?[1;30m[pool-3-thread-2]?[0;39m ?[34mINFO ?[0;39m ?[35mcom.hivemq.Operator?[0;39m - Syncing state for cluster 'local-hivemq' in namespace 'default'
2025-01-29 13:42:41,691 INFO c.h.h.t.OperatorHelmChartContainer - [local-hivemq-hivemq-operator] [operator] [b830d9c8] ?[36m13:41:46.434?[0;39m ?[1;30m[pool-3-thread-7]?[0;39m ?[34mINFO ?[0;39m ?[35mcom.hivemq.Operator?[0;39m - Syncing state for cluster 'local-hivemq' in namespace 'default'
2025-01-29 13:42:41,691 INFO c.h.h.t.OperatorHelmChartContainer - [EVENT] Normal [SuccessfulCreate] Created pod: local-hivemq-hivemq-operator-operator-6b564f6db4-hhb4w [default:local-hivemq-hivemq-operator-operator-6b564f6db4]
2025-01-29 13:42:41,691 INFO c.h.h.t.OperatorHelmChartContainer - [EVENT] Normal [ScalingReplicaSet] Scaled up replica set local-hivemq-hivemq-operator-operator-6b564f6db4 from 0 to 1 [default:local-hivemq-hivemq-operator-operator]
2025-01-29 13:42:41,692 INFO c.h.h.t.OperatorHelmChartContainer - [EVENT] Normal [SuccessfulCreate] create Claim data-local-hivemq-0 Pod local-hivemq-0 in StatefulSet local-hivemq success [default:local-hivemq]
2025-01-29 13:42:41,693 INFO c.h.h.t.OperatorHelmChartContainer - [EVENT] Normal [SuccessfulCreate] create Pod local-hivemq-0 in StatefulSet local-hivemq successful [default:local-hivemq]
2025-01-29 13:42:41,691 INFO c.h.h.t.OperatorHelmChartContainer - [local-hivemq-hivemq-operator] [operator] [b830d9c8] ?[36m13:42:41.440?[0;39m ?[1;30m[pool-3-thread-2]?[0;39m ?[34mINFO ?[0;39m ?[35mcom.hivemq.Operator?[0;39m - State synchronization complete for cluster 'local-hivemq' in namespace 'default' in 56834ms
2025-01-29 13:42:41,693 INFO c.h.h.t.OperatorHelmChartContainer - [local-hivemq-hivemq-operator] [operator] [b830d9c8] ?[36m13:42:41.607?[0;39m ?[1;30m[pool-3-thread-7]?[0;39m ?[34mINFO ?[0;39m ?[35mcom.hivemq.Operator?[0;39m - State synchronization complete for cluster 'local-hivemq' in namespace 'default' in 55173ms
2025-01-29 13:42:44,336 INFO c.h.h.t.OperatorHelmChartContainer - [local-hivemq-hivemq-operator] [operator] [b830d9c8] ?[36m13:42:44.332?[0;39m ?[1;30m[pool-3-thread-12]?[0;39m ?[34mINFO ?[0;39m ?[35mcom.hivemq.Operator?[0;39m - Syncing state for cluster 'local-hivemq' in namespace 'default'
2025-01-29 13:42:44,455 DEBUG c.h.h.t.OperatorHelmChartContainer - Chart 'local-hivemq' installed or upgraded
2025-01-29 13:42:44,463 DEBUG com.hivemq.helmcharts.util.K8sUtil - State to compare Running and waiting for Updating
2025-01-29 13:42:44,969 INFO c.h.h.t.OperatorHelmChartContainer - [EVENT] Normal [SuccessfulCreate] create Claim data-local-hivemq-1 Pod local-hivemq-1 in StatefulSet local-hivemq success [default:local-hivemq]
2025-01-29 13:42:44,969 INFO c.h.h.t.OperatorHelmChartContainer - [EVENT] Normal [WaitForFirstConsumer] waiting for first consumer to be created before binding [default:data-local-hivemq-1]
2025-01-29 13:42:44,973 INFO c.h.h.t.OperatorHelmChartContainer - [POD] local-hivemq-1 [fcbb95bf-64a4-411c-b40e-769b42f020f9] in default was ADDED
2025-01-29 13:42:44,976 INFO c.h.h.t.OperatorHelmChartContainer - [EVENT] Normal [SuccessfulCreate] create Pod local-hivemq-1 in StatefulSet local-hivemq successful [default:local-hivemq]
2025-01-29 13:42:44,986 INFO c.h.h.t.OperatorHelmChartContainer - [EVENT] Normal [ExternalProvisioning] Waiting for a volume to be created either by the external provisioner 'rancher.io/local-path' or manually by the system administrator. If volume creation is delayed, please verify that the provisioner is running and correctly registered. [default:data-local-hivemq-1]
2025-01-29 13:42:44,987 INFO c.h.h.t.OperatorHelmChartContainer - [EVENT] Normal [ExternalProvisioning] Waiting for a volume to be created either by the external provisioner 'rancher.io/local-path' or manually by the system administrator. If volume creation is delayed, please verify that the provisioner is running and correctly registered. [default:data-local-hivemq-1]
2025-01-29 13:42:44,989 INFO c.h.h.t.OperatorHelmChartContainer - [EVENT] Normal [Provisioning] External provisioner is provisioning volume for claim "default/data-local-hivemq-1" [default:data-local-hivemq-1]
2025-01-29 13:42:45,070 INFO c.h.h.t.OperatorHelmChartContainer - [POD] helper-pod-create-pvc-a745eb2e-2250-4d9c-a1d0-193a085380db [f797196b-7288-41ba-bdd2-91a3fcafefdf] in kube-system was ADDED
2025-01-29 13:42:45,078 INFO c.h.h.t.OperatorHelmChartContainer - [POD] helper-pod-create-pvc-a745eb2e-2250-4d9c-a1d0-193a085380db [f797196b-7288-41ba-bdd2-91a3fcafefdf] in kube-system was MODIFIED
2025-01-29 13:42:45,178 INFO c.h.h.t.OperatorHelmChartContainer - [K3S] [reconciler_common.go:251] "operationExecutor.VerifyControllerAttachedVolume started for volume \"script\" (UniqueName: \"kubernetes.io/configmap/f797196b-7288-41ba-bdd2-91a3fcafefdf-script\") pod \"helper-pod-create-pvc-a745eb2e-2250-4d9c-a1d0-193a085380db\" (UID: \"f797196b-7288-41ba-bdd2-91a3fcafefdf\") " pod="kube-system/helper-pod-create-pvc-a745eb2e-2250-4d9c-a1d0-193a085380db"
2025-01-29 13:42:45,178 INFO c.h.h.t.OperatorHelmChartContainer - [K3S] [reconciler_common.go:251] "operationExecutor.VerifyControllerAttachedVolume started for volume \"data\" (UniqueName: \"kubernetes.io/host-path/f797196b-7288-41ba-bdd2-91a3fcafefdf-data\") pod \"helper-pod-create-pvc-a745eb2e-2250-4d9c-a1d0-193a085380db\" (UID: \"f797196b-7288-41ba-bdd2-91a3fcafefdf\") " pod="kube-system/helper-pod-create-pvc-a745eb2e-2250-4d9c-a1d0-193a085380db"
2025-01-29 13:42:45,178 INFO c.h.h.t.OperatorHelmChartContainer - [K3S] [reconciler_common.go:251] "operationExecutor.VerifyControllerAttachedVolume started for volume \"kube-api-access-8w5qh\" (UniqueName: \"kubernetes.io/projected/f797196b-7288-41ba-bdd2-91a3fcafefdf-kube-api-access-8w5qh\") pod \"helper-pod-create-pvc-a745eb2e-2250-4d9c-a1d0-193a085380db\" (UID: \"f797196b-7288-41ba-bdd2-91a3fcafefdf\") " pod="kube-system/helper-pod-create-pvc-a745eb2e-2250-4d9c-a1d0-193a085380db"
2025-01-29 13:42:46,197 INFO c.h.h.t.OperatorHelmChartContainer - [POD] helper-pod-create-pvc-a745eb2e-2250-4d9c-a1d0-193a085380db [f797196b-7288-41ba-bdd2-91a3fcafefdf] in kube-system was MODIFIED
2025-01-29 13:42:47,279 INFO c.h.h.t.OperatorHelmChartContainer - [POD] helper-pod-create-pvc-a745eb2e-2250-4d9c-a1d0-193a085380db [f797196b-7288-41ba-bdd2-91a3fcafefdf] in kube-system was MODIFIED
2025-01-29 13:42:47,289 INFO c.h.h.t.OperatorHelmChartContainer - [K3S] [reconciler_common.go:162] "operationExecutor.UnmountVolume started for volume \"script\" (UniqueName: \"kubernetes.io/configmap/f797196b-7288-41ba-bdd2-91a3fcafefdf-script\") pod \"f797196b-7288-41ba-bdd2-91a3fcafefdf\" (UID: \"f797196b-7288-41ba-bdd2-91a3fcafefdf\") "
2025-01-29 13:42:47,289 INFO c.h.h.t.OperatorHelmChartContainer - [K3S] [reconciler_common.go:162] "operationExecutor.UnmountVolume started for volume \"data\" (UniqueName: \"kubernetes.io/host-path/f797196b-7288-41ba-bdd2-91a3fcafefdf-data\") pod \"f797196b-7288-41ba-bdd2-91a3fcafefdf\" (UID: \"f797196b-7288-41ba-bdd2-91a3fcafefdf\") "
2025-01-29 13:42:47,289 INFO c.h.h.t.OperatorHelmChartContainer - [K3S] [reconciler_common.go:162] "operationExecutor.UnmountVolume started for volume \"kube-api-access-8w5qh\" (UniqueName: \"kubernetes.io/projected/f797196b-7288-41ba-bdd2-91a3fcafefdf-kube-api-access-8w5qh\") pod \"f797196b-7288-41ba-bdd2-91a3fcafefdf\" (UID: \"f797196b-7288-41ba-bdd2-91a3fcafefdf\") "
2025-01-29 13:42:47,389 INFO c.h.h.t.OperatorHelmChartContainer - [K3S] [reconciler_common.go:299] "Volume detached for volume \"data\" (UniqueName: \"kubernetes.io/host-path/f797196b-7288-41ba-bdd2-91a3fcafefdf-data\") on node \"a45dba27944b\" DevicePath \"\""
2025-01-29 13:42:47,389 INFO c.h.h.t.OperatorHelmChartContainer - [K3S] [reconciler_common.go:299] "Volume detached for volume \"script\" (UniqueName: \"kubernetes.io/configmap/f797196b-7288-41ba-bdd2-91a3fcafefdf-script\") on node \"a45dba27944b\" DevicePath \"\""
2025-01-29 13:42:47,389 INFO c.h.h.t.OperatorHelmChartContainer - [K3S] [reconciler_common.go:299] "Volume detached for volume \"kube-api-access-8w5qh\" (UniqueName: \"kubernetes.io/projected/f797196b-7288-41ba-bdd2-91a3fcafefdf-kube-api-access-8w5qh\") on node \"a45dba27944b\" DevicePath \"\""
2025-01-29 13:42:48,097 INFO c.h.h.t.OperatorHelmChartContainer - [POD] helper-pod-create-pvc-a745eb2e-2250-4d9c-a1d0-193a085380db [f797196b-7288-41ba-bdd2-91a3fcafefdf] in kube-system was MODIFIED
2025-01-29 13:42:48,101 INFO c.h.h.t.OperatorHelmChartContainer - [POD] helper-pod-create-pvc-a745eb2e-2250-4d9c-a1d0-193a085380db [f797196b-7288-41ba-bdd2-91a3fcafefdf] in kube-system was DELETED
2025-01-29 13:42:48,107 INFO c.h.h.t.OperatorHelmChartContainer - [EVENT] Normal [ProvisioningSucceeded] Successfully provisioned volume pvc-a745eb2e-2250-4d9c-a1d0-193a085380db [default:data-local-hivemq-1]
2025-01-29 13:42:48,195 INFO c.h.h.t.OperatorHelmChartContainer - [K3S] [pod_container_deletor.go:80] "Container not found in pod's containers" containerID="2a9ba425c8be8749738b1caebf53c033349dd62a0506c208fc614c162d83f017"
2025-01-29 13:42:48,201 INFO c.h.h.t.OperatorHelmChartContainer - [K3S] [status_manager.go:890] "Failed to get status for pod" podUID="f797196b-7288-41ba-bdd2-91a3fcafefdf" pod="kube-system/helper-pod-create-pvc-a745eb2e-2250-4d9c-a1d0-193a085380db" err="pods \"helper-pod-create-pvc-a745eb2e-2250-4d9c-a1d0-193a085380db\" is forbidden: User \"system:node:a45dba27944b\" cannot get resource \"pods\" in API group \"\" in the namespace \"kube-system\": no relationship found between node 'a45dba27944b' and this object"
2025-01-29 13:42:48,984 INFO c.h.h.t.OperatorHelmChartContainer - [POD] local-hivemq-1 [fcbb95bf-64a4-411c-b40e-769b42f020f9] in default was MODIFIED
2025-01-29 13:42:48,984 INFO c.h.h.t.OperatorHelmChartContainer - [K3S] [memory_manager.go:355] "RemoveStaleState removing state" podUID="f797196b-7288-41ba-bdd2-91a3fcafefdf" containerName="helper-pod"
2025-01-29 13:42:48,985 INFO c.h.h.t.OperatorHelmChartContainer - [K3S] [status_manager.go:890] "Failed to get status for pod" podUID="f797196b-7288-41ba-bdd2-91a3fcafefdf" pod="kube-system/helper-pod-create-pvc-a745eb2e-2250-4d9c-a1d0-193a085380db" err="pods \"helper-pod-create-pvc-a745eb2e-2250-4d9c-a1d0-193a085380db\" is forbidden: User \"system:node:a45dba27944b\" cannot get resource \"pods\" in API group \"\" in the namespace \"kube-system\": no relationship found between node 'a45dba27944b' and this object"
2025-01-29 13:42:48,987 INFO c.h.h.t.OperatorHelmChartContainer - [EVENT] Normal [Scheduled] Successfully assigned default/local-hivemq-1 to a45dba27944b [default:local-hivemq-1]
2025-01-29 13:42:48,997 INFO c.h.h.t.OperatorHelmChartContainer - [POD] local-hivemq-1 [fcbb95bf-64a4-411c-b40e-769b42f020f9] in default was MODIFIED
2025-01-29 13:42:49,020 INFO c.h.h.t.OperatorHelmChartContainer - [K3S] [kubelet_volumes.go:163] "Cleaned up orphaned pod volumes dir" podUID="f797196b-7288-41ba-bdd2-91a3fcafefdf" path="/var/lib/kubelet/pods/f797196b-7288-41ba-bdd2-91a3fcafefdf/volumes"
2025-01-29 13:42:49,099 INFO c.h.h.t.OperatorHelmChartContainer - [K3S] [reconciler_common.go:251] "operationExecutor.VerifyControllerAttachedVolume started for volume \"audit\" (UniqueName: \"kubernetes.io/empty-dir/fcbb95bf-64a4-411c-b40e-769b42f020f9-audit\") pod \"local-hivemq-1\" (UID: \"fcbb95bf-64a4-411c-b40e-769b42f020f9\") " pod="default/local-hivemq-1"
2025-01-29 13:42:49,099 INFO c.h.h.t.OperatorHelmChartContainer - [K3S] [reconciler_common.go:251] "operationExecutor.VerifyControllerAttachedVolume started for volume \"heap-dumps\" (UniqueName: \"kubernetes.io/empty-dir/fcbb95bf-64a4-411c-b40e-769b42f020f9-heap-dumps\") pod \"local-hivemq-1\" (UID: \"fcbb95bf-64a4-411c-b40e-769b42f020f9\") " pod="default/local-hivemq-1"
2025-01-29 13:42:49,099 INFO c.h.h.t.OperatorHelmChartContainer - [K3S] [reconciler_common.go:251] "operationExecutor.VerifyControllerAttachedVolume started for volume \"dns-wait-config\" (UniqueName: \"kubernetes.io/configmap/fcbb95bf-64a4-411c-b40e-769b42f020f9-dns-wait-config\") pod \"local-hivemq-1\" (UID: \"fcbb95bf-64a4-411c-b40e-769b42f020f9\") " pod="default/local-hivemq-1"
2025-01-29 13:42:49,099 INFO c.h.h.t.OperatorHelmChartContainer - [K3S] [reconciler_common.go:251] "operationExecutor.VerifyControllerAttachedVolume started for volume \"live-info\" (UniqueName: \"kubernetes.io/configmap/fcbb95bf-64a4-411c-b40e-769b42f020f9-live-info\") pod \"local-hivemq-1\" (UID: \"fcbb95bf-64a4-411c-b40e-769b42f020f9\") " pod="default/local-hivemq-1"
2025-01-29 13:42:49,099 INFO c.h.h.t.OperatorHelmChartContainer - [K3S] [reconciler_common.go:251] "operationExecutor.VerifyControllerAttachedVolume started for volume \"pvc-a745eb2e-2250-4d9c-a1d0-193a085380db\" (UniqueName: \"kubernetes.io/local-volume/pvc-a745eb2e-2250-4d9c-a1d0-193a085380db\") pod \"local-hivemq-1\" (UID: \"fcbb95bf-64a4-411c-b40e-769b42f020f9\") " pod="default/local-hivemq-1"
2025-01-29 13:42:49,099 INFO c.h.h.t.OperatorHelmChartContainer - [K3S] [reconciler_common.go:251] "operationExecutor.VerifyControllerAttachedVolume started for volume \"shared-data\" (UniqueName: \"kubernetes.io/empty-dir/fcbb95bf-64a4-411c-b40e-769b42f020f9-shared-data\") pod \"local-hivemq-1\" (UID: \"fcbb95bf-64a4-411c-b40e-769b42f020f9\") " pod="default/local-hivemq-1"
2025-01-29 13:42:49,099 INFO c.h.h.t.OperatorHelmChartContainer - [K3S] [reconciler_common.go:251] "operationExecutor.VerifyControllerAttachedVolume started for volume \"kube-api-access-bvj6n\" (UniqueName: \"kubernetes.io/projected/fcbb95bf-64a4-411c-b40e-769b42f020f9-kube-api-access-bvj6n\") pod \"local-hivemq-1\" (UID: \"fcbb95bf-64a4-411c-b40e-769b42f020f9\") " pod="default/local-hivemq-1"
2025-01-29 13:42:49,099 INFO c.h.h.t.OperatorHelmChartContainer - [K3S] [reconciler_common.go:251] "operationExecutor.VerifyControllerAttachedVolume started for volume \"conf-override\" (UniqueName: \"kubernetes.io/empty-dir/fcbb95bf-64a4-411c-b40e-769b42f020f9-conf-override\") pod \"local-hivemq-1\" (UID: \"fcbb95bf-64a4-411c-b40e-769b42f020f9\") " pod="default/local-hivemq-1"
2025-01-29 13:42:49,099 INFO c.h.h.t.OperatorHelmChartContainer - [K3S] [reconciler_common.go:251] "operationExecutor.VerifyControllerAttachedVolume started for volume \"backup\" (UniqueName: \"kubernetes.io/empty-dir/fcbb95bf-64a4-411c-b40e-769b42f020f9-backup\") pod \"local-hivemq-1\" (UID: \"fcbb95bf-64a4-411c-b40e-769b42f020f9\") " pod="default/local-hivemq-1"
2025-01-29 13:42:49,100 INFO c.h.h.t.OperatorHelmChartContainer - [K3S] [reconciler_common.go:251] "operationExecutor.VerifyControllerAttachedVolume started for volume \"log\" (UniqueName: \"kubernetes.io/empty-dir/fcbb95bf-64a4-411c-b40e-769b42f020f9-log\") pod \"local-hivemq-1\" (UID: \"fcbb95bf-64a4-411c-b40e-769b42f020f9\") " pod="default/local-hivemq-1"
2025-01-29 13:42:49,375 INFO c.h.h.t.OperatorHelmChartContainer - [EVENT] Normal [Pulling] Pulling image "busybox:latest" [default:local-hivemq-1]
2025-01-29 13:42:49,527 INFO c.h.h.t.OperatorHelmChartContainer - [EVENT] Normal [Pulled] Successfully pulled image "busybox:latest" in 151ms (151ms including waiting). Image size: 2167089 bytes. [default:local-hivemq-1]
2025-01-29 13:42:49,534 INFO c.h.h.t.OperatorHelmChartContainer - [EVENT] Normal [Created] Created container: init-shared [default:local-hivemq-1]
2025-01-29 13:42:49,575 INFO c.h.h.t.OperatorHelmChartContainer - [EVENT] Normal [Started] Started container init-shared [default:local-hivemq-1]
2025-01-29 13:42:50,203 INFO c.h.h.t.OperatorHelmChartContainer - [EVENT] Normal [Pulled] Container image "hivemq/init-dns-wait:snapshot" already present on machine [default:local-hivemq-1]
2025-01-29 13:42:50,214 INFO c.h.h.t.OperatorHelmChartContainer - [EVENT] Normal [Created] Created container: dns-wait [default:local-hivemq-1]
2025-01-29 13:42:50,225 INFO c.h.h.t.OperatorHelmChartContainer - [POD] local-hivemq-1 [fcbb95bf-64a4-411c-b40e-769b42f020f9] in default was MODIFIED
2025-01-29 13:42:50,289 INFO c.h.h.t.OperatorHelmChartContainer - [EVENT] Normal [Started] Started container dns-wait [default:local-hivemq-1]
2025-01-29 13:42:51,216 INFO c.h.h.t.OperatorHelmChartContainer - [POD] local-hivemq-1 [fcbb95bf-64a4-411c-b40e-769b42f020f9] in default was MODIFIED
2025-01-29 13:43:01,223 INFO c.h.h.t.OperatorHelmChartContainer - [EVENT] Normal [Pulled] Container image "hivemq/hivemq4:k8s-4.36.0" already present on machine [default:local-hivemq-1]
2025-01-29 13:43:01,223 INFO c.h.h.t.OperatorHelmChartContainer - Received Pulled event for container hivemq in pod local-hivemq-1 [fcbb95bf-64a4-411c-b40e-769b42f020f9]
2025-01-29 13:43:01,234 INFO c.h.h.t.OperatorHelmChartContainer - [EVENT] Normal [Created] Created container: hivemq [default:local-hivemq-1]
2025-01-29 13:43:01,234 INFO c.h.h.t.OperatorHelmChartContainer - Received Created event for container hivemq in pod local-hivemq-1 [fcbb95bf-64a4-411c-b40e-769b42f020f9]
2025-01-29 13:43:01,236 INFO c.h.h.t.OperatorHelmChartContainer - [POD] local-hivemq-1 [fcbb95bf-64a4-411c-b40e-769b42f020f9] in default was MODIFIED
2025-01-29 13:43:02,238 INFO c.h.h.t.OperatorHelmChartContainer - [POD] local-hivemq-1 [fcbb95bf-64a4-411c-b40e-769b42f020f9] in default was MODIFIED
2025-01-29 13:43:02,247 INFO c.h.h.t.OperatorHelmChartContainer - Started log watcher for hivemq in pod local-hivemq-1 [fcbb95bf-64a4-411c-b40e-769b42f020f9]
2025-01-29 13:43:02,247 INFO c.h.h.t.OperatorHelmChartContainer - [local-hivemq-1] [hivemq] [fcbb95bf] Copying external files
2025-01-29 13:43:02,247 INFO c.h.h.t.OperatorHelmChartContainer - [EVENT] Normal [Started] Started container hivemq [default:local-hivemq-1]
2025-01-29 13:43:02,247 INFO c.h.h.t.OperatorHelmChartContainer - Received Started event for container hivemq in pod local-hivemq-1 [fcbb95bf-64a4-411c-b40e-769b42f020f9]
2025-01-29 13:43:02,248 INFO c.h.h.t.OperatorHelmChartContainer - [local-hivemq-1] [hivemq] [fcbb95bf] Rewriting config.xml...
2025-01-29 13:43:02,249 INFO c.h.h.t.OperatorHelmChartContainer - [local-hivemq-1] [hivemq] [fcbb95bf] Creating initial lastUpdate files...
2025-01-29 13:43:02,249 INFO c.h.h.t.OperatorHelmChartContainer - [local-hivemq-1] [hivemq] [fcbb95bf] Disabling Prometheus
2025-01-29 13:43:02,249 INFO c.h.h.t.OperatorHelmChartContainer - [local-hivemq-1] [hivemq] [fcbb95bf] Pod info:
2025-01-29 13:43:02,249 INFO c.h.h.t.OperatorHelmChartContainer - [local-hivemq-1] [hivemq] [fcbb95bf] extension-names=hivemq-kafka-extension hivemq-google-cloud-pubsub-extension hivemq-bridge-extension hivemq-enterprise-security-extension hivemq-distributed-tracing-extension hivemq-amazon-kinesis-extension
2025-01-29 13:43:02,249 INFO c.h.h.t.OperatorHelmChartContainer - [local-hivemq-1] [hivemq] [fcbb95bf] extension-uris=preinstalled preinstalled preinstalled preinstalled preinstalled preinstalled
2025-01-29 13:43:02,249 INFO c.h.h.t.OperatorHelmChartContainer - [local-hivemq-1] [hivemq] [fcbb95bf] extension-states=false false false false false false
2025-01-29 13:43:02,249 INFO c.h.h.t.OperatorHelmChartContainer - [local-hivemq-1] [hivemq] [fcbb95bf] extensions-static=false false false false false false
2025-01-29 13:43:02,249 INFO c.h.h.t.OperatorHelmChartContainer - [local-hivemq-1] [hivemq] [fcbb95bf] Installing extension #0 with name: hivemq-kafka-extension, URI: preinstalled, enabled state: false
2025-01-29 13:43:02,249 INFO c.h.h.t.OperatorHelmChartContainer - [local-hivemq-1] [hivemq] [fcbb95bf] + [[ 3 != 3 ]]
2025-01-29 13:43:02,249 INFO c.h.h.t.OperatorHelmChartContainer - [local-hivemq-1] [hivemq] [fcbb95bf] + EXTENSION_URI=preinstalled
2025-01-29 13:43:02,249 INFO c.h.h.t.OperatorHelmChartContainer - [local-hivemq-1] [hivemq] [fcbb95bf] + EXTENSION_NAME=hivemq-kafka-extension
2025-01-29 13:43:02,249 INFO c.h.h.t.OperatorHelmChartContainer - [local-hivemq-1] [hivemq] [fcbb95bf] + TARGET_STATE=false
2025-01-29 13:43:02,249 INFO c.h.h.t.OperatorHelmChartContainer - [local-hivemq-1] [hivemq] [fcbb95bf] + TARGET_DIR=/opt/hivemq/extensions/hivemq-kafka-extension
2025-01-29 13:43:02,249 INFO c.h.h.t.OperatorHelmChartContainer - [local-hivemq-1] [hivemq] [fcbb95bf] ++ mktemp -d
2025-01-29 13:43:02,249 INFO c.h.h.t.OperatorHelmChartContainer - [local-hivemq-1] [hivemq] [fcbb95bf] + install_dir=/tmp/tmp.4Pm3idQFA1
2025-01-29 13:43:02,249 INFO c.h.h.t.OperatorHelmChartContainer - [local-hivemq-1] [hivemq] [fcbb95bf] + set +e
2025-01-29 13:43:02,249 INFO c.h.h.t.OperatorHelmChartContainer - [local-hivemq-1] [hivemq] [fcbb95bf] + [[ -f /opt/hivemq/extensions/hivemq-kafka-extension/DISABLED ]]
2025-01-29 13:43:02,249 INFO c.h.h.t.OperatorHelmChartContainer - [local-hivemq-1] [hivemq] [fcbb95bf] + was_enabled=0
2025-01-29 13:43:02,249 INFO c.h.h.t.OperatorHelmChartContainer - [local-hivemq-1] [hivemq] [fcbb95bf] + set -e
2025-01-29 13:43:02,249 INFO c.h.h.t.OperatorHelmChartContainer - [local-hivemq-1] [hivemq] [fcbb95bf] + [[ preinstalled != \p\r\e\i\n\s\t\a\l\l\e\d ]]
2025-01-29 13:43:02,250 INFO c.h.h.t.OperatorHelmChartContainer - [local-hivemq-1] [hivemq] [fcbb95bf] + [[ false == \f\a\l\s\e ]]
2025-01-29 13:43:02,250 INFO c.h.h.t.OperatorHelmChartContainer - [local-hivemq-1] [hivemq] [fcbb95bf] + touch /opt/hivemq/extensions/hivemq-kafka-extension/DISABLED
2025-01-29 13:43:02,250 INFO c.h.h.t.OperatorHelmChartContainer - [local-hivemq-1] [hivemq] [fcbb95bf] + was_enabled=0
2025-01-29 13:43:02,250 INFO c.h.h.t.OperatorHelmChartContainer - [local-hivemq-1] [hivemq] [fcbb95bf] + [[ preinstalled != \p\r\e\i\n\s\t\a\l\l\e\d ]]
2025-01-29 13:43:02,250 INFO c.h.h.t.OperatorHelmChartContainer - [local-hivemq-1] [hivemq] [fcbb95bf] + /opt/hivemq/bin/run_initialization.sh hivemq-kafka-extension
2025-01-29 13:43:02,250 INFO c.h.h.t.OperatorHelmChartContainer - [local-hivemq-1] [hivemq] [fcbb95bf] + EXTENSION_NAME=hivemq-kafka-extension
2025-01-29 13:43:02,250 INFO c.h.h.t.OperatorHelmChartContainer - [local-hivemq-1] [hivemq] [fcbb95bf] + TARGET_DIR=/opt/hivemq/extensions/hivemq-kafka-extension
2025-01-29 13:43:02,250 INFO c.h.h.t.OperatorHelmChartContainer - [local-hivemq-1] [hivemq] [fcbb95bf] + cd /opt/hivemq/extensions/hivemq-kafka-extension
2025-01-29 13:43:02,250 INFO c.h.h.t.OperatorHelmChartContainer - [local-hivemq-1] [hivemq] [fcbb95bf] + [[ -f init_tmp ]]
2025-01-29 13:43:02,250 INFO c.h.h.t.OperatorHelmChartContainer - [local-hivemq-1] [hivemq] [fcbb95bf] + [[ -f /etc/podinfo/init-extension-hivemq-kafka-extension ]]
2025-01-29 13:43:02,250 INFO c.h.h.t.OperatorHelmChartContainer - [local-hivemq-1] [hivemq] [fcbb95bf] Installing extension #1 with name: hivemq-google-cloud-pubsub-extension, URI: preinstalled, enabled state: false
2025-01-29 13:43:02,250 INFO c.h.h.t.OperatorHelmChartContainer - [local-hivemq-1] [hivemq] [fcbb95bf] + [[ 3 != 3 ]]
2025-01-29 13:43:02,250 INFO c.h.h.t.OperatorHelmChartContainer - [local-hivemq-1] [hivemq] [fcbb95bf] + EXTENSION_URI=preinstalled
2025-01-29 13:43:02,251 INFO c.h.h.t.OperatorHelmChartContainer - [local-hivemq-1] [hivemq] [fcbb95bf] + EXTENSION_NAME=hivemq-google-cloud-pubsub-extension
2025-01-29 13:43:02,251 INFO c.h.h.t.OperatorHelmChartContainer - [local-hivemq-1] [hivemq] [fcbb95bf] + TARGET_STATE=false
2025-01-29 13:43:02,251 INFO c.h.h.t.OperatorHelmChartContainer - [local-hivemq-1] [hivemq] [fcbb95bf] + TARGET_DIR=/opt/hivemq/extensions/hivemq-google-cloud-pubsub-extension
2025-01-29 13:43:02,251 INFO c.h.h.t.OperatorHelmChartContainer - [local-hivemq-1] [hivemq] [fcbb95bf] ++ mktemp -d
2025-01-29 13:43:02,251 INFO c.h.h.t.OperatorHelmChartContainer - [local-hivemq-1] [hivemq] [fcbb95bf] + install_dir=/tmp/tmp.X4dKEqu4oS
2025-01-29 13:43:02,251 INFO c.h.h.t.OperatorHelmChartContainer - [local-hivemq-1] [hivemq] [fcbb95bf] + set +e
2025-01-29 13:43:02,251 INFO c.h.h.t.OperatorHelmChartContainer - [local-hivemq-1] [hivemq] [fcbb95bf] + [[ -f /opt/hivemq/extensions/hivemq-google-cloud-pubsub-extension/DISABLED ]]
2025-01-29 13:43:02,251 INFO c.h.h.t.OperatorHelmChartContainer - [local-hivemq-1] [hivemq] [fcbb95bf] + was_enabled=0
2025-01-29 13:43:02,251 INFO c.h.h.t.OperatorHelmChartContainer - [local-hivemq-1] [hivemq] [fcbb95bf] + set -e
2025-01-29 13:43:02,251 INFO c.h.h.t.OperatorHelmChartContainer - [local-hivemq-1] [hivemq] [fcbb95bf] + [[ preinstalled != \p\r\e\i\n\s\t\a\l\l\e\d ]]
2025-01-29 13:43:02,251 INFO c.h.h.t.OperatorHelmChartContainer - [local-hivemq-1] [hivemq] [fcbb95bf] + [[ false == \f\a\l\s\e ]]
2025-01-29 13:43:02,251 INFO c.h.h.t.OperatorHelmChartContainer - [local-hivemq-1] [hivemq] [fcbb95bf] + touch /opt/hivemq/extensions/hivemq-google-cloud-pubsub-extension/DISABLED
2025-01-29 13:43:02,251 INFO c.h.h.t.OperatorHelmChartContainer - [local-hivemq-1] [hivemq] [fcbb95bf] + was_enabled=0
2025-01-29 13:43:02,251 INFO c.h.h.t.OperatorHelmChartContainer - [local-hivemq-1] [hivemq] [fcbb95bf] + [[ preinstalled != \p\r\e\i\n\s\t\a\l\l\e\d ]]
2025-01-29 13:43:02,251 INFO c.h.h.t.OperatorHelmChartContainer - [local-hivemq-1] [hivemq] [fcbb95bf] + /opt/hivemq/bin/run_initialization.sh hivemq-google-cloud-pubsub-extension
2025-01-29 13:43:02,251 INFO c.h.h.t.OperatorHelmChartContainer - [local-hivemq-1] [hivemq] [fcbb95bf] + EXTENSION_NAME=hivemq-google-cloud-pubsub-extension
2025-01-29 13:43:02,251 INFO c.h.h.t.OperatorHelmChartContainer - [local-hivemq-1] [hivemq] [fcbb95bf] + TARGET_DIR=/opt/hivemq/extensions/hivemq-google-cloud-pubsub-extension
2025-01-29 13:43:02,251 INFO c.h.h.t.OperatorHelmChartContainer - [local-hivemq-1] [hivemq] [fcbb95bf] + cd /opt/hivemq/extensions/hivemq-google-cloud-pubsub-extension
2025-01-29 13:43:02,251 INFO c.h.h.t.OperatorHelmChartContainer - [local-hivemq-1] [hivemq] [fcbb95bf] + [[ -f init_tmp ]]
2025-01-29 13:43:02,251 INFO c.h.h.t.OperatorHelmChartContainer - [local-hivemq-1] [hivemq] [fcbb95bf] + [[ -f /etc/podinfo/init-extension-hivemq-google-cloud-pubsub-extension ]]
2025-01-29 13:43:02,251 INFO c.h.h.t.OperatorHelmChartContainer - [local-hivemq-1] [hivemq] [fcbb95bf] Installing extension #2 with name: hivemq-bridge-extension, URI: preinstalled, enabled state: false
2025-01-29 13:43:02,251 INFO c.h.h.t.OperatorHelmChartContainer - [local-hivemq-1] [hivemq] [fcbb95bf] + [[ 3 != 3 ]]
2025-01-29 13:43:02,251 INFO c.h.h.t.OperatorHelmChartContainer - [local-hivemq-1] [hivemq] [fcbb95bf] + EXTENSION_URI=preinstalled
2025-01-29 13:43:02,251 INFO c.h.h.t.OperatorHelmChartContainer - [local-hivemq-1] [hivemq] [fcbb95bf] + EXTENSION_NAME=hivemq-bridge-extension
2025-01-29 13:43:02,251 INFO c.h.h.t.OperatorHelmChartContainer - [local-hivemq-1] [hivemq] [fcbb95bf] + TARGET_STATE=false
2025-01-29 13:43:02,251 INFO c.h.h.t.OperatorHelmChartContainer - [local-hivemq-1] [hivemq] [fcbb95bf] + TARGET_DIR=/opt/hivemq/extensions/hivemq-bridge-extension
2025-01-29 13:43:02,251 INFO c.h.h.t.OperatorHelmChartContainer - [local-hivemq-1] [hivemq] [fcbb95bf] ++ mktemp -d
2025-01-29 13:43:02,251 INFO c.h.h.t.OperatorHelmChartContainer - [local-hivemq-1] [hivemq] [fcbb95bf] + install_dir=/tmp/tmp.z1Ywt5S7Op
2025-01-29 13:43:02,251 INFO c.h.h.t.OperatorHelmChartContainer - [local-hivemq-1] [hivemq] [fcbb95bf] + set +e
2025-01-29 13:43:02,251 INFO c.h.h.t.OperatorHelmChartContainer - [local-hivemq-1] [hivemq] [fcbb95bf] + [[ -f /opt/hivemq/extensions/hivemq-bridge-extension/DISABLED ]]
2025-01-29 13:43:02,251 INFO c.h.h.t.OperatorHelmChartContainer - [local-hivemq-1] [hivemq] [fcbb95bf] + was_enabled=0
2025-01-29 13:43:02,251 INFO c.h.h.t.OperatorHelmChartContainer - [local-hivemq-1] [hivemq] [fcbb95bf] + set -e
2025-01-29 13:43:02,251 INFO c.h.h.t.OperatorHelmChartContainer - [local-hivemq-1] [hivemq] [fcbb95bf] + [[ preinstalled != \p\r\e\i\n\s\t\a\l\l\e\d ]]
2025-01-29 13:43:02,251 INFO c.h.h.t.OperatorHelmChartContainer - [local-hivemq-1] [hivemq] [fcbb95bf] + [[ false == \f\a\l\s\e ]]
2025-01-29 13:43:02,251 INFO c.h.h.t.OperatorHelmChartContainer - [local-hivemq-1] [hivemq] [fcbb95bf] + touch /opt/hivemq/extensions/hivemq-bridge-extension/DISABLED
2025-01-29 13:43:02,251 INFO c.h.h.t.OperatorHelmChartContainer - [local-hivemq-1] [hivemq] [fcbb95bf] + was_enabled=0
2025-01-29 13:43:02,251 INFO c.h.h.t.OperatorHelmChartContainer - [local-hivemq-1] [hivemq] [fcbb95bf] + [[ preinstalled != \p\r\e\i\n\s\t\a\l\l\e\d ]]
2025-01-29 13:43:02,251 INFO c.h.h.t.OperatorHelmChartContainer - [local-hivemq-1] [hivemq] [fcbb95bf] + /opt/hivemq/bin/run_initialization.sh hivemq-bridge-extension
2025-01-29 13:43:02,251 INFO c.h.h.t.OperatorHelmChartContainer - [local-hivemq-1] [hivemq] [fcbb95bf] + EXTENSION_NAME=hivemq-bridge-extension
2025-01-29 13:43:02,251 INFO c.h.h.t.OperatorHelmChartContainer - [local-hivemq-1] [hivemq] [fcbb95bf] + TARGET_DIR=/opt/hivemq/extensions/hivemq-bridge-extension
2025-01-29 13:43:02,251 INFO c.h.h.t.OperatorHelmChartContainer - [local-hivemq-1] [hivemq] [fcbb95bf] + cd /opt/hivemq/extensions/hivemq-bridge-extension
2025-01-29 13:43:02,251 INFO c.h.h.t.OperatorHelmChartContainer - [local-hivemq-1] [hivemq] [fcbb95bf] + [[ -f init_tmp ]]
2025-01-29 13:43:02,251 INFO c.h.h.t.OperatorHelmChartContainer - [local-hivemq-1] [hivemq] [fcbb95bf] + [[ -f /etc/podinfo/init-extension-hivemq-bridge-extension ]]
2025-01-29 13:43:02,251 INFO c.h.h.t.OperatorHelmChartContainer - [local-hivemq-1] [hivemq] [fcbb95bf] Installing extension #3 with name: hivemq-enterprise-security-extension, URI: preinstalled, enabled state: false
2025-01-29 13:43:02,251 INFO c.h.h.t.OperatorHelmChartContainer - [local-hivemq-1] [hivemq] [fcbb95bf] + [[ 3 != 3 ]]
2025-01-29 13:43:02,251 INFO c.h.h.t.OperatorHelmChartContainer - [local-hivemq-1] [hivemq] [fcbb95bf] + EXTENSION_URI=preinstalled
2025-01-29 13:43:02,251 INFO c.h.h.t.OperatorHelmChartContainer - [local-hivemq-1] [hivemq] [fcbb95bf] + EXTENSION_NAME=hivemq-enterprise-security-extension
2025-01-29 13:43:02,251 INFO c.h.h.t.OperatorHelmChartContainer - [local-hivemq-1] [hivemq] [fcbb95bf] + TARGET_STATE=false
2025-01-29 13:43:02,251 INFO c.h.h.t.OperatorHelmChartContainer - [local-hivemq-1] [hivemq] [fcbb95bf] + TARGET_DIR=/opt/hivemq/extensions/hivemq-enterprise-security-extension
2025-01-29 13:43:02,251 INFO c.h.h.t.OperatorHelmChartContainer - [local-hivemq-1] [hivemq] [fcbb95bf] ++ mktemp -d
2025-01-29 13:43:02,251 INFO c.h.h.t.OperatorHelmChartContainer - [local-hivemq-1] [hivemq] [fcbb95bf] + install_dir=/tmp/tmp.55HkgVUMZb
2025-01-29 13:43:02,251 INFO c.h.h.t.OperatorHelmChartContainer - [local-hivemq-1] [hivemq] [fcbb95bf] + set +e
2025-01-29 13:43:02,251 INFO c.h.h.t.OperatorHelmChartContainer - [local-hivemq-1] [hivemq] [fcbb95bf] + [[ -f /opt/hivemq/extensions/hivemq-enterprise-security-extension/DISABLED ]]
2025-01-29 13:43:02,251 INFO c.h.h.t.OperatorHelmChartContainer - [local-hivemq-1] [hivemq] [fcbb95bf] + was_enabled=0
2025-01-29 13:43:02,251 INFO c.h.h.t.OperatorHelmChartContainer - [local-hivemq-1] [hivemq] [fcbb95bf] + set -e
2025-01-29 13:43:02,251 INFO c.h.h.t.OperatorHelmChartContainer - [local-hivemq-1] [hivemq] [fcbb95bf] + [[ preinstalled != \p\r\e\i\n\s\t\a\l\l\e\d ]]
2025-01-29 13:43:02,251 INFO c.h.h.t.OperatorHelmChartContainer - [local-hivemq-1] [hivemq] [fcbb95bf] + [[ false == \f\a\l\s\e ]]
2025-01-29 13:43:02,251 INFO c.h.h.t.OperatorHelmChartContainer - [local-hivemq-1] [hivemq] [fcbb95bf] + touch /opt/hivemq/extensions/hivemq-enterprise-security-extension/DISABLED
2025-01-29 13:43:02,251 INFO c.h.h.t.OperatorHelmChartContainer - [local-hivemq-1] [hivemq] [fcbb95bf] + was_enabled=0
2025-01-29 13:43:02,251 INFO c.h.h.t.OperatorHelmChartContainer - [local-hivemq-1] [hivemq] [fcbb95bf] + [[ preinstalled != \p\r\e\i\n\s\t\a\l\l\e\d ]]
2025-01-29 13:43:02,252 INFO c.h.h.t.OperatorHelmChartContainer - [local-hivemq-1] [hivemq] [fcbb95bf] + /opt/hivemq/bin/run_initialization.sh hivemq-enterprise-security-extension
2025-01-29 13:43:02,252 INFO c.h.h.t.OperatorHelmChartContainer - [local-hivemq-1] [hivemq] [fcbb95bf] + EXTENSION_NAME=hivemq-enterprise-security-extension
2025-01-29 13:43:02,252 INFO c.h.h.t.OperatorHelmChartContainer - [local-hivemq-1] [hivemq] [fcbb95bf] + TARGET_DIR=/opt/hivemq/extensions/hivemq-enterprise-security-extension
2025-01-29 13:43:02,252 INFO c.h.h.t.OperatorHelmChartContainer - [local-hivemq-1] [hivemq] [fcbb95bf] + cd /opt/hivemq/extensions/hivemq-enterprise-security-extension
2025-01-29 13:43:02,252 INFO c.h.h.t.OperatorHelmChartContainer - [local-hivemq-1] [hivemq] [fcbb95bf] + [[ -f init_tmp ]]
2025-01-29 13:43:02,252 INFO c.h.h.t.OperatorHelmChartContainer - [local-hivemq-1] [hivemq] [fcbb95bf] + [[ -f /etc/podinfo/init-extension-hivemq-enterprise-security-extension ]]
2025-01-29 13:43:02,252 INFO c.h.h.t.OperatorHelmChartContainer - [local-hivemq-1] [hivemq] [fcbb95bf] + echo 'Using init script from config map'
2025-01-29 13:43:02,252 INFO c.h.h.t.OperatorHelmChartContainer - [local-hivemq-1] [hivemq] [fcbb95bf] + cat /etc/podinfo/init-extension-hivemq-enterprise-security-extension
2025-01-29 13:43:02,252 INFO c.h.h.t.OperatorHelmChartContainer - [local-hivemq-1] [hivemq] [fcbb95bf] Using init script from config map
2025-01-29 13:43:02,252 INFO c.h.h.t.OperatorHelmChartContainer - [local-hivemq-1] [hivemq] [fcbb95bf] + echo 'Executing initialization script'
2025-01-29 13:43:02,252 INFO c.h.h.t.OperatorHelmChartContainer - [local-hivemq-1] [hivemq] [fcbb95bf] + chmod +x init
2025-01-29 13:43:02,252 INFO c.h.h.t.OperatorHelmChartContainer - [local-hivemq-1] [hivemq] [fcbb95bf] Executing initialization script
2025-01-29 13:43:02,252 INFO c.h.h.t.OperatorHelmChartContainer - [local-hivemq-1] [hivemq] [fcbb95bf] + ./init
2025-01-29 13:43:02,252 INFO c.h.h.t.OperatorHelmChartContainer - [local-hivemq-1] [hivemq] [fcbb95bf]   % Total    % Received % Xferd  Average Speed   Time    Time     Time  Current
2025-01-29 13:43:02,252 INFO c.h.h.t.OperatorHelmChartContainer - [local-hivemq-1] [hivemq] [fcbb95bf]                                  Dload  Upload   Total   Spent    Left  Speed
2025-01-29 13:43:02,252 INFO c.h.h.t.OperatorHelmChartContainer - [local-hivemq-1] [hivemq] [fcbb95bf] 
2025-01-29 13:43:02,252 INFO c.h.h.t.OperatorHelmChartContainer - [local-hivemq-1] [hivemq] [fcbb95bf]   0     0    0     0    0     0      0      0 --:--:-- --:--:-- --:--:--     0
2025-01-29 13:43:02,252 INFO c.h.h.t.OperatorHelmChartContainer - [local-hivemq-1] [hivemq] [fcbb95bf]   0     0    0     0    0     0      0      0 --:--:-- --:--:-- --:--:--     0
2025-01-29 13:43:02,252 INFO c.h.h.t.OperatorHelmChartContainer - [local-hivemq-1] [hivemq] [fcbb95bf] 100  910k  100  910k    0     0  1670k      0 --:--:-- --:--:-- --:--:-- 1668k
2025-01-29 13:43:02,252 INFO c.h.h.t.OperatorHelmChartContainer - [local-hivemq-1] [hivemq] [fcbb95bf] Installing extension #4 with name: hivemq-distributed-tracing-extension, URI: preinstalled, enabled state: false
2025-01-29 13:43:02,252 INFO c.h.h.t.OperatorHelmChartContainer - [local-hivemq-1] [hivemq] [fcbb95bf] + [[ 3 != 3 ]]
2025-01-29 13:43:02,252 INFO c.h.h.t.OperatorHelmChartContainer - [local-hivemq-1] [hivemq] [fcbb95bf] + EXTENSION_URI=preinstalled
2025-01-29 13:43:02,252 INFO c.h.h.t.OperatorHelmChartContainer - [local-hivemq-1] [hivemq] [fcbb95bf] + EXTENSION_NAME=hivemq-distributed-tracing-extension
2025-01-29 13:43:02,252 INFO c.h.h.t.OperatorHelmChartContainer - [local-hivemq-1] [hivemq] [fcbb95bf] + TARGET_STATE=false
2025-01-29 13:43:02,252 INFO c.h.h.t.OperatorHelmChartContainer - [local-hivemq-1] [hivemq] [fcbb95bf] + TARGET_DIR=/opt/hivemq/extensions/hivemq-distributed-tracing-extension
2025-01-29 13:43:02,252 INFO c.h.h.t.OperatorHelmChartContainer - [local-hivemq-1] [hivemq] [fcbb95bf] ++ mktemp -d
2025-01-29 13:43:02,252 INFO c.h.h.t.OperatorHelmChartContainer - [local-hivemq-1] [hivemq] [fcbb95bf] + install_dir=/tmp/tmp.tBLGJ4Puf0
2025-01-29 13:43:02,252 INFO c.h.h.t.OperatorHelmChartContainer - [local-hivemq-1] [hivemq] [fcbb95bf] + set +e
2025-01-29 13:43:02,253 INFO c.h.h.t.OperatorHelmChartContainer - [local-hivemq-1] [hivemq] [fcbb95bf] + [[ -f /opt/hivemq/extensions/hivemq-distributed-tracing-extension/DISABLED ]]
2025-01-29 13:43:02,253 INFO c.h.h.t.OperatorHelmChartContainer - [local-hivemq-1] [hivemq] [fcbb95bf] + was_enabled=0
2025-01-29 13:43:02,254 INFO c.h.h.t.OperatorHelmChartContainer - [local-hivemq-1] [hivemq] [fcbb95bf] + set -e
2025-01-29 13:43:02,254 INFO c.h.h.t.OperatorHelmChartContainer - [local-hivemq-1] [hivemq] [fcbb95bf] + [[ preinstalled != \p\r\e\i\n\s\t\a\l\l\e\d ]]
2025-01-29 13:43:02,254 INFO c.h.h.t.OperatorHelmChartContainer - [local-hivemq-1] [hivemq] [fcbb95bf] + [[ false == \f\a\l\s\e ]]
2025-01-29 13:43:02,254 INFO c.h.h.t.OperatorHelmChartContainer - [local-hivemq-1] [hivemq] [fcbb95bf] + touch /opt/hivemq/extensions/hivemq-distributed-tracing-extension/DISABLED
2025-01-29 13:43:02,254 INFO c.h.h.t.OperatorHelmChartContainer - [local-hivemq-1] [hivemq] [fcbb95bf] + was_enabled=0
2025-01-29 13:43:02,254 INFO c.h.h.t.OperatorHelmChartContainer - [local-hivemq-1] [hivemq] [fcbb95bf] + [[ preinstalled != \p\r\e\i\n\s\t\a\l\l\e\d ]]
2025-01-29 13:43:02,254 INFO c.h.h.t.OperatorHelmChartContainer - [local-hivemq-1] [hivemq] [fcbb95bf] + /opt/hivemq/bin/run_initialization.sh hivemq-distributed-tracing-extension
2025-01-29 13:43:02,254 INFO c.h.h.t.OperatorHelmChartContainer - [local-hivemq-1] [hivemq] [fcbb95bf] + EXTENSION_NAME=hivemq-distributed-tracing-extension
2025-01-29 13:43:02,254 INFO c.h.h.t.OperatorHelmChartContainer - [local-hivemq-1] [hivemq] [fcbb95bf] + TARGET_DIR=/opt/hivemq/extensions/hivemq-distributed-tracing-extension
2025-01-29 13:43:02,254 INFO c.h.h.t.OperatorHelmChartContainer - [local-hivemq-1] [hivemq] [fcbb95bf] + cd /opt/hivemq/extensions/hivemq-distributed-tracing-extension
2025-01-29 13:43:02,254 INFO c.h.h.t.OperatorHelmChartContainer - [local-hivemq-1] [hivemq] [fcbb95bf] + [[ -f init_tmp ]]
2025-01-29 13:43:02,254 INFO c.h.h.t.OperatorHelmChartContainer - [local-hivemq-1] [hivemq] [fcbb95bf] + [[ -f /etc/podinfo/init-extension-hivemq-distributed-tracing-extension ]]
2025-01-29 13:43:02,254 INFO c.h.h.t.OperatorHelmChartContainer - [local-hivemq-1] [hivemq] [fcbb95bf] Installing extension #5 with name: hivemq-amazon-kinesis-extension, URI: preinstalled, enabled state: false
2025-01-29 13:43:02,254 INFO c.h.h.t.OperatorHelmChartContainer - [local-hivemq-1] [hivemq] [fcbb95bf] + [[ 3 != 3 ]]
2025-01-29 13:43:02,254 INFO c.h.h.t.OperatorHelmChartContainer - [local-hivemq-1] [hivemq] [fcbb95bf] + EXTENSION_URI=preinstalled
2025-01-29 13:43:02,254 INFO c.h.h.t.OperatorHelmChartContainer - [local-hivemq-1] [hivemq] [fcbb95bf] + EXTENSION_NAME=hivemq-amazon-kinesis-extension
2025-01-29 13:43:02,254 INFO c.h.h.t.OperatorHelmChartContainer - [local-hivemq-1] [hivemq] [fcbb95bf] + TARGET_STATE=false
2025-01-29 13:43:02,254 INFO c.h.h.t.OperatorHelmChartContainer - [local-hivemq-1] [hivemq] [fcbb95bf] + TARGET_DIR=/opt/hivemq/extensions/hivemq-amazon-kinesis-extension
2025-01-29 13:43:02,254 INFO c.h.h.t.OperatorHelmChartContainer - [local-hivemq-1] [hivemq] [fcbb95bf] ++ mktemp -d
2025-01-29 13:43:02,254 INFO c.h.h.t.OperatorHelmChartContainer - [local-hivemq-1] [hivemq] [fcbb95bf] + install_dir=/tmp/tmp.DpMzRDUqd4
2025-01-29 13:43:02,254 INFO c.h.h.t.OperatorHelmChartContainer - [local-hivemq-1] [hivemq] [fcbb95bf] + set +e
2025-01-29 13:43:02,254 INFO c.h.h.t.OperatorHelmChartContainer - [local-hivemq-1] [hivemq] [fcbb95bf] + [[ -f /opt/hivemq/extensions/hivemq-amazon-kinesis-extension/DISABLED ]]
2025-01-29 13:43:02,254 INFO c.h.h.t.OperatorHelmChartContainer - [local-hivemq-1] [hivemq] [fcbb95bf] + was_enabled=0
2025-01-29 13:43:02,254 INFO c.h.h.t.OperatorHelmChartContainer - [local-hivemq-1] [hivemq] [fcbb95bf] + set -e
2025-01-29 13:43:02,254 INFO c.h.h.t.OperatorHelmChartContainer - [local-hivemq-1] [hivemq] [fcbb95bf] + [[ preinstalled != \p\r\e\i\n\s\t\a\l\l\e\d ]]
2025-01-29 13:43:02,254 INFO c.h.h.t.OperatorHelmChartContainer - [local-hivemq-1] [hivemq] [fcbb95bf] + [[ false == \f\a\l\s\e ]]
2025-01-29 13:43:02,254 INFO c.h.h.t.OperatorHelmChartContainer - [local-hivemq-1] [hivemq] [fcbb95bf] + touch /opt/hivemq/extensions/hivemq-amazon-kinesis-extension/DISABLED
2025-01-29 13:43:02,254 INFO c.h.h.t.OperatorHelmChartContainer - [local-hivemq-1] [hivemq] [fcbb95bf] + was_enabled=0
2025-01-29 13:43:02,254 INFO c.h.h.t.OperatorHelmChartContainer - [local-hivemq-1] [hivemq] [fcbb95bf] + [[ preinstalled != \p\r\e\i\n\s\t\a\l\l\e\d ]]
2025-01-29 13:43:02,254 INFO c.h.h.t.OperatorHelmChartContainer - [local-hivemq-1] [hivemq] [fcbb95bf] + /opt/hivemq/bin/run_initialization.sh hivemq-amazon-kinesis-extension
2025-01-29 13:43:02,254 INFO c.h.h.t.OperatorHelmChartContainer - [local-hivemq-1] [hivemq] [fcbb95bf] + EXTENSION_NAME=hivemq-amazon-kinesis-extension
2025-01-29 13:43:02,254 INFO c.h.h.t.OperatorHelmChartContainer - [local-hivemq-1] [hivemq] [fcbb95bf] + TARGET_DIR=/opt/hivemq/extensions/hivemq-amazon-kinesis-extension
2025-01-29 13:43:02,254 INFO c.h.h.t.OperatorHelmChartContainer - [local-hivemq-1] [hivemq] [fcbb95bf] + cd /opt/hivemq/extensions/hivemq-amazon-kinesis-extension
2025-01-29 13:43:02,254 INFO c.h.h.t.OperatorHelmChartContainer - [local-hivemq-1] [hivemq] [fcbb95bf] + [[ -f init_tmp ]]
2025-01-29 13:43:02,254 INFO c.h.h.t.OperatorHelmChartContainer - [local-hivemq-1] [hivemq] [fcbb95bf] + [[ -f /etc/podinfo/init-extension-hivemq-amazon-kinesis-extension ]]
2025-01-29 13:43:02,254 INFO c.h.h.t.OperatorHelmChartContainer - [local-hivemq-1] [hivemq] [fcbb95bf] -------------------------------------------------------------------------
2025-01-29 13:43:02,254 INFO c.h.h.t.OperatorHelmChartContainer - [local-hivemq-1] [hivemq] [fcbb95bf] 
2025-01-29 13:43:02,254 INFO c.h.h.t.OperatorHelmChartContainer - [local-hivemq-1] [hivemq] [fcbb95bf]                   _    _  _              __  __   ____
2025-01-29 13:43:02,254 INFO c.h.h.t.OperatorHelmChartContainer - [local-hivemq-1] [hivemq] [fcbb95bf]                  | |  | |(_)            |  \/  | / __ \
2025-01-29 13:43:02,254 INFO c.h.h.t.OperatorHelmChartContainer - [local-hivemq-1] [hivemq] [fcbb95bf]                  | |__| | _ __   __ ___ | \  / || |  | |
2025-01-29 13:43:02,257 INFO c.h.h.t.OperatorHelmChartContainer - [local-hivemq-1] [hivemq] [fcbb95bf]                  |  __  || |\ \ / // _ \| |\/| || |  | |
2025-01-29 13:43:02,257 INFO c.h.h.t.OperatorHelmChartContainer - [local-hivemq-1] [hivemq] [fcbb95bf]                  | |  | || | \ V /|  __/| |  | || |__| |
2025-01-29 13:43:02,257 INFO c.h.h.t.OperatorHelmChartContainer - [local-hivemq-1] [hivemq] [fcbb95bf]                  |_|  |_||_|  \_/  \___||_|  |_| \___\_\
2025-01-29 13:43:02,257 INFO c.h.h.t.OperatorHelmChartContainer - [local-hivemq-1] [hivemq] [fcbb95bf] 
2025-01-29 13:43:02,257 INFO c.h.h.t.OperatorHelmChartContainer - [local-hivemq-1] [hivemq] [fcbb95bf] -------------------------------------------------------------------------
2025-01-29 13:43:02,257 INFO c.h.h.t.OperatorHelmChartContainer - [local-hivemq-1] [hivemq] [fcbb95bf] 
2025-01-29 13:43:02,257 INFO c.h.h.t.OperatorHelmChartContainer - [local-hivemq-1] [hivemq] [fcbb95bf]   HiveMQ Start Script for Linux/Unix v1.14
2025-01-29 13:43:02,257 INFO c.h.h.t.OperatorHelmChartContainer - [local-hivemq-1] [hivemq] [fcbb95bf] 
2025-01-29 13:43:02,257 INFO c.h.h.t.OperatorHelmChartContainer - [local-hivemq-1] [hivemq] [fcbb95bf] -------------------------------------------------------------------------
2025-01-29 13:43:02,257 INFO c.h.h.t.OperatorHelmChartContainer - [local-hivemq-1] [hivemq] [fcbb95bf] 
2025-01-29 13:43:02,257 INFO c.h.h.t.OperatorHelmChartContainer - [local-hivemq-1] [hivemq] [fcbb95bf]   HIVEMQ_HOME: /opt/hivemq
2025-01-29 13:43:02,257 INFO c.h.h.t.OperatorHelmChartContainer - [local-hivemq-1] [hivemq] [fcbb95bf] 
2025-01-29 13:43:02,257 INFO c.h.h.t.OperatorHelmChartContainer - [local-hivemq-1] [hivemq] [fcbb95bf]   JAVA_OPTS: -XX:+UnlockExperimentalVMOptions -XX:InitialRAMPercentage=40 -XX:MaxRAMPercentage=50 -XX:MinRAMPercentage=30 -Djava.net.preferIPv4Stack=true --add-opens java.base/java.lang=ALL-UNNAMED --add-opens java.base/java.nio=ALL-UNNAMED --add-opens java.base/sun.nio.ch=ALL-UNNAMED --add-opens jdk.management/com.sun.management.internal=ALL-UNNAMED --add-exports java.base/jdk.internal.misc=ALL-UNNAMED -Djava.security.egd=file:/dev/./urandom -Dcom.sun.management.jmxremote -Dcom.sun.management.jmxremote.port=9010 -Dcom.sun.management.jmxremote.local.only=false -Dcom.sun.management.jmxremote.authenticate=false -Dcom.sun.management.jmxremote.ssl=false -Duser.language=en -Duser.region=US -XX:+CrashOnOutOfMemoryError -XX:+HeapDumpOnOutOfMemoryError
2025-01-29 13:43:02,257 INFO c.h.h.t.OperatorHelmChartContainer - [local-hivemq-1] [hivemq] [fcbb95bf] 
2025-01-29 13:43:02,257 INFO c.h.h.t.OperatorHelmChartContainer - [local-hivemq-1] [hivemq] [fcbb95bf]   JAVA_VERSION: 21
2025-01-29 13:43:02,257 INFO c.h.h.t.OperatorHelmChartContainer - [local-hivemq-1] [hivemq] [fcbb95bf] 
2025-01-29 13:43:02,257 INFO c.h.h.t.OperatorHelmChartContainer - [local-hivemq-1] [hivemq] [fcbb95bf] -------------------------------------------------------------------------
2025-01-29 13:43:02,257 INFO c.h.h.t.OperatorHelmChartContainer - [local-hivemq-1] [hivemq] [fcbb95bf] 
2025-01-29 13:43:03,324 INFO c.h.h.t.OperatorHelmChartContainer - [local-hivemq-0] [hivemq] [39fa9bca] DEBUG - HiveMQ DNS Cluster Discovery Extension: Discovered new address '10.42.0.9'.
2025-01-29 13:43:04,486 INFO c.h.h.t.OperatorHelmChartContainer - [local-hivemq-1] [hivemq] [fcbb95bf] INFO  - Starting HiveMQ Enterprise Server
2025-01-29 13:43:04,492 INFO c.h.h.t.OperatorHelmChartContainer - [local-hivemq-1] [hivemq] [fcbb95bf] INFO  - HiveMQ version: 4.36.0
2025-01-29 13:43:04,492 INFO c.h.h.t.OperatorHelmChartContainer - [local-hivemq-1] [hivemq] [fcbb95bf] INFO  - HiveMQ home directory: /opt/hivemq
2025-01-29 13:43:04,493 INFO c.h.h.t.OperatorHelmChartContainer - [local-hivemq-1] [hivemq] [fcbb95bf] INFO  - Log Configuration was overridden by /opt/hivemq/conf/logback.xml
2025-01-29 13:43:05,808 INFO c.h.h.t.OperatorHelmChartContainer - [local-hivemq-1] [hivemq] [fcbb95bf] DEBUG - Adding TCP Listener on bind address 0.0.0.0 and port 1883. Name: tcp-listener-1883. Proxy Protocol supported: false
2025-01-29 13:43:05,809 INFO c.h.h.t.OperatorHelmChartContainer - [local-hivemq-1] [hivemq] [fcbb95bf] DEBUG - Setting retained messages enabled to true
2025-01-29 13:43:05,809 INFO c.h.h.t.OperatorHelmChartContainer - [local-hivemq-1] [hivemq] [fcbb95bf] DEBUG - Setting wildcard subscriptions enabled to true
2025-01-29 13:43:05,886 INFO c.h.h.t.OperatorHelmChartContainer - [local-hivemq-1] [hivemq] [fcbb95bf] DEBUG - Setting subscription identifier enabled to true
2025-01-29 13:43:05,886 INFO c.h.h.t.OperatorHelmChartContainer - [local-hivemq-1] [hivemq] [fcbb95bf] DEBUG - Setting shared subscriptions enabled to true
2025-01-29 13:43:05,886 INFO c.h.h.t.OperatorHelmChartContainer - [local-hivemq-1] [hivemq] [fcbb95bf] DEBUG - Setting maximum qos to EXACTLY_ONCE 
2025-01-29 13:43:05,886 INFO c.h.h.t.OperatorHelmChartContainer - [local-hivemq-1] [hivemq] [fcbb95bf] DEBUG - Setting topic alias enabled to true
2025-01-29 13:43:05,886 INFO c.h.h.t.OperatorHelmChartContainer - [local-hivemq-1] [hivemq] [fcbb95bf] DEBUG - Setting topic alias maximum per client to 5
2025-01-29 13:43:05,886 INFO c.h.h.t.OperatorHelmChartContainer - [local-hivemq-1] [hivemq] [fcbb95bf] DEBUG - Setting the number of max queued messages  per client to 1000 entries
2025-01-29 13:43:05,889 INFO c.h.h.t.OperatorHelmChartContainer - [local-hivemq-1] [hivemq] [fcbb95bf] DEBUG - Setting queued messages strategy for each client to DISCARD
2025-01-29 13:43:05,889 INFO c.h.h.t.OperatorHelmChartContainer - [local-hivemq-1] [hivemq] [fcbb95bf] DEBUG - Setting the expiry interval for client sessions to 4294967295 seconds
2025-01-29 13:43:05,889 INFO c.h.h.t.OperatorHelmChartContainer - [local-hivemq-1] [hivemq] [fcbb95bf] DEBUG - Setting the expiry interval for publish messages to 4294967296 seconds
2025-01-29 13:43:05,891 INFO c.h.h.t.OperatorHelmChartContainer - [local-hivemq-1] [hivemq] [fcbb95bf] DEBUG - Setting the server receive maximum to 10
2025-01-29 13:43:05,891 INFO c.h.h.t.OperatorHelmChartContainer - [local-hivemq-1] [hivemq] [fcbb95bf] DEBUG - Setting keep alive maximum to 65535 seconds
2025-01-29 13:43:05,891 INFO c.h.h.t.OperatorHelmChartContainer - [local-hivemq-1] [hivemq] [fcbb95bf] DEBUG - Setting keep alive allow zero to true
2025-01-29 13:43:05,891 INFO c.h.h.t.OperatorHelmChartContainer - [local-hivemq-1] [hivemq] [fcbb95bf] DEBUG - Setting the maximum packet size for mqtt messages 268435460 bytes
2025-01-29 13:43:05,891 INFO c.h.h.t.OperatorHelmChartContainer - [local-hivemq-1] [hivemq] [fcbb95bf] DEBUG - Setting global maximum allowed connections to -1
2025-01-29 13:43:05,891 INFO c.h.h.t.OperatorHelmChartContainer - [local-hivemq-1] [hivemq] [fcbb95bf] DEBUG - Setting the maximum client id length to 65535
2025-01-29 13:43:05,891 INFO c.h.h.t.OperatorHelmChartContainer - [local-hivemq-1] [hivemq] [fcbb95bf] DEBUG - Setting the timeout for disconnecting idle tcp connections before a connect message was received to 10000 milliseconds
2025-01-29 13:43:05,891 INFO c.h.h.t.OperatorHelmChartContainer - [local-hivemq-1] [hivemq] [fcbb95bf] DEBUG - Throttling the global incoming traffic limit 0 bytes/second
2025-01-29 13:43:05,891 INFO c.h.h.t.OperatorHelmChartContainer - [local-hivemq-1] [hivemq] [fcbb95bf] DEBUG - Setting the maximum topic length to 65535
2025-01-29 13:43:05,891 INFO c.h.h.t.OperatorHelmChartContainer - [local-hivemq-1] [hivemq] [fcbb95bf] DEBUG - Setting allow server assigned client identifier to true
2025-01-29 13:43:05,891 INFO c.h.h.t.OperatorHelmChartContainer - [local-hivemq-1] [hivemq] [fcbb95bf] DEBUG - Setting validate UTF-8 to true
2025-01-29 13:43:05,891 INFO c.h.h.t.OperatorHelmChartContainer - [local-hivemq-1] [hivemq] [fcbb95bf] DEBUG - Setting payload format validation to false
2025-01-29 13:43:05,891 INFO c.h.h.t.OperatorHelmChartContainer - [local-hivemq-1] [hivemq] [fcbb95bf] DEBUG - Setting allow-problem-information to true
2025-01-29 13:43:05,891 INFO c.h.h.t.OperatorHelmChartContainer - [local-hivemq-1] [hivemq] [fcbb95bf] DEBUG - Setting control-center audit log enabled to true
2025-01-29 13:43:05,891 INFO c.h.h.t.OperatorHelmChartContainer - [local-hivemq-1] [hivemq] [fcbb95bf] DEBUG - Setting rest-api audit log enabled to true
2025-01-29 13:43:05,891 INFO c.h.h.t.OperatorHelmChartContainer - [local-hivemq-1] [hivemq] [fcbb95bf] DEBUG - Setting HiveMQ Control Center enabled to true 
2025-01-29 13:43:05,891 INFO c.h.h.t.OperatorHelmChartContainer - [local-hivemq-1] [hivemq] [fcbb95bf] DEBUG - Setting HiveMQ Control Center default login enabled to true 
2025-01-29 13:43:05,891 INFO c.h.h.t.OperatorHelmChartContainer - [local-hivemq-1] [hivemq] [fcbb95bf] DEBUG - Setting HiveMQ Control Center session idle time to 14400 seconds
2025-01-29 13:43:05,891 INFO c.h.h.t.OperatorHelmChartContainer - [local-hivemq-1] [hivemq] [fcbb95bf] DEBUG - Adding Http-Listener to HiveMQ Control Center Config
2025-01-29 13:43:05,891 INFO c.h.h.t.OperatorHelmChartContainer - [local-hivemq-1] [hivemq] [fcbb95bf] DEBUG - Set TLS to disabled for cluster TCP transport
2025-01-29 13:43:05,904 INFO c.h.h.t.OperatorHelmChartContainer - [local-hivemq-1] [hivemq] [fcbb95bf] DEBUG - Setting replica count to 2 
2025-01-29 13:43:05,904 INFO c.h.h.t.OperatorHelmChartContainer - [local-hivemq-1] [hivemq] [fcbb95bf] DEBUG - Setting cluster TCP health-check enabled
2025-01-29 13:43:05,904 INFO c.h.h.t.OperatorHelmChartContainer - [local-hivemq-1] [hivemq] [fcbb95bf] DEBUG - Setting cluster TCP health-check bind-address to 10.42.0.9
2025-01-29 13:43:05,904 INFO c.h.h.t.OperatorHelmChartContainer - [local-hivemq-1] [hivemq] [fcbb95bf] DEBUG - Setting cluster TCP health-check bind-address to 9000
2025-01-29 13:43:05,904 INFO c.h.h.t.OperatorHelmChartContainer - [local-hivemq-1] [hivemq] [fcbb95bf] DEBUG - Setting cluster TCP health-check bind-port to 9000
2025-01-29 13:43:05,904 INFO c.h.h.t.OperatorHelmChartContainer - [local-hivemq-1] [hivemq] [fcbb95bf] DEBUG - Setting cluster TCP health-check external-address to default
2025-01-29 13:43:05,904 INFO c.h.h.t.OperatorHelmChartContainer - [local-hivemq-1] [hivemq] [fcbb95bf] DEBUG - Setting cluster TCP health-check external-port to 0
2025-01-29 13:43:05,904 INFO c.h.h.t.OperatorHelmChartContainer - [local-hivemq-1] [hivemq] [fcbb95bf] DEBUG - Setting cluster heartbeat enabled
2025-01-29 13:43:05,904 INFO c.h.h.t.OperatorHelmChartContainer - [local-hivemq-1] [hivemq] [fcbb95bf] DEBUG - Setting cluster heartbeat interval to 4000 ms
2025-01-29 13:43:05,904 INFO c.h.h.t.OperatorHelmChartContainer - [local-hivemq-1] [hivemq] [fcbb95bf] DEBUG - Setting the cluster heartbeat timeout to 30000 ms
2025-01-29 13:43:05,904 INFO c.h.h.t.OperatorHelmChartContainer - [local-hivemq-1] [hivemq] [fcbb95bf] DEBUG - Setting HiveMQ REST API enabled to false 
2025-01-29 13:43:05,904 INFO c.h.h.t.OperatorHelmChartContainer - [local-hivemq-1] [hivemq] [fcbb95bf] DEBUG - Setting HiveMQ REST API authentication enabled to false 
2025-01-29 13:43:05,904 INFO c.h.h.t.OperatorHelmChartContainer - [local-hivemq-1] [hivemq] [fcbb95bf] DEBUG - Setting HiveMQ Health API enabled to false 
2025-01-29 13:43:05,904 INFO c.h.h.t.OperatorHelmChartContainer - [local-hivemq-1] [hivemq] [fcbb95bf] DEBUG - Setting client event history enabled to false
2025-01-29 13:43:05,904 INFO c.h.h.t.OperatorHelmChartContainer - [local-hivemq-1] [hivemq] [fcbb95bf] DEBUG - Setting client event history lifetime to 604800000 ms
2025-01-29 13:43:05,904 INFO c.h.h.t.OperatorHelmChartContainer - [local-hivemq-1] [hivemq] [fcbb95bf] DEBUG - Setting overload protection enabled to true 
2025-01-29 13:43:05,904 INFO c.h.h.t.OperatorHelmChartContainer - [local-hivemq-1] [hivemq] [fcbb95bf] DEBUG - Setting anonymous usage statistics enabled to false 
2025-01-29 13:43:05,904 INFO c.h.h.t.OperatorHelmChartContainer - [local-hivemq-1] [hivemq] [fcbb95bf] DEBUG - Setting expired messages topic enabled to false
2025-01-29 13:43:05,904 INFO c.h.h.t.OperatorHelmChartContainer - [local-hivemq-1] [hivemq] [fcbb95bf] DEBUG - Setting dropped messages topic enabled to false
2025-01-29 13:43:05,904 INFO c.h.h.t.OperatorHelmChartContainer - [local-hivemq-1] [hivemq] [fcbb95bf] DEBUG - Setting dead messages topic enabled to false
2025-01-29 13:43:05,906 INFO c.h.h.t.OperatorHelmChartContainer - [local-hivemq-1] [hivemq] [fcbb95bf] INFO  - Successfully loaded configuration from '/opt/hivemq/conf/config.xml'.
2025-01-29 13:43:06,202 INFO c.h.h.t.OperatorHelmChartContainer - [local-hivemq-1] [hivemq] [fcbb95bf] DEBUG - Performing sanity checks.
2025-01-29 13:43:06,294 INFO c.h.h.t.OperatorHelmChartContainer - [local-hivemq-1] [hivemq] [fcbb95bf] DEBUG - Soft limit for open files (1048576) satisfies the recommended limit (1000000).
2025-01-29 13:43:06,294 INFO c.h.h.t.OperatorHelmChartContainer - [local-hivemq-1] [hivemq] [fcbb95bf] DEBUG - Hard limit for open files (1048576) satisfies the recommended limit (1000000).
2025-01-29 13:43:06,294 INFO c.h.h.t.OperatorHelmChartContainer - [local-hivemq-1] [hivemq] [fcbb95bf] DEBUG - HiveMQ license directory (/opt/hivemq/license) satisfies all required file-system permissions.
2025-01-29 13:43:06,294 INFO c.h.h.t.OperatorHelmChartContainer - [local-hivemq-1] [hivemq] [fcbb95bf] DEBUG - HiveMQ data directory (/opt/hivemq/data) satisfies all required file-system permissions.
2025-01-29 13:43:06,294 INFO c.h.h.t.OperatorHelmChartContainer - [local-hivemq-1] [hivemq] [fcbb95bf] DEBUG - HiveMQ log directory (/opt/hivemq/log) satisfies all required file-system permissions.
2025-01-29 13:43:06,300 INFO c.h.h.t.OperatorHelmChartContainer - [local-hivemq-1] [hivemq] [fcbb95bf] DEBUG - HiveMQ backup directory (/opt/hivemq/backup) satisfies all required file-system permissions.
2025-01-29 13:43:06,300 INFO c.h.h.t.OperatorHelmChartContainer - [local-hivemq-1] [hivemq] [fcbb95bf] DEBUG - HiveMQ audit directory (/opt/hivemq/audit) satisfies all required file-system permissions.
2025-01-29 13:43:06,300 INFO c.h.h.t.OperatorHelmChartContainer - [local-hivemq-1] [hivemq] [fcbb95bf] DEBUG - HiveMQ extensions directory (/opt/hivemq/extensions) satisfies all required file-system permissions.
2025-01-29 13:43:06,300 INFO c.h.h.t.OperatorHelmChartContainer - [local-hivemq-1] [hivemq] [fcbb95bf] DEBUG - Extension directory hivemq-allow-all-extension (/opt/hivemq/extensions/hivemq-allow-all-extension) satisfies all required file-system permissions.
2025-01-29 13:43:06,302 INFO c.h.h.t.OperatorHelmChartContainer - [local-hivemq-1] [hivemq] [fcbb95bf] DEBUG - Extension directory hivemq-google-cloud-pubsub-extension (/opt/hivemq/extensions/hivemq-google-cloud-pubsub-extension) satisfies all required file-system permissions.
2025-01-29 13:43:06,302 INFO c.h.h.t.OperatorHelmChartContainer - [local-hivemq-1] [hivemq] [fcbb95bf] DEBUG - Extension directory hivemq-enterprise-security-extension (/opt/hivemq/extensions/hivemq-enterprise-security-extension) satisfies all required file-system permissions.
2025-01-29 13:43:06,303 INFO c.h.h.t.OperatorHelmChartContainer - [local-hivemq-1] [hivemq] [fcbb95bf] DEBUG - Extension directory hivemq-bridge-extension (/opt/hivemq/extensions/hivemq-bridge-extension) satisfies all required file-system permissions.
2025-01-29 13:43:06,303 INFO c.h.h.t.OperatorHelmChartContainer - [local-hivemq-1] [hivemq] [fcbb95bf] DEBUG - Extension directory hivemq-kafka-extension (/opt/hivemq/extensions/hivemq-kafka-extension) satisfies all required file-system permissions.
2025-01-29 13:43:06,303 INFO c.h.h.t.OperatorHelmChartContainer - [local-hivemq-1] [hivemq] [fcbb95bf] DEBUG - Extension directory hivemq-distributed-tracing-extension (/opt/hivemq/extensions/hivemq-distributed-tracing-extension) satisfies all required file-system permissions.
2025-01-29 13:43:06,303 INFO c.h.h.t.OperatorHelmChartContainer - [local-hivemq-1] [hivemq] [fcbb95bf] DEBUG - Extension directory hivemq-prometheus-extension (/opt/hivemq/extensions/hivemq-prometheus-extension) satisfies all required file-system permissions.
2025-01-29 13:43:06,303 INFO c.h.h.t.OperatorHelmChartContainer - [local-hivemq-1] [hivemq] [fcbb95bf] DEBUG - Extension directory hivemq-amazon-kinesis-extension (/opt/hivemq/extensions/hivemq-amazon-kinesis-extension) satisfies all required file-system permissions.
2025-01-29 13:43:06,303 INFO c.h.h.t.OperatorHelmChartContainer - [local-hivemq-1] [hivemq] [fcbb95bf] DEBUG - Extension directory hivemq-k8s-sync-extension (/opt/hivemq/extensions/hivemq-k8s-sync-extension) satisfies all required file-system permissions.
2025-01-29 13:43:06,303 INFO c.h.h.t.OperatorHelmChartContainer - [local-hivemq-1] [hivemq] [fcbb95bf] DEBUG - Extension directory hivemq-dns-cluster-discovery (/opt/hivemq/extensions/hivemq-dns-cluster-discovery) satisfies all required file-system permissions.
2025-01-29 13:43:06,303 INFO c.h.h.t.OperatorHelmChartContainer - [local-hivemq-1] [hivemq] [fcbb95bf] DEBUG - Extension directory hivemq-snowflake-extension (/opt/hivemq/extensions/hivemq-snowflake-extension) satisfies all required file-system permissions.
2025-01-29 13:43:06,303 INFO c.h.h.t.OperatorHelmChartContainer - [local-hivemq-1] [hivemq] [fcbb95bf] DEBUG - Extension directory hivemq-postgresql-extension (/opt/hivemq/extensions/hivemq-postgresql-extension) satisfies all required file-system permissions.
2025-01-29 13:43:06,303 INFO c.h.h.t.OperatorHelmChartContainer - [local-hivemq-1] [hivemq] [fcbb95bf] DEBUG - Extension directory hivemq-mysql-extension (/opt/hivemq/extensions/hivemq-mysql-extension) satisfies all required file-system permissions.
2025-01-29 13:43:06,303 INFO c.h.h.t.OperatorHelmChartContainer - [local-hivemq-1] [hivemq] [fcbb95bf] DEBUG - Extension directory hivemq-mongodb-extension (/opt/hivemq/extensions/hivemq-mongodb-extension) satisfies all required file-system permissions.
2025-01-29 13:43:06,303 INFO c.h.h.t.OperatorHelmChartContainer - [local-hivemq-1] [hivemq] [fcbb95bf] DEBUG - Extension directory hivemq-data-lake-extension (/opt/hivemq/extensions/hivemq-data-lake-extension) satisfies all required file-system permissions.
2025-01-29 13:43:06,303 INFO c.h.h.t.OperatorHelmChartContainer - [local-hivemq-1] [hivemq] [fcbb95bf] DEBUG - Extension directory hivemq-microsoft-sql-server-extension (/opt/hivemq/extensions/hivemq-microsoft-sql-server-extension) satisfies all required file-system permissions.
2025-01-29 13:43:06,303 INFO c.h.h.t.OperatorHelmChartContainer - [local-hivemq-1] [hivemq] [fcbb95bf] DEBUG - Temporary directory (/tmp) satisfies all required file-system permissions.
2025-01-29 13:43:06,303 INFO c.h.h.t.OperatorHelmChartContainer - [local-hivemq-1] [hivemq] [fcbb95bf] DEBUG - Heap dump directory (/opt/hivemq/dumps) satisfies all required file-system permissions.
2025-01-29 13:43:06,303 INFO c.h.h.t.OperatorHelmChartContainer - [local-hivemq-1] [hivemq] [fcbb95bf] DEBUG - Performed all sanity checks in 97ms. All sanity checks passed successfully.
2025-01-29 13:43:06,303 INFO c.h.h.t.OperatorHelmChartContainer - [local-hivemq-1] [hivemq] [fcbb95bf] INFO  - This node's ID is 8AXPy
2025-01-29 13:43:06,303 INFO c.h.h.t.OperatorHelmChartContainer - [local-hivemq-1] [hivemq] [fcbb95bf] INFO  - Clustering is enabled
2025-01-29 13:43:07,997 INFO c.h.h.t.OperatorHelmChartContainer - [local-hivemq-1] [hivemq] [fcbb95bf] DEBUG - Configured WriteBufferManager with size for memtables 311023370 and for the block cache 466535055
2025-01-29 13:43:07,998 INFO c.h.h.t.OperatorHelmChartContainer - [local-hivemq-1] [hivemq] [fcbb95bf] DEBUG - Starting RocksDBMemoryUsageWatchdog.
2025-01-29 13:43:07,998 INFO c.h.h.t.OperatorHelmChartContainer - [local-hivemq-1] [hivemq] [fcbb95bf] DEBUG - RocksDBMemoryUsageWatchdog is running.
2025-01-29 13:43:08,093 INFO c.h.h.t.OperatorHelmChartContainer - [local-hivemq-1] [hivemq] [fcbb95bf] DEBUG - Folder /opt/hivemq/data/persistence does not exist, trying to create it
2025-01-29 13:43:08,097 INFO c.h.h.t.OperatorHelmChartContainer - [local-hivemq-1] [hivemq] [fcbb95bf] DEBUG - Created folder /opt/hivemq/data
2025-01-29 13:43:08,098 INFO c.h.h.t.OperatorHelmChartContainer - [local-hivemq-1] [hivemq] [fcbb95bf] DEBUG - Folder /opt/hivemq/data/persistence/publish_payload_store/040500_R does not exist, trying to create it
2025-01-29 13:43:08,105 INFO c.h.h.t.OperatorHelmChartContainer - [local-hivemq-1] [hivemq] [fcbb95bf] DEBUG - Folder /opt/hivemq/data/persistence/client_queue/042800_R does not exist, trying to create it
2025-01-29 13:43:08,107 INFO c.h.h.t.OperatorHelmChartContainer - [local-hivemq-1] [hivemq] [fcbb95bf] DEBUG - Folder /opt/hivemq/data/persistence/client_session_store/040100_R does not exist, trying to create it
2025-01-29 13:43:08,186 INFO c.h.h.t.OperatorHelmChartContainer - [local-hivemq-1] [hivemq] [fcbb95bf] DEBUG - Folder /opt/hivemq/data/persistence/client_session_subscriptions/043200_R does not exist, trying to create it
2025-01-29 13:43:08,190 INFO c.h.h.t.OperatorHelmChartContainer - [local-hivemq-1] [hivemq] [fcbb95bf] DEBUG - Folder /opt/hivemq/data/persistence/retained_messages/040800_R does not exist, trying to create it
2025-01-29 13:43:08,192 INFO c.h.h.t.OperatorHelmChartContainer - [local-hivemq-1] [hivemq] [fcbb95bf] DEBUG - Folder /opt/hivemq/data/persistence/incoming_message_flow/043000_R does not exist, trying to create it
2025-01-29 13:43:08,193 INFO c.h.h.t.OperatorHelmChartContainer - [local-hivemq-1] [hivemq] [fcbb95bf] DEBUG - Folder /opt/hivemq/data/persistence/attribute/043100_R does not exist, trying to create it
2025-01-29 13:43:08,401 INFO c.h.h.t.OperatorHelmChartContainer - [EVENT] Warning [Unhealthy] Readiness probe failed: Log statement not present (yet)
 [default:local-hivemq-1]
2025-01-29 13:43:08,403 INFO c.h.h.t.OperatorHelmChartContainer - Received Unhealthy event for container hivemq in pod local-hivemq-1 [fcbb95bf-64a4-411c-b40e-769b42f020f9]
2025-01-29 13:43:08,796 INFO c.h.h.t.OperatorHelmChartContainer - [local-hivemq-1] [hivemq] [fcbb95bf] DEBUG - Folder /opt/hivemq/data/persistence/data_hub_modules/043000_R does not exist, trying to create it
2025-01-29 13:43:08,799 INFO c.h.h.t.OperatorHelmChartContainer - [local-hivemq-1] [hivemq] [fcbb95bf] DEBUG - Folder /opt/hivemq/data/persistence/data_hub_scripts/042300_R does not exist, trying to create it
2025-01-29 13:43:08,800 INFO c.h.h.t.OperatorHelmChartContainer - [local-hivemq-1] [hivemq] [fcbb95bf] DEBUG - Folder /opt/hivemq/data/persistence/data_hub_schemas/042000_R does not exist, trying to create it
2025-01-29 13:43:08,800 INFO c.h.h.t.OperatorHelmChartContainer - [local-hivemq-1] [hivemq] [fcbb95bf] DEBUG - Folder /opt/hivemq/data/persistence/data_hub_policies/042000_R does not exist, trying to create it
2025-01-29 13:43:13,397 INFO c.h.h.t.OperatorHelmChartContainer - [EVENT] Warning [Unhealthy] Readiness probe failed: Log statement not present (yet)
 [default:local-hivemq-1]
2025-01-29 13:43:13,397 INFO c.h.h.t.OperatorHelmChartContainer - Received Unhealthy event for container hivemq in pod local-hivemq-1 [fcbb95bf-64a4-411c-b40e-769b42f020f9]
2025-01-29 13:43:14,103 INFO c.h.h.t.OperatorHelmChartContainer - [local-hivemq-1] [hivemq] [fcbb95bf] DEBUG - Diagnostic mode is disabled
2025-01-29 13:43:15,040 INFO c.h.h.t.OperatorHelmChartContainer - [K3S] [scope.go:117] "RemoveContainer" containerID="5618f5941107e85ac3cf888ca822ec063f18a8176ac0dfd7470ed0e1863fc4cc"
2025-01-29 13:43:18,396 INFO c.h.h.t.OperatorHelmChartContainer - [EVENT] Warning [Unhealthy] Readiness probe failed: Log statement not present (yet)
 [default:local-hivemq-1]
2025-01-29 13:43:18,396 INFO c.h.h.t.OperatorHelmChartContainer - Received Unhealthy event for container hivemq in pod local-hivemq-1 [fcbb95bf-64a4-411c-b40e-769b42f020f9]
2025-01-29 13:43:19,290 INFO c.h.h.t.OperatorHelmChartContainer - [EVENT] Warning [Unhealthy] Liveness probe failed: dial tcp 10.42.0.9:1883: connect: connection refused [default:local-hivemq-1]
2025-01-29 13:43:19,290 INFO c.h.h.t.OperatorHelmChartContainer - Received Unhealthy event for container hivemq in pod local-hivemq-1 [fcbb95bf-64a4-411c-b40e-769b42f020f9]
2025-01-29 13:43:19,814 INFO c.h.h.t.OperatorHelmChartContainer - [local-hivemq-1] [hivemq] [fcbb95bf] INFO  - No valid license file found. Using trial license, restricted to 25 connections.
2025-01-29 13:43:20,295 INFO c.h.h.t.OperatorHelmChartContainer - [local-hivemq-1] [hivemq] [fcbb95bf] DEBUG - Native Epoll is available on this platform
2025-01-29 13:43:20,388 INFO c.h.h.t.OperatorHelmChartContainer - [local-hivemq-1] [hivemq] [fcbb95bf] DEBUG - Set extension executor thread pool size to 1
2025-01-29 13:43:20,388 INFO c.h.h.t.OperatorHelmChartContainer - [local-hivemq-1] [hivemq] [fcbb95bf] DEBUG - Set extension executor thread pool keep-alive to 30 seconds
2025-01-29 13:43:20,393 INFO c.h.h.t.OperatorHelmChartContainer - [local-hivemq-1] [hivemq] [fcbb95bf] DEBUG - initializing RSA key
2025-01-29 13:43:22,004 INFO c.h.h.t.OperatorHelmChartContainer - [local-hivemq-1] [hivemq] [fcbb95bf] DEBUG - finished initializing RSA key in 1610ms
2025-01-29 13:43:23,101 INFO c.h.h.t.OperatorHelmChartContainer - [local-hivemq-1] [hivemq] [fcbb95bf] DEBUG - Unable to provide size and free metrics for disk /dev/sdb: Could not find the corresponding FileStore (OSHI/Java).
2025-01-29 13:43:23,101 INFO c.h.h.t.OperatorHelmChartContainer - [local-hivemq-1] [hivemq] [fcbb95bf] DEBUG - Unable to provide size and free metrics for disk /dev/sda: Could not find the corresponding FileStore (OSHI/Java).
2025-01-29 13:43:23,102 INFO c.h.h.t.OperatorHelmChartContainer - [local-hivemq-1] [hivemq] [fcbb95bf] DEBUG - Throttling incoming traffic to 0 B/s
2025-01-29 13:43:23,102 INFO c.h.h.t.OperatorHelmChartContainer - [local-hivemq-1] [hivemq] [fcbb95bf] DEBUG - Throttling outgoing traffic to 0 B/s
2025-01-29 13:43:23,296 INFO c.h.h.t.OperatorHelmChartContainer - [local-hivemq-1] [hivemq] [fcbb95bf] INFO  - No valid license file for Data Hub found. Using free license, restricted to 1 policy.
2025-01-29 13:43:23,302 INFO c.h.h.t.OperatorHelmChartContainer - [local-hivemq-1] [hivemq] [fcbb95bf] DEBUG - Building initial topic tree
2025-01-29 13:43:23,399 INFO c.h.h.t.OperatorHelmChartContainer - [EVENT] Warning [Unhealthy] Readiness probe failed: Log statement not present (yet)
 [default:local-hivemq-1]
2025-01-29 13:43:23,399 INFO c.h.h.t.OperatorHelmChartContainer - Received Unhealthy event for container hivemq in pod local-hivemq-1 [fcbb95bf-64a4-411c-b40e-769b42f020f9]
2025-01-29 13:43:23,596 INFO c.h.h.t.OperatorHelmChartContainer - [local-hivemq-1] [hivemq] [fcbb95bf] DEBUG - Started JMX Metrics Reporting.
2025-01-29 13:43:23,693 INFO c.h.h.t.OperatorHelmChartContainer - [local-hivemq-1] [hivemq] [fcbb95bf] DEBUG - Registered JVM metrics with prefix com.hivemq.jvm.
2025-01-29 13:43:23,697 INFO c.h.h.t.OperatorHelmChartContainer - [local-hivemq-1] [hivemq] [fcbb95bf] DEBUG - Registered HiveMQ Health API metrics.
2025-01-29 13:43:24,503 INFO c.h.h.t.OperatorHelmChartContainer - [local-hivemq-1] [hivemq] [fcbb95bf] INFO  - Audit Logger started.
2025-01-29 13:43:24,803 INFO c.h.h.t.OperatorHelmChartContainer - [local-hivemq-1] [hivemq] [fcbb95bf] INFO  - This node uses '1' CPU cores.
2025-01-29 13:43:25,389 INFO c.h.h.t.OperatorHelmChartContainer - [local-hivemq-1] [hivemq] [fcbb95bf] INFO  - Starting HiveMQ extension system.
2025-01-29 13:43:25,595 INFO c.h.h.t.OperatorHelmChartContainer - [local-hivemq-1] [hivemq] [fcbb95bf] INFO  - Starting extension with id "hivemq-dns-cluster-discovery" at /opt/hivemq/extensions/hivemq-dns-cluster-discovery
2025-01-29 13:43:25,698 INFO c.h.h.t.OperatorHelmChartContainer - [local-hivemq-1] [hivemq] [fcbb95bf] DEBUG - HiveMQ DNS Cluster Discovery Extension: No DNS server address was set in the configuration file or environment variable.
2025-01-29 13:43:25,789 INFO c.h.h.t.OperatorHelmChartContainer - [local-hivemq-1] [hivemq] [fcbb95bf] DEBUG - HiveMQ DNS Cluster Discovery Extension: No reload interval was set in the configuration file or environment variable. Defaulting to 30.
2025-01-29 13:43:26,289 INFO c.h.h.t.OperatorHelmChartContainer - [local-hivemq-1] [hivemq] [fcbb95bf] INFO  - Extension "DNS Cluster Discovery Extension" version 4.3.3 started successfully.
2025-01-29 13:43:26,289 INFO c.h.h.t.OperatorHelmChartContainer - [local-hivemq-1] [hivemq] [fcbb95bf] INFO  - Starting extension with id "hivemq-k8s-sync-extension" at /opt/hivemq/extensions/hivemq-k8s-sync-extension
2025-01-29 13:43:26,392 INFO c.h.h.t.OperatorHelmChartContainer - [local-hivemq-1] [hivemq] [fcbb95bf] INFO  - Using TCP cluster transport on address 10.42.0.9 and port 7000
2025-01-29 13:43:26,489 INFO c.h.h.t.OperatorHelmChartContainer - [local-hivemq-1] [hivemq] [fcbb95bf] INFO  - Using extension cluster discovery
2025-01-29 13:43:27,286 INFO c.h.h.t.OperatorHelmChartContainer - [local-hivemq-1] [hivemq] [fcbb95bf] DEBUG - Could not get configMap modification timestamp for source /hivemq-data/conf/..data, likely no ConfigMap mounted
2025-01-29 13:43:27,288 INFO c.h.h.t.OperatorHelmChartContainer - [local-hivemq-1] [hivemq] [fcbb95bf] DEBUG - Could not get configMap modification timestamp for source /hivemq-data/extensions/..data, likely no ConfigMap mounted
2025-01-29 13:43:27,289 INFO c.h.h.t.OperatorHelmChartContainer - [local-hivemq-1] [hivemq] [fcbb95bf] DEBUG - Could not get configMap modification timestamp for source /hivemq-data/bin/..data, likely no ConfigMap mounted
2025-01-29 13:43:27,289 INFO c.h.h.t.OperatorHelmChartContainer - [local-hivemq-1] [hivemq] [fcbb95bf] INFO  - Started HiveMQ Kubernetes State Synchronization Extension:1.0.3
2025-01-29 13:43:27,289 INFO c.h.h.t.OperatorHelmChartContainer - [local-hivemq-1] [hivemq] [fcbb95bf] INFO  - Extension "HiveMQ Kubernetes State Synchronization Extension" version 1.0.3 started successfully.
2025-01-29 13:43:27,290 INFO c.h.h.t.OperatorHelmChartContainer - [local-hivemq-1] [hivemq] [fcbb95bf] INFO  - Starting extension with id "hivemq-allow-all-extension" at /opt/hivemq/extensions/hivemq-allow-all-extension
2025-01-29 13:43:27,291 INFO c.h.h.t.OperatorHelmChartContainer - [local-hivemq-1] [hivemq] [fcbb95bf] WARN  - 
2025-01-29 13:43:27,291 INFO c.h.h.t.OperatorHelmChartContainer - [local-hivemq-1] [hivemq] [fcbb95bf] ################################################################################################################
2025-01-29 13:43:27,291 INFO c.h.h.t.OperatorHelmChartContainer - [local-hivemq-1] [hivemq] [fcbb95bf] # This HiveMQ deployment is not secure! You are lacking Authentication and Authorization.                      #
2025-01-29 13:43:27,292 INFO c.h.h.t.OperatorHelmChartContainer - [local-hivemq-1] [hivemq] [fcbb95bf] # Right now any MQTT client can connect to the broker with a full set of permissions.                          #
2025-01-29 13:43:27,292 INFO c.h.h.t.OperatorHelmChartContainer - [local-hivemq-1] [hivemq] [fcbb95bf] # For production usage, add an appropriate security extension and remove the hivemq-allow-all extension.       #
2025-01-29 13:43:27,292 INFO c.h.h.t.OperatorHelmChartContainer - [local-hivemq-1] [hivemq] [fcbb95bf] # You can download security extensions from the HiveMQ Marketplace (https://www.hivemq.com/extensions/).       #
2025-01-29 13:43:27,293 INFO c.h.h.t.OperatorHelmChartContainer - [local-hivemq-1] [hivemq] [fcbb95bf] ################################################################################################################
2025-01-29 13:43:27,293 INFO c.h.h.t.OperatorHelmChartContainer - [local-hivemq-1] [hivemq] [fcbb95bf] DEBUG - Simple authenticator added by extension 'hivemq-allow-all-extension'.
2025-01-29 13:43:27,293 INFO c.h.h.t.OperatorHelmChartContainer - [local-hivemq-1] [hivemq] [fcbb95bf] INFO  - Extension "Allow All Extension" version 1.1.1 started successfully.
2025-01-29 13:43:27,307 INFO c.h.h.t.OperatorHelmChartContainer - [local-hivemq-1] [hivemq] [fcbb95bf] DEBUG - HiveMQ DNS Cluster Discovery Extension: Discovered new address '10.42.0.7'.
2025-01-29 13:43:27,307 INFO c.h.h.t.OperatorHelmChartContainer - [local-hivemq-1] [hivemq] [fcbb95bf] DEBUG - HiveMQ DNS Cluster Discovery Extension: Discovered new address '10.42.0.9'.
2025-01-29 13:43:27,402 INFO c.h.h.t.OperatorHelmChartContainer - [local-hivemq-0] [hivemq] [39fa9bca] INFO  - Cluster nodes found by discovery: [Gg2gj|1] (2) [Gg2gj, 8AXPy].
2025-01-29 13:43:27,403 INFO c.h.h.t.OperatorHelmChartContainer - [local-hivemq-0] [hivemq] [39fa9bca] DEBUG - New node discovered: '8AXPy'
2025-01-29 13:43:27,403 INFO c.h.h.t.OperatorHelmChartContainer - [local-hivemq-0] [hivemq] [39fa9bca] DEBUG - State of node 8AXPy changed to UNKNOWN was null. Current cluster node states: {8AXPy=UNKNOWN, Gg2gj=RUNNING}
2025-01-29 13:43:27,487 INFO c.h.h.t.OperatorHelmChartContainer - [local-hivemq-1] [hivemq] [fcbb95bf] INFO  - Cluster nodes found by discovery: [Gg2gj|1] (2) [Gg2gj, 8AXPy].
2025-01-29 13:43:27,491 INFO c.h.h.t.OperatorHelmChartContainer - [local-hivemq-1] [hivemq] [fcbb95bf] DEBUG - New node discovered: 'Gg2gj'
2025-01-29 13:43:27,491 INFO c.h.h.t.OperatorHelmChartContainer - [local-hivemq-1] [hivemq] [fcbb95bf] DEBUG - State of node Gg2gj changed to UNKNOWN was null. Current cluster node states: {Gg2gj=UNKNOWN}
2025-01-29 13:43:27,491 INFO c.h.h.t.OperatorHelmChartContainer - [local-hivemq-1] [hivemq] [fcbb95bf] DEBUG - State of node 8AXPy changed to UNKNOWN was null. Current cluster node states: {8AXPy=UNKNOWN, Gg2gj=UNKNOWN}
2025-01-29 13:43:27,604 INFO c.h.h.t.OperatorHelmChartContainer - [local-hivemq-1] [hivemq] [fcbb95bf] DEBUG - State of node Gg2gj changed to RUNNING was UNKNOWN. Current cluster node states: {8AXPy=UNKNOWN, Gg2gj=RUNNING}
2025-01-29 13:43:27,687 INFO c.h.h.t.OperatorHelmChartContainer - [local-hivemq-1] [hivemq] [fcbb95bf] INFO  - Cluster size = 1, members : [Gg2gj].
2025-01-29 13:43:27,790 INFO c.h.h.t.OperatorHelmChartContainer - [local-hivemq-1] [hivemq] [fcbb95bf] DEBUG - Sending NOT_JOINED state request to Gg2gj.
2025-01-29 13:43:27,890 INFO c.h.h.t.OperatorHelmChartContainer - [local-hivemq-1] [hivemq] [fcbb95bf] DEBUG - Using global cluster id 'MFTcM' (1738158127114). Previous was 'k2pQl' (1738158184094).
2025-01-29 13:43:27,892 INFO c.h.h.t.OperatorHelmChartContainer - [local-hivemq-0] [hivemq] [39fa9bca] DEBUG - State of node 8AXPy changed to NOT_JOINED was UNKNOWN. Current cluster node states: {8AXPy=NOT_JOINED, Gg2gj=RUNNING}
2025-01-29 13:43:27,894 INFO c.h.h.t.OperatorHelmChartContainer - [local-hivemq-0] [hivemq] [39fa9bca] DEBUG - Sending NOT_JOINED state notification for 8AXPy to all nodes.
2025-01-29 13:43:27,906 INFO c.h.h.t.OperatorHelmChartContainer - [local-hivemq-1] [hivemq] [fcbb95bf] DEBUG - State of node 8AXPy changed to NOT_JOINED was UNKNOWN. Current cluster node states: {8AXPy=NOT_JOINED, Gg2gj=RUNNING}
2025-01-29 13:43:27,915 INFO c.h.h.t.OperatorHelmChartContainer - [local-hivemq-1] [hivemq] [fcbb95bf] DEBUG - Sending JOINING state request to Gg2gj.
2025-01-29 13:43:27,920 INFO c.h.h.t.OperatorHelmChartContainer - [local-hivemq-0] [hivemq] [39fa9bca] DEBUG - Allowing JOIN request for node 8AXPy.
2025-01-29 13:43:27,921 INFO c.h.h.t.OperatorHelmChartContainer - [local-hivemq-0] [hivemq] [39fa9bca] DEBUG - State of node 8AXPy changed to JOINING was NOT_JOINED. Current cluster node states: {8AXPy=JOINING, Gg2gj=RUNNING}
2025-01-29 13:43:28,094 INFO c.h.h.t.OperatorHelmChartContainer - [local-hivemq-0] [hivemq] [39fa9bca] DEBUG - Sending JOINING state notification for 8AXPy to all nodes.
2025-01-29 13:43:28,117 INFO c.h.h.t.OperatorHelmChartContainer - [local-hivemq-1] [hivemq] [fcbb95bf] DEBUG - State of node 8AXPy changed to JOINING was NOT_JOINED. Current cluster node states: {8AXPy=JOINING, Gg2gj=RUNNING}
2025-01-29 13:43:28,123 INFO c.h.h.t.OperatorHelmChartContainer - [local-hivemq-1] [hivemq] [fcbb95bf] INFO  - Starting cluster join process. This may take a while. Please do not shut down HiveMQ.
2025-01-29 13:43:28,123 INFO c.h.h.t.OperatorHelmChartContainer - [local-hivemq-1] [hivemq] [fcbb95bf] DEBUG - Join started. Disabling WAL: true
2025-01-29 13:43:28,125 INFO c.h.h.t.OperatorHelmChartContainer - [local-hivemq-1] [hivemq] [fcbb95bf] DEBUG - Replicating data from nodes [Gg2gj].
2025-01-29 13:43:28,125 INFO c.h.h.t.OperatorHelmChartContainer - [local-hivemq-1] [hivemq] [fcbb95bf] INFO  - Cluster join process is still ongoing. Please do not shut down HiveMQ.
2025-01-29 13:43:28,187 INFO c.h.h.t.OperatorHelmChartContainer - [local-hivemq-0] [hivemq] [39fa9bca] DEBUG - Received replication finished request from 8AXPy. Response is false.
2025-01-29 13:43:28,292 INFO c.h.h.t.OperatorHelmChartContainer - [EVENT] Warning [Unhealthy] Readiness probe failed: Cluster size not matched. Current: 1, expected: 2
 [default:local-hivemq-1]
2025-01-29 13:43:28,292 INFO c.h.h.t.OperatorHelmChartContainer - Received Unhealthy event for container hivemq in pod local-hivemq-1 [fcbb95bf-64a4-411c-b40e-769b42f020f9]
2025-01-29 13:43:28,311 INFO c.h.h.t.OperatorHelmChartContainer - [local-hivemq-0] [hivemq] [39fa9bca] DEBUG - Replication of data to nodes [8AXPy] finished.
2025-01-29 13:43:29,124 INFO c.h.h.t.OperatorHelmChartContainer - [local-hivemq-0] [hivemq] [39fa9bca] DEBUG - Received replication finished request from 8AXPy. Response is true.
2025-01-29 13:43:29,125 INFO c.h.h.t.OperatorHelmChartContainer - [local-hivemq-1] [hivemq] [fcbb95bf] DEBUG - Replication of data from node Gg2gj finished.
2025-01-29 13:43:30,123 INFO c.h.h.t.OperatorHelmChartContainer - [local-hivemq-1] [hivemq] [fcbb95bf] DEBUG - Join finished. Flushing RocksDBs.
2025-01-29 13:43:30,125 INFO c.h.h.t.OperatorHelmChartContainer - [local-hivemq-1] [hivemq] [fcbb95bf] DEBUG - Flushing: /opt/hivemq/data/persistence/publish_payload_store/040500_R/publish_payload_store_0
2025-01-29 13:43:30,125 INFO c.h.h.t.OperatorHelmChartContainer - [local-hivemq-1] [hivemq] [fcbb95bf] DEBUG - Flushing: /opt/hivemq/data/persistence/publish_payload_store/040500_R/publish_payload_store_1
2025-01-29 13:43:30,125 INFO c.h.h.t.OperatorHelmChartContainer - [local-hivemq-1] [hivemq] [fcbb95bf] DEBUG - Flushing: /opt/hivemq/data/persistence/publish_payload_store/040500_R/publish_payload_store_3
2025-01-29 13:43:30,125 INFO c.h.h.t.OperatorHelmChartContainer - [local-hivemq-1] [hivemq] [fcbb95bf] DEBUG - Flushing: /opt/hivemq/data/persistence/publish_payload_store/040500_R/publish_payload_store_2
2025-01-29 13:43:30,125 INFO c.h.h.t.OperatorHelmChartContainer - [local-hivemq-1] [hivemq] [fcbb95bf] DEBUG - Flushing: /opt/hivemq/data/persistence/publish_payload_store/040500_R/publish_payload_store_5
2025-01-29 13:43:30,125 INFO c.h.h.t.OperatorHelmChartContainer - [local-hivemq-1] [hivemq] [fcbb95bf] DEBUG - Flushing: /opt/hivemq/data/persistence/publish_payload_store/040500_R/publish_payload_store_6
2025-01-29 13:43:30,125 INFO c.h.h.t.OperatorHelmChartContainer - [local-hivemq-1] [hivemq] [fcbb95bf] DEBUG - Flushing: /opt/hivemq/data/persistence/publish_payload_store/040500_R/publish_payload_store_7
2025-01-29 13:43:30,125 INFO c.h.h.t.OperatorHelmChartContainer - [local-hivemq-1] [hivemq] [fcbb95bf] DEBUG - Flushing: /opt/hivemq/data/persistence/publish_payload_store/040500_R/publish_payload_store_4
2025-01-29 13:43:30,125 INFO c.h.h.t.OperatorHelmChartContainer - [local-hivemq-1] [hivemq] [fcbb95bf] DEBUG - Flushing: /opt/hivemq/data/persistence/publish_payload_store/040500_R/publish_payload_store_8
2025-01-29 13:43:30,126 INFO c.h.h.t.OperatorHelmChartContainer - [local-hivemq-1] [hivemq] [fcbb95bf] DEBUG - Flushing: /opt/hivemq/data/persistence/publish_payload_store/040500_R/publish_payload_store_10
2025-01-29 13:43:30,126 INFO c.h.h.t.OperatorHelmChartContainer - [local-hivemq-1] [hivemq] [fcbb95bf] DEBUG - Flushing: /opt/hivemq/data/persistence/publish_payload_store/040500_R/publish_payload_store_11
2025-01-29 13:43:30,126 INFO c.h.h.t.OperatorHelmChartContainer - [local-hivemq-1] [hivemq] [fcbb95bf] DEBUG - Flushing: /opt/hivemq/data/persistence/publish_payload_store/040500_R/publish_payload_store_9
2025-01-29 13:43:30,126 INFO c.h.h.t.OperatorHelmChartContainer - [local-hivemq-1] [hivemq] [fcbb95bf] DEBUG - Flushing: /opt/hivemq/data/persistence/publish_payload_store/040500_R/publish_payload_store_12
2025-01-29 13:43:30,126 INFO c.h.h.t.OperatorHelmChartContainer - [local-hivemq-1] [hivemq] [fcbb95bf] DEBUG - Flushing: /opt/hivemq/data/persistence/publish_payload_store/040500_R/publish_payload_store_14
2025-01-29 13:43:30,126 INFO c.h.h.t.OperatorHelmChartContainer - [local-hivemq-1] [hivemq] [fcbb95bf] DEBUG - Flushing: /opt/hivemq/data/persistence/publish_payload_store/040500_R/publish_payload_store_13
2025-01-29 13:43:30,128 INFO c.h.h.t.OperatorHelmChartContainer - [local-hivemq-1] [hivemq] [fcbb95bf] DEBUG - Flushing: /opt/hivemq/data/persistence/publish_payload_store/040500_R/publish_payload_store_15
2025-01-29 13:43:30,128 INFO c.h.h.t.OperatorHelmChartContainer - [local-hivemq-1] [hivemq] [fcbb95bf] DEBUG - Flushing: /opt/hivemq/data/persistence/publish_payload_store/040500_R/publish_payload_store_16
2025-01-29 13:43:30,128 INFO c.h.h.t.OperatorHelmChartContainer - [local-hivemq-1] [hivemq] [fcbb95bf] DEBUG - Flushing: /opt/hivemq/data/persistence/publish_payload_store/040500_R/publish_payload_store_17
2025-01-29 13:43:30,128 INFO c.h.h.t.OperatorHelmChartContainer - [local-hivemq-1] [hivemq] [fcbb95bf] DEBUG - Flushing: /opt/hivemq/data/persistence/publish_payload_store/040500_R/publish_payload_store_18
2025-01-29 13:43:30,128 INFO c.h.h.t.OperatorHelmChartContainer - [local-hivemq-1] [hivemq] [fcbb95bf] DEBUG - Flushing: /opt/hivemq/data/persistence/publish_payload_store/040500_R/publish_payload_store_19
2025-01-29 13:43:30,128 INFO c.h.h.t.OperatorHelmChartContainer - [local-hivemq-1] [hivemq] [fcbb95bf] DEBUG - Flushing: /opt/hivemq/data/persistence/publish_payload_store/040500_R/publish_payload_store_20
2025-01-29 13:43:30,128 INFO c.h.h.t.OperatorHelmChartContainer - [local-hivemq-1] [hivemq] [fcbb95bf] DEBUG - Flushing: /opt/hivemq/data/persistence/publish_payload_store/040500_R/publish_payload_store_21
2025-01-29 13:43:30,128 INFO c.h.h.t.OperatorHelmChartContainer - [local-hivemq-1] [hivemq] [fcbb95bf] DEBUG - Flushing: /opt/hivemq/data/persistence/publish_payload_store/040500_R/publish_payload_store_22
2025-01-29 13:43:30,128 INFO c.h.h.t.OperatorHelmChartContainer - [local-hivemq-1] [hivemq] [fcbb95bf] DEBUG - Flushing: /opt/hivemq/data/persistence/publish_payload_store/040500_R/publish_payload_store_24
2025-01-29 13:43:30,128 INFO c.h.h.t.OperatorHelmChartContainer - [local-hivemq-1] [hivemq] [fcbb95bf] DEBUG - Flushing: /opt/hivemq/data/persistence/publish_payload_store/040500_R/publish_payload_store_23
2025-01-29 13:43:30,128 INFO c.h.h.t.OperatorHelmChartContainer - [local-hivemq-1] [hivemq] [fcbb95bf] DEBUG - Flushing: /opt/hivemq/data/persistence/publish_payload_store/040500_R/publish_payload_store_25
2025-01-29 13:43:30,128 INFO c.h.h.t.OperatorHelmChartContainer - [local-hivemq-1] [hivemq] [fcbb95bf] DEBUG - Flushing: /opt/hivemq/data/persistence/publish_payload_store/040500_R/publish_payload_store_27
2025-01-29 13:43:30,128 INFO c.h.h.t.OperatorHelmChartContainer - [local-hivemq-1] [hivemq] [fcbb95bf] DEBUG - Flushing: /opt/hivemq/data/persistence/publish_payload_store/040500_R/publish_payload_store_26
2025-01-29 13:43:30,128 INFO c.h.h.t.OperatorHelmChartContainer - [local-hivemq-1] [hivemq] [fcbb95bf] DEBUG - Flushing: /opt/hivemq/data/persistence/publish_payload_store/040500_R/publish_payload_store_28
2025-01-29 13:43:30,128 INFO c.h.h.t.OperatorHelmChartContainer - [local-hivemq-1] [hivemq] [fcbb95bf] DEBUG - Flushing: /opt/hivemq/data/persistence/publish_payload_store/040500_R/publish_payload_store_29
2025-01-29 13:43:30,128 INFO c.h.h.t.OperatorHelmChartContainer - [local-hivemq-1] [hivemq] [fcbb95bf] DEBUG - Flushing: /opt/hivemq/data/persistence/publish_payload_store/040500_R/publish_payload_store_30
2025-01-29 13:43:30,129 INFO c.h.h.t.OperatorHelmChartContainer - [local-hivemq-1] [hivemq] [fcbb95bf] DEBUG - Flushing: /opt/hivemq/data/persistence/publish_payload_store/040500_R/publish_payload_store_31
2025-01-29 13:43:30,129 INFO c.h.h.t.OperatorHelmChartContainer - [local-hivemq-1] [hivemq] [fcbb95bf] DEBUG - Flushing: /opt/hivemq/data/persistence/publish_payload_store/040500_R/publish_payload_store_32
2025-01-29 13:43:30,132 INFO c.h.h.t.OperatorHelmChartContainer - [local-hivemq-1] [hivemq] [fcbb95bf] DEBUG - Flushing: /opt/hivemq/data/persistence/publish_payload_store/040500_R/publish_payload_store_33
2025-01-29 13:43:30,132 INFO c.h.h.t.OperatorHelmChartContainer - [local-hivemq-hivemq-operator] [operator] [b830d9c8] ?[36m13:43:30.127?[0;39m ?[1;30m[pool-3-thread-12]?[0;39m ?[31mWARN ?[0;39m ?[35mc.h.operations.DeploymentOperable?[0;39m - Exception while waiting class io.fabric8.kubernetes.client.KubernetesClientTimeoutException:Timed out waiting for [45000] milliseconds for [StatefulSet] with name:[local-hivemq] in namespace [default].
2025-01-29 13:43:30,135 INFO c.h.h.t.OperatorHelmChartContainer - [local-hivemq-1] [hivemq] [fcbb95bf] DEBUG - Flushing: /opt/hivemq/data/persistence/publish_payload_store/040500_R/publish_payload_store_34
2025-01-29 13:43:30,135 INFO c.h.h.t.OperatorHelmChartContainer - [local-hivemq-1] [hivemq] [fcbb95bf] DEBUG - Flushing: /opt/hivemq/data/persistence/publish_payload_store/040500_R/publish_payload_store_35
2025-01-29 13:43:30,135 INFO c.h.h.t.OperatorHelmChartContainer - [local-hivemq-1] [hivemq] [fcbb95bf] DEBUG - Flushing: /opt/hivemq/data/persistence/publish_payload_store/040500_R/publish_payload_store_36
2025-01-29 13:43:30,135 INFO c.h.h.t.OperatorHelmChartContainer - [local-hivemq-1] [hivemq] [fcbb95bf] DEBUG - Flushing: /opt/hivemq/data/persistence/publish_payload_store/040500_R/publish_payload_store_37
2025-01-29 13:43:30,135 INFO c.h.h.t.OperatorHelmChartContainer - [local-hivemq-1] [hivemq] [fcbb95bf] DEBUG - Flushing: /opt/hivemq/data/persistence/publish_payload_store/040500_R/publish_payload_store_38
2025-01-29 13:43:30,135 INFO c.h.h.t.OperatorHelmChartContainer - [local-hivemq-1] [hivemq] [fcbb95bf] DEBUG - Flushing: /opt/hivemq/data/persistence/publish_payload_store/040500_R/publish_payload_store_42
2025-01-29 13:43:30,135 INFO c.h.h.t.OperatorHelmChartContainer - [local-hivemq-1] [hivemq] [fcbb95bf] DEBUG - Flushing: /opt/hivemq/data/persistence/publish_payload_store/040500_R/publish_payload_store_39
2025-01-29 13:43:30,135 INFO c.h.h.t.OperatorHelmChartContainer - [local-hivemq-1] [hivemq] [fcbb95bf] DEBUG - Flushing: /opt/hivemq/data/persistence/publish_payload_store/040500_R/publish_payload_store_43
2025-01-29 13:43:30,135 INFO c.h.h.t.OperatorHelmChartContainer - [local-hivemq-1] [hivemq] [fcbb95bf] DEBUG - Flushing: /opt/hivemq/data/persistence/publish_payload_store/040500_R/publish_payload_store_40
2025-01-29 13:43:30,135 INFO c.h.h.t.OperatorHelmChartContainer - [local-hivemq-1] [hivemq] [fcbb95bf] DEBUG - Flushing: /opt/hivemq/data/persistence/publish_payload_store/040500_R/publish_payload_store_41
2025-01-29 13:43:30,135 INFO c.h.h.t.OperatorHelmChartContainer - [local-hivemq-1] [hivemq] [fcbb95bf] DEBUG - Flushing: /opt/hivemq/data/persistence/publish_payload_store/040500_R/publish_payload_store_44
2025-01-29 13:43:30,135 INFO c.h.h.t.OperatorHelmChartContainer - [local-hivemq-1] [hivemq] [fcbb95bf] DEBUG - Flushing: /opt/hivemq/data/persistence/publish_payload_store/040500_R/publish_payload_store_45
2025-01-29 13:43:30,135 INFO c.h.h.t.OperatorHelmChartContainer - [local-hivemq-1] [hivemq] [fcbb95bf] DEBUG - Flushing: /opt/hivemq/data/persistence/publish_payload_store/040500_R/publish_payload_store_47
2025-01-29 13:43:30,135 INFO c.h.h.t.OperatorHelmChartContainer - [local-hivemq-1] [hivemq] [fcbb95bf] DEBUG - Flushing: /opt/hivemq/data/persistence/publish_payload_store/040500_R/publish_payload_store_46
2025-01-29 13:43:30,135 INFO c.h.h.t.OperatorHelmChartContainer - [local-hivemq-1] [hivemq] [fcbb95bf] DEBUG - Flushing: /opt/hivemq/data/persistence/publish_payload_store/040500_R/publish_payload_store_48
2025-01-29 13:43:30,135 INFO c.h.h.t.OperatorHelmChartContainer - [local-hivemq-1] [hivemq] [fcbb95bf] DEBUG - Flushing: /opt/hivemq/data/persistence/publish_payload_store/040500_R/publish_payload_store_49
2025-01-29 13:43:30,135 INFO c.h.h.t.OperatorHelmChartContainer - [local-hivemq-1] [hivemq] [fcbb95bf] DEBUG - Flushing: /opt/hivemq/data/persistence/publish_payload_store/040500_R/publish_payload_store_50
2025-01-29 13:43:30,135 INFO c.h.h.t.OperatorHelmChartContainer - [local-hivemq-1] [hivemq] [fcbb95bf] DEBUG - Flushing: /opt/hivemq/data/persistence/publish_payload_store/040500_R/publish_payload_store_51
2025-01-29 13:43:30,135 INFO c.h.h.t.OperatorHelmChartContainer - [local-hivemq-1] [hivemq] [fcbb95bf] DEBUG - Flushing: /opt/hivemq/data/persistence/publish_payload_store/040500_R/publish_payload_store_52
2025-01-29 13:43:30,135 INFO c.h.h.t.OperatorHelmChartContainer - [local-hivemq-1] [hivemq] [fcbb95bf] DEBUG - Flushing: /opt/hivemq/data/persistence/publish_payload_store/040500_R/publish_payload_store_53
2025-01-29 13:43:30,135 INFO c.h.h.t.OperatorHelmChartContainer - [local-hivemq-1] [hivemq] [fcbb95bf] DEBUG - Flushing: /opt/hivemq/data/persistence/publish_payload_store/040500_R/publish_payload_store_54
2025-01-29 13:43:30,135 INFO c.h.h.t.OperatorHelmChartContainer - [local-hivemq-1] [hivemq] [fcbb95bf] DEBUG - Flushing: /opt/hivemq/data/persistence/publish_payload_store/040500_R/publish_payload_store_55
2025-01-29 13:43:30,135 INFO c.h.h.t.OperatorHelmChartContainer - [local-hivemq-1] [hivemq] [fcbb95bf] DEBUG - Flushing: /opt/hivemq/data/persistence/publish_payload_store/040500_R/publish_payload_store_56
2025-01-29 13:43:30,135 INFO c.h.h.t.OperatorHelmChartContainer - [local-hivemq-1] [hivemq] [fcbb95bf] DEBUG - Flushing: /opt/hivemq/data/persistence/publish_payload_store/040500_R/publish_payload_store_57
2025-01-29 13:43:30,135 INFO c.h.h.t.OperatorHelmChartContainer - [local-hivemq-1] [hivemq] [fcbb95bf] DEBUG - Flushing: /opt/hivemq/data/persistence/publish_payload_store/040500_R/publish_payload_store_58
2025-01-29 13:43:30,135 INFO c.h.h.t.OperatorHelmChartContainer - [local-hivemq-1] [hivemq] [fcbb95bf] DEBUG - Flushing: /opt/hivemq/data/persistence/publish_payload_store/040500_R/publish_payload_store_59
2025-01-29 13:43:30,135 INFO c.h.h.t.OperatorHelmChartContainer - [local-hivemq-1] [hivemq] [fcbb95bf] DEBUG - Flushing: /opt/hivemq/data/persistence/publish_payload_store/040500_R/publish_payload_store_60
2025-01-29 13:43:30,135 INFO c.h.h.t.OperatorHelmChartContainer - [local-hivemq-1] [hivemq] [fcbb95bf] DEBUG - Flushing: /opt/hivemq/data/persistence/publish_payload_store/040500_R/publish_payload_store_62
2025-01-29 13:43:30,135 INFO c.h.h.t.OperatorHelmChartContainer - [local-hivemq-1] [hivemq] [fcbb95bf] DEBUG - Flushing: /opt/hivemq/data/persistence/publish_payload_store/040500_R/publish_payload_store_61
2025-01-29 13:43:30,135 INFO c.h.h.t.OperatorHelmChartContainer - [local-hivemq-1] [hivemq] [fcbb95bf] DEBUG - Flushing: /opt/hivemq/data/persistence/publish_payload_store/040500_R/publish_payload_store_63
2025-01-29 13:43:30,135 INFO c.h.h.t.OperatorHelmChartContainer - [local-hivemq-1] [hivemq] [fcbb95bf] DEBUG - Flushing: /opt/hivemq/data/persistence/client_queue/042800_R/client_queue_0
2025-01-29 13:43:30,135 INFO c.h.h.t.OperatorHelmChartContainer - [local-hivemq-1] [hivemq] [fcbb95bf] DEBUG - Flushing: /opt/hivemq/data/persistence/client_queue/042800_R/client_queue_1
2025-01-29 13:43:30,135 INFO c.h.h.t.OperatorHelmChartContainer - [local-hivemq-1] [hivemq] [fcbb95bf] DEBUG - Flushing: /opt/hivemq/data/persistence/client_queue/042800_R/client_queue_2
2025-01-29 13:43:30,135 INFO c.h.h.t.OperatorHelmChartContainer - [local-hivemq-1] [hivemq] [fcbb95bf] DEBUG - Flushing: /opt/hivemq/data/persistence/client_queue/042800_R/client_queue_3
2025-01-29 13:43:30,135 INFO c.h.h.t.OperatorHelmChartContainer - [local-hivemq-1] [hivemq] [fcbb95bf] DEBUG - Flushing: /opt/hivemq/data/persistence/client_queue/042800_R/client_queue_4
2025-01-29 13:43:30,135 INFO c.h.h.t.OperatorHelmChartContainer - [local-hivemq-1] [hivemq] [fcbb95bf] DEBUG - Flushing: /opt/hivemq/data/persistence/client_queue/042800_R/client_queue_5
2025-01-29 13:43:30,135 INFO c.h.h.t.OperatorHelmChartContainer - [local-hivemq-1] [hivemq] [fcbb95bf] DEBUG - Flushing: /opt/hivemq/data/persistence/client_queue/042800_R/client_queue_6
2025-01-29 13:43:30,135 INFO c.h.h.t.OperatorHelmChartContainer - [local-hivemq-1] [hivemq] [fcbb95bf] DEBUG - Flushing: /opt/hivemq/data/persistence/client_queue/042800_R/client_queue_7
2025-01-29 13:43:30,135 INFO c.h.h.t.OperatorHelmChartContainer - [local-hivemq-1] [hivemq] [fcbb95bf] DEBUG - Flushing: /opt/hivemq/data/persistence/client_queue/042800_R/client_queue_8
2025-01-29 13:43:30,135 INFO c.h.h.t.OperatorHelmChartContainer - [local-hivemq-1] [hivemq] [fcbb95bf] DEBUG - Flushing: /opt/hivemq/data/persistence/client_queue/042800_R/client_queue_10
2025-01-29 13:43:30,138 INFO c.h.h.t.OperatorHelmChartContainer - [local-hivemq-1] [hivemq] [fcbb95bf] DEBUG - Flushing: /opt/hivemq/data/persistence/client_queue/042800_R/client_queue_9
2025-01-29 13:43:30,138 INFO c.h.h.t.OperatorHelmChartContainer - [local-hivemq-1] [hivemq] [fcbb95bf] DEBUG - Flushing: /opt/hivemq/data/persistence/client_queue/042800_R/client_queue_12
2025-01-29 13:43:30,138 INFO c.h.h.t.OperatorHelmChartContainer - [local-hivemq-1] [hivemq] [fcbb95bf] DEBUG - Flushing: /opt/hivemq/data/persistence/client_queue/042800_R/client_queue_11
2025-01-29 13:43:30,138 INFO c.h.h.t.OperatorHelmChartContainer - [local-hivemq-1] [hivemq] [fcbb95bf] DEBUG - Flushing: /opt/hivemq/data/persistence/client_queue/042800_R/client_queue_13
2025-01-29 13:43:30,138 INFO c.h.h.t.OperatorHelmChartContainer - [local-hivemq-1] [hivemq] [fcbb95bf] DEBUG - Flushing: /opt/hivemq/data/persistence/client_queue/042800_R/client_queue_14
2025-01-29 13:43:30,138 INFO c.h.h.t.OperatorHelmChartContainer - [local-hivemq-1] [hivemq] [fcbb95bf] DEBUG - Flushing: /opt/hivemq/data/persistence/client_queue/042800_R/client_queue_16
2025-01-29 13:43:30,138 INFO c.h.h.t.OperatorHelmChartContainer - [local-hivemq-1] [hivemq] [fcbb95bf] DEBUG - Flushing: /opt/hivemq/data/persistence/client_queue/042800_R/client_queue_15
2025-01-29 13:43:30,138 INFO c.h.h.t.OperatorHelmChartContainer - [local-hivemq-1] [hivemq] [fcbb95bf] DEBUG - Flushing: /opt/hivemq/data/persistence/client_queue/042800_R/client_queue_17
2025-01-29 13:43:30,138 INFO c.h.h.t.OperatorHelmChartContainer - [local-hivemq-1] [hivemq] [fcbb95bf] DEBUG - Flushing: /opt/hivemq/data/persistence/client_queue/042800_R/client_queue_19
2025-01-29 13:43:30,138 INFO c.h.h.t.OperatorHelmChartContainer - [local-hivemq-1] [hivemq] [fcbb95bf] DEBUG - Flushing: /opt/hivemq/data/persistence/client_queue/042800_R/client_queue_20
2025-01-29 13:43:30,138 INFO c.h.h.t.OperatorHelmChartContainer - [local-hivemq-1] [hivemq] [fcbb95bf] DEBUG - Flushing: /opt/hivemq/data/persistence/client_queue/042800_R/client_queue_18
2025-01-29 13:43:30,138 INFO c.h.h.t.OperatorHelmChartContainer - [local-hivemq-1] [hivemq] [fcbb95bf] DEBUG - Flushing: /opt/hivemq/data/persistence/client_queue/042800_R/client_queue_21
2025-01-29 13:43:30,138 INFO c.h.h.t.OperatorHelmChartContainer - [local-hivemq-1] [hivemq] [fcbb95bf] DEBUG - Flushing: /opt/hivemq/data/persistence/client_queue/042800_R/client_queue_22
2025-01-29 13:43:30,138 INFO c.h.h.t.OperatorHelmChartContainer - [local-hivemq-1] [hivemq] [fcbb95bf] DEBUG - Flushing: /opt/hivemq/data/persistence/client_queue/042800_R/client_queue_23
2025-01-29 13:43:30,138 INFO c.h.h.t.OperatorHelmChartContainer - [local-hivemq-1] [hivemq] [fcbb95bf] DEBUG - Flushing: /opt/hivemq/data/persistence/client_queue/042800_R/client_queue_24
2025-01-29 13:43:30,138 INFO c.h.h.t.OperatorHelmChartContainer - [local-hivemq-1] [hivemq] [fcbb95bf] DEBUG - Flushing: /opt/hivemq/data/persistence/client_queue/042800_R/client_queue_25
2025-01-29 13:43:30,138 INFO c.h.h.t.OperatorHelmChartContainer - [local-hivemq-1] [hivemq] [fcbb95bf] DEBUG - Flushing: /opt/hivemq/data/persistence/client_queue/042800_R/client_queue_26
2025-01-29 13:43:30,138 INFO c.h.h.t.OperatorHelmChartContainer - [local-hivemq-1] [hivemq] [fcbb95bf] DEBUG - Flushing: /opt/hivemq/data/persistence/client_queue/042800_R/client_queue_27
2025-01-29 13:43:30,138 INFO c.h.h.t.OperatorHelmChartContainer - [local-hivemq-1] [hivemq] [fcbb95bf] DEBUG - Flushing: /opt/hivemq/data/persistence/client_queue/042800_R/client_queue_28
2025-01-29 13:43:30,138 INFO c.h.h.t.OperatorHelmChartContainer - [local-hivemq-1] [hivemq] [fcbb95bf] DEBUG - Flushing: /opt/hivemq/data/persistence/client_queue/042800_R/client_queue_29
2025-01-29 13:43:30,139 INFO c.h.h.t.OperatorHelmChartContainer - [local-hivemq-1] [hivemq] [fcbb95bf] DEBUG - Flushing: /opt/hivemq/data/persistence/client_queue/042800_R/client_queue_30
2025-01-29 13:43:30,140 INFO c.h.h.t.OperatorHelmChartContainer - [local-hivemq-1] [hivemq] [fcbb95bf] DEBUG - Flushing: /opt/hivemq/data/persistence/client_queue/042800_R/client_queue_31
2025-01-29 13:43:30,145 INFO c.h.h.t.OperatorHelmChartContainer - [local-hivemq-1] [hivemq] [fcbb95bf] DEBUG - Flushing: /opt/hivemq/data/persistence/client_queue/042800_R/client_queue_34
2025-01-29 13:43:30,145 INFO c.h.h.t.OperatorHelmChartContainer - [local-hivemq-1] [hivemq] [fcbb95bf] DEBUG - Flushing: /opt/hivemq/data/persistence/client_queue/042800_R/client_queue_32
2025-01-29 13:43:30,145 INFO c.h.h.t.OperatorHelmChartContainer - [local-hivemq-1] [hivemq] [fcbb95bf] DEBUG - Flushing: /opt/hivemq/data/persistence/client_queue/042800_R/client_queue_33
2025-01-29 13:43:30,145 INFO c.h.h.t.OperatorHelmChartContainer - [local-hivemq-1] [hivemq] [fcbb95bf] DEBUG - Flushing: /opt/hivemq/data/persistence/client_queue/042800_R/client_queue_35
2025-01-29 13:43:30,145 INFO c.h.h.t.OperatorHelmChartContainer - [local-hivemq-1] [hivemq] [fcbb95bf] DEBUG - Flushing: /opt/hivemq/data/persistence/client_queue/042800_R/client_queue_36
2025-01-29 13:43:30,145 INFO c.h.h.t.OperatorHelmChartContainer - [local-hivemq-1] [hivemq] [fcbb95bf] DEBUG - Flushing: /opt/hivemq/data/persistence/client_queue/042800_R/client_queue_37
2025-01-29 13:43:30,145 INFO c.h.h.t.OperatorHelmChartContainer - [local-hivemq-1] [hivemq] [fcbb95bf] DEBUG - Flushing: /opt/hivemq/data/persistence/client_queue/042800_R/client_queue_38
2025-01-29 13:43:30,145 INFO c.h.h.t.OperatorHelmChartContainer - [local-hivemq-1] [hivemq] [fcbb95bf] DEBUG - Flushing: /opt/hivemq/data/persistence/client_queue/042800_R/client_queue_39
2025-01-29 13:43:30,145 INFO c.h.h.t.OperatorHelmChartContainer - [local-hivemq-1] [hivemq] [fcbb95bf] DEBUG - Flushing: /opt/hivemq/data/persistence/client_queue/042800_R/client_queue_41
2025-01-29 13:43:30,145 INFO c.h.h.t.OperatorHelmChartContainer - [local-hivemq-1] [hivemq] [fcbb95bf] DEBUG - Flushing: /opt/hivemq/data/persistence/client_queue/042800_R/client_queue_40
2025-01-29 13:43:30,146 INFO c.h.h.t.OperatorHelmChartContainer - [local-hivemq-1] [hivemq] [fcbb95bf] DEBUG - Flushing: /opt/hivemq/data/persistence/client_queue/042800_R/client_queue_42
2025-01-29 13:43:30,146 INFO c.h.h.t.OperatorHelmChartContainer - [local-hivemq-1] [hivemq] [fcbb95bf] DEBUG - Flushing: /opt/hivemq/data/persistence/client_queue/042800_R/client_queue_43
2025-01-29 13:43:30,146 INFO c.h.h.t.OperatorHelmChartContainer - [local-hivemq-1] [hivemq] [fcbb95bf] DEBUG - Flushing: /opt/hivemq/data/persistence/client_queue/042800_R/client_queue_44
2025-01-29 13:43:30,146 INFO c.h.h.t.OperatorHelmChartContainer - [local-hivemq-1] [hivemq] [fcbb95bf] DEBUG - Flushing: /opt/hivemq/data/persistence/client_queue/042800_R/client_queue_45
2025-01-29 13:43:30,148 INFO c.h.h.t.OperatorHelmChartContainer - [local-hivemq-1] [hivemq] [fcbb95bf] DEBUG - Flushing: /opt/hivemq/data/persistence/client_queue/042800_R/client_queue_46
2025-01-29 13:43:30,148 INFO c.h.h.t.OperatorHelmChartContainer - [local-hivemq-1] [hivemq] [fcbb95bf] DEBUG - Flushing: /opt/hivemq/data/persistence/client_queue/042800_R/client_queue_47
2025-01-29 13:43:30,148 INFO c.h.h.t.OperatorHelmChartContainer - [local-hivemq-1] [hivemq] [fcbb95bf] DEBUG - Flushing: /opt/hivemq/data/persistence/client_queue/042800_R/client_queue_48
2025-01-29 13:43:30,148 INFO c.h.h.t.OperatorHelmChartContainer - [local-hivemq-1] [hivemq] [fcbb95bf] DEBUG - Flushing: /opt/hivemq/data/persistence/client_queue/042800_R/client_queue_51
2025-01-29 13:43:30,148 INFO c.h.h.t.OperatorHelmChartContainer - [local-hivemq-1] [hivemq] [fcbb95bf] DEBUG - Flushing: /opt/hivemq/data/persistence/client_queue/042800_R/client_queue_50
2025-01-29 13:43:30,148 INFO c.h.h.t.OperatorHelmChartContainer - [local-hivemq-1] [hivemq] [fcbb95bf] DEBUG - Flushing: /opt/hivemq/data/persistence/client_queue/042800_R/client_queue_49
2025-01-29 13:43:30,148 INFO c.h.h.t.OperatorHelmChartContainer - [local-hivemq-1] [hivemq] [fcbb95bf] DEBUG - Flushing: /opt/hivemq/data/persistence/client_queue/042800_R/client_queue_54
2025-01-29 13:43:30,148 INFO c.h.h.t.OperatorHelmChartContainer - [local-hivemq-1] [hivemq] [fcbb95bf] DEBUG - Flushing: /opt/hivemq/data/persistence/client_queue/042800_R/client_queue_52
2025-01-29 13:43:30,148 INFO c.h.h.t.OperatorHelmChartContainer - [local-hivemq-1] [hivemq] [fcbb95bf] DEBUG - Flushing: /opt/hivemq/data/persistence/client_queue/042800_R/client_queue_53
2025-01-29 13:43:30,148 INFO c.h.h.t.OperatorHelmChartContainer - [local-hivemq-1] [hivemq] [fcbb95bf] DEBUG - Flushing: /opt/hivemq/data/persistence/client_queue/042800_R/client_queue_55
2025-01-29 13:43:30,148 INFO c.h.h.t.OperatorHelmChartContainer - [local-hivemq-1] [hivemq] [fcbb95bf] DEBUG - Flushing: /opt/hivemq/data/persistence/client_queue/042800_R/client_queue_56
2025-01-29 13:43:30,148 INFO c.h.h.t.OperatorHelmChartContainer - [local-hivemq-1] [hivemq] [fcbb95bf] DEBUG - Flushing: /opt/hivemq/data/persistence/client_queue/042800_R/client_queue_57
2025-01-29 13:43:30,148 INFO c.h.h.t.OperatorHelmChartContainer - [local-hivemq-1] [hivemq] [fcbb95bf] DEBUG - Flushing: /opt/hivemq/data/persistence/client_queue/042800_R/client_queue_58
2025-01-29 13:43:30,148 INFO c.h.h.t.OperatorHelmChartContainer - [local-hivemq-1] [hivemq] [fcbb95bf] DEBUG - Flushing: /opt/hivemq/data/persistence/client_queue/042800_R/client_queue_59
2025-01-29 13:43:30,148 INFO c.h.h.t.OperatorHelmChartContainer - [local-hivemq-1] [hivemq] [fcbb95bf] DEBUG - Flushing: /opt/hivemq/data/persistence/client_queue/042800_R/client_queue_60
2025-01-29 13:43:30,148 INFO c.h.h.t.OperatorHelmChartContainer - [local-hivemq-1] [hivemq] [fcbb95bf] DEBUG - Flushing: /opt/hivemq/data/persistence/client_queue/042800_R/client_queue_61
2025-01-29 13:43:30,148 INFO c.h.h.t.OperatorHelmChartContainer - [local-hivemq-1] [hivemq] [fcbb95bf] DEBUG - Flushing: /opt/hivemq/data/persistence/client_queue/042800_R/client_queue_62
2025-01-29 13:43:30,148 INFO c.h.h.t.OperatorHelmChartContainer - [local-hivemq-1] [hivemq] [fcbb95bf] DEBUG - Flushing: /opt/hivemq/data/persistence/client_queue/042800_R/client_queue_63
2025-01-29 13:43:30,148 INFO c.h.h.t.OperatorHelmChartContainer - [local-hivemq-1] [hivemq] [fcbb95bf] DEBUG - Flushing: /opt/hivemq/data/persistence/client_session_store/040100_R/client_session_store_0
2025-01-29 13:43:30,148 INFO c.h.h.t.OperatorHelmChartContainer - [local-hivemq-1] [hivemq] [fcbb95bf] DEBUG - Flushing: /opt/hivemq/data/persistence/client_session_store/040100_R/client_session_store_1
2025-01-29 13:43:30,148 INFO c.h.h.t.OperatorHelmChartContainer - [local-hivemq-1] [hivemq] [fcbb95bf] DEBUG - Flushing: /opt/hivemq/data/persistence/client_session_store/040100_R/client_session_store_2
2025-01-29 13:43:30,148 INFO c.h.h.t.OperatorHelmChartContainer - [local-hivemq-1] [hivemq] [fcbb95bf] DEBUG - Flushing: /opt/hivemq/data/persistence/client_session_store/040100_R/client_session_store_3
2025-01-29 13:43:30,148 INFO c.h.h.t.OperatorHelmChartContainer - [local-hivemq-1] [hivemq] [fcbb95bf] DEBUG - Flushing: /opt/hivemq/data/persistence/client_session_store/040100_R/client_session_store_4
2025-01-29 13:43:30,148 INFO c.h.h.t.OperatorHelmChartContainer - [local-hivemq-1] [hivemq] [fcbb95bf] DEBUG - Flushing: /opt/hivemq/data/persistence/client_session_store/040100_R/client_session_store_5
2025-01-29 13:43:30,148 INFO c.h.h.t.OperatorHelmChartContainer - [local-hivemq-1] [hivemq] [fcbb95bf] DEBUG - Flushing: /opt/hivemq/data/persistence/client_session_store/040100_R/client_session_store_6
2025-01-29 13:43:30,148 INFO c.h.h.t.OperatorHelmChartContainer - [local-hivemq-1] [hivemq] [fcbb95bf] DEBUG - Flushing: /opt/hivemq/data/persistence/client_session_store/040100_R/client_session_store_7
2025-01-29 13:43:30,148 INFO c.h.h.t.OperatorHelmChartContainer - [local-hivemq-1] [hivemq] [fcbb95bf] DEBUG - Flushing: /opt/hivemq/data/persistence/client_session_store/040100_R/client_session_store_8
2025-01-29 13:43:30,148 INFO c.h.h.t.OperatorHelmChartContainer - [local-hivemq-1] [hivemq] [fcbb95bf] DEBUG - Flushing: /opt/hivemq/data/persistence/client_session_store/040100_R/client_session_store_10
2025-01-29 13:43:30,148 INFO c.h.h.t.OperatorHelmChartContainer - [local-hivemq-1] [hivemq] [fcbb95bf] DEBUG - Flushing: /opt/hivemq/data/persistence/client_session_store/040100_R/client_session_store_9
2025-01-29 13:43:30,149 INFO c.h.h.t.OperatorHelmChartContainer - [local-hivemq-1] [hivemq] [fcbb95bf] DEBUG - Flushing: /opt/hivemq/data/persistence/client_session_subscriptions/043200_R/client_session_subscriptions_0
2025-01-29 13:43:30,150 INFO c.h.h.t.OperatorHelmChartContainer - [local-hivemq-1] [hivemq] [fcbb95bf] DEBUG - Flushing: /opt/hivemq/data/persistence/client_session_subscriptions/043200_R/client_session_subscriptions_1
2025-01-29 13:43:30,151 INFO c.h.h.t.OperatorHelmChartContainer - [local-hivemq-1] [hivemq] [fcbb95bf] DEBUG - Flushing: /opt/hivemq/data/persistence/client_session_subscriptions/043200_R/client_session_subscriptions_2
2025-01-29 13:43:30,151 INFO c.h.h.t.OperatorHelmChartContainer - [local-hivemq-1] [hivemq] [fcbb95bf] DEBUG - Flushing: /opt/hivemq/data/persistence/client_session_subscriptions/043200_R/client_session_subscriptions_3
2025-01-29 13:43:30,151 INFO c.h.h.t.OperatorHelmChartContainer - [local-hivemq-1] [hivemq] [fcbb95bf] DEBUG - Flushing: /opt/hivemq/data/persistence/client_session_subscriptions/043200_R/client_session_subscriptions_4
2025-01-29 13:43:30,152 INFO c.h.h.t.OperatorHelmChartContainer - [local-hivemq-1] [hivemq] [fcbb95bf] DEBUG - Flushing: /opt/hivemq/data/persistence/client_session_subscriptions/043200_R/client_session_subscriptions_5
2025-01-29 13:43:30,152 INFO c.h.h.t.OperatorHelmChartContainer - [local-hivemq-1] [hivemq] [fcbb95bf] DEBUG - Flushing: /opt/hivemq/data/persistence/client_session_subscriptions/043200_R/client_session_subscriptions_6
2025-01-29 13:43:30,152 INFO c.h.h.t.OperatorHelmChartContainer - [local-hivemq-1] [hivemq] [fcbb95bf] DEBUG - Flushing: /opt/hivemq/data/persistence/client_session_subscriptions/043200_R/client_session_subscriptions_7
2025-01-29 13:43:30,152 INFO c.h.h.t.OperatorHelmChartContainer - [local-hivemq-1] [hivemq] [fcbb95bf] DEBUG - Flushing: /opt/hivemq/data/persistence/client_session_subscriptions/043200_R/client_session_subscriptions_8
2025-01-29 13:43:30,152 INFO c.h.h.t.OperatorHelmChartContainer - [local-hivemq-1] [hivemq] [fcbb95bf] DEBUG - Flushing: /opt/hivemq/data/persistence/client_session_subscriptions/043200_R/client_session_subscriptions_9
2025-01-29 13:43:30,152 INFO c.h.h.t.OperatorHelmChartContainer - [local-hivemq-1] [hivemq] [fcbb95bf] DEBUG - Flushing: /opt/hivemq/data/persistence/client_session_subscriptions/043200_R/client_session_subscriptions_10
2025-01-29 13:43:30,153 INFO c.h.h.t.OperatorHelmChartContainer - [local-hivemq-1] [hivemq] [fcbb95bf] DEBUG - Flushing: /opt/hivemq/data/persistence/client_session_subscriptions/043200_R/client_session_subscriptions_12
2025-01-29 13:43:30,153 INFO c.h.h.t.OperatorHelmChartContainer - [local-hivemq-1] [hivemq] [fcbb95bf] DEBUG - Flushing: /opt/hivemq/data/persistence/client_session_subscriptions/043200_R/client_session_subscriptions_11
2025-01-29 13:43:30,153 INFO c.h.h.t.OperatorHelmChartContainer - [local-hivemq-1] [hivemq] [fcbb95bf] DEBUG - Flushing: /opt/hivemq/data/persistence/client_session_subscriptions/043200_R/client_session_subscriptions_13
2025-01-29 13:43:30,153 INFO c.h.h.t.OperatorHelmChartContainer - [local-hivemq-1] [hivemq] [fcbb95bf] DEBUG - Flushing: /opt/hivemq/data/persistence/client_session_subscriptions/043200_R/client_session_subscriptions_14
2025-01-29 13:43:30,153 INFO c.h.h.t.OperatorHelmChartContainer - [local-hivemq-1] [hivemq] [fcbb95bf] DEBUG - Flushing: /opt/hivemq/data/persistence/client_session_subscriptions/043200_R/client_session_subscriptions_15
2025-01-29 13:43:30,153 INFO c.h.h.t.OperatorHelmChartContainer - [local-hivemq-1] [hivemq] [fcbb95bf] DEBUG - Flushing: /opt/hivemq/data/persistence/client_session_subscriptions/043200_R/client_session_subscriptions_16
2025-01-29 13:43:30,153 INFO c.h.h.t.OperatorHelmChartContainer - [local-hivemq-1] [hivemq] [fcbb95bf] DEBUG - Flushing: /opt/hivemq/data/persistence/client_session_subscriptions/043200_R/client_session_subscriptions_17
2025-01-29 13:43:30,153 INFO c.h.h.t.OperatorHelmChartContainer - [local-hivemq-1] [hivemq] [fcbb95bf] DEBUG - Flushing: /opt/hivemq/data/persistence/client_session_subscriptions/043200_R/client_session_subscriptions_18
2025-01-29 13:43:30,153 INFO c.h.h.t.OperatorHelmChartContainer - [local-hivemq-1] [hivemq] [fcbb95bf] DEBUG - Flushing: /opt/hivemq/data/persistence/client_session_subscriptions/043200_R/client_session_subscriptions_19
2025-01-29 13:43:30,153 INFO c.h.h.t.OperatorHelmChartContainer - [local-hivemq-1] [hivemq] [fcbb95bf] DEBUG - Flushing: /opt/hivemq/data/persistence/client_session_subscriptions/043200_R/client_session_subscriptions_20
2025-01-29 13:43:30,153 INFO c.h.h.t.OperatorHelmChartContainer - [local-hivemq-1] [hivemq] [fcbb95bf] DEBUG - Flushing: /opt/hivemq/data/persistence/client_session_subscriptions/043200_R/client_session_subscriptions_21
2025-01-29 13:43:30,153 INFO c.h.h.t.OperatorHelmChartContainer - [local-hivemq-1] [hivemq] [fcbb95bf] DEBUG - Flushing: /opt/hivemq/data/persistence/client_session_subscriptions/043200_R/client_session_subscriptions_22
2025-01-29 13:43:30,153 INFO c.h.h.t.OperatorHelmChartContainer - [local-hivemq-1] [hivemq] [fcbb95bf] DEBUG - Flushing: /opt/hivemq/data/persistence/client_session_subscriptions/043200_R/client_session_subscriptions_23
2025-01-29 13:43:30,153 INFO c.h.h.t.OperatorHelmChartContainer - [local-hivemq-1] [hivemq] [fcbb95bf] DEBUG - Flushing: /opt/hivemq/data/persistence/client_session_subscriptions/043200_R/client_session_subscriptions_24
2025-01-29 13:43:30,153 INFO c.h.h.t.OperatorHelmChartContainer - [local-hivemq-1] [hivemq] [fcbb95bf] DEBUG - Flushing: /opt/hivemq/data/persistence/client_session_subscriptions/043200_R/client_session_subscriptions_25
2025-01-29 13:43:30,153 INFO c.h.h.t.OperatorHelmChartContainer - [local-hivemq-1] [hivemq] [fcbb95bf] DEBUG - Flushing: /opt/hivemq/data/persistence/client_session_subscriptions/043200_R/client_session_subscriptions_26
2025-01-29 13:43:30,153 INFO c.h.h.t.OperatorHelmChartContainer - [local-hivemq-1] [hivemq] [fcbb95bf] DEBUG - Flushing: /opt/hivemq/data/persistence/client_session_subscriptions/043200_R/client_session_subscriptions_28
2025-01-29 13:43:30,155 INFO c.h.h.t.OperatorHelmChartContainer - [local-hivemq-1] [hivemq] [fcbb95bf] DEBUG - Flushing: /opt/hivemq/data/persistence/client_session_subscriptions/043200_R/client_session_subscriptions_27
2025-01-29 13:43:30,155 INFO c.h.h.t.OperatorHelmChartContainer - [local-hivemq-1] [hivemq] [fcbb95bf] DEBUG - Flushing: /opt/hivemq/data/persistence/client_session_subscriptions/043200_R/client_session_subscriptions_29
2025-01-29 13:43:30,155 INFO c.h.h.t.OperatorHelmChartContainer - [local-hivemq-1] [hivemq] [fcbb95bf] DEBUG - Flushing: /opt/hivemq/data/persistence/client_session_subscriptions/043200_R/client_session_subscriptions_30
2025-01-29 13:43:30,155 INFO c.h.h.t.OperatorHelmChartContainer - [local-hivemq-1] [hivemq] [fcbb95bf] DEBUG - Flushing: /opt/hivemq/data/persistence/client_session_subscriptions/043200_R/client_session_subscriptions_32
2025-01-29 13:43:30,155 INFO c.h.h.t.OperatorHelmChartContainer - [local-hivemq-1] [hivemq] [fcbb95bf] DEBUG - Flushing: /opt/hivemq/data/persistence/client_session_subscriptions/043200_R/client_session_subscriptions_31
2025-01-29 13:43:30,155 INFO c.h.h.t.OperatorHelmChartContainer - [local-hivemq-1] [hivemq] [fcbb95bf] DEBUG - Flushing: /opt/hivemq/data/persistence/client_session_subscriptions/043200_R/client_session_subscriptions_34
2025-01-29 13:43:30,155 INFO c.h.h.t.OperatorHelmChartContainer - [local-hivemq-1] [hivemq] [fcbb95bf] DEBUG - Flushing: /opt/hivemq/data/persistence/client_session_subscriptions/043200_R/client_session_subscriptions_33
2025-01-29 13:43:30,155 INFO c.h.h.t.OperatorHelmChartContainer - [local-hivemq-1] [hivemq] [fcbb95bf] DEBUG - Flushing: /opt/hivemq/data/persistence/client_session_subscriptions/043200_R/client_session_subscriptions_35
2025-01-29 13:43:30,155 INFO c.h.h.t.OperatorHelmChartContainer - [local-hivemq-1] [hivemq] [fcbb95bf] DEBUG - Flushing: /opt/hivemq/data/persistence/client_session_subscriptions/043200_R/client_session_subscriptions_36
2025-01-29 13:43:30,155 INFO c.h.h.t.OperatorHelmChartContainer - [local-hivemq-1] [hivemq] [fcbb95bf] DEBUG - Flushing: /opt/hivemq/data/persistence/client_session_subscriptions/043200_R/client_session_subscriptions_37
2025-01-29 13:43:30,155 INFO c.h.h.t.OperatorHelmChartContainer - [local-hivemq-1] [hivemq] [fcbb95bf] DEBUG - Flushing: /opt/hivemq/data/persistence/client_session_subscriptions/043200_R/client_session_subscriptions_38
2025-01-29 13:43:30,155 INFO c.h.h.t.OperatorHelmChartContainer - [local-hivemq-1] [hivemq] [fcbb95bf] DEBUG - Flushing: /opt/hivemq/data/persistence/client_session_subscriptions/043200_R/client_session_subscriptions_39
2025-01-29 13:43:30,155 INFO c.h.h.t.OperatorHelmChartContainer - [local-hivemq-1] [hivemq] [fcbb95bf] DEBUG - Flushing: /opt/hivemq/data/persistence/client_session_subscriptions/043200_R/client_session_subscriptions_42
2025-01-29 13:43:30,156 INFO c.h.h.t.OperatorHelmChartContainer - [local-hivemq-1] [hivemq] [fcbb95bf] DEBUG - Flushing: /opt/hivemq/data/persistence/client_session_subscriptions/043200_R/client_session_subscriptions_41
2025-01-29 13:43:30,156 INFO c.h.h.t.OperatorHelmChartContainer - [local-hivemq-1] [hivemq] [fcbb95bf] DEBUG - Flushing: /opt/hivemq/data/persistence/client_session_subscriptions/043200_R/client_session_subscriptions_40
2025-01-29 13:43:30,156 INFO c.h.h.t.OperatorHelmChartContainer - [local-hivemq-1] [hivemq] [fcbb95bf] DEBUG - Flushing: /opt/hivemq/data/persistence/client_session_subscriptions/043200_R/client_session_subscriptions_43
2025-01-29 13:43:30,156 INFO c.h.h.t.OperatorHelmChartContainer - [local-hivemq-1] [hivemq] [fcbb95bf] DEBUG - Flushing: /opt/hivemq/data/persistence/client_session_subscriptions/043200_R/client_session_subscriptions_44
2025-01-29 13:43:30,157 INFO c.h.h.t.OperatorHelmChartContainer - [local-hivemq-1] [hivemq] [fcbb95bf] DEBUG - Flushing: /opt/hivemq/data/persistence/client_session_subscriptions/043200_R/client_session_subscriptions_45
2025-01-29 13:43:30,157 INFO c.h.h.t.OperatorHelmChartContainer - [local-hivemq-1] [hivemq] [fcbb95bf] DEBUG - Flushing: /opt/hivemq/data/persistence/client_session_subscriptions/043200_R/client_session_subscriptions_46
2025-01-29 13:43:30,157 INFO c.h.h.t.OperatorHelmChartContainer - [local-hivemq-1] [hivemq] [fcbb95bf] DEBUG - Flushing: /opt/hivemq/data/persistence/client_session_subscriptions/043200_R/client_session_subscriptions_47
2025-01-29 13:43:30,157 INFO c.h.h.t.OperatorHelmChartContainer - [local-hivemq-1] [hivemq] [fcbb95bf] DEBUG - Flushing: /opt/hivemq/data/persistence/client_session_subscriptions/043200_R/client_session_subscriptions_48
2025-01-29 13:43:30,157 INFO c.h.h.t.OperatorHelmChartContainer - [local-hivemq-1] [hivemq] [fcbb95bf] DEBUG - Flushing: /opt/hivemq/data/persistence/client_session_subscriptions/043200_R/client_session_subscriptions_49
2025-01-29 13:43:30,157 INFO c.h.h.t.OperatorHelmChartContainer - [local-hivemq-1] [hivemq] [fcbb95bf] DEBUG - Flushing: /opt/hivemq/data/persistence/client_session_subscriptions/043200_R/client_session_subscriptions_50
2025-01-29 13:43:30,161 INFO c.h.h.t.OperatorHelmChartContainer - [local-hivemq-1] [hivemq] [fcbb95bf] DEBUG - Flushing: /opt/hivemq/data/persistence/client_session_subscriptions/043200_R/client_session_subscriptions_51
2025-01-29 13:43:30,161 INFO c.h.h.t.OperatorHelmChartContainer - [local-hivemq-1] [hivemq] [fcbb95bf] DEBUG - Flushing: /opt/hivemq/data/persistence/client_session_subscriptions/043200_R/client_session_subscriptions_53
2025-01-29 13:43:30,161 INFO c.h.h.t.OperatorHelmChartContainer - [local-hivemq-1] [hivemq] [fcbb95bf] DEBUG - Flushing: /opt/hivemq/data/persistence/client_session_subscriptions/043200_R/client_session_subscriptions_52
2025-01-29 13:43:30,161 INFO c.h.h.t.OperatorHelmChartContainer - [local-hivemq-1] [hivemq] [fcbb95bf] DEBUG - Flushing: /opt/hivemq/data/persistence/client_session_subscriptions/043200_R/client_session_subscriptions_54
2025-01-29 13:43:30,161 INFO c.h.h.t.OperatorHelmChartContainer - [local-hivemq-1] [hivemq] [fcbb95bf] DEBUG - Flushing: /opt/hivemq/data/persistence/client_session_subscriptions/043200_R/client_session_subscriptions_55
2025-01-29 13:43:30,161 INFO c.h.h.t.OperatorHelmChartContainer - [local-hivemq-1] [hivemq] [fcbb95bf] DEBUG - Flushing: /opt/hivemq/data/persistence/client_session_subscriptions/043200_R/client_session_subscriptions_56
2025-01-29 13:43:30,161 INFO c.h.h.t.OperatorHelmChartContainer - [local-hivemq-1] [hivemq] [fcbb95bf] DEBUG - Flushing: /opt/hivemq/data/persistence/client_session_subscriptions/043200_R/client_session_subscriptions_57
2025-01-29 13:43:30,161 INFO c.h.h.t.OperatorHelmChartContainer - [local-hivemq-1] [hivemq] [fcbb95bf] DEBUG - Flushing: /opt/hivemq/data/persistence/client_session_subscriptions/043200_R/client_session_subscriptions_58
2025-01-29 13:43:30,161 INFO c.h.h.t.OperatorHelmChartContainer - [local-hivemq-1] [hivemq] [fcbb95bf] DEBUG - Flushing: /opt/hivemq/data/persistence/client_session_subscriptions/043200_R/client_session_subscriptions_59
2025-01-29 13:43:30,161 INFO c.h.h.t.OperatorHelmChartContainer - [local-hivemq-1] [hivemq] [fcbb95bf] DEBUG - Flushing: /opt/hivemq/data/persistence/client_session_subscriptions/043200_R/client_session_subscriptions_61
2025-01-29 13:43:30,161 INFO c.h.h.t.OperatorHelmChartContainer - [local-hivemq-1] [hivemq] [fcbb95bf] DEBUG - Flushing: /opt/hivemq/data/persistence/client_session_subscriptions/043200_R/client_session_subscriptions_60
2025-01-29 13:43:30,161 INFO c.h.h.t.OperatorHelmChartContainer - [local-hivemq-1] [hivemq] [fcbb95bf] DEBUG - Flushing: /opt/hivemq/data/persistence/client_session_subscriptions/043200_R/client_session_subscriptions_62
2025-01-29 13:43:30,161 INFO c.h.h.t.OperatorHelmChartContainer - [local-hivemq-1] [hivemq] [fcbb95bf] DEBUG - Flushing: /opt/hivemq/data/persistence/client_session_subscriptions/043200_R/client_session_subscriptions_63
2025-01-29 13:43:30,161 INFO c.h.h.t.OperatorHelmChartContainer - [local-hivemq-1] [hivemq] [fcbb95bf] DEBUG - Flushing: /opt/hivemq/data/persistence/client_session_store/040100_R/client_session_store_11
2025-01-29 13:43:30,163 INFO c.h.h.t.OperatorHelmChartContainer - [local-hivemq-1] [hivemq] [fcbb95bf] DEBUG - Flushing: /opt/hivemq/data/persistence/client_session_store/040100_R/client_session_store_12
2025-01-29 13:43:30,163 INFO c.h.h.t.OperatorHelmChartContainer - [local-hivemq-1] [hivemq] [fcbb95bf] DEBUG - Flushing: /opt/hivemq/data/persistence/client_session_store/040100_R/client_session_store_13
2025-01-29 13:43:30,163 INFO c.h.h.t.OperatorHelmChartContainer - [local-hivemq-1] [hivemq] [fcbb95bf] DEBUG - Flushing: /opt/hivemq/data/persistence/client_session_store/040100_R/client_session_store_14
2025-01-29 13:43:30,163 INFO c.h.h.t.OperatorHelmChartContainer - [local-hivemq-1] [hivemq] [fcbb95bf] DEBUG - Flushing: /opt/hivemq/data/persistence/client_session_store/040100_R/client_session_store_15
2025-01-29 13:43:30,163 INFO c.h.h.t.OperatorHelmChartContainer - [local-hivemq-1] [hivemq] [fcbb95bf] DEBUG - Flushing: /opt/hivemq/data/persistence/client_session_store/040100_R/client_session_store_16
2025-01-29 13:43:30,163 INFO c.h.h.t.OperatorHelmChartContainer - [local-hivemq-1] [hivemq] [fcbb95bf] DEBUG - Flushing: /opt/hivemq/data/persistence/client_session_store/040100_R/client_session_store_17
2025-01-29 13:43:30,163 INFO c.h.h.t.OperatorHelmChartContainer - [local-hivemq-1] [hivemq] [fcbb95bf] DEBUG - Flushing: /opt/hivemq/data/persistence/client_session_store/040100_R/client_session_store_18
2025-01-29 13:43:30,163 INFO c.h.h.t.OperatorHelmChartContainer - [local-hivemq-1] [hivemq] [fcbb95bf] DEBUG - Flushing: /opt/hivemq/data/persistence/client_session_store/040100_R/client_session_store_19
2025-01-29 13:43:30,163 INFO c.h.h.t.OperatorHelmChartContainer - [local-hivemq-1] [hivemq] [fcbb95bf] DEBUG - Flushing: /opt/hivemq/data/persistence/client_session_store/040100_R/client_session_store_21
2025-01-29 13:43:30,163 INFO c.h.h.t.OperatorHelmChartContainer - [local-hivemq-1] [hivemq] [fcbb95bf] DEBUG - Flushing: /opt/hivemq/data/persistence/client_session_store/040100_R/client_session_store_20
2025-01-29 13:43:30,163 INFO c.h.h.t.OperatorHelmChartContainer - [local-hivemq-1] [hivemq] [fcbb95bf] DEBUG - Flushing: /opt/hivemq/data/persistence/client_session_store/040100_R/client_session_store_22
2025-01-29 13:43:30,163 INFO c.h.h.t.OperatorHelmChartContainer - [local-hivemq-1] [hivemq] [fcbb95bf] DEBUG - Flushing: /opt/hivemq/data/persistence/client_session_store/040100_R/client_session_store_23
2025-01-29 13:43:30,163 INFO c.h.h.t.OperatorHelmChartContainer - [local-hivemq-1] [hivemq] [fcbb95bf] DEBUG - Flushing: /opt/hivemq/data/persistence/client_session_store/040100_R/client_session_store_25
2025-01-29 13:43:30,163 INFO c.h.h.t.OperatorHelmChartContainer - [local-hivemq-1] [hivemq] [fcbb95bf] DEBUG - Flushing: /opt/hivemq/data/persistence/client_session_store/040100_R/client_session_store_24
2025-01-29 13:43:30,163 INFO c.h.h.t.OperatorHelmChartContainer - [local-hivemq-1] [hivemq] [fcbb95bf] DEBUG - Flushing: /opt/hivemq/data/persistence/client_session_store/040100_R/client_session_store_26
2025-01-29 13:43:30,163 INFO c.h.h.t.OperatorHelmChartContainer - [local-hivemq-1] [hivemq] [fcbb95bf] DEBUG - Flushing: /opt/hivemq/data/persistence/client_session_store/040100_R/client_session_store_27
2025-01-29 13:43:30,163 INFO c.h.h.t.OperatorHelmChartContainer - [local-hivemq-1] [hivemq] [fcbb95bf] DEBUG - Flushing: /opt/hivemq/data/persistence/client_session_store/040100_R/client_session_store_28
2025-01-29 13:43:30,163 INFO c.h.h.t.OperatorHelmChartContainer - [local-hivemq-1] [hivemq] [fcbb95bf] DEBUG - Flushing: /opt/hivemq/data/persistence/client_session_store/040100_R/client_session_store_29
2025-01-29 13:43:30,163 INFO c.h.h.t.OperatorHelmChartContainer - [local-hivemq-1] [hivemq] [fcbb95bf] DEBUG - Flushing: /opt/hivemq/data/persistence/client_session_store/040100_R/client_session_store_31
2025-01-29 13:43:30,163 INFO c.h.h.t.OperatorHelmChartContainer - [local-hivemq-1] [hivemq] [fcbb95bf] DEBUG - Flushing: /opt/hivemq/data/persistence/client_session_store/040100_R/client_session_store_30
2025-01-29 13:43:30,164 INFO c.h.h.t.OperatorHelmChartContainer - [local-hivemq-1] [hivemq] [fcbb95bf] DEBUG - Flushing: /opt/hivemq/data/persistence/client_session_store/040100_R/client_session_store_32
2025-01-29 13:43:30,164 INFO c.h.h.t.OperatorHelmChartContainer - [local-hivemq-1] [hivemq] [fcbb95bf] DEBUG - Flushing: /opt/hivemq/data/persistence/client_session_store/040100_R/client_session_store_34
2025-01-29 13:43:30,164 INFO c.h.h.t.OperatorHelmChartContainer - [local-hivemq-1] [hivemq] [fcbb95bf] DEBUG - Flushing: /opt/hivemq/data/persistence/client_session_store/040100_R/client_session_store_33
2025-01-29 13:43:30,164 INFO c.h.h.t.OperatorHelmChartContainer - [local-hivemq-1] [hivemq] [fcbb95bf] DEBUG - Flushing: /opt/hivemq/data/persistence/client_session_store/040100_R/client_session_store_35
2025-01-29 13:43:30,164 INFO c.h.h.t.OperatorHelmChartContainer - [local-hivemq-1] [hivemq] [fcbb95bf] DEBUG - Flushing: /opt/hivemq/data/persistence/client_session_store/040100_R/client_session_store_36
2025-01-29 13:43:30,164 INFO c.h.h.t.OperatorHelmChartContainer - [local-hivemq-1] [hivemq] [fcbb95bf] DEBUG - Flushing: /opt/hivemq/data/persistence/client_session_store/040100_R/client_session_store_37
2025-01-29 13:43:30,164 INFO c.h.h.t.OperatorHelmChartContainer - [local-hivemq-1] [hivemq] [fcbb95bf] DEBUG - Flushing: /opt/hivemq/data/persistence/client_session_store/040100_R/client_session_store_38
2025-01-29 13:43:30,164 INFO c.h.h.t.OperatorHelmChartContainer - [local-hivemq-1] [hivemq] [fcbb95bf] DEBUG - Flushing: /opt/hivemq/data/persistence/client_session_store/040100_R/client_session_store_39
2025-01-29 13:43:30,164 INFO c.h.h.t.OperatorHelmChartContainer - [local-hivemq-1] [hivemq] [fcbb95bf] DEBUG - Flushing: /opt/hivemq/data/persistence/client_session_store/040100_R/client_session_store_40
2025-01-29 13:43:30,164 INFO c.h.h.t.OperatorHelmChartContainer - [local-hivemq-1] [hivemq] [fcbb95bf] DEBUG - Flushing: /opt/hivemq/data/persistence/client_session_store/040100_R/client_session_store_41
2025-01-29 13:43:30,164 INFO c.h.h.t.OperatorHelmChartContainer - [local-hivemq-1] [hivemq] [fcbb95bf] DEBUG - Flushing: /opt/hivemq/data/persistence/client_session_store/040100_R/client_session_store_42
2025-01-29 13:43:30,164 INFO c.h.h.t.OperatorHelmChartContainer - [local-hivemq-1] [hivemq] [fcbb95bf] DEBUG - Flushing: /opt/hivemq/data/persistence/client_session_store/040100_R/client_session_store_43
2025-01-29 13:43:30,164 INFO c.h.h.t.OperatorHelmChartContainer - [local-hivemq-1] [hivemq] [fcbb95bf] DEBUG - Flushing: /opt/hivemq/data/persistence/client_session_store/040100_R/client_session_store_44
2025-01-29 13:43:30,164 INFO c.h.h.t.OperatorHelmChartContainer - [local-hivemq-1] [hivemq] [fcbb95bf] DEBUG - Flushing: /opt/hivemq/data/persistence/client_session_store/040100_R/client_session_store_45
2025-01-29 13:43:30,164 INFO c.h.h.t.OperatorHelmChartContainer - [local-hivemq-1] [hivemq] [fcbb95bf] DEBUG - Flushing: /opt/hivemq/data/persistence/client_session_store/040100_R/client_session_store_47
2025-01-29 13:43:30,164 INFO c.h.h.t.OperatorHelmChartContainer - [local-hivemq-1] [hivemq] [fcbb95bf] DEBUG - Flushing: /opt/hivemq/data/persistence/client_session_store/040100_R/client_session_store_46
2025-01-29 13:43:30,164 INFO c.h.h.t.OperatorHelmChartContainer - [local-hivemq-1] [hivemq] [fcbb95bf] DEBUG - Flushing: /opt/hivemq/data/persistence/client_session_store/040100_R/client_session_store_48
2025-01-29 13:43:30,164 INFO c.h.h.t.OperatorHelmChartContainer - [local-hivemq-1] [hivemq] [fcbb95bf] DEBUG - Flushing: /opt/hivemq/data/persistence/client_session_store/040100_R/client_session_store_49
2025-01-29 13:43:30,164 INFO c.h.h.t.OperatorHelmChartContainer - [local-hivemq-1] [hivemq] [fcbb95bf] DEBUG - Flushing: /opt/hivemq/data/persistence/client_session_store/040100_R/client_session_store_50
2025-01-29 13:43:30,164 INFO c.h.h.t.OperatorHelmChartContainer - [local-hivemq-1] [hivemq] [fcbb95bf] DEBUG - Flushing: /opt/hivemq/data/persistence/client_session_store/040100_R/client_session_store_51
2025-01-29 13:43:30,164 INFO c.h.h.t.OperatorHelmChartContainer - [local-hivemq-1] [hivemq] [fcbb95bf] DEBUG - Flushing: /opt/hivemq/data/persistence/client_session_store/040100_R/client_session_store_52
2025-01-29 13:43:30,164 INFO c.h.h.t.OperatorHelmChartContainer - [local-hivemq-1] [hivemq] [fcbb95bf] DEBUG - Flushing: /opt/hivemq/data/persistence/client_session_store/040100_R/client_session_store_53
2025-01-29 13:43:30,166 INFO c.h.h.t.OperatorHelmChartContainer - [local-hivemq-1] [hivemq] [fcbb95bf] DEBUG - Flushing: /opt/hivemq/data/persistence/client_session_store/040100_R/client_session_store_54
2025-01-29 13:43:30,166 INFO c.h.h.t.OperatorHelmChartContainer - [local-hivemq-1] [hivemq] [fcbb95bf] DEBUG - Flushing: /opt/hivemq/data/persistence/client_session_store/040100_R/client_session_store_55
2025-01-29 13:43:30,166 INFO c.h.h.t.OperatorHelmChartContainer - [local-hivemq-1] [hivemq] [fcbb95bf] DEBUG - Flushing: /opt/hivemq/data/persistence/client_session_store/040100_R/client_session_store_57
2025-01-29 13:43:30,166 INFO c.h.h.t.OperatorHelmChartContainer - [local-hivemq-1] [hivemq] [fcbb95bf] DEBUG - Flushing: /opt/hivemq/data/persistence/client_session_store/040100_R/client_session_store_56
2025-01-29 13:43:30,166 INFO c.h.h.t.OperatorHelmChartContainer - [local-hivemq-1] [hivemq] [fcbb95bf] DEBUG - Flushing: /opt/hivemq/data/persistence/client_session_store/040100_R/client_session_store_58
2025-01-29 13:43:30,166 INFO c.h.h.t.OperatorHelmChartContainer - [local-hivemq-1] [hivemq] [fcbb95bf] DEBUG - Flushing: /opt/hivemq/data/persistence/client_session_store/040100_R/client_session_store_60
2025-01-29 13:43:30,166 INFO c.h.h.t.OperatorHelmChartContainer - [local-hivemq-1] [hivemq] [fcbb95bf] DEBUG - Flushing: /opt/hivemq/data/persistence/client_session_store/040100_R/client_session_store_59
2025-01-29 13:43:30,166 INFO c.h.h.t.OperatorHelmChartContainer - [local-hivemq-1] [hivemq] [fcbb95bf] DEBUG - Flushing: /opt/hivemq/data/persistence/client_session_store/040100_R/client_session_store_61
2025-01-29 13:43:30,166 INFO c.h.h.t.OperatorHelmChartContainer - [local-hivemq-1] [hivemq] [fcbb95bf] DEBUG - Flushing: /opt/hivemq/data/persistence/client_session_store/040100_R/client_session_store_62
2025-01-29 13:43:30,166 INFO c.h.h.t.OperatorHelmChartContainer - [local-hivemq-1] [hivemq] [fcbb95bf] DEBUG - Flushing: /opt/hivemq/data/persistence/client_session_store/040100_R/client_session_store_63
2025-01-29 13:43:30,166 INFO c.h.h.t.OperatorHelmChartContainer - [local-hivemq-1] [hivemq] [fcbb95bf] DEBUG - Flushing: /opt/hivemq/data/persistence/retained_messages/040800_R/retained_messages_1
2025-01-29 13:43:30,166 INFO c.h.h.t.OperatorHelmChartContainer - [local-hivemq-1] [hivemq] [fcbb95bf] DEBUG - Flushing: /opt/hivemq/data/persistence/retained_messages/040800_R/retained_messages_0
2025-01-29 13:43:30,166 INFO c.h.h.t.OperatorHelmChartContainer - [local-hivemq-1] [hivemq] [fcbb95bf] DEBUG - Flushing: /opt/hivemq/data/persistence/retained_messages/040800_R/retained_messages_3
2025-01-29 13:43:30,166 INFO c.h.h.t.OperatorHelmChartContainer - [local-hivemq-1] [hivemq] [fcbb95bf] DEBUG - Flushing: /opt/hivemq/data/persistence/retained_messages/040800_R/retained_messages_2
2025-01-29 13:43:30,166 INFO c.h.h.t.OperatorHelmChartContainer - [local-hivemq-1] [hivemq] [fcbb95bf] DEBUG - Flushing: /opt/hivemq/data/persistence/retained_messages/040800_R/retained_messages_5
2025-01-29 13:43:30,167 INFO c.h.h.t.OperatorHelmChartContainer - [local-hivemq-1] [hivemq] [fcbb95bf] DEBUG - Flushing: /opt/hivemq/data/persistence/retained_messages/040800_R/retained_messages_4
2025-01-29 13:43:30,167 INFO c.h.h.t.OperatorHelmChartContainer - [local-hivemq-1] [hivemq] [fcbb95bf] DEBUG - Flushing: /opt/hivemq/data/persistence/retained_messages/040800_R/retained_messages_6
2025-01-29 13:43:30,167 INFO c.h.h.t.OperatorHelmChartContainer - [local-hivemq-1] [hivemq] [fcbb95bf] DEBUG - Flushing: /opt/hivemq/data/persistence/retained_messages/040800_R/retained_messages_7
2025-01-29 13:43:30,167 INFO c.h.h.t.OperatorHelmChartContainer - [local-hivemq-1] [hivemq] [fcbb95bf] DEBUG - Flushing: /opt/hivemq/data/persistence/retained_messages/040800_R/retained_messages_8
2025-01-29 13:43:30,167 INFO c.h.h.t.OperatorHelmChartContainer - [local-hivemq-1] [hivemq] [fcbb95bf] DEBUG - Flushing: /opt/hivemq/data/persistence/retained_messages/040800_R/retained_messages_9
2025-01-29 13:43:30,167 INFO c.h.h.t.OperatorHelmChartContainer - [local-hivemq-1] [hivemq] [fcbb95bf] DEBUG - Flushing: /opt/hivemq/data/persistence/retained_messages/040800_R/retained_messages_10
2025-01-29 13:43:30,167 INFO c.h.h.t.OperatorHelmChartContainer - [local-hivemq-1] [hivemq] [fcbb95bf] DEBUG - Flushing: /opt/hivemq/data/persistence/retained_messages/040800_R/retained_messages_11
2025-01-29 13:43:30,167 INFO c.h.h.t.OperatorHelmChartContainer - [local-hivemq-1] [hivemq] [fcbb95bf] DEBUG - Flushing: /opt/hivemq/data/persistence/retained_messages/040800_R/retained_messages_13
2025-01-29 13:43:30,167 INFO c.h.h.t.OperatorHelmChartContainer - [local-hivemq-1] [hivemq] [fcbb95bf] DEBUG - Flushing: /opt/hivemq/data/persistence/retained_messages/040800_R/retained_messages_12
2025-01-29 13:43:30,167 INFO c.h.h.t.OperatorHelmChartContainer - [local-hivemq-1] [hivemq] [fcbb95bf] DEBUG - Flushing: /opt/hivemq/data/persistence/retained_messages/040800_R/retained_messages_14
2025-01-29 13:43:30,167 INFO c.h.h.t.OperatorHelmChartContainer - [local-hivemq-1] [hivemq] [fcbb95bf] DEBUG - Flushing: /opt/hivemq/data/persistence/retained_messages/040800_R/retained_messages_15
2025-01-29 13:43:30,167 INFO c.h.h.t.OperatorHelmChartContainer - [local-hivemq-1] [hivemq] [fcbb95bf] DEBUG - Flushing: /opt/hivemq/data/persistence/retained_messages/040800_R/retained_messages_18
2025-01-29 13:43:30,167 INFO c.h.h.t.OperatorHelmChartContainer - [local-hivemq-1] [hivemq] [fcbb95bf] DEBUG - Flushing: /opt/hivemq/data/persistence/retained_messages/040800_R/retained_messages_16
2025-01-29 13:43:30,167 INFO c.h.h.t.OperatorHelmChartContainer - [local-hivemq-1] [hivemq] [fcbb95bf] DEBUG - Flushing: /opt/hivemq/data/persistence/retained_messages/040800_R/retained_messages_17
2025-01-29 13:43:30,167 INFO c.h.h.t.OperatorHelmChartContainer - [local-hivemq-1] [hivemq] [fcbb95bf] DEBUG - Flushing: /opt/hivemq/data/persistence/retained_messages/040800_R/retained_messages_19
2025-01-29 13:43:30,167 INFO c.h.h.t.OperatorHelmChartContainer - [local-hivemq-1] [hivemq] [fcbb95bf] DEBUG - Flushing: /opt/hivemq/data/persistence/retained_messages/040800_R/retained_messages_20
2025-01-29 13:43:30,167 INFO c.h.h.t.OperatorHelmChartContainer - [local-hivemq-1] [hivemq] [fcbb95bf] DEBUG - Flushing: /opt/hivemq/data/persistence/retained_messages/040800_R/retained_messages_21
2025-01-29 13:43:30,167 INFO c.h.h.t.OperatorHelmChartContainer - [local-hivemq-1] [hivemq] [fcbb95bf] DEBUG - Flushing: /opt/hivemq/data/persistence/retained_messages/040800_R/retained_messages_22
2025-01-29 13:43:30,168 INFO c.h.h.t.OperatorHelmChartContainer - [local-hivemq-1] [hivemq] [fcbb95bf] DEBUG - Flushing: /opt/hivemq/data/persistence/retained_messages/040800_R/retained_messages_23
2025-01-29 13:43:30,168 INFO c.h.h.t.OperatorHelmChartContainer - [local-hivemq-1] [hivemq] [fcbb95bf] DEBUG - Flushing: /opt/hivemq/data/persistence/retained_messages/040800_R/retained_messages_24
2025-01-29 13:43:30,168 INFO c.h.h.t.OperatorHelmChartContainer - [local-hivemq-1] [hivemq] [fcbb95bf] DEBUG - Flushing: /opt/hivemq/data/persistence/retained_messages/040800_R/retained_messages_25
2025-01-29 13:43:30,168 INFO c.h.h.t.OperatorHelmChartContainer - [local-hivemq-1] [hivemq] [fcbb95bf] DEBUG - Flushing: /opt/hivemq/data/persistence/retained_messages/040800_R/retained_messages_26
2025-01-29 13:43:30,168 INFO c.h.h.t.OperatorHelmChartContainer - [local-hivemq-1] [hivemq] [fcbb95bf] DEBUG - Flushing: /opt/hivemq/data/persistence/retained_messages/040800_R/retained_messages_27
2025-01-29 13:43:30,168 INFO c.h.h.t.OperatorHelmChartContainer - [local-hivemq-1] [hivemq] [fcbb95bf] DEBUG - Flushing: /opt/hivemq/data/persistence/retained_messages/040800_R/retained_messages_28
2025-01-29 13:43:30,168 INFO c.h.h.t.OperatorHelmChartContainer - [local-hivemq-1] [hivemq] [fcbb95bf] DEBUG - Flushing: /opt/hivemq/data/persistence/retained_messages/040800_R/retained_messages_29
2025-01-29 13:43:30,168 INFO c.h.h.t.OperatorHelmChartContainer - [local-hivemq-1] [hivemq] [fcbb95bf] DEBUG - Flushing: /opt/hivemq/data/persistence/retained_messages/040800_R/retained_messages_31
2025-01-29 13:43:30,168 INFO c.h.h.t.OperatorHelmChartContainer - [local-hivemq-1] [hivemq] [fcbb95bf] DEBUG - Flushing: /opt/hivemq/data/persistence/retained_messages/040800_R/retained_messages_30
2025-01-29 13:43:30,168 INFO c.h.h.t.OperatorHelmChartContainer - [local-hivemq-1] [hivemq] [fcbb95bf] DEBUG - Flushing: /opt/hivemq/data/persistence/retained_messages/040800_R/retained_messages_32
2025-01-29 13:43:30,168 INFO c.h.h.t.OperatorHelmChartContainer - [local-hivemq-1] [hivemq] [fcbb95bf] DEBUG - Flushing: /opt/hivemq/data/persistence/retained_messages/040800_R/retained_messages_33
2025-01-29 13:43:30,168 INFO c.h.h.t.OperatorHelmChartContainer - [local-hivemq-1] [hivemq] [fcbb95bf] DEBUG - Flushing: /opt/hivemq/data/persistence/retained_messages/040800_R/retained_messages_34
2025-01-29 13:43:30,168 INFO c.h.h.t.OperatorHelmChartContainer - [local-hivemq-1] [hivemq] [fcbb95bf] DEBUG - Flushing: /opt/hivemq/data/persistence/retained_messages/040800_R/retained_messages_35
2025-01-29 13:43:30,168 INFO c.h.h.t.OperatorHelmChartContainer - [local-hivemq-1] [hivemq] [fcbb95bf] DEBUG - Flushing: /opt/hivemq/data/persistence/retained_messages/040800_R/retained_messages_36
2025-01-29 13:43:30,168 INFO c.h.h.t.OperatorHelmChartContainer - [local-hivemq-1] [hivemq] [fcbb95bf] DEBUG - Flushing: /opt/hivemq/data/persistence/retained_messages/040800_R/retained_messages_37
2025-01-29 13:43:30,168 INFO c.h.h.t.OperatorHelmChartContainer - [local-hivemq-1] [hivemq] [fcbb95bf] DEBUG - Flushing: /opt/hivemq/data/persistence/retained_messages/040800_R/retained_messages_39
2025-01-29 13:43:30,168 INFO c.h.h.t.OperatorHelmChartContainer - [local-hivemq-1] [hivemq] [fcbb95bf] DEBUG - Flushing: /opt/hivemq/data/persistence/retained_messages/040800_R/retained_messages_38
2025-01-29 13:43:30,168 INFO c.h.h.t.OperatorHelmChartContainer - [local-hivemq-1] [hivemq] [fcbb95bf] DEBUG - Flushing: /opt/hivemq/data/persistence/retained_messages/040800_R/retained_messages_40
2025-01-29 13:43:30,169 INFO c.h.h.t.OperatorHelmChartContainer - [local-hivemq-1] [hivemq] [fcbb95bf] DEBUG - Flushing: /opt/hivemq/data/persistence/retained_messages/040800_R/retained_messages_41
2025-01-29 13:43:30,169 INFO c.h.h.t.OperatorHelmChartContainer - [local-hivemq-1] [hivemq] [fcbb95bf] DEBUG - Flushing: /opt/hivemq/data/persistence/retained_messages/040800_R/retained_messages_42
2025-01-29 13:43:30,169 INFO c.h.h.t.OperatorHelmChartContainer - [local-hivemq-1] [hivemq] [fcbb95bf] DEBUG - Flushing: /opt/hivemq/data/persistence/retained_messages/040800_R/retained_messages_43
2025-01-29 13:43:30,171 INFO c.h.h.t.OperatorHelmChartContainer - [local-hivemq-1] [hivemq] [fcbb95bf] DEBUG - Flushing: /opt/hivemq/data/persistence/retained_messages/040800_R/retained_messages_44
2025-01-29 13:43:30,173 INFO c.h.h.t.OperatorHelmChartContainer - [local-hivemq-1] [hivemq] [fcbb95bf] DEBUG - Flushing: /opt/hivemq/data/persistence/retained_messages/040800_R/retained_messages_45
2025-01-29 13:43:30,173 INFO c.h.h.t.OperatorHelmChartContainer - [local-hivemq-1] [hivemq] [fcbb95bf] DEBUG - Flushing: /opt/hivemq/data/persistence/retained_messages/040800_R/retained_messages_46
2025-01-29 13:43:30,173 INFO c.h.h.t.OperatorHelmChartContainer - [local-hivemq-1] [hivemq] [fcbb95bf] DEBUG - Flushing: /opt/hivemq/data/persistence/retained_messages/040800_R/retained_messages_47
2025-01-29 13:43:30,173 INFO c.h.h.t.OperatorHelmChartContainer - [local-hivemq-1] [hivemq] [fcbb95bf] DEBUG - Flushing: /opt/hivemq/data/persistence/retained_messages/040800_R/retained_messages_48
2025-01-29 13:43:30,173 INFO c.h.h.t.OperatorHelmChartContainer - [local-hivemq-1] [hivemq] [fcbb95bf] DEBUG - Flushing: /opt/hivemq/data/persistence/retained_messages/040800_R/retained_messages_49
2025-01-29 13:43:30,173 INFO c.h.h.t.OperatorHelmChartContainer - [local-hivemq-1] [hivemq] [fcbb95bf] DEBUG - Flushing: /opt/hivemq/data/persistence/retained_messages/040800_R/retained_messages_50
2025-01-29 13:43:30,173 INFO c.h.h.t.OperatorHelmChartContainer - [local-hivemq-1] [hivemq] [fcbb95bf] DEBUG - Flushing: /opt/hivemq/data/persistence/retained_messages/040800_R/retained_messages_51
2025-01-29 13:43:30,173 INFO c.h.h.t.OperatorHelmChartContainer - [local-hivemq-1] [hivemq] [fcbb95bf] DEBUG - Flushing: /opt/hivemq/data/persistence/retained_messages/040800_R/retained_messages_52
2025-01-29 13:43:30,173 INFO c.h.h.t.OperatorHelmChartContainer - [local-hivemq-1] [hivemq] [fcbb95bf] DEBUG - Flushing: /opt/hivemq/data/persistence/retained_messages/040800_R/retained_messages_53
2025-01-29 13:43:30,173 INFO c.h.h.t.OperatorHelmChartContainer - [local-hivemq-1] [hivemq] [fcbb95bf] DEBUG - Flushing: /opt/hivemq/data/persistence/retained_messages/040800_R/retained_messages_55
2025-01-29 13:43:30,173 INFO c.h.h.t.OperatorHelmChartContainer - [local-hivemq-1] [hivemq] [fcbb95bf] DEBUG - Flushing: /opt/hivemq/data/persistence/retained_messages/040800_R/retained_messages_54
2025-01-29 13:43:30,173 INFO c.h.h.t.OperatorHelmChartContainer - [local-hivemq-1] [hivemq] [fcbb95bf] DEBUG - Flushing: /opt/hivemq/data/persistence/retained_messages/040800_R/retained_messages_56
2025-01-29 13:43:30,173 INFO c.h.h.t.OperatorHelmChartContainer - [local-hivemq-1] [hivemq] [fcbb95bf] DEBUG - Flushing: /opt/hivemq/data/persistence/retained_messages/040800_R/retained_messages_58
2025-01-29 13:43:30,173 INFO c.h.h.t.OperatorHelmChartContainer - [local-hivemq-1] [hivemq] [fcbb95bf] DEBUG - Flushing: /opt/hivemq/data/persistence/retained_messages/040800_R/retained_messages_59
2025-01-29 13:43:30,173 INFO c.h.h.t.OperatorHelmChartContainer - [local-hivemq-1] [hivemq] [fcbb95bf] DEBUG - Flushing: /opt/hivemq/data/persistence/retained_messages/040800_R/retained_messages_57
2025-01-29 13:43:30,173 INFO c.h.h.t.OperatorHelmChartContainer - [local-hivemq-1] [hivemq] [fcbb95bf] DEBUG - Flushing: /opt/hivemq/data/persistence/retained_messages/040800_R/retained_messages_60
2025-01-29 13:43:30,173 INFO c.h.h.t.OperatorHelmChartContainer - [local-hivemq-1] [hivemq] [fcbb95bf] DEBUG - Flushing: /opt/hivemq/data/persistence/retained_messages/040800_R/retained_messages_62
2025-01-29 13:43:30,173 INFO c.h.h.t.OperatorHelmChartContainer - [local-hivemq-1] [hivemq] [fcbb95bf] DEBUG - Flushing: /opt/hivemq/data/persistence/retained_messages/040800_R/retained_messages_61
2025-01-29 13:43:30,173 INFO c.h.h.t.OperatorHelmChartContainer - [local-hivemq-1] [hivemq] [fcbb95bf] DEBUG - Flushing: /opt/hivemq/data/persistence/incoming_message_flow/043000_R/incoming_message_flow_0
2025-01-29 13:43:30,173 INFO c.h.h.t.OperatorHelmChartContainer - [local-hivemq-1] [hivemq] [fcbb95bf] DEBUG - Flushing: /opt/hivemq/data/persistence/retained_messages/040800_R/retained_messages_63
2025-01-29 13:43:30,173 INFO c.h.h.t.OperatorHelmChartContainer - [local-hivemq-1] [hivemq] [fcbb95bf] DEBUG - Flushing: /opt/hivemq/data/persistence/incoming_message_flow/043000_R/incoming_message_flow_1
2025-01-29 13:43:30,173 INFO c.h.h.t.OperatorHelmChartContainer - [local-hivemq-1] [hivemq] [fcbb95bf] DEBUG - Flushing: /opt/hivemq/data/persistence/incoming_message_flow/043000_R/incoming_message_flow_3
2025-01-29 13:43:30,173 INFO c.h.h.t.OperatorHelmChartContainer - [local-hivemq-1] [hivemq] [fcbb95bf] DEBUG - Flushing: /opt/hivemq/data/persistence/incoming_message_flow/043000_R/incoming_message_flow_2
2025-01-29 13:43:30,173 INFO c.h.h.t.OperatorHelmChartContainer - [local-hivemq-1] [hivemq] [fcbb95bf] DEBUG - Flushing: /opt/hivemq/data/persistence/incoming_message_flow/043000_R/incoming_message_flow_4
2025-01-29 13:43:30,173 INFO c.h.h.t.OperatorHelmChartContainer - [local-hivemq-1] [hivemq] [fcbb95bf] DEBUG - Flushing: /opt/hivemq/data/persistence/incoming_message_flow/043000_R/incoming_message_flow_7
2025-01-29 13:43:30,173 INFO c.h.h.t.OperatorHelmChartContainer - [local-hivemq-1] [hivemq] [fcbb95bf] DEBUG - Flushing: /opt/hivemq/data/persistence/incoming_message_flow/043000_R/incoming_message_flow_6
2025-01-29 13:43:30,176 INFO c.h.h.t.OperatorHelmChartContainer - [local-hivemq-1] [hivemq] [fcbb95bf] DEBUG - Flushing: /opt/hivemq/data/persistence/incoming_message_flow/043000_R/incoming_message_flow_5
2025-01-29 13:43:30,176 INFO c.h.h.t.OperatorHelmChartContainer - [local-hivemq-1] [hivemq] [fcbb95bf] DEBUG - Flushing: /opt/hivemq/data/persistence/incoming_message_flow/043000_R/incoming_message_flow_8
2025-01-29 13:43:30,176 INFO c.h.h.t.OperatorHelmChartContainer - [local-hivemq-1] [hivemq] [fcbb95bf] DEBUG - Flushing: /opt/hivemq/data/persistence/incoming_message_flow/043000_R/incoming_message_flow_10
2025-01-29 13:43:30,176 INFO c.h.h.t.OperatorHelmChartContainer - [local-hivemq-1] [hivemq] [fcbb95bf] DEBUG - Flushing: /opt/hivemq/data/persistence/incoming_message_flow/043000_R/incoming_message_flow_9
2025-01-29 13:43:30,176 INFO c.h.h.t.OperatorHelmChartContainer - [local-hivemq-1] [hivemq] [fcbb95bf] DEBUG - Flushing: /opt/hivemq/data/persistence/incoming_message_flow/043000_R/incoming_message_flow_12
2025-01-29 13:43:30,176 INFO c.h.h.t.OperatorHelmChartContainer - [local-hivemq-1] [hivemq] [fcbb95bf] DEBUG - Flushing: /opt/hivemq/data/persistence/incoming_message_flow/043000_R/incoming_message_flow_11
2025-01-29 13:43:30,176 INFO c.h.h.t.OperatorHelmChartContainer - [local-hivemq-1] [hivemq] [fcbb95bf] DEBUG - Flushing: /opt/hivemq/data/persistence/incoming_message_flow/043000_R/incoming_message_flow_13
2025-01-29 13:43:30,176 INFO c.h.h.t.OperatorHelmChartContainer - [local-hivemq-1] [hivemq] [fcbb95bf] DEBUG - Flushing: /opt/hivemq/data/persistence/incoming_message_flow/043000_R/incoming_message_flow_14
2025-01-29 13:43:30,176 INFO c.h.h.t.OperatorHelmChartContainer - [local-hivemq-1] [hivemq] [fcbb95bf] DEBUG - Flushing: /opt/hivemq/data/persistence/incoming_message_flow/043000_R/incoming_message_flow_15
2025-01-29 13:43:30,176 INFO c.h.h.t.OperatorHelmChartContainer - [local-hivemq-1] [hivemq] [fcbb95bf] DEBUG - Flushing: /opt/hivemq/data/persistence/incoming_message_flow/043000_R/incoming_message_flow_16
2025-01-29 13:43:30,176 INFO c.h.h.t.OperatorHelmChartContainer - [local-hivemq-1] [hivemq] [fcbb95bf] DEBUG - Flushing: /opt/hivemq/data/persistence/incoming_message_flow/043000_R/incoming_message_flow_17
2025-01-29 13:43:30,176 INFO c.h.h.t.OperatorHelmChartContainer - [local-hivemq-1] [hivemq] [fcbb95bf] DEBUG - Flushing: /opt/hivemq/data/persistence/incoming_message_flow/043000_R/incoming_message_flow_18
2025-01-29 13:43:30,176 INFO c.h.h.t.OperatorHelmChartContainer - [local-hivemq-1] [hivemq] [fcbb95bf] DEBUG - Flushing: /opt/hivemq/data/persistence/incoming_message_flow/043000_R/incoming_message_flow_19
2025-01-29 13:43:30,176 INFO c.h.h.t.OperatorHelmChartContainer - [local-hivemq-1] [hivemq] [fcbb95bf] DEBUG - Flushing: /opt/hivemq/data/persistence/incoming_message_flow/043000_R/incoming_message_flow_20
2025-01-29 13:43:30,176 INFO c.h.h.t.OperatorHelmChartContainer - [local-hivemq-1] [hivemq] [fcbb95bf] DEBUG - Flushing: /opt/hivemq/data/persistence/incoming_message_flow/043000_R/incoming_message_flow_21
2025-01-29 13:43:30,176 INFO c.h.h.t.OperatorHelmChartContainer - [local-hivemq-1] [hivemq] [fcbb95bf] DEBUG - Flushing: /opt/hivemq/data/persistence/incoming_message_flow/043000_R/incoming_message_flow_22
2025-01-29 13:43:30,176 INFO c.h.h.t.OperatorHelmChartContainer - [local-hivemq-1] [hivemq] [fcbb95bf] DEBUG - Flushing: /opt/hivemq/data/persistence/incoming_message_flow/043000_R/incoming_message_flow_23
2025-01-29 13:43:30,177 INFO c.h.h.t.OperatorHelmChartContainer - [local-hivemq-1] [hivemq] [fcbb95bf] DEBUG - Flushing: /opt/hivemq/data/persistence/incoming_message_flow/043000_R/incoming_message_flow_24
2025-01-29 13:43:30,177 INFO c.h.h.t.OperatorHelmChartContainer - [local-hivemq-1] [hivemq] [fcbb95bf] DEBUG - Flushing: /opt/hivemq/data/persistence/incoming_message_flow/043000_R/incoming_message_flow_25
2025-01-29 13:43:30,177 INFO c.h.h.t.OperatorHelmChartContainer - [local-hivemq-1] [hivemq] [fcbb95bf] DEBUG - Flushing: /opt/hivemq/data/persistence/incoming_message_flow/043000_R/incoming_message_flow_26
2025-01-29 13:43:30,177 INFO c.h.h.t.OperatorHelmChartContainer - [local-hivemq-1] [hivemq] [fcbb95bf] DEBUG - Flushing: /opt/hivemq/data/persistence/incoming_message_flow/043000_R/incoming_message_flow_27
2025-01-29 13:43:30,177 INFO c.h.h.t.OperatorHelmChartContainer - [local-hivemq-1] [hivemq] [fcbb95bf] DEBUG - Flushing: /opt/hivemq/data/persistence/incoming_message_flow/043000_R/incoming_message_flow_28
2025-01-29 13:43:30,177 INFO c.h.h.t.OperatorHelmChartContainer - [local-hivemq-1] [hivemq] [fcbb95bf] DEBUG - Flushing: /opt/hivemq/data/persistence/incoming_message_flow/043000_R/incoming_message_flow_29
2025-01-29 13:43:30,177 INFO c.h.h.t.OperatorHelmChartContainer - [local-hivemq-1] [hivemq] [fcbb95bf] DEBUG - Flushing: /opt/hivemq/data/persistence/incoming_message_flow/043000_R/incoming_message_flow_31
2025-01-29 13:43:30,177 INFO c.h.h.t.OperatorHelmChartContainer - [local-hivemq-1] [hivemq] [fcbb95bf] DEBUG - Flushing: /opt/hivemq/data/persistence/incoming_message_flow/043000_R/incoming_message_flow_30
2025-01-29 13:43:30,177 INFO c.h.h.t.OperatorHelmChartContainer - [local-hivemq-1] [hivemq] [fcbb95bf] DEBUG - Flushing: /opt/hivemq/data/persistence/incoming_message_flow/043000_R/incoming_message_flow_33
2025-01-29 13:43:30,177 INFO c.h.h.t.OperatorHelmChartContainer - [local-hivemq-1] [hivemq] [fcbb95bf] DEBUG - Flushing: /opt/hivemq/data/persistence/incoming_message_flow/043000_R/incoming_message_flow_32
2025-01-29 13:43:30,177 INFO c.h.h.t.OperatorHelmChartContainer - [local-hivemq-1] [hivemq] [fcbb95bf] DEBUG - Flushing: /opt/hivemq/data/persistence/incoming_message_flow/043000_R/incoming_message_flow_34
2025-01-29 13:43:30,177 INFO c.h.h.t.OperatorHelmChartContainer - [local-hivemq-1] [hivemq] [fcbb95bf] DEBUG - Flushing: /opt/hivemq/data/persistence/incoming_message_flow/043000_R/incoming_message_flow_35
2025-01-29 13:43:30,177 INFO c.h.h.t.OperatorHelmChartContainer - [local-hivemq-1] [hivemq] [fcbb95bf] DEBUG - Flushing: /opt/hivemq/data/persistence/incoming_message_flow/043000_R/incoming_message_flow_36
2025-01-29 13:43:30,177 INFO c.h.h.t.OperatorHelmChartContainer - [local-hivemq-1] [hivemq] [fcbb95bf] DEBUG - Flushing: /opt/hivemq/data/persistence/incoming_message_flow/043000_R/incoming_message_flow_37
2025-01-29 13:43:30,177 INFO c.h.h.t.OperatorHelmChartContainer - [local-hivemq-1] [hivemq] [fcbb95bf] DEBUG - Flushing: /opt/hivemq/data/persistence/incoming_message_flow/043000_R/incoming_message_flow_38
2025-01-29 13:43:30,177 INFO c.h.h.t.OperatorHelmChartContainer - [local-hivemq-1] [hivemq] [fcbb95bf] DEBUG - Flushing: /opt/hivemq/data/persistence/incoming_message_flow/043000_R/incoming_message_flow_39
2025-01-29 13:43:30,177 INFO c.h.h.t.OperatorHelmChartContainer - [local-hivemq-1] [hivemq] [fcbb95bf] DEBUG - Flushing: /opt/hivemq/data/persistence/incoming_message_flow/043000_R/incoming_message_flow_40
2025-01-29 13:43:30,177 INFO c.h.h.t.OperatorHelmChartContainer - [local-hivemq-1] [hivemq] [fcbb95bf] DEBUG - Flushing: /opt/hivemq/data/persistence/incoming_message_flow/043000_R/incoming_message_flow_41
2025-01-29 13:43:30,177 INFO c.h.h.t.OperatorHelmChartContainer - [local-hivemq-1] [hivemq] [fcbb95bf] DEBUG - Flushing: /opt/hivemq/data/persistence/incoming_message_flow/043000_R/incoming_message_flow_42
2025-01-29 13:43:30,177 INFO c.h.h.t.OperatorHelmChartContainer - [local-hivemq-1] [hivemq] [fcbb95bf] DEBUG - Flushing: /opt/hivemq/data/persistence/incoming_message_flow/043000_R/incoming_message_flow_43
2025-01-29 13:43:30,177 INFO c.h.h.t.OperatorHelmChartContainer - [local-hivemq-1] [hivemq] [fcbb95bf] DEBUG - Flushing: /opt/hivemq/data/persistence/incoming_message_flow/043000_R/incoming_message_flow_44
2025-01-29 13:43:30,177 INFO c.h.h.t.OperatorHelmChartContainer - [local-hivemq-1] [hivemq] [fcbb95bf] DEBUG - Flushing: /opt/hivemq/data/persistence/incoming_message_flow/043000_R/incoming_message_flow_45
2025-01-29 13:43:30,177 INFO c.h.h.t.OperatorHelmChartContainer - [local-hivemq-1] [hivemq] [fcbb95bf] DEBUG - Flushing: /opt/hivemq/data/persistence/incoming_message_flow/043000_R/incoming_message_flow_46
2025-01-29 13:43:30,177 INFO c.h.h.t.OperatorHelmChartContainer - [local-hivemq-1] [hivemq] [fcbb95bf] DEBUG - Flushing: /opt/hivemq/data/persistence/incoming_message_flow/043000_R/incoming_message_flow_47
2025-01-29 13:43:30,177 INFO c.h.h.t.OperatorHelmChartContainer - [local-hivemq-1] [hivemq] [fcbb95bf] DEBUG - Flushing: /opt/hivemq/data/persistence/incoming_message_flow/043000_R/incoming_message_flow_48
2025-01-29 13:43:30,177 INFO c.h.h.t.OperatorHelmChartContainer - [local-hivemq-1] [hivemq] [fcbb95bf] DEBUG - Flushing: /opt/hivemq/data/persistence/incoming_message_flow/043000_R/incoming_message_flow_49
2025-01-29 13:43:30,177 INFO c.h.h.t.OperatorHelmChartContainer - [local-hivemq-1] [hivemq] [fcbb95bf] DEBUG - Flushing: /opt/hivemq/data/persistence/incoming_message_flow/043000_R/incoming_message_flow_51
2025-01-29 13:43:30,177 INFO c.h.h.t.OperatorHelmChartContainer - [local-hivemq-1] [hivemq] [fcbb95bf] DEBUG - Flushing: /opt/hivemq/data/persistence/incoming_message_flow/043000_R/incoming_message_flow_50
2025-01-29 13:43:30,177 INFO c.h.h.t.OperatorHelmChartContainer - [local-hivemq-1] [hivemq] [fcbb95bf] DEBUG - Flushing: /opt/hivemq/data/persistence/incoming_message_flow/043000_R/incoming_message_flow_52
2025-01-29 13:43:30,177 INFO c.h.h.t.OperatorHelmChartContainer - [local-hivemq-1] [hivemq] [fcbb95bf] DEBUG - Flushing: /opt/hivemq/data/persistence/incoming_message_flow/043000_R/incoming_message_flow_53
2025-01-29 13:43:30,177 INFO c.h.h.t.OperatorHelmChartContainer - [local-hivemq-1] [hivemq] [fcbb95bf] DEBUG - Flushing: /opt/hivemq/data/persistence/incoming_message_flow/043000_R/incoming_message_flow_54
2025-01-29 13:43:30,177 INFO c.h.h.t.OperatorHelmChartContainer - [local-hivemq-1] [hivemq] [fcbb95bf] DEBUG - Flushing: /opt/hivemq/data/persistence/incoming_message_flow/043000_R/incoming_message_flow_55
2025-01-29 13:43:30,177 INFO c.h.h.t.OperatorHelmChartContainer - [local-hivemq-1] [hivemq] [fcbb95bf] DEBUG - Flushing: /opt/hivemq/data/persistence/incoming_message_flow/043000_R/incoming_message_flow_56
2025-01-29 13:43:30,177 INFO c.h.h.t.OperatorHelmChartContainer - [local-hivemq-1] [hivemq] [fcbb95bf] DEBUG - Flushing: /opt/hivemq/data/persistence/incoming_message_flow/043000_R/incoming_message_flow_57
2025-01-29 13:43:30,177 INFO c.h.h.t.OperatorHelmChartContainer - [local-hivemq-1] [hivemq] [fcbb95bf] DEBUG - Flushing: /opt/hivemq/data/persistence/incoming_message_flow/043000_R/incoming_message_flow_58
2025-01-29 13:43:30,177 INFO c.h.h.t.OperatorHelmChartContainer - [local-hivemq-1] [hivemq] [fcbb95bf] DEBUG - Flushing: /opt/hivemq/data/persistence/incoming_message_flow/043000_R/incoming_message_flow_59
2025-01-29 13:43:30,177 INFO c.h.h.t.OperatorHelmChartContainer - [local-hivemq-1] [hivemq] [fcbb95bf] DEBUG - Flushing: /opt/hivemq/data/persistence/incoming_message_flow/043000_R/incoming_message_flow_60
2025-01-29 13:43:30,177 INFO c.h.h.t.OperatorHelmChartContainer - [local-hivemq-1] [hivemq] [fcbb95bf] DEBUG - Flushing: /opt/hivemq/data/persistence/incoming_message_flow/043000_R/incoming_message_flow_61
2025-01-29 13:43:30,177 INFO c.h.h.t.OperatorHelmChartContainer - [local-hivemq-1] [hivemq] [fcbb95bf] DEBUG - Flushing: /opt/hivemq/data/persistence/incoming_message_flow/043000_R/incoming_message_flow_62
2025-01-29 13:43:30,193 INFO c.h.h.t.OperatorHelmChartContainer - [local-hivemq-1] [hivemq] [fcbb95bf] DEBUG - Flushing: /opt/hivemq/data/persistence/incoming_message_flow/043000_R/incoming_message_flow_63
2025-01-29 13:43:30,193 INFO c.h.h.t.OperatorHelmChartContainer - [local-hivemq-1] [hivemq] [fcbb95bf] DEBUG - Flushing: /opt/hivemq/data/persistence/attribute/043100_R/attribute_0
2025-01-29 13:43:30,193 INFO c.h.h.t.OperatorHelmChartContainer - [local-hivemq-1] [hivemq] [fcbb95bf] DEBUG - Flushing: /opt/hivemq/data/persistence/attribute/043100_R/attribute_2
2025-01-29 13:43:30,193 INFO c.h.h.t.OperatorHelmChartContainer - [local-hivemq-1] [hivemq] [fcbb95bf] DEBUG - Flushing: /opt/hivemq/data/persistence/attribute/043100_R/attribute_1
2025-01-29 13:43:30,193 INFO c.h.h.t.OperatorHelmChartContainer - [local-hivemq-1] [hivemq] [fcbb95bf] DEBUG - Flushing: /opt/hivemq/data/persistence/attribute/043100_R/attribute_3
2025-01-29 13:43:30,193 INFO c.h.h.t.OperatorHelmChartContainer - [local-hivemq-1] [hivemq] [fcbb95bf] DEBUG - Flushing: /opt/hivemq/data/persistence/attribute/043100_R/attribute_4
2025-01-29 13:43:30,193 INFO c.h.h.t.OperatorHelmChartContainer - [local-hivemq-1] [hivemq] [fcbb95bf] DEBUG - Flushing: /opt/hivemq/data/persistence/attribute/043100_R/attribute_6
2025-01-29 13:43:30,193 INFO c.h.h.t.OperatorHelmChartContainer - [local-hivemq-1] [hivemq] [fcbb95bf] DEBUG - Flushing: /opt/hivemq/data/persistence/attribute/043100_R/attribute_5
2025-01-29 13:43:30,193 INFO c.h.h.t.OperatorHelmChartContainer - [local-hivemq-1] [hivemq] [fcbb95bf] DEBUG - Flushing: /opt/hivemq/data/persistence/attribute/043100_R/attribute_7
2025-01-29 13:43:30,193 INFO c.h.h.t.OperatorHelmChartContainer - [local-hivemq-1] [hivemq] [fcbb95bf] DEBUG - Flushing: /opt/hivemq/data/persistence/attribute/043100_R/attribute_8
2025-01-29 13:43:30,193 INFO c.h.h.t.OperatorHelmChartContainer - [local-hivemq-1] [hivemq] [fcbb95bf] DEBUG - Flushing: /opt/hivemq/data/persistence/attribute/043100_R/attribute_9
2025-01-29 13:43:30,193 INFO c.h.h.t.OperatorHelmChartContainer - [local-hivemq-1] [hivemq] [fcbb95bf] DEBUG - Flushing: /opt/hivemq/data/persistence/attribute/043100_R/attribute_12
2025-01-29 13:43:30,193 INFO c.h.h.t.OperatorHelmChartContainer - [local-hivemq-1] [hivemq] [fcbb95bf] DEBUG - Flushing: /opt/hivemq/data/persistence/attribute/043100_R/attribute_11
2025-01-29 13:43:30,193 INFO c.h.h.t.OperatorHelmChartContainer - [local-hivemq-1] [hivemq] [fcbb95bf] DEBUG - Flushing: /opt/hivemq/data/persistence/attribute/043100_R/attribute_10
2025-01-29 13:43:30,193 INFO c.h.h.t.OperatorHelmChartContainer - [local-hivemq-1] [hivemq] [fcbb95bf] DEBUG - Flushing: /opt/hivemq/data/persistence/attribute/043100_R/attribute_13
2025-01-29 13:43:30,193 INFO c.h.h.t.OperatorHelmChartContainer - [local-hivemq-1] [hivemq] [fcbb95bf] DEBUG - Flushing: /opt/hivemq/data/persistence/attribute/043100_R/attribute_14
2025-01-29 13:43:30,193 INFO c.h.h.t.OperatorHelmChartContainer - [local-hivemq-1] [hivemq] [fcbb95bf] DEBUG - Flushing: /opt/hivemq/data/persistence/attribute/043100_R/attribute_16
2025-01-29 13:43:30,193 INFO c.h.h.t.OperatorHelmChartContainer - [local-hivemq-1] [hivemq] [fcbb95bf] DEBUG - Flushing: /opt/hivemq/data/persistence/attribute/043100_R/attribute_15
2025-01-29 13:43:30,193 INFO c.h.h.t.OperatorHelmChartContainer - [local-hivemq-1] [hivemq] [fcbb95bf] DEBUG - Flushing: /opt/hivemq/data/persistence/attribute/043100_R/attribute_18
2025-01-29 13:43:30,194 INFO c.h.h.t.OperatorHelmChartContainer - [local-hivemq-1] [hivemq] [fcbb95bf] DEBUG - Flushing: /opt/hivemq/data/persistence/attribute/043100_R/attribute_17
2025-01-29 13:43:30,194 INFO c.h.h.t.OperatorHelmChartContainer - [local-hivemq-1] [hivemq] [fcbb95bf] DEBUG - Flushing: /opt/hivemq/data/persistence/attribute/043100_R/attribute_19
2025-01-29 13:43:30,194 INFO c.h.h.t.OperatorHelmChartContainer - [local-hivemq-1] [hivemq] [fcbb95bf] DEBUG - Flushing: /opt/hivemq/data/persistence/attribute/043100_R/attribute_20
2025-01-29 13:43:30,194 INFO c.h.h.t.OperatorHelmChartContainer - [local-hivemq-1] [hivemq] [fcbb95bf] DEBUG - Flushing: /opt/hivemq/data/persistence/attribute/043100_R/attribute_21
2025-01-29 13:43:30,194 INFO c.h.h.t.OperatorHelmChartContainer - [local-hivemq-1] [hivemq] [fcbb95bf] DEBUG - Flushing: /opt/hivemq/data/persistence/attribute/043100_R/attribute_22
2025-01-29 13:43:30,194 INFO c.h.h.t.OperatorHelmChartContainer - [local-hivemq-1] [hivemq] [fcbb95bf] DEBUG - Flushing: /opt/hivemq/data/persistence/attribute/043100_R/attribute_23
2025-01-29 13:43:30,194 INFO c.h.h.t.OperatorHelmChartContainer - [local-hivemq-1] [hivemq] [fcbb95bf] DEBUG - Flushing: /opt/hivemq/data/persistence/attribute/043100_R/attribute_24
2025-01-29 13:43:30,194 INFO c.h.h.t.OperatorHelmChartContainer - [local-hivemq-1] [hivemq] [fcbb95bf] DEBUG - Flushing: /opt/hivemq/data/persistence/attribute/043100_R/attribute_25
2025-01-29 13:43:30,194 INFO c.h.h.t.OperatorHelmChartContainer - [local-hivemq-1] [hivemq] [fcbb95bf] DEBUG - Flushing: /opt/hivemq/data/persistence/attribute/043100_R/attribute_26
2025-01-29 13:43:30,194 INFO c.h.h.t.OperatorHelmChartContainer - [local-hivemq-1] [hivemq] [fcbb95bf] DEBUG - Flushing: /opt/hivemq/data/persistence/attribute/043100_R/attribute_27
2025-01-29 13:43:30,194 INFO c.h.h.t.OperatorHelmChartContainer - [local-hivemq-1] [hivemq] [fcbb95bf] DEBUG - Flushing: /opt/hivemq/data/persistence/attribute/043100_R/attribute_28
2025-01-29 13:43:30,194 INFO c.h.h.t.OperatorHelmChartContainer - [local-hivemq-1] [hivemq] [fcbb95bf] DEBUG - Flushing: /opt/hivemq/data/persistence/attribute/043100_R/attribute_29
2025-01-29 13:43:30,194 INFO c.h.h.t.OperatorHelmChartContainer - [local-hivemq-1] [hivemq] [fcbb95bf] DEBUG - Flushing: /opt/hivemq/data/persistence/attribute/043100_R/attribute_30
2025-01-29 13:43:30,194 INFO c.h.h.t.OperatorHelmChartContainer - [local-hivemq-1] [hivemq] [fcbb95bf] DEBUG - Flushing: /opt/hivemq/data/persistence/attribute/043100_R/attribute_31
2025-01-29 13:43:30,194 INFO c.h.h.t.OperatorHelmChartContainer - [local-hivemq-1] [hivemq] [fcbb95bf] DEBUG - Flushing: /opt/hivemq/data/persistence/attribute/043100_R/attribute_32
2025-01-29 13:43:30,194 INFO c.h.h.t.OperatorHelmChartContainer - [local-hivemq-1] [hivemq] [fcbb95bf] DEBUG - Flushing: /opt/hivemq/data/persistence/attribute/043100_R/attribute_33
2025-01-29 13:43:30,194 INFO c.h.h.t.OperatorHelmChartContainer - [local-hivemq-1] [hivemq] [fcbb95bf] DEBUG - Flushing: /opt/hivemq/data/persistence/attribute/043100_R/attribute_34
2025-01-29 13:43:30,194 INFO c.h.h.t.OperatorHelmChartContainer - [local-hivemq-1] [hivemq] [fcbb95bf] DEBUG - Flushing: /opt/hivemq/data/persistence/attribute/043100_R/attribute_35
2025-01-29 13:43:30,196 INFO c.h.h.t.OperatorHelmChartContainer - [local-hivemq-1] [hivemq] [fcbb95bf] DEBUG - Flushing: /opt/hivemq/data/persistence/attribute/043100_R/attribute_36
2025-01-29 13:43:30,196 INFO c.h.h.t.OperatorHelmChartContainer - [local-hivemq-1] [hivemq] [fcbb95bf] DEBUG - Flushing: /opt/hivemq/data/persistence/attribute/043100_R/attribute_37
2025-01-29 13:43:30,196 INFO c.h.h.t.OperatorHelmChartContainer - [local-hivemq-1] [hivemq] [fcbb95bf] DEBUG - Flushing: /opt/hivemq/data/persistence/attribute/043100_R/attribute_38
2025-01-29 13:43:30,196 INFO c.h.h.t.OperatorHelmChartContainer - [local-hivemq-1] [hivemq] [fcbb95bf] DEBUG - Flushing: /opt/hivemq/data/persistence/attribute/043100_R/attribute_39
2025-01-29 13:43:30,196 INFO c.h.h.t.OperatorHelmChartContainer - [local-hivemq-1] [hivemq] [fcbb95bf] DEBUG - Flushing: /opt/hivemq/data/persistence/attribute/043100_R/attribute_40
2025-01-29 13:43:30,196 INFO c.h.h.t.OperatorHelmChartContainer - [local-hivemq-1] [hivemq] [fcbb95bf] DEBUG - Flushing: /opt/hivemq/data/persistence/attribute/043100_R/attribute_41
2025-01-29 13:43:30,196 INFO c.h.h.t.OperatorHelmChartContainer - [local-hivemq-1] [hivemq] [fcbb95bf] DEBUG - Flushing: /opt/hivemq/data/persistence/attribute/043100_R/attribute_42
2025-01-29 13:43:30,196 INFO c.h.h.t.OperatorHelmChartContainer - [local-hivemq-1] [hivemq] [fcbb95bf] DEBUG - Flushing: /opt/hivemq/data/persistence/attribute/043100_R/attribute_43
2025-01-29 13:43:30,197 INFO c.h.h.t.OperatorHelmChartContainer - [local-hivemq-1] [hivemq] [fcbb95bf] DEBUG - Flushing: /opt/hivemq/data/persistence/attribute/043100_R/attribute_44
2025-01-29 13:43:30,197 INFO c.h.h.t.OperatorHelmChartContainer - [local-hivemq-1] [hivemq] [fcbb95bf] DEBUG - Flushing: /opt/hivemq/data/persistence/attribute/043100_R/attribute_45
2025-01-29 13:43:30,197 INFO c.h.h.t.OperatorHelmChartContainer - [local-hivemq-1] [hivemq] [fcbb95bf] DEBUG - Flushing: /opt/hivemq/data/persistence/attribute/043100_R/attribute_46
2025-01-29 13:43:30,197 INFO c.h.h.t.OperatorHelmChartContainer - [local-hivemq-1] [hivemq] [fcbb95bf] DEBUG - Flushing: /opt/hivemq/data/persistence/attribute/043100_R/attribute_47
2025-01-29 13:43:30,197 INFO c.h.h.t.OperatorHelmChartContainer - [local-hivemq-1] [hivemq] [fcbb95bf] DEBUG - Flushing: /opt/hivemq/data/persistence/attribute/043100_R/attribute_48
2025-01-29 13:43:30,197 INFO c.h.h.t.OperatorHelmChartContainer - [local-hivemq-1] [hivemq] [fcbb95bf] DEBUG - Flushing: /opt/hivemq/data/persistence/attribute/043100_R/attribute_49
2025-01-29 13:43:30,197 INFO c.h.h.t.OperatorHelmChartContainer - [local-hivemq-1] [hivemq] [fcbb95bf] DEBUG - Flushing: /opt/hivemq/data/persistence/attribute/043100_R/attribute_50
2025-01-29 13:43:30,197 INFO c.h.h.t.OperatorHelmChartContainer - [local-hivemq-1] [hivemq] [fcbb95bf] DEBUG - Flushing: /opt/hivemq/data/persistence/attribute/043100_R/attribute_53
2025-01-29 13:43:30,197 INFO c.h.h.t.OperatorHelmChartContainer - [local-hivemq-1] [hivemq] [fcbb95bf] DEBUG - Flushing: /opt/hivemq/data/persistence/attribute/043100_R/attribute_51
2025-01-29 13:43:30,197 INFO c.h.h.t.OperatorHelmChartContainer - [local-hivemq-1] [hivemq] [fcbb95bf] DEBUG - Flushing: /opt/hivemq/data/persistence/attribute/043100_R/attribute_52
2025-01-29 13:43:30,197 INFO c.h.h.t.OperatorHelmChartContainer - [local-hivemq-1] [hivemq] [fcbb95bf] DEBUG - Flushing: /opt/hivemq/data/persistence/attribute/043100_R/attribute_54
2025-01-29 13:43:30,197 INFO c.h.h.t.OperatorHelmChartContainer - [local-hivemq-1] [hivemq] [fcbb95bf] DEBUG - Flushing: /opt/hivemq/data/persistence/attribute/043100_R/attribute_55
2025-01-29 13:43:30,197 INFO c.h.h.t.OperatorHelmChartContainer - [local-hivemq-1] [hivemq] [fcbb95bf] DEBUG - Flushing: /opt/hivemq/data/persistence/attribute/043100_R/attribute_56
2025-01-29 13:43:30,197 INFO c.h.h.t.OperatorHelmChartContainer - [local-hivemq-1] [hivemq] [fcbb95bf] DEBUG - Flushing: /opt/hivemq/data/persistence/attribute/043100_R/attribute_57
2025-01-29 13:43:30,197 INFO c.h.h.t.OperatorHelmChartContainer - [local-hivemq-1] [hivemq] [fcbb95bf] DEBUG - Flushing: /opt/hivemq/data/persistence/attribute/043100_R/attribute_58
2025-01-29 13:43:30,197 INFO c.h.h.t.OperatorHelmChartContainer - [local-hivemq-1] [hivemq] [fcbb95bf] DEBUG - Flushing: /opt/hivemq/data/persistence/attribute/043100_R/attribute_59
2025-01-29 13:43:30,197 INFO c.h.h.t.OperatorHelmChartContainer - [local-hivemq-1] [hivemq] [fcbb95bf] DEBUG - Flushing: /opt/hivemq/data/persistence/attribute/043100_R/attribute_61
2025-01-29 13:43:30,197 INFO c.h.h.t.OperatorHelmChartContainer - [local-hivemq-1] [hivemq] [fcbb95bf] DEBUG - Flushing: /opt/hivemq/data/persistence/attribute/043100_R/attribute_60
2025-01-29 13:43:30,197 INFO c.h.h.t.OperatorHelmChartContainer - [local-hivemq-1] [hivemq] [fcbb95bf] DEBUG - Flushing: /opt/hivemq/data/persistence/attribute/043100_R/attribute_62
2025-01-29 13:43:30,197 INFO c.h.h.t.OperatorHelmChartContainer - [local-hivemq-1] [hivemq] [fcbb95bf] DEBUG - Flushing: /opt/hivemq/data/persistence/attribute/043100_R/attribute_63
2025-01-29 13:43:30,197 INFO c.h.h.t.OperatorHelmChartContainer - [local-hivemq-1] [hivemq] [fcbb95bf] DEBUG - Flushing: /opt/hivemq/data/persistence/data_hub_modules/043000_R/data_hub_modules_0
2025-01-29 13:43:30,197 INFO c.h.h.t.OperatorHelmChartContainer - [local-hivemq-1] [hivemq] [fcbb95bf] DEBUG - Flushing: /opt/hivemq/data/persistence/data_hub_scripts/042300_R/data_hub_scripts_0
2025-01-29 13:43:30,197 INFO c.h.h.t.OperatorHelmChartContainer - [local-hivemq-1] [hivemq] [fcbb95bf] DEBUG - Flushing: /opt/hivemq/data/persistence/data_hub_policies/042000_R/data_hub_policies_0
2025-01-29 13:43:30,197 INFO c.h.h.t.OperatorHelmChartContainer - [local-hivemq-1] [hivemq] [fcbb95bf] DEBUG - Flushing: /opt/hivemq/data/persistence/data_hub_schemas/042000_R/data_hub_schemas_0
2025-01-29 13:43:30,197 INFO c.h.h.t.OperatorHelmChartContainer - [local-hivemq-1] [hivemq] [fcbb95bf] DEBUG - Enabling WAL.
2025-01-29 13:43:30,197 INFO c.h.h.t.OperatorHelmChartContainer - [local-hivemq-1] [hivemq] [fcbb95bf] DEBUG - Sending RUNNING state request to Gg2gj.
2025-01-29 13:43:30,199 INFO c.h.h.t.OperatorHelmChartContainer - [local-hivemq-0] [hivemq] [39fa9bca] DEBUG - Starting After-Join-Cleanup for node 8AXPy.
2025-01-29 13:43:30,207 INFO c.h.h.t.OperatorHelmChartContainer - [local-hivemq-0] [hivemq] [39fa9bca] DEBUG - State of node 8AXPy changed to RUNNING was JOINING. Current cluster node states: {8AXPy=RUNNING, Gg2gj=RUNNING}
2025-01-29 13:43:30,209 INFO c.h.h.t.OperatorHelmChartContainer - [local-hivemq-0] [hivemq] [39fa9bca] INFO  - Cluster size = 2, members : [8AXPy, Gg2gj].
2025-01-29 13:43:30,209 INFO c.h.h.t.OperatorHelmChartContainer - [local-hivemq-0] [hivemq] [39fa9bca] DEBUG - Sending RUNNING state notification for 8AXPy to all nodes.
2025-01-29 13:43:30,221 INFO c.h.h.t.OperatorHelmChartContainer - [local-hivemq-1] [hivemq] [fcbb95bf] DEBUG - Starting After-Join-Cleanup for node 8AXPy.
2025-01-29 13:43:30,227 INFO c.h.h.t.OperatorHelmChartContainer - [local-hivemq-0] [hivemq] [39fa9bca] DEBUG - Finished After-Join-Cleanup for node 8AXPy in 26ms.
2025-01-29 13:43:30,231 INFO c.h.h.t.OperatorHelmChartContainer - [local-hivemq-1] [hivemq] [fcbb95bf] DEBUG - State of node 8AXPy changed to RUNNING was JOINING. Current cluster node states: {8AXPy=RUNNING, Gg2gj=RUNNING}
2025-01-29 13:43:30,237 INFO c.h.h.t.OperatorHelmChartContainer - [local-hivemq-1] [hivemq] [fcbb95bf] INFO  - Cluster size = 2, members : [8AXPy, Gg2gj].
2025-01-29 13:43:30,256 INFO c.h.h.t.OperatorHelmChartContainer - [local-hivemq-1] [hivemq] [fcbb95bf] INFO  - Finished cluster join process successfully.
2025-01-29 13:43:30,287 INFO c.h.h.t.OperatorHelmChartContainer - [local-hivemq-1] [hivemq] [fcbb95bf] WARN  - No user for HiveMQ Control Center configured. Starting with default user
2025-01-29 13:43:30,287 INFO c.h.h.t.OperatorHelmChartContainer - [local-hivemq-1] [hivemq] [fcbb95bf] INFO  - Starting HiveMQ Control Center on address 0.0.0.0 and port 8080
2025-01-29 13:43:30,298 INFO c.h.h.t.OperatorHelmChartContainer - [local-hivemq-1] [hivemq] [fcbb95bf] DEBUG - Finished After-Join-Cleanup for node 8AXPy in 80ms.
2025-01-29 13:43:30,468 DEBUG com.hivemq.helmcharts.util.K8sUtil - State to compare Updating and waiting for Updating
2025-01-29 13:43:30,477 DEBUG com.hivemq.helmcharts.util.K8sUtil - State to compare Updating and waiting for Running
2025-01-29 13:43:30,492 INFO c.h.h.t.OperatorHelmChartContainer - [local-hivemq-1] [hivemq] [fcbb95bf] INFO  - Mounting HiveMQ Control Center V2 Preview
2025-01-29 13:43:31,606 INFO c.h.h.t.OperatorHelmChartContainer - [local-hivemq-1] [hivemq] [fcbb95bf] INFO  - Started HiveMQ Control Center in 1321ms
2025-01-29 13:43:31,699 INFO c.h.h.t.OperatorHelmChartContainer - [local-hivemq-1] [hivemq] [fcbb95bf] INFO  - Starting TCP listener on address 0.0.0.0 and port 1883
2025-01-29 13:43:31,791 INFO c.h.h.t.OperatorHelmChartContainer - [local-hivemq-1] [hivemq] [fcbb95bf] INFO  - Started TCP Listener on address 0.0.0.0 and on port 1883.
2025-01-29 13:43:31,791 INFO c.h.h.t.OperatorHelmChartContainer - [local-hivemq-1] [hivemq] [fcbb95bf] INFO  - Started HiveMQ in 27694ms
2025-01-29 13:43:33,270 INFO c.h.h.t.OperatorHelmChartContainer - [POD] local-hivemq-1 [fcbb95bf-64a4-411c-b40e-769b42f020f9] in default was MODIFIED
2025-01-29 13:43:33,433 INFO c.h.h.t.OperatorHelmChartContainer - [local-hivemq-hivemq-operator] [operator] [b830d9c8] ?[36m13:43:33.432?[0;39m ?[1;30m[pool-3-thread-12]?[0;39m ?[34mINFO ?[0;39m ?[35mcom.hivemq.Operator?[0;39m - State synchronization complete for cluster 'local-hivemq' in namespace 'default' in 49100ms
2025-01-29 13:43:33,433 DEBUG com.hivemq.helmcharts.util.K8sUtil - State to compare Running and waiting for Running
2025-01-29 13:43:33,578 INFO c.h.h.t.OperatorHelmChartContainer - Stopped log watcher for hivemq in pod local-hivemq-0 [39fa9bca-0602-4baf-b43d-ce84d33efa0a]
2025-01-29 13:43:33,578 INFO c.h.h.t.OperatorHelmChartContainer - Stopped log watcher for operator in pod local-hivemq-hivemq-operator-operator-6b564f6db4-hhb4w [b830d9c8-1d2a-4041-bb3b-dcd4917018cb]
2025-01-29 13:43:33,579 INFO c.h.h.t.OperatorHelmChartContainer - Stopped log watcher for hivemq in pod local-hivemq-1 [fcbb95bf-64a4-411c-b40e-769b42f020f9]
2025-01-29 13:43:33,593 INFO c.h.h.t.OperatorHelmChartContainer - [K3S] [WARNING] signal received: \"terminated\", canceling context...
2025-01-29 13:43:33,593 INFO c.h.h.t.OperatorHelmChartContainer - [K3S] [health_controller.go:224] Shutting down HealthController RunCheck
2025-01-29 13:43:33,594 INFO c.h.h.t.OperatorHelmChartContainer - [K3S] [network_policy_controller.go:190] Shutting down network policies full sync goroutine
2025-01-29 13:43:33,594 INFO c.h.h.t.OperatorHelmChartContainer - [K3S] [subnet.go:137] could not watch leases: context canceled
2025-01-29 13:43:33,594 INFO c.h.h.t.OperatorHelmChartContainer - [K3S] [vxlan_network.go:79] evts chan closed
2025-01-29 13:43:33,808 INFO c.h.h.t.OperatorHelmChartContainer - [K3S] 
2025-01-29 13:43:33,808 INFO c.h.h.t.OperatorHelmChartContainer - [K3S] 
]]></system-out>
  </testcase>
  <system-out><![CDATA[2025-01-29 13:41:12,030 INFO o.t.i.builder.ImageFromDockerfile - Pre-emptively checking local images for 'ubuntu:noble-20241118.1@sha256:80dd3c3b9c6cecb9f1667e9290b3bc61b78c2678c02cbdae5f0fea92cc6734ab', referenced via a Dockerfile. If not available, it will be pulled.
2025-01-29 13:41:12,031 INFO o.t.i.builder.ImageFromDockerfile - Pre-emptively checking local images for 'rancher/k3s:v1.32.1-k3s1', referenced via a Dockerfile. If not available, it will be pulled.
2025-01-29 13:41:12,034 INFO o.t.i.builder.ImageFromDockerfile - Transferred 0 bytes to Docker daemon
]]></system-out>
  <system-err><![CDATA[]]></system-err>
</testsuite>
