<?xml version="1.0" encoding="UTF-8"?>
<testsuite name="com.hivemq.helmcharts.monitoring.HelmMonitoringPlatformIT" tests="1" skipped="0" failures="0" errors="0" timestamp="2025-08-12T14:22:35" hostname="pkrvmsl9tci6h6u" time="219.683">
  <properties/>
  <testcase name="withPlatformMonitoringEnabled_metricsAndDashboardAvailable()" classname="com.hivemq.helmcharts.monitoring.HelmMonitoringPlatformIT" time="219.683"/>
</testsuite>
