<?xml version="1.0" encoding="UTF-8"?>
<testsuite name="com.hivemq.helmcharts.extensions.HelmDataHubIT" tests="1" skipped="0" failures="0" errors="0" timestamp="2025-03-31T11:14:31" hostname="fv-az1673-369" time="99.647">
  <properties/>
  <testcase name="withDataHubEnabled_messagesValidated()" classname="com.hivemq.helmcharts.extensions.HelmDataHubIT" time="99.647"/>
</testsuite>
