<?xml version="1.0" encoding="UTF-8"?>
<testsuite name="com.hivemq.helmcharts.securitycontext.HelmContainerSecurityContextUpgradePlatformIT" tests="2" skipped="0" failures="0" errors="0" timestamp="2025-02-13T18:05:39" hostname="fv-az1695-479" time="461.907">
  <properties/>
  <testcase name="Operator values: (UID=0, GID=0, valuesFile='/files/operator-container-security-context-root-user-values.yaml') and Platform values: (UID=0, GID=0, valuesFile='/files/platform-container-security-context-root-user-values.yaml')" classname="com.hivemq.helmcharts.securitycontext.HelmContainerSecurityContextUpgradePlatformIT" time="223.465"/>
  <testcase name="Operator values: (UID=185, GID=0, valuesFile='/files/operator-container-security-context-non-root-user-values.yaml') and Platform values: (UID=10000, GID=0, valuesFile='/files/platform-container-security-context-non-root-user-values.yaml')" classname="com.hivemq.helmcharts.securitycontext.HelmContainerSecurityContextUpgradePlatformIT" time="238.44"/>
</testsuite>
