<?xml version="1.0" encoding="UTF-8"?>
<testsuite name="com.hivemq.helmcharts.services.HelmMqttIT" tests="5" skipped="0" failures="0" errors="0" timestamp="2025-01-29T18:37:00" hostname="fv-az1441-609" time="513.657">
  <properties/>
  <testcase name="platformChart_withCustomServiceName_thenSendsReceivesMessage()" classname="com.hivemq.helmcharts.services.HelmMqttIT" time="106.111">
    <system-out><![CDATA[2025-01-29 18:37:00,064 INFO c.h.h.t.HelmChartContainer - Creating namespace 'helmmqttit-operator'...
2025-01-29 18:37:00,283 INFO c.h.h.t.HelmChartContainer - Namespace 'helmmqttit-operator' created
2025-01-29 18:37:00,284 INFO c.h.h.t.HelmChartContainer - Creating namespace 'helmmqttit'...
2025-01-29 18:37:00,284 INFO c.h.h.t.HelmChartContainer - [POD] coredns-ff8999cc5-5l62g [4c667b8f-ff06-46a8-bea6-0e2598fec19f] in kube-system was ADDED
2025-01-29 18:37:00,287 INFO c.h.h.t.HelmChartContainer - [POD] local-path-provisioner-698b58967b-2hzq2 [4e48ee57-2279-4400-9618-ac90e6396100] in kube-system was ADDED
2025-01-29 18:37:00,289 INFO c.h.h.t.HelmChartContainer - [POD] metrics-server-8584b5786c-rsjhx [ef52d9ca-3940-4ca0-b94c-0f09995296e2] in kube-system was ADDED
2025-01-29 18:37:00,295 INFO c.h.h.t.HelmChartContainer - Namespace 'helmmqttit' created
2025-01-29 18:37:00,371 DEBUG c.h.h.t.HelmChartContainer - Executing helm command: /bin/helm --kubeconfig /etc/rancher/k3s/k3s.yaml install test-hivemq-platform-operator /charts/hivemq-platform-operator --wait --timeout 5m0s --set image.repository=docker.io/hivemq --set image.name=hivemq-platform-operator-test --set image.initImageName=hivemq-platform-operator-init-test --set image.tag=snapshot --set image.pullPolicy=Never --set logLevel=DEBUG --set resources.cpu=512m --namespace helmmqttit-operator
2025-01-29 18:37:02,754 INFO c.h.h.t.HelmChartContainer - [K3S] [alloc.go:330] "allocated clusterIPs" service="helmmqttit-operator/hivemq-platform-operator-test-hivemq-platform-operator" clusterIPs={"IPv4":"10.43.205.90"}
2025-01-29 18:37:02,772 INFO c.h.h.t.HelmChartContainer - [EVENT] Normal [ScalingReplicaSet] Scaled up replica set hivemq-test-hivemq-platform-operator-6966f96d65 from 0 to 1 [helmmqttit-operator:hivemq-test-hivemq-platform-operator]
2025-01-29 18:37:02,780 INFO c.h.h.t.HelmChartContainer - [POD] hivemq-test-hivemq-platform-operator-6966f96d65-c999z [3f36a6c0-9510-40a6-b7c4-89b11e3ebf70] in helmmqttit-operator was ADDED
2025-01-29 18:37:02,785 INFO c.h.h.t.HelmChartContainer - [POD] hivemq-test-hivemq-platform-operator-6966f96d65-c999z [3f36a6c0-9510-40a6-b7c4-89b11e3ebf70] in helmmqttit-operator was MODIFIED
2025-01-29 18:37:02,796 INFO c.h.h.t.HelmChartContainer - [EVENT] Normal [SuccessfulCreate] Created pod: hivemq-test-hivemq-platform-operator-6966f96d65-c999z [helmmqttit-operator:hivemq-test-hivemq-platform-operator-6966f96d65]
2025-01-29 18:37:02,798 INFO c.h.h.t.HelmChartContainer - [EVENT] Normal [Scheduled] Successfully assigned helmmqttit-operator/hivemq-test-hivemq-platform-operator-6966f96d65-c999z to 6206d5544d57 [helmmqttit-operator:hivemq-test-hivemq-platform-operator-6966f96d65-c999z]
2025-01-29 18:37:02,805 INFO c.h.h.t.HelmChartContainer - [K3S] [replica_set.go:679] "Finished syncing" kind="ReplicaSet" key="helmmqttit-operator/hivemq-test-hivemq-platform-operator-6966f96d65" duration="34.61984ms"
2025-01-29 18:37:02,810 INFO c.h.h.t.HelmChartContainer - [K3S] [reconciler_common.go:251] "operationExecutor.VerifyControllerAttachedVolume started for volume \"kube-api-access-ml7dc\" (UniqueName: \"kubernetes.io/projected/3f36a6c0-9510-40a6-b7c4-89b11e3ebf70-kube-api-access-ml7dc\") pod \"hivemq-test-hivemq-platform-operator-6966f96d65-c999z\" (UID: \"3f36a6c0-9510-40a6-b7c4-89b11e3ebf70\") " pod="helmmqttit-operator/hivemq-test-hivemq-platform-operator-6966f96d65-c999z"
2025-01-29 18:37:02,813 INFO c.h.h.t.HelmChartContainer - [POD] hivemq-test-hivemq-platform-operator-6966f96d65-c999z [3f36a6c0-9510-40a6-b7c4-89b11e3ebf70] in helmmqttit-operator was MODIFIED
2025-01-29 18:37:02,815 INFO c.h.h.t.HelmChartContainer - [K3S] [replica_set.go:679] "Finished syncing" kind="ReplicaSet" key="helmmqttit-operator/hivemq-test-hivemq-platform-operator-6966f96d65" duration="15.177954ms"
2025-01-29 18:37:02,815 INFO c.h.h.t.HelmChartContainer - [K3S] [replica_set.go:679] "Finished syncing" kind="ReplicaSet" key="helmmqttit-operator/hivemq-test-hivemq-platform-operator-6966f96d65" duration="33.774µs"
2025-01-29 18:37:02,815 INFO c.h.h.t.HelmChartContainer - [K3S] [replica_set.go:679] "Finished syncing" kind="ReplicaSet" key="helmmqttit-operator/hivemq-test-hivemq-platform-operator-6966f96d65" duration="30.468µs"
2025-01-29 18:37:03,247 INFO c.h.h.t.HelmChartContainer - [EVENT] Normal [Pulled] Container image "docker.io/hivemq/hivemq-platform-operator-test:snapshot" already present on machine [helmmqttit-operator:hivemq-test-hivemq-platform-operator-6966f96d65-c999z]
2025-01-29 18:37:03,248 INFO c.h.h.t.HelmChartContainer - Received Pulled event for container hivemq-platform-operator in pod hivemq-test-hivemq-platform-operator-6966f96d65-c999z [3f36a6c0-9510-40a6-b7c4-89b11e3ebf70]
2025-01-29 18:37:03,276 INFO c.h.h.t.HelmChartContainer - [EVENT] Normal [Created] Created container: hivemq-platform-operator [helmmqttit-operator:hivemq-test-hivemq-platform-operator-6966f96d65-c999z]
2025-01-29 18:37:03,277 INFO c.h.h.t.HelmChartContainer - Received Created event for container hivemq-platform-operator in pod hivemq-test-hivemq-platform-operator-6966f96d65-c999z [3f36a6c0-9510-40a6-b7c4-89b11e3ebf70]
2025-01-29 18:37:04,145 INFO c.h.h.t.HelmChartContainer - [K3S] [replica_set.go:679] "Finished syncing" kind="ReplicaSet" key="helmmqttit-operator/hivemq-test-hivemq-platform-operator-6966f96d65" duration="37.611µs"
2025-01-29 18:37:04,148 INFO c.h.h.t.HelmChartContainer - [POD] hivemq-test-hivemq-platform-operator-6966f96d65-c999z [3f36a6c0-9510-40a6-b7c4-89b11e3ebf70] in helmmqttit-operator was MODIFIED
2025-01-29 18:37:04,447 INFO c.h.h.t.HelmChartContainer - Started log watcher for hivemq-platform-operator in pod hivemq-test-hivemq-platform-operator-6966f96d65-c999z [3f36a6c0-9510-40a6-b7c4-89b11e3ebf70]
2025-01-29 18:37:04,447 INFO c.h.h.t.HelmChartContainer - [EVENT] Normal [Started] Started container hivemq-platform-operator [helmmqttit-operator:hivemq-test-hivemq-platform-operator-6966f96d65-c999z]
2025-01-29 18:37:04,448 INFO c.h.h.t.HelmChartContainer - Received Started event for container hivemq-platform-operator in pod hivemq-test-hivemq-platform-operator-6966f96d65-c999z [3f36a6c0-9510-40a6-b7c4-89b11e3ebf70]
2025-01-29 18:37:04,448 INFO c.h.h.t.HelmChartContainer - [hivemq-test-hivemq-platform] [hivemq-platform-operator] [3f36a6c0] -------------------------------------------------------------------------
2025-01-29 18:37:04,448 INFO c.h.h.t.HelmChartContainer - [hivemq-test-hivemq-platform] [hivemq-platform-operator] [3f36a6c0] 
2025-01-29 18:37:04,448 INFO c.h.h.t.HelmChartContainer - [hivemq-test-hivemq-platform] [hivemq-platform-operator] [3f36a6c0]                   _    _  _              __  __   ____
2025-01-29 18:37:04,448 INFO c.h.h.t.HelmChartContainer - [hivemq-test-hivemq-platform] [hivemq-platform-operator] [3f36a6c0]                  | |  | |(_)            |  \/  | / __ \
2025-01-29 18:37:04,448 INFO c.h.h.t.HelmChartContainer - [hivemq-test-hivemq-platform] [hivemq-platform-operator] [3f36a6c0]                  | |__| | _ __   __ ___ | \  / || |  | |
2025-01-29 18:37:04,448 INFO c.h.h.t.HelmChartContainer - [hivemq-test-hivemq-platform] [hivemq-platform-operator] [3f36a6c0]                  |  __  || |\ \ / // _ \| |\/| || |  | |
2025-01-29 18:37:04,448 INFO c.h.h.t.HelmChartContainer - [hivemq-test-hivemq-platform] [hivemq-platform-operator] [3f36a6c0]                  | |  | || | \ V /|  __/| |  | || |__| |
2025-01-29 18:37:04,448 INFO c.h.h.t.HelmChartContainer - [hivemq-test-hivemq-platform] [hivemq-platform-operator] [3f36a6c0]                  |_|  |_||_|  \_/  \___||_|  |_| \___\_\
2025-01-29 18:37:04,448 INFO c.h.h.t.HelmChartContainer - [hivemq-test-hivemq-platform] [hivemq-platform-operator] [3f36a6c0] 
2025-01-29 18:37:04,448 INFO c.h.h.t.HelmChartContainer - [hivemq-test-hivemq-platform] [hivemq-platform-operator] [3f36a6c0] -------------------------------------------------------------------------
2025-01-29 18:37:04,448 INFO c.h.h.t.HelmChartContainer - [hivemq-test-hivemq-platform] [hivemq-platform-operator] [3f36a6c0] 
2025-01-29 18:37:04,448 INFO c.h.h.t.HelmChartContainer - [hivemq-test-hivemq-platform] [hivemq-platform-operator] [3f36a6c0]   HiveMQ Platform Operator Start Script v1.0
2025-01-29 18:37:04,448 INFO c.h.h.t.HelmChartContainer - [hivemq-test-hivemq-platform] [hivemq-platform-operator] [3f36a6c0] 
2025-01-29 18:37:04,448 INFO c.h.h.t.HelmChartContainer - [hivemq-test-hivemq-platform] [hivemq-platform-operator] [3f36a6c0] -------------------------------------------------------------------------
2025-01-29 18:37:04,448 INFO c.h.h.t.HelmChartContainer - [hivemq-test-hivemq-platform] [hivemq-platform-operator] [3f36a6c0] 
2025-01-29 18:37:04,448 INFO c.h.h.t.HelmChartContainer - [hivemq-test-hivemq-platform] [hivemq-platform-operator] [3f36a6c0]   JAVA_OPTS: -XX:+UnlockExperimentalVMOptions -XX:InitialRAMPercentage=75 -XX:MaxRAMPercentage=75 -Duser.language=en -Duser.region=US
2025-01-29 18:37:04,448 INFO c.h.h.t.HelmChartContainer - [hivemq-test-hivemq-platform] [hivemq-platform-operator] [3f36a6c0] 
2025-01-29 18:37:04,448 INFO c.h.h.t.HelmChartContainer - [hivemq-test-hivemq-platform] [hivemq-platform-operator] [3f36a6c0]   JAVA_VERSION: 21
2025-01-29 18:37:04,449 INFO c.h.h.t.HelmChartContainer - [hivemq-test-hivemq-platform] [hivemq-platform-operator] [3f36a6c0] 
2025-01-29 18:37:04,449 INFO c.h.h.t.HelmChartContainer - [hivemq-test-hivemq-platform] [hivemq-platform-operator] [3f36a6c0] -------------------------------------------------------------------------
2025-01-29 18:37:04,449 INFO c.h.h.t.HelmChartContainer - [hivemq-test-hivemq-platform] [hivemq-platform-operator] [3f36a6c0] 
2025-01-29 18:37:06,722 INFO c.h.h.t.HelmChartContainer - [hivemq-test-hivemq-platform] [hivemq-platform-operator] [3f36a6c0] 18:37:06.720 [main] DEBUG org.jboss.logging - Logging Provider: org.jboss.logging.Slf4jLoggerProvider
2025-01-29 18:37:06,825 INFO c.h.h.t.HelmChartContainer - [hivemq-test-hivemq-platform] [hivemq-platform-operator] [3f36a6c0] 18:37:06.823 [main] DEBUG io.smallrye.config - SRCFG01006: Loaded ConfigSource SysPropConfigSource with ordinal 400
2025-01-29 18:37:06,825 INFO c.h.h.t.HelmChartContainer - [hivemq-test-hivemq-platform] [hivemq-platform-operator] [3f36a6c0] 18:37:06.823 [main] DEBUG io.smallrye.config - SRCFG01006: Loaded ConfigSource EnvConfigSource with ordinal 300
2025-01-29 18:37:06,826 INFO c.h.h.t.HelmChartContainer - [hivemq-test-hivemq-platform] [hivemq-platform-operator] [3f36a6c0] 18:37:06.823 [main] DEBUG io.smallrye.config - SRCFG01006: Loaded ConfigSource PropertiesConfigSource[source=jar:file:///opt/hivemq-platform-operator/bin/hivemq-platform-operator.jar!/hivemq-platform-operator.properties] with ordinal 100
2025-01-29 18:37:06,826 INFO c.h.h.t.HelmChartContainer - [hivemq-test-hivemq-platform] [hivemq-platform-operator] [3f36a6c0] 18:37:06.823 [main] DEBUG io.smallrye.config - SRCFG01006: Loaded ConfigSource DefaultValuesConfigSource with ordinal -2147483648
2025-01-29 18:37:06,926 INFO c.h.h.t.HelmChartContainer - [hivemq-test-hivemq-platform] [hivemq-platform-operator] [3f36a6c0] 18:37:06.925 [main] DEBUG i.m.c.u.i.l.InternalLoggerFactory - Using SLF4J as the default logging framework
2025-01-29 18:37:07,086 INFO c.h.h.t.HelmChartContainer - [hivemq-test-hivemq-platform] [hivemq-platform-operator] [3f36a6c0] 18:37:07.076 [main] INFO  c.h.p.o.HiveMQPlatformOperatorApplication - HiveMQ Platform Operator 1.7.0-SNAPSHOT (commit: b1b9591 on branch: HEAD) built on Wed Jan 29 18:32:18 UTC 2025
2025-01-29 18:37:07,086 INFO c.h.h.t.HelmChartContainer - [hivemq-test-hivemq-platform] [hivemq-platform-operator] [3f36a6c0] 18:37:07.085 [main] INFO  c.h.p.o.HiveMQPlatformOperatorApplication - HiveMQ Platform Operator is running in namespace: helmmqttit-operator
2025-01-29 18:37:07,086 INFO c.h.h.t.HelmChartContainer - [hivemq-test-hivemq-platform] [hivemq-platform-operator] [3f36a6c0] 18:37:07.085 [main] INFO  c.h.p.o.HiveMQPlatformOperatorApplication - Watching all namespaces
2025-01-29 18:37:07,086 INFO c.h.h.t.HelmChartContainer - [hivemq-test-hivemq-platform] [hivemq-platform-operator] [3f36a6c0] 18:37:07.085 [main] INFO  c.h.p.o.HiveMQPlatformOperatorApplication - Log level: DEBUG
2025-01-29 18:37:07,086 INFO c.h.h.t.HelmChartContainer - [hivemq-test-hivemq-platform] [hivemq-platform-operator] [3f36a6c0] 18:37:07.085 [main] INFO  c.h.p.o.HiveMQPlatformOperatorApplication - Release name: test-hivemq-platform-operator
2025-01-29 18:37:07,086 INFO c.h.h.t.HelmChartContainer - [hivemq-test-hivemq-platform] [hivemq-platform-operator] [3f36a6c0] 18:37:07.085 [main] INFO  c.h.p.o.HiveMQPlatformOperatorApplication - HiveMQ Platform Operator Init image: docker.io/hivemq/hivemq-platform-operator-init-test:snapshot
2025-01-29 18:37:07,087 INFO c.h.h.t.HelmChartContainer - [hivemq-test-hivemq-platform] [hivemq-platform-operator] [3f36a6c0] 18:37:07.085 [main] INFO  c.h.p.o.HiveMQPlatformOperatorApplication - HiveMQ Platform Operator Init App update URL: http://hivemq-platform-operator-test-hivemq-platform-operator.helmmqttit-operator.svc:8080/initAppUpdate/hivemq-platform-operator-init-app-1.7.0-SNAPSHOT.jar
2025-01-29 18:37:07,088 INFO c.h.h.t.HelmChartContainer - [hivemq-test-hivemq-platform] [hivemq-platform-operator] [3f36a6c0] 18:37:07.085 [main] INFO  c.h.p.o.HiveMQPlatformOperatorApplication - Additional imagePullSecret for all Platform deployments: none
2025-01-29 18:37:07,088 INFO c.h.h.t.HelmChartContainer - [hivemq-test-hivemq-platform] [hivemq-platform-operator] [3f36a6c0] 18:37:07.085 [main] INFO  c.h.p.o.HiveMQPlatformOperatorApplication - Apply HiveMQ Platform CRD: true
2025-01-29 18:37:07,088 INFO c.h.h.t.HelmChartContainer - [hivemq-test-hivemq-platform] [hivemq-platform-operator] [3f36a6c0] 18:37:07.085 [main] INFO  c.h.p.o.HiveMQPlatformOperatorApplication - Create Platform ServiceAccount: true
2025-01-29 18:37:07,088 INFO c.h.h.t.HelmChartContainer - [hivemq-test-hivemq-platform] [hivemq-platform-operator] [3f36a6c0] 18:37:07.085 [main] INFO  c.h.p.o.HiveMQPlatformOperatorApplication - Create Platform ServiceAccount permissions: true
2025-01-29 18:37:07,088 INFO c.h.h.t.HelmChartContainer - [hivemq-test-hivemq-platform] [hivemq-platform-operator] [3f36a6c0] 18:37:07.085 [main] INFO  c.h.p.o.HiveMQPlatformOperatorApplication - Validate Platform ServiceAccount: true
2025-01-29 18:37:07,088 INFO c.h.h.t.HelmChartContainer - [hivemq-test-hivemq-platform] [hivemq-platform-operator] [3f36a6c0] 18:37:07.085 [main] INFO  c.h.p.o.HiveMQPlatformOperatorApplication - Validate Platform ServiceAccount permissions: true
2025-01-29 18:37:07,277 INFO c.h.h.t.HelmChartContainer - [hivemq-test-hivemq-platform] [hivemq-platform-operator] [3f36a6c0] 18:37:07.276 [main] INFO  c.h.platform.operator.util.CRDUtil - Verifying deployed HiveMQ Platform CRD...
2025-01-29 18:37:08,127 INFO c.h.h.t.HelmChartContainer - [POD] metrics-server-8584b5786c-rsjhx [ef52d9ca-3940-4ca0-b94c-0f09995296e2] in kube-system was MODIFIED
2025-01-29 18:37:08,141 INFO c.h.h.t.HelmChartContainer - [K3S] [replica_set.go:679] "Finished syncing" kind="ReplicaSet" key="kube-system/metrics-server-8584b5786c" duration="14.871348ms"
2025-01-29 18:37:08,141 INFO c.h.h.t.HelmChartContainer - [K3S] [replica_set.go:679] "Finished syncing" kind="ReplicaSet" key="kube-system/metrics-server-8584b5786c" duration="36.789µs"
2025-01-29 18:37:09,624 INFO c.h.h.t.HelmChartContainer - [hivemq-test-hivemq-platform] [hivemq-platform-operator] [3f36a6c0] 18:37:09.623 [main] DEBUG c.h.platform.operator.util.CRDUtil - HiveMQ Platform CRD version v1 is up to date
2025-01-29 18:37:09,625 INFO c.h.h.t.HelmChartContainer - [hivemq-test-hivemq-platform] [hivemq-platform-operator] [3f36a6c0] 18:37:09.623 [main] INFO  c.h.platform.operator.util.CRDUtil - HiveMQ Platform CRD is up to date (version: V1_6_0)
2025-01-29 18:37:09,625 INFO c.h.h.t.HelmChartContainer - [hivemq-test-hivemq-platform] [hivemq-platform-operator] [3f36a6c0] 18:37:09.623 [main] INFO  c.h.platform.operator.util.CRDUtil - Waiting 10000 ms for HiveMQ Platform CRD 'hivemq-platforms.hivemq.com' to become ready...
2025-01-29 18:37:09,980 INFO c.h.h.t.HelmChartContainer - [hivemq-test-hivemq-platform] [hivemq-platform-operator] [3f36a6c0] 18:37:09.977 [vert.x-eventloop-thread-1] DEBUG c.h.platform.operator.util.CRDUtil - Checking CRD condition 'NamesAccepted' (status: 'True')
2025-01-29 18:37:09,980 INFO c.h.h.t.HelmChartContainer - [hivemq-test-hivemq-platform] [hivemq-platform-operator] [3f36a6c0] 18:37:09.977 [vert.x-eventloop-thread-1] DEBUG c.h.platform.operator.util.CRDUtil - Checking CRD condition 'Established' (status: 'True')
2025-01-29 18:37:09,980 INFO c.h.h.t.HelmChartContainer - [hivemq-test-hivemq-platform] [hivemq-platform-operator] [3f36a6c0] 18:37:09.978 [main] INFO  c.h.platform.operator.util.CRDUtil - HiveMQ Platform CRD 'hivemq-platforms.hivemq.com' is ready
2025-01-29 18:37:10,093 INFO c.h.h.t.HelmChartContainer - [hivemq-test-hivemq-platform] [hivemq-platform-operator] [3f36a6c0] 18:37:10.092 [main] INFO  c.h.p.o.HiveMQPlatformReconciler - HiveMQ Platform Operator is starting...
2025-01-29 18:37:10,185 INFO c.h.h.t.HelmChartContainer - [hivemq-test-hivemq-platform] [hivemq-platform-operator] [3f36a6c0] 18:37:10.184 [main] WARN  Default ConfigurationService implementation - Configuration for reconciler 'hivemq-controller' was not found. Known reconcilers: None.
2025-01-29 18:37:10,193 INFO c.h.h.t.HelmChartContainer - [hivemq-test-hivemq-platform] [hivemq-platform-operator] [3f36a6c0] 18:37:10.192 [main] INFO  Default ConfigurationService implementation - Created configuration for reconciler com.hivemq.platform.operator.HiveMQPlatformReconciler with name hivemq-controller
2025-01-29 18:37:10,323 INFO c.h.h.t.HelmChartContainer - [hivemq-test-hivemq-platform] [hivemq-platform-operator] [3f36a6c0] 18:37:10.322 [main] DEBUG c.h.p.o.HiveMQPlatformReconciler - HiveMQ Platform Operator is preparing EventSources
2025-01-29 18:37:10,390 INFO c.h.h.t.HelmChartContainer - [hivemq-test-hivemq-platform] [hivemq-platform-operator] [3f36a6c0] 18:37:10.389 [main] INFO  i.javaoperatorsdk.operator.Operator - Registered reconciler: 'hivemq-controller' for resource: 'class com.hivemq.platform.operator.v1.HiveMQPlatform' for namespace(s): [all namespaces]
2025-01-29 18:37:10,491 INFO c.h.h.t.HelmChartContainer - [K3S] [range_allocator.go:247] "Successfully synced" key="6206d5544d57"
2025-01-29 18:37:10,981 INFO c.h.h.t.HelmChartContainer - [hivemq-test-hivemq-platform] [hivemq-platform-operator] [3f36a6c0] 18:37:10.980 [main] INFO  c.h.p.operator.webserver.JettyServer - Starting Jetty server on port 8080
2025-01-29 18:37:11,079 INFO c.h.h.t.HelmChartContainer - [hivemq-test-hivemq-platform] [hivemq-platform-operator] [3f36a6c0] 18:37:11.077 [main] INFO  i.javaoperatorsdk.operator.Operator - Operator SDK 4.9.7 (commit: 2133d28) built on Wed Nov 20 12:56:20 UTC 2024 starting...
2025-01-29 18:37:11,079 INFO c.h.h.t.HelmChartContainer - [hivemq-test-hivemq-platform] [hivemq-platform-operator] [3f36a6c0] 18:37:11.077 [main] INFO  i.javaoperatorsdk.operator.Operator - Client version: 6.13.5
2025-01-29 18:37:11,080 INFO c.h.h.t.HelmChartContainer - [hivemq-test-hivemq-platform] [hivemq-platform-operator] [3f36a6c0] 18:37:11.079 [Controller Starter for: hivemq-controller] INFO  i.j.operator.processing.Controller - Starting 'hivemq-controller' controller for reconciler: com.hivemq.platform.operator.HiveMQPlatformReconciler, resource: com.hivemq.platform.operator.v1.HiveMQPlatform
2025-01-29 18:37:13,682 INFO c.h.h.t.HelmChartContainer - [hivemq-test-hivemq-platform] [hivemq-platform-operator] [3f36a6c0] 18:37:13.680 [Controller Starter for: hivemq-controller] INFO  i.j.operator.processing.Controller - 'hivemq-controller' controller started
2025-01-29 18:37:13,682 INFO c.h.h.t.HelmChartContainer - [hivemq-test-hivemq-platform] [hivemq-platform-operator] [3f36a6c0] 18:37:13.681 [main] INFO  c.h.p.o.HiveMQPlatformOperatorApplication - HiveMQ Platform Operator 1.7.0-SNAPSHOT started in 6604 ms
2025-01-29 18:37:15,159 INFO c.h.h.t.HelmChartContainer - [POD] hivemq-test-hivemq-platform-operator-6966f96d65-c999z [3f36a6c0-9510-40a6-b7c4-89b11e3ebf70] in helmmqttit-operator was MODIFIED
2025-01-29 18:37:15,183 INFO c.h.h.t.HelmChartContainer - [K3S] [replica_set.go:679] "Finished syncing" kind="ReplicaSet" key="helmmqttit-operator/hivemq-test-hivemq-platform-operator-6966f96d65" duration="28.397353ms"
2025-01-29 18:37:15,183 INFO c.h.h.t.HelmChartContainer - [K3S] [replica_set.go:679] "Finished syncing" kind="ReplicaSet" key="helmmqttit-operator/hivemq-test-hivemq-platform-operator-6966f96d65" duration="142.417µs"
2025-01-29 18:37:16,889 DEBUG c.h.h.t.HelmChartContainer - Executing helm command: /bin/helm --kubeconfig /etc/rancher/k3s/k3s.yaml install test-hivemq-platform /charts/hivemq-platform --wait --timeout 5m0s --set image.repository=docker.io/hivemq --set image.tag=4.36.0 --set image.pullPolicy=Never --set nodes.resources.cpu=512m -f /files/custom-service-names-values.yaml --namespace helmmqttit
2025-01-29 18:37:17,152 INFO c.h.h.t.HelmChartContainer - [hivemq-test-hivemq-platform] [hivemq-platform-operator] [3f36a6c0] 18:37:17.148 [-2082509879-pool-1-thread-1] WARN  i.m.p.PrometheusMeterRegistry - The meter (MeterId{name='operator.sdk.events.received', tags=[tag(action=ADDED),tag(event=ResourceEvent),tag(group=hivemq.com),tag(kind=HiveMQPlatform),tag(name=test-hivemq-platform),tag(namespace=helmmqttit),tag(scope=namespace),tag(version=v1)]}) registration has failed: Prometheus requires that all meters with the same name have the same set of tag keys. There is already an existing meter named 'operator.sdk.events.received' containing tag keys [event, group, kind, name, namespace, scope, version]. The meter you are attempting to register has keys [action, event, group, kind, name, namespace, scope, version]. Note that subsequent logs will be logged at debug level.
2025-01-29 18:37:17,585 INFO c.h.h.t.HelmChartContainer - [hivemq-test-hivemq-platform] [hivemq-platform-operator] [3f36a6c0] 18:37:17.584 [pool-6-thread-3] DEBUG c.h.p.o.dependants.PodInfoConfigMap - [helmmqtt] Desired PodInfo ConfigMap (1 extensions) (1 enabled)
2025-01-29 18:37:17,586 INFO c.h.h.t.HelmChartContainer - [hivemq-test-hivemq-platform] [hivemq-platform-operator] [3f36a6c0] 18:37:17.584 [pool-6-thread-3] DEBUG c.h.p.o.dependants.PodInfoConfigMap - [helmmqtt] Desired PodInfo ConfigMap (metrics port: 9399) (metrics path: /)
2025-01-29 18:37:17,623 INFO c.h.h.t.HelmChartContainer - [hivemq-test-hivemq-platform] [hivemq-platform-operator] [3f36a6c0] 18:37:17.618 [pool-6-thread-3] DEBUG c.h.p.o.dependants.PodInfoConfigMap - [helmmqtt] Desired PodInfo ConfigMap (extension state hash: -1817474005)
2025-01-29 18:37:17,623 INFO c.h.h.t.HelmChartContainer - [hivemq-test-hivemq-platform] [hivemq-platform-operator] [3f36a6c0] 18:37:17.621 [pool-6-thread-3] DEBUG c.h.p.o.dependants.PodInfoConfigMap - [helmmqtt] Create PodInfo ConfigMap
2025-01-29 18:37:17,720 INFO c.h.h.t.HelmChartContainer - [hivemq-test-hivemq-platform] [hivemq-platform-operator] [3f36a6c0] 18:37:17.683 [pool-6-thread-5] DEBUG c.h.p.o.dependants.PodRoleResource - [helmmqtt] Create Role: Role(apiVersion=rbac.authorization.k8s.io/v1, kind=Role, metadata=ObjectMeta(annotations={meta.helm.sh/release-name=test-hivemq-platform, meta.helm.sh/release-namespace=helmmqttit}, creationTimestamp=null, deletionGracePeriodSeconds=null, deletionTimestamp=null, finalizers=[], generateName=null, generation=null, labels={helm.sh/chart=hivemq-platform-0.2.32, app.kubernetes.io/managed-by=Helm, app.kubernetes.io/name=hivemq-platform, hivemq-platform=test-hivemq-platform, app.kubernetes.io/instance=test-hivemq-platform, app.kubernetes.io/version=4.36.0}, managedFields=[], name=hivemq-platform-role-test-hivemq-platform, namespace=helmmqttit, ownerReferences=[OwnerReference(apiVersion=hivemq.com/v1, blockOwnerDeletion=null, controller=null, kind=HiveMQPlatform, name=test-hivemq-platform, uid=97f5f255-18a4-4e03-b39a-9ea946013c58, additionalProperties={})], resourceVersion=null, selfLink=null, uid=null, additionalProperties={}), rules=[PolicyRule(apiGroups=[], nonResourceURLs=[], resourceNames=[], resources=[pods], verbs=[get, patch, update], additionalProperties={})], additionalProperties={})
2025-01-29 18:37:17,829 INFO c.h.h.t.HelmChartContainer - [hivemq-test-hivemq-platform] [hivemq-platform-operator] [3f36a6c0] 18:37:17.828 [pool-6-thread-7] DEBUG c.h.p.o.d.PodServiceAccountResource - [helmmqtt] Desired PodServiceAccountResource (serviceAccountName: hivemq-platform-pod-test-hivemq-platform)
2025-01-29 18:37:17,877 INFO c.h.h.t.HelmChartContainer - [hivemq-test-hivemq-platform] [hivemq-platform-operator] [3f36a6c0] 18:37:17.875 [pool-6-thread-7] DEBUG c.h.p.o.d.PodServiceAccountResource - [helmmqtt] Create ServiceAccount 'hivemq-platform-pod-test-hivemq-platform'
2025-01-29 18:37:18,024 INFO c.h.h.t.HelmChartContainer - [hivemq-test-hivemq-platform] [hivemq-platform-operator] [3f36a6c0] 18:37:18.020 [pool-6-thread-10] DEBUG c.h.p.o.d.PodRoleBindingResource - [helmmqtt] Create RoleBinding: RoleBinding(apiVersion=rbac.authorization.k8s.io/v1, kind=RoleBinding, metadata=ObjectMeta(annotations={meta.helm.sh/release-name=test-hivemq-platform, meta.helm.sh/release-namespace=helmmqttit}, creationTimestamp=null, deletionGracePeriodSeconds=null, deletionTimestamp=null, finalizers=[], generateName=null, generation=null, labels={helm.sh/chart=hivemq-platform-0.2.32, app.kubernetes.io/managed-by=Helm, app.kubernetes.io/name=hivemq-platform, hivemq-platform=test-hivemq-platform, app.kubernetes.io/instance=test-hivemq-platform, app.kubernetes.io/version=4.36.0}, managedFields=[], name=hivemq-platform-role-binding-test-hivemq-platform, namespace=helmmqttit, ownerReferences=[OwnerReference(apiVersion=hivemq.com/v1, blockOwnerDeletion=null, controller=null, kind=HiveMQPlatform, name=test-hivemq-platform, uid=97f5f255-18a4-4e03-b39a-9ea946013c58, additionalProperties={})], resourceVersion=null, selfLink=null, uid=null, additionalProperties={}), roleRef=RoleRef(apiGroup=rbac.authorization.k8s.io, kind=Role, name=hivemq-platform-role-test-hivemq-platform, additionalProperties={}), subjects=[Subject(apiGroup=null, kind=ServiceAccount, name=hivemq-platform-pod-test-hivemq-platform, namespace=helmmqttit, additionalProperties={})], additionalProperties={})
2025-01-29 18:37:18,081 INFO c.h.h.t.HelmChartContainer - [hivemq-test-hivemq-platform] [hivemq-platform-operator] [3f36a6c0] 18:37:18.079 [ReconcilerExecutor-hivemq-controller-53] INFO  c.h.p.o.HiveMQPlatformReconciler - [helmmqtt] Reconciling HiveMQ Platform 'test-hivemq-platform' in namespace 'helmmqttit'
2025-01-29 18:37:18,083 INFO c.h.h.t.HelmChartContainer - [hivemq-test-hivemq-platform] [hivemq-platform-operator] [3f36a6c0] 18:37:18.079 [ReconcilerExecutor-hivemq-controller-53] DEBUG c.h.p.o.HiveMQPlatformReconciler - [helmmqtt] Custom Resource Status CREATED - HiveMQ Platform was created (READY)
2025-01-29 18:37:18,083 INFO c.h.h.t.HelmChartContainer - [hivemq-test-hivemq-platform] [hivemq-platform-operator] [3f36a6c0] 18:37:18.079 [ReconcilerExecutor-hivemq-controller-53] DEBUG c.h.p.o.HiveMQPlatformReconciler - [helmmqtt] Custom Resource Spec (replicas: 1) (extensions: 1)
2025-01-29 18:37:18,084 INFO c.h.h.t.HelmChartContainer - [hivemq-test-hivemq-platform] [hivemq-platform-operator] [3f36a6c0] 18:37:18.082 [ReconcilerExecutor-hivemq-controller-53] INFO  c.h.p.o.h.HiveMQPlatformReconcilerBaseHandler - [helmmqtt] HiveMQ Platform is starting
2025-01-29 18:37:18,228 INFO c.h.h.t.HelmChartContainer - [hivemq-test-hivemq-platform] [hivemq-platform-operator] [3f36a6c0] 18:37:18.227 [ReconcilerExecutor-hivemq-controller-53] DEBUG c.h.p.operator.event.EventSender - [helmmqtt] Creating K8s event hivemq-platform-starting: [Start] HiveMQ Platform is starting
2025-01-29 18:37:18,282 INFO c.h.h.t.HelmChartContainer - [EVENT] Normal [Start] HiveMQ Platform is starting [helmmqttit:test-hivemq-platform]
2025-01-29 18:37:18,322 INFO c.h.h.t.HelmChartContainer - [hivemq-test-hivemq-platform] [hivemq-platform-operator] [3f36a6c0] 18:37:18.319 [ReconcilerExecutor-hivemq-controller-53] INFO  c.h.p.o.h.AbstractHiveMQReconcilerStateHandler - [helmmqtt] Update HiveMQ Platform Status (CREATED [READY] -> STARTING [READY]): HiveMQ Platform is starting
2025-01-29 18:37:18,387 DEBUG com.hivemq.helmcharts.util.K8sUtil - Comparing actual state 'STARTING' and waiting for 'RUNNING'
2025-01-29 18:37:28,430 INFO c.h.h.t.HelmChartContainer - [hivemq-test-hivemq-platform] [hivemq-platform-operator] [3f36a6c0] 18:37:28.427 [pool-6-thread-12] DEBUG c.h.p.o.d.PlatformServiceResource - [helmmqtt] Desired Platform services (4 services)
2025-01-29 18:37:28,435 INFO c.h.h.t.HelmChartContainer - [hivemq-test-hivemq-platform] [hivemq-platform-operator] [3f36a6c0] 18:37:28.430 [pool-6-thread-13] DEBUG c.h.p.o.dependants.PodInfoConfigMap - [helmmqtt] Desired PodInfo ConfigMap (1 extensions) (1 enabled)
2025-01-29 18:37:28,435 INFO c.h.h.t.HelmChartContainer - [hivemq-test-hivemq-platform] [hivemq-platform-operator] [3f36a6c0] 18:37:28.430 [pool-6-thread-13] DEBUG c.h.p.o.dependants.PodInfoConfigMap - [helmmqtt] Desired PodInfo ConfigMap (metrics port: 9399) (metrics path: /)
2025-01-29 18:37:28,435 INFO c.h.h.t.HelmChartContainer - [hivemq-test-hivemq-platform] [hivemq-platform-operator] [3f36a6c0] 18:37:28.430 [pool-6-thread-13] DEBUG c.h.p.o.dependants.PodInfoConfigMap - [helmmqtt] Desired PodInfo ConfigMap (extension state hash: -1817474005)
2025-01-29 18:37:28,441 INFO c.h.h.t.HelmChartContainer - [hivemq-test-hivemq-platform] [hivemq-platform-operator] [3f36a6c0] 18:37:28.439 [pool-6-thread-13] DEBUG c.h.p.o.dependants.PodInfoConfigMap - [helmmqtt] Update PodInfo ConfigMap
2025-01-29 18:37:28,442 INFO c.h.h.t.HelmChartContainer - [hivemq-test-hivemq-platform] [hivemq-platform-operator] [3f36a6c0] 18:37:28.439 [pool-6-thread-17] DEBUG c.h.p.o.d.PodServiceAccountResource - [helmmqtt] Desired PodServiceAccountResource (serviceAccountName: hivemq-platform-pod-test-hivemq-platform)
2025-01-29 18:37:28,534 INFO c.h.h.t.HelmChartContainer - [K3S] [alloc.go:330] "allocated clusterIPs" service="helmmqttit/mqtt-service" clusterIPs={"IPv4":"10.43.216.147"}
2025-01-29 18:37:28,630 INFO c.h.h.t.HelmChartContainer - [K3S] [alloc.go:330] "allocated clusterIPs" service="helmmqttit/control-center-service" clusterIPs={"IPv4":"10.43.52.252"}
2025-01-29 18:37:28,643 INFO c.h.h.t.HelmChartContainer - [K3S] [alloc.go:330] "allocated clusterIPs" service="helmmqttit/rest-api-service" clusterIPs={"IPv4":"10.43.245.95"}
2025-01-29 18:37:28,727 INFO c.h.h.t.HelmChartContainer - [K3S] [alloc.go:330] "allocated clusterIPs" service="helmmqttit/metrics-service" clusterIPs={"IPv4":"10.43.85.11"}
2025-01-29 18:37:28,738 INFO c.h.h.t.HelmChartContainer - [hivemq-test-hivemq-platform] [hivemq-platform-operator] [3f36a6c0] 18:37:28.736 [pool-6-thread-20] DEBUG c.h.p.o.d.StatefulSetResource - [helmmqtt] Desired StatefulSet (1 replicas) for status STARTING (READY)
2025-01-29 18:37:28,825 INFO c.h.h.t.HelmChartContainer - [hivemq-test-hivemq-platform] [hivemq-platform-operator] [3f36a6c0] 18:37:28.822 [pool-6-thread-20] DEBUG c.h.p.o.d.StatefulSetResource - [helmmqtt] Create StatefulSet
2025-01-29 18:37:28,856 INFO c.h.h.t.HelmChartContainer - [POD] test-hivemq-platform-0 [b83f16bc-c435-4350-9d5b-16c9dade8b3b] in helmmqttit was ADDED
2025-01-29 18:37:28,860 INFO c.h.h.t.HelmChartContainer - [EVENT] Normal [SuccessfulCreate] create Pod test-hivemq-platform-0 in StatefulSet test-hivemq-platform successful [helmmqttit:test-hivemq-platform]
2025-01-29 18:37:28,861 INFO c.h.h.t.HelmChartContainer - [EVENT] Normal [Scheduled] Successfully assigned helmmqttit/test-hivemq-platform-0 to 6206d5544d57 [helmmqttit:test-hivemq-platform-0]
2025-01-29 18:37:28,861 INFO c.h.h.t.HelmChartContainer - [POD] test-hivemq-platform-0 [b83f16bc-c435-4350-9d5b-16c9dade8b3b] in helmmqttit was MODIFIED
2025-01-29 18:37:28,872 INFO c.h.h.t.HelmChartContainer - [POD] test-hivemq-platform-0 [b83f16bc-c435-4350-9d5b-16c9dade8b3b] in helmmqttit was MODIFIED
2025-01-29 18:37:28,921 INFO c.h.h.t.HelmChartContainer - [hivemq-test-hivemq-platform] [hivemq-platform-operator] [3f36a6c0] 18:37:28.918 [ReconcilerExecutor-hivemq-controller-64] INFO  c.h.p.o.HiveMQPlatformReconciler - [helmmqtt] Reconciling HiveMQ Platform 'test-hivemq-platform' in namespace 'helmmqttit'
2025-01-29 18:37:28,925 INFO c.h.h.t.HelmChartContainer - [hivemq-test-hivemq-platform] [hivemq-platform-operator] [3f36a6c0] 18:37:28.919 [ReconcilerExecutor-hivemq-controller-64] DEBUG c.h.p.o.HiveMQPlatformReconciler - [helmmqtt] Custom Resource Status STARTING - HiveMQ Platform is starting (READY)
2025-01-29 18:37:28,925 INFO c.h.h.t.HelmChartContainer - [hivemq-test-hivemq-platform] [hivemq-platform-operator] [3f36a6c0] 18:37:28.919 [ReconcilerExecutor-hivemq-controller-64] DEBUG c.h.p.o.HiveMQPlatformReconciler - [helmmqtt] Custom Resource Spec (replicas: 1) (extensions: 1)
2025-01-29 18:37:28,925 INFO c.h.h.t.HelmChartContainer - [hivemq-test-hivemq-platform] [hivemq-platform-operator] [3f36a6c0] 18:37:28.921 [ReconcilerExecutor-hivemq-controller-64] DEBUG c.h.p.o.HiveMQPlatformReconciler - [helmmqtt] StatefulSet Status (revision: null, replicas: 0, available: 0, ready: 0, current: 0, updated: 0)
2025-01-29 18:37:28,925 INFO c.h.h.t.HelmChartContainer - [hivemq-test-hivemq-platform] [hivemq-platform-operator] [3f36a6c0] 18:37:28.921 [ReconcilerExecutor-hivemq-controller-64] DEBUG c.h.p.o.HiveMQPlatformReconciler - [helmmqtt] StatefulSet Spec (replicas: 1, init containers: 1, containers: 1, volumes: 3)
2025-01-29 18:37:28,953 INFO c.h.h.t.HelmChartContainer - [K3S] [reconciler_common.go:251] "operationExecutor.VerifyControllerAttachedVolume started for volume \"kube-api-access-gz2sw\" (UniqueName: \"kubernetes.io/projected/b83f16bc-c435-4350-9d5b-16c9dade8b3b-kube-api-access-gz2sw\") pod \"test-hivemq-platform-0\" (UID: \"b83f16bc-c435-4350-9d5b-16c9dade8b3b\") " pod="helmmqttit/test-hivemq-platform-0"
2025-01-29 18:37:28,954 INFO c.h.h.t.HelmChartContainer - [K3S] [reconciler_common.go:251] "operationExecutor.VerifyControllerAttachedVolume started for volume \"broker-configuration\" (UniqueName: \"kubernetes.io/configmap/b83f16bc-c435-4350-9d5b-16c9dade8b3b-broker-configuration\") pod \"test-hivemq-platform-0\" (UID: \"b83f16bc-c435-4350-9d5b-16c9dade8b3b\") " pod="helmmqttit/test-hivemq-platform-0"
2025-01-29 18:37:28,954 INFO c.h.h.t.HelmChartContainer - [K3S] [reconciler_common.go:251] "operationExecutor.VerifyControllerAttachedVolume started for volume \"pod-info\" (UniqueName: \"kubernetes.io/configmap/b83f16bc-c435-4350-9d5b-16c9dade8b3b-pod-info\") pod \"test-hivemq-platform-0\" (UID: \"b83f16bc-c435-4350-9d5b-16c9dade8b3b\") " pod="helmmqttit/test-hivemq-platform-0"
2025-01-29 18:37:28,954 INFO c.h.h.t.HelmChartContainer - [K3S] [reconciler_common.go:251] "operationExecutor.VerifyControllerAttachedVolume started for volume \"operator-init\" (UniqueName: \"kubernetes.io/empty-dir/b83f16bc-c435-4350-9d5b-16c9dade8b3b-operator-init\") pod \"test-hivemq-platform-0\" (UID: \"b83f16bc-c435-4350-9d5b-16c9dade8b3b\") " pod="helmmqttit/test-hivemq-platform-0"
2025-01-29 18:37:29,024 INFO c.h.h.t.HelmChartContainer - [hivemq-test-hivemq-platform] [hivemq-platform-operator] [3f36a6c0] 18:37:29.022 [ReconcilerExecutor-hivemq-controller-64] DEBUG c.h.p.o.h.HiveMQPlatformReconcilerErrorHandler - [helmmqtt] Pod 'test-hivemq-platform-0' phase Pending
2025-01-29 18:37:29,026 INFO c.h.h.t.HelmChartContainer - [hivemq-test-hivemq-platform] [hivemq-platform-operator] [3f36a6c0] 18:37:29.025 [ReconcilerExecutor-hivemq-controller-64] INFO  c.h.p.o.h.HiveMQPlatformReconcilerBaseHandler - [helmmqtt] HiveMQ Platform is starting, 0 of 1 replicas are ready
2025-01-29 18:37:29,031 INFO c.h.h.t.HelmChartContainer - [hivemq-test-hivemq-platform] [hivemq-platform-operator] [3f36a6c0] 18:37:29.029 [pool-6-thread-22] DEBUG c.h.p.o.d.PlatformServiceResource - [helmmqtt] Desired Platform services (4 services)
2025-01-29 18:37:29,033 INFO c.h.h.t.HelmChartContainer - [hivemq-test-hivemq-platform] [hivemq-platform-operator] [3f36a6c0] 18:37:29.031 [pool-6-thread-23] DEBUG c.h.p.o.dependants.PodInfoConfigMap - [helmmqtt] Desired PodInfo ConfigMap (1 extensions) (1 enabled)
2025-01-29 18:37:29,033 INFO c.h.h.t.HelmChartContainer - [hivemq-test-hivemq-platform] [hivemq-platform-operator] [3f36a6c0] 18:37:29.031 [pool-6-thread-23] DEBUG c.h.p.o.dependants.PodInfoConfigMap - [helmmqtt] Desired PodInfo ConfigMap (metrics port: 9399) (metrics path: /)
2025-01-29 18:37:29,033 INFO c.h.h.t.HelmChartContainer - [hivemq-test-hivemq-platform] [hivemq-platform-operator] [3f36a6c0] 18:37:29.031 [pool-6-thread-23] DEBUG c.h.p.o.dependants.PodInfoConfigMap - [helmmqtt] Desired PodInfo ConfigMap (extension state hash: -1817474005)
2025-01-29 18:37:29,035 INFO c.h.h.t.HelmChartContainer - [hivemq-test-hivemq-platform] [hivemq-platform-operator] [3f36a6c0] 18:37:29.035 [pool-6-thread-27] DEBUG c.h.p.o.d.PodServiceAccountResource - [helmmqtt] Desired PodServiceAccountResource (serviceAccountName: hivemq-platform-pod-test-hivemq-platform)
2025-01-29 18:37:29,132 INFO c.h.h.t.HelmChartContainer - [hivemq-test-hivemq-platform] [hivemq-platform-operator] [3f36a6c0] 18:37:29.131 [pool-6-thread-30] DEBUG c.h.p.o.d.StatefulSetResource - [helmmqtt] Desired StatefulSet (1 replicas) for status STARTING (READY)
2025-01-29 18:37:29,228 INFO c.h.h.t.HelmChartContainer - [hivemq-test-hivemq-platform] [hivemq-platform-operator] [3f36a6c0] 18:37:29.226 [ReconcilerExecutor-hivemq-controller-75] INFO  c.h.p.o.HiveMQPlatformReconciler - [helmmqtt] Reconciling HiveMQ Platform 'test-hivemq-platform' in namespace 'helmmqttit'
2025-01-29 18:37:29,229 INFO c.h.h.t.HelmChartContainer - [hivemq-test-hivemq-platform] [hivemq-platform-operator] [3f36a6c0] 18:37:29.227 [ReconcilerExecutor-hivemq-controller-75] DEBUG c.h.p.o.HiveMQPlatformReconciler - [helmmqtt] Custom Resource Status STARTING - HiveMQ Platform is starting (READY)
2025-01-29 18:37:29,229 INFO c.h.h.t.HelmChartContainer - [hivemq-test-hivemq-platform] [hivemq-platform-operator] [3f36a6c0] 18:37:29.227 [ReconcilerExecutor-hivemq-controller-75] DEBUG c.h.p.o.HiveMQPlatformReconciler - [helmmqtt] Custom Resource Spec (replicas: 1) (extensions: 1)
2025-01-29 18:37:29,233 INFO c.h.h.t.HelmChartContainer - [hivemq-test-hivemq-platform] [hivemq-platform-operator] [3f36a6c0] 18:37:29.232 [ReconcilerExecutor-hivemq-controller-75] DEBUG c.h.p.o.HiveMQPlatformReconciler - [helmmqtt] StatefulSet Status (revision: test-hivemq-platform-6c4dd86f88, replicas: 1, available: 0, ready: 0, current: 1, updated: 1)
2025-01-29 18:37:29,234 INFO c.h.h.t.HelmChartContainer - [hivemq-test-hivemq-platform] [hivemq-platform-operator] [3f36a6c0] 18:37:29.232 [ReconcilerExecutor-hivemq-controller-75] DEBUG c.h.p.o.HiveMQPlatformReconciler - [helmmqtt] StatefulSet Spec (replicas: 1, init containers: 1, containers: 1, volumes: 3)
2025-01-29 18:37:29,240 INFO c.h.h.t.HelmChartContainer - [hivemq-test-hivemq-platform] [hivemq-platform-operator] [3f36a6c0] 18:37:29.239 [ReconcilerExecutor-hivemq-controller-75] DEBUG c.h.p.o.h.HiveMQPlatformReconcilerErrorHandler - [helmmqtt] Pod 'test-hivemq-platform-0' phase Pending
2025-01-29 18:37:29,261 INFO c.h.h.t.HelmChartContainer - [EVENT] Normal [Pulled] Container image "docker.io/hivemq/hivemq-platform-operator-init-test:snapshot" already present on machine [helmmqttit:test-hivemq-platform-0]
2025-01-29 18:37:29,267 INFO c.h.h.t.HelmChartContainer - [EVENT] Normal [Created] Created container: hivemq-platform-operator-init [helmmqttit:test-hivemq-platform-0]
2025-01-29 18:37:29,305 INFO c.h.h.t.HelmChartContainer - [EVENT] Normal [Started] Started container hivemq-platform-operator-init [helmmqttit:test-hivemq-platform-0]
2025-01-29 18:37:29,319 INFO c.h.h.t.HelmChartContainer - [hivemq-test-hivemq-platform] [hivemq-platform-operator] [3f36a6c0] 18:37:29.319 [ReconcilerExecutor-hivemq-controller-75] DEBUG c.h.p.o.h.HiveMQPlatformReconcilerErrorHandler - [helmmqtt] Pod 'test-hivemq-platform-0' condition 'PodReadyToStartContainers': False
2025-01-29 18:37:29,322 INFO c.h.h.t.HelmChartContainer - [hivemq-test-hivemq-platform] [hivemq-platform-operator] [3f36a6c0] 18:37:29.320 [ReconcilerExecutor-hivemq-controller-75] DEBUG c.h.p.o.h.HiveMQPlatformReconcilerErrorHandler - [helmmqtt] Pod 'test-hivemq-platform-0' condition 'Initialized': False
2025-01-29 18:37:29,322 INFO c.h.h.t.HelmChartContainer - [hivemq-test-hivemq-platform] [hivemq-platform-operator] [3f36a6c0] 18:37:29.320 [ReconcilerExecutor-hivemq-controller-75] DEBUG c.h.p.o.h.HiveMQPlatformReconcilerErrorHandler - [helmmqtt] Pod 'test-hivemq-platform-0' condition 'Ready': False
2025-01-29 18:37:29,322 INFO c.h.h.t.HelmChartContainer - [hivemq-test-hivemq-platform] [hivemq-platform-operator] [3f36a6c0] 18:37:29.320 [ReconcilerExecutor-hivemq-controller-75] DEBUG c.h.p.o.h.HiveMQPlatformReconcilerErrorHandler - [helmmqtt] Pod 'test-hivemq-platform-0' condition 'ContainersReady': False
2025-01-29 18:37:29,322 INFO c.h.h.t.HelmChartContainer - [hivemq-test-hivemq-platform] [hivemq-platform-operator] [3f36a6c0] 18:37:29.320 [ReconcilerExecutor-hivemq-controller-75] DEBUG c.h.p.o.h.HiveMQPlatformReconcilerErrorHandler - [helmmqtt] Pod 'test-hivemq-platform-0' condition 'PodScheduled': True
2025-01-29 18:37:29,323 INFO c.h.h.t.HelmChartContainer - [hivemq-test-hivemq-platform] [hivemq-platform-operator] [3f36a6c0] 18:37:29.320 [ReconcilerExecutor-hivemq-controller-75] DEBUG c.h.p.o.h.HiveMQPlatformReconcilerErrorHandler - [helmmqtt] Pod 'test-hivemq-platform-0' containerStatus 'hivemq' (started: false) (ready: false) (waiting: [PodInitializing] null)
2025-01-29 18:37:29,326 INFO c.h.h.t.HelmChartContainer - [hivemq-test-hivemq-platform] [hivemq-platform-operator] [3f36a6c0] 18:37:29.324 [ReconcilerExecutor-hivemq-controller-75] INFO  c.h.p.o.h.HiveMQPlatformReconcilerBaseHandler - [helmmqtt] HiveMQ Platform is starting, 0 of 1 replicas are ready
2025-01-29 18:37:30,191 INFO c.h.h.t.HelmChartContainer - [EVENT] Normal [Pulled] Container image "docker.io/hivemq/hivemq4:4.36.0" already present on machine [helmmqttit:test-hivemq-platform-0]
2025-01-29 18:37:30,191 INFO c.h.h.t.HelmChartContainer - Received Pulled event for container hivemq in pod test-hivemq-platform-0 [b83f16bc-c435-4350-9d5b-16c9dade8b3b]
2025-01-29 18:37:30,219 INFO c.h.h.t.HelmChartContainer - [POD] test-hivemq-platform-0 [b83f16bc-c435-4350-9d5b-16c9dade8b3b] in helmmqttit was MODIFIED
2025-01-29 18:37:30,225 INFO c.h.h.t.HelmChartContainer - [EVENT] Normal [Created] Created container: hivemq [helmmqttit:test-hivemq-platform-0]
2025-01-29 18:37:30,225 INFO c.h.h.t.HelmChartContainer - Received Created event for container hivemq in pod test-hivemq-platform-0 [b83f16bc-c435-4350-9d5b-16c9dade8b3b]
2025-01-29 18:37:30,236 INFO c.h.h.t.HelmChartContainer - [hivemq-test-hivemq-platform] [hivemq-platform-operator] [3f36a6c0] 18:37:30.218 [pool-6-thread-32] DEBUG c.h.p.o.d.PlatformServiceResource - [helmmqtt] Desired Platform services (4 services)
2025-01-29 18:37:30,236 INFO c.h.h.t.HelmChartContainer - [hivemq-test-hivemq-platform] [hivemq-platform-operator] [3f36a6c0] 18:37:30.221 [pool-6-thread-33] DEBUG c.h.p.o.dependants.PodInfoConfigMap - [helmmqtt] Desired PodInfo ConfigMap (1 extensions) (1 enabled)
2025-01-29 18:37:30,242 INFO c.h.h.t.HelmChartContainer - [hivemq-test-hivemq-platform] [hivemq-platform-operator] [3f36a6c0] 18:37:30.221 [pool-6-thread-33] DEBUG c.h.p.o.dependants.PodInfoConfigMap - [helmmqtt] Desired PodInfo ConfigMap (metrics port: 9399) (metrics path: /)
2025-01-29 18:37:30,242 INFO c.h.h.t.HelmChartContainer - [hivemq-test-hivemq-platform] [hivemq-platform-operator] [3f36a6c0] 18:37:30.221 [pool-6-thread-33] DEBUG c.h.p.o.dependants.PodInfoConfigMap - [helmmqtt] Desired PodInfo ConfigMap (extension state hash: -1817474005)
2025-01-29 18:37:30,242 INFO c.h.h.t.HelmChartContainer - [hivemq-test-hivemq-platform] [hivemq-platform-operator] [3f36a6c0] 18:37:30.228 [pool-6-thread-37] DEBUG c.h.p.o.d.PodServiceAccountResource - [helmmqtt] Desired PodServiceAccountResource (serviceAccountName: hivemq-platform-pod-test-hivemq-platform)
2025-01-29 18:37:30,286 INFO c.h.h.t.HelmChartContainer - [hivemq-test-hivemq-platform] [hivemq-platform-operator] [3f36a6c0] 18:37:30.281 [pool-6-thread-40] DEBUG c.h.p.o.d.StatefulSetResource - [helmmqtt] Desired StatefulSet (1 replicas) for status STARTING (READY)
2025-01-29 18:37:30,288 INFO c.h.h.t.HelmChartContainer - [hivemq-test-hivemq-platform] [hivemq-platform-operator] [3f36a6c0] 18:37:30.286 [ReconcilerExecutor-hivemq-controller-86] INFO  c.h.p.o.HiveMQPlatformReconciler - [helmmqtt] Reconciling HiveMQ Platform 'test-hivemq-platform' in namespace 'helmmqttit'
2025-01-29 18:37:30,290 INFO c.h.h.t.HelmChartContainer - [hivemq-test-hivemq-platform] [hivemq-platform-operator] [3f36a6c0] 18:37:30.287 [ReconcilerExecutor-hivemq-controller-86] DEBUG c.h.p.o.HiveMQPlatformReconciler - [helmmqtt] Custom Resource Status STARTING - HiveMQ Platform is starting (READY)
2025-01-29 18:37:30,291 INFO c.h.h.t.HelmChartContainer - [hivemq-test-hivemq-platform] [hivemq-platform-operator] [3f36a6c0] 18:37:30.289 [ReconcilerExecutor-hivemq-controller-86] DEBUG c.h.p.o.HiveMQPlatformReconciler - [helmmqtt] Custom Resource Spec (replicas: 1) (extensions: 1)
2025-01-29 18:37:30,321 INFO c.h.h.t.HelmChartContainer - [hivemq-test-hivemq-platform] [hivemq-platform-operator] [3f36a6c0] 18:37:30.320 [ReconcilerExecutor-hivemq-controller-86] DEBUG c.h.p.o.HiveMQPlatformReconciler - [helmmqtt] StatefulSet Status (revision: test-hivemq-platform-6c4dd86f88, replicas: 1, available: 0, ready: 0, current: 1, updated: 1)
2025-01-29 18:37:30,322 INFO c.h.h.t.HelmChartContainer - [hivemq-test-hivemq-platform] [hivemq-platform-operator] [3f36a6c0] 18:37:30.320 [ReconcilerExecutor-hivemq-controller-86] DEBUG c.h.p.o.HiveMQPlatformReconciler - [helmmqtt] StatefulSet Spec (replicas: 1, init containers: 1, containers: 1, volumes: 3)
2025-01-29 18:37:30,379 INFO c.h.h.t.HelmChartContainer - [hivemq-test-hivemq-platform] [hivemq-platform-operator] [3f36a6c0] 18:37:30.376 [ReconcilerExecutor-hivemq-controller-86] DEBUG c.h.p.o.h.HiveMQPlatformReconcilerErrorHandler - [helmmqtt] Pod 'test-hivemq-platform-0' phase Pending
2025-01-29 18:37:30,379 INFO c.h.h.t.HelmChartContainer - [hivemq-test-hivemq-platform] [hivemq-platform-operator] [3f36a6c0] 18:37:30.376 [ReconcilerExecutor-hivemq-controller-86] DEBUG c.h.p.o.h.HiveMQPlatformReconcilerErrorHandler - [helmmqtt] Pod 'test-hivemq-platform-0' condition 'PodReadyToStartContainers': True
2025-01-29 18:37:30,379 INFO c.h.h.t.HelmChartContainer - [hivemq-test-hivemq-platform] [hivemq-platform-operator] [3f36a6c0] 18:37:30.376 [ReconcilerExecutor-hivemq-controller-86] DEBUG c.h.p.o.h.HiveMQPlatformReconcilerErrorHandler - [helmmqtt] Pod 'test-hivemq-platform-0' condition 'Initialized': True
2025-01-29 18:37:30,379 INFO c.h.h.t.HelmChartContainer - [hivemq-test-hivemq-platform] [hivemq-platform-operator] [3f36a6c0] 18:37:30.376 [ReconcilerExecutor-hivemq-controller-86] DEBUG c.h.p.o.h.HiveMQPlatformReconcilerErrorHandler - [helmmqtt] Pod 'test-hivemq-platform-0' condition 'Ready': False
2025-01-29 18:37:30,379 INFO c.h.h.t.HelmChartContainer - [hivemq-test-hivemq-platform] [hivemq-platform-operator] [3f36a6c0] 18:37:30.376 [ReconcilerExecutor-hivemq-controller-86] DEBUG c.h.p.o.h.HiveMQPlatformReconcilerErrorHandler - [helmmqtt] Pod 'test-hivemq-platform-0' condition 'ContainersReady': False
2025-01-29 18:37:30,379 INFO c.h.h.t.HelmChartContainer - [hivemq-test-hivemq-platform] [hivemq-platform-operator] [3f36a6c0] 18:37:30.376 [ReconcilerExecutor-hivemq-controller-86] DEBUG c.h.p.o.h.HiveMQPlatformReconcilerErrorHandler - [helmmqtt] Pod 'test-hivemq-platform-0' condition 'PodScheduled': True
2025-01-29 18:37:30,379 INFO c.h.h.t.HelmChartContainer - [hivemq-test-hivemq-platform] [hivemq-platform-operator] [3f36a6c0] 18:37:30.376 [ReconcilerExecutor-hivemq-controller-86] DEBUG c.h.p.o.h.HiveMQPlatformReconcilerErrorHandler - [helmmqtt] Pod 'test-hivemq-platform-0' containerStatus 'hivemq' (started: false) (ready: false) (waiting: [PodInitializing] null)
2025-01-29 18:37:30,382 INFO c.h.h.t.HelmChartContainer - [hivemq-test-hivemq-platform] [hivemq-platform-operator] [3f36a6c0] 18:37:30.380 [ReconcilerExecutor-hivemq-controller-86] INFO  c.h.p.o.h.HiveMQPlatformReconcilerBaseHandler - [helmmqtt] HiveMQ Platform is starting, 0 of 1 replicas are ready
2025-01-29 18:37:31,202 INFO c.h.h.t.HelmChartContainer - [POD] test-hivemq-platform-0 [b83f16bc-c435-4350-9d5b-16c9dade8b3b] in helmmqttit was MODIFIED
2025-01-29 18:37:31,212 INFO c.h.h.t.HelmChartContainer - [EVENT] Normal [Started] Started container hivemq [helmmqttit:test-hivemq-platform-0]
2025-01-29 18:37:31,212 INFO c.h.h.t.HelmChartContainer - Started log watcher for hivemq in pod test-hivemq-platform-0 [b83f16bc-c435-4350-9d5b-16c9dade8b3b]
2025-01-29 18:37:31,212 INFO c.h.h.t.HelmChartContainer - Received Started event for container hivemq in pod test-hivemq-platform-0 [b83f16bc-c435-4350-9d5b-16c9dade8b3b]
2025-01-29 18:37:31,212 INFO c.h.h.t.HelmChartContainer - [test-hivemq-platform] [hivemq] [b83f16bc] Adding pre-installed HiveMQ Platform Operator extensions
2025-01-29 18:37:31,212 INFO c.h.h.t.HelmChartContainer - [test-hivemq-platform] [hivemq] [b83f16bc] Running as user 10000
2025-01-29 18:37:31,212 INFO c.h.h.t.HelmChartContainer - [test-hivemq-platform] [hivemq] [b83f16bc] Starting HiveMQ Platform Operator Init
2025-01-29 18:37:31,218 INFO c.h.h.t.HelmChartContainer - [hivemq-test-hivemq-platform] [hivemq-platform-operator] [3f36a6c0] 18:37:31.216 [pool-6-thread-42] DEBUG c.h.p.o.d.PlatformServiceResource - [helmmqtt] Desired Platform services (4 services)
2025-01-29 18:37:31,222 INFO c.h.h.t.HelmChartContainer - [hivemq-test-hivemq-platform] [hivemq-platform-operator] [3f36a6c0] 18:37:31.218 [pool-6-thread-43] DEBUG c.h.p.o.dependants.PodInfoConfigMap - [helmmqtt] Desired PodInfo ConfigMap (1 extensions) (1 enabled)
2025-01-29 18:37:31,223 INFO c.h.h.t.HelmChartContainer - [hivemq-test-hivemq-platform] [hivemq-platform-operator] [3f36a6c0] 18:37:31.218 [pool-6-thread-43] DEBUG c.h.p.o.dependants.PodInfoConfigMap - [helmmqtt] Desired PodInfo ConfigMap (metrics port: 9399) (metrics path: /)
2025-01-29 18:37:31,223 INFO c.h.h.t.HelmChartContainer - [hivemq-test-hivemq-platform] [hivemq-platform-operator] [3f36a6c0] 18:37:31.218 [pool-6-thread-43] DEBUG c.h.p.o.dependants.PodInfoConfigMap - [helmmqtt] Desired PodInfo ConfigMap (extension state hash: -1817474005)
2025-01-29 18:37:31,227 INFO c.h.h.t.HelmChartContainer - [hivemq-test-hivemq-platform] [hivemq-platform-operator] [3f36a6c0] 18:37:31.224 [pool-6-thread-47] DEBUG c.h.p.o.d.PodServiceAccountResource - [helmmqtt] Desired PodServiceAccountResource (serviceAccountName: hivemq-platform-pod-test-hivemq-platform)
2025-01-29 18:37:31,282 INFO c.h.h.t.HelmChartContainer - [hivemq-test-hivemq-platform] [hivemq-platform-operator] [3f36a6c0] 18:37:31.280 [pool-6-thread-50] DEBUG c.h.p.o.d.StatefulSetResource - [helmmqtt] Desired StatefulSet (1 replicas) for status STARTING (READY)
2025-01-29 18:37:31,321 INFO c.h.h.t.HelmChartContainer - [hivemq-test-hivemq-platform] [hivemq-platform-operator] [3f36a6c0] 18:37:31.319 [ReconcilerExecutor-hivemq-controller-97] INFO  c.h.p.o.HiveMQPlatformReconciler - [helmmqtt] Reconciling HiveMQ Platform 'test-hivemq-platform' in namespace 'helmmqttit'
2025-01-29 18:37:31,321 INFO c.h.h.t.HelmChartContainer - [hivemq-test-hivemq-platform] [hivemq-platform-operator] [3f36a6c0] 18:37:31.319 [ReconcilerExecutor-hivemq-controller-97] DEBUG c.h.p.o.HiveMQPlatformReconciler - [helmmqtt] Custom Resource Status STARTING - HiveMQ Platform is starting (READY)
2025-01-29 18:37:31,321 INFO c.h.h.t.HelmChartContainer - [hivemq-test-hivemq-platform] [hivemq-platform-operator] [3f36a6c0] 18:37:31.319 [ReconcilerExecutor-hivemq-controller-97] DEBUG c.h.p.o.HiveMQPlatformReconciler - [helmmqtt] Custom Resource Spec (replicas: 1) (extensions: 1)
2025-01-29 18:37:31,324 INFO c.h.h.t.HelmChartContainer - [hivemq-test-hivemq-platform] [hivemq-platform-operator] [3f36a6c0] 18:37:31.322 [ReconcilerExecutor-hivemq-controller-97] DEBUG c.h.p.o.HiveMQPlatformReconciler - [helmmqtt] StatefulSet Status (revision: test-hivemq-platform-6c4dd86f88, replicas: 1, available: 0, ready: 0, current: 1, updated: 1)
2025-01-29 18:37:31,324 INFO c.h.h.t.HelmChartContainer - [hivemq-test-hivemq-platform] [hivemq-platform-operator] [3f36a6c0] 18:37:31.322 [ReconcilerExecutor-hivemq-controller-97] DEBUG c.h.p.o.HiveMQPlatformReconciler - [helmmqtt] StatefulSet Spec (replicas: 1, init containers: 1, containers: 1, volumes: 3)
2025-01-29 18:37:31,326 INFO c.h.h.t.HelmChartContainer - [hivemq-test-hivemq-platform] [hivemq-platform-operator] [3f36a6c0] 18:37:31.325 [ReconcilerExecutor-hivemq-controller-97] DEBUG c.h.p.o.h.HiveMQPlatformReconcilerErrorHandler - [helmmqtt] Pod 'test-hivemq-platform-0' phase Running
2025-01-29 18:37:31,328 INFO c.h.h.t.HelmChartContainer - [hivemq-test-hivemq-platform] [hivemq-platform-operator] [3f36a6c0] 18:37:31.326 [ReconcilerExecutor-hivemq-controller-97] INFO  c.h.p.o.h.HiveMQPlatformReconcilerBaseHandler - [helmmqtt] HiveMQ Platform is starting, 0 of 1 replicas are ready
2025-01-29 18:37:31,478 INFO c.h.h.t.HelmChartContainer - [test-hivemq-platform] [hivemq] [b83f16bc] INFO  - [HiveMQ Platform Operator Init 1.7.0-SNAPSHOT] HiveMQ Platform Operator Init 1.7.0-SNAPSHOT (commit: b1b9591 on branch: HEAD) built on Wed Jan 29 18:32:18 UTC 2025
2025-01-29 18:37:32,587 INFO c.h.h.t.HelmChartContainer - [test-hivemq-platform] [hivemq] [b83f16bc] INFO  - [HiveMQ Platform Operator Init App 1.7.0-SNAPSHOT] Using bind address 10.42.0.6 from environment variable
2025-01-29 18:37:33,571 INFO c.h.h.t.HelmChartContainer - [test-hivemq-platform] [hivemq] [b83f16bc] INFO  - [HiveMQ Platform Operator Init App 1.7.0-SNAPSHOT] HiveMQ Platform Operator Init App 1.7.0-SNAPSHOT (commit: b1b9591 on branch: HEAD) built on Wed Jan 29 18:32:18 UTC 2025
2025-01-29 18:37:33,571 INFO c.h.h.t.HelmChartContainer - [test-hivemq-platform] [hivemq] [b83f16bc] INFO  - [HiveMQ Platform Operator Init App 1.7.0-SNAPSHOT] PodInfo ConfigMap directory: /etc/podinfo
2025-01-29 18:37:33,571 INFO c.h.h.t.HelmChartContainer - [test-hivemq-platform] [hivemq] [b83f16bc] INFO  - [HiveMQ Platform Operator Init App 1.7.0-SNAPSHOT] HiveMQ home directory: /opt/hivemq
2025-01-29 18:37:33,571 INFO c.h.h.t.HelmChartContainer - [test-hivemq-platform] [hivemq] [b83f16bc] INFO  - [HiveMQ Platform Operator Init App 1.7.0-SNAPSHOT] HiveMQ Logback folder: /opt/hivemq/conf
2025-01-29 18:37:33,571 INFO c.h.h.t.HelmChartContainer - [test-hivemq-platform] [hivemq] [b83f16bc] INFO  - [HiveMQ Platform Operator Init App 1.7.0-SNAPSHOT] HiveMQ Config folder: /opt/hivemq/conf-k8s
2025-01-29 18:37:33,572 INFO c.h.h.t.HelmChartContainer - [test-hivemq-platform] [hivemq] [b83f16bc] INFO  - [HiveMQ Platform Operator Init App 1.7.0-SNAPSHOT] Starting HiveMQ Platform Operator Init App
2025-01-29 18:37:33,572 INFO c.h.h.t.HelmChartContainer - [test-hivemq-platform] [hivemq] [b83f16bc] INFO  - [HiveMQ Platform Operator Init App 1.7.0-SNAPSHOT] Starting Pod reconciler
2025-01-29 18:37:34,754 INFO c.h.h.t.HelmChartContainer - [test-hivemq-platform] [hivemq] [b83f16bc] INFO  - [HiveMQ Platform Operator Init App 1.7.0-SNAPSHOT] Pod reconciler is scheduled (interval: 5000 ms)
2025-01-29 18:37:34,755 INFO c.h.h.t.HelmChartContainer - [test-hivemq-platform] [hivemq] [b83f16bc] INFO  - [HiveMQ Platform Operator Init App 1.7.0-SNAPSHOT] Starting the REST API on 10.42.0.6:7979
2025-01-29 18:37:34,767 INFO c.h.h.t.HelmChartContainer - [test-hivemq-platform] [hivemq] [b83f16bc] INFO  - [HiveMQ Platform Operator Init App 1.7.0-SNAPSHOT] Waiting up to 600s for at most 1 HiveMQ nodes in cluster service hivemq-test-hivemq-platform-cluster.helmmqttit.svc
2025-01-29 18:37:35,073 INFO c.h.h.t.HelmChartContainer - [test-hivemq-platform] [hivemq] [b83f16bc] INFO  - [HiveMQ Platform Operator Init App 1.7.0-SNAPSHOT] Resolved 1 IP addresses: [10.42.0.6]
2025-01-29 18:37:35,073 INFO c.h.h.t.HelmChartContainer - [test-hivemq-platform] [hivemq] [b83f16bc] INFO  - [HiveMQ Platform Operator Init App 1.7.0-SNAPSHOT] HiveMQ node count of 1 is within threshold of 1
2025-01-29 18:37:35,073 INFO c.h.h.t.HelmChartContainer - [test-hivemq-platform] [hivemq] [b83f16bc] INFO  - [HiveMQ Platform Operator Init App 1.7.0-SNAPSHOT] Proceeding with container start
2025-01-29 18:37:35,156 INFO c.h.h.t.HelmChartContainer - [test-hivemq-platform] [hivemq] [b83f16bc] INFO  - [HiveMQ Platform Operator Init App 1.7.0-SNAPSHOT] Initializing HiveMQ Platform extensions with initial configuration: {hivemq-allow-all-extension={start-priority=-1, skip-https-hostname-verification=false, restart=true, config-version=0, header-version=0, c-uri=, priority=-1, uri=preinstalled, skip-https-certificate-validation=false, enabled=true}, hivemq-prometheus-extension={uri=preinstalled, skip-https-certificate-validation=false, skip-https-hostname-verification=false, c-uri=, start-priority=-1, priority=-1, restart=true, enabled=true, request-header-path=no-request-headers}}
2025-01-29 18:37:35,676 INFO c.h.h.t.HelmChartContainer - [test-hivemq-platform] [hivemq] [b83f16bc] INFO  - [HiveMQ Platform Operator Init App 1.7.0-SNAPSHOT] Extension hivemq-allow-all-extension was already enabled
2025-01-29 18:37:35,688 INFO c.h.h.t.HelmChartContainer - [test-hivemq-platform] [hivemq] [b83f16bc] INFO  - [HiveMQ Platform Operator Init App 1.7.0-SNAPSHOT] Successfully enabled extension hivemq-prometheus-extension
2025-01-29 18:37:35,689 INFO c.h.h.t.HelmChartContainer - [test-hivemq-platform] [hivemq] [b83f16bc] INFO  - [HiveMQ Platform Operator Init App 1.7.0-SNAPSHOT] Starting HiveMQ Platform version 4.36.0 (4.36.0)
2025-01-29 18:37:35,689 INFO c.h.h.t.HelmChartContainer - [test-hivemq-platform] [hivemq] [b83f16bc] INFO  - [HiveMQ Platform Operator Init App 1.7.0-SNAPSHOT] Configuring the HiveMQ Platform
2025-01-29 18:37:35,778 INFO c.h.h.t.HelmChartContainer - [test-hivemq-platform] [hivemq] [b83f16bc] INFO  - [HiveMQ Platform Operator Init App 1.7.0-SNAPSHOT] Changed logback.xml file scan period to 20 seconds
2025-01-29 18:37:35,874 INFO c.h.h.t.HelmChartContainer - [test-hivemq-platform] [hivemq] [b83f16bc] INFO  - [HiveMQ Platform Operator Init App 1.7.0-SNAPSHOT] Starting the HiveMQ Platform
2025-01-29 18:37:35,877 INFO c.h.h.t.HelmChartContainer - [test-hivemq-platform] [hivemq] [b83f16bc] -------------------------------------------------------------------------
2025-01-29 18:37:35,877 INFO c.h.h.t.HelmChartContainer - [test-hivemq-platform] [hivemq] [b83f16bc] 
2025-01-29 18:37:35,877 INFO c.h.h.t.HelmChartContainer - [test-hivemq-platform] [hivemq] [b83f16bc]                   _    _  _              __  __   ____
2025-01-29 18:37:35,877 INFO c.h.h.t.HelmChartContainer - [test-hivemq-platform] [hivemq] [b83f16bc]                  | |  | |(_)            |  \/  | / __ \
2025-01-29 18:37:35,877 INFO c.h.h.t.HelmChartContainer - [test-hivemq-platform] [hivemq] [b83f16bc]                  | |__| | _ __   __ ___ | \  / || |  | |
2025-01-29 18:37:35,877 INFO c.h.h.t.HelmChartContainer - [test-hivemq-platform] [hivemq] [b83f16bc]                  |  __  || |\ \ / // _ \| |\/| || |  | |
2025-01-29 18:37:35,877 INFO c.h.h.t.HelmChartContainer - [test-hivemq-platform] [hivemq] [b83f16bc]                  | |  | || | \ V /|  __/| |  | || |__| |
2025-01-29 18:37:35,877 INFO c.h.h.t.HelmChartContainer - [test-hivemq-platform] [hivemq] [b83f16bc]                  |_|  |_||_|  \_/  \___||_|  |_| \___\_\
2025-01-29 18:37:35,877 INFO c.h.h.t.HelmChartContainer - [test-hivemq-platform] [hivemq] [b83f16bc] 
2025-01-29 18:37:35,877 INFO c.h.h.t.HelmChartContainer - [test-hivemq-platform] [hivemq] [b83f16bc] -------------------------------------------------------------------------
2025-01-29 18:37:35,877 INFO c.h.h.t.HelmChartContainer - [test-hivemq-platform] [hivemq] [b83f16bc] 
2025-01-29 18:37:35,877 INFO c.h.h.t.HelmChartContainer - [test-hivemq-platform] [hivemq] [b83f16bc]   HiveMQ Start Script for Linux/Unix v1.14
2025-01-29 18:37:35,877 INFO c.h.h.t.HelmChartContainer - [test-hivemq-platform] [hivemq] [b83f16bc] 
2025-01-29 18:37:35,977 INFO c.h.h.t.HelmChartContainer - [test-hivemq-platform] [hivemq] [b83f16bc] -------------------------------------------------------------------------
2025-01-29 18:37:35,977 INFO c.h.h.t.HelmChartContainer - [test-hivemq-platform] [hivemq] [b83f16bc] 
2025-01-29 18:37:35,977 INFO c.h.h.t.HelmChartContainer - [test-hivemq-platform] [hivemq] [b83f16bc]   HIVEMQ_HOME: /opt/hivemq
2025-01-29 18:37:35,977 INFO c.h.h.t.HelmChartContainer - [test-hivemq-platform] [hivemq] [b83f16bc] 
2025-01-29 18:37:35,977 INFO c.h.h.t.HelmChartContainer - [test-hivemq-platform] [hivemq] [b83f16bc]   JAVA_OPTS: -XX:+UnlockExperimentalVMOptions -XX:InitialRAMPercentage=50 -XX:MaxRAMPercentage=50 -Djava.net.preferIPv4Stack=true --add-opens java.base/java.lang=ALL-UNNAMED --add-opens java.base/java.nio=ALL-UNNAMED --add-opens java.base/sun.nio.ch=ALL-UNNAMED --add-opens jdk.management/com.sun.management.internal=ALL-UNNAMED --add-exports java.base/jdk.internal.misc=ALL-UNNAMED -Djava.security.egd=file:/dev/./urandom -Dcom.sun.management.jmxremote -Dcom.sun.management.jmxremote.port=9010 -Dcom.sun.management.jmxremote.local.only=false -Dcom.sun.management.jmxremote.authenticate=false -Dcom.sun.management.jmxremote.ssl=false -Duser.language=en -Duser.region=US -XX:+CrashOnOutOfMemoryError -XX:+HeapDumpOnOutOfMemoryError
2025-01-29 18:37:35,977 INFO c.h.h.t.HelmChartContainer - [test-hivemq-platform] [hivemq] [b83f16bc] 
2025-01-29 18:37:35,977 INFO c.h.h.t.HelmChartContainer - [test-hivemq-platform] [hivemq] [b83f16bc]   JAVA_VERSION: 21
2025-01-29 18:37:35,977 INFO c.h.h.t.HelmChartContainer - [test-hivemq-platform] [hivemq] [b83f16bc] 
2025-01-29 18:37:35,977 INFO c.h.h.t.HelmChartContainer - [test-hivemq-platform] [hivemq] [b83f16bc] -------------------------------------------------------------------------
2025-01-29 18:37:35,977 INFO c.h.h.t.HelmChartContainer - [test-hivemq-platform] [hivemq] [b83f16bc] 
2025-01-29 18:37:37,280 INFO c.h.h.t.HelmChartContainer - [test-hivemq-platform] [hivemq] [b83f16bc] INFO  - [HiveMQ Platform Operator Init App 1.7.0-SNAPSHOT] Returning default Health API response 503 for readiness
2025-01-29 18:37:37,680 INFO c.h.h.t.HelmChartContainer - [EVENT] Warning [Unhealthy] Readiness probe failed: HTTP probe failed with statuscode: 503 [helmmqttit:test-hivemq-platform-0]
2025-01-29 18:37:37,681 INFO c.h.h.t.HelmChartContainer - Received Unhealthy event for container hivemq in pod test-hivemq-platform-0 [b83f16bc-c435-4350-9d5b-16c9dade8b3b]
2025-01-29 18:37:38,683 INFO c.h.h.t.HelmChartContainer - [test-hivemq-platform] [hivemq] [b83f16bc] INFO  - Starting HiveMQ Enterprise Server
2025-01-29 18:37:38,772 INFO c.h.h.t.HelmChartContainer - [test-hivemq-platform] [hivemq] [b83f16bc] INFO  - HiveMQ version: 4.36.0
2025-01-29 18:37:38,773 INFO c.h.h.t.HelmChartContainer - [test-hivemq-platform] [hivemq] [b83f16bc] INFO  - HiveMQ home directory: /opt/hivemq
2025-01-29 18:37:38,773 INFO c.h.h.t.HelmChartContainer - [test-hivemq-platform] [hivemq] [b83f16bc] INFO  - Log Configuration was overridden by /opt/hivemq/conf/logback.xml
2025-01-29 18:37:40,078 INFO c.h.h.t.HelmChartContainer - [test-hivemq-platform] [hivemq] [b83f16bc] INFO  - Successfully loaded configuration from '/opt/hivemq/conf-k8s/config.xml'.
2025-01-29 18:37:40,782 INFO c.h.h.t.HelmChartContainer - [test-hivemq-platform] [hivemq] [b83f16bc] INFO  - This node's ID is 0ZG3k
2025-01-29 18:37:40,783 INFO c.h.h.t.HelmChartContainer - [test-hivemq-platform] [hivemq] [b83f16bc] INFO  - Clustering is enabled
2025-01-29 18:37:41,385 INFO c.h.h.t.HelmChartContainer - [hivemq-test-hivemq-platform] [hivemq-platform-operator] [3f36a6c0] 18:37:41.383 [pool-6-thread-3] DEBUG c.h.p.o.d.PlatformServiceResource - [helmmqtt] Desired Platform services (4 services)
2025-01-29 18:37:41,387 INFO c.h.h.t.HelmChartContainer - [hivemq-test-hivemq-platform] [hivemq-platform-operator] [3f36a6c0] 18:37:41.384 [pool-6-thread-6] DEBUG c.h.p.o.dependants.PodInfoConfigMap - [helmmqtt] Desired PodInfo ConfigMap (1 extensions) (1 enabled)
2025-01-29 18:37:41,388 INFO c.h.h.t.HelmChartContainer - [hivemq-test-hivemq-platform] [hivemq-platform-operator] [3f36a6c0] 18:37:41.384 [pool-6-thread-6] DEBUG c.h.p.o.dependants.PodInfoConfigMap - [helmmqtt] Desired PodInfo ConfigMap (metrics port: 9399) (metrics path: /)
2025-01-29 18:37:41,388 INFO c.h.h.t.HelmChartContainer - [hivemq-test-hivemq-platform] [hivemq-platform-operator] [3f36a6c0] 18:37:41.384 [pool-6-thread-6] DEBUG c.h.p.o.dependants.PodInfoConfigMap - [helmmqtt] Desired PodInfo ConfigMap (extension state hash: -1817474005)
2025-01-29 18:37:41,388 INFO c.h.h.t.HelmChartContainer - [hivemq-test-hivemq-platform] [hivemq-platform-operator] [3f36a6c0] 18:37:41.385 [pool-6-thread-1] DEBUG c.h.p.o.d.PodServiceAccountResource - [helmmqtt] Desired PodServiceAccountResource (serviceAccountName: hivemq-platform-pod-test-hivemq-platform)
2025-01-29 18:37:41,393 INFO c.h.h.t.HelmChartContainer - [hivemq-test-hivemq-platform] [hivemq-platform-operator] [3f36a6c0] 18:37:41.391 [pool-6-thread-3] DEBUG c.h.p.o.d.StatefulSetResource - [helmmqtt] Desired StatefulSet (1 replicas) for status STARTING (READY)
2025-01-29 18:37:41,396 INFO c.h.h.t.HelmChartContainer - [hivemq-test-hivemq-platform] [hivemq-platform-operator] [3f36a6c0] 18:37:41.395 [ReconcilerExecutor-hivemq-controller-108] INFO  c.h.p.o.HiveMQPlatformReconciler - [helmmqtt] Reconciling HiveMQ Platform 'test-hivemq-platform' in namespace 'helmmqttit'
2025-01-29 18:37:41,396 INFO c.h.h.t.HelmChartContainer - [hivemq-test-hivemq-platform] [hivemq-platform-operator] [3f36a6c0] 18:37:41.395 [ReconcilerExecutor-hivemq-controller-108] DEBUG c.h.p.o.HiveMQPlatformReconciler - [helmmqtt] Custom Resource Status STARTING - HiveMQ Platform is starting (READY)
2025-01-29 18:37:41,396 INFO c.h.h.t.HelmChartContainer - [hivemq-test-hivemq-platform] [hivemq-platform-operator] [3f36a6c0] 18:37:41.395 [ReconcilerExecutor-hivemq-controller-108] DEBUG c.h.p.o.HiveMQPlatformReconciler - [helmmqtt] Custom Resource Spec (replicas: 1) (extensions: 1)
2025-01-29 18:37:41,481 INFO c.h.h.t.HelmChartContainer - [hivemq-test-hivemq-platform] [hivemq-platform-operator] [3f36a6c0] 18:37:41.478 [ReconcilerExecutor-hivemq-controller-108] DEBUG c.h.p.o.HiveMQPlatformReconciler - [helmmqtt] StatefulSet Status (revision: test-hivemq-platform-6c4dd86f88, replicas: 1, available: 0, ready: 0, current: 1, updated: 1)
2025-01-29 18:37:41,481 INFO c.h.h.t.HelmChartContainer - [hivemq-test-hivemq-platform] [hivemq-platform-operator] [3f36a6c0] 18:37:41.478 [ReconcilerExecutor-hivemq-controller-108] DEBUG c.h.p.o.HiveMQPlatformReconciler - [helmmqtt] StatefulSet Spec (replicas: 1, init containers: 1, containers: 1, volumes: 3)
2025-01-29 18:37:41,483 INFO c.h.h.t.HelmChartContainer - [hivemq-test-hivemq-platform] [hivemq-platform-operator] [3f36a6c0] 18:37:41.480 [ReconcilerExecutor-hivemq-controller-108] DEBUG c.h.p.o.h.HiveMQPlatformReconcilerErrorHandler - [helmmqtt] Pod 'test-hivemq-platform-0' phase Running
2025-01-29 18:37:41,484 INFO c.h.h.t.HelmChartContainer - [hivemq-test-hivemq-platform] [hivemq-platform-operator] [3f36a6c0] 18:37:41.481 [ReconcilerExecutor-hivemq-controller-108] INFO  c.h.p.o.h.HiveMQPlatformReconcilerBaseHandler - [helmmqtt] HiveMQ Platform is starting, 0 of 1 replicas are ready
2025-01-29 18:37:42,870 INFO c.h.h.t.HelmChartContainer - [test-hivemq-platform] [hivemq] [b83f16bc] WARN  - [HiveMQ Platform Operator Init App 1.7.0-SNAPSHOT] Cannot connect to Health API for readiness: null
2025-01-29 18:37:42,876 INFO c.h.h.t.HelmChartContainer - [EVENT] Warning [Unhealthy] Readiness probe failed: HTTP probe failed with statuscode: 503 [helmmqttit:test-hivemq-platform-0]
2025-01-29 18:37:42,876 INFO c.h.h.t.HelmChartContainer - Received Unhealthy event for container hivemq in pod test-hivemq-platform-0 [b83f16bc-c435-4350-9d5b-16c9dade8b3b]
2025-01-29 18:37:46,081 INFO c.h.h.t.HelmChartContainer - [test-hivemq-platform] [hivemq] [b83f16bc] Jan 29, 2025 6:37:46 PM io.vertx.core.impl.BlockedThreadChecker
2025-01-29 18:37:46,081 INFO c.h.h.t.HelmChartContainer - [test-hivemq-platform] [hivemq] [b83f16bc] WARNING: Thread Thread[vert.x-eventloop-thread-1,5,main] has been blocked for 2796 ms, time limit is 2000 ms
2025-01-29 18:37:46,576 INFO c.h.h.t.HelmChartContainer - [test-hivemq-platform] [hivemq] [b83f16bc] INFO  - [HiveMQ Platform Operator Init App 1.7.0-SNAPSHOT] Updating Pod HiveMQ Platform Operator Init App version annotation (version: 1.7.0-SNAPSHOT)
2025-01-29 18:37:47,089 INFO c.h.h.t.HelmChartContainer - [POD] test-hivemq-platform-0 [b83f16bc-c435-4350-9d5b-16c9dade8b3b] in helmmqttit was MODIFIED
2025-01-29 18:37:47,095 INFO c.h.h.t.HelmChartContainer - [hivemq-test-hivemq-platform] [hivemq-platform-operator] [3f36a6c0] 18:37:47.095 [pool-6-thread-16] DEBUG c.h.p.o.d.PlatformServiceResource - [helmmqtt] Desired Platform services (4 services)
2025-01-29 18:37:47,099 INFO c.h.h.t.HelmChartContainer - [hivemq-test-hivemq-platform] [hivemq-platform-operator] [3f36a6c0] 18:37:47.097 [pool-6-thread-19] DEBUG c.h.p.o.d.PodServiceAccountResource - [helmmqtt] Desired PodServiceAccountResource (serviceAccountName: hivemq-platform-pod-test-hivemq-platform)
2025-01-29 18:37:47,101 INFO c.h.h.t.HelmChartContainer - [hivemq-test-hivemq-platform] [hivemq-platform-operator] [3f36a6c0] 18:37:47.100 [pool-6-thread-15] DEBUG c.h.p.o.dependants.PodInfoConfigMap - [helmmqtt] Desired PodInfo ConfigMap (1 extensions) (1 enabled)
2025-01-29 18:37:47,102 INFO c.h.h.t.HelmChartContainer - [hivemq-test-hivemq-platform] [hivemq-platform-operator] [3f36a6c0] 18:37:47.100 [pool-6-thread-15] DEBUG c.h.p.o.dependants.PodInfoConfigMap - [helmmqtt] Desired PodInfo ConfigMap (metrics port: 9399) (metrics path: /)
2025-01-29 18:37:47,102 INFO c.h.h.t.HelmChartContainer - [hivemq-test-hivemq-platform] [hivemq-platform-operator] [3f36a6c0] 18:37:47.100 [pool-6-thread-15] DEBUG c.h.p.o.dependants.PodInfoConfigMap - [helmmqtt] Desired PodInfo ConfigMap (extension state hash: -1817474005)
2025-01-29 18:37:47,173 INFO c.h.h.t.HelmChartContainer - [test-hivemq-platform] [hivemq] [b83f16bc] WARN  - [HiveMQ Platform Operator Init App 1.7.0-SNAPSHOT] Cannot connect to Health API for readiness: null
2025-01-29 18:37:47,175 INFO c.h.h.t.HelmChartContainer - [test-hivemq-platform] [hivemq] [b83f16bc] INFO  - [HiveMQ Platform Operator Init App 1.7.0-SNAPSHOT] Successfully updated Pod HiveMQ Platform Operator Init App version annotation (version: 1.7.0-SNAPSHOT)
2025-01-29 18:37:47,178 INFO c.h.h.t.HelmChartContainer - [EVENT] Warning [Unhealthy] Readiness probe failed: HTTP probe failed with statuscode: 503 [helmmqttit:test-hivemq-platform-0]
2025-01-29 18:37:47,178 INFO c.h.h.t.HelmChartContainer - Received Unhealthy event for container hivemq in pod test-hivemq-platform-0 [b83f16bc-c435-4350-9d5b-16c9dade8b3b]
2025-01-29 18:37:47,181 INFO c.h.h.t.HelmChartContainer - [hivemq-test-hivemq-platform] [hivemq-platform-operator] [3f36a6c0] 18:37:47.180 [pool-6-thread-20] DEBUG c.h.p.o.d.StatefulSetResource - [helmmqtt] Desired StatefulSet (1 replicas) for status STARTING (READY)
2025-01-29 18:37:47,190 INFO c.h.h.t.HelmChartContainer - [hivemq-test-hivemq-platform] [hivemq-platform-operator] [3f36a6c0] 18:37:47.189 [ReconcilerExecutor-hivemq-controller-109] INFO  c.h.p.o.HiveMQPlatformReconciler - [helmmqtt] Reconciling HiveMQ Platform 'test-hivemq-platform' in namespace 'helmmqttit'
2025-01-29 18:37:47,192 INFO c.h.h.t.HelmChartContainer - [hivemq-test-hivemq-platform] [hivemq-platform-operator] [3f36a6c0] 18:37:47.189 [ReconcilerExecutor-hivemq-controller-109] DEBUG c.h.p.o.HiveMQPlatformReconciler - [helmmqtt] Custom Resource Status STARTING - HiveMQ Platform is starting (READY)
2025-01-29 18:37:47,192 INFO c.h.h.t.HelmChartContainer - [hivemq-test-hivemq-platform] [hivemq-platform-operator] [3f36a6c0] 18:37:47.189 [ReconcilerExecutor-hivemq-controller-109] DEBUG c.h.p.o.HiveMQPlatformReconciler - [helmmqtt] Custom Resource Spec (replicas: 1) (extensions: 1)
2025-01-29 18:37:47,195 INFO c.h.h.t.HelmChartContainer - [hivemq-test-hivemq-platform] [hivemq-platform-operator] [3f36a6c0] 18:37:47.194 [ReconcilerExecutor-hivemq-controller-109] DEBUG c.h.p.o.HiveMQPlatformReconciler - [helmmqtt] StatefulSet Status (revision: test-hivemq-platform-6c4dd86f88, replicas: 1, available: 0, ready: 0, current: 1, updated: 1)
2025-01-29 18:37:47,196 INFO c.h.h.t.HelmChartContainer - [hivemq-test-hivemq-platform] [hivemq-platform-operator] [3f36a6c0] 18:37:47.195 [ReconcilerExecutor-hivemq-controller-109] DEBUG c.h.p.o.HiveMQPlatformReconciler - [helmmqtt] StatefulSet Spec (replicas: 1, init containers: 1, containers: 1, volumes: 3)
2025-01-29 18:37:47,198 INFO c.h.h.t.HelmChartContainer - [hivemq-test-hivemq-platform] [hivemq-platform-operator] [3f36a6c0] 18:37:47.197 [ReconcilerExecutor-hivemq-controller-109] DEBUG c.h.p.o.h.HiveMQPlatformReconcilerErrorHandler - [helmmqtt] Pod 'test-hivemq-platform-0' phase Running
2025-01-29 18:37:47,200 INFO c.h.h.t.HelmChartContainer - [hivemq-test-hivemq-platform] [hivemq-platform-operator] [3f36a6c0] 18:37:47.199 [ReconcilerExecutor-hivemq-controller-109] INFO  c.h.p.o.h.HiveMQPlatformReconcilerBaseHandler - [helmmqtt] HiveMQ Platform is starting, 0 of 1 replicas are ready
2025-01-29 18:37:52,155 INFO c.h.h.t.HelmChartContainer - [test-hivemq-platform] [hivemq] [b83f16bc] WARN  - [HiveMQ Platform Operator Init App 1.7.0-SNAPSHOT] Cannot connect to Health API for readiness: null
2025-01-29 18:37:52,160 INFO c.h.h.t.HelmChartContainer - [EVENT] Warning [Unhealthy] Readiness probe failed: HTTP probe failed with statuscode: 503 [helmmqttit:test-hivemq-platform-0]
2025-01-29 18:37:52,160 INFO c.h.h.t.HelmChartContainer - Received Unhealthy event for container hivemq in pod test-hivemq-platform-0 [b83f16bc-c435-4350-9d5b-16c9dade8b3b]
2025-01-29 18:37:57,157 INFO c.h.h.t.HelmChartContainer - [test-hivemq-platform] [hivemq] [b83f16bc] WARN  - [HiveMQ Platform Operator Init App 1.7.0-SNAPSHOT] Cannot connect to Health API for readiness: null
2025-01-29 18:37:57,161 INFO c.h.h.t.HelmChartContainer - [EVENT] Warning [Unhealthy] Readiness probe failed: HTTP probe failed with statuscode: 503 [helmmqttit:test-hivemq-platform-0]
2025-01-29 18:37:57,161 INFO c.h.h.t.HelmChartContainer - Received Unhealthy event for container hivemq in pod test-hivemq-platform-0 [b83f16bc-c435-4350-9d5b-16c9dade8b3b]
2025-01-29 18:37:57,208 INFO c.h.h.t.HelmChartContainer - [hivemq-test-hivemq-platform] [hivemq-platform-operator] [3f36a6c0] 18:37:57.203 [pool-6-thread-26] DEBUG c.h.p.o.d.PlatformServiceResource - [helmmqtt] Desired Platform services (4 services)
2025-01-29 18:37:57,209 INFO c.h.h.t.HelmChartContainer - [hivemq-test-hivemq-platform] [hivemq-platform-operator] [3f36a6c0] 18:37:57.205 [pool-6-thread-25] DEBUG c.h.p.o.dependants.PodInfoConfigMap - [helmmqtt] Desired PodInfo ConfigMap (1 extensions) (1 enabled)
2025-01-29 18:37:57,209 INFO c.h.h.t.HelmChartContainer - [hivemq-test-hivemq-platform] [hivemq-platform-operator] [3f36a6c0] 18:37:57.205 [pool-6-thread-25] DEBUG c.h.p.o.dependants.PodInfoConfigMap - [helmmqtt] Desired PodInfo ConfigMap (metrics port: 9399) (metrics path: /)
2025-01-29 18:37:57,209 INFO c.h.h.t.HelmChartContainer - [hivemq-test-hivemq-platform] [hivemq-platform-operator] [3f36a6c0] 18:37:57.205 [pool-6-thread-25] DEBUG c.h.p.o.dependants.PodInfoConfigMap - [helmmqtt] Desired PodInfo ConfigMap (extension state hash: -1817474005)
2025-01-29 18:37:57,209 INFO c.h.h.t.HelmChartContainer - [hivemq-test-hivemq-platform] [hivemq-platform-operator] [3f36a6c0] 18:37:57.206 [pool-6-thread-23] DEBUG c.h.p.o.d.PodServiceAccountResource - [helmmqtt] Desired PodServiceAccountResource (serviceAccountName: hivemq-platform-pod-test-hivemq-platform)
2025-01-29 18:37:57,213 INFO c.h.h.t.HelmChartContainer - [hivemq-test-hivemq-platform] [hivemq-platform-operator] [3f36a6c0] 18:37:57.212 [pool-6-thread-26] DEBUG c.h.p.o.d.StatefulSetResource - [helmmqtt] Desired StatefulSet (1 replicas) for status STARTING (READY)
2025-01-29 18:37:57,281 INFO c.h.h.t.HelmChartContainer - [hivemq-test-hivemq-platform] [hivemq-platform-operator] [3f36a6c0] 18:37:57.275 [ReconcilerExecutor-hivemq-controller-110] INFO  c.h.p.o.HiveMQPlatformReconciler - [helmmqtt] Reconciling HiveMQ Platform 'test-hivemq-platform' in namespace 'helmmqttit'
2025-01-29 18:37:57,281 INFO c.h.h.t.HelmChartContainer - [hivemq-test-hivemq-platform] [hivemq-platform-operator] [3f36a6c0] 18:37:57.276 [ReconcilerExecutor-hivemq-controller-110] DEBUG c.h.p.o.HiveMQPlatformReconciler - [helmmqtt] Custom Resource Status STARTING - HiveMQ Platform is starting (READY)
2025-01-29 18:37:57,281 INFO c.h.h.t.HelmChartContainer - [hivemq-test-hivemq-platform] [hivemq-platform-operator] [3f36a6c0] 18:37:57.276 [ReconcilerExecutor-hivemq-controller-110] DEBUG c.h.p.o.HiveMQPlatformReconciler - [helmmqtt] Custom Resource Spec (replicas: 1) (extensions: 1)
2025-01-29 18:37:57,282 INFO c.h.h.t.HelmChartContainer - [hivemq-test-hivemq-platform] [hivemq-platform-operator] [3f36a6c0] 18:37:57.281 [ReconcilerExecutor-hivemq-controller-110] DEBUG c.h.p.o.HiveMQPlatformReconciler - [helmmqtt] StatefulSet Status (revision: test-hivemq-platform-6c4dd86f88, replicas: 1, available: 0, ready: 0, current: 1, updated: 1)
2025-01-29 18:37:57,282 INFO c.h.h.t.HelmChartContainer - [hivemq-test-hivemq-platform] [hivemq-platform-operator] [3f36a6c0] 18:37:57.281 [ReconcilerExecutor-hivemq-controller-110] DEBUG c.h.p.o.HiveMQPlatformReconciler - [helmmqtt] StatefulSet Spec (replicas: 1, init containers: 1, containers: 1, volumes: 3)
2025-01-29 18:37:57,285 INFO c.h.h.t.HelmChartContainer - [hivemq-test-hivemq-platform] [hivemq-platform-operator] [3f36a6c0] 18:37:57.282 [ReconcilerExecutor-hivemq-controller-110] DEBUG c.h.p.o.h.HiveMQPlatformReconcilerErrorHandler - [helmmqtt] Pod 'test-hivemq-platform-0' phase Running
2025-01-29 18:37:57,285 INFO c.h.h.t.HelmChartContainer - [hivemq-test-hivemq-platform] [hivemq-platform-operator] [3f36a6c0] 18:37:57.283 [ReconcilerExecutor-hivemq-controller-110] INFO  c.h.p.o.h.HiveMQPlatformReconcilerBaseHandler - [helmmqtt] HiveMQ Platform is starting, 0 of 1 replicas are ready
2025-01-29 18:37:59,157 INFO c.h.h.t.HelmChartContainer - [test-hivemq-platform] [hivemq] [b83f16bc] INFO  - No valid license file found. Using trial license, restricted to 25 connections.
2025-01-29 18:37:59,171 INFO c.h.h.t.HelmChartContainer - [test-hivemq-platform] [hivemq] [b83f16bc] WARN  - [HiveMQ Platform Operator Init App 1.7.0-SNAPSHOT] Cannot connect to Health API for liveness: null
2025-01-29 18:37:59,171 INFO c.h.h.t.HelmChartContainer - [test-hivemq-platform] [hivemq] [b83f16bc] INFO  - [HiveMQ Platform Operator Init App 1.7.0-SNAPSHOT] Returning default Health API response 200 for liveness
2025-01-29 18:38:02,172 INFO c.h.h.t.HelmChartContainer - [test-hivemq-platform] [hivemq] [b83f16bc] WARN  - [HiveMQ Platform Operator Init App 1.7.0-SNAPSHOT] Cannot connect to Health API for readiness: null
2025-01-29 18:38:02,176 INFO c.h.h.t.HelmChartContainer - [EVENT] Warning [Unhealthy] Readiness probe failed: HTTP probe failed with statuscode: 503 [helmmqttit:test-hivemq-platform-0]
2025-01-29 18:38:02,176 INFO c.h.h.t.HelmChartContainer - Received Unhealthy event for container hivemq in pod test-hivemq-platform-0 [b83f16bc-c435-4350-9d5b-16c9dade8b3b]
2025-01-29 18:38:02,569 INFO c.h.h.t.HelmChartContainer - [test-hivemq-platform] [hivemq] [b83f16bc] INFO  - No valid license file for Data Hub found. Using free license, restricted to 1 policy.
2025-01-29 18:38:03,876 INFO c.h.h.t.HelmChartContainer - [test-hivemq-platform] [hivemq] [b83f16bc] INFO  - Audit Logger started.
2025-01-29 18:38:04,164 INFO c.h.h.t.HelmChartContainer - [test-hivemq-platform] [hivemq] [b83f16bc] INFO  - This node uses '1' CPU cores.
2025-01-29 18:38:04,169 INFO c.h.h.t.HelmChartContainer - [test-hivemq-platform] [hivemq] [b83f16bc] INFO  - Starting HiveMQ Health API on address 0.0.0.0 and port 8889
2025-01-29 18:38:04,955 INFO c.h.h.t.HelmChartContainer - [test-hivemq-platform] [hivemq] [b83f16bc] INFO  - Started HiveMQ Health API in 786ms
2025-01-29 18:38:05,575 INFO c.h.h.t.HelmChartContainer - [test-hivemq-platform] [hivemq] [b83f16bc] INFO  - Starting HiveMQ extension system.
2025-01-29 18:38:05,858 INFO c.h.h.t.HelmChartContainer - [test-hivemq-platform] [hivemq] [b83f16bc] INFO  - Starting extension with id "hivemq-dns-cluster-discovery" at /opt/hivemq/extensions/hivemq-dns-cluster-discovery
2025-01-29 18:38:06,277 INFO c.h.h.t.HelmChartContainer - [test-hivemq-platform] [hivemq] [b83f16bc] INFO  - Using TCP cluster transport on address 10.42.0.6 and port 7000
2025-01-29 18:38:06,373 INFO c.h.h.t.HelmChartContainer - [test-hivemq-platform] [hivemq] [b83f16bc] INFO  - Using extension cluster discovery
2025-01-29 18:38:06,477 INFO c.h.h.t.HelmChartContainer - [test-hivemq-platform] [hivemq] [b83f16bc] INFO  - Extension "DNS Cluster Discovery Extension" version 4.3.2 started successfully.
2025-01-29 18:38:06,477 INFO c.h.h.t.HelmChartContainer - [test-hivemq-platform] [hivemq] [b83f16bc] INFO  - Starting extension with id "hivemq-prometheus-extension" at /opt/hivemq/extensions/hivemq-prometheus-extension
2025-01-29 18:38:07,290 INFO c.h.h.t.HelmChartContainer - [hivemq-test-hivemq-platform] [hivemq-platform-operator] [3f36a6c0] 18:38:07.288 [pool-6-thread-37] DEBUG c.h.p.o.d.PlatformServiceResource - [helmmqtt] Desired Platform services (4 services)
2025-01-29 18:38:07,294 INFO c.h.h.t.HelmChartContainer - [hivemq-test-hivemq-platform] [hivemq-platform-operator] [3f36a6c0] 18:38:07.290 [pool-6-thread-36] DEBUG c.h.p.o.dependants.PodInfoConfigMap - [helmmqtt] Desired PodInfo ConfigMap (1 extensions) (1 enabled)
2025-01-29 18:38:07,294 INFO c.h.h.t.HelmChartContainer - [hivemq-test-hivemq-platform] [hivemq-platform-operator] [3f36a6c0] 18:38:07.290 [pool-6-thread-36] DEBUG c.h.p.o.dependants.PodInfoConfigMap - [helmmqtt] Desired PodInfo ConfigMap (metrics port: 9399) (metrics path: /)
2025-01-29 18:38:07,294 INFO c.h.h.t.HelmChartContainer - [hivemq-test-hivemq-platform] [hivemq-platform-operator] [3f36a6c0] 18:38:07.291 [pool-6-thread-36] DEBUG c.h.p.o.dependants.PodInfoConfigMap - [helmmqtt] Desired PodInfo ConfigMap (extension state hash: -1817474005)
2025-01-29 18:38:07,294 INFO c.h.h.t.HelmChartContainer - [hivemq-test-hivemq-platform] [hivemq-platform-operator] [3f36a6c0] 18:38:07.291 [pool-6-thread-36] DEBUG c.h.p.o.d.PodServiceAccountResource - [helmmqtt] Desired PodServiceAccountResource (serviceAccountName: hivemq-platform-pod-test-hivemq-platform)
2025-01-29 18:38:07,298 INFO c.h.h.t.HelmChartContainer - [hivemq-test-hivemq-platform] [hivemq-platform-operator] [3f36a6c0] 18:38:07.297 [pool-6-thread-37] DEBUG c.h.p.o.d.StatefulSetResource - [helmmqtt] Desired StatefulSet (1 replicas) for status STARTING (READY)
2025-01-29 18:38:07,357 INFO c.h.h.t.HelmChartContainer - [test-hivemq-platform] [hivemq] [b83f16bc] INFO  - Started Jetty Server exposing Prometheus Servlet on URI http://0.0.0.0:9399/
2025-01-29 18:38:07,358 INFO c.h.h.t.HelmChartContainer - [test-hivemq-platform] [hivemq] [b83f16bc] INFO  - Extension "Prometheus Monitoring Extension" version 4.0.12 started successfully.
2025-01-29 18:38:07,368 INFO c.h.h.t.HelmChartContainer - [test-hivemq-platform] [hivemq] [b83f16bc] INFO  - Starting extension with id "hivemq-allow-all-extension" at /opt/hivemq/extensions/hivemq-allow-all-extension
2025-01-29 18:38:07,373 INFO c.h.h.t.HelmChartContainer - [test-hivemq-platform] [hivemq] [b83f16bc] WARN  - 
2025-01-29 18:38:07,373 INFO c.h.h.t.HelmChartContainer - [test-hivemq-platform] [hivemq] [b83f16bc] ################################################################################################################
2025-01-29 18:38:07,373 INFO c.h.h.t.HelmChartContainer - [test-hivemq-platform] [hivemq] [b83f16bc] # This HiveMQ deployment is not secure! You are lacking Authentication and Authorization.                      #
2025-01-29 18:38:07,373 INFO c.h.h.t.HelmChartContainer - [test-hivemq-platform] [hivemq] [b83f16bc] # Right now any MQTT client can connect to the broker with a full set of permissions.                          #
2025-01-29 18:38:07,373 INFO c.h.h.t.HelmChartContainer - [test-hivemq-platform] [hivemq] [b83f16bc] # For production usage, add an appropriate security extension and remove the hivemq-allow-all extension.       #
2025-01-29 18:38:07,373 INFO c.h.h.t.HelmChartContainer - [test-hivemq-platform] [hivemq] [b83f16bc] # You can download security extensions from the HiveMQ Marketplace (https://www.hivemq.com/extensions/).       #
2025-01-29 18:38:07,373 INFO c.h.h.t.HelmChartContainer - [test-hivemq-platform] [hivemq] [b83f16bc] ################################################################################################################
2025-01-29 18:38:07,373 INFO c.h.h.t.HelmChartContainer - [test-hivemq-platform] [hivemq] [b83f16bc] INFO  - Extension "Allow All Extension" version 1.1.1 started successfully.
2025-01-29 18:38:07,379 INFO c.h.h.t.HelmChartContainer - [hivemq-test-hivemq-platform] [hivemq-platform-operator] [3f36a6c0] 18:38:07.377 [ReconcilerExecutor-hivemq-controller-111] INFO  c.h.p.o.HiveMQPlatformReconciler - [helmmqtt] Reconciling HiveMQ Platform 'test-hivemq-platform' in namespace 'helmmqttit'
2025-01-29 18:38:07,380 INFO c.h.h.t.HelmChartContainer - [hivemq-test-hivemq-platform] [hivemq-platform-operator] [3f36a6c0] 18:38:07.377 [ReconcilerExecutor-hivemq-controller-111] DEBUG c.h.p.o.HiveMQPlatformReconciler - [helmmqtt] Custom Resource Status STARTING - HiveMQ Platform is starting (READY)
2025-01-29 18:38:07,380 INFO c.h.h.t.HelmChartContainer - [hivemq-test-hivemq-platform] [hivemq-platform-operator] [3f36a6c0] 18:38:07.377 [ReconcilerExecutor-hivemq-controller-111] DEBUG c.h.p.o.HiveMQPlatformReconciler - [helmmqtt] Custom Resource Spec (replicas: 1) (extensions: 1)
2025-01-29 18:38:07,382 INFO c.h.h.t.HelmChartContainer - [hivemq-test-hivemq-platform] [hivemq-platform-operator] [3f36a6c0] 18:38:07.379 [ReconcilerExecutor-hivemq-controller-111] DEBUG c.h.p.o.HiveMQPlatformReconciler - [helmmqtt] StatefulSet Status (revision: test-hivemq-platform-6c4dd86f88, replicas: 1, available: 0, ready: 0, current: 1, updated: 1)
2025-01-29 18:38:07,382 INFO c.h.h.t.HelmChartContainer - [hivemq-test-hivemq-platform] [hivemq-platform-operator] [3f36a6c0] 18:38:07.379 [ReconcilerExecutor-hivemq-controller-111] DEBUG c.h.p.o.HiveMQPlatformReconciler - [helmmqtt] StatefulSet Spec (replicas: 1, init containers: 1, containers: 1, volumes: 3)
2025-01-29 18:38:07,384 INFO c.h.h.t.HelmChartContainer - [hivemq-test-hivemq-platform] [hivemq-platform-operator] [3f36a6c0] 18:38:07.383 [ReconcilerExecutor-hivemq-controller-111] DEBUG c.h.p.o.h.HiveMQPlatformReconcilerErrorHandler - [helmmqtt] Pod 'test-hivemq-platform-0' phase Running
2025-01-29 18:38:07,384 INFO c.h.h.t.HelmChartContainer - [hivemq-test-hivemq-platform] [hivemq-platform-operator] [3f36a6c0] 18:38:07.384 [ReconcilerExecutor-hivemq-controller-111] INFO  c.h.p.o.h.HiveMQPlatformReconcilerBaseHandler - [helmmqtt] HiveMQ Platform is starting, 0 of 1 replicas are ready
2025-01-29 18:38:08,079 INFO c.h.h.t.HelmChartContainer - [test-hivemq-platform] [hivemq] [b83f16bc] INFO  - [HiveMQ Platform Operator Init App 1.7.0-SNAPSHOT] Returning Health API response 503 for readiness
2025-01-29 18:38:08,084 INFO c.h.h.t.HelmChartContainer - [EVENT] Warning [Unhealthy] Readiness probe failed: HTTP probe failed with statuscode: 503 [helmmqttit:test-hivemq-platform-0]
2025-01-29 18:38:08,085 INFO c.h.h.t.HelmChartContainer - Received Unhealthy event for container hivemq in pod test-hivemq-platform-0 [b83f16bc-c435-4350-9d5b-16c9dade8b3b]
2025-01-29 18:38:09,877 INFO c.h.h.t.HelmChartContainer - [test-hivemq-platform] [hivemq] [b83f16bc] INFO  - 0ZG3k: no members discovered after 2906 ms: creating cluster as first member
2025-01-29 18:38:09,883 INFO c.h.h.t.HelmChartContainer - [test-hivemq-platform] [hivemq] [b83f16bc] INFO  - Cluster nodes found by discovery: [0ZG3k|0] (1) [0ZG3k].
2025-01-29 18:38:09,970 INFO c.h.h.t.HelmChartContainer - [test-hivemq-platform] [hivemq] [b83f16bc] INFO  - Starting HiveMQ REST API on address 0.0.0.0 and port 8890
2025-01-29 18:38:10,378 INFO c.h.h.t.HelmChartContainer - [test-hivemq-platform] [hivemq] [b83f16bc] INFO  - Started HiveMQ REST API in 408ms
2025-01-29 18:38:10,378 INFO c.h.h.t.HelmChartContainer - [test-hivemq-platform] [hivemq] [b83f16bc] WARN  - No user for HiveMQ Control Center configured. Starting with default user
2025-01-29 18:38:10,379 INFO c.h.h.t.HelmChartContainer - [test-hivemq-platform] [hivemq] [b83f16bc] INFO  - Starting HiveMQ Control Center on address 0.0.0.0 and port 8081
2025-01-29 18:38:10,385 INFO c.h.h.t.HelmChartContainer - [test-hivemq-platform] [hivemq] [b83f16bc] INFO  - Mounting HiveMQ Control Center V2 Preview
2025-01-29 18:38:10,984 INFO c.h.h.t.HelmChartContainer - [test-hivemq-platform] [hivemq] [b83f16bc] INFO  - Started HiveMQ Control Center in 606ms
2025-01-29 18:38:11,076 INFO c.h.h.t.HelmChartContainer - [test-hivemq-platform] [hivemq] [b83f16bc] INFO  - Starting TCP listener on address 0.0.0.0 and port 1883
2025-01-29 18:38:11,090 INFO c.h.h.t.HelmChartContainer - [test-hivemq-platform] [hivemq] [b83f16bc] INFO  - Started TCP Listener on address 0.0.0.0 and on port 1883.
2025-01-29 18:38:11,090 INFO c.h.h.t.HelmChartContainer - [test-hivemq-platform] [hivemq] [b83f16bc] INFO  - Started HiveMQ in 32714ms
2025-01-29 18:38:12,089 INFO c.h.h.t.HelmChartContainer - [test-hivemq-platform] [hivemq] [b83f16bc] INFO  - [HiveMQ Platform Operator Init App 1.7.0-SNAPSHOT] Returning Health API response 200 for readiness
2025-01-29 18:38:12,109 INFO c.h.h.t.HelmChartContainer - [POD] test-hivemq-platform-0 [b83f16bc-c435-4350-9d5b-16c9dade8b3b] in helmmqttit was MODIFIED
2025-01-29 18:38:12,120 INFO c.h.h.t.HelmChartContainer - [hivemq-test-hivemq-platform] [hivemq-platform-operator] [3f36a6c0] 18:38:12.112 [pool-6-thread-42] DEBUG c.h.p.o.d.PlatformServiceResource - [helmmqtt] Desired Platform services (4 services)
2025-01-29 18:38:12,126 INFO c.h.h.t.HelmChartContainer - [hivemq-test-hivemq-platform] [hivemq-platform-operator] [3f36a6c0] 18:38:12.119 [pool-6-thread-46] DEBUG c.h.p.o.dependants.PodInfoConfigMap - [helmmqtt] Desired PodInfo ConfigMap (1 extensions) (1 enabled)
2025-01-29 18:38:12,126 INFO c.h.h.t.HelmChartContainer - [hivemq-test-hivemq-platform] [hivemq-platform-operator] [3f36a6c0] 18:38:12.119 [pool-6-thread-46] DEBUG c.h.p.o.dependants.PodInfoConfigMap - [helmmqtt] Desired PodInfo ConfigMap (metrics port: 9399) (metrics path: /)
2025-01-29 18:38:12,126 INFO c.h.h.t.HelmChartContainer - [hivemq-test-hivemq-platform] [hivemq-platform-operator] [3f36a6c0] 18:38:12.119 [pool-6-thread-46] DEBUG c.h.p.o.dependants.PodInfoConfigMap - [helmmqtt] Desired PodInfo ConfigMap (extension state hash: -1817474005)
2025-01-29 18:38:12,126 INFO c.h.h.t.HelmChartContainer - [hivemq-test-hivemq-platform] [hivemq-platform-operator] [3f36a6c0] 18:38:12.121 [pool-6-thread-44] DEBUG c.h.p.o.d.PodServiceAccountResource - [helmmqtt] Desired PodServiceAccountResource (serviceAccountName: hivemq-platform-pod-test-hivemq-platform)
2025-01-29 18:38:12,181 INFO c.h.h.t.HelmChartContainer - [hivemq-test-hivemq-platform] [hivemq-platform-operator] [3f36a6c0] 18:38:12.180 [pool-6-thread-42] DEBUG c.h.p.o.d.StatefulSetResource - [helmmqtt] Desired StatefulSet (1 replicas) for status STARTING (READY)
2025-01-29 18:38:12,277 INFO c.h.h.t.HelmChartContainer - [hivemq-test-hivemq-platform] [hivemq-platform-operator] [3f36a6c0] 18:38:12.275 [ReconcilerExecutor-hivemq-controller-112] INFO  c.h.p.o.HiveMQPlatformReconciler - [helmmqtt] Reconciling HiveMQ Platform 'test-hivemq-platform' in namespace 'helmmqttit'
2025-01-29 18:38:12,277 INFO c.h.h.t.HelmChartContainer - [hivemq-test-hivemq-platform] [hivemq-platform-operator] [3f36a6c0] 18:38:12.275 [ReconcilerExecutor-hivemq-controller-112] DEBUG c.h.p.o.HiveMQPlatformReconciler - [helmmqtt] Custom Resource Status STARTING - HiveMQ Platform is starting (READY)
2025-01-29 18:38:12,277 INFO c.h.h.t.HelmChartContainer - [hivemq-test-hivemq-platform] [hivemq-platform-operator] [3f36a6c0] 18:38:12.275 [ReconcilerExecutor-hivemq-controller-112] DEBUG c.h.p.o.HiveMQPlatformReconciler - [helmmqtt] Custom Resource Spec (replicas: 1) (extensions: 1)
2025-01-29 18:38:12,280 INFO c.h.h.t.HelmChartContainer - [hivemq-test-hivemq-platform] [hivemq-platform-operator] [3f36a6c0] 18:38:12.279 [ReconcilerExecutor-hivemq-controller-112] DEBUG c.h.p.o.HiveMQPlatformReconciler - [helmmqtt] StatefulSet Status (revision: test-hivemq-platform-6c4dd86f88, replicas: 1, available: 1, ready: 1, current: 1, updated: 1)
2025-01-29 18:38:12,280 INFO c.h.h.t.HelmChartContainer - [hivemq-test-hivemq-platform] [hivemq-platform-operator] [3f36a6c0] 18:38:12.279 [ReconcilerExecutor-hivemq-controller-112] DEBUG c.h.p.o.HiveMQPlatformReconciler - [helmmqtt] StatefulSet Spec (replicas: 1, init containers: 1, containers: 1, volumes: 3)
2025-01-29 18:38:12,282 INFO c.h.h.t.HelmChartContainer - [hivemq-test-hivemq-platform] [hivemq-platform-operator] [3f36a6c0] 18:38:12.281 [ReconcilerExecutor-hivemq-controller-112] DEBUG c.h.p.o.h.HiveMQPlatformReconcilerErrorHandler - [helmmqtt] Pod 'test-hivemq-platform-0' phase Running
2025-01-29 18:38:12,285 INFO c.h.h.t.HelmChartContainer - [hivemq-test-hivemq-platform] [hivemq-platform-operator] [3f36a6c0] 18:38:12.283 [ReconcilerExecutor-hivemq-controller-112] INFO  c.h.p.o.h.HiveMQPlatformReconcilerBaseHandler - [helmmqtt] HiveMQ Platform started successfully
2025-01-29 18:38:12,378 INFO c.h.h.t.HelmChartContainer - [hivemq-test-hivemq-platform] [hivemq-platform-operator] [3f36a6c0] 18:38:12.376 [ReconcilerExecutor-hivemq-controller-112] DEBUG c.h.p.operator.event.EventSender - [helmmqtt] Creating K8s event hivemq-platform-ready: [Ready] HiveMQ Platform is ready
2025-01-29 18:38:12,381 INFO c.h.h.t.HelmChartContainer - [EVENT] Normal [Ready] HiveMQ Platform is ready [helmmqttit:test-hivemq-platform]
2025-01-29 18:38:12,383 INFO c.h.h.t.HelmChartContainer - [hivemq-test-hivemq-platform] [hivemq-platform-operator] [3f36a6c0] 18:38:12.381 [ReconcilerExecutor-hivemq-controller-112] INFO  c.h.p.o.h.AbstractHiveMQReconcilerStateHandler - [helmmqtt] Update HiveMQ Platform Status (STARTING [READY] -> RUNNING [READY]): HiveMQ Platform is ready
2025-01-29 18:38:12,392 DEBUG com.hivemq.helmcharts.util.K8sUtil - Comparing actual state 'RUNNING' and waiting for 'RUNNING'
2025-01-29 18:38:12,396 INFO c.h.h.t.HelmChartContainer - [hivemq-test-hivemq-platform] [hivemq-platform-operator] [3f36a6c0] 18:38:12.394 [pool-6-thread-2] DEBUG c.h.p.o.d.PlatformServiceResource - [helmmqtt] Desired Platform services (4 services)
2025-01-29 18:38:12,423 INFO c.h.h.t.HelmChartContainer - [hivemq-test-hivemq-platform] [hivemq-platform-operator] [3f36a6c0] 18:38:12.419 [pool-6-thread-9] DEBUG c.h.p.o.dependants.PodInfoConfigMap - [helmmqtt] Desired PodInfo ConfigMap (1 extensions) (1 enabled)
2025-01-29 18:38:12,423 INFO c.h.h.t.HelmChartContainer - [hivemq-test-hivemq-platform] [hivemq-platform-operator] [3f36a6c0] 18:38:12.419 [pool-6-thread-9] DEBUG c.h.p.o.dependants.PodInfoConfigMap - [helmmqtt] Desired PodInfo ConfigMap (metrics port: 9399) (metrics path: /)
2025-01-29 18:38:12,423 INFO c.h.h.t.HelmChartContainer - [hivemq-test-hivemq-platform] [hivemq-platform-operator] [3f36a6c0] 18:38:12.419 [pool-6-thread-9] DEBUG c.h.p.o.dependants.PodInfoConfigMap - [helmmqtt] Desired PodInfo ConfigMap (extension state hash: -1817474005)
2025-01-29 18:38:12,423 INFO c.h.h.t.HelmChartContainer - [hivemq-test-hivemq-platform] [hivemq-platform-operator] [3f36a6c0] 18:38:12.420 [pool-6-thread-1] DEBUG c.h.p.o.d.PodServiceAccountResource - [helmmqtt] Desired PodServiceAccountResource (serviceAccountName: hivemq-platform-pod-test-hivemq-platform)
2025-01-29 18:38:12,423 INFO c.h.h.t.HelmChartContainer - [hivemq-test-hivemq-platform] [hivemq-platform-operator] [3f36a6c0] 18:38:12.420 [pool-6-thread-9] DEBUG c.h.p.o.dependants.PodInfoConfigMap - [helmmqtt] Update PodInfo ConfigMap
2025-01-29 18:38:12,486 INFO c.h.h.t.HelmChartContainer - [hivemq-test-hivemq-platform] [hivemq-platform-operator] [3f36a6c0] 18:38:12.485 [pool-6-thread-9] DEBUG c.h.p.o.d.StatefulSetResource - [helmmqtt] Desired StatefulSet (1 replicas) for status RUNNING (READY)
2025-01-29 18:38:12,520 INFO c.h.h.t.HelmChartContainer - [hivemq-test-hivemq-platform] [hivemq-platform-operator] [3f36a6c0] 18:38:12.518 [ReconcilerExecutor-hivemq-controller-113] INFO  c.h.p.o.HiveMQPlatformReconciler - [helmmqtt] Reconciling HiveMQ Platform 'test-hivemq-platform' in namespace 'helmmqttit'
2025-01-29 18:38:12,521 INFO c.h.h.t.HelmChartContainer - [hivemq-test-hivemq-platform] [hivemq-platform-operator] [3f36a6c0] 18:38:12.519 [ReconcilerExecutor-hivemq-controller-113] DEBUG c.h.p.o.HiveMQPlatformReconciler - [helmmqtt] Custom Resource Status RUNNING - HiveMQ Platform is ready (READY)
2025-01-29 18:38:12,521 INFO c.h.h.t.HelmChartContainer - [hivemq-test-hivemq-platform] [hivemq-platform-operator] [3f36a6c0] 18:38:12.519 [ReconcilerExecutor-hivemq-controller-113] DEBUG c.h.p.o.HiveMQPlatformReconciler - [helmmqtt] Custom Resource Spec (replicas: 1) (extensions: 1)
2025-01-29 18:38:12,521 INFO c.h.h.t.HelmChartContainer - [hivemq-test-hivemq-platform] [hivemq-platform-operator] [3f36a6c0] 18:38:12.520 [ReconcilerExecutor-hivemq-controller-113] DEBUG c.h.p.o.HiveMQPlatformReconciler - [helmmqtt] StatefulSet Status (revision: test-hivemq-platform-6c4dd86f88, replicas: 1, available: 1, ready: 1, current: 1, updated: 1)
2025-01-29 18:38:12,521 INFO c.h.h.t.HelmChartContainer - [hivemq-test-hivemq-platform] [hivemq-platform-operator] [3f36a6c0] 18:38:12.520 [ReconcilerExecutor-hivemq-controller-113] DEBUG c.h.p.o.HiveMQPlatformReconciler - [helmmqtt] StatefulSet Spec (replicas: 1, init containers: 1, containers: 1, volumes: 3)
2025-01-29 18:38:12,523 INFO c.h.h.t.HelmChartContainer - [hivemq-test-hivemq-platform] [hivemq-platform-operator] [3f36a6c0] 18:38:12.522 [ReconcilerExecutor-hivemq-controller-113] DEBUG c.h.p.o.h.HiveMQPlatformReconcilerErrorHandler - [helmmqtt] Pod 'test-hivemq-platform-0' phase Running
2025-01-29 18:38:17,569 INFO c.h.h.t.HelmChartContainer - Uninstalling release 'test-hivemq-platform' in namespace 'helmmqttit'...
2025-01-29 18:38:17,570 DEBUG c.h.h.t.HelmChartContainer - Executing helm command: /bin/helm --kubeconfig /etc/rancher/k3s/k3s.yaml uninstall test-hivemq-platform  --wait --timeout 5m0s --cascade foreground --namespace helmmqttit
2025-01-29 18:38:17,780 INFO c.h.h.t.HelmChartContainer - [hivemq-test-hivemq-platform] [hivemq-platform-operator] [3f36a6c0] 18:38:17.763 [pool-6-thread-13] DEBUG c.h.p.o.d.PlatformServiceResource - [helmmqtt] Desired Platform services (4 services)
2025-01-29 18:38:17,784 INFO c.h.h.t.HelmChartContainer - [hivemq-test-hivemq-platform] [hivemq-platform-operator] [3f36a6c0] 18:38:17.769 [pool-6-thread-18] DEBUG c.h.p.o.dependants.PodInfoConfigMap - [helmmqtt] Desired PodInfo ConfigMap (1 extensions) (1 enabled)
2025-01-29 18:38:17,784 INFO c.h.h.t.HelmChartContainer - [hivemq-test-hivemq-platform] [hivemq-platform-operator] [3f36a6c0] 18:38:17.769 [pool-6-thread-18] DEBUG c.h.p.o.dependants.PodInfoConfigMap - [helmmqtt] Desired PodInfo ConfigMap (metrics port: 9399) (metrics path: /)
2025-01-29 18:38:17,784 INFO c.h.h.t.HelmChartContainer - [hivemq-test-hivemq-platform] [hivemq-platform-operator] [3f36a6c0] 18:38:17.770 [pool-6-thread-18] DEBUG c.h.p.o.dependants.PodInfoConfigMap - [helmmqtt] Desired PodInfo ConfigMap (extension state hash: -1817474005)
2025-01-29 18:38:17,784 INFO c.h.h.t.HelmChartContainer - [hivemq-test-hivemq-platform] [hivemq-platform-operator] [3f36a6c0] 18:38:17.771 [pool-6-thread-14] DEBUG c.h.p.o.d.PodServiceAccountResource - [helmmqtt] Desired PodServiceAccountResource (serviceAccountName: hivemq-platform-pod-test-hivemq-platform)
2025-01-29 18:38:17,822 INFO c.h.h.t.HelmChartContainer - [hivemq-test-hivemq-platform] [hivemq-platform-operator] [3f36a6c0] 18:38:17.821 [pool-6-thread-13] DEBUG c.h.p.o.d.StatefulSetResource - [helmmqtt] Desired StatefulSet (1 replicas) for status RUNNING (READY)
2025-01-29 18:38:17,826 INFO c.h.h.t.HelmChartContainer - [hivemq-test-hivemq-platform] [hivemq-platform-operator] [3f36a6c0] 18:38:17.826 [pool-6-thread-13] DEBUG c.h.p.o.d.StatefulSetResource - [helmmqtt] Update StatefulSet (replicas: 1 -> 1)
2025-01-29 18:38:17,827 INFO c.h.h.t.HelmChartContainer - [hivemq-test-hivemq-platform] [hivemq-platform-operator] [3f36a6c0] 18:38:17.826 [pool-6-thread-13] DEBUG c.h.p.o.d.StatefulSetResource - [helmmqtt] Detected change in StatefulSet specification (path: /template/metadata/annotations/kubernetes-resource-versions) (actual value: {broker-configuration-v2=-382267829}) (target value: {broker-configuration-v2=0})
2025-01-29 18:38:17,827 INFO c.h.h.t.HelmChartContainer - [hivemq-test-hivemq-platform] [hivemq-platform-operator] [3f36a6c0] 18:38:17.826 [pool-6-thread-13] INFO  c.h.p.o.d.StatefulSetResource - [helmmqtt] StatefulSet spec was updated, triggering rolling restart
2025-01-29 18:38:17,922 INFO c.h.h.t.HelmChartContainer - [hivemq-test-hivemq-platform] [hivemq-platform-operator] [3f36a6c0] 18:38:17.920 [ReconcilerExecutor-hivemq-controller-114] INFO  c.h.p.o.HiveMQPlatformReconciler - [helmmqtt] Reconciling HiveMQ Platform 'test-hivemq-platform' in namespace 'helmmqttit'
2025-01-29 18:38:17,922 INFO c.h.h.t.HelmChartContainer - [hivemq-test-hivemq-platform] [hivemq-platform-operator] [3f36a6c0] 18:38:17.920 [ReconcilerExecutor-hivemq-controller-114] DEBUG c.h.p.o.HiveMQPlatformReconciler - [helmmqtt] Custom Resource Status RUNNING - HiveMQ Platform is ready (READY) (reconciliation requests: ROLLING_RESTART, REQUESTS_UPDATED)
2025-01-29 18:38:17,922 INFO c.h.h.t.HelmChartContainer - [hivemq-test-hivemq-platform] [hivemq-platform-operator] [3f36a6c0] 18:38:17.920 [ReconcilerExecutor-hivemq-controller-114] DEBUG c.h.p.o.HiveMQPlatformReconciler - [helmmqtt] Custom Resource Spec (replicas: 1) (extensions: 1)
2025-01-29 18:38:17,922 INFO c.h.h.t.HelmChartContainer - [hivemq-test-hivemq-platform] [hivemq-platform-operator] [3f36a6c0] 18:38:17.921 [ReconcilerExecutor-hivemq-controller-114] WARN  c.h.p.o.h.HiveMQPlatformReconcilerErrorHandler - [helmmqtt] Could not find ConfigMap 'hivemq-configuration-test-hivemq-platform' for HiveMQ Platform configuration
2025-01-29 18:38:17,936 INFO c.h.h.t.HelmChartContainer - [hivemq-test-hivemq-platform] [hivemq-platform-operator] [3f36a6c0] 18:38:17.935 [ReconcilerExecutor-hivemq-controller-114] DEBUG c.h.p.operator.event.EventSender - [helmmqtt] Creating K8s event hivemq-platform-invalid-configuration: [Start] Could not find ConfigMap 'hivemq-configuration-test-hivemq-platform' for HiveMQ Platform configuration
2025-01-29 18:38:17,941 INFO c.h.h.t.HelmChartContainer - [EVENT] Warning [Start] Could not find ConfigMap 'hivemq-configuration-test-hivemq-platform' for HiveMQ Platform configuration [helmmqttit:test-hivemq-platform]
2025-01-29 18:38:17,942 INFO c.h.h.t.HelmChartContainer - [hivemq-test-hivemq-platform] [hivemq-platform-operator] [3f36a6c0] 18:38:17.939 [ReconcilerExecutor-hivemq-controller-114] INFO  c.h.p.o.h.AbstractHiveMQReconcilerStateHandler - [helmmqtt] Update HiveMQ Platform Status (RUNNING [READY] -> ERROR [INVALID_CONFIG_MAP]): Could not find ConfigMap 'hivemq-configuration-test-hivemq-platform' for HiveMQ Platform configuration (reconciliation requests: ROLLING_RESTART)
2025-01-29 18:38:18,024 INFO c.h.h.t.HelmChartContainer - [hivemq-test-hivemq-platform] [hivemq-platform-operator] [3f36a6c0] 18:38:17.949 [ReconcilerExecutor-hivemq-controller-114] ERROR i.j.o.p.event.EventProcessor - Error during event processing ExecutionScope{ resource id: ResourceID{name='test-hivemq-platform', namespace='helmmqttit'}, version: 611}
2025-01-29 18:38:18,025 INFO c.h.h.t.HelmChartContainer - [hivemq-test-hivemq-platform] [hivemq-platform-operator] [3f36a6c0] io.fabric8.kubernetes.client.KubernetesClientException: Failure executing: PUT at: https://10.43.0.1:443/apis/hivemq.com/v1/namespaces/helmmqttit/hivemq-platforms/test-hivemq-platform/status. Message: Operation cannot be fulfilled on hivemq-platforms.hivemq.com "test-hivemq-platform": the object has been modified; please apply your changes to the latest version and try again. Received status: Status(apiVersion=v1, code=409, details=StatusDetails(causes=[], group=hivemq.com, kind=hivemq-platforms, name=test-hivemq-platform, retryAfterSeconds=null, uid=null, additionalProperties={}), kind=Status, message=Operation cannot be fulfilled on hivemq-platforms.hivemq.com "test-hivemq-platform": the object has been modified; please apply your changes to the latest version and try again, metadata=ListMeta(_continue=null, remainingItemCount=null, resourceVersion=null, selfLink=null, additionalProperties={}), reason=Conflict, status=Failure, additionalProperties={}).
2025-01-29 18:38:18,025 INFO c.h.h.t.HelmChartContainer - [hivemq-test-hivemq-platform] [hivemq-platform-operator] [3f36a6c0] 	at io.fabric8.kubernetes.client.KubernetesClientException.copyAsCause(KubernetesClientException.java:238)
2025-01-29 18:38:18,025 INFO c.h.h.t.HelmChartContainer - [hivemq-test-hivemq-platform] [hivemq-platform-operator] [3f36a6c0] 	at io.fabric8.kubernetes.client.dsl.internal.OperationSupport.waitForResult(OperationSupport.java:507)
2025-01-29 18:38:18,025 INFO c.h.h.t.HelmChartContainer - [hivemq-test-hivemq-platform] [hivemq-platform-operator] [3f36a6c0] 	at io.fabric8.kubernetes.client.dsl.internal.OperationSupport.handleResponse(OperationSupport.java:524)
2025-01-29 18:38:18,025 INFO c.h.h.t.HelmChartContainer - [hivemq-test-hivemq-platform] [hivemq-platform-operator] [3f36a6c0] 	at io.fabric8.kubernetes.client.dsl.internal.OperationSupport.handleUpdate(OperationSupport.java:358)
2025-01-29 18:38:18,025 INFO c.h.h.t.HelmChartContainer - [hivemq-test-hivemq-platform] [hivemq-platform-operator] [3f36a6c0] 	at io.fabric8.kubernetes.client.dsl.internal.BaseOperation.handleUpdate(BaseOperation.java:759)
2025-01-29 18:38:18,025 INFO c.h.h.t.HelmChartContainer - [hivemq-test-hivemq-platform] [hivemq-platform-operator] [3f36a6c0] 	at io.fabric8.kubernetes.client.dsl.internal.HasMetadataOperation.update(HasMetadataOperation.java:138)
2025-01-29 18:38:18,025 INFO c.h.h.t.HelmChartContainer - [hivemq-test-hivemq-platform] [hivemq-platform-operator] [3f36a6c0] 	at io.fabric8.kubernetes.client.dsl.internal.HasMetadataOperation.update(HasMetadataOperation.java:121)
2025-01-29 18:38:18,025 INFO c.h.h.t.HelmChartContainer - [hivemq-test-hivemq-platform] [hivemq-platform-operator] [3f36a6c0] 	at io.fabric8.kubernetes.client.dsl.internal.HasMetadataOperation.updateStatus(HasMetadataOperation.java:126)
2025-01-29 18:38:18,025 INFO c.h.h.t.HelmChartContainer - [hivemq-test-hivemq-platform] [hivemq-platform-operator] [3f36a6c0] 	at io.fabric8.kubernetes.client.dsl.internal.HasMetadataOperation.updateStatus(HasMetadataOperation.java:44)
2025-01-29 18:38:18,025 INFO c.h.h.t.HelmChartContainer - [hivemq-test-hivemq-platform] [hivemq-platform-operator] [3f36a6c0] 	at io.javaoperatorsdk.operator.processing.event.ReconciliationDispatcher$CustomResourceFacade.updateStatus(ReconciliationDispatcher.java:408)
2025-01-29 18:38:18,025 INFO c.h.h.t.HelmChartContainer - [hivemq-test-hivemq-platform] [hivemq-platform-operator] [3f36a6c0] 	at io.javaoperatorsdk.operator.processing.event.ReconciliationDispatcher.updateStatusGenerationAware(ReconciliationDispatcher.java:228)
2025-01-29 18:38:18,025 INFO c.h.h.t.HelmChartContainer - [hivemq-test-hivemq-platform] [hivemq-platform-operator] [3f36a6c0] 	at io.javaoperatorsdk.operator.processing.event.ReconciliationDispatcher.reconcileExecution(ReconciliationDispatcher.java:150)
2025-01-29 18:38:18,026 INFO c.h.h.t.HelmChartContainer - [hivemq-test-hivemq-platform] [hivemq-platform-operator] [3f36a6c0] 	at io.javaoperatorsdk.operator.processing.event.ReconciliationDispatcher.handleReconcile(ReconciliationDispatcher.java:117)
2025-01-29 18:38:18,026 INFO c.h.h.t.HelmChartContainer - [hivemq-test-hivemq-platform] [hivemq-platform-operator] [3f36a6c0] 	at io.javaoperatorsdk.operator.processing.event.ReconciliationDispatcher.handleDispatch(ReconciliationDispatcher.java:91)
2025-01-29 18:38:18,026 INFO c.h.h.t.HelmChartContainer - [hivemq-test-hivemq-platform] [hivemq-platform-operator] [3f36a6c0] 	at io.javaoperatorsdk.operator.processing.event.ReconciliationDispatcher.handleExecution(ReconciliationDispatcher.java:64)
2025-01-29 18:38:18,026 INFO c.h.h.t.HelmChartContainer - [hivemq-test-hivemq-platform] [hivemq-platform-operator] [3f36a6c0] 	at io.javaoperatorsdk.operator.processing.event.EventProcessor$ReconcilerExecutor.run(EventProcessor.java:452)
2025-01-29 18:38:18,026 INFO c.h.h.t.HelmChartContainer - [hivemq-test-hivemq-platform] [hivemq-platform-operator] [3f36a6c0] 	at java.base/java.util.concurrent.ThreadPoolExecutor.runWorker(Unknown Source)
2025-01-29 18:38:18,026 INFO c.h.h.t.HelmChartContainer - [hivemq-test-hivemq-platform] [hivemq-platform-operator] [3f36a6c0] 	at java.base/java.util.concurrent.ThreadPoolExecutor$Worker.run(Unknown Source)
2025-01-29 18:38:18,026 INFO c.h.h.t.HelmChartContainer - [hivemq-test-hivemq-platform] [hivemq-platform-operator] [3f36a6c0] 	at java.base/java.lang.Thread.run(Unknown Source)
2025-01-29 18:38:18,026 INFO c.h.h.t.HelmChartContainer - [hivemq-test-hivemq-platform] [hivemq-platform-operator] [3f36a6c0] Caused by: io.fabric8.kubernetes.client.KubernetesClientException: Failure executing: PUT at: https://10.43.0.1:443/apis/hivemq.com/v1/namespaces/helmmqttit/hivemq-platforms/test-hivemq-platform/status. Message: Operation cannot be fulfilled on hivemq-platforms.hivemq.com "test-hivemq-platform": the object has been modified; please apply your changes to the latest version and try again. Received status: Status(apiVersion=v1, code=409, details=StatusDetails(causes=[], group=hivemq.com, kind=hivemq-platforms, name=test-hivemq-platform, retryAfterSeconds=null, uid=null, additionalProperties={}), kind=Status, message=Operation cannot be fulfilled on hivemq-platforms.hivemq.com "test-hivemq-platform": the object has been modified; please apply your changes to the latest version and try again, metadata=ListMeta(_continue=null, remainingItemCount=null, resourceVersion=null, selfLink=null, additionalProperties={}), reason=Conflict, status=Failure, additionalProperties={}).
2025-01-29 18:38:18,026 INFO c.h.h.t.HelmChartContainer - [hivemq-test-hivemq-platform] [hivemq-platform-operator] [3f36a6c0] 	at io.fabric8.kubernetes.client.dsl.internal.OperationSupport.requestFailure(OperationSupport.java:660)
2025-01-29 18:38:18,026 INFO c.h.h.t.HelmChartContainer - [hivemq-test-hivemq-platform] [hivemq-platform-operator] [3f36a6c0] 	at io.fabric8.kubernetes.client.dsl.internal.OperationSupport.requestFailure(OperationSupport.java:640)
2025-01-29 18:38:18,026 INFO c.h.h.t.HelmChartContainer - [hivemq-test-hivemq-platform] [hivemq-platform-operator] [3f36a6c0] 	at io.fabric8.kubernetes.client.dsl.internal.OperationSupport.assertResponseCode(OperationSupport.java:589)
2025-01-29 18:38:18,026 INFO c.h.h.t.HelmChartContainer - [hivemq-test-hivemq-platform] [hivemq-platform-operator] [3f36a6c0] 	at io.fabric8.kubernetes.client.dsl.internal.OperationSupport.lambda$handleResponse$0(OperationSupport.java:549)
2025-01-29 18:38:18,026 INFO c.h.h.t.HelmChartContainer - [hivemq-test-hivemq-platform] [hivemq-platform-operator] [3f36a6c0] 	at java.base/java.util.concurrent.CompletableFuture$UniApply.tryFire(Unknown Source)
2025-01-29 18:38:18,026 INFO c.h.h.t.HelmChartContainer - [hivemq-test-hivemq-platform] [hivemq-platform-operator] [3f36a6c0] 	at java.base/java.util.concurrent.CompletableFuture.postComplete(Unknown Source)
2025-01-29 18:38:18,026 INFO c.h.h.t.HelmChartContainer - [hivemq-test-hivemq-platform] [hivemq-platform-operator] [3f36a6c0] 	at java.base/java.util.concurrent.CompletableFuture.complete(Unknown Source)
2025-01-29 18:38:18,026 INFO c.h.h.t.HelmChartContainer - [hivemq-test-hivemq-platform] [hivemq-platform-operator] [3f36a6c0] 	at io.fabric8.kubernetes.client.http.StandardHttpClient.lambda$completeOrCancel$10(StandardHttpClient.java:141)
2025-01-29 18:38:18,026 INFO c.h.h.t.HelmChartContainer - [hivemq-test-hivemq-platform] [hivemq-platform-operator] [3f36a6c0] 	at java.base/java.util.concurrent.CompletableFuture.uniWhenComplete(Unknown Source)
2025-01-29 18:38:18,026 INFO c.h.h.t.HelmChartContainer - [hivemq-test-hivemq-platform] [hivemq-platform-operator] [3f36a6c0] 	at java.base/java.util.concurrent.CompletableFuture$UniWhenComplete.tryFire(Unknown Source)
2025-01-29 18:38:18,026 INFO c.h.h.t.HelmChartContainer - [hivemq-test-hivemq-platform] [hivemq-platform-operator] [3f36a6c0] 	at java.base/java.util.concurrent.CompletableFuture.postComplete(Unknown Source)
2025-01-29 18:38:18,026 INFO c.h.h.t.HelmChartContainer - [hivemq-test-hivemq-platform] [hivemq-platform-operator] [3f36a6c0] 	at java.base/java.util.concurrent.CompletableFuture.complete(Unknown Source)
2025-01-29 18:38:18,026 INFO c.h.h.t.HelmChartContainer - [hivemq-test-hivemq-platform] [hivemq-platform-operator] [3f36a6c0] 	at io.fabric8.kubernetes.client.http.ByteArrayBodyHandler.onBodyDone(ByteArrayBodyHandler.java:51)
2025-01-29 18:38:18,026 INFO c.h.h.t.HelmChartContainer - [hivemq-test-hivemq-platform] [hivemq-platform-operator] [3f36a6c0] 	at java.base/java.util.concurrent.CompletableFuture.uniWhenComplete(Unknown Source)
2025-01-29 18:38:18,026 INFO c.h.h.t.HelmChartContainer - [hivemq-test-hivemq-platform] [hivemq-platform-operator] [3f36a6c0] 	at java.base/java.util.concurrent.CompletableFuture$UniWhenComplete.tryFire(Unknown Source)
2025-01-29 18:38:18,026 INFO c.h.h.t.HelmChartContainer - [hivemq-test-hivemq-platform] [hivemq-platform-operator] [3f36a6c0] 	at java.base/java.util.concurrent.CompletableFuture.postComplete(Unknown Source)
2025-01-29 18:38:18,026 INFO c.h.h.t.HelmChartContainer - [hivemq-test-hivemq-platform] [hivemq-platform-operator] [3f36a6c0] 	at java.base/java.util.concurrent.CompletableFuture.complete(Unknown Source)
2025-01-29 18:38:18,026 INFO c.h.h.t.HelmChartContainer - [hivemq-test-hivemq-platform] [hivemq-platform-operator] [3f36a6c0] 	at io.fabric8.kubernetes.client.vertx.VertxHttpRequest.lambda$null$1(VertxHttpRequest.java:121)
2025-01-29 18:38:18,026 INFO c.h.h.t.HelmChartContainer - [hivemq-test-hivemq-platform] [hivemq-platform-operator] [3f36a6c0] 	at io.vertx.core.impl.ContextInternal.dispatch(ContextInternal.java:279)
2025-01-29 18:38:18,026 INFO c.h.h.t.HelmChartContainer - [hivemq-test-hivemq-platform] [hivemq-platform-operator] [3f36a6c0] 	at io.vertx.core.impl.ContextInternal.dispatch(ContextInternal.java:261)
2025-01-29 18:38:18,026 INFO c.h.h.t.HelmChartContainer - [hivemq-test-hivemq-platform] [hivemq-platform-operator] [3f36a6c0] 	at io.vertx.core.http.impl.HttpEventHandler.handleEnd(HttpEventHandler.java:76)
2025-01-29 18:38:18,026 INFO c.h.h.t.HelmChartContainer - [hivemq-test-hivemq-platform] [hivemq-platform-operator] [3f36a6c0] 	at io.vertx.core.http.impl.HttpClientResponseImpl.handleEnd(HttpClientResponseImpl.java:250)
2025-01-29 18:38:18,026 INFO c.h.h.t.HelmChartContainer - [hivemq-test-hivemq-platform] [hivemq-platform-operator] [3f36a6c0] 	at io.vertx.core.http.impl.Http1xClientConnection$StreamImpl.lambda$new$0(Http1xClientConnection.java:421)
2025-01-29 18:38:18,026 INFO c.h.h.t.HelmChartContainer - [hivemq-test-hivemq-platform] [hivemq-platform-operator] [3f36a6c0] 	at io.vertx.core.streams.impl.InboundBuffer.handleEvent(InboundBuffer.java:279)
2025-01-29 18:38:18,026 INFO c.h.h.t.HelmChartContainer - [hivemq-test-hivemq-platform] [hivemq-platform-operator] [3f36a6c0] 	at io.vertx.core.streams.impl.InboundBuffer.write(InboundBuffer.java:157)
2025-01-29 18:38:18,026 INFO c.h.h.t.HelmChartContainer - [hivemq-test-hivemq-platform] [hivemq-platform-operator] [3f36a6c0] 	at io.vertx.core.http.impl.Http1xClientConnection$StreamImpl.handleEnd(Http1xClientConnection.java:709)
2025-01-29 18:38:18,026 INFO c.h.h.t.HelmChartContainer - [hivemq-test-hivemq-platform] [hivemq-platform-operator] [3f36a6c0] 	at io.vertx.core.impl.ContextImpl.execute(ContextImpl.java:313)
2025-01-29 18:38:18,026 INFO c.h.h.t.HelmChartContainer - [hivemq-test-hivemq-platform] [hivemq-platform-operator] [3f36a6c0] 	at io.vertx.core.impl.ContextImpl.execute(ContextImpl.java:293)
2025-01-29 18:38:18,026 INFO c.h.h.t.HelmChartContainer - [hivemq-test-hivemq-platform] [hivemq-platform-operator] [3f36a6c0] 	at io.vertx.core.http.impl.Http1xClientConnection.handleResponseEnd(Http1xClientConnection.java:940)
2025-01-29 18:38:18,026 INFO c.h.h.t.HelmChartContainer - [hivemq-test-hivemq-platform] [hivemq-platform-operator] [3f36a6c0] 	at io.vertx.core.http.impl.Http1xClientConnection.handleHttpMessage(Http1xClientConnection.java:810)
2025-01-29 18:38:18,026 INFO c.h.h.t.HelmChartContainer - [hivemq-test-hivemq-platform] [hivemq-platform-operator] [3f36a6c0] 	at io.vertx.core.http.impl.Http1xClientConnection.handleMessage(Http1xClientConnection.java:774)
2025-01-29 18:38:18,026 INFO c.h.h.t.HelmChartContainer - [hivemq-test-hivemq-platform] [hivemq-platform-operator] [3f36a6c0] 	at io.vertx.core.net.impl.ConnectionBase.read(ConnectionBase.java:159)
2025-01-29 18:38:18,027 INFO c.h.h.t.HelmChartContainer - [hivemq-test-hivemq-platform] [hivemq-platform-operator] [3f36a6c0] 	at io.vertx.core.net.impl.VertxHandler.channelRead(VertxHandler.java:153)
2025-01-29 18:38:18,027 INFO c.h.h.t.HelmChartContainer - [hivemq-test-hivemq-platform] [hivemq-platform-operator] [3f36a6c0] 	at io.netty.channel.AbstractChannelHandlerContext.invokeChannelRead(AbstractChannelHandlerContext.java:442)
2025-01-29 18:38:18,027 INFO c.h.h.t.HelmChartContainer - [hivemq-test-hivemq-platform] [hivemq-platform-operator] [3f36a6c0] 	at io.netty.channel.AbstractChannelHandlerContext.invokeChannelRead(AbstractChannelHandlerContext.java:420)
2025-01-29 18:38:18,027 INFO c.h.h.t.HelmChartContainer - [hivemq-test-hivemq-platform] [hivemq-platform-operator] [3f36a6c0] 	at io.netty.channel.AbstractChannelHandlerContext.fireChannelRead(AbstractChannelHandlerContext.java:412)
2025-01-29 18:38:18,027 INFO c.h.h.t.HelmChartContainer - [hivemq-test-hivemq-platform] [hivemq-platform-operator] [3f36a6c0] 	at io.netty.channel.CombinedChannelDuplexHandler$DelegatingChannelHandlerContext.fireChannelRead(CombinedChannelDuplexHandler.java:436)
2025-01-29 18:38:18,027 INFO c.h.h.t.HelmChartContainer - [hivemq-test-hivemq-platform] [hivemq-platform-operator] [3f36a6c0] 	at io.netty.handler.codec.ByteToMessageDecoder.fireChannelRead(ByteToMessageDecoder.java:346)
2025-01-29 18:38:18,027 INFO c.h.h.t.HelmChartContainer - [hivemq-test-hivemq-platform] [hivemq-platform-operator] [3f36a6c0] 	at io.netty.handler.codec.ByteToMessageDecoder.channelRead(ByteToMessageDecoder.java:318)
2025-01-29 18:38:18,027 INFO c.h.h.t.HelmChartContainer - [hivemq-test-hivemq-platform] [hivemq-platform-operator] [3f36a6c0] 	at io.netty.channel.CombinedChannelDuplexHandler.channelRead(CombinedChannelDuplexHandler.java:251)
2025-01-29 18:38:18,027 INFO c.h.h.t.HelmChartContainer - [hivemq-test-hivemq-platform] [hivemq-platform-operator] [3f36a6c0] 	at io.netty.channel.AbstractChannelHandlerContext.invokeChannelRead(AbstractChannelHandlerContext.java:442)
2025-01-29 18:38:18,027 INFO c.h.h.t.HelmChartContainer - [hivemq-test-hivemq-platform] [hivemq-platform-operator] [3f36a6c0] 	at io.netty.channel.AbstractChannelHandlerContext.invokeChannelRead(AbstractChannelHandlerContext.java:420)
2025-01-29 18:38:18,027 INFO c.h.h.t.HelmChartContainer - [hivemq-test-hivemq-platform] [hivemq-platform-operator] [3f36a6c0] 	at io.netty.channel.AbstractChannelHandlerContext.fireChannelRead(AbstractChannelHandlerContext.java:412)
2025-01-29 18:38:18,027 INFO c.h.h.t.HelmChartContainer - [hivemq-test-hivemq-platform] [hivemq-platform-operator] [3f36a6c0] 	at io.netty.handler.ssl.SslHandler.unwrap(SslHandler.java:1475)
2025-01-29 18:38:18,027 INFO c.h.h.t.HelmChartContainer - [hivemq-test-hivemq-platform] [hivemq-platform-operator] [3f36a6c0] 	at io.netty.handler.ssl.SslHandler.decodeJdkCompatible(SslHandler.java:1338)
2025-01-29 18:38:18,027 INFO c.h.h.t.HelmChartContainer - [hivemq-test-hivemq-platform] [hivemq-platform-operator] [3f36a6c0] 	at io.netty.handler.ssl.SslHandler.decode(SslHandler.java:1387)
2025-01-29 18:38:18,027 INFO c.h.h.t.HelmChartContainer - [hivemq-test-hivemq-platform] [hivemq-platform-operator] [3f36a6c0] 	at io.netty.handler.codec.ByteToMessageDecoder.decodeRemovalReentryProtection(ByteToMessageDecoder.java:530)
2025-01-29 18:38:18,027 INFO c.h.h.t.HelmChartContainer - [hivemq-test-hivemq-platform] [hivemq-platform-operator] [3f36a6c0] 	at io.netty.handler.codec.ByteToMessageDecoder.callDecode(ByteToMessageDecoder.java:469)
2025-01-29 18:38:18,027 INFO c.h.h.t.HelmChartContainer - [hivemq-test-hivemq-platform] [hivemq-platform-operator] [3f36a6c0] 	at io.netty.handler.codec.ByteToMessageDecoder.channelRead(ByteToMessageDecoder.java:290)
2025-01-29 18:38:18,027 INFO c.h.h.t.HelmChartContainer - [hivemq-test-hivemq-platform] [hivemq-platform-operator] [3f36a6c0] 	at io.netty.channel.AbstractChannelHandlerContext.invokeChannelRead(AbstractChannelHandlerContext.java:444)
2025-01-29 18:38:18,027 INFO c.h.h.t.HelmChartContainer - [hivemq-test-hivemq-platform] [hivemq-platform-operator] [3f36a6c0] 	at io.netty.channel.AbstractChannelHandlerContext.invokeChannelRead(AbstractChannelHandlerContext.java:420)
2025-01-29 18:38:18,029 INFO c.h.h.t.HelmChartContainer - [hivemq-test-hivemq-platform] [hivemq-platform-operator] [3f36a6c0] 	at io.netty.channel.AbstractChannelHandlerContext.fireChannelRead(AbstractChannelHandlerContext.java:412)
2025-01-29 18:38:18,029 INFO c.h.h.t.HelmChartContainer - [hivemq-test-hivemq-platform] [hivemq-platform-operator] [3f36a6c0] 	at io.netty.channel.DefaultChannelPipeline$HeadContext.channelRead(DefaultChannelPipeline.java:1407)
2025-01-29 18:38:18,029 INFO c.h.h.t.HelmChartContainer - [hivemq-test-hivemq-platform] [hivemq-platform-operator] [3f36a6c0] 	at io.netty.channel.AbstractChannelHandlerContext.invokeChannelRead(AbstractChannelHandlerContext.java:440)
2025-01-29 18:38:18,029 INFO c.h.h.t.HelmChartContainer - [hivemq-test-hivemq-platform] [hivemq-platform-operator] [3f36a6c0] 	at io.netty.channel.AbstractChannelHandlerContext.invokeChannelRead(AbstractChannelHandlerContext.java:420)
2025-01-29 18:38:18,029 INFO c.h.h.t.HelmChartContainer - [hivemq-test-hivemq-platform] [hivemq-platform-operator] [3f36a6c0] 	at io.netty.channel.DefaultChannelPipeline.fireChannelRead(DefaultChannelPipeline.java:918)
2025-01-29 18:38:18,029 INFO c.h.h.t.HelmChartContainer - [hivemq-test-hivemq-platform] [hivemq-platform-operator] [3f36a6c0] 	at io.netty.channel.nio.AbstractNioByteChannel$NioByteUnsafe.read(AbstractNioByteChannel.java:166)
2025-01-29 18:38:18,029 INFO c.h.h.t.HelmChartContainer - [hivemq-test-hivemq-platform] [hivemq-platform-operator] [3f36a6c0] 	at io.netty.channel.nio.NioEventLoop.processSelectedKey(NioEventLoop.java:788)
2025-01-29 18:38:18,032 INFO c.h.h.t.HelmChartContainer - [hivemq-test-hivemq-platform] [hivemq-platform-operator] [3f36a6c0] 	at io.netty.channel.nio.NioEventLoop.processSelectedKeysOptimized(NioEventLoop.java:724)
2025-01-29 18:38:18,032 INFO c.h.h.t.HelmChartContainer - [hivemq-test-hivemq-platform] [hivemq-platform-operator] [3f36a6c0] 	at io.netty.channel.nio.NioEventLoop.processSelectedKeys(NioEventLoop.java:650)
2025-01-29 18:38:18,033 INFO c.h.h.t.HelmChartContainer - [hivemq-test-hivemq-platform] [hivemq-platform-operator] [3f36a6c0] 	at io.netty.channel.nio.NioEventLoop.run(NioEventLoop.java:562)
2025-01-29 18:38:18,033 INFO c.h.h.t.HelmChartContainer - [hivemq-test-hivemq-platform] [hivemq-platform-operator] [3f36a6c0] 	at io.netty.util.concurrent.SingleThreadEventExecutor$4.run(SingleThreadEventExecutor.java:997)
2025-01-29 18:38:18,033 INFO c.h.h.t.HelmChartContainer - [hivemq-test-hivemq-platform] [hivemq-platform-operator] [3f36a6c0] 	at io.netty.util.internal.ThreadExecutorMap$2.run(ThreadExecutorMap.java:74)
2025-01-29 18:38:18,033 INFO c.h.h.t.HelmChartContainer - [hivemq-test-hivemq-platform] [hivemq-platform-operator] [3f36a6c0] 	at io.netty.util.concurrent.FastThreadLocalRunnable.run(FastThreadLocalRunnable.java:30)
2025-01-29 18:38:18,033 INFO c.h.h.t.HelmChartContainer - [hivemq-test-hivemq-platform] [hivemq-platform-operator] [3f36a6c0] 	... 1 common frames omitted
2025-01-29 18:38:18,034 INFO c.h.h.t.HelmChartContainer - [hivemq-test-hivemq-platform] [hivemq-platform-operator] [3f36a6c0] 18:38:18.029 [ReconcilerExecutor-hivemq-controller-120] INFO  c.h.p.o.HiveMQPlatformReconciler - [helmmqtt] Cleanup test-hivemq-platform - helmmqttit HiveMQ Platform is shut down
2025-01-29 18:38:18,647 INFO c.h.h.t.HelmChartContainer - [POD] test-hivemq-platform-0 [b83f16bc-c435-4350-9d5b-16c9dade8b3b] in helmmqttit was MODIFIED
2025-01-29 18:38:18,663 INFO c.h.h.t.HelmChartContainer - [EVENT] Normal [Killing] Stopping container hivemq [helmmqttit:test-hivemq-platform-0]
2025-01-29 18:38:18,663 INFO c.h.h.t.HelmChartContainer - Received Killing event for container hivemq in pod test-hivemq-platform-0 [b83f16bc-c435-4350-9d5b-16c9dade8b3b]
2025-01-29 18:38:18,663 INFO c.h.h.t.HelmChartContainer - Container [test-hivemq-platform-0] [hivemq] [b83f16bc-c435-4350-9d5b-16c9dade8b3b] was terminated
2025-01-29 18:38:18,664 INFO c.h.h.t.HelmChartContainer - Stopped log watcher for hivemq in pod test-hivemq-platform-0 [b83f16bc-c435-4350-9d5b-16c9dade8b3b]
2025-01-29 18:38:18,665 INFO c.h.h.t.HelmChartContainer - [test-hivemq-platform] [hivemq] [b83f16bc] INFO  - [HiveMQ Platform Operator Init App 1.7.0-SNAPSHOT] Shutting down
2025-01-29 18:38:18,665 INFO c.h.h.t.HelmChartContainer - [test-hivemq-platform] [hivemq] [b83f16bc] INFO  - [HiveMQ Platform Operator Init App 1.7.0-SNAPSHOT] Stopping the HiveMQ Platform
2025-01-29 18:38:18,774 INFO c.h.h.t.HelmChartContainer - [test-hivemq-platform] [hivemq] [b83f16bc] INFO  - Shutting down HiveMQ. Please wait, this could take a while...
2025-01-29 18:38:18,854 INFO c.h.h.t.HelmChartContainer - [test-hivemq-platform] [hivemq] [b83f16bc] INFO  - Shutting down listeners and clients
2025-01-29 18:38:18,855 INFO c.h.h.t.HelmChartContainer - [test-hivemq-platform] [hivemq] [b83f16bc] INFO  - Shutdown of listeners is done
2025-01-29 18:38:18,856 INFO c.h.h.t.HelmChartContainer - [test-hivemq-platform] [hivemq] [b83f16bc] INFO  - No clients are connected, proceeding with shutdown
2025-01-29 18:38:19,816 INFO c.h.h.t.HelmChartContainer - Deleting namespace 'helmmqttit'...
2025-01-29 18:38:21,674 INFO c.h.h.t.HelmChartContainer - [test-hivemq-platform] [hivemq] [b83f16bc] INFO  - Shutting down extension system
2025-01-29 18:38:21,677 INFO c.h.h.t.HelmChartContainer - [test-hivemq-platform] [hivemq] [b83f16bc] INFO  - Stopping extension with id hivemq-dns-cluster-discovery
2025-01-29 18:38:21,678 INFO c.h.h.t.HelmChartContainer - [test-hivemq-platform] [hivemq] [b83f16bc] INFO  - Extension "DNS Cluster Discovery Extension" version 4.3.2 stopped successfully.
2025-01-29 18:38:21,678 INFO c.h.h.t.HelmChartContainer - [test-hivemq-platform] [hivemq] [b83f16bc] INFO  - Stopping extension with id hivemq-prometheus-extension
2025-01-29 18:38:21,685 INFO c.h.h.t.HelmChartContainer - [test-hivemq-platform] [hivemq] [b83f16bc] INFO  - Extension "Prometheus Monitoring Extension" version 4.0.12 stopped successfully.
2025-01-29 18:38:21,686 INFO c.h.h.t.HelmChartContainer - [test-hivemq-platform] [hivemq] [b83f16bc] INFO  - Stopping extension with id hivemq-allow-all-extension
2025-01-29 18:38:21,686 INFO c.h.h.t.HelmChartContainer - [test-hivemq-platform] [hivemq] [b83f16bc] INFO  - Extension "Allow All Extension" version 1.1.1 stopped successfully.
2025-01-29 18:38:22,084 INFO c.h.h.t.HelmChartContainer - [test-hivemq-platform] [hivemq] [b83f16bc] INFO  - [HiveMQ Platform Operator Init App 1.7.0-SNAPSHOT] Returning shutdown Health API response 503 for readiness
2025-01-29 18:38:22,088 INFO c.h.h.t.HelmChartContainer - [EVENT] Warning [Unhealthy] Readiness probe failed: HTTP probe failed with statuscode: 503 [helmmqttit:test-hivemq-platform-0]
2025-01-29 18:38:22,088 INFO c.h.h.t.HelmChartContainer - Received Unhealthy event for container hivemq in pod test-hivemq-platform-0 [b83f16bc-c435-4350-9d5b-16c9dade8b3b]
2025-01-29 18:38:22,500 INFO c.h.h.t.HelmChartContainer - [test-hivemq-platform] [hivemq] [b83f16bc] WARN  - [HiveMQ Platform Operator Init App 1.7.0-SNAPSHOT] Could not update Pod annotations: Failure executing: GET at: https://10.43.0.1:443/api/v1/namespaces/helmmqttit/pods/test-hivemq-platform-0. Message: pods "test-hivemq-platform-0" is forbidden: User "system:serviceaccount:helmmqttit:hivemq-platform-pod-test-hivemq-platform" cannot get resource "pods" in API group "" in the namespace "helmmqttit". Received status: Status(apiVersion=v1, code=403, details=StatusDetails(causes=[], group=null, kind=pods, name=test-hivemq-platform-0, retryAfterSeconds=null, uid=null, additionalProperties={}), kind=Status, message=pods "test-hivemq-platform-0" is forbidden: User "system:serviceaccount:helmmqttit:hivemq-platform-pod-test-hivemq-platform" cannot get resource "pods" in API group "" in the namespace "helmmqttit", metadata=ListMeta(_continue=null, remainingItemCount=null, resourceVersion=null, selfLink=null, additionalProperties={}), reason=Forbidden, status=Failure, additionalProperties={}).
2025-01-29 18:38:23,962 INFO c.h.h.t.HelmChartContainer - [test-hivemq-platform] [hivemq] [b83f16bc] INFO  - Shutdown completed.
2025-01-29 18:38:24,313 INFO c.h.h.t.HelmChartContainer - [test-hivemq-platform] [hivemq] [b83f16bc] INFO  - [HiveMQ Platform Operator Init App 1.7.0-SNAPSHOT] The HiveMQ Platform exited with code 143
2025-01-29 18:38:24,314 INFO c.h.h.t.HelmChartContainer - [test-hivemq-platform] [hivemq] [b83f16bc] INFO  - [HiveMQ Platform Operator Init App 1.7.0-SNAPSHOT] Stopping the REST API
2025-01-29 18:38:24,321 INFO c.h.h.t.HelmChartContainer - [test-hivemq-platform] [hivemq] [b83f16bc] INFO  - [HiveMQ Platform Operator Init App 1.7.0-SNAPSHOT] Shutdown complete
2025-01-29 18:38:24,843 INFO c.h.h.t.HelmChartContainer - [K3S] [stateful_set.go:438] "Unhandled Error" err="error syncing StatefulSet helmmqttit/test-hivemq-platform, requeuing: controllerrevisions.apps \"test-hivemq-platform-7c544fbcb\" is forbidden: unable to create new content in namespace helmmqttit because it is being terminated"
2025-01-29 18:38:24,845 INFO c.h.h.t.HelmChartContainer - [POD] test-hivemq-platform-0 [b83f16bc-c435-4350-9d5b-16c9dade8b3b] in helmmqttit was MODIFIED
2025-01-29 18:38:24,851 INFO c.h.h.t.HelmChartContainer - [K3S] [stateful_set.go:438] "Unhandled Error" err="error syncing StatefulSet helmmqttit/test-hivemq-platform, requeuing: controllerrevisions.apps \"test-hivemq-platform-7c544fbcb\" is forbidden: unable to create new content in namespace helmmqttit because it is being terminated"
2025-01-29 18:38:24,863 INFO c.h.h.t.HelmChartContainer - [K3S] [stateful_set.go:438] "Unhandled Error" err="error syncing StatefulSet helmmqttit/test-hivemq-platform, requeuing: controllerrevisions.apps \"test-hivemq-platform-7c544fbcb\" is forbidden: unable to create new content in namespace helmmqttit because it is being terminated"
2025-01-29 18:38:24,886 INFO c.h.h.t.HelmChartContainer - [K3S] [stateful_set.go:438] "Unhandled Error" err="error syncing StatefulSet helmmqttit/test-hivemq-platform, requeuing: controllerrevisions.apps \"test-hivemq-platform-7c544fbcb\" is forbidden: unable to create new content in namespace helmmqttit because it is being terminated"
2025-01-29 18:38:24,888 INFO c.h.h.t.HelmChartContainer - [K3S] [reconciler_common.go:162] "operationExecutor.UnmountVolume started for volume \"kube-api-access-gz2sw\" (UniqueName: \"kubernetes.io/projected/b83f16bc-c435-4350-9d5b-16c9dade8b3b-kube-api-access-gz2sw\") pod \"b83f16bc-c435-4350-9d5b-16c9dade8b3b\" (UID: \"b83f16bc-c435-4350-9d5b-16c9dade8b3b\") "
2025-01-29 18:38:24,888 INFO c.h.h.t.HelmChartContainer - [K3S] [reconciler_common.go:162] "operationExecutor.UnmountVolume started for volume \"pod-info\" (UniqueName: \"kubernetes.io/configmap/b83f16bc-c435-4350-9d5b-16c9dade8b3b-pod-info\") pod \"b83f16bc-c435-4350-9d5b-16c9dade8b3b\" (UID: \"b83f16bc-c435-4350-9d5b-16c9dade8b3b\") "
2025-01-29 18:38:24,888 INFO c.h.h.t.HelmChartContainer - [K3S] [reconciler_common.go:162] "operationExecutor.UnmountVolume started for volume \"operator-init\" (UniqueName: \"kubernetes.io/empty-dir/b83f16bc-c435-4350-9d5b-16c9dade8b3b-operator-init\") pod \"b83f16bc-c435-4350-9d5b-16c9dade8b3b\" (UID: \"b83f16bc-c435-4350-9d5b-16c9dade8b3b\") "
2025-01-29 18:38:24,888 INFO c.h.h.t.HelmChartContainer - [K3S] [reconciler_common.go:162] "operationExecutor.UnmountVolume started for volume \"broker-configuration\" (UniqueName: \"kubernetes.io/configmap/b83f16bc-c435-4350-9d5b-16c9dade8b3b-broker-configuration\") pod \"b83f16bc-c435-4350-9d5b-16c9dade8b3b\" (UID: \"b83f16bc-c435-4350-9d5b-16c9dade8b3b\") "
2025-01-29 18:38:24,933 INFO c.h.h.t.HelmChartContainer - [K3S] [stateful_set.go:438] "Unhandled Error" err="error syncing StatefulSet helmmqttit/test-hivemq-platform, requeuing: controllerrevisions.apps \"test-hivemq-platform-7c544fbcb\" is forbidden: unable to create new content in namespace helmmqttit because it is being terminated"
2025-01-29 18:38:24,956 INFO c.h.h.t.HelmChartContainer - [K3S] [stateful_set.go:466] "StatefulSet has been deleted" key="helmmqttit/test-hivemq-platform"
2025-01-29 18:38:24,988 INFO c.h.h.t.HelmChartContainer - [K3S] [reconciler_common.go:299] "Volume detached for volume \"broker-configuration\" (UniqueName: \"kubernetes.io/configmap/b83f16bc-c435-4350-9d5b-16c9dade8b3b-broker-configuration\") on node \"6206d5544d57\" DevicePath \"\""
2025-01-29 18:38:24,988 INFO c.h.h.t.HelmChartContainer - [K3S] [reconciler_common.go:299] "Volume detached for volume \"operator-init\" (UniqueName: \"kubernetes.io/empty-dir/b83f16bc-c435-4350-9d5b-16c9dade8b3b-operator-init\") on node \"6206d5544d57\" DevicePath \"\""
2025-01-29 18:38:24,989 INFO c.h.h.t.HelmChartContainer - [K3S] [reconciler_common.go:299] "Volume detached for volume \"kube-api-access-gz2sw\" (UniqueName: \"kubernetes.io/projected/b83f16bc-c435-4350-9d5b-16c9dade8b3b-kube-api-access-gz2sw\") on node \"6206d5544d57\" DevicePath \"\""
2025-01-29 18:38:24,989 INFO c.h.h.t.HelmChartContainer - [K3S] [reconciler_common.go:299] "Volume detached for volume \"pod-info\" (UniqueName: \"kubernetes.io/configmap/b83f16bc-c435-4350-9d5b-16c9dade8b3b-pod-info\") on node \"6206d5544d57\" DevicePath \"\""
2025-01-29 18:38:25,014 INFO c.h.h.t.HelmChartContainer - [K3S] [stateful_set.go:466] "StatefulSet has been deleted" key="helmmqttit/test-hivemq-platform"
2025-01-29 18:38:25,267 INFO c.h.h.t.HelmChartContainer - [K3S] [scope.go:117] "RemoveContainer" containerID="601674626e2ad457b6e7d2943f9172e33371e9cb346a006722bbb2249509de84"
2025-01-29 18:38:25,282 INFO c.h.h.t.HelmChartContainer - [POD] test-hivemq-platform-0 [b83f16bc-c435-4350-9d5b-16c9dade8b3b] in helmmqttit was MODIFIED
2025-01-29 18:38:25,289 INFO c.h.h.t.HelmChartContainer - [POD] test-hivemq-platform-0 [b83f16bc-c435-4350-9d5b-16c9dade8b3b] in helmmqttit was DELETED
2025-01-29 18:38:25,370 INFO c.h.h.t.HelmChartContainer - [K3S] [scope.go:117] "RemoveContainer" containerID="0667f9070e71f67b48c26716476826f2fb0b520e00cc8dec1aab10d749e30959"
2025-01-29 18:38:25,372 INFO c.h.h.t.HelmChartContainer - [K3S] [scope.go:117] "RemoveContainer" containerID="601674626e2ad457b6e7d2943f9172e33371e9cb346a006722bbb2249509de84"
2025-01-29 18:38:25,373 INFO c.h.h.t.HelmChartContainer - [K3S] [scope.go:117] "RemoveContainer" containerID="0667f9070e71f67b48c26716476826f2fb0b520e00cc8dec1aab10d749e30959"
2025-01-29 18:38:26,083 INFO c.h.h.t.HelmChartContainer - [K3S] [kubelet_volumes.go:163] "Cleaned up orphaned pod volumes dir" podUID="b83f16bc-c435-4350-9d5b-16c9dade8b3b" path="/var/lib/kubelet/pods/b83f16bc-c435-4350-9d5b-16c9dade8b3b/volumes"
2025-01-29 18:38:30,160 INFO c.h.h.t.HelmChartContainer - Namespace 'helmmqttit' deleted
2025-01-29 18:38:30,160 INFO c.h.h.t.HelmChartContainer - Release 'test-hivemq-platform' in namespace 'helmmqttit' is uninstalled
2025-01-29 18:38:30,160 INFO c.h.h.t.HelmChartContainer - Uninstalling release 'test-hivemq-platform-operator' in namespace 'helmmqttit-operator'...
2025-01-29 18:38:30,160 DEBUG c.h.h.t.HelmChartContainer - Executing helm command: /bin/helm --kubeconfig /etc/rancher/k3s/k3s.yaml uninstall test-hivemq-platform-operator  --wait --timeout 5m0s --cascade foreground --namespace helmmqttit-operator
2025-01-29 18:38:30,325 INFO c.h.h.t.HelmChartContainer - [K3S] [replica_set.go:679] "Finished syncing" kind="ReplicaSet" key="helmmqttit-operator/hivemq-test-hivemq-platform-operator-6966f96d65" duration="10.366212ms"
2025-01-29 18:38:30,328 INFO c.h.h.t.HelmChartContainer - [K3S] [replica_set.go:679] "Finished syncing" kind="ReplicaSet" key="helmmqttit-operator/hivemq-test-hivemq-platform-operator-6966f96d65" duration="34.104µs"
2025-01-29 18:38:30,352 INFO c.h.h.t.HelmChartContainer - [POD] hivemq-test-hivemq-platform-operator-6966f96d65-c999z [3f36a6c0-9510-40a6-b7c4-89b11e3ebf70] in helmmqttit-operator was MODIFIED
2025-01-29 18:38:30,353 INFO c.h.h.t.HelmChartContainer - [K3S] [replica_set.go:679] "Finished syncing" kind="ReplicaSet" key="helmmqttit-operator/hivemq-test-hivemq-platform-operator-6966f96d65" duration="7.31888ms"
2025-01-29 18:38:30,356 INFO c.h.h.t.HelmChartContainer - [K3S] [replica_set.go:679] "Finished syncing" kind="ReplicaSet" key="helmmqttit-operator/hivemq-test-hivemq-platform-operator-6966f96d65" duration="51.466µs"
2025-01-29 18:38:30,362 INFO c.h.h.t.HelmChartContainer - [EVENT] Normal [Killing] Stopping container hivemq-platform-operator [helmmqttit-operator:hivemq-test-hivemq-platform-operator-6966f96d65-c999z]
2025-01-29 18:38:30,362 INFO c.h.h.t.HelmChartContainer - Received Killing event for container hivemq-platform-operator in pod hivemq-test-hivemq-platform-operator-6966f96d65-c999z [3f36a6c0-9510-40a6-b7c4-89b11e3ebf70]
2025-01-29 18:38:30,362 INFO c.h.h.t.HelmChartContainer - Container [hivemq-test-hivemq-platform-operator-6966f96d65-c999z] [hivemq-platform-operator] [3f36a6c0-9510-40a6-b7c4-89b11e3ebf70] was terminated
2025-01-29 18:38:30,362 INFO c.h.h.t.HelmChartContainer - Stopped log watcher for hivemq-platform-operator in pod hivemq-test-hivemq-platform-operator-6966f96d65-c999z [3f36a6c0-9510-40a6-b7c4-89b11e3ebf70]
2025-01-29 18:38:30,363 INFO c.h.h.t.HelmChartContainer - [hivemq-test-hivemq-platform] [hivemq-platform-operator] [3f36a6c0] 18:38:30.358 [application-shutdown-thread] INFO  c.h.p.o.HiveMQPlatformOperatorApplication - HiveMQ Platform Operator is stopping...
2025-01-29 18:38:30,363 INFO c.h.h.t.HelmChartContainer - [hivemq-test-hivemq-platform] [hivemq-platform-operator] [3f36a6c0] 18:38:30.358 [application-shutdown-thread] INFO  i.javaoperatorsdk.operator.Operator - Operator SDK 4.9.7 is shutting down...
2025-01-29 18:38:30,958 INFO c.h.h.t.HelmChartContainer - [K3S] [replica_set.go:679] "Finished syncing" kind="ReplicaSet" key="helmmqttit-operator/hivemq-test-hivemq-platform-operator-6966f96d65" duration="38.692µs"
2025-01-29 18:38:30,958 INFO c.h.h.t.HelmChartContainer - [POD] hivemq-test-hivemq-platform-operator-6966f96d65-c999z [3f36a6c0-9510-40a6-b7c4-89b11e3ebf70] in helmmqttit-operator was MODIFIED
2025-01-29 18:38:31,027 INFO c.h.h.t.HelmChartContainer - [K3S] [reconciler_common.go:162] "operationExecutor.UnmountVolume started for volume \"kube-api-access-ml7dc\" (UniqueName: \"kubernetes.io/projected/3f36a6c0-9510-40a6-b7c4-89b11e3ebf70-kube-api-access-ml7dc\") pod \"3f36a6c0-9510-40a6-b7c4-89b11e3ebf70\" (UID: \"3f36a6c0-9510-40a6-b7c4-89b11e3ebf70\") "
2025-01-29 18:38:31,128 INFO c.h.h.t.HelmChartContainer - [K3S] [reconciler_common.go:299] "Volume detached for volume \"kube-api-access-ml7dc\" (UniqueName: \"kubernetes.io/projected/3f36a6c0-9510-40a6-b7c4-89b11e3ebf70-kube-api-access-ml7dc\") on node \"6206d5544d57\" DevicePath \"\""
2025-01-29 18:38:31,277 INFO c.h.h.t.HelmChartContainer - [K3S] [scope.go:117] "RemoveContainer" containerID="9af99ed27e315dec8175369daa0e062f7a53e765724696ce82c26e084721cdc5"
2025-01-29 18:38:31,281 INFO c.h.h.t.HelmChartContainer - [K3S] [scope.go:117] "RemoveContainer" containerID="9af99ed27e315dec8175369daa0e062f7a53e765724696ce82c26e084721cdc5"
2025-01-29 18:38:31,289 INFO c.h.h.t.HelmChartContainer - [K3S] [replica_set.go:679] "Finished syncing" kind="ReplicaSet" key="helmmqttit-operator/hivemq-test-hivemq-platform-operator-6966f96d65" duration="48.581µs"
2025-01-29 18:38:31,290 INFO c.h.h.t.HelmChartContainer - [POD] hivemq-test-hivemq-platform-operator-6966f96d65-c999z [3f36a6c0-9510-40a6-b7c4-89b11e3ebf70] in helmmqttit-operator was MODIFIED
2025-01-29 18:38:31,293 INFO c.h.h.t.HelmChartContainer - [POD] hivemq-test-hivemq-platform-operator-6966f96d65-c999z [3f36a6c0-9510-40a6-b7c4-89b11e3ebf70] in helmmqttit-operator was DELETED
2025-01-29 18:38:31,295 INFO c.h.h.t.HelmChartContainer - [K3S] [replica_set.go:679] "Finished syncing" kind="ReplicaSet" key="helmmqttit-operator/hivemq-test-hivemq-platform-operator-6966f96d65" duration="39.334µs"
2025-01-29 18:38:31,308 INFO c.h.h.t.HelmChartContainer - [K3S] [replica_set.go:679] "Finished syncing" kind="ReplicaSet" key="helmmqttit-operator/hivemq-test-hivemq-platform-operator-6966f96d65" duration="7.263µs"
2025-01-29 18:38:32,083 INFO c.h.h.t.HelmChartContainer - [K3S] [kubelet_volumes.go:163] "Cleaned up orphaned pod volumes dir" podUID="3f36a6c0-9510-40a6-b7c4-89b11e3ebf70" path="/var/lib/kubelet/pods/3f36a6c0-9510-40a6-b7c4-89b11e3ebf70/volumes"
2025-01-29 18:38:32,392 INFO c.h.h.t.HelmChartContainer - Deleting namespace 'helmmqttit-operator'...
2025-01-29 18:38:35,094 INFO c.h.h.t.HelmChartContainer - [K3S] [namespace_controller.go:187] "Namespace has been deleted" namespace="helmmqttit"
2025-01-29 18:38:37,612 INFO c.h.h.t.HelmChartContainer - Namespace 'helmmqttit-operator' deleted
2025-01-29 18:38:37,612 INFO c.h.h.t.HelmChartContainer - Release 'test-hivemq-platform-operator' in namespace 'helmmqttit-operator' is uninstalled
2025-01-29 18:38:38,345 INFO c.h.helmcharts.AbstractHelmChartIT - Removed unused containers:

2025-01-29 18:38:42,507 INFO c.h.h.t.HelmChartContainer - [K3S] [namespace_controller.go:187] "Namespace has been deleted" namespace="helmmqttit-operator"
2025-01-29 18:38:46,165 INFO c.h.helmcharts.AbstractHelmChartIT - Removed unused snapshots:
Removing snapshot sha256:03af251906410714c5aef9fa705b63f6bbc39c4a5e787de7361eeb18886c2ed2
Removing snapshot sha256:0c46b3b43cce082ce5ec34ffc6c294e0417d17b9d1e6f366d114b6aadc4f96dc
Removing snapshot sha256:0ce761beee59082d6ed5bcebd3a805b8ddd9b3426b617e4809e7fb7c6587ffec
Removing snapshot sha256:0df91287303208332c8ff6ba40ae4710105201739addbfbddfb955f1ad593664
Removing snapshot sha256:1021ef88c7974bfff89c5a0ec4fd3160daac6c48a075f74cff721f85dd104e68
Removing snapshot sha256:10aba4953ddc18145dd38e3704709bc464aa20af60b56fe52caaff4b68411e62
Removing snapshot sha256:2573e0d8158209ed54ab25c87bcdcb00bd3d2539246960a3d592a1c599d70465
Removing snapshot sha256:362a8a37f8bbc31925a8146adcf7cf51f9882f5c1dcbef67c5baa03a297543c0
Removing snapshot sha256:3fa4ad33f0ddc8fd45b39b6b4640f82a3a83619606cd975bfe89d8710ad2d4cd
Removing snapshot sha256:43a7c979bbaba6838bc3102d6b10a1459f3ab050b87ccdfef84ef90cf43d3058
Removing snapshot sha256:4ab04491cdf0d3267f08206fe30bd48f49f94b9cab2f016d6739220f722a64af
Removing snapshot sha256:4b6068250e89c96f263060261819c7d912855bfbd64b3eb4c4a8483299b8c295
Removing snapshot sha256:580e69a0a8034ede1921139bbd2bfb72a69ebf276d008281896c32dd8bf74775
Removing snapshot sha256:5d30ba46b27fe37484567ccc5242cadc78217b8da605f3f195ef25cbf7487904
Removing snapshot sha256:63ca1fbb43ae5034640e5e6cb3e083e05c290072c5366fcaa9d62435a4cced85
Removing snapshot sha256:67f702c6baae873bceb19487c8b1f27bd2b86077e4f2f0e480e6d60ab508b8f5
Removing snapshot sha256:6864348dd42806d552efdec384f1274be15e2d0c10ce44c1f04347af004c10a9
Removing snapshot sha256:6c7dee8f2c39b84b7dc2711c01d33de93514d9055499173e9290176fbe484b6c
Removing snapshot sha256:82753493a6d61ded36556292f02f31841a14c20d2f279f19eaad65afb661d5cd
Removing snapshot sha256:8a10d3db42c505ee0fcfa98417bdd7e39b304f6bcc0a06bb1b220797ff2cc63c
Removing snapshot sha256:a0904247e36a7726c03c71ee48f3e64462021c88dafeb13f37fdaf613b27f11c
Removing snapshot sha256:a21e5b12dbac529ad45d976eb9ce45c881f3bedcc500fb30aba1e52aa1813418
Removing snapshot sha256:b6717edd394cbd644ebfedbff7559480325c54ef9bd4ddbf0635f8cc187f6fb7
Removing snapshot sha256:b921e6c28969094157f9b8e7244677780319637afd14450b7cb6b2fdea558a0c
Removing snapshot sha256:bc27ecb5769a00e309cf99ebc763c4a4b958b618d1decc96ffac5bc05f02f5b7
Removing snapshot sha256:bc28d23beab104ae989d291427a2847108c51f00423e69987eddc7e24e868730
Removing snapshot sha256:be3ccb6627a5332e309d45ef461d09b4879dd870c7394d89323d0ebc6ca6aa8a
Removing snapshot sha256:c261f7cbbc64211ee175ee47273acdb7b1a36a4450b397a064a8f2c026490095
Removing snapshot sha256:c34d9393647eea0c9e3557ab988efaf59f61d10a2a5613b439ef0958cca5ec10
Removing snapshot sha256:ccf3c4a0fa967a41c1c83497a2ce6fa5787965859df0adb32c4ca2cf7490bc2b
Removing snapshot sha256:cf92d33f869417309692088c341cd0f223c178ea78a125f757317b22aa8f90e9
Removing snapshot sha256:d0037344cf2fb078884f1849f6a1f8cf9a33a3b6139b6a85833e5ee528e1f9a8
Removing snapshot sha256:d3b36d5b79273b1e98e7700470eaeff05a882e777124d84cebcc1505b85ecb36
Removing snapshot sha256:d65a44a37914602d12c611e5e22a50f11451d847e63015cc1c2aef92dee777a4
Removing snapshot sha256:e2dc0bae2455930f23ae570e019b7f32edc75c0f2d71cab084db837ff9051796
Removing snapshot sha256:eccbd24a99c60cd9e86ee5305dbfc4a4dc89f5ab4fb1f06c8d64797cecedef34
Removing snapshot sha256:f144bb4c7c7f0d2aa7eeffd36d934ec40db1ee167be727e326aad9fdc616f475

]]></system-out>
  </testcase>
  <testcase name="platformChart_whenMqttNodePortEnabled_thenSendsReceivesMessage()" classname="com.hivemq.helmcharts.services.HelmMqttIT" time="105.18">
    <system-out><![CDATA[2025-01-29 18:38:46,173 INFO c.h.h.t.HelmChartContainer - Creating namespace 'helmmqttit-operator'...
2025-01-29 18:38:46,179 INFO c.h.h.t.HelmChartContainer - Namespace 'helmmqttit-operator' created
2025-01-29 18:38:46,179 INFO c.h.h.t.HelmChartContainer - Creating namespace 'helmmqttit'...
2025-01-29 18:38:46,186 INFO c.h.h.t.HelmChartContainer - Namespace 'helmmqttit' created
2025-01-29 18:38:46,259 DEBUG c.h.h.t.HelmChartContainer - Executing helm command: /bin/helm --kubeconfig /etc/rancher/k3s/k3s.yaml install test-hivemq-platform-operator /charts/hivemq-platform-operator --wait --timeout 5m0s --set image.repository=docker.io/hivemq --set image.name=hivemq-platform-operator-test --set image.initImageName=hivemq-platform-operator-init-test --set image.tag=snapshot --set image.pullPolicy=Never --set logLevel=DEBUG --set resources.cpu=512m --namespace helmmqttit-operator
2025-01-29 18:38:46,556 INFO c.h.h.t.HelmChartContainer - [K3S] [alloc.go:330] "allocated clusterIPs" service="helmmqttit-operator/hivemq-platform-operator-test-hivemq-platform-operator" clusterIPs={"IPv4":"10.43.164.23"}
2025-01-29 18:38:46,574 INFO c.h.h.t.HelmChartContainer - [EVENT] Normal [ScalingReplicaSet] Scaled up replica set hivemq-test-hivemq-platform-operator-6966f96d65 from 0 to 1 [helmmqttit-operator:hivemq-test-hivemq-platform-operator]
2025-01-29 18:38:46,587 INFO c.h.h.t.HelmChartContainer - [POD] hivemq-test-hivemq-platform-operator-6966f96d65-plm8j [5b16bce3-14af-47bd-9623-b889e56424d8] in helmmqttit-operator was ADDED
2025-01-29 18:38:46,603 INFO c.h.h.t.HelmChartContainer - [K3S] [memory_manager.go:355] "RemoveStaleState removing state" podUID="b83f16bc-c435-4350-9d5b-16c9dade8b3b" containerName="hivemq"
2025-01-29 18:38:46,603 INFO c.h.h.t.HelmChartContainer - [K3S] [memory_manager.go:355] "RemoveStaleState removing state" podUID="3f36a6c0-9510-40a6-b7c4-89b11e3ebf70" containerName="hivemq-platform-operator"
2025-01-29 18:38:46,605 INFO c.h.h.t.HelmChartContainer - [K3S] [replica_set.go:679] "Finished syncing" kind="ReplicaSet" key="helmmqttit-operator/hivemq-test-hivemq-platform-operator-6966f96d65" duration="36.035895ms"
2025-01-29 18:38:46,605 INFO c.h.h.t.HelmChartContainer - [POD] hivemq-test-hivemq-platform-operator-6966f96d65-plm8j [5b16bce3-14af-47bd-9623-b889e56424d8] in helmmqttit-operator was MODIFIED
2025-01-29 18:38:46,614 INFO c.h.h.t.HelmChartContainer - [EVENT] Normal [SuccessfulCreate] Created pod: hivemq-test-hivemq-platform-operator-6966f96d65-plm8j [helmmqttit-operator:hivemq-test-hivemq-platform-operator-6966f96d65]
2025-01-29 18:38:46,621 INFO c.h.h.t.HelmChartContainer - [EVENT] Normal [Scheduled] Successfully assigned helmmqttit-operator/hivemq-test-hivemq-platform-operator-6966f96d65-plm8j to 6206d5544d57 [helmmqttit-operator:hivemq-test-hivemq-platform-operator-6966f96d65-plm8j]
2025-01-29 18:38:46,622 INFO c.h.h.t.HelmChartContainer - [K3S] [replica_set.go:679] "Finished syncing" kind="ReplicaSet" key="helmmqttit-operator/hivemq-test-hivemq-platform-operator-6966f96d65" duration="16.224778ms"
2025-01-29 18:38:46,624 INFO c.h.h.t.HelmChartContainer - [K3S] [replica_set.go:679] "Finished syncing" kind="ReplicaSet" key="helmmqttit-operator/hivemq-test-hivemq-platform-operator-6966f96d65" duration="198.342µs"
2025-01-29 18:38:46,635 INFO c.h.h.t.HelmChartContainer - [POD] hivemq-test-hivemq-platform-operator-6966f96d65-plm8j [5b16bce3-14af-47bd-9623-b889e56424d8] in helmmqttit-operator was MODIFIED
2025-01-29 18:38:46,638 INFO c.h.h.t.HelmChartContainer - [K3S] [replica_set.go:679] "Finished syncing" kind="ReplicaSet" key="helmmqttit-operator/hivemq-test-hivemq-platform-operator-6966f96d65" duration="49.102µs"
2025-01-29 18:38:46,726 INFO c.h.h.t.HelmChartContainer - [K3S] [reconciler_common.go:251] "operationExecutor.VerifyControllerAttachedVolume started for volume \"kube-api-access-glvr6\" (UniqueName: \"kubernetes.io/projected/5b16bce3-14af-47bd-9623-b889e56424d8-kube-api-access-glvr6\") pod \"hivemq-test-hivemq-platform-operator-6966f96d65-plm8j\" (UID: \"5b16bce3-14af-47bd-9623-b889e56424d8\") " pod="helmmqttit-operator/hivemq-test-hivemq-platform-operator-6966f96d65-plm8j"
2025-01-29 18:38:47,002 INFO c.h.h.t.HelmChartContainer - [EVENT] Normal [Pulled] Container image "docker.io/hivemq/hivemq-platform-operator-test:snapshot" already present on machine [helmmqttit-operator:hivemq-test-hivemq-platform-operator-6966f96d65-plm8j]
2025-01-29 18:38:47,002 INFO c.h.h.t.HelmChartContainer - Received Pulled event for container hivemq-platform-operator in pod hivemq-test-hivemq-platform-operator-6966f96d65-plm8j [5b16bce3-14af-47bd-9623-b889e56424d8]
2025-01-29 18:38:48,268 INFO c.h.h.t.HelmChartContainer - [EVENT] Normal [Created] Created container: hivemq-platform-operator [helmmqttit-operator:hivemq-test-hivemq-platform-operator-6966f96d65-plm8j]
2025-01-29 18:38:48,268 INFO c.h.h.t.HelmChartContainer - Received Created event for container hivemq-platform-operator in pod hivemq-test-hivemq-platform-operator-6966f96d65-plm8j [5b16bce3-14af-47bd-9623-b889e56424d8]
2025-01-29 18:38:49,321 INFO c.h.h.t.HelmChartContainer - [K3S] [replica_set.go:679] "Finished syncing" kind="ReplicaSet" key="helmmqttit-operator/hivemq-test-hivemq-platform-operator-6966f96d65" duration="41.678µs"
2025-01-29 18:38:49,326 INFO c.h.h.t.HelmChartContainer - [POD] hivemq-test-hivemq-platform-operator-6966f96d65-plm8j [5b16bce3-14af-47bd-9623-b889e56424d8] in helmmqttit-operator was MODIFIED
2025-01-29 18:38:49,337 INFO c.h.h.t.HelmChartContainer - [EVENT] Normal [Started] Started container hivemq-platform-operator [helmmqttit-operator:hivemq-test-hivemq-platform-operator-6966f96d65-plm8j]
2025-01-29 18:38:49,337 INFO c.h.h.t.HelmChartContainer - Received Started event for container hivemq-platform-operator in pod hivemq-test-hivemq-platform-operator-6966f96d65-plm8j [5b16bce3-14af-47bd-9623-b889e56424d8]
2025-01-29 18:38:49,337 INFO c.h.h.t.HelmChartContainer - Started log watcher for hivemq-platform-operator in pod hivemq-test-hivemq-platform-operator-6966f96d65-plm8j [5b16bce3-14af-47bd-9623-b889e56424d8]
2025-01-29 18:38:49,338 INFO c.h.h.t.HelmChartContainer - [hivemq-test-hivemq-platform] [hivemq-platform-operator] [5b16bce3] -------------------------------------------------------------------------
2025-01-29 18:38:49,338 INFO c.h.h.t.HelmChartContainer - [hivemq-test-hivemq-platform] [hivemq-platform-operator] [5b16bce3] 
2025-01-29 18:38:49,338 INFO c.h.h.t.HelmChartContainer - [hivemq-test-hivemq-platform] [hivemq-platform-operator] [5b16bce3]                   _    _  _              __  __   ____
2025-01-29 18:38:49,338 INFO c.h.h.t.HelmChartContainer - [hivemq-test-hivemq-platform] [hivemq-platform-operator] [5b16bce3]                  | |  | |(_)            |  \/  | / __ \
2025-01-29 18:38:49,338 INFO c.h.h.t.HelmChartContainer - [hivemq-test-hivemq-platform] [hivemq-platform-operator] [5b16bce3]                  | |__| | _ __   __ ___ | \  / || |  | |
2025-01-29 18:38:49,338 INFO c.h.h.t.HelmChartContainer - [hivemq-test-hivemq-platform] [hivemq-platform-operator] [5b16bce3]                  |  __  || |\ \ / // _ \| |\/| || |  | |
2025-01-29 18:38:49,338 INFO c.h.h.t.HelmChartContainer - [hivemq-test-hivemq-platform] [hivemq-platform-operator] [5b16bce3]                  | |  | || | \ V /|  __/| |  | || |__| |
2025-01-29 18:38:49,340 INFO c.h.h.t.HelmChartContainer - [hivemq-test-hivemq-platform] [hivemq-platform-operator] [5b16bce3]                  |_|  |_||_|  \_/  \___||_|  |_| \___\_\
2025-01-29 18:38:49,340 INFO c.h.h.t.HelmChartContainer - [hivemq-test-hivemq-platform] [hivemq-platform-operator] [5b16bce3] 
2025-01-29 18:38:49,340 INFO c.h.h.t.HelmChartContainer - [hivemq-test-hivemq-platform] [hivemq-platform-operator] [5b16bce3] -------------------------------------------------------------------------
2025-01-29 18:38:49,340 INFO c.h.h.t.HelmChartContainer - [hivemq-test-hivemq-platform] [hivemq-platform-operator] [5b16bce3] 
2025-01-29 18:38:49,340 INFO c.h.h.t.HelmChartContainer - [hivemq-test-hivemq-platform] [hivemq-platform-operator] [5b16bce3]   HiveMQ Platform Operator Start Script v1.0
2025-01-29 18:38:49,340 INFO c.h.h.t.HelmChartContainer - [hivemq-test-hivemq-platform] [hivemq-platform-operator] [5b16bce3] 
2025-01-29 18:38:49,340 INFO c.h.h.t.HelmChartContainer - [hivemq-test-hivemq-platform] [hivemq-platform-operator] [5b16bce3] -------------------------------------------------------------------------
2025-01-29 18:38:49,340 INFO c.h.h.t.HelmChartContainer - [hivemq-test-hivemq-platform] [hivemq-platform-operator] [5b16bce3] 
2025-01-29 18:38:49,340 INFO c.h.h.t.HelmChartContainer - [hivemq-test-hivemq-platform] [hivemq-platform-operator] [5b16bce3]   JAVA_OPTS: -XX:+UnlockExperimentalVMOptions -XX:InitialRAMPercentage=75 -XX:MaxRAMPercentage=75 -Duser.language=en -Duser.region=US
2025-01-29 18:38:49,340 INFO c.h.h.t.HelmChartContainer - [hivemq-test-hivemq-platform] [hivemq-platform-operator] [5b16bce3] 
2025-01-29 18:38:49,340 INFO c.h.h.t.HelmChartContainer - [hivemq-test-hivemq-platform] [hivemq-platform-operator] [5b16bce3]   JAVA_VERSION: 21
2025-01-29 18:38:49,340 INFO c.h.h.t.HelmChartContainer - [hivemq-test-hivemq-platform] [hivemq-platform-operator] [5b16bce3] 
2025-01-29 18:38:49,340 INFO c.h.h.t.HelmChartContainer - [hivemq-test-hivemq-platform] [hivemq-platform-operator] [5b16bce3] -------------------------------------------------------------------------
2025-01-29 18:38:49,340 INFO c.h.h.t.HelmChartContainer - [hivemq-test-hivemq-platform] [hivemq-platform-operator] [5b16bce3] 
2025-01-29 18:38:51,823 INFO c.h.h.t.HelmChartContainer - [hivemq-test-hivemq-platform] [hivemq-platform-operator] [5b16bce3] 18:38:51.820 [main] DEBUG org.jboss.logging - Logging Provider: org.jboss.logging.Slf4jLoggerProvider
2025-01-29 18:38:51,919 INFO c.h.h.t.HelmChartContainer - [hivemq-test-hivemq-platform] [hivemq-platform-operator] [5b16bce3] 18:38:51.918 [main] DEBUG io.smallrye.config - SRCFG01006: Loaded ConfigSource SysPropConfigSource with ordinal 400
2025-01-29 18:38:51,920 INFO c.h.h.t.HelmChartContainer - [hivemq-test-hivemq-platform] [hivemq-platform-operator] [5b16bce3] 18:38:51.918 [main] DEBUG io.smallrye.config - SRCFG01006: Loaded ConfigSource EnvConfigSource with ordinal 300
2025-01-29 18:38:51,920 INFO c.h.h.t.HelmChartContainer - [hivemq-test-hivemq-platform] [hivemq-platform-operator] [5b16bce3] 18:38:51.919 [main] DEBUG io.smallrye.config - SRCFG01006: Loaded ConfigSource PropertiesConfigSource[source=jar:file:///opt/hivemq-platform-operator/bin/hivemq-platform-operator.jar!/hivemq-platform-operator.properties] with ordinal 100
2025-01-29 18:38:51,920 INFO c.h.h.t.HelmChartContainer - [hivemq-test-hivemq-platform] [hivemq-platform-operator] [5b16bce3] 18:38:51.919 [main] DEBUG io.smallrye.config - SRCFG01006: Loaded ConfigSource DefaultValuesConfigSource with ordinal -2147483648
2025-01-29 18:38:52,023 INFO c.h.h.t.HelmChartContainer - [hivemq-test-hivemq-platform] [hivemq-platform-operator] [5b16bce3] 18:38:52.022 [main] DEBUG i.m.c.u.i.l.InternalLoggerFactory - Using SLF4J as the default logging framework
2025-01-29 18:38:52,134 INFO c.h.h.t.HelmChartContainer - [hivemq-test-hivemq-platform] [hivemq-platform-operator] [5b16bce3] 18:38:52.125 [main] INFO  c.h.p.o.HiveMQPlatformOperatorApplication - HiveMQ Platform Operator 1.7.0-SNAPSHOT (commit: b1b9591 on branch: HEAD) built on Wed Jan 29 18:32:18 UTC 2025
2025-01-29 18:38:52,135 INFO c.h.h.t.HelmChartContainer - [hivemq-test-hivemq-platform] [hivemq-platform-operator] [5b16bce3] 18:38:52.133 [main] INFO  c.h.p.o.HiveMQPlatformOperatorApplication - HiveMQ Platform Operator is running in namespace: helmmqttit-operator
2025-01-29 18:38:52,135 INFO c.h.h.t.HelmChartContainer - [hivemq-test-hivemq-platform] [hivemq-platform-operator] [5b16bce3] 18:38:52.133 [main] INFO  c.h.p.o.HiveMQPlatformOperatorApplication - Watching all namespaces
2025-01-29 18:38:52,135 INFO c.h.h.t.HelmChartContainer - [hivemq-test-hivemq-platform] [hivemq-platform-operator] [5b16bce3] 18:38:52.133 [main] INFO  c.h.p.o.HiveMQPlatformOperatorApplication - Log level: DEBUG
2025-01-29 18:38:52,135 INFO c.h.h.t.HelmChartContainer - [hivemq-test-hivemq-platform] [hivemq-platform-operator] [5b16bce3] 18:38:52.133 [main] INFO  c.h.p.o.HiveMQPlatformOperatorApplication - Release name: test-hivemq-platform-operator
2025-01-29 18:38:52,135 INFO c.h.h.t.HelmChartContainer - [hivemq-test-hivemq-platform] [hivemq-platform-operator] [5b16bce3] 18:38:52.133 [main] INFO  c.h.p.o.HiveMQPlatformOperatorApplication - HiveMQ Platform Operator Init image: docker.io/hivemq/hivemq-platform-operator-init-test:snapshot
2025-01-29 18:38:52,135 INFO c.h.h.t.HelmChartContainer - [hivemq-test-hivemq-platform] [hivemq-platform-operator] [5b16bce3] 18:38:52.133 [main] INFO  c.h.p.o.HiveMQPlatformOperatorApplication - HiveMQ Platform Operator Init App update URL: http://hivemq-platform-operator-test-hivemq-platform-operator.helmmqttit-operator.svc:8080/initAppUpdate/hivemq-platform-operator-init-app-1.7.0-SNAPSHOT.jar
2025-01-29 18:38:52,136 INFO c.h.h.t.HelmChartContainer - [hivemq-test-hivemq-platform] [hivemq-platform-operator] [5b16bce3] 18:38:52.134 [main] INFO  c.h.p.o.HiveMQPlatformOperatorApplication - Additional imagePullSecret for all Platform deployments: none
2025-01-29 18:38:52,136 INFO c.h.h.t.HelmChartContainer - [hivemq-test-hivemq-platform] [hivemq-platform-operator] [5b16bce3] 18:38:52.134 [main] INFO  c.h.p.o.HiveMQPlatformOperatorApplication - Apply HiveMQ Platform CRD: true
2025-01-29 18:38:52,136 INFO c.h.h.t.HelmChartContainer - [hivemq-test-hivemq-platform] [hivemq-platform-operator] [5b16bce3] 18:38:52.134 [main] INFO  c.h.p.o.HiveMQPlatformOperatorApplication - Create Platform ServiceAccount: true
2025-01-29 18:38:52,136 INFO c.h.h.t.HelmChartContainer - [hivemq-test-hivemq-platform] [hivemq-platform-operator] [5b16bce3] 18:38:52.134 [main] INFO  c.h.p.o.HiveMQPlatformOperatorApplication - Create Platform ServiceAccount permissions: true
2025-01-29 18:38:52,136 INFO c.h.h.t.HelmChartContainer - [hivemq-test-hivemq-platform] [hivemq-platform-operator] [5b16bce3] 18:38:52.134 [main] INFO  c.h.p.o.HiveMQPlatformOperatorApplication - Validate Platform ServiceAccount: true
2025-01-29 18:38:52,136 INFO c.h.h.t.HelmChartContainer - [hivemq-test-hivemq-platform] [hivemq-platform-operator] [5b16bce3] 18:38:52.134 [main] INFO  c.h.p.o.HiveMQPlatformOperatorApplication - Validate Platform ServiceAccount permissions: true
2025-01-29 18:38:52,326 INFO c.h.h.t.HelmChartContainer - [hivemq-test-hivemq-platform] [hivemq-platform-operator] [5b16bce3] 18:38:52.325 [main] INFO  c.h.platform.operator.util.CRDUtil - Verifying deployed HiveMQ Platform CRD...
2025-01-29 18:38:54,733 INFO c.h.h.t.HelmChartContainer - [hivemq-test-hivemq-platform] [hivemq-platform-operator] [5b16bce3] 18:38:54.732 [main] DEBUG c.h.platform.operator.util.CRDUtil - HiveMQ Platform CRD version v1 is up to date
2025-01-29 18:38:54,733 INFO c.h.h.t.HelmChartContainer - [hivemq-test-hivemq-platform] [hivemq-platform-operator] [5b16bce3] 18:38:54.732 [main] INFO  c.h.platform.operator.util.CRDUtil - HiveMQ Platform CRD is up to date (version: V1_6_0)
2025-01-29 18:38:54,734 INFO c.h.h.t.HelmChartContainer - [hivemq-test-hivemq-platform] [hivemq-platform-operator] [5b16bce3] 18:38:54.732 [main] INFO  c.h.platform.operator.util.CRDUtil - Waiting 10000 ms for HiveMQ Platform CRD 'hivemq-platforms.hivemq.com' to become ready...
2025-01-29 18:38:55,030 INFO c.h.h.t.HelmChartContainer - [hivemq-test-hivemq-platform] [hivemq-platform-operator] [5b16bce3] 18:38:55.029 [vert.x-eventloop-thread-1] DEBUG c.h.platform.operator.util.CRDUtil - Checking CRD condition 'NamesAccepted' (status: 'True')
2025-01-29 18:38:55,032 INFO c.h.h.t.HelmChartContainer - [hivemq-test-hivemq-platform] [hivemq-platform-operator] [5b16bce3] 18:38:55.030 [vert.x-eventloop-thread-1] DEBUG c.h.platform.operator.util.CRDUtil - Checking CRD condition 'Established' (status: 'True')
2025-01-29 18:38:55,033 INFO c.h.h.t.HelmChartContainer - [hivemq-test-hivemq-platform] [hivemq-platform-operator] [5b16bce3] 18:38:55.030 [main] INFO  c.h.platform.operator.util.CRDUtil - HiveMQ Platform CRD 'hivemq-platforms.hivemq.com' is ready
2025-01-29 18:38:55,229 INFO c.h.h.t.HelmChartContainer - [hivemq-test-hivemq-platform] [hivemq-platform-operator] [5b16bce3] 18:38:55.227 [main] INFO  c.h.p.o.HiveMQPlatformReconciler - HiveMQ Platform Operator is starting...
2025-01-29 18:38:55,334 INFO c.h.h.t.HelmChartContainer - [hivemq-test-hivemq-platform] [hivemq-platform-operator] [5b16bce3] 18:38:55.333 [main] WARN  Default ConfigurationService implementation - Configuration for reconciler 'hivemq-controller' was not found. Known reconcilers: None.
2025-01-29 18:38:55,420 INFO c.h.h.t.HelmChartContainer - [hivemq-test-hivemq-platform] [hivemq-platform-operator] [5b16bce3] 18:38:55.419 [main] INFO  Default ConfigurationService implementation - Created configuration for reconciler com.hivemq.platform.operator.HiveMQPlatformReconciler with name hivemq-controller
2025-01-29 18:38:55,527 INFO c.h.h.t.HelmChartContainer - [hivemq-test-hivemq-platform] [hivemq-platform-operator] [5b16bce3] 18:38:55.526 [main] DEBUG c.h.p.o.HiveMQPlatformReconciler - HiveMQ Platform Operator is preparing EventSources
2025-01-29 18:38:55,623 INFO c.h.h.t.HelmChartContainer - [hivemq-test-hivemq-platform] [hivemq-platform-operator] [5b16bce3] 18:38:55.621 [main] INFO  i.javaoperatorsdk.operator.Operator - Registered reconciler: 'hivemq-controller' for resource: 'class com.hivemq.platform.operator.v1.HiveMQPlatform' for namespace(s): [all namespaces]
2025-01-29 18:38:56,220 INFO c.h.h.t.HelmChartContainer - [hivemq-test-hivemq-platform] [hivemq-platform-operator] [5b16bce3] 18:38:56.219 [main] INFO  c.h.p.operator.webserver.JettyServer - Starting Jetty server on port 8080
2025-01-29 18:38:56,238 INFO c.h.h.t.HelmChartContainer - [hivemq-test-hivemq-platform] [hivemq-platform-operator] [5b16bce3] 18:38:56.237 [main] INFO  i.javaoperatorsdk.operator.Operator - Operator SDK 4.9.7 (commit: 2133d28) built on Wed Nov 20 12:56:20 UTC 2024 starting...
2025-01-29 18:38:56,239 INFO c.h.h.t.HelmChartContainer - [hivemq-test-hivemq-platform] [hivemq-platform-operator] [5b16bce3] 18:38:56.238 [main] INFO  i.javaoperatorsdk.operator.Operator - Client version: 6.13.5
2025-01-29 18:38:56,270 INFO c.h.h.t.HelmChartContainer - [hivemq-test-hivemq-platform] [hivemq-platform-operator] [5b16bce3] 18:38:56.269 [Controller Starter for: hivemq-controller] INFO  i.j.operator.processing.Controller - Starting 'hivemq-controller' controller for reconciler: com.hivemq.platform.operator.HiveMQPlatformReconciler, resource: com.hivemq.platform.operator.v1.HiveMQPlatform
2025-01-29 18:38:58,625 INFO c.h.h.t.HelmChartContainer - [hivemq-test-hivemq-platform] [hivemq-platform-operator] [5b16bce3] 18:38:58.624 [Controller Starter for: hivemq-controller] INFO  i.j.operator.processing.Controller - 'hivemq-controller' controller started
2025-01-29 18:38:58,626 INFO c.h.h.t.HelmChartContainer - [hivemq-test-hivemq-platform] [hivemq-platform-operator] [5b16bce3] 18:38:58.625 [main] INFO  c.h.p.o.HiveMQPlatformOperatorApplication - HiveMQ Platform Operator 1.7.0-SNAPSHOT started in 6499 ms
2025-01-29 18:39:00,326 INFO c.h.h.t.HelmChartContainer - [POD] hivemq-test-hivemq-platform-operator-6966f96d65-plm8j [5b16bce3-14af-47bd-9623-b889e56424d8] in helmmqttit-operator was MODIFIED
2025-01-29 18:39:00,340 INFO c.h.h.t.HelmChartContainer - [K3S] [replica_set.go:679] "Finished syncing" kind="ReplicaSet" key="helmmqttit-operator/hivemq-test-hivemq-platform-operator-6966f96d65" duration="16.508926ms"
2025-01-29 18:39:00,341 INFO c.h.h.t.HelmChartContainer - [K3S] [replica_set.go:679] "Finished syncing" kind="ReplicaSet" key="helmmqttit-operator/hivemq-test-hivemq-platform-operator-6966f96d65" duration="78.517µs"
2025-01-29 18:39:00,692 DEBUG c.h.h.t.HelmChartContainer - Executing helm command: /bin/helm --kubeconfig /etc/rancher/k3s/k3s.yaml install test-hivemq-platform /charts/hivemq-platform --wait --timeout 5m0s --set image.repository=docker.io/hivemq --set image.tag=4.36.0 --set image.pullPolicy=Never --set nodes.resources.cpu=512m -f /files/mqtt-node-port-values.yaml --namespace helmmqttit
2025-01-29 18:39:01,134 INFO c.h.h.t.HelmChartContainer - [hivemq-test-hivemq-platform] [hivemq-platform-operator] [5b16bce3] 18:39:01.133 [-2082509879-pool-1-thread-3] WARN  i.m.p.PrometheusMeterRegistry - The meter (MeterId{name='operator.sdk.events.received', tags=[tag(action=ADDED),tag(event=ResourceEvent),tag(group=hivemq.com),tag(kind=HiveMQPlatform),tag(name=test-hivemq-platform),tag(namespace=helmmqttit),tag(scope=namespace),tag(version=v1)]}) registration has failed: Prometheus requires that all meters with the same name have the same set of tag keys. There is already an existing meter named 'operator.sdk.events.received' containing tag keys [event, group, kind, name, namespace, scope, version]. The meter you are attempting to register has keys [action, event, group, kind, name, namespace, scope, version]. Note that subsequent logs will be logged at debug level.
2025-01-29 18:39:01,627 INFO c.h.h.t.HelmChartContainer - [hivemq-test-hivemq-platform] [hivemq-platform-operator] [5b16bce3] 18:39:01.624 [pool-6-thread-3] DEBUG c.h.p.o.dependants.PodInfoConfigMap - [helmmqtt] Desired PodInfo ConfigMap (1 extensions) (1 enabled)
2025-01-29 18:39:01,628 INFO c.h.h.t.HelmChartContainer - [hivemq-test-hivemq-platform] [hivemq-platform-operator] [5b16bce3] 18:39:01.625 [pool-6-thread-3] DEBUG c.h.p.o.dependants.PodInfoConfigMap - [helmmqtt] Desired PodInfo ConfigMap (metrics port: 9399) (metrics path: /)
2025-01-29 18:39:01,628 INFO c.h.h.t.HelmChartContainer - [hivemq-test-hivemq-platform] [hivemq-platform-operator] [5b16bce3] 18:39:01.626 [pool-6-thread-3] DEBUG c.h.p.o.dependants.PodInfoConfigMap - [helmmqtt] Desired PodInfo ConfigMap (extension state hash: -1817474005)
2025-01-29 18:39:01,632 INFO c.h.h.t.HelmChartContainer - [hivemq-test-hivemq-platform] [hivemq-platform-operator] [5b16bce3] 18:39:01.628 [pool-6-thread-3] DEBUG c.h.p.o.dependants.PodInfoConfigMap - [helmmqtt] Create PodInfo ConfigMap
2025-01-29 18:39:01,820 INFO c.h.h.t.HelmChartContainer - [hivemq-test-hivemq-platform] [hivemq-platform-operator] [5b16bce3] 18:39:01.769 [pool-6-thread-5] DEBUG c.h.p.o.dependants.PodRoleResource - [helmmqtt] Create Role: Role(apiVersion=rbac.authorization.k8s.io/v1, kind=Role, metadata=ObjectMeta(annotations={meta.helm.sh/release-name=test-hivemq-platform, meta.helm.sh/release-namespace=helmmqttit}, creationTimestamp=null, deletionGracePeriodSeconds=null, deletionTimestamp=null, finalizers=[], generateName=null, generation=null, labels={helm.sh/chart=hivemq-platform-0.2.32, app.kubernetes.io/managed-by=Helm, app.kubernetes.io/name=hivemq-platform, hivemq-platform=test-hivemq-platform, app.kubernetes.io/instance=test-hivemq-platform, app.kubernetes.io/version=4.36.0}, managedFields=[], name=hivemq-platform-role-test-hivemq-platform, namespace=helmmqttit, ownerReferences=[OwnerReference(apiVersion=hivemq.com/v1, blockOwnerDeletion=null, controller=null, kind=HiveMQPlatform, name=test-hivemq-platform, uid=a372e7ea-8684-49e3-b9ff-4ce53208318e, additionalProperties={})], resourceVersion=null, selfLink=null, uid=null, additionalProperties={}), rules=[PolicyRule(apiGroups=[], nonResourceURLs=[], resourceNames=[], resources=[pods], verbs=[get, patch, update], additionalProperties={})], additionalProperties={})
2025-01-29 18:39:01,870 INFO c.h.h.t.HelmChartContainer - [hivemq-test-hivemq-platform] [hivemq-platform-operator] [5b16bce3] 18:39:01.868 [pool-6-thread-7] DEBUG c.h.p.o.d.PodServiceAccountResource - [helmmqtt] Desired PodServiceAccountResource (serviceAccountName: hivemq-platform-pod-test-hivemq-platform)
2025-01-29 18:39:01,870 INFO c.h.h.t.HelmChartContainer - [hivemq-test-hivemq-platform] [hivemq-platform-operator] [5b16bce3] 18:39:01.869 [pool-6-thread-7] DEBUG c.h.p.o.d.PodServiceAccountResource - [helmmqtt] Create ServiceAccount 'hivemq-platform-pod-test-hivemq-platform'
2025-01-29 18:39:02,031 INFO c.h.h.t.HelmChartContainer - [hivemq-test-hivemq-platform] [hivemq-platform-operator] [5b16bce3] 18:39:02.029 [pool-6-thread-10] DEBUG c.h.p.o.d.PodRoleBindingResource - [helmmqtt] Create RoleBinding: RoleBinding(apiVersion=rbac.authorization.k8s.io/v1, kind=RoleBinding, metadata=ObjectMeta(annotations={meta.helm.sh/release-name=test-hivemq-platform, meta.helm.sh/release-namespace=helmmqttit}, creationTimestamp=null, deletionGracePeriodSeconds=null, deletionTimestamp=null, finalizers=[], generateName=null, generation=null, labels={helm.sh/chart=hivemq-platform-0.2.32, app.kubernetes.io/managed-by=Helm, app.kubernetes.io/name=hivemq-platform, hivemq-platform=test-hivemq-platform, app.kubernetes.io/instance=test-hivemq-platform, app.kubernetes.io/version=4.36.0}, managedFields=[], name=hivemq-platform-role-binding-test-hivemq-platform, namespace=helmmqttit, ownerReferences=[OwnerReference(apiVersion=hivemq.com/v1, blockOwnerDeletion=null, controller=null, kind=HiveMQPlatform, name=test-hivemq-platform, uid=a372e7ea-8684-49e3-b9ff-4ce53208318e, additionalProperties={})], resourceVersion=null, selfLink=null, uid=null, additionalProperties={}), roleRef=RoleRef(apiGroup=rbac.authorization.k8s.io, kind=Role, name=hivemq-platform-role-test-hivemq-platform, additionalProperties={}), subjects=[Subject(apiGroup=null, kind=ServiceAccount, name=hivemq-platform-pod-test-hivemq-platform, namespace=helmmqttit, additionalProperties={})], additionalProperties={})
2025-01-29 18:39:02,121 INFO c.h.h.t.HelmChartContainer - [hivemq-test-hivemq-platform] [hivemq-platform-operator] [5b16bce3] 18:39:02.119 [ReconcilerExecutor-hivemq-controller-53] INFO  c.h.p.o.HiveMQPlatformReconciler - [helmmqtt] Reconciling HiveMQ Platform 'test-hivemq-platform' in namespace 'helmmqttit'
2025-01-29 18:39:02,121 INFO c.h.h.t.HelmChartContainer - [hivemq-test-hivemq-platform] [hivemq-platform-operator] [5b16bce3] 18:39:02.120 [ReconcilerExecutor-hivemq-controller-53] DEBUG c.h.p.o.HiveMQPlatformReconciler - [helmmqtt] Custom Resource Status CREATED - HiveMQ Platform was created (READY)
2025-01-29 18:39:02,121 INFO c.h.h.t.HelmChartContainer - [hivemq-test-hivemq-platform] [hivemq-platform-operator] [5b16bce3] 18:39:02.120 [ReconcilerExecutor-hivemq-controller-53] DEBUG c.h.p.o.HiveMQPlatformReconciler - [helmmqtt] Custom Resource Spec (replicas: 1) (extensions: 1)
2025-01-29 18:39:02,124 INFO c.h.h.t.HelmChartContainer - [hivemq-test-hivemq-platform] [hivemq-platform-operator] [5b16bce3] 18:39:02.124 [ReconcilerExecutor-hivemq-controller-53] INFO  c.h.p.o.h.HiveMQPlatformReconcilerBaseHandler - [helmmqtt] HiveMQ Platform is starting
2025-01-29 18:39:02,231 INFO c.h.h.t.HelmChartContainer - [hivemq-test-hivemq-platform] [hivemq-platform-operator] [5b16bce3] 18:39:02.230 [ReconcilerExecutor-hivemq-controller-53] DEBUG c.h.p.operator.event.EventSender - [helmmqtt] Creating K8s event hivemq-platform-starting: [Start] HiveMQ Platform is starting
2025-01-29 18:39:02,272 INFO c.h.h.t.HelmChartContainer - [EVENT] Normal [Start] HiveMQ Platform is starting [helmmqttit:test-hivemq-platform]
2025-01-29 18:39:02,325 INFO c.h.h.t.HelmChartContainer - [hivemq-test-hivemq-platform] [hivemq-platform-operator] [5b16bce3] 18:39:02.323 [ReconcilerExecutor-hivemq-controller-53] INFO  c.h.p.o.h.AbstractHiveMQReconcilerStateHandler - [helmmqtt] Update HiveMQ Platform Status (CREATED [READY] -> STARTING [READY]): HiveMQ Platform is starting
2025-01-29 18:39:02,339 DEBUG com.hivemq.helmcharts.util.K8sUtil - Comparing actual state 'STARTING' and waiting for 'RUNNING'
2025-01-29 18:39:12,426 INFO c.h.h.t.HelmChartContainer - [hivemq-test-hivemq-platform] [hivemq-platform-operator] [5b16bce3] 18:39:12.422 [pool-6-thread-12] DEBUG c.h.p.o.d.PlatformServiceResource - [helmmqtt] Desired Platform services (2 services)
2025-01-29 18:39:12,426 INFO c.h.h.t.HelmChartContainer - [hivemq-test-hivemq-platform] [hivemq-platform-operator] [5b16bce3] 18:39:12.424 [pool-6-thread-13] DEBUG c.h.p.o.dependants.PodInfoConfigMap - [helmmqtt] Desired PodInfo ConfigMap (1 extensions) (1 enabled)
2025-01-29 18:39:12,426 INFO c.h.h.t.HelmChartContainer - [hivemq-test-hivemq-platform] [hivemq-platform-operator] [5b16bce3] 18:39:12.424 [pool-6-thread-13] DEBUG c.h.p.o.dependants.PodInfoConfigMap - [helmmqtt] Desired PodInfo ConfigMap (metrics port: 9399) (metrics path: /)
2025-01-29 18:39:12,426 INFO c.h.h.t.HelmChartContainer - [hivemq-test-hivemq-platform] [hivemq-platform-operator] [5b16bce3] 18:39:12.424 [pool-6-thread-13] DEBUG c.h.p.o.dependants.PodInfoConfigMap - [helmmqtt] Desired PodInfo ConfigMap (extension state hash: -1817474005)
2025-01-29 18:39:12,430 INFO c.h.h.t.HelmChartContainer - [hivemq-test-hivemq-platform] [hivemq-platform-operator] [5b16bce3] 18:39:12.429 [pool-6-thread-17] DEBUG c.h.p.o.d.PodServiceAccountResource - [helmmqtt] Desired PodServiceAccountResource (serviceAccountName: hivemq-platform-pod-test-hivemq-platform)
2025-01-29 18:39:12,432 INFO c.h.h.t.HelmChartContainer - [hivemq-test-hivemq-platform] [hivemq-platform-operator] [5b16bce3] 18:39:12.431 [pool-6-thread-13] DEBUG c.h.p.o.dependants.PodInfoConfigMap - [helmmqtt] Update PodInfo ConfigMap
2025-01-29 18:39:12,527 INFO c.h.h.t.HelmChartContainer - [K3S] [alloc.go:330] "allocated clusterIPs" service="helmmqttit/hivemq-test-hivemq-platform-metrics-9399" clusterIPs={"IPv4":"10.43.88.49"}
2025-01-29 18:39:12,546 INFO c.h.h.t.HelmChartContainer - [K3S] [alloc.go:330] "allocated clusterIPs" service="helmmqttit/hivemq-test-hivemq-platform-mqtt-1884" clusterIPs={"IPv4":"10.43.193.157"}
2025-01-29 18:39:12,625 INFO c.h.h.t.HelmChartContainer - [hivemq-test-hivemq-platform] [hivemq-platform-operator] [5b16bce3] 18:39:12.623 [pool-6-thread-20] DEBUG c.h.p.o.d.StatefulSetResource - [helmmqtt] Desired StatefulSet (1 replicas) for status STARTING (READY)
2025-01-29 18:39:12,636 INFO c.h.h.t.HelmChartContainer - [hivemq-test-hivemq-platform] [hivemq-platform-operator] [5b16bce3] 18:39:12.635 [pool-6-thread-20] DEBUG c.h.p.o.d.StatefulSetResource - [helmmqtt] Create StatefulSet
2025-01-29 18:39:12,744 INFO c.h.h.t.HelmChartContainer - [POD] test-hivemq-platform-0 [8b979c3e-0375-48f8-bb05-4e9f8347dd2f] in helmmqttit was ADDED
2025-01-29 18:39:12,748 INFO c.h.h.t.HelmChartContainer - [EVENT] Normal [SuccessfulCreate] create Pod test-hivemq-platform-0 in StatefulSet test-hivemq-platform successful [helmmqttit:test-hivemq-platform]
2025-01-29 18:39:12,750 INFO c.h.h.t.HelmChartContainer - [EVENT] Normal [Scheduled] Successfully assigned helmmqttit/test-hivemq-platform-0 to 6206d5544d57 [helmmqttit:test-hivemq-platform-0]
2025-01-29 18:39:12,750 INFO c.h.h.t.HelmChartContainer - [POD] test-hivemq-platform-0 [8b979c3e-0375-48f8-bb05-4e9f8347dd2f] in helmmqttit was MODIFIED
2025-01-29 18:39:12,759 INFO c.h.h.t.HelmChartContainer - [POD] test-hivemq-platform-0 [8b979c3e-0375-48f8-bb05-4e9f8347dd2f] in helmmqttit was MODIFIED
2025-01-29 18:39:12,828 INFO c.h.h.t.HelmChartContainer - [hivemq-test-hivemq-platform] [hivemq-platform-operator] [5b16bce3] 18:39:12.822 [ReconcilerExecutor-hivemq-controller-64] INFO  c.h.p.o.HiveMQPlatformReconciler - [helmmqtt] Reconciling HiveMQ Platform 'test-hivemq-platform' in namespace 'helmmqttit'
2025-01-29 18:39:12,828 INFO c.h.h.t.HelmChartContainer - [hivemq-test-hivemq-platform] [hivemq-platform-operator] [5b16bce3] 18:39:12.823 [ReconcilerExecutor-hivemq-controller-64] DEBUG c.h.p.o.HiveMQPlatformReconciler - [helmmqtt] Custom Resource Status STARTING - HiveMQ Platform is starting (READY)
2025-01-29 18:39:12,828 INFO c.h.h.t.HelmChartContainer - [hivemq-test-hivemq-platform] [hivemq-platform-operator] [5b16bce3] 18:39:12.823 [ReconcilerExecutor-hivemq-controller-64] DEBUG c.h.p.o.HiveMQPlatformReconciler - [helmmqtt] Custom Resource Spec (replicas: 1) (extensions: 1)
2025-01-29 18:39:12,831 INFO c.h.h.t.HelmChartContainer - [hivemq-test-hivemq-platform] [hivemq-platform-operator] [5b16bce3] 18:39:12.830 [ReconcilerExecutor-hivemq-controller-64] DEBUG c.h.p.o.HiveMQPlatformReconciler - [helmmqtt] StatefulSet Status (revision: test-hivemq-platform-7bbc5894fb, replicas: 1, available: 0, ready: 0, current: 1, updated: 1)
2025-01-29 18:39:12,833 INFO c.h.h.t.HelmChartContainer - [hivemq-test-hivemq-platform] [hivemq-platform-operator] [5b16bce3] 18:39:12.831 [ReconcilerExecutor-hivemq-controller-64] DEBUG c.h.p.o.HiveMQPlatformReconciler - [helmmqtt] StatefulSet Spec (replicas: 1, init containers: 1, containers: 1, volumes: 3)
2025-01-29 18:39:12,887 INFO c.h.h.t.HelmChartContainer - [K3S] [reconciler_common.go:251] "operationExecutor.VerifyControllerAttachedVolume started for volume \"pod-info\" (UniqueName: \"kubernetes.io/configmap/8b979c3e-0375-48f8-bb05-4e9f8347dd2f-pod-info\") pod \"test-hivemq-platform-0\" (UID: \"8b979c3e-0375-48f8-bb05-4e9f8347dd2f\") " pod="helmmqttit/test-hivemq-platform-0"
2025-01-29 18:39:12,887 INFO c.h.h.t.HelmChartContainer - [K3S] [reconciler_common.go:251] "operationExecutor.VerifyControllerAttachedVolume started for volume \"broker-configuration\" (UniqueName: \"kubernetes.io/configmap/8b979c3e-0375-48f8-bb05-4e9f8347dd2f-broker-configuration\") pod \"test-hivemq-platform-0\" (UID: \"8b979c3e-0375-48f8-bb05-4e9f8347dd2f\") " pod="helmmqttit/test-hivemq-platform-0"
2025-01-29 18:39:12,887 INFO c.h.h.t.HelmChartContainer - [K3S] [reconciler_common.go:251] "operationExecutor.VerifyControllerAttachedVolume started for volume \"kube-api-access-2fnwr\" (UniqueName: \"kubernetes.io/projected/8b979c3e-0375-48f8-bb05-4e9f8347dd2f-kube-api-access-2fnwr\") pod \"test-hivemq-platform-0\" (UID: \"8b979c3e-0375-48f8-bb05-4e9f8347dd2f\") " pod="helmmqttit/test-hivemq-platform-0"
2025-01-29 18:39:12,887 INFO c.h.h.t.HelmChartContainer - [K3S] [reconciler_common.go:251] "operationExecutor.VerifyControllerAttachedVolume started for volume \"operator-init\" (UniqueName: \"kubernetes.io/empty-dir/8b979c3e-0375-48f8-bb05-4e9f8347dd2f-operator-init\") pod \"test-hivemq-platform-0\" (UID: \"8b979c3e-0375-48f8-bb05-4e9f8347dd2f\") " pod="helmmqttit/test-hivemq-platform-0"
2025-01-29 18:39:12,928 INFO c.h.h.t.HelmChartContainer - [hivemq-test-hivemq-platform] [hivemq-platform-operator] [5b16bce3] 18:39:12.926 [ReconcilerExecutor-hivemq-controller-64] DEBUG c.h.p.o.h.HiveMQPlatformReconcilerErrorHandler - [helmmqtt] Pod 'test-hivemq-platform-0' phase Pending
2025-01-29 18:39:12,929 INFO c.h.h.t.HelmChartContainer - [hivemq-test-hivemq-platform] [hivemq-platform-operator] [5b16bce3] 18:39:12.927 [ReconcilerExecutor-hivemq-controller-64] DEBUG c.h.p.o.h.HiveMQPlatformReconcilerErrorHandler - [helmmqtt] Pod 'test-hivemq-platform-0' condition 'PodReadyToStartContainers': False
2025-01-29 18:39:12,930 INFO c.h.h.t.HelmChartContainer - [hivemq-test-hivemq-platform] [hivemq-platform-operator] [5b16bce3] 18:39:12.927 [ReconcilerExecutor-hivemq-controller-64] DEBUG c.h.p.o.h.HiveMQPlatformReconcilerErrorHandler - [helmmqtt] Pod 'test-hivemq-platform-0' condition 'Initialized': False
2025-01-29 18:39:12,930 INFO c.h.h.t.HelmChartContainer - [hivemq-test-hivemq-platform] [hivemq-platform-operator] [5b16bce3] 18:39:12.927 [ReconcilerExecutor-hivemq-controller-64] DEBUG c.h.p.o.h.HiveMQPlatformReconcilerErrorHandler - [helmmqtt] Pod 'test-hivemq-platform-0' condition 'Ready': False
2025-01-29 18:39:12,930 INFO c.h.h.t.HelmChartContainer - [hivemq-test-hivemq-platform] [hivemq-platform-operator] [5b16bce3] 18:39:12.927 [ReconcilerExecutor-hivemq-controller-64] DEBUG c.h.p.o.h.HiveMQPlatformReconcilerErrorHandler - [helmmqtt] Pod 'test-hivemq-platform-0' condition 'ContainersReady': False
2025-01-29 18:39:12,930 INFO c.h.h.t.HelmChartContainer - [hivemq-test-hivemq-platform] [hivemq-platform-operator] [5b16bce3] 18:39:12.928 [ReconcilerExecutor-hivemq-controller-64] DEBUG c.h.p.o.h.HiveMQPlatformReconcilerErrorHandler - [helmmqtt] Pod 'test-hivemq-platform-0' condition 'PodScheduled': True
2025-01-29 18:39:12,930 INFO c.h.h.t.HelmChartContainer - [hivemq-test-hivemq-platform] [hivemq-platform-operator] [5b16bce3] 18:39:12.928 [ReconcilerExecutor-hivemq-controller-64] DEBUG c.h.p.o.h.HiveMQPlatformReconcilerErrorHandler - [helmmqtt] Pod 'test-hivemq-platform-0' containerStatus 'hivemq' (started: false) (ready: false) (waiting: [PodInitializing] null)
2025-01-29 18:39:12,933 INFO c.h.h.t.HelmChartContainer - [hivemq-test-hivemq-platform] [hivemq-platform-operator] [5b16bce3] 18:39:12.932 [ReconcilerExecutor-hivemq-controller-64] INFO  c.h.p.o.h.HiveMQPlatformReconcilerBaseHandler - [helmmqtt] HiveMQ Platform is starting, 0 of 1 replicas are ready
2025-01-29 18:39:13,025 INFO c.h.h.t.HelmChartContainer - [hivemq-test-hivemq-platform] [hivemq-platform-operator] [5b16bce3] 18:39:13.021 [pool-6-thread-22] DEBUG c.h.p.o.d.PlatformServiceResource - [helmmqtt] Desired Platform services (2 services)
2025-01-29 18:39:13,025 INFO c.h.h.t.HelmChartContainer - [hivemq-test-hivemq-platform] [hivemq-platform-operator] [5b16bce3] 18:39:13.023 [pool-6-thread-23] DEBUG c.h.p.o.dependants.PodInfoConfigMap - [helmmqtt] Desired PodInfo ConfigMap (1 extensions) (1 enabled)
2025-01-29 18:39:13,025 INFO c.h.h.t.HelmChartContainer - [hivemq-test-hivemq-platform] [hivemq-platform-operator] [5b16bce3] 18:39:13.024 [pool-6-thread-23] DEBUG c.h.p.o.dependants.PodInfoConfigMap - [helmmqtt] Desired PodInfo ConfigMap (metrics port: 9399) (metrics path: /)
2025-01-29 18:39:13,025 INFO c.h.h.t.HelmChartContainer - [hivemq-test-hivemq-platform] [hivemq-platform-operator] [5b16bce3] 18:39:13.024 [pool-6-thread-23] DEBUG c.h.p.o.dependants.PodInfoConfigMap - [helmmqtt] Desired PodInfo ConfigMap (extension state hash: -1817474005)
2025-01-29 18:39:13,031 INFO c.h.h.t.HelmChartContainer - [hivemq-test-hivemq-platform] [hivemq-platform-operator] [5b16bce3] 18:39:13.030 [pool-6-thread-27] DEBUG c.h.p.o.d.PodServiceAccountResource - [helmmqtt] Desired PodServiceAccountResource (serviceAccountName: hivemq-platform-pod-test-hivemq-platform)
2025-01-29 18:39:13,131 INFO c.h.h.t.HelmChartContainer - [hivemq-test-hivemq-platform] [hivemq-platform-operator] [5b16bce3] 18:39:13.124 [pool-6-thread-30] DEBUG c.h.p.o.d.StatefulSetResource - [helmmqtt] Desired StatefulSet (1 replicas) for status STARTING (READY)
2025-01-29 18:39:13,137 INFO c.h.h.t.HelmChartContainer - [hivemq-test-hivemq-platform] [hivemq-platform-operator] [5b16bce3] 18:39:13.135 [ReconcilerExecutor-hivemq-controller-75] INFO  c.h.p.o.HiveMQPlatformReconciler - [helmmqtt] Reconciling HiveMQ Platform 'test-hivemq-platform' in namespace 'helmmqttit'
2025-01-29 18:39:13,137 INFO c.h.h.t.HelmChartContainer - [hivemq-test-hivemq-platform] [hivemq-platform-operator] [5b16bce3] 18:39:13.136 [ReconcilerExecutor-hivemq-controller-75] DEBUG c.h.p.o.HiveMQPlatformReconciler - [helmmqtt] Custom Resource Status STARTING - HiveMQ Platform is starting (READY)
2025-01-29 18:39:13,138 INFO c.h.h.t.HelmChartContainer - [hivemq-test-hivemq-platform] [hivemq-platform-operator] [5b16bce3] 18:39:13.136 [ReconcilerExecutor-hivemq-controller-75] DEBUG c.h.p.o.HiveMQPlatformReconciler - [helmmqtt] Custom Resource Spec (replicas: 1) (extensions: 1)
2025-01-29 18:39:13,143 INFO c.h.h.t.HelmChartContainer - [hivemq-test-hivemq-platform] [hivemq-platform-operator] [5b16bce3] 18:39:13.139 [ReconcilerExecutor-hivemq-controller-75] DEBUG c.h.p.o.HiveMQPlatformReconciler - [helmmqtt] StatefulSet Status (revision: test-hivemq-platform-7bbc5894fb, replicas: 1, available: 0, ready: 0, current: 1, updated: 1)
2025-01-29 18:39:13,143 INFO c.h.h.t.HelmChartContainer - [hivemq-test-hivemq-platform] [hivemq-platform-operator] [5b16bce3] 18:39:13.139 [ReconcilerExecutor-hivemq-controller-75] DEBUG c.h.p.o.HiveMQPlatformReconciler - [helmmqtt] StatefulSet Spec (replicas: 1, init containers: 1, containers: 1, volumes: 3)
2025-01-29 18:39:13,143 INFO c.h.h.t.HelmChartContainer - [hivemq-test-hivemq-platform] [hivemq-platform-operator] [5b16bce3] 18:39:13.141 [ReconcilerExecutor-hivemq-controller-75] DEBUG c.h.p.o.h.HiveMQPlatformReconcilerErrorHandler - [helmmqtt] Pod 'test-hivemq-platform-0' phase Pending
2025-01-29 18:39:13,143 INFO c.h.h.t.HelmChartContainer - [hivemq-test-hivemq-platform] [hivemq-platform-operator] [5b16bce3] 18:39:13.141 [ReconcilerExecutor-hivemq-controller-75] DEBUG c.h.p.o.h.HiveMQPlatformReconcilerErrorHandler - [helmmqtt] Pod 'test-hivemq-platform-0' condition 'PodReadyToStartContainers': False
2025-01-29 18:39:13,145 INFO c.h.h.t.HelmChartContainer - [hivemq-test-hivemq-platform] [hivemq-platform-operator] [5b16bce3] 18:39:13.143 [ReconcilerExecutor-hivemq-controller-75] DEBUG c.h.p.o.h.HiveMQPlatformReconcilerErrorHandler - [helmmqtt] Pod 'test-hivemq-platform-0' condition 'Initialized': False
2025-01-29 18:39:13,147 INFO c.h.h.t.HelmChartContainer - [hivemq-test-hivemq-platform] [hivemq-platform-operator] [5b16bce3] 18:39:13.143 [ReconcilerExecutor-hivemq-controller-75] DEBUG c.h.p.o.h.HiveMQPlatformReconcilerErrorHandler - [helmmqtt] Pod 'test-hivemq-platform-0' condition 'Ready': False
2025-01-29 18:39:13,148 INFO c.h.h.t.HelmChartContainer - [hivemq-test-hivemq-platform] [hivemq-platform-operator] [5b16bce3] 18:39:13.143 [ReconcilerExecutor-hivemq-controller-75] DEBUG c.h.p.o.h.HiveMQPlatformReconcilerErrorHandler - [helmmqtt] Pod 'test-hivemq-platform-0' condition 'ContainersReady': False
2025-01-29 18:39:13,148 INFO c.h.h.t.HelmChartContainer - [hivemq-test-hivemq-platform] [hivemq-platform-operator] [5b16bce3] 18:39:13.143 [ReconcilerExecutor-hivemq-controller-75] DEBUG c.h.p.o.h.HiveMQPlatformReconcilerErrorHandler - [helmmqtt] Pod 'test-hivemq-platform-0' condition 'PodScheduled': True
2025-01-29 18:39:13,148 INFO c.h.h.t.HelmChartContainer - [hivemq-test-hivemq-platform] [hivemq-platform-operator] [5b16bce3] 18:39:13.143 [ReconcilerExecutor-hivemq-controller-75] DEBUG c.h.p.o.h.HiveMQPlatformReconcilerErrorHandler - [helmmqtt] Pod 'test-hivemq-platform-0' containerStatus 'hivemq' (started: false) (ready: false) (waiting: [PodInitializing] null)
2025-01-29 18:39:13,158 INFO c.h.h.t.HelmChartContainer - [EVENT] Normal [Pulled] Container image "docker.io/hivemq/hivemq-platform-operator-init-test:snapshot" already present on machine [helmmqttit:test-hivemq-platform-0]
2025-01-29 18:39:13,220 INFO c.h.h.t.HelmChartContainer - [hivemq-test-hivemq-platform] [hivemq-platform-operator] [5b16bce3] 18:39:13.218 [ReconcilerExecutor-hivemq-controller-75] INFO  c.h.p.o.h.HiveMQPlatformReconcilerBaseHandler - [helmmqtt] HiveMQ Platform is starting, 0 of 1 replicas are ready
2025-01-29 18:39:13,299 INFO c.h.h.t.HelmChartContainer - [EVENT] Normal [Created] Created container: hivemq-platform-operator-init [helmmqttit:test-hivemq-platform-0]
2025-01-29 18:39:13,341 INFO c.h.h.t.HelmChartContainer - [EVENT] Normal [Started] Started container hivemq-platform-operator-init [helmmqttit:test-hivemq-platform-0]
2025-01-29 18:39:13,364 INFO c.h.h.t.HelmChartContainer - [POD] test-hivemq-platform-0 [8b979c3e-0375-48f8-bb05-4e9f8347dd2f] in helmmqttit was MODIFIED
2025-01-29 18:39:13,426 INFO c.h.h.t.HelmChartContainer - [hivemq-test-hivemq-platform] [hivemq-platform-operator] [5b16bce3] 18:39:13.421 [pool-6-thread-32] DEBUG c.h.p.o.d.PlatformServiceResource - [helmmqtt] Desired Platform services (2 services)
2025-01-29 18:39:13,427 INFO c.h.h.t.HelmChartContainer - [hivemq-test-hivemq-platform] [hivemq-platform-operator] [5b16bce3] 18:39:13.423 [pool-6-thread-33] DEBUG c.h.p.o.dependants.PodInfoConfigMap - [helmmqtt] Desired PodInfo ConfigMap (1 extensions) (1 enabled)
2025-01-29 18:39:13,427 INFO c.h.h.t.HelmChartContainer - [hivemq-test-hivemq-platform] [hivemq-platform-operator] [5b16bce3] 18:39:13.423 [pool-6-thread-33] DEBUG c.h.p.o.dependants.PodInfoConfigMap - [helmmqtt] Desired PodInfo ConfigMap (metrics port: 9399) (metrics path: /)
2025-01-29 18:39:13,427 INFO c.h.h.t.HelmChartContainer - [hivemq-test-hivemq-platform] [hivemq-platform-operator] [5b16bce3] 18:39:13.423 [pool-6-thread-33] DEBUG c.h.p.o.dependants.PodInfoConfigMap - [helmmqtt] Desired PodInfo ConfigMap (extension state hash: -1817474005)
2025-01-29 18:39:13,429 INFO c.h.h.t.HelmChartContainer - [hivemq-test-hivemq-platform] [hivemq-platform-operator] [5b16bce3] 18:39:13.428 [pool-6-thread-37] DEBUG c.h.p.o.d.PodServiceAccountResource - [helmmqtt] Desired PodServiceAccountResource (serviceAccountName: hivemq-platform-pod-test-hivemq-platform)
2025-01-29 18:39:13,435 INFO c.h.h.t.HelmChartContainer - [hivemq-test-hivemq-platform] [hivemq-platform-operator] [5b16bce3] 18:39:13.434 [pool-6-thread-40] DEBUG c.h.p.o.d.StatefulSetResource - [helmmqtt] Desired StatefulSet (1 replicas) for status STARTING (READY)
2025-01-29 18:39:13,439 INFO c.h.h.t.HelmChartContainer - [hivemq-test-hivemq-platform] [hivemq-platform-operator] [5b16bce3] 18:39:13.438 [ReconcilerExecutor-hivemq-controller-86] INFO  c.h.p.o.HiveMQPlatformReconciler - [helmmqtt] Reconciling HiveMQ Platform 'test-hivemq-platform' in namespace 'helmmqttit'
2025-01-29 18:39:13,440 INFO c.h.h.t.HelmChartContainer - [hivemq-test-hivemq-platform] [hivemq-platform-operator] [5b16bce3] 18:39:13.439 [ReconcilerExecutor-hivemq-controller-86] DEBUG c.h.p.o.HiveMQPlatformReconciler - [helmmqtt] Custom Resource Status STARTING - HiveMQ Platform is starting (READY)
2025-01-29 18:39:13,440 INFO c.h.h.t.HelmChartContainer - [hivemq-test-hivemq-platform] [hivemq-platform-operator] [5b16bce3] 18:39:13.439 [ReconcilerExecutor-hivemq-controller-86] DEBUG c.h.p.o.HiveMQPlatformReconciler - [helmmqtt] Custom Resource Spec (replicas: 1) (extensions: 1)
2025-01-29 18:39:13,521 INFO c.h.h.t.HelmChartContainer - [hivemq-test-hivemq-platform] [hivemq-platform-operator] [5b16bce3] 18:39:13.520 [ReconcilerExecutor-hivemq-controller-86] DEBUG c.h.p.o.HiveMQPlatformReconciler - [helmmqtt] StatefulSet Status (revision: test-hivemq-platform-7bbc5894fb, replicas: 1, available: 0, ready: 0, current: 1, updated: 1)
2025-01-29 18:39:13,522 INFO c.h.h.t.HelmChartContainer - [hivemq-test-hivemq-platform] [hivemq-platform-operator] [5b16bce3] 18:39:13.520 [ReconcilerExecutor-hivemq-controller-86] DEBUG c.h.p.o.HiveMQPlatformReconciler - [helmmqtt] StatefulSet Spec (replicas: 1, init containers: 1, containers: 1, volumes: 3)
2025-01-29 18:39:13,525 INFO c.h.h.t.HelmChartContainer - [hivemq-test-hivemq-platform] [hivemq-platform-operator] [5b16bce3] 18:39:13.524 [ReconcilerExecutor-hivemq-controller-86] DEBUG c.h.p.o.h.HiveMQPlatformReconcilerErrorHandler - [helmmqtt] Pod 'test-hivemq-platform-0' phase Pending
2025-01-29 18:39:13,525 INFO c.h.h.t.HelmChartContainer - [hivemq-test-hivemq-platform] [hivemq-platform-operator] [5b16bce3] 18:39:13.524 [ReconcilerExecutor-hivemq-controller-86] DEBUG c.h.p.o.h.HiveMQPlatformReconcilerErrorHandler - [helmmqtt] Pod 'test-hivemq-platform-0' condition 'PodReadyToStartContainers': True
2025-01-29 18:39:13,526 INFO c.h.h.t.HelmChartContainer - [hivemq-test-hivemq-platform] [hivemq-platform-operator] [5b16bce3] 18:39:13.525 [ReconcilerExecutor-hivemq-controller-86] DEBUG c.h.p.o.h.HiveMQPlatformReconcilerErrorHandler - [helmmqtt] Pod 'test-hivemq-platform-0' condition 'Initialized': False
2025-01-29 18:39:13,526 INFO c.h.h.t.HelmChartContainer - [hivemq-test-hivemq-platform] [hivemq-platform-operator] [5b16bce3] 18:39:13.525 [ReconcilerExecutor-hivemq-controller-86] DEBUG c.h.p.o.h.HiveMQPlatformReconcilerErrorHandler - [helmmqtt] Pod 'test-hivemq-platform-0' condition 'Ready': False
2025-01-29 18:39:13,526 INFO c.h.h.t.HelmChartContainer - [hivemq-test-hivemq-platform] [hivemq-platform-operator] [5b16bce3] 18:39:13.525 [ReconcilerExecutor-hivemq-controller-86] DEBUG c.h.p.o.h.HiveMQPlatformReconcilerErrorHandler - [helmmqtt] Pod 'test-hivemq-platform-0' condition 'ContainersReady': False
2025-01-29 18:39:13,527 INFO c.h.h.t.HelmChartContainer - [hivemq-test-hivemq-platform] [hivemq-platform-operator] [5b16bce3] 18:39:13.526 [ReconcilerExecutor-hivemq-controller-86] DEBUG c.h.p.o.h.HiveMQPlatformReconcilerErrorHandler - [helmmqtt] Pod 'test-hivemq-platform-0' condition 'PodScheduled': True
2025-01-29 18:39:13,527 INFO c.h.h.t.HelmChartContainer - [hivemq-test-hivemq-platform] [hivemq-platform-operator] [5b16bce3] 18:39:13.526 [ReconcilerExecutor-hivemq-controller-86] DEBUG c.h.p.o.h.HiveMQPlatformReconcilerErrorHandler - [helmmqtt] Pod 'test-hivemq-platform-0' containerStatus 'hivemq' (started: false) (ready: false) (waiting: [PodInitializing] null)
2025-01-29 18:39:13,529 INFO c.h.h.t.HelmChartContainer - [hivemq-test-hivemq-platform] [hivemq-platform-operator] [5b16bce3] 18:39:13.528 [ReconcilerExecutor-hivemq-controller-86] INFO  c.h.p.o.h.HiveMQPlatformReconcilerBaseHandler - [helmmqtt] HiveMQ Platform is starting, 0 of 1 replicas are ready
2025-01-29 18:39:14,352 INFO c.h.h.t.HelmChartContainer - [EVENT] Normal [Pulled] Container image "docker.io/hivemq/hivemq4:4.36.0" already present on machine [helmmqttit:test-hivemq-platform-0]
2025-01-29 18:39:14,352 INFO c.h.h.t.HelmChartContainer - Received Pulled event for container hivemq in pod test-hivemq-platform-0 [8b979c3e-0375-48f8-bb05-4e9f8347dd2f]
2025-01-29 18:39:14,359 INFO c.h.h.t.HelmChartContainer - [POD] test-hivemq-platform-0 [8b979c3e-0375-48f8-bb05-4e9f8347dd2f] in helmmqttit was MODIFIED
2025-01-29 18:39:14,368 INFO c.h.h.t.HelmChartContainer - [hivemq-test-hivemq-platform] [hivemq-platform-operator] [5b16bce3] 18:39:14.366 [pool-6-thread-42] DEBUG c.h.p.o.d.PlatformServiceResource - [helmmqtt] Desired Platform services (2 services)
2025-01-29 18:39:14,370 INFO c.h.h.t.HelmChartContainer - [hivemq-test-hivemq-platform] [hivemq-platform-operator] [5b16bce3] 18:39:14.369 [pool-6-thread-47] DEBUG c.h.p.o.d.PodServiceAccountResource - [helmmqtt] Desired PodServiceAccountResource (serviceAccountName: hivemq-platform-pod-test-hivemq-platform)
2025-01-29 18:39:14,373 INFO c.h.h.t.HelmChartContainer - [hivemq-test-hivemq-platform] [hivemq-platform-operator] [5b16bce3] 18:39:14.370 [pool-6-thread-43] DEBUG c.h.p.o.dependants.PodInfoConfigMap - [helmmqtt] Desired PodInfo ConfigMap (1 extensions) (1 enabled)
2025-01-29 18:39:14,373 INFO c.h.h.t.HelmChartContainer - [hivemq-test-hivemq-platform] [hivemq-platform-operator] [5b16bce3] 18:39:14.371 [pool-6-thread-43] DEBUG c.h.p.o.dependants.PodInfoConfigMap - [helmmqtt] Desired PodInfo ConfigMap (metrics port: 9399) (metrics path: /)
2025-01-29 18:39:14,373 INFO c.h.h.t.HelmChartContainer - [hivemq-test-hivemq-platform] [hivemq-platform-operator] [5b16bce3] 18:39:14.371 [pool-6-thread-43] DEBUG c.h.p.o.dependants.PodInfoConfigMap - [helmmqtt] Desired PodInfo ConfigMap (extension state hash: -1817474005)
2025-01-29 18:39:14,380 INFO c.h.h.t.HelmChartContainer - [hivemq-test-hivemq-platform] [hivemq-platform-operator] [5b16bce3] 18:39:14.379 [pool-6-thread-50] DEBUG c.h.p.o.d.StatefulSetResource - [helmmqtt] Desired StatefulSet (1 replicas) for status STARTING (READY)
2025-01-29 18:39:14,425 INFO c.h.h.t.HelmChartContainer - [hivemq-test-hivemq-platform] [hivemq-platform-operator] [5b16bce3] 18:39:14.423 [ReconcilerExecutor-hivemq-controller-97] INFO  c.h.p.o.HiveMQPlatformReconciler - [helmmqtt] Reconciling HiveMQ Platform 'test-hivemq-platform' in namespace 'helmmqttit'
2025-01-29 18:39:14,425 INFO c.h.h.t.HelmChartContainer - [hivemq-test-hivemq-platform] [hivemq-platform-operator] [5b16bce3] 18:39:14.423 [ReconcilerExecutor-hivemq-controller-97] DEBUG c.h.p.o.HiveMQPlatformReconciler - [helmmqtt] Custom Resource Status STARTING - HiveMQ Platform is starting (READY)
2025-01-29 18:39:14,425 INFO c.h.h.t.HelmChartContainer - [hivemq-test-hivemq-platform] [hivemq-platform-operator] [5b16bce3] 18:39:14.423 [ReconcilerExecutor-hivemq-controller-97] DEBUG c.h.p.o.HiveMQPlatformReconciler - [helmmqtt] Custom Resource Spec (replicas: 1) (extensions: 1)
2025-01-29 18:39:14,427 INFO c.h.h.t.HelmChartContainer - [hivemq-test-hivemq-platform] [hivemq-platform-operator] [5b16bce3] 18:39:14.425 [ReconcilerExecutor-hivemq-controller-97] DEBUG c.h.p.o.HiveMQPlatformReconciler - [helmmqtt] StatefulSet Status (revision: test-hivemq-platform-7bbc5894fb, replicas: 1, available: 0, ready: 0, current: 1, updated: 1)
2025-01-29 18:39:14,427 INFO c.h.h.t.HelmChartContainer - [hivemq-test-hivemq-platform] [hivemq-platform-operator] [5b16bce3] 18:39:14.425 [ReconcilerExecutor-hivemq-controller-97] DEBUG c.h.p.o.HiveMQPlatformReconciler - [helmmqtt] StatefulSet Spec (replicas: 1, init containers: 1, containers: 1, volumes: 3)
2025-01-29 18:39:14,429 INFO c.h.h.t.HelmChartContainer - [hivemq-test-hivemq-platform] [hivemq-platform-operator] [5b16bce3] 18:39:14.428 [ReconcilerExecutor-hivemq-controller-97] DEBUG c.h.p.o.h.HiveMQPlatformReconcilerErrorHandler - [helmmqtt] Pod 'test-hivemq-platform-0' phase Pending
2025-01-29 18:39:14,430 INFO c.h.h.t.HelmChartContainer - [hivemq-test-hivemq-platform] [hivemq-platform-operator] [5b16bce3] 18:39:14.429 [ReconcilerExecutor-hivemq-controller-97] DEBUG c.h.p.o.h.HiveMQPlatformReconcilerErrorHandler - [helmmqtt] Pod 'test-hivemq-platform-0' condition 'PodReadyToStartContainers': True
2025-01-29 18:39:14,430 INFO c.h.h.t.HelmChartContainer - [hivemq-test-hivemq-platform] [hivemq-platform-operator] [5b16bce3] 18:39:14.429 [ReconcilerExecutor-hivemq-controller-97] DEBUG c.h.p.o.h.HiveMQPlatformReconcilerErrorHandler - [helmmqtt] Pod 'test-hivemq-platform-0' condition 'Initialized': True
2025-01-29 18:39:14,430 INFO c.h.h.t.HelmChartContainer - [hivemq-test-hivemq-platform] [hivemq-platform-operator] [5b16bce3] 18:39:14.429 [ReconcilerExecutor-hivemq-controller-97] DEBUG c.h.p.o.h.HiveMQPlatformReconcilerErrorHandler - [helmmqtt] Pod 'test-hivemq-platform-0' condition 'Ready': False
2025-01-29 18:39:14,430 INFO c.h.h.t.HelmChartContainer - [hivemq-test-hivemq-platform] [hivemq-platform-operator] [5b16bce3] 18:39:14.429 [ReconcilerExecutor-hivemq-controller-97] DEBUG c.h.p.o.h.HiveMQPlatformReconcilerErrorHandler - [helmmqtt] Pod 'test-hivemq-platform-0' condition 'ContainersReady': False
2025-01-29 18:39:14,430 INFO c.h.h.t.HelmChartContainer - [hivemq-test-hivemq-platform] [hivemq-platform-operator] [5b16bce3] 18:39:14.429 [ReconcilerExecutor-hivemq-controller-97] DEBUG c.h.p.o.h.HiveMQPlatformReconcilerErrorHandler - [helmmqtt] Pod 'test-hivemq-platform-0' condition 'PodScheduled': True
2025-01-29 18:39:14,430 INFO c.h.h.t.HelmChartContainer - [hivemq-test-hivemq-platform] [hivemq-platform-operator] [5b16bce3] 18:39:14.429 [ReconcilerExecutor-hivemq-controller-97] DEBUG c.h.p.o.h.HiveMQPlatformReconcilerErrorHandler - [helmmqtt] Pod 'test-hivemq-platform-0' containerStatus 'hivemq' (started: false) (ready: false) (waiting: [PodInitializing] null)
2025-01-29 18:39:14,470 INFO c.h.h.t.HelmChartContainer - [hivemq-test-hivemq-platform] [hivemq-platform-operator] [5b16bce3] 18:39:14.468 [ReconcilerExecutor-hivemq-controller-97] INFO  c.h.p.o.h.HiveMQPlatformReconcilerBaseHandler - [helmmqtt] HiveMQ Platform is starting, 0 of 1 replicas are ready
2025-01-29 18:39:15,698 INFO c.h.h.t.HelmChartContainer - [EVENT] Normal [Created] Created container: hivemq [helmmqttit:test-hivemq-platform-0]
2025-01-29 18:39:15,698 INFO c.h.h.t.HelmChartContainer - Received Created event for container hivemq in pod test-hivemq-platform-0 [8b979c3e-0375-48f8-bb05-4e9f8347dd2f]
2025-01-29 18:39:16,364 INFO c.h.h.t.HelmChartContainer - [POD] test-hivemq-platform-0 [8b979c3e-0375-48f8-bb05-4e9f8347dd2f] in helmmqttit was MODIFIED
2025-01-29 18:39:16,376 INFO c.h.h.t.HelmChartContainer - Started log watcher for hivemq in pod test-hivemq-platform-0 [8b979c3e-0375-48f8-bb05-4e9f8347dd2f]
2025-01-29 18:39:16,377 INFO c.h.h.t.HelmChartContainer - [EVENT] Normal [Started] Started container hivemq [helmmqttit:test-hivemq-platform-0]
2025-01-29 18:39:16,377 INFO c.h.h.t.HelmChartContainer - Received Started event for container hivemq in pod test-hivemq-platform-0 [8b979c3e-0375-48f8-bb05-4e9f8347dd2f]
2025-01-29 18:39:16,377 INFO c.h.h.t.HelmChartContainer - [hivemq-test-hivemq-platform] [hivemq-platform-operator] [5b16bce3] 18:39:16.369 [pool-6-thread-8] DEBUG c.h.p.o.d.PlatformServiceResource - [helmmqtt] Desired Platform services (2 services)
2025-01-29 18:39:16,381 INFO c.h.h.t.HelmChartContainer - [test-hivemq-platform] [hivemq] [8b979c3e] Adding pre-installed HiveMQ Platform Operator extensions
2025-01-29 18:39:16,381 INFO c.h.h.t.HelmChartContainer - [test-hivemq-platform] [hivemq] [8b979c3e] Running as user 10000
2025-01-29 18:39:16,381 INFO c.h.h.t.HelmChartContainer - [test-hivemq-platform] [hivemq] [8b979c3e] Starting HiveMQ Platform Operator Init
2025-01-29 18:39:16,383 INFO c.h.h.t.HelmChartContainer - [hivemq-test-hivemq-platform] [hivemq-platform-operator] [5b16bce3] 18:39:16.373 [pool-6-thread-6] DEBUG c.h.p.o.d.PodServiceAccountResource - [helmmqtt] Desired PodServiceAccountResource (serviceAccountName: hivemq-platform-pod-test-hivemq-platform)
2025-01-29 18:39:16,384 INFO c.h.h.t.HelmChartContainer - [hivemq-test-hivemq-platform] [hivemq-platform-operator] [5b16bce3] 18:39:16.379 [pool-6-thread-9] DEBUG c.h.p.o.dependants.PodInfoConfigMap - [helmmqtt] Desired PodInfo ConfigMap (1 extensions) (1 enabled)
2025-01-29 18:39:16,384 INFO c.h.h.t.HelmChartContainer - [hivemq-test-hivemq-platform] [hivemq-platform-operator] [5b16bce3] 18:39:16.379 [pool-6-thread-9] DEBUG c.h.p.o.dependants.PodInfoConfigMap - [helmmqtt] Desired PodInfo ConfigMap (metrics port: 9399) (metrics path: /)
2025-01-29 18:39:16,384 INFO c.h.h.t.HelmChartContainer - [hivemq-test-hivemq-platform] [hivemq-platform-operator] [5b16bce3] 18:39:16.379 [pool-6-thread-9] DEBUG c.h.p.o.dependants.PodInfoConfigMap - [helmmqtt] Desired PodInfo ConfigMap (extension state hash: -1817474005)
2025-01-29 18:39:16,384 INFO c.h.h.t.HelmChartContainer - [hivemq-test-hivemq-platform] [hivemq-platform-operator] [5b16bce3] 18:39:16.382 [pool-6-thread-9] DEBUG c.h.p.o.d.StatefulSetResource - [helmmqtt] Desired StatefulSet (1 replicas) for status STARTING (READY)
2025-01-29 18:39:16,424 INFO c.h.h.t.HelmChartContainer - [hivemq-test-hivemq-platform] [hivemq-platform-operator] [5b16bce3] 18:39:16.423 [ReconcilerExecutor-hivemq-controller-108] INFO  c.h.p.o.HiveMQPlatformReconciler - [helmmqtt] Reconciling HiveMQ Platform 'test-hivemq-platform' in namespace 'helmmqttit'
2025-01-29 18:39:16,426 INFO c.h.h.t.HelmChartContainer - [hivemq-test-hivemq-platform] [hivemq-platform-operator] [5b16bce3] 18:39:16.424 [ReconcilerExecutor-hivemq-controller-108] DEBUG c.h.p.o.HiveMQPlatformReconciler - [helmmqtt] Custom Resource Status STARTING - HiveMQ Platform is starting (READY)
2025-01-29 18:39:16,426 INFO c.h.h.t.HelmChartContainer - [hivemq-test-hivemq-platform] [hivemq-platform-operator] [5b16bce3] 18:39:16.424 [ReconcilerExecutor-hivemq-controller-108] DEBUG c.h.p.o.HiveMQPlatformReconciler - [helmmqtt] Custom Resource Spec (replicas: 1) (extensions: 1)
2025-01-29 18:39:16,470 INFO c.h.h.t.HelmChartContainer - [hivemq-test-hivemq-platform] [hivemq-platform-operator] [5b16bce3] 18:39:16.469 [ReconcilerExecutor-hivemq-controller-108] DEBUG c.h.p.o.HiveMQPlatformReconciler - [helmmqtt] StatefulSet Status (revision: test-hivemq-platform-7bbc5894fb, replicas: 1, available: 0, ready: 0, current: 1, updated: 1)
2025-01-29 18:39:16,471 INFO c.h.h.t.HelmChartContainer - [hivemq-test-hivemq-platform] [hivemq-platform-operator] [5b16bce3] 18:39:16.469 [ReconcilerExecutor-hivemq-controller-108] DEBUG c.h.p.o.HiveMQPlatformReconciler - [helmmqtt] StatefulSet Spec (replicas: 1, init containers: 1, containers: 1, volumes: 3)
2025-01-29 18:39:16,473 INFO c.h.h.t.HelmChartContainer - [hivemq-test-hivemq-platform] [hivemq-platform-operator] [5b16bce3] 18:39:16.472 [ReconcilerExecutor-hivemq-controller-108] DEBUG c.h.p.o.h.HiveMQPlatformReconcilerErrorHandler - [helmmqtt] Pod 'test-hivemq-platform-0' phase Running
2025-01-29 18:39:16,474 INFO c.h.h.t.HelmChartContainer - [hivemq-test-hivemq-platform] [hivemq-platform-operator] [5b16bce3] 18:39:16.473 [ReconcilerExecutor-hivemq-controller-108] INFO  c.h.p.o.h.HiveMQPlatformReconcilerBaseHandler - [helmmqtt] HiveMQ Platform is starting, 0 of 1 replicas are ready
2025-01-29 18:39:17,025 INFO c.h.h.t.HelmChartContainer - [test-hivemq-platform] [hivemq] [8b979c3e] INFO  - [HiveMQ Platform Operator Init 1.7.0-SNAPSHOT] HiveMQ Platform Operator Init 1.7.0-SNAPSHOT (commit: b1b9591 on branch: HEAD) built on Wed Jan 29 18:32:18 UTC 2025
2025-01-29 18:39:18,157 INFO c.h.h.t.HelmChartContainer - [test-hivemq-platform] [hivemq] [8b979c3e] INFO  - [HiveMQ Platform Operator Init App 1.7.0-SNAPSHOT] Using bind address 10.42.0.8 from environment variable
2025-01-29 18:39:19,136 INFO c.h.h.t.HelmChartContainer - [test-hivemq-platform] [hivemq] [8b979c3e] INFO  - [HiveMQ Platform Operator Init App 1.7.0-SNAPSHOT] HiveMQ Platform Operator Init App 1.7.0-SNAPSHOT (commit: b1b9591 on branch: HEAD) built on Wed Jan 29 18:32:18 UTC 2025
2025-01-29 18:39:19,136 INFO c.h.h.t.HelmChartContainer - [test-hivemq-platform] [hivemq] [8b979c3e] INFO  - [HiveMQ Platform Operator Init App 1.7.0-SNAPSHOT] PodInfo ConfigMap directory: /etc/podinfo
2025-01-29 18:39:19,136 INFO c.h.h.t.HelmChartContainer - [test-hivemq-platform] [hivemq] [8b979c3e] INFO  - [HiveMQ Platform Operator Init App 1.7.0-SNAPSHOT] HiveMQ home directory: /opt/hivemq
2025-01-29 18:39:19,136 INFO c.h.h.t.HelmChartContainer - [test-hivemq-platform] [hivemq] [8b979c3e] INFO  - [HiveMQ Platform Operator Init App 1.7.0-SNAPSHOT] HiveMQ Logback folder: /opt/hivemq/conf
2025-01-29 18:39:19,136 INFO c.h.h.t.HelmChartContainer - [test-hivemq-platform] [hivemq] [8b979c3e] INFO  - [HiveMQ Platform Operator Init App 1.7.0-SNAPSHOT] HiveMQ Config folder: /opt/hivemq/conf-k8s
2025-01-29 18:39:19,137 INFO c.h.h.t.HelmChartContainer - [test-hivemq-platform] [hivemq] [8b979c3e] INFO  - [HiveMQ Platform Operator Init App 1.7.0-SNAPSHOT] Starting HiveMQ Platform Operator Init App
2025-01-29 18:39:19,137 INFO c.h.h.t.HelmChartContainer - [test-hivemq-platform] [hivemq] [8b979c3e] INFO  - [HiveMQ Platform Operator Init App 1.7.0-SNAPSHOT] Starting Pod reconciler
2025-01-29 18:39:20,522 INFO c.h.h.t.HelmChartContainer - [test-hivemq-platform] [hivemq] [8b979c3e] INFO  - [HiveMQ Platform Operator Init App 1.7.0-SNAPSHOT] Pod reconciler is scheduled (interval: 5000 ms)
2025-01-29 18:39:20,524 INFO c.h.h.t.HelmChartContainer - [test-hivemq-platform] [hivemq] [8b979c3e] INFO  - [HiveMQ Platform Operator Init App 1.7.0-SNAPSHOT] Starting the REST API on 10.42.0.8:7979
2025-01-29 18:39:20,526 INFO c.h.h.t.HelmChartContainer - [test-hivemq-platform] [hivemq] [8b979c3e] INFO  - [HiveMQ Platform Operator Init App 1.7.0-SNAPSHOT] Waiting up to 600s for at most 1 HiveMQ nodes in cluster service hivemq-test-hivemq-platform-cluster.helmmqttit.svc
2025-01-29 18:39:20,833 INFO c.h.h.t.HelmChartContainer - [test-hivemq-platform] [hivemq] [8b979c3e] INFO  - [HiveMQ Platform Operator Init App 1.7.0-SNAPSHOT] Resolved 1 IP addresses: [10.42.0.8]
2025-01-29 18:39:20,833 INFO c.h.h.t.HelmChartContainer - [test-hivemq-platform] [hivemq] [8b979c3e] INFO  - [HiveMQ Platform Operator Init App 1.7.0-SNAPSHOT] HiveMQ node count of 1 is within threshold of 1
2025-01-29 18:39:20,833 INFO c.h.h.t.HelmChartContainer - [test-hivemq-platform] [hivemq] [8b979c3e] INFO  - [HiveMQ Platform Operator Init App 1.7.0-SNAPSHOT] Proceeding with container start
2025-01-29 18:39:20,933 INFO c.h.h.t.HelmChartContainer - [test-hivemq-platform] [hivemq] [8b979c3e] INFO  - [HiveMQ Platform Operator Init App 1.7.0-SNAPSHOT] Initializing HiveMQ Platform extensions with initial configuration: {hivemq-allow-all-extension={start-priority=-1, skip-https-hostname-verification=false, restart=true, config-version=0, header-version=0, c-uri=, priority=-1, uri=preinstalled, skip-https-certificate-validation=false, enabled=true}, hivemq-prometheus-extension={restart=true, enabled=true, request-header-path=no-request-headers, uri=preinstalled, skip-https-certificate-validation=false, skip-https-hostname-verification=false, c-uri=, start-priority=-1, priority=-1}}
2025-01-29 18:39:21,333 INFO c.h.h.t.HelmChartContainer - [test-hivemq-platform] [hivemq] [8b979c3e] INFO  - [HiveMQ Platform Operator Init App 1.7.0-SNAPSHOT] Extension hivemq-allow-all-extension was already enabled
2025-01-29 18:39:21,423 INFO c.h.h.t.HelmChartContainer - [test-hivemq-platform] [hivemq] [8b979c3e] INFO  - [HiveMQ Platform Operator Init App 1.7.0-SNAPSHOT] Successfully enabled extension hivemq-prometheus-extension
2025-01-29 18:39:21,426 INFO c.h.h.t.HelmChartContainer - [test-hivemq-platform] [hivemq] [8b979c3e] INFO  - [HiveMQ Platform Operator Init App 1.7.0-SNAPSHOT] Starting HiveMQ Platform version 4.36.0 (4.36.0)
2025-01-29 18:39:21,426 INFO c.h.h.t.HelmChartContainer - [test-hivemq-platform] [hivemq] [8b979c3e] INFO  - [HiveMQ Platform Operator Init App 1.7.0-SNAPSHOT] Configuring the HiveMQ Platform
2025-01-29 18:39:21,428 INFO c.h.h.t.HelmChartContainer - [test-hivemq-platform] [hivemq] [8b979c3e] INFO  - [HiveMQ Platform Operator Init App 1.7.0-SNAPSHOT] Returning default Health API response 503 for readiness
2025-01-29 18:39:21,520 INFO c.h.h.t.HelmChartContainer - [test-hivemq-platform] [hivemq] [8b979c3e] INFO  - [HiveMQ Platform Operator Init App 1.7.0-SNAPSHOT] Changed logback.xml file scan period to 20 seconds
2025-01-29 18:39:21,618 INFO c.h.h.t.HelmChartContainer - [test-hivemq-platform] [hivemq] [8b979c3e] INFO  - [HiveMQ Platform Operator Init App 1.7.0-SNAPSHOT] Starting the HiveMQ Platform
2025-01-29 18:39:21,621 INFO c.h.h.t.HelmChartContainer - [test-hivemq-platform] [hivemq] [8b979c3e] -------------------------------------------------------------------------
2025-01-29 18:39:21,622 INFO c.h.h.t.HelmChartContainer - [test-hivemq-platform] [hivemq] [8b979c3e] 
2025-01-29 18:39:21,622 INFO c.h.h.t.HelmChartContainer - [test-hivemq-platform] [hivemq] [8b979c3e]                   _    _  _              __  __   ____
2025-01-29 18:39:21,622 INFO c.h.h.t.HelmChartContainer - [test-hivemq-platform] [hivemq] [8b979c3e]                  | |  | |(_)            |  \/  | / __ \
2025-01-29 18:39:21,622 INFO c.h.h.t.HelmChartContainer - [test-hivemq-platform] [hivemq] [8b979c3e]                  | |__| | _ __   __ ___ | \  / || |  | |
2025-01-29 18:39:21,622 INFO c.h.h.t.HelmChartContainer - [test-hivemq-platform] [hivemq] [8b979c3e]                  |  __  || |\ \ / // _ \| |\/| || |  | |
2025-01-29 18:39:21,622 INFO c.h.h.t.HelmChartContainer - [test-hivemq-platform] [hivemq] [8b979c3e]                  | |  | || | \ V /|  __/| |  | || |__| |
2025-01-29 18:39:21,622 INFO c.h.h.t.HelmChartContainer - [test-hivemq-platform] [hivemq] [8b979c3e]                  |_|  |_||_|  \_/  \___||_|  |_| \___\_\
2025-01-29 18:39:21,622 INFO c.h.h.t.HelmChartContainer - [test-hivemq-platform] [hivemq] [8b979c3e] 
2025-01-29 18:39:21,622 INFO c.h.h.t.HelmChartContainer - [test-hivemq-platform] [hivemq] [8b979c3e] -------------------------------------------------------------------------
2025-01-29 18:39:21,622 INFO c.h.h.t.HelmChartContainer - [test-hivemq-platform] [hivemq] [8b979c3e] 
2025-01-29 18:39:21,623 INFO c.h.h.t.HelmChartContainer - [test-hivemq-platform] [hivemq] [8b979c3e]   HiveMQ Start Script for Linux/Unix v1.14
2025-01-29 18:39:21,623 INFO c.h.h.t.HelmChartContainer - [test-hivemq-platform] [hivemq] [8b979c3e] 
2025-01-29 18:39:21,824 INFO c.h.h.t.HelmChartContainer - [EVENT] Warning [Unhealthy] Readiness probe failed: HTTP probe failed with statuscode: 503 [helmmqttit:test-hivemq-platform-0]
2025-01-29 18:39:21,825 INFO c.h.h.t.HelmChartContainer - Received Unhealthy event for container hivemq in pod test-hivemq-platform-0 [8b979c3e-0375-48f8-bb05-4e9f8347dd2f]
2025-01-29 18:39:21,825 INFO c.h.h.t.HelmChartContainer - [test-hivemq-platform] [hivemq] [8b979c3e] -------------------------------------------------------------------------
2025-01-29 18:39:21,826 INFO c.h.h.t.HelmChartContainer - [test-hivemq-platform] [hivemq] [8b979c3e] 
2025-01-29 18:39:21,826 INFO c.h.h.t.HelmChartContainer - [test-hivemq-platform] [hivemq] [8b979c3e]   HIVEMQ_HOME: /opt/hivemq
2025-01-29 18:39:21,826 INFO c.h.h.t.HelmChartContainer - [test-hivemq-platform] [hivemq] [8b979c3e] 
2025-01-29 18:39:21,826 INFO c.h.h.t.HelmChartContainer - [test-hivemq-platform] [hivemq] [8b979c3e]   JAVA_OPTS: -XX:+UnlockExperimentalVMOptions -XX:InitialRAMPercentage=50 -XX:MaxRAMPercentage=50 -Djava.net.preferIPv4Stack=true --add-opens java.base/java.lang=ALL-UNNAMED --add-opens java.base/java.nio=ALL-UNNAMED --add-opens java.base/sun.nio.ch=ALL-UNNAMED --add-opens jdk.management/com.sun.management.internal=ALL-UNNAMED --add-exports java.base/jdk.internal.misc=ALL-UNNAMED -Djava.security.egd=file:/dev/./urandom -Dcom.sun.management.jmxremote -Dcom.sun.management.jmxremote.port=9010 -Dcom.sun.management.jmxremote.local.only=false -Dcom.sun.management.jmxremote.authenticate=false -Dcom.sun.management.jmxremote.ssl=false -Duser.language=en -Duser.region=US -XX:+CrashOnOutOfMemoryError -XX:+HeapDumpOnOutOfMemoryError
2025-01-29 18:39:21,826 INFO c.h.h.t.HelmChartContainer - [test-hivemq-platform] [hivemq] [8b979c3e] 
2025-01-29 18:39:21,826 INFO c.h.h.t.HelmChartContainer - [test-hivemq-platform] [hivemq] [8b979c3e]   JAVA_VERSION: 21
2025-01-29 18:39:21,826 INFO c.h.h.t.HelmChartContainer - [test-hivemq-platform] [hivemq] [8b979c3e] 
2025-01-29 18:39:21,826 INFO c.h.h.t.HelmChartContainer - [test-hivemq-platform] [hivemq] [8b979c3e] -------------------------------------------------------------------------
2025-01-29 18:39:21,826 INFO c.h.h.t.HelmChartContainer - [test-hivemq-platform] [hivemq] [8b979c3e] 
2025-01-29 18:39:21,829 INFO c.h.h.t.HelmChartContainer - [EVENT] Warning [Unhealthy] Readiness probe failed: HTTP probe failed with statuscode: 503 [helmmqttit:test-hivemq-platform-0]
2025-01-29 18:39:21,829 INFO c.h.h.t.HelmChartContainer - Received Unhealthy event for container hivemq in pod test-hivemq-platform-0 [8b979c3e-0375-48f8-bb05-4e9f8347dd2f]
2025-01-29 18:39:24,331 INFO c.h.h.t.HelmChartContainer - [test-hivemq-platform] [hivemq] [8b979c3e] INFO  - Starting HiveMQ Enterprise Server
2025-01-29 18:39:24,337 INFO c.h.h.t.HelmChartContainer - [test-hivemq-platform] [hivemq] [8b979c3e] INFO  - HiveMQ version: 4.36.0
2025-01-29 18:39:24,337 INFO c.h.h.t.HelmChartContainer - [test-hivemq-platform] [hivemq] [8b979c3e] INFO  - HiveMQ home directory: /opt/hivemq
2025-01-29 18:39:24,338 INFO c.h.h.t.HelmChartContainer - [test-hivemq-platform] [hivemq] [8b979c3e] INFO  - Log Configuration was overridden by /opt/hivemq/conf/logback.xml
2025-01-29 18:39:25,534 INFO c.h.h.t.HelmChartContainer - [test-hivemq-platform] [hivemq] [8b979c3e] INFO  - Successfully loaded configuration from '/opt/hivemq/conf-k8s/config.xml'.
2025-01-29 18:39:26,323 INFO c.h.h.t.HelmChartContainer - [test-hivemq-platform] [hivemq] [8b979c3e] INFO  - This node's ID is UILtR
2025-01-29 18:39:26,323 INFO c.h.h.t.HelmChartContainer - [test-hivemq-platform] [hivemq] [8b979c3e] INFO  - Clustering is enabled
2025-01-29 18:39:26,481 INFO c.h.h.t.HelmChartContainer - [hivemq-test-hivemq-platform] [hivemq-platform-operator] [5b16bce3] 18:39:26.478 [pool-6-thread-14] DEBUG c.h.p.o.d.PlatformServiceResource - [helmmqtt] Desired Platform services (2 services)
2025-01-29 18:39:26,481 INFO c.h.h.t.HelmChartContainer - [hivemq-test-hivemq-platform] [hivemq-platform-operator] [5b16bce3] 18:39:26.480 [pool-6-thread-17] DEBUG c.h.p.o.dependants.PodInfoConfigMap - [helmmqtt] Desired PodInfo ConfigMap (1 extensions) (1 enabled)
2025-01-29 18:39:26,481 INFO c.h.h.t.HelmChartContainer - [hivemq-test-hivemq-platform] [hivemq-platform-operator] [5b16bce3] 18:39:26.480 [pool-6-thread-17] DEBUG c.h.p.o.dependants.PodInfoConfigMap - [helmmqtt] Desired PodInfo ConfigMap (metrics port: 9399) (metrics path: /)
2025-01-29 18:39:26,481 INFO c.h.h.t.HelmChartContainer - [hivemq-test-hivemq-platform] [hivemq-platform-operator] [5b16bce3] 18:39:26.480 [pool-6-thread-17] DEBUG c.h.p.o.dependants.PodInfoConfigMap - [helmmqtt] Desired PodInfo ConfigMap (extension state hash: -1817474005)
2025-01-29 18:39:26,483 INFO c.h.h.t.HelmChartContainer - [hivemq-test-hivemq-platform] [hivemq-platform-operator] [5b16bce3] 18:39:26.481 [pool-6-thread-15] DEBUG c.h.p.o.d.PodServiceAccountResource - [helmmqtt] Desired PodServiceAccountResource (serviceAccountName: hivemq-platform-pod-test-hivemq-platform)
2025-01-29 18:39:26,487 INFO c.h.h.t.HelmChartContainer - [hivemq-test-hivemq-platform] [hivemq-platform-operator] [5b16bce3] 18:39:26.486 [pool-6-thread-11] DEBUG c.h.p.o.d.StatefulSetResource - [helmmqtt] Desired StatefulSet (1 replicas) for status STARTING (READY)
2025-01-29 18:39:26,493 INFO c.h.h.t.HelmChartContainer - [hivemq-test-hivemq-platform] [hivemq-platform-operator] [5b16bce3] 18:39:26.491 [ReconcilerExecutor-hivemq-controller-109] INFO  c.h.p.o.HiveMQPlatformReconciler - [helmmqtt] Reconciling HiveMQ Platform 'test-hivemq-platform' in namespace 'helmmqttit'
2025-01-29 18:39:26,493 INFO c.h.h.t.HelmChartContainer - [hivemq-test-hivemq-platform] [hivemq-platform-operator] [5b16bce3] 18:39:26.491 [ReconcilerExecutor-hivemq-controller-109] DEBUG c.h.p.o.HiveMQPlatformReconciler - [helmmqtt] Custom Resource Status STARTING - HiveMQ Platform is starting (READY)
2025-01-29 18:39:26,493 INFO c.h.h.t.HelmChartContainer - [hivemq-test-hivemq-platform] [hivemq-platform-operator] [5b16bce3] 18:39:26.491 [ReconcilerExecutor-hivemq-controller-109] DEBUG c.h.p.o.HiveMQPlatformReconciler - [helmmqtt] Custom Resource Spec (replicas: 1) (extensions: 1)
2025-01-29 18:39:26,572 INFO c.h.h.t.HelmChartContainer - [hivemq-test-hivemq-platform] [hivemq-platform-operator] [5b16bce3] 18:39:26.570 [ReconcilerExecutor-hivemq-controller-109] DEBUG c.h.p.o.HiveMQPlatformReconciler - [helmmqtt] StatefulSet Status (revision: test-hivemq-platform-7bbc5894fb, replicas: 1, available: 0, ready: 0, current: 1, updated: 1)
2025-01-29 18:39:26,572 INFO c.h.h.t.HelmChartContainer - [hivemq-test-hivemq-platform] [hivemq-platform-operator] [5b16bce3] 18:39:26.570 [ReconcilerExecutor-hivemq-controller-109] DEBUG c.h.p.o.HiveMQPlatformReconciler - [helmmqtt] StatefulSet Spec (replicas: 1, init containers: 1, containers: 1, volumes: 3)
2025-01-29 18:39:26,574 INFO c.h.h.t.HelmChartContainer - [hivemq-test-hivemq-platform] [hivemq-platform-operator] [5b16bce3] 18:39:26.573 [ReconcilerExecutor-hivemq-controller-109] DEBUG c.h.p.o.h.HiveMQPlatformReconcilerErrorHandler - [helmmqtt] Pod 'test-hivemq-platform-0' phase Running
2025-01-29 18:39:26,574 INFO c.h.h.t.HelmChartContainer - [hivemq-test-hivemq-platform] [hivemq-platform-operator] [5b16bce3] 18:39:26.574 [ReconcilerExecutor-hivemq-controller-109] INFO  c.h.p.o.h.HiveMQPlatformReconcilerBaseHandler - [helmmqtt] HiveMQ Platform is starting, 0 of 1 replicas are ready
2025-01-29 18:39:27,324 INFO c.h.h.t.HelmChartContainer - [test-hivemq-platform] [hivemq] [8b979c3e] WARN  - [HiveMQ Platform Operator Init App 1.7.0-SNAPSHOT] Cannot connect to Health API for readiness: null
2025-01-29 18:39:27,333 INFO c.h.h.t.HelmChartContainer - [EVENT] Warning [Unhealthy] Readiness probe failed: HTTP probe failed with statuscode: 503 [helmmqttit:test-hivemq-platform-0]
2025-01-29 18:39:27,333 INFO c.h.h.t.HelmChartContainer - Received Unhealthy event for container hivemq in pod test-hivemq-platform-0 [8b979c3e-0375-48f8-bb05-4e9f8347dd2f]
2025-01-29 18:39:30,627 INFO c.h.h.t.HelmChartContainer - [test-hivemq-platform] [hivemq] [8b979c3e] Jan 29, 2025 6:39:30 PM io.vertx.core.impl.BlockedThreadChecker
2025-01-29 18:39:30,627 INFO c.h.h.t.HelmChartContainer - [test-hivemq-platform] [hivemq] [8b979c3e] WARNING: Thread Thread[vert.x-eventloop-thread-1,5,main] has been blocked for 2197 ms, time limit is 2000 ms
2025-01-29 18:39:31,622 INFO c.h.h.t.HelmChartContainer - [test-hivemq-platform] [hivemq] [8b979c3e] Jan 29, 2025 6:39:31 PM io.vertx.core.impl.BlockedThreadChecker
2025-01-29 18:39:31,622 INFO c.h.h.t.HelmChartContainer - [test-hivemq-platform] [hivemq] [8b979c3e] WARNING: Thread Thread[vert.x-eventloop-thread-1,5,main] has been blocked for 3198 ms, time limit is 2000 ms
2025-01-29 18:39:31,826 INFO c.h.h.t.HelmChartContainer - [test-hivemq-platform] [hivemq] [8b979c3e] WARN  - [HiveMQ Platform Operator Init App 1.7.0-SNAPSHOT] Cannot connect to Health API for readiness: null
2025-01-29 18:39:31,832 INFO c.h.h.t.HelmChartContainer - [EVENT] Warning [Unhealthy] Readiness probe failed: HTTP probe failed with statuscode: 503 [helmmqttit:test-hivemq-platform-0]
2025-01-29 18:39:31,832 INFO c.h.h.t.HelmChartContainer - Received Unhealthy event for container hivemq in pod test-hivemq-platform-0 [8b979c3e-0375-48f8-bb05-4e9f8347dd2f]
2025-01-29 18:39:31,917 INFO c.h.h.t.HelmChartContainer - [test-hivemq-platform] [hivemq] [8b979c3e] INFO  - [HiveMQ Platform Operator Init App 1.7.0-SNAPSHOT] Updating Pod HiveMQ Platform Operator Init App version annotation (version: 1.7.0-SNAPSHOT)
2025-01-29 18:39:32,539 INFO c.h.h.t.HelmChartContainer - [POD] test-hivemq-platform-0 [8b979c3e-0375-48f8-bb05-4e9f8347dd2f] in helmmqttit was MODIFIED
2025-01-29 18:39:32,547 INFO c.h.h.t.HelmChartContainer - [hivemq-test-hivemq-platform] [hivemq-platform-operator] [5b16bce3] 18:39:32.543 [pool-6-thread-26] DEBUG c.h.p.o.d.PlatformServiceResource - [helmmqtt] Desired Platform services (2 services)
2025-01-29 18:39:32,547 INFO c.h.h.t.HelmChartContainer - [hivemq-test-hivemq-platform] [hivemq-platform-operator] [5b16bce3] 18:39:32.545 [pool-6-thread-22] DEBUG c.h.p.o.dependants.PodInfoConfigMap - [helmmqtt] Desired PodInfo ConfigMap (1 extensions) (1 enabled)
2025-01-29 18:39:32,547 INFO c.h.h.t.HelmChartContainer - [hivemq-test-hivemq-platform] [hivemq-platform-operator] [5b16bce3] 18:39:32.545 [pool-6-thread-23] DEBUG c.h.p.o.d.PodServiceAccountResource - [helmmqtt] Desired PodServiceAccountResource (serviceAccountName: hivemq-platform-pod-test-hivemq-platform)
2025-01-29 18:39:32,548 INFO c.h.h.t.HelmChartContainer - [hivemq-test-hivemq-platform] [hivemq-platform-operator] [5b16bce3] 18:39:32.545 [pool-6-thread-22] DEBUG c.h.p.o.dependants.PodInfoConfigMap - [helmmqtt] Desired PodInfo ConfigMap (metrics port: 9399) (metrics path: /)
2025-01-29 18:39:32,551 INFO c.h.h.t.HelmChartContainer - [hivemq-test-hivemq-platform] [hivemq-platform-operator] [5b16bce3] 18:39:32.548 [pool-6-thread-22] DEBUG c.h.p.o.dependants.PodInfoConfigMap - [helmmqtt] Desired PodInfo ConfigMap (extension state hash: -1817474005)
2025-01-29 18:39:32,552 INFO c.h.h.t.HelmChartContainer - [hivemq-test-hivemq-platform] [hivemq-platform-operator] [5b16bce3] 18:39:32.551 [pool-6-thread-26] DEBUG c.h.p.o.d.StatefulSetResource - [helmmqtt] Desired StatefulSet (1 replicas) for status STARTING (READY)
2025-01-29 18:39:32,625 INFO c.h.h.t.HelmChartContainer - [test-hivemq-platform] [hivemq] [8b979c3e] WARN  - [HiveMQ Platform Operator Init App 1.7.0-SNAPSHOT] Cannot connect to Health API for readiness: null
2025-01-29 18:39:32,626 INFO c.h.h.t.HelmChartContainer - [hivemq-test-hivemq-platform] [hivemq-platform-operator] [5b16bce3] 18:39:32.621 [ReconcilerExecutor-hivemq-controller-110] INFO  c.h.p.o.HiveMQPlatformReconciler - [helmmqtt] Reconciling HiveMQ Platform 'test-hivemq-platform' in namespace 'helmmqttit'
2025-01-29 18:39:32,626 INFO c.h.h.t.HelmChartContainer - [test-hivemq-platform] [hivemq] [8b979c3e] INFO  - [HiveMQ Platform Operator Init App 1.7.0-SNAPSHOT] Successfully updated Pod HiveMQ Platform Operator Init App version annotation (version: 1.7.0-SNAPSHOT)
2025-01-29 18:39:32,628 INFO c.h.h.t.HelmChartContainer - [hivemq-test-hivemq-platform] [hivemq-platform-operator] [5b16bce3] 18:39:32.621 [ReconcilerExecutor-hivemq-controller-110] DEBUG c.h.p.o.HiveMQPlatformReconciler - [helmmqtt] Custom Resource Status STARTING - HiveMQ Platform is starting (READY)
2025-01-29 18:39:32,628 INFO c.h.h.t.HelmChartContainer - [hivemq-test-hivemq-platform] [hivemq-platform-operator] [5b16bce3] 18:39:32.621 [ReconcilerExecutor-hivemq-controller-110] DEBUG c.h.p.o.HiveMQPlatformReconciler - [helmmqtt] Custom Resource Spec (replicas: 1) (extensions: 1)
2025-01-29 18:39:32,629 INFO c.h.h.t.HelmChartContainer - [hivemq-test-hivemq-platform] [hivemq-platform-operator] [5b16bce3] 18:39:32.623 [ReconcilerExecutor-hivemq-controller-110] DEBUG c.h.p.o.HiveMQPlatformReconciler - [helmmqtt] StatefulSet Status (revision: test-hivemq-platform-7bbc5894fb, replicas: 1, available: 0, ready: 0, current: 1, updated: 1)
2025-01-29 18:39:32,629 INFO c.h.h.t.HelmChartContainer - [hivemq-test-hivemq-platform] [hivemq-platform-operator] [5b16bce3] 18:39:32.623 [ReconcilerExecutor-hivemq-controller-110] DEBUG c.h.p.o.HiveMQPlatformReconciler - [helmmqtt] StatefulSet Spec (replicas: 1, init containers: 1, containers: 1, volumes: 3)
2025-01-29 18:39:32,629 INFO c.h.h.t.HelmChartContainer - [hivemq-test-hivemq-platform] [hivemq-platform-operator] [5b16bce3] 18:39:32.627 [ReconcilerExecutor-hivemq-controller-110] DEBUG c.h.p.o.h.HiveMQPlatformReconcilerErrorHandler - [helmmqtt] Pod 'test-hivemq-platform-0' phase Running
2025-01-29 18:39:32,630 INFO c.h.h.t.HelmChartContainer - [hivemq-test-hivemq-platform] [hivemq-platform-operator] [5b16bce3] 18:39:32.628 [ReconcilerExecutor-hivemq-controller-110] INFO  c.h.p.o.h.HiveMQPlatformReconcilerBaseHandler - [helmmqtt] HiveMQ Platform is starting, 0 of 1 replicas are ready
2025-01-29 18:39:32,637 INFO c.h.h.t.HelmChartContainer - [EVENT] Warning [Unhealthy] Readiness probe failed: HTTP probe failed with statuscode: 503 [helmmqttit:test-hivemq-platform-0]
2025-01-29 18:39:32,637 INFO c.h.h.t.HelmChartContainer - Received Unhealthy event for container hivemq in pod test-hivemq-platform-0 [8b979c3e-0375-48f8-bb05-4e9f8347dd2f]
2025-01-29 18:39:37,619 INFO c.h.h.t.HelmChartContainer - [test-hivemq-platform] [hivemq] [8b979c3e] WARN  - [HiveMQ Platform Operator Init App 1.7.0-SNAPSHOT] Cannot connect to Health API for readiness: null
2025-01-29 18:39:37,624 INFO c.h.h.t.HelmChartContainer - [EVENT] Warning [Unhealthy] Readiness probe failed: HTTP probe failed with statuscode: 503 [helmmqttit:test-hivemq-platform-0]
2025-01-29 18:39:37,624 INFO c.h.h.t.HelmChartContainer - Received Unhealthy event for container hivemq in pod test-hivemq-platform-0 [8b979c3e-0375-48f8-bb05-4e9f8347dd2f]
2025-01-29 18:39:42,619 INFO c.h.h.t.HelmChartContainer - [test-hivemq-platform] [hivemq] [8b979c3e] WARN  - [HiveMQ Platform Operator Init App 1.7.0-SNAPSHOT] Cannot connect to Health API for readiness: null
2025-01-29 18:39:42,623 INFO c.h.h.t.HelmChartContainer - [EVENT] Warning [Unhealthy] Readiness probe failed: HTTP probe failed with statuscode: 503 [helmmqttit:test-hivemq-platform-0]
2025-01-29 18:39:42,624 INFO c.h.h.t.HelmChartContainer - Received Unhealthy event for container hivemq in pod test-hivemq-platform-0 [8b979c3e-0375-48f8-bb05-4e9f8347dd2f]
2025-01-29 18:39:42,636 INFO c.h.h.t.HelmChartContainer - [hivemq-test-hivemq-platform] [hivemq-platform-operator] [5b16bce3] 18:39:42.634 [pool-6-thread-32] DEBUG c.h.p.o.d.PlatformServiceResource - [helmmqtt] Desired Platform services (2 services)
2025-01-29 18:39:42,638 INFO c.h.h.t.HelmChartContainer - [hivemq-test-hivemq-platform] [hivemq-platform-operator] [5b16bce3] 18:39:42.637 [pool-6-thread-34] DEBUG c.h.p.o.d.PodServiceAccountResource - [helmmqtt] Desired PodServiceAccountResource (serviceAccountName: hivemq-platform-pod-test-hivemq-platform)
2025-01-29 18:39:42,640 INFO c.h.h.t.HelmChartContainer - [hivemq-test-hivemq-platform] [hivemq-platform-operator] [5b16bce3] 18:39:42.636 [pool-6-thread-36] DEBUG c.h.p.o.dependants.PodInfoConfigMap - [helmmqtt] Desired PodInfo ConfigMap (1 extensions) (1 enabled)
2025-01-29 18:39:42,641 INFO c.h.h.t.HelmChartContainer - [hivemq-test-hivemq-platform] [hivemq-platform-operator] [5b16bce3] 18:39:42.639 [pool-6-thread-36] DEBUG c.h.p.o.dependants.PodInfoConfigMap - [helmmqtt] Desired PodInfo ConfigMap (metrics port: 9399) (metrics path: /)
2025-01-29 18:39:42,641 INFO c.h.h.t.HelmChartContainer - [hivemq-test-hivemq-platform] [hivemq-platform-operator] [5b16bce3] 18:39:42.640 [pool-6-thread-36] DEBUG c.h.p.o.dependants.PodInfoConfigMap - [helmmqtt] Desired PodInfo ConfigMap (extension state hash: -1817474005)
2025-01-29 18:39:42,643 INFO c.h.h.t.HelmChartContainer - [hivemq-test-hivemq-platform] [hivemq-platform-operator] [5b16bce3] 18:39:42.642 [pool-6-thread-36] DEBUG c.h.p.o.d.StatefulSetResource - [helmmqtt] Desired StatefulSet (1 replicas) for status STARTING (READY)
2025-01-29 18:39:42,647 INFO c.h.h.t.HelmChartContainer - [hivemq-test-hivemq-platform] [hivemq-platform-operator] [5b16bce3] 18:39:42.647 [ReconcilerExecutor-hivemq-controller-111] INFO  c.h.p.o.HiveMQPlatformReconciler - [helmmqtt] Reconciling HiveMQ Platform 'test-hivemq-platform' in namespace 'helmmqttit'
2025-01-29 18:39:42,648 INFO c.h.h.t.HelmChartContainer - [hivemq-test-hivemq-platform] [hivemq-platform-operator] [5b16bce3] 18:39:42.647 [ReconcilerExecutor-hivemq-controller-111] DEBUG c.h.p.o.HiveMQPlatformReconciler - [helmmqtt] Custom Resource Status STARTING - HiveMQ Platform is starting (READY)
2025-01-29 18:39:42,649 INFO c.h.h.t.HelmChartContainer - [hivemq-test-hivemq-platform] [hivemq-platform-operator] [5b16bce3] 18:39:42.647 [ReconcilerExecutor-hivemq-controller-111] DEBUG c.h.p.o.HiveMQPlatformReconciler - [helmmqtt] Custom Resource Spec (replicas: 1) (extensions: 1)
2025-01-29 18:39:42,649 INFO c.h.h.t.HelmChartContainer - [hivemq-test-hivemq-platform] [hivemq-platform-operator] [5b16bce3] 18:39:42.648 [ReconcilerExecutor-hivemq-controller-111] DEBUG c.h.p.o.HiveMQPlatformReconciler - [helmmqtt] StatefulSet Status (revision: test-hivemq-platform-7bbc5894fb, replicas: 1, available: 0, ready: 0, current: 1, updated: 1)
2025-01-29 18:39:42,649 INFO c.h.h.t.HelmChartContainer - [hivemq-test-hivemq-platform] [hivemq-platform-operator] [5b16bce3] 18:39:42.648 [ReconcilerExecutor-hivemq-controller-111] DEBUG c.h.p.o.HiveMQPlatformReconciler - [helmmqtt] StatefulSet Spec (replicas: 1, init containers: 1, containers: 1, volumes: 3)
2025-01-29 18:39:42,651 INFO c.h.h.t.HelmChartContainer - [hivemq-test-hivemq-platform] [hivemq-platform-operator] [5b16bce3] 18:39:42.650 [ReconcilerExecutor-hivemq-controller-111] DEBUG c.h.p.o.h.HiveMQPlatformReconcilerErrorHandler - [helmmqtt] Pod 'test-hivemq-platform-0' phase Running
2025-01-29 18:39:42,652 INFO c.h.h.t.HelmChartContainer - [hivemq-test-hivemq-platform] [hivemq-platform-operator] [5b16bce3] 18:39:42.651 [ReconcilerExecutor-hivemq-controller-111] INFO  c.h.p.o.h.HiveMQPlatformReconcilerBaseHandler - [helmmqtt] HiveMQ Platform is starting, 0 of 1 replicas are ready
2025-01-29 18:39:43,120 INFO c.h.h.t.HelmChartContainer - [test-hivemq-platform] [hivemq] [8b979c3e] WARN  - [HiveMQ Platform Operator Init App 1.7.0-SNAPSHOT] Cannot connect to Health API for liveness: null
2025-01-29 18:39:43,120 INFO c.h.h.t.HelmChartContainer - [test-hivemq-platform] [hivemq] [8b979c3e] INFO  - [HiveMQ Platform Operator Init App 1.7.0-SNAPSHOT] Returning default Health API response 200 for liveness
2025-01-29 18:39:44,417 INFO c.h.h.t.HelmChartContainer - [test-hivemq-platform] [hivemq] [8b979c3e] INFO  - No valid license file found. Using trial license, restricted to 25 connections.
2025-01-29 18:39:47,220 INFO c.h.h.t.HelmChartContainer - [test-hivemq-platform] [hivemq] [8b979c3e] INFO  - No valid license file for Data Hub found. Using free license, restricted to 1 policy.
2025-01-29 18:39:47,623 INFO c.h.h.t.HelmChartContainer - [test-hivemq-platform] [hivemq] [8b979c3e] WARN  - [HiveMQ Platform Operator Init App 1.7.0-SNAPSHOT] Cannot connect to Health API for readiness: null
2025-01-29 18:39:47,628 INFO c.h.h.t.HelmChartContainer - [EVENT] Warning [Unhealthy] Readiness probe failed: HTTP probe failed with statuscode: 503 [helmmqttit:test-hivemq-platform-0]
2025-01-29 18:39:47,628 INFO c.h.h.t.HelmChartContainer - Received Unhealthy event for container hivemq in pod test-hivemq-platform-0 [8b979c3e-0375-48f8-bb05-4e9f8347dd2f]
2025-01-29 18:39:48,427 INFO c.h.h.t.HelmChartContainer - [test-hivemq-platform] [hivemq] [8b979c3e] INFO  - Audit Logger started.
2025-01-29 18:39:48,658 INFO c.h.h.t.HelmChartContainer - [test-hivemq-platform] [hivemq] [8b979c3e] INFO  - This node uses '1' CPU cores.
2025-01-29 18:39:48,716 INFO c.h.h.t.HelmChartContainer - [test-hivemq-platform] [hivemq] [8b979c3e] INFO  - Starting HiveMQ Health API on address 0.0.0.0 and port 8889
2025-01-29 18:39:49,532 INFO c.h.h.t.HelmChartContainer - [test-hivemq-platform] [hivemq] [8b979c3e] INFO  - Started HiveMQ Health API in 855ms
2025-01-29 18:39:50,148 INFO c.h.h.t.HelmChartContainer - [test-hivemq-platform] [hivemq] [8b979c3e] INFO  - Starting HiveMQ extension system.
2025-01-29 18:39:50,422 INFO c.h.h.t.HelmChartContainer - [test-hivemq-platform] [hivemq] [8b979c3e] INFO  - Starting extension with id "hivemq-dns-cluster-discovery" at /opt/hivemq/extensions/hivemq-dns-cluster-discovery
2025-01-29 18:39:50,836 INFO c.h.h.t.HelmChartContainer - [test-hivemq-platform] [hivemq] [8b979c3e] INFO  - Using TCP cluster transport on address 10.42.0.8 and port 7000
2025-01-29 18:39:50,920 INFO c.h.h.t.HelmChartContainer - [test-hivemq-platform] [hivemq] [8b979c3e] INFO  - Using extension cluster discovery
2025-01-29 18:39:51,023 INFO c.h.h.t.HelmChartContainer - [test-hivemq-platform] [hivemq] [8b979c3e] INFO  - Extension "DNS Cluster Discovery Extension" version 4.3.2 started successfully.
2025-01-29 18:39:51,023 INFO c.h.h.t.HelmChartContainer - [test-hivemq-platform] [hivemq] [8b979c3e] INFO  - Starting extension with id "hivemq-prometheus-extension" at /opt/hivemq/extensions/hivemq-prometheus-extension
2025-01-29 18:39:51,920 INFO c.h.h.t.HelmChartContainer - [test-hivemq-platform] [hivemq] [8b979c3e] INFO  - Started Jetty Server exposing Prometheus Servlet on URI http://0.0.0.0:9399/
2025-01-29 18:39:51,920 INFO c.h.h.t.HelmChartContainer - [test-hivemq-platform] [hivemq] [8b979c3e] INFO  - Extension "Prometheus Monitoring Extension" version 4.0.12 started successfully.
2025-01-29 18:39:51,920 INFO c.h.h.t.HelmChartContainer - [test-hivemq-platform] [hivemq] [8b979c3e] INFO  - Starting extension with id "hivemq-allow-all-extension" at /opt/hivemq/extensions/hivemq-allow-all-extension
2025-01-29 18:39:51,920 INFO c.h.h.t.HelmChartContainer - [test-hivemq-platform] [hivemq] [8b979c3e] WARN  - 
2025-01-29 18:39:51,920 INFO c.h.h.t.HelmChartContainer - [test-hivemq-platform] [hivemq] [8b979c3e] ################################################################################################################
2025-01-29 18:39:51,920 INFO c.h.h.t.HelmChartContainer - [test-hivemq-platform] [hivemq] [8b979c3e] # This HiveMQ deployment is not secure! You are lacking Authentication and Authorization.                      #
2025-01-29 18:39:51,920 INFO c.h.h.t.HelmChartContainer - [test-hivemq-platform] [hivemq] [8b979c3e] # Right now any MQTT client can connect to the broker with a full set of permissions.                          #
2025-01-29 18:39:51,920 INFO c.h.h.t.HelmChartContainer - [test-hivemq-platform] [hivemq] [8b979c3e] # For production usage, add an appropriate security extension and remove the hivemq-allow-all extension.       #
2025-01-29 18:39:51,920 INFO c.h.h.t.HelmChartContainer - [test-hivemq-platform] [hivemq] [8b979c3e] # You can download security extensions from the HiveMQ Marketplace (https://www.hivemq.com/extensions/).       #
2025-01-29 18:39:51,920 INFO c.h.h.t.HelmChartContainer - [test-hivemq-platform] [hivemq] [8b979c3e] ################################################################################################################
2025-01-29 18:39:51,921 INFO c.h.h.t.HelmChartContainer - [test-hivemq-platform] [hivemq] [8b979c3e] INFO  - Extension "Allow All Extension" version 1.1.1 started successfully.
2025-01-29 18:39:52,656 INFO c.h.h.t.HelmChartContainer - [hivemq-test-hivemq-platform] [hivemq-platform-operator] [5b16bce3] 18:39:52.655 [pool-6-thread-47] DEBUG c.h.p.o.d.PodServiceAccountResource - [helmmqtt] Desired PodServiceAccountResource (serviceAccountName: hivemq-platform-pod-test-hivemq-platform)
2025-01-29 18:39:52,658 INFO c.h.h.t.HelmChartContainer - [hivemq-test-hivemq-platform] [hivemq-platform-operator] [5b16bce3] 18:39:52.655 [pool-6-thread-41] DEBUG c.h.p.o.dependants.PodInfoConfigMap - [helmmqtt] Desired PodInfo ConfigMap (1 extensions) (1 enabled)
2025-01-29 18:39:52,659 INFO c.h.h.t.HelmChartContainer - [hivemq-test-hivemq-platform] [hivemq-platform-operator] [5b16bce3] 18:39:52.655 [pool-6-thread-41] DEBUG c.h.p.o.dependants.PodInfoConfigMap - [helmmqtt] Desired PodInfo ConfigMap (metrics port: 9399) (metrics path: /)
2025-01-29 18:39:52,659 INFO c.h.h.t.HelmChartContainer - [hivemq-test-hivemq-platform] [hivemq-platform-operator] [5b16bce3] 18:39:52.656 [pool-6-thread-41] DEBUG c.h.p.o.dependants.PodInfoConfigMap - [helmmqtt] Desired PodInfo ConfigMap (extension state hash: -1817474005)
2025-01-29 18:39:52,659 INFO c.h.h.t.HelmChartContainer - [hivemq-test-hivemq-platform] [hivemq-platform-operator] [5b16bce3] 18:39:52.656 [pool-6-thread-48] DEBUG c.h.p.o.d.PlatformServiceResource - [helmmqtt] Desired Platform services (2 services)
2025-01-29 18:39:52,666 INFO c.h.h.t.HelmChartContainer - [hivemq-test-hivemq-platform] [hivemq-platform-operator] [5b16bce3] 18:39:52.665 [pool-6-thread-46] DEBUG c.h.p.o.d.StatefulSetResource - [helmmqtt] Desired StatefulSet (1 replicas) for status STARTING (READY)
2025-01-29 18:39:52,672 INFO c.h.h.t.HelmChartContainer - [hivemq-test-hivemq-platform] [hivemq-platform-operator] [5b16bce3] 18:39:52.671 [ReconcilerExecutor-hivemq-controller-112] INFO  c.h.p.o.HiveMQPlatformReconciler - [helmmqtt] Reconciling HiveMQ Platform 'test-hivemq-platform' in namespace 'helmmqttit'
2025-01-29 18:39:52,672 INFO c.h.h.t.HelmChartContainer - [hivemq-test-hivemq-platform] [hivemq-platform-operator] [5b16bce3] 18:39:52.671 [ReconcilerExecutor-hivemq-controller-112] DEBUG c.h.p.o.HiveMQPlatformReconciler - [helmmqtt] Custom Resource Status STARTING - HiveMQ Platform is starting (READY)
2025-01-29 18:39:52,673 INFO c.h.h.t.HelmChartContainer - [hivemq-test-hivemq-platform] [hivemq-platform-operator] [5b16bce3] 18:39:52.671 [ReconcilerExecutor-hivemq-controller-112] DEBUG c.h.p.o.HiveMQPlatformReconciler - [helmmqtt] Custom Resource Spec (replicas: 1) (extensions: 1)
2025-01-29 18:39:52,674 INFO c.h.h.t.HelmChartContainer - [hivemq-test-hivemq-platform] [hivemq-platform-operator] [5b16bce3] 18:39:52.673 [ReconcilerExecutor-hivemq-controller-112] DEBUG c.h.p.o.HiveMQPlatformReconciler - [helmmqtt] StatefulSet Status (revision: test-hivemq-platform-7bbc5894fb, replicas: 1, available: 0, ready: 0, current: 1, updated: 1)
2025-01-29 18:39:52,674 INFO c.h.h.t.HelmChartContainer - [hivemq-test-hivemq-platform] [hivemq-platform-operator] [5b16bce3] 18:39:52.673 [ReconcilerExecutor-hivemq-controller-112] DEBUG c.h.p.o.HiveMQPlatformReconciler - [helmmqtt] StatefulSet Spec (replicas: 1, init containers: 1, containers: 1, volumes: 3)
2025-01-29 18:39:52,724 INFO c.h.h.t.HelmChartContainer - [hivemq-test-hivemq-platform] [hivemq-platform-operator] [5b16bce3] 18:39:52.722 [ReconcilerExecutor-hivemq-controller-112] DEBUG c.h.p.o.h.HiveMQPlatformReconcilerErrorHandler - [helmmqtt] Pod 'test-hivemq-platform-0' phase Running
2025-01-29 18:39:52,730 INFO c.h.h.t.HelmChartContainer - [hivemq-test-hivemq-platform] [hivemq-platform-operator] [5b16bce3] 18:39:52.723 [ReconcilerExecutor-hivemq-controller-112] INFO  c.h.p.o.h.HiveMQPlatformReconcilerBaseHandler - [helmmqtt] HiveMQ Platform is starting, 0 of 1 replicas are ready
2025-01-29 18:39:53,026 INFO c.h.h.t.HelmChartContainer - [test-hivemq-platform] [hivemq] [8b979c3e] INFO  - [HiveMQ Platform Operator Init App 1.7.0-SNAPSHOT] Returning Health API response 503 for readiness
2025-01-29 18:39:53,030 INFO c.h.h.t.HelmChartContainer - [EVENT] Warning [Unhealthy] Readiness probe failed: HTTP probe failed with statuscode: 503 [helmmqttit:test-hivemq-platform-0]
2025-01-29 18:39:53,030 INFO c.h.h.t.HelmChartContainer - Received Unhealthy event for container hivemq in pod test-hivemq-platform-0 [8b979c3e-0375-48f8-bb05-4e9f8347dd2f]
2025-01-29 18:39:54,077 INFO c.h.h.t.HelmChartContainer - [test-hivemq-platform] [hivemq] [8b979c3e] INFO  - UILtR: no members discovered after 2751 ms: creating cluster as first member
2025-01-29 18:39:54,083 INFO c.h.h.t.HelmChartContainer - [test-hivemq-platform] [hivemq] [8b979c3e] INFO  - Cluster nodes found by discovery: [UILtR|0] (1) [UILtR].
2025-01-29 18:39:54,176 INFO c.h.h.t.HelmChartContainer - [test-hivemq-platform] [hivemq] [8b979c3e] WARN  - No user for HiveMQ Control Center configured. Starting with default user
2025-01-29 18:39:54,176 INFO c.h.h.t.HelmChartContainer - [test-hivemq-platform] [hivemq] [8b979c3e] INFO  - Starting HiveMQ Control Center on address 127.0.0.1 and port 8080
2025-01-29 18:39:54,177 INFO c.h.h.t.HelmChartContainer - [test-hivemq-platform] [hivemq] [8b979c3e] INFO  - Mounting HiveMQ Control Center V2 Preview
2025-01-29 18:39:54,774 INFO c.h.h.t.HelmChartContainer - [test-hivemq-platform] [hivemq] [8b979c3e] INFO  - Started HiveMQ Control Center in 597ms
2025-01-29 18:39:54,788 INFO c.h.h.t.HelmChartContainer - [test-hivemq-platform] [hivemq] [8b979c3e] INFO  - Starting TCP listener on address 0.0.0.0 and port 1884
2025-01-29 18:39:54,876 INFO c.h.h.t.HelmChartContainer - [test-hivemq-platform] [hivemq] [8b979c3e] INFO  - Started TCP Listener on address 0.0.0.0 and on port 1884.
2025-01-29 18:39:54,877 INFO c.h.h.t.HelmChartContainer - [test-hivemq-platform] [hivemq] [8b979c3e] INFO  - Started HiveMQ in 30941ms
2025-01-29 18:39:57,543 INFO c.h.h.t.HelmChartContainer - [test-hivemq-platform] [hivemq] [8b979c3e] INFO  - [HiveMQ Platform Operator Init App 1.7.0-SNAPSHOT] Returning Health API response 200 for readiness
2025-01-29 18:39:57,558 INFO c.h.h.t.HelmChartContainer - [POD] test-hivemq-platform-0 [8b979c3e-0375-48f8-bb05-4e9f8347dd2f] in helmmqttit was MODIFIED
2025-01-29 18:39:57,579 INFO c.h.h.t.HelmChartContainer - [hivemq-test-hivemq-platform] [hivemq-platform-operator] [5b16bce3] 18:39:57.561 [pool-6-thread-3] DEBUG c.h.p.o.d.PlatformServiceResource - [helmmqtt] Desired Platform services (2 services)
2025-01-29 18:39:57,579 INFO c.h.h.t.HelmChartContainer - [hivemq-test-hivemq-platform] [hivemq-platform-operator] [5b16bce3] 18:39:57.569 [pool-6-thread-4] DEBUG c.h.p.o.dependants.PodInfoConfigMap - [helmmqtt] Desired PodInfo ConfigMap (1 extensions) (1 enabled)
2025-01-29 18:39:57,579 INFO c.h.h.t.HelmChartContainer - [hivemq-test-hivemq-platform] [hivemq-platform-operator] [5b16bce3] 18:39:57.571 [pool-6-thread-4] DEBUG c.h.p.o.dependants.PodInfoConfigMap - [helmmqtt] Desired PodInfo ConfigMap (metrics port: 9399) (metrics path: /)
2025-01-29 18:39:57,579 INFO c.h.h.t.HelmChartContainer - [hivemq-test-hivemq-platform] [hivemq-platform-operator] [5b16bce3] 18:39:57.572 [pool-6-thread-4] DEBUG c.h.p.o.dependants.PodInfoConfigMap - [helmmqtt] Desired PodInfo ConfigMap (extension state hash: -1817474005)
2025-01-29 18:39:57,579 INFO c.h.h.t.HelmChartContainer - [hivemq-test-hivemq-platform] [hivemq-platform-operator] [5b16bce3] 18:39:57.576 [pool-6-thread-8] DEBUG c.h.p.o.d.PodServiceAccountResource - [helmmqtt] Desired PodServiceAccountResource (serviceAccountName: hivemq-platform-pod-test-hivemq-platform)
2025-01-29 18:39:57,588 INFO c.h.h.t.HelmChartContainer - [hivemq-test-hivemq-platform] [hivemq-platform-operator] [5b16bce3] 18:39:57.587 [pool-6-thread-3] DEBUG c.h.p.o.d.StatefulSetResource - [helmmqtt] Desired StatefulSet (1 replicas) for status STARTING (READY)
2025-01-29 18:39:57,622 INFO c.h.h.t.HelmChartContainer - [hivemq-test-hivemq-platform] [hivemq-platform-operator] [5b16bce3] 18:39:57.621 [ReconcilerExecutor-hivemq-controller-113] INFO  c.h.p.o.HiveMQPlatformReconciler - [helmmqtt] Reconciling HiveMQ Platform 'test-hivemq-platform' in namespace 'helmmqttit'
2025-01-29 18:39:57,623 INFO c.h.h.t.HelmChartContainer - [hivemq-test-hivemq-platform] [hivemq-platform-operator] [5b16bce3] 18:39:57.621 [ReconcilerExecutor-hivemq-controller-113] DEBUG c.h.p.o.HiveMQPlatformReconciler - [helmmqtt] Custom Resource Status STARTING - HiveMQ Platform is starting (READY)
2025-01-29 18:39:57,623 INFO c.h.h.t.HelmChartContainer - [hivemq-test-hivemq-platform] [hivemq-platform-operator] [5b16bce3] 18:39:57.622 [ReconcilerExecutor-hivemq-controller-113] DEBUG c.h.p.o.HiveMQPlatformReconciler - [helmmqtt] Custom Resource Spec (replicas: 1) (extensions: 1)
2025-01-29 18:39:57,624 INFO c.h.h.t.HelmChartContainer - [hivemq-test-hivemq-platform] [hivemq-platform-operator] [5b16bce3] 18:39:57.624 [ReconcilerExecutor-hivemq-controller-113] DEBUG c.h.p.o.HiveMQPlatformReconciler - [helmmqtt] StatefulSet Status (revision: test-hivemq-platform-7bbc5894fb, replicas: 1, available: 1, ready: 1, current: 1, updated: 1)
2025-01-29 18:39:57,625 INFO c.h.h.t.HelmChartContainer - [hivemq-test-hivemq-platform] [hivemq-platform-operator] [5b16bce3] 18:39:57.624 [ReconcilerExecutor-hivemq-controller-113] DEBUG c.h.p.o.HiveMQPlatformReconciler - [helmmqtt] StatefulSet Spec (replicas: 1, init containers: 1, containers: 1, volumes: 3)
2025-01-29 18:39:57,626 INFO c.h.h.t.HelmChartContainer - [hivemq-test-hivemq-platform] [hivemq-platform-operator] [5b16bce3] 18:39:57.625 [ReconcilerExecutor-hivemq-controller-113] DEBUG c.h.p.o.h.HiveMQPlatformReconcilerErrorHandler - [helmmqtt] Pod 'test-hivemq-platform-0' phase Running
2025-01-29 18:39:57,627 INFO c.h.h.t.HelmChartContainer - [hivemq-test-hivemq-platform] [hivemq-platform-operator] [5b16bce3] 18:39:57.626 [ReconcilerExecutor-hivemq-controller-113] INFO  c.h.p.o.h.HiveMQPlatformReconcilerBaseHandler - [helmmqtt] HiveMQ Platform started successfully
2025-01-29 18:39:57,730 INFO c.h.h.t.HelmChartContainer - [hivemq-test-hivemq-platform] [hivemq-platform-operator] [5b16bce3] 18:39:57.729 [ReconcilerExecutor-hivemq-controller-113] DEBUG c.h.p.operator.event.EventSender - [helmmqtt] Creating K8s event hivemq-platform-ready: [Ready] HiveMQ Platform is ready
2025-01-29 18:39:57,773 INFO c.h.h.t.HelmChartContainer - [EVENT] Normal [Ready] HiveMQ Platform is ready [helmmqttit:test-hivemq-platform]
2025-01-29 18:39:57,774 INFO c.h.h.t.HelmChartContainer - [hivemq-test-hivemq-platform] [hivemq-platform-operator] [5b16bce3] 18:39:57.773 [ReconcilerExecutor-hivemq-controller-113] INFO  c.h.p.o.h.AbstractHiveMQReconcilerStateHandler - [helmmqtt] Update HiveMQ Platform Status (STARTING [READY] -> RUNNING [READY]): HiveMQ Platform is ready
2025-01-29 18:39:57,782 DEBUG com.hivemq.helmcharts.util.K8sUtil - Comparing actual state 'RUNNING' and waiting for 'RUNNING'
2025-01-29 18:39:57,825 INFO c.h.h.t.HelmChartContainer - [hivemq-test-hivemq-platform] [hivemq-platform-operator] [5b16bce3] 18:39:57.822 [pool-6-thread-18] DEBUG c.h.p.o.d.PlatformServiceResource - [helmmqtt] Desired Platform services (2 services)
2025-01-29 18:39:57,825 INFO c.h.h.t.HelmChartContainer - [hivemq-test-hivemq-platform] [hivemq-platform-operator] [5b16bce3] 18:39:57.824 [pool-6-thread-15] DEBUG c.h.p.o.d.PodServiceAccountResource - [helmmqtt] Desired PodServiceAccountResource (serviceAccountName: hivemq-platform-pod-test-hivemq-platform)
2025-01-29 18:39:57,826 INFO c.h.h.t.HelmChartContainer - [hivemq-test-hivemq-platform] [hivemq-platform-operator] [5b16bce3] 18:39:57.825 [pool-6-thread-19] DEBUG c.h.p.o.dependants.PodInfoConfigMap - [helmmqtt] Desired PodInfo ConfigMap (1 extensions) (1 enabled)
2025-01-29 18:39:57,826 INFO c.h.h.t.HelmChartContainer - [hivemq-test-hivemq-platform] [hivemq-platform-operator] [5b16bce3] 18:39:57.826 [pool-6-thread-19] DEBUG c.h.p.o.dependants.PodInfoConfigMap - [helmmqtt] Desired PodInfo ConfigMap (metrics port: 9399) (metrics path: /)
2025-01-29 18:39:57,827 INFO c.h.h.t.HelmChartContainer - [hivemq-test-hivemq-platform] [hivemq-platform-operator] [5b16bce3] 18:39:57.826 [pool-6-thread-19] DEBUG c.h.p.o.dependants.PodInfoConfigMap - [helmmqtt] Desired PodInfo ConfigMap (extension state hash: -1817474005)
2025-01-29 18:39:57,827 INFO c.h.h.t.HelmChartContainer - [hivemq-test-hivemq-platform] [hivemq-platform-operator] [5b16bce3] 18:39:57.827 [pool-6-thread-19] DEBUG c.h.p.o.dependants.PodInfoConfigMap - [helmmqtt] Update PodInfo ConfigMap
2025-01-29 18:39:57,877 INFO c.h.h.t.HelmChartContainer - [hivemq-test-hivemq-platform] [hivemq-platform-operator] [5b16bce3] 18:39:57.876 [pool-6-thread-19] DEBUG c.h.p.o.d.StatefulSetResource - [helmmqtt] Desired StatefulSet (1 replicas) for status RUNNING (READY)
2025-01-29 18:39:57,923 INFO c.h.h.t.HelmChartContainer - [hivemq-test-hivemq-platform] [hivemq-platform-operator] [5b16bce3] 18:39:57.921 [ReconcilerExecutor-hivemq-controller-114] INFO  c.h.p.o.HiveMQPlatformReconciler - [helmmqtt] Reconciling HiveMQ Platform 'test-hivemq-platform' in namespace 'helmmqttit'
2025-01-29 18:39:57,923 INFO c.h.h.t.HelmChartContainer - [hivemq-test-hivemq-platform] [hivemq-platform-operator] [5b16bce3] 18:39:57.921 [ReconcilerExecutor-hivemq-controller-114] DEBUG c.h.p.o.HiveMQPlatformReconciler - [helmmqtt] Custom Resource Status RUNNING - HiveMQ Platform is ready (READY)
2025-01-29 18:39:57,923 INFO c.h.h.t.HelmChartContainer - [hivemq-test-hivemq-platform] [hivemq-platform-operator] [5b16bce3] 18:39:57.921 [ReconcilerExecutor-hivemq-controller-114] DEBUG c.h.p.o.HiveMQPlatformReconciler - [helmmqtt] Custom Resource Spec (replicas: 1) (extensions: 1)
2025-01-29 18:39:57,924 INFO c.h.h.t.HelmChartContainer - [hivemq-test-hivemq-platform] [hivemq-platform-operator] [5b16bce3] 18:39:57.923 [ReconcilerExecutor-hivemq-controller-114] DEBUG c.h.p.o.HiveMQPlatformReconciler - [helmmqtt] StatefulSet Status (revision: test-hivemq-platform-7bbc5894fb, replicas: 1, available: 1, ready: 1, current: 1, updated: 1)
2025-01-29 18:39:57,925 INFO c.h.h.t.HelmChartContainer - [hivemq-test-hivemq-platform] [hivemq-platform-operator] [5b16bce3] 18:39:57.923 [ReconcilerExecutor-hivemq-controller-114] DEBUG c.h.p.o.HiveMQPlatformReconciler - [helmmqtt] StatefulSet Spec (replicas: 1, init containers: 1, containers: 1, volumes: 3)
2025-01-29 18:39:57,926 INFO c.h.h.t.HelmChartContainer - [hivemq-test-hivemq-platform] [hivemq-platform-operator] [5b16bce3] 18:39:57.925 [ReconcilerExecutor-hivemq-controller-114] DEBUG c.h.p.o.h.HiveMQPlatformReconcilerErrorHandler - [helmmqtt] Pod 'test-hivemq-platform-0' phase Running
2025-01-29 18:40:02,783 INFO c.h.h.t.HelmChartContainer - Uninstalling release 'test-hivemq-platform' in namespace 'helmmqttit'...
2025-01-29 18:40:02,783 DEBUG c.h.h.t.HelmChartContainer - Executing helm command: /bin/helm --kubeconfig /etc/rancher/k3s/k3s.yaml uninstall test-hivemq-platform  --wait --timeout 5m0s --cascade foreground --namespace helmmqttit
2025-01-29 18:40:02,981 INFO c.h.h.t.HelmChartContainer - [hivemq-test-hivemq-platform] [hivemq-platform-operator] [5b16bce3] 18:40:02.977 [pool-6-thread-23] DEBUG c.h.p.o.d.PlatformServiceResource - [helmmqtt] Desired Platform services (2 services)
2025-01-29 18:40:02,992 INFO c.h.h.t.HelmChartContainer - [hivemq-test-hivemq-platform] [hivemq-platform-operator] [5b16bce3] 18:40:02.979 [pool-6-thread-24] DEBUG c.h.p.o.d.PodServiceAccountResource - [helmmqtt] Desired PodServiceAccountResource (serviceAccountName: hivemq-platform-pod-test-hivemq-platform)
2025-01-29 18:40:02,992 INFO c.h.h.t.HelmChartContainer - [hivemq-test-hivemq-platform] [hivemq-platform-operator] [5b16bce3] 18:40:02.979 [pool-6-thread-25] DEBUG c.h.p.o.dependants.PodInfoConfigMap - [helmmqtt] Desired PodInfo ConfigMap (1 extensions) (1 enabled)
2025-01-29 18:40:02,992 INFO c.h.h.t.HelmChartContainer - [hivemq-test-hivemq-platform] [hivemq-platform-operator] [5b16bce3] 18:40:02.979 [pool-6-thread-25] DEBUG c.h.p.o.dependants.PodInfoConfigMap - [helmmqtt] Desired PodInfo ConfigMap (metrics port: 9399) (metrics path: /)
2025-01-29 18:40:02,992 INFO c.h.h.t.HelmChartContainer - [hivemq-test-hivemq-platform] [hivemq-platform-operator] [5b16bce3] 18:40:02.979 [pool-6-thread-25] DEBUG c.h.p.o.dependants.PodInfoConfigMap - [helmmqtt] Desired PodInfo ConfigMap (extension state hash: -1817474005)
2025-01-29 18:40:02,992 INFO c.h.h.t.HelmChartContainer - [hivemq-test-hivemq-platform] [hivemq-platform-operator] [5b16bce3] 18:40:02.985 [pool-6-thread-24] DEBUG c.h.p.o.d.StatefulSetResource - [helmmqtt] Desired StatefulSet (1 replicas) for status RUNNING (READY)
2025-01-29 18:40:03,023 INFO c.h.h.t.HelmChartContainer - [hivemq-test-hivemq-platform] [hivemq-platform-operator] [5b16bce3] 18:40:03.021 [ReconcilerExecutor-hivemq-controller-115] INFO  c.h.p.o.HiveMQPlatformReconciler - [helmmqtt] Reconciling HiveMQ Platform 'test-hivemq-platform' in namespace 'helmmqttit'
2025-01-29 18:40:03,024 INFO c.h.h.t.HelmChartContainer - [hivemq-test-hivemq-platform] [hivemq-platform-operator] [5b16bce3] 18:40:03.021 [ReconcilerExecutor-hivemq-controller-115] DEBUG c.h.p.o.HiveMQPlatformReconciler - [helmmqtt] Custom Resource Status RUNNING - HiveMQ Platform is ready (READY)
2025-01-29 18:40:03,024 INFO c.h.h.t.HelmChartContainer - [hivemq-test-hivemq-platform] [hivemq-platform-operator] [5b16bce3] 18:40:03.021 [ReconcilerExecutor-hivemq-controller-115] DEBUG c.h.p.o.HiveMQPlatformReconciler - [helmmqtt] Custom Resource Spec (replicas: 1) (extensions: 1)
2025-01-29 18:40:03,024 INFO c.h.h.t.HelmChartContainer - [hivemq-test-hivemq-platform] [hivemq-platform-operator] [5b16bce3] 18:40:03.022 [ReconcilerExecutor-hivemq-controller-115] WARN  c.h.p.o.h.HiveMQPlatformReconcilerErrorHandler - [helmmqtt] Could not find ConfigMap 'hivemq-configuration-test-hivemq-platform' for HiveMQ Platform configuration
2025-01-29 18:40:03,176 INFO c.h.h.t.HelmChartContainer - [hivemq-test-hivemq-platform] [hivemq-platform-operator] [5b16bce3] 18:40:03.175 [ReconcilerExecutor-hivemq-controller-115] DEBUG c.h.p.operator.event.EventSender - [helmmqtt] Creating K8s event hivemq-platform-invalid-configuration: [Start] Could not find ConfigMap 'hivemq-configuration-test-hivemq-platform' for HiveMQ Platform configuration
2025-01-29 18:40:03,181 INFO c.h.h.t.HelmChartContainer - [EVENT] Warning [Start] Could not find ConfigMap 'hivemq-configuration-test-hivemq-platform' for HiveMQ Platform configuration [helmmqttit:test-hivemq-platform]
2025-01-29 18:40:03,182 INFO c.h.h.t.HelmChartContainer - [hivemq-test-hivemq-platform] [hivemq-platform-operator] [5b16bce3] 18:40:03.181 [ReconcilerExecutor-hivemq-controller-115] INFO  c.h.p.o.h.AbstractHiveMQReconcilerStateHandler - [helmmqtt] Update HiveMQ Platform Status (RUNNING [READY] -> ERROR [INVALID_CONFIG_MAP]): Could not find ConfigMap 'hivemq-configuration-test-hivemq-platform' for HiveMQ Platform configuration
2025-01-29 18:40:03,273 INFO c.h.h.t.HelmChartContainer - [hivemq-test-hivemq-platform] [hivemq-platform-operator] [5b16bce3] 18:40:03.269 [ReconcilerExecutor-hivemq-controller-115] ERROR i.j.o.p.event.EventProcessor - Error during event processing ExecutionScope{ resource id: ResourceID{name='test-hivemq-platform', namespace='helmmqttit'}, version: 869}
2025-01-29 18:40:03,274 INFO c.h.h.t.HelmChartContainer - [hivemq-test-hivemq-platform] [hivemq-platform-operator] [5b16bce3] io.fabric8.kubernetes.client.KubernetesClientException: Failure executing: PUT at: https://10.43.0.1:443/apis/hivemq.com/v1/namespaces/helmmqttit/hivemq-platforms/test-hivemq-platform/status. Message: Operation cannot be fulfilled on hivemq-platforms.hivemq.com "test-hivemq-platform": the object has been modified; please apply your changes to the latest version and try again. Received status: Status(apiVersion=v1, code=409, details=StatusDetails(causes=[], group=hivemq.com, kind=hivemq-platforms, name=test-hivemq-platform, retryAfterSeconds=null, uid=null, additionalProperties={}), kind=Status, message=Operation cannot be fulfilled on hivemq-platforms.hivemq.com "test-hivemq-platform": the object has been modified; please apply your changes to the latest version and try again, metadata=ListMeta(_continue=null, remainingItemCount=null, resourceVersion=null, selfLink=null, additionalProperties={}), reason=Conflict, status=Failure, additionalProperties={}).
2025-01-29 18:40:03,274 INFO c.h.h.t.HelmChartContainer - [hivemq-test-hivemq-platform] [hivemq-platform-operator] [5b16bce3] 	at io.fabric8.kubernetes.client.KubernetesClientException.copyAsCause(KubernetesClientException.java:238)
2025-01-29 18:40:03,274 INFO c.h.h.t.HelmChartContainer - [hivemq-test-hivemq-platform] [hivemq-platform-operator] [5b16bce3] 	at io.fabric8.kubernetes.client.dsl.internal.OperationSupport.waitForResult(OperationSupport.java:507)
2025-01-29 18:40:03,274 INFO c.h.h.t.HelmChartContainer - [hivemq-test-hivemq-platform] [hivemq-platform-operator] [5b16bce3] 	at io.fabric8.kubernetes.client.dsl.internal.OperationSupport.handleResponse(OperationSupport.java:524)
2025-01-29 18:40:03,274 INFO c.h.h.t.HelmChartContainer - [hivemq-test-hivemq-platform] [hivemq-platform-operator] [5b16bce3] 	at io.fabric8.kubernetes.client.dsl.internal.OperationSupport.handleUpdate(OperationSupport.java:358)
2025-01-29 18:40:03,274 INFO c.h.h.t.HelmChartContainer - [hivemq-test-hivemq-platform] [hivemq-platform-operator] [5b16bce3] 	at io.fabric8.kubernetes.client.dsl.internal.BaseOperation.handleUpdate(BaseOperation.java:759)
2025-01-29 18:40:03,276 INFO c.h.h.t.HelmChartContainer - [hivemq-test-hivemq-platform] [hivemq-platform-operator] [5b16bce3] 	at io.fabric8.kubernetes.client.dsl.internal.HasMetadataOperation.update(HasMetadataOperation.java:138)
2025-01-29 18:40:03,276 INFO c.h.h.t.HelmChartContainer - [hivemq-test-hivemq-platform] [hivemq-platform-operator] [5b16bce3] 	at io.fabric8.kubernetes.client.dsl.internal.HasMetadataOperation.update(HasMetadataOperation.java:121)
2025-01-29 18:40:03,276 INFO c.h.h.t.HelmChartContainer - [hivemq-test-hivemq-platform] [hivemq-platform-operator] [5b16bce3] 	at io.fabric8.kubernetes.client.dsl.internal.HasMetadataOperation.updateStatus(HasMetadataOperation.java:126)
2025-01-29 18:40:03,276 INFO c.h.h.t.HelmChartContainer - [hivemq-test-hivemq-platform] [hivemq-platform-operator] [5b16bce3] 	at io.fabric8.kubernetes.client.dsl.internal.HasMetadataOperation.updateStatus(HasMetadataOperation.java:44)
2025-01-29 18:40:03,276 INFO c.h.h.t.HelmChartContainer - [hivemq-test-hivemq-platform] [hivemq-platform-operator] [5b16bce3] 	at io.javaoperatorsdk.operator.processing.event.ReconciliationDispatcher$CustomResourceFacade.updateStatus(ReconciliationDispatcher.java:408)
2025-01-29 18:40:03,277 INFO c.h.h.t.HelmChartContainer - [hivemq-test-hivemq-platform] [hivemq-platform-operator] [5b16bce3] 	at io.javaoperatorsdk.operator.processing.event.ReconciliationDispatcher.updateStatusGenerationAware(ReconciliationDispatcher.java:228)
2025-01-29 18:40:03,277 INFO c.h.h.t.HelmChartContainer - [hivemq-test-hivemq-platform] [hivemq-platform-operator] [5b16bce3] 	at io.javaoperatorsdk.operator.processing.event.ReconciliationDispatcher.reconcileExecution(ReconciliationDispatcher.java:150)
2025-01-29 18:40:03,277 INFO c.h.h.t.HelmChartContainer - [hivemq-test-hivemq-platform] [hivemq-platform-operator] [5b16bce3] 	at io.javaoperatorsdk.operator.processing.event.ReconciliationDispatcher.handleReconcile(ReconciliationDispatcher.java:117)
2025-01-29 18:40:03,277 INFO c.h.h.t.HelmChartContainer - [hivemq-test-hivemq-platform] [hivemq-platform-operator] [5b16bce3] 	at io.javaoperatorsdk.operator.processing.event.ReconciliationDispatcher.handleDispatch(ReconciliationDispatcher.java:91)
2025-01-29 18:40:03,277 INFO c.h.h.t.HelmChartContainer - [hivemq-test-hivemq-platform] [hivemq-platform-operator] [5b16bce3] 	at io.javaoperatorsdk.operator.processing.event.ReconciliationDispatcher.handleExecution(ReconciliationDispatcher.java:64)
2025-01-29 18:40:03,277 INFO c.h.h.t.HelmChartContainer - [hivemq-test-hivemq-platform] [hivemq-platform-operator] [5b16bce3] 	at io.javaoperatorsdk.operator.processing.event.EventProcessor$ReconcilerExecutor.run(EventProcessor.java:452)
2025-01-29 18:40:03,277 INFO c.h.h.t.HelmChartContainer - [hivemq-test-hivemq-platform] [hivemq-platform-operator] [5b16bce3] 	at java.base/java.util.concurrent.ThreadPoolExecutor.runWorker(Unknown Source)
2025-01-29 18:40:03,277 INFO c.h.h.t.HelmChartContainer - [hivemq-test-hivemq-platform] [hivemq-platform-operator] [5b16bce3] 	at java.base/java.util.concurrent.ThreadPoolExecutor$Worker.run(Unknown Source)
2025-01-29 18:40:03,277 INFO c.h.h.t.HelmChartContainer - [hivemq-test-hivemq-platform] [hivemq-platform-operator] [5b16bce3] 	at java.base/java.lang.Thread.run(Unknown Source)
2025-01-29 18:40:03,277 INFO c.h.h.t.HelmChartContainer - [hivemq-test-hivemq-platform] [hivemq-platform-operator] [5b16bce3] Caused by: io.fabric8.kubernetes.client.KubernetesClientException: Failure executing: PUT at: https://10.43.0.1:443/apis/hivemq.com/v1/namespaces/helmmqttit/hivemq-platforms/test-hivemq-platform/status. Message: Operation cannot be fulfilled on hivemq-platforms.hivemq.com "test-hivemq-platform": the object has been modified; please apply your changes to the latest version and try again. Received status: Status(apiVersion=v1, code=409, details=StatusDetails(causes=[], group=hivemq.com, kind=hivemq-platforms, name=test-hivemq-platform, retryAfterSeconds=null, uid=null, additionalProperties={}), kind=Status, message=Operation cannot be fulfilled on hivemq-platforms.hivemq.com "test-hivemq-platform": the object has been modified; please apply your changes to the latest version and try again, metadata=ListMeta(_continue=null, remainingItemCount=null, resourceVersion=null, selfLink=null, additionalProperties={}), reason=Conflict, status=Failure, additionalProperties={}).
2025-01-29 18:40:03,277 INFO c.h.h.t.HelmChartContainer - [hivemq-test-hivemq-platform] [hivemq-platform-operator] [5b16bce3] 	at io.fabric8.kubernetes.client.dsl.internal.OperationSupport.requestFailure(OperationSupport.java:660)
2025-01-29 18:40:03,277 INFO c.h.h.t.HelmChartContainer - [hivemq-test-hivemq-platform] [hivemq-platform-operator] [5b16bce3] 	at io.fabric8.kubernetes.client.dsl.internal.OperationSupport.requestFailure(OperationSupport.java:640)
2025-01-29 18:40:03,277 INFO c.h.h.t.HelmChartContainer - [hivemq-test-hivemq-platform] [hivemq-platform-operator] [5b16bce3] 	at io.fabric8.kubernetes.client.dsl.internal.OperationSupport.assertResponseCode(OperationSupport.java:589)
2025-01-29 18:40:03,277 INFO c.h.h.t.HelmChartContainer - [hivemq-test-hivemq-platform] [hivemq-platform-operator] [5b16bce3] 	at io.fabric8.kubernetes.client.dsl.internal.OperationSupport.lambda$handleResponse$0(OperationSupport.java:549)
2025-01-29 18:40:03,277 INFO c.h.h.t.HelmChartContainer - [hivemq-test-hivemq-platform] [hivemq-platform-operator] [5b16bce3] 	at java.base/java.util.concurrent.CompletableFuture$UniApply.tryFire(Unknown Source)
2025-01-29 18:40:03,277 INFO c.h.h.t.HelmChartContainer - [hivemq-test-hivemq-platform] [hivemq-platform-operator] [5b16bce3] 	at java.base/java.util.concurrent.CompletableFuture.postComplete(Unknown Source)
2025-01-29 18:40:03,277 INFO c.h.h.t.HelmChartContainer - [hivemq-test-hivemq-platform] [hivemq-platform-operator] [5b16bce3] 	at java.base/java.util.concurrent.CompletableFuture.complete(Unknown Source)
2025-01-29 18:40:03,277 INFO c.h.h.t.HelmChartContainer - [hivemq-test-hivemq-platform] [hivemq-platform-operator] [5b16bce3] 	at io.fabric8.kubernetes.client.http.StandardHttpClient.lambda$completeOrCancel$10(StandardHttpClient.java:141)
2025-01-29 18:40:03,277 INFO c.h.h.t.HelmChartContainer - [hivemq-test-hivemq-platform] [hivemq-platform-operator] [5b16bce3] 	at java.base/java.util.concurrent.CompletableFuture.uniWhenComplete(Unknown Source)
2025-01-29 18:40:03,277 INFO c.h.h.t.HelmChartContainer - [hivemq-test-hivemq-platform] [hivemq-platform-operator] [5b16bce3] 	at java.base/java.util.concurrent.CompletableFuture$UniWhenComplete.tryFire(Unknown Source)
2025-01-29 18:40:03,277 INFO c.h.h.t.HelmChartContainer - [hivemq-test-hivemq-platform] [hivemq-platform-operator] [5b16bce3] 	at java.base/java.util.concurrent.CompletableFuture.postComplete(Unknown Source)
2025-01-29 18:40:03,277 INFO c.h.h.t.HelmChartContainer - [hivemq-test-hivemq-platform] [hivemq-platform-operator] [5b16bce3] 	at java.base/java.util.concurrent.CompletableFuture.complete(Unknown Source)
2025-01-29 18:40:03,277 INFO c.h.h.t.HelmChartContainer - [hivemq-test-hivemq-platform] [hivemq-platform-operator] [5b16bce3] 	at io.fabric8.kubernetes.client.http.ByteArrayBodyHandler.onBodyDone(ByteArrayBodyHandler.java:51)
2025-01-29 18:40:03,277 INFO c.h.h.t.HelmChartContainer - [hivemq-test-hivemq-platform] [hivemq-platform-operator] [5b16bce3] 	at java.base/java.util.concurrent.CompletableFuture.uniWhenComplete(Unknown Source)
2025-01-29 18:40:03,277 INFO c.h.h.t.HelmChartContainer - [hivemq-test-hivemq-platform] [hivemq-platform-operator] [5b16bce3] 	at java.base/java.util.concurrent.CompletableFuture$UniWhenComplete.tryFire(Unknown Source)
2025-01-29 18:40:03,277 INFO c.h.h.t.HelmChartContainer - [hivemq-test-hivemq-platform] [hivemq-platform-operator] [5b16bce3] 	at java.base/java.util.concurrent.CompletableFuture.postComplete(Unknown Source)
2025-01-29 18:40:03,277 INFO c.h.h.t.HelmChartContainer - [hivemq-test-hivemq-platform] [hivemq-platform-operator] [5b16bce3] 	at java.base/java.util.concurrent.CompletableFuture.complete(Unknown Source)
2025-01-29 18:40:03,277 INFO c.h.h.t.HelmChartContainer - [hivemq-test-hivemq-platform] [hivemq-platform-operator] [5b16bce3] 	at io.fabric8.kubernetes.client.vertx.VertxHttpRequest.lambda$null$1(VertxHttpRequest.java:121)
2025-01-29 18:40:03,277 INFO c.h.h.t.HelmChartContainer - [hivemq-test-hivemq-platform] [hivemq-platform-operator] [5b16bce3] 	at io.vertx.core.impl.ContextInternal.dispatch(ContextInternal.java:279)
2025-01-29 18:40:03,277 INFO c.h.h.t.HelmChartContainer - [hivemq-test-hivemq-platform] [hivemq-platform-operator] [5b16bce3] 	at io.vertx.core.impl.ContextInternal.dispatch(ContextInternal.java:261)
2025-01-29 18:40:03,277 INFO c.h.h.t.HelmChartContainer - [hivemq-test-hivemq-platform] [hivemq-platform-operator] [5b16bce3] 	at io.vertx.core.http.impl.HttpEventHandler.handleEnd(HttpEventHandler.java:76)
2025-01-29 18:40:03,277 INFO c.h.h.t.HelmChartContainer - [hivemq-test-hivemq-platform] [hivemq-platform-operator] [5b16bce3] 	at io.vertx.core.http.impl.HttpClientResponseImpl.handleEnd(HttpClientResponseImpl.java:250)
2025-01-29 18:40:03,277 INFO c.h.h.t.HelmChartContainer - [hivemq-test-hivemq-platform] [hivemq-platform-operator] [5b16bce3] 	at io.vertx.core.http.impl.Http1xClientConnection$StreamImpl.lambda$new$0(Http1xClientConnection.java:421)
2025-01-29 18:40:03,277 INFO c.h.h.t.HelmChartContainer - [hivemq-test-hivemq-platform] [hivemq-platform-operator] [5b16bce3] 	at io.vertx.core.streams.impl.InboundBuffer.handleEvent(InboundBuffer.java:279)
2025-01-29 18:40:03,277 INFO c.h.h.t.HelmChartContainer - [hivemq-test-hivemq-platform] [hivemq-platform-operator] [5b16bce3] 	at io.vertx.core.streams.impl.InboundBuffer.write(InboundBuffer.java:157)
2025-01-29 18:40:03,277 INFO c.h.h.t.HelmChartContainer - [hivemq-test-hivemq-platform] [hivemq-platform-operator] [5b16bce3] 	at io.vertx.core.http.impl.Http1xClientConnection$StreamImpl.handleEnd(Http1xClientConnection.java:709)
2025-01-29 18:40:03,277 INFO c.h.h.t.HelmChartContainer - [hivemq-test-hivemq-platform] [hivemq-platform-operator] [5b16bce3] 	at io.vertx.core.impl.ContextImpl.lambda$execute$4(ContextImpl.java:315)
2025-01-29 18:40:03,277 INFO c.h.h.t.HelmChartContainer - [hivemq-test-hivemq-platform] [hivemq-platform-operator] [5b16bce3] 	at io.netty.util.concurrent.AbstractEventExecutor.runTask(AbstractEventExecutor.java:173)
2025-01-29 18:40:03,277 INFO c.h.h.t.HelmChartContainer - [hivemq-test-hivemq-platform] [hivemq-platform-operator] [5b16bce3] 	at io.netty.util.concurrent.AbstractEventExecutor.safeExecute(AbstractEventExecutor.java:166)
2025-01-29 18:40:03,277 INFO c.h.h.t.HelmChartContainer - [hivemq-test-hivemq-platform] [hivemq-platform-operator] [5b16bce3] 	at io.netty.util.concurrent.SingleThreadEventExecutor.runAllTasks(SingleThreadEventExecutor.java:472)
2025-01-29 18:40:03,277 INFO c.h.h.t.HelmChartContainer - [hivemq-test-hivemq-platform] [hivemq-platform-operator] [5b16bce3] 	at io.netty.channel.nio.NioEventLoop.run(NioEventLoop.java:569)
2025-01-29 18:40:03,277 INFO c.h.h.t.HelmChartContainer - [hivemq-test-hivemq-platform] [hivemq-platform-operator] [5b16bce3] 	at io.netty.util.concurrent.SingleThreadEventExecutor$4.run(SingleThreadEventExecutor.java:997)
2025-01-29 18:40:03,277 INFO c.h.h.t.HelmChartContainer - [hivemq-test-hivemq-platform] [hivemq-platform-operator] [5b16bce3] 	at io.netty.util.internal.ThreadExecutorMap$2.run(ThreadExecutorMap.java:74)
2025-01-29 18:40:03,277 INFO c.h.h.t.HelmChartContainer - [hivemq-test-hivemq-platform] [hivemq-platform-operator] [5b16bce3] 	at io.netty.util.concurrent.FastThreadLocalRunnable.run(FastThreadLocalRunnable.java:30)
2025-01-29 18:40:03,277 INFO c.h.h.t.HelmChartContainer - [hivemq-test-hivemq-platform] [hivemq-platform-operator] [5b16bce3] 	... 1 common frames omitted
2025-01-29 18:40:03,281 INFO c.h.h.t.HelmChartContainer - [hivemq-test-hivemq-platform] [hivemq-platform-operator] [5b16bce3] 18:40:03.279 [ReconcilerExecutor-hivemq-controller-127] INFO  c.h.p.o.HiveMQPlatformReconciler - [helmmqtt] Cleanup test-hivemq-platform - helmmqttit HiveMQ Platform is shut down
2025-01-29 18:40:03,559 INFO c.h.h.t.HelmChartContainer - [POD] test-hivemq-platform-0 [8b979c3e-0375-48f8-bb05-4e9f8347dd2f] in helmmqttit was MODIFIED
2025-01-29 18:40:03,567 INFO c.h.h.t.HelmChartContainer - [EVENT] Normal [Killing] Stopping container hivemq [helmmqttit:test-hivemq-platform-0]
2025-01-29 18:40:03,568 INFO c.h.h.t.HelmChartContainer - Received Killing event for container hivemq in pod test-hivemq-platform-0 [8b979c3e-0375-48f8-bb05-4e9f8347dd2f]
2025-01-29 18:40:03,568 INFO c.h.h.t.HelmChartContainer - Container [test-hivemq-platform-0] [hivemq] [8b979c3e-0375-48f8-bb05-4e9f8347dd2f] was terminated
2025-01-29 18:40:03,568 INFO c.h.h.t.HelmChartContainer - Stopped log watcher for hivemq in pod test-hivemq-platform-0 [8b979c3e-0375-48f8-bb05-4e9f8347dd2f]
2025-01-29 18:40:03,572 INFO c.h.h.t.HelmChartContainer - [test-hivemq-platform] [hivemq] [8b979c3e] INFO  - [HiveMQ Platform Operator Init App 1.7.0-SNAPSHOT] Shutting down
2025-01-29 18:40:03,572 INFO c.h.h.t.HelmChartContainer - [test-hivemq-platform] [hivemq] [8b979c3e] INFO  - [HiveMQ Platform Operator Init App 1.7.0-SNAPSHOT] Stopping the HiveMQ Platform
2025-01-29 18:40:03,719 INFO c.h.h.t.HelmChartContainer - [test-hivemq-platform] [hivemq] [8b979c3e] INFO  - Shutting down HiveMQ. Please wait, this could take a while...
2025-01-29 18:40:03,722 INFO c.h.h.t.HelmChartContainer - [test-hivemq-platform] [hivemq] [8b979c3e] INFO  - Shutting down listeners and clients
2025-01-29 18:40:03,776 INFO c.h.h.t.HelmChartContainer - [test-hivemq-platform] [hivemq] [8b979c3e] INFO  - Shutdown of listeners is done
2025-01-29 18:40:03,776 INFO c.h.h.t.HelmChartContainer - [test-hivemq-platform] [hivemq] [8b979c3e] INFO  - No clients are connected, proceeding with shutdown
2025-01-29 18:40:05,026 INFO c.h.h.t.HelmChartContainer - Deleting namespace 'helmmqttit'...
2025-01-29 18:40:07,180 INFO c.h.h.t.HelmChartContainer - [test-hivemq-platform] [hivemq] [8b979c3e] INFO  - Shutting down extension system
2025-01-29 18:40:07,185 INFO c.h.h.t.HelmChartContainer - [test-hivemq-platform] [hivemq] [8b979c3e] INFO  - Stopping extension with id hivemq-dns-cluster-discovery
2025-01-29 18:40:07,185 INFO c.h.h.t.HelmChartContainer - [test-hivemq-platform] [hivemq] [8b979c3e] INFO  - Extension "DNS Cluster Discovery Extension" version 4.3.2 stopped successfully.
2025-01-29 18:40:07,187 INFO c.h.h.t.HelmChartContainer - [test-hivemq-platform] [hivemq] [8b979c3e] INFO  - Stopping extension with id hivemq-prometheus-extension
2025-01-29 18:40:07,191 INFO c.h.h.t.HelmChartContainer - [test-hivemq-platform] [hivemq] [8b979c3e] INFO  - Extension "Prometheus Monitoring Extension" version 4.0.12 stopped successfully.
2025-01-29 18:40:07,191 INFO c.h.h.t.HelmChartContainer - [test-hivemq-platform] [hivemq] [8b979c3e] INFO  - Stopping extension with id hivemq-allow-all-extension
2025-01-29 18:40:07,191 INFO c.h.h.t.HelmChartContainer - [test-hivemq-platform] [hivemq] [8b979c3e] INFO  - Extension "Allow All Extension" version 1.1.1 stopped successfully.
2025-01-29 18:40:07,539 INFO c.h.h.t.HelmChartContainer - [test-hivemq-platform] [hivemq] [8b979c3e] INFO  - [HiveMQ Platform Operator Init App 1.7.0-SNAPSHOT] Returning shutdown Health API response 503 for readiness
2025-01-29 18:40:07,543 INFO c.h.h.t.HelmChartContainer - [EVENT] Warning [Unhealthy] Readiness probe failed: HTTP probe failed with statuscode: 503 [helmmqttit:test-hivemq-platform-0]
2025-01-29 18:40:07,544 INFO c.h.h.t.HelmChartContainer - Received Unhealthy event for container hivemq in pod test-hivemq-platform-0 [8b979c3e-0375-48f8-bb05-4e9f8347dd2f]
2025-01-29 18:40:07,865 INFO c.h.h.t.HelmChartContainer - [test-hivemq-platform] [hivemq] [8b979c3e] WARN  - [HiveMQ Platform Operator Init App 1.7.0-SNAPSHOT] Could not update Pod annotations: Failure executing: GET at: https://10.43.0.1:443/api/v1/namespaces/helmmqttit/pods/test-hivemq-platform-0. Message: pods "test-hivemq-platform-0" is forbidden: User "system:serviceaccount:helmmqttit:hivemq-platform-pod-test-hivemq-platform" cannot get resource "pods" in API group "" in the namespace "helmmqttit". Received status: Status(apiVersion=v1, code=403, details=StatusDetails(causes=[], group=null, kind=pods, name=test-hivemq-platform-0, retryAfterSeconds=null, uid=null, additionalProperties={}), kind=Status, message=pods "test-hivemq-platform-0" is forbidden: User "system:serviceaccount:helmmqttit:hivemq-platform-pod-test-hivemq-platform" cannot get resource "pods" in API group "" in the namespace "helmmqttit", metadata=ListMeta(_continue=null, remainingItemCount=null, resourceVersion=null, selfLink=null, additionalProperties={}), reason=Forbidden, status=Failure, additionalProperties={}).
2025-01-29 18:40:09,517 INFO c.h.h.t.HelmChartContainer - [test-hivemq-platform] [hivemq] [8b979c3e] INFO  - Shutdown completed.
2025-01-29 18:40:09,865 INFO c.h.h.t.HelmChartContainer - [test-hivemq-platform] [hivemq] [8b979c3e] INFO  - [HiveMQ Platform Operator Init App 1.7.0-SNAPSHOT] The HiveMQ Platform exited with code 143
2025-01-29 18:40:09,865 INFO c.h.h.t.HelmChartContainer - [test-hivemq-platform] [hivemq] [8b979c3e] INFO  - [HiveMQ Platform Operator Init App 1.7.0-SNAPSHOT] Stopping the REST API
2025-01-29 18:40:09,916 INFO c.h.h.t.HelmChartContainer - [test-hivemq-platform] [hivemq] [8b979c3e] INFO  - [HiveMQ Platform Operator Init App 1.7.0-SNAPSHOT] Shutdown complete
2025-01-29 18:40:10,076 INFO c.h.h.t.HelmChartContainer - [K3S] [stateful_set.go:466] "StatefulSet has been deleted" key="helmmqttit/test-hivemq-platform"
2025-01-29 18:40:10,385 INFO c.h.h.t.HelmChartContainer - [POD] test-hivemq-platform-0 [8b979c3e-0375-48f8-bb05-4e9f8347dd2f] in helmmqttit was MODIFIED
2025-01-29 18:40:10,436 INFO c.h.h.t.HelmChartContainer - [K3S] [scope.go:117] "RemoveContainer" containerID="706411533c89f506e9265914a235b3ce27b7e149bdd96f24be21dd35d301a1e4"
2025-01-29 18:40:10,535 INFO c.h.h.t.HelmChartContainer - [K3S] [scope.go:117] "RemoveContainer" containerID="0d11a4c2d6f76aeeae8dc7bd068f33876b39d15817e6beb40c41a95a3da982c0"
2025-01-29 18:40:10,538 INFO c.h.h.t.HelmChartContainer - [K3S] [scope.go:117] "RemoveContainer" containerID="706411533c89f506e9265914a235b3ce27b7e149bdd96f24be21dd35d301a1e4"
2025-01-29 18:40:10,538 INFO c.h.h.t.HelmChartContainer - [K3S] [scope.go:117] "RemoveContainer" containerID="0d11a4c2d6f76aeeae8dc7bd068f33876b39d15817e6beb40c41a95a3da982c0"
2025-01-29 18:40:10,544 INFO c.h.h.t.HelmChartContainer - [K3S] [reconciler_common.go:162] "operationExecutor.UnmountVolume started for volume \"pod-info\" (UniqueName: \"kubernetes.io/configmap/8b979c3e-0375-48f8-bb05-4e9f8347dd2f-pod-info\") pod \"8b979c3e-0375-48f8-bb05-4e9f8347dd2f\" (UID: \"8b979c3e-0375-48f8-bb05-4e9f8347dd2f\") "
2025-01-29 18:40:10,544 INFO c.h.h.t.HelmChartContainer - [K3S] [reconciler_common.go:162] "operationExecutor.UnmountVolume started for volume \"broker-configuration\" (UniqueName: \"kubernetes.io/configmap/8b979c3e-0375-48f8-bb05-4e9f8347dd2f-broker-configuration\") pod \"8b979c3e-0375-48f8-bb05-4e9f8347dd2f\" (UID: \"8b979c3e-0375-48f8-bb05-4e9f8347dd2f\") "
2025-01-29 18:40:10,544 INFO c.h.h.t.HelmChartContainer - [K3S] [reconciler_common.go:162] "operationExecutor.UnmountVolume started for volume \"kube-api-access-2fnwr\" (UniqueName: \"kubernetes.io/projected/8b979c3e-0375-48f8-bb05-4e9f8347dd2f-kube-api-access-2fnwr\") pod \"8b979c3e-0375-48f8-bb05-4e9f8347dd2f\" (UID: \"8b979c3e-0375-48f8-bb05-4e9f8347dd2f\") "
2025-01-29 18:40:10,544 INFO c.h.h.t.HelmChartContainer - [K3S] [reconciler_common.go:162] "operationExecutor.UnmountVolume started for volume \"operator-init\" (UniqueName: \"kubernetes.io/empty-dir/8b979c3e-0375-48f8-bb05-4e9f8347dd2f-operator-init\") pod \"8b979c3e-0375-48f8-bb05-4e9f8347dd2f\" (UID: \"8b979c3e-0375-48f8-bb05-4e9f8347dd2f\") "
2025-01-29 18:40:10,645 INFO c.h.h.t.HelmChartContainer - [K3S] [reconciler_common.go:299] "Volume detached for volume \"pod-info\" (UniqueName: \"kubernetes.io/configmap/8b979c3e-0375-48f8-bb05-4e9f8347dd2f-pod-info\") on node \"6206d5544d57\" DevicePath \"\""
2025-01-29 18:40:10,645 INFO c.h.h.t.HelmChartContainer - [K3S] [reconciler_common.go:299] "Volume detached for volume \"broker-configuration\" (UniqueName: \"kubernetes.io/configmap/8b979c3e-0375-48f8-bb05-4e9f8347dd2f-broker-configuration\") on node \"6206d5544d57\" DevicePath \"\""
2025-01-29 18:40:10,645 INFO c.h.h.t.HelmChartContainer - [K3S] [reconciler_common.go:299] "Volume detached for volume \"kube-api-access-2fnwr\" (UniqueName: \"kubernetes.io/projected/8b979c3e-0375-48f8-bb05-4e9f8347dd2f-kube-api-access-2fnwr\") on node \"6206d5544d57\" DevicePath \"\""
2025-01-29 18:40:10,645 INFO c.h.h.t.HelmChartContainer - [K3S] [reconciler_common.go:299] "Volume detached for volume \"operator-init\" (UniqueName: \"kubernetes.io/empty-dir/8b979c3e-0375-48f8-bb05-4e9f8347dd2f-operator-init\") on node \"6206d5544d57\" DevicePath \"\""
2025-01-29 18:40:10,750 INFO c.h.h.t.HelmChartContainer - [POD] test-hivemq-platform-0 [8b979c3e-0375-48f8-bb05-4e9f8347dd2f] in helmmqttit was MODIFIED
2025-01-29 18:40:10,752 INFO c.h.h.t.HelmChartContainer - [POD] test-hivemq-platform-0 [8b979c3e-0375-48f8-bb05-4e9f8347dd2f] in helmmqttit was DELETED
2025-01-29 18:40:12,083 INFO c.h.h.t.HelmChartContainer - [K3S] [kubelet_volumes.go:163] "Cleaned up orphaned pod volumes dir" podUID="8b979c3e-0375-48f8-bb05-4e9f8347dd2f" path="/var/lib/kubelet/pods/8b979c3e-0375-48f8-bb05-4e9f8347dd2f/volumes"
2025-01-29 18:40:15,367 INFO c.h.h.t.HelmChartContainer - Namespace 'helmmqttit' deleted
2025-01-29 18:40:15,367 INFO c.h.h.t.HelmChartContainer - Release 'test-hivemq-platform' in namespace 'helmmqttit' is uninstalled
2025-01-29 18:40:15,367 INFO c.h.h.t.HelmChartContainer - Uninstalling release 'test-hivemq-platform-operator' in namespace 'helmmqttit-operator'...
2025-01-29 18:40:15,367 DEBUG c.h.h.t.HelmChartContainer - Executing helm command: /bin/helm --kubeconfig /etc/rancher/k3s/k3s.yaml uninstall test-hivemq-platform-operator  --wait --timeout 5m0s --cascade foreground --namespace helmmqttit-operator
2025-01-29 18:40:15,531 INFO c.h.h.t.HelmChartContainer - [K3S] [replica_set.go:679] "Finished syncing" kind="ReplicaSet" key="helmmqttit-operator/hivemq-test-hivemq-platform-operator-6966f96d65" duration="11.275071ms"
2025-01-29 18:40:15,532 INFO c.h.h.t.HelmChartContainer - [K3S] [replica_set.go:679] "Finished syncing" kind="ReplicaSet" key="helmmqttit-operator/hivemq-test-hivemq-platform-operator-6966f96d65" duration="43.782µs"
2025-01-29 18:40:15,545 INFO c.h.h.t.HelmChartContainer - [POD] hivemq-test-hivemq-platform-operator-6966f96d65-plm8j [5b16bce3-14af-47bd-9623-b889e56424d8] in helmmqttit-operator was MODIFIED
2025-01-29 18:40:15,556 INFO c.h.h.t.HelmChartContainer - [EVENT] Normal [Killing] Stopping container hivemq-platform-operator [helmmqttit-operator:hivemq-test-hivemq-platform-operator-6966f96d65-plm8j]
2025-01-29 18:40:15,557 INFO c.h.h.t.HelmChartContainer - Received Killing event for container hivemq-platform-operator in pod hivemq-test-hivemq-platform-operator-6966f96d65-plm8j [5b16bce3-14af-47bd-9623-b889e56424d8]
2025-01-29 18:40:15,557 INFO c.h.h.t.HelmChartContainer - Container [hivemq-test-hivemq-platform-operator-6966f96d65-plm8j] [hivemq-platform-operator] [5b16bce3-14af-47bd-9623-b889e56424d8] was terminated
2025-01-29 18:40:15,557 INFO c.h.h.t.HelmChartContainer - Stopped log watcher for hivemq-platform-operator in pod hivemq-test-hivemq-platform-operator-6966f96d65-plm8j [5b16bce3-14af-47bd-9623-b889e56424d8]
2025-01-29 18:40:15,562 INFO c.h.h.t.HelmChartContainer - [hivemq-test-hivemq-platform] [hivemq-platform-operator] [5b16bce3] 18:40:15.559 [application-shutdown-thread] INFO  c.h.p.o.HiveMQPlatformOperatorApplication - HiveMQ Platform Operator is stopping...
2025-01-29 18:40:15,562 INFO c.h.h.t.HelmChartContainer - [hivemq-test-hivemq-platform] [hivemq-platform-operator] [5b16bce3] 18:40:15.559 [application-shutdown-thread] INFO  i.javaoperatorsdk.operator.Operator - Operator SDK 4.9.7 is shutting down...
2025-01-29 18:40:15,563 INFO c.h.h.t.HelmChartContainer - [K3S] [replica_set.go:679] "Finished syncing" kind="ReplicaSet" key="helmmqttit-operator/hivemq-test-hivemq-platform-operator-6966f96d65" duration="19.310131ms"
2025-01-29 18:40:15,563 INFO c.h.h.t.HelmChartContainer - [K3S] [replica_set.go:679] "Finished syncing" kind="ReplicaSet" key="helmmqttit-operator/hivemq-test-hivemq-platform-operator-6966f96d65" duration="41.297µs"
2025-01-29 18:40:16,108 INFO c.h.h.t.HelmChartContainer - [K3S] [replica_set.go:679] "Finished syncing" kind="ReplicaSet" key="helmmqttit-operator/hivemq-test-hivemq-platform-operator-6966f96d65" duration="41.778µs"
2025-01-29 18:40:16,109 INFO c.h.h.t.HelmChartContainer - [POD] hivemq-test-hivemq-platform-operator-6966f96d65-plm8j [5b16bce3-14af-47bd-9623-b889e56424d8] in helmmqttit-operator was MODIFIED
2025-01-29 18:40:16,276 INFO c.h.h.t.HelmChartContainer - [K3S] [reconciler_common.go:162] "operationExecutor.UnmountVolume started for volume \"kube-api-access-glvr6\" (UniqueName: \"kubernetes.io/projected/5b16bce3-14af-47bd-9623-b889e56424d8-kube-api-access-glvr6\") pod \"5b16bce3-14af-47bd-9623-b889e56424d8\" (UID: \"5b16bce3-14af-47bd-9623-b889e56424d8\") "
2025-01-29 18:40:16,376 INFO c.h.h.t.HelmChartContainer - [K3S] [reconciler_common.go:299] "Volume detached for volume \"kube-api-access-glvr6\" (UniqueName: \"kubernetes.io/projected/5b16bce3-14af-47bd-9623-b889e56424d8-kube-api-access-glvr6\") on node \"6206d5544d57\" DevicePath \"\""
2025-01-29 18:40:16,447 INFO c.h.h.t.HelmChartContainer - [K3S] [scope.go:117] "RemoveContainer" containerID="92aed20c0870f7734019dea6cab1b89fbb0106eb8991271feddff70c6fb1cbea"
2025-01-29 18:40:16,450 INFO c.h.h.t.HelmChartContainer - [K3S] [scope.go:117] "RemoveContainer" containerID="92aed20c0870f7734019dea6cab1b89fbb0106eb8991271feddff70c6fb1cbea"
2025-01-29 18:40:16,459 INFO c.h.h.t.HelmChartContainer - [K3S] [replica_set.go:679] "Finished syncing" kind="ReplicaSet" key="helmmqttit-operator/hivemq-test-hivemq-platform-operator-6966f96d65" duration="47.098µs"
2025-01-29 18:40:16,459 INFO c.h.h.t.HelmChartContainer - [POD] hivemq-test-hivemq-platform-operator-6966f96d65-plm8j [5b16bce3-14af-47bd-9623-b889e56424d8] in helmmqttit-operator was MODIFIED
2025-01-29 18:40:16,461 INFO c.h.h.t.HelmChartContainer - [K3S] [replica_set.go:679] "Finished syncing" kind="ReplicaSet" key="helmmqttit-operator/hivemq-test-hivemq-platform-operator-6966f96d65" duration="52.629µs"
2025-01-29 18:40:16,462 INFO c.h.h.t.HelmChartContainer - [POD] hivemq-test-hivemq-platform-operator-6966f96d65-plm8j [5b16bce3-14af-47bd-9623-b889e56424d8] in helmmqttit-operator was DELETED
2025-01-29 18:40:16,473 INFO c.h.h.t.HelmChartContainer - [K3S] [replica_set.go:679] "Finished syncing" kind="ReplicaSet" key="helmmqttit-operator/hivemq-test-hivemq-platform-operator-6966f96d65" duration="6.472µs"
2025-01-29 18:40:17,564 INFO c.h.h.t.HelmChartContainer - Deleting namespace 'helmmqttit-operator'...
2025-01-29 18:40:18,083 INFO c.h.h.t.HelmChartContainer - [K3S] [kubelet_volumes.go:163] "Cleaned up orphaned pod volumes dir" podUID="5b16bce3-14af-47bd-9623-b889e56424d8" path="/var/lib/kubelet/pods/5b16bce3-14af-47bd-9623-b889e56424d8/volumes"
2025-01-29 18:40:20,290 INFO c.h.h.t.HelmChartContainer - [K3S] [namespace_controller.go:187] "Namespace has been deleted" namespace="helmmqttit"
2025-01-29 18:40:22,781 INFO c.h.h.t.HelmChartContainer - Namespace 'helmmqttit-operator' deleted
2025-01-29 18:40:22,782 INFO c.h.h.t.HelmChartContainer - Release 'test-hivemq-platform-operator' in namespace 'helmmqttit-operator' is uninstalled
2025-01-29 18:40:23,517 INFO c.h.helmcharts.AbstractHelmChartIT - Removed unused containers:

2025-01-29 18:40:27,684 INFO c.h.h.t.HelmChartContainer - [K3S] [namespace_controller.go:187] "Namespace has been deleted" namespace="helmmqttit-operator"
2025-01-29 18:40:31,351 INFO c.h.helmcharts.AbstractHelmChartIT - Removed unused snapshots:
Removing snapshot sha256:03af251906410714c5aef9fa705b63f6bbc39c4a5e787de7361eeb18886c2ed2
Removing snapshot sha256:0c46b3b43cce082ce5ec34ffc6c294e0417d17b9d1e6f366d114b6aadc4f96dc
Removing snapshot sha256:0ce761beee59082d6ed5bcebd3a805b8ddd9b3426b617e4809e7fb7c6587ffec
Removing snapshot sha256:0df91287303208332c8ff6ba40ae4710105201739addbfbddfb955f1ad593664
Removing snapshot sha256:1021ef88c7974bfff89c5a0ec4fd3160daac6c48a075f74cff721f85dd104e68
Removing snapshot sha256:10aba4953ddc18145dd38e3704709bc464aa20af60b56fe52caaff4b68411e62
Removing snapshot sha256:2573e0d8158209ed54ab25c87bcdcb00bd3d2539246960a3d592a1c599d70465
Removing snapshot sha256:362a8a37f8bbc31925a8146adcf7cf51f9882f5c1dcbef67c5baa03a297543c0
Removing snapshot sha256:3fa4ad33f0ddc8fd45b39b6b4640f82a3a83619606cd975bfe89d8710ad2d4cd
Removing snapshot sha256:43a7c979bbaba6838bc3102d6b10a1459f3ab050b87ccdfef84ef90cf43d3058
Removing snapshot sha256:4ab04491cdf0d3267f08206fe30bd48f49f94b9cab2f016d6739220f722a64af
Removing snapshot sha256:4b6068250e89c96f263060261819c7d912855bfbd64b3eb4c4a8483299b8c295
Removing snapshot sha256:580e69a0a8034ede1921139bbd2bfb72a69ebf276d008281896c32dd8bf74775
Removing snapshot sha256:5d30ba46b27fe37484567ccc5242cadc78217b8da605f3f195ef25cbf7487904
Removing snapshot sha256:63ca1fbb43ae5034640e5e6cb3e083e05c290072c5366fcaa9d62435a4cced85
Removing snapshot sha256:67f702c6baae873bceb19487c8b1f27bd2b86077e4f2f0e480e6d60ab508b8f5
Removing snapshot sha256:6864348dd42806d552efdec384f1274be15e2d0c10ce44c1f04347af004c10a9
Removing snapshot sha256:6c7dee8f2c39b84b7dc2711c01d33de93514d9055499173e9290176fbe484b6c
Removing snapshot sha256:82753493a6d61ded36556292f02f31841a14c20d2f279f19eaad65afb661d5cd
Removing snapshot sha256:8a10d3db42c505ee0fcfa98417bdd7e39b304f6bcc0a06bb1b220797ff2cc63c
Removing snapshot sha256:a0904247e36a7726c03c71ee48f3e64462021c88dafeb13f37fdaf613b27f11c
Removing snapshot sha256:a21e5b12dbac529ad45d976eb9ce45c881f3bedcc500fb30aba1e52aa1813418
Removing snapshot sha256:b6717edd394cbd644ebfedbff7559480325c54ef9bd4ddbf0635f8cc187f6fb7
Removing snapshot sha256:b921e6c28969094157f9b8e7244677780319637afd14450b7cb6b2fdea558a0c
Removing snapshot sha256:bc27ecb5769a00e309cf99ebc763c4a4b958b618d1decc96ffac5bc05f02f5b7
Removing snapshot sha256:bc28d23beab104ae989d291427a2847108c51f00423e69987eddc7e24e868730
Removing snapshot sha256:be3ccb6627a5332e309d45ef461d09b4879dd870c7394d89323d0ebc6ca6aa8a
Removing snapshot sha256:c261f7cbbc64211ee175ee47273acdb7b1a36a4450b397a064a8f2c026490095
Removing snapshot sha256:c34d9393647eea0c9e3557ab988efaf59f61d10a2a5613b439ef0958cca5ec10
Removing snapshot sha256:ccf3c4a0fa967a41c1c83497a2ce6fa5787965859df0adb32c4ca2cf7490bc2b
Removing snapshot sha256:cf92d33f869417309692088c341cd0f223c178ea78a125f757317b22aa8f90e9
Removing snapshot sha256:d0037344cf2fb078884f1849f6a1f8cf9a33a3b6139b6a85833e5ee528e1f9a8
Removing snapshot sha256:d3b36d5b79273b1e98e7700470eaeff05a882e777124d84cebcc1505b85ecb36
Removing snapshot sha256:d65a44a37914602d12c611e5e22a50f11451d847e63015cc1c2aef92dee777a4
Removing snapshot sha256:e2dc0bae2455930f23ae570e019b7f32edc75c0f2d71cab084db837ff9051796
Removing snapshot sha256:eccbd24a99c60cd9e86ee5305dbfc4a4dc89f5ab4fb1f06c8d64797cecedef34
Removing snapshot sha256:f144bb4c7c7f0d2aa7eeffd36d934ec40db1ee167be727e326aad9fdc616f475

]]></system-out>
  </testcase>
  <testcase name="platformChart_whenMqttLoadBalancerEnabled_thenSendsReceivesMessage()" classname="com.hivemq.helmcharts.services.HelmMqttIT" time="99.112">
    <system-out><![CDATA[2025-01-29 18:40:31,353 INFO c.h.h.t.HelmChartContainer - Creating namespace 'helmmqttit-operator'...
2025-01-29 18:40:31,358 INFO c.h.h.t.HelmChartContainer - Namespace 'helmmqttit-operator' created
2025-01-29 18:40:31,358 INFO c.h.h.t.HelmChartContainer - Creating namespace 'helmmqttit'...
2025-01-29 18:40:31,365 INFO c.h.h.t.HelmChartContainer - Namespace 'helmmqttit' created
2025-01-29 18:40:31,433 DEBUG c.h.h.t.HelmChartContainer - Executing helm command: /bin/helm --kubeconfig /etc/rancher/k3s/k3s.yaml install test-hivemq-platform-operator /charts/hivemq-platform-operator --wait --timeout 5m0s --set image.repository=docker.io/hivemq --set image.name=hivemq-platform-operator-test --set image.initImageName=hivemq-platform-operator-init-test --set image.tag=snapshot --set image.pullPolicy=Never --set logLevel=DEBUG --set resources.cpu=512m --namespace helmmqttit-operator
2025-01-29 18:40:31,741 INFO c.h.h.t.HelmChartContainer - [K3S] [alloc.go:330] "allocated clusterIPs" service="helmmqttit-operator/hivemq-platform-operator-test-hivemq-platform-operator" clusterIPs={"IPv4":"10.43.118.62"}
2025-01-29 18:40:31,757 INFO c.h.h.t.HelmChartContainer - [EVENT] Normal [ScalingReplicaSet] Scaled up replica set hivemq-test-hivemq-platform-operator-6966f96d65 from 0 to 1 [helmmqttit-operator:hivemq-test-hivemq-platform-operator]
2025-01-29 18:40:31,765 INFO c.h.h.t.HelmChartContainer - [POD] hivemq-test-hivemq-platform-operator-6966f96d65-2f9p7 [d46f7864-e513-4dcc-8f7c-d5cf42d15c84] in helmmqttit-operator was ADDED
2025-01-29 18:40:31,774 INFO c.h.h.t.HelmChartContainer - [K3S] [replica_set.go:679] "Finished syncing" kind="ReplicaSet" key="helmmqttit-operator/hivemq-test-hivemq-platform-operator-6966f96d65" duration="20.24163ms"
2025-01-29 18:40:31,775 INFO c.h.h.t.HelmChartContainer - [POD] hivemq-test-hivemq-platform-operator-6966f96d65-2f9p7 [d46f7864-e513-4dcc-8f7c-d5cf42d15c84] in helmmqttit-operator was MODIFIED
2025-01-29 18:40:31,776 INFO c.h.h.t.HelmChartContainer - [K3S] [memory_manager.go:355] "RemoveStaleState removing state" podUID="5b16bce3-14af-47bd-9623-b889e56424d8" containerName="hivemq-platform-operator"
2025-01-29 18:40:31,776 INFO c.h.h.t.HelmChartContainer - [K3S] [memory_manager.go:355] "RemoveStaleState removing state" podUID="8b979c3e-0375-48f8-bb05-4e9f8347dd2f" containerName="hivemq"
2025-01-29 18:40:31,777 INFO c.h.h.t.HelmChartContainer - [EVENT] Normal [SuccessfulCreate] Created pod: hivemq-test-hivemq-platform-operator-6966f96d65-2f9p7 [helmmqttit-operator:hivemq-test-hivemq-platform-operator-6966f96d65]
2025-01-29 18:40:31,778 INFO c.h.h.t.HelmChartContainer - [EVENT] Normal [Scheduled] Successfully assigned helmmqttit-operator/hivemq-test-hivemq-platform-operator-6966f96d65-2f9p7 to 6206d5544d57 [helmmqttit-operator:hivemq-test-hivemq-platform-operator-6966f96d65-2f9p7]
2025-01-29 18:40:31,791 INFO c.h.h.t.HelmChartContainer - [POD] hivemq-test-hivemq-platform-operator-6966f96d65-2f9p7 [d46f7864-e513-4dcc-8f7c-d5cf42d15c84] in helmmqttit-operator was MODIFIED
2025-01-29 18:40:31,792 INFO c.h.h.t.HelmChartContainer - [K3S] [replica_set.go:679] "Finished syncing" kind="ReplicaSet" key="helmmqttit-operator/hivemq-test-hivemq-platform-operator-6966f96d65" duration="19.303819ms"
2025-01-29 18:40:31,806 INFO c.h.h.t.HelmChartContainer - [K3S] [replica_set.go:679] "Finished syncing" kind="ReplicaSet" key="helmmqttit-operator/hivemq-test-hivemq-platform-operator-6966f96d65" duration="14.457879ms"
2025-01-29 18:40:31,807 INFO c.h.h.t.HelmChartContainer - [K3S] [replica_set.go:679] "Finished syncing" kind="ReplicaSet" key="helmmqttit-operator/hivemq-test-hivemq-platform-operator-6966f96d65" duration="35.436µs"
2025-01-29 18:40:31,870 INFO c.h.h.t.HelmChartContainer - [K3S] [reconciler_common.go:251] "operationExecutor.VerifyControllerAttachedVolume started for volume \"kube-api-access-ntcmg\" (UniqueName: \"kubernetes.io/projected/d46f7864-e513-4dcc-8f7c-d5cf42d15c84-kube-api-access-ntcmg\") pod \"hivemq-test-hivemq-platform-operator-6966f96d65-2f9p7\" (UID: \"d46f7864-e513-4dcc-8f7c-d5cf42d15c84\") " pod="helmmqttit-operator/hivemq-test-hivemq-platform-operator-6966f96d65-2f9p7"
2025-01-29 18:40:32,175 INFO c.h.h.t.HelmChartContainer - [EVENT] Normal [Pulled] Container image "docker.io/hivemq/hivemq-platform-operator-test:snapshot" already present on machine [helmmqttit-operator:hivemq-test-hivemq-platform-operator-6966f96d65-2f9p7]
2025-01-29 18:40:32,175 INFO c.h.h.t.HelmChartContainer - Received Pulled event for container hivemq-platform-operator in pod hivemq-test-hivemq-platform-operator-6966f96d65-2f9p7 [d46f7864-e513-4dcc-8f7c-d5cf42d15c84]
2025-01-29 18:40:33,408 INFO c.h.h.t.HelmChartContainer - [EVENT] Normal [Created] Created container: hivemq-platform-operator [helmmqttit-operator:hivemq-test-hivemq-platform-operator-6966f96d65-2f9p7]
2025-01-29 18:40:33,408 INFO c.h.h.t.HelmChartContainer - Received Created event for container hivemq-platform-operator in pod hivemq-test-hivemq-platform-operator-6966f96d65-2f9p7 [d46f7864-e513-4dcc-8f7c-d5cf42d15c84]
2025-01-29 18:40:33,485 INFO c.h.h.t.HelmChartContainer - [K3S] [replica_set.go:679] "Finished syncing" kind="ReplicaSet" key="helmmqttit-operator/hivemq-test-hivemq-platform-operator-6966f96d65" duration="44.744µs"
2025-01-29 18:40:33,486 INFO c.h.h.t.HelmChartContainer - [POD] hivemq-test-hivemq-platform-operator-6966f96d65-2f9p7 [d46f7864-e513-4dcc-8f7c-d5cf42d15c84] in helmmqttit-operator was MODIFIED
2025-01-29 18:40:33,496 INFO c.h.h.t.HelmChartContainer - Started log watcher for hivemq-platform-operator in pod hivemq-test-hivemq-platform-operator-6966f96d65-2f9p7 [d46f7864-e513-4dcc-8f7c-d5cf42d15c84]
2025-01-29 18:40:33,496 INFO c.h.h.t.HelmChartContainer - [hivemq-test-hivemq-platform] [hivemq-platform-operator] [d46f7864] -------------------------------------------------------------------------
2025-01-29 18:40:33,496 INFO c.h.h.t.HelmChartContainer - [hivemq-test-hivemq-platform] [hivemq-platform-operator] [d46f7864] 
2025-01-29 18:40:33,496 INFO c.h.h.t.HelmChartContainer - [hivemq-test-hivemq-platform] [hivemq-platform-operator] [d46f7864]                   _    _  _              __  __   ____
2025-01-29 18:40:33,496 INFO c.h.h.t.HelmChartContainer - [hivemq-test-hivemq-platform] [hivemq-platform-operator] [d46f7864]                  | |  | |(_)            |  \/  | / __ \
2025-01-29 18:40:33,496 INFO c.h.h.t.HelmChartContainer - [hivemq-test-hivemq-platform] [hivemq-platform-operator] [d46f7864]                  | |__| | _ __   __ ___ | \  / || |  | |
2025-01-29 18:40:33,496 INFO c.h.h.t.HelmChartContainer - [hivemq-test-hivemq-platform] [hivemq-platform-operator] [d46f7864]                  |  __  || |\ \ / // _ \| |\/| || |  | |
2025-01-29 18:40:33,496 INFO c.h.h.t.HelmChartContainer - [hivemq-test-hivemq-platform] [hivemq-platform-operator] [d46f7864]                  | |  | || | \ V /|  __/| |  | || |__| |
2025-01-29 18:40:33,496 INFO c.h.h.t.HelmChartContainer - [hivemq-test-hivemq-platform] [hivemq-platform-operator] [d46f7864]                  |_|  |_||_|  \_/  \___||_|  |_| \___\_\
2025-01-29 18:40:33,496 INFO c.h.h.t.HelmChartContainer - [hivemq-test-hivemq-platform] [hivemq-platform-operator] [d46f7864] 
2025-01-29 18:40:33,496 INFO c.h.h.t.HelmChartContainer - [hivemq-test-hivemq-platform] [hivemq-platform-operator] [d46f7864] -------------------------------------------------------------------------
2025-01-29 18:40:33,496 INFO c.h.h.t.HelmChartContainer - [hivemq-test-hivemq-platform] [hivemq-platform-operator] [d46f7864] 
2025-01-29 18:40:33,496 INFO c.h.h.t.HelmChartContainer - [hivemq-test-hivemq-platform] [hivemq-platform-operator] [d46f7864]   HiveMQ Platform Operator Start Script v1.0
2025-01-29 18:40:33,496 INFO c.h.h.t.HelmChartContainer - [hivemq-test-hivemq-platform] [hivemq-platform-operator] [d46f7864] 
2025-01-29 18:40:33,496 INFO c.h.h.t.HelmChartContainer - [hivemq-test-hivemq-platform] [hivemq-platform-operator] [d46f7864] -------------------------------------------------------------------------
2025-01-29 18:40:33,496 INFO c.h.h.t.HelmChartContainer - [hivemq-test-hivemq-platform] [hivemq-platform-operator] [d46f7864] 
2025-01-29 18:40:33,496 INFO c.h.h.t.HelmChartContainer - [hivemq-test-hivemq-platform] [hivemq-platform-operator] [d46f7864]   JAVA_OPTS: -XX:+UnlockExperimentalVMOptions -XX:InitialRAMPercentage=75 -XX:MaxRAMPercentage=75 -Duser.language=en -Duser.region=US
2025-01-29 18:40:33,496 INFO c.h.h.t.HelmChartContainer - [hivemq-test-hivemq-platform] [hivemq-platform-operator] [d46f7864] 
2025-01-29 18:40:33,496 INFO c.h.h.t.HelmChartContainer - [hivemq-test-hivemq-platform] [hivemq-platform-operator] [d46f7864]   JAVA_VERSION: 21
2025-01-29 18:40:33,496 INFO c.h.h.t.HelmChartContainer - [hivemq-test-hivemq-platform] [hivemq-platform-operator] [d46f7864] 
2025-01-29 18:40:33,496 INFO c.h.h.t.HelmChartContainer - [hivemq-test-hivemq-platform] [hivemq-platform-operator] [d46f7864] -------------------------------------------------------------------------
2025-01-29 18:40:33,496 INFO c.h.h.t.HelmChartContainer - [hivemq-test-hivemq-platform] [hivemq-platform-operator] [d46f7864] 
2025-01-29 18:40:33,496 INFO c.h.h.t.HelmChartContainer - [EVENT] Normal [Started] Started container hivemq-platform-operator [helmmqttit-operator:hivemq-test-hivemq-platform-operator-6966f96d65-2f9p7]
2025-01-29 18:40:33,497 INFO c.h.h.t.HelmChartContainer - Received Started event for container hivemq-platform-operator in pod hivemq-test-hivemq-platform-operator-6966f96d65-2f9p7 [d46f7864-e513-4dcc-8f7c-d5cf42d15c84]
2025-01-29 18:40:36,928 INFO c.h.h.t.HelmChartContainer - [hivemq-test-hivemq-platform] [hivemq-platform-operator] [d46f7864] 18:40:36.925 [main] DEBUG org.jboss.logging - Logging Provider: org.jboss.logging.Slf4jLoggerProvider
2025-01-29 18:40:37,034 INFO c.h.h.t.HelmChartContainer - [hivemq-test-hivemq-platform] [hivemq-platform-operator] [d46f7864] 18:40:37.033 [main] DEBUG io.smallrye.config - SRCFG01006: Loaded ConfigSource SysPropConfigSource with ordinal 400
2025-01-29 18:40:37,035 INFO c.h.h.t.HelmChartContainer - [hivemq-test-hivemq-platform] [hivemq-platform-operator] [d46f7864] 18:40:37.034 [main] DEBUG io.smallrye.config - SRCFG01006: Loaded ConfigSource EnvConfigSource with ordinal 300
2025-01-29 18:40:37,035 INFO c.h.h.t.HelmChartContainer - [hivemq-test-hivemq-platform] [hivemq-platform-operator] [d46f7864] 18:40:37.034 [main] DEBUG io.smallrye.config - SRCFG01006: Loaded ConfigSource PropertiesConfigSource[source=jar:file:///opt/hivemq-platform-operator/bin/hivemq-platform-operator.jar!/hivemq-platform-operator.properties] with ordinal 100
2025-01-29 18:40:37,036 INFO c.h.h.t.HelmChartContainer - [hivemq-test-hivemq-platform] [hivemq-platform-operator] [d46f7864] 18:40:37.034 [main] DEBUG io.smallrye.config - SRCFG01006: Loaded ConfigSource DefaultValuesConfigSource with ordinal -2147483648
2025-01-29 18:40:37,135 INFO c.h.h.t.HelmChartContainer - [hivemq-test-hivemq-platform] [hivemq-platform-operator] [d46f7864] 18:40:37.133 [main] DEBUG i.m.c.u.i.l.InternalLoggerFactory - Using SLF4J as the default logging framework
2025-01-29 18:40:37,323 INFO c.h.h.t.HelmChartContainer - [hivemq-test-hivemq-platform] [hivemq-platform-operator] [d46f7864] 18:40:37.234 [main] INFO  c.h.p.o.HiveMQPlatformOperatorApplication - HiveMQ Platform Operator 1.7.0-SNAPSHOT (commit: b1b9591 on branch: HEAD) built on Wed Jan 29 18:32:18 UTC 2025
2025-01-29 18:40:37,323 INFO c.h.h.t.HelmChartContainer - [hivemq-test-hivemq-platform] [hivemq-platform-operator] [d46f7864] 18:40:37.322 [main] INFO  c.h.p.o.HiveMQPlatformOperatorApplication - HiveMQ Platform Operator is running in namespace: helmmqttit-operator
2025-01-29 18:40:37,323 INFO c.h.h.t.HelmChartContainer - [hivemq-test-hivemq-platform] [hivemq-platform-operator] [d46f7864] 18:40:37.322 [main] INFO  c.h.p.o.HiveMQPlatformOperatorApplication - Watching all namespaces
2025-01-29 18:40:37,323 INFO c.h.h.t.HelmChartContainer - [hivemq-test-hivemq-platform] [hivemq-platform-operator] [d46f7864] 18:40:37.322 [main] INFO  c.h.p.o.HiveMQPlatformOperatorApplication - Log level: DEBUG
2025-01-29 18:40:37,324 INFO c.h.h.t.HelmChartContainer - [hivemq-test-hivemq-platform] [hivemq-platform-operator] [d46f7864] 18:40:37.322 [main] INFO  c.h.p.o.HiveMQPlatformOperatorApplication - Release name: test-hivemq-platform-operator
2025-01-29 18:40:37,324 INFO c.h.h.t.HelmChartContainer - [hivemq-test-hivemq-platform] [hivemq-platform-operator] [d46f7864] 18:40:37.322 [main] INFO  c.h.p.o.HiveMQPlatformOperatorApplication - HiveMQ Platform Operator Init image: docker.io/hivemq/hivemq-platform-operator-init-test:snapshot
2025-01-29 18:40:37,324 INFO c.h.h.t.HelmChartContainer - [hivemq-test-hivemq-platform] [hivemq-platform-operator] [d46f7864] 18:40:37.322 [main] INFO  c.h.p.o.HiveMQPlatformOperatorApplication - HiveMQ Platform Operator Init App update URL: http://hivemq-platform-operator-test-hivemq-platform-operator.helmmqttit-operator.svc:8080/initAppUpdate/hivemq-platform-operator-init-app-1.7.0-SNAPSHOT.jar
2025-01-29 18:40:37,324 INFO c.h.h.t.HelmChartContainer - [hivemq-test-hivemq-platform] [hivemq-platform-operator] [d46f7864] 18:40:37.322 [main] INFO  c.h.p.o.HiveMQPlatformOperatorApplication - Additional imagePullSecret for all Platform deployments: none
2025-01-29 18:40:37,324 INFO c.h.h.t.HelmChartContainer - [hivemq-test-hivemq-platform] [hivemq-platform-operator] [d46f7864] 18:40:37.322 [main] INFO  c.h.p.o.HiveMQPlatformOperatorApplication - Apply HiveMQ Platform CRD: true
2025-01-29 18:40:37,324 INFO c.h.h.t.HelmChartContainer - [hivemq-test-hivemq-platform] [hivemq-platform-operator] [d46f7864] 18:40:37.323 [main] INFO  c.h.p.o.HiveMQPlatformOperatorApplication - Create Platform ServiceAccount: true
2025-01-29 18:40:37,324 INFO c.h.h.t.HelmChartContainer - [hivemq-test-hivemq-platform] [hivemq-platform-operator] [d46f7864] 18:40:37.323 [main] INFO  c.h.p.o.HiveMQPlatformOperatorApplication - Create Platform ServiceAccount permissions: true
2025-01-29 18:40:37,324 INFO c.h.h.t.HelmChartContainer - [hivemq-test-hivemq-platform] [hivemq-platform-operator] [d46f7864] 18:40:37.323 [main] INFO  c.h.p.o.HiveMQPlatformOperatorApplication - Validate Platform ServiceAccount: true
2025-01-29 18:40:37,324 INFO c.h.h.t.HelmChartContainer - [hivemq-test-hivemq-platform] [hivemq-platform-operator] [d46f7864] 18:40:37.323 [main] INFO  c.h.p.o.HiveMQPlatformOperatorApplication - Validate Platform ServiceAccount permissions: true
2025-01-29 18:40:37,441 INFO c.h.h.t.HelmChartContainer - [hivemq-test-hivemq-platform] [hivemq-platform-operator] [d46f7864] 18:40:37.440 [main] INFO  c.h.platform.operator.util.CRDUtil - Verifying deployed HiveMQ Platform CRD...
2025-01-29 18:40:39,738 INFO c.h.h.t.HelmChartContainer - [hivemq-test-hivemq-platform] [hivemq-platform-operator] [d46f7864] 18:40:39.737 [main] DEBUG c.h.platform.operator.util.CRDUtil - HiveMQ Platform CRD version v1 is up to date
2025-01-29 18:40:39,738 INFO c.h.h.t.HelmChartContainer - [hivemq-test-hivemq-platform] [hivemq-platform-operator] [d46f7864] 18:40:39.737 [main] INFO  c.h.platform.operator.util.CRDUtil - HiveMQ Platform CRD is up to date (version: V1_6_0)
2025-01-29 18:40:39,821 INFO c.h.h.t.HelmChartContainer - [hivemq-test-hivemq-platform] [hivemq-platform-operator] [d46f7864] 18:40:39.820 [main] INFO  c.h.platform.operator.util.CRDUtil - Waiting 10000 ms for HiveMQ Platform CRD 'hivemq-platforms.hivemq.com' to become ready...
2025-01-29 18:40:40,135 INFO c.h.h.t.HelmChartContainer - [hivemq-test-hivemq-platform] [hivemq-platform-operator] [d46f7864] 18:40:40.132 [vert.x-eventloop-thread-1] DEBUG c.h.platform.operator.util.CRDUtil - Checking CRD condition 'NamesAccepted' (status: 'True')
2025-01-29 18:40:40,135 INFO c.h.h.t.HelmChartContainer - [hivemq-test-hivemq-platform] [hivemq-platform-operator] [d46f7864] 18:40:40.132 [vert.x-eventloop-thread-1] DEBUG c.h.platform.operator.util.CRDUtil - Checking CRD condition 'Established' (status: 'True')
2025-01-29 18:40:40,136 INFO c.h.h.t.HelmChartContainer - [hivemq-test-hivemq-platform] [hivemq-platform-operator] [d46f7864] 18:40:40.133 [main] INFO  c.h.platform.operator.util.CRDUtil - HiveMQ Platform CRD 'hivemq-platforms.hivemq.com' is ready
2025-01-29 18:40:40,331 INFO c.h.h.t.HelmChartContainer - [hivemq-test-hivemq-platform] [hivemq-platform-operator] [d46f7864] 18:40:40.329 [main] INFO  c.h.p.o.HiveMQPlatformReconciler - HiveMQ Platform Operator is starting...
2025-01-29 18:40:40,435 INFO c.h.h.t.HelmChartContainer - [hivemq-test-hivemq-platform] [hivemq-platform-operator] [d46f7864] 18:40:40.434 [main] WARN  Default ConfigurationService implementation - Configuration for reconciler 'hivemq-controller' was not found. Known reconcilers: None.
2025-01-29 18:40:40,443 INFO c.h.h.t.HelmChartContainer - [hivemq-test-hivemq-platform] [hivemq-platform-operator] [d46f7864] 18:40:40.442 [main] INFO  Default ConfigurationService implementation - Created configuration for reconciler com.hivemq.platform.operator.HiveMQPlatformReconciler with name hivemq-controller
2025-01-29 18:40:40,545 INFO c.h.h.t.HelmChartContainer - [hivemq-test-hivemq-platform] [hivemq-platform-operator] [d46f7864] 18:40:40.544 [main] DEBUG c.h.p.o.HiveMQPlatformReconciler - HiveMQ Platform Operator is preparing EventSources
2025-01-29 18:40:40,630 INFO c.h.h.t.HelmChartContainer - [hivemq-test-hivemq-platform] [hivemq-platform-operator] [d46f7864] 18:40:40.629 [main] INFO  i.javaoperatorsdk.operator.Operator - Registered reconciler: 'hivemq-controller' for resource: 'class com.hivemq.platform.operator.v1.HiveMQPlatform' for namespace(s): [all namespaces]
2025-01-29 18:40:41,139 INFO c.h.h.t.HelmChartContainer - [hivemq-test-hivemq-platform] [hivemq-platform-operator] [d46f7864] 18:40:41.138 [main] INFO  c.h.p.operator.webserver.JettyServer - Starting Jetty server on port 8080
2025-01-29 18:40:41,234 INFO c.h.h.t.HelmChartContainer - [hivemq-test-hivemq-platform] [hivemq-platform-operator] [d46f7864] 18:40:41.233 [main] INFO  i.javaoperatorsdk.operator.Operator - Operator SDK 4.9.7 (commit: 2133d28) built on Wed Nov 20 12:56:20 UTC 2024 starting...
2025-01-29 18:40:41,234 INFO c.h.h.t.HelmChartContainer - [hivemq-test-hivemq-platform] [hivemq-platform-operator] [d46f7864] 18:40:41.233 [main] INFO  i.javaoperatorsdk.operator.Operator - Client version: 6.13.5
2025-01-29 18:40:41,236 INFO c.h.h.t.HelmChartContainer - [hivemq-test-hivemq-platform] [hivemq-platform-operator] [d46f7864] 18:40:41.235 [Controller Starter for: hivemq-controller] INFO  i.j.operator.processing.Controller - Starting 'hivemq-controller' controller for reconciler: com.hivemq.platform.operator.HiveMQPlatformReconciler, resource: com.hivemq.platform.operator.v1.HiveMQPlatform
2025-01-29 18:40:43,732 INFO c.h.h.t.HelmChartContainer - [hivemq-test-hivemq-platform] [hivemq-platform-operator] [d46f7864] 18:40:43.731 [Controller Starter for: hivemq-controller] INFO  i.j.operator.processing.Controller - 'hivemq-controller' controller started
2025-01-29 18:40:43,733 INFO c.h.h.t.HelmChartContainer - [hivemq-test-hivemq-platform] [hivemq-platform-operator] [d46f7864] 18:40:43.732 [main] INFO  c.h.p.o.HiveMQPlatformOperatorApplication - HiveMQ Platform Operator 1.7.0-SNAPSHOT started in 6497 ms
2025-01-29 18:40:44,492 INFO c.h.h.t.HelmChartContainer - [POD] hivemq-test-hivemq-platform-operator-6966f96d65-2f9p7 [d46f7864-e513-4dcc-8f7c-d5cf42d15c84] in helmmqttit-operator was MODIFIED
2025-01-29 18:40:44,506 INFO c.h.h.t.HelmChartContainer - [K3S] [replica_set.go:679] "Finished syncing" kind="ReplicaSet" key="helmmqttit-operator/hivemq-test-hivemq-platform-operator-6966f96d65" duration="15.017535ms"
2025-01-29 18:40:44,506 INFO c.h.h.t.HelmChartContainer - [K3S] [replica_set.go:679] "Finished syncing" kind="ReplicaSet" key="helmmqttit-operator/hivemq-test-hivemq-platform-operator-6966f96d65" duration="43.973µs"
2025-01-29 18:40:45,868 DEBUG c.h.h.t.HelmChartContainer - Executing helm command: /bin/helm --kubeconfig /etc/rancher/k3s/k3s.yaml install test-hivemq-platform /charts/hivemq-platform --wait --timeout 5m0s --set image.repository=docker.io/hivemq --set image.tag=4.36.0 --set image.pullPolicy=Never --set nodes.resources.cpu=512m -f /files/mqtt-load-balancer-values.yaml --namespace helmmqttit
2025-01-29 18:40:46,121 INFO c.h.h.t.HelmChartContainer - [hivemq-test-hivemq-platform] [hivemq-platform-operator] [d46f7864] 18:40:46.120 [-2082509879-pool-1-thread-3] WARN  i.m.p.PrometheusMeterRegistry - The meter (MeterId{name='operator.sdk.events.received', tags=[tag(action=ADDED),tag(event=ResourceEvent),tag(group=hivemq.com),tag(kind=HiveMQPlatform),tag(name=test-hivemq-platform),tag(namespace=helmmqttit),tag(scope=namespace),tag(version=v1)]}) registration has failed: Prometheus requires that all meters with the same name have the same set of tag keys. There is already an existing meter named 'operator.sdk.events.received' containing tag keys [event, group, kind, name, namespace, scope, version]. The meter you are attempting to register has keys [action, event, group, kind, name, namespace, scope, version]. Note that subsequent logs will be logged at debug level.
2025-01-29 18:40:46,533 INFO c.h.h.t.HelmChartContainer - [hivemq-test-hivemq-platform] [hivemq-platform-operator] [d46f7864] 18:40:46.532 [pool-6-thread-3] DEBUG c.h.p.o.dependants.PodInfoConfigMap - [helmmqtt] Desired PodInfo ConfigMap (1 extensions) (1 enabled)
2025-01-29 18:40:46,535 INFO c.h.h.t.HelmChartContainer - [hivemq-test-hivemq-platform] [hivemq-platform-operator] [d46f7864] 18:40:46.533 [pool-6-thread-3] DEBUG c.h.p.o.dependants.PodInfoConfigMap - [helmmqtt] Desired PodInfo ConfigMap (metrics port: 9399) (metrics path: /)
2025-01-29 18:40:46,535 INFO c.h.h.t.HelmChartContainer - [hivemq-test-hivemq-platform] [hivemq-platform-operator] [d46f7864] 18:40:46.533 [pool-6-thread-3] DEBUG c.h.p.o.dependants.PodInfoConfigMap - [helmmqtt] Desired PodInfo ConfigMap (extension state hash: -1817474005)
2025-01-29 18:40:46,537 INFO c.h.h.t.HelmChartContainer - [hivemq-test-hivemq-platform] [hivemq-platform-operator] [d46f7864] 18:40:46.535 [pool-6-thread-3] DEBUG c.h.p.o.dependants.PodInfoConfigMap - [helmmqtt] Create PodInfo ConfigMap
2025-01-29 18:40:46,726 INFO c.h.h.t.HelmChartContainer - [hivemq-test-hivemq-platform] [hivemq-platform-operator] [d46f7864] 18:40:46.720 [pool-6-thread-5] DEBUG c.h.p.o.dependants.PodRoleResource - [helmmqtt] Create Role: Role(apiVersion=rbac.authorization.k8s.io/v1, kind=Role, metadata=ObjectMeta(annotations={meta.helm.sh/release-name=test-hivemq-platform, meta.helm.sh/release-namespace=helmmqttit}, creationTimestamp=null, deletionGracePeriodSeconds=null, deletionTimestamp=null, finalizers=[], generateName=null, generation=null, labels={helm.sh/chart=hivemq-platform-0.2.32, app.kubernetes.io/managed-by=Helm, app.kubernetes.io/name=hivemq-platform, hivemq-platform=test-hivemq-platform, app.kubernetes.io/instance=test-hivemq-platform, app.kubernetes.io/version=4.36.0}, managedFields=[], name=hivemq-platform-role-test-hivemq-platform, namespace=helmmqttit, ownerReferences=[OwnerReference(apiVersion=hivemq.com/v1, blockOwnerDeletion=null, controller=null, kind=HiveMQPlatform, name=test-hivemq-platform, uid=aaf9c213-9c18-4667-987b-2c0454b4b9a4, additionalProperties={})], resourceVersion=null, selfLink=null, uid=null, additionalProperties={}), rules=[PolicyRule(apiGroups=[], nonResourceURLs=[], resourceNames=[], resources=[pods], verbs=[get, patch, update], additionalProperties={})], additionalProperties={})
2025-01-29 18:40:46,827 INFO c.h.h.t.HelmChartContainer - [hivemq-test-hivemq-platform] [hivemq-platform-operator] [d46f7864] 18:40:46.822 [pool-6-thread-7] DEBUG c.h.p.o.d.PodServiceAccountResource - [helmmqtt] Desired PodServiceAccountResource (serviceAccountName: hivemq-platform-pod-test-hivemq-platform)
2025-01-29 18:40:46,827 INFO c.h.h.t.HelmChartContainer - [hivemq-test-hivemq-platform] [hivemq-platform-operator] [d46f7864] 18:40:46.823 [pool-6-thread-7] DEBUG c.h.p.o.d.PodServiceAccountResource - [helmmqtt] Create ServiceAccount 'hivemq-platform-pod-test-hivemq-platform'
2025-01-29 18:40:46,929 INFO c.h.h.t.HelmChartContainer - [hivemq-test-hivemq-platform] [hivemq-platform-operator] [d46f7864] 18:40:46.928 [pool-6-thread-10] DEBUG c.h.p.o.d.PodRoleBindingResource - [helmmqtt] Create RoleBinding: RoleBinding(apiVersion=rbac.authorization.k8s.io/v1, kind=RoleBinding, metadata=ObjectMeta(annotations={meta.helm.sh/release-name=test-hivemq-platform, meta.helm.sh/release-namespace=helmmqttit}, creationTimestamp=null, deletionGracePeriodSeconds=null, deletionTimestamp=null, finalizers=[], generateName=null, generation=null, labels={helm.sh/chart=hivemq-platform-0.2.32, app.kubernetes.io/managed-by=Helm, app.kubernetes.io/name=hivemq-platform, hivemq-platform=test-hivemq-platform, app.kubernetes.io/instance=test-hivemq-platform, app.kubernetes.io/version=4.36.0}, managedFields=[], name=hivemq-platform-role-binding-test-hivemq-platform, namespace=helmmqttit, ownerReferences=[OwnerReference(apiVersion=hivemq.com/v1, blockOwnerDeletion=null, controller=null, kind=HiveMQPlatform, name=test-hivemq-platform, uid=aaf9c213-9c18-4667-987b-2c0454b4b9a4, additionalProperties={})], resourceVersion=null, selfLink=null, uid=null, additionalProperties={}), roleRef=RoleRef(apiGroup=rbac.authorization.k8s.io, kind=Role, name=hivemq-platform-role-test-hivemq-platform, additionalProperties={}), subjects=[Subject(apiGroup=null, kind=ServiceAccount, name=hivemq-platform-pod-test-hivemq-platform, namespace=helmmqttit, additionalProperties={})], additionalProperties={})
2025-01-29 18:40:46,949 INFO c.h.h.t.HelmChartContainer - [hivemq-test-hivemq-platform] [hivemq-platform-operator] [d46f7864] 18:40:46.947 [ReconcilerExecutor-hivemq-controller-53] INFO  c.h.p.o.HiveMQPlatformReconciler - [helmmqtt] Reconciling HiveMQ Platform 'test-hivemq-platform' in namespace 'helmmqttit'
2025-01-29 18:40:46,949 INFO c.h.h.t.HelmChartContainer - [hivemq-test-hivemq-platform] [hivemq-platform-operator] [d46f7864] 18:40:46.948 [ReconcilerExecutor-hivemq-controller-53] DEBUG c.h.p.o.HiveMQPlatformReconciler - [helmmqtt] Custom Resource Status CREATED - HiveMQ Platform was created (READY)
2025-01-29 18:40:46,949 INFO c.h.h.t.HelmChartContainer - [hivemq-test-hivemq-platform] [hivemq-platform-operator] [d46f7864] 18:40:46.948 [ReconcilerExecutor-hivemq-controller-53] DEBUG c.h.p.o.HiveMQPlatformReconciler - [helmmqtt] Custom Resource Spec (replicas: 1) (extensions: 1)
2025-01-29 18:40:47,022 INFO c.h.h.t.HelmChartContainer - [hivemq-test-hivemq-platform] [hivemq-platform-operator] [d46f7864] 18:40:47.021 [ReconcilerExecutor-hivemq-controller-53] INFO  c.h.p.o.h.HiveMQPlatformReconcilerBaseHandler - [helmmqtt] HiveMQ Platform is starting
2025-01-29 18:40:47,047 INFO c.h.h.t.HelmChartContainer - [hivemq-test-hivemq-platform] [hivemq-platform-operator] [d46f7864] 18:40:47.046 [ReconcilerExecutor-hivemq-controller-53] DEBUG c.h.p.operator.event.EventSender - [helmmqtt] Creating K8s event hivemq-platform-starting: [Start] HiveMQ Platform is starting
2025-01-29 18:40:47,130 INFO c.h.h.t.HelmChartContainer - [EVENT] Normal [Start] HiveMQ Platform is starting [helmmqttit:test-hivemq-platform]
2025-01-29 18:40:47,137 INFO c.h.h.t.HelmChartContainer - [hivemq-test-hivemq-platform] [hivemq-platform-operator] [d46f7864] 18:40:47.134 [ReconcilerExecutor-hivemq-controller-53] INFO  c.h.p.o.h.AbstractHiveMQReconcilerStateHandler - [helmmqtt] Update HiveMQ Platform Status (CREATED [READY] -> STARTING [READY]): HiveMQ Platform is starting
2025-01-29 18:40:47,228 DEBUG com.hivemq.helmcharts.util.K8sUtil - Comparing actual state 'STARTING' and waiting for 'RUNNING'
2025-01-29 18:40:57,241 INFO c.h.h.t.HelmChartContainer - [hivemq-test-hivemq-platform] [hivemq-platform-operator] [d46f7864] 18:40:57.237 [pool-6-thread-12] DEBUG c.h.p.o.d.PlatformServiceResource - [helmmqtt] Desired Platform services (2 services)
2025-01-29 18:40:57,242 INFO c.h.h.t.HelmChartContainer - [hivemq-test-hivemq-platform] [hivemq-platform-operator] [d46f7864] 18:40:57.239 [pool-6-thread-13] DEBUG c.h.p.o.dependants.PodInfoConfigMap - [helmmqtt] Desired PodInfo ConfigMap (1 extensions) (1 enabled)
2025-01-29 18:40:57,242 INFO c.h.h.t.HelmChartContainer - [hivemq-test-hivemq-platform] [hivemq-platform-operator] [d46f7864] 18:40:57.240 [pool-6-thread-13] DEBUG c.h.p.o.dependants.PodInfoConfigMap - [helmmqtt] Desired PodInfo ConfigMap (metrics port: 9399) (metrics path: /)
2025-01-29 18:40:57,243 INFO c.h.h.t.HelmChartContainer - [hivemq-test-hivemq-platform] [hivemq-platform-operator] [d46f7864] 18:40:57.240 [pool-6-thread-13] DEBUG c.h.p.o.dependants.PodInfoConfigMap - [helmmqtt] Desired PodInfo ConfigMap (extension state hash: -1817474005)
2025-01-29 18:40:57,244 INFO c.h.h.t.HelmChartContainer - [hivemq-test-hivemq-platform] [hivemq-platform-operator] [d46f7864] 18:40:57.243 [pool-6-thread-17] DEBUG c.h.p.o.d.PodServiceAccountResource - [helmmqtt] Desired PodServiceAccountResource (serviceAccountName: hivemq-platform-pod-test-hivemq-platform)
2025-01-29 18:40:57,251 INFO c.h.h.t.HelmChartContainer - [hivemq-test-hivemq-platform] [hivemq-platform-operator] [d46f7864] 18:40:57.250 [pool-6-thread-13] DEBUG c.h.p.o.dependants.PodInfoConfigMap - [helmmqtt] Update PodInfo ConfigMap
2025-01-29 18:40:57,330 INFO c.h.h.t.HelmChartContainer - [K3S] [alloc.go:330] "allocated clusterIPs" service="helmmqttit/hivemq-test-hivemq-platform-metrics-9399" clusterIPs={"IPv4":"10.43.112.145"}
2025-01-29 18:40:57,430 INFO c.h.h.t.HelmChartContainer - [K3S] [alloc.go:330] "allocated clusterIPs" service="helmmqttit/hivemq-test-hivemq-platform-mqtt-1884" clusterIPs={"IPv4":"10.43.190.75"}
2025-01-29 18:40:57,434 INFO c.h.h.t.HelmChartContainer - [K3S] [event.go:389] "Event occurred" object="helmmqttit/hivemq-test-hivemq-platform-mqtt-1884" fieldPath="" kind="Service" apiVersion="v1" type="Normal" reason="EnsuringLoadBalancer" message="Ensuring load balancer"
2025-01-29 18:40:57,442 INFO c.h.h.t.HelmChartContainer - [EVENT] Normal [EnsuringLoadBalancer] Ensuring load balancer [helmmqttit:hivemq-test-hivemq-platform-mqtt-1884]
2025-01-29 18:40:57,448 INFO c.h.h.t.HelmChartContainer - [hivemq-test-hivemq-platform] [hivemq-platform-operator] [d46f7864] 18:40:57.445 [pool-6-thread-20] DEBUG c.h.p.o.d.StatefulSetResource - [helmmqtt] Desired StatefulSet (1 replicas) for status STARTING (READY)
2025-01-29 18:40:57,453 INFO c.h.h.t.HelmChartContainer - [K3S] [event.go:389] "Event occurred" object="helmmqttit/hivemq-test-hivemq-platform-mqtt-1884" fieldPath="" kind="Service" apiVersion="v1" type="Normal" reason="AppliedDaemonSet" message="Applied LoadBalancer DaemonSet kube-system/svclb-hivemq-test-hivemq-platform-mqtt-1884-df6938f4"
2025-01-29 18:40:57,454 INFO c.h.h.t.HelmChartContainer - [EVENT] Warning [FailedToCreateEndpoint] Failed to create endpoint for service helmmqttit/hivemq-test-hivemq-platform-mqtt-1884: endpoints "hivemq-test-hivemq-platform-mqtt-1884" already exists [null:hivemq-test-hivemq-platform-mqtt-1884]
2025-01-29 18:40:57,455 INFO c.h.h.t.HelmChartContainer - [EVENT] Normal [AppliedDaemonSet] Applied LoadBalancer DaemonSet kube-system/svclb-hivemq-test-hivemq-platform-mqtt-1884-df6938f4 [helmmqttit:hivemq-test-hivemq-platform-mqtt-1884]
2025-01-29 18:40:57,467 INFO c.h.h.t.HelmChartContainer - [POD] svclb-hivemq-test-hivemq-platform-mqtt-1884-df6938f4-b6f6d [92d30448-30f1-41c5-aec8-a990e21285ad] in kube-system was ADDED
2025-01-29 18:40:57,472 INFO c.h.h.t.HelmChartContainer - [POD] svclb-hivemq-test-hivemq-platform-mqtt-1884-df6938f4-b6f6d [92d30448-30f1-41c5-aec8-a990e21285ad] in kube-system was MODIFIED
2025-01-29 18:40:57,488 INFO c.h.h.t.HelmChartContainer - [POD] svclb-hivemq-test-hivemq-platform-mqtt-1884-df6938f4-b6f6d [92d30448-30f1-41c5-aec8-a990e21285ad] in kube-system was MODIFIED
2025-01-29 18:40:57,534 INFO c.h.h.t.HelmChartContainer - [hivemq-test-hivemq-platform] [hivemq-platform-operator] [d46f7864] 18:40:57.533 [pool-6-thread-20] DEBUG c.h.p.o.d.StatefulSetResource - [helmmqtt] Create StatefulSet
2025-01-29 18:40:57,637 INFO c.h.h.t.HelmChartContainer - [hivemq-test-hivemq-platform] [hivemq-platform-operator] [d46f7864] 18:40:57.631 [ReconcilerExecutor-hivemq-controller-64] INFO  c.h.p.o.HiveMQPlatformReconciler - [helmmqtt] Reconciling HiveMQ Platform 'test-hivemq-platform' in namespace 'helmmqttit'
2025-01-29 18:40:57,637 INFO c.h.h.t.HelmChartContainer - [hivemq-test-hivemq-platform] [hivemq-platform-operator] [d46f7864] 18:40:57.632 [ReconcilerExecutor-hivemq-controller-64] DEBUG c.h.p.o.HiveMQPlatformReconciler - [helmmqtt] Custom Resource Status STARTING - HiveMQ Platform is starting (READY)
2025-01-29 18:40:57,637 INFO c.h.h.t.HelmChartContainer - [hivemq-test-hivemq-platform] [hivemq-platform-operator] [d46f7864] 18:40:57.632 [ReconcilerExecutor-hivemq-controller-64] DEBUG c.h.p.o.HiveMQPlatformReconciler - [helmmqtt] Custom Resource Spec (replicas: 1) (extensions: 1)
2025-01-29 18:40:57,643 INFO c.h.h.t.HelmChartContainer - [hivemq-test-hivemq-platform] [hivemq-platform-operator] [d46f7864] 18:40:57.642 [ReconcilerExecutor-hivemq-controller-64] DEBUG c.h.p.o.HiveMQPlatformReconciler - [helmmqtt] StatefulSet Status (revision: null, replicas: 0, available: 0, ready: 0, current: 0, updated: 0)
2025-01-29 18:40:57,643 INFO c.h.h.t.HelmChartContainer - [hivemq-test-hivemq-platform] [hivemq-platform-operator] [d46f7864] 18:40:57.642 [ReconcilerExecutor-hivemq-controller-64] DEBUG c.h.p.o.HiveMQPlatformReconciler - [helmmqtt] StatefulSet Spec (replicas: 1, init containers: 1, containers: 1, volumes: 3)
2025-01-29 18:40:57,647 INFO c.h.h.t.HelmChartContainer - [POD] test-hivemq-platform-0 [165de4a5-74f8-4436-b128-7940a0e8b6df] in helmmqttit was ADDED
2025-01-29 18:40:57,649 INFO c.h.h.t.HelmChartContainer - [EVENT] Normal [SuccessfulCreate] create Pod test-hivemq-platform-0 in StatefulSet test-hivemq-platform successful [helmmqttit:test-hivemq-platform]
2025-01-29 18:40:57,652 INFO c.h.h.t.HelmChartContainer - [POD] test-hivemq-platform-0 [165de4a5-74f8-4436-b128-7940a0e8b6df] in helmmqttit was MODIFIED
2025-01-29 18:40:57,654 INFO c.h.h.t.HelmChartContainer - [EVENT] Normal [Scheduled] Successfully assigned helmmqttit/test-hivemq-platform-0 to 6206d5544d57 [helmmqttit:test-hivemq-platform-0]
2025-01-29 18:40:57,663 INFO c.h.h.t.HelmChartContainer - [POD] test-hivemq-platform-0 [165de4a5-74f8-4436-b128-7940a0e8b6df] in helmmqttit was MODIFIED
2025-01-29 18:40:57,726 INFO c.h.h.t.HelmChartContainer - [hivemq-test-hivemq-platform] [hivemq-platform-operator] [d46f7864] 18:40:57.722 [ReconcilerExecutor-hivemq-controller-64] INFO  c.h.p.o.h.HiveMQPlatformReconcilerBaseHandler - [helmmqtt] HiveMQ Platform is starting, 0 of 1 replicas are ready
2025-01-29 18:40:57,732 INFO c.h.h.t.HelmChartContainer - [hivemq-test-hivemq-platform] [hivemq-platform-operator] [d46f7864] 18:40:57.729 [pool-6-thread-22] DEBUG c.h.p.o.d.PlatformServiceResource - [helmmqtt] Desired Platform services (2 services)
2025-01-29 18:40:57,732 INFO c.h.h.t.HelmChartContainer - [hivemq-test-hivemq-platform] [hivemq-platform-operator] [d46f7864] 18:40:57.731 [pool-6-thread-23] DEBUG c.h.p.o.dependants.PodInfoConfigMap - [helmmqtt] Desired PodInfo ConfigMap (1 extensions) (1 enabled)
2025-01-29 18:40:57,735 INFO c.h.h.t.HelmChartContainer - [hivemq-test-hivemq-platform] [hivemq-platform-operator] [d46f7864] 18:40:57.731 [pool-6-thread-23] DEBUG c.h.p.o.dependants.PodInfoConfigMap - [helmmqtt] Desired PodInfo ConfigMap (metrics port: 9399) (metrics path: /)
2025-01-29 18:40:57,735 INFO c.h.h.t.HelmChartContainer - [hivemq-test-hivemq-platform] [hivemq-platform-operator] [d46f7864] 18:40:57.731 [pool-6-thread-23] DEBUG c.h.p.o.dependants.PodInfoConfigMap - [helmmqtt] Desired PodInfo ConfigMap (extension state hash: -1817474005)
2025-01-29 18:40:57,744 INFO c.h.h.t.HelmChartContainer - [hivemq-test-hivemq-platform] [hivemq-platform-operator] [d46f7864] 18:40:57.743 [pool-6-thread-27] DEBUG c.h.p.o.d.PodServiceAccountResource - [helmmqtt] Desired PodServiceAccountResource (serviceAccountName: hivemq-platform-pod-test-hivemq-platform)
2025-01-29 18:40:57,817 INFO c.h.h.t.HelmChartContainer - [K3S] [reconciler_common.go:251] "operationExecutor.VerifyControllerAttachedVolume started for volume \"pod-info\" (UniqueName: \"kubernetes.io/configmap/165de4a5-74f8-4436-b128-7940a0e8b6df-pod-info\") pod \"test-hivemq-platform-0\" (UID: \"165de4a5-74f8-4436-b128-7940a0e8b6df\") " pod="helmmqttit/test-hivemq-platform-0"
2025-01-29 18:40:57,817 INFO c.h.h.t.HelmChartContainer - [K3S] [reconciler_common.go:251] "operationExecutor.VerifyControllerAttachedVolume started for volume \"broker-configuration\" (UniqueName: \"kubernetes.io/configmap/165de4a5-74f8-4436-b128-7940a0e8b6df-broker-configuration\") pod \"test-hivemq-platform-0\" (UID: \"165de4a5-74f8-4436-b128-7940a0e8b6df\") " pod="helmmqttit/test-hivemq-platform-0"
2025-01-29 18:40:57,817 INFO c.h.h.t.HelmChartContainer - [K3S] [reconciler_common.go:251] "operationExecutor.VerifyControllerAttachedVolume started for volume \"operator-init\" (UniqueName: \"kubernetes.io/empty-dir/165de4a5-74f8-4436-b128-7940a0e8b6df-operator-init\") pod \"test-hivemq-platform-0\" (UID: \"165de4a5-74f8-4436-b128-7940a0e8b6df\") " pod="helmmqttit/test-hivemq-platform-0"
2025-01-29 18:40:57,817 INFO c.h.h.t.HelmChartContainer - [K3S] [reconciler_common.go:251] "operationExecutor.VerifyControllerAttachedVolume started for volume \"kube-api-access-v7w8b\" (UniqueName: \"kubernetes.io/projected/165de4a5-74f8-4436-b128-7940a0e8b6df-kube-api-access-v7w8b\") pod \"test-hivemq-platform-0\" (UID: \"165de4a5-74f8-4436-b128-7940a0e8b6df\") " pod="helmmqttit/test-hivemq-platform-0"
2025-01-29 18:40:57,828 INFO c.h.h.t.HelmChartContainer - [hivemq-test-hivemq-platform] [hivemq-platform-operator] [d46f7864] 18:40:57.826 [pool-6-thread-30] DEBUG c.h.p.o.d.StatefulSetResource - [helmmqtt] Desired StatefulSet (1 replicas) for status STARTING (READY)
2025-01-29 18:40:57,835 INFO c.h.h.t.HelmChartContainer - [hivemq-test-hivemq-platform] [hivemq-platform-operator] [d46f7864] 18:40:57.834 [ReconcilerExecutor-hivemq-controller-75] INFO  c.h.p.o.HiveMQPlatformReconciler - [helmmqtt] Reconciling HiveMQ Platform 'test-hivemq-platform' in namespace 'helmmqttit'
2025-01-29 18:40:57,835 INFO c.h.h.t.HelmChartContainer - [hivemq-test-hivemq-platform] [hivemq-platform-operator] [d46f7864] 18:40:57.834 [ReconcilerExecutor-hivemq-controller-75] DEBUG c.h.p.o.HiveMQPlatformReconciler - [helmmqtt] Custom Resource Status STARTING - HiveMQ Platform is starting (READY)
2025-01-29 18:40:57,836 INFO c.h.h.t.HelmChartContainer - [hivemq-test-hivemq-platform] [hivemq-platform-operator] [d46f7864] 18:40:57.834 [ReconcilerExecutor-hivemq-controller-75] DEBUG c.h.p.o.HiveMQPlatformReconciler - [helmmqtt] Custom Resource Spec (replicas: 1) (extensions: 1)
2025-01-29 18:40:57,924 INFO c.h.h.t.HelmChartContainer - [hivemq-test-hivemq-platform] [hivemq-platform-operator] [d46f7864] 18:40:57.922 [ReconcilerExecutor-hivemq-controller-75] DEBUG c.h.p.o.HiveMQPlatformReconciler - [helmmqtt] StatefulSet Status (revision: test-hivemq-platform-7bbc5894fb, replicas: 1, available: 0, ready: 0, current: 1, updated: 1)
2025-01-29 18:40:57,924 INFO c.h.h.t.HelmChartContainer - [hivemq-test-hivemq-platform] [hivemq-platform-operator] [d46f7864] 18:40:57.922 [ReconcilerExecutor-hivemq-controller-75] DEBUG c.h.p.o.HiveMQPlatformReconciler - [helmmqtt] StatefulSet Spec (replicas: 1, init containers: 1, containers: 1, volumes: 3)
2025-01-29 18:40:57,937 INFO c.h.h.t.HelmChartContainer - [hivemq-test-hivemq-platform] [hivemq-platform-operator] [d46f7864] 18:40:57.936 [ReconcilerExecutor-hivemq-controller-75] DEBUG c.h.p.o.h.HiveMQPlatformReconcilerErrorHandler - [helmmqtt] Pod 'test-hivemq-platform-0' phase Pending
2025-01-29 18:40:58,018 INFO c.h.h.t.HelmChartContainer - [hivemq-test-hivemq-platform] [hivemq-platform-operator] [d46f7864] 18:40:58.016 [ReconcilerExecutor-hivemq-controller-75] DEBUG c.h.p.o.h.HiveMQPlatformReconcilerErrorHandler - [helmmqtt] Pod 'test-hivemq-platform-0' condition 'PodReadyToStartContainers': False
2025-01-29 18:40:58,018 INFO c.h.h.t.HelmChartContainer - [hivemq-test-hivemq-platform] [hivemq-platform-operator] [d46f7864] 18:40:58.016 [ReconcilerExecutor-hivemq-controller-75] DEBUG c.h.p.o.h.HiveMQPlatformReconcilerErrorHandler - [helmmqtt] Pod 'test-hivemq-platform-0' condition 'Initialized': False
2025-01-29 18:40:58,018 INFO c.h.h.t.HelmChartContainer - [hivemq-test-hivemq-platform] [hivemq-platform-operator] [d46f7864] 18:40:58.017 [ReconcilerExecutor-hivemq-controller-75] DEBUG c.h.p.o.h.HiveMQPlatformReconcilerErrorHandler - [helmmqtt] Pod 'test-hivemq-platform-0' condition 'Ready': False
2025-01-29 18:40:58,018 INFO c.h.h.t.HelmChartContainer - [hivemq-test-hivemq-platform] [hivemq-platform-operator] [d46f7864] 18:40:58.017 [ReconcilerExecutor-hivemq-controller-75] DEBUG c.h.p.o.h.HiveMQPlatformReconcilerErrorHandler - [helmmqtt] Pod 'test-hivemq-platform-0' condition 'ContainersReady': False
2025-01-29 18:40:58,018 INFO c.h.h.t.HelmChartContainer - [hivemq-test-hivemq-platform] [hivemq-platform-operator] [d46f7864] 18:40:58.017 [ReconcilerExecutor-hivemq-controller-75] DEBUG c.h.p.o.h.HiveMQPlatformReconcilerErrorHandler - [helmmqtt] Pod 'test-hivemq-platform-0' condition 'PodScheduled': True
2025-01-29 18:40:58,018 INFO c.h.h.t.HelmChartContainer - [hivemq-test-hivemq-platform] [hivemq-platform-operator] [d46f7864] 18:40:58.017 [ReconcilerExecutor-hivemq-controller-75] DEBUG c.h.p.o.h.HiveMQPlatformReconcilerErrorHandler - [helmmqtt] Pod 'test-hivemq-platform-0' containerStatus 'hivemq' (started: false) (ready: false) (waiting: [PodInitializing] null)
2025-01-29 18:40:58,023 INFO c.h.h.t.HelmChartContainer - [hivemq-test-hivemq-platform] [hivemq-platform-operator] [d46f7864] 18:40:58.022 [ReconcilerExecutor-hivemq-controller-75] INFO  c.h.p.o.h.HiveMQPlatformReconcilerBaseHandler - [helmmqtt] HiveMQ Platform is starting, 0 of 1 replicas are ready
2025-01-29 18:40:58,029 INFO c.h.h.t.HelmChartContainer - [hivemq-test-hivemq-platform] [hivemq-platform-operator] [d46f7864] 18:40:58.028 [pool-6-thread-32] DEBUG c.h.p.o.d.PlatformServiceResource - [helmmqtt] Desired Platform services (2 services)
2025-01-29 18:40:58,035 INFO c.h.h.t.HelmChartContainer - [hivemq-test-hivemq-platform] [hivemq-platform-operator] [d46f7864] 18:40:58.033 [pool-6-thread-33] DEBUG c.h.p.o.dependants.PodInfoConfigMap - [helmmqtt] Desired PodInfo ConfigMap (1 extensions) (1 enabled)
2025-01-29 18:40:58,035 INFO c.h.h.t.HelmChartContainer - [hivemq-test-hivemq-platform] [hivemq-platform-operator] [d46f7864] 18:40:58.034 [pool-6-thread-33] DEBUG c.h.p.o.dependants.PodInfoConfigMap - [helmmqtt] Desired PodInfo ConfigMap (metrics port: 9399) (metrics path: /)
2025-01-29 18:40:58,035 INFO c.h.h.t.HelmChartContainer - [hivemq-test-hivemq-platform] [hivemq-platform-operator] [d46f7864] 18:40:58.034 [pool-6-thread-33] DEBUG c.h.p.o.dependants.PodInfoConfigMap - [helmmqtt] Desired PodInfo ConfigMap (extension state hash: -1817474005)
2025-01-29 18:40:58,036 INFO c.h.h.t.HelmChartContainer - [hivemq-test-hivemq-platform] [hivemq-platform-operator] [d46f7864] 18:40:58.034 [pool-6-thread-37] DEBUG c.h.p.o.d.PodServiceAccountResource - [helmmqtt] Desired PodServiceAccountResource (serviceAccountName: hivemq-platform-pod-test-hivemq-platform)
2025-01-29 18:40:58,056 INFO c.h.h.t.HelmChartContainer - [EVENT] Normal [Pulled] Container image "docker.io/hivemq/hivemq-platform-operator-init-test:snapshot" already present on machine [helmmqttit:test-hivemq-platform-0]
2025-01-29 18:40:58,124 INFO c.h.h.t.HelmChartContainer - [hivemq-test-hivemq-platform] [hivemq-platform-operator] [d46f7864] 18:40:58.121 [pool-6-thread-40] DEBUG c.h.p.o.d.StatefulSetResource - [helmmqtt] Desired StatefulSet (1 replicas) for status STARTING (READY)
2025-01-29 18:40:58,129 INFO c.h.h.t.HelmChartContainer - [hivemq-test-hivemq-platform] [hivemq-platform-operator] [d46f7864] 18:40:58.127 [ReconcilerExecutor-hivemq-controller-86] INFO  c.h.p.o.HiveMQPlatformReconciler - [helmmqtt] Reconciling HiveMQ Platform 'test-hivemq-platform' in namespace 'helmmqttit'
2025-01-29 18:40:58,129 INFO c.h.h.t.HelmChartContainer - [hivemq-test-hivemq-platform] [hivemq-platform-operator] [d46f7864] 18:40:58.127 [ReconcilerExecutor-hivemq-controller-86] DEBUG c.h.p.o.HiveMQPlatformReconciler - [helmmqtt] Custom Resource Status STARTING - HiveMQ Platform is starting (READY)
2025-01-29 18:40:58,129 INFO c.h.h.t.HelmChartContainer - [hivemq-test-hivemq-platform] [hivemq-platform-operator] [d46f7864] 18:40:58.127 [ReconcilerExecutor-hivemq-controller-86] DEBUG c.h.p.o.HiveMQPlatformReconciler - [helmmqtt] Custom Resource Spec (replicas: 1) (extensions: 1)
2025-01-29 18:40:58,133 INFO c.h.h.t.HelmChartContainer - [hivemq-test-hivemq-platform] [hivemq-platform-operator] [d46f7864] 18:40:58.131 [ReconcilerExecutor-hivemq-controller-86] DEBUG c.h.p.o.HiveMQPlatformReconciler - [helmmqtt] StatefulSet Status (revision: test-hivemq-platform-7bbc5894fb, replicas: 1, available: 0, ready: 0, current: 1, updated: 1)
2025-01-29 18:40:58,136 INFO c.h.h.t.HelmChartContainer - [hivemq-test-hivemq-platform] [hivemq-platform-operator] [d46f7864] 18:40:58.132 [ReconcilerExecutor-hivemq-controller-86] DEBUG c.h.p.o.HiveMQPlatformReconciler - [helmmqtt] StatefulSet Spec (replicas: 1, init containers: 1, containers: 1, volumes: 3)
2025-01-29 18:40:58,136 INFO c.h.h.t.HelmChartContainer - [hivemq-test-hivemq-platform] [hivemq-platform-operator] [d46f7864] 18:40:58.134 [ReconcilerExecutor-hivemq-controller-86] DEBUG c.h.p.o.h.HiveMQPlatformReconcilerErrorHandler - [helmmqtt] Pod 'test-hivemq-platform-0' phase Pending
2025-01-29 18:40:58,139 INFO c.h.h.t.HelmChartContainer - [hivemq-test-hivemq-platform] [hivemq-platform-operator] [d46f7864] 18:40:58.137 [ReconcilerExecutor-hivemq-controller-86] DEBUG c.h.p.o.h.HiveMQPlatformReconcilerErrorHandler - [helmmqtt] Pod 'test-hivemq-platform-0' condition 'PodReadyToStartContainers': False
2025-01-29 18:40:58,139 INFO c.h.h.t.HelmChartContainer - [hivemq-test-hivemq-platform] [hivemq-platform-operator] [d46f7864] 18:40:58.137 [ReconcilerExecutor-hivemq-controller-86] DEBUG c.h.p.o.h.HiveMQPlatformReconcilerErrorHandler - [helmmqtt] Pod 'test-hivemq-platform-0' condition 'Initialized': False
2025-01-29 18:40:58,141 INFO c.h.h.t.HelmChartContainer - [hivemq-test-hivemq-platform] [hivemq-platform-operator] [d46f7864] 18:40:58.137 [ReconcilerExecutor-hivemq-controller-86] DEBUG c.h.p.o.h.HiveMQPlatformReconcilerErrorHandler - [helmmqtt] Pod 'test-hivemq-platform-0' condition 'Ready': False
2025-01-29 18:40:58,141 INFO c.h.h.t.HelmChartContainer - [hivemq-test-hivemq-platform] [hivemq-platform-operator] [d46f7864] 18:40:58.137 [ReconcilerExecutor-hivemq-controller-86] DEBUG c.h.p.o.h.HiveMQPlatformReconcilerErrorHandler - [helmmqtt] Pod 'test-hivemq-platform-0' condition 'ContainersReady': False
2025-01-29 18:40:58,141 INFO c.h.h.t.HelmChartContainer - [hivemq-test-hivemq-platform] [hivemq-platform-operator] [d46f7864] 18:40:58.137 [ReconcilerExecutor-hivemq-controller-86] DEBUG c.h.p.o.h.HiveMQPlatformReconcilerErrorHandler - [helmmqtt] Pod 'test-hivemq-platform-0' condition 'PodScheduled': True
2025-01-29 18:40:58,141 INFO c.h.h.t.HelmChartContainer - [hivemq-test-hivemq-platform] [hivemq-platform-operator] [d46f7864] 18:40:58.137 [ReconcilerExecutor-hivemq-controller-86] DEBUG c.h.p.o.h.HiveMQPlatformReconcilerErrorHandler - [helmmqtt] Pod 'test-hivemq-platform-0' containerStatus 'hivemq' (started: false) (ready: false) (waiting: [PodInitializing] null)
2025-01-29 18:40:58,141 INFO c.h.h.t.HelmChartContainer - [hivemq-test-hivemq-platform] [hivemq-platform-operator] [d46f7864] 18:40:58.139 [ReconcilerExecutor-hivemq-controller-86] INFO  c.h.p.o.h.HiveMQPlatformReconcilerBaseHandler - [helmmqtt] HiveMQ Platform is starting, 0 of 1 replicas are ready
2025-01-29 18:40:58,180 INFO c.h.h.t.HelmChartContainer - [EVENT] Normal [Created] Created container: hivemq-platform-operator-init [helmmqttit:test-hivemq-platform-0]
2025-01-29 18:40:58,223 INFO c.h.h.t.HelmChartContainer - [EVENT] Normal [Started] Started container hivemq-platform-operator-init [helmmqttit:test-hivemq-platform-0]
2025-01-29 18:40:58,512 INFO c.h.h.t.HelmChartContainer - [EVENT] Normal [Pulled] Container image "docker.io/hivemq/hivemq4:4.36.0" already present on machine [helmmqttit:test-hivemq-platform-0]
2025-01-29 18:40:58,512 INFO c.h.h.t.HelmChartContainer - Received Pulled event for container hivemq in pod test-hivemq-platform-0 [165de4a5-74f8-4436-b128-7940a0e8b6df]
2025-01-29 18:40:58,525 INFO c.h.h.t.HelmChartContainer - [POD] test-hivemq-platform-0 [165de4a5-74f8-4436-b128-7940a0e8b6df] in helmmqttit was MODIFIED
2025-01-29 18:40:58,544 INFO c.h.h.t.HelmChartContainer - [hivemq-test-hivemq-platform] [hivemq-platform-operator] [d46f7864] 18:40:58.539 [pool-6-thread-42] DEBUG c.h.p.o.d.PlatformServiceResource - [helmmqtt] Desired Platform services (2 services)
2025-01-29 18:40:58,551 INFO c.h.h.t.HelmChartContainer - [POD] svclb-hivemq-test-hivemq-platform-mqtt-1884-df6938f4-b6f6d [92d30448-30f1-41c5-aec8-a990e21285ad] in kube-system was MODIFIED
2025-01-29 18:40:58,554 INFO c.h.h.t.HelmChartContainer - [hivemq-test-hivemq-platform] [hivemq-platform-operator] [d46f7864] 18:40:58.541 [pool-6-thread-43] DEBUG c.h.p.o.dependants.PodInfoConfigMap - [helmmqtt] Desired PodInfo ConfigMap (1 extensions) (1 enabled)
2025-01-29 18:40:58,554 INFO c.h.h.t.HelmChartContainer - [hivemq-test-hivemq-platform] [hivemq-platform-operator] [d46f7864] 18:40:58.549 [pool-6-thread-43] DEBUG c.h.p.o.dependants.PodInfoConfigMap - [helmmqtt] Desired PodInfo ConfigMap (metrics port: 9399) (metrics path: /)
2025-01-29 18:40:58,554 INFO c.h.h.t.HelmChartContainer - [hivemq-test-hivemq-platform] [hivemq-platform-operator] [d46f7864] 18:40:58.549 [pool-6-thread-43] DEBUG c.h.p.o.dependants.PodInfoConfigMap - [helmmqtt] Desired PodInfo ConfigMap (extension state hash: -1817474005)
2025-01-29 18:40:58,554 INFO c.h.h.t.HelmChartContainer - [hivemq-test-hivemq-platform] [hivemq-platform-operator] [d46f7864] 18:40:58.549 [pool-6-thread-47] DEBUG c.h.p.o.d.PodServiceAccountResource - [helmmqtt] Desired PodServiceAccountResource (serviceAccountName: hivemq-platform-pod-test-hivemq-platform)
2025-01-29 18:40:58,565 INFO c.h.h.t.HelmChartContainer - [K3S] [event.go:389] "Event occurred" object="helmmqttit/hivemq-test-hivemq-platform-mqtt-1884" fieldPath="" kind="Service" apiVersion="v1" type="Normal" reason="UpdatedLoadBalancer" message="Updated LoadBalancer with new IPs: [] -> [172.18.0.2]"
2025-01-29 18:40:58,567 INFO c.h.h.t.HelmChartContainer - [EVENT] Normal [UpdatedLoadBalancer] Updated LoadBalancer with new IPs: [] -> [172.18.0.2] [helmmqttit:hivemq-test-hivemq-platform-mqtt-1884]
2025-01-29 18:40:58,625 INFO c.h.h.t.HelmChartContainer - [hivemq-test-hivemq-platform] [hivemq-platform-operator] [d46f7864] 18:40:58.623 [pool-6-thread-50] DEBUG c.h.p.o.d.StatefulSetResource - [helmmqtt] Desired StatefulSet (1 replicas) for status STARTING (READY)
2025-01-29 18:40:58,630 INFO c.h.h.t.HelmChartContainer - [hivemq-test-hivemq-platform] [hivemq-platform-operator] [d46f7864] 18:40:58.629 [ReconcilerExecutor-hivemq-controller-97] INFO  c.h.p.o.HiveMQPlatformReconciler - [helmmqtt] Reconciling HiveMQ Platform 'test-hivemq-platform' in namespace 'helmmqttit'
2025-01-29 18:40:58,630 INFO c.h.h.t.HelmChartContainer - [hivemq-test-hivemq-platform] [hivemq-platform-operator] [d46f7864] 18:40:58.629 [ReconcilerExecutor-hivemq-controller-97] DEBUG c.h.p.o.HiveMQPlatformReconciler - [helmmqtt] Custom Resource Status STARTING - HiveMQ Platform is starting (READY)
2025-01-29 18:40:58,632 INFO c.h.h.t.HelmChartContainer - [hivemq-test-hivemq-platform] [hivemq-platform-operator] [d46f7864] 18:40:58.629 [ReconcilerExecutor-hivemq-controller-97] DEBUG c.h.p.o.HiveMQPlatformReconciler - [helmmqtt] Custom Resource Spec (replicas: 1) (extensions: 1)
2025-01-29 18:40:58,633 INFO c.h.h.t.HelmChartContainer - [hivemq-test-hivemq-platform] [hivemq-platform-operator] [d46f7864] 18:40:58.632 [ReconcilerExecutor-hivemq-controller-97] DEBUG c.h.p.o.HiveMQPlatformReconciler - [helmmqtt] StatefulSet Status (revision: test-hivemq-platform-7bbc5894fb, replicas: 1, available: 0, ready: 0, current: 1, updated: 1)
2025-01-29 18:40:58,633 INFO c.h.h.t.HelmChartContainer - [hivemq-test-hivemq-platform] [hivemq-platform-operator] [d46f7864] 18:40:58.632 [ReconcilerExecutor-hivemq-controller-97] DEBUG c.h.p.o.HiveMQPlatformReconciler - [helmmqtt] StatefulSet Spec (replicas: 1, init containers: 1, containers: 1, volumes: 3)
2025-01-29 18:40:58,636 INFO c.h.h.t.HelmChartContainer - [hivemq-test-hivemq-platform] [hivemq-platform-operator] [d46f7864] 18:40:58.636 [ReconcilerExecutor-hivemq-controller-97] DEBUG c.h.p.o.h.HiveMQPlatformReconcilerErrorHandler - [helmmqtt] Pod 'test-hivemq-platform-0' phase Pending
2025-01-29 18:40:58,637 INFO c.h.h.t.HelmChartContainer - [hivemq-test-hivemq-platform] [hivemq-platform-operator] [d46f7864] 18:40:58.636 [ReconcilerExecutor-hivemq-controller-97] DEBUG c.h.p.o.h.HiveMQPlatformReconcilerErrorHandler - [helmmqtt] Pod 'test-hivemq-platform-0' condition 'PodReadyToStartContainers': True
2025-01-29 18:40:58,639 INFO c.h.h.t.HelmChartContainer - [hivemq-test-hivemq-platform] [hivemq-platform-operator] [d46f7864] 18:40:58.637 [ReconcilerExecutor-hivemq-controller-97] DEBUG c.h.p.o.h.HiveMQPlatformReconcilerErrorHandler - [helmmqtt] Pod 'test-hivemq-platform-0' condition 'Initialized': True
2025-01-29 18:40:58,639 INFO c.h.h.t.HelmChartContainer - [hivemq-test-hivemq-platform] [hivemq-platform-operator] [d46f7864] 18:40:58.637 [ReconcilerExecutor-hivemq-controller-97] DEBUG c.h.p.o.h.HiveMQPlatformReconcilerErrorHandler - [helmmqtt] Pod 'test-hivemq-platform-0' condition 'Ready': False
2025-01-29 18:40:58,641 INFO c.h.h.t.HelmChartContainer - [hivemq-test-hivemq-platform] [hivemq-platform-operator] [d46f7864] 18:40:58.637 [ReconcilerExecutor-hivemq-controller-97] DEBUG c.h.p.o.h.HiveMQPlatformReconcilerErrorHandler - [helmmqtt] Pod 'test-hivemq-platform-0' condition 'ContainersReady': False
2025-01-29 18:40:58,641 INFO c.h.h.t.HelmChartContainer - [hivemq-test-hivemq-platform] [hivemq-platform-operator] [d46f7864] 18:40:58.637 [ReconcilerExecutor-hivemq-controller-97] DEBUG c.h.p.o.h.HiveMQPlatformReconcilerErrorHandler - [helmmqtt] Pod 'test-hivemq-platform-0' condition 'PodScheduled': True
2025-01-29 18:40:58,641 INFO c.h.h.t.HelmChartContainer - [hivemq-test-hivemq-platform] [hivemq-platform-operator] [d46f7864] 18:40:58.637 [ReconcilerExecutor-hivemq-controller-97] DEBUG c.h.p.o.h.HiveMQPlatformReconcilerErrorHandler - [helmmqtt] Pod 'test-hivemq-platform-0' containerStatus 'hivemq' (started: false) (ready: false) (waiting: [PodInitializing] null)
2025-01-29 18:40:58,641 INFO c.h.h.t.HelmChartContainer - [hivemq-test-hivemq-platform] [hivemq-platform-operator] [d46f7864] 18:40:58.639 [ReconcilerExecutor-hivemq-controller-97] INFO  c.h.p.o.h.HiveMQPlatformReconcilerBaseHandler - [helmmqtt] HiveMQ Platform is starting, 0 of 1 replicas are ready
2025-01-29 18:40:58,724 INFO c.h.h.t.HelmChartContainer - [hivemq-test-hivemq-platform] [hivemq-platform-operator] [d46f7864] 18:40:58.723 [pool-6-thread-8] DEBUG c.h.p.o.d.PlatformServiceResource - [helmmqtt] Desired Platform services (2 services)
2025-01-29 18:40:58,731 INFO c.h.h.t.HelmChartContainer - [hivemq-test-hivemq-platform] [hivemq-platform-operator] [d46f7864] 18:40:58.726 [pool-6-thread-9] DEBUG c.h.p.o.dependants.PodInfoConfigMap - [helmmqtt] Desired PodInfo ConfigMap (1 extensions) (1 enabled)
2025-01-29 18:40:58,731 INFO c.h.h.t.HelmChartContainer - [hivemq-test-hivemq-platform] [hivemq-platform-operator] [d46f7864] 18:40:58.726 [pool-6-thread-9] DEBUG c.h.p.o.dependants.PodInfoConfigMap - [helmmqtt] Desired PodInfo ConfigMap (metrics port: 9399) (metrics path: /)
2025-01-29 18:40:58,731 INFO c.h.h.t.HelmChartContainer - [hivemq-test-hivemq-platform] [hivemq-platform-operator] [d46f7864] 18:40:58.726 [pool-6-thread-9] DEBUG c.h.p.o.dependants.PodInfoConfigMap - [helmmqtt] Desired PodInfo ConfigMap (extension state hash: -1817474005)
2025-01-29 18:40:58,731 INFO c.h.h.t.HelmChartContainer - [hivemq-test-hivemq-platform] [hivemq-platform-operator] [d46f7864] 18:40:58.729 [pool-6-thread-6] DEBUG c.h.p.o.d.PodServiceAccountResource - [helmmqtt] Desired PodServiceAccountResource (serviceAccountName: hivemq-platform-pod-test-hivemq-platform)
2025-01-29 18:40:58,819 INFO c.h.h.t.HelmChartContainer - [hivemq-test-hivemq-platform] [hivemq-platform-operator] [d46f7864] 18:40:58.817 [pool-6-thread-8] DEBUG c.h.p.o.d.StatefulSetResource - [helmmqtt] Desired StatefulSet (1 replicas) for status STARTING (READY)
2025-01-29 18:40:58,824 INFO c.h.h.t.HelmChartContainer - [hivemq-test-hivemq-platform] [hivemq-platform-operator] [d46f7864] 18:40:58.822 [ReconcilerExecutor-hivemq-controller-108] INFO  c.h.p.o.HiveMQPlatformReconciler - [helmmqtt] Reconciling HiveMQ Platform 'test-hivemq-platform' in namespace 'helmmqttit'
2025-01-29 18:40:58,825 INFO c.h.h.t.HelmChartContainer - [hivemq-test-hivemq-platform] [hivemq-platform-operator] [d46f7864] 18:40:58.822 [ReconcilerExecutor-hivemq-controller-108] DEBUG c.h.p.o.HiveMQPlatformReconciler - [helmmqtt] Custom Resource Status STARTING - HiveMQ Platform is starting (READY)
2025-01-29 18:40:58,826 INFO c.h.h.t.HelmChartContainer - [hivemq-test-hivemq-platform] [hivemq-platform-operator] [d46f7864] 18:40:58.822 [ReconcilerExecutor-hivemq-controller-108] DEBUG c.h.p.o.HiveMQPlatformReconciler - [helmmqtt] Custom Resource Spec (replicas: 1) (extensions: 1)
2025-01-29 18:40:58,826 INFO c.h.h.t.HelmChartContainer - [hivemq-test-hivemq-platform] [hivemq-platform-operator] [d46f7864] 18:40:58.825 [ReconcilerExecutor-hivemq-controller-108] DEBUG c.h.p.o.HiveMQPlatformReconciler - [helmmqtt] StatefulSet Status (revision: test-hivemq-platform-7bbc5894fb, replicas: 1, available: 0, ready: 0, current: 1, updated: 1)
2025-01-29 18:40:58,827 INFO c.h.h.t.HelmChartContainer - [hivemq-test-hivemq-platform] [hivemq-platform-operator] [d46f7864] 18:40:58.825 [ReconcilerExecutor-hivemq-controller-108] DEBUG c.h.p.o.HiveMQPlatformReconciler - [helmmqtt] StatefulSet Spec (replicas: 1, init containers: 1, containers: 1, volumes: 3)
2025-01-29 18:40:58,828 INFO c.h.h.t.HelmChartContainer - [hivemq-test-hivemq-platform] [hivemq-platform-operator] [d46f7864] 18:40:58.827 [ReconcilerExecutor-hivemq-controller-108] DEBUG c.h.p.o.h.HiveMQPlatformReconcilerErrorHandler - [helmmqtt] Pod 'test-hivemq-platform-0' phase Pending
2025-01-29 18:40:58,829 INFO c.h.h.t.HelmChartContainer - [hivemq-test-hivemq-platform] [hivemq-platform-operator] [d46f7864] 18:40:58.827 [ReconcilerExecutor-hivemq-controller-108] DEBUG c.h.p.o.h.HiveMQPlatformReconcilerErrorHandler - [helmmqtt] Pod 'test-hivemq-platform-0' condition 'PodReadyToStartContainers': True
2025-01-29 18:40:58,829 INFO c.h.h.t.HelmChartContainer - [hivemq-test-hivemq-platform] [hivemq-platform-operator] [d46f7864] 18:40:58.827 [ReconcilerExecutor-hivemq-controller-108] DEBUG c.h.p.o.h.HiveMQPlatformReconcilerErrorHandler - [helmmqtt] Pod 'test-hivemq-platform-0' condition 'Initialized': True
2025-01-29 18:40:58,829 INFO c.h.h.t.HelmChartContainer - [hivemq-test-hivemq-platform] [hivemq-platform-operator] [d46f7864] 18:40:58.828 [ReconcilerExecutor-hivemq-controller-108] DEBUG c.h.p.o.h.HiveMQPlatformReconcilerErrorHandler - [helmmqtt] Pod 'test-hivemq-platform-0' condition 'Ready': False
2025-01-29 18:40:58,829 INFO c.h.h.t.HelmChartContainer - [hivemq-test-hivemq-platform] [hivemq-platform-operator] [d46f7864] 18:40:58.828 [ReconcilerExecutor-hivemq-controller-108] DEBUG c.h.p.o.h.HiveMQPlatformReconcilerErrorHandler - [helmmqtt] Pod 'test-hivemq-platform-0' condition 'ContainersReady': False
2025-01-29 18:40:58,830 INFO c.h.h.t.HelmChartContainer - [hivemq-test-hivemq-platform] [hivemq-platform-operator] [d46f7864] 18:40:58.828 [ReconcilerExecutor-hivemq-controller-108] DEBUG c.h.p.o.h.HiveMQPlatformReconcilerErrorHandler - [helmmqtt] Pod 'test-hivemq-platform-0' condition 'PodScheduled': True
2025-01-29 18:40:58,830 INFO c.h.h.t.HelmChartContainer - [hivemq-test-hivemq-platform] [hivemq-platform-operator] [d46f7864] 18:40:58.828 [ReconcilerExecutor-hivemq-controller-108] DEBUG c.h.p.o.h.HiveMQPlatformReconcilerErrorHandler - [helmmqtt] Pod 'test-hivemq-platform-0' containerStatus 'hivemq' (started: false) (ready: false) (waiting: [PodInitializing] null)
2025-01-29 18:40:58,831 INFO c.h.h.t.HelmChartContainer - [hivemq-test-hivemq-platform] [hivemq-platform-operator] [d46f7864] 18:40:58.829 [ReconcilerExecutor-hivemq-controller-108] INFO  c.h.p.o.h.HiveMQPlatformReconcilerBaseHandler - [helmmqtt] HiveMQ Platform is starting, 0 of 1 replicas are ready
2025-01-29 18:40:59,817 INFO c.h.h.t.HelmChartContainer - [EVENT] Normal [Created] Created container: hivemq [helmmqttit:test-hivemq-platform-0]
2025-01-29 18:40:59,817 INFO c.h.h.t.HelmChartContainer - Received Created event for container hivemq in pod test-hivemq-platform-0 [165de4a5-74f8-4436-b128-7940a0e8b6df]
2025-01-29 18:41:00,525 INFO c.h.h.t.HelmChartContainer - [POD] test-hivemq-platform-0 [165de4a5-74f8-4436-b128-7940a0e8b6df] in helmmqttit was MODIFIED
2025-01-29 18:41:00,537 INFO c.h.h.t.HelmChartContainer - Started log watcher for hivemq in pod test-hivemq-platform-0 [165de4a5-74f8-4436-b128-7940a0e8b6df]
2025-01-29 18:41:00,537 INFO c.h.h.t.HelmChartContainer - [EVENT] Normal [Started] Started container hivemq [helmmqttit:test-hivemq-platform-0]
2025-01-29 18:41:00,538 INFO c.h.h.t.HelmChartContainer - Received Started event for container hivemq in pod test-hivemq-platform-0 [165de4a5-74f8-4436-b128-7940a0e8b6df]
2025-01-29 18:41:00,537 INFO c.h.h.t.HelmChartContainer - [hivemq-test-hivemq-platform] [hivemq-platform-operator] [d46f7864] 18:41:00.531 [pool-6-thread-14] DEBUG c.h.p.o.d.PlatformServiceResource - [helmmqtt] Desired Platform services (2 services)
2025-01-29 18:41:00,537 INFO c.h.h.t.HelmChartContainer - [test-hivemq-platform] [hivemq] [165de4a5] Adding pre-installed HiveMQ Platform Operator extensions
2025-01-29 18:41:00,539 INFO c.h.h.t.HelmChartContainer - [test-hivemq-platform] [hivemq] [165de4a5] Running as user 10000
2025-01-29 18:41:00,539 INFO c.h.h.t.HelmChartContainer - [test-hivemq-platform] [hivemq] [165de4a5] Starting HiveMQ Platform Operator Init
2025-01-29 18:41:00,539 INFO c.h.h.t.HelmChartContainer - [hivemq-test-hivemq-platform] [hivemq-platform-operator] [d46f7864] 18:41:00.534 [pool-6-thread-11] DEBUG c.h.p.o.dependants.PodInfoConfigMap - [helmmqtt] Desired PodInfo ConfigMap (1 extensions) (1 enabled)
2025-01-29 18:41:00,539 INFO c.h.h.t.HelmChartContainer - [hivemq-test-hivemq-platform] [hivemq-platform-operator] [d46f7864] 18:41:00.534 [pool-6-thread-11] DEBUG c.h.p.o.dependants.PodInfoConfigMap - [helmmqtt] Desired PodInfo ConfigMap (metrics port: 9399) (metrics path: /)
2025-01-29 18:41:00,539 INFO c.h.h.t.HelmChartContainer - [hivemq-test-hivemq-platform] [hivemq-platform-operator] [d46f7864] 18:41:00.534 [pool-6-thread-11] DEBUG c.h.p.o.dependants.PodInfoConfigMap - [helmmqtt] Desired PodInfo ConfigMap (extension state hash: -1817474005)
2025-01-29 18:41:00,542 INFO c.h.h.t.HelmChartContainer - [hivemq-test-hivemq-platform] [hivemq-platform-operator] [d46f7864] 18:41:00.539 [pool-6-thread-15] DEBUG c.h.p.o.d.PodServiceAccountResource - [helmmqtt] Desired PodServiceAccountResource (serviceAccountName: hivemq-platform-pod-test-hivemq-platform)
2025-01-29 18:41:00,546 INFO c.h.h.t.HelmChartContainer - [hivemq-test-hivemq-platform] [hivemq-platform-operator] [d46f7864] 18:41:00.545 [pool-6-thread-17] DEBUG c.h.p.o.d.StatefulSetResource - [helmmqtt] Desired StatefulSet (1 replicas) for status STARTING (READY)
2025-01-29 18:41:00,623 INFO c.h.h.t.HelmChartContainer - [hivemq-test-hivemq-platform] [hivemq-platform-operator] [d46f7864] 18:41:00.622 [ReconcilerExecutor-hivemq-controller-109] INFO  c.h.p.o.HiveMQPlatformReconciler - [helmmqtt] Reconciling HiveMQ Platform 'test-hivemq-platform' in namespace 'helmmqttit'
2025-01-29 18:41:00,623 INFO c.h.h.t.HelmChartContainer - [hivemq-test-hivemq-platform] [hivemq-platform-operator] [d46f7864] 18:41:00.622 [ReconcilerExecutor-hivemq-controller-109] DEBUG c.h.p.o.HiveMQPlatformReconciler - [helmmqtt] Custom Resource Status STARTING - HiveMQ Platform is starting (READY)
2025-01-29 18:41:00,623 INFO c.h.h.t.HelmChartContainer - [hivemq-test-hivemq-platform] [hivemq-platform-operator] [d46f7864] 18:41:00.622 [ReconcilerExecutor-hivemq-controller-109] DEBUG c.h.p.o.HiveMQPlatformReconciler - [helmmqtt] Custom Resource Spec (replicas: 1) (extensions: 1)
2025-01-29 18:41:00,626 INFO c.h.h.t.HelmChartContainer - [hivemq-test-hivemq-platform] [hivemq-platform-operator] [d46f7864] 18:41:00.624 [ReconcilerExecutor-hivemq-controller-109] DEBUG c.h.p.o.HiveMQPlatformReconciler - [helmmqtt] StatefulSet Status (revision: test-hivemq-platform-7bbc5894fb, replicas: 1, available: 0, ready: 0, current: 1, updated: 1)
2025-01-29 18:41:00,626 INFO c.h.h.t.HelmChartContainer - [hivemq-test-hivemq-platform] [hivemq-platform-operator] [d46f7864] 18:41:00.624 [ReconcilerExecutor-hivemq-controller-109] DEBUG c.h.p.o.HiveMQPlatformReconciler - [helmmqtt] StatefulSet Spec (replicas: 1, init containers: 1, containers: 1, volumes: 3)
2025-01-29 18:41:00,628 INFO c.h.h.t.HelmChartContainer - [hivemq-test-hivemq-platform] [hivemq-platform-operator] [d46f7864] 18:41:00.627 [ReconcilerExecutor-hivemq-controller-109] DEBUG c.h.p.o.h.HiveMQPlatformReconcilerErrorHandler - [helmmqtt] Pod 'test-hivemq-platform-0' phase Running
2025-01-29 18:41:00,628 INFO c.h.h.t.HelmChartContainer - [hivemq-test-hivemq-platform] [hivemq-platform-operator] [d46f7864] 18:41:00.628 [ReconcilerExecutor-hivemq-controller-109] INFO  c.h.p.o.h.HiveMQPlatformReconcilerBaseHandler - [helmmqtt] HiveMQ Platform is starting, 0 of 1 replicas are ready
2025-01-29 18:41:00,997 INFO c.h.h.t.HelmChartContainer - [test-hivemq-platform] [hivemq] [165de4a5] INFO  - [HiveMQ Platform Operator Init 1.7.0-SNAPSHOT] HiveMQ Platform Operator Init 1.7.0-SNAPSHOT (commit: b1b9591 on branch: HEAD) built on Wed Jan 29 18:32:18 UTC 2025
2025-01-29 18:41:02,192 INFO c.h.h.t.HelmChartContainer - [test-hivemq-platform] [hivemq] [165de4a5] INFO  - [HiveMQ Platform Operator Init App 1.7.0-SNAPSHOT] Using bind address 10.42.0.11 from environment variable
2025-01-29 18:41:03,095 INFO c.h.h.t.HelmChartContainer - [test-hivemq-platform] [hivemq] [165de4a5] INFO  - [HiveMQ Platform Operator Init App 1.7.0-SNAPSHOT] HiveMQ Platform Operator Init App 1.7.0-SNAPSHOT (commit: b1b9591 on branch: HEAD) built on Wed Jan 29 18:32:18 UTC 2025
2025-01-29 18:41:03,095 INFO c.h.h.t.HelmChartContainer - [test-hivemq-platform] [hivemq] [165de4a5] INFO  - [HiveMQ Platform Operator Init App 1.7.0-SNAPSHOT] PodInfo ConfigMap directory: /etc/podinfo
2025-01-29 18:41:03,096 INFO c.h.h.t.HelmChartContainer - [test-hivemq-platform] [hivemq] [165de4a5] INFO  - [HiveMQ Platform Operator Init App 1.7.0-SNAPSHOT] HiveMQ home directory: /opt/hivemq
2025-01-29 18:41:03,096 INFO c.h.h.t.HelmChartContainer - [test-hivemq-platform] [hivemq] [165de4a5] INFO  - [HiveMQ Platform Operator Init App 1.7.0-SNAPSHOT] HiveMQ Logback folder: /opt/hivemq/conf
2025-01-29 18:41:03,096 INFO c.h.h.t.HelmChartContainer - [test-hivemq-platform] [hivemq] [165de4a5] INFO  - [HiveMQ Platform Operator Init App 1.7.0-SNAPSHOT] HiveMQ Config folder: /opt/hivemq/conf-k8s
2025-01-29 18:41:03,096 INFO c.h.h.t.HelmChartContainer - [test-hivemq-platform] [hivemq] [165de4a5] INFO  - [HiveMQ Platform Operator Init App 1.7.0-SNAPSHOT] Starting HiveMQ Platform Operator Init App
2025-01-29 18:41:03,096 INFO c.h.h.t.HelmChartContainer - [test-hivemq-platform] [hivemq] [165de4a5] INFO  - [HiveMQ Platform Operator Init App 1.7.0-SNAPSHOT] Starting Pod reconciler
2025-01-29 18:41:04,500 INFO c.h.h.t.HelmChartContainer - [test-hivemq-platform] [hivemq] [165de4a5] INFO  - [HiveMQ Platform Operator Init App 1.7.0-SNAPSHOT] Pod reconciler is scheduled (interval: 5000 ms)
2025-01-29 18:41:04,501 INFO c.h.h.t.HelmChartContainer - [test-hivemq-platform] [hivemq] [165de4a5] INFO  - [HiveMQ Platform Operator Init App 1.7.0-SNAPSHOT] Starting the REST API on 10.42.0.11:7979
2025-01-29 18:41:04,503 INFO c.h.h.t.HelmChartContainer - [test-hivemq-platform] [hivemq] [165de4a5] INFO  - [HiveMQ Platform Operator Init App 1.7.0-SNAPSHOT] Waiting up to 600s for at most 1 HiveMQ nodes in cluster service hivemq-test-hivemq-platform-cluster.helmmqttit.svc
2025-01-29 18:41:04,875 INFO c.h.h.t.HelmChartContainer - [test-hivemq-platform] [hivemq] [165de4a5] INFO  - [HiveMQ Platform Operator Init App 1.7.0-SNAPSHOT] Resolved 1 IP addresses: [10.42.0.11]
2025-01-29 18:41:04,875 INFO c.h.h.t.HelmChartContainer - [test-hivemq-platform] [hivemq] [165de4a5] INFO  - [HiveMQ Platform Operator Init App 1.7.0-SNAPSHOT] HiveMQ node count of 1 is within threshold of 1
2025-01-29 18:41:04,875 INFO c.h.h.t.HelmChartContainer - [test-hivemq-platform] [hivemq] [165de4a5] INFO  - [HiveMQ Platform Operator Init App 1.7.0-SNAPSHOT] Proceeding with container start
2025-01-29 18:41:04,913 INFO c.h.h.t.HelmChartContainer - [test-hivemq-platform] [hivemq] [165de4a5] INFO  - [HiveMQ Platform Operator Init App 1.7.0-SNAPSHOT] Initializing HiveMQ Platform extensions with initial configuration: {hivemq-allow-all-extension={start-priority=-1, skip-https-hostname-verification=false, restart=true, config-version=0, header-version=0, c-uri=, priority=-1, uri=preinstalled, skip-https-certificate-validation=false, enabled=true}, hivemq-prometheus-extension={priority=-1, start-priority=-1, c-uri=, skip-https-hostname-verification=false, skip-https-certificate-validation=false, uri=preinstalled, request-header-path=no-request-headers, enabled=true, restart=true}}
2025-01-29 18:41:05,395 INFO c.h.h.t.HelmChartContainer - [test-hivemq-platform] [hivemq] [165de4a5] INFO  - [HiveMQ Platform Operator Init App 1.7.0-SNAPSHOT] Extension hivemq-allow-all-extension was already enabled
2025-01-29 18:41:05,404 INFO c.h.h.t.HelmChartContainer - [test-hivemq-platform] [hivemq] [165de4a5] INFO  - [HiveMQ Platform Operator Init App 1.7.0-SNAPSHOT] Successfully enabled extension hivemq-prometheus-extension
2025-01-29 18:41:05,405 INFO c.h.h.t.HelmChartContainer - [test-hivemq-platform] [hivemq] [165de4a5] INFO  - [HiveMQ Platform Operator Init App 1.7.0-SNAPSHOT] Starting HiveMQ Platform version 4.36.0 (4.36.0)
2025-01-29 18:41:05,406 INFO c.h.h.t.HelmChartContainer - [test-hivemq-platform] [hivemq] [165de4a5] INFO  - [HiveMQ Platform Operator Init App 1.7.0-SNAPSHOT] Configuring the HiveMQ Platform
2025-01-29 18:41:05,497 INFO c.h.h.t.HelmChartContainer - [test-hivemq-platform] [hivemq] [165de4a5] INFO  - [HiveMQ Platform Operator Init App 1.7.0-SNAPSHOT] Changed logback.xml file scan period to 20 seconds
2025-01-29 18:41:05,595 INFO c.h.h.t.HelmChartContainer - [test-hivemq-platform] [hivemq] [165de4a5] INFO  - [HiveMQ Platform Operator Init App 1.7.0-SNAPSHOT] Starting the HiveMQ Platform
2025-01-29 18:41:05,598 INFO c.h.h.t.HelmChartContainer - [test-hivemq-platform] [hivemq] [165de4a5] -------------------------------------------------------------------------
2025-01-29 18:41:05,598 INFO c.h.h.t.HelmChartContainer - [test-hivemq-platform] [hivemq] [165de4a5] 
2025-01-29 18:41:05,598 INFO c.h.h.t.HelmChartContainer - [test-hivemq-platform] [hivemq] [165de4a5]                   _    _  _              __  __   ____
2025-01-29 18:41:05,598 INFO c.h.h.t.HelmChartContainer - [test-hivemq-platform] [hivemq] [165de4a5]                  | |  | |(_)            |  \/  | / __ \
2025-01-29 18:41:05,598 INFO c.h.h.t.HelmChartContainer - [test-hivemq-platform] [hivemq] [165de4a5]                  | |__| | _ __   __ ___ | \  / || |  | |
2025-01-29 18:41:05,599 INFO c.h.h.t.HelmChartContainer - [test-hivemq-platform] [hivemq] [165de4a5]                  |  __  || |\ \ / // _ \| |\/| || |  | |
2025-01-29 18:41:05,599 INFO c.h.h.t.HelmChartContainer - [test-hivemq-platform] [hivemq] [165de4a5]                  | |  | || | \ V /|  __/| |  | || |__| |
2025-01-29 18:41:05,599 INFO c.h.h.t.HelmChartContainer - [test-hivemq-platform] [hivemq] [165de4a5]                  |_|  |_||_|  \_/  \___||_|  |_| \___\_\
2025-01-29 18:41:05,599 INFO c.h.h.t.HelmChartContainer - [test-hivemq-platform] [hivemq] [165de4a5] 
2025-01-29 18:41:05,599 INFO c.h.h.t.HelmChartContainer - [test-hivemq-platform] [hivemq] [165de4a5] -------------------------------------------------------------------------
2025-01-29 18:41:05,599 INFO c.h.h.t.HelmChartContainer - [test-hivemq-platform] [hivemq] [165de4a5] 
2025-01-29 18:41:05,600 INFO c.h.h.t.HelmChartContainer - [test-hivemq-platform] [hivemq] [165de4a5]   HiveMQ Start Script for Linux/Unix v1.14
2025-01-29 18:41:05,600 INFO c.h.h.t.HelmChartContainer - [test-hivemq-platform] [hivemq] [165de4a5] 
2025-01-29 18:41:05,692 INFO c.h.h.t.HelmChartContainer - [test-hivemq-platform] [hivemq] [165de4a5] -------------------------------------------------------------------------
2025-01-29 18:41:05,692 INFO c.h.h.t.HelmChartContainer - [test-hivemq-platform] [hivemq] [165de4a5] 
2025-01-29 18:41:05,692 INFO c.h.h.t.HelmChartContainer - [test-hivemq-platform] [hivemq] [165de4a5]   HIVEMQ_HOME: /opt/hivemq
2025-01-29 18:41:05,692 INFO c.h.h.t.HelmChartContainer - [test-hivemq-platform] [hivemq] [165de4a5] 
2025-01-29 18:41:05,692 INFO c.h.h.t.HelmChartContainer - [test-hivemq-platform] [hivemq] [165de4a5]   JAVA_OPTS: -XX:+UnlockExperimentalVMOptions -XX:InitialRAMPercentage=50 -XX:MaxRAMPercentage=50 -Djava.net.preferIPv4Stack=true --add-opens java.base/java.lang=ALL-UNNAMED --add-opens java.base/java.nio=ALL-UNNAMED --add-opens java.base/sun.nio.ch=ALL-UNNAMED --add-opens jdk.management/com.sun.management.internal=ALL-UNNAMED --add-exports java.base/jdk.internal.misc=ALL-UNNAMED -Djava.security.egd=file:/dev/./urandom -Dcom.sun.management.jmxremote -Dcom.sun.management.jmxremote.port=9010 -Dcom.sun.management.jmxremote.local.only=false -Dcom.sun.management.jmxremote.authenticate=false -Dcom.sun.management.jmxremote.ssl=false -Duser.language=en -Duser.region=US -XX:+CrashOnOutOfMemoryError -XX:+HeapDumpOnOutOfMemoryError
2025-01-29 18:41:05,692 INFO c.h.h.t.HelmChartContainer - [test-hivemq-platform] [hivemq] [165de4a5] 
2025-01-29 18:41:05,692 INFO c.h.h.t.HelmChartContainer - [test-hivemq-platform] [hivemq] [165de4a5]   JAVA_VERSION: 21
2025-01-29 18:41:05,692 INFO c.h.h.t.HelmChartContainer - [test-hivemq-platform] [hivemq] [165de4a5] 
2025-01-29 18:41:05,693 INFO c.h.h.t.HelmChartContainer - [test-hivemq-platform] [hivemq] [165de4a5] -------------------------------------------------------------------------
2025-01-29 18:41:05,693 INFO c.h.h.t.HelmChartContainer - [test-hivemq-platform] [hivemq] [165de4a5] 
2025-01-29 18:41:06,599 INFO c.h.h.t.HelmChartContainer - [test-hivemq-platform] [hivemq] [165de4a5] INFO  - [HiveMQ Platform Operator Init App 1.7.0-SNAPSHOT] Returning default Health API response 503 for readiness
2025-01-29 18:41:06,996 INFO c.h.h.t.HelmChartContainer - [EVENT] Warning [Unhealthy] Readiness probe failed: HTTP probe failed with statuscode: 503 [helmmqttit:test-hivemq-platform-0]
2025-01-29 18:41:06,996 INFO c.h.h.t.HelmChartContainer - Received Unhealthy event for container hivemq in pod test-hivemq-platform-0 [165de4a5-74f8-4436-b128-7940a0e8b6df]
2025-01-29 18:41:08,305 INFO c.h.h.t.HelmChartContainer - [test-hivemq-platform] [hivemq] [165de4a5] INFO  - Starting HiveMQ Enterprise Server
2025-01-29 18:41:08,394 INFO c.h.h.t.HelmChartContainer - [test-hivemq-platform] [hivemq] [165de4a5] INFO  - HiveMQ version: 4.36.0
2025-01-29 18:41:08,395 INFO c.h.h.t.HelmChartContainer - [test-hivemq-platform] [hivemq] [165de4a5] INFO  - HiveMQ home directory: /opt/hivemq
2025-01-29 18:41:08,395 INFO c.h.h.t.HelmChartContainer - [test-hivemq-platform] [hivemq] [165de4a5] INFO  - Log Configuration was overridden by /opt/hivemq/conf/logback.xml
2025-01-29 18:41:09,692 INFO c.h.h.t.HelmChartContainer - [test-hivemq-platform] [hivemq] [165de4a5] INFO  - Successfully loaded configuration from '/opt/hivemq/conf-k8s/config.xml'.
2025-01-29 18:41:10,400 INFO c.h.h.t.HelmChartContainer - [test-hivemq-platform] [hivemq] [165de4a5] INFO  - This node's ID is AFISG
2025-01-29 18:41:10,401 INFO c.h.h.t.HelmChartContainer - [test-hivemq-platform] [hivemq] [165de4a5] INFO  - Clustering is enabled
2025-01-29 18:41:10,637 INFO c.h.h.t.HelmChartContainer - [hivemq-test-hivemq-platform] [hivemq-platform-operator] [d46f7864] 18:41:10.632 [pool-6-thread-27] DEBUG c.h.p.o.d.PlatformServiceResource - [helmmqtt] Desired Platform services (2 services)
2025-01-29 18:41:10,637 INFO c.h.h.t.HelmChartContainer - [hivemq-test-hivemq-platform] [hivemq-platform-operator] [d46f7864] 18:41:10.633 [pool-6-thread-24] DEBUG c.h.p.o.d.PodServiceAccountResource - [helmmqtt] Desired PodServiceAccountResource (serviceAccountName: hivemq-platform-pod-test-hivemq-platform)
2025-01-29 18:41:10,637 INFO c.h.h.t.HelmChartContainer - [hivemq-test-hivemq-platform] [hivemq-platform-operator] [d46f7864] 18:41:10.632 [pool-6-thread-21] DEBUG c.h.p.o.dependants.PodInfoConfigMap - [helmmqtt] Desired PodInfo ConfigMap (1 extensions) (1 enabled)
2025-01-29 18:41:10,637 INFO c.h.h.t.HelmChartContainer - [hivemq-test-hivemq-platform] [hivemq-platform-operator] [d46f7864] 18:41:10.633 [pool-6-thread-21] DEBUG c.h.p.o.dependants.PodInfoConfigMap - [helmmqtt] Desired PodInfo ConfigMap (metrics port: 9399) (metrics path: /)
2025-01-29 18:41:10,637 INFO c.h.h.t.HelmChartContainer - [hivemq-test-hivemq-platform] [hivemq-platform-operator] [d46f7864] 18:41:10.633 [pool-6-thread-21] DEBUG c.h.p.o.dependants.PodInfoConfigMap - [helmmqtt] Desired PodInfo ConfigMap (extension state hash: -1817474005)
2025-01-29 18:41:10,639 INFO c.h.h.t.HelmChartContainer - [hivemq-test-hivemq-platform] [hivemq-platform-operator] [d46f7864] 18:41:10.638 [pool-6-thread-27] DEBUG c.h.p.o.d.StatefulSetResource - [helmmqtt] Desired StatefulSet (1 replicas) for status STARTING (READY)
2025-01-29 18:41:10,644 INFO c.h.h.t.HelmChartContainer - [hivemq-test-hivemq-platform] [hivemq-platform-operator] [d46f7864] 18:41:10.642 [ReconcilerExecutor-hivemq-controller-110] INFO  c.h.p.o.HiveMQPlatformReconciler - [helmmqtt] Reconciling HiveMQ Platform 'test-hivemq-platform' in namespace 'helmmqttit'
2025-01-29 18:41:10,644 INFO c.h.h.t.HelmChartContainer - [hivemq-test-hivemq-platform] [hivemq-platform-operator] [d46f7864] 18:41:10.642 [ReconcilerExecutor-hivemq-controller-110] DEBUG c.h.p.o.HiveMQPlatformReconciler - [helmmqtt] Custom Resource Status STARTING - HiveMQ Platform is starting (READY)
2025-01-29 18:41:10,644 INFO c.h.h.t.HelmChartContainer - [hivemq-test-hivemq-platform] [hivemq-platform-operator] [d46f7864] 18:41:10.642 [ReconcilerExecutor-hivemq-controller-110] DEBUG c.h.p.o.HiveMQPlatformReconciler - [helmmqtt] Custom Resource Spec (replicas: 1) (extensions: 1)
2025-01-29 18:41:10,645 INFO c.h.h.t.HelmChartContainer - [hivemq-test-hivemq-platform] [hivemq-platform-operator] [d46f7864] 18:41:10.643 [ReconcilerExecutor-hivemq-controller-110] DEBUG c.h.p.o.HiveMQPlatformReconciler - [helmmqtt] StatefulSet Status (revision: test-hivemq-platform-7bbc5894fb, replicas: 1, available: 0, ready: 0, current: 1, updated: 1)
2025-01-29 18:41:10,645 INFO c.h.h.t.HelmChartContainer - [hivemq-test-hivemq-platform] [hivemq-platform-operator] [d46f7864] 18:41:10.643 [ReconcilerExecutor-hivemq-controller-110] DEBUG c.h.p.o.HiveMQPlatformReconciler - [helmmqtt] StatefulSet Spec (replicas: 1, init containers: 1, containers: 1, volumes: 3)
2025-01-29 18:41:10,646 INFO c.h.h.t.HelmChartContainer - [hivemq-test-hivemq-platform] [hivemq-platform-operator] [d46f7864] 18:41:10.644 [ReconcilerExecutor-hivemq-controller-110] DEBUG c.h.p.o.h.HiveMQPlatformReconcilerErrorHandler - [helmmqtt] Pod 'test-hivemq-platform-0' phase Running
2025-01-29 18:41:10,646 INFO c.h.h.t.HelmChartContainer - [hivemq-test-hivemq-platform] [hivemq-platform-operator] [d46f7864] 18:41:10.645 [ReconcilerExecutor-hivemq-controller-110] INFO  c.h.p.o.h.HiveMQPlatformReconcilerBaseHandler - [helmmqtt] HiveMQ Platform is starting, 0 of 1 replicas are ready
2025-01-29 18:41:12,100 INFO c.h.h.t.HelmChartContainer - [test-hivemq-platform] [hivemq] [165de4a5] WARN  - [HiveMQ Platform Operator Init App 1.7.0-SNAPSHOT] Cannot connect to Health API for readiness: null
2025-01-29 18:41:12,105 INFO c.h.h.t.HelmChartContainer - [EVENT] Warning [Unhealthy] Readiness probe failed: HTTP probe failed with statuscode: 503 [helmmqttit:test-hivemq-platform-0]
2025-01-29 18:41:12,105 INFO c.h.h.t.HelmChartContainer - Received Unhealthy event for container hivemq in pod test-hivemq-platform-0 [165de4a5-74f8-4436-b128-7940a0e8b6df]
2025-01-29 18:41:14,694 INFO c.h.h.t.HelmChartContainer - [test-hivemq-platform] [hivemq] [165de4a5] Jan 29, 2025 6:41:14 PM io.vertx.core.impl.BlockedThreadChecker
2025-01-29 18:41:14,695 INFO c.h.h.t.HelmChartContainer - [test-hivemq-platform] [hivemq] [165de4a5] WARNING: Thread Thread[vert.x-eventloop-thread-1,5,main] has been blocked for 2005 ms, time limit is 2000 ms
2025-01-29 18:41:14,952 INFO c.h.h.t.HelmChartContainer - [K3S] [range_allocator.go:247] "Successfully synced" key="6206d5544d57"
2025-01-29 18:41:15,599 INFO c.h.h.t.HelmChartContainer - [test-hivemq-platform] [hivemq] [165de4a5] INFO  - [HiveMQ Platform Operator Init App 1.7.0-SNAPSHOT] Updating Pod HiveMQ Platform Operator Init App version annotation (version: 1.7.0-SNAPSHOT)
2025-01-29 18:41:16,411 INFO c.h.h.t.HelmChartContainer - [POD] test-hivemq-platform-0 [165de4a5-74f8-4436-b128-7940a0e8b6df] in helmmqttit was MODIFIED
2025-01-29 18:41:16,417 INFO c.h.h.t.HelmChartContainer - [hivemq-test-hivemq-platform] [hivemq-platform-operator] [d46f7864] 18:41:16.415 [pool-6-thread-36] DEBUG c.h.p.o.d.PlatformServiceResource - [helmmqtt] Desired Platform services (2 services)
2025-01-29 18:41:16,418 INFO c.h.h.t.HelmChartContainer - [hivemq-test-hivemq-platform] [hivemq-platform-operator] [d46f7864] 18:41:16.416 [pool-6-thread-33] DEBUG c.h.p.o.dependants.PodInfoConfigMap - [helmmqtt] Desired PodInfo ConfigMap (1 extensions) (1 enabled)
2025-01-29 18:41:16,419 INFO c.h.h.t.HelmChartContainer - [hivemq-test-hivemq-platform] [hivemq-platform-operator] [d46f7864] 18:41:16.418 [pool-6-thread-33] DEBUG c.h.p.o.dependants.PodInfoConfigMap - [helmmqtt] Desired PodInfo ConfigMap (metrics port: 9399) (metrics path: /)
2025-01-29 18:41:16,420 INFO c.h.h.t.HelmChartContainer - [hivemq-test-hivemq-platform] [hivemq-platform-operator] [d46f7864] 18:41:16.418 [pool-6-thread-33] DEBUG c.h.p.o.dependants.PodInfoConfigMap - [helmmqtt] Desired PodInfo ConfigMap (extension state hash: -1817474005)
2025-01-29 18:41:16,421 INFO c.h.h.t.HelmChartContainer - [hivemq-test-hivemq-platform] [hivemq-platform-operator] [d46f7864] 18:41:16.418 [pool-6-thread-37] DEBUG c.h.p.o.d.PodServiceAccountResource - [helmmqtt] Desired PodServiceAccountResource (serviceAccountName: hivemq-platform-pod-test-hivemq-platform)
2025-01-29 18:41:16,423 INFO c.h.h.t.HelmChartContainer - [hivemq-test-hivemq-platform] [hivemq-platform-operator] [d46f7864] 18:41:16.422 [pool-6-thread-36] DEBUG c.h.p.o.d.StatefulSetResource - [helmmqtt] Desired StatefulSet (1 replicas) for status STARTING (READY)
2025-01-29 18:41:16,426 INFO c.h.h.t.HelmChartContainer - [hivemq-test-hivemq-platform] [hivemq-platform-operator] [d46f7864] 18:41:16.425 [ReconcilerExecutor-hivemq-controller-111] INFO  c.h.p.o.HiveMQPlatformReconciler - [helmmqtt] Reconciling HiveMQ Platform 'test-hivemq-platform' in namespace 'helmmqttit'
2025-01-29 18:41:16,427 INFO c.h.h.t.HelmChartContainer - [hivemq-test-hivemq-platform] [hivemq-platform-operator] [d46f7864] 18:41:16.425 [ReconcilerExecutor-hivemq-controller-111] DEBUG c.h.p.o.HiveMQPlatformReconciler - [helmmqtt] Custom Resource Status STARTING - HiveMQ Platform is starting (READY)
2025-01-29 18:41:16,427 INFO c.h.h.t.HelmChartContainer - [hivemq-test-hivemq-platform] [hivemq-platform-operator] [d46f7864] 18:41:16.425 [ReconcilerExecutor-hivemq-controller-111] DEBUG c.h.p.o.HiveMQPlatformReconciler - [helmmqtt] Custom Resource Spec (replicas: 1) (extensions: 1)
2025-01-29 18:41:16,429 INFO c.h.h.t.HelmChartContainer - [hivemq-test-hivemq-platform] [hivemq-platform-operator] [d46f7864] 18:41:16.426 [ReconcilerExecutor-hivemq-controller-111] DEBUG c.h.p.o.HiveMQPlatformReconciler - [helmmqtt] StatefulSet Status (revision: test-hivemq-platform-7bbc5894fb, replicas: 1, available: 0, ready: 0, current: 1, updated: 1)
2025-01-29 18:41:16,429 INFO c.h.h.t.HelmChartContainer - [hivemq-test-hivemq-platform] [hivemq-platform-operator] [d46f7864] 18:41:16.427 [ReconcilerExecutor-hivemq-controller-111] DEBUG c.h.p.o.HiveMQPlatformReconciler - [helmmqtt] StatefulSet Spec (replicas: 1, init containers: 1, containers: 1, volumes: 3)
2025-01-29 18:41:16,429 INFO c.h.h.t.HelmChartContainer - [hivemq-test-hivemq-platform] [hivemq-platform-operator] [d46f7864] 18:41:16.428 [ReconcilerExecutor-hivemq-controller-111] DEBUG c.h.p.o.h.HiveMQPlatformReconcilerErrorHandler - [helmmqtt] Pod 'test-hivemq-platform-0' phase Running
2025-01-29 18:41:16,429 INFO c.h.h.t.HelmChartContainer - [hivemq-test-hivemq-platform] [hivemq-platform-operator] [d46f7864] 18:41:16.429 [ReconcilerExecutor-hivemq-controller-111] INFO  c.h.p.o.h.HiveMQPlatformReconcilerBaseHandler - [helmmqtt] HiveMQ Platform is starting, 0 of 1 replicas are ready
2025-01-29 18:41:16,494 INFO c.h.h.t.HelmChartContainer - [test-hivemq-platform] [hivemq] [165de4a5] WARN  - [HiveMQ Platform Operator Init App 1.7.0-SNAPSHOT] Cannot connect to Health API for readiness: null
2025-01-29 18:41:16,500 INFO c.h.h.t.HelmChartContainer - [EVENT] Warning [Unhealthy] Readiness probe failed: HTTP probe failed with statuscode: 503 [helmmqttit:test-hivemq-platform-0]
2025-01-29 18:41:16,500 INFO c.h.h.t.HelmChartContainer - Received Unhealthy event for container hivemq in pod test-hivemq-platform-0 [165de4a5-74f8-4436-b128-7940a0e8b6df]
2025-01-29 18:41:16,501 INFO c.h.h.t.HelmChartContainer - [test-hivemq-platform] [hivemq] [165de4a5] INFO  - [HiveMQ Platform Operator Init App 1.7.0-SNAPSHOT] Successfully updated Pod HiveMQ Platform Operator Init App version annotation (version: 1.7.0-SNAPSHOT)
2025-01-29 18:41:21,494 INFO c.h.h.t.HelmChartContainer - [test-hivemq-platform] [hivemq] [165de4a5] WARN  - [HiveMQ Platform Operator Init App 1.7.0-SNAPSHOT] Cannot connect to Health API for readiness: null
2025-01-29 18:41:21,502 INFO c.h.h.t.HelmChartContainer - [EVENT] Warning [Unhealthy] Readiness probe failed: HTTP probe failed with statuscode: 503 [helmmqttit:test-hivemq-platform-0]
2025-01-29 18:41:21,503 INFO c.h.h.t.HelmChartContainer - Received Unhealthy event for container hivemq in pod test-hivemq-platform-0 [165de4a5-74f8-4436-b128-7940a0e8b6df]
2025-01-29 18:41:26,433 INFO c.h.h.t.HelmChartContainer - [hivemq-test-hivemq-platform] [hivemq-platform-operator] [d46f7864] 18:41:26.432 [pool-6-thread-49] DEBUG c.h.p.o.d.PlatformServiceResource - [helmmqtt] Desired Platform services (2 services)
2025-01-29 18:41:26,435 INFO c.h.h.t.HelmChartContainer - [hivemq-test-hivemq-platform] [hivemq-platform-operator] [d46f7864] 18:41:26.432 [pool-6-thread-46] DEBUG c.h.p.o.dependants.PodInfoConfigMap - [helmmqtt] Desired PodInfo ConfigMap (1 extensions) (1 enabled)
2025-01-29 18:41:26,435 INFO c.h.h.t.HelmChartContainer - [hivemq-test-hivemq-platform] [hivemq-platform-operator] [d46f7864] 18:41:26.432 [pool-6-thread-46] DEBUG c.h.p.o.dependants.PodInfoConfigMap - [helmmqtt] Desired PodInfo ConfigMap (metrics port: 9399) (metrics path: /)
2025-01-29 18:41:26,435 INFO c.h.h.t.HelmChartContainer - [hivemq-test-hivemq-platform] [hivemq-platform-operator] [d46f7864] 18:41:26.432 [pool-6-thread-46] DEBUG c.h.p.o.dependants.PodInfoConfigMap - [helmmqtt] Desired PodInfo ConfigMap (extension state hash: -1817474005)
2025-01-29 18:41:26,436 INFO c.h.h.t.HelmChartContainer - [hivemq-test-hivemq-platform] [hivemq-platform-operator] [d46f7864] 18:41:26.435 [pool-6-thread-41] DEBUG c.h.p.o.d.PodServiceAccountResource - [helmmqtt] Desired PodServiceAccountResource (serviceAccountName: hivemq-platform-pod-test-hivemq-platform)
2025-01-29 18:41:26,438 INFO c.h.h.t.HelmChartContainer - [hivemq-test-hivemq-platform] [hivemq-platform-operator] [d46f7864] 18:41:26.437 [pool-6-thread-46] DEBUG c.h.p.o.d.StatefulSetResource - [helmmqtt] Desired StatefulSet (1 replicas) for status STARTING (READY)
2025-01-29 18:41:26,444 INFO c.h.h.t.HelmChartContainer - [hivemq-test-hivemq-platform] [hivemq-platform-operator] [d46f7864] 18:41:26.443 [ReconcilerExecutor-hivemq-controller-112] INFO  c.h.p.o.HiveMQPlatformReconciler - [helmmqtt] Reconciling HiveMQ Platform 'test-hivemq-platform' in namespace 'helmmqttit'
2025-01-29 18:41:26,444 INFO c.h.h.t.HelmChartContainer - [hivemq-test-hivemq-platform] [hivemq-platform-operator] [d46f7864] 18:41:26.443 [ReconcilerExecutor-hivemq-controller-112] DEBUG c.h.p.o.HiveMQPlatformReconciler - [helmmqtt] Custom Resource Status STARTING - HiveMQ Platform is starting (READY)
2025-01-29 18:41:26,444 INFO c.h.h.t.HelmChartContainer - [hivemq-test-hivemq-platform] [hivemq-platform-operator] [d46f7864] 18:41:26.443 [ReconcilerExecutor-hivemq-controller-112] DEBUG c.h.p.o.HiveMQPlatformReconciler - [helmmqtt] Custom Resource Spec (replicas: 1) (extensions: 1)
2025-01-29 18:41:26,449 INFO c.h.h.t.HelmChartContainer - [hivemq-test-hivemq-platform] [hivemq-platform-operator] [d46f7864] 18:41:26.448 [ReconcilerExecutor-hivemq-controller-112] DEBUG c.h.p.o.HiveMQPlatformReconciler - [helmmqtt] StatefulSet Status (revision: test-hivemq-platform-7bbc5894fb, replicas: 1, available: 0, ready: 0, current: 1, updated: 1)
2025-01-29 18:41:26,450 INFO c.h.h.t.HelmChartContainer - [hivemq-test-hivemq-platform] [hivemq-platform-operator] [d46f7864] 18:41:26.448 [ReconcilerExecutor-hivemq-controller-112] DEBUG c.h.p.o.HiveMQPlatformReconciler - [helmmqtt] StatefulSet Spec (replicas: 1, init containers: 1, containers: 1, volumes: 3)
2025-01-29 18:41:26,496 INFO c.h.h.t.HelmChartContainer - [test-hivemq-platform] [hivemq] [165de4a5] WARN  - [HiveMQ Platform Operator Init App 1.7.0-SNAPSHOT] Cannot connect to Health API for readiness: null
2025-01-29 18:41:26,508 INFO c.h.h.t.HelmChartContainer - [EVENT] Warning [Unhealthy] Readiness probe failed: HTTP probe failed with statuscode: 503 [helmmqttit:test-hivemq-platform-0]
2025-01-29 18:41:26,508 INFO c.h.h.t.HelmChartContainer - Received Unhealthy event for container hivemq in pod test-hivemq-platform-0 [165de4a5-74f8-4436-b128-7940a0e8b6df]
2025-01-29 18:41:26,525 INFO c.h.h.t.HelmChartContainer - [hivemq-test-hivemq-platform] [hivemq-platform-operator] [d46f7864] 18:41:26.522 [ReconcilerExecutor-hivemq-controller-112] DEBUG c.h.p.o.h.HiveMQPlatformReconcilerErrorHandler - [helmmqtt] Pod 'test-hivemq-platform-0' phase Running
2025-01-29 18:41:26,525 INFO c.h.h.t.HelmChartContainer - [hivemq-test-hivemq-platform] [hivemq-platform-operator] [d46f7864] 18:41:26.523 [ReconcilerExecutor-hivemq-controller-112] INFO  c.h.p.o.h.HiveMQPlatformReconcilerBaseHandler - [helmmqtt] HiveMQ Platform is starting, 0 of 1 replicas are ready
2025-01-29 18:41:27,303 INFO c.h.h.t.HelmChartContainer - [test-hivemq-platform] [hivemq] [165de4a5] INFO  - No valid license file found. Using trial license, restricted to 25 connections.
2025-01-29 18:41:27,994 INFO c.h.h.t.HelmChartContainer - [test-hivemq-platform] [hivemq] [165de4a5] WARN  - [HiveMQ Platform Operator Init App 1.7.0-SNAPSHOT] Cannot connect to Health API for liveness: null
2025-01-29 18:41:27,994 INFO c.h.h.t.HelmChartContainer - [test-hivemq-platform] [hivemq] [165de4a5] INFO  - [HiveMQ Platform Operator Init App 1.7.0-SNAPSHOT] Returning default Health API response 200 for liveness
2025-01-29 18:41:31,105 INFO c.h.h.t.HelmChartContainer - [test-hivemq-platform] [hivemq] [165de4a5] INFO  - No valid license file for Data Hub found. Using free license, restricted to 1 policy.
2025-01-29 18:41:31,498 INFO c.h.h.t.HelmChartContainer - [test-hivemq-platform] [hivemq] [165de4a5] WARN  - [HiveMQ Platform Operator Init App 1.7.0-SNAPSHOT] Cannot connect to Health API for readiness: null
2025-01-29 18:41:31,503 INFO c.h.h.t.HelmChartContainer - [EVENT] Warning [Unhealthy] Readiness probe failed: HTTP probe failed with statuscode: 503 [helmmqttit:test-hivemq-platform-0]
2025-01-29 18:41:31,503 INFO c.h.h.t.HelmChartContainer - Received Unhealthy event for container hivemq in pod test-hivemq-platform-0 [165de4a5-74f8-4436-b128-7940a0e8b6df]
2025-01-29 18:41:32,405 INFO c.h.h.t.HelmChartContainer - [test-hivemq-platform] [hivemq] [165de4a5] INFO  - Audit Logger started.
2025-01-29 18:41:32,704 INFO c.h.h.t.HelmChartContainer - [test-hivemq-platform] [hivemq] [165de4a5] INFO  - This node uses '1' CPU cores.
2025-01-29 18:41:32,709 INFO c.h.h.t.HelmChartContainer - [test-hivemq-platform] [hivemq] [165de4a5] INFO  - Starting HiveMQ Health API on address 0.0.0.0 and port 8889
2025-01-29 18:41:33,503 INFO c.h.h.t.HelmChartContainer - [test-hivemq-platform] [hivemq] [165de4a5] INFO  - Started HiveMQ Health API in 793ms
2025-01-29 18:41:34,035 INFO c.h.h.t.HelmChartContainer - [test-hivemq-platform] [hivemq] [165de4a5] INFO  - Starting HiveMQ extension system.
2025-01-29 18:41:34,393 INFO c.h.h.t.HelmChartContainer - [test-hivemq-platform] [hivemq] [165de4a5] INFO  - Starting extension with id "hivemq-dns-cluster-discovery" at /opt/hivemq/extensions/hivemq-dns-cluster-discovery
2025-01-29 18:41:34,896 INFO c.h.h.t.HelmChartContainer - [test-hivemq-platform] [hivemq] [165de4a5] INFO  - Extension "DNS Cluster Discovery Extension" version 4.3.2 started successfully.
2025-01-29 18:41:34,896 INFO c.h.h.t.HelmChartContainer - [test-hivemq-platform] [hivemq] [165de4a5] INFO  - Starting extension with id "hivemq-prometheus-extension" at /opt/hivemq/extensions/hivemq-prometheus-extension
2025-01-29 18:41:34,904 INFO c.h.h.t.HelmChartContainer - [test-hivemq-platform] [hivemq] [165de4a5] INFO  - Using TCP cluster transport on address 10.42.0.11 and port 7000
2025-01-29 18:41:34,999 INFO c.h.h.t.HelmChartContainer - [test-hivemq-platform] [hivemq] [165de4a5] INFO  - Using extension cluster discovery
2025-01-29 18:41:35,704 INFO c.h.h.t.HelmChartContainer - [test-hivemq-platform] [hivemq] [165de4a5] INFO  - Started Jetty Server exposing Prometheus Servlet on URI http://0.0.0.0:9399/
2025-01-29 18:41:35,704 INFO c.h.h.t.HelmChartContainer - [test-hivemq-platform] [hivemq] [165de4a5] INFO  - Extension "Prometheus Monitoring Extension" version 4.0.12 started successfully.
2025-01-29 18:41:35,704 INFO c.h.h.t.HelmChartContainer - [test-hivemq-platform] [hivemq] [165de4a5] INFO  - Starting extension with id "hivemq-allow-all-extension" at /opt/hivemq/extensions/hivemq-allow-all-extension
2025-01-29 18:41:35,705 INFO c.h.h.t.HelmChartContainer - [test-hivemq-platform] [hivemq] [165de4a5] WARN  - 
2025-01-29 18:41:35,705 INFO c.h.h.t.HelmChartContainer - [test-hivemq-platform] [hivemq] [165de4a5] ################################################################################################################
2025-01-29 18:41:35,705 INFO c.h.h.t.HelmChartContainer - [test-hivemq-platform] [hivemq] [165de4a5] # This HiveMQ deployment is not secure! You are lacking Authentication and Authorization.                      #
2025-01-29 18:41:35,705 INFO c.h.h.t.HelmChartContainer - [test-hivemq-platform] [hivemq] [165de4a5] # Right now any MQTT client can connect to the broker with a full set of permissions.                          #
2025-01-29 18:41:35,705 INFO c.h.h.t.HelmChartContainer - [test-hivemq-platform] [hivemq] [165de4a5] # For production usage, add an appropriate security extension and remove the hivemq-allow-all extension.       #
2025-01-29 18:41:35,705 INFO c.h.h.t.HelmChartContainer - [test-hivemq-platform] [hivemq] [165de4a5] # You can download security extensions from the HiveMQ Marketplace (https://www.hivemq.com/extensions/).       #
2025-01-29 18:41:35,705 INFO c.h.h.t.HelmChartContainer - [test-hivemq-platform] [hivemq] [165de4a5] ################################################################################################################
2025-01-29 18:41:35,705 INFO c.h.h.t.HelmChartContainer - [test-hivemq-platform] [hivemq] [165de4a5] INFO  - Extension "Allow All Extension" version 1.1.1 started successfully.
2025-01-29 18:41:36,531 INFO c.h.h.t.HelmChartContainer - [hivemq-test-hivemq-platform] [hivemq-platform-operator] [d46f7864] 18:41:36.527 [pool-6-thread-4] DEBUG c.h.p.o.d.PlatformServiceResource - [helmmqtt] Desired Platform services (2 services)
2025-01-29 18:41:36,531 INFO c.h.h.t.HelmChartContainer - [hivemq-test-hivemq-platform] [hivemq-platform-operator] [d46f7864] 18:41:36.528 [pool-6-thread-5] DEBUG c.h.p.o.d.PodServiceAccountResource - [helmmqtt] Desired PodServiceAccountResource (serviceAccountName: hivemq-platform-pod-test-hivemq-platform)
2025-01-29 18:41:36,531 INFO c.h.h.t.HelmChartContainer - [hivemq-test-hivemq-platform] [hivemq-platform-operator] [d46f7864] 18:41:36.528 [pool-6-thread-9] DEBUG c.h.p.o.dependants.PodInfoConfigMap - [helmmqtt] Desired PodInfo ConfigMap (1 extensions) (1 enabled)
2025-01-29 18:41:36,531 INFO c.h.h.t.HelmChartContainer - [hivemq-test-hivemq-platform] [hivemq-platform-operator] [d46f7864] 18:41:36.529 [pool-6-thread-9] DEBUG c.h.p.o.dependants.PodInfoConfigMap - [helmmqtt] Desired PodInfo ConfigMap (metrics port: 9399) (metrics path: /)
2025-01-29 18:41:36,531 INFO c.h.h.t.HelmChartContainer - [hivemq-test-hivemq-platform] [hivemq-platform-operator] [d46f7864] 18:41:36.529 [pool-6-thread-9] DEBUG c.h.p.o.dependants.PodInfoConfigMap - [helmmqtt] Desired PodInfo ConfigMap (extension state hash: -1817474005)
2025-01-29 18:41:36,533 INFO c.h.h.t.HelmChartContainer - [hivemq-test-hivemq-platform] [hivemq-platform-operator] [d46f7864] 18:41:36.533 [pool-6-thread-9] DEBUG c.h.p.o.d.StatefulSetResource - [helmmqtt] Desired StatefulSet (1 replicas) for status STARTING (READY)
2025-01-29 18:41:36,538 INFO c.h.h.t.HelmChartContainer - [hivemq-test-hivemq-platform] [hivemq-platform-operator] [d46f7864] 18:41:36.537 [ReconcilerExecutor-hivemq-controller-113] INFO  c.h.p.o.HiveMQPlatformReconciler - [helmmqtt] Reconciling HiveMQ Platform 'test-hivemq-platform' in namespace 'helmmqttit'
2025-01-29 18:41:36,538 INFO c.h.h.t.HelmChartContainer - [hivemq-test-hivemq-platform] [hivemq-platform-operator] [d46f7864] 18:41:36.537 [ReconcilerExecutor-hivemq-controller-113] DEBUG c.h.p.o.HiveMQPlatformReconciler - [helmmqtt] Custom Resource Status STARTING - HiveMQ Platform is starting (READY)
2025-01-29 18:41:36,538 INFO c.h.h.t.HelmChartContainer - [hivemq-test-hivemq-platform] [hivemq-platform-operator] [d46f7864] 18:41:36.537 [ReconcilerExecutor-hivemq-controller-113] DEBUG c.h.p.o.HiveMQPlatformReconciler - [helmmqtt] Custom Resource Spec (replicas: 1) (extensions: 1)
2025-01-29 18:41:36,539 INFO c.h.h.t.HelmChartContainer - [hivemq-test-hivemq-platform] [hivemq-platform-operator] [d46f7864] 18:41:36.538 [ReconcilerExecutor-hivemq-controller-113] DEBUG c.h.p.o.HiveMQPlatformReconciler - [helmmqtt] StatefulSet Status (revision: test-hivemq-platform-7bbc5894fb, replicas: 1, available: 0, ready: 0, current: 1, updated: 1)
2025-01-29 18:41:36,542 INFO c.h.h.t.HelmChartContainer - [hivemq-test-hivemq-platform] [hivemq-platform-operator] [d46f7864] 18:41:36.538 [ReconcilerExecutor-hivemq-controller-113] DEBUG c.h.p.o.HiveMQPlatformReconciler - [helmmqtt] StatefulSet Spec (replicas: 1, init containers: 1, containers: 1, volumes: 3)
2025-01-29 18:41:36,542 INFO c.h.h.t.HelmChartContainer - [hivemq-test-hivemq-platform] [hivemq-platform-operator] [d46f7864] 18:41:36.540 [ReconcilerExecutor-hivemq-controller-113] DEBUG c.h.p.o.h.HiveMQPlatformReconcilerErrorHandler - [helmmqtt] Pod 'test-hivemq-platform-0' phase Running
2025-01-29 18:41:36,542 INFO c.h.h.t.HelmChartContainer - [hivemq-test-hivemq-platform] [hivemq-platform-operator] [d46f7864] 18:41:36.540 [ReconcilerExecutor-hivemq-controller-113] INFO  c.h.p.o.h.HiveMQPlatformReconcilerBaseHandler - [helmmqtt] HiveMQ Platform is starting, 0 of 1 replicas are ready
2025-01-29 18:41:36,803 INFO c.h.h.t.HelmChartContainer - [test-hivemq-platform] [hivemq] [165de4a5] INFO  - [HiveMQ Platform Operator Init App 1.7.0-SNAPSHOT] Returning Health API response 503 for readiness
2025-01-29 18:41:36,807 INFO c.h.h.t.HelmChartContainer - [EVENT] Warning [Unhealthy] Readiness probe failed: HTTP probe failed with statuscode: 503 [helmmqttit:test-hivemq-platform-0]
2025-01-29 18:41:36,807 INFO c.h.h.t.HelmChartContainer - Received Unhealthy event for container hivemq in pod test-hivemq-platform-0 [165de4a5-74f8-4436-b128-7940a0e8b6df]
2025-01-29 18:41:37,590 INFO c.h.h.t.HelmChartContainer - [K3S] [INFO] COMPACT compactRev=0 targetCompactRev=2 currentRev=1124
2025-01-29 18:41:37,591 INFO c.h.h.t.HelmChartContainer - [K3S] [INFO] COMPACT deleted 0 rows from 2 revisions in 422.803µs - compacted to 2/1124
2025-01-29 18:41:37,591 INFO c.h.h.t.HelmChartContainer - [K3S] [INFO] COMPACT compacted from 0 to 2 in 1 transactions over 1ms
2025-01-29 18:41:37,998 INFO c.h.h.t.HelmChartContainer - [test-hivemq-platform] [hivemq] [165de4a5] INFO  - AFISG: no members discovered after 2406 ms: creating cluster as first member
2025-01-29 18:41:38,006 INFO c.h.h.t.HelmChartContainer - [test-hivemq-platform] [hivemq] [165de4a5] INFO  - Cluster nodes found by discovery: [AFISG|0] (1) [AFISG].
2025-01-29 18:41:38,098 INFO c.h.h.t.HelmChartContainer - [test-hivemq-platform] [hivemq] [165de4a5] WARN  - No user for HiveMQ Control Center configured. Starting with default user
2025-01-29 18:41:38,098 INFO c.h.h.t.HelmChartContainer - [test-hivemq-platform] [hivemq] [165de4a5] INFO  - Starting HiveMQ Control Center on address 127.0.0.1 and port 8080
2025-01-29 18:41:38,101 INFO c.h.h.t.HelmChartContainer - [test-hivemq-platform] [hivemq] [165de4a5] INFO  - Mounting HiveMQ Control Center V2 Preview
2025-01-29 18:41:38,706 INFO c.h.h.t.HelmChartContainer - [test-hivemq-platform] [hivemq] [165de4a5] INFO  - Started HiveMQ Control Center in 608ms
2025-01-29 18:41:38,798 INFO c.h.h.t.HelmChartContainer - [test-hivemq-platform] [hivemq] [165de4a5] INFO  - Starting TCP listener on address 0.0.0.0 and port 1884
2025-01-29 18:41:38,813 INFO c.h.h.t.HelmChartContainer - [test-hivemq-platform] [hivemq] [165de4a5] INFO  - Started TCP Listener on address 0.0.0.0 and on port 1884.
2025-01-29 18:41:38,813 INFO c.h.h.t.HelmChartContainer - [test-hivemq-platform] [hivemq] [165de4a5] INFO  - Started HiveMQ in 30817ms
2025-01-29 18:41:40,100 INFO c.h.h.t.HelmChartContainer - [K3S] [info.go:53] Couldn't collect info from any of the files in "/etc/machine-id,/var/lib/dbus/machine-id"
2025-01-29 18:41:41,417 INFO c.h.h.t.HelmChartContainer - [test-hivemq-platform] [hivemq] [165de4a5] INFO  - [HiveMQ Platform Operator Init App 1.7.0-SNAPSHOT] Returning Health API response 200 for readiness
2025-01-29 18:41:41,429 INFO c.h.h.t.HelmChartContainer - [POD] test-hivemq-platform-0 [165de4a5-74f8-4436-b128-7940a0e8b6df] in helmmqttit was MODIFIED
2025-01-29 18:41:41,443 INFO c.h.h.t.HelmChartContainer - [hivemq-test-hivemq-platform] [hivemq-platform-operator] [d46f7864] 18:41:41.432 [pool-6-thread-11] DEBUG c.h.p.o.d.PlatformServiceResource - [helmmqtt] Desired Platform services (2 services)
2025-01-29 18:41:41,443 INFO c.h.h.t.HelmChartContainer - [hivemq-test-hivemq-platform] [hivemq-platform-operator] [d46f7864] 18:41:41.436 [pool-6-thread-14] DEBUG c.h.p.o.dependants.PodInfoConfigMap - [helmmqtt] Desired PodInfo ConfigMap (1 extensions) (1 enabled)
2025-01-29 18:41:41,443 INFO c.h.h.t.HelmChartContainer - [hivemq-test-hivemq-platform] [hivemq-platform-operator] [d46f7864] 18:41:41.436 [pool-6-thread-14] DEBUG c.h.p.o.dependants.PodInfoConfigMap - [helmmqtt] Desired PodInfo ConfigMap (metrics port: 9399) (metrics path: /)
2025-01-29 18:41:41,443 INFO c.h.h.t.HelmChartContainer - [hivemq-test-hivemq-platform] [hivemq-platform-operator] [d46f7864] 18:41:41.436 [pool-6-thread-14] DEBUG c.h.p.o.dependants.PodInfoConfigMap - [helmmqtt] Desired PodInfo ConfigMap (extension state hash: -1817474005)
2025-01-29 18:41:41,449 INFO c.h.h.t.HelmChartContainer - [hivemq-test-hivemq-platform] [hivemq-platform-operator] [d46f7864] 18:41:41.441 [pool-6-thread-16] DEBUG c.h.p.o.d.PodServiceAccountResource - [helmmqtt] Desired PodServiceAccountResource (serviceAccountName: hivemq-platform-pod-test-hivemq-platform)
2025-01-29 18:41:41,449 INFO c.h.h.t.HelmChartContainer - [hivemq-test-hivemq-platform] [hivemq-platform-operator] [d46f7864] 18:41:41.446 [pool-6-thread-11] DEBUG c.h.p.o.d.StatefulSetResource - [helmmqtt] Desired StatefulSet (1 replicas) for status STARTING (READY)
2025-01-29 18:41:41,456 INFO c.h.h.t.HelmChartContainer - [K3S] [event.go:389] "Event occurred" object="helmmqttit/hivemq-test-hivemq-platform-mqtt-1884" fieldPath="" kind="Service" apiVersion="v1" type="Normal" reason="UpdatedLoadBalancer" message="Updated LoadBalancer with new IPs: [172.18.0.2] -> [172.18.0.2]"
2025-01-29 18:41:41,458 INFO c.h.h.t.HelmChartContainer - [EVENT] Normal [UpdatedLoadBalancer] Updated LoadBalancer with new IPs: [172.18.0.2] -> [172.18.0.2] [helmmqttit:hivemq-test-hivemq-platform-mqtt-1884]
2025-01-29 18:41:41,522 INFO c.h.h.t.HelmChartContainer - [hivemq-test-hivemq-platform] [hivemq-platform-operator] [d46f7864] 18:41:41.520 [ReconcilerExecutor-hivemq-controller-114] INFO  c.h.p.o.HiveMQPlatformReconciler - [helmmqtt] Reconciling HiveMQ Platform 'test-hivemq-platform' in namespace 'helmmqttit'
2025-01-29 18:41:41,522 INFO c.h.h.t.HelmChartContainer - [hivemq-test-hivemq-platform] [hivemq-platform-operator] [d46f7864] 18:41:41.520 [ReconcilerExecutor-hivemq-controller-114] DEBUG c.h.p.o.HiveMQPlatformReconciler - [helmmqtt] Custom Resource Status STARTING - HiveMQ Platform is starting (READY)
2025-01-29 18:41:41,522 INFO c.h.h.t.HelmChartContainer - [hivemq-test-hivemq-platform] [hivemq-platform-operator] [d46f7864] 18:41:41.520 [ReconcilerExecutor-hivemq-controller-114] DEBUG c.h.p.o.HiveMQPlatformReconciler - [helmmqtt] Custom Resource Spec (replicas: 1) (extensions: 1)
2025-01-29 18:41:41,525 INFO c.h.h.t.HelmChartContainer - [hivemq-test-hivemq-platform] [hivemq-platform-operator] [d46f7864] 18:41:41.522 [ReconcilerExecutor-hivemq-controller-114] DEBUG c.h.p.o.HiveMQPlatformReconciler - [helmmqtt] StatefulSet Status (revision: test-hivemq-platform-7bbc5894fb, replicas: 1, available: 1, ready: 1, current: 1, updated: 1)
2025-01-29 18:41:41,527 INFO c.h.h.t.HelmChartContainer - [hivemq-test-hivemq-platform] [hivemq-platform-operator] [d46f7864] 18:41:41.522 [ReconcilerExecutor-hivemq-controller-114] DEBUG c.h.p.o.HiveMQPlatformReconciler - [helmmqtt] StatefulSet Spec (replicas: 1, init containers: 1, containers: 1, volumes: 3)
2025-01-29 18:41:41,527 INFO c.h.h.t.HelmChartContainer - [hivemq-test-hivemq-platform] [hivemq-platform-operator] [d46f7864] 18:41:41.523 [ReconcilerExecutor-hivemq-controller-114] DEBUG c.h.p.o.h.HiveMQPlatformReconcilerErrorHandler - [helmmqtt] Pod 'test-hivemq-platform-0' phase Running
2025-01-29 18:41:41,529 INFO c.h.h.t.HelmChartContainer - [hivemq-test-hivemq-platform] [hivemq-platform-operator] [d46f7864] 18:41:41.524 [ReconcilerExecutor-hivemq-controller-114] INFO  c.h.p.o.h.HiveMQPlatformReconcilerBaseHandler - [helmmqtt] HiveMQ Platform started successfully
2025-01-29 18:41:41,542 INFO c.h.h.t.HelmChartContainer - [hivemq-test-hivemq-platform] [hivemq-platform-operator] [d46f7864] 18:41:41.541 [ReconcilerExecutor-hivemq-controller-114] DEBUG c.h.p.operator.event.EventSender - [helmmqtt] Creating K8s event hivemq-platform-ready: [Ready] HiveMQ Platform is ready
2025-01-29 18:41:41,545 INFO c.h.h.t.HelmChartContainer - [EVENT] Normal [Ready] HiveMQ Platform is ready [helmmqttit:test-hivemq-platform]
2025-01-29 18:41:41,622 INFO c.h.h.t.HelmChartContainer - [hivemq-test-hivemq-platform] [hivemq-platform-operator] [d46f7864] 18:41:41.621 [ReconcilerExecutor-hivemq-controller-114] INFO  c.h.p.o.h.AbstractHiveMQReconcilerStateHandler - [helmmqtt] Update HiveMQ Platform Status (STARTING [READY] -> RUNNING [READY]): HiveMQ Platform is ready
2025-01-29 18:41:41,631 DEBUG com.hivemq.helmcharts.util.K8sUtil - Comparing actual state 'RUNNING' and waiting for 'RUNNING'
2025-01-29 18:41:41,638 INFO c.h.h.t.HelmChartContainer - [hivemq-test-hivemq-platform] [hivemq-platform-operator] [d46f7864] 18:41:41.634 [pool-6-thread-25] DEBUG c.h.p.o.dependants.PodInfoConfigMap - [helmmqtt] Desired PodInfo ConfigMap (1 extensions) (1 enabled)
2025-01-29 18:41:41,638 INFO c.h.h.t.HelmChartContainer - [hivemq-test-hivemq-platform] [hivemq-platform-operator] [d46f7864] 18:41:41.634 [pool-6-thread-25] DEBUG c.h.p.o.dependants.PodInfoConfigMap - [helmmqtt] Desired PodInfo ConfigMap (metrics port: 9399) (metrics path: /)
2025-01-29 18:41:41,638 INFO c.h.h.t.HelmChartContainer - [hivemq-test-hivemq-platform] [hivemq-platform-operator] [d46f7864] 18:41:41.634 [pool-6-thread-28] DEBUG c.h.p.o.d.PodServiceAccountResource - [helmmqtt] Desired PodServiceAccountResource (serviceAccountName: hivemq-platform-pod-test-hivemq-platform)
2025-01-29 18:41:41,638 INFO c.h.h.t.HelmChartContainer - [hivemq-test-hivemq-platform] [hivemq-platform-operator] [d46f7864] 18:41:41.634 [pool-6-thread-25] DEBUG c.h.p.o.dependants.PodInfoConfigMap - [helmmqtt] Desired PodInfo ConfigMap (extension state hash: -1817474005)
2025-01-29 18:41:41,638 INFO c.h.h.t.HelmChartContainer - [hivemq-test-hivemq-platform] [hivemq-platform-operator] [d46f7864] 18:41:41.635 [pool-6-thread-25] DEBUG c.h.p.o.dependants.PodInfoConfigMap - [helmmqtt] Update PodInfo ConfigMap
2025-01-29 18:41:41,638 INFO c.h.h.t.HelmChartContainer - [hivemq-test-hivemq-platform] [hivemq-platform-operator] [d46f7864] 18:41:41.633 [pool-6-thread-29] DEBUG c.h.p.o.d.PlatformServiceResource - [helmmqtt] Desired Platform services (2 services)
2025-01-29 18:41:41,724 INFO c.h.h.t.HelmChartContainer - [hivemq-test-hivemq-platform] [hivemq-platform-operator] [d46f7864] 18:41:41.723 [pool-6-thread-25] DEBUG c.h.p.o.d.StatefulSetResource - [helmmqtt] Desired StatefulSet (1 replicas) for status RUNNING (READY)
2025-01-29 18:41:41,727 INFO c.h.h.t.HelmChartContainer - [hivemq-test-hivemq-platform] [hivemq-platform-operator] [d46f7864] 18:41:41.726 [ReconcilerExecutor-hivemq-controller-115] INFO  c.h.p.o.HiveMQPlatformReconciler - [helmmqtt] Reconciling HiveMQ Platform 'test-hivemq-platform' in namespace 'helmmqttit'
2025-01-29 18:41:41,728 INFO c.h.h.t.HelmChartContainer - [hivemq-test-hivemq-platform] [hivemq-platform-operator] [d46f7864] 18:41:41.726 [ReconcilerExecutor-hivemq-controller-115] DEBUG c.h.p.o.HiveMQPlatformReconciler - [helmmqtt] Custom Resource Status RUNNING - HiveMQ Platform is ready (READY)
2025-01-29 18:41:41,728 INFO c.h.h.t.HelmChartContainer - [hivemq-test-hivemq-platform] [hivemq-platform-operator] [d46f7864] 18:41:41.726 [ReconcilerExecutor-hivemq-controller-115] DEBUG c.h.p.o.HiveMQPlatformReconciler - [helmmqtt] Custom Resource Spec (replicas: 1) (extensions: 1)
2025-01-29 18:41:41,729 INFO c.h.h.t.HelmChartContainer - [hivemq-test-hivemq-platform] [hivemq-platform-operator] [d46f7864] 18:41:41.728 [ReconcilerExecutor-hivemq-controller-115] DEBUG c.h.p.o.HiveMQPlatformReconciler - [helmmqtt] StatefulSet Status (revision: test-hivemq-platform-7bbc5894fb, replicas: 1, available: 1, ready: 1, current: 1, updated: 1)
2025-01-29 18:41:41,731 INFO c.h.h.t.HelmChartContainer - [hivemq-test-hivemq-platform] [hivemq-platform-operator] [d46f7864] 18:41:41.728 [ReconcilerExecutor-hivemq-controller-115] DEBUG c.h.p.o.HiveMQPlatformReconciler - [helmmqtt] StatefulSet Spec (replicas: 1, init containers: 1, containers: 1, volumes: 3)
2025-01-29 18:41:41,731 INFO c.h.h.t.HelmChartContainer - [hivemq-test-hivemq-platform] [hivemq-platform-operator] [d46f7864] 18:41:41.730 [ReconcilerExecutor-hivemq-controller-115] DEBUG c.h.p.o.h.HiveMQPlatformReconcilerErrorHandler - [helmmqtt] Pod 'test-hivemq-platform-0' phase Running
2025-01-29 18:41:46,479 INFO c.h.h.t.HelmChartContainer - Uninstalling release 'test-hivemq-platform' in namespace 'helmmqttit'...
2025-01-29 18:41:46,479 DEBUG c.h.h.t.HelmChartContainer - Executing helm command: /bin/helm --kubeconfig /etc/rancher/k3s/k3s.yaml uninstall test-hivemq-platform  --wait --timeout 5m0s --cascade foreground --namespace helmmqttit
2025-01-29 18:41:46,669 INFO c.h.h.t.HelmChartContainer - [hivemq-test-hivemq-platform] [hivemq-platform-operator] [d46f7864] 18:41:46.665 [pool-6-thread-34] DEBUG c.h.p.o.d.PlatformServiceResource - [helmmqtt] Desired Platform services (2 services)
2025-01-29 18:41:46,669 INFO c.h.h.t.HelmChartContainer - [hivemq-test-hivemq-platform] [hivemq-platform-operator] [d46f7864] 18:41:46.666 [pool-6-thread-33] DEBUG c.h.p.o.dependants.PodInfoConfigMap - [helmmqtt] Desired PodInfo ConfigMap (1 extensions) (1 enabled)
2025-01-29 18:41:46,669 INFO c.h.h.t.HelmChartContainer - [hivemq-test-hivemq-platform] [hivemq-platform-operator] [d46f7864] 18:41:46.666 [pool-6-thread-33] DEBUG c.h.p.o.dependants.PodInfoConfigMap - [helmmqtt] Desired PodInfo ConfigMap (metrics port: 9399) (metrics path: /)
2025-01-29 18:41:46,669 INFO c.h.h.t.HelmChartContainer - [hivemq-test-hivemq-platform] [hivemq-platform-operator] [d46f7864] 18:41:46.666 [pool-6-thread-33] DEBUG c.h.p.o.dependants.PodInfoConfigMap - [helmmqtt] Desired PodInfo ConfigMap (extension state hash: -1817474005)
2025-01-29 18:41:46,670 INFO c.h.h.t.HelmChartContainer - [hivemq-test-hivemq-platform] [hivemq-platform-operator] [d46f7864] 18:41:46.667 [pool-6-thread-31] DEBUG c.h.p.o.d.PodServiceAccountResource - [helmmqtt] Desired PodServiceAccountResource (serviceAccountName: hivemq-platform-pod-test-hivemq-platform)
2025-01-29 18:41:46,699 INFO c.h.h.t.HelmChartContainer - [K3S] [event.go:389] "Event occurred" object="helmmqttit/hivemq-test-hivemq-platform-mqtt-1884" fieldPath="" kind="Service" apiVersion="v1" type="Normal" reason="DeletingLoadBalancer" message="Deleting load balancer"
2025-01-29 18:41:46,707 INFO c.h.h.t.HelmChartContainer - [EVENT] Normal [DeletingLoadBalancer] Deleting load balancer [helmmqttit:hivemq-test-hivemq-platform-mqtt-1884]
2025-01-29 18:41:46,714 INFO c.h.h.t.HelmChartContainer - [K3S] [event.go:389] "Event occurred" object="helmmqttit/hivemq-test-hivemq-platform-mqtt-1884" fieldPath="" kind="Service" apiVersion="v1" type="Normal" reason="DeletedDaemonSet" message="Deleted LoadBalancer DaemonSet kube-system/svclb-hivemq-test-hivemq-platform-mqtt-1884-df6938f4"
2025-01-29 18:41:46,718 INFO c.h.h.t.HelmChartContainer - [EVENT] Normal [DeletedDaemonSet] Deleted LoadBalancer DaemonSet kube-system/svclb-hivemq-test-hivemq-platform-mqtt-1884-df6938f4 [helmmqttit:hivemq-test-hivemq-platform-mqtt-1884]
2025-01-29 18:41:46,719 INFO c.h.h.t.HelmChartContainer - [K3S] [event.go:389] "Event occurred" object="helmmqttit/hivemq-test-hivemq-platform-mqtt-1884" fieldPath="" kind="Service" apiVersion="v1" type="Normal" reason="DeletedLoadBalancer" message="Deleted load balancer"
2025-01-29 18:41:46,723 INFO c.h.h.t.HelmChartContainer - [hivemq-test-hivemq-platform] [hivemq-platform-operator] [d46f7864] 18:41:46.721 [pool-6-thread-34] DEBUG c.h.p.o.d.StatefulSetResource - [helmmqtt] Desired StatefulSet (1 replicas) for status RUNNING (READY)
2025-01-29 18:41:46,730 INFO c.h.h.t.HelmChartContainer - [EVENT] Normal [DeletedLoadBalancer] Deleted load balancer [helmmqttit:hivemq-test-hivemq-platform-mqtt-1884]
2025-01-29 18:41:46,731 INFO c.h.h.t.HelmChartContainer - [hivemq-test-hivemq-platform] [hivemq-platform-operator] [d46f7864] 18:41:46.727 [ReconcilerExecutor-hivemq-controller-116] INFO  c.h.p.o.HiveMQPlatformReconciler - [helmmqtt] Reconciling HiveMQ Platform 'test-hivemq-platform' in namespace 'helmmqttit'
2025-01-29 18:41:46,731 INFO c.h.h.t.HelmChartContainer - [hivemq-test-hivemq-platform] [hivemq-platform-operator] [d46f7864] 18:41:46.727 [ReconcilerExecutor-hivemq-controller-116] DEBUG c.h.p.o.HiveMQPlatformReconciler - [helmmqtt] Custom Resource Status RUNNING - HiveMQ Platform is ready (READY)
2025-01-29 18:41:46,731 INFO c.h.h.t.HelmChartContainer - [hivemq-test-hivemq-platform] [hivemq-platform-operator] [d46f7864] 18:41:46.727 [ReconcilerExecutor-hivemq-controller-116] DEBUG c.h.p.o.HiveMQPlatformReconciler - [helmmqtt] Custom Resource Spec (replicas: 1) (extensions: 1)
2025-01-29 18:41:46,731 INFO c.h.h.t.HelmChartContainer - [hivemq-test-hivemq-platform] [hivemq-platform-operator] [d46f7864] 18:41:46.727 [ReconcilerExecutor-hivemq-controller-116] WARN  c.h.p.o.h.HiveMQPlatformReconcilerErrorHandler - [helmmqtt] Could not find ConfigMap 'hivemq-configuration-test-hivemq-platform' for HiveMQ Platform configuration
2025-01-29 18:41:46,810 INFO c.h.h.t.HelmChartContainer - [K3S] [authentication.go:74] "Unable to authenticate the request" err="[invalid bearer token, serviceaccounts \"hivemq-platform-pod-test-hivemq-platform\" not found]"
2025-01-29 18:41:46,833 INFO c.h.h.t.HelmChartContainer - [K3S] [authentication.go:74] "Unable to authenticate the request" err="[invalid bearer token, serviceaccounts \"hivemq-platform-pod-test-hivemq-platform\" not found]"
2025-01-29 18:41:46,901 INFO c.h.h.t.HelmChartContainer - [test-hivemq-platform] [hivemq] [165de4a5] WARN  - [HiveMQ Platform Operator Init App 1.7.0-SNAPSHOT] Could not update Pod annotations: Failure executing: GET at: https://10.43.0.1:443/api/v1/namespaces/helmmqttit/pods/test-hivemq-platform-0. Message: Unauthorized. Received status: Status(apiVersion=v1, code=401, details=null, kind=Status, message=Unauthorized, metadata=ListMeta(_continue=null, remainingItemCount=null, resourceVersion=null, selfLink=null, additionalProperties={}), reason=Unauthorized, status=Failure, additionalProperties={}).
2025-01-29 18:41:46,927 INFO c.h.h.t.HelmChartContainer - [hivemq-test-hivemq-platform] [hivemq-platform-operator] [d46f7864] 18:41:46.926 [ReconcilerExecutor-hivemq-controller-116] DEBUG c.h.p.operator.event.EventSender - [helmmqtt] Creating K8s event hivemq-platform-invalid-configuration: [Start] Could not find ConfigMap 'hivemq-configuration-test-hivemq-platform' for HiveMQ Platform configuration
2025-01-29 18:41:46,931 INFO c.h.h.t.HelmChartContainer - [EVENT] Warning [Start] Could not find ConfigMap 'hivemq-configuration-test-hivemq-platform' for HiveMQ Platform configuration [helmmqttit:test-hivemq-platform]
2025-01-29 18:41:46,932 INFO c.h.h.t.HelmChartContainer - [hivemq-test-hivemq-platform] [hivemq-platform-operator] [d46f7864] 18:41:46.931 [ReconcilerExecutor-hivemq-controller-116] INFO  c.h.p.o.h.AbstractHiveMQReconcilerStateHandler - [helmmqtt] Update HiveMQ Platform Status (RUNNING [READY] -> ERROR [INVALID_CONFIG_MAP]): Could not find ConfigMap 'hivemq-configuration-test-hivemq-platform' for HiveMQ Platform configuration
2025-01-29 18:41:46,942 INFO c.h.h.t.HelmChartContainer - [hivemq-test-hivemq-platform] [hivemq-platform-operator] [d46f7864] 18:41:46.938 [ReconcilerExecutor-hivemq-controller-116] ERROR i.j.o.p.event.EventProcessor - Error during event processing ExecutionScope{ resource id: ResourceID{name='test-hivemq-platform', namespace='helmmqttit'}, version: 1135}
2025-01-29 18:41:46,942 INFO c.h.h.t.HelmChartContainer - [hivemq-test-hivemq-platform] [hivemq-platform-operator] [d46f7864] io.fabric8.kubernetes.client.KubernetesClientException: Failure executing: PUT at: https://10.43.0.1:443/apis/hivemq.com/v1/namespaces/helmmqttit/hivemq-platforms/test-hivemq-platform/status. Message: Operation cannot be fulfilled on hivemq-platforms.hivemq.com "test-hivemq-platform": the object has been modified; please apply your changes to the latest version and try again. Received status: Status(apiVersion=v1, code=409, details=StatusDetails(causes=[], group=hivemq.com, kind=hivemq-platforms, name=test-hivemq-platform, retryAfterSeconds=null, uid=null, additionalProperties={}), kind=Status, message=Operation cannot be fulfilled on hivemq-platforms.hivemq.com "test-hivemq-platform": the object has been modified; please apply your changes to the latest version and try again, metadata=ListMeta(_continue=null, remainingItemCount=null, resourceVersion=null, selfLink=null, additionalProperties={}), reason=Conflict, status=Failure, additionalProperties={}).
2025-01-29 18:41:46,942 INFO c.h.h.t.HelmChartContainer - [hivemq-test-hivemq-platform] [hivemq-platform-operator] [d46f7864] 	at io.fabric8.kubernetes.client.KubernetesClientException.copyAsCause(KubernetesClientException.java:238)
2025-01-29 18:41:46,942 INFO c.h.h.t.HelmChartContainer - [hivemq-test-hivemq-platform] [hivemq-platform-operator] [d46f7864] 	at io.fabric8.kubernetes.client.dsl.internal.OperationSupport.waitForResult(OperationSupport.java:507)
2025-01-29 18:41:46,942 INFO c.h.h.t.HelmChartContainer - [hivemq-test-hivemq-platform] [hivemq-platform-operator] [d46f7864] 	at io.fabric8.kubernetes.client.dsl.internal.OperationSupport.handleResponse(OperationSupport.java:524)
2025-01-29 18:41:46,942 INFO c.h.h.t.HelmChartContainer - [hivemq-test-hivemq-platform] [hivemq-platform-operator] [d46f7864] 	at io.fabric8.kubernetes.client.dsl.internal.OperationSupport.handleUpdate(OperationSupport.java:358)
2025-01-29 18:41:46,942 INFO c.h.h.t.HelmChartContainer - [hivemq-test-hivemq-platform] [hivemq-platform-operator] [d46f7864] 	at io.fabric8.kubernetes.client.dsl.internal.BaseOperation.handleUpdate(BaseOperation.java:759)
2025-01-29 18:41:46,942 INFO c.h.h.t.HelmChartContainer - [hivemq-test-hivemq-platform] [hivemq-platform-operator] [d46f7864] 	at io.fabric8.kubernetes.client.dsl.internal.HasMetadataOperation.update(HasMetadataOperation.java:138)
2025-01-29 18:41:46,942 INFO c.h.h.t.HelmChartContainer - [hivemq-test-hivemq-platform] [hivemq-platform-operator] [d46f7864] 	at io.fabric8.kubernetes.client.dsl.internal.HasMetadataOperation.update(HasMetadataOperation.java:121)
2025-01-29 18:41:46,942 INFO c.h.h.t.HelmChartContainer - [hivemq-test-hivemq-platform] [hivemq-platform-operator] [d46f7864] 	at io.fabric8.kubernetes.client.dsl.internal.HasMetadataOperation.updateStatus(HasMetadataOperation.java:126)
2025-01-29 18:41:46,942 INFO c.h.h.t.HelmChartContainer - [hivemq-test-hivemq-platform] [hivemq-platform-operator] [d46f7864] 	at io.fabric8.kubernetes.client.dsl.internal.HasMetadataOperation.updateStatus(HasMetadataOperation.java:44)
2025-01-29 18:41:46,942 INFO c.h.h.t.HelmChartContainer - [hivemq-test-hivemq-platform] [hivemq-platform-operator] [d46f7864] 	at io.javaoperatorsdk.operator.processing.event.ReconciliationDispatcher$CustomResourceFacade.updateStatus(ReconciliationDispatcher.java:408)
2025-01-29 18:41:46,942 INFO c.h.h.t.HelmChartContainer - [hivemq-test-hivemq-platform] [hivemq-platform-operator] [d46f7864] 	at io.javaoperatorsdk.operator.processing.event.ReconciliationDispatcher.updateStatusGenerationAware(ReconciliationDispatcher.java:228)
2025-01-29 18:41:46,942 INFO c.h.h.t.HelmChartContainer - [hivemq-test-hivemq-platform] [hivemq-platform-operator] [d46f7864] 	at io.javaoperatorsdk.operator.processing.event.ReconciliationDispatcher.reconcileExecution(ReconciliationDispatcher.java:150)
2025-01-29 18:41:46,942 INFO c.h.h.t.HelmChartContainer - [hivemq-test-hivemq-platform] [hivemq-platform-operator] [d46f7864] 	at io.javaoperatorsdk.operator.processing.event.ReconciliationDispatcher.handleReconcile(ReconciliationDispatcher.java:117)
2025-01-29 18:41:46,942 INFO c.h.h.t.HelmChartContainer - [hivemq-test-hivemq-platform] [hivemq-platform-operator] [d46f7864] 	at io.javaoperatorsdk.operator.processing.event.ReconciliationDispatcher.handleDispatch(ReconciliationDispatcher.java:91)
2025-01-29 18:41:46,942 INFO c.h.h.t.HelmChartContainer - [hivemq-test-hivemq-platform] [hivemq-platform-operator] [d46f7864] 	at io.javaoperatorsdk.operator.processing.event.ReconciliationDispatcher.handleExecution(ReconciliationDispatcher.java:64)
2025-01-29 18:41:46,942 INFO c.h.h.t.HelmChartContainer - [hivemq-test-hivemq-platform] [hivemq-platform-operator] [d46f7864] 	at io.javaoperatorsdk.operator.processing.event.EventProcessor$ReconcilerExecutor.run(EventProcessor.java:452)
2025-01-29 18:41:46,942 INFO c.h.h.t.HelmChartContainer - [hivemq-test-hivemq-platform] [hivemq-platform-operator] [d46f7864] 	at java.base/java.util.concurrent.ThreadPoolExecutor.runWorker(Unknown Source)
2025-01-29 18:41:46,942 INFO c.h.h.t.HelmChartContainer - [hivemq-test-hivemq-platform] [hivemq-platform-operator] [d46f7864] 	at java.base/java.util.concurrent.ThreadPoolExecutor$Worker.run(Unknown Source)
2025-01-29 18:41:46,942 INFO c.h.h.t.HelmChartContainer - [hivemq-test-hivemq-platform] [hivemq-platform-operator] [d46f7864] 	at java.base/java.lang.Thread.run(Unknown Source)
2025-01-29 18:41:46,942 INFO c.h.h.t.HelmChartContainer - [hivemq-test-hivemq-platform] [hivemq-platform-operator] [d46f7864] Caused by: io.fabric8.kubernetes.client.KubernetesClientException: Failure executing: PUT at: https://10.43.0.1:443/apis/hivemq.com/v1/namespaces/helmmqttit/hivemq-platforms/test-hivemq-platform/status. Message: Operation cannot be fulfilled on hivemq-platforms.hivemq.com "test-hivemq-platform": the object has been modified; please apply your changes to the latest version and try again. Received status: Status(apiVersion=v1, code=409, details=StatusDetails(causes=[], group=hivemq.com, kind=hivemq-platforms, name=test-hivemq-platform, retryAfterSeconds=null, uid=null, additionalProperties={}), kind=Status, message=Operation cannot be fulfilled on hivemq-platforms.hivemq.com "test-hivemq-platform": the object has been modified; please apply your changes to the latest version and try again, metadata=ListMeta(_continue=null, remainingItemCount=null, resourceVersion=null, selfLink=null, additionalProperties={}), reason=Conflict, status=Failure, additionalProperties={}).
2025-01-29 18:41:46,942 INFO c.h.h.t.HelmChartContainer - [hivemq-test-hivemq-platform] [hivemq-platform-operator] [d46f7864] 	at io.fabric8.kubernetes.client.dsl.internal.OperationSupport.requestFailure(OperationSupport.java:660)
2025-01-29 18:41:46,942 INFO c.h.h.t.HelmChartContainer - [hivemq-test-hivemq-platform] [hivemq-platform-operator] [d46f7864] 	at io.fabric8.kubernetes.client.dsl.internal.OperationSupport.requestFailure(OperationSupport.java:640)
2025-01-29 18:41:46,942 INFO c.h.h.t.HelmChartContainer - [hivemq-test-hivemq-platform] [hivemq-platform-operator] [d46f7864] 	at io.fabric8.kubernetes.client.dsl.internal.OperationSupport.assertResponseCode(OperationSupport.java:589)
2025-01-29 18:41:46,942 INFO c.h.h.t.HelmChartContainer - [hivemq-test-hivemq-platform] [hivemq-platform-operator] [d46f7864] 	at io.fabric8.kubernetes.client.dsl.internal.OperationSupport.lambda$handleResponse$0(OperationSupport.java:549)
2025-01-29 18:41:46,942 INFO c.h.h.t.HelmChartContainer - [hivemq-test-hivemq-platform] [hivemq-platform-operator] [d46f7864] 	at java.base/java.util.concurrent.CompletableFuture$UniApply.tryFire(Unknown Source)
2025-01-29 18:41:46,942 INFO c.h.h.t.HelmChartContainer - [hivemq-test-hivemq-platform] [hivemq-platform-operator] [d46f7864] 	at java.base/java.util.concurrent.CompletableFuture.postComplete(Unknown Source)
2025-01-29 18:41:46,942 INFO c.h.h.t.HelmChartContainer - [hivemq-test-hivemq-platform] [hivemq-platform-operator] [d46f7864] 	at java.base/java.util.concurrent.CompletableFuture.complete(Unknown Source)
2025-01-29 18:41:46,942 INFO c.h.h.t.HelmChartContainer - [hivemq-test-hivemq-platform] [hivemq-platform-operator] [d46f7864] 	at io.fabric8.kubernetes.client.http.StandardHttpClient.lambda$completeOrCancel$10(StandardHttpClient.java:141)
2025-01-29 18:41:46,942 INFO c.h.h.t.HelmChartContainer - [hivemq-test-hivemq-platform] [hivemq-platform-operator] [d46f7864] 	at java.base/java.util.concurrent.CompletableFuture.uniWhenComplete(Unknown Source)
2025-01-29 18:41:46,942 INFO c.h.h.t.HelmChartContainer - [hivemq-test-hivemq-platform] [hivemq-platform-operator] [d46f7864] 	at java.base/java.util.concurrent.CompletableFuture$UniWhenComplete.tryFire(Unknown Source)
2025-01-29 18:41:46,942 INFO c.h.h.t.HelmChartContainer - [hivemq-test-hivemq-platform] [hivemq-platform-operator] [d46f7864] 	at java.base/java.util.concurrent.CompletableFuture.postComplete(Unknown Source)
2025-01-29 18:41:46,942 INFO c.h.h.t.HelmChartContainer - [hivemq-test-hivemq-platform] [hivemq-platform-operator] [d46f7864] 	at java.base/java.util.concurrent.CompletableFuture.complete(Unknown Source)
2025-01-29 18:41:46,942 INFO c.h.h.t.HelmChartContainer - [hivemq-test-hivemq-platform] [hivemq-platform-operator] [d46f7864] 	at io.fabric8.kubernetes.client.http.ByteArrayBodyHandler.onBodyDone(ByteArrayBodyHandler.java:51)
2025-01-29 18:41:46,942 INFO c.h.h.t.HelmChartContainer - [hivemq-test-hivemq-platform] [hivemq-platform-operator] [d46f7864] 	at java.base/java.util.concurrent.CompletableFuture.uniWhenComplete(Unknown Source)
2025-01-29 18:41:46,943 INFO c.h.h.t.HelmChartContainer - [hivemq-test-hivemq-platform] [hivemq-platform-operator] [d46f7864] 	at java.base/java.util.concurrent.CompletableFuture$UniWhenComplete.tryFire(Unknown Source)
2025-01-29 18:41:46,943 INFO c.h.h.t.HelmChartContainer - [hivemq-test-hivemq-platform] [hivemq-platform-operator] [d46f7864] 	at java.base/java.util.concurrent.CompletableFuture.postComplete(Unknown Source)
2025-01-29 18:41:46,943 INFO c.h.h.t.HelmChartContainer - [hivemq-test-hivemq-platform] [hivemq-platform-operator] [d46f7864] 	at java.base/java.util.concurrent.CompletableFuture.complete(Unknown Source)
2025-01-29 18:41:46,943 INFO c.h.h.t.HelmChartContainer - [hivemq-test-hivemq-platform] [hivemq-platform-operator] [d46f7864] 	at io.fabric8.kubernetes.client.vertx.VertxHttpRequest.lambda$null$1(VertxHttpRequest.java:121)
2025-01-29 18:41:46,943 INFO c.h.h.t.HelmChartContainer - [hivemq-test-hivemq-platform] [hivemq-platform-operator] [d46f7864] 	at io.vertx.core.impl.ContextInternal.dispatch(ContextInternal.java:279)
2025-01-29 18:41:46,943 INFO c.h.h.t.HelmChartContainer - [hivemq-test-hivemq-platform] [hivemq-platform-operator] [d46f7864] 	at io.vertx.core.impl.ContextInternal.dispatch(ContextInternal.java:261)
2025-01-29 18:41:46,943 INFO c.h.h.t.HelmChartContainer - [hivemq-test-hivemq-platform] [hivemq-platform-operator] [d46f7864] 	at io.vertx.core.http.impl.HttpEventHandler.handleEnd(HttpEventHandler.java:76)
2025-01-29 18:41:46,943 INFO c.h.h.t.HelmChartContainer - [hivemq-test-hivemq-platform] [hivemq-platform-operator] [d46f7864] 	at io.vertx.core.http.impl.HttpClientResponseImpl.handleEnd(HttpClientResponseImpl.java:250)
2025-01-29 18:41:46,943 INFO c.h.h.t.HelmChartContainer - [hivemq-test-hivemq-platform] [hivemq-platform-operator] [d46f7864] 	at io.vertx.core.http.impl.Http1xClientConnection$StreamImpl.lambda$new$0(Http1xClientConnection.java:421)
2025-01-29 18:41:46,943 INFO c.h.h.t.HelmChartContainer - [hivemq-test-hivemq-platform] [hivemq-platform-operator] [d46f7864] 	at io.vertx.core.streams.impl.InboundBuffer.handleEvent(InboundBuffer.java:279)
2025-01-29 18:41:46,943 INFO c.h.h.t.HelmChartContainer - [hivemq-test-hivemq-platform] [hivemq-platform-operator] [d46f7864] 	at io.vertx.core.streams.impl.InboundBuffer.write(InboundBuffer.java:157)
2025-01-29 18:41:46,943 INFO c.h.h.t.HelmChartContainer - [hivemq-test-hivemq-platform] [hivemq-platform-operator] [d46f7864] 	at io.vertx.core.http.impl.Http1xClientConnection$StreamImpl.handleEnd(Http1xClientConnection.java:709)
2025-01-29 18:41:46,943 INFO c.h.h.t.HelmChartContainer - [hivemq-test-hivemq-platform] [hivemq-platform-operator] [d46f7864] 	at io.vertx.core.impl.ContextImpl.execute(ContextImpl.java:313)
2025-01-29 18:41:46,943 INFO c.h.h.t.HelmChartContainer - [hivemq-test-hivemq-platform] [hivemq-platform-operator] [d46f7864] 	at io.vertx.core.impl.ContextImpl.execute(ContextImpl.java:293)
2025-01-29 18:41:46,943 INFO c.h.h.t.HelmChartContainer - [hivemq-test-hivemq-platform] [hivemq-platform-operator] [d46f7864] 	at io.vertx.core.http.impl.Http1xClientConnection.handleResponseEnd(Http1xClientConnection.java:940)
2025-01-29 18:41:46,943 INFO c.h.h.t.HelmChartContainer - [hivemq-test-hivemq-platform] [hivemq-platform-operator] [d46f7864] 	at io.vertx.core.http.impl.Http1xClientConnection.handleHttpMessage(Http1xClientConnection.java:810)
2025-01-29 18:41:46,943 INFO c.h.h.t.HelmChartContainer - [hivemq-test-hivemq-platform] [hivemq-platform-operator] [d46f7864] 	at io.vertx.core.http.impl.Http1xClientConnection.handleMessage(Http1xClientConnection.java:774)
2025-01-29 18:41:46,943 INFO c.h.h.t.HelmChartContainer - [hivemq-test-hivemq-platform] [hivemq-platform-operator] [d46f7864] 	at io.vertx.core.net.impl.ConnectionBase.read(ConnectionBase.java:159)
2025-01-29 18:41:46,943 INFO c.h.h.t.HelmChartContainer - [hivemq-test-hivemq-platform] [hivemq-platform-operator] [d46f7864] 	at io.vertx.core.net.impl.VertxHandler.channelRead(VertxHandler.java:153)
2025-01-29 18:41:46,943 INFO c.h.h.t.HelmChartContainer - [hivemq-test-hivemq-platform] [hivemq-platform-operator] [d46f7864] 	at io.netty.channel.AbstractChannelHandlerContext.invokeChannelRead(AbstractChannelHandlerContext.java:442)
2025-01-29 18:41:46,943 INFO c.h.h.t.HelmChartContainer - [hivemq-test-hivemq-platform] [hivemq-platform-operator] [d46f7864] 	at io.netty.channel.AbstractChannelHandlerContext.invokeChannelRead(AbstractChannelHandlerContext.java:420)
2025-01-29 18:41:46,945 INFO c.h.h.t.HelmChartContainer - [hivemq-test-hivemq-platform] [hivemq-platform-operator] [d46f7864] 	at io.netty.channel.AbstractChannelHandlerContext.fireChannelRead(AbstractChannelHandlerContext.java:412)
2025-01-29 18:41:46,945 INFO c.h.h.t.HelmChartContainer - [hivemq-test-hivemq-platform] [hivemq-platform-operator] [d46f7864] 	at io.netty.channel.CombinedChannelDuplexHandler$DelegatingChannelHandlerContext.fireChannelRead(CombinedChannelDuplexHandler.java:436)
2025-01-29 18:41:46,945 INFO c.h.h.t.HelmChartContainer - [hivemq-test-hivemq-platform] [hivemq-platform-operator] [d46f7864] 	at io.netty.handler.codec.ByteToMessageDecoder.fireChannelRead(ByteToMessageDecoder.java:346)
2025-01-29 18:41:46,945 INFO c.h.h.t.HelmChartContainer - [hivemq-test-hivemq-platform] [hivemq-platform-operator] [d46f7864] 	at io.netty.handler.codec.ByteToMessageDecoder.channelRead(ByteToMessageDecoder.java:318)
2025-01-29 18:41:46,945 INFO c.h.h.t.HelmChartContainer - [hivemq-test-hivemq-platform] [hivemq-platform-operator] [d46f7864] 	at io.netty.channel.CombinedChannelDuplexHandler.channelRead(CombinedChannelDuplexHandler.java:251)
2025-01-29 18:41:46,945 INFO c.h.h.t.HelmChartContainer - [hivemq-test-hivemq-platform] [hivemq-platform-operator] [d46f7864] 	at io.netty.channel.AbstractChannelHandlerContext.invokeChannelRead(AbstractChannelHandlerContext.java:442)
2025-01-29 18:41:46,945 INFO c.h.h.t.HelmChartContainer - [hivemq-test-hivemq-platform] [hivemq-platform-operator] [d46f7864] 	at io.netty.channel.AbstractChannelHandlerContext.invokeChannelRead(AbstractChannelHandlerContext.java:420)
2025-01-29 18:41:46,945 INFO c.h.h.t.HelmChartContainer - [hivemq-test-hivemq-platform] [hivemq-platform-operator] [d46f7864] 	at io.netty.channel.AbstractChannelHandlerContext.fireChannelRead(AbstractChannelHandlerContext.java:412)
2025-01-29 18:41:46,945 INFO c.h.h.t.HelmChartContainer - [hivemq-test-hivemq-platform] [hivemq-platform-operator] [d46f7864] 	at io.netty.handler.ssl.SslHandler.unwrap(SslHandler.java:1475)
2025-01-29 18:41:46,945 INFO c.h.h.t.HelmChartContainer - [hivemq-test-hivemq-platform] [hivemq-platform-operator] [d46f7864] 	at io.netty.handler.ssl.SslHandler.decodeJdkCompatible(SslHandler.java:1338)
2025-01-29 18:41:46,945 INFO c.h.h.t.HelmChartContainer - [hivemq-test-hivemq-platform] [hivemq-platform-operator] [d46f7864] 	at io.netty.handler.ssl.SslHandler.decode(SslHandler.java:1387)
2025-01-29 18:41:46,945 INFO c.h.h.t.HelmChartContainer - [hivemq-test-hivemq-platform] [hivemq-platform-operator] [d46f7864] 	at io.netty.handler.codec.ByteToMessageDecoder.decodeRemovalReentryProtection(ByteToMessageDecoder.java:530)
2025-01-29 18:41:46,945 INFO c.h.h.t.HelmChartContainer - [hivemq-test-hivemq-platform] [hivemq-platform-operator] [d46f7864] 	at io.netty.handler.codec.ByteToMessageDecoder.callDecode(ByteToMessageDecoder.java:469)
2025-01-29 18:41:46,945 INFO c.h.h.t.HelmChartContainer - [hivemq-test-hivemq-platform] [hivemq-platform-operator] [d46f7864] 	at io.netty.handler.codec.ByteToMessageDecoder.channelRead(ByteToMessageDecoder.java:290)
2025-01-29 18:41:46,945 INFO c.h.h.t.HelmChartContainer - [hivemq-test-hivemq-platform] [hivemq-platform-operator] [d46f7864] 	at io.netty.channel.AbstractChannelHandlerContext.invokeChannelRead(AbstractChannelHandlerContext.java:444)
2025-01-29 18:41:46,945 INFO c.h.h.t.HelmChartContainer - [hivemq-test-hivemq-platform] [hivemq-platform-operator] [d46f7864] 	at io.netty.channel.AbstractChannelHandlerContext.invokeChannelRead(AbstractChannelHandlerContext.java:420)
2025-01-29 18:41:46,945 INFO c.h.h.t.HelmChartContainer - [hivemq-test-hivemq-platform] [hivemq-platform-operator] [d46f7864] 	at io.netty.channel.AbstractChannelHandlerContext.fireChannelRead(AbstractChannelHandlerContext.java:412)
2025-01-29 18:41:46,945 INFO c.h.h.t.HelmChartContainer - [hivemq-test-hivemq-platform] [hivemq-platform-operator] [d46f7864] 	at io.netty.channel.DefaultChannelPipeline$HeadContext.channelRead(DefaultChannelPipeline.java:1407)
2025-01-29 18:41:46,945 INFO c.h.h.t.HelmChartContainer - [hivemq-test-hivemq-platform] [hivemq-platform-operator] [d46f7864] 	at io.netty.channel.AbstractChannelHandlerContext.invokeChannelRead(AbstractChannelHandlerContext.java:440)
2025-01-29 18:41:46,945 INFO c.h.h.t.HelmChartContainer - [hivemq-test-hivemq-platform] [hivemq-platform-operator] [d46f7864] 	at io.netty.channel.AbstractChannelHandlerContext.invokeChannelRead(AbstractChannelHandlerContext.java:420)
2025-01-29 18:41:46,945 INFO c.h.h.t.HelmChartContainer - [hivemq-test-hivemq-platform] [hivemq-platform-operator] [d46f7864] 	at io.netty.channel.DefaultChannelPipeline.fireChannelRead(DefaultChannelPipeline.java:918)
2025-01-29 18:41:46,945 INFO c.h.h.t.HelmChartContainer - [hivemq-test-hivemq-platform] [hivemq-platform-operator] [d46f7864] 	at io.netty.channel.nio.AbstractNioByteChannel$NioByteUnsafe.read(AbstractNioByteChannel.java:166)
2025-01-29 18:41:46,945 INFO c.h.h.t.HelmChartContainer - [hivemq-test-hivemq-platform] [hivemq-platform-operator] [d46f7864] 	at io.netty.channel.nio.NioEventLoop.processSelectedKey(NioEventLoop.java:788)
2025-01-29 18:41:46,945 INFO c.h.h.t.HelmChartContainer - [hivemq-test-hivemq-platform] [hivemq-platform-operator] [d46f7864] 	at io.netty.channel.nio.NioEventLoop.processSelectedKeysOptimized(NioEventLoop.java:724)
2025-01-29 18:41:46,945 INFO c.h.h.t.HelmChartContainer - [hivemq-test-hivemq-platform] [hivemq-platform-operator] [d46f7864] 	at io.netty.channel.nio.NioEventLoop.processSelectedKeys(NioEventLoop.java:650)
2025-01-29 18:41:46,945 INFO c.h.h.t.HelmChartContainer - [hivemq-test-hivemq-platform] [hivemq-platform-operator] [d46f7864] 	at io.netty.channel.nio.NioEventLoop.run(NioEventLoop.java:562)
2025-01-29 18:41:46,945 INFO c.h.h.t.HelmChartContainer - [hivemq-test-hivemq-platform] [hivemq-platform-operator] [d46f7864] 	at io.netty.util.concurrent.SingleThreadEventExecutor$4.run(SingleThreadEventExecutor.java:997)
2025-01-29 18:41:46,945 INFO c.h.h.t.HelmChartContainer - [hivemq-test-hivemq-platform] [hivemq-platform-operator] [d46f7864] 	at io.netty.util.internal.ThreadExecutorMap$2.run(ThreadExecutorMap.java:74)
2025-01-29 18:41:46,945 INFO c.h.h.t.HelmChartContainer - [hivemq-test-hivemq-platform] [hivemq-platform-operator] [d46f7864] 	at io.netty.util.concurrent.FastThreadLocalRunnable.run(FastThreadLocalRunnable.java:30)
2025-01-29 18:41:46,945 INFO c.h.h.t.HelmChartContainer - [hivemq-test-hivemq-platform] [hivemq-platform-operator] [d46f7864] 	... 1 common frames omitted
2025-01-29 18:41:46,950 INFO c.h.h.t.HelmChartContainer - [hivemq-test-hivemq-platform] [hivemq-platform-operator] [d46f7864] 18:41:46.948 [ReconcilerExecutor-hivemq-controller-123] INFO  c.h.p.o.HiveMQPlatformReconciler - [helmmqtt] Cleanup test-hivemq-platform - helmmqttit HiveMQ Platform is shut down
2025-01-29 18:41:47,292 INFO c.h.h.t.HelmChartContainer - [POD] svclb-hivemq-test-hivemq-platform-mqtt-1884-df6938f4-b6f6d [92d30448-30f1-41c5-aec8-a990e21285ad] in kube-system was MODIFIED
2025-01-29 18:41:47,300 INFO c.h.h.t.HelmChartContainer - [K3S] [event.go:389] "Event occurred" object="helmmqttit/hivemq-test-hivemq-platform-mqtt-1884" fieldPath="" kind="Service" apiVersion="v1" type="Normal" reason="UpdatedLoadBalancer" message="Updated LoadBalancer with new IPs: [] -> [172.18.0.2]"
2025-01-29 18:41:47,308 INFO c.h.h.t.HelmChartContainer - [EVENT] Normal [UpdatedLoadBalancer] Updated LoadBalancer with new IPs: [] -> [172.18.0.2] [helmmqttit:hivemq-test-hivemq-platform-mqtt-1884]
2025-01-29 18:41:47,395 INFO c.h.h.t.HelmChartContainer - [POD] test-hivemq-platform-0 [165de4a5-74f8-4436-b128-7940a0e8b6df] in helmmqttit was MODIFIED
2025-01-29 18:41:47,412 INFO c.h.h.t.HelmChartContainer - [EVENT] Normal [Killing] Stopping container hivemq [helmmqttit:test-hivemq-platform-0]
2025-01-29 18:41:47,412 INFO c.h.h.t.HelmChartContainer - Received Killing event for container hivemq in pod test-hivemq-platform-0 [165de4a5-74f8-4436-b128-7940a0e8b6df]
2025-01-29 18:41:47,412 INFO c.h.h.t.HelmChartContainer - Container [test-hivemq-platform-0] [hivemq] [165de4a5-74f8-4436-b128-7940a0e8b6df] was terminated
2025-01-29 18:41:47,412 INFO c.h.h.t.HelmChartContainer - Stopped log watcher for hivemq in pod test-hivemq-platform-0 [165de4a5-74f8-4436-b128-7940a0e8b6df]
2025-01-29 18:41:47,428 INFO c.h.h.t.HelmChartContainer - [test-hivemq-platform] [hivemq] [165de4a5] INFO  - [HiveMQ Platform Operator Init App 1.7.0-SNAPSHOT] Shutting down
2025-01-29 18:41:47,431 INFO c.h.h.t.HelmChartContainer - [test-hivemq-platform] [hivemq] [165de4a5] INFO  - [HiveMQ Platform Operator Init App 1.7.0-SNAPSHOT] Stopping the HiveMQ Platform
2025-01-29 18:41:47,506 INFO c.h.h.t.HelmChartContainer - [test-hivemq-platform] [hivemq] [165de4a5] INFO  - Shutting down HiveMQ. Please wait, this could take a while...
2025-01-29 18:41:47,516 INFO c.h.h.t.HelmChartContainer - [test-hivemq-platform] [hivemq] [165de4a5] INFO  - Shutting down listeners and clients
2025-01-29 18:41:47,520 INFO c.h.h.t.HelmChartContainer - [POD] svclb-hivemq-test-hivemq-platform-mqtt-1884-df6938f4-b6f6d [92d30448-30f1-41c5-aec8-a990e21285ad] in kube-system was MODIFIED
2025-01-29 18:41:47,527 INFO c.h.h.t.HelmChartContainer - [K3S] [event.go:389] "Event occurred" object="helmmqttit/hivemq-test-hivemq-platform-mqtt-1884" fieldPath="" kind="Service" apiVersion="v1" type="Warning" reason="UnAvailableLoadBalancer" message="There are no available nodes for LoadBalancer"
2025-01-29 18:41:47,530 INFO c.h.h.t.HelmChartContainer - [EVENT] Warning [UnAvailableLoadBalancer] There are no available nodes for LoadBalancer [helmmqttit:hivemq-test-hivemq-platform-mqtt-1884]
2025-01-29 18:41:47,579 INFO c.h.h.t.HelmChartContainer - [K3S] [scope.go:117] "RemoveContainer" containerID="ac91486f676b2a308c1f90b79f46fc888c5343fb037dea470a7984177cffb666"
2025-01-29 18:41:47,582 INFO c.h.h.t.HelmChartContainer - [K3S] [scope.go:117] "RemoveContainer" containerID="ac91486f676b2a308c1f90b79f46fc888c5343fb037dea470a7984177cffb666"
2025-01-29 18:41:47,591 INFO c.h.h.t.HelmChartContainer - [test-hivemq-platform] [hivemq] [165de4a5] INFO  - Shutdown of listeners is done
2025-01-29 18:41:47,594 INFO c.h.h.t.HelmChartContainer - [POD] svclb-hivemq-test-hivemq-platform-mqtt-1884-df6938f4-b6f6d [92d30448-30f1-41c5-aec8-a990e21285ad] in kube-system was MODIFIED
2025-01-29 18:41:47,595 INFO c.h.h.t.HelmChartContainer - [test-hivemq-platform] [hivemq] [165de4a5] INFO  - No clients are connected, proceeding with shutdown
2025-01-29 18:41:47,600 INFO c.h.h.t.HelmChartContainer - [POD] svclb-hivemq-test-hivemq-platform-mqtt-1884-df6938f4-b6f6d [92d30448-30f1-41c5-aec8-a990e21285ad] in kube-system was DELETED
2025-01-29 18:41:48,083 INFO c.h.h.t.HelmChartContainer - [K3S] [kubelet_volumes.go:163] "Cleaned up orphaned pod volumes dir" podUID="92d30448-30f1-41c5-aec8-a990e21285ad" path="/var/lib/kubelet/pods/92d30448-30f1-41c5-aec8-a990e21285ad/volumes"
2025-01-29 18:41:48,715 INFO c.h.h.t.HelmChartContainer - Deleting namespace 'helmmqttit'...
2025-01-29 18:41:50,097 INFO c.h.h.t.HelmChartContainer - [test-hivemq-platform] [hivemq] [165de4a5] INFO  - Shutting down extension system
2025-01-29 18:41:50,099 INFO c.h.h.t.HelmChartContainer - [test-hivemq-platform] [hivemq] [165de4a5] INFO  - Stopping extension with id hivemq-dns-cluster-discovery
2025-01-29 18:41:50,100 INFO c.h.h.t.HelmChartContainer - [test-hivemq-platform] [hivemq] [165de4a5] INFO  - Extension "DNS Cluster Discovery Extension" version 4.3.2 stopped successfully.
2025-01-29 18:41:50,100 INFO c.h.h.t.HelmChartContainer - [test-hivemq-platform] [hivemq] [165de4a5] INFO  - Stopping extension with id hivemq-prometheus-extension
2025-01-29 18:41:50,106 INFO c.h.h.t.HelmChartContainer - [test-hivemq-platform] [hivemq] [165de4a5] INFO  - Extension "Prometheus Monitoring Extension" version 4.0.12 stopped successfully.
2025-01-29 18:41:50,106 INFO c.h.h.t.HelmChartContainer - [test-hivemq-platform] [hivemq] [165de4a5] INFO  - Stopping extension with id hivemq-allow-all-extension
2025-01-29 18:41:50,107 INFO c.h.h.t.HelmChartContainer - [test-hivemq-platform] [hivemq] [165de4a5] INFO  - Extension "Allow All Extension" version 1.1.1 stopped successfully.
2025-01-29 18:41:51,413 INFO c.h.h.t.HelmChartContainer - [test-hivemq-platform] [hivemq] [165de4a5] INFO  - [HiveMQ Platform Operator Init App 1.7.0-SNAPSHOT] Returning shutdown Health API response 503 for readiness
2025-01-29 18:41:51,417 INFO c.h.h.t.HelmChartContainer - [EVENT] Warning [Unhealthy] Readiness probe failed: HTTP probe failed with statuscode: 503 [helmmqttit:test-hivemq-platform-0]
2025-01-29 18:41:51,417 INFO c.h.h.t.HelmChartContainer - Received Unhealthy event for container hivemq in pod test-hivemq-platform-0 [165de4a5-74f8-4436-b128-7940a0e8b6df]
2025-01-29 18:41:51,904 INFO c.h.h.t.HelmChartContainer - [K3S] [authentication.go:74] "Unable to authenticate the request" err="[invalid bearer token, serviceaccounts \"hivemq-platform-pod-test-hivemq-platform\" not found]"
2025-01-29 18:41:51,915 INFO c.h.h.t.HelmChartContainer - [K3S] [authentication.go:74] "Unable to authenticate the request" err="[invalid bearer token, serviceaccounts \"hivemq-platform-pod-test-hivemq-platform\" not found]"
2025-01-29 18:41:51,917 INFO c.h.h.t.HelmChartContainer - [test-hivemq-platform] [hivemq] [165de4a5] WARN  - [HiveMQ Platform Operator Init App 1.7.0-SNAPSHOT] Could not update Pod annotations: Failure executing: GET at: https://10.43.0.1:443/api/v1/namespaces/helmmqttit/pods/test-hivemq-platform-0. Message: Unauthorized. Received status: Status(apiVersion=v1, code=401, details=null, kind=Status, message=Unauthorized, metadata=ListMeta(_continue=null, remainingItemCount=null, resourceVersion=null, selfLink=null, additionalProperties={}), reason=Unauthorized, status=Failure, additionalProperties={}).
2025-01-29 18:41:52,375 INFO c.h.h.t.HelmChartContainer - [test-hivemq-platform] [hivemq] [165de4a5] INFO  - Shutdown completed.
2025-01-29 18:41:52,722 INFO c.h.h.t.HelmChartContainer - [test-hivemq-platform] [hivemq] [165de4a5] INFO  - [HiveMQ Platform Operator Init App 1.7.0-SNAPSHOT] The HiveMQ Platform exited with code 143
2025-01-29 18:41:52,722 INFO c.h.h.t.HelmChartContainer - [test-hivemq-platform] [hivemq] [165de4a5] INFO  - [HiveMQ Platform Operator Init App 1.7.0-SNAPSHOT] Stopping the REST API
2025-01-29 18:41:52,732 INFO c.h.h.t.HelmChartContainer - [test-hivemq-platform] [hivemq] [165de4a5] INFO  - [HiveMQ Platform Operator Init App 1.7.0-SNAPSHOT] Shutdown complete
2025-01-29 18:41:53,185 INFO c.h.h.t.HelmChartContainer - [POD] test-hivemq-platform-0 [165de4a5-74f8-4436-b128-7940a0e8b6df] in helmmqttit was MODIFIED
2025-01-29 18:41:53,186 INFO c.h.h.t.HelmChartContainer - [K3S] [stateful_set.go:438] "Unhandled Error" err="error syncing StatefulSet helmmqttit/test-hivemq-platform, requeuing: controllerrevisions.apps \"test-hivemq-platform-7bbc5894fb\" is forbidden: unable to create new content in namespace helmmqttit because it is being terminated"
2025-01-29 18:41:53,195 INFO c.h.h.t.HelmChartContainer - [K3S] [stateful_set.go:438] "Unhandled Error" err="error syncing StatefulSet helmmqttit/test-hivemq-platform, requeuing: controllerrevisions.apps \"test-hivemq-platform-7bbc5894fb\" is forbidden: unable to create new content in namespace helmmqttit because it is being terminated"
2025-01-29 18:41:53,208 INFO c.h.h.t.HelmChartContainer - [K3S] [stateful_set.go:438] "Unhandled Error" err="error syncing StatefulSet helmmqttit/test-hivemq-platform, requeuing: controllerrevisions.apps \"test-hivemq-platform-7bbc5894fb\" is forbidden: unable to create new content in namespace helmmqttit because it is being terminated"
2025-01-29 18:41:53,232 INFO c.h.h.t.HelmChartContainer - [K3S] [stateful_set.go:438] "Unhandled Error" err="error syncing StatefulSet helmmqttit/test-hivemq-platform, requeuing: controllerrevisions.apps \"test-hivemq-platform-7bbc5894fb\" is forbidden: unable to create new content in namespace helmmqttit because it is being terminated"
2025-01-29 18:41:53,271 INFO c.h.h.t.HelmChartContainer - [K3S] [reconciler_common.go:162] "operationExecutor.UnmountVolume started for volume \"pod-info\" (UniqueName: \"kubernetes.io/configmap/165de4a5-74f8-4436-b128-7940a0e8b6df-pod-info\") pod \"165de4a5-74f8-4436-b128-7940a0e8b6df\" (UID: \"165de4a5-74f8-4436-b128-7940a0e8b6df\") "
2025-01-29 18:41:53,271 INFO c.h.h.t.HelmChartContainer - [K3S] [reconciler_common.go:162] "operationExecutor.UnmountVolume started for volume \"broker-configuration\" (UniqueName: \"kubernetes.io/configmap/165de4a5-74f8-4436-b128-7940a0e8b6df-broker-configuration\") pod \"165de4a5-74f8-4436-b128-7940a0e8b6df\" (UID: \"165de4a5-74f8-4436-b128-7940a0e8b6df\") "
2025-01-29 18:41:53,271 INFO c.h.h.t.HelmChartContainer - [K3S] [reconciler_common.go:162] "operationExecutor.UnmountVolume started for volume \"operator-init\" (UniqueName: \"kubernetes.io/empty-dir/165de4a5-74f8-4436-b128-7940a0e8b6df-operator-init\") pod \"165de4a5-74f8-4436-b128-7940a0e8b6df\" (UID: \"165de4a5-74f8-4436-b128-7940a0e8b6df\") "
2025-01-29 18:41:53,271 INFO c.h.h.t.HelmChartContainer - [K3S] [reconciler_common.go:162] "operationExecutor.UnmountVolume started for volume \"kube-api-access-v7w8b\" (UniqueName: \"kubernetes.io/projected/165de4a5-74f8-4436-b128-7940a0e8b6df-kube-api-access-v7w8b\") pod \"165de4a5-74f8-4436-b128-7940a0e8b6df\" (UID: \"165de4a5-74f8-4436-b128-7940a0e8b6df\") "
2025-01-29 18:41:53,275 INFO c.h.h.t.HelmChartContainer - [K3S] [stateful_set.go:438] "Unhandled Error" err="error syncing StatefulSet helmmqttit/test-hivemq-platform, requeuing: controllerrevisions.apps \"test-hivemq-platform-7bbc5894fb\" is forbidden: unable to create new content in namespace helmmqttit because it is being terminated"
2025-01-29 18:41:53,359 INFO c.h.h.t.HelmChartContainer - [K3S] [stateful_set.go:438] "Unhandled Error" err="error syncing StatefulSet helmmqttit/test-hivemq-platform, requeuing: controllerrevisions.apps \"test-hivemq-platform-7bbc5894fb\" is forbidden: unable to create new content in namespace helmmqttit because it is being terminated"
2025-01-29 18:41:53,371 INFO c.h.h.t.HelmChartContainer - [K3S] [reconciler_common.go:299] "Volume detached for volume \"kube-api-access-v7w8b\" (UniqueName: \"kubernetes.io/projected/165de4a5-74f8-4436-b128-7940a0e8b6df-kube-api-access-v7w8b\") on node \"6206d5544d57\" DevicePath \"\""
2025-01-29 18:41:53,371 INFO c.h.h.t.HelmChartContainer - [K3S] [reconciler_common.go:299] "Volume detached for volume \"pod-info\" (UniqueName: \"kubernetes.io/configmap/165de4a5-74f8-4436-b128-7940a0e8b6df-pod-info\") on node \"6206d5544d57\" DevicePath \"\""
2025-01-29 18:41:53,371 INFO c.h.h.t.HelmChartContainer - [K3S] [reconciler_common.go:299] "Volume detached for volume \"broker-configuration\" (UniqueName: \"kubernetes.io/configmap/165de4a5-74f8-4436-b128-7940a0e8b6df-broker-configuration\") on node \"6206d5544d57\" DevicePath \"\""
2025-01-29 18:41:53,371 INFO c.h.h.t.HelmChartContainer - [K3S] [reconciler_common.go:299] "Volume detached for volume \"operator-init\" (UniqueName: \"kubernetes.io/empty-dir/165de4a5-74f8-4436-b128-7940a0e8b6df-operator-init\") on node \"6206d5544d57\" DevicePath \"\""
2025-01-29 18:41:53,522 INFO c.h.h.t.HelmChartContainer - [K3S] [stateful_set.go:438] "Unhandled Error" err="error syncing StatefulSet helmmqttit/test-hivemq-platform, requeuing: controllerrevisions.apps \"test-hivemq-platform-7bbc5894fb\" is forbidden: unable to create new content in namespace helmmqttit because it is being terminated"
2025-01-29 18:41:53,590 INFO c.h.h.t.HelmChartContainer - [K3S] [scope.go:117] "RemoveContainer" containerID="b8204ad755092507628c3fb78c45b1e4130ca32c9fd272325ea7c00afceaacac"
2025-01-29 18:41:53,605 INFO c.h.h.t.HelmChartContainer - [POD] test-hivemq-platform-0 [165de4a5-74f8-4436-b128-7940a0e8b6df] in helmmqttit was MODIFIED
2025-01-29 18:41:53,605 INFO c.h.h.t.HelmChartContainer - [K3S] [stateful_set.go:438] "Unhandled Error" err="error syncing StatefulSet helmmqttit/test-hivemq-platform, requeuing: controllerrevisions.apps \"test-hivemq-platform-7bbc5894fb\" is forbidden: unable to create new content in namespace helmmqttit because it is being terminated"
2025-01-29 18:41:53,616 INFO c.h.h.t.HelmChartContainer - [POD] test-hivemq-platform-0 [165de4a5-74f8-4436-b128-7940a0e8b6df] in helmmqttit was DELETED
2025-01-29 18:41:53,617 INFO c.h.h.t.HelmChartContainer - [K3S] [stateful_set.go:438] "Unhandled Error" err="error syncing StatefulSet helmmqttit/test-hivemq-platform, requeuing: controllerrevisions.apps \"test-hivemq-platform-7bbc5894fb\" is forbidden: unable to create new content in namespace helmmqttit because it is being terminated"
2025-01-29 18:41:53,638 INFO c.h.h.t.HelmChartContainer - [K3S] [stateful_set.go:466] "StatefulSet has been deleted" key="helmmqttit/test-hivemq-platform"
2025-01-29 18:41:53,704 INFO c.h.h.t.HelmChartContainer - [K3S] [scope.go:117] "RemoveContainer" containerID="72e00120df4f2810085840d15ebaa252a8b47f91f5c122653cdddab207b1a4a6"
2025-01-29 18:41:53,707 INFO c.h.h.t.HelmChartContainer - [K3S] [scope.go:117] "RemoveContainer" containerID="b8204ad755092507628c3fb78c45b1e4130ca32c9fd272325ea7c00afceaacac"
2025-01-29 18:41:53,707 INFO c.h.h.t.HelmChartContainer - [K3S] [scope.go:117] "RemoveContainer" containerID="72e00120df4f2810085840d15ebaa252a8b47f91f5c122653cdddab207b1a4a6"
2025-01-29 18:41:53,843 INFO c.h.h.t.HelmChartContainer - [K3S] [stateful_set.go:466] "StatefulSet has been deleted" key="helmmqttit/test-hivemq-platform"
2025-01-29 18:41:53,937 INFO c.h.h.t.HelmChartContainer - Namespace 'helmmqttit' deleted
2025-01-29 18:41:53,937 INFO c.h.h.t.HelmChartContainer - Release 'test-hivemq-platform' in namespace 'helmmqttit' is uninstalled
2025-01-29 18:41:53,937 INFO c.h.h.t.HelmChartContainer - Uninstalling release 'test-hivemq-platform-operator' in namespace 'helmmqttit-operator'...
2025-01-29 18:41:53,937 DEBUG c.h.h.t.HelmChartContainer - Executing helm command: /bin/helm --kubeconfig /etc/rancher/k3s/k3s.yaml uninstall test-hivemq-platform-operator  --wait --timeout 5m0s --cascade foreground --namespace helmmqttit-operator
2025-01-29 18:41:54,086 INFO c.h.h.t.HelmChartContainer - [K3S] [kubelet_volumes.go:163] "Cleaned up orphaned pod volumes dir" podUID="165de4a5-74f8-4436-b128-7940a0e8b6df" path="/var/lib/kubelet/pods/165de4a5-74f8-4436-b128-7940a0e8b6df/volumes"
2025-01-29 18:41:54,103 INFO c.h.h.t.HelmChartContainer - [K3S] [replica_set.go:679] "Finished syncing" kind="ReplicaSet" key="helmmqttit-operator/hivemq-test-hivemq-platform-operator-6966f96d65" duration="14.472172ms"
2025-01-29 18:41:54,104 INFO c.h.h.t.HelmChartContainer - [K3S] [replica_set.go:679] "Finished syncing" kind="ReplicaSet" key="helmmqttit-operator/hivemq-test-hivemq-platform-operator-6966f96d65" duration="40.105µs"
2025-01-29 18:41:54,121 INFO c.h.h.t.HelmChartContainer - [POD] hivemq-test-hivemq-platform-operator-6966f96d65-2f9p7 [d46f7864-e513-4dcc-8f7c-d5cf42d15c84] in helmmqttit-operator was MODIFIED
2025-01-29 18:41:54,131 INFO c.h.h.t.HelmChartContainer - [EVENT] Normal [Killing] Stopping container hivemq-platform-operator [helmmqttit-operator:hivemq-test-hivemq-platform-operator-6966f96d65-2f9p7]
2025-01-29 18:41:54,131 INFO c.h.h.t.HelmChartContainer - Received Killing event for container hivemq-platform-operator in pod hivemq-test-hivemq-platform-operator-6966f96d65-2f9p7 [d46f7864-e513-4dcc-8f7c-d5cf42d15c84]
2025-01-29 18:41:54,131 INFO c.h.h.t.HelmChartContainer - Container [hivemq-test-hivemq-platform-operator-6966f96d65-2f9p7] [hivemq-platform-operator] [d46f7864-e513-4dcc-8f7c-d5cf42d15c84] was terminated
2025-01-29 18:41:54,132 INFO c.h.h.t.HelmChartContainer - Stopped log watcher for hivemq-platform-operator in pod hivemq-test-hivemq-platform-operator-6966f96d65-2f9p7 [d46f7864-e513-4dcc-8f7c-d5cf42d15c84]
2025-01-29 18:41:54,137 INFO c.h.h.t.HelmChartContainer - [K3S] [replica_set.go:679] "Finished syncing" kind="ReplicaSet" key="helmmqttit-operator/hivemq-test-hivemq-platform-operator-6966f96d65" duration="19.015378ms"
2025-01-29 18:41:54,137 INFO c.h.h.t.HelmChartContainer - [K3S] [replica_set.go:679] "Finished syncing" kind="ReplicaSet" key="helmmqttit-operator/hivemq-test-hivemq-platform-operator-6966f96d65" duration="42.56µs"
2025-01-29 18:41:54,217 INFO c.h.h.t.HelmChartContainer - [hivemq-test-hivemq-platform] [hivemq-platform-operator] [d46f7864] 18:41:54.216 [application-shutdown-thread] INFO  c.h.p.o.HiveMQPlatformOperatorApplication - HiveMQ Platform Operator is stopping...
2025-01-29 18:41:54,217 INFO c.h.h.t.HelmChartContainer - [hivemq-test-hivemq-platform] [hivemq-platform-operator] [d46f7864] 18:41:54.216 [application-shutdown-thread] INFO  i.javaoperatorsdk.operator.Operator - Operator SDK 4.9.7 is shutting down...
2025-01-29 18:41:54,479 INFO c.h.h.t.HelmChartContainer - [EVENT] Warning [Unhealthy] Readiness probe failed: Get "http://10.42.0.9:8080/health/readiness": dial tcp 10.42.0.9:8080: connect: connection refused [helmmqttit-operator:hivemq-test-hivemq-platform-operator-6966f96d65-2f9p7]
2025-01-29 18:41:54,479 INFO c.h.h.t.HelmChartContainer - Received Unhealthy event for container hivemq-platform-operator in pod hivemq-test-hivemq-platform-operator-6966f96d65-2f9p7 [d46f7864-e513-4dcc-8f7c-d5cf42d15c84]
2025-01-29 18:41:54,767 INFO c.h.h.t.HelmChartContainer - [K3S] [replica_set.go:679] "Finished syncing" kind="ReplicaSet" key="helmmqttit-operator/hivemq-test-hivemq-platform-operator-6966f96d65" duration="46.517µs"
2025-01-29 18:41:54,767 INFO c.h.h.t.HelmChartContainer - [POD] hivemq-test-hivemq-platform-operator-6966f96d65-2f9p7 [d46f7864-e513-4dcc-8f7c-d5cf42d15c84] in helmmqttit-operator was MODIFIED
2025-01-29 18:41:54,878 INFO c.h.h.t.HelmChartContainer - [K3S] [reconciler_common.go:162] "operationExecutor.UnmountVolume started for volume \"kube-api-access-ntcmg\" (UniqueName: \"kubernetes.io/projected/d46f7864-e513-4dcc-8f7c-d5cf42d15c84-kube-api-access-ntcmg\") pod \"d46f7864-e513-4dcc-8f7c-d5cf42d15c84\" (UID: \"d46f7864-e513-4dcc-8f7c-d5cf42d15c84\") "
2025-01-29 18:41:54,978 INFO c.h.h.t.HelmChartContainer - [K3S] [reconciler_common.go:299] "Volume detached for volume \"kube-api-access-ntcmg\" (UniqueName: \"kubernetes.io/projected/d46f7864-e513-4dcc-8f7c-d5cf42d15c84-kube-api-access-ntcmg\") on node \"6206d5544d57\" DevicePath \"\""
2025-01-29 18:41:55,595 INFO c.h.h.t.HelmChartContainer - [K3S] [scope.go:117] "RemoveContainer" containerID="fd8b5d40bf59fab027e54aabd6679d9163f959f296a3ba8d54417a7e5bf353e7"
2025-01-29 18:41:55,598 INFO c.h.h.t.HelmChartContainer - [K3S] [scope.go:117] "RemoveContainer" containerID="fd8b5d40bf59fab027e54aabd6679d9163f959f296a3ba8d54417a7e5bf353e7"
2025-01-29 18:41:55,606 INFO c.h.h.t.HelmChartContainer - [K3S] [replica_set.go:679] "Finished syncing" kind="ReplicaSet" key="helmmqttit-operator/hivemq-test-hivemq-platform-operator-6966f96d65" duration="74.199µs"
2025-01-29 18:41:55,607 INFO c.h.h.t.HelmChartContainer - [POD] hivemq-test-hivemq-platform-operator-6966f96d65-2f9p7 [d46f7864-e513-4dcc-8f7c-d5cf42d15c84] in helmmqttit-operator was MODIFIED
2025-01-29 18:41:55,610 INFO c.h.h.t.HelmChartContainer - [POD] hivemq-test-hivemq-platform-operator-6966f96d65-2f9p7 [d46f7864-e513-4dcc-8f7c-d5cf42d15c84] in helmmqttit-operator was DELETED
2025-01-29 18:41:55,610 INFO c.h.h.t.HelmChartContainer - [K3S] [replica_set.go:679] "Finished syncing" kind="ReplicaSet" key="helmmqttit-operator/hivemq-test-hivemq-platform-operator-6966f96d65" duration="35.426µs"
2025-01-29 18:41:55,621 INFO c.h.h.t.HelmChartContainer - [K3S] [replica_set.go:679] "Finished syncing" kind="ReplicaSet" key="helmmqttit-operator/hivemq-test-hivemq-platform-operator-6966f96d65" duration="9.287µs"
2025-01-29 18:41:56,083 INFO c.h.h.t.HelmChartContainer - [K3S] [kubelet_volumes.go:163] "Cleaned up orphaned pod volumes dir" podUID="d46f7864-e513-4dcc-8f7c-d5cf42d15c84" path="/var/lib/kubelet/pods/d46f7864-e513-4dcc-8f7c-d5cf42d15c84/volumes"
2025-01-29 18:41:56,137 INFO c.h.h.t.HelmChartContainer - Deleting namespace 'helmmqttit-operator'...
2025-01-29 18:41:58,885 INFO c.h.h.t.HelmChartContainer - [K3S] [namespace_controller.go:187] "Namespace has been deleted" namespace="helmmqttit"
2025-01-29 18:42:01,353 INFO c.h.h.t.HelmChartContainer - Namespace 'helmmqttit-operator' deleted
2025-01-29 18:42:01,353 INFO c.h.h.t.HelmChartContainer - Release 'test-hivemq-platform-operator' in namespace 'helmmqttit-operator' is uninstalled
2025-01-29 18:42:02,162 INFO c.h.helmcharts.AbstractHelmChartIT - Removed unused containers:

2025-01-29 18:42:06,261 INFO c.h.h.t.HelmChartContainer - [K3S] [namespace_controller.go:187] "Namespace has been deleted" namespace="helmmqttit-operator"
2025-01-29 18:42:10,463 INFO c.h.helmcharts.AbstractHelmChartIT - Removed unused snapshots:
Removing snapshot sha256:03af251906410714c5aef9fa705b63f6bbc39c4a5e787de7361eeb18886c2ed2
Removing snapshot sha256:0c46b3b43cce082ce5ec34ffc6c294e0417d17b9d1e6f366d114b6aadc4f96dc
Removing snapshot sha256:0ce761beee59082d6ed5bcebd3a805b8ddd9b3426b617e4809e7fb7c6587ffec
Removing snapshot sha256:0df91287303208332c8ff6ba40ae4710105201739addbfbddfb955f1ad593664
Removing snapshot sha256:1021ef88c7974bfff89c5a0ec4fd3160daac6c48a075f74cff721f85dd104e68
Removing snapshot sha256:10aba4953ddc18145dd38e3704709bc464aa20af60b56fe52caaff4b68411e62
Removing snapshot sha256:2573e0d8158209ed54ab25c87bcdcb00bd3d2539246960a3d592a1c599d70465
Removing snapshot sha256:362a8a37f8bbc31925a8146adcf7cf51f9882f5c1dcbef67c5baa03a297543c0
Removing snapshot sha256:3fa4ad33f0ddc8fd45b39b6b4640f82a3a83619606cd975bfe89d8710ad2d4cd
Removing snapshot sha256:43a7c979bbaba6838bc3102d6b10a1459f3ab050b87ccdfef84ef90cf43d3058
Removing snapshot sha256:4ab04491cdf0d3267f08206fe30bd48f49f94b9cab2f016d6739220f722a64af
Removing snapshot sha256:4b6068250e89c96f263060261819c7d912855bfbd64b3eb4c4a8483299b8c295
Removing snapshot sha256:57f3eb95f971d7bc40368e9b7dc83376c215da5fbd14ec8fde3439512f60314d
Removing snapshot sha256:580e69a0a8034ede1921139bbd2bfb72a69ebf276d008281896c32dd8bf74775
Removing snapshot sha256:5d30ba46b27fe37484567ccc5242cadc78217b8da605f3f195ef25cbf7487904
Removing snapshot sha256:63ca1fbb43ae5034640e5e6cb3e083e05c290072c5366fcaa9d62435a4cced85
Removing snapshot sha256:67f702c6baae873bceb19487c8b1f27bd2b86077e4f2f0e480e6d60ab508b8f5
Removing snapshot sha256:6864348dd42806d552efdec384f1274be15e2d0c10ce44c1f04347af004c10a9
Removing snapshot sha256:6c7dee8f2c39b84b7dc2711c01d33de93514d9055499173e9290176fbe484b6c
Removing snapshot sha256:82753493a6d61ded36556292f02f31841a14c20d2f279f19eaad65afb661d5cd
Removing snapshot sha256:8a10d3db42c505ee0fcfa98417bdd7e39b304f6bcc0a06bb1b220797ff2cc63c
Removing snapshot sha256:a0904247e36a7726c03c71ee48f3e64462021c88dafeb13f37fdaf613b27f11c
Removing snapshot sha256:a21e5b12dbac529ad45d976eb9ce45c881f3bedcc500fb30aba1e52aa1813418
Removing snapshot sha256:b6717edd394cbd644ebfedbff7559480325c54ef9bd4ddbf0635f8cc187f6fb7
Removing snapshot sha256:b921e6c28969094157f9b8e7244677780319637afd14450b7cb6b2fdea558a0c
Removing snapshot sha256:bc27ecb5769a00e309cf99ebc763c4a4b958b618d1decc96ffac5bc05f02f5b7
Removing snapshot sha256:bc28d23beab104ae989d291427a2847108c51f00423e69987eddc7e24e868730
Removing snapshot sha256:be3ccb6627a5332e309d45ef461d09b4879dd870c7394d89323d0ebc6ca6aa8a
Removing snapshot sha256:c261f7cbbc64211ee175ee47273acdb7b1a36a4450b397a064a8f2c026490095
Removing snapshot sha256:c34d9393647eea0c9e3557ab988efaf59f61d10a2a5613b439ef0958cca5ec10
Removing snapshot sha256:ccf3c4a0fa967a41c1c83497a2ce6fa5787965859df0adb32c4ca2cf7490bc2b
Removing snapshot sha256:cf92d33f869417309692088c341cd0f223c178ea78a125f757317b22aa8f90e9
Removing snapshot sha256:d0037344cf2fb078884f1849f6a1f8cf9a33a3b6139b6a85833e5ee528e1f9a8
Removing snapshot sha256:d3b36d5b79273b1e98e7700470eaeff05a882e777124d84cebcc1505b85ecb36
Removing snapshot sha256:d65a44a37914602d12c611e5e22a50f11451d847e63015cc1c2aef92dee777a4
Removing snapshot sha256:e2dc0bae2455930f23ae570e019b7f32edc75c0f2d71cab084db837ff9051796
Removing snapshot sha256:eccbd24a99c60cd9e86ee5305dbfc4a4dc89f5ab4fb1f06c8d64797cecedef34
Removing snapshot sha256:f144bb4c7c7f0d2aa7eeffd36d934ec40db1ee167be727e326aad9fdc616f475

]]></system-out>
  </testcase>
  <testcase name="platformChart_whenMqttAnnotationsEnabled_thenAnnotationsExist()" classname="com.hivemq.helmcharts.services.HelmMqttIT" time="99.278">
    <system-out><![CDATA[2025-01-29 18:42:10,465 INFO c.h.h.t.HelmChartContainer - Creating namespace 'helmmqttit-operator'...
2025-01-29 18:42:10,470 INFO c.h.h.t.HelmChartContainer - Namespace 'helmmqttit-operator' created
2025-01-29 18:42:10,470 INFO c.h.h.t.HelmChartContainer - Creating namespace 'helmmqttit'...
2025-01-29 18:42:10,478 INFO c.h.h.t.HelmChartContainer - Namespace 'helmmqttit' created
2025-01-29 18:42:10,549 DEBUG c.h.h.t.HelmChartContainer - Executing helm command: /bin/helm --kubeconfig /etc/rancher/k3s/k3s.yaml install test-hivemq-platform-operator /charts/hivemq-platform-operator --wait --timeout 5m0s --set image.repository=docker.io/hivemq --set image.name=hivemq-platform-operator-test --set image.initImageName=hivemq-platform-operator-init-test --set image.tag=snapshot --set image.pullPolicy=Never --set logLevel=DEBUG --set resources.cpu=512m --namespace helmmqttit-operator
2025-01-29 18:42:10,866 INFO c.h.h.t.HelmChartContainer - [K3S] [alloc.go:330] "allocated clusterIPs" service="helmmqttit-operator/hivemq-platform-operator-test-hivemq-platform-operator" clusterIPs={"IPv4":"10.43.239.46"}
2025-01-29 18:42:10,888 INFO c.h.h.t.HelmChartContainer - [EVENT] Normal [ScalingReplicaSet] Scaled up replica set hivemq-test-hivemq-platform-operator-6966f96d65 from 0 to 1 [helmmqttit-operator:hivemq-test-hivemq-platform-operator]
2025-01-29 18:42:10,894 INFO c.h.h.t.HelmChartContainer - [POD] hivemq-test-hivemq-platform-operator-6966f96d65-b6h96 [1e539c36-7445-48de-b248-a316e46b620e] in helmmqttit-operator was ADDED
2025-01-29 18:42:10,900 INFO c.h.h.t.HelmChartContainer - [EVENT] Normal [SuccessfulCreate] Created pod: hivemq-test-hivemq-platform-operator-6966f96d65-b6h96 [helmmqttit-operator:hivemq-test-hivemq-platform-operator-6966f96d65]
2025-01-29 18:42:10,902 INFO c.h.h.t.HelmChartContainer - [K3S] [replica_set.go:679] "Finished syncing" kind="ReplicaSet" key="helmmqttit-operator/hivemq-test-hivemq-platform-operator-6966f96d65" duration="20.829426ms"
2025-01-29 18:42:10,906 INFO c.h.h.t.HelmChartContainer - [K3S] [memory_manager.go:355] "RemoveStaleState removing state" podUID="d46f7864-e513-4dcc-8f7c-d5cf42d15c84" containerName="hivemq-platform-operator"
2025-01-29 18:42:10,906 INFO c.h.h.t.HelmChartContainer - [K3S] [memory_manager.go:355] "RemoveStaleState removing state" podUID="92d30448-30f1-41c5-aec8-a990e21285ad" containerName="lb-tcp-1884"
2025-01-29 18:42:10,906 INFO c.h.h.t.HelmChartContainer - [K3S] [memory_manager.go:355] "RemoveStaleState removing state" podUID="165de4a5-74f8-4436-b128-7940a0e8b6df" containerName="hivemq"
2025-01-29 18:42:10,906 INFO c.h.h.t.HelmChartContainer - [POD] hivemq-test-hivemq-platform-operator-6966f96d65-b6h96 [1e539c36-7445-48de-b248-a316e46b620e] in helmmqttit-operator was MODIFIED
2025-01-29 18:42:10,915 INFO c.h.h.t.HelmChartContainer - [EVENT] Normal [Scheduled] Successfully assigned helmmqttit-operator/hivemq-test-hivemq-platform-operator-6966f96d65-b6h96 to 6206d5544d57 [helmmqttit-operator:hivemq-test-hivemq-platform-operator-6966f96d65-b6h96]
2025-01-29 18:42:10,924 INFO c.h.h.t.HelmChartContainer - [POD] hivemq-test-hivemq-platform-operator-6966f96d65-b6h96 [1e539c36-7445-48de-b248-a316e46b620e] in helmmqttit-operator was MODIFIED
2025-01-29 18:42:10,928 INFO c.h.h.t.HelmChartContainer - [K3S] [replica_set.go:679] "Finished syncing" kind="ReplicaSet" key="helmmqttit-operator/hivemq-test-hivemq-platform-operator-6966f96d65" duration="25.978127ms"
2025-01-29 18:42:10,928 INFO c.h.h.t.HelmChartContainer - [K3S] [replica_set.go:679] "Finished syncing" kind="ReplicaSet" key="helmmqttit-operator/hivemq-test-hivemq-platform-operator-6966f96d65" duration="39.584µs"
2025-01-29 18:42:10,965 INFO c.h.h.t.HelmChartContainer - [K3S] [reconciler_common.go:251] "operationExecutor.VerifyControllerAttachedVolume started for volume \"kube-api-access-cfhzl\" (UniqueName: \"kubernetes.io/projected/1e539c36-7445-48de-b248-a316e46b620e-kube-api-access-cfhzl\") pod \"hivemq-test-hivemq-platform-operator-6966f96d65-b6h96\" (UID: \"1e539c36-7445-48de-b248-a316e46b620e\") " pod="helmmqttit-operator/hivemq-test-hivemq-platform-operator-6966f96d65-b6h96"
2025-01-29 18:42:11,300 INFO c.h.h.t.HelmChartContainer - [EVENT] Normal [Pulled] Container image "docker.io/hivemq/hivemq-platform-operator-test:snapshot" already present on machine [helmmqttit-operator:hivemq-test-hivemq-platform-operator-6966f96d65-b6h96]
2025-01-29 18:42:11,300 INFO c.h.h.t.HelmChartContainer - Received Pulled event for container hivemq-platform-operator in pod hivemq-test-hivemq-platform-operator-6966f96d65-b6h96 [1e539c36-7445-48de-b248-a316e46b620e]
2025-01-29 18:42:12,567 INFO c.h.h.t.HelmChartContainer - [EVENT] Normal [Created] Created container: hivemq-platform-operator [helmmqttit-operator:hivemq-test-hivemq-platform-operator-6966f96d65-b6h96]
2025-01-29 18:42:12,567 INFO c.h.h.t.HelmChartContainer - Received Created event for container hivemq-platform-operator in pod hivemq-test-hivemq-platform-operator-6966f96d65-b6h96 [1e539c36-7445-48de-b248-a316e46b620e]
2025-01-29 18:42:12,635 INFO c.h.h.t.HelmChartContainer - [K3S] [replica_set.go:679] "Finished syncing" kind="ReplicaSet" key="helmmqttit-operator/hivemq-test-hivemq-platform-operator-6966f96d65" duration="45.034µs"
2025-01-29 18:42:12,635 INFO c.h.h.t.HelmChartContainer - [POD] hivemq-test-hivemq-platform-operator-6966f96d65-b6h96 [1e539c36-7445-48de-b248-a316e46b620e] in helmmqttit-operator was MODIFIED
2025-01-29 18:42:12,645 INFO c.h.h.t.HelmChartContainer - [EVENT] Normal [Started] Started container hivemq-platform-operator [helmmqttit-operator:hivemq-test-hivemq-platform-operator-6966f96d65-b6h96]
2025-01-29 18:42:12,645 INFO c.h.h.t.HelmChartContainer - Received Started event for container hivemq-platform-operator in pod hivemq-test-hivemq-platform-operator-6966f96d65-b6h96 [1e539c36-7445-48de-b248-a316e46b620e]
2025-01-29 18:42:12,645 INFO c.h.h.t.HelmChartContainer - Started log watcher for hivemq-platform-operator in pod hivemq-test-hivemq-platform-operator-6966f96d65-b6h96 [1e539c36-7445-48de-b248-a316e46b620e]
2025-01-29 18:42:12,645 INFO c.h.h.t.HelmChartContainer - [hivemq-test-hivemq-platform] [hivemq-platform-operator] [1e539c36] -------------------------------------------------------------------------
2025-01-29 18:42:12,645 INFO c.h.h.t.HelmChartContainer - [hivemq-test-hivemq-platform] [hivemq-platform-operator] [1e539c36] 
2025-01-29 18:42:12,645 INFO c.h.h.t.HelmChartContainer - [hivemq-test-hivemq-platform] [hivemq-platform-operator] [1e539c36]                   _    _  _              __  __   ____
2025-01-29 18:42:12,645 INFO c.h.h.t.HelmChartContainer - [hivemq-test-hivemq-platform] [hivemq-platform-operator] [1e539c36]                  | |  | |(_)            |  \/  | / __ \
2025-01-29 18:42:12,645 INFO c.h.h.t.HelmChartContainer - [hivemq-test-hivemq-platform] [hivemq-platform-operator] [1e539c36]                  | |__| | _ __   __ ___ | \  / || |  | |
2025-01-29 18:42:12,645 INFO c.h.h.t.HelmChartContainer - [hivemq-test-hivemq-platform] [hivemq-platform-operator] [1e539c36]                  |  __  || |\ \ / // _ \| |\/| || |  | |
2025-01-29 18:42:12,645 INFO c.h.h.t.HelmChartContainer - [hivemq-test-hivemq-platform] [hivemq-platform-operator] [1e539c36]                  | |  | || | \ V /|  __/| |  | || |__| |
2025-01-29 18:42:12,645 INFO c.h.h.t.HelmChartContainer - [hivemq-test-hivemq-platform] [hivemq-platform-operator] [1e539c36]                  |_|  |_||_|  \_/  \___||_|  |_| \___\_\
2025-01-29 18:42:12,645 INFO c.h.h.t.HelmChartContainer - [hivemq-test-hivemq-platform] [hivemq-platform-operator] [1e539c36] 
2025-01-29 18:42:12,645 INFO c.h.h.t.HelmChartContainer - [hivemq-test-hivemq-platform] [hivemq-platform-operator] [1e539c36] -------------------------------------------------------------------------
2025-01-29 18:42:12,645 INFO c.h.h.t.HelmChartContainer - [hivemq-test-hivemq-platform] [hivemq-platform-operator] [1e539c36] 
2025-01-29 18:42:12,645 INFO c.h.h.t.HelmChartContainer - [hivemq-test-hivemq-platform] [hivemq-platform-operator] [1e539c36]   HiveMQ Platform Operator Start Script v1.0
2025-01-29 18:42:12,645 INFO c.h.h.t.HelmChartContainer - [hivemq-test-hivemq-platform] [hivemq-platform-operator] [1e539c36] 
2025-01-29 18:42:12,681 INFO c.h.h.t.HelmChartContainer - [hivemq-test-hivemq-platform] [hivemq-platform-operator] [1e539c36] -------------------------------------------------------------------------
2025-01-29 18:42:12,681 INFO c.h.h.t.HelmChartContainer - [hivemq-test-hivemq-platform] [hivemq-platform-operator] [1e539c36] 
2025-01-29 18:42:12,681 INFO c.h.h.t.HelmChartContainer - [hivemq-test-hivemq-platform] [hivemq-platform-operator] [1e539c36]   JAVA_OPTS: -XX:+UnlockExperimentalVMOptions -XX:InitialRAMPercentage=75 -XX:MaxRAMPercentage=75 -Duser.language=en -Duser.region=US
2025-01-29 18:42:12,681 INFO c.h.h.t.HelmChartContainer - [hivemq-test-hivemq-platform] [hivemq-platform-operator] [1e539c36] 
2025-01-29 18:42:12,681 INFO c.h.h.t.HelmChartContainer - [hivemq-test-hivemq-platform] [hivemq-platform-operator] [1e539c36]   JAVA_VERSION: 21
2025-01-29 18:42:12,681 INFO c.h.h.t.HelmChartContainer - [hivemq-test-hivemq-platform] [hivemq-platform-operator] [1e539c36] 
2025-01-29 18:42:12,681 INFO c.h.h.t.HelmChartContainer - [hivemq-test-hivemq-platform] [hivemq-platform-operator] [1e539c36] -------------------------------------------------------------------------
2025-01-29 18:42:12,681 INFO c.h.h.t.HelmChartContainer - [hivemq-test-hivemq-platform] [hivemq-platform-operator] [1e539c36] 
2025-01-29 18:42:15,885 INFO c.h.h.t.HelmChartContainer - [hivemq-test-hivemq-platform] [hivemq-platform-operator] [1e539c36] 18:42:15.882 [main] DEBUG org.jboss.logging - Logging Provider: org.jboss.logging.Slf4jLoggerProvider
2025-01-29 18:42:15,990 INFO c.h.h.t.HelmChartContainer - [hivemq-test-hivemq-platform] [hivemq-platform-operator] [1e539c36] 18:42:15.989 [main] DEBUG io.smallrye.config - SRCFG01006: Loaded ConfigSource SysPropConfigSource with ordinal 400
2025-01-29 18:42:15,990 INFO c.h.h.t.HelmChartContainer - [hivemq-test-hivemq-platform] [hivemq-platform-operator] [1e539c36] 18:42:15.989 [main] DEBUG io.smallrye.config - SRCFG01006: Loaded ConfigSource EnvConfigSource with ordinal 300
2025-01-29 18:42:15,992 INFO c.h.h.t.HelmChartContainer - [hivemq-test-hivemq-platform] [hivemq-platform-operator] [1e539c36] 18:42:15.989 [main] DEBUG io.smallrye.config - SRCFG01006: Loaded ConfigSource PropertiesConfigSource[source=jar:file:///opt/hivemq-platform-operator/bin/hivemq-platform-operator.jar!/hivemq-platform-operator.properties] with ordinal 100
2025-01-29 18:42:15,992 INFO c.h.h.t.HelmChartContainer - [hivemq-test-hivemq-platform] [hivemq-platform-operator] [1e539c36] 18:42:15.990 [main] DEBUG io.smallrye.config - SRCFG01006: Loaded ConfigSource DefaultValuesConfigSource with ordinal -2147483648
2025-01-29 18:42:16,102 INFO c.h.h.t.HelmChartContainer - [hivemq-test-hivemq-platform] [hivemq-platform-operator] [1e539c36] 18:42:16.101 [main] DEBUG i.m.c.u.i.l.InternalLoggerFactory - Using SLF4J as the default logging framework
2025-01-29 18:42:16,281 INFO c.h.h.t.HelmChartContainer - [hivemq-test-hivemq-platform] [hivemq-platform-operator] [1e539c36] 18:42:16.197 [main] INFO  c.h.p.o.HiveMQPlatformOperatorApplication - HiveMQ Platform Operator 1.7.0-SNAPSHOT (commit: b1b9591 on branch: HEAD) built on Wed Jan 29 18:32:18 UTC 2025
2025-01-29 18:42:16,281 INFO c.h.h.t.HelmChartContainer - [hivemq-test-hivemq-platform] [hivemq-platform-operator] [1e539c36] 18:42:16.280 [main] INFO  c.h.p.o.HiveMQPlatformOperatorApplication - HiveMQ Platform Operator is running in namespace: helmmqttit-operator
2025-01-29 18:42:16,281 INFO c.h.h.t.HelmChartContainer - [hivemq-test-hivemq-platform] [hivemq-platform-operator] [1e539c36] 18:42:16.280 [main] INFO  c.h.p.o.HiveMQPlatformOperatorApplication - Watching all namespaces
2025-01-29 18:42:16,281 INFO c.h.h.t.HelmChartContainer - [hivemq-test-hivemq-platform] [hivemq-platform-operator] [1e539c36] 18:42:16.280 [main] INFO  c.h.p.o.HiveMQPlatformOperatorApplication - Log level: DEBUG
2025-01-29 18:42:16,281 INFO c.h.h.t.HelmChartContainer - [hivemq-test-hivemq-platform] [hivemq-platform-operator] [1e539c36] 18:42:16.280 [main] INFO  c.h.p.o.HiveMQPlatformOperatorApplication - Release name: test-hivemq-platform-operator
2025-01-29 18:42:16,281 INFO c.h.h.t.HelmChartContainer - [hivemq-test-hivemq-platform] [hivemq-platform-operator] [1e539c36] 18:42:16.280 [main] INFO  c.h.p.o.HiveMQPlatformOperatorApplication - HiveMQ Platform Operator Init image: docker.io/hivemq/hivemq-platform-operator-init-test:snapshot
2025-01-29 18:42:16,281 INFO c.h.h.t.HelmChartContainer - [hivemq-test-hivemq-platform] [hivemq-platform-operator] [1e539c36] 18:42:16.280 [main] INFO  c.h.p.o.HiveMQPlatformOperatorApplication - HiveMQ Platform Operator Init App update URL: http://hivemq-platform-operator-test-hivemq-platform-operator.helmmqttit-operator.svc:8080/initAppUpdate/hivemq-platform-operator-init-app-1.7.0-SNAPSHOT.jar
2025-01-29 18:42:16,281 INFO c.h.h.t.HelmChartContainer - [hivemq-test-hivemq-platform] [hivemq-platform-operator] [1e539c36] 18:42:16.280 [main] INFO  c.h.p.o.HiveMQPlatformOperatorApplication - Additional imagePullSecret for all Platform deployments: none
2025-01-29 18:42:16,281 INFO c.h.h.t.HelmChartContainer - [hivemq-test-hivemq-platform] [hivemq-platform-operator] [1e539c36] 18:42:16.280 [main] INFO  c.h.p.o.HiveMQPlatformOperatorApplication - Apply HiveMQ Platform CRD: true
2025-01-29 18:42:16,282 INFO c.h.h.t.HelmChartContainer - [hivemq-test-hivemq-platform] [hivemq-platform-operator] [1e539c36] 18:42:16.280 [main] INFO  c.h.p.o.HiveMQPlatformOperatorApplication - Create Platform ServiceAccount: true
2025-01-29 18:42:16,282 INFO c.h.h.t.HelmChartContainer - [hivemq-test-hivemq-platform] [hivemq-platform-operator] [1e539c36] 18:42:16.280 [main] INFO  c.h.p.o.HiveMQPlatformOperatorApplication - Create Platform ServiceAccount permissions: true
2025-01-29 18:42:16,282 INFO c.h.h.t.HelmChartContainer - [hivemq-test-hivemq-platform] [hivemq-platform-operator] [1e539c36] 18:42:16.280 [main] INFO  c.h.p.o.HiveMQPlatformOperatorApplication - Validate Platform ServiceAccount: true
2025-01-29 18:42:16,282 INFO c.h.h.t.HelmChartContainer - [hivemq-test-hivemq-platform] [hivemq-platform-operator] [1e539c36] 18:42:16.280 [main] INFO  c.h.p.o.HiveMQPlatformOperatorApplication - Validate Platform ServiceAccount permissions: true
2025-01-29 18:42:16,396 INFO c.h.h.t.HelmChartContainer - [hivemq-test-hivemq-platform] [hivemq-platform-operator] [1e539c36] 18:42:16.395 [main] INFO  c.h.platform.operator.util.CRDUtil - Verifying deployed HiveMQ Platform CRD...
2025-01-29 18:42:18,987 INFO c.h.h.t.HelmChartContainer - [hivemq-test-hivemq-platform] [hivemq-platform-operator] [1e539c36] 18:42:18.986 [main] DEBUG c.h.platform.operator.util.CRDUtil - HiveMQ Platform CRD version v1 is up to date
2025-01-29 18:42:18,987 INFO c.h.h.t.HelmChartContainer - [hivemq-test-hivemq-platform] [hivemq-platform-operator] [1e539c36] 18:42:18.986 [main] INFO  c.h.platform.operator.util.CRDUtil - HiveMQ Platform CRD is up to date (version: V1_6_0)
2025-01-29 18:42:18,987 INFO c.h.h.t.HelmChartContainer - [hivemq-test-hivemq-platform] [hivemq-platform-operator] [1e539c36] 18:42:18.986 [main] INFO  c.h.platform.operator.util.CRDUtil - Waiting 10000 ms for HiveMQ Platform CRD 'hivemq-platforms.hivemq.com' to become ready...
2025-01-29 18:42:19,282 INFO c.h.h.t.HelmChartContainer - [hivemq-test-hivemq-platform] [hivemq-platform-operator] [1e539c36] 18:42:19.280 [vert.x-eventloop-thread-1] DEBUG c.h.platform.operator.util.CRDUtil - Checking CRD condition 'NamesAccepted' (status: 'True')
2025-01-29 18:42:19,283 INFO c.h.h.t.HelmChartContainer - [hivemq-test-hivemq-platform] [hivemq-platform-operator] [1e539c36] 18:42:19.281 [vert.x-eventloop-thread-1] DEBUG c.h.platform.operator.util.CRDUtil - Checking CRD condition 'Established' (status: 'True')
2025-01-29 18:42:19,283 INFO c.h.h.t.HelmChartContainer - [hivemq-test-hivemq-platform] [hivemq-platform-operator] [1e539c36] 18:42:19.281 [main] INFO  c.h.platform.operator.util.CRDUtil - HiveMQ Platform CRD 'hivemq-platforms.hivemq.com' is ready
2025-01-29 18:42:19,482 INFO c.h.h.t.HelmChartContainer - [hivemq-test-hivemq-platform] [hivemq-platform-operator] [1e539c36] 18:42:19.481 [main] INFO  c.h.p.o.HiveMQPlatformReconciler - HiveMQ Platform Operator is starting...
2025-01-29 18:42:19,586 INFO c.h.h.t.HelmChartContainer - [hivemq-test-hivemq-platform] [hivemq-platform-operator] [1e539c36] 18:42:19.584 [main] WARN  Default ConfigurationService implementation - Configuration for reconciler 'hivemq-controller' was not found. Known reconcilers: None.
2025-01-29 18:42:19,595 INFO c.h.h.t.HelmChartContainer - [hivemq-test-hivemq-platform] [hivemq-platform-operator] [1e539c36] 18:42:19.592 [main] INFO  Default ConfigurationService implementation - Created configuration for reconciler com.hivemq.platform.operator.HiveMQPlatformReconciler with name hivemq-controller
2025-01-29 18:42:19,778 INFO c.h.h.t.HelmChartContainer - [hivemq-test-hivemq-platform] [hivemq-platform-operator] [1e539c36] 18:42:19.777 [main] DEBUG c.h.p.o.HiveMQPlatformReconciler - HiveMQ Platform Operator is preparing EventSources
2025-01-29 18:42:19,792 INFO c.h.h.t.HelmChartContainer - [hivemq-test-hivemq-platform] [hivemq-platform-operator] [1e539c36] 18:42:19.791 [main] INFO  i.javaoperatorsdk.operator.Operator - Registered reconciler: 'hivemq-controller' for resource: 'class com.hivemq.platform.operator.v1.HiveMQPlatform' for namespace(s): [all namespaces]
2025-01-29 18:42:20,384 INFO c.h.h.t.HelmChartContainer - [hivemq-test-hivemq-platform] [hivemq-platform-operator] [1e539c36] 18:42:20.383 [main] INFO  c.h.p.operator.webserver.JettyServer - Starting Jetty server on port 8080
2025-01-29 18:42:20,482 INFO c.h.h.t.HelmChartContainer - [hivemq-test-hivemq-platform] [hivemq-platform-operator] [1e539c36] 18:42:20.481 [main] INFO  i.javaoperatorsdk.operator.Operator - Operator SDK 4.9.7 (commit: 2133d28) built on Wed Nov 20 12:56:20 UTC 2024 starting...
2025-01-29 18:42:20,482 INFO c.h.h.t.HelmChartContainer - [hivemq-test-hivemq-platform] [hivemq-platform-operator] [1e539c36] 18:42:20.481 [main] INFO  i.javaoperatorsdk.operator.Operator - Client version: 6.13.5
2025-01-29 18:42:20,484 INFO c.h.h.t.HelmChartContainer - [hivemq-test-hivemq-platform] [hivemq-platform-operator] [1e539c36] 18:42:20.483 [Controller Starter for: hivemq-controller] INFO  i.j.operator.processing.Controller - Starting 'hivemq-controller' controller for reconciler: com.hivemq.platform.operator.HiveMQPlatformReconciler, resource: com.hivemq.platform.operator.v1.HiveMQPlatform
2025-01-29 18:42:22,889 INFO c.h.h.t.HelmChartContainer - [hivemq-test-hivemq-platform] [hivemq-platform-operator] [1e539c36] 18:42:22.888 [Controller Starter for: hivemq-controller] INFO  i.j.operator.processing.Controller - 'hivemq-controller' controller started
2025-01-29 18:42:22,890 INFO c.h.h.t.HelmChartContainer - [hivemq-test-hivemq-platform] [hivemq-platform-operator] [1e539c36] 18:42:22.888 [main] INFO  c.h.p.o.HiveMQPlatformOperatorApplication - HiveMQ Platform Operator 1.7.0-SNAPSHOT started in 6691 ms
2025-01-29 18:42:23,642 INFO c.h.h.t.HelmChartContainer - [POD] hivemq-test-hivemq-platform-operator-6966f96d65-b6h96 [1e539c36-7445-48de-b248-a316e46b620e] in helmmqttit-operator was MODIFIED
2025-01-29 18:42:23,649 INFO c.h.h.t.HelmChartContainer - [K3S] [replica_set.go:679] "Finished syncing" kind="ReplicaSet" key="helmmqttit-operator/hivemq-test-hivemq-platform-operator-6966f96d65" duration="10.217333ms"
2025-01-29 18:42:23,650 INFO c.h.h.t.HelmChartContainer - [K3S] [replica_set.go:679] "Finished syncing" kind="ReplicaSet" key="helmmqttit-operator/hivemq-test-hivemq-platform-operator-6966f96d65" duration="35.036µs"
2025-01-29 18:42:24,998 DEBUG c.h.h.t.HelmChartContainer - Executing helm command: /bin/helm --kubeconfig /etc/rancher/k3s/k3s.yaml install test-hivemq-platform /charts/hivemq-platform --wait --timeout 5m0s --set image.repository=docker.io/hivemq --set image.tag=4.36.0 --set image.pullPolicy=Never --set nodes.resources.cpu=512m -f /files/mqtt-annotations-values.yaml --namespace helmmqttit
2025-01-29 18:42:25,225 INFO c.h.h.t.HelmChartContainer - [hivemq-test-hivemq-platform] [hivemq-platform-operator] [1e539c36] 18:42:25.223 [-2082509879-pool-1-thread-2] WARN  i.m.p.PrometheusMeterRegistry - The meter (MeterId{name='operator.sdk.events.received', tags=[tag(action=ADDED),tag(event=ResourceEvent),tag(group=hivemq.com),tag(kind=HiveMQPlatform),tag(name=test-hivemq-platform),tag(namespace=helmmqttit),tag(scope=namespace),tag(version=v1)]}) registration has failed: Prometheus requires that all meters with the same name have the same set of tag keys. There is already an existing meter named 'operator.sdk.events.received' containing tag keys [event, group, kind, name, namespace, scope, version]. The meter you are attempting to register has keys [action, event, group, kind, name, namespace, scope, version]. Note that subsequent logs will be logged at debug level.
2025-01-29 18:42:25,598 INFO c.h.h.t.HelmChartContainer - [hivemq-test-hivemq-platform] [hivemq-platform-operator] [1e539c36] 18:42:25.597 [pool-6-thread-3] DEBUG c.h.p.o.dependants.PodInfoConfigMap - [helmmqtt] Desired PodInfo ConfigMap (1 extensions) (1 enabled)
2025-01-29 18:42:25,598 INFO c.h.h.t.HelmChartContainer - [hivemq-test-hivemq-platform] [hivemq-platform-operator] [1e539c36] 18:42:25.597 [pool-6-thread-3] DEBUG c.h.p.o.dependants.PodInfoConfigMap - [helmmqtt] Desired PodInfo ConfigMap (metrics port: 9399) (metrics path: /)
2025-01-29 18:42:25,598 INFO c.h.h.t.HelmChartContainer - [hivemq-test-hivemq-platform] [hivemq-platform-operator] [1e539c36] 18:42:25.598 [pool-6-thread-3] DEBUG c.h.p.o.dependants.PodInfoConfigMap - [helmmqtt] Desired PodInfo ConfigMap (extension state hash: -1817474005)
2025-01-29 18:42:25,683 INFO c.h.h.t.HelmChartContainer - [hivemq-test-hivemq-platform] [hivemq-platform-operator] [1e539c36] 18:42:25.677 [pool-6-thread-3] DEBUG c.h.p.o.dependants.PodInfoConfigMap - [helmmqtt] Create PodInfo ConfigMap
2025-01-29 18:42:25,779 INFO c.h.h.t.HelmChartContainer - [hivemq-test-hivemq-platform] [hivemq-platform-operator] [1e539c36] 18:42:25.776 [pool-6-thread-5] DEBUG c.h.p.o.dependants.PodRoleResource - [helmmqtt] Create Role: Role(apiVersion=rbac.authorization.k8s.io/v1, kind=Role, metadata=ObjectMeta(annotations={meta.helm.sh/release-name=test-hivemq-platform, meta.helm.sh/release-namespace=helmmqttit}, creationTimestamp=null, deletionGracePeriodSeconds=null, deletionTimestamp=null, finalizers=[], generateName=null, generation=null, labels={helm.sh/chart=hivemq-platform-0.2.32, app.kubernetes.io/managed-by=Helm, app.kubernetes.io/name=hivemq-platform, hivemq-platform=test-hivemq-platform, app.kubernetes.io/instance=test-hivemq-platform, app.kubernetes.io/version=4.36.0}, managedFields=[], name=hivemq-platform-role-test-hivemq-platform, namespace=helmmqttit, ownerReferences=[OwnerReference(apiVersion=hivemq.com/v1, blockOwnerDeletion=null, controller=null, kind=HiveMQPlatform, name=test-hivemq-platform, uid=a7cc5cd8-386b-4b3a-84ac-59dbabc35ca9, additionalProperties={})], resourceVersion=null, selfLink=null, uid=null, additionalProperties={}), rules=[PolicyRule(apiGroups=[], nonResourceURLs=[], resourceNames=[], resources=[pods], verbs=[get, patch, update], additionalProperties={})], additionalProperties={})
2025-01-29 18:42:25,883 INFO c.h.h.t.HelmChartContainer - [hivemq-test-hivemq-platform] [hivemq-platform-operator] [1e539c36] 18:42:25.881 [pool-6-thread-7] DEBUG c.h.p.o.d.PodServiceAccountResource - [helmmqtt] Desired PodServiceAccountResource (serviceAccountName: hivemq-platform-pod-test-hivemq-platform)
2025-01-29 18:42:25,884 INFO c.h.h.t.HelmChartContainer - [hivemq-test-hivemq-platform] [hivemq-platform-operator] [1e539c36] 18:42:25.882 [pool-6-thread-7] DEBUG c.h.p.o.d.PodServiceAccountResource - [helmmqtt] Create ServiceAccount 'hivemq-platform-pod-test-hivemq-platform'
2025-01-29 18:42:25,989 INFO c.h.h.t.HelmChartContainer - [hivemq-test-hivemq-platform] [hivemq-platform-operator] [1e539c36] 18:42:25.987 [pool-6-thread-9] DEBUG c.h.p.o.d.PodRoleBindingResource - [helmmqtt] Create RoleBinding: RoleBinding(apiVersion=rbac.authorization.k8s.io/v1, kind=RoleBinding, metadata=ObjectMeta(annotations={meta.helm.sh/release-name=test-hivemq-platform, meta.helm.sh/release-namespace=helmmqttit}, creationTimestamp=null, deletionGracePeriodSeconds=null, deletionTimestamp=null, finalizers=[], generateName=null, generation=null, labels={helm.sh/chart=hivemq-platform-0.2.32, app.kubernetes.io/managed-by=Helm, app.kubernetes.io/name=hivemq-platform, hivemq-platform=test-hivemq-platform, app.kubernetes.io/instance=test-hivemq-platform, app.kubernetes.io/version=4.36.0}, managedFields=[], name=hivemq-platform-role-binding-test-hivemq-platform, namespace=helmmqttit, ownerReferences=[OwnerReference(apiVersion=hivemq.com/v1, blockOwnerDeletion=null, controller=null, kind=HiveMQPlatform, name=test-hivemq-platform, uid=a7cc5cd8-386b-4b3a-84ac-59dbabc35ca9, additionalProperties={})], resourceVersion=null, selfLink=null, uid=null, additionalProperties={}), roleRef=RoleRef(apiGroup=rbac.authorization.k8s.io, kind=Role, name=hivemq-platform-role-test-hivemq-platform, additionalProperties={}), subjects=[Subject(apiGroup=null, kind=ServiceAccount, name=hivemq-platform-pod-test-hivemq-platform, namespace=helmmqttit, additionalProperties={})], additionalProperties={})
2025-01-29 18:42:26,082 INFO c.h.h.t.HelmChartContainer - [hivemq-test-hivemq-platform] [hivemq-platform-operator] [1e539c36] 18:42:26.081 [ReconcilerExecutor-hivemq-controller-54] INFO  c.h.p.o.HiveMQPlatformReconciler - [helmmqtt] Reconciling HiveMQ Platform 'test-hivemq-platform' in namespace 'helmmqttit'
2025-01-29 18:42:26,084 INFO c.h.h.t.HelmChartContainer - [hivemq-test-hivemq-platform] [hivemq-platform-operator] [1e539c36] 18:42:26.081 [ReconcilerExecutor-hivemq-controller-54] DEBUG c.h.p.o.HiveMQPlatformReconciler - [helmmqtt] Custom Resource Status CREATED - HiveMQ Platform was created (READY)
2025-01-29 18:42:26,084 INFO c.h.h.t.HelmChartContainer - [hivemq-test-hivemq-platform] [hivemq-platform-operator] [1e539c36] 18:42:26.081 [ReconcilerExecutor-hivemq-controller-54] DEBUG c.h.p.o.HiveMQPlatformReconciler - [helmmqtt] Custom Resource Spec (replicas: 1) (extensions: 1)
2025-01-29 18:42:26,086 INFO c.h.h.t.HelmChartContainer - [hivemq-test-hivemq-platform] [hivemq-platform-operator] [1e539c36] 18:42:26.085 [ReconcilerExecutor-hivemq-controller-54] INFO  c.h.p.o.h.HiveMQPlatformReconcilerBaseHandler - [helmmqtt] HiveMQ Platform is starting
2025-01-29 18:42:26,188 INFO c.h.h.t.HelmChartContainer - [hivemq-test-hivemq-platform] [hivemq-platform-operator] [1e539c36] 18:42:26.187 [ReconcilerExecutor-hivemq-controller-54] DEBUG c.h.p.operator.event.EventSender - [helmmqtt] Creating K8s event hivemq-platform-starting: [Start] HiveMQ Platform is starting
2025-01-29 18:42:26,199 INFO c.h.h.t.HelmChartContainer - [EVENT] Normal [Start] HiveMQ Platform is starting [helmmqttit:test-hivemq-platform]
2025-01-29 18:42:26,202 INFO c.h.h.t.HelmChartContainer - [hivemq-test-hivemq-platform] [hivemq-platform-operator] [1e539c36] 18:42:26.201 [ReconcilerExecutor-hivemq-controller-54] INFO  c.h.p.o.h.AbstractHiveMQReconcilerStateHandler - [helmmqtt] Update HiveMQ Platform Status (CREATED [READY] -> STARTING [READY]): HiveMQ Platform is starting
2025-01-29 18:42:26,290 DEBUG com.hivemq.helmcharts.util.K8sUtil - Comparing actual state 'STARTING' and waiting for 'RUNNING'
2025-01-29 18:42:36,304 INFO c.h.h.t.HelmChartContainer - [hivemq-test-hivemq-platform] [hivemq-platform-operator] [1e539c36] 18:42:36.299 [pool-6-thread-12] DEBUG c.h.p.o.d.PlatformServiceResource - [helmmqtt] Desired Platform services (2 services)
2025-01-29 18:42:36,304 INFO c.h.h.t.HelmChartContainer - [hivemq-test-hivemq-platform] [hivemq-platform-operator] [1e539c36] 18:42:36.301 [pool-6-thread-13] DEBUG c.h.p.o.dependants.PodInfoConfigMap - [helmmqtt] Desired PodInfo ConfigMap (1 extensions) (1 enabled)
2025-01-29 18:42:36,304 INFO c.h.h.t.HelmChartContainer - [hivemq-test-hivemq-platform] [hivemq-platform-operator] [1e539c36] 18:42:36.301 [pool-6-thread-13] DEBUG c.h.p.o.dependants.PodInfoConfigMap - [helmmqtt] Desired PodInfo ConfigMap (metrics port: 9399) (metrics path: /)
2025-01-29 18:42:36,304 INFO c.h.h.t.HelmChartContainer - [hivemq-test-hivemq-platform] [hivemq-platform-operator] [1e539c36] 18:42:36.301 [pool-6-thread-13] DEBUG c.h.p.o.dependants.PodInfoConfigMap - [helmmqtt] Desired PodInfo ConfigMap (extension state hash: -1817474005)
2025-01-29 18:42:36,308 INFO c.h.h.t.HelmChartContainer - [hivemq-test-hivemq-platform] [hivemq-platform-operator] [1e539c36] 18:42:36.307 [pool-6-thread-17] DEBUG c.h.p.o.d.PodServiceAccountResource - [helmmqtt] Desired PodServiceAccountResource (serviceAccountName: hivemq-platform-pod-test-hivemq-platform)
2025-01-29 18:42:36,310 INFO c.h.h.t.HelmChartContainer - [hivemq-test-hivemq-platform] [hivemq-platform-operator] [1e539c36] 18:42:36.309 [pool-6-thread-13] DEBUG c.h.p.o.dependants.PodInfoConfigMap - [helmmqtt] Update PodInfo ConfigMap
2025-01-29 18:42:36,388 INFO c.h.h.t.HelmChartContainer - [K3S] [alloc.go:330] "allocated clusterIPs" service="helmmqttit/hivemq-test-hivemq-platform-metrics-9399" clusterIPs={"IPv4":"10.43.215.148"}
2025-01-29 18:42:36,410 INFO c.h.h.t.HelmChartContainer - [K3S] [alloc.go:330] "allocated clusterIPs" service="helmmqttit/hivemq-test-hivemq-platform-mqtt-1884" clusterIPs={"IPv4":"10.43.153.74"}
2025-01-29 18:42:36,480 INFO c.h.h.t.HelmChartContainer - [hivemq-test-hivemq-platform] [hivemq-platform-operator] [1e539c36] 18:42:36.479 [pool-6-thread-20] DEBUG c.h.p.o.d.StatefulSetResource - [helmmqtt] Desired StatefulSet (1 replicas) for status STARTING (READY)
2025-01-29 18:42:36,493 INFO c.h.h.t.HelmChartContainer - [hivemq-test-hivemq-platform] [hivemq-platform-operator] [1e539c36] 18:42:36.491 [pool-6-thread-20] DEBUG c.h.p.o.d.StatefulSetResource - [helmmqtt] Create StatefulSet
2025-01-29 18:42:36,599 INFO c.h.h.t.HelmChartContainer - [hivemq-test-hivemq-platform] [hivemq-platform-operator] [1e539c36] 18:42:36.597 [ReconcilerExecutor-hivemq-controller-65] INFO  c.h.p.o.HiveMQPlatformReconciler - [helmmqtt] Reconciling HiveMQ Platform 'test-hivemq-platform' in namespace 'helmmqttit'
2025-01-29 18:42:36,599 INFO c.h.h.t.HelmChartContainer - [hivemq-test-hivemq-platform] [hivemq-platform-operator] [1e539c36] 18:42:36.597 [ReconcilerExecutor-hivemq-controller-65] DEBUG c.h.p.o.HiveMQPlatformReconciler - [helmmqtt] Custom Resource Status STARTING - HiveMQ Platform is starting (READY)
2025-01-29 18:42:36,599 INFO c.h.h.t.HelmChartContainer - [hivemq-test-hivemq-platform] [hivemq-platform-operator] [1e539c36] 18:42:36.597 [ReconcilerExecutor-hivemq-controller-65] DEBUG c.h.p.o.HiveMQPlatformReconciler - [helmmqtt] Custom Resource Spec (replicas: 1) (extensions: 1)
2025-01-29 18:42:36,601 INFO c.h.h.t.HelmChartContainer - [POD] test-hivemq-platform-0 [52056131-70ec-450f-98e5-2592ab004293] in helmmqttit was ADDED
2025-01-29 18:42:36,606 INFO c.h.h.t.HelmChartContainer - [POD] test-hivemq-platform-0 [52056131-70ec-450f-98e5-2592ab004293] in helmmqttit was MODIFIED
2025-01-29 18:42:36,607 INFO c.h.h.t.HelmChartContainer - [EVENT] Normal [SuccessfulCreate] create Pod test-hivemq-platform-0 in StatefulSet test-hivemq-platform successful [helmmqttit:test-hivemq-platform]
2025-01-29 18:42:36,618 INFO c.h.h.t.HelmChartContainer - [EVENT] Normal [Scheduled] Successfully assigned helmmqttit/test-hivemq-platform-0 to 6206d5544d57 [helmmqttit:test-hivemq-platform-0]
2025-01-29 18:42:36,619 INFO c.h.h.t.HelmChartContainer - [POD] test-hivemq-platform-0 [52056131-70ec-450f-98e5-2592ab004293] in helmmqttit was MODIFIED
2025-01-29 18:42:36,681 INFO c.h.h.t.HelmChartContainer - [hivemq-test-hivemq-platform] [hivemq-platform-operator] [1e539c36] 18:42:36.678 [ReconcilerExecutor-hivemq-controller-65] DEBUG c.h.p.o.HiveMQPlatformReconciler - [helmmqtt] StatefulSet Status (revision: null, replicas: 0, available: 0, ready: 0, current: 0, updated: 0)
2025-01-29 18:42:36,683 INFO c.h.h.t.HelmChartContainer - [hivemq-test-hivemq-platform] [hivemq-platform-operator] [1e539c36] 18:42:36.679 [ReconcilerExecutor-hivemq-controller-65] DEBUG c.h.p.o.HiveMQPlatformReconciler - [helmmqtt] StatefulSet Spec (replicas: 1, init containers: 1, containers: 1, volumes: 3)
2025-01-29 18:42:36,724 INFO c.h.h.t.HelmChartContainer - [K3S] [reconciler_common.go:251] "operationExecutor.VerifyControllerAttachedVolume started for volume \"pod-info\" (UniqueName: \"kubernetes.io/configmap/52056131-70ec-450f-98e5-2592ab004293-pod-info\") pod \"test-hivemq-platform-0\" (UID: \"52056131-70ec-450f-98e5-2592ab004293\") " pod="helmmqttit/test-hivemq-platform-0"
2025-01-29 18:42:36,724 INFO c.h.h.t.HelmChartContainer - [K3S] [reconciler_common.go:251] "operationExecutor.VerifyControllerAttachedVolume started for volume \"broker-configuration\" (UniqueName: \"kubernetes.io/configmap/52056131-70ec-450f-98e5-2592ab004293-broker-configuration\") pod \"test-hivemq-platform-0\" (UID: \"52056131-70ec-450f-98e5-2592ab004293\") " pod="helmmqttit/test-hivemq-platform-0"
2025-01-29 18:42:36,724 INFO c.h.h.t.HelmChartContainer - [K3S] [reconciler_common.go:251] "operationExecutor.VerifyControllerAttachedVolume started for volume \"operator-init\" (UniqueName: \"kubernetes.io/empty-dir/52056131-70ec-450f-98e5-2592ab004293-operator-init\") pod \"test-hivemq-platform-0\" (UID: \"52056131-70ec-450f-98e5-2592ab004293\") " pod="helmmqttit/test-hivemq-platform-0"
2025-01-29 18:42:36,724 INFO c.h.h.t.HelmChartContainer - [K3S] [reconciler_common.go:251] "operationExecutor.VerifyControllerAttachedVolume started for volume \"kube-api-access-q7jkx\" (UniqueName: \"kubernetes.io/projected/52056131-70ec-450f-98e5-2592ab004293-kube-api-access-q7jkx\") pod \"test-hivemq-platform-0\" (UID: \"52056131-70ec-450f-98e5-2592ab004293\") " pod="helmmqttit/test-hivemq-platform-0"
2025-01-29 18:42:36,780 INFO c.h.h.t.HelmChartContainer - [hivemq-test-hivemq-platform] [hivemq-platform-operator] [1e539c36] 18:42:36.779 [ReconcilerExecutor-hivemq-controller-65] DEBUG c.h.p.o.h.HiveMQPlatformReconcilerErrorHandler - [helmmqtt] Pod 'test-hivemq-platform-0' phase Pending
2025-01-29 18:42:36,781 INFO c.h.h.t.HelmChartContainer - [hivemq-test-hivemq-platform] [hivemq-platform-operator] [1e539c36] 18:42:36.781 [ReconcilerExecutor-hivemq-controller-65] INFO  c.h.p.o.h.HiveMQPlatformReconcilerBaseHandler - [helmmqtt] HiveMQ Platform is starting, 0 of 1 replicas are ready
2025-01-29 18:42:36,787 INFO c.h.h.t.HelmChartContainer - [hivemq-test-hivemq-platform] [hivemq-platform-operator] [1e539c36] 18:42:36.785 [pool-6-thread-22] DEBUG c.h.p.o.d.PlatformServiceResource - [helmmqtt] Desired Platform services (2 services)
2025-01-29 18:42:36,789 INFO c.h.h.t.HelmChartContainer - [hivemq-test-hivemq-platform] [hivemq-platform-operator] [1e539c36] 18:42:36.787 [pool-6-thread-23] DEBUG c.h.p.o.dependants.PodInfoConfigMap - [helmmqtt] Desired PodInfo ConfigMap (1 extensions) (1 enabled)
2025-01-29 18:42:36,789 INFO c.h.h.t.HelmChartContainer - [hivemq-test-hivemq-platform] [hivemq-platform-operator] [1e539c36] 18:42:36.787 [pool-6-thread-23] DEBUG c.h.p.o.dependants.PodInfoConfigMap - [helmmqtt] Desired PodInfo ConfigMap (metrics port: 9399) (metrics path: /)
2025-01-29 18:42:36,789 INFO c.h.h.t.HelmChartContainer - [hivemq-test-hivemq-platform] [hivemq-platform-operator] [1e539c36] 18:42:36.788 [pool-6-thread-23] DEBUG c.h.p.o.dependants.PodInfoConfigMap - [helmmqtt] Desired PodInfo ConfigMap (extension state hash: -1817474005)
2025-01-29 18:42:36,879 INFO c.h.h.t.HelmChartContainer - [hivemq-test-hivemq-platform] [hivemq-platform-operator] [1e539c36] 18:42:36.877 [pool-6-thread-27] DEBUG c.h.p.o.d.PodServiceAccountResource - [helmmqtt] Desired PodServiceAccountResource (serviceAccountName: hivemq-platform-pod-test-hivemq-platform)
2025-01-29 18:42:36,883 INFO c.h.h.t.HelmChartContainer - [hivemq-test-hivemq-platform] [hivemq-platform-operator] [1e539c36] 18:42:36.881 [pool-6-thread-30] DEBUG c.h.p.o.d.StatefulSetResource - [helmmqtt] Desired StatefulSet (1 replicas) for status STARTING (READY)
2025-01-29 18:42:36,887 INFO c.h.h.t.HelmChartContainer - [hivemq-test-hivemq-platform] [hivemq-platform-operator] [1e539c36] 18:42:36.886 [ReconcilerExecutor-hivemq-controller-76] INFO  c.h.p.o.HiveMQPlatformReconciler - [helmmqtt] Reconciling HiveMQ Platform 'test-hivemq-platform' in namespace 'helmmqttit'
2025-01-29 18:42:36,888 INFO c.h.h.t.HelmChartContainer - [hivemq-test-hivemq-platform] [hivemq-platform-operator] [1e539c36] 18:42:36.886 [ReconcilerExecutor-hivemq-controller-76] DEBUG c.h.p.o.HiveMQPlatformReconciler - [helmmqtt] Custom Resource Status STARTING - HiveMQ Platform is starting (READY)
2025-01-29 18:42:36,888 INFO c.h.h.t.HelmChartContainer - [hivemq-test-hivemq-platform] [hivemq-platform-operator] [1e539c36] 18:42:36.886 [ReconcilerExecutor-hivemq-controller-76] DEBUG c.h.p.o.HiveMQPlatformReconciler - [helmmqtt] Custom Resource Spec (replicas: 1) (extensions: 1)
2025-01-29 18:42:36,891 INFO c.h.h.t.HelmChartContainer - [hivemq-test-hivemq-platform] [hivemq-platform-operator] [1e539c36] 18:42:36.890 [ReconcilerExecutor-hivemq-controller-76] DEBUG c.h.p.o.HiveMQPlatformReconciler - [helmmqtt] StatefulSet Status (revision: test-hivemq-platform-7bbc5894fb, replicas: 1, available: 0, ready: 0, current: 1, updated: 1)
2025-01-29 18:42:36,891 INFO c.h.h.t.HelmChartContainer - [hivemq-test-hivemq-platform] [hivemq-platform-operator] [1e539c36] 18:42:36.890 [ReconcilerExecutor-hivemq-controller-76] DEBUG c.h.p.o.HiveMQPlatformReconciler - [helmmqtt] StatefulSet Spec (replicas: 1, init containers: 1, containers: 1, volumes: 3)
2025-01-29 18:42:36,979 INFO c.h.h.t.HelmChartContainer - [hivemq-test-hivemq-platform] [hivemq-platform-operator] [1e539c36] 18:42:36.976 [ReconcilerExecutor-hivemq-controller-76] DEBUG c.h.p.o.h.HiveMQPlatformReconcilerErrorHandler - [helmmqtt] Pod 'test-hivemq-platform-0' phase Pending
2025-01-29 18:42:36,979 INFO c.h.h.t.HelmChartContainer - [hivemq-test-hivemq-platform] [hivemq-platform-operator] [1e539c36] 18:42:36.976 [ReconcilerExecutor-hivemq-controller-76] DEBUG c.h.p.o.h.HiveMQPlatformReconcilerErrorHandler - [helmmqtt] Pod 'test-hivemq-platform-0' condition 'PodReadyToStartContainers': False
2025-01-29 18:42:36,980 INFO c.h.h.t.HelmChartContainer - [hivemq-test-hivemq-platform] [hivemq-platform-operator] [1e539c36] 18:42:36.977 [ReconcilerExecutor-hivemq-controller-76] DEBUG c.h.p.o.h.HiveMQPlatformReconcilerErrorHandler - [helmmqtt] Pod 'test-hivemq-platform-0' condition 'Initialized': False
2025-01-29 18:42:36,980 INFO c.h.h.t.HelmChartContainer - [hivemq-test-hivemq-platform] [hivemq-platform-operator] [1e539c36] 18:42:36.977 [ReconcilerExecutor-hivemq-controller-76] DEBUG c.h.p.o.h.HiveMQPlatformReconcilerErrorHandler - [helmmqtt] Pod 'test-hivemq-platform-0' condition 'Ready': False
2025-01-29 18:42:36,980 INFO c.h.h.t.HelmChartContainer - [hivemq-test-hivemq-platform] [hivemq-platform-operator] [1e539c36] 18:42:36.977 [ReconcilerExecutor-hivemq-controller-76] DEBUG c.h.p.o.h.HiveMQPlatformReconcilerErrorHandler - [helmmqtt] Pod 'test-hivemq-platform-0' condition 'ContainersReady': False
2025-01-29 18:42:36,980 INFO c.h.h.t.HelmChartContainer - [hivemq-test-hivemq-platform] [hivemq-platform-operator] [1e539c36] 18:42:36.977 [ReconcilerExecutor-hivemq-controller-76] DEBUG c.h.p.o.h.HiveMQPlatformReconcilerErrorHandler - [helmmqtt] Pod 'test-hivemq-platform-0' condition 'PodScheduled': True
2025-01-29 18:42:36,980 INFO c.h.h.t.HelmChartContainer - [hivemq-test-hivemq-platform] [hivemq-platform-operator] [1e539c36] 18:42:36.977 [ReconcilerExecutor-hivemq-controller-76] DEBUG c.h.p.o.h.HiveMQPlatformReconcilerErrorHandler - [helmmqtt] Pod 'test-hivemq-platform-0' containerStatus 'hivemq' (started: false) (ready: false) (waiting: [PodInitializing] null)
2025-01-29 18:42:36,982 INFO c.h.h.t.HelmChartContainer - [hivemq-test-hivemq-platform] [hivemq-platform-operator] [1e539c36] 18:42:36.981 [ReconcilerExecutor-hivemq-controller-76] INFO  c.h.p.o.h.HiveMQPlatformReconcilerBaseHandler - [helmmqtt] HiveMQ Platform is starting, 0 of 1 replicas are ready
2025-01-29 18:42:37,009 INFO c.h.h.t.HelmChartContainer - [EVENT] Normal [Pulled] Container image "docker.io/hivemq/hivemq-platform-operator-init-test:snapshot" already present on machine [helmmqttit:test-hivemq-platform-0]
2025-01-29 18:42:37,145 INFO c.h.h.t.HelmChartContainer - [EVENT] Normal [Created] Created container: hivemq-platform-operator-init [helmmqttit:test-hivemq-platform-0]
2025-01-29 18:42:37,208 INFO c.h.h.t.HelmChartContainer - [EVENT] Normal [Started] Started container hivemq-platform-operator-init [helmmqttit:test-hivemq-platform-0]
2025-01-29 18:42:37,670 INFO c.h.h.t.HelmChartContainer - [POD] test-hivemq-platform-0 [52056131-70ec-450f-98e5-2592ab004293] in helmmqttit was MODIFIED
2025-01-29 18:42:37,693 INFO c.h.h.t.HelmChartContainer - [hivemq-test-hivemq-platform] [hivemq-platform-operator] [1e539c36] 18:42:37.688 [pool-6-thread-32] DEBUG c.h.p.o.d.PlatformServiceResource - [helmmqtt] Desired Platform services (2 services)
2025-01-29 18:42:37,693 INFO c.h.h.t.HelmChartContainer - [hivemq-test-hivemq-platform] [hivemq-platform-operator] [1e539c36] 18:42:37.690 [pool-6-thread-33] DEBUG c.h.p.o.dependants.PodInfoConfigMap - [helmmqtt] Desired PodInfo ConfigMap (1 extensions) (1 enabled)
2025-01-29 18:42:37,693 INFO c.h.h.t.HelmChartContainer - [hivemq-test-hivemq-platform] [hivemq-platform-operator] [1e539c36] 18:42:37.690 [pool-6-thread-33] DEBUG c.h.p.o.dependants.PodInfoConfigMap - [helmmqtt] Desired PodInfo ConfigMap (metrics port: 9399) (metrics path: /)
2025-01-29 18:42:37,693 INFO c.h.h.t.HelmChartContainer - [hivemq-test-hivemq-platform] [hivemq-platform-operator] [1e539c36] 18:42:37.690 [pool-6-thread-33] DEBUG c.h.p.o.dependants.PodInfoConfigMap - [helmmqtt] Desired PodInfo ConfigMap (extension state hash: -1817474005)
2025-01-29 18:42:37,694 INFO c.h.h.t.HelmChartContainer - [hivemq-test-hivemq-platform] [hivemq-platform-operator] [1e539c36] 18:42:37.692 [pool-6-thread-37] DEBUG c.h.p.o.d.PodServiceAccountResource - [helmmqtt] Desired PodServiceAccountResource (serviceAccountName: hivemq-platform-pod-test-hivemq-platform)
2025-01-29 18:42:37,771 INFO c.h.h.t.HelmChartContainer - [hivemq-test-hivemq-platform] [hivemq-platform-operator] [1e539c36] 18:42:37.770 [pool-6-thread-40] DEBUG c.h.p.o.d.StatefulSetResource - [helmmqtt] Desired StatefulSet (1 replicas) for status STARTING (READY)
2025-01-29 18:42:37,777 INFO c.h.h.t.HelmChartContainer - [hivemq-test-hivemq-platform] [hivemq-platform-operator] [1e539c36] 18:42:37.776 [ReconcilerExecutor-hivemq-controller-87] INFO  c.h.p.o.HiveMQPlatformReconciler - [helmmqtt] Reconciling HiveMQ Platform 'test-hivemq-platform' in namespace 'helmmqttit'
2025-01-29 18:42:37,777 INFO c.h.h.t.HelmChartContainer - [hivemq-test-hivemq-platform] [hivemq-platform-operator] [1e539c36] 18:42:37.776 [ReconcilerExecutor-hivemq-controller-87] DEBUG c.h.p.o.HiveMQPlatformReconciler - [helmmqtt] Custom Resource Status STARTING - HiveMQ Platform is starting (READY)
2025-01-29 18:42:37,778 INFO c.h.h.t.HelmChartContainer - [hivemq-test-hivemq-platform] [hivemq-platform-operator] [1e539c36] 18:42:37.776 [ReconcilerExecutor-hivemq-controller-87] DEBUG c.h.p.o.HiveMQPlatformReconciler - [helmmqtt] Custom Resource Spec (replicas: 1) (extensions: 1)
2025-01-29 18:42:37,779 INFO c.h.h.t.HelmChartContainer - [hivemq-test-hivemq-platform] [hivemq-platform-operator] [1e539c36] 18:42:37.778 [ReconcilerExecutor-hivemq-controller-87] DEBUG c.h.p.o.HiveMQPlatformReconciler - [helmmqtt] StatefulSet Status (revision: test-hivemq-platform-7bbc5894fb, replicas: 1, available: 0, ready: 0, current: 1, updated: 1)
2025-01-29 18:42:37,779 INFO c.h.h.t.HelmChartContainer - [hivemq-test-hivemq-platform] [hivemq-platform-operator] [1e539c36] 18:42:37.778 [ReconcilerExecutor-hivemq-controller-87] DEBUG c.h.p.o.HiveMQPlatformReconciler - [helmmqtt] StatefulSet Spec (replicas: 1, init containers: 1, containers: 1, volumes: 3)
2025-01-29 18:42:37,781 INFO c.h.h.t.HelmChartContainer - [hivemq-test-hivemq-platform] [hivemq-platform-operator] [1e539c36] 18:42:37.780 [ReconcilerExecutor-hivemq-controller-87] DEBUG c.h.p.o.h.HiveMQPlatformReconcilerErrorHandler - [helmmqtt] Pod 'test-hivemq-platform-0' phase Pending
2025-01-29 18:42:37,782 INFO c.h.h.t.HelmChartContainer - [hivemq-test-hivemq-platform] [hivemq-platform-operator] [1e539c36] 18:42:37.780 [ReconcilerExecutor-hivemq-controller-87] DEBUG c.h.p.o.h.HiveMQPlatformReconcilerErrorHandler - [helmmqtt] Pod 'test-hivemq-platform-0' condition 'PodReadyToStartContainers': True
2025-01-29 18:42:37,782 INFO c.h.h.t.HelmChartContainer - [hivemq-test-hivemq-platform] [hivemq-platform-operator] [1e539c36] 18:42:37.780 [ReconcilerExecutor-hivemq-controller-87] DEBUG c.h.p.o.h.HiveMQPlatformReconcilerErrorHandler - [helmmqtt] Pod 'test-hivemq-platform-0' condition 'Initialized': False
2025-01-29 18:42:37,782 INFO c.h.h.t.HelmChartContainer - [hivemq-test-hivemq-platform] [hivemq-platform-operator] [1e539c36] 18:42:37.780 [ReconcilerExecutor-hivemq-controller-87] DEBUG c.h.p.o.h.HiveMQPlatformReconcilerErrorHandler - [helmmqtt] Pod 'test-hivemq-platform-0' condition 'Ready': False
2025-01-29 18:42:37,782 INFO c.h.h.t.HelmChartContainer - [hivemq-test-hivemq-platform] [hivemq-platform-operator] [1e539c36] 18:42:37.780 [ReconcilerExecutor-hivemq-controller-87] DEBUG c.h.p.o.h.HiveMQPlatformReconcilerErrorHandler - [helmmqtt] Pod 'test-hivemq-platform-0' condition 'ContainersReady': False
2025-01-29 18:42:37,782 INFO c.h.h.t.HelmChartContainer - [hivemq-test-hivemq-platform] [hivemq-platform-operator] [1e539c36] 18:42:37.781 [ReconcilerExecutor-hivemq-controller-87] DEBUG c.h.p.o.h.HiveMQPlatformReconcilerErrorHandler - [helmmqtt] Pod 'test-hivemq-platform-0' condition 'PodScheduled': True
2025-01-29 18:42:37,782 INFO c.h.h.t.HelmChartContainer - [hivemq-test-hivemq-platform] [hivemq-platform-operator] [1e539c36] 18:42:37.781 [ReconcilerExecutor-hivemq-controller-87] DEBUG c.h.p.o.h.HiveMQPlatformReconcilerErrorHandler - [helmmqtt] Pod 'test-hivemq-platform-0' containerStatus 'hivemq' (started: false) (ready: false) (waiting: [PodInitializing] null)
2025-01-29 18:42:37,782 INFO c.h.h.t.HelmChartContainer - [hivemq-test-hivemq-platform] [hivemq-platform-operator] [1e539c36] 18:42:37.781 [ReconcilerExecutor-hivemq-controller-87] INFO  c.h.p.o.h.HiveMQPlatformReconcilerBaseHandler - [helmmqtt] HiveMQ Platform is starting, 0 of 1 replicas are ready
2025-01-29 18:42:38,666 INFO c.h.h.t.HelmChartContainer - [EVENT] Normal [Pulled] Container image "docker.io/hivemq/hivemq4:4.36.0" already present on machine [helmmqttit:test-hivemq-platform-0]
2025-01-29 18:42:38,666 INFO c.h.h.t.HelmChartContainer - Received Pulled event for container hivemq in pod test-hivemq-platform-0 [52056131-70ec-450f-98e5-2592ab004293]
2025-01-29 18:42:38,675 INFO c.h.h.t.HelmChartContainer - [POD] test-hivemq-platform-0 [52056131-70ec-450f-98e5-2592ab004293] in helmmqttit was MODIFIED
2025-01-29 18:42:38,680 INFO c.h.h.t.HelmChartContainer - [hivemq-test-hivemq-platform] [hivemq-platform-operator] [1e539c36] 18:42:38.679 [pool-6-thread-42] DEBUG c.h.p.o.d.PlatformServiceResource - [helmmqtt] Desired Platform services (2 services)
2025-01-29 18:42:38,685 INFO c.h.h.t.HelmChartContainer - [hivemq-test-hivemq-platform] [hivemq-platform-operator] [1e539c36] 18:42:38.684 [pool-6-thread-43] DEBUG c.h.p.o.dependants.PodInfoConfigMap - [helmmqtt] Desired PodInfo ConfigMap (1 extensions) (1 enabled)
2025-01-29 18:42:38,686 INFO c.h.h.t.HelmChartContainer - [hivemq-test-hivemq-platform] [hivemq-platform-operator] [1e539c36] 18:42:38.685 [pool-6-thread-43] DEBUG c.h.p.o.dependants.PodInfoConfigMap - [helmmqtt] Desired PodInfo ConfigMap (metrics port: 9399) (metrics path: /)
2025-01-29 18:42:38,687 INFO c.h.h.t.HelmChartContainer - [hivemq-test-hivemq-platform] [hivemq-platform-operator] [1e539c36] 18:42:38.686 [pool-6-thread-43] DEBUG c.h.p.o.dependants.PodInfoConfigMap - [helmmqtt] Desired PodInfo ConfigMap (extension state hash: -1817474005)
2025-01-29 18:42:38,689 INFO c.h.h.t.HelmChartContainer - [hivemq-test-hivemq-platform] [hivemq-platform-operator] [1e539c36] 18:42:38.685 [pool-6-thread-47] DEBUG c.h.p.o.d.PodServiceAccountResource - [helmmqtt] Desired PodServiceAccountResource (serviceAccountName: hivemq-platform-pod-test-hivemq-platform)
2025-01-29 18:42:38,693 INFO c.h.h.t.HelmChartContainer - [hivemq-test-hivemq-platform] [hivemq-platform-operator] [1e539c36] 18:42:38.692 [pool-6-thread-50] DEBUG c.h.p.o.d.StatefulSetResource - [helmmqtt] Desired StatefulSet (1 replicas) for status STARTING (READY)
2025-01-29 18:42:38,770 INFO c.h.h.t.HelmChartContainer - [hivemq-test-hivemq-platform] [hivemq-platform-operator] [1e539c36] 18:42:38.767 [ReconcilerExecutor-hivemq-controller-98] INFO  c.h.p.o.HiveMQPlatformReconciler - [helmmqtt] Reconciling HiveMQ Platform 'test-hivemq-platform' in namespace 'helmmqttit'
2025-01-29 18:42:38,770 INFO c.h.h.t.HelmChartContainer - [hivemq-test-hivemq-platform] [hivemq-platform-operator] [1e539c36] 18:42:38.767 [ReconcilerExecutor-hivemq-controller-98] DEBUG c.h.p.o.HiveMQPlatformReconciler - [helmmqtt] Custom Resource Status STARTING - HiveMQ Platform is starting (READY)
2025-01-29 18:42:38,770 INFO c.h.h.t.HelmChartContainer - [hivemq-test-hivemq-platform] [hivemq-platform-operator] [1e539c36] 18:42:38.767 [ReconcilerExecutor-hivemq-controller-98] DEBUG c.h.p.o.HiveMQPlatformReconciler - [helmmqtt] Custom Resource Spec (replicas: 1) (extensions: 1)
2025-01-29 18:42:38,782 INFO c.h.h.t.HelmChartContainer - [hivemq-test-hivemq-platform] [hivemq-platform-operator] [1e539c36] 18:42:38.776 [ReconcilerExecutor-hivemq-controller-98] DEBUG c.h.p.o.HiveMQPlatformReconciler - [helmmqtt] StatefulSet Status (revision: test-hivemq-platform-7bbc5894fb, replicas: 1, available: 0, ready: 0, current: 1, updated: 1)
2025-01-29 18:42:38,782 INFO c.h.h.t.HelmChartContainer - [hivemq-test-hivemq-platform] [hivemq-platform-operator] [1e539c36] 18:42:38.776 [ReconcilerExecutor-hivemq-controller-98] DEBUG c.h.p.o.HiveMQPlatformReconciler - [helmmqtt] StatefulSet Spec (replicas: 1, init containers: 1, containers: 1, volumes: 3)
2025-01-29 18:42:38,782 INFO c.h.h.t.HelmChartContainer - [hivemq-test-hivemq-platform] [hivemq-platform-operator] [1e539c36] 18:42:38.779 [ReconcilerExecutor-hivemq-controller-98] DEBUG c.h.p.o.h.HiveMQPlatformReconcilerErrorHandler - [helmmqtt] Pod 'test-hivemq-platform-0' phase Pending
2025-01-29 18:42:38,782 INFO c.h.h.t.HelmChartContainer - [hivemq-test-hivemq-platform] [hivemq-platform-operator] [1e539c36] 18:42:38.779 [ReconcilerExecutor-hivemq-controller-98] DEBUG c.h.p.o.h.HiveMQPlatformReconcilerErrorHandler - [helmmqtt] Pod 'test-hivemq-platform-0' condition 'PodReadyToStartContainers': True
2025-01-29 18:42:38,782 INFO c.h.h.t.HelmChartContainer - [hivemq-test-hivemq-platform] [hivemq-platform-operator] [1e539c36] 18:42:38.779 [ReconcilerExecutor-hivemq-controller-98] DEBUG c.h.p.o.h.HiveMQPlatformReconcilerErrorHandler - [helmmqtt] Pod 'test-hivemq-platform-0' condition 'Initialized': True
2025-01-29 18:42:38,782 INFO c.h.h.t.HelmChartContainer - [hivemq-test-hivemq-platform] [hivemq-platform-operator] [1e539c36] 18:42:38.780 [ReconcilerExecutor-hivemq-controller-98] DEBUG c.h.p.o.h.HiveMQPlatformReconcilerErrorHandler - [helmmqtt] Pod 'test-hivemq-platform-0' condition 'Ready': False
2025-01-29 18:42:38,782 INFO c.h.h.t.HelmChartContainer - [hivemq-test-hivemq-platform] [hivemq-platform-operator] [1e539c36] 18:42:38.780 [ReconcilerExecutor-hivemq-controller-98] DEBUG c.h.p.o.h.HiveMQPlatformReconcilerErrorHandler - [helmmqtt] Pod 'test-hivemq-platform-0' condition 'ContainersReady': False
2025-01-29 18:42:38,782 INFO c.h.h.t.HelmChartContainer - [hivemq-test-hivemq-platform] [hivemq-platform-operator] [1e539c36] 18:42:38.780 [ReconcilerExecutor-hivemq-controller-98] DEBUG c.h.p.o.h.HiveMQPlatformReconcilerErrorHandler - [helmmqtt] Pod 'test-hivemq-platform-0' condition 'PodScheduled': True
2025-01-29 18:42:38,782 INFO c.h.h.t.HelmChartContainer - [hivemq-test-hivemq-platform] [hivemq-platform-operator] [1e539c36] 18:42:38.780 [ReconcilerExecutor-hivemq-controller-98] DEBUG c.h.p.o.h.HiveMQPlatformReconcilerErrorHandler - [helmmqtt] Pod 'test-hivemq-platform-0' containerStatus 'hivemq' (started: false) (ready: false) (waiting: [PodInitializing] null)
2025-01-29 18:42:38,782 INFO c.h.h.t.HelmChartContainer - [hivemq-test-hivemq-platform] [hivemq-platform-operator] [1e539c36] 18:42:38.781 [ReconcilerExecutor-hivemq-controller-98] INFO  c.h.p.o.h.HiveMQPlatformReconcilerBaseHandler - [helmmqtt] HiveMQ Platform is starting, 0 of 1 replicas are ready
2025-01-29 18:42:39,776 INFO c.h.h.t.HelmChartContainer - [EVENT] Normal [Created] Created container: hivemq [helmmqttit:test-hivemq-platform-0]
2025-01-29 18:42:39,776 INFO c.h.h.t.HelmChartContainer - Received Created event for container hivemq in pod test-hivemq-platform-0 [52056131-70ec-450f-98e5-2592ab004293]
2025-01-29 18:42:40,677 INFO c.h.h.t.HelmChartContainer - [POD] test-hivemq-platform-0 [52056131-70ec-450f-98e5-2592ab004293] in helmmqttit was MODIFIED
2025-01-29 18:42:40,689 INFO c.h.h.t.HelmChartContainer - Started log watcher for hivemq in pod test-hivemq-platform-0 [52056131-70ec-450f-98e5-2592ab004293]
2025-01-29 18:42:40,689 INFO c.h.h.t.HelmChartContainer - [EVENT] Normal [Started] Started container hivemq [helmmqttit:test-hivemq-platform-0]
2025-01-29 18:42:40,689 INFO c.h.h.t.HelmChartContainer - Received Started event for container hivemq in pod test-hivemq-platform-0 [52056131-70ec-450f-98e5-2592ab004293]
2025-01-29 18:42:40,690 INFO c.h.h.t.HelmChartContainer - [test-hivemq-platform] [hivemq] [52056131] Adding pre-installed HiveMQ Platform Operator extensions
2025-01-29 18:42:40,690 INFO c.h.h.t.HelmChartContainer - [test-hivemq-platform] [hivemq] [52056131] Running as user 10000
2025-01-29 18:42:40,690 INFO c.h.h.t.HelmChartContainer - [test-hivemq-platform] [hivemq] [52056131] Starting HiveMQ Platform Operator Init
2025-01-29 18:42:40,692 INFO c.h.h.t.HelmChartContainer - [hivemq-test-hivemq-platform] [hivemq-platform-operator] [1e539c36] 18:42:40.690 [pool-6-thread-5] DEBUG c.h.p.o.d.PlatformServiceResource - [helmmqtt] Desired Platform services (2 services)
2025-01-29 18:42:40,693 INFO c.h.h.t.HelmChartContainer - [hivemq-test-hivemq-platform] [hivemq-platform-operator] [1e539c36] 18:42:40.691 [pool-6-thread-3] DEBUG c.h.p.o.dependants.PodInfoConfigMap - [helmmqtt] Desired PodInfo ConfigMap (1 extensions) (1 enabled)
2025-01-29 18:42:40,695 INFO c.h.h.t.HelmChartContainer - [hivemq-test-hivemq-platform] [hivemq-platform-operator] [1e539c36] 18:42:40.694 [pool-6-thread-3] DEBUG c.h.p.o.dependants.PodInfoConfigMap - [helmmqtt] Desired PodInfo ConfigMap (metrics port: 9399) (metrics path: /)
2025-01-29 18:42:40,695 INFO c.h.h.t.HelmChartContainer - [hivemq-test-hivemq-platform] [hivemq-platform-operator] [1e539c36] 18:42:40.694 [pool-6-thread-3] DEBUG c.h.p.o.dependants.PodInfoConfigMap - [helmmqtt] Desired PodInfo ConfigMap (extension state hash: -1817474005)
2025-01-29 18:42:40,695 INFO c.h.h.t.HelmChartContainer - [hivemq-test-hivemq-platform] [hivemq-platform-operator] [1e539c36] 18:42:40.691 [pool-6-thread-6] DEBUG c.h.p.o.d.PodServiceAccountResource - [helmmqtt] Desired PodServiceAccountResource (serviceAccountName: hivemq-platform-pod-test-hivemq-platform)
2025-01-29 18:42:40,705 INFO c.h.h.t.HelmChartContainer - [hivemq-test-hivemq-platform] [hivemq-platform-operator] [1e539c36] 18:42:40.704 [pool-6-thread-9] DEBUG c.h.p.o.d.StatefulSetResource - [helmmqtt] Desired StatefulSet (1 replicas) for status STARTING (READY)
2025-01-29 18:42:40,769 INFO c.h.h.t.HelmChartContainer - [hivemq-test-hivemq-platform] [hivemq-platform-operator] [1e539c36] 18:42:40.768 [ReconcilerExecutor-hivemq-controller-109] INFO  c.h.p.o.HiveMQPlatformReconciler - [helmmqtt] Reconciling HiveMQ Platform 'test-hivemq-platform' in namespace 'helmmqttit'
2025-01-29 18:42:40,769 INFO c.h.h.t.HelmChartContainer - [hivemq-test-hivemq-platform] [hivemq-platform-operator] [1e539c36] 18:42:40.768 [ReconcilerExecutor-hivemq-controller-109] DEBUG c.h.p.o.HiveMQPlatformReconciler - [helmmqtt] Custom Resource Status STARTING - HiveMQ Platform is starting (READY)
2025-01-29 18:42:40,769 INFO c.h.h.t.HelmChartContainer - [hivemq-test-hivemq-platform] [hivemq-platform-operator] [1e539c36] 18:42:40.768 [ReconcilerExecutor-hivemq-controller-109] DEBUG c.h.p.o.HiveMQPlatformReconciler - [helmmqtt] Custom Resource Spec (replicas: 1) (extensions: 1)
2025-01-29 18:42:40,777 INFO c.h.h.t.HelmChartContainer - [hivemq-test-hivemq-platform] [hivemq-platform-operator] [1e539c36] 18:42:40.776 [ReconcilerExecutor-hivemq-controller-109] DEBUG c.h.p.o.HiveMQPlatformReconciler - [helmmqtt] StatefulSet Status (revision: test-hivemq-platform-7bbc5894fb, replicas: 1, available: 0, ready: 0, current: 1, updated: 1)
2025-01-29 18:42:40,777 INFO c.h.h.t.HelmChartContainer - [hivemq-test-hivemq-platform] [hivemq-platform-operator] [1e539c36] 18:42:40.776 [ReconcilerExecutor-hivemq-controller-109] DEBUG c.h.p.o.HiveMQPlatformReconciler - [helmmqtt] StatefulSet Spec (replicas: 1, init containers: 1, containers: 1, volumes: 3)
2025-01-29 18:42:40,780 INFO c.h.h.t.HelmChartContainer - [hivemq-test-hivemq-platform] [hivemq-platform-operator] [1e539c36] 18:42:40.779 [ReconcilerExecutor-hivemq-controller-109] DEBUG c.h.p.o.h.HiveMQPlatformReconcilerErrorHandler - [helmmqtt] Pod 'test-hivemq-platform-0' phase Running
2025-01-29 18:42:40,782 INFO c.h.h.t.HelmChartContainer - [hivemq-test-hivemq-platform] [hivemq-platform-operator] [1e539c36] 18:42:40.781 [ReconcilerExecutor-hivemq-controller-109] INFO  c.h.p.o.h.HiveMQPlatformReconcilerBaseHandler - [helmmqtt] HiveMQ Platform is starting, 0 of 1 replicas are ready
2025-01-29 18:42:41,021 INFO c.h.h.t.HelmChartContainer - [test-hivemq-platform] [hivemq] [52056131] INFO  - [HiveMQ Platform Operator Init 1.7.0-SNAPSHOT] HiveMQ Platform Operator Init 1.7.0-SNAPSHOT (commit: b1b9591 on branch: HEAD) built on Wed Jan 29 18:32:18 UTC 2025
2025-01-29 18:42:42,212 INFO c.h.h.t.HelmChartContainer - [test-hivemq-platform] [hivemq] [52056131] INFO  - [HiveMQ Platform Operator Init App 1.7.0-SNAPSHOT] Using bind address 10.42.0.13 from environment variable
2025-01-29 18:42:43,123 INFO c.h.h.t.HelmChartContainer - [test-hivemq-platform] [hivemq] [52056131] INFO  - [HiveMQ Platform Operator Init App 1.7.0-SNAPSHOT] HiveMQ Platform Operator Init App 1.7.0-SNAPSHOT (commit: b1b9591 on branch: HEAD) built on Wed Jan 29 18:32:18 UTC 2025
2025-01-29 18:42:43,123 INFO c.h.h.t.HelmChartContainer - [test-hivemq-platform] [hivemq] [52056131] INFO  - [HiveMQ Platform Operator Init App 1.7.0-SNAPSHOT] PodInfo ConfigMap directory: /etc/podinfo
2025-01-29 18:42:43,123 INFO c.h.h.t.HelmChartContainer - [test-hivemq-platform] [hivemq] [52056131] INFO  - [HiveMQ Platform Operator Init App 1.7.0-SNAPSHOT] HiveMQ home directory: /opt/hivemq
2025-01-29 18:42:43,123 INFO c.h.h.t.HelmChartContainer - [test-hivemq-platform] [hivemq] [52056131] INFO  - [HiveMQ Platform Operator Init App 1.7.0-SNAPSHOT] HiveMQ Logback folder: /opt/hivemq/conf
2025-01-29 18:42:43,123 INFO c.h.h.t.HelmChartContainer - [test-hivemq-platform] [hivemq] [52056131] INFO  - [HiveMQ Platform Operator Init App 1.7.0-SNAPSHOT] HiveMQ Config folder: /opt/hivemq/conf-k8s
2025-01-29 18:42:43,123 INFO c.h.h.t.HelmChartContainer - [test-hivemq-platform] [hivemq] [52056131] INFO  - [HiveMQ Platform Operator Init App 1.7.0-SNAPSHOT] Starting HiveMQ Platform Operator Init App
2025-01-29 18:42:43,123 INFO c.h.h.t.HelmChartContainer - [test-hivemq-platform] [hivemq] [52056131] INFO  - [HiveMQ Platform Operator Init App 1.7.0-SNAPSHOT] Starting Pod reconciler
2025-01-29 18:42:44,417 INFO c.h.h.t.HelmChartContainer - [test-hivemq-platform] [hivemq] [52056131] INFO  - [HiveMQ Platform Operator Init App 1.7.0-SNAPSHOT] Pod reconciler is scheduled (interval: 5000 ms)
2025-01-29 18:42:44,418 INFO c.h.h.t.HelmChartContainer - [test-hivemq-platform] [hivemq] [52056131] INFO  - [HiveMQ Platform Operator Init App 1.7.0-SNAPSHOT] Starting the REST API on 10.42.0.13:7979
2025-01-29 18:42:44,420 INFO c.h.h.t.HelmChartContainer - [test-hivemq-platform] [hivemq] [52056131] INFO  - [HiveMQ Platform Operator Init App 1.7.0-SNAPSHOT] Waiting up to 600s for at most 1 HiveMQ nodes in cluster service hivemq-test-hivemq-platform-cluster.helmmqttit.svc
2025-01-29 18:42:44,734 INFO c.h.h.t.HelmChartContainer - [test-hivemq-platform] [hivemq] [52056131] INFO  - [HiveMQ Platform Operator Init App 1.7.0-SNAPSHOT] Resolved 1 IP addresses: [10.42.0.13]
2025-01-29 18:42:44,734 INFO c.h.h.t.HelmChartContainer - [test-hivemq-platform] [hivemq] [52056131] INFO  - [HiveMQ Platform Operator Init App 1.7.0-SNAPSHOT] HiveMQ node count of 1 is within threshold of 1
2025-01-29 18:42:44,734 INFO c.h.h.t.HelmChartContainer - [test-hivemq-platform] [hivemq] [52056131] INFO  - [HiveMQ Platform Operator Init App 1.7.0-SNAPSHOT] Proceeding with container start
2025-01-29 18:42:44,833 INFO c.h.h.t.HelmChartContainer - [test-hivemq-platform] [hivemq] [52056131] INFO  - [HiveMQ Platform Operator Init App 1.7.0-SNAPSHOT] Initializing HiveMQ Platform extensions with initial configuration: {hivemq-allow-all-extension={start-priority=-1, skip-https-hostname-verification=false, restart=true, config-version=0, header-version=0, c-uri=, priority=-1, uri=preinstalled, skip-https-certificate-validation=false, enabled=true}, hivemq-prometheus-extension={restart=true, enabled=true, request-header-path=no-request-headers, uri=preinstalled, skip-https-certificate-validation=false, skip-https-hostname-verification=false, c-uri=, start-priority=-1, priority=-1}}
2025-01-29 18:42:45,310 INFO c.h.h.t.HelmChartContainer - [test-hivemq-platform] [hivemq] [52056131] INFO  - [HiveMQ Platform Operator Init App 1.7.0-SNAPSHOT] Extension hivemq-allow-all-extension was already enabled
2025-01-29 18:42:45,320 INFO c.h.h.t.HelmChartContainer - [test-hivemq-platform] [hivemq] [52056131] INFO  - [HiveMQ Platform Operator Init App 1.7.0-SNAPSHOT] Successfully enabled extension hivemq-prometheus-extension
2025-01-29 18:42:45,322 INFO c.h.h.t.HelmChartContainer - [test-hivemq-platform] [hivemq] [52056131] INFO  - [HiveMQ Platform Operator Init App 1.7.0-SNAPSHOT] Starting HiveMQ Platform version 4.36.0 (4.36.0)
2025-01-29 18:42:45,322 INFO c.h.h.t.HelmChartContainer - [test-hivemq-platform] [hivemq] [52056131] INFO  - [HiveMQ Platform Operator Init App 1.7.0-SNAPSHOT] Configuring the HiveMQ Platform
2025-01-29 18:42:45,413 INFO c.h.h.t.HelmChartContainer - [test-hivemq-platform] [hivemq] [52056131] INFO  - [HiveMQ Platform Operator Init App 1.7.0-SNAPSHOT] Changed logback.xml file scan period to 20 seconds
2025-01-29 18:42:45,424 INFO c.h.h.t.HelmChartContainer - [test-hivemq-platform] [hivemq] [52056131] INFO  - [HiveMQ Platform Operator Init App 1.7.0-SNAPSHOT] Starting the HiveMQ Platform
2025-01-29 18:42:45,487 INFO c.h.h.t.HelmChartContainer - [test-hivemq-platform] [hivemq] [52056131] -------------------------------------------------------------------------
2025-01-29 18:42:45,487 INFO c.h.h.t.HelmChartContainer - [test-hivemq-platform] [hivemq] [52056131] 
2025-01-29 18:42:45,487 INFO c.h.h.t.HelmChartContainer - [test-hivemq-platform] [hivemq] [52056131]                   _    _  _              __  __   ____
2025-01-29 18:42:45,487 INFO c.h.h.t.HelmChartContainer - [test-hivemq-platform] [hivemq] [52056131]                  | |  | |(_)            |  \/  | / __ \
2025-01-29 18:42:45,487 INFO c.h.h.t.HelmChartContainer - [test-hivemq-platform] [hivemq] [52056131]                  | |__| | _ __   __ ___ | \  / || |  | |
2025-01-29 18:42:45,487 INFO c.h.h.t.HelmChartContainer - [test-hivemq-platform] [hivemq] [52056131]                  |  __  || |\ \ / // _ \| |\/| || |  | |
2025-01-29 18:42:45,487 INFO c.h.h.t.HelmChartContainer - [test-hivemq-platform] [hivemq] [52056131]                  | |  | || | \ V /|  __/| |  | || |__| |
2025-01-29 18:42:45,487 INFO c.h.h.t.HelmChartContainer - [test-hivemq-platform] [hivemq] [52056131]                  |_|  |_||_|  \_/  \___||_|  |_| \___\_\
2025-01-29 18:42:45,487 INFO c.h.h.t.HelmChartContainer - [test-hivemq-platform] [hivemq] [52056131] 
2025-01-29 18:42:45,487 INFO c.h.h.t.HelmChartContainer - [test-hivemq-platform] [hivemq] [52056131] -------------------------------------------------------------------------
2025-01-29 18:42:45,487 INFO c.h.h.t.HelmChartContainer - [test-hivemq-platform] [hivemq] [52056131] 
2025-01-29 18:42:45,487 INFO c.h.h.t.HelmChartContainer - [test-hivemq-platform] [hivemq] [52056131]   HiveMQ Start Script for Linux/Unix v1.14
2025-01-29 18:42:45,487 INFO c.h.h.t.HelmChartContainer - [test-hivemq-platform] [hivemq] [52056131] 
2025-01-29 18:42:45,586 INFO c.h.h.t.HelmChartContainer - [test-hivemq-platform] [hivemq] [52056131] -------------------------------------------------------------------------
2025-01-29 18:42:45,586 INFO c.h.h.t.HelmChartContainer - [test-hivemq-platform] [hivemq] [52056131] 
2025-01-29 18:42:45,586 INFO c.h.h.t.HelmChartContainer - [test-hivemq-platform] [hivemq] [52056131]   HIVEMQ_HOME: /opt/hivemq
2025-01-29 18:42:45,586 INFO c.h.h.t.HelmChartContainer - [test-hivemq-platform] [hivemq] [52056131] 
2025-01-29 18:42:45,586 INFO c.h.h.t.HelmChartContainer - [test-hivemq-platform] [hivemq] [52056131]   JAVA_OPTS: -XX:+UnlockExperimentalVMOptions -XX:InitialRAMPercentage=50 -XX:MaxRAMPercentage=50 -Djava.net.preferIPv4Stack=true --add-opens java.base/java.lang=ALL-UNNAMED --add-opens java.base/java.nio=ALL-UNNAMED --add-opens java.base/sun.nio.ch=ALL-UNNAMED --add-opens jdk.management/com.sun.management.internal=ALL-UNNAMED --add-exports java.base/jdk.internal.misc=ALL-UNNAMED -Djava.security.egd=file:/dev/./urandom -Dcom.sun.management.jmxremote -Dcom.sun.management.jmxremote.port=9010 -Dcom.sun.management.jmxremote.local.only=false -Dcom.sun.management.jmxremote.authenticate=false -Dcom.sun.management.jmxremote.ssl=false -Duser.language=en -Duser.region=US -XX:+CrashOnOutOfMemoryError -XX:+HeapDumpOnOutOfMemoryError
2025-01-29 18:42:45,586 INFO c.h.h.t.HelmChartContainer - [test-hivemq-platform] [hivemq] [52056131] 
2025-01-29 18:42:45,586 INFO c.h.h.t.HelmChartContainer - [test-hivemq-platform] [hivemq] [52056131]   JAVA_VERSION: 21
2025-01-29 18:42:45,586 INFO c.h.h.t.HelmChartContainer - [test-hivemq-platform] [hivemq] [52056131] 
2025-01-29 18:42:45,586 INFO c.h.h.t.HelmChartContainer - [test-hivemq-platform] [hivemq] [52056131] -------------------------------------------------------------------------
2025-01-29 18:42:45,586 INFO c.h.h.t.HelmChartContainer - [test-hivemq-platform] [hivemq] [52056131] 
2025-01-29 18:42:46,719 INFO c.h.h.t.HelmChartContainer - [test-hivemq-platform] [hivemq] [52056131] INFO  - [HiveMQ Platform Operator Init App 1.7.0-SNAPSHOT] Returning default Health API response 503 for readiness
2025-01-29 18:42:47,016 INFO c.h.h.t.HelmChartContainer - [EVENT] Warning [Unhealthy] Readiness probe failed: HTTP probe failed with statuscode: 503 [helmmqttit:test-hivemq-platform-0]
2025-01-29 18:42:47,016 INFO c.h.h.t.HelmChartContainer - Received Unhealthy event for container hivemq in pod test-hivemq-platform-0 [52056131-70ec-450f-98e5-2592ab004293]
2025-01-29 18:42:48,314 INFO c.h.h.t.HelmChartContainer - [test-hivemq-platform] [hivemq] [52056131] INFO  - Starting HiveMQ Enterprise Server
2025-01-29 18:42:48,320 INFO c.h.h.t.HelmChartContainer - [test-hivemq-platform] [hivemq] [52056131] INFO  - HiveMQ version: 4.36.0
2025-01-29 18:42:48,321 INFO c.h.h.t.HelmChartContainer - [test-hivemq-platform] [hivemq] [52056131] INFO  - HiveMQ home directory: /opt/hivemq
2025-01-29 18:42:48,321 INFO c.h.h.t.HelmChartContainer - [test-hivemq-platform] [hivemq] [52056131] INFO  - Log Configuration was overridden by /opt/hivemq/conf/logback.xml
2025-01-29 18:42:49,621 INFO c.h.h.t.HelmChartContainer - [test-hivemq-platform] [hivemq] [52056131] INFO  - Successfully loaded configuration from '/opt/hivemq/conf-k8s/config.xml'.
2025-01-29 18:42:50,616 INFO c.h.h.t.HelmChartContainer - [test-hivemq-platform] [hivemq] [52056131] INFO  - This node's ID is Lc4EQ
2025-01-29 18:42:50,616 INFO c.h.h.t.HelmChartContainer - [test-hivemq-platform] [hivemq] [52056131] INFO  - Clustering is enabled
2025-01-29 18:42:50,790 INFO c.h.h.t.HelmChartContainer - [hivemq-test-hivemq-platform] [hivemq-platform-operator] [1e539c36] 18:42:50.785 [pool-6-thread-15] DEBUG c.h.p.o.d.PlatformServiceResource - [helmmqtt] Desired Platform services (2 services)
2025-01-29 18:42:50,791 INFO c.h.h.t.HelmChartContainer - [hivemq-test-hivemq-platform] [hivemq-platform-operator] [1e539c36] 18:42:50.788 [pool-6-thread-16] DEBUG c.h.p.o.d.PodServiceAccountResource - [helmmqtt] Desired PodServiceAccountResource (serviceAccountName: hivemq-platform-pod-test-hivemq-platform)
2025-01-29 18:42:50,793 INFO c.h.h.t.HelmChartContainer - [hivemq-test-hivemq-platform] [hivemq-platform-operator] [1e539c36] 18:42:50.789 [pool-6-thread-14] DEBUG c.h.p.o.dependants.PodInfoConfigMap - [helmmqtt] Desired PodInfo ConfigMap (1 extensions) (1 enabled)
2025-01-29 18:42:50,793 INFO c.h.h.t.HelmChartContainer - [hivemq-test-hivemq-platform] [hivemq-platform-operator] [1e539c36] 18:42:50.790 [pool-6-thread-14] DEBUG c.h.p.o.dependants.PodInfoConfigMap - [helmmqtt] Desired PodInfo ConfigMap (metrics port: 9399) (metrics path: /)
2025-01-29 18:42:50,793 INFO c.h.h.t.HelmChartContainer - [hivemq-test-hivemq-platform] [hivemq-platform-operator] [1e539c36] 18:42:50.790 [pool-6-thread-14] DEBUG c.h.p.o.dependants.PodInfoConfigMap - [helmmqtt] Desired PodInfo ConfigMap (extension state hash: -1817474005)
2025-01-29 18:42:50,795 INFO c.h.h.t.HelmChartContainer - [hivemq-test-hivemq-platform] [hivemq-platform-operator] [1e539c36] 18:42:50.794 [pool-6-thread-19] DEBUG c.h.p.o.d.StatefulSetResource - [helmmqtt] Desired StatefulSet (1 replicas) for status STARTING (READY)
2025-01-29 18:42:50,801 INFO c.h.h.t.HelmChartContainer - [hivemq-test-hivemq-platform] [hivemq-platform-operator] [1e539c36] 18:42:50.798 [ReconcilerExecutor-hivemq-controller-110] INFO  c.h.p.o.HiveMQPlatformReconciler - [helmmqtt] Reconciling HiveMQ Platform 'test-hivemq-platform' in namespace 'helmmqttit'
2025-01-29 18:42:50,801 INFO c.h.h.t.HelmChartContainer - [hivemq-test-hivemq-platform] [hivemq-platform-operator] [1e539c36] 18:42:50.798 [ReconcilerExecutor-hivemq-controller-110] DEBUG c.h.p.o.HiveMQPlatformReconciler - [helmmqtt] Custom Resource Status STARTING - HiveMQ Platform is starting (READY)
2025-01-29 18:42:50,802 INFO c.h.h.t.HelmChartContainer - [hivemq-test-hivemq-platform] [hivemq-platform-operator] [1e539c36] 18:42:50.798 [ReconcilerExecutor-hivemq-controller-110] DEBUG c.h.p.o.HiveMQPlatformReconciler - [helmmqtt] Custom Resource Spec (replicas: 1) (extensions: 1)
2025-01-29 18:42:50,802 INFO c.h.h.t.HelmChartContainer - [hivemq-test-hivemq-platform] [hivemq-platform-operator] [1e539c36] 18:42:50.800 [ReconcilerExecutor-hivemq-controller-110] DEBUG c.h.p.o.HiveMQPlatformReconciler - [helmmqtt] StatefulSet Status (revision: test-hivemq-platform-7bbc5894fb, replicas: 1, available: 0, ready: 0, current: 1, updated: 1)
2025-01-29 18:42:50,802 INFO c.h.h.t.HelmChartContainer - [hivemq-test-hivemq-platform] [hivemq-platform-operator] [1e539c36] 18:42:50.800 [ReconcilerExecutor-hivemq-controller-110] DEBUG c.h.p.o.HiveMQPlatformReconciler - [helmmqtt] StatefulSet Spec (replicas: 1, init containers: 1, containers: 1, volumes: 3)
2025-01-29 18:42:50,805 INFO c.h.h.t.HelmChartContainer - [hivemq-test-hivemq-platform] [hivemq-platform-operator] [1e539c36] 18:42:50.802 [ReconcilerExecutor-hivemq-controller-110] DEBUG c.h.p.o.h.HiveMQPlatformReconcilerErrorHandler - [helmmqtt] Pod 'test-hivemq-platform-0' phase Running
2025-01-29 18:42:50,805 INFO c.h.h.t.HelmChartContainer - [hivemq-test-hivemq-platform] [hivemq-platform-operator] [1e539c36] 18:42:50.803 [ReconcilerExecutor-hivemq-controller-110] INFO  c.h.p.o.h.HiveMQPlatformReconcilerBaseHandler - [helmmqtt] HiveMQ Platform is starting, 0 of 1 replicas are ready
2025-01-29 18:42:52,221 INFO c.h.h.t.HelmChartContainer - [test-hivemq-platform] [hivemq] [52056131] WARN  - [HiveMQ Platform Operator Init App 1.7.0-SNAPSHOT] Cannot connect to Health API for readiness: null
2025-01-29 18:42:52,225 INFO c.h.h.t.HelmChartContainer - [EVENT] Warning [Unhealthy] Readiness probe failed: HTTP probe failed with statuscode: 503 [helmmqttit:test-hivemq-platform-0]
2025-01-29 18:42:52,225 INFO c.h.h.t.HelmChartContainer - Received Unhealthy event for container hivemq in pod test-hivemq-platform-0 [52056131-70ec-450f-98e5-2592ab004293]
2025-01-29 18:42:54,722 INFO c.h.h.t.HelmChartContainer - [test-hivemq-platform] [hivemq] [52056131] Jan 29, 2025 6:42:54 PM io.vertx.core.impl.BlockedThreadChecker
2025-01-29 18:42:54,722 INFO c.h.h.t.HelmChartContainer - [test-hivemq-platform] [hivemq] [52056131] WARNING: Thread Thread[vert.x-eventloop-thread-1,5,main] has been blocked for 2008 ms, time limit is 2000 ms
2025-01-29 18:42:55,620 INFO c.h.h.t.HelmChartContainer - [test-hivemq-platform] [hivemq] [52056131] Jan 29, 2025 6:42:55 PM io.vertx.core.impl.BlockedThreadChecker
2025-01-29 18:42:55,620 INFO c.h.h.t.HelmChartContainer - [test-hivemq-platform] [hivemq] [52056131] WARNING: Thread Thread[vert.x-eventloop-thread-1,5,main] has been blocked for 3008 ms, time limit is 2000 ms
2025-01-29 18:42:55,912 INFO c.h.h.t.HelmChartContainer - [test-hivemq-platform] [hivemq] [52056131] INFO  - [HiveMQ Platform Operator Init App 1.7.0-SNAPSHOT] Updating Pod HiveMQ Platform Operator Init App version annotation (version: 1.7.0-SNAPSHOT)
2025-01-29 18:42:56,541 INFO c.h.h.t.HelmChartContainer - [POD] test-hivemq-platform-0 [52056131-70ec-450f-98e5-2592ab004293] in helmmqttit was MODIFIED
2025-01-29 18:42:56,542 INFO c.h.h.t.HelmChartContainer - [hivemq-test-hivemq-platform] [hivemq-platform-operator] [1e539c36] 18:42:56.539 [pool-6-thread-25] DEBUG c.h.p.o.d.PlatformServiceResource - [helmmqtt] Desired Platform services (2 services)
2025-01-29 18:42:56,543 INFO c.h.h.t.HelmChartContainer - [hivemq-test-hivemq-platform] [hivemq-platform-operator] [1e539c36] 18:42:56.541 [pool-6-thread-22] DEBUG c.h.p.o.dependants.PodInfoConfigMap - [helmmqtt] Desired PodInfo ConfigMap (1 extensions) (1 enabled)
2025-01-29 18:42:56,543 INFO c.h.h.t.HelmChartContainer - [hivemq-test-hivemq-platform] [hivemq-platform-operator] [1e539c36] 18:42:56.541 [pool-6-thread-22] DEBUG c.h.p.o.dependants.PodInfoConfigMap - [helmmqtt] Desired PodInfo ConfigMap (metrics port: 9399) (metrics path: /)
2025-01-29 18:42:56,543 INFO c.h.h.t.HelmChartContainer - [hivemq-test-hivemq-platform] [hivemq-platform-operator] [1e539c36] 18:42:56.541 [pool-6-thread-22] DEBUG c.h.p.o.dependants.PodInfoConfigMap - [helmmqtt] Desired PodInfo ConfigMap (extension state hash: -1817474005)
2025-01-29 18:42:56,545 INFO c.h.h.t.HelmChartContainer - [hivemq-test-hivemq-platform] [hivemq-platform-operator] [1e539c36] 18:42:56.543 [pool-6-thread-22] DEBUG c.h.p.o.d.PodServiceAccountResource - [helmmqtt] Desired PodServiceAccountResource (serviceAccountName: hivemq-platform-pod-test-hivemq-platform)
2025-01-29 18:42:56,549 INFO c.h.h.t.HelmChartContainer - [hivemq-test-hivemq-platform] [hivemq-platform-operator] [1e539c36] 18:42:56.548 [pool-6-thread-25] DEBUG c.h.p.o.d.StatefulSetResource - [helmmqtt] Desired StatefulSet (1 replicas) for status STARTING (READY)
2025-01-29 18:42:56,579 INFO c.h.h.t.HelmChartContainer - [hivemq-test-hivemq-platform] [hivemq-platform-operator] [1e539c36] 18:42:56.576 [ReconcilerExecutor-hivemq-controller-111] INFO  c.h.p.o.HiveMQPlatformReconciler - [helmmqtt] Reconciling HiveMQ Platform 'test-hivemq-platform' in namespace 'helmmqttit'
2025-01-29 18:42:56,579 INFO c.h.h.t.HelmChartContainer - [hivemq-test-hivemq-platform] [hivemq-platform-operator] [1e539c36] 18:42:56.576 [ReconcilerExecutor-hivemq-controller-111] DEBUG c.h.p.o.HiveMQPlatformReconciler - [helmmqtt] Custom Resource Status STARTING - HiveMQ Platform is starting (READY)
2025-01-29 18:42:56,579 INFO c.h.h.t.HelmChartContainer - [hivemq-test-hivemq-platform] [hivemq-platform-operator] [1e539c36] 18:42:56.576 [ReconcilerExecutor-hivemq-controller-111] DEBUG c.h.p.o.HiveMQPlatformReconciler - [helmmqtt] Custom Resource Spec (replicas: 1) (extensions: 1)
2025-01-29 18:42:56,579 INFO c.h.h.t.HelmChartContainer - [hivemq-test-hivemq-platform] [hivemq-platform-operator] [1e539c36] 18:42:56.577 [ReconcilerExecutor-hivemq-controller-111] DEBUG c.h.p.o.HiveMQPlatformReconciler - [helmmqtt] StatefulSet Status (revision: test-hivemq-platform-7bbc5894fb, replicas: 1, available: 0, ready: 0, current: 1, updated: 1)
2025-01-29 18:42:56,579 INFO c.h.h.t.HelmChartContainer - [hivemq-test-hivemq-platform] [hivemq-platform-operator] [1e539c36] 18:42:56.578 [ReconcilerExecutor-hivemq-controller-111] DEBUG c.h.p.o.HiveMQPlatformReconciler - [helmmqtt] StatefulSet Spec (replicas: 1, init containers: 1, containers: 1, volumes: 3)
2025-01-29 18:42:56,580 INFO c.h.h.t.HelmChartContainer - [hivemq-test-hivemq-platform] [hivemq-platform-operator] [1e539c36] 18:42:56.579 [ReconcilerExecutor-hivemq-controller-111] DEBUG c.h.p.o.h.HiveMQPlatformReconcilerErrorHandler - [helmmqtt] Pod 'test-hivemq-platform-0' phase Running
2025-01-29 18:42:56,580 INFO c.h.h.t.HelmChartContainer - [hivemq-test-hivemq-platform] [hivemq-platform-operator] [1e539c36] 18:42:56.579 [ReconcilerExecutor-hivemq-controller-111] INFO  c.h.p.o.h.HiveMQPlatformReconcilerBaseHandler - [helmmqtt] HiveMQ Platform is starting, 0 of 1 replicas are ready
2025-01-29 18:42:56,616 INFO c.h.h.t.HelmChartContainer - [test-hivemq-platform] [hivemq] [52056131] INFO  - [HiveMQ Platform Operator Init App 1.7.0-SNAPSHOT] Successfully updated Pod HiveMQ Platform Operator Init App version annotation (version: 1.7.0-SNAPSHOT)
2025-01-29 18:42:56,619 INFO c.h.h.t.HelmChartContainer - [test-hivemq-platform] [hivemq] [52056131] WARN  - [HiveMQ Platform Operator Init App 1.7.0-SNAPSHOT] Cannot connect to Health API for readiness: null
2025-01-29 18:42:56,625 INFO c.h.h.t.HelmChartContainer - [EVENT] Warning [Unhealthy] Readiness probe failed: HTTP probe failed with statuscode: 503 [helmmqttit:test-hivemq-platform-0]
2025-01-29 18:42:56,625 INFO c.h.h.t.HelmChartContainer - Received Unhealthy event for container hivemq in pod test-hivemq-platform-0 [52056131-70ec-450f-98e5-2592ab004293]
2025-01-29 18:43:01,588 INFO c.h.h.t.HelmChartContainer - [test-hivemq-platform] [hivemq] [52056131] WARN  - [HiveMQ Platform Operator Init App 1.7.0-SNAPSHOT] Cannot connect to Health API for readiness: null
2025-01-29 18:43:01,595 INFO c.h.h.t.HelmChartContainer - [EVENT] Warning [Unhealthy] Readiness probe failed: HTTP probe failed with statuscode: 503 [helmmqttit:test-hivemq-platform-0]
2025-01-29 18:43:01,595 INFO c.h.h.t.HelmChartContainer - Received Unhealthy event for container hivemq in pod test-hivemq-platform-0 [52056131-70ec-450f-98e5-2592ab004293]
2025-01-29 18:43:06,588 INFO c.h.h.t.HelmChartContainer - [hivemq-test-hivemq-platform] [hivemq-platform-operator] [1e539c36] 18:43:06.584 [pool-6-thread-32] DEBUG c.h.p.o.d.PlatformServiceResource - [helmmqtt] Desired Platform services (2 services)
2025-01-29 18:43:06,588 INFO c.h.h.t.HelmChartContainer - [hivemq-test-hivemq-platform] [hivemq-platform-operator] [1e539c36] 18:43:06.585 [pool-6-thread-39] DEBUG c.h.p.o.dependants.PodInfoConfigMap - [helmmqtt] Desired PodInfo ConfigMap (1 extensions) (1 enabled)
2025-01-29 18:43:06,588 INFO c.h.h.t.HelmChartContainer - [hivemq-test-hivemq-platform] [hivemq-platform-operator] [1e539c36] 18:43:06.585 [pool-6-thread-39] DEBUG c.h.p.o.dependants.PodInfoConfigMap - [helmmqtt] Desired PodInfo ConfigMap (metrics port: 9399) (metrics path: /)
2025-01-29 18:43:06,588 INFO c.h.h.t.HelmChartContainer - [hivemq-test-hivemq-platform] [hivemq-platform-operator] [1e539c36] 18:43:06.585 [pool-6-thread-39] DEBUG c.h.p.o.dependants.PodInfoConfigMap - [helmmqtt] Desired PodInfo ConfigMap (extension state hash: -1817474005)
2025-01-29 18:43:06,589 INFO c.h.h.t.HelmChartContainer - [hivemq-test-hivemq-platform] [hivemq-platform-operator] [1e539c36] 18:43:06.587 [pool-6-thread-35] DEBUG c.h.p.o.d.PodServiceAccountResource - [helmmqtt] Desired PodServiceAccountResource (serviceAccountName: hivemq-platform-pod-test-hivemq-platform)
2025-01-29 18:43:06,596 INFO c.h.h.t.HelmChartContainer - [hivemq-test-hivemq-platform] [hivemq-platform-operator] [1e539c36] 18:43:06.595 [pool-6-thread-32] DEBUG c.h.p.o.d.StatefulSetResource - [helmmqtt] Desired StatefulSet (1 replicas) for status STARTING (READY)
2025-01-29 18:43:06,597 INFO c.h.h.t.HelmChartContainer - [test-hivemq-platform] [hivemq] [52056131] WARN  - [HiveMQ Platform Operator Init App 1.7.0-SNAPSHOT] Cannot connect to Health API for readiness: null
2025-01-29 18:43:06,603 INFO c.h.h.t.HelmChartContainer - [hivemq-test-hivemq-platform] [hivemq-platform-operator] [1e539c36] 18:43:06.602 [ReconcilerExecutor-hivemq-controller-112] INFO  c.h.p.o.HiveMQPlatformReconciler - [helmmqtt] Reconciling HiveMQ Platform 'test-hivemq-platform' in namespace 'helmmqttit'
2025-01-29 18:43:06,603 INFO c.h.h.t.HelmChartContainer - [hivemq-test-hivemq-platform] [hivemq-platform-operator] [1e539c36] 18:43:06.602 [ReconcilerExecutor-hivemq-controller-112] DEBUG c.h.p.o.HiveMQPlatformReconciler - [helmmqtt] Custom Resource Status STARTING - HiveMQ Platform is starting (READY)
2025-01-29 18:43:06,603 INFO c.h.h.t.HelmChartContainer - [hivemq-test-hivemq-platform] [hivemq-platform-operator] [1e539c36] 18:43:06.602 [ReconcilerExecutor-hivemq-controller-112] DEBUG c.h.p.o.HiveMQPlatformReconciler - [helmmqtt] Custom Resource Spec (replicas: 1) (extensions: 1)
2025-01-29 18:43:06,605 INFO c.h.h.t.HelmChartContainer - [EVENT] Warning [Unhealthy] Readiness probe failed: HTTP probe failed with statuscode: 503 [helmmqttit:test-hivemq-platform-0]
2025-01-29 18:43:06,605 INFO c.h.h.t.HelmChartContainer - Received Unhealthy event for container hivemq in pod test-hivemq-platform-0 [52056131-70ec-450f-98e5-2592ab004293]
2025-01-29 18:43:06,606 INFO c.h.h.t.HelmChartContainer - [hivemq-test-hivemq-platform] [hivemq-platform-operator] [1e539c36] 18:43:06.603 [ReconcilerExecutor-hivemq-controller-112] DEBUG c.h.p.o.HiveMQPlatformReconciler - [helmmqtt] StatefulSet Status (revision: test-hivemq-platform-7bbc5894fb, replicas: 1, available: 0, ready: 0, current: 1, updated: 1)
2025-01-29 18:43:06,607 INFO c.h.h.t.HelmChartContainer - [hivemq-test-hivemq-platform] [hivemq-platform-operator] [1e539c36] 18:43:06.604 [ReconcilerExecutor-hivemq-controller-112] DEBUG c.h.p.o.HiveMQPlatformReconciler - [helmmqtt] StatefulSet Spec (replicas: 1, init containers: 1, containers: 1, volumes: 3)
2025-01-29 18:43:06,607 INFO c.h.h.t.HelmChartContainer - [hivemq-test-hivemq-platform] [hivemq-platform-operator] [1e539c36] 18:43:06.606 [ReconcilerExecutor-hivemq-controller-112] DEBUG c.h.p.o.h.HiveMQPlatformReconcilerErrorHandler - [helmmqtt] Pod 'test-hivemq-platform-0' phase Running
2025-01-29 18:43:06,608 INFO c.h.h.t.HelmChartContainer - [hivemq-test-hivemq-platform] [hivemq-platform-operator] [1e539c36] 18:43:06.606 [ReconcilerExecutor-hivemq-controller-112] INFO  c.h.p.o.h.HiveMQPlatformReconcilerBaseHandler - [helmmqtt] HiveMQ Platform is starting, 0 of 1 replicas are ready
2025-01-29 18:43:06,989 INFO c.h.h.t.HelmChartContainer - [test-hivemq-platform] [hivemq] [52056131] WARN  - [HiveMQ Platform Operator Init App 1.7.0-SNAPSHOT] Cannot connect to Health API for liveness: null
2025-01-29 18:43:06,990 INFO c.h.h.t.HelmChartContainer - [test-hivemq-platform] [hivemq] [52056131] INFO  - [HiveMQ Platform Operator Init App 1.7.0-SNAPSHOT] Returning default Health API response 200 for liveness
2025-01-29 18:43:08,210 INFO c.h.h.t.HelmChartContainer - [test-hivemq-platform] [hivemq] [52056131] INFO  - No valid license file found. Using trial license, restricted to 25 connections.
2025-01-29 18:43:11,589 INFO c.h.h.t.HelmChartContainer - [test-hivemq-platform] [hivemq] [52056131] WARN  - [HiveMQ Platform Operator Init App 1.7.0-SNAPSHOT] Cannot connect to Health API for readiness: null
2025-01-29 18:43:11,593 INFO c.h.h.t.HelmChartContainer - [EVENT] Warning [Unhealthy] Readiness probe failed: HTTP probe failed with statuscode: 503 [helmmqttit:test-hivemq-platform-0]
2025-01-29 18:43:11,594 INFO c.h.h.t.HelmChartContainer - Received Unhealthy event for container hivemq in pod test-hivemq-platform-0 [52056131-70ec-450f-98e5-2592ab004293]
2025-01-29 18:43:11,990 INFO c.h.h.t.HelmChartContainer - [test-hivemq-platform] [hivemq] [52056131] INFO  - No valid license file for Data Hub found. Using free license, restricted to 1 policy.
2025-01-29 18:43:13,287 INFO c.h.h.t.HelmChartContainer - [test-hivemq-platform] [hivemq] [52056131] INFO  - Audit Logger started.
2025-01-29 18:43:13,529 INFO c.h.h.t.HelmChartContainer - [test-hivemq-platform] [hivemq] [52056131] INFO  - This node uses '1' CPU cores.
2025-01-29 18:43:13,534 INFO c.h.h.t.HelmChartContainer - [test-hivemq-platform] [hivemq] [52056131] INFO  - Starting HiveMQ Health API on address 0.0.0.0 and port 8889
2025-01-29 18:43:14,387 INFO c.h.h.t.HelmChartContainer - [test-hivemq-platform] [hivemq] [52056131] INFO  - Started HiveMQ Health API in 852ms
2025-01-29 18:43:14,918 INFO c.h.h.t.HelmChartContainer - [test-hivemq-platform] [hivemq] [52056131] INFO  - Starting HiveMQ extension system.
2025-01-29 18:43:15,217 INFO c.h.h.t.HelmChartContainer - [test-hivemq-platform] [hivemq] [52056131] INFO  - Starting extension with id "hivemq-dns-cluster-discovery" at /opt/hivemq/extensions/hivemq-dns-cluster-discovery
2025-01-29 18:43:15,719 INFO c.h.h.t.HelmChartContainer - [test-hivemq-platform] [hivemq] [52056131] INFO  - Extension "DNS Cluster Discovery Extension" version 4.3.2 started successfully.
2025-01-29 18:43:15,719 INFO c.h.h.t.HelmChartContainer - [test-hivemq-platform] [hivemq] [52056131] INFO  - Starting extension with id "hivemq-prometheus-extension" at /opt/hivemq/extensions/hivemq-prometheus-extension
2025-01-29 18:43:15,891 INFO c.h.h.t.HelmChartContainer - [test-hivemq-platform] [hivemq] [52056131] INFO  - Using TCP cluster transport on address 10.42.0.13 and port 7000
2025-01-29 18:43:15,916 INFO c.h.h.t.HelmChartContainer - [test-hivemq-platform] [hivemq] [52056131] INFO  - Using extension cluster discovery
2025-01-29 18:43:16,613 INFO c.h.h.t.HelmChartContainer - [hivemq-test-hivemq-platform] [hivemq-platform-operator] [1e539c36] 18:43:16.610 [pool-6-thread-48] DEBUG c.h.p.o.d.PlatformServiceResource - [helmmqtt] Desired Platform services (2 services)
2025-01-29 18:43:16,615 INFO c.h.h.t.HelmChartContainer - [hivemq-test-hivemq-platform] [hivemq-platform-operator] [1e539c36] 18:43:16.612 [pool-6-thread-41] DEBUG c.h.p.o.d.PodServiceAccountResource - [helmmqtt] Desired PodServiceAccountResource (serviceAccountName: hivemq-platform-pod-test-hivemq-platform)
2025-01-29 18:43:16,616 INFO c.h.h.t.HelmChartContainer - [hivemq-test-hivemq-platform] [hivemq-platform-operator] [1e539c36] 18:43:16.615 [pool-6-thread-45] DEBUG c.h.p.o.dependants.PodInfoConfigMap - [helmmqtt] Desired PodInfo ConfigMap (1 extensions) (1 enabled)
2025-01-29 18:43:16,618 INFO c.h.h.t.HelmChartContainer - [hivemq-test-hivemq-platform] [hivemq-platform-operator] [1e539c36] 18:43:16.616 [pool-6-thread-45] DEBUG c.h.p.o.dependants.PodInfoConfigMap - [helmmqtt] Desired PodInfo ConfigMap (metrics port: 9399) (metrics path: /)
2025-01-29 18:43:16,618 INFO c.h.h.t.HelmChartContainer - [hivemq-test-hivemq-platform] [hivemq-platform-operator] [1e539c36] 18:43:16.616 [pool-6-thread-45] DEBUG c.h.p.o.dependants.PodInfoConfigMap - [helmmqtt] Desired PodInfo ConfigMap (extension state hash: -1817474005)
2025-01-29 18:43:16,626 INFO c.h.h.t.HelmChartContainer - [hivemq-test-hivemq-platform] [hivemq-platform-operator] [1e539c36] 18:43:16.625 [pool-6-thread-48] DEBUG c.h.p.o.d.StatefulSetResource - [helmmqtt] Desired StatefulSet (1 replicas) for status STARTING (READY)
2025-01-29 18:43:16,634 INFO c.h.h.t.HelmChartContainer - [hivemq-test-hivemq-platform] [hivemq-platform-operator] [1e539c36] 18:43:16.633 [ReconcilerExecutor-hivemq-controller-113] INFO  c.h.p.o.HiveMQPlatformReconciler - [helmmqtt] Reconciling HiveMQ Platform 'test-hivemq-platform' in namespace 'helmmqttit'
2025-01-29 18:43:16,635 INFO c.h.h.t.HelmChartContainer - [hivemq-test-hivemq-platform] [hivemq-platform-operator] [1e539c36] 18:43:16.633 [ReconcilerExecutor-hivemq-controller-113] DEBUG c.h.p.o.HiveMQPlatformReconciler - [helmmqtt] Custom Resource Status STARTING - HiveMQ Platform is starting (READY)
2025-01-29 18:43:16,635 INFO c.h.h.t.HelmChartContainer - [hivemq-test-hivemq-platform] [hivemq-platform-operator] [1e539c36] 18:43:16.633 [ReconcilerExecutor-hivemq-controller-113] DEBUG c.h.p.o.HiveMQPlatformReconciler - [helmmqtt] Custom Resource Spec (replicas: 1) (extensions: 1)
2025-01-29 18:43:16,679 INFO c.h.h.t.HelmChartContainer - [hivemq-test-hivemq-platform] [hivemq-platform-operator] [1e539c36] 18:43:16.677 [ReconcilerExecutor-hivemq-controller-113] DEBUG c.h.p.o.HiveMQPlatformReconciler - [helmmqtt] StatefulSet Status (revision: test-hivemq-platform-7bbc5894fb, replicas: 1, available: 0, ready: 0, current: 1, updated: 1)
2025-01-29 18:43:16,679 INFO c.h.h.t.HelmChartContainer - [hivemq-test-hivemq-platform] [hivemq-platform-operator] [1e539c36] 18:43:16.677 [ReconcilerExecutor-hivemq-controller-113] DEBUG c.h.p.o.HiveMQPlatformReconciler - [helmmqtt] StatefulSet Spec (replicas: 1, init containers: 1, containers: 1, volumes: 3)
2025-01-29 18:43:16,680 INFO c.h.h.t.HelmChartContainer - [hivemq-test-hivemq-platform] [hivemq-platform-operator] [1e539c36] 18:43:16.679 [ReconcilerExecutor-hivemq-controller-113] DEBUG c.h.p.o.h.HiveMQPlatformReconcilerErrorHandler - [helmmqtt] Pod 'test-hivemq-platform-0' phase Running
2025-01-29 18:43:16,681 INFO c.h.h.t.HelmChartContainer - [hivemq-test-hivemq-platform] [hivemq-platform-operator] [1e539c36] 18:43:16.680 [ReconcilerExecutor-hivemq-controller-113] INFO  c.h.p.o.h.HiveMQPlatformReconcilerBaseHandler - [helmmqtt] HiveMQ Platform is starting, 0 of 1 replicas are ready
2025-01-29 18:43:16,915 INFO c.h.h.t.HelmChartContainer - [test-hivemq-platform] [hivemq] [52056131] INFO  - Started Jetty Server exposing Prometheus Servlet on URI http://0.0.0.0:9399/
2025-01-29 18:43:16,915 INFO c.h.h.t.HelmChartContainer - [test-hivemq-platform] [hivemq] [52056131] INFO  - Extension "Prometheus Monitoring Extension" version 4.0.12 started successfully.
2025-01-29 18:43:16,915 INFO c.h.h.t.HelmChartContainer - [test-hivemq-platform] [hivemq] [52056131] INFO  - Starting extension with id "hivemq-allow-all-extension" at /opt/hivemq/extensions/hivemq-allow-all-extension
2025-01-29 18:43:16,915 INFO c.h.h.t.HelmChartContainer - [test-hivemq-platform] [hivemq] [52056131] WARN  - 
2025-01-29 18:43:16,915 INFO c.h.h.t.HelmChartContainer - [test-hivemq-platform] [hivemq] [52056131] ################################################################################################################
2025-01-29 18:43:16,915 INFO c.h.h.t.HelmChartContainer - [test-hivemq-platform] [hivemq] [52056131] # This HiveMQ deployment is not secure! You are lacking Authentication and Authorization.                      #
2025-01-29 18:43:16,915 INFO c.h.h.t.HelmChartContainer - [test-hivemq-platform] [hivemq] [52056131] # Right now any MQTT client can connect to the broker with a full set of permissions.                          #
2025-01-29 18:43:16,915 INFO c.h.h.t.HelmChartContainer - [test-hivemq-platform] [hivemq] [52056131] # For production usage, add an appropriate security extension and remove the hivemq-allow-all extension.       #
2025-01-29 18:43:16,915 INFO c.h.h.t.HelmChartContainer - [test-hivemq-platform] [hivemq] [52056131] # You can download security extensions from the HiveMQ Marketplace (https://www.hivemq.com/extensions/).       #
2025-01-29 18:43:16,915 INFO c.h.h.t.HelmChartContainer - [test-hivemq-platform] [hivemq] [52056131] ################################################################################################################
2025-01-29 18:43:16,915 INFO c.h.h.t.HelmChartContainer - [test-hivemq-platform] [hivemq] [52056131] INFO  - Extension "Allow All Extension" version 1.1.1 started successfully.
2025-01-29 18:43:17,415 INFO c.h.h.t.HelmChartContainer - [test-hivemq-platform] [hivemq] [52056131] INFO  - [HiveMQ Platform Operator Init App 1.7.0-SNAPSHOT] Returning Health API response 503 for readiness
2025-01-29 18:43:17,419 INFO c.h.h.t.HelmChartContainer - [EVENT] Warning [Unhealthy] Readiness probe failed: HTTP probe failed with statuscode: 503 [helmmqttit:test-hivemq-platform-0]
2025-01-29 18:43:17,420 INFO c.h.h.t.HelmChartContainer - Received Unhealthy event for container hivemq in pod test-hivemq-platform-0 [52056131-70ec-450f-98e5-2592ab004293]
2025-01-29 18:43:19,186 INFO c.h.h.t.HelmChartContainer - [test-hivemq-platform] [hivemq] [52056131] INFO  - Lc4EQ: no members discovered after 2471 ms: creating cluster as first member
2025-01-29 18:43:19,192 INFO c.h.h.t.HelmChartContainer - [test-hivemq-platform] [hivemq] [52056131] INFO  - Cluster nodes found by discovery: [Lc4EQ|0] (1) [Lc4EQ].
2025-01-29 18:43:19,289 INFO c.h.h.t.HelmChartContainer - [test-hivemq-platform] [hivemq] [52056131] WARN  - No user for HiveMQ Control Center configured. Starting with default user
2025-01-29 18:43:19,289 INFO c.h.h.t.HelmChartContainer - [test-hivemq-platform] [hivemq] [52056131] INFO  - Starting HiveMQ Control Center on address 127.0.0.1 and port 8080
2025-01-29 18:43:19,289 INFO c.h.h.t.HelmChartContainer - [test-hivemq-platform] [hivemq] [52056131] INFO  - Mounting HiveMQ Control Center V2 Preview
2025-01-29 18:43:19,899 INFO c.h.h.t.HelmChartContainer - [test-hivemq-platform] [hivemq] [52056131] INFO  - Started HiveMQ Control Center in 612ms
2025-01-29 18:43:19,994 INFO c.h.h.t.HelmChartContainer - [test-hivemq-platform] [hivemq] [52056131] INFO  - Starting TCP listener on address 0.0.0.0 and port 1884
2025-01-29 18:43:20,086 INFO c.h.h.t.HelmChartContainer - [test-hivemq-platform] [hivemq] [52056131] INFO  - Started TCP Listener on address 0.0.0.0 and on port 1884.
2025-01-29 18:43:20,086 INFO c.h.h.t.HelmChartContainer - [test-hivemq-platform] [hivemq] [52056131] INFO  - Started HiveMQ in 32168ms
2025-01-29 18:43:21,536 INFO c.h.h.t.HelmChartContainer - [test-hivemq-platform] [hivemq] [52056131] INFO  - [HiveMQ Platform Operator Init App 1.7.0-SNAPSHOT] Returning Health API response 200 for readiness
2025-01-29 18:43:21,554 INFO c.h.h.t.HelmChartContainer - [POD] test-hivemq-platform-0 [52056131-70ec-450f-98e5-2592ab004293] in helmmqttit was MODIFIED
2025-01-29 18:43:21,564 INFO c.h.h.t.HelmChartContainer - [hivemq-test-hivemq-platform] [hivemq-platform-operator] [1e539c36] 18:43:21.558 [pool-6-thread-4] DEBUG c.h.p.o.d.PlatformServiceResource - [helmmqtt] Desired Platform services (2 services)
2025-01-29 18:43:21,564 INFO c.h.h.t.HelmChartContainer - [hivemq-test-hivemq-platform] [hivemq-platform-operator] [1e539c36] 18:43:21.563 [pool-6-thread-1] DEBUG c.h.p.o.dependants.PodInfoConfigMap - [helmmqtt] Desired PodInfo ConfigMap (1 extensions) (1 enabled)
2025-01-29 18:43:21,569 INFO c.h.h.t.HelmChartContainer - [hivemq-test-hivemq-platform] [hivemq-platform-operator] [1e539c36] 18:43:21.564 [pool-6-thread-1] DEBUG c.h.p.o.dependants.PodInfoConfigMap - [helmmqtt] Desired PodInfo ConfigMap (metrics port: 9399) (metrics path: /)
2025-01-29 18:43:21,569 INFO c.h.h.t.HelmChartContainer - [hivemq-test-hivemq-platform] [hivemq-platform-operator] [1e539c36] 18:43:21.566 [pool-6-thread-1] DEBUG c.h.p.o.dependants.PodInfoConfigMap - [helmmqtt] Desired PodInfo ConfigMap (extension state hash: -1817474005)
2025-01-29 18:43:21,573 INFO c.h.h.t.HelmChartContainer - [hivemq-test-hivemq-platform] [hivemq-platform-operator] [1e539c36] 18:43:21.571 [pool-6-thread-6] DEBUG c.h.p.o.d.PodServiceAccountResource - [helmmqtt] Desired PodServiceAccountResource (serviceAccountName: hivemq-platform-pod-test-hivemq-platform)
2025-01-29 18:43:21,579 INFO c.h.h.t.HelmChartContainer - [hivemq-test-hivemq-platform] [hivemq-platform-operator] [1e539c36] 18:43:21.578 [pool-6-thread-4] DEBUG c.h.p.o.d.StatefulSetResource - [helmmqtt] Desired StatefulSet (1 replicas) for status STARTING (READY)
2025-01-29 18:43:21,582 INFO c.h.h.t.HelmChartContainer - [hivemq-test-hivemq-platform] [hivemq-platform-operator] [1e539c36] 18:43:21.581 [ReconcilerExecutor-hivemq-controller-114] INFO  c.h.p.o.HiveMQPlatformReconciler - [helmmqtt] Reconciling HiveMQ Platform 'test-hivemq-platform' in namespace 'helmmqttit'
2025-01-29 18:43:21,582 INFO c.h.h.t.HelmChartContainer - [hivemq-test-hivemq-platform] [hivemq-platform-operator] [1e539c36] 18:43:21.581 [ReconcilerExecutor-hivemq-controller-114] DEBUG c.h.p.o.HiveMQPlatformReconciler - [helmmqtt] Custom Resource Status STARTING - HiveMQ Platform is starting (READY)
2025-01-29 18:43:21,582 INFO c.h.h.t.HelmChartContainer - [hivemq-test-hivemq-platform] [hivemq-platform-operator] [1e539c36] 18:43:21.581 [ReconcilerExecutor-hivemq-controller-114] DEBUG c.h.p.o.HiveMQPlatformReconciler - [helmmqtt] Custom Resource Spec (replicas: 1) (extensions: 1)
2025-01-29 18:43:21,584 INFO c.h.h.t.HelmChartContainer - [hivemq-test-hivemq-platform] [hivemq-platform-operator] [1e539c36] 18:43:21.583 [ReconcilerExecutor-hivemq-controller-114] DEBUG c.h.p.o.HiveMQPlatformReconciler - [helmmqtt] StatefulSet Status (revision: test-hivemq-platform-7bbc5894fb, replicas: 1, available: 1, ready: 1, current: 1, updated: 1)
2025-01-29 18:43:21,585 INFO c.h.h.t.HelmChartContainer - [hivemq-test-hivemq-platform] [hivemq-platform-operator] [1e539c36] 18:43:21.583 [ReconcilerExecutor-hivemq-controller-114] DEBUG c.h.p.o.HiveMQPlatformReconciler - [helmmqtt] StatefulSet Spec (replicas: 1, init containers: 1, containers: 1, volumes: 3)
2025-01-29 18:43:21,586 INFO c.h.h.t.HelmChartContainer - [hivemq-test-hivemq-platform] [hivemq-platform-operator] [1e539c36] 18:43:21.584 [ReconcilerExecutor-hivemq-controller-114] DEBUG c.h.p.o.h.HiveMQPlatformReconcilerErrorHandler - [helmmqtt] Pod 'test-hivemq-platform-0' phase Running
2025-01-29 18:43:21,587 INFO c.h.h.t.HelmChartContainer - [hivemq-test-hivemq-platform] [hivemq-platform-operator] [1e539c36] 18:43:21.585 [ReconcilerExecutor-hivemq-controller-114] INFO  c.h.p.o.h.HiveMQPlatformReconcilerBaseHandler - [helmmqtt] HiveMQ Platform started successfully
2025-01-29 18:43:21,688 INFO c.h.h.t.HelmChartContainer - [hivemq-test-hivemq-platform] [hivemq-platform-operator] [1e539c36] 18:43:21.686 [ReconcilerExecutor-hivemq-controller-114] DEBUG c.h.p.operator.event.EventSender - [helmmqtt] Creating K8s event hivemq-platform-ready: [Ready] HiveMQ Platform is ready
2025-01-29 18:43:21,694 INFO c.h.h.t.HelmChartContainer - [EVENT] Normal [Ready] HiveMQ Platform is ready [helmmqttit:test-hivemq-platform]
2025-01-29 18:43:21,695 INFO c.h.h.t.HelmChartContainer - [hivemq-test-hivemq-platform] [hivemq-platform-operator] [1e539c36] 18:43:21.694 [ReconcilerExecutor-hivemq-controller-114] INFO  c.h.p.o.h.AbstractHiveMQReconcilerStateHandler - [helmmqtt] Update HiveMQ Platform Status (STARTING [READY] -> RUNNING [READY]): HiveMQ Platform is ready
2025-01-29 18:43:21,704 DEBUG com.hivemq.helmcharts.util.K8sUtil - Comparing actual state 'RUNNING' and waiting for 'RUNNING'
2025-01-29 18:43:21,781 INFO c.h.h.t.HelmChartContainer - [hivemq-test-hivemq-platform] [hivemq-platform-operator] [1e539c36] 18:43:21.778 [pool-6-thread-17] DEBUG c.h.p.o.d.PlatformServiceResource - [helmmqtt] Desired Platform services (2 services)
2025-01-29 18:43:21,784 INFO c.h.h.t.HelmChartContainer - [hivemq-test-hivemq-platform] [hivemq-platform-operator] [1e539c36] 18:43:21.779 [pool-6-thread-18] DEBUG c.h.p.o.dependants.PodInfoConfigMap - [helmmqtt] Desired PodInfo ConfigMap (1 extensions) (1 enabled)
2025-01-29 18:43:21,784 INFO c.h.h.t.HelmChartContainer - [hivemq-test-hivemq-platform] [hivemq-platform-operator] [1e539c36] 18:43:21.779 [pool-6-thread-18] DEBUG c.h.p.o.dependants.PodInfoConfigMap - [helmmqtt] Desired PodInfo ConfigMap (metrics port: 9399) (metrics path: /)
2025-01-29 18:43:21,784 INFO c.h.h.t.HelmChartContainer - [hivemq-test-hivemq-platform] [hivemq-platform-operator] [1e539c36] 18:43:21.779 [pool-6-thread-18] DEBUG c.h.p.o.dependants.PodInfoConfigMap - [helmmqtt] Desired PodInfo ConfigMap (extension state hash: -1817474005)
2025-01-29 18:43:21,784 INFO c.h.h.t.HelmChartContainer - [hivemq-test-hivemq-platform] [hivemq-platform-operator] [1e539c36] 18:43:21.779 [pool-6-thread-18] DEBUG c.h.p.o.dependants.PodInfoConfigMap - [helmmqtt] Update PodInfo ConfigMap
2025-01-29 18:43:21,784 INFO c.h.h.t.HelmChartContainer - [hivemq-test-hivemq-platform] [hivemq-platform-operator] [1e539c36] 18:43:21.781 [pool-6-thread-13] DEBUG c.h.p.o.d.PodServiceAccountResource - [helmmqtt] Desired PodServiceAccountResource (serviceAccountName: hivemq-platform-pod-test-hivemq-platform)
2025-01-29 18:43:21,792 INFO c.h.h.t.HelmChartContainer - [hivemq-test-hivemq-platform] [hivemq-platform-operator] [1e539c36] 18:43:21.790 [pool-6-thread-18] DEBUG c.h.p.o.d.StatefulSetResource - [helmmqtt] Desired StatefulSet (1 replicas) for status RUNNING (READY)
2025-01-29 18:43:21,876 INFO c.h.h.t.HelmChartContainer - [hivemq-test-hivemq-platform] [hivemq-platform-operator] [1e539c36] 18:43:21.874 [ReconcilerExecutor-hivemq-controller-115] INFO  c.h.p.o.HiveMQPlatformReconciler - [helmmqtt] Reconciling HiveMQ Platform 'test-hivemq-platform' in namespace 'helmmqttit'
2025-01-29 18:43:21,876 INFO c.h.h.t.HelmChartContainer - [hivemq-test-hivemq-platform] [hivemq-platform-operator] [1e539c36] 18:43:21.874 [ReconcilerExecutor-hivemq-controller-115] DEBUG c.h.p.o.HiveMQPlatformReconciler - [helmmqtt] Custom Resource Status RUNNING - HiveMQ Platform is ready (READY)
2025-01-29 18:43:21,876 INFO c.h.h.t.HelmChartContainer - [hivemq-test-hivemq-platform] [hivemq-platform-operator] [1e539c36] 18:43:21.874 [ReconcilerExecutor-hivemq-controller-115] DEBUG c.h.p.o.HiveMQPlatformReconciler - [helmmqtt] Custom Resource Spec (replicas: 1) (extensions: 1)
2025-01-29 18:43:21,878 INFO c.h.h.t.HelmChartContainer - [hivemq-test-hivemq-platform] [hivemq-platform-operator] [1e539c36] 18:43:21.877 [ReconcilerExecutor-hivemq-controller-115] DEBUG c.h.p.o.HiveMQPlatformReconciler - [helmmqtt] StatefulSet Status (revision: test-hivemq-platform-7bbc5894fb, replicas: 1, available: 1, ready: 1, current: 1, updated: 1)
2025-01-29 18:43:21,878 INFO c.h.h.t.HelmChartContainer - [hivemq-test-hivemq-platform] [hivemq-platform-operator] [1e539c36] 18:43:21.877 [ReconcilerExecutor-hivemq-controller-115] DEBUG c.h.p.o.HiveMQPlatformReconciler - [helmmqtt] StatefulSet Spec (replicas: 1, init containers: 1, containers: 1, volumes: 3)
2025-01-29 18:43:21,879 INFO c.h.h.t.HelmChartContainer - [hivemq-test-hivemq-platform] [hivemq-platform-operator] [1e539c36] 18:43:21.878 [ReconcilerExecutor-hivemq-controller-115] DEBUG c.h.p.o.h.HiveMQPlatformReconcilerErrorHandler - [helmmqtt] Pod 'test-hivemq-platform-0' phase Running
2025-01-29 18:43:26,568 INFO c.h.h.t.HelmChartContainer - Uninstalling release 'test-hivemq-platform' in namespace 'helmmqttit'...
2025-01-29 18:43:26,569 DEBUG c.h.h.t.HelmChartContainer - Executing helm command: /bin/helm --kubeconfig /etc/rancher/k3s/k3s.yaml uninstall test-hivemq-platform  --wait --timeout 5m0s --cascade foreground --namespace helmmqttit
2025-01-29 18:43:26,755 INFO c.h.h.t.HelmChartContainer - [hivemq-test-hivemq-platform] [hivemq-platform-operator] [1e539c36] 18:43:26.745 [pool-6-thread-24] DEBUG c.h.p.o.d.PlatformServiceResource - [helmmqtt] Desired Platform services (2 services)
2025-01-29 18:43:26,755 INFO c.h.h.t.HelmChartContainer - [hivemq-test-hivemq-platform] [hivemq-platform-operator] [1e539c36] 18:43:26.746 [pool-6-thread-22] DEBUG c.h.p.o.dependants.PodInfoConfigMap - [helmmqtt] Desired PodInfo ConfigMap (1 extensions) (1 enabled)
2025-01-29 18:43:26,758 INFO c.h.h.t.HelmChartContainer - [hivemq-test-hivemq-platform] [hivemq-platform-operator] [1e539c36] 18:43:26.751 [pool-6-thread-22] DEBUG c.h.p.o.dependants.PodInfoConfigMap - [helmmqtt] Desired PodInfo ConfigMap (metrics port: 9399) (metrics path: /)
2025-01-29 18:43:26,758 INFO c.h.h.t.HelmChartContainer - [hivemq-test-hivemq-platform] [hivemq-platform-operator] [1e539c36] 18:43:26.747 [pool-6-thread-21] DEBUG c.h.p.o.d.PodServiceAccountResource - [helmmqtt] Desired PodServiceAccountResource (serviceAccountName: hivemq-platform-pod-test-hivemq-platform)
2025-01-29 18:43:26,758 INFO c.h.h.t.HelmChartContainer - [hivemq-test-hivemq-platform] [hivemq-platform-operator] [1e539c36] 18:43:26.752 [pool-6-thread-22] DEBUG c.h.p.o.dependants.PodInfoConfigMap - [helmmqtt] Desired PodInfo ConfigMap (extension state hash: -1817474005)
2025-01-29 18:43:26,779 INFO c.h.h.t.HelmChartContainer - [hivemq-test-hivemq-platform] [hivemq-platform-operator] [1e539c36] 18:43:26.778 [pool-6-thread-22] DEBUG c.h.p.o.d.StatefulSetResource - [helmmqtt] Desired StatefulSet (1 replicas) for status RUNNING (READY)
2025-01-29 18:43:26,790 INFO c.h.h.t.HelmChartContainer - [hivemq-test-hivemq-platform] [hivemq-platform-operator] [1e539c36] 18:43:26.789 [ReconcilerExecutor-hivemq-controller-116] INFO  c.h.p.o.HiveMQPlatformReconciler - [helmmqtt] Reconciling HiveMQ Platform 'test-hivemq-platform' in namespace 'helmmqttit'
2025-01-29 18:43:26,790 INFO c.h.h.t.HelmChartContainer - [hivemq-test-hivemq-platform] [hivemq-platform-operator] [1e539c36] 18:43:26.789 [ReconcilerExecutor-hivemq-controller-116] DEBUG c.h.p.o.HiveMQPlatformReconciler - [helmmqtt] Custom Resource Status RUNNING - HiveMQ Platform is ready (READY)
2025-01-29 18:43:26,795 INFO c.h.h.t.HelmChartContainer - [hivemq-test-hivemq-platform] [hivemq-platform-operator] [1e539c36] 18:43:26.791 [ReconcilerExecutor-hivemq-controller-116] DEBUG c.h.p.o.HiveMQPlatformReconciler - [helmmqtt] Custom Resource Spec (replicas: 1) (extensions: 1)
2025-01-29 18:43:26,795 INFO c.h.h.t.HelmChartContainer - [hivemq-test-hivemq-platform] [hivemq-platform-operator] [1e539c36] 18:43:26.791 [ReconcilerExecutor-hivemq-controller-116] WARN  c.h.p.o.h.HiveMQPlatformReconcilerErrorHandler - [helmmqtt] Could not find ConfigMap 'hivemq-configuration-test-hivemq-platform' for HiveMQ Platform configuration
2025-01-29 18:43:26,978 INFO c.h.h.t.HelmChartContainer - [hivemq-test-hivemq-platform] [hivemq-platform-operator] [1e539c36] 18:43:26.977 [ReconcilerExecutor-hivemq-controller-116] DEBUG c.h.p.operator.event.EventSender - [helmmqtt] Creating K8s event hivemq-platform-invalid-configuration: [Start] Could not find ConfigMap 'hivemq-configuration-test-hivemq-platform' for HiveMQ Platform configuration
2025-01-29 18:43:26,981 INFO c.h.h.t.HelmChartContainer - [EVENT] Warning [Start] Could not find ConfigMap 'hivemq-configuration-test-hivemq-platform' for HiveMQ Platform configuration [helmmqttit:test-hivemq-platform]
2025-01-29 18:43:26,983 INFO c.h.h.t.HelmChartContainer - [hivemq-test-hivemq-platform] [hivemq-platform-operator] [1e539c36] 18:43:26.982 [ReconcilerExecutor-hivemq-controller-116] INFO  c.h.p.o.h.AbstractHiveMQReconcilerStateHandler - [helmmqtt] Update HiveMQ Platform Status (RUNNING [READY] -> ERROR [INVALID_CONFIG_MAP]): Could not find ConfigMap 'hivemq-configuration-test-hivemq-platform' for HiveMQ Platform configuration
2025-01-29 18:43:27,000 INFO c.h.h.t.HelmChartContainer - [hivemq-test-hivemq-platform] [hivemq-platform-operator] [1e539c36] 18:43:26.993 [ReconcilerExecutor-hivemq-controller-116] ERROR i.j.o.p.event.EventProcessor - Error during event processing ExecutionScope{ resource id: ResourceID{name='test-hivemq-platform', namespace='helmmqttit'}, version: 1398}
2025-01-29 18:43:27,002 INFO c.h.h.t.HelmChartContainer - [hivemq-test-hivemq-platform] [hivemq-platform-operator] [1e539c36] io.fabric8.kubernetes.client.KubernetesClientException: Failure executing: PUT at: https://10.43.0.1:443/apis/hivemq.com/v1/namespaces/helmmqttit/hivemq-platforms/test-hivemq-platform/status. Message: Operation cannot be fulfilled on hivemq-platforms.hivemq.com "test-hivemq-platform": the object has been modified; please apply your changes to the latest version and try again. Received status: Status(apiVersion=v1, code=409, details=StatusDetails(causes=[], group=hivemq.com, kind=hivemq-platforms, name=test-hivemq-platform, retryAfterSeconds=null, uid=null, additionalProperties={}), kind=Status, message=Operation cannot be fulfilled on hivemq-platforms.hivemq.com "test-hivemq-platform": the object has been modified; please apply your changes to the latest version and try again, metadata=ListMeta(_continue=null, remainingItemCount=null, resourceVersion=null, selfLink=null, additionalProperties={}), reason=Conflict, status=Failure, additionalProperties={}).
2025-01-29 18:43:27,002 INFO c.h.h.t.HelmChartContainer - [hivemq-test-hivemq-platform] [hivemq-platform-operator] [1e539c36] 	at io.fabric8.kubernetes.client.KubernetesClientException.copyAsCause(KubernetesClientException.java:238)
2025-01-29 18:43:27,002 INFO c.h.h.t.HelmChartContainer - [hivemq-test-hivemq-platform] [hivemq-platform-operator] [1e539c36] 	at io.fabric8.kubernetes.client.dsl.internal.OperationSupport.waitForResult(OperationSupport.java:507)
2025-01-29 18:43:27,002 INFO c.h.h.t.HelmChartContainer - [hivemq-test-hivemq-platform] [hivemq-platform-operator] [1e539c36] 	at io.fabric8.kubernetes.client.dsl.internal.OperationSupport.handleResponse(OperationSupport.java:524)
2025-01-29 18:43:27,002 INFO c.h.h.t.HelmChartContainer - [hivemq-test-hivemq-platform] [hivemq-platform-operator] [1e539c36] 	at io.fabric8.kubernetes.client.dsl.internal.OperationSupport.handleUpdate(OperationSupport.java:358)
2025-01-29 18:43:27,002 INFO c.h.h.t.HelmChartContainer - [hivemq-test-hivemq-platform] [hivemq-platform-operator] [1e539c36] 	at io.fabric8.kubernetes.client.dsl.internal.BaseOperation.handleUpdate(BaseOperation.java:759)
2025-01-29 18:43:27,002 INFO c.h.h.t.HelmChartContainer - [hivemq-test-hivemq-platform] [hivemq-platform-operator] [1e539c36] 	at io.fabric8.kubernetes.client.dsl.internal.HasMetadataOperation.update(HasMetadataOperation.java:138)
2025-01-29 18:43:27,002 INFO c.h.h.t.HelmChartContainer - [hivemq-test-hivemq-platform] [hivemq-platform-operator] [1e539c36] 	at io.fabric8.kubernetes.client.dsl.internal.HasMetadataOperation.update(HasMetadataOperation.java:121)
2025-01-29 18:43:27,002 INFO c.h.h.t.HelmChartContainer - [hivemq-test-hivemq-platform] [hivemq-platform-operator] [1e539c36] 	at io.fabric8.kubernetes.client.dsl.internal.HasMetadataOperation.updateStatus(HasMetadataOperation.java:126)
2025-01-29 18:43:27,002 INFO c.h.h.t.HelmChartContainer - [hivemq-test-hivemq-platform] [hivemq-platform-operator] [1e539c36] 	at io.fabric8.kubernetes.client.dsl.internal.HasMetadataOperation.updateStatus(HasMetadataOperation.java:44)
2025-01-29 18:43:27,002 INFO c.h.h.t.HelmChartContainer - [hivemq-test-hivemq-platform] [hivemq-platform-operator] [1e539c36] 	at io.javaoperatorsdk.operator.processing.event.ReconciliationDispatcher$CustomResourceFacade.updateStatus(ReconciliationDispatcher.java:408)
2025-01-29 18:43:27,002 INFO c.h.h.t.HelmChartContainer - [hivemq-test-hivemq-platform] [hivemq-platform-operator] [1e539c36] 	at io.javaoperatorsdk.operator.processing.event.ReconciliationDispatcher.updateStatusGenerationAware(ReconciliationDispatcher.java:228)
2025-01-29 18:43:27,002 INFO c.h.h.t.HelmChartContainer - [hivemq-test-hivemq-platform] [hivemq-platform-operator] [1e539c36] 	at io.javaoperatorsdk.operator.processing.event.ReconciliationDispatcher.reconcileExecution(ReconciliationDispatcher.java:150)
2025-01-29 18:43:27,002 INFO c.h.h.t.HelmChartContainer - [hivemq-test-hivemq-platform] [hivemq-platform-operator] [1e539c36] 	at io.javaoperatorsdk.operator.processing.event.ReconciliationDispatcher.handleReconcile(ReconciliationDispatcher.java:117)
2025-01-29 18:43:27,002 INFO c.h.h.t.HelmChartContainer - [hivemq-test-hivemq-platform] [hivemq-platform-operator] [1e539c36] 	at io.javaoperatorsdk.operator.processing.event.ReconciliationDispatcher.handleDispatch(ReconciliationDispatcher.java:91)
2025-01-29 18:43:27,002 INFO c.h.h.t.HelmChartContainer - [hivemq-test-hivemq-platform] [hivemq-platform-operator] [1e539c36] 	at io.javaoperatorsdk.operator.processing.event.ReconciliationDispatcher.handleExecution(ReconciliationDispatcher.java:64)
2025-01-29 18:43:27,002 INFO c.h.h.t.HelmChartContainer - [hivemq-test-hivemq-platform] [hivemq-platform-operator] [1e539c36] 	at io.javaoperatorsdk.operator.processing.event.EventProcessor$ReconcilerExecutor.run(EventProcessor.java:452)
2025-01-29 18:43:27,002 INFO c.h.h.t.HelmChartContainer - [hivemq-test-hivemq-platform] [hivemq-platform-operator] [1e539c36] 	at java.base/java.util.concurrent.ThreadPoolExecutor.runWorker(Unknown Source)
2025-01-29 18:43:27,002 INFO c.h.h.t.HelmChartContainer - [hivemq-test-hivemq-platform] [hivemq-platform-operator] [1e539c36] 	at java.base/java.util.concurrent.ThreadPoolExecutor$Worker.run(Unknown Source)
2025-01-29 18:43:27,002 INFO c.h.h.t.HelmChartContainer - [hivemq-test-hivemq-platform] [hivemq-platform-operator] [1e539c36] 	at java.base/java.lang.Thread.run(Unknown Source)
2025-01-29 18:43:27,002 INFO c.h.h.t.HelmChartContainer - [hivemq-test-hivemq-platform] [hivemq-platform-operator] [1e539c36] Caused by: io.fabric8.kubernetes.client.KubernetesClientException: Failure executing: PUT at: https://10.43.0.1:443/apis/hivemq.com/v1/namespaces/helmmqttit/hivemq-platforms/test-hivemq-platform/status. Message: Operation cannot be fulfilled on hivemq-platforms.hivemq.com "test-hivemq-platform": the object has been modified; please apply your changes to the latest version and try again. Received status: Status(apiVersion=v1, code=409, details=StatusDetails(causes=[], group=hivemq.com, kind=hivemq-platforms, name=test-hivemq-platform, retryAfterSeconds=null, uid=null, additionalProperties={}), kind=Status, message=Operation cannot be fulfilled on hivemq-platforms.hivemq.com "test-hivemq-platform": the object has been modified; please apply your changes to the latest version and try again, metadata=ListMeta(_continue=null, remainingItemCount=null, resourceVersion=null, selfLink=null, additionalProperties={}), reason=Conflict, status=Failure, additionalProperties={}).
2025-01-29 18:43:27,002 INFO c.h.h.t.HelmChartContainer - [hivemq-test-hivemq-platform] [hivemq-platform-operator] [1e539c36] 	at io.fabric8.kubernetes.client.dsl.internal.OperationSupport.requestFailure(OperationSupport.java:660)
2025-01-29 18:43:27,002 INFO c.h.h.t.HelmChartContainer - [hivemq-test-hivemq-platform] [hivemq-platform-operator] [1e539c36] 	at io.fabric8.kubernetes.client.dsl.internal.OperationSupport.requestFailure(OperationSupport.java:640)
2025-01-29 18:43:27,002 INFO c.h.h.t.HelmChartContainer - [hivemq-test-hivemq-platform] [hivemq-platform-operator] [1e539c36] 	at io.fabric8.kubernetes.client.dsl.internal.OperationSupport.assertResponseCode(OperationSupport.java:589)
2025-01-29 18:43:27,002 INFO c.h.h.t.HelmChartContainer - [hivemq-test-hivemq-platform] [hivemq-platform-operator] [1e539c36] 	at io.fabric8.kubernetes.client.dsl.internal.OperationSupport.lambda$handleResponse$0(OperationSupport.java:549)
2025-01-29 18:43:27,002 INFO c.h.h.t.HelmChartContainer - [hivemq-test-hivemq-platform] [hivemq-platform-operator] [1e539c36] 	at java.base/java.util.concurrent.CompletableFuture$UniApply.tryFire(Unknown Source)
2025-01-29 18:43:27,002 INFO c.h.h.t.HelmChartContainer - [hivemq-test-hivemq-platform] [hivemq-platform-operator] [1e539c36] 	at java.base/java.util.concurrent.CompletableFuture.postComplete(Unknown Source)
2025-01-29 18:43:27,002 INFO c.h.h.t.HelmChartContainer - [hivemq-test-hivemq-platform] [hivemq-platform-operator] [1e539c36] 	at java.base/java.util.concurrent.CompletableFuture.complete(Unknown Source)
2025-01-29 18:43:27,004 INFO c.h.h.t.HelmChartContainer - [hivemq-test-hivemq-platform] [hivemq-platform-operator] [1e539c36] 	at io.fabric8.kubernetes.client.http.StandardHttpClient.lambda$completeOrCancel$10(StandardHttpClient.java:141)
2025-01-29 18:43:27,004 INFO c.h.h.t.HelmChartContainer - [hivemq-test-hivemq-platform] [hivemq-platform-operator] [1e539c36] 	at java.base/java.util.concurrent.CompletableFuture.uniWhenComplete(Unknown Source)
2025-01-29 18:43:27,004 INFO c.h.h.t.HelmChartContainer - [hivemq-test-hivemq-platform] [hivemq-platform-operator] [1e539c36] 	at java.base/java.util.concurrent.CompletableFuture$UniWhenComplete.tryFire(Unknown Source)
2025-01-29 18:43:27,004 INFO c.h.h.t.HelmChartContainer - [hivemq-test-hivemq-platform] [hivemq-platform-operator] [1e539c36] 	at java.base/java.util.concurrent.CompletableFuture.postComplete(Unknown Source)
2025-01-29 18:43:27,004 INFO c.h.h.t.HelmChartContainer - [hivemq-test-hivemq-platform] [hivemq-platform-operator] [1e539c36] 	at java.base/java.util.concurrent.CompletableFuture.complete(Unknown Source)
2025-01-29 18:43:27,004 INFO c.h.h.t.HelmChartContainer - [hivemq-test-hivemq-platform] [hivemq-platform-operator] [1e539c36] 	at io.fabric8.kubernetes.client.http.ByteArrayBodyHandler.onBodyDone(ByteArrayBodyHandler.java:51)
2025-01-29 18:43:27,004 INFO c.h.h.t.HelmChartContainer - [hivemq-test-hivemq-platform] [hivemq-platform-operator] [1e539c36] 	at java.base/java.util.concurrent.CompletableFuture.uniWhenComplete(Unknown Source)
2025-01-29 18:43:27,004 INFO c.h.h.t.HelmChartContainer - [hivemq-test-hivemq-platform] [hivemq-platform-operator] [1e539c36] 	at java.base/java.util.concurrent.CompletableFuture$UniWhenComplete.tryFire(Unknown Source)
2025-01-29 18:43:27,004 INFO c.h.h.t.HelmChartContainer - [hivemq-test-hivemq-platform] [hivemq-platform-operator] [1e539c36] 	at java.base/java.util.concurrent.CompletableFuture.postComplete(Unknown Source)
2025-01-29 18:43:27,004 INFO c.h.h.t.HelmChartContainer - [hivemq-test-hivemq-platform] [hivemq-platform-operator] [1e539c36] 	at java.base/java.util.concurrent.CompletableFuture.complete(Unknown Source)
2025-01-29 18:43:27,004 INFO c.h.h.t.HelmChartContainer - [hivemq-test-hivemq-platform] [hivemq-platform-operator] [1e539c36] 	at io.fabric8.kubernetes.client.vertx.VertxHttpRequest.lambda$null$1(VertxHttpRequest.java:121)
2025-01-29 18:43:27,004 INFO c.h.h.t.HelmChartContainer - [hivemq-test-hivemq-platform] [hivemq-platform-operator] [1e539c36] 	at io.vertx.core.impl.ContextInternal.dispatch(ContextInternal.java:279)
2025-01-29 18:43:27,004 INFO c.h.h.t.HelmChartContainer - [hivemq-test-hivemq-platform] [hivemq-platform-operator] [1e539c36] 	at io.vertx.core.impl.ContextInternal.dispatch(ContextInternal.java:261)
2025-01-29 18:43:27,004 INFO c.h.h.t.HelmChartContainer - [hivemq-test-hivemq-platform] [hivemq-platform-operator] [1e539c36] 	at io.vertx.core.http.impl.HttpEventHandler.handleEnd(HttpEventHandler.java:76)
2025-01-29 18:43:27,004 INFO c.h.h.t.HelmChartContainer - [hivemq-test-hivemq-platform] [hivemq-platform-operator] [1e539c36] 	at io.vertx.core.http.impl.HttpClientResponseImpl.handleEnd(HttpClientResponseImpl.java:250)
2025-01-29 18:43:27,004 INFO c.h.h.t.HelmChartContainer - [hivemq-test-hivemq-platform] [hivemq-platform-operator] [1e539c36] 	at io.vertx.core.http.impl.Http1xClientConnection$StreamImpl.lambda$new$0(Http1xClientConnection.java:421)
2025-01-29 18:43:27,004 INFO c.h.h.t.HelmChartContainer - [hivemq-test-hivemq-platform] [hivemq-platform-operator] [1e539c36] 	at io.vertx.core.streams.impl.InboundBuffer.handleEvent(InboundBuffer.java:279)
2025-01-29 18:43:27,004 INFO c.h.h.t.HelmChartContainer - [hivemq-test-hivemq-platform] [hivemq-platform-operator] [1e539c36] 	at io.vertx.core.streams.impl.InboundBuffer.write(InboundBuffer.java:157)
2025-01-29 18:43:27,004 INFO c.h.h.t.HelmChartContainer - [hivemq-test-hivemq-platform] [hivemq-platform-operator] [1e539c36] 	at io.vertx.core.http.impl.Http1xClientConnection$StreamImpl.handleEnd(Http1xClientConnection.java:709)
2025-01-29 18:43:27,004 INFO c.h.h.t.HelmChartContainer - [hivemq-test-hivemq-platform] [hivemq-platform-operator] [1e539c36] 	at io.vertx.core.impl.ContextImpl.lambda$execute$4(ContextImpl.java:315)
2025-01-29 18:43:27,004 INFO c.h.h.t.HelmChartContainer - [hivemq-test-hivemq-platform] [hivemq-platform-operator] [1e539c36] 	at io.netty.util.concurrent.AbstractEventExecutor.runTask(AbstractEventExecutor.java:173)
2025-01-29 18:43:27,004 INFO c.h.h.t.HelmChartContainer - [hivemq-test-hivemq-platform] [hivemq-platform-operator] [1e539c36] 	at io.netty.util.concurrent.AbstractEventExecutor.safeExecute(AbstractEventExecutor.java:166)
2025-01-29 18:43:27,004 INFO c.h.h.t.HelmChartContainer - [hivemq-test-hivemq-platform] [hivemq-platform-operator] [1e539c36] 	at io.netty.util.concurrent.SingleThreadEventExecutor.runAllTasks(SingleThreadEventExecutor.java:472)
2025-01-29 18:43:27,004 INFO c.h.h.t.HelmChartContainer - [hivemq-test-hivemq-platform] [hivemq-platform-operator] [1e539c36] 	at io.netty.channel.nio.NioEventLoop.run(NioEventLoop.java:569)
2025-01-29 18:43:27,004 INFO c.h.h.t.HelmChartContainer - [hivemq-test-hivemq-platform] [hivemq-platform-operator] [1e539c36] 	at io.netty.util.concurrent.SingleThreadEventExecutor$4.run(SingleThreadEventExecutor.java:997)
2025-01-29 18:43:27,004 INFO c.h.h.t.HelmChartContainer - [hivemq-test-hivemq-platform] [hivemq-platform-operator] [1e539c36] 	at io.netty.util.internal.ThreadExecutorMap$2.run(ThreadExecutorMap.java:74)
2025-01-29 18:43:27,004 INFO c.h.h.t.HelmChartContainer - [hivemq-test-hivemq-platform] [hivemq-platform-operator] [1e539c36] 	at io.netty.util.concurrent.FastThreadLocalRunnable.run(FastThreadLocalRunnable.java:30)
2025-01-29 18:43:27,004 INFO c.h.h.t.HelmChartContainer - [hivemq-test-hivemq-platform] [hivemq-platform-operator] [1e539c36] 	... 1 common frames omitted
2025-01-29 18:43:27,004 INFO c.h.h.t.HelmChartContainer - [hivemq-test-hivemq-platform] [hivemq-platform-operator] [1e539c36] 18:43:27.000 [ReconcilerExecutor-hivemq-controller-119] INFO  c.h.p.o.HiveMQPlatformReconciler - [helmmqtt] Cleanup test-hivemq-platform - helmmqttit HiveMQ Platform is shut down
2025-01-29 18:43:27,023 INFO c.h.h.t.HelmChartContainer - [K3S] [authentication.go:74] "Unable to authenticate the request" err="[invalid bearer token, serviceaccounts \"hivemq-platform-pod-test-hivemq-platform\" not found]"
2025-01-29 18:43:27,039 INFO c.h.h.t.HelmChartContainer - [K3S] [authentication.go:74] "Unable to authenticate the request" err="[invalid bearer token, serviceaccounts \"hivemq-platform-pod-test-hivemq-platform\" not found]"
2025-01-29 18:43:27,117 INFO c.h.h.t.HelmChartContainer - [test-hivemq-platform] [hivemq] [52056131] WARN  - [HiveMQ Platform Operator Init App 1.7.0-SNAPSHOT] Could not update Pod annotations: Failure executing: GET at: https://10.43.0.1:443/api/v1/namespaces/helmmqttit/pods/test-hivemq-platform-0. Message: Unauthorized. Received status: Status(apiVersion=v1, code=401, details=null, kind=Status, message=Unauthorized, metadata=ListMeta(_continue=null, remainingItemCount=null, resourceVersion=null, selfLink=null, additionalProperties={}), reason=Unauthorized, status=Failure, additionalProperties={}).
2025-01-29 18:43:27,229 INFO c.h.h.t.HelmChartContainer - [POD] test-hivemq-platform-0 [52056131-70ec-450f-98e5-2592ab004293] in helmmqttit was MODIFIED
2025-01-29 18:43:27,240 INFO c.h.h.t.HelmChartContainer - [test-hivemq-platform] [hivemq] [52056131] INFO  - [HiveMQ Platform Operator Init App 1.7.0-SNAPSHOT] Shutting down
2025-01-29 18:43:27,240 INFO c.h.h.t.HelmChartContainer - [test-hivemq-platform] [hivemq] [52056131] INFO  - [HiveMQ Platform Operator Init App 1.7.0-SNAPSHOT] Stopping the HiveMQ Platform
2025-01-29 18:43:27,243 INFO c.h.h.t.HelmChartContainer - [EVENT] Normal [Killing] Stopping container hivemq [helmmqttit:test-hivemq-platform-0]
2025-01-29 18:43:27,244 INFO c.h.h.t.HelmChartContainer - Received Killing event for container hivemq in pod test-hivemq-platform-0 [52056131-70ec-450f-98e5-2592ab004293]
2025-01-29 18:43:27,244 INFO c.h.h.t.HelmChartContainer - Container [test-hivemq-platform-0] [hivemq] [52056131-70ec-450f-98e5-2592ab004293] was terminated
2025-01-29 18:43:27,244 INFO c.h.h.t.HelmChartContainer - Stopped log watcher for hivemq in pod test-hivemq-platform-0 [52056131-70ec-450f-98e5-2592ab004293]
2025-01-29 18:43:27,411 INFO c.h.h.t.HelmChartContainer - [test-hivemq-platform] [hivemq] [52056131] INFO  - Shutting down HiveMQ. Please wait, this could take a while...
2025-01-29 18:43:27,414 INFO c.h.h.t.HelmChartContainer - [test-hivemq-platform] [hivemq] [52056131] INFO  - Shutting down listeners and clients
2025-01-29 18:43:27,416 INFO c.h.h.t.HelmChartContainer - [test-hivemq-platform] [hivemq] [52056131] INFO  - Shutdown of listeners is done
2025-01-29 18:43:27,416 INFO c.h.h.t.HelmChartContainer - [test-hivemq-platform] [hivemq] [52056131] INFO  - No clients are connected, proceeding with shutdown
2025-01-29 18:43:28,803 INFO c.h.h.t.HelmChartContainer - Deleting namespace 'helmmqttit'...
2025-01-29 18:43:29,994 INFO c.h.h.t.HelmChartContainer - [test-hivemq-platform] [hivemq] [52056131] INFO  - Shutting down extension system
2025-01-29 18:43:29,998 INFO c.h.h.t.HelmChartContainer - [test-hivemq-platform] [hivemq] [52056131] INFO  - Stopping extension with id hivemq-dns-cluster-discovery
2025-01-29 18:43:29,998 INFO c.h.h.t.HelmChartContainer - [test-hivemq-platform] [hivemq] [52056131] INFO  - Extension "DNS Cluster Discovery Extension" version 4.3.2 stopped successfully.
2025-01-29 18:43:29,998 INFO c.h.h.t.HelmChartContainer - [test-hivemq-platform] [hivemq] [52056131] INFO  - Stopping extension with id hivemq-prometheus-extension
2025-01-29 18:43:30,001 INFO c.h.h.t.HelmChartContainer - [test-hivemq-platform] [hivemq] [52056131] INFO  - Extension "Prometheus Monitoring Extension" version 4.0.12 stopped successfully.
2025-01-29 18:43:30,002 INFO c.h.h.t.HelmChartContainer - [test-hivemq-platform] [hivemq] [52056131] INFO  - Stopping extension with id hivemq-allow-all-extension
2025-01-29 18:43:30,003 INFO c.h.h.t.HelmChartContainer - [test-hivemq-platform] [hivemq] [52056131] INFO  - Extension "Allow All Extension" version 1.1.1 stopped successfully.
2025-01-29 18:43:31,532 INFO c.h.h.t.HelmChartContainer - [test-hivemq-platform] [hivemq] [52056131] INFO  - [HiveMQ Platform Operator Init App 1.7.0-SNAPSHOT] Returning shutdown Health API response 503 for readiness
2025-01-29 18:43:31,536 INFO c.h.h.t.HelmChartContainer - [EVENT] Warning [Unhealthy] Readiness probe failed: HTTP probe failed with statuscode: 503 [helmmqttit:test-hivemq-platform-0]
2025-01-29 18:43:31,536 INFO c.h.h.t.HelmChartContainer - Received Unhealthy event for container hivemq in pod test-hivemq-platform-0 [52056131-70ec-450f-98e5-2592ab004293]
2025-01-29 18:43:32,122 INFO c.h.h.t.HelmChartContainer - [K3S] [authentication.go:74] "Unable to authenticate the request" err="[invalid bearer token, serviceaccounts \"hivemq-platform-pod-test-hivemq-platform\" not found]"
2025-01-29 18:43:32,218 INFO c.h.h.t.HelmChartContainer - [K3S] [authentication.go:74] "Unable to authenticate the request" err="[invalid bearer token, serviceaccounts \"hivemq-platform-pod-test-hivemq-platform\" not found]"
2025-01-29 18:43:32,220 INFO c.h.h.t.HelmChartContainer - [test-hivemq-platform] [hivemq] [52056131] WARN  - [HiveMQ Platform Operator Init App 1.7.0-SNAPSHOT] Could not update Pod annotations: Failure executing: GET at: https://10.43.0.1:443/api/v1/namespaces/helmmqttit/pods/test-hivemq-platform-0. Message: Unauthorized. Received status: Status(apiVersion=v1, code=401, details=null, kind=Status, message=Unauthorized, metadata=ListMeta(_continue=null, remainingItemCount=null, resourceVersion=null, selfLink=null, additionalProperties={}), reason=Unauthorized, status=Failure, additionalProperties={}).
2025-01-29 18:43:32,418 INFO c.h.h.t.HelmChartContainer - [test-hivemq-platform] [hivemq] [52056131] INFO  - Shutdown completed.
2025-01-29 18:43:32,765 INFO c.h.h.t.HelmChartContainer - [test-hivemq-platform] [hivemq] [52056131] INFO  - [HiveMQ Platform Operator Init App 1.7.0-SNAPSHOT] The HiveMQ Platform exited with code 143
2025-01-29 18:43:32,765 INFO c.h.h.t.HelmChartContainer - [test-hivemq-platform] [hivemq] [52056131] INFO  - [HiveMQ Platform Operator Init App 1.7.0-SNAPSHOT] Stopping the REST API
2025-01-29 18:43:32,771 INFO c.h.h.t.HelmChartContainer - [test-hivemq-platform] [hivemq] [52056131] INFO  - [HiveMQ Platform Operator Init App 1.7.0-SNAPSHOT] Shutdown complete
2025-01-29 18:43:33,216 INFO c.h.h.t.HelmChartContainer - [POD] test-hivemq-platform-0 [52056131-70ec-450f-98e5-2592ab004293] in helmmqttit was MODIFIED
2025-01-29 18:43:33,219 INFO c.h.h.t.HelmChartContainer - [K3S] [stateful_set.go:438] "Unhandled Error" err="error syncing StatefulSet helmmqttit/test-hivemq-platform, requeuing: controllerrevisions.apps \"test-hivemq-platform-7bbc5894fb\" is forbidden: unable to create new content in namespace helmmqttit because it is being terminated"
2025-01-29 18:43:33,226 INFO c.h.h.t.HelmChartContainer - [K3S] [stateful_set.go:438] "Unhandled Error" err="error syncing StatefulSet helmmqttit/test-hivemq-platform, requeuing: controllerrevisions.apps \"test-hivemq-platform-7bbc5894fb\" is forbidden: unable to create new content in namespace helmmqttit because it is being terminated"
2025-01-29 18:43:33,239 INFO c.h.h.t.HelmChartContainer - [K3S] [stateful_set.go:438] "Unhandled Error" err="error syncing StatefulSet helmmqttit/test-hivemq-platform, requeuing: controllerrevisions.apps \"test-hivemq-platform-7bbc5894fb\" is forbidden: unable to create new content in namespace helmmqttit because it is being terminated"
2025-01-29 18:43:33,250 INFO c.h.h.t.HelmChartContainer - [K3S] [reconciler_common.go:162] "operationExecutor.UnmountVolume started for volume \"pod-info\" (UniqueName: \"kubernetes.io/configmap/52056131-70ec-450f-98e5-2592ab004293-pod-info\") pod \"52056131-70ec-450f-98e5-2592ab004293\" (UID: \"52056131-70ec-450f-98e5-2592ab004293\") "
2025-01-29 18:43:33,250 INFO c.h.h.t.HelmChartContainer - [K3S] [reconciler_common.go:162] "operationExecutor.UnmountVolume started for volume \"operator-init\" (UniqueName: \"kubernetes.io/empty-dir/52056131-70ec-450f-98e5-2592ab004293-operator-init\") pod \"52056131-70ec-450f-98e5-2592ab004293\" (UID: \"52056131-70ec-450f-98e5-2592ab004293\") "
2025-01-29 18:43:33,250 INFO c.h.h.t.HelmChartContainer - [K3S] [reconciler_common.go:162] "operationExecutor.UnmountVolume started for volume \"broker-configuration\" (UniqueName: \"kubernetes.io/configmap/52056131-70ec-450f-98e5-2592ab004293-broker-configuration\") pod \"52056131-70ec-450f-98e5-2592ab004293\" (UID: \"52056131-70ec-450f-98e5-2592ab004293\") "
2025-01-29 18:43:33,250 INFO c.h.h.t.HelmChartContainer - [K3S] [reconciler_common.go:162] "operationExecutor.UnmountVolume started for volume \"kube-api-access-q7jkx\" (UniqueName: \"kubernetes.io/projected/52056131-70ec-450f-98e5-2592ab004293-kube-api-access-q7jkx\") pod \"52056131-70ec-450f-98e5-2592ab004293\" (UID: \"52056131-70ec-450f-98e5-2592ab004293\") "
2025-01-29 18:43:33,263 INFO c.h.h.t.HelmChartContainer - [K3S] [stateful_set.go:438] "Unhandled Error" err="error syncing StatefulSet helmmqttit/test-hivemq-platform, requeuing: controllerrevisions.apps \"test-hivemq-platform-7bbc5894fb\" is forbidden: unable to create new content in namespace helmmqttit because it is being terminated"
2025-01-29 18:43:33,306 INFO c.h.h.t.HelmChartContainer - [K3S] [stateful_set.go:438] "Unhandled Error" err="error syncing StatefulSet helmmqttit/test-hivemq-platform, requeuing: controllerrevisions.apps \"test-hivemq-platform-7bbc5894fb\" is forbidden: unable to create new content in namespace helmmqttit because it is being terminated"
2025-01-29 18:43:33,350 INFO c.h.h.t.HelmChartContainer - [K3S] [reconciler_common.go:299] "Volume detached for volume \"operator-init\" (UniqueName: \"kubernetes.io/empty-dir/52056131-70ec-450f-98e5-2592ab004293-operator-init\") on node \"6206d5544d57\" DevicePath \"\""
2025-01-29 18:43:33,350 INFO c.h.h.t.HelmChartContainer - [K3S] [reconciler_common.go:299] "Volume detached for volume \"pod-info\" (UniqueName: \"kubernetes.io/configmap/52056131-70ec-450f-98e5-2592ab004293-pod-info\") on node \"6206d5544d57\" DevicePath \"\""
2025-01-29 18:43:33,351 INFO c.h.h.t.HelmChartContainer - [K3S] [reconciler_common.go:299] "Volume detached for volume \"broker-configuration\" (UniqueName: \"kubernetes.io/configmap/52056131-70ec-450f-98e5-2592ab004293-broker-configuration\") on node \"6206d5544d57\" DevicePath \"\""
2025-01-29 18:43:33,351 INFO c.h.h.t.HelmChartContainer - [K3S] [reconciler_common.go:299] "Volume detached for volume \"kube-api-access-q7jkx\" (UniqueName: \"kubernetes.io/projected/52056131-70ec-450f-98e5-2592ab004293-kube-api-access-q7jkx\") on node \"6206d5544d57\" DevicePath \"\""
2025-01-29 18:43:33,389 INFO c.h.h.t.HelmChartContainer - [K3S] [stateful_set.go:438] "Unhandled Error" err="error syncing StatefulSet helmmqttit/test-hivemq-platform, requeuing: controllerrevisions.apps \"test-hivemq-platform-7bbc5894fb\" is forbidden: unable to create new content in namespace helmmqttit because it is being terminated"
2025-01-29 18:43:33,552 INFO c.h.h.t.HelmChartContainer - [K3S] [stateful_set.go:438] "Unhandled Error" err="error syncing StatefulSet helmmqttit/test-hivemq-platform, requeuing: controllerrevisions.apps \"test-hivemq-platform-7bbc5894fb\" is forbidden: unable to create new content in namespace helmmqttit because it is being terminated"
2025-01-29 18:43:33,744 INFO c.h.h.t.HelmChartContainer - [K3S] [scope.go:117] "RemoveContainer" containerID="693b3baa630044991d5a022249d5a3ecbb41b5c4df900bf06979a651e630b698"
2025-01-29 18:43:33,760 INFO c.h.h.t.HelmChartContainer - [K3S] [stateful_set.go:438] "Unhandled Error" err="error syncing StatefulSet helmmqttit/test-hivemq-platform, requeuing: controllerrevisions.apps \"test-hivemq-platform-7bbc5894fb\" is forbidden: unable to create new content in namespace helmmqttit because it is being terminated"
2025-01-29 18:43:33,772 INFO c.h.h.t.HelmChartContainer - [POD] test-hivemq-platform-0 [52056131-70ec-450f-98e5-2592ab004293] in helmmqttit was MODIFIED
2025-01-29 18:43:33,773 INFO c.h.h.t.HelmChartContainer - [POD] test-hivemq-platform-0 [52056131-70ec-450f-98e5-2592ab004293] in helmmqttit was DELETED
2025-01-29 18:43:33,773 INFO c.h.h.t.HelmChartContainer - [K3S] [stateful_set.go:438] "Unhandled Error" err="error syncing StatefulSet helmmqttit/test-hivemq-platform, requeuing: controllerrevisions.apps \"test-hivemq-platform-7bbc5894fb\" is forbidden: unable to create new content in namespace helmmqttit because it is being terminated"
2025-01-29 18:43:33,776 INFO c.h.h.t.HelmChartContainer - [K3S] [stateful_set.go:466] "StatefulSet has been deleted" key="helmmqttit/test-hivemq-platform"
2025-01-29 18:43:33,860 INFO c.h.h.t.HelmChartContainer - [K3S] [scope.go:117] "RemoveContainer" containerID="95f9f3c29632c1af718d6705149b157c2ab3971c398cf3f18913405ec95afec6"
2025-01-29 18:43:33,863 INFO c.h.h.t.HelmChartContainer - [K3S] [scope.go:117] "RemoveContainer" containerID="693b3baa630044991d5a022249d5a3ecbb41b5c4df900bf06979a651e630b698"
2025-01-29 18:43:33,864 INFO c.h.h.t.HelmChartContainer - [K3S] [scope.go:117] "RemoveContainer" containerID="95f9f3c29632c1af718d6705149b157c2ab3971c398cf3f18913405ec95afec6"
2025-01-29 18:43:33,873 INFO c.h.h.t.HelmChartContainer - [K3S] [stateful_set.go:466] "StatefulSet has been deleted" key="helmmqttit/test-hivemq-platform"
2025-01-29 18:43:34,023 INFO c.h.h.t.HelmChartContainer - Namespace 'helmmqttit' deleted
2025-01-29 18:43:34,023 INFO c.h.h.t.HelmChartContainer - Release 'test-hivemq-platform' in namespace 'helmmqttit' is uninstalled
2025-01-29 18:43:34,023 INFO c.h.h.t.HelmChartContainer - Uninstalling release 'test-hivemq-platform-operator' in namespace 'helmmqttit-operator'...
2025-01-29 18:43:34,023 DEBUG c.h.h.t.HelmChartContainer - Executing helm command: /bin/helm --kubeconfig /etc/rancher/k3s/k3s.yaml uninstall test-hivemq-platform-operator  --wait --timeout 5m0s --cascade foreground --namespace helmmqttit-operator
2025-01-29 18:43:34,082 INFO c.h.h.t.HelmChartContainer - [K3S] [kubelet_volumes.go:163] "Cleaned up orphaned pod volumes dir" podUID="52056131-70ec-450f-98e5-2592ab004293" path="/var/lib/kubelet/pods/52056131-70ec-450f-98e5-2592ab004293/volumes"
2025-01-29 18:43:34,202 INFO c.h.h.t.HelmChartContainer - [K3S] [replica_set.go:679] "Finished syncing" kind="ReplicaSet" key="helmmqttit-operator/hivemq-test-hivemq-platform-operator-6966f96d65" duration="5.569773ms"
2025-01-29 18:43:34,202 INFO c.h.h.t.HelmChartContainer - [K3S] [replica_set.go:679] "Finished syncing" kind="ReplicaSet" key="helmmqttit-operator/hivemq-test-hivemq-platform-operator-6966f96d65" duration="31.589µs"
2025-01-29 18:43:34,219 INFO c.h.h.t.HelmChartContainer - [POD] hivemq-test-hivemq-platform-operator-6966f96d65-b6h96 [1e539c36-7445-48de-b248-a316e46b620e] in helmmqttit-operator was MODIFIED
2025-01-29 18:43:34,228 INFO c.h.h.t.HelmChartContainer - [K3S] [replica_set.go:679] "Finished syncing" kind="ReplicaSet" key="helmmqttit-operator/hivemq-test-hivemq-platform-operator-6966f96d65" duration="10.302735ms"
2025-01-29 18:43:34,228 INFO c.h.h.t.HelmChartContainer - [K3S] [replica_set.go:679] "Finished syncing" kind="ReplicaSet" key="helmmqttit-operator/hivemq-test-hivemq-platform-operator-6966f96d65" duration="41.247µs"
2025-01-29 18:43:34,229 INFO c.h.h.t.HelmChartContainer - [EVENT] Normal [Killing] Stopping container hivemq-platform-operator [helmmqttit-operator:hivemq-test-hivemq-platform-operator-6966f96d65-b6h96]
2025-01-29 18:43:34,230 INFO c.h.h.t.HelmChartContainer - Received Killing event for container hivemq-platform-operator in pod hivemq-test-hivemq-platform-operator-6966f96d65-b6h96 [1e539c36-7445-48de-b248-a316e46b620e]
2025-01-29 18:43:34,230 INFO c.h.h.t.HelmChartContainer - Container [hivemq-test-hivemq-platform-operator-6966f96d65-b6h96] [hivemq-platform-operator] [1e539c36-7445-48de-b248-a316e46b620e] was terminated
2025-01-29 18:43:34,230 INFO c.h.h.t.HelmChartContainer - Stopped log watcher for hivemq-platform-operator in pod hivemq-test-hivemq-platform-operator-6966f96d65-b6h96 [1e539c36-7445-48de-b248-a316e46b620e]
2025-01-29 18:43:34,233 INFO c.h.h.t.HelmChartContainer - [hivemq-test-hivemq-platform] [hivemq-platform-operator] [1e539c36] 18:43:34.232 [application-shutdown-thread] INFO  c.h.p.o.HiveMQPlatformOperatorApplication - HiveMQ Platform Operator is stopping...
2025-01-29 18:43:34,233 INFO c.h.h.t.HelmChartContainer - [hivemq-test-hivemq-platform] [hivemq-platform-operator] [1e539c36] 18:43:34.232 [application-shutdown-thread] INFO  i.javaoperatorsdk.operator.Operator - Operator SDK 4.9.7 is shutting down...
2025-01-29 18:43:34,828 INFO c.h.h.t.HelmChartContainer - [K3S] [replica_set.go:679] "Finished syncing" kind="ReplicaSet" key="helmmqttit-operator/hivemq-test-hivemq-platform-operator-6966f96d65" duration="40.286µs"
2025-01-29 18:43:34,829 INFO c.h.h.t.HelmChartContainer - [POD] hivemq-test-hivemq-platform-operator-6966f96d65-b6h96 [1e539c36-7445-48de-b248-a316e46b620e] in helmmqttit-operator was MODIFIED
2025-01-29 18:43:34,959 INFO c.h.h.t.HelmChartContainer - [K3S] [reconciler_common.go:162] "operationExecutor.UnmountVolume started for volume \"kube-api-access-cfhzl\" (UniqueName: \"kubernetes.io/projected/1e539c36-7445-48de-b248-a316e46b620e-kube-api-access-cfhzl\") pod \"1e539c36-7445-48de-b248-a316e46b620e\" (UID: \"1e539c36-7445-48de-b248-a316e46b620e\") "
2025-01-29 18:43:35,060 INFO c.h.h.t.HelmChartContainer - [K3S] [reconciler_common.go:299] "Volume detached for volume \"kube-api-access-cfhzl\" (UniqueName: \"kubernetes.io/projected/1e539c36-7445-48de-b248-a316e46b620e-kube-api-access-cfhzl\") on node \"6206d5544d57\" DevicePath \"\""
2025-01-29 18:43:35,750 INFO c.h.h.t.HelmChartContainer - [K3S] [scope.go:117] "RemoveContainer" containerID="98f90a6a009ba595d86d1eb9c4cbe155b40383ba459b40f904bf3f403d91c2c4"
2025-01-29 18:43:35,753 INFO c.h.h.t.HelmChartContainer - [K3S] [scope.go:117] "RemoveContainer" containerID="98f90a6a009ba595d86d1eb9c4cbe155b40383ba459b40f904bf3f403d91c2c4"
2025-01-29 18:43:35,761 INFO c.h.h.t.HelmChartContainer - [K3S] [replica_set.go:679] "Finished syncing" kind="ReplicaSet" key="helmmqttit-operator/hivemq-test-hivemq-platform-operator-6966f96d65" duration="45.575µs"
2025-01-29 18:43:35,762 INFO c.h.h.t.HelmChartContainer - [POD] hivemq-test-hivemq-platform-operator-6966f96d65-b6h96 [1e539c36-7445-48de-b248-a316e46b620e] in helmmqttit-operator was MODIFIED
2025-01-29 18:43:35,764 INFO c.h.h.t.HelmChartContainer - [POD] hivemq-test-hivemq-platform-operator-6966f96d65-b6h96 [1e539c36-7445-48de-b248-a316e46b620e] in helmmqttit-operator was DELETED
2025-01-29 18:43:35,764 INFO c.h.h.t.HelmChartContainer - [K3S] [replica_set.go:679] "Finished syncing" kind="ReplicaSet" key="helmmqttit-operator/hivemq-test-hivemq-platform-operator-6966f96d65" duration="35.396µs"
2025-01-29 18:43:35,782 INFO c.h.h.t.HelmChartContainer - [K3S] [replica_set.go:679] "Finished syncing" kind="ReplicaSet" key="helmmqttit-operator/hivemq-test-hivemq-platform-operator-6966f96d65" duration="75.472µs"
2025-01-29 18:43:36,083 INFO c.h.h.t.HelmChartContainer - [K3S] [kubelet_volumes.go:163] "Cleaned up orphaned pod volumes dir" podUID="1e539c36-7445-48de-b248-a316e46b620e" path="/var/lib/kubelet/pods/1e539c36-7445-48de-b248-a316e46b620e/volumes"
2025-01-29 18:43:36,240 INFO c.h.h.t.HelmChartContainer - Deleting namespace 'helmmqttit-operator'...
2025-01-29 18:43:38,951 INFO c.h.h.t.HelmChartContainer - [K3S] [namespace_controller.go:187] "Namespace has been deleted" namespace="helmmqttit"
2025-01-29 18:43:41,457 INFO c.h.h.t.HelmChartContainer - Namespace 'helmmqttit-operator' deleted
2025-01-29 18:43:41,457 INFO c.h.h.t.HelmChartContainer - Release 'test-hivemq-platform-operator' in namespace 'helmmqttit-operator' is uninstalled
2025-01-29 18:43:42,024 INFO c.h.helmcharts.AbstractHelmChartIT - Removed unused containers:

2025-01-29 18:43:46,364 INFO c.h.h.t.HelmChartContainer - [K3S] [namespace_controller.go:187] "Namespace has been deleted" namespace="helmmqttit-operator"
2025-01-29 18:43:49,742 INFO c.h.helmcharts.AbstractHelmChartIT - Removed unused snapshots:
Removing snapshot sha256:03af251906410714c5aef9fa705b63f6bbc39c4a5e787de7361eeb18886c2ed2
Removing snapshot sha256:0c46b3b43cce082ce5ec34ffc6c294e0417d17b9d1e6f366d114b6aadc4f96dc
Removing snapshot sha256:0ce761beee59082d6ed5bcebd3a805b8ddd9b3426b617e4809e7fb7c6587ffec
Removing snapshot sha256:0df91287303208332c8ff6ba40ae4710105201739addbfbddfb955f1ad593664
Removing snapshot sha256:1021ef88c7974bfff89c5a0ec4fd3160daac6c48a075f74cff721f85dd104e68
Removing snapshot sha256:10aba4953ddc18145dd38e3704709bc464aa20af60b56fe52caaff4b68411e62
Removing snapshot sha256:2573e0d8158209ed54ab25c87bcdcb00bd3d2539246960a3d592a1c599d70465
Removing snapshot sha256:362a8a37f8bbc31925a8146adcf7cf51f9882f5c1dcbef67c5baa03a297543c0
Removing snapshot sha256:3fa4ad33f0ddc8fd45b39b6b4640f82a3a83619606cd975bfe89d8710ad2d4cd
Removing snapshot sha256:43a7c979bbaba6838bc3102d6b10a1459f3ab050b87ccdfef84ef90cf43d3058
Removing snapshot sha256:4ab04491cdf0d3267f08206fe30bd48f49f94b9cab2f016d6739220f722a64af
Removing snapshot sha256:4b6068250e89c96f263060261819c7d912855bfbd64b3eb4c4a8483299b8c295
Removing snapshot sha256:580e69a0a8034ede1921139bbd2bfb72a69ebf276d008281896c32dd8bf74775
Removing snapshot sha256:5d30ba46b27fe37484567ccc5242cadc78217b8da605f3f195ef25cbf7487904
Removing snapshot sha256:63ca1fbb43ae5034640e5e6cb3e083e05c290072c5366fcaa9d62435a4cced85
Removing snapshot sha256:67f702c6baae873bceb19487c8b1f27bd2b86077e4f2f0e480e6d60ab508b8f5
Removing snapshot sha256:6864348dd42806d552efdec384f1274be15e2d0c10ce44c1f04347af004c10a9
Removing snapshot sha256:6c7dee8f2c39b84b7dc2711c01d33de93514d9055499173e9290176fbe484b6c
Removing snapshot sha256:82753493a6d61ded36556292f02f31841a14c20d2f279f19eaad65afb661d5cd
Removing snapshot sha256:8a10d3db42c505ee0fcfa98417bdd7e39b304f6bcc0a06bb1b220797ff2cc63c
Removing snapshot sha256:a0904247e36a7726c03c71ee48f3e64462021c88dafeb13f37fdaf613b27f11c
Removing snapshot sha256:a21e5b12dbac529ad45d976eb9ce45c881f3bedcc500fb30aba1e52aa1813418
Removing snapshot sha256:b6717edd394cbd644ebfedbff7559480325c54ef9bd4ddbf0635f8cc187f6fb7
Removing snapshot sha256:b921e6c28969094157f9b8e7244677780319637afd14450b7cb6b2fdea558a0c
Removing snapshot sha256:bc27ecb5769a00e309cf99ebc763c4a4b958b618d1decc96ffac5bc05f02f5b7
Removing snapshot sha256:bc28d23beab104ae989d291427a2847108c51f00423e69987eddc7e24e868730
Removing snapshot sha256:be3ccb6627a5332e309d45ef461d09b4879dd870c7394d89323d0ebc6ca6aa8a
Removing snapshot sha256:c261f7cbbc64211ee175ee47273acdb7b1a36a4450b397a064a8f2c026490095
Removing snapshot sha256:c34d9393647eea0c9e3557ab988efaf59f61d10a2a5613b439ef0958cca5ec10
Removing snapshot sha256:ccf3c4a0fa967a41c1c83497a2ce6fa5787965859df0adb32c4ca2cf7490bc2b
Removing snapshot sha256:cf92d33f869417309692088c341cd0f223c178ea78a125f757317b22aa8f90e9
Removing snapshot sha256:d0037344cf2fb078884f1849f6a1f8cf9a33a3b6139b6a85833e5ee528e1f9a8
Removing snapshot sha256:d3b36d5b79273b1e98e7700470eaeff05a882e777124d84cebcc1505b85ecb36
Removing snapshot sha256:d65a44a37914602d12c611e5e22a50f11451d847e63015cc1c2aef92dee777a4
Removing snapshot sha256:e2dc0bae2455930f23ae570e019b7f32edc75c0f2d71cab084db837ff9051796
Removing snapshot sha256:eccbd24a99c60cd9e86ee5305dbfc4a4dc89f5ab4fb1f06c8d64797cecedef34
Removing snapshot sha256:f144bb4c7c7f0d2aa7eeffd36d934ec40db1ee167be727e326aad9fdc616f475

]]></system-out>
  </testcase>
  <testcase name="platformChart_whenMqttEnabled_thenSendsReceivesMessage()" classname="com.hivemq.helmcharts.services.HelmMqttIT" time="103.975">
    <system-out><![CDATA[2025-01-29 18:43:49,743 INFO c.h.h.t.HelmChartContainer - Creating namespace 'helmmqttit-operator'...
2025-01-29 18:43:49,748 INFO c.h.h.t.HelmChartContainer - Namespace 'helmmqttit-operator' created
2025-01-29 18:43:49,748 INFO c.h.h.t.HelmChartContainer - Creating namespace 'helmmqttit'...
2025-01-29 18:43:49,757 INFO c.h.h.t.HelmChartContainer - Namespace 'helmmqttit' created
2025-01-29 18:43:49,820 DEBUG c.h.h.t.HelmChartContainer - Executing helm command: /bin/helm --kubeconfig /etc/rancher/k3s/k3s.yaml install test-hivemq-platform-operator /charts/hivemq-platform-operator --wait --timeout 5m0s --set image.repository=docker.io/hivemq --set image.name=hivemq-platform-operator-test --set image.initImageName=hivemq-platform-operator-init-test --set image.tag=snapshot --set image.pullPolicy=Never --set logLevel=DEBUG --set resources.cpu=512m --namespace helmmqttit-operator
2025-01-29 18:43:50,149 INFO c.h.h.t.HelmChartContainer - [K3S] [alloc.go:330] "allocated clusterIPs" service="helmmqttit-operator/hivemq-platform-operator-test-hivemq-platform-operator" clusterIPs={"IPv4":"10.43.166.34"}
2025-01-29 18:43:50,169 INFO c.h.h.t.HelmChartContainer - [EVENT] Normal [ScalingReplicaSet] Scaled up replica set hivemq-test-hivemq-platform-operator-6966f96d65 from 0 to 1 [helmmqttit-operator:hivemq-test-hivemq-platform-operator]
2025-01-29 18:43:50,174 INFO c.h.h.t.HelmChartContainer - [POD] hivemq-test-hivemq-platform-operator-6966f96d65-hqvv4 [abd7b85e-0e47-42d1-8b78-2e05bc6fc377] in helmmqttit-operator was ADDED
2025-01-29 18:43:50,181 INFO c.h.h.t.HelmChartContainer - [POD] hivemq-test-hivemq-platform-operator-6966f96d65-hqvv4 [abd7b85e-0e47-42d1-8b78-2e05bc6fc377] in helmmqttit-operator was MODIFIED
2025-01-29 18:43:50,182 INFO c.h.h.t.HelmChartContainer - [K3S] [memory_manager.go:355] "RemoveStaleState removing state" podUID="1e539c36-7445-48de-b248-a316e46b620e" containerName="hivemq-platform-operator"
2025-01-29 18:43:50,182 INFO c.h.h.t.HelmChartContainer - [K3S] [memory_manager.go:355] "RemoveStaleState removing state" podUID="52056131-70ec-450f-98e5-2592ab004293" containerName="hivemq"
2025-01-29 18:43:50,188 INFO c.h.h.t.HelmChartContainer - [EVENT] Normal [SuccessfulCreate] Created pod: hivemq-test-hivemq-platform-operator-6966f96d65-hqvv4 [helmmqttit-operator:hivemq-test-hivemq-platform-operator-6966f96d65]
2025-01-29 18:43:50,189 INFO c.h.h.t.HelmChartContainer - [K3S] [replica_set.go:679] "Finished syncing" kind="ReplicaSet" key="helmmqttit-operator/hivemq-test-hivemq-platform-operator-6966f96d65" duration="25.612251ms"
2025-01-29 18:43:50,192 INFO c.h.h.t.HelmChartContainer - [EVENT] Normal [Scheduled] Successfully assigned helmmqttit-operator/hivemq-test-hivemq-platform-operator-6966f96d65-hqvv4 to 6206d5544d57 [helmmqttit-operator:hivemq-test-hivemq-platform-operator-6966f96d65-hqvv4]
2025-01-29 18:43:50,196 INFO c.h.h.t.HelmChartContainer - [K3S] [replica_set.go:679] "Finished syncing" kind="ReplicaSet" key="helmmqttit-operator/hivemq-test-hivemq-platform-operator-6966f96d65" duration="7.273207ms"
2025-01-29 18:43:50,197 INFO c.h.h.t.HelmChartContainer - [K3S] [replica_set.go:679] "Finished syncing" kind="ReplicaSet" key="helmmqttit-operator/hivemq-test-hivemq-platform-operator-6966f96d65" duration="47.018µs"
2025-01-29 18:43:50,200 INFO c.h.h.t.HelmChartContainer - [POD] hivemq-test-hivemq-platform-operator-6966f96d65-hqvv4 [abd7b85e-0e47-42d1-8b78-2e05bc6fc377] in helmmqttit-operator was MODIFIED
2025-01-29 18:43:50,200 INFO c.h.h.t.HelmChartContainer - [K3S] [replica_set.go:679] "Finished syncing" kind="ReplicaSet" key="helmmqttit-operator/hivemq-test-hivemq-platform-operator-6966f96d65" duration="31.71µs"
2025-01-29 18:43:50,245 INFO c.h.h.t.HelmChartContainer - [K3S] [reconciler_common.go:251] "operationExecutor.VerifyControllerAttachedVolume started for volume \"kube-api-access-2plqt\" (UniqueName: \"kubernetes.io/projected/abd7b85e-0e47-42d1-8b78-2e05bc6fc377-kube-api-access-2plqt\") pod \"hivemq-test-hivemq-platform-operator-6966f96d65-hqvv4\" (UID: \"abd7b85e-0e47-42d1-8b78-2e05bc6fc377\") " pod="helmmqttit-operator/hivemq-test-hivemq-platform-operator-6966f96d65-hqvv4"
2025-01-29 18:43:50,574 INFO c.h.h.t.HelmChartContainer - [EVENT] Normal [Pulled] Container image "docker.io/hivemq/hivemq-platform-operator-test:snapshot" already present on machine [helmmqttit-operator:hivemq-test-hivemq-platform-operator-6966f96d65-hqvv4]
2025-01-29 18:43:50,574 INFO c.h.h.t.HelmChartContainer - Received Pulled event for container hivemq-platform-operator in pod hivemq-test-hivemq-platform-operator-6966f96d65-hqvv4 [abd7b85e-0e47-42d1-8b78-2e05bc6fc377]
2025-01-29 18:43:51,810 INFO c.h.h.t.HelmChartContainer - [EVENT] Normal [Created] Created container: hivemq-platform-operator [helmmqttit-operator:hivemq-test-hivemq-platform-operator-6966f96d65-hqvv4]
2025-01-29 18:43:51,810 INFO c.h.h.t.HelmChartContainer - Received Created event for container hivemq-platform-operator in pod hivemq-test-hivemq-platform-operator-6966f96d65-hqvv4 [abd7b85e-0e47-42d1-8b78-2e05bc6fc377]
2025-01-29 18:43:52,787 INFO c.h.h.t.HelmChartContainer - [K3S] [replica_set.go:679] "Finished syncing" kind="ReplicaSet" key="helmmqttit-operator/hivemq-test-hivemq-platform-operator-6966f96d65" duration="42.66µs"
2025-01-29 18:43:52,788 INFO c.h.h.t.HelmChartContainer - [POD] hivemq-test-hivemq-platform-operator-6966f96d65-hqvv4 [abd7b85e-0e47-42d1-8b78-2e05bc6fc377] in helmmqttit-operator was MODIFIED
2025-01-29 18:43:52,796 INFO c.h.h.t.HelmChartContainer - [EVENT] Normal [Started] Started container hivemq-platform-operator [helmmqttit-operator:hivemq-test-hivemq-platform-operator-6966f96d65-hqvv4]
2025-01-29 18:43:52,797 INFO c.h.h.t.HelmChartContainer - Received Started event for container hivemq-platform-operator in pod hivemq-test-hivemq-platform-operator-6966f96d65-hqvv4 [abd7b85e-0e47-42d1-8b78-2e05bc6fc377]
2025-01-29 18:43:52,797 INFO c.h.h.t.HelmChartContainer - Started log watcher for hivemq-platform-operator in pod hivemq-test-hivemq-platform-operator-6966f96d65-hqvv4 [abd7b85e-0e47-42d1-8b78-2e05bc6fc377]
2025-01-29 18:43:52,797 INFO c.h.h.t.HelmChartContainer - [hivemq-test-hivemq-platform] [hivemq-platform-operator] [abd7b85e] -------------------------------------------------------------------------
2025-01-29 18:43:52,797 INFO c.h.h.t.HelmChartContainer - [hivemq-test-hivemq-platform] [hivemq-platform-operator] [abd7b85e] 
2025-01-29 18:43:52,797 INFO c.h.h.t.HelmChartContainer - [hivemq-test-hivemq-platform] [hivemq-platform-operator] [abd7b85e]                   _    _  _              __  __   ____
2025-01-29 18:43:52,797 INFO c.h.h.t.HelmChartContainer - [hivemq-test-hivemq-platform] [hivemq-platform-operator] [abd7b85e]                  | |  | |(_)            |  \/  | / __ \
2025-01-29 18:43:52,797 INFO c.h.h.t.HelmChartContainer - [hivemq-test-hivemq-platform] [hivemq-platform-operator] [abd7b85e]                  | |__| | _ __   __ ___ | \  / || |  | |
2025-01-29 18:43:52,797 INFO c.h.h.t.HelmChartContainer - [hivemq-test-hivemq-platform] [hivemq-platform-operator] [abd7b85e]                  |  __  || |\ \ / // _ \| |\/| || |  | |
2025-01-29 18:43:52,797 INFO c.h.h.t.HelmChartContainer - [hivemq-test-hivemq-platform] [hivemq-platform-operator] [abd7b85e]                  | |  | || | \ V /|  __/| |  | || |__| |
2025-01-29 18:43:52,797 INFO c.h.h.t.HelmChartContainer - [hivemq-test-hivemq-platform] [hivemq-platform-operator] [abd7b85e]                  |_|  |_||_|  \_/  \___||_|  |_| \___\_\
2025-01-29 18:43:52,797 INFO c.h.h.t.HelmChartContainer - [hivemq-test-hivemq-platform] [hivemq-platform-operator] [abd7b85e] 
2025-01-29 18:43:52,797 INFO c.h.h.t.HelmChartContainer - [hivemq-test-hivemq-platform] [hivemq-platform-operator] [abd7b85e] -------------------------------------------------------------------------
2025-01-29 18:43:52,797 INFO c.h.h.t.HelmChartContainer - [hivemq-test-hivemq-platform] [hivemq-platform-operator] [abd7b85e] 
2025-01-29 18:43:52,797 INFO c.h.h.t.HelmChartContainer - [hivemq-test-hivemq-platform] [hivemq-platform-operator] [abd7b85e]   HiveMQ Platform Operator Start Script v1.0
2025-01-29 18:43:52,797 INFO c.h.h.t.HelmChartContainer - [hivemq-test-hivemq-platform] [hivemq-platform-operator] [abd7b85e] 
2025-01-29 18:43:52,797 INFO c.h.h.t.HelmChartContainer - [hivemq-test-hivemq-platform] [hivemq-platform-operator] [abd7b85e] -------------------------------------------------------------------------
2025-01-29 18:43:52,797 INFO c.h.h.t.HelmChartContainer - [hivemq-test-hivemq-platform] [hivemq-platform-operator] [abd7b85e] 
2025-01-29 18:43:52,797 INFO c.h.h.t.HelmChartContainer - [hivemq-test-hivemq-platform] [hivemq-platform-operator] [abd7b85e]   JAVA_OPTS: -XX:+UnlockExperimentalVMOptions -XX:InitialRAMPercentage=75 -XX:MaxRAMPercentage=75 -Duser.language=en -Duser.region=US
2025-01-29 18:43:52,797 INFO c.h.h.t.HelmChartContainer - [hivemq-test-hivemq-platform] [hivemq-platform-operator] [abd7b85e] 
2025-01-29 18:43:52,797 INFO c.h.h.t.HelmChartContainer - [hivemq-test-hivemq-platform] [hivemq-platform-operator] [abd7b85e]   JAVA_VERSION: 21
2025-01-29 18:43:52,797 INFO c.h.h.t.HelmChartContainer - [hivemq-test-hivemq-platform] [hivemq-platform-operator] [abd7b85e] 
2025-01-29 18:43:52,797 INFO c.h.h.t.HelmChartContainer - [hivemq-test-hivemq-platform] [hivemq-platform-operator] [abd7b85e] -------------------------------------------------------------------------
2025-01-29 18:43:52,797 INFO c.h.h.t.HelmChartContainer - [hivemq-test-hivemq-platform] [hivemq-platform-operator] [abd7b85e] 
2025-01-29 18:43:55,149 INFO c.h.h.t.HelmChartContainer - [hivemq-test-hivemq-platform] [hivemq-platform-operator] [abd7b85e] 18:43:55.146 [main] DEBUG org.jboss.logging - Logging Provider: org.jboss.logging.Slf4jLoggerProvider
2025-01-29 18:43:55,253 INFO c.h.h.t.HelmChartContainer - [hivemq-test-hivemq-platform] [hivemq-platform-operator] [abd7b85e] 18:43:55.252 [main] DEBUG io.smallrye.config - SRCFG01006: Loaded ConfigSource SysPropConfigSource with ordinal 400
2025-01-29 18:43:55,253 INFO c.h.h.t.HelmChartContainer - [hivemq-test-hivemq-platform] [hivemq-platform-operator] [abd7b85e] 18:43:55.252 [main] DEBUG io.smallrye.config - SRCFG01006: Loaded ConfigSource EnvConfigSource with ordinal 300
2025-01-29 18:43:55,253 INFO c.h.h.t.HelmChartContainer - [hivemq-test-hivemq-platform] [hivemq-platform-operator] [abd7b85e] 18:43:55.252 [main] DEBUG io.smallrye.config - SRCFG01006: Loaded ConfigSource PropertiesConfigSource[source=jar:file:///opt/hivemq-platform-operator/bin/hivemq-platform-operator.jar!/hivemq-platform-operator.properties] with ordinal 100
2025-01-29 18:43:55,253 INFO c.h.h.t.HelmChartContainer - [hivemq-test-hivemq-platform] [hivemq-platform-operator] [abd7b85e] 18:43:55.252 [main] DEBUG io.smallrye.config - SRCFG01006: Loaded ConfigSource DefaultValuesConfigSource with ordinal -2147483648
2025-01-29 18:43:55,355 INFO c.h.h.t.HelmChartContainer - [hivemq-test-hivemq-platform] [hivemq-platform-operator] [abd7b85e] 18:43:55.354 [main] DEBUG i.m.c.u.i.l.InternalLoggerFactory - Using SLF4J as the default logging framework
2025-01-29 18:43:55,483 INFO c.h.h.t.HelmChartContainer - [hivemq-test-hivemq-platform] [hivemq-platform-operator] [abd7b85e] 18:43:55.454 [main] INFO  c.h.p.o.HiveMQPlatformOperatorApplication - HiveMQ Platform Operator 1.7.0-SNAPSHOT (commit: b1b9591 on branch: HEAD) built on Wed Jan 29 18:32:18 UTC 2025
2025-01-29 18:43:55,483 INFO c.h.h.t.HelmChartContainer - [hivemq-test-hivemq-platform] [hivemq-platform-operator] [abd7b85e] 18:43:55.482 [main] INFO  c.h.p.o.HiveMQPlatformOperatorApplication - HiveMQ Platform Operator is running in namespace: helmmqttit-operator
2025-01-29 18:43:55,483 INFO c.h.h.t.HelmChartContainer - [hivemq-test-hivemq-platform] [hivemq-platform-operator] [abd7b85e] 18:43:55.482 [main] INFO  c.h.p.o.HiveMQPlatformOperatorApplication - Watching all namespaces
2025-01-29 18:43:55,483 INFO c.h.h.t.HelmChartContainer - [hivemq-test-hivemq-platform] [hivemq-platform-operator] [abd7b85e] 18:43:55.482 [main] INFO  c.h.p.o.HiveMQPlatformOperatorApplication - Log level: DEBUG
2025-01-29 18:43:55,483 INFO c.h.h.t.HelmChartContainer - [hivemq-test-hivemq-platform] [hivemq-platform-operator] [abd7b85e] 18:43:55.482 [main] INFO  c.h.p.o.HiveMQPlatformOperatorApplication - Release name: test-hivemq-platform-operator
2025-01-29 18:43:55,483 INFO c.h.h.t.HelmChartContainer - [hivemq-test-hivemq-platform] [hivemq-platform-operator] [abd7b85e] 18:43:55.482 [main] INFO  c.h.p.o.HiveMQPlatformOperatorApplication - HiveMQ Platform Operator Init image: docker.io/hivemq/hivemq-platform-operator-init-test:snapshot
2025-01-29 18:43:55,484 INFO c.h.h.t.HelmChartContainer - [hivemq-test-hivemq-platform] [hivemq-platform-operator] [abd7b85e] 18:43:55.483 [main] INFO  c.h.p.o.HiveMQPlatformOperatorApplication - HiveMQ Platform Operator Init App update URL: http://hivemq-platform-operator-test-hivemq-platform-operator.helmmqttit-operator.svc:8080/initAppUpdate/hivemq-platform-operator-init-app-1.7.0-SNAPSHOT.jar
2025-01-29 18:43:55,484 INFO c.h.h.t.HelmChartContainer - [hivemq-test-hivemq-platform] [hivemq-platform-operator] [abd7b85e] 18:43:55.483 [main] INFO  c.h.p.o.HiveMQPlatformOperatorApplication - Additional imagePullSecret for all Platform deployments: none
2025-01-29 18:43:55,484 INFO c.h.h.t.HelmChartContainer - [hivemq-test-hivemq-platform] [hivemq-platform-operator] [abd7b85e] 18:43:55.483 [main] INFO  c.h.p.o.HiveMQPlatformOperatorApplication - Apply HiveMQ Platform CRD: true
2025-01-29 18:43:55,484 INFO c.h.h.t.HelmChartContainer - [hivemq-test-hivemq-platform] [hivemq-platform-operator] [abd7b85e] 18:43:55.483 [main] INFO  c.h.p.o.HiveMQPlatformOperatorApplication - Create Platform ServiceAccount: true
2025-01-29 18:43:55,484 INFO c.h.h.t.HelmChartContainer - [hivemq-test-hivemq-platform] [hivemq-platform-operator] [abd7b85e] 18:43:55.483 [main] INFO  c.h.p.o.HiveMQPlatformOperatorApplication - Create Platform ServiceAccount permissions: true
2025-01-29 18:43:55,543 INFO c.h.h.t.HelmChartContainer - [hivemq-test-hivemq-platform] [hivemq-platform-operator] [abd7b85e] 18:43:55.542 [main] INFO  c.h.p.o.HiveMQPlatformOperatorApplication - Validate Platform ServiceAccount: true
2025-01-29 18:43:55,543 INFO c.h.h.t.HelmChartContainer - [hivemq-test-hivemq-platform] [hivemq-platform-operator] [abd7b85e] 18:43:55.542 [main] INFO  c.h.p.o.HiveMQPlatformOperatorApplication - Validate Platform ServiceAccount permissions: true
2025-01-29 18:43:55,660 INFO c.h.h.t.HelmChartContainer - [hivemq-test-hivemq-platform] [hivemq-platform-operator] [abd7b85e] 18:43:55.659 [main] INFO  c.h.platform.operator.util.CRDUtil - Verifying deployed HiveMQ Platform CRD...
2025-01-29 18:43:58,056 INFO c.h.h.t.HelmChartContainer - [hivemq-test-hivemq-platform] [hivemq-platform-operator] [abd7b85e] 18:43:58.054 [main] DEBUG c.h.platform.operator.util.CRDUtil - HiveMQ Platform CRD version v1 is up to date
2025-01-29 18:43:58,056 INFO c.h.h.t.HelmChartContainer - [hivemq-test-hivemq-platform] [hivemq-platform-operator] [abd7b85e] 18:43:58.055 [main] INFO  c.h.platform.operator.util.CRDUtil - HiveMQ Platform CRD is up to date (version: V1_6_0)
2025-01-29 18:43:58,056 INFO c.h.h.t.HelmChartContainer - [hivemq-test-hivemq-platform] [hivemq-platform-operator] [abd7b85e] 18:43:58.055 [main] INFO  c.h.platform.operator.util.CRDUtil - Waiting 10000 ms for HiveMQ Platform CRD 'hivemq-platforms.hivemq.com' to become ready...
2025-01-29 18:43:58,383 INFO c.h.h.t.HelmChartContainer - [hivemq-test-hivemq-platform] [hivemq-platform-operator] [abd7b85e] 18:43:58.382 [vert.x-eventloop-thread-1] DEBUG c.h.platform.operator.util.CRDUtil - Checking CRD condition 'NamesAccepted' (status: 'True')
2025-01-29 18:43:58,383 INFO c.h.h.t.HelmChartContainer - [hivemq-test-hivemq-platform] [hivemq-platform-operator] [abd7b85e] 18:43:58.382 [vert.x-eventloop-thread-1] DEBUG c.h.platform.operator.util.CRDUtil - Checking CRD condition 'Established' (status: 'True')
2025-01-29 18:43:58,444 INFO c.h.h.t.HelmChartContainer - [hivemq-test-hivemq-platform] [hivemq-platform-operator] [abd7b85e] 18:43:58.442 [main] INFO  c.h.platform.operator.util.CRDUtil - HiveMQ Platform CRD 'hivemq-platforms.hivemq.com' is ready
2025-01-29 18:43:58,558 INFO c.h.h.t.HelmChartContainer - [hivemq-test-hivemq-platform] [hivemq-platform-operator] [abd7b85e] 18:43:58.557 [main] INFO  c.h.p.o.HiveMQPlatformReconciler - HiveMQ Platform Operator is starting...
2025-01-29 18:43:58,683 INFO c.h.h.t.HelmChartContainer - [hivemq-test-hivemq-platform] [hivemq-platform-operator] [abd7b85e] 18:43:58.682 [main] WARN  Default ConfigurationService implementation - Configuration for reconciler 'hivemq-controller' was not found. Known reconcilers: None.
2025-01-29 18:43:58,750 INFO c.h.h.t.HelmChartContainer - [hivemq-test-hivemq-platform] [hivemq-platform-operator] [abd7b85e] 18:43:58.749 [main] INFO  Default ConfigurationService implementation - Created configuration for reconciler com.hivemq.platform.operator.HiveMQPlatformReconciler with name hivemq-controller
2025-01-29 18:43:58,851 INFO c.h.h.t.HelmChartContainer - [hivemq-test-hivemq-platform] [hivemq-platform-operator] [abd7b85e] 18:43:58.850 [main] DEBUG c.h.p.o.HiveMQPlatformReconciler - HiveMQ Platform Operator is preparing EventSources
2025-01-29 18:43:58,881 INFO c.h.h.t.HelmChartContainer - [hivemq-test-hivemq-platform] [hivemq-platform-operator] [abd7b85e] 18:43:58.880 [main] INFO  i.javaoperatorsdk.operator.Operator - Registered reconciler: 'hivemq-controller' for resource: 'class com.hivemq.platform.operator.v1.HiveMQPlatform' for namespace(s): [all namespaces]
2025-01-29 18:43:59,552 INFO c.h.h.t.HelmChartContainer - [hivemq-test-hivemq-platform] [hivemq-platform-operator] [abd7b85e] 18:43:59.551 [main] INFO  c.h.p.operator.webserver.JettyServer - Starting Jetty server on port 8080
2025-01-29 18:43:59,654 INFO c.h.h.t.HelmChartContainer - [hivemq-test-hivemq-platform] [hivemq-platform-operator] [abd7b85e] 18:43:59.653 [main] INFO  i.javaoperatorsdk.operator.Operator - Operator SDK 4.9.7 (commit: 2133d28) built on Wed Nov 20 12:56:20 UTC 2024 starting...
2025-01-29 18:43:59,654 INFO c.h.h.t.HelmChartContainer - [hivemq-test-hivemq-platform] [hivemq-platform-operator] [abd7b85e] 18:43:59.653 [main] INFO  i.javaoperatorsdk.operator.Operator - Client version: 6.13.5
2025-01-29 18:43:59,655 INFO c.h.h.t.HelmChartContainer - [hivemq-test-hivemq-platform] [hivemq-platform-operator] [abd7b85e] 18:43:59.654 [Controller Starter for: hivemq-controller] INFO  i.j.operator.processing.Controller - Starting 'hivemq-controller' controller for reconciler: com.hivemq.platform.operator.HiveMQPlatformReconciler, resource: com.hivemq.platform.operator.v1.HiveMQPlatform
2025-01-29 18:44:02,049 INFO c.h.h.t.HelmChartContainer - [hivemq-test-hivemq-platform] [hivemq-platform-operator] [abd7b85e] 18:44:02.048 [Controller Starter for: hivemq-controller] INFO  i.j.operator.processing.Controller - 'hivemq-controller' controller started
2025-01-29 18:44:02,051 INFO c.h.h.t.HelmChartContainer - [hivemq-test-hivemq-platform] [hivemq-platform-operator] [abd7b85e] 18:44:02.049 [main] INFO  c.h.p.o.HiveMQPlatformOperatorApplication - HiveMQ Platform Operator 1.7.0-SNAPSHOT started in 6594 ms
2025-01-29 18:44:03,796 INFO c.h.h.t.HelmChartContainer - [POD] hivemq-test-hivemq-platform-operator-6966f96d65-hqvv4 [abd7b85e-0e47-42d1-8b78-2e05bc6fc377] in helmmqttit-operator was MODIFIED
2025-01-29 18:44:03,803 INFO c.h.h.t.HelmChartContainer - [K3S] [replica_set.go:679] "Finished syncing" kind="ReplicaSet" key="helmmqttit-operator/hivemq-test-hivemq-platform-operator-6966f96d65" duration="10.54167ms"
2025-01-29 18:44:03,803 INFO c.h.h.t.HelmChartContainer - [K3S] [replica_set.go:679] "Finished syncing" kind="ReplicaSet" key="helmmqttit-operator/hivemq-test-hivemq-platform-operator-6966f96d65" duration="32.762µs"
2025-01-29 18:44:04,311 DEBUG c.h.h.t.HelmChartContainer - Executing helm command: /bin/helm --kubeconfig /etc/rancher/k3s/k3s.yaml install test-hivemq-platform /charts/hivemq-platform --wait --timeout 5m0s --set image.repository=docker.io/hivemq --set image.tag=4.36.0 --set image.pullPolicy=Never --set nodes.resources.cpu=512m -f /files/mqtt-values.yaml --namespace helmmqttit
2025-01-29 18:44:04,597 INFO c.h.h.t.HelmChartContainer - [hivemq-test-hivemq-platform] [hivemq-platform-operator] [abd7b85e] 18:44:04.596 [-2082509879-pool-1-thread-3] WARN  i.m.p.PrometheusMeterRegistry - The meter (MeterId{name='operator.sdk.events.received', tags=[tag(action=ADDED),tag(event=ResourceEvent),tag(group=hivemq.com),tag(kind=HiveMQPlatform),tag(name=test-hivemq-platform),tag(namespace=helmmqttit),tag(scope=namespace),tag(version=v1)]}) registration has failed: Prometheus requires that all meters with the same name have the same set of tag keys. There is already an existing meter named 'operator.sdk.events.received' containing tag keys [event, group, kind, name, namespace, scope, version]. The meter you are attempting to register has keys [action, event, group, kind, name, namespace, scope, version]. Note that subsequent logs will be logged at debug level.
2025-01-29 18:44:05,090 INFO c.h.h.t.HelmChartContainer - [hivemq-test-hivemq-platform] [hivemq-platform-operator] [abd7b85e] 18:44:05.086 [pool-6-thread-3] DEBUG c.h.p.o.dependants.PodInfoConfigMap - [helmmqtt] Desired PodInfo ConfigMap (1 extensions) (1 enabled)
2025-01-29 18:44:05,090 INFO c.h.h.t.HelmChartContainer - [hivemq-test-hivemq-platform] [hivemq-platform-operator] [abd7b85e] 18:44:05.087 [pool-6-thread-3] DEBUG c.h.p.o.dependants.PodInfoConfigMap - [helmmqtt] Desired PodInfo ConfigMap (metrics port: 9399) (metrics path: /)
2025-01-29 18:44:05,090 INFO c.h.h.t.HelmChartContainer - [hivemq-test-hivemq-platform] [hivemq-platform-operator] [abd7b85e] 18:44:05.087 [pool-6-thread-3] DEBUG c.h.p.o.dependants.PodInfoConfigMap - [helmmqtt] Desired PodInfo ConfigMap (extension state hash: -1817474005)
2025-01-29 18:44:05,090 INFO c.h.h.t.HelmChartContainer - [hivemq-test-hivemq-platform] [hivemq-platform-operator] [abd7b85e] 18:44:05.088 [pool-6-thread-3] DEBUG c.h.p.o.dependants.PodInfoConfigMap - [helmmqtt] Create PodInfo ConfigMap
2025-01-29 18:44:05,189 INFO c.h.h.t.HelmChartContainer - [hivemq-test-hivemq-platform] [hivemq-platform-operator] [abd7b85e] 18:44:05.188 [pool-6-thread-5] DEBUG c.h.p.o.dependants.PodRoleResource - [helmmqtt] Create Role: Role(apiVersion=rbac.authorization.k8s.io/v1, kind=Role, metadata=ObjectMeta(annotations={meta.helm.sh/release-name=test-hivemq-platform, meta.helm.sh/release-namespace=helmmqttit}, creationTimestamp=null, deletionGracePeriodSeconds=null, deletionTimestamp=null, finalizers=[], generateName=null, generation=null, labels={helm.sh/chart=hivemq-platform-0.2.32, app.kubernetes.io/managed-by=Helm, app.kubernetes.io/name=hivemq-platform, hivemq-platform=test-hivemq-platform, app.kubernetes.io/instance=test-hivemq-platform, app.kubernetes.io/version=4.36.0}, managedFields=[], name=hivemq-platform-role-test-hivemq-platform, namespace=helmmqttit, ownerReferences=[OwnerReference(apiVersion=hivemq.com/v1, blockOwnerDeletion=null, controller=null, kind=HiveMQPlatform, name=test-hivemq-platform, uid=41d6f3d5-911a-499d-842a-797ff29ada7d, additionalProperties={})], resourceVersion=null, selfLink=null, uid=null, additionalProperties={}), rules=[PolicyRule(apiGroups=[], nonResourceURLs=[], resourceNames=[], resources=[pods], verbs=[get, patch, update], additionalProperties={})], additionalProperties={})
2025-01-29 18:44:05,381 INFO c.h.h.t.HelmChartContainer - [hivemq-test-hivemq-platform] [hivemq-platform-operator] [abd7b85e] 18:44:05.379 [pool-6-thread-7] DEBUG c.h.p.o.d.PodServiceAccountResource - [helmmqtt] Desired PodServiceAccountResource (serviceAccountName: hivemq-platform-pod-test-hivemq-platform)
2025-01-29 18:44:05,381 INFO c.h.h.t.HelmChartContainer - [hivemq-test-hivemq-platform] [hivemq-platform-operator] [abd7b85e] 18:44:05.379 [pool-6-thread-7] DEBUG c.h.p.o.d.PodServiceAccountResource - [helmmqtt] Create ServiceAccount 'hivemq-platform-pod-test-hivemq-platform'
2025-01-29 18:44:05,488 INFO c.h.h.t.HelmChartContainer - [hivemq-test-hivemq-platform] [hivemq-platform-operator] [abd7b85e] 18:44:05.486 [pool-6-thread-9] DEBUG c.h.p.o.d.PodRoleBindingResource - [helmmqtt] Create RoleBinding: RoleBinding(apiVersion=rbac.authorization.k8s.io/v1, kind=RoleBinding, metadata=ObjectMeta(annotations={meta.helm.sh/release-name=test-hivemq-platform, meta.helm.sh/release-namespace=helmmqttit}, creationTimestamp=null, deletionGracePeriodSeconds=null, deletionTimestamp=null, finalizers=[], generateName=null, generation=null, labels={helm.sh/chart=hivemq-platform-0.2.32, app.kubernetes.io/managed-by=Helm, app.kubernetes.io/name=hivemq-platform, hivemq-platform=test-hivemq-platform, app.kubernetes.io/instance=test-hivemq-platform, app.kubernetes.io/version=4.36.0}, managedFields=[], name=hivemq-platform-role-binding-test-hivemq-platform, namespace=helmmqttit, ownerReferences=[OwnerReference(apiVersion=hivemq.com/v1, blockOwnerDeletion=null, controller=null, kind=HiveMQPlatform, name=test-hivemq-platform, uid=41d6f3d5-911a-499d-842a-797ff29ada7d, additionalProperties={})], resourceVersion=null, selfLink=null, uid=null, additionalProperties={}), roleRef=RoleRef(apiGroup=rbac.authorization.k8s.io, kind=Role, name=hivemq-platform-role-test-hivemq-platform, additionalProperties={}), subjects=[Subject(apiGroup=null, kind=ServiceAccount, name=hivemq-platform-pod-test-hivemq-platform, namespace=helmmqttit, additionalProperties={})], additionalProperties={})
2025-01-29 18:44:05,581 INFO c.h.h.t.HelmChartContainer - [hivemq-test-hivemq-platform] [hivemq-platform-operator] [abd7b85e] 18:44:05.580 [ReconcilerExecutor-hivemq-controller-54] INFO  c.h.p.o.HiveMQPlatformReconciler - [helmmqtt] Reconciling HiveMQ Platform 'test-hivemq-platform' in namespace 'helmmqttit'
2025-01-29 18:44:05,582 INFO c.h.h.t.HelmChartContainer - [hivemq-test-hivemq-platform] [hivemq-platform-operator] [abd7b85e] 18:44:05.580 [ReconcilerExecutor-hivemq-controller-54] DEBUG c.h.p.o.HiveMQPlatformReconciler - [helmmqtt] Custom Resource Status CREATED - HiveMQ Platform was created (READY)
2025-01-29 18:44:05,583 INFO c.h.h.t.HelmChartContainer - [hivemq-test-hivemq-platform] [hivemq-platform-operator] [abd7b85e] 18:44:05.580 [ReconcilerExecutor-hivemq-controller-54] DEBUG c.h.p.o.HiveMQPlatformReconciler - [helmmqtt] Custom Resource Spec (replicas: 1) (extensions: 1)
2025-01-29 18:44:05,585 INFO c.h.h.t.HelmChartContainer - [hivemq-test-hivemq-platform] [hivemq-platform-operator] [abd7b85e] 18:44:05.584 [ReconcilerExecutor-hivemq-controller-54] INFO  c.h.p.o.h.HiveMQPlatformReconcilerBaseHandler - [helmmqtt] HiveMQ Platform is starting
2025-01-29 18:44:05,695 INFO c.h.h.t.HelmChartContainer - [hivemq-test-hivemq-platform] [hivemq-platform-operator] [abd7b85e] 18:44:05.693 [ReconcilerExecutor-hivemq-controller-54] DEBUG c.h.p.operator.event.EventSender - [helmmqtt] Creating K8s event hivemq-platform-starting: [Start] HiveMQ Platform is starting
2025-01-29 18:44:05,783 INFO c.h.h.t.HelmChartContainer - [EVENT] Normal [Start] HiveMQ Platform is starting [helmmqttit:test-hivemq-platform]
2025-01-29 18:44:05,788 INFO c.h.h.t.HelmChartContainer - [hivemq-test-hivemq-platform] [hivemq-platform-operator] [abd7b85e] 18:44:05.787 [ReconcilerExecutor-hivemq-controller-54] INFO  c.h.p.o.h.AbstractHiveMQReconcilerStateHandler - [helmmqtt] Update HiveMQ Platform Status (CREATED [READY] -> STARTING [READY]): HiveMQ Platform is starting
2025-01-29 18:44:05,806 DEBUG com.hivemq.helmcharts.util.K8sUtil - Comparing actual state 'STARTING' and waiting for 'RUNNING'
2025-01-29 18:44:15,892 INFO c.h.h.t.HelmChartContainer - [hivemq-test-hivemq-platform] [hivemq-platform-operator] [abd7b85e] 18:44:15.887 [pool-6-thread-12] DEBUG c.h.p.o.d.PlatformServiceResource - [helmmqtt] Desired Platform services (2 services)
2025-01-29 18:44:15,893 INFO c.h.h.t.HelmChartContainer - [hivemq-test-hivemq-platform] [hivemq-platform-operator] [abd7b85e] 18:44:15.889 [pool-6-thread-13] DEBUG c.h.p.o.dependants.PodInfoConfigMap - [helmmqtt] Desired PodInfo ConfigMap (1 extensions) (1 enabled)
2025-01-29 18:44:15,893 INFO c.h.h.t.HelmChartContainer - [hivemq-test-hivemq-platform] [hivemq-platform-operator] [abd7b85e] 18:44:15.889 [pool-6-thread-13] DEBUG c.h.p.o.dependants.PodInfoConfigMap - [helmmqtt] Desired PodInfo ConfigMap (metrics port: 9399) (metrics path: /)
2025-01-29 18:44:15,893 INFO c.h.h.t.HelmChartContainer - [hivemq-test-hivemq-platform] [hivemq-platform-operator] [abd7b85e] 18:44:15.889 [pool-6-thread-13] DEBUG c.h.p.o.dependants.PodInfoConfigMap - [helmmqtt] Desired PodInfo ConfigMap (extension state hash: -1817474005)
2025-01-29 18:44:15,897 INFO c.h.h.t.HelmChartContainer - [hivemq-test-hivemq-platform] [hivemq-platform-operator] [abd7b85e] 18:44:15.894 [pool-6-thread-13] DEBUG c.h.p.o.dependants.PodInfoConfigMap - [helmmqtt] Update PodInfo ConfigMap
2025-01-29 18:44:15,897 INFO c.h.h.t.HelmChartContainer - [hivemq-test-hivemq-platform] [hivemq-platform-operator] [abd7b85e] 18:44:15.895 [pool-6-thread-17] DEBUG c.h.p.o.d.PodServiceAccountResource - [helmmqtt] Desired PodServiceAccountResource (serviceAccountName: hivemq-platform-pod-test-hivemq-platform)
2025-01-29 18:44:15,990 INFO c.h.h.t.HelmChartContainer - [K3S] [alloc.go:330] "allocated clusterIPs" service="helmmqttit/hivemq-test-hivemq-platform-metrics-9399" clusterIPs={"IPv4":"10.43.84.56"}
2025-01-29 18:44:16,085 INFO c.h.h.t.HelmChartContainer - [K3S] [alloc.go:330] "allocated clusterIPs" service="helmmqttit/hivemq-test-hivemq-platform-mqtt-1884" clusterIPs={"IPv4":"10.43.31.87"}
2025-01-29 18:44:16,095 INFO c.h.h.t.HelmChartContainer - [hivemq-test-hivemq-platform] [hivemq-platform-operator] [abd7b85e] 18:44:16.090 [pool-6-thread-20] DEBUG c.h.p.o.d.StatefulSetResource - [helmmqtt] Desired StatefulSet (1 replicas) for status STARTING (READY)
2025-01-29 18:44:16,104 INFO c.h.h.t.HelmChartContainer - [hivemq-test-hivemq-platform] [hivemq-platform-operator] [abd7b85e] 18:44:16.103 [pool-6-thread-20] DEBUG c.h.p.o.d.StatefulSetResource - [helmmqtt] Create StatefulSet
2025-01-29 18:44:16,200 INFO c.h.h.t.HelmChartContainer - [hivemq-test-hivemq-platform] [hivemq-platform-operator] [abd7b85e] 18:44:16.199 [ReconcilerExecutor-hivemq-controller-65] INFO  c.h.p.o.HiveMQPlatformReconciler - [helmmqtt] Reconciling HiveMQ Platform 'test-hivemq-platform' in namespace 'helmmqttit'
2025-01-29 18:44:16,201 INFO c.h.h.t.HelmChartContainer - [hivemq-test-hivemq-platform] [hivemq-platform-operator] [abd7b85e] 18:44:16.200 [ReconcilerExecutor-hivemq-controller-65] DEBUG c.h.p.o.HiveMQPlatformReconciler - [helmmqtt] Custom Resource Status STARTING - HiveMQ Platform is starting (READY)
2025-01-29 18:44:16,201 INFO c.h.h.t.HelmChartContainer - [hivemq-test-hivemq-platform] [hivemq-platform-operator] [abd7b85e] 18:44:16.200 [ReconcilerExecutor-hivemq-controller-65] DEBUG c.h.p.o.HiveMQPlatformReconciler - [helmmqtt] Custom Resource Spec (replicas: 1) (extensions: 1)
2025-01-29 18:44:16,205 INFO c.h.h.t.HelmChartContainer - [POD] test-hivemq-platform-0 [b28d2377-caa0-4be9-8429-6c0564bfbf63] in helmmqttit was ADDED
2025-01-29 18:44:16,206 INFO c.h.h.t.HelmChartContainer - [EVENT] Normal [SuccessfulCreate] create Pod test-hivemq-platform-0 in StatefulSet test-hivemq-platform successful [helmmqttit:test-hivemq-platform]
2025-01-29 18:44:16,209 INFO c.h.h.t.HelmChartContainer - [POD] test-hivemq-platform-0 [b28d2377-caa0-4be9-8429-6c0564bfbf63] in helmmqttit was MODIFIED
2025-01-29 18:44:16,220 INFO c.h.h.t.HelmChartContainer - [EVENT] Normal [Scheduled] Successfully assigned helmmqttit/test-hivemq-platform-0 to 6206d5544d57 [helmmqttit:test-hivemq-platform-0]
2025-01-29 18:44:16,221 INFO c.h.h.t.HelmChartContainer - [POD] test-hivemq-platform-0 [b28d2377-caa0-4be9-8429-6c0564bfbf63] in helmmqttit was MODIFIED
2025-01-29 18:44:16,284 INFO c.h.h.t.HelmChartContainer - [hivemq-test-hivemq-platform] [hivemq-platform-operator] [abd7b85e] 18:44:16.281 [ReconcilerExecutor-hivemq-controller-65] DEBUG c.h.p.o.HiveMQPlatformReconciler - [helmmqtt] StatefulSet Status (revision: null, replicas: 0, available: 0, ready: 0, current: 0, updated: 0)
2025-01-29 18:44:16,284 INFO c.h.h.t.HelmChartContainer - [hivemq-test-hivemq-platform] [hivemq-platform-operator] [abd7b85e] 18:44:16.281 [ReconcilerExecutor-hivemq-controller-65] DEBUG c.h.p.o.HiveMQPlatformReconciler - [helmmqtt] StatefulSet Spec (replicas: 1, init containers: 1, containers: 1, volumes: 3)
2025-01-29 18:44:16,293 INFO c.h.h.t.HelmChartContainer - [K3S] [reconciler_common.go:251] "operationExecutor.VerifyControllerAttachedVolume started for volume \"pod-info\" (UniqueName: \"kubernetes.io/configmap/b28d2377-caa0-4be9-8429-6c0564bfbf63-pod-info\") pod \"test-hivemq-platform-0\" (UID: \"b28d2377-caa0-4be9-8429-6c0564bfbf63\") " pod="helmmqttit/test-hivemq-platform-0"
2025-01-29 18:44:16,294 INFO c.h.h.t.HelmChartContainer - [K3S] [reconciler_common.go:251] "operationExecutor.VerifyControllerAttachedVolume started for volume \"operator-init\" (UniqueName: \"kubernetes.io/empty-dir/b28d2377-caa0-4be9-8429-6c0564bfbf63-operator-init\") pod \"test-hivemq-platform-0\" (UID: \"b28d2377-caa0-4be9-8429-6c0564bfbf63\") " pod="helmmqttit/test-hivemq-platform-0"
2025-01-29 18:44:16,294 INFO c.h.h.t.HelmChartContainer - [K3S] [reconciler_common.go:251] "operationExecutor.VerifyControllerAttachedVolume started for volume \"broker-configuration\" (UniqueName: \"kubernetes.io/configmap/b28d2377-caa0-4be9-8429-6c0564bfbf63-broker-configuration\") pod \"test-hivemq-platform-0\" (UID: \"b28d2377-caa0-4be9-8429-6c0564bfbf63\") " pod="helmmqttit/test-hivemq-platform-0"
2025-01-29 18:44:16,294 INFO c.h.h.t.HelmChartContainer - [K3S] [reconciler_common.go:251] "operationExecutor.VerifyControllerAttachedVolume started for volume \"kube-api-access-ngk2k\" (UniqueName: \"kubernetes.io/projected/b28d2377-caa0-4be9-8429-6c0564bfbf63-kube-api-access-ngk2k\") pod \"test-hivemq-platform-0\" (UID: \"b28d2377-caa0-4be9-8429-6c0564bfbf63\") " pod="helmmqttit/test-hivemq-platform-0"
2025-01-29 18:44:16,382 INFO c.h.h.t.HelmChartContainer - [hivemq-test-hivemq-platform] [hivemq-platform-operator] [abd7b85e] 18:44:16.380 [ReconcilerExecutor-hivemq-controller-65] DEBUG c.h.p.o.h.HiveMQPlatformReconcilerErrorHandler - [helmmqtt] Pod 'test-hivemq-platform-0' phase Pending
2025-01-29 18:44:16,383 INFO c.h.h.t.HelmChartContainer - [hivemq-test-hivemq-platform] [hivemq-platform-operator] [abd7b85e] 18:44:16.382 [ReconcilerExecutor-hivemq-controller-65] INFO  c.h.p.o.h.HiveMQPlatformReconcilerBaseHandler - [helmmqtt] HiveMQ Platform is starting, 0 of 1 replicas are ready
2025-01-29 18:44:16,389 INFO c.h.h.t.HelmChartContainer - [hivemq-test-hivemq-platform] [hivemq-platform-operator] [abd7b85e] 18:44:16.387 [pool-6-thread-22] DEBUG c.h.p.o.d.PlatformServiceResource - [helmmqtt] Desired Platform services (2 services)
2025-01-29 18:44:16,389 INFO c.h.h.t.HelmChartContainer - [hivemq-test-hivemq-platform] [hivemq-platform-operator] [abd7b85e] 18:44:16.388 [pool-6-thread-23] DEBUG c.h.p.o.dependants.PodInfoConfigMap - [helmmqtt] Desired PodInfo ConfigMap (1 extensions) (1 enabled)
2025-01-29 18:44:16,392 INFO c.h.h.t.HelmChartContainer - [hivemq-test-hivemq-platform] [hivemq-platform-operator] [abd7b85e] 18:44:16.390 [pool-6-thread-27] DEBUG c.h.p.o.d.PodServiceAccountResource - [helmmqtt] Desired PodServiceAccountResource (serviceAccountName: hivemq-platform-pod-test-hivemq-platform)
2025-01-29 18:44:16,393 INFO c.h.h.t.HelmChartContainer - [hivemq-test-hivemq-platform] [hivemq-platform-operator] [abd7b85e] 18:44:16.392 [pool-6-thread-23] DEBUG c.h.p.o.dependants.PodInfoConfigMap - [helmmqtt] Desired PodInfo ConfigMap (metrics port: 9399) (metrics path: /)
2025-01-29 18:44:16,395 INFO c.h.h.t.HelmChartContainer - [hivemq-test-hivemq-platform] [hivemq-platform-operator] [abd7b85e] 18:44:16.392 [pool-6-thread-23] DEBUG c.h.p.o.dependants.PodInfoConfigMap - [helmmqtt] Desired PodInfo ConfigMap (extension state hash: -1817474005)
2025-01-29 18:44:16,484 INFO c.h.h.t.HelmChartContainer - [hivemq-test-hivemq-platform] [hivemq-platform-operator] [abd7b85e] 18:44:16.482 [pool-6-thread-30] DEBUG c.h.p.o.d.StatefulSetResource - [helmmqtt] Desired StatefulSet (1 replicas) for status STARTING (READY)
2025-01-29 18:44:16,491 INFO c.h.h.t.HelmChartContainer - [hivemq-test-hivemq-platform] [hivemq-platform-operator] [abd7b85e] 18:44:16.488 [ReconcilerExecutor-hivemq-controller-76] INFO  c.h.p.o.HiveMQPlatformReconciler - [helmmqtt] Reconciling HiveMQ Platform 'test-hivemq-platform' in namespace 'helmmqttit'
2025-01-29 18:44:16,491 INFO c.h.h.t.HelmChartContainer - [hivemq-test-hivemq-platform] [hivemq-platform-operator] [abd7b85e] 18:44:16.489 [ReconcilerExecutor-hivemq-controller-76] DEBUG c.h.p.o.HiveMQPlatformReconciler - [helmmqtt] Custom Resource Status STARTING - HiveMQ Platform is starting (READY)
2025-01-29 18:44:16,491 INFO c.h.h.t.HelmChartContainer - [hivemq-test-hivemq-platform] [hivemq-platform-operator] [abd7b85e] 18:44:16.489 [ReconcilerExecutor-hivemq-controller-76] DEBUG c.h.p.o.HiveMQPlatformReconciler - [helmmqtt] Custom Resource Spec (replicas: 1) (extensions: 1)
2025-01-29 18:44:16,492 INFO c.h.h.t.HelmChartContainer - [hivemq-test-hivemq-platform] [hivemq-platform-operator] [abd7b85e] 18:44:16.491 [ReconcilerExecutor-hivemq-controller-76] DEBUG c.h.p.o.HiveMQPlatformReconciler - [helmmqtt] StatefulSet Status (revision: test-hivemq-platform-7bbc5894fb, replicas: 1, available: 0, ready: 0, current: 1, updated: 1)
2025-01-29 18:44:16,493 INFO c.h.h.t.HelmChartContainer - [hivemq-test-hivemq-platform] [hivemq-platform-operator] [abd7b85e] 18:44:16.491 [ReconcilerExecutor-hivemq-controller-76] DEBUG c.h.p.o.HiveMQPlatformReconciler - [helmmqtt] StatefulSet Spec (replicas: 1, init containers: 1, containers: 1, volumes: 3)
2025-01-29 18:44:16,498 INFO c.h.h.t.HelmChartContainer - [hivemq-test-hivemq-platform] [hivemq-platform-operator] [abd7b85e] 18:44:16.497 [ReconcilerExecutor-hivemq-controller-76] DEBUG c.h.p.o.h.HiveMQPlatformReconcilerErrorHandler - [helmmqtt] Pod 'test-hivemq-platform-0' phase Pending
2025-01-29 18:44:16,498 INFO c.h.h.t.HelmChartContainer - [hivemq-test-hivemq-platform] [hivemq-platform-operator] [abd7b85e] 18:44:16.497 [ReconcilerExecutor-hivemq-controller-76] DEBUG c.h.p.o.h.HiveMQPlatformReconcilerErrorHandler - [helmmqtt] Pod 'test-hivemq-platform-0' condition 'PodReadyToStartContainers': False
2025-01-29 18:44:16,499 INFO c.h.h.t.HelmChartContainer - [hivemq-test-hivemq-platform] [hivemq-platform-operator] [abd7b85e] 18:44:16.498 [ReconcilerExecutor-hivemq-controller-76] DEBUG c.h.p.o.h.HiveMQPlatformReconcilerErrorHandler - [helmmqtt] Pod 'test-hivemq-platform-0' condition 'Initialized': False
2025-01-29 18:44:16,499 INFO c.h.h.t.HelmChartContainer - [hivemq-test-hivemq-platform] [hivemq-platform-operator] [abd7b85e] 18:44:16.498 [ReconcilerExecutor-hivemq-controller-76] DEBUG c.h.p.o.h.HiveMQPlatformReconcilerErrorHandler - [helmmqtt] Pod 'test-hivemq-platform-0' condition 'Ready': False
2025-01-29 18:44:16,499 INFO c.h.h.t.HelmChartContainer - [hivemq-test-hivemq-platform] [hivemq-platform-operator] [abd7b85e] 18:44:16.498 [ReconcilerExecutor-hivemq-controller-76] DEBUG c.h.p.o.h.HiveMQPlatformReconcilerErrorHandler - [helmmqtt] Pod 'test-hivemq-platform-0' condition 'ContainersReady': False
2025-01-29 18:44:16,499 INFO c.h.h.t.HelmChartContainer - [hivemq-test-hivemq-platform] [hivemq-platform-operator] [abd7b85e] 18:44:16.498 [ReconcilerExecutor-hivemq-controller-76] DEBUG c.h.p.o.h.HiveMQPlatformReconcilerErrorHandler - [helmmqtt] Pod 'test-hivemq-platform-0' condition 'PodScheduled': True
2025-01-29 18:44:16,500 INFO c.h.h.t.HelmChartContainer - [hivemq-test-hivemq-platform] [hivemq-platform-operator] [abd7b85e] 18:44:16.499 [ReconcilerExecutor-hivemq-controller-76] DEBUG c.h.p.o.h.HiveMQPlatformReconcilerErrorHandler - [helmmqtt] Pod 'test-hivemq-platform-0' containerStatus 'hivemq' (started: false) (ready: false) (waiting: [PodInitializing] null)
2025-01-29 18:44:16,501 INFO c.h.h.t.HelmChartContainer - [hivemq-test-hivemq-platform] [hivemq-platform-operator] [abd7b85e] 18:44:16.500 [ReconcilerExecutor-hivemq-controller-76] INFO  c.h.p.o.h.HiveMQPlatformReconcilerBaseHandler - [helmmqtt] HiveMQ Platform is starting, 0 of 1 replicas are ready
2025-01-29 18:44:16,600 INFO c.h.h.t.HelmChartContainer - [EVENT] Normal [Pulled] Container image "docker.io/hivemq/hivemq-platform-operator-init-test:snapshot" already present on machine [helmmqttit:test-hivemq-platform-0]
2025-01-29 18:44:16,711 INFO c.h.h.t.HelmChartContainer - [EVENT] Normal [Created] Created container: hivemq-platform-operator-init [helmmqttit:test-hivemq-platform-0]
2025-01-29 18:44:16,746 INFO c.h.h.t.HelmChartContainer - [EVENT] Normal [Started] Started container hivemq-platform-operator-init [helmmqttit:test-hivemq-platform-0]
2025-01-29 18:44:16,832 INFO c.h.h.t.HelmChartContainer - [POD] test-hivemq-platform-0 [b28d2377-caa0-4be9-8429-6c0564bfbf63] in helmmqttit was MODIFIED
2025-01-29 18:44:16,850 INFO c.h.h.t.HelmChartContainer - [hivemq-test-hivemq-platform] [hivemq-platform-operator] [abd7b85e] 18:44:16.847 [pool-6-thread-32] DEBUG c.h.p.o.d.PlatformServiceResource - [helmmqtt] Desired Platform services (2 services)
2025-01-29 18:44:16,858 INFO c.h.h.t.HelmChartContainer - [hivemq-test-hivemq-platform] [hivemq-platform-operator] [abd7b85e] 18:44:16.856 [pool-6-thread-33] DEBUG c.h.p.o.dependants.PodInfoConfigMap - [helmmqtt] Desired PodInfo ConfigMap (1 extensions) (1 enabled)
2025-01-29 18:44:16,858 INFO c.h.h.t.HelmChartContainer - [hivemq-test-hivemq-platform] [hivemq-platform-operator] [abd7b85e] 18:44:16.856 [pool-6-thread-33] DEBUG c.h.p.o.dependants.PodInfoConfigMap - [helmmqtt] Desired PodInfo ConfigMap (metrics port: 9399) (metrics path: /)
2025-01-29 18:44:16,862 INFO c.h.h.t.HelmChartContainer - [hivemq-test-hivemq-platform] [hivemq-platform-operator] [abd7b85e] 18:44:16.856 [pool-6-thread-33] DEBUG c.h.p.o.dependants.PodInfoConfigMap - [helmmqtt] Desired PodInfo ConfigMap (extension state hash: -1817474005)
2025-01-29 18:44:16,882 INFO c.h.h.t.HelmChartContainer - [hivemq-test-hivemq-platform] [hivemq-platform-operator] [abd7b85e] 18:44:16.881 [pool-6-thread-37] DEBUG c.h.p.o.d.PodServiceAccountResource - [helmmqtt] Desired PodServiceAccountResource (serviceAccountName: hivemq-platform-pod-test-hivemq-platform)
2025-01-29 18:44:16,947 INFO c.h.h.t.HelmChartContainer - [hivemq-test-hivemq-platform] [hivemq-platform-operator] [abd7b85e] 18:44:16.944 [pool-6-thread-40] DEBUG c.h.p.o.d.StatefulSetResource - [helmmqtt] Desired StatefulSet (1 replicas) for status STARTING (READY)
2025-01-29 18:44:16,953 INFO c.h.h.t.HelmChartContainer - [hivemq-test-hivemq-platform] [hivemq-platform-operator] [abd7b85e] 18:44:16.951 [ReconcilerExecutor-hivemq-controller-87] INFO  c.h.p.o.HiveMQPlatformReconciler - [helmmqtt] Reconciling HiveMQ Platform 'test-hivemq-platform' in namespace 'helmmqttit'
2025-01-29 18:44:16,953 INFO c.h.h.t.HelmChartContainer - [hivemq-test-hivemq-platform] [hivemq-platform-operator] [abd7b85e] 18:44:16.951 [ReconcilerExecutor-hivemq-controller-87] DEBUG c.h.p.o.HiveMQPlatformReconciler - [helmmqtt] Custom Resource Status STARTING - HiveMQ Platform is starting (READY)
2025-01-29 18:44:16,953 INFO c.h.h.t.HelmChartContainer - [hivemq-test-hivemq-platform] [hivemq-platform-operator] [abd7b85e] 18:44:16.951 [ReconcilerExecutor-hivemq-controller-87] DEBUG c.h.p.o.HiveMQPlatformReconciler - [helmmqtt] Custom Resource Spec (replicas: 1) (extensions: 1)
2025-01-29 18:44:16,956 INFO c.h.h.t.HelmChartContainer - [hivemq-test-hivemq-platform] [hivemq-platform-operator] [abd7b85e] 18:44:16.954 [ReconcilerExecutor-hivemq-controller-87] DEBUG c.h.p.o.HiveMQPlatformReconciler - [helmmqtt] StatefulSet Status (revision: test-hivemq-platform-7bbc5894fb, replicas: 1, available: 0, ready: 0, current: 1, updated: 1)
2025-01-29 18:44:16,956 INFO c.h.h.t.HelmChartContainer - [hivemq-test-hivemq-platform] [hivemq-platform-operator] [abd7b85e] 18:44:16.954 [ReconcilerExecutor-hivemq-controller-87] DEBUG c.h.p.o.HiveMQPlatformReconciler - [helmmqtt] StatefulSet Spec (replicas: 1, init containers: 1, containers: 1, volumes: 3)
2025-01-29 18:44:16,983 INFO c.h.h.t.HelmChartContainer - [hivemq-test-hivemq-platform] [hivemq-platform-operator] [abd7b85e] 18:44:16.981 [ReconcilerExecutor-hivemq-controller-87] DEBUG c.h.p.o.h.HiveMQPlatformReconcilerErrorHandler - [helmmqtt] Pod 'test-hivemq-platform-0' phase Pending
2025-01-29 18:44:16,983 INFO c.h.h.t.HelmChartContainer - [hivemq-test-hivemq-platform] [hivemq-platform-operator] [abd7b85e] 18:44:16.981 [ReconcilerExecutor-hivemq-controller-87] DEBUG c.h.p.o.h.HiveMQPlatformReconcilerErrorHandler - [helmmqtt] Pod 'test-hivemq-platform-0' condition 'PodReadyToStartContainers': True
2025-01-29 18:44:16,983 INFO c.h.h.t.HelmChartContainer - [hivemq-test-hivemq-platform] [hivemq-platform-operator] [abd7b85e] 18:44:16.981 [ReconcilerExecutor-hivemq-controller-87] DEBUG c.h.p.o.h.HiveMQPlatformReconcilerErrorHandler - [helmmqtt] Pod 'test-hivemq-platform-0' condition 'Initialized': False
2025-01-29 18:44:16,983 INFO c.h.h.t.HelmChartContainer - [hivemq-test-hivemq-platform] [hivemq-platform-operator] [abd7b85e] 18:44:16.981 [ReconcilerExecutor-hivemq-controller-87] DEBUG c.h.p.o.h.HiveMQPlatformReconcilerErrorHandler - [helmmqtt] Pod 'test-hivemq-platform-0' condition 'Ready': False
2025-01-29 18:44:16,983 INFO c.h.h.t.HelmChartContainer - [hivemq-test-hivemq-platform] [hivemq-platform-operator] [abd7b85e] 18:44:16.981 [ReconcilerExecutor-hivemq-controller-87] DEBUG c.h.p.o.h.HiveMQPlatformReconcilerErrorHandler - [helmmqtt] Pod 'test-hivemq-platform-0' condition 'ContainersReady': False
2025-01-29 18:44:16,983 INFO c.h.h.t.HelmChartContainer - [hivemq-test-hivemq-platform] [hivemq-platform-operator] [abd7b85e] 18:44:16.981 [ReconcilerExecutor-hivemq-controller-87] DEBUG c.h.p.o.h.HiveMQPlatformReconcilerErrorHandler - [helmmqtt] Pod 'test-hivemq-platform-0' condition 'PodScheduled': True
2025-01-29 18:44:16,983 INFO c.h.h.t.HelmChartContainer - [hivemq-test-hivemq-platform] [hivemq-platform-operator] [abd7b85e] 18:44:16.981 [ReconcilerExecutor-hivemq-controller-87] DEBUG c.h.p.o.h.HiveMQPlatformReconcilerErrorHandler - [helmmqtt] Pod 'test-hivemq-platform-0' containerStatus 'hivemq' (started: false) (ready: false) (waiting: [PodInitializing] null)
2025-01-29 18:44:16,985 INFO c.h.h.t.HelmChartContainer - [hivemq-test-hivemq-platform] [hivemq-platform-operator] [abd7b85e] 18:44:16.982 [ReconcilerExecutor-hivemq-controller-87] INFO  c.h.p.o.h.HiveMQPlatformReconcilerBaseHandler - [helmmqtt] HiveMQ Platform is starting, 0 of 1 replicas are ready
2025-01-29 18:44:17,820 INFO c.h.h.t.HelmChartContainer - [EVENT] Normal [Pulled] Container image "docker.io/hivemq/hivemq4:4.36.0" already present on machine [helmmqttit:test-hivemq-platform-0]
2025-01-29 18:44:17,820 INFO c.h.h.t.HelmChartContainer - Received Pulled event for container hivemq in pod test-hivemq-platform-0 [b28d2377-caa0-4be9-8429-6c0564bfbf63]
2025-01-29 18:44:17,830 INFO c.h.h.t.HelmChartContainer - [POD] test-hivemq-platform-0 [b28d2377-caa0-4be9-8429-6c0564bfbf63] in helmmqttit was MODIFIED
2025-01-29 18:44:17,834 INFO c.h.h.t.HelmChartContainer - [hivemq-test-hivemq-platform] [hivemq-platform-operator] [abd7b85e] 18:44:17.833 [pool-6-thread-42] DEBUG c.h.p.o.d.PlatformServiceResource - [helmmqtt] Desired Platform services (2 services)
2025-01-29 18:44:17,839 INFO c.h.h.t.HelmChartContainer - [hivemq-test-hivemq-platform] [hivemq-platform-operator] [abd7b85e] 18:44:17.838 [pool-6-thread-43] DEBUG c.h.p.o.dependants.PodInfoConfigMap - [helmmqtt] Desired PodInfo ConfigMap (1 extensions) (1 enabled)
2025-01-29 18:44:17,839 INFO c.h.h.t.HelmChartContainer - [hivemq-test-hivemq-platform] [hivemq-platform-operator] [abd7b85e] 18:44:17.839 [pool-6-thread-43] DEBUG c.h.p.o.dependants.PodInfoConfigMap - [helmmqtt] Desired PodInfo ConfigMap (metrics port: 9399) (metrics path: /)
2025-01-29 18:44:17,839 INFO c.h.h.t.HelmChartContainer - [hivemq-test-hivemq-platform] [hivemq-platform-operator] [abd7b85e] 18:44:17.839 [pool-6-thread-43] DEBUG c.h.p.o.dependants.PodInfoConfigMap - [helmmqtt] Desired PodInfo ConfigMap (extension state hash: -1817474005)
2025-01-29 18:44:17,841 INFO c.h.h.t.HelmChartContainer - [hivemq-test-hivemq-platform] [hivemq-platform-operator] [abd7b85e] 18:44:17.840 [pool-6-thread-47] DEBUG c.h.p.o.d.PodServiceAccountResource - [helmmqtt] Desired PodServiceAccountResource (serviceAccountName: hivemq-platform-pod-test-hivemq-platform)
2025-01-29 18:44:17,848 INFO c.h.h.t.HelmChartContainer - [hivemq-test-hivemq-platform] [hivemq-platform-operator] [abd7b85e] 18:44:17.847 [pool-6-thread-50] DEBUG c.h.p.o.d.StatefulSetResource - [helmmqtt] Desired StatefulSet (1 replicas) for status STARTING (READY)
2025-01-29 18:44:17,882 INFO c.h.h.t.HelmChartContainer - [hivemq-test-hivemq-platform] [hivemq-platform-operator] [abd7b85e] 18:44:17.878 [ReconcilerExecutor-hivemq-controller-98] INFO  c.h.p.o.HiveMQPlatformReconciler - [helmmqtt] Reconciling HiveMQ Platform 'test-hivemq-platform' in namespace 'helmmqttit'
2025-01-29 18:44:17,884 INFO c.h.h.t.HelmChartContainer - [hivemq-test-hivemq-platform] [hivemq-platform-operator] [abd7b85e] 18:44:17.878 [ReconcilerExecutor-hivemq-controller-98] DEBUG c.h.p.o.HiveMQPlatformReconciler - [helmmqtt] Custom Resource Status STARTING - HiveMQ Platform is starting (READY)
2025-01-29 18:44:17,884 INFO c.h.h.t.HelmChartContainer - [hivemq-test-hivemq-platform] [hivemq-platform-operator] [abd7b85e] 18:44:17.878 [ReconcilerExecutor-hivemq-controller-98] DEBUG c.h.p.o.HiveMQPlatformReconciler - [helmmqtt] Custom Resource Spec (replicas: 1) (extensions: 1)
2025-01-29 18:44:17,884 INFO c.h.h.t.HelmChartContainer - [hivemq-test-hivemq-platform] [hivemq-platform-operator] [abd7b85e] 18:44:17.880 [ReconcilerExecutor-hivemq-controller-98] DEBUG c.h.p.o.HiveMQPlatformReconciler - [helmmqtt] StatefulSet Status (revision: test-hivemq-platform-7bbc5894fb, replicas: 1, available: 0, ready: 0, current: 1, updated: 1)
2025-01-29 18:44:17,884 INFO c.h.h.t.HelmChartContainer - [hivemq-test-hivemq-platform] [hivemq-platform-operator] [abd7b85e] 18:44:17.880 [ReconcilerExecutor-hivemq-controller-98] DEBUG c.h.p.o.HiveMQPlatformReconciler - [helmmqtt] StatefulSet Spec (replicas: 1, init containers: 1, containers: 1, volumes: 3)
2025-01-29 18:44:17,884 INFO c.h.h.t.HelmChartContainer - [hivemq-test-hivemq-platform] [hivemq-platform-operator] [abd7b85e] 18:44:17.882 [ReconcilerExecutor-hivemq-controller-98] DEBUG c.h.p.o.h.HiveMQPlatformReconcilerErrorHandler - [helmmqtt] Pod 'test-hivemq-platform-0' phase Pending
2025-01-29 18:44:17,884 INFO c.h.h.t.HelmChartContainer - [hivemq-test-hivemq-platform] [hivemq-platform-operator] [abd7b85e] 18:44:17.883 [ReconcilerExecutor-hivemq-controller-98] DEBUG c.h.p.o.h.HiveMQPlatformReconcilerErrorHandler - [helmmqtt] Pod 'test-hivemq-platform-0' condition 'PodReadyToStartContainers': True
2025-01-29 18:44:17,884 INFO c.h.h.t.HelmChartContainer - [hivemq-test-hivemq-platform] [hivemq-platform-operator] [abd7b85e] 18:44:17.883 [ReconcilerExecutor-hivemq-controller-98] DEBUG c.h.p.o.h.HiveMQPlatformReconcilerErrorHandler - [helmmqtt] Pod 'test-hivemq-platform-0' condition 'Initialized': True
2025-01-29 18:44:17,884 INFO c.h.h.t.HelmChartContainer - [hivemq-test-hivemq-platform] [hivemq-platform-operator] [abd7b85e] 18:44:17.883 [ReconcilerExecutor-hivemq-controller-98] DEBUG c.h.p.o.h.HiveMQPlatformReconcilerErrorHandler - [helmmqtt] Pod 'test-hivemq-platform-0' condition 'Ready': False
2025-01-29 18:44:17,884 INFO c.h.h.t.HelmChartContainer - [hivemq-test-hivemq-platform] [hivemq-platform-operator] [abd7b85e] 18:44:17.883 [ReconcilerExecutor-hivemq-controller-98] DEBUG c.h.p.o.h.HiveMQPlatformReconcilerErrorHandler - [helmmqtt] Pod 'test-hivemq-platform-0' condition 'ContainersReady': False
2025-01-29 18:44:17,884 INFO c.h.h.t.HelmChartContainer - [hivemq-test-hivemq-platform] [hivemq-platform-operator] [abd7b85e] 18:44:17.883 [ReconcilerExecutor-hivemq-controller-98] DEBUG c.h.p.o.h.HiveMQPlatformReconcilerErrorHandler - [helmmqtt] Pod 'test-hivemq-platform-0' condition 'PodScheduled': True
2025-01-29 18:44:17,885 INFO c.h.h.t.HelmChartContainer - [hivemq-test-hivemq-platform] [hivemq-platform-operator] [abd7b85e] 18:44:17.883 [ReconcilerExecutor-hivemq-controller-98] DEBUG c.h.p.o.h.HiveMQPlatformReconcilerErrorHandler - [helmmqtt] Pod 'test-hivemq-platform-0' containerStatus 'hivemq' (started: false) (ready: false) (waiting: [PodInitializing] null)
2025-01-29 18:44:17,885 INFO c.h.h.t.HelmChartContainer - [hivemq-test-hivemq-platform] [hivemq-platform-operator] [abd7b85e] 18:44:17.884 [ReconcilerExecutor-hivemq-controller-98] INFO  c.h.p.o.h.HiveMQPlatformReconcilerBaseHandler - [helmmqtt] HiveMQ Platform is starting, 0 of 1 replicas are ready
2025-01-29 18:44:18,871 INFO c.h.h.t.HelmChartContainer - [EVENT] Normal [Created] Created container: hivemq [helmmqttit:test-hivemq-platform-0]
2025-01-29 18:44:18,871 INFO c.h.h.t.HelmChartContainer - Received Created event for container hivemq in pod test-hivemq-platform-0 [b28d2377-caa0-4be9-8429-6c0564bfbf63]
2025-01-29 18:44:19,838 INFO c.h.h.t.HelmChartContainer - [POD] test-hivemq-platform-0 [b28d2377-caa0-4be9-8429-6c0564bfbf63] in helmmqttit was MODIFIED
2025-01-29 18:44:19,848 INFO c.h.h.t.HelmChartContainer - [EVENT] Normal [Started] Started container hivemq [helmmqttit:test-hivemq-platform-0]
2025-01-29 18:44:19,848 INFO c.h.h.t.HelmChartContainer - Received Started event for container hivemq in pod test-hivemq-platform-0 [b28d2377-caa0-4be9-8429-6c0564bfbf63]
2025-01-29 18:44:19,848 INFO c.h.h.t.HelmChartContainer - Started log watcher for hivemq in pod test-hivemq-platform-0 [b28d2377-caa0-4be9-8429-6c0564bfbf63]
2025-01-29 18:44:19,848 INFO c.h.h.t.HelmChartContainer - [hivemq-test-hivemq-platform] [hivemq-platform-operator] [abd7b85e] 18:44:19.847 [pool-6-thread-5] DEBUG c.h.p.o.d.PlatformServiceResource - [helmmqtt] Desired Platform services (2 services)
2025-01-29 18:44:19,852 INFO c.h.h.t.HelmChartContainer - [test-hivemq-platform] [hivemq] [b28d2377] Adding pre-installed HiveMQ Platform Operator extensions
2025-01-29 18:44:19,852 INFO c.h.h.t.HelmChartContainer - [test-hivemq-platform] [hivemq] [b28d2377] Running as user 10000
2025-01-29 18:44:19,852 INFO c.h.h.t.HelmChartContainer - [test-hivemq-platform] [hivemq] [b28d2377] Starting HiveMQ Platform Operator Init
2025-01-29 18:44:19,853 INFO c.h.h.t.HelmChartContainer - [hivemq-test-hivemq-platform] [hivemq-platform-operator] [abd7b85e] 18:44:19.851 [pool-6-thread-10] DEBUG c.h.p.o.d.PodServiceAccountResource - [helmmqtt] Desired PodServiceAccountResource (serviceAccountName: hivemq-platform-pod-test-hivemq-platform)
2025-01-29 18:44:19,856 INFO c.h.h.t.HelmChartContainer - [hivemq-test-hivemq-platform] [hivemq-platform-operator] [abd7b85e] 18:44:19.855 [pool-6-thread-3] DEBUG c.h.p.o.dependants.PodInfoConfigMap - [helmmqtt] Desired PodInfo ConfigMap (1 extensions) (1 enabled)
2025-01-29 18:44:19,858 INFO c.h.h.t.HelmChartContainer - [hivemq-test-hivemq-platform] [hivemq-platform-operator] [abd7b85e] 18:44:19.856 [pool-6-thread-3] DEBUG c.h.p.o.dependants.PodInfoConfigMap - [helmmqtt] Desired PodInfo ConfigMap (metrics port: 9399) (metrics path: /)
2025-01-29 18:44:19,858 INFO c.h.h.t.HelmChartContainer - [hivemq-test-hivemq-platform] [hivemq-platform-operator] [abd7b85e] 18:44:19.856 [pool-6-thread-3] DEBUG c.h.p.o.dependants.PodInfoConfigMap - [helmmqtt] Desired PodInfo ConfigMap (extension state hash: -1817474005)
2025-01-29 18:44:19,944 INFO c.h.h.t.HelmChartContainer - [hivemq-test-hivemq-platform] [hivemq-platform-operator] [abd7b85e] 18:44:19.943 [pool-6-thread-10] DEBUG c.h.p.o.d.StatefulSetResource - [helmmqtt] Desired StatefulSet (1 replicas) for status STARTING (READY)
2025-01-29 18:44:19,949 INFO c.h.h.t.HelmChartContainer - [hivemq-test-hivemq-platform] [hivemq-platform-operator] [abd7b85e] 18:44:19.948 [ReconcilerExecutor-hivemq-controller-109] INFO  c.h.p.o.HiveMQPlatformReconciler - [helmmqtt] Reconciling HiveMQ Platform 'test-hivemq-platform' in namespace 'helmmqttit'
2025-01-29 18:44:19,949 INFO c.h.h.t.HelmChartContainer - [hivemq-test-hivemq-platform] [hivemq-platform-operator] [abd7b85e] 18:44:19.948 [ReconcilerExecutor-hivemq-controller-109] DEBUG c.h.p.o.HiveMQPlatformReconciler - [helmmqtt] Custom Resource Status STARTING - HiveMQ Platform is starting (READY)
2025-01-29 18:44:19,949 INFO c.h.h.t.HelmChartContainer - [hivemq-test-hivemq-platform] [hivemq-platform-operator] [abd7b85e] 18:44:19.948 [ReconcilerExecutor-hivemq-controller-109] DEBUG c.h.p.o.HiveMQPlatformReconciler - [helmmqtt] Custom Resource Spec (replicas: 1) (extensions: 1)
2025-01-29 18:44:19,951 INFO c.h.h.t.HelmChartContainer - [hivemq-test-hivemq-platform] [hivemq-platform-operator] [abd7b85e] 18:44:19.950 [ReconcilerExecutor-hivemq-controller-109] DEBUG c.h.p.o.HiveMQPlatformReconciler - [helmmqtt] StatefulSet Status (revision: test-hivemq-platform-7bbc5894fb, replicas: 1, available: 0, ready: 0, current: 1, updated: 1)
2025-01-29 18:44:19,951 INFO c.h.h.t.HelmChartContainer - [hivemq-test-hivemq-platform] [hivemq-platform-operator] [abd7b85e] 18:44:19.950 [ReconcilerExecutor-hivemq-controller-109] DEBUG c.h.p.o.HiveMQPlatformReconciler - [helmmqtt] StatefulSet Spec (replicas: 1, init containers: 1, containers: 1, volumes: 3)
2025-01-29 18:44:19,953 INFO c.h.h.t.HelmChartContainer - [hivemq-test-hivemq-platform] [hivemq-platform-operator] [abd7b85e] 18:44:19.952 [ReconcilerExecutor-hivemq-controller-109] DEBUG c.h.p.o.h.HiveMQPlatformReconcilerErrorHandler - [helmmqtt] Pod 'test-hivemq-platform-0' phase Running
2025-01-29 18:44:19,954 INFO c.h.h.t.HelmChartContainer - [hivemq-test-hivemq-platform] [hivemq-platform-operator] [abd7b85e] 18:44:19.953 [ReconcilerExecutor-hivemq-controller-109] INFO  c.h.p.o.h.HiveMQPlatformReconcilerBaseHandler - [helmmqtt] HiveMQ Platform is starting, 0 of 1 replicas are ready
2025-01-29 18:44:20,031 INFO c.h.h.t.HelmChartContainer - [test-hivemq-platform] [hivemq] [b28d2377] INFO  - [HiveMQ Platform Operator Init 1.7.0-SNAPSHOT] HiveMQ Platform Operator Init 1.7.0-SNAPSHOT (commit: b1b9591 on branch: HEAD) built on Wed Jan 29 18:32:18 UTC 2025
2025-01-29 18:44:21,245 INFO c.h.h.t.HelmChartContainer - [test-hivemq-platform] [hivemq] [b28d2377] INFO  - [HiveMQ Platform Operator Init App 1.7.0-SNAPSHOT] Using bind address 10.42.0.15 from environment variable
2025-01-29 18:44:22,219 INFO c.h.h.t.HelmChartContainer - [test-hivemq-platform] [hivemq] [b28d2377] INFO  - [HiveMQ Platform Operator Init App 1.7.0-SNAPSHOT] HiveMQ Platform Operator Init App 1.7.0-SNAPSHOT (commit: b1b9591 on branch: HEAD) built on Wed Jan 29 18:32:18 UTC 2025
2025-01-29 18:44:22,220 INFO c.h.h.t.HelmChartContainer - [test-hivemq-platform] [hivemq] [b28d2377] INFO  - [HiveMQ Platform Operator Init App 1.7.0-SNAPSHOT] PodInfo ConfigMap directory: /etc/podinfo
2025-01-29 18:44:22,220 INFO c.h.h.t.HelmChartContainer - [test-hivemq-platform] [hivemq] [b28d2377] INFO  - [HiveMQ Platform Operator Init App 1.7.0-SNAPSHOT] HiveMQ home directory: /opt/hivemq
2025-01-29 18:44:22,220 INFO c.h.h.t.HelmChartContainer - [test-hivemq-platform] [hivemq] [b28d2377] INFO  - [HiveMQ Platform Operator Init App 1.7.0-SNAPSHOT] HiveMQ Logback folder: /opt/hivemq/conf
2025-01-29 18:44:22,220 INFO c.h.h.t.HelmChartContainer - [test-hivemq-platform] [hivemq] [b28d2377] INFO  - [HiveMQ Platform Operator Init App 1.7.0-SNAPSHOT] HiveMQ Config folder: /opt/hivemq/conf-k8s
2025-01-29 18:44:22,220 INFO c.h.h.t.HelmChartContainer - [test-hivemq-platform] [hivemq] [b28d2377] INFO  - [HiveMQ Platform Operator Init App 1.7.0-SNAPSHOT] Starting HiveMQ Platform Operator Init App
2025-01-29 18:44:22,220 INFO c.h.h.t.HelmChartContainer - [test-hivemq-platform] [hivemq] [b28d2377] INFO  - [HiveMQ Platform Operator Init App 1.7.0-SNAPSHOT] Starting Pod reconciler
2025-01-29 18:44:23,513 INFO c.h.h.t.HelmChartContainer - [test-hivemq-platform] [hivemq] [b28d2377] INFO  - [HiveMQ Platform Operator Init App 1.7.0-SNAPSHOT] Pod reconciler is scheduled (interval: 5000 ms)
2025-01-29 18:44:23,514 INFO c.h.h.t.HelmChartContainer - [test-hivemq-platform] [hivemq] [b28d2377] INFO  - [HiveMQ Platform Operator Init App 1.7.0-SNAPSHOT] Starting the REST API on 10.42.0.15:7979
2025-01-29 18:44:23,517 INFO c.h.h.t.HelmChartContainer - [test-hivemq-platform] [hivemq] [b28d2377] INFO  - [HiveMQ Platform Operator Init App 1.7.0-SNAPSHOT] Waiting up to 600s for at most 1 HiveMQ nodes in cluster service hivemq-test-hivemq-platform-cluster.helmmqttit.svc
2025-01-29 18:44:23,837 INFO c.h.h.t.HelmChartContainer - [test-hivemq-platform] [hivemq] [b28d2377] INFO  - [HiveMQ Platform Operator Init App 1.7.0-SNAPSHOT] Resolved 1 IP addresses: [10.42.0.15]
2025-01-29 18:44:23,837 INFO c.h.h.t.HelmChartContainer - [test-hivemq-platform] [hivemq] [b28d2377] INFO  - [HiveMQ Platform Operator Init App 1.7.0-SNAPSHOT] HiveMQ node count of 1 is within threshold of 1
2025-01-29 18:44:23,837 INFO c.h.h.t.HelmChartContainer - [test-hivemq-platform] [hivemq] [b28d2377] INFO  - [HiveMQ Platform Operator Init App 1.7.0-SNAPSHOT] Proceeding with container start
2025-01-29 18:44:23,935 INFO c.h.h.t.HelmChartContainer - [test-hivemq-platform] [hivemq] [b28d2377] INFO  - [HiveMQ Platform Operator Init App 1.7.0-SNAPSHOT] Initializing HiveMQ Platform extensions with initial configuration: {hivemq-allow-all-extension={start-priority=-1, skip-https-hostname-verification=false, restart=true, config-version=0, header-version=0, c-uri=, priority=-1, uri=preinstalled, skip-https-certificate-validation=false, enabled=true}, hivemq-prometheus-extension={priority=-1, start-priority=-1, c-uri=, skip-https-hostname-verification=false, skip-https-certificate-validation=false, uri=preinstalled, request-header-path=no-request-headers, enabled=true, restart=true}}
2025-01-29 18:44:24,426 INFO c.h.h.t.HelmChartContainer - [test-hivemq-platform] [hivemq] [b28d2377] INFO  - [HiveMQ Platform Operator Init App 1.7.0-SNAPSHOT] Extension hivemq-allow-all-extension was already enabled
2025-01-29 18:44:24,516 INFO c.h.h.t.HelmChartContainer - [test-hivemq-platform] [hivemq] [b28d2377] INFO  - [HiveMQ Platform Operator Init App 1.7.0-SNAPSHOT] Successfully enabled extension hivemq-prometheus-extension
2025-01-29 18:44:24,517 INFO c.h.h.t.HelmChartContainer - [test-hivemq-platform] [hivemq] [b28d2377] INFO  - [HiveMQ Platform Operator Init App 1.7.0-SNAPSHOT] Starting HiveMQ Platform version 4.36.0 (4.36.0)
2025-01-29 18:44:24,517 INFO c.h.h.t.HelmChartContainer - [test-hivemq-platform] [hivemq] [b28d2377] INFO  - [HiveMQ Platform Operator Init App 1.7.0-SNAPSHOT] Configuring the HiveMQ Platform
2025-01-29 18:44:24,525 INFO c.h.h.t.HelmChartContainer - [test-hivemq-platform] [hivemq] [b28d2377] INFO  - [HiveMQ Platform Operator Init App 1.7.0-SNAPSHOT] Changed logback.xml file scan period to 20 seconds
2025-01-29 18:44:24,624 INFO c.h.h.t.HelmChartContainer - [test-hivemq-platform] [hivemq] [b28d2377] INFO  - [HiveMQ Platform Operator Init App 1.7.0-SNAPSHOT] Starting the HiveMQ Platform
2025-01-29 18:44:24,627 INFO c.h.h.t.HelmChartContainer - [test-hivemq-platform] [hivemq] [b28d2377] -------------------------------------------------------------------------
2025-01-29 18:44:24,627 INFO c.h.h.t.HelmChartContainer - [test-hivemq-platform] [hivemq] [b28d2377] 
2025-01-29 18:44:24,627 INFO c.h.h.t.HelmChartContainer - [test-hivemq-platform] [hivemq] [b28d2377]                   _    _  _              __  __   ____
2025-01-29 18:44:24,627 INFO c.h.h.t.HelmChartContainer - [test-hivemq-platform] [hivemq] [b28d2377]                  | |  | |(_)            |  \/  | / __ \
2025-01-29 18:44:24,627 INFO c.h.h.t.HelmChartContainer - [test-hivemq-platform] [hivemq] [b28d2377]                  | |__| | _ __   __ ___ | \  / || |  | |
2025-01-29 18:44:24,627 INFO c.h.h.t.HelmChartContainer - [test-hivemq-platform] [hivemq] [b28d2377]                  |  __  || |\ \ / // _ \| |\/| || |  | |
2025-01-29 18:44:24,627 INFO c.h.h.t.HelmChartContainer - [test-hivemq-platform] [hivemq] [b28d2377]                  | |  | || | \ V /|  __/| |  | || |__| |
2025-01-29 18:44:24,627 INFO c.h.h.t.HelmChartContainer - [test-hivemq-platform] [hivemq] [b28d2377]                  |_|  |_||_|  \_/  \___||_|  |_| \___\_\
2025-01-29 18:44:24,627 INFO c.h.h.t.HelmChartContainer - [test-hivemq-platform] [hivemq] [b28d2377] 
2025-01-29 18:44:24,627 INFO c.h.h.t.HelmChartContainer - [test-hivemq-platform] [hivemq] [b28d2377] -------------------------------------------------------------------------
2025-01-29 18:44:24,627 INFO c.h.h.t.HelmChartContainer - [test-hivemq-platform] [hivemq] [b28d2377] 
2025-01-29 18:44:24,627 INFO c.h.h.t.HelmChartContainer - [test-hivemq-platform] [hivemq] [b28d2377]   HiveMQ Start Script for Linux/Unix v1.14
2025-01-29 18:44:24,627 INFO c.h.h.t.HelmChartContainer - [test-hivemq-platform] [hivemq] [b28d2377] 
2025-01-29 18:44:24,733 INFO c.h.h.t.HelmChartContainer - [test-hivemq-platform] [hivemq] [b28d2377] -------------------------------------------------------------------------
2025-01-29 18:44:24,733 INFO c.h.h.t.HelmChartContainer - [test-hivemq-platform] [hivemq] [b28d2377] 
2025-01-29 18:44:24,733 INFO c.h.h.t.HelmChartContainer - [test-hivemq-platform] [hivemq] [b28d2377]   HIVEMQ_HOME: /opt/hivemq
2025-01-29 18:44:24,733 INFO c.h.h.t.HelmChartContainer - [test-hivemq-platform] [hivemq] [b28d2377] 
2025-01-29 18:44:24,733 INFO c.h.h.t.HelmChartContainer - [test-hivemq-platform] [hivemq] [b28d2377]   JAVA_OPTS: -XX:+UnlockExperimentalVMOptions -XX:InitialRAMPercentage=50 -XX:MaxRAMPercentage=50 -Djava.net.preferIPv4Stack=true --add-opens java.base/java.lang=ALL-UNNAMED --add-opens java.base/java.nio=ALL-UNNAMED --add-opens java.base/sun.nio.ch=ALL-UNNAMED --add-opens jdk.management/com.sun.management.internal=ALL-UNNAMED --add-exports java.base/jdk.internal.misc=ALL-UNNAMED -Djava.security.egd=file:/dev/./urandom -Dcom.sun.management.jmxremote -Dcom.sun.management.jmxremote.port=9010 -Dcom.sun.management.jmxremote.local.only=false -Dcom.sun.management.jmxremote.authenticate=false -Dcom.sun.management.jmxremote.ssl=false -Duser.language=en -Duser.region=US -XX:+CrashOnOutOfMemoryError -XX:+HeapDumpOnOutOfMemoryError
2025-01-29 18:44:24,733 INFO c.h.h.t.HelmChartContainer - [test-hivemq-platform] [hivemq] [b28d2377] 
2025-01-29 18:44:24,733 INFO c.h.h.t.HelmChartContainer - [test-hivemq-platform] [hivemq] [b28d2377]   JAVA_VERSION: 21
2025-01-29 18:44:24,733 INFO c.h.h.t.HelmChartContainer - [test-hivemq-platform] [hivemq] [b28d2377] 
2025-01-29 18:44:24,733 INFO c.h.h.t.HelmChartContainer - [test-hivemq-platform] [hivemq] [b28d2377] -------------------------------------------------------------------------
2025-01-29 18:44:24,733 INFO c.h.h.t.HelmChartContainer - [test-hivemq-platform] [hivemq] [b28d2377] 
2025-01-29 18:44:25,836 INFO c.h.h.t.HelmChartContainer - [test-hivemq-platform] [hivemq] [b28d2377] INFO  - [HiveMQ Platform Operator Init App 1.7.0-SNAPSHOT] Returning default Health API response 503 for readiness
2025-01-29 18:44:26,224 INFO c.h.h.t.HelmChartContainer - [EVENT] Warning [Unhealthy] Readiness probe failed: HTTP probe failed with statuscode: 503 [helmmqttit:test-hivemq-platform-0]
2025-01-29 18:44:26,224 INFO c.h.h.t.HelmChartContainer - Received Unhealthy event for container hivemq in pod test-hivemq-platform-0 [b28d2377-caa0-4be9-8429-6c0564bfbf63]
2025-01-29 18:44:27,327 INFO c.h.h.t.HelmChartContainer - [test-hivemq-platform] [hivemq] [b28d2377] INFO  - Starting HiveMQ Enterprise Server
2025-01-29 18:44:27,417 INFO c.h.h.t.HelmChartContainer - [test-hivemq-platform] [hivemq] [b28d2377] INFO  - HiveMQ version: 4.36.0
2025-01-29 18:44:27,417 INFO c.h.h.t.HelmChartContainer - [test-hivemq-platform] [hivemq] [b28d2377] INFO  - HiveMQ home directory: /opt/hivemq
2025-01-29 18:44:27,417 INFO c.h.h.t.HelmChartContainer - [test-hivemq-platform] [hivemq] [b28d2377] INFO  - Log Configuration was overridden by /opt/hivemq/conf/logback.xml
2025-01-29 18:44:28,722 INFO c.h.h.t.HelmChartContainer - [test-hivemq-platform] [hivemq] [b28d2377] INFO  - Successfully loaded configuration from '/opt/hivemq/conf-k8s/config.xml'.
2025-01-29 18:44:29,148 INFO c.h.h.t.HelmChartContainer - [K3S] [range_allocator.go:247] "Successfully synced" key="6206d5544d57"
2025-01-29 18:44:29,515 INFO c.h.h.t.HelmChartContainer - [test-hivemq-platform] [hivemq] [b28d2377] INFO  - This node's ID is XBKF3
2025-01-29 18:44:29,517 INFO c.h.h.t.HelmChartContainer - [test-hivemq-platform] [hivemq] [b28d2377] INFO  - Clustering is enabled
2025-01-29 18:44:29,958 INFO c.h.h.t.HelmChartContainer - [hivemq-test-hivemq-platform] [hivemq-platform-operator] [abd7b85e] 18:44:29.957 [pool-6-thread-15] DEBUG c.h.p.o.d.PlatformServiceResource - [helmmqtt] Desired Platform services (2 services)
2025-01-29 18:44:29,960 INFO c.h.h.t.HelmChartContainer - [hivemq-test-hivemq-platform] [hivemq-platform-operator] [abd7b85e] 18:44:29.958 [pool-6-thread-17] DEBUG c.h.p.o.d.PodServiceAccountResource - [helmmqtt] Desired PodServiceAccountResource (serviceAccountName: hivemq-platform-pod-test-hivemq-platform)
2025-01-29 18:44:29,962 INFO c.h.h.t.HelmChartContainer - [hivemq-test-hivemq-platform] [hivemq-platform-operator] [abd7b85e] 18:44:29.960 [pool-6-thread-16] DEBUG c.h.p.o.dependants.PodInfoConfigMap - [helmmqtt] Desired PodInfo ConfigMap (1 extensions) (1 enabled)
2025-01-29 18:44:29,963 INFO c.h.h.t.HelmChartContainer - [hivemq-test-hivemq-platform] [hivemq-platform-operator] [abd7b85e] 18:44:29.961 [pool-6-thread-16] DEBUG c.h.p.o.dependants.PodInfoConfigMap - [helmmqtt] Desired PodInfo ConfigMap (metrics port: 9399) (metrics path: /)
2025-01-29 18:44:29,963 INFO c.h.h.t.HelmChartContainer - [hivemq-test-hivemq-platform] [hivemq-platform-operator] [abd7b85e] 18:44:29.961 [pool-6-thread-16] DEBUG c.h.p.o.dependants.PodInfoConfigMap - [helmmqtt] Desired PodInfo ConfigMap (extension state hash: -1817474005)
2025-01-29 18:44:29,964 INFO c.h.h.t.HelmChartContainer - [hivemq-test-hivemq-platform] [hivemq-platform-operator] [abd7b85e] 18:44:29.963 [pool-6-thread-12] DEBUG c.h.p.o.d.StatefulSetResource - [helmmqtt] Desired StatefulSet (1 replicas) for status STARTING (READY)
2025-01-29 18:44:29,967 INFO c.h.h.t.HelmChartContainer - [hivemq-test-hivemq-platform] [hivemq-platform-operator] [abd7b85e] 18:44:29.966 [ReconcilerExecutor-hivemq-controller-110] INFO  c.h.p.o.HiveMQPlatformReconciler - [helmmqtt] Reconciling HiveMQ Platform 'test-hivemq-platform' in namespace 'helmmqttit'
2025-01-29 18:44:29,968 INFO c.h.h.t.HelmChartContainer - [hivemq-test-hivemq-platform] [hivemq-platform-operator] [abd7b85e] 18:44:29.967 [ReconcilerExecutor-hivemq-controller-110] DEBUG c.h.p.o.HiveMQPlatformReconciler - [helmmqtt] Custom Resource Status STARTING - HiveMQ Platform is starting (READY)
2025-01-29 18:44:29,968 INFO c.h.h.t.HelmChartContainer - [hivemq-test-hivemq-platform] [hivemq-platform-operator] [abd7b85e] 18:44:29.967 [ReconcilerExecutor-hivemq-controller-110] DEBUG c.h.p.o.HiveMQPlatformReconciler - [helmmqtt] Custom Resource Spec (replicas: 1) (extensions: 1)
2025-01-29 18:44:29,969 INFO c.h.h.t.HelmChartContainer - [hivemq-test-hivemq-platform] [hivemq-platform-operator] [abd7b85e] 18:44:29.968 [ReconcilerExecutor-hivemq-controller-110] DEBUG c.h.p.o.HiveMQPlatformReconciler - [helmmqtt] StatefulSet Status (revision: test-hivemq-platform-7bbc5894fb, replicas: 1, available: 0, ready: 0, current: 1, updated: 1)
2025-01-29 18:44:29,969 INFO c.h.h.t.HelmChartContainer - [hivemq-test-hivemq-platform] [hivemq-platform-operator] [abd7b85e] 18:44:29.968 [ReconcilerExecutor-hivemq-controller-110] DEBUG c.h.p.o.HiveMQPlatformReconciler - [helmmqtt] StatefulSet Spec (replicas: 1, init containers: 1, containers: 1, volumes: 3)
2025-01-29 18:44:29,972 INFO c.h.h.t.HelmChartContainer - [hivemq-test-hivemq-platform] [hivemq-platform-operator] [abd7b85e] 18:44:29.970 [ReconcilerExecutor-hivemq-controller-110] DEBUG c.h.p.o.h.HiveMQPlatformReconcilerErrorHandler - [helmmqtt] Pod 'test-hivemq-platform-0' phase Running
2025-01-29 18:44:29,972 INFO c.h.h.t.HelmChartContainer - [hivemq-test-hivemq-platform] [hivemq-platform-operator] [abd7b85e] 18:44:29.971 [ReconcilerExecutor-hivemq-controller-110] INFO  c.h.p.o.h.HiveMQPlatformReconcilerBaseHandler - [helmmqtt] HiveMQ Platform is starting, 0 of 1 replicas are ready
2025-01-29 18:44:31,417 INFO c.h.h.t.HelmChartContainer - [test-hivemq-platform] [hivemq] [b28d2377] WARN  - [HiveMQ Platform Operator Init App 1.7.0-SNAPSHOT] Cannot connect to Health API for readiness: null
2025-01-29 18:44:31,421 INFO c.h.h.t.HelmChartContainer - [EVENT] Warning [Unhealthy] Readiness probe failed: HTTP probe failed with statuscode: 503 [helmmqttit:test-hivemq-platform-0]
2025-01-29 18:44:31,421 INFO c.h.h.t.HelmChartContainer - Received Unhealthy event for container hivemq in pod test-hivemq-platform-0 [b28d2377-caa0-4be9-8429-6c0564bfbf63]
2025-01-29 18:44:33,723 INFO c.h.h.t.HelmChartContainer - [test-hivemq-platform] [hivemq] [b28d2377] Jan 29, 2025 6:44:33 PM io.vertx.core.impl.BlockedThreadChecker
2025-01-29 18:44:33,725 INFO c.h.h.t.HelmChartContainer - [test-hivemq-platform] [hivemq] [b28d2377] WARNING: Thread Thread[vert.x-eventloop-thread-1,5,main] has been blocked for 2300 ms, time limit is 2000 ms
2025-01-29 18:44:34,217 INFO c.h.h.t.HelmChartContainer - [test-hivemq-platform] [hivemq] [b28d2377] INFO  - [HiveMQ Platform Operator Init App 1.7.0-SNAPSHOT] Updating Pod HiveMQ Platform Operator Init App version annotation (version: 1.7.0-SNAPSHOT)
2025-01-29 18:44:34,929 INFO c.h.h.t.HelmChartContainer - [POD] test-hivemq-platform-0 [b28d2377-caa0-4be9-8429-6c0564bfbf63] in helmmqttit was MODIFIED
2025-01-29 18:44:34,938 INFO c.h.h.t.HelmChartContainer - [hivemq-test-hivemq-platform] [hivemq-platform-operator] [abd7b85e] 18:44:34.933 [pool-6-thread-25] DEBUG c.h.p.o.d.PlatformServiceResource - [helmmqtt] Desired Platform services (2 services)
2025-01-29 18:44:34,938 INFO c.h.h.t.HelmChartContainer - [hivemq-test-hivemq-platform] [hivemq-platform-operator] [abd7b85e] 18:44:34.936 [pool-6-thread-24] DEBUG c.h.p.o.d.PodServiceAccountResource - [helmmqtt] Desired PodServiceAccountResource (serviceAccountName: hivemq-platform-pod-test-hivemq-platform)
2025-01-29 18:44:34,938 INFO c.h.h.t.HelmChartContainer - [hivemq-test-hivemq-platform] [hivemq-platform-operator] [abd7b85e] 18:44:34.937 [pool-6-thread-26] DEBUG c.h.p.o.dependants.PodInfoConfigMap - [helmmqtt] Desired PodInfo ConfigMap (1 extensions) (1 enabled)
2025-01-29 18:44:34,938 INFO c.h.h.t.HelmChartContainer - [hivemq-test-hivemq-platform] [hivemq-platform-operator] [abd7b85e] 18:44:34.937 [pool-6-thread-26] DEBUG c.h.p.o.dependants.PodInfoConfigMap - [helmmqtt] Desired PodInfo ConfigMap (metrics port: 9399) (metrics path: /)
2025-01-29 18:44:34,938 INFO c.h.h.t.HelmChartContainer - [hivemq-test-hivemq-platform] [hivemq-platform-operator] [abd7b85e] 18:44:34.937 [pool-6-thread-26] DEBUG c.h.p.o.dependants.PodInfoConfigMap - [helmmqtt] Desired PodInfo ConfigMap (extension state hash: -1817474005)
2025-01-29 18:44:34,945 INFO c.h.h.t.HelmChartContainer - [hivemq-test-hivemq-platform] [hivemq-platform-operator] [abd7b85e] 18:44:34.941 [pool-6-thread-24] DEBUG c.h.p.o.d.StatefulSetResource - [helmmqtt] Desired StatefulSet (1 replicas) for status STARTING (READY)
2025-01-29 18:44:34,946 INFO c.h.h.t.HelmChartContainer - [hivemq-test-hivemq-platform] [hivemq-platform-operator] [abd7b85e] 18:44:34.945 [ReconcilerExecutor-hivemq-controller-111] INFO  c.h.p.o.HiveMQPlatformReconciler - [helmmqtt] Reconciling HiveMQ Platform 'test-hivemq-platform' in namespace 'helmmqttit'
2025-01-29 18:44:34,947 INFO c.h.h.t.HelmChartContainer - [hivemq-test-hivemq-platform] [hivemq-platform-operator] [abd7b85e] 18:44:34.945 [ReconcilerExecutor-hivemq-controller-111] DEBUG c.h.p.o.HiveMQPlatformReconciler - [helmmqtt] Custom Resource Status STARTING - HiveMQ Platform is starting (READY)
2025-01-29 18:44:34,947 INFO c.h.h.t.HelmChartContainer - [hivemq-test-hivemq-platform] [hivemq-platform-operator] [abd7b85e] 18:44:34.946 [ReconcilerExecutor-hivemq-controller-111] DEBUG c.h.p.o.HiveMQPlatformReconciler - [helmmqtt] Custom Resource Spec (replicas: 1) (extensions: 1)
2025-01-29 18:44:34,952 INFO c.h.h.t.HelmChartContainer - [hivemq-test-hivemq-platform] [hivemq-platform-operator] [abd7b85e] 18:44:34.947 [ReconcilerExecutor-hivemq-controller-111] DEBUG c.h.p.o.HiveMQPlatformReconciler - [helmmqtt] StatefulSet Status (revision: test-hivemq-platform-7bbc5894fb, replicas: 1, available: 0, ready: 0, current: 1, updated: 1)
2025-01-29 18:44:34,952 INFO c.h.h.t.HelmChartContainer - [hivemq-test-hivemq-platform] [hivemq-platform-operator] [abd7b85e] 18:44:34.947 [ReconcilerExecutor-hivemq-controller-111] DEBUG c.h.p.o.HiveMQPlatformReconciler - [helmmqtt] StatefulSet Spec (replicas: 1, init containers: 1, containers: 1, volumes: 3)
2025-01-29 18:44:34,952 INFO c.h.h.t.HelmChartContainer - [hivemq-test-hivemq-platform] [hivemq-platform-operator] [abd7b85e] 18:44:34.949 [ReconcilerExecutor-hivemq-controller-111] DEBUG c.h.p.o.h.HiveMQPlatformReconcilerErrorHandler - [helmmqtt] Pod 'test-hivemq-platform-0' phase Running
2025-01-29 18:44:34,952 INFO c.h.h.t.HelmChartContainer - [hivemq-test-hivemq-platform] [hivemq-platform-operator] [abd7b85e] 18:44:34.949 [ReconcilerExecutor-hivemq-controller-111] INFO  c.h.p.o.h.HiveMQPlatformReconcilerBaseHandler - [helmmqtt] HiveMQ Platform is starting, 0 of 1 replicas are ready
2025-01-29 18:44:35,021 INFO c.h.h.t.HelmChartContainer - [test-hivemq-platform] [hivemq] [b28d2377] WARN  - [HiveMQ Platform Operator Init App 1.7.0-SNAPSHOT] Cannot connect to Health API for readiness: null
2025-01-29 18:44:35,026 INFO c.h.h.t.HelmChartContainer - [EVENT] Warning [Unhealthy] Readiness probe failed: HTTP probe failed with statuscode: 503 [helmmqttit:test-hivemq-platform-0]
2025-01-29 18:44:35,026 INFO c.h.h.t.HelmChartContainer - Received Unhealthy event for container hivemq in pod test-hivemq-platform-0 [b28d2377-caa0-4be9-8429-6c0564bfbf63]
2025-01-29 18:44:35,118 INFO c.h.h.t.HelmChartContainer - [test-hivemq-platform] [hivemq] [b28d2377] INFO  - [HiveMQ Platform Operator Init App 1.7.0-SNAPSHOT] Successfully updated Pod HiveMQ Platform Operator Init App version annotation (version: 1.7.0-SNAPSHOT)
2025-01-29 18:44:39,932 INFO c.h.h.t.HelmChartContainer - [test-hivemq-platform] [hivemq] [b28d2377] WARN  - [HiveMQ Platform Operator Init App 1.7.0-SNAPSHOT] Cannot connect to Health API for readiness: null
2025-01-29 18:44:39,938 INFO c.h.h.t.HelmChartContainer - [EVENT] Warning [Unhealthy] Readiness probe failed: HTTP probe failed with statuscode: 503 [helmmqttit:test-hivemq-platform-0]
2025-01-29 18:44:39,938 INFO c.h.h.t.HelmChartContainer - Received Unhealthy event for container hivemq in pod test-hivemq-platform-0 [b28d2377-caa0-4be9-8429-6c0564bfbf63]
2025-01-29 18:44:44,955 INFO c.h.h.t.HelmChartContainer - [hivemq-test-hivemq-platform] [hivemq-platform-operator] [abd7b85e] 18:44:44.951 [pool-6-thread-36] DEBUG c.h.p.o.d.PlatformServiceResource - [helmmqtt] Desired Platform services (2 services)
2025-01-29 18:44:44,955 INFO c.h.h.t.HelmChartContainer - [hivemq-test-hivemq-platform] [hivemq-platform-operator] [abd7b85e] 18:44:44.952 [pool-6-thread-37] DEBUG c.h.p.o.dependants.PodInfoConfigMap - [helmmqtt] Desired PodInfo ConfigMap (1 extensions) (1 enabled)
2025-01-29 18:44:44,955 INFO c.h.h.t.HelmChartContainer - [hivemq-test-hivemq-platform] [hivemq-platform-operator] [abd7b85e] 18:44:44.952 [pool-6-thread-37] DEBUG c.h.p.o.dependants.PodInfoConfigMap - [helmmqtt] Desired PodInfo ConfigMap (metrics port: 9399) (metrics path: /)
2025-01-29 18:44:44,955 INFO c.h.h.t.HelmChartContainer - [hivemq-test-hivemq-platform] [hivemq-platform-operator] [abd7b85e] 18:44:44.952 [pool-6-thread-37] DEBUG c.h.p.o.dependants.PodInfoConfigMap - [helmmqtt] Desired PodInfo ConfigMap (extension state hash: -1817474005)
2025-01-29 18:44:44,955 INFO c.h.h.t.HelmChartContainer - [hivemq-test-hivemq-platform] [hivemq-platform-operator] [abd7b85e] 18:44:44.953 [pool-6-thread-32] DEBUG c.h.p.o.d.PodServiceAccountResource - [helmmqtt] Desired PodServiceAccountResource (serviceAccountName: hivemq-platform-pod-test-hivemq-platform)
2025-01-29 18:44:44,959 INFO c.h.h.t.HelmChartContainer - [hivemq-test-hivemq-platform] [hivemq-platform-operator] [abd7b85e] 18:44:44.957 [pool-6-thread-33] DEBUG c.h.p.o.d.StatefulSetResource - [helmmqtt] Desired StatefulSet (1 replicas) for status STARTING (READY)
2025-01-29 18:44:44,962 INFO c.h.h.t.HelmChartContainer - [hivemq-test-hivemq-platform] [hivemq-platform-operator] [abd7b85e] 18:44:44.961 [ReconcilerExecutor-hivemq-controller-112] INFO  c.h.p.o.HiveMQPlatformReconciler - [helmmqtt] Reconciling HiveMQ Platform 'test-hivemq-platform' in namespace 'helmmqttit'
2025-01-29 18:44:44,963 INFO c.h.h.t.HelmChartContainer - [hivemq-test-hivemq-platform] [hivemq-platform-operator] [abd7b85e] 18:44:44.961 [ReconcilerExecutor-hivemq-controller-112] DEBUG c.h.p.o.HiveMQPlatformReconciler - [helmmqtt] Custom Resource Status STARTING - HiveMQ Platform is starting (READY)
2025-01-29 18:44:44,963 INFO c.h.h.t.HelmChartContainer - [hivemq-test-hivemq-platform] [hivemq-platform-operator] [abd7b85e] 18:44:44.961 [ReconcilerExecutor-hivemq-controller-112] DEBUG c.h.p.o.HiveMQPlatformReconciler - [helmmqtt] Custom Resource Spec (replicas: 1) (extensions: 1)
2025-01-29 18:44:44,964 INFO c.h.h.t.HelmChartContainer - [hivemq-test-hivemq-platform] [hivemq-platform-operator] [abd7b85e] 18:44:44.963 [ReconcilerExecutor-hivemq-controller-112] DEBUG c.h.p.o.HiveMQPlatformReconciler - [helmmqtt] StatefulSet Status (revision: test-hivemq-platform-7bbc5894fb, replicas: 1, available: 0, ready: 0, current: 1, updated: 1)
2025-01-29 18:44:44,964 INFO c.h.h.t.HelmChartContainer - [hivemq-test-hivemq-platform] [hivemq-platform-operator] [abd7b85e] 18:44:44.963 [ReconcilerExecutor-hivemq-controller-112] DEBUG c.h.p.o.HiveMQPlatformReconciler - [helmmqtt] StatefulSet Spec (replicas: 1, init containers: 1, containers: 1, volumes: 3)
2025-01-29 18:44:44,966 INFO c.h.h.t.HelmChartContainer - [hivemq-test-hivemq-platform] [hivemq-platform-operator] [abd7b85e] 18:44:44.965 [ReconcilerExecutor-hivemq-controller-112] DEBUG c.h.p.o.h.HiveMQPlatformReconcilerErrorHandler - [helmmqtt] Pod 'test-hivemq-platform-0' phase Running
2025-01-29 18:44:44,967 INFO c.h.h.t.HelmChartContainer - [hivemq-test-hivemq-platform] [hivemq-platform-operator] [abd7b85e] 18:44:44.966 [ReconcilerExecutor-hivemq-controller-112] INFO  c.h.p.o.h.HiveMQPlatformReconcilerBaseHandler - [helmmqtt] HiveMQ Platform is starting, 0 of 1 replicas are ready
2025-01-29 18:44:45,016 INFO c.h.h.t.HelmChartContainer - [test-hivemq-platform] [hivemq] [b28d2377] WARN  - [HiveMQ Platform Operator Init App 1.7.0-SNAPSHOT] Cannot connect to Health API for readiness: null
2025-01-29 18:44:45,023 INFO c.h.h.t.HelmChartContainer - [EVENT] Warning [Unhealthy] Readiness probe failed: HTTP probe failed with statuscode: 503 [helmmqttit:test-hivemq-platform-0]
2025-01-29 18:44:45,023 INFO c.h.h.t.HelmChartContainer - Received Unhealthy event for container hivemq in pod test-hivemq-platform-0 [b28d2377-caa0-4be9-8429-6c0564bfbf63]
2025-01-29 18:44:46,516 INFO c.h.h.t.HelmChartContainer - [test-hivemq-platform] [hivemq] [b28d2377] WARN  - [HiveMQ Platform Operator Init App 1.7.0-SNAPSHOT] Cannot connect to Health API for liveness: null
2025-01-29 18:44:46,517 INFO c.h.h.t.HelmChartContainer - [test-hivemq-platform] [hivemq] [b28d2377] INFO  - [HiveMQ Platform Operator Init App 1.7.0-SNAPSHOT] Returning default Health API response 200 for liveness
2025-01-29 18:44:47,947 INFO c.h.h.t.HelmChartContainer - [test-hivemq-platform] [hivemq] [b28d2377] INFO  - No valid license file found. Using trial license, restricted to 25 connections.
2025-01-29 18:44:50,011 INFO c.h.h.t.HelmChartContainer - [test-hivemq-platform] [hivemq] [b28d2377] WARN  - [HiveMQ Platform Operator Init App 1.7.0-SNAPSHOT] Cannot connect to Health API for readiness: null
2025-01-29 18:44:50,016 INFO c.h.h.t.HelmChartContainer - [EVENT] Warning [Unhealthy] Readiness probe failed: HTTP probe failed with statuscode: 503 [helmmqttit:test-hivemq-platform-0]
2025-01-29 18:44:50,016 INFO c.h.h.t.HelmChartContainer - Received Unhealthy event for container hivemq in pod test-hivemq-platform-0 [b28d2377-caa0-4be9-8429-6c0564bfbf63]
2025-01-29 18:44:52,123 INFO c.h.h.t.HelmChartContainer - [test-hivemq-platform] [hivemq] [b28d2377] INFO  - No valid license file for Data Hub found. Using free license, restricted to 1 policy.
2025-01-29 18:44:53,312 INFO c.h.h.t.HelmChartContainer - [test-hivemq-platform] [hivemq] [b28d2377] INFO  - Audit Logger started.
2025-01-29 18:44:53,542 INFO c.h.h.t.HelmChartContainer - [test-hivemq-platform] [hivemq] [b28d2377] INFO  - This node uses '1' CPU cores.
2025-01-29 18:44:53,547 INFO c.h.h.t.HelmChartContainer - [test-hivemq-platform] [hivemq] [b28d2377] INFO  - Starting HiveMQ Health API on address 0.0.0.0 and port 8889
2025-01-29 18:44:54,515 INFO c.h.h.t.HelmChartContainer - [test-hivemq-platform] [hivemq] [b28d2377] INFO  - Started HiveMQ Health API in 968ms
2025-01-29 18:44:54,972 INFO c.h.h.t.HelmChartContainer - [hivemq-test-hivemq-platform] [hivemq-platform-operator] [abd7b85e] 18:44:54.969 [pool-6-thread-47] DEBUG c.h.p.o.d.PlatformServiceResource - [helmmqtt] Desired Platform services (2 services)
2025-01-29 18:44:54,972 INFO c.h.h.t.HelmChartContainer - [hivemq-test-hivemq-platform] [hivemq-platform-operator] [abd7b85e] 18:44:54.969 [pool-6-thread-44] DEBUG c.h.p.o.d.PodServiceAccountResource - [helmmqtt] Desired PodServiceAccountResource (serviceAccountName: hivemq-platform-pod-test-hivemq-platform)
2025-01-29 18:44:54,974 INFO c.h.h.t.HelmChartContainer - [hivemq-test-hivemq-platform] [hivemq-platform-operator] [abd7b85e] 18:44:54.969 [pool-6-thread-46] DEBUG c.h.p.o.dependants.PodInfoConfigMap - [helmmqtt] Desired PodInfo ConfigMap (1 extensions) (1 enabled)
2025-01-29 18:44:54,974 INFO c.h.h.t.HelmChartContainer - [hivemq-test-hivemq-platform] [hivemq-platform-operator] [abd7b85e] 18:44:54.972 [pool-6-thread-46] DEBUG c.h.p.o.dependants.PodInfoConfigMap - [helmmqtt] Desired PodInfo ConfigMap (metrics port: 9399) (metrics path: /)
2025-01-29 18:44:54,974 INFO c.h.h.t.HelmChartContainer - [hivemq-test-hivemq-platform] [hivemq-platform-operator] [abd7b85e] 18:44:54.972 [pool-6-thread-46] DEBUG c.h.p.o.dependants.PodInfoConfigMap - [helmmqtt] Desired PodInfo ConfigMap (extension state hash: -1817474005)
2025-01-29 18:44:54,979 INFO c.h.h.t.HelmChartContainer - [hivemq-test-hivemq-platform] [hivemq-platform-operator] [abd7b85e] 18:44:54.978 [pool-6-thread-46] DEBUG c.h.p.o.d.StatefulSetResource - [helmmqtt] Desired StatefulSet (1 replicas) for status STARTING (READY)
2025-01-29 18:44:54,987 INFO c.h.h.t.HelmChartContainer - [hivemq-test-hivemq-platform] [hivemq-platform-operator] [abd7b85e] 18:44:54.986 [ReconcilerExecutor-hivemq-controller-113] INFO  c.h.p.o.HiveMQPlatformReconciler - [helmmqtt] Reconciling HiveMQ Platform 'test-hivemq-platform' in namespace 'helmmqttit'
2025-01-29 18:44:54,987 INFO c.h.h.t.HelmChartContainer - [hivemq-test-hivemq-platform] [hivemq-platform-operator] [abd7b85e] 18:44:54.986 [ReconcilerExecutor-hivemq-controller-113] DEBUG c.h.p.o.HiveMQPlatformReconciler - [helmmqtt] Custom Resource Status STARTING - HiveMQ Platform is starting (READY)
2025-01-29 18:44:54,988 INFO c.h.h.t.HelmChartContainer - [hivemq-test-hivemq-platform] [hivemq-platform-operator] [abd7b85e] 18:44:54.986 [ReconcilerExecutor-hivemq-controller-113] DEBUG c.h.p.o.HiveMQPlatformReconciler - [helmmqtt] Custom Resource Spec (replicas: 1) (extensions: 1)
2025-01-29 18:44:55,046 INFO c.h.h.t.HelmChartContainer - [hivemq-test-hivemq-platform] [hivemq-platform-operator] [abd7b85e] 18:44:55.044 [ReconcilerExecutor-hivemq-controller-113] DEBUG c.h.p.o.HiveMQPlatformReconciler - [helmmqtt] StatefulSet Status (revision: test-hivemq-platform-7bbc5894fb, replicas: 1, available: 0, ready: 0, current: 1, updated: 1)
2025-01-29 18:44:55,046 INFO c.h.h.t.HelmChartContainer - [hivemq-test-hivemq-platform] [hivemq-platform-operator] [abd7b85e] 18:44:55.044 [ReconcilerExecutor-hivemq-controller-113] DEBUG c.h.p.o.HiveMQPlatformReconciler - [helmmqtt] StatefulSet Spec (replicas: 1, init containers: 1, containers: 1, volumes: 3)
2025-01-29 18:44:55,048 INFO c.h.h.t.HelmChartContainer - [hivemq-test-hivemq-platform] [hivemq-platform-operator] [abd7b85e] 18:44:55.046 [ReconcilerExecutor-hivemq-controller-113] DEBUG c.h.p.o.h.HiveMQPlatformReconcilerErrorHandler - [helmmqtt] Pod 'test-hivemq-platform-0' phase Running
2025-01-29 18:44:55,049 INFO c.h.h.t.HelmChartContainer - [hivemq-test-hivemq-platform] [hivemq-platform-operator] [abd7b85e] 18:44:55.047 [ReconcilerExecutor-hivemq-controller-113] INFO  c.h.p.o.h.HiveMQPlatformReconcilerBaseHandler - [helmmqtt] HiveMQ Platform is starting, 0 of 1 replicas are ready
2025-01-29 18:44:55,225 INFO c.h.h.t.HelmChartContainer - [test-hivemq-platform] [hivemq] [b28d2377] INFO  - Starting HiveMQ extension system.
2025-01-29 18:44:55,716 INFO c.h.h.t.HelmChartContainer - [test-hivemq-platform] [hivemq] [b28d2377] INFO  - Starting extension with id "hivemq-dns-cluster-discovery" at /opt/hivemq/extensions/hivemq-dns-cluster-discovery
2025-01-29 18:44:55,973 INFO c.h.h.t.HelmChartContainer - [EVENT] Warning [Unhealthy] Readiness probe failed: Get "http://10.42.0.15:7979/readiness": context deadline exceeded (Client.Timeout exceeded while awaiting headers) [helmmqttit:test-hivemq-platform-0]
2025-01-29 18:44:55,973 INFO c.h.h.t.HelmChartContainer - Received Unhealthy event for container hivemq in pod test-hivemq-platform-0 [b28d2377-caa0-4be9-8429-6c0564bfbf63]
2025-01-29 18:44:56,124 INFO c.h.h.t.HelmChartContainer - [test-hivemq-platform] [hivemq] [b28d2377] INFO  - [HiveMQ Platform Operator Init App 1.7.0-SNAPSHOT] Returning Health API response 503 for readiness
2025-01-29 18:44:56,523 INFO c.h.h.t.HelmChartContainer - [test-hivemq-platform] [hivemq] [b28d2377] INFO  - Using TCP cluster transport on address 10.42.0.15 and port 7000
2025-01-29 18:44:56,615 INFO c.h.h.t.HelmChartContainer - [test-hivemq-platform] [hivemq] [b28d2377] INFO  - Extension "DNS Cluster Discovery Extension" version 4.3.2 started successfully.
2025-01-29 18:44:56,615 INFO c.h.h.t.HelmChartContainer - [test-hivemq-platform] [hivemq] [b28d2377] INFO  - Starting extension with id "hivemq-prometheus-extension" at /opt/hivemq/extensions/hivemq-prometheus-extension
2025-01-29 18:44:56,618 INFO c.h.h.t.HelmChartContainer - [test-hivemq-platform] [hivemq] [b28d2377] INFO  - Using extension cluster discovery
2025-01-29 18:44:57,623 INFO c.h.h.t.HelmChartContainer - [test-hivemq-platform] [hivemq] [b28d2377] INFO  - Started Jetty Server exposing Prometheus Servlet on URI http://0.0.0.0:9399/
2025-01-29 18:44:57,623 INFO c.h.h.t.HelmChartContainer - [test-hivemq-platform] [hivemq] [b28d2377] INFO  - Extension "Prometheus Monitoring Extension" version 4.0.12 started successfully.
2025-01-29 18:44:57,623 INFO c.h.h.t.HelmChartContainer - [test-hivemq-platform] [hivemq] [b28d2377] INFO  - Starting extension with id "hivemq-allow-all-extension" at /opt/hivemq/extensions/hivemq-allow-all-extension
2025-01-29 18:44:57,623 INFO c.h.h.t.HelmChartContainer - [test-hivemq-platform] [hivemq] [b28d2377] WARN  - 
2025-01-29 18:44:57,623 INFO c.h.h.t.HelmChartContainer - [test-hivemq-platform] [hivemq] [b28d2377] ################################################################################################################
2025-01-29 18:44:57,623 INFO c.h.h.t.HelmChartContainer - [test-hivemq-platform] [hivemq] [b28d2377] # This HiveMQ deployment is not secure! You are lacking Authentication and Authorization.                      #
2025-01-29 18:44:57,623 INFO c.h.h.t.HelmChartContainer - [test-hivemq-platform] [hivemq] [b28d2377] # Right now any MQTT client can connect to the broker with a full set of permissions.                          #
2025-01-29 18:44:57,623 INFO c.h.h.t.HelmChartContainer - [test-hivemq-platform] [hivemq] [b28d2377] # For production usage, add an appropriate security extension and remove the hivemq-allow-all extension.       #
2025-01-29 18:44:57,623 INFO c.h.h.t.HelmChartContainer - [test-hivemq-platform] [hivemq] [b28d2377] # You can download security extensions from the HiveMQ Marketplace (https://www.hivemq.com/extensions/).       #
2025-01-29 18:44:57,623 INFO c.h.h.t.HelmChartContainer - [test-hivemq-platform] [hivemq] [b28d2377] ################################################################################################################
2025-01-29 18:44:57,623 INFO c.h.h.t.HelmChartContainer - [test-hivemq-platform] [hivemq] [b28d2377] INFO  - Extension "Allow All Extension" version 1.1.1 started successfully.
2025-01-29 18:44:59,730 INFO c.h.h.t.HelmChartContainer - [test-hivemq-platform] [hivemq] [b28d2377] INFO  - XBKF3: no members discovered after 2418 ms: creating cluster as first member
2025-01-29 18:44:59,737 INFO c.h.h.t.HelmChartContainer - [test-hivemq-platform] [hivemq] [b28d2377] INFO  - Cluster nodes found by discovery: [XBKF3|0] (1) [XBKF3].
2025-01-29 18:44:59,817 INFO c.h.h.t.HelmChartContainer - [test-hivemq-platform] [hivemq] [b28d2377] WARN  - No user for HiveMQ Control Center configured. Starting with default user
2025-01-29 18:44:59,818 INFO c.h.h.t.HelmChartContainer - [test-hivemq-platform] [hivemq] [b28d2377] INFO  - Starting HiveMQ Control Center on address 127.0.0.1 and port 8080
2025-01-29 18:44:59,819 INFO c.h.h.t.HelmChartContainer - [test-hivemq-platform] [hivemq] [b28d2377] INFO  - Mounting HiveMQ Control Center V2 Preview
2025-01-29 18:45:00,019 INFO c.h.h.t.HelmChartContainer - [EVENT] Warning [Unhealthy] Readiness probe failed: HTTP probe failed with statuscode: 503 [helmmqttit:test-hivemq-platform-0]
2025-01-29 18:45:00,020 INFO c.h.h.t.HelmChartContainer - Received Unhealthy event for container hivemq in pod test-hivemq-platform-0 [b28d2377-caa0-4be9-8429-6c0564bfbf63]
2025-01-29 18:45:00,526 INFO c.h.h.t.HelmChartContainer - [test-hivemq-platform] [hivemq] [b28d2377] INFO  - Started HiveMQ Control Center in 709ms
2025-01-29 18:45:00,620 INFO c.h.h.t.HelmChartContainer - [test-hivemq-platform] [hivemq] [b28d2377] INFO  - Starting TCP listener on address 0.0.0.0 and port 1884
2025-01-29 18:45:00,634 INFO c.h.h.t.HelmChartContainer - [test-hivemq-platform] [hivemq] [b28d2377] INFO  - Started TCP Listener on address 0.0.0.0 and on port 1884.
2025-01-29 18:45:00,634 INFO c.h.h.t.HelmChartContainer - [test-hivemq-platform] [hivemq] [b28d2377] INFO  - Started HiveMQ in 33705ms
2025-01-29 18:45:04,934 INFO c.h.h.t.HelmChartContainer - [test-hivemq-platform] [hivemq] [b28d2377] INFO  - [HiveMQ Platform Operator Init App 1.7.0-SNAPSHOT] Returning Health API response 200 for readiness
2025-01-29 18:45:04,948 INFO c.h.h.t.HelmChartContainer - [POD] test-hivemq-platform-0 [b28d2377-caa0-4be9-8429-6c0564bfbf63] in helmmqttit was MODIFIED
2025-01-29 18:45:04,959 INFO c.h.h.t.HelmChartContainer - [hivemq-test-hivemq-platform] [hivemq-platform-operator] [abd7b85e] 18:45:04.952 [pool-6-thread-1] DEBUG c.h.p.o.d.PlatformServiceResource - [helmmqtt] Desired Platform services (2 services)
2025-01-29 18:45:04,959 INFO c.h.h.t.HelmChartContainer - [hivemq-test-hivemq-platform] [hivemq-platform-operator] [abd7b85e] 18:45:04.954 [pool-6-thread-2] DEBUG c.h.p.o.dependants.PodInfoConfigMap - [helmmqtt] Desired PodInfo ConfigMap (1 extensions) (1 enabled)
2025-01-29 18:45:04,960 INFO c.h.h.t.HelmChartContainer - [hivemq-test-hivemq-platform] [hivemq-platform-operator] [abd7b85e] 18:45:04.958 [pool-6-thread-2] DEBUG c.h.p.o.dependants.PodInfoConfigMap - [helmmqtt] Desired PodInfo ConfigMap (metrics port: 9399) (metrics path: /)
2025-01-29 18:45:04,960 INFO c.h.h.t.HelmChartContainer - [hivemq-test-hivemq-platform] [hivemq-platform-operator] [abd7b85e] 18:45:04.959 [pool-6-thread-2] DEBUG c.h.p.o.dependants.PodInfoConfigMap - [helmmqtt] Desired PodInfo ConfigMap (extension state hash: -1817474005)
2025-01-29 18:45:04,962 INFO c.h.h.t.HelmChartContainer - [hivemq-test-hivemq-platform] [hivemq-platform-operator] [abd7b85e] 18:45:04.957 [pool-6-thread-1] DEBUG c.h.p.o.d.PodServiceAccountResource - [helmmqtt] Desired PodServiceAccountResource (serviceAccountName: hivemq-platform-pod-test-hivemq-platform)
2025-01-29 18:45:04,967 INFO c.h.h.t.HelmChartContainer - [hivemq-test-hivemq-platform] [hivemq-platform-operator] [abd7b85e] 18:45:04.965 [pool-6-thread-2] DEBUG c.h.p.o.d.StatefulSetResource - [helmmqtt] Desired StatefulSet (1 replicas) for status STARTING (READY)
2025-01-29 18:45:05,045 INFO c.h.h.t.HelmChartContainer - [hivemq-test-hivemq-platform] [hivemq-platform-operator] [abd7b85e] 18:45:05.043 [ReconcilerExecutor-hivemq-controller-114] INFO  c.h.p.o.HiveMQPlatformReconciler - [helmmqtt] Reconciling HiveMQ Platform 'test-hivemq-platform' in namespace 'helmmqttit'
2025-01-29 18:45:05,045 INFO c.h.h.t.HelmChartContainer - [hivemq-test-hivemq-platform] [hivemq-platform-operator] [abd7b85e] 18:45:05.043 [ReconcilerExecutor-hivemq-controller-114] DEBUG c.h.p.o.HiveMQPlatformReconciler - [helmmqtt] Custom Resource Status STARTING - HiveMQ Platform is starting (READY)
2025-01-29 18:45:05,045 INFO c.h.h.t.HelmChartContainer - [hivemq-test-hivemq-platform] [hivemq-platform-operator] [abd7b85e] 18:45:05.043 [ReconcilerExecutor-hivemq-controller-114] DEBUG c.h.p.o.HiveMQPlatformReconciler - [helmmqtt] Custom Resource Spec (replicas: 1) (extensions: 1)
2025-01-29 18:45:05,047 INFO c.h.h.t.HelmChartContainer - [hivemq-test-hivemq-platform] [hivemq-platform-operator] [abd7b85e] 18:45:05.046 [ReconcilerExecutor-hivemq-controller-114] DEBUG c.h.p.o.HiveMQPlatformReconciler - [helmmqtt] StatefulSet Status (revision: test-hivemq-platform-7bbc5894fb, replicas: 1, available: 1, ready: 1, current: 1, updated: 1)
2025-01-29 18:45:05,048 INFO c.h.h.t.HelmChartContainer - [hivemq-test-hivemq-platform] [hivemq-platform-operator] [abd7b85e] 18:45:05.046 [ReconcilerExecutor-hivemq-controller-114] DEBUG c.h.p.o.HiveMQPlatformReconciler - [helmmqtt] StatefulSet Spec (replicas: 1, init containers: 1, containers: 1, volumes: 3)
2025-01-29 18:45:05,050 INFO c.h.h.t.HelmChartContainer - [hivemq-test-hivemq-platform] [hivemq-platform-operator] [abd7b85e] 18:45:05.047 [ReconcilerExecutor-hivemq-controller-114] DEBUG c.h.p.o.h.HiveMQPlatformReconcilerErrorHandler - [helmmqtt] Pod 'test-hivemq-platform-0' phase Running
2025-01-29 18:45:05,050 INFO c.h.h.t.HelmChartContainer - [hivemq-test-hivemq-platform] [hivemq-platform-operator] [abd7b85e] 18:45:05.048 [ReconcilerExecutor-hivemq-controller-114] INFO  c.h.p.o.h.HiveMQPlatformReconcilerBaseHandler - [helmmqtt] HiveMQ Platform started successfully
2025-01-29 18:45:05,144 INFO c.h.h.t.HelmChartContainer - [hivemq-test-hivemq-platform] [hivemq-platform-operator] [abd7b85e] 18:45:05.142 [ReconcilerExecutor-hivemq-controller-114] DEBUG c.h.p.operator.event.EventSender - [helmmqtt] Creating K8s event hivemq-platform-ready: [Ready] HiveMQ Platform is ready
2025-01-29 18:45:05,148 INFO c.h.h.t.HelmChartContainer - [EVENT] Normal [Ready] HiveMQ Platform is ready [helmmqttit:test-hivemq-platform]
2025-01-29 18:45:05,149 INFO c.h.h.t.HelmChartContainer - [hivemq-test-hivemq-platform] [hivemq-platform-operator] [abd7b85e] 18:45:05.148 [ReconcilerExecutor-hivemq-controller-114] INFO  c.h.p.o.h.AbstractHiveMQReconcilerStateHandler - [helmmqtt] Update HiveMQ Platform Status (STARTING [READY] -> RUNNING [READY]): HiveMQ Platform is ready
2025-01-29 18:45:05,159 DEBUG com.hivemq.helmcharts.util.K8sUtil - Comparing actual state 'RUNNING' and waiting for 'RUNNING'
2025-01-29 18:45:05,165 INFO c.h.h.t.HelmChartContainer - [hivemq-test-hivemq-platform] [hivemq-platform-operator] [abd7b85e] 18:45:05.164 [pool-6-thread-14] DEBUG c.h.p.o.d.PodServiceAccountResource - [helmmqtt] Desired PodServiceAccountResource (serviceAccountName: hivemq-platform-pod-test-hivemq-platform)
2025-01-29 18:45:05,246 INFO c.h.h.t.HelmChartContainer - [hivemq-test-hivemq-platform] [hivemq-platform-operator] [abd7b85e] 18:45:05.162 [pool-6-thread-11] DEBUG c.h.p.o.d.PlatformServiceResource - [helmmqtt] Desired Platform services (2 services)
2025-01-29 18:45:05,246 INFO c.h.h.t.HelmChartContainer - [hivemq-test-hivemq-platform] [hivemq-platform-operator] [abd7b85e] 18:45:05.245 [pool-6-thread-17] DEBUG c.h.p.o.dependants.PodInfoConfigMap - [helmmqtt] Desired PodInfo ConfigMap (1 extensions) (1 enabled)
2025-01-29 18:45:05,246 INFO c.h.h.t.HelmChartContainer - [hivemq-test-hivemq-platform] [hivemq-platform-operator] [abd7b85e] 18:45:05.245 [pool-6-thread-17] DEBUG c.h.p.o.dependants.PodInfoConfigMap - [helmmqtt] Desired PodInfo ConfigMap (metrics port: 9399) (metrics path: /)
2025-01-29 18:45:05,247 INFO c.h.h.t.HelmChartContainer - [hivemq-test-hivemq-platform] [hivemq-platform-operator] [abd7b85e] 18:45:05.245 [pool-6-thread-17] DEBUG c.h.p.o.dependants.PodInfoConfigMap - [helmmqtt] Desired PodInfo ConfigMap (extension state hash: -1817474005)
2025-01-29 18:45:05,247 INFO c.h.h.t.HelmChartContainer - [hivemq-test-hivemq-platform] [hivemq-platform-operator] [abd7b85e] 18:45:05.246 [pool-6-thread-17] DEBUG c.h.p.o.dependants.PodInfoConfigMap - [helmmqtt] Update PodInfo ConfigMap
2025-01-29 18:45:05,255 INFO c.h.h.t.HelmChartContainer - [hivemq-test-hivemq-platform] [hivemq-platform-operator] [abd7b85e] 18:45:05.254 [pool-6-thread-17] DEBUG c.h.p.o.d.StatefulSetResource - [helmmqtt] Desired StatefulSet (1 replicas) for status RUNNING (READY)
2025-01-29 18:45:05,258 INFO c.h.h.t.HelmChartContainer - [hivemq-test-hivemq-platform] [hivemq-platform-operator] [abd7b85e] 18:45:05.258 [ReconcilerExecutor-hivemq-controller-115] INFO  c.h.p.o.HiveMQPlatformReconciler - [helmmqtt] Reconciling HiveMQ Platform 'test-hivemq-platform' in namespace 'helmmqttit'
2025-01-29 18:45:05,258 INFO c.h.h.t.HelmChartContainer - [hivemq-test-hivemq-platform] [hivemq-platform-operator] [abd7b85e] 18:45:05.258 [ReconcilerExecutor-hivemq-controller-115] DEBUG c.h.p.o.HiveMQPlatformReconciler - [helmmqtt] Custom Resource Status RUNNING - HiveMQ Platform is ready (READY)
2025-01-29 18:45:05,258 INFO c.h.h.t.HelmChartContainer - [hivemq-test-hivemq-platform] [hivemq-platform-operator] [abd7b85e] 18:45:05.258 [ReconcilerExecutor-hivemq-controller-115] DEBUG c.h.p.o.HiveMQPlatformReconciler - [helmmqtt] Custom Resource Spec (replicas: 1) (extensions: 1)
2025-01-29 18:45:05,260 INFO c.h.h.t.HelmChartContainer - [hivemq-test-hivemq-platform] [hivemq-platform-operator] [abd7b85e] 18:45:05.260 [ReconcilerExecutor-hivemq-controller-115] DEBUG c.h.p.o.HiveMQPlatformReconciler - [helmmqtt] StatefulSet Status (revision: test-hivemq-platform-7bbc5894fb, replicas: 1, available: 1, ready: 1, current: 1, updated: 1)
2025-01-29 18:45:05,260 INFO c.h.h.t.HelmChartContainer - [hivemq-test-hivemq-platform] [hivemq-platform-operator] [abd7b85e] 18:45:05.260 [ReconcilerExecutor-hivemq-controller-115] DEBUG c.h.p.o.HiveMQPlatformReconciler - [helmmqtt] StatefulSet Spec (replicas: 1, init containers: 1, containers: 1, volumes: 3)
2025-01-29 18:45:05,344 INFO c.h.h.t.HelmChartContainer - [hivemq-test-hivemq-platform] [hivemq-platform-operator] [abd7b85e] 18:45:05.344 [ReconcilerExecutor-hivemq-controller-115] DEBUG c.h.p.o.h.HiveMQPlatformReconcilerErrorHandler - [helmmqtt] Pod 'test-hivemq-platform-0' phase Running
2025-01-29 18:45:10,264 INFO c.h.h.t.HelmChartContainer - Uninstalling release 'test-hivemq-platform' in namespace 'helmmqttit'...
2025-01-29 18:45:10,265 DEBUG c.h.h.t.HelmChartContainer - Executing helm command: /bin/helm --kubeconfig /etc/rancher/k3s/k3s.yaml uninstall test-hivemq-platform  --wait --timeout 5m0s --cascade foreground --namespace helmmqttit
2025-01-29 18:45:10,444 INFO c.h.h.t.HelmChartContainer - [hivemq-test-hivemq-platform] [hivemq-platform-operator] [abd7b85e] 18:45:10.439 [pool-6-thread-28] DEBUG c.h.p.o.d.PlatformServiceResource - [helmmqtt] Desired Platform services (2 services)
2025-01-29 18:45:10,444 INFO c.h.h.t.HelmChartContainer - [hivemq-test-hivemq-platform] [hivemq-platform-operator] [abd7b85e] 18:45:10.440 [pool-6-thread-25] DEBUG c.h.p.o.dependants.PodInfoConfigMap - [helmmqtt] Desired PodInfo ConfigMap (1 extensions) (1 enabled)
2025-01-29 18:45:10,444 INFO c.h.h.t.HelmChartContainer - [hivemq-test-hivemq-platform] [hivemq-platform-operator] [abd7b85e] 18:45:10.440 [pool-6-thread-25] DEBUG c.h.p.o.dependants.PodInfoConfigMap - [helmmqtt] Desired PodInfo ConfigMap (metrics port: 9399) (metrics path: /)
2025-01-29 18:45:10,444 INFO c.h.h.t.HelmChartContainer - [hivemq-test-hivemq-platform] [hivemq-platform-operator] [abd7b85e] 18:45:10.441 [pool-6-thread-25] DEBUG c.h.p.o.dependants.PodInfoConfigMap - [helmmqtt] Desired PodInfo ConfigMap (extension state hash: -1817474005)
2025-01-29 18:45:10,452 INFO c.h.h.t.HelmChartContainer - [hivemq-test-hivemq-platform] [hivemq-platform-operator] [abd7b85e] 18:45:10.446 [pool-6-thread-21] DEBUG c.h.p.o.d.PodServiceAccountResource - [helmmqtt] Desired PodServiceAccountResource (serviceAccountName: hivemq-platform-pod-test-hivemq-platform)
2025-01-29 18:45:10,455 INFO c.h.h.t.HelmChartContainer - [hivemq-test-hivemq-platform] [hivemq-platform-operator] [abd7b85e] 18:45:10.451 [pool-6-thread-28] DEBUG c.h.p.o.d.StatefulSetResource - [helmmqtt] Desired StatefulSet (1 replicas) for status RUNNING (READY)
2025-01-29 18:45:10,489 INFO c.h.h.t.HelmChartContainer - [hivemq-test-hivemq-platform] [hivemq-platform-operator] [abd7b85e] 18:45:10.485 [ReconcilerExecutor-hivemq-controller-116] INFO  c.h.p.o.HiveMQPlatformReconciler - [helmmqtt] Reconciling HiveMQ Platform 'test-hivemq-platform' in namespace 'helmmqttit'
2025-01-29 18:45:10,490 INFO c.h.h.t.HelmChartContainer - [hivemq-test-hivemq-platform] [hivemq-platform-operator] [abd7b85e] 18:45:10.485 [ReconcilerExecutor-hivemq-controller-116] DEBUG c.h.p.o.HiveMQPlatformReconciler - [helmmqtt] Custom Resource Status RUNNING - HiveMQ Platform is ready (READY)
2025-01-29 18:45:10,490 INFO c.h.h.t.HelmChartContainer - [hivemq-test-hivemq-platform] [hivemq-platform-operator] [abd7b85e] 18:45:10.485 [ReconcilerExecutor-hivemq-controller-116] DEBUG c.h.p.o.HiveMQPlatformReconciler - [helmmqtt] Custom Resource Spec (replicas: 1) (extensions: 1)
2025-01-29 18:45:10,490 INFO c.h.h.t.HelmChartContainer - [hivemq-test-hivemq-platform] [hivemq-platform-operator] [abd7b85e] 18:45:10.486 [ReconcilerExecutor-hivemq-controller-116] WARN  c.h.p.o.h.HiveMQPlatformReconcilerErrorHandler - [helmmqtt] Could not find ConfigMap 'hivemq-configuration-test-hivemq-platform' for HiveMQ Platform configuration
2025-01-29 18:45:10,532 INFO c.h.h.t.HelmChartContainer - [test-hivemq-platform] [hivemq] [b28d2377] WARN  - [HiveMQ Platform Operator Init App 1.7.0-SNAPSHOT] Could not update Pod annotations: Failure executing: GET at: https://10.43.0.1:443/api/v1/namespaces/helmmqttit/pods/test-hivemq-platform-0. Message: pods "test-hivemq-platform-0" is forbidden: User "system:serviceaccount:helmmqttit:hivemq-platform-pod-test-hivemq-platform" cannot get resource "pods" in API group "" in the namespace "helmmqttit". Received status: Status(apiVersion=v1, code=403, details=StatusDetails(causes=[], group=null, kind=pods, name=test-hivemq-platform-0, retryAfterSeconds=null, uid=null, additionalProperties={}), kind=Status, message=pods "test-hivemq-platform-0" is forbidden: User "system:serviceaccount:helmmqttit:hivemq-platform-pod-test-hivemq-platform" cannot get resource "pods" in API group "" in the namespace "helmmqttit", metadata=ListMeta(_continue=null, remainingItemCount=null, resourceVersion=null, selfLink=null, additionalProperties={}), reason=Forbidden, status=Failure, additionalProperties={}).
2025-01-29 18:45:10,680 INFO c.h.h.t.HelmChartContainer - [hivemq-test-hivemq-platform] [hivemq-platform-operator] [abd7b85e] 18:45:10.679 [ReconcilerExecutor-hivemq-controller-116] DEBUG c.h.p.operator.event.EventSender - [helmmqtt] Creating K8s event hivemq-platform-invalid-configuration: [Start] Could not find ConfigMap 'hivemq-configuration-test-hivemq-platform' for HiveMQ Platform configuration
2025-01-29 18:45:10,684 INFO c.h.h.t.HelmChartContainer - [EVENT] Warning [Start] Could not find ConfigMap 'hivemq-configuration-test-hivemq-platform' for HiveMQ Platform configuration [helmmqttit:test-hivemq-platform]
2025-01-29 18:45:10,685 INFO c.h.h.t.HelmChartContainer - [hivemq-test-hivemq-platform] [hivemq-platform-operator] [abd7b85e] 18:45:10.685 [ReconcilerExecutor-hivemq-controller-116] INFO  c.h.p.o.h.AbstractHiveMQReconcilerStateHandler - [helmmqtt] Update HiveMQ Platform Status (RUNNING [READY] -> ERROR [INVALID_CONFIG_MAP]): Could not find ConfigMap 'hivemq-configuration-test-hivemq-platform' for HiveMQ Platform configuration
2025-01-29 18:45:10,695 INFO c.h.h.t.HelmChartContainer - [hivemq-test-hivemq-platform] [hivemq-platform-operator] [abd7b85e] 18:45:10.693 [ReconcilerExecutor-hivemq-controller-116] ERROR i.j.o.p.event.EventProcessor - Error during event processing ExecutionScope{ resource id: ResourceID{name='test-hivemq-platform', namespace='helmmqttit'}, version: 1638}
2025-01-29 18:45:10,697 INFO c.h.h.t.HelmChartContainer - [hivemq-test-hivemq-platform] [hivemq-platform-operator] [abd7b85e] io.fabric8.kubernetes.client.KubernetesClientException: Failure executing: PUT at: https://10.43.0.1:443/apis/hivemq.com/v1/namespaces/helmmqttit/hivemq-platforms/test-hivemq-platform/status. Message: Operation cannot be fulfilled on hivemq-platforms.hivemq.com "test-hivemq-platform": the object has been modified; please apply your changes to the latest version and try again. Received status: Status(apiVersion=v1, code=409, details=StatusDetails(causes=[], group=hivemq.com, kind=hivemq-platforms, name=test-hivemq-platform, retryAfterSeconds=null, uid=null, additionalProperties={}), kind=Status, message=Operation cannot be fulfilled on hivemq-platforms.hivemq.com "test-hivemq-platform": the object has been modified; please apply your changes to the latest version and try again, metadata=ListMeta(_continue=null, remainingItemCount=null, resourceVersion=null, selfLink=null, additionalProperties={}), reason=Conflict, status=Failure, additionalProperties={}).
2025-01-29 18:45:10,697 INFO c.h.h.t.HelmChartContainer - [hivemq-test-hivemq-platform] [hivemq-platform-operator] [abd7b85e] 	at io.fabric8.kubernetes.client.KubernetesClientException.copyAsCause(KubernetesClientException.java:238)
2025-01-29 18:45:10,697 INFO c.h.h.t.HelmChartContainer - [hivemq-test-hivemq-platform] [hivemq-platform-operator] [abd7b85e] 	at io.fabric8.kubernetes.client.dsl.internal.OperationSupport.waitForResult(OperationSupport.java:507)
2025-01-29 18:45:10,697 INFO c.h.h.t.HelmChartContainer - [hivemq-test-hivemq-platform] [hivemq-platform-operator] [abd7b85e] 	at io.fabric8.kubernetes.client.dsl.internal.OperationSupport.handleResponse(OperationSupport.java:524)
2025-01-29 18:45:10,697 INFO c.h.h.t.HelmChartContainer - [hivemq-test-hivemq-platform] [hivemq-platform-operator] [abd7b85e] 	at io.fabric8.kubernetes.client.dsl.internal.OperationSupport.handleUpdate(OperationSupport.java:358)
2025-01-29 18:45:10,697 INFO c.h.h.t.HelmChartContainer - [hivemq-test-hivemq-platform] [hivemq-platform-operator] [abd7b85e] 	at io.fabric8.kubernetes.client.dsl.internal.BaseOperation.handleUpdate(BaseOperation.java:759)
2025-01-29 18:45:10,697 INFO c.h.h.t.HelmChartContainer - [hivemq-test-hivemq-platform] [hivemq-platform-operator] [abd7b85e] 	at io.fabric8.kubernetes.client.dsl.internal.HasMetadataOperation.update(HasMetadataOperation.java:138)
2025-01-29 18:45:10,697 INFO c.h.h.t.HelmChartContainer - [hivemq-test-hivemq-platform] [hivemq-platform-operator] [abd7b85e] 	at io.fabric8.kubernetes.client.dsl.internal.HasMetadataOperation.update(HasMetadataOperation.java:121)
2025-01-29 18:45:10,697 INFO c.h.h.t.HelmChartContainer - [hivemq-test-hivemq-platform] [hivemq-platform-operator] [abd7b85e] 	at io.fabric8.kubernetes.client.dsl.internal.HasMetadataOperation.updateStatus(HasMetadataOperation.java:126)
2025-01-29 18:45:10,697 INFO c.h.h.t.HelmChartContainer - [hivemq-test-hivemq-platform] [hivemq-platform-operator] [abd7b85e] 	at io.fabric8.kubernetes.client.dsl.internal.HasMetadataOperation.updateStatus(HasMetadataOperation.java:44)
2025-01-29 18:45:10,697 INFO c.h.h.t.HelmChartContainer - [hivemq-test-hivemq-platform] [hivemq-platform-operator] [abd7b85e] 	at io.javaoperatorsdk.operator.processing.event.ReconciliationDispatcher$CustomResourceFacade.updateStatus(ReconciliationDispatcher.java:408)
2025-01-29 18:45:10,697 INFO c.h.h.t.HelmChartContainer - [hivemq-test-hivemq-platform] [hivemq-platform-operator] [abd7b85e] 	at io.javaoperatorsdk.operator.processing.event.ReconciliationDispatcher.updateStatusGenerationAware(ReconciliationDispatcher.java:228)
2025-01-29 18:45:10,697 INFO c.h.h.t.HelmChartContainer - [hivemq-test-hivemq-platform] [hivemq-platform-operator] [abd7b85e] 	at io.javaoperatorsdk.operator.processing.event.ReconciliationDispatcher.reconcileExecution(ReconciliationDispatcher.java:150)
2025-01-29 18:45:10,697 INFO c.h.h.t.HelmChartContainer - [hivemq-test-hivemq-platform] [hivemq-platform-operator] [abd7b85e] 	at io.javaoperatorsdk.operator.processing.event.ReconciliationDispatcher.handleReconcile(ReconciliationDispatcher.java:117)
2025-01-29 18:45:10,697 INFO c.h.h.t.HelmChartContainer - [hivemq-test-hivemq-platform] [hivemq-platform-operator] [abd7b85e] 	at io.javaoperatorsdk.operator.processing.event.ReconciliationDispatcher.handleDispatch(ReconciliationDispatcher.java:91)
2025-01-29 18:45:10,697 INFO c.h.h.t.HelmChartContainer - [hivemq-test-hivemq-platform] [hivemq-platform-operator] [abd7b85e] 	at io.javaoperatorsdk.operator.processing.event.ReconciliationDispatcher.handleExecution(ReconciliationDispatcher.java:64)
2025-01-29 18:45:10,697 INFO c.h.h.t.HelmChartContainer - [hivemq-test-hivemq-platform] [hivemq-platform-operator] [abd7b85e] 	at io.javaoperatorsdk.operator.processing.event.EventProcessor$ReconcilerExecutor.run(EventProcessor.java:452)
2025-01-29 18:45:10,697 INFO c.h.h.t.HelmChartContainer - [hivemq-test-hivemq-platform] [hivemq-platform-operator] [abd7b85e] 	at java.base/java.util.concurrent.ThreadPoolExecutor.runWorker(Unknown Source)
2025-01-29 18:45:10,697 INFO c.h.h.t.HelmChartContainer - [hivemq-test-hivemq-platform] [hivemq-platform-operator] [abd7b85e] 	at java.base/java.util.concurrent.ThreadPoolExecutor$Worker.run(Unknown Source)
2025-01-29 18:45:10,697 INFO c.h.h.t.HelmChartContainer - [hivemq-test-hivemq-platform] [hivemq-platform-operator] [abd7b85e] 	at java.base/java.lang.Thread.run(Unknown Source)
2025-01-29 18:45:10,697 INFO c.h.h.t.HelmChartContainer - [hivemq-test-hivemq-platform] [hivemq-platform-operator] [abd7b85e] Caused by: io.fabric8.kubernetes.client.KubernetesClientException: Failure executing: PUT at: https://10.43.0.1:443/apis/hivemq.com/v1/namespaces/helmmqttit/hivemq-platforms/test-hivemq-platform/status. Message: Operation cannot be fulfilled on hivemq-platforms.hivemq.com "test-hivemq-platform": the object has been modified; please apply your changes to the latest version and try again. Received status: Status(apiVersion=v1, code=409, details=StatusDetails(causes=[], group=hivemq.com, kind=hivemq-platforms, name=test-hivemq-platform, retryAfterSeconds=null, uid=null, additionalProperties={}), kind=Status, message=Operation cannot be fulfilled on hivemq-platforms.hivemq.com "test-hivemq-platform": the object has been modified; please apply your changes to the latest version and try again, metadata=ListMeta(_continue=null, remainingItemCount=null, resourceVersion=null, selfLink=null, additionalProperties={}), reason=Conflict, status=Failure, additionalProperties={}).
2025-01-29 18:45:10,697 INFO c.h.h.t.HelmChartContainer - [hivemq-test-hivemq-platform] [hivemq-platform-operator] [abd7b85e] 	at io.fabric8.kubernetes.client.dsl.internal.OperationSupport.requestFailure(OperationSupport.java:660)
2025-01-29 18:45:10,697 INFO c.h.h.t.HelmChartContainer - [hivemq-test-hivemq-platform] [hivemq-platform-operator] [abd7b85e] 	at io.fabric8.kubernetes.client.dsl.internal.OperationSupport.requestFailure(OperationSupport.java:640)
2025-01-29 18:45:10,697 INFO c.h.h.t.HelmChartContainer - [hivemq-test-hivemq-platform] [hivemq-platform-operator] [abd7b85e] 	at io.fabric8.kubernetes.client.dsl.internal.OperationSupport.assertResponseCode(OperationSupport.java:589)
2025-01-29 18:45:10,697 INFO c.h.h.t.HelmChartContainer - [hivemq-test-hivemq-platform] [hivemq-platform-operator] [abd7b85e] 	at io.fabric8.kubernetes.client.dsl.internal.OperationSupport.lambda$handleResponse$0(OperationSupport.java:549)
2025-01-29 18:45:10,697 INFO c.h.h.t.HelmChartContainer - [hivemq-test-hivemq-platform] [hivemq-platform-operator] [abd7b85e] 	at java.base/java.util.concurrent.CompletableFuture$UniApply.tryFire(Unknown Source)
2025-01-29 18:45:10,697 INFO c.h.h.t.HelmChartContainer - [hivemq-test-hivemq-platform] [hivemq-platform-operator] [abd7b85e] 	at java.base/java.util.concurrent.CompletableFuture.postComplete(Unknown Source)
2025-01-29 18:45:10,697 INFO c.h.h.t.HelmChartContainer - [hivemq-test-hivemq-platform] [hivemq-platform-operator] [abd7b85e] 	at java.base/java.util.concurrent.CompletableFuture.complete(Unknown Source)
2025-01-29 18:45:10,697 INFO c.h.h.t.HelmChartContainer - [hivemq-test-hivemq-platform] [hivemq-platform-operator] [abd7b85e] 	at io.fabric8.kubernetes.client.http.StandardHttpClient.lambda$completeOrCancel$10(StandardHttpClient.java:141)
2025-01-29 18:45:10,697 INFO c.h.h.t.HelmChartContainer - [hivemq-test-hivemq-platform] [hivemq-platform-operator] [abd7b85e] 	at java.base/java.util.concurrent.CompletableFuture.uniWhenComplete(Unknown Source)
2025-01-29 18:45:10,697 INFO c.h.h.t.HelmChartContainer - [hivemq-test-hivemq-platform] [hivemq-platform-operator] [abd7b85e] 	at java.base/java.util.concurrent.CompletableFuture$UniWhenComplete.tryFire(Unknown Source)
2025-01-29 18:45:10,697 INFO c.h.h.t.HelmChartContainer - [hivemq-test-hivemq-platform] [hivemq-platform-operator] [abd7b85e] 	at java.base/java.util.concurrent.CompletableFuture.postComplete(Unknown Source)
2025-01-29 18:45:10,697 INFO c.h.h.t.HelmChartContainer - [hivemq-test-hivemq-platform] [hivemq-platform-operator] [abd7b85e] 	at java.base/java.util.concurrent.CompletableFuture.complete(Unknown Source)
2025-01-29 18:45:10,697 INFO c.h.h.t.HelmChartContainer - [hivemq-test-hivemq-platform] [hivemq-platform-operator] [abd7b85e] 	at io.fabric8.kubernetes.client.http.ByteArrayBodyHandler.onBodyDone(ByteArrayBodyHandler.java:51)
2025-01-29 18:45:10,697 INFO c.h.h.t.HelmChartContainer - [hivemq-test-hivemq-platform] [hivemq-platform-operator] [abd7b85e] 	at java.base/java.util.concurrent.CompletableFuture.uniWhenComplete(Unknown Source)
2025-01-29 18:45:10,697 INFO c.h.h.t.HelmChartContainer - [hivemq-test-hivemq-platform] [hivemq-platform-operator] [abd7b85e] 	at java.base/java.util.concurrent.CompletableFuture$UniWhenComplete.tryFire(Unknown Source)
2025-01-29 18:45:10,697 INFO c.h.h.t.HelmChartContainer - [hivemq-test-hivemq-platform] [hivemq-platform-operator] [abd7b85e] 	at java.base/java.util.concurrent.CompletableFuture.postComplete(Unknown Source)
2025-01-29 18:45:10,697 INFO c.h.h.t.HelmChartContainer - [hivemq-test-hivemq-platform] [hivemq-platform-operator] [abd7b85e] 	at java.base/java.util.concurrent.CompletableFuture.complete(Unknown Source)
2025-01-29 18:45:10,697 INFO c.h.h.t.HelmChartContainer - [hivemq-test-hivemq-platform] [hivemq-platform-operator] [abd7b85e] 	at io.fabric8.kubernetes.client.vertx.VertxHttpRequest.lambda$null$1(VertxHttpRequest.java:121)
2025-01-29 18:45:10,697 INFO c.h.h.t.HelmChartContainer - [hivemq-test-hivemq-platform] [hivemq-platform-operator] [abd7b85e] 	at io.vertx.core.impl.ContextInternal.dispatch(ContextInternal.java:279)
2025-01-29 18:45:10,697 INFO c.h.h.t.HelmChartContainer - [hivemq-test-hivemq-platform] [hivemq-platform-operator] [abd7b85e] 	at io.vertx.core.impl.ContextInternal.dispatch(ContextInternal.java:261)
2025-01-29 18:45:10,697 INFO c.h.h.t.HelmChartContainer - [hivemq-test-hivemq-platform] [hivemq-platform-operator] [abd7b85e] 	at io.vertx.core.http.impl.HttpEventHandler.handleEnd(HttpEventHandler.java:76)
2025-01-29 18:45:10,697 INFO c.h.h.t.HelmChartContainer - [hivemq-test-hivemq-platform] [hivemq-platform-operator] [abd7b85e] 	at io.vertx.core.http.impl.HttpClientResponseImpl.handleEnd(HttpClientResponseImpl.java:250)
2025-01-29 18:45:10,697 INFO c.h.h.t.HelmChartContainer - [hivemq-test-hivemq-platform] [hivemq-platform-operator] [abd7b85e] 	at io.vertx.core.http.impl.Http1xClientConnection$StreamImpl.lambda$new$0(Http1xClientConnection.java:421)
2025-01-29 18:45:10,697 INFO c.h.h.t.HelmChartContainer - [hivemq-test-hivemq-platform] [hivemq-platform-operator] [abd7b85e] 	at io.vertx.core.streams.impl.InboundBuffer.handleEvent(InboundBuffer.java:279)
2025-01-29 18:45:10,697 INFO c.h.h.t.HelmChartContainer - [hivemq-test-hivemq-platform] [hivemq-platform-operator] [abd7b85e] 	at io.vertx.core.streams.impl.InboundBuffer.write(InboundBuffer.java:157)
2025-01-29 18:45:10,697 INFO c.h.h.t.HelmChartContainer - [hivemq-test-hivemq-platform] [hivemq-platform-operator] [abd7b85e] 	at io.vertx.core.http.impl.Http1xClientConnection$StreamImpl.handleEnd(Http1xClientConnection.java:709)
2025-01-29 18:45:10,697 INFO c.h.h.t.HelmChartContainer - [hivemq-test-hivemq-platform] [hivemq-platform-operator] [abd7b85e] 	at io.vertx.core.impl.ContextImpl.execute(ContextImpl.java:313)
2025-01-29 18:45:10,697 INFO c.h.h.t.HelmChartContainer - [hivemq-test-hivemq-platform] [hivemq-platform-operator] [abd7b85e] 	at io.vertx.core.impl.ContextImpl.execute(ContextImpl.java:293)
2025-01-29 18:45:10,697 INFO c.h.h.t.HelmChartContainer - [hivemq-test-hivemq-platform] [hivemq-platform-operator] [abd7b85e] 	at io.vertx.core.http.impl.Http1xClientConnection.handleResponseEnd(Http1xClientConnection.java:940)
2025-01-29 18:45:10,697 INFO c.h.h.t.HelmChartContainer - [hivemq-test-hivemq-platform] [hivemq-platform-operator] [abd7b85e] 	at io.vertx.core.http.impl.Http1xClientConnection.handleHttpMessage(Http1xClientConnection.java:810)
2025-01-29 18:45:10,697 INFO c.h.h.t.HelmChartContainer - [hivemq-test-hivemq-platform] [hivemq-platform-operator] [abd7b85e] 	at io.vertx.core.http.impl.Http1xClientConnection.handleMessage(Http1xClientConnection.java:774)
2025-01-29 18:45:10,697 INFO c.h.h.t.HelmChartContainer - [hivemq-test-hivemq-platform] [hivemq-platform-operator] [abd7b85e] 	at io.vertx.core.net.impl.ConnectionBase.read(ConnectionBase.java:159)
2025-01-29 18:45:10,697 INFO c.h.h.t.HelmChartContainer - [hivemq-test-hivemq-platform] [hivemq-platform-operator] [abd7b85e] 	at io.vertx.core.net.impl.VertxHandler.channelRead(VertxHandler.java:153)
2025-01-29 18:45:10,697 INFO c.h.h.t.HelmChartContainer - [hivemq-test-hivemq-platform] [hivemq-platform-operator] [abd7b85e] 	at io.netty.channel.AbstractChannelHandlerContext.invokeChannelRead(AbstractChannelHandlerContext.java:442)
2025-01-29 18:45:10,697 INFO c.h.h.t.HelmChartContainer - [hivemq-test-hivemq-platform] [hivemq-platform-operator] [abd7b85e] 	at io.netty.channel.AbstractChannelHandlerContext.invokeChannelRead(AbstractChannelHandlerContext.java:420)
2025-01-29 18:45:10,697 INFO c.h.h.t.HelmChartContainer - [hivemq-test-hivemq-platform] [hivemq-platform-operator] [abd7b85e] 	at io.netty.channel.AbstractChannelHandlerContext.fireChannelRead(AbstractChannelHandlerContext.java:412)
2025-01-29 18:45:10,697 INFO c.h.h.t.HelmChartContainer - [hivemq-test-hivemq-platform] [hivemq-platform-operator] [abd7b85e] 	at io.netty.channel.CombinedChannelDuplexHandler$DelegatingChannelHandlerContext.fireChannelRead(CombinedChannelDuplexHandler.java:436)
2025-01-29 18:45:10,697 INFO c.h.h.t.HelmChartContainer - [hivemq-test-hivemq-platform] [hivemq-platform-operator] [abd7b85e] 	at io.netty.handler.codec.ByteToMessageDecoder.fireChannelRead(ByteToMessageDecoder.java:346)
2025-01-29 18:45:10,698 INFO c.h.h.t.HelmChartContainer - [hivemq-test-hivemq-platform] [hivemq-platform-operator] [abd7b85e] 	at io.netty.handler.codec.ByteToMessageDecoder.channelRead(ByteToMessageDecoder.java:318)
2025-01-29 18:45:10,698 INFO c.h.h.t.HelmChartContainer - [hivemq-test-hivemq-platform] [hivemq-platform-operator] [abd7b85e] 	at io.netty.channel.CombinedChannelDuplexHandler.channelRead(CombinedChannelDuplexHandler.java:251)
2025-01-29 18:45:10,698 INFO c.h.h.t.HelmChartContainer - [hivemq-test-hivemq-platform] [hivemq-platform-operator] [abd7b85e] 	at io.netty.channel.AbstractChannelHandlerContext.invokeChannelRead(AbstractChannelHandlerContext.java:442)
2025-01-29 18:45:10,698 INFO c.h.h.t.HelmChartContainer - [hivemq-test-hivemq-platform] [hivemq-platform-operator] [abd7b85e] 	at io.netty.channel.AbstractChannelHandlerContext.invokeChannelRead(AbstractChannelHandlerContext.java:420)
2025-01-29 18:45:10,698 INFO c.h.h.t.HelmChartContainer - [hivemq-test-hivemq-platform] [hivemq-platform-operator] [abd7b85e] 	at io.netty.channel.AbstractChannelHandlerContext.fireChannelRead(AbstractChannelHandlerContext.java:412)
2025-01-29 18:45:10,698 INFO c.h.h.t.HelmChartContainer - [hivemq-test-hivemq-platform] [hivemq-platform-operator] [abd7b85e] 	at io.netty.handler.ssl.SslHandler.unwrap(SslHandler.java:1475)
2025-01-29 18:45:10,698 INFO c.h.h.t.HelmChartContainer - [hivemq-test-hivemq-platform] [hivemq-platform-operator] [abd7b85e] 	at io.netty.handler.ssl.SslHandler.decodeJdkCompatible(SslHandler.java:1338)
2025-01-29 18:45:10,698 INFO c.h.h.t.HelmChartContainer - [hivemq-test-hivemq-platform] [hivemq-platform-operator] [abd7b85e] 	at io.netty.handler.ssl.SslHandler.decode(SslHandler.java:1387)
2025-01-29 18:45:10,698 INFO c.h.h.t.HelmChartContainer - [hivemq-test-hivemq-platform] [hivemq-platform-operator] [abd7b85e] 	at io.netty.handler.codec.ByteToMessageDecoder.decodeRemovalReentryProtection(ByteToMessageDecoder.java:530)
2025-01-29 18:45:10,698 INFO c.h.h.t.HelmChartContainer - [hivemq-test-hivemq-platform] [hivemq-platform-operator] [abd7b85e] 	at io.netty.handler.codec.ByteToMessageDecoder.callDecode(ByteToMessageDecoder.java:469)
2025-01-29 18:45:10,698 INFO c.h.h.t.HelmChartContainer - [hivemq-test-hivemq-platform] [hivemq-platform-operator] [abd7b85e] 	at io.netty.handler.codec.ByteToMessageDecoder.channelRead(ByteToMessageDecoder.java:290)
2025-01-29 18:45:10,698 INFO c.h.h.t.HelmChartContainer - [hivemq-test-hivemq-platform] [hivemq-platform-operator] [abd7b85e] 	at io.netty.channel.AbstractChannelHandlerContext.invokeChannelRead(AbstractChannelHandlerContext.java:444)
2025-01-29 18:45:10,698 INFO c.h.h.t.HelmChartContainer - [hivemq-test-hivemq-platform] [hivemq-platform-operator] [abd7b85e] 	at io.netty.channel.AbstractChannelHandlerContext.invokeChannelRead(AbstractChannelHandlerContext.java:420)
2025-01-29 18:45:10,698 INFO c.h.h.t.HelmChartContainer - [hivemq-test-hivemq-platform] [hivemq-platform-operator] [abd7b85e] 	at io.netty.channel.AbstractChannelHandlerContext.fireChannelRead(AbstractChannelHandlerContext.java:412)
2025-01-29 18:45:10,698 INFO c.h.h.t.HelmChartContainer - [hivemq-test-hivemq-platform] [hivemq-platform-operator] [abd7b85e] 	at io.netty.channel.DefaultChannelPipeline$HeadContext.channelRead(DefaultChannelPipeline.java:1407)
2025-01-29 18:45:10,698 INFO c.h.h.t.HelmChartContainer - [hivemq-test-hivemq-platform] [hivemq-platform-operator] [abd7b85e] 	at io.netty.channel.AbstractChannelHandlerContext.invokeChannelRead(AbstractChannelHandlerContext.java:440)
2025-01-29 18:45:10,698 INFO c.h.h.t.HelmChartContainer - [hivemq-test-hivemq-platform] [hivemq-platform-operator] [abd7b85e] 	at io.netty.channel.AbstractChannelHandlerContext.invokeChannelRead(AbstractChannelHandlerContext.java:420)
2025-01-29 18:45:10,698 INFO c.h.h.t.HelmChartContainer - [hivemq-test-hivemq-platform] [hivemq-platform-operator] [abd7b85e] 	at io.netty.channel.DefaultChannelPipeline.fireChannelRead(DefaultChannelPipeline.java:918)
2025-01-29 18:45:10,698 INFO c.h.h.t.HelmChartContainer - [hivemq-test-hivemq-platform] [hivemq-platform-operator] [abd7b85e] 	at io.netty.channel.nio.AbstractNioByteChannel$NioByteUnsafe.read(AbstractNioByteChannel.java:166)
2025-01-29 18:45:10,698 INFO c.h.h.t.HelmChartContainer - [hivemq-test-hivemq-platform] [hivemq-platform-operator] [abd7b85e] 	at io.netty.channel.nio.NioEventLoop.processSelectedKey(NioEventLoop.java:788)
2025-01-29 18:45:10,698 INFO c.h.h.t.HelmChartContainer - [hivemq-test-hivemq-platform] [hivemq-platform-operator] [abd7b85e] 	at io.netty.channel.nio.NioEventLoop.processSelectedKeysOptimized(NioEventLoop.java:724)
2025-01-29 18:45:10,698 INFO c.h.h.t.HelmChartContainer - [hivemq-test-hivemq-platform] [hivemq-platform-operator] [abd7b85e] 	at io.netty.channel.nio.NioEventLoop.processSelectedKeys(NioEventLoop.java:650)
2025-01-29 18:45:10,698 INFO c.h.h.t.HelmChartContainer - [hivemq-test-hivemq-platform] [hivemq-platform-operator] [abd7b85e] 	at io.netty.channel.nio.NioEventLoop.run(NioEventLoop.java:562)
2025-01-29 18:45:10,698 INFO c.h.h.t.HelmChartContainer - [hivemq-test-hivemq-platform] [hivemq-platform-operator] [abd7b85e] 	at io.netty.util.concurrent.SingleThreadEventExecutor$4.run(SingleThreadEventExecutor.java:997)
2025-01-29 18:45:10,698 INFO c.h.h.t.HelmChartContainer - [hivemq-test-hivemq-platform] [hivemq-platform-operator] [abd7b85e] 	at io.netty.util.internal.ThreadExecutorMap$2.run(ThreadExecutorMap.java:74)
2025-01-29 18:45:10,698 INFO c.h.h.t.HelmChartContainer - [hivemq-test-hivemq-platform] [hivemq-platform-operator] [abd7b85e] 	at io.netty.util.concurrent.FastThreadLocalRunnable.run(FastThreadLocalRunnable.java:30)
2025-01-29 18:45:10,698 INFO c.h.h.t.HelmChartContainer - [hivemq-test-hivemq-platform] [hivemq-platform-operator] [abd7b85e] 	... 1 common frames omitted
2025-01-29 18:45:10,744 INFO c.h.h.t.HelmChartContainer - [hivemq-test-hivemq-platform] [hivemq-platform-operator] [abd7b85e] 18:45:10.742 [ReconcilerExecutor-hivemq-controller-121] INFO  c.h.p.o.HiveMQPlatformReconciler - [helmmqtt] Cleanup test-hivemq-platform - helmmqttit HiveMQ Platform is shut down
2025-01-29 18:45:10,822 INFO c.h.h.t.HelmChartContainer - [POD] test-hivemq-platform-0 [b28d2377-caa0-4be9-8429-6c0564bfbf63] in helmmqttit was MODIFIED
2025-01-29 18:45:10,825 INFO c.h.h.t.HelmChartContainer - [EVENT] Normal [Killing] Stopping container hivemq [helmmqttit:test-hivemq-platform-0]
2025-01-29 18:45:10,825 INFO c.h.h.t.HelmChartContainer - Received Killing event for container hivemq in pod test-hivemq-platform-0 [b28d2377-caa0-4be9-8429-6c0564bfbf63]
2025-01-29 18:45:10,825 INFO c.h.h.t.HelmChartContainer - Container [test-hivemq-platform-0] [hivemq] [b28d2377-caa0-4be9-8429-6c0564bfbf63] was terminated
2025-01-29 18:45:10,825 INFO c.h.h.t.HelmChartContainer - Stopped log watcher for hivemq in pod test-hivemq-platform-0 [b28d2377-caa0-4be9-8429-6c0564bfbf63]
2025-01-29 18:45:10,831 INFO c.h.h.t.HelmChartContainer - [test-hivemq-platform] [hivemq] [b28d2377] INFO  - [HiveMQ Platform Operator Init App 1.7.0-SNAPSHOT] Shutting down
2025-01-29 18:45:10,831 INFO c.h.h.t.HelmChartContainer - [test-hivemq-platform] [hivemq] [b28d2377] INFO  - [HiveMQ Platform Operator Init App 1.7.0-SNAPSHOT] Stopping the HiveMQ Platform
2025-01-29 18:45:10,929 INFO c.h.h.t.HelmChartContainer - [test-hivemq-platform] [hivemq] [b28d2377] INFO  - Shutting down HiveMQ. Please wait, this could take a while...
2025-01-29 18:45:11,015 INFO c.h.h.t.HelmChartContainer - [test-hivemq-platform] [hivemq] [b28d2377] INFO  - Shutting down listeners and clients
2025-01-29 18:45:11,016 INFO c.h.h.t.HelmChartContainer - [test-hivemq-platform] [hivemq] [b28d2377] INFO  - Shutdown of listeners is done
2025-01-29 18:45:11,016 INFO c.h.h.t.HelmChartContainer - [test-hivemq-platform] [hivemq] [b28d2377] INFO  - No clients are connected, proceeding with shutdown
2025-01-29 18:45:12,496 INFO c.h.h.t.HelmChartContainer - Deleting namespace 'helmmqttit'...
2025-01-29 18:45:13,320 INFO c.h.h.t.HelmChartContainer - [test-hivemq-platform] [hivemq] [b28d2377] INFO  - Shutting down extension system
2025-01-29 18:45:13,321 INFO c.h.h.t.HelmChartContainer - [test-hivemq-platform] [hivemq] [b28d2377] INFO  - Stopping extension with id hivemq-dns-cluster-discovery
2025-01-29 18:45:13,322 INFO c.h.h.t.HelmChartContainer - [test-hivemq-platform] [hivemq] [b28d2377] INFO  - Extension "DNS Cluster Discovery Extension" version 4.3.2 stopped successfully.
2025-01-29 18:45:13,323 INFO c.h.h.t.HelmChartContainer - [test-hivemq-platform] [hivemq] [b28d2377] INFO  - Stopping extension with id hivemq-prometheus-extension
2025-01-29 18:45:13,327 INFO c.h.h.t.HelmChartContainer - [test-hivemq-platform] [hivemq] [b28d2377] INFO  - Extension "Prometheus Monitoring Extension" version 4.0.12 stopped successfully.
2025-01-29 18:45:13,327 INFO c.h.h.t.HelmChartContainer - [test-hivemq-platform] [hivemq] [b28d2377] INFO  - Stopping extension with id hivemq-allow-all-extension
2025-01-29 18:45:13,328 INFO c.h.h.t.HelmChartContainer - [test-hivemq-platform] [hivemq] [b28d2377] INFO  - Extension "Allow All Extension" version 1.1.1 stopped successfully.
2025-01-29 18:45:14,930 INFO c.h.h.t.HelmChartContainer - [test-hivemq-platform] [hivemq] [b28d2377] INFO  - [HiveMQ Platform Operator Init App 1.7.0-SNAPSHOT] Returning shutdown Health API response 503 for readiness
2025-01-29 18:45:14,934 INFO c.h.h.t.HelmChartContainer - [EVENT] Warning [Unhealthy] Readiness probe failed: HTTP probe failed with statuscode: 503 [helmmqttit:test-hivemq-platform-0]
2025-01-29 18:45:14,934 INFO c.h.h.t.HelmChartContainer - Received Unhealthy event for container hivemq in pod test-hivemq-platform-0 [b28d2377-caa0-4be9-8429-6c0564bfbf63]
2025-01-29 18:45:15,536 INFO c.h.h.t.HelmChartContainer - [K3S] [authentication.go:74] "Unable to authenticate the request" err="[invalid bearer token, serviceaccounts \"hivemq-platform-pod-test-hivemq-platform\" not found]"
2025-01-29 18:45:15,627 INFO c.h.h.t.HelmChartContainer - [K3S] [authentication.go:74] "Unable to authenticate the request" err="[invalid bearer token, serviceaccounts \"hivemq-platform-pod-test-hivemq-platform\" not found]"
2025-01-29 18:45:15,713 INFO c.h.h.t.HelmChartContainer - [test-hivemq-platform] [hivemq] [b28d2377] WARN  - [HiveMQ Platform Operator Init App 1.7.0-SNAPSHOT] Could not update Pod annotations: Failure executing: GET at: https://10.43.0.1:443/api/v1/namespaces/helmmqttit/pods/test-hivemq-platform-0. Message: Unauthorized. Received status: Status(apiVersion=v1, code=401, details=null, kind=Status, message=Unauthorized, metadata=ListMeta(_continue=null, remainingItemCount=null, resourceVersion=null, selfLink=null, additionalProperties={}), reason=Unauthorized, status=Failure, additionalProperties={}).
2025-01-29 18:45:15,816 INFO c.h.h.t.HelmChartContainer - [test-hivemq-platform] [hivemq] [b28d2377] INFO  - Shutdown completed.
2025-01-29 18:45:16,165 INFO c.h.h.t.HelmChartContainer - [test-hivemq-platform] [hivemq] [b28d2377] INFO  - [HiveMQ Platform Operator Init App 1.7.0-SNAPSHOT] The HiveMQ Platform exited with code 143
2025-01-29 18:45:16,165 INFO c.h.h.t.HelmChartContainer - [test-hivemq-platform] [hivemq] [b28d2377] INFO  - [HiveMQ Platform Operator Init App 1.7.0-SNAPSHOT] Stopping the REST API
2025-01-29 18:45:16,213 INFO c.h.h.t.HelmChartContainer - [test-hivemq-platform] [hivemq] [b28d2377] INFO  - [HiveMQ Platform Operator Init App 1.7.0-SNAPSHOT] Shutdown complete
2025-01-29 18:45:16,677 INFO c.h.h.t.HelmChartContainer - [POD] test-hivemq-platform-0 [b28d2377-caa0-4be9-8429-6c0564bfbf63] in helmmqttit was MODIFIED
2025-01-29 18:45:16,680 INFO c.h.h.t.HelmChartContainer - [K3S] [stateful_set.go:438] "Unhandled Error" err="error syncing StatefulSet helmmqttit/test-hivemq-platform, requeuing: controllerrevisions.apps \"test-hivemq-platform-7bbc5894fb\" is forbidden: unable to create new content in namespace helmmqttit because it is being terminated"
2025-01-29 18:45:16,688 INFO c.h.h.t.HelmChartContainer - [K3S] [stateful_set.go:438] "Unhandled Error" err="error syncing StatefulSet helmmqttit/test-hivemq-platform, requeuing: controllerrevisions.apps \"test-hivemq-platform-7bbc5894fb\" is forbidden: unable to create new content in namespace helmmqttit because it is being terminated"
2025-01-29 18:45:16,701 INFO c.h.h.t.HelmChartContainer - [K3S] [stateful_set.go:438] "Unhandled Error" err="error syncing StatefulSet helmmqttit/test-hivemq-platform, requeuing: controllerrevisions.apps \"test-hivemq-platform-7bbc5894fb\" is forbidden: unable to create new content in namespace helmmqttit because it is being terminated"
2025-01-29 18:45:16,725 INFO c.h.h.t.HelmChartContainer - [K3S] [stateful_set.go:438] "Unhandled Error" err="error syncing StatefulSet helmmqttit/test-hivemq-platform, requeuing: controllerrevisions.apps \"test-hivemq-platform-7bbc5894fb\" is forbidden: unable to create new content in namespace helmmqttit because it is being terminated"
2025-01-29 18:45:16,759 INFO c.h.h.t.HelmChartContainer - [K3S] [reconciler_common.go:162] "operationExecutor.UnmountVolume started for volume \"kube-api-access-ngk2k\" (UniqueName: \"kubernetes.io/projected/b28d2377-caa0-4be9-8429-6c0564bfbf63-kube-api-access-ngk2k\") pod \"b28d2377-caa0-4be9-8429-6c0564bfbf63\" (UID: \"b28d2377-caa0-4be9-8429-6c0564bfbf63\") "
2025-01-29 18:45:16,759 INFO c.h.h.t.HelmChartContainer - [K3S] [reconciler_common.go:162] "operationExecutor.UnmountVolume started for volume \"operator-init\" (UniqueName: \"kubernetes.io/empty-dir/b28d2377-caa0-4be9-8429-6c0564bfbf63-operator-init\") pod \"b28d2377-caa0-4be9-8429-6c0564bfbf63\" (UID: \"b28d2377-caa0-4be9-8429-6c0564bfbf63\") "
2025-01-29 18:45:16,759 INFO c.h.h.t.HelmChartContainer - [K3S] [reconciler_common.go:162] "operationExecutor.UnmountVolume started for volume \"pod-info\" (UniqueName: \"kubernetes.io/configmap/b28d2377-caa0-4be9-8429-6c0564bfbf63-pod-info\") pod \"b28d2377-caa0-4be9-8429-6c0564bfbf63\" (UID: \"b28d2377-caa0-4be9-8429-6c0564bfbf63\") "
2025-01-29 18:45:16,759 INFO c.h.h.t.HelmChartContainer - [K3S] [reconciler_common.go:162] "operationExecutor.UnmountVolume started for volume \"broker-configuration\" (UniqueName: \"kubernetes.io/configmap/b28d2377-caa0-4be9-8429-6c0564bfbf63-broker-configuration\") pod \"b28d2377-caa0-4be9-8429-6c0564bfbf63\" (UID: \"b28d2377-caa0-4be9-8429-6c0564bfbf63\") "
2025-01-29 18:45:16,768 INFO c.h.h.t.HelmChartContainer - [K3S] [stateful_set.go:438] "Unhandled Error" err="error syncing StatefulSet helmmqttit/test-hivemq-platform, requeuing: controllerrevisions.apps \"test-hivemq-platform-7bbc5894fb\" is forbidden: unable to create new content in namespace helmmqttit because it is being terminated"
2025-01-29 18:45:16,853 INFO c.h.h.t.HelmChartContainer - [K3S] [stateful_set.go:438] "Unhandled Error" err="error syncing StatefulSet helmmqttit/test-hivemq-platform, requeuing: controllerrevisions.apps \"test-hivemq-platform-7bbc5894fb\" is forbidden: unable to create new content in namespace helmmqttit because it is being terminated"
2025-01-29 18:45:16,858 INFO c.h.h.t.HelmChartContainer - [K3S] [reconciler_common.go:299] "Volume detached for volume \"pod-info\" (UniqueName: \"kubernetes.io/configmap/b28d2377-caa0-4be9-8429-6c0564bfbf63-pod-info\") on node \"6206d5544d57\" DevicePath \"\""
2025-01-29 18:45:16,858 INFO c.h.h.t.HelmChartContainer - [K3S] [reconciler_common.go:299] "Volume detached for volume \"broker-configuration\" (UniqueName: \"kubernetes.io/configmap/b28d2377-caa0-4be9-8429-6c0564bfbf63-broker-configuration\") on node \"6206d5544d57\" DevicePath \"\""
2025-01-29 18:45:16,858 INFO c.h.h.t.HelmChartContainer - [K3S] [reconciler_common.go:299] "Volume detached for volume \"operator-init\" (UniqueName: \"kubernetes.io/empty-dir/b28d2377-caa0-4be9-8429-6c0564bfbf63-operator-init\") on node \"6206d5544d57\" DevicePath \"\""
2025-01-29 18:45:16,858 INFO c.h.h.t.HelmChartContainer - [K3S] [reconciler_common.go:299] "Volume detached for volume \"kube-api-access-ngk2k\" (UniqueName: \"kubernetes.io/projected/b28d2377-caa0-4be9-8429-6c0564bfbf63-kube-api-access-ngk2k\") on node \"6206d5544d57\" DevicePath \"\""
2025-01-29 18:45:16,904 INFO c.h.h.t.HelmChartContainer - [K3S] [scope.go:117] "RemoveContainer" containerID="d604a04b8beba31320af4fce59cd63384b247cc58ba98a1ea04ca12a31ceae78"
2025-01-29 18:45:16,920 INFO c.h.h.t.HelmChartContainer - [POD] test-hivemq-platform-0 [b28d2377-caa0-4be9-8429-6c0564bfbf63] in helmmqttit was MODIFIED
2025-01-29 18:45:16,923 INFO c.h.h.t.HelmChartContainer - [K3S] [stateful_set.go:438] "Unhandled Error" err="error syncing StatefulSet helmmqttit/test-hivemq-platform, requeuing: controllerrevisions.apps \"test-hivemq-platform-7bbc5894fb\" is forbidden: unable to create new content in namespace helmmqttit because it is being terminated"
2025-01-29 18:45:16,924 INFO c.h.h.t.HelmChartContainer - [K3S] [stateful_set.go:438] "Unhandled Error" err="error syncing StatefulSet helmmqttit/test-hivemq-platform, requeuing: controllerrevisions.apps \"test-hivemq-platform-7bbc5894fb\" is forbidden: unable to create new content in namespace helmmqttit because it is being terminated"
2025-01-29 18:45:16,934 INFO c.h.h.t.HelmChartContainer - [POD] test-hivemq-platform-0 [b28d2377-caa0-4be9-8429-6c0564bfbf63] in helmmqttit was DELETED
2025-01-29 18:45:16,944 INFO c.h.h.t.HelmChartContainer - [K3S] [stateful_set.go:466] "StatefulSet has been deleted" key="helmmqttit/test-hivemq-platform"
2025-01-29 18:45:17,010 INFO c.h.h.t.HelmChartContainer - [K3S] [scope.go:117] "RemoveContainer" containerID="4c90fd3b72e9bd6440b179750adee6bf35c757d17a35e721f6af07821a6bcf83"
2025-01-29 18:45:17,013 INFO c.h.h.t.HelmChartContainer - [K3S] [scope.go:117] "RemoveContainer" containerID="d604a04b8beba31320af4fce59cd63384b247cc58ba98a1ea04ca12a31ceae78"
2025-01-29 18:45:17,014 INFO c.h.h.t.HelmChartContainer - [K3S] [scope.go:117] "RemoveContainer" containerID="4c90fd3b72e9bd6440b179750adee6bf35c757d17a35e721f6af07821a6bcf83"
2025-01-29 18:45:17,015 INFO c.h.h.t.HelmChartContainer - [K3S] [stateful_set.go:466] "StatefulSet has been deleted" key="helmmqttit/test-hivemq-platform"
2025-01-29 18:45:17,716 INFO c.h.h.t.HelmChartContainer - Namespace 'helmmqttit' deleted
2025-01-29 18:45:17,716 INFO c.h.h.t.HelmChartContainer - Release 'test-hivemq-platform' in namespace 'helmmqttit' is uninstalled
2025-01-29 18:45:17,716 INFO c.h.h.t.HelmChartContainer - Uninstalling release 'test-hivemq-platform-operator' in namespace 'helmmqttit-operator'...
2025-01-29 18:45:17,716 DEBUG c.h.h.t.HelmChartContainer - Executing helm command: /bin/helm --kubeconfig /etc/rancher/k3s/k3s.yaml uninstall test-hivemq-platform-operator  --wait --timeout 5m0s --cascade foreground --namespace helmmqttit-operator
2025-01-29 18:45:17,888 INFO c.h.h.t.HelmChartContainer - [K3S] [replica_set.go:679] "Finished syncing" kind="ReplicaSet" key="helmmqttit-operator/hivemq-test-hivemq-platform-operator-6966f96d65" duration="13.234767ms"
2025-01-29 18:45:17,888 INFO c.h.h.t.HelmChartContainer - [K3S] [replica_set.go:679] "Finished syncing" kind="ReplicaSet" key="helmmqttit-operator/hivemq-test-hivemq-platform-operator-6966f96d65" duration="66.235µs"
2025-01-29 18:45:17,897 INFO c.h.h.t.HelmChartContainer - [POD] hivemq-test-hivemq-platform-operator-6966f96d65-hqvv4 [abd7b85e-0e47-42d1-8b78-2e05bc6fc377] in helmmqttit-operator was MODIFIED
2025-01-29 18:45:17,905 INFO c.h.h.t.HelmChartContainer - [EVENT] Normal [Killing] Stopping container hivemq-platform-operator [helmmqttit-operator:hivemq-test-hivemq-platform-operator-6966f96d65-hqvv4]
2025-01-29 18:45:17,906 INFO c.h.h.t.HelmChartContainer - Received Killing event for container hivemq-platform-operator in pod hivemq-test-hivemq-platform-operator-6966f96d65-hqvv4 [abd7b85e-0e47-42d1-8b78-2e05bc6fc377]
2025-01-29 18:45:17,906 INFO c.h.h.t.HelmChartContainer - Container [hivemq-test-hivemq-platform-operator-6966f96d65-hqvv4] [hivemq-platform-operator] [abd7b85e-0e47-42d1-8b78-2e05bc6fc377] was terminated
2025-01-29 18:45:17,906 INFO c.h.h.t.HelmChartContainer - Stopped log watcher for hivemq-platform-operator in pod hivemq-test-hivemq-platform-operator-6966f96d65-hqvv4 [abd7b85e-0e47-42d1-8b78-2e05bc6fc377]
2025-01-29 18:45:17,909 INFO c.h.h.t.HelmChartContainer - [hivemq-test-hivemq-platform] [hivemq-platform-operator] [abd7b85e] 18:45:17.905 [application-shutdown-thread] INFO  c.h.p.o.HiveMQPlatformOperatorApplication - HiveMQ Platform Operator is stopping...
2025-01-29 18:45:17,909 INFO c.h.h.t.HelmChartContainer - [hivemq-test-hivemq-platform] [hivemq-platform-operator] [abd7b85e] 18:45:17.905 [application-shutdown-thread] INFO  i.javaoperatorsdk.operator.Operator - Operator SDK 4.9.7 is shutting down...
2025-01-29 18:45:17,915 INFO c.h.h.t.HelmChartContainer - [K3S] [replica_set.go:679] "Finished syncing" kind="ReplicaSet" key="helmmqttit-operator/hivemq-test-hivemq-platform-operator-6966f96d65" duration="22.087269ms"
2025-01-29 18:45:17,917 INFO c.h.h.t.HelmChartContainer - [K3S] [replica_set.go:679] "Finished syncing" kind="ReplicaSet" key="helmmqttit-operator/hivemq-test-hivemq-platform-operator-6966f96d65" duration="32.691µs"
2025-01-29 18:45:18,084 INFO c.h.h.t.HelmChartContainer - [K3S] [kubelet_volumes.go:163] "Cleaned up orphaned pod volumes dir" podUID="b28d2377-caa0-4be9-8429-6c0564bfbf63" path="/var/lib/kubelet/pods/b28d2377-caa0-4be9-8429-6c0564bfbf63/volumes"
2025-01-29 18:45:18,520 INFO c.h.h.t.HelmChartContainer - [K3S] [replica_set.go:679] "Finished syncing" kind="ReplicaSet" key="helmmqttit-operator/hivemq-test-hivemq-platform-operator-6966f96d65" duration="43.251µs"
2025-01-29 18:45:18,521 INFO c.h.h.t.HelmChartContainer - [POD] hivemq-test-hivemq-platform-operator-6966f96d65-hqvv4 [abd7b85e-0e47-42d1-8b78-2e05bc6fc377] in helmmqttit-operator was MODIFIED
2025-01-29 18:45:18,669 INFO c.h.h.t.HelmChartContainer - [K3S] [reconciler_common.go:162] "operationExecutor.UnmountVolume started for volume \"kube-api-access-2plqt\" (UniqueName: \"kubernetes.io/projected/abd7b85e-0e47-42d1-8b78-2e05bc6fc377-kube-api-access-2plqt\") pod \"abd7b85e-0e47-42d1-8b78-2e05bc6fc377\" (UID: \"abd7b85e-0e47-42d1-8b78-2e05bc6fc377\") "
2025-01-29 18:45:18,770 INFO c.h.h.t.HelmChartContainer - [K3S] [reconciler_common.go:299] "Volume detached for volume \"kube-api-access-2plqt\" (UniqueName: \"kubernetes.io/projected/abd7b85e-0e47-42d1-8b78-2e05bc6fc377-kube-api-access-2plqt\") on node \"6206d5544d57\" DevicePath \"\""
2025-01-29 18:45:18,915 INFO c.h.h.t.HelmChartContainer - [K3S] [scope.go:117] "RemoveContainer" containerID="fc0c1847d6c69154e5ebc35c23a6ffdcdfd4a9ffe7671ab656163ae69e4d3a91"
2025-01-29 18:45:18,918 INFO c.h.h.t.HelmChartContainer - [K3S] [scope.go:117] "RemoveContainer" containerID="fc0c1847d6c69154e5ebc35c23a6ffdcdfd4a9ffe7671ab656163ae69e4d3a91"
2025-01-29 18:45:18,926 INFO c.h.h.t.HelmChartContainer - [K3S] [replica_set.go:679] "Finished syncing" kind="ReplicaSet" key="helmmqttit-operator/hivemq-test-hivemq-platform-operator-6966f96d65" duration="41.157µs"
2025-01-29 18:45:18,928 INFO c.h.h.t.HelmChartContainer - [POD] hivemq-test-hivemq-platform-operator-6966f96d65-hqvv4 [abd7b85e-0e47-42d1-8b78-2e05bc6fc377] in helmmqttit-operator was MODIFIED
2025-01-29 18:45:18,929 INFO c.h.h.t.HelmChartContainer - [POD] hivemq-test-hivemq-platform-operator-6966f96d65-hqvv4 [abd7b85e-0e47-42d1-8b78-2e05bc6fc377] in helmmqttit-operator was DELETED
2025-01-29 18:45:18,930 INFO c.h.h.t.HelmChartContainer - [K3S] [replica_set.go:679] "Finished syncing" kind="ReplicaSet" key="helmmqttit-operator/hivemq-test-hivemq-platform-operator-6966f96d65" duration="37.401µs"
2025-01-29 18:45:18,942 INFO c.h.h.t.HelmChartContainer - [K3S] [replica_set.go:679] "Finished syncing" kind="ReplicaSet" key="helmmqttit-operator/hivemq-test-hivemq-platform-operator-6966f96d65" duration="5.841µs"
2025-01-29 18:45:19,945 INFO c.h.h.t.HelmChartContainer - Deleting namespace 'helmmqttit-operator'...
2025-01-29 18:45:20,082 INFO c.h.h.t.HelmChartContainer - [K3S] [kubelet_volumes.go:163] "Cleaned up orphaned pod volumes dir" podUID="abd7b85e-0e47-42d1-8b78-2e05bc6fc377" path="/var/lib/kubelet/pods/abd7b85e-0e47-42d1-8b78-2e05bc6fc377/volumes"
2025-01-29 18:45:22,655 INFO c.h.h.t.HelmChartContainer - [K3S] [namespace_controller.go:187] "Namespace has been deleted" namespace="helmmqttit"
2025-01-29 18:45:25,162 INFO c.h.h.t.HelmChartContainer - Namespace 'helmmqttit-operator' deleted
2025-01-29 18:45:25,162 INFO c.h.h.t.HelmChartContainer - Release 'test-hivemq-platform-operator' in namespace 'helmmqttit-operator' is uninstalled
2025-01-29 18:45:25,890 INFO c.h.helmcharts.AbstractHelmChartIT - Removed unused containers:

2025-01-29 18:45:30,075 INFO c.h.h.t.HelmChartContainer - [K3S] [namespace_controller.go:187] "Namespace has been deleted" namespace="helmmqttit-operator"
2025-01-29 18:45:33,716 INFO c.h.helmcharts.AbstractHelmChartIT - Removed unused snapshots:
Removing snapshot sha256:03af251906410714c5aef9fa705b63f6bbc39c4a5e787de7361eeb18886c2ed2
Removing snapshot sha256:0c46b3b43cce082ce5ec34ffc6c294e0417d17b9d1e6f366d114b6aadc4f96dc
Removing snapshot sha256:0ce761beee59082d6ed5bcebd3a805b8ddd9b3426b617e4809e7fb7c6587ffec
Removing snapshot sha256:0df91287303208332c8ff6ba40ae4710105201739addbfbddfb955f1ad593664
Removing snapshot sha256:1021ef88c7974bfff89c5a0ec4fd3160daac6c48a075f74cff721f85dd104e68
Removing snapshot sha256:10aba4953ddc18145dd38e3704709bc464aa20af60b56fe52caaff4b68411e62
Removing snapshot sha256:2573e0d8158209ed54ab25c87bcdcb00bd3d2539246960a3d592a1c599d70465
Removing snapshot sha256:362a8a37f8bbc31925a8146adcf7cf51f9882f5c1dcbef67c5baa03a297543c0
Removing snapshot sha256:3fa4ad33f0ddc8fd45b39b6b4640f82a3a83619606cd975bfe89d8710ad2d4cd
Removing snapshot sha256:43a7c979bbaba6838bc3102d6b10a1459f3ab050b87ccdfef84ef90cf43d3058
Removing snapshot sha256:4ab04491cdf0d3267f08206fe30bd48f49f94b9cab2f016d6739220f722a64af
Removing snapshot sha256:4b6068250e89c96f263060261819c7d912855bfbd64b3eb4c4a8483299b8c295
Removing snapshot sha256:580e69a0a8034ede1921139bbd2bfb72a69ebf276d008281896c32dd8bf74775
Removing snapshot sha256:5d30ba46b27fe37484567ccc5242cadc78217b8da605f3f195ef25cbf7487904
Removing snapshot sha256:63ca1fbb43ae5034640e5e6cb3e083e05c290072c5366fcaa9d62435a4cced85
Removing snapshot sha256:67f702c6baae873bceb19487c8b1f27bd2b86077e4f2f0e480e6d60ab508b8f5
Removing snapshot sha256:6864348dd42806d552efdec384f1274be15e2d0c10ce44c1f04347af004c10a9
Removing snapshot sha256:6c7dee8f2c39b84b7dc2711c01d33de93514d9055499173e9290176fbe484b6c
Removing snapshot sha256:82753493a6d61ded36556292f02f31841a14c20d2f279f19eaad65afb661d5cd
Removing snapshot sha256:8a10d3db42c505ee0fcfa98417bdd7e39b304f6bcc0a06bb1b220797ff2cc63c
Removing snapshot sha256:a0904247e36a7726c03c71ee48f3e64462021c88dafeb13f37fdaf613b27f11c
Removing snapshot sha256:a21e5b12dbac529ad45d976eb9ce45c881f3bedcc500fb30aba1e52aa1813418
Removing snapshot sha256:b6717edd394cbd644ebfedbff7559480325c54ef9bd4ddbf0635f8cc187f6fb7
Removing snapshot sha256:b921e6c28969094157f9b8e7244677780319637afd14450b7cb6b2fdea558a0c
Removing snapshot sha256:bc27ecb5769a00e309cf99ebc763c4a4b958b618d1decc96ffac5bc05f02f5b7
Removing snapshot sha256:bc28d23beab104ae989d291427a2847108c51f00423e69987eddc7e24e868730
Removing snapshot sha256:be3ccb6627a5332e309d45ef461d09b4879dd870c7394d89323d0ebc6ca6aa8a
Removing snapshot sha256:c261f7cbbc64211ee175ee47273acdb7b1a36a4450b397a064a8f2c026490095
Removing snapshot sha256:c34d9393647eea0c9e3557ab988efaf59f61d10a2a5613b439ef0958cca5ec10
Removing snapshot sha256:ccf3c4a0fa967a41c1c83497a2ce6fa5787965859df0adb32c4ca2cf7490bc2b
Removing snapshot sha256:cf92d33f869417309692088c341cd0f223c178ea78a125f757317b22aa8f90e9
Removing snapshot sha256:d0037344cf2fb078884f1849f6a1f8cf9a33a3b6139b6a85833e5ee528e1f9a8
Removing snapshot sha256:d3b36d5b79273b1e98e7700470eaeff05a882e777124d84cebcc1505b85ecb36
Removing snapshot sha256:d65a44a37914602d12c611e5e22a50f11451d847e63015cc1c2aef92dee777a4
Removing snapshot sha256:e2dc0bae2455930f23ae570e019b7f32edc75c0f2d71cab084db837ff9051796
Removing snapshot sha256:eccbd24a99c60cd9e86ee5305dbfc4a4dc89f5ab4fb1f06c8d64797cecedef34
Removing snapshot sha256:f144bb4c7c7f0d2aa7eeffd36d934ec40db1ee167be727e326aad9fdc616f475

]]></system-out>
  </testcase>
  <system-out><![CDATA[2025-01-29 18:36:16,529 INFO c.h.h.t.HelmChartContainerExtension - Using cached HelmChartContainer instance
2025-01-29 18:36:16,535 INFO c.h.h.t.HelmChartContainerExtension - Creating cached HelmChartContainer instance
2025-01-29 18:36:16,554 INFO o.testcontainers.DockerClientFactory - Testcontainers version: 1.20.4
2025-01-29 18:36:16,978 INFO o.t.d.DockerClientProviderStrategy - Found Docker environment with local Unix socket (unix:///var/run/docker.sock)
2025-01-29 18:36:16,987 INFO o.testcontainers.DockerClientFactory - Docker host IP address is localhost
2025-01-29 18:36:17,002 INFO o.testcontainers.DockerClientFactory - Connected to docker: 
  Server Version: 26.1.3
  API Version: 1.45
  Operating System: Ubuntu 24.04.1 LTS
  Total Memory: 15990 MB
2025-01-29 18:36:17,008 INFO o.testcontainers.images.PullPolicy - Image pull policy will be performed by: DefaultPullPolicy()
2025-01-29 18:36:17,010 INFO o.t.utility.ImageNameSubstitutor - Image name substitution will be performed by: DefaultImageNameSubstitutor (composite of 'ConfigurationFileImageNameSubstitutor' and 'PrefixingImageNameSubstitutor')
2025-01-29 18:36:17,041 INFO tc.testcontainers/ryuk:0.11.0 - Pulling docker image: testcontainers/ryuk:0.11.0. Please be patient; this may take some time but only needs to be done once.
2025-01-29 18:36:17,387 INFO tc.testcontainers/ryuk:0.11.0 - Starting to pull image
2025-01-29 18:36:17,403 INFO tc.testcontainers/ryuk:0.11.0 - Pulling image layers:  0 pending,  0 downloaded,  0 extracted, (0 bytes/0 bytes)
2025-01-29 18:36:17,558 INFO tc.testcontainers/ryuk:0.11.0 - Pulling image layers:  2 pending,  1 downloaded,  0 extracted, (807 KB/? MB)
2025-01-29 18:36:17,574 INFO tc.testcontainers/ryuk:0.11.0 - Pulling image layers:  1 pending,  2 downloaded,  0 extracted, (807 KB/? MB)
2025-01-29 18:36:17,675 INFO tc.testcontainers/ryuk:0.11.0 - Pulling image layers:  1 pending,  2 downloaded,  1 extracted, (4 MB/? MB)
2025-01-29 18:36:17,822 INFO tc.testcontainers/ryuk:0.11.0 - Pulling image layers:  1 pending,  2 downloaded,  2 extracted, (7 MB/? MB)
2025-01-29 18:36:17,875 INFO tc.testcontainers/ryuk:0.11.0 - Pulling image layers:  0 pending,  3 downloaded,  2 extracted, (7 MB/10 MB)
2025-01-29 18:36:17,916 INFO tc.testcontainers/ryuk:0.11.0 - Pulling image layers:  0 pending,  3 downloaded,  3 extracted, (10 MB/10 MB)
2025-01-29 18:36:17,921 INFO tc.testcontainers/ryuk:0.11.0 - Image testcontainers/ryuk:0.11.0 pull took PT0.880448536S
2025-01-29 18:36:17,941 INFO tc.testcontainers/ryuk:0.11.0 - Creating container for image: testcontainers/ryuk:0.11.0
2025-01-29 18:36:18,002 INFO tc.testcontainers/ryuk:0.11.0 - Container testcontainers/ryuk:0.11.0 is starting: cc50babb8d11321ecf3173b61195ee44af08b0a0611a59421b5bca524efec0f2
2025-01-29 18:36:18,250 INFO tc.testcontainers/ryuk:0.11.0 - Container testcontainers/ryuk:0.11.0 started in PT0.309195443S
2025-01-29 18:36:18,254 INFO o.t.utility.RyukResourceReaper - Ryuk started - will monitor and terminate Testcontainers containers on JVM exit
2025-01-29 18:36:18,254 INFO o.testcontainers.DockerClientFactory - Checking the system...
2025-01-29 18:36:18,254 INFO o.testcontainers.DockerClientFactory - ✔︎ Docker server version should be at least 1.6.0
2025-01-29 18:36:18,333 INFO o.t.i.builder.ImageFromDockerfile - Pre-emptively checking local images for 'ubuntu:noble-20241118.1@sha256:80dd3c3b9c6cecb9f1667e9290b3bc61b78c2678c02cbdae5f0fea92cc6734ab', referenced via a Dockerfile. If not available, it will be pulled.
2025-01-29 18:36:18,337 INFO t.u.1@sha256:80dd3c... - Pulling docker image: ubuntu:noble-20241118.1@sha256:80dd3c3b9c6cecb9f1667e9290b3bc61b78c2678c02cbdae5f0fea92cc6734ab. Please be patient; this may take some time but only needs to be done once.
2025-01-29 18:36:18,510 INFO t.u.1@sha256:80dd3c... - Starting to pull image
2025-01-29 18:36:18,511 INFO t.u.1@sha256:80dd3c... - Pulling image layers:  0 pending,  0 downloaded,  0 extracted, (0 bytes/0 bytes)
2025-01-29 18:36:19,137 INFO t.u.1@sha256:80dd3c... - Pulling image layers:  0 pending,  1 downloaded,  0 extracted, (25 MB/28 MB)
2025-01-29 18:36:20,076 INFO t.u.1@sha256:80dd3c... - Pulling image layers:  0 pending,  1 downloaded,  1 extracted, (28 MB/28 MB)
2025-01-29 18:36:20,081 INFO t.u.1@sha256:80dd3c... - Image ubuntu:noble-20241118.1@sha256:80dd3c3b9c6cecb9f1667e9290b3bc61b78c2678c02cbdae5f0fea92cc6734ab pull took PT1.744222274S
2025-01-29 18:36:20,081 INFO t.u.1@sha256:80dd3c... - Pull complete. 1 layers, pulled in 1s (downloaded 28 MB at 28 MB/s)
2025-01-29 18:36:20,084 INFO o.t.i.builder.ImageFromDockerfile - Pre-emptively checking local images for 'rancher/k3s:v1.32.1-k3s1', referenced via a Dockerfile. If not available, it will be pulled.
2025-01-29 18:36:20,085 INFO tc.rancher/k3s:v1.32.1-k3s1 - Pulling docker image: rancher/k3s:v1.32.1-k3s1. Please be patient; this may take some time but only needs to be done once.
2025-01-29 18:36:20,300 INFO tc.rancher/k3s:v1.32.1-k3s1 - Starting to pull image
2025-01-29 18:36:20,301 INFO tc.rancher/k3s:v1.32.1-k3s1 - Pulling image layers:  0 pending,  0 downloaded,  0 extracted, (0 bytes/0 bytes)
2025-01-29 18:36:21,552 INFO tc.rancher/k3s:v1.32.1-k3s1 - Pulling image layers:  0 pending,  1 downloaded,  0 extracted, (63 MB/71 MB)
2025-01-29 18:36:22,602 INFO tc.rancher/k3s:v1.32.1-k3s1 - Pulling image layers:  0 pending,  1 downloaded,  1 extracted, (71 MB/71 MB)
2025-01-29 18:36:22,608 INFO tc.rancher/k3s:v1.32.1-k3s1 - Image rancher/k3s:v1.32.1-k3s1 pull took PT2.523247224S
2025-01-29 18:36:22,608 INFO tc.rancher/k3s:v1.32.1-k3s1 - Pull complete. 1 layers, pulled in 2s (downloaded 71 MB at 35 MB/s)
2025-01-29 18:36:22,614 INFO o.t.i.builder.ImageFromDockerfile - Transferred 0 bytes to Docker daemon
2025-01-29 18:36:36,018 INFO c.h.h.t.HelmChartContainer - Starting HelmChartContainer...
2025-01-29 18:36:36,020 INFO t.localhost/testcontainers/gwydmyx2q357kt5f:latest - Creating container for image: localhost/testcontainers/gwydmyx2q357kt5f:latest
2025-01-29 18:36:36,084 INFO tc.alpine:3.17 - Pulling docker image: alpine:3.17. Please be patient; this may take some time but only needs to be done once.
2025-01-29 18:36:36,332 INFO tc.alpine:3.17 - Starting to pull image
2025-01-29 18:36:36,333 INFO tc.alpine:3.17 - Pulling image layers:  0 pending,  0 downloaded,  0 extracted, (0 bytes/0 bytes)
2025-01-29 18:36:36,546 INFO tc.alpine:3.17 - Pulling image layers:  0 pending,  1 downloaded,  0 extracted, (33 KB/3 MB)
2025-01-29 18:36:36,640 INFO tc.alpine:3.17 - Pulling image layers:  0 pending,  1 downloaded,  1 extracted, (3 MB/3 MB)
2025-01-29 18:36:36,645 INFO tc.alpine:3.17 - Image alpine:3.17 pull took PT0.560745681S
2025-01-29 18:36:37,215 INFO t.localhost/testcontainers/gwydmyx2q357kt5f:latest - Container localhost/testcontainers/gwydmyx2q357kt5f:latest is starting: 6206d5544d5753f296a3db72ca242d42aef6349af76e91fe966e45303526db64
2025-01-29 18:36:37,577 INFO c.h.h.t.HelmChartContainer - [K3S] [INFO] Starting k3s v1.32.1+k3s1 (6a322f12)
2025-01-29 18:36:37,580 INFO c.h.h.t.HelmChartContainer - [K3S] [INFO] Configuring sqlite3 database connection pooling: maxIdleConns=2, maxOpenConns=0, connMaxLifetime=0s
2025-01-29 18:36:37,580 INFO c.h.h.t.HelmChartContainer - [K3S] [INFO] Configuring database table schema and indexes, this may take a moment...
2025-01-29 18:36:37,584 INFO c.h.h.t.HelmChartContainer - [K3S] [INFO] Database tables and indexes are up to date
2025-01-29 18:36:37,587 INFO c.h.h.t.HelmChartContainer - [K3S] [INFO] Kine available at unix://kine.sock
2025-01-29 18:36:37,670 INFO c.h.h.t.HelmChartContainer - [K3S] [INFO] Saving cluster bootstrap data to datastore
2025-01-29 18:36:37,670 INFO c.h.h.t.HelmChartContainer - [K3S] [WARNING] dynamiclistener [::]:6443: no cached certificate available for preload - deferring certificate load until storage initialization or first client request
2025-01-29 18:36:37,671 INFO c.h.h.t.HelmChartContainer - [K3S] [INFO] Active TLS secret / (ver=) (count 10): map[listener.cattle.io/cn-10.43.0.1:10.43.0.1 listener.cattle.io/cn-127.0.0.1:127.0.0.1 listener.cattle.io/cn-172.18.0.2:172.18.0.2 listener.cattle.io/cn-6206d5544d57:6206d5544d57 listener.cattle.io/cn-__1-f16284:::1 listener.cattle.io/cn-kubernetes:kubernetes listener.cattle.io/cn-kubernetes.default:kubernetes.default listener.cattle.io/cn-kubernetes.default.svc:kubernetes.default.svc listener.cattle.io/cn-kubernetes.default.svc.cluster.local:kubernetes.default.svc.cluster.local listener.cattle.io/cn-localhost:localhost listener.cattle.io/fingerprint:SHA1=E9A75EC08E77D05E513D8361A3174B3A257B7E3C]
2025-01-29 18:36:37,842 INFO c.h.h.t.HelmChartContainer - [K3S] [INFO] Running kube-apiserver --advertise-port=6443 --allow-privileged=true --anonymous-auth=false --api-audiences=https://kubernetes.default.svc.cluster.local,k3s --authorization-mode=Node,RBAC --bind-address=127.0.0.1 --cert-dir=/var/lib/rancher/k3s/server/tls/temporary-certs --client-ca-file=/var/lib/rancher/k3s/server/tls/client-ca.crt --egress-selector-config-file=/var/lib/rancher/k3s/server/etc/egress-selector-config.yaml --enable-admission-plugins=NodeRestriction --enable-aggregator-routing=true --enable-bootstrap-token-auth=true --etcd-compaction-interval=0s --etcd-servers=unix://kine.sock --kubelet-certificate-authority=/var/lib/rancher/k3s/server/tls/server-ca.crt --kubelet-client-certificate=/var/lib/rancher/k3s/server/tls/client-kube-apiserver.crt --kubelet-client-key=/var/lib/rancher/k3s/server/tls/client-kube-apiserver.key --kubelet-preferred-address-types=InternalIP,ExternalIP,Hostname --profiling=false --proxy-client-cert-file=/var/lib/rancher/k3s/server/tls/client-auth-proxy.crt --proxy-client-key-file=/var/lib/rancher/k3s/server/tls/client-auth-proxy.key --requestheader-allowed-names=system:auth-proxy --requestheader-client-ca-file=/var/lib/rancher/k3s/server/tls/request-header-ca.crt --requestheader-extra-headers-prefix=X-Remote-Extra- --requestheader-group-headers=X-Remote-Group --requestheader-username-headers=X-Remote-User --secure-port=6444 --service-account-issuer=https://kubernetes.default.svc.cluster.local --service-account-key-file=/var/lib/rancher/k3s/server/tls/service.key --service-account-signing-key-file=/var/lib/rancher/k3s/server/tls/service.current.key --service-cluster-ip-range=10.43.0.0/16 --service-node-port-range=30000-32767 --storage-backend=etcd3 --tls-cert-file=/var/lib/rancher/k3s/server/tls/serving-kube-apiserver.crt --tls-cipher-suites=TLS_ECDHE_ECDSA_WITH_AES_256_GCM_SHA384,TLS_ECDHE_RSA_WITH_AES_256_GCM_SHA384,TLS_ECDHE_ECDSA_WITH_AES_128_GCM_SHA256,TLS_ECDHE_RSA_WITH_AES_128_GCM_SHA256,TLS_ECDHE_ECDSA_WITH_CHACHA20_POLY1305,TLS_ECDHE_RSA_WITH_CHACHA20_POLY1305 --tls-private-key-file=/var/lib/rancher/k3s/server/tls/serving-kube-apiserver.key
2025-01-29 18:36:37,844 INFO c.h.h.t.HelmChartContainer - [K3S] [INFO] Running kube-scheduler --authentication-kubeconfig=/var/lib/rancher/k3s/server/cred/scheduler.kubeconfig --authorization-kubeconfig=/var/lib/rancher/k3s/server/cred/scheduler.kubeconfig --bind-address=127.0.0.1 --kubeconfig=/var/lib/rancher/k3s/server/cred/scheduler.kubeconfig --leader-elect=false --profiling=false --secure-port=10259
2025-01-29 18:36:37,844 INFO c.h.h.t.HelmChartContainer - [K3S] [registry.go:256] calling componentGlobalsRegistry.AddFlags more than once, the registry will be set by the latest flags
2025-01-29 18:36:37,846 INFO c.h.h.t.HelmChartContainer - [K3S] [INFO] Waiting for API server to become available
2025-01-29 18:36:37,850 INFO c.h.h.t.HelmChartContainer - [K3S] [INFO] Running kube-controller-manager --allocate-node-cidrs=true --authentication-kubeconfig=/var/lib/rancher/k3s/server/cred/controller.kubeconfig --authorization-kubeconfig=/var/lib/rancher/k3s/server/cred/controller.kubeconfig --bind-address=127.0.0.1 --cluster-cidr=10.42.0.0/16 --cluster-signing-kube-apiserver-client-cert-file=/var/lib/rancher/k3s/server/tls/client-ca.nochain.crt --cluster-signing-kube-apiserver-client-key-file=/var/lib/rancher/k3s/server/tls/client-ca.key --cluster-signing-kubelet-client-cert-file=/var/lib/rancher/k3s/server/tls/client-ca.nochain.crt --cluster-signing-kubelet-client-key-file=/var/lib/rancher/k3s/server/tls/client-ca.key --cluster-signing-kubelet-serving-cert-file=/var/lib/rancher/k3s/server/tls/server-ca.nochain.crt --cluster-signing-kubelet-serving-key-file=/var/lib/rancher/k3s/server/tls/server-ca.key --cluster-signing-legacy-unknown-cert-file=/var/lib/rancher/k3s/server/tls/server-ca.nochain.crt --cluster-signing-legacy-unknown-key-file=/var/lib/rancher/k3s/server/tls/server-ca.key --configure-cloud-routes=false --controllers=*,tokencleaner,-service,-route,-cloud-node-lifecycle --kubeconfig=/var/lib/rancher/k3s/server/cred/controller.kubeconfig --leader-elect=false --profiling=false --root-ca-file=/var/lib/rancher/k3s/server/tls/server-ca.crt --secure-port=10257 --service-account-private-key-file=/var/lib/rancher/k3s/server/tls/service.current.key --service-cluster-ip-range=10.43.0.0/16 --use-service-account-credentials=true
2025-01-29 18:36:37,851 INFO c.h.h.t.HelmChartContainer - [K3S] [options.go:299] unable to set WatchListClient feature gate, err: cannot override default for feature "WatchListClient": gates already added to a flag set
2025-01-29 18:36:37,851 INFO c.h.h.t.HelmChartContainer - [K3S] [registry.go:256] calling componentGlobalsRegistry.AddFlags more than once, the registry will be set by the latest flags
2025-01-29 18:36:37,852 INFO c.h.h.t.HelmChartContainer - [K3S] [INFO] Running cloud-controller-manager --allocate-node-cidrs=true --authentication-kubeconfig=/var/lib/rancher/k3s/server/cred/cloud-controller.kubeconfig --authorization-kubeconfig=/var/lib/rancher/k3s/server/cred/cloud-controller.kubeconfig --bind-address=127.0.0.1 --cloud-config=/var/lib/rancher/k3s/server/etc/cloud-config.yaml --cloud-provider=k3s --cluster-cidr=10.42.0.0/16 --configure-cloud-routes=false --controllers=*,-route --kubeconfig=/var/lib/rancher/k3s/server/cred/cloud-controller.kubeconfig --leader-elect=false --leader-elect-resource-name=k3s-cloud-controller-manager --node-status-update-frequency=1m0s --profiling=false
2025-01-29 18:36:37,852 INFO c.h.h.t.HelmChartContainer - [K3S] [INFO] Server node token is available at /var/lib/rancher/k3s/server/token
2025-01-29 18:36:37,852 INFO c.h.h.t.HelmChartContainer - [K3S] [registry.go:256] calling componentGlobalsRegistry.AddFlags more than once, the registry will be set by the latest flags
2025-01-29 18:36:37,852 INFO c.h.h.t.HelmChartContainer - [K3S] [INFO] To join server node to cluster: k3s server -s https://172.18.0.2:6443 -t ${SERVER_NODE_TOKEN}
2025-01-29 18:36:37,852 INFO c.h.h.t.HelmChartContainer - [K3S] [INFO] Agent node token is available at /var/lib/rancher/k3s/server/agent-token
2025-01-29 18:36:37,852 INFO c.h.h.t.HelmChartContainer - [K3S] [INFO] To join agent node to cluster: k3s agent -s https://172.18.0.2:6443 -t ${AGENT_NODE_TOKEN}
2025-01-29 18:36:37,852 INFO c.h.h.t.HelmChartContainer - [K3S] [options.go:238] external host was not specified, using 172.18.0.2
2025-01-29 18:36:37,853 INFO c.h.h.t.HelmChartContainer - [K3S] [INFO] Wrote kubeconfig /etc/rancher/k3s/k3s.yaml
2025-01-29 18:36:37,853 INFO c.h.h.t.HelmChartContainer - [K3S] [INFO] Run: k3s kubectl
2025-01-29 18:36:37,853 INFO c.h.h.t.HelmChartContainer - [K3S] [server.go:151] Version: v1.32.1+k3s1
2025-01-29 18:36:37,853 INFO c.h.h.t.HelmChartContainer - [K3S] [server.go:153] "Golang settings" GOGC="" GOMAXPROCS="" GOTRACEBACK=""
2025-01-29 18:36:38,066 INFO c.h.h.t.HelmChartContainer - [K3S] [plugins.go:157] Loaded 13 mutating admission controller(s) successfully in the following order: NamespaceLifecycle,LimitRanger,ServiceAccount,NodeRestriction,TaintNodesByCondition,Priority,DefaultTolerationSeconds,DefaultStorageClass,StorageObjectInUseProtection,RuntimeClass,DefaultIngressClass,MutatingAdmissionPolicy,MutatingAdmissionWebhook.
2025-01-29 18:36:38,067 INFO c.h.h.t.HelmChartContainer - [K3S] [plugins.go:160] Loaded 13 validating admission controller(s) successfully in the following order: LimitRanger,ServiceAccount,PodSecurity,Priority,PersistentVolumeClaimResize,RuntimeClass,CertificateApproval,CertificateSigning,ClusterTrustBundleAttest,CertificateSubjectRestriction,ValidatingAdmissionPolicy,ValidatingAdmissionWebhook,ResourceQuota.
2025-01-29 18:36:38,067 INFO c.h.h.t.HelmChartContainer - [K3S] [instance.go:233] Using reconciler: lease
2025-01-29 18:36:38,131 INFO c.h.h.t.HelmChartContainer - [K3S] [apis.go:106] API group "internal.apiserver.k8s.io" is not enabled, skipping.
2025-01-29 18:36:38,191 INFO c.h.h.t.HelmChartContainer - [K3S] [apis.go:106] API group "storagemigration.k8s.io" is not enabled, skipping.
2025-01-29 18:36:38,223 INFO c.h.h.t.HelmChartContainer - [K3S] [apis.go:106] API group "resource.k8s.io" is not enabled, skipping.
2025-01-29 18:36:38,490 INFO c.h.h.t.HelmChartContainer - [K3S] [INFO] Password verified locally for node 6206d5544d57
2025-01-29 18:36:38,541 INFO c.h.h.t.HelmChartContainer - [K3S] [dynamic_cafile_content.go:161] "Starting controller" name="request-header::/var/lib/rancher/k3s/server/tls/request-header-ca.crt"
2025-01-29 18:36:38,542 INFO c.h.h.t.HelmChartContainer - [K3S] [dynamic_cafile_content.go:161] "Starting controller" name="client-ca-bundle::/var/lib/rancher/k3s/server/tls/client-ca.crt"
2025-01-29 18:36:38,542 INFO c.h.h.t.HelmChartContainer - [K3S] [secure_serving.go:213] Serving securely on 127.0.0.1:6444
2025-01-29 18:36:38,542 INFO c.h.h.t.HelmChartContainer - [K3S] [dynamic_serving_content.go:135] "Starting controller" name="serving-cert::/var/lib/rancher/k3s/server/tls/serving-kube-apiserver.crt::/var/lib/rancher/k3s/server/tls/serving-kube-apiserver.key"
2025-01-29 18:36:38,542 INFO c.h.h.t.HelmChartContainer - [K3S] [tlsconfig.go:243] "Starting DynamicServingCertificateController"
2025-01-29 18:36:38,543 INFO c.h.h.t.HelmChartContainer - [K3S] [controller.go:78] Starting OpenAPI AggregationController
2025-01-29 18:36:38,543 INFO c.h.h.t.HelmChartContainer - [K3S] [system_namespaces_controller.go:66] Starting system namespaces controller
2025-01-29 18:36:38,543 INFO c.h.h.t.HelmChartContainer - [K3S] [remote_available_controller.go:411] Starting RemoteAvailability controller
2025-01-29 18:36:38,543 INFO c.h.h.t.HelmChartContainer - [K3S] [cluster_authentication_trust_controller.go:462] Starting cluster_authentication_trust_controller controller
2025-01-29 18:36:38,543 INFO c.h.h.t.HelmChartContainer - [K3S] [apiservice_controller.go:100] Starting APIServiceRegistrationController
2025-01-29 18:36:38,543 INFO c.h.h.t.HelmChartContainer - [K3S] [controller.go:119] Starting legacy_token_tracking_controller
2025-01-29 18:36:38,543 INFO c.h.h.t.HelmChartContainer - [K3S] [apf_controller.go:377] Starting API Priority and Fairness config controller
2025-01-29 18:36:38,544 INFO c.h.h.t.HelmChartContainer - [K3S] [local_available_controller.go:156] Starting LocalAvailability controller
2025-01-29 18:36:38,544 INFO c.h.h.t.HelmChartContainer - [K3S] [aggregator.go:169] waiting for initial CRD sync...
2025-01-29 18:36:38,544 INFO c.h.h.t.HelmChartContainer - [K3S] [dynamic_cafile_content.go:161] "Starting controller" name="client-ca-bundle::/var/lib/rancher/k3s/server/tls/client-ca.crt"
2025-01-29 18:36:38,554 INFO c.h.h.t.HelmChartContainer - [K3S] [dynamic_serving_content.go:135] "Starting controller" name="aggregator-proxy-cert::/var/lib/rancher/k3s/server/tls/client-auth-proxy.crt::/var/lib/rancher/k3s/server/tls/client-auth-proxy.key"
2025-01-29 18:36:38,554 INFO c.h.h.t.HelmChartContainer - [K3S] [dynamic_cafile_content.go:161] "Starting controller" name="request-header::/var/lib/rancher/k3s/server/tls/request-header-ca.crt"
2025-01-29 18:36:38,559 INFO c.h.h.t.HelmChartContainer - [K3S] [gc_controller.go:78] Starting apiserver lease garbage collector
2025-01-29 18:36:38,560 INFO c.h.h.t.HelmChartContainer - [K3S] [controller.go:80] Starting OpenAPI V3 AggregationController
2025-01-29 18:36:38,560 INFO c.h.h.t.HelmChartContainer - [K3S] [customresource_discovery_controller.go:292] Starting DiscoveryController
2025-01-29 18:36:38,560 INFO c.h.h.t.HelmChartContainer - [K3S] [controller.go:142] Starting OpenAPI controller
2025-01-29 18:36:38,560 INFO c.h.h.t.HelmChartContainer - [K3S] [controller.go:90] Starting OpenAPI V3 controller
2025-01-29 18:36:38,560 INFO c.h.h.t.HelmChartContainer - [K3S] [naming_controller.go:294] Starting NamingConditionController
2025-01-29 18:36:38,563 INFO c.h.h.t.HelmChartContainer - [K3S] [establishing_controller.go:81] Starting EstablishingController
2025-01-29 18:36:38,564 INFO c.h.h.t.HelmChartContainer - [K3S] [nonstructuralschema_controller.go:195] Starting NonStructuralSchemaConditionController
2025-01-29 18:36:38,564 INFO c.h.h.t.HelmChartContainer - [K3S] [apiapproval_controller.go:189] Starting KubernetesAPIApprovalPolicyConformantConditionController
2025-01-29 18:36:38,564 INFO c.h.h.t.HelmChartContainer - [K3S] [crd_finalizer.go:269] Starting CRDFinalizer
2025-01-29 18:36:38,564 INFO c.h.h.t.HelmChartContainer - [K3S] [crdregistration_controller.go:114] Starting crd-autoregister controller
2025-01-29 18:36:38,641 INFO c.h.h.t.HelmChartContainer - [K3S] [apf_controller.go:382] Running API Priority and Fairness config worker
2025-01-29 18:36:38,641 INFO c.h.h.t.HelmChartContainer - [K3S] [apf_controller.go:385] Running API Priority and Fairness periodic rebalancing process
2025-01-29 18:36:38,641 INFO c.h.h.t.HelmChartContainer - [K3S] [handler_discovery.go:451] Starting ResourceDiscoveryManager
2025-01-29 18:36:38,652 INFO c.h.h.t.HelmChartContainer - [K3S] [controller.go:145] "Failed to ensure lease exists, will retry" err="namespaces \"kube-system\" not found" interval="200ms"
2025-01-29 18:36:38,662 INFO c.h.h.t.HelmChartContainer - [K3S] [policy_source.go:240] refreshing policies
2025-01-29 18:36:38,664 INFO c.h.h.t.HelmChartContainer - [K3S] [aggregator.go:171] initial CRD sync complete...
2025-01-29 18:36:38,664 INFO c.h.h.t.HelmChartContainer - [K3S] [autoregister_controller.go:144] Starting autoregister controller
2025-01-29 18:36:38,694 INFO c.h.h.t.HelmChartContainer - [K3S] [controller.go:95] Unable to perform initial Kubernetes service initialization: namespaces "default" not found
2025-01-29 18:36:38,694 INFO c.h.h.t.HelmChartContainer - [K3S] [controller.go:148] "Unhandled Error" err="while syncing ConfigMap \"kube-system/kube-apiserver-legacy-service-account-token-tracking\", err: namespaces \"kube-system\" not found" logger="UnhandledError"
2025-01-29 18:36:39,002 INFO c.h.h.t.HelmChartContainer - [K3S] [WARNING] Host resolv.conf includes loopback or multicast nameservers - kubelet will use autogenerated resolv.conf with nameserver 8.8.8.8
2025-01-29 18:36:39,012 INFO c.h.h.t.HelmChartContainer - [K3S] [INFO] Module overlay was already loaded
2025-01-29 18:36:39,012 INFO c.h.h.t.HelmChartContainer - [K3S] [INFO] Module nf_conntrack was already loaded
2025-01-29 18:36:39,012 INFO c.h.h.t.HelmChartContainer - [K3S] [INFO] Module br_netfilter was already loaded
2025-01-29 18:36:39,017 INFO c.h.h.t.HelmChartContainer - [K3S] [INFO] Set sysctl 'net/netfilter/nf_conntrack_tcp_timeout_established' to 86400
2025-01-29 18:36:39,018 INFO c.h.h.t.HelmChartContainer - [K3S] [INFO] Set sysctl 'net/netfilter/nf_conntrack_tcp_timeout_close_wait' to 3600
2025-01-29 18:36:39,018 INFO c.h.h.t.HelmChartContainer - [K3S] [INFO] Set sysctl 'net/netfilter/nf_conntrack_max' to 131072
2025-01-29 18:36:39,020 INFO c.h.h.t.HelmChartContainer - [K3S] [INFO] Logging containerd to /var/lib/rancher/k3s/agent/containerd/containerd.log
2025-01-29 18:36:39,020 INFO c.h.h.t.HelmChartContainer - [K3S] [INFO] Running containerd -c /var/lib/rancher/k3s/agent/etc/containerd/config.toml -a /run/k3s/containerd/containerd.sock --state /run/k3s/containerd --root /var/lib/rancher/k3s/agent/containerd
2025-01-29 18:36:39,543 INFO c.h.h.t.HelmChartContainer - [K3S] [storage_scheduling.go:95] created PriorityClass system-node-critical with value 2000001000
2025-01-29 18:36:39,546 INFO c.h.h.t.HelmChartContainer - [K3S] [storage_scheduling.go:95] created PriorityClass system-cluster-critical with value 2000000000
2025-01-29 18:36:39,546 INFO c.h.h.t.HelmChartContainer - [K3S] [storage_scheduling.go:111] all system priority classes are created successfully or already exist.
2025-01-29 18:36:39,902 INFO c.h.h.t.HelmChartContainer - [K3S] [alloc.go:330] "allocated clusterIPs" service="default/kubernetes" clusterIPs={"IPv4":"10.43.0.1"}
2025-01-29 18:36:39,906 INFO c.h.h.t.HelmChartContainer - [K3S] [lease.go:265] Resetting endpoints for master service "kubernetes" to [172.18.0.2]
2025-01-29 18:36:40,023 INFO c.h.h.t.HelmChartContainer - [K3S] [INFO] containerd is now running
2025-01-29 18:36:40,027 INFO c.h.h.t.HelmChartContainer - [K3S] [INFO] Connecting to proxy" url="wss://127.0.0.1:6443/v1-k3s/connect
2025-01-29 18:36:40,028 INFO c.h.h.t.HelmChartContainer - [K3S] [INFO] Creating k3s-cert-monitor event broadcaster
2025-01-29 18:36:40,029 INFO c.h.h.t.HelmChartContainer - [K3S] [INFO] Running kubelet --cloud-provider=external --config-dir=/var/lib/rancher/k3s/agent/etc/kubelet.conf.d --containerd=/run/k3s/containerd/containerd.sock --hostname-override=6206d5544d57 --kubeconfig=/var/lib/rancher/k3s/agent/kubelet.kubeconfig --node-ip=172.18.0.2 --node-labels=
2025-01-29 18:36:40,031 INFO c.h.h.t.HelmChartContainer - [K3S] [INFO] Handling backend connection request [6206d5544d57]
2025-01-29 18:36:40,031 INFO c.h.h.t.HelmChartContainer - [K3S] [INFO] Remotedialer connected to proxy" url="wss://127.0.0.1:6443/v1-k3s/connect
2025-01-29 18:36:40,033 INFO c.h.h.t.HelmChartContainer - [K3S] Flag --containerd has been deprecated, This is a cadvisor flag that was mistakenly registered with the Kubelet. Due to legacy concerns, it will follow the standard CLI deprecation timeline before being removed.
2025-01-29 18:36:40,037 INFO c.h.h.t.HelmChartContainer - [K3S] [server.go:515] "Kubelet version" kubeletVersion="v1.32.1+k3s1"
2025-01-29 18:36:40,037 INFO c.h.h.t.HelmChartContainer - [K3S] [server.go:517] "Golang settings" GOGC="" GOMAXPROCS="" GOTRACEBACK=""
2025-01-29 18:36:40,039 INFO c.h.h.t.HelmChartContainer - [K3S] [dynamic_cafile_content.go:161] "Starting controller" name="client-ca-bundle::/var/lib/rancher/k3s/agent/client-ca.crt"
2025-01-29 18:36:40,041 INFO c.h.h.t.HelmChartContainer - [K3S] [log.go:32] "RuntimeConfig from runtime service failed" err="rpc error: code = Unimplemented desc = method RuntimeConfig not implemented"
2025-01-29 18:36:40,041 INFO c.h.h.t.HelmChartContainer - [K3S] [server.go:1416] "CRI implementation should be updated to support RuntimeConfig when KubeletCgroupDriverFromCRI feature gate has been enabled. Falling back to using cgroupDriver from kubelet config."
2025-01-29 18:36:40,045 INFO c.h.h.t.HelmChartContainer - [K3S] [info.go:53] Couldn't collect info from any of the files in "/etc/machine-id,/var/lib/dbus/machine-id"
2025-01-29 18:36:40,045 INFO c.h.h.t.HelmChartContainer - [K3S] [server.go:767] "--cgroups-per-qos enabled, but --cgroup-root was not specified.  defaulting to /"
2025-01-29 18:36:40,045 INFO c.h.h.t.HelmChartContainer - [K3S] [server.go:836] "NoSwap is set due to memorySwapBehavior not specified" memorySwapBehavior="" FailSwapOn=false
2025-01-29 18:36:40,045 INFO c.h.h.t.HelmChartContainer - [K3S] [swap_util.go:115] "Swap is on" /proc/swaps contents=<
2025-01-29 18:36:40,045 INFO c.h.h.t.HelmChartContainer - [K3S] 	Filename				Type		Size		Used		Priority
2025-01-29 18:36:40,046 INFO c.h.h.t.HelmChartContainer - [K3S] 	/mnt/swapfile                           file		4194300		0		-2
2025-01-29 18:36:40,046 INFO c.h.h.t.HelmChartContainer - [K3S]  >
2025-01-29 18:36:40,046 INFO c.h.h.t.HelmChartContainer - [K3S] [container_manager_linux.go:268] "Container manager verified user specified cgroup-root exists" cgroupRoot=[]
2025-01-29 18:36:40,047 INFO c.h.h.t.HelmChartContainer - [K3S] [container_manager_linux.go:273] "Creating Container Manager object based on Node Config" nodeConfig={"NodeName":"6206d5544d57","RuntimeCgroupsName":"","SystemCgroupsName":"","KubeletCgroupsName":"/k3s","KubeletOOMScoreAdj":-999,"ContainerRuntime":"","CgroupsPerQOS":true,"CgroupRoot":"/","CgroupDriver":"cgroupfs","KubeletRootDir":"/var/lib/kubelet","ProtectKernelDefaults":false,"KubeReservedCgroupName":"","SystemReservedCgroupName":"","ReservedSystemCPUs":{},"EnforceNodeAllocatable":{"pods":{}},"KubeReserved":null,"SystemReserved":null,"HardEvictionThresholds":[{"Signal":"imagefs.available","Operator":"LessThan","Value":{"Quantity":null,"Percentage":0.05},"GracePeriod":0,"MinReclaim":null},{"Signal":"nodefs.available","Operator":"LessThan","Value":{"Quantity":null,"Percentage":0.05},"GracePeriod":0,"MinReclaim":null}],"QOSReserved":{},"CPUManagerPolicy":"none","CPUManagerPolicyOptions":null,"TopologyManagerScope":"container","CPUManagerReconcilePeriod":10000000000,"ExperimentalMemoryManagerPolicy":"None","ExperimentalMemoryManagerReservedMemory":null,"PodPidsLimit":-1,"EnforceCPULimits":true,"CPUCFSQuotaPeriod":100000000,"TopologyManagerPolicy":"none","TopologyManagerPolicyOptions":null,"CgroupVersion":2}
2025-01-29 18:36:40,047 INFO c.h.h.t.HelmChartContainer - [K3S] [topology_manager.go:138] "Creating topology manager with none policy"
2025-01-29 18:36:40,047 INFO c.h.h.t.HelmChartContainer - [K3S] [container_manager_linux.go:304] "Creating device plugin manager"
2025-01-29 18:36:40,047 INFO c.h.h.t.HelmChartContainer - [K3S] [state_mem.go:36] "Initialized new in-memory state store"
2025-01-29 18:36:40,047 INFO c.h.h.t.HelmChartContainer - [K3S] [kubelet.go:446] "Attempting to sync node with API server"
2025-01-29 18:36:40,048 INFO c.h.h.t.HelmChartContainer - [K3S] [kubelet.go:341] "Adding static pod path" path="/var/lib/rancher/k3s/agent/pod-manifests"
2025-01-29 18:36:40,048 INFO c.h.h.t.HelmChartContainer - [K3S] [kubelet.go:352] "Adding apiserver pod source"
2025-01-29 18:36:40,048 INFO c.h.h.t.HelmChartContainer - [K3S] [apiserver.go:42] "Waiting for node sync before watching apiserver pods"
2025-01-29 18:36:40,052 INFO c.h.h.t.HelmChartContainer - [K3S] [kuberuntime_manager.go:269] "Container runtime initialized" containerRuntime="containerd" version="v1.7.23-k3s2" apiVersion="v1"
2025-01-29 18:36:40,052 INFO c.h.h.t.HelmChartContainer - [K3S] [kubelet.go:890] "Not starting ClusterTrustBundle informer because we are in static kubelet mode"
2025-01-29 18:36:40,052 INFO c.h.h.t.HelmChartContainer - [K3S] [probe.go:272] Flexvolume plugin directory at /usr/libexec/kubernetes/kubelet-plugins/volume/exec/ does not exist. Recreating.
2025-01-29 18:36:40,052 INFO c.h.h.t.HelmChartContainer - [K3S] [watchdog_linux.go:99] "Systemd watchdog is not enabled"
2025-01-29 18:36:40,052 INFO c.h.h.t.HelmChartContainer - [K3S] [server.go:1282] "Started kubelet"
2025-01-29 18:36:40,052 INFO c.h.h.t.HelmChartContainer - [K3S] [fs_resource_analyzer.go:67] "Starting FS ResourceAnalyzer"
2025-01-29 18:36:40,058 INFO c.h.h.t.HelmChartContainer - [K3S] [kubelet.go:1561] "Image garbage collection failed once. Stats initialization may not have completed yet" err="invalid capacity 0 on image filesystem"
2025-01-29 18:36:40,058 INFO c.h.h.t.HelmChartContainer - [K3S] [volume_manager.go:297] "Starting Kubelet Volume Manager"
2025-01-29 18:36:40,058 INFO c.h.h.t.HelmChartContainer - [K3S] [kubelet_node_status.go:467] "Error getting the current node from lister" err="node \"6206d5544d57\" not found"
2025-01-29 18:36:40,059 INFO c.h.h.t.HelmChartContainer - [K3S] [desired_state_of_world_populator.go:149] "Desired state populator starts to run"
2025-01-29 18:36:40,060 INFO c.h.h.t.HelmChartContainer - [K3S] [factory.go:221] Registration of the systemd container factory successfully
2025-01-29 18:36:40,060 INFO c.h.h.t.HelmChartContainer - [K3S] [factory.go:219] Registration of the crio container factory failed: Get "http://%2Fvar%2Frun%2Fcrio%2Fcrio.sock/info": dial unix /var/run/crio/crio.sock: connect: no such file or directory
2025-01-29 18:36:40,060 INFO c.h.h.t.HelmChartContainer - [K3S] [reconciler.go:26] "Reconciler: start to sync state"
2025-01-29 18:36:40,062 INFO c.h.h.t.HelmChartContainer - [K3S] [server.go:169] "Starting to listen" address="0.0.0.0" port=10250
2025-01-29 18:36:40,062 INFO c.h.h.t.HelmChartContainer - [K3S] [server.go:490] "Adding debug handlers to kubelet server"
2025-01-29 18:36:40,064 INFO c.h.h.t.HelmChartContainer - [K3S] [server.go:208] "Starting to listen read-only" address="0.0.0.0" port=10255
2025-01-29 18:36:40,065 INFO c.h.h.t.HelmChartContainer - [K3S] [ratelimit.go:55] "Setting rate limiting for endpoint" service="podresources" qps=100 burstTokens=10
2025-01-29 18:36:40,069 INFO c.h.h.t.HelmChartContainer - [K3S] [server.go:243] "Starting to serve the podresources API" endpoint="unix:/var/lib/kubelet/pod-resources/kubelet.sock"
2025-01-29 18:36:40,069 INFO c.h.h.t.HelmChartContainer - [K3S] [dynamic_serving_content.go:135] "Starting controller" name="kubelet-server-cert-files::/var/lib/rancher/k3s/agent/serving-kubelet.crt::/var/lib/rancher/k3s/agent/serving-kubelet.key"
2025-01-29 18:36:40,069 INFO c.h.h.t.HelmChartContainer - [K3S] [factory.go:221] Registration of the containerd container factory successfully
2025-01-29 18:36:40,072 INFO c.h.h.t.HelmChartContainer - [K3S] [nodelease.go:49] "Failed to get node when trying to set owner ref to the node lease" err="nodes \"6206d5544d57\" not found" node="6206d5544d57"
2025-01-29 18:36:40,084 INFO c.h.h.t.HelmChartContainer - [K3S] [kubelet_network_linux.go:50] "Initialized iptables rules." protocol="IPv4"
2025-01-29 18:36:40,085 INFO c.h.h.t.HelmChartContainer - [K3S] [kubelet_network_linux.go:50] "Initialized iptables rules." protocol="IPv6"
2025-01-29 18:36:40,085 INFO c.h.h.t.HelmChartContainer - [K3S] [status_manager.go:227] "Starting to sync pod status with apiserver"
2025-01-29 18:36:40,085 INFO c.h.h.t.HelmChartContainer - [K3S] [watchdog_linux.go:127] "Systemd watchdog is not enabled or the interval is invalid, so health checking will not be started."
2025-01-29 18:36:40,085 INFO c.h.h.t.HelmChartContainer - [K3S] [kubelet.go:2388] "Starting kubelet main sync loop"
2025-01-29 18:36:40,085 INFO c.h.h.t.HelmChartContainer - [K3S] [kubelet.go:2412] "Skipping pod synchronization" err="[container runtime status check may not have completed yet, PLEG is not healthy: pleg has yet to be successful]"
2025-01-29 18:36:40,098 INFO c.h.h.t.HelmChartContainer - [K3S] [cpu_manager.go:221] "Starting CPU manager" policy="none"
2025-01-29 18:36:40,098 INFO c.h.h.t.HelmChartContainer - [K3S] [cpu_manager.go:222] "Reconciling" reconcilePeriod="10s"
2025-01-29 18:36:40,098 INFO c.h.h.t.HelmChartContainer - [K3S] [state_mem.go:36] "Initialized new in-memory state store"
2025-01-29 18:36:40,100 INFO c.h.h.t.HelmChartContainer - [K3S] [policy_none.go:49] "None policy: Start"
2025-01-29 18:36:40,101 INFO c.h.h.t.HelmChartContainer - [K3S] [memory_manager.go:186] "Starting memorymanager" policy="None"
2025-01-29 18:36:40,101 INFO c.h.h.t.HelmChartContainer - [K3S] [state_mem.go:35] "Initializing new in-memory state store"
2025-01-29 18:36:40,103 INFO c.h.h.t.HelmChartContainer - [K3S] [manager.go:519] "Failed to read data from checkpoint" checkpoint="kubelet_internal_checkpoint" err="checkpoint is not found"
2025-01-29 18:36:40,107 INFO c.h.h.t.HelmChartContainer - [K3S] [eviction_manager.go:189] "Eviction manager: starting control loop"
2025-01-29 18:36:40,107 INFO c.h.h.t.HelmChartContainer - [K3S] [container_log_manager.go:189] "Initializing container log rotate workers" workers=1 monitorPeriod="10s"
2025-01-29 18:36:40,108 INFO c.h.h.t.HelmChartContainer - [K3S] [plugin_manager.go:118] "Starting Kubelet Plugin Manager"
2025-01-29 18:36:40,110 INFO c.h.h.t.HelmChartContainer - [K3S] [eviction_manager.go:267] "eviction manager: failed to check if we have separate container filesystem. Ignoring." err="no imagefs label for configured runtime"
2025-01-29 18:36:40,110 INFO c.h.h.t.HelmChartContainer - [K3S] [eviction_manager.go:292] "Eviction manager: failed to get summary stats" err="failed to get node info: node \"6206d5544d57\" not found"
2025-01-29 18:36:40,157 INFO c.h.h.t.HelmChartContainer - [K3S] [ERROR] Sending HTTP/1.1 503 response to 127.0.0.1:40472: runtime core not ready
2025-01-29 18:36:40,208 INFO c.h.h.t.HelmChartContainer - [K3S] [kubelet_node_status.go:76] "Attempting to register node" node="6206d5544d57"
2025-01-29 18:36:40,213 INFO c.h.h.t.HelmChartContainer - [K3S] [kubelet_node_status.go:79] "Successfully registered node" node="6206d5544d57"
2025-01-29 18:36:40,213 INFO c.h.h.t.HelmChartContainer - [K3S] [kubelet_node_status.go:549] "Error updating node status, will retry" err="error getting node \"6206d5544d57\": node \"6206d5544d57\" not found"
2025-01-29 18:36:40,217 INFO c.h.h.t.HelmChartContainer - [K3S] [INFO] Annotations and labels have been set successfully on node: 6206d5544d57
2025-01-29 18:36:40,217 INFO c.h.h.t.HelmChartContainer - [K3S] [INFO] Starting flannel with backend vxlan
2025-01-29 18:36:40,256 INFO c.h.h.t.HelmChartContainer - [K3S] [INFO] Running kube-proxy --cluster-cidr=10.42.0.0/16 --conntrack-max-per-core=0 --conntrack-tcp-timeout-close-wait=0s --conntrack-tcp-timeout-established=0s --healthz-bind-address=127.0.0.1 --hostname-override=6206d5544d57 --kubeconfig=/var/lib/rancher/k3s/agent/kubeproxy.kubeconfig --proxy-mode=iptables
2025-01-29 18:36:40,294 INFO c.h.h.t.HelmChartContainer - [K3S] [server.go:698] "Successfully retrieved node IP(s)" IPs=["172.18.0.2"]
2025-01-29 18:36:40,295 INFO c.h.h.t.HelmChartContainer - [K3S] [server.go:234] "Kube-proxy configuration may be incomplete or incorrect" err="nodePortAddresses is unset; NodePort connections will be accepted on all local IPs. Consider using `--nodeport-addresses primary`"
2025-01-29 18:36:40,298 INFO c.h.h.t.HelmChartContainer - [K3S] [server.go:243] "kube-proxy running in dual-stack mode" primary ipFamily="IPv4"
2025-01-29 18:36:40,298 INFO c.h.h.t.HelmChartContainer - [K3S] [server_linux.go:170] "Using iptables Proxier"
2025-01-29 18:36:40,299 INFO c.h.h.t.HelmChartContainer - [K3S] [proxier.go:255] "Setting route_localnet=1 to allow node-ports on localhost; to change this either disable iptables.localhostNodePorts (--iptables-localhost-nodeports) or set nodePortAddresses (--nodeport-addresses) to filter loopback addresses"
2025-01-29 18:36:40,303 INFO c.h.h.t.HelmChartContainer - [K3S] [server.go:497] "Version info" version="v1.32.1+k3s1"
2025-01-29 18:36:40,304 INFO c.h.h.t.HelmChartContainer - [K3S] [server.go:499] "Golang settings" GOGC="" GOMAXPROCS="" GOTRACEBACK=""
2025-01-29 18:36:40,304 INFO c.h.h.t.HelmChartContainer - [K3S] [config.go:329] "Starting node config controller"
2025-01-29 18:36:40,304 INFO c.h.h.t.HelmChartContainer - [K3S] [config.go:199] "Starting service config controller"
2025-01-29 18:36:40,304 INFO c.h.h.t.HelmChartContainer - [K3S] [config.go:105] "Starting endpoint slice config controller"
2025-01-29 18:36:40,418 INFO c.h.h.t.HelmChartContainer - [K3S] [kubelet_node_status.go:502] "Fast updating node status as it just became ready"
2025-01-29 18:36:40,848 INFO c.h.h.t.HelmChartContainer - [K3S] [INFO] Waiting for untainted node
2025-01-29 18:36:40,849 INFO c.h.h.t.HelmChartContainer - [K3S] [INFO] Creating k3s-supervisor event broadcaster
2025-01-29 18:36:40,849 INFO c.h.h.t.HelmChartContainer - [K3S] [INFO] Kube API server is now running
2025-01-29 18:36:40,849 INFO c.h.h.t.HelmChartContainer - [K3S] [INFO] ETCD server is now running
2025-01-29 18:36:40,852 INFO c.h.h.t.HelmChartContainer - [K3S] [INFO] k3s is up and running
2025-01-29 18:36:40,852 INFO c.h.h.t.HelmChartContainer - [K3S] [INFO] Waiting for cloud-controller-manager privileges to become available
2025-01-29 18:36:40,859 INFO c.h.h.t.HelmChartContainer - [K3S] [INFO] Applying CRD addons.k3s.cattle.io
2025-01-29 18:36:40,873 INFO c.h.h.t.HelmChartContainer - [K3S] [INFO] Applying CRD etcdsnapshotfiles.k3s.cattle.io
2025-01-29 18:36:40,885 INFO c.h.h.t.HelmChartContainer - [K3S] [INFO] Applying CRD helmcharts.helm.cattle.io
2025-01-29 18:36:40,906 INFO c.h.h.t.HelmChartContainer - [K3S] [INFO] Applying CRD helmchartconfigs.helm.cattle.io
2025-01-29 18:36:40,927 INFO c.h.h.t.HelmChartContainer - [K3S] [INFO] Waiting for CRD helmchartconfigs.helm.cattle.io to become available
2025-01-29 18:36:41,048 INFO c.h.h.t.HelmChartContainer - [K3S] [apiserver.go:52] "Watching apiserver"
2025-01-29 18:36:41,060 INFO c.h.h.t.HelmChartContainer - [K3S] [desired_state_of_world_populator.go:157] "Finished populating initial desired state of world"
2025-01-29 18:36:41,431 INFO c.h.h.t.HelmChartContainer - [K3S] [INFO] Done waiting for CRD helmchartconfigs.helm.cattle.io to become available
2025-01-29 18:36:41,431 INFO c.h.h.t.HelmChartContainer - [K3S] [INFO] Writing static file: /var/lib/rancher/k3s/server/static/charts/traefik-27.0.201+up27.0.2.tgz
2025-01-29 18:36:41,432 INFO c.h.h.t.HelmChartContainer - [K3S] [INFO] Writing static file: /var/lib/rancher/k3s/server/static/charts/traefik-crd-27.0.201+up27.0.2.tgz
2025-01-29 18:36:41,433 INFO c.h.h.t.HelmChartContainer - [K3S] [INFO] Writing manifest: /var/lib/rancher/k3s/server/manifests/metrics-server/metrics-server-service.yaml
2025-01-29 18:36:41,434 INFO c.h.h.t.HelmChartContainer - [K3S] [INFO] Writing manifest: /var/lib/rancher/k3s/server/manifests/metrics-server/resource-reader.yaml
2025-01-29 18:36:41,434 INFO c.h.h.t.HelmChartContainer - [K3S] [INFO] Writing manifest: /var/lib/rancher/k3s/server/manifests/runtimes.yaml
2025-01-29 18:36:41,434 INFO c.h.h.t.HelmChartContainer - [K3S] [INFO] Writing manifest: /var/lib/rancher/k3s/server/manifests/local-storage.yaml
2025-01-29 18:36:41,434 INFO c.h.h.t.HelmChartContainer - [K3S] [INFO] Writing manifest: /var/lib/rancher/k3s/server/manifests/metrics-server/aggregated-metrics-reader.yaml
2025-01-29 18:36:41,434 INFO c.h.h.t.HelmChartContainer - [K3S] [INFO] Writing manifest: /var/lib/rancher/k3s/server/manifests/metrics-server/auth-reader.yaml
2025-01-29 18:36:41,434 INFO c.h.h.t.HelmChartContainer - [K3S] [INFO] Writing manifest: /var/lib/rancher/k3s/server/manifests/metrics-server/metrics-apiservice.yaml
2025-01-29 18:36:41,435 INFO c.h.h.t.HelmChartContainer - [K3S] [INFO] Writing manifest: /var/lib/rancher/k3s/server/manifests/rolebindings.yaml
2025-01-29 18:36:41,435 INFO c.h.h.t.HelmChartContainer - [K3S] [INFO] Writing manifest: /var/lib/rancher/k3s/server/manifests/ccm.yaml
2025-01-29 18:36:41,435 INFO c.h.h.t.HelmChartContainer - [K3S] [INFO] Writing manifest: /var/lib/rancher/k3s/server/manifests/coredns.yaml
2025-01-29 18:36:41,435 INFO c.h.h.t.HelmChartContainer - [K3S] [INFO] Writing manifest: /var/lib/rancher/k3s/server/manifests/metrics-server/auth-delegator.yaml
2025-01-29 18:36:41,435 INFO c.h.h.t.HelmChartContainer - [K3S] [INFO] Writing manifest: /var/lib/rancher/k3s/server/manifests/metrics-server/metrics-server-deployment.yaml
2025-01-29 18:36:41,439 INFO c.h.h.t.HelmChartContainer - [K3S] [INFO] Starting dynamiclistener CN filter node controller with SANs: [localhost 127.0.0.1 ::1 localhost 6206d5544d57 172.18.0.2 10.43.0.1 kubernetes kubernetes.default kubernetes.default.svc kubernetes.default.svc.cluster.local]
2025-01-29 18:36:41,439 INFO c.h.h.t.HelmChartContainer - [K3S] [INFO] Tunnel server egress proxy mode: agent
2025-01-29 18:36:41,542 INFO c.h.h.t.HelmChartContainer - [K3S] [INFO] Starting k3s.cattle.io/v1, Kind=Addon controller
2025-01-29 18:36:41,542 INFO c.h.h.t.HelmChartContainer - [K3S] [INFO] Creating deploy event broadcaster
2025-01-29 18:36:41,570 INFO c.h.h.t.HelmChartContainer - [K3S] [serving.go:392] Generated self-signed cert in-memory
2025-01-29 18:36:41,648 INFO c.h.h.t.HelmChartContainer - [K3S] [INFO] Starting /v1, Kind=Node controller
2025-01-29 18:36:41,650 INFO c.h.h.t.HelmChartContainer - [K3S] [INFO] Creating helm-controller event broadcaster
2025-01-29 18:36:41,670 INFO c.h.h.t.HelmChartContainer - [K3S] [INFO] Cluster dns configmap has been set successfully
2025-01-29 18:36:41,678 INFO c.h.h.t.HelmChartContainer - [K3S] [INFO] Starting /v1, Kind=Secret controller
2025-01-29 18:36:41,679 INFO c.h.h.t.HelmChartContainer - [K3S] [INFO] Starting /v1, Kind=ConfigMap controller
2025-01-29 18:36:41,679 INFO c.h.h.t.HelmChartContainer - [K3S] [INFO] Starting /v1, Kind=ServiceAccount controller
2025-01-29 18:36:41,679 INFO c.h.h.t.HelmChartContainer - [K3S] [INFO] Labels and annotations have been set successfully on node: 6206d5544d57
2025-01-29 18:36:41,694 INFO c.h.h.t.HelmChartContainer - [K3S] [INFO] Updating TLS secret for kube-system/k3s-serving (count: 10): map[listener.cattle.io/cn-10.43.0.1:10.43.0.1 listener.cattle.io/cn-127.0.0.1:127.0.0.1 listener.cattle.io/cn-172.18.0.2:172.18.0.2 listener.cattle.io/cn-6206d5544d57:6206d5544d57 listener.cattle.io/cn-__1-f16284:::1 listener.cattle.io/cn-kubernetes:kubernetes listener.cattle.io/cn-kubernetes.default:kubernetes.default listener.cattle.io/cn-kubernetes.default.svc:kubernetes.default.svc listener.cattle.io/cn-kubernetes.default.svc.cluster.local:kubernetes.default.svc.cluster.local listener.cattle.io/cn-localhost:localhost listener.cattle.io/fingerprint:SHA1=E9A75EC08E77D05E513D8361A3174B3A257B7E3C]
2025-01-29 18:36:41,698 INFO c.h.h.t.HelmChartContainer - [K3S] [INFO] Active TLS secret kube-system/k3s-serving (ver=229) (count 10): map[listener.cattle.io/cn-10.43.0.1:10.43.0.1 listener.cattle.io/cn-127.0.0.1:127.0.0.1 listener.cattle.io/cn-172.18.0.2:172.18.0.2 listener.cattle.io/cn-6206d5544d57:6206d5544d57 listener.cattle.io/cn-__1-f16284:::1 listener.cattle.io/cn-kubernetes:kubernetes listener.cattle.io/cn-kubernetes.default:kubernetes.default listener.cattle.io/cn-kubernetes.default.svc:kubernetes.default.svc listener.cattle.io/cn-kubernetes.default.svc.cluster.local:kubernetes.default.svc.cluster.local listener.cattle.io/cn-localhost:localhost listener.cattle.io/fingerprint:SHA1=E9A75EC08E77D05E513D8361A3174B3A257B7E3C]
2025-01-29 18:36:41,766 INFO c.h.h.t.HelmChartContainer - [K3S] [INFO] Starting helm.cattle.io/v1, Kind=HelmChart controller
2025-01-29 18:36:41,766 INFO c.h.h.t.HelmChartContainer - [K3S] [INFO] Starting helm.cattle.io/v1, Kind=HelmChartConfig controller
2025-01-29 18:36:41,769 INFO c.h.h.t.HelmChartContainer - [K3S] [INFO] Starting rbac.authorization.k8s.io/v1, Kind=ClusterRoleBinding controller
2025-01-29 18:36:41,772 INFO c.h.h.t.HelmChartContainer - [K3S] [INFO] Starting batch/v1, Kind=Job controller
2025-01-29 18:36:41,772 INFO c.h.h.t.HelmChartContainer - [K3S] [INFO] Updating TLS secret for kube-system/k3s-serving (count: 10): map[listener.cattle.io/cn-10.43.0.1:10.43.0.1 listener.cattle.io/cn-127.0.0.1:127.0.0.1 listener.cattle.io/cn-172.18.0.2:172.18.0.2 listener.cattle.io/cn-6206d5544d57:6206d5544d57 listener.cattle.io/cn-__1-f16284:::1 listener.cattle.io/cn-kubernetes:kubernetes listener.cattle.io/cn-kubernetes.default:kubernetes.default listener.cattle.io/cn-kubernetes.default.svc:kubernetes.default.svc listener.cattle.io/cn-kubernetes.default.svc.cluster.local:kubernetes.default.svc.cluster.local listener.cattle.io/cn-localhost:localhost listener.cattle.io/fingerprint:SHA1=E9A75EC08E77D05E513D8361A3174B3A257B7E3C]
2025-01-29 18:36:42,120 INFO c.h.h.t.HelmChartContainer - [K3S] [controllermanager.go:185] "Starting" version="v1.32.1+k3s1"
2025-01-29 18:36:42,120 INFO c.h.h.t.HelmChartContainer - [K3S] [controllermanager.go:187] "Golang settings" GOGC="" GOMAXPROCS="" GOTRACEBACK=""
2025-01-29 18:36:42,125 INFO c.h.h.t.HelmChartContainer - [K3S] [requestheader_controller.go:180] Starting RequestHeaderAuthRequestController
2025-01-29 18:36:42,125 INFO c.h.h.t.HelmChartContainer - [K3S] [configmap_cafile_content.go:205] "Starting controller" name="client-ca::kube-system::extension-apiserver-authentication::client-ca-file"
2025-01-29 18:36:42,126 INFO c.h.h.t.HelmChartContainer - [K3S] [secure_serving.go:213] Serving securely on 127.0.0.1:10257
2025-01-29 18:36:42,126 INFO c.h.h.t.HelmChartContainer - [K3S] [tlsconfig.go:243] "Starting DynamicServingCertificateController"
2025-01-29 18:36:42,126 INFO c.h.h.t.HelmChartContainer - [K3S] [configmap_cafile_content.go:205] "Starting controller" name="client-ca::kube-system::extension-apiserver-authentication::requestheader-client-ca-file"
2025-01-29 18:36:42,131 INFO c.h.h.t.HelmChartContainer - [K3S] [controllermanager.go:765] "Started controller" controller="serviceaccount-token-controller"
2025-01-29 18:36:42,138 INFO c.h.h.t.HelmChartContainer - [K3S] [controllermanager.go:765] "Started controller" controller="deployment-controller"
2025-01-29 18:36:42,138 INFO c.h.h.t.HelmChartContainer - [K3S] [deployment_controller.go:173] "Starting controller" controller="deployment"
2025-01-29 18:36:42,144 INFO c.h.h.t.HelmChartContainer - [K3S] [controllermanager.go:765] "Started controller" controller="token-cleaner-controller"
2025-01-29 18:36:42,144 INFO c.h.h.t.HelmChartContainer - [K3S] [tokencleaner.go:117] "Starting token cleaner controller"
2025-01-29 18:36:42,149 INFO c.h.h.t.HelmChartContainer - [K3S] [controllermanager.go:765] "Started controller" controller="clusterrole-aggregation-controller"
2025-01-29 18:36:42,149 INFO c.h.h.t.HelmChartContainer - [K3S] [clusterroleaggregation_controller.go:194] "Starting ClusterRoleAggregator controller"
2025-01-29 18:36:42,154 INFO c.h.h.t.HelmChartContainer - [K3S] [controllermanager.go:765] "Started controller" controller="endpoints-controller"
2025-01-29 18:36:42,155 INFO c.h.h.t.HelmChartContainer - [K3S] [endpoints_controller.go:182] "Starting endpoint controller"
2025-01-29 18:36:42,174 INFO c.h.h.t.HelmChartContainer - [K3S] [controllermanager.go:765] "Started controller" controller="resourcequota-controller"
2025-01-29 18:36:42,174 INFO c.h.h.t.HelmChartContainer - [K3S] [resource_quota_controller.go:300] "Starting resource quota controller"
2025-01-29 18:36:42,184 INFO c.h.h.t.HelmChartContainer - [K3S] [controllermanager.go:765] "Started controller" controller="namespace-controller"
2025-01-29 18:36:42,184 INFO c.h.h.t.HelmChartContainer - [K3S] [namespace_controller.go:202] "Starting namespace controller"
2025-01-29 18:36:42,191 INFO c.h.h.t.HelmChartContainer - [K3S] [certificate_controller.go:120] "Starting certificate controller" name="csrsigning-kubelet-serving"
2025-01-29 18:36:42,192 INFO c.h.h.t.HelmChartContainer - [K3S] [dynamic_serving_content.go:135] "Starting controller" name="csr-controller::/var/lib/rancher/k3s/server/tls/server-ca.nochain.crt::/var/lib/rancher/k3s/server/tls/server-ca.key"
2025-01-29 18:36:42,192 INFO c.h.h.t.HelmChartContainer - [K3S] [certificate_controller.go:120] "Starting certificate controller" name="csrsigning-kubelet-client"
2025-01-29 18:36:42,192 INFO c.h.h.t.HelmChartContainer - [K3S] [dynamic_serving_content.go:135] "Starting controller" name="csr-controller::/var/lib/rancher/k3s/server/tls/client-ca.nochain.crt::/var/lib/rancher/k3s/server/tls/client-ca.key"
2025-01-29 18:36:42,193 INFO c.h.h.t.HelmChartContainer - [K3S] [certificate_controller.go:120] "Starting certificate controller" name="csrsigning-kube-apiserver-client"
2025-01-29 18:36:42,193 INFO c.h.h.t.HelmChartContainer - [K3S] [dynamic_serving_content.go:135] "Starting controller" name="csr-controller::/var/lib/rancher/k3s/server/tls/client-ca.nochain.crt::/var/lib/rancher/k3s/server/tls/client-ca.key"
2025-01-29 18:36:42,193 INFO c.h.h.t.HelmChartContainer - [K3S] [controllermanager.go:765] "Started controller" controller="certificatesigningrequest-signing-controller"
2025-01-29 18:36:42,193 INFO c.h.h.t.HelmChartContainer - [K3S] [certificate_controller.go:120] "Starting certificate controller" name="csrsigning-legacy-unknown"
2025-01-29 18:36:42,193 INFO c.h.h.t.HelmChartContainer - [K3S] [dynamic_serving_content.go:135] "Starting controller" name="csr-controller::/var/lib/rancher/k3s/server/tls/server-ca.nochain.crt::/var/lib/rancher/k3s/server/tls/server-ca.key"
2025-01-29 18:36:42,199 INFO c.h.h.t.HelmChartContainer - [K3S] [controllermanager.go:765] "Started controller" controller="ttl-controller"
2025-01-29 18:36:42,199 INFO c.h.h.t.HelmChartContainer - [K3S] [ttl_controller.go:127] "Starting TTL controller"
2025-01-29 18:36:42,240 INFO c.h.h.t.HelmChartContainer - [K3S] [controllermanager.go:765] "Started controller" controller="persistentvolume-binder-controller"
2025-01-29 18:36:42,240 INFO c.h.h.t.HelmChartContainer - [K3S] [pv_controller_base.go:308] "Starting persistent volume controller"
2025-01-29 18:36:42,383 INFO c.h.h.t.HelmChartContainer - [K3S] [controllermanager.go:765] "Started controller" controller="persistentvolume-protection-controller"
2025-01-29 18:36:42,383 INFO c.h.h.t.HelmChartContainer - [K3S] [pv_protection_controller.go:81] "Starting PV protection controller"
2025-01-29 18:36:42,533 INFO c.h.h.t.HelmChartContainer - [K3S] [controllermanager.go:765] "Started controller" controller="ephemeral-volume-controller"
2025-01-29 18:36:42,534 INFO c.h.h.t.HelmChartContainer - [K3S] [controller.go:173] "Starting ephemeral volume controller"
2025-01-29 18:36:42,683 INFO c.h.h.t.HelmChartContainer - [K3S] [controllermanager.go:765] "Started controller" controller="endpointslice-mirroring-controller"
2025-01-29 18:36:42,684 INFO c.h.h.t.HelmChartContainer - [K3S] [endpointslicemirroring_controller.go:227] "Starting EndpointSliceMirroring controller"
2025-01-29 18:36:42,933 INFO c.h.h.t.HelmChartContainer - [K3S] [graph_builder.go:351] "Running" component="GraphBuilder"
2025-01-29 18:36:42,933 INFO c.h.h.t.HelmChartContainer - [K3S] [controllermanager.go:765] "Started controller" controller="garbage-collector-controller"
2025-01-29 18:36:43,333 INFO c.h.h.t.HelmChartContainer - [K3S] [controllermanager.go:765] "Started controller" controller="horizontal-pod-autoscaler-controller"
2025-01-29 18:36:43,334 INFO c.h.h.t.HelmChartContainer - [K3S] [controllermanager.go:743] "Warning: skipping controller" controller="storage-version-migrator-controller"
2025-01-29 18:36:43,334 INFO c.h.h.t.HelmChartContainer - [K3S] [horizontal.go:201] "Starting HPA controller"
2025-01-29 18:36:43,383 INFO c.h.h.t.HelmChartContainer - [K3S] [controllermanager.go:765] "Started controller" controller="certificatesigningrequest-cleaner-controller"
2025-01-29 18:36:43,383 INFO c.h.h.t.HelmChartContainer - [K3S] [cleaner.go:83] "Starting CSR cleaner controller"
2025-01-29 18:36:43,534 INFO c.h.h.t.HelmChartContainer - [K3S] [controllermanager.go:765] "Started controller" controller="root-ca-certificate-publisher-controller"
2025-01-29 18:36:43,534 INFO c.h.h.t.HelmChartContainer - [K3S] [controllermanager.go:717] "Controller is disabled by a feature gate" controller="storageversion-garbage-collector-controller" requiredFeatureGates=["APIServerIdentity","StorageVersionAPI"]
2025-01-29 18:36:43,534 INFO c.h.h.t.HelmChartContainer - [K3S] [publisher.go:107] "Starting root CA cert publisher controller"
2025-01-29 18:36:43,552 INFO c.h.h.t.HelmChartContainer - [K3S] [event.go:389] "Event occurred" object="kube-system/ccm" fieldPath="" kind="Addon" apiVersion="k3s.cattle.io/v1" type="Normal" reason="ApplyingManifest" message="Applying manifest at \"/var/lib/rancher/k3s/server/manifests/ccm.yaml\""
2025-01-29 18:36:43,571 INFO c.h.h.t.HelmChartContainer - [K3S] [event.go:389] "Event occurred" object="kube-system/ccm" fieldPath="" kind="Addon" apiVersion="k3s.cattle.io/v1" type="Normal" reason="AppliedManifest" message="Applied manifest at \"/var/lib/rancher/k3s/server/manifests/ccm.yaml\""
2025-01-29 18:36:43,581 INFO c.h.h.t.HelmChartContainer - [K3S] [event.go:389] "Event occurred" object="kube-system/coredns" fieldPath="" kind="Addon" apiVersion="k3s.cattle.io/v1" type="Normal" reason="ApplyingManifest" message="Applying manifest at \"/var/lib/rancher/k3s/server/manifests/coredns.yaml\""
2025-01-29 18:36:43,628 INFO c.h.h.t.HelmChartContainer - [K3S] [event.go:389] "Event occurred" object="6206d5544d57" fieldPath="" kind="Node" apiVersion="" type="Normal" reason="NodePasswordValidationComplete" message="Deferred node password secret validation complete"
2025-01-29 18:36:43,690 INFO c.h.h.t.HelmChartContainer - [K3S] [alloc.go:330] "allocated clusterIPs" service="kube-system/kube-dns" clusterIPs={"IPv4":"10.43.0.10"}
2025-01-29 18:36:43,692 INFO c.h.h.t.HelmChartContainer - [K3S] [event.go:389] "Event occurred" object="kube-system/coredns" fieldPath="" kind="Addon" apiVersion="k3s.cattle.io/v1" type="Normal" reason="AppliedManifest" message="Applied manifest at \"/var/lib/rancher/k3s/server/manifests/coredns.yaml\""
2025-01-29 18:36:43,702 INFO c.h.h.t.HelmChartContainer - [K3S] [event.go:389] "Event occurred" object="kube-system/local-storage" fieldPath="" kind="Addon" apiVersion="k3s.cattle.io/v1" type="Normal" reason="ApplyingManifest" message="Applying manifest at \"/var/lib/rancher/k3s/server/manifests/local-storage.yaml\""
2025-01-29 18:36:43,733 INFO c.h.h.t.HelmChartContainer - [K3S] [controllermanager.go:765] "Started controller" controller="disruption-controller"
2025-01-29 18:36:43,733 INFO c.h.h.t.HelmChartContainer - [K3S] [disruption.go:452] "Sending events to api server."
2025-01-29 18:36:43,733 INFO c.h.h.t.HelmChartContainer - [K3S] [disruption.go:463] "Starting disruption controller"
2025-01-29 18:36:43,789 INFO c.h.h.t.HelmChartContainer - [K3S] [event.go:389] "Event occurred" object="kube-system/local-storage" fieldPath="" kind="Addon" apiVersion="k3s.cattle.io/v1" type="Normal" reason="AppliedManifest" message="Applied manifest at \"/var/lib/rancher/k3s/server/manifests/local-storage.yaml\""
2025-01-29 18:36:43,795 INFO c.h.h.t.HelmChartContainer - [K3S] [event.go:389] "Event occurred" object="kube-system/aggregated-metrics-reader" fieldPath="" kind="Addon" apiVersion="k3s.cattle.io/v1" type="Normal" reason="ApplyingManifest" message="Applying manifest at \"/var/lib/rancher/k3s/server/manifests/metrics-server/aggregated-metrics-reader.yaml\""
2025-01-29 18:36:43,814 INFO c.h.h.t.HelmChartContainer - [K3S] [event.go:389] "Event occurred" object="kube-system/aggregated-metrics-reader" fieldPath="" kind="Addon" apiVersion="k3s.cattle.io/v1" type="Normal" reason="AppliedManifest" message="Applied manifest at \"/var/lib/rancher/k3s/server/manifests/metrics-server/aggregated-metrics-reader.yaml\""
2025-01-29 18:36:43,820 INFO c.h.h.t.HelmChartContainer - [K3S] [event.go:389] "Event occurred" object="kube-system/auth-delegator" fieldPath="" kind="Addon" apiVersion="k3s.cattle.io/v1" type="Normal" reason="ApplyingManifest" message="Applying manifest at \"/var/lib/rancher/k3s/server/manifests/metrics-server/auth-delegator.yaml\""
2025-01-29 18:36:43,867 INFO c.h.h.t.HelmChartContainer - [K3S] [event.go:389] "Event occurred" object="kube-system/auth-delegator" fieldPath="" kind="Addon" apiVersion="k3s.cattle.io/v1" type="Normal" reason="AppliedManifest" message="Applied manifest at \"/var/lib/rancher/k3s/server/manifests/metrics-server/auth-delegator.yaml\""
2025-01-29 18:36:43,880 INFO c.h.h.t.HelmChartContainer - [K3S] [event.go:389] "Event occurred" object="kube-system/auth-reader" fieldPath="" kind="Addon" apiVersion="k3s.cattle.io/v1" type="Normal" reason="ApplyingManifest" message="Applying manifest at \"/var/lib/rancher/k3s/server/manifests/metrics-server/auth-reader.yaml\""
2025-01-29 18:36:43,893 INFO c.h.h.t.HelmChartContainer - [K3S] [event.go:389] "Event occurred" object="kube-system/auth-reader" fieldPath="" kind="Addon" apiVersion="k3s.cattle.io/v1" type="Normal" reason="AppliedManifest" message="Applied manifest at \"/var/lib/rancher/k3s/server/manifests/metrics-server/auth-reader.yaml\""
2025-01-29 18:36:43,910 INFO c.h.h.t.HelmChartContainer - [K3S] [event.go:389] "Event occurred" object="kube-system/metrics-apiservice" fieldPath="" kind="Addon" apiVersion="k3s.cattle.io/v1" type="Normal" reason="ApplyingManifest" message="Applying manifest at \"/var/lib/rancher/k3s/server/manifests/metrics-server/metrics-apiservice.yaml\""
2025-01-29 18:36:43,927 INFO c.h.h.t.HelmChartContainer - [K3S] [event.go:389] "Event occurred" object="kube-system/metrics-apiservice" fieldPath="" kind="Addon" apiVersion="k3s.cattle.io/v1" type="Normal" reason="AppliedManifest" message="Applied manifest at \"/var/lib/rancher/k3s/server/manifests/metrics-server/metrics-apiservice.yaml\""
2025-01-29 18:36:43,937 INFO c.h.h.t.HelmChartContainer - [K3S] [handler_proxy.go:99] no RequestInfo found in the context
2025-01-29 18:36:43,937 INFO c.h.h.t.HelmChartContainer - [K3S] [controller.go:146] "Unhandled Error" err=<
2025-01-29 18:36:43,938 INFO c.h.h.t.HelmChartContainer - [K3S] 	, Header: map[Content-Type:[text/plain; charset=utf-8] X-Content-Type-Options:[nosniff]]
2025-01-29 18:36:43,938 INFO c.h.h.t.HelmChartContainer - [K3S]  >
2025-01-29 18:36:43,940 INFO c.h.h.t.HelmChartContainer - [K3S] [handler_proxy.go:143] error resolving kube-system/metrics-server: service "metrics-server" not found
2025-01-29 18:36:43,948 INFO c.h.h.t.HelmChartContainer - [K3S] [event.go:389] "Event occurred" object="kube-system/metrics-server-deployment" fieldPath="" kind="Addon" apiVersion="k3s.cattle.io/v1" type="Normal" reason="ApplyingManifest" message="Applying manifest at \"/var/lib/rancher/k3s/server/manifests/metrics-server/metrics-server-deployment.yaml\""
2025-01-29 18:36:43,973 INFO c.h.h.t.HelmChartContainer - [K3S] [event.go:389] "Event occurred" object="kube-system/metrics-server-deployment" fieldPath="" kind="Addon" apiVersion="k3s.cattle.io/v1" type="Normal" reason="AppliedManifest" message="Applied manifest at \"/var/lib/rancher/k3s/server/manifests/metrics-server/metrics-server-deployment.yaml\""
2025-01-29 18:36:43,991 INFO c.h.h.t.HelmChartContainer - [K3S] [event.go:389] "Event occurred" object="kube-system/metrics-server-service" fieldPath="" kind="Addon" apiVersion="k3s.cattle.io/v1" type="Normal" reason="ApplyingManifest" message="Applying manifest at \"/var/lib/rancher/k3s/server/manifests/metrics-server/metrics-server-service.yaml\""
2025-01-29 18:36:44,002 INFO c.h.h.t.HelmChartContainer - [K3S] [range_allocator.go:112] "No Secondary Service CIDR provided. Skipping filtering out secondary service addresses"
2025-01-29 18:36:44,002 INFO c.h.h.t.HelmChartContainer - [K3S] [controllermanager.go:765] "Started controller" controller="node-ipam-controller"
2025-01-29 18:36:44,011 INFO c.h.h.t.HelmChartContainer - [K3S] [alloc.go:330] "allocated clusterIPs" service="kube-system/metrics-server" clusterIPs={"IPv4":"10.43.59.214"}
2025-01-29 18:36:44,016 INFO c.h.h.t.HelmChartContainer - [K3S] [node_ipam_controller.go:141] "Starting ipam controller"
2025-01-29 18:36:44,028 INFO c.h.h.t.HelmChartContainer - [K3S] [event.go:389] "Event occurred" object="kube-system/metrics-server-service" fieldPath="" kind="Addon" apiVersion="k3s.cattle.io/v1" type="Normal" reason="AppliedManifest" message="Applied manifest at \"/var/lib/rancher/k3s/server/manifests/metrics-server/metrics-server-service.yaml\""
2025-01-29 18:36:44,029 INFO c.h.h.t.HelmChartContainer - [K3S] [handler_proxy.go:99] no RequestInfo found in the context
2025-01-29 18:36:44,029 INFO c.h.h.t.HelmChartContainer - [K3S] [controller.go:146] "Unhandled Error" err=<
2025-01-29 18:36:44,029 INFO c.h.h.t.HelmChartContainer - [K3S] 	, Header: map[Content-Type:[text/plain; charset=utf-8] X-Content-Type-Options:[nosniff]]
2025-01-29 18:36:44,029 INFO c.h.h.t.HelmChartContainer - [K3S]  >
2025-01-29 18:36:44,032 INFO c.h.h.t.HelmChartContainer - [K3S] [handler_proxy.go:143] error resolving kube-system/metrics-server: endpoints "metrics-server" not found
2025-01-29 18:36:44,036 INFO c.h.h.t.HelmChartContainer - [K3S] [event.go:389] "Event occurred" object="kube-system/resource-reader" fieldPath="" kind="Addon" apiVersion="k3s.cattle.io/v1" type="Normal" reason="ApplyingManifest" message="Applying manifest at \"/var/lib/rancher/k3s/server/manifests/metrics-server/resource-reader.yaml\""
2025-01-29 18:36:44,052 INFO c.h.h.t.HelmChartContainer - [K3S] [event.go:389] "Event occurred" object="kube-system/resource-reader" fieldPath="" kind="Addon" apiVersion="k3s.cattle.io/v1" type="Normal" reason="AppliedManifest" message="Applied manifest at \"/var/lib/rancher/k3s/server/manifests/metrics-server/resource-reader.yaml\""
2025-01-29 18:36:44,061 INFO c.h.h.t.HelmChartContainer - [K3S] [event.go:389] "Event occurred" object="kube-system/rolebindings" fieldPath="" kind="Addon" apiVersion="k3s.cattle.io/v1" type="Normal" reason="ApplyingManifest" message="Applying manifest at \"/var/lib/rancher/k3s/server/manifests/rolebindings.yaml\""
2025-01-29 18:36:44,163 INFO c.h.h.t.HelmChartContainer - [K3S] [event.go:389] "Event occurred" object="kube-system/rolebindings" fieldPath="" kind="Addon" apiVersion="k3s.cattle.io/v1" type="Normal" reason="AppliedManifest" message="Applied manifest at \"/var/lib/rancher/k3s/server/manifests/rolebindings.yaml\""
2025-01-29 18:36:44,169 INFO c.h.h.t.HelmChartContainer - [K3S] [event.go:389] "Event occurred" object="kube-system/runtimes" fieldPath="" kind="Addon" apiVersion="k3s.cattle.io/v1" type="Normal" reason="ApplyingManifest" message="Applying manifest at \"/var/lib/rancher/k3s/server/manifests/runtimes.yaml\""
2025-01-29 18:36:44,182 INFO c.h.h.t.HelmChartContainer - [K3S] [controllermanager.go:765] "Started controller" controller="validatingadmissionpolicy-status-controller"
2025-01-29 18:36:44,196 INFO c.h.h.t.HelmChartContainer - [K3S] [event.go:389] "Event occurred" object="kube-system/runtimes" fieldPath="" kind="Addon" apiVersion="k3s.cattle.io/v1" type="Normal" reason="AppliedManifest" message="Applied manifest at \"/var/lib/rancher/k3s/server/manifests/runtimes.yaml\""
2025-01-29 18:36:44,333 INFO c.h.h.t.HelmChartContainer - [K3S] [controllermanager.go:765] "Started controller" controller="replicationcontroller-controller"
2025-01-29 18:36:44,334 INFO c.h.h.t.HelmChartContainer - [K3S] [replica_set.go:217] "Starting controller" name="replicationcontroller"
2025-01-29 18:36:44,484 INFO c.h.h.t.HelmChartContainer - [K3S] [controllermanager.go:765] "Started controller" controller="daemonset-controller"
2025-01-29 18:36:44,485 INFO c.h.h.t.HelmChartContainer - [K3S] [controllermanager.go:723] "Skipping a cloud provider controller" controller="service-lb-controller"
2025-01-29 18:36:44,485 INFO c.h.h.t.HelmChartContainer - [K3S] [daemon_controller.go:294] "Starting daemon sets controller"
2025-01-29 18:36:44,516 INFO c.h.h.t.HelmChartContainer - [K3S] [serving.go:392] Generated self-signed cert in-memory
2025-01-29 18:36:44,634 INFO c.h.h.t.HelmChartContainer - [K3S] [controllermanager.go:765] "Started controller" controller="persistentvolume-attach-detach-controller"
2025-01-29 18:36:44,634 INFO c.h.h.t.HelmChartContainer - [K3S] [attach_detach_controller.go:338] "Starting attach detach controller"
2025-01-29 18:36:44,721 INFO c.h.h.t.HelmChartContainer - [K3S] [serving.go:392] Generated self-signed cert in-memory
2025-01-29 18:36:44,783 INFO c.h.h.t.HelmChartContainer - [K3S] [controllermanager.go:765] "Started controller" controller="persistentvolume-expander-controller"
2025-01-29 18:36:44,784 INFO c.h.h.t.HelmChartContainer - [K3S] [expand_controller.go:329] "Starting expand controller"
2025-01-29 18:36:44,889 INFO c.h.h.t.HelmChartContainer - [K3S] [controllermanager.go:160] Version: v1.32.1+k3s1
2025-01-29 18:36:44,892 INFO c.h.h.t.HelmChartContainer - [K3S] [requestheader_controller.go:180] Starting RequestHeaderAuthRequestController
2025-01-29 18:36:44,892 INFO c.h.h.t.HelmChartContainer - [K3S] [configmap_cafile_content.go:205] "Starting controller" name="client-ca::kube-system::extension-apiserver-authentication::client-ca-file"
2025-01-29 18:36:44,892 INFO c.h.h.t.HelmChartContainer - [K3S] [configmap_cafile_content.go:205] "Starting controller" name="client-ca::kube-system::extension-apiserver-authentication::requestheader-client-ca-file"
2025-01-29 18:36:44,892 INFO c.h.h.t.HelmChartContainer - [K3S] [secure_serving.go:213] Serving securely on 127.0.0.1:10258
2025-01-29 18:36:44,892 INFO c.h.h.t.HelmChartContainer - [K3S] [tlsconfig.go:243] "Starting DynamicServingCertificateController"
2025-01-29 18:36:44,898 INFO c.h.h.t.HelmChartContainer - [K3S] [INFO] Creating service-lb-controller event broadcaster
2025-01-29 18:36:44,925 INFO c.h.h.t.HelmChartContainer - [K3S] [handler_proxy.go:99] no RequestInfo found in the context
2025-01-29 18:36:44,925 INFO c.h.h.t.HelmChartContainer - [K3S] [handler_proxy.go:99] no RequestInfo found in the context
2025-01-29 18:36:44,925 INFO c.h.h.t.HelmChartContainer - [K3S] [controller.go:102] "Unhandled Error" err=<
2025-01-29 18:36:44,926 INFO c.h.h.t.HelmChartContainer - [K3S] 	, Header: map[Content-Type:[text/plain; charset=utf-8] X-Content-Type-Options:[nosniff]]
2025-01-29 18:36:44,926 INFO c.h.h.t.HelmChartContainer - [K3S]  >
2025-01-29 18:36:44,933 INFO c.h.h.t.HelmChartContainer - [K3S] [controllermanager.go:765] "Started controller" controller="persistentvolumeclaim-protection-controller"
2025-01-29 18:36:44,933 INFO c.h.h.t.HelmChartContainer - [K3S] [controllermanager.go:717] "Controller is disabled by a feature gate" controller="volumeattributesclass-protection-controller" requiredFeatureGates=["VolumeAttributesClass"]
2025-01-29 18:36:44,933 INFO c.h.h.t.HelmChartContainer - [K3S] [pvc_protection_controller.go:168] "Starting PVC protection controller"
2025-01-29 18:36:45,012 INFO c.h.h.t.HelmChartContainer - [K3S] [INFO] Starting /v1, Kind=Node controller
2025-01-29 18:36:45,015 INFO c.h.h.t.HelmChartContainer - [K3S] [INFO] Starting /v1, Kind=Pod controller
2025-01-29 18:36:45,018 INFO c.h.h.t.HelmChartContainer - [K3S] [INFO] Starting apps/v1, Kind=DaemonSet controller
2025-01-29 18:36:45,021 INFO c.h.h.t.HelmChartContainer - [K3S] [INFO] Starting discovery.k8s.io/v1, Kind=EndpointSlice controller
2025-01-29 18:36:45,022 INFO c.h.h.t.HelmChartContainer - [K3S] [controllermanager.go:329] Started "service-lb-controller"
2025-01-29 18:36:45,022 INFO c.h.h.t.HelmChartContainer - [K3S] [controllermanager.go:306] "node-route-controller" is disabled
2025-01-29 18:36:45,022 INFO c.h.h.t.HelmChartContainer - [K3S] [controller.go:234] Starting service controller
2025-01-29 18:36:45,022 INFO c.h.h.t.HelmChartContainer - [K3S] [controllermanager.go:329] Started "cloud-node-controller"
2025-01-29 18:36:45,022 INFO c.h.h.t.HelmChartContainer - [K3S] [node_controller.go:176] Sending events to api server.
2025-01-29 18:36:45,023 INFO c.h.h.t.HelmChartContainer - [K3S] [node_controller.go:185] Waiting for informer caches to sync
2025-01-29 18:36:45,023 INFO c.h.h.t.HelmChartContainer - [K3S] [controllermanager.go:329] Started "cloud-node-lifecycle-controller"
2025-01-29 18:36:45,023 INFO c.h.h.t.HelmChartContainer - [K3S] [node_lifecycle_controller.go:112] Sending events to api server
2025-01-29 18:36:45,040 INFO c.h.h.t.HelmChartContainer - [K3S] [INFO] Tunnel authorizer set Kubelet Port 0.0.0.0:10250
2025-01-29 18:36:45,084 INFO c.h.h.t.HelmChartContainer - [K3S] [controllermanager.go:765] "Started controller" controller="serviceaccount-controller"
2025-01-29 18:36:45,084 INFO c.h.h.t.HelmChartContainer - [K3S] [controllermanager.go:728] "Warning: controller is disabled" controller="bootstrap-signer-controller"
2025-01-29 18:36:45,084 INFO c.h.h.t.HelmChartContainer - [K3S] [serviceaccounts_controller.go:114] "Starting service account controller"
2025-01-29 18:36:45,123 INFO c.h.h.t.HelmChartContainer - [K3S] [node_controller.go:429] Initializing node 6206d5544d57 with cloud provider
2025-01-29 18:36:45,128 INFO c.h.h.t.HelmChartContainer - [K3S] [node_controller.go:474] Successfully initialized node 6206d5544d57 with cloud provider
2025-01-29 18:36:45,128 INFO c.h.h.t.HelmChartContainer - [K3S] [event.go:389] "Event occurred" object="6206d5544d57" fieldPath="" kind="Node" apiVersion="v1" type="Normal" reason="Synced" message="Node synced successfully"
2025-01-29 18:36:45,137 INFO c.h.h.t.HelmChartContainer - [K3S] [INFO] Updated coredns NodeHosts entry for 6206d5544d57
2025-01-29 18:36:45,156 INFO c.h.h.t.HelmChartContainer - [K3S] [node_lifecycle_controller.go:432] "Controller will reconcile labels"
2025-01-29 18:36:45,157 INFO c.h.h.t.HelmChartContainer - [K3S] [controllermanager.go:765] "Started controller" controller="node-lifecycle-controller"
2025-01-29 18:36:45,160 INFO c.h.h.t.HelmChartContainer - [K3S] [node_lifecycle_controller.go:466] "Sending events to api server"
2025-01-29 18:36:45,160 INFO c.h.h.t.HelmChartContainer - [K3S] [node_lifecycle_controller.go:477] "Starting node controller"
2025-01-29 18:36:45,291 INFO c.h.h.t.HelmChartContainer - [K3S] [controllermanager.go:765] "Started controller" controller="ttl-after-finished-controller"
2025-01-29 18:36:45,291 INFO c.h.h.t.HelmChartContainer - [K3S] [controllermanager.go:717] "Controller is disabled by a feature gate" controller="resourceclaim-controller" requiredFeatureGates=["DynamicResourceAllocation"]
2025-01-29 18:36:45,291 INFO c.h.h.t.HelmChartContainer - [K3S] [controllermanager.go:717] "Controller is disabled by a feature gate" controller="selinux-warning-controller" requiredFeatureGates=["SELinuxChangePolicy"]
2025-01-29 18:36:45,291 INFO c.h.h.t.HelmChartContainer - [K3S] [controllermanager.go:723] "Skipping a cloud provider controller" controller="node-route-controller"
2025-01-29 18:36:45,291 INFO c.h.h.t.HelmChartContainer - [K3S] [controllermanager.go:723] "Skipping a cloud provider controller" controller="cloud-node-lifecycle-controller"
2025-01-29 18:36:45,291 INFO c.h.h.t.HelmChartContainer - [K3S] [controllermanager.go:717] "Controller is disabled by a feature gate" controller="service-cidr-controller" requiredFeatureGates=["MultiCIDRServiceAllocator"]
2025-01-29 18:36:45,291 INFO c.h.h.t.HelmChartContainer - [K3S] [controllermanager.go:717] "Controller is disabled by a feature gate" controller="kube-apiserver-serving-clustertrustbundle-publisher-controller" requiredFeatureGates=["ClusterTrustBundle"]
2025-01-29 18:36:45,291 INFO c.h.h.t.HelmChartContainer - [K3S] [ttlafterfinished_controller.go:112] "Starting TTL after finished controller"
2025-01-29 18:36:45,434 INFO c.h.h.t.HelmChartContainer - [K3S] [controllermanager.go:765] "Started controller" controller="pod-garbage-collector-controller"
2025-01-29 18:36:45,435 INFO c.h.h.t.HelmChartContainer - [K3S] [gc_controller.go:99] "Starting GC controller"
2025-01-29 18:36:45,569 INFO c.h.h.t.HelmChartContainer - [K3S] [serving.go:392] Generated self-signed cert in-memory
2025-01-29 18:36:45,584 INFO c.h.h.t.HelmChartContainer - [K3S] [controllermanager.go:765] "Started controller" controller="statefulset-controller"
2025-01-29 18:36:45,585 INFO c.h.h.t.HelmChartContainer - [K3S] [stateful_set.go:166] "Starting stateful set controller"
2025-01-29 18:36:45,735 INFO c.h.h.t.HelmChartContainer - [K3S] [controllermanager.go:765] "Started controller" controller="cronjob-controller"
2025-01-29 18:36:45,735 INFO c.h.h.t.HelmChartContainer - [K3S] [cronjob_controllerv2.go:145] "Starting cronjob controller v2"
2025-01-29 18:36:45,782 INFO c.h.h.t.HelmChartContainer - [K3S] [server.go:164] "Starting Kubernetes Scheduler" version="v1.32.1+k3s1"
2025-01-29 18:36:45,782 INFO c.h.h.t.HelmChartContainer - [K3S] [server.go:166] "Golang settings" GOGC="" GOMAXPROCS="" GOTRACEBACK=""
2025-01-29 18:36:45,782 INFO c.h.h.t.HelmChartContainer - [K3S] [controllermanager.go:765] "Started controller" controller="certificatesigningrequest-approving-controller"
2025-01-29 18:36:45,782 INFO c.h.h.t.HelmChartContainer - [K3S] [certificate_controller.go:120] "Starting certificate controller" name="csrapproving"
2025-01-29 18:36:45,787 INFO c.h.h.t.HelmChartContainer - [K3S] [requestheader_controller.go:180] Starting RequestHeaderAuthRequestController
2025-01-29 18:36:45,787 INFO c.h.h.t.HelmChartContainer - [K3S] [configmap_cafile_content.go:205] "Starting controller" name="client-ca::kube-system::extension-apiserver-authentication::client-ca-file"
2025-01-29 18:36:45,788 INFO c.h.h.t.HelmChartContainer - [K3S] [configmap_cafile_content.go:205] "Starting controller" name="client-ca::kube-system::extension-apiserver-authentication::requestheader-client-ca-file"
2025-01-29 18:36:45,788 INFO c.h.h.t.HelmChartContainer - [K3S] [tlsconfig.go:243] "Starting DynamicServingCertificateController"
2025-01-29 18:36:45,788 INFO c.h.h.t.HelmChartContainer - [K3S] [secure_serving.go:213] Serving securely on 127.0.0.1:10259
2025-01-29 18:36:45,933 INFO c.h.h.t.HelmChartContainer - [K3S] [controllermanager.go:765] "Started controller" controller="legacy-serviceaccount-token-cleaner-controller"
2025-01-29 18:36:45,933 INFO c.h.h.t.HelmChartContainer - [K3S] [legacy_serviceaccount_token_cleaner.go:103] "Starting legacy service account token cleaner controller"
2025-01-29 18:36:45,983 INFO c.h.h.t.HelmChartContainer - [K3S] [controllermanager.go:765] "Started controller" controller="taint-eviction-controller"
2025-01-29 18:36:45,983 INFO c.h.h.t.HelmChartContainer - [K3S] [taint_eviction.go:281] "Starting" controller="taint-eviction-controller"
2025-01-29 18:36:45,983 INFO c.h.h.t.HelmChartContainer - [K3S] [taint_eviction.go:287] "Sending events to api server"
2025-01-29 18:36:46,039 INFO c.h.h.t.HelmChartContainer - [K3S] [INFO] Started tunnel to 172.18.0.2:6443
2025-01-29 18:36:46,040 INFO c.h.h.t.HelmChartContainer - [K3S] [INFO] Stopped tunnel to 127.0.0.1:6443
2025-01-29 18:36:46,040 INFO c.h.h.t.HelmChartContainer - [K3S] [INFO] Connecting to proxy" url="wss://172.18.0.2:6443/v1-k3s/connect
2025-01-29 18:36:46,040 INFO c.h.h.t.HelmChartContainer - [K3S] [INFO] Proxy done" err="context canceled" url="wss://127.0.0.1:6443/v1-k3s/connect
2025-01-29 18:36:46,040 INFO c.h.h.t.HelmChartContainer - [K3S] [INFO] error in remotedialer server [400]: websocket: close 1006 (abnormal closure): unexpected EOF
2025-01-29 18:36:46,042 INFO c.h.h.t.HelmChartContainer - [K3S] [INFO] Handling backend connection request [6206d5544d57]
2025-01-29 18:36:46,042 INFO c.h.h.t.HelmChartContainer - [K3S] [INFO] Remotedialer connected to proxy" url="wss://172.18.0.2:6443/v1-k3s/connect
2025-01-29 18:36:46,134 INFO c.h.h.t.HelmChartContainer - [K3S] [controllermanager.go:765] "Started controller" controller="endpointslice-controller"
2025-01-29 18:36:46,134 INFO c.h.h.t.HelmChartContainer - [K3S] [endpointslice_controller.go:281] "Starting endpoint slice controller"
2025-01-29 18:36:46,284 INFO c.h.h.t.HelmChartContainer - [K3S] [controllermanager.go:765] "Started controller" controller="job-controller"
2025-01-29 18:36:46,284 INFO c.h.h.t.HelmChartContainer - [K3S] [job_controller.go:243] "Starting job controller"
2025-01-29 18:36:46,434 INFO c.h.h.t.HelmChartContainer - [K3S] [controllermanager.go:765] "Started controller" controller="replicaset-controller"
2025-01-29 18:36:46,434 INFO c.h.h.t.HelmChartContainer - [K3S] [replica_set.go:217] "Starting controller" name="replicaset"
2025-01-29 18:36:46,460 INFO c.h.h.t.HelmChartContainer - [K3S] [actual_state_of_world.go:541] "Failed to update statusUpdateNeeded field in actual state of world" err="Failed to set statusUpdateNeeded to needed true, because nodeName=\"6206d5544d57\" does not exist"
2025-01-29 18:36:46,517 INFO c.h.h.t.HelmChartContainer - [K3S] [range_allocator.go:177] "Sending events to api server"
2025-01-29 18:36:46,517 INFO c.h.h.t.HelmChartContainer - [K3S] [range_allocator.go:183] "Starting range CIDR allocator"
2025-01-29 18:36:46,522 INFO c.h.h.t.HelmChartContainer - [K3S] [range_allocator.go:428] "Set node PodCIDR" node="6206d5544d57" podCIDRs=["10.42.0.0/24"]
2025-01-29 18:36:46,522 INFO c.h.h.t.HelmChartContainer - [K3S] [range_allocator.go:247] "Successfully synced" key="6206d5544d57"
2025-01-29 18:36:46,524 INFO c.h.h.t.HelmChartContainer - [K3S] [range_allocator.go:247] "Successfully synced" key="6206d5544d57"
2025-01-29 18:36:46,524 INFO c.h.h.t.HelmChartContainer - [K3S] [INFO] Flannel found PodCIDR assigned for node 6206d5544d57
2025-01-29 18:36:46,524 INFO c.h.h.t.HelmChartContainer - [K3S] [INFO] The interface eth0 with ipv4 address 172.18.0.2 will be used by flannel
2025-01-29 18:36:46,524 INFO c.h.h.t.HelmChartContainer - [K3S] [kube.go:139] Waiting 10m0s for node controller to sync
2025-01-29 18:36:46,524 INFO c.h.h.t.HelmChartContainer - [K3S] [kube.go:469] Starting kube subnet manager
2025-01-29 18:36:46,538 INFO c.h.h.t.HelmChartContainer - [K3S] [range_allocator.go:247] "Successfully synced" key="6206d5544d57"
2025-01-29 18:36:46,557 INFO c.h.h.t.HelmChartContainer - [K3S] [node_lifecycle_controller.go:1234] "Initializing eviction metric for zone" zone=""
2025-01-29 18:36:46,557 INFO c.h.h.t.HelmChartContainer - [K3S] [node_lifecycle_controller.go:886] "Missing timestamp for Node. Assuming now as a timestamp" node="6206d5544d57"
2025-01-29 18:36:46,557 INFO c.h.h.t.HelmChartContainer - [K3S] [node_lifecycle_controller.go:1080] "Controller detected that zone is now in new state" zone="" newState="Normal"
2025-01-29 18:36:46,561 INFO c.h.h.t.HelmChartContainer - [K3S] [range_allocator.go:247] "Successfully synced" key="6206d5544d57"
2025-01-29 18:36:46,634 INFO c.h.h.t.HelmChartContainer - [K3S] [INFO] Starting network policy controller version v2.2.1, built on 2025-01-28T18:27:08Z, go1.23.4
2025-01-29 18:36:46,635 INFO c.h.h.t.HelmChartContainer - [K3S] [network_policy_controller.go:164] Starting network policy controller
2025-01-29 18:36:46,663 INFO c.h.h.t.HelmChartContainer - [K3S] [network_policy_controller.go:176] Starting network policy controller full sync goroutine
2025-01-29 18:36:47,140 INFO c.h.h.t.HelmChartContainer - [K3S] [handler_proxy.go:99] no RequestInfo found in the context
2025-01-29 18:36:47,140 INFO c.h.h.t.HelmChartContainer - [K3S] [controller.go:146] "Unhandled Error" err=<
2025-01-29 18:36:47,140 INFO c.h.h.t.HelmChartContainer - [K3S] 	, Header: map[Content-Type:[text/plain; charset=utf-8] X-Content-Type-Options:[nosniff]]
2025-01-29 18:36:47,140 INFO c.h.h.t.HelmChartContainer - [K3S]  >
2025-01-29 18:36:47,141 INFO c.h.h.t.HelmChartContainer - [K3S] [handler_proxy.go:143] error resolving kube-system/metrics-server: no endpoints available for service "metrics-server"
2025-01-29 18:36:47,345 INFO c.h.h.t.HelmChartContainer - [K3S] [replica_set.go:679] "Finished syncing" kind="ReplicaSet" key="kube-system/metrics-server-8584b5786c" duration="351.532816ms"
2025-01-29 18:36:47,345 INFO c.h.h.t.HelmChartContainer - [K3S] [replica_set.go:679] "Finished syncing" kind="ReplicaSet" key="kube-system/local-path-provisioner-698b58967b" duration="351.364691ms"
2025-01-29 18:36:47,349 INFO c.h.h.t.HelmChartContainer - [K3S] [replica_set.go:679] "Finished syncing" kind="ReplicaSet" key="kube-system/coredns-ff8999cc5" duration="355.880058ms"
2025-01-29 18:36:47,358 INFO c.h.h.t.HelmChartContainer - [K3S] [replica_set.go:679] "Finished syncing" kind="ReplicaSet" key="kube-system/coredns-ff8999cc5" duration="8.219593ms"
2025-01-29 18:36:47,358 INFO c.h.h.t.HelmChartContainer - [K3S] [replica_set.go:679] "Finished syncing" kind="ReplicaSet" key="kube-system/coredns-ff8999cc5" duration="29.585µs"
2025-01-29 18:36:47,359 INFO c.h.h.t.HelmChartContainer - [K3S] [replica_set.go:679] "Finished syncing" kind="ReplicaSet" key="kube-system/coredns-ff8999cc5" duration="31.008µs"
2025-01-29 18:36:47,366 INFO c.h.h.t.HelmChartContainer - [K3S] [replica_set.go:679] "Finished syncing" kind="ReplicaSet" key="kube-system/local-path-provisioner-698b58967b" duration="20.962131ms"
2025-01-29 18:36:47,369 INFO c.h.h.t.HelmChartContainer - [K3S] [replica_set.go:679] "Finished syncing" kind="ReplicaSet" key="kube-system/metrics-server-8584b5786c" duration="24.213387ms"
2025-01-29 18:36:47,378 INFO c.h.h.t.HelmChartContainer - [K3S] [replica_set.go:679] "Finished syncing" kind="ReplicaSet" key="kube-system/local-path-provisioner-698b58967b" duration="12.207601ms"
2025-01-29 18:36:47,379 INFO c.h.h.t.HelmChartContainer - [K3S] [replica_set.go:679] "Finished syncing" kind="ReplicaSet" key="kube-system/local-path-provisioner-698b58967b" duration="230.402µs"
2025-01-29 18:36:47,380 INFO c.h.h.t.HelmChartContainer - [K3S] [replica_set.go:679] "Finished syncing" kind="ReplicaSet" key="kube-system/metrics-server-8584b5786c" duration="10.787974ms"
2025-01-29 18:36:47,380 INFO c.h.h.t.HelmChartContainer - [K3S] [replica_set.go:679] "Finished syncing" kind="ReplicaSet" key="kube-system/metrics-server-8584b5786c" duration="27.422µs"
2025-01-29 18:36:47,387 INFO c.h.h.t.HelmChartContainer - [K3S] [replica_set.go:679] "Finished syncing" kind="ReplicaSet" key="kube-system/coredns-ff8999cc5" duration="42.169µs"
2025-01-29 18:36:47,393 INFO c.h.h.t.HelmChartContainer - [K3S] [replica_set.go:679] "Finished syncing" kind="ReplicaSet" key="kube-system/metrics-server-8584b5786c" duration="32.29µs"
2025-01-29 18:36:47,398 INFO c.h.h.t.HelmChartContainer - [K3S] [replica_set.go:679] "Finished syncing" kind="ReplicaSet" key="kube-system/local-path-provisioner-698b58967b" duration="31.329µs"
2025-01-29 18:36:47,403 INFO c.h.h.t.HelmChartContainer - [K3S] [reconciler_common.go:251] "operationExecutor.VerifyControllerAttachedVolume started for volume \"kube-api-access-wjccg\" (UniqueName: \"kubernetes.io/projected/ef52d9ca-3940-4ca0-b94c-0f09995296e2-kube-api-access-wjccg\") pod \"metrics-server-8584b5786c-rsjhx\" (UID: \"ef52d9ca-3940-4ca0-b94c-0f09995296e2\") " pod="kube-system/metrics-server-8584b5786c-rsjhx"
2025-01-29 18:36:47,403 INFO c.h.h.t.HelmChartContainer - [K3S] [reconciler_common.go:251] "operationExecutor.VerifyControllerAttachedVolume started for volume \"config-volume\" (UniqueName: \"kubernetes.io/configmap/4e48ee57-2279-4400-9618-ac90e6396100-config-volume\") pod \"local-path-provisioner-698b58967b-2hzq2\" (UID: \"4e48ee57-2279-4400-9618-ac90e6396100\") " pod="kube-system/local-path-provisioner-698b58967b-2hzq2"
2025-01-29 18:36:47,403 INFO c.h.h.t.HelmChartContainer - [K3S] [reconciler_common.go:251] "operationExecutor.VerifyControllerAttachedVolume started for volume \"kube-api-access-s7hcn\" (UniqueName: \"kubernetes.io/projected/4e48ee57-2279-4400-9618-ac90e6396100-kube-api-access-s7hcn\") pod \"local-path-provisioner-698b58967b-2hzq2\" (UID: \"4e48ee57-2279-4400-9618-ac90e6396100\") " pod="kube-system/local-path-provisioner-698b58967b-2hzq2"
2025-01-29 18:36:47,403 INFO c.h.h.t.HelmChartContainer - [K3S] [reconciler_common.go:251] "operationExecutor.VerifyControllerAttachedVolume started for volume \"config-volume\" (UniqueName: \"kubernetes.io/configmap/4c667b8f-ff06-46a8-bea6-0e2598fec19f-config-volume\") pod \"coredns-ff8999cc5-5l62g\" (UID: \"4c667b8f-ff06-46a8-bea6-0e2598fec19f\") " pod="kube-system/coredns-ff8999cc5-5l62g"
2025-01-29 18:36:47,403 INFO c.h.h.t.HelmChartContainer - [K3S] [reconciler_common.go:251] "operationExecutor.VerifyControllerAttachedVolume started for volume \"custom-config-volume\" (UniqueName: \"kubernetes.io/configmap/4c667b8f-ff06-46a8-bea6-0e2598fec19f-custom-config-volume\") pod \"coredns-ff8999cc5-5l62g\" (UID: \"4c667b8f-ff06-46a8-bea6-0e2598fec19f\") " pod="kube-system/coredns-ff8999cc5-5l62g"
2025-01-29 18:36:47,403 INFO c.h.h.t.HelmChartContainer - [K3S] [reconciler_common.go:251] "operationExecutor.VerifyControllerAttachedVolume started for volume \"kube-api-access-m6wgt\" (UniqueName: \"kubernetes.io/projected/4c667b8f-ff06-46a8-bea6-0e2598fec19f-kube-api-access-m6wgt\") pod \"coredns-ff8999cc5-5l62g\" (UID: \"4c667b8f-ff06-46a8-bea6-0e2598fec19f\") " pod="kube-system/coredns-ff8999cc5-5l62g"
2025-01-29 18:36:47,404 INFO c.h.h.t.HelmChartContainer - [K3S] [reconciler_common.go:251] "operationExecutor.VerifyControllerAttachedVolume started for volume \"tmp-dir\" (UniqueName: \"kubernetes.io/empty-dir/ef52d9ca-3940-4ca0-b94c-0f09995296e2-tmp-dir\") pod \"metrics-server-8584b5786c-rsjhx\" (UID: \"ef52d9ca-3940-4ca0-b94c-0f09995296e2\") " pod="kube-system/metrics-server-8584b5786c-rsjhx"
2025-01-29 18:36:47,444 WARN c.h.h.t.HelmChartContainer - K3s image not ready yet 'Condition with Lambda expression in com.hivemq.helmcharts.testcontainer.HelmChartContainer$K3sReadyStartupCheckStrategy was not fulfilled within 10 seconds.'
2025-01-29 18:36:47,523 INFO c.h.h.t.HelmChartContainer - [K3S] [kube.go:146] Node controller sync successful
2025-01-29 18:36:47,524 INFO c.h.h.t.HelmChartContainer - [K3S] [vxlan.go:141] VXLAN config: VNI=1 Port=0 GBP=false Learning=false DirectRouting=false
2025-01-29 18:36:47,525 INFO c.h.h.t.HelmChartContainer - [K3S] [kube.go:636] List of node(6206d5544d57) annotations: map[string]string{"alpha.kubernetes.io/provided-node-ip":"172.18.0.2", "k3s.io/hostname":"6206d5544d57", "k3s.io/internal-ip":"172.18.0.2", "k3s.io/node-args":"[\"server\",\"--etcd-arg\",\"unsafe-no-fsync\",\"--etcd-arg\",\"snapshot-count=10000\",\"--etcd-arg\",\"auto-compaction-mode=revision\",\"--etcd-arg\",\"auto-compaction-retention=1000000\",\"--kube-apiserver-arg\",\"etcd-compaction-interval=0s\",\"--disable\",\"traefik\",\"--tls-san\",\"localhost\"]", "k3s.io/node-config-hash":"2QNNT5M5XUBFOLO5XPGEVGOM5UDLHHTIVMSRUPAUHE5DU3HUYQUQ====", "k3s.io/node-env":"{}", "node.alpha.kubernetes.io/ttl":"0", "volumes.kubernetes.io/controller-managed-attach-detach":"true"}
2025-01-29 18:36:47,530 INFO c.h.h.t.HelmChartContainer - [K3S] [range_allocator.go:247] "Successfully synced" key="6206d5544d57"
2025-01-29 18:36:47,531 INFO c.h.h.t.HelmChartContainer - [K3S] [iptables.go:51] Starting flannel in iptables mode...
2025-01-29 18:36:47,531 INFO c.h.h.t.HelmChartContainer - [K3S] [WARNING] no subnet found for key: FLANNEL_NETWORK in file: /run/flannel/subnet.env
2025-01-29 18:36:47,531 INFO c.h.h.t.HelmChartContainer - [K3S] [WARNING] no subnet found for key: FLANNEL_SUBNET in file: /run/flannel/subnet.env
2025-01-29 18:36:47,531 INFO c.h.h.t.HelmChartContainer - [K3S] [WARNING] no subnet found for key: FLANNEL_IPV6_NETWORK in file: /run/flannel/subnet.env
2025-01-29 18:36:47,531 INFO c.h.h.t.HelmChartContainer - [K3S] [WARNING] no subnet found for key: FLANNEL_IPV6_SUBNET in file: /run/flannel/subnet.env
2025-01-29 18:36:47,531 INFO c.h.h.t.HelmChartContainer - [K3S] [iptables.go:115] Current network or subnet (10.42.0.0/16, 10.42.0.0/24) is not equal to previous one (0.0.0.0/0, 0.0.0.0/0), trying to recycle old iptables rules
2025-01-29 18:36:47,531 INFO c.h.h.t.HelmChartContainer - [K3S] [kube.go:490] Creating the node lease for IPv4. This is the n.Spec.PodCIDRs: [10.42.0.0/24]
2025-01-29 18:36:47,538 INFO c.h.h.t.HelmChartContainer - [K3S] [iptables.go:125] Setting up masking rules
2025-01-29 18:36:47,540 INFO c.h.h.t.HelmChartContainer - [K3S] [iptables.go:226] Changing default FORWARD chain policy to ACCEPT
2025-01-29 18:36:47,542 INFO c.h.h.t.HelmChartContainer - [K3S] [INFO] Wrote flannel subnet file to /run/flannel/subnet.env
2025-01-29 18:36:47,542 INFO c.h.h.t.HelmChartContainer - [K3S] [INFO] Running flannel backend.
2025-01-29 18:36:47,542 INFO c.h.h.t.HelmChartContainer - [K3S] [vxlan_network.go:65] watching for new subnet leases
2025-01-29 18:36:47,550 INFO c.h.h.t.HelmChartContainer - [K3S] [iptables.go:372] bootstrap done
2025-01-29 18:36:47,556 INFO c.h.h.t.HelmChartContainer - [K3S] [iptables.go:372] bootstrap done
2025-01-29 18:36:48,142 INFO c.h.h.t.HelmChartContainer - [K3S] [handler_proxy.go:99] no RequestInfo found in the context
2025-01-29 18:36:48,143 INFO c.h.h.t.HelmChartContainer - [K3S] [handler_proxy.go:99] no RequestInfo found in the context
2025-01-29 18:36:48,143 INFO c.h.h.t.HelmChartContainer - [K3S] [controller.go:102] "Unhandled Error" err=<
2025-01-29 18:36:48,143 INFO c.h.h.t.HelmChartContainer - [K3S] 	, Header: map[Content-Type:[text/plain; charset=utf-8] X-Content-Type-Options:[nosniff]]
2025-01-29 18:36:48,143 INFO c.h.h.t.HelmChartContainer - [K3S]  >
2025-01-29 18:36:50,123 INFO c.h.h.t.HelmChartContainer - [K3S] [replica_set.go:679] "Finished syncing" kind="ReplicaSet" key="kube-system/metrics-server-8584b5786c" duration="34.415µs"
2025-01-29 18:36:50,148 INFO c.h.h.t.HelmChartContainer - [K3S] [replica_set.go:679] "Finished syncing" kind="ReplicaSet" key="kube-system/coredns-ff8999cc5" duration="7.760637ms"
2025-01-29 18:36:50,149 INFO c.h.h.t.HelmChartContainer - [K3S] [replica_set.go:679] "Finished syncing" kind="ReplicaSet" key="kube-system/coredns-ff8999cc5" duration="34.365µs"
2025-01-29 18:36:50,161 INFO c.h.h.t.HelmChartContainer - [K3S] [replica_set.go:679] "Finished syncing" kind="ReplicaSet" key="kube-system/local-path-provisioner-698b58967b" duration="3.836641ms"
2025-01-29 18:36:50,162 INFO c.h.h.t.HelmChartContainer - [K3S] [replica_set.go:679] "Finished syncing" kind="ReplicaSet" key="kube-system/local-path-provisioner-698b58967b" duration="29.455µs"
2025-01-29 18:36:50,233 INFO c.h.h.t.HelmChartContainer - [K3S] [kuberuntime_manager.go:1702] "Updating runtime config through cri with podcidr" CIDR="10.42.0.0/24"
2025-01-29 18:36:50,234 INFO c.h.h.t.HelmChartContainer - [K3S] [kubelet_network.go:61] "Updating Pod CIDR" originalPodCIDR="" newPodCIDR="10.42.0.0/24"
2025-01-29 18:36:50,242 INFO c.h.h.t.HelmChartContainer - [K3S] [range_allocator.go:247] "Successfully synced" key="6206d5544d57"
2025-01-29 18:36:52,146 DEBUG c.h.h.t.HelmChartContainer - Image file loaded 'hivemq-platform-operator.tar'
2025-01-29 18:36:52,583 DEBUG c.h.h.t.HelmChartContainer - Image file loaded 'hivemq-platform-operator-init.tar'
2025-01-29 18:36:58,006 DEBUG c.h.h.t.HelmChartContainer - Image file loaded 'hivemq-platform.tar'
2025-01-29 18:36:58,006 DEBUG c.h.h.t.HelmChartContainer - Successful Helm chart Container startup
2025-01-29 18:36:58,019 INFO t.localhost/testcontainers/gwydmyx2q357kt5f:latest - Container localhost/testcontainers/gwydmyx2q357kt5f:latest started in PT21.998756109S
2025-01-29 18:36:58,029 DEBUG c.h.h.t.HelmChartContainer - Executing helm command: /bin/helm --kubeconfig /etc/rancher/k3s/k3s.yaml repo add hivemq https://hivemq.github.io/helm-charts
2025-01-29 18:37:00,016 INFO c.h.h.t.HelmChartContainer - [EVENT] Normal [Starting] Starting kubelet. [null:6206d5544d57]
2025-01-29 18:37:00,017 INFO c.h.h.t.HelmChartContainer - [EVENT] Warning [InvalidDiskCapacity] invalid capacity 0 on image filesystem [null:6206d5544d57]
2025-01-29 18:37:00,018 INFO c.h.h.t.HelmChartContainer - [EVENT] Normal [NodeHasSufficientMemory] Node 6206d5544d57 status is now: NodeHasSufficientMemory [null:6206d5544d57]
2025-01-29 18:37:00,019 INFO c.h.h.t.HelmChartContainer - [EVENT] Normal [NodeHasNoDiskPressure] Node 6206d5544d57 status is now: NodeHasNoDiskPressure [null:6206d5544d57]
2025-01-29 18:37:00,019 INFO c.h.h.t.HelmChartContainer - [EVENT] Normal [NodeHasSufficientPID] Node 6206d5544d57 status is now: NodeHasSufficientPID [null:6206d5544d57]
2025-01-29 18:37:00,020 INFO c.h.h.t.HelmChartContainer - [EVENT] Normal [NodeAllocatableEnforced] Updated Node Allocatable limit across pods [null:6206d5544d57]
2025-01-29 18:37:00,022 INFO c.h.h.t.HelmChartContainer - [EVENT] Normal [NodeReady] Node 6206d5544d57 status is now: NodeReady [null:6206d5544d57]
2025-01-29 18:37:00,023 INFO c.h.h.t.HelmChartContainer - [EVENT] Normal [NodePasswordValidationComplete] Deferred node password secret validation complete [null:6206d5544d57]
2025-01-29 18:37:00,024 INFO c.h.h.t.HelmChartContainer - [EVENT] Normal [Synced] Node synced successfully [null:6206d5544d57]
2025-01-29 18:37:00,024 INFO c.h.h.t.HelmChartContainer - [EVENT] Normal [RegisteredNode] Node 6206d5544d57 event: Registered Node 6206d5544d57 in Controller [null:6206d5544d57]
2025-01-29 18:37:00,031 INFO c.h.h.t.HelmChartContainer - Saved kubeconfig file on /tmp/kubeconfig-14495169281909621162.yaml
2025-01-29 18:37:00,031 INFO c.h.h.t.HelmChartContainer - HelmChartContainer is started
]]></system-out>
  <system-err><![CDATA[]]></system-err>
</testsuite>
