<?xml version="1.0" encoding="UTF-8"?>
<testsuite name="com.hivemq.helmcharts.platform.HelmCustomLogbackIT" tests="1" skipped="0" failures="0" errors="0" timestamp="2025-03-29T02:45:04" hostname="fv-az1915-440" time="86.21">
  <properties/>
  <testcase name="withCustomLogbackConfig_platformUsingCustomLogbackXml()" classname="com.hivemq.helmcharts.platform.HelmCustomLogbackIT" time="86.21"/>
</testsuite>
