<?xml version="1.0" encoding="UTF-8"?>
<testsuite name="com.hivemq.helmcharts.extensions.HelmCustomExtensionIT" tests="3" skipped="0" failures="0" errors="0" timestamp="2025-01-27T17:05:14" hostname="fv-az1336-142" time="331.761">
  <properties/>
  <testcase name="platformChart_whenCustomExtensionIsConfigured_withHttpBasicAuth_thenStartsUpSuccessfully()" classname="com.hivemq.helmcharts.extensions.HelmCustomExtensionIT" time="111.192">
    <system-out><![CDATA[2025-01-27 17:05:14,573 INFO c.h.h.t.HelmChartContainer - Creating namespace 'helmcustomextensionit-operator'...
2025-01-27 17:05:14,788 INFO c.h.h.t.HelmChartContainer - Namespace 'helmcustomextensionit-operator' created
2025-01-27 17:05:14,789 INFO c.h.h.t.HelmChartContainer - Creating namespace 'helmcustomextensionit'...
2025-01-27 17:05:14,789 INFO c.h.h.t.HelmChartContainer - [POD] coredns-ff8999cc5-568xv [c03549af-5e0f-4ec4-8e96-37b840e39194] in kube-system was ADDED
2025-01-27 17:05:14,791 INFO c.h.h.t.HelmChartContainer - [POD] local-path-provisioner-698b58967b-2tnv6 [b766887c-9f1b-4d9e-b923-9ddd19aa9fb1] in kube-system was ADDED
2025-01-27 17:05:14,793 INFO c.h.h.t.HelmChartContainer - [POD] metrics-server-8584b5786c-xkc7l [016e7ccc-58a9-48d3-8683-d3162c629b12] in kube-system was ADDED
2025-01-27 17:05:14,800 INFO c.h.h.t.HelmChartContainer - Namespace 'helmcustomextensionit' created
2025-01-27 17:05:14,872 DEBUG c.h.h.t.HelmChartContainer - Executing helm command: /bin/helm --kubeconfig /etc/rancher/k3s/k3s.yaml install test-hivemq-platform-operator /charts/hivemq-platform-operator --wait --timeout 5m0s --set image.repository=docker.io/hivemq --set image.name=hivemq-platform-operator-test --set image.initImageName=hivemq-platform-operator-init-test --set image.tag=snapshot --set image.pullPolicy=Never --set logLevel=DEBUG --set resources.cpu=512m --namespace helmcustomextensionit-operator
2025-01-27 17:05:17,214 INFO c.h.h.t.HelmChartContainer - [K3S] [alloc.go:330] "allocated clusterIPs" service="helmcustomextensionit-operator/hivemq-platform-operator-test-hivemq-platform-operator" clusterIPs={"IPv4":"10.43.229.255"}
2025-01-27 17:05:17,226 INFO c.h.h.t.HelmChartContainer - [EVENT] Normal [ScalingReplicaSet] Scaled up replica set hivemq-test-hivemq-platform-operator-6966f96d65 from 0 to 1 [helmcustomextensionit-operator:hivemq-test-hivemq-platform-operator]
2025-01-27 17:05:17,240 INFO c.h.h.t.HelmChartContainer - [EVENT] Normal [SuccessfulCreate] Created pod: hivemq-test-hivemq-platform-operator-6966f96d65-brj87 [helmcustomextensionit-operator:hivemq-test-hivemq-platform-operator-6966f96d65]
2025-01-27 17:05:17,242 INFO c.h.h.t.HelmChartContainer - [POD] hivemq-test-hivemq-platform-operator-6966f96d65-brj87 [c3519be0-b3aa-4a26-9410-04b5b0f3a4c7] in helmcustomextensionit-operator was ADDED
2025-01-27 17:05:17,249 INFO c.h.h.t.HelmChartContainer - [K3S] [replica_set.go:679] "Finished syncing" kind="ReplicaSet" key="helmcustomextensionit-operator/hivemq-test-hivemq-platform-operator-6966f96d65" duration="24.546691ms"
2025-01-27 17:05:17,253 INFO c.h.h.t.HelmChartContainer - [EVENT] Normal [Scheduled] Successfully assigned helmcustomextensionit-operator/hivemq-test-hivemq-platform-operator-6966f96d65-brj87 to 1d709a34904e [helmcustomextensionit-operator:hivemq-test-hivemq-platform-operator-6966f96d65-brj87]
2025-01-27 17:05:17,253 INFO c.h.h.t.HelmChartContainer - [POD] hivemq-test-hivemq-platform-operator-6966f96d65-brj87 [c3519be0-b3aa-4a26-9410-04b5b0f3a4c7] in helmcustomextensionit-operator was MODIFIED
2025-01-27 17:05:17,256 INFO c.h.h.t.HelmChartContainer - [K3S] [reflector.go:569] object-"helmcustomextensionit-operator"/"kube-root-ca.crt": failed to list *v1.ConfigMap: configmaps "kube-root-ca.crt" is forbidden: User "system:node:1d709a34904e" cannot list resource "configmaps" in API group "" in the namespace "helmcustomextensionit-operator": no relationship found between node '1d709a34904e' and this object
2025-01-27 17:05:17,257 INFO c.h.h.t.HelmChartContainer - [K3S] [reflector.go:166] "Unhandled Error" err="object-\"helmcustomextensionit-operator\"/\"kube-root-ca.crt\": Failed to watch *v1.ConfigMap: failed to list *v1.ConfigMap: configmaps \"kube-root-ca.crt\" is forbidden: User \"system:node:1d709a34904e\" cannot list resource \"configmaps\" in API group \"\" in the namespace \"helmcustomextensionit-operator\": no relationship found between node '1d709a34904e' and this object"
2025-01-27 17:05:17,266 INFO c.h.h.t.HelmChartContainer - [K3S] [replica_set.go:679] "Finished syncing" kind="ReplicaSet" key="helmcustomextensionit-operator/hivemq-test-hivemq-platform-operator-6966f96d65" duration="17.670668ms"
2025-01-27 17:05:17,266 INFO c.h.h.t.HelmChartContainer - [K3S] [replica_set.go:679] "Finished syncing" kind="ReplicaSet" key="helmcustomextensionit-operator/hivemq-test-hivemq-platform-operator-6966f96d65" duration="36.429µs"
2025-01-27 17:05:17,269 INFO c.h.h.t.HelmChartContainer - [POD] hivemq-test-hivemq-platform-operator-6966f96d65-brj87 [c3519be0-b3aa-4a26-9410-04b5b0f3a4c7] in helmcustomextensionit-operator was MODIFIED
2025-01-27 17:05:17,391 INFO c.h.h.t.HelmChartContainer - [K3S] [reconciler_common.go:251] "operationExecutor.VerifyControllerAttachedVolume started for volume \"kube-api-access-rmrdf\" (UniqueName: \"kubernetes.io/projected/c3519be0-b3aa-4a26-9410-04b5b0f3a4c7-kube-api-access-rmrdf\") pod \"hivemq-test-hivemq-platform-operator-6966f96d65-brj87\" (UID: \"c3519be0-b3aa-4a26-9410-04b5b0f3a4c7\") " pod="helmcustomextensionit-operator/hivemq-test-hivemq-platform-operator-6966f96d65-brj87"
2025-01-27 17:05:18,865 INFO c.h.h.t.HelmChartContainer - [EVENT] Normal [Pulled] Container image "docker.io/hivemq/hivemq-platform-operator-test:snapshot" already present on machine [helmcustomextensionit-operator:hivemq-test-hivemq-platform-operator-6966f96d65-brj87]
2025-01-27 17:05:18,866 INFO c.h.h.t.HelmChartContainer - Received Pulled event for container hivemq-platform-operator in pod hivemq-test-hivemq-platform-operator-6966f96d65-brj87 [c3519be0-b3aa-4a26-9410-04b5b0f3a4c7]
2025-01-27 17:05:18,875 INFO c.h.h.t.HelmChartContainer - [EVENT] Normal [Created] Created container: hivemq-platform-operator [helmcustomextensionit-operator:hivemq-test-hivemq-platform-operator-6966f96d65-brj87]
2025-01-27 17:05:18,875 INFO c.h.h.t.HelmChartContainer - Received Created event for container hivemq-platform-operator in pod hivemq-test-hivemq-platform-operator-6966f96d65-brj87 [c3519be0-b3aa-4a26-9410-04b5b0f3a4c7]
2025-01-27 17:05:19,277 INFO c.h.h.t.HelmChartContainer - [K3S] [replica_set.go:679] "Finished syncing" kind="ReplicaSet" key="helmcustomextensionit-operator/hivemq-test-hivemq-platform-operator-6966f96d65" duration="47.459µs"
2025-01-27 17:05:19,283 INFO c.h.h.t.HelmChartContainer - [POD] hivemq-test-hivemq-platform-operator-6966f96d65-brj87 [c3519be0-b3aa-4a26-9410-04b5b0f3a4c7] in helmcustomextensionit-operator was MODIFIED
2025-01-27 17:05:19,299 INFO c.h.h.t.HelmChartContainer - [EVENT] Normal [Started] Started container hivemq-platform-operator [helmcustomextensionit-operator:hivemq-test-hivemq-platform-operator-6966f96d65-brj87]
2025-01-27 17:05:19,299 INFO c.h.h.t.HelmChartContainer - Received Started event for container hivemq-platform-operator in pod hivemq-test-hivemq-platform-operator-6966f96d65-brj87 [c3519be0-b3aa-4a26-9410-04b5b0f3a4c7]
2025-01-27 17:05:19,299 INFO c.h.h.t.HelmChartContainer - Started log watcher for hivemq-platform-operator in pod hivemq-test-hivemq-platform-operator-6966f96d65-brj87 [c3519be0-b3aa-4a26-9410-04b5b0f3a4c7]
2025-01-27 17:05:19,299 INFO c.h.h.t.HelmChartContainer - [hivemq-test-hivemq-platform] [hivemq-platform-operator] [c3519be0] -------------------------------------------------------------------------
2025-01-27 17:05:19,299 INFO c.h.h.t.HelmChartContainer - [hivemq-test-hivemq-platform] [hivemq-platform-operator] [c3519be0] 
2025-01-27 17:05:19,300 INFO c.h.h.t.HelmChartContainer - [hivemq-test-hivemq-platform] [hivemq-platform-operator] [c3519be0]                   _    _  _              __  __   ____
2025-01-27 17:05:19,300 INFO c.h.h.t.HelmChartContainer - [hivemq-test-hivemq-platform] [hivemq-platform-operator] [c3519be0]                  | |  | |(_)            |  \/  | / __ \
2025-01-27 17:05:19,300 INFO c.h.h.t.HelmChartContainer - [hivemq-test-hivemq-platform] [hivemq-platform-operator] [c3519be0]                  | |__| | _ __   __ ___ | \  / || |  | |
2025-01-27 17:05:19,300 INFO c.h.h.t.HelmChartContainer - [hivemq-test-hivemq-platform] [hivemq-platform-operator] [c3519be0]                  |  __  || |\ \ / // _ \| |\/| || |  | |
2025-01-27 17:05:19,300 INFO c.h.h.t.HelmChartContainer - [hivemq-test-hivemq-platform] [hivemq-platform-operator] [c3519be0]                  | |  | || | \ V /|  __/| |  | || |__| |
2025-01-27 17:05:19,300 INFO c.h.h.t.HelmChartContainer - [hivemq-test-hivemq-platform] [hivemq-platform-operator] [c3519be0]                  |_|  |_||_|  \_/  \___||_|  |_| \___\_\
2025-01-27 17:05:19,300 INFO c.h.h.t.HelmChartContainer - [hivemq-test-hivemq-platform] [hivemq-platform-operator] [c3519be0] 
2025-01-27 17:05:19,300 INFO c.h.h.t.HelmChartContainer - [hivemq-test-hivemq-platform] [hivemq-platform-operator] [c3519be0] -------------------------------------------------------------------------
2025-01-27 17:05:19,300 INFO c.h.h.t.HelmChartContainer - [hivemq-test-hivemq-platform] [hivemq-platform-operator] [c3519be0] 
2025-01-27 17:05:19,300 INFO c.h.h.t.HelmChartContainer - [hivemq-test-hivemq-platform] [hivemq-platform-operator] [c3519be0]   HiveMQ Platform Operator Start Script v1.0
2025-01-27 17:05:19,300 INFO c.h.h.t.HelmChartContainer - [hivemq-test-hivemq-platform] [hivemq-platform-operator] [c3519be0] 
2025-01-27 17:05:19,300 INFO c.h.h.t.HelmChartContainer - [hivemq-test-hivemq-platform] [hivemq-platform-operator] [c3519be0] -------------------------------------------------------------------------
2025-01-27 17:05:19,300 INFO c.h.h.t.HelmChartContainer - [hivemq-test-hivemq-platform] [hivemq-platform-operator] [c3519be0] 
2025-01-27 17:05:19,300 INFO c.h.h.t.HelmChartContainer - [hivemq-test-hivemq-platform] [hivemq-platform-operator] [c3519be0]   JAVA_OPTS: -XX:+UnlockExperimentalVMOptions -XX:InitialRAMPercentage=75 -XX:MaxRAMPercentage=75 -Duser.language=en -Duser.region=US
2025-01-27 17:05:19,300 INFO c.h.h.t.HelmChartContainer - [hivemq-test-hivemq-platform] [hivemq-platform-operator] [c3519be0] 
2025-01-27 17:05:19,300 INFO c.h.h.t.HelmChartContainer - [hivemq-test-hivemq-platform] [hivemq-platform-operator] [c3519be0]   JAVA_VERSION: 21
2025-01-27 17:05:19,300 INFO c.h.h.t.HelmChartContainer - [hivemq-test-hivemq-platform] [hivemq-platform-operator] [c3519be0] 
2025-01-27 17:05:19,300 INFO c.h.h.t.HelmChartContainer - [hivemq-test-hivemq-platform] [hivemq-platform-operator] [c3519be0] -------------------------------------------------------------------------
2025-01-27 17:05:19,300 INFO c.h.h.t.HelmChartContainer - [hivemq-test-hivemq-platform] [hivemq-platform-operator] [c3519be0] 
2025-01-27 17:05:22,248 INFO c.h.h.t.HelmChartContainer - [POD] metrics-server-8584b5786c-xkc7l [016e7ccc-58a9-48d3-8683-d3162c629b12] in kube-system was MODIFIED
2025-01-27 17:05:22,256 INFO c.h.h.t.HelmChartContainer - [K3S] [replica_set.go:679] "Finished syncing" kind="ReplicaSet" key="kube-system/metrics-server-8584b5786c" duration="10.068539ms"
2025-01-27 17:05:22,264 INFO c.h.h.t.HelmChartContainer - [K3S] [replica_set.go:679] "Finished syncing" kind="ReplicaSet" key="kube-system/metrics-server-8584b5786c" duration="37.621µs"
2025-01-27 17:05:22,350 INFO c.h.h.t.HelmChartContainer - [hivemq-test-hivemq-platform] [hivemq-platform-operator] [c3519be0] 17:05:22.326 [main] DEBUG org.jboss.logging - Logging Provider: org.jboss.logging.Slf4jLoggerProvider
2025-01-27 17:05:22,458 INFO c.h.h.t.HelmChartContainer - [hivemq-test-hivemq-platform] [hivemq-platform-operator] [c3519be0] 17:05:22.456 [main] DEBUG io.smallrye.config - SRCFG01006: Loaded ConfigSource SysPropConfigSource with ordinal 400
2025-01-27 17:05:22,459 INFO c.h.h.t.HelmChartContainer - [hivemq-test-hivemq-platform] [hivemq-platform-operator] [c3519be0] 17:05:22.456 [main] DEBUG io.smallrye.config - SRCFG01006: Loaded ConfigSource EnvConfigSource with ordinal 300
2025-01-27 17:05:22,459 INFO c.h.h.t.HelmChartContainer - [hivemq-test-hivemq-platform] [hivemq-platform-operator] [c3519be0] 17:05:22.456 [main] DEBUG io.smallrye.config - SRCFG01006: Loaded ConfigSource PropertiesConfigSource[source=jar:file:///opt/hivemq-platform-operator/bin/hivemq-platform-operator.jar!/hivemq-platform-operator.properties] with ordinal 100
2025-01-27 17:05:22,459 INFO c.h.h.t.HelmChartContainer - [hivemq-test-hivemq-platform] [hivemq-platform-operator] [c3519be0] 17:05:22.456 [main] DEBUG io.smallrye.config - SRCFG01006: Loaded ConfigSource DefaultValuesConfigSource with ordinal -2147483648
2025-01-27 17:05:22,555 INFO c.h.h.t.HelmChartContainer - [hivemq-test-hivemq-platform] [hivemq-platform-operator] [c3519be0] 17:05:22.554 [main] DEBUG i.m.c.u.i.l.InternalLoggerFactory - Using SLF4J as the default logging framework
2025-01-27 17:05:22,670 INFO c.h.h.t.HelmChartContainer - [hivemq-test-hivemq-platform] [hivemq-platform-operator] [c3519be0] 17:05:22.661 [main] INFO  c.h.p.o.HiveMQPlatformOperatorApplication - HiveMQ Platform Operator 1.7.0-SNAPSHOT (commit: bebf408 on branch: HEAD) built on Sun Jan 26 20:47:47 UTC 2025
2025-01-27 17:05:22,718 INFO c.h.h.t.HelmChartContainer - [hivemq-test-hivemq-platform] [hivemq-platform-operator] [c3519be0] 17:05:22.716 [main] INFO  c.h.p.o.HiveMQPlatformOperatorApplication - HiveMQ Platform Operator is running in namespace: helmcustomextensionit-operator
2025-01-27 17:05:22,719 INFO c.h.h.t.HelmChartContainer - [hivemq-test-hivemq-platform] [hivemq-platform-operator] [c3519be0] 17:05:22.717 [main] INFO  c.h.p.o.HiveMQPlatformOperatorApplication - Watching all namespaces
2025-01-27 17:05:22,720 INFO c.h.h.t.HelmChartContainer - [hivemq-test-hivemq-platform] [hivemq-platform-operator] [c3519be0] 17:05:22.717 [main] INFO  c.h.p.o.HiveMQPlatformOperatorApplication - Log level: DEBUG
2025-01-27 17:05:22,720 INFO c.h.h.t.HelmChartContainer - [hivemq-test-hivemq-platform] [hivemq-platform-operator] [c3519be0] 17:05:22.717 [main] INFO  c.h.p.o.HiveMQPlatformOperatorApplication - Release name: test-hivemq-platform-operator
2025-01-27 17:05:22,720 INFO c.h.h.t.HelmChartContainer - [hivemq-test-hivemq-platform] [hivemq-platform-operator] [c3519be0] 17:05:22.717 [main] INFO  c.h.p.o.HiveMQPlatformOperatorApplication - HiveMQ Platform Operator Init image: docker.io/hivemq/hivemq-platform-operator-init-test:snapshot
2025-01-27 17:05:22,720 INFO c.h.h.t.HelmChartContainer - [hivemq-test-hivemq-platform] [hivemq-platform-operator] [c3519be0] 17:05:22.717 [main] INFO  c.h.p.o.HiveMQPlatformOperatorApplication - HiveMQ Platform Operator Init App update URL: http://hivemq-platform-operator-test-hivemq-platform-operator.helmcustomextensionit-operator.svc:8080/initAppUpdate/hivemq-platform-operator-init-app-1.7.0-SNAPSHOT.jar
2025-01-27 17:05:22,720 INFO c.h.h.t.HelmChartContainer - [hivemq-test-hivemq-platform] [hivemq-platform-operator] [c3519be0] 17:05:22.717 [main] INFO  c.h.p.o.HiveMQPlatformOperatorApplication - Additional imagePullSecret for all Platform deployments: none
2025-01-27 17:05:22,720 INFO c.h.h.t.HelmChartContainer - [hivemq-test-hivemq-platform] [hivemq-platform-operator] [c3519be0] 17:05:22.717 [main] INFO  c.h.p.o.HiveMQPlatformOperatorApplication - Apply HiveMQ Platform CRD: true
2025-01-27 17:05:22,720 INFO c.h.h.t.HelmChartContainer - [hivemq-test-hivemq-platform] [hivemq-platform-operator] [c3519be0] 17:05:22.717 [main] INFO  c.h.p.o.HiveMQPlatformOperatorApplication - Create Platform ServiceAccount: true
2025-01-27 17:05:22,721 INFO c.h.h.t.HelmChartContainer - [hivemq-test-hivemq-platform] [hivemq-platform-operator] [c3519be0] 17:05:22.717 [main] INFO  c.h.p.o.HiveMQPlatformOperatorApplication - Create Platform ServiceAccount permissions: true
2025-01-27 17:05:22,721 INFO c.h.h.t.HelmChartContainer - [hivemq-test-hivemq-platform] [hivemq-platform-operator] [c3519be0] 17:05:22.717 [main] INFO  c.h.p.o.HiveMQPlatformOperatorApplication - Validate Platform ServiceAccount: true
2025-01-27 17:05:22,721 INFO c.h.h.t.HelmChartContainer - [hivemq-test-hivemq-platform] [hivemq-platform-operator] [c3519be0] 17:05:22.717 [main] INFO  c.h.p.o.HiveMQPlatformOperatorApplication - Validate Platform ServiceAccount permissions: true
2025-01-27 17:05:22,857 INFO c.h.h.t.HelmChartContainer - [hivemq-test-hivemq-platform] [hivemq-platform-operator] [c3519be0] 17:05:22.856 [main] INFO  c.h.platform.operator.util.CRDUtil - Verifying deployed HiveMQ Platform CRD...
2025-01-27 17:05:24,024 INFO c.h.h.t.HelmChartContainer - [K3S] [range_allocator.go:247] "Successfully synced" key="1d709a34904e"
2025-01-27 17:05:25,551 INFO c.h.h.t.HelmChartContainer - [hivemq-test-hivemq-platform] [hivemq-platform-operator] [c3519be0] 17:05:25.550 [main] DEBUG c.h.platform.operator.util.CRDUtil - HiveMQ Platform CRD version v1 is up to date
2025-01-27 17:05:25,551 INFO c.h.h.t.HelmChartContainer - [hivemq-test-hivemq-platform] [hivemq-platform-operator] [c3519be0] 17:05:25.550 [main] INFO  c.h.platform.operator.util.CRDUtil - HiveMQ Platform CRD is up to date (version: V1_6_0)
2025-01-27 17:05:25,551 INFO c.h.h.t.HelmChartContainer - [hivemq-test-hivemq-platform] [hivemq-platform-operator] [c3519be0] 17:05:25.550 [main] INFO  c.h.platform.operator.util.CRDUtil - Waiting 10000 ms for HiveMQ Platform CRD 'hivemq-platforms.hivemq.com' to become ready...
2025-01-27 17:05:25,826 INFO c.h.h.t.HelmChartContainer - [hivemq-test-hivemq-platform] [hivemq-platform-operator] [c3519be0] 17:05:25.825 [vert.x-eventloop-thread-1] DEBUG c.h.platform.operator.util.CRDUtil - Checking CRD condition 'NamesAccepted' (status: 'True')
2025-01-27 17:05:25,850 INFO c.h.h.t.HelmChartContainer - [hivemq-test-hivemq-platform] [hivemq-platform-operator] [c3519be0] 17:05:25.825 [vert.x-eventloop-thread-1] DEBUG c.h.platform.operator.util.CRDUtil - Checking CRD condition 'Established' (status: 'True')
2025-01-27 17:05:25,851 INFO c.h.h.t.HelmChartContainer - [hivemq-test-hivemq-platform] [hivemq-platform-operator] [c3519be0] 17:05:25.849 [main] INFO  c.h.platform.operator.util.CRDUtil - HiveMQ Platform CRD 'hivemq-platforms.hivemq.com' is ready
2025-01-27 17:05:25,962 INFO c.h.h.t.HelmChartContainer - [hivemq-test-hivemq-platform] [hivemq-platform-operator] [c3519be0] 17:05:25.960 [main] INFO  c.h.p.o.HiveMQPlatformReconciler - HiveMQ Platform Operator is starting...
2025-01-27 17:05:26,054 INFO c.h.h.t.HelmChartContainer - [hivemq-test-hivemq-platform] [hivemq-platform-operator] [c3519be0] 17:05:26.053 [main] WARN  Default ConfigurationService implementation - Configuration for reconciler 'hivemq-controller' was not found. Known reconcilers: None.
2025-01-27 17:05:26,118 INFO c.h.h.t.HelmChartContainer - [hivemq-test-hivemq-platform] [hivemq-platform-operator] [c3519be0] 17:05:26.117 [main] INFO  Default ConfigurationService implementation - Created configuration for reconciler com.hivemq.platform.operator.HiveMQPlatformReconciler with name hivemq-controller
2025-01-27 17:05:26,162 INFO c.h.h.t.HelmChartContainer - [hivemq-test-hivemq-platform] [hivemq-platform-operator] [c3519be0] 17:05:26.161 [main] DEBUG c.h.p.o.HiveMQPlatformReconciler - HiveMQ Platform Operator is preparing EventSources
2025-01-27 17:05:26,225 INFO c.h.h.t.HelmChartContainer - [hivemq-test-hivemq-platform] [hivemq-platform-operator] [c3519be0] 17:05:26.224 [main] INFO  i.javaoperatorsdk.operator.Operator - Registered reconciler: 'hivemq-controller' for resource: 'class com.hivemq.platform.operator.v1.HiveMQPlatform' for namespace(s): [all namespaces]
2025-01-27 17:05:26,770 INFO c.h.h.t.HelmChartContainer - [hivemq-test-hivemq-platform] [hivemq-platform-operator] [c3519be0] 17:05:26.769 [main] INFO  c.h.p.operator.webserver.JettyServer - Starting Jetty server on port 8080
2025-01-27 17:05:26,862 INFO c.h.h.t.HelmChartContainer - [hivemq-test-hivemq-platform] [hivemq-platform-operator] [c3519be0] 17:05:26.860 [main] INFO  i.javaoperatorsdk.operator.Operator - Operator SDK 4.9.7 (commit: 2133d28) built on Wed Nov 20 12:56:20 UTC 2024 starting...
2025-01-27 17:05:26,862 INFO c.h.h.t.HelmChartContainer - [hivemq-test-hivemq-platform] [hivemq-platform-operator] [c3519be0] 17:05:26.860 [main] INFO  i.javaoperatorsdk.operator.Operator - Client version: 6.13.4
2025-01-27 17:05:26,864 INFO c.h.h.t.HelmChartContainer - [hivemq-test-hivemq-platform] [hivemq-platform-operator] [c3519be0] 17:05:26.863 [Controller Starter for: hivemq-controller] INFO  i.j.operator.processing.Controller - Starting 'hivemq-controller' controller for reconciler: com.hivemq.platform.operator.HiveMQPlatformReconciler, resource: com.hivemq.platform.operator.v1.HiveMQPlatform
2025-01-27 17:05:29,452 INFO c.h.h.t.HelmChartContainer - [hivemq-test-hivemq-platform] [hivemq-platform-operator] [c3519be0] 17:05:29.451 [Controller Starter for: hivemq-controller] INFO  i.j.operator.processing.Controller - 'hivemq-controller' controller started
2025-01-27 17:05:29,453 INFO c.h.h.t.HelmChartContainer - [hivemq-test-hivemq-platform] [hivemq-platform-operator] [c3519be0] 17:05:29.451 [main] INFO  c.h.p.o.HiveMQPlatformOperatorApplication - HiveMQ Platform Operator 1.7.0-SNAPSHOT started in 6790 ms
2025-01-27 17:05:30,288 INFO c.h.h.t.HelmChartContainer - [POD] hivemq-test-hivemq-platform-operator-6966f96d65-brj87 [c3519be0-b3aa-4a26-9410-04b5b0f3a4c7] in helmcustomextensionit-operator was MODIFIED
2025-01-27 17:05:30,293 INFO c.h.h.t.HelmChartContainer - [K3S] [replica_set.go:679] "Finished syncing" kind="ReplicaSet" key="helmcustomextensionit-operator/hivemq-test-hivemq-platform-operator-6966f96d65" duration="13.536585ms"
2025-01-27 17:05:30,294 INFO c.h.h.t.HelmChartContainer - [K3S] [replica_set.go:679] "Finished syncing" kind="ReplicaSet" key="helmcustomextensionit-operator/hivemq-test-hivemq-platform-operator-6966f96d65" duration="43.141µs"
2025-01-27 17:05:31,355 DEBUG c.h.helmcharts.util.HiveMQExtension - Trying to package class 'org.slf4j.Logger' into extension 'hivemq-custom-test-extension'
2025-01-27 17:05:31,359 DEBUG c.h.helmcharts.util.HiveMQExtension - Trying to package class 'com.hivemq.extension.sdk.api.ExtensionMain' into extension 'hivemq-custom-test-extension'
2025-01-27 17:05:31,360 DEBUG c.h.helmcharts.util.HiveMQExtension - Trying to compile class '/home/runner/work/helm-charts/helm-charts/helm-charts/tests-hivemq-platform-operator/src/integrationTest/java/com/hivemq/helmcharts/extensions/custom/CustomTestExtensionMain.java' into extension 'hivemq-custom-test-extension'
2025-01-27 17:05:32,718 DEBUG c.h.helmcharts.util.HiveMQExtension - Trying to package class 'org.slf4j.LoggerFactory' into extension 'hivemq-custom-test-extension'
2025-01-27 17:05:32,772 INFO c.h.h.t.HelmChartContainer - [EVENT] Normal [ScalingReplicaSet] Scaled up replica set nginx-64db7956bf from 0 to 1 [helmcustomextensionit:nginx]
2025-01-27 17:05:32,785 INFO c.h.h.t.HelmChartContainer - [EVENT] Normal [SuccessfulCreate] Created pod: nginx-64db7956bf-txn9w [helmcustomextensionit:nginx-64db7956bf]
2025-01-27 17:05:32,786 INFO c.h.h.t.HelmChartContainer - [K3S] [replica_set.go:679] "Finished syncing" kind="ReplicaSet" key="helmcustomextensionit/nginx-64db7956bf" duration="10.304403ms"
2025-01-27 17:05:32,787 INFO c.h.h.t.HelmChartContainer - [POD] nginx-64db7956bf-txn9w [be0c620f-d9b1-46cc-b5fd-a15b03443c08] in helmcustomextensionit was ADDED
2025-01-27 17:05:32,797 INFO c.h.h.t.HelmChartContainer - [POD] nginx-64db7956bf-txn9w [be0c620f-d9b1-46cc-b5fd-a15b03443c08] in helmcustomextensionit was MODIFIED
2025-01-27 17:05:32,798 INFO c.h.h.t.HelmChartContainer - [K3S] [replica_set.go:679] "Finished syncing" kind="ReplicaSet" key="helmcustomextensionit/nginx-64db7956bf" duration="13.622341ms"
2025-01-27 17:05:32,801 INFO c.h.h.t.HelmChartContainer - [EVENT] Normal [Scheduled] Successfully assigned helmcustomextensionit/nginx-64db7956bf-txn9w to 1d709a34904e [helmcustomextensionit:nginx-64db7956bf-txn9w]
2025-01-27 17:05:32,802 INFO c.h.h.t.HelmChartContainer - [K3S] [replica_set.go:679] "Finished syncing" kind="ReplicaSet" key="helmcustomextensionit/nginx-64db7956bf" duration="3.277861ms"
2025-01-27 17:05:32,813 INFO c.h.h.t.HelmChartContainer - [K3S] [replica_set.go:679] "Finished syncing" kind="ReplicaSet" key="helmcustomextensionit/nginx-64db7956bf" duration="28.493µs"
2025-01-27 17:05:32,813 INFO c.h.h.t.HelmChartContainer - [POD] nginx-64db7956bf-txn9w [be0c620f-d9b1-46cc-b5fd-a15b03443c08] in helmcustomextensionit was MODIFIED
2025-01-27 17:05:32,816 INFO c.h.h.t.HelmChartContainer - [K3S] [alloc.go:330] "allocated clusterIPs" service="helmcustomextensionit/nginx-service" clusterIPs={"IPv4":"10.43.236.173"}
2025-01-27 17:05:32,881 INFO c.h.h.t.HelmChartContainer - [K3S] [reconciler_common.go:251] "operationExecutor.VerifyControllerAttachedVolume started for volume \"volume-hivemq-custom-test-extension-200\" (UniqueName: \"kubernetes.io/host-path/be0c620f-d9b1-46cc-b5fd-a15b03443c08-volume-hivemq-custom-test-extension-200\") pod \"nginx-64db7956bf-txn9w\" (UID: \"be0c620f-d9b1-46cc-b5fd-a15b03443c08\") " pod="helmcustomextensionit/nginx-64db7956bf-txn9w"
2025-01-27 17:05:32,881 INFO c.h.h.t.HelmChartContainer - [K3S] [reconciler_common.go:251] "operationExecutor.VerifyControllerAttachedVolume started for volume \"nginx-basic-auth-conf\" (UniqueName: \"kubernetes.io/host-path/be0c620f-d9b1-46cc-b5fd-a15b03443c08-nginx-basic-auth-conf\") pod \"nginx-64db7956bf-txn9w\" (UID: \"be0c620f-d9b1-46cc-b5fd-a15b03443c08\") " pod="helmcustomextensionit/nginx-64db7956bf-txn9w"
2025-01-27 17:05:32,881 INFO c.h.h.t.HelmChartContainer - [K3S] [reconciler_common.go:251] "operationExecutor.VerifyControllerAttachedVolume started for volume \"kube-api-access-mn6bx\" (UniqueName: \"kubernetes.io/projected/be0c620f-d9b1-46cc-b5fd-a15b03443c08-kube-api-access-mn6bx\") pod \"nginx-64db7956bf-txn9w\" (UID: \"be0c620f-d9b1-46cc-b5fd-a15b03443c08\") " pod="helmcustomextensionit/nginx-64db7956bf-txn9w"
2025-01-27 17:05:32,881 INFO c.h.h.t.HelmChartContainer - [K3S] [reconciler_common.go:251] "operationExecutor.VerifyControllerAttachedVolume started for volume \"nginx-htpasswd\" (UniqueName: \"kubernetes.io/host-path/be0c620f-d9b1-46cc-b5fd-a15b03443c08-nginx-htpasswd\") pod \"nginx-64db7956bf-txn9w\" (UID: \"be0c620f-d9b1-46cc-b5fd-a15b03443c08\") " pod="helmcustomextensionit/nginx-64db7956bf-txn9w"
2025-01-27 17:05:33,213 INFO c.h.h.t.HelmChartContainer - [EVENT] Normal [Pulling] Pulling image "nginx:1.27.3" [helmcustomextensionit:nginx-64db7956bf-txn9w]
2025-01-27 17:05:33,213 INFO c.h.h.t.HelmChartContainer - Received Pulling event for container nginx in pod nginx-64db7956bf-txn9w [be0c620f-d9b1-46cc-b5fd-a15b03443c08]
2025-01-27 17:05:37,170 INFO c.h.h.t.HelmChartContainer - [EVENT] Normal [Pulled] Successfully pulled image "nginx:1.27.3" in 3.957s (3.957s including waiting). Image size: 72080558 bytes. [helmcustomextensionit:nginx-64db7956bf-txn9w]
2025-01-27 17:05:37,170 INFO c.h.h.t.HelmChartContainer - Received Pulled event for container nginx in pod nginx-64db7956bf-txn9w [be0c620f-d9b1-46cc-b5fd-a15b03443c08]
2025-01-27 17:05:37,178 INFO c.h.h.t.HelmChartContainer - [EVENT] Normal [Created] Created container: nginx [helmcustomextensionit:nginx-64db7956bf-txn9w]
2025-01-27 17:05:37,178 INFO c.h.h.t.HelmChartContainer - Received Created event for container nginx in pod nginx-64db7956bf-txn9w [be0c620f-d9b1-46cc-b5fd-a15b03443c08]
2025-01-27 17:05:37,312 INFO c.h.h.t.HelmChartContainer - [POD] nginx-64db7956bf-txn9w [be0c620f-d9b1-46cc-b5fd-a15b03443c08] in helmcustomextensionit was MODIFIED
2025-01-27 17:05:37,324 INFO c.h.h.t.HelmChartContainer - [EVENT] Normal [Started] Started container nginx [helmcustomextensionit:nginx-64db7956bf-txn9w]
2025-01-27 17:05:37,324 INFO c.h.h.t.HelmChartContainer - Started log watcher for nginx in pod nginx-64db7956bf-txn9w [be0c620f-d9b1-46cc-b5fd-a15b03443c08]
2025-01-27 17:05:37,324 INFO c.h.h.t.HelmChartContainer - Received Started event for container nginx in pod nginx-64db7956bf-txn9w [be0c620f-d9b1-46cc-b5fd-a15b03443c08]
2025-01-27 17:05:37,325 INFO c.h.h.t.HelmChartContainer - [nginx-64db7956bf-txn] [nginx] [be0c620f] /docker-entrypoint.sh: /docker-entrypoint.d/ is not empty, will attempt to perform configuration
2025-01-27 17:05:37,325 INFO c.h.h.t.HelmChartContainer - [nginx-64db7956bf-txn] [nginx] [be0c620f] /docker-entrypoint.sh: Looking for shell scripts in /docker-entrypoint.d/
2025-01-27 17:05:37,325 INFO c.h.h.t.HelmChartContainer - [nginx-64db7956bf-txn] [nginx] [be0c620f] /docker-entrypoint.sh: Launching /docker-entrypoint.d/10-listen-on-ipv6-by-default.sh
2025-01-27 17:05:37,325 INFO c.h.h.t.HelmChartContainer - [nginx-64db7956bf-txn] [nginx] [be0c620f] 10-listen-on-ipv6-by-default.sh: info: IPv6 listen already enabled
2025-01-27 17:05:37,325 INFO c.h.h.t.HelmChartContainer - [nginx-64db7956bf-txn] [nginx] [be0c620f] /docker-entrypoint.sh: Sourcing /docker-entrypoint.d/15-local-resolvers.envsh
2025-01-27 17:05:37,325 INFO c.h.h.t.HelmChartContainer - [nginx-64db7956bf-txn] [nginx] [be0c620f] /docker-entrypoint.sh: Launching /docker-entrypoint.d/20-envsubst-on-templates.sh
2025-01-27 17:05:37,325 INFO c.h.h.t.HelmChartContainer - [nginx-64db7956bf-txn] [nginx] [be0c620f] /docker-entrypoint.sh: Launching /docker-entrypoint.d/30-tune-worker-processes.sh
2025-01-27 17:05:37,325 INFO c.h.h.t.HelmChartContainer - [nginx-64db7956bf-txn] [nginx] [be0c620f] /docker-entrypoint.sh: Configuration complete; ready for start up
2025-01-27 17:05:37,325 INFO c.h.h.t.HelmChartContainer - [nginx-64db7956bf-txn] [nginx] [be0c620f] 2025/01/27 17:05:37 [notice] 1#1: using the "epoll" event method
2025-01-27 17:05:37,325 INFO c.h.h.t.HelmChartContainer - [nginx-64db7956bf-txn] [nginx] [be0c620f] 2025/01/27 17:05:37 [notice] 1#1: nginx/1.27.3
2025-01-27 17:05:37,325 INFO c.h.h.t.HelmChartContainer - [nginx-64db7956bf-txn] [nginx] [be0c620f] 2025/01/27 17:05:37 [notice] 1#1: built by gcc 12.2.0 (Debian 12.2.0-14) 
2025-01-27 17:05:37,325 INFO c.h.h.t.HelmChartContainer - [nginx-64db7956bf-txn] [nginx] [be0c620f] 2025/01/27 17:05:37 [notice] 1#1: OS: Linux 6.8.0-1020-azure
2025-01-27 17:05:37,325 INFO c.h.h.t.HelmChartContainer - [nginx-64db7956bf-txn] [nginx] [be0c620f] 2025/01/27 17:05:37 [notice] 1#1: getrlimit(RLIMIT_NOFILE): 1048576:1048576
2025-01-27 17:05:37,325 INFO c.h.h.t.HelmChartContainer - [nginx-64db7956bf-txn] [nginx] [be0c620f] 2025/01/27 17:05:37 [notice] 1#1: start worker processes
2025-01-27 17:05:37,325 INFO c.h.h.t.HelmChartContainer - [nginx-64db7956bf-txn] [nginx] [be0c620f] 2025/01/27 17:05:37 [notice] 1#1: start worker process 22
2025-01-27 17:05:37,325 INFO c.h.h.t.HelmChartContainer - [nginx-64db7956bf-txn] [nginx] [be0c620f] 2025/01/27 17:05:37 [notice] 1#1: start worker process 23
2025-01-27 17:05:37,325 INFO c.h.h.t.HelmChartContainer - [nginx-64db7956bf-txn] [nginx] [be0c620f] 2025/01/27 17:05:37 [notice] 1#1: start worker process 24
2025-01-27 17:05:37,325 INFO c.h.h.t.HelmChartContainer - [nginx-64db7956bf-txn] [nginx] [be0c620f] 2025/01/27 17:05:37 [notice] 1#1: start worker process 25
2025-01-27 17:05:37,325 INFO c.h.h.t.HelmChartContainer - [K3S] [replica_set.go:679] "Finished syncing" kind="ReplicaSet" key="helmcustomextensionit/nginx-64db7956bf" duration="17.057646ms"
2025-01-27 17:05:37,325 INFO c.h.h.t.HelmChartContainer - [K3S] [replica_set.go:679] "Finished syncing" kind="ReplicaSet" key="helmcustomextensionit/nginx-64db7956bf" duration="31.889µs"
2025-01-27 17:05:38,866 INFO c.h.h.testcontainer.LogWaiterUtil - TEST Waiting for log pattern on 'test-hivemq-platform-0': .*Extension "HiveMQ Custom Test Extension" version 2.0.0 started successfully.
2025-01-27 17:05:38,925 DEBUG c.h.h.t.HelmChartContainer - Executing helm command: /bin/helm --kubeconfig /etc/rancher/k3s/k3s.yaml install test-hivemq-platform /charts/hivemq-platform --wait --timeout 5m0s --set image.repository=docker.io/hivemq --set image.tag=4.35.0 --set image.pullPolicy=Never --set nodes.resources.cpu=512m -f /files/custom-extension-values-with-request-headers-secret.yaml --namespace helmcustomextensionit
2025-01-27 17:05:39,185 INFO c.h.h.t.HelmChartContainer - [hivemq-test-hivemq-platform] [hivemq-platform-operator] [c3519be0] 17:05:39.184 [-373097727-pool-1-thread-5] WARN  i.m.p.PrometheusMeterRegistry - The meter (MeterId{name='operator.sdk.events.received', tags=[tag(action=ADDED),tag(event=ResourceEvent),tag(group=hivemq.com),tag(kind=HiveMQPlatform),tag(name=test-hivemq-platform),tag(namespace=helmcustomextensionit),tag(scope=namespace),tag(version=v1)]}) registration has failed: Prometheus requires that all meters with the same name have the same set of tag keys. There is already an existing meter named 'operator.sdk.events.received' containing tag keys [event, group, kind, name, namespace, scope, version]. The meter you are attempting to register has keys [action, event, group, kind, name, namespace, scope, version]. Note that subsequent logs will be logged at debug level.
2025-01-27 17:05:39,662 INFO c.h.h.t.HelmChartContainer - [hivemq-test-hivemq-platform] [hivemq-platform-operator] [c3519be0] 17:05:39.660 [pool-6-thread-3] DEBUG c.h.p.o.dependants.PodInfoConfigMap - [helmcust] Desired PodInfo ConfigMap (1 extensions) (1 enabled)
2025-01-27 17:05:39,663 INFO c.h.h.t.HelmChartContainer - [hivemq-test-hivemq-platform] [hivemq-platform-operator] [c3519be0] 17:05:39.661 [pool-6-thread-3] DEBUG c.h.p.o.dependants.PodInfoConfigMap - [helmcust] Desired PodInfo ConfigMap (metrics port: 9399) (metrics path: /)
2025-01-27 17:05:39,663 INFO c.h.h.t.HelmChartContainer - [hivemq-test-hivemq-platform] [hivemq-platform-operator] [c3519be0] 17:05:39.661 [pool-6-thread-3] DEBUG c.h.p.o.dependants.PodInfoConfigMap - [helmcust] Desired PodInfo ConfigMap (extension state hash: -521662792)
2025-01-27 17:05:39,664 INFO c.h.h.t.HelmChartContainer - [hivemq-test-hivemq-platform] [hivemq-platform-operator] [c3519be0] 17:05:39.663 [pool-6-thread-3] DEBUG c.h.p.o.dependants.PodInfoConfigMap - [helmcust] Create PodInfo ConfigMap
2025-01-27 17:05:39,818 INFO c.h.h.t.HelmChartContainer - [hivemq-test-hivemq-platform] [hivemq-platform-operator] [c3519be0] 17:05:39.816 [pool-6-thread-5] DEBUG c.h.p.o.dependants.PodRoleResource - [helmcust] Create Role: Role(apiVersion=rbac.authorization.k8s.io/v1, kind=Role, metadata=ObjectMeta(annotations={meta.helm.sh/release-name=test-hivemq-platform, meta.helm.sh/release-namespace=helmcustomextensionit}, creationTimestamp=null, deletionGracePeriodSeconds=null, deletionTimestamp=null, finalizers=[], generateName=null, generation=null, labels={helm.sh/chart=hivemq-platform-0.2.31, app.kubernetes.io/managed-by=Helm, app.kubernetes.io/name=hivemq-platform, hivemq-platform=test-hivemq-platform, app.kubernetes.io/instance=test-hivemq-platform, app.kubernetes.io/version=4.35.0}, managedFields=[], name=hivemq-platform-role-test-hivemq-platform, namespace=helmcustomextensionit, ownerReferences=[OwnerReference(apiVersion=hivemq.com/v1, blockOwnerDeletion=null, controller=null, kind=HiveMQPlatform, name=test-hivemq-platform, uid=d656ebd3-812e-4423-9669-1431a93cf35b, additionalProperties={})], resourceVersion=null, selfLink=null, uid=null, additionalProperties={}), rules=[PolicyRule(apiGroups=[], nonResourceURLs=[], resourceNames=[], resources=[pods], verbs=[get, patch, update], additionalProperties={})], additionalProperties={})
2025-01-27 17:05:39,961 INFO c.h.h.t.HelmChartContainer - [hivemq-test-hivemq-platform] [hivemq-platform-operator] [c3519be0] 17:05:39.959 [pool-6-thread-7] DEBUG c.h.p.o.d.PodServiceAccountResource - [helmcust] Desired PodServiceAccountResource (serviceAccountName: hivemq-platform-pod-test-hivemq-platform)
2025-01-27 17:05:39,962 INFO c.h.h.t.HelmChartContainer - [hivemq-test-hivemq-platform] [hivemq-platform-operator] [c3519be0] 17:05:39.960 [pool-6-thread-7] DEBUG c.h.p.o.d.PodServiceAccountResource - [helmcust] Create ServiceAccount 'hivemq-platform-pod-test-hivemq-platform'
2025-01-27 17:05:40,152 INFO c.h.h.t.HelmChartContainer - [hivemq-test-hivemq-platform] [hivemq-platform-operator] [c3519be0] 17:05:40.150 [pool-6-thread-9] DEBUG c.h.p.o.d.PodRoleBindingResource - [helmcust] Create RoleBinding: RoleBinding(apiVersion=rbac.authorization.k8s.io/v1, kind=RoleBinding, metadata=ObjectMeta(annotations={meta.helm.sh/release-name=test-hivemq-platform, meta.helm.sh/release-namespace=helmcustomextensionit}, creationTimestamp=null, deletionGracePeriodSeconds=null, deletionTimestamp=null, finalizers=[], generateName=null, generation=null, labels={helm.sh/chart=hivemq-platform-0.2.31, app.kubernetes.io/managed-by=Helm, app.kubernetes.io/name=hivemq-platform, hivemq-platform=test-hivemq-platform, app.kubernetes.io/instance=test-hivemq-platform, app.kubernetes.io/version=4.35.0}, managedFields=[], name=hivemq-platform-role-binding-test-hivemq-platform, namespace=helmcustomextensionit, ownerReferences=[OwnerReference(apiVersion=hivemq.com/v1, blockOwnerDeletion=null, controller=null, kind=HiveMQPlatform, name=test-hivemq-platform, uid=d656ebd3-812e-4423-9669-1431a93cf35b, additionalProperties={})], resourceVersion=null, selfLink=null, uid=null, additionalProperties={}), roleRef=RoleRef(apiGroup=rbac.authorization.k8s.io, kind=Role, name=hivemq-platform-role-test-hivemq-platform, additionalProperties={}), subjects=[Subject(apiGroup=null, kind=ServiceAccount, name=hivemq-platform-pod-test-hivemq-platform, namespace=helmcustomextensionit, additionalProperties={})], additionalProperties={})
2025-01-27 17:05:40,221 INFO c.h.h.t.HelmChartContainer - [hivemq-test-hivemq-platform] [hivemq-platform-operator] [c3519be0] 17:05:40.220 [ReconcilerExecutor-hivemq-controller-54] INFO  c.h.p.o.HiveMQPlatformReconciler - [helmcust] Reconciling HiveMQ Platform 'test-hivemq-platform' in namespace 'helmcustomextensionit'
2025-01-27 17:05:40,221 INFO c.h.h.t.HelmChartContainer - [hivemq-test-hivemq-platform] [hivemq-platform-operator] [c3519be0] 17:05:40.220 [ReconcilerExecutor-hivemq-controller-54] DEBUG c.h.p.o.HiveMQPlatformReconciler - [helmcust] Custom Resource Status CREATED - HiveMQ Platform was created (READY)
2025-01-27 17:05:40,221 INFO c.h.h.t.HelmChartContainer - [hivemq-test-hivemq-platform] [hivemq-platform-operator] [c3519be0] 17:05:40.220 [ReconcilerExecutor-hivemq-controller-54] DEBUG c.h.p.o.HiveMQPlatformReconciler - [helmcust] Custom Resource Spec (replicas: 1) (extensions: 1)
2025-01-27 17:05:40,253 INFO c.h.h.t.HelmChartContainer - [hivemq-test-hivemq-platform] [hivemq-platform-operator] [c3519be0] 17:05:40.252 [ReconcilerExecutor-hivemq-controller-54] INFO  c.h.p.o.h.HiveMQPlatformReconcilerBaseHandler - [helmcust] HiveMQ Platform is starting
2025-01-27 17:05:40,418 INFO c.h.h.t.HelmChartContainer - [hivemq-test-hivemq-platform] [hivemq-platform-operator] [c3519be0] 17:05:40.416 [ReconcilerExecutor-hivemq-controller-54] DEBUG c.h.p.operator.event.EventSender - [helmcust] Creating K8s event hivemq-platform-starting: [Start] HiveMQ Platform is starting
2025-01-27 17:05:40,425 INFO c.h.h.t.HelmChartContainer - [EVENT] Normal [Start] HiveMQ Platform is starting [helmcustomextensionit:test-hivemq-platform]
2025-01-27 17:05:40,454 INFO c.h.h.t.HelmChartContainer - [hivemq-test-hivemq-platform] [hivemq-platform-operator] [c3519be0] 17:05:40.452 [ReconcilerExecutor-hivemq-controller-54] INFO  c.h.p.o.h.AbstractHiveMQReconcilerStateHandler - [helmcust] Update HiveMQ Platform Status (CREATED [READY] -> STARTING [READY]): HiveMQ Platform is starting
2025-01-27 17:05:40,466 DEBUG com.hivemq.helmcharts.util.K8sUtil - Comparing actual state 'STARTING' and waiting for 'RUNNING'
2025-01-27 17:05:50,527 INFO c.h.h.t.HelmChartContainer - [hivemq-test-hivemq-platform] [hivemq-platform-operator] [c3519be0] 17:05:50.524 [pool-6-thread-12] DEBUG c.h.p.o.d.PlatformServiceResource - [helmcust] Desired Platform services (3 services)
2025-01-27 17:05:50,530 INFO c.h.h.t.HelmChartContainer - [hivemq-test-hivemq-platform] [hivemq-platform-operator] [c3519be0] 17:05:50.526 [pool-6-thread-13] DEBUG c.h.p.o.dependants.PodInfoConfigMap - [helmcust] Desired PodInfo ConfigMap (1 extensions) (1 enabled)
2025-01-27 17:05:50,530 INFO c.h.h.t.HelmChartContainer - [hivemq-test-hivemq-platform] [hivemq-platform-operator] [c3519be0] 17:05:50.526 [pool-6-thread-13] DEBUG c.h.p.o.dependants.PodInfoConfigMap - [helmcust] Desired PodInfo ConfigMap (metrics port: 9399) (metrics path: /)
2025-01-27 17:05:50,530 INFO c.h.h.t.HelmChartContainer - [hivemq-test-hivemq-platform] [hivemq-platform-operator] [c3519be0] 17:05:50.526 [pool-6-thread-13] DEBUG c.h.p.o.dependants.PodInfoConfigMap - [helmcust] Desired PodInfo ConfigMap (extension state hash: -521662792)
2025-01-27 17:05:50,531 INFO c.h.h.t.HelmChartContainer - [hivemq-test-hivemq-platform] [hivemq-platform-operator] [c3519be0] 17:05:50.530 [pool-6-thread-17] DEBUG c.h.p.o.d.PodServiceAccountResource - [helmcust] Desired PodServiceAccountResource (serviceAccountName: hivemq-platform-pod-test-hivemq-platform)
2025-01-27 17:05:50,538 INFO c.h.h.t.HelmChartContainer - [hivemq-test-hivemq-platform] [hivemq-platform-operator] [c3519be0] 17:05:50.537 [pool-6-thread-13] DEBUG c.h.p.o.dependants.PodInfoConfigMap - [helmcust] Update PodInfo ConfigMap
2025-01-27 17:05:50,634 INFO c.h.h.t.HelmChartContainer - [K3S] [alloc.go:330] "allocated clusterIPs" service="helmcustomextensionit/hivemq-test-hivemq-platform-cc-8080" clusterIPs={"IPv4":"10.43.200.194"}
2025-01-27 17:05:50,726 INFO c.h.h.t.HelmChartContainer - [K3S] [alloc.go:330] "allocated clusterIPs" service="helmcustomextensionit/hivemq-test-hivemq-platform-mqtt-1883" clusterIPs={"IPv4":"10.43.247.230"}
2025-01-27 17:05:50,737 INFO c.h.h.t.HelmChartContainer - [K3S] [alloc.go:330] "allocated clusterIPs" service="helmcustomextensionit/hivemq-test-hivemq-platform-metrics-9399" clusterIPs={"IPv4":"10.43.61.132"}
2025-01-27 17:05:50,818 INFO c.h.h.t.HelmChartContainer - [hivemq-test-hivemq-platform] [hivemq-platform-operator] [c3519be0] 17:05:50.817 [pool-6-thread-20] DEBUG c.h.p.o.d.StatefulSetResource - [helmcust] Desired StatefulSet (1 replicas) for status STARTING (READY)
2025-01-27 17:05:50,831 INFO c.h.h.t.HelmChartContainer - [hivemq-test-hivemq-platform] [hivemq-platform-operator] [c3519be0] 17:05:50.830 [pool-6-thread-20] DEBUG c.h.p.o.d.StatefulSetResource - [helmcust] Create StatefulSet
2025-01-27 17:05:50,938 INFO c.h.h.t.HelmChartContainer - [hivemq-test-hivemq-platform] [hivemq-platform-operator] [c3519be0] 17:05:50.934 [ReconcilerExecutor-hivemq-controller-65] INFO  c.h.p.o.HiveMQPlatformReconciler - [helmcust] Reconciling HiveMQ Platform 'test-hivemq-platform' in namespace 'helmcustomextensionit'
2025-01-27 17:05:50,938 INFO c.h.h.t.HelmChartContainer - [hivemq-test-hivemq-platform] [hivemq-platform-operator] [c3519be0] 17:05:50.935 [ReconcilerExecutor-hivemq-controller-65] DEBUG c.h.p.o.HiveMQPlatformReconciler - [helmcust] Custom Resource Status STARTING - HiveMQ Platform is starting (READY)
2025-01-27 17:05:50,939 INFO c.h.h.t.HelmChartContainer - [hivemq-test-hivemq-platform] [hivemq-platform-operator] [c3519be0] 17:05:50.935 [ReconcilerExecutor-hivemq-controller-65] DEBUG c.h.p.o.HiveMQPlatformReconciler - [helmcust] Custom Resource Spec (replicas: 1) (extensions: 1)
2025-01-27 17:05:50,950 INFO c.h.h.t.HelmChartContainer - [POD] test-hivemq-platform-0 [ccb6c94b-4319-4de2-9f7f-f4f6c81420b0] in helmcustomextensionit was ADDED
2025-01-27 17:05:50,956 INFO c.h.h.t.HelmChartContainer - [POD] test-hivemq-platform-0 [ccb6c94b-4319-4de2-9f7f-f4f6c81420b0] in helmcustomextensionit was MODIFIED
2025-01-27 17:05:50,957 INFO c.h.h.t.HelmChartContainer - [EVENT] Normal [SuccessfulCreate] create Pod test-hivemq-platform-0 in StatefulSet test-hivemq-platform successful [helmcustomextensionit:test-hivemq-platform]
2025-01-27 17:05:50,960 INFO c.h.h.t.HelmChartContainer - [EVENT] Normal [Scheduled] Successfully assigned helmcustomextensionit/test-hivemq-platform-0 to 1d709a34904e [helmcustomextensionit:test-hivemq-platform-0]
2025-01-27 17:05:50,969 INFO c.h.h.t.HelmChartContainer - [POD] test-hivemq-platform-0 [ccb6c94b-4319-4de2-9f7f-f4f6c81420b0] in helmcustomextensionit was MODIFIED
2025-01-27 17:05:50,985 INFO c.h.h.t.HelmChartContainer - [K3S] [reconciler_common.go:251] "operationExecutor.VerifyControllerAttachedVolume started for volume \"broker-configuration\" (UniqueName: \"kubernetes.io/configmap/ccb6c94b-4319-4de2-9f7f-f4f6c81420b0-broker-configuration\") pod \"test-hivemq-platform-0\" (UID: \"ccb6c94b-4319-4de2-9f7f-f4f6c81420b0\") " pod="helmcustomextensionit/test-hivemq-platform-0"
2025-01-27 17:05:50,985 INFO c.h.h.t.HelmChartContainer - [K3S] [reconciler_common.go:251] "operationExecutor.VerifyControllerAttachedVolume started for volume \"pod-info\" (UniqueName: \"kubernetes.io/configmap/ccb6c94b-4319-4de2-9f7f-f4f6c81420b0-pod-info\") pod \"test-hivemq-platform-0\" (UID: \"ccb6c94b-4319-4de2-9f7f-f4f6c81420b0\") " pod="helmcustomextensionit/test-hivemq-platform-0"
2025-01-27 17:05:50,985 INFO c.h.h.t.HelmChartContainer - [K3S] [reconciler_common.go:251] "operationExecutor.VerifyControllerAttachedVolume started for volume \"kube-api-access-m545v\" (UniqueName: \"kubernetes.io/projected/ccb6c94b-4319-4de2-9f7f-f4f6c81420b0-kube-api-access-m545v\") pod \"test-hivemq-platform-0\" (UID: \"ccb6c94b-4319-4de2-9f7f-f4f6c81420b0\") " pod="helmcustomextensionit/test-hivemq-platform-0"
2025-01-27 17:05:50,986 INFO c.h.h.t.HelmChartContainer - [K3S] [reconciler_common.go:251] "operationExecutor.VerifyControllerAttachedVolume started for volume \"extension-request-header-custom-extension-auth-secret\" (UniqueName: \"kubernetes.io/secret/ccb6c94b-4319-4de2-9f7f-f4f6c81420b0-extension-request-header-custom-extension-auth-secret\") pod \"test-hivemq-platform-0\" (UID: \"ccb6c94b-4319-4de2-9f7f-f4f6c81420b0\") " pod="helmcustomextensionit/test-hivemq-platform-0"
2025-01-27 17:05:50,986 INFO c.h.h.t.HelmChartContainer - [K3S] [reconciler_common.go:251] "operationExecutor.VerifyControllerAttachedVolume started for volume \"operator-init\" (UniqueName: \"kubernetes.io/empty-dir/ccb6c94b-4319-4de2-9f7f-f4f6c81420b0-operator-init\") pod \"test-hivemq-platform-0\" (UID: \"ccb6c94b-4319-4de2-9f7f-f4f6c81420b0\") " pod="helmcustomextensionit/test-hivemq-platform-0"
2025-01-27 17:05:51,023 INFO c.h.h.t.HelmChartContainer - [hivemq-test-hivemq-platform] [hivemq-platform-operator] [c3519be0] 17:05:51.020 [ReconcilerExecutor-hivemq-controller-65] DEBUG c.h.p.o.HiveMQPlatformReconciler - [helmcust] StatefulSet Status (revision: null, replicas: 0, available: 0, ready: 0, current: 0, updated: 0)
2025-01-27 17:05:51,025 INFO c.h.h.t.HelmChartContainer - [hivemq-test-hivemq-platform] [hivemq-platform-operator] [c3519be0] 17:05:51.020 [ReconcilerExecutor-hivemq-controller-65] DEBUG c.h.p.o.HiveMQPlatformReconciler - [helmcust] StatefulSet Spec (replicas: 1, init containers: 1, containers: 1, volumes: 4)
2025-01-27 17:05:51,026 INFO c.h.h.t.HelmChartContainer - [hivemq-test-hivemq-platform] [hivemq-platform-operator] [c3519be0] 17:05:51.023 [ReconcilerExecutor-hivemq-controller-65] INFO  c.h.p.o.h.HiveMQPlatformReconcilerBaseHandler - [helmcust] HiveMQ Platform is starting, 0 of 1 replicas are ready
2025-01-27 17:05:51,029 INFO c.h.h.t.HelmChartContainer - [hivemq-test-hivemq-platform] [hivemq-platform-operator] [c3519be0] 17:05:51.027 [pool-6-thread-22] DEBUG c.h.p.o.d.PlatformServiceResource - [helmcust] Desired Platform services (3 services)
2025-01-27 17:05:51,031 INFO c.h.h.t.HelmChartContainer - [hivemq-test-hivemq-platform] [hivemq-platform-operator] [c3519be0] 17:05:51.030 [pool-6-thread-23] DEBUG c.h.p.o.dependants.PodInfoConfigMap - [helmcust] Desired PodInfo ConfigMap (1 extensions) (1 enabled)
2025-01-27 17:05:51,032 INFO c.h.h.t.HelmChartContainer - [hivemq-test-hivemq-platform] [hivemq-platform-operator] [c3519be0] 17:05:51.031 [pool-6-thread-23] DEBUG c.h.p.o.dependants.PodInfoConfigMap - [helmcust] Desired PodInfo ConfigMap (metrics port: 9399) (metrics path: /)
2025-01-27 17:05:51,033 INFO c.h.h.t.HelmChartContainer - [hivemq-test-hivemq-platform] [hivemq-platform-operator] [c3519be0] 17:05:51.031 [pool-6-thread-23] DEBUG c.h.p.o.dependants.PodInfoConfigMap - [helmcust] Desired PodInfo ConfigMap (extension state hash: -521662792)
2025-01-27 17:05:51,119 INFO c.h.h.t.HelmChartContainer - [hivemq-test-hivemq-platform] [hivemq-platform-operator] [c3519be0] 17:05:51.117 [pool-6-thread-27] DEBUG c.h.p.o.d.PodServiceAccountResource - [helmcust] Desired PodServiceAccountResource (serviceAccountName: hivemq-platform-pod-test-hivemq-platform)
2025-01-27 17:05:51,125 INFO c.h.h.t.HelmChartContainer - [hivemq-test-hivemq-platform] [hivemq-platform-operator] [c3519be0] 17:05:51.124 [pool-6-thread-30] DEBUG c.h.p.o.d.StatefulSetResource - [helmcust] Desired StatefulSet (1 replicas) for status STARTING (READY)
2025-01-27 17:05:51,219 INFO c.h.h.t.HelmChartContainer - [hivemq-test-hivemq-platform] [hivemq-platform-operator] [c3519be0] 17:05:51.217 [ReconcilerExecutor-hivemq-controller-76] INFO  c.h.p.o.HiveMQPlatformReconciler - [helmcust] Reconciling HiveMQ Platform 'test-hivemq-platform' in namespace 'helmcustomextensionit'
2025-01-27 17:05:51,221 INFO c.h.h.t.HelmChartContainer - [hivemq-test-hivemq-platform] [hivemq-platform-operator] [c3519be0] 17:05:51.217 [ReconcilerExecutor-hivemq-controller-76] DEBUG c.h.p.o.HiveMQPlatformReconciler - [helmcust] Custom Resource Status STARTING - HiveMQ Platform is starting (READY)
2025-01-27 17:05:51,223 INFO c.h.h.t.HelmChartContainer - [hivemq-test-hivemq-platform] [hivemq-platform-operator] [c3519be0] 17:05:51.218 [ReconcilerExecutor-hivemq-controller-76] DEBUG c.h.p.o.HiveMQPlatformReconciler - [helmcust] Custom Resource Spec (replicas: 1) (extensions: 1)
2025-01-27 17:05:51,224 INFO c.h.h.t.HelmChartContainer - [hivemq-test-hivemq-platform] [hivemq-platform-operator] [c3519be0] 17:05:51.221 [ReconcilerExecutor-hivemq-controller-76] DEBUG c.h.p.o.HiveMQPlatformReconciler - [helmcust] StatefulSet Status (revision: test-hivemq-platform-7b9f859fc6, replicas: 1, available: 0, ready: 0, current: 1, updated: 1)
2025-01-27 17:05:51,224 INFO c.h.h.t.HelmChartContainer - [hivemq-test-hivemq-platform] [hivemq-platform-operator] [c3519be0] 17:05:51.221 [ReconcilerExecutor-hivemq-controller-76] DEBUG c.h.p.o.HiveMQPlatformReconciler - [helmcust] StatefulSet Spec (replicas: 1, init containers: 1, containers: 1, volumes: 4)
2025-01-27 17:05:51,235 INFO c.h.h.t.HelmChartContainer - [hivemq-test-hivemq-platform] [hivemq-platform-operator] [c3519be0] 17:05:51.234 [ReconcilerExecutor-hivemq-controller-76] DEBUG c.h.p.o.h.HiveMQPlatformReconcilerErrorHandler - [helmcust] Pod 'test-hivemq-platform-0' phase Pending
2025-01-27 17:05:51,236 INFO c.h.h.t.HelmChartContainer - [hivemq-test-hivemq-platform] [hivemq-platform-operator] [c3519be0] 17:05:51.235 [ReconcilerExecutor-hivemq-controller-76] DEBUG c.h.p.o.h.HiveMQPlatformReconcilerErrorHandler - [helmcust] Pod 'test-hivemq-platform-0' condition 'PodReadyToStartContainers': False
2025-01-27 17:05:51,237 INFO c.h.h.t.HelmChartContainer - [hivemq-test-hivemq-platform] [hivemq-platform-operator] [c3519be0] 17:05:51.235 [ReconcilerExecutor-hivemq-controller-76] DEBUG c.h.p.o.h.HiveMQPlatformReconcilerErrorHandler - [helmcust] Pod 'test-hivemq-platform-0' condition 'Initialized': False
2025-01-27 17:05:51,237 INFO c.h.h.t.HelmChartContainer - [hivemq-test-hivemq-platform] [hivemq-platform-operator] [c3519be0] 17:05:51.235 [ReconcilerExecutor-hivemq-controller-76] DEBUG c.h.p.o.h.HiveMQPlatformReconcilerErrorHandler - [helmcust] Pod 'test-hivemq-platform-0' condition 'Ready': False
2025-01-27 17:05:51,237 INFO c.h.h.t.HelmChartContainer - [hivemq-test-hivemq-platform] [hivemq-platform-operator] [c3519be0] 17:05:51.235 [ReconcilerExecutor-hivemq-controller-76] DEBUG c.h.p.o.h.HiveMQPlatformReconcilerErrorHandler - [helmcust] Pod 'test-hivemq-platform-0' condition 'ContainersReady': False
2025-01-27 17:05:51,237 INFO c.h.h.t.HelmChartContainer - [hivemq-test-hivemq-platform] [hivemq-platform-operator] [c3519be0] 17:05:51.235 [ReconcilerExecutor-hivemq-controller-76] DEBUG c.h.p.o.h.HiveMQPlatformReconcilerErrorHandler - [helmcust] Pod 'test-hivemq-platform-0' condition 'PodScheduled': True
2025-01-27 17:05:51,238 INFO c.h.h.t.HelmChartContainer - [hivemq-test-hivemq-platform] [hivemq-platform-operator] [c3519be0] 17:05:51.235 [ReconcilerExecutor-hivemq-controller-76] DEBUG c.h.p.o.h.HiveMQPlatformReconcilerErrorHandler - [helmcust] Pod 'test-hivemq-platform-0' containerStatus 'hivemq' (started: false) (ready: false) (waiting: [PodInitializing] null)
2025-01-27 17:05:51,321 INFO c.h.h.t.HelmChartContainer - [hivemq-test-hivemq-platform] [hivemq-platform-operator] [c3519be0] 17:05:51.318 [ReconcilerExecutor-hivemq-controller-76] INFO  c.h.p.o.h.HiveMQPlatformReconcilerBaseHandler - [helmcust] HiveMQ Platform is starting, 0 of 1 replicas are ready
2025-01-27 17:05:51,326 INFO c.h.h.t.HelmChartContainer - [hivemq-test-hivemq-platform] [hivemq-platform-operator] [c3519be0] 17:05:51.324 [pool-6-thread-32] DEBUG c.h.p.o.d.PlatformServiceResource - [helmcust] Desired Platform services (3 services)
2025-01-27 17:05:51,330 INFO c.h.h.t.HelmChartContainer - [hivemq-test-hivemq-platform] [hivemq-platform-operator] [c3519be0] 17:05:51.327 [pool-6-thread-33] DEBUG c.h.p.o.dependants.PodInfoConfigMap - [helmcust] Desired PodInfo ConfigMap (1 extensions) (1 enabled)
2025-01-27 17:05:51,330 INFO c.h.h.t.HelmChartContainer - [hivemq-test-hivemq-platform] [hivemq-platform-operator] [c3519be0] 17:05:51.329 [pool-6-thread-33] DEBUG c.h.p.o.dependants.PodInfoConfigMap - [helmcust] Desired PodInfo ConfigMap (metrics port: 9399) (metrics path: /)
2025-01-27 17:05:51,330 INFO c.h.h.t.HelmChartContainer - [hivemq-test-hivemq-platform] [hivemq-platform-operator] [c3519be0] 17:05:51.329 [pool-6-thread-33] DEBUG c.h.p.o.dependants.PodInfoConfigMap - [helmcust] Desired PodInfo ConfigMap (extension state hash: -521662792)
2025-01-27 17:05:51,335 INFO c.h.h.t.HelmChartContainer - [hivemq-test-hivemq-platform] [hivemq-platform-operator] [c3519be0] 17:05:51.334 [pool-6-thread-37] DEBUG c.h.p.o.d.PodServiceAccountResource - [helmcust] Desired PodServiceAccountResource (serviceAccountName: hivemq-platform-pod-test-hivemq-platform)
2025-01-27 17:05:51,367 INFO c.h.h.t.HelmChartContainer - [EVENT] Normal [Pulled] Container image "docker.io/hivemq/hivemq-platform-operator-init-test:snapshot" already present on machine [helmcustomextensionit:test-hivemq-platform-0]
2025-01-27 17:05:51,377 INFO c.h.h.t.HelmChartContainer - [EVENT] Normal [Created] Created container: hivemq-platform-operator-init [helmcustomextensionit:test-hivemq-platform-0]
2025-01-27 17:05:51,422 INFO c.h.h.t.HelmChartContainer - [hivemq-test-hivemq-platform] [hivemq-platform-operator] [c3519be0] 17:05:51.419 [pool-6-thread-40] DEBUG c.h.p.o.d.StatefulSetResource - [helmcust] Desired StatefulSet (1 replicas) for status STARTING (READY)
2025-01-27 17:05:51,427 INFO c.h.h.t.HelmChartContainer - [hivemq-test-hivemq-platform] [hivemq-platform-operator] [c3519be0] 17:05:51.425 [ReconcilerExecutor-hivemq-controller-87] INFO  c.h.p.o.HiveMQPlatformReconciler - [helmcust] Reconciling HiveMQ Platform 'test-hivemq-platform' in namespace 'helmcustomextensionit'
2025-01-27 17:05:51,428 INFO c.h.h.t.HelmChartContainer - [hivemq-test-hivemq-platform] [hivemq-platform-operator] [c3519be0] 17:05:51.426 [ReconcilerExecutor-hivemq-controller-87] DEBUG c.h.p.o.HiveMQPlatformReconciler - [helmcust] Custom Resource Status STARTING - HiveMQ Platform is starting (READY)
2025-01-27 17:05:51,434 INFO c.h.h.t.HelmChartContainer - [hivemq-test-hivemq-platform] [hivemq-platform-operator] [c3519be0] 17:05:51.426 [ReconcilerExecutor-hivemq-controller-87] DEBUG c.h.p.o.HiveMQPlatformReconciler - [helmcust] Custom Resource Spec (replicas: 1) (extensions: 1)
2025-01-27 17:05:51,435 INFO c.h.h.t.HelmChartContainer - [hivemq-test-hivemq-platform] [hivemq-platform-operator] [c3519be0] 17:05:51.431 [ReconcilerExecutor-hivemq-controller-87] DEBUG c.h.p.o.HiveMQPlatformReconciler - [helmcust] StatefulSet Status (revision: test-hivemq-platform-7b9f859fc6, replicas: 1, available: 0, ready: 0, current: 1, updated: 1)
2025-01-27 17:05:51,436 INFO c.h.h.t.HelmChartContainer - [EVENT] Normal [Started] Started container hivemq-platform-operator-init [helmcustomextensionit:test-hivemq-platform-0]
2025-01-27 17:05:51,436 INFO c.h.h.t.HelmChartContainer - [hivemq-test-hivemq-platform] [hivemq-platform-operator] [c3519be0] 17:05:51.431 [ReconcilerExecutor-hivemq-controller-87] DEBUG c.h.p.o.HiveMQPlatformReconciler - [helmcust] StatefulSet Spec (replicas: 1, init containers: 1, containers: 1, volumes: 4)
2025-01-27 17:05:51,436 INFO c.h.h.t.HelmChartContainer - [hivemq-test-hivemq-platform] [hivemq-platform-operator] [c3519be0] 17:05:51.433 [ReconcilerExecutor-hivemq-controller-87] DEBUG c.h.p.o.h.HiveMQPlatformReconcilerErrorHandler - [helmcust] Pod 'test-hivemq-platform-0' phase Pending
2025-01-27 17:05:51,436 INFO c.h.h.t.HelmChartContainer - [hivemq-test-hivemq-platform] [hivemq-platform-operator] [c3519be0] 17:05:51.433 [ReconcilerExecutor-hivemq-controller-87] DEBUG c.h.p.o.h.HiveMQPlatformReconcilerErrorHandler - [helmcust] Pod 'test-hivemq-platform-0' condition 'PodReadyToStartContainers': False
2025-01-27 17:05:51,436 INFO c.h.h.t.HelmChartContainer - [hivemq-test-hivemq-platform] [hivemq-platform-operator] [c3519be0] 17:05:51.433 [ReconcilerExecutor-hivemq-controller-87] DEBUG c.h.p.o.h.HiveMQPlatformReconcilerErrorHandler - [helmcust] Pod 'test-hivemq-platform-0' condition 'Initialized': False
2025-01-27 17:05:51,436 INFO c.h.h.t.HelmChartContainer - [hivemq-test-hivemq-platform] [hivemq-platform-operator] [c3519be0] 17:05:51.433 [ReconcilerExecutor-hivemq-controller-87] DEBUG c.h.p.o.h.HiveMQPlatformReconcilerErrorHandler - [helmcust] Pod 'test-hivemq-platform-0' condition 'Ready': False
2025-01-27 17:05:51,436 INFO c.h.h.t.HelmChartContainer - [hivemq-test-hivemq-platform] [hivemq-platform-operator] [c3519be0] 17:05:51.433 [ReconcilerExecutor-hivemq-controller-87] DEBUG c.h.p.o.h.HiveMQPlatformReconcilerErrorHandler - [helmcust] Pod 'test-hivemq-platform-0' condition 'ContainersReady': False
2025-01-27 17:05:51,437 INFO c.h.h.t.HelmChartContainer - [hivemq-test-hivemq-platform] [hivemq-platform-operator] [c3519be0] 17:05:51.433 [ReconcilerExecutor-hivemq-controller-87] DEBUG c.h.p.o.h.HiveMQPlatformReconcilerErrorHandler - [helmcust] Pod 'test-hivemq-platform-0' condition 'PodScheduled': True
2025-01-27 17:05:51,437 INFO c.h.h.t.HelmChartContainer - [hivemq-test-hivemq-platform] [hivemq-platform-operator] [c3519be0] 17:05:51.433 [ReconcilerExecutor-hivemq-controller-87] DEBUG c.h.p.o.h.HiveMQPlatformReconcilerErrorHandler - [helmcust] Pod 'test-hivemq-platform-0' containerStatus 'hivemq' (started: false) (ready: false) (waiting: [PodInitializing] null)
2025-01-27 17:05:51,442 INFO c.h.h.t.HelmChartContainer - [hivemq-test-hivemq-platform] [hivemq-platform-operator] [c3519be0] 17:05:51.440 [ReconcilerExecutor-hivemq-controller-87] INFO  c.h.p.o.h.HiveMQPlatformReconcilerBaseHandler - [helmcust] HiveMQ Platform is starting, 0 of 1 replicas are ready
2025-01-27 17:05:52,324 INFO c.h.h.t.HelmChartContainer - [EVENT] Normal [Pulled] Container image "docker.io/hivemq/hivemq4:4.35.0" already present on machine [helmcustomextensionit:test-hivemq-platform-0]
2025-01-27 17:05:52,324 INFO c.h.h.t.HelmChartContainer - Received Pulled event for container hivemq in pod test-hivemq-platform-0 [ccb6c94b-4319-4de2-9f7f-f4f6c81420b0]
2025-01-27 17:05:52,335 INFO c.h.h.t.HelmChartContainer - [POD] test-hivemq-platform-0 [ccb6c94b-4319-4de2-9f7f-f4f6c81420b0] in helmcustomextensionit was MODIFIED
2025-01-27 17:05:52,342 INFO c.h.h.t.HelmChartContainer - [EVENT] Normal [Created] Created container: hivemq [helmcustomextensionit:test-hivemq-platform-0]
2025-01-27 17:05:52,342 INFO c.h.h.t.HelmChartContainer - Received Created event for container hivemq in pod test-hivemq-platform-0 [ccb6c94b-4319-4de2-9f7f-f4f6c81420b0]
2025-01-27 17:05:52,368 INFO c.h.h.t.HelmChartContainer - [hivemq-test-hivemq-platform] [hivemq-platform-operator] [c3519be0] 17:05:52.353 [pool-6-thread-42] DEBUG c.h.p.o.d.PlatformServiceResource - [helmcust] Desired Platform services (3 services)
2025-01-27 17:05:52,377 INFO c.h.h.t.HelmChartContainer - [hivemq-test-hivemq-platform] [hivemq-platform-operator] [c3519be0] 17:05:52.355 [pool-6-thread-43] DEBUG c.h.p.o.dependants.PodInfoConfigMap - [helmcust] Desired PodInfo ConfigMap (1 extensions) (1 enabled)
2025-01-27 17:05:52,377 INFO c.h.h.t.HelmChartContainer - [hivemq-test-hivemq-platform] [hivemq-platform-operator] [c3519be0] 17:05:52.355 [pool-6-thread-43] DEBUG c.h.p.o.dependants.PodInfoConfigMap - [helmcust] Desired PodInfo ConfigMap (metrics port: 9399) (metrics path: /)
2025-01-27 17:05:52,377 INFO c.h.h.t.HelmChartContainer - [hivemq-test-hivemq-platform] [hivemq-platform-operator] [c3519be0] 17:05:52.355 [pool-6-thread-43] DEBUG c.h.p.o.dependants.PodInfoConfigMap - [helmcust] Desired PodInfo ConfigMap (extension state hash: -521662792)
2025-01-27 17:05:52,377 INFO c.h.h.t.HelmChartContainer - [hivemq-test-hivemq-platform] [hivemq-platform-operator] [c3519be0] 17:05:52.362 [pool-6-thread-47] DEBUG c.h.p.o.d.PodServiceAccountResource - [helmcust] Desired PodServiceAccountResource (serviceAccountName: hivemq-platform-pod-test-hivemq-platform)
2025-01-27 17:05:52,423 INFO c.h.h.t.HelmChartContainer - [hivemq-test-hivemq-platform] [hivemq-platform-operator] [c3519be0] 17:05:52.421 [pool-6-thread-50] DEBUG c.h.p.o.d.StatefulSetResource - [helmcust] Desired StatefulSet (1 replicas) for status STARTING (READY)
2025-01-27 17:05:52,462 INFO c.h.h.t.HelmChartContainer - [hivemq-test-hivemq-platform] [hivemq-platform-operator] [c3519be0] 17:05:52.456 [ReconcilerExecutor-hivemq-controller-98] INFO  c.h.p.o.HiveMQPlatformReconciler - [helmcust] Reconciling HiveMQ Platform 'test-hivemq-platform' in namespace 'helmcustomextensionit'
2025-01-27 17:05:52,462 INFO c.h.h.t.HelmChartContainer - [hivemq-test-hivemq-platform] [hivemq-platform-operator] [c3519be0] 17:05:52.456 [ReconcilerExecutor-hivemq-controller-98] DEBUG c.h.p.o.HiveMQPlatformReconciler - [helmcust] Custom Resource Status STARTING - HiveMQ Platform is starting (READY)
2025-01-27 17:05:52,462 INFO c.h.h.t.HelmChartContainer - [hivemq-test-hivemq-platform] [hivemq-platform-operator] [c3519be0] 17:05:52.456 [ReconcilerExecutor-hivemq-controller-98] DEBUG c.h.p.o.HiveMQPlatformReconciler - [helmcust] Custom Resource Spec (replicas: 1) (extensions: 1)
2025-01-27 17:05:52,463 INFO c.h.h.t.HelmChartContainer - [hivemq-test-hivemq-platform] [hivemq-platform-operator] [c3519be0] 17:05:52.459 [ReconcilerExecutor-hivemq-controller-98] DEBUG c.h.p.o.HiveMQPlatformReconciler - [helmcust] StatefulSet Status (revision: test-hivemq-platform-7b9f859fc6, replicas: 1, available: 0, ready: 0, current: 1, updated: 1)
2025-01-27 17:05:52,463 INFO c.h.h.t.HelmChartContainer - [hivemq-test-hivemq-platform] [hivemq-platform-operator] [c3519be0] 17:05:52.460 [ReconcilerExecutor-hivemq-controller-98] DEBUG c.h.p.o.HiveMQPlatformReconciler - [helmcust] StatefulSet Spec (replicas: 1, init containers: 1, containers: 1, volumes: 4)
2025-01-27 17:05:52,521 INFO c.h.h.t.HelmChartContainer - [hivemq-test-hivemq-platform] [hivemq-platform-operator] [c3519be0] 17:05:52.518 [ReconcilerExecutor-hivemq-controller-98] DEBUG c.h.p.o.h.HiveMQPlatformReconcilerErrorHandler - [helmcust] Pod 'test-hivemq-platform-0' phase Pending
2025-01-27 17:05:52,521 INFO c.h.h.t.HelmChartContainer - [hivemq-test-hivemq-platform] [hivemq-platform-operator] [c3519be0] 17:05:52.518 [ReconcilerExecutor-hivemq-controller-98] DEBUG c.h.p.o.h.HiveMQPlatformReconcilerErrorHandler - [helmcust] Pod 'test-hivemq-platform-0' condition 'PodReadyToStartContainers': True
2025-01-27 17:05:52,521 INFO c.h.h.t.HelmChartContainer - [hivemq-test-hivemq-platform] [hivemq-platform-operator] [c3519be0] 17:05:52.518 [ReconcilerExecutor-hivemq-controller-98] DEBUG c.h.p.o.h.HiveMQPlatformReconcilerErrorHandler - [helmcust] Pod 'test-hivemq-platform-0' condition 'Initialized': True
2025-01-27 17:05:52,521 INFO c.h.h.t.HelmChartContainer - [hivemq-test-hivemq-platform] [hivemq-platform-operator] [c3519be0] 17:05:52.518 [ReconcilerExecutor-hivemq-controller-98] DEBUG c.h.p.o.h.HiveMQPlatformReconcilerErrorHandler - [helmcust] Pod 'test-hivemq-platform-0' condition 'Ready': False
2025-01-27 17:05:52,521 INFO c.h.h.t.HelmChartContainer - [hivemq-test-hivemq-platform] [hivemq-platform-operator] [c3519be0] 17:05:52.518 [ReconcilerExecutor-hivemq-controller-98] DEBUG c.h.p.o.h.HiveMQPlatformReconcilerErrorHandler - [helmcust] Pod 'test-hivemq-platform-0' condition 'ContainersReady': False
2025-01-27 17:05:52,521 INFO c.h.h.t.HelmChartContainer - [hivemq-test-hivemq-platform] [hivemq-platform-operator] [c3519be0] 17:05:52.519 [ReconcilerExecutor-hivemq-controller-98] DEBUG c.h.p.o.h.HiveMQPlatformReconcilerErrorHandler - [helmcust] Pod 'test-hivemq-platform-0' condition 'PodScheduled': True
2025-01-27 17:05:52,521 INFO c.h.h.t.HelmChartContainer - [hivemq-test-hivemq-platform] [hivemq-platform-operator] [c3519be0] 17:05:52.519 [ReconcilerExecutor-hivemq-controller-98] DEBUG c.h.p.o.h.HiveMQPlatformReconcilerErrorHandler - [helmcust] Pod 'test-hivemq-platform-0' containerStatus 'hivemq' (started: false) (ready: false) (waiting: [PodInitializing] null)
2025-01-27 17:05:52,521 INFO c.h.h.t.HelmChartContainer - [hivemq-test-hivemq-platform] [hivemq-platform-operator] [c3519be0] 17:05:52.520 [ReconcilerExecutor-hivemq-controller-98] INFO  c.h.p.o.h.HiveMQPlatformReconcilerBaseHandler - [helmcust] HiveMQ Platform is starting, 0 of 1 replicas are ready
2025-01-27 17:05:53,338 INFO c.h.h.t.HelmChartContainer - [POD] test-hivemq-platform-0 [ccb6c94b-4319-4de2-9f7f-f4f6c81420b0] in helmcustomextensionit was MODIFIED
2025-01-27 17:05:53,351 INFO c.h.h.t.HelmChartContainer - Started log watcher for hivemq in pod test-hivemq-platform-0 [ccb6c94b-4319-4de2-9f7f-f4f6c81420b0]
2025-01-27 17:05:53,352 INFO c.h.h.t.HelmChartContainer - [EVENT] Normal [Started] Started container hivemq [helmcustomextensionit:test-hivemq-platform-0]
2025-01-27 17:05:53,352 INFO c.h.h.t.HelmChartContainer - Received Started event for container hivemq in pod test-hivemq-platform-0 [ccb6c94b-4319-4de2-9f7f-f4f6c81420b0]
2025-01-27 17:05:53,355 INFO c.h.h.t.HelmChartContainer - [hivemq-test-hivemq-platform] [hivemq-platform-operator] [c3519be0] 17:05:53.349 [pool-6-thread-5] DEBUG c.h.p.o.d.PlatformServiceResource - [helmcust] Desired Platform services (3 services)
2025-01-27 17:05:53,355 INFO c.h.h.t.HelmChartContainer - [hivemq-test-hivemq-platform] [hivemq-platform-operator] [c3519be0] 17:05:53.352 [pool-6-thread-6] DEBUG c.h.p.o.dependants.PodInfoConfigMap - [helmcust] Desired PodInfo ConfigMap (1 extensions) (1 enabled)
2025-01-27 17:05:53,355 INFO c.h.h.t.HelmChartContainer - [hivemq-test-hivemq-platform] [hivemq-platform-operator] [c3519be0] 17:05:53.352 [pool-6-thread-6] DEBUG c.h.p.o.dependants.PodInfoConfigMap - [helmcust] Desired PodInfo ConfigMap (metrics port: 9399) (metrics path: /)
2025-01-27 17:05:53,355 INFO c.h.h.t.HelmChartContainer - [hivemq-test-hivemq-platform] [hivemq-platform-operator] [c3519be0] 17:05:53.352 [pool-6-thread-6] DEBUG c.h.p.o.dependants.PodInfoConfigMap - [helmcust] Desired PodInfo ConfigMap (extension state hash: -521662792)
2025-01-27 17:05:53,358 INFO c.h.h.t.HelmChartContainer - [test-hivemq-platform] [hivemq] [ccb6c94b] Adding pre-installed HiveMQ Platform Operator extensions
2025-01-27 17:05:53,358 INFO c.h.h.t.HelmChartContainer - [test-hivemq-platform] [hivemq] [ccb6c94b] Running as user 10000
2025-01-27 17:05:53,358 INFO c.h.h.t.HelmChartContainer - [test-hivemq-platform] [hivemq] [ccb6c94b] Starting HiveMQ Platform Operator Init
2025-01-27 17:05:53,361 INFO c.h.h.t.HelmChartContainer - [hivemq-test-hivemq-platform] [hivemq-platform-operator] [c3519be0] 17:05:53.356 [pool-6-thread-4] DEBUG c.h.p.o.d.PodServiceAccountResource - [helmcust] Desired PodServiceAccountResource (serviceAccountName: hivemq-platform-pod-test-hivemq-platform)
2025-01-27 17:05:53,364 INFO c.h.h.t.HelmChartContainer - [hivemq-test-hivemq-platform] [hivemq-platform-operator] [c3519be0] 17:05:53.363 [pool-6-thread-5] DEBUG c.h.p.o.d.StatefulSetResource - [helmcust] Desired StatefulSet (1 replicas) for status STARTING (READY)
2025-01-27 17:05:53,369 INFO c.h.h.t.HelmChartContainer - [hivemq-test-hivemq-platform] [hivemq-platform-operator] [c3519be0] 17:05:53.367 [ReconcilerExecutor-hivemq-controller-109] INFO  c.h.p.o.HiveMQPlatformReconciler - [helmcust] Reconciling HiveMQ Platform 'test-hivemq-platform' in namespace 'helmcustomextensionit'
2025-01-27 17:05:53,370 INFO c.h.h.t.HelmChartContainer - [hivemq-test-hivemq-platform] [hivemq-platform-operator] [c3519be0] 17:05:53.367 [ReconcilerExecutor-hivemq-controller-109] DEBUG c.h.p.o.HiveMQPlatformReconciler - [helmcust] Custom Resource Status STARTING - HiveMQ Platform is starting (READY)
2025-01-27 17:05:53,370 INFO c.h.h.t.HelmChartContainer - [hivemq-test-hivemq-platform] [hivemq-platform-operator] [c3519be0] 17:05:53.367 [ReconcilerExecutor-hivemq-controller-109] DEBUG c.h.p.o.HiveMQPlatformReconciler - [helmcust] Custom Resource Spec (replicas: 1) (extensions: 1)
2025-01-27 17:05:53,421 INFO c.h.h.t.HelmChartContainer - [hivemq-test-hivemq-platform] [hivemq-platform-operator] [c3519be0] 17:05:53.417 [ReconcilerExecutor-hivemq-controller-109] DEBUG c.h.p.o.HiveMQPlatformReconciler - [helmcust] StatefulSet Status (revision: test-hivemq-platform-7b9f859fc6, replicas: 1, available: 0, ready: 0, current: 1, updated: 1)
2025-01-27 17:05:53,423 INFO c.h.h.t.HelmChartContainer - [hivemq-test-hivemq-platform] [hivemq-platform-operator] [c3519be0] 17:05:53.417 [ReconcilerExecutor-hivemq-controller-109] DEBUG c.h.p.o.HiveMQPlatformReconciler - [helmcust] StatefulSet Spec (replicas: 1, init containers: 1, containers: 1, volumes: 4)
2025-01-27 17:05:53,423 INFO c.h.h.t.HelmChartContainer - [hivemq-test-hivemq-platform] [hivemq-platform-operator] [c3519be0] 17:05:53.420 [ReconcilerExecutor-hivemq-controller-109] DEBUG c.h.p.o.h.HiveMQPlatformReconcilerErrorHandler - [helmcust] Pod 'test-hivemq-platform-0' phase Running
2025-01-27 17:05:53,426 INFO c.h.h.t.HelmChartContainer - [hivemq-test-hivemq-platform] [hivemq-platform-operator] [c3519be0] 17:05:53.424 [ReconcilerExecutor-hivemq-controller-109] INFO  c.h.p.o.h.HiveMQPlatformReconcilerBaseHandler - [helmcust] HiveMQ Platform is starting, 0 of 1 replicas are ready
2025-01-27 17:05:53,719 INFO c.h.h.t.HelmChartContainer - [test-hivemq-platform] [hivemq] [ccb6c94b] INFO  - [HiveMQ Platform Operator Init 1.7.0-SNAPSHOT] HiveMQ Platform Operator Init 1.7.0-SNAPSHOT (commit: bebf408 on branch: HEAD) built on Sun Jan 26 20:47:47 UTC 2025
2025-01-27 17:05:54,636 INFO c.h.h.t.HelmChartContainer - [K3S] [range_allocator.go:247] "Successfully synced" key="1d709a34904e"
2025-01-27 17:05:54,924 INFO c.h.h.t.HelmChartContainer - [test-hivemq-platform] [hivemq] [ccb6c94b] INFO  - [HiveMQ Platform Operator Init App 1.7.0-SNAPSHOT] Using bind address 10.42.0.7 from environment variable
2025-01-27 17:05:55,838 INFO c.h.h.t.HelmChartContainer - [test-hivemq-platform] [hivemq] [ccb6c94b] INFO  - [HiveMQ Platform Operator Init App 1.7.0-SNAPSHOT] HiveMQ Platform Operator Init App 1.7.0-SNAPSHOT (commit: bebf408 on branch: HEAD) built on Sun Jan 26 20:47:47 UTC 2025
2025-01-27 17:05:55,838 INFO c.h.h.t.HelmChartContainer - [test-hivemq-platform] [hivemq] [ccb6c94b] INFO  - [HiveMQ Platform Operator Init App 1.7.0-SNAPSHOT] PodInfo ConfigMap directory: /etc/podinfo
2025-01-27 17:05:55,838 INFO c.h.h.t.HelmChartContainer - [test-hivemq-platform] [hivemq] [ccb6c94b] INFO  - [HiveMQ Platform Operator Init App 1.7.0-SNAPSHOT] HiveMQ home directory: /opt/hivemq
2025-01-27 17:05:55,838 INFO c.h.h.t.HelmChartContainer - [test-hivemq-platform] [hivemq] [ccb6c94b] INFO  - [HiveMQ Platform Operator Init App 1.7.0-SNAPSHOT] HiveMQ Logback folder: /opt/hivemq/conf
2025-01-27 17:05:55,838 INFO c.h.h.t.HelmChartContainer - [test-hivemq-platform] [hivemq] [ccb6c94b] INFO  - [HiveMQ Platform Operator Init App 1.7.0-SNAPSHOT] HiveMQ Config folder: /opt/hivemq/conf-k8s
2025-01-27 17:05:55,840 INFO c.h.h.t.HelmChartContainer - [test-hivemq-platform] [hivemq] [ccb6c94b] INFO  - [HiveMQ Platform Operator Init App 1.7.0-SNAPSHOT] Starting HiveMQ Platform Operator Init App
2025-01-27 17:05:55,840 INFO c.h.h.t.HelmChartContainer - [test-hivemq-platform] [hivemq] [ccb6c94b] INFO  - [HiveMQ Platform Operator Init App 1.7.0-SNAPSHOT] Starting Pod reconciler
2025-01-27 17:05:57,130 INFO c.h.h.t.HelmChartContainer - [test-hivemq-platform] [hivemq] [ccb6c94b] INFO  - [HiveMQ Platform Operator Init App 1.7.0-SNAPSHOT] Pod reconciler is scheduled (interval: 5000 ms)
2025-01-27 17:05:57,131 INFO c.h.h.t.HelmChartContainer - [test-hivemq-platform] [hivemq] [ccb6c94b] INFO  - [HiveMQ Platform Operator Init App 1.7.0-SNAPSHOT] Starting the REST API on 10.42.0.7:7979
2025-01-27 17:05:57,133 INFO c.h.h.t.HelmChartContainer - [test-hivemq-platform] [hivemq] [ccb6c94b] INFO  - [HiveMQ Platform Operator Init App 1.7.0-SNAPSHOT] Waiting up to 600s for at most 1 HiveMQ nodes in cluster service hivemq-test-hivemq-platform-cluster.helmcustomextensionit.svc
2025-01-27 17:05:57,515 INFO c.h.h.t.HelmChartContainer - [test-hivemq-platform] [hivemq] [ccb6c94b] INFO  - [HiveMQ Platform Operator Init App 1.7.0-SNAPSHOT] Resolved 1 IP addresses: [10.42.0.7]
2025-01-27 17:05:57,516 INFO c.h.h.t.HelmChartContainer - [test-hivemq-platform] [hivemq] [ccb6c94b] INFO  - [HiveMQ Platform Operator Init App 1.7.0-SNAPSHOT] HiveMQ node count of 1 is within threshold of 1
2025-01-27 17:05:57,516 INFO c.h.h.t.HelmChartContainer - [test-hivemq-platform] [hivemq] [ccb6c94b] INFO  - [HiveMQ Platform Operator Init App 1.7.0-SNAPSHOT] Proceeding with container start
2025-01-27 17:05:57,542 INFO c.h.h.t.HelmChartContainer - [test-hivemq-platform] [hivemq] [ccb6c94b] INFO  - [HiveMQ Platform Operator Init App 1.7.0-SNAPSHOT] Initializing HiveMQ Platform extensions with initial configuration: {hivemq-custom-test-extension={start-priority=-1, skip-https-hostname-verification=false, restart=true, config-version=0, header-version=543, request-header-path=/opt/hivemq/operator/secrets/custom-extension-auth-secret/, c-uri=, priority=-1, uri=http://nginx-service/hivemq-custom-test-extension-2.0.0.zip, skip-https-certificate-validation=false, enabled=true}, hivemq-prometheus-extension={restart=true, enabled=true, request-header-path=no-request-headers, uri=preinstalled, skip-https-certificate-validation=false, skip-https-hostname-verification=false, c-uri=, start-priority=-1, priority=-1}}
2025-01-27 17:05:57,545 INFO c.h.h.t.HelmChartContainer - [test-hivemq-platform] [hivemq] [ccb6c94b] INFO  - [HiveMQ Platform Operator Init App 1.7.0-SNAPSHOT] Installing custom extension hivemq-custom-test-extension from URL http://nginx-service/hivemq-custom-test-extension-2.0.0.zip
2025-01-27 17:05:57,545 INFO c.h.h.t.HelmChartContainer - [test-hivemq-platform] [hivemq] [ccb6c94b] INFO  - [HiveMQ Platform Operator Init App 1.7.0-SNAPSHOT] Downloading custom extension hivemq-custom-test-extension into '/tmp/hivemq-custom-test-extension9758020103599693021/extension.zip'
2025-01-27 17:05:57,546 INFO c.h.h.t.HelmChartContainer - [test-hivemq-platform] [hivemq] [ccb6c94b] INFO  - [HiveMQ Platform Operator Init App 1.7.0-SNAPSHOT] Adding 'Authorization' request header for custom extension hivemq-custom-test-extension
2025-01-27 17:05:57,640 INFO c.h.h.t.HelmChartContainer - [nginx-64db7956bf-txn] [nginx] [be0c620f] 10.42.0.7 - admin [27/Jan/2025:17:05:57 +0000] "GET /hivemq-custom-test-extension-2.0.0.zip HTTP/1.1" 200 11637 "-" "Java-http-client/21.0.5" "-"
2025-01-27 17:05:57,735 INFO c.h.h.t.HelmChartContainer - [test-hivemq-platform] [hivemq] [ccb6c94b] INFO  - [HiveMQ Platform Operator Init App 1.7.0-SNAPSHOT] Copy extension from '/tmp/hivemq-custom-test-extension9758020103599693021/hivemq-custom-test-extension' to '/opt/hivemq/extensions/hivemq-custom-test-extension'
2025-01-27 17:05:57,736 INFO c.h.h.t.HelmChartContainer - [test-hivemq-platform] [hivemq] [ccb6c94b] INFO  - [HiveMQ Platform Operator Init App 1.7.0-SNAPSHOT] Found hivemq-extension.xml in folder '/tmp/hivemq-custom-test-extension9758020103599693021/hivemq-custom-test-extension/hivemq-custom-test-extension'
2025-01-27 17:05:58,231 INFO c.h.h.t.HelmChartContainer - [test-hivemq-platform] [hivemq] [ccb6c94b] INFO  - [HiveMQ Platform Operator Init App 1.7.0-SNAPSHOT] Extension hivemq-custom-test-extension was already enabled
2025-01-27 17:05:58,318 INFO c.h.h.t.HelmChartContainer - [test-hivemq-platform] [hivemq] [ccb6c94b] INFO  - [HiveMQ Platform Operator Init App 1.7.0-SNAPSHOT] Successfully enabled extension hivemq-prometheus-extension
2025-01-27 17:05:58,319 INFO c.h.h.t.HelmChartContainer - [test-hivemq-platform] [hivemq] [ccb6c94b] INFO  - [HiveMQ Platform Operator Init App 1.7.0-SNAPSHOT] Starting HiveMQ Platform version 4.35.0 (4.35.0)
2025-01-27 17:05:58,319 INFO c.h.h.t.HelmChartContainer - [test-hivemq-platform] [hivemq] [ccb6c94b] INFO  - [HiveMQ Platform Operator Init App 1.7.0-SNAPSHOT] Configuring the HiveMQ Platform
2025-01-27 17:05:58,416 INFO c.h.h.t.HelmChartContainer - [test-hivemq-platform] [hivemq] [ccb6c94b] INFO  - [HiveMQ Platform Operator Init App 1.7.0-SNAPSHOT] Changed logback.xml file scan period to 20 seconds
2025-01-27 17:05:58,436 INFO c.h.h.t.HelmChartContainer - [test-hivemq-platform] [hivemq] [ccb6c94b] INFO  - [HiveMQ Platform Operator Init App 1.7.0-SNAPSHOT] Starting the HiveMQ Platform
2025-01-27 17:05:58,439 INFO c.h.h.t.HelmChartContainer - [test-hivemq-platform] [hivemq] [ccb6c94b] -------------------------------------------------------------------------
2025-01-27 17:05:58,440 INFO c.h.h.t.HelmChartContainer - [test-hivemq-platform] [hivemq] [ccb6c94b] 
2025-01-27 17:05:58,440 INFO c.h.h.t.HelmChartContainer - [test-hivemq-platform] [hivemq] [ccb6c94b]                   _    _  _              __  __   ____
2025-01-27 17:05:58,440 INFO c.h.h.t.HelmChartContainer - [test-hivemq-platform] [hivemq] [ccb6c94b]                  | |  | |(_)            |  \/  | / __ \
2025-01-27 17:05:58,440 INFO c.h.h.t.HelmChartContainer - [test-hivemq-platform] [hivemq] [ccb6c94b]                  | |__| | _ __   __ ___ | \  / || |  | |
2025-01-27 17:05:58,440 INFO c.h.h.t.HelmChartContainer - [test-hivemq-platform] [hivemq] [ccb6c94b]                  |  __  || |\ \ / // _ \| |\/| || |  | |
2025-01-27 17:05:58,440 INFO c.h.h.t.HelmChartContainer - [test-hivemq-platform] [hivemq] [ccb6c94b]                  | |  | || | \ V /|  __/| |  | || |__| |
2025-01-27 17:05:58,441 INFO c.h.h.t.HelmChartContainer - [test-hivemq-platform] [hivemq] [ccb6c94b]                  |_|  |_||_|  \_/  \___||_|  |_| \___\_\
2025-01-27 17:05:58,441 INFO c.h.h.t.HelmChartContainer - [test-hivemq-platform] [hivemq] [ccb6c94b] 
2025-01-27 17:05:58,441 INFO c.h.h.t.HelmChartContainer - [test-hivemq-platform] [hivemq] [ccb6c94b] -------------------------------------------------------------------------
2025-01-27 17:05:58,441 INFO c.h.h.t.HelmChartContainer - [test-hivemq-platform] [hivemq] [ccb6c94b] 
2025-01-27 17:05:58,441 INFO c.h.h.t.HelmChartContainer - [test-hivemq-platform] [hivemq] [ccb6c94b]   HiveMQ Start Script for Linux/Unix v1.14
2025-01-27 17:05:58,441 INFO c.h.h.t.HelmChartContainer - [test-hivemq-platform] [hivemq] [ccb6c94b] 
2025-01-27 17:05:58,536 INFO c.h.h.t.HelmChartContainer - [test-hivemq-platform] [hivemq] [ccb6c94b] -------------------------------------------------------------------------
2025-01-27 17:05:58,536 INFO c.h.h.t.HelmChartContainer - [test-hivemq-platform] [hivemq] [ccb6c94b] 
2025-01-27 17:05:58,536 INFO c.h.h.t.HelmChartContainer - [test-hivemq-platform] [hivemq] [ccb6c94b]   HIVEMQ_HOME: /opt/hivemq
2025-01-27 17:05:58,536 INFO c.h.h.t.HelmChartContainer - [test-hivemq-platform] [hivemq] [ccb6c94b] 
2025-01-27 17:05:58,537 INFO c.h.h.t.HelmChartContainer - [test-hivemq-platform] [hivemq] [ccb6c94b]   JAVA_OPTS: -XX:+UnlockExperimentalVMOptions -XX:InitialRAMPercentage=50 -XX:MaxRAMPercentage=50 -Djava.net.preferIPv4Stack=true --add-opens java.base/java.lang=ALL-UNNAMED --add-opens java.base/java.nio=ALL-UNNAMED --add-opens java.base/sun.nio.ch=ALL-UNNAMED --add-opens jdk.management/com.sun.management.internal=ALL-UNNAMED --add-exports java.base/jdk.internal.misc=ALL-UNNAMED -Djava.security.egd=file:/dev/./urandom -Dcom.sun.management.jmxremote -Dcom.sun.management.jmxremote.port=9010 -Dcom.sun.management.jmxremote.local.only=false -Dcom.sun.management.jmxremote.authenticate=false -Dcom.sun.management.jmxremote.ssl=false -Duser.language=en -Duser.region=US -XX:+CrashOnOutOfMemoryError -XX:+HeapDumpOnOutOfMemoryError
2025-01-27 17:05:58,537 INFO c.h.h.t.HelmChartContainer - [test-hivemq-platform] [hivemq] [ccb6c94b] 
2025-01-27 17:05:58,537 INFO c.h.h.t.HelmChartContainer - [test-hivemq-platform] [hivemq] [ccb6c94b]   JAVA_VERSION: 21
2025-01-27 17:05:58,537 INFO c.h.h.t.HelmChartContainer - [test-hivemq-platform] [hivemq] [ccb6c94b] 
2025-01-27 17:05:58,537 INFO c.h.h.t.HelmChartContainer - [test-hivemq-platform] [hivemq] [ccb6c94b] -------------------------------------------------------------------------
2025-01-27 17:05:58,537 INFO c.h.h.t.HelmChartContainer - [test-hivemq-platform] [hivemq] [ccb6c94b] 
2025-01-27 17:05:59,419 INFO c.h.h.t.HelmChartContainer - [test-hivemq-platform] [hivemq] [ccb6c94b] INFO  - [HiveMQ Platform Operator Init App 1.7.0-SNAPSHOT] Returning default Health API response 503 for readiness
2025-01-27 17:05:59,822 INFO c.h.h.t.HelmChartContainer - [EVENT] Warning [Unhealthy] Readiness probe failed: HTTP probe failed with statuscode: 503 [helmcustomextensionit:test-hivemq-platform-0]
2025-01-27 17:05:59,822 INFO c.h.h.t.HelmChartContainer - Received Unhealthy event for container hivemq in pod test-hivemq-platform-0 [ccb6c94b-4319-4de2-9f7f-f4f6c81420b0]
2025-01-27 17:06:01,122 INFO c.h.h.t.HelmChartContainer - [test-hivemq-platform] [hivemq] [ccb6c94b] INFO  - Starting HiveMQ Enterprise Server
2025-01-27 17:06:01,133 INFO c.h.h.t.HelmChartContainer - [test-hivemq-platform] [hivemq] [ccb6c94b] INFO  - HiveMQ version: 4.35.0
2025-01-27 17:06:01,134 INFO c.h.h.t.HelmChartContainer - [test-hivemq-platform] [hivemq] [ccb6c94b] INFO  - HiveMQ home directory: /opt/hivemq
2025-01-27 17:06:01,134 INFO c.h.h.t.HelmChartContainer - [test-hivemq-platform] [hivemq] [ccb6c94b] INFO  - Log Configuration was overridden by /opt/hivemq/conf/logback.xml
2025-01-27 17:06:02,532 INFO c.h.h.t.HelmChartContainer - [test-hivemq-platform] [hivemq] [ccb6c94b] INFO  - Successfully loaded configuration from '/opt/hivemq/conf-k8s/config.xml'.
2025-01-27 17:06:02,936 INFO c.h.h.t.HelmChartContainer - [nginx-64db7956bf-txn] [nginx] [be0c620f] 2025/01/27 17:06:02 [info] 22#22: *1 client 10.42.0.7 closed keepalive connection
2025-01-27 17:06:03,117 INFO c.h.h.t.HelmChartContainer - [test-hivemq-platform] [hivemq] [ccb6c94b] INFO  - This node's ID is 9WxpC
2025-01-27 17:06:03,117 INFO c.h.h.t.HelmChartContainer - [test-hivemq-platform] [hivemq] [ccb6c94b] INFO  - Clustering is enabled
2025-01-27 17:06:03,431 INFO c.h.h.t.HelmChartContainer - [hivemq-test-hivemq-platform] [hivemq-platform-operator] [c3519be0] 17:06:03.428 [pool-6-thread-11] DEBUG c.h.p.o.d.PlatformServiceResource - [helmcust] Desired Platform services (3 services)
2025-01-27 17:06:03,431 INFO c.h.h.t.HelmChartContainer - [hivemq-test-hivemq-platform] [hivemq-platform-operator] [c3519be0] 17:06:03.430 [pool-6-thread-16] DEBUG c.h.p.o.d.PodServiceAccountResource - [helmcust] Desired PodServiceAccountResource (serviceAccountName: hivemq-platform-pod-test-hivemq-platform)
2025-01-27 17:06:03,434 INFO c.h.h.t.HelmChartContainer - [hivemq-test-hivemq-platform] [hivemq-platform-operator] [c3519be0] 17:06:03.433 [pool-6-thread-15] DEBUG c.h.p.o.dependants.PodInfoConfigMap - [helmcust] Desired PodInfo ConfigMap (1 extensions) (1 enabled)
2025-01-27 17:06:03,436 INFO c.h.h.t.HelmChartContainer - [hivemq-test-hivemq-platform] [hivemq-platform-operator] [c3519be0] 17:06:03.433 [pool-6-thread-15] DEBUG c.h.p.o.dependants.PodInfoConfigMap - [helmcust] Desired PodInfo ConfigMap (metrics port: 9399) (metrics path: /)
2025-01-27 17:06:03,436 INFO c.h.h.t.HelmChartContainer - [hivemq-test-hivemq-platform] [hivemq-platform-operator] [c3519be0] 17:06:03.433 [pool-6-thread-15] DEBUG c.h.p.o.dependants.PodInfoConfigMap - [helmcust] Desired PodInfo ConfigMap (extension state hash: -521662792)
2025-01-27 17:06:03,443 INFO c.h.h.t.HelmChartContainer - [hivemq-test-hivemq-platform] [hivemq-platform-operator] [c3519be0] 17:06:03.442 [pool-6-thread-20] DEBUG c.h.p.o.d.StatefulSetResource - [helmcust] Desired StatefulSet (1 replicas) for status STARTING (READY)
2025-01-27 17:06:03,522 INFO c.h.h.t.HelmChartContainer - [hivemq-test-hivemq-platform] [hivemq-platform-operator] [c3519be0] 17:06:03.519 [ReconcilerExecutor-hivemq-controller-110] INFO  c.h.p.o.HiveMQPlatformReconciler - [helmcust] Reconciling HiveMQ Platform 'test-hivemq-platform' in namespace 'helmcustomextensionit'
2025-01-27 17:06:03,525 INFO c.h.h.t.HelmChartContainer - [hivemq-test-hivemq-platform] [hivemq-platform-operator] [c3519be0] 17:06:03.520 [ReconcilerExecutor-hivemq-controller-110] DEBUG c.h.p.o.HiveMQPlatformReconciler - [helmcust] Custom Resource Status STARTING - HiveMQ Platform is starting (READY)
2025-01-27 17:06:03,525 INFO c.h.h.t.HelmChartContainer - [hivemq-test-hivemq-platform] [hivemq-platform-operator] [c3519be0] 17:06:03.520 [ReconcilerExecutor-hivemq-controller-110] DEBUG c.h.p.o.HiveMQPlatformReconciler - [helmcust] Custom Resource Spec (replicas: 1) (extensions: 1)
2025-01-27 17:06:03,527 INFO c.h.h.t.HelmChartContainer - [hivemq-test-hivemq-platform] [hivemq-platform-operator] [c3519be0] 17:06:03.525 [ReconcilerExecutor-hivemq-controller-110] DEBUG c.h.p.o.HiveMQPlatformReconciler - [helmcust] StatefulSet Status (revision: test-hivemq-platform-7b9f859fc6, replicas: 1, available: 0, ready: 0, current: 1, updated: 1)
2025-01-27 17:06:03,528 INFO c.h.h.t.HelmChartContainer - [hivemq-test-hivemq-platform] [hivemq-platform-operator] [c3519be0] 17:06:03.527 [ReconcilerExecutor-hivemq-controller-110] DEBUG c.h.p.o.HiveMQPlatformReconciler - [helmcust] StatefulSet Spec (replicas: 1, init containers: 1, containers: 1, volumes: 4)
2025-01-27 17:06:03,533 INFO c.h.h.t.HelmChartContainer - [hivemq-test-hivemq-platform] [hivemq-platform-operator] [c3519be0] 17:06:03.532 [ReconcilerExecutor-hivemq-controller-110] DEBUG c.h.p.o.h.HiveMQPlatformReconcilerErrorHandler - [helmcust] Pod 'test-hivemq-platform-0' phase Running
2025-01-27 17:06:03,535 INFO c.h.h.t.HelmChartContainer - [hivemq-test-hivemq-platform] [hivemq-platform-operator] [c3519be0] 17:06:03.534 [ReconcilerExecutor-hivemq-controller-110] INFO  c.h.p.o.h.HiveMQPlatformReconcilerBaseHandler - [helmcust] HiveMQ Platform is starting, 0 of 1 replicas are ready
2025-01-27 17:06:04,434 INFO c.h.h.t.HelmChartContainer - [test-hivemq-platform] [hivemq] [ccb6c94b] WARN  - [HiveMQ Platform Operator Init App 1.7.0-SNAPSHOT] Cannot connect to Health API for readiness: null
2025-01-27 17:06:04,440 INFO c.h.h.t.HelmChartContainer - [EVENT] Warning [Unhealthy] Readiness probe failed: HTTP probe failed with statuscode: 503 [helmcustomextensionit:test-hivemq-platform-0]
2025-01-27 17:06:04,440 INFO c.h.h.t.HelmChartContainer - Received Unhealthy event for container hivemq in pod test-hivemq-platform-0 [ccb6c94b-4319-4de2-9f7f-f4f6c81420b0]
2025-01-27 17:06:07,422 INFO c.h.h.t.HelmChartContainer - [test-hivemq-platform] [hivemq] [ccb6c94b] Jan 27, 2025 5:06:07 PM io.vertx.core.impl.BlockedThreadChecker
2025-01-27 17:06:07,423 INFO c.h.h.t.HelmChartContainer - [test-hivemq-platform] [hivemq] [ccb6c94b] WARNING: Thread Thread[vert.x-eventloop-thread-1,5,main] has been blocked for 2387 ms, time limit is 2000 ms
2025-01-27 17:06:08,316 INFO c.h.h.t.HelmChartContainer - [test-hivemq-platform] [hivemq] [ccb6c94b] INFO  - [HiveMQ Platform Operator Init App 1.7.0-SNAPSHOT] Updating Pod HiveMQ Platform Operator Init App version annotation (version: 1.7.0-SNAPSHOT)
2025-01-27 17:06:08,928 INFO c.h.h.t.HelmChartContainer - [POD] test-hivemq-platform-0 [ccb6c94b-4319-4de2-9f7f-f4f6c81420b0] in helmcustomextensionit was MODIFIED
2025-01-27 17:06:08,937 INFO c.h.h.t.HelmChartContainer - [test-hivemq-platform] [hivemq] [ccb6c94b] INFO  - [HiveMQ Platform Operator Init App 1.7.0-SNAPSHOT] Successfully updated Pod HiveMQ Platform Operator Init App version annotation (version: 1.7.0-SNAPSHOT)
2025-01-27 17:06:08,940 INFO c.h.h.t.HelmChartContainer - [hivemq-test-hivemq-platform] [hivemq-platform-operator] [c3519be0] 17:06:08.938 [pool-6-thread-25] DEBUG c.h.p.o.d.PodServiceAccountResource - [helmcust] Desired PodServiceAccountResource (serviceAccountName: hivemq-platform-pod-test-hivemq-platform)
2025-01-27 17:06:08,941 INFO c.h.h.t.HelmChartContainer - [hivemq-test-hivemq-platform] [hivemq-platform-operator] [c3519be0] 17:06:08.938 [pool-6-thread-28] DEBUG c.h.p.o.d.PlatformServiceResource - [helmcust] Desired Platform services (3 services)
2025-01-27 17:06:08,943 INFO c.h.h.t.HelmChartContainer - [hivemq-test-hivemq-platform] [hivemq-platform-operator] [c3519be0] 17:06:08.943 [pool-6-thread-24] DEBUG c.h.p.o.dependants.PodInfoConfigMap - [helmcust] Desired PodInfo ConfigMap (1 extensions) (1 enabled)
2025-01-27 17:06:08,945 INFO c.h.h.t.HelmChartContainer - [hivemq-test-hivemq-platform] [hivemq-platform-operator] [c3519be0] 17:06:08.943 [pool-6-thread-24] DEBUG c.h.p.o.dependants.PodInfoConfigMap - [helmcust] Desired PodInfo ConfigMap (metrics port: 9399) (metrics path: /)
2025-01-27 17:06:08,945 INFO c.h.h.t.HelmChartContainer - [hivemq-test-hivemq-platform] [hivemq-platform-operator] [c3519be0] 17:06:08.943 [pool-6-thread-24] DEBUG c.h.p.o.dependants.PodInfoConfigMap - [helmcust] Desired PodInfo ConfigMap (extension state hash: -521662792)
2025-01-27 17:06:08,945 INFO c.h.h.t.HelmChartContainer - [test-hivemq-platform] [hivemq] [ccb6c94b] WARN  - [HiveMQ Platform Operator Init App 1.7.0-SNAPSHOT] Cannot connect to Health API for readiness: null
2025-01-27 17:06:08,951 INFO c.h.h.t.HelmChartContainer - [hivemq-test-hivemq-platform] [hivemq-platform-operator] [c3519be0] 17:06:08.950 [pool-6-thread-28] DEBUG c.h.p.o.d.StatefulSetResource - [helmcust] Desired StatefulSet (1 replicas) for status STARTING (READY)
2025-01-27 17:06:09,021 INFO c.h.h.t.HelmChartContainer - [hivemq-test-hivemq-platform] [hivemq-platform-operator] [c3519be0] 17:06:09.017 [ReconcilerExecutor-hivemq-controller-111] INFO  c.h.p.o.HiveMQPlatformReconciler - [helmcust] Reconciling HiveMQ Platform 'test-hivemq-platform' in namespace 'helmcustomextensionit'
2025-01-27 17:06:09,021 INFO c.h.h.t.HelmChartContainer - [hivemq-test-hivemq-platform] [hivemq-platform-operator] [c3519be0] 17:06:09.017 [ReconcilerExecutor-hivemq-controller-111] DEBUG c.h.p.o.HiveMQPlatformReconciler - [helmcust] Custom Resource Status STARTING - HiveMQ Platform is starting (READY)
2025-01-27 17:06:09,021 INFO c.h.h.t.HelmChartContainer - [hivemq-test-hivemq-platform] [hivemq-platform-operator] [c3519be0] 17:06:09.017 [ReconcilerExecutor-hivemq-controller-111] DEBUG c.h.p.o.HiveMQPlatformReconciler - [helmcust] Custom Resource Spec (replicas: 1) (extensions: 1)
2025-01-27 17:06:09,021 INFO c.h.h.t.HelmChartContainer - [EVENT] Warning [Unhealthy] Readiness probe failed: HTTP probe failed with statuscode: 503 [helmcustomextensionit:test-hivemq-platform-0]
2025-01-27 17:06:09,021 INFO c.h.h.t.HelmChartContainer - Received Unhealthy event for container hivemq in pod test-hivemq-platform-0 [ccb6c94b-4319-4de2-9f7f-f4f6c81420b0]
2025-01-27 17:06:09,027 INFO c.h.h.t.HelmChartContainer - [hivemq-test-hivemq-platform] [hivemq-platform-operator] [c3519be0] 17:06:09.025 [ReconcilerExecutor-hivemq-controller-111] DEBUG c.h.p.o.HiveMQPlatformReconciler - [helmcust] StatefulSet Status (revision: test-hivemq-platform-7b9f859fc6, replicas: 1, available: 0, ready: 0, current: 1, updated: 1)
2025-01-27 17:06:09,027 INFO c.h.h.t.HelmChartContainer - [hivemq-test-hivemq-platform] [hivemq-platform-operator] [c3519be0] 17:06:09.026 [ReconcilerExecutor-hivemq-controller-111] DEBUG c.h.p.o.HiveMQPlatformReconciler - [helmcust] StatefulSet Spec (replicas: 1, init containers: 1, containers: 1, volumes: 4)
2025-01-27 17:06:09,031 INFO c.h.h.t.HelmChartContainer - [hivemq-test-hivemq-platform] [hivemq-platform-operator] [c3519be0] 17:06:09.028 [ReconcilerExecutor-hivemq-controller-111] DEBUG c.h.p.o.h.HiveMQPlatformReconcilerErrorHandler - [helmcust] Pod 'test-hivemq-platform-0' phase Running
2025-01-27 17:06:09,032 INFO c.h.h.t.HelmChartContainer - [hivemq-test-hivemq-platform] [hivemq-platform-operator] [c3519be0] 17:06:09.029 [ReconcilerExecutor-hivemq-controller-111] INFO  c.h.p.o.h.HiveMQPlatformReconcilerBaseHandler - [helmcust] HiveMQ Platform is starting, 0 of 1 replicas are ready
2025-01-27 17:06:13,936 INFO c.h.h.t.HelmChartContainer - [test-hivemq-platform] [hivemq] [ccb6c94b] WARN  - [HiveMQ Platform Operator Init App 1.7.0-SNAPSHOT] Cannot connect to Health API for readiness: null
2025-01-27 17:06:13,941 INFO c.h.h.t.HelmChartContainer - [EVENT] Warning [Unhealthy] Readiness probe failed: HTTP probe failed with statuscode: 503 [helmcustomextensionit:test-hivemq-platform-0]
2025-01-27 17:06:13,942 INFO c.h.h.t.HelmChartContainer - Received Unhealthy event for container hivemq in pod test-hivemq-platform-0 [ccb6c94b-4319-4de2-9f7f-f4f6c81420b0]
2025-01-27 17:06:18,937 INFO c.h.h.t.HelmChartContainer - [test-hivemq-platform] [hivemq] [ccb6c94b] WARN  - [HiveMQ Platform Operator Init App 1.7.0-SNAPSHOT] Cannot connect to Health API for readiness: null
2025-01-27 17:06:18,944 INFO c.h.h.t.HelmChartContainer - [EVENT] Warning [Unhealthy] Readiness probe failed: HTTP probe failed with statuscode: 503 [helmcustomextensionit:test-hivemq-platform-0]
2025-01-27 17:06:18,944 INFO c.h.h.t.HelmChartContainer - Received Unhealthy event for container hivemq in pod test-hivemq-platform-0 [ccb6c94b-4319-4de2-9f7f-f4f6c81420b0]
2025-01-27 17:06:19,046 INFO c.h.h.t.HelmChartContainer - [hivemq-test-hivemq-platform] [hivemq-platform-operator] [c3519be0] 17:06:19.043 [pool-6-thread-31] DEBUG c.h.p.o.d.PlatformServiceResource - [helmcust] Desired Platform services (3 services)
2025-01-27 17:06:19,047 INFO c.h.h.t.HelmChartContainer - [hivemq-test-hivemq-platform] [hivemq-platform-operator] [c3519be0] 17:06:19.045 [pool-6-thread-32] DEBUG c.h.p.o.dependants.PodInfoConfigMap - [helmcust] Desired PodInfo ConfigMap (1 extensions) (1 enabled)
2025-01-27 17:06:19,047 INFO c.h.h.t.HelmChartContainer - [hivemq-test-hivemq-platform] [hivemq-platform-operator] [c3519be0] 17:06:19.045 [pool-6-thread-37] DEBUG c.h.p.o.d.PodServiceAccountResource - [helmcust] Desired PodServiceAccountResource (serviceAccountName: hivemq-platform-pod-test-hivemq-platform)
2025-01-27 17:06:19,047 INFO c.h.h.t.HelmChartContainer - [hivemq-test-hivemq-platform] [hivemq-platform-operator] [c3519be0] 17:06:19.045 [pool-6-thread-32] DEBUG c.h.p.o.dependants.PodInfoConfigMap - [helmcust] Desired PodInfo ConfigMap (metrics port: 9399) (metrics path: /)
2025-01-27 17:06:19,047 INFO c.h.h.t.HelmChartContainer - [hivemq-test-hivemq-platform] [hivemq-platform-operator] [c3519be0] 17:06:19.045 [pool-6-thread-32] DEBUG c.h.p.o.dependants.PodInfoConfigMap - [helmcust] Desired PodInfo ConfigMap (extension state hash: -521662792)
2025-01-27 17:06:19,053 INFO c.h.h.t.HelmChartContainer - [hivemq-test-hivemq-platform] [hivemq-platform-operator] [c3519be0] 17:06:19.052 [pool-6-thread-31] DEBUG c.h.p.o.d.StatefulSetResource - [helmcust] Desired StatefulSet (1 replicas) for status STARTING (READY)
2025-01-27 17:06:19,056 INFO c.h.h.t.HelmChartContainer - [hivemq-test-hivemq-platform] [hivemq-platform-operator] [c3519be0] 17:06:19.055 [ReconcilerExecutor-hivemq-controller-112] INFO  c.h.p.o.HiveMQPlatformReconciler - [helmcust] Reconciling HiveMQ Platform 'test-hivemq-platform' in namespace 'helmcustomextensionit'
2025-01-27 17:06:19,058 INFO c.h.h.t.HelmChartContainer - [hivemq-test-hivemq-platform] [hivemq-platform-operator] [c3519be0] 17:06:19.055 [ReconcilerExecutor-hivemq-controller-112] DEBUG c.h.p.o.HiveMQPlatformReconciler - [helmcust] Custom Resource Status STARTING - HiveMQ Platform is starting (READY)
2025-01-27 17:06:19,058 INFO c.h.h.t.HelmChartContainer - [hivemq-test-hivemq-platform] [hivemq-platform-operator] [c3519be0] 17:06:19.055 [ReconcilerExecutor-hivemq-controller-112] DEBUG c.h.p.o.HiveMQPlatformReconciler - [helmcust] Custom Resource Spec (replicas: 1) (extensions: 1)
2025-01-27 17:06:19,058 INFO c.h.h.t.HelmChartContainer - [hivemq-test-hivemq-platform] [hivemq-platform-operator] [c3519be0] 17:06:19.056 [ReconcilerExecutor-hivemq-controller-112] DEBUG c.h.p.o.HiveMQPlatformReconciler - [helmcust] StatefulSet Status (revision: test-hivemq-platform-7b9f859fc6, replicas: 1, available: 0, ready: 0, current: 1, updated: 1)
2025-01-27 17:06:19,058 INFO c.h.h.t.HelmChartContainer - [hivemq-test-hivemq-platform] [hivemq-platform-operator] [c3519be0] 17:06:19.056 [ReconcilerExecutor-hivemq-controller-112] DEBUG c.h.p.o.HiveMQPlatformReconciler - [helmcust] StatefulSet Spec (replicas: 1, init containers: 1, containers: 1, volumes: 4)
2025-01-27 17:06:19,060 INFO c.h.h.t.HelmChartContainer - [hivemq-test-hivemq-platform] [hivemq-platform-operator] [c3519be0] 17:06:19.058 [ReconcilerExecutor-hivemq-controller-112] DEBUG c.h.p.o.h.HiveMQPlatformReconcilerErrorHandler - [helmcust] Pod 'test-hivemq-platform-0' phase Running
2025-01-27 17:06:19,061 INFO c.h.h.t.HelmChartContainer - [hivemq-test-hivemq-platform] [hivemq-platform-operator] [c3519be0] 17:06:19.059 [ReconcilerExecutor-hivemq-controller-112] INFO  c.h.p.o.h.HiveMQPlatformReconcilerBaseHandler - [helmcust] HiveMQ Platform is starting, 0 of 1 replicas are ready
2025-01-27 17:06:20,017 INFO c.h.h.t.HelmChartContainer - [test-hivemq-platform] [hivemq] [ccb6c94b] INFO  - No valid license file found. Using trial license, restricted to 25 connections.
2025-01-27 17:06:21,334 INFO c.h.h.t.HelmChartContainer - [test-hivemq-platform] [hivemq] [ccb6c94b] WARN  - [HiveMQ Platform Operator Init App 1.7.0-SNAPSHOT] Cannot connect to Health API for liveness: null
2025-01-27 17:06:21,334 INFO c.h.h.t.HelmChartContainer - [test-hivemq-platform] [hivemq] [ccb6c94b] INFO  - [HiveMQ Platform Operator Init App 1.7.0-SNAPSHOT] Returning default Health API response 200 for liveness
2025-01-27 17:06:23,137 INFO c.h.h.t.HelmChartContainer - [test-hivemq-platform] [hivemq] [ccb6c94b] INFO  - No valid license file for Data Hub found. Using free license, restricted to 1 policy.
2025-01-27 17:06:23,936 INFO c.h.h.t.HelmChartContainer - [test-hivemq-platform] [hivemq] [ccb6c94b] WARN  - [HiveMQ Platform Operator Init App 1.7.0-SNAPSHOT] Cannot connect to Health API for readiness: null
2025-01-27 17:06:23,941 INFO c.h.h.t.HelmChartContainer - [EVENT] Warning [Unhealthy] Readiness probe failed: HTTP probe failed with statuscode: 503 [helmcustomextensionit:test-hivemq-platform-0]
2025-01-27 17:06:23,941 INFO c.h.h.t.HelmChartContainer - Received Unhealthy event for container hivemq in pod test-hivemq-platform-0 [ccb6c94b-4319-4de2-9f7f-f4f6c81420b0]
2025-01-27 17:06:24,142 INFO c.h.h.t.HelmChartContainer - [test-hivemq-platform] [hivemq] [ccb6c94b] INFO  - Audit Logger started.
2025-01-27 17:06:24,543 INFO c.h.h.t.HelmChartContainer - [test-hivemq-platform] [hivemq] [ccb6c94b] INFO  - This node uses '1' CPU cores.
2025-01-27 17:06:24,547 INFO c.h.h.t.HelmChartContainer - [test-hivemq-platform] [hivemq] [ccb6c94b] INFO  - Starting HiveMQ Health API on address 0.0.0.0 and port 8889
2025-01-27 17:06:25,346 INFO c.h.h.t.HelmChartContainer - [test-hivemq-platform] [hivemq] [ccb6c94b] INFO  - Started HiveMQ Health API in 798ms
2025-01-27 17:06:25,350 INFO c.h.h.t.HelmChartContainer - [test-hivemq-platform] [hivemq] [ccb6c94b] INFO  - Starting HiveMQ extension system.
2025-01-27 17:06:25,737 INFO c.h.h.t.HelmChartContainer - [test-hivemq-platform] [hivemq] [ccb6c94b] INFO  - Starting extension with id "hivemq-dns-cluster-discovery" at /opt/hivemq/extensions/hivemq-dns-cluster-discovery
2025-01-27 17:06:26,233 INFO c.h.h.t.HelmChartContainer - [test-hivemq-platform] [hivemq] [ccb6c94b] INFO  - Extension "DNS Cluster Discovery Extension" version 4.3.2 started successfully.
2025-01-27 17:06:26,236 INFO c.h.h.t.HelmChartContainer - [test-hivemq-platform] [hivemq] [ccb6c94b] INFO  - Starting extension with id "hivemq-custom-test-extension" at /opt/hivemq/extensions/hivemq-custom-test-extension
2025-01-27 17:06:26,237 INFO c.h.h.t.HelmChartContainer - [test-hivemq-platform] [hivemq] [ccb6c94b] INFO  - HiveMQ Custom Test Extension started
2025-01-27 17:06:26,237 INFO c.h.h.t.HelmChartContainer - [test-hivemq-platform] [hivemq] [ccb6c94b] INFO  - Extension "HiveMQ Custom Test Extension" version 2.0.0 started successfully.
2025-01-27 17:06:26,237 INFO c.h.h.testcontainer.LogWaiterUtil - TEST Found log pattern on 'test-hivemq-platform-0': .*Extension "HiveMQ Custom Test Extension" version 2.0.0 started successfully.
2025-01-27 17:06:26,237 INFO c.h.h.t.HelmChartContainer - [test-hivemq-platform] [hivemq] [ccb6c94b] INFO  - Starting extension with id "hivemq-prometheus-extension" at /opt/hivemq/extensions/hivemq-prometheus-extension
2025-01-27 17:06:26,335 INFO c.h.h.t.HelmChartContainer - [test-hivemq-platform] [hivemq] [ccb6c94b] INFO  - Using TCP cluster transport on address 10.42.0.7 and port 7000
2025-01-27 17:06:26,339 INFO c.h.h.t.HelmChartContainer - [test-hivemq-platform] [hivemq] [ccb6c94b] INFO  - Using extension cluster discovery
2025-01-27 17:06:27,135 INFO c.h.h.t.HelmChartContainer - [test-hivemq-platform] [hivemq] [ccb6c94b] INFO  - Started Jetty Server exposing Prometheus Servlet on URI http://0.0.0.0:9399/
2025-01-27 17:06:27,136 INFO c.h.h.t.HelmChartContainer - [test-hivemq-platform] [hivemq] [ccb6c94b] INFO  - Extension "Prometheus Monitoring Extension" version 4.0.12 started successfully.
2025-01-27 17:06:27,136 INFO c.h.h.t.HelmChartContainer - [test-hivemq-platform] [hivemq] [ccb6c94b] INFO  - Starting extension with id "hivemq-allow-all-extension" at /opt/hivemq/extensions/hivemq-allow-all-extension
2025-01-27 17:06:27,136 INFO c.h.h.t.HelmChartContainer - [test-hivemq-platform] [hivemq] [ccb6c94b] WARN  - 
2025-01-27 17:06:27,136 INFO c.h.h.t.HelmChartContainer - [test-hivemq-platform] [hivemq] [ccb6c94b] ################################################################################################################
2025-01-27 17:06:27,136 INFO c.h.h.t.HelmChartContainer - [test-hivemq-platform] [hivemq] [ccb6c94b] # This HiveMQ deployment is not secure! You are lacking Authentication and Authorization.                      #
2025-01-27 17:06:27,136 INFO c.h.h.t.HelmChartContainer - [test-hivemq-platform] [hivemq] [ccb6c94b] # Right now any MQTT client can connect to the broker with a full set of permissions.                          #
2025-01-27 17:06:27,136 INFO c.h.h.t.HelmChartContainer - [test-hivemq-platform] [hivemq] [ccb6c94b] # For production usage, add an appropriate security extension and remove the hivemq-allow-all extension.       #
2025-01-27 17:06:27,136 INFO c.h.h.t.HelmChartContainer - [test-hivemq-platform] [hivemq] [ccb6c94b] # You can download security extensions from the HiveMQ Marketplace (https://www.hivemq.com/extensions/).       #
2025-01-27 17:06:27,136 INFO c.h.h.t.HelmChartContainer - [test-hivemq-platform] [hivemq] [ccb6c94b] ################################################################################################################
2025-01-27 17:06:27,136 INFO c.h.h.t.HelmChartContainer - [test-hivemq-platform] [hivemq] [ccb6c94b] INFO  - Extension "Allow All Extension" version 1.1.0 started successfully.
2025-01-27 17:06:29,065 INFO c.h.h.t.HelmChartContainer - [hivemq-test-hivemq-platform] [hivemq-platform-operator] [c3519be0] 17:06:29.063 [pool-6-thread-44] DEBUG c.h.p.o.d.PodServiceAccountResource - [helmcust] Desired PodServiceAccountResource (serviceAccountName: hivemq-platform-pod-test-hivemq-platform)
2025-01-27 17:06:29,066 INFO c.h.h.t.HelmChartContainer - [hivemq-test-hivemq-platform] [hivemq-platform-operator] [c3519be0] 17:06:29.062 [pool-6-thread-46] DEBUG c.h.p.o.d.PlatformServiceResource - [helmcust] Desired Platform services (3 services)
2025-01-27 17:06:29,066 INFO c.h.h.t.HelmChartContainer - [hivemq-test-hivemq-platform] [hivemq-platform-operator] [c3519be0] 17:06:29.064 [pool-6-thread-45] DEBUG c.h.p.o.dependants.PodInfoConfigMap - [helmcust] Desired PodInfo ConfigMap (1 extensions) (1 enabled)
2025-01-27 17:06:29,066 INFO c.h.h.t.HelmChartContainer - [hivemq-test-hivemq-platform] [hivemq-platform-operator] [c3519be0] 17:06:29.064 [pool-6-thread-45] DEBUG c.h.p.o.dependants.PodInfoConfigMap - [helmcust] Desired PodInfo ConfigMap (metrics port: 9399) (metrics path: /)
2025-01-27 17:06:29,066 INFO c.h.h.t.HelmChartContainer - [hivemq-test-hivemq-platform] [hivemq-platform-operator] [c3519be0] 17:06:29.064 [pool-6-thread-45] DEBUG c.h.p.o.dependants.PodInfoConfigMap - [helmcust] Desired PodInfo ConfigMap (extension state hash: -521662792)
2025-01-27 17:06:29,073 INFO c.h.h.t.HelmChartContainer - [hivemq-test-hivemq-platform] [hivemq-platform-operator] [c3519be0] 17:06:29.072 [pool-6-thread-46] DEBUG c.h.p.o.d.StatefulSetResource - [helmcust] Desired StatefulSet (1 replicas) for status STARTING (READY)
2025-01-27 17:06:29,079 INFO c.h.h.t.HelmChartContainer - [hivemq-test-hivemq-platform] [hivemq-platform-operator] [c3519be0] 17:06:29.076 [ReconcilerExecutor-hivemq-controller-113] INFO  c.h.p.o.HiveMQPlatformReconciler - [helmcust] Reconciling HiveMQ Platform 'test-hivemq-platform' in namespace 'helmcustomextensionit'
2025-01-27 17:06:29,079 INFO c.h.h.t.HelmChartContainer - [hivemq-test-hivemq-platform] [hivemq-platform-operator] [c3519be0] 17:06:29.076 [ReconcilerExecutor-hivemq-controller-113] DEBUG c.h.p.o.HiveMQPlatformReconciler - [helmcust] Custom Resource Status STARTING - HiveMQ Platform is starting (READY)
2025-01-27 17:06:29,079 INFO c.h.h.t.HelmChartContainer - [hivemq-test-hivemq-platform] [hivemq-platform-operator] [c3519be0] 17:06:29.076 [ReconcilerExecutor-hivemq-controller-113] DEBUG c.h.p.o.HiveMQPlatformReconciler - [helmcust] Custom Resource Spec (replicas: 1) (extensions: 1)
2025-01-27 17:06:29,153 INFO c.h.h.t.HelmChartContainer - [hivemq-test-hivemq-platform] [hivemq-platform-operator] [c3519be0] 17:06:29.149 [ReconcilerExecutor-hivemq-controller-113] DEBUG c.h.p.o.HiveMQPlatformReconciler - [helmcust] StatefulSet Status (revision: test-hivemq-platform-7b9f859fc6, replicas: 1, available: 0, ready: 0, current: 1, updated: 1)
2025-01-27 17:06:29,153 INFO c.h.h.t.HelmChartContainer - [hivemq-test-hivemq-platform] [hivemq-platform-operator] [c3519be0] 17:06:29.150 [ReconcilerExecutor-hivemq-controller-113] DEBUG c.h.p.o.HiveMQPlatformReconciler - [helmcust] StatefulSet Spec (replicas: 1, init containers: 1, containers: 1, volumes: 4)
2025-01-27 17:06:29,155 INFO c.h.h.t.HelmChartContainer - [hivemq-test-hivemq-platform] [hivemq-platform-operator] [c3519be0] 17:06:29.154 [ReconcilerExecutor-hivemq-controller-113] DEBUG c.h.p.o.h.HiveMQPlatformReconcilerErrorHandler - [helmcust] Pod 'test-hivemq-platform-0' phase Running
2025-01-27 17:06:29,156 INFO c.h.h.t.HelmChartContainer - [hivemq-test-hivemq-platform] [hivemq-platform-operator] [c3519be0] 17:06:29.155 [ReconcilerExecutor-hivemq-controller-113] INFO  c.h.p.o.h.HiveMQPlatformReconcilerBaseHandler - [helmcust] HiveMQ Platform is starting, 0 of 1 replicas are ready
2025-01-27 17:06:29,245 INFO c.h.h.t.HelmChartContainer - [test-hivemq-platform] [hivemq] [ccb6c94b] INFO  - [HiveMQ Platform Operator Init App 1.7.0-SNAPSHOT] Returning Health API response 503 for readiness
2025-01-27 17:06:29,250 INFO c.h.h.t.HelmChartContainer - [EVENT] Warning [Unhealthy] Readiness probe failed: HTTP probe failed with statuscode: 503 [helmcustomextensionit:test-hivemq-platform-0]
2025-01-27 17:06:29,250 INFO c.h.h.t.HelmChartContainer - Received Unhealthy event for container hivemq in pod test-hivemq-platform-0 [ccb6c94b-4319-4de2-9f7f-f4f6c81420b0]
2025-01-27 17:06:29,316 INFO c.h.h.t.HelmChartContainer - [test-hivemq-platform] [hivemq] [ccb6c94b] INFO  - 9WxpC: no members discovered after 2279 ms: creating cluster as first member
2025-01-27 17:06:29,340 INFO c.h.h.t.HelmChartContainer - [test-hivemq-platform] [hivemq] [ccb6c94b] INFO  - Cluster nodes found by discovery: [9WxpC|0] (1) [9WxpC].
2025-01-27 17:06:29,447 INFO c.h.h.t.HelmChartContainer - [test-hivemq-platform] [hivemq] [ccb6c94b] INFO  - No user for HiveMQ Control Center configured. Starting with default user
2025-01-27 17:06:29,447 INFO c.h.h.t.HelmChartContainer - [test-hivemq-platform] [hivemq] [ccb6c94b] INFO  - Starting HiveMQ Control Center on address 0.0.0.0 and port 8080
2025-01-27 17:06:29,451 INFO c.h.h.t.HelmChartContainer - [test-hivemq-platform] [hivemq] [ccb6c94b] INFO  - Mounting HiveMQ Control Center V2 Preview
2025-01-27 17:06:30,147 INFO c.h.h.t.HelmChartContainer - [test-hivemq-platform] [hivemq] [ccb6c94b] INFO  - Started HiveMQ Control Center in 700ms
2025-01-27 17:06:30,241 INFO c.h.h.t.HelmChartContainer - [test-hivemq-platform] [hivemq] [ccb6c94b] INFO  - Starting TCP listener on address 0.0.0.0 and port 1883
2025-01-27 17:06:30,252 INFO c.h.h.t.HelmChartContainer - [test-hivemq-platform] [hivemq] [ccb6c94b] INFO  - Started TCP Listener on address 0.0.0.0 and on port 1883.
2025-01-27 17:06:30,252 INFO c.h.h.t.HelmChartContainer - [test-hivemq-platform] [hivemq] [ccb6c94b] INFO  - Started HiveMQ in 29521ms
2025-01-27 17:06:33,933 INFO c.h.h.t.HelmChartContainer - [test-hivemq-platform] [hivemq] [ccb6c94b] INFO  - [HiveMQ Platform Operator Init App 1.7.0-SNAPSHOT] Returning Health API response 200 for readiness
2025-01-27 17:06:33,947 INFO c.h.h.t.HelmChartContainer - [POD] test-hivemq-platform-0 [ccb6c94b-4319-4de2-9f7f-f4f6c81420b0] in helmcustomextensionit was MODIFIED
2025-01-27 17:06:33,969 INFO c.h.h.t.HelmChartContainer - [hivemq-test-hivemq-platform] [hivemq-platform-operator] [c3519be0] 17:06:33.959 [pool-6-thread-4] DEBUG c.h.p.o.dependants.PodInfoConfigMap - [helmcust] Desired PodInfo ConfigMap (1 extensions) (1 enabled)
2025-01-27 17:06:33,969 INFO c.h.h.t.HelmChartContainer - [hivemq-test-hivemq-platform] [hivemq-platform-operator] [c3519be0] 17:06:33.963 [pool-6-thread-4] DEBUG c.h.p.o.dependants.PodInfoConfigMap - [helmcust] Desired PodInfo ConfigMap (metrics port: 9399) (metrics path: /)
2025-01-27 17:06:33,969 INFO c.h.h.t.HelmChartContainer - [hivemq-test-hivemq-platform] [hivemq-platform-operator] [c3519be0] 17:06:33.964 [pool-6-thread-4] DEBUG c.h.p.o.dependants.PodInfoConfigMap - [helmcust] Desired PodInfo ConfigMap (extension state hash: -521662792)
2025-01-27 17:06:33,972 INFO c.h.h.t.HelmChartContainer - [hivemq-test-hivemq-platform] [hivemq-platform-operator] [c3519be0] 17:06:33.969 [pool-6-thread-6] DEBUG c.h.p.o.d.PlatformServiceResource - [helmcust] Desired Platform services (3 services)
2025-01-27 17:06:33,975 INFO c.h.h.t.HelmChartContainer - [hivemq-test-hivemq-platform] [hivemq-platform-operator] [c3519be0] 17:06:33.960 [pool-6-thread-2] DEBUG c.h.p.o.d.PodServiceAccountResource - [helmcust] Desired PodServiceAccountResource (serviceAccountName: hivemq-platform-pod-test-hivemq-platform)
2025-01-27 17:06:33,977 INFO c.h.h.t.HelmChartContainer - [hivemq-test-hivemq-platform] [hivemq-platform-operator] [c3519be0] 17:06:33.976 [pool-6-thread-6] DEBUG c.h.p.o.d.StatefulSetResource - [helmcust] Desired StatefulSet (1 replicas) for status STARTING (READY)
2025-01-27 17:06:34,052 INFO c.h.h.t.HelmChartContainer - [hivemq-test-hivemq-platform] [hivemq-platform-operator] [c3519be0] 17:06:34.051 [ReconcilerExecutor-hivemq-controller-114] INFO  c.h.p.o.HiveMQPlatformReconciler - [helmcust] Reconciling HiveMQ Platform 'test-hivemq-platform' in namespace 'helmcustomextensionit'
2025-01-27 17:06:34,054 INFO c.h.h.t.HelmChartContainer - [hivemq-test-hivemq-platform] [hivemq-platform-operator] [c3519be0] 17:06:34.051 [ReconcilerExecutor-hivemq-controller-114] DEBUG c.h.p.o.HiveMQPlatformReconciler - [helmcust] Custom Resource Status STARTING - HiveMQ Platform is starting (READY)
2025-01-27 17:06:34,055 INFO c.h.h.t.HelmChartContainer - [hivemq-test-hivemq-platform] [hivemq-platform-operator] [c3519be0] 17:06:34.051 [ReconcilerExecutor-hivemq-controller-114] DEBUG c.h.p.o.HiveMQPlatformReconciler - [helmcust] Custom Resource Spec (replicas: 1) (extensions: 1)
2025-01-27 17:06:34,055 INFO c.h.h.t.HelmChartContainer - [hivemq-test-hivemq-platform] [hivemq-platform-operator] [c3519be0] 17:06:34.053 [ReconcilerExecutor-hivemq-controller-114] DEBUG c.h.p.o.HiveMQPlatformReconciler - [helmcust] StatefulSet Status (revision: test-hivemq-platform-7b9f859fc6, replicas: 1, available: 1, ready: 1, current: 1, updated: 1)
2025-01-27 17:06:34,056 INFO c.h.h.t.HelmChartContainer - [hivemq-test-hivemq-platform] [hivemq-platform-operator] [c3519be0] 17:06:34.054 [ReconcilerExecutor-hivemq-controller-114] DEBUG c.h.p.o.HiveMQPlatformReconciler - [helmcust] StatefulSet Spec (replicas: 1, init containers: 1, containers: 1, volumes: 4)
2025-01-27 17:06:34,057 INFO c.h.h.t.HelmChartContainer - [hivemq-test-hivemq-platform] [hivemq-platform-operator] [c3519be0] 17:06:34.055 [ReconcilerExecutor-hivemq-controller-114] DEBUG c.h.p.o.h.HiveMQPlatformReconcilerErrorHandler - [helmcust] Pod 'test-hivemq-platform-0' phase Running
2025-01-27 17:06:34,058 INFO c.h.h.t.HelmChartContainer - [hivemq-test-hivemq-platform] [hivemq-platform-operator] [c3519be0] 17:06:34.056 [ReconcilerExecutor-hivemq-controller-114] INFO  c.h.p.o.h.HiveMQPlatformReconcilerBaseHandler - [helmcust] HiveMQ Platform started successfully
2025-01-27 17:06:34,156 INFO c.h.h.t.HelmChartContainer - [hivemq-test-hivemq-platform] [hivemq-platform-operator] [c3519be0] 17:06:34.154 [ReconcilerExecutor-hivemq-controller-114] DEBUG c.h.p.operator.event.EventSender - [helmcust] Creating K8s event hivemq-platform-ready: [Ready] HiveMQ Platform is ready
2025-01-27 17:06:34,163 INFO c.h.h.t.HelmChartContainer - [EVENT] Normal [Ready] HiveMQ Platform is ready [helmcustomextensionit:test-hivemq-platform]
2025-01-27 17:06:34,164 INFO c.h.h.t.HelmChartContainer - [hivemq-test-hivemq-platform] [hivemq-platform-operator] [c3519be0] 17:06:34.162 [ReconcilerExecutor-hivemq-controller-114] INFO  c.h.p.o.h.AbstractHiveMQReconcilerStateHandler - [helmcust] Update HiveMQ Platform Status (STARTING [READY] -> RUNNING [READY]): HiveMQ Platform is ready
2025-01-27 17:06:34,172 DEBUG com.hivemq.helmcharts.util.K8sUtil - Comparing actual state 'RUNNING' and waiting for 'RUNNING'
2025-01-27 17:06:34,179 INFO c.h.h.t.HelmChartContainer - [hivemq-test-hivemq-platform] [hivemq-platform-operator] [c3519be0] 17:06:34.177 [pool-6-thread-19] DEBUG c.h.p.o.d.PlatformServiceResource - [helmcust] Desired Platform services (3 services)
2025-01-27 17:06:34,223 INFO c.h.h.t.HelmChartContainer - [hivemq-test-hivemq-platform] [hivemq-platform-operator] [c3519be0] 17:06:34.221 [pool-6-thread-17] DEBUG c.h.p.o.dependants.PodInfoConfigMap - [helmcust] Desired PodInfo ConfigMap (1 extensions) (1 enabled)
2025-01-27 17:06:34,223 INFO c.h.h.t.HelmChartContainer - [hivemq-test-hivemq-platform] [hivemq-platform-operator] [c3519be0] 17:06:34.222 [pool-6-thread-17] DEBUG c.h.p.o.dependants.PodInfoConfigMap - [helmcust] Desired PodInfo ConfigMap (metrics port: 9399) (metrics path: /)
2025-01-27 17:06:34,223 INFO c.h.h.t.HelmChartContainer - [hivemq-test-hivemq-platform] [hivemq-platform-operator] [c3519be0] 17:06:34.222 [pool-6-thread-17] DEBUG c.h.p.o.dependants.PodInfoConfigMap - [helmcust] Desired PodInfo ConfigMap (extension state hash: -521662792)
2025-01-27 17:06:34,223 INFO c.h.h.t.HelmChartContainer - [hivemq-test-hivemq-platform] [hivemq-platform-operator] [c3519be0] 17:06:34.222 [pool-6-thread-16] DEBUG c.h.p.o.d.PodServiceAccountResource - [helmcust] Desired PodServiceAccountResource (serviceAccountName: hivemq-platform-pod-test-hivemq-platform)
2025-01-27 17:06:34,253 INFO c.h.h.t.HelmChartContainer - [hivemq-test-hivemq-platform] [hivemq-platform-operator] [c3519be0] 17:06:34.249 [pool-6-thread-17] DEBUG c.h.p.o.dependants.PodInfoConfigMap - [helmcust] Update PodInfo ConfigMap
2025-01-27 17:06:34,262 INFO c.h.h.t.HelmChartContainer - [hivemq-test-hivemq-platform] [hivemq-platform-operator] [c3519be0] 17:06:34.260 [pool-6-thread-17] DEBUG c.h.p.o.d.StatefulSetResource - [helmcust] Desired StatefulSet (1 replicas) for status RUNNING (READY)
2025-01-27 17:06:34,319 INFO c.h.h.t.HelmChartContainer - [hivemq-test-hivemq-platform] [hivemq-platform-operator] [c3519be0] 17:06:34.317 [ReconcilerExecutor-hivemq-controller-115] INFO  c.h.p.o.HiveMQPlatformReconciler - [helmcust] Reconciling HiveMQ Platform 'test-hivemq-platform' in namespace 'helmcustomextensionit'
2025-01-27 17:06:34,319 INFO c.h.h.t.HelmChartContainer - [hivemq-test-hivemq-platform] [hivemq-platform-operator] [c3519be0] 17:06:34.317 [ReconcilerExecutor-hivemq-controller-115] DEBUG c.h.p.o.HiveMQPlatformReconciler - [helmcust] Custom Resource Status RUNNING - HiveMQ Platform is ready (READY)
2025-01-27 17:06:34,319 INFO c.h.h.t.HelmChartContainer - [hivemq-test-hivemq-platform] [hivemq-platform-operator] [c3519be0] 17:06:34.317 [ReconcilerExecutor-hivemq-controller-115] DEBUG c.h.p.o.HiveMQPlatformReconciler - [helmcust] Custom Resource Spec (replicas: 1) (extensions: 1)
2025-01-27 17:06:34,352 INFO c.h.h.t.HelmChartContainer - [hivemq-test-hivemq-platform] [hivemq-platform-operator] [c3519be0] 17:06:34.350 [ReconcilerExecutor-hivemq-controller-115] DEBUG c.h.p.o.HiveMQPlatformReconciler - [helmcust] StatefulSet Status (revision: test-hivemq-platform-7b9f859fc6, replicas: 1, available: 1, ready: 1, current: 1, updated: 1)
2025-01-27 17:06:34,352 INFO c.h.h.t.HelmChartContainer - [hivemq-test-hivemq-platform] [hivemq-platform-operator] [c3519be0] 17:06:34.350 [ReconcilerExecutor-hivemq-controller-115] DEBUG c.h.p.o.HiveMQPlatformReconciler - [helmcust] StatefulSet Spec (replicas: 1, init containers: 1, containers: 1, volumes: 4)
2025-01-27 17:06:34,354 INFO c.h.h.t.HelmChartContainer - [hivemq-test-hivemq-platform] [hivemq-platform-operator] [c3519be0] 17:06:34.351 [ReconcilerExecutor-hivemq-controller-115] DEBUG c.h.p.o.h.HiveMQPlatformReconcilerErrorHandler - [helmcust] Pod 'test-hivemq-platform-0' phase Running
2025-01-27 17:06:36,188 INFO c.h.h.t.HelmChartContainer - Uninstalling release 'test-hivemq-platform' in namespace 'helmcustomextensionit'...
2025-01-27 17:06:36,189 DEBUG c.h.h.t.HelmChartContainer - Executing helm command: /bin/helm --kubeconfig /etc/rancher/k3s/k3s.yaml uninstall test-hivemq-platform  --wait --timeout 5m0s --cascade foreground --namespace helmcustomextensionit
2025-01-27 17:06:36,372 INFO c.h.h.t.HelmChartContainer - [hivemq-test-hivemq-platform] [hivemq-platform-operator] [c3519be0] 17:06:36.370 [pool-6-thread-25] DEBUG c.h.p.o.d.PlatformServiceResource - [helmcust] Desired Platform services (3 services)
2025-01-27 17:06:36,380 INFO c.h.h.t.HelmChartContainer - [hivemq-test-hivemq-platform] [hivemq-platform-operator] [c3519be0] 17:06:36.375 [pool-6-thread-27] DEBUG c.h.p.o.d.PodServiceAccountResource - [helmcust] Desired PodServiceAccountResource (serviceAccountName: hivemq-platform-pod-test-hivemq-platform)
2025-01-27 17:06:36,387 INFO c.h.h.t.HelmChartContainer - [hivemq-test-hivemq-platform] [hivemq-platform-operator] [c3519be0] 17:06:36.373 [pool-6-thread-22] DEBUG c.h.p.o.dependants.PodInfoConfigMap - [helmcust] Desired PodInfo ConfigMap (1 extensions) (1 enabled)
2025-01-27 17:06:36,387 INFO c.h.h.t.HelmChartContainer - [hivemq-test-hivemq-platform] [hivemq-platform-operator] [c3519be0] 17:06:36.377 [pool-6-thread-22] DEBUG c.h.p.o.dependants.PodInfoConfigMap - [helmcust] Desired PodInfo ConfigMap (metrics port: 9399) (metrics path: /)
2025-01-27 17:06:36,387 INFO c.h.h.t.HelmChartContainer - [hivemq-test-hivemq-platform] [hivemq-platform-operator] [c3519be0] 17:06:36.378 [pool-6-thread-22] DEBUG c.h.p.o.dependants.PodInfoConfigMap - [helmcust] Desired PodInfo ConfigMap (extension state hash: -521662792)
2025-01-27 17:06:36,453 INFO c.h.h.t.HelmChartContainer - [hivemq-test-hivemq-platform] [hivemq-platform-operator] [c3519be0] 17:06:36.451 [pool-6-thread-22] DEBUG c.h.p.o.d.StatefulSetResource - [helmcust] Desired StatefulSet (1 replicas) for status RUNNING (READY)
2025-01-27 17:06:36,458 INFO c.h.h.t.HelmChartContainer - [hivemq-test-hivemq-platform] [hivemq-platform-operator] [c3519be0] 17:06:36.457 [pool-6-thread-22] DEBUG c.h.p.o.d.StatefulSetResource - [helmcust] Update StatefulSet (replicas: 1 -> 1)
2025-01-27 17:06:36,460 INFO c.h.h.t.HelmChartContainer - [hivemq-test-hivemq-platform] [hivemq-platform-operator] [c3519be0] 17:06:36.458 [pool-6-thread-22] DEBUG c.h.p.o.d.StatefulSetResource - [helmcust] Detected change in StatefulSet specification (path: /template/metadata/annotations/kubernetes-resource-versions) (actual value: {broker-configuration-v2=-2089688360}) (target value: {broker-configuration-v2=0})
2025-01-27 17:06:36,460 INFO c.h.h.t.HelmChartContainer - [hivemq-test-hivemq-platform] [hivemq-platform-operator] [c3519be0] 17:06:36.458 [pool-6-thread-22] INFO  c.h.p.o.d.StatefulSetResource - [helmcust] StatefulSet spec was updated, triggering rolling restart
2025-01-27 17:06:36,558 INFO c.h.h.t.HelmChartContainer - [hivemq-test-hivemq-platform] [hivemq-platform-operator] [c3519be0] 17:06:36.556 [ReconcilerExecutor-hivemq-controller-116] INFO  c.h.p.o.HiveMQPlatformReconciler - [helmcust] Reconciling HiveMQ Platform 'test-hivemq-platform' in namespace 'helmcustomextensionit'
2025-01-27 17:06:36,561 INFO c.h.h.t.HelmChartContainer - [hivemq-test-hivemq-platform] [hivemq-platform-operator] [c3519be0] 17:06:36.557 [ReconcilerExecutor-hivemq-controller-116] DEBUG c.h.p.o.HiveMQPlatformReconciler - [helmcust] Custom Resource Status RUNNING - HiveMQ Platform is ready (READY) (reconciliation requests: REQUESTS_UPDATED, ROLLING_RESTART)
2025-01-27 17:06:36,561 INFO c.h.h.t.HelmChartContainer - [hivemq-test-hivemq-platform] [hivemq-platform-operator] [c3519be0] 17:06:36.557 [ReconcilerExecutor-hivemq-controller-116] DEBUG c.h.p.o.HiveMQPlatformReconciler - [helmcust] Custom Resource Spec (replicas: 1) (extensions: 1)
2025-01-27 17:06:36,561 INFO c.h.h.t.HelmChartContainer - [hivemq-test-hivemq-platform] [hivemq-platform-operator] [c3519be0] 17:06:36.557 [ReconcilerExecutor-hivemq-controller-116] WARN  c.h.p.o.h.HiveMQPlatformReconcilerErrorHandler - [helmcust] Could not find ConfigMap 'hivemq-configuration-test-hivemq-platform' for HiveMQ Platform configuration
2025-01-27 17:06:36,663 INFO c.h.h.t.HelmChartContainer - [hivemq-test-hivemq-platform] [hivemq-platform-operator] [c3519be0] 17:06:36.661 [ReconcilerExecutor-hivemq-controller-116] DEBUG c.h.p.operator.event.EventSender - [helmcust] Creating K8s event hivemq-platform-invalid-configuration: [Start] Could not find ConfigMap 'hivemq-configuration-test-hivemq-platform' for HiveMQ Platform configuration
2025-01-27 17:06:36,667 INFO c.h.h.t.HelmChartContainer - [EVENT] Warning [Start] Could not find ConfigMap 'hivemq-configuration-test-hivemq-platform' for HiveMQ Platform configuration [helmcustomextensionit:test-hivemq-platform]
2025-01-27 17:06:36,669 INFO c.h.h.t.HelmChartContainer - [hivemq-test-hivemq-platform] [hivemq-platform-operator] [c3519be0] 17:06:36.668 [ReconcilerExecutor-hivemq-controller-116] INFO  c.h.p.o.h.AbstractHiveMQReconcilerStateHandler - [helmcust] Update HiveMQ Platform Status (RUNNING [READY] -> ERROR [INVALID_CONFIG_MAP]): Could not find ConfigMap 'hivemq-configuration-test-hivemq-platform' for HiveMQ Platform configuration (reconciliation requests: ROLLING_RESTART)
2025-01-27 17:06:36,760 INFO c.h.h.t.HelmChartContainer - [hivemq-test-hivemq-platform] [hivemq-platform-operator] [c3519be0] 17:06:36.757 [ReconcilerExecutor-hivemq-controller-116] ERROR i.j.o.p.event.EventProcessor - Error during event processing ExecutionScope{ resource id: ResourceID{name='test-hivemq-platform', namespace='helmcustomextensionit'}, version: 632}
2025-01-27 17:06:36,760 INFO c.h.h.t.HelmChartContainer - [hivemq-test-hivemq-platform] [hivemq-platform-operator] [c3519be0] io.fabric8.kubernetes.client.KubernetesClientException: Failure executing: PUT at: https://10.43.0.1:443/apis/hivemq.com/v1/namespaces/helmcustomextensionit/hivemq-platforms/test-hivemq-platform/status. Message: Operation cannot be fulfilled on hivemq-platforms.hivemq.com "test-hivemq-platform": the object has been modified; please apply your changes to the latest version and try again. Received status: Status(apiVersion=v1, code=409, details=StatusDetails(causes=[], group=hivemq.com, kind=hivemq-platforms, name=test-hivemq-platform, retryAfterSeconds=null, uid=null, additionalProperties={}), kind=Status, message=Operation cannot be fulfilled on hivemq-platforms.hivemq.com "test-hivemq-platform": the object has been modified; please apply your changes to the latest version and try again, metadata=ListMeta(_continue=null, remainingItemCount=null, resourceVersion=null, selfLink=null, additionalProperties={}), reason=Conflict, status=Failure, additionalProperties={}).
2025-01-27 17:06:36,760 INFO c.h.h.t.HelmChartContainer - [hivemq-test-hivemq-platform] [hivemq-platform-operator] [c3519be0] 	at io.fabric8.kubernetes.client.KubernetesClientException.copyAsCause(KubernetesClientException.java:238)
2025-01-27 17:06:36,760 INFO c.h.h.t.HelmChartContainer - [hivemq-test-hivemq-platform] [hivemq-platform-operator] [c3519be0] 	at io.fabric8.kubernetes.client.dsl.internal.OperationSupport.waitForResult(OperationSupport.java:507)
2025-01-27 17:06:36,760 INFO c.h.h.t.HelmChartContainer - [hivemq-test-hivemq-platform] [hivemq-platform-operator] [c3519be0] 	at io.fabric8.kubernetes.client.dsl.internal.OperationSupport.handleResponse(OperationSupport.java:524)
2025-01-27 17:06:36,760 INFO c.h.h.t.HelmChartContainer - [hivemq-test-hivemq-platform] [hivemq-platform-operator] [c3519be0] 	at io.fabric8.kubernetes.client.dsl.internal.OperationSupport.handleUpdate(OperationSupport.java:358)
2025-01-27 17:06:36,760 INFO c.h.h.t.HelmChartContainer - [hivemq-test-hivemq-platform] [hivemq-platform-operator] [c3519be0] 	at io.fabric8.kubernetes.client.dsl.internal.BaseOperation.handleUpdate(BaseOperation.java:759)
2025-01-27 17:06:36,760 INFO c.h.h.t.HelmChartContainer - [hivemq-test-hivemq-platform] [hivemq-platform-operator] [c3519be0] 	at io.fabric8.kubernetes.client.dsl.internal.HasMetadataOperation.update(HasMetadataOperation.java:138)
2025-01-27 17:06:36,760 INFO c.h.h.t.HelmChartContainer - [hivemq-test-hivemq-platform] [hivemq-platform-operator] [c3519be0] 	at io.fabric8.kubernetes.client.dsl.internal.HasMetadataOperation.update(HasMetadataOperation.java:121)
2025-01-27 17:06:36,760 INFO c.h.h.t.HelmChartContainer - [hivemq-test-hivemq-platform] [hivemq-platform-operator] [c3519be0] 	at io.fabric8.kubernetes.client.dsl.internal.HasMetadataOperation.updateStatus(HasMetadataOperation.java:126)
2025-01-27 17:06:36,760 INFO c.h.h.t.HelmChartContainer - [hivemq-test-hivemq-platform] [hivemq-platform-operator] [c3519be0] 	at io.fabric8.kubernetes.client.dsl.internal.HasMetadataOperation.updateStatus(HasMetadataOperation.java:44)
2025-01-27 17:06:36,763 INFO c.h.h.t.HelmChartContainer - [hivemq-test-hivemq-platform] [hivemq-platform-operator] [c3519be0] 	at io.javaoperatorsdk.operator.processing.event.ReconciliationDispatcher$CustomResourceFacade.updateStatus(ReconciliationDispatcher.java:408)
2025-01-27 17:06:36,763 INFO c.h.h.t.HelmChartContainer - [hivemq-test-hivemq-platform] [hivemq-platform-operator] [c3519be0] 	at io.javaoperatorsdk.operator.processing.event.ReconciliationDispatcher.updateStatusGenerationAware(ReconciliationDispatcher.java:228)
2025-01-27 17:06:36,763 INFO c.h.h.t.HelmChartContainer - [hivemq-test-hivemq-platform] [hivemq-platform-operator] [c3519be0] 	at io.javaoperatorsdk.operator.processing.event.ReconciliationDispatcher.reconcileExecution(ReconciliationDispatcher.java:150)
2025-01-27 17:06:36,763 INFO c.h.h.t.HelmChartContainer - [hivemq-test-hivemq-platform] [hivemq-platform-operator] [c3519be0] 	at io.javaoperatorsdk.operator.processing.event.ReconciliationDispatcher.handleReconcile(ReconciliationDispatcher.java:117)
2025-01-27 17:06:36,765 INFO c.h.h.t.HelmChartContainer - [hivemq-test-hivemq-platform] [hivemq-platform-operator] [c3519be0] 	at io.javaoperatorsdk.operator.processing.event.ReconciliationDispatcher.handleDispatch(ReconciliationDispatcher.java:91)
2025-01-27 17:06:36,765 INFO c.h.h.t.HelmChartContainer - [hivemq-test-hivemq-platform] [hivemq-platform-operator] [c3519be0] 	at io.javaoperatorsdk.operator.processing.event.ReconciliationDispatcher.handleExecution(ReconciliationDispatcher.java:64)
2025-01-27 17:06:36,765 INFO c.h.h.t.HelmChartContainer - [hivemq-test-hivemq-platform] [hivemq-platform-operator] [c3519be0] 	at io.javaoperatorsdk.operator.processing.event.EventProcessor$ReconcilerExecutor.run(EventProcessor.java:452)
2025-01-27 17:06:36,765 INFO c.h.h.t.HelmChartContainer - [hivemq-test-hivemq-platform] [hivemq-platform-operator] [c3519be0] 	at java.base/java.util.concurrent.ThreadPoolExecutor.runWorker(Unknown Source)
2025-01-27 17:06:36,765 INFO c.h.h.t.HelmChartContainer - [hivemq-test-hivemq-platform] [hivemq-platform-operator] [c3519be0] 	at java.base/java.util.concurrent.ThreadPoolExecutor$Worker.run(Unknown Source)
2025-01-27 17:06:36,765 INFO c.h.h.t.HelmChartContainer - [hivemq-test-hivemq-platform] [hivemq-platform-operator] [c3519be0] 	at java.base/java.lang.Thread.run(Unknown Source)
2025-01-27 17:06:36,766 INFO c.h.h.t.HelmChartContainer - [hivemq-test-hivemq-platform] [hivemq-platform-operator] [c3519be0] Caused by: io.fabric8.kubernetes.client.KubernetesClientException: Failure executing: PUT at: https://10.43.0.1:443/apis/hivemq.com/v1/namespaces/helmcustomextensionit/hivemq-platforms/test-hivemq-platform/status. Message: Operation cannot be fulfilled on hivemq-platforms.hivemq.com "test-hivemq-platform": the object has been modified; please apply your changes to the latest version and try again. Received status: Status(apiVersion=v1, code=409, details=StatusDetails(causes=[], group=hivemq.com, kind=hivemq-platforms, name=test-hivemq-platform, retryAfterSeconds=null, uid=null, additionalProperties={}), kind=Status, message=Operation cannot be fulfilled on hivemq-platforms.hivemq.com "test-hivemq-platform": the object has been modified; please apply your changes to the latest version and try again, metadata=ListMeta(_continue=null, remainingItemCount=null, resourceVersion=null, selfLink=null, additionalProperties={}), reason=Conflict, status=Failure, additionalProperties={}).
2025-01-27 17:06:36,766 INFO c.h.h.t.HelmChartContainer - [hivemq-test-hivemq-platform] [hivemq-platform-operator] [c3519be0] 	at io.fabric8.kubernetes.client.dsl.internal.OperationSupport.requestFailure(OperationSupport.java:660)
2025-01-27 17:06:36,766 INFO c.h.h.t.HelmChartContainer - [hivemq-test-hivemq-platform] [hivemq-platform-operator] [c3519be0] 	at io.fabric8.kubernetes.client.dsl.internal.OperationSupport.requestFailure(OperationSupport.java:640)
2025-01-27 17:06:36,766 INFO c.h.h.t.HelmChartContainer - [hivemq-test-hivemq-platform] [hivemq-platform-operator] [c3519be0] 	at io.fabric8.kubernetes.client.dsl.internal.OperationSupport.assertResponseCode(OperationSupport.java:589)
2025-01-27 17:06:36,766 INFO c.h.h.t.HelmChartContainer - [hivemq-test-hivemq-platform] [hivemq-platform-operator] [c3519be0] 	at io.fabric8.kubernetes.client.dsl.internal.OperationSupport.lambda$handleResponse$0(OperationSupport.java:549)
2025-01-27 17:06:36,766 INFO c.h.h.t.HelmChartContainer - [hivemq-test-hivemq-platform] [hivemq-platform-operator] [c3519be0] 	at java.base/java.util.concurrent.CompletableFuture$UniApply.tryFire(Unknown Source)
2025-01-27 17:06:36,766 INFO c.h.h.t.HelmChartContainer - [hivemq-test-hivemq-platform] [hivemq-platform-operator] [c3519be0] 	at java.base/java.util.concurrent.CompletableFuture.postComplete(Unknown Source)
2025-01-27 17:06:36,766 INFO c.h.h.t.HelmChartContainer - [hivemq-test-hivemq-platform] [hivemq-platform-operator] [c3519be0] 	at java.base/java.util.concurrent.CompletableFuture.complete(Unknown Source)
2025-01-27 17:06:36,766 INFO c.h.h.t.HelmChartContainer - [hivemq-test-hivemq-platform] [hivemq-platform-operator] [c3519be0] 	at io.fabric8.kubernetes.client.http.StandardHttpClient.lambda$completeOrCancel$10(StandardHttpClient.java:141)
2025-01-27 17:06:36,766 INFO c.h.h.t.HelmChartContainer - [hivemq-test-hivemq-platform] [hivemq-platform-operator] [c3519be0] 	at java.base/java.util.concurrent.CompletableFuture.uniWhenComplete(Unknown Source)
2025-01-27 17:06:36,766 INFO c.h.h.t.HelmChartContainer - [hivemq-test-hivemq-platform] [hivemq-platform-operator] [c3519be0] 	at java.base/java.util.concurrent.CompletableFuture$UniWhenComplete.tryFire(Unknown Source)
2025-01-27 17:06:36,766 INFO c.h.h.t.HelmChartContainer - [hivemq-test-hivemq-platform] [hivemq-platform-operator] [c3519be0] 	at java.base/java.util.concurrent.CompletableFuture.postComplete(Unknown Source)
2025-01-27 17:06:36,766 INFO c.h.h.t.HelmChartContainer - [hivemq-test-hivemq-platform] [hivemq-platform-operator] [c3519be0] 	at java.base/java.util.concurrent.CompletableFuture.complete(Unknown Source)
2025-01-27 17:06:36,766 INFO c.h.h.t.HelmChartContainer - [hivemq-test-hivemq-platform] [hivemq-platform-operator] [c3519be0] 	at io.fabric8.kubernetes.client.http.ByteArrayBodyHandler.onBodyDone(ByteArrayBodyHandler.java:51)
2025-01-27 17:06:36,766 INFO c.h.h.t.HelmChartContainer - [hivemq-test-hivemq-platform] [hivemq-platform-operator] [c3519be0] 	at java.base/java.util.concurrent.CompletableFuture.uniWhenComplete(Unknown Source)
2025-01-27 17:06:36,766 INFO c.h.h.t.HelmChartContainer - [hivemq-test-hivemq-platform] [hivemq-platform-operator] [c3519be0] 	at java.base/java.util.concurrent.CompletableFuture$UniWhenComplete.tryFire(Unknown Source)
2025-01-27 17:06:36,766 INFO c.h.h.t.HelmChartContainer - [hivemq-test-hivemq-platform] [hivemq-platform-operator] [c3519be0] 	at java.base/java.util.concurrent.CompletableFuture.postComplete(Unknown Source)
2025-01-27 17:06:36,766 INFO c.h.h.t.HelmChartContainer - [hivemq-test-hivemq-platform] [hivemq-platform-operator] [c3519be0] 	at java.base/java.util.concurrent.CompletableFuture.complete(Unknown Source)
2025-01-27 17:06:36,766 INFO c.h.h.t.HelmChartContainer - [hivemq-test-hivemq-platform] [hivemq-platform-operator] [c3519be0] 	at io.fabric8.kubernetes.client.vertx.VertxHttpRequest.lambda$null$1(VertxHttpRequest.java:121)
2025-01-27 17:06:36,766 INFO c.h.h.t.HelmChartContainer - [hivemq-test-hivemq-platform] [hivemq-platform-operator] [c3519be0] 	at io.vertx.core.impl.ContextInternal.dispatch(ContextInternal.java:279)
2025-01-27 17:06:36,766 INFO c.h.h.t.HelmChartContainer - [hivemq-test-hivemq-platform] [hivemq-platform-operator] [c3519be0] 	at io.vertx.core.impl.ContextInternal.dispatch(ContextInternal.java:261)
2025-01-27 17:06:36,766 INFO c.h.h.t.HelmChartContainer - [hivemq-test-hivemq-platform] [hivemq-platform-operator] [c3519be0] 	at io.vertx.core.http.impl.HttpEventHandler.handleEnd(HttpEventHandler.java:76)
2025-01-27 17:06:36,766 INFO c.h.h.t.HelmChartContainer - [hivemq-test-hivemq-platform] [hivemq-platform-operator] [c3519be0] 	at io.vertx.core.http.impl.HttpClientResponseImpl.handleEnd(HttpClientResponseImpl.java:250)
2025-01-27 17:06:36,766 INFO c.h.h.t.HelmChartContainer - [hivemq-test-hivemq-platform] [hivemq-platform-operator] [c3519be0] 	at io.vertx.core.http.impl.Http1xClientConnection$StreamImpl.lambda$new$0(Http1xClientConnection.java:421)
2025-01-27 17:06:36,766 INFO c.h.h.t.HelmChartContainer - [hivemq-test-hivemq-platform] [hivemq-platform-operator] [c3519be0] 	at io.vertx.core.streams.impl.InboundBuffer.handleEvent(InboundBuffer.java:279)
2025-01-27 17:06:36,766 INFO c.h.h.t.HelmChartContainer - [hivemq-test-hivemq-platform] [hivemq-platform-operator] [c3519be0] 	at io.vertx.core.streams.impl.InboundBuffer.write(InboundBuffer.java:157)
2025-01-27 17:06:36,766 INFO c.h.h.t.HelmChartContainer - [hivemq-test-hivemq-platform] [hivemq-platform-operator] [c3519be0] 	at io.vertx.core.http.impl.Http1xClientConnection$StreamImpl.handleEnd(Http1xClientConnection.java:709)
2025-01-27 17:06:36,766 INFO c.h.h.t.HelmChartContainer - [hivemq-test-hivemq-platform] [hivemq-platform-operator] [c3519be0] 	at io.vertx.core.impl.ContextImpl.lambda$execute$4(ContextImpl.java:315)
2025-01-27 17:06:36,766 INFO c.h.h.t.HelmChartContainer - [hivemq-test-hivemq-platform] [hivemq-platform-operator] [c3519be0] 	at io.netty.util.concurrent.AbstractEventExecutor.runTask(AbstractEventExecutor.java:173)
2025-01-27 17:06:36,766 INFO c.h.h.t.HelmChartContainer - [hivemq-test-hivemq-platform] [hivemq-platform-operator] [c3519be0] 	at io.netty.util.concurrent.AbstractEventExecutor.safeExecute(AbstractEventExecutor.java:166)
2025-01-27 17:06:36,766 INFO c.h.h.t.HelmChartContainer - [hivemq-test-hivemq-platform] [hivemq-platform-operator] [c3519be0] 	at io.netty.util.concurrent.SingleThreadEventExecutor.runAllTasks(SingleThreadEventExecutor.java:472)
2025-01-27 17:06:36,766 INFO c.h.h.t.HelmChartContainer - [hivemq-test-hivemq-platform] [hivemq-platform-operator] [c3519be0] 	at io.netty.channel.nio.NioEventLoop.run(NioEventLoop.java:569)
2025-01-27 17:06:36,766 INFO c.h.h.t.HelmChartContainer - [hivemq-test-hivemq-platform] [hivemq-platform-operator] [c3519be0] 	at io.netty.util.concurrent.SingleThreadEventExecutor$4.run(SingleThreadEventExecutor.java:997)
2025-01-27 17:06:36,766 INFO c.h.h.t.HelmChartContainer - [hivemq-test-hivemq-platform] [hivemq-platform-operator] [c3519be0] 	at io.netty.util.internal.ThreadExecutorMap$2.run(ThreadExecutorMap.java:74)
2025-01-27 17:06:36,766 INFO c.h.h.t.HelmChartContainer - [hivemq-test-hivemq-platform] [hivemq-platform-operator] [c3519be0] 	at io.netty.util.concurrent.FastThreadLocalRunnable.run(FastThreadLocalRunnable.java:30)
2025-01-27 17:06:36,766 INFO c.h.h.t.HelmChartContainer - [hivemq-test-hivemq-platform] [hivemq-platform-operator] [c3519be0] 	... 1 common frames omitted
2025-01-27 17:06:36,770 INFO c.h.h.t.HelmChartContainer - [hivemq-test-hivemq-platform] [hivemq-platform-operator] [c3519be0] 17:06:36.765 [ReconcilerExecutor-hivemq-controller-120] INFO  c.h.p.o.HiveMQPlatformReconciler - [helmcust] Cleanup test-hivemq-platform - helmcustomextensionit HiveMQ Platform is shut down
2025-01-27 17:06:37,130 INFO c.h.h.t.HelmChartContainer - [POD] test-hivemq-platform-0 [ccb6c94b-4319-4de2-9f7f-f4f6c81420b0] in helmcustomextensionit was MODIFIED
2025-01-27 17:06:37,134 INFO c.h.h.t.HelmChartContainer - [EVENT] Normal [Killing] Stopping container hivemq [helmcustomextensionit:test-hivemq-platform-0]
2025-01-27 17:06:37,134 INFO c.h.h.t.HelmChartContainer - Received Killing event for container hivemq in pod test-hivemq-platform-0 [ccb6c94b-4319-4de2-9f7f-f4f6c81420b0]
2025-01-27 17:06:37,134 INFO c.h.h.t.HelmChartContainer - Container [test-hivemq-platform-0] [hivemq] [ccb6c94b-4319-4de2-9f7f-f4f6c81420b0] was terminated
2025-01-27 17:06:37,135 INFO c.h.h.t.HelmChartContainer - Stopped log watcher for hivemq in pod test-hivemq-platform-0 [ccb6c94b-4319-4de2-9f7f-f4f6c81420b0]
2025-01-27 17:06:37,140 INFO c.h.h.t.HelmChartContainer - [test-hivemq-platform] [hivemq] [ccb6c94b] INFO  - [HiveMQ Platform Operator Init App 1.7.0-SNAPSHOT] Shutting down
2025-01-27 17:06:37,140 INFO c.h.h.t.HelmChartContainer - [test-hivemq-platform] [hivemq] [ccb6c94b] INFO  - [HiveMQ Platform Operator Init App 1.7.0-SNAPSHOT] Stopping the HiveMQ Platform
2025-01-27 17:06:37,250 INFO c.h.h.t.HelmChartContainer - [test-hivemq-platform] [hivemq] [ccb6c94b] INFO  - Shutting down HiveMQ. Please wait, this could take a while...
2025-01-27 17:06:37,253 INFO c.h.h.t.HelmChartContainer - [test-hivemq-platform] [hivemq] [ccb6c94b] INFO  - Shutting down listeners and clients
2025-01-27 17:06:37,332 INFO c.h.h.t.HelmChartContainer - [test-hivemq-platform] [hivemq] [ccb6c94b] INFO  - Shutdown of listeners is done
2025-01-27 17:06:37,333 INFO c.h.h.t.HelmChartContainer - [test-hivemq-platform] [hivemq] [ccb6c94b] INFO  - No clients are connected, proceeding with shutdown
2025-01-27 17:06:38,426 INFO c.h.h.t.HelmChartContainer - Deleting namespace 'helmcustomextensionit'...
2025-01-27 17:06:38,929 INFO c.h.h.t.HelmChartContainer - [test-hivemq-platform] [hivemq] [ccb6c94b] INFO  - [HiveMQ Platform Operator Init App 1.7.0-SNAPSHOT] Returning shutdown Health API response 503 for readiness
2025-01-27 17:06:38,933 INFO c.h.h.t.HelmChartContainer - [EVENT] Warning [Unhealthy] Readiness probe failed: HTTP probe failed with statuscode: 503 [helmcustomextensionit:test-hivemq-platform-0]
2025-01-27 17:06:38,933 INFO c.h.h.t.HelmChartContainer - Received Unhealthy event for container hivemq in pod test-hivemq-platform-0 [ccb6c94b-4319-4de2-9f7f-f4f6c81420b0]
2025-01-27 17:06:39,352 INFO c.h.h.t.HelmChartContainer - [K3S] [authentication.go:74] "Unable to authenticate the request" err="[invalid bearer token, serviceaccounts \"hivemq-platform-pod-test-hivemq-platform\" not found]"
2025-01-27 17:06:39,369 INFO c.h.h.t.HelmChartContainer - [K3S] [authentication.go:74] "Unable to authenticate the request" err="[invalid bearer token, serviceaccounts \"hivemq-platform-pod-test-hivemq-platform\" not found]"
2025-01-27 17:06:39,439 INFO c.h.h.t.HelmChartContainer - [test-hivemq-platform] [hivemq] [ccb6c94b] WARN  - [HiveMQ Platform Operator Init App 1.7.0-SNAPSHOT] Could not update Pod annotations: Failure executing: GET at: https://10.43.0.1:443/api/v1/namespaces/helmcustomextensionit/pods/test-hivemq-platform-0. Message: Unauthorized. Received status: Status(apiVersion=v1, code=401, details=null, kind=Status, message=Unauthorized, metadata=ListMeta(_continue=null, remainingItemCount=null, resourceVersion=null, selfLink=null, additionalProperties={}), reason=Unauthorized, status=Failure, additionalProperties={}).
2025-01-27 17:06:41,339 INFO c.h.h.t.HelmChartContainer - [test-hivemq-platform] [hivemq] [ccb6c94b] INFO  - Shutting down extension system
2025-01-27 17:06:41,341 INFO c.h.h.t.HelmChartContainer - [test-hivemq-platform] [hivemq] [ccb6c94b] INFO  - Stopping extension with id hivemq-dns-cluster-discovery
2025-01-27 17:06:41,342 INFO c.h.h.t.HelmChartContainer - [test-hivemq-platform] [hivemq] [ccb6c94b] INFO  - Extension "DNS Cluster Discovery Extension" version 4.3.2 stopped successfully.
2025-01-27 17:06:41,343 INFO c.h.h.t.HelmChartContainer - [test-hivemq-platform] [hivemq] [ccb6c94b] INFO  - Stopping extension with id hivemq-custom-test-extension
2025-01-27 17:06:41,343 INFO c.h.h.t.HelmChartContainer - [test-hivemq-platform] [hivemq] [ccb6c94b] INFO  - HiveMQ Custom Test Extension stopped
2025-01-27 17:06:41,343 INFO c.h.h.t.HelmChartContainer - [test-hivemq-platform] [hivemq] [ccb6c94b] INFO  - Extension "HiveMQ Custom Test Extension" version 2.0.0 stopped successfully.
2025-01-27 17:06:41,343 INFO c.h.h.t.HelmChartContainer - [test-hivemq-platform] [hivemq] [ccb6c94b] INFO  - Stopping extension with id hivemq-prometheus-extension
2025-01-27 17:06:41,347 INFO c.h.h.t.HelmChartContainer - [test-hivemq-platform] [hivemq] [ccb6c94b] INFO  - Extension "Prometheus Monitoring Extension" version 4.0.12 stopped successfully.
2025-01-27 17:06:41,347 INFO c.h.h.t.HelmChartContainer - [test-hivemq-platform] [hivemq] [ccb6c94b] INFO  - Stopping extension with id hivemq-allow-all-extension
2025-01-27 17:06:41,348 INFO c.h.h.t.HelmChartContainer - [test-hivemq-platform] [hivemq] [ccb6c94b] INFO  - Extension "Allow All Extension" version 1.1.0 stopped successfully.
2025-01-27 17:06:43,457 INFO c.h.h.t.HelmChartContainer - [K3S] [replica_set.go:679] "Finished syncing" kind="ReplicaSet" key="helmcustomextensionit/nginx-64db7956bf" duration="3.407µs"
2025-01-27 17:06:43,464 INFO c.h.h.t.HelmChartContainer - [POD] nginx-64db7956bf-txn9w [be0c620f-d9b1-46cc-b5fd-a15b03443c08] in helmcustomextensionit was MODIFIED
2025-01-27 17:06:43,473 INFO c.h.h.t.HelmChartContainer - [nginx-64db7956bf-txn] [nginx] [be0c620f] 2025/01/27 17:06:43 [notice] 1#1: signal 3 (SIGQUIT) received, shutting down
2025-01-27 17:06:43,473 INFO c.h.h.t.HelmChartContainer - [nginx-64db7956bf-txn] [nginx] [be0c620f] 2025/01/27 17:06:43 [notice] 24#24: gracefully shutting down
2025-01-27 17:06:43,473 INFO c.h.h.t.HelmChartContainer - [nginx-64db7956bf-txn] [nginx] [be0c620f] 2025/01/27 17:06:43 [notice] 24#24: exiting
2025-01-27 17:06:43,473 INFO c.h.h.t.HelmChartContainer - [nginx-64db7956bf-txn] [nginx] [be0c620f] 2025/01/27 17:06:43 [notice] 24#24: exit
2025-01-27 17:06:43,474 INFO c.h.h.t.HelmChartContainer - [nginx-64db7956bf-txn] [nginx] [be0c620f] 2025/01/27 17:06:43 [notice] 22#22: gracefully shutting down
2025-01-27 17:06:43,474 INFO c.h.h.t.HelmChartContainer - [nginx-64db7956bf-txn] [nginx] [be0c620f] 2025/01/27 17:06:43 [notice] 22#22: exiting
2025-01-27 17:06:43,474 INFO c.h.h.t.HelmChartContainer - [nginx-64db7956bf-txn] [nginx] [be0c620f] 2025/01/27 17:06:43 [notice] 22#22: exit
2025-01-27 17:06:43,475 INFO c.h.h.t.HelmChartContainer - [nginx-64db7956bf-txn] [nginx] [be0c620f] 2025/01/27 17:06:43 [notice] 25#25: gracefully shutting down
2025-01-27 17:06:43,475 INFO c.h.h.t.HelmChartContainer - [nginx-64db7956bf-txn] [nginx] [be0c620f] 2025/01/27 17:06:43 [notice] 25#25: exiting
2025-01-27 17:06:43,476 INFO c.h.h.t.HelmChartContainer - [nginx-64db7956bf-txn] [nginx] [be0c620f] 2025/01/27 17:06:43 [notice] 23#23: gracefully shutting down
2025-01-27 17:06:43,476 INFO c.h.h.t.HelmChartContainer - [nginx-64db7956bf-txn] [nginx] [be0c620f] 2025/01/27 17:06:43 [notice] 23#23: exiting
2025-01-27 17:06:43,476 INFO c.h.h.t.HelmChartContainer - [nginx-64db7956bf-txn] [nginx] [be0c620f] 2025/01/27 17:06:43 [notice] 25#25: exit
2025-01-27 17:06:43,476 INFO c.h.h.t.HelmChartContainer - [nginx-64db7956bf-txn] [nginx] [be0c620f] 2025/01/27 17:06:43 [notice] 23#23: exit
2025-01-27 17:06:43,486 INFO c.h.h.t.HelmChartContainer - [nginx-64db7956bf-txn] [nginx] [be0c620f] 2025/01/27 17:06:43 [notice] 1#1: signal 17 (SIGCHLD) received from 22
2025-01-27 17:06:43,486 INFO c.h.h.t.HelmChartContainer - [nginx-64db7956bf-txn] [nginx] [be0c620f] 2025/01/27 17:06:43 [notice] 1#1: worker process 22 exited with code 0
2025-01-27 17:06:43,486 INFO c.h.h.t.HelmChartContainer - [nginx-64db7956bf-txn] [nginx] [be0c620f] 2025/01/27 17:06:43 [notice] 1#1: worker process 24 exited with code 0
2025-01-27 17:06:43,486 INFO c.h.h.t.HelmChartContainer - [nginx-64db7956bf-txn] [nginx] [be0c620f] 2025/01/27 17:06:43 [notice] 1#1: worker process 25 exited with code 0
2025-01-27 17:06:43,486 INFO c.h.h.t.HelmChartContainer - [nginx-64db7956bf-txn] [nginx] [be0c620f] 2025/01/27 17:06:43 [notice] 1#1: signal 29 (SIGIO) received
2025-01-27 17:06:43,486 INFO c.h.h.t.HelmChartContainer - [nginx-64db7956bf-txn] [nginx] [be0c620f] 2025/01/27 17:06:43 [notice] 1#1: signal 17 (SIGCHLD) received from 25
2025-01-27 17:06:43,489 INFO c.h.h.t.HelmChartContainer - [nginx-64db7956bf-txn] [nginx] [be0c620f] 2025/01/27 17:06:43 [notice] 1#1: signal 17 (SIGCHLD) received from 23
2025-01-27 17:06:43,489 INFO c.h.h.t.HelmChartContainer - [nginx-64db7956bf-txn] [nginx] [be0c620f] 2025/01/27 17:06:43 [notice] 1#1: worker process 23 exited with code 0
2025-01-27 17:06:43,490 INFO c.h.h.t.HelmChartContainer - [nginx-64db7956bf-txn] [nginx] [be0c620f] 2025/01/27 17:06:43 [notice] 1#1: exit
2025-01-27 17:06:43,693 INFO c.h.h.t.HelmChartContainer - [K3S] [reconciler_common.go:162] "operationExecutor.UnmountVolume started for volume \"volume-hivemq-custom-test-extension-200\" (UniqueName: \"kubernetes.io/host-path/be0c620f-d9b1-46cc-b5fd-a15b03443c08-volume-hivemq-custom-test-extension-200\") pod \"be0c620f-d9b1-46cc-b5fd-a15b03443c08\" (UID: \"be0c620f-d9b1-46cc-b5fd-a15b03443c08\") "
2025-01-27 17:06:43,693 INFO c.h.h.t.HelmChartContainer - [K3S] [reconciler_common.go:162] "operationExecutor.UnmountVolume started for volume \"kube-api-access-mn6bx\" (UniqueName: \"kubernetes.io/projected/be0c620f-d9b1-46cc-b5fd-a15b03443c08-kube-api-access-mn6bx\") pod \"be0c620f-d9b1-46cc-b5fd-a15b03443c08\" (UID: \"be0c620f-d9b1-46cc-b5fd-a15b03443c08\") "
2025-01-27 17:06:43,693 INFO c.h.h.t.HelmChartContainer - [K3S] [reconciler_common.go:162] "operationExecutor.UnmountVolume started for volume \"nginx-basic-auth-conf\" (UniqueName: \"kubernetes.io/host-path/be0c620f-d9b1-46cc-b5fd-a15b03443c08-nginx-basic-auth-conf\") pod \"be0c620f-d9b1-46cc-b5fd-a15b03443c08\" (UID: \"be0c620f-d9b1-46cc-b5fd-a15b03443c08\") "
2025-01-27 17:06:43,693 INFO c.h.h.t.HelmChartContainer - [K3S] [reconciler_common.go:162] "operationExecutor.UnmountVolume started for volume \"nginx-htpasswd\" (UniqueName: \"kubernetes.io/host-path/be0c620f-d9b1-46cc-b5fd-a15b03443c08-nginx-htpasswd\") pod \"be0c620f-d9b1-46cc-b5fd-a15b03443c08\" (UID: \"be0c620f-d9b1-46cc-b5fd-a15b03443c08\") "
2025-01-27 17:06:43,705 INFO c.h.h.t.HelmChartContainer - [POD] nginx-64db7956bf-txn9w [be0c620f-d9b1-46cc-b5fd-a15b03443c08] in helmcustomextensionit was MODIFIED
2025-01-27 17:06:43,727 INFO c.h.h.t.HelmChartContainer - [test-hivemq-platform] [hivemq] [ccb6c94b] INFO  - Shutdown completed.
2025-01-27 17:06:43,793 INFO c.h.h.t.HelmChartContainer - [K3S] [reconciler_common.go:299] "Volume detached for volume \"volume-hivemq-custom-test-extension-200\" (UniqueName: \"kubernetes.io/host-path/be0c620f-d9b1-46cc-b5fd-a15b03443c08-volume-hivemq-custom-test-extension-200\") on node \"1d709a34904e\" DevicePath \"\""
2025-01-27 17:06:43,793 INFO c.h.h.t.HelmChartContainer - [K3S] [reconciler_common.go:299] "Volume detached for volume \"kube-api-access-mn6bx\" (UniqueName: \"kubernetes.io/projected/be0c620f-d9b1-46cc-b5fd-a15b03443c08-kube-api-access-mn6bx\") on node \"1d709a34904e\" DevicePath \"\""
2025-01-27 17:06:43,793 INFO c.h.h.t.HelmChartContainer - [K3S] [reconciler_common.go:299] "Volume detached for volume \"nginx-basic-auth-conf\" (UniqueName: \"kubernetes.io/host-path/be0c620f-d9b1-46cc-b5fd-a15b03443c08-nginx-basic-auth-conf\") on node \"1d709a34904e\" DevicePath \"\""
2025-01-27 17:06:43,793 INFO c.h.h.t.HelmChartContainer - [K3S] [reconciler_common.go:299] "Volume detached for volume \"nginx-htpasswd\" (UniqueName: \"kubernetes.io/host-path/be0c620f-d9b1-46cc-b5fd-a15b03443c08-nginx-htpasswd\") on node \"1d709a34904e\" DevicePath \"\""
2025-01-27 17:06:43,864 INFO c.h.h.t.HelmChartContainer - [K3S] [stateful_set.go:466] "StatefulSet has been deleted" key="helmcustomextensionit/test-hivemq-platform"
2025-01-27 17:06:44,079 INFO c.h.h.t.HelmChartContainer - [test-hivemq-platform] [hivemq] [ccb6c94b] INFO  - [HiveMQ Platform Operator Init App 1.7.0-SNAPSHOT] The HiveMQ Platform exited with code 143
2025-01-27 17:06:44,080 INFO c.h.h.t.HelmChartContainer - [test-hivemq-platform] [hivemq] [ccb6c94b] INFO  - [HiveMQ Platform Operator Init App 1.7.0-SNAPSHOT] Stopping the REST API
2025-01-27 17:06:44,087 INFO c.h.h.t.HelmChartContainer - [test-hivemq-platform] [hivemq] [ccb6c94b] INFO  - [HiveMQ Platform Operator Init App 1.7.0-SNAPSHOT] Shutdown complete
2025-01-27 17:06:44,404 INFO c.h.h.t.HelmChartContainer - [K3S] [scope.go:117] "RemoveContainer" containerID="0a57959a23386872ec8d2adfc90aa0e7dff952cc657d28576b7be87d14052921"
2025-01-27 17:06:44,411 INFO c.h.h.t.HelmChartContainer - [K3S] [scope.go:117] "RemoveContainer" containerID="0a57959a23386872ec8d2adfc90aa0e7dff952cc657d28576b7be87d14052921"
2025-01-27 17:06:44,411 INFO c.h.h.t.HelmChartContainer - Stopped log watcher for nginx in pod nginx-64db7956bf-txn9w [be0c620f-d9b1-46cc-b5fd-a15b03443c08]
2025-01-27 17:06:44,421 INFO c.h.h.t.HelmChartContainer - [POD] nginx-64db7956bf-txn9w [be0c620f-d9b1-46cc-b5fd-a15b03443c08] in helmcustomextensionit was MODIFIED
2025-01-27 17:06:44,423 INFO c.h.h.t.HelmChartContainer - [POD] nginx-64db7956bf-txn9w [be0c620f-d9b1-46cc-b5fd-a15b03443c08] in helmcustomextensionit was DELETED
2025-01-27 17:06:44,560 INFO c.h.h.t.HelmChartContainer - [POD] test-hivemq-platform-0 [ccb6c94b-4319-4de2-9f7f-f4f6c81420b0] in helmcustomextensionit was MODIFIED
2025-01-27 17:06:44,598 INFO c.h.h.t.HelmChartContainer - [K3S] [reconciler_common.go:162] "operationExecutor.UnmountVolume started for volume \"kube-api-access-m545v\" (UniqueName: \"kubernetes.io/projected/ccb6c94b-4319-4de2-9f7f-f4f6c81420b0-kube-api-access-m545v\") pod \"ccb6c94b-4319-4de2-9f7f-f4f6c81420b0\" (UID: \"ccb6c94b-4319-4de2-9f7f-f4f6c81420b0\") "
2025-01-27 17:06:44,599 INFO c.h.h.t.HelmChartContainer - [K3S] [reconciler_common.go:162] "operationExecutor.UnmountVolume started for volume \"operator-init\" (UniqueName: \"kubernetes.io/empty-dir/ccb6c94b-4319-4de2-9f7f-f4f6c81420b0-operator-init\") pod \"ccb6c94b-4319-4de2-9f7f-f4f6c81420b0\" (UID: \"ccb6c94b-4319-4de2-9f7f-f4f6c81420b0\") "
2025-01-27 17:06:44,599 INFO c.h.h.t.HelmChartContainer - [K3S] [reconciler_common.go:162] "operationExecutor.UnmountVolume started for volume \"broker-configuration\" (UniqueName: \"kubernetes.io/configmap/ccb6c94b-4319-4de2-9f7f-f4f6c81420b0-broker-configuration\") pod \"ccb6c94b-4319-4de2-9f7f-f4f6c81420b0\" (UID: \"ccb6c94b-4319-4de2-9f7f-f4f6c81420b0\") "
2025-01-27 17:06:44,599 INFO c.h.h.t.HelmChartContainer - [K3S] [reconciler_common.go:162] "operationExecutor.UnmountVolume started for volume \"pod-info\" (UniqueName: \"kubernetes.io/configmap/ccb6c94b-4319-4de2-9f7f-f4f6c81420b0-pod-info\") pod \"ccb6c94b-4319-4de2-9f7f-f4f6c81420b0\" (UID: \"ccb6c94b-4319-4de2-9f7f-f4f6c81420b0\") "
2025-01-27 17:06:44,599 INFO c.h.h.t.HelmChartContainer - [K3S] [reconciler_common.go:162] "operationExecutor.UnmountVolume started for volume \"extension-request-header-custom-extension-auth-secret\" (UniqueName: \"kubernetes.io/secret/ccb6c94b-4319-4de2-9f7f-f4f6c81420b0-extension-request-header-custom-extension-auth-secret\") pod \"ccb6c94b-4319-4de2-9f7f-f4f6c81420b0\" (UID: \"ccb6c94b-4319-4de2-9f7f-f4f6c81420b0\") "
2025-01-27 17:06:44,699 INFO c.h.h.t.HelmChartContainer - [K3S] [reconciler_common.go:299] "Volume detached for volume \"kube-api-access-m545v\" (UniqueName: \"kubernetes.io/projected/ccb6c94b-4319-4de2-9f7f-f4f6c81420b0-kube-api-access-m545v\") on node \"1d709a34904e\" DevicePath \"\""
2025-01-27 17:06:44,699 INFO c.h.h.t.HelmChartContainer - [K3S] [reconciler_common.go:299] "Volume detached for volume \"operator-init\" (UniqueName: \"kubernetes.io/empty-dir/ccb6c94b-4319-4de2-9f7f-f4f6c81420b0-operator-init\") on node \"1d709a34904e\" DevicePath \"\""
2025-01-27 17:06:44,699 INFO c.h.h.t.HelmChartContainer - [K3S] [reconciler_common.go:299] "Volume detached for volume \"broker-configuration\" (UniqueName: \"kubernetes.io/configmap/ccb6c94b-4319-4de2-9f7f-f4f6c81420b0-broker-configuration\") on node \"1d709a34904e\" DevicePath \"\""
2025-01-27 17:06:44,699 INFO c.h.h.t.HelmChartContainer - [K3S] [reconciler_common.go:299] "Volume detached for volume \"pod-info\" (UniqueName: \"kubernetes.io/configmap/ccb6c94b-4319-4de2-9f7f-f4f6c81420b0-pod-info\") on node \"1d709a34904e\" DevicePath \"\""
2025-01-27 17:06:44,699 INFO c.h.h.t.HelmChartContainer - [K3S] [reconciler_common.go:299] "Volume detached for volume \"extension-request-header-custom-extension-auth-secret\" (UniqueName: \"kubernetes.io/secret/ccb6c94b-4319-4de2-9f7f-f4f6c81420b0-extension-request-header-custom-extension-auth-secret\") on node \"1d709a34904e\" DevicePath \"\""
2025-01-27 17:06:45,187 INFO c.h.h.t.HelmChartContainer - [K3S] [kubelet_volumes.go:163] "Cleaned up orphaned pod volumes dir" podUID="be0c620f-d9b1-46cc-b5fd-a15b03443c08" path="/var/lib/kubelet/pods/be0c620f-d9b1-46cc-b5fd-a15b03443c08/volumes"
2025-01-27 17:06:45,411 INFO c.h.h.t.HelmChartContainer - [K3S] [scope.go:117] "RemoveContainer" containerID="66083b3e1bde63f5e654745e615c68d5e8ef13696740d0047fa14396cef60691"
2025-01-27 17:06:45,422 INFO c.h.h.t.HelmChartContainer - [POD] test-hivemq-platform-0 [ccb6c94b-4319-4de2-9f7f-f4f6c81420b0] in helmcustomextensionit was MODIFIED
2025-01-27 17:06:45,429 INFO c.h.h.t.HelmChartContainer - [POD] test-hivemq-platform-0 [ccb6c94b-4319-4de2-9f7f-f4f6c81420b0] in helmcustomextensionit was DELETED
2025-01-27 17:06:45,514 INFO c.h.h.t.HelmChartContainer - [K3S] [scope.go:117] "RemoveContainer" containerID="5bbd76f378298ac6c478a0f2cc39444a927224831f1493f94dd8d73d760a7fb8"
2025-01-27 17:06:45,517 INFO c.h.h.t.HelmChartContainer - [K3S] [scope.go:117] "RemoveContainer" containerID="66083b3e1bde63f5e654745e615c68d5e8ef13696740d0047fa14396cef60691"
2025-01-27 17:06:45,518 INFO c.h.h.t.HelmChartContainer - [K3S] [scope.go:117] "RemoveContainer" containerID="5bbd76f378298ac6c478a0f2cc39444a927224831f1493f94dd8d73d760a7fb8"
2025-01-27 17:06:47,187 INFO c.h.h.t.HelmChartContainer - [K3S] [kubelet_volumes.go:163] "Cleaned up orphaned pod volumes dir" podUID="ccb6c94b-4319-4de2-9f7f-f4f6c81420b0" path="/var/lib/kubelet/pods/ccb6c94b-4319-4de2-9f7f-f4f6c81420b0/volumes"
2025-01-27 17:06:49,081 INFO c.h.h.t.HelmChartContainer - Namespace 'helmcustomextensionit' deleted
2025-01-27 17:06:49,081 INFO c.h.h.t.HelmChartContainer - Release 'test-hivemq-platform' in namespace 'helmcustomextensionit' is uninstalled
2025-01-27 17:06:49,081 INFO c.h.h.t.HelmChartContainer - Uninstalling release 'test-hivemq-platform-operator' in namespace 'helmcustomextensionit-operator'...
2025-01-27 17:06:49,081 DEBUG c.h.h.t.HelmChartContainer - Executing helm command: /bin/helm --kubeconfig /etc/rancher/k3s/k3s.yaml uninstall test-hivemq-platform-operator  --wait --timeout 5m0s --cascade foreground --namespace helmcustomextensionit-operator
2025-01-27 17:06:49,266 INFO c.h.h.t.HelmChartContainer - [K3S] [replica_set.go:679] "Finished syncing" kind="ReplicaSet" key="helmcustomextensionit-operator/hivemq-test-hivemq-platform-operator-6966f96d65" duration="11.150099ms"
2025-01-27 17:06:49,266 INFO c.h.h.t.HelmChartContainer - [K3S] [replica_set.go:679] "Finished syncing" kind="ReplicaSet" key="helmcustomextensionit-operator/hivemq-test-hivemq-platform-operator-6966f96d65" duration="34.315µs"
2025-01-27 17:06:49,287 INFO c.h.h.t.HelmChartContainer - [POD] hivemq-test-hivemq-platform-operator-6966f96d65-brj87 [c3519be0-b3aa-4a26-9410-04b5b0f3a4c7] in helmcustomextensionit-operator was MODIFIED
2025-01-27 17:06:49,293 INFO c.h.h.t.HelmChartContainer - [K3S] [replica_set.go:679] "Finished syncing" kind="ReplicaSet" key="helmcustomextensionit-operator/hivemq-test-hivemq-platform-operator-6966f96d65" duration="10.806727ms"
2025-01-27 17:06:49,294 INFO c.h.h.t.HelmChartContainer - [EVENT] Normal [Killing] Stopping container hivemq-platform-operator [helmcustomextensionit-operator:hivemq-test-hivemq-platform-operator-6966f96d65-brj87]
2025-01-27 17:06:49,294 INFO c.h.h.t.HelmChartContainer - Received Killing event for container hivemq-platform-operator in pod hivemq-test-hivemq-platform-operator-6966f96d65-brj87 [c3519be0-b3aa-4a26-9410-04b5b0f3a4c7]
2025-01-27 17:06:49,294 INFO c.h.h.t.HelmChartContainer - [K3S] [replica_set.go:679] "Finished syncing" kind="ReplicaSet" key="helmcustomextensionit-operator/hivemq-test-hivemq-platform-operator-6966f96d65" duration="40.375µs"
2025-01-27 17:06:49,294 INFO c.h.h.t.HelmChartContainer - Container [hivemq-test-hivemq-platform-operator-6966f96d65-brj87] [hivemq-platform-operator] [c3519be0-b3aa-4a26-9410-04b5b0f3a4c7] was terminated
2025-01-27 17:06:49,294 INFO c.h.h.t.HelmChartContainer - Stopped log watcher for hivemq-platform-operator in pod hivemq-test-hivemq-platform-operator-6966f96d65-brj87 [c3519be0-b3aa-4a26-9410-04b5b0f3a4c7]
2025-01-27 17:06:49,329 INFO c.h.h.t.HelmChartContainer - [hivemq-test-hivemq-platform] [hivemq-platform-operator] [c3519be0] 17:06:49.328 [application-shutdown-thread] INFO  c.h.p.o.HiveMQPlatformOperatorApplication - HiveMQ Platform Operator is stopping...
2025-01-27 17:06:49,330 INFO c.h.h.t.HelmChartContainer - [hivemq-test-hivemq-platform] [hivemq-platform-operator] [c3519be0] 17:06:49.328 [application-shutdown-thread] INFO  i.javaoperatorsdk.operator.Operator - Operator SDK 4.9.7 is shutting down...
2025-01-27 17:06:49,901 INFO c.h.h.t.HelmChartContainer - [K3S] [replica_set.go:679] "Finished syncing" kind="ReplicaSet" key="helmcustomextensionit-operator/hivemq-test-hivemq-platform-operator-6966f96d65" duration="69.561µs"
2025-01-27 17:06:49,902 INFO c.h.h.t.HelmChartContainer - [POD] hivemq-test-hivemq-platform-operator-6966f96d65-brj87 [c3519be0-b3aa-4a26-9410-04b5b0f3a4c7] in helmcustomextensionit-operator was MODIFIED
2025-01-27 17:06:49,928 INFO c.h.h.t.HelmChartContainer - [K3S] [reconciler_common.go:162] "operationExecutor.UnmountVolume started for volume \"kube-api-access-rmrdf\" (UniqueName: \"kubernetes.io/projected/c3519be0-b3aa-4a26-9410-04b5b0f3a4c7-kube-api-access-rmrdf\") pod \"c3519be0-b3aa-4a26-9410-04b5b0f3a4c7\" (UID: \"c3519be0-b3aa-4a26-9410-04b5b0f3a4c7\") "
2025-01-27 17:06:50,028 INFO c.h.h.t.HelmChartContainer - [K3S] [reconciler_common.go:299] "Volume detached for volume \"kube-api-access-rmrdf\" (UniqueName: \"kubernetes.io/projected/c3519be0-b3aa-4a26-9410-04b5b0f3a4c7-kube-api-access-rmrdf\") on node \"1d709a34904e\" DevicePath \"\""
2025-01-27 17:06:50,419 INFO c.h.h.t.HelmChartContainer - [K3S] [scope.go:117] "RemoveContainer" containerID="695a09df486c761bd926c5b7f8fa2ff9bdb14cf53017511daec05cbdf8602976"
2025-01-27 17:06:50,423 INFO c.h.h.t.HelmChartContainer - [K3S] [scope.go:117] "RemoveContainer" containerID="695a09df486c761bd926c5b7f8fa2ff9bdb14cf53017511daec05cbdf8602976"
2025-01-27 17:06:50,431 INFO c.h.h.t.HelmChartContainer - [K3S] [replica_set.go:679] "Finished syncing" kind="ReplicaSet" key="helmcustomextensionit-operator/hivemq-test-hivemq-platform-operator-6966f96d65" duration="47.909µs"
2025-01-27 17:06:50,432 INFO c.h.h.t.HelmChartContainer - [POD] hivemq-test-hivemq-platform-operator-6966f96d65-brj87 [c3519be0-b3aa-4a26-9410-04b5b0f3a4c7] in helmcustomextensionit-operator was MODIFIED
2025-01-27 17:06:50,434 INFO c.h.h.t.HelmChartContainer - [K3S] [replica_set.go:679] "Finished syncing" kind="ReplicaSet" key="helmcustomextensionit-operator/hivemq-test-hivemq-platform-operator-6966f96d65" duration="31.078µs"
2025-01-27 17:06:50,434 INFO c.h.h.t.HelmChartContainer - [POD] hivemq-test-hivemq-platform-operator-6966f96d65-brj87 [c3519be0-b3aa-4a26-9410-04b5b0f3a4c7] in helmcustomextensionit-operator was DELETED
2025-01-27 17:06:50,445 INFO c.h.h.t.HelmChartContainer - [K3S] [replica_set.go:679] "Finished syncing" kind="ReplicaSet" key="helmcustomextensionit-operator/hivemq-test-hivemq-platform-operator-6966f96d65" duration="5.341µs"
2025-01-27 17:06:51,186 INFO c.h.h.t.HelmChartContainer - [K3S] [kubelet_volumes.go:163] "Cleaned up orphaned pod volumes dir" podUID="c3519be0-b3aa-4a26-9410-04b5b0f3a4c7" path="/var/lib/kubelet/pods/c3519be0-b3aa-4a26-9410-04b5b0f3a4c7/volumes"
2025-01-27 17:06:51,310 INFO c.h.h.t.HelmChartContainer - Deleting namespace 'helmcustomextensionit-operator'...
2025-01-27 17:06:53,997 INFO c.h.h.t.HelmChartContainer - [K3S] [namespace_controller.go:187] "Namespace has been deleted" namespace="helmcustomextensionit"
2025-01-27 17:06:56,531 INFO c.h.h.t.HelmChartContainer - Namespace 'helmcustomextensionit-operator' deleted
2025-01-27 17:06:56,531 INFO c.h.h.t.HelmChartContainer - Release 'test-hivemq-platform-operator' in namespace 'helmcustomextensionit-operator' is uninstalled
2025-01-27 17:06:57,105 INFO c.h.helmcharts.AbstractHelmChartIT - Removed unused containers:

2025-01-27 17:07:01,431 INFO c.h.h.t.HelmChartContainer - [K3S] [namespace_controller.go:187] "Namespace has been deleted" namespace="helmcustomextensionit-operator"
2025-01-27 17:07:05,748 INFO c.h.helmcharts.AbstractHelmChartIT - Removed unused snapshots:
Removing snapshot sha256:026a712f86a389a5fd74927b58e3b9c46d97b4685244a93cf8afd5dd2d926256
Removing snapshot sha256:03af251906410714c5aef9fa705b63f6bbc39c4a5e787de7361eeb18886c2ed2
Removing snapshot sha256:04586d725303b4dcbc0cdc42a56e7852bc8859e90a3b42def5c29ab6c5b2378a
Removing snapshot sha256:0c46b3b43cce082ce5ec34ffc6c294e0417d17b9d1e6f366d114b6aadc4f96dc
Removing snapshot sha256:0ce761beee59082d6ed5bcebd3a805b8ddd9b3426b617e4809e7fb7c6587ffec
Removing snapshot sha256:1021ef88c7974bfff89c5a0ec4fd3160daac6c48a075f74cff721f85dd104e68
Removing snapshot sha256:10aba4953ddc18145dd38e3704709bc464aa20af60b56fe52caaff4b68411e62
Removing snapshot sha256:12fcdb97878a8124028dd759e7639b77bca16c0f46aabea18189ae25af2554ab
Removing snapshot sha256:2573e0d8158209ed54ab25c87bcdcb00bd3d2539246960a3d592a1c599d70465
Removing snapshot sha256:362a8a37f8bbc31925a8146adcf7cf51f9882f5c1dcbef67c5baa03a297543c0
Removing snapshot sha256:3fa4ad33f0ddc8fd45b39b6b4640f82a3a83619606cd975bfe89d8710ad2d4cd
Removing snapshot sha256:43a7c979bbaba6838bc3102d6b10a1459f3ab050b87ccdfef84ef90cf43d3058
Removing snapshot sha256:4ab04491cdf0d3267f08206fe30bd48f49f94b9cab2f016d6739220f722a64af
Removing snapshot sha256:4b6068250e89c96f263060261819c7d912855bfbd64b3eb4c4a8483299b8c295
Removing snapshot sha256:54760460dde328a0df5fb97426e3821ea3128f2a777231b6e8478cdaf84d50a9
Removing snapshot sha256:580e69a0a8034ede1921139bbd2bfb72a69ebf276d008281896c32dd8bf74775
Removing snapshot sha256:5ad32423e4b556ca23e4a282f00b6c28ba2ec8ad2b7822350a080868a3597d3e
Removing snapshot sha256:5d30ba46b27fe37484567ccc5242cadc78217b8da605f3f195ef25cbf7487904
Removing snapshot sha256:5ec183755d09a0a54d0f83e5a705f28f1606fe75660c13148fe125e4f12af39f
Removing snapshot sha256:63ca1fbb43ae5034640e5e6cb3e083e05c290072c5366fcaa9d62435a4cced85
Removing snapshot sha256:67f702c6baae873bceb19487c8b1f27bd2b86077e4f2f0e480e6d60ab508b8f5
Removing snapshot sha256:6864348dd42806d552efdec384f1274be15e2d0c10ce44c1f04347af004c10a9
Removing snapshot sha256:6a5c61fb510761c10ccddf77ecf23fa96d242570167a28bbb87a5e7fd5860814
Removing snapshot sha256:6b6a1f10cca10ea08499c191fc025406a23858de44f58930b06dc6608ff034e5
Removing snapshot sha256:6c7dee8f2c39b84b7dc2711c01d33de93514d9055499173e9290176fbe484b6c
Removing snapshot sha256:82753493a6d61ded36556292f02f31841a14c20d2f279f19eaad65afb661d5cd
Removing snapshot sha256:8a10d3db42c505ee0fcfa98417bdd7e39b304f6bcc0a06bb1b220797ff2cc63c
Removing snapshot sha256:8ad081ee0d46efdea0492cd0bb527c50a8891276fd408ec1269522ac9d6d5580
Removing snapshot sha256:8d000d24138b9815652aa9b3ec8bc8b8a22299614320124bdfe6b30910da620f
Removing snapshot sha256:a21e5b12dbac529ad45d976eb9ce45c881f3bedcc500fb30aba1e52aa1813418
Removing snapshot sha256:a8d62a6e94dbe8920ecfafa3b3aff0ef70aa26ca929f90b110db998eec09bab5
Removing snapshot sha256:ad858b4eee2d8f479065d1b8c650e13c815e75b2e4503c05a67cdc8880b0975a
Removing snapshot sha256:b921e6c28969094157f9b8e7244677780319637afd14450b7cb6b2fdea558a0c
Removing snapshot sha256:bc27ecb5769a00e309cf99ebc763c4a4b958b618d1decc96ffac5bc05f02f5b7
Removing snapshot sha256:be3ccb6627a5332e309d45ef461d09b4879dd870c7394d89323d0ebc6ca6aa8a
Removing snapshot sha256:c261f7cbbc64211ee175ee47273acdb7b1a36a4450b397a064a8f2c026490095
Removing snapshot sha256:c34d9393647eea0c9e3557ab988efaf59f61d10a2a5613b439ef0958cca5ec10
Removing snapshot sha256:ccf3c4a0fa967a41c1c83497a2ce6fa5787965859df0adb32c4ca2cf7490bc2b
Removing snapshot sha256:cf92d33f869417309692088c341cd0f223c178ea78a125f757317b22aa8f90e9
Removing snapshot sha256:d0037344cf2fb078884f1849f6a1f8cf9a33a3b6139b6a85833e5ee528e1f9a8
Removing snapshot sha256:d3b36d5b79273b1e98e7700470eaeff05a882e777124d84cebcc1505b85ecb36
Removing snapshot sha256:d65a44a37914602d12c611e5e22a50f11451d847e63015cc1c2aef92dee777a4
Removing snapshot sha256:e2dc0bae2455930f23ae570e019b7f32edc75c0f2d71cab084db837ff9051796
Removing snapshot sha256:eccbd24a99c60cd9e86ee5305dbfc4a4dc89f5ab4fb1f06c8d64797cecedef34
Removing snapshot sha256:f144bb4c7c7f0d2aa7eeffd36d934ec40db1ee167be727e326aad9fdc616f475

]]></system-out>
  </testcase>
  <testcase name="platformChart_whenCustomExtensionIsConfigured_withHttp_thenStartsUpSuccessfully()" classname="com.hivemq.helmcharts.extensions.HelmCustomExtensionIT" time="110.429">
    <system-out><![CDATA[2025-01-27 17:07:05,761 INFO c.h.h.t.HelmChartContainer - Creating namespace 'helmcustomextensionit-operator'...
2025-01-27 17:07:05,766 INFO c.h.h.t.HelmChartContainer - Namespace 'helmcustomextensionit-operator' created
2025-01-27 17:07:05,766 INFO c.h.h.t.HelmChartContainer - Creating namespace 'helmcustomextensionit'...
2025-01-27 17:07:05,772 INFO c.h.h.t.HelmChartContainer - Namespace 'helmcustomextensionit' created
2025-01-27 17:07:05,839 DEBUG c.h.h.t.HelmChartContainer - Executing helm command: /bin/helm --kubeconfig /etc/rancher/k3s/k3s.yaml install test-hivemq-platform-operator /charts/hivemq-platform-operator --wait --timeout 5m0s --set image.repository=docker.io/hivemq --set image.name=hivemq-platform-operator-test --set image.initImageName=hivemq-platform-operator-init-test --set image.tag=snapshot --set image.pullPolicy=Never --set logLevel=DEBUG --set resources.cpu=512m --namespace helmcustomextensionit-operator
2025-01-27 17:07:06,171 INFO c.h.h.t.HelmChartContainer - [K3S] [alloc.go:330] "allocated clusterIPs" service="helmcustomextensionit-operator/hivemq-platform-operator-test-hivemq-platform-operator" clusterIPs={"IPv4":"10.43.47.122"}
2025-01-27 17:07:06,199 INFO c.h.h.t.HelmChartContainer - [EVENT] Normal [ScalingReplicaSet] Scaled up replica set hivemq-test-hivemq-platform-operator-6966f96d65 from 0 to 1 [helmcustomextensionit-operator:hivemq-test-hivemq-platform-operator]
2025-01-27 17:07:06,216 INFO c.h.h.t.HelmChartContainer - [POD] hivemq-test-hivemq-platform-operator-6966f96d65-mqfn2 [47beabe9-3e85-4a8a-ad79-be5bb9e81249] in helmcustomextensionit-operator was ADDED
2025-01-27 17:07:06,229 INFO c.h.h.t.HelmChartContainer - [EVENT] Normal [SuccessfulCreate] Created pod: hivemq-test-hivemq-platform-operator-6966f96d65-mqfn2 [helmcustomextensionit-operator:hivemq-test-hivemq-platform-operator-6966f96d65]
2025-01-27 17:07:06,234 INFO c.h.h.t.HelmChartContainer - [POD] hivemq-test-hivemq-platform-operator-6966f96d65-mqfn2 [47beabe9-3e85-4a8a-ad79-be5bb9e81249] in helmcustomextensionit-operator was MODIFIED
2025-01-27 17:07:06,234 INFO c.h.h.t.HelmChartContainer - [K3S] [memory_manager.go:355] "RemoveStaleState removing state" podUID="c3519be0-b3aa-4a26-9410-04b5b0f3a4c7" containerName="hivemq-platform-operator"
2025-01-27 17:07:06,235 INFO c.h.h.t.HelmChartContainer - [K3S] [memory_manager.go:355] "RemoveStaleState removing state" podUID="be0c620f-d9b1-46cc-b5fd-a15b03443c08" containerName="nginx"
2025-01-27 17:07:06,235 INFO c.h.h.t.HelmChartContainer - [K3S] [memory_manager.go:355] "RemoveStaleState removing state" podUID="ccb6c94b-4319-4de2-9f7f-f4f6c81420b0" containerName="hivemq"
2025-01-27 17:07:06,236 INFO c.h.h.t.HelmChartContainer - [K3S] [replica_set.go:679] "Finished syncing" kind="ReplicaSet" key="helmcustomextensionit-operator/hivemq-test-hivemq-platform-operator-6966f96d65" duration="45.845919ms"
2025-01-27 17:07:06,237 INFO c.h.h.t.HelmChartContainer - [EVENT] Normal [Scheduled] Successfully assigned helmcustomextensionit-operator/hivemq-test-hivemq-platform-operator-6966f96d65-mqfn2 to 1d709a34904e [helmcustomextensionit-operator:hivemq-test-hivemq-platform-operator-6966f96d65-mqfn2]
2025-01-27 17:07:06,251 INFO c.h.h.t.HelmChartContainer - [K3S] [replica_set.go:679] "Finished syncing" kind="ReplicaSet" key="helmcustomextensionit-operator/hivemq-test-hivemq-platform-operator-6966f96d65" duration="14.283514ms"
2025-01-27 17:07:06,251 INFO c.h.h.t.HelmChartContainer - [K3S] [replica_set.go:679] "Finished syncing" kind="ReplicaSet" key="helmcustomextensionit-operator/hivemq-test-hivemq-platform-operator-6966f96d65" duration="59.081µs"
2025-01-27 17:07:06,251 INFO c.h.h.t.HelmChartContainer - [K3S] [replica_set.go:679] "Finished syncing" kind="ReplicaSet" key="helmcustomextensionit-operator/hivemq-test-hivemq-platform-operator-6966f96d65" duration="25.497µs"
2025-01-27 17:07:06,253 INFO c.h.h.t.HelmChartContainer - [POD] hivemq-test-hivemq-platform-operator-6966f96d65-mqfn2 [47beabe9-3e85-4a8a-ad79-be5bb9e81249] in helmcustomextensionit-operator was MODIFIED
2025-01-27 17:07:06,320 INFO c.h.h.t.HelmChartContainer - [K3S] [reconciler_common.go:251] "operationExecutor.VerifyControllerAttachedVolume started for volume \"kube-api-access-n6rgl\" (UniqueName: \"kubernetes.io/projected/47beabe9-3e85-4a8a-ad79-be5bb9e81249-kube-api-access-n6rgl\") pod \"hivemq-test-hivemq-platform-operator-6966f96d65-mqfn2\" (UID: \"47beabe9-3e85-4a8a-ad79-be5bb9e81249\") " pod="helmcustomextensionit-operator/hivemq-test-hivemq-platform-operator-6966f96d65-mqfn2"
2025-01-27 17:07:06,626 INFO c.h.h.t.HelmChartContainer - [EVENT] Normal [Pulled] Container image "docker.io/hivemq/hivemq-platform-operator-test:snapshot" already present on machine [helmcustomextensionit-operator:hivemq-test-hivemq-platform-operator-6966f96d65-mqfn2]
2025-01-27 17:07:06,626 INFO c.h.h.t.HelmChartContainer - Received Pulled event for container hivemq-platform-operator in pod hivemq-test-hivemq-platform-operator-6966f96d65-mqfn2 [47beabe9-3e85-4a8a-ad79-be5bb9e81249]
2025-01-27 17:07:07,883 INFO c.h.h.t.HelmChartContainer - [EVENT] Normal [Created] Created container: hivemq-platform-operator [helmcustomextensionit-operator:hivemq-test-hivemq-platform-operator-6966f96d65-mqfn2]
2025-01-27 17:07:07,884 INFO c.h.h.t.HelmChartContainer - Received Created event for container hivemq-platform-operator in pod hivemq-test-hivemq-platform-operator-6966f96d65-mqfn2 [47beabe9-3e85-4a8a-ad79-be5bb9e81249]
2025-01-27 17:07:08,461 INFO c.h.h.t.HelmChartContainer - [K3S] [replica_set.go:679] "Finished syncing" kind="ReplicaSet" key="helmcustomextensionit-operator/hivemq-test-hivemq-platform-operator-6966f96d65" duration="33.473µs"
2025-01-27 17:07:08,466 INFO c.h.h.t.HelmChartContainer - [POD] hivemq-test-hivemq-platform-operator-6966f96d65-mqfn2 [47beabe9-3e85-4a8a-ad79-be5bb9e81249] in helmcustomextensionit-operator was MODIFIED
2025-01-27 17:07:08,474 INFO c.h.h.t.HelmChartContainer - [EVENT] Normal [Started] Started container hivemq-platform-operator [helmcustomextensionit-operator:hivemq-test-hivemq-platform-operator-6966f96d65-mqfn2]
2025-01-27 17:07:08,474 INFO c.h.h.t.HelmChartContainer - Received Started event for container hivemq-platform-operator in pod hivemq-test-hivemq-platform-operator-6966f96d65-mqfn2 [47beabe9-3e85-4a8a-ad79-be5bb9e81249]
2025-01-27 17:07:08,474 INFO c.h.h.t.HelmChartContainer - Started log watcher for hivemq-platform-operator in pod hivemq-test-hivemq-platform-operator-6966f96d65-mqfn2 [47beabe9-3e85-4a8a-ad79-be5bb9e81249]
2025-01-27 17:07:08,474 INFO c.h.h.t.HelmChartContainer - [hivemq-test-hivemq-platform] [hivemq-platform-operator] [47beabe9] -------------------------------------------------------------------------
2025-01-27 17:07:08,474 INFO c.h.h.t.HelmChartContainer - [hivemq-test-hivemq-platform] [hivemq-platform-operator] [47beabe9] 
2025-01-27 17:07:08,474 INFO c.h.h.t.HelmChartContainer - [hivemq-test-hivemq-platform] [hivemq-platform-operator] [47beabe9]                   _    _  _              __  __   ____
2025-01-27 17:07:08,474 INFO c.h.h.t.HelmChartContainer - [hivemq-test-hivemq-platform] [hivemq-platform-operator] [47beabe9]                  | |  | |(_)            |  \/  | / __ \
2025-01-27 17:07:08,474 INFO c.h.h.t.HelmChartContainer - [hivemq-test-hivemq-platform] [hivemq-platform-operator] [47beabe9]                  | |__| | _ __   __ ___ | \  / || |  | |
2025-01-27 17:07:08,474 INFO c.h.h.t.HelmChartContainer - [hivemq-test-hivemq-platform] [hivemq-platform-operator] [47beabe9]                  |  __  || |\ \ / // _ \| |\/| || |  | |
2025-01-27 17:07:08,474 INFO c.h.h.t.HelmChartContainer - [hivemq-test-hivemq-platform] [hivemq-platform-operator] [47beabe9]                  | |  | || | \ V /|  __/| |  | || |__| |
2025-01-27 17:07:08,474 INFO c.h.h.t.HelmChartContainer - [hivemq-test-hivemq-platform] [hivemq-platform-operator] [47beabe9]                  |_|  |_||_|  \_/  \___||_|  |_| \___\_\
2025-01-27 17:07:08,474 INFO c.h.h.t.HelmChartContainer - [hivemq-test-hivemq-platform] [hivemq-platform-operator] [47beabe9] 
2025-01-27 17:07:08,474 INFO c.h.h.t.HelmChartContainer - [hivemq-test-hivemq-platform] [hivemq-platform-operator] [47beabe9] -------------------------------------------------------------------------
2025-01-27 17:07:08,474 INFO c.h.h.t.HelmChartContainer - [hivemq-test-hivemq-platform] [hivemq-platform-operator] [47beabe9] 
2025-01-27 17:07:08,474 INFO c.h.h.t.HelmChartContainer - [hivemq-test-hivemq-platform] [hivemq-platform-operator] [47beabe9]   HiveMQ Platform Operator Start Script v1.0
2025-01-27 17:07:08,474 INFO c.h.h.t.HelmChartContainer - [hivemq-test-hivemq-platform] [hivemq-platform-operator] [47beabe9] 
2025-01-27 17:07:08,474 INFO c.h.h.t.HelmChartContainer - [hivemq-test-hivemq-platform] [hivemq-platform-operator] [47beabe9] -------------------------------------------------------------------------
2025-01-27 17:07:08,474 INFO c.h.h.t.HelmChartContainer - [hivemq-test-hivemq-platform] [hivemq-platform-operator] [47beabe9] 
2025-01-27 17:07:08,474 INFO c.h.h.t.HelmChartContainer - [hivemq-test-hivemq-platform] [hivemq-platform-operator] [47beabe9]   JAVA_OPTS: -XX:+UnlockExperimentalVMOptions -XX:InitialRAMPercentage=75 -XX:MaxRAMPercentage=75 -Duser.language=en -Duser.region=US
2025-01-27 17:07:08,474 INFO c.h.h.t.HelmChartContainer - [hivemq-test-hivemq-platform] [hivemq-platform-operator] [47beabe9] 
2025-01-27 17:07:08,474 INFO c.h.h.t.HelmChartContainer - [hivemq-test-hivemq-platform] [hivemq-platform-operator] [47beabe9]   JAVA_VERSION: 21
2025-01-27 17:07:08,474 INFO c.h.h.t.HelmChartContainer - [hivemq-test-hivemq-platform] [hivemq-platform-operator] [47beabe9] 
2025-01-27 17:07:08,474 INFO c.h.h.t.HelmChartContainer - [hivemq-test-hivemq-platform] [hivemq-platform-operator] [47beabe9] -------------------------------------------------------------------------
2025-01-27 17:07:08,474 INFO c.h.h.t.HelmChartContainer - [hivemq-test-hivemq-platform] [hivemq-platform-operator] [47beabe9] 
2025-01-27 17:07:11,215 INFO c.h.h.t.HelmChartContainer - [hivemq-test-hivemq-platform] [hivemq-platform-operator] [47beabe9] 17:07:11.145 [main] DEBUG org.jboss.logging - Logging Provider: org.jboss.logging.Slf4jLoggerProvider
2025-01-27 17:07:11,317 INFO c.h.h.t.HelmChartContainer - [hivemq-test-hivemq-platform] [hivemq-platform-operator] [47beabe9] 17:07:11.316 [main] DEBUG io.smallrye.config - SRCFG01006: Loaded ConfigSource SysPropConfigSource with ordinal 400
2025-01-27 17:07:11,318 INFO c.h.h.t.HelmChartContainer - [hivemq-test-hivemq-platform] [hivemq-platform-operator] [47beabe9] 17:07:11.316 [main] DEBUG io.smallrye.config - SRCFG01006: Loaded ConfigSource EnvConfigSource with ordinal 300
2025-01-27 17:07:11,318 INFO c.h.h.t.HelmChartContainer - [hivemq-test-hivemq-platform] [hivemq-platform-operator] [47beabe9] 17:07:11.316 [main] DEBUG io.smallrye.config - SRCFG01006: Loaded ConfigSource PropertiesConfigSource[source=jar:file:///opt/hivemq-platform-operator/bin/hivemq-platform-operator.jar!/hivemq-platform-operator.properties] with ordinal 100
2025-01-27 17:07:11,318 INFO c.h.h.t.HelmChartContainer - [hivemq-test-hivemq-platform] [hivemq-platform-operator] [47beabe9] 17:07:11.316 [main] DEBUG io.smallrye.config - SRCFG01006: Loaded ConfigSource DefaultValuesConfigSource with ordinal -2147483648
2025-01-27 17:07:11,419 INFO c.h.h.t.HelmChartContainer - [hivemq-test-hivemq-platform] [hivemq-platform-operator] [47beabe9] 17:07:11.418 [main] DEBUG i.m.c.u.i.l.InternalLoggerFactory - Using SLF4J as the default logging framework
2025-01-27 17:07:11,549 INFO c.h.h.t.HelmChartContainer - [hivemq-test-hivemq-platform] [hivemq-platform-operator] [47beabe9] 17:07:11.525 [main] INFO  c.h.p.o.HiveMQPlatformOperatorApplication - HiveMQ Platform Operator 1.7.0-SNAPSHOT (commit: bebf408 on branch: HEAD) built on Sun Jan 26 20:47:47 UTC 2025
2025-01-27 17:07:11,549 INFO c.h.h.t.HelmChartContainer - [hivemq-test-hivemq-platform] [hivemq-platform-operator] [47beabe9] 17:07:11.547 [main] INFO  c.h.p.o.HiveMQPlatformOperatorApplication - HiveMQ Platform Operator is running in namespace: helmcustomextensionit-operator
2025-01-27 17:07:11,549 INFO c.h.h.t.HelmChartContainer - [hivemq-test-hivemq-platform] [hivemq-platform-operator] [47beabe9] 17:07:11.547 [main] INFO  c.h.p.o.HiveMQPlatformOperatorApplication - Watching all namespaces
2025-01-27 17:07:11,549 INFO c.h.h.t.HelmChartContainer - [hivemq-test-hivemq-platform] [hivemq-platform-operator] [47beabe9] 17:07:11.547 [main] INFO  c.h.p.o.HiveMQPlatformOperatorApplication - Log level: DEBUG
2025-01-27 17:07:11,549 INFO c.h.h.t.HelmChartContainer - [hivemq-test-hivemq-platform] [hivemq-platform-operator] [47beabe9] 17:07:11.547 [main] INFO  c.h.p.o.HiveMQPlatformOperatorApplication - Release name: test-hivemq-platform-operator
2025-01-27 17:07:11,549 INFO c.h.h.t.HelmChartContainer - [hivemq-test-hivemq-platform] [hivemq-platform-operator] [47beabe9] 17:07:11.547 [main] INFO  c.h.p.o.HiveMQPlatformOperatorApplication - HiveMQ Platform Operator Init image: docker.io/hivemq/hivemq-platform-operator-init-test:snapshot
2025-01-27 17:07:11,550 INFO c.h.h.t.HelmChartContainer - [hivemq-test-hivemq-platform] [hivemq-platform-operator] [47beabe9] 17:07:11.547 [main] INFO  c.h.p.o.HiveMQPlatformOperatorApplication - HiveMQ Platform Operator Init App update URL: http://hivemq-platform-operator-test-hivemq-platform-operator.helmcustomextensionit-operator.svc:8080/initAppUpdate/hivemq-platform-operator-init-app-1.7.0-SNAPSHOT.jar
2025-01-27 17:07:11,550 INFO c.h.h.t.HelmChartContainer - [hivemq-test-hivemq-platform] [hivemq-platform-operator] [47beabe9] 17:07:11.547 [main] INFO  c.h.p.o.HiveMQPlatformOperatorApplication - Additional imagePullSecret for all Platform deployments: none
2025-01-27 17:07:11,550 INFO c.h.h.t.HelmChartContainer - [hivemq-test-hivemq-platform] [hivemq-platform-operator] [47beabe9] 17:07:11.547 [main] INFO  c.h.p.o.HiveMQPlatformOperatorApplication - Apply HiveMQ Platform CRD: true
2025-01-27 17:07:11,550 INFO c.h.h.t.HelmChartContainer - [hivemq-test-hivemq-platform] [hivemq-platform-operator] [47beabe9] 17:07:11.547 [main] INFO  c.h.p.o.HiveMQPlatformOperatorApplication - Create Platform ServiceAccount: true
2025-01-27 17:07:11,550 INFO c.h.h.t.HelmChartContainer - [hivemq-test-hivemq-platform] [hivemq-platform-operator] [47beabe9] 17:07:11.547 [main] INFO  c.h.p.o.HiveMQPlatformOperatorApplication - Create Platform ServiceAccount permissions: true
2025-01-27 17:07:11,550 INFO c.h.h.t.HelmChartContainer - [hivemq-test-hivemq-platform] [hivemq-platform-operator] [47beabe9] 17:07:11.547 [main] INFO  c.h.p.o.HiveMQPlatformOperatorApplication - Validate Platform ServiceAccount: true
2025-01-27 17:07:11,550 INFO c.h.h.t.HelmChartContainer - [hivemq-test-hivemq-platform] [hivemq-platform-operator] [47beabe9] 17:07:11.547 [main] INFO  c.h.p.o.HiveMQPlatformOperatorApplication - Validate Platform ServiceAccount permissions: true
2025-01-27 17:07:11,724 INFO c.h.h.t.HelmChartContainer - [hivemq-test-hivemq-platform] [hivemq-platform-operator] [47beabe9] 17:07:11.722 [main] INFO  c.h.platform.operator.util.CRDUtil - Verifying deployed HiveMQ Platform CRD...
2025-01-27 17:07:14,325 INFO c.h.h.t.HelmChartContainer - [hivemq-test-hivemq-platform] [hivemq-platform-operator] [47beabe9] 17:07:14.323 [main] DEBUG c.h.platform.operator.util.CRDUtil - HiveMQ Platform CRD version v1 is up to date
2025-01-27 17:07:14,325 INFO c.h.h.t.HelmChartContainer - [hivemq-test-hivemq-platform] [hivemq-platform-operator] [47beabe9] 17:07:14.323 [main] INFO  c.h.platform.operator.util.CRDUtil - HiveMQ Platform CRD is up to date (version: V1_6_0)
2025-01-27 17:07:14,325 INFO c.h.h.t.HelmChartContainer - [hivemq-test-hivemq-platform] [hivemq-platform-operator] [47beabe9] 17:07:14.323 [main] INFO  c.h.platform.operator.util.CRDUtil - Waiting 10000 ms for HiveMQ Platform CRD 'hivemq-platforms.hivemq.com' to become ready...
2025-01-27 17:07:14,722 INFO c.h.h.t.HelmChartContainer - [hivemq-test-hivemq-platform] [hivemq-platform-operator] [47beabe9] 17:07:14.720 [vert.x-eventloop-thread-1] DEBUG c.h.platform.operator.util.CRDUtil - Checking CRD condition 'NamesAccepted' (status: 'True')
2025-01-27 17:07:14,723 INFO c.h.h.t.HelmChartContainer - [hivemq-test-hivemq-platform] [hivemq-platform-operator] [47beabe9] 17:07:14.722 [vert.x-eventloop-thread-1] DEBUG c.h.platform.operator.util.CRDUtil - Checking CRD condition 'Established' (status: 'True')
2025-01-27 17:07:14,743 INFO c.h.h.t.HelmChartContainer - [hivemq-test-hivemq-platform] [hivemq-platform-operator] [47beabe9] 17:07:14.742 [main] INFO  c.h.platform.operator.util.CRDUtil - HiveMQ Platform CRD 'hivemq-platforms.hivemq.com' is ready
2025-01-27 17:07:14,915 INFO c.h.h.t.HelmChartContainer - [hivemq-test-hivemq-platform] [hivemq-platform-operator] [47beabe9] 17:07:14.914 [main] INFO  c.h.p.o.HiveMQPlatformReconciler - HiveMQ Platform Operator is starting...
2025-01-27 17:07:14,950 INFO c.h.h.t.HelmChartContainer - [hivemq-test-hivemq-platform] [hivemq-platform-operator] [47beabe9] 17:07:14.949 [main] WARN  Default ConfigurationService implementation - Configuration for reconciler 'hivemq-controller' was not found. Known reconcilers: None.
2025-01-27 17:07:15,022 INFO c.h.h.t.HelmChartContainer - [hivemq-test-hivemq-platform] [hivemq-platform-operator] [47beabe9] 17:07:15.021 [main] INFO  Default ConfigurationService implementation - Created configuration for reconciler com.hivemq.platform.operator.HiveMQPlatformReconciler with name hivemq-controller
2025-01-27 17:07:15,146 INFO c.h.h.t.HelmChartContainer - [hivemq-test-hivemq-platform] [hivemq-platform-operator] [47beabe9] 17:07:15.144 [main] DEBUG c.h.p.o.HiveMQPlatformReconciler - HiveMQ Platform Operator is preparing EventSources
2025-01-27 17:07:15,225 INFO c.h.h.t.HelmChartContainer - [hivemq-test-hivemq-platform] [hivemq-platform-operator] [47beabe9] 17:07:15.224 [main] INFO  i.javaoperatorsdk.operator.Operator - Registered reconciler: 'hivemq-controller' for resource: 'class com.hivemq.platform.operator.v1.HiveMQPlatform' for namespace(s): [all namespaces]
2025-01-27 17:07:15,824 INFO c.h.h.t.HelmChartContainer - [hivemq-test-hivemq-platform] [hivemq-platform-operator] [47beabe9] 17:07:15.822 [main] INFO  c.h.p.operator.webserver.JettyServer - Starting Jetty server on port 8080
2025-01-27 17:07:15,925 INFO c.h.h.t.HelmChartContainer - [hivemq-test-hivemq-platform] [hivemq-platform-operator] [47beabe9] 17:07:15.924 [main] INFO  i.javaoperatorsdk.operator.Operator - Operator SDK 4.9.7 (commit: 2133d28) built on Wed Nov 20 12:56:20 UTC 2024 starting...
2025-01-27 17:07:15,926 INFO c.h.h.t.HelmChartContainer - [hivemq-test-hivemq-platform] [hivemq-platform-operator] [47beabe9] 17:07:15.924 [main] INFO  i.javaoperatorsdk.operator.Operator - Client version: 6.13.4
2025-01-27 17:07:15,927 INFO c.h.h.t.HelmChartContainer - [hivemq-test-hivemq-platform] [hivemq-platform-operator] [47beabe9] 17:07:15.926 [Controller Starter for: hivemq-controller] INFO  i.j.operator.processing.Controller - Starting 'hivemq-controller' controller for reconciler: com.hivemq.platform.operator.HiveMQPlatformReconciler, resource: com.hivemq.platform.operator.v1.HiveMQPlatform
2025-01-27 17:07:18,647 INFO c.h.h.t.HelmChartContainer - [hivemq-test-hivemq-platform] [hivemq-platform-operator] [47beabe9] 17:07:18.646 [Controller Starter for: hivemq-controller] INFO  i.j.operator.processing.Controller - 'hivemq-controller' controller started
2025-01-27 17:07:18,648 INFO c.h.h.t.HelmChartContainer - [hivemq-test-hivemq-platform] [hivemq-platform-operator] [47beabe9] 17:07:18.647 [main] INFO  c.h.p.o.HiveMQPlatformOperatorApplication - HiveMQ Platform Operator 1.7.0-SNAPSHOT started in 7121 ms
2025-01-27 17:07:19,473 INFO c.h.h.t.HelmChartContainer - [POD] hivemq-test-hivemq-platform-operator-6966f96d65-mqfn2 [47beabe9-3e85-4a8a-ad79-be5bb9e81249] in helmcustomextensionit-operator was MODIFIED
2025-01-27 17:07:19,482 INFO c.h.h.t.HelmChartContainer - [K3S] [replica_set.go:679] "Finished syncing" kind="ReplicaSet" key="helmcustomextensionit-operator/hivemq-test-hivemq-platform-operator-6966f96d65" duration="14.831739ms"
2025-01-27 17:07:19,482 INFO c.h.h.t.HelmChartContainer - [K3S] [replica_set.go:679] "Finished syncing" kind="ReplicaSet" key="helmcustomextensionit-operator/hivemq-test-hivemq-platform-operator-6966f96d65" duration="40.496µs"
2025-01-27 17:07:20,248 DEBUG c.h.helmcharts.util.HiveMQExtension - Trying to package class 'org.slf4j.Logger' into extension 'hivemq-custom-test-extension'
2025-01-27 17:07:20,250 DEBUG c.h.helmcharts.util.HiveMQExtension - Trying to package class 'com.hivemq.extension.sdk.api.ExtensionMain' into extension 'hivemq-custom-test-extension'
2025-01-27 17:07:20,251 DEBUG c.h.helmcharts.util.HiveMQExtension - Trying to compile class '/home/runner/work/helm-charts/helm-charts/helm-charts/tests-hivemq-platform-operator/src/integrationTest/java/com/hivemq/helmcharts/extensions/custom/CustomTestExtensionMain.java' into extension 'hivemq-custom-test-extension'
2025-01-27 17:07:20,516 DEBUG c.h.helmcharts.util.HiveMQExtension - Trying to package class 'org.slf4j.LoggerFactory' into extension 'hivemq-custom-test-extension'
2025-01-27 17:07:20,547 INFO c.h.h.t.HelmChartContainer - [EVENT] Normal [ScalingReplicaSet] Scaled up replica set nginx-65f867776f from 0 to 1 [helmcustomextensionit:nginx]
2025-01-27 17:07:20,554 INFO c.h.h.t.HelmChartContainer - [K3S] [alloc.go:330] "allocated clusterIPs" service="helmcustomextensionit/nginx-service" clusterIPs={"IPv4":"10.43.130.148"}
2025-01-27 17:07:20,556 INFO c.h.h.t.HelmChartContainer - [POD] nginx-65f867776f-qmpl5 [00c74ee3-6b8b-411d-96ac-277c606c5351] in helmcustomextensionit was ADDED
2025-01-27 17:07:20,572 INFO c.h.h.t.HelmChartContainer - [EVENT] Normal [SuccessfulCreate] Created pod: nginx-65f867776f-qmpl5 [helmcustomextensionit:nginx-65f867776f]
2025-01-27 17:07:20,573 INFO c.h.h.t.HelmChartContainer - [K3S] [replica_set.go:679] "Finished syncing" kind="ReplicaSet" key="helmcustomextensionit/nginx-65f867776f" duration="28.620323ms"
2025-01-27 17:07:20,581 INFO c.h.h.t.HelmChartContainer - [POD] nginx-65f867776f-qmpl5 [00c74ee3-6b8b-411d-96ac-277c606c5351] in helmcustomextensionit was MODIFIED
2025-01-27 17:07:20,586 INFO c.h.h.t.HelmChartContainer - [K3S] [reflector.go:569] object-"helmcustomextensionit"/"kube-root-ca.crt": failed to list *v1.ConfigMap: configmaps "kube-root-ca.crt" is forbidden: User "system:node:1d709a34904e" cannot list resource "configmaps" in API group "" in the namespace "helmcustomextensionit": no relationship found between node '1d709a34904e' and this object
2025-01-27 17:07:20,586 INFO c.h.h.t.HelmChartContainer - [K3S] [reflector.go:166] "Unhandled Error" err="object-\"helmcustomextensionit\"/\"kube-root-ca.crt\": Failed to watch *v1.ConfigMap: failed to list *v1.ConfigMap: configmaps \"kube-root-ca.crt\" is forbidden: User \"system:node:1d709a34904e\" cannot list resource \"configmaps\" in API group \"\" in the namespace \"helmcustomextensionit\": no relationship found between node '1d709a34904e' and this object"
2025-01-27 17:07:20,588 INFO c.h.h.t.HelmChartContainer - [EVENT] Normal [Scheduled] Successfully assigned helmcustomextensionit/nginx-65f867776f-qmpl5 to 1d709a34904e [helmcustomextensionit:nginx-65f867776f-qmpl5]
2025-01-27 17:07:20,590 INFO c.h.h.t.HelmChartContainer - [K3S] [replica_set.go:679] "Finished syncing" kind="ReplicaSet" key="helmcustomextensionit/nginx-65f867776f" duration="9.496274ms"
2025-01-27 17:07:20,592 INFO c.h.h.t.HelmChartContainer - [K3S] [replica_set.go:679] "Finished syncing" kind="ReplicaSet" key="helmcustomextensionit/nginx-65f867776f" duration="31.83µs"
2025-01-27 17:07:20,596 INFO c.h.h.t.HelmChartContainer - [K3S] [replica_set.go:679] "Finished syncing" kind="ReplicaSet" key="helmcustomextensionit/nginx-65f867776f" duration="23.724µs"
2025-01-27 17:07:20,599 INFO c.h.h.t.HelmChartContainer - [POD] nginx-65f867776f-qmpl5 [00c74ee3-6b8b-411d-96ac-277c606c5351] in helmcustomextensionit was MODIFIED
2025-01-27 17:07:20,604 INFO c.h.h.t.HelmChartContainer - [K3S] [reconciler_common.go:251] "operationExecutor.VerifyControllerAttachedVolume started for volume \"kube-api-access-nc6jl\" (UniqueName: \"kubernetes.io/projected/00c74ee3-6b8b-411d-96ac-277c606c5351-kube-api-access-nc6jl\") pod \"nginx-65f867776f-qmpl5\" (UID: \"00c74ee3-6b8b-411d-96ac-277c606c5351\") " pod="helmcustomextensionit/nginx-65f867776f-qmpl5"
2025-01-27 17:07:20,604 INFO c.h.h.t.HelmChartContainer - [K3S] [reconciler_common.go:251] "operationExecutor.VerifyControllerAttachedVolume started for volume \"volume-hivemq-custom-test-extension-100\" (UniqueName: \"kubernetes.io/host-path/00c74ee3-6b8b-411d-96ac-277c606c5351-volume-hivemq-custom-test-extension-100\") pod \"nginx-65f867776f-qmpl5\" (UID: \"00c74ee3-6b8b-411d-96ac-277c606c5351\") " pod="helmcustomextensionit/nginx-65f867776f-qmpl5"
2025-01-27 17:07:21,577 INFO c.h.h.t.HelmChartContainer - [EVENT] Normal [Pulled] Container image "nginx:1.27.3" already present on machine [helmcustomextensionit:nginx-65f867776f-qmpl5]
2025-01-27 17:07:21,577 INFO c.h.h.t.HelmChartContainer - Received Pulled event for container nginx in pod nginx-65f867776f-qmpl5 [00c74ee3-6b8b-411d-96ac-277c606c5351]
2025-01-27 17:07:22,989 INFO c.h.h.t.HelmChartContainer - [EVENT] Normal [Created] Created container: nginx [helmcustomextensionit:nginx-65f867776f-qmpl5]
2025-01-27 17:07:22,989 INFO c.h.h.t.HelmChartContainer - Received Created event for container nginx in pod nginx-65f867776f-qmpl5 [00c74ee3-6b8b-411d-96ac-277c606c5351]
2025-01-27 17:07:23,489 INFO c.h.h.t.HelmChartContainer - [POD] nginx-65f867776f-qmpl5 [00c74ee3-6b8b-411d-96ac-277c606c5351] in helmcustomextensionit was MODIFIED
2025-01-27 17:07:23,492 INFO c.h.h.t.HelmChartContainer - [K3S] [replica_set.go:679] "Finished syncing" kind="ReplicaSet" key="helmcustomextensionit/nginx-65f867776f" duration="6.051797ms"
2025-01-27 17:07:23,493 INFO c.h.h.t.HelmChartContainer - [K3S] [replica_set.go:679] "Finished syncing" kind="ReplicaSet" key="helmcustomextensionit/nginx-65f867776f" duration="27.161µs"
2025-01-27 17:07:23,500 INFO c.h.h.t.HelmChartContainer - [EVENT] Normal [Started] Started container nginx [helmcustomextensionit:nginx-65f867776f-qmpl5]
2025-01-27 17:07:23,500 INFO c.h.h.t.HelmChartContainer - Started log watcher for nginx in pod nginx-65f867776f-qmpl5 [00c74ee3-6b8b-411d-96ac-277c606c5351]
2025-01-27 17:07:23,500 INFO c.h.h.t.HelmChartContainer - Received Started event for container nginx in pod nginx-65f867776f-qmpl5 [00c74ee3-6b8b-411d-96ac-277c606c5351]
2025-01-27 17:07:23,503 INFO c.h.h.t.HelmChartContainer - [nginx-65f867776f-qmp] [nginx] [00c74ee3] /docker-entrypoint.sh: /docker-entrypoint.d/ is not empty, will attempt to perform configuration
2025-01-27 17:07:23,504 INFO c.h.h.t.HelmChartContainer - [nginx-65f867776f-qmp] [nginx] [00c74ee3] /docker-entrypoint.sh: Looking for shell scripts in /docker-entrypoint.d/
2025-01-27 17:07:23,504 INFO c.h.h.t.HelmChartContainer - [nginx-65f867776f-qmp] [nginx] [00c74ee3] /docker-entrypoint.sh: Launching /docker-entrypoint.d/10-listen-on-ipv6-by-default.sh
2025-01-27 17:07:23,505 INFO c.h.h.t.HelmChartContainer - [nginx-65f867776f-qmp] [nginx] [00c74ee3] 10-listen-on-ipv6-by-default.sh: info: Getting the checksum of /etc/nginx/conf.d/default.conf
2025-01-27 17:07:23,505 INFO c.h.h.t.HelmChartContainer - [nginx-65f867776f-qmp] [nginx] [00c74ee3] 10-listen-on-ipv6-by-default.sh: info: Enabled listen on IPv6 in /etc/nginx/conf.d/default.conf
2025-01-27 17:07:23,505 INFO c.h.h.t.HelmChartContainer - [nginx-65f867776f-qmp] [nginx] [00c74ee3] /docker-entrypoint.sh: Sourcing /docker-entrypoint.d/15-local-resolvers.envsh
2025-01-27 17:07:23,505 INFO c.h.h.t.HelmChartContainer - [nginx-65f867776f-qmp] [nginx] [00c74ee3] /docker-entrypoint.sh: Launching /docker-entrypoint.d/20-envsubst-on-templates.sh
2025-01-27 17:07:23,505 INFO c.h.h.t.HelmChartContainer - [nginx-65f867776f-qmp] [nginx] [00c74ee3] /docker-entrypoint.sh: Launching /docker-entrypoint.d/30-tune-worker-processes.sh
2025-01-27 17:07:23,505 INFO c.h.h.t.HelmChartContainer - [nginx-65f867776f-qmp] [nginx] [00c74ee3] /docker-entrypoint.sh: Configuration complete; ready for start up
2025-01-27 17:07:23,505 INFO c.h.h.t.HelmChartContainer - [nginx-65f867776f-qmp] [nginx] [00c74ee3] 2025/01/27 17:07:23 [notice] 1#1: using the "epoll" event method
2025-01-27 17:07:23,505 INFO c.h.h.t.HelmChartContainer - [nginx-65f867776f-qmp] [nginx] [00c74ee3] 2025/01/27 17:07:23 [notice] 1#1: nginx/1.27.3
2025-01-27 17:07:23,505 INFO c.h.h.t.HelmChartContainer - [nginx-65f867776f-qmp] [nginx] [00c74ee3] 2025/01/27 17:07:23 [notice] 1#1: built by gcc 12.2.0 (Debian 12.2.0-14) 
2025-01-27 17:07:23,505 INFO c.h.h.t.HelmChartContainer - [nginx-65f867776f-qmp] [nginx] [00c74ee3] 2025/01/27 17:07:23 [notice] 1#1: OS: Linux 6.8.0-1020-azure
2025-01-27 17:07:23,505 INFO c.h.h.t.HelmChartContainer - [nginx-65f867776f-qmp] [nginx] [00c74ee3] 2025/01/27 17:07:23 [notice] 1#1: getrlimit(RLIMIT_NOFILE): 1048576:1048576
2025-01-27 17:07:23,505 INFO c.h.h.t.HelmChartContainer - [nginx-65f867776f-qmp] [nginx] [00c74ee3] 2025/01/27 17:07:23 [notice] 1#1: start worker processes
2025-01-27 17:07:23,505 INFO c.h.h.t.HelmChartContainer - [nginx-65f867776f-qmp] [nginx] [00c74ee3] 2025/01/27 17:07:23 [notice] 1#1: start worker process 29
2025-01-27 17:07:23,505 INFO c.h.h.t.HelmChartContainer - [nginx-65f867776f-qmp] [nginx] [00c74ee3] 2025/01/27 17:07:23 [notice] 1#1: start worker process 30
2025-01-27 17:07:23,505 INFO c.h.h.t.HelmChartContainer - [nginx-65f867776f-qmp] [nginx] [00c74ee3] 2025/01/27 17:07:23 [notice] 1#1: start worker process 31
2025-01-27 17:07:23,505 INFO c.h.h.t.HelmChartContainer - [nginx-65f867776f-qmp] [nginx] [00c74ee3] 2025/01/27 17:07:23 [notice] 1#1: start worker process 32
2025-01-27 17:07:24,567 INFO c.h.h.testcontainer.LogWaiterUtil - TEST Waiting for log pattern on 'test-hivemq-platform-0': .*Extension "HiveMQ Custom Test Extension" version 1.0.0 started successfully.
2025-01-27 17:07:24,631 DEBUG c.h.h.t.HelmChartContainer - Executing helm command: /bin/helm --kubeconfig /etc/rancher/k3s/k3s.yaml install test-hivemq-platform /charts/hivemq-platform --wait --timeout 5m0s --set image.repository=docker.io/hivemq --set image.tag=4.35.0 --set image.pullPolicy=Never --set nodes.resources.cpu=512m -f /files/custom-extension-values.yaml --namespace helmcustomextensionit
2025-01-27 17:07:24,865 INFO c.h.h.t.HelmChartContainer - [hivemq-test-hivemq-platform] [hivemq-platform-operator] [47beabe9] 17:07:24.864 [-373097727-pool-1-thread-3] WARN  i.m.p.PrometheusMeterRegistry - The meter (MeterId{name='operator.sdk.events.received', tags=[tag(action=ADDED),tag(event=ResourceEvent),tag(group=hivemq.com),tag(kind=HiveMQPlatform),tag(name=test-hivemq-platform),tag(namespace=helmcustomextensionit),tag(scope=namespace),tag(version=v1)]}) registration has failed: Prometheus requires that all meters with the same name have the same set of tag keys. There is already an existing meter named 'operator.sdk.events.received' containing tag keys [event, group, kind, name, namespace, scope, version]. The meter you are attempting to register has keys [action, event, group, kind, name, namespace, scope, version]. Note that subsequent logs will be logged at debug level.
2025-01-27 17:07:25,416 INFO c.h.h.t.HelmChartContainer - [hivemq-test-hivemq-platform] [hivemq-platform-operator] [47beabe9] 17:07:25.413 [pool-6-thread-3] DEBUG c.h.p.o.dependants.PodInfoConfigMap - [helmcust] Desired PodInfo ConfigMap (1 extensions) (1 enabled)
2025-01-27 17:07:25,416 INFO c.h.h.t.HelmChartContainer - [hivemq-test-hivemq-platform] [hivemq-platform-operator] [47beabe9] 17:07:25.414 [pool-6-thread-3] DEBUG c.h.p.o.dependants.PodInfoConfigMap - [helmcust] Desired PodInfo ConfigMap (metrics port: 9399) (metrics path: /)
2025-01-27 17:07:25,416 INFO c.h.h.t.HelmChartContainer - [hivemq-test-hivemq-platform] [hivemq-platform-operator] [47beabe9] 17:07:25.414 [pool-6-thread-3] DEBUG c.h.p.o.dependants.PodInfoConfigMap - [helmcust] Desired PodInfo ConfigMap (extension state hash: -2048767907)
2025-01-27 17:07:25,446 INFO c.h.h.t.HelmChartContainer - [hivemq-test-hivemq-platform] [hivemq-platform-operator] [47beabe9] 17:07:25.443 [pool-6-thread-3] DEBUG c.h.p.o.dependants.PodInfoConfigMap - [helmcust] Create PodInfo ConfigMap
2025-01-27 17:07:25,549 INFO c.h.h.t.HelmChartContainer - [hivemq-test-hivemq-platform] [hivemq-platform-operator] [47beabe9] 17:07:25.545 [pool-6-thread-5] DEBUG c.h.p.o.dependants.PodRoleResource - [helmcust] Create Role: Role(apiVersion=rbac.authorization.k8s.io/v1, kind=Role, metadata=ObjectMeta(annotations={meta.helm.sh/release-name=test-hivemq-platform, meta.helm.sh/release-namespace=helmcustomextensionit}, creationTimestamp=null, deletionGracePeriodSeconds=null, deletionTimestamp=null, finalizers=[], generateName=null, generation=null, labels={helm.sh/chart=hivemq-platform-0.2.31, app.kubernetes.io/managed-by=Helm, app.kubernetes.io/name=hivemq-platform, hivemq-platform=test-hivemq-platform, app.kubernetes.io/instance=test-hivemq-platform, app.kubernetes.io/version=4.35.0}, managedFields=[], name=hivemq-platform-role-test-hivemq-platform, namespace=helmcustomextensionit, ownerReferences=[OwnerReference(apiVersion=hivemq.com/v1, blockOwnerDeletion=null, controller=null, kind=HiveMQPlatform, name=test-hivemq-platform, uid=713fb995-9e37-4530-b783-d1d4adef635c, additionalProperties={})], resourceVersion=null, selfLink=null, uid=null, additionalProperties={}), rules=[PolicyRule(apiGroups=[], nonResourceURLs=[], resourceNames=[], resources=[pods], verbs=[get, patch, update], additionalProperties={})], additionalProperties={})
2025-01-27 17:07:25,651 INFO c.h.h.t.HelmChartContainer - [hivemq-test-hivemq-platform] [hivemq-platform-operator] [47beabe9] 17:07:25.649 [pool-6-thread-7] DEBUG c.h.p.o.d.PodServiceAccountResource - [helmcust] Desired PodServiceAccountResource (serviceAccountName: hivemq-platform-pod-test-hivemq-platform)
2025-01-27 17:07:25,652 INFO c.h.h.t.HelmChartContainer - [hivemq-test-hivemq-platform] [hivemq-platform-operator] [47beabe9] 17:07:25.650 [pool-6-thread-7] DEBUG c.h.p.o.d.PodServiceAccountResource - [helmcust] Create ServiceAccount 'hivemq-platform-pod-test-hivemq-platform'
2025-01-27 17:07:25,846 INFO c.h.h.t.HelmChartContainer - [hivemq-test-hivemq-platform] [hivemq-platform-operator] [47beabe9] 17:07:25.844 [pool-6-thread-10] DEBUG c.h.p.o.d.PodRoleBindingResource - [helmcust] Create RoleBinding: RoleBinding(apiVersion=rbac.authorization.k8s.io/v1, kind=RoleBinding, metadata=ObjectMeta(annotations={meta.helm.sh/release-name=test-hivemq-platform, meta.helm.sh/release-namespace=helmcustomextensionit}, creationTimestamp=null, deletionGracePeriodSeconds=null, deletionTimestamp=null, finalizers=[], generateName=null, generation=null, labels={helm.sh/chart=hivemq-platform-0.2.31, app.kubernetes.io/managed-by=Helm, app.kubernetes.io/name=hivemq-platform, hivemq-platform=test-hivemq-platform, app.kubernetes.io/instance=test-hivemq-platform, app.kubernetes.io/version=4.35.0}, managedFields=[], name=hivemq-platform-role-binding-test-hivemq-platform, namespace=helmcustomextensionit, ownerReferences=[OwnerReference(apiVersion=hivemq.com/v1, blockOwnerDeletion=null, controller=null, kind=HiveMQPlatform, name=test-hivemq-platform, uid=713fb995-9e37-4530-b783-d1d4adef635c, additionalProperties={})], resourceVersion=null, selfLink=null, uid=null, additionalProperties={}), roleRef=RoleRef(apiGroup=rbac.authorization.k8s.io, kind=Role, name=hivemq-platform-role-test-hivemq-platform, additionalProperties={}), subjects=[Subject(apiGroup=null, kind=ServiceAccount, name=hivemq-platform-pod-test-hivemq-platform, namespace=helmcustomextensionit, additionalProperties={})], additionalProperties={})
2025-01-27 17:07:25,917 INFO c.h.h.t.HelmChartContainer - [hivemq-test-hivemq-platform] [hivemq-platform-operator] [47beabe9] 17:07:25.916 [ReconcilerExecutor-hivemq-controller-54] INFO  c.h.p.o.HiveMQPlatformReconciler - [helmcust] Reconciling HiveMQ Platform 'test-hivemq-platform' in namespace 'helmcustomextensionit'
2025-01-27 17:07:25,918 INFO c.h.h.t.HelmChartContainer - [hivemq-test-hivemq-platform] [hivemq-platform-operator] [47beabe9] 17:07:25.916 [ReconcilerExecutor-hivemq-controller-54] DEBUG c.h.p.o.HiveMQPlatformReconciler - [helmcust] Custom Resource Status CREATED - HiveMQ Platform was created (READY)
2025-01-27 17:07:25,918 INFO c.h.h.t.HelmChartContainer - [hivemq-test-hivemq-platform] [hivemq-platform-operator] [47beabe9] 17:07:25.916 [ReconcilerExecutor-hivemq-controller-54] DEBUG c.h.p.o.HiveMQPlatformReconciler - [helmcust] Custom Resource Spec (replicas: 1) (extensions: 1)
2025-01-27 17:07:25,945 INFO c.h.h.t.HelmChartContainer - [hivemq-test-hivemq-platform] [hivemq-platform-operator] [47beabe9] 17:07:25.943 [ReconcilerExecutor-hivemq-controller-54] INFO  c.h.p.o.h.HiveMQPlatformReconcilerBaseHandler - [helmcust] HiveMQ Platform is starting
2025-01-27 17:07:26,054 INFO c.h.h.t.HelmChartContainer - [hivemq-test-hivemq-platform] [hivemq-platform-operator] [47beabe9] 17:07:26.053 [ReconcilerExecutor-hivemq-controller-54] DEBUG c.h.p.operator.event.EventSender - [helmcust] Creating K8s event hivemq-platform-starting: [Start] HiveMQ Platform is starting
2025-01-27 17:07:26,062 INFO c.h.h.t.HelmChartContainer - [EVENT] Normal [Start] HiveMQ Platform is starting [helmcustomextensionit:test-hivemq-platform]
2025-01-27 17:07:26,119 INFO c.h.h.t.HelmChartContainer - [hivemq-test-hivemq-platform] [hivemq-platform-operator] [47beabe9] 17:07:26.118 [ReconcilerExecutor-hivemq-controller-54] INFO  c.h.p.o.h.AbstractHiveMQReconcilerStateHandler - [helmcust] Update HiveMQ Platform Status (CREATED [READY] -> STARTING [READY]): HiveMQ Platform is starting
2025-01-27 17:07:26,157 DEBUG com.hivemq.helmcharts.util.K8sUtil - Comparing actual state 'STARTING' and waiting for 'RUNNING'
2025-01-27 17:07:36,252 INFO c.h.h.t.HelmChartContainer - [hivemq-test-hivemq-platform] [hivemq-platform-operator] [47beabe9] 17:07:36.249 [pool-6-thread-12] DEBUG c.h.p.o.d.PlatformServiceResource - [helmcust] Desired Platform services (3 services)
2025-01-27 17:07:36,255 INFO c.h.h.t.HelmChartContainer - [hivemq-test-hivemq-platform] [hivemq-platform-operator] [47beabe9] 17:07:36.254 [pool-6-thread-13] DEBUG c.h.p.o.dependants.PodInfoConfigMap - [helmcust] Desired PodInfo ConfigMap (1 extensions) (1 enabled)
2025-01-27 17:07:36,256 INFO c.h.h.t.HelmChartContainer - [hivemq-test-hivemq-platform] [hivemq-platform-operator] [47beabe9] 17:07:36.254 [pool-6-thread-13] DEBUG c.h.p.o.dependants.PodInfoConfigMap - [helmcust] Desired PodInfo ConfigMap (metrics port: 9399) (metrics path: /)
2025-01-27 17:07:36,256 INFO c.h.h.t.HelmChartContainer - [hivemq-test-hivemq-platform] [hivemq-platform-operator] [47beabe9] 17:07:36.254 [pool-6-thread-13] DEBUG c.h.p.o.dependants.PodInfoConfigMap - [helmcust] Desired PodInfo ConfigMap (extension state hash: -2048767907)
2025-01-27 17:07:36,258 INFO c.h.h.t.HelmChartContainer - [hivemq-test-hivemq-platform] [hivemq-platform-operator] [47beabe9] 17:07:36.257 [pool-6-thread-17] DEBUG c.h.p.o.d.PodServiceAccountResource - [helmcust] Desired PodServiceAccountResource (serviceAccountName: hivemq-platform-pod-test-hivemq-platform)
2025-01-27 17:07:36,264 INFO c.h.h.t.HelmChartContainer - [K3S] [alloc.go:330] "allocated clusterIPs" service="helmcustomextensionit/hivemq-test-hivemq-platform-cc-8080" clusterIPs={"IPv4":"10.43.180.81"}
2025-01-27 17:07:36,349 INFO c.h.h.t.HelmChartContainer - [hivemq-test-hivemq-platform] [hivemq-platform-operator] [47beabe9] 17:07:36.346 [pool-6-thread-13] DEBUG c.h.p.o.dependants.PodInfoConfigMap - [helmcust] Update PodInfo ConfigMap
2025-01-27 17:07:36,357 INFO c.h.h.t.HelmChartContainer - [K3S] [alloc.go:330] "allocated clusterIPs" service="helmcustomextensionit/hivemq-test-hivemq-platform-mqtt-1883" clusterIPs={"IPv4":"10.43.42.245"}
2025-01-27 17:07:36,449 INFO c.h.h.t.HelmChartContainer - [K3S] [alloc.go:330] "allocated clusterIPs" service="helmcustomextensionit/hivemq-test-hivemq-platform-metrics-9399" clusterIPs={"IPv4":"10.43.169.20"}
2025-01-27 17:07:36,458 INFO c.h.h.t.HelmChartContainer - [hivemq-test-hivemq-platform] [hivemq-platform-operator] [47beabe9] 17:07:36.455 [pool-6-thread-20] DEBUG c.h.p.o.d.StatefulSetResource - [helmcust] Desired StatefulSet (1 replicas) for status STARTING (READY)
2025-01-27 17:07:36,545 INFO c.h.h.t.HelmChartContainer - [hivemq-test-hivemq-platform] [hivemq-platform-operator] [47beabe9] 17:07:36.544 [pool-6-thread-20] DEBUG c.h.p.o.d.StatefulSetResource - [helmcust] Create StatefulSet
2025-01-27 17:07:36,571 INFO c.h.h.t.HelmChartContainer - [POD] test-hivemq-platform-0 [91706ed0-82c4-4b78-87df-0fe23b32cdca] in helmcustomextensionit was ADDED
2025-01-27 17:07:36,578 INFO c.h.h.t.HelmChartContainer - [EVENT] Normal [SuccessfulCreate] create Pod test-hivemq-platform-0 in StatefulSet test-hivemq-platform successful [helmcustomextensionit:test-hivemq-platform]
2025-01-27 17:07:36,586 INFO c.h.h.t.HelmChartContainer - [POD] test-hivemq-platform-0 [91706ed0-82c4-4b78-87df-0fe23b32cdca] in helmcustomextensionit was MODIFIED
2025-01-27 17:07:36,594 INFO c.h.h.t.HelmChartContainer - [EVENT] Normal [Scheduled] Successfully assigned helmcustomextensionit/test-hivemq-platform-0 to 1d709a34904e [helmcustomextensionit:test-hivemq-platform-0]
2025-01-27 17:07:36,594 INFO c.h.h.t.HelmChartContainer - [K3S] [reconciler_common.go:251] "operationExecutor.VerifyControllerAttachedVolume started for volume \"kube-api-access-drl77\" (UniqueName: \"kubernetes.io/projected/91706ed0-82c4-4b78-87df-0fe23b32cdca-kube-api-access-drl77\") pod \"test-hivemq-platform-0\" (UID: \"91706ed0-82c4-4b78-87df-0fe23b32cdca\") " pod="helmcustomextensionit/test-hivemq-platform-0"
2025-01-27 17:07:36,595 INFO c.h.h.t.HelmChartContainer - [K3S] [reconciler_common.go:251] "operationExecutor.VerifyControllerAttachedVolume started for volume \"pod-info\" (UniqueName: \"kubernetes.io/configmap/91706ed0-82c4-4b78-87df-0fe23b32cdca-pod-info\") pod \"test-hivemq-platform-0\" (UID: \"91706ed0-82c4-4b78-87df-0fe23b32cdca\") " pod="helmcustomextensionit/test-hivemq-platform-0"
2025-01-27 17:07:36,595 INFO c.h.h.t.HelmChartContainer - [K3S] [reconciler_common.go:251] "operationExecutor.VerifyControllerAttachedVolume started for volume \"broker-configuration\" (UniqueName: \"kubernetes.io/configmap/91706ed0-82c4-4b78-87df-0fe23b32cdca-broker-configuration\") pod \"test-hivemq-platform-0\" (UID: \"91706ed0-82c4-4b78-87df-0fe23b32cdca\") " pod="helmcustomextensionit/test-hivemq-platform-0"
2025-01-27 17:07:36,596 INFO c.h.h.t.HelmChartContainer - [K3S] [reconciler_common.go:251] "operationExecutor.VerifyControllerAttachedVolume started for volume \"operator-init\" (UniqueName: \"kubernetes.io/empty-dir/91706ed0-82c4-4b78-87df-0fe23b32cdca-operator-init\") pod \"test-hivemq-platform-0\" (UID: \"91706ed0-82c4-4b78-87df-0fe23b32cdca\") " pod="helmcustomextensionit/test-hivemq-platform-0"
2025-01-27 17:07:36,610 INFO c.h.h.t.HelmChartContainer - [POD] test-hivemq-platform-0 [91706ed0-82c4-4b78-87df-0fe23b32cdca] in helmcustomextensionit was MODIFIED
2025-01-27 17:07:36,649 INFO c.h.h.t.HelmChartContainer - [hivemq-test-hivemq-platform] [hivemq-platform-operator] [47beabe9] 17:07:36.642 [ReconcilerExecutor-hivemq-controller-65] INFO  c.h.p.o.HiveMQPlatformReconciler - [helmcust] Reconciling HiveMQ Platform 'test-hivemq-platform' in namespace 'helmcustomextensionit'
2025-01-27 17:07:36,650 INFO c.h.h.t.HelmChartContainer - [hivemq-test-hivemq-platform] [hivemq-platform-operator] [47beabe9] 17:07:36.643 [ReconcilerExecutor-hivemq-controller-65] DEBUG c.h.p.o.HiveMQPlatformReconciler - [helmcust] Custom Resource Status STARTING - HiveMQ Platform is starting (READY)
2025-01-27 17:07:36,650 INFO c.h.h.t.HelmChartContainer - [hivemq-test-hivemq-platform] [hivemq-platform-operator] [47beabe9] 17:07:36.643 [ReconcilerExecutor-hivemq-controller-65] DEBUG c.h.p.o.HiveMQPlatformReconciler - [helmcust] Custom Resource Spec (replicas: 1) (extensions: 1)
2025-01-27 17:07:36,655 INFO c.h.h.t.HelmChartContainer - [hivemq-test-hivemq-platform] [hivemq-platform-operator] [47beabe9] 17:07:36.650 [ReconcilerExecutor-hivemq-controller-65] DEBUG c.h.p.o.HiveMQPlatformReconciler - [helmcust] StatefulSet Status (revision: null, replicas: 0, available: 0, ready: 0, current: 0, updated: 0)
2025-01-27 17:07:36,655 INFO c.h.h.t.HelmChartContainer - [hivemq-test-hivemq-platform] [hivemq-platform-operator] [47beabe9] 17:07:36.650 [ReconcilerExecutor-hivemq-controller-65] DEBUG c.h.p.o.HiveMQPlatformReconciler - [helmcust] StatefulSet Spec (replicas: 1, init containers: 1, containers: 1, volumes: 3)
2025-01-27 17:07:36,757 INFO c.h.h.t.HelmChartContainer - [hivemq-test-hivemq-platform] [hivemq-platform-operator] [47beabe9] 17:07:36.754 [ReconcilerExecutor-hivemq-controller-65] DEBUG c.h.p.o.h.HiveMQPlatformReconcilerErrorHandler - [helmcust] Pod 'test-hivemq-platform-0' phase Pending
2025-01-27 17:07:36,757 INFO c.h.h.t.HelmChartContainer - [hivemq-test-hivemq-platform] [hivemq-platform-operator] [47beabe9] 17:07:36.754 [ReconcilerExecutor-hivemq-controller-65] DEBUG c.h.p.o.h.HiveMQPlatformReconcilerErrorHandler - [helmcust] Pod 'test-hivemq-platform-0' condition 'PodReadyToStartContainers': False
2025-01-27 17:07:36,758 INFO c.h.h.t.HelmChartContainer - [hivemq-test-hivemq-platform] [hivemq-platform-operator] [47beabe9] 17:07:36.755 [ReconcilerExecutor-hivemq-controller-65] DEBUG c.h.p.o.h.HiveMQPlatformReconcilerErrorHandler - [helmcust] Pod 'test-hivemq-platform-0' condition 'Initialized': False
2025-01-27 17:07:36,758 INFO c.h.h.t.HelmChartContainer - [hivemq-test-hivemq-platform] [hivemq-platform-operator] [47beabe9] 17:07:36.755 [ReconcilerExecutor-hivemq-controller-65] DEBUG c.h.p.o.h.HiveMQPlatformReconcilerErrorHandler - [helmcust] Pod 'test-hivemq-platform-0' condition 'Ready': False
2025-01-27 17:07:36,758 INFO c.h.h.t.HelmChartContainer - [hivemq-test-hivemq-platform] [hivemq-platform-operator] [47beabe9] 17:07:36.755 [ReconcilerExecutor-hivemq-controller-65] DEBUG c.h.p.o.h.HiveMQPlatformReconcilerErrorHandler - [helmcust] Pod 'test-hivemq-platform-0' condition 'ContainersReady': False
2025-01-27 17:07:36,758 INFO c.h.h.t.HelmChartContainer - [hivemq-test-hivemq-platform] [hivemq-platform-operator] [47beabe9] 17:07:36.755 [ReconcilerExecutor-hivemq-controller-65] DEBUG c.h.p.o.h.HiveMQPlatformReconcilerErrorHandler - [helmcust] Pod 'test-hivemq-platform-0' condition 'PodScheduled': True
2025-01-27 17:07:36,760 INFO c.h.h.t.HelmChartContainer - [hivemq-test-hivemq-platform] [hivemq-platform-operator] [47beabe9] 17:07:36.755 [ReconcilerExecutor-hivemq-controller-65] DEBUG c.h.p.o.h.HiveMQPlatformReconcilerErrorHandler - [helmcust] Pod 'test-hivemq-platform-0' containerStatus 'hivemq' (started: false) (ready: false) (waiting: [PodInitializing] null)
2025-01-27 17:07:36,761 INFO c.h.h.t.HelmChartContainer - [hivemq-test-hivemq-platform] [hivemq-platform-operator] [47beabe9] 17:07:36.760 [ReconcilerExecutor-hivemq-controller-65] INFO  c.h.p.o.h.HiveMQPlatformReconcilerBaseHandler - [helmcust] HiveMQ Platform is starting, 0 of 1 replicas are ready
2025-01-27 17:07:36,848 INFO c.h.h.t.HelmChartContainer - [hivemq-test-hivemq-platform] [hivemq-platform-operator] [47beabe9] 17:07:36.844 [pool-6-thread-22] DEBUG c.h.p.o.d.PlatformServiceResource - [helmcust] Desired Platform services (3 services)
2025-01-27 17:07:36,848 INFO c.h.h.t.HelmChartContainer - [hivemq-test-hivemq-platform] [hivemq-platform-operator] [47beabe9] 17:07:36.846 [pool-6-thread-23] DEBUG c.h.p.o.dependants.PodInfoConfigMap - [helmcust] Desired PodInfo ConfigMap (1 extensions) (1 enabled)
2025-01-27 17:07:36,849 INFO c.h.h.t.HelmChartContainer - [hivemq-test-hivemq-platform] [hivemq-platform-operator] [47beabe9] 17:07:36.848 [pool-6-thread-23] DEBUG c.h.p.o.dependants.PodInfoConfigMap - [helmcust] Desired PodInfo ConfigMap (metrics port: 9399) (metrics path: /)
2025-01-27 17:07:36,850 INFO c.h.h.t.HelmChartContainer - [hivemq-test-hivemq-platform] [hivemq-platform-operator] [47beabe9] 17:07:36.849 [pool-6-thread-23] DEBUG c.h.p.o.dependants.PodInfoConfigMap - [helmcust] Desired PodInfo ConfigMap (extension state hash: -2048767907)
2025-01-27 17:07:36,852 INFO c.h.h.t.HelmChartContainer - [hivemq-test-hivemq-platform] [hivemq-platform-operator] [47beabe9] 17:07:36.851 [pool-6-thread-27] DEBUG c.h.p.o.d.PodServiceAccountResource - [helmcust] Desired PodServiceAccountResource (serviceAccountName: hivemq-platform-pod-test-hivemq-platform)
2025-01-27 17:07:36,949 INFO c.h.h.t.HelmChartContainer - [hivemq-test-hivemq-platform] [hivemq-platform-operator] [47beabe9] 17:07:36.945 [pool-6-thread-30] DEBUG c.h.p.o.d.StatefulSetResource - [helmcust] Desired StatefulSet (1 replicas) for status STARTING (READY)
2025-01-27 17:07:36,954 INFO c.h.h.t.HelmChartContainer - [hivemq-test-hivemq-platform] [hivemq-platform-operator] [47beabe9] 17:07:36.953 [ReconcilerExecutor-hivemq-controller-76] INFO  c.h.p.o.HiveMQPlatformReconciler - [helmcust] Reconciling HiveMQ Platform 'test-hivemq-platform' in namespace 'helmcustomextensionit'
2025-01-27 17:07:36,956 INFO c.h.h.t.HelmChartContainer - [hivemq-test-hivemq-platform] [hivemq-platform-operator] [47beabe9] 17:07:36.953 [ReconcilerExecutor-hivemq-controller-76] DEBUG c.h.p.o.HiveMQPlatformReconciler - [helmcust] Custom Resource Status STARTING - HiveMQ Platform is starting (READY)
2025-01-27 17:07:36,956 INFO c.h.h.t.HelmChartContainer - [hivemq-test-hivemq-platform] [hivemq-platform-operator] [47beabe9] 17:07:36.953 [ReconcilerExecutor-hivemq-controller-76] DEBUG c.h.p.o.HiveMQPlatformReconciler - [helmcust] Custom Resource Spec (replicas: 1) (extensions: 1)
2025-01-27 17:07:36,958 INFO c.h.h.t.HelmChartContainer - [hivemq-test-hivemq-platform] [hivemq-platform-operator] [47beabe9] 17:07:36.957 [ReconcilerExecutor-hivemq-controller-76] DEBUG c.h.p.o.HiveMQPlatformReconciler - [helmcust] StatefulSet Status (revision: test-hivemq-platform-c4ff8d65f, replicas: 1, available: 0, ready: 0, current: 1, updated: 1)
2025-01-27 17:07:36,959 INFO c.h.h.t.HelmChartContainer - [hivemq-test-hivemq-platform] [hivemq-platform-operator] [47beabe9] 17:07:36.958 [ReconcilerExecutor-hivemq-controller-76] DEBUG c.h.p.o.HiveMQPlatformReconciler - [helmcust] StatefulSet Spec (replicas: 1, init containers: 1, containers: 1, volumes: 3)
2025-01-27 17:07:36,963 INFO c.h.h.t.HelmChartContainer - [hivemq-test-hivemq-platform] [hivemq-platform-operator] [47beabe9] 17:07:36.962 [ReconcilerExecutor-hivemq-controller-76] DEBUG c.h.p.o.h.HiveMQPlatformReconcilerErrorHandler - [helmcust] Pod 'test-hivemq-platform-0' phase Pending
2025-01-27 17:07:36,964 INFO c.h.h.t.HelmChartContainer - [hivemq-test-hivemq-platform] [hivemq-platform-operator] [47beabe9] 17:07:36.963 [ReconcilerExecutor-hivemq-controller-76] DEBUG c.h.p.o.h.HiveMQPlatformReconcilerErrorHandler - [helmcust] Pod 'test-hivemq-platform-0' condition 'PodReadyToStartContainers': False
2025-01-27 17:07:36,964 INFO c.h.h.t.HelmChartContainer - [hivemq-test-hivemq-platform] [hivemq-platform-operator] [47beabe9] 17:07:36.963 [ReconcilerExecutor-hivemq-controller-76] DEBUG c.h.p.o.h.HiveMQPlatformReconcilerErrorHandler - [helmcust] Pod 'test-hivemq-platform-0' condition 'Initialized': False
2025-01-27 17:07:36,965 INFO c.h.h.t.HelmChartContainer - [hivemq-test-hivemq-platform] [hivemq-platform-operator] [47beabe9] 17:07:36.963 [ReconcilerExecutor-hivemq-controller-76] DEBUG c.h.p.o.h.HiveMQPlatformReconcilerErrorHandler - [helmcust] Pod 'test-hivemq-platform-0' condition 'Ready': False
2025-01-27 17:07:36,965 INFO c.h.h.t.HelmChartContainer - [hivemq-test-hivemq-platform] [hivemq-platform-operator] [47beabe9] 17:07:36.963 [ReconcilerExecutor-hivemq-controller-76] DEBUG c.h.p.o.h.HiveMQPlatformReconcilerErrorHandler - [helmcust] Pod 'test-hivemq-platform-0' condition 'ContainersReady': False
2025-01-27 17:07:36,965 INFO c.h.h.t.HelmChartContainer - [hivemq-test-hivemq-platform] [hivemq-platform-operator] [47beabe9] 17:07:36.963 [ReconcilerExecutor-hivemq-controller-76] DEBUG c.h.p.o.h.HiveMQPlatformReconcilerErrorHandler - [helmcust] Pod 'test-hivemq-platform-0' condition 'PodScheduled': True
2025-01-27 17:07:36,965 INFO c.h.h.t.HelmChartContainer - [hivemq-test-hivemq-platform] [hivemq-platform-operator] [47beabe9] 17:07:36.963 [ReconcilerExecutor-hivemq-controller-76] DEBUG c.h.p.o.h.HiveMQPlatformReconcilerErrorHandler - [helmcust] Pod 'test-hivemq-platform-0' containerStatus 'hivemq' (started: false) (ready: false) (waiting: [PodInitializing] null)
2025-01-27 17:07:36,986 INFO c.h.h.t.HelmChartContainer - [EVENT] Normal [Pulled] Container image "docker.io/hivemq/hivemq-platform-operator-init-test:snapshot" already present on machine [helmcustomextensionit:test-hivemq-platform-0]
2025-01-27 17:07:37,045 INFO c.h.h.t.HelmChartContainer - [hivemq-test-hivemq-platform] [hivemq-platform-operator] [47beabe9] 17:07:37.043 [ReconcilerExecutor-hivemq-controller-76] INFO  c.h.p.o.h.HiveMQPlatformReconcilerBaseHandler - [helmcust] HiveMQ Platform is starting, 0 of 1 replicas are ready
2025-01-27 17:07:37,139 INFO c.h.h.t.HelmChartContainer - [EVENT] Normal [Created] Created container: hivemq-platform-operator-init [helmcustomextensionit:test-hivemq-platform-0]
2025-01-27 17:07:37,184 INFO c.h.h.t.HelmChartContainer - [EVENT] Normal [Started] Started container hivemq-platform-operator-init [helmcustomextensionit:test-hivemq-platform-0]
2025-01-27 17:07:37,512 INFO c.h.h.t.HelmChartContainer - [POD] test-hivemq-platform-0 [91706ed0-82c4-4b78-87df-0fe23b32cdca] in helmcustomextensionit was MODIFIED
2025-01-27 17:07:37,530 INFO c.h.h.t.HelmChartContainer - [hivemq-test-hivemq-platform] [hivemq-platform-operator] [47beabe9] 17:07:37.523 [pool-6-thread-32] DEBUG c.h.p.o.d.PlatformServiceResource - [helmcust] Desired Platform services (3 services)
2025-01-27 17:07:37,537 INFO c.h.h.t.HelmChartContainer - [hivemq-test-hivemq-platform] [hivemq-platform-operator] [47beabe9] 17:07:37.532 [pool-6-thread-37] DEBUG c.h.p.o.d.PodServiceAccountResource - [helmcust] Desired PodServiceAccountResource (serviceAccountName: hivemq-platform-pod-test-hivemq-platform)
2025-01-27 17:07:37,539 INFO c.h.h.t.HelmChartContainer - [hivemq-test-hivemq-platform] [hivemq-platform-operator] [47beabe9] 17:07:37.533 [pool-6-thread-33] DEBUG c.h.p.o.dependants.PodInfoConfigMap - [helmcust] Desired PodInfo ConfigMap (1 extensions) (1 enabled)
2025-01-27 17:07:37,540 INFO c.h.h.t.HelmChartContainer - [hivemq-test-hivemq-platform] [hivemq-platform-operator] [47beabe9] 17:07:37.537 [pool-6-thread-33] DEBUG c.h.p.o.dependants.PodInfoConfigMap - [helmcust] Desired PodInfo ConfigMap (metrics port: 9399) (metrics path: /)
2025-01-27 17:07:37,540 INFO c.h.h.t.HelmChartContainer - [hivemq-test-hivemq-platform] [hivemq-platform-operator] [47beabe9] 17:07:37.537 [pool-6-thread-33] DEBUG c.h.p.o.dependants.PodInfoConfigMap - [helmcust] Desired PodInfo ConfigMap (extension state hash: -2048767907)
2025-01-27 17:07:37,548 INFO c.h.h.t.HelmChartContainer - [hivemq-test-hivemq-platform] [hivemq-platform-operator] [47beabe9] 17:07:37.547 [pool-6-thread-40] DEBUG c.h.p.o.d.StatefulSetResource - [helmcust] Desired StatefulSet (1 replicas) for status STARTING (READY)
2025-01-27 17:07:37,616 INFO c.h.h.t.HelmChartContainer - [hivemq-test-hivemq-platform] [hivemq-platform-operator] [47beabe9] 17:07:37.614 [ReconcilerExecutor-hivemq-controller-87] INFO  c.h.p.o.HiveMQPlatformReconciler - [helmcust] Reconciling HiveMQ Platform 'test-hivemq-platform' in namespace 'helmcustomextensionit'
2025-01-27 17:07:37,616 INFO c.h.h.t.HelmChartContainer - [hivemq-test-hivemq-platform] [hivemq-platform-operator] [47beabe9] 17:07:37.614 [ReconcilerExecutor-hivemq-controller-87] DEBUG c.h.p.o.HiveMQPlatformReconciler - [helmcust] Custom Resource Status STARTING - HiveMQ Platform is starting (READY)
2025-01-27 17:07:37,617 INFO c.h.h.t.HelmChartContainer - [hivemq-test-hivemq-platform] [hivemq-platform-operator] [47beabe9] 17:07:37.614 [ReconcilerExecutor-hivemq-controller-87] DEBUG c.h.p.o.HiveMQPlatformReconciler - [helmcust] Custom Resource Spec (replicas: 1) (extensions: 1)
2025-01-27 17:07:37,620 INFO c.h.h.t.HelmChartContainer - [hivemq-test-hivemq-platform] [hivemq-platform-operator] [47beabe9] 17:07:37.618 [ReconcilerExecutor-hivemq-controller-87] DEBUG c.h.p.o.HiveMQPlatformReconciler - [helmcust] StatefulSet Status (revision: test-hivemq-platform-c4ff8d65f, replicas: 1, available: 0, ready: 0, current: 1, updated: 1)
2025-01-27 17:07:37,620 INFO c.h.h.t.HelmChartContainer - [hivemq-test-hivemq-platform] [hivemq-platform-operator] [47beabe9] 17:07:37.619 [ReconcilerExecutor-hivemq-controller-87] DEBUG c.h.p.o.HiveMQPlatformReconciler - [helmcust] StatefulSet Spec (replicas: 1, init containers: 1, containers: 1, volumes: 3)
2025-01-27 17:07:37,623 INFO c.h.h.t.HelmChartContainer - [hivemq-test-hivemq-platform] [hivemq-platform-operator] [47beabe9] 17:07:37.622 [ReconcilerExecutor-hivemq-controller-87] DEBUG c.h.p.o.h.HiveMQPlatformReconcilerErrorHandler - [helmcust] Pod 'test-hivemq-platform-0' phase Pending
2025-01-27 17:07:37,625 INFO c.h.h.t.HelmChartContainer - [hivemq-test-hivemq-platform] [hivemq-platform-operator] [47beabe9] 17:07:37.623 [ReconcilerExecutor-hivemq-controller-87] DEBUG c.h.p.o.h.HiveMQPlatformReconcilerErrorHandler - [helmcust] Pod 'test-hivemq-platform-0' condition 'PodReadyToStartContainers': True
2025-01-27 17:07:37,625 INFO c.h.h.t.HelmChartContainer - [hivemq-test-hivemq-platform] [hivemq-platform-operator] [47beabe9] 17:07:37.624 [ReconcilerExecutor-hivemq-controller-87] DEBUG c.h.p.o.h.HiveMQPlatformReconcilerErrorHandler - [helmcust] Pod 'test-hivemq-platform-0' condition 'Initialized': False
2025-01-27 17:07:37,625 INFO c.h.h.t.HelmChartContainer - [hivemq-test-hivemq-platform] [hivemq-platform-operator] [47beabe9] 17:07:37.624 [ReconcilerExecutor-hivemq-controller-87] DEBUG c.h.p.o.h.HiveMQPlatformReconcilerErrorHandler - [helmcust] Pod 'test-hivemq-platform-0' condition 'Ready': False
2025-01-27 17:07:37,626 INFO c.h.h.t.HelmChartContainer - [hivemq-test-hivemq-platform] [hivemq-platform-operator] [47beabe9] 17:07:37.624 [ReconcilerExecutor-hivemq-controller-87] DEBUG c.h.p.o.h.HiveMQPlatformReconcilerErrorHandler - [helmcust] Pod 'test-hivemq-platform-0' condition 'ContainersReady': False
2025-01-27 17:07:37,627 INFO c.h.h.t.HelmChartContainer - [hivemq-test-hivemq-platform] [hivemq-platform-operator] [47beabe9] 17:07:37.624 [ReconcilerExecutor-hivemq-controller-87] DEBUG c.h.p.o.h.HiveMQPlatformReconcilerErrorHandler - [helmcust] Pod 'test-hivemq-platform-0' condition 'PodScheduled': True
2025-01-27 17:07:37,627 INFO c.h.h.t.HelmChartContainer - [hivemq-test-hivemq-platform] [hivemq-platform-operator] [47beabe9] 17:07:37.624 [ReconcilerExecutor-hivemq-controller-87] DEBUG c.h.p.o.h.HiveMQPlatformReconcilerErrorHandler - [helmcust] Pod 'test-hivemq-platform-0' containerStatus 'hivemq' (started: false) (ready: false) (waiting: [PodInitializing] null)
2025-01-27 17:07:37,628 INFO c.h.h.t.HelmChartContainer - [hivemq-test-hivemq-platform] [hivemq-platform-operator] [47beabe9] 17:07:37.626 [ReconcilerExecutor-hivemq-controller-87] INFO  c.h.p.o.h.HiveMQPlatformReconcilerBaseHandler - [helmcust] HiveMQ Platform is starting, 0 of 1 replicas are ready
2025-01-27 17:07:39,509 INFO c.h.h.t.HelmChartContainer - [EVENT] Normal [Pulled] Container image "docker.io/hivemq/hivemq4:4.35.0" already present on machine [helmcustomextensionit:test-hivemq-platform-0]
2025-01-27 17:07:39,509 INFO c.h.h.t.HelmChartContainer - Received Pulled event for container hivemq in pod test-hivemq-platform-0 [91706ed0-82c4-4b78-87df-0fe23b32cdca]
2025-01-27 17:07:39,515 INFO c.h.h.t.HelmChartContainer - [POD] test-hivemq-platform-0 [91706ed0-82c4-4b78-87df-0fe23b32cdca] in helmcustomextensionit was MODIFIED
2025-01-27 17:07:39,535 INFO c.h.h.t.HelmChartContainer - [hivemq-test-hivemq-platform] [hivemq-platform-operator] [47beabe9] 17:07:39.533 [pool-6-thread-42] DEBUG c.h.p.o.d.PlatformServiceResource - [helmcust] Desired Platform services (3 services)
2025-01-27 17:07:39,538 INFO c.h.h.t.HelmChartContainer - [hivemq-test-hivemq-platform] [hivemq-platform-operator] [47beabe9] 17:07:39.535 [pool-6-thread-43] DEBUG c.h.p.o.dependants.PodInfoConfigMap - [helmcust] Desired PodInfo ConfigMap (1 extensions) (1 enabled)
2025-01-27 17:07:39,538 INFO c.h.h.t.HelmChartContainer - [hivemq-test-hivemq-platform] [hivemq-platform-operator] [47beabe9] 17:07:39.535 [pool-6-thread-43] DEBUG c.h.p.o.dependants.PodInfoConfigMap - [helmcust] Desired PodInfo ConfigMap (metrics port: 9399) (metrics path: /)
2025-01-27 17:07:39,539 INFO c.h.h.t.HelmChartContainer - [hivemq-test-hivemq-platform] [hivemq-platform-operator] [47beabe9] 17:07:39.535 [pool-6-thread-43] DEBUG c.h.p.o.dependants.PodInfoConfigMap - [helmcust] Desired PodInfo ConfigMap (extension state hash: -2048767907)
2025-01-27 17:07:39,540 INFO c.h.h.t.HelmChartContainer - [hivemq-test-hivemq-platform] [hivemq-platform-operator] [47beabe9] 17:07:39.539 [pool-6-thread-47] DEBUG c.h.p.o.d.PodServiceAccountResource - [helmcust] Desired PodServiceAccountResource (serviceAccountName: hivemq-platform-pod-test-hivemq-platform)
2025-01-27 17:07:39,623 INFO c.h.h.t.HelmChartContainer - [hivemq-test-hivemq-platform] [hivemq-platform-operator] [47beabe9] 17:07:39.620 [pool-6-thread-50] DEBUG c.h.p.o.d.StatefulSetResource - [helmcust] Desired StatefulSet (1 replicas) for status STARTING (READY)
2025-01-27 17:07:39,626 INFO c.h.h.t.HelmChartContainer - [hivemq-test-hivemq-platform] [hivemq-platform-operator] [47beabe9] 17:07:39.624 [ReconcilerExecutor-hivemq-controller-98] INFO  c.h.p.o.HiveMQPlatformReconciler - [helmcust] Reconciling HiveMQ Platform 'test-hivemq-platform' in namespace 'helmcustomextensionit'
2025-01-27 17:07:39,626 INFO c.h.h.t.HelmChartContainer - [hivemq-test-hivemq-platform] [hivemq-platform-operator] [47beabe9] 17:07:39.624 [ReconcilerExecutor-hivemq-controller-98] DEBUG c.h.p.o.HiveMQPlatformReconciler - [helmcust] Custom Resource Status STARTING - HiveMQ Platform is starting (READY)
2025-01-27 17:07:39,627 INFO c.h.h.t.HelmChartContainer - [hivemq-test-hivemq-platform] [hivemq-platform-operator] [47beabe9] 17:07:39.624 [ReconcilerExecutor-hivemq-controller-98] DEBUG c.h.p.o.HiveMQPlatformReconciler - [helmcust] Custom Resource Spec (replicas: 1) (extensions: 1)
2025-01-27 17:07:39,629 INFO c.h.h.t.HelmChartContainer - [hivemq-test-hivemq-platform] [hivemq-platform-operator] [47beabe9] 17:07:39.628 [ReconcilerExecutor-hivemq-controller-98] DEBUG c.h.p.o.HiveMQPlatformReconciler - [helmcust] StatefulSet Status (revision: test-hivemq-platform-c4ff8d65f, replicas: 1, available: 0, ready: 0, current: 1, updated: 1)
2025-01-27 17:07:39,631 INFO c.h.h.t.HelmChartContainer - [hivemq-test-hivemq-platform] [hivemq-platform-operator] [47beabe9] 17:07:39.629 [ReconcilerExecutor-hivemq-controller-98] DEBUG c.h.p.o.HiveMQPlatformReconciler - [helmcust] StatefulSet Spec (replicas: 1, init containers: 1, containers: 1, volumes: 3)
2025-01-27 17:07:39,647 INFO c.h.h.t.HelmChartContainer - [hivemq-test-hivemq-platform] [hivemq-platform-operator] [47beabe9] 17:07:39.644 [ReconcilerExecutor-hivemq-controller-98] DEBUG c.h.p.o.h.HiveMQPlatformReconcilerErrorHandler - [helmcust] Pod 'test-hivemq-platform-0' phase Pending
2025-01-27 17:07:39,647 INFO c.h.h.t.HelmChartContainer - [hivemq-test-hivemq-platform] [hivemq-platform-operator] [47beabe9] 17:07:39.645 [ReconcilerExecutor-hivemq-controller-98] DEBUG c.h.p.o.h.HiveMQPlatformReconcilerErrorHandler - [helmcust] Pod 'test-hivemq-platform-0' condition 'PodReadyToStartContainers': True
2025-01-27 17:07:39,647 INFO c.h.h.t.HelmChartContainer - [hivemq-test-hivemq-platform] [hivemq-platform-operator] [47beabe9] 17:07:39.645 [ReconcilerExecutor-hivemq-controller-98] DEBUG c.h.p.o.h.HiveMQPlatformReconcilerErrorHandler - [helmcust] Pod 'test-hivemq-platform-0' condition 'Initialized': True
2025-01-27 17:07:39,647 INFO c.h.h.t.HelmChartContainer - [hivemq-test-hivemq-platform] [hivemq-platform-operator] [47beabe9] 17:07:39.645 [ReconcilerExecutor-hivemq-controller-98] DEBUG c.h.p.o.h.HiveMQPlatformReconcilerErrorHandler - [helmcust] Pod 'test-hivemq-platform-0' condition 'Ready': False
2025-01-27 17:07:39,647 INFO c.h.h.t.HelmChartContainer - [hivemq-test-hivemq-platform] [hivemq-platform-operator] [47beabe9] 17:07:39.645 [ReconcilerExecutor-hivemq-controller-98] DEBUG c.h.p.o.h.HiveMQPlatformReconcilerErrorHandler - [helmcust] Pod 'test-hivemq-platform-0' condition 'ContainersReady': False
2025-01-27 17:07:39,647 INFO c.h.h.t.HelmChartContainer - [hivemq-test-hivemq-platform] [hivemq-platform-operator] [47beabe9] 17:07:39.645 [ReconcilerExecutor-hivemq-controller-98] DEBUG c.h.p.o.h.HiveMQPlatformReconcilerErrorHandler - [helmcust] Pod 'test-hivemq-platform-0' condition 'PodScheduled': True
2025-01-27 17:07:39,648 INFO c.h.h.t.HelmChartContainer - [hivemq-test-hivemq-platform] [hivemq-platform-operator] [47beabe9] 17:07:39.645 [ReconcilerExecutor-hivemq-controller-98] DEBUG c.h.p.o.h.HiveMQPlatformReconcilerErrorHandler - [helmcust] Pod 'test-hivemq-platform-0' containerStatus 'hivemq' (started: false) (ready: false) (waiting: [PodInitializing] null)
2025-01-27 17:07:39,648 INFO c.h.h.t.HelmChartContainer - [hivemq-test-hivemq-platform] [hivemq-platform-operator] [47beabe9] 17:07:39.647 [ReconcilerExecutor-hivemq-controller-98] INFO  c.h.p.o.h.HiveMQPlatformReconcilerBaseHandler - [helmcust] HiveMQ Platform is starting, 0 of 1 replicas are ready
2025-01-27 17:07:41,812 INFO c.h.h.t.HelmChartContainer - [EVENT] Normal [Created] Created container: hivemq [helmcustomextensionit:test-hivemq-platform-0]
2025-01-27 17:07:41,812 INFO c.h.h.t.HelmChartContainer - Received Created event for container hivemq in pod test-hivemq-platform-0 [91706ed0-82c4-4b78-87df-0fe23b32cdca]
2025-01-27 17:07:42,525 INFO c.h.h.t.HelmChartContainer - [POD] test-hivemq-platform-0 [91706ed0-82c4-4b78-87df-0fe23b32cdca] in helmcustomextensionit was MODIFIED
2025-01-27 17:07:42,529 INFO c.h.h.t.HelmChartContainer - [EVENT] Normal [Started] Started container hivemq [helmcustomextensionit:test-hivemq-platform-0]
2025-01-27 17:07:42,530 INFO c.h.h.t.HelmChartContainer - Started log watcher for hivemq in pod test-hivemq-platform-0 [91706ed0-82c4-4b78-87df-0fe23b32cdca]
2025-01-27 17:07:42,530 INFO c.h.h.t.HelmChartContainer - Received Started event for container hivemq in pod test-hivemq-platform-0 [91706ed0-82c4-4b78-87df-0fe23b32cdca]
2025-01-27 17:07:42,530 INFO c.h.h.t.HelmChartContainer - [test-hivemq-platform] [hivemq] [91706ed0] Adding pre-installed HiveMQ Platform Operator extensions
2025-01-27 17:07:42,530 INFO c.h.h.t.HelmChartContainer - [test-hivemq-platform] [hivemq] [91706ed0] Running as user 10000
2025-01-27 17:07:42,530 INFO c.h.h.t.HelmChartContainer - [test-hivemq-platform] [hivemq] [91706ed0] Starting HiveMQ Platform Operator Init
2025-01-27 17:07:42,534 INFO c.h.h.t.HelmChartContainer - [hivemq-test-hivemq-platform] [hivemq-platform-operator] [47beabe9] 17:07:42.532 [pool-6-thread-8] DEBUG c.h.p.o.d.PlatformServiceResource - [helmcust] Desired Platform services (3 services)
2025-01-27 17:07:42,535 INFO c.h.h.t.HelmChartContainer - [hivemq-test-hivemq-platform] [hivemq-platform-operator] [47beabe9] 17:07:42.533 [pool-6-thread-9] DEBUG c.h.p.o.dependants.PodInfoConfigMap - [helmcust] Desired PodInfo ConfigMap (1 extensions) (1 enabled)
2025-01-27 17:07:42,535 INFO c.h.h.t.HelmChartContainer - [hivemq-test-hivemq-platform] [hivemq-platform-operator] [47beabe9] 17:07:42.533 [pool-6-thread-9] DEBUG c.h.p.o.dependants.PodInfoConfigMap - [helmcust] Desired PodInfo ConfigMap (metrics port: 9399) (metrics path: /)
2025-01-27 17:07:42,535 INFO c.h.h.t.HelmChartContainer - [hivemq-test-hivemq-platform] [hivemq-platform-operator] [47beabe9] 17:07:42.533 [pool-6-thread-9] DEBUG c.h.p.o.dependants.PodInfoConfigMap - [helmcust] Desired PodInfo ConfigMap (extension state hash: -2048767907)
2025-01-27 17:07:42,540 INFO c.h.h.t.HelmChartContainer - [hivemq-test-hivemq-platform] [hivemq-platform-operator] [47beabe9] 17:07:42.537 [pool-6-thread-4] DEBUG c.h.p.o.d.PodServiceAccountResource - [helmcust] Desired PodServiceAccountResource (serviceAccountName: hivemq-platform-pod-test-hivemq-platform)
2025-01-27 17:07:42,548 INFO c.h.h.t.HelmChartContainer - [hivemq-test-hivemq-platform] [hivemq-platform-operator] [47beabe9] 17:07:42.547 [pool-6-thread-8] DEBUG c.h.p.o.d.StatefulSetResource - [helmcust] Desired StatefulSet (1 replicas) for status STARTING (READY)
2025-01-27 17:07:42,620 INFO c.h.h.t.HelmChartContainer - [hivemq-test-hivemq-platform] [hivemq-platform-operator] [47beabe9] 17:07:42.618 [ReconcilerExecutor-hivemq-controller-109] INFO  c.h.p.o.HiveMQPlatformReconciler - [helmcust] Reconciling HiveMQ Platform 'test-hivemq-platform' in namespace 'helmcustomextensionit'
2025-01-27 17:07:42,620 INFO c.h.h.t.HelmChartContainer - [hivemq-test-hivemq-platform] [hivemq-platform-operator] [47beabe9] 17:07:42.619 [ReconcilerExecutor-hivemq-controller-109] DEBUG c.h.p.o.HiveMQPlatformReconciler - [helmcust] Custom Resource Status STARTING - HiveMQ Platform is starting (READY)
2025-01-27 17:07:42,620 INFO c.h.h.t.HelmChartContainer - [hivemq-test-hivemq-platform] [hivemq-platform-operator] [47beabe9] 17:07:42.619 [ReconcilerExecutor-hivemq-controller-109] DEBUG c.h.p.o.HiveMQPlatformReconciler - [helmcust] Custom Resource Spec (replicas: 1) (extensions: 1)
2025-01-27 17:07:42,623 INFO c.h.h.t.HelmChartContainer - [hivemq-test-hivemq-platform] [hivemq-platform-operator] [47beabe9] 17:07:42.622 [ReconcilerExecutor-hivemq-controller-109] DEBUG c.h.p.o.HiveMQPlatformReconciler - [helmcust] StatefulSet Status (revision: test-hivemq-platform-c4ff8d65f, replicas: 1, available: 0, ready: 0, current: 1, updated: 1)
2025-01-27 17:07:42,623 INFO c.h.h.t.HelmChartContainer - [hivemq-test-hivemq-platform] [hivemq-platform-operator] [47beabe9] 17:07:42.622 [ReconcilerExecutor-hivemq-controller-109] DEBUG c.h.p.o.HiveMQPlatformReconciler - [helmcust] StatefulSet Spec (replicas: 1, init containers: 1, containers: 1, volumes: 3)
2025-01-27 17:07:42,626 INFO c.h.h.t.HelmChartContainer - [hivemq-test-hivemq-platform] [hivemq-platform-operator] [47beabe9] 17:07:42.625 [ReconcilerExecutor-hivemq-controller-109] DEBUG c.h.p.o.h.HiveMQPlatformReconcilerErrorHandler - [helmcust] Pod 'test-hivemq-platform-0' phase Running
2025-01-27 17:07:42,626 INFO c.h.h.t.HelmChartContainer - [hivemq-test-hivemq-platform] [hivemq-platform-operator] [47beabe9] 17:07:42.625 [ReconcilerExecutor-hivemq-controller-109] INFO  c.h.p.o.h.HiveMQPlatformReconcilerBaseHandler - [helmcust] HiveMQ Platform is starting, 0 of 1 replicas are ready
2025-01-27 17:07:43,150 INFO c.h.h.t.HelmChartContainer - [test-hivemq-platform] [hivemq] [91706ed0] INFO  - [HiveMQ Platform Operator Init 1.7.0-SNAPSHOT] HiveMQ Platform Operator Init 1.7.0-SNAPSHOT (commit: bebf408 on branch: HEAD) built on Sun Jan 26 20:47:47 UTC 2025
2025-01-27 17:07:44,284 INFO c.h.h.t.HelmChartContainer - [test-hivemq-platform] [hivemq] [91706ed0] INFO  - [HiveMQ Platform Operator Init App 1.7.0-SNAPSHOT] Using bind address 10.42.0.10 from environment variable
2025-01-27 17:07:45,194 INFO c.h.h.t.HelmChartContainer - [test-hivemq-platform] [hivemq] [91706ed0] INFO  - [HiveMQ Platform Operator Init App 1.7.0-SNAPSHOT] HiveMQ Platform Operator Init App 1.7.0-SNAPSHOT (commit: bebf408 on branch: HEAD) built on Sun Jan 26 20:47:47 UTC 2025
2025-01-27 17:07:45,195 INFO c.h.h.t.HelmChartContainer - [test-hivemq-platform] [hivemq] [91706ed0] INFO  - [HiveMQ Platform Operator Init App 1.7.0-SNAPSHOT] PodInfo ConfigMap directory: /etc/podinfo
2025-01-27 17:07:45,195 INFO c.h.h.t.HelmChartContainer - [test-hivemq-platform] [hivemq] [91706ed0] INFO  - [HiveMQ Platform Operator Init App 1.7.0-SNAPSHOT] HiveMQ home directory: /opt/hivemq
2025-01-27 17:07:45,195 INFO c.h.h.t.HelmChartContainer - [test-hivemq-platform] [hivemq] [91706ed0] INFO  - [HiveMQ Platform Operator Init App 1.7.0-SNAPSHOT] HiveMQ Logback folder: /opt/hivemq/conf
2025-01-27 17:07:45,195 INFO c.h.h.t.HelmChartContainer - [test-hivemq-platform] [hivemq] [91706ed0] INFO  - [HiveMQ Platform Operator Init App 1.7.0-SNAPSHOT] HiveMQ Config folder: /opt/hivemq/conf-k8s
2025-01-27 17:07:45,251 INFO c.h.h.t.HelmChartContainer - [test-hivemq-platform] [hivemq] [91706ed0] INFO  - [HiveMQ Platform Operator Init App 1.7.0-SNAPSHOT] Starting HiveMQ Platform Operator Init App
2025-01-27 17:07:45,251 INFO c.h.h.t.HelmChartContainer - [test-hivemq-platform] [hivemq] [91706ed0] INFO  - [HiveMQ Platform Operator Init App 1.7.0-SNAPSHOT] Starting Pod reconciler
2025-01-27 17:07:46,490 INFO c.h.h.t.HelmChartContainer - [test-hivemq-platform] [hivemq] [91706ed0] INFO  - [HiveMQ Platform Operator Init App 1.7.0-SNAPSHOT] Pod reconciler is scheduled (interval: 5000 ms)
2025-01-27 17:07:46,491 INFO c.h.h.t.HelmChartContainer - [test-hivemq-platform] [hivemq] [91706ed0] INFO  - [HiveMQ Platform Operator Init App 1.7.0-SNAPSHOT] Starting the REST API on 10.42.0.10:7979
2025-01-27 17:07:46,493 INFO c.h.h.t.HelmChartContainer - [test-hivemq-platform] [hivemq] [91706ed0] INFO  - [HiveMQ Platform Operator Init App 1.7.0-SNAPSHOT] Waiting up to 600s for at most 1 HiveMQ nodes in cluster service hivemq-test-hivemq-platform-cluster.helmcustomextensionit.svc
2025-01-27 17:07:46,858 INFO c.h.h.t.HelmChartContainer - [test-hivemq-platform] [hivemq] [91706ed0] INFO  - [HiveMQ Platform Operator Init App 1.7.0-SNAPSHOT] Resolved 1 IP addresses: [10.42.0.10]
2025-01-27 17:07:46,858 INFO c.h.h.t.HelmChartContainer - [test-hivemq-platform] [hivemq] [91706ed0] INFO  - [HiveMQ Platform Operator Init App 1.7.0-SNAPSHOT] HiveMQ node count of 1 is within threshold of 1
2025-01-27 17:07:46,858 INFO c.h.h.t.HelmChartContainer - [test-hivemq-platform] [hivemq] [91706ed0] INFO  - [HiveMQ Platform Operator Init App 1.7.0-SNAPSHOT] Proceeding with container start
2025-01-27 17:07:46,901 INFO c.h.h.t.HelmChartContainer - [test-hivemq-platform] [hivemq] [91706ed0] INFO  - [HiveMQ Platform Operator Init App 1.7.0-SNAPSHOT] Initializing HiveMQ Platform extensions with initial configuration: {hivemq-custom-test-extension={start-priority=-1, skip-https-hostname-verification=false, restart=true, config-version=0, header-version=0, c-uri=, priority=-1, uri=http://nginx-service/hivemq-custom-test-extension-1.0.0.zip, skip-https-certificate-validation=false, enabled=true}, hivemq-prometheus-extension={priority=-1, restart=true, enabled=true, request-header-path=no-request-headers, uri=preinstalled, skip-https-certificate-validation=false, skip-https-hostname-verification=false, c-uri=, start-priority=-1}}
2025-01-27 17:07:46,902 INFO c.h.h.t.HelmChartContainer - [test-hivemq-platform] [hivemq] [91706ed0] INFO  - [HiveMQ Platform Operator Init App 1.7.0-SNAPSHOT] Installing custom extension hivemq-custom-test-extension from URL http://nginx-service/hivemq-custom-test-extension-1.0.0.zip
2025-01-27 17:07:46,904 INFO c.h.h.t.HelmChartContainer - [test-hivemq-platform] [hivemq] [91706ed0] INFO  - [HiveMQ Platform Operator Init App 1.7.0-SNAPSHOT] Downloading custom extension hivemq-custom-test-extension into '/tmp/hivemq-custom-test-extension451363293021648449/extension.zip'
2025-01-27 17:07:47,083 INFO c.h.h.t.HelmChartContainer - [nginx-65f867776f-qmp] [nginx] [00c74ee3] 10.42.0.10 - - [27/Jan/2025:17:07:47 +0000] "GET /hivemq-custom-test-extension-1.0.0.zip HTTP/1.1" 200 11637 "-" "Java-http-client/21.0.5" "-"
2025-01-27 17:07:47,095 INFO c.h.h.t.HelmChartContainer - [test-hivemq-platform] [hivemq] [91706ed0] INFO  - [HiveMQ Platform Operator Init App 1.7.0-SNAPSHOT] Copy extension from '/tmp/hivemq-custom-test-extension451363293021648449/hivemq-custom-test-extension' to '/opt/hivemq/extensions/hivemq-custom-test-extension'
2025-01-27 17:07:47,151 INFO c.h.h.t.HelmChartContainer - [test-hivemq-platform] [hivemq] [91706ed0] INFO  - [HiveMQ Platform Operator Init App 1.7.0-SNAPSHOT] Found hivemq-extension.xml in folder '/tmp/hivemq-custom-test-extension451363293021648449/hivemq-custom-test-extension/hivemq-custom-test-extension'
2025-01-27 17:07:47,652 INFO c.h.h.t.HelmChartContainer - [test-hivemq-platform] [hivemq] [91706ed0] INFO  - [HiveMQ Platform Operator Init App 1.7.0-SNAPSHOT] Extension hivemq-custom-test-extension was already enabled
2025-01-27 17:07:47,687 INFO c.h.h.t.HelmChartContainer - [test-hivemq-platform] [hivemq] [91706ed0] INFO  - [HiveMQ Platform Operator Init App 1.7.0-SNAPSHOT] Successfully enabled extension hivemq-prometheus-extension
2025-01-27 17:07:47,687 INFO c.h.h.t.HelmChartContainer - [test-hivemq-platform] [hivemq] [91706ed0] INFO  - [HiveMQ Platform Operator Init App 1.7.0-SNAPSHOT] Starting HiveMQ Platform version 4.35.0 (4.35.0)
2025-01-27 17:07:47,688 INFO c.h.h.t.HelmChartContainer - [test-hivemq-platform] [hivemq] [91706ed0] INFO  - [HiveMQ Platform Operator Init App 1.7.0-SNAPSHOT] Configuring the HiveMQ Platform
2025-01-27 17:07:47,782 INFO c.h.h.t.HelmChartContainer - [test-hivemq-platform] [hivemq] [91706ed0] INFO  - [HiveMQ Platform Operator Init App 1.7.0-SNAPSHOT] Changed logback.xml file scan period to 20 seconds
2025-01-27 17:07:47,880 INFO c.h.h.t.HelmChartContainer - [test-hivemq-platform] [hivemq] [91706ed0] INFO  - [HiveMQ Platform Operator Init App 1.7.0-SNAPSHOT] Starting the HiveMQ Platform
2025-01-27 17:07:47,882 INFO c.h.h.t.HelmChartContainer - [test-hivemq-platform] [hivemq] [91706ed0] -------------------------------------------------------------------------
2025-01-27 17:07:47,883 INFO c.h.h.t.HelmChartContainer - [test-hivemq-platform] [hivemq] [91706ed0] 
2025-01-27 17:07:47,883 INFO c.h.h.t.HelmChartContainer - [test-hivemq-platform] [hivemq] [91706ed0]                   _    _  _              __  __   ____
2025-01-27 17:07:47,883 INFO c.h.h.t.HelmChartContainer - [test-hivemq-platform] [hivemq] [91706ed0]                  | |  | |(_)            |  \/  | / __ \
2025-01-27 17:07:47,883 INFO c.h.h.t.HelmChartContainer - [test-hivemq-platform] [hivemq] [91706ed0]                  | |__| | _ __   __ ___ | \  / || |  | |
2025-01-27 17:07:47,883 INFO c.h.h.t.HelmChartContainer - [test-hivemq-platform] [hivemq] [91706ed0]                  |  __  || |\ \ / // _ \| |\/| || |  | |
2025-01-27 17:07:47,883 INFO c.h.h.t.HelmChartContainer - [test-hivemq-platform] [hivemq] [91706ed0]                  | |  | || | \ V /|  __/| |  | || |__| |
2025-01-27 17:07:47,883 INFO c.h.h.t.HelmChartContainer - [test-hivemq-platform] [hivemq] [91706ed0]                  |_|  |_||_|  \_/  \___||_|  |_| \___\_\
2025-01-27 17:07:47,883 INFO c.h.h.t.HelmChartContainer - [test-hivemq-platform] [hivemq] [91706ed0] 
2025-01-27 17:07:47,883 INFO c.h.h.t.HelmChartContainer - [test-hivemq-platform] [hivemq] [91706ed0] -------------------------------------------------------------------------
2025-01-27 17:07:47,883 INFO c.h.h.t.HelmChartContainer - [test-hivemq-platform] [hivemq] [91706ed0] 
2025-01-27 17:07:47,883 INFO c.h.h.t.HelmChartContainer - [test-hivemq-platform] [hivemq] [91706ed0]   HiveMQ Start Script for Linux/Unix v1.14
2025-01-27 17:07:47,883 INFO c.h.h.t.HelmChartContainer - [test-hivemq-platform] [hivemq] [91706ed0] 
2025-01-27 17:07:47,956 INFO c.h.h.t.HelmChartContainer - [test-hivemq-platform] [hivemq] [91706ed0] -------------------------------------------------------------------------
2025-01-27 17:07:47,956 INFO c.h.h.t.HelmChartContainer - [test-hivemq-platform] [hivemq] [91706ed0] 
2025-01-27 17:07:47,956 INFO c.h.h.t.HelmChartContainer - [test-hivemq-platform] [hivemq] [91706ed0]   HIVEMQ_HOME: /opt/hivemq
2025-01-27 17:07:47,956 INFO c.h.h.t.HelmChartContainer - [test-hivemq-platform] [hivemq] [91706ed0] 
2025-01-27 17:07:47,956 INFO c.h.h.t.HelmChartContainer - [test-hivemq-platform] [hivemq] [91706ed0]   JAVA_OPTS: -XX:+UnlockExperimentalVMOptions -XX:InitialRAMPercentage=50 -XX:MaxRAMPercentage=50 -Djava.net.preferIPv4Stack=true --add-opens java.base/java.lang=ALL-UNNAMED --add-opens java.base/java.nio=ALL-UNNAMED --add-opens java.base/sun.nio.ch=ALL-UNNAMED --add-opens jdk.management/com.sun.management.internal=ALL-UNNAMED --add-exports java.base/jdk.internal.misc=ALL-UNNAMED -Djava.security.egd=file:/dev/./urandom -Dcom.sun.management.jmxremote -Dcom.sun.management.jmxremote.port=9010 -Dcom.sun.management.jmxremote.local.only=false -Dcom.sun.management.jmxremote.authenticate=false -Dcom.sun.management.jmxremote.ssl=false -Duser.language=en -Duser.region=US -XX:+CrashOnOutOfMemoryError -XX:+HeapDumpOnOutOfMemoryError
2025-01-27 17:07:47,956 INFO c.h.h.t.HelmChartContainer - [test-hivemq-platform] [hivemq] [91706ed0] 
2025-01-27 17:07:47,956 INFO c.h.h.t.HelmChartContainer - [test-hivemq-platform] [hivemq] [91706ed0]   JAVA_VERSION: 21
2025-01-27 17:07:47,956 INFO c.h.h.t.HelmChartContainer - [test-hivemq-platform] [hivemq] [91706ed0] 
2025-01-27 17:07:47,956 INFO c.h.h.t.HelmChartContainer - [test-hivemq-platform] [hivemq] [91706ed0] -------------------------------------------------------------------------
2025-01-27 17:07:47,956 INFO c.h.h.t.HelmChartContainer - [test-hivemq-platform] [hivemq] [91706ed0] 
2025-01-27 17:07:48,556 INFO c.h.h.t.HelmChartContainer - [test-hivemq-platform] [hivemq] [91706ed0] INFO  - [HiveMQ Platform Operator Init App 1.7.0-SNAPSHOT] Returning default Health API response 503 for readiness
2025-01-27 17:07:48,887 INFO c.h.h.t.HelmChartContainer - [EVENT] Warning [Unhealthy] Readiness probe failed: HTTP probe failed with statuscode: 503 [helmcustomextensionit:test-hivemq-platform-0]
2025-01-27 17:07:48,887 INFO c.h.h.t.HelmChartContainer - Received Unhealthy event for container hivemq in pod test-hivemq-platform-0 [91706ed0-82c4-4b78-87df-0fe23b32cdca]
2025-01-27 17:07:50,586 INFO c.h.h.t.HelmChartContainer - [test-hivemq-platform] [hivemq] [91706ed0] INFO  - Starting HiveMQ Enterprise Server
2025-01-27 17:07:50,592 INFO c.h.h.t.HelmChartContainer - [test-hivemq-platform] [hivemq] [91706ed0] INFO  - HiveMQ version: 4.35.0
2025-01-27 17:07:50,592 INFO c.h.h.t.HelmChartContainer - [test-hivemq-platform] [hivemq] [91706ed0] INFO  - HiveMQ home directory: /opt/hivemq
2025-01-27 17:07:50,592 INFO c.h.h.t.HelmChartContainer - [test-hivemq-platform] [hivemq] [91706ed0] INFO  - Log Configuration was overridden by /opt/hivemq/conf/logback.xml
2025-01-27 17:07:52,090 INFO c.h.h.t.HelmChartContainer - [test-hivemq-platform] [hivemq] [91706ed0] INFO  - Successfully loaded configuration from '/opt/hivemq/conf-k8s/config.xml'.
2025-01-27 17:07:52,635 INFO c.h.h.t.HelmChartContainer - [hivemq-test-hivemq-platform] [hivemq-platform-operator] [47beabe9] 17:07:52.629 [pool-6-thread-15] DEBUG c.h.p.o.d.PlatformServiceResource - [helmcust] Desired Platform services (3 services)
2025-01-27 17:07:52,635 INFO c.h.h.t.HelmChartContainer - [hivemq-test-hivemq-platform] [hivemq-platform-operator] [47beabe9] 17:07:52.632 [pool-6-thread-16] DEBUG c.h.p.o.dependants.PodInfoConfigMap - [helmcust] Desired PodInfo ConfigMap (1 extensions) (1 enabled)
2025-01-27 17:07:52,637 INFO c.h.h.t.HelmChartContainer - [hivemq-test-hivemq-platform] [hivemq-platform-operator] [47beabe9] 17:07:52.632 [pool-6-thread-16] DEBUG c.h.p.o.dependants.PodInfoConfigMap - [helmcust] Desired PodInfo ConfigMap (metrics port: 9399) (metrics path: /)
2025-01-27 17:07:52,637 INFO c.h.h.t.HelmChartContainer - [hivemq-test-hivemq-platform] [hivemq-platform-operator] [47beabe9] 17:07:52.632 [pool-6-thread-16] DEBUG c.h.p.o.dependants.PodInfoConfigMap - [helmcust] Desired PodInfo ConfigMap (extension state hash: -2048767907)
2025-01-27 17:07:52,637 INFO c.h.h.t.HelmChartContainer - [hivemq-test-hivemq-platform] [hivemq-platform-operator] [47beabe9] 17:07:52.633 [pool-6-thread-18] DEBUG c.h.p.o.d.PodServiceAccountResource - [helmcust] Desired PodServiceAccountResource (serviceAccountName: hivemq-platform-pod-test-hivemq-platform)
2025-01-27 17:07:52,640 INFO c.h.h.t.HelmChartContainer - [hivemq-test-hivemq-platform] [hivemq-platform-operator] [47beabe9] 17:07:52.639 [pool-6-thread-11] DEBUG c.h.p.o.d.StatefulSetResource - [helmcust] Desired StatefulSet (1 replicas) for status STARTING (READY)
2025-01-27 17:07:52,644 INFO c.h.h.t.HelmChartContainer - [hivemq-test-hivemq-platform] [hivemq-platform-operator] [47beabe9] 17:07:52.643 [ReconcilerExecutor-hivemq-controller-110] INFO  c.h.p.o.HiveMQPlatformReconciler - [helmcust] Reconciling HiveMQ Platform 'test-hivemq-platform' in namespace 'helmcustomextensionit'
2025-01-27 17:07:52,645 INFO c.h.h.t.HelmChartContainer - [hivemq-test-hivemq-platform] [hivemq-platform-operator] [47beabe9] 17:07:52.643 [ReconcilerExecutor-hivemq-controller-110] DEBUG c.h.p.o.HiveMQPlatformReconciler - [helmcust] Custom Resource Status STARTING - HiveMQ Platform is starting (READY)
2025-01-27 17:07:52,645 INFO c.h.h.t.HelmChartContainer - [hivemq-test-hivemq-platform] [hivemq-platform-operator] [47beabe9] 17:07:52.643 [ReconcilerExecutor-hivemq-controller-110] DEBUG c.h.p.o.HiveMQPlatformReconciler - [helmcust] Custom Resource Spec (replicas: 1) (extensions: 1)
2025-01-27 17:07:52,646 INFO c.h.h.t.HelmChartContainer - [hivemq-test-hivemq-platform] [hivemq-platform-operator] [47beabe9] 17:07:52.645 [ReconcilerExecutor-hivemq-controller-110] DEBUG c.h.p.o.HiveMQPlatformReconciler - [helmcust] StatefulSet Status (revision: test-hivemq-platform-c4ff8d65f, replicas: 1, available: 0, ready: 0, current: 1, updated: 1)
2025-01-27 17:07:52,646 INFO c.h.h.t.HelmChartContainer - [hivemq-test-hivemq-platform] [hivemq-platform-operator] [47beabe9] 17:07:52.645 [ReconcilerExecutor-hivemq-controller-110] DEBUG c.h.p.o.HiveMQPlatformReconciler - [helmcust] StatefulSet Spec (replicas: 1, init containers: 1, containers: 1, volumes: 3)
2025-01-27 17:07:52,716 INFO c.h.h.t.HelmChartContainer - [hivemq-test-hivemq-platform] [hivemq-platform-operator] [47beabe9] 17:07:52.715 [ReconcilerExecutor-hivemq-controller-110] DEBUG c.h.p.o.h.HiveMQPlatformReconcilerErrorHandler - [helmcust] Pod 'test-hivemq-platform-0' phase Running
2025-01-27 17:07:52,717 INFO c.h.h.t.HelmChartContainer - [hivemq-test-hivemq-platform] [hivemq-platform-operator] [47beabe9] 17:07:52.716 [ReconcilerExecutor-hivemq-controller-110] INFO  c.h.p.o.h.HiveMQPlatformReconcilerBaseHandler - [helmcust] HiveMQ Platform is starting, 0 of 1 replicas are ready
2025-01-27 17:07:52,954 INFO c.h.h.t.HelmChartContainer - [test-hivemq-platform] [hivemq] [91706ed0] INFO  - This node's ID is 7UD1O
2025-01-27 17:07:52,954 INFO c.h.h.t.HelmChartContainer - [test-hivemq-platform] [hivemq] [91706ed0] INFO  - Clustering is enabled
2025-01-27 17:07:53,654 INFO c.h.h.t.HelmChartContainer - [test-hivemq-platform] [hivemq] [91706ed0] WARN  - [HiveMQ Platform Operator Init App 1.7.0-SNAPSHOT] Cannot connect to Health API for readiness: null
2025-01-27 17:07:53,659 INFO c.h.h.t.HelmChartContainer - [EVENT] Warning [Unhealthy] Readiness probe failed: HTTP probe failed with statuscode: 503 [helmcustomextensionit:test-hivemq-platform-0]
2025-01-27 17:07:53,660 INFO c.h.h.t.HelmChartContainer - Received Unhealthy event for container hivemq in pod test-hivemq-platform-0 [91706ed0-82c4-4b78-87df-0fe23b32cdca]
2025-01-27 17:07:56,883 INFO c.h.h.t.HelmChartContainer - [test-hivemq-platform] [hivemq] [91706ed0] Jan 27, 2025 5:07:56 PM io.vertx.core.impl.BlockedThreadChecker
2025-01-27 17:07:56,883 INFO c.h.h.t.HelmChartContainer - [test-hivemq-platform] [hivemq] [91706ed0] WARNING: Thread Thread[vert.x-eventloop-thread-1,5,main] has been blocked for 2136 ms, time limit is 2000 ms
2025-01-27 17:07:57,787 INFO c.h.h.t.HelmChartContainer - [test-hivemq-platform] [hivemq] [91706ed0] INFO  - [HiveMQ Platform Operator Init App 1.7.0-SNAPSHOT] Updating Pod HiveMQ Platform Operator Init App version annotation (version: 1.7.0-SNAPSHOT)
2025-01-27 17:07:58,587 INFO c.h.h.t.HelmChartContainer - [test-hivemq-platform] [hivemq] [91706ed0] WARN  - [HiveMQ Platform Operator Init App 1.7.0-SNAPSHOT] Cannot connect to Health API for readiness: null
2025-01-27 17:07:58,592 INFO c.h.h.t.HelmChartContainer - [EVENT] Warning [Unhealthy] Readiness probe failed: HTTP probe failed with statuscode: 503 [helmcustomextensionit:test-hivemq-platform-0]
2025-01-27 17:07:58,592 INFO c.h.h.t.HelmChartContainer - Received Unhealthy event for container hivemq in pod test-hivemq-platform-0 [91706ed0-82c4-4b78-87df-0fe23b32cdca]
2025-01-27 17:07:58,696 INFO c.h.h.t.HelmChartContainer - [POD] test-hivemq-platform-0 [91706ed0-82c4-4b78-87df-0fe23b32cdca] in helmcustomextensionit was MODIFIED
2025-01-27 17:07:58,699 INFO c.h.h.t.HelmChartContainer - [hivemq-test-hivemq-platform] [hivemq-platform-operator] [47beabe9] 17:07:58.698 [pool-6-thread-23] DEBUG c.h.p.o.d.PlatformServiceResource - [helmcust] Desired Platform services (3 services)
2025-01-27 17:07:58,701 INFO c.h.h.t.HelmChartContainer - [hivemq-test-hivemq-platform] [hivemq-platform-operator] [47beabe9] 17:07:58.698 [pool-6-thread-26] DEBUG c.h.p.o.dependants.PodInfoConfigMap - [helmcust] Desired PodInfo ConfigMap (1 extensions) (1 enabled)
2025-01-27 17:07:58,701 INFO c.h.h.t.HelmChartContainer - [hivemq-test-hivemq-platform] [hivemq-platform-operator] [47beabe9] 17:07:58.699 [pool-6-thread-26] DEBUG c.h.p.o.dependants.PodInfoConfigMap - [helmcust] Desired PodInfo ConfigMap (metrics port: 9399) (metrics path: /)
2025-01-27 17:07:58,701 INFO c.h.h.t.HelmChartContainer - [hivemq-test-hivemq-platform] [hivemq-platform-operator] [47beabe9] 17:07:58.699 [pool-6-thread-26] DEBUG c.h.p.o.dependants.PodInfoConfigMap - [helmcust] Desired PodInfo ConfigMap (extension state hash: -2048767907)
2025-01-27 17:07:58,702 INFO c.h.h.t.HelmChartContainer - [hivemq-test-hivemq-platform] [hivemq-platform-operator] [47beabe9] 17:07:58.700 [pool-6-thread-29] DEBUG c.h.p.o.d.PodServiceAccountResource - [helmcust] Desired PodServiceAccountResource (serviceAccountName: hivemq-platform-pod-test-hivemq-platform)
2025-01-27 17:07:58,705 INFO c.h.h.t.HelmChartContainer - [hivemq-test-hivemq-platform] [hivemq-platform-operator] [47beabe9] 17:07:58.704 [pool-6-thread-23] DEBUG c.h.p.o.d.StatefulSetResource - [helmcust] Desired StatefulSet (1 replicas) for status STARTING (READY)
2025-01-27 17:07:58,710 INFO c.h.h.t.HelmChartContainer - [hivemq-test-hivemq-platform] [hivemq-platform-operator] [47beabe9] 17:07:58.709 [ReconcilerExecutor-hivemq-controller-111] INFO  c.h.p.o.HiveMQPlatformReconciler - [helmcust] Reconciling HiveMQ Platform 'test-hivemq-platform' in namespace 'helmcustomextensionit'
2025-01-27 17:07:58,710 INFO c.h.h.t.HelmChartContainer - [hivemq-test-hivemq-platform] [hivemq-platform-operator] [47beabe9] 17:07:58.709 [ReconcilerExecutor-hivemq-controller-111] DEBUG c.h.p.o.HiveMQPlatformReconciler - [helmcust] Custom Resource Status STARTING - HiveMQ Platform is starting (READY)
2025-01-27 17:07:58,710 INFO c.h.h.t.HelmChartContainer - [hivemq-test-hivemq-platform] [hivemq-platform-operator] [47beabe9] 17:07:58.709 [ReconcilerExecutor-hivemq-controller-111] DEBUG c.h.p.o.HiveMQPlatformReconciler - [helmcust] Custom Resource Spec (replicas: 1) (extensions: 1)
2025-01-27 17:07:58,712 INFO c.h.h.t.HelmChartContainer - [hivemq-test-hivemq-platform] [hivemq-platform-operator] [47beabe9] 17:07:58.711 [ReconcilerExecutor-hivemq-controller-111] DEBUG c.h.p.o.HiveMQPlatformReconciler - [helmcust] StatefulSet Status (revision: test-hivemq-platform-c4ff8d65f, replicas: 1, available: 0, ready: 0, current: 1, updated: 1)
2025-01-27 17:07:58,712 INFO c.h.h.t.HelmChartContainer - [hivemq-test-hivemq-platform] [hivemq-platform-operator] [47beabe9] 17:07:58.711 [ReconcilerExecutor-hivemq-controller-111] DEBUG c.h.p.o.HiveMQPlatformReconciler - [helmcust] StatefulSet Spec (replicas: 1, init containers: 1, containers: 1, volumes: 3)
2025-01-27 17:07:58,713 INFO c.h.h.t.HelmChartContainer - [hivemq-test-hivemq-platform] [hivemq-platform-operator] [47beabe9] 17:07:58.712 [ReconcilerExecutor-hivemq-controller-111] DEBUG c.h.p.o.h.HiveMQPlatformReconcilerErrorHandler - [helmcust] Pod 'test-hivemq-platform-0' phase Running
2025-01-27 17:07:58,714 INFO c.h.h.t.HelmChartContainer - [hivemq-test-hivemq-platform] [hivemq-platform-operator] [47beabe9] 17:07:58.713 [ReconcilerExecutor-hivemq-controller-111] INFO  c.h.p.o.h.HiveMQPlatformReconcilerBaseHandler - [helmcust] HiveMQ Platform is starting, 0 of 1 replicas are ready
2025-01-27 17:07:58,783 INFO c.h.h.t.HelmChartContainer - [test-hivemq-platform] [hivemq] [91706ed0] WARN  - [HiveMQ Platform Operator Init App 1.7.0-SNAPSHOT] Cannot connect to Health API for readiness: null
2025-01-27 17:07:58,786 INFO c.h.h.t.HelmChartContainer - [test-hivemq-platform] [hivemq] [91706ed0] INFO  - [HiveMQ Platform Operator Init App 1.7.0-SNAPSHOT] Successfully updated Pod HiveMQ Platform Operator Init App version annotation (version: 1.7.0-SNAPSHOT)
2025-01-27 17:07:58,790 INFO c.h.h.t.HelmChartContainer - [EVENT] Warning [Unhealthy] Readiness probe failed: HTTP probe failed with statuscode: 503 [helmcustomextensionit:test-hivemq-platform-0]
2025-01-27 17:07:58,790 INFO c.h.h.t.HelmChartContainer - Received Unhealthy event for container hivemq in pod test-hivemq-platform-0 [91706ed0-82c4-4b78-87df-0fe23b32cdca]
2025-01-27 17:08:03,753 INFO c.h.h.t.HelmChartContainer - [test-hivemq-platform] [hivemq] [91706ed0] WARN  - [HiveMQ Platform Operator Init App 1.7.0-SNAPSHOT] Cannot connect to Health API for readiness: null
2025-01-27 17:08:03,758 INFO c.h.h.t.HelmChartContainer - [EVENT] Warning [Unhealthy] Readiness probe failed: HTTP probe failed with statuscode: 503 [helmcustomextensionit:test-hivemq-platform-0]
2025-01-27 17:08:03,758 INFO c.h.h.t.HelmChartContainer - Received Unhealthy event for container hivemq in pod test-hivemq-platform-0 [91706ed0-82c4-4b78-87df-0fe23b32cdca]
2025-01-27 17:08:06,953 INFO c.h.h.t.HelmChartContainer - [test-hivemq-platform] [hivemq] [91706ed0] WARN  - [HiveMQ Platform Operator Init App 1.7.0-SNAPSHOT] Cannot connect to Health API for liveness: null
2025-01-27 17:08:06,954 INFO c.h.h.t.HelmChartContainer - [test-hivemq-platform] [hivemq] [91706ed0] INFO  - [HiveMQ Platform Operator Init App 1.7.0-SNAPSHOT] Returning default Health API response 200 for liveness
2025-01-27 17:08:08,720 INFO c.h.h.t.HelmChartContainer - [hivemq-test-hivemq-platform] [hivemq-platform-operator] [47beabe9] 17:08:08.718 [pool-6-thread-35] DEBUG c.h.p.o.d.PlatformServiceResource - [helmcust] Desired Platform services (3 services)
2025-01-27 17:08:08,721 INFO c.h.h.t.HelmChartContainer - [hivemq-test-hivemq-platform] [hivemq-platform-operator] [47beabe9] 17:08:08.720 [pool-6-thread-32] DEBUG c.h.p.o.d.PodServiceAccountResource - [helmcust] Desired PodServiceAccountResource (serviceAccountName: hivemq-platform-pod-test-hivemq-platform)
2025-01-27 17:08:08,721 INFO c.h.h.t.HelmChartContainer - [hivemq-test-hivemq-platform] [hivemq-platform-operator] [47beabe9] 17:08:08.720 [pool-6-thread-39] DEBUG c.h.p.o.dependants.PodInfoConfigMap - [helmcust] Desired PodInfo ConfigMap (1 extensions) (1 enabled)
2025-01-27 17:08:08,724 INFO c.h.h.t.HelmChartContainer - [hivemq-test-hivemq-platform] [hivemq-platform-operator] [47beabe9] 17:08:08.720 [pool-6-thread-39] DEBUG c.h.p.o.dependants.PodInfoConfigMap - [helmcust] Desired PodInfo ConfigMap (metrics port: 9399) (metrics path: /)
2025-01-27 17:08:08,727 INFO c.h.h.t.HelmChartContainer - [hivemq-test-hivemq-platform] [hivemq-platform-operator] [47beabe9] 17:08:08.723 [pool-6-thread-39] DEBUG c.h.p.o.dependants.PodInfoConfigMap - [helmcust] Desired PodInfo ConfigMap (extension state hash: -2048767907)
2025-01-27 17:08:08,727 INFO c.h.h.t.HelmChartContainer - [hivemq-test-hivemq-platform] [hivemq-platform-operator] [47beabe9] 17:08:08.726 [pool-6-thread-35] DEBUG c.h.p.o.d.StatefulSetResource - [helmcust] Desired StatefulSet (1 replicas) for status STARTING (READY)
2025-01-27 17:08:08,733 INFO c.h.h.t.HelmChartContainer - [hivemq-test-hivemq-platform] [hivemq-platform-operator] [47beabe9] 17:08:08.731 [ReconcilerExecutor-hivemq-controller-112] INFO  c.h.p.o.HiveMQPlatformReconciler - [helmcust] Reconciling HiveMQ Platform 'test-hivemq-platform' in namespace 'helmcustomextensionit'
2025-01-27 17:08:08,733 INFO c.h.h.t.HelmChartContainer - [hivemq-test-hivemq-platform] [hivemq-platform-operator] [47beabe9] 17:08:08.731 [ReconcilerExecutor-hivemq-controller-112] DEBUG c.h.p.o.HiveMQPlatformReconciler - [helmcust] Custom Resource Status STARTING - HiveMQ Platform is starting (READY)
2025-01-27 17:08:08,733 INFO c.h.h.t.HelmChartContainer - [hivemq-test-hivemq-platform] [hivemq-platform-operator] [47beabe9] 17:08:08.731 [ReconcilerExecutor-hivemq-controller-112] DEBUG c.h.p.o.HiveMQPlatformReconciler - [helmcust] Custom Resource Spec (replicas: 1) (extensions: 1)
2025-01-27 17:08:08,784 INFO c.h.h.t.HelmChartContainer - [test-hivemq-platform] [hivemq] [91706ed0] WARN  - [HiveMQ Platform Operator Init App 1.7.0-SNAPSHOT] Cannot connect to Health API for readiness: null
2025-01-27 17:08:08,791 INFO c.h.h.t.HelmChartContainer - [EVENT] Warning [Unhealthy] Readiness probe failed: HTTP probe failed with statuscode: 503 [helmcustomextensionit:test-hivemq-platform-0]
2025-01-27 17:08:08,791 INFO c.h.h.t.HelmChartContainer - Received Unhealthy event for container hivemq in pod test-hivemq-platform-0 [91706ed0-82c4-4b78-87df-0fe23b32cdca]
2025-01-27 17:08:08,817 INFO c.h.h.t.HelmChartContainer - [hivemq-test-hivemq-platform] [hivemq-platform-operator] [47beabe9] 17:08:08.815 [ReconcilerExecutor-hivemq-controller-112] DEBUG c.h.p.o.HiveMQPlatformReconciler - [helmcust] StatefulSet Status (revision: test-hivemq-platform-c4ff8d65f, replicas: 1, available: 0, ready: 0, current: 1, updated: 1)
2025-01-27 17:08:08,817 INFO c.h.h.t.HelmChartContainer - [hivemq-test-hivemq-platform] [hivemq-platform-operator] [47beabe9] 17:08:08.815 [ReconcilerExecutor-hivemq-controller-112] DEBUG c.h.p.o.HiveMQPlatformReconciler - [helmcust] StatefulSet Spec (replicas: 1, init containers: 1, containers: 1, volumes: 3)
2025-01-27 17:08:08,819 INFO c.h.h.t.HelmChartContainer - [hivemq-test-hivemq-platform] [hivemq-platform-operator] [47beabe9] 17:08:08.818 [ReconcilerExecutor-hivemq-controller-112] DEBUG c.h.p.o.h.HiveMQPlatformReconcilerErrorHandler - [helmcust] Pod 'test-hivemq-platform-0' phase Running
2025-01-27 17:08:08,820 INFO c.h.h.t.HelmChartContainer - [hivemq-test-hivemq-platform] [hivemq-platform-operator] [47beabe9] 17:08:08.819 [ReconcilerExecutor-hivemq-controller-112] INFO  c.h.p.o.h.HiveMQPlatformReconcilerBaseHandler - [helmcust] HiveMQ Platform is starting, 0 of 1 replicas are ready
2025-01-27 17:08:12,807 INFO c.h.h.t.HelmChartContainer - [test-hivemq-platform] [hivemq] [91706ed0] INFO  - No valid license file found. Using trial license, restricted to 25 connections.
2025-01-27 17:08:13,753 INFO c.h.h.t.HelmChartContainer - [test-hivemq-platform] [hivemq] [91706ed0] WARN  - [HiveMQ Platform Operator Init App 1.7.0-SNAPSHOT] Cannot connect to Health API for readiness: null
2025-01-27 17:08:13,757 INFO c.h.h.t.HelmChartContainer - [EVENT] Warning [Unhealthy] Readiness probe failed: HTTP probe failed with statuscode: 503 [helmcustomextensionit:test-hivemq-platform-0]
2025-01-27 17:08:13,757 INFO c.h.h.t.HelmChartContainer - Received Unhealthy event for container hivemq in pod test-hivemq-platform-0 [91706ed0-82c4-4b78-87df-0fe23b32cdca]
2025-01-27 17:08:15,852 INFO c.h.h.t.HelmChartContainer - [test-hivemq-platform] [hivemq] [91706ed0] INFO  - No valid license file for Data Hub found. Using free license, restricted to 1 policy.
2025-01-27 17:08:16,791 INFO c.h.h.t.HelmChartContainer - [test-hivemq-platform] [hivemq] [91706ed0] INFO  - Audit Logger started.
2025-01-27 17:08:17,111 INFO c.h.h.t.HelmChartContainer - [test-hivemq-platform] [hivemq] [91706ed0] INFO  - This node uses '1' CPU cores.
2025-01-27 17:08:17,156 INFO c.h.h.t.HelmChartContainer - [test-hivemq-platform] [hivemq] [91706ed0] INFO  - Starting HiveMQ Health API on address 0.0.0.0 and port 8889
2025-01-27 17:08:18,057 INFO c.h.h.t.HelmChartContainer - [test-hivemq-platform] [hivemq] [91706ed0] INFO  - Started HiveMQ Health API in 901ms
2025-01-27 17:08:18,082 INFO c.h.h.t.HelmChartContainer - [test-hivemq-platform] [hivemq] [91706ed0] INFO  - Starting HiveMQ extension system.
2025-01-27 17:08:18,455 INFO c.h.h.t.HelmChartContainer - [test-hivemq-platform] [hivemq] [91706ed0] INFO  - Starting extension with id "hivemq-dns-cluster-discovery" at /opt/hivemq/extensions/hivemq-dns-cluster-discovery
2025-01-27 17:08:18,827 INFO c.h.h.t.HelmChartContainer - [hivemq-test-hivemq-platform] [hivemq-platform-operator] [47beabe9] 17:08:18.825 [pool-6-thread-43] DEBUG c.h.p.o.dependants.PodInfoConfigMap - [helmcust] Desired PodInfo ConfigMap (1 extensions) (1 enabled)
2025-01-27 17:08:18,827 INFO c.h.h.t.HelmChartContainer - [hivemq-test-hivemq-platform] [hivemq-platform-operator] [47beabe9] 17:08:18.825 [pool-6-thread-43] DEBUG c.h.p.o.dependants.PodInfoConfigMap - [helmcust] Desired PodInfo ConfigMap (metrics port: 9399) (metrics path: /)
2025-01-27 17:08:18,827 INFO c.h.h.t.HelmChartContainer - [hivemq-test-hivemq-platform] [hivemq-platform-operator] [47beabe9] 17:08:18.825 [pool-6-thread-43] DEBUG c.h.p.o.dependants.PodInfoConfigMap - [helmcust] Desired PodInfo ConfigMap (extension state hash: -2048767907)
2025-01-27 17:08:18,828 INFO c.h.h.t.HelmChartContainer - [hivemq-test-hivemq-platform] [hivemq-platform-operator] [47beabe9] 17:08:18.826 [pool-6-thread-45] DEBUG c.h.p.o.d.PlatformServiceResource - [helmcust] Desired Platform services (3 services)
2025-01-27 17:08:18,829 INFO c.h.h.t.HelmChartContainer - [hivemq-test-hivemq-platform] [hivemq-platform-operator] [47beabe9] 17:08:18.825 [pool-6-thread-41] DEBUG c.h.p.o.d.PodServiceAccountResource - [helmcust] Desired PodServiceAccountResource (serviceAccountName: hivemq-platform-pod-test-hivemq-platform)
2025-01-27 17:08:18,833 INFO c.h.h.t.HelmChartContainer - [hivemq-test-hivemq-platform] [hivemq-platform-operator] [47beabe9] 17:08:18.832 [pool-6-thread-45] DEBUG c.h.p.o.d.StatefulSetResource - [helmcust] Desired StatefulSet (1 replicas) for status STARTING (READY)
2025-01-27 17:08:18,916 INFO c.h.h.t.HelmChartContainer - [hivemq-test-hivemq-platform] [hivemq-platform-operator] [47beabe9] 17:08:18.915 [ReconcilerExecutor-hivemq-controller-113] INFO  c.h.p.o.HiveMQPlatformReconciler - [helmcust] Reconciling HiveMQ Platform 'test-hivemq-platform' in namespace 'helmcustomextensionit'
2025-01-27 17:08:18,917 INFO c.h.h.t.HelmChartContainer - [hivemq-test-hivemq-platform] [hivemq-platform-operator] [47beabe9] 17:08:18.915 [ReconcilerExecutor-hivemq-controller-113] DEBUG c.h.p.o.HiveMQPlatformReconciler - [helmcust] Custom Resource Status STARTING - HiveMQ Platform is starting (READY)
2025-01-27 17:08:18,918 INFO c.h.h.t.HelmChartContainer - [hivemq-test-hivemq-platform] [hivemq-platform-operator] [47beabe9] 17:08:18.915 [ReconcilerExecutor-hivemq-controller-113] DEBUG c.h.p.o.HiveMQPlatformReconciler - [helmcust] Custom Resource Spec (replicas: 1) (extensions: 1)
2025-01-27 17:08:18,923 INFO c.h.h.t.HelmChartContainer - [hivemq-test-hivemq-platform] [hivemq-platform-operator] [47beabe9] 17:08:18.922 [ReconcilerExecutor-hivemq-controller-113] DEBUG c.h.p.o.HiveMQPlatformReconciler - [helmcust] StatefulSet Status (revision: test-hivemq-platform-c4ff8d65f, replicas: 1, available: 0, ready: 0, current: 1, updated: 1)
2025-01-27 17:08:18,924 INFO c.h.h.t.HelmChartContainer - [hivemq-test-hivemq-platform] [hivemq-platform-operator] [47beabe9] 17:08:18.922 [ReconcilerExecutor-hivemq-controller-113] DEBUG c.h.p.o.HiveMQPlatformReconciler - [helmcust] StatefulSet Spec (replicas: 1, init containers: 1, containers: 1, volumes: 3)
2025-01-27 17:08:18,925 INFO c.h.h.t.HelmChartContainer - [hivemq-test-hivemq-platform] [hivemq-platform-operator] [47beabe9] 17:08:18.923 [ReconcilerExecutor-hivemq-controller-113] DEBUG c.h.p.o.h.HiveMQPlatformReconcilerErrorHandler - [helmcust] Pod 'test-hivemq-platform-0' phase Running
2025-01-27 17:08:18,925 INFO c.h.h.t.HelmChartContainer - [hivemq-test-hivemq-platform] [hivemq-platform-operator] [47beabe9] 17:08:18.924 [ReconcilerExecutor-hivemq-controller-113] INFO  c.h.p.o.h.HiveMQPlatformReconcilerBaseHandler - [helmcust] HiveMQ Platform is starting, 0 of 1 replicas are ready
2025-01-27 17:08:19,056 INFO c.h.h.t.HelmChartContainer - [test-hivemq-platform] [hivemq] [91706ed0] INFO  - Using TCP cluster transport on address 10.42.0.10 and port 7000
2025-01-27 17:08:19,082 INFO c.h.h.t.HelmChartContainer - [test-hivemq-platform] [hivemq] [91706ed0] INFO  - Extension "DNS Cluster Discovery Extension" version 4.3.2 started successfully.
2025-01-27 17:08:19,085 INFO c.h.h.t.HelmChartContainer - [test-hivemq-platform] [hivemq] [91706ed0] INFO  - Starting extension with id "hivemq-custom-test-extension" at /opt/hivemq/extensions/hivemq-custom-test-extension
2025-01-27 17:08:19,085 INFO c.h.h.t.HelmChartContainer - [test-hivemq-platform] [hivemq] [91706ed0] INFO  - HiveMQ Custom Test Extension started
2025-01-27 17:08:19,085 INFO c.h.h.t.HelmChartContainer - [test-hivemq-platform] [hivemq] [91706ed0] INFO  - Extension "HiveMQ Custom Test Extension" version 1.0.0 started successfully.
2025-01-27 17:08:19,085 INFO c.h.h.testcontainer.LogWaiterUtil - TEST Found log pattern on 'test-hivemq-platform-0': .*Extension "HiveMQ Custom Test Extension" version 1.0.0 started successfully.
2025-01-27 17:08:19,085 INFO c.h.h.t.HelmChartContainer - [test-hivemq-platform] [hivemq] [91706ed0] INFO  - Starting extension with id "hivemq-prometheus-extension" at /opt/hivemq/extensions/hivemq-prometheus-extension
2025-01-27 17:08:19,154 INFO c.h.h.t.HelmChartContainer - [test-hivemq-platform] [hivemq] [91706ed0] INFO  - Using extension cluster discovery
2025-01-27 17:08:19,737 INFO c.h.h.t.HelmChartContainer - [EVENT] Warning [Unhealthy] Readiness probe failed: Get "http://10.42.0.10:7979/readiness": context deadline exceeded (Client.Timeout exceeded while awaiting headers) [helmcustomextensionit:test-hivemq-platform-0]
2025-01-27 17:08:19,737 INFO c.h.h.t.HelmChartContainer - Received Unhealthy event for container hivemq in pod test-hivemq-platform-0 [91706ed0-82c4-4b78-87df-0fe23b32cdca]
2025-01-27 17:08:20,285 INFO c.h.h.t.HelmChartContainer - [test-hivemq-platform] [hivemq] [91706ed0] INFO  - [HiveMQ Platform Operator Init App 1.7.0-SNAPSHOT] Returning Health API response 503 for readiness
2025-01-27 17:08:20,484 INFO c.h.h.t.HelmChartContainer - [test-hivemq-platform] [hivemq] [91706ed0] INFO  - Started Jetty Server exposing Prometheus Servlet on URI http://0.0.0.0:9399/
2025-01-27 17:08:20,484 INFO c.h.h.t.HelmChartContainer - [test-hivemq-platform] [hivemq] [91706ed0] INFO  - Extension "Prometheus Monitoring Extension" version 4.0.12 started successfully.
2025-01-27 17:08:20,484 INFO c.h.h.t.HelmChartContainer - [test-hivemq-platform] [hivemq] [91706ed0] INFO  - Starting extension with id "hivemq-allow-all-extension" at /opt/hivemq/extensions/hivemq-allow-all-extension
2025-01-27 17:08:20,484 INFO c.h.h.t.HelmChartContainer - [test-hivemq-platform] [hivemq] [91706ed0] WARN  - 
2025-01-27 17:08:20,484 INFO c.h.h.t.HelmChartContainer - [test-hivemq-platform] [hivemq] [91706ed0] ################################################################################################################
2025-01-27 17:08:20,485 INFO c.h.h.t.HelmChartContainer - [test-hivemq-platform] [hivemq] [91706ed0] # This HiveMQ deployment is not secure! You are lacking Authentication and Authorization.                      #
2025-01-27 17:08:20,485 INFO c.h.h.t.HelmChartContainer - [test-hivemq-platform] [hivemq] [91706ed0] # Right now any MQTT client can connect to the broker with a full set of permissions.                          #
2025-01-27 17:08:20,485 INFO c.h.h.t.HelmChartContainer - [test-hivemq-platform] [hivemq] [91706ed0] # For production usage, add an appropriate security extension and remove the hivemq-allow-all extension.       #
2025-01-27 17:08:20,486 INFO c.h.h.t.HelmChartContainer - [test-hivemq-platform] [hivemq] [91706ed0] # You can download security extensions from the HiveMQ Marketplace (https://www.hivemq.com/extensions/).       #
2025-01-27 17:08:20,486 INFO c.h.h.t.HelmChartContainer - [test-hivemq-platform] [hivemq] [91706ed0] ################################################################################################################
2025-01-27 17:08:20,486 INFO c.h.h.t.HelmChartContainer - [test-hivemq-platform] [hivemq] [91706ed0] INFO  - Extension "Allow All Extension" version 1.1.0 started successfully.
2025-01-27 17:08:22,561 INFO c.h.h.t.HelmChartContainer - [test-hivemq-platform] [hivemq] [91706ed0] INFO  - 7UD1O: no members discovered after 2505 ms: creating cluster as first member
2025-01-27 17:08:22,567 INFO c.h.h.t.HelmChartContainer - [test-hivemq-platform] [hivemq] [91706ed0] INFO  - Cluster nodes found by discovery: [7UD1O|0] (1) [7UD1O].
2025-01-27 17:08:22,586 INFO c.h.h.t.HelmChartContainer - [test-hivemq-platform] [hivemq] [91706ed0] INFO  - No user for HiveMQ Control Center configured. Starting with default user
2025-01-27 17:08:22,586 INFO c.h.h.t.HelmChartContainer - [test-hivemq-platform] [hivemq] [91706ed0] INFO  - Starting HiveMQ Control Center on address 0.0.0.0 and port 8080
2025-01-27 17:08:22,653 INFO c.h.h.t.HelmChartContainer - [test-hivemq-platform] [hivemq] [91706ed0] INFO  - Mounting HiveMQ Control Center V2 Preview
2025-01-27 17:08:23,363 INFO c.h.h.t.HelmChartContainer - [test-hivemq-platform] [hivemq] [91706ed0] INFO  - Started HiveMQ Control Center in 776ms
2025-01-27 17:08:23,457 INFO c.h.h.t.HelmChartContainer - [test-hivemq-platform] [hivemq] [91706ed0] INFO  - Starting TCP listener on address 0.0.0.0 and port 1883
2025-01-27 17:08:23,552 INFO c.h.h.t.HelmChartContainer - [test-hivemq-platform] [hivemq] [91706ed0] INFO  - Started TCP Listener on address 0.0.0.0 and on port 1883.
2025-01-27 17:08:23,552 INFO c.h.h.t.HelmChartContainer - [test-hivemq-platform] [hivemq] [91706ed0] INFO  - Started HiveMQ in 33368ms
2025-01-27 17:08:23,754 INFO c.h.h.t.HelmChartContainer - [test-hivemq-platform] [hivemq] [91706ed0] INFO  - [HiveMQ Platform Operator Init App 1.7.0-SNAPSHOT] Returning Health API response 200 for readiness
2025-01-27 17:08:23,770 INFO c.h.h.t.HelmChartContainer - [POD] test-hivemq-platform-0 [91706ed0-82c4-4b78-87df-0fe23b32cdca] in helmcustomextensionit was MODIFIED
2025-01-27 17:08:23,787 INFO c.h.h.t.HelmChartContainer - [hivemq-test-hivemq-platform] [hivemq-platform-operator] [47beabe9] 17:08:23.779 [pool-6-thread-5] DEBUG c.h.p.o.d.PlatformServiceResource - [helmcust] Desired Platform services (3 services)
2025-01-27 17:08:23,787 INFO c.h.h.t.HelmChartContainer - [hivemq-test-hivemq-platform] [hivemq-platform-operator] [47beabe9] 17:08:23.781 [pool-6-thread-1] DEBUG c.h.p.o.dependants.PodInfoConfigMap - [helmcust] Desired PodInfo ConfigMap (1 extensions) (1 enabled)
2025-01-27 17:08:23,787 INFO c.h.h.t.HelmChartContainer - [hivemq-test-hivemq-platform] [hivemq-platform-operator] [47beabe9] 17:08:23.781 [pool-6-thread-1] DEBUG c.h.p.o.dependants.PodInfoConfigMap - [helmcust] Desired PodInfo ConfigMap (metrics port: 9399) (metrics path: /)
2025-01-27 17:08:23,793 INFO c.h.h.t.HelmChartContainer - [hivemq-test-hivemq-platform] [hivemq-platform-operator] [47beabe9] 17:08:23.781 [pool-6-thread-1] DEBUG c.h.p.o.dependants.PodInfoConfigMap - [helmcust] Desired PodInfo ConfigMap (extension state hash: -2048767907)
2025-01-27 17:08:23,793 INFO c.h.h.t.HelmChartContainer - [hivemq-test-hivemq-platform] [hivemq-platform-operator] [47beabe9] 17:08:23.784 [pool-6-thread-1] DEBUG c.h.p.o.d.PodServiceAccountResource - [helmcust] Desired PodServiceAccountResource (serviceAccountName: hivemq-platform-pod-test-hivemq-platform)
2025-01-27 17:08:23,799 INFO c.h.h.t.HelmChartContainer - [hivemq-test-hivemq-platform] [hivemq-platform-operator] [47beabe9] 17:08:23.797 [pool-6-thread-5] DEBUG c.h.p.o.d.StatefulSetResource - [helmcust] Desired StatefulSet (1 replicas) for status STARTING (READY)
2025-01-27 17:08:23,802 INFO c.h.h.t.HelmChartContainer - [hivemq-test-hivemq-platform] [hivemq-platform-operator] [47beabe9] 17:08:23.801 [ReconcilerExecutor-hivemq-controller-114] INFO  c.h.p.o.HiveMQPlatformReconciler - [helmcust] Reconciling HiveMQ Platform 'test-hivemq-platform' in namespace 'helmcustomextensionit'
2025-01-27 17:08:23,802 INFO c.h.h.t.HelmChartContainer - [hivemq-test-hivemq-platform] [hivemq-platform-operator] [47beabe9] 17:08:23.801 [ReconcilerExecutor-hivemq-controller-114] DEBUG c.h.p.o.HiveMQPlatformReconciler - [helmcust] Custom Resource Status STARTING - HiveMQ Platform is starting (READY)
2025-01-27 17:08:23,803 INFO c.h.h.t.HelmChartContainer - [hivemq-test-hivemq-platform] [hivemq-platform-operator] [47beabe9] 17:08:23.801 [ReconcilerExecutor-hivemq-controller-114] DEBUG c.h.p.o.HiveMQPlatformReconciler - [helmcust] Custom Resource Spec (replicas: 1) (extensions: 1)
2025-01-27 17:08:23,844 INFO c.h.h.t.HelmChartContainer - [hivemq-test-hivemq-platform] [hivemq-platform-operator] [47beabe9] 17:08:23.843 [ReconcilerExecutor-hivemq-controller-114] DEBUG c.h.p.o.HiveMQPlatformReconciler - [helmcust] StatefulSet Status (revision: test-hivemq-platform-c4ff8d65f, replicas: 1, available: 1, ready: 1, current: 1, updated: 1)
2025-01-27 17:08:23,844 INFO c.h.h.t.HelmChartContainer - [hivemq-test-hivemq-platform] [hivemq-platform-operator] [47beabe9] 17:08:23.843 [ReconcilerExecutor-hivemq-controller-114] DEBUG c.h.p.o.HiveMQPlatformReconciler - [helmcust] StatefulSet Spec (replicas: 1, init containers: 1, containers: 1, volumes: 3)
2025-01-27 17:08:23,847 INFO c.h.h.t.HelmChartContainer - [hivemq-test-hivemq-platform] [hivemq-platform-operator] [47beabe9] 17:08:23.845 [ReconcilerExecutor-hivemq-controller-114] DEBUG c.h.p.o.h.HiveMQPlatformReconcilerErrorHandler - [helmcust] Pod 'test-hivemq-platform-0' phase Running
2025-01-27 17:08:23,847 INFO c.h.h.t.HelmChartContainer - [hivemq-test-hivemq-platform] [hivemq-platform-operator] [47beabe9] 17:08:23.846 [ReconcilerExecutor-hivemq-controller-114] INFO  c.h.p.o.h.HiveMQPlatformReconcilerBaseHandler - [helmcust] HiveMQ Platform started successfully
2025-01-27 17:08:23,952 INFO c.h.h.t.HelmChartContainer - [hivemq-test-hivemq-platform] [hivemq-platform-operator] [47beabe9] 17:08:23.950 [ReconcilerExecutor-hivemq-controller-114] DEBUG c.h.p.operator.event.EventSender - [helmcust] Creating K8s event hivemq-platform-ready: [Ready] HiveMQ Platform is ready
2025-01-27 17:08:23,956 INFO c.h.h.t.HelmChartContainer - [EVENT] Normal [Ready] HiveMQ Platform is ready [helmcustomextensionit:test-hivemq-platform]
2025-01-27 17:08:23,958 INFO c.h.h.t.HelmChartContainer - [hivemq-test-hivemq-platform] [hivemq-platform-operator] [47beabe9] 17:08:23.957 [ReconcilerExecutor-hivemq-controller-114] INFO  c.h.p.o.h.AbstractHiveMQReconcilerStateHandler - [helmcust] Update HiveMQ Platform Status (STARTING [READY] -> RUNNING [READY]): HiveMQ Platform is ready
2025-01-27 17:08:23,969 DEBUG com.hivemq.helmcharts.util.K8sUtil - Comparing actual state 'RUNNING' and waiting for 'RUNNING'
2025-01-27 17:08:24,050 INFO c.h.h.t.HelmChartContainer - [hivemq-test-hivemq-platform] [hivemq-platform-operator] [47beabe9] 17:08:24.046 [pool-6-thread-13] DEBUG c.h.p.o.d.PodServiceAccountResource - [helmcust] Desired PodServiceAccountResource (serviceAccountName: hivemq-platform-pod-test-hivemq-platform)
2025-01-27 17:08:24,050 INFO c.h.h.t.HelmChartContainer - [hivemq-test-hivemq-platform] [hivemq-platform-operator] [47beabe9] 17:08:24.047 [pool-6-thread-18] DEBUG c.h.p.o.dependants.PodInfoConfigMap - [helmcust] Desired PodInfo ConfigMap (1 extensions) (1 enabled)
2025-01-27 17:08:24,050 INFO c.h.h.t.HelmChartContainer - [hivemq-test-hivemq-platform] [hivemq-platform-operator] [47beabe9] 17:08:24.047 [pool-6-thread-18] DEBUG c.h.p.o.dependants.PodInfoConfigMap - [helmcust] Desired PodInfo ConfigMap (metrics port: 9399) (metrics path: /)
2025-01-27 17:08:24,050 INFO c.h.h.t.HelmChartContainer - [hivemq-test-hivemq-platform] [hivemq-platform-operator] [47beabe9] 17:08:24.047 [pool-6-thread-18] DEBUG c.h.p.o.dependants.PodInfoConfigMap - [helmcust] Desired PodInfo ConfigMap (extension state hash: -2048767907)
2025-01-27 17:08:24,050 INFO c.h.h.t.HelmChartContainer - [hivemq-test-hivemq-platform] [hivemq-platform-operator] [47beabe9] 17:08:24.047 [pool-6-thread-18] DEBUG c.h.p.o.dependants.PodInfoConfigMap - [helmcust] Update PodInfo ConfigMap
2025-01-27 17:08:24,052 INFO c.h.h.t.HelmChartContainer - [hivemq-test-hivemq-platform] [hivemq-platform-operator] [47beabe9] 17:08:24.050 [pool-6-thread-14] DEBUG c.h.p.o.d.PlatformServiceResource - [helmcust] Desired Platform services (3 services)
2025-01-27 17:08:24,145 INFO c.h.h.t.HelmChartContainer - [hivemq-test-hivemq-platform] [hivemq-platform-operator] [47beabe9] 17:08:24.144 [pool-6-thread-18] DEBUG c.h.p.o.d.StatefulSetResource - [helmcust] Desired StatefulSet (1 replicas) for status RUNNING (READY)
2025-01-27 17:08:24,148 INFO c.h.h.t.HelmChartContainer - [hivemq-test-hivemq-platform] [hivemq-platform-operator] [47beabe9] 17:08:24.147 [ReconcilerExecutor-hivemq-controller-115] INFO  c.h.p.o.HiveMQPlatformReconciler - [helmcust] Reconciling HiveMQ Platform 'test-hivemq-platform' in namespace 'helmcustomextensionit'
2025-01-27 17:08:24,149 INFO c.h.h.t.HelmChartContainer - [hivemq-test-hivemq-platform] [hivemq-platform-operator] [47beabe9] 17:08:24.147 [ReconcilerExecutor-hivemq-controller-115] DEBUG c.h.p.o.HiveMQPlatformReconciler - [helmcust] Custom Resource Status RUNNING - HiveMQ Platform is ready (READY)
2025-01-27 17:08:24,149 INFO c.h.h.t.HelmChartContainer - [hivemq-test-hivemq-platform] [hivemq-platform-operator] [47beabe9] 17:08:24.147 [ReconcilerExecutor-hivemq-controller-115] DEBUG c.h.p.o.HiveMQPlatformReconciler - [helmcust] Custom Resource Spec (replicas: 1) (extensions: 1)
2025-01-27 17:08:24,149 INFO c.h.h.t.HelmChartContainer - [hivemq-test-hivemq-platform] [hivemq-platform-operator] [47beabe9] 17:08:24.149 [ReconcilerExecutor-hivemq-controller-115] DEBUG c.h.p.o.HiveMQPlatformReconciler - [helmcust] StatefulSet Status (revision: test-hivemq-platform-c4ff8d65f, replicas: 1, available: 1, ready: 1, current: 1, updated: 1)
2025-01-27 17:08:24,149 INFO c.h.h.t.HelmChartContainer - [hivemq-test-hivemq-platform] [hivemq-platform-operator] [47beabe9] 17:08:24.149 [ReconcilerExecutor-hivemq-controller-115] DEBUG c.h.p.o.HiveMQPlatformReconciler - [helmcust] StatefulSet Spec (replicas: 1, init containers: 1, containers: 1, volumes: 3)
2025-01-27 17:08:24,151 INFO c.h.h.t.HelmChartContainer - [hivemq-test-hivemq-platform] [hivemq-platform-operator] [47beabe9] 17:08:24.150 [ReconcilerExecutor-hivemq-controller-115] DEBUG c.h.p.o.h.HiveMQPlatformReconcilerErrorHandler - [helmcust] Pod 'test-hivemq-platform-0' phase Running
2025-01-27 17:08:25,979 INFO c.h.h.t.HelmChartContainer - Uninstalling release 'test-hivemq-platform' in namespace 'helmcustomextensionit'...
2025-01-27 17:08:25,979 DEBUG c.h.h.t.HelmChartContainer - Executing helm command: /bin/helm --kubeconfig /etc/rancher/k3s/k3s.yaml uninstall test-hivemq-platform  --wait --timeout 5m0s --cascade foreground --namespace helmcustomextensionit
2025-01-27 17:08:26,168 INFO c.h.h.t.HelmChartContainer - [hivemq-test-hivemq-platform] [hivemq-platform-operator] [47beabe9] 17:08:26.167 [pool-6-thread-26] DEBUG c.h.p.o.d.PlatformServiceResource - [helmcust] Desired Platform services (3 services)
2025-01-27 17:08:26,174 INFO c.h.h.t.HelmChartContainer - [hivemq-test-hivemq-platform] [hivemq-platform-operator] [47beabe9] 17:08:26.171 [pool-6-thread-29] DEBUG c.h.p.o.dependants.PodInfoConfigMap - [helmcust] Desired PodInfo ConfigMap (1 extensions) (1 enabled)
2025-01-27 17:08:26,174 INFO c.h.h.t.HelmChartContainer - [hivemq-test-hivemq-platform] [hivemq-platform-operator] [47beabe9] 17:08:26.171 [pool-6-thread-29] DEBUG c.h.p.o.dependants.PodInfoConfigMap - [helmcust] Desired PodInfo ConfigMap (metrics port: 9399) (metrics path: /)
2025-01-27 17:08:26,174 INFO c.h.h.t.HelmChartContainer - [hivemq-test-hivemq-platform] [hivemq-platform-operator] [47beabe9] 17:08:26.171 [pool-6-thread-29] DEBUG c.h.p.o.dependants.PodInfoConfigMap - [helmcust] Desired PodInfo ConfigMap (extension state hash: -2048767907)
2025-01-27 17:08:26,174 INFO c.h.h.t.HelmChartContainer - [hivemq-test-hivemq-platform] [hivemq-platform-operator] [47beabe9] 17:08:26.173 [pool-6-thread-22] DEBUG c.h.p.o.d.PodServiceAccountResource - [helmcust] Desired PodServiceAccountResource (serviceAccountName: hivemq-platform-pod-test-hivemq-platform)
2025-01-27 17:08:26,178 INFO c.h.h.t.HelmChartContainer - [hivemq-test-hivemq-platform] [hivemq-platform-operator] [47beabe9] 17:08:26.176 [pool-6-thread-29] DEBUG c.h.p.o.d.StatefulSetResource - [helmcust] Desired StatefulSet (1 replicas) for status RUNNING (READY)
2025-01-27 17:08:26,249 INFO c.h.h.t.HelmChartContainer - [hivemq-test-hivemq-platform] [hivemq-platform-operator] [47beabe9] 17:08:26.246 [ReconcilerExecutor-hivemq-controller-116] INFO  c.h.p.o.HiveMQPlatformReconciler - [helmcust] Reconciling HiveMQ Platform 'test-hivemq-platform' in namespace 'helmcustomextensionit'
2025-01-27 17:08:26,252 INFO c.h.h.t.HelmChartContainer - [hivemq-test-hivemq-platform] [hivemq-platform-operator] [47beabe9] 17:08:26.247 [ReconcilerExecutor-hivemq-controller-116] DEBUG c.h.p.o.HiveMQPlatformReconciler - [helmcust] Custom Resource Status RUNNING - HiveMQ Platform is ready (READY)
2025-01-27 17:08:26,253 INFO c.h.h.t.HelmChartContainer - [hivemq-test-hivemq-platform] [hivemq-platform-operator] [47beabe9] 17:08:26.247 [ReconcilerExecutor-hivemq-controller-116] DEBUG c.h.p.o.HiveMQPlatformReconciler - [helmcust] Custom Resource Spec (replicas: 1) (extensions: 1)
2025-01-27 17:08:26,254 INFO c.h.h.t.HelmChartContainer - [hivemq-test-hivemq-platform] [hivemq-platform-operator] [47beabe9] 17:08:26.247 [ReconcilerExecutor-hivemq-controller-116] WARN  c.h.p.o.h.HiveMQPlatformReconcilerErrorHandler - [helmcust] Could not find ConfigMap 'hivemq-configuration-test-hivemq-platform' for HiveMQ Platform configuration
2025-01-27 17:08:26,443 INFO c.h.h.t.HelmChartContainer - [hivemq-test-hivemq-platform] [hivemq-platform-operator] [47beabe9] 17:08:26.442 [ReconcilerExecutor-hivemq-controller-116] DEBUG c.h.p.operator.event.EventSender - [helmcust] Creating K8s event hivemq-platform-invalid-configuration: [Start] Could not find ConfigMap 'hivemq-configuration-test-hivemq-platform' for HiveMQ Platform configuration
2025-01-27 17:08:26,448 INFO c.h.h.t.HelmChartContainer - [EVENT] Warning [Start] Could not find ConfigMap 'hivemq-configuration-test-hivemq-platform' for HiveMQ Platform configuration [helmcustomextensionit:test-hivemq-platform]
2025-01-27 17:08:26,449 INFO c.h.h.t.HelmChartContainer - [hivemq-test-hivemq-platform] [hivemq-platform-operator] [47beabe9] 17:08:26.448 [ReconcilerExecutor-hivemq-controller-116] INFO  c.h.p.o.h.AbstractHiveMQReconcilerStateHandler - [helmcust] Update HiveMQ Platform Status (RUNNING [READY] -> ERROR [INVALID_CONFIG_MAP]): Could not find ConfigMap 'hivemq-configuration-test-hivemq-platform' for HiveMQ Platform configuration
2025-01-27 17:08:26,459 INFO c.h.h.t.HelmChartContainer - [hivemq-test-hivemq-platform] [hivemq-platform-operator] [47beabe9] 17:08:26.456 [ReconcilerExecutor-hivemq-controller-116] ERROR i.j.o.p.event.EventProcessor - Error during event processing ExecutionScope{ resource id: ResourceID{name='test-hivemq-platform', namespace='helmcustomextensionit'}, version: 939}
2025-01-27 17:08:26,460 INFO c.h.h.t.HelmChartContainer - [hivemq-test-hivemq-platform] [hivemq-platform-operator] [47beabe9] io.fabric8.kubernetes.client.KubernetesClientException: Failure executing: PUT at: https://10.43.0.1:443/apis/hivemq.com/v1/namespaces/helmcustomextensionit/hivemq-platforms/test-hivemq-platform/status. Message: Operation cannot be fulfilled on hivemq-platforms.hivemq.com "test-hivemq-platform": the object has been modified; please apply your changes to the latest version and try again. Received status: Status(apiVersion=v1, code=409, details=StatusDetails(causes=[], group=hivemq.com, kind=hivemq-platforms, name=test-hivemq-platform, retryAfterSeconds=null, uid=null, additionalProperties={}), kind=Status, message=Operation cannot be fulfilled on hivemq-platforms.hivemq.com "test-hivemq-platform": the object has been modified; please apply your changes to the latest version and try again, metadata=ListMeta(_continue=null, remainingItemCount=null, resourceVersion=null, selfLink=null, additionalProperties={}), reason=Conflict, status=Failure, additionalProperties={}).
2025-01-27 17:08:26,460 INFO c.h.h.t.HelmChartContainer - [hivemq-test-hivemq-platform] [hivemq-platform-operator] [47beabe9] 	at io.fabric8.kubernetes.client.KubernetesClientException.copyAsCause(KubernetesClientException.java:238)
2025-01-27 17:08:26,460 INFO c.h.h.t.HelmChartContainer - [hivemq-test-hivemq-platform] [hivemq-platform-operator] [47beabe9] 	at io.fabric8.kubernetes.client.dsl.internal.OperationSupport.waitForResult(OperationSupport.java:507)
2025-01-27 17:08:26,460 INFO c.h.h.t.HelmChartContainer - [hivemq-test-hivemq-platform] [hivemq-platform-operator] [47beabe9] 	at io.fabric8.kubernetes.client.dsl.internal.OperationSupport.handleResponse(OperationSupport.java:524)
2025-01-27 17:08:26,460 INFO c.h.h.t.HelmChartContainer - [hivemq-test-hivemq-platform] [hivemq-platform-operator] [47beabe9] 	at io.fabric8.kubernetes.client.dsl.internal.OperationSupport.handleUpdate(OperationSupport.java:358)
2025-01-27 17:08:26,460 INFO c.h.h.t.HelmChartContainer - [hivemq-test-hivemq-platform] [hivemq-platform-operator] [47beabe9] 	at io.fabric8.kubernetes.client.dsl.internal.BaseOperation.handleUpdate(BaseOperation.java:759)
2025-01-27 17:08:26,460 INFO c.h.h.t.HelmChartContainer - [hivemq-test-hivemq-platform] [hivemq-platform-operator] [47beabe9] 	at io.fabric8.kubernetes.client.dsl.internal.HasMetadataOperation.update(HasMetadataOperation.java:138)
2025-01-27 17:08:26,460 INFO c.h.h.t.HelmChartContainer - [hivemq-test-hivemq-platform] [hivemq-platform-operator] [47beabe9] 	at io.fabric8.kubernetes.client.dsl.internal.HasMetadataOperation.update(HasMetadataOperation.java:121)
2025-01-27 17:08:26,460 INFO c.h.h.t.HelmChartContainer - [hivemq-test-hivemq-platform] [hivemq-platform-operator] [47beabe9] 	at io.fabric8.kubernetes.client.dsl.internal.HasMetadataOperation.updateStatus(HasMetadataOperation.java:126)
2025-01-27 17:08:26,460 INFO c.h.h.t.HelmChartContainer - [hivemq-test-hivemq-platform] [hivemq-platform-operator] [47beabe9] 	at io.fabric8.kubernetes.client.dsl.internal.HasMetadataOperation.updateStatus(HasMetadataOperation.java:44)
2025-01-27 17:08:26,460 INFO c.h.h.t.HelmChartContainer - [hivemq-test-hivemq-platform] [hivemq-platform-operator] [47beabe9] 	at io.javaoperatorsdk.operator.processing.event.ReconciliationDispatcher$CustomResourceFacade.updateStatus(ReconciliationDispatcher.java:408)
2025-01-27 17:08:26,460 INFO c.h.h.t.HelmChartContainer - [hivemq-test-hivemq-platform] [hivemq-platform-operator] [47beabe9] 	at io.javaoperatorsdk.operator.processing.event.ReconciliationDispatcher.updateStatusGenerationAware(ReconciliationDispatcher.java:228)
2025-01-27 17:08:26,462 INFO c.h.h.t.HelmChartContainer - [hivemq-test-hivemq-platform] [hivemq-platform-operator] [47beabe9] 	at io.javaoperatorsdk.operator.processing.event.ReconciliationDispatcher.reconcileExecution(ReconciliationDispatcher.java:150)
2025-01-27 17:08:26,462 INFO c.h.h.t.HelmChartContainer - [hivemq-test-hivemq-platform] [hivemq-platform-operator] [47beabe9] 	at io.javaoperatorsdk.operator.processing.event.ReconciliationDispatcher.handleReconcile(ReconciliationDispatcher.java:117)
2025-01-27 17:08:26,462 INFO c.h.h.t.HelmChartContainer - [hivemq-test-hivemq-platform] [hivemq-platform-operator] [47beabe9] 	at io.javaoperatorsdk.operator.processing.event.ReconciliationDispatcher.handleDispatch(ReconciliationDispatcher.java:91)
2025-01-27 17:08:26,462 INFO c.h.h.t.HelmChartContainer - [hivemq-test-hivemq-platform] [hivemq-platform-operator] [47beabe9] 	at io.javaoperatorsdk.operator.processing.event.ReconciliationDispatcher.handleExecution(ReconciliationDispatcher.java:64)
2025-01-27 17:08:26,462 INFO c.h.h.t.HelmChartContainer - [hivemq-test-hivemq-platform] [hivemq-platform-operator] [47beabe9] 	at io.javaoperatorsdk.operator.processing.event.EventProcessor$ReconcilerExecutor.run(EventProcessor.java:452)
2025-01-27 17:08:26,462 INFO c.h.h.t.HelmChartContainer - [hivemq-test-hivemq-platform] [hivemq-platform-operator] [47beabe9] 	at java.base/java.util.concurrent.ThreadPoolExecutor.runWorker(Unknown Source)
2025-01-27 17:08:26,462 INFO c.h.h.t.HelmChartContainer - [hivemq-test-hivemq-platform] [hivemq-platform-operator] [47beabe9] 	at java.base/java.util.concurrent.ThreadPoolExecutor$Worker.run(Unknown Source)
2025-01-27 17:08:26,462 INFO c.h.h.t.HelmChartContainer - [hivemq-test-hivemq-platform] [hivemq-platform-operator] [47beabe9] 	at java.base/java.lang.Thread.run(Unknown Source)
2025-01-27 17:08:26,462 INFO c.h.h.t.HelmChartContainer - [hivemq-test-hivemq-platform] [hivemq-platform-operator] [47beabe9] Caused by: io.fabric8.kubernetes.client.KubernetesClientException: Failure executing: PUT at: https://10.43.0.1:443/apis/hivemq.com/v1/namespaces/helmcustomextensionit/hivemq-platforms/test-hivemq-platform/status. Message: Operation cannot be fulfilled on hivemq-platforms.hivemq.com "test-hivemq-platform": the object has been modified; please apply your changes to the latest version and try again. Received status: Status(apiVersion=v1, code=409, details=StatusDetails(causes=[], group=hivemq.com, kind=hivemq-platforms, name=test-hivemq-platform, retryAfterSeconds=null, uid=null, additionalProperties={}), kind=Status, message=Operation cannot be fulfilled on hivemq-platforms.hivemq.com "test-hivemq-platform": the object has been modified; please apply your changes to the latest version and try again, metadata=ListMeta(_continue=null, remainingItemCount=null, resourceVersion=null, selfLink=null, additionalProperties={}), reason=Conflict, status=Failure, additionalProperties={}).
2025-01-27 17:08:26,462 INFO c.h.h.t.HelmChartContainer - [hivemq-test-hivemq-platform] [hivemq-platform-operator] [47beabe9] 	at io.fabric8.kubernetes.client.dsl.internal.OperationSupport.requestFailure(OperationSupport.java:660)
2025-01-27 17:08:26,462 INFO c.h.h.t.HelmChartContainer - [hivemq-test-hivemq-platform] [hivemq-platform-operator] [47beabe9] 	at io.fabric8.kubernetes.client.dsl.internal.OperationSupport.requestFailure(OperationSupport.java:640)
2025-01-27 17:08:26,462 INFO c.h.h.t.HelmChartContainer - [hivemq-test-hivemq-platform] [hivemq-platform-operator] [47beabe9] 	at io.fabric8.kubernetes.client.dsl.internal.OperationSupport.assertResponseCode(OperationSupport.java:589)
2025-01-27 17:08:26,462 INFO c.h.h.t.HelmChartContainer - [hivemq-test-hivemq-platform] [hivemq-platform-operator] [47beabe9] 	at io.fabric8.kubernetes.client.dsl.internal.OperationSupport.lambda$handleResponse$0(OperationSupport.java:549)
2025-01-27 17:08:26,462 INFO c.h.h.t.HelmChartContainer - [hivemq-test-hivemq-platform] [hivemq-platform-operator] [47beabe9] 	at java.base/java.util.concurrent.CompletableFuture$UniApply.tryFire(Unknown Source)
2025-01-27 17:08:26,462 INFO c.h.h.t.HelmChartContainer - [hivemq-test-hivemq-platform] [hivemq-platform-operator] [47beabe9] 	at java.base/java.util.concurrent.CompletableFuture.postComplete(Unknown Source)
2025-01-27 17:08:26,462 INFO c.h.h.t.HelmChartContainer - [hivemq-test-hivemq-platform] [hivemq-platform-operator] [47beabe9] 	at java.base/java.util.concurrent.CompletableFuture.complete(Unknown Source)
2025-01-27 17:08:26,462 INFO c.h.h.t.HelmChartContainer - [hivemq-test-hivemq-platform] [hivemq-platform-operator] [47beabe9] 	at io.fabric8.kubernetes.client.http.StandardHttpClient.lambda$completeOrCancel$10(StandardHttpClient.java:141)
2025-01-27 17:08:26,462 INFO c.h.h.t.HelmChartContainer - [hivemq-test-hivemq-platform] [hivemq-platform-operator] [47beabe9] 	at java.base/java.util.concurrent.CompletableFuture.uniWhenComplete(Unknown Source)
2025-01-27 17:08:26,462 INFO c.h.h.t.HelmChartContainer - [hivemq-test-hivemq-platform] [hivemq-platform-operator] [47beabe9] 	at java.base/java.util.concurrent.CompletableFuture$UniWhenComplete.tryFire(Unknown Source)
2025-01-27 17:08:26,462 INFO c.h.h.t.HelmChartContainer - [hivemq-test-hivemq-platform] [hivemq-platform-operator] [47beabe9] 	at java.base/java.util.concurrent.CompletableFuture.postComplete(Unknown Source)
2025-01-27 17:08:26,462 INFO c.h.h.t.HelmChartContainer - [hivemq-test-hivemq-platform] [hivemq-platform-operator] [47beabe9] 	at java.base/java.util.concurrent.CompletableFuture.complete(Unknown Source)
2025-01-27 17:08:26,462 INFO c.h.h.t.HelmChartContainer - [hivemq-test-hivemq-platform] [hivemq-platform-operator] [47beabe9] 	at io.fabric8.kubernetes.client.http.ByteArrayBodyHandler.onBodyDone(ByteArrayBodyHandler.java:51)
2025-01-27 17:08:26,462 INFO c.h.h.t.HelmChartContainer - [hivemq-test-hivemq-platform] [hivemq-platform-operator] [47beabe9] 	at java.base/java.util.concurrent.CompletableFuture.uniWhenComplete(Unknown Source)
2025-01-27 17:08:26,462 INFO c.h.h.t.HelmChartContainer - [hivemq-test-hivemq-platform] [hivemq-platform-operator] [47beabe9] 	at java.base/java.util.concurrent.CompletableFuture$UniWhenComplete.tryFire(Unknown Source)
2025-01-27 17:08:26,462 INFO c.h.h.t.HelmChartContainer - [hivemq-test-hivemq-platform] [hivemq-platform-operator] [47beabe9] 	at java.base/java.util.concurrent.CompletableFuture.postComplete(Unknown Source)
2025-01-27 17:08:26,462 INFO c.h.h.t.HelmChartContainer - [hivemq-test-hivemq-platform] [hivemq-platform-operator] [47beabe9] 	at java.base/java.util.concurrent.CompletableFuture.complete(Unknown Source)
2025-01-27 17:08:26,462 INFO c.h.h.t.HelmChartContainer - [hivemq-test-hivemq-platform] [hivemq-platform-operator] [47beabe9] 	at io.fabric8.kubernetes.client.vertx.VertxHttpRequest.lambda$null$1(VertxHttpRequest.java:121)
2025-01-27 17:08:26,462 INFO c.h.h.t.HelmChartContainer - [hivemq-test-hivemq-platform] [hivemq-platform-operator] [47beabe9] 	at io.vertx.core.impl.ContextInternal.dispatch(ContextInternal.java:279)
2025-01-27 17:08:26,462 INFO c.h.h.t.HelmChartContainer - [hivemq-test-hivemq-platform] [hivemq-platform-operator] [47beabe9] 	at io.vertx.core.impl.ContextInternal.dispatch(ContextInternal.java:261)
2025-01-27 17:08:26,462 INFO c.h.h.t.HelmChartContainer - [hivemq-test-hivemq-platform] [hivemq-platform-operator] [47beabe9] 	at io.vertx.core.http.impl.HttpEventHandler.handleEnd(HttpEventHandler.java:76)
2025-01-27 17:08:26,462 INFO c.h.h.t.HelmChartContainer - [hivemq-test-hivemq-platform] [hivemq-platform-operator] [47beabe9] 	at io.vertx.core.http.impl.HttpClientResponseImpl.handleEnd(HttpClientResponseImpl.java:250)
2025-01-27 17:08:26,463 INFO c.h.h.t.HelmChartContainer - [hivemq-test-hivemq-platform] [hivemq-platform-operator] [47beabe9] 	at io.vertx.core.http.impl.Http1xClientConnection$StreamImpl.lambda$new$0(Http1xClientConnection.java:421)
2025-01-27 17:08:26,463 INFO c.h.h.t.HelmChartContainer - [hivemq-test-hivemq-platform] [hivemq-platform-operator] [47beabe9] 	at io.vertx.core.streams.impl.InboundBuffer.handleEvent(InboundBuffer.java:279)
2025-01-27 17:08:26,463 INFO c.h.h.t.HelmChartContainer - [hivemq-test-hivemq-platform] [hivemq-platform-operator] [47beabe9] 	at io.vertx.core.streams.impl.InboundBuffer.write(InboundBuffer.java:157)
2025-01-27 17:08:26,463 INFO c.h.h.t.HelmChartContainer - [hivemq-test-hivemq-platform] [hivemq-platform-operator] [47beabe9] 	at io.vertx.core.http.impl.Http1xClientConnection$StreamImpl.handleEnd(Http1xClientConnection.java:709)
2025-01-27 17:08:26,463 INFO c.h.h.t.HelmChartContainer - [hivemq-test-hivemq-platform] [hivemq-platform-operator] [47beabe9] 	at io.vertx.core.impl.ContextImpl.execute(ContextImpl.java:313)
2025-01-27 17:08:26,463 INFO c.h.h.t.HelmChartContainer - [hivemq-test-hivemq-platform] [hivemq-platform-operator] [47beabe9] 	at io.vertx.core.impl.ContextImpl.execute(ContextImpl.java:293)
2025-01-27 17:08:26,463 INFO c.h.h.t.HelmChartContainer - [hivemq-test-hivemq-platform] [hivemq-platform-operator] [47beabe9] 	at io.vertx.core.http.impl.Http1xClientConnection.handleResponseEnd(Http1xClientConnection.java:940)
2025-01-27 17:08:26,463 INFO c.h.h.t.HelmChartContainer - [hivemq-test-hivemq-platform] [hivemq-platform-operator] [47beabe9] 	at io.vertx.core.http.impl.Http1xClientConnection.handleHttpMessage(Http1xClientConnection.java:810)
2025-01-27 17:08:26,463 INFO c.h.h.t.HelmChartContainer - [hivemq-test-hivemq-platform] [hivemq-platform-operator] [47beabe9] 	at io.vertx.core.http.impl.Http1xClientConnection.handleMessage(Http1xClientConnection.java:774)
2025-01-27 17:08:26,463 INFO c.h.h.t.HelmChartContainer - [hivemq-test-hivemq-platform] [hivemq-platform-operator] [47beabe9] 	at io.vertx.core.net.impl.ConnectionBase.read(ConnectionBase.java:159)
2025-01-27 17:08:26,463 INFO c.h.h.t.HelmChartContainer - [hivemq-test-hivemq-platform] [hivemq-platform-operator] [47beabe9] 	at io.vertx.core.net.impl.VertxHandler.channelRead(VertxHandler.java:153)
2025-01-27 17:08:26,463 INFO c.h.h.t.HelmChartContainer - [hivemq-test-hivemq-platform] [hivemq-platform-operator] [47beabe9] 	at io.netty.channel.AbstractChannelHandlerContext.invokeChannelRead(AbstractChannelHandlerContext.java:442)
2025-01-27 17:08:26,463 INFO c.h.h.t.HelmChartContainer - [hivemq-test-hivemq-platform] [hivemq-platform-operator] [47beabe9] 	at io.netty.channel.AbstractChannelHandlerContext.invokeChannelRead(AbstractChannelHandlerContext.java:420)
2025-01-27 17:08:26,463 INFO c.h.h.t.HelmChartContainer - [hivemq-test-hivemq-platform] [hivemq-platform-operator] [47beabe9] 	at io.netty.channel.AbstractChannelHandlerContext.fireChannelRead(AbstractChannelHandlerContext.java:412)
2025-01-27 17:08:26,463 INFO c.h.h.t.HelmChartContainer - [hivemq-test-hivemq-platform] [hivemq-platform-operator] [47beabe9] 	at io.netty.channel.CombinedChannelDuplexHandler$DelegatingChannelHandlerContext.fireChannelRead(CombinedChannelDuplexHandler.java:436)
2025-01-27 17:08:26,463 INFO c.h.h.t.HelmChartContainer - [hivemq-test-hivemq-platform] [hivemq-platform-operator] [47beabe9] 	at io.netty.handler.codec.ByteToMessageDecoder.fireChannelRead(ByteToMessageDecoder.java:346)
2025-01-27 17:08:26,463 INFO c.h.h.t.HelmChartContainer - [hivemq-test-hivemq-platform] [hivemq-platform-operator] [47beabe9] 	at io.netty.handler.codec.ByteToMessageDecoder.channelRead(ByteToMessageDecoder.java:318)
2025-01-27 17:08:26,463 INFO c.h.h.t.HelmChartContainer - [hivemq-test-hivemq-platform] [hivemq-platform-operator] [47beabe9] 	at io.netty.channel.CombinedChannelDuplexHandler.channelRead(CombinedChannelDuplexHandler.java:251)
2025-01-27 17:08:26,463 INFO c.h.h.t.HelmChartContainer - [hivemq-test-hivemq-platform] [hivemq-platform-operator] [47beabe9] 	at io.netty.channel.AbstractChannelHandlerContext.invokeChannelRead(AbstractChannelHandlerContext.java:442)
2025-01-27 17:08:26,463 INFO c.h.h.t.HelmChartContainer - [hivemq-test-hivemq-platform] [hivemq-platform-operator] [47beabe9] 	at io.netty.channel.AbstractChannelHandlerContext.invokeChannelRead(AbstractChannelHandlerContext.java:420)
2025-01-27 17:08:26,463 INFO c.h.h.t.HelmChartContainer - [hivemq-test-hivemq-platform] [hivemq-platform-operator] [47beabe9] 	at io.netty.channel.AbstractChannelHandlerContext.fireChannelRead(AbstractChannelHandlerContext.java:412)
2025-01-27 17:08:26,463 INFO c.h.h.t.HelmChartContainer - [hivemq-test-hivemq-platform] [hivemq-platform-operator] [47beabe9] 	at io.netty.handler.ssl.SslHandler.unwrap(SslHandler.java:1475)
2025-01-27 17:08:26,463 INFO c.h.h.t.HelmChartContainer - [hivemq-test-hivemq-platform] [hivemq-platform-operator] [47beabe9] 	at io.netty.handler.ssl.SslHandler.decodeJdkCompatible(SslHandler.java:1338)
2025-01-27 17:08:26,463 INFO c.h.h.t.HelmChartContainer - [hivemq-test-hivemq-platform] [hivemq-platform-operator] [47beabe9] 	at io.netty.handler.ssl.SslHandler.decode(SslHandler.java:1387)
2025-01-27 17:08:26,463 INFO c.h.h.t.HelmChartContainer - [hivemq-test-hivemq-platform] [hivemq-platform-operator] [47beabe9] 	at io.netty.handler.codec.ByteToMessageDecoder.decodeRemovalReentryProtection(ByteToMessageDecoder.java:530)
2025-01-27 17:08:26,463 INFO c.h.h.t.HelmChartContainer - [hivemq-test-hivemq-platform] [hivemq-platform-operator] [47beabe9] 	at io.netty.handler.codec.ByteToMessageDecoder.callDecode(ByteToMessageDecoder.java:469)
2025-01-27 17:08:26,463 INFO c.h.h.t.HelmChartContainer - [hivemq-test-hivemq-platform] [hivemq-platform-operator] [47beabe9] 	at io.netty.handler.codec.ByteToMessageDecoder.channelRead(ByteToMessageDecoder.java:290)
2025-01-27 17:08:26,463 INFO c.h.h.t.HelmChartContainer - [hivemq-test-hivemq-platform] [hivemq-platform-operator] [47beabe9] 	at io.netty.channel.AbstractChannelHandlerContext.invokeChannelRead(AbstractChannelHandlerContext.java:444)
2025-01-27 17:08:26,463 INFO c.h.h.t.HelmChartContainer - [hivemq-test-hivemq-platform] [hivemq-platform-operator] [47beabe9] 	at io.netty.channel.AbstractChannelHandlerContext.invokeChannelRead(AbstractChannelHandlerContext.java:420)
2025-01-27 17:08:26,463 INFO c.h.h.t.HelmChartContainer - [hivemq-test-hivemq-platform] [hivemq-platform-operator] [47beabe9] 	at io.netty.channel.AbstractChannelHandlerContext.fireChannelRead(AbstractChannelHandlerContext.java:412)
2025-01-27 17:08:26,463 INFO c.h.h.t.HelmChartContainer - [hivemq-test-hivemq-platform] [hivemq-platform-operator] [47beabe9] 	at io.netty.channel.DefaultChannelPipeline$HeadContext.channelRead(DefaultChannelPipeline.java:1407)
2025-01-27 17:08:26,463 INFO c.h.h.t.HelmChartContainer - [hivemq-test-hivemq-platform] [hivemq-platform-operator] [47beabe9] 	at io.netty.channel.AbstractChannelHandlerContext.invokeChannelRead(AbstractChannelHandlerContext.java:440)
2025-01-27 17:08:26,463 INFO c.h.h.t.HelmChartContainer - [hivemq-test-hivemq-platform] [hivemq-platform-operator] [47beabe9] 	at io.netty.channel.AbstractChannelHandlerContext.invokeChannelRead(AbstractChannelHandlerContext.java:420)
2025-01-27 17:08:26,463 INFO c.h.h.t.HelmChartContainer - [hivemq-test-hivemq-platform] [hivemq-platform-operator] [47beabe9] 	at io.netty.channel.DefaultChannelPipeline.fireChannelRead(DefaultChannelPipeline.java:918)
2025-01-27 17:08:26,463 INFO c.h.h.t.HelmChartContainer - [hivemq-test-hivemq-platform] [hivemq-platform-operator] [47beabe9] 	at io.netty.channel.nio.AbstractNioByteChannel$NioByteUnsafe.read(AbstractNioByteChannel.java:166)
2025-01-27 17:08:26,463 INFO c.h.h.t.HelmChartContainer - [hivemq-test-hivemq-platform] [hivemq-platform-operator] [47beabe9] 	at io.netty.channel.nio.NioEventLoop.processSelectedKey(NioEventLoop.java:788)
2025-01-27 17:08:26,463 INFO c.h.h.t.HelmChartContainer - [hivemq-test-hivemq-platform] [hivemq-platform-operator] [47beabe9] 	at io.netty.channel.nio.NioEventLoop.processSelectedKeysOptimized(NioEventLoop.java:724)
2025-01-27 17:08:26,463 INFO c.h.h.t.HelmChartContainer - [hivemq-test-hivemq-platform] [hivemq-platform-operator] [47beabe9] 	at io.netty.channel.nio.NioEventLoop.processSelectedKeys(NioEventLoop.java:650)
2025-01-27 17:08:26,463 INFO c.h.h.t.HelmChartContainer - [hivemq-test-hivemq-platform] [hivemq-platform-operator] [47beabe9] 	at io.netty.channel.nio.NioEventLoop.run(NioEventLoop.java:562)
2025-01-27 17:08:26,463 INFO c.h.h.t.HelmChartContainer - [hivemq-test-hivemq-platform] [hivemq-platform-operator] [47beabe9] 	at io.netty.util.concurrent.SingleThreadEventExecutor$4.run(SingleThreadEventExecutor.java:997)
2025-01-27 17:08:26,463 INFO c.h.h.t.HelmChartContainer - [hivemq-test-hivemq-platform] [hivemq-platform-operator] [47beabe9] 	at io.netty.util.internal.ThreadExecutorMap$2.run(ThreadExecutorMap.java:74)
2025-01-27 17:08:26,463 INFO c.h.h.t.HelmChartContainer - [hivemq-test-hivemq-platform] [hivemq-platform-operator] [47beabe9] 	at io.netty.util.concurrent.FastThreadLocalRunnable.run(FastThreadLocalRunnable.java:30)
2025-01-27 17:08:26,463 INFO c.h.h.t.HelmChartContainer - [hivemq-test-hivemq-platform] [hivemq-platform-operator] [47beabe9] 	... 1 common frames omitted
2025-01-27 17:08:26,465 INFO c.h.h.t.HelmChartContainer - [hivemq-test-hivemq-platform] [hivemq-platform-operator] [47beabe9] 17:08:26.463 [ReconcilerExecutor-hivemq-controller-121] INFO  c.h.p.o.HiveMQPlatformReconciler - [helmcust] Cleanup test-hivemq-platform - helmcustomextensionit HiveMQ Platform is shut down
2025-01-27 17:08:26,901 INFO c.h.h.t.HelmChartContainer - [EVENT] Normal [Killing] Stopping container hivemq [helmcustomextensionit:test-hivemq-platform-0]
2025-01-27 17:08:26,901 INFO c.h.h.t.HelmChartContainer - Received Killing event for container hivemq in pod test-hivemq-platform-0 [91706ed0-82c4-4b78-87df-0fe23b32cdca]
2025-01-27 17:08:26,901 INFO c.h.h.t.HelmChartContainer - Container [test-hivemq-platform-0] [hivemq] [91706ed0-82c4-4b78-87df-0fe23b32cdca] was terminated
2025-01-27 17:08:26,901 INFO c.h.h.t.HelmChartContainer - Stopped log watcher for hivemq in pod test-hivemq-platform-0 [91706ed0-82c4-4b78-87df-0fe23b32cdca]
2025-01-27 17:08:26,904 INFO c.h.h.t.HelmChartContainer - [POD] test-hivemq-platform-0 [91706ed0-82c4-4b78-87df-0fe23b32cdca] in helmcustomextensionit was MODIFIED
2025-01-27 17:08:26,912 INFO c.h.h.t.HelmChartContainer - [test-hivemq-platform] [hivemq] [91706ed0] INFO  - [HiveMQ Platform Operator Init App 1.7.0-SNAPSHOT] Shutting down
2025-01-27 17:08:26,914 INFO c.h.h.t.HelmChartContainer - [test-hivemq-platform] [hivemq] [91706ed0] INFO  - [HiveMQ Platform Operator Init App 1.7.0-SNAPSHOT] Stopping the HiveMQ Platform
2025-01-27 17:08:26,993 INFO c.h.h.t.HelmChartContainer - [test-hivemq-platform] [hivemq] [91706ed0] INFO  - Shutting down HiveMQ. Please wait, this could take a while...
2025-01-27 17:08:26,997 INFO c.h.h.t.HelmChartContainer - [test-hivemq-platform] [hivemq] [91706ed0] INFO  - Shutting down listeners and clients
2025-01-27 17:08:26,999 INFO c.h.h.t.HelmChartContainer - [test-hivemq-platform] [hivemq] [91706ed0] INFO  - Shutdown of listeners is done
2025-01-27 17:08:26,999 INFO c.h.h.t.HelmChartContainer - [test-hivemq-platform] [hivemq] [91706ed0] INFO  - No clients are connected, proceeding with shutdown
2025-01-27 17:08:28,217 INFO c.h.h.t.HelmChartContainer - Deleting namespace 'helmcustomextensionit'...
2025-01-27 17:08:28,695 INFO c.h.h.t.HelmChartContainer - [test-hivemq-platform] [hivemq] [91706ed0] INFO  - [HiveMQ Platform Operator Init App 1.7.0-SNAPSHOT] Returning shutdown Health API response 503 for readiness
2025-01-27 17:08:28,699 INFO c.h.h.t.HelmChartContainer - [EVENT] Warning [Unhealthy] Readiness probe failed: HTTP probe failed with statuscode: 503 [helmcustomextensionit:test-hivemq-platform-0]
2025-01-27 17:08:28,699 INFO c.h.h.t.HelmChartContainer - Received Unhealthy event for container hivemq in pod test-hivemq-platform-0 [91706ed0-82c4-4b78-87df-0fe23b32cdca]
2025-01-27 17:08:29,196 INFO c.h.h.t.HelmChartContainer - [K3S] [authentication.go:74] "Unable to authenticate the request" err="[invalid bearer token, serviceaccounts \"hivemq-platform-pod-test-hivemq-platform\" not found]"
2025-01-27 17:08:29,212 INFO c.h.h.t.HelmChartContainer - [K3S] [authentication.go:74] "Unable to authenticate the request" err="[invalid bearer token, serviceaccounts \"hivemq-platform-pod-test-hivemq-platform\" not found]"
2025-01-27 17:08:29,286 INFO c.h.h.t.HelmChartContainer - [test-hivemq-platform] [hivemq] [91706ed0] WARN  - [HiveMQ Platform Operator Init App 1.7.0-SNAPSHOT] Could not update Pod annotations: Failure executing: GET at: https://10.43.0.1:443/api/v1/namespaces/helmcustomextensionit/pods/test-hivemq-platform-0. Message: Unauthorized. Received status: Status(apiVersion=v1, code=401, details=null, kind=Status, message=Unauthorized, metadata=ListMeta(_continue=null, remainingItemCount=null, resourceVersion=null, selfLink=null, additionalProperties={}), reason=Unauthorized, status=Failure, additionalProperties={}).
2025-01-27 17:08:30,158 INFO c.h.h.t.HelmChartContainer - [test-hivemq-platform] [hivemq] [91706ed0] INFO  - Shutting down extension system
2025-01-27 17:08:30,164 INFO c.h.h.t.HelmChartContainer - [test-hivemq-platform] [hivemq] [91706ed0] INFO  - Stopping extension with id hivemq-dns-cluster-discovery
2025-01-27 17:08:30,165 INFO c.h.h.t.HelmChartContainer - [test-hivemq-platform] [hivemq] [91706ed0] INFO  - Extension "DNS Cluster Discovery Extension" version 4.3.2 stopped successfully.
2025-01-27 17:08:30,165 INFO c.h.h.t.HelmChartContainer - [test-hivemq-platform] [hivemq] [91706ed0] INFO  - Stopping extension with id hivemq-custom-test-extension
2025-01-27 17:08:30,166 INFO c.h.h.t.HelmChartContainer - [test-hivemq-platform] [hivemq] [91706ed0] INFO  - HiveMQ Custom Test Extension stopped
2025-01-27 17:08:30,167 INFO c.h.h.t.HelmChartContainer - [test-hivemq-platform] [hivemq] [91706ed0] INFO  - Extension "HiveMQ Custom Test Extension" version 1.0.0 stopped successfully.
2025-01-27 17:08:30,167 INFO c.h.h.t.HelmChartContainer - [test-hivemq-platform] [hivemq] [91706ed0] INFO  - Stopping extension with id hivemq-prometheus-extension
2025-01-27 17:08:30,171 INFO c.h.h.t.HelmChartContainer - [test-hivemq-platform] [hivemq] [91706ed0] INFO  - Extension "Prometheus Monitoring Extension" version 4.0.12 stopped successfully.
2025-01-27 17:08:30,171 INFO c.h.h.t.HelmChartContainer - [test-hivemq-platform] [hivemq] [91706ed0] INFO  - Stopping extension with id hivemq-allow-all-extension
2025-01-27 17:08:30,171 INFO c.h.h.t.HelmChartContainer - [test-hivemq-platform] [hivemq] [91706ed0] INFO  - Extension "Allow All Extension" version 1.1.0 stopped successfully.
2025-01-27 17:08:32,583 INFO c.h.h.t.HelmChartContainer - [test-hivemq-platform] [hivemq] [91706ed0] INFO  - Shutdown completed.
2025-01-27 17:08:32,934 INFO c.h.h.t.HelmChartContainer - [test-hivemq-platform] [hivemq] [91706ed0] INFO  - [HiveMQ Platform Operator Init App 1.7.0-SNAPSHOT] The HiveMQ Platform exited with code 143
2025-01-27 17:08:32,934 INFO c.h.h.t.HelmChartContainer - [test-hivemq-platform] [hivemq] [91706ed0] INFO  - [HiveMQ Platform Operator Init App 1.7.0-SNAPSHOT] Stopping the REST API
2025-01-27 17:08:32,980 INFO c.h.h.t.HelmChartContainer - [test-hivemq-platform] [hivemq] [91706ed0] INFO  - [HiveMQ Platform Operator Init App 1.7.0-SNAPSHOT] Shutdown complete
2025-01-27 17:08:33,327 INFO c.h.h.t.HelmChartContainer - [K3S] [stateful_set.go:466] "StatefulSet has been deleted" key="helmcustomextensionit/test-hivemq-platform"
2025-01-27 17:08:33,448 INFO c.h.h.t.HelmChartContainer - [POD] test-hivemq-platform-0 [91706ed0-82c4-4b78-87df-0fe23b32cdca] in helmcustomextensionit was MODIFIED
2025-01-27 17:08:33,464 INFO c.h.h.t.HelmChartContainer - [K3S] [replica_set.go:679] "Finished syncing" kind="ReplicaSet" key="helmcustomextensionit/nginx-65f867776f" duration="7.154µs"
2025-01-27 17:08:33,478 INFO c.h.h.t.HelmChartContainer - [POD] nginx-65f867776f-qmpl5 [00c74ee3-6b8b-411d-96ac-277c606c5351] in helmcustomextensionit was MODIFIED
2025-01-27 17:08:33,483 INFO c.h.h.t.HelmChartContainer - [nginx-65f867776f-qmp] [nginx] [00c74ee3] 2025/01/27 17:08:33 [notice] 1#1: signal 3 (SIGQUIT) received, shutting down
2025-01-27 17:08:33,483 INFO c.h.h.t.HelmChartContainer - [nginx-65f867776f-qmp] [nginx] [00c74ee3] 2025/01/27 17:08:33 [notice] 30#30: gracefully shutting down
2025-01-27 17:08:33,484 INFO c.h.h.t.HelmChartContainer - [nginx-65f867776f-qmp] [nginx] [00c74ee3] 2025/01/27 17:08:33 [notice] 30#30: exiting
2025-01-27 17:08:33,484 INFO c.h.h.t.HelmChartContainer - [nginx-65f867776f-qmp] [nginx] [00c74ee3] 2025/01/27 17:08:33 [notice] 29#29: gracefully shutting down
2025-01-27 17:08:33,484 INFO c.h.h.t.HelmChartContainer - [nginx-65f867776f-qmp] [nginx] [00c74ee3] 2025/01/27 17:08:33 [notice] 29#29: exiting
2025-01-27 17:08:33,484 INFO c.h.h.t.HelmChartContainer - [nginx-65f867776f-qmp] [nginx] [00c74ee3] 2025/01/27 17:08:33 [notice] 29#29: exit
2025-01-27 17:08:33,484 INFO c.h.h.t.HelmChartContainer - [nginx-65f867776f-qmp] [nginx] [00c74ee3] 2025/01/27 17:08:33 [notice] 30#30: exit
2025-01-27 17:08:33,484 INFO c.h.h.t.HelmChartContainer - [nginx-65f867776f-qmp] [nginx] [00c74ee3] 2025/01/27 17:08:33 [notice] 32#32: gracefully shutting down
2025-01-27 17:08:33,484 INFO c.h.h.t.HelmChartContainer - [nginx-65f867776f-qmp] [nginx] [00c74ee3] 2025/01/27 17:08:33 [notice] 32#32: exiting
2025-01-27 17:08:33,484 INFO c.h.h.t.HelmChartContainer - [nginx-65f867776f-qmp] [nginx] [00c74ee3] 2025/01/27 17:08:33 [notice] 32#32: exit
2025-01-27 17:08:33,484 INFO c.h.h.t.HelmChartContainer - [nginx-65f867776f-qmp] [nginx] [00c74ee3] 2025/01/27 17:08:33 [notice] 31#31: gracefully shutting down
2025-01-27 17:08:33,484 INFO c.h.h.t.HelmChartContainer - [nginx-65f867776f-qmp] [nginx] [00c74ee3] 2025/01/27 17:08:33 [notice] 31#31: exiting
2025-01-27 17:08:33,484 INFO c.h.h.t.HelmChartContainer - [nginx-65f867776f-qmp] [nginx] [00c74ee3] 2025/01/27 17:08:33 [notice] 31#31: exit
2025-01-27 17:08:33,494 INFO c.h.h.t.HelmChartContainer - [nginx-65f867776f-qmp] [nginx] [00c74ee3] 2025/01/27 17:08:33 [notice] 1#1: signal 17 (SIGCHLD) received from 29
2025-01-27 17:08:33,494 INFO c.h.h.t.HelmChartContainer - [nginx-65f867776f-qmp] [nginx] [00c74ee3] 2025/01/27 17:08:33 [notice] 1#1: worker process 29 exited with code 0
2025-01-27 17:08:33,494 INFO c.h.h.t.HelmChartContainer - [nginx-65f867776f-qmp] [nginx] [00c74ee3] 2025/01/27 17:08:33 [notice] 1#1: signal 29 (SIGIO) received
2025-01-27 17:08:33,498 INFO c.h.h.t.HelmChartContainer - [nginx-65f867776f-qmp] [nginx] [00c74ee3] 2025/01/27 17:08:33 [notice] 1#1: signal 17 (SIGCHLD) received from 32
2025-01-27 17:08:33,498 INFO c.h.h.t.HelmChartContainer - [nginx-65f867776f-qmp] [nginx] [00c74ee3] 2025/01/27 17:08:33 [notice] 1#1: worker process 32 exited with code 0
2025-01-27 17:08:33,498 INFO c.h.h.t.HelmChartContainer - [nginx-65f867776f-qmp] [nginx] [00c74ee3] 2025/01/27 17:08:33 [notice] 1#1: signal 29 (SIGIO) received
2025-01-27 17:08:33,499 INFO c.h.h.t.HelmChartContainer - [nginx-65f867776f-qmp] [nginx] [00c74ee3] 2025/01/27 17:08:33 [notice] 1#1: signal 17 (SIGCHLD) received from 30
2025-01-27 17:08:33,499 INFO c.h.h.t.HelmChartContainer - [nginx-65f867776f-qmp] [nginx] [00c74ee3] 2025/01/27 17:08:33 [notice] 1#1: worker process 30 exited with code 0
2025-01-27 17:08:33,500 INFO c.h.h.t.HelmChartContainer - [nginx-65f867776f-qmp] [nginx] [00c74ee3] 2025/01/27 17:08:33 [notice] 1#1: signal 29 (SIGIO) received
2025-01-27 17:08:33,502 INFO c.h.h.t.HelmChartContainer - [nginx-65f867776f-qmp] [nginx] [00c74ee3] 2025/01/27 17:08:33 [notice] 1#1: signal 17 (SIGCHLD) received from 31
2025-01-27 17:08:33,502 INFO c.h.h.t.HelmChartContainer - [nginx-65f867776f-qmp] [nginx] [00c74ee3] 2025/01/27 17:08:33 [notice] 1#1: worker process 31 exited with code 0
2025-01-27 17:08:33,502 INFO c.h.h.t.HelmChartContainer - [nginx-65f867776f-qmp] [nginx] [00c74ee3] 2025/01/27 17:08:33 [notice] 1#1: exit
2025-01-27 17:08:33,587 INFO c.h.h.t.HelmChartContainer - [K3S] [scope.go:117] "RemoveContainer" containerID="81d26f07d5b2b235bf6fa7f29feb4ddfe2dd0488d651f474795ea0e75dd7ef5b"
2025-01-27 17:08:33,589 INFO c.h.h.t.HelmChartContainer - [K3S] [pod_container_deletor.go:80] "Container not found in pod's containers" containerID="15b72a027c67afae6d27571b3cb8c5f38f53ce037c1b8d8a623de0141fcd0f9c"
2025-01-27 17:08:33,617 INFO c.h.h.t.HelmChartContainer - [K3S] [reconciler_common.go:162] "operationExecutor.UnmountVolume started for volume \"broker-configuration\" (UniqueName: \"kubernetes.io/configmap/91706ed0-82c4-4b78-87df-0fe23b32cdca-broker-configuration\") pod \"91706ed0-82c4-4b78-87df-0fe23b32cdca\" (UID: \"91706ed0-82c4-4b78-87df-0fe23b32cdca\") "
2025-01-27 17:08:33,617 INFO c.h.h.t.HelmChartContainer - [K3S] [reconciler_common.go:162] "operationExecutor.UnmountVolume started for volume \"pod-info\" (UniqueName: \"kubernetes.io/configmap/91706ed0-82c4-4b78-87df-0fe23b32cdca-pod-info\") pod \"91706ed0-82c4-4b78-87df-0fe23b32cdca\" (UID: \"91706ed0-82c4-4b78-87df-0fe23b32cdca\") "
2025-01-27 17:08:33,617 INFO c.h.h.t.HelmChartContainer - [K3S] [reconciler_common.go:162] "operationExecutor.UnmountVolume started for volume \"kube-api-access-drl77\" (UniqueName: \"kubernetes.io/projected/91706ed0-82c4-4b78-87df-0fe23b32cdca-kube-api-access-drl77\") pod \"91706ed0-82c4-4b78-87df-0fe23b32cdca\" (UID: \"91706ed0-82c4-4b78-87df-0fe23b32cdca\") "
2025-01-27 17:08:33,617 INFO c.h.h.t.HelmChartContainer - [K3S] [reconciler_common.go:162] "operationExecutor.UnmountVolume started for volume \"operator-init\" (UniqueName: \"kubernetes.io/empty-dir/91706ed0-82c4-4b78-87df-0fe23b32cdca-operator-init\") pod \"91706ed0-82c4-4b78-87df-0fe23b32cdca\" (UID: \"91706ed0-82c4-4b78-87df-0fe23b32cdca\") "
2025-01-27 17:08:33,638 INFO c.h.h.t.HelmChartContainer - [POD] nginx-65f867776f-qmpl5 [00c74ee3-6b8b-411d-96ac-277c606c5351] in helmcustomextensionit was MODIFIED
2025-01-27 17:08:33,689 INFO c.h.h.t.HelmChartContainer - [K3S] [scope.go:117] "RemoveContainer" containerID="796c9413b4ea4b94adc7e7244a490710394559b266a1305635b5957f232c6912"
2025-01-27 17:08:33,692 INFO c.h.h.t.HelmChartContainer - [K3S] [scope.go:117] "RemoveContainer" containerID="81d26f07d5b2b235bf6fa7f29feb4ddfe2dd0488d651f474795ea0e75dd7ef5b"
2025-01-27 17:08:33,693 INFO c.h.h.t.HelmChartContainer - [K3S] [scope.go:117] "RemoveContainer" containerID="796c9413b4ea4b94adc7e7244a490710394559b266a1305635b5957f232c6912"
2025-01-27 17:08:33,717 INFO c.h.h.t.HelmChartContainer - [K3S] [reconciler_common.go:299] "Volume detached for volume \"kube-api-access-drl77\" (UniqueName: \"kubernetes.io/projected/91706ed0-82c4-4b78-87df-0fe23b32cdca-kube-api-access-drl77\") on node \"1d709a34904e\" DevicePath \"\""
2025-01-27 17:08:33,717 INFO c.h.h.t.HelmChartContainer - [K3S] [reconciler_common.go:299] "Volume detached for volume \"operator-init\" (UniqueName: \"kubernetes.io/empty-dir/91706ed0-82c4-4b78-87df-0fe23b32cdca-operator-init\") on node \"1d709a34904e\" DevicePath \"\""
2025-01-27 17:08:33,717 INFO c.h.h.t.HelmChartContainer - [K3S] [reconciler_common.go:299] "Volume detached for volume \"broker-configuration\" (UniqueName: \"kubernetes.io/configmap/91706ed0-82c4-4b78-87df-0fe23b32cdca-broker-configuration\") on node \"1d709a34904e\" DevicePath \"\""
2025-01-27 17:08:33,717 INFO c.h.h.t.HelmChartContainer - [K3S] [reconciler_common.go:299] "Volume detached for volume \"pod-info\" (UniqueName: \"kubernetes.io/configmap/91706ed0-82c4-4b78-87df-0fe23b32cdca-pod-info\") on node \"1d709a34904e\" DevicePath \"\""
2025-01-27 17:08:33,818 INFO c.h.h.t.HelmChartContainer - [K3S] [reconciler_common.go:162] "operationExecutor.UnmountVolume started for volume \"volume-hivemq-custom-test-extension-100\" (UniqueName: \"kubernetes.io/host-path/00c74ee3-6b8b-411d-96ac-277c606c5351-volume-hivemq-custom-test-extension-100\") pod \"00c74ee3-6b8b-411d-96ac-277c606c5351\" (UID: \"00c74ee3-6b8b-411d-96ac-277c606c5351\") "
2025-01-27 17:08:33,818 INFO c.h.h.t.HelmChartContainer - [K3S] [reconciler_common.go:162] "operationExecutor.UnmountVolume started for volume \"kube-api-access-nc6jl\" (UniqueName: \"kubernetes.io/projected/00c74ee3-6b8b-411d-96ac-277c606c5351-kube-api-access-nc6jl\") pod \"00c74ee3-6b8b-411d-96ac-277c606c5351\" (UID: \"00c74ee3-6b8b-411d-96ac-277c606c5351\") "
2025-01-27 17:08:33,901 INFO c.h.h.t.HelmChartContainer - [POD] test-hivemq-platform-0 [91706ed0-82c4-4b78-87df-0fe23b32cdca] in helmcustomextensionit was MODIFIED
2025-01-27 17:08:33,905 INFO c.h.h.t.HelmChartContainer - [POD] test-hivemq-platform-0 [91706ed0-82c4-4b78-87df-0fe23b32cdca] in helmcustomextensionit was DELETED
2025-01-27 17:08:33,918 INFO c.h.h.t.HelmChartContainer - [K3S] [reconciler_common.go:299] "Volume detached for volume \"volume-hivemq-custom-test-extension-100\" (UniqueName: \"kubernetes.io/host-path/00c74ee3-6b8b-411d-96ac-277c606c5351-volume-hivemq-custom-test-extension-100\") on node \"1d709a34904e\" DevicePath \"\""
2025-01-27 17:08:33,918 INFO c.h.h.t.HelmChartContainer - [K3S] [reconciler_common.go:299] "Volume detached for volume \"kube-api-access-nc6jl\" (UniqueName: \"kubernetes.io/projected/00c74ee3-6b8b-411d-96ac-277c606c5351-kube-api-access-nc6jl\") on node \"1d709a34904e\" DevicePath \"\""
2025-01-27 17:08:34,504 INFO c.h.h.t.HelmChartContainer - Stopped log watcher for nginx in pod nginx-65f867776f-qmpl5 [00c74ee3-6b8b-411d-96ac-277c606c5351]
2025-01-27 17:08:34,604 INFO c.h.h.t.HelmChartContainer - [POD] nginx-65f867776f-qmpl5 [00c74ee3-6b8b-411d-96ac-277c606c5351] in helmcustomextensionit was MODIFIED
2025-01-27 17:08:34,605 INFO c.h.h.t.HelmChartContainer - [POD] nginx-65f867776f-qmpl5 [00c74ee3-6b8b-411d-96ac-277c606c5351] in helmcustomextensionit was DELETED
2025-01-27 17:08:35,187 INFO c.h.h.t.HelmChartContainer - [K3S] [kubelet_volumes.go:163] "Cleaned up orphaned pod volumes dir" podUID="00c74ee3-6b8b-411d-96ac-277c606c5351" path="/var/lib/kubelet/pods/00c74ee3-6b8b-411d-96ac-277c606c5351/volumes"
2025-01-27 17:08:35,187 INFO c.h.h.t.HelmChartContainer - [K3S] [kubelet_volumes.go:163] "Cleaned up orphaned pod volumes dir" podUID="91706ed0-82c4-4b78-87df-0fe23b32cdca" path="/var/lib/kubelet/pods/91706ed0-82c4-4b78-87df-0fe23b32cdca/volumes"
2025-01-27 17:08:38,653 INFO c.h.h.t.HelmChartContainer - Namespace 'helmcustomextensionit' deleted
2025-01-27 17:08:38,653 INFO c.h.h.t.HelmChartContainer - Release 'test-hivemq-platform' in namespace 'helmcustomextensionit' is uninstalled
2025-01-27 17:08:38,653 INFO c.h.h.t.HelmChartContainer - Uninstalling release 'test-hivemq-platform-operator' in namespace 'helmcustomextensionit-operator'...
2025-01-27 17:08:38,653 DEBUG c.h.h.t.HelmChartContainer - Executing helm command: /bin/helm --kubeconfig /etc/rancher/k3s/k3s.yaml uninstall test-hivemq-platform-operator  --wait --timeout 5m0s --cascade foreground --namespace helmcustomextensionit-operator
2025-01-27 17:08:38,821 INFO c.h.h.t.HelmChartContainer - [K3S] [replica_set.go:679] "Finished syncing" kind="ReplicaSet" key="helmcustomextensionit-operator/hivemq-test-hivemq-platform-operator-6966f96d65" duration="8.793633ms"
2025-01-27 17:08:38,822 INFO c.h.h.t.HelmChartContainer - [K3S] [replica_set.go:679] "Finished syncing" kind="ReplicaSet" key="helmcustomextensionit-operator/hivemq-test-hivemq-platform-operator-6966f96d65" duration="52.548µs"
2025-01-27 17:08:38,842 INFO c.h.h.t.HelmChartContainer - [POD] hivemq-test-hivemq-platform-operator-6966f96d65-mqfn2 [47beabe9-3e85-4a8a-ad79-be5bb9e81249] in helmcustomextensionit-operator was MODIFIED
2025-01-27 17:08:38,849 INFO c.h.h.t.HelmChartContainer - [EVENT] Normal [Killing] Stopping container hivemq-platform-operator [helmcustomextensionit-operator:hivemq-test-hivemq-platform-operator-6966f96d65-mqfn2]
2025-01-27 17:08:38,850 INFO c.h.h.t.HelmChartContainer - Received Killing event for container hivemq-platform-operator in pod hivemq-test-hivemq-platform-operator-6966f96d65-mqfn2 [47beabe9-3e85-4a8a-ad79-be5bb9e81249]
2025-01-27 17:08:38,850 INFO c.h.h.t.HelmChartContainer - Container [hivemq-test-hivemq-platform-operator-6966f96d65-mqfn2] [hivemq-platform-operator] [47beabe9-3e85-4a8a-ad79-be5bb9e81249] was terminated
2025-01-27 17:08:38,850 INFO c.h.h.t.HelmChartContainer - Stopped log watcher for hivemq-platform-operator in pod hivemq-test-hivemq-platform-operator-6966f96d65-mqfn2 [47beabe9-3e85-4a8a-ad79-be5bb9e81249]
2025-01-27 17:08:38,852 INFO c.h.h.t.HelmChartContainer - [K3S] [replica_set.go:679] "Finished syncing" kind="ReplicaSet" key="helmcustomextensionit-operator/hivemq-test-hivemq-platform-operator-6966f96d65" duration="14.300366ms"
2025-01-27 17:08:38,852 INFO c.h.h.t.HelmChartContainer - [K3S] [replica_set.go:679] "Finished syncing" kind="ReplicaSet" key="helmcustomextensionit-operator/hivemq-test-hivemq-platform-operator-6966f96d65" duration="47.689µs"
2025-01-27 17:08:38,883 INFO c.h.h.t.HelmChartContainer - [hivemq-test-hivemq-platform] [hivemq-platform-operator] [47beabe9] 17:08:38.880 [application-shutdown-thread] INFO  c.h.p.o.HiveMQPlatformOperatorApplication - HiveMQ Platform Operator is stopping...
2025-01-27 17:08:38,883 INFO c.h.h.t.HelmChartContainer - [hivemq-test-hivemq-platform] [hivemq-platform-operator] [47beabe9] 17:08:38.881 [application-shutdown-thread] INFO  i.javaoperatorsdk.operator.Operator - Operator SDK 4.9.7 is shutting down...
2025-01-27 17:08:39,457 INFO c.h.h.t.HelmChartContainer - [EVENT] Warning [Unhealthy] Readiness probe failed: Get "http://10.42.0.8:8080/health/readiness": dial tcp 10.42.0.8:8080: connect: connection refused [helmcustomextensionit-operator:hivemq-test-hivemq-platform-operator-6966f96d65-mqfn2]
2025-01-27 17:08:39,457 INFO c.h.h.t.HelmChartContainer - Received Unhealthy event for container hivemq-platform-operator in pod hivemq-test-hivemq-platform-operator-6966f96d65-mqfn2 [47beabe9-3e85-4a8a-ad79-be5bb9e81249]
2025-01-27 17:08:39,486 INFO c.h.h.t.HelmChartContainer - [K3S] [replica_set.go:679] "Finished syncing" kind="ReplicaSet" key="helmcustomextensionit-operator/hivemq-test-hivemq-platform-operator-6966f96d65" duration="45.124µs"
2025-01-27 17:08:39,487 INFO c.h.h.t.HelmChartContainer - [POD] hivemq-test-hivemq-platform-operator-6966f96d65-mqfn2 [47beabe9-3e85-4a8a-ad79-be5bb9e81249] in helmcustomextensionit-operator was MODIFIED
2025-01-27 17:08:39,599 INFO c.h.h.t.HelmChartContainer - [K3S] [scope.go:117] "RemoveContainer" containerID="bdb5d385e313a627d9177b362d4afe4846e263edf2c5a188643a82ed03e56d59"
2025-01-27 17:08:39,603 INFO c.h.h.t.HelmChartContainer - [K3S] [scope.go:117] "RemoveContainer" containerID="bdb5d385e313a627d9177b362d4afe4846e263edf2c5a188643a82ed03e56d59"
2025-01-27 17:08:39,649 INFO c.h.h.t.HelmChartContainer - [K3S] [reconciler_common.go:162] "operationExecutor.UnmountVolume started for volume \"kube-api-access-n6rgl\" (UniqueName: \"kubernetes.io/projected/47beabe9-3e85-4a8a-ad79-be5bb9e81249-kube-api-access-n6rgl\") pod \"47beabe9-3e85-4a8a-ad79-be5bb9e81249\" (UID: \"47beabe9-3e85-4a8a-ad79-be5bb9e81249\") "
2025-01-27 17:08:39,750 INFO c.h.h.t.HelmChartContainer - [K3S] [reconciler_common.go:299] "Volume detached for volume \"kube-api-access-n6rgl\" (UniqueName: \"kubernetes.io/projected/47beabe9-3e85-4a8a-ad79-be5bb9e81249-kube-api-access-n6rgl\") on node \"1d709a34904e\" DevicePath \"\""
2025-01-27 17:08:39,912 INFO c.h.h.t.HelmChartContainer - [K3S] [replica_set.go:679] "Finished syncing" kind="ReplicaSet" key="helmcustomextensionit-operator/hivemq-test-hivemq-platform-operator-6966f96d65" duration="49.492µs"
2025-01-27 17:08:39,913 INFO c.h.h.t.HelmChartContainer - [POD] hivemq-test-hivemq-platform-operator-6966f96d65-mqfn2 [47beabe9-3e85-4a8a-ad79-be5bb9e81249] in helmcustomextensionit-operator was MODIFIED
2025-01-27 17:08:39,915 INFO c.h.h.t.HelmChartContainer - [POD] hivemq-test-hivemq-platform-operator-6966f96d65-mqfn2 [47beabe9-3e85-4a8a-ad79-be5bb9e81249] in helmcustomextensionit-operator was DELETED
2025-01-27 17:08:39,916 INFO c.h.h.t.HelmChartContainer - [K3S] [replica_set.go:679] "Finished syncing" kind="ReplicaSet" key="helmcustomextensionit-operator/hivemq-test-hivemq-platform-operator-6966f96d65" duration="41.628µs"
2025-01-27 17:08:39,926 INFO c.h.h.t.HelmChartContainer - [K3S] [replica_set.go:679] "Finished syncing" kind="ReplicaSet" key="helmcustomextensionit-operator/hivemq-test-hivemq-platform-operator-6966f96d65" duration="8.866µs"
2025-01-27 17:08:40,872 INFO c.h.h.t.HelmChartContainer - Deleting namespace 'helmcustomextensionit-operator'...
2025-01-27 17:08:41,187 INFO c.h.h.t.HelmChartContainer - [K3S] [kubelet_volumes.go:163] "Cleaned up orphaned pod volumes dir" podUID="47beabe9-3e85-4a8a-ad79-be5bb9e81249" path="/var/lib/kubelet/pods/47beabe9-3e85-4a8a-ad79-be5bb9e81249/volumes"
2025-01-27 17:08:43,614 INFO c.h.h.t.HelmChartContainer - [K3S] [namespace_controller.go:187] "Namespace has been deleted" namespace="helmcustomextensionit"
2025-01-27 17:08:46,094 INFO c.h.h.t.HelmChartContainer - Namespace 'helmcustomextensionit-operator' deleted
2025-01-27 17:08:46,094 INFO c.h.h.t.HelmChartContainer - Release 'test-hivemq-platform-operator' in namespace 'helmcustomextensionit-operator' is uninstalled
2025-01-27 17:08:47,023 INFO c.h.helmcharts.AbstractHelmChartIT - Removed unused containers:

2025-01-27 17:08:51,000 INFO c.h.h.t.HelmChartContainer - [K3S] [namespace_controller.go:187] "Namespace has been deleted" namespace="helmcustomextensionit-operator"
2025-01-27 17:08:53,229 INFO c.h.h.t.HelmChartContainer - [K3S] [scope.go:117] "RemoveContainer" containerID="f14e6fb269661270d787fa38d3b60fa34b41f3ac8e49e04f18c987730fecdb9d"
2025-01-27 17:08:56,186 INFO c.h.helmcharts.AbstractHelmChartIT - Removed unused snapshots:
Removing snapshot sha256:026a712f86a389a5fd74927b58e3b9c46d97b4685244a93cf8afd5dd2d926256
Removing snapshot sha256:03af251906410714c5aef9fa705b63f6bbc39c4a5e787de7361eeb18886c2ed2
Removing snapshot sha256:04586d725303b4dcbc0cdc42a56e7852bc8859e90a3b42def5c29ab6c5b2378a
Removing snapshot sha256:0c46b3b43cce082ce5ec34ffc6c294e0417d17b9d1e6f366d114b6aadc4f96dc
Removing snapshot sha256:0ce761beee59082d6ed5bcebd3a805b8ddd9b3426b617e4809e7fb7c6587ffec
Removing snapshot sha256:1021ef88c7974bfff89c5a0ec4fd3160daac6c48a075f74cff721f85dd104e68
Removing snapshot sha256:10aba4953ddc18145dd38e3704709bc464aa20af60b56fe52caaff4b68411e62
Removing snapshot sha256:12fcdb97878a8124028dd759e7639b77bca16c0f46aabea18189ae25af2554ab
Removing snapshot sha256:2573e0d8158209ed54ab25c87bcdcb00bd3d2539246960a3d592a1c599d70465
Removing snapshot sha256:362a8a37f8bbc31925a8146adcf7cf51f9882f5c1dcbef67c5baa03a297543c0
Removing snapshot sha256:3fa4ad33f0ddc8fd45b39b6b4640f82a3a83619606cd975bfe89d8710ad2d4cd
Removing snapshot sha256:43a7c979bbaba6838bc3102d6b10a1459f3ab050b87ccdfef84ef90cf43d3058
Removing snapshot sha256:4ab04491cdf0d3267f08206fe30bd48f49f94b9cab2f016d6739220f722a64af
Removing snapshot sha256:4b6068250e89c96f263060261819c7d912855bfbd64b3eb4c4a8483299b8c295
Removing snapshot sha256:54760460dde328a0df5fb97426e3821ea3128f2a777231b6e8478cdaf84d50a9
Removing snapshot sha256:580e69a0a8034ede1921139bbd2bfb72a69ebf276d008281896c32dd8bf74775
Removing snapshot sha256:5ad32423e4b556ca23e4a282f00b6c28ba2ec8ad2b7822350a080868a3597d3e
Removing snapshot sha256:5d30ba46b27fe37484567ccc5242cadc78217b8da605f3f195ef25cbf7487904
Removing snapshot sha256:5ec183755d09a0a54d0f83e5a705f28f1606fe75660c13148fe125e4f12af39f
Removing snapshot sha256:63ca1fbb43ae5034640e5e6cb3e083e05c290072c5366fcaa9d62435a4cced85
Removing snapshot sha256:67f702c6baae873bceb19487c8b1f27bd2b86077e4f2f0e480e6d60ab508b8f5
Removing snapshot sha256:6864348dd42806d552efdec384f1274be15e2d0c10ce44c1f04347af004c10a9
Removing snapshot sha256:6a5c61fb510761c10ccddf77ecf23fa96d242570167a28bbb87a5e7fd5860814
Removing snapshot sha256:6b6a1f10cca10ea08499c191fc025406a23858de44f58930b06dc6608ff034e5
Removing snapshot sha256:6c7dee8f2c39b84b7dc2711c01d33de93514d9055499173e9290176fbe484b6c
Removing snapshot sha256:82753493a6d61ded36556292f02f31841a14c20d2f279f19eaad65afb661d5cd
Removing snapshot sha256:8a10d3db42c505ee0fcfa98417bdd7e39b304f6bcc0a06bb1b220797ff2cc63c
Removing snapshot sha256:8ad081ee0d46efdea0492cd0bb527c50a8891276fd408ec1269522ac9d6d5580
Removing snapshot sha256:8d000d24138b9815652aa9b3ec8bc8b8a22299614320124bdfe6b30910da620f
Removing snapshot sha256:a21e5b12dbac529ad45d976eb9ce45c881f3bedcc500fb30aba1e52aa1813418
Removing snapshot sha256:a8d62a6e94dbe8920ecfafa3b3aff0ef70aa26ca929f90b110db998eec09bab5
Removing snapshot sha256:ad858b4eee2d8f479065d1b8c650e13c815e75b2e4503c05a67cdc8880b0975a
Removing snapshot sha256:b921e6c28969094157f9b8e7244677780319637afd14450b7cb6b2fdea558a0c
Removing snapshot sha256:bc27ecb5769a00e309cf99ebc763c4a4b958b618d1decc96ffac5bc05f02f5b7
Removing snapshot sha256:be3ccb6627a5332e309d45ef461d09b4879dd870c7394d89323d0ebc6ca6aa8a
Removing snapshot sha256:c261f7cbbc64211ee175ee47273acdb7b1a36a4450b397a064a8f2c026490095
Removing snapshot sha256:c34d9393647eea0c9e3557ab988efaf59f61d10a2a5613b439ef0958cca5ec10
Removing snapshot sha256:ccf3c4a0fa967a41c1c83497a2ce6fa5787965859df0adb32c4ca2cf7490bc2b
Removing snapshot sha256:cf92d33f869417309692088c341cd0f223c178ea78a125f757317b22aa8f90e9
Removing snapshot sha256:d0037344cf2fb078884f1849f6a1f8cf9a33a3b6139b6a85833e5ee528e1f9a8
Removing snapshot sha256:d3b36d5b79273b1e98e7700470eaeff05a882e777124d84cebcc1505b85ecb36
Removing snapshot sha256:d65a44a37914602d12c611e5e22a50f11451d847e63015cc1c2aef92dee777a4
Removing snapshot sha256:e2dc0bae2455930f23ae570e019b7f32edc75c0f2d71cab084db837ff9051796
Removing snapshot sha256:eccbd24a99c60cd9e86ee5305dbfc4a4dc89f5ab4fb1f06c8d64797cecedef34
Removing snapshot sha256:f144bb4c7c7f0d2aa7eeffd36d934ec40db1ee167be727e326aad9fdc616f475

]]></system-out>
  </testcase>
  <testcase name="platformChart_whenCustomExtensionIsConfigured_withHttps_thenStartsUpSuccessfully()" classname="com.hivemq.helmcharts.extensions.HelmCustomExtensionIT" time="110.139">
    <system-out><![CDATA[2025-01-27 17:08:56,190 INFO c.h.h.t.HelmChartContainer - Creating namespace 'helmcustomextensionit-operator'...
2025-01-27 17:08:56,195 INFO c.h.h.t.HelmChartContainer - Namespace 'helmcustomextensionit-operator' created
2025-01-27 17:08:56,195 INFO c.h.h.t.HelmChartContainer - Creating namespace 'helmcustomextensionit'...
2025-01-27 17:08:56,200 INFO c.h.h.t.HelmChartContainer - Namespace 'helmcustomextensionit' created
2025-01-27 17:08:56,267 DEBUG c.h.h.t.HelmChartContainer - Executing helm command: /bin/helm --kubeconfig /etc/rancher/k3s/k3s.yaml install test-hivemq-platform-operator /charts/hivemq-platform-operator --wait --timeout 5m0s --set image.repository=docker.io/hivemq --set image.name=hivemq-platform-operator-test --set image.initImageName=hivemq-platform-operator-init-test --set image.tag=snapshot --set image.pullPolicy=Never --set logLevel=DEBUG --set resources.cpu=512m --namespace helmcustomextensionit-operator
2025-01-27 17:08:56,617 INFO c.h.h.t.HelmChartContainer - [K3S] [alloc.go:330] "allocated clusterIPs" service="helmcustomextensionit-operator/hivemq-platform-operator-test-hivemq-platform-operator" clusterIPs={"IPv4":"10.43.47.188"}
2025-01-27 17:08:56,635 INFO c.h.h.t.HelmChartContainer - [EVENT] Normal [ScalingReplicaSet] Scaled up replica set hivemq-test-hivemq-platform-operator-6966f96d65 from 0 to 1 [helmcustomextensionit-operator:hivemq-test-hivemq-platform-operator]
2025-01-27 17:08:56,643 INFO c.h.h.t.HelmChartContainer - [POD] hivemq-test-hivemq-platform-operator-6966f96d65-5ltqt [ce180b12-3323-465e-80e5-87e103232d4e] in helmcustomextensionit-operator was ADDED
2025-01-27 17:08:56,653 INFO c.h.h.t.HelmChartContainer - [K3S] [replica_set.go:679] "Finished syncing" kind="ReplicaSet" key="helmcustomextensionit-operator/hivemq-test-hivemq-platform-operator-6966f96d65" duration="21.777605ms"
2025-01-27 17:08:56,656 INFO c.h.h.t.HelmChartContainer - [EVENT] Normal [SuccessfulCreate] Created pod: hivemq-test-hivemq-platform-operator-6966f96d65-5ltqt [helmcustomextensionit-operator:hivemq-test-hivemq-platform-operator-6966f96d65]
2025-01-27 17:08:56,656 INFO c.h.h.t.HelmChartContainer - [POD] hivemq-test-hivemq-platform-operator-6966f96d65-5ltqt [ce180b12-3323-465e-80e5-87e103232d4e] in helmcustomextensionit-operator was MODIFIED
2025-01-27 17:08:56,657 INFO c.h.h.t.HelmChartContainer - [K3S] [memory_manager.go:355] "RemoveStaleState removing state" podUID="91706ed0-82c4-4b78-87df-0fe23b32cdca" containerName="hivemq"
2025-01-27 17:08:56,657 INFO c.h.h.t.HelmChartContainer - [K3S] [memory_manager.go:355] "RemoveStaleState removing state" podUID="47beabe9-3e85-4a8a-ad79-be5bb9e81249" containerName="hivemq-platform-operator"
2025-01-27 17:08:56,657 INFO c.h.h.t.HelmChartContainer - [K3S] [memory_manager.go:355] "RemoveStaleState removing state" podUID="00c74ee3-6b8b-411d-96ac-277c606c5351" containerName="nginx"
2025-01-27 17:08:56,660 INFO c.h.h.t.HelmChartContainer - [EVENT] Normal [Scheduled] Successfully assigned helmcustomextensionit-operator/hivemq-test-hivemq-platform-operator-6966f96d65-5ltqt to 1d709a34904e [helmcustomextensionit-operator:hivemq-test-hivemq-platform-operator-6966f96d65-5ltqt]
2025-01-27 17:08:56,674 INFO c.h.h.t.HelmChartContainer - [K3S] [replica_set.go:679] "Finished syncing" kind="ReplicaSet" key="helmcustomextensionit-operator/hivemq-test-hivemq-platform-operator-6966f96d65" duration="21.21895ms"
2025-01-27 17:08:56,675 INFO c.h.h.t.HelmChartContainer - [POD] hivemq-test-hivemq-platform-operator-6966f96d65-5ltqt [ce180b12-3323-465e-80e5-87e103232d4e] in helmcustomextensionit-operator was MODIFIED
2025-01-27 17:08:56,692 INFO c.h.h.t.HelmChartContainer - [K3S] [replica_set.go:679] "Finished syncing" kind="ReplicaSet" key="helmcustomextensionit-operator/hivemq-test-hivemq-platform-operator-6966f96d65" duration="17.360122ms"
2025-01-27 17:08:56,692 INFO c.h.h.t.HelmChartContainer - [K3S] [replica_set.go:679] "Finished syncing" kind="ReplicaSet" key="helmcustomextensionit-operator/hivemq-test-hivemq-platform-operator-6966f96d65" duration="144.981µs"
2025-01-27 17:08:56,761 INFO c.h.h.t.HelmChartContainer - [K3S] [reconciler_common.go:251] "operationExecutor.VerifyControllerAttachedVolume started for volume \"kube-api-access-mmdsg\" (UniqueName: \"kubernetes.io/projected/ce180b12-3323-465e-80e5-87e103232d4e-kube-api-access-mmdsg\") pod \"hivemq-test-hivemq-platform-operator-6966f96d65-5ltqt\" (UID: \"ce180b12-3323-465e-80e5-87e103232d4e\") " pod="helmcustomextensionit-operator/hivemq-test-hivemq-platform-operator-6966f96d65-5ltqt"
2025-01-27 17:08:57,047 INFO c.h.h.t.HelmChartContainer - [EVENT] Normal [Pulled] Container image "docker.io/hivemq/hivemq-platform-operator-test:snapshot" already present on machine [helmcustomextensionit-operator:hivemq-test-hivemq-platform-operator-6966f96d65-5ltqt]
2025-01-27 17:08:57,047 INFO c.h.h.t.HelmChartContainer - Received Pulled event for container hivemq-platform-operator in pod hivemq-test-hivemq-platform-operator-6966f96d65-5ltqt [ce180b12-3323-465e-80e5-87e103232d4e]
2025-01-27 17:08:58,306 INFO c.h.h.t.HelmChartContainer - [EVENT] Normal [Created] Created container: hivemq-platform-operator [helmcustomextensionit-operator:hivemq-test-hivemq-platform-operator-6966f96d65-5ltqt]
2025-01-27 17:08:58,307 INFO c.h.h.t.HelmChartContainer - Received Created event for container hivemq-platform-operator in pod hivemq-test-hivemq-platform-operator-6966f96d65-5ltqt [ce180b12-3323-465e-80e5-87e103232d4e]
2025-01-27 17:08:58,647 INFO c.h.h.t.HelmChartContainer - [K3S] [replica_set.go:679] "Finished syncing" kind="ReplicaSet" key="helmcustomextensionit-operator/hivemq-test-hivemq-platform-operator-6966f96d65" duration="43.141µs"
2025-01-27 17:08:58,652 INFO c.h.h.t.HelmChartContainer - [POD] hivemq-test-hivemq-platform-operator-6966f96d65-5ltqt [ce180b12-3323-465e-80e5-87e103232d4e] in helmcustomextensionit-operator was MODIFIED
2025-01-27 17:08:58,656 INFO c.h.h.t.HelmChartContainer - [EVENT] Normal [Started] Started container hivemq-platform-operator [helmcustomextensionit-operator:hivemq-test-hivemq-platform-operator-6966f96d65-5ltqt]
2025-01-27 17:08:58,656 INFO c.h.h.t.HelmChartContainer - Started log watcher for hivemq-platform-operator in pod hivemq-test-hivemq-platform-operator-6966f96d65-5ltqt [ce180b12-3323-465e-80e5-87e103232d4e]
2025-01-27 17:08:58,657 INFO c.h.h.t.HelmChartContainer - Received Started event for container hivemq-platform-operator in pod hivemq-test-hivemq-platform-operator-6966f96d65-5ltqt [ce180b12-3323-465e-80e5-87e103232d4e]
2025-01-27 17:08:58,658 INFO c.h.h.t.HelmChartContainer - [hivemq-test-hivemq-platform] [hivemq-platform-operator] [ce180b12] -------------------------------------------------------------------------
2025-01-27 17:08:58,658 INFO c.h.h.t.HelmChartContainer - [hivemq-test-hivemq-platform] [hivemq-platform-operator] [ce180b12] 
2025-01-27 17:08:58,658 INFO c.h.h.t.HelmChartContainer - [hivemq-test-hivemq-platform] [hivemq-platform-operator] [ce180b12]                   _    _  _              __  __   ____
2025-01-27 17:08:58,658 INFO c.h.h.t.HelmChartContainer - [hivemq-test-hivemq-platform] [hivemq-platform-operator] [ce180b12]                  | |  | |(_)            |  \/  | / __ \
2025-01-27 17:08:58,658 INFO c.h.h.t.HelmChartContainer - [hivemq-test-hivemq-platform] [hivemq-platform-operator] [ce180b12]                  | |__| | _ __   __ ___ | \  / || |  | |
2025-01-27 17:08:58,658 INFO c.h.h.t.HelmChartContainer - [hivemq-test-hivemq-platform] [hivemq-platform-operator] [ce180b12]                  |  __  || |\ \ / // _ \| |\/| || |  | |
2025-01-27 17:08:58,658 INFO c.h.h.t.HelmChartContainer - [hivemq-test-hivemq-platform] [hivemq-platform-operator] [ce180b12]                  | |  | || | \ V /|  __/| |  | || |__| |
2025-01-27 17:08:58,658 INFO c.h.h.t.HelmChartContainer - [hivemq-test-hivemq-platform] [hivemq-platform-operator] [ce180b12]                  |_|  |_||_|  \_/  \___||_|  |_| \___\_\
2025-01-27 17:08:58,658 INFO c.h.h.t.HelmChartContainer - [hivemq-test-hivemq-platform] [hivemq-platform-operator] [ce180b12] 
2025-01-27 17:08:58,658 INFO c.h.h.t.HelmChartContainer - [hivemq-test-hivemq-platform] [hivemq-platform-operator] [ce180b12] -------------------------------------------------------------------------
2025-01-27 17:08:58,658 INFO c.h.h.t.HelmChartContainer - [hivemq-test-hivemq-platform] [hivemq-platform-operator] [ce180b12] 
2025-01-27 17:08:58,658 INFO c.h.h.t.HelmChartContainer - [hivemq-test-hivemq-platform] [hivemq-platform-operator] [ce180b12]   HiveMQ Platform Operator Start Script v1.0
2025-01-27 17:08:58,658 INFO c.h.h.t.HelmChartContainer - [hivemq-test-hivemq-platform] [hivemq-platform-operator] [ce180b12] 
2025-01-27 17:08:58,658 INFO c.h.h.t.HelmChartContainer - [hivemq-test-hivemq-platform] [hivemq-platform-operator] [ce180b12] -------------------------------------------------------------------------
2025-01-27 17:08:58,658 INFO c.h.h.t.HelmChartContainer - [hivemq-test-hivemq-platform] [hivemq-platform-operator] [ce180b12] 
2025-01-27 17:08:58,658 INFO c.h.h.t.HelmChartContainer - [hivemq-test-hivemq-platform] [hivemq-platform-operator] [ce180b12]   JAVA_OPTS: -XX:+UnlockExperimentalVMOptions -XX:InitialRAMPercentage=75 -XX:MaxRAMPercentage=75 -Duser.language=en -Duser.region=US
2025-01-27 17:08:58,658 INFO c.h.h.t.HelmChartContainer - [hivemq-test-hivemq-platform] [hivemq-platform-operator] [ce180b12] 
2025-01-27 17:08:58,658 INFO c.h.h.t.HelmChartContainer - [hivemq-test-hivemq-platform] [hivemq-platform-operator] [ce180b12]   JAVA_VERSION: 21
2025-01-27 17:08:58,658 INFO c.h.h.t.HelmChartContainer - [hivemq-test-hivemq-platform] [hivemq-platform-operator] [ce180b12] 
2025-01-27 17:08:58,658 INFO c.h.h.t.HelmChartContainer - [hivemq-test-hivemq-platform] [hivemq-platform-operator] [ce180b12] -------------------------------------------------------------------------
2025-01-27 17:08:58,658 INFO c.h.h.t.HelmChartContainer - [hivemq-test-hivemq-platform] [hivemq-platform-operator] [ce180b12] 
2025-01-27 17:09:01,940 INFO c.h.h.t.HelmChartContainer - [hivemq-test-hivemq-platform] [hivemq-platform-operator] [ce180b12] 17:09:01.937 [main] DEBUG org.jboss.logging - Logging Provider: org.jboss.logging.Slf4jLoggerProvider
2025-01-27 17:09:02,040 INFO c.h.h.t.HelmChartContainer - [hivemq-test-hivemq-platform] [hivemq-platform-operator] [ce180b12] 17:09:02.038 [main] DEBUG io.smallrye.config - SRCFG01006: Loaded ConfigSource SysPropConfigSource with ordinal 400
2025-01-27 17:09:02,040 INFO c.h.h.t.HelmChartContainer - [hivemq-test-hivemq-platform] [hivemq-platform-operator] [ce180b12] 17:09:02.039 [main] DEBUG io.smallrye.config - SRCFG01006: Loaded ConfigSource EnvConfigSource with ordinal 300
2025-01-27 17:09:02,040 INFO c.h.h.t.HelmChartContainer - [hivemq-test-hivemq-platform] [hivemq-platform-operator] [ce180b12] 17:09:02.039 [main] DEBUG io.smallrye.config - SRCFG01006: Loaded ConfigSource PropertiesConfigSource[source=jar:file:///opt/hivemq-platform-operator/bin/hivemq-platform-operator.jar!/hivemq-platform-operator.properties] with ordinal 100
2025-01-27 17:09:02,040 INFO c.h.h.t.HelmChartContainer - [hivemq-test-hivemq-platform] [hivemq-platform-operator] [ce180b12] 17:09:02.039 [main] DEBUG io.smallrye.config - SRCFG01006: Loaded ConfigSource DefaultValuesConfigSource with ordinal -2147483648
2025-01-27 17:09:02,140 INFO c.h.h.t.HelmChartContainer - [hivemq-test-hivemq-platform] [hivemq-platform-operator] [ce180b12] 17:09:02.139 [main] DEBUG i.m.c.u.i.l.InternalLoggerFactory - Using SLF4J as the default logging framework
2025-01-27 17:09:02,254 INFO c.h.h.t.HelmChartContainer - [hivemq-test-hivemq-platform] [hivemq-platform-operator] [ce180b12] 17:09:02.245 [main] INFO  c.h.p.o.HiveMQPlatformOperatorApplication - HiveMQ Platform Operator 1.7.0-SNAPSHOT (commit: bebf408 on branch: HEAD) built on Sun Jan 26 20:47:47 UTC 2025
2025-01-27 17:09:02,255 INFO c.h.h.t.HelmChartContainer - [hivemq-test-hivemq-platform] [hivemq-platform-operator] [ce180b12] 17:09:02.254 [main] INFO  c.h.p.o.HiveMQPlatformOperatorApplication - HiveMQ Platform Operator is running in namespace: helmcustomextensionit-operator
2025-01-27 17:09:02,255 INFO c.h.h.t.HelmChartContainer - [hivemq-test-hivemq-platform] [hivemq-platform-operator] [ce180b12] 17:09:02.254 [main] INFO  c.h.p.o.HiveMQPlatformOperatorApplication - Watching all namespaces
2025-01-27 17:09:02,256 INFO c.h.h.t.HelmChartContainer - [hivemq-test-hivemq-platform] [hivemq-platform-operator] [ce180b12] 17:09:02.254 [main] INFO  c.h.p.o.HiveMQPlatformOperatorApplication - Log level: DEBUG
2025-01-27 17:09:02,256 INFO c.h.h.t.HelmChartContainer - [hivemq-test-hivemq-platform] [hivemq-platform-operator] [ce180b12] 17:09:02.254 [main] INFO  c.h.p.o.HiveMQPlatformOperatorApplication - Release name: test-hivemq-platform-operator
2025-01-27 17:09:02,256 INFO c.h.h.t.HelmChartContainer - [hivemq-test-hivemq-platform] [hivemq-platform-operator] [ce180b12] 17:09:02.254 [main] INFO  c.h.p.o.HiveMQPlatformOperatorApplication - HiveMQ Platform Operator Init image: docker.io/hivemq/hivemq-platform-operator-init-test:snapshot
2025-01-27 17:09:02,256 INFO c.h.h.t.HelmChartContainer - [hivemq-test-hivemq-platform] [hivemq-platform-operator] [ce180b12] 17:09:02.254 [main] INFO  c.h.p.o.HiveMQPlatformOperatorApplication - HiveMQ Platform Operator Init App update URL: http://hivemq-platform-operator-test-hivemq-platform-operator.helmcustomextensionit-operator.svc:8080/initAppUpdate/hivemq-platform-operator-init-app-1.7.0-SNAPSHOT.jar
2025-01-27 17:09:02,256 INFO c.h.h.t.HelmChartContainer - [hivemq-test-hivemq-platform] [hivemq-platform-operator] [ce180b12] 17:09:02.254 [main] INFO  c.h.p.o.HiveMQPlatformOperatorApplication - Additional imagePullSecret for all Platform deployments: none
2025-01-27 17:09:02,256 INFO c.h.h.t.HelmChartContainer - [hivemq-test-hivemq-platform] [hivemq-platform-operator] [ce180b12] 17:09:02.254 [main] INFO  c.h.p.o.HiveMQPlatformOperatorApplication - Apply HiveMQ Platform CRD: true
2025-01-27 17:09:02,256 INFO c.h.h.t.HelmChartContainer - [hivemq-test-hivemq-platform] [hivemq-platform-operator] [ce180b12] 17:09:02.254 [main] INFO  c.h.p.o.HiveMQPlatformOperatorApplication - Create Platform ServiceAccount: true
2025-01-27 17:09:02,256 INFO c.h.h.t.HelmChartContainer - [hivemq-test-hivemq-platform] [hivemq-platform-operator] [ce180b12] 17:09:02.254 [main] INFO  c.h.p.o.HiveMQPlatformOperatorApplication - Create Platform ServiceAccount permissions: true
2025-01-27 17:09:02,256 INFO c.h.h.t.HelmChartContainer - [hivemq-test-hivemq-platform] [hivemq-platform-operator] [ce180b12] 17:09:02.255 [main] INFO  c.h.p.o.HiveMQPlatformOperatorApplication - Validate Platform ServiceAccount: true
2025-01-27 17:09:02,256 INFO c.h.h.t.HelmChartContainer - [hivemq-test-hivemq-platform] [hivemq-platform-operator] [ce180b12] 17:09:02.255 [main] INFO  c.h.p.o.HiveMQPlatformOperatorApplication - Validate Platform ServiceAccount permissions: true
2025-01-27 17:09:02,440 INFO c.h.h.t.HelmChartContainer - [hivemq-test-hivemq-platform] [hivemq-platform-operator] [ce180b12] 17:09:02.439 [main] INFO  c.h.platform.operator.util.CRDUtil - Verifying deployed HiveMQ Platform CRD...
2025-01-27 17:09:05,053 INFO c.h.h.t.HelmChartContainer - [hivemq-test-hivemq-platform] [hivemq-platform-operator] [ce180b12] 17:09:05.052 [main] DEBUG c.h.platform.operator.util.CRDUtil - HiveMQ Platform CRD version v1 is up to date
2025-01-27 17:09:05,053 INFO c.h.h.t.HelmChartContainer - [hivemq-test-hivemq-platform] [hivemq-platform-operator] [ce180b12] 17:09:05.052 [main] INFO  c.h.platform.operator.util.CRDUtil - HiveMQ Platform CRD is up to date (version: V1_6_0)
2025-01-27 17:09:05,087 INFO c.h.h.t.HelmChartContainer - [hivemq-test-hivemq-platform] [hivemq-platform-operator] [ce180b12] 17:09:05.052 [main] INFO  c.h.platform.operator.util.CRDUtil - Waiting 10000 ms for HiveMQ Platform CRD 'hivemq-platforms.hivemq.com' to become ready...
2025-01-27 17:09:05,442 INFO c.h.h.t.HelmChartContainer - [hivemq-test-hivemq-platform] [hivemq-platform-operator] [ce180b12] 17:09:05.440 [vert.x-eventloop-thread-1] DEBUG c.h.platform.operator.util.CRDUtil - Checking CRD condition 'NamesAccepted' (status: 'True')
2025-01-27 17:09:05,443 INFO c.h.h.t.HelmChartContainer - [hivemq-test-hivemq-platform] [hivemq-platform-operator] [ce180b12] 17:09:05.441 [vert.x-eventloop-thread-1] DEBUG c.h.platform.operator.util.CRDUtil - Checking CRD condition 'Established' (status: 'True')
2025-01-27 17:09:05,443 INFO c.h.h.t.HelmChartContainer - [hivemq-test-hivemq-platform] [hivemq-platform-operator] [ce180b12] 17:09:05.441 [main] INFO  c.h.platform.operator.util.CRDUtil - HiveMQ Platform CRD 'hivemq-platforms.hivemq.com' is ready
2025-01-27 17:09:05,589 INFO c.h.h.t.HelmChartContainer - [hivemq-test-hivemq-platform] [hivemq-platform-operator] [ce180b12] 17:09:05.588 [main] INFO  c.h.p.o.HiveMQPlatformReconciler - HiveMQ Platform Operator is starting...
2025-01-27 17:09:05,740 INFO c.h.h.t.HelmChartContainer - [hivemq-test-hivemq-platform] [hivemq-platform-operator] [ce180b12] 17:09:05.739 [main] WARN  Default ConfigurationService implementation - Configuration for reconciler 'hivemq-controller' was not found. Known reconcilers: None.
2025-01-27 17:09:05,748 INFO c.h.h.t.HelmChartContainer - [hivemq-test-hivemq-platform] [hivemq-platform-operator] [ce180b12] 17:09:05.747 [main] INFO  Default ConfigurationService implementation - Created configuration for reconciler com.hivemq.platform.operator.HiveMQPlatformReconciler with name hivemq-controller
2025-01-27 17:09:05,890 INFO c.h.h.t.HelmChartContainer - [hivemq-test-hivemq-platform] [hivemq-platform-operator] [ce180b12] 17:09:05.889 [main] DEBUG c.h.p.o.HiveMQPlatformReconciler - HiveMQ Platform Operator is preparing EventSources
2025-01-27 17:09:05,948 INFO c.h.h.t.HelmChartContainer - [hivemq-test-hivemq-platform] [hivemq-platform-operator] [ce180b12] 17:09:05.947 [main] INFO  i.javaoperatorsdk.operator.Operator - Registered reconciler: 'hivemq-controller' for resource: 'class com.hivemq.platform.operator.v1.HiveMQPlatform' for namespace(s): [all namespaces]
2025-01-27 17:09:06,554 INFO c.h.h.t.HelmChartContainer - [hivemq-test-hivemq-platform] [hivemq-platform-operator] [ce180b12] 17:09:06.553 [main] INFO  c.h.p.operator.webserver.JettyServer - Starting Jetty server on port 8080
2025-01-27 17:09:06,654 INFO c.h.h.t.HelmChartContainer - [hivemq-test-hivemq-platform] [hivemq-platform-operator] [ce180b12] 17:09:06.652 [main] INFO  i.javaoperatorsdk.operator.Operator - Operator SDK 4.9.7 (commit: 2133d28) built on Wed Nov 20 12:56:20 UTC 2024 starting...
2025-01-27 17:09:06,654 INFO c.h.h.t.HelmChartContainer - [hivemq-test-hivemq-platform] [hivemq-platform-operator] [ce180b12] 17:09:06.652 [main] INFO  i.javaoperatorsdk.operator.Operator - Client version: 6.13.4
2025-01-27 17:09:06,655 INFO c.h.h.t.HelmChartContainer - [hivemq-test-hivemq-platform] [hivemq-platform-operator] [ce180b12] 17:09:06.654 [Controller Starter for: hivemq-controller] INFO  i.j.operator.processing.Controller - Starting 'hivemq-controller' controller for reconciler: com.hivemq.platform.operator.HiveMQPlatformReconciler, resource: com.hivemq.platform.operator.v1.HiveMQPlatform
2025-01-27 17:09:09,188 INFO c.h.h.t.HelmChartContainer - [hivemq-test-hivemq-platform] [hivemq-platform-operator] [ce180b12] 17:09:09.186 [Controller Starter for: hivemq-controller] INFO  i.j.operator.processing.Controller - 'hivemq-controller' controller started
2025-01-27 17:09:09,188 INFO c.h.h.t.HelmChartContainer - [hivemq-test-hivemq-platform] [hivemq-platform-operator] [ce180b12] 17:09:09.187 [main] INFO  c.h.p.o.HiveMQPlatformOperatorApplication - HiveMQ Platform Operator 1.7.0-SNAPSHOT started in 6941 ms
2025-01-27 17:09:10,647 INFO c.h.h.t.HelmChartContainer - [POD] hivemq-test-hivemq-platform-operator-6966f96d65-5ltqt [ce180b12-3323-465e-80e5-87e103232d4e] in helmcustomextensionit-operator was MODIFIED
2025-01-27 17:09:10,655 INFO c.h.h.t.HelmChartContainer - [K3S] [replica_set.go:679] "Finished syncing" kind="ReplicaSet" key="helmcustomextensionit-operator/hivemq-test-hivemq-platform-operator-6966f96d65" duration="9.329646ms"
2025-01-27 17:09:10,655 INFO c.h.h.t.HelmChartContainer - [K3S] [replica_set.go:679] "Finished syncing" kind="ReplicaSet" key="helmcustomextensionit-operator/hivemq-test-hivemq-platform-operator-6966f96d65" duration="34.584µs"
2025-01-27 17:09:12,692 DEBUG c.h.helmcharts.util.HiveMQExtension - Trying to package class 'org.slf4j.Logger' into extension 'hivemq-custom-test-extension'
2025-01-27 17:09:12,693 DEBUG c.h.helmcharts.util.HiveMQExtension - Trying to package class 'com.hivemq.extension.sdk.api.ExtensionMain' into extension 'hivemq-custom-test-extension'
2025-01-27 17:09:12,694 DEBUG c.h.helmcharts.util.HiveMQExtension - Trying to compile class '/home/runner/work/helm-charts/helm-charts/helm-charts/tests-hivemq-platform-operator/src/integrationTest/java/com/hivemq/helmcharts/extensions/custom/CustomTestExtensionMain.java' into extension 'hivemq-custom-test-extension'
2025-01-27 17:09:12,913 DEBUG c.h.helmcharts.util.HiveMQExtension - Trying to package class 'org.slf4j.LoggerFactory' into extension 'hivemq-custom-test-extension'
2025-01-27 17:09:12,966 INFO c.h.h.t.HelmChartContainer - [K3S] [alloc.go:330] "allocated clusterIPs" service="helmcustomextensionit/nginx-service" clusterIPs={"IPv4":"10.43.143.57"}
2025-01-27 17:09:12,972 INFO c.h.h.t.HelmChartContainer - [EVENT] Normal [ScalingReplicaSet] Scaled up replica set nginx-76b85b66c4 from 0 to 1 [helmcustomextensionit:nginx]
2025-01-27 17:09:12,975 INFO c.h.h.t.HelmChartContainer - [POD] nginx-76b85b66c4-fr8r7 [e7a423fd-d670-44d4-a4d0-63bfdebfc158] in helmcustomextensionit was ADDED
2025-01-27 17:09:12,977 INFO c.h.h.t.HelmChartContainer - [EVENT] Normal [SuccessfulCreate] Created pod: nginx-76b85b66c4-fr8r7 [helmcustomextensionit:nginx-76b85b66c4]
2025-01-27 17:09:12,988 INFO c.h.h.t.HelmChartContainer - [K3S] [replica_set.go:679] "Finished syncing" kind="ReplicaSet" key="helmcustomextensionit/nginx-76b85b66c4" duration="29.732221ms"
2025-01-27 17:09:12,996 INFO c.h.h.t.HelmChartContainer - [POD] nginx-76b85b66c4-fr8r7 [e7a423fd-d670-44d4-a4d0-63bfdebfc158] in helmcustomextensionit was MODIFIED
2025-01-27 17:09:12,999 INFO c.h.h.t.HelmChartContainer - [EVENT] Normal [Scheduled] Successfully assigned helmcustomextensionit/nginx-76b85b66c4-fr8r7 to 1d709a34904e [helmcustomextensionit:nginx-76b85b66c4-fr8r7]
2025-01-27 17:09:13,003 INFO c.h.h.t.HelmChartContainer - [K3S] [replica_set.go:679] "Finished syncing" kind="ReplicaSet" key="helmcustomextensionit/nginx-76b85b66c4" duration="14.430173ms"
2025-01-27 17:09:13,003 INFO c.h.h.t.HelmChartContainer - [K3S] [replica_set.go:679] "Finished syncing" kind="ReplicaSet" key="helmcustomextensionit/nginx-76b85b66c4" duration="26.249µs"
2025-01-27 17:09:13,004 INFO c.h.h.t.HelmChartContainer - [K3S] [replica_set.go:679] "Finished syncing" kind="ReplicaSet" key="helmcustomextensionit/nginx-76b85b66c4" duration="17.533µs"
2025-01-27 17:09:13,011 INFO c.h.h.t.HelmChartContainer - [POD] nginx-76b85b66c4-fr8r7 [e7a423fd-d670-44d4-a4d0-63bfdebfc158] in helmcustomextensionit was MODIFIED
2025-01-27 17:09:13,011 INFO c.h.h.t.HelmChartContainer - [K3S] [replica_set.go:679] "Finished syncing" kind="ReplicaSet" key="helmcustomextensionit/nginx-76b85b66c4" duration="24.456µs"
2025-01-27 17:09:13,163 INFO c.h.h.t.HelmChartContainer - [K3S] [reconciler_common.go:251] "operationExecutor.VerifyControllerAttachedVolume started for volume \"volume-hivemq-custom-test-extension-300\" (UniqueName: \"kubernetes.io/host-path/e7a423fd-d670-44d4-a4d0-63bfdebfc158-volume-hivemq-custom-test-extension-300\") pod \"nginx-76b85b66c4-fr8r7\" (UID: \"e7a423fd-d670-44d4-a4d0-63bfdebfc158\") " pod="helmcustomextensionit/nginx-76b85b66c4-fr8r7"
2025-01-27 17:09:13,163 INFO c.h.h.t.HelmChartContainer - [K3S] [reconciler_common.go:251] "operationExecutor.VerifyControllerAttachedVolume started for volume \"nginx-certificates\" (UniqueName: \"kubernetes.io/secret/e7a423fd-d670-44d4-a4d0-63bfdebfc158-nginx-certificates\") pod \"nginx-76b85b66c4-fr8r7\" (UID: \"e7a423fd-d670-44d4-a4d0-63bfdebfc158\") " pod="helmcustomextensionit/nginx-76b85b66c4-fr8r7"
2025-01-27 17:09:13,163 INFO c.h.h.t.HelmChartContainer - [K3S] [reconciler_common.go:251] "operationExecutor.VerifyControllerAttachedVolume started for volume \"nginx-https-conf\" (UniqueName: \"kubernetes.io/host-path/e7a423fd-d670-44d4-a4d0-63bfdebfc158-nginx-https-conf\") pod \"nginx-76b85b66c4-fr8r7\" (UID: \"e7a423fd-d670-44d4-a4d0-63bfdebfc158\") " pod="helmcustomextensionit/nginx-76b85b66c4-fr8r7"
2025-01-27 17:09:13,163 INFO c.h.h.t.HelmChartContainer - [K3S] [reconciler_common.go:251] "operationExecutor.VerifyControllerAttachedVolume started for volume \"kube-api-access-qqhrd\" (UniqueName: \"kubernetes.io/projected/e7a423fd-d670-44d4-a4d0-63bfdebfc158-kube-api-access-qqhrd\") pod \"nginx-76b85b66c4-fr8r7\" (UID: \"e7a423fd-d670-44d4-a4d0-63bfdebfc158\") " pod="helmcustomextensionit/nginx-76b85b66c4-fr8r7"
2025-01-27 17:09:13,383 INFO c.h.h.t.HelmChartContainer - [EVENT] Normal [Pulled] Container image "nginx:1.27.3" already present on machine [helmcustomextensionit:nginx-76b85b66c4-fr8r7]
2025-01-27 17:09:13,383 INFO c.h.h.t.HelmChartContainer - Received Pulled event for container nginx in pod nginx-76b85b66c4-fr8r7 [e7a423fd-d670-44d4-a4d0-63bfdebfc158]
2025-01-27 17:09:14,806 INFO c.h.h.t.HelmChartContainer - [EVENT] Normal [Created] Created container: nginx [helmcustomextensionit:nginx-76b85b66c4-fr8r7]
2025-01-27 17:09:14,806 INFO c.h.h.t.HelmChartContainer - Received Created event for container nginx in pod nginx-76b85b66c4-fr8r7 [e7a423fd-d670-44d4-a4d0-63bfdebfc158]
2025-01-27 17:09:15,673 INFO c.h.h.t.HelmChartContainer - [POD] nginx-76b85b66c4-fr8r7 [e7a423fd-d670-44d4-a4d0-63bfdebfc158] in helmcustomextensionit was MODIFIED
2025-01-27 17:09:15,677 INFO c.h.h.t.HelmChartContainer - [K3S] [replica_set.go:679] "Finished syncing" kind="ReplicaSet" key="helmcustomextensionit/nginx-76b85b66c4" duration="5.025229ms"
2025-01-27 17:09:15,681 INFO c.h.h.t.HelmChartContainer - [K3S] [replica_set.go:679] "Finished syncing" kind="ReplicaSet" key="helmcustomextensionit/nginx-76b85b66c4" duration="41.888µs"
2025-01-27 17:09:15,689 INFO c.h.h.t.HelmChartContainer - [EVENT] Normal [Started] Started container nginx [helmcustomextensionit:nginx-76b85b66c4-fr8r7]
2025-01-27 17:09:15,689 INFO c.h.h.t.HelmChartContainer - Received Started event for container nginx in pod nginx-76b85b66c4-fr8r7 [e7a423fd-d670-44d4-a4d0-63bfdebfc158]
2025-01-27 17:09:15,689 INFO c.h.h.t.HelmChartContainer - Started log watcher for nginx in pod nginx-76b85b66c4-fr8r7 [e7a423fd-d670-44d4-a4d0-63bfdebfc158]
2025-01-27 17:09:15,690 INFO c.h.h.t.HelmChartContainer - [nginx-76b85b66c4-fr8] [nginx] [e7a423fd] /docker-entrypoint.sh: /docker-entrypoint.d/ is not empty, will attempt to perform configuration
2025-01-27 17:09:15,691 INFO c.h.h.t.HelmChartContainer - [nginx-76b85b66c4-fr8] [nginx] [e7a423fd] /docker-entrypoint.sh: Looking for shell scripts in /docker-entrypoint.d/
2025-01-27 17:09:15,691 INFO c.h.h.t.HelmChartContainer - [nginx-76b85b66c4-fr8] [nginx] [e7a423fd] /docker-entrypoint.sh: Launching /docker-entrypoint.d/10-listen-on-ipv6-by-default.sh
2025-01-27 17:09:15,691 INFO c.h.h.t.HelmChartContainer - [nginx-76b85b66c4-fr8] [nginx] [e7a423fd] 10-listen-on-ipv6-by-default.sh: info: IPv6 listen already enabled
2025-01-27 17:09:15,691 INFO c.h.h.t.HelmChartContainer - [nginx-76b85b66c4-fr8] [nginx] [e7a423fd] /docker-entrypoint.sh: Sourcing /docker-entrypoint.d/15-local-resolvers.envsh
2025-01-27 17:09:15,691 INFO c.h.h.t.HelmChartContainer - [nginx-76b85b66c4-fr8] [nginx] [e7a423fd] /docker-entrypoint.sh: Launching /docker-entrypoint.d/20-envsubst-on-templates.sh
2025-01-27 17:09:15,691 INFO c.h.h.t.HelmChartContainer - [nginx-76b85b66c4-fr8] [nginx] [e7a423fd] /docker-entrypoint.sh: Launching /docker-entrypoint.d/30-tune-worker-processes.sh
2025-01-27 17:09:15,691 INFO c.h.h.t.HelmChartContainer - [nginx-76b85b66c4-fr8] [nginx] [e7a423fd] /docker-entrypoint.sh: Configuration complete; ready for start up
2025-01-27 17:09:15,691 INFO c.h.h.t.HelmChartContainer - [nginx-76b85b66c4-fr8] [nginx] [e7a423fd] 2025/01/27 17:09:14 [notice] 1#1: using the "epoll" event method
2025-01-27 17:09:15,691 INFO c.h.h.t.HelmChartContainer - [nginx-76b85b66c4-fr8] [nginx] [e7a423fd] 2025/01/27 17:09:14 [notice] 1#1: nginx/1.27.3
2025-01-27 17:09:15,691 INFO c.h.h.t.HelmChartContainer - [nginx-76b85b66c4-fr8] [nginx] [e7a423fd] 2025/01/27 17:09:14 [notice] 1#1: built by gcc 12.2.0 (Debian 12.2.0-14) 
2025-01-27 17:09:15,691 INFO c.h.h.t.HelmChartContainer - [nginx-76b85b66c4-fr8] [nginx] [e7a423fd] 2025/01/27 17:09:14 [notice] 1#1: OS: Linux 6.8.0-1020-azure
2025-01-27 17:09:15,691 INFO c.h.h.t.HelmChartContainer - [nginx-76b85b66c4-fr8] [nginx] [e7a423fd] 2025/01/27 17:09:14 [notice] 1#1: getrlimit(RLIMIT_NOFILE): 1048576:1048576
2025-01-27 17:09:15,691 INFO c.h.h.t.HelmChartContainer - [nginx-76b85b66c4-fr8] [nginx] [e7a423fd] 2025/01/27 17:09:14 [notice] 1#1: start worker processes
2025-01-27 17:09:15,691 INFO c.h.h.t.HelmChartContainer - [nginx-76b85b66c4-fr8] [nginx] [e7a423fd] 2025/01/27 17:09:14 [notice] 1#1: start worker process 22
2025-01-27 17:09:15,691 INFO c.h.h.t.HelmChartContainer - [nginx-76b85b66c4-fr8] [nginx] [e7a423fd] 2025/01/27 17:09:14 [notice] 1#1: start worker process 23
2025-01-27 17:09:15,691 INFO c.h.h.t.HelmChartContainer - [nginx-76b85b66c4-fr8] [nginx] [e7a423fd] 2025/01/27 17:09:14 [notice] 1#1: start worker process 24
2025-01-27 17:09:15,691 INFO c.h.h.t.HelmChartContainer - [nginx-76b85b66c4-fr8] [nginx] [e7a423fd] 2025/01/27 17:09:14 [notice] 1#1: start worker process 25
2025-01-27 17:09:16,977 INFO c.h.h.testcontainer.LogWaiterUtil - TEST Waiting for log pattern on 'test-hivemq-platform-0': .*Extension "HiveMQ Custom Test Extension" version 3.0.0 started successfully.
2025-01-27 17:09:17,036 DEBUG c.h.h.t.HelmChartContainer - Executing helm command: /bin/helm --kubeconfig /etc/rancher/k3s/k3s.yaml install test-hivemq-platform /charts/hivemq-platform --wait --timeout 5m0s --set image.repository=docker.io/hivemq --set image.tag=4.35.0 --set image.pullPolicy=Never --set nodes.resources.cpu=512m -f /files/custom-extension-values-with-https.yaml --namespace helmcustomextensionit
2025-01-27 17:09:17,269 INFO c.h.h.t.HelmChartContainer - [hivemq-test-hivemq-platform] [hivemq-platform-operator] [ce180b12] 17:09:17.267 [-373097727-pool-1-thread-2] WARN  i.m.p.PrometheusMeterRegistry - The meter (MeterId{name='operator.sdk.events.received', tags=[tag(action=ADDED),tag(event=ResourceEvent),tag(group=hivemq.com),tag(kind=HiveMQPlatform),tag(name=test-hivemq-platform),tag(namespace=helmcustomextensionit),tag(scope=namespace),tag(version=v1)]}) registration has failed: Prometheus requires that all meters with the same name have the same set of tag keys. There is already an existing meter named 'operator.sdk.events.received' containing tag keys [event, group, kind, name, namespace, scope, version]. The meter you are attempting to register has keys [action, event, group, kind, name, namespace, scope, version]. Note that subsequent logs will be logged at debug level.
2025-01-27 17:09:17,657 INFO c.h.h.t.HelmChartContainer - [hivemq-test-hivemq-platform] [hivemq-platform-operator] [ce180b12] 17:09:17.656 [pool-6-thread-3] DEBUG c.h.p.o.dependants.PodInfoConfigMap - [helmcust] Desired PodInfo ConfigMap (1 extensions) (1 enabled)
2025-01-27 17:09:17,657 INFO c.h.h.t.HelmChartContainer - [hivemq-test-hivemq-platform] [hivemq-platform-operator] [ce180b12] 17:09:17.656 [pool-6-thread-3] DEBUG c.h.p.o.dependants.PodInfoConfigMap - [helmcust] Desired PodInfo ConfigMap (metrics port: 9399) (metrics path: /)
2025-01-27 17:09:17,657 INFO c.h.h.t.HelmChartContainer - [hivemq-test-hivemq-platform] [hivemq-platform-operator] [ce180b12] 17:09:17.656 [pool-6-thread-3] DEBUG c.h.p.o.dependants.PodInfoConfigMap - [helmcust] Desired PodInfo ConfigMap (extension state hash: -1287821691)
2025-01-27 17:09:17,659 INFO c.h.h.t.HelmChartContainer - [hivemq-test-hivemq-platform] [hivemq-platform-operator] [ce180b12] 17:09:17.659 [pool-6-thread-3] DEBUG c.h.p.o.dependants.PodInfoConfigMap - [helmcust] Create PodInfo ConfigMap
2025-01-27 17:09:17,842 INFO c.h.h.t.HelmChartContainer - [hivemq-test-hivemq-platform] [hivemq-platform-operator] [ce180b12] 17:09:17.840 [pool-6-thread-5] DEBUG c.h.p.o.dependants.PodRoleResource - [helmcust] Create Role: Role(apiVersion=rbac.authorization.k8s.io/v1, kind=Role, metadata=ObjectMeta(annotations={meta.helm.sh/release-name=test-hivemq-platform, meta.helm.sh/release-namespace=helmcustomextensionit}, creationTimestamp=null, deletionGracePeriodSeconds=null, deletionTimestamp=null, finalizers=[], generateName=null, generation=null, labels={helm.sh/chart=hivemq-platform-0.2.31, app.kubernetes.io/managed-by=Helm, app.kubernetes.io/name=hivemq-platform, hivemq-platform=test-hivemq-platform, app.kubernetes.io/instance=test-hivemq-platform, app.kubernetes.io/version=4.35.0}, managedFields=[], name=hivemq-platform-role-test-hivemq-platform, namespace=helmcustomextensionit, ownerReferences=[OwnerReference(apiVersion=hivemq.com/v1, blockOwnerDeletion=null, controller=null, kind=HiveMQPlatform, name=test-hivemq-platform, uid=be24acb8-01a0-47dd-84b9-7d8c49f9a43c, additionalProperties={})], resourceVersion=null, selfLink=null, uid=null, additionalProperties={}), rules=[PolicyRule(apiGroups=[], nonResourceURLs=[], resourceNames=[], resources=[pods], verbs=[get, patch, update], additionalProperties={})], additionalProperties={})
2025-01-27 17:09:17,940 INFO c.h.h.t.HelmChartContainer - [hivemq-test-hivemq-platform] [hivemq-platform-operator] [ce180b12] 17:09:17.938 [pool-6-thread-7] DEBUG c.h.p.o.d.PodServiceAccountResource - [helmcust] Desired PodServiceAccountResource (serviceAccountName: hivemq-platform-pod-test-hivemq-platform)
2025-01-27 17:09:17,940 INFO c.h.h.t.HelmChartContainer - [hivemq-test-hivemq-platform] [hivemq-platform-operator] [ce180b12] 17:09:17.939 [pool-6-thread-7] DEBUG c.h.p.o.d.PodServiceAccountResource - [helmcust] Create ServiceAccount 'hivemq-platform-pod-test-hivemq-platform'
2025-01-27 17:09:18,049 INFO c.h.h.t.HelmChartContainer - [hivemq-test-hivemq-platform] [hivemq-platform-operator] [ce180b12] 17:09:18.048 [pool-6-thread-10] DEBUG c.h.p.o.d.PodRoleBindingResource - [helmcust] Create RoleBinding: RoleBinding(apiVersion=rbac.authorization.k8s.io/v1, kind=RoleBinding, metadata=ObjectMeta(annotations={meta.helm.sh/release-name=test-hivemq-platform, meta.helm.sh/release-namespace=helmcustomextensionit}, creationTimestamp=null, deletionGracePeriodSeconds=null, deletionTimestamp=null, finalizers=[], generateName=null, generation=null, labels={helm.sh/chart=hivemq-platform-0.2.31, app.kubernetes.io/managed-by=Helm, app.kubernetes.io/name=hivemq-platform, hivemq-platform=test-hivemq-platform, app.kubernetes.io/instance=test-hivemq-platform, app.kubernetes.io/version=4.35.0}, managedFields=[], name=hivemq-platform-role-binding-test-hivemq-platform, namespace=helmcustomextensionit, ownerReferences=[OwnerReference(apiVersion=hivemq.com/v1, blockOwnerDeletion=null, controller=null, kind=HiveMQPlatform, name=test-hivemq-platform, uid=be24acb8-01a0-47dd-84b9-7d8c49f9a43c, additionalProperties={})], resourceVersion=null, selfLink=null, uid=null, additionalProperties={}), roleRef=RoleRef(apiGroup=rbac.authorization.k8s.io, kind=Role, name=hivemq-platform-role-test-hivemq-platform, additionalProperties={}), subjects=[Subject(apiGroup=null, kind=ServiceAccount, name=hivemq-platform-pod-test-hivemq-platform, namespace=helmcustomextensionit, additionalProperties={})], additionalProperties={})
2025-01-27 17:09:18,140 INFO c.h.h.t.HelmChartContainer - [hivemq-test-hivemq-platform] [hivemq-platform-operator] [ce180b12] 17:09:18.139 [ReconcilerExecutor-hivemq-controller-54] INFO  c.h.p.o.HiveMQPlatformReconciler - [helmcust] Reconciling HiveMQ Platform 'test-hivemq-platform' in namespace 'helmcustomextensionit'
2025-01-27 17:09:18,141 INFO c.h.h.t.HelmChartContainer - [hivemq-test-hivemq-platform] [hivemq-platform-operator] [ce180b12] 17:09:18.140 [ReconcilerExecutor-hivemq-controller-54] DEBUG c.h.p.o.HiveMQPlatformReconciler - [helmcust] Custom Resource Status CREATED - HiveMQ Platform was created (READY)
2025-01-27 17:09:18,141 INFO c.h.h.t.HelmChartContainer - [hivemq-test-hivemq-platform] [hivemq-platform-operator] [ce180b12] 17:09:18.140 [ReconcilerExecutor-hivemq-controller-54] DEBUG c.h.p.o.HiveMQPlatformReconciler - [helmcust] Custom Resource Spec (replicas: 1) (extensions: 1)
2025-01-27 17:09:18,144 INFO c.h.h.t.HelmChartContainer - [hivemq-test-hivemq-platform] [hivemq-platform-operator] [ce180b12] 17:09:18.143 [ReconcilerExecutor-hivemq-controller-54] INFO  c.h.p.o.h.HiveMQPlatformReconcilerBaseHandler - [helmcust] HiveMQ Platform is starting
2025-01-27 17:09:18,170 INFO c.h.h.t.HelmChartContainer - [hivemq-test-hivemq-platform] [hivemq-platform-operator] [ce180b12] 17:09:18.169 [ReconcilerExecutor-hivemq-controller-54] DEBUG c.h.p.operator.event.EventSender - [helmcust] Creating K8s event hivemq-platform-starting: [Start] HiveMQ Platform is starting
2025-01-27 17:09:18,245 INFO c.h.h.t.HelmChartContainer - [EVENT] Normal [Start] HiveMQ Platform is starting [helmcustomextensionit:test-hivemq-platform]
2025-01-27 17:09:18,250 INFO c.h.h.t.HelmChartContainer - [hivemq-test-hivemq-platform] [hivemq-platform-operator] [ce180b12] 17:09:18.249 [ReconcilerExecutor-hivemq-controller-54] INFO  c.h.p.o.h.AbstractHiveMQReconcilerStateHandler - [helmcust] Update HiveMQ Platform Status (CREATED [READY] -> STARTING [READY]): HiveMQ Platform is starting
2025-01-27 17:09:18,264 DEBUG com.hivemq.helmcharts.util.K8sUtil - Comparing actual state 'STARTING' and waiting for 'RUNNING'
2025-01-27 17:09:28,349 INFO c.h.h.t.HelmChartContainer - [hivemq-test-hivemq-platform] [hivemq-platform-operator] [ce180b12] 17:09:28.347 [pool-6-thread-12] DEBUG c.h.p.o.d.PlatformServiceResource - [helmcust] Desired Platform services (3 services)
2025-01-27 17:09:28,354 INFO c.h.h.t.HelmChartContainer - [hivemq-test-hivemq-platform] [hivemq-platform-operator] [ce180b12] 17:09:28.353 [pool-6-thread-13] DEBUG c.h.p.o.dependants.PodInfoConfigMap - [helmcust] Desired PodInfo ConfigMap (1 extensions) (1 enabled)
2025-01-27 17:09:28,355 INFO c.h.h.t.HelmChartContainer - [hivemq-test-hivemq-platform] [hivemq-platform-operator] [ce180b12] 17:09:28.353 [pool-6-thread-13] DEBUG c.h.p.o.dependants.PodInfoConfigMap - [helmcust] Desired PodInfo ConfigMap (metrics port: 9399) (metrics path: /)
2025-01-27 17:09:28,355 INFO c.h.h.t.HelmChartContainer - [hivemq-test-hivemq-platform] [hivemq-platform-operator] [ce180b12] 17:09:28.353 [pool-6-thread-13] DEBUG c.h.p.o.dependants.PodInfoConfigMap - [helmcust] Desired PodInfo ConfigMap (extension state hash: -1287821691)
2025-01-27 17:09:28,355 INFO c.h.h.t.HelmChartContainer - [hivemq-test-hivemq-platform] [hivemq-platform-operator] [ce180b12] 17:09:28.354 [pool-6-thread-17] DEBUG c.h.p.o.d.PodServiceAccountResource - [helmcust] Desired PodServiceAccountResource (serviceAccountName: hivemq-platform-pod-test-hivemq-platform)
2025-01-27 17:09:28,443 INFO c.h.h.t.HelmChartContainer - [hivemq-test-hivemq-platform] [hivemq-platform-operator] [ce180b12] 17:09:28.440 [pool-6-thread-13] DEBUG c.h.p.o.dependants.PodInfoConfigMap - [helmcust] Update PodInfo ConfigMap
2025-01-27 17:09:28,445 INFO c.h.h.t.HelmChartContainer - [K3S] [alloc.go:330] "allocated clusterIPs" service="helmcustomextensionit/hivemq-test-hivemq-platform-cc-8080" clusterIPs={"IPv4":"10.43.38.255"}
2025-01-27 17:09:28,463 INFO c.h.h.t.HelmChartContainer - [K3S] [alloc.go:330] "allocated clusterIPs" service="helmcustomextensionit/hivemq-test-hivemq-platform-mqtt-1883" clusterIPs={"IPv4":"10.43.229.127"}
2025-01-27 17:09:28,557 INFO c.h.h.t.HelmChartContainer - [K3S] [alloc.go:330] "allocated clusterIPs" service="helmcustomextensionit/hivemq-test-hivemq-platform-metrics-9399" clusterIPs={"IPv4":"10.43.178.191"}
2025-01-27 17:09:28,566 INFO c.h.h.t.HelmChartContainer - [hivemq-test-hivemq-platform] [hivemq-platform-operator] [ce180b12] 17:09:28.565 [pool-6-thread-20] DEBUG c.h.p.o.d.StatefulSetResource - [helmcust] Desired StatefulSet (1 replicas) for status STARTING (READY)
2025-01-27 17:09:28,650 INFO c.h.h.t.HelmChartContainer - [hivemq-test-hivemq-platform] [hivemq-platform-operator] [ce180b12] 17:09:28.649 [pool-6-thread-20] DEBUG c.h.p.o.d.StatefulSetResource - [helmcust] Create StatefulSet
2025-01-27 17:09:28,759 INFO c.h.h.t.HelmChartContainer - [EVENT] Normal [SuccessfulCreate] create Pod test-hivemq-platform-0 in StatefulSet test-hivemq-platform successful [helmcustomextensionit:test-hivemq-platform]
2025-01-27 17:09:28,759 INFO c.h.h.t.HelmChartContainer - [POD] test-hivemq-platform-0 [7ee17219-2025-48cf-addc-844b1e277760] in helmcustomextensionit was ADDED
2025-01-27 17:09:28,763 INFO c.h.h.t.HelmChartContainer - [POD] test-hivemq-platform-0 [7ee17219-2025-48cf-addc-844b1e277760] in helmcustomextensionit was MODIFIED
2025-01-27 17:09:28,766 INFO c.h.h.t.HelmChartContainer - [EVENT] Normal [Scheduled] Successfully assigned helmcustomextensionit/test-hivemq-platform-0 to 1d709a34904e [helmcustomextensionit:test-hivemq-platform-0]
2025-01-27 17:09:28,773 INFO c.h.h.t.HelmChartContainer - [POD] test-hivemq-platform-0 [7ee17219-2025-48cf-addc-844b1e277760] in helmcustomextensionit was MODIFIED
2025-01-27 17:09:28,839 INFO c.h.h.t.HelmChartContainer - [hivemq-test-hivemq-platform] [hivemq-platform-operator] [ce180b12] 17:09:28.837 [ReconcilerExecutor-hivemq-controller-65] INFO  c.h.p.o.HiveMQPlatformReconciler - [helmcust] Reconciling HiveMQ Platform 'test-hivemq-platform' in namespace 'helmcustomextensionit'
2025-01-27 17:09:28,839 INFO c.h.h.t.HelmChartContainer - [hivemq-test-hivemq-platform] [hivemq-platform-operator] [ce180b12] 17:09:28.837 [ReconcilerExecutor-hivemq-controller-65] DEBUG c.h.p.o.HiveMQPlatformReconciler - [helmcust] Custom Resource Status STARTING - HiveMQ Platform is starting (READY)
2025-01-27 17:09:28,839 INFO c.h.h.t.HelmChartContainer - [hivemq-test-hivemq-platform] [hivemq-platform-operator] [ce180b12] 17:09:28.837 [ReconcilerExecutor-hivemq-controller-65] DEBUG c.h.p.o.HiveMQPlatformReconciler - [helmcust] Custom Resource Spec (replicas: 1) (extensions: 1)
2025-01-27 17:09:28,842 INFO c.h.h.t.HelmChartContainer - [hivemq-test-hivemq-platform] [hivemq-platform-operator] [ce180b12] 17:09:28.840 [ReconcilerExecutor-hivemq-controller-65] DEBUG c.h.p.o.HiveMQPlatformReconciler - [helmcust] StatefulSet Status (revision: null, replicas: 0, available: 0, ready: 0, current: 0, updated: 0)
2025-01-27 17:09:28,842 INFO c.h.h.t.HelmChartContainer - [hivemq-test-hivemq-platform] [hivemq-platform-operator] [ce180b12] 17:09:28.840 [ReconcilerExecutor-hivemq-controller-65] DEBUG c.h.p.o.HiveMQPlatformReconciler - [helmcust] StatefulSet Spec (replicas: 1, init containers: 1, containers: 1, volumes: 3)
2025-01-27 17:09:28,851 INFO c.h.h.t.HelmChartContainer - [hivemq-test-hivemq-platform] [hivemq-platform-operator] [ce180b12] 17:09:28.851 [ReconcilerExecutor-hivemq-controller-65] DEBUG c.h.p.o.h.HiveMQPlatformReconcilerErrorHandler - [helmcust] Pod 'test-hivemq-platform-0' phase Pending
2025-01-27 17:09:28,854 INFO c.h.h.t.HelmChartContainer - [hivemq-test-hivemq-platform] [hivemq-platform-operator] [ce180b12] 17:09:28.853 [ReconcilerExecutor-hivemq-controller-65] INFO  c.h.p.o.h.HiveMQPlatformReconcilerBaseHandler - [helmcust] HiveMQ Platform is starting, 0 of 1 replicas are ready
2025-01-27 17:09:28,855 INFO c.h.h.t.HelmChartContainer - [K3S] [reconciler_common.go:251] "operationExecutor.VerifyControllerAttachedVolume started for volume \"kube-api-access-s9274\" (UniqueName: \"kubernetes.io/projected/7ee17219-2025-48cf-addc-844b1e277760-kube-api-access-s9274\") pod \"test-hivemq-platform-0\" (UID: \"7ee17219-2025-48cf-addc-844b1e277760\") " pod="helmcustomextensionit/test-hivemq-platform-0"
2025-01-27 17:09:28,855 INFO c.h.h.t.HelmChartContainer - [K3S] [reconciler_common.go:251] "operationExecutor.VerifyControllerAttachedVolume started for volume \"pod-info\" (UniqueName: \"kubernetes.io/configmap/7ee17219-2025-48cf-addc-844b1e277760-pod-info\") pod \"test-hivemq-platform-0\" (UID: \"7ee17219-2025-48cf-addc-844b1e277760\") " pod="helmcustomextensionit/test-hivemq-platform-0"
2025-01-27 17:09:28,855 INFO c.h.h.t.HelmChartContainer - [K3S] [reconciler_common.go:251] "operationExecutor.VerifyControllerAttachedVolume started for volume \"broker-configuration\" (UniqueName: \"kubernetes.io/configmap/7ee17219-2025-48cf-addc-844b1e277760-broker-configuration\") pod \"test-hivemq-platform-0\" (UID: \"7ee17219-2025-48cf-addc-844b1e277760\") " pod="helmcustomextensionit/test-hivemq-platform-0"
2025-01-27 17:09:28,855 INFO c.h.h.t.HelmChartContainer - [K3S] [reconciler_common.go:251] "operationExecutor.VerifyControllerAttachedVolume started for volume \"operator-init\" (UniqueName: \"kubernetes.io/empty-dir/7ee17219-2025-48cf-addc-844b1e277760-operator-init\") pod \"test-hivemq-platform-0\" (UID: \"7ee17219-2025-48cf-addc-844b1e277760\") " pod="helmcustomextensionit/test-hivemq-platform-0"
2025-01-27 17:09:28,943 INFO c.h.h.t.HelmChartContainer - [hivemq-test-hivemq-platform] [hivemq-platform-operator] [ce180b12] 17:09:28.941 [pool-6-thread-22] DEBUG c.h.p.o.d.PlatformServiceResource - [helmcust] Desired Platform services (3 services)
2025-01-27 17:09:28,946 INFO c.h.h.t.HelmChartContainer - [hivemq-test-hivemq-platform] [hivemq-platform-operator] [ce180b12] 17:09:28.944 [pool-6-thread-23] DEBUG c.h.p.o.dependants.PodInfoConfigMap - [helmcust] Desired PodInfo ConfigMap (1 extensions) (1 enabled)
2025-01-27 17:09:28,948 INFO c.h.h.t.HelmChartContainer - [hivemq-test-hivemq-platform] [hivemq-platform-operator] [ce180b12] 17:09:28.944 [pool-6-thread-23] DEBUG c.h.p.o.dependants.PodInfoConfigMap - [helmcust] Desired PodInfo ConfigMap (metrics port: 9399) (metrics path: /)
2025-01-27 17:09:28,948 INFO c.h.h.t.HelmChartContainer - [hivemq-test-hivemq-platform] [hivemq-platform-operator] [ce180b12] 17:09:28.944 [pool-6-thread-23] DEBUG c.h.p.o.dependants.PodInfoConfigMap - [helmcust] Desired PodInfo ConfigMap (extension state hash: -1287821691)
2025-01-27 17:09:29,040 INFO c.h.h.t.HelmChartContainer - [hivemq-test-hivemq-platform] [hivemq-platform-operator] [ce180b12] 17:09:29.038 [pool-6-thread-27] DEBUG c.h.p.o.d.PodServiceAccountResource - [helmcust] Desired PodServiceAccountResource (serviceAccountName: hivemq-platform-pod-test-hivemq-platform)
2025-01-27 17:09:29,042 INFO c.h.h.t.HelmChartContainer - [hivemq-test-hivemq-platform] [hivemq-platform-operator] [ce180b12] 17:09:29.041 [pool-6-thread-30] DEBUG c.h.p.o.d.StatefulSetResource - [helmcust] Desired StatefulSet (1 replicas) for status STARTING (READY)
2025-01-27 17:09:29,049 INFO c.h.h.t.HelmChartContainer - [hivemq-test-hivemq-platform] [hivemq-platform-operator] [ce180b12] 17:09:29.048 [ReconcilerExecutor-hivemq-controller-76] INFO  c.h.p.o.HiveMQPlatformReconciler - [helmcust] Reconciling HiveMQ Platform 'test-hivemq-platform' in namespace 'helmcustomextensionit'
2025-01-27 17:09:29,051 INFO c.h.h.t.HelmChartContainer - [hivemq-test-hivemq-platform] [hivemq-platform-operator] [ce180b12] 17:09:29.048 [ReconcilerExecutor-hivemq-controller-76] DEBUG c.h.p.o.HiveMQPlatformReconciler - [helmcust] Custom Resource Status STARTING - HiveMQ Platform is starting (READY)
2025-01-27 17:09:29,051 INFO c.h.h.t.HelmChartContainer - [hivemq-test-hivemq-platform] [hivemq-platform-operator] [ce180b12] 17:09:29.048 [ReconcilerExecutor-hivemq-controller-76] DEBUG c.h.p.o.HiveMQPlatformReconciler - [helmcust] Custom Resource Spec (replicas: 1) (extensions: 1)
2025-01-27 17:09:29,052 INFO c.h.h.t.HelmChartContainer - [hivemq-test-hivemq-platform] [hivemq-platform-operator] [ce180b12] 17:09:29.051 [ReconcilerExecutor-hivemq-controller-76] DEBUG c.h.p.o.HiveMQPlatformReconciler - [helmcust] StatefulSet Status (revision: test-hivemq-platform-c4ff8d65f, replicas: 1, available: 0, ready: 0, current: 1, updated: 1)
2025-01-27 17:09:29,053 INFO c.h.h.t.HelmChartContainer - [hivemq-test-hivemq-platform] [hivemq-platform-operator] [ce180b12] 17:09:29.051 [ReconcilerExecutor-hivemq-controller-76] DEBUG c.h.p.o.HiveMQPlatformReconciler - [helmcust] StatefulSet Spec (replicas: 1, init containers: 1, containers: 1, volumes: 3)
2025-01-27 17:09:29,140 INFO c.h.h.t.HelmChartContainer - [hivemq-test-hivemq-platform] [hivemq-platform-operator] [ce180b12] 17:09:29.138 [ReconcilerExecutor-hivemq-controller-76] DEBUG c.h.p.o.h.HiveMQPlatformReconcilerErrorHandler - [helmcust] Pod 'test-hivemq-platform-0' phase Pending
2025-01-27 17:09:29,143 INFO c.h.h.t.HelmChartContainer - [hivemq-test-hivemq-platform] [hivemq-platform-operator] [ce180b12] 17:09:29.138 [ReconcilerExecutor-hivemq-controller-76] DEBUG c.h.p.o.h.HiveMQPlatformReconcilerErrorHandler - [helmcust] Pod 'test-hivemq-platform-0' condition 'PodReadyToStartContainers': False
2025-01-27 17:09:29,143 INFO c.h.h.t.HelmChartContainer - [hivemq-test-hivemq-platform] [hivemq-platform-operator] [ce180b12] 17:09:29.138 [ReconcilerExecutor-hivemq-controller-76] DEBUG c.h.p.o.h.HiveMQPlatformReconcilerErrorHandler - [helmcust] Pod 'test-hivemq-platform-0' condition 'Initialized': False
2025-01-27 17:09:29,143 INFO c.h.h.t.HelmChartContainer - [hivemq-test-hivemq-platform] [hivemq-platform-operator] [ce180b12] 17:09:29.139 [ReconcilerExecutor-hivemq-controller-76] DEBUG c.h.p.o.h.HiveMQPlatformReconcilerErrorHandler - [helmcust] Pod 'test-hivemq-platform-0' condition 'Ready': False
2025-01-27 17:09:29,143 INFO c.h.h.t.HelmChartContainer - [hivemq-test-hivemq-platform] [hivemq-platform-operator] [ce180b12] 17:09:29.139 [ReconcilerExecutor-hivemq-controller-76] DEBUG c.h.p.o.h.HiveMQPlatformReconcilerErrorHandler - [helmcust] Pod 'test-hivemq-platform-0' condition 'ContainersReady': False
2025-01-27 17:09:29,143 INFO c.h.h.t.HelmChartContainer - [hivemq-test-hivemq-platform] [hivemq-platform-operator] [ce180b12] 17:09:29.139 [ReconcilerExecutor-hivemq-controller-76] DEBUG c.h.p.o.h.HiveMQPlatformReconcilerErrorHandler - [helmcust] Pod 'test-hivemq-platform-0' condition 'PodScheduled': True
2025-01-27 17:09:29,143 INFO c.h.h.t.HelmChartContainer - [hivemq-test-hivemq-platform] [hivemq-platform-operator] [ce180b12] 17:09:29.139 [ReconcilerExecutor-hivemq-controller-76] DEBUG c.h.p.o.h.HiveMQPlatformReconcilerErrorHandler - [helmcust] Pod 'test-hivemq-platform-0' containerStatus 'hivemq' (started: false) (ready: false) (waiting: [PodInitializing] null)
2025-01-27 17:09:29,144 INFO c.h.h.t.HelmChartContainer - [hivemq-test-hivemq-platform] [hivemq-platform-operator] [ce180b12] 17:09:29.141 [ReconcilerExecutor-hivemq-controller-76] INFO  c.h.p.o.h.HiveMQPlatformReconcilerBaseHandler - [helmcust] HiveMQ Platform is starting, 0 of 1 replicas are ready
2025-01-27 17:09:29,147 INFO c.h.h.t.HelmChartContainer - [hivemq-test-hivemq-platform] [hivemq-platform-operator] [ce180b12] 17:09:29.146 [pool-6-thread-32] DEBUG c.h.p.o.d.PlatformServiceResource - [helmcust] Desired Platform services (3 services)
2025-01-27 17:09:29,151 INFO c.h.h.t.HelmChartContainer - [hivemq-test-hivemq-platform] [hivemq-platform-operator] [ce180b12] 17:09:29.148 [pool-6-thread-33] DEBUG c.h.p.o.dependants.PodInfoConfigMap - [helmcust] Desired PodInfo ConfigMap (1 extensions) (1 enabled)
2025-01-27 17:09:29,152 INFO c.h.h.t.HelmChartContainer - [hivemq-test-hivemq-platform] [hivemq-platform-operator] [ce180b12] 17:09:29.151 [pool-6-thread-33] DEBUG c.h.p.o.dependants.PodInfoConfigMap - [helmcust] Desired PodInfo ConfigMap (metrics port: 9399) (metrics path: /)
2025-01-27 17:09:29,158 INFO c.h.h.t.HelmChartContainer - [hivemq-test-hivemq-platform] [hivemq-platform-operator] [ce180b12] 17:09:29.152 [pool-6-thread-33] DEBUG c.h.p.o.dependants.PodInfoConfigMap - [helmcust] Desired PodInfo ConfigMap (extension state hash: -1287821691)
2025-01-27 17:09:29,158 INFO c.h.h.t.HelmChartContainer - [hivemq-test-hivemq-platform] [hivemq-platform-operator] [ce180b12] 17:09:29.156 [pool-6-thread-37] DEBUG c.h.p.o.d.PodServiceAccountResource - [helmcust] Desired PodServiceAccountResource (serviceAccountName: hivemq-platform-pod-test-hivemq-platform)
2025-01-27 17:09:29,191 INFO c.h.h.t.HelmChartContainer - [EVENT] Normal [Pulled] Container image "docker.io/hivemq/hivemq-platform-operator-init-test:snapshot" already present on machine [helmcustomextensionit:test-hivemq-platform-0]
2025-01-27 17:09:29,246 INFO c.h.h.t.HelmChartContainer - [hivemq-test-hivemq-platform] [hivemq-platform-operator] [ce180b12] 17:09:29.244 [pool-6-thread-40] DEBUG c.h.p.o.d.StatefulSetResource - [helmcust] Desired StatefulSet (1 replicas) for status STARTING (READY)
2025-01-27 17:09:29,251 INFO c.h.h.t.HelmChartContainer - [hivemq-test-hivemq-platform] [hivemq-platform-operator] [ce180b12] 17:09:29.249 [ReconcilerExecutor-hivemq-controller-87] INFO  c.h.p.o.HiveMQPlatformReconciler - [helmcust] Reconciling HiveMQ Platform 'test-hivemq-platform' in namespace 'helmcustomextensionit'
2025-01-27 17:09:29,251 INFO c.h.h.t.HelmChartContainer - [hivemq-test-hivemq-platform] [hivemq-platform-operator] [ce180b12] 17:09:29.250 [ReconcilerExecutor-hivemq-controller-87] DEBUG c.h.p.o.HiveMQPlatformReconciler - [helmcust] Custom Resource Status STARTING - HiveMQ Platform is starting (READY)
2025-01-27 17:09:29,251 INFO c.h.h.t.HelmChartContainer - [hivemq-test-hivemq-platform] [hivemq-platform-operator] [ce180b12] 17:09:29.250 [ReconcilerExecutor-hivemq-controller-87] DEBUG c.h.p.o.HiveMQPlatformReconciler - [helmcust] Custom Resource Spec (replicas: 1) (extensions: 1)
2025-01-27 17:09:29,256 INFO c.h.h.t.HelmChartContainer - [hivemq-test-hivemq-platform] [hivemq-platform-operator] [ce180b12] 17:09:29.253 [ReconcilerExecutor-hivemq-controller-87] DEBUG c.h.p.o.HiveMQPlatformReconciler - [helmcust] StatefulSet Status (revision: test-hivemq-platform-c4ff8d65f, replicas: 1, available: 0, ready: 0, current: 1, updated: 1)
2025-01-27 17:09:29,256 INFO c.h.h.t.HelmChartContainer - [hivemq-test-hivemq-platform] [hivemq-platform-operator] [ce180b12] 17:09:29.253 [ReconcilerExecutor-hivemq-controller-87] DEBUG c.h.p.o.HiveMQPlatformReconciler - [helmcust] StatefulSet Spec (replicas: 1, init containers: 1, containers: 1, volumes: 3)
2025-01-27 17:09:29,257 INFO c.h.h.t.HelmChartContainer - [hivemq-test-hivemq-platform] [hivemq-platform-operator] [ce180b12] 17:09:29.256 [ReconcilerExecutor-hivemq-controller-87] DEBUG c.h.p.o.h.HiveMQPlatformReconcilerErrorHandler - [helmcust] Pod 'test-hivemq-platform-0' phase Pending
2025-01-27 17:09:29,322 INFO c.h.h.t.HelmChartContainer - [EVENT] Normal [Created] Created container: hivemq-platform-operator-init [helmcustomextensionit:test-hivemq-platform-0]
2025-01-27 17:09:29,338 INFO c.h.h.t.HelmChartContainer - [hivemq-test-hivemq-platform] [hivemq-platform-operator] [ce180b12] 17:09:29.337 [ReconcilerExecutor-hivemq-controller-87] DEBUG c.h.p.o.h.HiveMQPlatformReconcilerErrorHandler - [helmcust] Pod 'test-hivemq-platform-0' condition 'PodReadyToStartContainers': False
2025-01-27 17:09:29,339 INFO c.h.h.t.HelmChartContainer - [hivemq-test-hivemq-platform] [hivemq-platform-operator] [ce180b12] 17:09:29.337 [ReconcilerExecutor-hivemq-controller-87] DEBUG c.h.p.o.h.HiveMQPlatformReconcilerErrorHandler - [helmcust] Pod 'test-hivemq-platform-0' condition 'Initialized': False
2025-01-27 17:09:29,340 INFO c.h.h.t.HelmChartContainer - [hivemq-test-hivemq-platform] [hivemq-platform-operator] [ce180b12] 17:09:29.337 [ReconcilerExecutor-hivemq-controller-87] DEBUG c.h.p.o.h.HiveMQPlatformReconcilerErrorHandler - [helmcust] Pod 'test-hivemq-platform-0' condition 'Ready': False
2025-01-27 17:09:29,340 INFO c.h.h.t.HelmChartContainer - [hivemq-test-hivemq-platform] [hivemq-platform-operator] [ce180b12] 17:09:29.337 [ReconcilerExecutor-hivemq-controller-87] DEBUG c.h.p.o.h.HiveMQPlatformReconcilerErrorHandler - [helmcust] Pod 'test-hivemq-platform-0' condition 'ContainersReady': False
2025-01-27 17:09:29,340 INFO c.h.h.t.HelmChartContainer - [hivemq-test-hivemq-platform] [hivemq-platform-operator] [ce180b12] 17:09:29.337 [ReconcilerExecutor-hivemq-controller-87] DEBUG c.h.p.o.h.HiveMQPlatformReconcilerErrorHandler - [helmcust] Pod 'test-hivemq-platform-0' condition 'PodScheduled': True
2025-01-27 17:09:29,340 INFO c.h.h.t.HelmChartContainer - [hivemq-test-hivemq-platform] [hivemq-platform-operator] [ce180b12] 17:09:29.337 [ReconcilerExecutor-hivemq-controller-87] DEBUG c.h.p.o.h.HiveMQPlatformReconcilerErrorHandler - [helmcust] Pod 'test-hivemq-platform-0' containerStatus 'hivemq' (started: false) (ready: false) (waiting: [PodInitializing] null)
2025-01-27 17:09:29,340 INFO c.h.h.t.HelmChartContainer - [hivemq-test-hivemq-platform] [hivemq-platform-operator] [ce180b12] 17:09:29.339 [ReconcilerExecutor-hivemq-controller-87] INFO  c.h.p.o.h.HiveMQPlatformReconcilerBaseHandler - [helmcust] HiveMQ Platform is starting, 0 of 1 replicas are ready
2025-01-27 17:09:29,367 INFO c.h.h.t.HelmChartContainer - [EVENT] Normal [Started] Started container hivemq-platform-operator-init [helmcustomextensionit:test-hivemq-platform-0]
2025-01-27 17:09:29,692 INFO c.h.h.t.HelmChartContainer - [POD] test-hivemq-platform-0 [7ee17219-2025-48cf-addc-844b1e277760] in helmcustomextensionit was MODIFIED
2025-01-27 17:09:29,712 INFO c.h.h.t.HelmChartContainer - [hivemq-test-hivemq-platform] [hivemq-platform-operator] [ce180b12] 17:09:29.707 [pool-6-thread-42] DEBUG c.h.p.o.d.PlatformServiceResource - [helmcust] Desired Platform services (3 services)
2025-01-27 17:09:29,714 INFO c.h.h.t.HelmChartContainer - [hivemq-test-hivemq-platform] [hivemq-platform-operator] [ce180b12] 17:09:29.709 [pool-6-thread-43] DEBUG c.h.p.o.dependants.PodInfoConfigMap - [helmcust] Desired PodInfo ConfigMap (1 extensions) (1 enabled)
2025-01-27 17:09:29,716 INFO c.h.h.t.HelmChartContainer - [hivemq-test-hivemq-platform] [hivemq-platform-operator] [ce180b12] 17:09:29.715 [pool-6-thread-43] DEBUG c.h.p.o.dependants.PodInfoConfigMap - [helmcust] Desired PodInfo ConfigMap (metrics port: 9399) (metrics path: /)
2025-01-27 17:09:29,717 INFO c.h.h.t.HelmChartContainer - [hivemq-test-hivemq-platform] [hivemq-platform-operator] [ce180b12] 17:09:29.715 [pool-6-thread-43] DEBUG c.h.p.o.dependants.PodInfoConfigMap - [helmcust] Desired PodInfo ConfigMap (extension state hash: -1287821691)
2025-01-27 17:09:29,722 INFO c.h.h.t.HelmChartContainer - [hivemq-test-hivemq-platform] [hivemq-platform-operator] [ce180b12] 17:09:29.721 [pool-6-thread-47] DEBUG c.h.p.o.d.PodServiceAccountResource - [helmcust] Desired PodServiceAccountResource (serviceAccountName: hivemq-platform-pod-test-hivemq-platform)
2025-01-27 17:09:29,792 INFO c.h.h.t.HelmChartContainer - [hivemq-test-hivemq-platform] [hivemq-platform-operator] [ce180b12] 17:09:29.790 [pool-6-thread-50] DEBUG c.h.p.o.d.StatefulSetResource - [helmcust] Desired StatefulSet (1 replicas) for status STARTING (READY)
2025-01-27 17:09:29,797 INFO c.h.h.t.HelmChartContainer - [hivemq-test-hivemq-platform] [hivemq-platform-operator] [ce180b12] 17:09:29.795 [ReconcilerExecutor-hivemq-controller-98] INFO  c.h.p.o.HiveMQPlatformReconciler - [helmcust] Reconciling HiveMQ Platform 'test-hivemq-platform' in namespace 'helmcustomextensionit'
2025-01-27 17:09:29,797 INFO c.h.h.t.HelmChartContainer - [hivemq-test-hivemq-platform] [hivemq-platform-operator] [ce180b12] 17:09:29.795 [ReconcilerExecutor-hivemq-controller-98] DEBUG c.h.p.o.HiveMQPlatformReconciler - [helmcust] Custom Resource Status STARTING - HiveMQ Platform is starting (READY)
2025-01-27 17:09:29,797 INFO c.h.h.t.HelmChartContainer - [hivemq-test-hivemq-platform] [hivemq-platform-operator] [ce180b12] 17:09:29.795 [ReconcilerExecutor-hivemq-controller-98] DEBUG c.h.p.o.HiveMQPlatformReconciler - [helmcust] Custom Resource Spec (replicas: 1) (extensions: 1)
2025-01-27 17:09:29,798 INFO c.h.h.t.HelmChartContainer - [hivemq-test-hivemq-platform] [hivemq-platform-operator] [ce180b12] 17:09:29.797 [ReconcilerExecutor-hivemq-controller-98] DEBUG c.h.p.o.HiveMQPlatformReconciler - [helmcust] StatefulSet Status (revision: test-hivemq-platform-c4ff8d65f, replicas: 1, available: 0, ready: 0, current: 1, updated: 1)
2025-01-27 17:09:29,798 INFO c.h.h.t.HelmChartContainer - [hivemq-test-hivemq-platform] [hivemq-platform-operator] [ce180b12] 17:09:29.797 [ReconcilerExecutor-hivemq-controller-98] DEBUG c.h.p.o.HiveMQPlatformReconciler - [helmcust] StatefulSet Spec (replicas: 1, init containers: 1, containers: 1, volumes: 3)
2025-01-27 17:09:29,801 INFO c.h.h.t.HelmChartContainer - [hivemq-test-hivemq-platform] [hivemq-platform-operator] [ce180b12] 17:09:29.800 [ReconcilerExecutor-hivemq-controller-98] DEBUG c.h.p.o.h.HiveMQPlatformReconcilerErrorHandler - [helmcust] Pod 'test-hivemq-platform-0' phase Pending
2025-01-27 17:09:29,801 INFO c.h.h.t.HelmChartContainer - [hivemq-test-hivemq-platform] [hivemq-platform-operator] [ce180b12] 17:09:29.800 [ReconcilerExecutor-hivemq-controller-98] DEBUG c.h.p.o.h.HiveMQPlatformReconcilerErrorHandler - [helmcust] Pod 'test-hivemq-platform-0' condition 'PodReadyToStartContainers': True
2025-01-27 17:09:29,801 INFO c.h.h.t.HelmChartContainer - [hivemq-test-hivemq-platform] [hivemq-platform-operator] [ce180b12] 17:09:29.800 [ReconcilerExecutor-hivemq-controller-98] DEBUG c.h.p.o.h.HiveMQPlatformReconcilerErrorHandler - [helmcust] Pod 'test-hivemq-platform-0' condition 'Initialized': False
2025-01-27 17:09:29,801 INFO c.h.h.t.HelmChartContainer - [hivemq-test-hivemq-platform] [hivemq-platform-operator] [ce180b12] 17:09:29.800 [ReconcilerExecutor-hivemq-controller-98] DEBUG c.h.p.o.h.HiveMQPlatformReconcilerErrorHandler - [helmcust] Pod 'test-hivemq-platform-0' condition 'Ready': False
2025-01-27 17:09:29,801 INFO c.h.h.t.HelmChartContainer - [hivemq-test-hivemq-platform] [hivemq-platform-operator] [ce180b12] 17:09:29.800 [ReconcilerExecutor-hivemq-controller-98] DEBUG c.h.p.o.h.HiveMQPlatformReconcilerErrorHandler - [helmcust] Pod 'test-hivemq-platform-0' condition 'ContainersReady': False
2025-01-27 17:09:29,802 INFO c.h.h.t.HelmChartContainer - [hivemq-test-hivemq-platform] [hivemq-platform-operator] [ce180b12] 17:09:29.800 [ReconcilerExecutor-hivemq-controller-98] DEBUG c.h.p.o.h.HiveMQPlatformReconcilerErrorHandler - [helmcust] Pod 'test-hivemq-platform-0' condition 'PodScheduled': True
2025-01-27 17:09:29,803 INFO c.h.h.t.HelmChartContainer - [hivemq-test-hivemq-platform] [hivemq-platform-operator] [ce180b12] 17:09:29.801 [ReconcilerExecutor-hivemq-controller-98] DEBUG c.h.p.o.h.HiveMQPlatformReconcilerErrorHandler - [helmcust] Pod 'test-hivemq-platform-0' containerStatus 'hivemq' (started: false) (ready: false) (waiting: [PodInitializing] null)
2025-01-27 17:09:29,803 INFO c.h.h.t.HelmChartContainer - [hivemq-test-hivemq-platform] [hivemq-platform-operator] [ce180b12] 17:09:29.801 [ReconcilerExecutor-hivemq-controller-98] INFO  c.h.p.o.h.HiveMQPlatformReconcilerBaseHandler - [helmcust] HiveMQ Platform is starting, 0 of 1 replicas are ready
2025-01-27 17:09:31,687 INFO c.h.h.t.HelmChartContainer - [EVENT] Normal [Pulled] Container image "docker.io/hivemq/hivemq4:4.35.0" already present on machine [helmcustomextensionit:test-hivemq-platform-0]
2025-01-27 17:09:31,688 INFO c.h.h.t.HelmChartContainer - Received Pulled event for container hivemq in pod test-hivemq-platform-0 [7ee17219-2025-48cf-addc-844b1e277760]
2025-01-27 17:09:31,697 INFO c.h.h.t.HelmChartContainer - [POD] test-hivemq-platform-0 [7ee17219-2025-48cf-addc-844b1e277760] in helmcustomextensionit was MODIFIED
2025-01-27 17:09:31,707 INFO c.h.h.t.HelmChartContainer - [hivemq-test-hivemq-platform] [hivemq-platform-operator] [ce180b12] 17:09:31.704 [pool-6-thread-6] DEBUG c.h.p.o.d.PlatformServiceResource - [helmcust] Desired Platform services (3 services)
2025-01-27 17:09:31,709 INFO c.h.h.t.HelmChartContainer - [hivemq-test-hivemq-platform] [hivemq-platform-operator] [ce180b12] 17:09:31.707 [pool-6-thread-3] DEBUG c.h.p.o.dependants.PodInfoConfigMap - [helmcust] Desired PodInfo ConfigMap (1 extensions) (1 enabled)
2025-01-27 17:09:31,711 INFO c.h.h.t.HelmChartContainer - [hivemq-test-hivemq-platform] [hivemq-platform-operator] [ce180b12] 17:09:31.710 [pool-6-thread-3] DEBUG c.h.p.o.dependants.PodInfoConfigMap - [helmcust] Desired PodInfo ConfigMap (metrics port: 9399) (metrics path: /)
2025-01-27 17:09:31,713 INFO c.h.h.t.HelmChartContainer - [hivemq-test-hivemq-platform] [hivemq-platform-operator] [ce180b12] 17:09:31.711 [pool-6-thread-1] DEBUG c.h.p.o.d.PodServiceAccountResource - [helmcust] Desired PodServiceAccountResource (serviceAccountName: hivemq-platform-pod-test-hivemq-platform)
2025-01-27 17:09:31,715 INFO c.h.h.t.HelmChartContainer - [hivemq-test-hivemq-platform] [hivemq-platform-operator] [ce180b12] 17:09:31.713 [pool-6-thread-3] DEBUG c.h.p.o.dependants.PodInfoConfigMap - [helmcust] Desired PodInfo ConfigMap (extension state hash: -1287821691)
2025-01-27 17:09:31,721 INFO c.h.h.t.HelmChartContainer - [hivemq-test-hivemq-platform] [hivemq-platform-operator] [ce180b12] 17:09:31.720 [pool-6-thread-2] DEBUG c.h.p.o.d.StatefulSetResource - [helmcust] Desired StatefulSet (1 replicas) for status STARTING (READY)
2025-01-27 17:09:31,792 INFO c.h.h.t.HelmChartContainer - [hivemq-test-hivemq-platform] [hivemq-platform-operator] [ce180b12] 17:09:31.788 [ReconcilerExecutor-hivemq-controller-109] INFO  c.h.p.o.HiveMQPlatformReconciler - [helmcust] Reconciling HiveMQ Platform 'test-hivemq-platform' in namespace 'helmcustomextensionit'
2025-01-27 17:09:31,792 INFO c.h.h.t.HelmChartContainer - [hivemq-test-hivemq-platform] [hivemq-platform-operator] [ce180b12] 17:09:31.788 [ReconcilerExecutor-hivemq-controller-109] DEBUG c.h.p.o.HiveMQPlatformReconciler - [helmcust] Custom Resource Status STARTING - HiveMQ Platform is starting (READY)
2025-01-27 17:09:31,792 INFO c.h.h.t.HelmChartContainer - [hivemq-test-hivemq-platform] [hivemq-platform-operator] [ce180b12] 17:09:31.788 [ReconcilerExecutor-hivemq-controller-109] DEBUG c.h.p.o.HiveMQPlatformReconciler - [helmcust] Custom Resource Spec (replicas: 1) (extensions: 1)
2025-01-27 17:09:31,792 INFO c.h.h.t.HelmChartContainer - [hivemq-test-hivemq-platform] [hivemq-platform-operator] [ce180b12] 17:09:31.791 [ReconcilerExecutor-hivemq-controller-109] DEBUG c.h.p.o.HiveMQPlatformReconciler - [helmcust] StatefulSet Status (revision: test-hivemq-platform-c4ff8d65f, replicas: 1, available: 0, ready: 0, current: 1, updated: 1)
2025-01-27 17:09:31,794 INFO c.h.h.t.HelmChartContainer - [hivemq-test-hivemq-platform] [hivemq-platform-operator] [ce180b12] 17:09:31.791 [ReconcilerExecutor-hivemq-controller-109] DEBUG c.h.p.o.HiveMQPlatformReconciler - [helmcust] StatefulSet Spec (replicas: 1, init containers: 1, containers: 1, volumes: 3)
2025-01-27 17:09:31,795 INFO c.h.h.t.HelmChartContainer - [hivemq-test-hivemq-platform] [hivemq-platform-operator] [ce180b12] 17:09:31.794 [ReconcilerExecutor-hivemq-controller-109] DEBUG c.h.p.o.h.HiveMQPlatformReconcilerErrorHandler - [helmcust] Pod 'test-hivemq-platform-0' phase Pending
2025-01-27 17:09:31,798 INFO c.h.h.t.HelmChartContainer - [hivemq-test-hivemq-platform] [hivemq-platform-operator] [ce180b12] 17:09:31.795 [ReconcilerExecutor-hivemq-controller-109] DEBUG c.h.p.o.h.HiveMQPlatformReconcilerErrorHandler - [helmcust] Pod 'test-hivemq-platform-0' condition 'PodReadyToStartContainers': True
2025-01-27 17:09:31,798 INFO c.h.h.t.HelmChartContainer - [hivemq-test-hivemq-platform] [hivemq-platform-operator] [ce180b12] 17:09:31.795 [ReconcilerExecutor-hivemq-controller-109] DEBUG c.h.p.o.h.HiveMQPlatformReconcilerErrorHandler - [helmcust] Pod 'test-hivemq-platform-0' condition 'Initialized': True
2025-01-27 17:09:31,798 INFO c.h.h.t.HelmChartContainer - [hivemq-test-hivemq-platform] [hivemq-platform-operator] [ce180b12] 17:09:31.795 [ReconcilerExecutor-hivemq-controller-109] DEBUG c.h.p.o.h.HiveMQPlatformReconcilerErrorHandler - [helmcust] Pod 'test-hivemq-platform-0' condition 'Ready': False
2025-01-27 17:09:31,798 INFO c.h.h.t.HelmChartContainer - [hivemq-test-hivemq-platform] [hivemq-platform-operator] [ce180b12] 17:09:31.795 [ReconcilerExecutor-hivemq-controller-109] DEBUG c.h.p.o.h.HiveMQPlatformReconcilerErrorHandler - [helmcust] Pod 'test-hivemq-platform-0' condition 'ContainersReady': False
2025-01-27 17:09:31,798 INFO c.h.h.t.HelmChartContainer - [hivemq-test-hivemq-platform] [hivemq-platform-operator] [ce180b12] 17:09:31.795 [ReconcilerExecutor-hivemq-controller-109] DEBUG c.h.p.o.h.HiveMQPlatformReconcilerErrorHandler - [helmcust] Pod 'test-hivemq-platform-0' condition 'PodScheduled': True
2025-01-27 17:09:31,798 INFO c.h.h.t.HelmChartContainer - [hivemq-test-hivemq-platform] [hivemq-platform-operator] [ce180b12] 17:09:31.795 [ReconcilerExecutor-hivemq-controller-109] DEBUG c.h.p.o.h.HiveMQPlatformReconcilerErrorHandler - [helmcust] Pod 'test-hivemq-platform-0' containerStatus 'hivemq' (started: false) (ready: false) (waiting: [PodInitializing] null)
2025-01-27 17:09:31,798 INFO c.h.h.t.HelmChartContainer - [hivemq-test-hivemq-platform] [hivemq-platform-operator] [ce180b12] 17:09:31.796 [ReconcilerExecutor-hivemq-controller-109] INFO  c.h.p.o.h.HiveMQPlatformReconcilerBaseHandler - [helmcust] HiveMQ Platform is starting, 0 of 1 replicas are ready
2025-01-27 17:09:34,015 INFO c.h.h.t.HelmChartContainer - [EVENT] Normal [Created] Created container: hivemq [helmcustomextensionit:test-hivemq-platform-0]
2025-01-27 17:09:34,015 INFO c.h.h.t.HelmChartContainer - Received Created event for container hivemq in pod test-hivemq-platform-0 [7ee17219-2025-48cf-addc-844b1e277760]
2025-01-27 17:09:34,704 INFO c.h.h.t.HelmChartContainer - [POD] test-hivemq-platform-0 [7ee17219-2025-48cf-addc-844b1e277760] in helmcustomextensionit was MODIFIED
2025-01-27 17:09:34,715 INFO c.h.h.t.HelmChartContainer - [hivemq-test-hivemq-platform] [hivemq-platform-operator] [ce180b12] 17:09:34.709 [pool-6-thread-14] DEBUG c.h.p.o.d.PlatformServiceResource - [helmcust] Desired Platform services (3 services)
2025-01-27 17:09:34,716 INFO c.h.h.t.HelmChartContainer - [hivemq-test-hivemq-platform] [hivemq-platform-operator] [ce180b12] 17:09:34.715 [pool-6-thread-15] DEBUG c.h.p.o.d.PodServiceAccountResource - [helmcust] Desired PodServiceAccountResource (serviceAccountName: hivemq-platform-pod-test-hivemq-platform)
2025-01-27 17:09:34,716 INFO c.h.h.t.HelmChartContainer - [EVENT] Normal [Started] Started container hivemq [helmcustomextensionit:test-hivemq-platform-0]
2025-01-27 17:09:34,717 INFO c.h.h.t.HelmChartContainer - Received Started event for container hivemq in pod test-hivemq-platform-0 [7ee17219-2025-48cf-addc-844b1e277760]
2025-01-27 17:09:34,717 INFO c.h.h.t.HelmChartContainer - Started log watcher for hivemq in pod test-hivemq-platform-0 [7ee17219-2025-48cf-addc-844b1e277760]
2025-01-27 17:09:34,717 INFO c.h.h.t.HelmChartContainer - [test-hivemq-platform] [hivemq] [7ee17219] Adding pre-installed HiveMQ Platform Operator extensions
2025-01-27 17:09:34,717 INFO c.h.h.t.HelmChartContainer - [test-hivemq-platform] [hivemq] [7ee17219] Running as user 10000
2025-01-27 17:09:34,717 INFO c.h.h.t.HelmChartContainer - [test-hivemq-platform] [hivemq] [7ee17219] Starting HiveMQ Platform Operator Init
2025-01-27 17:09:34,720 INFO c.h.h.t.HelmChartContainer - [hivemq-test-hivemq-platform] [hivemq-platform-operator] [ce180b12] 17:09:34.718 [pool-6-thread-16] DEBUG c.h.p.o.dependants.PodInfoConfigMap - [helmcust] Desired PodInfo ConfigMap (1 extensions) (1 enabled)
2025-01-27 17:09:34,721 INFO c.h.h.t.HelmChartContainer - [hivemq-test-hivemq-platform] [hivemq-platform-operator] [ce180b12] 17:09:34.718 [pool-6-thread-16] DEBUG c.h.p.o.dependants.PodInfoConfigMap - [helmcust] Desired PodInfo ConfigMap (metrics port: 9399) (metrics path: /)
2025-01-27 17:09:34,721 INFO c.h.h.t.HelmChartContainer - [hivemq-test-hivemq-platform] [hivemq-platform-operator] [ce180b12] 17:09:34.718 [pool-6-thread-16] DEBUG c.h.p.o.dependants.PodInfoConfigMap - [helmcust] Desired PodInfo ConfigMap (extension state hash: -1287821691)
2025-01-27 17:09:34,725 INFO c.h.h.t.HelmChartContainer - [hivemq-test-hivemq-platform] [hivemq-platform-operator] [ce180b12] 17:09:34.724 [pool-6-thread-16] DEBUG c.h.p.o.d.StatefulSetResource - [helmcust] Desired StatefulSet (1 replicas) for status STARTING (READY)
2025-01-27 17:09:34,795 INFO c.h.h.t.HelmChartContainer - [hivemq-test-hivemq-platform] [hivemq-platform-operator] [ce180b12] 17:09:34.788 [ReconcilerExecutor-hivemq-controller-110] INFO  c.h.p.o.HiveMQPlatformReconciler - [helmcust] Reconciling HiveMQ Platform 'test-hivemq-platform' in namespace 'helmcustomextensionit'
2025-01-27 17:09:34,795 INFO c.h.h.t.HelmChartContainer - [hivemq-test-hivemq-platform] [hivemq-platform-operator] [ce180b12] 17:09:34.788 [ReconcilerExecutor-hivemq-controller-110] DEBUG c.h.p.o.HiveMQPlatformReconciler - [helmcust] Custom Resource Status STARTING - HiveMQ Platform is starting (READY)
2025-01-27 17:09:34,795 INFO c.h.h.t.HelmChartContainer - [hivemq-test-hivemq-platform] [hivemq-platform-operator] [ce180b12] 17:09:34.788 [ReconcilerExecutor-hivemq-controller-110] DEBUG c.h.p.o.HiveMQPlatformReconciler - [helmcust] Custom Resource Spec (replicas: 1) (extensions: 1)
2025-01-27 17:09:34,795 INFO c.h.h.t.HelmChartContainer - [hivemq-test-hivemq-platform] [hivemq-platform-operator] [ce180b12] 17:09:34.790 [ReconcilerExecutor-hivemq-controller-110] DEBUG c.h.p.o.HiveMQPlatformReconciler - [helmcust] StatefulSet Status (revision: test-hivemq-platform-c4ff8d65f, replicas: 1, available: 0, ready: 0, current: 1, updated: 1)
2025-01-27 17:09:34,795 INFO c.h.h.t.HelmChartContainer - [hivemq-test-hivemq-platform] [hivemq-platform-operator] [ce180b12] 17:09:34.790 [ReconcilerExecutor-hivemq-controller-110] DEBUG c.h.p.o.HiveMQPlatformReconciler - [helmcust] StatefulSet Spec (replicas: 1, init containers: 1, containers: 1, volumes: 3)
2025-01-27 17:09:34,798 INFO c.h.h.t.HelmChartContainer - [hivemq-test-hivemq-platform] [hivemq-platform-operator] [ce180b12] 17:09:34.796 [ReconcilerExecutor-hivemq-controller-110] DEBUG c.h.p.o.h.HiveMQPlatformReconcilerErrorHandler - [helmcust] Pod 'test-hivemq-platform-0' phase Running
2025-01-27 17:09:34,799 INFO c.h.h.t.HelmChartContainer - [hivemq-test-hivemq-platform] [hivemq-platform-operator] [ce180b12] 17:09:34.797 [ReconcilerExecutor-hivemq-controller-110] INFO  c.h.p.o.h.HiveMQPlatformReconcilerBaseHandler - [helmcust] HiveMQ Platform is starting, 0 of 1 replicas are ready
2025-01-27 17:09:35,289 INFO c.h.h.t.HelmChartContainer - [test-hivemq-platform] [hivemq] [7ee17219] INFO  - [HiveMQ Platform Operator Init 1.7.0-SNAPSHOT] HiveMQ Platform Operator Init 1.7.0-SNAPSHOT (commit: bebf408 on branch: HEAD) built on Sun Jan 26 20:47:47 UTC 2025
2025-01-27 17:09:36,598 INFO c.h.h.t.HelmChartContainer - [test-hivemq-platform] [hivemq] [7ee17219] INFO  - [HiveMQ Platform Operator Init App 1.7.0-SNAPSHOT] Using bind address 10.42.0.13 from environment variable
2025-01-27 17:09:37,599 INFO c.h.h.t.HelmChartContainer - [test-hivemq-platform] [hivemq] [7ee17219] INFO  - [HiveMQ Platform Operator Init App 1.7.0-SNAPSHOT] HiveMQ Platform Operator Init App 1.7.0-SNAPSHOT (commit: bebf408 on branch: HEAD) built on Sun Jan 26 20:47:47 UTC 2025
2025-01-27 17:09:37,599 INFO c.h.h.t.HelmChartContainer - [test-hivemq-platform] [hivemq] [7ee17219] INFO  - [HiveMQ Platform Operator Init App 1.7.0-SNAPSHOT] PodInfo ConfigMap directory: /etc/podinfo
2025-01-27 17:09:37,599 INFO c.h.h.t.HelmChartContainer - [test-hivemq-platform] [hivemq] [7ee17219] INFO  - [HiveMQ Platform Operator Init App 1.7.0-SNAPSHOT] HiveMQ home directory: /opt/hivemq
2025-01-27 17:09:37,599 INFO c.h.h.t.HelmChartContainer - [test-hivemq-platform] [hivemq] [7ee17219] INFO  - [HiveMQ Platform Operator Init App 1.7.0-SNAPSHOT] HiveMQ Logback folder: /opt/hivemq/conf
2025-01-27 17:09:37,599 INFO c.h.h.t.HelmChartContainer - [test-hivemq-platform] [hivemq] [7ee17219] INFO  - [HiveMQ Platform Operator Init App 1.7.0-SNAPSHOT] HiveMQ Config folder: /opt/hivemq/conf-k8s
2025-01-27 17:09:37,600 INFO c.h.h.t.HelmChartContainer - [test-hivemq-platform] [hivemq] [7ee17219] INFO  - [HiveMQ Platform Operator Init App 1.7.0-SNAPSHOT] Starting HiveMQ Platform Operator Init App
2025-01-27 17:09:37,600 INFO c.h.h.t.HelmChartContainer - [test-hivemq-platform] [hivemq] [7ee17219] INFO  - [HiveMQ Platform Operator Init App 1.7.0-SNAPSHOT] Starting Pod reconciler
2025-01-27 17:09:38,886 INFO c.h.h.t.HelmChartContainer - [test-hivemq-platform] [hivemq] [7ee17219] INFO  - [HiveMQ Platform Operator Init App 1.7.0-SNAPSHOT] Pod reconciler is scheduled (interval: 5000 ms)
2025-01-27 17:09:38,887 INFO c.h.h.t.HelmChartContainer - [test-hivemq-platform] [hivemq] [7ee17219] INFO  - [HiveMQ Platform Operator Init App 1.7.0-SNAPSHOT] Starting the REST API on 10.42.0.13:7979
2025-01-27 17:09:38,889 INFO c.h.h.t.HelmChartContainer - [test-hivemq-platform] [hivemq] [7ee17219] INFO  - [HiveMQ Platform Operator Init App 1.7.0-SNAPSHOT] Waiting up to 600s for at most 1 HiveMQ nodes in cluster service hivemq-test-hivemq-platform-cluster.helmcustomextensionit.svc
2025-01-27 17:09:39,284 INFO c.h.h.t.HelmChartContainer - [test-hivemq-platform] [hivemq] [7ee17219] INFO  - [HiveMQ Platform Operator Init App 1.7.0-SNAPSHOT] Resolved 1 IP addresses: [10.42.0.13]
2025-01-27 17:09:39,284 INFO c.h.h.t.HelmChartContainer - [test-hivemq-platform] [hivemq] [7ee17219] INFO  - [HiveMQ Platform Operator Init App 1.7.0-SNAPSHOT] HiveMQ node count of 1 is within threshold of 1
2025-01-27 17:09:39,284 INFO c.h.h.t.HelmChartContainer - [test-hivemq-platform] [hivemq] [7ee17219] INFO  - [HiveMQ Platform Operator Init App 1.7.0-SNAPSHOT] Proceeding with container start
2025-01-27 17:09:39,307 INFO c.h.h.t.HelmChartContainer - [test-hivemq-platform] [hivemq] [7ee17219] INFO  - [HiveMQ Platform Operator Init App 1.7.0-SNAPSHOT] Initializing HiveMQ Platform extensions with initial configuration: {hivemq-custom-test-extension={start-priority=-1, skip-https-hostname-verification=true, restart=true, config-version=0, header-version=0, c-uri=, priority=-1, uri=https://nginx-service/hivemq-custom-test-extension-3.0.0.zip, skip-https-certificate-validation=true, enabled=true}, hivemq-prometheus-extension={request-header-path=no-request-headers, uri=preinstalled, skip-https-certificate-validation=false, skip-https-hostname-verification=false, c-uri=, start-priority=-1, priority=-1, restart=true, enabled=true}}
2025-01-27 17:09:39,308 INFO c.h.h.t.HelmChartContainer - [test-hivemq-platform] [hivemq] [7ee17219] INFO  - [HiveMQ Platform Operator Init App 1.7.0-SNAPSHOT] Installing custom extension hivemq-custom-test-extension from URL https://nginx-service/hivemq-custom-test-extension-3.0.0.zip
2025-01-27 17:09:39,310 INFO c.h.h.t.HelmChartContainer - [test-hivemq-platform] [hivemq] [7ee17219] INFO  - [HiveMQ Platform Operator Init App 1.7.0-SNAPSHOT] Downloading custom extension hivemq-custom-test-extension into '/tmp/hivemq-custom-test-extension5801950210283317073/extension.zip'
2025-01-27 17:09:39,898 INFO c.h.h.t.HelmChartContainer - [nginx-76b85b66c4-fr8] [nginx] [e7a423fd] 10.42.0.13 - - [27/Jan/2025:17:09:39 +0000] "GET /hivemq-custom-test-extension-3.0.0.zip HTTP/1.1" 200 11637 "-" "Java-http-client/21.0.5" "-"
2025-01-27 17:09:39,995 INFO c.h.h.t.HelmChartContainer - [test-hivemq-platform] [hivemq] [7ee17219] INFO  - [HiveMQ Platform Operator Init App 1.7.0-SNAPSHOT] Copy extension from '/tmp/hivemq-custom-test-extension5801950210283317073/hivemq-custom-test-extension' to '/opt/hivemq/extensions/hivemq-custom-test-extension'
2025-01-27 17:09:39,996 INFO c.h.h.t.HelmChartContainer - [test-hivemq-platform] [hivemq] [7ee17219] INFO  - [HiveMQ Platform Operator Init App 1.7.0-SNAPSHOT] Found hivemq-extension.xml in folder '/tmp/hivemq-custom-test-extension5801950210283317073/hivemq-custom-test-extension/hivemq-custom-test-extension'
2025-01-27 17:09:40,491 INFO c.h.h.t.HelmChartContainer - [test-hivemq-platform] [hivemq] [7ee17219] INFO  - [HiveMQ Platform Operator Init App 1.7.0-SNAPSHOT] Extension hivemq-custom-test-extension was already enabled
2025-01-27 17:09:40,563 INFO c.h.h.t.HelmChartContainer - [test-hivemq-platform] [hivemq] [7ee17219] INFO  - [HiveMQ Platform Operator Init App 1.7.0-SNAPSHOT] Successfully enabled extension hivemq-prometheus-extension
2025-01-27 17:09:40,564 INFO c.h.h.t.HelmChartContainer - [test-hivemq-platform] [hivemq] [7ee17219] INFO  - [HiveMQ Platform Operator Init App 1.7.0-SNAPSHOT] Starting HiveMQ Platform version 4.35.0 (4.35.0)
2025-01-27 17:09:40,564 INFO c.h.h.t.HelmChartContainer - [test-hivemq-platform] [hivemq] [7ee17219] INFO  - [HiveMQ Platform Operator Init App 1.7.0-SNAPSHOT] Configuring the HiveMQ Platform
2025-01-27 17:09:40,588 INFO c.h.h.t.HelmChartContainer - [test-hivemq-platform] [hivemq] [7ee17219] INFO  - [HiveMQ Platform Operator Init App 1.7.0-SNAPSHOT] Changed logback.xml file scan period to 20 seconds
2025-01-27 17:09:40,686 INFO c.h.h.t.HelmChartContainer - [test-hivemq-platform] [hivemq] [7ee17219] INFO  - [HiveMQ Platform Operator Init App 1.7.0-SNAPSHOT] Starting the HiveMQ Platform
2025-01-27 17:09:40,689 INFO c.h.h.t.HelmChartContainer - [test-hivemq-platform] [hivemq] [7ee17219] -------------------------------------------------------------------------
2025-01-27 17:09:40,689 INFO c.h.h.t.HelmChartContainer - [test-hivemq-platform] [hivemq] [7ee17219] 
2025-01-27 17:09:40,690 INFO c.h.h.t.HelmChartContainer - [test-hivemq-platform] [hivemq] [7ee17219]                   _    _  _              __  __   ____
2025-01-27 17:09:40,690 INFO c.h.h.t.HelmChartContainer - [test-hivemq-platform] [hivemq] [7ee17219]                  | |  | |(_)            |  \/  | / __ \
2025-01-27 17:09:40,690 INFO c.h.h.t.HelmChartContainer - [test-hivemq-platform] [hivemq] [7ee17219]                  | |__| | _ __   __ ___ | \  / || |  | |
2025-01-27 17:09:40,690 INFO c.h.h.t.HelmChartContainer - [test-hivemq-platform] [hivemq] [7ee17219]                  |  __  || |\ \ / // _ \| |\/| || |  | |
2025-01-27 17:09:40,690 INFO c.h.h.t.HelmChartContainer - [test-hivemq-platform] [hivemq] [7ee17219]                  | |  | || | \ V /|  __/| |  | || |__| |
2025-01-27 17:09:40,690 INFO c.h.h.t.HelmChartContainer - [test-hivemq-platform] [hivemq] [7ee17219]                  |_|  |_||_|  \_/  \___||_|  |_| \___\_\
2025-01-27 17:09:40,690 INFO c.h.h.t.HelmChartContainer - [test-hivemq-platform] [hivemq] [7ee17219] 
2025-01-27 17:09:40,690 INFO c.h.h.t.HelmChartContainer - [test-hivemq-platform] [hivemq] [7ee17219] -------------------------------------------------------------------------
2025-01-27 17:09:40,690 INFO c.h.h.t.HelmChartContainer - [test-hivemq-platform] [hivemq] [7ee17219] 
2025-01-27 17:09:40,690 INFO c.h.h.t.HelmChartContainer - [test-hivemq-platform] [hivemq] [7ee17219]   HiveMQ Start Script for Linux/Unix v1.14
2025-01-27 17:09:40,690 INFO c.h.h.t.HelmChartContainer - [test-hivemq-platform] [hivemq] [7ee17219] 
2025-01-27 17:09:40,764 INFO c.h.h.t.HelmChartContainer - [test-hivemq-platform] [hivemq] [7ee17219] INFO  - [HiveMQ Platform Operator Init App 1.7.0-SNAPSHOT] Returning default Health API response 503 for readiness
2025-01-27 17:09:40,798 INFO c.h.h.t.HelmChartContainer - [test-hivemq-platform] [hivemq] [7ee17219] -------------------------------------------------------------------------
2025-01-27 17:09:40,798 INFO c.h.h.t.HelmChartContainer - [test-hivemq-platform] [hivemq] [7ee17219] 
2025-01-27 17:09:40,798 INFO c.h.h.t.HelmChartContainer - [test-hivemq-platform] [hivemq] [7ee17219]   HIVEMQ_HOME: /opt/hivemq
2025-01-27 17:09:40,798 INFO c.h.h.t.HelmChartContainer - [test-hivemq-platform] [hivemq] [7ee17219] 
2025-01-27 17:09:40,798 INFO c.h.h.t.HelmChartContainer - [test-hivemq-platform] [hivemq] [7ee17219]   JAVA_OPTS: -XX:+UnlockExperimentalVMOptions -XX:InitialRAMPercentage=50 -XX:MaxRAMPercentage=50 -Djava.net.preferIPv4Stack=true --add-opens java.base/java.lang=ALL-UNNAMED --add-opens java.base/java.nio=ALL-UNNAMED --add-opens java.base/sun.nio.ch=ALL-UNNAMED --add-opens jdk.management/com.sun.management.internal=ALL-UNNAMED --add-exports java.base/jdk.internal.misc=ALL-UNNAMED -Djava.security.egd=file:/dev/./urandom -Dcom.sun.management.jmxremote -Dcom.sun.management.jmxremote.port=9010 -Dcom.sun.management.jmxremote.local.only=false -Dcom.sun.management.jmxremote.authenticate=false -Dcom.sun.management.jmxremote.ssl=false -Duser.language=en -Duser.region=US -XX:+CrashOnOutOfMemoryError -XX:+HeapDumpOnOutOfMemoryError
2025-01-27 17:09:40,798 INFO c.h.h.t.HelmChartContainer - [test-hivemq-platform] [hivemq] [7ee17219] 
2025-01-27 17:09:40,798 INFO c.h.h.t.HelmChartContainer - [test-hivemq-platform] [hivemq] [7ee17219]   JAVA_VERSION: 21
2025-01-27 17:09:40,798 INFO c.h.h.t.HelmChartContainer - [test-hivemq-platform] [hivemq] [7ee17219] 
2025-01-27 17:09:40,798 INFO c.h.h.t.HelmChartContainer - [test-hivemq-platform] [hivemq] [7ee17219] -------------------------------------------------------------------------
2025-01-27 17:09:40,798 INFO c.h.h.t.HelmChartContainer - [test-hivemq-platform] [hivemq] [7ee17219] 
2025-01-27 17:09:40,897 INFO c.h.h.t.HelmChartContainer - [nginx-76b85b66c4-fr8] [nginx] [e7a423fd] 2025/01/27 17:09:40 [info] 22#22: *1 client 10.42.0.13 closed keepalive connection
2025-01-27 17:09:41,192 INFO c.h.h.t.HelmChartContainer - [EVENT] Warning [Unhealthy] Readiness probe failed: HTTP probe failed with statuscode: 503 [helmcustomextensionit:test-hivemq-platform-0]
2025-01-27 17:09:41,192 INFO c.h.h.t.HelmChartContainer - Received Unhealthy event for container hivemq in pod test-hivemq-platform-0 [7ee17219-2025-48cf-addc-844b1e277760]
2025-01-27 17:09:43,465 INFO c.h.h.t.HelmChartContainer - [test-hivemq-platform] [hivemq] [7ee17219] INFO  - Starting HiveMQ Enterprise Server
2025-01-27 17:09:43,483 INFO c.h.h.t.HelmChartContainer - [test-hivemq-platform] [hivemq] [7ee17219] INFO  - HiveMQ version: 4.35.0
2025-01-27 17:09:43,483 INFO c.h.h.t.HelmChartContainer - [test-hivemq-platform] [hivemq] [7ee17219] INFO  - HiveMQ home directory: /opt/hivemq
2025-01-27 17:09:43,483 INFO c.h.h.t.HelmChartContainer - [test-hivemq-platform] [hivemq] [7ee17219] INFO  - Log Configuration was overridden by /opt/hivemq/conf/logback.xml
2025-01-27 17:09:44,808 INFO c.h.h.t.HelmChartContainer - [hivemq-test-hivemq-platform] [hivemq-platform-operator] [ce180b12] 17:09:44.803 [pool-6-thread-26] DEBUG c.h.p.o.d.PlatformServiceResource - [helmcust] Desired Platform services (3 services)
2025-01-27 17:09:44,808 INFO c.h.h.t.HelmChartContainer - [hivemq-test-hivemq-platform] [hivemq-platform-operator] [ce180b12] 17:09:44.804 [pool-6-thread-24] DEBUG c.h.p.o.d.PodServiceAccountResource - [helmcust] Desired PodServiceAccountResource (serviceAccountName: hivemq-platform-pod-test-hivemq-platform)
2025-01-27 17:09:44,808 INFO c.h.h.t.HelmChartContainer - [hivemq-test-hivemq-platform] [hivemq-platform-operator] [ce180b12] 17:09:44.806 [pool-6-thread-25] DEBUG c.h.p.o.dependants.PodInfoConfigMap - [helmcust] Desired PodInfo ConfigMap (1 extensions) (1 enabled)
2025-01-27 17:09:44,808 INFO c.h.h.t.HelmChartContainer - [hivemq-test-hivemq-platform] [hivemq-platform-operator] [ce180b12] 17:09:44.806 [pool-6-thread-25] DEBUG c.h.p.o.dependants.PodInfoConfigMap - [helmcust] Desired PodInfo ConfigMap (metrics port: 9399) (metrics path: /)
2025-01-27 17:09:44,808 INFO c.h.h.t.HelmChartContainer - [hivemq-test-hivemq-platform] [hivemq-platform-operator] [ce180b12] 17:09:44.806 [pool-6-thread-25] DEBUG c.h.p.o.dependants.PodInfoConfigMap - [helmcust] Desired PodInfo ConfigMap (extension state hash: -1287821691)
2025-01-27 17:09:44,813 INFO c.h.h.t.HelmChartContainer - [hivemq-test-hivemq-platform] [hivemq-platform-operator] [ce180b12] 17:09:44.811 [pool-6-thread-26] DEBUG c.h.p.o.d.StatefulSetResource - [helmcust] Desired StatefulSet (1 replicas) for status STARTING (READY)
2025-01-27 17:09:44,817 INFO c.h.h.t.HelmChartContainer - [hivemq-test-hivemq-platform] [hivemq-platform-operator] [ce180b12] 17:09:44.815 [ReconcilerExecutor-hivemq-controller-111] INFO  c.h.p.o.HiveMQPlatformReconciler - [helmcust] Reconciling HiveMQ Platform 'test-hivemq-platform' in namespace 'helmcustomextensionit'
2025-01-27 17:09:44,817 INFO c.h.h.t.HelmChartContainer - [hivemq-test-hivemq-platform] [hivemq-platform-operator] [ce180b12] 17:09:44.815 [ReconcilerExecutor-hivemq-controller-111] DEBUG c.h.p.o.HiveMQPlatformReconciler - [helmcust] Custom Resource Status STARTING - HiveMQ Platform is starting (READY)
2025-01-27 17:09:44,817 INFO c.h.h.t.HelmChartContainer - [hivemq-test-hivemq-platform] [hivemq-platform-operator] [ce180b12] 17:09:44.816 [ReconcilerExecutor-hivemq-controller-111] DEBUG c.h.p.o.HiveMQPlatformReconciler - [helmcust] Custom Resource Spec (replicas: 1) (extensions: 1)
2025-01-27 17:09:44,818 INFO c.h.h.t.HelmChartContainer - [hivemq-test-hivemq-platform] [hivemq-platform-operator] [ce180b12] 17:09:44.817 [ReconcilerExecutor-hivemq-controller-111] DEBUG c.h.p.o.HiveMQPlatformReconciler - [helmcust] StatefulSet Status (revision: test-hivemq-platform-c4ff8d65f, replicas: 1, available: 0, ready: 0, current: 1, updated: 1)
2025-01-27 17:09:44,819 INFO c.h.h.t.HelmChartContainer - [hivemq-test-hivemq-platform] [hivemq-platform-operator] [ce180b12] 17:09:44.817 [ReconcilerExecutor-hivemq-controller-111] DEBUG c.h.p.o.HiveMQPlatformReconciler - [helmcust] StatefulSet Spec (replicas: 1, init containers: 1, containers: 1, volumes: 3)
2025-01-27 17:09:44,819 INFO c.h.h.t.HelmChartContainer - [hivemq-test-hivemq-platform] [hivemq-platform-operator] [ce180b12] 17:09:44.819 [ReconcilerExecutor-hivemq-controller-111] DEBUG c.h.p.o.h.HiveMQPlatformReconcilerErrorHandler - [helmcust] Pod 'test-hivemq-platform-0' phase Running
2025-01-27 17:09:44,821 INFO c.h.h.t.HelmChartContainer - [hivemq-test-hivemq-platform] [hivemq-platform-operator] [ce180b12] 17:09:44.819 [ReconcilerExecutor-hivemq-controller-111] INFO  c.h.p.o.h.HiveMQPlatformReconcilerBaseHandler - [helmcust] HiveMQ Platform is starting, 0 of 1 replicas are ready
2025-01-27 17:09:45,789 INFO c.h.h.t.HelmChartContainer - [test-hivemq-platform] [hivemq] [7ee17219] WARN  - [HiveMQ Platform Operator Init App 1.7.0-SNAPSHOT] Cannot connect to Health API for readiness: null
2025-01-27 17:09:45,795 INFO c.h.h.t.HelmChartContainer - [EVENT] Warning [Unhealthy] Readiness probe failed: HTTP probe failed with statuscode: 503 [helmcustomextensionit:test-hivemq-platform-0]
2025-01-27 17:09:45,795 INFO c.h.h.t.HelmChartContainer - Received Unhealthy event for container hivemq in pod test-hivemq-platform-0 [7ee17219-2025-48cf-addc-844b1e277760]
2025-01-27 17:09:45,885 INFO c.h.h.t.HelmChartContainer - [test-hivemq-platform] [hivemq] [7ee17219] INFO  - Successfully loaded configuration from '/opt/hivemq/conf-k8s/config.xml'.
2025-01-27 17:09:46,884 INFO c.h.h.t.HelmChartContainer - [test-hivemq-platform] [hivemq] [7ee17219] INFO  - This node's ID is dsckw
2025-01-27 17:09:46,884 INFO c.h.h.t.HelmChartContainer - [test-hivemq-platform] [hivemq] [7ee17219] INFO  - Clustering is enabled
2025-01-27 17:09:48,089 INFO c.h.h.t.HelmChartContainer - [test-hivemq-platform] [hivemq] [7ee17219] Jan 27, 2025 5:09:48 PM io.vertx.core.impl.BlockedThreadChecker
2025-01-27 17:09:48,089 INFO c.h.h.t.HelmChartContainer - [test-hivemq-platform] [hivemq] [7ee17219] WARNING: Thread Thread[vert.x-eventloop-thread-1,5,main] has been blocked for 2496 ms, time limit is 2000 ms
2025-01-27 17:09:48,686 INFO c.h.h.t.HelmChartContainer - [test-hivemq-platform] [hivemq] [7ee17219] INFO  - [HiveMQ Platform Operator Init App 1.7.0-SNAPSHOT] Updating Pod HiveMQ Platform Operator Init App version annotation (version: 1.7.0-SNAPSHOT)
2025-01-27 17:09:49,497 INFO c.h.h.t.HelmChartContainer - [POD] test-hivemq-platform-0 [7ee17219-2025-48cf-addc-844b1e277760] in helmcustomextensionit was MODIFIED
2025-01-27 17:09:49,504 INFO c.h.h.t.HelmChartContainer - [hivemq-test-hivemq-platform] [hivemq-platform-operator] [ce180b12] 17:09:49.502 [pool-6-thread-37] DEBUG c.h.p.o.d.PlatformServiceResource - [helmcust] Desired Platform services (3 services)
2025-01-27 17:09:49,505 INFO c.h.h.t.HelmChartContainer - [hivemq-test-hivemq-platform] [hivemq-platform-operator] [ce180b12] 17:09:49.504 [pool-6-thread-34] DEBUG c.h.p.o.d.PodServiceAccountResource - [helmcust] Desired PodServiceAccountResource (serviceAccountName: hivemq-platform-pod-test-hivemq-platform)
2025-01-27 17:09:49,506 INFO c.h.h.t.HelmChartContainer - [hivemq-test-hivemq-platform] [hivemq-platform-operator] [ce180b12] 17:09:49.503 [pool-6-thread-36] DEBUG c.h.p.o.dependants.PodInfoConfigMap - [helmcust] Desired PodInfo ConfigMap (1 extensions) (1 enabled)
2025-01-27 17:09:49,508 INFO c.h.h.t.HelmChartContainer - [hivemq-test-hivemq-platform] [hivemq-platform-operator] [ce180b12] 17:09:49.506 [pool-6-thread-36] DEBUG c.h.p.o.dependants.PodInfoConfigMap - [helmcust] Desired PodInfo ConfigMap (metrics port: 9399) (metrics path: /)
2025-01-27 17:09:49,509 INFO c.h.h.t.HelmChartContainer - [hivemq-test-hivemq-platform] [hivemq-platform-operator] [ce180b12] 17:09:49.507 [pool-6-thread-36] DEBUG c.h.p.o.dependants.PodInfoConfigMap - [helmcust] Desired PodInfo ConfigMap (extension state hash: -1287821691)
2025-01-27 17:09:49,512 INFO c.h.h.t.HelmChartContainer - [hivemq-test-hivemq-platform] [hivemq-platform-operator] [ce180b12] 17:09:49.511 [pool-6-thread-31] DEBUG c.h.p.o.d.StatefulSetResource - [helmcust] Desired StatefulSet (1 replicas) for status STARTING (READY)
2025-01-27 17:09:49,586 INFO c.h.h.t.HelmChartContainer - [test-hivemq-platform] [hivemq] [7ee17219] WARN  - [HiveMQ Platform Operator Init App 1.7.0-SNAPSHOT] Cannot connect to Health API for readiness: null
2025-01-27 17:09:49,596 INFO c.h.h.t.HelmChartContainer - [hivemq-test-hivemq-platform] [hivemq-platform-operator] [ce180b12] 17:09:49.591 [ReconcilerExecutor-hivemq-controller-112] INFO  c.h.p.o.HiveMQPlatformReconciler - [helmcust] Reconciling HiveMQ Platform 'test-hivemq-platform' in namespace 'helmcustomextensionit'
2025-01-27 17:09:49,596 INFO c.h.h.t.HelmChartContainer - [hivemq-test-hivemq-platform] [hivemq-platform-operator] [ce180b12] 17:09:49.591 [ReconcilerExecutor-hivemq-controller-112] DEBUG c.h.p.o.HiveMQPlatformReconciler - [helmcust] Custom Resource Status STARTING - HiveMQ Platform is starting (READY)
2025-01-27 17:09:49,596 INFO c.h.h.t.HelmChartContainer - [hivemq-test-hivemq-platform] [hivemq-platform-operator] [ce180b12] 17:09:49.591 [ReconcilerExecutor-hivemq-controller-112] DEBUG c.h.p.o.HiveMQPlatformReconciler - [helmcust] Custom Resource Spec (replicas: 1) (extensions: 1)
2025-01-27 17:09:49,597 INFO c.h.h.t.HelmChartContainer - [EVENT] Warning [Unhealthy] Readiness probe failed: HTTP probe failed with statuscode: 503 [helmcustomextensionit:test-hivemq-platform-0]
2025-01-27 17:09:49,597 INFO c.h.h.t.HelmChartContainer - Received Unhealthy event for container hivemq in pod test-hivemq-platform-0 [7ee17219-2025-48cf-addc-844b1e277760]
2025-01-27 17:09:49,599 INFO c.h.h.t.HelmChartContainer - [hivemq-test-hivemq-platform] [hivemq-platform-operator] [ce180b12] 17:09:49.595 [ReconcilerExecutor-hivemq-controller-112] DEBUG c.h.p.o.HiveMQPlatformReconciler - [helmcust] StatefulSet Status (revision: test-hivemq-platform-c4ff8d65f, replicas: 1, available: 0, ready: 0, current: 1, updated: 1)
2025-01-27 17:09:49,599 INFO c.h.h.t.HelmChartContainer - [hivemq-test-hivemq-platform] [hivemq-platform-operator] [ce180b12] 17:09:49.596 [ReconcilerExecutor-hivemq-controller-112] DEBUG c.h.p.o.HiveMQPlatformReconciler - [helmcust] StatefulSet Spec (replicas: 1, init containers: 1, containers: 1, volumes: 3)
2025-01-27 17:09:49,599 INFO c.h.h.t.HelmChartContainer - [hivemq-test-hivemq-platform] [hivemq-platform-operator] [ce180b12] 17:09:49.597 [ReconcilerExecutor-hivemq-controller-112] DEBUG c.h.p.o.h.HiveMQPlatformReconcilerErrorHandler - [helmcust] Pod 'test-hivemq-platform-0' phase Running
2025-01-27 17:09:49,599 INFO c.h.h.t.HelmChartContainer - [hivemq-test-hivemq-platform] [hivemq-platform-operator] [ce180b12] 17:09:49.598 [ReconcilerExecutor-hivemq-controller-112] INFO  c.h.p.o.h.HiveMQPlatformReconcilerBaseHandler - [helmcust] HiveMQ Platform is starting, 0 of 1 replicas are ready
2025-01-27 17:09:49,681 INFO c.h.h.t.HelmChartContainer - [test-hivemq-platform] [hivemq] [7ee17219] INFO  - [HiveMQ Platform Operator Init App 1.7.0-SNAPSHOT] Successfully updated Pod HiveMQ Platform Operator Init App version annotation (version: 1.7.0-SNAPSHOT)
2025-01-27 17:09:50,632 INFO c.h.h.t.HelmChartContainer - [K3S] [INFO] COMPACT compactRev=0 targetCompactRev=2 currentRev=1217
2025-01-27 17:09:50,633 INFO c.h.h.t.HelmChartContainer - [K3S] [INFO] COMPACT deleted 0 rows from 2 revisions in 669.002µs - compacted to 2/1217
2025-01-27 17:09:50,633 INFO c.h.h.t.HelmChartContainer - [K3S] [INFO] COMPACT compacted from 0 to 2 in 1 transactions over 1ms
2025-01-27 17:09:53,184 INFO c.h.h.t.HelmChartContainer - [K3S] [info.go:53] Couldn't collect info from any of the files in "/etc/machine-id,/var/lib/dbus/machine-id"
2025-01-27 17:09:54,501 INFO c.h.h.t.HelmChartContainer - [test-hivemq-platform] [hivemq] [7ee17219] WARN  - [HiveMQ Platform Operator Init App 1.7.0-SNAPSHOT] Cannot connect to Health API for readiness: null
2025-01-27 17:09:54,507 INFO c.h.h.t.HelmChartContainer - [EVENT] Warning [Unhealthy] Readiness probe failed: HTTP probe failed with statuscode: 503 [helmcustomextensionit:test-hivemq-platform-0]
2025-01-27 17:09:54,507 INFO c.h.h.t.HelmChartContainer - Received Unhealthy event for container hivemq in pod test-hivemq-platform-0 [7ee17219-2025-48cf-addc-844b1e277760]
2025-01-27 17:09:59,084 INFO c.h.h.t.HelmChartContainer - [test-hivemq-platform] [hivemq] [7ee17219] WARN  - [HiveMQ Platform Operator Init App 1.7.0-SNAPSHOT] Cannot connect to Health API for liveness: null
2025-01-27 17:09:59,084 INFO c.h.h.t.HelmChartContainer - [test-hivemq-platform] [hivemq] [7ee17219] INFO  - [HiveMQ Platform Operator Init App 1.7.0-SNAPSHOT] Returning default Health API response 200 for liveness
2025-01-27 17:09:59,584 INFO c.h.h.t.HelmChartContainer - [test-hivemq-platform] [hivemq] [7ee17219] WARN  - [HiveMQ Platform Operator Init App 1.7.0-SNAPSHOT] Cannot connect to Health API for readiness: null
2025-01-27 17:09:59,589 INFO c.h.h.t.HelmChartContainer - [EVENT] Warning [Unhealthy] Readiness probe failed: HTTP probe failed with statuscode: 503 [helmcustomextensionit:test-hivemq-platform-0]
2025-01-27 17:09:59,589 INFO c.h.h.t.HelmChartContainer - Received Unhealthy event for container hivemq in pod test-hivemq-platform-0 [7ee17219-2025-48cf-addc-844b1e277760]
2025-01-27 17:09:59,604 INFO c.h.h.t.HelmChartContainer - [hivemq-test-hivemq-platform] [hivemq-platform-operator] [ce180b12] 17:09:59.603 [pool-6-thread-46] DEBUG c.h.p.o.d.PlatformServiceResource - [helmcust] Desired Platform services (3 services)
2025-01-27 17:09:59,608 INFO c.h.h.t.HelmChartContainer - [hivemq-test-hivemq-platform] [hivemq-platform-operator] [ce180b12] 17:09:59.604 [pool-6-thread-45] DEBUG c.h.p.o.dependants.PodInfoConfigMap - [helmcust] Desired PodInfo ConfigMap (1 extensions) (1 enabled)
2025-01-27 17:09:59,608 INFO c.h.h.t.HelmChartContainer - [hivemq-test-hivemq-platform] [hivemq-platform-operator] [ce180b12] 17:09:59.604 [pool-6-thread-45] DEBUG c.h.p.o.dependants.PodInfoConfigMap - [helmcust] Desired PodInfo ConfigMap (metrics port: 9399) (metrics path: /)
2025-01-27 17:09:59,608 INFO c.h.h.t.HelmChartContainer - [hivemq-test-hivemq-platform] [hivemq-platform-operator] [ce180b12] 17:09:59.604 [pool-6-thread-45] DEBUG c.h.p.o.dependants.PodInfoConfigMap - [helmcust] Desired PodInfo ConfigMap (extension state hash: -1287821691)
2025-01-27 17:09:59,608 INFO c.h.h.t.HelmChartContainer - [hivemq-test-hivemq-platform] [hivemq-platform-operator] [ce180b12] 17:09:59.605 [pool-6-thread-49] DEBUG c.h.p.o.d.PodServiceAccountResource - [helmcust] Desired PodServiceAccountResource (serviceAccountName: hivemq-platform-pod-test-hivemq-platform)
2025-01-27 17:09:59,639 INFO c.h.h.t.HelmChartContainer - [hivemq-test-hivemq-platform] [hivemq-platform-operator] [ce180b12] 17:09:59.638 [pool-6-thread-46] DEBUG c.h.p.o.d.StatefulSetResource - [helmcust] Desired StatefulSet (1 replicas) for status STARTING (READY)
2025-01-27 17:09:59,699 INFO c.h.h.t.HelmChartContainer - [hivemq-test-hivemq-platform] [hivemq-platform-operator] [ce180b12] 17:09:59.696 [ReconcilerExecutor-hivemq-controller-113] INFO  c.h.p.o.HiveMQPlatformReconciler - [helmcust] Reconciling HiveMQ Platform 'test-hivemq-platform' in namespace 'helmcustomextensionit'
2025-01-27 17:09:59,699 INFO c.h.h.t.HelmChartContainer - [hivemq-test-hivemq-platform] [hivemq-platform-operator] [ce180b12] 17:09:59.697 [ReconcilerExecutor-hivemq-controller-113] DEBUG c.h.p.o.HiveMQPlatformReconciler - [helmcust] Custom Resource Status STARTING - HiveMQ Platform is starting (READY)
2025-01-27 17:09:59,699 INFO c.h.h.t.HelmChartContainer - [hivemq-test-hivemq-platform] [hivemq-platform-operator] [ce180b12] 17:09:59.697 [ReconcilerExecutor-hivemq-controller-113] DEBUG c.h.p.o.HiveMQPlatformReconciler - [helmcust] Custom Resource Spec (replicas: 1) (extensions: 1)
2025-01-27 17:09:59,701 INFO c.h.h.t.HelmChartContainer - [hivemq-test-hivemq-platform] [hivemq-platform-operator] [ce180b12] 17:09:59.700 [ReconcilerExecutor-hivemq-controller-113] DEBUG c.h.p.o.HiveMQPlatformReconciler - [helmcust] StatefulSet Status (revision: test-hivemq-platform-c4ff8d65f, replicas: 1, available: 0, ready: 0, current: 1, updated: 1)
2025-01-27 17:09:59,701 INFO c.h.h.t.HelmChartContainer - [hivemq-test-hivemq-platform] [hivemq-platform-operator] [ce180b12] 17:09:59.701 [ReconcilerExecutor-hivemq-controller-113] DEBUG c.h.p.o.HiveMQPlatformReconciler - [helmcust] StatefulSet Spec (replicas: 1, init containers: 1, containers: 1, volumes: 3)
2025-01-27 17:09:59,706 INFO c.h.h.t.HelmChartContainer - [hivemq-test-hivemq-platform] [hivemq-platform-operator] [ce180b12] 17:09:59.705 [ReconcilerExecutor-hivemq-controller-113] DEBUG c.h.p.o.h.HiveMQPlatformReconcilerErrorHandler - [helmcust] Pod 'test-hivemq-platform-0' phase Running
2025-01-27 17:09:59,707 INFO c.h.h.t.HelmChartContainer - [hivemq-test-hivemq-platform] [hivemq-platform-operator] [ce180b12] 17:09:59.706 [ReconcilerExecutor-hivemq-controller-113] INFO  c.h.p.o.h.HiveMQPlatformReconcilerBaseHandler - [helmcust] HiveMQ Platform is starting, 0 of 1 replicas are ready
2025-01-27 17:10:02,193 INFO c.h.h.t.HelmChartContainer - [test-hivemq-platform] [hivemq] [7ee17219] INFO  - No valid license file found. Using trial license, restricted to 25 connections.
2025-01-27 17:10:04,583 INFO c.h.h.t.HelmChartContainer - [test-hivemq-platform] [hivemq] [7ee17219] WARN  - [HiveMQ Platform Operator Init App 1.7.0-SNAPSHOT] Cannot connect to Health API for readiness: null
2025-01-27 17:10:04,588 INFO c.h.h.t.HelmChartContainer - [EVENT] Warning [Unhealthy] Readiness probe failed: HTTP probe failed with statuscode: 503 [helmcustomextensionit:test-hivemq-platform-0]
2025-01-27 17:10:04,588 INFO c.h.h.t.HelmChartContainer - Received Unhealthy event for container hivemq in pod test-hivemq-platform-0 [7ee17219-2025-48cf-addc-844b1e277760]
2025-01-27 17:10:06,281 INFO c.h.h.t.HelmChartContainer - [test-hivemq-platform] [hivemq] [7ee17219] INFO  - No valid license file for Data Hub found. Using free license, restricted to 1 policy.
2025-01-27 17:10:07,199 INFO c.h.h.t.HelmChartContainer - [test-hivemq-platform] [hivemq] [7ee17219] INFO  - Audit Logger started.
2025-01-27 17:10:07,702 INFO c.h.h.t.HelmChartContainer - [test-hivemq-platform] [hivemq] [7ee17219] INFO  - This node uses '1' CPU cores.
2025-01-27 17:10:07,706 INFO c.h.h.t.HelmChartContainer - [test-hivemq-platform] [hivemq] [7ee17219] INFO  - Starting HiveMQ Health API on address 0.0.0.0 and port 8889
2025-01-27 17:10:08,501 INFO c.h.h.t.HelmChartContainer - [test-hivemq-platform] [hivemq] [7ee17219] INFO  - Started HiveMQ Health API in 794ms
2025-01-27 17:10:08,580 INFO c.h.h.t.HelmChartContainer - [test-hivemq-platform] [hivemq] [7ee17219] INFO  - Starting HiveMQ extension system.
2025-01-27 17:10:08,887 INFO c.h.h.t.HelmChartContainer - [test-hivemq-platform] [hivemq] [7ee17219] INFO  - Starting extension with id "hivemq-dns-cluster-discovery" at /opt/hivemq/extensions/hivemq-dns-cluster-discovery
2025-01-27 17:10:09,298 INFO c.h.h.t.HelmChartContainer - [test-hivemq-platform] [hivemq] [7ee17219] INFO  - Using TCP cluster transport on address 10.42.0.13 and port 7000
2025-01-27 17:10:09,384 INFO c.h.h.t.HelmChartContainer - [test-hivemq-platform] [hivemq] [7ee17219] INFO  - Using extension cluster discovery
2025-01-27 17:10:09,584 INFO c.h.h.t.HelmChartContainer - [test-hivemq-platform] [hivemq] [7ee17219] INFO  - Extension "DNS Cluster Discovery Extension" version 4.3.2 started successfully.
2025-01-27 17:10:09,584 INFO c.h.h.t.HelmChartContainer - [test-hivemq-platform] [hivemq] [7ee17219] INFO  - Starting extension with id "hivemq-custom-test-extension" at /opt/hivemq/extensions/hivemq-custom-test-extension
2025-01-27 17:10:09,584 INFO c.h.h.t.HelmChartContainer - [test-hivemq-platform] [hivemq] [7ee17219] INFO  - HiveMQ Custom Test Extension started
2025-01-27 17:10:09,584 INFO c.h.h.t.HelmChartContainer - [test-hivemq-platform] [hivemq] [7ee17219] INFO  - Extension "HiveMQ Custom Test Extension" version 3.0.0 started successfully.
2025-01-27 17:10:09,584 INFO c.h.h.testcontainer.LogWaiterUtil - TEST Found log pattern on 'test-hivemq-platform-0': .*Extension "HiveMQ Custom Test Extension" version 3.0.0 started successfully.
2025-01-27 17:10:09,584 INFO c.h.h.t.HelmChartContainer - [test-hivemq-platform] [hivemq] [7ee17219] INFO  - Starting extension with id "hivemq-prometheus-extension" at /opt/hivemq/extensions/hivemq-prometheus-extension
2025-01-27 17:10:09,712 INFO c.h.h.t.HelmChartContainer - [hivemq-test-hivemq-platform] [hivemq-platform-operator] [ce180b12] 17:10:09.710 [pool-6-thread-5] DEBUG c.h.p.o.d.PlatformServiceResource - [helmcust] Desired Platform services (3 services)
2025-01-27 17:10:09,714 INFO c.h.h.t.HelmChartContainer - [hivemq-test-hivemq-platform] [hivemq-platform-operator] [ce180b12] 17:10:09.712 [pool-6-thread-9] DEBUG c.h.p.o.dependants.PodInfoConfigMap - [helmcust] Desired PodInfo ConfigMap (1 extensions) (1 enabled)
2025-01-27 17:10:09,714 INFO c.h.h.t.HelmChartContainer - [hivemq-test-hivemq-platform] [hivemq-platform-operator] [ce180b12] 17:10:09.712 [pool-6-thread-9] DEBUG c.h.p.o.dependants.PodInfoConfigMap - [helmcust] Desired PodInfo ConfigMap (metrics port: 9399) (metrics path: /)
2025-01-27 17:10:09,714 INFO c.h.h.t.HelmChartContainer - [hivemq-test-hivemq-platform] [hivemq-platform-operator] [ce180b12] 17:10:09.712 [pool-6-thread-9] DEBUG c.h.p.o.dependants.PodInfoConfigMap - [helmcust] Desired PodInfo ConfigMap (extension state hash: -1287821691)
2025-01-27 17:10:09,714 INFO c.h.h.t.HelmChartContainer - [hivemq-test-hivemq-platform] [hivemq-platform-operator] [ce180b12] 17:10:09.713 [pool-6-thread-3] DEBUG c.h.p.o.d.PodServiceAccountResource - [helmcust] Desired PodServiceAccountResource (serviceAccountName: hivemq-platform-pod-test-hivemq-platform)
2025-01-27 17:10:09,720 INFO c.h.h.t.HelmChartContainer - [hivemq-test-hivemq-platform] [hivemq-platform-operator] [ce180b12] 17:10:09.719 [pool-6-thread-5] DEBUG c.h.p.o.d.StatefulSetResource - [helmcust] Desired StatefulSet (1 replicas) for status STARTING (READY)
2025-01-27 17:10:09,723 INFO c.h.h.t.HelmChartContainer - [hivemq-test-hivemq-platform] [hivemq-platform-operator] [ce180b12] 17:10:09.722 [ReconcilerExecutor-hivemq-controller-114] INFO  c.h.p.o.HiveMQPlatformReconciler - [helmcust] Reconciling HiveMQ Platform 'test-hivemq-platform' in namespace 'helmcustomextensionit'
2025-01-27 17:10:09,724 INFO c.h.h.t.HelmChartContainer - [hivemq-test-hivemq-platform] [hivemq-platform-operator] [ce180b12] 17:10:09.722 [ReconcilerExecutor-hivemq-controller-114] DEBUG c.h.p.o.HiveMQPlatformReconciler - [helmcust] Custom Resource Status STARTING - HiveMQ Platform is starting (READY)
2025-01-27 17:10:09,724 INFO c.h.h.t.HelmChartContainer - [hivemq-test-hivemq-platform] [hivemq-platform-operator] [ce180b12] 17:10:09.722 [ReconcilerExecutor-hivemq-controller-114] DEBUG c.h.p.o.HiveMQPlatformReconciler - [helmcust] Custom Resource Spec (replicas: 1) (extensions: 1)
2025-01-27 17:10:09,725 INFO c.h.h.t.HelmChartContainer - [hivemq-test-hivemq-platform] [hivemq-platform-operator] [ce180b12] 17:10:09.724 [ReconcilerExecutor-hivemq-controller-114] DEBUG c.h.p.o.HiveMQPlatformReconciler - [helmcust] StatefulSet Status (revision: test-hivemq-platform-c4ff8d65f, replicas: 1, available: 0, ready: 0, current: 1, updated: 1)
2025-01-27 17:10:09,725 INFO c.h.h.t.HelmChartContainer - [hivemq-test-hivemq-platform] [hivemq-platform-operator] [ce180b12] 17:10:09.724 [ReconcilerExecutor-hivemq-controller-114] DEBUG c.h.p.o.HiveMQPlatformReconciler - [helmcust] StatefulSet Spec (replicas: 1, init containers: 1, containers: 1, volumes: 3)
2025-01-27 17:10:09,726 INFO c.h.h.t.HelmChartContainer - [hivemq-test-hivemq-platform] [hivemq-platform-operator] [ce180b12] 17:10:09.725 [ReconcilerExecutor-hivemq-controller-114] DEBUG c.h.p.o.h.HiveMQPlatformReconcilerErrorHandler - [helmcust] Pod 'test-hivemq-platform-0' phase Running
2025-01-27 17:10:09,788 INFO c.h.h.t.HelmChartContainer - [hivemq-test-hivemq-platform] [hivemq-platform-operator] [ce180b12] 17:10:09.787 [ReconcilerExecutor-hivemq-controller-114] INFO  c.h.p.o.h.HiveMQPlatformReconcilerBaseHandler - [helmcust] HiveMQ Platform is starting, 0 of 1 replicas are ready
2025-01-27 17:10:10,544 INFO c.h.h.t.HelmChartContainer - [EVENT] Warning [Unhealthy] Readiness probe failed: Get "http://10.42.0.13:7979/readiness": context deadline exceeded (Client.Timeout exceeded while awaiting headers) [helmcustomextensionit:test-hivemq-platform-0]
2025-01-27 17:10:10,544 INFO c.h.h.t.HelmChartContainer - Received Unhealthy event for container hivemq in pod test-hivemq-platform-0 [7ee17219-2025-48cf-addc-844b1e277760]
2025-01-27 17:10:10,593 INFO c.h.h.t.HelmChartContainer - [test-hivemq-platform] [hivemq] [7ee17219] INFO  - Started Jetty Server exposing Prometheus Servlet on URI http://0.0.0.0:9399/
2025-01-27 17:10:10,593 INFO c.h.h.t.HelmChartContainer - [test-hivemq-platform] [hivemq] [7ee17219] INFO  - Extension "Prometheus Monitoring Extension" version 4.0.12 started successfully.
2025-01-27 17:10:10,662 INFO c.h.h.t.HelmChartContainer - [test-hivemq-platform] [hivemq] [7ee17219] INFO  - Starting extension with id "hivemq-allow-all-extension" at /opt/hivemq/extensions/hivemq-allow-all-extension
2025-01-27 17:10:10,663 INFO c.h.h.t.HelmChartContainer - [test-hivemq-platform] [hivemq] [7ee17219] WARN  - 
2025-01-27 17:10:10,663 INFO c.h.h.t.HelmChartContainer - [test-hivemq-platform] [hivemq] [7ee17219] ################################################################################################################
2025-01-27 17:10:10,663 INFO c.h.h.t.HelmChartContainer - [test-hivemq-platform] [hivemq] [7ee17219] # This HiveMQ deployment is not secure! You are lacking Authentication and Authorization.                      #
2025-01-27 17:10:10,663 INFO c.h.h.t.HelmChartContainer - [test-hivemq-platform] [hivemq] [7ee17219] # Right now any MQTT client can connect to the broker with a full set of permissions.                          #
2025-01-27 17:10:10,663 INFO c.h.h.t.HelmChartContainer - [test-hivemq-platform] [hivemq] [7ee17219] # For production usage, add an appropriate security extension and remove the hivemq-allow-all extension.       #
2025-01-27 17:10:10,663 INFO c.h.h.t.HelmChartContainer - [test-hivemq-platform] [hivemq] [7ee17219] # You can download security extensions from the HiveMQ Marketplace (https://www.hivemq.com/extensions/).       #
2025-01-27 17:10:10,663 INFO c.h.h.t.HelmChartContainer - [test-hivemq-platform] [hivemq] [7ee17219] ################################################################################################################
2025-01-27 17:10:10,664 INFO c.h.h.t.HelmChartContainer - [test-hivemq-platform] [hivemq] [7ee17219] INFO  - Extension "Allow All Extension" version 1.1.0 started successfully.
2025-01-27 17:10:10,887 INFO c.h.h.t.HelmChartContainer - [test-hivemq-platform] [hivemq] [7ee17219] INFO  - [HiveMQ Platform Operator Init App 1.7.0-SNAPSHOT] Returning Health API response 503 for readiness
2025-01-27 17:10:12,986 INFO c.h.h.t.HelmChartContainer - [test-hivemq-platform] [hivemq] [7ee17219] INFO  - dsckw: no members discovered after 3100 ms: creating cluster as first member
2025-01-27 17:10:12,992 INFO c.h.h.t.HelmChartContainer - [test-hivemq-platform] [hivemq] [7ee17219] INFO  - Cluster nodes found by discovery: [dsckw|0] (1) [dsckw].
2025-01-27 17:10:13,015 INFO c.h.h.t.HelmChartContainer - [test-hivemq-platform] [hivemq] [7ee17219] INFO  - No user for HiveMQ Control Center configured. Starting with default user
2025-01-27 17:10:13,080 INFO c.h.h.t.HelmChartContainer - [test-hivemq-platform] [hivemq] [7ee17219] INFO  - Starting HiveMQ Control Center on address 0.0.0.0 and port 8080
2025-01-27 17:10:13,094 INFO c.h.h.t.HelmChartContainer - [test-hivemq-platform] [hivemq] [7ee17219] INFO  - Mounting HiveMQ Control Center V2 Preview
2025-01-27 17:10:13,786 INFO c.h.h.t.HelmChartContainer - [test-hivemq-platform] [hivemq] [7ee17219] INFO  - Started HiveMQ Control Center in 771ms
2025-01-27 17:10:13,865 INFO c.h.h.t.HelmChartContainer - [test-hivemq-platform] [hivemq] [7ee17219] INFO  - Starting TCP listener on address 0.0.0.0 and port 1883
2025-01-27 17:10:13,894 INFO c.h.h.t.HelmChartContainer - [test-hivemq-platform] [hivemq] [7ee17219] INFO  - Started TCP Listener on address 0.0.0.0 and on port 1883.
2025-01-27 17:10:13,895 INFO c.h.h.t.HelmChartContainer - [test-hivemq-platform] [hivemq] [7ee17219] INFO  - Started HiveMQ in 30811ms
2025-01-27 17:10:14,505 INFO c.h.h.t.HelmChartContainer - [test-hivemq-platform] [hivemq] [7ee17219] INFO  - [HiveMQ Platform Operator Init App 1.7.0-SNAPSHOT] Returning Health API response 200 for readiness
2025-01-27 17:10:14,517 INFO c.h.h.t.HelmChartContainer - [POD] test-hivemq-platform-0 [7ee17219-2025-48cf-addc-844b1e277760] in helmcustomextensionit was MODIFIED
2025-01-27 17:10:14,524 INFO c.h.h.t.HelmChartContainer - [hivemq-test-hivemq-platform] [hivemq-platform-operator] [ce180b12] 17:10:14.522 [pool-6-thread-14] DEBUG c.h.p.o.d.PlatformServiceResource - [helmcust] Desired Platform services (3 services)
2025-01-27 17:10:14,526 INFO c.h.h.t.HelmChartContainer - [hivemq-test-hivemq-platform] [hivemq-platform-operator] [ce180b12] 17:10:14.525 [pool-6-thread-19] DEBUG c.h.p.o.d.PodServiceAccountResource - [helmcust] Desired PodServiceAccountResource (serviceAccountName: hivemq-platform-pod-test-hivemq-platform)
2025-01-27 17:10:14,533 INFO c.h.h.t.HelmChartContainer - [hivemq-test-hivemq-platform] [hivemq-platform-operator] [ce180b12] 17:10:14.527 [pool-6-thread-17] DEBUG c.h.p.o.dependants.PodInfoConfigMap - [helmcust] Desired PodInfo ConfigMap (1 extensions) (1 enabled)
2025-01-27 17:10:14,534 INFO c.h.h.t.HelmChartContainer - [hivemq-test-hivemq-platform] [hivemq-platform-operator] [ce180b12] 17:10:14.528 [pool-6-thread-17] DEBUG c.h.p.o.dependants.PodInfoConfigMap - [helmcust] Desired PodInfo ConfigMap (metrics port: 9399) (metrics path: /)
2025-01-27 17:10:14,534 INFO c.h.h.t.HelmChartContainer - [hivemq-test-hivemq-platform] [hivemq-platform-operator] [ce180b12] 17:10:14.528 [pool-6-thread-17] DEBUG c.h.p.o.dependants.PodInfoConfigMap - [helmcust] Desired PodInfo ConfigMap (extension state hash: -1287821691)
2025-01-27 17:10:14,541 INFO c.h.h.t.HelmChartContainer - [hivemq-test-hivemq-platform] [hivemq-platform-operator] [ce180b12] 17:10:14.540 [pool-6-thread-14] DEBUG c.h.p.o.d.StatefulSetResource - [helmcust] Desired StatefulSet (1 replicas) for status STARTING (READY)
2025-01-27 17:10:14,587 INFO c.h.h.t.HelmChartContainer - [hivemq-test-hivemq-platform] [hivemq-platform-operator] [ce180b12] 17:10:14.586 [ReconcilerExecutor-hivemq-controller-115] INFO  c.h.p.o.HiveMQPlatformReconciler - [helmcust] Reconciling HiveMQ Platform 'test-hivemq-platform' in namespace 'helmcustomextensionit'
2025-01-27 17:10:14,587 INFO c.h.h.t.HelmChartContainer - [hivemq-test-hivemq-platform] [hivemq-platform-operator] [ce180b12] 17:10:14.586 [ReconcilerExecutor-hivemq-controller-115] DEBUG c.h.p.o.HiveMQPlatformReconciler - [helmcust] Custom Resource Status STARTING - HiveMQ Platform is starting (READY)
2025-01-27 17:10:14,587 INFO c.h.h.t.HelmChartContainer - [hivemq-test-hivemq-platform] [hivemq-platform-operator] [ce180b12] 17:10:14.586 [ReconcilerExecutor-hivemq-controller-115] DEBUG c.h.p.o.HiveMQPlatformReconciler - [helmcust] Custom Resource Spec (replicas: 1) (extensions: 1)
2025-01-27 17:10:14,591 INFO c.h.h.t.HelmChartContainer - [hivemq-test-hivemq-platform] [hivemq-platform-operator] [ce180b12] 17:10:14.589 [ReconcilerExecutor-hivemq-controller-115] DEBUG c.h.p.o.HiveMQPlatformReconciler - [helmcust] StatefulSet Status (revision: test-hivemq-platform-c4ff8d65f, replicas: 1, available: 1, ready: 1, current: 1, updated: 1)
2025-01-27 17:10:14,591 INFO c.h.h.t.HelmChartContainer - [hivemq-test-hivemq-platform] [hivemq-platform-operator] [ce180b12] 17:10:14.589 [ReconcilerExecutor-hivemq-controller-115] DEBUG c.h.p.o.HiveMQPlatformReconciler - [helmcust] StatefulSet Spec (replicas: 1, init containers: 1, containers: 1, volumes: 3)
2025-01-27 17:10:14,592 INFO c.h.h.t.HelmChartContainer - [hivemq-test-hivemq-platform] [hivemq-platform-operator] [ce180b12] 17:10:14.590 [ReconcilerExecutor-hivemq-controller-115] DEBUG c.h.p.o.h.HiveMQPlatformReconcilerErrorHandler - [helmcust] Pod 'test-hivemq-platform-0' phase Running
2025-01-27 17:10:14,593 INFO c.h.h.t.HelmChartContainer - [hivemq-test-hivemq-platform] [hivemq-platform-operator] [ce180b12] 17:10:14.591 [ReconcilerExecutor-hivemq-controller-115] INFO  c.h.p.o.h.HiveMQPlatformReconcilerBaseHandler - [helmcust] HiveMQ Platform started successfully
2025-01-27 17:10:14,694 INFO c.h.h.t.HelmChartContainer - [hivemq-test-hivemq-platform] [hivemq-platform-operator] [ce180b12] 17:10:14.693 [ReconcilerExecutor-hivemq-controller-115] DEBUG c.h.p.operator.event.EventSender - [helmcust] Creating K8s event hivemq-platform-ready: [Ready] HiveMQ Platform is ready
2025-01-27 17:10:14,699 INFO c.h.h.t.HelmChartContainer - [EVENT] Normal [Ready] HiveMQ Platform is ready [helmcustomextensionit:test-hivemq-platform]
2025-01-27 17:10:14,700 INFO c.h.h.t.HelmChartContainer - [hivemq-test-hivemq-platform] [hivemq-platform-operator] [ce180b12] 17:10:14.699 [ReconcilerExecutor-hivemq-controller-115] INFO  c.h.p.o.h.AbstractHiveMQReconcilerStateHandler - [helmcust] Update HiveMQ Platform Status (STARTING [READY] -> RUNNING [READY]): HiveMQ Platform is ready
2025-01-27 17:10:14,707 DEBUG com.hivemq.helmcharts.util.K8sUtil - Comparing actual state 'RUNNING' and waiting for 'RUNNING'
2025-01-27 17:10:14,740 INFO c.h.h.t.HelmChartContainer - [hivemq-test-hivemq-platform] [hivemq-platform-operator] [ce180b12] 17:10:14.739 [pool-6-thread-24] DEBUG c.h.p.o.d.PlatformServiceResource - [helmcust] Desired Platform services (3 services)
2025-01-27 17:10:14,741 INFO c.h.h.t.HelmChartContainer - [hivemq-test-hivemq-platform] [hivemq-platform-operator] [ce180b12] 17:10:14.739 [pool-6-thread-28] DEBUG c.h.p.o.dependants.PodInfoConfigMap - [helmcust] Desired PodInfo ConfigMap (1 extensions) (1 enabled)
2025-01-27 17:10:14,741 INFO c.h.h.t.HelmChartContainer - [hivemq-test-hivemq-platform] [hivemq-platform-operator] [ce180b12] 17:10:14.739 [pool-6-thread-28] DEBUG c.h.p.o.dependants.PodInfoConfigMap - [helmcust] Desired PodInfo ConfigMap (metrics port: 9399) (metrics path: /)
2025-01-27 17:10:14,741 INFO c.h.h.t.HelmChartContainer - [hivemq-test-hivemq-platform] [hivemq-platform-operator] [ce180b12] 17:10:14.739 [pool-6-thread-28] DEBUG c.h.p.o.dependants.PodInfoConfigMap - [helmcust] Desired PodInfo ConfigMap (extension state hash: -1287821691)
2025-01-27 17:10:14,741 INFO c.h.h.t.HelmChartContainer - [hivemq-test-hivemq-platform] [hivemq-platform-operator] [ce180b12] 17:10:14.740 [pool-6-thread-28] DEBUG c.h.p.o.dependants.PodInfoConfigMap - [helmcust] Update PodInfo ConfigMap
2025-01-27 17:10:14,742 INFO c.h.h.t.HelmChartContainer - [hivemq-test-hivemq-platform] [hivemq-platform-operator] [ce180b12] 17:10:14.741 [pool-6-thread-27] DEBUG c.h.p.o.d.PodServiceAccountResource - [helmcust] Desired PodServiceAccountResource (serviceAccountName: hivemq-platform-pod-test-hivemq-platform)
2025-01-27 17:10:14,795 INFO c.h.h.t.HelmChartContainer - [hivemq-test-hivemq-platform] [hivemq-platform-operator] [ce180b12] 17:10:14.794 [pool-6-thread-28] DEBUG c.h.p.o.d.StatefulSetResource - [helmcust] Desired StatefulSet (1 replicas) for status RUNNING (READY)
2025-01-27 17:10:14,799 INFO c.h.h.t.HelmChartContainer - [hivemq-test-hivemq-platform] [hivemq-platform-operator] [ce180b12] 17:10:14.797 [ReconcilerExecutor-hivemq-controller-116] INFO  c.h.p.o.HiveMQPlatformReconciler - [helmcust] Reconciling HiveMQ Platform 'test-hivemq-platform' in namespace 'helmcustomextensionit'
2025-01-27 17:10:14,799 INFO c.h.h.t.HelmChartContainer - [hivemq-test-hivemq-platform] [hivemq-platform-operator] [ce180b12] 17:10:14.797 [ReconcilerExecutor-hivemq-controller-116] DEBUG c.h.p.o.HiveMQPlatformReconciler - [helmcust] Custom Resource Status RUNNING - HiveMQ Platform is ready (READY)
2025-01-27 17:10:14,799 INFO c.h.h.t.HelmChartContainer - [hivemq-test-hivemq-platform] [hivemq-platform-operator] [ce180b12] 17:10:14.797 [ReconcilerExecutor-hivemq-controller-116] DEBUG c.h.p.o.HiveMQPlatformReconciler - [helmcust] Custom Resource Spec (replicas: 1) (extensions: 1)
2025-01-27 17:10:14,799 INFO c.h.h.t.HelmChartContainer - [hivemq-test-hivemq-platform] [hivemq-platform-operator] [ce180b12] 17:10:14.798 [ReconcilerExecutor-hivemq-controller-116] DEBUG c.h.p.o.HiveMQPlatformReconciler - [helmcust] StatefulSet Status (revision: test-hivemq-platform-c4ff8d65f, replicas: 1, available: 1, ready: 1, current: 1, updated: 1)
2025-01-27 17:10:14,799 INFO c.h.h.t.HelmChartContainer - [hivemq-test-hivemq-platform] [hivemq-platform-operator] [ce180b12] 17:10:14.798 [ReconcilerExecutor-hivemq-controller-116] DEBUG c.h.p.o.HiveMQPlatformReconciler - [helmcust] StatefulSet Spec (replicas: 1, init containers: 1, containers: 1, volumes: 3)
2025-01-27 17:10:14,800 INFO c.h.h.t.HelmChartContainer - [hivemq-test-hivemq-platform] [hivemq-platform-operator] [ce180b12] 17:10:14.799 [ReconcilerExecutor-hivemq-controller-116] DEBUG c.h.p.o.h.HiveMQPlatformReconcilerErrorHandler - [helmcust] Pod 'test-hivemq-platform-0' phase Running
2025-01-27 17:10:16,718 INFO c.h.h.t.HelmChartContainer - Uninstalling release 'test-hivemq-platform' in namespace 'helmcustomextensionit'...
2025-01-27 17:10:16,718 DEBUG c.h.h.t.HelmChartContainer - Executing helm command: /bin/helm --kubeconfig /etc/rancher/k3s/k3s.yaml uninstall test-hivemq-platform  --wait --timeout 5m0s --cascade foreground --namespace helmcustomextensionit
2025-01-27 17:10:16,917 INFO c.h.h.t.HelmChartContainer - [hivemq-test-hivemq-platform] [hivemq-platform-operator] [ce180b12] 17:10:16.908 [pool-6-thread-33] DEBUG c.h.p.o.d.PlatformServiceResource - [helmcust] Desired Platform services (3 services)
2025-01-27 17:10:16,917 INFO c.h.h.t.HelmChartContainer - [hivemq-test-hivemq-platform] [hivemq-platform-operator] [ce180b12] 17:10:16.914 [pool-6-thread-34] DEBUG c.h.p.o.dependants.PodInfoConfigMap - [helmcust] Desired PodInfo ConfigMap (1 extensions) (1 enabled)
2025-01-27 17:10:16,917 INFO c.h.h.t.HelmChartContainer - [hivemq-test-hivemq-platform] [hivemq-platform-operator] [ce180b12] 17:10:16.914 [pool-6-thread-34] DEBUG c.h.p.o.dependants.PodInfoConfigMap - [helmcust] Desired PodInfo ConfigMap (metrics port: 9399) (metrics path: /)
2025-01-27 17:10:16,917 INFO c.h.h.t.HelmChartContainer - [hivemq-test-hivemq-platform] [hivemq-platform-operator] [ce180b12] 17:10:16.914 [pool-6-thread-34] DEBUG c.h.p.o.dependants.PodInfoConfigMap - [helmcust] Desired PodInfo ConfigMap (extension state hash: -1287821691)
2025-01-27 17:10:16,917 INFO c.h.h.t.HelmChartContainer - [hivemq-test-hivemq-platform] [hivemq-platform-operator] [ce180b12] 17:10:16.915 [pool-6-thread-34] DEBUG c.h.p.o.d.PodServiceAccountResource - [helmcust] Desired PodServiceAccountResource (serviceAccountName: hivemq-platform-pod-test-hivemq-platform)
2025-01-27 17:10:16,942 INFO c.h.h.t.HelmChartContainer - [hivemq-test-hivemq-platform] [hivemq-platform-operator] [ce180b12] 17:10:16.941 [pool-6-thread-33] DEBUG c.h.p.o.d.StatefulSetResource - [helmcust] Desired StatefulSet (1 replicas) for status RUNNING (READY)
2025-01-27 17:10:16,988 INFO c.h.h.t.HelmChartContainer - [hivemq-test-hivemq-platform] [hivemq-platform-operator] [ce180b12] 17:10:16.986 [ReconcilerExecutor-hivemq-controller-117] INFO  c.h.p.o.HiveMQPlatformReconciler - [helmcust] Reconciling HiveMQ Platform 'test-hivemq-platform' in namespace 'helmcustomextensionit'
2025-01-27 17:10:16,988 INFO c.h.h.t.HelmChartContainer - [hivemq-test-hivemq-platform] [hivemq-platform-operator] [ce180b12] 17:10:16.986 [ReconcilerExecutor-hivemq-controller-117] DEBUG c.h.p.o.HiveMQPlatformReconciler - [helmcust] Custom Resource Status RUNNING - HiveMQ Platform is ready (READY)
2025-01-27 17:10:16,988 INFO c.h.h.t.HelmChartContainer - [hivemq-test-hivemq-platform] [hivemq-platform-operator] [ce180b12] 17:10:16.986 [ReconcilerExecutor-hivemq-controller-117] DEBUG c.h.p.o.HiveMQPlatformReconciler - [helmcust] Custom Resource Spec (replicas: 1) (extensions: 1)
2025-01-27 17:10:16,990 INFO c.h.h.t.HelmChartContainer - [hivemq-test-hivemq-platform] [hivemq-platform-operator] [ce180b12] 17:10:16.988 [ReconcilerExecutor-hivemq-controller-117] DEBUG c.h.p.o.HiveMQPlatformReconciler - [helmcust] StatefulSet Status (revision: test-hivemq-platform-c4ff8d65f, replicas: 1, available: 1, ready: 1, current: 1, updated: 1)
2025-01-27 17:10:16,990 INFO c.h.h.t.HelmChartContainer - [hivemq-test-hivemq-platform] [hivemq-platform-operator] [ce180b12] 17:10:16.989 [ReconcilerExecutor-hivemq-controller-117] DEBUG c.h.p.o.HiveMQPlatformReconciler - [helmcust] StatefulSet Spec (replicas: 1, init containers: 1, containers: 1, volumes: 3)
2025-01-27 17:10:17,004 INFO c.h.h.t.HelmChartContainer - [hivemq-test-hivemq-platform] [hivemq-platform-operator] [ce180b12] 17:10:16.995 [ReconcilerExecutor-hivemq-controller-117] DEBUG c.h.p.o.h.HiveMQPlatformReconcilerErrorHandler - [helmcust] Pod 'test-hivemq-platform-0' phase Running
2025-01-27 17:10:17,092 INFO c.h.h.t.HelmChartContainer - [hivemq-test-hivemq-platform] [hivemq-platform-operator] [ce180b12] 17:10:17.090 [ReconcilerExecutor-hivemq-controller-126] INFO  c.h.p.o.HiveMQPlatformReconciler - [helmcust] Cleanup test-hivemq-platform - helmcustomextensionit HiveMQ Platform is shut down
2025-01-27 17:10:17,641 INFO c.h.h.t.HelmChartContainer - [POD] test-hivemq-platform-0 [7ee17219-2025-48cf-addc-844b1e277760] in helmcustomextensionit was MODIFIED
2025-01-27 17:10:17,643 INFO c.h.h.t.HelmChartContainer - [EVENT] Normal [Killing] Stopping container hivemq [helmcustomextensionit:test-hivemq-platform-0]
2025-01-27 17:10:17,643 INFO c.h.h.t.HelmChartContainer - Received Killing event for container hivemq in pod test-hivemq-platform-0 [7ee17219-2025-48cf-addc-844b1e277760]
2025-01-27 17:10:17,643 INFO c.h.h.t.HelmChartContainer - Container [test-hivemq-platform-0] [hivemq] [7ee17219-2025-48cf-addc-844b1e277760] was terminated
2025-01-27 17:10:17,643 INFO c.h.h.t.HelmChartContainer - Stopped log watcher for hivemq in pod test-hivemq-platform-0 [7ee17219-2025-48cf-addc-844b1e277760]
2025-01-27 17:10:17,653 INFO c.h.h.t.HelmChartContainer - [test-hivemq-platform] [hivemq] [7ee17219] INFO  - [HiveMQ Platform Operator Init App 1.7.0-SNAPSHOT] Shutting down
2025-01-27 17:10:17,653 INFO c.h.h.t.HelmChartContainer - [test-hivemq-platform] [hivemq] [7ee17219] INFO  - [HiveMQ Platform Operator Init App 1.7.0-SNAPSHOT] Stopping the HiveMQ Platform
2025-01-27 17:10:17,783 INFO c.h.h.t.HelmChartContainer - [test-hivemq-platform] [hivemq] [7ee17219] INFO  - Shutting down HiveMQ. Please wait, this could take a while...
2025-01-27 17:10:17,786 INFO c.h.h.t.HelmChartContainer - [test-hivemq-platform] [hivemq] [7ee17219] INFO  - Shutting down listeners and clients
2025-01-27 17:10:17,787 INFO c.h.h.t.HelmChartContainer - [test-hivemq-platform] [hivemq] [7ee17219] INFO  - Shutdown of listeners is done
2025-01-27 17:10:17,788 INFO c.h.h.t.HelmChartContainer - [test-hivemq-platform] [hivemq] [7ee17219] INFO  - No clients are connected, proceeding with shutdown
2025-01-27 17:10:18,958 INFO c.h.h.t.HelmChartContainer - Deleting namespace 'helmcustomextensionit'...
2025-01-27 17:10:19,500 INFO c.h.h.t.HelmChartContainer - [test-hivemq-platform] [hivemq] [7ee17219] INFO  - [HiveMQ Platform Operator Init App 1.7.0-SNAPSHOT] Returning shutdown Health API response 503 for readiness
2025-01-27 17:10:19,504 INFO c.h.h.t.HelmChartContainer - [EVENT] Warning [Unhealthy] Readiness probe failed: HTTP probe failed with statuscode: 503 [helmcustomextensionit:test-hivemq-platform-0]
2025-01-27 17:10:19,504 INFO c.h.h.t.HelmChartContainer - Received Unhealthy event for container hivemq in pod test-hivemq-platform-0 [7ee17219-2025-48cf-addc-844b1e277760]
2025-01-27 17:10:20,096 INFO c.h.h.t.HelmChartContainer - [K3S] [authentication.go:74] "Unable to authenticate the request" err="[invalid bearer token, serviceaccounts \"hivemq-platform-pod-test-hivemq-platform\" not found]"
2025-01-27 17:10:20,112 INFO c.h.h.t.HelmChartContainer - [K3S] [authentication.go:74] "Unable to authenticate the request" err="[invalid bearer token, serviceaccounts \"hivemq-platform-pod-test-hivemq-platform\" not found]"
2025-01-27 17:10:20,194 INFO c.h.h.t.HelmChartContainer - [test-hivemq-platform] [hivemq] [7ee17219] WARN  - [HiveMQ Platform Operator Init App 1.7.0-SNAPSHOT] Could not update Pod annotations: Failure executing: GET at: https://10.43.0.1:443/api/v1/namespaces/helmcustomextensionit/pods/test-hivemq-platform-0. Message: Unauthorized. Received status: Status(apiVersion=v1, code=401, details=null, kind=Status, message=Unauthorized, metadata=ListMeta(_continue=null, remainingItemCount=null, resourceVersion=null, selfLink=null, additionalProperties={}), reason=Unauthorized, status=Failure, additionalProperties={}).
2025-01-27 17:10:21,787 INFO c.h.h.t.HelmChartContainer - [test-hivemq-platform] [hivemq] [7ee17219] INFO  - Shutting down extension system
2025-01-27 17:10:21,792 INFO c.h.h.t.HelmChartContainer - [test-hivemq-platform] [hivemq] [7ee17219] INFO  - Stopping extension with id hivemq-dns-cluster-discovery
2025-01-27 17:10:21,793 INFO c.h.h.t.HelmChartContainer - [test-hivemq-platform] [hivemq] [7ee17219] INFO  - Extension "DNS Cluster Discovery Extension" version 4.3.2 stopped successfully.
2025-01-27 17:10:21,794 INFO c.h.h.t.HelmChartContainer - [test-hivemq-platform] [hivemq] [7ee17219] INFO  - Stopping extension with id hivemq-custom-test-extension
2025-01-27 17:10:21,794 INFO c.h.h.t.HelmChartContainer - [test-hivemq-platform] [hivemq] [7ee17219] INFO  - HiveMQ Custom Test Extension stopped
2025-01-27 17:10:21,794 INFO c.h.h.t.HelmChartContainer - [test-hivemq-platform] [hivemq] [7ee17219] INFO  - Extension "HiveMQ Custom Test Extension" version 3.0.0 stopped successfully.
2025-01-27 17:10:21,794 INFO c.h.h.t.HelmChartContainer - [test-hivemq-platform] [hivemq] [7ee17219] INFO  - Stopping extension with id hivemq-prometheus-extension
2025-01-27 17:10:21,798 INFO c.h.h.t.HelmChartContainer - [test-hivemq-platform] [hivemq] [7ee17219] INFO  - Extension "Prometheus Monitoring Extension" version 4.0.12 stopped successfully.
2025-01-27 17:10:21,798 INFO c.h.h.t.HelmChartContainer - [test-hivemq-platform] [hivemq] [7ee17219] INFO  - Stopping extension with id hivemq-allow-all-extension
2025-01-27 17:10:21,799 INFO c.h.h.t.HelmChartContainer - [test-hivemq-platform] [hivemq] [7ee17219] INFO  - Extension "Allow All Extension" version 1.1.0 stopped successfully.
2025-01-27 17:10:23,981 INFO c.h.h.t.HelmChartContainer - [K3S] [replica_set.go:679] "Finished syncing" kind="ReplicaSet" key="helmcustomextensionit/nginx-76b85b66c4" duration="7.013µs"
2025-01-27 17:10:24,006 INFO c.h.h.t.HelmChartContainer - [POD] nginx-76b85b66c4-fr8r7 [e7a423fd-d670-44d4-a4d0-63bfdebfc158] in helmcustomextensionit was MODIFIED
2025-01-27 17:10:24,019 INFO c.h.h.t.HelmChartContainer - [nginx-76b85b66c4-fr8] [nginx] [e7a423fd] 2025/01/27 17:10:24 [notice] 1#1: signal 3 (SIGQUIT) received, shutting down
2025-01-27 17:10:24,019 INFO c.h.h.t.HelmChartContainer - [nginx-76b85b66c4-fr8] [nginx] [e7a423fd] 2025/01/27 17:10:24 [notice] 22#22: gracefully shutting down
2025-01-27 17:10:24,019 INFO c.h.h.t.HelmChartContainer - [nginx-76b85b66c4-fr8] [nginx] [e7a423fd] 2025/01/27 17:10:24 [notice] 23#23: gracefully shutting down
2025-01-27 17:10:24,019 INFO c.h.h.t.HelmChartContainer - [nginx-76b85b66c4-fr8] [nginx] [e7a423fd] 2025/01/27 17:10:24 [notice] 22#22: exiting
2025-01-27 17:10:24,019 INFO c.h.h.t.HelmChartContainer - [nginx-76b85b66c4-fr8] [nginx] [e7a423fd] 2025/01/27 17:10:24 [notice] 23#23: exiting
2025-01-27 17:10:24,019 INFO c.h.h.t.HelmChartContainer - [nginx-76b85b66c4-fr8] [nginx] [e7a423fd] 2025/01/27 17:10:24 [notice] 22#22: exit
2025-01-27 17:10:24,019 INFO c.h.h.t.HelmChartContainer - [nginx-76b85b66c4-fr8] [nginx] [e7a423fd] 2025/01/27 17:10:24 [notice] 24#24: gracefully shutting down
2025-01-27 17:10:24,019 INFO c.h.h.t.HelmChartContainer - [nginx-76b85b66c4-fr8] [nginx] [e7a423fd] 2025/01/27 17:10:24 [notice] 24#24: exiting
2025-01-27 17:10:24,019 INFO c.h.h.t.HelmChartContainer - [nginx-76b85b66c4-fr8] [nginx] [e7a423fd] 2025/01/27 17:10:24 [notice] 25#25: gracefully shutting down
2025-01-27 17:10:24,019 INFO c.h.h.t.HelmChartContainer - [nginx-76b85b66c4-fr8] [nginx] [e7a423fd] 2025/01/27 17:10:24 [notice] 25#25: exiting
2025-01-27 17:10:24,019 INFO c.h.h.t.HelmChartContainer - [nginx-76b85b66c4-fr8] [nginx] [e7a423fd] 2025/01/27 17:10:24 [notice] 25#25: exit
2025-01-27 17:10:24,019 INFO c.h.h.t.HelmChartContainer - [nginx-76b85b66c4-fr8] [nginx] [e7a423fd] 2025/01/27 17:10:24 [notice] 23#23: exit
2025-01-27 17:10:24,020 INFO c.h.h.t.HelmChartContainer - [nginx-76b85b66c4-fr8] [nginx] [e7a423fd] 2025/01/27 17:10:24 [notice] 24#24: exit
2025-01-27 17:10:24,027 INFO c.h.h.t.HelmChartContainer - [nginx-76b85b66c4-fr8] [nginx] [e7a423fd] 2025/01/27 17:10:24 [notice] 1#1: signal 17 (SIGCHLD) received from 22
2025-01-27 17:10:24,027 INFO c.h.h.t.HelmChartContainer - [nginx-76b85b66c4-fr8] [nginx] [e7a423fd] 2025/01/27 17:10:24 [notice] 1#1: worker process 22 exited with code 0
2025-01-27 17:10:24,027 INFO c.h.h.t.HelmChartContainer - [nginx-76b85b66c4-fr8] [nginx] [e7a423fd] 2025/01/27 17:10:24 [notice] 1#1: signal 29 (SIGIO) received
2025-01-27 17:10:24,029 INFO c.h.h.t.HelmChartContainer - [nginx-76b85b66c4-fr8] [nginx] [e7a423fd] 2025/01/27 17:10:24 [notice] 1#1: signal 17 (SIGCHLD) received from 24
2025-01-27 17:10:24,029 INFO c.h.h.t.HelmChartContainer - [nginx-76b85b66c4-fr8] [nginx] [e7a423fd] 2025/01/27 17:10:24 [notice] 1#1: worker process 24 exited with code 0
2025-01-27 17:10:24,029 INFO c.h.h.t.HelmChartContainer - [nginx-76b85b66c4-fr8] [nginx] [e7a423fd] 2025/01/27 17:10:24 [notice] 1#1: signal 29 (SIGIO) received
2025-01-27 17:10:24,035 INFO c.h.h.t.HelmChartContainer - [nginx-76b85b66c4-fr8] [nginx] [e7a423fd] 2025/01/27 17:10:24 [notice] 1#1: signal 17 (SIGCHLD) received from 23
2025-01-27 17:10:24,035 INFO c.h.h.t.HelmChartContainer - [nginx-76b85b66c4-fr8] [nginx] [e7a423fd] 2025/01/27 17:10:24 [notice] 1#1: worker process 23 exited with code 0
2025-01-27 17:10:24,035 INFO c.h.h.t.HelmChartContainer - [nginx-76b85b66c4-fr8] [nginx] [e7a423fd] 2025/01/27 17:10:24 [notice] 1#1: worker process 25 exited with code 0
2025-01-27 17:10:24,036 INFO c.h.h.t.HelmChartContainer - [nginx-76b85b66c4-fr8] [nginx] [e7a423fd] 2025/01/27 17:10:24 [notice] 1#1: exit
2025-01-27 17:10:24,160 INFO c.h.h.t.HelmChartContainer - [POD] nginx-76b85b66c4-fr8r7 [e7a423fd-d670-44d4-a4d0-63bfdebfc158] in helmcustomextensionit was MODIFIED
2025-01-27 17:10:24,164 INFO c.h.h.t.HelmChartContainer - [test-hivemq-platform] [hivemq] [7ee17219] INFO  - Shutdown completed.
2025-01-27 17:10:24,182 INFO c.h.h.t.HelmChartContainer - [K3S] [reconciler_common.go:162] "operationExecutor.UnmountVolume started for volume \"volume-hivemq-custom-test-extension-300\" (UniqueName: \"kubernetes.io/host-path/e7a423fd-d670-44d4-a4d0-63bfdebfc158-volume-hivemq-custom-test-extension-300\") pod \"e7a423fd-d670-44d4-a4d0-63bfdebfc158\" (UID: \"e7a423fd-d670-44d4-a4d0-63bfdebfc158\") "
2025-01-27 17:10:24,182 INFO c.h.h.t.HelmChartContainer - [K3S] [reconciler_common.go:162] "operationExecutor.UnmountVolume started for volume \"nginx-https-conf\" (UniqueName: \"kubernetes.io/host-path/e7a423fd-d670-44d4-a4d0-63bfdebfc158-nginx-https-conf\") pod \"e7a423fd-d670-44d4-a4d0-63bfdebfc158\" (UID: \"e7a423fd-d670-44d4-a4d0-63bfdebfc158\") "
2025-01-27 17:10:24,183 INFO c.h.h.t.HelmChartContainer - [K3S] [reconciler_common.go:162] "operationExecutor.UnmountVolume started for volume \"nginx-certificates\" (UniqueName: \"kubernetes.io/secret/e7a423fd-d670-44d4-a4d0-63bfdebfc158-nginx-certificates\") pod \"e7a423fd-d670-44d4-a4d0-63bfdebfc158\" (UID: \"e7a423fd-d670-44d4-a4d0-63bfdebfc158\") "
2025-01-27 17:10:24,183 INFO c.h.h.t.HelmChartContainer - [K3S] [reconciler_common.go:162] "operationExecutor.UnmountVolume started for volume \"kube-api-access-qqhrd\" (UniqueName: \"kubernetes.io/projected/e7a423fd-d670-44d4-a4d0-63bfdebfc158-kube-api-access-qqhrd\") pod \"e7a423fd-d670-44d4-a4d0-63bfdebfc158\" (UID: \"e7a423fd-d670-44d4-a4d0-63bfdebfc158\") "
2025-01-27 17:10:24,282 INFO c.h.h.t.HelmChartContainer - [K3S] [reconciler_common.go:299] "Volume detached for volume \"volume-hivemq-custom-test-extension-300\" (UniqueName: \"kubernetes.io/host-path/e7a423fd-d670-44d4-a4d0-63bfdebfc158-volume-hivemq-custom-test-extension-300\") on node \"1d709a34904e\" DevicePath \"\""
2025-01-27 17:10:24,282 INFO c.h.h.t.HelmChartContainer - [K3S] [reconciler_common.go:299] "Volume detached for volume \"nginx-https-conf\" (UniqueName: \"kubernetes.io/host-path/e7a423fd-d670-44d4-a4d0-63bfdebfc158-nginx-https-conf\") on node \"1d709a34904e\" DevicePath \"\""
2025-01-27 17:10:24,282 INFO c.h.h.t.HelmChartContainer - [K3S] [reconciler_common.go:299] "Volume detached for volume \"nginx-certificates\" (UniqueName: \"kubernetes.io/secret/e7a423fd-d670-44d4-a4d0-63bfdebfc158-nginx-certificates\") on node \"1d709a34904e\" DevicePath \"\""
2025-01-27 17:10:24,282 INFO c.h.h.t.HelmChartContainer - [K3S] [reconciler_common.go:299] "Volume detached for volume \"kube-api-access-qqhrd\" (UniqueName: \"kubernetes.io/projected/e7a423fd-d670-44d4-a4d0-63bfdebfc158-kube-api-access-qqhrd\") on node \"1d709a34904e\" DevicePath \"\""
2025-01-27 17:10:24,339 INFO c.h.h.t.HelmChartContainer - [K3S] [stateful_set.go:466] "StatefulSet has been deleted" key="helmcustomextensionit/test-hivemq-platform"
2025-01-27 17:10:24,514 INFO c.h.h.t.HelmChartContainer - [test-hivemq-platform] [hivemq] [7ee17219] INFO  - [HiveMQ Platform Operator Init App 1.7.0-SNAPSHOT] The HiveMQ Platform exited with code 143
2025-01-27 17:10:24,514 INFO c.h.h.t.HelmChartContainer - [test-hivemq-platform] [hivemq] [7ee17219] INFO  - [HiveMQ Platform Operator Init App 1.7.0-SNAPSHOT] Stopping the REST API
2025-01-27 17:10:24,524 INFO c.h.h.t.HelmChartContainer - [test-hivemq-platform] [hivemq] [7ee17219] INFO  - [HiveMQ Platform Operator Init App 1.7.0-SNAPSHOT] Shutdown complete
2025-01-27 17:10:24,764 INFO c.h.h.t.HelmChartContainer - [K3S] [scope.go:117] "RemoveContainer" containerID="b9a567eb31e8f000f315bcea97b0ce9a9338f478250c2ec18c7d0a5f6c65284c"
2025-01-27 17:10:24,767 INFO c.h.h.t.HelmChartContainer - Stopped log watcher for nginx in pod nginx-76b85b66c4-fr8r7 [e7a423fd-d670-44d4-a4d0-63bfdebfc158]
2025-01-27 17:10:24,768 INFO c.h.h.t.HelmChartContainer - [K3S] [scope.go:117] "RemoveContainer" containerID="b9a567eb31e8f000f315bcea97b0ce9a9338f478250c2ec18c7d0a5f6c65284c"
2025-01-27 17:10:24,777 INFO c.h.h.t.HelmChartContainer - [POD] nginx-76b85b66c4-fr8r7 [e7a423fd-d670-44d4-a4d0-63bfdebfc158] in helmcustomextensionit was MODIFIED
2025-01-27 17:10:24,780 INFO c.h.h.t.HelmChartContainer - [POD] nginx-76b85b66c4-fr8r7 [e7a423fd-d670-44d4-a4d0-63bfdebfc158] in helmcustomextensionit was DELETED
2025-01-27 17:10:24,967 INFO c.h.h.t.HelmChartContainer - [POD] test-hivemq-platform-0 [7ee17219-2025-48cf-addc-844b1e277760] in helmcustomextensionit was MODIFIED
2025-01-27 17:10:24,986 INFO c.h.h.t.HelmChartContainer - [K3S] [reconciler_common.go:162] "operationExecutor.UnmountVolume started for volume \"operator-init\" (UniqueName: \"kubernetes.io/empty-dir/7ee17219-2025-48cf-addc-844b1e277760-operator-init\") pod \"7ee17219-2025-48cf-addc-844b1e277760\" (UID: \"7ee17219-2025-48cf-addc-844b1e277760\") "
2025-01-27 17:10:24,986 INFO c.h.h.t.HelmChartContainer - [K3S] [reconciler_common.go:162] "operationExecutor.UnmountVolume started for volume \"pod-info\" (UniqueName: \"kubernetes.io/configmap/7ee17219-2025-48cf-addc-844b1e277760-pod-info\") pod \"7ee17219-2025-48cf-addc-844b1e277760\" (UID: \"7ee17219-2025-48cf-addc-844b1e277760\") "
2025-01-27 17:10:24,986 INFO c.h.h.t.HelmChartContainer - [K3S] [reconciler_common.go:162] "operationExecutor.UnmountVolume started for volume \"kube-api-access-s9274\" (UniqueName: \"kubernetes.io/projected/7ee17219-2025-48cf-addc-844b1e277760-kube-api-access-s9274\") pod \"7ee17219-2025-48cf-addc-844b1e277760\" (UID: \"7ee17219-2025-48cf-addc-844b1e277760\") "
2025-01-27 17:10:24,986 INFO c.h.h.t.HelmChartContainer - [K3S] [reconciler_common.go:162] "operationExecutor.UnmountVolume started for volume \"broker-configuration\" (UniqueName: \"kubernetes.io/configmap/7ee17219-2025-48cf-addc-844b1e277760-broker-configuration\") pod \"7ee17219-2025-48cf-addc-844b1e277760\" (UID: \"7ee17219-2025-48cf-addc-844b1e277760\") "
2025-01-27 17:10:25,086 INFO c.h.h.t.HelmChartContainer - [K3S] [reconciler_common.go:299] "Volume detached for volume \"operator-init\" (UniqueName: \"kubernetes.io/empty-dir/7ee17219-2025-48cf-addc-844b1e277760-operator-init\") on node \"1d709a34904e\" DevicePath \"\""
2025-01-27 17:10:25,086 INFO c.h.h.t.HelmChartContainer - [K3S] [reconciler_common.go:299] "Volume detached for volume \"pod-info\" (UniqueName: \"kubernetes.io/configmap/7ee17219-2025-48cf-addc-844b1e277760-pod-info\") on node \"1d709a34904e\" DevicePath \"\""
2025-01-27 17:10:25,086 INFO c.h.h.t.HelmChartContainer - [K3S] [reconciler_common.go:299] "Volume detached for volume \"kube-api-access-s9274\" (UniqueName: \"kubernetes.io/projected/7ee17219-2025-48cf-addc-844b1e277760-kube-api-access-s9274\") on node \"1d709a34904e\" DevicePath \"\""
2025-01-27 17:10:25,086 INFO c.h.h.t.HelmChartContainer - [K3S] [reconciler_common.go:299] "Volume detached for volume \"broker-configuration\" (UniqueName: \"kubernetes.io/configmap/7ee17219-2025-48cf-addc-844b1e277760-broker-configuration\") on node \"1d709a34904e\" DevicePath \"\""
2025-01-27 17:10:25,186 INFO c.h.h.t.HelmChartContainer - [K3S] [kubelet_volumes.go:163] "Cleaned up orphaned pod volumes dir" podUID="e7a423fd-d670-44d4-a4d0-63bfdebfc158" path="/var/lib/kubelet/pods/e7a423fd-d670-44d4-a4d0-63bfdebfc158/volumes"
2025-01-27 17:10:25,766 INFO c.h.h.t.HelmChartContainer - [K3S] [scope.go:117] "RemoveContainer" containerID="6e7de0059df5fbec62ff6377c3b85439dc5e14c3a8e763908622f6d3bbac0675"
2025-01-27 17:10:25,777 INFO c.h.h.t.HelmChartContainer - [POD] test-hivemq-platform-0 [7ee17219-2025-48cf-addc-844b1e277760] in helmcustomextensionit was MODIFIED
2025-01-27 17:10:25,782 INFO c.h.h.t.HelmChartContainer - [POD] test-hivemq-platform-0 [7ee17219-2025-48cf-addc-844b1e277760] in helmcustomextensionit was DELETED
2025-01-27 17:10:25,863 INFO c.h.h.t.HelmChartContainer - [K3S] [scope.go:117] "RemoveContainer" containerID="21f62ca44086bab1ee99c68e5dd6a65b934777204c5b1f53b566591976fffcfc"
2025-01-27 17:10:25,866 INFO c.h.h.t.HelmChartContainer - [K3S] [scope.go:117] "RemoveContainer" containerID="6e7de0059df5fbec62ff6377c3b85439dc5e14c3a8e763908622f6d3bbac0675"
2025-01-27 17:10:25,867 INFO c.h.h.t.HelmChartContainer - [K3S] [scope.go:117] "RemoveContainer" containerID="21f62ca44086bab1ee99c68e5dd6a65b934777204c5b1f53b566591976fffcfc"
2025-01-27 17:10:27,187 INFO c.h.h.t.HelmChartContainer - [K3S] [kubelet_volumes.go:163] "Cleaned up orphaned pod volumes dir" podUID="7ee17219-2025-48cf-addc-844b1e277760" path="/var/lib/kubelet/pods/7ee17219-2025-48cf-addc-844b1e277760/volumes"
2025-01-27 17:10:29,489 INFO c.h.h.t.HelmChartContainer - Namespace 'helmcustomextensionit' deleted
2025-01-27 17:10:29,489 INFO c.h.h.t.HelmChartContainer - Release 'test-hivemq-platform' in namespace 'helmcustomextensionit' is uninstalled
2025-01-27 17:10:29,489 INFO c.h.h.t.HelmChartContainer - Uninstalling release 'test-hivemq-platform-operator' in namespace 'helmcustomextensionit-operator'...
2025-01-27 17:10:29,489 DEBUG c.h.h.t.HelmChartContainer - Executing helm command: /bin/helm --kubeconfig /etc/rancher/k3s/k3s.yaml uninstall test-hivemq-platform-operator  --wait --timeout 5m0s --cascade foreground --namespace helmcustomextensionit-operator
2025-01-27 17:10:29,649 INFO c.h.h.t.HelmChartContainer - [K3S] [replica_set.go:679] "Finished syncing" kind="ReplicaSet" key="helmcustomextensionit-operator/hivemq-test-hivemq-platform-operator-6966f96d65" duration="11.652879ms"
2025-01-27 17:10:29,649 INFO c.h.h.t.HelmChartContainer - [K3S] [replica_set.go:679] "Finished syncing" kind="ReplicaSet" key="helmcustomextensionit-operator/hivemq-test-hivemq-platform-operator-6966f96d65" duration="34.395µs"
2025-01-27 17:10:29,665 INFO c.h.h.t.HelmChartContainer - [POD] hivemq-test-hivemq-platform-operator-6966f96d65-5ltqt [ce180b12-3323-465e-80e5-87e103232d4e] in helmcustomextensionit-operator was MODIFIED
2025-01-27 17:10:29,678 INFO c.h.h.t.HelmChartContainer - [K3S] [replica_set.go:679] "Finished syncing" kind="ReplicaSet" key="helmcustomextensionit-operator/hivemq-test-hivemq-platform-operator-6966f96d65" duration="15.291941ms"
2025-01-27 17:10:29,681 INFO c.h.h.t.HelmChartContainer - [EVENT] Normal [Killing] Stopping container hivemq-platform-operator [helmcustomextensionit-operator:hivemq-test-hivemq-platform-operator-6966f96d65-5ltqt]
2025-01-27 17:10:29,681 INFO c.h.h.t.HelmChartContainer - Received Killing event for container hivemq-platform-operator in pod hivemq-test-hivemq-platform-operator-6966f96d65-5ltqt [ce180b12-3323-465e-80e5-87e103232d4e]
2025-01-27 17:10:29,681 INFO c.h.h.t.HelmChartContainer - Container [hivemq-test-hivemq-platform-operator-6966f96d65-5ltqt] [hivemq-platform-operator] [ce180b12-3323-465e-80e5-87e103232d4e] was terminated
2025-01-27 17:10:29,681 INFO c.h.h.t.HelmChartContainer - Stopped log watcher for hivemq-platform-operator in pod hivemq-test-hivemq-platform-operator-6966f96d65-5ltqt [ce180b12-3323-465e-80e5-87e103232d4e]
2025-01-27 17:10:29,682 INFO c.h.h.t.HelmChartContainer - [K3S] [replica_set.go:679] "Finished syncing" kind="ReplicaSet" key="helmcustomextensionit-operator/hivemq-test-hivemq-platform-operator-6966f96d65" duration="756.708µs"
2025-01-27 17:10:29,685 INFO c.h.h.t.HelmChartContainer - [EVENT] Warning [FailedToUpdateEndpoint] Failed to update endpoint helmcustomextensionit-operator/hivemq-platform-operator-test-hivemq-platform-operator: Operation cannot be fulfilled on endpoints "hivemq-platform-operator-test-hivemq-platform-operator": StorageError: invalid object, Code: 4, Key: /registry/services/endpoints/helmcustomextensionit-operator/hivemq-platform-operator-test-hivemq-platform-operator, ResourceVersion: 0, AdditionalErrorMsg: Precondition failed: UID in precondition: d936594b-d13c-46f7-aca4-71c2677d5503, UID in object meta:  [helmcustomextensionit-operator:hivemq-platform-operator-test-hivemq-platform-operator]
2025-01-27 17:10:29,706 INFO c.h.h.t.HelmChartContainer - [hivemq-test-hivemq-platform] [hivemq-platform-operator] [ce180b12] 17:10:29.704 [application-shutdown-thread] INFO  c.h.p.o.HiveMQPlatformOperatorApplication - HiveMQ Platform Operator is stopping...
2025-01-27 17:10:29,707 INFO c.h.h.t.HelmChartContainer - [hivemq-test-hivemq-platform] [hivemq-platform-operator] [ce180b12] 17:10:29.705 [application-shutdown-thread] INFO  i.javaoperatorsdk.operator.Operator - Operator SDK 4.9.7 is shutting down...
2025-01-27 17:10:30,327 INFO c.h.h.t.HelmChartContainer - [K3S] [replica_set.go:679] "Finished syncing" kind="ReplicaSet" key="helmcustomextensionit-operator/hivemq-test-hivemq-platform-operator-6966f96d65" duration="64.692µs"
2025-01-27 17:10:30,327 INFO c.h.h.t.HelmChartContainer - [POD] hivemq-test-hivemq-platform-operator-6966f96d65-5ltqt [ce180b12-3323-465e-80e5-87e103232d4e] in helmcustomextensionit-operator was MODIFIED
2025-01-27 17:10:30,412 INFO c.h.h.t.HelmChartContainer - [K3S] [reconciler_common.go:162] "operationExecutor.UnmountVolume started for volume \"kube-api-access-mmdsg\" (UniqueName: \"kubernetes.io/projected/ce180b12-3323-465e-80e5-87e103232d4e-kube-api-access-mmdsg\") pod \"ce180b12-3323-465e-80e5-87e103232d4e\" (UID: \"ce180b12-3323-465e-80e5-87e103232d4e\") "
2025-01-27 17:10:30,513 INFO c.h.h.t.HelmChartContainer - [K3S] [reconciler_common.go:299] "Volume detached for volume \"kube-api-access-mmdsg\" (UniqueName: \"kubernetes.io/projected/ce180b12-3323-465e-80e5-87e103232d4e-kube-api-access-mmdsg\") on node \"1d709a34904e\" DevicePath \"\""
2025-01-27 17:10:30,776 INFO c.h.h.t.HelmChartContainer - [K3S] [scope.go:117] "RemoveContainer" containerID="c026cafa81bc4766f97100fa3ae24f119609f2c01c9fed15aade25d653cace73"
2025-01-27 17:10:30,781 INFO c.h.h.t.HelmChartContainer - [K3S] [scope.go:117] "RemoveContainer" containerID="c026cafa81bc4766f97100fa3ae24f119609f2c01c9fed15aade25d653cace73"
2025-01-27 17:10:30,788 INFO c.h.h.t.HelmChartContainer - [K3S] [replica_set.go:679] "Finished syncing" kind="ReplicaSet" key="helmcustomextensionit-operator/hivemq-test-hivemq-platform-operator-6966f96d65" duration="40.807µs"
2025-01-27 17:10:30,788 INFO c.h.h.t.HelmChartContainer - [POD] hivemq-test-hivemq-platform-operator-6966f96d65-5ltqt [ce180b12-3323-465e-80e5-87e103232d4e] in helmcustomextensionit-operator was MODIFIED
2025-01-27 17:10:30,790 INFO c.h.h.t.HelmChartContainer - [K3S] [replica_set.go:679] "Finished syncing" kind="ReplicaSet" key="helmcustomextensionit-operator/hivemq-test-hivemq-platform-operator-6966f96d65" duration="28.703µs"
2025-01-27 17:10:30,790 INFO c.h.h.t.HelmChartContainer - [POD] hivemq-test-hivemq-platform-operator-6966f96d65-5ltqt [ce180b12-3323-465e-80e5-87e103232d4e] in helmcustomextensionit-operator was DELETED
2025-01-27 17:10:30,801 INFO c.h.h.t.HelmChartContainer - [K3S] [replica_set.go:679] "Finished syncing" kind="ReplicaSet" key="helmcustomextensionit-operator/hivemq-test-hivemq-platform-operator-6966f96d65" duration="5.51µs"
2025-01-27 17:10:31,186 INFO c.h.h.t.HelmChartContainer - [K3S] [kubelet_volumes.go:163] "Cleaned up orphaned pod volumes dir" podUID="ce180b12-3323-465e-80e5-87e103232d4e" path="/var/lib/kubelet/pods/ce180b12-3323-465e-80e5-87e103232d4e/volumes"
2025-01-27 17:10:31,688 INFO c.h.h.t.HelmChartContainer - Deleting namespace 'helmcustomextensionit-operator'...
2025-01-27 17:10:34,448 INFO c.h.h.t.HelmChartContainer - [K3S] [namespace_controller.go:187] "Namespace has been deleted" namespace="helmcustomextensionit"
2025-01-27 17:10:36,905 INFO c.h.h.t.HelmChartContainer - Namespace 'helmcustomextensionit-operator' deleted
2025-01-27 17:10:36,905 INFO c.h.h.t.HelmChartContainer - Release 'test-hivemq-platform-operator' in namespace 'helmcustomextensionit-operator' is uninstalled
2025-01-27 17:10:37,697 INFO c.h.helmcharts.AbstractHelmChartIT - Removed unused containers:

2025-01-27 17:10:41,826 INFO c.h.h.t.HelmChartContainer - [K3S] [namespace_controller.go:187] "Namespace has been deleted" namespace="helmcustomextensionit-operator"
2025-01-27 17:10:46,326 INFO c.h.helmcharts.AbstractHelmChartIT - Removed unused snapshots:
Removing snapshot sha256:026a712f86a389a5fd74927b58e3b9c46d97b4685244a93cf8afd5dd2d926256
Removing snapshot sha256:03af251906410714c5aef9fa705b63f6bbc39c4a5e787de7361eeb18886c2ed2
Removing snapshot sha256:04586d725303b4dcbc0cdc42a56e7852bc8859e90a3b42def5c29ab6c5b2378a
Removing snapshot sha256:0c46b3b43cce082ce5ec34ffc6c294e0417d17b9d1e6f366d114b6aadc4f96dc
Removing snapshot sha256:0ce761beee59082d6ed5bcebd3a805b8ddd9b3426b617e4809e7fb7c6587ffec
Removing snapshot sha256:1021ef88c7974bfff89c5a0ec4fd3160daac6c48a075f74cff721f85dd104e68
Removing snapshot sha256:10aba4953ddc18145dd38e3704709bc464aa20af60b56fe52caaff4b68411e62
Removing snapshot sha256:12fcdb97878a8124028dd759e7639b77bca16c0f46aabea18189ae25af2554ab
Removing snapshot sha256:2573e0d8158209ed54ab25c87bcdcb00bd3d2539246960a3d592a1c599d70465
Removing snapshot sha256:362a8a37f8bbc31925a8146adcf7cf51f9882f5c1dcbef67c5baa03a297543c0
Removing snapshot sha256:3fa4ad33f0ddc8fd45b39b6b4640f82a3a83619606cd975bfe89d8710ad2d4cd
Removing snapshot sha256:43a7c979bbaba6838bc3102d6b10a1459f3ab050b87ccdfef84ef90cf43d3058
Removing snapshot sha256:4ab04491cdf0d3267f08206fe30bd48f49f94b9cab2f016d6739220f722a64af
Removing snapshot sha256:4b6068250e89c96f263060261819c7d912855bfbd64b3eb4c4a8483299b8c295
Removing snapshot sha256:54760460dde328a0df5fb97426e3821ea3128f2a777231b6e8478cdaf84d50a9
Removing snapshot sha256:580e69a0a8034ede1921139bbd2bfb72a69ebf276d008281896c32dd8bf74775
Removing snapshot sha256:5ad32423e4b556ca23e4a282f00b6c28ba2ec8ad2b7822350a080868a3597d3e
Removing snapshot sha256:5d30ba46b27fe37484567ccc5242cadc78217b8da605f3f195ef25cbf7487904
Removing snapshot sha256:5ec183755d09a0a54d0f83e5a705f28f1606fe75660c13148fe125e4f12af39f
Removing snapshot sha256:63ca1fbb43ae5034640e5e6cb3e083e05c290072c5366fcaa9d62435a4cced85
Removing snapshot sha256:67f702c6baae873bceb19487c8b1f27bd2b86077e4f2f0e480e6d60ab508b8f5
Removing snapshot sha256:6864348dd42806d552efdec384f1274be15e2d0c10ce44c1f04347af004c10a9
Removing snapshot sha256:6a5c61fb510761c10ccddf77ecf23fa96d242570167a28bbb87a5e7fd5860814
Removing snapshot sha256:6b6a1f10cca10ea08499c191fc025406a23858de44f58930b06dc6608ff034e5
Removing snapshot sha256:6c7dee8f2c39b84b7dc2711c01d33de93514d9055499173e9290176fbe484b6c
Removing snapshot sha256:82753493a6d61ded36556292f02f31841a14c20d2f279f19eaad65afb661d5cd
Removing snapshot sha256:8a10d3db42c505ee0fcfa98417bdd7e39b304f6bcc0a06bb1b220797ff2cc63c
Removing snapshot sha256:8ad081ee0d46efdea0492cd0bb527c50a8891276fd408ec1269522ac9d6d5580
Removing snapshot sha256:8d000d24138b9815652aa9b3ec8bc8b8a22299614320124bdfe6b30910da620f
Removing snapshot sha256:a21e5b12dbac529ad45d976eb9ce45c881f3bedcc500fb30aba1e52aa1813418
Removing snapshot sha256:a8d62a6e94dbe8920ecfafa3b3aff0ef70aa26ca929f90b110db998eec09bab5
Removing snapshot sha256:ad858b4eee2d8f479065d1b8c650e13c815e75b2e4503c05a67cdc8880b0975a
Removing snapshot sha256:b921e6c28969094157f9b8e7244677780319637afd14450b7cb6b2fdea558a0c
Removing snapshot sha256:bc27ecb5769a00e309cf99ebc763c4a4b958b618d1decc96ffac5bc05f02f5b7
Removing snapshot sha256:be3ccb6627a5332e309d45ef461d09b4879dd870c7394d89323d0ebc6ca6aa8a
Removing snapshot sha256:c261f7cbbc64211ee175ee47273acdb7b1a36a4450b397a064a8f2c026490095
Removing snapshot sha256:c34d9393647eea0c9e3557ab988efaf59f61d10a2a5613b439ef0958cca5ec10
Removing snapshot sha256:ccf3c4a0fa967a41c1c83497a2ce6fa5787965859df0adb32c4ca2cf7490bc2b
Removing snapshot sha256:cf92d33f869417309692088c341cd0f223c178ea78a125f757317b22aa8f90e9
Removing snapshot sha256:d0037344cf2fb078884f1849f6a1f8cf9a33a3b6139b6a85833e5ee528e1f9a8
Removing snapshot sha256:d3b36d5b79273b1e98e7700470eaeff05a882e777124d84cebcc1505b85ecb36
Removing snapshot sha256:d65a44a37914602d12c611e5e22a50f11451d847e63015cc1c2aef92dee777a4
Removing snapshot sha256:e2dc0bae2455930f23ae570e019b7f32edc75c0f2d71cab084db837ff9051796
Removing snapshot sha256:eccbd24a99c60cd9e86ee5305dbfc4a4dc89f5ab4fb1f06c8d64797cecedef34
Removing snapshot sha256:f144bb4c7c7f0d2aa7eeffd36d934ec40db1ee167be727e326aad9fdc616f475

]]></system-out>
  </testcase>
  <system-out><![CDATA[2025-01-27 17:04:16,577 INFO c.h.h.t.HelmChartContainerExtension - Using cached HelmChartContainer instance
2025-01-27 17:04:16,582 INFO c.h.h.t.HelmChartContainerExtension - Creating cached HelmChartContainer instance
2025-01-27 17:04:16,599 INFO o.testcontainers.DockerClientFactory - Testcontainers version: 1.20.4
2025-01-27 17:04:17,068 INFO o.t.d.DockerClientProviderStrategy - Found Docker environment with local Unix socket (unix:///var/run/docker.sock)
2025-01-27 17:04:17,078 INFO o.testcontainers.DockerClientFactory - Docker host IP address is localhost
2025-01-27 17:04:17,093 INFO o.testcontainers.DockerClientFactory - Connected to docker: 
  Server Version: 26.1.3
  API Version: 1.45
  Operating System: Ubuntu 24.04.1 LTS
  Total Memory: 15990 MB
2025-01-27 17:04:17,099 INFO o.testcontainers.images.PullPolicy - Image pull policy will be performed by: DefaultPullPolicy()
2025-01-27 17:04:17,101 INFO o.t.utility.ImageNameSubstitutor - Image name substitution will be performed by: DefaultImageNameSubstitutor (composite of 'ConfigurationFileImageNameSubstitutor' and 'PrefixingImageNameSubstitutor')
2025-01-27 17:04:17,130 INFO tc.testcontainers/ryuk:0.11.0 - Pulling docker image: testcontainers/ryuk:0.11.0. Please be patient; this may take some time but only needs to be done once.
2025-01-27 17:04:24,173 INFO tc.testcontainers/ryuk:0.11.0 - Starting to pull image
2025-01-27 17:04:24,189 INFO tc.testcontainers/ryuk:0.11.0 - Pulling image layers:  0 pending,  0 downloaded,  0 extracted, (0 bytes/0 bytes)
2025-01-27 17:04:24,771 INFO tc.testcontainers/ryuk:0.11.0 - Pulling image layers:  2 pending,  1 downloaded,  0 extracted, (116 KB/? MB)
2025-01-27 17:04:24,835 INFO tc.testcontainers/ryuk:0.11.0 - Pulling image layers:  1 pending,  2 downloaded,  0 extracted, (5 MB/? MB)
2025-01-27 17:04:24,855 INFO tc.testcontainers/ryuk:0.11.0 - Pulling image layers:  0 pending,  3 downloaded,  0 extracted, (5 MB/10 MB)
2025-01-27 17:04:24,936 INFO tc.testcontainers/ryuk:0.11.0 - Pulling image layers:  0 pending,  3 downloaded,  1 extracted, (6 MB/10 MB)
2025-01-27 17:04:25,075 INFO tc.testcontainers/ryuk:0.11.0 - Pulling image layers:  0 pending,  3 downloaded,  2 extracted, (7 MB/10 MB)
2025-01-27 17:04:25,111 INFO tc.testcontainers/ryuk:0.11.0 - Pulling image layers:  0 pending,  3 downloaded,  3 extracted, (10 MB/10 MB)
2025-01-27 17:04:25,117 INFO tc.testcontainers/ryuk:0.11.0 - Image testcontainers/ryuk:0.11.0 pull took PT7.986643478S
2025-01-27 17:04:25,135 INFO tc.testcontainers/ryuk:0.11.0 - Creating container for image: testcontainers/ryuk:0.11.0
2025-01-27 17:04:25,199 INFO tc.testcontainers/ryuk:0.11.0 - Container testcontainers/ryuk:0.11.0 is starting: 1cfffca78aa3d8d85fd7323c86a478eb71286a6ead174beb967560462fd3e7ca
2025-01-27 17:04:25,545 INFO tc.testcontainers/ryuk:0.11.0 - Container testcontainers/ryuk:0.11.0 started in PT0.409333226S
2025-01-27 17:04:25,548 INFO o.t.utility.RyukResourceReaper - Ryuk started - will monitor and terminate Testcontainers containers on JVM exit
2025-01-27 17:04:25,548 INFO o.testcontainers.DockerClientFactory - Checking the system...
2025-01-27 17:04:25,549 INFO o.testcontainers.DockerClientFactory - ✔︎ Docker server version should be at least 1.6.0
2025-01-27 17:04:25,621 INFO o.t.i.builder.ImageFromDockerfile - Pre-emptively checking local images for 'ubuntu:noble-20241118.1@sha256:80dd3c3b9c6cecb9f1667e9290b3bc61b78c2678c02cbdae5f0fea92cc6734ab', referenced via a Dockerfile. If not available, it will be pulled.
2025-01-27 17:04:25,623 INFO t.u.1@sha256:80dd3c... - Pulling docker image: ubuntu:noble-20241118.1@sha256:80dd3c3b9c6cecb9f1667e9290b3bc61b78c2678c02cbdae5f0fea92cc6734ab. Please be patient; this may take some time but only needs to be done once.
2025-01-27 17:04:26,275 INFO t.u.1@sha256:80dd3c... - Starting to pull image
2025-01-27 17:04:26,276 INFO t.u.1@sha256:80dd3c... - Pulling image layers:  0 pending,  0 downloaded,  0 extracted, (0 bytes/0 bytes)
2025-01-27 17:04:27,582 INFO t.u.1@sha256:80dd3c... - Pulling image layers:  0 pending,  1 downloaded,  0 extracted, (23 MB/28 MB)
2025-01-27 17:04:28,520 INFO t.u.1@sha256:80dd3c... - Pulling image layers:  0 pending,  1 downloaded,  1 extracted, (28 MB/28 MB)
2025-01-27 17:04:28,526 INFO t.u.1@sha256:80dd3c... - Pull complete. 1 layers, pulled in 2s (downloaded 28 MB at 14 MB/s)
2025-01-27 17:04:28,526 INFO t.u.1@sha256:80dd3c... - Image ubuntu:noble-20241118.1@sha256:80dd3c3b9c6cecb9f1667e9290b3bc61b78c2678c02cbdae5f0fea92cc6734ab pull took PT2.902782438S
2025-01-27 17:04:28,529 INFO o.t.i.builder.ImageFromDockerfile - Pre-emptively checking local images for 'rancher/k3s:v1.32.0-k3s1', referenced via a Dockerfile. If not available, it will be pulled.
2025-01-27 17:04:28,530 INFO tc.rancher/k3s:v1.32.0-k3s1 - Pulling docker image: rancher/k3s:v1.32.0-k3s1. Please be patient; this may take some time but only needs to be done once.
2025-01-27 17:04:29,371 INFO tc.rancher/k3s:v1.32.0-k3s1 - Starting to pull image
2025-01-27 17:04:29,372 INFO tc.rancher/k3s:v1.32.0-k3s1 - Pulling image layers:  0 pending,  0 downloaded,  0 extracted, (0 bytes/0 bytes)
2025-01-27 17:04:30,907 INFO tc.rancher/k3s:v1.32.0-k3s1 - Pulling image layers:  0 pending,  1 downloaded,  0 extracted, (71 MB/71 MB)
2025-01-27 17:04:31,939 INFO tc.rancher/k3s:v1.32.0-k3s1 - Pulling image layers:  0 pending,  1 downloaded,  1 extracted, (71 MB/71 MB)
2025-01-27 17:04:31,945 INFO tc.rancher/k3s:v1.32.0-k3s1 - Pull complete. 1 layers, pulled in 2s (downloaded 71 MB at 35 MB/s)
2025-01-27 17:04:31,945 INFO tc.rancher/k3s:v1.32.0-k3s1 - Image rancher/k3s:v1.32.0-k3s1 pull took PT3.414512538S
2025-01-27 17:04:31,951 INFO o.t.i.builder.ImageFromDockerfile - Transferred 0 bytes to Docker daemon
2025-01-27 17:04:48,018 INFO c.h.h.t.HelmChartContainer - Starting HelmChartContainer...
2025-01-27 17:04:48,021 INFO t.localhost/testcontainers/hfdtq4mzws2g1kvq:latest - Creating container for image: localhost/testcontainers/hfdtq4mzws2g1kvq:latest
2025-01-27 17:04:48,092 INFO tc.alpine:3.17 - Pulling docker image: alpine:3.17. Please be patient; this may take some time but only needs to be done once.
2025-01-27 17:04:48,963 INFO tc.alpine:3.17 - Starting to pull image
2025-01-27 17:04:48,964 INFO tc.alpine:3.17 - Pulling image layers:  0 pending,  0 downloaded,  0 extracted, (0 bytes/0 bytes)
2025-01-27 17:04:49,587 INFO tc.alpine:3.17 - Pulling image layers:  0 pending,  1 downloaded,  0 extracted, (3 MB/3 MB)
2025-01-27 17:04:49,684 INFO tc.alpine:3.17 - Pulling image layers:  0 pending,  1 downloaded,  1 extracted, (3 MB/3 MB)
2025-01-27 17:04:49,691 INFO tc.alpine:3.17 - Image alpine:3.17 pull took PT1.599443806S
2025-01-27 17:04:50,252 INFO t.localhost/testcontainers/hfdtq4mzws2g1kvq:latest - Container localhost/testcontainers/hfdtq4mzws2g1kvq:latest is starting: 1d709a34904e0b46a2fed112876a53f132b568f5213f0992dd0e8ecbd009b59e
2025-01-27 17:04:50,618 INFO c.h.h.t.HelmChartContainer - [K3S] [INFO] Starting k3s v1.32.0+k3s1 (cca8faca)
2025-01-27 17:04:50,621 INFO c.h.h.t.HelmChartContainer - [K3S] [INFO] Configuring sqlite3 database connection pooling: maxIdleConns=2, maxOpenConns=0, connMaxLifetime=0s
2025-01-27 17:04:50,621 INFO c.h.h.t.HelmChartContainer - [K3S] [INFO] Configuring database table schema and indexes, this may take a moment...
2025-01-27 17:04:50,626 INFO c.h.h.t.HelmChartContainer - [K3S] [INFO] Database tables and indexes are up to date
2025-01-27 17:04:50,629 INFO c.h.h.t.HelmChartContainer - [K3S] [INFO] Kine available at unix://kine.sock
2025-01-27 17:04:50,774 INFO c.h.h.t.HelmChartContainer - [K3S] [INFO] Saving cluster bootstrap data to datastore
2025-01-27 17:04:50,775 INFO c.h.h.t.HelmChartContainer - [K3S] [WARNING] dynamiclistener [::]:6443: no cached certificate available for preload - deferring certificate load until storage initialization or first client request
2025-01-27 17:04:50,776 INFO c.h.h.t.HelmChartContainer - [K3S] [INFO] Active TLS secret / (ver=) (count 10): map[listener.cattle.io/cn-10.43.0.1:10.43.0.1 listener.cattle.io/cn-127.0.0.1:127.0.0.1 listener.cattle.io/cn-172.18.0.2:172.18.0.2 listener.cattle.io/cn-1d709a34904e:1d709a34904e listener.cattle.io/cn-__1-f16284:::1 listener.cattle.io/cn-kubernetes:kubernetes listener.cattle.io/cn-kubernetes.default:kubernetes.default listener.cattle.io/cn-kubernetes.default.svc:kubernetes.default.svc listener.cattle.io/cn-kubernetes.default.svc.cluster.local:kubernetes.default.svc.cluster.local listener.cattle.io/cn-localhost:localhost listener.cattle.io/fingerprint:SHA1=75D3A7A5E81FAC793C98316870194B5703196C9A]
2025-01-27 17:04:50,941 INFO c.h.h.t.HelmChartContainer - [K3S] [INFO] Running kube-apiserver --advertise-port=6443 --allow-privileged=true --anonymous-auth=false --api-audiences=https://kubernetes.default.svc.cluster.local,k3s --authorization-mode=Node,RBAC --bind-address=127.0.0.1 --cert-dir=/var/lib/rancher/k3s/server/tls/temporary-certs --client-ca-file=/var/lib/rancher/k3s/server/tls/client-ca.crt --egress-selector-config-file=/var/lib/rancher/k3s/server/etc/egress-selector-config.yaml --enable-admission-plugins=NodeRestriction --enable-aggregator-routing=true --enable-bootstrap-token-auth=true --etcd-compaction-interval=0s --etcd-servers=unix://kine.sock --kubelet-certificate-authority=/var/lib/rancher/k3s/server/tls/server-ca.crt --kubelet-client-certificate=/var/lib/rancher/k3s/server/tls/client-kube-apiserver.crt --kubelet-client-key=/var/lib/rancher/k3s/server/tls/client-kube-apiserver.key --kubelet-preferred-address-types=InternalIP,ExternalIP,Hostname --profiling=false --proxy-client-cert-file=/var/lib/rancher/k3s/server/tls/client-auth-proxy.crt --proxy-client-key-file=/var/lib/rancher/k3s/server/tls/client-auth-proxy.key --requestheader-allowed-names=system:auth-proxy --requestheader-client-ca-file=/var/lib/rancher/k3s/server/tls/request-header-ca.crt --requestheader-extra-headers-prefix=X-Remote-Extra- --requestheader-group-headers=X-Remote-Group --requestheader-username-headers=X-Remote-User --secure-port=6444 --service-account-issuer=https://kubernetes.default.svc.cluster.local --service-account-key-file=/var/lib/rancher/k3s/server/tls/service.key --service-account-signing-key-file=/var/lib/rancher/k3s/server/tls/service.current.key --service-cluster-ip-range=10.43.0.0/16 --service-node-port-range=30000-32767 --storage-backend=etcd3 --tls-cert-file=/var/lib/rancher/k3s/server/tls/serving-kube-apiserver.crt --tls-cipher-suites=TLS_ECDHE_ECDSA_WITH_AES_256_GCM_SHA384,TLS_ECDHE_RSA_WITH_AES_256_GCM_SHA384,TLS_ECDHE_ECDSA_WITH_AES_128_GCM_SHA256,TLS_ECDHE_RSA_WITH_AES_128_GCM_SHA256,TLS_ECDHE_ECDSA_WITH_CHACHA20_POLY1305,TLS_ECDHE_RSA_WITH_CHACHA20_POLY1305 --tls-private-key-file=/var/lib/rancher/k3s/server/tls/serving-kube-apiserver.key
2025-01-27 17:04:50,942 INFO c.h.h.t.HelmChartContainer - [K3S] [INFO] Running kube-scheduler --authentication-kubeconfig=/var/lib/rancher/k3s/server/cred/scheduler.kubeconfig --authorization-kubeconfig=/var/lib/rancher/k3s/server/cred/scheduler.kubeconfig --bind-address=127.0.0.1 --kubeconfig=/var/lib/rancher/k3s/server/cred/scheduler.kubeconfig --leader-elect=false --profiling=false --secure-port=10259
2025-01-27 17:04:50,942 INFO c.h.h.t.HelmChartContainer - [K3S] [INFO] Waiting for API server to become available
2025-01-27 17:04:50,943 INFO c.h.h.t.HelmChartContainer - [K3S] [registry.go:256] calling componentGlobalsRegistry.AddFlags more than once, the registry will be set by the latest flags
2025-01-27 17:04:50,944 INFO c.h.h.t.HelmChartContainer - [K3S] [INFO] Running kube-controller-manager --allocate-node-cidrs=true --authentication-kubeconfig=/var/lib/rancher/k3s/server/cred/controller.kubeconfig --authorization-kubeconfig=/var/lib/rancher/k3s/server/cred/controller.kubeconfig --bind-address=127.0.0.1 --cluster-cidr=10.42.0.0/16 --cluster-signing-kube-apiserver-client-cert-file=/var/lib/rancher/k3s/server/tls/client-ca.nochain.crt --cluster-signing-kube-apiserver-client-key-file=/var/lib/rancher/k3s/server/tls/client-ca.key --cluster-signing-kubelet-client-cert-file=/var/lib/rancher/k3s/server/tls/client-ca.nochain.crt --cluster-signing-kubelet-client-key-file=/var/lib/rancher/k3s/server/tls/client-ca.key --cluster-signing-kubelet-serving-cert-file=/var/lib/rancher/k3s/server/tls/server-ca.nochain.crt --cluster-signing-kubelet-serving-key-file=/var/lib/rancher/k3s/server/tls/server-ca.key --cluster-signing-legacy-unknown-cert-file=/var/lib/rancher/k3s/server/tls/server-ca.nochain.crt --cluster-signing-legacy-unknown-key-file=/var/lib/rancher/k3s/server/tls/server-ca.key --configure-cloud-routes=false --controllers=*,tokencleaner,-service,-route,-cloud-node-lifecycle --kubeconfig=/var/lib/rancher/k3s/server/cred/controller.kubeconfig --leader-elect=false --profiling=false --root-ca-file=/var/lib/rancher/k3s/server/tls/server-ca.crt --secure-port=10257 --service-account-private-key-file=/var/lib/rancher/k3s/server/tls/service.current.key --service-cluster-ip-range=10.43.0.0/16 --use-service-account-credentials=true
2025-01-27 17:04:50,944 INFO c.h.h.t.HelmChartContainer - [K3S] [options.go:299] unable to set WatchListClient feature gate, err: cannot override default for feature "WatchListClient": gates already added to a flag set
2025-01-27 17:04:50,945 INFO c.h.h.t.HelmChartContainer - [K3S] [registry.go:256] calling componentGlobalsRegistry.AddFlags more than once, the registry will be set by the latest flags
2025-01-27 17:04:50,945 INFO c.h.h.t.HelmChartContainer - [K3S] [INFO] Running cloud-controller-manager --allocate-node-cidrs=true --authentication-kubeconfig=/var/lib/rancher/k3s/server/cred/cloud-controller.kubeconfig --authorization-kubeconfig=/var/lib/rancher/k3s/server/cred/cloud-controller.kubeconfig --bind-address=127.0.0.1 --cloud-config=/var/lib/rancher/k3s/server/etc/cloud-config.yaml --cloud-provider=k3s --cluster-cidr=10.42.0.0/16 --configure-cloud-routes=false --controllers=*,-route --kubeconfig=/var/lib/rancher/k3s/server/cred/cloud-controller.kubeconfig --leader-elect=false --leader-elect-resource-name=k3s-cloud-controller-manager --node-status-update-frequency=1m0s --profiling=false
2025-01-27 17:04:50,947 INFO c.h.h.t.HelmChartContainer - [K3S] [INFO] Server node token is available at /var/lib/rancher/k3s/server/token
2025-01-27 17:04:50,948 INFO c.h.h.t.HelmChartContainer - [K3S] [registry.go:256] calling componentGlobalsRegistry.AddFlags more than once, the registry will be set by the latest flags
2025-01-27 17:04:50,948 INFO c.h.h.t.HelmChartContainer - [K3S] [INFO] To join server node to cluster: k3s server -s https://172.18.0.2:6443 -t ${SERVER_NODE_TOKEN}
2025-01-27 17:04:50,948 INFO c.h.h.t.HelmChartContainer - [K3S] [INFO] Agent node token is available at /var/lib/rancher/k3s/server/agent-token
2025-01-27 17:04:50,948 INFO c.h.h.t.HelmChartContainer - [K3S] [INFO] To join agent node to cluster: k3s agent -s https://172.18.0.2:6443 -t ${AGENT_NODE_TOKEN}
2025-01-27 17:04:50,948 INFO c.h.h.t.HelmChartContainer - [K3S] [options.go:238] external host was not specified, using 172.18.0.2
2025-01-27 17:04:50,948 INFO c.h.h.t.HelmChartContainer - [K3S] [INFO] Wrote kubeconfig /etc/rancher/k3s/k3s.yaml
2025-01-27 17:04:50,949 INFO c.h.h.t.HelmChartContainer - [K3S] [INFO] Run: k3s kubectl
2025-01-27 17:04:50,949 INFO c.h.h.t.HelmChartContainer - [K3S] [server.go:151] Version: v1.32.0+k3s1
2025-01-27 17:04:50,949 INFO c.h.h.t.HelmChartContainer - [K3S] [server.go:153] "Golang settings" GOGC="" GOMAXPROCS="" GOTRACEBACK=""
2025-01-27 17:04:51,256 INFO c.h.h.t.HelmChartContainer - [K3S] [plugins.go:157] Loaded 13 mutating admission controller(s) successfully in the following order: NamespaceLifecycle,LimitRanger,ServiceAccount,NodeRestriction,TaintNodesByCondition,Priority,DefaultTolerationSeconds,DefaultStorageClass,StorageObjectInUseProtection,RuntimeClass,DefaultIngressClass,MutatingAdmissionPolicy,MutatingAdmissionWebhook.
2025-01-27 17:04:51,257 INFO c.h.h.t.HelmChartContainer - [K3S] [plugins.go:160] Loaded 13 validating admission controller(s) successfully in the following order: LimitRanger,ServiceAccount,PodSecurity,Priority,PersistentVolumeClaimResize,RuntimeClass,CertificateApproval,CertificateSigning,ClusterTrustBundleAttest,CertificateSubjectRestriction,ValidatingAdmissionPolicy,ValidatingAdmissionWebhook,ResourceQuota.
2025-01-27 17:04:51,257 INFO c.h.h.t.HelmChartContainer - [K3S] [instance.go:233] Using reconciler: lease
2025-01-27 17:04:51,322 INFO c.h.h.t.HelmChartContainer - [K3S] [apis.go:106] API group "internal.apiserver.k8s.io" is not enabled, skipping.
2025-01-27 17:04:51,372 INFO c.h.h.t.HelmChartContainer - [K3S] [apis.go:106] API group "storagemigration.k8s.io" is not enabled, skipping.
2025-01-27 17:04:51,398 INFO c.h.h.t.HelmChartContainer - [K3S] [apis.go:106] API group "resource.k8s.io" is not enabled, skipping.
2025-01-27 17:04:51,559 INFO c.h.h.t.HelmChartContainer - [K3S] [INFO] Password verified locally for node 1d709a34904e
2025-01-27 17:04:51,749 INFO c.h.h.t.HelmChartContainer - [K3S] [dynamic_cafile_content.go:161] "Starting controller" name="client-ca-bundle::/var/lib/rancher/k3s/server/tls/client-ca.crt"
2025-01-27 17:04:51,750 INFO c.h.h.t.HelmChartContainer - [K3S] [dynamic_cafile_content.go:161] "Starting controller" name="request-header::/var/lib/rancher/k3s/server/tls/request-header-ca.crt"
2025-01-27 17:04:51,751 INFO c.h.h.t.HelmChartContainer - [K3S] [dynamic_serving_content.go:135] "Starting controller" name="serving-cert::/var/lib/rancher/k3s/server/tls/serving-kube-apiserver.crt::/var/lib/rancher/k3s/server/tls/serving-kube-apiserver.key"
2025-01-27 17:04:51,751 INFO c.h.h.t.HelmChartContainer - [K3S] [secure_serving.go:213] Serving securely on 127.0.0.1:6444
2025-01-27 17:04:51,751 INFO c.h.h.t.HelmChartContainer - [K3S] [customresource_discovery_controller.go:292] Starting DiscoveryController
2025-01-27 17:04:51,751 INFO c.h.h.t.HelmChartContainer - [K3S] [cluster_authentication_trust_controller.go:462] Starting cluster_authentication_trust_controller controller
2025-01-27 17:04:51,751 INFO c.h.h.t.HelmChartContainer - [K3S] [local_available_controller.go:156] Starting LocalAvailability controller
2025-01-27 17:04:51,751 INFO c.h.h.t.HelmChartContainer - [K3S] [aggregator.go:169] waiting for initial CRD sync...
2025-01-27 17:04:51,751 INFO c.h.h.t.HelmChartContainer - [K3S] [apf_controller.go:377] Starting API Priority and Fairness config controller
2025-01-27 17:04:51,751 INFO c.h.h.t.HelmChartContainer - [K3S] [dynamic_serving_content.go:135] "Starting controller" name="aggregator-proxy-cert::/var/lib/rancher/k3s/server/tls/client-auth-proxy.crt::/var/lib/rancher/k3s/server/tls/client-auth-proxy.key"
2025-01-27 17:04:51,751 INFO c.h.h.t.HelmChartContainer - [K3S] [dynamic_cafile_content.go:161] "Starting controller" name="client-ca-bundle::/var/lib/rancher/k3s/server/tls/client-ca.crt"
2025-01-27 17:04:51,751 INFO c.h.h.t.HelmChartContainer - [K3S] [dynamic_cafile_content.go:161] "Starting controller" name="request-header::/var/lib/rancher/k3s/server/tls/request-header-ca.crt"
2025-01-27 17:04:51,755 INFO c.h.h.t.HelmChartContainer - [K3S] [tlsconfig.go:243] "Starting DynamicServingCertificateController"
2025-01-27 17:04:51,756 INFO c.h.h.t.HelmChartContainer - [K3S] [apiservice_controller.go:100] Starting APIServiceRegistrationController
2025-01-27 17:04:51,756 INFO c.h.h.t.HelmChartContainer - [K3S] [controller.go:142] Starting OpenAPI controller
2025-01-27 17:04:51,757 INFO c.h.h.t.HelmChartContainer - [K3S] [controller.go:90] Starting OpenAPI V3 controller
2025-01-27 17:04:51,757 INFO c.h.h.t.HelmChartContainer - [K3S] [naming_controller.go:294] Starting NamingConditionController
2025-01-27 17:04:51,758 INFO c.h.h.t.HelmChartContainer - [K3S] [remote_available_controller.go:411] Starting RemoteAvailability controller
2025-01-27 17:04:51,759 INFO c.h.h.t.HelmChartContainer - [K3S] [establishing_controller.go:81] Starting EstablishingController
2025-01-27 17:04:51,759 INFO c.h.h.t.HelmChartContainer - [K3S] [nonstructuralschema_controller.go:195] Starting NonStructuralSchemaConditionController
2025-01-27 17:04:51,759 INFO c.h.h.t.HelmChartContainer - [K3S] [controller.go:78] Starting OpenAPI AggregationController
2025-01-27 17:04:51,759 INFO c.h.h.t.HelmChartContainer - [K3S] [apiapproval_controller.go:189] Starting KubernetesAPIApprovalPolicyConformantConditionController
2025-01-27 17:04:51,759 INFO c.h.h.t.HelmChartContainer - [K3S] [crd_finalizer.go:269] Starting CRDFinalizer
2025-01-27 17:04:51,759 INFO c.h.h.t.HelmChartContainer - [K3S] [gc_controller.go:78] Starting apiserver lease garbage collector
2025-01-27 17:04:51,760 INFO c.h.h.t.HelmChartContainer - [K3S] [controller.go:119] Starting legacy_token_tracking_controller
2025-01-27 17:04:51,760 INFO c.h.h.t.HelmChartContainer - [K3S] [system_namespaces_controller.go:66] Starting system namespaces controller
2025-01-27 17:04:51,760 INFO c.h.h.t.HelmChartContainer - [K3S] [controller.go:80] Starting OpenAPI V3 AggregationController
2025-01-27 17:04:51,760 INFO c.h.h.t.HelmChartContainer - [K3S] [crdregistration_controller.go:114] Starting crd-autoregister controller
2025-01-27 17:04:51,838 INFO c.h.h.t.HelmChartContainer - [K3S] [controller.go:145] "Failed to ensure lease exists, will retry" err="namespaces \"kube-system\" not found" interval="200ms"
2025-01-27 17:04:51,849 INFO c.h.h.t.HelmChartContainer - [K3S] [policy_source.go:240] refreshing policies
2025-01-27 17:04:51,851 INFO c.h.h.t.HelmChartContainer - [K3S] [apf_controller.go:382] Running API Priority and Fairness config worker
2025-01-27 17:04:51,852 INFO c.h.h.t.HelmChartContainer - [K3S] [apf_controller.go:385] Running API Priority and Fairness periodic rebalancing process
2025-01-27 17:04:51,856 INFO c.h.h.t.HelmChartContainer - [K3S] [handler_discovery.go:451] Starting ResourceDiscoveryManager
2025-01-27 17:04:51,859 INFO c.h.h.t.HelmChartContainer - [K3S] [aggregator.go:171] initial CRD sync complete...
2025-01-27 17:04:51,859 INFO c.h.h.t.HelmChartContainer - [K3S] [autoregister_controller.go:144] Starting autoregister controller
2025-01-27 17:04:51,905 INFO c.h.h.t.HelmChartContainer - [K3S] [controller.go:95] Unable to perform initial Kubernetes service initialization: namespaces "default" not found
2025-01-27 17:04:52,100 INFO c.h.h.t.HelmChartContainer - [K3S] [WARNING] Host resolv.conf includes loopback or multicast nameservers - kubelet will use autogenerated resolv.conf with nameserver 8.8.8.8
2025-01-27 17:04:52,108 INFO c.h.h.t.HelmChartContainer - [K3S] [INFO] Module overlay was already loaded
2025-01-27 17:04:52,108 INFO c.h.h.t.HelmChartContainer - [K3S] [INFO] Module nf_conntrack was already loaded
2025-01-27 17:04:52,108 INFO c.h.h.t.HelmChartContainer - [K3S] [INFO] Module br_netfilter was already loaded
2025-01-27 17:04:52,112 INFO c.h.h.t.HelmChartContainer - [K3S] [INFO] Set sysctl 'net/netfilter/nf_conntrack_max' to 131072
2025-01-27 17:04:52,112 INFO c.h.h.t.HelmChartContainer - [K3S] [INFO] Set sysctl 'net/netfilter/nf_conntrack_tcp_timeout_established' to 86400
2025-01-27 17:04:52,112 INFO c.h.h.t.HelmChartContainer - [K3S] [INFO] Set sysctl 'net/netfilter/nf_conntrack_tcp_timeout_close_wait' to 3600
2025-01-27 17:04:52,114 INFO c.h.h.t.HelmChartContainer - [K3S] [INFO] Logging containerd to /var/lib/rancher/k3s/agent/containerd/containerd.log
2025-01-27 17:04:52,114 INFO c.h.h.t.HelmChartContainer - [K3S] [INFO] Running containerd -c /var/lib/rancher/k3s/agent/etc/containerd/config.toml -a /run/k3s/containerd/containerd.sock --state /run/k3s/containerd --root /var/lib/rancher/k3s/agent/containerd
2025-01-27 17:04:52,754 INFO c.h.h.t.HelmChartContainer - [K3S] [storage_scheduling.go:95] created PriorityClass system-node-critical with value 2000001000
2025-01-27 17:04:52,757 INFO c.h.h.t.HelmChartContainer - [K3S] [storage_scheduling.go:95] created PriorityClass system-cluster-critical with value 2000000000
2025-01-27 17:04:52,758 INFO c.h.h.t.HelmChartContainer - [K3S] [storage_scheduling.go:111] all system priority classes are created successfully or already exist.
2025-01-27 17:04:53,111 INFO c.h.h.t.HelmChartContainer - [K3S] [alloc.go:330] "allocated clusterIPs" service="default/kubernetes" clusterIPs={"IPv4":"10.43.0.1"}
2025-01-27 17:04:53,114 INFO c.h.h.t.HelmChartContainer - [K3S] [lease.go:265] Resetting endpoints for master service "kubernetes" to [172.18.0.2]
2025-01-27 17:04:53,118 INFO c.h.h.t.HelmChartContainer - [K3S] [INFO] containerd is now running
2025-01-27 17:04:53,120 INFO c.h.h.t.HelmChartContainer - [K3S] [INFO] Connecting to proxy" url="wss://127.0.0.1:6443/v1-k3s/connect
2025-01-27 17:04:53,122 INFO c.h.h.t.HelmChartContainer - [K3S] [INFO] Creating k3s-cert-monitor event broadcaster
2025-01-27 17:04:53,122 INFO c.h.h.t.HelmChartContainer - [K3S] [INFO] Running kubelet --cloud-provider=external --config-dir=/var/lib/rancher/k3s/agent/etc/kubelet.conf.d --containerd=/run/k3s/containerd/containerd.sock --hostname-override=1d709a34904e --kubeconfig=/var/lib/rancher/k3s/agent/kubelet.kubeconfig --node-ip=172.18.0.2 --node-labels=
2025-01-27 17:04:53,126 INFO c.h.h.t.HelmChartContainer - [K3S] [INFO] Handling backend connection request [1d709a34904e]
2025-01-27 17:04:53,126 INFO c.h.h.t.HelmChartContainer - [K3S] [INFO] Remotedialer connected to proxy" url="wss://127.0.0.1:6443/v1-k3s/connect
2025-01-27 17:04:53,131 INFO c.h.h.t.HelmChartContainer - [K3S] Flag --containerd has been deprecated, This is a cadvisor flag that was mistakenly registered with the Kubelet. Due to legacy concerns, it will follow the standard CLI deprecation timeline before being removed.
2025-01-27 17:04:53,132 INFO c.h.h.t.HelmChartContainer - [K3S] [server.go:515] "Kubelet version" kubeletVersion="v1.32.0+k3s1"
2025-01-27 17:04:53,132 INFO c.h.h.t.HelmChartContainer - [K3S] [server.go:517] "Golang settings" GOGC="" GOMAXPROCS="" GOTRACEBACK=""
2025-01-27 17:04:53,134 INFO c.h.h.t.HelmChartContainer - [K3S] [dynamic_cafile_content.go:161] "Starting controller" name="client-ca-bundle::/var/lib/rancher/k3s/agent/client-ca.crt"
2025-01-27 17:04:53,136 INFO c.h.h.t.HelmChartContainer - [K3S] [log.go:32] "RuntimeConfig from runtime service failed" err="rpc error: code = Unimplemented desc = method RuntimeConfig not implemented"
2025-01-27 17:04:53,136 INFO c.h.h.t.HelmChartContainer - [K3S] [server.go:1416] "CRI implementation should be updated to support RuntimeConfig when KubeletCgroupDriverFromCRI feature gate has been enabled. Falling back to using cgroupDriver from kubelet config."
2025-01-27 17:04:53,139 INFO c.h.h.t.HelmChartContainer - [K3S] [info.go:53] Couldn't collect info from any of the files in "/etc/machine-id,/var/lib/dbus/machine-id"
2025-01-27 17:04:53,140 INFO c.h.h.t.HelmChartContainer - [K3S] [server.go:767] "--cgroups-per-qos enabled, but --cgroup-root was not specified.  defaulting to /"
2025-01-27 17:04:53,140 INFO c.h.h.t.HelmChartContainer - [K3S] [server.go:836] "NoSwap is set due to memorySwapBehavior not specified" memorySwapBehavior="" FailSwapOn=false
2025-01-27 17:04:53,140 INFO c.h.h.t.HelmChartContainer - [K3S] [swap_util.go:115] "Swap is on" /proc/swaps contents=<
2025-01-27 17:04:53,140 INFO c.h.h.t.HelmChartContainer - [K3S] 	Filename				Type		Size		Used		Priority
2025-01-27 17:04:53,140 INFO c.h.h.t.HelmChartContainer - [K3S] 	/mnt/swapfile                           file		4194300		0		-2
2025-01-27 17:04:53,141 INFO c.h.h.t.HelmChartContainer - [K3S]  >
2025-01-27 17:04:53,141 INFO c.h.h.t.HelmChartContainer - [K3S] [container_manager_linux.go:268] "Container manager verified user specified cgroup-root exists" cgroupRoot=[]
2025-01-27 17:04:53,142 INFO c.h.h.t.HelmChartContainer - [K3S] [container_manager_linux.go:273] "Creating Container Manager object based on Node Config" nodeConfig={"NodeName":"1d709a34904e","RuntimeCgroupsName":"","SystemCgroupsName":"","KubeletCgroupsName":"/k3s","KubeletOOMScoreAdj":-999,"ContainerRuntime":"","CgroupsPerQOS":true,"CgroupRoot":"/","CgroupDriver":"cgroupfs","KubeletRootDir":"/var/lib/kubelet","ProtectKernelDefaults":false,"KubeReservedCgroupName":"","SystemReservedCgroupName":"","ReservedSystemCPUs":{},"EnforceNodeAllocatable":{"pods":{}},"KubeReserved":null,"SystemReserved":null,"HardEvictionThresholds":[{"Signal":"imagefs.available","Operator":"LessThan","Value":{"Quantity":null,"Percentage":0.05},"GracePeriod":0,"MinReclaim":null},{"Signal":"nodefs.available","Operator":"LessThan","Value":{"Quantity":null,"Percentage":0.05},"GracePeriod":0,"MinReclaim":null}],"QOSReserved":{},"CPUManagerPolicy":"none","CPUManagerPolicyOptions":null,"TopologyManagerScope":"container","CPUManagerReconcilePeriod":10000000000,"ExperimentalMemoryManagerPolicy":"None","ExperimentalMemoryManagerReservedMemory":null,"PodPidsLimit":-1,"EnforceCPULimits":true,"CPUCFSQuotaPeriod":100000000,"TopologyManagerPolicy":"none","TopologyManagerPolicyOptions":null,"CgroupVersion":2}
2025-01-27 17:04:53,142 INFO c.h.h.t.HelmChartContainer - [K3S] [topology_manager.go:138] "Creating topology manager with none policy"
2025-01-27 17:04:53,142 INFO c.h.h.t.HelmChartContainer - [K3S] [container_manager_linux.go:304] "Creating device plugin manager"
2025-01-27 17:04:53,142 INFO c.h.h.t.HelmChartContainer - [K3S] [state_mem.go:36] "Initialized new in-memory state store"
2025-01-27 17:04:53,142 INFO c.h.h.t.HelmChartContainer - [K3S] [kubelet.go:446] "Attempting to sync node with API server"
2025-01-27 17:04:53,142 INFO c.h.h.t.HelmChartContainer - [K3S] [kubelet.go:341] "Adding static pod path" path="/var/lib/rancher/k3s/agent/pod-manifests"
2025-01-27 17:04:53,142 INFO c.h.h.t.HelmChartContainer - [K3S] [kubelet.go:352] "Adding apiserver pod source"
2025-01-27 17:04:53,142 INFO c.h.h.t.HelmChartContainer - [K3S] [apiserver.go:42] "Waiting for node sync before watching apiserver pods"
2025-01-27 17:04:53,143 INFO c.h.h.t.HelmChartContainer - [K3S] [kuberuntime_manager.go:269] "Container runtime initialized" containerRuntime="containerd" version="v1.7.23-k3s2" apiVersion="v1"
2025-01-27 17:04:53,143 INFO c.h.h.t.HelmChartContainer - [K3S] [kubelet.go:890] "Not starting ClusterTrustBundle informer because we are in static kubelet mode"
2025-01-27 17:04:53,143 INFO c.h.h.t.HelmChartContainer - [K3S] [probe.go:272] Flexvolume plugin directory at /usr/libexec/kubernetes/kubelet-plugins/volume/exec/ does not exist. Recreating.
2025-01-27 17:04:53,144 INFO c.h.h.t.HelmChartContainer - [K3S] [watchdog_linux.go:99] "Systemd watchdog is not enabled"
2025-01-27 17:04:53,144 INFO c.h.h.t.HelmChartContainer - [K3S] [server.go:1282] "Started kubelet"
2025-01-27 17:04:53,146 INFO c.h.h.t.HelmChartContainer - [K3S] [ratelimit.go:55] "Setting rate limiting for endpoint" service="podresources" qps=100 burstTokens=10
2025-01-27 17:04:53,147 INFO c.h.h.t.HelmChartContainer - [K3S] [fs_resource_analyzer.go:67] "Starting FS ResourceAnalyzer"
2025-01-27 17:04:53,147 INFO c.h.h.t.HelmChartContainer - [K3S] [server.go:243] "Starting to serve the podresources API" endpoint="unix:/var/lib/kubelet/pod-resources/kubelet.sock"
2025-01-27 17:04:53,147 INFO c.h.h.t.HelmChartContainer - [K3S] [server.go:169] "Starting to listen" address="0.0.0.0" port=10250
2025-01-27 17:04:53,148 INFO c.h.h.t.HelmChartContainer - [K3S] [server.go:490] "Adding debug handlers to kubelet server"
2025-01-27 17:04:53,149 INFO c.h.h.t.HelmChartContainer - [K3S] [server.go:208] "Starting to listen read-only" address="0.0.0.0" port=10255
2025-01-27 17:04:53,152 INFO c.h.h.t.HelmChartContainer - [K3S] [dynamic_serving_content.go:135] "Starting controller" name="kubelet-server-cert-files::/var/lib/rancher/k3s/agent/serving-kubelet.crt::/var/lib/rancher/k3s/agent/serving-kubelet.key"
2025-01-27 17:04:53,157 INFO c.h.h.t.HelmChartContainer - [K3S] [kubelet.go:1561] "Image garbage collection failed once. Stats initialization may not have completed yet" err="invalid capacity 0 on image filesystem"
2025-01-27 17:04:53,157 INFO c.h.h.t.HelmChartContainer - [K3S] [kubelet_node_status.go:467] "Error getting the current node from lister" err="node \"1d709a34904e\" not found"
2025-01-27 17:04:53,157 INFO c.h.h.t.HelmChartContainer - [K3S] [volume_manager.go:297] "Starting Kubelet Volume Manager"
2025-01-27 17:04:53,157 INFO c.h.h.t.HelmChartContainer - [K3S] [desired_state_of_world_populator.go:149] "Desired state populator starts to run"
2025-01-27 17:04:53,158 INFO c.h.h.t.HelmChartContainer - [K3S] [reconciler.go:26] "Reconciler: start to sync state"
2025-01-27 17:04:53,160 INFO c.h.h.t.HelmChartContainer - [K3S] [factory.go:219] Registration of the crio container factory failed: Get "http://%2Fvar%2Frun%2Fcrio%2Fcrio.sock/info": dial unix /var/run/crio/crio.sock: connect: no such file or directory
2025-01-27 17:04:53,162 INFO c.h.h.t.HelmChartContainer - [K3S] [factory.go:221] Registration of the containerd container factory successfully
2025-01-27 17:04:53,163 INFO c.h.h.t.HelmChartContainer - [K3S] [factory.go:221] Registration of the systemd container factory successfully
2025-01-27 17:04:53,165 INFO c.h.h.t.HelmChartContainer - [K3S] [nodelease.go:49] "Failed to get node when trying to set owner ref to the node lease" err="nodes \"1d709a34904e\" not found" node="1d709a34904e"
2025-01-27 17:04:53,181 INFO c.h.h.t.HelmChartContainer - [K3S] [kubelet_network_linux.go:50] "Initialized iptables rules." protocol="IPv4"
2025-01-27 17:04:53,183 INFO c.h.h.t.HelmChartContainer - [K3S] [cpu_manager.go:221] "Starting CPU manager" policy="none"
2025-01-27 17:04:53,183 INFO c.h.h.t.HelmChartContainer - [K3S] [cpu_manager.go:222] "Reconciling" reconcilePeriod="10s"
2025-01-27 17:04:53,183 INFO c.h.h.t.HelmChartContainer - [K3S] [state_mem.go:36] "Initialized new in-memory state store"
2025-01-27 17:04:53,185 INFO c.h.h.t.HelmChartContainer - [K3S] [kubelet_network_linux.go:50] "Initialized iptables rules." protocol="IPv6"
2025-01-27 17:04:53,185 INFO c.h.h.t.HelmChartContainer - [K3S] [status_manager.go:227] "Starting to sync pod status with apiserver"
2025-01-27 17:04:53,185 INFO c.h.h.t.HelmChartContainer - [K3S] [watchdog_linux.go:127] "Systemd watchdog is not enabled or the interval is invalid, so health checking will not be started."
2025-01-27 17:04:53,185 INFO c.h.h.t.HelmChartContainer - [K3S] [kubelet.go:2388] "Starting kubelet main sync loop"
2025-01-27 17:04:53,185 INFO c.h.h.t.HelmChartContainer - [K3S] [kubelet.go:2412] "Skipping pod synchronization" err="[container runtime status check may not have completed yet, PLEG is not healthy: pleg has yet to be successful]"
2025-01-27 17:04:53,188 INFO c.h.h.t.HelmChartContainer - [K3S] [policy_none.go:49] "None policy: Start"
2025-01-27 17:04:53,189 INFO c.h.h.t.HelmChartContainer - [K3S] [memory_manager.go:186] "Starting memorymanager" policy="None"
2025-01-27 17:04:53,190 INFO c.h.h.t.HelmChartContainer - [K3S] [state_mem.go:35] "Initializing new in-memory state store"
2025-01-27 17:04:53,194 INFO c.h.h.t.HelmChartContainer - [K3S] [manager.go:519] "Failed to read data from checkpoint" checkpoint="kubelet_internal_checkpoint" err="checkpoint is not found"
2025-01-27 17:04:53,194 INFO c.h.h.t.HelmChartContainer - [K3S] [eviction_manager.go:189] "Eviction manager: starting control loop"
2025-01-27 17:04:53,194 INFO c.h.h.t.HelmChartContainer - [K3S] [container_log_manager.go:189] "Initializing container log rotate workers" workers=1 monitorPeriod="10s"
2025-01-27 17:04:53,196 INFO c.h.h.t.HelmChartContainer - [K3S] [plugin_manager.go:118] "Starting Kubelet Plugin Manager"
2025-01-27 17:04:53,201 INFO c.h.h.t.HelmChartContainer - [K3S] [eviction_manager.go:267] "eviction manager: failed to check if we have separate container filesystem. Ignoring." err="no imagefs label for configured runtime"
2025-01-27 17:04:53,201 INFO c.h.h.t.HelmChartContainer - [K3S] [eviction_manager.go:292] "Eviction manager: failed to get summary stats" err="failed to get node info: node \"1d709a34904e\" not found"
2025-01-27 17:04:53,245 INFO c.h.h.t.HelmChartContainer - [K3S] [ERROR] Sending HTTP/1.1 503 response to 127.0.0.1:50312: runtime core not ready
2025-01-27 17:04:53,294 INFO c.h.h.t.HelmChartContainer - [K3S] [kubelet_node_status.go:76] "Attempting to register node" node="1d709a34904e"
2025-01-27 17:04:53,298 INFO c.h.h.t.HelmChartContainer - [K3S] [kubelet_node_status.go:79] "Successfully registered node" node="1d709a34904e"
2025-01-27 17:04:53,303 INFO c.h.h.t.HelmChartContainer - [K3S] [INFO] Annotations and labels have been set successfully on node: 1d709a34904e
2025-01-27 17:04:53,303 INFO c.h.h.t.HelmChartContainer - [K3S] [INFO] Starting flannel with backend vxlan
2025-01-27 17:04:53,344 INFO c.h.h.t.HelmChartContainer - [K3S] [INFO] Running kube-proxy --cluster-cidr=10.42.0.0/16 --conntrack-max-per-core=0 --conntrack-tcp-timeout-close-wait=0s --conntrack-tcp-timeout-established=0s --healthz-bind-address=127.0.0.1 --hostname-override=1d709a34904e --kubeconfig=/var/lib/rancher/k3s/agent/kubeproxy.kubeconfig --proxy-mode=iptables
2025-01-27 17:04:53,386 INFO c.h.h.t.HelmChartContainer - [K3S] [server.go:698] "Successfully retrieved node IP(s)" IPs=["172.18.0.2"]
2025-01-27 17:04:53,387 INFO c.h.h.t.HelmChartContainer - [K3S] [server.go:234] "Kube-proxy configuration may be incomplete or incorrect" err="nodePortAddresses is unset; NodePort connections will be accepted on all local IPs. Consider using `--nodeport-addresses primary`"
2025-01-27 17:04:53,389 INFO c.h.h.t.HelmChartContainer - [K3S] [server.go:243] "kube-proxy running in dual-stack mode" primary ipFamily="IPv4"
2025-01-27 17:04:53,390 INFO c.h.h.t.HelmChartContainer - [K3S] [server_linux.go:170] "Using iptables Proxier"
2025-01-27 17:04:53,391 INFO c.h.h.t.HelmChartContainer - [K3S] [proxier.go:255] "Setting route_localnet=1 to allow node-ports on localhost; to change this either disable iptables.localhostNodePorts (--iptables-localhost-nodeports) or set nodePortAddresses (--nodeport-addresses) to filter loopback addresses"
2025-01-27 17:04:53,394 INFO c.h.h.t.HelmChartContainer - [K3S] [server.go:497] "Version info" version="v1.32.0+k3s1"
2025-01-27 17:04:53,395 INFO c.h.h.t.HelmChartContainer - [K3S] [server.go:499] "Golang settings" GOGC="" GOMAXPROCS="" GOTRACEBACK=""
2025-01-27 17:04:53,396 INFO c.h.h.t.HelmChartContainer - [K3S] [config.go:105] "Starting endpoint slice config controller"
2025-01-27 17:04:53,396 INFO c.h.h.t.HelmChartContainer - [K3S] [config.go:199] "Starting service config controller"
2025-01-27 17:04:53,399 INFO c.h.h.t.HelmChartContainer - [K3S] [config.go:329] "Starting node config controller"
2025-01-27 17:04:53,605 INFO c.h.h.t.HelmChartContainer - [K3S] [kubelet_node_status.go:502] "Fast updating node status as it just became ready"
2025-01-27 17:04:53,946 INFO c.h.h.t.HelmChartContainer - [K3S] [INFO] Waiting for untainted node
2025-01-27 17:04:53,947 INFO c.h.h.t.HelmChartContainer - [K3S] [INFO] Waiting for cloud-controller-manager privileges to become available
2025-01-27 17:04:53,947 INFO c.h.h.t.HelmChartContainer - [K3S] [INFO] Kube API server is now running
2025-01-27 17:04:53,947 INFO c.h.h.t.HelmChartContainer - [K3S] [INFO] ETCD server is now running
2025-01-27 17:04:53,947 INFO c.h.h.t.HelmChartContainer - [K3S] [INFO] k3s is up and running
2025-01-27 17:04:53,948 INFO c.h.h.t.HelmChartContainer - [K3S] [INFO] Creating k3s-supervisor event broadcaster
2025-01-27 17:04:53,954 INFO c.h.h.t.HelmChartContainer - [K3S] [INFO] Applying CRD addons.k3s.cattle.io
2025-01-27 17:04:53,963 INFO c.h.h.t.HelmChartContainer - [K3S] [INFO] Applying CRD etcdsnapshotfiles.k3s.cattle.io
2025-01-27 17:04:53,978 INFO c.h.h.t.HelmChartContainer - [K3S] [INFO] Applying CRD helmcharts.helm.cattle.io
2025-01-27 17:04:53,990 INFO c.h.h.t.HelmChartContainer - [K3S] [INFO] Applying CRD helmchartconfigs.helm.cattle.io
2025-01-27 17:04:54,003 INFO c.h.h.t.HelmChartContainer - [K3S] [INFO] Waiting for CRD helmchartconfigs.helm.cattle.io to become available
2025-01-27 17:04:54,141 INFO c.h.h.t.HelmChartContainer - [K3S] [apiserver.go:52] "Watching apiserver"
2025-01-27 17:04:54,158 INFO c.h.h.t.HelmChartContainer - [K3S] [desired_state_of_world_populator.go:157] "Finished populating initial desired state of world"
2025-01-27 17:04:54,420 INFO c.h.h.t.HelmChartContainer - [K3S] [serving.go:392] Generated self-signed cert in-memory
2025-01-27 17:04:54,506 INFO c.h.h.t.HelmChartContainer - [K3S] [INFO] Done waiting for CRD helmchartconfigs.helm.cattle.io to become available
2025-01-27 17:04:54,506 INFO c.h.h.t.HelmChartContainer - [K3S] [INFO] Writing static file: /var/lib/rancher/k3s/server/static/charts/traefik-27.0.201+up27.0.2.tgz
2025-01-27 17:04:54,507 INFO c.h.h.t.HelmChartContainer - [K3S] [INFO] Writing static file: /var/lib/rancher/k3s/server/static/charts/traefik-crd-27.0.201+up27.0.2.tgz
2025-01-27 17:04:54,507 INFO c.h.h.t.HelmChartContainer - [K3S] [INFO] Writing manifest: /var/lib/rancher/k3s/server/manifests/metrics-server/metrics-apiservice.yaml
2025-01-27 17:04:54,508 INFO c.h.h.t.HelmChartContainer - [K3S] [INFO] Writing manifest: /var/lib/rancher/k3s/server/manifests/metrics-server/metrics-server-service.yaml
2025-01-27 17:04:54,508 INFO c.h.h.t.HelmChartContainer - [K3S] [INFO] Writing manifest: /var/lib/rancher/k3s/server/manifests/rolebindings.yaml
2025-01-27 17:04:54,508 INFO c.h.h.t.HelmChartContainer - [K3S] [INFO] Writing manifest: /var/lib/rancher/k3s/server/manifests/coredns.yaml
2025-01-27 17:04:54,509 INFO c.h.h.t.HelmChartContainer - [K3S] [INFO] Writing manifest: /var/lib/rancher/k3s/server/manifests/local-storage.yaml
2025-01-27 17:04:54,510 INFO c.h.h.t.HelmChartContainer - [K3S] [INFO] Writing manifest: /var/lib/rancher/k3s/server/manifests/metrics-server/aggregated-metrics-reader.yaml
2025-01-27 17:04:54,510 INFO c.h.h.t.HelmChartContainer - [K3S] [INFO] Writing manifest: /var/lib/rancher/k3s/server/manifests/metrics-server/auth-delegator.yaml
2025-01-27 17:04:54,510 INFO c.h.h.t.HelmChartContainer - [K3S] [INFO] Writing manifest: /var/lib/rancher/k3s/server/manifests/metrics-server/auth-reader.yaml
2025-01-27 17:04:54,510 INFO c.h.h.t.HelmChartContainer - [K3S] [INFO] Writing manifest: /var/lib/rancher/k3s/server/manifests/runtimes.yaml
2025-01-27 17:04:54,510 INFO c.h.h.t.HelmChartContainer - [K3S] [INFO] Writing manifest: /var/lib/rancher/k3s/server/manifests/ccm.yaml
2025-01-27 17:04:54,510 INFO c.h.h.t.HelmChartContainer - [K3S] [INFO] Writing manifest: /var/lib/rancher/k3s/server/manifests/metrics-server/metrics-server-deployment.yaml
2025-01-27 17:04:54,510 INFO c.h.h.t.HelmChartContainer - [K3S] [INFO] Writing manifest: /var/lib/rancher/k3s/server/manifests/metrics-server/resource-reader.yaml
2025-01-27 17:04:54,511 INFO c.h.h.t.HelmChartContainer - [K3S] [INFO] Tunnel server egress proxy mode: agent
2025-01-27 17:04:54,511 INFO c.h.h.t.HelmChartContainer - [K3S] [INFO] Starting dynamiclistener CN filter node controller with SANs: [localhost 127.0.0.1 ::1 localhost 1d709a34904e 172.18.0.2 10.43.0.1 kubernetes kubernetes.default kubernetes.default.svc kubernetes.default.svc.cluster.local]
2025-01-27 17:04:54,616 INFO c.h.h.t.HelmChartContainer - [K3S] [INFO] Starting k3s.cattle.io/v1, Kind=Addon controller
2025-01-27 17:04:54,616 INFO c.h.h.t.HelmChartContainer - [K3S] [INFO] Creating deploy event broadcaster
2025-01-27 17:04:54,720 INFO c.h.h.t.HelmChartContainer - [K3S] [INFO] Starting /v1, Kind=Node controller
2025-01-27 17:04:54,722 INFO c.h.h.t.HelmChartContainer - [K3S] [INFO] Creating helm-controller event broadcaster
2025-01-27 17:04:54,733 INFO c.h.h.t.HelmChartContainer - [K3S] [INFO] Labels and annotations have been set successfully on node: 1d709a34904e
2025-01-27 17:04:54,733 INFO c.h.h.t.HelmChartContainer - [K3S] [INFO] Cluster dns configmap has been set successfully
2025-01-27 17:04:54,774 INFO c.h.h.t.HelmChartContainer - [K3S] [INFO] Starting /v1, Kind=Secret controller
2025-01-27 17:04:54,775 INFO c.h.h.t.HelmChartContainer - [K3S] [INFO] Starting /v1, Kind=ConfigMap controller
2025-01-27 17:04:54,775 INFO c.h.h.t.HelmChartContainer - [K3S] [INFO] Starting /v1, Kind=ServiceAccount controller
2025-01-27 17:04:54,782 INFO c.h.h.t.HelmChartContainer - [K3S] [INFO] Updating TLS secret for kube-system/k3s-serving (count: 10): map[listener.cattle.io/cn-10.43.0.1:10.43.0.1 listener.cattle.io/cn-127.0.0.1:127.0.0.1 listener.cattle.io/cn-172.18.0.2:172.18.0.2 listener.cattle.io/cn-1d709a34904e:1d709a34904e listener.cattle.io/cn-__1-f16284:::1 listener.cattle.io/cn-kubernetes:kubernetes listener.cattle.io/cn-kubernetes.default:kubernetes.default listener.cattle.io/cn-kubernetes.default.svc:kubernetes.default.svc listener.cattle.io/cn-kubernetes.default.svc.cluster.local:kubernetes.default.svc.cluster.local listener.cattle.io/cn-localhost:localhost listener.cattle.io/fingerprint:SHA1=75D3A7A5E81FAC793C98316870194B5703196C9A]
2025-01-27 17:04:54,784 INFO c.h.h.t.HelmChartContainer - [K3S] [INFO] Active TLS secret kube-system/k3s-serving (ver=230) (count 10): map[listener.cattle.io/cn-10.43.0.1:10.43.0.1 listener.cattle.io/cn-127.0.0.1:127.0.0.1 listener.cattle.io/cn-172.18.0.2:172.18.0.2 listener.cattle.io/cn-1d709a34904e:1d709a34904e listener.cattle.io/cn-__1-f16284:::1 listener.cattle.io/cn-kubernetes:kubernetes listener.cattle.io/cn-kubernetes.default:kubernetes.default listener.cattle.io/cn-kubernetes.default.svc:kubernetes.default.svc listener.cattle.io/cn-kubernetes.default.svc.cluster.local:kubernetes.default.svc.cluster.local listener.cattle.io/cn-localhost:localhost listener.cattle.io/fingerprint:SHA1=75D3A7A5E81FAC793C98316870194B5703196C9A]
2025-01-27 17:04:54,787 INFO c.h.h.t.HelmChartContainer - [K3S] [INFO] Updating TLS secret for kube-system/k3s-serving (count: 10): map[listener.cattle.io/cn-10.43.0.1:10.43.0.1 listener.cattle.io/cn-127.0.0.1:127.0.0.1 listener.cattle.io/cn-172.18.0.2:172.18.0.2 listener.cattle.io/cn-1d709a34904e:1d709a34904e listener.cattle.io/cn-__1-f16284:::1 listener.cattle.io/cn-kubernetes:kubernetes listener.cattle.io/cn-kubernetes.default:kubernetes.default listener.cattle.io/cn-kubernetes.default.svc:kubernetes.default.svc listener.cattle.io/cn-kubernetes.default.svc.cluster.local:kubernetes.default.svc.cluster.local listener.cattle.io/cn-localhost:localhost listener.cattle.io/fingerprint:SHA1=75D3A7A5E81FAC793C98316870194B5703196C9A]
2025-01-27 17:04:54,831 INFO c.h.h.t.HelmChartContainer - [K3S] [INFO] Starting helm.cattle.io/v1, Kind=HelmChart controller
2025-01-27 17:04:54,832 INFO c.h.h.t.HelmChartContainer - [K3S] [INFO] Starting helm.cattle.io/v1, Kind=HelmChartConfig controller
2025-01-27 17:04:54,834 INFO c.h.h.t.HelmChartContainer - [K3S] [INFO] Starting rbac.authorization.k8s.io/v1, Kind=ClusterRoleBinding controller
2025-01-27 17:04:54,837 INFO c.h.h.t.HelmChartContainer - [K3S] [INFO] Starting batch/v1, Kind=Job controller
2025-01-27 17:04:54,926 INFO c.h.h.t.HelmChartContainer - [K3S] [controllermanager.go:185] "Starting" version="v1.32.0+k3s1"
2025-01-27 17:04:54,926 INFO c.h.h.t.HelmChartContainer - [K3S] [controllermanager.go:187] "Golang settings" GOGC="" GOMAXPROCS="" GOTRACEBACK=""
2025-01-27 17:04:54,928 INFO c.h.h.t.HelmChartContainer - [K3S] [requestheader_controller.go:180] Starting RequestHeaderAuthRequestController
2025-01-27 17:04:54,928 INFO c.h.h.t.HelmChartContainer - [K3S] [configmap_cafile_content.go:205] "Starting controller" name="client-ca::kube-system::extension-apiserver-authentication::requestheader-client-ca-file"
2025-01-27 17:04:54,928 INFO c.h.h.t.HelmChartContainer - [K3S] [configmap_cafile_content.go:205] "Starting controller" name="client-ca::kube-system::extension-apiserver-authentication::client-ca-file"
2025-01-27 17:04:54,928 INFO c.h.h.t.HelmChartContainer - [K3S] [tlsconfig.go:243] "Starting DynamicServingCertificateController"
2025-01-27 17:04:54,928 INFO c.h.h.t.HelmChartContainer - [K3S] [secure_serving.go:213] Serving securely on 127.0.0.1:10257
2025-01-27 17:04:54,932 INFO c.h.h.t.HelmChartContainer - [K3S] [controllermanager.go:765] "Started controller" controller="serviceaccount-token-controller"
2025-01-27 17:04:54,938 INFO c.h.h.t.HelmChartContainer - [K3S] [controllermanager.go:765] "Started controller" controller="persistentvolume-protection-controller"
2025-01-27 17:04:54,938 INFO c.h.h.t.HelmChartContainer - [K3S] [pv_protection_controller.go:81] "Starting PV protection controller"
2025-01-27 17:04:54,943 INFO c.h.h.t.HelmChartContainer - [K3S] [controllermanager.go:765] "Started controller" controller="daemonset-controller"
2025-01-27 17:04:54,944 INFO c.h.h.t.HelmChartContainer - [K3S] [daemon_controller.go:294] "Starting daemon sets controller"
2025-01-27 17:04:54,956 INFO c.h.h.t.HelmChartContainer - [K3S] [range_allocator.go:112] "No Secondary Service CIDR provided. Skipping filtering out secondary service addresses"
2025-01-27 17:04:54,956 INFO c.h.h.t.HelmChartContainer - [K3S] [controllermanager.go:765] "Started controller" controller="node-ipam-controller"
2025-01-27 17:04:54,956 INFO c.h.h.t.HelmChartContainer - [K3S] [node_ipam_controller.go:141] "Starting ipam controller"
2025-01-27 17:04:54,958 INFO c.h.h.t.HelmChartContainer - [K3S] [node_lifecycle_controller.go:432] "Controller will reconcile labels"
2025-01-27 17:04:54,958 INFO c.h.h.t.HelmChartContainer - [K3S] [controllermanager.go:765] "Started controller" controller="node-lifecycle-controller"
2025-01-27 17:04:54,958 INFO c.h.h.t.HelmChartContainer - [K3S] [controllermanager.go:723] "Skipping a cloud provider controller" controller="node-route-controller"
2025-01-27 17:04:54,958 INFO c.h.h.t.HelmChartContainer - [K3S] [controllermanager.go:723] "Skipping a cloud provider controller" controller="cloud-node-lifecycle-controller"
2025-01-27 17:04:54,958 INFO c.h.h.t.HelmChartContainer - [K3S] [node_lifecycle_controller.go:466] "Sending events to api server"
2025-01-27 17:04:54,958 INFO c.h.h.t.HelmChartContainer - [K3S] [node_lifecycle_controller.go:477] "Starting node controller"
2025-01-27 17:04:54,963 INFO c.h.h.t.HelmChartContainer - [K3S] [controllermanager.go:765] "Started controller" controller="persistentvolume-attach-detach-controller"
2025-01-27 17:04:54,964 INFO c.h.h.t.HelmChartContainer - [K3S] [attach_detach_controller.go:338] "Starting attach detach controller"
2025-01-27 17:04:54,968 INFO c.h.h.t.HelmChartContainer - [K3S] [controllermanager.go:765] "Started controller" controller="clusterrole-aggregation-controller"
2025-01-27 17:04:54,968 INFO c.h.h.t.HelmChartContainer - [K3S] [controllermanager.go:743] "Warning: skipping controller" controller="storage-version-migrator-controller"
2025-01-27 17:04:54,969 INFO c.h.h.t.HelmChartContainer - [K3S] [controllermanager.go:717] "Controller is disabled by a feature gate" controller="selinux-warning-controller" requiredFeatureGates=["SELinuxChangePolicy"]
2025-01-27 17:04:54,969 INFO c.h.h.t.HelmChartContainer - [K3S] [clusterroleaggregation_controller.go:194] "Starting ClusterRoleAggregator controller"
2025-01-27 17:04:54,974 INFO c.h.h.t.HelmChartContainer - [K3S] [controllermanager.go:765] "Started controller" controller="token-cleaner-controller"
2025-01-27 17:04:54,974 INFO c.h.h.t.HelmChartContainer - [K3S] [tokencleaner.go:117] "Starting token cleaner controller"
2025-01-27 17:04:54,976 INFO c.h.h.t.HelmChartContainer - [K3S] [controllermanager.go:765] "Started controller" controller="taint-eviction-controller"
2025-01-27 17:04:54,976 INFO c.h.h.t.HelmChartContainer - [K3S] [taint_eviction.go:281] "Starting" controller="taint-eviction-controller"
2025-01-27 17:04:54,976 INFO c.h.h.t.HelmChartContainer - [K3S] [taint_eviction.go:287] "Sending events to api server"
2025-01-27 17:04:54,981 INFO c.h.h.t.HelmChartContainer - [K3S] [controllermanager.go:765] "Started controller" controller="pod-garbage-collector-controller"
2025-01-27 17:04:54,981 INFO c.h.h.t.HelmChartContainer - [K3S] [gc_controller.go:99] "Starting GC controller"
2025-01-27 17:04:54,986 INFO c.h.h.t.HelmChartContainer - [K3S] [controllermanager.go:765] "Started controller" controller="certificatesigningrequest-approving-controller"
2025-01-27 17:04:54,986 INFO c.h.h.t.HelmChartContainer - [K3S] [controllermanager.go:717] "Controller is disabled by a feature gate" controller="resourceclaim-controller" requiredFeatureGates=["DynamicResourceAllocation"]
2025-01-27 17:04:54,987 INFO c.h.h.t.HelmChartContainer - [K3S] [certificate_controller.go:120] "Starting certificate controller" name="csrapproving"
2025-01-27 17:04:55,002 INFO c.h.h.t.HelmChartContainer - [K3S] [controllermanager.go:765] "Started controller" controller="endpoints-controller"
2025-01-27 17:04:55,002 INFO c.h.h.t.HelmChartContainer - [K3S] [endpoints_controller.go:182] "Starting endpoint controller"
2025-01-27 17:04:55,136 INFO c.h.h.t.HelmChartContainer - [K3S] [controllermanager.go:765] "Started controller" controller="job-controller"
2025-01-27 17:04:55,136 INFO c.h.h.t.HelmChartContainer - [K3S] [job_controller.go:243] "Starting job controller"
2025-01-27 17:04:55,285 INFO c.h.h.t.HelmChartContainer - [K3S] [controllermanager.go:765] "Started controller" controller="replicaset-controller"
2025-01-27 17:04:55,286 INFO c.h.h.t.HelmChartContainer - [K3S] [replica_set.go:217] "Starting controller" name="replicaset"
2025-01-27 17:04:55,436 INFO c.h.h.t.HelmChartContainer - [K3S] [controllermanager.go:765] "Started controller" controller="cronjob-controller"
2025-01-27 17:04:55,436 INFO c.h.h.t.HelmChartContainer - [K3S] [cronjob_controllerv2.go:145] "Starting cronjob controller v2"
2025-01-27 17:04:55,486 INFO c.h.h.t.HelmChartContainer - [K3S] [certificate_controller.go:120] "Starting certificate controller" name="csrsigning-kubelet-serving"
2025-01-27 17:04:55,486 INFO c.h.h.t.HelmChartContainer - [K3S] [dynamic_serving_content.go:135] "Starting controller" name="csr-controller::/var/lib/rancher/k3s/server/tls/server-ca.nochain.crt::/var/lib/rancher/k3s/server/tls/server-ca.key"
2025-01-27 17:04:55,486 INFO c.h.h.t.HelmChartContainer - [K3S] [certificate_controller.go:120] "Starting certificate controller" name="csrsigning-kubelet-client"
2025-01-27 17:04:55,486 INFO c.h.h.t.HelmChartContainer - [K3S] [certificate_controller.go:120] "Starting certificate controller" name="csrsigning-kube-apiserver-client"
2025-01-27 17:04:55,487 INFO c.h.h.t.HelmChartContainer - [K3S] [dynamic_serving_content.go:135] "Starting controller" name="csr-controller::/var/lib/rancher/k3s/server/tls/client-ca.nochain.crt::/var/lib/rancher/k3s/server/tls/client-ca.key"
2025-01-27 17:04:55,487 INFO c.h.h.t.HelmChartContainer - [K3S] [dynamic_serving_content.go:135] "Starting controller" name="csr-controller::/var/lib/rancher/k3s/server/tls/client-ca.nochain.crt::/var/lib/rancher/k3s/server/tls/client-ca.key"
2025-01-27 17:04:55,487 INFO c.h.h.t.HelmChartContainer - [K3S] [controllermanager.go:765] "Started controller" controller="certificatesigningrequest-signing-controller"
2025-01-27 17:04:55,487 INFO c.h.h.t.HelmChartContainer - [K3S] [controllermanager.go:717] "Controller is disabled by a feature gate" controller="volumeattributesclass-protection-controller" requiredFeatureGates=["VolumeAttributesClass"]
2025-01-27 17:04:55,487 INFO c.h.h.t.HelmChartContainer - [K3S] [certificate_controller.go:120] "Starting certificate controller" name="csrsigning-legacy-unknown"
2025-01-27 17:04:55,487 INFO c.h.h.t.HelmChartContainer - [K3S] [dynamic_serving_content.go:135] "Starting controller" name="csr-controller::/var/lib/rancher/k3s/server/tls/server-ca.nochain.crt::/var/lib/rancher/k3s/server/tls/server-ca.key"
2025-01-27 17:04:55,635 INFO c.h.h.t.HelmChartContainer - [K3S] [controllermanager.go:765] "Started controller" controller="ttl-after-finished-controller"
2025-01-27 17:04:55,636 INFO c.h.h.t.HelmChartContainer - [K3S] [controllermanager.go:717] "Controller is disabled by a feature gate" controller="service-cidr-controller" requiredFeatureGates=["MultiCIDRServiceAllocator"]
2025-01-27 17:04:55,636 INFO c.h.h.t.HelmChartContainer - [K3S] [ttlafterfinished_controller.go:112] "Starting TTL after finished controller"
2025-01-27 17:04:55,636 INFO c.h.h.t.HelmChartContainer - [K3S] [controllermanager.go:723] "Skipping a cloud provider controller" controller="service-lb-controller"
2025-01-27 17:04:55,786 INFO c.h.h.t.HelmChartContainer - [K3S] [controllermanager.go:765] "Started controller" controller="serviceaccount-controller"
2025-01-27 17:04:55,786 INFO c.h.h.t.HelmChartContainer - [K3S] [serviceaccounts_controller.go:114] "Starting service account controller"
2025-01-27 17:04:56,036 INFO c.h.h.t.HelmChartContainer - [K3S] [graph_builder.go:351] "Running" component="GraphBuilder"
2025-01-27 17:04:56,036 INFO c.h.h.t.HelmChartContainer - [K3S] [controllermanager.go:765] "Started controller" controller="garbage-collector-controller"
2025-01-27 17:04:56,285 INFO c.h.h.t.HelmChartContainer - [K3S] [controllermanager.go:765] "Started controller" controller="deployment-controller"
2025-01-27 17:04:56,286 INFO c.h.h.t.HelmChartContainer - [K3S] [deployment_controller.go:173] "Starting controller" controller="deployment"
2025-01-27 17:04:56,595 INFO c.h.h.t.HelmChartContainer - [K3S] [controllermanager.go:765] "Started controller" controller="horizontal-pod-autoscaler-controller"
2025-01-27 17:04:56,596 INFO c.h.h.t.HelmChartContainer - [K3S] [horizontal.go:201] "Starting HPA controller"
2025-01-27 17:04:56,623 INFO c.h.h.t.HelmChartContainer - [K3S] [event.go:389] "Event occurred" object="kube-system/ccm" fieldPath="" kind="Addon" apiVersion="k3s.cattle.io/v1" type="Normal" reason="ApplyingManifest" message="Applying manifest at \"/var/lib/rancher/k3s/server/manifests/ccm.yaml\""
2025-01-27 17:04:56,641 INFO c.h.h.t.HelmChartContainer - [K3S] [event.go:389] "Event occurred" object="kube-system/ccm" fieldPath="" kind="Addon" apiVersion="k3s.cattle.io/v1" type="Normal" reason="AppliedManifest" message="Applied manifest at \"/var/lib/rancher/k3s/server/manifests/ccm.yaml\""
2025-01-27 17:04:56,650 INFO c.h.h.t.HelmChartContainer - [K3S] [event.go:389] "Event occurred" object="kube-system/coredns" fieldPath="" kind="Addon" apiVersion="k3s.cattle.io/v1" type="Normal" reason="ApplyingManifest" message="Applying manifest at \"/var/lib/rancher/k3s/server/manifests/coredns.yaml\""
2025-01-27 17:04:56,664 INFO c.h.h.t.HelmChartContainer - [K3S] [event.go:389] "Event occurred" object="1d709a34904e" fieldPath="" kind="Node" apiVersion="" type="Normal" reason="NodePasswordValidationComplete" message="Deferred node password secret validation complete"
2025-01-27 17:04:56,735 INFO c.h.h.t.HelmChartContainer - [K3S] [controllermanager.go:765] "Started controller" controller="ttl-controller"
2025-01-27 17:04:56,735 INFO c.h.h.t.HelmChartContainer - [K3S] [controllermanager.go:728] "Warning: controller is disabled" controller="bootstrap-signer-controller"
2025-01-27 17:04:56,735 INFO c.h.h.t.HelmChartContainer - [K3S] [controllermanager.go:717] "Controller is disabled by a feature gate" controller="storageversion-garbage-collector-controller" requiredFeatureGates=["APIServerIdentity","StorageVersionAPI"]
2025-01-27 17:04:56,735 INFO c.h.h.t.HelmChartContainer - [K3S] [ttl_controller.go:127] "Starting TTL controller"
2025-01-27 17:04:56,755 INFO c.h.h.t.HelmChartContainer - [K3S] [alloc.go:330] "allocated clusterIPs" service="kube-system/kube-dns" clusterIPs={"IPv4":"10.43.0.10"}
2025-01-27 17:04:56,758 INFO c.h.h.t.HelmChartContainer - [K3S] [event.go:389] "Event occurred" object="kube-system/coredns" fieldPath="" kind="Addon" apiVersion="k3s.cattle.io/v1" type="Normal" reason="AppliedManifest" message="Applied manifest at \"/var/lib/rancher/k3s/server/manifests/coredns.yaml\""
2025-01-27 17:04:56,764 INFO c.h.h.t.HelmChartContainer - [K3S] [event.go:389] "Event occurred" object="kube-system/local-storage" fieldPath="" kind="Addon" apiVersion="k3s.cattle.io/v1" type="Normal" reason="ApplyingManifest" message="Applying manifest at \"/var/lib/rancher/k3s/server/manifests/local-storage.yaml\""
2025-01-27 17:04:56,855 INFO c.h.h.t.HelmChartContainer - [K3S] [event.go:389] "Event occurred" object="kube-system/local-storage" fieldPath="" kind="Addon" apiVersion="k3s.cattle.io/v1" type="Normal" reason="AppliedManifest" message="Applied manifest at \"/var/lib/rancher/k3s/server/manifests/local-storage.yaml\""
2025-01-27 17:04:56,861 INFO c.h.h.t.HelmChartContainer - [K3S] [event.go:389] "Event occurred" object="kube-system/aggregated-metrics-reader" fieldPath="" kind="Addon" apiVersion="k3s.cattle.io/v1" type="Normal" reason="ApplyingManifest" message="Applying manifest at \"/var/lib/rancher/k3s/server/manifests/metrics-server/aggregated-metrics-reader.yaml\""
2025-01-27 17:04:56,884 INFO c.h.h.t.HelmChartContainer - [K3S] [controllermanager.go:765] "Started controller" controller="endpointslice-controller"
2025-01-27 17:04:56,885 INFO c.h.h.t.HelmChartContainer - [K3S] [endpointslice_controller.go:281] "Starting endpoint slice controller"
2025-01-27 17:04:56,931 INFO c.h.h.t.HelmChartContainer - [K3S] [event.go:389] "Event occurred" object="kube-system/aggregated-metrics-reader" fieldPath="" kind="Addon" apiVersion="k3s.cattle.io/v1" type="Normal" reason="AppliedManifest" message="Applied manifest at \"/var/lib/rancher/k3s/server/manifests/metrics-server/aggregated-metrics-reader.yaml\""
2025-01-27 17:04:56,937 INFO c.h.h.t.HelmChartContainer - [K3S] [event.go:389] "Event occurred" object="kube-system/auth-delegator" fieldPath="" kind="Addon" apiVersion="k3s.cattle.io/v1" type="Normal" reason="ApplyingManifest" message="Applying manifest at \"/var/lib/rancher/k3s/server/manifests/metrics-server/auth-delegator.yaml\""
2025-01-27 17:04:56,941 INFO c.h.h.t.HelmChartContainer - [K3S] [event.go:389] "Event occurred" object="kube-system/auth-delegator" fieldPath="" kind="Addon" apiVersion="k3s.cattle.io/v1" type="Normal" reason="AppliedManifest" message="Applied manifest at \"/var/lib/rancher/k3s/server/manifests/metrics-server/auth-delegator.yaml\""
2025-01-27 17:04:56,946 INFO c.h.h.t.HelmChartContainer - [K3S] [event.go:389] "Event occurred" object="kube-system/auth-reader" fieldPath="" kind="Addon" apiVersion="k3s.cattle.io/v1" type="Normal" reason="ApplyingManifest" message="Applying manifest at \"/var/lib/rancher/k3s/server/manifests/metrics-server/auth-reader.yaml\""
2025-01-27 17:04:56,951 INFO c.h.h.t.HelmChartContainer - [K3S] [event.go:389] "Event occurred" object="kube-system/auth-reader" fieldPath="" kind="Addon" apiVersion="k3s.cattle.io/v1" type="Normal" reason="AppliedManifest" message="Applied manifest at \"/var/lib/rancher/k3s/server/manifests/metrics-server/auth-reader.yaml\""
2025-01-27 17:04:56,957 INFO c.h.h.t.HelmChartContainer - [K3S] [event.go:389] "Event occurred" object="kube-system/metrics-apiservice" fieldPath="" kind="Addon" apiVersion="k3s.cattle.io/v1" type="Normal" reason="ApplyingManifest" message="Applying manifest at \"/var/lib/rancher/k3s/server/manifests/metrics-server/metrics-apiservice.yaml\""
2025-01-27 17:04:56,963 INFO c.h.h.t.HelmChartContainer - [K3S] [event.go:389] "Event occurred" object="kube-system/metrics-apiservice" fieldPath="" kind="Addon" apiVersion="k3s.cattle.io/v1" type="Normal" reason="AppliedManifest" message="Applied manifest at \"/var/lib/rancher/k3s/server/manifests/metrics-server/metrics-apiservice.yaml\""
2025-01-27 17:04:56,967 INFO c.h.h.t.HelmChartContainer - [K3S] [handler_proxy.go:99] no RequestInfo found in the context
2025-01-27 17:04:56,967 INFO c.h.h.t.HelmChartContainer - [K3S] [controller.go:146] "Unhandled Error" err=<
2025-01-27 17:04:56,967 INFO c.h.h.t.HelmChartContainer - [K3S] 	, Header: map[Content-Type:[text/plain; charset=utf-8] X-Content-Type-Options:[nosniff]]
2025-01-27 17:04:56,968 INFO c.h.h.t.HelmChartContainer - [K3S]  >
2025-01-27 17:04:56,969 INFO c.h.h.t.HelmChartContainer - [K3S] [handler_proxy.go:143] error resolving kube-system/metrics-server: service "metrics-server" not found
2025-01-27 17:04:56,970 INFO c.h.h.t.HelmChartContainer - [K3S] [event.go:389] "Event occurred" object="kube-system/metrics-server-deployment" fieldPath="" kind="Addon" apiVersion="k3s.cattle.io/v1" type="Normal" reason="ApplyingManifest" message="Applying manifest at \"/var/lib/rancher/k3s/server/manifests/metrics-server/metrics-server-deployment.yaml\""
2025-01-27 17:04:56,980 INFO c.h.h.t.HelmChartContainer - [K3S] [event.go:389] "Event occurred" object="kube-system/metrics-server-deployment" fieldPath="" kind="Addon" apiVersion="k3s.cattle.io/v1" type="Normal" reason="AppliedManifest" message="Applied manifest at \"/var/lib/rancher/k3s/server/manifests/metrics-server/metrics-server-deployment.yaml\""
2025-01-27 17:04:56,985 INFO c.h.h.t.HelmChartContainer - [K3S] [event.go:389] "Event occurred" object="kube-system/metrics-server-service" fieldPath="" kind="Addon" apiVersion="k3s.cattle.io/v1" type="Normal" reason="ApplyingManifest" message="Applying manifest at \"/var/lib/rancher/k3s/server/manifests/metrics-server/metrics-server-service.yaml\""
2025-01-27 17:04:56,991 INFO c.h.h.t.HelmChartContainer - [K3S] [alloc.go:330] "allocated clusterIPs" service="kube-system/metrics-server" clusterIPs={"IPv4":"10.43.91.225"}
2025-01-27 17:04:56,992 INFO c.h.h.t.HelmChartContainer - [K3S] [event.go:389] "Event occurred" object="kube-system/metrics-server-service" fieldPath="" kind="Addon" apiVersion="k3s.cattle.io/v1" type="Normal" reason="AppliedManifest" message="Applied manifest at \"/var/lib/rancher/k3s/server/manifests/metrics-server/metrics-server-service.yaml\""
2025-01-27 17:04:56,997 INFO c.h.h.t.HelmChartContainer - [K3S] [handler_proxy.go:99] no RequestInfo found in the context
2025-01-27 17:04:56,997 INFO c.h.h.t.HelmChartContainer - [K3S] [controller.go:146] "Unhandled Error" err=<
2025-01-27 17:04:56,998 INFO c.h.h.t.HelmChartContainer - [K3S] 	, Header: map[Content-Type:[text/plain; charset=utf-8] X-Content-Type-Options:[nosniff]]
2025-01-27 17:04:56,998 INFO c.h.h.t.HelmChartContainer - [K3S]  >
2025-01-27 17:04:56,998 INFO c.h.h.t.HelmChartContainer - [K3S] [handler_proxy.go:143] error resolving kube-system/metrics-server: endpoints "metrics-server" not found
2025-01-27 17:04:57,001 INFO c.h.h.t.HelmChartContainer - [K3S] [event.go:389] "Event occurred" object="kube-system/resource-reader" fieldPath="" kind="Addon" apiVersion="k3s.cattle.io/v1" type="Normal" reason="ApplyingManifest" message="Applying manifest at \"/var/lib/rancher/k3s/server/manifests/metrics-server/resource-reader.yaml\""
2025-01-27 17:04:57,035 INFO c.h.h.t.HelmChartContainer - [K3S] [controllermanager.go:765] "Started controller" controller="endpointslice-mirroring-controller"
2025-01-27 17:04:57,035 INFO c.h.h.t.HelmChartContainer - [K3S] [endpointslicemirroring_controller.go:227] "Starting EndpointSliceMirroring controller"
2025-01-27 17:04:57,042 INFO c.h.h.t.HelmChartContainer - [K3S] [event.go:389] "Event occurred" object="kube-system/resource-reader" fieldPath="" kind="Addon" apiVersion="k3s.cattle.io/v1" type="Normal" reason="AppliedManifest" message="Applied manifest at \"/var/lib/rancher/k3s/server/manifests/metrics-server/resource-reader.yaml\""
2025-01-27 17:04:57,047 INFO c.h.h.t.HelmChartContainer - [K3S] [event.go:389] "Event occurred" object="kube-system/rolebindings" fieldPath="" kind="Addon" apiVersion="k3s.cattle.io/v1" type="Normal" reason="ApplyingManifest" message="Applying manifest at \"/var/lib/rancher/k3s/server/manifests/rolebindings.yaml\""
2025-01-27 17:04:57,153 INFO c.h.h.t.HelmChartContainer - [K3S] [event.go:389] "Event occurred" object="kube-system/rolebindings" fieldPath="" kind="Addon" apiVersion="k3s.cattle.io/v1" type="Normal" reason="AppliedManifest" message="Applied manifest at \"/var/lib/rancher/k3s/server/manifests/rolebindings.yaml\""
2025-01-27 17:04:57,164 INFO c.h.h.t.HelmChartContainer - [K3S] [event.go:389] "Event occurred" object="kube-system/runtimes" fieldPath="" kind="Addon" apiVersion="k3s.cattle.io/v1" type="Normal" reason="ApplyingManifest" message="Applying manifest at \"/var/lib/rancher/k3s/server/manifests/runtimes.yaml\""
2025-01-27 17:04:57,186 INFO c.h.h.t.HelmChartContainer - [K3S] [controllermanager.go:765] "Started controller" controller="statefulset-controller"
2025-01-27 17:04:57,187 INFO c.h.h.t.HelmChartContainer - [K3S] [stateful_set.go:166] "Starting stateful set controller"
2025-01-27 17:04:57,189 INFO c.h.h.t.HelmChartContainer - [K3S] [event.go:389] "Event occurred" object="kube-system/runtimes" fieldPath="" kind="Addon" apiVersion="k3s.cattle.io/v1" type="Normal" reason="AppliedManifest" message="Applied manifest at \"/var/lib/rancher/k3s/server/manifests/runtimes.yaml\""
2025-01-27 17:04:57,244 INFO c.h.h.t.HelmChartContainer - [K3S] [serving.go:392] Generated self-signed cert in-memory
2025-01-27 17:04:57,335 INFO c.h.h.t.HelmChartContainer - [K3S] [controllermanager.go:765] "Started controller" controller="root-ca-certificate-publisher-controller"
2025-01-27 17:04:57,335 INFO c.h.h.t.HelmChartContainer - [K3S] [publisher.go:107] "Starting root CA cert publisher controller"
2025-01-27 17:04:57,486 INFO c.h.h.t.HelmChartContainer - [K3S] [controllermanager.go:765] "Started controller" controller="ephemeral-volume-controller"
2025-01-27 17:04:57,486 INFO c.h.h.t.HelmChartContainer - [K3S] [controller.go:173] "Starting ephemeral volume controller"
2025-01-27 17:04:57,685 INFO c.h.h.t.HelmChartContainer - [K3S] [controllermanager.go:765] "Started controller" controller="validatingadmissionpolicy-status-controller"
2025-01-27 17:04:57,760 INFO c.h.h.t.HelmChartContainer - [K3S] [serving.go:392] Generated self-signed cert in-memory
2025-01-27 17:04:57,963 INFO c.h.h.t.HelmChartContainer - [K3S] [handler_proxy.go:99] no RequestInfo found in the context
2025-01-27 17:04:57,963 INFO c.h.h.t.HelmChartContainer - [K3S] [handler_proxy.go:99] no RequestInfo found in the context
2025-01-27 17:04:57,963 INFO c.h.h.t.HelmChartContainer - [K3S] [controller.go:102] "Unhandled Error" err=<
2025-01-27 17:04:57,963 INFO c.h.h.t.HelmChartContainer - [K3S] 	, Header: map[Content-Type:[text/plain; charset=utf-8] X-Content-Type-Options:[nosniff]]
2025-01-27 17:04:57,963 INFO c.h.h.t.HelmChartContainer - [K3S]  >
2025-01-27 17:04:57,991 INFO c.h.h.t.HelmChartContainer - [K3S] [controllermanager.go:765] "Started controller" controller="resourcequota-controller"
2025-01-27 17:04:57,991 INFO c.h.h.t.HelmChartContainer - [K3S] [resource_quota_controller.go:300] "Starting resource quota controller"
2025-01-27 17:04:58,128 INFO c.h.h.t.HelmChartContainer - [K3S] [INFO] Tunnel authorizer set Kubelet Port 0.0.0.0:10250
2025-01-27 17:04:58,174 INFO c.h.h.t.HelmChartContainer - [K3S] [controllermanager.go:160] Version: v1.32.0+k3s1
2025-01-27 17:04:58,177 INFO c.h.h.t.HelmChartContainer - [K3S] [requestheader_controller.go:180] Starting RequestHeaderAuthRequestController
2025-01-27 17:04:58,178 INFO c.h.h.t.HelmChartContainer - [K3S] [configmap_cafile_content.go:205] "Starting controller" name="client-ca::kube-system::extension-apiserver-authentication::client-ca-file"
2025-01-27 17:04:58,178 INFO c.h.h.t.HelmChartContainer - [K3S] [configmap_cafile_content.go:205] "Starting controller" name="client-ca::kube-system::extension-apiserver-authentication::requestheader-client-ca-file"
2025-01-27 17:04:58,178 INFO c.h.h.t.HelmChartContainer - [K3S] [secure_serving.go:213] Serving securely on 127.0.0.1:10258
2025-01-27 17:04:58,178 INFO c.h.h.t.HelmChartContainer - [K3S] [tlsconfig.go:243] "Starting DynamicServingCertificateController"
2025-01-27 17:04:58,183 INFO c.h.h.t.HelmChartContainer - [K3S] [INFO] Creating service-lb-controller event broadcaster
2025-01-27 17:04:58,241 INFO c.h.h.t.HelmChartContainer - [K3S] [controllermanager.go:765] "Started controller" controller="namespace-controller"
2025-01-27 17:04:58,241 INFO c.h.h.t.HelmChartContainer - [K3S] [namespace_controller.go:202] "Starting namespace controller"
2025-01-27 17:04:58,300 INFO c.h.h.t.HelmChartContainer - [K3S] [INFO] Starting /v1, Kind=Node controller
2025-01-27 17:04:58,303 INFO c.h.h.t.HelmChartContainer - [K3S] [INFO] Starting /v1, Kind=Pod controller
2025-01-27 17:04:58,305 INFO c.h.h.t.HelmChartContainer - [K3S] [INFO] Starting apps/v1, Kind=DaemonSet controller
2025-01-27 17:04:58,308 INFO c.h.h.t.HelmChartContainer - [K3S] [INFO] Starting discovery.k8s.io/v1, Kind=EndpointSlice controller
2025-01-27 17:04:58,308 INFO c.h.h.t.HelmChartContainer - [K3S] [controllermanager.go:329] Started "service-lb-controller"
2025-01-27 17:04:58,309 INFO c.h.h.t.HelmChartContainer - [K3S] [controllermanager.go:306] "node-route-controller" is disabled
2025-01-27 17:04:58,309 INFO c.h.h.t.HelmChartContainer - [K3S] [controller.go:234] Starting service controller
2025-01-27 17:04:58,309 INFO c.h.h.t.HelmChartContainer - [K3S] [controllermanager.go:329] Started "cloud-node-controller"
2025-01-27 17:04:58,309 INFO c.h.h.t.HelmChartContainer - [K3S] [node_controller.go:176] Sending events to api server.
2025-01-27 17:04:58,309 INFO c.h.h.t.HelmChartContainer - [K3S] [node_controller.go:185] Waiting for informer caches to sync
2025-01-27 17:04:58,309 INFO c.h.h.t.HelmChartContainer - [K3S] [controllermanager.go:329] Started "cloud-node-lifecycle-controller"
2025-01-27 17:04:58,309 INFO c.h.h.t.HelmChartContainer - [K3S] [node_lifecycle_controller.go:112] Sending events to api server
2025-01-27 17:04:58,410 INFO c.h.h.t.HelmChartContainer - [K3S] [node_controller.go:429] Initializing node 1d709a34904e with cloud provider
2025-01-27 17:04:58,413 INFO c.h.h.t.HelmChartContainer - [K3S] [node_controller.go:474] Successfully initialized node 1d709a34904e with cloud provider
2025-01-27 17:04:58,413 INFO c.h.h.t.HelmChartContainer - [K3S] [event.go:389] "Event occurred" object="1d709a34904e" fieldPath="" kind="Node" apiVersion="v1" type="Normal" reason="Synced" message="Node synced successfully"
2025-01-27 17:04:58,419 INFO c.h.h.t.HelmChartContainer - [K3S] [INFO] Updated coredns NodeHosts entry for 1d709a34904e
2025-01-27 17:04:58,435 INFO c.h.h.t.HelmChartContainer - [K3S] [controllermanager.go:765] "Started controller" controller="disruption-controller"
2025-01-27 17:04:58,435 INFO c.h.h.t.HelmChartContainer - [K3S] [disruption.go:452] "Sending events to api server."
2025-01-27 17:04:58,435 INFO c.h.h.t.HelmChartContainer - [K3S] [disruption.go:463] "Starting disruption controller"
2025-01-27 17:04:58,486 INFO c.h.h.t.HelmChartContainer - [K3S] [controllermanager.go:765] "Started controller" controller="certificatesigningrequest-cleaner-controller"
2025-01-27 17:04:58,486 INFO c.h.h.t.HelmChartContainer - [K3S] [cleaner.go:83] "Starting CSR cleaner controller"
2025-01-27 17:04:58,638 INFO c.h.h.t.HelmChartContainer - [K3S] [controllermanager.go:765] "Started controller" controller="persistentvolume-binder-controller"
2025-01-27 17:04:58,638 INFO c.h.h.t.HelmChartContainer - [K3S] [pv_controller_base.go:308] "Starting persistent volume controller"
2025-01-27 17:04:58,690 INFO c.h.h.t.HelmChartContainer - [K3S] [serving.go:392] Generated self-signed cert in-memory
2025-01-27 17:04:58,786 INFO c.h.h.t.HelmChartContainer - [K3S] [controllermanager.go:765] "Started controller" controller="legacy-serviceaccount-token-cleaner-controller"
2025-01-27 17:04:58,786 INFO c.h.h.t.HelmChartContainer - [K3S] [legacy_serviceaccount_token_cleaner.go:103] "Starting legacy service account token cleaner controller"
2025-01-27 17:04:58,856 INFO c.h.h.t.HelmChartContainer - [K3S] [server.go:164] "Starting Kubernetes Scheduler" version="v1.32.0+k3s1"
2025-01-27 17:04:58,857 INFO c.h.h.t.HelmChartContainer - [K3S] [server.go:166] "Golang settings" GOGC="" GOMAXPROCS="" GOTRACEBACK=""
2025-01-27 17:04:58,862 INFO c.h.h.t.HelmChartContainer - [K3S] [requestheader_controller.go:180] Starting RequestHeaderAuthRequestController
2025-01-27 17:04:58,862 INFO c.h.h.t.HelmChartContainer - [K3S] [configmap_cafile_content.go:205] "Starting controller" name="client-ca::kube-system::extension-apiserver-authentication::requestheader-client-ca-file"
2025-01-27 17:04:58,862 INFO c.h.h.t.HelmChartContainer - [K3S] [configmap_cafile_content.go:205] "Starting controller" name="client-ca::kube-system::extension-apiserver-authentication::client-ca-file"
2025-01-27 17:04:58,862 INFO c.h.h.t.HelmChartContainer - [K3S] [secure_serving.go:213] Serving securely on 127.0.0.1:10259
2025-01-27 17:04:58,862 INFO c.h.h.t.HelmChartContainer - [K3S] [tlsconfig.go:243] "Starting DynamicServingCertificateController"
2025-01-27 17:04:58,936 INFO c.h.h.t.HelmChartContainer - [K3S] [controllermanager.go:765] "Started controller" controller="replicationcontroller-controller"
2025-01-27 17:04:58,936 INFO c.h.h.t.HelmChartContainer - [K3S] [replica_set.go:217] "Starting controller" name="replicationcontroller"
2025-01-27 17:04:59,085 INFO c.h.h.t.HelmChartContainer - [K3S] [controllermanager.go:765] "Started controller" controller="persistentvolume-expander-controller"
2025-01-27 17:04:59,085 INFO c.h.h.t.HelmChartContainer - [K3S] [expand_controller.go:329] "Starting expand controller"
2025-01-27 17:04:59,127 INFO c.h.h.t.HelmChartContainer - [K3S] [INFO] Started tunnel to 172.18.0.2:6443
2025-01-27 17:04:59,127 INFO c.h.h.t.HelmChartContainer - [K3S] [INFO] Stopped tunnel to 127.0.0.1:6443
2025-01-27 17:04:59,127 INFO c.h.h.t.HelmChartContainer - [K3S] [INFO] Connecting to proxy" url="wss://172.18.0.2:6443/v1-k3s/connect
2025-01-27 17:04:59,127 INFO c.h.h.t.HelmChartContainer - [K3S] [INFO] Proxy done" err="context canceled" url="wss://127.0.0.1:6443/v1-k3s/connect
2025-01-27 17:04:59,128 INFO c.h.h.t.HelmChartContainer - [K3S] [INFO] error in remotedialer server [400]: websocket: close 1006 (abnormal closure): unexpected EOF
2025-01-27 17:04:59,129 INFO c.h.h.t.HelmChartContainer - [K3S] [INFO] Handling backend connection request [1d709a34904e]
2025-01-27 17:04:59,129 INFO c.h.h.t.HelmChartContainer - [K3S] [INFO] Remotedialer connected to proxy" url="wss://172.18.0.2:6443/v1-k3s/connect
2025-01-27 17:04:59,236 INFO c.h.h.t.HelmChartContainer - [K3S] [controllermanager.go:765] "Started controller" controller="persistentvolumeclaim-protection-controller"
2025-01-27 17:04:59,236 INFO c.h.h.t.HelmChartContainer - [K3S] [controllermanager.go:717] "Controller is disabled by a feature gate" controller="kube-apiserver-serving-clustertrustbundle-publisher-controller" requiredFeatureGates=["ClusterTrustBundle"]
2025-01-27 17:04:59,236 INFO c.h.h.t.HelmChartContainer - [K3S] [pvc_protection_controller.go:168] "Starting PVC protection controller"
2025-01-27 17:04:59,340 INFO c.h.h.t.HelmChartContainer - [K3S] [actual_state_of_world.go:541] "Failed to update statusUpdateNeeded field in actual state of world" err="Failed to set statusUpdateNeeded to needed true, because nodeName=\"1d709a34904e\" does not exist"
2025-01-27 17:04:59,357 INFO c.h.h.t.HelmChartContainer - [K3S] [range_allocator.go:177] "Sending events to api server"
2025-01-27 17:04:59,357 INFO c.h.h.t.HelmChartContainer - [K3S] [range_allocator.go:183] "Starting range CIDR allocator"
2025-01-27 17:04:59,359 INFO c.h.h.t.HelmChartContainer - [K3S] [node_lifecycle_controller.go:1234] "Initializing eviction metric for zone" zone=""
2025-01-27 17:04:59,359 INFO c.h.h.t.HelmChartContainer - [K3S] [node_lifecycle_controller.go:886] "Missing timestamp for Node. Assuming now as a timestamp" node="1d709a34904e"
2025-01-27 17:04:59,359 INFO c.h.h.t.HelmChartContainer - [K3S] [node_lifecycle_controller.go:1080] "Controller detected that zone is now in new state" zone="" newState="Normal"
2025-01-27 17:04:59,361 INFO c.h.h.t.HelmChartContainer - [K3S] [range_allocator.go:428] "Set node PodCIDR" node="1d709a34904e" podCIDRs=["10.42.0.0/24"]
2025-01-27 17:04:59,361 INFO c.h.h.t.HelmChartContainer - [K3S] [range_allocator.go:247] "Successfully synced" key="1d709a34904e"
2025-01-27 17:04:59,362 INFO c.h.h.t.HelmChartContainer - [K3S] [range_allocator.go:247] "Successfully synced" key="1d709a34904e"
2025-01-27 17:04:59,362 INFO c.h.h.t.HelmChartContainer - [K3S] [INFO] Flannel found PodCIDR assigned for node 1d709a34904e
2025-01-27 17:04:59,363 INFO c.h.h.t.HelmChartContainer - [K3S] [INFO] The interface eth0 with ipv4 address 172.18.0.2 will be used by flannel
2025-01-27 17:04:59,364 INFO c.h.h.t.HelmChartContainer - [K3S] [kube.go:139] Waiting 10m0s for node controller to sync
2025-01-27 17:04:59,364 INFO c.h.h.t.HelmChartContainer - [K3S] [kube.go:469] Starting kube subnet manager
2025-01-27 17:04:59,474 INFO c.h.h.t.HelmChartContainer - [K3S] [INFO] Starting network policy controller version v2.2.1, built on 2025-01-10T17:03:20Z, go1.23.3
2025-01-27 17:04:59,474 INFO c.h.h.t.HelmChartContainer - [K3S] [network_policy_controller.go:164] Starting network policy controller
2025-01-27 17:04:59,501 INFO c.h.h.t.HelmChartContainer - [K3S] [network_policy_controller.go:176] Starting network policy controller full sync goroutine
2025-01-27 17:04:59,543 INFO c.h.h.t.HelmChartContainer - [K3S] [range_allocator.go:247] "Successfully synced" key="1d709a34904e"
2025-01-27 17:04:59,891 INFO c.h.h.t.HelmChartContainer - [K3S] [handler_proxy.go:99] no RequestInfo found in the context
2025-01-27 17:04:59,891 INFO c.h.h.t.HelmChartContainer - [K3S] [controller.go:146] "Unhandled Error" err=<
2025-01-27 17:04:59,891 INFO c.h.h.t.HelmChartContainer - [K3S] 	, Header: map[Content-Type:[text/plain; charset=utf-8] X-Content-Type-Options:[nosniff]]
2025-01-27 17:04:59,892 INFO c.h.h.t.HelmChartContainer - [K3S]  >
2025-01-27 17:04:59,892 INFO c.h.h.t.HelmChartContainer - [K3S] [handler_proxy.go:143] error resolving kube-system/metrics-server: no endpoints available for service "metrics-server"
2025-01-27 17:05:00,090 INFO c.h.h.t.HelmChartContainer - [K3S] [range_allocator.go:247] "Successfully synced" key="1d709a34904e"
2025-01-27 17:05:00,153 INFO c.h.h.t.HelmChartContainer - [K3S] [replica_set.go:679] "Finished syncing" kind="ReplicaSet" key="kube-system/coredns-ff8999cc5" duration="411.795645ms"
2025-01-27 17:05:00,154 INFO c.h.h.t.HelmChartContainer - [K3S] [replica_set.go:679] "Finished syncing" kind="ReplicaSet" key="kube-system/metrics-server-8584b5786c" duration="409.036544ms"
2025-01-27 17:05:00,157 INFO c.h.h.t.HelmChartContainer - [K3S] [replica_set.go:679] "Finished syncing" kind="ReplicaSet" key="kube-system/local-path-provisioner-698b58967b" duration="415.697229ms"
2025-01-27 17:05:00,163 INFO c.h.h.t.HelmChartContainer - [K3S] [replica_set.go:679] "Finished syncing" kind="ReplicaSet" key="kube-system/coredns-ff8999cc5" duration="10.117173ms"
2025-01-27 17:05:00,164 INFO c.h.h.t.HelmChartContainer - [K3S] [replica_set.go:679] "Finished syncing" kind="ReplicaSet" key="kube-system/metrics-server-8584b5786c" duration="9.969404ms"
2025-01-27 17:05:00,165 INFO c.h.h.t.HelmChartContainer - [K3S] [replica_set.go:679] "Finished syncing" kind="ReplicaSet" key="kube-system/metrics-server-8584b5786c" duration="31.219µs"
2025-01-27 17:05:00,165 INFO c.h.h.t.HelmChartContainer - [K3S] [replica_set.go:679] "Finished syncing" kind="ReplicaSet" key="kube-system/coredns-ff8999cc5" duration="28.533µs"
2025-01-27 17:05:00,174 INFO c.h.h.t.HelmChartContainer - [K3S] [replica_set.go:679] "Finished syncing" kind="ReplicaSet" key="kube-system/local-path-provisioner-698b58967b" duration="14.884466ms"
2025-01-27 17:05:00,184 INFO c.h.h.t.HelmChartContainer - [K3S] [replica_set.go:679] "Finished syncing" kind="ReplicaSet" key="kube-system/metrics-server-8584b5786c" duration="32.711µs"
2025-01-27 17:05:00,185 INFO c.h.h.t.HelmChartContainer - [K3S] [replica_set.go:679] "Finished syncing" kind="ReplicaSet" key="kube-system/local-path-provisioner-698b58967b" duration="13.212605ms"
2025-01-27 17:05:00,185 INFO c.h.h.t.HelmChartContainer - [K3S] [replica_set.go:679] "Finished syncing" kind="ReplicaSet" key="kube-system/local-path-provisioner-698b58967b" duration="46.147µs"
2025-01-27 17:05:00,192 INFO c.h.h.t.HelmChartContainer - [K3S] [replica_set.go:679] "Finished syncing" kind="ReplicaSet" key="kube-system/local-path-provisioner-698b58967b" duration="26.22µs"
2025-01-27 17:05:00,199 INFO c.h.h.t.HelmChartContainer - [K3S] [replica_set.go:679] "Finished syncing" kind="ReplicaSet" key="kube-system/coredns-ff8999cc5" duration="35.316µs"
2025-01-27 17:05:00,297 INFO c.h.h.t.HelmChartContainer - [K3S] [reconciler_common.go:251] "operationExecutor.VerifyControllerAttachedVolume started for volume \"config-volume\" (UniqueName: \"kubernetes.io/configmap/c03549af-5e0f-4ec4-8e96-37b840e39194-config-volume\") pod \"coredns-ff8999cc5-568xv\" (UID: \"c03549af-5e0f-4ec4-8e96-37b840e39194\") " pod="kube-system/coredns-ff8999cc5-568xv"
2025-01-27 17:05:00,297 INFO c.h.h.t.HelmChartContainer - [K3S] [reconciler_common.go:251] "operationExecutor.VerifyControllerAttachedVolume started for volume \"custom-config-volume\" (UniqueName: \"kubernetes.io/configmap/c03549af-5e0f-4ec4-8e96-37b840e39194-custom-config-volume\") pod \"coredns-ff8999cc5-568xv\" (UID: \"c03549af-5e0f-4ec4-8e96-37b840e39194\") " pod="kube-system/coredns-ff8999cc5-568xv"
2025-01-27 17:05:00,297 INFO c.h.h.t.HelmChartContainer - [K3S] [reconciler_common.go:251] "operationExecutor.VerifyControllerAttachedVolume started for volume \"kube-api-access-467hg\" (UniqueName: \"kubernetes.io/projected/c03549af-5e0f-4ec4-8e96-37b840e39194-kube-api-access-467hg\") pod \"coredns-ff8999cc5-568xv\" (UID: \"c03549af-5e0f-4ec4-8e96-37b840e39194\") " pod="kube-system/coredns-ff8999cc5-568xv"
2025-01-27 17:05:00,297 INFO c.h.h.t.HelmChartContainer - [K3S] [reconciler_common.go:251] "operationExecutor.VerifyControllerAttachedVolume started for volume \"tmp-dir\" (UniqueName: \"kubernetes.io/empty-dir/016e7ccc-58a9-48d3-8683-d3162c629b12-tmp-dir\") pod \"metrics-server-8584b5786c-xkc7l\" (UID: \"016e7ccc-58a9-48d3-8683-d3162c629b12\") " pod="kube-system/metrics-server-8584b5786c-xkc7l"
2025-01-27 17:05:00,297 INFO c.h.h.t.HelmChartContainer - [K3S] [reconciler_common.go:251] "operationExecutor.VerifyControllerAttachedVolume started for volume \"kube-api-access-rd859\" (UniqueName: \"kubernetes.io/projected/016e7ccc-58a9-48d3-8683-d3162c629b12-kube-api-access-rd859\") pod \"metrics-server-8584b5786c-xkc7l\" (UID: \"016e7ccc-58a9-48d3-8683-d3162c629b12\") " pod="kube-system/metrics-server-8584b5786c-xkc7l"
2025-01-27 17:05:00,297 INFO c.h.h.t.HelmChartContainer - [K3S] [reconciler_common.go:251] "operationExecutor.VerifyControllerAttachedVolume started for volume \"config-volume\" (UniqueName: \"kubernetes.io/configmap/b766887c-9f1b-4d9e-b923-9ddd19aa9fb1-config-volume\") pod \"local-path-provisioner-698b58967b-2tnv6\" (UID: \"b766887c-9f1b-4d9e-b923-9ddd19aa9fb1\") " pod="kube-system/local-path-provisioner-698b58967b-2tnv6"
2025-01-27 17:05:00,298 INFO c.h.h.t.HelmChartContainer - [K3S] [reconciler_common.go:251] "operationExecutor.VerifyControllerAttachedVolume started for volume \"kube-api-access-76hgq\" (UniqueName: \"kubernetes.io/projected/b766887c-9f1b-4d9e-b923-9ddd19aa9fb1-kube-api-access-76hgq\") pod \"local-path-provisioner-698b58967b-2tnv6\" (UID: \"b766887c-9f1b-4d9e-b923-9ddd19aa9fb1\") " pod="kube-system/local-path-provisioner-698b58967b-2tnv6"
2025-01-27 17:05:00,365 INFO c.h.h.t.HelmChartContainer - [K3S] [kube.go:146] Node controller sync successful
2025-01-27 17:05:00,365 INFO c.h.h.t.HelmChartContainer - [K3S] [vxlan.go:141] VXLAN config: VNI=1 Port=0 GBP=false Learning=false DirectRouting=false
2025-01-27 17:05:00,368 INFO c.h.h.t.HelmChartContainer - [K3S] [kube.go:636] List of node(1d709a34904e) annotations: map[string]string{"alpha.kubernetes.io/provided-node-ip":"172.18.0.2", "k3s.io/hostname":"1d709a34904e", "k3s.io/internal-ip":"172.18.0.2", "k3s.io/node-args":"[\"server\",\"--etcd-arg\",\"unsafe-no-fsync\",\"--etcd-arg\",\"snapshot-count=10000\",\"--etcd-arg\",\"auto-compaction-mode=revision\",\"--etcd-arg\",\"auto-compaction-retention=1000000\",\"--kube-apiserver-arg\",\"etcd-compaction-interval=0s\",\"--disable\",\"traefik\",\"--tls-san\",\"localhost\"]", "k3s.io/node-config-hash":"2QNNT5M5XUBFOLO5XPGEVGOM5UDLHHTIVMSRUPAUHE5DU3HUYQUQ====", "k3s.io/node-env":"{}", "node.alpha.kubernetes.io/ttl":"0", "volumes.kubernetes.io/controller-managed-attach-detach":"true"}
2025-01-27 17:05:00,372 INFO c.h.h.t.HelmChartContainer - [K3S] [iptables.go:51] Starting flannel in iptables mode...
2025-01-27 17:05:00,373 INFO c.h.h.t.HelmChartContainer - [K3S] [WARNING] no subnet found for key: FLANNEL_NETWORK in file: /run/flannel/subnet.env
2025-01-27 17:05:00,373 INFO c.h.h.t.HelmChartContainer - [K3S] [range_allocator.go:247] "Successfully synced" key="1d709a34904e"
2025-01-27 17:05:00,373 INFO c.h.h.t.HelmChartContainer - [K3S] [WARNING] no subnet found for key: FLANNEL_SUBNET in file: /run/flannel/subnet.env
2025-01-27 17:05:00,373 INFO c.h.h.t.HelmChartContainer - [K3S] [WARNING] no subnet found for key: FLANNEL_IPV6_NETWORK in file: /run/flannel/subnet.env
2025-01-27 17:05:00,373 INFO c.h.h.t.HelmChartContainer - [K3S] [WARNING] no subnet found for key: FLANNEL_IPV6_SUBNET in file: /run/flannel/subnet.env
2025-01-27 17:05:00,373 INFO c.h.h.t.HelmChartContainer - [K3S] [iptables.go:115] Current network or subnet (10.42.0.0/16, 10.42.0.0/24) is not equal to previous one (0.0.0.0/0, 0.0.0.0/0), trying to recycle old iptables rules
2025-01-27 17:05:00,373 INFO c.h.h.t.HelmChartContainer - [K3S] [kube.go:490] Creating the node lease for IPv4. This is the n.Spec.PodCIDRs: [10.42.0.0/24]
2025-01-27 17:05:00,379 INFO c.h.h.t.HelmChartContainer - [K3S] [iptables.go:125] Setting up masking rules
2025-01-27 17:05:00,381 INFO c.h.h.t.HelmChartContainer - [K3S] [iptables.go:226] Changing default FORWARD chain policy to ACCEPT
2025-01-27 17:05:00,383 INFO c.h.h.t.HelmChartContainer - [K3S] [INFO] Wrote flannel subnet file to /run/flannel/subnet.env
2025-01-27 17:05:00,383 INFO c.h.h.t.HelmChartContainer - [K3S] [INFO] Running flannel backend.
2025-01-27 17:05:00,383 INFO c.h.h.t.HelmChartContainer - [K3S] [vxlan_network.go:65] watching for new subnet leases
2025-01-27 17:05:00,392 INFO c.h.h.t.HelmChartContainer - [K3S] [iptables.go:372] bootstrap done
2025-01-27 17:05:00,397 INFO c.h.h.t.HelmChartContainer - [K3S] [iptables.go:372] bootstrap done
2025-01-27 17:05:00,893 INFO c.h.h.t.HelmChartContainer - [K3S] [handler_proxy.go:99] no RequestInfo found in the context
2025-01-27 17:05:00,893 INFO c.h.h.t.HelmChartContainer - [K3S] [handler_proxy.go:99] no RequestInfo found in the context
2025-01-27 17:05:00,893 INFO c.h.h.t.HelmChartContainer - [K3S] [controller.go:102] "Unhandled Error" err=<
2025-01-27 17:05:00,894 INFO c.h.h.t.HelmChartContainer - [K3S] 	, Header: map[Content-Type:[text/plain; charset=utf-8] X-Content-Type-Options:[nosniff]]
2025-01-27 17:05:00,894 INFO c.h.h.t.HelmChartContainer - [K3S]  >
2025-01-27 17:05:03,449 INFO c.h.h.t.HelmChartContainer - [K3S] [kuberuntime_manager.go:1702] "Updating runtime config through cri with podcidr" CIDR="10.42.0.0/24"
2025-01-27 17:05:03,450 INFO c.h.h.t.HelmChartContainer - [K3S] [kubelet_network.go:61] "Updating Pod CIDR" originalPodCIDR="" newPodCIDR="10.42.0.0/24"
2025-01-27 17:05:03,457 INFO c.h.h.t.HelmChartContainer - [K3S] [range_allocator.go:247] "Successfully synced" key="1d709a34904e"
2025-01-27 17:05:03,761 DEBUG c.h.h.t.HelmChartContainer - Image file loaded 'hivemq-platform-operator.tar'
2025-01-27 17:05:04,760 DEBUG c.h.h.t.HelmChartContainer - Image file loaded 'hivemq-platform-operator-init.tar'
2025-01-27 17:05:06,268 INFO c.h.h.t.HelmChartContainer - [K3S] [replica_set.go:679] "Finished syncing" kind="ReplicaSet" key="kube-system/metrics-server-8584b5786c" duration="78.287µs"
2025-01-27 17:05:06,335 INFO c.h.h.t.HelmChartContainer - [K3S] [replica_set.go:679] "Finished syncing" kind="ReplicaSet" key="kube-system/coredns-ff8999cc5" duration="25.395875ms"
2025-01-27 17:05:06,339 INFO c.h.h.t.HelmChartContainer - [K3S] [replica_set.go:679] "Finished syncing" kind="ReplicaSet" key="kube-system/coredns-ff8999cc5" duration="227.186µs"
2025-01-27 17:05:06,352 INFO c.h.h.t.HelmChartContainer - [K3S] [replica_set.go:679] "Finished syncing" kind="ReplicaSet" key="kube-system/local-path-provisioner-698b58967b" duration="8.138964ms"
2025-01-27 17:05:06,352 INFO c.h.h.t.HelmChartContainer - [K3S] [replica_set.go:679] "Finished syncing" kind="ReplicaSet" key="kube-system/local-path-provisioner-698b58967b" duration="30.698µs"
2025-01-27 17:05:13,096 DEBUG c.h.h.t.HelmChartContainer - Image file loaded 'hivemq-platform.tar'
2025-01-27 17:05:13,096 DEBUG c.h.h.t.HelmChartContainer - Successful Helm chart Container startup
2025-01-27 17:05:13,109 INFO t.localhost/testcontainers/hfdtq4mzws2g1kvq:latest - Container localhost/testcontainers/hfdtq4mzws2g1kvq:latest started in PT25.087747295S
2025-01-27 17:05:13,119 DEBUG c.h.h.t.HelmChartContainer - Executing helm command: /bin/helm --kubeconfig /etc/rancher/k3s/k3s.yaml repo add hivemq https://hivemq.github.io/helm-charts
2025-01-27 17:05:14,543 INFO c.h.h.t.HelmChartContainer - [EVENT] Normal [Starting] Starting kubelet. [null:1d709a34904e]
2025-01-27 17:05:14,544 INFO c.h.h.t.HelmChartContainer - [EVENT] Warning [InvalidDiskCapacity] invalid capacity 0 on image filesystem [null:1d709a34904e]
2025-01-27 17:05:14,544 INFO c.h.h.t.HelmChartContainer - [EVENT] Normal [NodeHasSufficientMemory] Node 1d709a34904e status is now: NodeHasSufficientMemory [null:1d709a34904e]
2025-01-27 17:05:14,545 INFO c.h.h.t.HelmChartContainer - [EVENT] Normal [NodeHasNoDiskPressure] Node 1d709a34904e status is now: NodeHasNoDiskPressure [null:1d709a34904e]
2025-01-27 17:05:14,548 INFO c.h.h.t.HelmChartContainer - [EVENT] Normal [NodeHasSufficientPID] Node 1d709a34904e status is now: NodeHasSufficientPID [null:1d709a34904e]
2025-01-27 17:05:14,548 INFO c.h.h.t.HelmChartContainer - [EVENT] Normal [NodeAllocatableEnforced] Updated Node Allocatable limit across pods [null:1d709a34904e]
2025-01-27 17:05:14,549 INFO c.h.h.t.HelmChartContainer - Saved kubeconfig file on /tmp/kubeconfig-2538105970146765072.yaml
2025-01-27 17:05:14,549 INFO c.h.h.t.HelmChartContainer - HelmChartContainer is started
2025-01-27 17:05:14,551 INFO c.h.h.t.HelmChartContainer - [EVENT] Normal [NodeReady] Node 1d709a34904e status is now: NodeReady [null:1d709a34904e]
2025-01-27 17:05:14,551 INFO c.h.h.t.HelmChartContainer - [EVENT] Normal [NodePasswordValidationComplete] Deferred node password secret validation complete [null:1d709a34904e]
2025-01-27 17:05:14,554 INFO c.h.h.t.HelmChartContainer - [EVENT] Normal [Synced] Node synced successfully [null:1d709a34904e]
2025-01-27 17:05:14,555 INFO c.h.h.t.HelmChartContainer - [EVENT] Normal [RegisteredNode] Node 1d709a34904e event: Registered Node 1d709a34904e in Controller [null:1d709a34904e]
]]></system-out>
  <system-err><![CDATA[]]></system-err>
</testsuite>
