<?xml version="1.0" encoding="UTF-8"?>
<testsuite name="com.hivemq.helmcharts.serviceaccount.HelmCustomServiceAccountDisabledCreationAndValidationCreateMissingServiceAccountIT" tests="1" skipped="0" failures="0" errors="0" timestamp="2025-10-06T12:24:38" hostname="runnervmwhb2z" time="84.599">
  <properties/>
  <testcase name="platformCharts_withCreateAndValidateDisabled_hivemqRunning()" classname="com.hivemq.helmcharts.serviceaccount.HelmCustomServiceAccountDisabledCreationAndValidationCreateMissingServiceAccountIT" time="84.599"/>
</testsuite>
