<?xml version="1.0" encoding="UTF-8"?>
<testsuite name="com.hivemq.helmcharts.platform.HelmCustomLogbackIT" tests="1" skipped="0" failures="0" errors="0" timestamp="2025-01-28T23:36:09" hostname="fv-az1283-449" time="91.408">
  <properties/>
  <testcase name="withCustomLogbackConfig_platformUsingCustomLogbackXml()" classname="com.hivemq.helmcharts.platform.HelmCustomLogbackIT" time="91.408">
    <system-out><![CDATA[2025-01-28 23:36:09,762 INFO c.h.h.t.HelmChartContainer - Creating namespace 'helmcustomlogbackit-operator'...
2025-01-28 23:36:09,771 INFO c.h.h.t.HelmChartContainer - Namespace 'helmcustomlogbackit-operator' created
2025-01-28 23:36:09,772 INFO c.h.h.t.HelmChartContainer - Creating namespace 'helmcustomlogbackit'...
2025-01-28 23:36:09,871 INFO c.h.h.t.HelmChartContainer - Namespace 'helmcustomlogbackit' created
2025-01-28 23:36:09,946 DEBUG c.h.h.t.HelmChartContainer - Executing helm command: /bin/helm --kubeconfig /etc/rancher/k3s/k3s.yaml install test-hivemq-platform-operator /charts/hivemq-platform-operator --wait --timeout 5m0s --set image.repository=docker.io/hivemq --set image.name=hivemq-platform-operator-test --set image.initImageName=hivemq-platform-operator-init-test --set image.tag=snapshot --set image.pullPolicy=Never --set logLevel=DEBUG --set resources.cpu=512m --namespace helmcustomlogbackit-operator
2025-01-28 23:36:10,270 INFO c.h.h.t.HelmChartContainer - [K3S] [alloc.go:330] "allocated clusterIPs" service="helmcustomlogbackit-operator/hivemq-platform-operator-test-hivemq-platform-operator" clusterIPs={"IPv4":"10.43.134.229"}
2025-01-28 23:36:10,286 INFO c.h.h.t.HelmChartContainer - [EVENT] Normal [ScalingReplicaSet] Scaled up replica set hivemq-test-hivemq-platform-operator-6966f96d65 from 0 to 1 [helmcustomlogbackit-operator:hivemq-test-hivemq-platform-operator]
2025-01-28 23:36:10,292 INFO c.h.h.t.HelmChartContainer - [POD] hivemq-test-hivemq-platform-operator-6966f96d65-qg9zx [927cb1b1-e1a7-4fa0-9d17-872c169190c6] in helmcustomlogbackit-operator was ADDED
2025-01-28 23:36:10,300 INFO c.h.h.t.HelmChartContainer - [POD] hivemq-test-hivemq-platform-operator-6966f96d65-qg9zx [927cb1b1-e1a7-4fa0-9d17-872c169190c6] in helmcustomlogbackit-operator was MODIFIED
2025-01-28 23:36:10,301 INFO c.h.h.t.HelmChartContainer - [K3S] [memory_manager.go:355] "RemoveStaleState removing state" podUID="d8bb02d6-5a46-4678-87f3-e1300ae5b309" containerName="hivemq-platform-operator"
2025-01-28 23:36:10,302 INFO c.h.h.t.HelmChartContainer - [K3S] [memory_manager.go:355] "RemoveStaleState removing state" podUID="5f1df0d1-0a69-4a16-aeff-241be0bfa33f" containerName="nginx"
2025-01-28 23:36:10,302 INFO c.h.h.t.HelmChartContainer - [K3S] [memory_manager.go:355] "RemoveStaleState removing state" podUID="2a0ad14f-6c7b-44fc-8b1c-a81b415b06b0" containerName="hivemq"
2025-01-28 23:36:10,308 INFO c.h.h.t.HelmChartContainer - [EVENT] Normal [SuccessfulCreate] Created pod: hivemq-test-hivemq-platform-operator-6966f96d65-qg9zx [helmcustomlogbackit-operator:hivemq-test-hivemq-platform-operator-6966f96d65]
2025-01-28 23:36:10,311 INFO c.h.h.t.HelmChartContainer - [K3S] [replica_set.go:679] "Finished syncing" kind="ReplicaSet" key="helmcustomlogbackit-operator/hivemq-test-hivemq-platform-operator-6966f96d65" duration="28.86416ms"
2025-01-28 23:36:10,313 INFO c.h.h.t.HelmChartContainer - [EVENT] Normal [Scheduled] Successfully assigned helmcustomlogbackit-operator/hivemq-test-hivemq-platform-operator-6966f96d65-qg9zx to e2eb32003fa5 [helmcustomlogbackit-operator:hivemq-test-hivemq-platform-operator-6966f96d65-qg9zx]
2025-01-28 23:36:10,317 INFO c.h.h.t.HelmChartContainer - [K3S] [replica_set.go:679] "Finished syncing" kind="ReplicaSet" key="helmcustomlogbackit-operator/hivemq-test-hivemq-platform-operator-6966f96d65" duration="6.254412ms"
2025-01-28 23:36:10,317 INFO c.h.h.t.HelmChartContainer - [K3S] [replica_set.go:679] "Finished syncing" kind="ReplicaSet" key="helmcustomlogbackit-operator/hivemq-test-hivemq-platform-operator-6966f96d65" duration="34.524µs"
2025-01-28 23:36:10,319 INFO c.h.h.t.HelmChartContainer - [K3S] [replica_set.go:679] "Finished syncing" kind="ReplicaSet" key="helmcustomlogbackit-operator/hivemq-test-hivemq-platform-operator-6966f96d65" duration="31.499µs"
2025-01-28 23:36:10,320 INFO c.h.h.t.HelmChartContainer - [POD] hivemq-test-hivemq-platform-operator-6966f96d65-qg9zx [927cb1b1-e1a7-4fa0-9d17-872c169190c6] in helmcustomlogbackit-operator was MODIFIED
2025-01-28 23:36:10,446 INFO c.h.h.t.HelmChartContainer - [K3S] [reconciler_common.go:251] "operationExecutor.VerifyControllerAttachedVolume started for volume \"kube-api-access-bvs42\" (UniqueName: \"kubernetes.io/projected/927cb1b1-e1a7-4fa0-9d17-872c169190c6-kube-api-access-bvs42\") pod \"hivemq-test-hivemq-platform-operator-6966f96d65-qg9zx\" (UID: \"927cb1b1-e1a7-4fa0-9d17-872c169190c6\") " pod="helmcustomlogbackit-operator/hivemq-test-hivemq-platform-operator-6966f96d65-qg9zx"
2025-01-28 23:36:10,700 INFO c.h.h.t.HelmChartContainer - [EVENT] Normal [Pulled] Container image "docker.io/hivemq/hivemq-platform-operator-test:snapshot" already present on machine [helmcustomlogbackit-operator:hivemq-test-hivemq-platform-operator-6966f96d65-qg9zx]
2025-01-28 23:36:10,701 INFO c.h.h.t.HelmChartContainer - Received Pulled event for container hivemq-platform-operator in pod hivemq-test-hivemq-platform-operator-6966f96d65-qg9zx [927cb1b1-e1a7-4fa0-9d17-872c169190c6]
2025-01-28 23:36:11,974 INFO c.h.h.t.HelmChartContainer - [EVENT] Normal [Created] Created container: hivemq-platform-operator [helmcustomlogbackit-operator:hivemq-test-hivemq-platform-operator-6966f96d65-qg9zx]
2025-01-28 23:36:11,974 INFO c.h.h.t.HelmChartContainer - Received Created event for container hivemq-platform-operator in pod hivemq-test-hivemq-platform-operator-6966f96d65-qg9zx [927cb1b1-e1a7-4fa0-9d17-872c169190c6]
2025-01-28 23:36:12,640 INFO c.h.h.t.HelmChartContainer - [K3S] [replica_set.go:679] "Finished syncing" kind="ReplicaSet" key="helmcustomlogbackit-operator/hivemq-test-hivemq-platform-operator-6966f96d65" duration="41.137µs"
2025-01-28 23:36:12,641 INFO c.h.h.t.HelmChartContainer - [POD] hivemq-test-hivemq-platform-operator-6966f96d65-qg9zx [927cb1b1-e1a7-4fa0-9d17-872c169190c6] in helmcustomlogbackit-operator was MODIFIED
2025-01-28 23:36:12,649 INFO c.h.h.t.HelmChartContainer - [EVENT] Normal [Started] Started container hivemq-platform-operator [helmcustomlogbackit-operator:hivemq-test-hivemq-platform-operator-6966f96d65-qg9zx]
2025-01-28 23:36:12,649 INFO c.h.h.t.HelmChartContainer - Received Started event for container hivemq-platform-operator in pod hivemq-test-hivemq-platform-operator-6966f96d65-qg9zx [927cb1b1-e1a7-4fa0-9d17-872c169190c6]
2025-01-28 23:36:12,649 INFO c.h.h.t.HelmChartContainer - Started log watcher for hivemq-platform-operator in pod hivemq-test-hivemq-platform-operator-6966f96d65-qg9zx [927cb1b1-e1a7-4fa0-9d17-872c169190c6]
2025-01-28 23:36:12,649 INFO c.h.h.t.HelmChartContainer - [hivemq-test-hivemq-platform] [hivemq-platform-operator] [927cb1b1] -------------------------------------------------------------------------
2025-01-28 23:36:12,649 INFO c.h.h.t.HelmChartContainer - [hivemq-test-hivemq-platform] [hivemq-platform-operator] [927cb1b1] 
2025-01-28 23:36:12,649 INFO c.h.h.t.HelmChartContainer - [hivemq-test-hivemq-platform] [hivemq-platform-operator] [927cb1b1]                   _    _  _              __  __   ____
2025-01-28 23:36:12,649 INFO c.h.h.t.HelmChartContainer - [hivemq-test-hivemq-platform] [hivemq-platform-operator] [927cb1b1]                  | |  | |(_)            |  \/  | / __ \
2025-01-28 23:36:12,649 INFO c.h.h.t.HelmChartContainer - [hivemq-test-hivemq-platform] [hivemq-platform-operator] [927cb1b1]                  | |__| | _ __   __ ___ | \  / || |  | |
2025-01-28 23:36:12,649 INFO c.h.h.t.HelmChartContainer - [hivemq-test-hivemq-platform] [hivemq-platform-operator] [927cb1b1]                  |  __  || |\ \ / // _ \| |\/| || |  | |
2025-01-28 23:36:12,649 INFO c.h.h.t.HelmChartContainer - [hivemq-test-hivemq-platform] [hivemq-platform-operator] [927cb1b1]                  | |  | || | \ V /|  __/| |  | || |__| |
2025-01-28 23:36:12,649 INFO c.h.h.t.HelmChartContainer - [hivemq-test-hivemq-platform] [hivemq-platform-operator] [927cb1b1]                  |_|  |_||_|  \_/  \___||_|  |_| \___\_\
2025-01-28 23:36:12,650 INFO c.h.h.t.HelmChartContainer - [hivemq-test-hivemq-platform] [hivemq-platform-operator] [927cb1b1] 
2025-01-28 23:36:12,650 INFO c.h.h.t.HelmChartContainer - [hivemq-test-hivemq-platform] [hivemq-platform-operator] [927cb1b1] -------------------------------------------------------------------------
2025-01-28 23:36:12,650 INFO c.h.h.t.HelmChartContainer - [hivemq-test-hivemq-platform] [hivemq-platform-operator] [927cb1b1] 
2025-01-28 23:36:12,650 INFO c.h.h.t.HelmChartContainer - [hivemq-test-hivemq-platform] [hivemq-platform-operator] [927cb1b1]   HiveMQ Platform Operator Start Script v1.0
2025-01-28 23:36:12,650 INFO c.h.h.t.HelmChartContainer - [hivemq-test-hivemq-platform] [hivemq-platform-operator] [927cb1b1] 
2025-01-28 23:36:12,650 INFO c.h.h.t.HelmChartContainer - [hivemq-test-hivemq-platform] [hivemq-platform-operator] [927cb1b1] -------------------------------------------------------------------------
2025-01-28 23:36:12,650 INFO c.h.h.t.HelmChartContainer - [hivemq-test-hivemq-platform] [hivemq-platform-operator] [927cb1b1] 
2025-01-28 23:36:12,650 INFO c.h.h.t.HelmChartContainer - [hivemq-test-hivemq-platform] [hivemq-platform-operator] [927cb1b1]   JAVA_OPTS: -XX:+UnlockExperimentalVMOptions -XX:InitialRAMPercentage=75 -XX:MaxRAMPercentage=75 -Duser.language=en -Duser.region=US
2025-01-28 23:36:12,650 INFO c.h.h.t.HelmChartContainer - [hivemq-test-hivemq-platform] [hivemq-platform-operator] [927cb1b1] 
2025-01-28 23:36:12,650 INFO c.h.h.t.HelmChartContainer - [hivemq-test-hivemq-platform] [hivemq-platform-operator] [927cb1b1]   JAVA_VERSION: 21
2025-01-28 23:36:12,650 INFO c.h.h.t.HelmChartContainer - [hivemq-test-hivemq-platform] [hivemq-platform-operator] [927cb1b1] 
2025-01-28 23:36:12,650 INFO c.h.h.t.HelmChartContainer - [hivemq-test-hivemq-platform] [hivemq-platform-operator] [927cb1b1] -------------------------------------------------------------------------
2025-01-28 23:36:12,650 INFO c.h.h.t.HelmChartContainer - [hivemq-test-hivemq-platform] [hivemq-platform-operator] [927cb1b1] 
2025-01-28 23:36:15,489 INFO c.h.h.t.HelmChartContainer - [hivemq-test-hivemq-platform] [hivemq-platform-operator] [927cb1b1] 23:36:15.486 [main] DEBUG org.jboss.logging - Logging Provider: org.jboss.logging.Slf4jLoggerProvider
2025-01-28 23:36:15,595 INFO c.h.h.t.HelmChartContainer - [hivemq-test-hivemq-platform] [hivemq-platform-operator] [927cb1b1] 23:36:15.594 [main] DEBUG io.smallrye.config - SRCFG01006: Loaded ConfigSource SysPropConfigSource with ordinal 400
2025-01-28 23:36:15,595 INFO c.h.h.t.HelmChartContainer - [hivemq-test-hivemq-platform] [hivemq-platform-operator] [927cb1b1] 23:36:15.594 [main] DEBUG io.smallrye.config - SRCFG01006: Loaded ConfigSource EnvConfigSource with ordinal 300
2025-01-28 23:36:15,595 INFO c.h.h.t.HelmChartContainer - [hivemq-test-hivemq-platform] [hivemq-platform-operator] [927cb1b1] 23:36:15.594 [main] DEBUG io.smallrye.config - SRCFG01006: Loaded ConfigSource PropertiesConfigSource[source=jar:file:///opt/hivemq-platform-operator/bin/hivemq-platform-operator.jar!/hivemq-platform-operator.properties] with ordinal 100
2025-01-28 23:36:15,595 INFO c.h.h.t.HelmChartContainer - [hivemq-test-hivemq-platform] [hivemq-platform-operator] [927cb1b1] 23:36:15.594 [main] DEBUG io.smallrye.config - SRCFG01006: Loaded ConfigSource DefaultValuesConfigSource with ordinal -2147483648
2025-01-28 23:36:15,701 INFO c.h.h.t.HelmChartContainer - [hivemq-test-hivemq-platform] [hivemq-platform-operator] [927cb1b1] 23:36:15.700 [main] DEBUG i.m.c.u.i.l.InternalLoggerFactory - Using SLF4J as the default logging framework
2025-01-28 23:36:15,889 INFO c.h.h.t.HelmChartContainer - [hivemq-test-hivemq-platform] [hivemq-platform-operator] [927cb1b1] 23:36:15.857 [main] INFO  c.h.p.o.HiveMQPlatformOperatorApplication - HiveMQ Platform Operator 1.7.0-SNAPSHOT (commit: bebf408 on branch: HEAD) built on Sun Jan 26 20:47:47 UTC 2025
2025-01-28 23:36:15,889 INFO c.h.h.t.HelmChartContainer - [hivemq-test-hivemq-platform] [hivemq-platform-operator] [927cb1b1] 23:36:15.887 [main] INFO  c.h.p.o.HiveMQPlatformOperatorApplication - HiveMQ Platform Operator is running in namespace: helmcustomlogbackit-operator
2025-01-28 23:36:15,889 INFO c.h.h.t.HelmChartContainer - [hivemq-test-hivemq-platform] [hivemq-platform-operator] [927cb1b1] 23:36:15.888 [main] INFO  c.h.p.o.HiveMQPlatformOperatorApplication - Watching all namespaces
2025-01-28 23:36:15,889 INFO c.h.h.t.HelmChartContainer - [hivemq-test-hivemq-platform] [hivemq-platform-operator] [927cb1b1] 23:36:15.888 [main] INFO  c.h.p.o.HiveMQPlatformOperatorApplication - Log level: DEBUG
2025-01-28 23:36:15,889 INFO c.h.h.t.HelmChartContainer - [hivemq-test-hivemq-platform] [hivemq-platform-operator] [927cb1b1] 23:36:15.888 [main] INFO  c.h.p.o.HiveMQPlatformOperatorApplication - Release name: test-hivemq-platform-operator
2025-01-28 23:36:15,889 INFO c.h.h.t.HelmChartContainer - [hivemq-test-hivemq-platform] [hivemq-platform-operator] [927cb1b1] 23:36:15.888 [main] INFO  c.h.p.o.HiveMQPlatformOperatorApplication - HiveMQ Platform Operator Init image: docker.io/hivemq/hivemq-platform-operator-init-test:snapshot
2025-01-28 23:36:15,889 INFO c.h.h.t.HelmChartContainer - [hivemq-test-hivemq-platform] [hivemq-platform-operator] [927cb1b1] 23:36:15.888 [main] INFO  c.h.p.o.HiveMQPlatformOperatorApplication - HiveMQ Platform Operator Init App update URL: http://hivemq-platform-operator-test-hivemq-platform-operator.helmcustomlogbackit-operator.svc:8080/initAppUpdate/hivemq-platform-operator-init-app-1.7.0-SNAPSHOT.jar
2025-01-28 23:36:15,890 INFO c.h.h.t.HelmChartContainer - [hivemq-test-hivemq-platform] [hivemq-platform-operator] [927cb1b1] 23:36:15.888 [main] INFO  c.h.p.o.HiveMQPlatformOperatorApplication - Additional imagePullSecret for all Platform deployments: none
2025-01-28 23:36:15,890 INFO c.h.h.t.HelmChartContainer - [hivemq-test-hivemq-platform] [hivemq-platform-operator] [927cb1b1] 23:36:15.888 [main] INFO  c.h.p.o.HiveMQPlatformOperatorApplication - Apply HiveMQ Platform CRD: true
2025-01-28 23:36:15,890 INFO c.h.h.t.HelmChartContainer - [hivemq-test-hivemq-platform] [hivemq-platform-operator] [927cb1b1] 23:36:15.888 [main] INFO  c.h.p.o.HiveMQPlatformOperatorApplication - Create Platform ServiceAccount: true
2025-01-28 23:36:15,890 INFO c.h.h.t.HelmChartContainer - [hivemq-test-hivemq-platform] [hivemq-platform-operator] [927cb1b1] 23:36:15.888 [main] INFO  c.h.p.o.HiveMQPlatformOperatorApplication - Create Platform ServiceAccount permissions: true
2025-01-28 23:36:15,890 INFO c.h.h.t.HelmChartContainer - [hivemq-test-hivemq-platform] [hivemq-platform-operator] [927cb1b1] 23:36:15.888 [main] INFO  c.h.p.o.HiveMQPlatformOperatorApplication - Validate Platform ServiceAccount: true
2025-01-28 23:36:15,890 INFO c.h.h.t.HelmChartContainer - [hivemq-test-hivemq-platform] [hivemq-platform-operator] [927cb1b1] 23:36:15.888 [main] INFO  c.h.p.o.HiveMQPlatformOperatorApplication - Validate Platform ServiceAccount permissions: true
2025-01-28 23:36:16,087 INFO c.h.h.t.HelmChartContainer - [hivemq-test-hivemq-platform] [hivemq-platform-operator] [927cb1b1] 23:36:16.085 [main] INFO  c.h.platform.operator.util.CRDUtil - Verifying deployed HiveMQ Platform CRD...
2025-01-28 23:36:18,763 INFO c.h.h.t.HelmChartContainer - [hivemq-test-hivemq-platform] [hivemq-platform-operator] [927cb1b1] 23:36:18.761 [main] DEBUG c.h.platform.operator.util.CRDUtil - HiveMQ Platform CRD version v1 is up to date
2025-01-28 23:36:18,763 INFO c.h.h.t.HelmChartContainer - [hivemq-test-hivemq-platform] [hivemq-platform-operator] [927cb1b1] 23:36:18.762 [main] INFO  c.h.platform.operator.util.CRDUtil - HiveMQ Platform CRD is up to date (version: V1_6_0)
2025-01-28 23:36:18,763 INFO c.h.h.t.HelmChartContainer - [hivemq-test-hivemq-platform] [hivemq-platform-operator] [927cb1b1] 23:36:18.762 [main] INFO  c.h.platform.operator.util.CRDUtil - Waiting 10000 ms for HiveMQ Platform CRD 'hivemq-platforms.hivemq.com' to become ready...
2025-01-28 23:36:19,093 INFO c.h.h.t.HelmChartContainer - [hivemq-test-hivemq-platform] [hivemq-platform-operator] [927cb1b1] 23:36:19.092 [vert.x-eventloop-thread-1] DEBUG c.h.platform.operator.util.CRDUtil - Checking CRD condition 'NamesAccepted' (status: 'True')
2025-01-28 23:36:19,158 INFO c.h.h.t.HelmChartContainer - [hivemq-test-hivemq-platform] [hivemq-platform-operator] [927cb1b1] 23:36:19.156 [vert.x-eventloop-thread-1] DEBUG c.h.platform.operator.util.CRDUtil - Checking CRD condition 'Established' (status: 'True')
2025-01-28 23:36:19,159 INFO c.h.h.t.HelmChartContainer - [hivemq-test-hivemq-platform] [hivemq-platform-operator] [927cb1b1] 23:36:19.158 [main] INFO  c.h.platform.operator.util.CRDUtil - HiveMQ Platform CRD 'hivemq-platforms.hivemq.com' is ready
2025-01-28 23:36:19,285 INFO c.h.h.t.HelmChartContainer - [hivemq-test-hivemq-platform] [hivemq-platform-operator] [927cb1b1] 23:36:19.284 [main] INFO  c.h.p.o.HiveMQPlatformReconciler - HiveMQ Platform Operator is starting...
2025-01-28 23:36:19,366 INFO c.h.h.t.HelmChartContainer - [hivemq-test-hivemq-platform] [hivemq-platform-operator] [927cb1b1] 23:36:19.365 [main] WARN  Default ConfigurationService implementation - Configuration for reconciler 'hivemq-controller' was not found. Known reconcilers: None.
2025-01-28 23:36:19,392 INFO c.h.h.t.HelmChartContainer - [hivemq-test-hivemq-platform] [hivemq-platform-operator] [927cb1b1] 23:36:19.391 [main] INFO  Default ConfigurationService implementation - Created configuration for reconciler com.hivemq.platform.operator.HiveMQPlatformReconciler with name hivemq-controller
2025-01-28 23:36:19,558 INFO c.h.h.t.HelmChartContainer - [hivemq-test-hivemq-platform] [hivemq-platform-operator] [927cb1b1] 23:36:19.557 [main] DEBUG c.h.p.o.HiveMQPlatformReconciler - HiveMQ Platform Operator is preparing EventSources
2025-01-28 23:36:19,588 INFO c.h.h.t.HelmChartContainer - [hivemq-test-hivemq-platform] [hivemq-platform-operator] [927cb1b1] 23:36:19.587 [main] INFO  i.javaoperatorsdk.operator.Operator - Registered reconciler: 'hivemq-controller' for resource: 'class com.hivemq.platform.operator.v1.HiveMQPlatform' for namespace(s): [all namespaces]
2025-01-28 23:36:20,186 INFO c.h.h.t.HelmChartContainer - [hivemq-test-hivemq-platform] [hivemq-platform-operator] [927cb1b1] 23:36:20.184 [main] INFO  c.h.p.operator.webserver.JettyServer - Starting Jetty server on port 8080
2025-01-28 23:36:20,266 INFO c.h.h.t.HelmChartContainer - [hivemq-test-hivemq-platform] [hivemq-platform-operator] [927cb1b1] 23:36:20.264 [main] INFO  i.javaoperatorsdk.operator.Operator - Operator SDK 4.9.7 (commit: 2133d28) built on Wed Nov 20 12:56:20 UTC 2024 starting...
2025-01-28 23:36:20,266 INFO c.h.h.t.HelmChartContainer - [hivemq-test-hivemq-platform] [hivemq-platform-operator] [927cb1b1] 23:36:20.265 [main] INFO  i.javaoperatorsdk.operator.Operator - Client version: 6.13.4
2025-01-28 23:36:20,267 INFO c.h.h.t.HelmChartContainer - [hivemq-test-hivemq-platform] [hivemq-platform-operator] [927cb1b1] 23:36:20.266 [Controller Starter for: hivemq-controller] INFO  i.j.operator.processing.Controller - Starting 'hivemq-controller' controller for reconciler: com.hivemq.platform.operator.HiveMQPlatformReconciler, resource: com.hivemq.platform.operator.v1.HiveMQPlatform
2025-01-28 23:36:22,960 INFO c.h.h.t.HelmChartContainer - [hivemq-test-hivemq-platform] [hivemq-platform-operator] [927cb1b1] 23:36:22.958 [Controller Starter for: hivemq-controller] INFO  i.j.operator.processing.Controller - 'hivemq-controller' controller started
2025-01-28 23:36:22,961 INFO c.h.h.t.HelmChartContainer - [hivemq-test-hivemq-platform] [hivemq-platform-operator] [927cb1b1] 23:36:22.959 [main] INFO  c.h.p.o.HiveMQPlatformOperatorApplication - HiveMQ Platform Operator 1.7.0-SNAPSHOT started in 7101 ms
2025-01-28 23:36:23,648 INFO c.h.h.t.HelmChartContainer - [POD] hivemq-test-hivemq-platform-operator-6966f96d65-qg9zx [927cb1b1-e1a7-4fa0-9d17-872c169190c6] in helmcustomlogbackit-operator was MODIFIED
2025-01-28 23:36:23,654 INFO c.h.h.t.HelmChartContainer - [K3S] [replica_set.go:679] "Finished syncing" kind="ReplicaSet" key="helmcustomlogbackit-operator/hivemq-test-hivemq-platform-operator-6966f96d65" duration="10.722534ms"
2025-01-28 23:36:23,654 INFO c.h.h.t.HelmChartContainer - [K3S] [replica_set.go:679] "Finished syncing" kind="ReplicaSet" key="helmcustomlogbackit-operator/hivemq-test-hivemq-platform-operator-6966f96d65" duration="36.158µs"
2025-01-28 23:36:24,404 DEBUG c.h.h.t.HelmChartContainer - Executing helm command: /bin/helm --kubeconfig /etc/rancher/k3s/k3s.yaml install test-hivemq-platform /charts/hivemq-platform --wait --timeout 5m0s --set image.repository=docker.io/hivemq --set image.tag=4.36.0 --set image.pullPolicy=Never --set nodes.resources.cpu=512m --set nodes.replicaCount=1 --set-file config.customLogbackConfig=/files/custom-logback.xml --namespace helmcustomlogbackit
2025-01-28 23:36:24,668 INFO c.h.h.t.HelmChartContainer - [hivemq-test-hivemq-platform] [hivemq-platform-operator] [927cb1b1] 23:36:24.667 [-373097727-pool-1-thread-3] WARN  i.m.p.PrometheusMeterRegistry - The meter (MeterId{name='operator.sdk.events.received', tags=[tag(action=ADDED),tag(event=ResourceEvent),tag(group=hivemq.com),tag(kind=HiveMQPlatform),tag(name=test-hivemq-platform),tag(namespace=helmcustomlogbackit),tag(scope=namespace),tag(version=v1)]}) registration has failed: Prometheus requires that all meters with the same name have the same set of tag keys. There is already an existing meter named 'operator.sdk.events.received' containing tag keys [event, group, kind, name, namespace, scope, version]. The meter you are attempting to register has keys [action, event, group, kind, name, namespace, scope, version]. Note that subsequent logs will be logged at debug level.
2025-01-28 23:36:25,161 INFO c.h.h.t.HelmChartContainer - [hivemq-test-hivemq-platform] [hivemq-platform-operator] [927cb1b1] 23:36:25.157 [pool-6-thread-3] DEBUG c.h.p.o.dependants.PodInfoConfigMap - [helmcust] Desired PodInfo ConfigMap (1 extensions) (1 enabled)
2025-01-28 23:36:25,161 INFO c.h.h.t.HelmChartContainer - [hivemq-test-hivemq-platform] [hivemq-platform-operator] [927cb1b1] 23:36:25.158 [pool-6-thread-3] DEBUG c.h.p.o.dependants.PodInfoConfigMap - [helmcust] Desired PodInfo ConfigMap (metrics port: 9399) (metrics path: /)
2025-01-28 23:36:25,162 INFO c.h.h.t.HelmChartContainer - [hivemq-test-hivemq-platform] [hivemq-platform-operator] [927cb1b1] 23:36:25.158 [pool-6-thread-3] DEBUG c.h.p.o.dependants.PodInfoConfigMap - [helmcust] Desired PodInfo ConfigMap (extension state hash: -1817474005)
2025-01-28 23:36:25,162 INFO c.h.h.t.HelmChartContainer - [hivemq-test-hivemq-platform] [hivemq-platform-operator] [927cb1b1] 23:36:25.160 [pool-6-thread-3] DEBUG c.h.p.o.dependants.PodInfoConfigMap - [helmcust] Create PodInfo ConfigMap
2025-01-28 23:36:25,265 INFO c.h.h.t.HelmChartContainer - [hivemq-test-hivemq-platform] [hivemq-platform-operator] [927cb1b1] 23:36:25.264 [pool-6-thread-5] DEBUG c.h.p.o.dependants.PodRoleResource - [helmcust] Create Role: Role(apiVersion=rbac.authorization.k8s.io/v1, kind=Role, metadata=ObjectMeta(annotations={meta.helm.sh/release-name=test-hivemq-platform, meta.helm.sh/release-namespace=helmcustomlogbackit}, creationTimestamp=null, deletionGracePeriodSeconds=null, deletionTimestamp=null, finalizers=[], generateName=null, generation=null, labels={helm.sh/chart=hivemq-platform-0.2.32, app.kubernetes.io/managed-by=Helm, app.kubernetes.io/name=hivemq-platform, hivemq-platform=test-hivemq-platform, app.kubernetes.io/instance=test-hivemq-platform, app.kubernetes.io/version=4.36.0}, managedFields=[], name=hivemq-platform-role-test-hivemq-platform, namespace=helmcustomlogbackit, ownerReferences=[OwnerReference(apiVersion=hivemq.com/v1, blockOwnerDeletion=null, controller=null, kind=HiveMQPlatform, name=test-hivemq-platform, uid=b77a90cd-b26a-4e98-8ee2-83ae4da3cfa8, additionalProperties={})], resourceVersion=null, selfLink=null, uid=null, additionalProperties={}), rules=[PolicyRule(apiGroups=[], nonResourceURLs=[], resourceNames=[], resources=[pods], verbs=[get, patch, update], additionalProperties={})], additionalProperties={})
2025-01-28 23:36:25,391 INFO c.h.h.t.HelmChartContainer - [hivemq-test-hivemq-platform] [hivemq-platform-operator] [927cb1b1] 23:36:25.390 [pool-6-thread-7] DEBUG c.h.p.o.d.PodServiceAccountResource - [helmcust] Desired PodServiceAccountResource (serviceAccountName: hivemq-platform-pod-test-hivemq-platform)
2025-01-28 23:36:25,391 INFO c.h.h.t.HelmChartContainer - [hivemq-test-hivemq-platform] [hivemq-platform-operator] [927cb1b1] 23:36:25.390 [pool-6-thread-7] DEBUG c.h.p.o.d.PodServiceAccountResource - [helmcust] Create ServiceAccount 'hivemq-platform-pod-test-hivemq-platform'
2025-01-28 23:36:25,562 INFO c.h.h.t.HelmChartContainer - [hivemq-test-hivemq-platform] [hivemq-platform-operator] [927cb1b1] 23:36:25.561 [pool-6-thread-9] DEBUG c.h.p.o.d.PodRoleBindingResource - [helmcust] Create RoleBinding: RoleBinding(apiVersion=rbac.authorization.k8s.io/v1, kind=RoleBinding, metadata=ObjectMeta(annotations={meta.helm.sh/release-name=test-hivemq-platform, meta.helm.sh/release-namespace=helmcustomlogbackit}, creationTimestamp=null, deletionGracePeriodSeconds=null, deletionTimestamp=null, finalizers=[], generateName=null, generation=null, labels={helm.sh/chart=hivemq-platform-0.2.32, app.kubernetes.io/managed-by=Helm, app.kubernetes.io/name=hivemq-platform, hivemq-platform=test-hivemq-platform, app.kubernetes.io/instance=test-hivemq-platform, app.kubernetes.io/version=4.36.0}, managedFields=[], name=hivemq-platform-role-binding-test-hivemq-platform, namespace=helmcustomlogbackit, ownerReferences=[OwnerReference(apiVersion=hivemq.com/v1, blockOwnerDeletion=null, controller=null, kind=HiveMQPlatform, name=test-hivemq-platform, uid=b77a90cd-b26a-4e98-8ee2-83ae4da3cfa8, additionalProperties={})], resourceVersion=null, selfLink=null, uid=null, additionalProperties={}), roleRef=RoleRef(apiGroup=rbac.authorization.k8s.io, kind=Role, name=hivemq-platform-role-test-hivemq-platform, additionalProperties={}), subjects=[Subject(apiGroup=null, kind=ServiceAccount, name=hivemq-platform-pod-test-hivemq-platform, namespace=helmcustomlogbackit, additionalProperties={})], additionalProperties={})
2025-01-28 23:36:25,664 INFO c.h.h.t.HelmChartContainer - [hivemq-test-hivemq-platform] [hivemq-platform-operator] [927cb1b1] 23:36:25.660 [ReconcilerExecutor-hivemq-controller-54] INFO  c.h.p.o.HiveMQPlatformReconciler - [helmcust] Reconciling HiveMQ Platform 'test-hivemq-platform' in namespace 'helmcustomlogbackit'
2025-01-28 23:36:25,666 INFO c.h.h.t.HelmChartContainer - [hivemq-test-hivemq-platform] [hivemq-platform-operator] [927cb1b1] 23:36:25.660 [ReconcilerExecutor-hivemq-controller-54] DEBUG c.h.p.o.HiveMQPlatformReconciler - [helmcust] Custom Resource Status CREATED - HiveMQ Platform was created (READY)
2025-01-28 23:36:25,666 INFO c.h.h.t.HelmChartContainer - [hivemq-test-hivemq-platform] [hivemq-platform-operator] [927cb1b1] 23:36:25.660 [ReconcilerExecutor-hivemq-controller-54] DEBUG c.h.p.o.HiveMQPlatformReconciler - [helmcust] Custom Resource Spec (replicas: 1) (extensions: 1)
2025-01-28 23:36:25,669 INFO c.h.h.t.HelmChartContainer - [hivemq-test-hivemq-platform] [hivemq-platform-operator] [927cb1b1] 23:36:25.667 [ReconcilerExecutor-hivemq-controller-54] INFO  c.h.p.o.h.HiveMQPlatformReconcilerBaseHandler - [helmcust] HiveMQ Platform is starting
2025-01-28 23:36:25,862 INFO c.h.h.t.HelmChartContainer - [hivemq-test-hivemq-platform] [hivemq-platform-operator] [927cb1b1] 23:36:25.861 [ReconcilerExecutor-hivemq-controller-54] DEBUG c.h.p.operator.event.EventSender - [helmcust] Creating K8s event hivemq-platform-starting: [Start] HiveMQ Platform is starting
2025-01-28 23:36:25,870 INFO c.h.h.t.HelmChartContainer - [EVENT] Normal [Start] HiveMQ Platform is starting [helmcustomlogbackit:test-hivemq-platform]
2025-01-28 23:36:25,887 INFO c.h.h.t.HelmChartContainer - [hivemq-test-hivemq-platform] [hivemq-platform-operator] [927cb1b1] 23:36:25.886 [ReconcilerExecutor-hivemq-controller-54] INFO  c.h.p.o.h.AbstractHiveMQReconcilerStateHandler - [helmcust] Update HiveMQ Platform Status (CREATED [READY] -> STARTING [READY]): HiveMQ Platform is starting
2025-01-28 23:36:25,967 DEBUG com.hivemq.helmcharts.util.K8sUtil - Comparing actual state 'STARTING' and waiting for 'RUNNING'
2025-01-28 23:36:25,991 INFO c.h.h.t.HelmChartContainer - [hivemq-test-hivemq-platform] [hivemq-platform-operator] [927cb1b1] 23:36:25.989 [pool-6-thread-12] DEBUG c.h.p.o.d.PlatformServiceResource - [helmcust] Desired Platform services (3 services)
2025-01-28 23:36:26,059 INFO c.h.h.t.HelmChartContainer - [hivemq-test-hivemq-platform] [hivemq-platform-operator] [927cb1b1] 23:36:26.058 [pool-6-thread-17] DEBUG c.h.p.o.d.PodServiceAccountResource - [helmcust] Desired PodServiceAccountResource (serviceAccountName: hivemq-platform-pod-test-hivemq-platform)
2025-01-28 23:36:26,061 INFO c.h.h.t.HelmChartContainer - [hivemq-test-hivemq-platform] [hivemq-platform-operator] [927cb1b1] 23:36:26.058 [pool-6-thread-13] DEBUG c.h.p.o.dependants.PodInfoConfigMap - [helmcust] Desired PodInfo ConfigMap (1 extensions) (1 enabled)
2025-01-28 23:36:26,061 INFO c.h.h.t.HelmChartContainer - [hivemq-test-hivemq-platform] [hivemq-platform-operator] [927cb1b1] 23:36:26.060 [pool-6-thread-13] DEBUG c.h.p.o.dependants.PodInfoConfigMap - [helmcust] Desired PodInfo ConfigMap (metrics port: 9399) (metrics path: /)
2025-01-28 23:36:26,061 INFO c.h.h.t.HelmChartContainer - [hivemq-test-hivemq-platform] [hivemq-platform-operator] [927cb1b1] 23:36:26.060 [pool-6-thread-13] DEBUG c.h.p.o.dependants.PodInfoConfigMap - [helmcust] Desired PodInfo ConfigMap (extension state hash: -1817474005)
2025-01-28 23:36:26,089 INFO c.h.h.t.HelmChartContainer - [hivemq-test-hivemq-platform] [hivemq-platform-operator] [927cb1b1] 23:36:26.084 [pool-6-thread-13] DEBUG c.h.p.o.dependants.PodInfoConfigMap - [helmcust] Update PodInfo ConfigMap
2025-01-28 23:36:26,095 INFO c.h.h.t.HelmChartContainer - [K3S] [alloc.go:330] "allocated clusterIPs" service="helmcustomlogbackit/hivemq-test-hivemq-platform-metrics-9399" clusterIPs={"IPv4":"10.43.210.88"}
2025-01-28 23:36:26,189 INFO c.h.h.t.HelmChartContainer - [K3S] [alloc.go:330] "allocated clusterIPs" service="helmcustomlogbackit/hivemq-test-hivemq-platform-mqtt-1883" clusterIPs={"IPv4":"10.43.96.81"}
2025-01-28 23:36:26,264 INFO c.h.h.t.HelmChartContainer - [K3S] [alloc.go:330] "allocated clusterIPs" service="helmcustomlogbackit/hivemq-test-hivemq-platform-cc-8080" clusterIPs={"IPv4":"10.43.6.221"}
2025-01-28 23:36:26,289 INFO c.h.h.t.HelmChartContainer - [hivemq-test-hivemq-platform] [hivemq-platform-operator] [927cb1b1] 23:36:26.287 [pool-6-thread-20] DEBUG c.h.p.o.d.StatefulSetResource - [helmcust] Desired StatefulSet (1 replicas) for status STARTING (READY)
2025-01-28 23:36:26,367 INFO c.h.h.t.HelmChartContainer - [hivemq-test-hivemq-platform] [hivemq-platform-operator] [927cb1b1] 23:36:26.365 [pool-6-thread-20] DEBUG c.h.p.o.d.StatefulSetResource - [helmcust] Create StatefulSet
2025-01-28 23:36:26,478 INFO c.h.h.t.HelmChartContainer - [EVENT] Normal [SuccessfulCreate] create Pod test-hivemq-platform-0 in StatefulSet test-hivemq-platform successful [helmcustomlogbackit:test-hivemq-platform]
2025-01-28 23:36:26,478 INFO c.h.h.t.HelmChartContainer - [POD] test-hivemq-platform-0 [42a2b393-3686-4c55-92ab-5c1722af9544] in helmcustomlogbackit was ADDED
2025-01-28 23:36:26,489 INFO c.h.h.t.HelmChartContainer - [hivemq-test-hivemq-platform] [hivemq-platform-operator] [927cb1b1] 23:36:26.484 [ReconcilerExecutor-hivemq-controller-65] INFO  c.h.p.o.HiveMQPlatformReconciler - [helmcust] Reconciling HiveMQ Platform 'test-hivemq-platform' in namespace 'helmcustomlogbackit'
2025-01-28 23:36:26,491 INFO c.h.h.t.HelmChartContainer - [POD] test-hivemq-platform-0 [42a2b393-3686-4c55-92ab-5c1722af9544] in helmcustomlogbackit was MODIFIED
2025-01-28 23:36:26,491 INFO c.h.h.t.HelmChartContainer - [hivemq-test-hivemq-platform] [hivemq-platform-operator] [927cb1b1] 23:36:26.485 [ReconcilerExecutor-hivemq-controller-65] DEBUG c.h.p.o.HiveMQPlatformReconciler - [helmcust] Custom Resource Status STARTING - HiveMQ Platform is starting (READY)
2025-01-28 23:36:26,491 INFO c.h.h.t.HelmChartContainer - [hivemq-test-hivemq-platform] [hivemq-platform-operator] [927cb1b1] 23:36:26.488 [ReconcilerExecutor-hivemq-controller-65] DEBUG c.h.p.o.HiveMQPlatformReconciler - [helmcust] Custom Resource Spec (replicas: 1) (extensions: 1)
2025-01-28 23:36:26,504 INFO c.h.h.t.HelmChartContainer - [EVENT] Normal [Scheduled] Successfully assigned helmcustomlogbackit/test-hivemq-platform-0 to e2eb32003fa5 [helmcustomlogbackit:test-hivemq-platform-0]
2025-01-28 23:36:26,510 INFO c.h.h.t.HelmChartContainer - [POD] test-hivemq-platform-0 [42a2b393-3686-4c55-92ab-5c1722af9544] in helmcustomlogbackit was MODIFIED
2025-01-28 23:36:26,562 INFO c.h.h.t.HelmChartContainer - [hivemq-test-hivemq-platform] [hivemq-platform-operator] [927cb1b1] 23:36:26.560 [ReconcilerExecutor-hivemq-controller-65] DEBUG c.h.p.o.HiveMQPlatformReconciler - [helmcust] StatefulSet Status (revision: null, replicas: 0, available: 0, ready: 0, current: 0, updated: 0)
2025-01-28 23:36:26,586 INFO c.h.h.t.HelmChartContainer - [hivemq-test-hivemq-platform] [hivemq-platform-operator] [927cb1b1] 23:36:26.583 [ReconcilerExecutor-hivemq-controller-65] DEBUG c.h.p.o.HiveMQPlatformReconciler - [helmcust] StatefulSet Spec (replicas: 1, init containers: 1, containers: 1, volumes: 3)
2025-01-28 23:36:26,647 INFO c.h.h.t.HelmChartContainer - [K3S] [reconciler_common.go:251] "operationExecutor.VerifyControllerAttachedVolume started for volume \"pod-info\" (UniqueName: \"kubernetes.io/configmap/42a2b393-3686-4c55-92ab-5c1722af9544-pod-info\") pod \"test-hivemq-platform-0\" (UID: \"42a2b393-3686-4c55-92ab-5c1722af9544\") " pod="helmcustomlogbackit/test-hivemq-platform-0"
2025-01-28 23:36:26,647 INFO c.h.h.t.HelmChartContainer - [K3S] [reconciler_common.go:251] "operationExecutor.VerifyControllerAttachedVolume started for volume \"kube-api-access-5ltjj\" (UniqueName: \"kubernetes.io/projected/42a2b393-3686-4c55-92ab-5c1722af9544-kube-api-access-5ltjj\") pod \"test-hivemq-platform-0\" (UID: \"42a2b393-3686-4c55-92ab-5c1722af9544\") " pod="helmcustomlogbackit/test-hivemq-platform-0"
2025-01-28 23:36:26,647 INFO c.h.h.t.HelmChartContainer - [K3S] [reconciler_common.go:251] "operationExecutor.VerifyControllerAttachedVolume started for volume \"broker-configuration\" (UniqueName: \"kubernetes.io/configmap/42a2b393-3686-4c55-92ab-5c1722af9544-broker-configuration\") pod \"test-hivemq-platform-0\" (UID: \"42a2b393-3686-4c55-92ab-5c1722af9544\") " pod="helmcustomlogbackit/test-hivemq-platform-0"
2025-01-28 23:36:26,647 INFO c.h.h.t.HelmChartContainer - [K3S] [reconciler_common.go:251] "operationExecutor.VerifyControllerAttachedVolume started for volume \"operator-init\" (UniqueName: \"kubernetes.io/empty-dir/42a2b393-3686-4c55-92ab-5c1722af9544-operator-init\") pod \"test-hivemq-platform-0\" (UID: \"42a2b393-3686-4c55-92ab-5c1722af9544\") " pod="helmcustomlogbackit/test-hivemq-platform-0"
2025-01-28 23:36:26,662 INFO c.h.h.t.HelmChartContainer - [hivemq-test-hivemq-platform] [hivemq-platform-operator] [927cb1b1] 23:36:26.661 [ReconcilerExecutor-hivemq-controller-65] DEBUG c.h.p.o.h.HiveMQPlatformReconcilerErrorHandler - [helmcust] Pod 'test-hivemq-platform-0' phase Pending
2025-01-28 23:36:26,663 INFO c.h.h.t.HelmChartContainer - [hivemq-test-hivemq-platform] [hivemq-platform-operator] [927cb1b1] 23:36:26.662 [ReconcilerExecutor-hivemq-controller-65] DEBUG c.h.p.o.h.HiveMQPlatformReconcilerErrorHandler - [helmcust] Pod 'test-hivemq-platform-0' condition 'PodReadyToStartContainers': False
2025-01-28 23:36:26,665 INFO c.h.h.t.HelmChartContainer - [hivemq-test-hivemq-platform] [hivemq-platform-operator] [927cb1b1] 23:36:26.662 [ReconcilerExecutor-hivemq-controller-65] DEBUG c.h.p.o.h.HiveMQPlatformReconcilerErrorHandler - [helmcust] Pod 'test-hivemq-platform-0' condition 'Initialized': False
2025-01-28 23:36:26,665 INFO c.h.h.t.HelmChartContainer - [hivemq-test-hivemq-platform] [hivemq-platform-operator] [927cb1b1] 23:36:26.662 [ReconcilerExecutor-hivemq-controller-65] DEBUG c.h.p.o.h.HiveMQPlatformReconcilerErrorHandler - [helmcust] Pod 'test-hivemq-platform-0' condition 'Ready': False
2025-01-28 23:36:26,665 INFO c.h.h.t.HelmChartContainer - [hivemq-test-hivemq-platform] [hivemq-platform-operator] [927cb1b1] 23:36:26.662 [ReconcilerExecutor-hivemq-controller-65] DEBUG c.h.p.o.h.HiveMQPlatformReconcilerErrorHandler - [helmcust] Pod 'test-hivemq-platform-0' condition 'ContainersReady': False
2025-01-28 23:36:26,665 INFO c.h.h.t.HelmChartContainer - [hivemq-test-hivemq-platform] [hivemq-platform-operator] [927cb1b1] 23:36:26.662 [ReconcilerExecutor-hivemq-controller-65] DEBUG c.h.p.o.h.HiveMQPlatformReconcilerErrorHandler - [helmcust] Pod 'test-hivemq-platform-0' condition 'PodScheduled': True
2025-01-28 23:36:26,665 INFO c.h.h.t.HelmChartContainer - [hivemq-test-hivemq-platform] [hivemq-platform-operator] [927cb1b1] 23:36:26.662 [ReconcilerExecutor-hivemq-controller-65] DEBUG c.h.p.o.h.HiveMQPlatformReconcilerErrorHandler - [helmcust] Pod 'test-hivemq-platform-0' containerStatus 'hivemq' (started: false) (ready: false) (waiting: [PodInitializing] null)
2025-01-28 23:36:26,667 INFO c.h.h.t.HelmChartContainer - [hivemq-test-hivemq-platform] [hivemq-platform-operator] [927cb1b1] 23:36:26.666 [ReconcilerExecutor-hivemq-controller-65] INFO  c.h.p.o.h.HiveMQPlatformReconcilerBaseHandler - [helmcust] HiveMQ Platform is starting, 0 of 1 replicas are ready
2025-01-28 23:36:26,692 INFO c.h.h.t.HelmChartContainer - [hivemq-test-hivemq-platform] [hivemq-platform-operator] [927cb1b1] 23:36:26.688 [pool-6-thread-22] DEBUG c.h.p.o.d.PlatformServiceResource - [helmcust] Desired Platform services (3 services)
2025-01-28 23:36:26,692 INFO c.h.h.t.HelmChartContainer - [hivemq-test-hivemq-platform] [hivemq-platform-operator] [927cb1b1] 23:36:26.690 [pool-6-thread-27] DEBUG c.h.p.o.d.PodServiceAccountResource - [helmcust] Desired PodServiceAccountResource (serviceAccountName: hivemq-platform-pod-test-hivemq-platform)
2025-01-28 23:36:26,693 INFO c.h.h.t.HelmChartContainer - [hivemq-test-hivemq-platform] [hivemq-platform-operator] [927cb1b1] 23:36:26.692 [pool-6-thread-23] DEBUG c.h.p.o.dependants.PodInfoConfigMap - [helmcust] Desired PodInfo ConfigMap (1 extensions) (1 enabled)
2025-01-28 23:36:26,761 INFO c.h.h.t.HelmChartContainer - [hivemq-test-hivemq-platform] [hivemq-platform-operator] [927cb1b1] 23:36:26.693 [pool-6-thread-23] DEBUG c.h.p.o.dependants.PodInfoConfigMap - [helmcust] Desired PodInfo ConfigMap (metrics port: 9399) (metrics path: /)
2025-01-28 23:36:26,761 INFO c.h.h.t.HelmChartContainer - [hivemq-test-hivemq-platform] [hivemq-platform-operator] [927cb1b1] 23:36:26.756 [pool-6-thread-23] DEBUG c.h.p.o.dependants.PodInfoConfigMap - [helmcust] Desired PodInfo ConfigMap (extension state hash: -1817474005)
2025-01-28 23:36:26,787 INFO c.h.h.t.HelmChartContainer - [hivemq-test-hivemq-platform] [hivemq-platform-operator] [927cb1b1] 23:36:26.786 [pool-6-thread-30] DEBUG c.h.p.o.d.StatefulSetResource - [helmcust] Desired StatefulSet (1 replicas) for status STARTING (READY)
2025-01-28 23:36:26,794 INFO c.h.h.t.HelmChartContainer - [hivemq-test-hivemq-platform] [hivemq-platform-operator] [927cb1b1] 23:36:26.792 [ReconcilerExecutor-hivemq-controller-76] INFO  c.h.p.o.HiveMQPlatformReconciler - [helmcust] Reconciling HiveMQ Platform 'test-hivemq-platform' in namespace 'helmcustomlogbackit'
2025-01-28 23:36:26,794 INFO c.h.h.t.HelmChartContainer - [hivemq-test-hivemq-platform] [hivemq-platform-operator] [927cb1b1] 23:36:26.793 [ReconcilerExecutor-hivemq-controller-76] DEBUG c.h.p.o.HiveMQPlatformReconciler - [helmcust] Custom Resource Status STARTING - HiveMQ Platform is starting (READY)
2025-01-28 23:36:26,794 INFO c.h.h.t.HelmChartContainer - [hivemq-test-hivemq-platform] [hivemq-platform-operator] [927cb1b1] 23:36:26.793 [ReconcilerExecutor-hivemq-controller-76] DEBUG c.h.p.o.HiveMQPlatformReconciler - [helmcust] Custom Resource Spec (replicas: 1) (extensions: 1)
2025-01-28 23:36:26,860 INFO c.h.h.t.HelmChartContainer - [hivemq-test-hivemq-platform] [hivemq-platform-operator] [927cb1b1] 23:36:26.858 [ReconcilerExecutor-hivemq-controller-76] DEBUG c.h.p.o.HiveMQPlatformReconciler - [helmcust] StatefulSet Status (revision: test-hivemq-platform-989b74cd6, replicas: 1, available: 0, ready: 0, current: 1, updated: 1)
2025-01-28 23:36:26,860 INFO c.h.h.t.HelmChartContainer - [hivemq-test-hivemq-platform] [hivemq-platform-operator] [927cb1b1] 23:36:26.859 [ReconcilerExecutor-hivemq-controller-76] DEBUG c.h.p.o.HiveMQPlatformReconciler - [helmcust] StatefulSet Spec (replicas: 1, init containers: 1, containers: 1, volumes: 3)
2025-01-28 23:36:26,863 INFO c.h.h.t.HelmChartContainer - [hivemq-test-hivemq-platform] [hivemq-platform-operator] [927cb1b1] 23:36:26.862 [ReconcilerExecutor-hivemq-controller-76] DEBUG c.h.p.o.h.HiveMQPlatformReconcilerErrorHandler - [helmcust] Pod 'test-hivemq-platform-0' phase Pending
2025-01-28 23:36:26,864 INFO c.h.h.t.HelmChartContainer - [hivemq-test-hivemq-platform] [hivemq-platform-operator] [927cb1b1] 23:36:26.863 [ReconcilerExecutor-hivemq-controller-76] DEBUG c.h.p.o.h.HiveMQPlatformReconcilerErrorHandler - [helmcust] Pod 'test-hivemq-platform-0' condition 'PodReadyToStartContainers': False
2025-01-28 23:36:26,865 INFO c.h.h.t.HelmChartContainer - [hivemq-test-hivemq-platform] [hivemq-platform-operator] [927cb1b1] 23:36:26.863 [ReconcilerExecutor-hivemq-controller-76] DEBUG c.h.p.o.h.HiveMQPlatformReconcilerErrorHandler - [helmcust] Pod 'test-hivemq-platform-0' condition 'Initialized': False
2025-01-28 23:36:26,866 INFO c.h.h.t.HelmChartContainer - [hivemq-test-hivemq-platform] [hivemq-platform-operator] [927cb1b1] 23:36:26.863 [ReconcilerExecutor-hivemq-controller-76] DEBUG c.h.p.o.h.HiveMQPlatformReconcilerErrorHandler - [helmcust] Pod 'test-hivemq-platform-0' condition 'Ready': False
2025-01-28 23:36:26,866 INFO c.h.h.t.HelmChartContainer - [hivemq-test-hivemq-platform] [hivemq-platform-operator] [927cb1b1] 23:36:26.863 [ReconcilerExecutor-hivemq-controller-76] DEBUG c.h.p.o.h.HiveMQPlatformReconcilerErrorHandler - [helmcust] Pod 'test-hivemq-platform-0' condition 'ContainersReady': False
2025-01-28 23:36:26,866 INFO c.h.h.t.HelmChartContainer - [hivemq-test-hivemq-platform] [hivemq-platform-operator] [927cb1b1] 23:36:26.863 [ReconcilerExecutor-hivemq-controller-76] DEBUG c.h.p.o.h.HiveMQPlatformReconcilerErrorHandler - [helmcust] Pod 'test-hivemq-platform-0' condition 'PodScheduled': True
2025-01-28 23:36:26,866 INFO c.h.h.t.HelmChartContainer - [hivemq-test-hivemq-platform] [hivemq-platform-operator] [927cb1b1] 23:36:26.863 [ReconcilerExecutor-hivemq-controller-76] DEBUG c.h.p.o.h.HiveMQPlatformReconcilerErrorHandler - [helmcust] Pod 'test-hivemq-platform-0' containerStatus 'hivemq' (started: false) (ready: false) (waiting: [PodInitializing] null)
2025-01-28 23:36:26,867 INFO c.h.h.t.HelmChartContainer - [hivemq-test-hivemq-platform] [hivemq-platform-operator] [927cb1b1] 23:36:26.866 [ReconcilerExecutor-hivemq-controller-76] INFO  c.h.p.o.h.HiveMQPlatformReconcilerBaseHandler - [helmcust] HiveMQ Platform is starting, 0 of 1 replicas are ready
2025-01-28 23:36:26,884 INFO c.h.h.t.HelmChartContainer - [EVENT] Normal [Pulled] Container image "docker.io/hivemq/hivemq-platform-operator-init-test:snapshot" already present on machine [helmcustomlogbackit:test-hivemq-platform-0]
2025-01-28 23:36:27,029 INFO c.h.h.t.HelmChartContainer - [EVENT] Normal [Created] Created container: hivemq-platform-operator-init [helmcustomlogbackit:test-hivemq-platform-0]
2025-01-28 23:36:27,069 INFO c.h.h.t.HelmChartContainer - [EVENT] Normal [Started] Started container hivemq-platform-operator-init [helmcustomlogbackit:test-hivemq-platform-0]
2025-01-28 23:36:27,684 INFO c.h.h.t.HelmChartContainer - [POD] test-hivemq-platform-0 [42a2b393-3686-4c55-92ab-5c1722af9544] in helmcustomlogbackit was MODIFIED
2025-01-28 23:36:27,700 INFO c.h.h.t.HelmChartContainer - [hivemq-test-hivemq-platform] [hivemq-platform-operator] [927cb1b1] 23:36:27.696 [pool-6-thread-33] DEBUG c.h.p.o.dependants.PodInfoConfigMap - [helmcust] Desired PodInfo ConfigMap (1 extensions) (1 enabled)
2025-01-28 23:36:27,700 INFO c.h.h.t.HelmChartContainer - [hivemq-test-hivemq-platform] [hivemq-platform-operator] [927cb1b1] 23:36:27.696 [pool-6-thread-33] DEBUG c.h.p.o.dependants.PodInfoConfigMap - [helmcust] Desired PodInfo ConfigMap (metrics port: 9399) (metrics path: /)
2025-01-28 23:36:27,700 INFO c.h.h.t.HelmChartContainer - [hivemq-test-hivemq-platform] [hivemq-platform-operator] [927cb1b1] 23:36:27.696 [pool-6-thread-33] DEBUG c.h.p.o.dependants.PodInfoConfigMap - [helmcust] Desired PodInfo ConfigMap (extension state hash: -1817474005)
2025-01-28 23:36:27,700 INFO c.h.h.t.HelmChartContainer - [hivemq-test-hivemq-platform] [hivemq-platform-operator] [927cb1b1] 23:36:27.695 [pool-6-thread-32] DEBUG c.h.p.o.d.PlatformServiceResource - [helmcust] Desired Platform services (3 services)
2025-01-28 23:36:27,703 INFO c.h.h.t.HelmChartContainer - [hivemq-test-hivemq-platform] [hivemq-platform-operator] [927cb1b1] 23:36:27.701 [pool-6-thread-37] DEBUG c.h.p.o.d.PodServiceAccountResource - [helmcust] Desired PodServiceAccountResource (serviceAccountName: hivemq-platform-pod-test-hivemq-platform)
2025-01-28 23:36:27,760 INFO c.h.h.t.HelmChartContainer - [hivemq-test-hivemq-platform] [hivemq-platform-operator] [927cb1b1] 23:36:27.759 [pool-6-thread-40] DEBUG c.h.p.o.d.StatefulSetResource - [helmcust] Desired StatefulSet (1 replicas) for status STARTING (READY)
2025-01-28 23:36:27,785 INFO c.h.h.t.HelmChartContainer - [hivemq-test-hivemq-platform] [hivemq-platform-operator] [927cb1b1] 23:36:27.783 [ReconcilerExecutor-hivemq-controller-87] INFO  c.h.p.o.HiveMQPlatformReconciler - [helmcust] Reconciling HiveMQ Platform 'test-hivemq-platform' in namespace 'helmcustomlogbackit'
2025-01-28 23:36:27,786 INFO c.h.h.t.HelmChartContainer - [hivemq-test-hivemq-platform] [hivemq-platform-operator] [927cb1b1] 23:36:27.784 [ReconcilerExecutor-hivemq-controller-87] DEBUG c.h.p.o.HiveMQPlatformReconciler - [helmcust] Custom Resource Status STARTING - HiveMQ Platform is starting (READY)
2025-01-28 23:36:27,786 INFO c.h.h.t.HelmChartContainer - [hivemq-test-hivemq-platform] [hivemq-platform-operator] [927cb1b1] 23:36:27.784 [ReconcilerExecutor-hivemq-controller-87] DEBUG c.h.p.o.HiveMQPlatformReconciler - [helmcust] Custom Resource Spec (replicas: 1) (extensions: 1)
2025-01-28 23:36:27,788 INFO c.h.h.t.HelmChartContainer - [hivemq-test-hivemq-platform] [hivemq-platform-operator] [927cb1b1] 23:36:27.787 [ReconcilerExecutor-hivemq-controller-87] DEBUG c.h.p.o.HiveMQPlatformReconciler - [helmcust] StatefulSet Status (revision: test-hivemq-platform-989b74cd6, replicas: 1, available: 0, ready: 0, current: 1, updated: 1)
2025-01-28 23:36:27,788 INFO c.h.h.t.HelmChartContainer - [hivemq-test-hivemq-platform] [hivemq-platform-operator] [927cb1b1] 23:36:27.787 [ReconcilerExecutor-hivemq-controller-87] DEBUG c.h.p.o.HiveMQPlatformReconciler - [helmcust] StatefulSet Spec (replicas: 1, init containers: 1, containers: 1, volumes: 3)
2025-01-28 23:36:27,793 INFO c.h.h.t.HelmChartContainer - [hivemq-test-hivemq-platform] [hivemq-platform-operator] [927cb1b1] 23:36:27.791 [ReconcilerExecutor-hivemq-controller-87] DEBUG c.h.p.o.h.HiveMQPlatformReconcilerErrorHandler - [helmcust] Pod 'test-hivemq-platform-0' phase Pending
2025-01-28 23:36:27,794 INFO c.h.h.t.HelmChartContainer - [hivemq-test-hivemq-platform] [hivemq-platform-operator] [927cb1b1] 23:36:27.791 [ReconcilerExecutor-hivemq-controller-87] DEBUG c.h.p.o.h.HiveMQPlatformReconcilerErrorHandler - [helmcust] Pod 'test-hivemq-platform-0' condition 'PodReadyToStartContainers': True
2025-01-28 23:36:27,794 INFO c.h.h.t.HelmChartContainer - [hivemq-test-hivemq-platform] [hivemq-platform-operator] [927cb1b1] 23:36:27.791 [ReconcilerExecutor-hivemq-controller-87] DEBUG c.h.p.o.h.HiveMQPlatformReconcilerErrorHandler - [helmcust] Pod 'test-hivemq-platform-0' condition 'Initialized': False
2025-01-28 23:36:27,794 INFO c.h.h.t.HelmChartContainer - [hivemq-test-hivemq-platform] [hivemq-platform-operator] [927cb1b1] 23:36:27.792 [ReconcilerExecutor-hivemq-controller-87] DEBUG c.h.p.o.h.HiveMQPlatformReconcilerErrorHandler - [helmcust] Pod 'test-hivemq-platform-0' condition 'Ready': False
2025-01-28 23:36:27,794 INFO c.h.h.t.HelmChartContainer - [hivemq-test-hivemq-platform] [hivemq-platform-operator] [927cb1b1] 23:36:27.792 [ReconcilerExecutor-hivemq-controller-87] DEBUG c.h.p.o.h.HiveMQPlatformReconcilerErrorHandler - [helmcust] Pod 'test-hivemq-platform-0' condition 'ContainersReady': False
2025-01-28 23:36:27,794 INFO c.h.h.t.HelmChartContainer - [hivemq-test-hivemq-platform] [hivemq-platform-operator] [927cb1b1] 23:36:27.792 [ReconcilerExecutor-hivemq-controller-87] DEBUG c.h.p.o.h.HiveMQPlatformReconcilerErrorHandler - [helmcust] Pod 'test-hivemq-platform-0' condition 'PodScheduled': True
2025-01-28 23:36:27,794 INFO c.h.h.t.HelmChartContainer - [hivemq-test-hivemq-platform] [hivemq-platform-operator] [927cb1b1] 23:36:27.792 [ReconcilerExecutor-hivemq-controller-87] DEBUG c.h.p.o.h.HiveMQPlatformReconcilerErrorHandler - [helmcust] Pod 'test-hivemq-platform-0' containerStatus 'hivemq' (started: false) (ready: false) (waiting: [PodInitializing] null)
2025-01-28 23:36:27,795 INFO c.h.h.t.HelmChartContainer - [hivemq-test-hivemq-platform] [hivemq-platform-operator] [927cb1b1] 23:36:27.794 [ReconcilerExecutor-hivemq-controller-87] INFO  c.h.p.o.h.HiveMQPlatformReconcilerBaseHandler - [helmcust] HiveMQ Platform is starting, 0 of 1 replicas are ready
2025-01-28 23:36:28,676 INFO c.h.h.t.HelmChartContainer - [EVENT] Normal [Pulled] Container image "docker.io/hivemq/hivemq4:4.36.0" already present on machine [helmcustomlogbackit:test-hivemq-platform-0]
2025-01-28 23:36:28,677 INFO c.h.h.t.HelmChartContainer - Received Pulled event for container hivemq in pod test-hivemq-platform-0 [42a2b393-3686-4c55-92ab-5c1722af9544]
2025-01-28 23:36:28,686 INFO c.h.h.t.HelmChartContainer - [POD] test-hivemq-platform-0 [42a2b393-3686-4c55-92ab-5c1722af9544] in helmcustomlogbackit was MODIFIED
2025-01-28 23:36:28,696 INFO c.h.h.t.HelmChartContainer - [hivemq-test-hivemq-platform] [hivemq-platform-operator] [927cb1b1] 23:36:28.695 [pool-6-thread-42] DEBUG c.h.p.o.d.PlatformServiceResource - [helmcust] Desired Platform services (3 services)
2025-01-28 23:36:28,701 INFO c.h.h.t.HelmChartContainer - [hivemq-test-hivemq-platform] [hivemq-platform-operator] [927cb1b1] 23:36:28.698 [pool-6-thread-43] DEBUG c.h.p.o.dependants.PodInfoConfigMap - [helmcust] Desired PodInfo ConfigMap (1 extensions) (1 enabled)
2025-01-28 23:36:28,705 INFO c.h.h.t.HelmChartContainer - [hivemq-test-hivemq-platform] [hivemq-platform-operator] [927cb1b1] 23:36:28.698 [pool-6-thread-43] DEBUG c.h.p.o.dependants.PodInfoConfigMap - [helmcust] Desired PodInfo ConfigMap (metrics port: 9399) (metrics path: /)
2025-01-28 23:36:28,705 INFO c.h.h.t.HelmChartContainer - [hivemq-test-hivemq-platform] [hivemq-platform-operator] [927cb1b1] 23:36:28.698 [pool-6-thread-43] DEBUG c.h.p.o.dependants.PodInfoConfigMap - [helmcust] Desired PodInfo ConfigMap (extension state hash: -1817474005)
2025-01-28 23:36:28,705 INFO c.h.h.t.HelmChartContainer - [hivemq-test-hivemq-platform] [hivemq-platform-operator] [927cb1b1] 23:36:28.700 [pool-6-thread-47] DEBUG c.h.p.o.d.PodServiceAccountResource - [helmcust] Desired PodServiceAccountResource (serviceAccountName: hivemq-platform-pod-test-hivemq-platform)
2025-01-28 23:36:28,709 INFO c.h.h.t.HelmChartContainer - [hivemq-test-hivemq-platform] [hivemq-platform-operator] [927cb1b1] 23:36:28.708 [pool-6-thread-50] DEBUG c.h.p.o.d.StatefulSetResource - [helmcust] Desired StatefulSet (1 replicas) for status STARTING (READY)
2025-01-28 23:36:28,796 INFO c.h.h.t.HelmChartContainer - [hivemq-test-hivemq-platform] [hivemq-platform-operator] [927cb1b1] 23:36:28.795 [ReconcilerExecutor-hivemq-controller-98] INFO  c.h.p.o.HiveMQPlatformReconciler - [helmcust] Reconciling HiveMQ Platform 'test-hivemq-platform' in namespace 'helmcustomlogbackit'
2025-01-28 23:36:28,796 INFO c.h.h.t.HelmChartContainer - [hivemq-test-hivemq-platform] [hivemq-platform-operator] [927cb1b1] 23:36:28.795 [ReconcilerExecutor-hivemq-controller-98] DEBUG c.h.p.o.HiveMQPlatformReconciler - [helmcust] Custom Resource Status STARTING - HiveMQ Platform is starting (READY)
2025-01-28 23:36:28,796 INFO c.h.h.t.HelmChartContainer - [hivemq-test-hivemq-platform] [hivemq-platform-operator] [927cb1b1] 23:36:28.795 [ReconcilerExecutor-hivemq-controller-98] DEBUG c.h.p.o.HiveMQPlatformReconciler - [helmcust] Custom Resource Spec (replicas: 1) (extensions: 1)
2025-01-28 23:36:28,801 INFO c.h.h.t.HelmChartContainer - [hivemq-test-hivemq-platform] [hivemq-platform-operator] [927cb1b1] 23:36:28.798 [ReconcilerExecutor-hivemq-controller-98] DEBUG c.h.p.o.HiveMQPlatformReconciler - [helmcust] StatefulSet Status (revision: test-hivemq-platform-989b74cd6, replicas: 1, available: 0, ready: 0, current: 1, updated: 1)
2025-01-28 23:36:28,804 INFO c.h.h.t.HelmChartContainer - [hivemq-test-hivemq-platform] [hivemq-platform-operator] [927cb1b1] 23:36:28.798 [ReconcilerExecutor-hivemq-controller-98] DEBUG c.h.p.o.HiveMQPlatformReconciler - [helmcust] StatefulSet Spec (replicas: 1, init containers: 1, containers: 1, volumes: 3)
2025-01-28 23:36:28,805 INFO c.h.h.t.HelmChartContainer - [hivemq-test-hivemq-platform] [hivemq-platform-operator] [927cb1b1] 23:36:28.801 [ReconcilerExecutor-hivemq-controller-98] DEBUG c.h.p.o.h.HiveMQPlatformReconcilerErrorHandler - [helmcust] Pod 'test-hivemq-platform-0' phase Pending
2025-01-28 23:36:28,805 INFO c.h.h.t.HelmChartContainer - [hivemq-test-hivemq-platform] [hivemq-platform-operator] [927cb1b1] 23:36:28.801 [ReconcilerExecutor-hivemq-controller-98] DEBUG c.h.p.o.h.HiveMQPlatformReconcilerErrorHandler - [helmcust] Pod 'test-hivemq-platform-0' condition 'PodReadyToStartContainers': True
2025-01-28 23:36:28,805 INFO c.h.h.t.HelmChartContainer - [hivemq-test-hivemq-platform] [hivemq-platform-operator] [927cb1b1] 23:36:28.801 [ReconcilerExecutor-hivemq-controller-98] DEBUG c.h.p.o.h.HiveMQPlatformReconcilerErrorHandler - [helmcust] Pod 'test-hivemq-platform-0' condition 'Initialized': True
2025-01-28 23:36:28,805 INFO c.h.h.t.HelmChartContainer - [hivemq-test-hivemq-platform] [hivemq-platform-operator] [927cb1b1] 23:36:28.801 [ReconcilerExecutor-hivemq-controller-98] DEBUG c.h.p.o.h.HiveMQPlatformReconcilerErrorHandler - [helmcust] Pod 'test-hivemq-platform-0' condition 'Ready': False
2025-01-28 23:36:28,805 INFO c.h.h.t.HelmChartContainer - [hivemq-test-hivemq-platform] [hivemq-platform-operator] [927cb1b1] 23:36:28.802 [ReconcilerExecutor-hivemq-controller-98] DEBUG c.h.p.o.h.HiveMQPlatformReconcilerErrorHandler - [helmcust] Pod 'test-hivemq-platform-0' condition 'ContainersReady': False
2025-01-28 23:36:28,805 INFO c.h.h.t.HelmChartContainer - [hivemq-test-hivemq-platform] [hivemq-platform-operator] [927cb1b1] 23:36:28.802 [ReconcilerExecutor-hivemq-controller-98] DEBUG c.h.p.o.h.HiveMQPlatformReconcilerErrorHandler - [helmcust] Pod 'test-hivemq-platform-0' condition 'PodScheduled': True
2025-01-28 23:36:28,805 INFO c.h.h.t.HelmChartContainer - [hivemq-test-hivemq-platform] [hivemq-platform-operator] [927cb1b1] 23:36:28.802 [ReconcilerExecutor-hivemq-controller-98] DEBUG c.h.p.o.h.HiveMQPlatformReconcilerErrorHandler - [helmcust] Pod 'test-hivemq-platform-0' containerStatus 'hivemq' (started: false) (ready: false) (waiting: [PodInitializing] null)
2025-01-28 23:36:28,806 INFO c.h.h.t.HelmChartContainer - [hivemq-test-hivemq-platform] [hivemq-platform-operator] [927cb1b1] 23:36:28.803 [ReconcilerExecutor-hivemq-controller-98] INFO  c.h.p.o.h.HiveMQPlatformReconcilerBaseHandler - [helmcust] HiveMQ Platform is starting, 0 of 1 replicas are ready
2025-01-28 23:36:30,528 INFO c.h.h.t.HelmChartContainer - [EVENT] Normal [Created] Created container: hivemq [helmcustomlogbackit:test-hivemq-platform-0]
2025-01-28 23:36:30,528 INFO c.h.h.t.HelmChartContainer - Received Created event for container hivemq in pod test-hivemq-platform-0 [42a2b393-3686-4c55-92ab-5c1722af9544]
2025-01-28 23:36:30,694 INFO c.h.h.t.HelmChartContainer - [POD] test-hivemq-platform-0 [42a2b393-3686-4c55-92ab-5c1722af9544] in helmcustomlogbackit was MODIFIED
2025-01-28 23:36:30,701 INFO c.h.h.t.HelmChartContainer - [hivemq-test-hivemq-platform] [hivemq-platform-operator] [927cb1b1] 23:36:30.697 [pool-6-thread-5] DEBUG c.h.p.o.d.PlatformServiceResource - [helmcust] Desired Platform services (3 services)
2025-01-28 23:36:30,708 INFO c.h.h.t.HelmChartContainer - [hivemq-test-hivemq-platform] [hivemq-platform-operator] [927cb1b1] 23:36:30.705 [pool-6-thread-6] DEBUG c.h.p.o.dependants.PodInfoConfigMap - [helmcust] Desired PodInfo ConfigMap (1 extensions) (1 enabled)
2025-01-28 23:36:30,709 INFO c.h.h.t.HelmChartContainer - Started log watcher for hivemq in pod test-hivemq-platform-0 [42a2b393-3686-4c55-92ab-5c1722af9544]
2025-01-28 23:36:30,709 INFO c.h.h.t.HelmChartContainer - [hivemq-test-hivemq-platform] [hivemq-platform-operator] [927cb1b1] 23:36:30.705 [pool-6-thread-6] DEBUG c.h.p.o.dependants.PodInfoConfigMap - [helmcust] Desired PodInfo ConfigMap (metrics port: 9399) (metrics path: /)
2025-01-28 23:36:30,709 INFO c.h.h.t.HelmChartContainer - [hivemq-test-hivemq-platform] [hivemq-platform-operator] [927cb1b1] 23:36:30.705 [pool-6-thread-6] DEBUG c.h.p.o.dependants.PodInfoConfigMap - [helmcust] Desired PodInfo ConfigMap (extension state hash: -1817474005)
2025-01-28 23:36:30,709 INFO c.h.h.t.HelmChartContainer - [EVENT] Normal [Started] Started container hivemq [helmcustomlogbackit:test-hivemq-platform-0]
2025-01-28 23:36:30,710 INFO c.h.h.t.HelmChartContainer - Received Started event for container hivemq in pod test-hivemq-platform-0 [42a2b393-3686-4c55-92ab-5c1722af9544]
2025-01-28 23:36:30,710 INFO c.h.h.t.HelmChartContainer - [test-hivemq-platform] [hivemq] [42a2b393] Adding pre-installed HiveMQ Platform Operator extensions
2025-01-28 23:36:30,710 INFO c.h.h.t.HelmChartContainer - [test-hivemq-platform] [hivemq] [42a2b393] Running as user 10000
2025-01-28 23:36:30,710 INFO c.h.h.t.HelmChartContainer - [test-hivemq-platform] [hivemq] [42a2b393] Starting HiveMQ Platform Operator Init
2025-01-28 23:36:30,710 INFO c.h.h.t.HelmChartContainer - [hivemq-test-hivemq-platform] [hivemq-platform-operator] [927cb1b1] 23:36:30.708 [pool-6-thread-4] DEBUG c.h.p.o.d.PodServiceAccountResource - [helmcust] Desired PodServiceAccountResource (serviceAccountName: hivemq-platform-pod-test-hivemq-platform)
2025-01-28 23:36:30,715 INFO c.h.h.t.HelmChartContainer - [hivemq-test-hivemq-platform] [hivemq-platform-operator] [927cb1b1] 23:36:30.714 [pool-6-thread-5] DEBUG c.h.p.o.d.StatefulSetResource - [helmcust] Desired StatefulSet (1 replicas) for status STARTING (READY)
2025-01-28 23:36:30,790 INFO c.h.h.t.HelmChartContainer - [hivemq-test-hivemq-platform] [hivemq-platform-operator] [927cb1b1] 23:36:30.787 [ReconcilerExecutor-hivemq-controller-109] INFO  c.h.p.o.HiveMQPlatformReconciler - [helmcust] Reconciling HiveMQ Platform 'test-hivemq-platform' in namespace 'helmcustomlogbackit'
2025-01-28 23:36:30,790 INFO c.h.h.t.HelmChartContainer - [hivemq-test-hivemq-platform] [hivemq-platform-operator] [927cb1b1] 23:36:30.788 [ReconcilerExecutor-hivemq-controller-109] DEBUG c.h.p.o.HiveMQPlatformReconciler - [helmcust] Custom Resource Status STARTING - HiveMQ Platform is starting (READY)
2025-01-28 23:36:30,790 INFO c.h.h.t.HelmChartContainer - [hivemq-test-hivemq-platform] [hivemq-platform-operator] [927cb1b1] 23:36:30.788 [ReconcilerExecutor-hivemq-controller-109] DEBUG c.h.p.o.HiveMQPlatformReconciler - [helmcust] Custom Resource Spec (replicas: 1) (extensions: 1)
2025-01-28 23:36:30,792 INFO c.h.h.t.HelmChartContainer - [hivemq-test-hivemq-platform] [hivemq-platform-operator] [927cb1b1] 23:36:30.790 [ReconcilerExecutor-hivemq-controller-109] DEBUG c.h.p.o.HiveMQPlatformReconciler - [helmcust] StatefulSet Status (revision: test-hivemq-platform-989b74cd6, replicas: 1, available: 0, ready: 0, current: 1, updated: 1)
2025-01-28 23:36:30,792 INFO c.h.h.t.HelmChartContainer - [hivemq-test-hivemq-platform] [hivemq-platform-operator] [927cb1b1] 23:36:30.791 [ReconcilerExecutor-hivemq-controller-109] DEBUG c.h.p.o.HiveMQPlatformReconciler - [helmcust] StatefulSet Spec (replicas: 1, init containers: 1, containers: 1, volumes: 3)
2025-01-28 23:36:30,794 INFO c.h.h.t.HelmChartContainer - [hivemq-test-hivemq-platform] [hivemq-platform-operator] [927cb1b1] 23:36:30.793 [ReconcilerExecutor-hivemq-controller-109] DEBUG c.h.p.o.h.HiveMQPlatformReconcilerErrorHandler - [helmcust] Pod 'test-hivemq-platform-0' phase Running
2025-01-28 23:36:30,795 INFO c.h.h.t.HelmChartContainer - [hivemq-test-hivemq-platform] [hivemq-platform-operator] [927cb1b1] 23:36:30.794 [ReconcilerExecutor-hivemq-controller-109] INFO  c.h.p.o.h.HiveMQPlatformReconcilerBaseHandler - [helmcust] HiveMQ Platform is starting, 0 of 1 replicas are ready
2025-01-28 23:36:31,717 INFO c.h.h.t.HelmChartContainer - [test-hivemq-platform] [hivemq] [42a2b393] INFO  - [HiveMQ Platform Operator Init 1.7.0-SNAPSHOT] HiveMQ Platform Operator Init 1.7.0-SNAPSHOT (commit: bebf408 on branch: HEAD) built on Sun Jan 26 20:47:47 UTC 2025
2025-01-28 23:36:33,032 INFO c.h.h.t.HelmChartContainer - [test-hivemq-platform] [hivemq] [42a2b393] INFO  - [HiveMQ Platform Operator Init App 1.7.0-SNAPSHOT] Using bind address 10.42.0.9 from environment variable
2025-01-28 23:36:34,006 INFO c.h.h.t.HelmChartContainer - [test-hivemq-platform] [hivemq] [42a2b393] INFO  - [HiveMQ Platform Operator Init App 1.7.0-SNAPSHOT] HiveMQ Platform Operator Init App 1.7.0-SNAPSHOT (commit: bebf408 on branch: HEAD) built on Sun Jan 26 20:47:47 UTC 2025
2025-01-28 23:36:34,006 INFO c.h.h.t.HelmChartContainer - [test-hivemq-platform] [hivemq] [42a2b393] INFO  - [HiveMQ Platform Operator Init App 1.7.0-SNAPSHOT] PodInfo ConfigMap directory: /etc/podinfo
2025-01-28 23:36:34,006 INFO c.h.h.t.HelmChartContainer - [test-hivemq-platform] [hivemq] [42a2b393] INFO  - [HiveMQ Platform Operator Init App 1.7.0-SNAPSHOT] HiveMQ home directory: /opt/hivemq
2025-01-28 23:36:34,006 INFO c.h.h.t.HelmChartContainer - [test-hivemq-platform] [hivemq] [42a2b393] INFO  - [HiveMQ Platform Operator Init App 1.7.0-SNAPSHOT] HiveMQ Logback folder: /opt/hivemq/conf
2025-01-28 23:36:34,006 INFO c.h.h.t.HelmChartContainer - [test-hivemq-platform] [hivemq] [42a2b393] INFO  - [HiveMQ Platform Operator Init App 1.7.0-SNAPSHOT] HiveMQ Config folder: /opt/hivemq/conf-k8s
2025-01-28 23:36:34,006 INFO c.h.h.t.HelmChartContainer - [test-hivemq-platform] [hivemq] [42a2b393] INFO  - [HiveMQ Platform Operator Init App 1.7.0-SNAPSHOT] Starting HiveMQ Platform Operator Init App
2025-01-28 23:36:34,006 INFO c.h.h.t.HelmChartContainer - [test-hivemq-platform] [hivemq] [42a2b393] INFO  - [HiveMQ Platform Operator Init App 1.7.0-SNAPSHOT] Starting Pod reconciler
2025-01-28 23:36:35,228 INFO c.h.h.t.HelmChartContainer - [test-hivemq-platform] [hivemq] [42a2b393] INFO  - [HiveMQ Platform Operator Init App 1.7.0-SNAPSHOT] Pod reconciler is scheduled (interval: 5000 ms)
2025-01-28 23:36:35,232 INFO c.h.h.t.HelmChartContainer - [test-hivemq-platform] [hivemq] [42a2b393] INFO  - HiveMQ Platform Operator Init App 1.7.0-SNAPSHOT Save backup of original logback.xml file
2025-01-28 23:36:35,233 INFO c.h.h.t.HelmChartContainer - [test-hivemq-platform] [hivemq] [42a2b393] INFO  - HiveMQ Platform Operator Init App 1.7.0-SNAPSHOT Applying custom logback.xml file
2025-01-28 23:36:35,322 INFO c.h.h.t.HelmChartContainer - [test-hivemq-platform] [hivemq] [42a2b393] INFO  - [HiveMQ Platform Operator Init App 1.7.0-SNAPSHOT] Activated automatic reloading of logback.xml file
2025-01-28 23:36:35,322 INFO c.h.h.t.HelmChartContainer - [test-hivemq-platform] [hivemq] [42a2b393] INFO  - [HiveMQ Platform Operator Init App 1.7.0-SNAPSHOT] Changed logback.xml file scan period to 20 seconds
2025-01-28 23:36:35,719 INFO c.h.h.t.HelmChartContainer - [test-hivemq-platform] [hivemq] [42a2b393] INFO  - [HiveMQ Platform Operator Init App 1.7.0-SNAPSHOT] Starting the REST API on 10.42.0.9:7979
2025-01-28 23:36:35,721 INFO c.h.h.t.HelmChartContainer - [test-hivemq-platform] [hivemq] [42a2b393] INFO  - [HiveMQ Platform Operator Init App 1.7.0-SNAPSHOT] Waiting up to 600s for at most 1 HiveMQ nodes in cluster service hivemq-test-hivemq-platform-cluster.helmcustomlogbackit.svc
2025-01-28 23:36:36,123 INFO c.h.h.t.HelmChartContainer - [test-hivemq-platform] [hivemq] [42a2b393] INFO  - [HiveMQ Platform Operator Init App 1.7.0-SNAPSHOT] Resolved 1 IP addresses: [10.42.0.9]
2025-01-28 23:36:36,123 INFO c.h.h.t.HelmChartContainer - [test-hivemq-platform] [hivemq] [42a2b393] INFO  - [HiveMQ Platform Operator Init App 1.7.0-SNAPSHOT] HiveMQ node count of 1 is within threshold of 1
2025-01-28 23:36:36,123 INFO c.h.h.t.HelmChartContainer - [test-hivemq-platform] [hivemq] [42a2b393] INFO  - [HiveMQ Platform Operator Init App 1.7.0-SNAPSHOT] Proceeding with container start
2025-01-28 23:36:36,220 INFO c.h.h.t.HelmChartContainer - [test-hivemq-platform] [hivemq] [42a2b393] INFO  - [HiveMQ Platform Operator Init App 1.7.0-SNAPSHOT] Initializing HiveMQ Platform extensions with initial configuration: {hivemq-allow-all-extension={start-priority=-1, skip-https-hostname-verification=false, restart=true, config-version=0, header-version=0, c-uri=, priority=-1, uri=preinstalled, skip-https-certificate-validation=false, enabled=true}, hivemq-prometheus-extension={enabled=true, restart=true, priority=-1, start-priority=-1, c-uri=, skip-https-hostname-verification=false, skip-https-certificate-validation=false, uri=preinstalled, request-header-path=no-request-headers}}
2025-01-28 23:36:36,308 INFO c.h.h.t.HelmChartContainer - [test-hivemq-platform] [hivemq] [42a2b393] INFO  - [HiveMQ Platform Operator Init App 1.7.0-SNAPSHOT] Extension hivemq-allow-all-extension was already enabled
2025-01-28 23:36:36,318 INFO c.h.h.t.HelmChartContainer - [test-hivemq-platform] [hivemq] [42a2b393] INFO  - [HiveMQ Platform Operator Init App 1.7.0-SNAPSHOT] Successfully enabled extension hivemq-prometheus-extension
2025-01-28 23:36:36,319 INFO c.h.h.t.HelmChartContainer - [test-hivemq-platform] [hivemq] [42a2b393] INFO  - [HiveMQ Platform Operator Init App 1.7.0-SNAPSHOT] Starting HiveMQ Platform version 4.36.0 (4.36.0)
2025-01-28 23:36:36,401 INFO c.h.h.t.HelmChartContainer - [test-hivemq-platform] [hivemq] [42a2b393] INFO  - [HiveMQ Platform Operator Init App 1.7.0-SNAPSHOT] Configuring the HiveMQ Platform
2025-01-28 23:36:36,429 INFO c.h.h.t.HelmChartContainer - [test-hivemq-platform] [hivemq] [42a2b393] INFO  - [HiveMQ Platform Operator Init App 1.7.0-SNAPSHOT] Starting the HiveMQ Platform
2025-01-28 23:36:36,503 INFO c.h.h.t.HelmChartContainer - [test-hivemq-platform] [hivemq] [42a2b393] -------------------------------------------------------------------------
2025-01-28 23:36:36,505 INFO c.h.h.t.HelmChartContainer - [test-hivemq-platform] [hivemq] [42a2b393] 
2025-01-28 23:36:36,505 INFO c.h.h.t.HelmChartContainer - [test-hivemq-platform] [hivemq] [42a2b393]                   _    _  _              __  __   ____
2025-01-28 23:36:36,505 INFO c.h.h.t.HelmChartContainer - [test-hivemq-platform] [hivemq] [42a2b393]                  | |  | |(_)            |  \/  | / __ \
2025-01-28 23:36:36,505 INFO c.h.h.t.HelmChartContainer - [test-hivemq-platform] [hivemq] [42a2b393]                  | |__| | _ __   __ ___ | \  / || |  | |
2025-01-28 23:36:36,505 INFO c.h.h.t.HelmChartContainer - [test-hivemq-platform] [hivemq] [42a2b393]                  |  __  || |\ \ / // _ \| |\/| || |  | |
2025-01-28 23:36:36,505 INFO c.h.h.t.HelmChartContainer - [test-hivemq-platform] [hivemq] [42a2b393]                  | |  | || | \ V /|  __/| |  | || |__| |
2025-01-28 23:36:36,505 INFO c.h.h.t.HelmChartContainer - [test-hivemq-platform] [hivemq] [42a2b393]                  |_|  |_||_|  \_/  \___||_|  |_| \___\_\
2025-01-28 23:36:36,505 INFO c.h.h.t.HelmChartContainer - [test-hivemq-platform] [hivemq] [42a2b393] 
2025-01-28 23:36:36,505 INFO c.h.h.t.HelmChartContainer - [test-hivemq-platform] [hivemq] [42a2b393] -------------------------------------------------------------------------
2025-01-28 23:36:36,505 INFO c.h.h.t.HelmChartContainer - [test-hivemq-platform] [hivemq] [42a2b393] 
2025-01-28 23:36:36,505 INFO c.h.h.t.HelmChartContainer - [test-hivemq-platform] [hivemq] [42a2b393]   HiveMQ Start Script for Linux/Unix v1.14
2025-01-28 23:36:36,505 INFO c.h.h.t.HelmChartContainer - [test-hivemq-platform] [hivemq] [42a2b393] 
2025-01-28 23:36:36,533 INFO c.h.h.t.HelmChartContainer - [test-hivemq-platform] [hivemq] [42a2b393] -------------------------------------------------------------------------
2025-01-28 23:36:36,533 INFO c.h.h.t.HelmChartContainer - [test-hivemq-platform] [hivemq] [42a2b393] 
2025-01-28 23:36:36,533 INFO c.h.h.t.HelmChartContainer - [test-hivemq-platform] [hivemq] [42a2b393]   HIVEMQ_HOME: /opt/hivemq
2025-01-28 23:36:36,533 INFO c.h.h.t.HelmChartContainer - [test-hivemq-platform] [hivemq] [42a2b393] 
2025-01-28 23:36:36,533 INFO c.h.h.t.HelmChartContainer - [test-hivemq-platform] [hivemq] [42a2b393]   JAVA_OPTS: -XX:+UnlockExperimentalVMOptions -XX:InitialRAMPercentage=50 -XX:MaxRAMPercentage=50 -Djava.net.preferIPv4Stack=true --add-opens java.base/java.lang=ALL-UNNAMED --add-opens java.base/java.nio=ALL-UNNAMED --add-opens java.base/sun.nio.ch=ALL-UNNAMED --add-opens jdk.management/com.sun.management.internal=ALL-UNNAMED --add-exports java.base/jdk.internal.misc=ALL-UNNAMED -Djava.security.egd=file:/dev/./urandom -Dcom.sun.management.jmxremote -Dcom.sun.management.jmxremote.port=9010 -Dcom.sun.management.jmxremote.local.only=false -Dcom.sun.management.jmxremote.authenticate=false -Dcom.sun.management.jmxremote.ssl=false -Duser.language=en -Duser.region=US -XX:+CrashOnOutOfMemoryError -XX:+HeapDumpOnOutOfMemoryError
2025-01-28 23:36:36,533 INFO c.h.h.t.HelmChartContainer - [test-hivemq-platform] [hivemq] [42a2b393] 
2025-01-28 23:36:36,533 INFO c.h.h.t.HelmChartContainer - [test-hivemq-platform] [hivemq] [42a2b393]   JAVA_VERSION: 21
2025-01-28 23:36:36,533 INFO c.h.h.t.HelmChartContainer - [test-hivemq-platform] [hivemq] [42a2b393] 
2025-01-28 23:36:36,533 INFO c.h.h.t.HelmChartContainer - [test-hivemq-platform] [hivemq] [42a2b393] -------------------------------------------------------------------------
2025-01-28 23:36:36,533 INFO c.h.h.t.HelmChartContainer - [test-hivemq-platform] [hivemq] [42a2b393] 
2025-01-28 23:36:36,708 INFO c.h.h.t.HelmChartContainer - [test-hivemq-platform] [hivemq] [42a2b393] INFO  - [HiveMQ Platform Operator Init App 1.7.0-SNAPSHOT] Returning default Health API response 503 for readiness
2025-01-28 23:36:37,109 INFO c.h.h.t.HelmChartContainer - [EVENT] Warning [Unhealthy] Readiness probe failed: HTTP probe failed with statuscode: 503 [helmcustomlogbackit:test-hivemq-platform-0]
2025-01-28 23:36:37,109 INFO c.h.h.t.HelmChartContainer - Received Unhealthy event for container hivemq in pod test-hivemq-platform-0 [42a2b393-3686-4c55-92ab-5c1722af9544]
2025-01-28 23:36:39,218 INFO c.h.h.t.HelmChartContainer - [test-hivemq-platform] [hivemq] [42a2b393] INFO  - Starting HiveMQ Enterprise Server
2025-01-28 23:36:39,306 INFO c.h.h.t.HelmChartContainer - [test-hivemq-platform] [hivemq] [42a2b393] INFO  - HiveMQ version: 4.36.0
2025-01-28 23:36:39,307 INFO c.h.h.t.HelmChartContainer - [test-hivemq-platform] [hivemq] [42a2b393] INFO  - HiveMQ home directory: /opt/hivemq
2025-01-28 23:36:39,307 INFO c.h.h.t.HelmChartContainer - [test-hivemq-platform] [hivemq] [42a2b393] INFO  - Log Configuration was overridden by /opt/hivemq/conf/logback.xml
2025-01-28 23:36:40,801 INFO c.h.h.t.HelmChartContainer - [hivemq-test-hivemq-platform] [hivemq-platform-operator] [927cb1b1] 23:36:40.798 [pool-6-thread-14] DEBUG c.h.p.o.d.PlatformServiceResource - [helmcust] Desired Platform services (3 services)
2025-01-28 23:36:40,804 INFO c.h.h.t.HelmChartContainer - [hivemq-test-hivemq-platform] [hivemq-platform-operator] [927cb1b1] 23:36:40.803 [pool-6-thread-11] DEBUG c.h.p.o.dependants.PodInfoConfigMap - [helmcust] Desired PodInfo ConfigMap (1 extensions) (1 enabled)
2025-01-28 23:36:40,804 INFO c.h.h.t.HelmChartContainer - [hivemq-test-hivemq-platform] [hivemq-platform-operator] [927cb1b1] 23:36:40.803 [pool-6-thread-11] DEBUG c.h.p.o.dependants.PodInfoConfigMap - [helmcust] Desired PodInfo ConfigMap (metrics port: 9399) (metrics path: /)
2025-01-28 23:36:40,804 INFO c.h.h.t.HelmChartContainer - [hivemq-test-hivemq-platform] [hivemq-platform-operator] [927cb1b1] 23:36:40.803 [pool-6-thread-11] DEBUG c.h.p.o.dependants.PodInfoConfigMap - [helmcust] Desired PodInfo ConfigMap (extension state hash: -1817474005)
2025-01-28 23:36:40,805 INFO c.h.h.t.HelmChartContainer - [hivemq-test-hivemq-platform] [hivemq-platform-operator] [927cb1b1] 23:36:40.804 [pool-6-thread-17] DEBUG c.h.p.o.d.PodServiceAccountResource - [helmcust] Desired PodServiceAccountResource (serviceAccountName: hivemq-platform-pod-test-hivemq-platform)
2025-01-28 23:36:40,812 INFO c.h.h.t.HelmChartContainer - [hivemq-test-hivemq-platform] [hivemq-platform-operator] [927cb1b1] 23:36:40.810 [pool-6-thread-19] DEBUG c.h.p.o.d.StatefulSetResource - [helmcust] Desired StatefulSet (1 replicas) for status STARTING (READY)
2025-01-28 23:36:40,821 INFO c.h.h.t.HelmChartContainer - [test-hivemq-platform] [hivemq] [42a2b393] DEBUG - Adding TCP Listener on bind address 0.0.0.0 and port 1883. Name: tcp-listener-1883. Proxy Protocol supported: false
2025-01-28 23:36:40,821 INFO c.h.h.t.HelmChartContainer - [hivemq-test-hivemq-platform] [hivemq-platform-operator] [927cb1b1] 23:36:40.820 [ReconcilerExecutor-hivemq-controller-110] INFO  c.h.p.o.HiveMQPlatformReconciler - [helmcust] Reconciling HiveMQ Platform 'test-hivemq-platform' in namespace 'helmcustomlogbackit'
2025-01-28 23:36:40,822 INFO c.h.h.t.HelmChartContainer - [hivemq-test-hivemq-platform] [hivemq-platform-operator] [927cb1b1] 23:36:40.820 [ReconcilerExecutor-hivemq-controller-110] DEBUG c.h.p.o.HiveMQPlatformReconciler - [helmcust] Custom Resource Status STARTING - HiveMQ Platform is starting (READY)
2025-01-28 23:36:40,822 INFO c.h.h.t.HelmChartContainer - [hivemq-test-hivemq-platform] [hivemq-platform-operator] [927cb1b1] 23:36:40.820 [ReconcilerExecutor-hivemq-controller-110] DEBUG c.h.p.o.HiveMQPlatformReconciler - [helmcust] Custom Resource Spec (replicas: 1) (extensions: 1)
2025-01-28 23:36:40,823 INFO c.h.h.t.HelmChartContainer - [test-hivemq-platform] [hivemq] [42a2b393] DEBUG - Setting retained messages enabled to true
2025-01-28 23:36:40,824 INFO c.h.h.t.HelmChartContainer - [test-hivemq-platform] [hivemq] [42a2b393] DEBUG - Setting wildcard subscriptions enabled to true
2025-01-28 23:36:40,825 INFO c.h.h.t.HelmChartContainer - [test-hivemq-platform] [hivemq] [42a2b393] DEBUG - Setting subscription identifier enabled to true
2025-01-28 23:36:40,825 INFO c.h.h.t.HelmChartContainer - [test-hivemq-platform] [hivemq] [42a2b393] DEBUG - Setting shared subscriptions enabled to true
2025-01-28 23:36:40,825 INFO c.h.h.t.HelmChartContainer - [test-hivemq-platform] [hivemq] [42a2b393] DEBUG - Setting maximum qos to EXACTLY_ONCE 
2025-01-28 23:36:40,825 INFO c.h.h.t.HelmChartContainer - [test-hivemq-platform] [hivemq] [42a2b393] DEBUG - Setting topic alias enabled to true
2025-01-28 23:36:40,825 INFO c.h.h.t.HelmChartContainer - [test-hivemq-platform] [hivemq] [42a2b393] DEBUG - Setting topic alias maximum per client to 5
2025-01-28 23:36:40,825 INFO c.h.h.t.HelmChartContainer - [test-hivemq-platform] [hivemq] [42a2b393] DEBUG - Setting the number of max queued messages  per client to 1000 entries
2025-01-28 23:36:40,887 INFO c.h.h.t.HelmChartContainer - [hivemq-test-hivemq-platform] [hivemq-platform-operator] [927cb1b1] 23:36:40.885 [ReconcilerExecutor-hivemq-controller-110] DEBUG c.h.p.o.HiveMQPlatformReconciler - [helmcust] StatefulSet Status (revision: test-hivemq-platform-989b74cd6, replicas: 1, available: 0, ready: 0, current: 1, updated: 1)
2025-01-28 23:36:40,888 INFO c.h.h.t.HelmChartContainer - [hivemq-test-hivemq-platform] [hivemq-platform-operator] [927cb1b1] 23:36:40.885 [ReconcilerExecutor-hivemq-controller-110] DEBUG c.h.p.o.HiveMQPlatformReconciler - [helmcust] StatefulSet Spec (replicas: 1, init containers: 1, containers: 1, volumes: 3)
2025-01-28 23:36:40,889 INFO c.h.h.t.HelmChartContainer - [hivemq-test-hivemq-platform] [hivemq-platform-operator] [927cb1b1] 23:36:40.887 [ReconcilerExecutor-hivemq-controller-110] DEBUG c.h.p.o.h.HiveMQPlatformReconcilerErrorHandler - [helmcust] Pod 'test-hivemq-platform-0' phase Running
2025-01-28 23:36:40,889 INFO c.h.h.t.HelmChartContainer - [hivemq-test-hivemq-platform] [hivemq-platform-operator] [927cb1b1] 23:36:40.888 [ReconcilerExecutor-hivemq-controller-110] INFO  c.h.p.o.h.HiveMQPlatformReconcilerBaseHandler - [helmcust] HiveMQ Platform is starting, 0 of 1 replicas are ready
2025-01-28 23:36:40,905 INFO c.h.h.t.HelmChartContainer - [test-hivemq-platform] [hivemq] [42a2b393] DEBUG - Setting queued messages strategy for each client to DISCARD
2025-01-28 23:36:40,905 INFO c.h.h.t.HelmChartContainer - [test-hivemq-platform] [hivemq] [42a2b393] DEBUG - Setting the expiry interval for client sessions to 4294967295 seconds
2025-01-28 23:36:40,905 INFO c.h.h.t.HelmChartContainer - [test-hivemq-platform] [hivemq] [42a2b393] DEBUG - Setting the expiry interval for publish messages to 4294967296 seconds
2025-01-28 23:36:40,905 INFO c.h.h.t.HelmChartContainer - [test-hivemq-platform] [hivemq] [42a2b393] DEBUG - Setting the server receive maximum to 10
2025-01-28 23:36:40,905 INFO c.h.h.t.HelmChartContainer - [test-hivemq-platform] [hivemq] [42a2b393] DEBUG - Setting keep alive maximum to 65535 seconds
2025-01-28 23:36:40,905 INFO c.h.h.t.HelmChartContainer - [test-hivemq-platform] [hivemq] [42a2b393] DEBUG - Setting keep alive allow zero to true
2025-01-28 23:36:40,905 INFO c.h.h.t.HelmChartContainer - [test-hivemq-platform] [hivemq] [42a2b393] DEBUG - Setting the maximum packet size for mqtt messages 268435460 bytes
2025-01-28 23:36:40,905 INFO c.h.h.t.HelmChartContainer - [test-hivemq-platform] [hivemq] [42a2b393] DEBUG - Setting global maximum allowed connections to -1
2025-01-28 23:36:40,906 INFO c.h.h.t.HelmChartContainer - [test-hivemq-platform] [hivemq] [42a2b393] DEBUG - Setting the maximum client id length to 65535
2025-01-28 23:36:40,906 INFO c.h.h.t.HelmChartContainer - [test-hivemq-platform] [hivemq] [42a2b393] DEBUG - Setting the timeout for disconnecting idle tcp connections before a connect message was received to 10000 milliseconds
2025-01-28 23:36:40,907 INFO c.h.h.t.HelmChartContainer - [test-hivemq-platform] [hivemq] [42a2b393] DEBUG - Throttling the global incoming traffic limit 0 bytes/second
2025-01-28 23:36:40,907 INFO c.h.h.t.HelmChartContainer - [test-hivemq-platform] [hivemq] [42a2b393] DEBUG - Setting the maximum topic length to 65535
2025-01-28 23:36:40,907 INFO c.h.h.t.HelmChartContainer - [test-hivemq-platform] [hivemq] [42a2b393] DEBUG - Setting allow server assigned client identifier to true
2025-01-28 23:36:40,908 INFO c.h.h.t.HelmChartContainer - [test-hivemq-platform] [hivemq] [42a2b393] DEBUG - Setting validate UTF-8 to true
2025-01-28 23:36:40,908 INFO c.h.h.t.HelmChartContainer - [test-hivemq-platform] [hivemq] [42a2b393] DEBUG - Setting payload format validation to false
2025-01-28 23:36:40,908 INFO c.h.h.t.HelmChartContainer - [test-hivemq-platform] [hivemq] [42a2b393] DEBUG - Setting allow-problem-information to true
2025-01-28 23:36:40,908 INFO c.h.h.t.HelmChartContainer - [test-hivemq-platform] [hivemq] [42a2b393] DEBUG - Setting control-center audit log enabled to true
2025-01-28 23:36:40,908 INFO c.h.h.t.HelmChartContainer - [test-hivemq-platform] [hivemq] [42a2b393] DEBUG - Setting rest-api audit log enabled to true
2025-01-28 23:36:40,914 INFO c.h.h.t.HelmChartContainer - [test-hivemq-platform] [hivemq] [42a2b393] DEBUG - Setting HiveMQ Control Center enabled to true 
2025-01-28 23:36:40,914 INFO c.h.h.t.HelmChartContainer - [test-hivemq-platform] [hivemq] [42a2b393] DEBUG - Setting HiveMQ Control Center default login enabled to true 
2025-01-28 23:36:40,915 INFO c.h.h.t.HelmChartContainer - [test-hivemq-platform] [hivemq] [42a2b393] DEBUG - Setting HiveMQ Control Center session idle time to 14400 seconds
2025-01-28 23:36:40,915 INFO c.h.h.t.HelmChartContainer - [test-hivemq-platform] [hivemq] [42a2b393] DEBUG - Adding Http-Listener to HiveMQ Control Center Config
2025-01-28 23:36:41,012 INFO c.h.h.t.HelmChartContainer - [test-hivemq-platform] [hivemq] [42a2b393] DEBUG - Set TLS to disabled for cluster TCP transport
2025-01-28 23:36:41,012 INFO c.h.h.t.HelmChartContainer - [test-hivemq-platform] [hivemq] [42a2b393] DEBUG - Setting replica count to 2 
2025-01-28 23:36:41,012 INFO c.h.h.t.HelmChartContainer - [test-hivemq-platform] [hivemq] [42a2b393] DEBUG - Setting cluster TCP health-check enabled
2025-01-28 23:36:41,012 INFO c.h.h.t.HelmChartContainer - [test-hivemq-platform] [hivemq] [42a2b393] DEBUG - Setting cluster TCP health-check bind-address to default
2025-01-28 23:36:41,012 INFO c.h.h.t.HelmChartContainer - [test-hivemq-platform] [hivemq] [42a2b393] DEBUG - Setting cluster TCP health-check bind-address to 0
2025-01-28 23:36:41,012 INFO c.h.h.t.HelmChartContainer - [test-hivemq-platform] [hivemq] [42a2b393] DEBUG - Setting cluster TCP health-check bind-port to 0
2025-01-28 23:36:41,012 INFO c.h.h.t.HelmChartContainer - [test-hivemq-platform] [hivemq] [42a2b393] DEBUG - Setting cluster TCP health-check external-address to default
2025-01-28 23:36:41,012 INFO c.h.h.t.HelmChartContainer - [test-hivemq-platform] [hivemq] [42a2b393] DEBUG - Setting cluster TCP health-check external-port to 0
2025-01-28 23:36:41,014 INFO c.h.h.t.HelmChartContainer - [test-hivemq-platform] [hivemq] [42a2b393] DEBUG - Setting cluster heartbeat enabled
2025-01-28 23:36:41,014 INFO c.h.h.t.HelmChartContainer - [test-hivemq-platform] [hivemq] [42a2b393] DEBUG - Setting cluster heartbeat interval to 3000 ms
2025-01-28 23:36:41,014 INFO c.h.h.t.HelmChartContainer - [test-hivemq-platform] [hivemq] [42a2b393] DEBUG - Setting the cluster heartbeat timeout to 9000 ms
2025-01-28 23:36:41,014 INFO c.h.h.t.HelmChartContainer - [test-hivemq-platform] [hivemq] [42a2b393] DEBUG - Setting HiveMQ REST API enabled to false 
2025-01-28 23:36:41,014 INFO c.h.h.t.HelmChartContainer - [test-hivemq-platform] [hivemq] [42a2b393] DEBUG - Setting HiveMQ REST API authentication enabled to false 
2025-01-28 23:36:41,014 INFO c.h.h.t.HelmChartContainer - [test-hivemq-platform] [hivemq] [42a2b393] DEBUG - Setting HiveMQ Health API enabled to true 
2025-01-28 23:36:41,014 INFO c.h.h.t.HelmChartContainer - [test-hivemq-platform] [hivemq] [42a2b393] DEBUG - Adding http-listener with name 'http-listener-8889' to HiveMQ Health API config
2025-01-28 23:36:41,014 INFO c.h.h.t.HelmChartContainer - [test-hivemq-platform] [hivemq] [42a2b393] DEBUG - Setting client event history enabled to false
2025-01-28 23:36:41,014 INFO c.h.h.t.HelmChartContainer - [test-hivemq-platform] [hivemq] [42a2b393] DEBUG - Setting client event history lifetime to 604800000 ms
2025-01-28 23:36:41,015 INFO c.h.h.t.HelmChartContainer - [test-hivemq-platform] [hivemq] [42a2b393] DEBUG - Setting overload protection enabled to true 
2025-01-28 23:36:41,015 INFO c.h.h.t.HelmChartContainer - [test-hivemq-platform] [hivemq] [42a2b393] DEBUG - Setting anonymous usage statistics enabled to false 
2025-01-28 23:36:41,015 INFO c.h.h.t.HelmChartContainer - [test-hivemq-platform] [hivemq] [42a2b393] DEBUG - Setting expired messages topic enabled to false
2025-01-28 23:36:41,015 INFO c.h.h.t.HelmChartContainer - [test-hivemq-platform] [hivemq] [42a2b393] DEBUG - Setting dropped messages topic enabled to false
2025-01-28 23:36:41,015 INFO c.h.h.t.HelmChartContainer - [test-hivemq-platform] [hivemq] [42a2b393] DEBUG - Setting dead messages topic enabled to false
2025-01-28 23:36:41,102 INFO c.h.h.t.HelmChartContainer - [test-hivemq-platform] [hivemq] [42a2b393] INFO  - Successfully loaded configuration from '/opt/hivemq/conf-k8s/config.xml'.
2025-01-28 23:36:41,808 INFO c.h.h.t.HelmChartContainer - [test-hivemq-platform] [hivemq] [42a2b393] DEBUG - Performing sanity checks.
2025-01-28 23:36:41,909 INFO c.h.h.t.HelmChartContainer - [test-hivemq-platform] [hivemq] [42a2b393] DEBUG - Soft limit for open files (1048576) satisfies the recommended limit (1000000).
2025-01-28 23:36:41,909 INFO c.h.h.t.HelmChartContainer - [test-hivemq-platform] [hivemq] [42a2b393] DEBUG - Hard limit for open files (1048576) satisfies the recommended limit (1000000).
2025-01-28 23:36:41,911 INFO c.h.h.t.HelmChartContainer - [test-hivemq-platform] [hivemq] [42a2b393] DEBUG - HiveMQ license directory (/opt/hivemq/license) satisfies all required file-system permissions.
2025-01-28 23:36:41,911 INFO c.h.h.t.HelmChartContainer - [test-hivemq-platform] [hivemq] [42a2b393] DEBUG - HiveMQ data directory (/opt/hivemq/data) satisfies all required file-system permissions.
2025-01-28 23:36:41,911 INFO c.h.h.t.HelmChartContainer - [test-hivemq-platform] [hivemq] [42a2b393] DEBUG - HiveMQ log directory (/opt/hivemq/log) satisfies all required file-system permissions.
2025-01-28 23:36:41,911 INFO c.h.h.t.HelmChartContainer - [test-hivemq-platform] [hivemq] [42a2b393] DEBUG - HiveMQ backup directory (/opt/hivemq/backup) satisfies all required file-system permissions.
2025-01-28 23:36:41,913 INFO c.h.h.t.HelmChartContainer - [test-hivemq-platform] [hivemq] [42a2b393] DEBUG - HiveMQ audit directory (/opt/hivemq/audit) satisfies all required file-system permissions.
2025-01-28 23:36:41,914 INFO c.h.h.t.HelmChartContainer - [test-hivemq-platform] [hivemq] [42a2b393] DEBUG - HiveMQ extensions directory (/opt/hivemq/extensions) satisfies all required file-system permissions.
2025-01-28 23:36:41,917 INFO c.h.h.t.HelmChartContainer - [test-hivemq-platform] [hivemq] [42a2b393] DEBUG - Extension directory hivemq-allow-all-extension (/opt/hivemq/extensions/hivemq-allow-all-extension) satisfies all required file-system permissions.
2025-01-28 23:36:42,007 INFO c.h.h.t.HelmChartContainer - [test-hivemq-platform] [hivemq] [42a2b393] DEBUG - Extension directory hivemq-dns-cluster-discovery (/opt/hivemq/extensions/hivemq-dns-cluster-discovery) satisfies all required file-system permissions.
2025-01-28 23:36:42,008 INFO c.h.h.t.HelmChartContainer - [test-hivemq-platform] [hivemq] [42a2b393] DEBUG - Extension directory hivemq-prometheus-extension (/opt/hivemq/extensions/hivemq-prometheus-extension) satisfies all required file-system permissions.
2025-01-28 23:36:42,008 INFO c.h.h.t.HelmChartContainer - [test-hivemq-platform] [hivemq] [42a2b393] DEBUG - Extension directory hivemq-google-cloud-pubsub-extension (/opt/hivemq/extensions/hivemq-google-cloud-pubsub-extension) satisfies all required file-system permissions.
2025-01-28 23:36:42,008 INFO c.h.h.t.HelmChartContainer - [test-hivemq-platform] [hivemq] [42a2b393] DEBUG - Extension directory hivemq-snowflake-extension (/opt/hivemq/extensions/hivemq-snowflake-extension) satisfies all required file-system permissions.
2025-01-28 23:36:42,008 INFO c.h.h.t.HelmChartContainer - [test-hivemq-platform] [hivemq] [42a2b393] DEBUG - Extension directory hivemq-postgresql-extension (/opt/hivemq/extensions/hivemq-postgresql-extension) satisfies all required file-system permissions.
2025-01-28 23:36:42,008 INFO c.h.h.t.HelmChartContainer - [test-hivemq-platform] [hivemq] [42a2b393] DEBUG - Extension directory hivemq-enterprise-security-extension (/opt/hivemq/extensions/hivemq-enterprise-security-extension) satisfies all required file-system permissions.
2025-01-28 23:36:42,008 INFO c.h.h.t.HelmChartContainer - [test-hivemq-platform] [hivemq] [42a2b393] DEBUG - Extension directory hivemq-mysql-extension (/opt/hivemq/extensions/hivemq-mysql-extension) satisfies all required file-system permissions.
2025-01-28 23:36:42,008 INFO c.h.h.t.HelmChartContainer - [test-hivemq-platform] [hivemq] [42a2b393] DEBUG - Extension directory hivemq-bridge-extension (/opt/hivemq/extensions/hivemq-bridge-extension) satisfies all required file-system permissions.
2025-01-28 23:36:42,008 INFO c.h.h.t.HelmChartContainer - [test-hivemq-platform] [hivemq] [42a2b393] DEBUG - Extension directory hivemq-kafka-extension (/opt/hivemq/extensions/hivemq-kafka-extension) satisfies all required file-system permissions.
2025-01-28 23:36:42,009 INFO c.h.h.t.HelmChartContainer - [test-hivemq-platform] [hivemq] [42a2b393] DEBUG - Extension directory hivemq-distributed-tracing-extension (/opt/hivemq/extensions/hivemq-distributed-tracing-extension) satisfies all required file-system permissions.
2025-01-28 23:36:42,009 INFO c.h.h.t.HelmChartContainer - [test-hivemq-platform] [hivemq] [42a2b393] DEBUG - Extension directory hivemq-mongodb-extension (/opt/hivemq/extensions/hivemq-mongodb-extension) satisfies all required file-system permissions.
2025-01-28 23:36:42,012 INFO c.h.h.t.HelmChartContainer - [test-hivemq-platform] [hivemq] [42a2b393] DEBUG - Extension directory hivemq-data-lake-extension (/opt/hivemq/extensions/hivemq-data-lake-extension) satisfies all required file-system permissions.
2025-01-28 23:36:42,012 INFO c.h.h.t.HelmChartContainer - [test-hivemq-platform] [hivemq] [42a2b393] DEBUG - Extension directory hivemq-amazon-kinesis-extension (/opt/hivemq/extensions/hivemq-amazon-kinesis-extension) satisfies all required file-system permissions.
2025-01-28 23:36:42,012 INFO c.h.h.t.HelmChartContainer - [test-hivemq-platform] [hivemq] [42a2b393] DEBUG - Extension directory hivemq-microsoft-sql-server-extension (/opt/hivemq/extensions/hivemq-microsoft-sql-server-extension) satisfies all required file-system permissions.
2025-01-28 23:36:42,012 INFO c.h.h.t.HelmChartContainer - [test-hivemq-platform] [hivemq] [42a2b393] DEBUG - Temporary directory (/tmp) satisfies all required file-system permissions.
2025-01-28 23:36:42,014 INFO c.h.h.t.HelmChartContainer - [test-hivemq-platform] [hivemq] [42a2b393] DEBUG - Heap dump directory (/opt/hivemq) satisfies all required file-system permissions.
2025-01-28 23:36:42,014 INFO c.h.h.t.HelmChartContainer - [test-hivemq-platform] [hivemq] [42a2b393] DEBUG - Performed all sanity checks in 208ms. All sanity checks passed successfully.
2025-01-28 23:36:42,016 INFO c.h.h.t.HelmChartContainer - [test-hivemq-platform] [hivemq] [42a2b393] INFO  - This node's ID is bIVv0
2025-01-28 23:36:42,106 INFO c.h.h.t.HelmChartContainer - [test-hivemq-platform] [hivemq] [42a2b393] INFO  - Clustering is enabled
2025-01-28 23:36:42,213 INFO c.h.h.t.HelmChartContainer - [test-hivemq-platform] [hivemq] [42a2b393] WARN  - [HiveMQ Platform Operator Init App 1.7.0-SNAPSHOT] Cannot connect to Health API for readiness: null
2025-01-28 23:36:42,218 INFO c.h.h.t.HelmChartContainer - [EVENT] Warning [Unhealthy] Readiness probe failed: HTTP probe failed with statuscode: 503 [helmcustomlogbackit:test-hivemq-platform-0]
2025-01-28 23:36:42,218 INFO c.h.h.t.HelmChartContainer - Received Unhealthy event for container hivemq in pod test-hivemq-platform-0 [42a2b393-3686-4c55-92ab-5c1722af9544]
2025-01-28 23:36:45,503 INFO c.h.h.t.HelmChartContainer - [test-hivemq-platform] [hivemq] [42a2b393] Jan 28, 2025 11:36:45 PM io.vertx.core.impl.BlockedThreadChecker
2025-01-28 23:36:45,504 INFO c.h.h.t.HelmChartContainer - [test-hivemq-platform] [hivemq] [42a2b393] WARNING: Thread Thread[vert.x-eventloop-thread-1,5,main] has been blocked for 2109 ms, time limit is 2000 ms
2025-01-28 23:36:46,407 INFO c.h.h.t.HelmChartContainer - [test-hivemq-platform] [hivemq] [42a2b393] INFO  - [HiveMQ Platform Operator Init App 1.7.0-SNAPSHOT] Updating Pod HiveMQ Platform Operator Init App version annotation (version: 1.7.0-SNAPSHOT)
2025-01-28 23:36:46,609 INFO c.h.h.t.HelmChartContainer - [test-hivemq-platform] [hivemq] [42a2b393] DEBUG - Configured WriteBufferManager with size for memtables 232460124 and for the block cache 348690186
2025-01-28 23:36:46,610 INFO c.h.h.t.HelmChartContainer - [test-hivemq-platform] [hivemq] [42a2b393] DEBUG - Starting RocksDBMemoryUsageWatchdog.
2025-01-28 23:36:46,611 INFO c.h.h.t.HelmChartContainer - [test-hivemq-platform] [hivemq] [42a2b393] DEBUG - RocksDBMemoryUsageWatchdog is running.
2025-01-28 23:36:46,709 INFO c.h.h.t.HelmChartContainer - [test-hivemq-platform] [hivemq] [42a2b393] WARN  - [HiveMQ Platform Operator Init App 1.7.0-SNAPSHOT] Cannot connect to Health API for readiness: null
2025-01-28 23:36:46,714 INFO c.h.h.t.HelmChartContainer - [EVENT] Warning [Unhealthy] Readiness probe failed: HTTP probe failed with statuscode: 503 [helmcustomlogbackit:test-hivemq-platform-0]
2025-01-28 23:36:46,714 INFO c.h.h.t.HelmChartContainer - Received Unhealthy event for container hivemq in pod test-hivemq-platform-0 [42a2b393-3686-4c55-92ab-5c1722af9544]
2025-01-28 23:36:46,913 INFO c.h.h.t.HelmChartContainer - [test-hivemq-platform] [hivemq] [42a2b393] DEBUG - Folder /opt/hivemq/data/persistence does not exist, trying to create it
2025-01-28 23:36:46,913 INFO c.h.h.t.HelmChartContainer - [test-hivemq-platform] [hivemq] [42a2b393] DEBUG - Created folder /opt/hivemq/data
2025-01-28 23:36:46,913 INFO c.h.h.t.HelmChartContainer - [test-hivemq-platform] [hivemq] [42a2b393] DEBUG - Folder /opt/hivemq/data/persistence/publish_payload_store/040500_R does not exist, trying to create it
2025-01-28 23:36:47,121 INFO c.h.h.t.HelmChartContainer - [POD] test-hivemq-platform-0 [42a2b393-3686-4c55-92ab-5c1722af9544] in helmcustomlogbackit was MODIFIED
2025-01-28 23:36:47,131 INFO c.h.h.t.HelmChartContainer - [hivemq-test-hivemq-platform] [hivemq-platform-operator] [927cb1b1] 23:36:47.130 [pool-6-thread-26] DEBUG c.h.p.o.d.PlatformServiceResource - [helmcust] Desired Platform services (3 services)
2025-01-28 23:36:47,135 INFO c.h.h.t.HelmChartContainer - [hivemq-test-hivemq-platform] [hivemq-platform-operator] [927cb1b1] 23:36:47.131 [pool-6-thread-27] DEBUG c.h.p.o.dependants.PodInfoConfigMap - [helmcust] Desired PodInfo ConfigMap (1 extensions) (1 enabled)
2025-01-28 23:36:47,135 INFO c.h.h.t.HelmChartContainer - [hivemq-test-hivemq-platform] [hivemq-platform-operator] [927cb1b1] 23:36:47.134 [pool-6-thread-27] DEBUG c.h.p.o.dependants.PodInfoConfigMap - [helmcust] Desired PodInfo ConfigMap (metrics port: 9399) (metrics path: /)
2025-01-28 23:36:47,136 INFO c.h.h.t.HelmChartContainer - [hivemq-test-hivemq-platform] [hivemq-platform-operator] [927cb1b1] 23:36:47.134 [pool-6-thread-27] DEBUG c.h.p.o.dependants.PodInfoConfigMap - [helmcust] Desired PodInfo ConfigMap (extension state hash: -1817474005)
2025-01-28 23:36:47,137 INFO c.h.h.t.HelmChartContainer - [hivemq-test-hivemq-platform] [hivemq-platform-operator] [927cb1b1] 23:36:47.132 [pool-6-thread-25] DEBUG c.h.p.o.d.PodServiceAccountResource - [helmcust] Desired PodServiceAccountResource (serviceAccountName: hivemq-platform-pod-test-hivemq-platform)
2025-01-28 23:36:47,140 INFO c.h.h.t.HelmChartContainer - [hivemq-test-hivemq-platform] [hivemq-platform-operator] [927cb1b1] 23:36:47.139 [pool-6-thread-26] DEBUG c.h.p.o.d.StatefulSetResource - [helmcust] Desired StatefulSet (1 replicas) for status STARTING (READY)
2025-01-28 23:36:47,185 INFO c.h.h.t.HelmChartContainer - [hivemq-test-hivemq-platform] [hivemq-platform-operator] [927cb1b1] 23:36:47.184 [ReconcilerExecutor-hivemq-controller-111] INFO  c.h.p.o.HiveMQPlatformReconciler - [helmcust] Reconciling HiveMQ Platform 'test-hivemq-platform' in namespace 'helmcustomlogbackit'
2025-01-28 23:36:47,185 INFO c.h.h.t.HelmChartContainer - [hivemq-test-hivemq-platform] [hivemq-platform-operator] [927cb1b1] 23:36:47.184 [ReconcilerExecutor-hivemq-controller-111] DEBUG c.h.p.o.HiveMQPlatformReconciler - [helmcust] Custom Resource Status STARTING - HiveMQ Platform is starting (READY)
2025-01-28 23:36:47,185 INFO c.h.h.t.HelmChartContainer - [hivemq-test-hivemq-platform] [hivemq-platform-operator] [927cb1b1] 23:36:47.184 [ReconcilerExecutor-hivemq-controller-111] DEBUG c.h.p.o.HiveMQPlatformReconciler - [helmcust] Custom Resource Spec (replicas: 1) (extensions: 1)
2025-01-28 23:36:47,187 INFO c.h.h.t.HelmChartContainer - [hivemq-test-hivemq-platform] [hivemq-platform-operator] [927cb1b1] 23:36:47.186 [ReconcilerExecutor-hivemq-controller-111] DEBUG c.h.p.o.HiveMQPlatformReconciler - [helmcust] StatefulSet Status (revision: test-hivemq-platform-989b74cd6, replicas: 1, available: 0, ready: 0, current: 1, updated: 1)
2025-01-28 23:36:47,187 INFO c.h.h.t.HelmChartContainer - [hivemq-test-hivemq-platform] [hivemq-platform-operator] [927cb1b1] 23:36:47.186 [ReconcilerExecutor-hivemq-controller-111] DEBUG c.h.p.o.HiveMQPlatformReconciler - [helmcust] StatefulSet Spec (replicas: 1, init containers: 1, containers: 1, volumes: 3)
2025-01-28 23:36:47,188 INFO c.h.h.t.HelmChartContainer - [hivemq-test-hivemq-platform] [hivemq-platform-operator] [927cb1b1] 23:36:47.187 [ReconcilerExecutor-hivemq-controller-111] DEBUG c.h.p.o.h.HiveMQPlatformReconcilerErrorHandler - [helmcust] Pod 'test-hivemq-platform-0' phase Running
2025-01-28 23:36:47,189 INFO c.h.h.t.HelmChartContainer - [hivemq-test-hivemq-platform] [hivemq-platform-operator] [927cb1b1] 23:36:47.188 [ReconcilerExecutor-hivemq-controller-111] INFO  c.h.p.o.h.HiveMQPlatformReconcilerBaseHandler - [helmcust] HiveMQ Platform is starting, 0 of 1 replicas are ready
2025-01-28 23:36:47,208 INFO c.h.h.t.HelmChartContainer - [test-hivemq-platform] [hivemq] [42a2b393] DEBUG - Folder /opt/hivemq/data/persistence/client_queue/042800_R does not exist, trying to create it
2025-01-28 23:36:47,212 INFO c.h.h.t.HelmChartContainer - [test-hivemq-platform] [hivemq] [42a2b393] INFO  - [HiveMQ Platform Operator Init App 1.7.0-SNAPSHOT] Successfully updated Pod HiveMQ Platform Operator Init App version annotation (version: 1.7.0-SNAPSHOT)
2025-01-28 23:36:47,215 INFO c.h.h.t.HelmChartContainer - [test-hivemq-platform] [hivemq] [42a2b393] WARN  - [HiveMQ Platform Operator Init App 1.7.0-SNAPSHOT] Cannot connect to Health API for readiness: null
2025-01-28 23:36:47,217 INFO c.h.h.t.HelmChartContainer - [test-hivemq-platform] [hivemq] [42a2b393] DEBUG - Folder /opt/hivemq/data/persistence/client_session_store/040100_R does not exist, trying to create it
2025-01-28 23:36:47,222 INFO c.h.h.t.HelmChartContainer - [EVENT] Warning [Unhealthy] Readiness probe failed: HTTP probe failed with statuscode: 503 [helmcustomlogbackit:test-hivemq-platform-0]
2025-01-28 23:36:47,222 INFO c.h.h.t.HelmChartContainer - Received Unhealthy event for container hivemq in pod test-hivemq-platform-0 [42a2b393-3686-4c55-92ab-5c1722af9544]
2025-01-28 23:36:47,308 INFO c.h.h.t.HelmChartContainer - [test-hivemq-platform] [hivemq] [42a2b393] DEBUG - Folder /opt/hivemq/data/persistence/client_session_subscriptions/043200_R does not exist, trying to create it
2025-01-28 23:36:47,311 INFO c.h.h.t.HelmChartContainer - [test-hivemq-platform] [hivemq] [42a2b393] DEBUG - Folder /opt/hivemq/data/persistence/attribute/043100_R does not exist, trying to create it
2025-01-28 23:36:47,313 INFO c.h.h.t.HelmChartContainer - [test-hivemq-platform] [hivemq] [42a2b393] DEBUG - Folder /opt/hivemq/data/persistence/retained_messages/040800_R does not exist, trying to create it
2025-01-28 23:36:47,318 INFO c.h.h.t.HelmChartContainer - [test-hivemq-platform] [hivemq] [42a2b393] DEBUG - Folder /opt/hivemq/data/persistence/incoming_message_flow/043000_R does not exist, trying to create it
2025-01-28 23:36:47,906 INFO c.h.h.t.HelmChartContainer - [test-hivemq-platform] [hivemq] [42a2b393] DEBUG - Folder /opt/hivemq/data/persistence/data_hub_modules/043000_R does not exist, trying to create it
2025-01-28 23:36:47,907 INFO c.h.h.t.HelmChartContainer - [test-hivemq-platform] [hivemq] [42a2b393] DEBUG - Folder /opt/hivemq/data/persistence/data_hub_schemas/042000_R does not exist, trying to create it
2025-01-28 23:36:47,909 INFO c.h.h.t.HelmChartContainer - [test-hivemq-platform] [hivemq] [42a2b393] DEBUG - Folder /opt/hivemq/data/persistence/data_hub_policies/042000_R does not exist, trying to create it
2025-01-28 23:36:47,910 INFO c.h.h.t.HelmChartContainer - [test-hivemq-platform] [hivemq] [42a2b393] DEBUG - Folder /opt/hivemq/data/persistence/data_hub_scripts/042300_R does not exist, trying to create it
2025-01-28 23:36:52,127 INFO c.h.h.t.HelmChartContainer - [test-hivemq-platform] [hivemq] [42a2b393] WARN  - [HiveMQ Platform Operator Init App 1.7.0-SNAPSHOT] Cannot connect to Health API for readiness: null
2025-01-28 23:36:52,134 INFO c.h.h.t.HelmChartContainer - [EVENT] Warning [Unhealthy] Readiness probe failed: HTTP probe failed with statuscode: 503 [helmcustomlogbackit:test-hivemq-platform-0]
2025-01-28 23:36:52,134 INFO c.h.h.t.HelmChartContainer - Received Unhealthy event for container hivemq in pod test-hivemq-platform-0 [42a2b393-3686-4c55-92ab-5c1722af9544]
2025-01-28 23:36:54,323 INFO c.h.h.t.HelmChartContainer - [test-hivemq-platform] [hivemq] [42a2b393] DEBUG - Diagnostic mode is disabled
2025-01-28 23:36:56,807 INFO c.h.h.t.HelmChartContainer - [test-hivemq-platform] [hivemq] [42a2b393] WARN  - [HiveMQ Platform Operator Init App 1.7.0-SNAPSHOT] Cannot connect to Health API for liveness: null
2025-01-28 23:36:56,807 INFO c.h.h.t.HelmChartContainer - [test-hivemq-platform] [hivemq] [42a2b393] INFO  - [HiveMQ Platform Operator Init App 1.7.0-SNAPSHOT] Returning default Health API response 200 for liveness
2025-01-28 23:36:57,196 INFO c.h.h.t.HelmChartContainer - [hivemq-test-hivemq-platform] [hivemq-platform-operator] [927cb1b1] 23:36:57.192 [pool-6-thread-36] DEBUG c.h.p.o.d.PlatformServiceResource - [helmcust] Desired Platform services (3 services)
2025-01-28 23:36:57,196 INFO c.h.h.t.HelmChartContainer - [hivemq-test-hivemq-platform] [hivemq-platform-operator] [927cb1b1] 23:36:57.193 [pool-6-thread-31] DEBUG c.h.p.o.dependants.PodInfoConfigMap - [helmcust] Desired PodInfo ConfigMap (1 extensions) (1 enabled)
2025-01-28 23:36:57,196 INFO c.h.h.t.HelmChartContainer - [hivemq-test-hivemq-platform] [hivemq-platform-operator] [927cb1b1] 23:36:57.193 [pool-6-thread-31] DEBUG c.h.p.o.dependants.PodInfoConfigMap - [helmcust] Desired PodInfo ConfigMap (metrics port: 9399) (metrics path: /)
2025-01-28 23:36:57,196 INFO c.h.h.t.HelmChartContainer - [hivemq-test-hivemq-platform] [hivemq-platform-operator] [927cb1b1] 23:36:57.193 [pool-6-thread-31] DEBUG c.h.p.o.dependants.PodInfoConfigMap - [helmcust] Desired PodInfo ConfigMap (extension state hash: -1817474005)
2025-01-28 23:36:57,200 INFO c.h.h.t.HelmChartContainer - [hivemq-test-hivemq-platform] [hivemq-platform-operator] [927cb1b1] 23:36:57.195 [pool-6-thread-35] DEBUG c.h.p.o.d.PodServiceAccountResource - [helmcust] Desired PodServiceAccountResource (serviceAccountName: hivemq-platform-pod-test-hivemq-platform)
2025-01-28 23:36:57,204 INFO c.h.h.t.HelmChartContainer - [hivemq-test-hivemq-platform] [hivemq-platform-operator] [927cb1b1] 23:36:57.203 [pool-6-thread-36] DEBUG c.h.p.o.d.StatefulSetResource - [helmcust] Desired StatefulSet (1 replicas) for status STARTING (READY)
2025-01-28 23:36:57,217 INFO c.h.h.t.HelmChartContainer - [test-hivemq-platform] [hivemq] [42a2b393] WARN  - [HiveMQ Platform Operator Init App 1.7.0-SNAPSHOT] Cannot connect to Health API for readiness: null
2025-01-28 23:36:57,221 INFO c.h.h.t.HelmChartContainer - [hivemq-test-hivemq-platform] [hivemq-platform-operator] [927cb1b1] 23:36:57.216 [ReconcilerExecutor-hivemq-controller-112] INFO  c.h.p.o.HiveMQPlatformReconciler - [helmcust] Reconciling HiveMQ Platform 'test-hivemq-platform' in namespace 'helmcustomlogbackit'
2025-01-28 23:36:57,223 INFO c.h.h.t.HelmChartContainer - [hivemq-test-hivemq-platform] [hivemq-platform-operator] [927cb1b1] 23:36:57.216 [ReconcilerExecutor-hivemq-controller-112] DEBUG c.h.p.o.HiveMQPlatformReconciler - [helmcust] Custom Resource Status STARTING - HiveMQ Platform is starting (READY)
2025-01-28 23:36:57,223 INFO c.h.h.t.HelmChartContainer - [hivemq-test-hivemq-platform] [hivemq-platform-operator] [927cb1b1] 23:36:57.217 [ReconcilerExecutor-hivemq-controller-112] DEBUG c.h.p.o.HiveMQPlatformReconciler - [helmcust] Custom Resource Spec (replicas: 1) (extensions: 1)
2025-01-28 23:36:57,226 INFO c.h.h.t.HelmChartContainer - [EVENT] Warning [Unhealthy] Readiness probe failed: HTTP probe failed with statuscode: 503 [helmcustomlogbackit:test-hivemq-platform-0]
2025-01-28 23:36:57,226 INFO c.h.h.t.HelmChartContainer - Received Unhealthy event for container hivemq in pod test-hivemq-platform-0 [42a2b393-3686-4c55-92ab-5c1722af9544]
2025-01-28 23:36:57,285 INFO c.h.h.t.HelmChartContainer - [hivemq-test-hivemq-platform] [hivemq-platform-operator] [927cb1b1] 23:36:57.219 [ReconcilerExecutor-hivemq-controller-112] DEBUG c.h.p.o.HiveMQPlatformReconciler - [helmcust] StatefulSet Status (revision: test-hivemq-platform-989b74cd6, replicas: 1, available: 0, ready: 0, current: 1, updated: 1)
2025-01-28 23:36:57,286 INFO c.h.h.t.HelmChartContainer - [hivemq-test-hivemq-platform] [hivemq-platform-operator] [927cb1b1] 23:36:57.283 [ReconcilerExecutor-hivemq-controller-112] DEBUG c.h.p.o.HiveMQPlatformReconciler - [helmcust] StatefulSet Spec (replicas: 1, init containers: 1, containers: 1, volumes: 3)
2025-01-28 23:36:57,287 INFO c.h.h.t.HelmChartContainer - [hivemq-test-hivemq-platform] [hivemq-platform-operator] [927cb1b1] 23:36:57.285 [ReconcilerExecutor-hivemq-controller-112] DEBUG c.h.p.o.h.HiveMQPlatformReconcilerErrorHandler - [helmcust] Pod 'test-hivemq-platform-0' phase Running
2025-01-28 23:36:57,287 INFO c.h.h.t.HelmChartContainer - [hivemq-test-hivemq-platform] [hivemq-platform-operator] [927cb1b1] 23:36:57.286 [ReconcilerExecutor-hivemq-controller-112] INFO  c.h.p.o.h.HiveMQPlatformReconcilerBaseHandler - [helmcust] HiveMQ Platform is starting, 0 of 1 replicas are ready
2025-01-28 23:37:00,320 INFO c.h.h.t.HelmChartContainer - [test-hivemq-platform] [hivemq] [42a2b393] INFO  - No valid license file found. Using trial license, restricted to 25 connections.
2025-01-28 23:37:00,709 INFO c.h.h.t.HelmChartContainer - [test-hivemq-platform] [hivemq] [42a2b393] DEBUG - Native Epoll is available on this platform
2025-01-28 23:37:00,804 INFO c.h.h.t.HelmChartContainer - [test-hivemq-platform] [hivemq] [42a2b393] DEBUG - Set extension executor thread pool size to 1
2025-01-28 23:37:00,806 INFO c.h.h.t.HelmChartContainer - [test-hivemq-platform] [hivemq] [42a2b393] DEBUG - Set extension executor thread pool keep-alive to 30 seconds
2025-01-28 23:37:00,813 INFO c.h.h.t.HelmChartContainer - [test-hivemq-platform] [hivemq] [42a2b393] DEBUG - initializing RSA key
2025-01-28 23:37:02,207 INFO c.h.h.t.HelmChartContainer - [test-hivemq-platform] [hivemq] [42a2b393] WARN  - [HiveMQ Platform Operator Init App 1.7.0-SNAPSHOT] Cannot connect to Health API for readiness: null
2025-01-28 23:37:02,213 INFO c.h.h.t.HelmChartContainer - [EVENT] Warning [Unhealthy] Readiness probe failed: HTTP probe failed with statuscode: 503 [helmcustomlogbackit:test-hivemq-platform-0]
2025-01-28 23:37:02,214 INFO c.h.h.t.HelmChartContainer - Received Unhealthy event for container hivemq in pod test-hivemq-platform-0 [42a2b393-3686-4c55-92ab-5c1722af9544]
2025-01-28 23:37:02,323 INFO c.h.h.t.HelmChartContainer - [test-hivemq-platform] [hivemq] [42a2b393] DEBUG - finished initializing RSA key in 1510ms
2025-01-28 23:37:03,620 INFO c.h.h.t.HelmChartContainer - [test-hivemq-platform] [hivemq] [42a2b393] DEBUG - Unable to provide size and free metrics for disk /dev/sda: Could not find the corresponding FileStore (OSHI/Java).
2025-01-28 23:37:03,621 INFO c.h.h.t.HelmChartContainer - [test-hivemq-platform] [hivemq] [42a2b393] DEBUG - Unable to provide size and free metrics for disk /dev/sdb: Could not find the corresponding FileStore (OSHI/Java).
2025-01-28 23:37:03,704 INFO c.h.h.t.HelmChartContainer - [test-hivemq-platform] [hivemq] [42a2b393] DEBUG - Throttling incoming traffic to 0 B/s
2025-01-28 23:37:03,704 INFO c.h.h.t.HelmChartContainer - [test-hivemq-platform] [hivemq] [42a2b393] DEBUG - Throttling outgoing traffic to 0 B/s
2025-01-28 23:37:03,816 INFO c.h.h.t.HelmChartContainer - [test-hivemq-platform] [hivemq] [42a2b393] INFO  - No valid license file for Data Hub found. Using free license, restricted to 1 policy.
2025-01-28 23:37:03,822 INFO c.h.h.t.HelmChartContainer - [test-hivemq-platform] [hivemq] [42a2b393] DEBUG - Building initial topic tree
2025-01-28 23:37:04,106 INFO c.h.h.t.HelmChartContainer - [test-hivemq-platform] [hivemq] [42a2b393] DEBUG - Started JMX Metrics Reporting.
2025-01-28 23:37:04,119 INFO c.h.h.t.HelmChartContainer - [test-hivemq-platform] [hivemq] [42a2b393] DEBUG - Registered JVM metrics with prefix com.hivemq.jvm.
2025-01-28 23:37:04,206 INFO c.h.h.t.HelmChartContainer - [test-hivemq-platform] [hivemq] [42a2b393] DEBUG - Registered HiveMQ Health API metrics.
2025-01-28 23:37:05,006 INFO c.h.h.t.HelmChartContainer - [test-hivemq-platform] [hivemq] [42a2b393] INFO  - Audit Logger started.
2025-01-28 23:37:05,249 INFO c.h.h.t.HelmChartContainer - [test-hivemq-platform] [hivemq] [42a2b393] INFO  - This node uses '1' CPU cores.
2025-01-28 23:37:05,303 INFO c.h.h.t.HelmChartContainer - [test-hivemq-platform] [hivemq] [42a2b393] INFO  - Starting HiveMQ Health API on address 0.0.0.0 and port 8889
2025-01-28 23:37:06,110 INFO c.h.h.t.HelmChartContainer - [test-hivemq-platform] [hivemq] [42a2b393] INFO  - Started HiveMQ Health API in 807ms
2025-01-28 23:37:06,805 INFO c.h.h.t.HelmChartContainer - [test-hivemq-platform] [hivemq] [42a2b393] INFO  - Starting HiveMQ extension system.
2025-01-28 23:37:07,104 INFO c.h.h.t.HelmChartContainer - [test-hivemq-platform] [hivemq] [42a2b393] INFO  - Starting extension with id "hivemq-dns-cluster-discovery" at /opt/hivemq/extensions/hivemq-dns-cluster-discovery
2025-01-28 23:37:07,209 INFO c.h.h.t.HelmChartContainer - [test-hivemq-platform] [hivemq] [42a2b393] DEBUG - HiveMQ DNS Cluster Discovery Extension: No DNS server address was set in the configuration file or environment variable.
2025-01-28 23:37:07,293 INFO c.h.h.t.HelmChartContainer - [hivemq-test-hivemq-platform] [hivemq-platform-operator] [927cb1b1] 23:37:07.290 [pool-6-thread-43] DEBUG c.h.p.o.d.PlatformServiceResource - [helmcust] Desired Platform services (3 services)
2025-01-28 23:37:07,295 INFO c.h.h.t.HelmChartContainer - [hivemq-test-hivemq-platform] [hivemq-platform-operator] [927cb1b1] 23:37:07.293 [pool-6-thread-44] DEBUG c.h.p.o.dependants.PodInfoConfigMap - [helmcust] Desired PodInfo ConfigMap (1 extensions) (1 enabled)
2025-01-28 23:37:07,295 INFO c.h.h.t.HelmChartContainer - [hivemq-test-hivemq-platform] [hivemq-platform-operator] [927cb1b1] 23:37:07.294 [pool-6-thread-44] DEBUG c.h.p.o.dependants.PodInfoConfigMap - [helmcust] Desired PodInfo ConfigMap (metrics port: 9399) (metrics path: /)
2025-01-28 23:37:07,298 INFO c.h.h.t.HelmChartContainer - [hivemq-test-hivemq-platform] [hivemq-platform-operator] [927cb1b1] 23:37:07.296 [pool-6-thread-44] DEBUG c.h.p.o.dependants.PodInfoConfigMap - [helmcust] Desired PodInfo ConfigMap (extension state hash: -1817474005)
2025-01-28 23:37:07,300 INFO c.h.h.t.HelmChartContainer - [hivemq-test-hivemq-platform] [hivemq-platform-operator] [927cb1b1] 23:37:07.296 [pool-6-thread-42] DEBUG c.h.p.o.d.PodServiceAccountResource - [helmcust] Desired PodServiceAccountResource (serviceAccountName: hivemq-platform-pod-test-hivemq-platform)
2025-01-28 23:37:07,304 INFO c.h.h.t.HelmChartContainer - [hivemq-test-hivemq-platform] [hivemq-platform-operator] [927cb1b1] 23:37:07.301 [pool-6-thread-43] DEBUG c.h.p.o.d.StatefulSetResource - [helmcust] Desired StatefulSet (1 replicas) for status STARTING (READY)
2025-01-28 23:37:07,325 INFO c.h.h.t.HelmChartContainer - [test-hivemq-platform] [hivemq] [42a2b393] DEBUG - HiveMQ DNS Cluster Discovery Extension: No reload interval was set in the configuration file or environment variable. Defaulting to 30.
2025-01-28 23:37:07,390 INFO c.h.h.t.HelmChartContainer - [hivemq-test-hivemq-platform] [hivemq-platform-operator] [927cb1b1] 23:37:07.389 [ReconcilerExecutor-hivemq-controller-113] INFO  c.h.p.o.HiveMQPlatformReconciler - [helmcust] Reconciling HiveMQ Platform 'test-hivemq-platform' in namespace 'helmcustomlogbackit'
2025-01-28 23:37:07,390 INFO c.h.h.t.HelmChartContainer - [hivemq-test-hivemq-platform] [hivemq-platform-operator] [927cb1b1] 23:37:07.389 [ReconcilerExecutor-hivemq-controller-113] DEBUG c.h.p.o.HiveMQPlatformReconciler - [helmcust] Custom Resource Status STARTING - HiveMQ Platform is starting (READY)
2025-01-28 23:37:07,391 INFO c.h.h.t.HelmChartContainer - [hivemq-test-hivemq-platform] [hivemq-platform-operator] [927cb1b1] 23:37:07.389 [ReconcilerExecutor-hivemq-controller-113] DEBUG c.h.p.o.HiveMQPlatformReconciler - [helmcust] Custom Resource Spec (replicas: 1) (extensions: 1)
2025-01-28 23:37:07,393 INFO c.h.h.t.HelmChartContainer - [hivemq-test-hivemq-platform] [hivemq-platform-operator] [927cb1b1] 23:37:07.392 [ReconcilerExecutor-hivemq-controller-113] DEBUG c.h.p.o.HiveMQPlatformReconciler - [helmcust] StatefulSet Status (revision: test-hivemq-platform-989b74cd6, replicas: 1, available: 0, ready: 0, current: 1, updated: 1)
2025-01-28 23:37:07,394 INFO c.h.h.t.HelmChartContainer - [hivemq-test-hivemq-platform] [hivemq-platform-operator] [927cb1b1] 23:37:07.392 [ReconcilerExecutor-hivemq-controller-113] DEBUG c.h.p.o.HiveMQPlatformReconciler - [helmcust] StatefulSet Spec (replicas: 1, init containers: 1, containers: 1, volumes: 3)
2025-01-28 23:37:07,396 INFO c.h.h.t.HelmChartContainer - [hivemq-test-hivemq-platform] [hivemq-platform-operator] [927cb1b1] 23:37:07.394 [ReconcilerExecutor-hivemq-controller-113] DEBUG c.h.p.o.h.HiveMQPlatformReconcilerErrorHandler - [helmcust] Pod 'test-hivemq-platform-0' phase Running
2025-01-28 23:37:07,396 INFO c.h.h.t.HelmChartContainer - [hivemq-test-hivemq-platform] [hivemq-platform-operator] [927cb1b1] 23:37:07.395 [ReconcilerExecutor-hivemq-controller-113] INFO  c.h.p.o.h.HiveMQPlatformReconcilerBaseHandler - [helmcust] HiveMQ Platform is starting, 0 of 1 replicas are ready
2025-01-28 23:37:07,907 INFO c.h.h.t.HelmChartContainer - [test-hivemq-platform] [hivemq] [42a2b393] INFO  - Using TCP cluster transport on address 10.42.0.9 and port 7000
2025-01-28 23:37:07,912 INFO c.h.h.t.HelmChartContainer - [test-hivemq-platform] [hivemq] [42a2b393] INFO  - Using extension cluster discovery
2025-01-28 23:37:08,167 INFO c.h.h.t.HelmChartContainer - [EVENT] Warning [Unhealthy] Readiness probe failed: Get "http://10.42.0.9:7979/readiness": context deadline exceeded (Client.Timeout exceeded while awaiting headers) [helmcustomlogbackit:test-hivemq-platform-0]
2025-01-28 23:37:08,167 INFO c.h.h.t.HelmChartContainer - Received Unhealthy event for container hivemq in pod test-hivemq-platform-0 [42a2b393-3686-4c55-92ab-5c1722af9544]
2025-01-28 23:37:08,210 INFO c.h.h.t.HelmChartContainer - [test-hivemq-platform] [hivemq] [42a2b393] INFO  - Extension "DNS Cluster Discovery Extension" version 4.3.2 started successfully.
2025-01-28 23:37:08,213 INFO c.h.h.t.HelmChartContainer - [test-hivemq-platform] [hivemq] [42a2b393] INFO  - Starting extension with id "hivemq-prometheus-extension" at /opt/hivemq/extensions/hivemq-prometheus-extension
2025-01-28 23:37:08,809 INFO c.h.h.t.HelmChartContainer - [test-hivemq-platform] [hivemq] [42a2b393] INFO  - [HiveMQ Platform Operator Init App 1.7.0-SNAPSHOT] Returning Health API response 503 for readiness
2025-01-28 23:37:09,302 INFO c.h.h.t.HelmChartContainer - [test-hivemq-platform] [hivemq] [42a2b393] INFO  - Started Jetty Server exposing Prometheus Servlet on URI http://0.0.0.0:9399/
2025-01-28 23:37:09,303 INFO c.h.h.t.HelmChartContainer - [test-hivemq-platform] [hivemq] [42a2b393] INFO  - Extension "Prometheus Monitoring Extension" version 4.0.12 started successfully.
2025-01-28 23:37:09,303 INFO c.h.h.t.HelmChartContainer - [test-hivemq-platform] [hivemq] [42a2b393] INFO  - Starting extension with id "hivemq-allow-all-extension" at /opt/hivemq/extensions/hivemq-allow-all-extension
2025-01-28 23:37:09,304 INFO c.h.h.t.HelmChartContainer - [test-hivemq-platform] [hivemq] [42a2b393] WARN  - 
2025-01-28 23:37:09,305 INFO c.h.h.t.HelmChartContainer - [test-hivemq-platform] [hivemq] [42a2b393] ################################################################################################################
2025-01-28 23:37:09,305 INFO c.h.h.t.HelmChartContainer - [test-hivemq-platform] [hivemq] [42a2b393] # This HiveMQ deployment is not secure! You are lacking Authentication and Authorization.                      #
2025-01-28 23:37:09,305 INFO c.h.h.t.HelmChartContainer - [test-hivemq-platform] [hivemq] [42a2b393] # Right now any MQTT client can connect to the broker with a full set of permissions.                          #
2025-01-28 23:37:09,305 INFO c.h.h.t.HelmChartContainer - [test-hivemq-platform] [hivemq] [42a2b393] # For production usage, add an appropriate security extension and remove the hivemq-allow-all extension.       #
2025-01-28 23:37:09,305 INFO c.h.h.t.HelmChartContainer - [test-hivemq-platform] [hivemq] [42a2b393] # You can download security extensions from the HiveMQ Marketplace (https://www.hivemq.com/extensions/).       #
2025-01-28 23:37:09,305 INFO c.h.h.t.HelmChartContainer - [test-hivemq-platform] [hivemq] [42a2b393] ################################################################################################################
2025-01-28 23:37:09,305 INFO c.h.h.t.HelmChartContainer - [test-hivemq-platform] [hivemq] [42a2b393] DEBUG - Simple authenticator added by extension 'hivemq-allow-all-extension'.
2025-01-28 23:37:09,305 INFO c.h.h.t.HelmChartContainer - [test-hivemq-platform] [hivemq] [42a2b393] INFO  - Extension "Allow All Extension" version 1.1.1 started successfully.
2025-01-28 23:37:09,415 INFO c.h.h.t.HelmChartContainer - [test-hivemq-platform] [hivemq] [42a2b393] DEBUG - HiveMQ DNS Cluster Discovery Extension: Discovered new address '10.42.0.9'.
2025-01-28 23:37:11,416 INFO c.h.h.t.HelmChartContainer - [test-hivemq-platform] [hivemq] [42a2b393] INFO  - bIVv0: no members discovered after 2704 ms: creating cluster as first member
2025-01-28 23:37:11,422 INFO c.h.h.t.HelmChartContainer - [test-hivemq-platform] [hivemq] [42a2b393] INFO  - Cluster nodes found by discovery: [bIVv0|0] (1) [bIVv0].
2025-01-28 23:37:11,424 INFO c.h.h.t.HelmChartContainer - [test-hivemq-platform] [hivemq] [42a2b393] DEBUG - State of node bIVv0 changed to UNKNOWN was null. Current cluster node states: {bIVv0=UNKNOWN}
2025-01-28 23:37:11,439 INFO c.h.h.t.HelmChartContainer - [test-hivemq-platform] [hivemq] [42a2b393] DEBUG - State of node bIVv0 set to RUNNING. Current cluster node states: {bIVv0=RUNNING}
2025-01-28 23:37:11,503 INFO c.h.h.t.HelmChartContainer - [test-hivemq-platform] [hivemq] [42a2b393] WARN  - No user for HiveMQ Control Center configured. Starting with default user
2025-01-28 23:37:11,503 INFO c.h.h.t.HelmChartContainer - [test-hivemq-platform] [hivemq] [42a2b393] INFO  - Starting HiveMQ Control Center on address 0.0.0.0 and port 8080
2025-01-28 23:37:11,506 INFO c.h.h.t.HelmChartContainer - [test-hivemq-platform] [hivemq] [42a2b393] INFO  - Mounting HiveMQ Control Center V2 Preview
2025-01-28 23:37:12,122 INFO c.h.h.t.HelmChartContainer - [test-hivemq-platform] [hivemq] [42a2b393] INFO  - Started HiveMQ Control Center in 620ms
2025-01-28 23:37:12,213 INFO c.h.h.t.HelmChartContainer - [EVENT] Warning [Unhealthy] Readiness probe failed: HTTP probe failed with statuscode: 503 [helmcustomlogbackit:test-hivemq-platform-0]
2025-01-28 23:37:12,213 INFO c.h.h.t.HelmChartContainer - Received Unhealthy event for container hivemq in pod test-hivemq-platform-0 [42a2b393-3686-4c55-92ab-5c1722af9544]
2025-01-28 23:37:12,217 INFO c.h.h.t.HelmChartContainer - [test-hivemq-platform] [hivemq] [42a2b393] INFO  - Starting TCP listener on address 0.0.0.0 and port 1883
2025-01-28 23:37:12,314 INFO c.h.h.t.HelmChartContainer - [test-hivemq-platform] [hivemq] [42a2b393] INFO  - Started TCP Listener on address 0.0.0.0 and on port 1883.
2025-01-28 23:37:12,314 INFO c.h.h.t.HelmChartContainer - [test-hivemq-platform] [hivemq] [42a2b393] INFO  - Started HiveMQ in 33401ms
2025-01-28 23:37:17,127 INFO c.h.h.t.HelmChartContainer - [test-hivemq-platform] [hivemq] [42a2b393] INFO  - [HiveMQ Platform Operator Init App 1.7.0-SNAPSHOT] Returning Health API response 200 for readiness
2025-01-28 23:37:17,144 INFO c.h.h.t.HelmChartContainer - [POD] test-hivemq-platform-0 [42a2b393-3686-4c55-92ab-5c1722af9544] in helmcustomlogbackit was MODIFIED
2025-01-28 23:37:17,148 INFO c.h.h.t.HelmChartContainer - [hivemq-test-hivemq-platform] [hivemq-platform-operator] [927cb1b1] 23:37:17.145 [pool-6-thread-1] DEBUG c.h.p.o.d.PlatformServiceResource - [helmcust] Desired Platform services (3 services)
2025-01-28 23:37:17,153 INFO c.h.h.t.HelmChartContainer - [hivemq-test-hivemq-platform] [hivemq-platform-operator] [927cb1b1] 23:37:17.149 [pool-6-thread-3] DEBUG c.h.p.o.dependants.PodInfoConfigMap - [helmcust] Desired PodInfo ConfigMap (1 extensions) (1 enabled)
2025-01-28 23:37:17,153 INFO c.h.h.t.HelmChartContainer - [hivemq-test-hivemq-platform] [hivemq-platform-operator] [927cb1b1] 23:37:17.151 [pool-6-thread-3] DEBUG c.h.p.o.dependants.PodInfoConfigMap - [helmcust] Desired PodInfo ConfigMap (metrics port: 9399) (metrics path: /)
2025-01-28 23:37:17,153 INFO c.h.h.t.HelmChartContainer - [hivemq-test-hivemq-platform] [hivemq-platform-operator] [927cb1b1] 23:37:17.151 [pool-6-thread-3] DEBUG c.h.p.o.dependants.PodInfoConfigMap - [helmcust] Desired PodInfo ConfigMap (extension state hash: -1817474005)
2025-01-28 23:37:17,156 INFO c.h.h.t.HelmChartContainer - [hivemq-test-hivemq-platform] [hivemq-platform-operator] [927cb1b1] 23:37:17.147 [pool-6-thread-10] DEBUG c.h.p.o.d.PodServiceAccountResource - [helmcust] Desired PodServiceAccountResource (serviceAccountName: hivemq-platform-pod-test-hivemq-platform)
2025-01-28 23:37:17,159 INFO c.h.h.t.HelmChartContainer - [hivemq-test-hivemq-platform] [hivemq-platform-operator] [927cb1b1] 23:37:17.158 [pool-6-thread-1] DEBUG c.h.p.o.d.StatefulSetResource - [helmcust] Desired StatefulSet (1 replicas) for status STARTING (READY)
2025-01-28 23:37:17,162 INFO c.h.h.t.HelmChartContainer - [hivemq-test-hivemq-platform] [hivemq-platform-operator] [927cb1b1] 23:37:17.161 [ReconcilerExecutor-hivemq-controller-114] INFO  c.h.p.o.HiveMQPlatformReconciler - [helmcust] Reconciling HiveMQ Platform 'test-hivemq-platform' in namespace 'helmcustomlogbackit'
2025-01-28 23:37:17,162 INFO c.h.h.t.HelmChartContainer - [hivemq-test-hivemq-platform] [hivemq-platform-operator] [927cb1b1] 23:37:17.162 [ReconcilerExecutor-hivemq-controller-114] DEBUG c.h.p.o.HiveMQPlatformReconciler - [helmcust] Custom Resource Status STARTING - HiveMQ Platform is starting (READY)
2025-01-28 23:37:17,163 INFO c.h.h.t.HelmChartContainer - [hivemq-test-hivemq-platform] [hivemq-platform-operator] [927cb1b1] 23:37:17.162 [ReconcilerExecutor-hivemq-controller-114] DEBUG c.h.p.o.HiveMQPlatformReconciler - [helmcust] Custom Resource Spec (replicas: 1) (extensions: 1)
2025-01-28 23:37:17,166 INFO c.h.h.t.HelmChartContainer - [hivemq-test-hivemq-platform] [hivemq-platform-operator] [927cb1b1] 23:37:17.163 [ReconcilerExecutor-hivemq-controller-114] DEBUG c.h.p.o.HiveMQPlatformReconciler - [helmcust] StatefulSet Status (revision: test-hivemq-platform-989b74cd6, replicas: 1, available: 1, ready: 1, current: 1, updated: 1)
2025-01-28 23:37:17,166 INFO c.h.h.t.HelmChartContainer - [hivemq-test-hivemq-platform] [hivemq-platform-operator] [927cb1b1] 23:37:17.163 [ReconcilerExecutor-hivemq-controller-114] DEBUG c.h.p.o.HiveMQPlatformReconciler - [helmcust] StatefulSet Spec (replicas: 1, init containers: 1, containers: 1, volumes: 3)
2025-01-28 23:37:17,166 INFO c.h.h.t.HelmChartContainer - [hivemq-test-hivemq-platform] [hivemq-platform-operator] [927cb1b1] 23:37:17.164 [ReconcilerExecutor-hivemq-controller-114] DEBUG c.h.p.o.h.HiveMQPlatformReconcilerErrorHandler - [helmcust] Pod 'test-hivemq-platform-0' phase Running
2025-01-28 23:37:17,166 INFO c.h.h.t.HelmChartContainer - [hivemq-test-hivemq-platform] [hivemq-platform-operator] [927cb1b1] 23:37:17.165 [ReconcilerExecutor-hivemq-controller-114] INFO  c.h.p.o.h.HiveMQPlatformReconcilerBaseHandler - [helmcust] HiveMQ Platform started successfully
2025-01-28 23:37:17,264 INFO c.h.h.t.HelmChartContainer - [hivemq-test-hivemq-platform] [hivemq-platform-operator] [927cb1b1] 23:37:17.263 [ReconcilerExecutor-hivemq-controller-114] DEBUG c.h.p.operator.event.EventSender - [helmcust] Creating K8s event hivemq-platform-ready: [Ready] HiveMQ Platform is ready
2025-01-28 23:37:17,288 INFO c.h.h.t.HelmChartContainer - [EVENT] Normal [Ready] HiveMQ Platform is ready [helmcustomlogbackit:test-hivemq-platform]
2025-01-28 23:37:17,290 INFO c.h.h.t.HelmChartContainer - [hivemq-test-hivemq-platform] [hivemq-platform-operator] [927cb1b1] 23:37:17.289 [ReconcilerExecutor-hivemq-controller-114] INFO  c.h.p.o.h.AbstractHiveMQReconcilerStateHandler - [helmcust] Update HiveMQ Platform Status (STARTING [READY] -> RUNNING [READY]): HiveMQ Platform is ready
2025-01-28 23:37:17,298 DEBUG com.hivemq.helmcharts.util.K8sUtil - Comparing actual state 'RUNNING' and waiting for 'RUNNING'
2025-01-28 23:37:17,360 INFO c.h.h.t.HelmChartContainer - [hivemq-test-hivemq-platform] [hivemq-platform-operator] [927cb1b1] 23:37:17.356 [pool-6-thread-18] DEBUG c.h.p.o.d.PlatformServiceResource - [helmcust] Desired Platform services (3 services)
2025-01-28 23:37:17,360 INFO c.h.h.t.HelmChartContainer - [hivemq-test-hivemq-platform] [hivemq-platform-operator] [927cb1b1] 23:37:17.359 [pool-6-thread-15] DEBUG c.h.p.o.d.PodServiceAccountResource - [helmcust] Desired PodServiceAccountResource (serviceAccountName: hivemq-platform-pod-test-hivemq-platform)
2025-01-28 23:37:17,361 INFO c.h.h.t.HelmChartContainer - [hivemq-test-hivemq-platform] [hivemq-platform-operator] [927cb1b1] 23:37:17.360 [pool-6-thread-11] DEBUG c.h.p.o.dependants.PodInfoConfigMap - [helmcust] Desired PodInfo ConfigMap (1 extensions) (1 enabled)
2025-01-28 23:37:17,361 INFO c.h.h.t.HelmChartContainer - [hivemq-test-hivemq-platform] [hivemq-platform-operator] [927cb1b1] 23:37:17.360 [pool-6-thread-11] DEBUG c.h.p.o.dependants.PodInfoConfigMap - [helmcust] Desired PodInfo ConfigMap (metrics port: 9399) (metrics path: /)
2025-01-28 23:37:17,361 INFO c.h.h.t.HelmChartContainer - [hivemq-test-hivemq-platform] [hivemq-platform-operator] [927cb1b1] 23:37:17.360 [pool-6-thread-11] DEBUG c.h.p.o.dependants.PodInfoConfigMap - [helmcust] Desired PodInfo ConfigMap (extension state hash: -1817474005)
2025-01-28 23:37:17,386 INFO c.h.h.t.HelmChartContainer - [hivemq-test-hivemq-platform] [hivemq-platform-operator] [927cb1b1] 23:37:17.383 [pool-6-thread-11] DEBUG c.h.p.o.dependants.PodInfoConfigMap - [helmcust] Update PodInfo ConfigMap
2025-01-28 23:37:17,407 DEBUG com.hivemq.helmcharts.util.PodUtil - Received status for command '[cat, /opt/hivemq/conf/logback.xml]' on pod 'test-hivemq-platform-0' (exit code: 0)
2025-01-28 23:37:17,408 INFO c.h.h.t.HelmChartContainer - Uninstalling release 'test-hivemq-platform' in namespace 'helmcustomlogbackit'...
2025-01-28 23:37:17,408 DEBUG c.h.h.t.HelmChartContainer - Executing helm command: /bin/helm --kubeconfig /etc/rancher/k3s/k3s.yaml uninstall test-hivemq-platform  --wait --timeout 5m0s --cascade foreground --namespace helmcustomlogbackit
2025-01-28 23:37:17,458 INFO c.h.h.t.HelmChartContainer - [hivemq-test-hivemq-platform] [hivemq-platform-operator] [927cb1b1] 23:37:17.456 [pool-6-thread-11] DEBUG c.h.p.o.d.StatefulSetResource - [helmcust] Desired StatefulSet (1 replicas) for status RUNNING (READY)
2025-01-28 23:37:17,462 INFO c.h.h.t.HelmChartContainer - [hivemq-test-hivemq-platform] [hivemq-platform-operator] [927cb1b1] 23:37:17.461 [ReconcilerExecutor-hivemq-controller-115] INFO  c.h.p.o.HiveMQPlatformReconciler - [helmcust] Reconciling HiveMQ Platform 'test-hivemq-platform' in namespace 'helmcustomlogbackit'
2025-01-28 23:37:17,462 INFO c.h.h.t.HelmChartContainer - [hivemq-test-hivemq-platform] [hivemq-platform-operator] [927cb1b1] 23:37:17.461 [ReconcilerExecutor-hivemq-controller-115] DEBUG c.h.p.o.HiveMQPlatformReconciler - [helmcust] Custom Resource Status RUNNING - HiveMQ Platform is ready (READY)
2025-01-28 23:37:17,462 INFO c.h.h.t.HelmChartContainer - [hivemq-test-hivemq-platform] [hivemq-platform-operator] [927cb1b1] 23:37:17.461 [ReconcilerExecutor-hivemq-controller-115] DEBUG c.h.p.o.HiveMQPlatformReconciler - [helmcust] Custom Resource Spec (replicas: 1) (extensions: 1)
2025-01-28 23:37:17,487 INFO c.h.h.t.HelmChartContainer - [hivemq-test-hivemq-platform] [hivemq-platform-operator] [927cb1b1] 23:37:17.486 [ReconcilerExecutor-hivemq-controller-115] DEBUG c.h.p.o.HiveMQPlatformReconciler - [helmcust] StatefulSet Status (revision: test-hivemq-platform-989b74cd6, replicas: 1, available: 1, ready: 1, current: 1, updated: 1)
2025-01-28 23:37:17,487 INFO c.h.h.t.HelmChartContainer - [hivemq-test-hivemq-platform] [hivemq-platform-operator] [927cb1b1] 23:37:17.486 [ReconcilerExecutor-hivemq-controller-115] DEBUG c.h.p.o.HiveMQPlatformReconciler - [helmcust] StatefulSet Spec (replicas: 1, init containers: 1, containers: 1, volumes: 3)
2025-01-28 23:37:17,489 INFO c.h.h.t.HelmChartContainer - [hivemq-test-hivemq-platform] [hivemq-platform-operator] [927cb1b1] 23:37:17.488 [ReconcilerExecutor-hivemq-controller-115] DEBUG c.h.p.o.h.HiveMQPlatformReconcilerErrorHandler - [helmcust] Pod 'test-hivemq-platform-0' phase Running
2025-01-28 23:37:17,629 INFO c.h.h.t.HelmChartContainer - [hivemq-test-hivemq-platform] [hivemq-platform-operator] [927cb1b1] 23:37:17.614 [pool-6-thread-21] DEBUG c.h.p.o.d.PlatformServiceResource - [helmcust] Desired Platform services (3 services)
2025-01-28 23:37:17,638 INFO c.h.h.t.HelmChartContainer - [hivemq-test-hivemq-platform] [hivemq-platform-operator] [927cb1b1] 23:37:17.626 [pool-6-thread-27] DEBUG c.h.p.o.dependants.PodInfoConfigMap - [helmcust] Desired PodInfo ConfigMap (1 extensions) (1 enabled)
2025-01-28 23:37:17,639 INFO c.h.h.t.HelmChartContainer - [hivemq-test-hivemq-platform] [hivemq-platform-operator] [927cb1b1] 23:37:17.626 [pool-6-thread-27] DEBUG c.h.p.o.dependants.PodInfoConfigMap - [helmcust] Desired PodInfo ConfigMap (metrics port: 9399) (metrics path: /)
2025-01-28 23:37:17,639 INFO c.h.h.t.HelmChartContainer - [hivemq-test-hivemq-platform] [hivemq-platform-operator] [927cb1b1] 23:37:17.626 [pool-6-thread-27] DEBUG c.h.p.o.dependants.PodInfoConfigMap - [helmcust] Desired PodInfo ConfigMap (extension state hash: -1817474005)
2025-01-28 23:37:17,639 INFO c.h.h.t.HelmChartContainer - [hivemq-test-hivemq-platform] [hivemq-platform-operator] [927cb1b1] 23:37:17.630 [pool-6-thread-24] DEBUG c.h.p.o.d.PodServiceAccountResource - [helmcust] Desired PodServiceAccountResource (serviceAccountName: hivemq-platform-pod-test-hivemq-platform)
2025-01-28 23:37:17,701 INFO c.h.h.t.HelmChartContainer - [hivemq-test-hivemq-platform] [hivemq-platform-operator] [927cb1b1] 23:37:17.693 [pool-6-thread-27] DEBUG c.h.p.o.d.StatefulSetResource - [helmcust] Desired StatefulSet (1 replicas) for status RUNNING (READY)
2025-01-28 23:37:17,707 INFO c.h.h.t.HelmChartContainer - [hivemq-test-hivemq-platform] [hivemq-platform-operator] [927cb1b1] 23:37:17.705 [pool-6-thread-27] DEBUG c.h.p.o.d.StatefulSetResource - [helmcust] Update StatefulSet (replicas: 1 -> 1)
2025-01-28 23:37:17,708 INFO c.h.h.t.HelmChartContainer - [hivemq-test-hivemq-platform] [hivemq-platform-operator] [927cb1b1] 23:37:17.706 [pool-6-thread-27] DEBUG c.h.p.o.d.StatefulSetResource - [helmcust] Detected change in StatefulSet specification (path: /template/metadata/annotations/kubernetes-resource-versions) (actual value: {broker-configuration-v2=-2089688360}) (target value: {broker-configuration-v2=0})
2025-01-28 23:37:17,708 INFO c.h.h.t.HelmChartContainer - [hivemq-test-hivemq-platform] [hivemq-platform-operator] [927cb1b1] 23:37:17.706 [pool-6-thread-27] INFO  c.h.p.o.d.StatefulSetResource - [helmcust] StatefulSet spec was updated, triggering rolling restart
2025-01-28 23:37:17,801 INFO c.h.h.t.HelmChartContainer - [hivemq-test-hivemq-platform] [hivemq-platform-operator] [927cb1b1] 23:37:17.800 [ReconcilerExecutor-hivemq-controller-116] INFO  c.h.p.o.HiveMQPlatformReconciler - [helmcust] Reconciling HiveMQ Platform 'test-hivemq-platform' in namespace 'helmcustomlogbackit'
2025-01-28 23:37:17,802 INFO c.h.h.t.HelmChartContainer - [hivemq-test-hivemq-platform] [hivemq-platform-operator] [927cb1b1] 23:37:17.800 [ReconcilerExecutor-hivemq-controller-116] DEBUG c.h.p.o.HiveMQPlatformReconciler - [helmcust] Custom Resource Status RUNNING - HiveMQ Platform is ready (READY) (reconciliation requests: ROLLING_RESTART, REQUESTS_UPDATED)
2025-01-28 23:37:17,802 INFO c.h.h.t.HelmChartContainer - [hivemq-test-hivemq-platform] [hivemq-platform-operator] [927cb1b1] 23:37:17.800 [ReconcilerExecutor-hivemq-controller-116] DEBUG c.h.p.o.HiveMQPlatformReconciler - [helmcust] Custom Resource Spec (replicas: 1) (extensions: 1)
2025-01-28 23:37:17,802 INFO c.h.h.t.HelmChartContainer - [hivemq-test-hivemq-platform] [hivemq-platform-operator] [927cb1b1] 23:37:17.801 [ReconcilerExecutor-hivemq-controller-116] WARN  c.h.p.o.h.HiveMQPlatformReconcilerErrorHandler - [helmcust] Could not find ConfigMap 'hivemq-configuration-test-hivemq-platform' for HiveMQ Platform configuration
2025-01-28 23:37:17,905 INFO c.h.h.t.HelmChartContainer - [hivemq-test-hivemq-platform] [hivemq-platform-operator] [927cb1b1] 23:37:17.903 [ReconcilerExecutor-hivemq-controller-116] DEBUG c.h.p.operator.event.EventSender - [helmcust] Creating K8s event hivemq-platform-invalid-configuration: [Start] Could not find ConfigMap 'hivemq-configuration-test-hivemq-platform' for HiveMQ Platform configuration
2025-01-28 23:37:17,987 INFO c.h.h.t.HelmChartContainer - [EVENT] Warning [Start] Could not find ConfigMap 'hivemq-configuration-test-hivemq-platform' for HiveMQ Platform configuration [helmcustomlogbackit:test-hivemq-platform]
2025-01-28 23:37:17,989 INFO c.h.h.t.HelmChartContainer - [hivemq-test-hivemq-platform] [hivemq-platform-operator] [927cb1b1] 23:37:17.988 [ReconcilerExecutor-hivemq-controller-116] INFO  c.h.p.o.h.AbstractHiveMQReconcilerStateHandler - [helmcust] Update HiveMQ Platform Status (RUNNING [READY] -> ERROR [INVALID_CONFIG_MAP]): Could not find ConfigMap 'hivemq-configuration-test-hivemq-platform' for HiveMQ Platform configuration (reconciliation requests: ROLLING_RESTART)
2025-01-28 23:37:17,999 INFO c.h.h.t.HelmChartContainer - [hivemq-test-hivemq-platform] [hivemq-platform-operator] [927cb1b1] 23:37:17.996 [ReconcilerExecutor-hivemq-controller-116] ERROR i.j.o.p.event.EventProcessor - Error during event processing ExecutionScope{ resource id: ResourceID{name='test-hivemq-platform', namespace='helmcustomlogbackit'}, version: 898}
2025-01-28 23:37:17,999 INFO c.h.h.t.HelmChartContainer - [hivemq-test-hivemq-platform] [hivemq-platform-operator] [927cb1b1] io.fabric8.kubernetes.client.KubernetesClientException: Failure executing: PUT at: https://10.43.0.1:443/apis/hivemq.com/v1/namespaces/helmcustomlogbackit/hivemq-platforms/test-hivemq-platform/status. Message: Operation cannot be fulfilled on hivemq-platforms.hivemq.com "test-hivemq-platform": the object has been modified; please apply your changes to the latest version and try again. Received status: Status(apiVersion=v1, code=409, details=StatusDetails(causes=[], group=hivemq.com, kind=hivemq-platforms, name=test-hivemq-platform, retryAfterSeconds=null, uid=null, additionalProperties={}), kind=Status, message=Operation cannot be fulfilled on hivemq-platforms.hivemq.com "test-hivemq-platform": the object has been modified; please apply your changes to the latest version and try again, metadata=ListMeta(_continue=null, remainingItemCount=null, resourceVersion=null, selfLink=null, additionalProperties={}), reason=Conflict, status=Failure, additionalProperties={}).
2025-01-28 23:37:17,999 INFO c.h.h.t.HelmChartContainer - [hivemq-test-hivemq-platform] [hivemq-platform-operator] [927cb1b1] 	at io.fabric8.kubernetes.client.KubernetesClientException.copyAsCause(KubernetesClientException.java:238)
2025-01-28 23:37:17,999 INFO c.h.h.t.HelmChartContainer - [hivemq-test-hivemq-platform] [hivemq-platform-operator] [927cb1b1] 	at io.fabric8.kubernetes.client.dsl.internal.OperationSupport.waitForResult(OperationSupport.java:507)
2025-01-28 23:37:17,999 INFO c.h.h.t.HelmChartContainer - [hivemq-test-hivemq-platform] [hivemq-platform-operator] [927cb1b1] 	at io.fabric8.kubernetes.client.dsl.internal.OperationSupport.handleResponse(OperationSupport.java:524)
2025-01-28 23:37:17,999 INFO c.h.h.t.HelmChartContainer - [hivemq-test-hivemq-platform] [hivemq-platform-operator] [927cb1b1] 	at io.fabric8.kubernetes.client.dsl.internal.OperationSupport.handleUpdate(OperationSupport.java:358)
2025-01-28 23:37:17,999 INFO c.h.h.t.HelmChartContainer - [hivemq-test-hivemq-platform] [hivemq-platform-operator] [927cb1b1] 	at io.fabric8.kubernetes.client.dsl.internal.BaseOperation.handleUpdate(BaseOperation.java:759)
2025-01-28 23:37:17,999 INFO c.h.h.t.HelmChartContainer - [hivemq-test-hivemq-platform] [hivemq-platform-operator] [927cb1b1] 	at io.fabric8.kubernetes.client.dsl.internal.HasMetadataOperation.update(HasMetadataOperation.java:138)
2025-01-28 23:37:17,999 INFO c.h.h.t.HelmChartContainer - [hivemq-test-hivemq-platform] [hivemq-platform-operator] [927cb1b1] 	at io.fabric8.kubernetes.client.dsl.internal.HasMetadataOperation.update(HasMetadataOperation.java:121)
2025-01-28 23:37:17,999 INFO c.h.h.t.HelmChartContainer - [hivemq-test-hivemq-platform] [hivemq-platform-operator] [927cb1b1] 	at io.fabric8.kubernetes.client.dsl.internal.HasMetadataOperation.updateStatus(HasMetadataOperation.java:126)
2025-01-28 23:37:17,999 INFO c.h.h.t.HelmChartContainer - [hivemq-test-hivemq-platform] [hivemq-platform-operator] [927cb1b1] 	at io.fabric8.kubernetes.client.dsl.internal.HasMetadataOperation.updateStatus(HasMetadataOperation.java:44)
2025-01-28 23:37:17,999 INFO c.h.h.t.HelmChartContainer - [hivemq-test-hivemq-platform] [hivemq-platform-operator] [927cb1b1] 	at io.javaoperatorsdk.operator.processing.event.ReconciliationDispatcher$CustomResourceFacade.updateStatus(ReconciliationDispatcher.java:408)
2025-01-28 23:37:17,999 INFO c.h.h.t.HelmChartContainer - [hivemq-test-hivemq-platform] [hivemq-platform-operator] [927cb1b1] 	at io.javaoperatorsdk.operator.processing.event.ReconciliationDispatcher.updateStatusGenerationAware(ReconciliationDispatcher.java:228)
2025-01-28 23:37:17,999 INFO c.h.h.t.HelmChartContainer - [hivemq-test-hivemq-platform] [hivemq-platform-operator] [927cb1b1] 	at io.javaoperatorsdk.operator.processing.event.ReconciliationDispatcher.reconcileExecution(ReconciliationDispatcher.java:150)
2025-01-28 23:37:17,999 INFO c.h.h.t.HelmChartContainer - [hivemq-test-hivemq-platform] [hivemq-platform-operator] [927cb1b1] 	at io.javaoperatorsdk.operator.processing.event.ReconciliationDispatcher.handleReconcile(ReconciliationDispatcher.java:117)
2025-01-28 23:37:17,999 INFO c.h.h.t.HelmChartContainer - [hivemq-test-hivemq-platform] [hivemq-platform-operator] [927cb1b1] 	at io.javaoperatorsdk.operator.processing.event.ReconciliationDispatcher.handleDispatch(ReconciliationDispatcher.java:91)
2025-01-28 23:37:17,999 INFO c.h.h.t.HelmChartContainer - [hivemq-test-hivemq-platform] [hivemq-platform-operator] [927cb1b1] 	at io.javaoperatorsdk.operator.processing.event.ReconciliationDispatcher.handleExecution(ReconciliationDispatcher.java:64)
2025-01-28 23:37:18,000 INFO c.h.h.t.HelmChartContainer - [hivemq-test-hivemq-platform] [hivemq-platform-operator] [927cb1b1] 	at io.javaoperatorsdk.operator.processing.event.EventProcessor$ReconcilerExecutor.run(EventProcessor.java:452)
2025-01-28 23:37:18,000 INFO c.h.h.t.HelmChartContainer - [hivemq-test-hivemq-platform] [hivemq-platform-operator] [927cb1b1] 	at java.base/java.util.concurrent.ThreadPoolExecutor.runWorker(Unknown Source)
2025-01-28 23:37:18,000 INFO c.h.h.t.HelmChartContainer - [hivemq-test-hivemq-platform] [hivemq-platform-operator] [927cb1b1] 	at java.base/java.util.concurrent.ThreadPoolExecutor$Worker.run(Unknown Source)
2025-01-28 23:37:18,000 INFO c.h.h.t.HelmChartContainer - [hivemq-test-hivemq-platform] [hivemq-platform-operator] [927cb1b1] 	at java.base/java.lang.Thread.run(Unknown Source)
2025-01-28 23:37:18,000 INFO c.h.h.t.HelmChartContainer - [hivemq-test-hivemq-platform] [hivemq-platform-operator] [927cb1b1] Caused by: io.fabric8.kubernetes.client.KubernetesClientException: Failure executing: PUT at: https://10.43.0.1:443/apis/hivemq.com/v1/namespaces/helmcustomlogbackit/hivemq-platforms/test-hivemq-platform/status. Message: Operation cannot be fulfilled on hivemq-platforms.hivemq.com "test-hivemq-platform": the object has been modified; please apply your changes to the latest version and try again. Received status: Status(apiVersion=v1, code=409, details=StatusDetails(causes=[], group=hivemq.com, kind=hivemq-platforms, name=test-hivemq-platform, retryAfterSeconds=null, uid=null, additionalProperties={}), kind=Status, message=Operation cannot be fulfilled on hivemq-platforms.hivemq.com "test-hivemq-platform": the object has been modified; please apply your changes to the latest version and try again, metadata=ListMeta(_continue=null, remainingItemCount=null, resourceVersion=null, selfLink=null, additionalProperties={}), reason=Conflict, status=Failure, additionalProperties={}).
2025-01-28 23:37:18,000 INFO c.h.h.t.HelmChartContainer - [hivemq-test-hivemq-platform] [hivemq-platform-operator] [927cb1b1] 	at io.fabric8.kubernetes.client.dsl.internal.OperationSupport.requestFailure(OperationSupport.java:660)
2025-01-28 23:37:18,000 INFO c.h.h.t.HelmChartContainer - [hivemq-test-hivemq-platform] [hivemq-platform-operator] [927cb1b1] 	at io.fabric8.kubernetes.client.dsl.internal.OperationSupport.requestFailure(OperationSupport.java:640)
2025-01-28 23:37:18,000 INFO c.h.h.t.HelmChartContainer - [hivemq-test-hivemq-platform] [hivemq-platform-operator] [927cb1b1] 	at io.fabric8.kubernetes.client.dsl.internal.OperationSupport.assertResponseCode(OperationSupport.java:589)
2025-01-28 23:37:18,000 INFO c.h.h.t.HelmChartContainer - [hivemq-test-hivemq-platform] [hivemq-platform-operator] [927cb1b1] 	at io.fabric8.kubernetes.client.dsl.internal.OperationSupport.lambda$handleResponse$0(OperationSupport.java:549)
2025-01-28 23:37:18,000 INFO c.h.h.t.HelmChartContainer - [hivemq-test-hivemq-platform] [hivemq-platform-operator] [927cb1b1] 	at java.base/java.util.concurrent.CompletableFuture$UniApply.tryFire(Unknown Source)
2025-01-28 23:37:18,000 INFO c.h.h.t.HelmChartContainer - [hivemq-test-hivemq-platform] [hivemq-platform-operator] [927cb1b1] 	at java.base/java.util.concurrent.CompletableFuture.postComplete(Unknown Source)
2025-01-28 23:37:18,000 INFO c.h.h.t.HelmChartContainer - [hivemq-test-hivemq-platform] [hivemq-platform-operator] [927cb1b1] 	at java.base/java.util.concurrent.CompletableFuture.complete(Unknown Source)
2025-01-28 23:37:18,001 INFO c.h.h.t.HelmChartContainer - [hivemq-test-hivemq-platform] [hivemq-platform-operator] [927cb1b1] 	at io.fabric8.kubernetes.client.http.StandardHttpClient.lambda$completeOrCancel$10(StandardHttpClient.java:141)
2025-01-28 23:37:18,001 INFO c.h.h.t.HelmChartContainer - [hivemq-test-hivemq-platform] [hivemq-platform-operator] [927cb1b1] 	at java.base/java.util.concurrent.CompletableFuture.uniWhenComplete(Unknown Source)
2025-01-28 23:37:18,001 INFO c.h.h.t.HelmChartContainer - [hivemq-test-hivemq-platform] [hivemq-platform-operator] [927cb1b1] 	at java.base/java.util.concurrent.CompletableFuture$UniWhenComplete.tryFire(Unknown Source)
2025-01-28 23:37:18,001 INFO c.h.h.t.HelmChartContainer - [hivemq-test-hivemq-platform] [hivemq-platform-operator] [927cb1b1] 	at java.base/java.util.concurrent.CompletableFuture.postComplete(Unknown Source)
2025-01-28 23:37:18,001 INFO c.h.h.t.HelmChartContainer - [hivemq-test-hivemq-platform] [hivemq-platform-operator] [927cb1b1] 	at java.base/java.util.concurrent.CompletableFuture.complete(Unknown Source)
2025-01-28 23:37:18,001 INFO c.h.h.t.HelmChartContainer - [hivemq-test-hivemq-platform] [hivemq-platform-operator] [927cb1b1] 	at io.fabric8.kubernetes.client.http.ByteArrayBodyHandler.onBodyDone(ByteArrayBodyHandler.java:51)
2025-01-28 23:37:18,001 INFO c.h.h.t.HelmChartContainer - [hivemq-test-hivemq-platform] [hivemq-platform-operator] [927cb1b1] 	at java.base/java.util.concurrent.CompletableFuture.uniWhenComplete(Unknown Source)
2025-01-28 23:37:18,001 INFO c.h.h.t.HelmChartContainer - [hivemq-test-hivemq-platform] [hivemq-platform-operator] [927cb1b1] 	at java.base/java.util.concurrent.CompletableFuture$UniWhenComplete.tryFire(Unknown Source)
2025-01-28 23:37:18,001 INFO c.h.h.t.HelmChartContainer - [hivemq-test-hivemq-platform] [hivemq-platform-operator] [927cb1b1] 	at java.base/java.util.concurrent.CompletableFuture.postComplete(Unknown Source)
2025-01-28 23:37:18,001 INFO c.h.h.t.HelmChartContainer - [hivemq-test-hivemq-platform] [hivemq-platform-operator] [927cb1b1] 	at java.base/java.util.concurrent.CompletableFuture.complete(Unknown Source)
2025-01-28 23:37:18,001 INFO c.h.h.t.HelmChartContainer - [hivemq-test-hivemq-platform] [hivemq-platform-operator] [927cb1b1] 	at io.fabric8.kubernetes.client.vertx.VertxHttpRequest.lambda$null$1(VertxHttpRequest.java:121)
2025-01-28 23:37:18,001 INFO c.h.h.t.HelmChartContainer - [hivemq-test-hivemq-platform] [hivemq-platform-operator] [927cb1b1] 	at io.vertx.core.impl.ContextInternal.dispatch(ContextInternal.java:279)
2025-01-28 23:37:18,001 INFO c.h.h.t.HelmChartContainer - [hivemq-test-hivemq-platform] [hivemq-platform-operator] [927cb1b1] 	at io.vertx.core.impl.ContextInternal.dispatch(ContextInternal.java:261)
2025-01-28 23:37:18,001 INFO c.h.h.t.HelmChartContainer - [hivemq-test-hivemq-platform] [hivemq-platform-operator] [927cb1b1] 	at io.vertx.core.http.impl.HttpEventHandler.handleEnd(HttpEventHandler.java:76)
2025-01-28 23:37:18,001 INFO c.h.h.t.HelmChartContainer - [hivemq-test-hivemq-platform] [hivemq-platform-operator] [927cb1b1] 	at io.vertx.core.http.impl.HttpClientResponseImpl.handleEnd(HttpClientResponseImpl.java:250)
2025-01-28 23:37:18,001 INFO c.h.h.t.HelmChartContainer - [hivemq-test-hivemq-platform] [hivemq-platform-operator] [927cb1b1] 	at io.vertx.core.http.impl.Http1xClientConnection$StreamImpl.lambda$new$0(Http1xClientConnection.java:421)
2025-01-28 23:37:18,001 INFO c.h.h.t.HelmChartContainer - [hivemq-test-hivemq-platform] [hivemq-platform-operator] [927cb1b1] 	at io.vertx.core.streams.impl.InboundBuffer.handleEvent(InboundBuffer.java:279)
2025-01-28 23:37:18,001 INFO c.h.h.t.HelmChartContainer - [hivemq-test-hivemq-platform] [hivemq-platform-operator] [927cb1b1] 	at io.vertx.core.streams.impl.InboundBuffer.write(InboundBuffer.java:157)
2025-01-28 23:37:18,001 INFO c.h.h.t.HelmChartContainer - [hivemq-test-hivemq-platform] [hivemq-platform-operator] [927cb1b1] 	at io.vertx.core.http.impl.Http1xClientConnection$StreamImpl.handleEnd(Http1xClientConnection.java:709)
2025-01-28 23:37:18,001 INFO c.h.h.t.HelmChartContainer - [hivemq-test-hivemq-platform] [hivemq-platform-operator] [927cb1b1] 	at io.vertx.core.impl.ContextImpl.lambda$execute$4(ContextImpl.java:315)
2025-01-28 23:37:18,001 INFO c.h.h.t.HelmChartContainer - [hivemq-test-hivemq-platform] [hivemq-platform-operator] [927cb1b1] 	at io.netty.util.concurrent.AbstractEventExecutor.runTask(AbstractEventExecutor.java:173)
2025-01-28 23:37:18,001 INFO c.h.h.t.HelmChartContainer - [hivemq-test-hivemq-platform] [hivemq-platform-operator] [927cb1b1] 	at io.netty.util.concurrent.AbstractEventExecutor.safeExecute(AbstractEventExecutor.java:166)
2025-01-28 23:37:18,001 INFO c.h.h.t.HelmChartContainer - [hivemq-test-hivemq-platform] [hivemq-platform-operator] [927cb1b1] 	at io.netty.util.concurrent.SingleThreadEventExecutor.runAllTasks(SingleThreadEventExecutor.java:472)
2025-01-28 23:37:18,001 INFO c.h.h.t.HelmChartContainer - [hivemq-test-hivemq-platform] [hivemq-platform-operator] [927cb1b1] 	at io.netty.channel.nio.NioEventLoop.run(NioEventLoop.java:569)
2025-01-28 23:37:18,001 INFO c.h.h.t.HelmChartContainer - [hivemq-test-hivemq-platform] [hivemq-platform-operator] [927cb1b1] 	at io.netty.util.concurrent.SingleThreadEventExecutor$4.run(SingleThreadEventExecutor.java:997)
2025-01-28 23:37:18,001 INFO c.h.h.t.HelmChartContainer - [hivemq-test-hivemq-platform] [hivemq-platform-operator] [927cb1b1] 	at io.netty.util.internal.ThreadExecutorMap$2.run(ThreadExecutorMap.java:74)
2025-01-28 23:37:18,001 INFO c.h.h.t.HelmChartContainer - [hivemq-test-hivemq-platform] [hivemq-platform-operator] [927cb1b1] 	at io.netty.util.concurrent.FastThreadLocalRunnable.run(FastThreadLocalRunnable.java:30)
2025-01-28 23:37:18,001 INFO c.h.h.t.HelmChartContainer - [hivemq-test-hivemq-platform] [hivemq-platform-operator] [927cb1b1] 	... 1 common frames omitted
2025-01-28 23:37:18,004 INFO c.h.h.t.HelmChartContainer - [hivemq-test-hivemq-platform] [hivemq-platform-operator] [927cb1b1] 23:37:18.003 [ReconcilerExecutor-hivemq-controller-118] INFO  c.h.p.o.HiveMQPlatformReconciler - [helmcust] Cleanup test-hivemq-platform - helmcustomlogbackit HiveMQ Platform is shut down
2025-01-28 23:37:18,369 INFO c.h.h.t.HelmChartContainer - [POD] test-hivemq-platform-0 [42a2b393-3686-4c55-92ab-5c1722af9544] in helmcustomlogbackit was MODIFIED
2025-01-28 23:37:18,378 INFO c.h.h.t.HelmChartContainer - [EVENT] Normal [Killing] Stopping container hivemq [helmcustomlogbackit:test-hivemq-platform-0]
2025-01-28 23:37:18,378 INFO c.h.h.t.HelmChartContainer - Received Killing event for container hivemq in pod test-hivemq-platform-0 [42a2b393-3686-4c55-92ab-5c1722af9544]
2025-01-28 23:37:18,378 INFO c.h.h.t.HelmChartContainer - Container [test-hivemq-platform-0] [hivemq] [42a2b393-3686-4c55-92ab-5c1722af9544] was terminated
2025-01-28 23:37:18,378 INFO c.h.h.t.HelmChartContainer - Stopped log watcher for hivemq in pod test-hivemq-platform-0 [42a2b393-3686-4c55-92ab-5c1722af9544]
2025-01-28 23:37:18,387 INFO c.h.h.t.HelmChartContainer - [test-hivemq-platform] [hivemq] [42a2b393] INFO  - [HiveMQ Platform Operator Init App 1.7.0-SNAPSHOT] Shutting down
2025-01-28 23:37:18,387 INFO c.h.h.t.HelmChartContainer - [test-hivemq-platform] [hivemq] [42a2b393] INFO  - [HiveMQ Platform Operator Init App 1.7.0-SNAPSHOT] Stopping the HiveMQ Platform
2025-01-28 23:37:18,422 INFO c.h.h.t.HelmChartContainer - [test-hivemq-platform] [hivemq] [42a2b393] INFO  - Shutting down HiveMQ. Please wait, this could take a while...
2025-01-28 23:37:18,504 INFO c.h.h.t.HelmChartContainer - [test-hivemq-platform] [hivemq] [42a2b393] INFO  - Shutting down listeners and clients
2025-01-28 23:37:18,506 INFO c.h.h.t.HelmChartContainer - [test-hivemq-platform] [hivemq] [42a2b393] DEBUG - Closed channel of listener with name 'tcp-listener-1883'
2025-01-28 23:37:18,506 INFO c.h.h.t.HelmChartContainer - [test-hivemq-platform] [hivemq] [42a2b393] INFO  - Shutdown of listeners is done
2025-01-28 23:37:18,506 INFO c.h.h.t.HelmChartContainer - [test-hivemq-platform] [hivemq] [42a2b393] INFO  - No clients are connected, proceeding with shutdown
2025-01-28 23:37:18,506 INFO c.h.h.t.HelmChartContainer - [test-hivemq-platform] [hivemq] [42a2b393] DEBUG - Shutting down worker and boss threads
2025-01-28 23:37:19,666 INFO c.h.h.t.HelmChartContainer - Deleting namespace 'helmcustomlogbackit'...
2025-01-28 23:37:20,511 INFO c.h.h.t.HelmChartContainer - [test-hivemq-platform] [hivemq] [42a2b393] DEBUG - Shutting down Data Hub
2025-01-28 23:37:20,808 INFO c.h.h.t.HelmChartContainer - [test-hivemq-platform] [hivemq] [42a2b393] DEBUG - Data Hub shut down successfully in 297ms
2025-01-28 23:37:20,812 INFO c.h.h.t.HelmChartContainer - [test-hivemq-platform] [hivemq] [42a2b393] DEBUG - Stopping RocksDBMemoryUsageWatchdog.
2025-01-28 23:37:20,813 INFO c.h.h.t.HelmChartContainer - [test-hivemq-platform] [hivemq] [42a2b393] DEBUG - Terminating thread rocksdb-memory-usage-watchdog.
2025-01-28 23:37:20,813 INFO c.h.h.t.HelmChartContainer - [test-hivemq-platform] [hivemq] [42a2b393] DEBUG - Stopped RocksDBMemoryUsageWatchdog.
2025-01-28 23:37:20,813 INFO c.h.h.t.HelmChartContainer - [test-hivemq-platform] [hivemq] [42a2b393] INFO  - Shutting down extension system
2025-01-28 23:37:20,815 INFO c.h.h.t.HelmChartContainer - [test-hivemq-platform] [hivemq] [42a2b393] INFO  - Stopping extension with id hivemq-dns-cluster-discovery
2025-01-28 23:37:20,817 INFO c.h.h.t.HelmChartContainer - [test-hivemq-platform] [hivemq] [42a2b393] INFO  - Extension "DNS Cluster Discovery Extension" version 4.3.2 stopped successfully.
2025-01-28 23:37:20,817 INFO c.h.h.t.HelmChartContainer - [test-hivemq-platform] [hivemq] [42a2b393] INFO  - Stopping extension with id hivemq-prometheus-extension
2025-01-28 23:37:20,822 INFO c.h.h.t.HelmChartContainer - [test-hivemq-platform] [hivemq] [42a2b393] INFO  - Extension "Prometheus Monitoring Extension" version 4.0.12 stopped successfully.
2025-01-28 23:37:20,823 INFO c.h.h.t.HelmChartContainer - [test-hivemq-platform] [hivemq] [42a2b393] INFO  - Stopping extension with id hivemq-allow-all-extension
2025-01-28 23:37:20,823 INFO c.h.h.t.HelmChartContainer - [test-hivemq-platform] [hivemq] [42a2b393] INFO  - Extension "Allow All Extension" version 1.1.1 stopped successfully.
2025-01-28 23:37:20,823 INFO c.h.h.t.HelmChartContainer - [test-hivemq-platform] [hivemq] [42a2b393] DEBUG - Simple authenticator of extension 'hivemq-allow-all-extension' removed.
2025-01-28 23:37:20,823 INFO c.h.h.t.HelmChartContainer - [test-hivemq-platform] [hivemq] [42a2b393] DEBUG - Running cluster shutdown hooks
2025-01-28 23:37:20,827 INFO c.h.h.t.HelmChartContainer - [test-hivemq-platform] [hivemq] [42a2b393] DEBUG - Shutting down managed extension executor service
2025-01-28 23:37:20,829 INFO c.h.h.t.HelmChartContainer - [test-hivemq-platform] [hivemq] [42a2b393] DEBUG - Stopped Trace Recording Event Loop gracefully
2025-01-28 23:37:20,829 INFO c.h.h.t.HelmChartContainer - [test-hivemq-platform] [hivemq] [42a2b393] DEBUG - The Event Loop for Trace Recordings is shutting down and is not available anymore
2025-01-28 23:37:22,125 INFO c.h.h.t.HelmChartContainer - [test-hivemq-platform] [hivemq] [42a2b393] INFO  - [HiveMQ Platform Operator Init App 1.7.0-SNAPSHOT] Returning shutdown Health API response 503 for readiness
2025-01-28 23:37:22,130 INFO c.h.h.t.HelmChartContainer - [EVENT] Warning [Unhealthy] Readiness probe failed: HTTP probe failed with statuscode: 503 [helmcustomlogbackit:test-hivemq-platform-0]
2025-01-28 23:37:22,130 INFO c.h.h.t.HelmChartContainer - Received Unhealthy event for container hivemq in pod test-hivemq-platform-0 [42a2b393-3686-4c55-92ab-5c1722af9544]
2025-01-28 23:37:22,672 INFO c.h.h.t.HelmChartContainer - [test-hivemq-platform] [hivemq] [42a2b393] WARN  - [HiveMQ Platform Operator Init App 1.7.0-SNAPSHOT] Could not update Pod annotations: Failure executing: GET at: https://10.43.0.1:443/api/v1/namespaces/helmcustomlogbackit/pods/test-hivemq-platform-0. Message: pods "test-hivemq-platform-0" is forbidden: User "system:serviceaccount:helmcustomlogbackit:hivemq-platform-pod-test-hivemq-platform" cannot get resource "pods" in API group "" in the namespace "helmcustomlogbackit". Received status: Status(apiVersion=v1, code=403, details=StatusDetails(causes=[], group=null, kind=pods, name=test-hivemq-platform-0, retryAfterSeconds=null, uid=null, additionalProperties={}), kind=Status, message=pods "test-hivemq-platform-0" is forbidden: User "system:serviceaccount:helmcustomlogbackit:hivemq-platform-pod-test-hivemq-platform" cannot get resource "pods" in API group "" in the namespace "helmcustomlogbackit", metadata=ListMeta(_continue=null, remainingItemCount=null, resourceVersion=null, selfLink=null, additionalProperties={}), reason=Forbidden, status=Failure, additionalProperties={}).
2025-01-28 23:37:23,123 INFO c.h.h.t.HelmChartContainer - [test-hivemq-platform] [hivemq] [42a2b393] INFO  - Shutdown completed.
2025-01-28 23:37:23,471 INFO c.h.h.t.HelmChartContainer - [test-hivemq-platform] [hivemq] [42a2b393] INFO  - [HiveMQ Platform Operator Init App 1.7.0-SNAPSHOT] The HiveMQ Platform exited with code 143
2025-01-28 23:37:23,471 INFO c.h.h.t.HelmChartContainer - [test-hivemq-platform] [hivemq] [42a2b393] INFO  - [HiveMQ Platform Operator Init App 1.7.0-SNAPSHOT] Stopping the REST API
2025-01-28 23:37:23,502 INFO c.h.h.t.HelmChartContainer - [test-hivemq-platform] [hivemq] [42a2b393] INFO  - [HiveMQ Platform Operator Init App 1.7.0-SNAPSHOT] Shutdown complete
2025-01-28 23:37:23,947 INFO c.h.h.t.HelmChartContainer - [POD] test-hivemq-platform-0 [42a2b393-3686-4c55-92ab-5c1722af9544] in helmcustomlogbackit was MODIFIED
2025-01-28 23:37:23,948 INFO c.h.h.t.HelmChartContainer - [K3S] [stateful_set.go:438] "Unhandled Error" err="error syncing StatefulSet helmcustomlogbackit/test-hivemq-platform, requeuing: controllerrevisions.apps \"test-hivemq-platform-9f669cf8f\" is forbidden: unable to create new content in namespace helmcustomlogbackit because it is being terminated"
2025-01-28 23:37:23,957 INFO c.h.h.t.HelmChartContainer - [K3S] [stateful_set.go:438] "Unhandled Error" err="error syncing StatefulSet helmcustomlogbackit/test-hivemq-platform, requeuing: controllerrevisions.apps \"test-hivemq-platform-9f669cf8f\" is forbidden: unable to create new content in namespace helmcustomlogbackit because it is being terminated"
2025-01-28 23:37:23,970 INFO c.h.h.t.HelmChartContainer - [K3S] [stateful_set.go:438] "Unhandled Error" err="error syncing StatefulSet helmcustomlogbackit/test-hivemq-platform, requeuing: controllerrevisions.apps \"test-hivemq-platform-9f669cf8f\" is forbidden: unable to create new content in namespace helmcustomlogbackit because it is being terminated"
2025-01-28 23:37:23,995 INFO c.h.h.t.HelmChartContainer - [K3S] [stateful_set.go:438] "Unhandled Error" err="error syncing StatefulSet helmcustomlogbackit/test-hivemq-platform, requeuing: controllerrevisions.apps \"test-hivemq-platform-9f669cf8f\" is forbidden: unable to create new content in namespace helmcustomlogbackit because it is being terminated"
2025-01-28 23:37:24,039 INFO c.h.h.t.HelmChartContainer - [K3S] [stateful_set.go:438] "Unhandled Error" err="error syncing StatefulSet helmcustomlogbackit/test-hivemq-platform, requeuing: controllerrevisions.apps \"test-hivemq-platform-9f669cf8f\" is forbidden: unable to create new content in namespace helmcustomlogbackit because it is being terminated"
2025-01-28 23:37:24,079 INFO c.h.h.t.HelmChartContainer - [K3S] [reconciler_common.go:162] "operationExecutor.UnmountVolume started for volume \"broker-configuration\" (UniqueName: \"kubernetes.io/configmap/42a2b393-3686-4c55-92ab-5c1722af9544-broker-configuration\") pod \"42a2b393-3686-4c55-92ab-5c1722af9544\" (UID: \"42a2b393-3686-4c55-92ab-5c1722af9544\") "
2025-01-28 23:37:24,080 INFO c.h.h.t.HelmChartContainer - [K3S] [reconciler_common.go:162] "operationExecutor.UnmountVolume started for volume \"kube-api-access-5ltjj\" (UniqueName: \"kubernetes.io/projected/42a2b393-3686-4c55-92ab-5c1722af9544-kube-api-access-5ltjj\") pod \"42a2b393-3686-4c55-92ab-5c1722af9544\" (UID: \"42a2b393-3686-4c55-92ab-5c1722af9544\") "
2025-01-28 23:37:24,080 INFO c.h.h.t.HelmChartContainer - [K3S] [reconciler_common.go:162] "operationExecutor.UnmountVolume started for volume \"pod-info\" (UniqueName: \"kubernetes.io/configmap/42a2b393-3686-4c55-92ab-5c1722af9544-pod-info\") pod \"42a2b393-3686-4c55-92ab-5c1722af9544\" (UID: \"42a2b393-3686-4c55-92ab-5c1722af9544\") "
2025-01-28 23:37:24,080 INFO c.h.h.t.HelmChartContainer - [K3S] [reconciler_common.go:162] "operationExecutor.UnmountVolume started for volume \"operator-init\" (UniqueName: \"kubernetes.io/empty-dir/42a2b393-3686-4c55-92ab-5c1722af9544-operator-init\") pod \"42a2b393-3686-4c55-92ab-5c1722af9544\" (UID: \"42a2b393-3686-4c55-92ab-5c1722af9544\") "
2025-01-28 23:37:24,122 INFO c.h.h.t.HelmChartContainer - [K3S] [stateful_set.go:438] "Unhandled Error" err="error syncing StatefulSet helmcustomlogbackit/test-hivemq-platform, requeuing: controllerrevisions.apps \"test-hivemq-platform-9f669cf8f\" is forbidden: unable to create new content in namespace helmcustomlogbackit because it is being terminated"
2025-01-28 23:37:24,180 INFO c.h.h.t.HelmChartContainer - [K3S] [reconciler_common.go:299] "Volume detached for volume \"broker-configuration\" (UniqueName: \"kubernetes.io/configmap/42a2b393-3686-4c55-92ab-5c1722af9544-broker-configuration\") on node \"e2eb32003fa5\" DevicePath \"\""
2025-01-28 23:37:24,180 INFO c.h.h.t.HelmChartContainer - [K3S] [reconciler_common.go:299] "Volume detached for volume \"kube-api-access-5ltjj\" (UniqueName: \"kubernetes.io/projected/42a2b393-3686-4c55-92ab-5c1722af9544-kube-api-access-5ltjj\") on node \"e2eb32003fa5\" DevicePath \"\""
2025-01-28 23:37:24,180 INFO c.h.h.t.HelmChartContainer - [K3S] [reconciler_common.go:299] "Volume detached for volume \"pod-info\" (UniqueName: \"kubernetes.io/configmap/42a2b393-3686-4c55-92ab-5c1722af9544-pod-info\") on node \"e2eb32003fa5\" DevicePath \"\""
2025-01-28 23:37:24,180 INFO c.h.h.t.HelmChartContainer - [K3S] [reconciler_common.go:299] "Volume detached for volume \"operator-init\" (UniqueName: \"kubernetes.io/empty-dir/42a2b393-3686-4c55-92ab-5c1722af9544-operator-init\") on node \"e2eb32003fa5\" DevicePath \"\""
2025-01-28 23:37:24,286 INFO c.h.h.t.HelmChartContainer - [K3S] [stateful_set.go:438] "Unhandled Error" err="error syncing StatefulSet helmcustomlogbackit/test-hivemq-platform, requeuing: controllerrevisions.apps \"test-hivemq-platform-9f669cf8f\" is forbidden: unable to create new content in namespace helmcustomlogbackit because it is being terminated"
2025-01-28 23:37:24,609 INFO c.h.h.t.HelmChartContainer - [K3S] [stateful_set.go:438] "Unhandled Error" err="error syncing StatefulSet helmcustomlogbackit/test-hivemq-platform, requeuing: controllerrevisions.apps \"test-hivemq-platform-9f669cf8f\" is forbidden: unable to create new content in namespace helmcustomlogbackit because it is being terminated"
2025-01-28 23:37:24,691 INFO c.h.h.t.HelmChartContainer - [K3S] [stateful_set.go:466] "StatefulSet has been deleted" key="helmcustomlogbackit/test-hivemq-platform"
2025-01-28 23:37:24,760 INFO c.h.h.t.HelmChartContainer - [K3S] [scope.go:117] "RemoveContainer" containerID="b5920102d33c35a35cdc34cd363cec654ff8c4e0c43c28ffe8c3bc67e5bed2de"
2025-01-28 23:37:24,785 INFO c.h.h.t.HelmChartContainer - [POD] test-hivemq-platform-0 [42a2b393-3686-4c55-92ab-5c1722af9544] in helmcustomlogbackit was MODIFIED
2025-01-28 23:37:24,790 INFO c.h.h.t.HelmChartContainer - [POD] test-hivemq-platform-0 [42a2b393-3686-4c55-92ab-5c1722af9544] in helmcustomlogbackit was DELETED
2025-01-28 23:37:24,896 INFO c.h.h.t.HelmChartContainer - Namespace 'helmcustomlogbackit' deleted
2025-01-28 23:37:24,896 INFO c.h.h.t.HelmChartContainer - Release 'test-hivemq-platform' in namespace 'helmcustomlogbackit' is uninstalled
2025-01-28 23:37:24,896 INFO c.h.h.t.HelmChartContainer - Uninstalling release 'test-hivemq-platform-operator' in namespace 'helmcustomlogbackit-operator'...
2025-01-28 23:37:24,896 DEBUG c.h.h.t.HelmChartContainer - Executing helm command: /bin/helm --kubeconfig /etc/rancher/k3s/k3s.yaml uninstall test-hivemq-platform-operator  --wait --timeout 5m0s --cascade foreground --namespace helmcustomlogbackit-operator
2025-01-28 23:37:24,933 INFO c.h.h.t.HelmChartContainer - [K3S] [scope.go:117] "RemoveContainer" containerID="59a87dacc290d649ead7ab1fef3c1d31986a4da5b161c2462729eed4a6d4294b"
2025-01-28 23:37:24,937 INFO c.h.h.t.HelmChartContainer - [K3S] [scope.go:117] "RemoveContainer" containerID="b5920102d33c35a35cdc34cd363cec654ff8c4e0c43c28ffe8c3bc67e5bed2de"
2025-01-28 23:37:24,938 INFO c.h.h.t.HelmChartContainer - [K3S] [scope.go:117] "RemoveContainer" containerID="59a87dacc290d649ead7ab1fef3c1d31986a4da5b161c2462729eed4a6d4294b"
2025-01-28 23:37:25,110 INFO c.h.h.t.HelmChartContainer - [K3S] [replica_set.go:679] "Finished syncing" kind="ReplicaSet" key="helmcustomlogbackit-operator/hivemq-test-hivemq-platform-operator-6966f96d65" duration="14.032694ms"
2025-01-28 23:37:25,112 INFO c.h.h.t.HelmChartContainer - [K3S] [replica_set.go:679] "Finished syncing" kind="ReplicaSet" key="helmcustomlogbackit-operator/hivemq-test-hivemq-platform-operator-6966f96d65" duration="29.585µs"
2025-01-28 23:37:25,139 INFO c.h.h.t.HelmChartContainer - [POD] hivemq-test-hivemq-platform-operator-6966f96d65-qg9zx [927cb1b1-e1a7-4fa0-9d17-872c169190c6] in helmcustomlogbackit-operator was MODIFIED
2025-01-28 23:37:25,144 INFO c.h.h.t.HelmChartContainer - [EVENT] Normal [Killing] Stopping container hivemq-platform-operator [helmcustomlogbackit-operator:hivemq-test-hivemq-platform-operator-6966f96d65-qg9zx]
2025-01-28 23:37:25,146 INFO c.h.h.t.HelmChartContainer - [K3S] [replica_set.go:679] "Finished syncing" kind="ReplicaSet" key="helmcustomlogbackit-operator/hivemq-test-hivemq-platform-operator-6966f96d65" duration="14.771495ms"
2025-01-28 23:37:25,146 INFO c.h.h.t.HelmChartContainer - [K3S] [replica_set.go:679] "Finished syncing" kind="ReplicaSet" key="helmcustomlogbackit-operator/hivemq-test-hivemq-platform-operator-6966f96d65" duration="44.583µs"
2025-01-28 23:37:25,146 INFO c.h.h.t.HelmChartContainer - Received Killing event for container hivemq-platform-operator in pod hivemq-test-hivemq-platform-operator-6966f96d65-qg9zx [927cb1b1-e1a7-4fa0-9d17-872c169190c6]
2025-01-28 23:37:25,146 INFO c.h.h.t.HelmChartContainer - Container [hivemq-test-hivemq-platform-operator-6966f96d65-qg9zx] [hivemq-platform-operator] [927cb1b1-e1a7-4fa0-9d17-872c169190c6] was terminated
2025-01-28 23:37:25,146 INFO c.h.h.t.HelmChartContainer - Stopped log watcher for hivemq-platform-operator in pod hivemq-test-hivemq-platform-operator-6966f96d65-qg9zx [927cb1b1-e1a7-4fa0-9d17-872c169190c6]
2025-01-28 23:37:25,151 INFO c.h.h.t.HelmChartContainer - [hivemq-test-hivemq-platform] [hivemq-platform-operator] [927cb1b1] 23:37:25.150 [application-shutdown-thread] INFO  c.h.p.o.HiveMQPlatformOperatorApplication - HiveMQ Platform Operator is stopping...
2025-01-28 23:37:25,154 INFO c.h.h.t.HelmChartContainer - [hivemq-test-hivemq-platform] [hivemq-platform-operator] [927cb1b1] 23:37:25.150 [application-shutdown-thread] INFO  i.javaoperatorsdk.operator.Operator - Operator SDK 4.9.7 is shutting down...
2025-01-28 23:37:25,251 INFO c.h.h.t.HelmChartContainer - [K3S] [stateful_set.go:466] "StatefulSet has been deleted" key="helmcustomlogbackit/test-hivemq-platform"
2025-01-28 23:37:25,371 INFO c.h.h.t.HelmChartContainer - [K3S] [kubelet_volumes.go:163] "Cleaned up orphaned pod volumes dir" podUID="42a2b393-3686-4c55-92ab-5c1722af9544" path="/var/lib/kubelet/pods/42a2b393-3686-4c55-92ab-5c1722af9544/volumes"
2025-01-28 23:37:25,741 INFO c.h.h.t.HelmChartContainer - [K3S] [replica_set.go:679] "Finished syncing" kind="ReplicaSet" key="helmcustomlogbackit-operator/hivemq-test-hivemq-platform-operator-6966f96d65" duration="43.04µs"
2025-01-28 23:37:25,742 INFO c.h.h.t.HelmChartContainer - [POD] hivemq-test-hivemq-platform-operator-6966f96d65-qg9zx [927cb1b1-e1a7-4fa0-9d17-872c169190c6] in helmcustomlogbackit-operator was MODIFIED
2025-01-28 23:37:25,762 INFO c.h.h.t.HelmChartContainer - [K3S] [scope.go:117] "RemoveContainer" containerID="b7484c6eda8eca42c5182988472c356a642582e98dc442e306e257d246235094"
2025-01-28 23:37:25,766 INFO c.h.h.t.HelmChartContainer - [K3S] [scope.go:117] "RemoveContainer" containerID="b7484c6eda8eca42c5182988472c356a642582e98dc442e306e257d246235094"
2025-01-28 23:37:25,891 INFO c.h.h.t.HelmChartContainer - [K3S] [reconciler_common.go:162] "operationExecutor.UnmountVolume started for volume \"kube-api-access-bvs42\" (UniqueName: \"kubernetes.io/projected/927cb1b1-e1a7-4fa0-9d17-872c169190c6-kube-api-access-bvs42\") pod \"927cb1b1-e1a7-4fa0-9d17-872c169190c6\" (UID: \"927cb1b1-e1a7-4fa0-9d17-872c169190c6\") "
2025-01-28 23:37:25,992 INFO c.h.h.t.HelmChartContainer - [K3S] [reconciler_common.go:299] "Volume detached for volume \"kube-api-access-bvs42\" (UniqueName: \"kubernetes.io/projected/927cb1b1-e1a7-4fa0-9d17-872c169190c6-kube-api-access-bvs42\") on node \"e2eb32003fa5\" DevicePath \"\""
2025-01-28 23:37:26,075 INFO c.h.h.t.HelmChartContainer - [K3S] [replica_set.go:679] "Finished syncing" kind="ReplicaSet" key="helmcustomlogbackit-operator/hivemq-test-hivemq-platform-operator-6966f96d65" duration="48.831µs"
2025-01-28 23:37:26,076 INFO c.h.h.t.HelmChartContainer - [POD] hivemq-test-hivemq-platform-operator-6966f96d65-qg9zx [927cb1b1-e1a7-4fa0-9d17-872c169190c6] in helmcustomlogbackit-operator was MODIFIED
2025-01-28 23:37:26,078 INFO c.h.h.t.HelmChartContainer - [POD] hivemq-test-hivemq-platform-operator-6966f96d65-qg9zx [927cb1b1-e1a7-4fa0-9d17-872c169190c6] in helmcustomlogbackit-operator was DELETED
2025-01-28 23:37:26,079 INFO c.h.h.t.HelmChartContainer - [K3S] [replica_set.go:679] "Finished syncing" kind="ReplicaSet" key="helmcustomlogbackit-operator/hivemq-test-hivemq-platform-operator-6966f96d65" duration="39.243µs"
2025-01-28 23:37:26,095 INFO c.h.h.t.HelmChartContainer - [K3S] [replica_set.go:679] "Finished syncing" kind="ReplicaSet" key="helmcustomlogbackit-operator/hivemq-test-hivemq-platform-operator-6966f96d65" duration="9.578µs"
2025-01-28 23:37:27,155 INFO c.h.h.t.HelmChartContainer - Deleting namespace 'helmcustomlogbackit-operator'...
2025-01-28 23:37:27,371 INFO c.h.h.t.HelmChartContainer - [K3S] [kubelet_volumes.go:163] "Cleaned up orphaned pod volumes dir" podUID="927cb1b1-e1a7-4fa0-9d17-872c169190c6" path="/var/lib/kubelet/pods/927cb1b1-e1a7-4fa0-9d17-872c169190c6/volumes"
2025-01-28 23:37:29,885 INFO c.h.h.t.HelmChartContainer - [K3S] [namespace_controller.go:187] "Namespace has been deleted" namespace="helmcustomlogbackit"
2025-01-28 23:37:32,375 INFO c.h.h.t.HelmChartContainer - Namespace 'helmcustomlogbackit-operator' deleted
2025-01-28 23:37:32,375 INFO c.h.h.t.HelmChartContainer - Release 'test-hivemq-platform-operator' in namespace 'helmcustomlogbackit-operator' is uninstalled
2025-01-28 23:37:33,157 INFO c.h.helmcharts.AbstractHelmChartIT - Removed unused containers:

2025-01-28 23:37:37,280 INFO c.h.h.t.HelmChartContainer - [K3S] [namespace_controller.go:187] "Namespace has been deleted" namespace="helmcustomlogbackit-operator"
2025-01-28 23:37:41,168 INFO c.h.helmcharts.AbstractHelmChartIT - Removed unused snapshots:
Removing snapshot sha256:03af251906410714c5aef9fa705b63f6bbc39c4a5e787de7361eeb18886c2ed2
Removing snapshot sha256:0c46b3b43cce082ce5ec34ffc6c294e0417d17b9d1e6f366d114b6aadc4f96dc
Removing snapshot sha256:0ce761beee59082d6ed5bcebd3a805b8ddd9b3426b617e4809e7fb7c6587ffec
Removing snapshot sha256:0df91287303208332c8ff6ba40ae4710105201739addbfbddfb955f1ad593664
Removing snapshot sha256:1021ef88c7974bfff89c5a0ec4fd3160daac6c48a075f74cff721f85dd104e68
Removing snapshot sha256:10aba4953ddc18145dd38e3704709bc464aa20af60b56fe52caaff4b68411e62
Removing snapshot sha256:2573e0d8158209ed54ab25c87bcdcb00bd3d2539246960a3d592a1c599d70465
Removing snapshot sha256:362a8a37f8bbc31925a8146adcf7cf51f9882f5c1dcbef67c5baa03a297543c0
Removing snapshot sha256:3fa4ad33f0ddc8fd45b39b6b4640f82a3a83619606cd975bfe89d8710ad2d4cd
Removing snapshot sha256:43a7c979bbaba6838bc3102d6b10a1459f3ab050b87ccdfef84ef90cf43d3058
Removing snapshot sha256:4ab04491cdf0d3267f08206fe30bd48f49f94b9cab2f016d6739220f722a64af
Removing snapshot sha256:4b6068250e89c96f263060261819c7d912855bfbd64b3eb4c4a8483299b8c295
Removing snapshot sha256:4f443136461b531f6e02fff7cfcab715b76423c901a77a3aae212812ef7298e3
Removing snapshot sha256:580e69a0a8034ede1921139bbd2bfb72a69ebf276d008281896c32dd8bf74775
Removing snapshot sha256:5d30ba46b27fe37484567ccc5242cadc78217b8da605f3f195ef25cbf7487904
Removing snapshot sha256:63ca1fbb43ae5034640e5e6cb3e083e05c290072c5366fcaa9d62435a4cced85
Removing snapshot sha256:67f702c6baae873bceb19487c8b1f27bd2b86077e4f2f0e480e6d60ab508b8f5
Removing snapshot sha256:6864348dd42806d552efdec384f1274be15e2d0c10ce44c1f04347af004c10a9
Removing snapshot sha256:6c7dee8f2c39b84b7dc2711c01d33de93514d9055499173e9290176fbe484b6c
Removing snapshot sha256:82753493a6d61ded36556292f02f31841a14c20d2f279f19eaad65afb661d5cd
Removing snapshot sha256:8a10d3db42c505ee0fcfa98417bdd7e39b304f6bcc0a06bb1b220797ff2cc63c
Removing snapshot sha256:a0904247e36a7726c03c71ee48f3e64462021c88dafeb13f37fdaf613b27f11c
Removing snapshot sha256:a177e46e6adee0d99aa0244abc50f640e01b9695e27e5bfe01bac16d719da990
Removing snapshot sha256:a21e5b12dbac529ad45d976eb9ce45c881f3bedcc500fb30aba1e52aa1813418
Removing snapshot sha256:b921e6c28969094157f9b8e7244677780319637afd14450b7cb6b2fdea558a0c
Removing snapshot sha256:bc27ecb5769a00e309cf99ebc763c4a4b958b618d1decc96ffac5bc05f02f5b7
Removing snapshot sha256:be3ccb6627a5332e309d45ef461d09b4879dd870c7394d89323d0ebc6ca6aa8a
Removing snapshot sha256:c261f7cbbc64211ee175ee47273acdb7b1a36a4450b397a064a8f2c026490095
Removing snapshot sha256:c34d9393647eea0c9e3557ab988efaf59f61d10a2a5613b439ef0958cca5ec10
Removing snapshot sha256:ccf3c4a0fa967a41c1c83497a2ce6fa5787965859df0adb32c4ca2cf7490bc2b
Removing snapshot sha256:cf92d33f869417309692088c341cd0f223c178ea78a125f757317b22aa8f90e9
Removing snapshot sha256:d0037344cf2fb078884f1849f6a1f8cf9a33a3b6139b6a85833e5ee528e1f9a8
Removing snapshot sha256:d3b36d5b79273b1e98e7700470eaeff05a882e777124d84cebcc1505b85ecb36
Removing snapshot sha256:d65a44a37914602d12c611e5e22a50f11451d847e63015cc1c2aef92dee777a4
Removing snapshot sha256:e2dc0bae2455930f23ae570e019b7f32edc75c0f2d71cab084db837ff9051796
Removing snapshot sha256:eccbd24a99c60cd9e86ee5305dbfc4a4dc89f5ab4fb1f06c8d64797cecedef34
Removing snapshot sha256:f144bb4c7c7f0d2aa7eeffd36d934ec40db1ee167be727e326aad9fdc616f475

]]></system-out>
  </testcase>
  <system-out><![CDATA[2025-01-28 23:36:09,760 INFO c.h.h.t.HelmChartContainerExtension - Using cached HelmChartContainer instance
]]></system-out>
  <system-err><![CDATA[]]></system-err>
</testsuite>
