<?xml version="1.0" encoding="UTF-8"?>
<testsuite name="com.hivemq.helmcharts.operator.CustomOperatorSelectorsIT" tests="1" skipped="0" failures="0" errors="0" timestamp="2025-02-12T20:44:12" hostname="fv-az1770-999" time="115.185">
  <properties/>
  <testcase name="whenOperatorSelectorIsConfigured_thenOnlyMatchingCustomResourcesAreReconciled()" classname="com.hivemq.helmcharts.operator.CustomOperatorSelectorsIT" time="115.185"/>
</testsuite>
