<?xml version="1.0" encoding="UTF-8"?>
<testsuite name="com.hivemq.helmcharts.services.HelmMqttIT" tests="5" skipped="0" failures="0" errors="0" timestamp="2025-09-24T07:07:00" hostname="runnervmf4ws1" time="443.749">
  <properties/>
  <testcase name="platformChart_withCustomServiceName_thenSendsReceivesMessage()" classname="com.hivemq.helmcharts.services.HelmMqttIT" time="90.887"/>
  <testcase name="platformChart_whenMqttNodePortEnabled_thenSendsReceivesMessage()" classname="com.hivemq.helmcharts.services.HelmMqttIT" time="86.476"/>
  <testcase name="platformChart_whenMqttLoadBalancerEnabled_thenSendsReceivesMessage()" classname="com.hivemq.helmcharts.services.HelmMqttIT" time="86.096"/>
  <testcase name="platformChart_whenMqttAnnotationsEnabled_thenAnnotationsExist()" classname="com.hivemq.helmcharts.services.HelmMqttIT" time="91.459"/>
  <testcase name="platformChart_whenMqttEnabled_thenSendsReceivesMessage()" classname="com.hivemq.helmcharts.services.HelmMqttIT" time="88.831"/>
</testsuite>
