<?xml version="1.0" encoding="UTF-8"?>
<testsuite name="com.hivemq.helmcharts.volumes.HelmAdditionalVolumesIT" tests="1" skipped="0" failures="0" errors="0" timestamp="2025-05-09T11:05:24" hostname="fv-az805-711" time="94.262">
  <properties/>
  <testcase name="withAdditionalVolumes_hivemqRunningWithVolumeMounts()" classname="com.hivemq.helmcharts.volumes.HelmAdditionalVolumesIT" time="94.262"/>
</testsuite>
