<?xml version="1.0" encoding="UTF-8"?>
<testsuite name="com.hivemq.helmcharts.platform.HelmCustomLogbackIT" tests="1" skipped="0" failures="0" errors="0" timestamp="2025-01-30T18:31:30" hostname="fv-az788-371" time="99.04">
  <properties/>
  <testcase name="withCustomLogbackConfig_platformUsingCustomLogbackXml()" classname="com.hivemq.helmcharts.platform.HelmCustomLogbackIT" time="99.04">
    <system-out><![CDATA[2025-01-30 18:31:30,208 INFO c.h.h.t.HelmChartContainer - Creating namespace 'helmcustomlogbackit-operator'...
2025-01-30 18:31:30,215 INFO c.h.h.t.HelmChartContainer - Namespace 'helmcustomlogbackit-operator' created
2025-01-30 18:31:30,215 INFO c.h.h.t.HelmChartContainer - Creating namespace 'helmcustomlogbackit'...
2025-01-30 18:31:30,316 INFO c.h.h.t.HelmChartContainer - Namespace 'helmcustomlogbackit' created
2025-01-30 18:31:30,377 DEBUG c.h.h.t.HelmChartContainer - Executing helm command: /bin/helm --kubeconfig /etc/rancher/k3s/k3s.yaml install test-hivemq-platform-operator /charts/hivemq-platform-operator --wait --timeout 5m0s --set image.repository=docker.io/hivemq --set image.name=hivemq-platform-operator-test --set image.initImageName=hivemq-platform-operator-init-test --set image.tag=snapshot --set image.pullPolicy=Never --set logLevel=DEBUG --set resources.cpu=512m --namespace helmcustomlogbackit-operator
2025-01-30 18:31:30,677 INFO c.h.h.t.HelmChartContainer - [K3S] [alloc.go:330] "allocated clusterIPs" service="helmcustomlogbackit-operator/hivemq-platform-operator-test-hivemq-platform-operator" clusterIPs={"IPv4":"10.43.11.153"}
2025-01-30 18:31:30,690 INFO c.h.h.t.HelmChartContainer - [EVENT] Normal [ScalingReplicaSet] Scaled up replica set hivemq-test-hivemq-platform-operator-6966f96d65 from 0 to 1 [helmcustomlogbackit-operator:hivemq-test-hivemq-platform-operator]
2025-01-30 18:31:30,696 INFO c.h.h.t.HelmChartContainer - [POD] hivemq-test-hivemq-platform-operator-6966f96d65-hwhkd [88b5ad08-976a-4f7d-a1fd-011a1f39b0ab] in helmcustomlogbackit-operator was ADDED
2025-01-30 18:31:30,705 INFO c.h.h.t.HelmChartContainer - [POD] hivemq-test-hivemq-platform-operator-6966f96d65-hwhkd [88b5ad08-976a-4f7d-a1fd-011a1f39b0ab] in helmcustomlogbackit-operator was MODIFIED
2025-01-30 18:31:30,705 INFO c.h.h.t.HelmChartContainer - [K3S] [memory_manager.go:355] "RemoveStaleState removing state" podUID="1040cde6-7e35-425d-8088-b4ed6c72e38a" containerName="hivemq-platform-operator"
2025-01-30 18:31:30,705 INFO c.h.h.t.HelmChartContainer - [K3S] [memory_manager.go:355] "RemoveStaleState removing state" podUID="4b0693a9-2886-4103-a60d-5f807921c962" containerName="hivemq"
2025-01-30 18:31:30,708 INFO c.h.h.t.HelmChartContainer - [EVENT] Normal [SuccessfulCreate] Created pod: hivemq-test-hivemq-platform-operator-6966f96d65-hwhkd [helmcustomlogbackit-operator:hivemq-test-hivemq-platform-operator-6966f96d65]
2025-01-30 18:31:30,709 INFO c.h.h.t.HelmChartContainer - [EVENT] Normal [Scheduled] Successfully assigned helmcustomlogbackit-operator/hivemq-test-hivemq-platform-operator-6966f96d65-hwhkd to fa9d92da3b04 [helmcustomlogbackit-operator:hivemq-test-hivemq-platform-operator-6966f96d65-hwhkd]
2025-01-30 18:31:30,710 INFO c.h.h.t.HelmChartContainer - [K3S] [replica_set.go:679] "Finished syncing" kind="ReplicaSet" key="helmcustomlogbackit-operator/hivemq-test-hivemq-platform-operator-6966f96d65" duration="22.396294ms"
2025-01-30 18:31:30,715 INFO c.h.h.t.HelmChartContainer - [K3S] [replica_set.go:679] "Finished syncing" kind="ReplicaSet" key="helmcustomlogbackit-operator/hivemq-test-hivemq-platform-operator-6966f96d65" duration="6.252503ms"
2025-01-30 18:31:30,716 INFO c.h.h.t.HelmChartContainer - [K3S] [replica_set.go:679] "Finished syncing" kind="ReplicaSet" key="helmcustomlogbackit-operator/hivemq-test-hivemq-platform-operator-6966f96d65" duration="36.488µs"
2025-01-30 18:31:30,717 INFO c.h.h.t.HelmChartContainer - [K3S] [replica_set.go:679] "Finished syncing" kind="ReplicaSet" key="helmcustomlogbackit-operator/hivemq-test-hivemq-platform-operator-6966f96d65" duration="49.393µs"
2025-01-30 18:31:30,718 INFO c.h.h.t.HelmChartContainer - [POD] hivemq-test-hivemq-platform-operator-6966f96d65-hwhkd [88b5ad08-976a-4f7d-a1fd-011a1f39b0ab] in helmcustomlogbackit-operator was MODIFIED
2025-01-30 18:31:30,782 INFO c.h.h.t.HelmChartContainer - [K3S] [reconciler_common.go:251] "operationExecutor.VerifyControllerAttachedVolume started for volume \"kube-api-access-lqbcd\" (UniqueName: \"kubernetes.io/projected/88b5ad08-976a-4f7d-a1fd-011a1f39b0ab-kube-api-access-lqbcd\") pod \"hivemq-test-hivemq-platform-operator-6966f96d65-hwhkd\" (UID: \"88b5ad08-976a-4f7d-a1fd-011a1f39b0ab\") " pod="helmcustomlogbackit-operator/hivemq-test-hivemq-platform-operator-6966f96d65-hwhkd"
2025-01-30 18:31:31,109 INFO c.h.h.t.HelmChartContainer - [EVENT] Normal [Pulled] Container image "docker.io/hivemq/hivemq-platform-operator-test:snapshot" already present on machine [helmcustomlogbackit-operator:hivemq-test-hivemq-platform-operator-6966f96d65-hwhkd]
2025-01-30 18:31:31,109 INFO c.h.h.t.HelmChartContainer - Received Pulled event for container hivemq-platform-operator in pod hivemq-test-hivemq-platform-operator-6966f96d65-hwhkd [88b5ad08-976a-4f7d-a1fd-011a1f39b0ab]
2025-01-30 18:31:32,355 INFO c.h.h.t.HelmChartContainer - [EVENT] Normal [Created] Created container: hivemq-platform-operator [helmcustomlogbackit-operator:hivemq-test-hivemq-platform-operator-6966f96d65-hwhkd]
2025-01-30 18:31:32,355 INFO c.h.h.t.HelmChartContainer - Received Created event for container hivemq-platform-operator in pod hivemq-test-hivemq-platform-operator-6966f96d65-hwhkd [88b5ad08-976a-4f7d-a1fd-011a1f39b0ab]
2025-01-30 18:31:32,662 INFO c.h.h.t.HelmChartContainer - [K3S] [replica_set.go:679] "Finished syncing" kind="ReplicaSet" key="helmcustomlogbackit-operator/hivemq-test-hivemq-platform-operator-6966f96d65" duration="40.054µs"
2025-01-30 18:31:32,664 INFO c.h.h.t.HelmChartContainer - [POD] hivemq-test-hivemq-platform-operator-6966f96d65-hwhkd [88b5ad08-976a-4f7d-a1fd-011a1f39b0ab] in helmcustomlogbackit-operator was MODIFIED
2025-01-30 18:31:32,676 INFO c.h.h.t.HelmChartContainer - Started log watcher for hivemq-platform-operator in pod hivemq-test-hivemq-platform-operator-6966f96d65-hwhkd [88b5ad08-976a-4f7d-a1fd-011a1f39b0ab]
2025-01-30 18:31:32,676 INFO c.h.h.t.HelmChartContainer - [EVENT] Normal [Started] Started container hivemq-platform-operator [helmcustomlogbackit-operator:hivemq-test-hivemq-platform-operator-6966f96d65-hwhkd]
2025-01-30 18:31:32,677 INFO c.h.h.t.HelmChartContainer - Received Started event for container hivemq-platform-operator in pod hivemq-test-hivemq-platform-operator-6966f96d65-hwhkd [88b5ad08-976a-4f7d-a1fd-011a1f39b0ab]
2025-01-30 18:31:32,677 INFO c.h.h.t.HelmChartContainer - [hivemq-test-hivemq-platform] [hivemq-platform-operator] [88b5ad08] -------------------------------------------------------------------------
2025-01-30 18:31:32,677 INFO c.h.h.t.HelmChartContainer - [hivemq-test-hivemq-platform] [hivemq-platform-operator] [88b5ad08] 
2025-01-30 18:31:32,677 INFO c.h.h.t.HelmChartContainer - [hivemq-test-hivemq-platform] [hivemq-platform-operator] [88b5ad08]                   _    _  _              __  __   ____
2025-01-30 18:31:32,677 INFO c.h.h.t.HelmChartContainer - [hivemq-test-hivemq-platform] [hivemq-platform-operator] [88b5ad08]                  | |  | |(_)            |  \/  | / __ \
2025-01-30 18:31:32,677 INFO c.h.h.t.HelmChartContainer - [hivemq-test-hivemq-platform] [hivemq-platform-operator] [88b5ad08]                  | |__| | _ __   __ ___ | \  / || |  | |
2025-01-30 18:31:32,677 INFO c.h.h.t.HelmChartContainer - [hivemq-test-hivemq-platform] [hivemq-platform-operator] [88b5ad08]                  |  __  || |\ \ / // _ \| |\/| || |  | |
2025-01-30 18:31:32,678 INFO c.h.h.t.HelmChartContainer - [hivemq-test-hivemq-platform] [hivemq-platform-operator] [88b5ad08]                  | |  | || | \ V /|  __/| |  | || |__| |
2025-01-30 18:31:32,678 INFO c.h.h.t.HelmChartContainer - [hivemq-test-hivemq-platform] [hivemq-platform-operator] [88b5ad08]                  |_|  |_||_|  \_/  \___||_|  |_| \___\_\
2025-01-30 18:31:32,678 INFO c.h.h.t.HelmChartContainer - [hivemq-test-hivemq-platform] [hivemq-platform-operator] [88b5ad08] 
2025-01-30 18:31:32,678 INFO c.h.h.t.HelmChartContainer - [hivemq-test-hivemq-platform] [hivemq-platform-operator] [88b5ad08] -------------------------------------------------------------------------
2025-01-30 18:31:32,678 INFO c.h.h.t.HelmChartContainer - [hivemq-test-hivemq-platform] [hivemq-platform-operator] [88b5ad08] 
2025-01-30 18:31:32,678 INFO c.h.h.t.HelmChartContainer - [hivemq-test-hivemq-platform] [hivemq-platform-operator] [88b5ad08]   HiveMQ Platform Operator Start Script v1.0
2025-01-30 18:31:32,678 INFO c.h.h.t.HelmChartContainer - [hivemq-test-hivemq-platform] [hivemq-platform-operator] [88b5ad08] 
2025-01-30 18:31:32,678 INFO c.h.h.t.HelmChartContainer - [hivemq-test-hivemq-platform] [hivemq-platform-operator] [88b5ad08] -------------------------------------------------------------------------
2025-01-30 18:31:32,678 INFO c.h.h.t.HelmChartContainer - [hivemq-test-hivemq-platform] [hivemq-platform-operator] [88b5ad08] 
2025-01-30 18:31:32,678 INFO c.h.h.t.HelmChartContainer - [hivemq-test-hivemq-platform] [hivemq-platform-operator] [88b5ad08]   JAVA_OPTS: -XX:+UnlockExperimentalVMOptions -XX:InitialRAMPercentage=75 -XX:MaxRAMPercentage=75 -Duser.language=en -Duser.region=US
2025-01-30 18:31:32,678 INFO c.h.h.t.HelmChartContainer - [hivemq-test-hivemq-platform] [hivemq-platform-operator] [88b5ad08] 
2025-01-30 18:31:32,678 INFO c.h.h.t.HelmChartContainer - [hivemq-test-hivemq-platform] [hivemq-platform-operator] [88b5ad08]   JAVA_VERSION: 21
2025-01-30 18:31:32,678 INFO c.h.h.t.HelmChartContainer - [hivemq-test-hivemq-platform] [hivemq-platform-operator] [88b5ad08] 
2025-01-30 18:31:32,678 INFO c.h.h.t.HelmChartContainer - [hivemq-test-hivemq-platform] [hivemq-platform-operator] [88b5ad08] -------------------------------------------------------------------------
2025-01-30 18:31:32,678 INFO c.h.h.t.HelmChartContainer - [hivemq-test-hivemq-platform] [hivemq-platform-operator] [88b5ad08] 
2025-01-30 18:31:35,714 INFO c.h.h.t.HelmChartContainer - [hivemq-test-hivemq-platform] [hivemq-platform-operator] [88b5ad08] 18:31:35.711 [main] DEBUG org.jboss.logging - Logging Provider: org.jboss.logging.Slf4jLoggerProvider
2025-01-30 18:31:35,818 INFO c.h.h.t.HelmChartContainer - [hivemq-test-hivemq-platform] [hivemq-platform-operator] [88b5ad08] 18:31:35.817 [main] DEBUG io.smallrye.config - SRCFG01006: Loaded ConfigSource SysPropConfigSource with ordinal 400
2025-01-30 18:31:35,818 INFO c.h.h.t.HelmChartContainer - [hivemq-test-hivemq-platform] [hivemq-platform-operator] [88b5ad08] 18:31:35.817 [main] DEBUG io.smallrye.config - SRCFG01006: Loaded ConfigSource EnvConfigSource with ordinal 300
2025-01-30 18:31:35,818 INFO c.h.h.t.HelmChartContainer - [hivemq-test-hivemq-platform] [hivemq-platform-operator] [88b5ad08] 18:31:35.817 [main] DEBUG io.smallrye.config - SRCFG01006: Loaded ConfigSource PropertiesConfigSource[source=jar:file:///opt/hivemq-platform-operator/bin/hivemq-platform-operator.jar!/hivemq-platform-operator.properties] with ordinal 100
2025-01-30 18:31:35,819 INFO c.h.h.t.HelmChartContainer - [hivemq-test-hivemq-platform] [hivemq-platform-operator] [88b5ad08] 18:31:35.817 [main] DEBUG io.smallrye.config - SRCFG01006: Loaded ConfigSource DefaultValuesConfigSource with ordinal -2147483648
2025-01-30 18:31:35,923 INFO c.h.h.t.HelmChartContainer - [hivemq-test-hivemq-platform] [hivemq-platform-operator] [88b5ad08] 18:31:35.922 [main] DEBUG i.m.c.u.i.l.InternalLoggerFactory - Using SLF4J as the default logging framework
2025-01-30 18:31:36,023 INFO c.h.h.t.HelmChartContainer - [hivemq-test-hivemq-platform] [hivemq-platform-operator] [88b5ad08] 18:31:36.017 [main] INFO  c.h.p.o.HiveMQPlatformOperatorApplication - HiveMQ Platform Operator 1.7.0-SNAPSHOT (commit: 47e3375 on branch: HEAD) built on Thu Jan 30 03:55:50 UTC 2025
2025-01-30 18:31:36,024 INFO c.h.h.t.HelmChartContainer - [hivemq-test-hivemq-platform] [hivemq-platform-operator] [88b5ad08] 18:31:36.023 [main] INFO  c.h.p.o.HiveMQPlatformOperatorApplication - HiveMQ Platform Operator is running in namespace: helmcustomlogbackit-operator
2025-01-30 18:31:36,024 INFO c.h.h.t.HelmChartContainer - [hivemq-test-hivemq-platform] [hivemq-platform-operator] [88b5ad08] 18:31:36.023 [main] INFO  c.h.p.o.HiveMQPlatformOperatorApplication - Watching all namespaces
2025-01-30 18:31:36,024 INFO c.h.h.t.HelmChartContainer - [hivemq-test-hivemq-platform] [hivemq-platform-operator] [88b5ad08] 18:31:36.023 [main] INFO  c.h.p.o.HiveMQPlatformOperatorApplication - Log level: DEBUG
2025-01-30 18:31:36,024 INFO c.h.h.t.HelmChartContainer - [hivemq-test-hivemq-platform] [hivemq-platform-operator] [88b5ad08] 18:31:36.023 [main] INFO  c.h.p.o.HiveMQPlatformOperatorApplication - Release name: test-hivemq-platform-operator
2025-01-30 18:31:36,024 INFO c.h.h.t.HelmChartContainer - [hivemq-test-hivemq-platform] [hivemq-platform-operator] [88b5ad08] 18:31:36.023 [main] INFO  c.h.p.o.HiveMQPlatformOperatorApplication - HiveMQ Platform Operator Init image: docker.io/hivemq/hivemq-platform-operator-init-test:snapshot
2025-01-30 18:31:36,024 INFO c.h.h.t.HelmChartContainer - [hivemq-test-hivemq-platform] [hivemq-platform-operator] [88b5ad08] 18:31:36.023 [main] INFO  c.h.p.o.HiveMQPlatformOperatorApplication - HiveMQ Platform Operator Init App update URL: http://hivemq-platform-operator-test-hivemq-platform-operator.helmcustomlogbackit-operator.svc:8080/initAppUpdate/hivemq-platform-operator-init-app-1.7.0-SNAPSHOT.jar
2025-01-30 18:31:36,024 INFO c.h.h.t.HelmChartContainer - [hivemq-test-hivemq-platform] [hivemq-platform-operator] [88b5ad08] 18:31:36.023 [main] INFO  c.h.p.o.HiveMQPlatformOperatorApplication - Additional imagePullSecret for all Platform deployments: none
2025-01-30 18:31:36,024 INFO c.h.h.t.HelmChartContainer - [hivemq-test-hivemq-platform] [hivemq-platform-operator] [88b5ad08] 18:31:36.023 [main] INFO  c.h.p.o.HiveMQPlatformOperatorApplication - Apply HiveMQ Platform CRD: true
2025-01-30 18:31:36,025 INFO c.h.h.t.HelmChartContainer - [hivemq-test-hivemq-platform] [hivemq-platform-operator] [88b5ad08] 18:31:36.023 [main] INFO  c.h.p.o.HiveMQPlatformOperatorApplication - Create Platform ServiceAccount: true
2025-01-30 18:31:36,025 INFO c.h.h.t.HelmChartContainer - [hivemq-test-hivemq-platform] [hivemq-platform-operator] [88b5ad08] 18:31:36.023 [main] INFO  c.h.p.o.HiveMQPlatformOperatorApplication - Create Platform ServiceAccount permissions: true
2025-01-30 18:31:36,025 INFO c.h.h.t.HelmChartContainer - [hivemq-test-hivemq-platform] [hivemq-platform-operator] [88b5ad08] 18:31:36.023 [main] INFO  c.h.p.o.HiveMQPlatformOperatorApplication - Validate Platform ServiceAccount: true
2025-01-30 18:31:36,025 INFO c.h.h.t.HelmChartContainer - [hivemq-test-hivemq-platform] [hivemq-platform-operator] [88b5ad08] 18:31:36.023 [main] INFO  c.h.p.o.HiveMQPlatformOperatorApplication - Validate Platform ServiceAccount permissions: true
2025-01-30 18:31:36,219 INFO c.h.h.t.HelmChartContainer - [hivemq-test-hivemq-platform] [hivemq-platform-operator] [88b5ad08] 18:31:36.218 [main] INFO  c.h.platform.operator.util.CRDUtil - Verifying deployed HiveMQ Platform CRD...
2025-01-30 18:31:38,514 INFO c.h.h.t.HelmChartContainer - [hivemq-test-hivemq-platform] [hivemq-platform-operator] [88b5ad08] 18:31:38.513 [main] DEBUG c.h.platform.operator.util.CRDUtil - HiveMQ Platform CRD version v1 is up to date
2025-01-30 18:31:38,514 INFO c.h.h.t.HelmChartContainer - [hivemq-test-hivemq-platform] [hivemq-platform-operator] [88b5ad08] 18:31:38.513 [main] INFO  c.h.platform.operator.util.CRDUtil - HiveMQ Platform CRD is up to date (version: V1_6_0)
2025-01-30 18:31:38,514 INFO c.h.h.t.HelmChartContainer - [hivemq-test-hivemq-platform] [hivemq-platform-operator] [88b5ad08] 18:31:38.513 [main] INFO  c.h.platform.operator.util.CRDUtil - Waiting 10000 ms for HiveMQ Platform CRD 'hivemq-platforms.hivemq.com' to become ready...
2025-01-30 18:31:38,808 INFO c.h.h.t.HelmChartContainer - [hivemq-test-hivemq-platform] [hivemq-platform-operator] [88b5ad08] 18:31:38.806 [vert.x-eventloop-thread-1] DEBUG c.h.platform.operator.util.CRDUtil - Checking CRD condition 'NamesAccepted' (status: 'True')
2025-01-30 18:31:38,808 INFO c.h.h.t.HelmChartContainer - [hivemq-test-hivemq-platform] [hivemq-platform-operator] [88b5ad08] 18:31:38.806 [vert.x-eventloop-thread-1] DEBUG c.h.platform.operator.util.CRDUtil - Checking CRD condition 'Established' (status: 'True')
2025-01-30 18:31:38,810 INFO c.h.h.t.HelmChartContainer - [hivemq-test-hivemq-platform] [hivemq-platform-operator] [88b5ad08] 18:31:38.807 [main] INFO  c.h.platform.operator.util.CRDUtil - HiveMQ Platform CRD 'hivemq-platforms.hivemq.com' is ready
2025-01-30 18:31:38,919 INFO c.h.h.t.HelmChartContainer - [hivemq-test-hivemq-platform] [hivemq-platform-operator] [88b5ad08] 18:31:38.918 [main] INFO  c.h.p.o.HiveMQPlatformReconciler - HiveMQ Platform Operator is starting...
2025-01-30 18:31:39,012 INFO c.h.h.t.HelmChartContainer - [hivemq-test-hivemq-platform] [hivemq-platform-operator] [88b5ad08] 18:31:39.011 [main] WARN  Default ConfigurationService implementation - Configuration for reconciler 'hivemq-controller' was not found. Known reconcilers: None.
2025-01-30 18:31:39,019 INFO c.h.h.t.HelmChartContainer - [hivemq-test-hivemq-platform] [hivemq-platform-operator] [88b5ad08] 18:31:39.018 [main] INFO  Default ConfigurationService implementation - Created configuration for reconciler com.hivemq.platform.operator.HiveMQPlatformReconciler with name hivemq-controller
2025-01-30 18:31:39,124 INFO c.h.h.t.HelmChartContainer - [hivemq-test-hivemq-platform] [hivemq-platform-operator] [88b5ad08] 18:31:39.123 [main] DEBUG c.h.p.o.HiveMQPlatformReconciler - HiveMQ Platform Operator is preparing EventSources
2025-01-30 18:31:39,209 INFO c.h.h.t.HelmChartContainer - [hivemq-test-hivemq-platform] [hivemq-platform-operator] [88b5ad08] 18:31:39.208 [main] INFO  i.javaoperatorsdk.operator.Operator - Registered reconciler: 'hivemq-controller' for resource: 'class com.hivemq.platform.operator.v1.HiveMQPlatform' for namespace(s): [all namespaces]
2025-01-30 18:31:39,807 INFO c.h.h.t.HelmChartContainer - [hivemq-test-hivemq-platform] [hivemq-platform-operator] [88b5ad08] 18:31:39.806 [main] INFO  c.h.p.operator.webserver.JettyServer - Starting Jetty server on port 8080
2025-01-30 18:31:39,888 INFO c.h.h.t.HelmChartContainer - [K3S] [range_allocator.go:247] "Successfully synced" key="fa9d92da3b04"
2025-01-30 18:31:39,897 INFO c.h.h.t.HelmChartContainer - [hivemq-test-hivemq-platform] [hivemq-platform-operator] [88b5ad08] 18:31:39.896 [main] INFO  i.javaoperatorsdk.operator.Operator - Operator SDK 4.9.7 (commit: 2133d28) built on Wed Nov 20 12:56:20 UTC 2024 starting...
2025-01-30 18:31:39,897 INFO c.h.h.t.HelmChartContainer - [hivemq-test-hivemq-platform] [hivemq-platform-operator] [88b5ad08] 18:31:39.896 [main] INFO  i.javaoperatorsdk.operator.Operator - Client version: 6.13.5
2025-01-30 18:31:39,898 INFO c.h.h.t.HelmChartContainer - [hivemq-test-hivemq-platform] [hivemq-platform-operator] [88b5ad08] 18:31:39.898 [Controller Starter for: hivemq-controller] INFO  i.j.operator.processing.Controller - Starting 'hivemq-controller' controller for reconciler: com.hivemq.platform.operator.HiveMQPlatformReconciler, resource: com.hivemq.platform.operator.v1.HiveMQPlatform
2025-01-30 18:31:42,012 INFO c.h.h.t.HelmChartContainer - [hivemq-test-hivemq-platform] [hivemq-platform-operator] [88b5ad08] 18:31:42.011 [Controller Starter for: hivemq-controller] INFO  i.j.operator.processing.Controller - 'hivemq-controller' controller started
2025-01-30 18:31:42,013 INFO c.h.h.t.HelmChartContainer - [hivemq-test-hivemq-platform] [hivemq-platform-operator] [88b5ad08] 18:31:42.012 [main] INFO  c.h.p.o.HiveMQPlatformOperatorApplication - HiveMQ Platform Operator 1.7.0-SNAPSHOT started in 5994 ms
2025-01-30 18:31:43,673 INFO c.h.h.t.HelmChartContainer - [POD] hivemq-test-hivemq-platform-operator-6966f96d65-hwhkd [88b5ad08-976a-4f7d-a1fd-011a1f39b0ab] in helmcustomlogbackit-operator was MODIFIED
2025-01-30 18:31:43,676 INFO c.h.h.t.HelmChartContainer - [K3S] [replica_set.go:679] "Finished syncing" kind="ReplicaSet" key="helmcustomlogbackit-operator/hivemq-test-hivemq-platform-operator-6966f96d65" duration="7.676208ms"
2025-01-30 18:31:43,676 INFO c.h.h.t.HelmChartContainer - [K3S] [replica_set.go:679] "Finished syncing" kind="ReplicaSet" key="helmcustomlogbackit-operator/hivemq-test-hivemq-platform-operator-6966f96d65" duration="32.531µs"
2025-01-30 18:31:44,813 DEBUG c.h.h.t.HelmChartContainer - Executing helm command: /bin/helm --kubeconfig /etc/rancher/k3s/k3s.yaml install test-hivemq-platform /charts/hivemq-platform --wait --timeout 5m0s --set image.repository=docker.io/hivemq --set image.tag=4.36.0 --set image.pullPolicy=Never --set nodes.resources.cpu=512m --set nodes.replicaCount=1 --set-file config.customLogbackConfig=/files/custom-logback.xml --namespace helmcustomlogbackit
2025-01-30 18:31:45,111 INFO c.h.h.t.HelmChartContainer - [hivemq-test-hivemq-platform] [hivemq-platform-operator] [88b5ad08] 18:31:45.106 [-2082509879-pool-1-thread-1] WARN  i.m.p.PrometheusMeterRegistry - The meter (MeterId{name='operator.sdk.events.received', tags=[tag(action=ADDED),tag(event=ResourceEvent),tag(group=hivemq.com),tag(kind=HiveMQPlatform),tag(name=test-hivemq-platform),tag(namespace=helmcustomlogbackit),tag(scope=namespace),tag(version=v1)]}) registration has failed: Prometheus requires that all meters with the same name have the same set of tag keys. There is already an existing meter named 'operator.sdk.events.received' containing tag keys [event, group, kind, name, namespace, scope, version]. The meter you are attempting to register has keys [action, event, group, kind, name, namespace, scope, version]. Note that subsequent logs will be logged at debug level.
2025-01-30 18:31:45,511 INFO c.h.h.t.HelmChartContainer - [hivemq-test-hivemq-platform] [hivemq-platform-operator] [88b5ad08] 18:31:45.509 [pool-6-thread-3] DEBUG c.h.p.o.dependants.PodInfoConfigMap - [helmcust] Desired PodInfo ConfigMap (1 extensions) (1 enabled)
2025-01-30 18:31:45,515 INFO c.h.h.t.HelmChartContainer - [hivemq-test-hivemq-platform] [hivemq-platform-operator] [88b5ad08] 18:31:45.510 [pool-6-thread-3] DEBUG c.h.p.o.dependants.PodInfoConfigMap - [helmcust] Desired PodInfo ConfigMap (metrics port: 9399) (metrics path: /)
2025-01-30 18:31:45,515 INFO c.h.h.t.HelmChartContainer - [hivemq-test-hivemq-platform] [hivemq-platform-operator] [88b5ad08] 18:31:45.510 [pool-6-thread-3] DEBUG c.h.p.o.dependants.PodInfoConfigMap - [helmcust] Desired PodInfo ConfigMap (extension state hash: -1817474005)
2025-01-30 18:31:45,515 INFO c.h.h.t.HelmChartContainer - [hivemq-test-hivemq-platform] [hivemq-platform-operator] [88b5ad08] 18:31:45.511 [pool-6-thread-3] DEBUG c.h.p.o.dependants.PodInfoConfigMap - [helmcust] Create PodInfo ConfigMap
2025-01-30 18:31:45,613 INFO c.h.h.t.HelmChartContainer - [hivemq-test-hivemq-platform] [hivemq-platform-operator] [88b5ad08] 18:31:45.609 [pool-6-thread-5] DEBUG c.h.p.o.dependants.PodRoleResource - [helmcust] Create Role: Role(apiVersion=rbac.authorization.k8s.io/v1, kind=Role, metadata=ObjectMeta(annotations={meta.helm.sh/release-name=test-hivemq-platform, meta.helm.sh/release-namespace=helmcustomlogbackit}, creationTimestamp=null, deletionGracePeriodSeconds=null, deletionTimestamp=null, finalizers=[], generateName=null, generation=null, labels={helm.sh/chart=hivemq-platform-0.2.32, app.kubernetes.io/managed-by=Helm, app.kubernetes.io/name=hivemq-platform, hivemq-platform=test-hivemq-platform, app.kubernetes.io/instance=test-hivemq-platform, app.kubernetes.io/version=4.36.0}, managedFields=[], name=hivemq-platform-role-test-hivemq-platform, namespace=helmcustomlogbackit, ownerReferences=[OwnerReference(apiVersion=hivemq.com/v1, blockOwnerDeletion=null, controller=null, kind=HiveMQPlatform, name=test-hivemq-platform, uid=6626e769-68f0-48f3-9109-062228826260, additionalProperties={})], resourceVersion=null, selfLink=null, uid=null, additionalProperties={}), rules=[PolicyRule(apiGroups=[], nonResourceURLs=[], resourceNames=[], resources=[pods], verbs=[get, patch, update], additionalProperties={})], additionalProperties={})
2025-01-30 18:31:45,712 INFO c.h.h.t.HelmChartContainer - [hivemq-test-hivemq-platform] [hivemq-platform-operator] [88b5ad08] 18:31:45.710 [pool-6-thread-7] DEBUG c.h.p.o.d.PodServiceAccountResource - [helmcust] Desired PodServiceAccountResource (serviceAccountName: hivemq-platform-pod-test-hivemq-platform)
2025-01-30 18:31:45,715 INFO c.h.h.t.HelmChartContainer - [hivemq-test-hivemq-platform] [hivemq-platform-operator] [88b5ad08] 18:31:45.711 [pool-6-thread-7] DEBUG c.h.p.o.d.PodServiceAccountResource - [helmcust] Create ServiceAccount 'hivemq-platform-pod-test-hivemq-platform'
2025-01-30 18:31:45,820 INFO c.h.h.t.HelmChartContainer - [hivemq-test-hivemq-platform] [hivemq-platform-operator] [88b5ad08] 18:31:45.819 [pool-6-thread-10] DEBUG c.h.p.o.d.PodRoleBindingResource - [helmcust] Create RoleBinding: RoleBinding(apiVersion=rbac.authorization.k8s.io/v1, kind=RoleBinding, metadata=ObjectMeta(annotations={meta.helm.sh/release-name=test-hivemq-platform, meta.helm.sh/release-namespace=helmcustomlogbackit}, creationTimestamp=null, deletionGracePeriodSeconds=null, deletionTimestamp=null, finalizers=[], generateName=null, generation=null, labels={helm.sh/chart=hivemq-platform-0.2.32, app.kubernetes.io/managed-by=Helm, app.kubernetes.io/name=hivemq-platform, hivemq-platform=test-hivemq-platform, app.kubernetes.io/instance=test-hivemq-platform, app.kubernetes.io/version=4.36.0}, managedFields=[], name=hivemq-platform-role-binding-test-hivemq-platform, namespace=helmcustomlogbackit, ownerReferences=[OwnerReference(apiVersion=hivemq.com/v1, blockOwnerDeletion=null, controller=null, kind=HiveMQPlatform, name=test-hivemq-platform, uid=6626e769-68f0-48f3-9109-062228826260, additionalProperties={})], resourceVersion=null, selfLink=null, uid=null, additionalProperties={}), roleRef=RoleRef(apiGroup=rbac.authorization.k8s.io, kind=Role, name=hivemq-platform-role-test-hivemq-platform, additionalProperties={}), subjects=[Subject(apiGroup=null, kind=ServiceAccount, name=hivemq-platform-pod-test-hivemq-platform, namespace=helmcustomlogbackit, additionalProperties={})], additionalProperties={})
2025-01-30 18:31:45,907 INFO c.h.h.t.HelmChartContainer - [hivemq-test-hivemq-platform] [hivemq-platform-operator] [88b5ad08] 18:31:45.906 [ReconcilerExecutor-hivemq-controller-53] INFO  c.h.p.o.HiveMQPlatformReconciler - [helmcust] Reconciling HiveMQ Platform 'test-hivemq-platform' in namespace 'helmcustomlogbackit'
2025-01-30 18:31:45,907 INFO c.h.h.t.HelmChartContainer - [hivemq-test-hivemq-platform] [hivemq-platform-operator] [88b5ad08] 18:31:45.906 [ReconcilerExecutor-hivemq-controller-53] DEBUG c.h.p.o.HiveMQPlatformReconciler - [helmcust] Custom Resource Status CREATED - HiveMQ Platform was created (READY)
2025-01-30 18:31:45,908 INFO c.h.h.t.HelmChartContainer - [hivemq-test-hivemq-platform] [hivemq-platform-operator] [88b5ad08] 18:31:45.906 [ReconcilerExecutor-hivemq-controller-53] DEBUG c.h.p.o.HiveMQPlatformReconciler - [helmcust] Custom Resource Spec (replicas: 1) (extensions: 1)
2025-01-30 18:31:45,911 INFO c.h.h.t.HelmChartContainer - [hivemq-test-hivemq-platform] [hivemq-platform-operator] [88b5ad08] 18:31:45.911 [ReconcilerExecutor-hivemq-controller-53] INFO  c.h.p.o.h.HiveMQPlatformReconcilerBaseHandler - [helmcust] HiveMQ Platform is starting
2025-01-30 18:31:46,017 INFO c.h.h.t.HelmChartContainer - [hivemq-test-hivemq-platform] [hivemq-platform-operator] [88b5ad08] 18:31:46.016 [ReconcilerExecutor-hivemq-controller-53] DEBUG c.h.p.operator.event.EventSender - [helmcust] Creating K8s event hivemq-platform-starting: [Start] HiveMQ Platform is starting
2025-01-30 18:31:46,025 INFO c.h.h.t.HelmChartContainer - [EVENT] Normal [Start] HiveMQ Platform is starting [helmcustomlogbackit:test-hivemq-platform]
2025-01-30 18:31:46,029 INFO c.h.h.t.HelmChartContainer - [hivemq-test-hivemq-platform] [hivemq-platform-operator] [88b5ad08] 18:31:46.028 [ReconcilerExecutor-hivemq-controller-53] INFO  c.h.p.o.h.AbstractHiveMQReconcilerStateHandler - [helmcust] Update HiveMQ Platform Status (CREATED [READY] -> STARTING [READY]): HiveMQ Platform is starting
2025-01-30 18:31:46,115 DEBUG com.hivemq.helmcharts.util.K8sUtil - Comparing actual state 'STARTING' and waiting for 'RUNNING'
2025-01-30 18:31:56,126 INFO c.h.h.t.HelmChartContainer - [hivemq-test-hivemq-platform] [hivemq-platform-operator] [88b5ad08] 18:31:56.123 [pool-6-thread-12] DEBUG c.h.p.o.d.PlatformServiceResource - [helmcust] Desired Platform services (3 services)
2025-01-30 18:31:56,126 INFO c.h.h.t.HelmChartContainer - [hivemq-test-hivemq-platform] [hivemq-platform-operator] [88b5ad08] 18:31:56.125 [pool-6-thread-13] DEBUG c.h.p.o.dependants.PodInfoConfigMap - [helmcust] Desired PodInfo ConfigMap (1 extensions) (1 enabled)
2025-01-30 18:31:56,127 INFO c.h.h.t.HelmChartContainer - [hivemq-test-hivemq-platform] [hivemq-platform-operator] [88b5ad08] 18:31:56.126 [pool-6-thread-13] DEBUG c.h.p.o.dependants.PodInfoConfigMap - [helmcust] Desired PodInfo ConfigMap (metrics port: 9399) (metrics path: /)
2025-01-30 18:31:56,128 INFO c.h.h.t.HelmChartContainer - [hivemq-test-hivemq-platform] [hivemq-platform-operator] [88b5ad08] 18:31:56.126 [pool-6-thread-13] DEBUG c.h.p.o.dependants.PodInfoConfigMap - [helmcust] Desired PodInfo ConfigMap (extension state hash: -1817474005)
2025-01-30 18:31:56,131 INFO c.h.h.t.HelmChartContainer - [hivemq-test-hivemq-platform] [hivemq-platform-operator] [88b5ad08] 18:31:56.130 [pool-6-thread-17] DEBUG c.h.p.o.d.PodServiceAccountResource - [helmcust] Desired PodServiceAccountResource (serviceAccountName: hivemq-platform-pod-test-hivemq-platform)
2025-01-30 18:31:56,135 INFO c.h.h.t.HelmChartContainer - [hivemq-test-hivemq-platform] [hivemq-platform-operator] [88b5ad08] 18:31:56.134 [pool-6-thread-13] DEBUG c.h.p.o.dependants.PodInfoConfigMap - [helmcust] Update PodInfo ConfigMap
2025-01-30 18:31:56,143 INFO c.h.h.t.HelmChartContainer - [K3S] [alloc.go:330] "allocated clusterIPs" service="helmcustomlogbackit/hivemq-test-hivemq-platform-metrics-9399" clusterIPs={"IPv4":"10.43.253.158"}
2025-01-30 18:31:56,217 INFO c.h.h.t.HelmChartContainer - [K3S] [alloc.go:330] "allocated clusterIPs" service="helmcustomlogbackit/hivemq-test-hivemq-platform-mqtt-1883" clusterIPs={"IPv4":"10.43.113.35"}
2025-01-30 18:31:56,227 INFO c.h.h.t.HelmChartContainer - [K3S] [alloc.go:330] "allocated clusterIPs" service="helmcustomlogbackit/hivemq-test-hivemq-platform-cc-8080" clusterIPs={"IPv4":"10.43.92.105"}
2025-01-30 18:31:56,305 INFO c.h.h.t.HelmChartContainer - [hivemq-test-hivemq-platform] [hivemq-platform-operator] [88b5ad08] 18:31:56.304 [pool-6-thread-20] DEBUG c.h.p.o.d.StatefulSetResource - [helmcust] Desired StatefulSet (1 replicas) for status STARTING (READY)
2025-01-30 18:31:56,318 INFO c.h.h.t.HelmChartContainer - [hivemq-test-hivemq-platform] [hivemq-platform-operator] [88b5ad08] 18:31:56.317 [pool-6-thread-20] DEBUG c.h.p.o.d.StatefulSetResource - [helmcust] Create StatefulSet
2025-01-30 18:31:56,419 INFO c.h.h.t.HelmChartContainer - [hivemq-test-hivemq-platform] [hivemq-platform-operator] [88b5ad08] 18:31:56.416 [ReconcilerExecutor-hivemq-controller-64] INFO  c.h.p.o.HiveMQPlatformReconciler - [helmcust] Reconciling HiveMQ Platform 'test-hivemq-platform' in namespace 'helmcustomlogbackit'
2025-01-30 18:31:56,420 INFO c.h.h.t.HelmChartContainer - [hivemq-test-hivemq-platform] [hivemq-platform-operator] [88b5ad08] 18:31:56.416 [ReconcilerExecutor-hivemq-controller-64] DEBUG c.h.p.o.HiveMQPlatformReconciler - [helmcust] Custom Resource Status STARTING - HiveMQ Platform is starting (READY)
2025-01-30 18:31:56,420 INFO c.h.h.t.HelmChartContainer - [hivemq-test-hivemq-platform] [hivemq-platform-operator] [88b5ad08] 18:31:56.416 [ReconcilerExecutor-hivemq-controller-64] DEBUG c.h.p.o.HiveMQPlatformReconciler - [helmcust] Custom Resource Spec (replicas: 1) (extensions: 1)
2025-01-30 18:31:56,420 INFO c.h.h.t.HelmChartContainer - [hivemq-test-hivemq-platform] [hivemq-platform-operator] [88b5ad08] 18:31:56.418 [ReconcilerExecutor-hivemq-controller-64] DEBUG c.h.p.o.HiveMQPlatformReconciler - [helmcust] StatefulSet Status (revision: null, replicas: 0, available: 0, ready: 0, current: 0, updated: 0)
2025-01-30 18:31:56,421 INFO c.h.h.t.HelmChartContainer - [hivemq-test-hivemq-platform] [hivemq-platform-operator] [88b5ad08] 18:31:56.418 [ReconcilerExecutor-hivemq-controller-64] DEBUG c.h.p.o.HiveMQPlatformReconciler - [helmcust] StatefulSet Spec (replicas: 1, init containers: 1, containers: 1, volumes: 3)
2025-01-30 18:31:56,429 INFO c.h.h.t.HelmChartContainer - [POD] test-hivemq-platform-0 [fdc09348-b759-4339-b822-03d93ae49fe6] in helmcustomlogbackit was ADDED
2025-01-30 18:31:56,429 INFO c.h.h.t.HelmChartContainer - [EVENT] Normal [SuccessfulCreate] create Pod test-hivemq-platform-0 in StatefulSet test-hivemq-platform successful [helmcustomlogbackit:test-hivemq-platform]
2025-01-30 18:31:56,435 INFO c.h.h.t.HelmChartContainer - [EVENT] Normal [Scheduled] Successfully assigned helmcustomlogbackit/test-hivemq-platform-0 to fa9d92da3b04 [helmcustomlogbackit:test-hivemq-platform-0]
2025-01-30 18:31:56,435 INFO c.h.h.t.HelmChartContainer - [POD] test-hivemq-platform-0 [fdc09348-b759-4339-b822-03d93ae49fe6] in helmcustomlogbackit was MODIFIED
2025-01-30 18:31:56,443 INFO c.h.h.t.HelmChartContainer - [POD] test-hivemq-platform-0 [fdc09348-b759-4339-b822-03d93ae49fe6] in helmcustomlogbackit was MODIFIED
2025-01-30 18:31:56,505 INFO c.h.h.t.HelmChartContainer - [hivemq-test-hivemq-platform] [hivemq-platform-operator] [88b5ad08] 18:31:56.504 [ReconcilerExecutor-hivemq-controller-64] INFO  c.h.p.o.h.HiveMQPlatformReconcilerBaseHandler - [helmcust] HiveMQ Platform is starting, 0 of 1 replicas are ready
2025-01-30 18:31:56,516 INFO c.h.h.t.HelmChartContainer - [hivemq-test-hivemq-platform] [hivemq-platform-operator] [88b5ad08] 18:31:56.514 [pool-6-thread-22] DEBUG c.h.p.o.d.PlatformServiceResource - [helmcust] Desired Platform services (3 services)
2025-01-30 18:31:56,534 INFO c.h.h.t.HelmChartContainer - [K3S] [reconciler_common.go:251] "operationExecutor.VerifyControllerAttachedVolume started for volume \"broker-configuration\" (UniqueName: \"kubernetes.io/configmap/fdc09348-b759-4339-b822-03d93ae49fe6-broker-configuration\") pod \"test-hivemq-platform-0\" (UID: \"fdc09348-b759-4339-b822-03d93ae49fe6\") " pod="helmcustomlogbackit/test-hivemq-platform-0"
2025-01-30 18:31:56,534 INFO c.h.h.t.HelmChartContainer - [K3S] [reconciler_common.go:251] "operationExecutor.VerifyControllerAttachedVolume started for volume \"operator-init\" (UniqueName: \"kubernetes.io/empty-dir/fdc09348-b759-4339-b822-03d93ae49fe6-operator-init\") pod \"test-hivemq-platform-0\" (UID: \"fdc09348-b759-4339-b822-03d93ae49fe6\") " pod="helmcustomlogbackit/test-hivemq-platform-0"
2025-01-30 18:31:56,534 INFO c.h.h.t.HelmChartContainer - [K3S] [reconciler_common.go:251] "operationExecutor.VerifyControllerAttachedVolume started for volume \"kube-api-access-ck56z\" (UniqueName: \"kubernetes.io/projected/fdc09348-b759-4339-b822-03d93ae49fe6-kube-api-access-ck56z\") pod \"test-hivemq-platform-0\" (UID: \"fdc09348-b759-4339-b822-03d93ae49fe6\") " pod="helmcustomlogbackit/test-hivemq-platform-0"
2025-01-30 18:31:56,534 INFO c.h.h.t.HelmChartContainer - [K3S] [reconciler_common.go:251] "operationExecutor.VerifyControllerAttachedVolume started for volume \"pod-info\" (UniqueName: \"kubernetes.io/configmap/fdc09348-b759-4339-b822-03d93ae49fe6-pod-info\") pod \"test-hivemq-platform-0\" (UID: \"fdc09348-b759-4339-b822-03d93ae49fe6\") " pod="helmcustomlogbackit/test-hivemq-platform-0"
2025-01-30 18:31:56,606 INFO c.h.h.t.HelmChartContainer - [hivemq-test-hivemq-platform] [hivemq-platform-operator] [88b5ad08] 18:31:56.603 [pool-6-thread-23] DEBUG c.h.p.o.dependants.PodInfoConfigMap - [helmcust] Desired PodInfo ConfigMap (1 extensions) (1 enabled)
2025-01-30 18:31:56,606 INFO c.h.h.t.HelmChartContainer - [hivemq-test-hivemq-platform] [hivemq-platform-operator] [88b5ad08] 18:31:56.604 [pool-6-thread-23] DEBUG c.h.p.o.dependants.PodInfoConfigMap - [helmcust] Desired PodInfo ConfigMap (metrics port: 9399) (metrics path: /)
2025-01-30 18:31:56,606 INFO c.h.h.t.HelmChartContainer - [hivemq-test-hivemq-platform] [hivemq-platform-operator] [88b5ad08] 18:31:56.604 [pool-6-thread-23] DEBUG c.h.p.o.dependants.PodInfoConfigMap - [helmcust] Desired PodInfo ConfigMap (extension state hash: -1817474005)
2025-01-30 18:31:56,606 INFO c.h.h.t.HelmChartContainer - [hivemq-test-hivemq-platform] [hivemq-platform-operator] [88b5ad08] 18:31:56.604 [pool-6-thread-27] DEBUG c.h.p.o.d.PodServiceAccountResource - [helmcust] Desired PodServiceAccountResource (serviceAccountName: hivemq-platform-pod-test-hivemq-platform)
2025-01-30 18:31:56,705 INFO c.h.h.t.HelmChartContainer - [hivemq-test-hivemq-platform] [hivemq-platform-operator] [88b5ad08] 18:31:56.703 [pool-6-thread-30] DEBUG c.h.p.o.d.StatefulSetResource - [helmcust] Desired StatefulSet (1 replicas) for status STARTING (READY)
2025-01-30 18:31:56,712 INFO c.h.h.t.HelmChartContainer - [hivemq-test-hivemq-platform] [hivemq-platform-operator] [88b5ad08] 18:31:56.711 [ReconcilerExecutor-hivemq-controller-76] INFO  c.h.p.o.HiveMQPlatformReconciler - [helmcust] Reconciling HiveMQ Platform 'test-hivemq-platform' in namespace 'helmcustomlogbackit'
2025-01-30 18:31:56,713 INFO c.h.h.t.HelmChartContainer - [hivemq-test-hivemq-platform] [hivemq-platform-operator] [88b5ad08] 18:31:56.711 [ReconcilerExecutor-hivemq-controller-76] DEBUG c.h.p.o.HiveMQPlatformReconciler - [helmcust] Custom Resource Status STARTING - HiveMQ Platform is starting (READY)
2025-01-30 18:31:56,713 INFO c.h.h.t.HelmChartContainer - [hivemq-test-hivemq-platform] [hivemq-platform-operator] [88b5ad08] 18:31:56.712 [ReconcilerExecutor-hivemq-controller-76] DEBUG c.h.p.o.HiveMQPlatformReconciler - [helmcust] Custom Resource Spec (replicas: 1) (extensions: 1)
2025-01-30 18:31:56,717 INFO c.h.h.t.HelmChartContainer - [hivemq-test-hivemq-platform] [hivemq-platform-operator] [88b5ad08] 18:31:56.716 [ReconcilerExecutor-hivemq-controller-76] DEBUG c.h.p.o.HiveMQPlatformReconciler - [helmcust] StatefulSet Status (revision: test-hivemq-platform-989b74cd6, replicas: 1, available: 0, ready: 0, current: 1, updated: 1)
2025-01-30 18:31:56,717 INFO c.h.h.t.HelmChartContainer - [hivemq-test-hivemq-platform] [hivemq-platform-operator] [88b5ad08] 18:31:56.716 [ReconcilerExecutor-hivemq-controller-76] DEBUG c.h.p.o.HiveMQPlatformReconciler - [helmcust] StatefulSet Spec (replicas: 1, init containers: 1, containers: 1, volumes: 3)
2025-01-30 18:31:56,812 INFO c.h.h.t.HelmChartContainer - [hivemq-test-hivemq-platform] [hivemq-platform-operator] [88b5ad08] 18:31:56.811 [ReconcilerExecutor-hivemq-controller-76] DEBUG c.h.p.o.h.HiveMQPlatformReconcilerErrorHandler - [helmcust] Pod 'test-hivemq-platform-0' phase Pending
2025-01-30 18:31:56,816 INFO c.h.h.t.HelmChartContainer - [hivemq-test-hivemq-platform] [hivemq-platform-operator] [88b5ad08] 18:31:56.811 [ReconcilerExecutor-hivemq-controller-76] DEBUG c.h.p.o.h.HiveMQPlatformReconcilerErrorHandler - [helmcust] Pod 'test-hivemq-platform-0' condition 'PodReadyToStartContainers': False
2025-01-30 18:31:56,816 INFO c.h.h.t.HelmChartContainer - [hivemq-test-hivemq-platform] [hivemq-platform-operator] [88b5ad08] 18:31:56.812 [ReconcilerExecutor-hivemq-controller-76] DEBUG c.h.p.o.h.HiveMQPlatformReconcilerErrorHandler - [helmcust] Pod 'test-hivemq-platform-0' condition 'Initialized': False
2025-01-30 18:31:56,816 INFO c.h.h.t.HelmChartContainer - [hivemq-test-hivemq-platform] [hivemq-platform-operator] [88b5ad08] 18:31:56.812 [ReconcilerExecutor-hivemq-controller-76] DEBUG c.h.p.o.h.HiveMQPlatformReconcilerErrorHandler - [helmcust] Pod 'test-hivemq-platform-0' condition 'Ready': False
2025-01-30 18:31:56,816 INFO c.h.h.t.HelmChartContainer - [hivemq-test-hivemq-platform] [hivemq-platform-operator] [88b5ad08] 18:31:56.812 [ReconcilerExecutor-hivemq-controller-76] DEBUG c.h.p.o.h.HiveMQPlatformReconcilerErrorHandler - [helmcust] Pod 'test-hivemq-platform-0' condition 'ContainersReady': False
2025-01-30 18:31:56,816 INFO c.h.h.t.HelmChartContainer - [hivemq-test-hivemq-platform] [hivemq-platform-operator] [88b5ad08] 18:31:56.812 [ReconcilerExecutor-hivemq-controller-76] DEBUG c.h.p.o.h.HiveMQPlatformReconcilerErrorHandler - [helmcust] Pod 'test-hivemq-platform-0' condition 'PodScheduled': True
2025-01-30 18:31:56,816 INFO c.h.h.t.HelmChartContainer - [hivemq-test-hivemq-platform] [hivemq-platform-operator] [88b5ad08] 18:31:56.814 [ReconcilerExecutor-hivemq-controller-76] DEBUG c.h.p.o.h.HiveMQPlatformReconcilerErrorHandler - [helmcust] Pod 'test-hivemq-platform-0' containerStatus 'hivemq' (started: false) (ready: false) (waiting: [PodInitializing] null)
2025-01-30 18:31:56,822 INFO c.h.h.t.HelmChartContainer - [hivemq-test-hivemq-platform] [hivemq-platform-operator] [88b5ad08] 18:31:56.818 [ReconcilerExecutor-hivemq-controller-76] INFO  c.h.p.o.h.HiveMQPlatformReconcilerBaseHandler - [helmcust] HiveMQ Platform is starting, 0 of 1 replicas are ready
2025-01-30 18:31:56,826 INFO c.h.h.t.HelmChartContainer - [EVENT] Normal [Pulled] Container image "docker.io/hivemq/hivemq-platform-operator-init-test:snapshot" already present on machine [helmcustomlogbackit:test-hivemq-platform-0]
2025-01-30 18:31:56,827 INFO c.h.h.t.HelmChartContainer - [hivemq-test-hivemq-platform] [hivemq-platform-operator] [88b5ad08] 18:31:56.826 [pool-6-thread-32] DEBUG c.h.p.o.d.PlatformServiceResource - [helmcust] Desired Platform services (3 services)
2025-01-30 18:31:56,910 INFO c.h.h.t.HelmChartContainer - [hivemq-test-hivemq-platform] [hivemq-platform-operator] [88b5ad08] 18:31:56.907 [pool-6-thread-37] DEBUG c.h.p.o.d.PodServiceAccountResource - [helmcust] Desired PodServiceAccountResource (serviceAccountName: hivemq-platform-pod-test-hivemq-platform)
2025-01-30 18:31:56,912 INFO c.h.h.t.HelmChartContainer - [hivemq-test-hivemq-platform] [hivemq-platform-operator] [88b5ad08] 18:31:56.909 [pool-6-thread-33] DEBUG c.h.p.o.dependants.PodInfoConfigMap - [helmcust] Desired PodInfo ConfigMap (1 extensions) (1 enabled)
2025-01-30 18:31:56,912 INFO c.h.h.t.HelmChartContainer - [hivemq-test-hivemq-platform] [hivemq-platform-operator] [88b5ad08] 18:31:56.909 [pool-6-thread-33] DEBUG c.h.p.o.dependants.PodInfoConfigMap - [helmcust] Desired PodInfo ConfigMap (metrics port: 9399) (metrics path: /)
2025-01-30 18:31:56,912 INFO c.h.h.t.HelmChartContainer - [hivemq-test-hivemq-platform] [hivemq-platform-operator] [88b5ad08] 18:31:56.909 [pool-6-thread-33] DEBUG c.h.p.o.dependants.PodInfoConfigMap - [helmcust] Desired PodInfo ConfigMap (extension state hash: -1817474005)
2025-01-30 18:31:56,919 INFO c.h.h.t.HelmChartContainer - [hivemq-test-hivemq-platform] [hivemq-platform-operator] [88b5ad08] 18:31:56.917 [pool-6-thread-40] DEBUG c.h.p.o.d.StatefulSetResource - [helmcust] Desired StatefulSet (1 replicas) for status STARTING (READY)
2025-01-30 18:31:56,924 INFO c.h.h.t.HelmChartContainer - [hivemq-test-hivemq-platform] [hivemq-platform-operator] [88b5ad08] 18:31:56.923 [ReconcilerExecutor-hivemq-controller-87] INFO  c.h.p.o.HiveMQPlatformReconciler - [helmcust] Reconciling HiveMQ Platform 'test-hivemq-platform' in namespace 'helmcustomlogbackit'
2025-01-30 18:31:56,925 INFO c.h.h.t.HelmChartContainer - [hivemq-test-hivemq-platform] [hivemq-platform-operator] [88b5ad08] 18:31:56.924 [ReconcilerExecutor-hivemq-controller-87] DEBUG c.h.p.o.HiveMQPlatformReconciler - [helmcust] Custom Resource Status STARTING - HiveMQ Platform is starting (READY)
2025-01-30 18:31:56,925 INFO c.h.h.t.HelmChartContainer - [hivemq-test-hivemq-platform] [hivemq-platform-operator] [88b5ad08] 18:31:56.924 [ReconcilerExecutor-hivemq-controller-87] DEBUG c.h.p.o.HiveMQPlatformReconciler - [helmcust] Custom Resource Spec (replicas: 1) (extensions: 1)
2025-01-30 18:31:56,949 INFO c.h.h.t.HelmChartContainer - [EVENT] Normal [Created] Created container: hivemq-platform-operator-init [helmcustomlogbackit:test-hivemq-platform-0]
2025-01-30 18:31:56,984 INFO c.h.h.t.HelmChartContainer - [EVENT] Normal [Started] Started container hivemq-platform-operator-init [helmcustomlogbackit:test-hivemq-platform-0]
2025-01-30 18:31:57,004 INFO c.h.h.t.HelmChartContainer - [hivemq-test-hivemq-platform] [hivemq-platform-operator] [88b5ad08] 18:31:57.002 [ReconcilerExecutor-hivemq-controller-87] DEBUG c.h.p.o.HiveMQPlatformReconciler - [helmcust] StatefulSet Status (revision: test-hivemq-platform-989b74cd6, replicas: 1, available: 0, ready: 0, current: 1, updated: 1)
2025-01-30 18:31:57,004 INFO c.h.h.t.HelmChartContainer - [hivemq-test-hivemq-platform] [hivemq-platform-operator] [88b5ad08] 18:31:57.002 [ReconcilerExecutor-hivemq-controller-87] DEBUG c.h.p.o.HiveMQPlatformReconciler - [helmcust] StatefulSet Spec (replicas: 1, init containers: 1, containers: 1, volumes: 3)
2025-01-30 18:31:57,005 INFO c.h.h.t.HelmChartContainer - [hivemq-test-hivemq-platform] [hivemq-platform-operator] [88b5ad08] 18:31:57.005 [ReconcilerExecutor-hivemq-controller-87] DEBUG c.h.p.o.h.HiveMQPlatformReconcilerErrorHandler - [helmcust] Pod 'test-hivemq-platform-0' phase Pending
2025-01-30 18:31:57,006 INFO c.h.h.t.HelmChartContainer - [hivemq-test-hivemq-platform] [hivemq-platform-operator] [88b5ad08] 18:31:57.005 [ReconcilerExecutor-hivemq-controller-87] DEBUG c.h.p.o.h.HiveMQPlatformReconcilerErrorHandler - [helmcust] Pod 'test-hivemq-platform-0' condition 'PodReadyToStartContainers': False
2025-01-30 18:31:57,007 INFO c.h.h.t.HelmChartContainer - [hivemq-test-hivemq-platform] [hivemq-platform-operator] [88b5ad08] 18:31:57.005 [ReconcilerExecutor-hivemq-controller-87] DEBUG c.h.p.o.h.HiveMQPlatformReconcilerErrorHandler - [helmcust] Pod 'test-hivemq-platform-0' condition 'Initialized': False
2025-01-30 18:31:57,007 INFO c.h.h.t.HelmChartContainer - [hivemq-test-hivemq-platform] [hivemq-platform-operator] [88b5ad08] 18:31:57.005 [ReconcilerExecutor-hivemq-controller-87] DEBUG c.h.p.o.h.HiveMQPlatformReconcilerErrorHandler - [helmcust] Pod 'test-hivemq-platform-0' condition 'Ready': False
2025-01-30 18:31:57,007 INFO c.h.h.t.HelmChartContainer - [hivemq-test-hivemq-platform] [hivemq-platform-operator] [88b5ad08] 18:31:57.005 [ReconcilerExecutor-hivemq-controller-87] DEBUG c.h.p.o.h.HiveMQPlatformReconcilerErrorHandler - [helmcust] Pod 'test-hivemq-platform-0' condition 'ContainersReady': False
2025-01-30 18:31:57,007 INFO c.h.h.t.HelmChartContainer - [hivemq-test-hivemq-platform] [hivemq-platform-operator] [88b5ad08] 18:31:57.005 [ReconcilerExecutor-hivemq-controller-87] DEBUG c.h.p.o.h.HiveMQPlatformReconcilerErrorHandler - [helmcust] Pod 'test-hivemq-platform-0' condition 'PodScheduled': True
2025-01-30 18:31:57,007 INFO c.h.h.t.HelmChartContainer - [hivemq-test-hivemq-platform] [hivemq-platform-operator] [88b5ad08] 18:31:57.005 [ReconcilerExecutor-hivemq-controller-87] DEBUG c.h.p.o.h.HiveMQPlatformReconcilerErrorHandler - [helmcust] Pod 'test-hivemq-platform-0' containerStatus 'hivemq' (started: false) (ready: false) (waiting: [PodInitializing] null)
2025-01-30 18:31:57,007 INFO c.h.h.t.HelmChartContainer - [hivemq-test-hivemq-platform] [hivemq-platform-operator] [88b5ad08] 18:31:57.006 [ReconcilerExecutor-hivemq-controller-87] INFO  c.h.p.o.h.HiveMQPlatformReconcilerBaseHandler - [helmcust] HiveMQ Platform is starting, 0 of 1 replicas are ready
2025-01-30 18:31:57,710 INFO c.h.h.t.HelmChartContainer - [POD] test-hivemq-platform-0 [fdc09348-b759-4339-b822-03d93ae49fe6] in helmcustomlogbackit was MODIFIED
2025-01-30 18:31:57,725 INFO c.h.h.t.HelmChartContainer - [hivemq-test-hivemq-platform] [hivemq-platform-operator] [88b5ad08] 18:31:57.719 [pool-6-thread-42] DEBUG c.h.p.o.d.PlatformServiceResource - [helmcust] Desired Platform services (3 services)
2025-01-30 18:31:57,725 INFO c.h.h.t.HelmChartContainer - [hivemq-test-hivemq-platform] [hivemq-platform-operator] [88b5ad08] 18:31:57.721 [pool-6-thread-43] DEBUG c.h.p.o.dependants.PodInfoConfigMap - [helmcust] Desired PodInfo ConfigMap (1 extensions) (1 enabled)
2025-01-30 18:31:57,726 INFO c.h.h.t.HelmChartContainer - [hivemq-test-hivemq-platform] [hivemq-platform-operator] [88b5ad08] 18:31:57.721 [pool-6-thread-43] DEBUG c.h.p.o.dependants.PodInfoConfigMap - [helmcust] Desired PodInfo ConfigMap (metrics port: 9399) (metrics path: /)
2025-01-30 18:31:57,726 INFO c.h.h.t.HelmChartContainer - [hivemq-test-hivemq-platform] [hivemq-platform-operator] [88b5ad08] 18:31:57.721 [pool-6-thread-43] DEBUG c.h.p.o.dependants.PodInfoConfigMap - [helmcust] Desired PodInfo ConfigMap (extension state hash: -1817474005)
2025-01-30 18:31:57,730 INFO c.h.h.t.HelmChartContainer - [hivemq-test-hivemq-platform] [hivemq-platform-operator] [88b5ad08] 18:31:57.728 [pool-6-thread-47] DEBUG c.h.p.o.d.PodServiceAccountResource - [helmcust] Desired PodServiceAccountResource (serviceAccountName: hivemq-platform-pod-test-hivemq-platform)
2025-01-30 18:31:57,806 INFO c.h.h.t.HelmChartContainer - [hivemq-test-hivemq-platform] [hivemq-platform-operator] [88b5ad08] 18:31:57.804 [pool-6-thread-50] DEBUG c.h.p.o.d.StatefulSetResource - [helmcust] Desired StatefulSet (1 replicas) for status STARTING (READY)
2025-01-30 18:31:57,809 INFO c.h.h.t.HelmChartContainer - [hivemq-test-hivemq-platform] [hivemq-platform-operator] [88b5ad08] 18:31:57.808 [ReconcilerExecutor-hivemq-controller-98] INFO  c.h.p.o.HiveMQPlatformReconciler - [helmcust] Reconciling HiveMQ Platform 'test-hivemq-platform' in namespace 'helmcustomlogbackit'
2025-01-30 18:31:57,809 INFO c.h.h.t.HelmChartContainer - [hivemq-test-hivemq-platform] [hivemq-platform-operator] [88b5ad08] 18:31:57.808 [ReconcilerExecutor-hivemq-controller-98] DEBUG c.h.p.o.HiveMQPlatformReconciler - [helmcust] Custom Resource Status STARTING - HiveMQ Platform is starting (READY)
2025-01-30 18:31:57,810 INFO c.h.h.t.HelmChartContainer - [hivemq-test-hivemq-platform] [hivemq-platform-operator] [88b5ad08] 18:31:57.808 [ReconcilerExecutor-hivemq-controller-98] DEBUG c.h.p.o.HiveMQPlatformReconciler - [helmcust] Custom Resource Spec (replicas: 1) (extensions: 1)
2025-01-30 18:31:57,813 INFO c.h.h.t.HelmChartContainer - [hivemq-test-hivemq-platform] [hivemq-platform-operator] [88b5ad08] 18:31:57.811 [ReconcilerExecutor-hivemq-controller-98] DEBUG c.h.p.o.HiveMQPlatformReconciler - [helmcust] StatefulSet Status (revision: test-hivemq-platform-989b74cd6, replicas: 1, available: 0, ready: 0, current: 1, updated: 1)
2025-01-30 18:31:57,813 INFO c.h.h.t.HelmChartContainer - [hivemq-test-hivemq-platform] [hivemq-platform-operator] [88b5ad08] 18:31:57.811 [ReconcilerExecutor-hivemq-controller-98] DEBUG c.h.p.o.HiveMQPlatformReconciler - [helmcust] StatefulSet Spec (replicas: 1, init containers: 1, containers: 1, volumes: 3)
2025-01-30 18:31:57,815 INFO c.h.h.t.HelmChartContainer - [hivemq-test-hivemq-platform] [hivemq-platform-operator] [88b5ad08] 18:31:57.814 [ReconcilerExecutor-hivemq-controller-98] DEBUG c.h.p.o.h.HiveMQPlatformReconcilerErrorHandler - [helmcust] Pod 'test-hivemq-platform-0' phase Pending
2025-01-30 18:31:57,816 INFO c.h.h.t.HelmChartContainer - [hivemq-test-hivemq-platform] [hivemq-platform-operator] [88b5ad08] 18:31:57.814 [ReconcilerExecutor-hivemq-controller-98] DEBUG c.h.p.o.h.HiveMQPlatformReconcilerErrorHandler - [helmcust] Pod 'test-hivemq-platform-0' condition 'PodReadyToStartContainers': True
2025-01-30 18:31:57,817 INFO c.h.h.t.HelmChartContainer - [hivemq-test-hivemq-platform] [hivemq-platform-operator] [88b5ad08] 18:31:57.814 [ReconcilerExecutor-hivemq-controller-98] DEBUG c.h.p.o.h.HiveMQPlatformReconcilerErrorHandler - [helmcust] Pod 'test-hivemq-platform-0' condition 'Initialized': False
2025-01-30 18:31:57,817 INFO c.h.h.t.HelmChartContainer - [hivemq-test-hivemq-platform] [hivemq-platform-operator] [88b5ad08] 18:31:57.814 [ReconcilerExecutor-hivemq-controller-98] DEBUG c.h.p.o.h.HiveMQPlatformReconcilerErrorHandler - [helmcust] Pod 'test-hivemq-platform-0' condition 'Ready': False
2025-01-30 18:31:57,817 INFO c.h.h.t.HelmChartContainer - [hivemq-test-hivemq-platform] [hivemq-platform-operator] [88b5ad08] 18:31:57.814 [ReconcilerExecutor-hivemq-controller-98] DEBUG c.h.p.o.h.HiveMQPlatformReconcilerErrorHandler - [helmcust] Pod 'test-hivemq-platform-0' condition 'ContainersReady': False
2025-01-30 18:31:57,817 INFO c.h.h.t.HelmChartContainer - [hivemq-test-hivemq-platform] [hivemq-platform-operator] [88b5ad08] 18:31:57.814 [ReconcilerExecutor-hivemq-controller-98] DEBUG c.h.p.o.h.HiveMQPlatformReconcilerErrorHandler - [helmcust] Pod 'test-hivemq-platform-0' condition 'PodScheduled': True
2025-01-30 18:31:57,817 INFO c.h.h.t.HelmChartContainer - [hivemq-test-hivemq-platform] [hivemq-platform-operator] [88b5ad08] 18:31:57.814 [ReconcilerExecutor-hivemq-controller-98] DEBUG c.h.p.o.h.HiveMQPlatformReconcilerErrorHandler - [helmcust] Pod 'test-hivemq-platform-0' containerStatus 'hivemq' (started: false) (ready: false) (waiting: [PodInitializing] null)
2025-01-30 18:31:57,817 INFO c.h.h.t.HelmChartContainer - [hivemq-test-hivemq-platform] [hivemq-platform-operator] [88b5ad08] 18:31:57.815 [ReconcilerExecutor-hivemq-controller-98] INFO  c.h.p.o.h.HiveMQPlatformReconcilerBaseHandler - [helmcust] HiveMQ Platform is starting, 0 of 1 replicas are ready
2025-01-30 18:31:58,698 INFO c.h.h.t.HelmChartContainer - [EVENT] Normal [Pulled] Container image "docker.io/hivemq/hivemq4:4.36.0" already present on machine [helmcustomlogbackit:test-hivemq-platform-0]
2025-01-30 18:31:58,698 INFO c.h.h.t.HelmChartContainer - Received Pulled event for container hivemq in pod test-hivemq-platform-0 [fdc09348-b759-4339-b822-03d93ae49fe6]
2025-01-30 18:31:58,706 INFO c.h.h.t.HelmChartContainer - [POD] test-hivemq-platform-0 [fdc09348-b759-4339-b822-03d93ae49fe6] in helmcustomlogbackit was MODIFIED
2025-01-30 18:31:58,712 INFO c.h.h.t.HelmChartContainer - [hivemq-test-hivemq-platform] [hivemq-platform-operator] [88b5ad08] 18:31:58.709 [pool-6-thread-8] DEBUG c.h.p.o.d.PlatformServiceResource - [helmcust] Desired Platform services (3 services)
2025-01-30 18:31:58,715 INFO c.h.h.t.HelmChartContainer - [hivemq-test-hivemq-platform] [hivemq-platform-operator] [88b5ad08] 18:31:58.714 [pool-6-thread-6] DEBUG c.h.p.o.d.PodServiceAccountResource - [helmcust] Desired PodServiceAccountResource (serviceAccountName: hivemq-platform-pod-test-hivemq-platform)
2025-01-30 18:31:58,718 INFO c.h.h.t.HelmChartContainer - [hivemq-test-hivemq-platform] [hivemq-platform-operator] [88b5ad08] 18:31:58.716 [pool-6-thread-5] DEBUG c.h.p.o.dependants.PodInfoConfigMap - [helmcust] Desired PodInfo ConfigMap (1 extensions) (1 enabled)
2025-01-30 18:31:58,719 INFO c.h.h.t.HelmChartContainer - [hivemq-test-hivemq-platform] [hivemq-platform-operator] [88b5ad08] 18:31:58.717 [pool-6-thread-5] DEBUG c.h.p.o.dependants.PodInfoConfigMap - [helmcust] Desired PodInfo ConfigMap (metrics port: 9399) (metrics path: /)
2025-01-30 18:31:58,719 INFO c.h.h.t.HelmChartContainer - [hivemq-test-hivemq-platform] [hivemq-platform-operator] [88b5ad08] 18:31:58.718 [pool-6-thread-5] DEBUG c.h.p.o.dependants.PodInfoConfigMap - [helmcust] Desired PodInfo ConfigMap (extension state hash: -1817474005)
2025-01-30 18:31:58,726 INFO c.h.h.t.HelmChartContainer - [hivemq-test-hivemq-platform] [hivemq-platform-operator] [88b5ad08] 18:31:58.724 [pool-6-thread-8] DEBUG c.h.p.o.d.StatefulSetResource - [helmcust] Desired StatefulSet (1 replicas) for status STARTING (READY)
2025-01-30 18:31:58,808 INFO c.h.h.t.HelmChartContainer - [hivemq-test-hivemq-platform] [hivemq-platform-operator] [88b5ad08] 18:31:58.803 [ReconcilerExecutor-hivemq-controller-109] INFO  c.h.p.o.HiveMQPlatformReconciler - [helmcust] Reconciling HiveMQ Platform 'test-hivemq-platform' in namespace 'helmcustomlogbackit'
2025-01-30 18:31:58,809 INFO c.h.h.t.HelmChartContainer - [hivemq-test-hivemq-platform] [hivemq-platform-operator] [88b5ad08] 18:31:58.803 [ReconcilerExecutor-hivemq-controller-109] DEBUG c.h.p.o.HiveMQPlatformReconciler - [helmcust] Custom Resource Status STARTING - HiveMQ Platform is starting (READY)
2025-01-30 18:31:58,809 INFO c.h.h.t.HelmChartContainer - [hivemq-test-hivemq-platform] [hivemq-platform-operator] [88b5ad08] 18:31:58.803 [ReconcilerExecutor-hivemq-controller-109] DEBUG c.h.p.o.HiveMQPlatformReconciler - [helmcust] Custom Resource Spec (replicas: 1) (extensions: 1)
2025-01-30 18:31:58,809 INFO c.h.h.t.HelmChartContainer - [hivemq-test-hivemq-platform] [hivemq-platform-operator] [88b5ad08] 18:31:58.806 [ReconcilerExecutor-hivemq-controller-109] DEBUG c.h.p.o.HiveMQPlatformReconciler - [helmcust] StatefulSet Status (revision: test-hivemq-platform-989b74cd6, replicas: 1, available: 0, ready: 0, current: 1, updated: 1)
2025-01-30 18:31:58,809 INFO c.h.h.t.HelmChartContainer - [hivemq-test-hivemq-platform] [hivemq-platform-operator] [88b5ad08] 18:31:58.806 [ReconcilerExecutor-hivemq-controller-109] DEBUG c.h.p.o.HiveMQPlatformReconciler - [helmcust] StatefulSet Spec (replicas: 1, init containers: 1, containers: 1, volumes: 3)
2025-01-30 18:31:58,811 INFO c.h.h.t.HelmChartContainer - [hivemq-test-hivemq-platform] [hivemq-platform-operator] [88b5ad08] 18:31:58.810 [ReconcilerExecutor-hivemq-controller-109] DEBUG c.h.p.o.h.HiveMQPlatformReconcilerErrorHandler - [helmcust] Pod 'test-hivemq-platform-0' phase Pending
2025-01-30 18:31:58,813 INFO c.h.h.t.HelmChartContainer - [hivemq-test-hivemq-platform] [hivemq-platform-operator] [88b5ad08] 18:31:58.810 [ReconcilerExecutor-hivemq-controller-109] DEBUG c.h.p.o.h.HiveMQPlatformReconcilerErrorHandler - [helmcust] Pod 'test-hivemq-platform-0' condition 'PodReadyToStartContainers': True
2025-01-30 18:31:58,813 INFO c.h.h.t.HelmChartContainer - [hivemq-test-hivemq-platform] [hivemq-platform-operator] [88b5ad08] 18:31:58.810 [ReconcilerExecutor-hivemq-controller-109] DEBUG c.h.p.o.h.HiveMQPlatformReconcilerErrorHandler - [helmcust] Pod 'test-hivemq-platform-0' condition 'Initialized': True
2025-01-30 18:31:58,813 INFO c.h.h.t.HelmChartContainer - [hivemq-test-hivemq-platform] [hivemq-platform-operator] [88b5ad08] 18:31:58.810 [ReconcilerExecutor-hivemq-controller-109] DEBUG c.h.p.o.h.HiveMQPlatformReconcilerErrorHandler - [helmcust] Pod 'test-hivemq-platform-0' condition 'Ready': False
2025-01-30 18:31:58,813 INFO c.h.h.t.HelmChartContainer - [hivemq-test-hivemq-platform] [hivemq-platform-operator] [88b5ad08] 18:31:58.810 [ReconcilerExecutor-hivemq-controller-109] DEBUG c.h.p.o.h.HiveMQPlatformReconcilerErrorHandler - [helmcust] Pod 'test-hivemq-platform-0' condition 'ContainersReady': False
2025-01-30 18:31:58,813 INFO c.h.h.t.HelmChartContainer - [hivemq-test-hivemq-platform] [hivemq-platform-operator] [88b5ad08] 18:31:58.810 [ReconcilerExecutor-hivemq-controller-109] DEBUG c.h.p.o.h.HiveMQPlatformReconcilerErrorHandler - [helmcust] Pod 'test-hivemq-platform-0' condition 'PodScheduled': True
2025-01-30 18:31:58,813 INFO c.h.h.t.HelmChartContainer - [hivemq-test-hivemq-platform] [hivemq-platform-operator] [88b5ad08] 18:31:58.810 [ReconcilerExecutor-hivemq-controller-109] DEBUG c.h.p.o.h.HiveMQPlatformReconcilerErrorHandler - [helmcust] Pod 'test-hivemq-platform-0' containerStatus 'hivemq' (started: false) (ready: false) (waiting: [PodInitializing] null)
2025-01-30 18:31:58,813 INFO c.h.h.t.HelmChartContainer - [hivemq-test-hivemq-platform] [hivemq-platform-operator] [88b5ad08] 18:31:58.811 [ReconcilerExecutor-hivemq-controller-109] INFO  c.h.p.o.h.HiveMQPlatformReconcilerBaseHandler - [helmcust] HiveMQ Platform is starting, 0 of 1 replicas are ready
2025-01-30 18:32:00,103 INFO c.h.h.t.HelmChartContainer - [EVENT] Normal [Created] Created container: hivemq [helmcustomlogbackit:test-hivemq-platform-0]
2025-01-30 18:32:00,103 INFO c.h.h.t.HelmChartContainer - Received Created event for container hivemq in pod test-hivemq-platform-0 [fdc09348-b759-4339-b822-03d93ae49fe6]
2025-01-30 18:32:00,711 INFO c.h.h.t.HelmChartContainer - [POD] test-hivemq-platform-0 [fdc09348-b759-4339-b822-03d93ae49fe6] in helmcustomlogbackit was MODIFIED
2025-01-30 18:32:00,727 INFO c.h.h.t.HelmChartContainer - [hivemq-test-hivemq-platform] [hivemq-platform-operator] [88b5ad08] 18:32:00.719 [pool-6-thread-14] DEBUG c.h.p.o.d.PlatformServiceResource - [helmcust] Desired Platform services (3 services)
2025-01-30 18:32:00,727 INFO c.h.h.t.HelmChartContainer - [hivemq-test-hivemq-platform] [hivemq-platform-operator] [88b5ad08] 18:32:00.720 [pool-6-thread-11] DEBUG c.h.p.o.dependants.PodInfoConfigMap - [helmcust] Desired PodInfo ConfigMap (1 extensions) (1 enabled)
2025-01-30 18:32:00,727 INFO c.h.h.t.HelmChartContainer - [hivemq-test-hivemq-platform] [hivemq-platform-operator] [88b5ad08] 18:32:00.720 [pool-6-thread-11] DEBUG c.h.p.o.dependants.PodInfoConfigMap - [helmcust] Desired PodInfo ConfigMap (metrics port: 9399) (metrics path: /)
2025-01-30 18:32:00,727 INFO c.h.h.t.HelmChartContainer - [hivemq-test-hivemq-platform] [hivemq-platform-operator] [88b5ad08] 18:32:00.721 [pool-6-thread-11] DEBUG c.h.p.o.dependants.PodInfoConfigMap - [helmcust] Desired PodInfo ConfigMap (extension state hash: -1817474005)
2025-01-30 18:32:00,727 INFO c.h.h.t.HelmChartContainer - [hivemq-test-hivemq-platform] [hivemq-platform-operator] [88b5ad08] 18:32:00.721 [pool-6-thread-11] DEBUG c.h.p.o.d.PodServiceAccountResource - [helmcust] Desired PodServiceAccountResource (serviceAccountName: hivemq-platform-pod-test-hivemq-platform)
2025-01-30 18:32:00,731 INFO c.h.h.t.HelmChartContainer - Started log watcher for hivemq in pod test-hivemq-platform-0 [fdc09348-b759-4339-b822-03d93ae49fe6]
2025-01-30 18:32:00,731 INFO c.h.h.t.HelmChartContainer - [EVENT] Normal [Started] Started container hivemq [helmcustomlogbackit:test-hivemq-platform-0]
2025-01-30 18:32:00,731 INFO c.h.h.t.HelmChartContainer - Received Started event for container hivemq in pod test-hivemq-platform-0 [fdc09348-b759-4339-b822-03d93ae49fe6]
2025-01-30 18:32:00,732 INFO c.h.h.t.HelmChartContainer - [hivemq-test-hivemq-platform] [hivemq-platform-operator] [88b5ad08] 18:32:00.730 [pool-6-thread-14] DEBUG c.h.p.o.d.StatefulSetResource - [helmcust] Desired StatefulSet (1 replicas) for status STARTING (READY)
2025-01-30 18:32:00,733 INFO c.h.h.t.HelmChartContainer - [test-hivemq-platform] [hivemq] [fdc09348] Adding pre-installed HiveMQ Platform Operator extensions
2025-01-30 18:32:00,733 INFO c.h.h.t.HelmChartContainer - [test-hivemq-platform] [hivemq] [fdc09348] Running as user 10000
2025-01-30 18:32:00,733 INFO c.h.h.t.HelmChartContainer - [test-hivemq-platform] [hivemq] [fdc09348] Starting HiveMQ Platform Operator Init
2025-01-30 18:32:00,736 INFO c.h.h.t.HelmChartContainer - [hivemq-test-hivemq-platform] [hivemq-platform-operator] [88b5ad08] 18:32:00.735 [ReconcilerExecutor-hivemq-controller-110] INFO  c.h.p.o.HiveMQPlatformReconciler - [helmcust] Reconciling HiveMQ Platform 'test-hivemq-platform' in namespace 'helmcustomlogbackit'
2025-01-30 18:32:00,736 INFO c.h.h.t.HelmChartContainer - [hivemq-test-hivemq-platform] [hivemq-platform-operator] [88b5ad08] 18:32:00.735 [ReconcilerExecutor-hivemq-controller-110] DEBUG c.h.p.o.HiveMQPlatformReconciler - [helmcust] Custom Resource Status STARTING - HiveMQ Platform is starting (READY)
2025-01-30 18:32:00,736 INFO c.h.h.t.HelmChartContainer - [hivemq-test-hivemq-platform] [hivemq-platform-operator] [88b5ad08] 18:32:00.735 [ReconcilerExecutor-hivemq-controller-110] DEBUG c.h.p.o.HiveMQPlatformReconciler - [helmcust] Custom Resource Spec (replicas: 1) (extensions: 1)
2025-01-30 18:32:00,804 INFO c.h.h.t.HelmChartContainer - [hivemq-test-hivemq-platform] [hivemq-platform-operator] [88b5ad08] 18:32:00.802 [ReconcilerExecutor-hivemq-controller-110] DEBUG c.h.p.o.HiveMQPlatformReconciler - [helmcust] StatefulSet Status (revision: test-hivemq-platform-989b74cd6, replicas: 1, available: 0, ready: 0, current: 1, updated: 1)
2025-01-30 18:32:00,804 INFO c.h.h.t.HelmChartContainer - [hivemq-test-hivemq-platform] [hivemq-platform-operator] [88b5ad08] 18:32:00.802 [ReconcilerExecutor-hivemq-controller-110] DEBUG c.h.p.o.HiveMQPlatformReconciler - [helmcust] StatefulSet Spec (replicas: 1, init containers: 1, containers: 1, volumes: 3)
2025-01-30 18:32:00,807 INFO c.h.h.t.HelmChartContainer - [hivemq-test-hivemq-platform] [hivemq-platform-operator] [88b5ad08] 18:32:00.805 [ReconcilerExecutor-hivemq-controller-110] DEBUG c.h.p.o.h.HiveMQPlatformReconcilerErrorHandler - [helmcust] Pod 'test-hivemq-platform-0' phase Running
2025-01-30 18:32:00,807 INFO c.h.h.t.HelmChartContainer - [hivemq-test-hivemq-platform] [hivemq-platform-operator] [88b5ad08] 18:32:00.806 [ReconcilerExecutor-hivemq-controller-110] INFO  c.h.p.o.h.HiveMQPlatformReconcilerBaseHandler - [helmcust] HiveMQ Platform is starting, 0 of 1 replicas are ready
2025-01-30 18:32:01,342 INFO c.h.h.t.HelmChartContainer - [test-hivemq-platform] [hivemq] [fdc09348] INFO  - [HiveMQ Platform Operator Init 1.7.0-SNAPSHOT] HiveMQ Platform Operator Init 1.7.0-SNAPSHOT (commit: 47e3375 on branch: HEAD) built on Thu Jan 30 03:55:50 UTC 2025
2025-01-30 18:32:02,414 INFO c.h.h.t.HelmChartContainer - [test-hivemq-platform] [hivemq] [fdc09348] INFO  - [HiveMQ Platform Operator Init App 1.7.0-SNAPSHOT] Using bind address 10.42.0.10 from environment variable
2025-01-30 18:32:03,209 INFO c.h.h.t.HelmChartContainer - [test-hivemq-platform] [hivemq] [fdc09348] INFO  - [HiveMQ Platform Operator Init App 1.7.0-SNAPSHOT] HiveMQ Platform Operator Init App 1.7.0-SNAPSHOT (commit: 47e3375 on branch: HEAD) built on Thu Jan 30 03:55:50 UTC 2025
2025-01-30 18:32:03,210 INFO c.h.h.t.HelmChartContainer - [test-hivemq-platform] [hivemq] [fdc09348] INFO  - [HiveMQ Platform Operator Init App 1.7.0-SNAPSHOT] PodInfo ConfigMap directory: /etc/podinfo
2025-01-30 18:32:03,210 INFO c.h.h.t.HelmChartContainer - [test-hivemq-platform] [hivemq] [fdc09348] INFO  - [HiveMQ Platform Operator Init App 1.7.0-SNAPSHOT] HiveMQ home directory: /opt/hivemq
2025-01-30 18:32:03,210 INFO c.h.h.t.HelmChartContainer - [test-hivemq-platform] [hivemq] [fdc09348] INFO  - [HiveMQ Platform Operator Init App 1.7.0-SNAPSHOT] HiveMQ Logback folder: /opt/hivemq/conf
2025-01-30 18:32:03,210 INFO c.h.h.t.HelmChartContainer - [test-hivemq-platform] [hivemq] [fdc09348] INFO  - [HiveMQ Platform Operator Init App 1.7.0-SNAPSHOT] HiveMQ Config folder: /opt/hivemq/conf-k8s
2025-01-30 18:32:03,239 INFO c.h.h.t.HelmChartContainer - [test-hivemq-platform] [hivemq] [fdc09348] INFO  - [HiveMQ Platform Operator Init App 1.7.0-SNAPSHOT] Starting HiveMQ Platform Operator Init App
2025-01-30 18:32:03,239 INFO c.h.h.t.HelmChartContainer - [test-hivemq-platform] [hivemq] [fdc09348] INFO  - [HiveMQ Platform Operator Init App 1.7.0-SNAPSHOT] Starting Pod reconciler
2025-01-30 18:32:04,404 INFO c.h.h.t.HelmChartContainer - [test-hivemq-platform] [hivemq] [fdc09348] INFO  - [HiveMQ Platform Operator Init App 1.7.0-SNAPSHOT] Pod reconciler is scheduled (interval: 5000 ms)
2025-01-30 18:32:04,407 INFO c.h.h.t.HelmChartContainer - [test-hivemq-platform] [hivemq] [fdc09348] INFO  - HiveMQ Platform Operator Init App 1.7.0-SNAPSHOT Save backup of original logback.xml file
2025-01-30 18:32:04,408 INFO c.h.h.t.HelmChartContainer - [test-hivemq-platform] [hivemq] [fdc09348] INFO  - HiveMQ Platform Operator Init App 1.7.0-SNAPSHOT Applying custom logback.xml file
2025-01-30 18:32:04,455 INFO c.h.h.t.HelmChartContainer - [test-hivemq-platform] [hivemq] [fdc09348] INFO  - [HiveMQ Platform Operator Init App 1.7.0-SNAPSHOT] Activated automatic reloading of logback.xml file
2025-01-30 18:32:04,455 INFO c.h.h.t.HelmChartContainer - [test-hivemq-platform] [hivemq] [fdc09348] INFO  - [HiveMQ Platform Operator Init App 1.7.0-SNAPSHOT] Changed logback.xml file scan period to 20 seconds
2025-01-30 18:32:04,907 INFO c.h.h.t.HelmChartContainer - [test-hivemq-platform] [hivemq] [fdc09348] INFO  - [HiveMQ Platform Operator Init App 1.7.0-SNAPSHOT] Starting the REST API on 10.42.0.10:7979
2025-01-30 18:32:04,941 INFO c.h.h.t.HelmChartContainer - [test-hivemq-platform] [hivemq] [fdc09348] INFO  - [HiveMQ Platform Operator Init App 1.7.0-SNAPSHOT] Waiting up to 600s for at most 1 HiveMQ nodes in cluster service hivemq-test-hivemq-platform-cluster.helmcustomlogbackit.svc
2025-01-30 18:32:05,254 INFO c.h.h.t.HelmChartContainer - [test-hivemq-platform] [hivemq] [fdc09348] INFO  - [HiveMQ Platform Operator Init App 1.7.0-SNAPSHOT] Resolved 1 IP addresses: [10.42.0.10]
2025-01-30 18:32:05,254 INFO c.h.h.t.HelmChartContainer - [test-hivemq-platform] [hivemq] [fdc09348] INFO  - [HiveMQ Platform Operator Init App 1.7.0-SNAPSHOT] HiveMQ node count of 1 is within threshold of 1
2025-01-30 18:32:05,254 INFO c.h.h.t.HelmChartContainer - [test-hivemq-platform] [hivemq] [fdc09348] INFO  - [HiveMQ Platform Operator Init App 1.7.0-SNAPSHOT] Proceeding with container start
2025-01-30 18:32:05,350 INFO c.h.h.t.HelmChartContainer - [test-hivemq-platform] [hivemq] [fdc09348] INFO  - [HiveMQ Platform Operator Init App 1.7.0-SNAPSHOT] Initializing HiveMQ Platform extensions with initial configuration: {hivemq-allow-all-extension={start-priority=-1, skip-https-hostname-verification=false, restart=true, config-version=0, header-version=0, c-uri=, priority=-1, uri=preinstalled, skip-https-certificate-validation=false, enabled=true}, hivemq-prometheus-extension={request-header-path=no-request-headers, enabled=true, restart=true, priority=-1, start-priority=-1, c-uri=, skip-https-hostname-verification=false, skip-https-certificate-validation=false, uri=preinstalled}}
2025-01-30 18:32:05,440 INFO c.h.h.t.HelmChartContainer - [test-hivemq-platform] [hivemq] [fdc09348] INFO  - [HiveMQ Platform Operator Init App 1.7.0-SNAPSHOT] Extension hivemq-allow-all-extension was already enabled
2025-01-30 18:32:05,452 INFO c.h.h.t.HelmChartContainer - [test-hivemq-platform] [hivemq] [fdc09348] INFO  - [HiveMQ Platform Operator Init App 1.7.0-SNAPSHOT] Successfully enabled extension hivemq-prometheus-extension
2025-01-30 18:32:05,453 INFO c.h.h.t.HelmChartContainer - [test-hivemq-platform] [hivemq] [fdc09348] INFO  - [HiveMQ Platform Operator Init App 1.7.0-SNAPSHOT] Starting HiveMQ Platform version 4.36.0 (4.36.0)
2025-01-30 18:32:05,453 INFO c.h.h.t.HelmChartContainer - [test-hivemq-platform] [hivemq] [fdc09348] INFO  - [HiveMQ Platform Operator Init App 1.7.0-SNAPSHOT] Configuring the HiveMQ Platform
2025-01-30 18:32:05,554 INFO c.h.h.t.HelmChartContainer - [test-hivemq-platform] [hivemq] [fdc09348] INFO  - [HiveMQ Platform Operator Init App 1.7.0-SNAPSHOT] Starting the HiveMQ Platform
2025-01-30 18:32:05,607 INFO c.h.h.t.HelmChartContainer - [test-hivemq-platform] [hivemq] [fdc09348] -------------------------------------------------------------------------
2025-01-30 18:32:05,607 INFO c.h.h.t.HelmChartContainer - [test-hivemq-platform] [hivemq] [fdc09348] 
2025-01-30 18:32:05,607 INFO c.h.h.t.HelmChartContainer - [test-hivemq-platform] [hivemq] [fdc09348]                   _    _  _              __  __   ____
2025-01-30 18:32:05,607 INFO c.h.h.t.HelmChartContainer - [test-hivemq-platform] [hivemq] [fdc09348]                  | |  | |(_)            |  \/  | / __ \
2025-01-30 18:32:05,607 INFO c.h.h.t.HelmChartContainer - [test-hivemq-platform] [hivemq] [fdc09348]                  | |__| | _ __   __ ___ | \  / || |  | |
2025-01-30 18:32:05,607 INFO c.h.h.t.HelmChartContainer - [test-hivemq-platform] [hivemq] [fdc09348]                  |  __  || |\ \ / // _ \| |\/| || |  | |
2025-01-30 18:32:05,607 INFO c.h.h.t.HelmChartContainer - [test-hivemq-platform] [hivemq] [fdc09348]                  | |  | || | \ V /|  __/| |  | || |__| |
2025-01-30 18:32:05,607 INFO c.h.h.t.HelmChartContainer - [test-hivemq-platform] [hivemq] [fdc09348]                  |_|  |_||_|  \_/  \___||_|  |_| \___\_\
2025-01-30 18:32:05,607 INFO c.h.h.t.HelmChartContainer - [test-hivemq-platform] [hivemq] [fdc09348] 
2025-01-30 18:32:05,607 INFO c.h.h.t.HelmChartContainer - [test-hivemq-platform] [hivemq] [fdc09348] -------------------------------------------------------------------------
2025-01-30 18:32:05,607 INFO c.h.h.t.HelmChartContainer - [test-hivemq-platform] [hivemq] [fdc09348] 
2025-01-30 18:32:05,607 INFO c.h.h.t.HelmChartContainer - [test-hivemq-platform] [hivemq] [fdc09348]   HiveMQ Start Script for Linux/Unix v1.14
2025-01-30 18:32:05,607 INFO c.h.h.t.HelmChartContainer - [test-hivemq-platform] [hivemq] [fdc09348] 
2025-01-30 18:32:05,663 INFO c.h.h.t.HelmChartContainer - [test-hivemq-platform] [hivemq] [fdc09348] -------------------------------------------------------------------------
2025-01-30 18:32:05,663 INFO c.h.h.t.HelmChartContainer - [test-hivemq-platform] [hivemq] [fdc09348] 
2025-01-30 18:32:05,663 INFO c.h.h.t.HelmChartContainer - [test-hivemq-platform] [hivemq] [fdc09348]   HIVEMQ_HOME: /opt/hivemq
2025-01-30 18:32:05,664 INFO c.h.h.t.HelmChartContainer - [test-hivemq-platform] [hivemq] [fdc09348] 
2025-01-30 18:32:05,664 INFO c.h.h.t.HelmChartContainer - [test-hivemq-platform] [hivemq] [fdc09348]   JAVA_OPTS: -XX:+UnlockExperimentalVMOptions -XX:InitialRAMPercentage=50 -XX:MaxRAMPercentage=50 -Djava.net.preferIPv4Stack=true --add-opens java.base/java.lang=ALL-UNNAMED --add-opens java.base/java.nio=ALL-UNNAMED --add-opens java.base/sun.nio.ch=ALL-UNNAMED --add-opens jdk.management/com.sun.management.internal=ALL-UNNAMED --add-exports java.base/jdk.internal.misc=ALL-UNNAMED -Djava.security.egd=file:/dev/./urandom -Dcom.sun.management.jmxremote -Dcom.sun.management.jmxremote.port=9010 -Dcom.sun.management.jmxremote.local.only=false -Dcom.sun.management.jmxremote.authenticate=false -Dcom.sun.management.jmxremote.ssl=false -Duser.language=en -Duser.region=US -XX:+CrashOnOutOfMemoryError -XX:+HeapDumpOnOutOfMemoryError
2025-01-30 18:32:05,664 INFO c.h.h.t.HelmChartContainer - [test-hivemq-platform] [hivemq] [fdc09348] 
2025-01-30 18:32:05,664 INFO c.h.h.t.HelmChartContainer - [test-hivemq-platform] [hivemq] [fdc09348]   JAVA_VERSION: 21
2025-01-30 18:32:05,664 INFO c.h.h.t.HelmChartContainer - [test-hivemq-platform] [hivemq] [fdc09348] 
2025-01-30 18:32:05,664 INFO c.h.h.t.HelmChartContainer - [test-hivemq-platform] [hivemq] [fdc09348] -------------------------------------------------------------------------
2025-01-30 18:32:05,664 INFO c.h.h.t.HelmChartContainer - [test-hivemq-platform] [hivemq] [fdc09348] 
2025-01-30 18:32:06,747 INFO c.h.h.t.HelmChartContainer - [test-hivemq-platform] [hivemq] [fdc09348] INFO  - [HiveMQ Platform Operator Init App 1.7.0-SNAPSHOT] Returning default Health API response 503 for readiness
2025-01-30 18:32:07,055 INFO c.h.h.t.HelmChartContainer - [EVENT] Warning [Unhealthy] Readiness probe failed: HTTP probe failed with statuscode: 503 [helmcustomlogbackit:test-hivemq-platform-0]
2025-01-30 18:32:07,055 INFO c.h.h.t.HelmChartContainer - Received Unhealthy event for container hivemq in pod test-hivemq-platform-0 [fdc09348-b759-4339-b822-03d93ae49fe6]
2025-01-30 18:32:08,148 INFO c.h.h.t.HelmChartContainer - [test-hivemq-platform] [hivemq] [fdc09348] INFO  - Starting HiveMQ Enterprise Server
2025-01-30 18:32:08,153 INFO c.h.h.t.HelmChartContainer - [test-hivemq-platform] [hivemq] [fdc09348] INFO  - HiveMQ version: 4.36.0
2025-01-30 18:32:08,154 INFO c.h.h.t.HelmChartContainer - [test-hivemq-platform] [hivemq] [fdc09348] INFO  - HiveMQ home directory: /opt/hivemq
2025-01-30 18:32:08,154 INFO c.h.h.t.HelmChartContainer - [test-hivemq-platform] [hivemq] [fdc09348] INFO  - Log Configuration was overridden by /opt/hivemq/conf/logback.xml
2025-01-30 18:32:09,254 INFO c.h.h.t.HelmChartContainer - [test-hivemq-platform] [hivemq] [fdc09348] DEBUG - Adding TCP Listener on bind address 0.0.0.0 and port 1883. Name: tcp-listener-1883. Proxy Protocol supported: false
2025-01-30 18:32:09,255 INFO c.h.h.t.HelmChartContainer - [test-hivemq-platform] [hivemq] [fdc09348] DEBUG - Setting retained messages enabled to true
2025-01-30 18:32:09,255 INFO c.h.h.t.HelmChartContainer - [test-hivemq-platform] [hivemq] [fdc09348] DEBUG - Setting wildcard subscriptions enabled to true
2025-01-30 18:32:09,255 INFO c.h.h.t.HelmChartContainer - [test-hivemq-platform] [hivemq] [fdc09348] DEBUG - Setting subscription identifier enabled to true
2025-01-30 18:32:09,255 INFO c.h.h.t.HelmChartContainer - [test-hivemq-platform] [hivemq] [fdc09348] DEBUG - Setting shared subscriptions enabled to true
2025-01-30 18:32:09,255 INFO c.h.h.t.HelmChartContainer - [test-hivemq-platform] [hivemq] [fdc09348] DEBUG - Setting maximum qos to EXACTLY_ONCE 
2025-01-30 18:32:09,255 INFO c.h.h.t.HelmChartContainer - [test-hivemq-platform] [hivemq] [fdc09348] DEBUG - Setting topic alias enabled to true
2025-01-30 18:32:09,255 INFO c.h.h.t.HelmChartContainer - [test-hivemq-platform] [hivemq] [fdc09348] DEBUG - Setting topic alias maximum per client to 5
2025-01-30 18:32:09,256 INFO c.h.h.t.HelmChartContainer - [test-hivemq-platform] [hivemq] [fdc09348] DEBUG - Setting the number of max queued messages  per client to 1000 entries
2025-01-30 18:32:09,256 INFO c.h.h.t.HelmChartContainer - [test-hivemq-platform] [hivemq] [fdc09348] DEBUG - Setting queued messages strategy for each client to DISCARD
2025-01-30 18:32:09,256 INFO c.h.h.t.HelmChartContainer - [test-hivemq-platform] [hivemq] [fdc09348] DEBUG - Setting the expiry interval for client sessions to 4294967295 seconds
2025-01-30 18:32:09,256 INFO c.h.h.t.HelmChartContainer - [test-hivemq-platform] [hivemq] [fdc09348] DEBUG - Setting the expiry interval for publish messages to 4294967296 seconds
2025-01-30 18:32:09,256 INFO c.h.h.t.HelmChartContainer - [test-hivemq-platform] [hivemq] [fdc09348] DEBUG - Setting the server receive maximum to 10
2025-01-30 18:32:09,257 INFO c.h.h.t.HelmChartContainer - [test-hivemq-platform] [hivemq] [fdc09348] DEBUG - Setting keep alive maximum to 65535 seconds
2025-01-30 18:32:09,258 INFO c.h.h.t.HelmChartContainer - [test-hivemq-platform] [hivemq] [fdc09348] DEBUG - Setting keep alive allow zero to true
2025-01-30 18:32:09,258 INFO c.h.h.t.HelmChartContainer - [test-hivemq-platform] [hivemq] [fdc09348] DEBUG - Setting the maximum packet size for mqtt messages 268435460 bytes
2025-01-30 18:32:09,258 INFO c.h.h.t.HelmChartContainer - [test-hivemq-platform] [hivemq] [fdc09348] DEBUG - Setting global maximum allowed connections to -1
2025-01-30 18:32:09,258 INFO c.h.h.t.HelmChartContainer - [test-hivemq-platform] [hivemq] [fdc09348] DEBUG - Setting the maximum client id length to 65535
2025-01-30 18:32:09,258 INFO c.h.h.t.HelmChartContainer - [test-hivemq-platform] [hivemq] [fdc09348] DEBUG - Setting the timeout for disconnecting idle tcp connections before a connect message was received to 10000 milliseconds
2025-01-30 18:32:09,258 INFO c.h.h.t.HelmChartContainer - [test-hivemq-platform] [hivemq] [fdc09348] DEBUG - Throttling the global incoming traffic limit 0 bytes/second
2025-01-30 18:32:09,258 INFO c.h.h.t.HelmChartContainer - [test-hivemq-platform] [hivemq] [fdc09348] DEBUG - Setting the maximum topic length to 65535
2025-01-30 18:32:09,258 INFO c.h.h.t.HelmChartContainer - [test-hivemq-platform] [hivemq] [fdc09348] DEBUG - Setting allow server assigned client identifier to true
2025-01-30 18:32:09,258 INFO c.h.h.t.HelmChartContainer - [test-hivemq-platform] [hivemq] [fdc09348] DEBUG - Setting validate UTF-8 to true
2025-01-30 18:32:09,258 INFO c.h.h.t.HelmChartContainer - [test-hivemq-platform] [hivemq] [fdc09348] DEBUG - Setting payload format validation to false
2025-01-30 18:32:09,258 INFO c.h.h.t.HelmChartContainer - [test-hivemq-platform] [hivemq] [fdc09348] DEBUG - Setting allow-problem-information to true
2025-01-30 18:32:09,258 INFO c.h.h.t.HelmChartContainer - [test-hivemq-platform] [hivemq] [fdc09348] DEBUG - Setting control-center audit log enabled to true
2025-01-30 18:32:09,258 INFO c.h.h.t.HelmChartContainer - [test-hivemq-platform] [hivemq] [fdc09348] DEBUG - Setting rest-api audit log enabled to true
2025-01-30 18:32:09,258 INFO c.h.h.t.HelmChartContainer - [test-hivemq-platform] [hivemq] [fdc09348] DEBUG - Setting HiveMQ Control Center enabled to true 
2025-01-30 18:32:09,259 INFO c.h.h.t.HelmChartContainer - [test-hivemq-platform] [hivemq] [fdc09348] DEBUG - Setting HiveMQ Control Center default login enabled to true 
2025-01-30 18:32:09,259 INFO c.h.h.t.HelmChartContainer - [test-hivemq-platform] [hivemq] [fdc09348] DEBUG - Setting HiveMQ Control Center session idle time to 14400 seconds
2025-01-30 18:32:09,259 INFO c.h.h.t.HelmChartContainer - [test-hivemq-platform] [hivemq] [fdc09348] DEBUG - Adding Http-Listener to HiveMQ Control Center Config
2025-01-30 18:32:09,345 INFO c.h.h.t.HelmChartContainer - [test-hivemq-platform] [hivemq] [fdc09348] DEBUG - Set TLS to disabled for cluster TCP transport
2025-01-30 18:32:09,346 INFO c.h.h.t.HelmChartContainer - [test-hivemq-platform] [hivemq] [fdc09348] DEBUG - Setting replica count to 2 
2025-01-30 18:32:09,346 INFO c.h.h.t.HelmChartContainer - [test-hivemq-platform] [hivemq] [fdc09348] DEBUG - Setting cluster TCP health-check enabled
2025-01-30 18:32:09,347 INFO c.h.h.t.HelmChartContainer - [test-hivemq-platform] [hivemq] [fdc09348] DEBUG - Setting cluster TCP health-check bind-address to default
2025-01-30 18:32:09,348 INFO c.h.h.t.HelmChartContainer - [test-hivemq-platform] [hivemq] [fdc09348] DEBUG - Setting cluster TCP health-check bind-address to 0
2025-01-30 18:32:09,349 INFO c.h.h.t.HelmChartContainer - [test-hivemq-platform] [hivemq] [fdc09348] DEBUG - Setting cluster TCP health-check bind-port to 0
2025-01-30 18:32:09,349 INFO c.h.h.t.HelmChartContainer - [test-hivemq-platform] [hivemq] [fdc09348] DEBUG - Setting cluster TCP health-check external-address to default
2025-01-30 18:32:09,349 INFO c.h.h.t.HelmChartContainer - [test-hivemq-platform] [hivemq] [fdc09348] DEBUG - Setting cluster TCP health-check external-port to 0
2025-01-30 18:32:09,349 INFO c.h.h.t.HelmChartContainer - [test-hivemq-platform] [hivemq] [fdc09348] DEBUG - Setting cluster heartbeat enabled
2025-01-30 18:32:09,349 INFO c.h.h.t.HelmChartContainer - [test-hivemq-platform] [hivemq] [fdc09348] DEBUG - Setting cluster heartbeat interval to 3000 ms
2025-01-30 18:32:09,349 INFO c.h.h.t.HelmChartContainer - [test-hivemq-platform] [hivemq] [fdc09348] DEBUG - Setting the cluster heartbeat timeout to 9000 ms
2025-01-30 18:32:09,349 INFO c.h.h.t.HelmChartContainer - [test-hivemq-platform] [hivemq] [fdc09348] DEBUG - Setting HiveMQ REST API enabled to false 
2025-01-30 18:32:09,349 INFO c.h.h.t.HelmChartContainer - [test-hivemq-platform] [hivemq] [fdc09348] DEBUG - Setting HiveMQ REST API authentication enabled to false 
2025-01-30 18:32:09,349 INFO c.h.h.t.HelmChartContainer - [test-hivemq-platform] [hivemq] [fdc09348] DEBUG - Setting HiveMQ Health API enabled to true 
2025-01-30 18:32:09,349 INFO c.h.h.t.HelmChartContainer - [test-hivemq-platform] [hivemq] [fdc09348] DEBUG - Adding http-listener with name 'http-listener-8889' to HiveMQ Health API config
2025-01-30 18:32:09,351 INFO c.h.h.t.HelmChartContainer - [test-hivemq-platform] [hivemq] [fdc09348] DEBUG - Setting client event history enabled to false
2025-01-30 18:32:09,351 INFO c.h.h.t.HelmChartContainer - [test-hivemq-platform] [hivemq] [fdc09348] DEBUG - Setting client event history lifetime to 604800000 ms
2025-01-30 18:32:09,351 INFO c.h.h.t.HelmChartContainer - [test-hivemq-platform] [hivemq] [fdc09348] DEBUG - Setting overload protection enabled to true 
2025-01-30 18:32:09,351 INFO c.h.h.t.HelmChartContainer - [test-hivemq-platform] [hivemq] [fdc09348] DEBUG - Setting anonymous usage statistics enabled to false 
2025-01-30 18:32:09,351 INFO c.h.h.t.HelmChartContainer - [test-hivemq-platform] [hivemq] [fdc09348] DEBUG - Setting expired messages topic enabled to false
2025-01-30 18:32:09,352 INFO c.h.h.t.HelmChartContainer - [test-hivemq-platform] [hivemq] [fdc09348] DEBUG - Setting dropped messages topic enabled to false
2025-01-30 18:32:09,352 INFO c.h.h.t.HelmChartContainer - [test-hivemq-platform] [hivemq] [fdc09348] DEBUG - Setting dead messages topic enabled to false
2025-01-30 18:32:09,352 INFO c.h.h.t.HelmChartContainer - [test-hivemq-platform] [hivemq] [fdc09348] INFO  - Successfully loaded configuration from '/opt/hivemq/conf-k8s/config.xml'.
2025-01-30 18:32:09,947 INFO c.h.h.t.HelmChartContainer - [test-hivemq-platform] [hivemq] [fdc09348] DEBUG - Performing sanity checks.
2025-01-30 18:32:10,049 INFO c.h.h.t.HelmChartContainer - [test-hivemq-platform] [hivemq] [fdc09348] DEBUG - Soft limit for open files (1048576) satisfies the recommended limit (1000000).
2025-01-30 18:32:10,051 INFO c.h.h.t.HelmChartContainer - [test-hivemq-platform] [hivemq] [fdc09348] DEBUG - Hard limit for open files (1048576) satisfies the recommended limit (1000000).
2025-01-30 18:32:10,051 INFO c.h.h.t.HelmChartContainer - [test-hivemq-platform] [hivemq] [fdc09348] DEBUG - HiveMQ license directory (/opt/hivemq/license) satisfies all required file-system permissions.
2025-01-30 18:32:10,051 INFO c.h.h.t.HelmChartContainer - [test-hivemq-platform] [hivemq] [fdc09348] DEBUG - HiveMQ data directory (/opt/hivemq/data) satisfies all required file-system permissions.
2025-01-30 18:32:10,051 INFO c.h.h.t.HelmChartContainer - [test-hivemq-platform] [hivemq] [fdc09348] DEBUG - HiveMQ log directory (/opt/hivemq/log) satisfies all required file-system permissions.
2025-01-30 18:32:10,051 INFO c.h.h.t.HelmChartContainer - [test-hivemq-platform] [hivemq] [fdc09348] DEBUG - HiveMQ backup directory (/opt/hivemq/backup) satisfies all required file-system permissions.
2025-01-30 18:32:10,051 INFO c.h.h.t.HelmChartContainer - [test-hivemq-platform] [hivemq] [fdc09348] DEBUG - HiveMQ audit directory (/opt/hivemq/audit) satisfies all required file-system permissions.
2025-01-30 18:32:10,051 INFO c.h.h.t.HelmChartContainer - [test-hivemq-platform] [hivemq] [fdc09348] DEBUG - HiveMQ extensions directory (/opt/hivemq/extensions) satisfies all required file-system permissions.
2025-01-30 18:32:10,051 INFO c.h.h.t.HelmChartContainer - [test-hivemq-platform] [hivemq] [fdc09348] DEBUG - Extension directory hivemq-allow-all-extension (/opt/hivemq/extensions/hivemq-allow-all-extension) satisfies all required file-system permissions.
2025-01-30 18:32:10,051 INFO c.h.h.t.HelmChartContainer - [test-hivemq-platform] [hivemq] [fdc09348] DEBUG - Extension directory hivemq-dns-cluster-discovery (/opt/hivemq/extensions/hivemq-dns-cluster-discovery) satisfies all required file-system permissions.
2025-01-30 18:32:10,051 INFO c.h.h.t.HelmChartContainer - [test-hivemq-platform] [hivemq] [fdc09348] DEBUG - Extension directory hivemq-prometheus-extension (/opt/hivemq/extensions/hivemq-prometheus-extension) satisfies all required file-system permissions.
2025-01-30 18:32:10,051 INFO c.h.h.t.HelmChartContainer - [test-hivemq-platform] [hivemq] [fdc09348] DEBUG - Extension directory hivemq-google-cloud-pubsub-extension (/opt/hivemq/extensions/hivemq-google-cloud-pubsub-extension) satisfies all required file-system permissions.
2025-01-30 18:32:10,051 INFO c.h.h.t.HelmChartContainer - [test-hivemq-platform] [hivemq] [fdc09348] DEBUG - Extension directory hivemq-snowflake-extension (/opt/hivemq/extensions/hivemq-snowflake-extension) satisfies all required file-system permissions.
2025-01-30 18:32:10,051 INFO c.h.h.t.HelmChartContainer - [test-hivemq-platform] [hivemq] [fdc09348] DEBUG - Extension directory hivemq-postgresql-extension (/opt/hivemq/extensions/hivemq-postgresql-extension) satisfies all required file-system permissions.
2025-01-30 18:32:10,052 INFO c.h.h.t.HelmChartContainer - [test-hivemq-platform] [hivemq] [fdc09348] DEBUG - Extension directory hivemq-enterprise-security-extension (/opt/hivemq/extensions/hivemq-enterprise-security-extension) satisfies all required file-system permissions.
2025-01-30 18:32:10,052 INFO c.h.h.t.HelmChartContainer - [test-hivemq-platform] [hivemq] [fdc09348] DEBUG - Extension directory hivemq-mysql-extension (/opt/hivemq/extensions/hivemq-mysql-extension) satisfies all required file-system permissions.
2025-01-30 18:32:10,052 INFO c.h.h.t.HelmChartContainer - [test-hivemq-platform] [hivemq] [fdc09348] DEBUG - Extension directory hivemq-bridge-extension (/opt/hivemq/extensions/hivemq-bridge-extension) satisfies all required file-system permissions.
2025-01-30 18:32:10,052 INFO c.h.h.t.HelmChartContainer - [test-hivemq-platform] [hivemq] [fdc09348] DEBUG - Extension directory hivemq-kafka-extension (/opt/hivemq/extensions/hivemq-kafka-extension) satisfies all required file-system permissions.
2025-01-30 18:32:10,052 INFO c.h.h.t.HelmChartContainer - [test-hivemq-platform] [hivemq] [fdc09348] DEBUG - Extension directory hivemq-distributed-tracing-extension (/opt/hivemq/extensions/hivemq-distributed-tracing-extension) satisfies all required file-system permissions.
2025-01-30 18:32:10,052 INFO c.h.h.t.HelmChartContainer - [test-hivemq-platform] [hivemq] [fdc09348] DEBUG - Extension directory hivemq-mongodb-extension (/opt/hivemq/extensions/hivemq-mongodb-extension) satisfies all required file-system permissions.
2025-01-30 18:32:10,052 INFO c.h.h.t.HelmChartContainer - [test-hivemq-platform] [hivemq] [fdc09348] DEBUG - Extension directory hivemq-data-lake-extension (/opt/hivemq/extensions/hivemq-data-lake-extension) satisfies all required file-system permissions.
2025-01-30 18:32:10,052 INFO c.h.h.t.HelmChartContainer - [test-hivemq-platform] [hivemq] [fdc09348] DEBUG - Extension directory hivemq-amazon-kinesis-extension (/opt/hivemq/extensions/hivemq-amazon-kinesis-extension) satisfies all required file-system permissions.
2025-01-30 18:32:10,052 INFO c.h.h.t.HelmChartContainer - [test-hivemq-platform] [hivemq] [fdc09348] DEBUG - Extension directory hivemq-microsoft-sql-server-extension (/opt/hivemq/extensions/hivemq-microsoft-sql-server-extension) satisfies all required file-system permissions.
2025-01-30 18:32:10,052 INFO c.h.h.t.HelmChartContainer - [test-hivemq-platform] [hivemq] [fdc09348] DEBUG - Temporary directory (/tmp) satisfies all required file-system permissions.
2025-01-30 18:32:10,053 INFO c.h.h.t.HelmChartContainer - [test-hivemq-platform] [hivemq] [fdc09348] DEBUG - Heap dump directory (/opt/hivemq) satisfies all required file-system permissions.
2025-01-30 18:32:10,053 INFO c.h.h.t.HelmChartContainer - [test-hivemq-platform] [hivemq] [fdc09348] DEBUG - Performed all sanity checks in 106ms. All sanity checks passed successfully.
2025-01-30 18:32:10,140 INFO c.h.h.t.HelmChartContainer - [test-hivemq-platform] [hivemq] [fdc09348] INFO  - This node's ID is lnys6
2025-01-30 18:32:10,142 INFO c.h.h.t.HelmChartContainer - [test-hivemq-platform] [hivemq] [fdc09348] INFO  - Clustering is enabled
2025-01-30 18:32:10,813 INFO c.h.h.t.HelmChartContainer - [hivemq-test-hivemq-platform] [hivemq-platform-operator] [88b5ad08] 18:32:10.810 [pool-6-thread-27] DEBUG c.h.p.o.d.PlatformServiceResource - [helmcust] Desired Platform services (3 services)
2025-01-30 18:32:10,813 INFO c.h.h.t.HelmChartContainer - [hivemq-test-hivemq-platform] [hivemq-platform-operator] [88b5ad08] 18:32:10.812 [pool-6-thread-21] DEBUG c.h.p.o.d.PodServiceAccountResource - [helmcust] Desired PodServiceAccountResource (serviceAccountName: hivemq-platform-pod-test-hivemq-platform)
2025-01-30 18:32:10,815 INFO c.h.h.t.HelmChartContainer - [hivemq-test-hivemq-platform] [hivemq-platform-operator] [88b5ad08] 18:32:10.812 [pool-6-thread-25] DEBUG c.h.p.o.dependants.PodInfoConfigMap - [helmcust] Desired PodInfo ConfigMap (1 extensions) (1 enabled)
2025-01-30 18:32:10,816 INFO c.h.h.t.HelmChartContainer - [hivemq-test-hivemq-platform] [hivemq-platform-operator] [88b5ad08] 18:32:10.813 [pool-6-thread-25] DEBUG c.h.p.o.dependants.PodInfoConfigMap - [helmcust] Desired PodInfo ConfigMap (metrics port: 9399) (metrics path: /)
2025-01-30 18:32:10,816 INFO c.h.h.t.HelmChartContainer - [hivemq-test-hivemq-platform] [hivemq-platform-operator] [88b5ad08] 18:32:10.813 [pool-6-thread-25] DEBUG c.h.p.o.dependants.PodInfoConfigMap - [helmcust] Desired PodInfo ConfigMap (extension state hash: -1817474005)
2025-01-30 18:32:10,819 INFO c.h.h.t.HelmChartContainer - [hivemq-test-hivemq-platform] [hivemq-platform-operator] [88b5ad08] 18:32:10.819 [pool-6-thread-27] DEBUG c.h.p.o.d.StatefulSetResource - [helmcust] Desired StatefulSet (1 replicas) for status STARTING (READY)
2025-01-30 18:32:10,824 INFO c.h.h.t.HelmChartContainer - [hivemq-test-hivemq-platform] [hivemq-platform-operator] [88b5ad08] 18:32:10.823 [ReconcilerExecutor-hivemq-controller-111] INFO  c.h.p.o.HiveMQPlatformReconciler - [helmcust] Reconciling HiveMQ Platform 'test-hivemq-platform' in namespace 'helmcustomlogbackit'
2025-01-30 18:32:10,825 INFO c.h.h.t.HelmChartContainer - [hivemq-test-hivemq-platform] [hivemq-platform-operator] [88b5ad08] 18:32:10.823 [ReconcilerExecutor-hivemq-controller-111] DEBUG c.h.p.o.HiveMQPlatformReconciler - [helmcust] Custom Resource Status STARTING - HiveMQ Platform is starting (READY)
2025-01-30 18:32:10,825 INFO c.h.h.t.HelmChartContainer - [hivemq-test-hivemq-platform] [hivemq-platform-operator] [88b5ad08] 18:32:10.823 [ReconcilerExecutor-hivemq-controller-111] DEBUG c.h.p.o.HiveMQPlatformReconciler - [helmcust] Custom Resource Spec (replicas: 1) (extensions: 1)
2025-01-30 18:32:10,827 INFO c.h.h.t.HelmChartContainer - [hivemq-test-hivemq-platform] [hivemq-platform-operator] [88b5ad08] 18:32:10.826 [ReconcilerExecutor-hivemq-controller-111] DEBUG c.h.p.o.HiveMQPlatformReconciler - [helmcust] StatefulSet Status (revision: test-hivemq-platform-989b74cd6, replicas: 1, available: 0, ready: 0, current: 1, updated: 1)
2025-01-30 18:32:10,827 INFO c.h.h.t.HelmChartContainer - [hivemq-test-hivemq-platform] [hivemq-platform-operator] [88b5ad08] 18:32:10.826 [ReconcilerExecutor-hivemq-controller-111] DEBUG c.h.p.o.HiveMQPlatformReconciler - [helmcust] StatefulSet Spec (replicas: 1, init containers: 1, containers: 1, volumes: 3)
2025-01-30 18:32:10,828 INFO c.h.h.t.HelmChartContainer - [hivemq-test-hivemq-platform] [hivemq-platform-operator] [88b5ad08] 18:32:10.827 [ReconcilerExecutor-hivemq-controller-111] DEBUG c.h.p.o.h.HiveMQPlatformReconcilerErrorHandler - [helmcust] Pod 'test-hivemq-platform-0' phase Running
2025-01-30 18:32:10,904 INFO c.h.h.t.HelmChartContainer - [hivemq-test-hivemq-platform] [hivemq-platform-operator] [88b5ad08] 18:32:10.903 [ReconcilerExecutor-hivemq-controller-111] INFO  c.h.p.o.h.HiveMQPlatformReconcilerBaseHandler - [helmcust] HiveMQ Platform is starting, 0 of 1 replicas are ready
2025-01-30 18:32:12,149 INFO c.h.h.t.HelmChartContainer - [test-hivemq-platform] [hivemq] [fdc09348] WARN  - [HiveMQ Platform Operator Init App 1.7.0-SNAPSHOT] Cannot connect to Health API for readiness: null
2025-01-30 18:32:12,153 INFO c.h.h.t.HelmChartContainer - [EVENT] Warning [Unhealthy] Readiness probe failed: HTTP probe failed with statuscode: 503 [helmcustomlogbackit:test-hivemq-platform-0]
2025-01-30 18:32:12,153 INFO c.h.h.t.HelmChartContainer - Received Unhealthy event for container hivemq in pod test-hivemq-platform-0 [fdc09348-b759-4339-b822-03d93ae49fe6]
2025-01-30 18:32:13,954 INFO c.h.h.t.HelmChartContainer - [test-hivemq-platform] [hivemq] [fdc09348] DEBUG - Configured WriteBufferManager with size for memtables 232460124 and for the block cache 348690186
2025-01-30 18:32:14,040 INFO c.h.h.t.HelmChartContainer - [test-hivemq-platform] [hivemq] [fdc09348] DEBUG - Starting RocksDBMemoryUsageWatchdog.
2025-01-30 18:32:14,041 INFO c.h.h.t.HelmChartContainer - [test-hivemq-platform] [hivemq] [fdc09348] DEBUG - RocksDBMemoryUsageWatchdog is running.
2025-01-30 18:32:14,248 INFO c.h.h.t.HelmChartContainer - [test-hivemq-platform] [hivemq] [fdc09348] DEBUG - Folder /opt/hivemq/data/persistence does not exist, trying to create it
2025-01-30 18:32:14,248 INFO c.h.h.t.HelmChartContainer - [test-hivemq-platform] [hivemq] [fdc09348] DEBUG - Created folder /opt/hivemq/data
2025-01-30 18:32:14,248 INFO c.h.h.t.HelmChartContainer - [test-hivemq-platform] [hivemq] [fdc09348] DEBUG - Folder /opt/hivemq/data/persistence/publish_payload_store/040500_R does not exist, trying to create it
2025-01-30 18:32:14,348 INFO c.h.h.t.HelmChartContainer - [test-hivemq-platform] [hivemq] [fdc09348] DEBUG - Folder /opt/hivemq/data/persistence/client_queue/042800_R does not exist, trying to create it
2025-01-30 18:32:14,441 INFO c.h.h.t.HelmChartContainer - [test-hivemq-platform] [hivemq] [fdc09348] DEBUG - Folder /opt/hivemq/data/persistence/client_session_store/040100_R does not exist, trying to create it
2025-01-30 18:32:14,447 INFO c.h.h.t.HelmChartContainer - [test-hivemq-platform] [hivemq] [fdc09348] DEBUG - Folder /opt/hivemq/data/persistence/client_session_subscriptions/043200_R does not exist, trying to create it
2025-01-30 18:32:14,448 INFO c.h.h.t.HelmChartContainer - [test-hivemq-platform] [hivemq] [fdc09348] DEBUG - Folder /opt/hivemq/data/persistence/retained_messages/040800_R does not exist, trying to create it
2025-01-30 18:32:14,449 INFO c.h.h.t.HelmChartContainer - [test-hivemq-platform] [hivemq] [fdc09348] DEBUG - Folder /opt/hivemq/data/persistence/attribute/043100_R does not exist, trying to create it
2025-01-30 18:32:14,454 INFO c.h.h.t.HelmChartContainer - [test-hivemq-platform] [hivemq] [fdc09348] DEBUG - Folder /opt/hivemq/data/persistence/incoming_message_flow/043000_R does not exist, trying to create it
2025-01-30 18:32:14,705 INFO c.h.h.t.HelmChartContainer - [test-hivemq-platform] [hivemq] [fdc09348] Jan 30, 2025 6:32:14 PM io.vertx.core.impl.BlockedThreadChecker
2025-01-30 18:32:14,705 INFO c.h.h.t.HelmChartContainer - [test-hivemq-platform] [hivemq] [fdc09348] WARNING: Thread Thread[vert.x-eventloop-thread-1,5,main] has been blocked for 2499 ms, time limit is 2000 ms
2025-01-30 18:32:15,244 INFO c.h.h.t.HelmChartContainer - [test-hivemq-platform] [hivemq] [fdc09348] DEBUG - Folder /opt/hivemq/data/persistence/data_hub_modules/043000_R does not exist, trying to create it
2025-01-30 18:32:15,248 INFO c.h.h.t.HelmChartContainer - [test-hivemq-platform] [hivemq] [fdc09348] DEBUG - Folder /opt/hivemq/data/persistence/data_hub_scripts/042300_R does not exist, trying to create it
2025-01-30 18:32:15,249 INFO c.h.h.t.HelmChartContainer - [test-hivemq-platform] [hivemq] [fdc09348] DEBUG - Folder /opt/hivemq/data/persistence/data_hub_schemas/042000_R does not exist, trying to create it
2025-01-30 18:32:15,339 INFO c.h.h.t.HelmChartContainer - [test-hivemq-platform] [hivemq] [fdc09348] DEBUG - Folder /opt/hivemq/data/persistence/data_hub_policies/042000_R does not exist, trying to create it
2025-01-30 18:32:15,348 INFO c.h.h.t.HelmChartContainer - [test-hivemq-platform] [hivemq] [fdc09348] INFO  - [HiveMQ Platform Operator Init App 1.7.0-SNAPSHOT] Updating Pod HiveMQ Platform Operator Init App version annotation (version: 1.7.0-SNAPSHOT)
2025-01-30 18:32:15,844 INFO c.h.h.t.HelmChartContainer - [POD] test-hivemq-platform-0 [fdc09348-b759-4339-b822-03d93ae49fe6] in helmcustomlogbackit was MODIFIED
2025-01-30 18:32:15,851 INFO c.h.h.t.HelmChartContainer - [test-hivemq-platform] [hivemq] [fdc09348] WARN  - [HiveMQ Platform Operator Init App 1.7.0-SNAPSHOT] Cannot connect to Health API for readiness: null
2025-01-30 18:32:15,854 INFO c.h.h.t.HelmChartContainer - [EVENT] Warning [Unhealthy] Readiness probe failed: HTTP probe failed with statuscode: 503 [helmcustomlogbackit:test-hivemq-platform-0]
2025-01-30 18:32:15,855 INFO c.h.h.t.HelmChartContainer - Received Unhealthy event for container hivemq in pod test-hivemq-platform-0 [fdc09348-b759-4339-b822-03d93ae49fe6]
2025-01-30 18:32:15,855 INFO c.h.h.t.HelmChartContainer - [hivemq-test-hivemq-platform] [hivemq-platform-operator] [88b5ad08] 18:32:15.854 [pool-6-thread-37] DEBUG c.h.p.o.d.PlatformServiceResource - [helmcust] Desired Platform services (3 services)
2025-01-30 18:32:15,856 INFO c.h.h.t.HelmChartContainer - [hivemq-test-hivemq-platform] [hivemq-platform-operator] [88b5ad08] 18:32:15.856 [pool-6-thread-33] DEBUG c.h.p.o.dependants.PodInfoConfigMap - [helmcust] Desired PodInfo ConfigMap (1 extensions) (1 enabled)
2025-01-30 18:32:15,858 INFO c.h.h.t.HelmChartContainer - [hivemq-test-hivemq-platform] [hivemq-platform-operator] [88b5ad08] 18:32:15.857 [pool-6-thread-33] DEBUG c.h.p.o.dependants.PodInfoConfigMap - [helmcust] Desired PodInfo ConfigMap (metrics port: 9399) (metrics path: /)
2025-01-30 18:32:15,859 INFO c.h.h.t.HelmChartContainer - [hivemq-test-hivemq-platform] [hivemq-platform-operator] [88b5ad08] 18:32:15.858 [pool-6-thread-33] DEBUG c.h.p.o.dependants.PodInfoConfigMap - [helmcust] Desired PodInfo ConfigMap (extension state hash: -1817474005)
2025-01-30 18:32:15,860 INFO c.h.h.t.HelmChartContainer - [hivemq-test-hivemq-platform] [hivemq-platform-operator] [88b5ad08] 18:32:15.859 [pool-6-thread-34] DEBUG c.h.p.o.d.PodServiceAccountResource - [helmcust] Desired PodServiceAccountResource (serviceAccountName: hivemq-platform-pod-test-hivemq-platform)
2025-01-30 18:32:15,864 INFO c.h.h.t.HelmChartContainer - [test-hivemq-platform] [hivemq] [fdc09348] INFO  - [HiveMQ Platform Operator Init App 1.7.0-SNAPSHOT] Successfully updated Pod HiveMQ Platform Operator Init App version annotation (version: 1.7.0-SNAPSHOT)
2025-01-30 18:32:15,865 INFO c.h.h.t.HelmChartContainer - [hivemq-test-hivemq-platform] [hivemq-platform-operator] [88b5ad08] 18:32:15.863 [pool-6-thread-37] DEBUG c.h.p.o.d.StatefulSetResource - [helmcust] Desired StatefulSet (1 replicas) for status STARTING (READY)
2025-01-30 18:32:15,870 INFO c.h.h.t.HelmChartContainer - [hivemq-test-hivemq-platform] [hivemq-platform-operator] [88b5ad08] 18:32:15.869 [ReconcilerExecutor-hivemq-controller-112] INFO  c.h.p.o.HiveMQPlatformReconciler - [helmcust] Reconciling HiveMQ Platform 'test-hivemq-platform' in namespace 'helmcustomlogbackit'
2025-01-30 18:32:15,871 INFO c.h.h.t.HelmChartContainer - [hivemq-test-hivemq-platform] [hivemq-platform-operator] [88b5ad08] 18:32:15.869 [ReconcilerExecutor-hivemq-controller-112] DEBUG c.h.p.o.HiveMQPlatformReconciler - [helmcust] Custom Resource Status STARTING - HiveMQ Platform is starting (READY)
2025-01-30 18:32:15,871 INFO c.h.h.t.HelmChartContainer - [hivemq-test-hivemq-platform] [hivemq-platform-operator] [88b5ad08] 18:32:15.869 [ReconcilerExecutor-hivemq-controller-112] DEBUG c.h.p.o.HiveMQPlatformReconciler - [helmcust] Custom Resource Spec (replicas: 1) (extensions: 1)
2025-01-30 18:32:15,872 INFO c.h.h.t.HelmChartContainer - [hivemq-test-hivemq-platform] [hivemq-platform-operator] [88b5ad08] 18:32:15.871 [ReconcilerExecutor-hivemq-controller-112] DEBUG c.h.p.o.HiveMQPlatformReconciler - [helmcust] StatefulSet Status (revision: test-hivemq-platform-989b74cd6, replicas: 1, available: 0, ready: 0, current: 1, updated: 1)
2025-01-30 18:32:15,873 INFO c.h.h.t.HelmChartContainer - [hivemq-test-hivemq-platform] [hivemq-platform-operator] [88b5ad08] 18:32:15.871 [ReconcilerExecutor-hivemq-controller-112] DEBUG c.h.p.o.HiveMQPlatformReconciler - [helmcust] StatefulSet Spec (replicas: 1, init containers: 1, containers: 1, volumes: 3)
2025-01-30 18:32:15,904 INFO c.h.h.t.HelmChartContainer - [hivemq-test-hivemq-platform] [hivemq-platform-operator] [88b5ad08] 18:32:15.903 [ReconcilerExecutor-hivemq-controller-112] DEBUG c.h.p.o.h.HiveMQPlatformReconcilerErrorHandler - [helmcust] Pod 'test-hivemq-platform-0' phase Running
2025-01-30 18:32:15,906 INFO c.h.h.t.HelmChartContainer - [hivemq-test-hivemq-platform] [hivemq-platform-operator] [88b5ad08] 18:32:15.904 [ReconcilerExecutor-hivemq-controller-112] INFO  c.h.p.o.h.HiveMQPlatformReconcilerBaseHandler - [helmcust] HiveMQ Platform is starting, 0 of 1 replicas are ready
2025-01-30 18:32:20,510 INFO c.h.h.t.HelmChartContainer - [test-hivemq-platform] [hivemq] [fdc09348] DEBUG - Diagnostic mode is disabled
2025-01-30 18:32:20,908 INFO c.h.h.t.HelmChartContainer - [test-hivemq-platform] [hivemq] [fdc09348] WARN  - [HiveMQ Platform Operator Init App 1.7.0-SNAPSHOT] Cannot connect to Health API for readiness: null
2025-01-30 18:32:20,910 INFO c.h.h.t.HelmChartContainer - [EVENT] Warning [Unhealthy] Readiness probe failed: HTTP probe failed with statuscode: 503 [helmcustomlogbackit:test-hivemq-platform-0]
2025-01-30 18:32:20,910 INFO c.h.h.t.HelmChartContainer - Received Unhealthy event for container hivemq in pod test-hivemq-platform-0 [fdc09348-b759-4339-b822-03d93ae49fe6]
2025-01-30 18:32:25,845 INFO c.h.h.t.HelmChartContainer - [test-hivemq-platform] [hivemq] [fdc09348] WARN  - [HiveMQ Platform Operator Init App 1.7.0-SNAPSHOT] Cannot connect to Health API for readiness: null
2025-01-30 18:32:25,850 INFO c.h.h.t.HelmChartContainer - [EVENT] Warning [Unhealthy] Readiness probe failed: HTTP probe failed with statuscode: 503 [helmcustomlogbackit:test-hivemq-platform-0]
2025-01-30 18:32:25,850 INFO c.h.h.t.HelmChartContainer - Received Unhealthy event for container hivemq in pod test-hivemq-platform-0 [fdc09348-b759-4339-b822-03d93ae49fe6]
2025-01-30 18:32:25,918 INFO c.h.h.t.HelmChartContainer - [hivemq-test-hivemq-platform] [hivemq-platform-operator] [88b5ad08] 18:32:25.910 [pool-6-thread-46] DEBUG c.h.p.o.d.PlatformServiceResource - [helmcust] Desired Platform services (3 services)
2025-01-30 18:32:25,918 INFO c.h.h.t.HelmChartContainer - [hivemq-test-hivemq-platform] [hivemq-platform-operator] [88b5ad08] 18:32:25.913 [pool-6-thread-47] DEBUG c.h.p.o.dependants.PodInfoConfigMap - [helmcust] Desired PodInfo ConfigMap (1 extensions) (1 enabled)
2025-01-30 18:32:25,918 INFO c.h.h.t.HelmChartContainer - [hivemq-test-hivemq-platform] [hivemq-platform-operator] [88b5ad08] 18:32:25.913 [pool-6-thread-47] DEBUG c.h.p.o.dependants.PodInfoConfigMap - [helmcust] Desired PodInfo ConfigMap (metrics port: 9399) (metrics path: /)
2025-01-30 18:32:25,918 INFO c.h.h.t.HelmChartContainer - [hivemq-test-hivemq-platform] [hivemq-platform-operator] [88b5ad08] 18:32:25.913 [pool-6-thread-47] DEBUG c.h.p.o.dependants.PodInfoConfigMap - [helmcust] Desired PodInfo ConfigMap (extension state hash: -1817474005)
2025-01-30 18:32:25,918 INFO c.h.h.t.HelmChartContainer - [hivemq-test-hivemq-platform] [hivemq-platform-operator] [88b5ad08] 18:32:25.915 [pool-6-thread-46] DEBUG c.h.p.o.d.PodServiceAccountResource - [helmcust] Desired PodServiceAccountResource (serviceAccountName: hivemq-platform-pod-test-hivemq-platform)
2025-01-30 18:32:25,920 INFO c.h.h.t.HelmChartContainer - [hivemq-test-hivemq-platform] [hivemq-platform-operator] [88b5ad08] 18:32:25.919 [pool-6-thread-45] DEBUG c.h.p.o.d.StatefulSetResource - [helmcust] Desired StatefulSet (1 replicas) for status STARTING (READY)
2025-01-30 18:32:25,923 INFO c.h.h.t.HelmChartContainer - [hivemq-test-hivemq-platform] [hivemq-platform-operator] [88b5ad08] 18:32:25.923 [ReconcilerExecutor-hivemq-controller-113] INFO  c.h.p.o.HiveMQPlatformReconciler - [helmcust] Reconciling HiveMQ Platform 'test-hivemq-platform' in namespace 'helmcustomlogbackit'
2025-01-30 18:32:25,925 INFO c.h.h.t.HelmChartContainer - [hivemq-test-hivemq-platform] [hivemq-platform-operator] [88b5ad08] 18:32:25.923 [ReconcilerExecutor-hivemq-controller-113] DEBUG c.h.p.o.HiveMQPlatformReconciler - [helmcust] Custom Resource Status STARTING - HiveMQ Platform is starting (READY)
2025-01-30 18:32:25,925 INFO c.h.h.t.HelmChartContainer - [hivemq-test-hivemq-platform] [hivemq-platform-operator] [88b5ad08] 18:32:25.923 [ReconcilerExecutor-hivemq-controller-113] DEBUG c.h.p.o.HiveMQPlatformReconciler - [helmcust] Custom Resource Spec (replicas: 1) (extensions: 1)
2025-01-30 18:32:26,003 INFO c.h.h.t.HelmChartContainer - [hivemq-test-hivemq-platform] [hivemq-platform-operator] [88b5ad08] 18:32:25.925 [ReconcilerExecutor-hivemq-controller-113] DEBUG c.h.p.o.HiveMQPlatformReconciler - [helmcust] StatefulSet Status (revision: test-hivemq-platform-989b74cd6, replicas: 1, available: 0, ready: 0, current: 1, updated: 1)
2025-01-30 18:32:26,003 INFO c.h.h.t.HelmChartContainer - [hivemq-test-hivemq-platform] [hivemq-platform-operator] [88b5ad08] 18:32:26.002 [ReconcilerExecutor-hivemq-controller-113] DEBUG c.h.p.o.HiveMQPlatformReconciler - [helmcust] StatefulSet Spec (replicas: 1, init containers: 1, containers: 1, volumes: 3)
2025-01-30 18:32:26,017 INFO c.h.h.t.HelmChartContainer - [hivemq-test-hivemq-platform] [hivemq-platform-operator] [88b5ad08] 18:32:26.016 [ReconcilerExecutor-hivemq-controller-113] DEBUG c.h.p.o.h.HiveMQPlatformReconcilerErrorHandler - [helmcust] Pod 'test-hivemq-platform-0' phase Running
2025-01-30 18:32:26,018 INFO c.h.h.t.HelmChartContainer - [hivemq-test-hivemq-platform] [hivemq-platform-operator] [88b5ad08] 18:32:26.017 [ReconcilerExecutor-hivemq-controller-113] INFO  c.h.p.o.h.HiveMQPlatformReconcilerBaseHandler - [helmcust] HiveMQ Platform is starting, 0 of 1 replicas are ready
2025-01-30 18:32:26,742 INFO c.h.h.t.HelmChartContainer - [test-hivemq-platform] [hivemq] [fdc09348] WARN  - [HiveMQ Platform Operator Init App 1.7.0-SNAPSHOT] Cannot connect to Health API for liveness: null
2025-01-30 18:32:26,742 INFO c.h.h.t.HelmChartContainer - [test-hivemq-platform] [hivemq] [fdc09348] INFO  - [HiveMQ Platform Operator Init App 1.7.0-SNAPSHOT] Returning default Health API response 200 for liveness
2025-01-30 18:32:26,908 INFO c.h.h.t.HelmChartContainer - [test-hivemq-platform] [hivemq] [fdc09348] INFO  - No valid license file found. Using trial license, restricted to 25 connections.
2025-01-30 18:32:27,217 INFO c.h.h.t.HelmChartContainer - [test-hivemq-platform] [hivemq] [fdc09348] DEBUG - Native Epoll is available on this platform
2025-01-30 18:32:27,308 INFO c.h.h.t.HelmChartContainer - [test-hivemq-platform] [hivemq] [fdc09348] DEBUG - Set extension executor thread pool size to 1
2025-01-30 18:32:27,308 INFO c.h.h.t.HelmChartContainer - [test-hivemq-platform] [hivemq] [fdc09348] DEBUG - Set extension executor thread pool keep-alive to 30 seconds
2025-01-30 18:32:27,338 INFO c.h.h.t.HelmChartContainer - [test-hivemq-platform] [hivemq] [fdc09348] DEBUG - initializing RSA key
2025-01-30 18:32:28,440 INFO c.h.h.t.HelmChartContainer - [test-hivemq-platform] [hivemq] [fdc09348] DEBUG - finished initializing RSA key in 1075ms
2025-01-30 18:32:29,642 INFO c.h.h.t.HelmChartContainer - [test-hivemq-platform] [hivemq] [fdc09348] DEBUG - Unable to provide size and free metrics for disk /dev/sdb: Could not find the corresponding FileStore (OSHI/Java).
2025-01-30 18:32:29,643 INFO c.h.h.t.HelmChartContainer - [test-hivemq-platform] [hivemq] [fdc09348] DEBUG - Unable to provide size and free metrics for disk /dev/sda: Could not find the corresponding FileStore (OSHI/Java).
2025-01-30 18:32:29,643 INFO c.h.h.t.HelmChartContainer - [test-hivemq-platform] [hivemq] [fdc09348] DEBUG - Throttling incoming traffic to 0 B/s
2025-01-30 18:32:29,644 INFO c.h.h.t.HelmChartContainer - [test-hivemq-platform] [hivemq] [fdc09348] DEBUG - Throttling outgoing traffic to 0 B/s
2025-01-30 18:32:29,810 INFO c.h.h.t.HelmChartContainer - [test-hivemq-platform] [hivemq] [fdc09348] INFO  - No valid license file for Data Hub found. Using free license, restricted to 1 policy.
2025-01-30 18:32:29,841 INFO c.h.h.t.HelmChartContainer - [test-hivemq-platform] [hivemq] [fdc09348] DEBUG - Building initial topic tree
2025-01-30 18:32:30,107 INFO c.h.h.t.HelmChartContainer - [test-hivemq-platform] [hivemq] [fdc09348] DEBUG - Started JMX Metrics Reporting.
2025-01-30 18:32:30,144 INFO c.h.h.t.HelmChartContainer - [test-hivemq-platform] [hivemq] [fdc09348] DEBUG - Registered JVM metrics with prefix com.hivemq.jvm.
2025-01-30 18:32:30,149 INFO c.h.h.t.HelmChartContainer - [test-hivemq-platform] [hivemq] [fdc09348] DEBUG - Registered HiveMQ Health API metrics.
2025-01-30 18:32:30,905 INFO c.h.h.t.HelmChartContainer - [test-hivemq-platform] [hivemq] [fdc09348] INFO  - Audit Logger started.
2025-01-30 18:32:30,905 INFO c.h.h.t.HelmChartContainer - [test-hivemq-platform] [hivemq] [fdc09348] WARN  - [HiveMQ Platform Operator Init App 1.7.0-SNAPSHOT] Cannot connect to Health API for readiness: null
2025-01-30 18:32:30,909 INFO c.h.h.t.HelmChartContainer - [EVENT] Warning [Unhealthy] Readiness probe failed: HTTP probe failed with statuscode: 503 [helmcustomlogbackit:test-hivemq-platform-0]
2025-01-30 18:32:30,909 INFO c.h.h.t.HelmChartContainer - Received Unhealthy event for container hivemq in pod test-hivemq-platform-0 [fdc09348-b759-4339-b822-03d93ae49fe6]
2025-01-30 18:32:31,147 INFO c.h.h.t.HelmChartContainer - [test-hivemq-platform] [hivemq] [fdc09348] INFO  - This node uses '1' CPU cores.
2025-01-30 18:32:31,150 INFO c.h.h.t.HelmChartContainer - [test-hivemq-platform] [hivemq] [fdc09348] INFO  - Starting HiveMQ Health API on address 0.0.0.0 and port 8889
2025-01-30 18:32:31,915 INFO c.h.h.t.HelmChartContainer - [test-hivemq-platform] [hivemq] [fdc09348] INFO  - Started HiveMQ Health API in 765ms
2025-01-30 18:32:32,350 INFO c.h.h.t.HelmChartContainer - [test-hivemq-platform] [hivemq] [fdc09348] INFO  - Starting HiveMQ extension system.
2025-01-30 18:32:32,606 INFO c.h.h.t.HelmChartContainer - [test-hivemq-platform] [hivemq] [fdc09348] INFO  - Starting extension with id "hivemq-dns-cluster-discovery" at /opt/hivemq/extensions/hivemq-dns-cluster-discovery
2025-01-30 18:32:32,746 INFO c.h.h.t.HelmChartContainer - [test-hivemq-platform] [hivemq] [fdc09348] DEBUG - HiveMQ DNS Cluster Discovery Extension: No DNS server address was set in the configuration file or environment variable.
2025-01-30 18:32:32,809 INFO c.h.h.t.HelmChartContainer - [test-hivemq-platform] [hivemq] [fdc09348] DEBUG - HiveMQ DNS Cluster Discovery Extension: No reload interval was set in the configuration file or environment variable. Defaulting to 30.
2025-01-30 18:32:33,046 INFO c.h.h.t.HelmChartContainer - [test-hivemq-platform] [hivemq] [fdc09348] INFO  - Using TCP cluster transport on address 10.42.0.10 and port 7000
2025-01-30 18:32:33,145 INFO c.h.h.t.HelmChartContainer - [test-hivemq-platform] [hivemq] [fdc09348] INFO  - Extension "DNS Cluster Discovery Extension" version 4.3.2 started successfully.
2025-01-30 18:32:33,145 INFO c.h.h.t.HelmChartContainer - [test-hivemq-platform] [hivemq] [fdc09348] INFO  - Starting extension with id "hivemq-prometheus-extension" at /opt/hivemq/extensions/hivemq-prometheus-extension
2025-01-30 18:32:33,145 INFO c.h.h.t.HelmChartContainer - [test-hivemq-platform] [hivemq] [fdc09348] INFO  - Using extension cluster discovery
2025-01-30 18:32:34,144 INFO c.h.h.t.HelmChartContainer - [test-hivemq-platform] [hivemq] [fdc09348] INFO  - Started Jetty Server exposing Prometheus Servlet on URI http://0.0.0.0:9399/
2025-01-30 18:32:34,145 INFO c.h.h.t.HelmChartContainer - [test-hivemq-platform] [hivemq] [fdc09348] INFO  - Extension "Prometheus Monitoring Extension" version 4.0.12 started successfully.
2025-01-30 18:32:34,145 INFO c.h.h.t.HelmChartContainer - [test-hivemq-platform] [hivemq] [fdc09348] INFO  - Starting extension with id "hivemq-allow-all-extension" at /opt/hivemq/extensions/hivemq-allow-all-extension
2025-01-30 18:32:34,146 INFO c.h.h.t.HelmChartContainer - [test-hivemq-platform] [hivemq] [fdc09348] WARN  - 
2025-01-30 18:32:34,146 INFO c.h.h.t.HelmChartContainer - [test-hivemq-platform] [hivemq] [fdc09348] ################################################################################################################
2025-01-30 18:32:34,146 INFO c.h.h.t.HelmChartContainer - [test-hivemq-platform] [hivemq] [fdc09348] # This HiveMQ deployment is not secure! You are lacking Authentication and Authorization.                      #
2025-01-30 18:32:34,146 INFO c.h.h.t.HelmChartContainer - [test-hivemq-platform] [hivemq] [fdc09348] # Right now any MQTT client can connect to the broker with a full set of permissions.                          #
2025-01-30 18:32:34,146 INFO c.h.h.t.HelmChartContainer - [test-hivemq-platform] [hivemq] [fdc09348] # For production usage, add an appropriate security extension and remove the hivemq-allow-all extension.       #
2025-01-30 18:32:34,146 INFO c.h.h.t.HelmChartContainer - [test-hivemq-platform] [hivemq] [fdc09348] # You can download security extensions from the HiveMQ Marketplace (https://www.hivemq.com/extensions/).       #
2025-01-30 18:32:34,146 INFO c.h.h.t.HelmChartContainer - [test-hivemq-platform] [hivemq] [fdc09348] ################################################################################################################
2025-01-30 18:32:34,146 INFO c.h.h.t.HelmChartContainer - [test-hivemq-platform] [hivemq] [fdc09348] DEBUG - Simple authenticator added by extension 'hivemq-allow-all-extension'.
2025-01-30 18:32:34,146 INFO c.h.h.t.HelmChartContainer - [test-hivemq-platform] [hivemq] [fdc09348] INFO  - Extension "Allow All Extension" version 1.1.1 started successfully.
2025-01-30 18:32:34,147 INFO c.h.h.t.HelmChartContainer - [test-hivemq-platform] [hivemq] [fdc09348] DEBUG - HiveMQ DNS Cluster Discovery Extension: Discovered new address '10.42.0.10'.
2025-01-30 18:32:36,024 INFO c.h.h.t.HelmChartContainer - [hivemq-test-hivemq-platform] [hivemq-platform-operator] [88b5ad08] 18:32:36.022 [pool-6-thread-2] DEBUG c.h.p.o.d.PlatformServiceResource - [helmcust] Desired Platform services (3 services)
2025-01-30 18:32:36,027 INFO c.h.h.t.HelmChartContainer - [hivemq-test-hivemq-platform] [hivemq-platform-operator] [88b5ad08] 18:32:36.023 [pool-6-thread-7] DEBUG c.h.p.o.dependants.PodInfoConfigMap - [helmcust] Desired PodInfo ConfigMap (1 extensions) (1 enabled)
2025-01-30 18:32:36,027 INFO c.h.h.t.HelmChartContainer - [hivemq-test-hivemq-platform] [hivemq-platform-operator] [88b5ad08] 18:32:36.023 [pool-6-thread-4] DEBUG c.h.p.o.d.PodServiceAccountResource - [helmcust] Desired PodServiceAccountResource (serviceAccountName: hivemq-platform-pod-test-hivemq-platform)
2025-01-30 18:32:36,027 INFO c.h.h.t.HelmChartContainer - [hivemq-test-hivemq-platform] [hivemq-platform-operator] [88b5ad08] 18:32:36.024 [pool-6-thread-7] DEBUG c.h.p.o.dependants.PodInfoConfigMap - [helmcust] Desired PodInfo ConfigMap (metrics port: 9399) (metrics path: /)
2025-01-30 18:32:36,027 INFO c.h.h.t.HelmChartContainer - [hivemq-test-hivemq-platform] [hivemq-platform-operator] [88b5ad08] 18:32:36.025 [pool-6-thread-7] DEBUG c.h.p.o.dependants.PodInfoConfigMap - [helmcust] Desired PodInfo ConfigMap (extension state hash: -1817474005)
2025-01-30 18:32:36,032 INFO c.h.h.t.HelmChartContainer - [hivemq-test-hivemq-platform] [hivemq-platform-operator] [88b5ad08] 18:32:36.031 [pool-6-thread-2] DEBUG c.h.p.o.d.StatefulSetResource - [helmcust] Desired StatefulSet (1 replicas) for status STARTING (READY)
2025-01-30 18:32:36,035 INFO c.h.h.t.HelmChartContainer - [hivemq-test-hivemq-platform] [hivemq-platform-operator] [88b5ad08] 18:32:36.034 [ReconcilerExecutor-hivemq-controller-114] INFO  c.h.p.o.HiveMQPlatformReconciler - [helmcust] Reconciling HiveMQ Platform 'test-hivemq-platform' in namespace 'helmcustomlogbackit'
2025-01-30 18:32:36,035 INFO c.h.h.t.HelmChartContainer - [hivemq-test-hivemq-platform] [hivemq-platform-operator] [88b5ad08] 18:32:36.035 [ReconcilerExecutor-hivemq-controller-114] DEBUG c.h.p.o.HiveMQPlatformReconciler - [helmcust] Custom Resource Status STARTING - HiveMQ Platform is starting (READY)
2025-01-30 18:32:36,035 INFO c.h.h.t.HelmChartContainer - [hivemq-test-hivemq-platform] [hivemq-platform-operator] [88b5ad08] 18:32:36.035 [ReconcilerExecutor-hivemq-controller-114] DEBUG c.h.p.o.HiveMQPlatformReconciler - [helmcust] Custom Resource Spec (replicas: 1) (extensions: 1)
2025-01-30 18:32:36,037 INFO c.h.h.t.HelmChartContainer - [hivemq-test-hivemq-platform] [hivemq-platform-operator] [88b5ad08] 18:32:36.036 [ReconcilerExecutor-hivemq-controller-114] DEBUG c.h.p.o.HiveMQPlatformReconciler - [helmcust] StatefulSet Status (revision: test-hivemq-platform-989b74cd6, replicas: 1, available: 0, ready: 0, current: 1, updated: 1)
2025-01-30 18:32:36,037 INFO c.h.h.t.HelmChartContainer - [hivemq-test-hivemq-platform] [hivemq-platform-operator] [88b5ad08] 18:32:36.036 [ReconcilerExecutor-hivemq-controller-114] DEBUG c.h.p.o.HiveMQPlatformReconciler - [helmcust] StatefulSet Spec (replicas: 1, init containers: 1, containers: 1, volumes: 3)
2025-01-30 18:32:36,039 INFO c.h.h.t.HelmChartContainer - [hivemq-test-hivemq-platform] [hivemq-platform-operator] [88b5ad08] 18:32:36.037 [ReconcilerExecutor-hivemq-controller-114] DEBUG c.h.p.o.h.HiveMQPlatformReconcilerErrorHandler - [helmcust] Pod 'test-hivemq-platform-0' phase Running
2025-01-30 18:32:36,040 INFO c.h.h.t.HelmChartContainer - [hivemq-test-hivemq-platform] [hivemq-platform-operator] [88b5ad08] 18:32:36.038 [ReconcilerExecutor-hivemq-controller-114] INFO  c.h.p.o.h.HiveMQPlatformReconcilerBaseHandler - [helmcust] HiveMQ Platform is starting, 0 of 1 replicas are ready
2025-01-30 18:32:36,239 INFO c.h.h.t.HelmChartContainer - [test-hivemq-platform] [hivemq] [fdc09348] INFO  - lnys6: no members discovered after 2598 ms: creating cluster as first member
2025-01-30 18:32:36,242 INFO c.h.h.t.HelmChartContainer - [test-hivemq-platform] [hivemq] [fdc09348] INFO  - [HiveMQ Platform Operator Init App 1.7.0-SNAPSHOT] Returning Health API response 503 for readiness
2025-01-30 18:32:36,249 INFO c.h.h.t.HelmChartContainer - [EVENT] Warning [Unhealthy] Readiness probe failed: HTTP probe failed with statuscode: 503 [helmcustomlogbackit:test-hivemq-platform-0]
2025-01-30 18:32:36,249 INFO c.h.h.t.HelmChartContainer - Received Unhealthy event for container hivemq in pod test-hivemq-platform-0 [fdc09348-b759-4339-b822-03d93ae49fe6]
2025-01-30 18:32:36,252 INFO c.h.h.t.HelmChartContainer - [test-hivemq-platform] [hivemq] [fdc09348] INFO  - Cluster nodes found by discovery: [lnys6|0] (1) [lnys6].
2025-01-30 18:32:36,254 INFO c.h.h.t.HelmChartContainer - [test-hivemq-platform] [hivemq] [fdc09348] DEBUG - State of node lnys6 changed to UNKNOWN was null. Current cluster node states: {lnys6=UNKNOWN}
2025-01-30 18:32:36,440 INFO c.h.h.t.HelmChartContainer - [test-hivemq-platform] [hivemq] [fdc09348] DEBUG - State of node lnys6 set to RUNNING. Current cluster node states: {lnys6=RUNNING}
2025-01-30 18:32:36,441 INFO c.h.h.t.HelmChartContainer - [test-hivemq-platform] [hivemq] [fdc09348] WARN  - No user for HiveMQ Control Center configured. Starting with default user
2025-01-30 18:32:36,442 INFO c.h.h.t.HelmChartContainer - [test-hivemq-platform] [hivemq] [fdc09348] INFO  - Starting HiveMQ Control Center on address 0.0.0.0 and port 8080
2025-01-30 18:32:36,444 INFO c.h.h.t.HelmChartContainer - [test-hivemq-platform] [hivemq] [fdc09348] INFO  - Mounting HiveMQ Control Center V2 Preview
2025-01-30 18:32:37,139 INFO c.h.h.t.HelmChartContainer - [test-hivemq-platform] [hivemq] [fdc09348] INFO  - Started HiveMQ Control Center in 698ms
2025-01-30 18:32:37,158 INFO c.h.h.t.HelmChartContainer - [test-hivemq-platform] [hivemq] [fdc09348] INFO  - Starting TCP listener on address 0.0.0.0 and port 1883
2025-01-30 18:32:37,250 INFO c.h.h.t.HelmChartContainer - [test-hivemq-platform] [hivemq] [fdc09348] INFO  - Started TCP Listener on address 0.0.0.0 and on port 1883.
2025-01-30 18:32:37,250 INFO c.h.h.t.HelmChartContainer - [test-hivemq-platform] [hivemq] [fdc09348] INFO  - Started HiveMQ in 29406ms
2025-01-30 18:32:40,847 INFO c.h.h.t.HelmChartContainer - [test-hivemq-platform] [hivemq] [fdc09348] INFO  - [HiveMQ Platform Operator Init App 1.7.0-SNAPSHOT] Returning Health API response 200 for readiness
2025-01-30 18:32:40,856 INFO c.h.h.t.HelmChartContainer - [POD] test-hivemq-platform-0 [fdc09348-b759-4339-b822-03d93ae49fe6] in helmcustomlogbackit was MODIFIED
2025-01-30 18:32:40,874 INFO c.h.h.t.HelmChartContainer - [hivemq-test-hivemq-platform] [hivemq-platform-operator] [88b5ad08] 18:32:40.867 [pool-6-thread-16] DEBUG c.h.p.o.dependants.PodInfoConfigMap - [helmcust] Desired PodInfo ConfigMap (1 extensions) (1 enabled)
2025-01-30 18:32:40,877 INFO c.h.h.t.HelmChartContainer - [hivemq-test-hivemq-platform] [hivemq-platform-operator] [88b5ad08] 18:32:40.867 [pool-6-thread-16] DEBUG c.h.p.o.dependants.PodInfoConfigMap - [helmcust] Desired PodInfo ConfigMap (metrics port: 9399) (metrics path: /)
2025-01-30 18:32:40,877 INFO c.h.h.t.HelmChartContainer - [hivemq-test-hivemq-platform] [hivemq-platform-operator] [88b5ad08] 18:32:40.867 [pool-6-thread-16] DEBUG c.h.p.o.dependants.PodInfoConfigMap - [helmcust] Desired PodInfo ConfigMap (extension state hash: -1817474005)
2025-01-30 18:32:40,877 INFO c.h.h.t.HelmChartContainer - [hivemq-test-hivemq-platform] [hivemq-platform-operator] [88b5ad08] 18:32:40.866 [pool-6-thread-15] DEBUG c.h.p.o.d.PlatformServiceResource - [helmcust] Desired Platform services (3 services)
2025-01-30 18:32:40,877 INFO c.h.h.t.HelmChartContainer - [hivemq-test-hivemq-platform] [hivemq-platform-operator] [88b5ad08] 18:32:40.868 [pool-6-thread-17] DEBUG c.h.p.o.d.PodServiceAccountResource - [helmcust] Desired PodServiceAccountResource (serviceAccountName: hivemq-platform-pod-test-hivemq-platform)
2025-01-30 18:32:40,878 INFO c.h.h.t.HelmChartContainer - [hivemq-test-hivemq-platform] [hivemq-platform-operator] [88b5ad08] 18:32:40.876 [pool-6-thread-14] DEBUG c.h.p.o.d.StatefulSetResource - [helmcust] Desired StatefulSet (1 replicas) for status STARTING (READY)
2025-01-30 18:32:40,881 INFO c.h.h.t.HelmChartContainer - [hivemq-test-hivemq-platform] [hivemq-platform-operator] [88b5ad08] 18:32:40.880 [ReconcilerExecutor-hivemq-controller-115] INFO  c.h.p.o.HiveMQPlatformReconciler - [helmcust] Reconciling HiveMQ Platform 'test-hivemq-platform' in namespace 'helmcustomlogbackit'
2025-01-30 18:32:40,881 INFO c.h.h.t.HelmChartContainer - [hivemq-test-hivemq-platform] [hivemq-platform-operator] [88b5ad08] 18:32:40.880 [ReconcilerExecutor-hivemq-controller-115] DEBUG c.h.p.o.HiveMQPlatformReconciler - [helmcust] Custom Resource Status STARTING - HiveMQ Platform is starting (READY)
2025-01-30 18:32:40,881 INFO c.h.h.t.HelmChartContainer - [hivemq-test-hivemq-platform] [hivemq-platform-operator] [88b5ad08] 18:32:40.880 [ReconcilerExecutor-hivemq-controller-115] DEBUG c.h.p.o.HiveMQPlatformReconciler - [helmcust] Custom Resource Spec (replicas: 1) (extensions: 1)
2025-01-30 18:32:40,905 INFO c.h.h.t.HelmChartContainer - [hivemq-test-hivemq-platform] [hivemq-platform-operator] [88b5ad08] 18:32:40.902 [ReconcilerExecutor-hivemq-controller-115] DEBUG c.h.p.o.HiveMQPlatformReconciler - [helmcust] StatefulSet Status (revision: test-hivemq-platform-989b74cd6, replicas: 1, available: 0, ready: 0, current: 1, updated: 1)
2025-01-30 18:32:40,905 INFO c.h.h.t.HelmChartContainer - [hivemq-test-hivemq-platform] [hivemq-platform-operator] [88b5ad08] 18:32:40.902 [ReconcilerExecutor-hivemq-controller-115] DEBUG c.h.p.o.HiveMQPlatformReconciler - [helmcust] StatefulSet Spec (replicas: 1, init containers: 1, containers: 1, volumes: 3)
2025-01-30 18:32:40,905 INFO c.h.h.t.HelmChartContainer - [hivemq-test-hivemq-platform] [hivemq-platform-operator] [88b5ad08] 18:32:40.903 [ReconcilerExecutor-hivemq-controller-115] DEBUG c.h.p.o.h.HiveMQPlatformReconcilerErrorHandler - [helmcust] Pod 'test-hivemq-platform-0' phase Running
2025-01-30 18:32:40,906 INFO c.h.h.t.HelmChartContainer - [hivemq-test-hivemq-platform] [hivemq-platform-operator] [88b5ad08] 18:32:40.904 [ReconcilerExecutor-hivemq-controller-115] INFO  c.h.p.o.h.HiveMQPlatformReconcilerBaseHandler - [helmcust] HiveMQ Platform is starting, 0 of 1 replicas are ready
2025-01-30 18:32:40,909 INFO c.h.h.t.HelmChartContainer - [hivemq-test-hivemq-platform] [hivemq-platform-operator] [88b5ad08] 18:32:40.908 [pool-6-thread-21] DEBUG c.h.p.o.d.PlatformServiceResource - [helmcust] Desired Platform services (3 services)
2025-01-30 18:32:40,909 INFO c.h.h.t.HelmChartContainer - [hivemq-test-hivemq-platform] [hivemq-platform-operator] [88b5ad08] 18:32:40.908 [pool-6-thread-25] DEBUG c.h.p.o.d.PodServiceAccountResource - [helmcust] Desired PodServiceAccountResource (serviceAccountName: hivemq-platform-pod-test-hivemq-platform)
2025-01-30 18:32:40,911 INFO c.h.h.t.HelmChartContainer - [hivemq-test-hivemq-platform] [hivemq-platform-operator] [88b5ad08] 18:32:40.910 [pool-6-thread-29] DEBUG c.h.p.o.dependants.PodInfoConfigMap - [helmcust] Desired PodInfo ConfigMap (1 extensions) (1 enabled)
2025-01-30 18:32:40,911 INFO c.h.h.t.HelmChartContainer - [hivemq-test-hivemq-platform] [hivemq-platform-operator] [88b5ad08] 18:32:40.911 [pool-6-thread-29] DEBUG c.h.p.o.dependants.PodInfoConfigMap - [helmcust] Desired PodInfo ConfigMap (metrics port: 9399) (metrics path: /)
2025-01-30 18:32:40,925 INFO c.h.h.t.HelmChartContainer - [hivemq-test-hivemq-platform] [hivemq-platform-operator] [88b5ad08] 18:32:40.911 [pool-6-thread-29] DEBUG c.h.p.o.dependants.PodInfoConfigMap - [helmcust] Desired PodInfo ConfigMap (extension state hash: -1817474005)
2025-01-30 18:32:40,925 INFO c.h.h.t.HelmChartContainer - [hivemq-test-hivemq-platform] [hivemq-platform-operator] [88b5ad08] 18:32:40.918 [pool-6-thread-21] DEBUG c.h.p.o.d.StatefulSetResource - [helmcust] Desired StatefulSet (1 replicas) for status STARTING (READY)
2025-01-30 18:32:41,003 INFO c.h.h.t.HelmChartContainer - [hivemq-test-hivemq-platform] [hivemq-platform-operator] [88b5ad08] 18:32:41.003 [ReconcilerExecutor-hivemq-controller-116] INFO  c.h.p.o.HiveMQPlatformReconciler - [helmcust] Reconciling HiveMQ Platform 'test-hivemq-platform' in namespace 'helmcustomlogbackit'
2025-01-30 18:32:41,004 INFO c.h.h.t.HelmChartContainer - [hivemq-test-hivemq-platform] [hivemq-platform-operator] [88b5ad08] 18:32:41.003 [ReconcilerExecutor-hivemq-controller-116] DEBUG c.h.p.o.HiveMQPlatformReconciler - [helmcust] Custom Resource Status STARTING - HiveMQ Platform is starting (READY)
2025-01-30 18:32:41,004 INFO c.h.h.t.HelmChartContainer - [hivemq-test-hivemq-platform] [hivemq-platform-operator] [88b5ad08] 18:32:41.003 [ReconcilerExecutor-hivemq-controller-116] DEBUG c.h.p.o.HiveMQPlatformReconciler - [helmcust] Custom Resource Spec (replicas: 1) (extensions: 1)
2025-01-30 18:32:41,007 INFO c.h.h.t.HelmChartContainer - [hivemq-test-hivemq-platform] [hivemq-platform-operator] [88b5ad08] 18:32:41.005 [ReconcilerExecutor-hivemq-controller-116] DEBUG c.h.p.o.HiveMQPlatformReconciler - [helmcust] StatefulSet Status (revision: test-hivemq-platform-989b74cd6, replicas: 1, available: 1, ready: 1, current: 1, updated: 1)
2025-01-30 18:32:41,007 INFO c.h.h.t.HelmChartContainer - [hivemq-test-hivemq-platform] [hivemq-platform-operator] [88b5ad08] 18:32:41.005 [ReconcilerExecutor-hivemq-controller-116] DEBUG c.h.p.o.HiveMQPlatformReconciler - [helmcust] StatefulSet Spec (replicas: 1, init containers: 1, containers: 1, volumes: 3)
2025-01-30 18:32:41,007 INFO c.h.h.t.HelmChartContainer - [hivemq-test-hivemq-platform] [hivemq-platform-operator] [88b5ad08] 18:32:41.006 [ReconcilerExecutor-hivemq-controller-116] DEBUG c.h.p.o.h.HiveMQPlatformReconcilerErrorHandler - [helmcust] Pod 'test-hivemq-platform-0' phase Running
2025-01-30 18:32:41,009 INFO c.h.h.t.HelmChartContainer - [hivemq-test-hivemq-platform] [hivemq-platform-operator] [88b5ad08] 18:32:41.008 [ReconcilerExecutor-hivemq-controller-116] INFO  c.h.p.o.h.HiveMQPlatformReconcilerBaseHandler - [helmcust] HiveMQ Platform started successfully
2025-01-30 18:32:41,106 INFO c.h.h.t.HelmChartContainer - [hivemq-test-hivemq-platform] [hivemq-platform-operator] [88b5ad08] 18:32:41.105 [ReconcilerExecutor-hivemq-controller-116] DEBUG c.h.p.operator.event.EventSender - [helmcust] Creating K8s event hivemq-platform-ready: [Ready] HiveMQ Platform is ready
2025-01-30 18:32:41,109 INFO c.h.h.t.HelmChartContainer - [EVENT] Normal [Ready] HiveMQ Platform is ready [helmcustomlogbackit:test-hivemq-platform]
2025-01-30 18:32:41,110 INFO c.h.h.t.HelmChartContainer - [hivemq-test-hivemq-platform] [hivemq-platform-operator] [88b5ad08] 18:32:41.109 [ReconcilerExecutor-hivemq-controller-116] INFO  c.h.p.o.h.AbstractHiveMQReconcilerStateHandler - [helmcust] Update HiveMQ Platform Status (STARTING [READY] -> RUNNING [READY]): HiveMQ Platform is ready
2025-01-30 18:32:41,118 DEBUG com.hivemq.helmcharts.util.K8sUtil - Comparing actual state 'RUNNING' and waiting for 'RUNNING'
2025-01-30 18:32:41,219 DEBUG com.hivemq.helmcharts.util.PodUtil - Received status for command '[cat, /opt/hivemq/conf/logback.xml]' on pod 'test-hivemq-platform-0' (exit code: 0)
2025-01-30 18:32:41,221 INFO c.h.h.t.HelmChartContainer - Uninstalling release 'test-hivemq-platform' in namespace 'helmcustomlogbackit'...
2025-01-30 18:32:41,221 DEBUG c.h.h.t.HelmChartContainer - Executing helm command: /bin/helm --kubeconfig /etc/rancher/k3s/k3s.yaml uninstall test-hivemq-platform  --wait --timeout 5m0s --cascade foreground --namespace helmcustomlogbackit
2025-01-30 18:32:41,413 INFO c.h.h.t.HelmChartContainer - [hivemq-test-hivemq-platform] [hivemq-platform-operator] [88b5ad08] 18:32:41.411 [pool-6-thread-36] DEBUG c.h.p.o.d.PlatformServiceResource - [helmcust] Desired Platform services (3 services)
2025-01-30 18:32:41,421 INFO c.h.h.t.HelmChartContainer - [hivemq-test-hivemq-platform] [hivemq-platform-operator] [88b5ad08] 18:32:41.413 [pool-6-thread-35] DEBUG c.h.p.o.dependants.PodInfoConfigMap - [helmcust] Desired PodInfo ConfigMap (1 extensions) (1 enabled)
2025-01-30 18:32:41,427 INFO c.h.h.t.HelmChartContainer - [hivemq-test-hivemq-platform] [hivemq-platform-operator] [88b5ad08] 18:32:41.413 [pool-6-thread-35] DEBUG c.h.p.o.dependants.PodInfoConfigMap - [helmcust] Desired PodInfo ConfigMap (metrics port: 9399) (metrics path: /)
2025-01-30 18:32:41,427 INFO c.h.h.t.HelmChartContainer - [hivemq-test-hivemq-platform] [hivemq-platform-operator] [88b5ad08] 18:32:41.413 [pool-6-thread-35] DEBUG c.h.p.o.dependants.PodInfoConfigMap - [helmcust] Desired PodInfo ConfigMap (extension state hash: -1817474005)
2025-01-30 18:32:41,427 INFO c.h.h.t.HelmChartContainer - [hivemq-test-hivemq-platform] [hivemq-platform-operator] [88b5ad08] 18:32:41.414 [pool-6-thread-35] DEBUG c.h.p.o.dependants.PodInfoConfigMap - [helmcust] Update PodInfo ConfigMap
2025-01-30 18:32:41,427 INFO c.h.h.t.HelmChartContainer - [hivemq-test-hivemq-platform] [hivemq-platform-operator] [88b5ad08] 18:32:41.418 [pool-6-thread-33] DEBUG c.h.p.o.d.PodServiceAccountResource - [helmcust] Desired PodServiceAccountResource (serviceAccountName: hivemq-platform-pod-test-hivemq-platform)
2025-01-30 18:32:41,444 INFO c.h.h.t.HelmChartContainer - [hivemq-test-hivemq-platform] [hivemq-platform-operator] [88b5ad08] 18:32:41.437 [pool-6-thread-35] DEBUG c.h.p.o.d.StatefulSetResource - [helmcust] Desired StatefulSet (1 replicas) for status RUNNING (READY)
2025-01-30 18:32:41,511 INFO c.h.h.t.HelmChartContainer - [hivemq-test-hivemq-platform] [hivemq-platform-operator] [88b5ad08] 18:32:41.509 [ReconcilerExecutor-hivemq-controller-117] INFO  c.h.p.o.HiveMQPlatformReconciler - [helmcust] Reconciling HiveMQ Platform 'test-hivemq-platform' in namespace 'helmcustomlogbackit'
2025-01-30 18:32:41,511 INFO c.h.h.t.HelmChartContainer - [hivemq-test-hivemq-platform] [hivemq-platform-operator] [88b5ad08] 18:32:41.509 [ReconcilerExecutor-hivemq-controller-117] DEBUG c.h.p.o.HiveMQPlatformReconciler - [helmcust] Custom Resource Status RUNNING - HiveMQ Platform is ready (READY)
2025-01-30 18:32:41,511 INFO c.h.h.t.HelmChartContainer - [hivemq-test-hivemq-platform] [hivemq-platform-operator] [88b5ad08] 18:32:41.509 [ReconcilerExecutor-hivemq-controller-117] DEBUG c.h.p.o.HiveMQPlatformReconciler - [helmcust] Custom Resource Spec (replicas: 1) (extensions: 1)
2025-01-30 18:32:41,511 INFO c.h.h.t.HelmChartContainer - [hivemq-test-hivemq-platform] [hivemq-platform-operator] [88b5ad08] 18:32:41.510 [ReconcilerExecutor-hivemq-controller-117] WARN  c.h.p.o.h.HiveMQPlatformReconcilerErrorHandler - [helmcust] Could not find ConfigMap 'hivemq-configuration-test-hivemq-platform' for HiveMQ Platform configuration
2025-01-30 18:32:41,617 INFO c.h.h.t.HelmChartContainer - [hivemq-test-hivemq-platform] [hivemq-platform-operator] [88b5ad08] 18:32:41.616 [ReconcilerExecutor-hivemq-controller-117] DEBUG c.h.p.operator.event.EventSender - [helmcust] Creating K8s event hivemq-platform-invalid-configuration: [Start] Could not find ConfigMap 'hivemq-configuration-test-hivemq-platform' for HiveMQ Platform configuration
2025-01-30 18:32:41,620 INFO c.h.h.t.HelmChartContainer - [EVENT] Warning [Start] Could not find ConfigMap 'hivemq-configuration-test-hivemq-platform' for HiveMQ Platform configuration [helmcustomlogbackit:test-hivemq-platform]
2025-01-30 18:32:41,697 INFO c.h.h.t.HelmChartContainer - [hivemq-test-hivemq-platform] [hivemq-platform-operator] [88b5ad08] 18:32:41.696 [ReconcilerExecutor-hivemq-controller-117] INFO  c.h.p.o.h.AbstractHiveMQReconcilerStateHandler - [helmcust] Update HiveMQ Platform Status (RUNNING [READY] -> ERROR [INVALID_CONFIG_MAP]): Could not find ConfigMap 'hivemq-configuration-test-hivemq-platform' for HiveMQ Platform configuration
2025-01-30 18:32:41,712 INFO c.h.h.t.HelmChartContainer - [hivemq-test-hivemq-platform] [hivemq-platform-operator] [88b5ad08] 18:32:41.708 [ReconcilerExecutor-hivemq-controller-117] ERROR i.j.o.p.event.EventProcessor - Error during event processing ExecutionScope{ resource id: ResourceID{name='test-hivemq-platform', namespace='helmcustomlogbackit'}, version: 1110}
2025-01-30 18:32:41,712 INFO c.h.h.t.HelmChartContainer - [hivemq-test-hivemq-platform] [hivemq-platform-operator] [88b5ad08] io.fabric8.kubernetes.client.KubernetesClientException: Failure executing: PUT at: https://10.43.0.1:443/apis/hivemq.com/v1/namespaces/helmcustomlogbackit/hivemq-platforms/test-hivemq-platform/status. Message: Operation cannot be fulfilled on hivemq-platforms.hivemq.com "test-hivemq-platform": the object has been modified; please apply your changes to the latest version and try again. Received status: Status(apiVersion=v1, code=409, details=StatusDetails(causes=[], group=hivemq.com, kind=hivemq-platforms, name=test-hivemq-platform, retryAfterSeconds=null, uid=null, additionalProperties={}), kind=Status, message=Operation cannot be fulfilled on hivemq-platforms.hivemq.com "test-hivemq-platform": the object has been modified; please apply your changes to the latest version and try again, metadata=ListMeta(_continue=null, remainingItemCount=null, resourceVersion=null, selfLink=null, additionalProperties={}), reason=Conflict, status=Failure, additionalProperties={}).
2025-01-30 18:32:41,712 INFO c.h.h.t.HelmChartContainer - [hivemq-test-hivemq-platform] [hivemq-platform-operator] [88b5ad08] 	at io.fabric8.kubernetes.client.KubernetesClientException.copyAsCause(KubernetesClientException.java:238)
2025-01-30 18:32:41,712 INFO c.h.h.t.HelmChartContainer - [hivemq-test-hivemq-platform] [hivemq-platform-operator] [88b5ad08] 	at io.fabric8.kubernetes.client.dsl.internal.OperationSupport.waitForResult(OperationSupport.java:507)
2025-01-30 18:32:41,712 INFO c.h.h.t.HelmChartContainer - [hivemq-test-hivemq-platform] [hivemq-platform-operator] [88b5ad08] 	at io.fabric8.kubernetes.client.dsl.internal.OperationSupport.handleResponse(OperationSupport.java:524)
2025-01-30 18:32:41,712 INFO c.h.h.t.HelmChartContainer - [hivemq-test-hivemq-platform] [hivemq-platform-operator] [88b5ad08] 	at io.fabric8.kubernetes.client.dsl.internal.OperationSupport.handleUpdate(OperationSupport.java:358)
2025-01-30 18:32:41,712 INFO c.h.h.t.HelmChartContainer - [hivemq-test-hivemq-platform] [hivemq-platform-operator] [88b5ad08] 	at io.fabric8.kubernetes.client.dsl.internal.BaseOperation.handleUpdate(BaseOperation.java:759)
2025-01-30 18:32:41,712 INFO c.h.h.t.HelmChartContainer - [hivemq-test-hivemq-platform] [hivemq-platform-operator] [88b5ad08] 	at io.fabric8.kubernetes.client.dsl.internal.HasMetadataOperation.update(HasMetadataOperation.java:138)
2025-01-30 18:32:41,712 INFO c.h.h.t.HelmChartContainer - [hivemq-test-hivemq-platform] [hivemq-platform-operator] [88b5ad08] 	at io.fabric8.kubernetes.client.dsl.internal.HasMetadataOperation.update(HasMetadataOperation.java:121)
2025-01-30 18:32:41,712 INFO c.h.h.t.HelmChartContainer - [hivemq-test-hivemq-platform] [hivemq-platform-operator] [88b5ad08] 	at io.fabric8.kubernetes.client.dsl.internal.HasMetadataOperation.updateStatus(HasMetadataOperation.java:126)
2025-01-30 18:32:41,712 INFO c.h.h.t.HelmChartContainer - [hivemq-test-hivemq-platform] [hivemq-platform-operator] [88b5ad08] 	at io.fabric8.kubernetes.client.dsl.internal.HasMetadataOperation.updateStatus(HasMetadataOperation.java:44)
2025-01-30 18:32:41,712 INFO c.h.h.t.HelmChartContainer - [hivemq-test-hivemq-platform] [hivemq-platform-operator] [88b5ad08] 	at io.javaoperatorsdk.operator.processing.event.ReconciliationDispatcher$CustomResourceFacade.updateStatus(ReconciliationDispatcher.java:408)
2025-01-30 18:32:41,712 INFO c.h.h.t.HelmChartContainer - [hivemq-test-hivemq-platform] [hivemq-platform-operator] [88b5ad08] 	at io.javaoperatorsdk.operator.processing.event.ReconciliationDispatcher.updateStatusGenerationAware(ReconciliationDispatcher.java:228)
2025-01-30 18:32:41,712 INFO c.h.h.t.HelmChartContainer - [hivemq-test-hivemq-platform] [hivemq-platform-operator] [88b5ad08] 	at io.javaoperatorsdk.operator.processing.event.ReconciliationDispatcher.reconcileExecution(ReconciliationDispatcher.java:150)
2025-01-30 18:32:41,712 INFO c.h.h.t.HelmChartContainer - [hivemq-test-hivemq-platform] [hivemq-platform-operator] [88b5ad08] 	at io.javaoperatorsdk.operator.processing.event.ReconciliationDispatcher.handleReconcile(ReconciliationDispatcher.java:117)
2025-01-30 18:32:41,712 INFO c.h.h.t.HelmChartContainer - [hivemq-test-hivemq-platform] [hivemq-platform-operator] [88b5ad08] 	at io.javaoperatorsdk.operator.processing.event.ReconciliationDispatcher.handleDispatch(ReconciliationDispatcher.java:91)
2025-01-30 18:32:41,712 INFO c.h.h.t.HelmChartContainer - [hivemq-test-hivemq-platform] [hivemq-platform-operator] [88b5ad08] 	at io.javaoperatorsdk.operator.processing.event.ReconciliationDispatcher.handleExecution(ReconciliationDispatcher.java:64)
2025-01-30 18:32:41,712 INFO c.h.h.t.HelmChartContainer - [hivemq-test-hivemq-platform] [hivemq-platform-operator] [88b5ad08] 	at io.javaoperatorsdk.operator.processing.event.EventProcessor$ReconcilerExecutor.run(EventProcessor.java:452)
2025-01-30 18:32:41,713 INFO c.h.h.t.HelmChartContainer - [hivemq-test-hivemq-platform] [hivemq-platform-operator] [88b5ad08] 	at java.base/java.util.concurrent.ThreadPoolExecutor.runWorker(Unknown Source)
2025-01-30 18:32:41,713 INFO c.h.h.t.HelmChartContainer - [hivemq-test-hivemq-platform] [hivemq-platform-operator] [88b5ad08] 	at java.base/java.util.concurrent.ThreadPoolExecutor$Worker.run(Unknown Source)
2025-01-30 18:32:41,713 INFO c.h.h.t.HelmChartContainer - [hivemq-test-hivemq-platform] [hivemq-platform-operator] [88b5ad08] 	at java.base/java.lang.Thread.run(Unknown Source)
2025-01-30 18:32:41,713 INFO c.h.h.t.HelmChartContainer - [hivemq-test-hivemq-platform] [hivemq-platform-operator] [88b5ad08] Caused by: io.fabric8.kubernetes.client.KubernetesClientException: Failure executing: PUT at: https://10.43.0.1:443/apis/hivemq.com/v1/namespaces/helmcustomlogbackit/hivemq-platforms/test-hivemq-platform/status. Message: Operation cannot be fulfilled on hivemq-platforms.hivemq.com "test-hivemq-platform": the object has been modified; please apply your changes to the latest version and try again. Received status: Status(apiVersion=v1, code=409, details=StatusDetails(causes=[], group=hivemq.com, kind=hivemq-platforms, name=test-hivemq-platform, retryAfterSeconds=null, uid=null, additionalProperties={}), kind=Status, message=Operation cannot be fulfilled on hivemq-platforms.hivemq.com "test-hivemq-platform": the object has been modified; please apply your changes to the latest version and try again, metadata=ListMeta(_continue=null, remainingItemCount=null, resourceVersion=null, selfLink=null, additionalProperties={}), reason=Conflict, status=Failure, additionalProperties={}).
2025-01-30 18:32:41,713 INFO c.h.h.t.HelmChartContainer - [hivemq-test-hivemq-platform] [hivemq-platform-operator] [88b5ad08] 	at io.fabric8.kubernetes.client.dsl.internal.OperationSupport.requestFailure(OperationSupport.java:660)
2025-01-30 18:32:41,713 INFO c.h.h.t.HelmChartContainer - [hivemq-test-hivemq-platform] [hivemq-platform-operator] [88b5ad08] 	at io.fabric8.kubernetes.client.dsl.internal.OperationSupport.requestFailure(OperationSupport.java:640)
2025-01-30 18:32:41,713 INFO c.h.h.t.HelmChartContainer - [hivemq-test-hivemq-platform] [hivemq-platform-operator] [88b5ad08] 	at io.fabric8.kubernetes.client.dsl.internal.OperationSupport.assertResponseCode(OperationSupport.java:589)
2025-01-30 18:32:41,713 INFO c.h.h.t.HelmChartContainer - [hivemq-test-hivemq-platform] [hivemq-platform-operator] [88b5ad08] 	at io.fabric8.kubernetes.client.dsl.internal.OperationSupport.lambda$handleResponse$0(OperationSupport.java:549)
2025-01-30 18:32:41,713 INFO c.h.h.t.HelmChartContainer - [hivemq-test-hivemq-platform] [hivemq-platform-operator] [88b5ad08] 	at java.base/java.util.concurrent.CompletableFuture$UniApply.tryFire(Unknown Source)
2025-01-30 18:32:41,713 INFO c.h.h.t.HelmChartContainer - [hivemq-test-hivemq-platform] [hivemq-platform-operator] [88b5ad08] 	at java.base/java.util.concurrent.CompletableFuture.postComplete(Unknown Source)
2025-01-30 18:32:41,713 INFO c.h.h.t.HelmChartContainer - [hivemq-test-hivemq-platform] [hivemq-platform-operator] [88b5ad08] 	at java.base/java.util.concurrent.CompletableFuture.complete(Unknown Source)
2025-01-30 18:32:41,713 INFO c.h.h.t.HelmChartContainer - [hivemq-test-hivemq-platform] [hivemq-platform-operator] [88b5ad08] 	at io.fabric8.kubernetes.client.http.StandardHttpClient.lambda$completeOrCancel$10(StandardHttpClient.java:141)
2025-01-30 18:32:41,713 INFO c.h.h.t.HelmChartContainer - [hivemq-test-hivemq-platform] [hivemq-platform-operator] [88b5ad08] 	at java.base/java.util.concurrent.CompletableFuture.uniWhenComplete(Unknown Source)
2025-01-30 18:32:41,713 INFO c.h.h.t.HelmChartContainer - [hivemq-test-hivemq-platform] [hivemq-platform-operator] [88b5ad08] 	at java.base/java.util.concurrent.CompletableFuture$UniWhenComplete.tryFire(Unknown Source)
2025-01-30 18:32:41,713 INFO c.h.h.t.HelmChartContainer - [hivemq-test-hivemq-platform] [hivemq-platform-operator] [88b5ad08] 	at java.base/java.util.concurrent.CompletableFuture.postComplete(Unknown Source)
2025-01-30 18:32:41,713 INFO c.h.h.t.HelmChartContainer - [hivemq-test-hivemq-platform] [hivemq-platform-operator] [88b5ad08] 	at java.base/java.util.concurrent.CompletableFuture.complete(Unknown Source)
2025-01-30 18:32:41,713 INFO c.h.h.t.HelmChartContainer - [hivemq-test-hivemq-platform] [hivemq-platform-operator] [88b5ad08] 	at io.fabric8.kubernetes.client.http.ByteArrayBodyHandler.onBodyDone(ByteArrayBodyHandler.java:51)
2025-01-30 18:32:41,713 INFO c.h.h.t.HelmChartContainer - [hivemq-test-hivemq-platform] [hivemq-platform-operator] [88b5ad08] 	at java.base/java.util.concurrent.CompletableFuture.uniWhenComplete(Unknown Source)
2025-01-30 18:32:41,713 INFO c.h.h.t.HelmChartContainer - [hivemq-test-hivemq-platform] [hivemq-platform-operator] [88b5ad08] 	at java.base/java.util.concurrent.CompletableFuture$UniWhenComplete.tryFire(Unknown Source)
2025-01-30 18:32:41,713 INFO c.h.h.t.HelmChartContainer - [hivemq-test-hivemq-platform] [hivemq-platform-operator] [88b5ad08] 	at java.base/java.util.concurrent.CompletableFuture.postComplete(Unknown Source)
2025-01-30 18:32:41,713 INFO c.h.h.t.HelmChartContainer - [hivemq-test-hivemq-platform] [hivemq-platform-operator] [88b5ad08] 	at java.base/java.util.concurrent.CompletableFuture.complete(Unknown Source)
2025-01-30 18:32:41,713 INFO c.h.h.t.HelmChartContainer - [hivemq-test-hivemq-platform] [hivemq-platform-operator] [88b5ad08] 	at io.fabric8.kubernetes.client.vertx.VertxHttpRequest.lambda$null$1(VertxHttpRequest.java:121)
2025-01-30 18:32:41,713 INFO c.h.h.t.HelmChartContainer - [hivemq-test-hivemq-platform] [hivemq-platform-operator] [88b5ad08] 	at io.vertx.core.impl.ContextInternal.dispatch(ContextInternal.java:279)
2025-01-30 18:32:41,713 INFO c.h.h.t.HelmChartContainer - [hivemq-test-hivemq-platform] [hivemq-platform-operator] [88b5ad08] 	at io.vertx.core.impl.ContextInternal.dispatch(ContextInternal.java:261)
2025-01-30 18:32:41,713 INFO c.h.h.t.HelmChartContainer - [hivemq-test-hivemq-platform] [hivemq-platform-operator] [88b5ad08] 	at io.vertx.core.http.impl.HttpEventHandler.handleEnd(HttpEventHandler.java:76)
2025-01-30 18:32:41,713 INFO c.h.h.t.HelmChartContainer - [hivemq-test-hivemq-platform] [hivemq-platform-operator] [88b5ad08] 	at io.vertx.core.http.impl.HttpClientResponseImpl.handleEnd(HttpClientResponseImpl.java:250)
2025-01-30 18:32:41,713 INFO c.h.h.t.HelmChartContainer - [hivemq-test-hivemq-platform] [hivemq-platform-operator] [88b5ad08] 	at io.vertx.core.http.impl.Http1xClientConnection$StreamImpl.lambda$new$0(Http1xClientConnection.java:421)
2025-01-30 18:32:41,713 INFO c.h.h.t.HelmChartContainer - [hivemq-test-hivemq-platform] [hivemq-platform-operator] [88b5ad08] 	at io.vertx.core.streams.impl.InboundBuffer.handleEvent(InboundBuffer.java:279)
2025-01-30 18:32:41,713 INFO c.h.h.t.HelmChartContainer - [hivemq-test-hivemq-platform] [hivemq-platform-operator] [88b5ad08] 	at io.vertx.core.streams.impl.InboundBuffer.write(InboundBuffer.java:157)
2025-01-30 18:32:41,713 INFO c.h.h.t.HelmChartContainer - [hivemq-test-hivemq-platform] [hivemq-platform-operator] [88b5ad08] 	at io.vertx.core.http.impl.Http1xClientConnection$StreamImpl.handleEnd(Http1xClientConnection.java:709)
2025-01-30 18:32:41,713 INFO c.h.h.t.HelmChartContainer - [hivemq-test-hivemq-platform] [hivemq-platform-operator] [88b5ad08] 	at io.vertx.core.impl.ContextImpl.lambda$execute$4(ContextImpl.java:315)
2025-01-30 18:32:41,713 INFO c.h.h.t.HelmChartContainer - [hivemq-test-hivemq-platform] [hivemq-platform-operator] [88b5ad08] 	at io.netty.util.concurrent.AbstractEventExecutor.runTask(AbstractEventExecutor.java:173)
2025-01-30 18:32:41,713 INFO c.h.h.t.HelmChartContainer - [hivemq-test-hivemq-platform] [hivemq-platform-operator] [88b5ad08] 	at io.netty.util.concurrent.AbstractEventExecutor.safeExecute(AbstractEventExecutor.java:166)
2025-01-30 18:32:41,713 INFO c.h.h.t.HelmChartContainer - [hivemq-test-hivemq-platform] [hivemq-platform-operator] [88b5ad08] 	at io.netty.util.concurrent.SingleThreadEventExecutor.runAllTasks(SingleThreadEventExecutor.java:472)
2025-01-30 18:32:41,713 INFO c.h.h.t.HelmChartContainer - [hivemq-test-hivemq-platform] [hivemq-platform-operator] [88b5ad08] 	at io.netty.channel.nio.NioEventLoop.run(NioEventLoop.java:569)
2025-01-30 18:32:41,713 INFO c.h.h.t.HelmChartContainer - [hivemq-test-hivemq-platform] [hivemq-platform-operator] [88b5ad08] 	at io.netty.util.concurrent.SingleThreadEventExecutor$4.run(SingleThreadEventExecutor.java:997)
2025-01-30 18:32:41,713 INFO c.h.h.t.HelmChartContainer - [hivemq-test-hivemq-platform] [hivemq-platform-operator] [88b5ad08] 	at io.netty.util.internal.ThreadExecutorMap$2.run(ThreadExecutorMap.java:74)
2025-01-30 18:32:41,713 INFO c.h.h.t.HelmChartContainer - [hivemq-test-hivemq-platform] [hivemq-platform-operator] [88b5ad08] 	at io.netty.util.concurrent.FastThreadLocalRunnable.run(FastThreadLocalRunnable.java:30)
2025-01-30 18:32:41,713 INFO c.h.h.t.HelmChartContainer - [hivemq-test-hivemq-platform] [hivemq-platform-operator] [88b5ad08] 	... 1 common frames omitted
2025-01-30 18:32:41,719 INFO c.h.h.t.HelmChartContainer - [hivemq-test-hivemq-platform] [hivemq-platform-operator] [88b5ad08] 18:32:41.717 [ReconcilerExecutor-hivemq-controller-122] INFO  c.h.p.o.HiveMQPlatformReconciler - [helmcust] Cleanup test-hivemq-platform - helmcustomlogbackit HiveMQ Platform is shut down
2025-01-30 18:32:42,142 INFO c.h.h.t.HelmChartContainer - [POD] test-hivemq-platform-0 [fdc09348-b759-4339-b822-03d93ae49fe6] in helmcustomlogbackit was MODIFIED
2025-01-30 18:32:42,147 INFO c.h.h.t.HelmChartContainer - [EVENT] Normal [Killing] Stopping container hivemq [helmcustomlogbackit:test-hivemq-platform-0]
2025-01-30 18:32:42,147 INFO c.h.h.t.HelmChartContainer - Received Killing event for container hivemq in pod test-hivemq-platform-0 [fdc09348-b759-4339-b822-03d93ae49fe6]
2025-01-30 18:32:42,147 INFO c.h.h.t.HelmChartContainer - Container [test-hivemq-platform-0] [hivemq] [fdc09348-b759-4339-b822-03d93ae49fe6] was terminated
2025-01-30 18:32:42,147 INFO c.h.h.t.HelmChartContainer - Stopped log watcher for hivemq in pod test-hivemq-platform-0 [fdc09348-b759-4339-b822-03d93ae49fe6]
2025-01-30 18:32:42,154 INFO c.h.h.t.HelmChartContainer - [test-hivemq-platform] [hivemq] [fdc09348] INFO  - [HiveMQ Platform Operator Init App 1.7.0-SNAPSHOT] Shutting down
2025-01-30 18:32:42,155 INFO c.h.h.t.HelmChartContainer - [test-hivemq-platform] [hivemq] [fdc09348] INFO  - [HiveMQ Platform Operator Init App 1.7.0-SNAPSHOT] Stopping the HiveMQ Platform
2025-01-30 18:32:42,261 INFO c.h.h.t.HelmChartContainer - [test-hivemq-platform] [hivemq] [fdc09348] INFO  - Shutting down HiveMQ. Please wait, this could take a while...
2025-01-30 18:32:42,344 INFO c.h.h.t.HelmChartContainer - [test-hivemq-platform] [hivemq] [fdc09348] INFO  - Shutting down listeners and clients
2025-01-30 18:32:42,346 INFO c.h.h.t.HelmChartContainer - [test-hivemq-platform] [hivemq] [fdc09348] DEBUG - Closed channel of listener with name 'tcp-listener-1883'
2025-01-30 18:32:42,346 INFO c.h.h.t.HelmChartContainer - [test-hivemq-platform] [hivemq] [fdc09348] INFO  - Shutdown of listeners is done
2025-01-30 18:32:42,346 INFO c.h.h.t.HelmChartContainer - [test-hivemq-platform] [hivemq] [fdc09348] INFO  - No clients are connected, proceeding with shutdown
2025-01-30 18:32:42,346 INFO c.h.h.t.HelmChartContainer - [test-hivemq-platform] [hivemq] [fdc09348] DEBUG - Shutting down worker and boss threads
2025-01-30 18:32:43,474 INFO c.h.h.t.HelmChartContainer - Deleting namespace 'helmcustomlogbackit'...
2025-01-30 18:32:44,352 INFO c.h.h.t.HelmChartContainer - [test-hivemq-platform] [hivemq] [fdc09348] DEBUG - Shutting down Data Hub
2025-01-30 18:32:45,440 INFO c.h.h.t.HelmChartContainer - [test-hivemq-platform] [hivemq] [fdc09348] DEBUG - Data Hub shut down successfully in 1088ms
2025-01-30 18:32:45,445 INFO c.h.h.t.HelmChartContainer - [test-hivemq-platform] [hivemq] [fdc09348] DEBUG - Stopping RocksDBMemoryUsageWatchdog.
2025-01-30 18:32:45,446 INFO c.h.h.t.HelmChartContainer - [test-hivemq-platform] [hivemq] [fdc09348] DEBUG - Terminating thread rocksdb-memory-usage-watchdog.
2025-01-30 18:32:45,446 INFO c.h.h.t.HelmChartContainer - [test-hivemq-platform] [hivemq] [fdc09348] DEBUG - Stopped RocksDBMemoryUsageWatchdog.
2025-01-30 18:32:45,446 INFO c.h.h.t.HelmChartContainer - [test-hivemq-platform] [hivemq] [fdc09348] INFO  - Shutting down extension system
2025-01-30 18:32:45,450 INFO c.h.h.t.HelmChartContainer - [test-hivemq-platform] [hivemq] [fdc09348] INFO  - Stopping extension with id hivemq-dns-cluster-discovery
2025-01-30 18:32:45,451 INFO c.h.h.t.HelmChartContainer - [test-hivemq-platform] [hivemq] [fdc09348] INFO  - Extension "DNS Cluster Discovery Extension" version 4.3.2 stopped successfully.
2025-01-30 18:32:45,451 INFO c.h.h.t.HelmChartContainer - [test-hivemq-platform] [hivemq] [fdc09348] INFO  - Stopping extension with id hivemq-prometheus-extension
2025-01-30 18:32:45,456 INFO c.h.h.t.HelmChartContainer - [test-hivemq-platform] [hivemq] [fdc09348] INFO  - Extension "Prometheus Monitoring Extension" version 4.0.12 stopped successfully.
2025-01-30 18:32:45,457 INFO c.h.h.t.HelmChartContainer - [test-hivemq-platform] [hivemq] [fdc09348] INFO  - Stopping extension with id hivemq-allow-all-extension
2025-01-30 18:32:45,457 INFO c.h.h.t.HelmChartContainer - [test-hivemq-platform] [hivemq] [fdc09348] INFO  - Extension "Allow All Extension" version 1.1.1 stopped successfully.
2025-01-30 18:32:45,457 INFO c.h.h.t.HelmChartContainer - [test-hivemq-platform] [hivemq] [fdc09348] DEBUG - Simple authenticator of extension 'hivemq-allow-all-extension' removed.
2025-01-30 18:32:45,457 INFO c.h.h.t.HelmChartContainer - [test-hivemq-platform] [hivemq] [fdc09348] DEBUG - Running cluster shutdown hooks
2025-01-30 18:32:45,462 INFO c.h.h.t.HelmChartContainer - [test-hivemq-platform] [hivemq] [fdc09348] DEBUG - Shutting down managed extension executor service
2025-01-30 18:32:45,539 INFO c.h.h.t.HelmChartContainer - [test-hivemq-platform] [hivemq] [fdc09348] DEBUG - Stopped Trace Recording Event Loop gracefully
2025-01-30 18:32:45,539 INFO c.h.h.t.HelmChartContainer - [test-hivemq-platform] [hivemq] [fdc09348] DEBUG - The Event Loop for Trace Recordings is shutting down and is not available anymore
2025-01-30 18:32:45,844 INFO c.h.h.t.HelmChartContainer - [test-hivemq-platform] [hivemq] [fdc09348] INFO  - [HiveMQ Platform Operator Init App 1.7.0-SNAPSHOT] Returning shutdown Health API response 503 for readiness
2025-01-30 18:32:45,847 INFO c.h.h.t.HelmChartContainer - [EVENT] Warning [Unhealthy] Readiness probe failed: HTTP probe failed with statuscode: 503 [helmcustomlogbackit:test-hivemq-platform-0]
2025-01-30 18:32:45,847 INFO c.h.h.t.HelmChartContainer - Received Unhealthy event for container hivemq in pod test-hivemq-platform-0 [fdc09348-b759-4339-b822-03d93ae49fe6]
2025-01-30 18:32:46,266 INFO c.h.h.t.HelmChartContainer - [K3S] [authentication.go:74] "Unable to authenticate the request" err="[invalid bearer token, serviceaccounts \"hivemq-platform-pod-test-hivemq-platform\" not found]"
2025-01-30 18:32:46,285 INFO c.h.h.t.HelmChartContainer - [K3S] [authentication.go:74] "Unable to authenticate the request" err="[invalid bearer token, serviceaccounts \"hivemq-platform-pod-test-hivemq-platform\" not found]"
2025-01-30 18:32:46,345 INFO c.h.h.t.HelmChartContainer - [test-hivemq-platform] [hivemq] [fdc09348] WARN  - [HiveMQ Platform Operator Init App 1.7.0-SNAPSHOT] Could not update Pod annotations: Failure executing: GET at: https://10.43.0.1:443/api/v1/namespaces/helmcustomlogbackit/pods/test-hivemq-platform-0. Message: Unauthorized. Received status: Status(apiVersion=v1, code=401, details=null, kind=Status, message=Unauthorized, metadata=ListMeta(_continue=null, remainingItemCount=null, resourceVersion=null, selfLink=null, additionalProperties={}), reason=Unauthorized, status=Failure, additionalProperties={}).
2025-01-30 18:32:47,811 INFO c.h.h.t.HelmChartContainer - [test-hivemq-platform] [hivemq] [fdc09348] INFO  - Shutdown completed.
2025-01-30 18:32:48,186 INFO c.h.h.t.HelmChartContainer - [test-hivemq-platform] [hivemq] [fdc09348] INFO  - [HiveMQ Platform Operator Init App 1.7.0-SNAPSHOT] The HiveMQ Platform exited with code 143
2025-01-30 18:32:48,187 INFO c.h.h.t.HelmChartContainer - [test-hivemq-platform] [hivemq] [fdc09348] INFO  - [HiveMQ Platform Operator Init App 1.7.0-SNAPSHOT] Stopping the REST API
2025-01-30 18:32:48,193 INFO c.h.h.t.HelmChartContainer - [test-hivemq-platform] [hivemq] [fdc09348] INFO  - [HiveMQ Platform Operator Init App 1.7.0-SNAPSHOT] Shutdown complete
2025-01-30 18:32:48,634 INFO c.h.h.t.HelmChartContainer - [K3S] [stateful_set.go:466] "StatefulSet has been deleted" key="helmcustomlogbackit/test-hivemq-platform"
2025-01-30 18:32:48,664 INFO c.h.h.t.HelmChartContainer - [POD] test-hivemq-platform-0 [fdc09348-b759-4339-b822-03d93ae49fe6] in helmcustomlogbackit was MODIFIED
2025-01-30 18:32:48,726 INFO c.h.h.t.HelmChartContainer - [K3S] [reconciler_common.go:162] "operationExecutor.UnmountVolume started for volume \"operator-init\" (UniqueName: \"kubernetes.io/empty-dir/fdc09348-b759-4339-b822-03d93ae49fe6-operator-init\") pod \"fdc09348-b759-4339-b822-03d93ae49fe6\" (UID: \"fdc09348-b759-4339-b822-03d93ae49fe6\") "
2025-01-30 18:32:48,726 INFO c.h.h.t.HelmChartContainer - [K3S] [reconciler_common.go:162] "operationExecutor.UnmountVolume started for volume \"kube-api-access-ck56z\" (UniqueName: \"kubernetes.io/projected/fdc09348-b759-4339-b822-03d93ae49fe6-kube-api-access-ck56z\") pod \"fdc09348-b759-4339-b822-03d93ae49fe6\" (UID: \"fdc09348-b759-4339-b822-03d93ae49fe6\") "
2025-01-30 18:32:48,727 INFO c.h.h.t.HelmChartContainer - [K3S] [reconciler_common.go:162] "operationExecutor.UnmountVolume started for volume \"pod-info\" (UniqueName: \"kubernetes.io/configmap/fdc09348-b759-4339-b822-03d93ae49fe6-pod-info\") pod \"fdc09348-b759-4339-b822-03d93ae49fe6\" (UID: \"fdc09348-b759-4339-b822-03d93ae49fe6\") "
2025-01-30 18:32:48,727 INFO c.h.h.t.HelmChartContainer - [K3S] [reconciler_common.go:162] "operationExecutor.UnmountVolume started for volume \"broker-configuration\" (UniqueName: \"kubernetes.io/configmap/fdc09348-b759-4339-b822-03d93ae49fe6-broker-configuration\") pod \"fdc09348-b759-4339-b822-03d93ae49fe6\" (UID: \"fdc09348-b759-4339-b822-03d93ae49fe6\") "
2025-01-30 18:32:48,768 INFO c.h.h.t.HelmChartContainer - [K3S] [scope.go:117] "RemoveContainer" containerID="f25816697b6fe65db29337761af4ca84b0b6c75fdc7b9e5b7cad4c38442c720a"
2025-01-30 18:32:48,783 INFO c.h.h.t.HelmChartContainer - [POD] test-hivemq-platform-0 [fdc09348-b759-4339-b822-03d93ae49fe6] in helmcustomlogbackit was MODIFIED
2025-01-30 18:32:48,786 INFO c.h.h.t.HelmChartContainer - [POD] test-hivemq-platform-0 [fdc09348-b759-4339-b822-03d93ae49fe6] in helmcustomlogbackit was DELETED
2025-01-30 18:32:48,825 INFO c.h.h.t.HelmChartContainer - [K3S] [reconciler_common.go:299] "Volume detached for volume \"operator-init\" (UniqueName: \"kubernetes.io/empty-dir/fdc09348-b759-4339-b822-03d93ae49fe6-operator-init\") on node \"fa9d92da3b04\" DevicePath \"\""
2025-01-30 18:32:48,825 INFO c.h.h.t.HelmChartContainer - [K3S] [reconciler_common.go:299] "Volume detached for volume \"kube-api-access-ck56z\" (UniqueName: \"kubernetes.io/projected/fdc09348-b759-4339-b822-03d93ae49fe6-kube-api-access-ck56z\") on node \"fa9d92da3b04\" DevicePath \"\""
2025-01-30 18:32:48,825 INFO c.h.h.t.HelmChartContainer - [K3S] [reconciler_common.go:299] "Volume detached for volume \"pod-info\" (UniqueName: \"kubernetes.io/configmap/fdc09348-b759-4339-b822-03d93ae49fe6-pod-info\") on node \"fa9d92da3b04\" DevicePath \"\""
2025-01-30 18:32:48,825 INFO c.h.h.t.HelmChartContainer - [K3S] [reconciler_common.go:299] "Volume detached for volume \"broker-configuration\" (UniqueName: \"kubernetes.io/configmap/fdc09348-b759-4339-b822-03d93ae49fe6-broker-configuration\") on node \"fa9d92da3b04\" DevicePath \"\""
2025-01-30 18:32:48,867 INFO c.h.h.t.HelmChartContainer - [K3S] [scope.go:117] "RemoveContainer" containerID="686dcda8dd4eba3094c5dd5879fd1e196236c36bb3e9aa347d22ad1148a3bc77"
2025-01-30 18:32:48,870 INFO c.h.h.t.HelmChartContainer - [K3S] [scope.go:117] "RemoveContainer" containerID="f25816697b6fe65db29337761af4ca84b0b6c75fdc7b9e5b7cad4c38442c720a"
2025-01-30 18:32:48,871 INFO c.h.h.t.HelmChartContainer - [K3S] [scope.go:117] "RemoveContainer" containerID="686dcda8dd4eba3094c5dd5879fd1e196236c36bb3e9aa347d22ad1148a3bc77"
2025-01-30 18:32:49,308 INFO c.h.h.t.HelmChartContainer - [K3S] [kubelet_volumes.go:163] "Cleaned up orphaned pod volumes dir" podUID="fdc09348-b759-4339-b822-03d93ae49fe6" path="/var/lib/kubelet/pods/fdc09348-b759-4339-b822-03d93ae49fe6/volumes"
2025-01-30 18:32:52,825 INFO c.h.h.t.HelmChartContainer - [K3S] [INFO] COMPACT compactRev=0 targetCompactRev=2 currentRev=1183
2025-01-30 18:32:52,825 INFO c.h.h.t.HelmChartContainer - [K3S] [INFO] COMPACT deleted 0 rows from 2 revisions in 484.325µs - compacted to 2/1183
2025-01-30 18:32:52,825 INFO c.h.h.t.HelmChartContainer - [K3S] [INFO] COMPACT compacted from 0 to 2 in 1 transactions over 1ms
2025-01-30 18:32:53,803 INFO c.h.h.t.HelmChartContainer - Namespace 'helmcustomlogbackit' deleted
2025-01-30 18:32:53,803 INFO c.h.h.t.HelmChartContainer - Release 'test-hivemq-platform' in namespace 'helmcustomlogbackit' is uninstalled
2025-01-30 18:32:53,803 INFO c.h.h.t.HelmChartContainer - Uninstalling release 'test-hivemq-platform-operator' in namespace 'helmcustomlogbackit-operator'...
2025-01-30 18:32:53,803 DEBUG c.h.h.t.HelmChartContainer - Executing helm command: /bin/helm --kubeconfig /etc/rancher/k3s/k3s.yaml uninstall test-hivemq-platform-operator  --wait --timeout 5m0s --cascade foreground --namespace helmcustomlogbackit-operator
2025-01-30 18:32:53,977 INFO c.h.h.t.HelmChartContainer - [K3S] [replica_set.go:679] "Finished syncing" kind="ReplicaSet" key="helmcustomlogbackit-operator/hivemq-test-hivemq-platform-operator-6966f96d65" duration="9.64571ms"
2025-01-30 18:32:53,978 INFO c.h.h.t.HelmChartContainer - [K3S] [replica_set.go:679] "Finished syncing" kind="ReplicaSet" key="helmcustomlogbackit-operator/hivemq-test-hivemq-platform-operator-6966f96d65" duration="36.788µs"
2025-01-30 18:32:53,993 INFO c.h.h.t.HelmChartContainer - [POD] hivemq-test-hivemq-platform-operator-6966f96d65-hwhkd [88b5ad08-976a-4f7d-a1fd-011a1f39b0ab] in helmcustomlogbackit-operator was MODIFIED
2025-01-30 18:32:53,999 INFO c.h.h.t.HelmChartContainer - [EVENT] Normal [Killing] Stopping container hivemq-platform-operator [helmcustomlogbackit-operator:hivemq-test-hivemq-platform-operator-6966f96d65-hwhkd]
2025-01-30 18:32:53,999 INFO c.h.h.t.HelmChartContainer - Received Killing event for container hivemq-platform-operator in pod hivemq-test-hivemq-platform-operator-6966f96d65-hwhkd [88b5ad08-976a-4f7d-a1fd-011a1f39b0ab]
2025-01-30 18:32:53,999 INFO c.h.h.t.HelmChartContainer - Container [hivemq-test-hivemq-platform-operator-6966f96d65-hwhkd] [hivemq-platform-operator] [88b5ad08-976a-4f7d-a1fd-011a1f39b0ab] was terminated
2025-01-30 18:32:53,999 INFO c.h.h.t.HelmChartContainer - Stopped log watcher for hivemq-platform-operator in pod hivemq-test-hivemq-platform-operator-6966f96d65-hwhkd [88b5ad08-976a-4f7d-a1fd-011a1f39b0ab]
2025-01-30 18:32:54,002 INFO c.h.h.t.HelmChartContainer - [K3S] [replica_set.go:679] "Finished syncing" kind="ReplicaSet" key="helmcustomlogbackit-operator/hivemq-test-hivemq-platform-operator-6966f96d65" duration="14.625209ms"
2025-01-30 18:32:54,002 INFO c.h.h.t.HelmChartContainer - [K3S] [replica_set.go:679] "Finished syncing" kind="ReplicaSet" key="helmcustomlogbackit-operator/hivemq-test-hivemq-platform-operator-6966f96d65" duration="36.829µs"
2025-01-30 18:32:54,004 INFO c.h.h.t.HelmChartContainer - [hivemq-test-hivemq-platform] [hivemq-platform-operator] [88b5ad08] 18:32:53.998 [application-shutdown-thread] INFO  c.h.p.o.HiveMQPlatformOperatorApplication - HiveMQ Platform Operator is stopping...
2025-01-30 18:32:54,005 INFO c.h.h.t.HelmChartContainer - [hivemq-test-hivemq-platform] [hivemq-platform-operator] [88b5ad08] 18:32:53.999 [application-shutdown-thread] INFO  i.javaoperatorsdk.operator.Operator - Operator SDK 4.9.7 is shutting down...
2025-01-30 18:32:54,631 INFO c.h.h.t.HelmChartContainer - [K3S] [replica_set.go:679] "Finished syncing" kind="ReplicaSet" key="helmcustomlogbackit-operator/hivemq-test-hivemq-platform-operator-6966f96d65" duration="41.678µs"
2025-01-30 18:32:54,632 INFO c.h.h.t.HelmChartContainer - [POD] hivemq-test-hivemq-platform-operator-6966f96d65-hwhkd [88b5ad08-976a-4f7d-a1fd-011a1f39b0ab] in helmcustomlogbackit-operator was MODIFIED
2025-01-30 18:32:54,760 INFO c.h.h.t.HelmChartContainer - [K3S] [reconciler_common.go:162] "operationExecutor.UnmountVolume started for volume \"kube-api-access-lqbcd\" (UniqueName: \"kubernetes.io/projected/88b5ad08-976a-4f7d-a1fd-011a1f39b0ab-kube-api-access-lqbcd\") pod \"88b5ad08-976a-4f7d-a1fd-011a1f39b0ab\" (UID: \"88b5ad08-976a-4f7d-a1fd-011a1f39b0ab\") "
2025-01-30 18:32:54,777 INFO c.h.h.t.HelmChartContainer - [K3S] [scope.go:117] "RemoveContainer" containerID="65fd8b426622a6421a6140c8934764380239e4d486bdcfd607fcc05c4efc3538"
2025-01-30 18:32:54,781 INFO c.h.h.t.HelmChartContainer - [K3S] [scope.go:117] "RemoveContainer" containerID="65fd8b426622a6421a6140c8934764380239e4d486bdcfd607fcc05c4efc3538"
2025-01-30 18:32:54,789 INFO c.h.h.t.HelmChartContainer - [K3S] [replica_set.go:679] "Finished syncing" kind="ReplicaSet" key="helmcustomlogbackit-operator/hivemq-test-hivemq-platform-operator-6966f96d65" duration="42.519µs"
2025-01-30 18:32:54,790 INFO c.h.h.t.HelmChartContainer - [POD] hivemq-test-hivemq-platform-operator-6966f96d65-hwhkd [88b5ad08-976a-4f7d-a1fd-011a1f39b0ab] in helmcustomlogbackit-operator was MODIFIED
2025-01-30 18:32:54,792 INFO c.h.h.t.HelmChartContainer - [K3S] [replica_set.go:679] "Finished syncing" kind="ReplicaSet" key="helmcustomlogbackit-operator/hivemq-test-hivemq-platform-operator-6966f96d65" duration="32.451µs"
2025-01-30 18:32:54,793 INFO c.h.h.t.HelmChartContainer - [POD] hivemq-test-hivemq-platform-operator-6966f96d65-hwhkd [88b5ad08-976a-4f7d-a1fd-011a1f39b0ab] in helmcustomlogbackit-operator was DELETED
2025-01-30 18:32:54,803 INFO c.h.h.t.HelmChartContainer - [K3S] [replica_set.go:679] "Finished syncing" kind="ReplicaSet" key="helmcustomlogbackit-operator/hivemq-test-hivemq-platform-operator-6966f96d65" duration="5.891µs"
2025-01-30 18:32:54,860 INFO c.h.h.t.HelmChartContainer - [K3S] [reconciler_common.go:299] "Volume detached for volume \"kube-api-access-lqbcd\" (UniqueName: \"kubernetes.io/projected/88b5ad08-976a-4f7d-a1fd-011a1f39b0ab-kube-api-access-lqbcd\") on node \"fa9d92da3b04\" DevicePath \"\""
2025-01-30 18:32:55,308 INFO c.h.h.t.HelmChartContainer - [K3S] [kubelet_volumes.go:163] "Cleaned up orphaned pod volumes dir" podUID="88b5ad08-976a-4f7d-a1fd-011a1f39b0ab" path="/var/lib/kubelet/pods/88b5ad08-976a-4f7d-a1fd-011a1f39b0ab/volumes"
2025-01-30 18:32:55,316 INFO c.h.h.t.HelmChartContainer - [K3S] [info.go:53] Couldn't collect info from any of the files in "/etc/machine-id,/var/lib/dbus/machine-id"
2025-01-30 18:32:56,020 INFO c.h.h.t.HelmChartContainer - Deleting namespace 'helmcustomlogbackit-operator'...
2025-01-30 18:32:58,766 INFO c.h.h.t.HelmChartContainer - [K3S] [namespace_controller.go:187] "Namespace has been deleted" namespace="helmcustomlogbackit"
2025-01-30 18:33:01,234 INFO c.h.h.t.HelmChartContainer - Namespace 'helmcustomlogbackit-operator' deleted
2025-01-30 18:33:01,234 INFO c.h.h.t.HelmChartContainer - Release 'test-hivemq-platform-operator' in namespace 'helmcustomlogbackit-operator' is uninstalled
2025-01-30 18:33:01,780 INFO c.h.helmcharts.AbstractHelmChartIT - Removed unused containers:

2025-01-30 18:33:06,140 INFO c.h.h.t.HelmChartContainer - [K3S] [namespace_controller.go:187] "Namespace has been deleted" namespace="helmcustomlogbackit-operator"
2025-01-30 18:33:09,247 INFO c.h.helmcharts.AbstractHelmChartIT - Removed unused snapshots:
Removing snapshot sha256:03af251906410714c5aef9fa705b63f6bbc39c4a5e787de7361eeb18886c2ed2
Removing snapshot sha256:0c46b3b43cce082ce5ec34ffc6c294e0417d17b9d1e6f366d114b6aadc4f96dc
Removing snapshot sha256:0ce761beee59082d6ed5bcebd3a805b8ddd9b3426b617e4809e7fb7c6587ffec
Removing snapshot sha256:0df91287303208332c8ff6ba40ae4710105201739addbfbddfb955f1ad593664
Removing snapshot sha256:1021ef88c7974bfff89c5a0ec4fd3160daac6c48a075f74cff721f85dd104e68
Removing snapshot sha256:10aba4953ddc18145dd38e3704709bc464aa20af60b56fe52caaff4b68411e62
Removing snapshot sha256:2573e0d8158209ed54ab25c87bcdcb00bd3d2539246960a3d592a1c599d70465
Removing snapshot sha256:362a8a37f8bbc31925a8146adcf7cf51f9882f5c1dcbef67c5baa03a297543c0
Removing snapshot sha256:3fa4ad33f0ddc8fd45b39b6b4640f82a3a83619606cd975bfe89d8710ad2d4cd
Removing snapshot sha256:43a7c979bbaba6838bc3102d6b10a1459f3ab050b87ccdfef84ef90cf43d3058
Removing snapshot sha256:4ab04491cdf0d3267f08206fe30bd48f49f94b9cab2f016d6739220f722a64af
Removing snapshot sha256:4b6068250e89c96f263060261819c7d912855bfbd64b3eb4c4a8483299b8c295
Removing snapshot sha256:4fcee255c844078be8f3abc45ced3842fdd13c75fdb83e003fcca19e88bc8357
Removing snapshot sha256:580e69a0a8034ede1921139bbd2bfb72a69ebf276d008281896c32dd8bf74775
Removing snapshot sha256:5d30ba46b27fe37484567ccc5242cadc78217b8da605f3f195ef25cbf7487904
Removing snapshot sha256:63ca1fbb43ae5034640e5e6cb3e083e05c290072c5366fcaa9d62435a4cced85
Removing snapshot sha256:67f702c6baae873bceb19487c8b1f27bd2b86077e4f2f0e480e6d60ab508b8f5
Removing snapshot sha256:6864348dd42806d552efdec384f1274be15e2d0c10ce44c1f04347af004c10a9
Removing snapshot sha256:6c7dee8f2c39b84b7dc2711c01d33de93514d9055499173e9290176fbe484b6c
Removing snapshot sha256:82753493a6d61ded36556292f02f31841a14c20d2f279f19eaad65afb661d5cd
Removing snapshot sha256:8a10d3db42c505ee0fcfa98417bdd7e39b304f6bcc0a06bb1b220797ff2cc63c
Removing snapshot sha256:8f06cd1a1bf0ab1414a26c1556db9c8170e55d5a3c23b6941d33d628971aa484
Removing snapshot sha256:a0904247e36a7726c03c71ee48f3e64462021c88dafeb13f37fdaf613b27f11c
Removing snapshot sha256:a21e5b12dbac529ad45d976eb9ce45c881f3bedcc500fb30aba1e52aa1813418
Removing snapshot sha256:b921e6c28969094157f9b8e7244677780319637afd14450b7cb6b2fdea558a0c
Removing snapshot sha256:bc27ecb5769a00e309cf99ebc763c4a4b958b618d1decc96ffac5bc05f02f5b7
Removing snapshot sha256:be3ccb6627a5332e309d45ef461d09b4879dd870c7394d89323d0ebc6ca6aa8a
Removing snapshot sha256:c261f7cbbc64211ee175ee47273acdb7b1a36a4450b397a064a8f2c026490095
Removing snapshot sha256:c34d9393647eea0c9e3557ab988efaf59f61d10a2a5613b439ef0958cca5ec10
Removing snapshot sha256:ccf3c4a0fa967a41c1c83497a2ce6fa5787965859df0adb32c4ca2cf7490bc2b
Removing snapshot sha256:cf92d33f869417309692088c341cd0f223c178ea78a125f757317b22aa8f90e9
Removing snapshot sha256:d0037344cf2fb078884f1849f6a1f8cf9a33a3b6139b6a85833e5ee528e1f9a8
Removing snapshot sha256:d3b36d5b79273b1e98e7700470eaeff05a882e777124d84cebcc1505b85ecb36
Removing snapshot sha256:d65a44a37914602d12c611e5e22a50f11451d847e63015cc1c2aef92dee777a4
Removing snapshot sha256:e2dc0bae2455930f23ae570e019b7f32edc75c0f2d71cab084db837ff9051796
Removing snapshot sha256:eccbd24a99c60cd9e86ee5305dbfc4a4dc89f5ab4fb1f06c8d64797cecedef34
Removing snapshot sha256:f144bb4c7c7f0d2aa7eeffd36d934ec40db1ee167be727e326aad9fdc616f475

]]></system-out>
  </testcase>
  <system-out><![CDATA[2025-01-30 18:31:30,207 INFO c.h.h.t.HelmChartContainerExtension - Using cached HelmChartContainer instance
]]></system-out>
  <system-err><![CDATA[]]></system-err>
</testsuite>
