<?xml version="1.0" encoding="UTF-8"?>
<testsuite name="com.hivemq.helmcharts.containers.HelmAdditionalContainersIT" tests="1" skipped="0" failures="0" errors="0" timestamp="2025-03-07T18:46:59" hostname="fv-az1701-986" time="103.916">
  <properties/>
  <testcase name="whenAdditionalContainer_withConsulTemplate_thenLicenseUpdated()" classname="com.hivemq.helmcharts.containers.HelmAdditionalContainersIT" time="103.916"/>
</testsuite>
