<?xml version="1.0" encoding="UTF-8"?>
<testsuite name="com.hivemq.helmcharts.operator.CustomOperatorSelectorIT" tests="1" skipped="0" failures="0" errors="0" timestamp="2025-05-16T15:24:48" hostname="fv-az791-497" time="85.178">
  <properties/>
  <testcase name="whenOperatorSelectorIsConfigured_thenOnlyMatchingCustomResourcesAreReconciled()" classname="com.hivemq.helmcharts.operator.CustomOperatorSelectorIT" time="85.178"/>
</testsuite>
