<?xml version="1.0" encoding="UTF-8"?>
<testsuite name="com.hivemq.helmcharts.platform.UpdateLogLevelIT" tests="2" skipped="0" failures="0" errors="0" timestamp="2025-02-11T11:37:49" hostname="fv-az1945-179" time="290.321">
  <properties/>
  <testcase name="1 withNamespaces: true" classname="com.hivemq.helmcharts.platform.UpdateLogLevelIT" time="146.537"/>
  <testcase name="2 withNamespaces: false" classname="com.hivemq.helmcharts.platform.UpdateLogLevelIT" time="143.783"/>
</testsuite>
