<?xml version="1.0" encoding="UTF-8"?>
<testsuite name="com.hivemq.helmcharts.platform.HelmRollingUpgradePlatformIT" tests="1" skipped="0" failures="0" errors="0" timestamp="2025-01-29T17:05:16" hostname="fv-az1910-634" time="242.078">
  <properties/>
  <testcase name="withPreviousPlatformInstalled_upgradeToLatestChartVersion()" classname="com.hivemq.helmcharts.platform.HelmRollingUpgradePlatformIT" time="242.078">
    <system-out><![CDATA[2025-01-29 17:05:16,698 INFO c.h.h.t.HelmChartContainer - Creating namespace 'helmrollingupgradeplatformit-operator'...
2025-01-29 17:05:16,704 INFO c.h.h.t.HelmChartContainer - Namespace 'helmrollingupgradeplatformit-operator' created
2025-01-29 17:05:16,705 INFO c.h.h.t.HelmChartContainer - Creating namespace 'helmrollingupgradeplatformit'...
2025-01-29 17:05:16,714 INFO c.h.h.t.HelmChartContainer - Namespace 'helmrollingupgradeplatformit' created
2025-01-29 17:05:16,781 DEBUG c.h.h.t.HelmChartContainer - Executing helm command: /bin/helm --kubeconfig /etc/rancher/k3s/k3s.yaml install test-hivemq-platform-operator /charts/hivemq-platform-operator --wait --timeout 5m0s --set image.repository=docker.io/hivemq --set image.name=hivemq-platform-operator-test --set image.initImageName=hivemq-platform-operator-init-test --set image.tag=snapshot --set image.pullPolicy=Never --set logLevel=DEBUG --set resources.cpu=512m --namespace helmrollingupgradeplatformit-operator
2025-01-29 17:05:17,080 INFO c.h.h.t.HelmChartContainer - [K3S] [alloc.go:330] "allocated clusterIPs" service="helmrollingupgradeplatformit-operator/hivemq-platform-operator-test-hivemq-platform-operator" clusterIPs={"IPv4":"10.43.181.62"}
2025-01-29 17:05:17,113 INFO c.h.h.t.HelmChartContainer - [EVENT] Normal [ScalingReplicaSet] Scaled up replica set hivemq-test-hivemq-platform-operator-6966f96d65 from 0 to 1 [helmrollingupgradeplatformit-operator:hivemq-test-hivemq-platform-operator]
2025-01-29 17:05:17,118 INFO c.h.h.t.HelmChartContainer - [POD] hivemq-test-hivemq-platform-operator-6966f96d65-tnvpc [1420f2b2-914e-44ff-b8fb-6af813a37b80] in helmrollingupgradeplatformit-operator was ADDED
2025-01-29 17:05:17,123 INFO c.h.h.t.HelmChartContainer - [K3S] [memory_manager.go:355] "RemoveStaleState removing state" podUID="66fb3642-84c8-45c6-a20a-a1f7691f34be" containerName="hivemq-platform-operator"
2025-01-29 17:05:17,123 INFO c.h.h.t.HelmChartContainer - [K3S] [memory_manager.go:355] "RemoveStaleState removing state" podUID="5e5a6fe0-cf51-45bd-ac80-f83de6e5ece7" containerName="hivemq"
2025-01-29 17:05:17,123 INFO c.h.h.t.HelmChartContainer - [POD] hivemq-test-hivemq-platform-operator-6966f96d65-tnvpc [1420f2b2-914e-44ff-b8fb-6af813a37b80] in helmrollingupgradeplatformit-operator was MODIFIED
2025-01-29 17:05:17,127 INFO c.h.h.t.HelmChartContainer - [EVENT] Normal [SuccessfulCreate] Created pod: hivemq-test-hivemq-platform-operator-6966f96d65-tnvpc [helmrollingupgradeplatformit-operator:hivemq-test-hivemq-platform-operator-6966f96d65]
2025-01-29 17:05:17,128 INFO c.h.h.t.HelmChartContainer - [K3S] [replica_set.go:679] "Finished syncing" kind="ReplicaSet" key="helmrollingupgradeplatformit-operator/hivemq-test-hivemq-platform-operator-6966f96d65" duration="19.731623ms"
2025-01-29 17:05:17,131 INFO c.h.h.t.HelmChartContainer - [EVENT] Normal [Scheduled] Successfully assigned helmrollingupgradeplatformit-operator/hivemq-test-hivemq-platform-operator-6966f96d65-tnvpc to 28b958d3512c [helmrollingupgradeplatformit-operator:hivemq-test-hivemq-platform-operator-6966f96d65-tnvpc]
2025-01-29 17:05:17,133 INFO c.h.h.t.HelmChartContainer - [K3S] [replica_set.go:679] "Finished syncing" kind="ReplicaSet" key="helmrollingupgradeplatformit-operator/hivemq-test-hivemq-platform-operator-6966f96d65" duration="6.376609ms"
2025-01-29 17:05:17,136 INFO c.h.h.t.HelmChartContainer - [K3S] [replica_set.go:679] "Finished syncing" kind="ReplicaSet" key="helmrollingupgradeplatformit-operator/hivemq-test-hivemq-platform-operator-6966f96d65" duration="57.527µs"
2025-01-29 17:05:17,136 INFO c.h.h.t.HelmChartContainer - [K3S] [replica_set.go:679] "Finished syncing" kind="ReplicaSet" key="helmrollingupgradeplatformit-operator/hivemq-test-hivemq-platform-operator-6966f96d65" duration="32.881µs"
2025-01-29 17:05:17,137 INFO c.h.h.t.HelmChartContainer - [POD] hivemq-test-hivemq-platform-operator-6966f96d65-tnvpc [1420f2b2-914e-44ff-b8fb-6af813a37b80] in helmrollingupgradeplatformit-operator was MODIFIED
2025-01-29 17:05:17,190 INFO c.h.h.t.HelmChartContainer - [K3S] [reconciler_common.go:251] "operationExecutor.VerifyControllerAttachedVolume started for volume \"kube-api-access-d4pf4\" (UniqueName: \"kubernetes.io/projected/1420f2b2-914e-44ff-b8fb-6af813a37b80-kube-api-access-d4pf4\") pod \"hivemq-test-hivemq-platform-operator-6966f96d65-tnvpc\" (UID: \"1420f2b2-914e-44ff-b8fb-6af813a37b80\") " pod="helmrollingupgradeplatformit-operator/hivemq-test-hivemq-platform-operator-6966f96d65-tnvpc"
2025-01-29 17:05:17,512 INFO c.h.h.t.HelmChartContainer - [EVENT] Normal [Pulled] Container image "docker.io/hivemq/hivemq-platform-operator-test:snapshot" already present on machine [helmrollingupgradeplatformit-operator:hivemq-test-hivemq-platform-operator-6966f96d65-tnvpc]
2025-01-29 17:05:17,513 INFO c.h.h.t.HelmChartContainer - Received Pulled event for container hivemq-platform-operator in pod hivemq-test-hivemq-platform-operator-6966f96d65-tnvpc [1420f2b2-914e-44ff-b8fb-6af813a37b80]
2025-01-29 17:05:18,753 INFO c.h.h.t.HelmChartContainer - [EVENT] Normal [Created] Created container: hivemq-platform-operator [helmrollingupgradeplatformit-operator:hivemq-test-hivemq-platform-operator-6966f96d65-tnvpc]
2025-01-29 17:05:18,753 INFO c.h.h.t.HelmChartContainer - Received Created event for container hivemq-platform-operator in pod hivemq-test-hivemq-platform-operator-6966f96d65-tnvpc [1420f2b2-914e-44ff-b8fb-6af813a37b80]
2025-01-29 17:05:19,755 INFO c.h.h.t.HelmChartContainer - [K3S] [replica_set.go:679] "Finished syncing" kind="ReplicaSet" key="helmrollingupgradeplatformit-operator/hivemq-test-hivemq-platform-operator-6966f96d65" duration="39.133µs"
2025-01-29 17:05:19,755 INFO c.h.h.t.HelmChartContainer - [POD] hivemq-test-hivemq-platform-operator-6966f96d65-tnvpc [1420f2b2-914e-44ff-b8fb-6af813a37b80] in helmrollingupgradeplatformit-operator was MODIFIED
2025-01-29 17:05:19,765 INFO c.h.h.t.HelmChartContainer - Started log watcher for hivemq-platform-operator in pod hivemq-test-hivemq-platform-operator-6966f96d65-tnvpc [1420f2b2-914e-44ff-b8fb-6af813a37b80]
2025-01-29 17:05:19,765 INFO c.h.h.t.HelmChartContainer - [EVENT] Normal [Started] Started container hivemq-platform-operator [helmrollingupgradeplatformit-operator:hivemq-test-hivemq-platform-operator-6966f96d65-tnvpc]
2025-01-29 17:05:19,765 INFO c.h.h.t.HelmChartContainer - Received Started event for container hivemq-platform-operator in pod hivemq-test-hivemq-platform-operator-6966f96d65-tnvpc [1420f2b2-914e-44ff-b8fb-6af813a37b80]
2025-01-29 17:05:19,767 INFO c.h.h.t.HelmChartContainer - [hivemq-test-hivemq-platform] [hivemq-platform-operator] [1420f2b2] -------------------------------------------------------------------------
2025-01-29 17:05:19,767 INFO c.h.h.t.HelmChartContainer - [hivemq-test-hivemq-platform] [hivemq-platform-operator] [1420f2b2] 
2025-01-29 17:05:19,767 INFO c.h.h.t.HelmChartContainer - [hivemq-test-hivemq-platform] [hivemq-platform-operator] [1420f2b2]                   _    _  _              __  __   ____
2025-01-29 17:05:19,767 INFO c.h.h.t.HelmChartContainer - [hivemq-test-hivemq-platform] [hivemq-platform-operator] [1420f2b2]                  | |  | |(_)            |  \/  | / __ \
2025-01-29 17:05:19,767 INFO c.h.h.t.HelmChartContainer - [hivemq-test-hivemq-platform] [hivemq-platform-operator] [1420f2b2]                  | |__| | _ __   __ ___ | \  / || |  | |
2025-01-29 17:05:19,767 INFO c.h.h.t.HelmChartContainer - [hivemq-test-hivemq-platform] [hivemq-platform-operator] [1420f2b2]                  |  __  || |\ \ / // _ \| |\/| || |  | |
2025-01-29 17:05:19,767 INFO c.h.h.t.HelmChartContainer - [hivemq-test-hivemq-platform] [hivemq-platform-operator] [1420f2b2]                  | |  | || | \ V /|  __/| |  | || |__| |
2025-01-29 17:05:19,767 INFO c.h.h.t.HelmChartContainer - [hivemq-test-hivemq-platform] [hivemq-platform-operator] [1420f2b2]                  |_|  |_||_|  \_/  \___||_|  |_| \___\_\
2025-01-29 17:05:19,767 INFO c.h.h.t.HelmChartContainer - [hivemq-test-hivemq-platform] [hivemq-platform-operator] [1420f2b2] 
2025-01-29 17:05:19,767 INFO c.h.h.t.HelmChartContainer - [hivemq-test-hivemq-platform] [hivemq-platform-operator] [1420f2b2] -------------------------------------------------------------------------
2025-01-29 17:05:19,767 INFO c.h.h.t.HelmChartContainer - [hivemq-test-hivemq-platform] [hivemq-platform-operator] [1420f2b2] 
2025-01-29 17:05:19,767 INFO c.h.h.t.HelmChartContainer - [hivemq-test-hivemq-platform] [hivemq-platform-operator] [1420f2b2]   HiveMQ Platform Operator Start Script v1.0
2025-01-29 17:05:19,767 INFO c.h.h.t.HelmChartContainer - [hivemq-test-hivemq-platform] [hivemq-platform-operator] [1420f2b2] 
2025-01-29 17:05:19,767 INFO c.h.h.t.HelmChartContainer - [hivemq-test-hivemq-platform] [hivemq-platform-operator] [1420f2b2] -------------------------------------------------------------------------
2025-01-29 17:05:19,767 INFO c.h.h.t.HelmChartContainer - [hivemq-test-hivemq-platform] [hivemq-platform-operator] [1420f2b2] 
2025-01-29 17:05:19,767 INFO c.h.h.t.HelmChartContainer - [hivemq-test-hivemq-platform] [hivemq-platform-operator] [1420f2b2]   JAVA_OPTS: -XX:+UnlockExperimentalVMOptions -XX:InitialRAMPercentage=75 -XX:MaxRAMPercentage=75 -Duser.language=en -Duser.region=US
2025-01-29 17:05:19,767 INFO c.h.h.t.HelmChartContainer - [hivemq-test-hivemq-platform] [hivemq-platform-operator] [1420f2b2] 
2025-01-29 17:05:19,767 INFO c.h.h.t.HelmChartContainer - [hivemq-test-hivemq-platform] [hivemq-platform-operator] [1420f2b2]   JAVA_VERSION: 21
2025-01-29 17:05:19,767 INFO c.h.h.t.HelmChartContainer - [hivemq-test-hivemq-platform] [hivemq-platform-operator] [1420f2b2] 
2025-01-29 17:05:19,767 INFO c.h.h.t.HelmChartContainer - [hivemq-test-hivemq-platform] [hivemq-platform-operator] [1420f2b2] -------------------------------------------------------------------------
2025-01-29 17:05:19,767 INFO c.h.h.t.HelmChartContainer - [hivemq-test-hivemq-platform] [hivemq-platform-operator] [1420f2b2] 
2025-01-29 17:05:22,243 INFO c.h.h.t.HelmChartContainer - [hivemq-test-hivemq-platform] [hivemq-platform-operator] [1420f2b2] 17:05:22.240 [main] DEBUG org.jboss.logging - Logging Provider: org.jboss.logging.Slf4jLoggerProvider
2025-01-29 17:05:22,347 INFO c.h.h.t.HelmChartContainer - [hivemq-test-hivemq-platform] [hivemq-platform-operator] [1420f2b2] 17:05:22.346 [main] DEBUG io.smallrye.config - SRCFG01006: Loaded ConfigSource SysPropConfigSource with ordinal 400
2025-01-29 17:05:22,348 INFO c.h.h.t.HelmChartContainer - [hivemq-test-hivemq-platform] [hivemq-platform-operator] [1420f2b2] 17:05:22.346 [main] DEBUG io.smallrye.config - SRCFG01006: Loaded ConfigSource EnvConfigSource with ordinal 300
2025-01-29 17:05:22,348 INFO c.h.h.t.HelmChartContainer - [hivemq-test-hivemq-platform] [hivemq-platform-operator] [1420f2b2] 17:05:22.346 [main] DEBUG io.smallrye.config - SRCFG01006: Loaded ConfigSource PropertiesConfigSource[source=jar:file:///opt/hivemq-platform-operator/bin/hivemq-platform-operator.jar!/hivemq-platform-operator.properties] with ordinal 100
2025-01-29 17:05:22,348 INFO c.h.h.t.HelmChartContainer - [hivemq-test-hivemq-platform] [hivemq-platform-operator] [1420f2b2] 17:05:22.346 [main] DEBUG io.smallrye.config - SRCFG01006: Loaded ConfigSource DefaultValuesConfigSource with ordinal -2147483648
2025-01-29 17:05:22,448 INFO c.h.h.t.HelmChartContainer - [hivemq-test-hivemq-platform] [hivemq-platform-operator] [1420f2b2] 17:05:22.447 [main] DEBUG i.m.c.u.i.l.InternalLoggerFactory - Using SLF4J as the default logging framework
2025-01-29 17:05:22,622 INFO c.h.h.t.HelmChartContainer - [hivemq-test-hivemq-platform] [hivemq-platform-operator] [1420f2b2] 17:05:22.613 [main] INFO  c.h.p.o.HiveMQPlatformOperatorApplication - HiveMQ Platform Operator 1.7.0-SNAPSHOT (commit: 8465ebf on branch: HEAD) built on Wed Jan 29 16:56:31 UTC 2025
2025-01-29 17:05:22,638 INFO c.h.h.t.HelmChartContainer - [hivemq-test-hivemq-platform] [hivemq-platform-operator] [1420f2b2] 17:05:22.637 [main] INFO  c.h.p.o.HiveMQPlatformOperatorApplication - HiveMQ Platform Operator is running in namespace: helmrollingupgradeplatformit-operator
2025-01-29 17:05:22,639 INFO c.h.h.t.HelmChartContainer - [hivemq-test-hivemq-platform] [hivemq-platform-operator] [1420f2b2] 17:05:22.637 [main] INFO  c.h.p.o.HiveMQPlatformOperatorApplication - Watching all namespaces
2025-01-29 17:05:22,639 INFO c.h.h.t.HelmChartContainer - [hivemq-test-hivemq-platform] [hivemq-platform-operator] [1420f2b2] 17:05:22.637 [main] INFO  c.h.p.o.HiveMQPlatformOperatorApplication - Log level: DEBUG
2025-01-29 17:05:22,639 INFO c.h.h.t.HelmChartContainer - [hivemq-test-hivemq-platform] [hivemq-platform-operator] [1420f2b2] 17:05:22.638 [main] INFO  c.h.p.o.HiveMQPlatformOperatorApplication - Release name: test-hivemq-platform-operator
2025-01-29 17:05:22,639 INFO c.h.h.t.HelmChartContainer - [hivemq-test-hivemq-platform] [hivemq-platform-operator] [1420f2b2] 17:05:22.638 [main] INFO  c.h.p.o.HiveMQPlatformOperatorApplication - HiveMQ Platform Operator Init image: docker.io/hivemq/hivemq-platform-operator-init-test:snapshot
2025-01-29 17:05:22,639 INFO c.h.h.t.HelmChartContainer - [hivemq-test-hivemq-platform] [hivemq-platform-operator] [1420f2b2] 17:05:22.638 [main] INFO  c.h.p.o.HiveMQPlatformOperatorApplication - HiveMQ Platform Operator Init App update URL: http://hivemq-platform-operator-test-hivemq-platform-operator.helmrollingupgradeplatformit-operator.svc:8080/initAppUpdate/hivemq-platform-operator-init-app-1.7.0-SNAPSHOT.jar
2025-01-29 17:05:22,639 INFO c.h.h.t.HelmChartContainer - [hivemq-test-hivemq-platform] [hivemq-platform-operator] [1420f2b2] 17:05:22.638 [main] INFO  c.h.p.o.HiveMQPlatformOperatorApplication - Additional imagePullSecret for all Platform deployments: none
2025-01-29 17:05:22,639 INFO c.h.h.t.HelmChartContainer - [hivemq-test-hivemq-platform] [hivemq-platform-operator] [1420f2b2] 17:05:22.638 [main] INFO  c.h.p.o.HiveMQPlatformOperatorApplication - Apply HiveMQ Platform CRD: true
2025-01-29 17:05:22,639 INFO c.h.h.t.HelmChartContainer - [hivemq-test-hivemq-platform] [hivemq-platform-operator] [1420f2b2] 17:05:22.638 [main] INFO  c.h.p.o.HiveMQPlatformOperatorApplication - Create Platform ServiceAccount: true
2025-01-29 17:05:22,639 INFO c.h.h.t.HelmChartContainer - [hivemq-test-hivemq-platform] [hivemq-platform-operator] [1420f2b2] 17:05:22.638 [main] INFO  c.h.p.o.HiveMQPlatformOperatorApplication - Create Platform ServiceAccount permissions: true
2025-01-29 17:05:22,639 INFO c.h.h.t.HelmChartContainer - [hivemq-test-hivemq-platform] [hivemq-platform-operator] [1420f2b2] 17:05:22.638 [main] INFO  c.h.p.o.HiveMQPlatformOperatorApplication - Validate Platform ServiceAccount: true
2025-01-29 17:05:22,639 INFO c.h.h.t.HelmChartContainer - [hivemq-test-hivemq-platform] [hivemq-platform-operator] [1420f2b2] 17:05:22.638 [main] INFO  c.h.p.o.HiveMQPlatformOperatorApplication - Validate Platform ServiceAccount permissions: true
2025-01-29 17:05:22,816 INFO c.h.h.t.HelmChartContainer - [hivemq-test-hivemq-platform] [hivemq-platform-operator] [1420f2b2] 17:05:22.815 [main] INFO  c.h.platform.operator.util.CRDUtil - Verifying deployed HiveMQ Platform CRD...
2025-01-29 17:05:25,339 INFO c.h.h.t.HelmChartContainer - [hivemq-test-hivemq-platform] [hivemq-platform-operator] [1420f2b2] 17:05:25.338 [main] DEBUG c.h.platform.operator.util.CRDUtil - HiveMQ Platform CRD version v1 is up to date
2025-01-29 17:05:25,340 INFO c.h.h.t.HelmChartContainer - [hivemq-test-hivemq-platform] [hivemq-platform-operator] [1420f2b2] 17:05:25.338 [main] INFO  c.h.platform.operator.util.CRDUtil - HiveMQ Platform CRD is up to date (version: V1_6_0)
2025-01-29 17:05:25,340 INFO c.h.h.t.HelmChartContainer - [hivemq-test-hivemq-platform] [hivemq-platform-operator] [1420f2b2] 17:05:25.338 [main] INFO  c.h.platform.operator.util.CRDUtil - Waiting 10000 ms for HiveMQ Platform CRD 'hivemq-platforms.hivemq.com' to become ready...
2025-01-29 17:05:25,647 INFO c.h.h.t.HelmChartContainer - [hivemq-test-hivemq-platform] [hivemq-platform-operator] [1420f2b2] 17:05:25.644 [vert.x-eventloop-thread-1] DEBUG c.h.platform.operator.util.CRDUtil - Checking CRD condition 'NamesAccepted' (status: 'True')
2025-01-29 17:05:25,647 INFO c.h.h.t.HelmChartContainer - [hivemq-test-hivemq-platform] [hivemq-platform-operator] [1420f2b2] 17:05:25.645 [vert.x-eventloop-thread-1] DEBUG c.h.platform.operator.util.CRDUtil - Checking CRD condition 'Established' (status: 'True')
2025-01-29 17:05:25,648 INFO c.h.h.t.HelmChartContainer - [hivemq-test-hivemq-platform] [hivemq-platform-operator] [1420f2b2] 17:05:25.646 [main] INFO  c.h.platform.operator.util.CRDUtil - HiveMQ Platform CRD 'hivemq-platforms.hivemq.com' is ready
2025-01-29 17:05:25,840 INFO c.h.h.t.HelmChartContainer - [hivemq-test-hivemq-platform] [hivemq-platform-operator] [1420f2b2] 17:05:25.839 [main] INFO  c.h.p.o.HiveMQPlatformReconciler - HiveMQ Platform Operator is starting...
2025-01-29 17:05:25,939 INFO c.h.h.t.HelmChartContainer - [hivemq-test-hivemq-platform] [hivemq-platform-operator] [1420f2b2] 17:05:25.938 [main] WARN  Default ConfigurationService implementation - Configuration for reconciler 'hivemq-controller' was not found. Known reconcilers: None.
2025-01-29 17:05:25,946 INFO c.h.h.t.HelmChartContainer - [hivemq-test-hivemq-platform] [hivemq-platform-operator] [1420f2b2] 17:05:25.945 [main] INFO  Default ConfigurationService implementation - Created configuration for reconciler com.hivemq.platform.operator.HiveMQPlatformReconciler with name hivemq-controller
2025-01-29 17:05:26,049 INFO c.h.h.t.HelmChartContainer - [hivemq-test-hivemq-platform] [hivemq-platform-operator] [1420f2b2] 17:05:26.048 [main] DEBUG c.h.p.o.HiveMQPlatformReconciler - HiveMQ Platform Operator is preparing EventSources
2025-01-29 17:05:26,112 INFO c.h.h.t.HelmChartContainer - [hivemq-test-hivemq-platform] [hivemq-platform-operator] [1420f2b2] 17:05:26.111 [main] INFO  i.javaoperatorsdk.operator.Operator - Registered reconciler: 'hivemq-controller' for resource: 'class com.hivemq.platform.operator.v1.HiveMQPlatform' for namespace(s): [all namespaces]
2025-01-29 17:05:26,611 INFO c.h.h.t.HelmChartContainer - [hivemq-test-hivemq-platform] [hivemq-platform-operator] [1420f2b2] 17:05:26.610 [main] INFO  c.h.p.operator.webserver.JettyServer - Starting Jetty server on port 8080
2025-01-29 17:05:26,652 INFO c.h.h.t.HelmChartContainer - [hivemq-test-hivemq-platform] [hivemq-platform-operator] [1420f2b2] 17:05:26.651 [main] INFO  i.javaoperatorsdk.operator.Operator - Operator SDK 4.9.7 (commit: 2133d28) built on Wed Nov 20 12:56:20 UTC 2024 starting...
2025-01-29 17:05:26,652 INFO c.h.h.t.HelmChartContainer - [hivemq-test-hivemq-platform] [hivemq-platform-operator] [1420f2b2] 17:05:26.651 [main] INFO  i.javaoperatorsdk.operator.Operator - Client version: 6.13.5
2025-01-29 17:05:26,653 INFO c.h.h.t.HelmChartContainer - [hivemq-test-hivemq-platform] [hivemq-platform-operator] [1420f2b2] 17:05:26.653 [Controller Starter for: hivemq-controller] INFO  i.j.operator.processing.Controller - Starting 'hivemq-controller' controller for reconciler: com.hivemq.platform.operator.HiveMQPlatformReconciler, resource: com.hivemq.platform.operator.v1.HiveMQPlatform
2025-01-29 17:05:29,011 INFO c.h.h.t.HelmChartContainer - [hivemq-test-hivemq-platform] [hivemq-platform-operator] [1420f2b2] 17:05:29.009 [Controller Starter for: hivemq-controller] INFO  i.j.operator.processing.Controller - 'hivemq-controller' controller started
2025-01-29 17:05:29,011 INFO c.h.h.t.HelmChartContainer - [hivemq-test-hivemq-platform] [hivemq-platform-operator] [1420f2b2] 17:05:29.009 [main] INFO  c.h.p.o.HiveMQPlatformOperatorApplication - HiveMQ Platform Operator 1.7.0-SNAPSHOT started in 6396 ms
2025-01-29 17:05:31,761 INFO c.h.h.t.HelmChartContainer - [POD] hivemq-test-hivemq-platform-operator-6966f96d65-tnvpc [1420f2b2-914e-44ff-b8fb-6af813a37b80] in helmrollingupgradeplatformit-operator was MODIFIED
2025-01-29 17:05:31,765 INFO c.h.h.t.HelmChartContainer - [K3S] [replica_set.go:679] "Finished syncing" kind="ReplicaSet" key="helmrollingupgradeplatformit-operator/hivemq-test-hivemq-platform-operator-6966f96d65" duration="7.603961ms"
2025-01-29 17:05:31,765 INFO c.h.h.t.HelmChartContainer - [K3S] [replica_set.go:679] "Finished syncing" kind="ReplicaSet" key="helmrollingupgradeplatformit-operator/hivemq-test-hivemq-platform-operator-6966f96d65" duration="27.692µs"
2025-01-29 17:05:33,202 DEBUG c.h.h.t.HelmChartContainer - Executing helm command: /bin/helm --kubeconfig /etc/rancher/k3s/k3s.yaml search repo hivemq/hivemq-platform --versions --regexp *.HiveMQ Platform Helm Chart (new)* --output yaml
2025-01-29 17:05:33,287 INFO c.h.h.p.HelmRollingUpgradePlatformIT - Current platform chart: Chart{name='hivemq-platform', description='HiveMQ Platform Helm Chart (new)', appVersion='4.36.0', version=0.2.32}
2025-01-29 17:05:33,289 DEBUG c.h.h.t.HelmChartContainer - Executing helm command: /bin/helm --kubeconfig /etc/rancher/k3s/k3s.yaml search repo hivemq/hivemq-platform --versions --regexp *.HiveMQ Platform Helm Chart (new)* --output yaml
2025-01-29 17:05:33,375 INFO c.h.h.p.HelmRollingUpgradePlatformIT - Previous platform chart: Chart{name='hivemq/hivemq-platform', description='HiveMQ Platform Helm Chart (new)', appVersion='4.35.0', version=0.2.31}
2025-01-29 17:05:33,375 DEBUG c.h.h.t.HelmChartContainer - Executing helm command: /bin/helm --kubeconfig /etc/rancher/k3s/k3s.yaml install test-hivemq-platform hivemq/hivemq-platform --wait --timeout 5m0s --set nodes.resources.cpu=512m --set nodes.replicaCount=1 --version 0.2.31 --namespace helmrollingupgradeplatformit
2025-01-29 17:05:33,911 INFO c.h.h.t.HelmChartContainer - [hivemq-test-hivemq-platform] [hivemq-platform-operator] [1420f2b2] 17:05:33.910 [-2082509879-pool-1-thread-1] WARN  i.m.p.PrometheusMeterRegistry - The meter (MeterId{name='operator.sdk.events.received', tags=[tag(action=ADDED),tag(event=ResourceEvent),tag(group=hivemq.com),tag(kind=HiveMQPlatform),tag(name=test-hivemq-platform),tag(namespace=helmrollingupgradeplatformit),tag(scope=namespace),tag(version=v1)]}) registration has failed: Prometheus requires that all meters with the same name have the same set of tag keys. There is already an existing meter named 'operator.sdk.events.received' containing tag keys [event, group, kind, name, namespace, scope, version]. The meter you are attempting to register has keys [action, event, group, kind, name, namespace, scope, version]. Note that subsequent logs will be logged at debug level.
2025-01-29 17:05:34,341 INFO c.h.h.t.HelmChartContainer - [hivemq-test-hivemq-platform] [hivemq-platform-operator] [1420f2b2] 17:05:34.338 [pool-6-thread-3] DEBUG c.h.p.o.dependants.PodInfoConfigMap - [helmroll] Desired PodInfo ConfigMap (1 extensions) (1 enabled)
2025-01-29 17:05:34,341 INFO c.h.h.t.HelmChartContainer - [hivemq-test-hivemq-platform] [hivemq-platform-operator] [1420f2b2] 17:05:34.339 [pool-6-thread-3] DEBUG c.h.p.o.dependants.PodInfoConfigMap - [helmroll] Desired PodInfo ConfigMap (metrics port: 9399) (metrics path: /)
2025-01-29 17:05:34,341 INFO c.h.h.t.HelmChartContainer - [hivemq-test-hivemq-platform] [hivemq-platform-operator] [1420f2b2] 17:05:34.339 [pool-6-thread-3] DEBUG c.h.p.o.dependants.PodInfoConfigMap - [helmroll] Desired PodInfo ConfigMap (extension state hash: -1817474005)
2025-01-29 17:05:34,342 INFO c.h.h.t.HelmChartContainer - [hivemq-test-hivemq-platform] [hivemq-platform-operator] [1420f2b2] 17:05:34.341 [pool-6-thread-3] DEBUG c.h.p.o.dependants.PodInfoConfigMap - [helmroll] Create PodInfo ConfigMap
2025-01-29 17:05:34,445 INFO c.h.h.t.HelmChartContainer - [hivemq-test-hivemq-platform] [hivemq-platform-operator] [1420f2b2] 17:05:34.442 [pool-6-thread-5] DEBUG c.h.p.o.dependants.PodRoleResource - [helmroll] Create Role: Role(apiVersion=rbac.authorization.k8s.io/v1, kind=Role, metadata=ObjectMeta(annotations={meta.helm.sh/release-name=test-hivemq-platform, meta.helm.sh/release-namespace=helmrollingupgradeplatformit}, creationTimestamp=null, deletionGracePeriodSeconds=null, deletionTimestamp=null, finalizers=[], generateName=null, generation=null, labels={helm.sh/chart=hivemq-platform-0.2.31, app.kubernetes.io/managed-by=Helm, app.kubernetes.io/name=hivemq-platform, hivemq-platform=test-hivemq-platform, app.kubernetes.io/instance=test-hivemq-platform, app.kubernetes.io/version=4.35.0}, managedFields=[], name=hivemq-platform-role-test-hivemq-platform, namespace=helmrollingupgradeplatformit, ownerReferences=[OwnerReference(apiVersion=hivemq.com/v1, blockOwnerDeletion=null, controller=null, kind=HiveMQPlatform, name=test-hivemq-platform, uid=247ea2fe-9ef6-4148-a4d9-dc257222947d, additionalProperties={})], resourceVersion=null, selfLink=null, uid=null, additionalProperties={}), rules=[PolicyRule(apiGroups=[], nonResourceURLs=[], resourceNames=[], resources=[pods], verbs=[get, patch, update], additionalProperties={})], additionalProperties={})
2025-01-29 17:05:34,554 INFO c.h.h.t.HelmChartContainer - [hivemq-test-hivemq-platform] [hivemq-platform-operator] [1420f2b2] 17:05:34.551 [pool-6-thread-7] DEBUG c.h.p.o.d.PodServiceAccountResource - [helmroll] Desired PodServiceAccountResource (serviceAccountName: hivemq-platform-pod-test-hivemq-platform)
2025-01-29 17:05:34,554 INFO c.h.h.t.HelmChartContainer - [hivemq-test-hivemq-platform] [hivemq-platform-operator] [1420f2b2] 17:05:34.552 [pool-6-thread-7] DEBUG c.h.p.o.d.PodServiceAccountResource - [helmroll] Create ServiceAccount 'hivemq-platform-pod-test-hivemq-platform'
2025-01-29 17:05:34,747 INFO c.h.h.t.HelmChartContainer - [hivemq-test-hivemq-platform] [hivemq-platform-operator] [1420f2b2] 17:05:34.746 [pool-6-thread-10] DEBUG c.h.p.o.d.PodRoleBindingResource - [helmroll] Create RoleBinding: RoleBinding(apiVersion=rbac.authorization.k8s.io/v1, kind=RoleBinding, metadata=ObjectMeta(annotations={meta.helm.sh/release-name=test-hivemq-platform, meta.helm.sh/release-namespace=helmrollingupgradeplatformit}, creationTimestamp=null, deletionGracePeriodSeconds=null, deletionTimestamp=null, finalizers=[], generateName=null, generation=null, labels={helm.sh/chart=hivemq-platform-0.2.31, app.kubernetes.io/managed-by=Helm, app.kubernetes.io/name=hivemq-platform, hivemq-platform=test-hivemq-platform, app.kubernetes.io/instance=test-hivemq-platform, app.kubernetes.io/version=4.35.0}, managedFields=[], name=hivemq-platform-role-binding-test-hivemq-platform, namespace=helmrollingupgradeplatformit, ownerReferences=[OwnerReference(apiVersion=hivemq.com/v1, blockOwnerDeletion=null, controller=null, kind=HiveMQPlatform, name=test-hivemq-platform, uid=247ea2fe-9ef6-4148-a4d9-dc257222947d, additionalProperties={})], resourceVersion=null, selfLink=null, uid=null, additionalProperties={}), roleRef=RoleRef(apiGroup=rbac.authorization.k8s.io, kind=Role, name=hivemq-platform-role-test-hivemq-platform, additionalProperties={}), subjects=[Subject(apiGroup=null, kind=ServiceAccount, name=hivemq-platform-pod-test-hivemq-platform, namespace=helmrollingupgradeplatformit, additionalProperties={})], additionalProperties={})
2025-01-29 17:05:34,842 INFO c.h.h.t.HelmChartContainer - [hivemq-test-hivemq-platform] [hivemq-platform-operator] [1420f2b2] 17:05:34.841 [ReconcilerExecutor-hivemq-controller-52] INFO  c.h.p.o.HiveMQPlatformReconciler - [helmroll] Reconciling HiveMQ Platform 'test-hivemq-platform' in namespace 'helmrollingupgradeplatformit'
2025-01-29 17:05:34,842 INFO c.h.h.t.HelmChartContainer - [hivemq-test-hivemq-platform] [hivemq-platform-operator] [1420f2b2] 17:05:34.841 [ReconcilerExecutor-hivemq-controller-52] DEBUG c.h.p.o.HiveMQPlatformReconciler - [helmroll] Custom Resource Status CREATED - HiveMQ Platform was created (READY)
2025-01-29 17:05:34,843 INFO c.h.h.t.HelmChartContainer - [hivemq-test-hivemq-platform] [hivemq-platform-operator] [1420f2b2] 17:05:34.842 [ReconcilerExecutor-hivemq-controller-52] DEBUG c.h.p.o.HiveMQPlatformReconciler - [helmroll] Custom Resource Spec (replicas: 1) (extensions: 1)
2025-01-29 17:05:34,846 INFO c.h.h.t.HelmChartContainer - [hivemq-test-hivemq-platform] [hivemq-platform-operator] [1420f2b2] 17:05:34.846 [ReconcilerExecutor-hivemq-controller-52] INFO  c.h.p.o.h.HiveMQPlatformReconcilerBaseHandler - [helmroll] HiveMQ Platform is starting
2025-01-29 17:05:34,950 INFO c.h.h.t.HelmChartContainer - [hivemq-test-hivemq-platform] [hivemq-platform-operator] [1420f2b2] 17:05:34.949 [ReconcilerExecutor-hivemq-controller-52] DEBUG c.h.p.operator.event.EventSender - [helmroll] Creating K8s event hivemq-platform-starting: [Start] HiveMQ Platform is starting
2025-01-29 17:05:34,959 INFO c.h.h.t.HelmChartContainer - [EVENT] Normal [Start] HiveMQ Platform is starting [helmrollingupgradeplatformit:test-hivemq-platform]
2025-01-29 17:05:35,043 INFO c.h.h.t.HelmChartContainer - [hivemq-test-hivemq-platform] [hivemq-platform-operator] [1420f2b2] 17:05:35.040 [ReconcilerExecutor-hivemq-controller-52] INFO  c.h.p.o.h.AbstractHiveMQReconcilerStateHandler - [helmroll] Update HiveMQ Platform Status (CREATED [READY] -> STARTING [READY]): HiveMQ Platform is starting
2025-01-29 17:05:35,057 DEBUG com.hivemq.helmcharts.util.K8sUtil - Comparing actual state 'STARTING' and waiting for 'RUNNING'
2025-01-29 17:05:45,147 INFO c.h.h.t.HelmChartContainer - [hivemq-test-hivemq-platform] [hivemq-platform-operator] [1420f2b2] 17:05:45.145 [pool-6-thread-12] DEBUG c.h.p.o.d.PlatformServiceResource - [helmroll] Desired Platform services (3 services)
2025-01-29 17:05:45,148 INFO c.h.h.t.HelmChartContainer - [hivemq-test-hivemq-platform] [hivemq-platform-operator] [1420f2b2] 17:05:45.147 [pool-6-thread-13] DEBUG c.h.p.o.dependants.PodInfoConfigMap - [helmroll] Desired PodInfo ConfigMap (1 extensions) (1 enabled)
2025-01-29 17:05:45,149 INFO c.h.h.t.HelmChartContainer - [hivemq-test-hivemq-platform] [hivemq-platform-operator] [1420f2b2] 17:05:45.147 [pool-6-thread-13] DEBUG c.h.p.o.dependants.PodInfoConfigMap - [helmroll] Desired PodInfo ConfigMap (metrics port: 9399) (metrics path: /)
2025-01-29 17:05:45,149 INFO c.h.h.t.HelmChartContainer - [hivemq-test-hivemq-platform] [hivemq-platform-operator] [1420f2b2] 17:05:45.147 [pool-6-thread-13] DEBUG c.h.p.o.dependants.PodInfoConfigMap - [helmroll] Desired PodInfo ConfigMap (extension state hash: -1817474005)
2025-01-29 17:05:45,149 INFO c.h.h.t.HelmChartContainer - [hivemq-test-hivemq-platform] [hivemq-platform-operator] [1420f2b2] 17:05:45.148 [pool-6-thread-17] DEBUG c.h.p.o.d.PodServiceAccountResource - [helmroll] Desired PodServiceAccountResource (serviceAccountName: hivemq-platform-pod-test-hivemq-platform)
2025-01-29 17:05:45,157 INFO c.h.h.t.HelmChartContainer - [hivemq-test-hivemq-platform] [hivemq-platform-operator] [1420f2b2] 17:05:45.156 [pool-6-thread-13] DEBUG c.h.p.o.dependants.PodInfoConfigMap - [helmroll] Update PodInfo ConfigMap
2025-01-29 17:05:45,246 INFO c.h.h.t.HelmChartContainer - [K3S] [alloc.go:330] "allocated clusterIPs" service="helmrollingupgradeplatformit/hivemq-test-hivemq-platform-cc-8080" clusterIPs={"IPv4":"10.43.182.12"}
2025-01-29 17:05:45,262 INFO c.h.h.t.HelmChartContainer - [K3S] [alloc.go:330] "allocated clusterIPs" service="helmrollingupgradeplatformit/hivemq-test-hivemq-platform-metrics-9399" clusterIPs={"IPv4":"10.43.175.61"}
2025-01-29 17:05:45,348 INFO c.h.h.t.HelmChartContainer - [K3S] [alloc.go:330] "allocated clusterIPs" service="helmrollingupgradeplatformit/hivemq-test-hivemq-platform-mqtt-1883" clusterIPs={"IPv4":"10.43.79.15"}
2025-01-29 17:05:45,357 INFO c.h.h.t.HelmChartContainer - [hivemq-test-hivemq-platform] [hivemq-platform-operator] [1420f2b2] 17:05:45.355 [pool-6-thread-20] DEBUG c.h.p.o.d.StatefulSetResource - [helmroll] Desired StatefulSet (1 replicas) for status STARTING (READY)
2025-01-29 17:05:45,448 INFO c.h.h.t.HelmChartContainer - [hivemq-test-hivemq-platform] [hivemq-platform-operator] [1420f2b2] 17:05:45.447 [pool-6-thread-20] DEBUG c.h.p.o.d.StatefulSetResource - [helmroll] Create StatefulSet
2025-01-29 17:05:45,553 INFO c.h.h.t.HelmChartContainer - [hivemq-test-hivemq-platform] [hivemq-platform-operator] [1420f2b2] 17:05:45.551 [ReconcilerExecutor-hivemq-controller-64] INFO  c.h.p.o.HiveMQPlatformReconciler - [helmroll] Reconciling HiveMQ Platform 'test-hivemq-platform' in namespace 'helmrollingupgradeplatformit'
2025-01-29 17:05:45,553 INFO c.h.h.t.HelmChartContainer - [hivemq-test-hivemq-platform] [hivemq-platform-operator] [1420f2b2] 17:05:45.552 [ReconcilerExecutor-hivemq-controller-64] DEBUG c.h.p.o.HiveMQPlatformReconciler - [helmroll] Custom Resource Status STARTING - HiveMQ Platform is starting (READY)
2025-01-29 17:05:45,553 INFO c.h.h.t.HelmChartContainer - [hivemq-test-hivemq-platform] [hivemq-platform-operator] [1420f2b2] 17:05:45.552 [ReconcilerExecutor-hivemq-controller-64] DEBUG c.h.p.o.HiveMQPlatformReconciler - [helmroll] Custom Resource Spec (replicas: 1) (extensions: 1)
2025-01-29 17:05:45,564 INFO c.h.h.t.HelmChartContainer - [POD] test-hivemq-platform-0 [db0cd3b9-0a38-4516-83e1-3ca6931561c4] in helmrollingupgradeplatformit was ADDED
2025-01-29 17:05:45,565 INFO c.h.h.t.HelmChartContainer - [hivemq-test-hivemq-platform] [hivemq-platform-operator] [1420f2b2] 17:05:45.557 [ReconcilerExecutor-hivemq-controller-64] DEBUG c.h.p.o.HiveMQPlatformReconciler - [helmroll] StatefulSet Status (revision: null, replicas: 0, available: 0, ready: 0, current: 0, updated: 0)
2025-01-29 17:05:45,565 INFO c.h.h.t.HelmChartContainer - [hivemq-test-hivemq-platform] [hivemq-platform-operator] [1420f2b2] 17:05:45.557 [ReconcilerExecutor-hivemq-controller-64] DEBUG c.h.p.o.HiveMQPlatformReconciler - [helmroll] StatefulSet Spec (replicas: 1, init containers: 1, containers: 1, volumes: 3)
2025-01-29 17:05:45,565 INFO c.h.h.t.HelmChartContainer - [hivemq-test-hivemq-platform] [hivemq-platform-operator] [1420f2b2] 17:05:45.563 [ReconcilerExecutor-hivemq-controller-64] INFO  c.h.p.o.h.HiveMQPlatformReconcilerBaseHandler - [helmroll] HiveMQ Platform is starting, 0 of 1 replicas are ready
2025-01-29 17:05:45,565 INFO c.h.h.t.HelmChartContainer - [EVENT] Normal [SuccessfulCreate] create Pod test-hivemq-platform-0 in StatefulSet test-hivemq-platform successful [helmrollingupgradeplatformit:test-hivemq-platform]
2025-01-29 17:05:45,573 INFO c.h.h.t.HelmChartContainer - [POD] test-hivemq-platform-0 [db0cd3b9-0a38-4516-83e1-3ca6931561c4] in helmrollingupgradeplatformit was MODIFIED
2025-01-29 17:05:45,579 INFO c.h.h.t.HelmChartContainer - [EVENT] Normal [Scheduled] Successfully assigned helmrollingupgradeplatformit/test-hivemq-platform-0 to 28b958d3512c [helmrollingupgradeplatformit:test-hivemq-platform-0]
2025-01-29 17:05:45,586 INFO c.h.h.t.HelmChartContainer - [POD] test-hivemq-platform-0 [db0cd3b9-0a38-4516-83e1-3ca6931561c4] in helmrollingupgradeplatformit was MODIFIED
2025-01-29 17:05:45,650 INFO c.h.h.t.HelmChartContainer - [hivemq-test-hivemq-platform] [hivemq-platform-operator] [1420f2b2] 17:05:45.647 [pool-6-thread-22] DEBUG c.h.p.o.d.PlatformServiceResource - [helmroll] Desired Platform services (3 services)
2025-01-29 17:05:45,651 INFO c.h.h.t.HelmChartContainer - [hivemq-test-hivemq-platform] [hivemq-platform-operator] [1420f2b2] 17:05:45.648 [pool-6-thread-23] DEBUG c.h.p.o.dependants.PodInfoConfigMap - [helmroll] Desired PodInfo ConfigMap (1 extensions) (1 enabled)
2025-01-29 17:05:45,664 INFO c.h.h.t.HelmChartContainer - [K3S] [reconciler_common.go:251] "operationExecutor.VerifyControllerAttachedVolume started for volume \"broker-configuration\" (UniqueName: \"kubernetes.io/configmap/db0cd3b9-0a38-4516-83e1-3ca6931561c4-broker-configuration\") pod \"test-hivemq-platform-0\" (UID: \"db0cd3b9-0a38-4516-83e1-3ca6931561c4\") " pod="helmrollingupgradeplatformit/test-hivemq-platform-0"
2025-01-29 17:05:45,664 INFO c.h.h.t.HelmChartContainer - [K3S] [reconciler_common.go:251] "operationExecutor.VerifyControllerAttachedVolume started for volume \"operator-init\" (UniqueName: \"kubernetes.io/empty-dir/db0cd3b9-0a38-4516-83e1-3ca6931561c4-operator-init\") pod \"test-hivemq-platform-0\" (UID: \"db0cd3b9-0a38-4516-83e1-3ca6931561c4\") " pod="helmrollingupgradeplatformit/test-hivemq-platform-0"
2025-01-29 17:05:45,665 INFO c.h.h.t.HelmChartContainer - [K3S] [reconciler_common.go:251] "operationExecutor.VerifyControllerAttachedVolume started for volume \"pod-info\" (UniqueName: \"kubernetes.io/configmap/db0cd3b9-0a38-4516-83e1-3ca6931561c4-pod-info\") pod \"test-hivemq-platform-0\" (UID: \"db0cd3b9-0a38-4516-83e1-3ca6931561c4\") " pod="helmrollingupgradeplatformit/test-hivemq-platform-0"
2025-01-29 17:05:45,665 INFO c.h.h.t.HelmChartContainer - [K3S] [reconciler_common.go:251] "operationExecutor.VerifyControllerAttachedVolume started for volume \"kube-api-access-8bhbq\" (UniqueName: \"kubernetes.io/projected/db0cd3b9-0a38-4516-83e1-3ca6931561c4-kube-api-access-8bhbq\") pod \"test-hivemq-platform-0\" (UID: \"db0cd3b9-0a38-4516-83e1-3ca6931561c4\") " pod="helmrollingupgradeplatformit/test-hivemq-platform-0"
2025-01-29 17:05:45,739 INFO c.h.h.t.HelmChartContainer - [hivemq-test-hivemq-platform] [hivemq-platform-operator] [1420f2b2] 17:05:45.737 [pool-6-thread-23] DEBUG c.h.p.o.dependants.PodInfoConfigMap - [helmroll] Desired PodInfo ConfigMap (metrics port: 9399) (metrics path: /)
2025-01-29 17:05:45,740 INFO c.h.h.t.HelmChartContainer - [hivemq-test-hivemq-platform] [hivemq-platform-operator] [1420f2b2] 17:05:45.738 [pool-6-thread-23] DEBUG c.h.p.o.dependants.PodInfoConfigMap - [helmroll] Desired PodInfo ConfigMap (extension state hash: -1817474005)
2025-01-29 17:05:45,742 INFO c.h.h.t.HelmChartContainer - [hivemq-test-hivemq-platform] [hivemq-platform-operator] [1420f2b2] 17:05:45.741 [pool-6-thread-27] DEBUG c.h.p.o.d.PodServiceAccountResource - [helmroll] Desired PodServiceAccountResource (serviceAccountName: hivemq-platform-pod-test-hivemq-platform)
2025-01-29 17:05:45,749 INFO c.h.h.t.HelmChartContainer - [hivemq-test-hivemq-platform] [hivemq-platform-operator] [1420f2b2] 17:05:45.748 [pool-6-thread-30] DEBUG c.h.p.o.d.StatefulSetResource - [helmroll] Desired StatefulSet (1 replicas) for status STARTING (READY)
2025-01-29 17:05:45,841 INFO c.h.h.t.HelmChartContainer - [hivemq-test-hivemq-platform] [hivemq-platform-operator] [1420f2b2] 17:05:45.840 [ReconcilerExecutor-hivemq-controller-75] INFO  c.h.p.o.HiveMQPlatformReconciler - [helmroll] Reconciling HiveMQ Platform 'test-hivemq-platform' in namespace 'helmrollingupgradeplatformit'
2025-01-29 17:05:45,841 INFO c.h.h.t.HelmChartContainer - [hivemq-test-hivemq-platform] [hivemq-platform-operator] [1420f2b2] 17:05:45.840 [ReconcilerExecutor-hivemq-controller-75] DEBUG c.h.p.o.HiveMQPlatformReconciler - [helmroll] Custom Resource Status STARTING - HiveMQ Platform is starting (READY)
2025-01-29 17:05:45,841 INFO c.h.h.t.HelmChartContainer - [hivemq-test-hivemq-platform] [hivemq-platform-operator] [1420f2b2] 17:05:45.840 [ReconcilerExecutor-hivemq-controller-75] DEBUG c.h.p.o.HiveMQPlatformReconciler - [helmroll] Custom Resource Spec (replicas: 1) (extensions: 1)
2025-01-29 17:05:45,844 INFO c.h.h.t.HelmChartContainer - [hivemq-test-hivemq-platform] [hivemq-platform-operator] [1420f2b2] 17:05:45.843 [ReconcilerExecutor-hivemq-controller-75] DEBUG c.h.p.o.HiveMQPlatformReconciler - [helmroll] StatefulSet Status (revision: test-hivemq-platform-54c4467984, replicas: 1, available: 0, ready: 0, current: 1, updated: 1)
2025-01-29 17:05:45,845 INFO c.h.h.t.HelmChartContainer - [hivemq-test-hivemq-platform] [hivemq-platform-operator] [1420f2b2] 17:05:45.843 [ReconcilerExecutor-hivemq-controller-75] DEBUG c.h.p.o.HiveMQPlatformReconciler - [helmroll] StatefulSet Spec (replicas: 1, init containers: 1, containers: 1, volumes: 3)
2025-01-29 17:05:45,858 INFO c.h.h.t.HelmChartContainer - [hivemq-test-hivemq-platform] [hivemq-platform-operator] [1420f2b2] 17:05:45.856 [ReconcilerExecutor-hivemq-controller-75] DEBUG c.h.p.o.h.HiveMQPlatformReconcilerErrorHandler - [helmroll] Pod 'test-hivemq-platform-0' phase Pending
2025-01-29 17:05:45,858 INFO c.h.h.t.HelmChartContainer - [hivemq-test-hivemq-platform] [hivemq-platform-operator] [1420f2b2] 17:05:45.857 [ReconcilerExecutor-hivemq-controller-75] DEBUG c.h.p.o.h.HiveMQPlatformReconcilerErrorHandler - [helmroll] Pod 'test-hivemq-platform-0' condition 'PodReadyToStartContainers': False
2025-01-29 17:05:45,941 INFO c.h.h.t.HelmChartContainer - [hivemq-test-hivemq-platform] [hivemq-platform-operator] [1420f2b2] 17:05:45.858 [ReconcilerExecutor-hivemq-controller-75] DEBUG c.h.p.o.h.HiveMQPlatformReconcilerErrorHandler - [helmroll] Pod 'test-hivemq-platform-0' condition 'Initialized': False
2025-01-29 17:05:45,941 INFO c.h.h.t.HelmChartContainer - [hivemq-test-hivemq-platform] [hivemq-platform-operator] [1420f2b2] 17:05:45.937 [ReconcilerExecutor-hivemq-controller-75] DEBUG c.h.p.o.h.HiveMQPlatformReconcilerErrorHandler - [helmroll] Pod 'test-hivemq-platform-0' condition 'Ready': False
2025-01-29 17:05:45,943 INFO c.h.h.t.HelmChartContainer - [hivemq-test-hivemq-platform] [hivemq-platform-operator] [1420f2b2] 17:05:45.937 [ReconcilerExecutor-hivemq-controller-75] DEBUG c.h.p.o.h.HiveMQPlatformReconcilerErrorHandler - [helmroll] Pod 'test-hivemq-platform-0' condition 'ContainersReady': False
2025-01-29 17:05:45,943 INFO c.h.h.t.HelmChartContainer - [hivemq-test-hivemq-platform] [hivemq-platform-operator] [1420f2b2] 17:05:45.937 [ReconcilerExecutor-hivemq-controller-75] DEBUG c.h.p.o.h.HiveMQPlatformReconcilerErrorHandler - [helmroll] Pod 'test-hivemq-platform-0' condition 'PodScheduled': True
2025-01-29 17:05:45,943 INFO c.h.h.t.HelmChartContainer - [hivemq-test-hivemq-platform] [hivemq-platform-operator] [1420f2b2] 17:05:45.939 [ReconcilerExecutor-hivemq-controller-75] DEBUG c.h.p.o.h.HiveMQPlatformReconcilerErrorHandler - [helmroll] Pod 'test-hivemq-platform-0' containerStatus 'hivemq' (started: false) (ready: false) (waiting: [PodInitializing] null)
2025-01-29 17:05:45,943 INFO c.h.h.t.HelmChartContainer - [hivemq-test-hivemq-platform] [hivemq-platform-operator] [1420f2b2] 17:05:45.942 [ReconcilerExecutor-hivemq-controller-75] INFO  c.h.p.o.h.HiveMQPlatformReconcilerBaseHandler - [helmroll] HiveMQ Platform is starting, 0 of 1 replicas are ready
2025-01-29 17:05:45,948 INFO c.h.h.t.HelmChartContainer - [hivemq-test-hivemq-platform] [hivemq-platform-operator] [1420f2b2] 17:05:45.947 [pool-6-thread-32] DEBUG c.h.p.o.d.PlatformServiceResource - [helmroll] Desired Platform services (3 services)
2025-01-29 17:05:45,953 INFO c.h.h.t.HelmChartContainer - [hivemq-test-hivemq-platform] [hivemq-platform-operator] [1420f2b2] 17:05:45.952 [pool-6-thread-33] DEBUG c.h.p.o.dependants.PodInfoConfigMap - [helmroll] Desired PodInfo ConfigMap (1 extensions) (1 enabled)
2025-01-29 17:05:45,954 INFO c.h.h.t.HelmChartContainer - [hivemq-test-hivemq-platform] [hivemq-platform-operator] [1420f2b2] 17:05:45.952 [pool-6-thread-33] DEBUG c.h.p.o.dependants.PodInfoConfigMap - [helmroll] Desired PodInfo ConfigMap (metrics port: 9399) (metrics path: /)
2025-01-29 17:05:45,956 INFO c.h.h.t.HelmChartContainer - [hivemq-test-hivemq-platform] [hivemq-platform-operator] [1420f2b2] 17:05:45.952 [pool-6-thread-33] DEBUG c.h.p.o.dependants.PodInfoConfigMap - [helmroll] Desired PodInfo ConfigMap (extension state hash: -1817474005)
2025-01-29 17:05:45,957 INFO c.h.h.t.HelmChartContainer - [hivemq-test-hivemq-platform] [hivemq-platform-operator] [1420f2b2] 17:05:45.953 [pool-6-thread-37] DEBUG c.h.p.o.d.PodServiceAccountResource - [helmroll] Desired PodServiceAccountResource (serviceAccountName: hivemq-platform-pod-test-hivemq-platform)
2025-01-29 17:05:45,974 INFO c.h.h.t.HelmChartContainer - [EVENT] Normal [Pulled] Container image "docker.io/hivemq/hivemq-platform-operator-init-test:snapshot" already present on machine [helmrollingupgradeplatformit:test-hivemq-platform-0]
2025-01-29 17:05:46,047 INFO c.h.h.t.HelmChartContainer - [hivemq-test-hivemq-platform] [hivemq-platform-operator] [1420f2b2] 17:05:46.042 [pool-6-thread-40] DEBUG c.h.p.o.d.StatefulSetResource - [helmroll] Desired StatefulSet (1 replicas) for status STARTING (READY)
2025-01-29 17:05:46,048 INFO c.h.h.t.HelmChartContainer - [hivemq-test-hivemq-platform] [hivemq-platform-operator] [1420f2b2] 17:05:46.047 [ReconcilerExecutor-hivemq-controller-86] INFO  c.h.p.o.HiveMQPlatformReconciler - [helmroll] Reconciling HiveMQ Platform 'test-hivemq-platform' in namespace 'helmrollingupgradeplatformit'
2025-01-29 17:05:46,048 INFO c.h.h.t.HelmChartContainer - [hivemq-test-hivemq-platform] [hivemq-platform-operator] [1420f2b2] 17:05:46.047 [ReconcilerExecutor-hivemq-controller-86] DEBUG c.h.p.o.HiveMQPlatformReconciler - [helmroll] Custom Resource Status STARTING - HiveMQ Platform is starting (READY)
2025-01-29 17:05:46,048 INFO c.h.h.t.HelmChartContainer - [hivemq-test-hivemq-platform] [hivemq-platform-operator] [1420f2b2] 17:05:46.047 [ReconcilerExecutor-hivemq-controller-86] DEBUG c.h.p.o.HiveMQPlatformReconciler - [helmroll] Custom Resource Spec (replicas: 1) (extensions: 1)
2025-01-29 17:05:46,052 INFO c.h.h.t.HelmChartContainer - [hivemq-test-hivemq-platform] [hivemq-platform-operator] [1420f2b2] 17:05:46.050 [ReconcilerExecutor-hivemq-controller-86] DEBUG c.h.p.o.HiveMQPlatformReconciler - [helmroll] StatefulSet Status (revision: test-hivemq-platform-54c4467984, replicas: 1, available: 0, ready: 0, current: 1, updated: 1)
2025-01-29 17:05:46,052 INFO c.h.h.t.HelmChartContainer - [hivemq-test-hivemq-platform] [hivemq-platform-operator] [1420f2b2] 17:05:46.050 [ReconcilerExecutor-hivemq-controller-86] DEBUG c.h.p.o.HiveMQPlatformReconciler - [helmroll] StatefulSet Spec (replicas: 1, init containers: 1, containers: 1, volumes: 3)
2025-01-29 17:05:46,052 INFO c.h.h.t.HelmChartContainer - [hivemq-test-hivemq-platform] [hivemq-platform-operator] [1420f2b2] 17:05:46.052 [ReconcilerExecutor-hivemq-controller-86] DEBUG c.h.p.o.h.HiveMQPlatformReconcilerErrorHandler - [helmroll] Pod 'test-hivemq-platform-0' phase Pending
2025-01-29 17:05:46,054 INFO c.h.h.t.HelmChartContainer - [hivemq-test-hivemq-platform] [hivemq-platform-operator] [1420f2b2] 17:05:46.053 [ReconcilerExecutor-hivemq-controller-86] DEBUG c.h.p.o.h.HiveMQPlatformReconcilerErrorHandler - [helmroll] Pod 'test-hivemq-platform-0' condition 'PodReadyToStartContainers': False
2025-01-29 17:05:46,056 INFO c.h.h.t.HelmChartContainer - [hivemq-test-hivemq-platform] [hivemq-platform-operator] [1420f2b2] 17:05:46.053 [ReconcilerExecutor-hivemq-controller-86] DEBUG c.h.p.o.h.HiveMQPlatformReconcilerErrorHandler - [helmroll] Pod 'test-hivemq-platform-0' condition 'Initialized': False
2025-01-29 17:05:46,056 INFO c.h.h.t.HelmChartContainer - [hivemq-test-hivemq-platform] [hivemq-platform-operator] [1420f2b2] 17:05:46.053 [ReconcilerExecutor-hivemq-controller-86] DEBUG c.h.p.o.h.HiveMQPlatformReconcilerErrorHandler - [helmroll] Pod 'test-hivemq-platform-0' condition 'Ready': False
2025-01-29 17:05:46,056 INFO c.h.h.t.HelmChartContainer - [hivemq-test-hivemq-platform] [hivemq-platform-operator] [1420f2b2] 17:05:46.053 [ReconcilerExecutor-hivemq-controller-86] DEBUG c.h.p.o.h.HiveMQPlatformReconcilerErrorHandler - [helmroll] Pod 'test-hivemq-platform-0' condition 'ContainersReady': False
2025-01-29 17:05:46,056 INFO c.h.h.t.HelmChartContainer - [hivemq-test-hivemq-platform] [hivemq-platform-operator] [1420f2b2] 17:05:46.053 [ReconcilerExecutor-hivemq-controller-86] DEBUG c.h.p.o.h.HiveMQPlatformReconcilerErrorHandler - [helmroll] Pod 'test-hivemq-platform-0' condition 'PodScheduled': True
2025-01-29 17:05:46,056 INFO c.h.h.t.HelmChartContainer - [hivemq-test-hivemq-platform] [hivemq-platform-operator] [1420f2b2] 17:05:46.053 [ReconcilerExecutor-hivemq-controller-86] DEBUG c.h.p.o.h.HiveMQPlatformReconcilerErrorHandler - [helmroll] Pod 'test-hivemq-platform-0' containerStatus 'hivemq' (started: false) (ready: false) (waiting: [PodInitializing] null)
2025-01-29 17:05:46,056 INFO c.h.h.t.HelmChartContainer - [hivemq-test-hivemq-platform] [hivemq-platform-operator] [1420f2b2] 17:05:46.054 [ReconcilerExecutor-hivemq-controller-86] INFO  c.h.p.o.h.HiveMQPlatformReconcilerBaseHandler - [helmroll] HiveMQ Platform is starting, 0 of 1 replicas are ready
2025-01-29 17:05:46,092 INFO c.h.h.t.HelmChartContainer - [EVENT] Normal [Created] Created container: hivemq-platform-operator-init [helmrollingupgradeplatformit:test-hivemq-platform-0]
2025-01-29 17:05:46,132 INFO c.h.h.t.HelmChartContainer - [EVENT] Normal [Started] Started container hivemq-platform-operator-init [helmrollingupgradeplatformit:test-hivemq-platform-0]
2025-01-29 17:05:46,793 INFO c.h.h.t.HelmChartContainer - [POD] test-hivemq-platform-0 [db0cd3b9-0a38-4516-83e1-3ca6931561c4] in helmrollingupgradeplatformit was MODIFIED
2025-01-29 17:05:46,805 INFO c.h.h.t.HelmChartContainer - [hivemq-test-hivemq-platform] [hivemq-platform-operator] [1420f2b2] 17:05:46.800 [pool-6-thread-42] DEBUG c.h.p.o.d.PlatformServiceResource - [helmroll] Desired Platform services (3 services)
2025-01-29 17:05:46,809 INFO c.h.h.t.HelmChartContainer - [hivemq-test-hivemq-platform] [hivemq-platform-operator] [1420f2b2] 17:05:46.802 [pool-6-thread-43] DEBUG c.h.p.o.dependants.PodInfoConfigMap - [helmroll] Desired PodInfo ConfigMap (1 extensions) (1 enabled)
2025-01-29 17:05:46,809 INFO c.h.h.t.HelmChartContainer - [hivemq-test-hivemq-platform] [hivemq-platform-operator] [1420f2b2] 17:05:46.806 [pool-6-thread-43] DEBUG c.h.p.o.dependants.PodInfoConfigMap - [helmroll] Desired PodInfo ConfigMap (metrics port: 9399) (metrics path: /)
2025-01-29 17:05:46,809 INFO c.h.h.t.HelmChartContainer - [hivemq-test-hivemq-platform] [hivemq-platform-operator] [1420f2b2] 17:05:46.806 [pool-6-thread-43] DEBUG c.h.p.o.dependants.PodInfoConfigMap - [helmroll] Desired PodInfo ConfigMap (extension state hash: -1817474005)
2025-01-29 17:05:46,812 INFO c.h.h.t.HelmChartContainer - [hivemq-test-hivemq-platform] [hivemq-platform-operator] [1420f2b2] 17:05:46.808 [pool-6-thread-47] DEBUG c.h.p.o.d.PodServiceAccountResource - [helmroll] Desired PodServiceAccountResource (serviceAccountName: hivemq-platform-pod-test-hivemq-platform)
2025-01-29 17:05:46,820 INFO c.h.h.t.HelmChartContainer - [hivemq-test-hivemq-platform] [hivemq-platform-operator] [1420f2b2] 17:05:46.819 [pool-6-thread-50] DEBUG c.h.p.o.d.StatefulSetResource - [helmroll] Desired StatefulSet (1 replicas) for status STARTING (READY)
2025-01-29 17:05:46,840 INFO c.h.h.t.HelmChartContainer - [hivemq-test-hivemq-platform] [hivemq-platform-operator] [1420f2b2] 17:05:46.839 [ReconcilerExecutor-hivemq-controller-97] INFO  c.h.p.o.HiveMQPlatformReconciler - [helmroll] Reconciling HiveMQ Platform 'test-hivemq-platform' in namespace 'helmrollingupgradeplatformit'
2025-01-29 17:05:46,840 INFO c.h.h.t.HelmChartContainer - [hivemq-test-hivemq-platform] [hivemq-platform-operator] [1420f2b2] 17:05:46.839 [ReconcilerExecutor-hivemq-controller-97] DEBUG c.h.p.o.HiveMQPlatformReconciler - [helmroll] Custom Resource Status STARTING - HiveMQ Platform is starting (READY)
2025-01-29 17:05:46,840 INFO c.h.h.t.HelmChartContainer - [hivemq-test-hivemq-platform] [hivemq-platform-operator] [1420f2b2] 17:05:46.839 [ReconcilerExecutor-hivemq-controller-97] DEBUG c.h.p.o.HiveMQPlatformReconciler - [helmroll] Custom Resource Spec (replicas: 1) (extensions: 1)
2025-01-29 17:05:46,842 INFO c.h.h.t.HelmChartContainer - [hivemq-test-hivemq-platform] [hivemq-platform-operator] [1420f2b2] 17:05:46.841 [ReconcilerExecutor-hivemq-controller-97] DEBUG c.h.p.o.HiveMQPlatformReconciler - [helmroll] StatefulSet Status (revision: test-hivemq-platform-54c4467984, replicas: 1, available: 0, ready: 0, current: 1, updated: 1)
2025-01-29 17:05:46,842 INFO c.h.h.t.HelmChartContainer - [hivemq-test-hivemq-platform] [hivemq-platform-operator] [1420f2b2] 17:05:46.841 [ReconcilerExecutor-hivemq-controller-97] DEBUG c.h.p.o.HiveMQPlatformReconciler - [helmroll] StatefulSet Spec (replicas: 1, init containers: 1, containers: 1, volumes: 3)
2025-01-29 17:05:46,844 INFO c.h.h.t.HelmChartContainer - [hivemq-test-hivemq-platform] [hivemq-platform-operator] [1420f2b2] 17:05:46.844 [ReconcilerExecutor-hivemq-controller-97] DEBUG c.h.p.o.h.HiveMQPlatformReconcilerErrorHandler - [helmroll] Pod 'test-hivemq-platform-0' phase Pending
2025-01-29 17:05:46,846 INFO c.h.h.t.HelmChartContainer - [hivemq-test-hivemq-platform] [hivemq-platform-operator] [1420f2b2] 17:05:46.844 [ReconcilerExecutor-hivemq-controller-97] DEBUG c.h.p.o.h.HiveMQPlatformReconcilerErrorHandler - [helmroll] Pod 'test-hivemq-platform-0' condition 'PodReadyToStartContainers': True
2025-01-29 17:05:46,846 INFO c.h.h.t.HelmChartContainer - [hivemq-test-hivemq-platform] [hivemq-platform-operator] [1420f2b2] 17:05:46.844 [ReconcilerExecutor-hivemq-controller-97] DEBUG c.h.p.o.h.HiveMQPlatformReconcilerErrorHandler - [helmroll] Pod 'test-hivemq-platform-0' condition 'Initialized': False
2025-01-29 17:05:46,846 INFO c.h.h.t.HelmChartContainer - [hivemq-test-hivemq-platform] [hivemq-platform-operator] [1420f2b2] 17:05:46.844 [ReconcilerExecutor-hivemq-controller-97] DEBUG c.h.p.o.h.HiveMQPlatformReconcilerErrorHandler - [helmroll] Pod 'test-hivemq-platform-0' condition 'Ready': False
2025-01-29 17:05:46,846 INFO c.h.h.t.HelmChartContainer - [hivemq-test-hivemq-platform] [hivemq-platform-operator] [1420f2b2] 17:05:46.844 [ReconcilerExecutor-hivemq-controller-97] DEBUG c.h.p.o.h.HiveMQPlatformReconcilerErrorHandler - [helmroll] Pod 'test-hivemq-platform-0' condition 'ContainersReady': False
2025-01-29 17:05:46,846 INFO c.h.h.t.HelmChartContainer - [hivemq-test-hivemq-platform] [hivemq-platform-operator] [1420f2b2] 17:05:46.844 [ReconcilerExecutor-hivemq-controller-97] DEBUG c.h.p.o.h.HiveMQPlatformReconcilerErrorHandler - [helmroll] Pod 'test-hivemq-platform-0' condition 'PodScheduled': True
2025-01-29 17:05:46,846 INFO c.h.h.t.HelmChartContainer - [hivemq-test-hivemq-platform] [hivemq-platform-operator] [1420f2b2] 17:05:46.844 [ReconcilerExecutor-hivemq-controller-97] DEBUG c.h.p.o.h.HiveMQPlatformReconcilerErrorHandler - [helmroll] Pod 'test-hivemq-platform-0' containerStatus 'hivemq' (started: false) (ready: false) (waiting: [PodInitializing] null)
2025-01-29 17:05:46,846 INFO c.h.h.t.HelmChartContainer - [hivemq-test-hivemq-platform] [hivemq-platform-operator] [1420f2b2] 17:05:46.845 [ReconcilerExecutor-hivemq-controller-97] INFO  c.h.p.o.h.HiveMQPlatformReconcilerBaseHandler - [helmroll] HiveMQ Platform is starting, 0 of 1 replicas are ready
2025-01-29 17:05:47,790 INFO c.h.h.t.HelmChartContainer - [EVENT] Normal [Pulling] Pulling image "docker.io/hivemq/hivemq4:4.35.0" [helmrollingupgradeplatformit:test-hivemq-platform-0]
2025-01-29 17:05:47,790 INFO c.h.h.t.HelmChartContainer - Received Pulling event for container hivemq in pod test-hivemq-platform-0 [db0cd3b9-0a38-4516-83e1-3ca6931561c4]
2025-01-29 17:05:47,794 INFO c.h.h.t.HelmChartContainer - [POD] test-hivemq-platform-0 [db0cd3b9-0a38-4516-83e1-3ca6931561c4] in helmrollingupgradeplatformit was MODIFIED
2025-01-29 17:05:47,801 INFO c.h.h.t.HelmChartContainer - [hivemq-test-hivemq-platform] [hivemq-platform-operator] [1420f2b2] 17:05:47.798 [pool-6-thread-8] DEBUG c.h.p.o.d.PlatformServiceResource - [helmroll] Desired Platform services (3 services)
2025-01-29 17:05:47,801 INFO c.h.h.t.HelmChartContainer - [hivemq-test-hivemq-platform] [hivemq-platform-operator] [1420f2b2] 17:05:47.799 [pool-6-thread-6] DEBUG c.h.p.o.dependants.PodInfoConfigMap - [helmroll] Desired PodInfo ConfigMap (1 extensions) (1 enabled)
2025-01-29 17:05:47,801 INFO c.h.h.t.HelmChartContainer - [hivemq-test-hivemq-platform] [hivemq-platform-operator] [1420f2b2] 17:05:47.799 [pool-6-thread-6] DEBUG c.h.p.o.dependants.PodInfoConfigMap - [helmroll] Desired PodInfo ConfigMap (metrics port: 9399) (metrics path: /)
2025-01-29 17:05:47,802 INFO c.h.h.t.HelmChartContainer - [hivemq-test-hivemq-platform] [hivemq-platform-operator] [1420f2b2] 17:05:47.799 [pool-6-thread-6] DEBUG c.h.p.o.dependants.PodInfoConfigMap - [helmroll] Desired PodInfo ConfigMap (extension state hash: -1817474005)
2025-01-29 17:05:47,802 INFO c.h.h.t.HelmChartContainer - [hivemq-test-hivemq-platform] [hivemq-platform-operator] [1420f2b2] 17:05:47.802 [pool-6-thread-6] DEBUG c.h.p.o.d.PodServiceAccountResource - [helmroll] Desired PodServiceAccountResource (serviceAccountName: hivemq-platform-pod-test-hivemq-platform)
2025-01-29 17:05:47,806 INFO c.h.h.t.HelmChartContainer - [hivemq-test-hivemq-platform] [hivemq-platform-operator] [1420f2b2] 17:05:47.805 [pool-6-thread-8] DEBUG c.h.p.o.d.StatefulSetResource - [helmroll] Desired StatefulSet (1 replicas) for status STARTING (READY)
2025-01-29 17:05:47,841 INFO c.h.h.t.HelmChartContainer - [hivemq-test-hivemq-platform] [hivemq-platform-operator] [1420f2b2] 17:05:47.838 [ReconcilerExecutor-hivemq-controller-108] INFO  c.h.p.o.HiveMQPlatformReconciler - [helmroll] Reconciling HiveMQ Platform 'test-hivemq-platform' in namespace 'helmrollingupgradeplatformit'
2025-01-29 17:05:47,841 INFO c.h.h.t.HelmChartContainer - [hivemq-test-hivemq-platform] [hivemq-platform-operator] [1420f2b2] 17:05:47.839 [ReconcilerExecutor-hivemq-controller-108] DEBUG c.h.p.o.HiveMQPlatformReconciler - [helmroll] Custom Resource Status STARTING - HiveMQ Platform is starting (READY)
2025-01-29 17:05:47,841 INFO c.h.h.t.HelmChartContainer - [hivemq-test-hivemq-platform] [hivemq-platform-operator] [1420f2b2] 17:05:47.839 [ReconcilerExecutor-hivemq-controller-108] DEBUG c.h.p.o.HiveMQPlatformReconciler - [helmroll] Custom Resource Spec (replicas: 1) (extensions: 1)
2025-01-29 17:05:47,842 INFO c.h.h.t.HelmChartContainer - [hivemq-test-hivemq-platform] [hivemq-platform-operator] [1420f2b2] 17:05:47.841 [ReconcilerExecutor-hivemq-controller-108] DEBUG c.h.p.o.HiveMQPlatformReconciler - [helmroll] StatefulSet Status (revision: test-hivemq-platform-54c4467984, replicas: 1, available: 0, ready: 0, current: 1, updated: 1)
2025-01-29 17:05:47,842 INFO c.h.h.t.HelmChartContainer - [hivemq-test-hivemq-platform] [hivemq-platform-operator] [1420f2b2] 17:05:47.841 [ReconcilerExecutor-hivemq-controller-108] DEBUG c.h.p.o.HiveMQPlatformReconciler - [helmroll] StatefulSet Spec (replicas: 1, init containers: 1, containers: 1, volumes: 3)
2025-01-29 17:05:47,845 INFO c.h.h.t.HelmChartContainer - [hivemq-test-hivemq-platform] [hivemq-platform-operator] [1420f2b2] 17:05:47.844 [ReconcilerExecutor-hivemq-controller-108] DEBUG c.h.p.o.h.HiveMQPlatformReconcilerErrorHandler - [helmroll] Pod 'test-hivemq-platform-0' phase Pending
2025-01-29 17:05:47,846 INFO c.h.h.t.HelmChartContainer - [hivemq-test-hivemq-platform] [hivemq-platform-operator] [1420f2b2] 17:05:47.844 [ReconcilerExecutor-hivemq-controller-108] DEBUG c.h.p.o.h.HiveMQPlatformReconcilerErrorHandler - [helmroll] Pod 'test-hivemq-platform-0' condition 'PodReadyToStartContainers': True
2025-01-29 17:05:47,847 INFO c.h.h.t.HelmChartContainer - [hivemq-test-hivemq-platform] [hivemq-platform-operator] [1420f2b2] 17:05:47.844 [ReconcilerExecutor-hivemq-controller-108] DEBUG c.h.p.o.h.HiveMQPlatformReconcilerErrorHandler - [helmroll] Pod 'test-hivemq-platform-0' condition 'Initialized': True
2025-01-29 17:05:47,847 INFO c.h.h.t.HelmChartContainer - [hivemq-test-hivemq-platform] [hivemq-platform-operator] [1420f2b2] 17:05:47.845 [ReconcilerExecutor-hivemq-controller-108] DEBUG c.h.p.o.h.HiveMQPlatformReconcilerErrorHandler - [helmroll] Pod 'test-hivemq-platform-0' condition 'Ready': False
2025-01-29 17:05:47,847 INFO c.h.h.t.HelmChartContainer - [hivemq-test-hivemq-platform] [hivemq-platform-operator] [1420f2b2] 17:05:47.845 [ReconcilerExecutor-hivemq-controller-108] DEBUG c.h.p.o.h.HiveMQPlatformReconcilerErrorHandler - [helmroll] Pod 'test-hivemq-platform-0' condition 'ContainersReady': False
2025-01-29 17:05:47,847 INFO c.h.h.t.HelmChartContainer - [hivemq-test-hivemq-platform] [hivemq-platform-operator] [1420f2b2] 17:05:47.845 [ReconcilerExecutor-hivemq-controller-108] DEBUG c.h.p.o.h.HiveMQPlatformReconcilerErrorHandler - [helmroll] Pod 'test-hivemq-platform-0' condition 'PodScheduled': True
2025-01-29 17:05:47,847 INFO c.h.h.t.HelmChartContainer - [hivemq-test-hivemq-platform] [hivemq-platform-operator] [1420f2b2] 17:05:47.845 [ReconcilerExecutor-hivemq-controller-108] DEBUG c.h.p.o.h.HiveMQPlatformReconcilerErrorHandler - [helmroll] Pod 'test-hivemq-platform-0' containerStatus 'hivemq' (started: false) (ready: false) (waiting: [PodInitializing] null)
2025-01-29 17:05:47,847 INFO c.h.h.t.HelmChartContainer - [hivemq-test-hivemq-platform] [hivemq-platform-operator] [1420f2b2] 17:05:47.846 [ReconcilerExecutor-hivemq-controller-108] INFO  c.h.p.o.h.HiveMQPlatformReconcilerBaseHandler - [helmroll] HiveMQ Platform is starting, 0 of 1 replicas are ready
2025-01-29 17:05:54,572 INFO c.h.h.t.HelmChartContainer - [K3S] [range_allocator.go:247] "Successfully synced" key="28b958d3512c"
2025-01-29 17:05:57,034 INFO c.h.h.t.HelmChartContainer - [EVENT] Normal [Pulled] Successfully pulled image "docker.io/hivemq/hivemq4:4.35.0" in 9.248s (9.248s including waiting). Image size: 691164573 bytes. [helmrollingupgradeplatformit:test-hivemq-platform-0]
2025-01-29 17:05:57,034 INFO c.h.h.t.HelmChartContainer - Received Pulled event for container hivemq in pod test-hivemq-platform-0 [db0cd3b9-0a38-4516-83e1-3ca6931561c4]
2025-01-29 17:05:57,041 INFO c.h.h.t.HelmChartContainer - [EVENT] Normal [Created] Created container: hivemq [helmrollingupgradeplatformit:test-hivemq-platform-0]
2025-01-29 17:05:57,041 INFO c.h.h.t.HelmChartContainer - Received Created event for container hivemq in pod test-hivemq-platform-0 [db0cd3b9-0a38-4516-83e1-3ca6931561c4]
2025-01-29 17:05:57,814 INFO c.h.h.t.HelmChartContainer - [POD] test-hivemq-platform-0 [db0cd3b9-0a38-4516-83e1-3ca6931561c4] in helmrollingupgradeplatformit was MODIFIED
2025-01-29 17:05:57,820 INFO c.h.h.t.HelmChartContainer - [hivemq-test-hivemq-platform] [hivemq-platform-operator] [1420f2b2] 17:05:57.819 [pool-6-thread-11] DEBUG c.h.p.o.d.PlatformServiceResource - [helmroll] Desired Platform services (3 services)
2025-01-29 17:05:57,824 INFO c.h.h.t.HelmChartContainer - Started log watcher for hivemq in pod test-hivemq-platform-0 [db0cd3b9-0a38-4516-83e1-3ca6931561c4]
2025-01-29 17:05:57,825 INFO c.h.h.t.HelmChartContainer - [test-hivemq-platform] [hivemq] [db0cd3b9] Adding pre-installed HiveMQ Platform Operator extensions
2025-01-29 17:05:57,825 INFO c.h.h.t.HelmChartContainer - [test-hivemq-platform] [hivemq] [db0cd3b9] Running as user 10000
2025-01-29 17:05:57,825 INFO c.h.h.t.HelmChartContainer - [test-hivemq-platform] [hivemq] [db0cd3b9] Starting HiveMQ Platform Operator Init
2025-01-29 17:05:57,825 INFO c.h.h.t.HelmChartContainer - [hivemq-test-hivemq-platform] [hivemq-platform-operator] [1420f2b2] 17:05:57.821 [pool-6-thread-16] DEBUG c.h.p.o.dependants.PodInfoConfigMap - [helmroll] Desired PodInfo ConfigMap (1 extensions) (1 enabled)
2025-01-29 17:05:57,825 INFO c.h.h.t.HelmChartContainer - [hivemq-test-hivemq-platform] [hivemq-platform-operator] [1420f2b2] 17:05:57.823 [pool-6-thread-16] DEBUG c.h.p.o.dependants.PodInfoConfigMap - [helmroll] Desired PodInfo ConfigMap (metrics port: 9399) (metrics path: /)
2025-01-29 17:05:57,825 INFO c.h.h.t.HelmChartContainer - [hivemq-test-hivemq-platform] [hivemq-platform-operator] [1420f2b2] 17:05:57.823 [pool-6-thread-16] DEBUG c.h.p.o.dependants.PodInfoConfigMap - [helmroll] Desired PodInfo ConfigMap (extension state hash: -1817474005)
2025-01-29 17:05:57,825 INFO c.h.h.t.HelmChartContainer - [hivemq-test-hivemq-platform] [hivemq-platform-operator] [1420f2b2] 17:05:57.823 [pool-6-thread-17] DEBUG c.h.p.o.d.PodServiceAccountResource - [helmroll] Desired PodServiceAccountResource (serviceAccountName: hivemq-platform-pod-test-hivemq-platform)
2025-01-29 17:05:57,826 INFO c.h.h.t.HelmChartContainer - [EVENT] Normal [Started] Started container hivemq [helmrollingupgradeplatformit:test-hivemq-platform-0]
2025-01-29 17:05:57,826 INFO c.h.h.t.HelmChartContainer - Received Started event for container hivemq in pod test-hivemq-platform-0 [db0cd3b9-0a38-4516-83e1-3ca6931561c4]
2025-01-29 17:05:57,831 INFO c.h.h.t.HelmChartContainer - [hivemq-test-hivemq-platform] [hivemq-platform-operator] [1420f2b2] 17:05:57.830 [pool-6-thread-11] DEBUG c.h.p.o.d.StatefulSetResource - [helmroll] Desired StatefulSet (1 replicas) for status STARTING (READY)
2025-01-29 17:05:57,837 INFO c.h.h.t.HelmChartContainer - [hivemq-test-hivemq-platform] [hivemq-platform-operator] [1420f2b2] 17:05:57.835 [ReconcilerExecutor-hivemq-controller-109] INFO  c.h.p.o.HiveMQPlatformReconciler - [helmroll] Reconciling HiveMQ Platform 'test-hivemq-platform' in namespace 'helmrollingupgradeplatformit'
2025-01-29 17:05:57,837 INFO c.h.h.t.HelmChartContainer - [hivemq-test-hivemq-platform] [hivemq-platform-operator] [1420f2b2] 17:05:57.835 [ReconcilerExecutor-hivemq-controller-109] DEBUG c.h.p.o.HiveMQPlatformReconciler - [helmroll] Custom Resource Status STARTING - HiveMQ Platform is starting (READY)
2025-01-29 17:05:57,837 INFO c.h.h.t.HelmChartContainer - [hivemq-test-hivemq-platform] [hivemq-platform-operator] [1420f2b2] 17:05:57.835 [ReconcilerExecutor-hivemq-controller-109] DEBUG c.h.p.o.HiveMQPlatformReconciler - [helmroll] Custom Resource Spec (replicas: 1) (extensions: 1)
2025-01-29 17:05:57,838 INFO c.h.h.t.HelmChartContainer - [hivemq-test-hivemq-platform] [hivemq-platform-operator] [1420f2b2] 17:05:57.837 [ReconcilerExecutor-hivemq-controller-109] DEBUG c.h.p.o.HiveMQPlatformReconciler - [helmroll] StatefulSet Status (revision: test-hivemq-platform-54c4467984, replicas: 1, available: 0, ready: 0, current: 1, updated: 1)
2025-01-29 17:05:57,838 INFO c.h.h.t.HelmChartContainer - [hivemq-test-hivemq-platform] [hivemq-platform-operator] [1420f2b2] 17:05:57.837 [ReconcilerExecutor-hivemq-controller-109] DEBUG c.h.p.o.HiveMQPlatformReconciler - [helmroll] StatefulSet Spec (replicas: 1, init containers: 1, containers: 1, volumes: 3)
2025-01-29 17:05:57,914 INFO c.h.h.t.HelmChartContainer - [hivemq-test-hivemq-platform] [hivemq-platform-operator] [1420f2b2] 17:05:57.912 [ReconcilerExecutor-hivemq-controller-109] DEBUG c.h.p.o.h.HiveMQPlatformReconcilerErrorHandler - [helmroll] Pod 'test-hivemq-platform-0' phase Running
2025-01-29 17:05:57,915 INFO c.h.h.t.HelmChartContainer - [hivemq-test-hivemq-platform] [hivemq-platform-operator] [1420f2b2] 17:05:57.913 [ReconcilerExecutor-hivemq-controller-109] INFO  c.h.p.o.h.HiveMQPlatformReconcilerBaseHandler - [helmroll] HiveMQ Platform is starting, 0 of 1 replicas are ready
2025-01-29 17:05:57,918 INFO c.h.h.t.HelmChartContainer - [hivemq-test-hivemq-platform] [hivemq-platform-operator] [1420f2b2] 17:05:57.917 [pool-6-thread-22] DEBUG c.h.p.o.d.PlatformServiceResource - [helmroll] Desired Platform services (3 services)
2025-01-29 17:05:57,919 INFO c.h.h.t.HelmChartContainer - [hivemq-test-hivemq-platform] [hivemq-platform-operator] [1420f2b2] 17:05:57.918 [pool-6-thread-27] DEBUG c.h.p.o.dependants.PodInfoConfigMap - [helmroll] Desired PodInfo ConfigMap (1 extensions) (1 enabled)
2025-01-29 17:05:57,919 INFO c.h.h.t.HelmChartContainer - [hivemq-test-hivemq-platform] [hivemq-platform-operator] [1420f2b2] 17:05:57.918 [pool-6-thread-27] DEBUG c.h.p.o.dependants.PodInfoConfigMap - [helmroll] Desired PodInfo ConfigMap (metrics port: 9399) (metrics path: /)
2025-01-29 17:05:57,919 INFO c.h.h.t.HelmChartContainer - [hivemq-test-hivemq-platform] [hivemq-platform-operator] [1420f2b2] 17:05:57.918 [pool-6-thread-27] DEBUG c.h.p.o.dependants.PodInfoConfigMap - [helmroll] Desired PodInfo ConfigMap (extension state hash: -1817474005)
2025-01-29 17:05:57,922 INFO c.h.h.t.HelmChartContainer - [hivemq-test-hivemq-platform] [hivemq-platform-operator] [1420f2b2] 17:05:57.920 [pool-6-thread-25] DEBUG c.h.p.o.d.PodServiceAccountResource - [helmroll] Desired PodServiceAccountResource (serviceAccountName: hivemq-platform-pod-test-hivemq-platform)
2025-01-29 17:05:58,013 INFO c.h.h.t.HelmChartContainer - [hivemq-test-hivemq-platform] [hivemq-platform-operator] [1420f2b2] 17:05:58.010 [pool-6-thread-22] DEBUG c.h.p.o.d.StatefulSetResource - [helmroll] Desired StatefulSet (1 replicas) for status STARTING (READY)
2025-01-29 17:05:58,017 INFO c.h.h.t.HelmChartContainer - [hivemq-test-hivemq-platform] [hivemq-platform-operator] [1420f2b2] 17:05:58.016 [ReconcilerExecutor-hivemq-controller-110] INFO  c.h.p.o.HiveMQPlatformReconciler - [helmroll] Reconciling HiveMQ Platform 'test-hivemq-platform' in namespace 'helmrollingupgradeplatformit'
2025-01-29 17:05:58,018 INFO c.h.h.t.HelmChartContainer - [hivemq-test-hivemq-platform] [hivemq-platform-operator] [1420f2b2] 17:05:58.016 [ReconcilerExecutor-hivemq-controller-110] DEBUG c.h.p.o.HiveMQPlatformReconciler - [helmroll] Custom Resource Status STARTING - HiveMQ Platform is starting (READY)
2025-01-29 17:05:58,018 INFO c.h.h.t.HelmChartContainer - [hivemq-test-hivemq-platform] [hivemq-platform-operator] [1420f2b2] 17:05:58.016 [ReconcilerExecutor-hivemq-controller-110] DEBUG c.h.p.o.HiveMQPlatformReconciler - [helmroll] Custom Resource Spec (replicas: 1) (extensions: 1)
2025-01-29 17:05:58,021 INFO c.h.h.t.HelmChartContainer - [hivemq-test-hivemq-platform] [hivemq-platform-operator] [1420f2b2] 17:05:58.018 [ReconcilerExecutor-hivemq-controller-110] DEBUG c.h.p.o.HiveMQPlatformReconciler - [helmroll] StatefulSet Status (revision: test-hivemq-platform-54c4467984, replicas: 1, available: 0, ready: 0, current: 1, updated: 1)
2025-01-29 17:05:58,021 INFO c.h.h.t.HelmChartContainer - [hivemq-test-hivemq-platform] [hivemq-platform-operator] [1420f2b2] 17:05:58.018 [ReconcilerExecutor-hivemq-controller-110] DEBUG c.h.p.o.HiveMQPlatformReconciler - [helmroll] StatefulSet Spec (replicas: 1, init containers: 1, containers: 1, volumes: 3)
2025-01-29 17:05:58,022 INFO c.h.h.t.HelmChartContainer - [hivemq-test-hivemq-platform] [hivemq-platform-operator] [1420f2b2] 17:05:58.020 [ReconcilerExecutor-hivemq-controller-110] DEBUG c.h.p.o.h.HiveMQPlatformReconcilerErrorHandler - [helmroll] Pod 'test-hivemq-platform-0' phase Running
2025-01-29 17:05:58,022 INFO c.h.h.t.HelmChartContainer - [hivemq-test-hivemq-platform] [hivemq-platform-operator] [1420f2b2] 17:05:58.021 [ReconcilerExecutor-hivemq-controller-110] INFO  c.h.p.o.h.HiveMQPlatformReconcilerBaseHandler - [helmroll] HiveMQ Platform is starting, 0 of 1 replicas are ready
2025-01-29 17:05:58,281 INFO c.h.h.t.HelmChartContainer - [test-hivemq-platform] [hivemq] [db0cd3b9] INFO  - [HiveMQ Platform Operator Init 1.7.0-SNAPSHOT] HiveMQ Platform Operator Init 1.7.0-SNAPSHOT (commit: 8465ebf on branch: HEAD) built on Wed Jan 29 16:56:31 UTC 2025
2025-01-29 17:05:59,524 INFO c.h.h.t.HelmChartContainer - [test-hivemq-platform] [hivemq] [db0cd3b9] INFO  - [HiveMQ Platform Operator Init App 1.7.0-SNAPSHOT] Using bind address 10.42.0.10 from environment variable
2025-01-29 17:06:00,506 INFO c.h.h.t.HelmChartContainer - [test-hivemq-platform] [hivemq] [db0cd3b9] INFO  - [HiveMQ Platform Operator Init App 1.7.0-SNAPSHOT] HiveMQ Platform Operator Init App 1.7.0-SNAPSHOT (commit: 8465ebf on branch: HEAD) built on Wed Jan 29 16:56:31 UTC 2025
2025-01-29 17:06:00,506 INFO c.h.h.t.HelmChartContainer - [test-hivemq-platform] [hivemq] [db0cd3b9] INFO  - [HiveMQ Platform Operator Init App 1.7.0-SNAPSHOT] PodInfo ConfigMap directory: /etc/podinfo
2025-01-29 17:06:00,506 INFO c.h.h.t.HelmChartContainer - [test-hivemq-platform] [hivemq] [db0cd3b9] INFO  - [HiveMQ Platform Operator Init App 1.7.0-SNAPSHOT] HiveMQ home directory: /opt/hivemq
2025-01-29 17:06:00,506 INFO c.h.h.t.HelmChartContainer - [test-hivemq-platform] [hivemq] [db0cd3b9] INFO  - [HiveMQ Platform Operator Init App 1.7.0-SNAPSHOT] HiveMQ Logback folder: /opt/hivemq/conf
2025-01-29 17:06:00,506 INFO c.h.h.t.HelmChartContainer - [test-hivemq-platform] [hivemq] [db0cd3b9] INFO  - [HiveMQ Platform Operator Init App 1.7.0-SNAPSHOT] HiveMQ Config folder: /opt/hivemq/conf-k8s
2025-01-29 17:06:00,507 INFO c.h.h.t.HelmChartContainer - [test-hivemq-platform] [hivemq] [db0cd3b9] INFO  - [HiveMQ Platform Operator Init App 1.7.0-SNAPSHOT] Starting HiveMQ Platform Operator Init App
2025-01-29 17:06:00,507 INFO c.h.h.t.HelmChartContainer - [test-hivemq-platform] [hivemq] [db0cd3b9] INFO  - [HiveMQ Platform Operator Init App 1.7.0-SNAPSHOT] Starting Pod reconciler
2025-01-29 17:06:01,873 INFO c.h.h.t.HelmChartContainer - [test-hivemq-platform] [hivemq] [db0cd3b9] INFO  - [HiveMQ Platform Operator Init App 1.7.0-SNAPSHOT] Pod reconciler is scheduled (interval: 5000 ms)
2025-01-29 17:06:01,874 INFO c.h.h.t.HelmChartContainer - [test-hivemq-platform] [hivemq] [db0cd3b9] INFO  - [HiveMQ Platform Operator Init App 1.7.0-SNAPSHOT] Starting the REST API on 10.42.0.10:7979
2025-01-29 17:06:01,877 INFO c.h.h.t.HelmChartContainer - [test-hivemq-platform] [hivemq] [db0cd3b9] INFO  - [HiveMQ Platform Operator Init App 1.7.0-SNAPSHOT] Waiting up to 600s for at most 1 HiveMQ nodes in cluster service hivemq-test-hivemq-platform-cluster.helmrollingupgradeplatformit.svc
2025-01-29 17:06:02,208 INFO c.h.h.t.HelmChartContainer - [test-hivemq-platform] [hivemq] [db0cd3b9] INFO  - [HiveMQ Platform Operator Init App 1.7.0-SNAPSHOT] Resolved 1 IP addresses: [10.42.0.10]
2025-01-29 17:06:02,209 INFO c.h.h.t.HelmChartContainer - [test-hivemq-platform] [hivemq] [db0cd3b9] INFO  - [HiveMQ Platform Operator Init App 1.7.0-SNAPSHOT] HiveMQ node count of 1 is within threshold of 1
2025-01-29 17:06:02,209 INFO c.h.h.t.HelmChartContainer - [test-hivemq-platform] [hivemq] [db0cd3b9] INFO  - [HiveMQ Platform Operator Init App 1.7.0-SNAPSHOT] Proceeding with container start
2025-01-29 17:06:02,304 INFO c.h.h.t.HelmChartContainer - [test-hivemq-platform] [hivemq] [db0cd3b9] INFO  - [HiveMQ Platform Operator Init App 1.7.0-SNAPSHOT] Initializing HiveMQ Platform extensions with initial configuration: {hivemq-allow-all-extension={start-priority=-1, skip-https-hostname-verification=false, restart=true, config-version=0, header-version=0, c-uri=, priority=-1, uri=preinstalled, skip-https-certificate-validation=false, enabled=true}, hivemq-prometheus-extension={restart=true, priority=-1, start-priority=-1, c-uri=, skip-https-hostname-verification=false, skip-https-certificate-validation=false, uri=preinstalled, request-header-path=no-request-headers, enabled=true}}
2025-01-29 17:06:02,781 INFO c.h.h.t.HelmChartContainer - [test-hivemq-platform] [hivemq] [db0cd3b9] INFO  - [HiveMQ Platform Operator Init App 1.7.0-SNAPSHOT] Extension hivemq-allow-all-extension was already enabled
2025-01-29 17:06:02,876 INFO c.h.h.t.HelmChartContainer - [test-hivemq-platform] [hivemq] [db0cd3b9] INFO  - [HiveMQ Platform Operator Init App 1.7.0-SNAPSHOT] Successfully enabled extension hivemq-prometheus-extension
2025-01-29 17:06:02,877 INFO c.h.h.t.HelmChartContainer - [test-hivemq-platform] [hivemq] [db0cd3b9] INFO  - [HiveMQ Platform Operator Init App 1.7.0-SNAPSHOT] Starting HiveMQ Platform version 4.35.0 (4.35.0)
2025-01-29 17:06:02,878 INFO c.h.h.t.HelmChartContainer - [test-hivemq-platform] [hivemq] [db0cd3b9] INFO  - [HiveMQ Platform Operator Init App 1.7.0-SNAPSHOT] Configuring the HiveMQ Platform
2025-01-29 17:06:02,906 INFO c.h.h.t.HelmChartContainer - [test-hivemq-platform] [hivemq] [db0cd3b9] INFO  - [HiveMQ Platform Operator Init App 1.7.0-SNAPSHOT] Changed logback.xml file scan period to 20 seconds
2025-01-29 17:06:02,999 INFO c.h.h.t.HelmChartContainer - [test-hivemq-platform] [hivemq] [db0cd3b9] INFO  - [HiveMQ Platform Operator Init App 1.7.0-SNAPSHOT] Starting the HiveMQ Platform
2025-01-29 17:06:03,002 INFO c.h.h.t.HelmChartContainer - [test-hivemq-platform] [hivemq] [db0cd3b9] -------------------------------------------------------------------------
2025-01-29 17:06:03,002 INFO c.h.h.t.HelmChartContainer - [test-hivemq-platform] [hivemq] [db0cd3b9] 
2025-01-29 17:06:03,002 INFO c.h.h.t.HelmChartContainer - [test-hivemq-platform] [hivemq] [db0cd3b9]                   _    _  _              __  __   ____
2025-01-29 17:06:03,002 INFO c.h.h.t.HelmChartContainer - [test-hivemq-platform] [hivemq] [db0cd3b9]                  | |  | |(_)            |  \/  | / __ \
2025-01-29 17:06:03,003 INFO c.h.h.t.HelmChartContainer - [test-hivemq-platform] [hivemq] [db0cd3b9]                  | |__| | _ __   __ ___ | \  / || |  | |
2025-01-29 17:06:03,003 INFO c.h.h.t.HelmChartContainer - [test-hivemq-platform] [hivemq] [db0cd3b9]                  |  __  || |\ \ / // _ \| |\/| || |  | |
2025-01-29 17:06:03,003 INFO c.h.h.t.HelmChartContainer - [test-hivemq-platform] [hivemq] [db0cd3b9]                  | |  | || | \ V /|  __/| |  | || |__| |
2025-01-29 17:06:03,003 INFO c.h.h.t.HelmChartContainer - [test-hivemq-platform] [hivemq] [db0cd3b9]                  |_|  |_||_|  \_/  \___||_|  |_| \___\_\
2025-01-29 17:06:03,003 INFO c.h.h.t.HelmChartContainer - [test-hivemq-platform] [hivemq] [db0cd3b9] 
2025-01-29 17:06:03,003 INFO c.h.h.t.HelmChartContainer - [test-hivemq-platform] [hivemq] [db0cd3b9] -------------------------------------------------------------------------
2025-01-29 17:06:03,003 INFO c.h.h.t.HelmChartContainer - [test-hivemq-platform] [hivemq] [db0cd3b9] 
2025-01-29 17:06:03,003 INFO c.h.h.t.HelmChartContainer - [test-hivemq-platform] [hivemq] [db0cd3b9]   HiveMQ Start Script for Linux/Unix v1.14
2025-01-29 17:06:03,003 INFO c.h.h.t.HelmChartContainer - [test-hivemq-platform] [hivemq] [db0cd3b9] 
2025-01-29 17:06:03,084 INFO c.h.h.t.HelmChartContainer - [test-hivemq-platform] [hivemq] [db0cd3b9] -------------------------------------------------------------------------
2025-01-29 17:06:03,084 INFO c.h.h.t.HelmChartContainer - [test-hivemq-platform] [hivemq] [db0cd3b9] 
2025-01-29 17:06:03,084 INFO c.h.h.t.HelmChartContainer - [test-hivemq-platform] [hivemq] [db0cd3b9]   HIVEMQ_HOME: /opt/hivemq
2025-01-29 17:06:03,084 INFO c.h.h.t.HelmChartContainer - [test-hivemq-platform] [hivemq] [db0cd3b9] 
2025-01-29 17:06:03,084 INFO c.h.h.t.HelmChartContainer - [test-hivemq-platform] [hivemq] [db0cd3b9]   JAVA_OPTS: -XX:+UnlockExperimentalVMOptions -XX:InitialRAMPercentage=50 -XX:MaxRAMPercentage=50 -Djava.net.preferIPv4Stack=true --add-opens java.base/java.lang=ALL-UNNAMED --add-opens java.base/java.nio=ALL-UNNAMED --add-opens java.base/sun.nio.ch=ALL-UNNAMED --add-opens jdk.management/com.sun.management.internal=ALL-UNNAMED --add-exports java.base/jdk.internal.misc=ALL-UNNAMED -Djava.security.egd=file:/dev/./urandom -Dcom.sun.management.jmxremote -Dcom.sun.management.jmxremote.port=9010 -Dcom.sun.management.jmxremote.local.only=false -Dcom.sun.management.jmxremote.authenticate=false -Dcom.sun.management.jmxremote.ssl=false -Duser.language=en -Duser.region=US -XX:+CrashOnOutOfMemoryError -XX:+HeapDumpOnOutOfMemoryError
2025-01-29 17:06:03,084 INFO c.h.h.t.HelmChartContainer - [test-hivemq-platform] [hivemq] [db0cd3b9] 
2025-01-29 17:06:03,084 INFO c.h.h.t.HelmChartContainer - [test-hivemq-platform] [hivemq] [db0cd3b9]   JAVA_VERSION: 21
2025-01-29 17:06:03,084 INFO c.h.h.t.HelmChartContainer - [test-hivemq-platform] [hivemq] [db0cd3b9] 
2025-01-29 17:06:03,084 INFO c.h.h.t.HelmChartContainer - [test-hivemq-platform] [hivemq] [db0cd3b9] -------------------------------------------------------------------------
2025-01-29 17:06:03,084 INFO c.h.h.t.HelmChartContainer - [test-hivemq-platform] [hivemq] [db0cd3b9] 
2025-01-29 17:06:03,901 INFO c.h.h.t.HelmChartContainer - [test-hivemq-platform] [hivemq] [db0cd3b9] INFO  - [HiveMQ Platform Operator Init App 1.7.0-SNAPSHOT] Returning default Health API response 503 for readiness
2025-01-29 17:06:04,406 INFO c.h.h.t.HelmChartContainer - [EVENT] Warning [Unhealthy] Readiness probe failed: HTTP probe failed with statuscode: 503 [helmrollingupgradeplatformit:test-hivemq-platform-0]
2025-01-29 17:06:04,407 INFO c.h.h.t.HelmChartContainer - Received Unhealthy event for container hivemq in pod test-hivemq-platform-0 [db0cd3b9-0a38-4516-83e1-3ca6931561c4]
2025-01-29 17:06:04,687 INFO c.h.h.t.HelmChartContainer - [K3S] [range_allocator.go:247] "Successfully synced" key="28b958d3512c"
2025-01-29 17:06:05,801 INFO c.h.h.t.HelmChartContainer - [test-hivemq-platform] [hivemq] [db0cd3b9] INFO  - Starting HiveMQ Enterprise Server
2025-01-29 17:06:05,807 INFO c.h.h.t.HelmChartContainer - [test-hivemq-platform] [hivemq] [db0cd3b9] INFO  - HiveMQ version: 4.35.0
2025-01-29 17:06:05,807 INFO c.h.h.t.HelmChartContainer - [test-hivemq-platform] [hivemq] [db0cd3b9] INFO  - HiveMQ home directory: /opt/hivemq
2025-01-29 17:06:05,807 INFO c.h.h.t.HelmChartContainer - [test-hivemq-platform] [hivemq] [db0cd3b9] INFO  - Log Configuration was overridden by /opt/hivemq/conf/logback.xml
2025-01-29 17:06:07,202 INFO c.h.h.t.HelmChartContainer - [test-hivemq-platform] [hivemq] [db0cd3b9] INFO  - Successfully loaded configuration from '/opt/hivemq/conf-k8s/config.xml'.
2025-01-29 17:06:07,876 INFO c.h.h.t.HelmChartContainer - [test-hivemq-platform] [hivemq] [db0cd3b9] INFO  - This node's ID is WpYmB
2025-01-29 17:06:07,876 INFO c.h.h.t.HelmChartContainer - [test-hivemq-platform] [hivemq] [db0cd3b9] INFO  - Clustering is enabled
2025-01-29 17:06:08,028 INFO c.h.h.t.HelmChartContainer - [hivemq-test-hivemq-platform] [hivemq-platform-operator] [1420f2b2] 17:06:08.026 [pool-6-thread-37] DEBUG c.h.p.o.d.PlatformServiceResource - [helmroll] Desired Platform services (3 services)
2025-01-29 17:06:08,029 INFO c.h.h.t.HelmChartContainer - [hivemq-test-hivemq-platform] [hivemq-platform-operator] [1420f2b2] 17:06:08.027 [pool-6-thread-31] DEBUG c.h.p.o.dependants.PodInfoConfigMap - [helmroll] Desired PodInfo ConfigMap (1 extensions) (1 enabled)
2025-01-29 17:06:08,029 INFO c.h.h.t.HelmChartContainer - [hivemq-test-hivemq-platform] [hivemq-platform-operator] [1420f2b2] 17:06:08.027 [pool-6-thread-31] DEBUG c.h.p.o.dependants.PodInfoConfigMap - [helmroll] Desired PodInfo ConfigMap (metrics port: 9399) (metrics path: /)
2025-01-29 17:06:08,029 INFO c.h.h.t.HelmChartContainer - [hivemq-test-hivemq-platform] [hivemq-platform-operator] [1420f2b2] 17:06:08.027 [pool-6-thread-31] DEBUG c.h.p.o.dependants.PodInfoConfigMap - [helmroll] Desired PodInfo ConfigMap (extension state hash: -1817474005)
2025-01-29 17:06:08,030 INFO c.h.h.t.HelmChartContainer - [hivemq-test-hivemq-platform] [hivemq-platform-operator] [1420f2b2] 17:06:08.029 [pool-6-thread-33] DEBUG c.h.p.o.d.PodServiceAccountResource - [helmroll] Desired PodServiceAccountResource (serviceAccountName: hivemq-platform-pod-test-hivemq-platform)
2025-01-29 17:06:08,035 INFO c.h.h.t.HelmChartContainer - [hivemq-test-hivemq-platform] [hivemq-platform-operator] [1420f2b2] 17:06:08.034 [pool-6-thread-37] DEBUG c.h.p.o.d.StatefulSetResource - [helmroll] Desired StatefulSet (1 replicas) for status STARTING (READY)
2025-01-29 17:06:08,040 INFO c.h.h.t.HelmChartContainer - [hivemq-test-hivemq-platform] [hivemq-platform-operator] [1420f2b2] 17:06:08.038 [ReconcilerExecutor-hivemq-controller-111] INFO  c.h.p.o.HiveMQPlatformReconciler - [helmroll] Reconciling HiveMQ Platform 'test-hivemq-platform' in namespace 'helmrollingupgradeplatformit'
2025-01-29 17:06:08,040 INFO c.h.h.t.HelmChartContainer - [hivemq-test-hivemq-platform] [hivemq-platform-operator] [1420f2b2] 17:06:08.038 [ReconcilerExecutor-hivemq-controller-111] DEBUG c.h.p.o.HiveMQPlatformReconciler - [helmroll] Custom Resource Status STARTING - HiveMQ Platform is starting (READY)
2025-01-29 17:06:08,040 INFO c.h.h.t.HelmChartContainer - [hivemq-test-hivemq-platform] [hivemq-platform-operator] [1420f2b2] 17:06:08.038 [ReconcilerExecutor-hivemq-controller-111] DEBUG c.h.p.o.HiveMQPlatformReconciler - [helmroll] Custom Resource Spec (replicas: 1) (extensions: 1)
2025-01-29 17:06:08,111 INFO c.h.h.t.HelmChartContainer - [hivemq-test-hivemq-platform] [hivemq-platform-operator] [1420f2b2] 17:06:08.109 [ReconcilerExecutor-hivemq-controller-111] DEBUG c.h.p.o.HiveMQPlatformReconciler - [helmroll] StatefulSet Status (revision: test-hivemq-platform-54c4467984, replicas: 1, available: 0, ready: 0, current: 1, updated: 1)
2025-01-29 17:06:08,112 INFO c.h.h.t.HelmChartContainer - [hivemq-test-hivemq-platform] [hivemq-platform-operator] [1420f2b2] 17:06:08.109 [ReconcilerExecutor-hivemq-controller-111] DEBUG c.h.p.o.HiveMQPlatformReconciler - [helmroll] StatefulSet Spec (replicas: 1, init containers: 1, containers: 1, volumes: 3)
2025-01-29 17:06:08,112 INFO c.h.h.t.HelmChartContainer - [hivemq-test-hivemq-platform] [hivemq-platform-operator] [1420f2b2] 17:06:08.110 [ReconcilerExecutor-hivemq-controller-111] DEBUG c.h.p.o.h.HiveMQPlatformReconcilerErrorHandler - [helmroll] Pod 'test-hivemq-platform-0' phase Running
2025-01-29 17:06:08,113 INFO c.h.h.t.HelmChartContainer - [hivemq-test-hivemq-platform] [hivemq-platform-operator] [1420f2b2] 17:06:08.111 [ReconcilerExecutor-hivemq-controller-111] INFO  c.h.p.o.h.HiveMQPlatformReconcilerBaseHandler - [helmroll] HiveMQ Platform is starting, 0 of 1 replicas are ready
2025-01-29 17:06:09,376 INFO c.h.h.t.HelmChartContainer - [test-hivemq-platform] [hivemq] [db0cd3b9] WARN  - [HiveMQ Platform Operator Init App 1.7.0-SNAPSHOT] Cannot connect to Health API for readiness: null
2025-01-29 17:06:09,381 INFO c.h.h.t.HelmChartContainer - [EVENT] Warning [Unhealthy] Readiness probe failed: HTTP probe failed with statuscode: 503 [helmrollingupgradeplatformit:test-hivemq-platform-0]
2025-01-29 17:06:09,381 INFO c.h.h.t.HelmChartContainer - Received Unhealthy event for container hivemq in pod test-hivemq-platform-0 [db0cd3b9-0a38-4516-83e1-3ca6931561c4]
2025-01-29 17:06:13,101 INFO c.h.h.t.HelmChartContainer - [test-hivemq-platform] [hivemq] [db0cd3b9] Jan 29, 2025 5:06:13 PM io.vertx.core.impl.BlockedThreadChecker
2025-01-29 17:06:13,101 INFO c.h.h.t.HelmChartContainer - [test-hivemq-platform] [hivemq] [db0cd3b9] WARNING: Thread Thread[vert.x-eventloop-thread-1,5,main] has been blocked for 2901 ms, time limit is 2000 ms
2025-01-29 17:06:13,799 INFO c.h.h.t.HelmChartContainer - [test-hivemq-platform] [hivemq] [db0cd3b9] INFO  - [HiveMQ Platform Operator Init App 1.7.0-SNAPSHOT] Updating Pod HiveMQ Platform Operator Init App version annotation (version: 1.7.0-SNAPSHOT)
2025-01-29 17:06:13,873 INFO c.h.h.t.HelmChartContainer - [test-hivemq-platform] [hivemq] [db0cd3b9] WARN  - [HiveMQ Platform Operator Init App 1.7.0-SNAPSHOT] Cannot connect to Health API for readiness: null
2025-01-29 17:06:13,879 INFO c.h.h.t.HelmChartContainer - [EVENT] Warning [Unhealthy] Readiness probe failed: HTTP probe failed with statuscode: 503 [helmrollingupgradeplatformit:test-hivemq-platform-0]
2025-01-29 17:06:13,879 INFO c.h.h.t.HelmChartContainer - Received Unhealthy event for container hivemq in pod test-hivemq-platform-0 [db0cd3b9-0a38-4516-83e1-3ca6931561c4]
2025-01-29 17:06:14,385 INFO c.h.h.t.HelmChartContainer - [POD] test-hivemq-platform-0 [db0cd3b9-0a38-4516-83e1-3ca6931561c4] in helmrollingupgradeplatformit was MODIFIED
2025-01-29 17:06:14,400 INFO c.h.h.t.HelmChartContainer - [hivemq-test-hivemq-platform] [hivemq-platform-operator] [1420f2b2] 17:06:14.389 [pool-6-thread-41] DEBUG c.h.p.o.d.PlatformServiceResource - [helmroll] Desired Platform services (3 services)
2025-01-29 17:06:14,400 INFO c.h.h.t.HelmChartContainer - [hivemq-test-hivemq-platform] [hivemq-platform-operator] [1420f2b2] 17:06:14.391 [pool-6-thread-47] DEBUG c.h.p.o.dependants.PodInfoConfigMap - [helmroll] Desired PodInfo ConfigMap (1 extensions) (1 enabled)
2025-01-29 17:06:14,400 INFO c.h.h.t.HelmChartContainer - [hivemq-test-hivemq-platform] [hivemq-platform-operator] [1420f2b2] 17:06:14.391 [pool-6-thread-47] DEBUG c.h.p.o.dependants.PodInfoConfigMap - [helmroll] Desired PodInfo ConfigMap (metrics port: 9399) (metrics path: /)
2025-01-29 17:06:14,400 INFO c.h.h.t.HelmChartContainer - [hivemq-test-hivemq-platform] [hivemq-platform-operator] [1420f2b2] 17:06:14.391 [pool-6-thread-47] DEBUG c.h.p.o.dependants.PodInfoConfigMap - [helmroll] Desired PodInfo ConfigMap (extension state hash: -1817474005)
2025-01-29 17:06:14,403 INFO c.h.h.t.HelmChartContainer - [hivemq-test-hivemq-platform] [hivemq-platform-operator] [1420f2b2] 17:06:14.393 [pool-6-thread-46] DEBUG c.h.p.o.d.PodServiceAccountResource - [helmroll] Desired PodServiceAccountResource (serviceAccountName: hivemq-platform-pod-test-hivemq-platform)
2025-01-29 17:06:14,404 INFO c.h.h.t.HelmChartContainer - [hivemq-test-hivemq-platform] [hivemq-platform-operator] [1420f2b2] 17:06:14.401 [pool-6-thread-41] DEBUG c.h.p.o.d.StatefulSetResource - [helmroll] Desired StatefulSet (1 replicas) for status STARTING (READY)
2025-01-29 17:06:14,412 INFO c.h.h.t.HelmChartContainer - [test-hivemq-platform] [hivemq] [db0cd3b9] WARN  - [HiveMQ Platform Operator Init App 1.7.0-SNAPSHOT] Cannot connect to Health API for readiness: null
2025-01-29 17:06:14,447 INFO c.h.h.t.HelmChartContainer - [hivemq-test-hivemq-platform] [hivemq-platform-operator] [1420f2b2] 17:06:14.445 [ReconcilerExecutor-hivemq-controller-112] INFO  c.h.p.o.HiveMQPlatformReconciler - [helmroll] Reconciling HiveMQ Platform 'test-hivemq-platform' in namespace 'helmrollingupgradeplatformit'
2025-01-29 17:06:14,447 INFO c.h.h.t.HelmChartContainer - [hivemq-test-hivemq-platform] [hivemq-platform-operator] [1420f2b2] 17:06:14.446 [ReconcilerExecutor-hivemq-controller-112] DEBUG c.h.p.o.HiveMQPlatformReconciler - [helmroll] Custom Resource Status STARTING - HiveMQ Platform is starting (READY)
2025-01-29 17:06:14,447 INFO c.h.h.t.HelmChartContainer - [hivemq-test-hivemq-platform] [hivemq-platform-operator] [1420f2b2] 17:06:14.446 [ReconcilerExecutor-hivemq-controller-112] DEBUG c.h.p.o.HiveMQPlatformReconciler - [helmroll] Custom Resource Spec (replicas: 1) (extensions: 1)
2025-01-29 17:06:14,451 INFO c.h.h.t.HelmChartContainer - [hivemq-test-hivemq-platform] [hivemq-platform-operator] [1420f2b2] 17:06:14.448 [ReconcilerExecutor-hivemq-controller-112] DEBUG c.h.p.o.HiveMQPlatformReconciler - [helmroll] StatefulSet Status (revision: test-hivemq-platform-54c4467984, replicas: 1, available: 0, ready: 0, current: 1, updated: 1)
2025-01-29 17:06:14,451 INFO c.h.h.t.HelmChartContainer - [hivemq-test-hivemq-platform] [hivemq-platform-operator] [1420f2b2] 17:06:14.448 [ReconcilerExecutor-hivemq-controller-112] DEBUG c.h.p.o.HiveMQPlatformReconciler - [helmroll] StatefulSet Spec (replicas: 1, init containers: 1, containers: 1, volumes: 3)
2025-01-29 17:06:14,453 INFO c.h.h.t.HelmChartContainer - [hivemq-test-hivemq-platform] [hivemq-platform-operator] [1420f2b2] 17:06:14.452 [ReconcilerExecutor-hivemq-controller-112] DEBUG c.h.p.o.h.HiveMQPlatformReconcilerErrorHandler - [helmroll] Pod 'test-hivemq-platform-0' phase Running
2025-01-29 17:06:14,454 INFO c.h.h.t.HelmChartContainer - [hivemq-test-hivemq-platform] [hivemq-platform-operator] [1420f2b2] 17:06:14.453 [ReconcilerExecutor-hivemq-controller-112] INFO  c.h.p.o.h.HiveMQPlatformReconcilerBaseHandler - [helmroll] HiveMQ Platform is starting, 0 of 1 replicas are ready
2025-01-29 17:06:14,475 INFO c.h.h.t.HelmChartContainer - [test-hivemq-platform] [hivemq] [db0cd3b9] INFO  - [HiveMQ Platform Operator Init App 1.7.0-SNAPSHOT] Successfully updated Pod HiveMQ Platform Operator Init App version annotation (version: 1.7.0-SNAPSHOT)
2025-01-29 17:06:14,486 INFO c.h.h.t.HelmChartContainer - [EVENT] Warning [Unhealthy] Readiness probe failed: HTTP probe failed with statuscode: 503 [helmrollingupgradeplatformit:test-hivemq-platform-0]
2025-01-29 17:06:14,486 INFO c.h.h.t.HelmChartContainer - Received Unhealthy event for container hivemq in pod test-hivemq-platform-0 [db0cd3b9-0a38-4516-83e1-3ca6931561c4]
2025-01-29 17:06:15,879 INFO c.h.h.t.HelmChartContainer - [test-hivemq-platform] [hivemq] [db0cd3b9] WARN  - [HiveMQ Platform Operator Init App 1.7.0-SNAPSHOT] Cannot connect to Health API for liveness: null
2025-01-29 17:06:15,879 INFO c.h.h.t.HelmChartContainer - [test-hivemq-platform] [hivemq] [db0cd3b9] INFO  - [HiveMQ Platform Operator Init App 1.7.0-SNAPSHOT] Returning default Health API response 200 for liveness
2025-01-29 17:06:19,401 INFO c.h.h.t.HelmChartContainer - [test-hivemq-platform] [hivemq] [db0cd3b9] WARN  - [HiveMQ Platform Operator Init App 1.7.0-SNAPSHOT] Cannot connect to Health API for readiness: null
2025-01-29 17:06:19,405 INFO c.h.h.t.HelmChartContainer - [EVENT] Warning [Unhealthy] Readiness probe failed: HTTP probe failed with statuscode: 503 [helmrollingupgradeplatformit:test-hivemq-platform-0]
2025-01-29 17:06:19,406 INFO c.h.h.t.HelmChartContainer - Received Unhealthy event for container hivemq in pod test-hivemq-platform-0 [db0cd3b9-0a38-4516-83e1-3ca6931561c4]
2025-01-29 17:06:24,402 INFO c.h.h.t.HelmChartContainer - [test-hivemq-platform] [hivemq] [db0cd3b9] WARN  - [HiveMQ Platform Operator Init App 1.7.0-SNAPSHOT] Cannot connect to Health API for readiness: null
2025-01-29 17:06:24,407 INFO c.h.h.t.HelmChartContainer - [EVENT] Warning [Unhealthy] Readiness probe failed: HTTP probe failed with statuscode: 503 [helmrollingupgradeplatformit:test-hivemq-platform-0]
2025-01-29 17:06:24,407 INFO c.h.h.t.HelmChartContainer - Received Unhealthy event for container hivemq in pod test-hivemq-platform-0 [db0cd3b9-0a38-4516-83e1-3ca6931561c4]
2025-01-29 17:06:24,463 INFO c.h.h.t.HelmChartContainer - [hivemq-test-hivemq-platform] [hivemq-platform-operator] [1420f2b2] 17:06:24.459 [pool-6-thread-3] DEBUG c.h.p.o.d.PlatformServiceResource - [helmroll] Desired Platform services (3 services)
2025-01-29 17:06:24,463 INFO c.h.h.t.HelmChartContainer - [hivemq-test-hivemq-platform] [hivemq-platform-operator] [1420f2b2] 17:06:24.459 [pool-6-thread-5] DEBUG c.h.p.o.dependants.PodInfoConfigMap - [helmroll] Desired PodInfo ConfigMap (1 extensions) (1 enabled)
2025-01-29 17:06:24,463 INFO c.h.h.t.HelmChartContainer - [hivemq-test-hivemq-platform] [hivemq-platform-operator] [1420f2b2] 17:06:24.460 [pool-6-thread-5] DEBUG c.h.p.o.dependants.PodInfoConfigMap - [helmroll] Desired PodInfo ConfigMap (metrics port: 9399) (metrics path: /)
2025-01-29 17:06:24,463 INFO c.h.h.t.HelmChartContainer - [hivemq-test-hivemq-platform] [hivemq-platform-operator] [1420f2b2] 17:06:24.460 [pool-6-thread-5] DEBUG c.h.p.o.dependants.PodInfoConfigMap - [helmroll] Desired PodInfo ConfigMap (extension state hash: -1817474005)
2025-01-29 17:06:24,464 INFO c.h.h.t.HelmChartContainer - [hivemq-test-hivemq-platform] [hivemq-platform-operator] [1420f2b2] 17:06:24.461 [pool-6-thread-1] DEBUG c.h.p.o.d.PodServiceAccountResource - [helmroll] Desired PodServiceAccountResource (serviceAccountName: hivemq-platform-pod-test-hivemq-platform)
2025-01-29 17:06:24,465 INFO c.h.h.t.HelmChartContainer - [hivemq-test-hivemq-platform] [hivemq-platform-operator] [1420f2b2] 17:06:24.464 [pool-6-thread-3] DEBUG c.h.p.o.d.StatefulSetResource - [helmroll] Desired StatefulSet (1 replicas) for status STARTING (READY)
2025-01-29 17:06:24,470 INFO c.h.h.t.HelmChartContainer - [hivemq-test-hivemq-platform] [hivemq-platform-operator] [1420f2b2] 17:06:24.467 [ReconcilerExecutor-hivemq-controller-113] INFO  c.h.p.o.HiveMQPlatformReconciler - [helmroll] Reconciling HiveMQ Platform 'test-hivemq-platform' in namespace 'helmrollingupgradeplatformit'
2025-01-29 17:06:24,470 INFO c.h.h.t.HelmChartContainer - [hivemq-test-hivemq-platform] [hivemq-platform-operator] [1420f2b2] 17:06:24.467 [ReconcilerExecutor-hivemq-controller-113] DEBUG c.h.p.o.HiveMQPlatformReconciler - [helmroll] Custom Resource Status STARTING - HiveMQ Platform is starting (READY)
2025-01-29 17:06:24,470 INFO c.h.h.t.HelmChartContainer - [hivemq-test-hivemq-platform] [hivemq-platform-operator] [1420f2b2] 17:06:24.467 [ReconcilerExecutor-hivemq-controller-113] DEBUG c.h.p.o.HiveMQPlatformReconciler - [helmroll] Custom Resource Spec (replicas: 1) (extensions: 1)
2025-01-29 17:06:24,470 INFO c.h.h.t.HelmChartContainer - [hivemq-test-hivemq-platform] [hivemq-platform-operator] [1420f2b2] 17:06:24.469 [ReconcilerExecutor-hivemq-controller-113] DEBUG c.h.p.o.HiveMQPlatformReconciler - [helmroll] StatefulSet Status (revision: test-hivemq-platform-54c4467984, replicas: 1, available: 0, ready: 0, current: 1, updated: 1)
2025-01-29 17:06:24,470 INFO c.h.h.t.HelmChartContainer - [hivemq-test-hivemq-platform] [hivemq-platform-operator] [1420f2b2] 17:06:24.469 [ReconcilerExecutor-hivemq-controller-113] DEBUG c.h.p.o.HiveMQPlatformReconciler - [helmroll] StatefulSet Spec (replicas: 1, init containers: 1, containers: 1, volumes: 3)
2025-01-29 17:06:24,472 INFO c.h.h.t.HelmChartContainer - [hivemq-test-hivemq-platform] [hivemq-platform-operator] [1420f2b2] 17:06:24.471 [ReconcilerExecutor-hivemq-controller-113] DEBUG c.h.p.o.h.HiveMQPlatformReconcilerErrorHandler - [helmroll] Pod 'test-hivemq-platform-0' phase Running
2025-01-29 17:06:24,473 INFO c.h.h.t.HelmChartContainer - [hivemq-test-hivemq-platform] [hivemq-platform-operator] [1420f2b2] 17:06:24.472 [ReconcilerExecutor-hivemq-controller-113] INFO  c.h.p.o.h.HiveMQPlatformReconcilerBaseHandler - [helmroll] HiveMQ Platform is starting, 0 of 1 replicas are ready
2025-01-29 17:06:25,318 INFO c.h.h.t.HelmChartContainer - [test-hivemq-platform] [hivemq] [db0cd3b9] INFO  - No valid license file found. Using trial license, restricted to 25 connections.
2025-01-29 17:06:25,719 INFO c.h.h.t.HelmChartContainer - [K3S] [INFO] COMPACT compactRev=0 targetCompactRev=2 currentRev=1109
2025-01-29 17:06:25,720 INFO c.h.h.t.HelmChartContainer - [K3S] [INFO] COMPACT deleted 0 rows from 2 revisions in 439.497µs - compacted to 2/1109
2025-01-29 17:06:25,720 INFO c.h.h.t.HelmChartContainer - [K3S] [INFO] COMPACT compacted from 0 to 2 in 1 transactions over 1ms
2025-01-29 17:06:28,276 INFO c.h.h.t.HelmChartContainer - [test-hivemq-platform] [hivemq] [db0cd3b9] INFO  - No valid license file for Data Hub found. Using free license, restricted to 1 policy.
2025-01-29 17:06:29,277 INFO c.h.h.t.HelmChartContainer - [test-hivemq-platform] [hivemq] [db0cd3b9] INFO  - Audit Logger started.
2025-01-29 17:06:29,365 INFO c.h.h.t.HelmChartContainer - [K3S] [info.go:53] Couldn't collect info from any of the files in "/etc/machine-id,/var/lib/dbus/machine-id"
2025-01-29 17:06:29,401 INFO c.h.h.t.HelmChartContainer - [test-hivemq-platform] [hivemq] [db0cd3b9] WARN  - [HiveMQ Platform Operator Init App 1.7.0-SNAPSHOT] Cannot connect to Health API for readiness: null
2025-01-29 17:06:29,406 INFO c.h.h.t.HelmChartContainer - [EVENT] Warning [Unhealthy] Readiness probe failed: HTTP probe failed with statuscode: 503 [helmrollingupgradeplatformit:test-hivemq-platform-0]
2025-01-29 17:06:29,406 INFO c.h.h.t.HelmChartContainer - Received Unhealthy event for container hivemq in pod test-hivemq-platform-0 [db0cd3b9-0a38-4516-83e1-3ca6931561c4]
2025-01-29 17:06:29,589 INFO c.h.h.t.HelmChartContainer - [test-hivemq-platform] [hivemq] [db0cd3b9] INFO  - This node uses '1' CPU cores.
2025-01-29 17:06:29,603 INFO c.h.h.t.HelmChartContainer - [test-hivemq-platform] [hivemq] [db0cd3b9] INFO  - Starting HiveMQ Health API on address 0.0.0.0 and port 8889
2025-01-29 17:06:30,511 INFO c.h.h.t.HelmChartContainer - [test-hivemq-platform] [hivemq] [db0cd3b9] INFO  - Started HiveMQ Health API in 908ms
2025-01-29 17:06:30,575 INFO c.h.h.t.HelmChartContainer - [test-hivemq-platform] [hivemq] [db0cd3b9] INFO  - Starting HiveMQ extension system.
2025-01-29 17:06:30,876 INFO c.h.h.t.HelmChartContainer - [test-hivemq-platform] [hivemq] [db0cd3b9] INFO  - Starting extension with id "hivemq-dns-cluster-discovery" at /opt/hivemq/extensions/hivemq-dns-cluster-discovery
2025-01-29 17:06:31,404 INFO c.h.h.t.HelmChartContainer - [test-hivemq-platform] [hivemq] [db0cd3b9] INFO  - Extension "DNS Cluster Discovery Extension" version 4.3.2 started successfully.
2025-01-29 17:06:31,405 INFO c.h.h.t.HelmChartContainer - [test-hivemq-platform] [hivemq] [db0cd3b9] INFO  - Starting extension with id "hivemq-prometheus-extension" at /opt/hivemq/extensions/hivemq-prometheus-extension
2025-01-29 17:06:31,405 INFO c.h.h.t.HelmChartContainer - [test-hivemq-platform] [hivemq] [db0cd3b9] INFO  - Using TCP cluster transport on address 10.42.0.10 and port 7000
2025-01-29 17:06:31,409 INFO c.h.h.t.HelmChartContainer - [test-hivemq-platform] [hivemq] [db0cd3b9] INFO  - Using extension cluster discovery
2025-01-29 17:06:32,576 INFO c.h.h.t.HelmChartContainer - [test-hivemq-platform] [hivemq] [db0cd3b9] INFO  - Started Jetty Server exposing Prometheus Servlet on URI http://0.0.0.0:9399/
2025-01-29 17:06:32,576 INFO c.h.h.t.HelmChartContainer - [test-hivemq-platform] [hivemq] [db0cd3b9] INFO  - Extension "Prometheus Monitoring Extension" version 4.0.12 started successfully.
2025-01-29 17:06:32,577 INFO c.h.h.t.HelmChartContainer - [test-hivemq-platform] [hivemq] [db0cd3b9] INFO  - Starting extension with id "hivemq-allow-all-extension" at /opt/hivemq/extensions/hivemq-allow-all-extension
2025-01-29 17:06:32,577 INFO c.h.h.t.HelmChartContainer - [test-hivemq-platform] [hivemq] [db0cd3b9] WARN  - 
2025-01-29 17:06:32,577 INFO c.h.h.t.HelmChartContainer - [test-hivemq-platform] [hivemq] [db0cd3b9] ################################################################################################################
2025-01-29 17:06:32,577 INFO c.h.h.t.HelmChartContainer - [test-hivemq-platform] [hivemq] [db0cd3b9] # This HiveMQ deployment is not secure! You are lacking Authentication and Authorization.                      #
2025-01-29 17:06:32,577 INFO c.h.h.t.HelmChartContainer - [test-hivemq-platform] [hivemq] [db0cd3b9] # Right now any MQTT client can connect to the broker with a full set of permissions.                          #
2025-01-29 17:06:32,577 INFO c.h.h.t.HelmChartContainer - [test-hivemq-platform] [hivemq] [db0cd3b9] # For production usage, add an appropriate security extension and remove the hivemq-allow-all extension.       #
2025-01-29 17:06:32,577 INFO c.h.h.t.HelmChartContainer - [test-hivemq-platform] [hivemq] [db0cd3b9] # You can download security extensions from the HiveMQ Marketplace (https://www.hivemq.com/extensions/).       #
2025-01-29 17:06:32,577 INFO c.h.h.t.HelmChartContainer - [test-hivemq-platform] [hivemq] [db0cd3b9] ################################################################################################################
2025-01-29 17:06:32,577 INFO c.h.h.t.HelmChartContainer - [test-hivemq-platform] [hivemq] [db0cd3b9] INFO  - Extension "Allow All Extension" version 1.1.0 started successfully.
2025-01-29 17:06:34,210 INFO c.h.h.t.HelmChartContainer - [test-hivemq-platform] [hivemq] [db0cd3b9] INFO  - WpYmB: no members discovered after 2309 ms: creating cluster as first member
2025-01-29 17:06:34,218 INFO c.h.h.t.HelmChartContainer - [test-hivemq-platform] [hivemq] [db0cd3b9] INFO  - Cluster nodes found by discovery: [WpYmB|0] (1) [WpYmB].
2025-01-29 17:06:34,304 INFO c.h.h.t.HelmChartContainer - [test-hivemq-platform] [hivemq] [db0cd3b9] INFO  - No user for HiveMQ Control Center configured. Starting with default user
2025-01-29 17:06:34,305 INFO c.h.h.t.HelmChartContainer - [test-hivemq-platform] [hivemq] [db0cd3b9] INFO  - Starting HiveMQ Control Center on address 0.0.0.0 and port 8080
2025-01-29 17:06:34,309 INFO c.h.h.t.HelmChartContainer - [test-hivemq-platform] [hivemq] [db0cd3b9] INFO  - Mounting HiveMQ Control Center V2 Preview
2025-01-29 17:06:34,477 INFO c.h.h.t.HelmChartContainer - [hivemq-test-hivemq-platform] [hivemq-platform-operator] [1420f2b2] 17:06:34.475 [pool-6-thread-19] DEBUG c.h.p.o.d.PlatformServiceResource - [helmroll] Desired Platform services (3 services)
2025-01-29 17:06:34,477 INFO c.h.h.t.HelmChartContainer - [hivemq-test-hivemq-platform] [hivemq-platform-operator] [1420f2b2] 17:06:34.476 [pool-6-thread-15] DEBUG c.h.p.o.dependants.PodInfoConfigMap - [helmroll] Desired PodInfo ConfigMap (1 extensions) (1 enabled)
2025-01-29 17:06:34,477 INFO c.h.h.t.HelmChartContainer - [hivemq-test-hivemq-platform] [hivemq-platform-operator] [1420f2b2] 17:06:34.476 [pool-6-thread-15] DEBUG c.h.p.o.dependants.PodInfoConfigMap - [helmroll] Desired PodInfo ConfigMap (metrics port: 9399) (metrics path: /)
2025-01-29 17:06:34,478 INFO c.h.h.t.HelmChartContainer - [hivemq-test-hivemq-platform] [hivemq-platform-operator] [1420f2b2] 17:06:34.476 [pool-6-thread-15] DEBUG c.h.p.o.dependants.PodInfoConfigMap - [helmroll] Desired PodInfo ConfigMap (extension state hash: -1817474005)
2025-01-29 17:06:34,479 INFO c.h.h.t.HelmChartContainer - [hivemq-test-hivemq-platform] [hivemq-platform-operator] [1420f2b2] 17:06:34.477 [pool-6-thread-15] DEBUG c.h.p.o.d.PodServiceAccountResource - [helmroll] Desired PodServiceAccountResource (serviceAccountName: hivemq-platform-pod-test-hivemq-platform)
2025-01-29 17:06:34,486 INFO c.h.h.t.HelmChartContainer - [hivemq-test-hivemq-platform] [hivemq-platform-operator] [1420f2b2] 17:06:34.485 [pool-6-thread-19] DEBUG c.h.p.o.d.StatefulSetResource - [helmroll] Desired StatefulSet (1 replicas) for status STARTING (READY)
2025-01-29 17:06:34,489 INFO c.h.h.t.HelmChartContainer - [hivemq-test-hivemq-platform] [hivemq-platform-operator] [1420f2b2] 17:06:34.488 [ReconcilerExecutor-hivemq-controller-114] INFO  c.h.p.o.HiveMQPlatformReconciler - [helmroll] Reconciling HiveMQ Platform 'test-hivemq-platform' in namespace 'helmrollingupgradeplatformit'
2025-01-29 17:06:34,490 INFO c.h.h.t.HelmChartContainer - [hivemq-test-hivemq-platform] [hivemq-platform-operator] [1420f2b2] 17:06:34.488 [ReconcilerExecutor-hivemq-controller-114] DEBUG c.h.p.o.HiveMQPlatformReconciler - [helmroll] Custom Resource Status STARTING - HiveMQ Platform is starting (READY)
2025-01-29 17:06:34,490 INFO c.h.h.t.HelmChartContainer - [hivemq-test-hivemq-platform] [hivemq-platform-operator] [1420f2b2] 17:06:34.488 [ReconcilerExecutor-hivemq-controller-114] DEBUG c.h.p.o.HiveMQPlatformReconciler - [helmroll] Custom Resource Spec (replicas: 1) (extensions: 1)
2025-01-29 17:06:34,539 INFO c.h.h.t.HelmChartContainer - [hivemq-test-hivemq-platform] [hivemq-platform-operator] [1420f2b2] 17:06:34.538 [ReconcilerExecutor-hivemq-controller-114] DEBUG c.h.p.o.HiveMQPlatformReconciler - [helmroll] StatefulSet Status (revision: test-hivemq-platform-54c4467984, replicas: 1, available: 0, ready: 0, current: 1, updated: 1)
2025-01-29 17:06:34,540 INFO c.h.h.t.HelmChartContainer - [hivemq-test-hivemq-platform] [hivemq-platform-operator] [1420f2b2] 17:06:34.538 [ReconcilerExecutor-hivemq-controller-114] DEBUG c.h.p.o.HiveMQPlatformReconciler - [helmroll] StatefulSet Spec (replicas: 1, init containers: 1, containers: 1, volumes: 3)
2025-01-29 17:06:34,541 INFO c.h.h.t.HelmChartContainer - [hivemq-test-hivemq-platform] [hivemq-platform-operator] [1420f2b2] 17:06:34.539 [ReconcilerExecutor-hivemq-controller-114] DEBUG c.h.p.o.h.HiveMQPlatformReconcilerErrorHandler - [helmroll] Pod 'test-hivemq-platform-0' phase Running
2025-01-29 17:06:34,541 INFO c.h.h.t.HelmChartContainer - [hivemq-test-hivemq-platform] [hivemq-platform-operator] [1420f2b2] 17:06:34.540 [ReconcilerExecutor-hivemq-controller-114] INFO  c.h.p.o.h.HiveMQPlatformReconcilerBaseHandler - [helmroll] HiveMQ Platform is starting, 0 of 1 replicas are ready
2025-01-29 17:06:35,306 INFO c.h.h.t.HelmChartContainer - [test-hivemq-platform] [hivemq] [db0cd3b9] INFO  - [HiveMQ Platform Operator Init App 1.7.0-SNAPSHOT] Returning Health API response 503 for readiness
2025-01-29 17:06:35,311 INFO c.h.h.t.HelmChartContainer - [EVENT] Warning [Unhealthy] Readiness probe failed: HTTP probe failed with statuscode: 503 [helmrollingupgradeplatformit:test-hivemq-platform-0]
2025-01-29 17:06:35,311 INFO c.h.h.t.HelmChartContainer - Received Unhealthy event for container hivemq in pod test-hivemq-platform-0 [db0cd3b9-0a38-4516-83e1-3ca6931561c4]
2025-01-29 17:06:35,410 INFO c.h.h.t.HelmChartContainer - [test-hivemq-platform] [hivemq] [db0cd3b9] INFO  - Started HiveMQ Control Center in 1106ms
2025-01-29 17:06:35,424 INFO c.h.h.t.HelmChartContainer - [test-hivemq-platform] [hivemq] [db0cd3b9] INFO  - Starting TCP listener on address 0.0.0.0 and port 1883
2025-01-29 17:06:35,514 INFO c.h.h.t.HelmChartContainer - [test-hivemq-platform] [hivemq] [db0cd3b9] INFO  - Started TCP Listener on address 0.0.0.0 and on port 1883.
2025-01-29 17:06:35,514 INFO c.h.h.t.HelmChartContainer - [test-hivemq-platform] [hivemq] [db0cd3b9] INFO  - Started HiveMQ in 30110ms
2025-01-29 17:06:39,390 INFO c.h.h.t.HelmChartContainer - [test-hivemq-platform] [hivemq] [db0cd3b9] INFO  - [HiveMQ Platform Operator Init App 1.7.0-SNAPSHOT] Returning Health API response 200 for readiness
2025-01-29 17:06:39,399 INFO c.h.h.t.HelmChartContainer - [POD] test-hivemq-platform-0 [db0cd3b9-0a38-4516-83e1-3ca6931561c4] in helmrollingupgradeplatformit was MODIFIED
2025-01-29 17:06:39,415 INFO c.h.h.t.HelmChartContainer - [hivemq-test-hivemq-platform] [hivemq-platform-operator] [1420f2b2] 17:06:39.408 [pool-6-thread-23] DEBUG c.h.p.o.d.PlatformServiceResource - [helmroll] Desired Platform services (3 services)
2025-01-29 17:06:39,415 INFO c.h.h.t.HelmChartContainer - [hivemq-test-hivemq-platform] [hivemq-platform-operator] [1420f2b2] 17:06:39.408 [pool-6-thread-21] DEBUG c.h.p.o.dependants.PodInfoConfigMap - [helmroll] Desired PodInfo ConfigMap (1 extensions) (1 enabled)
2025-01-29 17:06:39,417 INFO c.h.h.t.HelmChartContainer - [hivemq-test-hivemq-platform] [hivemq-platform-operator] [1420f2b2] 17:06:39.408 [pool-6-thread-21] DEBUG c.h.p.o.dependants.PodInfoConfigMap - [helmroll] Desired PodInfo ConfigMap (metrics port: 9399) (metrics path: /)
2025-01-29 17:06:39,417 INFO c.h.h.t.HelmChartContainer - [hivemq-test-hivemq-platform] [hivemq-platform-operator] [1420f2b2] 17:06:39.408 [pool-6-thread-21] DEBUG c.h.p.o.dependants.PodInfoConfigMap - [helmroll] Desired PodInfo ConfigMap (extension state hash: -1817474005)
2025-01-29 17:06:39,417 INFO c.h.h.t.HelmChartContainer - [hivemq-test-hivemq-platform] [hivemq-platform-operator] [1420f2b2] 17:06:39.412 [pool-6-thread-25] DEBUG c.h.p.o.d.PodServiceAccountResource - [helmroll] Desired PodServiceAccountResource (serviceAccountName: hivemq-platform-pod-test-hivemq-platform)
2025-01-29 17:06:39,430 INFO c.h.h.t.HelmChartContainer - [hivemq-test-hivemq-platform] [hivemq-platform-operator] [1420f2b2] 17:06:39.429 [pool-6-thread-27] DEBUG c.h.p.o.d.StatefulSetResource - [helmroll] Desired StatefulSet (1 replicas) for status STARTING (READY)
2025-01-29 17:06:39,436 INFO c.h.h.t.HelmChartContainer - [hivemq-test-hivemq-platform] [hivemq-platform-operator] [1420f2b2] 17:06:39.435 [ReconcilerExecutor-hivemq-controller-115] INFO  c.h.p.o.HiveMQPlatformReconciler - [helmroll] Reconciling HiveMQ Platform 'test-hivemq-platform' in namespace 'helmrollingupgradeplatformit'
2025-01-29 17:06:39,436 INFO c.h.h.t.HelmChartContainer - [hivemq-test-hivemq-platform] [hivemq-platform-operator] [1420f2b2] 17:06:39.435 [ReconcilerExecutor-hivemq-controller-115] DEBUG c.h.p.o.HiveMQPlatformReconciler - [helmroll] Custom Resource Status STARTING - HiveMQ Platform is starting (READY)
2025-01-29 17:06:39,436 INFO c.h.h.t.HelmChartContainer - [hivemq-test-hivemq-platform] [hivemq-platform-operator] [1420f2b2] 17:06:39.435 [ReconcilerExecutor-hivemq-controller-115] DEBUG c.h.p.o.HiveMQPlatformReconciler - [helmroll] Custom Resource Spec (replicas: 1) (extensions: 1)
2025-01-29 17:06:39,439 INFO c.h.h.t.HelmChartContainer - [hivemq-test-hivemq-platform] [hivemq-platform-operator] [1420f2b2] 17:06:39.438 [ReconcilerExecutor-hivemq-controller-115] DEBUG c.h.p.o.HiveMQPlatformReconciler - [helmroll] StatefulSet Status (revision: test-hivemq-platform-54c4467984, replicas: 1, available: 1, ready: 1, current: 1, updated: 1)
2025-01-29 17:06:39,439 INFO c.h.h.t.HelmChartContainer - [hivemq-test-hivemq-platform] [hivemq-platform-operator] [1420f2b2] 17:06:39.438 [ReconcilerExecutor-hivemq-controller-115] DEBUG c.h.p.o.HiveMQPlatformReconciler - [helmroll] StatefulSet Spec (replicas: 1, init containers: 1, containers: 1, volumes: 3)
2025-01-29 17:06:39,441 INFO c.h.h.t.HelmChartContainer - [hivemq-test-hivemq-platform] [hivemq-platform-operator] [1420f2b2] 17:06:39.439 [ReconcilerExecutor-hivemq-controller-115] DEBUG c.h.p.o.h.HiveMQPlatformReconcilerErrorHandler - [helmroll] Pod 'test-hivemq-platform-0' phase Running
2025-01-29 17:06:39,510 INFO c.h.h.t.HelmChartContainer - [hivemq-test-hivemq-platform] [hivemq-platform-operator] [1420f2b2] 17:06:39.508 [ReconcilerExecutor-hivemq-controller-115] INFO  c.h.p.o.h.HiveMQPlatformReconcilerBaseHandler - [helmroll] HiveMQ Platform started successfully
2025-01-29 17:06:39,545 INFO c.h.h.t.HelmChartContainer - [hivemq-test-hivemq-platform] [hivemq-platform-operator] [1420f2b2] 17:06:39.544 [ReconcilerExecutor-hivemq-controller-115] DEBUG c.h.p.operator.event.EventSender - [helmroll] Creating K8s event hivemq-platform-ready: [Ready] HiveMQ Platform is ready
2025-01-29 17:06:39,612 INFO c.h.h.t.HelmChartContainer - [EVENT] Normal [Ready] HiveMQ Platform is ready [helmrollingupgradeplatformit:test-hivemq-platform]
2025-01-29 17:06:39,613 INFO c.h.h.t.HelmChartContainer - [hivemq-test-hivemq-platform] [hivemq-platform-operator] [1420f2b2] 17:06:39.613 [ReconcilerExecutor-hivemq-controller-115] INFO  c.h.p.o.h.AbstractHiveMQReconcilerStateHandler - [helmroll] Update HiveMQ Platform Status (STARTING [READY] -> RUNNING [READY]): HiveMQ Platform is ready
2025-01-29 17:06:39,622 DEBUG com.hivemq.helmcharts.util.K8sUtil - Comparing actual state 'RUNNING' and waiting for 'RUNNING'
2025-01-29 17:06:39,627 INFO c.h.h.t.HelmChartContainer - [hivemq-test-hivemq-platform] [hivemq-platform-operator] [1420f2b2] 17:06:39.625 [pool-6-thread-36] DEBUG c.h.p.o.d.PlatformServiceResource - [helmroll] Desired Platform services (3 services)
2025-01-29 17:06:39,629 INFO c.h.h.t.HelmChartContainer - [hivemq-test-hivemq-platform] [hivemq-platform-operator] [1420f2b2] 17:06:39.626 [pool-6-thread-33] DEBUG c.h.p.o.d.PodServiceAccountResource - [helmroll] Desired PodServiceAccountResource (serviceAccountName: hivemq-platform-pod-test-hivemq-platform)
2025-01-29 17:06:39,641 INFO c.h.h.t.HelmChartContainer - [hivemq-test-hivemq-platform] [hivemq-platform-operator] [1420f2b2] 17:06:39.638 [pool-6-thread-31] DEBUG c.h.p.o.dependants.PodInfoConfigMap - [helmroll] Desired PodInfo ConfigMap (1 extensions) (1 enabled)
2025-01-29 17:06:39,641 INFO c.h.h.t.HelmChartContainer - [hivemq-test-hivemq-platform] [hivemq-platform-operator] [1420f2b2] 17:06:39.638 [pool-6-thread-31] DEBUG c.h.p.o.dependants.PodInfoConfigMap - [helmroll] Desired PodInfo ConfigMap (metrics port: 9399) (metrics path: /)
2025-01-29 17:06:39,641 INFO c.h.h.t.HelmChartContainer - [hivemq-test-hivemq-platform] [hivemq-platform-operator] [1420f2b2] 17:06:39.638 [pool-6-thread-31] DEBUG c.h.p.o.dependants.PodInfoConfigMap - [helmroll] Desired PodInfo ConfigMap (extension state hash: -1817474005)
2025-01-29 17:06:39,641 INFO c.h.h.t.HelmChartContainer - [hivemq-test-hivemq-platform] [hivemq-platform-operator] [1420f2b2] 17:06:39.639 [pool-6-thread-31] DEBUG c.h.p.o.dependants.PodInfoConfigMap - [helmroll] Update PodInfo ConfigMap
2025-01-29 17:06:39,707 DEBUG c.h.h.t.HelmChartContainer - Executing helm command: /bin/helm --kubeconfig /etc/rancher/k3s/k3s.yaml upgrade test-hivemq-platform /charts/hivemq-platform --wait --timeout 5m0s --set image.repository=docker.io/hivemq --set image.tag=4.36.0 --set image.pullPolicy=Never --set nodes.resources.cpu=512m --set nodes.replicaCount=1 --namespace helmrollingupgradeplatformit
2025-01-29 17:06:39,713 INFO c.h.h.t.HelmChartContainer - [hivemq-test-hivemq-platform] [hivemq-platform-operator] [1420f2b2] 17:06:39.712 [pool-6-thread-31] DEBUG c.h.p.o.d.StatefulSetResource - [helmroll] Desired StatefulSet (1 replicas) for status RUNNING (READY)
2025-01-29 17:06:39,719 INFO c.h.h.t.HelmChartContainer - [hivemq-test-hivemq-platform] [hivemq-platform-operator] [1420f2b2] 17:06:39.716 [ReconcilerExecutor-hivemq-controller-116] INFO  c.h.p.o.HiveMQPlatformReconciler - [helmroll] Reconciling HiveMQ Platform 'test-hivemq-platform' in namespace 'helmrollingupgradeplatformit'
2025-01-29 17:06:39,722 INFO c.h.h.t.HelmChartContainer - [hivemq-test-hivemq-platform] [hivemq-platform-operator] [1420f2b2] 17:06:39.717 [ReconcilerExecutor-hivemq-controller-116] DEBUG c.h.p.o.HiveMQPlatformReconciler - [helmroll] Custom Resource Status RUNNING - HiveMQ Platform is ready (READY)
2025-01-29 17:06:39,722 INFO c.h.h.t.HelmChartContainer - [hivemq-test-hivemq-platform] [hivemq-platform-operator] [1420f2b2] 17:06:39.717 [ReconcilerExecutor-hivemq-controller-116] DEBUG c.h.p.o.HiveMQPlatformReconciler - [helmroll] Custom Resource Spec (replicas: 1) (extensions: 1)
2025-01-29 17:06:39,722 INFO c.h.h.t.HelmChartContainer - [hivemq-test-hivemq-platform] [hivemq-platform-operator] [1420f2b2] 17:06:39.719 [ReconcilerExecutor-hivemq-controller-116] DEBUG c.h.p.o.HiveMQPlatformReconciler - [helmroll] StatefulSet Status (revision: test-hivemq-platform-54c4467984, replicas: 1, available: 1, ready: 1, current: 1, updated: 1)
2025-01-29 17:06:39,723 INFO c.h.h.t.HelmChartContainer - [hivemq-test-hivemq-platform] [hivemq-platform-operator] [1420f2b2] 17:06:39.719 [ReconcilerExecutor-hivemq-controller-116] DEBUG c.h.p.o.HiveMQPlatformReconciler - [helmroll] StatefulSet Spec (replicas: 1, init containers: 1, containers: 1, volumes: 3)
2025-01-29 17:06:39,723 INFO c.h.h.t.HelmChartContainer - [hivemq-test-hivemq-platform] [hivemq-platform-operator] [1420f2b2] 17:06:39.721 [ReconcilerExecutor-hivemq-controller-116] DEBUG c.h.p.o.h.HiveMQPlatformReconcilerErrorHandler - [helmroll] Pod 'test-hivemq-platform-0' phase Running
2025-01-29 17:06:40,057 INFO c.h.h.t.HelmChartContainer - [hivemq-test-hivemq-platform] [hivemq-platform-operator] [1420f2b2] 17:06:40.052 [pool-6-thread-45] DEBUG c.h.p.o.d.PlatformServiceResource - [helmroll] Desired Platform services (3 services)
2025-01-29 17:06:40,057 INFO c.h.h.t.HelmChartContainer - [hivemq-test-hivemq-platform] [hivemq-platform-operator] [1420f2b2] 17:06:40.052 [pool-6-thread-46] DEBUG c.h.p.o.dependants.PodInfoConfigMap - [helmroll] Desired PodInfo ConfigMap (1 extensions) (1 enabled)
2025-01-29 17:06:40,057 INFO c.h.h.t.HelmChartContainer - [hivemq-test-hivemq-platform] [hivemq-platform-operator] [1420f2b2] 17:06:40.052 [pool-6-thread-46] DEBUG c.h.p.o.dependants.PodInfoConfigMap - [helmroll] Desired PodInfo ConfigMap (metrics port: 9399) (metrics path: /)
2025-01-29 17:06:40,057 INFO c.h.h.t.HelmChartContainer - [hivemq-test-hivemq-platform] [hivemq-platform-operator] [1420f2b2] 17:06:40.052 [pool-6-thread-46] DEBUG c.h.p.o.dependants.PodInfoConfigMap - [helmroll] Desired PodInfo ConfigMap (extension state hash: -1817474005)
2025-01-29 17:06:40,057 INFO c.h.h.t.HelmChartContainer - [hivemq-test-hivemq-platform] [hivemq-platform-operator] [1420f2b2] 17:06:40.053 [pool-6-thread-43] DEBUG c.h.p.o.d.PodServiceAccountResource - [helmroll] Desired PodServiceAccountResource (serviceAccountName: hivemq-platform-pod-test-hivemq-platform)
2025-01-29 17:06:40,147 INFO c.h.h.t.HelmChartContainer - [hivemq-test-hivemq-platform] [hivemq-platform-operator] [1420f2b2] 17:06:40.140 [pool-6-thread-49] DEBUG c.h.p.o.d.StatefulSetResource - [helmroll] Desired StatefulSet (1 replicas) for status RUNNING (READY)
2025-01-29 17:06:40,147 INFO c.h.h.t.HelmChartContainer - [hivemq-test-hivemq-platform] [hivemq-platform-operator] [1420f2b2] 17:06:40.144 [ReconcilerExecutor-hivemq-controller-117] INFO  c.h.p.o.HiveMQPlatformReconciler - [helmroll] Reconciling HiveMQ Platform 'test-hivemq-platform' in namespace 'helmrollingupgradeplatformit'
2025-01-29 17:06:40,147 INFO c.h.h.t.HelmChartContainer - [hivemq-test-hivemq-platform] [hivemq-platform-operator] [1420f2b2] 17:06:40.145 [ReconcilerExecutor-hivemq-controller-117] DEBUG c.h.p.o.HiveMQPlatformReconciler - [helmroll] Custom Resource Status RUNNING - HiveMQ Platform is ready (READY)
2025-01-29 17:06:40,147 INFO c.h.h.t.HelmChartContainer - [hivemq-test-hivemq-platform] [hivemq-platform-operator] [1420f2b2] 17:06:40.145 [ReconcilerExecutor-hivemq-controller-117] DEBUG c.h.p.o.HiveMQPlatformReconciler - [helmroll] Custom Resource Spec (replicas: 1) (extensions: 1)
2025-01-29 17:06:40,147 INFO c.h.h.t.HelmChartContainer - [hivemq-test-hivemq-platform] [hivemq-platform-operator] [1420f2b2] 17:06:40.146 [ReconcilerExecutor-hivemq-controller-117] DEBUG c.h.p.o.HiveMQPlatformReconciler - [helmroll] StatefulSet Status (revision: test-hivemq-platform-54c4467984, replicas: 1, available: 1, ready: 1, current: 1, updated: 1)
2025-01-29 17:06:40,147 INFO c.h.h.t.HelmChartContainer - [hivemq-test-hivemq-platform] [hivemq-platform-operator] [1420f2b2] 17:06:40.146 [ReconcilerExecutor-hivemq-controller-117] DEBUG c.h.p.o.HiveMQPlatformReconciler - [helmroll] StatefulSet Spec (replicas: 1, init containers: 1, containers: 1, volumes: 3)
2025-01-29 17:06:40,148 INFO c.h.h.t.HelmChartContainer - [hivemq-test-hivemq-platform] [hivemq-platform-operator] [1420f2b2] 17:06:40.148 [ReconcilerExecutor-hivemq-controller-117] DEBUG c.h.p.o.h.HiveMQPlatformReconcilerErrorHandler - [helmroll] Pod 'test-hivemq-platform-0' phase Running
2025-01-29 17:06:40,247 INFO c.h.h.t.HelmChartContainer - [hivemq-test-hivemq-platform] [hivemq-platform-operator] [1420f2b2] 17:06:40.238 [pool-6-thread-2] DEBUG c.h.p.o.d.PlatformServiceResource - [helmroll] Desired Platform services (3 services)
2025-01-29 17:06:40,247 INFO c.h.h.t.HelmChartContainer - [hivemq-test-hivemq-platform] [hivemq-platform-operator] [1420f2b2] 17:06:40.242 [pool-6-thread-7] DEBUG c.h.p.o.dependants.PodInfoConfigMap - [helmroll] Desired PodInfo ConfigMap (1 extensions) (1 enabled)
2025-01-29 17:06:40,247 INFO c.h.h.t.HelmChartContainer - [hivemq-test-hivemq-platform] [hivemq-platform-operator] [1420f2b2] 17:06:40.242 [pool-6-thread-7] DEBUG c.h.p.o.dependants.PodInfoConfigMap - [helmroll] Desired PodInfo ConfigMap (metrics port: 9399) (metrics path: /)
2025-01-29 17:06:40,247 INFO c.h.h.t.HelmChartContainer - [hivemq-test-hivemq-platform] [hivemq-platform-operator] [1420f2b2] 17:06:40.242 [pool-6-thread-7] DEBUG c.h.p.o.dependants.PodInfoConfigMap - [helmroll] Desired PodInfo ConfigMap (extension state hash: -1817474005)
2025-01-29 17:06:40,247 INFO c.h.h.t.HelmChartContainer - [hivemq-test-hivemq-platform] [hivemq-platform-operator] [1420f2b2] 17:06:40.242 [pool-6-thread-7] DEBUG c.h.p.o.dependants.PodInfoConfigMap - [helmroll] Update PodInfo ConfigMap
2025-01-29 17:06:40,247 INFO c.h.h.t.HelmChartContainer - [hivemq-test-hivemq-platform] [hivemq-platform-operator] [1420f2b2] 17:06:40.244 [pool-6-thread-9] DEBUG c.h.p.o.d.PodServiceAccountResource - [helmroll] Desired PodServiceAccountResource (serviceAccountName: hivemq-platform-pod-test-hivemq-platform)
2025-01-29 17:06:40,258 DEBUG com.hivemq.helmcharts.util.K8sUtil - Comparing actual state 'RUNNING' and waiting for 'ROLLING_RESTART'
2025-01-29 17:06:40,512 INFO c.h.h.t.HelmChartContainer - [hivemq-test-hivemq-platform] [hivemq-platform-operator] [1420f2b2] 17:06:40.511 [pool-6-thread-2] DEBUG c.h.p.o.d.StatefulSetResource - [helmroll] Desired StatefulSet (1 replicas) for status RUNNING (READY)
2025-01-29 17:06:40,543 INFO c.h.h.t.HelmChartContainer - [hivemq-test-hivemq-platform] [hivemq-platform-operator] [1420f2b2] 17:06:40.542 [pool-6-thread-2] DEBUG c.h.p.o.d.StatefulSetResource - [helmroll] Update StatefulSet (replicas: 1 -> 1)
2025-01-29 17:06:40,642 INFO c.h.h.t.HelmChartContainer - [hivemq-test-hivemq-platform] [hivemq-platform-operator] [1420f2b2] 17:06:40.608 [pool-6-thread-2] DEBUG c.h.p.o.d.StatefulSetResource - [helmroll] Detected change in StatefulSet specification (path: /template/spec/containers/0/image) (actual value: "docker.io/hivemq/hivemq4:4.35.0") (target value: "docker.io/hivemq/hivemq4:4.36.0")
2025-01-29 17:06:40,642 INFO c.h.h.t.HelmChartContainer - [hivemq-test-hivemq-platform] [hivemq-platform-operator] [1420f2b2] 17:06:40.640 [pool-6-thread-2] INFO  c.h.p.o.d.StatefulSetResource - [helmroll] StatefulSet spec was updated, triggering rolling restart
2025-01-29 17:06:40,656 INFO c.h.h.t.HelmChartContainer - [hivemq-test-hivemq-platform] [hivemq-platform-operator] [1420f2b2] 17:06:40.653 [ReconcilerExecutor-hivemq-controller-118] INFO  c.h.p.o.HiveMQPlatformReconciler - [helmroll] Reconciling HiveMQ Platform 'test-hivemq-platform' in namespace 'helmrollingupgradeplatformit'
2025-01-29 17:06:40,657 INFO c.h.h.t.HelmChartContainer - [hivemq-test-hivemq-platform] [hivemq-platform-operator] [1420f2b2] 17:06:40.654 [ReconcilerExecutor-hivemq-controller-118] DEBUG c.h.p.o.HiveMQPlatformReconciler - [helmroll] Custom Resource Status RUNNING - HiveMQ Platform is ready (READY) (reconciliation requests: REQUESTS_UPDATED, ROLLING_RESTART)
2025-01-29 17:06:40,657 INFO c.h.h.t.HelmChartContainer - [hivemq-test-hivemq-platform] [hivemq-platform-operator] [1420f2b2] 17:06:40.654 [ReconcilerExecutor-hivemq-controller-118] DEBUG c.h.p.o.HiveMQPlatformReconciler - [helmroll] Custom Resource Spec (replicas: 1) (extensions: 1)
2025-01-29 17:06:40,657 INFO c.h.h.t.HelmChartContainer - [hivemq-test-hivemq-platform] [hivemq-platform-operator] [1420f2b2] 17:06:40.655 [ReconcilerExecutor-hivemq-controller-118] DEBUG c.h.p.o.HiveMQPlatformReconciler - [helmroll] StatefulSet Status (revision: test-hivemq-platform-54c4467984, replicas: 1, available: 1, ready: 1, current: 1, updated: 1)
2025-01-29 17:06:40,657 INFO c.h.h.t.HelmChartContainer - [hivemq-test-hivemq-platform] [hivemq-platform-operator] [1420f2b2] 17:06:40.655 [ReconcilerExecutor-hivemq-controller-118] DEBUG c.h.p.o.HiveMQPlatformReconciler - [helmroll] StatefulSet Spec (replicas: 1, init containers: 1, containers: 1, volumes: 3)
2025-01-29 17:06:40,659 INFO c.h.h.t.HelmChartContainer - [hivemq-test-hivemq-platform] [hivemq-platform-operator] [1420f2b2] 17:06:40.658 [ReconcilerExecutor-hivemq-controller-118] DEBUG c.h.p.o.h.HiveMQPlatformReconcilerErrorHandler - [helmroll] Pod 'test-hivemq-platform-0' phase Running
2025-01-29 17:06:40,660 INFO c.h.h.t.HelmChartContainer - [hivemq-test-hivemq-platform] [hivemq-platform-operator] [1420f2b2] 17:06:40.659 [ReconcilerExecutor-hivemq-controller-118] INFO  c.h.p.o.h.HiveMQPlatformReconcilerBaseHandler - [helmroll] Started rolling restart (scaling to 2 replicas)
2025-01-29 17:06:40,752 INFO c.h.h.t.HelmChartContainer - [hivemq-test-hivemq-platform] [hivemq-platform-operator] [1420f2b2] 17:06:40.751 [ReconcilerExecutor-hivemq-controller-118] DEBUG c.h.p.operator.event.EventSender - [helmroll] Creating K8s event rolling-restart-started: [RollingRestart] HiveMQ Platform is starting a surge Pod (rolling restart)
2025-01-29 17:06:40,755 INFO c.h.h.t.HelmChartContainer - [EVENT] Normal [RollingRestart] HiveMQ Platform is starting a surge Pod (rolling restart) [helmrollingupgradeplatformit:test-hivemq-platform]
2025-01-29 17:06:40,757 INFO c.h.h.t.HelmChartContainer - [hivemq-test-hivemq-platform] [hivemq-platform-operator] [1420f2b2] 17:06:40.756 [ReconcilerExecutor-hivemq-controller-118] INFO  c.h.p.o.h.AbstractHiveMQReconcilerStateHandler - [helmroll] Update HiveMQ Platform Status (RUNNING [READY] -> ROLLING_RESTART [SURGE_IN_PROGRESS]): HiveMQ Platform is starting a surge Pod (rolling restart)
2025-01-29 17:06:40,816 DEBUG com.hivemq.helmcharts.util.K8sUtil - Comparing actual state 'ROLLING_RESTART' and waiting for 'ROLLING_RESTART'
2025-01-29 17:06:40,820 DEBUG com.hivemq.helmcharts.util.K8sUtil - Comparing actual state 'ROLLING_RESTART' and waiting for 'RUNNING'
2025-01-29 17:06:40,843 INFO c.h.h.t.HelmChartContainer - [hivemq-test-hivemq-platform] [hivemq-platform-operator] [1420f2b2] 17:06:40.841 [pool-6-thread-18] DEBUG c.h.p.o.d.PlatformServiceResource - [helmroll] Desired Platform services (3 services)
2025-01-29 17:06:40,843 INFO c.h.h.t.HelmChartContainer - [hivemq-test-hivemq-platform] [hivemq-platform-operator] [1420f2b2] 17:06:40.841 [pool-6-thread-15] DEBUG c.h.p.o.dependants.PodInfoConfigMap - [helmroll] Desired PodInfo ConfigMap (1 extensions) (1 enabled)
2025-01-29 17:06:40,843 INFO c.h.h.t.HelmChartContainer - [hivemq-test-hivemq-platform] [hivemq-platform-operator] [1420f2b2] 17:06:40.842 [pool-6-thread-15] DEBUG c.h.p.o.dependants.PodInfoConfigMap - [helmroll] Desired PodInfo ConfigMap (metrics port: 9399) (metrics path: /)
2025-01-29 17:06:40,843 INFO c.h.h.t.HelmChartContainer - [hivemq-test-hivemq-platform] [hivemq-platform-operator] [1420f2b2] 17:06:40.842 [pool-6-thread-15] DEBUG c.h.p.o.dependants.PodInfoConfigMap - [helmroll] Desired PodInfo ConfigMap (extension state hash: -1817474005)
2025-01-29 17:06:40,845 INFO c.h.h.t.HelmChartContainer - [hivemq-test-hivemq-platform] [hivemq-platform-operator] [1420f2b2] 17:06:40.842 [pool-6-thread-15] DEBUG c.h.p.o.dependants.PodInfoConfigMap - [helmroll] Update PodInfo ConfigMap
2025-01-29 17:06:40,848 INFO c.h.h.t.HelmChartContainer - [hivemq-test-hivemq-platform] [hivemq-platform-operator] [1420f2b2] 17:06:40.843 [pool-6-thread-16] DEBUG c.h.p.o.d.PodServiceAccountResource - [helmroll] Desired PodServiceAccountResource (serviceAccountName: hivemq-platform-pod-test-hivemq-platform)
2025-01-29 17:06:40,910 INFO c.h.h.t.HelmChartContainer - [hivemq-test-hivemq-platform] [hivemq-platform-operator] [1420f2b2] 17:06:40.908 [pool-6-thread-15] DEBUG c.h.p.o.d.StatefulSetResource - [helmroll] Desired StatefulSet (2 replicas) for status ROLLING_RESTART (SURGE_IN_PROGRESS)
2025-01-29 17:06:40,912 INFO c.h.h.t.HelmChartContainer - [hivemq-test-hivemq-platform] [hivemq-platform-operator] [1420f2b2] 17:06:40.912 [pool-6-thread-15] DEBUG c.h.p.o.d.StatefulSetResource - [helmroll] Update StatefulSet (replicas: 1 -> 2)
2025-01-29 17:06:40,953 INFO c.h.h.t.HelmChartContainer - [hivemq-test-hivemq-platform] [hivemq-platform-operator] [1420f2b2] 17:06:40.949 [ReconcilerExecutor-hivemq-controller-119] INFO  c.h.p.o.HiveMQPlatformReconciler - [helmroll] Reconciling HiveMQ Platform 'test-hivemq-platform' in namespace 'helmrollingupgradeplatformit'
2025-01-29 17:06:40,953 INFO c.h.h.t.HelmChartContainer - [hivemq-test-hivemq-platform] [hivemq-platform-operator] [1420f2b2] 17:06:40.949 [ReconcilerExecutor-hivemq-controller-119] DEBUG c.h.p.o.HiveMQPlatformReconciler - [helmroll] Custom Resource Status ROLLING_RESTART - HiveMQ Platform is starting a surge Pod (rolling restart) (SURGE_IN_PROGRESS)
2025-01-29 17:06:40,953 INFO c.h.h.t.HelmChartContainer - [hivemq-test-hivemq-platform] [hivemq-platform-operator] [1420f2b2] 17:06:40.949 [ReconcilerExecutor-hivemq-controller-119] DEBUG c.h.p.o.HiveMQPlatformReconciler - [helmroll] Custom Resource Spec (replicas: 1) (extensions: 1)
2025-01-29 17:06:40,953 INFO c.h.h.t.HelmChartContainer - [hivemq-test-hivemq-platform] [hivemq-platform-operator] [1420f2b2] 17:06:40.950 [ReconcilerExecutor-hivemq-controller-119] DEBUG c.h.p.o.HiveMQPlatformReconciler - [helmroll] StatefulSet Status (revision: test-hivemq-platform-945c6dcb4, replicas: 1, available: 1, ready: 1, current: 1, updated: 0)
2025-01-29 17:06:40,953 INFO c.h.h.t.HelmChartContainer - [hivemq-test-hivemq-platform] [hivemq-platform-operator] [1420f2b2] 17:06:40.950 [ReconcilerExecutor-hivemq-controller-119] DEBUG c.h.p.o.HiveMQPlatformReconciler - [helmroll] StatefulSet Spec (replicas: 2, init containers: 1, containers: 1, volumes: 3)
2025-01-29 17:06:40,955 INFO c.h.h.t.HelmChartContainer - [hivemq-test-hivemq-platform] [hivemq-platform-operator] [1420f2b2] 17:06:40.953 [ReconcilerExecutor-hivemq-controller-119] DEBUG c.h.p.o.h.HiveMQPlatformReconcilerErrorHandler - [helmroll] Pod 'test-hivemq-platform-0' phase Running
2025-01-29 17:06:40,956 INFO c.h.h.t.HelmChartContainer - [POD] test-hivemq-platform-1 [6d31fc8e-0720-47d1-813b-3b1e39315150] in helmrollingupgradeplatformit was ADDED
2025-01-29 17:06:40,956 INFO c.h.h.t.HelmChartContainer - [hivemq-test-hivemq-platform] [hivemq-platform-operator] [1420f2b2] 17:06:40.955 [ReconcilerExecutor-hivemq-controller-119] DEBUG c.h.p.o.h.HiveMQPlatformReconcilerRollingRestartHandler - [helmroll] Rolling restart is waiting for 1 of 2 replicas
2025-01-29 17:06:40,959 INFO c.h.h.t.HelmChartContainer - [POD] test-hivemq-platform-1 [6d31fc8e-0720-47d1-813b-3b1e39315150] in helmrollingupgradeplatformit was MODIFIED
2025-01-29 17:06:40,961 INFO c.h.h.t.HelmChartContainer - [EVENT] Normal [SuccessfulCreate] create Pod test-hivemq-platform-1 in StatefulSet test-hivemq-platform successful [helmrollingupgradeplatformit:test-hivemq-platform]
2025-01-29 17:06:40,962 INFO c.h.h.t.HelmChartContainer - [EVENT] Normal [Scheduled] Successfully assigned helmrollingupgradeplatformit/test-hivemq-platform-1 to 28b958d3512c [helmrollingupgradeplatformit:test-hivemq-platform-1]
2025-01-29 17:06:40,970 INFO c.h.h.t.HelmChartContainer - [POD] test-hivemq-platform-1 [6d31fc8e-0720-47d1-813b-3b1e39315150] in helmrollingupgradeplatformit was MODIFIED
2025-01-29 17:06:41,096 INFO c.h.h.t.HelmChartContainer - [K3S] [reconciler_common.go:251] "operationExecutor.VerifyControllerAttachedVolume started for volume \"pod-info\" (UniqueName: \"kubernetes.io/configmap/6d31fc8e-0720-47d1-813b-3b1e39315150-pod-info\") pod \"test-hivemq-platform-1\" (UID: \"6d31fc8e-0720-47d1-813b-3b1e39315150\") " pod="helmrollingupgradeplatformit/test-hivemq-platform-1"
2025-01-29 17:06:41,096 INFO c.h.h.t.HelmChartContainer - [K3S] [reconciler_common.go:251] "operationExecutor.VerifyControllerAttachedVolume started for volume \"broker-configuration\" (UniqueName: \"kubernetes.io/configmap/6d31fc8e-0720-47d1-813b-3b1e39315150-broker-configuration\") pod \"test-hivemq-platform-1\" (UID: \"6d31fc8e-0720-47d1-813b-3b1e39315150\") " pod="helmrollingupgradeplatformit/test-hivemq-platform-1"
2025-01-29 17:06:41,097 INFO c.h.h.t.HelmChartContainer - [K3S] [reconciler_common.go:251] "operationExecutor.VerifyControllerAttachedVolume started for volume \"operator-init\" (UniqueName: \"kubernetes.io/empty-dir/6d31fc8e-0720-47d1-813b-3b1e39315150-operator-init\") pod \"test-hivemq-platform-1\" (UID: \"6d31fc8e-0720-47d1-813b-3b1e39315150\") " pod="helmrollingupgradeplatformit/test-hivemq-platform-1"
2025-01-29 17:06:41,097 INFO c.h.h.t.HelmChartContainer - [K3S] [reconciler_common.go:251] "operationExecutor.VerifyControllerAttachedVolume started for volume \"kube-api-access-zjcc2\" (UniqueName: \"kubernetes.io/projected/6d31fc8e-0720-47d1-813b-3b1e39315150-kube-api-access-zjcc2\") pod \"test-hivemq-platform-1\" (UID: \"6d31fc8e-0720-47d1-813b-3b1e39315150\") " pod="helmrollingupgradeplatformit/test-hivemq-platform-1"
2025-01-29 17:06:41,113 INFO c.h.h.t.HelmChartContainer - [hivemq-test-hivemq-platform] [hivemq-platform-operator] [1420f2b2] 17:06:41.109 [pool-6-thread-29] DEBUG c.h.p.o.d.PlatformServiceResource - [helmroll] Desired Platform services (3 services)
2025-01-29 17:06:41,141 INFO c.h.h.t.HelmChartContainer - [hivemq-test-hivemq-platform] [hivemq-platform-operator] [1420f2b2] 17:06:41.138 [pool-6-thread-26] DEBUG c.h.p.o.dependants.PodInfoConfigMap - [helmroll] Desired PodInfo ConfigMap (1 extensions) (1 enabled)
2025-01-29 17:06:41,141 INFO c.h.h.t.HelmChartContainer - [hivemq-test-hivemq-platform] [hivemq-platform-operator] [1420f2b2] 17:06:41.138 [pool-6-thread-26] DEBUG c.h.p.o.dependants.PodInfoConfigMap - [helmroll] Desired PodInfo ConfigMap (metrics port: 9399) (metrics path: /)
2025-01-29 17:06:41,141 INFO c.h.h.t.HelmChartContainer - [hivemq-test-hivemq-platform] [hivemq-platform-operator] [1420f2b2] 17:06:41.138 [pool-6-thread-26] DEBUG c.h.p.o.dependants.PodInfoConfigMap - [helmroll] Desired PodInfo ConfigMap (extension state hash: -1817474005)
2025-01-29 17:06:41,142 INFO c.h.h.t.HelmChartContainer - [hivemq-test-hivemq-platform] [hivemq-platform-operator] [1420f2b2] 17:06:41.141 [pool-6-thread-30] DEBUG c.h.p.o.d.PodServiceAccountResource - [helmroll] Desired PodServiceAccountResource (serviceAccountName: hivemq-platform-pod-test-hivemq-platform)
2025-01-29 17:06:41,145 INFO c.h.h.t.HelmChartContainer - [hivemq-test-hivemq-platform] [hivemq-platform-operator] [1420f2b2] 17:06:41.144 [pool-6-thread-30] DEBUG c.h.p.o.d.StatefulSetResource - [helmroll] Desired StatefulSet (2 replicas) for status ROLLING_RESTART (SURGE_IN_PROGRESS)
2025-01-29 17:06:41,239 INFO c.h.h.t.HelmChartContainer - [hivemq-test-hivemq-platform] [hivemq-platform-operator] [1420f2b2] 17:06:41.209 [ReconcilerExecutor-hivemq-controller-120] INFO  c.h.p.o.HiveMQPlatformReconciler - [helmroll] Reconciling HiveMQ Platform 'test-hivemq-platform' in namespace 'helmrollingupgradeplatformit'
2025-01-29 17:06:41,239 INFO c.h.h.t.HelmChartContainer - [hivemq-test-hivemq-platform] [hivemq-platform-operator] [1420f2b2] 17:06:41.237 [ReconcilerExecutor-hivemq-controller-120] DEBUG c.h.p.o.HiveMQPlatformReconciler - [helmroll] Custom Resource Status ROLLING_RESTART - HiveMQ Platform is starting a surge Pod (rolling restart) (SURGE_IN_PROGRESS)
2025-01-29 17:06:41,239 INFO c.h.h.t.HelmChartContainer - [hivemq-test-hivemq-platform] [hivemq-platform-operator] [1420f2b2] 17:06:41.237 [ReconcilerExecutor-hivemq-controller-120] DEBUG c.h.p.o.HiveMQPlatformReconciler - [helmroll] Custom Resource Spec (replicas: 1) (extensions: 1)
2025-01-29 17:06:41,240 INFO c.h.h.t.HelmChartContainer - [hivemq-test-hivemq-platform] [hivemq-platform-operator] [1420f2b2] 17:06:41.239 [ReconcilerExecutor-hivemq-controller-120] DEBUG c.h.p.o.HiveMQPlatformReconciler - [helmroll] StatefulSet Status (revision: test-hivemq-platform-945c6dcb4, replicas: 2, available: 1, ready: 1, current: 1, updated: 1)
2025-01-29 17:06:41,241 INFO c.h.h.t.HelmChartContainer - [hivemq-test-hivemq-platform] [hivemq-platform-operator] [1420f2b2] 17:06:41.239 [ReconcilerExecutor-hivemq-controller-120] DEBUG c.h.p.o.HiveMQPlatformReconciler - [helmroll] StatefulSet Spec (replicas: 2, init containers: 1, containers: 1, volumes: 3)
2025-01-29 17:06:41,241 INFO c.h.h.t.HelmChartContainer - [hivemq-test-hivemq-platform] [hivemq-platform-operator] [1420f2b2] 17:06:41.240 [ReconcilerExecutor-hivemq-controller-120] DEBUG c.h.p.o.h.HiveMQPlatformReconcilerErrorHandler - [helmroll] Pod 'test-hivemq-platform-1' phase Pending
2025-01-29 17:06:41,242 INFO c.h.h.t.HelmChartContainer - [hivemq-test-hivemq-platform] [hivemq-platform-operator] [1420f2b2] 17:06:41.241 [ReconcilerExecutor-hivemq-controller-120] DEBUG c.h.p.o.h.HiveMQPlatformReconcilerErrorHandler - [helmroll] Pod 'test-hivemq-platform-1' condition 'PodReadyToStartContainers': False
2025-01-29 17:06:41,243 INFO c.h.h.t.HelmChartContainer - [hivemq-test-hivemq-platform] [hivemq-platform-operator] [1420f2b2] 17:06:41.241 [ReconcilerExecutor-hivemq-controller-120] DEBUG c.h.p.o.h.HiveMQPlatformReconcilerErrorHandler - [helmroll] Pod 'test-hivemq-platform-1' condition 'Initialized': False
2025-01-29 17:06:41,243 INFO c.h.h.t.HelmChartContainer - [hivemq-test-hivemq-platform] [hivemq-platform-operator] [1420f2b2] 17:06:41.241 [ReconcilerExecutor-hivemq-controller-120] DEBUG c.h.p.o.h.HiveMQPlatformReconcilerErrorHandler - [helmroll] Pod 'test-hivemq-platform-1' condition 'Ready': False
2025-01-29 17:06:41,243 INFO c.h.h.t.HelmChartContainer - [hivemq-test-hivemq-platform] [hivemq-platform-operator] [1420f2b2] 17:06:41.241 [ReconcilerExecutor-hivemq-controller-120] DEBUG c.h.p.o.h.HiveMQPlatformReconcilerErrorHandler - [helmroll] Pod 'test-hivemq-platform-1' condition 'ContainersReady': False
2025-01-29 17:06:41,243 INFO c.h.h.t.HelmChartContainer - [hivemq-test-hivemq-platform] [hivemq-platform-operator] [1420f2b2] 17:06:41.241 [ReconcilerExecutor-hivemq-controller-120] DEBUG c.h.p.o.h.HiveMQPlatformReconcilerErrorHandler - [helmroll] Pod 'test-hivemq-platform-1' condition 'PodScheduled': True
2025-01-29 17:06:41,243 INFO c.h.h.t.HelmChartContainer - [hivemq-test-hivemq-platform] [hivemq-platform-operator] [1420f2b2] 17:06:41.241 [ReconcilerExecutor-hivemq-controller-120] DEBUG c.h.p.o.h.HiveMQPlatformReconcilerErrorHandler - [helmroll] Pod 'test-hivemq-platform-1' containerStatus 'hivemq' (started: false) (ready: false) (waiting: [PodInitializing] null)
2025-01-29 17:06:41,243 INFO c.h.h.t.HelmChartContainer - [hivemq-test-hivemq-platform] [hivemq-platform-operator] [1420f2b2] 17:06:41.242 [ReconcilerExecutor-hivemq-controller-120] DEBUG c.h.p.o.h.HiveMQPlatformReconcilerErrorHandler - [helmroll] Pod 'test-hivemq-platform-0' phase Running
2025-01-29 17:06:41,244 INFO c.h.h.t.HelmChartContainer - [hivemq-test-hivemq-platform] [hivemq-platform-operator] [1420f2b2] 17:06:41.242 [ReconcilerExecutor-hivemq-controller-120] DEBUG c.h.p.o.h.HiveMQPlatformReconcilerRollingRestartHandler - [helmroll] Rolling restart is waiting for 1 of 2 replicas
2025-01-29 17:06:41,247 INFO c.h.h.t.HelmChartContainer - [hivemq-test-hivemq-platform] [hivemq-platform-operator] [1420f2b2] 17:06:41.245 [pool-6-thread-33] DEBUG c.h.p.o.dependants.PodInfoConfigMap - [helmroll] Desired PodInfo ConfigMap (1 extensions) (1 enabled)
2025-01-29 17:06:41,248 INFO c.h.h.t.HelmChartContainer - [hivemq-test-hivemq-platform] [hivemq-platform-operator] [1420f2b2] 17:06:41.246 [pool-6-thread-33] DEBUG c.h.p.o.dependants.PodInfoConfigMap - [helmroll] Desired PodInfo ConfigMap (metrics port: 9399) (metrics path: /)
2025-01-29 17:06:41,249 INFO c.h.h.t.HelmChartContainer - [hivemq-test-hivemq-platform] [hivemq-platform-operator] [1420f2b2] 17:06:41.247 [pool-6-thread-33] DEBUG c.h.p.o.dependants.PodInfoConfigMap - [helmroll] Desired PodInfo ConfigMap (extension state hash: -1817474005)
2025-01-29 17:06:41,249 INFO c.h.h.t.HelmChartContainer - [hivemq-test-hivemq-platform] [hivemq-platform-operator] [1420f2b2] 17:06:41.246 [pool-6-thread-36] DEBUG c.h.p.o.d.PlatformServiceResource - [helmroll] Desired Platform services (3 services)
2025-01-29 17:06:41,249 INFO c.h.h.t.HelmChartContainer - [hivemq-test-hivemq-platform] [hivemq-platform-operator] [1420f2b2] 17:06:41.246 [pool-6-thread-35] DEBUG c.h.p.o.d.PodServiceAccountResource - [helmroll] Desired PodServiceAccountResource (serviceAccountName: hivemq-platform-pod-test-hivemq-platform)
2025-01-29 17:06:41,252 INFO c.h.h.t.HelmChartContainer - [hivemq-test-hivemq-platform] [hivemq-platform-operator] [1420f2b2] 17:06:41.252 [pool-6-thread-36] DEBUG c.h.p.o.d.StatefulSetResource - [helmroll] Desired StatefulSet (2 replicas) for status ROLLING_RESTART (SURGE_IN_PROGRESS)
2025-01-29 17:06:41,255 INFO c.h.h.t.HelmChartContainer - [hivemq-test-hivemq-platform] [hivemq-platform-operator] [1420f2b2] 17:06:41.254 [ReconcilerExecutor-hivemq-controller-121] INFO  c.h.p.o.HiveMQPlatformReconciler - [helmroll] Reconciling HiveMQ Platform 'test-hivemq-platform' in namespace 'helmrollingupgradeplatformit'
2025-01-29 17:06:41,310 INFO c.h.h.t.HelmChartContainer - [hivemq-test-hivemq-platform] [hivemq-platform-operator] [1420f2b2] 17:06:41.254 [ReconcilerExecutor-hivemq-controller-121] DEBUG c.h.p.o.HiveMQPlatformReconciler - [helmroll] Custom Resource Status ROLLING_RESTART - HiveMQ Platform is starting a surge Pod (rolling restart) (SURGE_IN_PROGRESS)
2025-01-29 17:06:41,310 INFO c.h.h.t.HelmChartContainer - [hivemq-test-hivemq-platform] [hivemq-platform-operator] [1420f2b2] 17:06:41.308 [ReconcilerExecutor-hivemq-controller-121] DEBUG c.h.p.o.HiveMQPlatformReconciler - [helmroll] Custom Resource Spec (replicas: 1) (extensions: 1)
2025-01-29 17:06:41,311 INFO c.h.h.t.HelmChartContainer - [hivemq-test-hivemq-platform] [hivemq-platform-operator] [1420f2b2] 17:06:41.310 [ReconcilerExecutor-hivemq-controller-121] DEBUG c.h.p.o.HiveMQPlatformReconciler - [helmroll] StatefulSet Status (revision: test-hivemq-platform-945c6dcb4, replicas: 2, available: 1, ready: 1, current: 1, updated: 1)
2025-01-29 17:06:41,311 INFO c.h.h.t.HelmChartContainer - [hivemq-test-hivemq-platform] [hivemq-platform-operator] [1420f2b2] 17:06:41.310 [ReconcilerExecutor-hivemq-controller-121] DEBUG c.h.p.o.HiveMQPlatformReconciler - [helmroll] StatefulSet Spec (replicas: 2, init containers: 1, containers: 1, volumes: 3)
2025-01-29 17:06:41,312 INFO c.h.h.t.HelmChartContainer - [hivemq-test-hivemq-platform] [hivemq-platform-operator] [1420f2b2] 17:06:41.311 [ReconcilerExecutor-hivemq-controller-121] DEBUG c.h.p.o.h.HiveMQPlatformReconcilerErrorHandler - [helmroll] Pod 'test-hivemq-platform-1' phase Pending
2025-01-29 17:06:41,312 INFO c.h.h.t.HelmChartContainer - [hivemq-test-hivemq-platform] [hivemq-platform-operator] [1420f2b2] 17:06:41.311 [ReconcilerExecutor-hivemq-controller-121] DEBUG c.h.p.o.h.HiveMQPlatformReconcilerErrorHandler - [helmroll] Pod 'test-hivemq-platform-1' condition 'PodReadyToStartContainers': False
2025-01-29 17:06:41,313 INFO c.h.h.t.HelmChartContainer - [hivemq-test-hivemq-platform] [hivemq-platform-operator] [1420f2b2] 17:06:41.311 [ReconcilerExecutor-hivemq-controller-121] DEBUG c.h.p.o.h.HiveMQPlatformReconcilerErrorHandler - [helmroll] Pod 'test-hivemq-platform-1' condition 'Initialized': False
2025-01-29 17:06:41,313 INFO c.h.h.t.HelmChartContainer - [hivemq-test-hivemq-platform] [hivemq-platform-operator] [1420f2b2] 17:06:41.311 [ReconcilerExecutor-hivemq-controller-121] DEBUG c.h.p.o.h.HiveMQPlatformReconcilerErrorHandler - [helmroll] Pod 'test-hivemq-platform-1' condition 'Ready': False
2025-01-29 17:06:41,313 INFO c.h.h.t.HelmChartContainer - [hivemq-test-hivemq-platform] [hivemq-platform-operator] [1420f2b2] 17:06:41.311 [ReconcilerExecutor-hivemq-controller-121] DEBUG c.h.p.o.h.HiveMQPlatformReconcilerErrorHandler - [helmroll] Pod 'test-hivemq-platform-1' condition 'ContainersReady': False
2025-01-29 17:06:41,313 INFO c.h.h.t.HelmChartContainer - [hivemq-test-hivemq-platform] [hivemq-platform-operator] [1420f2b2] 17:06:41.311 [ReconcilerExecutor-hivemq-controller-121] DEBUG c.h.p.o.h.HiveMQPlatformReconcilerErrorHandler - [helmroll] Pod 'test-hivemq-platform-1' condition 'PodScheduled': True
2025-01-29 17:06:41,313 INFO c.h.h.t.HelmChartContainer - [hivemq-test-hivemq-platform] [hivemq-platform-operator] [1420f2b2] 17:06:41.311 [ReconcilerExecutor-hivemq-controller-121] DEBUG c.h.p.o.h.HiveMQPlatformReconcilerErrorHandler - [helmroll] Pod 'test-hivemq-platform-1' containerStatus 'hivemq' (started: false) (ready: false) (waiting: [PodInitializing] null)
2025-01-29 17:06:41,313 INFO c.h.h.t.HelmChartContainer - [hivemq-test-hivemq-platform] [hivemq-platform-operator] [1420f2b2] 17:06:41.312 [ReconcilerExecutor-hivemq-controller-121] DEBUG c.h.p.o.h.HiveMQPlatformReconcilerErrorHandler - [helmroll] Pod 'test-hivemq-platform-0' phase Running
2025-01-29 17:06:41,313 INFO c.h.h.t.HelmChartContainer - [hivemq-test-hivemq-platform] [hivemq-platform-operator] [1420f2b2] 17:06:41.313 [ReconcilerExecutor-hivemq-controller-121] DEBUG c.h.p.o.h.HiveMQPlatformReconcilerRollingRestartHandler - [helmroll] Rolling restart is waiting for 1 of 2 replicas
2025-01-29 17:06:41,362 INFO c.h.h.t.HelmChartContainer - [EVENT] Normal [Pulled] Container image "docker.io/hivemq/hivemq-platform-operator-init-test:snapshot" already present on machine [helmrollingupgradeplatformit:test-hivemq-platform-1]
2025-01-29 17:06:41,368 INFO c.h.h.t.HelmChartContainer - [EVENT] Normal [Created] Created container: hivemq-platform-operator-init [helmrollingupgradeplatformit:test-hivemq-platform-1]
2025-01-29 17:06:41,414 INFO c.h.h.t.HelmChartContainer - [EVENT] Normal [Started] Started container hivemq-platform-operator-init [helmrollingupgradeplatformit:test-hivemq-platform-1]
2025-01-29 17:06:41,863 INFO c.h.h.t.HelmChartContainer - [EVENT] Normal [Pulled] Container image "docker.io/hivemq/hivemq4:4.36.0" already present on machine [helmrollingupgradeplatformit:test-hivemq-platform-1]
2025-01-29 17:06:41,863 INFO c.h.h.t.HelmChartContainer - Received Pulled event for container hivemq in pod test-hivemq-platform-1 [6d31fc8e-0720-47d1-813b-3b1e39315150]
2025-01-29 17:06:41,875 INFO c.h.h.t.HelmChartContainer - [POD] test-hivemq-platform-1 [6d31fc8e-0720-47d1-813b-3b1e39315150] in helmrollingupgradeplatformit was MODIFIED
2025-01-29 17:06:41,904 INFO c.h.h.t.HelmChartContainer - [hivemq-test-hivemq-platform] [hivemq-platform-operator] [1420f2b2] 17:06:41.876 [pool-6-thread-44] DEBUG c.h.p.o.d.PlatformServiceResource - [helmroll] Desired Platform services (3 services)
2025-01-29 17:06:41,904 INFO c.h.h.t.HelmChartContainer - [hivemq-test-hivemq-platform] [hivemq-platform-operator] [1420f2b2] 17:06:41.879 [pool-6-thread-46] DEBUG c.h.p.o.dependants.PodInfoConfigMap - [helmroll] Desired PodInfo ConfigMap (1 extensions) (1 enabled)
2025-01-29 17:06:41,904 INFO c.h.h.t.HelmChartContainer - [hivemq-test-hivemq-platform] [hivemq-platform-operator] [1420f2b2] 17:06:41.879 [pool-6-thread-46] DEBUG c.h.p.o.dependants.PodInfoConfigMap - [helmroll] Desired PodInfo ConfigMap (metrics port: 9399) (metrics path: /)
2025-01-29 17:06:41,905 INFO c.h.h.t.HelmChartContainer - [hivemq-test-hivemq-platform] [hivemq-platform-operator] [1420f2b2] 17:06:41.879 [pool-6-thread-46] DEBUG c.h.p.o.dependants.PodInfoConfigMap - [helmroll] Desired PodInfo ConfigMap (extension state hash: -1817474005)
2025-01-29 17:06:41,905 INFO c.h.h.t.HelmChartContainer - [hivemq-test-hivemq-platform] [hivemq-platform-operator] [1420f2b2] 17:06:41.881 [pool-6-thread-46] DEBUG c.h.p.o.d.PodServiceAccountResource - [helmroll] Desired PodServiceAccountResource (serviceAccountName: hivemq-platform-pod-test-hivemq-platform)
2025-01-29 17:06:41,905 INFO c.h.h.t.HelmChartContainer - [hivemq-test-hivemq-platform] [hivemq-platform-operator] [1420f2b2] 17:06:41.886 [pool-6-thread-44] DEBUG c.h.p.o.d.StatefulSetResource - [helmroll] Desired StatefulSet (2 replicas) for status ROLLING_RESTART (SURGE_IN_PROGRESS)
2025-01-29 17:06:41,905 INFO c.h.h.t.HelmChartContainer - [hivemq-test-hivemq-platform] [hivemq-platform-operator] [1420f2b2] 17:06:41.889 [ReconcilerExecutor-hivemq-controller-122] INFO  c.h.p.o.HiveMQPlatformReconciler - [helmroll] Reconciling HiveMQ Platform 'test-hivemq-platform' in namespace 'helmrollingupgradeplatformit'
2025-01-29 17:06:41,905 INFO c.h.h.t.HelmChartContainer - [hivemq-test-hivemq-platform] [hivemq-platform-operator] [1420f2b2] 17:06:41.889 [ReconcilerExecutor-hivemq-controller-122] DEBUG c.h.p.o.HiveMQPlatformReconciler - [helmroll] Custom Resource Status ROLLING_RESTART - HiveMQ Platform is starting a surge Pod (rolling restart) (SURGE_IN_PROGRESS)
2025-01-29 17:06:41,905 INFO c.h.h.t.HelmChartContainer - [hivemq-test-hivemq-platform] [hivemq-platform-operator] [1420f2b2] 17:06:41.889 [ReconcilerExecutor-hivemq-controller-122] DEBUG c.h.p.o.HiveMQPlatformReconciler - [helmroll] Custom Resource Spec (replicas: 1) (extensions: 1)
2025-01-29 17:06:41,905 INFO c.h.h.t.HelmChartContainer - [hivemq-test-hivemq-platform] [hivemq-platform-operator] [1420f2b2] 17:06:41.890 [ReconcilerExecutor-hivemq-controller-122] DEBUG c.h.p.o.HiveMQPlatformReconciler - [helmroll] StatefulSet Status (revision: test-hivemq-platform-945c6dcb4, replicas: 2, available: 1, ready: 1, current: 1, updated: 1)
2025-01-29 17:06:41,905 INFO c.h.h.t.HelmChartContainer - [hivemq-test-hivemq-platform] [hivemq-platform-operator] [1420f2b2] 17:06:41.891 [ReconcilerExecutor-hivemq-controller-122] DEBUG c.h.p.o.HiveMQPlatformReconciler - [helmroll] StatefulSet Spec (replicas: 2, init containers: 1, containers: 1, volumes: 3)
2025-01-29 17:06:41,905 INFO c.h.h.t.HelmChartContainer - [hivemq-test-hivemq-platform] [hivemq-platform-operator] [1420f2b2] 17:06:41.894 [ReconcilerExecutor-hivemq-controller-122] DEBUG c.h.p.o.h.HiveMQPlatformReconcilerErrorHandler - [helmroll] Pod 'test-hivemq-platform-1' phase Pending
2025-01-29 17:06:41,905 INFO c.h.h.t.HelmChartContainer - [hivemq-test-hivemq-platform] [hivemq-platform-operator] [1420f2b2] 17:06:41.894 [ReconcilerExecutor-hivemq-controller-122] DEBUG c.h.p.o.h.HiveMQPlatformReconcilerErrorHandler - [helmroll] Pod 'test-hivemq-platform-1' condition 'PodReadyToStartContainers': True
2025-01-29 17:06:41,905 INFO c.h.h.t.HelmChartContainer - [hivemq-test-hivemq-platform] [hivemq-platform-operator] [1420f2b2] 17:06:41.894 [ReconcilerExecutor-hivemq-controller-122] DEBUG c.h.p.o.h.HiveMQPlatformReconcilerErrorHandler - [helmroll] Pod 'test-hivemq-platform-1' condition 'Initialized': True
2025-01-29 17:06:41,905 INFO c.h.h.t.HelmChartContainer - [hivemq-test-hivemq-platform] [hivemq-platform-operator] [1420f2b2] 17:06:41.894 [ReconcilerExecutor-hivemq-controller-122] DEBUG c.h.p.o.h.HiveMQPlatformReconcilerErrorHandler - [helmroll] Pod 'test-hivemq-platform-1' condition 'Ready': False
2025-01-29 17:06:41,905 INFO c.h.h.t.HelmChartContainer - [hivemq-test-hivemq-platform] [hivemq-platform-operator] [1420f2b2] 17:06:41.894 [ReconcilerExecutor-hivemq-controller-122] DEBUG c.h.p.o.h.HiveMQPlatformReconcilerErrorHandler - [helmroll] Pod 'test-hivemq-platform-1' condition 'ContainersReady': False
2025-01-29 17:06:41,905 INFO c.h.h.t.HelmChartContainer - [hivemq-test-hivemq-platform] [hivemq-platform-operator] [1420f2b2] 17:06:41.894 [ReconcilerExecutor-hivemq-controller-122] DEBUG c.h.p.o.h.HiveMQPlatformReconcilerErrorHandler - [helmroll] Pod 'test-hivemq-platform-1' condition 'PodScheduled': True
2025-01-29 17:06:41,905 INFO c.h.h.t.HelmChartContainer - [hivemq-test-hivemq-platform] [hivemq-platform-operator] [1420f2b2] 17:06:41.894 [ReconcilerExecutor-hivemq-controller-122] DEBUG c.h.p.o.h.HiveMQPlatformReconcilerErrorHandler - [helmroll] Pod 'test-hivemq-platform-1' containerStatus 'hivemq' (started: false) (ready: false) (waiting: [PodInitializing] null)
2025-01-29 17:06:41,940 INFO c.h.h.t.HelmChartContainer - [hivemq-test-hivemq-platform] [hivemq-platform-operator] [1420f2b2] 17:06:41.895 [ReconcilerExecutor-hivemq-controller-122] DEBUG c.h.p.o.h.HiveMQPlatformReconcilerErrorHandler - [helmroll] Pod 'test-hivemq-platform-0' phase Running
2025-01-29 17:06:41,940 INFO c.h.h.t.HelmChartContainer - [hivemq-test-hivemq-platform] [hivemq-platform-operator] [1420f2b2] 17:06:41.938 [ReconcilerExecutor-hivemq-controller-122] DEBUG c.h.p.o.h.HiveMQPlatformReconcilerRollingRestartHandler - [helmroll] Rolling restart is waiting for 1 of 2 replicas
2025-01-29 17:06:43,643 INFO c.h.h.t.HelmChartContainer - [EVENT] Normal [Created] Created container: hivemq [helmrollingupgradeplatformit:test-hivemq-platform-1]
2025-01-29 17:06:43,643 INFO c.h.h.t.HelmChartContainer - Received Created event for container hivemq in pod test-hivemq-platform-1 [6d31fc8e-0720-47d1-813b-3b1e39315150]
2025-01-29 17:06:43,873 INFO c.h.h.t.HelmChartContainer - [POD] test-hivemq-platform-1 [6d31fc8e-0720-47d1-813b-3b1e39315150] in helmrollingupgradeplatformit was MODIFIED
2025-01-29 17:06:43,885 INFO c.h.h.t.HelmChartContainer - Started log watcher for hivemq in pod test-hivemq-platform-1 [6d31fc8e-0720-47d1-813b-3b1e39315150]
2025-01-29 17:06:43,885 INFO c.h.h.t.HelmChartContainer - [EVENT] Normal [Started] Started container hivemq [helmrollingupgradeplatformit:test-hivemq-platform-1]
2025-01-29 17:06:43,886 INFO c.h.h.t.HelmChartContainer - [hivemq-test-hivemq-platform] [hivemq-platform-operator] [1420f2b2] 17:06:43.880 [pool-6-thread-10] DEBUG c.h.p.o.dependants.PodInfoConfigMap - [helmroll] Desired PodInfo ConfigMap (1 extensions) (1 enabled)
2025-01-29 17:06:43,886 INFO c.h.h.t.HelmChartContainer - [hivemq-test-hivemq-platform] [hivemq-platform-operator] [1420f2b2] 17:06:43.880 [pool-6-thread-10] DEBUG c.h.p.o.dependants.PodInfoConfigMap - [helmroll] Desired PodInfo ConfigMap (metrics port: 9399) (metrics path: /)
2025-01-29 17:06:43,886 INFO c.h.h.t.HelmChartContainer - [hivemq-test-hivemq-platform] [hivemq-platform-operator] [1420f2b2] 17:06:43.880 [pool-6-thread-10] DEBUG c.h.p.o.dependants.PodInfoConfigMap - [helmroll] Desired PodInfo ConfigMap (extension state hash: -1817474005)
2025-01-29 17:06:43,886 INFO c.h.h.t.HelmChartContainer - Received Started event for container hivemq in pod test-hivemq-platform-1 [6d31fc8e-0720-47d1-813b-3b1e39315150]
2025-01-29 17:06:43,886 INFO c.h.h.t.HelmChartContainer - [hivemq-test-hivemq-platform] [hivemq-platform-operator] [1420f2b2] 17:06:43.881 [pool-6-thread-10] DEBUG c.h.p.o.d.PodServiceAccountResource - [helmroll] Desired PodServiceAccountResource (serviceAccountName: hivemq-platform-pod-test-hivemq-platform)
2025-01-29 17:06:43,886 INFO c.h.h.t.HelmChartContainer - [hivemq-test-hivemq-platform] [hivemq-platform-operator] [1420f2b2] 17:06:43.882 [pool-6-thread-6] DEBUG c.h.p.o.d.PlatformServiceResource - [helmroll] Desired Platform services (3 services)
2025-01-29 17:06:43,886 INFO c.h.h.t.HelmChartContainer - [test-hivemq-platform] [hivemq] [6d31fc8e] Adding pre-installed HiveMQ Platform Operator extensions
2025-01-29 17:06:43,886 INFO c.h.h.t.HelmChartContainer - [test-hivemq-platform] [hivemq] [6d31fc8e] Running as user 10000
2025-01-29 17:06:43,886 INFO c.h.h.t.HelmChartContainer - [test-hivemq-platform] [hivemq] [6d31fc8e] Starting HiveMQ Platform Operator Init
2025-01-29 17:06:43,888 INFO c.h.h.t.HelmChartContainer - [hivemq-test-hivemq-platform] [hivemq-platform-operator] [1420f2b2] 17:06:43.886 [pool-6-thread-6] DEBUG c.h.p.o.d.StatefulSetResource - [helmroll] Desired StatefulSet (2 replicas) for status ROLLING_RESTART (SURGE_IN_PROGRESS)
2025-01-29 17:06:43,892 INFO c.h.h.t.HelmChartContainer - [hivemq-test-hivemq-platform] [hivemq-platform-operator] [1420f2b2] 17:06:43.889 [ReconcilerExecutor-hivemq-controller-123] INFO  c.h.p.o.HiveMQPlatformReconciler - [helmroll] Reconciling HiveMQ Platform 'test-hivemq-platform' in namespace 'helmrollingupgradeplatformit'
2025-01-29 17:06:43,892 INFO c.h.h.t.HelmChartContainer - [hivemq-test-hivemq-platform] [hivemq-platform-operator] [1420f2b2] 17:06:43.889 [ReconcilerExecutor-hivemq-controller-123] DEBUG c.h.p.o.HiveMQPlatformReconciler - [helmroll] Custom Resource Status ROLLING_RESTART - HiveMQ Platform is starting a surge Pod (rolling restart) (SURGE_IN_PROGRESS)
2025-01-29 17:06:43,892 INFO c.h.h.t.HelmChartContainer - [hivemq-test-hivemq-platform] [hivemq-platform-operator] [1420f2b2] 17:06:43.889 [ReconcilerExecutor-hivemq-controller-123] DEBUG c.h.p.o.HiveMQPlatformReconciler - [helmroll] Custom Resource Spec (replicas: 1) (extensions: 1)
2025-01-29 17:06:43,892 INFO c.h.h.t.HelmChartContainer - [hivemq-test-hivemq-platform] [hivemq-platform-operator] [1420f2b2] 17:06:43.891 [ReconcilerExecutor-hivemq-controller-123] DEBUG c.h.p.o.HiveMQPlatformReconciler - [helmroll] StatefulSet Status (revision: test-hivemq-platform-945c6dcb4, replicas: 2, available: 1, ready: 1, current: 1, updated: 1)
2025-01-29 17:06:43,894 INFO c.h.h.t.HelmChartContainer - [hivemq-test-hivemq-platform] [hivemq-platform-operator] [1420f2b2] 17:06:43.891 [ReconcilerExecutor-hivemq-controller-123] DEBUG c.h.p.o.HiveMQPlatformReconciler - [helmroll] StatefulSet Spec (replicas: 2, init containers: 1, containers: 1, volumes: 3)
2025-01-29 17:06:43,894 INFO c.h.h.t.HelmChartContainer - [hivemq-test-hivemq-platform] [hivemq-platform-operator] [1420f2b2] 17:06:43.893 [ReconcilerExecutor-hivemq-controller-123] DEBUG c.h.p.o.h.HiveMQPlatformReconcilerErrorHandler - [helmroll] Pod 'test-hivemq-platform-1' phase Running
2025-01-29 17:06:43,941 INFO c.h.h.t.HelmChartContainer - [hivemq-test-hivemq-platform] [hivemq-platform-operator] [1420f2b2] 17:06:43.938 [ReconcilerExecutor-hivemq-controller-123] DEBUG c.h.p.o.h.HiveMQPlatformReconcilerErrorHandler - [helmroll] Pod 'test-hivemq-platform-0' phase Running
2025-01-29 17:06:43,941 INFO c.h.h.t.HelmChartContainer - [hivemq-test-hivemq-platform] [hivemq-platform-operator] [1420f2b2] 17:06:43.939 [ReconcilerExecutor-hivemq-controller-123] DEBUG c.h.p.o.h.HiveMQPlatformReconcilerRollingRestartHandler - [helmroll] Rolling restart is waiting for 1 of 2 replicas
2025-01-29 17:06:45,020 INFO c.h.h.t.HelmChartContainer - [test-hivemq-platform] [hivemq] [6d31fc8e] INFO  - [HiveMQ Platform Operator Init 1.7.0-SNAPSHOT] HiveMQ Platform Operator Init 1.7.0-SNAPSHOT (commit: 8465ebf on branch: HEAD) built on Wed Jan 29 16:56:31 UTC 2025
2025-01-29 17:06:45,883 INFO c.h.h.t.HelmChartContainer - [test-hivemq-platform] [hivemq] [db0cd3b9] INFO  - [HiveMQ Platform Operator Init App 1.7.0-SNAPSHOT] Returning Health API response 200 for liveness
2025-01-29 17:06:46,155 INFO c.h.h.t.HelmChartContainer - [test-hivemq-platform] [hivemq] [6d31fc8e] INFO  - [HiveMQ Platform Operator Init App 1.7.0-SNAPSHOT] Using bind address 10.42.0.11 from environment variable
2025-01-29 17:06:47,136 INFO c.h.h.t.HelmChartContainer - [test-hivemq-platform] [hivemq] [6d31fc8e] INFO  - [HiveMQ Platform Operator Init App 1.7.0-SNAPSHOT] HiveMQ Platform Operator Init App 1.7.0-SNAPSHOT (commit: 8465ebf on branch: HEAD) built on Wed Jan 29 16:56:31 UTC 2025
2025-01-29 17:06:47,137 INFO c.h.h.t.HelmChartContainer - [test-hivemq-platform] [hivemq] [6d31fc8e] INFO  - [HiveMQ Platform Operator Init App 1.7.0-SNAPSHOT] PodInfo ConfigMap directory: /etc/podinfo
2025-01-29 17:06:47,137 INFO c.h.h.t.HelmChartContainer - [test-hivemq-platform] [hivemq] [6d31fc8e] INFO  - [HiveMQ Platform Operator Init App 1.7.0-SNAPSHOT] HiveMQ home directory: /opt/hivemq
2025-01-29 17:06:47,137 INFO c.h.h.t.HelmChartContainer - [test-hivemq-platform] [hivemq] [6d31fc8e] INFO  - [HiveMQ Platform Operator Init App 1.7.0-SNAPSHOT] HiveMQ Logback folder: /opt/hivemq/conf
2025-01-29 17:06:47,137 INFO c.h.h.t.HelmChartContainer - [test-hivemq-platform] [hivemq] [6d31fc8e] INFO  - [HiveMQ Platform Operator Init App 1.7.0-SNAPSHOT] HiveMQ Config folder: /opt/hivemq/conf-k8s
2025-01-29 17:06:47,138 INFO c.h.h.t.HelmChartContainer - [test-hivemq-platform] [hivemq] [6d31fc8e] INFO  - [HiveMQ Platform Operator Init App 1.7.0-SNAPSHOT] Starting HiveMQ Platform Operator Init App
2025-01-29 17:06:47,138 INFO c.h.h.t.HelmChartContainer - [test-hivemq-platform] [hivemq] [6d31fc8e] INFO  - [HiveMQ Platform Operator Init App 1.7.0-SNAPSHOT] Starting Pod reconciler
2025-01-29 17:06:48,426 INFO c.h.h.t.HelmChartContainer - [test-hivemq-platform] [hivemq] [6d31fc8e] INFO  - [HiveMQ Platform Operator Init App 1.7.0-SNAPSHOT] Pod reconciler is scheduled (interval: 5000 ms)
2025-01-29 17:06:48,426 INFO c.h.h.t.HelmChartContainer - [test-hivemq-platform] [hivemq] [6d31fc8e] INFO  - [HiveMQ Platform Operator Init App 1.7.0-SNAPSHOT] Starting the REST API on 10.42.0.11:7979
2025-01-29 17:06:48,429 INFO c.h.h.t.HelmChartContainer - [test-hivemq-platform] [hivemq] [6d31fc8e] INFO  - [HiveMQ Platform Operator Init App 1.7.0-SNAPSHOT] Waiting up to 600s for at most 2 HiveMQ nodes in cluster service hivemq-test-hivemq-platform-cluster.helmrollingupgradeplatformit.svc
2025-01-29 17:06:48,821 INFO c.h.h.t.HelmChartContainer - [test-hivemq-platform] [hivemq] [6d31fc8e] INFO  - [HiveMQ Platform Operator Init App 1.7.0-SNAPSHOT] Resolved 2 IP addresses: [10.42.0.10, 10.42.0.11]
2025-01-29 17:06:48,821 INFO c.h.h.t.HelmChartContainer - [test-hivemq-platform] [hivemq] [6d31fc8e] INFO  - [HiveMQ Platform Operator Init App 1.7.0-SNAPSHOT] HiveMQ node count of 2 is within threshold of 2
2025-01-29 17:06:48,821 INFO c.h.h.t.HelmChartContainer - [test-hivemq-platform] [hivemq] [6d31fc8e] INFO  - [HiveMQ Platform Operator Init App 1.7.0-SNAPSHOT] Waiting 15s for previous shutdown replication to finish...
2025-01-29 17:06:49,876 INFO c.h.h.t.HelmChartContainer - [test-hivemq-platform] [hivemq] [6d31fc8e] INFO  - [HiveMQ Platform Operator Init App 1.7.0-SNAPSHOT] Returning default Health API response 503 for readiness
2025-01-29 17:06:50,031 INFO c.h.h.t.HelmChartContainer - [EVENT] Warning [Unhealthy] Readiness probe failed: HTTP probe failed with statuscode: 503 [helmrollingupgradeplatformit:test-hivemq-platform-1]
2025-01-29 17:06:50,031 INFO c.h.h.t.HelmChartContainer - Received Unhealthy event for container hivemq in pod test-hivemq-platform-1 [6d31fc8e-0720-47d1-813b-3b1e39315150]
2025-01-29 17:06:53,944 INFO c.h.h.t.HelmChartContainer - [hivemq-test-hivemq-platform] [hivemq-platform-operator] [1420f2b2] 17:06:53.942 [pool-6-thread-14] DEBUG c.h.p.o.d.PlatformServiceResource - [helmroll] Desired Platform services (3 services)
2025-01-29 17:06:53,944 INFO c.h.h.t.HelmChartContainer - [hivemq-test-hivemq-platform] [hivemq-platform-operator] [1420f2b2] 17:06:53.942 [pool-6-thread-12] DEBUG c.h.p.o.d.PodServiceAccountResource - [helmroll] Desired PodServiceAccountResource (serviceAccountName: hivemq-platform-pod-test-hivemq-platform)
2025-01-29 17:06:53,946 INFO c.h.h.t.HelmChartContainer - [hivemq-test-hivemq-platform] [hivemq-platform-operator] [1420f2b2] 17:06:53.944 [pool-6-thread-16] DEBUG c.h.p.o.dependants.PodInfoConfigMap - [helmroll] Desired PodInfo ConfigMap (1 extensions) (1 enabled)
2025-01-29 17:06:53,946 INFO c.h.h.t.HelmChartContainer - [hivemq-test-hivemq-platform] [hivemq-platform-operator] [1420f2b2] 17:06:53.945 [pool-6-thread-16] DEBUG c.h.p.o.dependants.PodInfoConfigMap - [helmroll] Desired PodInfo ConfigMap (metrics port: 9399) (metrics path: /)
2025-01-29 17:06:53,946 INFO c.h.h.t.HelmChartContainer - [hivemq-test-hivemq-platform] [hivemq-platform-operator] [1420f2b2] 17:06:53.945 [pool-6-thread-16] DEBUG c.h.p.o.dependants.PodInfoConfigMap - [helmroll] Desired PodInfo ConfigMap (extension state hash: -1817474005)
2025-01-29 17:06:53,949 INFO c.h.h.t.HelmChartContainer - [hivemq-test-hivemq-platform] [hivemq-platform-operator] [1420f2b2] 17:06:53.948 [pool-6-thread-14] DEBUG c.h.p.o.d.StatefulSetResource - [helmroll] Desired StatefulSet (2 replicas) for status ROLLING_RESTART (SURGE_IN_PROGRESS)
2025-01-29 17:06:53,952 INFO c.h.h.t.HelmChartContainer - [hivemq-test-hivemq-platform] [hivemq-platform-operator] [1420f2b2] 17:06:53.951 [ReconcilerExecutor-hivemq-controller-124] INFO  c.h.p.o.HiveMQPlatformReconciler - [helmroll] Reconciling HiveMQ Platform 'test-hivemq-platform' in namespace 'helmrollingupgradeplatformit'
2025-01-29 17:06:53,953 INFO c.h.h.t.HelmChartContainer - [hivemq-test-hivemq-platform] [hivemq-platform-operator] [1420f2b2] 17:06:53.951 [ReconcilerExecutor-hivemq-controller-124] DEBUG c.h.p.o.HiveMQPlatformReconciler - [helmroll] Custom Resource Status ROLLING_RESTART - HiveMQ Platform is starting a surge Pod (rolling restart) (SURGE_IN_PROGRESS)
2025-01-29 17:06:53,953 INFO c.h.h.t.HelmChartContainer - [hivemq-test-hivemq-platform] [hivemq-platform-operator] [1420f2b2] 17:06:53.951 [ReconcilerExecutor-hivemq-controller-124] DEBUG c.h.p.o.HiveMQPlatformReconciler - [helmroll] Custom Resource Spec (replicas: 1) (extensions: 1)
2025-01-29 17:06:53,954 INFO c.h.h.t.HelmChartContainer - [hivemq-test-hivemq-platform] [hivemq-platform-operator] [1420f2b2] 17:06:53.952 [ReconcilerExecutor-hivemq-controller-124] DEBUG c.h.p.o.HiveMQPlatformReconciler - [helmroll] StatefulSet Status (revision: test-hivemq-platform-945c6dcb4, replicas: 2, available: 1, ready: 1, current: 1, updated: 1)
2025-01-29 17:06:53,954 INFO c.h.h.t.HelmChartContainer - [hivemq-test-hivemq-platform] [hivemq-platform-operator] [1420f2b2] 17:06:53.953 [ReconcilerExecutor-hivemq-controller-124] DEBUG c.h.p.o.HiveMQPlatformReconciler - [helmroll] StatefulSet Spec (replicas: 2, init containers: 1, containers: 1, volumes: 3)
2025-01-29 17:06:53,955 INFO c.h.h.t.HelmChartContainer - [hivemq-test-hivemq-platform] [hivemq-platform-operator] [1420f2b2] 17:06:53.954 [ReconcilerExecutor-hivemq-controller-124] DEBUG c.h.p.o.h.HiveMQPlatformReconcilerErrorHandler - [helmroll] Pod 'test-hivemq-platform-1' phase Running
2025-01-29 17:06:53,956 INFO c.h.h.t.HelmChartContainer - [hivemq-test-hivemq-platform] [hivemq-platform-operator] [1420f2b2] 17:06:53.955 [ReconcilerExecutor-hivemq-controller-124] DEBUG c.h.p.o.h.HiveMQPlatformReconcilerErrorHandler - [helmroll] Pod 'test-hivemq-platform-0' phase Running
2025-01-29 17:06:53,956 INFO c.h.h.t.HelmChartContainer - [hivemq-test-hivemq-platform] [hivemq-platform-operator] [1420f2b2] 17:06:53.956 [ReconcilerExecutor-hivemq-controller-124] DEBUG c.h.p.o.h.HiveMQPlatformReconcilerRollingRestartHandler - [helmroll] Rolling restart is waiting for 1 of 2 replicas
2025-01-29 17:06:54,926 INFO c.h.h.t.HelmChartContainer - [EVENT] Warning [Unhealthy] Readiness probe failed: HTTP probe failed with statuscode: 503 [helmrollingupgradeplatformit:test-hivemq-platform-1]
2025-01-29 17:06:54,926 INFO c.h.h.t.HelmChartContainer - Received Unhealthy event for container hivemq in pod test-hivemq-platform-1 [6d31fc8e-0720-47d1-813b-3b1e39315150]
2025-01-29 17:06:55,736 INFO c.h.h.t.HelmChartContainer - [test-hivemq-platform] [hivemq] [6d31fc8e] INFO  - [HiveMQ Platform Operator Init App 1.7.0-SNAPSHOT] Updating Pod HiveMQ Platform Operator Init App version annotation (version: 1.7.0-SNAPSHOT)
2025-01-29 17:06:56,136 INFO c.h.h.t.HelmChartContainer - [POD] test-hivemq-platform-1 [6d31fc8e-0720-47d1-813b-3b1e39315150] in helmrollingupgradeplatformit was MODIFIED
2025-01-29 17:06:56,136 INFO c.h.h.t.HelmChartContainer - [test-hivemq-platform] [hivemq] [6d31fc8e] INFO  - [HiveMQ Platform Operator Init App 1.7.0-SNAPSHOT] Successfully updated Pod HiveMQ Platform Operator Init App version annotation (version: 1.7.0-SNAPSHOT)
2025-01-29 17:06:56,140 INFO c.h.h.t.HelmChartContainer - [hivemq-test-hivemq-platform] [hivemq-platform-operator] [1420f2b2] 17:06:56.139 [pool-6-thread-25] DEBUG c.h.p.o.d.PlatformServiceResource - [helmroll] Desired Platform services (3 services)
2025-01-29 17:06:56,144 INFO c.h.h.t.HelmChartContainer - [hivemq-test-hivemq-platform] [hivemq-platform-operator] [1420f2b2] 17:06:56.141 [pool-6-thread-24] DEBUG c.h.p.o.d.PodServiceAccountResource - [helmroll] Desired PodServiceAccountResource (serviceAccountName: hivemq-platform-pod-test-hivemq-platform)
2025-01-29 17:06:56,149 INFO c.h.h.t.HelmChartContainer - [hivemq-test-hivemq-platform] [hivemq-platform-operator] [1420f2b2] 17:06:56.139 [pool-6-thread-29] DEBUG c.h.p.o.dependants.PodInfoConfigMap - [helmroll] Desired PodInfo ConfigMap (1 extensions) (1 enabled)
2025-01-29 17:06:56,149 INFO c.h.h.t.HelmChartContainer - [EVENT] Warning [Unhealthy] Readiness probe failed: HTTP probe failed with statuscode: 503 [helmrollingupgradeplatformit:test-hivemq-platform-1]
2025-01-29 17:06:56,149 INFO c.h.h.t.HelmChartContainer - Received Unhealthy event for container hivemq in pod test-hivemq-platform-1 [6d31fc8e-0720-47d1-813b-3b1e39315150]
2025-01-29 17:06:56,151 INFO c.h.h.t.HelmChartContainer - [hivemq-test-hivemq-platform] [hivemq-platform-operator] [1420f2b2] 17:06:56.145 [pool-6-thread-29] DEBUG c.h.p.o.dependants.PodInfoConfigMap - [helmroll] Desired PodInfo ConfigMap (metrics port: 9399) (metrics path: /)
2025-01-29 17:06:56,151 INFO c.h.h.t.HelmChartContainer - [hivemq-test-hivemq-platform] [hivemq-platform-operator] [1420f2b2] 17:06:56.145 [pool-6-thread-29] DEBUG c.h.p.o.dependants.PodInfoConfigMap - [helmroll] Desired PodInfo ConfigMap (extension state hash: -1817474005)
2025-01-29 17:06:56,152 INFO c.h.h.t.HelmChartContainer - [hivemq-test-hivemq-platform] [hivemq-platform-operator] [1420f2b2] 17:06:56.149 [pool-6-thread-25] DEBUG c.h.p.o.d.StatefulSetResource - [helmroll] Desired StatefulSet (2 replicas) for status ROLLING_RESTART (SURGE_IN_PROGRESS)
2025-01-29 17:06:56,154 INFO c.h.h.t.HelmChartContainer - [hivemq-test-hivemq-platform] [hivemq-platform-operator] [1420f2b2] 17:06:56.154 [ReconcilerExecutor-hivemq-controller-125] INFO  c.h.p.o.HiveMQPlatformReconciler - [helmroll] Reconciling HiveMQ Platform 'test-hivemq-platform' in namespace 'helmrollingupgradeplatformit'
2025-01-29 17:06:56,157 INFO c.h.h.t.HelmChartContainer - [hivemq-test-hivemq-platform] [hivemq-platform-operator] [1420f2b2] 17:06:56.154 [ReconcilerExecutor-hivemq-controller-125] DEBUG c.h.p.o.HiveMQPlatformReconciler - [helmroll] Custom Resource Status ROLLING_RESTART - HiveMQ Platform is starting a surge Pod (rolling restart) (SURGE_IN_PROGRESS)
2025-01-29 17:06:56,157 INFO c.h.h.t.HelmChartContainer - [hivemq-test-hivemq-platform] [hivemq-platform-operator] [1420f2b2] 17:06:56.154 [ReconcilerExecutor-hivemq-controller-125] DEBUG c.h.p.o.HiveMQPlatformReconciler - [helmroll] Custom Resource Spec (replicas: 1) (extensions: 1)
2025-01-29 17:06:56,157 INFO c.h.h.t.HelmChartContainer - [hivemq-test-hivemq-platform] [hivemq-platform-operator] [1420f2b2] 17:06:56.155 [ReconcilerExecutor-hivemq-controller-125] DEBUG c.h.p.o.HiveMQPlatformReconciler - [helmroll] StatefulSet Status (revision: test-hivemq-platform-945c6dcb4, replicas: 2, available: 1, ready: 1, current: 1, updated: 1)
2025-01-29 17:06:56,157 INFO c.h.h.t.HelmChartContainer - [hivemq-test-hivemq-platform] [hivemq-platform-operator] [1420f2b2] 17:06:56.155 [ReconcilerExecutor-hivemq-controller-125] DEBUG c.h.p.o.HiveMQPlatformReconciler - [helmroll] StatefulSet Spec (replicas: 2, init containers: 1, containers: 1, volumes: 3)
2025-01-29 17:06:56,158 INFO c.h.h.t.HelmChartContainer - [hivemq-test-hivemq-platform] [hivemq-platform-operator] [1420f2b2] 17:06:56.157 [ReconcilerExecutor-hivemq-controller-125] DEBUG c.h.p.o.h.HiveMQPlatformReconcilerErrorHandler - [helmroll] Pod 'test-hivemq-platform-1' phase Running
2025-01-29 17:06:56,210 INFO c.h.h.t.HelmChartContainer - [hivemq-test-hivemq-platform] [hivemq-platform-operator] [1420f2b2] 17:06:56.209 [ReconcilerExecutor-hivemq-controller-125] DEBUG c.h.p.o.h.HiveMQPlatformReconcilerErrorHandler - [helmroll] Pod 'test-hivemq-platform-0' phase Running
2025-01-29 17:06:56,210 INFO c.h.h.t.HelmChartContainer - [hivemq-test-hivemq-platform] [hivemq-platform-operator] [1420f2b2] 17:06:56.210 [ReconcilerExecutor-hivemq-controller-125] DEBUG c.h.p.o.h.HiveMQPlatformReconcilerRollingRestartHandler - [helmroll] Rolling restart is waiting for 1 of 2 replicas
2025-01-29 17:07:01,132 INFO c.h.h.t.HelmChartContainer - [EVENT] Warning [Unhealthy] Readiness probe failed: HTTP probe failed with statuscode: 503 [helmrollingupgradeplatformit:test-hivemq-platform-1]
2025-01-29 17:07:01,132 INFO c.h.h.t.HelmChartContainer - Received Unhealthy event for container hivemq in pod test-hivemq-platform-1 [6d31fc8e-0720-47d1-813b-3b1e39315150]
2025-01-29 17:07:03,821 INFO c.h.h.t.HelmChartContainer - [test-hivemq-platform] [hivemq] [6d31fc8e] INFO  - [HiveMQ Platform Operator Init App 1.7.0-SNAPSHOT] Proceeding with container start
2025-01-29 17:07:03,825 INFO c.h.h.t.HelmChartContainer - [test-hivemq-platform] [hivemq] [6d31fc8e] INFO  - [HiveMQ Platform Operator Init App 1.7.0-SNAPSHOT] Initializing HiveMQ Platform extensions with initial configuration: {hivemq-allow-all-extension={start-priority=-1, skip-https-hostname-verification=false, restart=true, config-version=0, header-version=0, c-uri=, priority=-1, uri=preinstalled, skip-https-certificate-validation=false, enabled=true}, hivemq-prometheus-extension={priority=-1, start-priority=-1, c-uri=, skip-https-hostname-verification=false, skip-https-certificate-validation=false, uri=preinstalled, request-header-path=no-request-headers, enabled=true, restart=true}}
2025-01-29 17:07:04,319 INFO c.h.h.t.HelmChartContainer - [test-hivemq-platform] [hivemq] [6d31fc8e] INFO  - [HiveMQ Platform Operator Init App 1.7.0-SNAPSHOT] Extension hivemq-allow-all-extension was already enabled
2025-01-29 17:07:04,331 INFO c.h.h.t.HelmChartContainer - [test-hivemq-platform] [hivemq] [6d31fc8e] INFO  - [HiveMQ Platform Operator Init App 1.7.0-SNAPSHOT] Successfully enabled extension hivemq-prometheus-extension
2025-01-29 17:07:04,335 INFO c.h.h.t.HelmChartContainer - [test-hivemq-platform] [hivemq] [6d31fc8e] INFO  - [HiveMQ Platform Operator Init App 1.7.0-SNAPSHOT] Starting HiveMQ Platform version 4.36.0 (4.36.0)
2025-01-29 17:07:04,335 INFO c.h.h.t.HelmChartContainer - [test-hivemq-platform] [hivemq] [6d31fc8e] INFO  - [HiveMQ Platform Operator Init App 1.7.0-SNAPSHOT] Configuring the HiveMQ Platform
2025-01-29 17:07:04,426 INFO c.h.h.t.HelmChartContainer - [test-hivemq-platform] [hivemq] [6d31fc8e] INFO  - [HiveMQ Platform Operator Init App 1.7.0-SNAPSHOT] Changed logback.xml file scan period to 20 seconds
2025-01-29 17:07:04,519 INFO c.h.h.t.HelmChartContainer - [test-hivemq-platform] [hivemq] [6d31fc8e] INFO  - [HiveMQ Platform Operator Init App 1.7.0-SNAPSHOT] Starting the HiveMQ Platform
2025-01-29 17:07:04,523 INFO c.h.h.t.HelmChartContainer - [test-hivemq-platform] [hivemq] [6d31fc8e] -------------------------------------------------------------------------
2025-01-29 17:07:04,523 INFO c.h.h.t.HelmChartContainer - [test-hivemq-platform] [hivemq] [6d31fc8e] 
2025-01-29 17:07:04,523 INFO c.h.h.t.HelmChartContainer - [test-hivemq-platform] [hivemq] [6d31fc8e]                   _    _  _              __  __   ____
2025-01-29 17:07:04,523 INFO c.h.h.t.HelmChartContainer - [test-hivemq-platform] [hivemq] [6d31fc8e]                  | |  | |(_)            |  \/  | / __ \
2025-01-29 17:07:04,523 INFO c.h.h.t.HelmChartContainer - [test-hivemq-platform] [hivemq] [6d31fc8e]                  | |__| | _ __   __ ___ | \  / || |  | |
2025-01-29 17:07:04,523 INFO c.h.h.t.HelmChartContainer - [test-hivemq-platform] [hivemq] [6d31fc8e]                  |  __  || |\ \ / // _ \| |\/| || |  | |
2025-01-29 17:07:04,523 INFO c.h.h.t.HelmChartContainer - [test-hivemq-platform] [hivemq] [6d31fc8e]                  | |  | || | \ V /|  __/| |  | || |__| |
2025-01-29 17:07:04,523 INFO c.h.h.t.HelmChartContainer - [test-hivemq-platform] [hivemq] [6d31fc8e]                  |_|  |_||_|  \_/  \___||_|  |_| \___\_\
2025-01-29 17:07:04,524 INFO c.h.h.t.HelmChartContainer - [test-hivemq-platform] [hivemq] [6d31fc8e] 
2025-01-29 17:07:04,524 INFO c.h.h.t.HelmChartContainer - [test-hivemq-platform] [hivemq] [6d31fc8e] -------------------------------------------------------------------------
2025-01-29 17:07:04,524 INFO c.h.h.t.HelmChartContainer - [test-hivemq-platform] [hivemq] [6d31fc8e] 
2025-01-29 17:07:04,524 INFO c.h.h.t.HelmChartContainer - [test-hivemq-platform] [hivemq] [6d31fc8e]   HiveMQ Start Script for Linux/Unix v1.14
2025-01-29 17:07:04,524 INFO c.h.h.t.HelmChartContainer - [test-hivemq-platform] [hivemq] [6d31fc8e] 
2025-01-29 17:07:04,626 INFO c.h.h.t.HelmChartContainer - [test-hivemq-platform] [hivemq] [6d31fc8e] -------------------------------------------------------------------------
2025-01-29 17:07:04,626 INFO c.h.h.t.HelmChartContainer - [test-hivemq-platform] [hivemq] [6d31fc8e] 
2025-01-29 17:07:04,626 INFO c.h.h.t.HelmChartContainer - [test-hivemq-platform] [hivemq] [6d31fc8e]   HIVEMQ_HOME: /opt/hivemq
2025-01-29 17:07:04,626 INFO c.h.h.t.HelmChartContainer - [test-hivemq-platform] [hivemq] [6d31fc8e] 
2025-01-29 17:07:04,626 INFO c.h.h.t.HelmChartContainer - [test-hivemq-platform] [hivemq] [6d31fc8e]   JAVA_OPTS: -XX:+UnlockExperimentalVMOptions -XX:InitialRAMPercentage=50 -XX:MaxRAMPercentage=50 -Djava.net.preferIPv4Stack=true --add-opens java.base/java.lang=ALL-UNNAMED --add-opens java.base/java.nio=ALL-UNNAMED --add-opens java.base/sun.nio.ch=ALL-UNNAMED --add-opens jdk.management/com.sun.management.internal=ALL-UNNAMED --add-exports java.base/jdk.internal.misc=ALL-UNNAMED -Djava.security.egd=file:/dev/./urandom -Dcom.sun.management.jmxremote -Dcom.sun.management.jmxremote.port=9010 -Dcom.sun.management.jmxremote.local.only=false -Dcom.sun.management.jmxremote.authenticate=false -Dcom.sun.management.jmxremote.ssl=false -Duser.language=en -Duser.region=US -XX:+CrashOnOutOfMemoryError -XX:+HeapDumpOnOutOfMemoryError
2025-01-29 17:07:04,626 INFO c.h.h.t.HelmChartContainer - [test-hivemq-platform] [hivemq] [6d31fc8e] 
2025-01-29 17:07:04,626 INFO c.h.h.t.HelmChartContainer - [test-hivemq-platform] [hivemq] [6d31fc8e]   JAVA_VERSION: 21
2025-01-29 17:07:04,626 INFO c.h.h.t.HelmChartContainer - [test-hivemq-platform] [hivemq] [6d31fc8e] 
2025-01-29 17:07:04,626 INFO c.h.h.t.HelmChartContainer - [test-hivemq-platform] [hivemq] [6d31fc8e] -------------------------------------------------------------------------
2025-01-29 17:07:04,626 INFO c.h.h.t.HelmChartContainer - [test-hivemq-platform] [hivemq] [6d31fc8e] 
2025-01-29 17:07:06,135 INFO c.h.h.t.HelmChartContainer - [EVENT] Warning [Unhealthy] Readiness probe failed: HTTP probe failed with statuscode: 503 [helmrollingupgradeplatformit:test-hivemq-platform-1]
2025-01-29 17:07:06,135 INFO c.h.h.t.HelmChartContainer - Received Unhealthy event for container hivemq in pod test-hivemq-platform-1 [6d31fc8e-0720-47d1-813b-3b1e39315150]
2025-01-29 17:07:06,220 INFO c.h.h.t.HelmChartContainer - [hivemq-test-hivemq-platform] [hivemq-platform-operator] [1420f2b2] 17:07:06.214 [pool-6-thread-39] DEBUG c.h.p.o.d.PlatformServiceResource - [helmroll] Desired Platform services (3 services)
2025-01-29 17:07:06,220 INFO c.h.h.t.HelmChartContainer - [hivemq-test-hivemq-platform] [hivemq-platform-operator] [1420f2b2] 17:07:06.216 [pool-6-thread-32] DEBUG c.h.p.o.d.PodServiceAccountResource - [helmroll] Desired PodServiceAccountResource (serviceAccountName: hivemq-platform-pod-test-hivemq-platform)
2025-01-29 17:07:06,221 INFO c.h.h.t.HelmChartContainer - [hivemq-test-hivemq-platform] [hivemq-platform-operator] [1420f2b2] 17:07:06.220 [pool-6-thread-33] DEBUG c.h.p.o.dependants.PodInfoConfigMap - [helmroll] Desired PodInfo ConfigMap (1 extensions) (1 enabled)
2025-01-29 17:07:06,221 INFO c.h.h.t.HelmChartContainer - [hivemq-test-hivemq-platform] [hivemq-platform-operator] [1420f2b2] 17:07:06.220 [pool-6-thread-33] DEBUG c.h.p.o.dependants.PodInfoConfigMap - [helmroll] Desired PodInfo ConfigMap (metrics port: 9399) (metrics path: /)
2025-01-29 17:07:06,221 INFO c.h.h.t.HelmChartContainer - [hivemq-test-hivemq-platform] [hivemq-platform-operator] [1420f2b2] 17:07:06.220 [pool-6-thread-33] DEBUG c.h.p.o.dependants.PodInfoConfigMap - [helmroll] Desired PodInfo ConfigMap (extension state hash: -1817474005)
2025-01-29 17:07:06,224 INFO c.h.h.t.HelmChartContainer - [hivemq-test-hivemq-platform] [hivemq-platform-operator] [1420f2b2] 17:07:06.223 [pool-6-thread-32] DEBUG c.h.p.o.d.StatefulSetResource - [helmroll] Desired StatefulSet (2 replicas) for status ROLLING_RESTART (SURGE_IN_PROGRESS)
2025-01-29 17:07:06,226 INFO c.h.h.t.HelmChartContainer - [hivemq-test-hivemq-platform] [hivemq-platform-operator] [1420f2b2] 17:07:06.226 [ReconcilerExecutor-hivemq-controller-126] INFO  c.h.p.o.HiveMQPlatformReconciler - [helmroll] Reconciling HiveMQ Platform 'test-hivemq-platform' in namespace 'helmrollingupgradeplatformit'
2025-01-29 17:07:06,227 INFO c.h.h.t.HelmChartContainer - [hivemq-test-hivemq-platform] [hivemq-platform-operator] [1420f2b2] 17:07:06.226 [ReconcilerExecutor-hivemq-controller-126] DEBUG c.h.p.o.HiveMQPlatformReconciler - [helmroll] Custom Resource Status ROLLING_RESTART - HiveMQ Platform is starting a surge Pod (rolling restart) (SURGE_IN_PROGRESS)
2025-01-29 17:07:06,227 INFO c.h.h.t.HelmChartContainer - [hivemq-test-hivemq-platform] [hivemq-platform-operator] [1420f2b2] 17:07:06.226 [ReconcilerExecutor-hivemq-controller-126] DEBUG c.h.p.o.HiveMQPlatformReconciler - [helmroll] Custom Resource Spec (replicas: 1) (extensions: 1)
2025-01-29 17:07:06,232 INFO c.h.h.t.HelmChartContainer - [hivemq-test-hivemq-platform] [hivemq-platform-operator] [1420f2b2] 17:07:06.227 [ReconcilerExecutor-hivemq-controller-126] DEBUG c.h.p.o.HiveMQPlatformReconciler - [helmroll] StatefulSet Status (revision: test-hivemq-platform-945c6dcb4, replicas: 2, available: 1, ready: 1, current: 1, updated: 1)
2025-01-29 17:07:06,232 INFO c.h.h.t.HelmChartContainer - [hivemq-test-hivemq-platform] [hivemq-platform-operator] [1420f2b2] 17:07:06.227 [ReconcilerExecutor-hivemq-controller-126] DEBUG c.h.p.o.HiveMQPlatformReconciler - [helmroll] StatefulSet Spec (replicas: 2, init containers: 1, containers: 1, volumes: 3)
2025-01-29 17:07:06,232 INFO c.h.h.t.HelmChartContainer - [hivemq-test-hivemq-platform] [hivemq-platform-operator] [1420f2b2] 17:07:06.228 [ReconcilerExecutor-hivemq-controller-126] DEBUG c.h.p.o.h.HiveMQPlatformReconcilerErrorHandler - [helmroll] Pod 'test-hivemq-platform-1' phase Running
2025-01-29 17:07:06,232 INFO c.h.h.t.HelmChartContainer - [hivemq-test-hivemq-platform] [hivemq-platform-operator] [1420f2b2] 17:07:06.229 [ReconcilerExecutor-hivemq-controller-126] DEBUG c.h.p.o.h.HiveMQPlatformReconcilerErrorHandler - [helmroll] Pod 'test-hivemq-platform-0' phase Running
2025-01-29 17:07:06,232 INFO c.h.h.t.HelmChartContainer - [hivemq-test-hivemq-platform] [hivemq-platform-operator] [1420f2b2] 17:07:06.230 [ReconcilerExecutor-hivemq-controller-126] DEBUG c.h.p.o.h.HiveMQPlatformReconcilerRollingRestartHandler - [helmroll] Rolling restart is waiting for 1 of 2 replicas
2025-01-29 17:07:07,224 INFO c.h.h.t.HelmChartContainer - [test-hivemq-platform] [hivemq] [6d31fc8e] INFO  - Starting HiveMQ Enterprise Server
2025-01-29 17:07:07,230 INFO c.h.h.t.HelmChartContainer - [test-hivemq-platform] [hivemq] [6d31fc8e] INFO  - HiveMQ version: 4.36.0
2025-01-29 17:07:07,230 INFO c.h.h.t.HelmChartContainer - [test-hivemq-platform] [hivemq] [6d31fc8e] INFO  - HiveMQ home directory: /opt/hivemq
2025-01-29 17:07:07,231 INFO c.h.h.t.HelmChartContainer - [test-hivemq-platform] [hivemq] [6d31fc8e] INFO  - Log Configuration was overridden by /opt/hivemq/conf/logback.xml
2025-01-29 17:07:08,339 INFO c.h.h.t.HelmChartContainer - [test-hivemq-platform] [hivemq] [6d31fc8e] INFO  - Successfully loaded configuration from '/opt/hivemq/conf-k8s/config.xml'.
2025-01-29 17:07:08,723 INFO c.h.h.t.HelmChartContainer - [test-hivemq-platform] [hivemq] [6d31fc8e] INFO  - This node's ID is auPrk
2025-01-29 17:07:08,723 INFO c.h.h.t.HelmChartContainer - [test-hivemq-platform] [hivemq] [6d31fc8e] INFO  - Clustering is enabled
2025-01-29 17:07:11,430 INFO c.h.h.t.HelmChartContainer - [test-hivemq-platform] [hivemq] [6d31fc8e] WARN  - [HiveMQ Platform Operator Init App 1.7.0-SNAPSHOT] Cannot connect to Health API for readiness: null
2025-01-29 17:07:11,431 INFO c.h.h.t.HelmChartContainer - [test-hivemq-platform] [hivemq] [6d31fc8e] WARN  - [HiveMQ Platform Operator Init App 1.7.0-SNAPSHOT] Cannot connect to Health API for liveness: null
2025-01-29 17:07:11,431 INFO c.h.h.t.HelmChartContainer - [test-hivemq-platform] [hivemq] [6d31fc8e] INFO  - [HiveMQ Platform Operator Init App 1.7.0-SNAPSHOT] Returning default Health API response 200 for liveness
2025-01-29 17:07:11,435 INFO c.h.h.t.HelmChartContainer - [EVENT] Warning [Unhealthy] Readiness probe failed: HTTP probe failed with statuscode: 503 [helmrollingupgradeplatformit:test-hivemq-platform-1]
2025-01-29 17:07:11,435 INFO c.h.h.t.HelmChartContainer - Received Unhealthy event for container hivemq in pod test-hivemq-platform-1 [6d31fc8e-0720-47d1-813b-3b1e39315150]
2025-01-29 17:07:16,131 INFO c.h.h.t.HelmChartContainer - [test-hivemq-platform] [hivemq] [6d31fc8e] WARN  - [HiveMQ Platform Operator Init App 1.7.0-SNAPSHOT] Cannot connect to Health API for readiness: null
2025-01-29 17:07:16,136 INFO c.h.h.t.HelmChartContainer - [EVENT] Warning [Unhealthy] Readiness probe failed: HTTP probe failed with statuscode: 503 [helmrollingupgradeplatformit:test-hivemq-platform-1]
2025-01-29 17:07:16,136 INFO c.h.h.t.HelmChartContainer - Received Unhealthy event for container hivemq in pod test-hivemq-platform-1 [6d31fc8e-0720-47d1-813b-3b1e39315150]
2025-01-29 17:07:16,236 INFO c.h.h.t.HelmChartContainer - [hivemq-test-hivemq-platform] [hivemq-platform-operator] [1420f2b2] 17:07:16.233 [pool-6-thread-46] DEBUG c.h.p.o.d.PlatformServiceResource - [helmroll] Desired Platform services (3 services)
2025-01-29 17:07:16,237 INFO c.h.h.t.HelmChartContainer - [hivemq-test-hivemq-platform] [hivemq-platform-operator] [1420f2b2] 17:07:16.235 [pool-6-thread-44] DEBUG c.h.p.o.dependants.PodInfoConfigMap - [helmroll] Desired PodInfo ConfigMap (1 extensions) (1 enabled)
2025-01-29 17:07:16,238 INFO c.h.h.t.HelmChartContainer - [hivemq-test-hivemq-platform] [hivemq-platform-operator] [1420f2b2] 17:07:16.236 [pool-6-thread-44] DEBUG c.h.p.o.dependants.PodInfoConfigMap - [helmroll] Desired PodInfo ConfigMap (metrics port: 9399) (metrics path: /)
2025-01-29 17:07:16,238 INFO c.h.h.t.HelmChartContainer - [hivemq-test-hivemq-platform] [hivemq-platform-operator] [1420f2b2] 17:07:16.237 [pool-6-thread-44] DEBUG c.h.p.o.dependants.PodInfoConfigMap - [helmroll] Desired PodInfo ConfigMap (extension state hash: -1817474005)
2025-01-29 17:07:16,241 INFO c.h.h.t.HelmChartContainer - [hivemq-test-hivemq-platform] [hivemq-platform-operator] [1420f2b2] 17:07:16.235 [pool-6-thread-45] DEBUG c.h.p.o.d.PodServiceAccountResource - [helmroll] Desired PodServiceAccountResource (serviceAccountName: hivemq-platform-pod-test-hivemq-platform)
2025-01-29 17:07:16,244 INFO c.h.h.t.HelmChartContainer - [hivemq-test-hivemq-platform] [hivemq-platform-operator] [1420f2b2] 17:07:16.240 [pool-6-thread-46] DEBUG c.h.p.o.d.StatefulSetResource - [helmroll] Desired StatefulSet (2 replicas) for status ROLLING_RESTART (SURGE_IN_PROGRESS)
2025-01-29 17:07:16,249 INFO c.h.h.t.HelmChartContainer - [hivemq-test-hivemq-platform] [hivemq-platform-operator] [1420f2b2] 17:07:16.248 [ReconcilerExecutor-hivemq-controller-127] INFO  c.h.p.o.HiveMQPlatformReconciler - [helmroll] Reconciling HiveMQ Platform 'test-hivemq-platform' in namespace 'helmrollingupgradeplatformit'
2025-01-29 17:07:16,249 INFO c.h.h.t.HelmChartContainer - [hivemq-test-hivemq-platform] [hivemq-platform-operator] [1420f2b2] 17:07:16.248 [ReconcilerExecutor-hivemq-controller-127] DEBUG c.h.p.o.HiveMQPlatformReconciler - [helmroll] Custom Resource Status ROLLING_RESTART - HiveMQ Platform is starting a surge Pod (rolling restart) (SURGE_IN_PROGRESS)
2025-01-29 17:07:16,252 INFO c.h.h.t.HelmChartContainer - [hivemq-test-hivemq-platform] [hivemq-platform-operator] [1420f2b2] 17:07:16.248 [ReconcilerExecutor-hivemq-controller-127] DEBUG c.h.p.o.HiveMQPlatformReconciler - [helmroll] Custom Resource Spec (replicas: 1) (extensions: 1)
2025-01-29 17:07:16,256 INFO c.h.h.t.HelmChartContainer - [hivemq-test-hivemq-platform] [hivemq-platform-operator] [1420f2b2] 17:07:16.250 [ReconcilerExecutor-hivemq-controller-127] DEBUG c.h.p.o.HiveMQPlatformReconciler - [helmroll] StatefulSet Status (revision: test-hivemq-platform-945c6dcb4, replicas: 2, available: 1, ready: 1, current: 1, updated: 1)
2025-01-29 17:07:16,257 INFO c.h.h.t.HelmChartContainer - [hivemq-test-hivemq-platform] [hivemq-platform-operator] [1420f2b2] 17:07:16.251 [ReconcilerExecutor-hivemq-controller-127] DEBUG c.h.p.o.HiveMQPlatformReconciler - [helmroll] StatefulSet Spec (replicas: 2, init containers: 1, containers: 1, volumes: 3)
2025-01-29 17:07:16,258 INFO c.h.h.t.HelmChartContainer - [hivemq-test-hivemq-platform] [hivemq-platform-operator] [1420f2b2] 17:07:16.254 [ReconcilerExecutor-hivemq-controller-127] DEBUG c.h.p.o.h.HiveMQPlatformReconcilerErrorHandler - [helmroll] Pod 'test-hivemq-platform-1' phase Running
2025-01-29 17:07:16,258 INFO c.h.h.t.HelmChartContainer - [hivemq-test-hivemq-platform] [hivemq-platform-operator] [1420f2b2] 17:07:16.256 [ReconcilerExecutor-hivemq-controller-127] DEBUG c.h.p.o.h.HiveMQPlatformReconcilerErrorHandler - [helmroll] Pod 'test-hivemq-platform-0' phase Running
2025-01-29 17:07:16,258 INFO c.h.h.t.HelmChartContainer - [hivemq-test-hivemq-platform] [hivemq-platform-operator] [1420f2b2] 17:07:16.256 [ReconcilerExecutor-hivemq-controller-127] DEBUG c.h.p.o.h.HiveMQPlatformReconcilerRollingRestartHandler - [helmroll] Rolling restart is waiting for 1 of 2 replicas
2025-01-29 17:07:21,130 INFO c.h.h.t.HelmChartContainer - [test-hivemq-platform] [hivemq] [6d31fc8e] WARN  - [HiveMQ Platform Operator Init App 1.7.0-SNAPSHOT] Cannot connect to Health API for readiness: null
2025-01-29 17:07:21,137 INFO c.h.h.t.HelmChartContainer - [EVENT] Warning [Unhealthy] Readiness probe failed: HTTP probe failed with statuscode: 503 [helmrollingupgradeplatformit:test-hivemq-platform-1]
2025-01-29 17:07:21,137 INFO c.h.h.t.HelmChartContainer - Received Unhealthy event for container hivemq in pod test-hivemq-platform-1 [6d31fc8e-0720-47d1-813b-3b1e39315150]
2025-01-29 17:07:22,642 INFO c.h.h.t.HelmChartContainer - [test-hivemq-platform] [hivemq] [6d31fc8e] INFO  - No valid license file found. Using trial license, restricted to 25 connections.
2025-01-29 17:07:26,131 INFO c.h.h.t.HelmChartContainer - [test-hivemq-platform] [hivemq] [6d31fc8e] WARN  - [HiveMQ Platform Operator Init App 1.7.0-SNAPSHOT] Cannot connect to Health API for readiness: null
2025-01-29 17:07:26,136 INFO c.h.h.t.HelmChartContainer - [EVENT] Warning [Unhealthy] Readiness probe failed: HTTP probe failed with statuscode: 503 [helmrollingupgradeplatformit:test-hivemq-platform-1]
2025-01-29 17:07:26,137 INFO c.h.h.t.HelmChartContainer - Received Unhealthy event for container hivemq in pod test-hivemq-platform-1 [6d31fc8e-0720-47d1-813b-3b1e39315150]
2025-01-29 17:07:26,263 INFO c.h.h.t.HelmChartContainer - [hivemq-test-hivemq-platform] [hivemq-platform-operator] [1420f2b2] 17:07:26.260 [pool-6-thread-5] DEBUG c.h.p.o.d.PlatformServiceResource - [helmroll] Desired Platform services (3 services)
2025-01-29 17:07:26,264 INFO c.h.h.t.HelmChartContainer - [hivemq-test-hivemq-platform] [hivemq-platform-operator] [1420f2b2] 17:07:26.261 [pool-6-thread-9] DEBUG c.h.p.o.d.PodServiceAccountResource - [helmroll] Desired PodServiceAccountResource (serviceAccountName: hivemq-platform-pod-test-hivemq-platform)
2025-01-29 17:07:26,264 INFO c.h.h.t.HelmChartContainer - [hivemq-test-hivemq-platform] [hivemq-platform-operator] [1420f2b2] 17:07:26.262 [pool-6-thread-7] DEBUG c.h.p.o.dependants.PodInfoConfigMap - [helmroll] Desired PodInfo ConfigMap (1 extensions) (1 enabled)
2025-01-29 17:07:26,264 INFO c.h.h.t.HelmChartContainer - [hivemq-test-hivemq-platform] [hivemq-platform-operator] [1420f2b2] 17:07:26.262 [pool-6-thread-7] DEBUG c.h.p.o.dependants.PodInfoConfigMap - [helmroll] Desired PodInfo ConfigMap (metrics port: 9399) (metrics path: /)
2025-01-29 17:07:26,264 INFO c.h.h.t.HelmChartContainer - [hivemq-test-hivemq-platform] [hivemq-platform-operator] [1420f2b2] 17:07:26.262 [pool-6-thread-7] DEBUG c.h.p.o.dependants.PodInfoConfigMap - [helmroll] Desired PodInfo ConfigMap (extension state hash: -1817474005)
2025-01-29 17:07:26,265 INFO c.h.h.t.HelmChartContainer - [hivemq-test-hivemq-platform] [hivemq-platform-operator] [1420f2b2] 17:07:26.264 [pool-6-thread-5] DEBUG c.h.p.o.d.StatefulSetResource - [helmroll] Desired StatefulSet (2 replicas) for status ROLLING_RESTART (SURGE_IN_PROGRESS)
2025-01-29 17:07:26,266 INFO c.h.h.t.HelmChartContainer - [hivemq-test-hivemq-platform] [hivemq-platform-operator] [1420f2b2] 17:07:26.266 [ReconcilerExecutor-hivemq-controller-128] INFO  c.h.p.o.HiveMQPlatformReconciler - [helmroll] Reconciling HiveMQ Platform 'test-hivemq-platform' in namespace 'helmrollingupgradeplatformit'
2025-01-29 17:07:26,267 INFO c.h.h.t.HelmChartContainer - [hivemq-test-hivemq-platform] [hivemq-platform-operator] [1420f2b2] 17:07:26.266 [ReconcilerExecutor-hivemq-controller-128] DEBUG c.h.p.o.HiveMQPlatformReconciler - [helmroll] Custom Resource Status ROLLING_RESTART - HiveMQ Platform is starting a surge Pod (rolling restart) (SURGE_IN_PROGRESS)
2025-01-29 17:07:26,267 INFO c.h.h.t.HelmChartContainer - [hivemq-test-hivemq-platform] [hivemq-platform-operator] [1420f2b2] 17:07:26.266 [ReconcilerExecutor-hivemq-controller-128] DEBUG c.h.p.o.HiveMQPlatformReconciler - [helmroll] Custom Resource Spec (replicas: 1) (extensions: 1)
2025-01-29 17:07:26,268 INFO c.h.h.t.HelmChartContainer - [hivemq-test-hivemq-platform] [hivemq-platform-operator] [1420f2b2] 17:07:26.267 [ReconcilerExecutor-hivemq-controller-128] DEBUG c.h.p.o.HiveMQPlatformReconciler - [helmroll] StatefulSet Status (revision: test-hivemq-platform-945c6dcb4, replicas: 2, available: 1, ready: 1, current: 1, updated: 1)
2025-01-29 17:07:26,268 INFO c.h.h.t.HelmChartContainer - [hivemq-test-hivemq-platform] [hivemq-platform-operator] [1420f2b2] 17:07:26.267 [ReconcilerExecutor-hivemq-controller-128] DEBUG c.h.p.o.HiveMQPlatformReconciler - [helmroll] StatefulSet Spec (replicas: 2, init containers: 1, containers: 1, volumes: 3)
2025-01-29 17:07:26,270 INFO c.h.h.t.HelmChartContainer - [hivemq-test-hivemq-platform] [hivemq-platform-operator] [1420f2b2] 17:07:26.269 [ReconcilerExecutor-hivemq-controller-128] DEBUG c.h.p.o.h.HiveMQPlatformReconcilerErrorHandler - [helmroll] Pod 'test-hivemq-platform-1' phase Running
2025-01-29 17:07:26,271 INFO c.h.h.t.HelmChartContainer - [hivemq-test-hivemq-platform] [hivemq-platform-operator] [1420f2b2] 17:07:26.270 [ReconcilerExecutor-hivemq-controller-128] DEBUG c.h.p.o.h.HiveMQPlatformReconcilerErrorHandler - [helmroll] Pod 'test-hivemq-platform-0' phase Running
2025-01-29 17:07:26,271 INFO c.h.h.t.HelmChartContainer - [hivemq-test-hivemq-platform] [hivemq-platform-operator] [1420f2b2] 17:07:26.271 [ReconcilerExecutor-hivemq-controller-128] DEBUG c.h.p.o.h.HiveMQPlatformReconcilerRollingRestartHandler - [helmroll] Rolling restart is waiting for 1 of 2 replicas
2025-01-29 17:07:26,630 INFO c.h.h.t.HelmChartContainer - [test-hivemq-platform] [hivemq] [6d31fc8e] INFO  - No valid license file for Data Hub found. Using free license, restricted to 1 policy.
2025-01-29 17:07:27,840 INFO c.h.h.t.HelmChartContainer - [test-hivemq-platform] [hivemq] [6d31fc8e] INFO  - Audit Logger started.
2025-01-29 17:07:28,132 INFO c.h.h.t.HelmChartContainer - [test-hivemq-platform] [hivemq] [6d31fc8e] INFO  - This node uses '1' CPU cores.
2025-01-29 17:07:28,137 INFO c.h.h.t.HelmChartContainer - [test-hivemq-platform] [hivemq] [6d31fc8e] INFO  - Starting HiveMQ Health API on address 0.0.0.0 and port 8889
2025-01-29 17:07:29,137 INFO c.h.h.t.HelmChartContainer - [test-hivemq-platform] [hivemq] [6d31fc8e] INFO  - Started HiveMQ Health API in 1000ms
2025-01-29 17:07:30,029 INFO c.h.h.t.HelmChartContainer - [test-hivemq-platform] [hivemq] [6d31fc8e] INFO  - Starting HiveMQ extension system.
2025-01-29 17:07:30,328 INFO c.h.h.t.HelmChartContainer - [test-hivemq-platform] [hivemq] [6d31fc8e] INFO  - Starting extension with id "hivemq-dns-cluster-discovery" at /opt/hivemq/extensions/hivemq-dns-cluster-discovery
2025-01-29 17:07:30,731 INFO c.h.h.t.HelmChartContainer - [test-hivemq-platform] [hivemq] [6d31fc8e] INFO  - Using TCP cluster transport on address 10.42.0.11 and port 7000
2025-01-29 17:07:30,823 INFO c.h.h.t.HelmChartContainer - [test-hivemq-platform] [hivemq] [6d31fc8e] INFO  - Using extension cluster discovery
2025-01-29 17:07:31,023 INFO c.h.h.t.HelmChartContainer - [test-hivemq-platform] [hivemq] [6d31fc8e] INFO  - Extension "DNS Cluster Discovery Extension" version 4.3.2 started successfully.
2025-01-29 17:07:31,024 INFO c.h.h.t.HelmChartContainer - [test-hivemq-platform] [hivemq] [6d31fc8e] INFO  - Starting extension with id "hivemq-prometheus-extension" at /opt/hivemq/extensions/hivemq-prometheus-extension
2025-01-29 17:07:32,171 INFO c.h.h.t.HelmChartContainer - [EVENT] Warning [Unhealthy] Readiness probe failed: Get "http://10.42.0.11:7979/readiness": context deadline exceeded (Client.Timeout exceeded while awaiting headers) [helmrollingupgradeplatformit:test-hivemq-platform-1]
2025-01-29 17:07:32,171 INFO c.h.h.t.HelmChartContainer - Received Unhealthy event for container hivemq in pod test-hivemq-platform-1 [6d31fc8e-0720-47d1-813b-3b1e39315150]
2025-01-29 17:07:32,230 INFO c.h.h.t.HelmChartContainer - [test-hivemq-platform] [hivemq] [6d31fc8e] INFO  - Started Jetty Server exposing Prometheus Servlet on URI http://0.0.0.0:9399/
2025-01-29 17:07:32,230 INFO c.h.h.t.HelmChartContainer - [test-hivemq-platform] [hivemq] [6d31fc8e] INFO  - Extension "Prometheus Monitoring Extension" version 4.0.12 started successfully.
2025-01-29 17:07:32,230 INFO c.h.h.t.HelmChartContainer - [test-hivemq-platform] [hivemq] [6d31fc8e] INFO  - Starting extension with id "hivemq-allow-all-extension" at /opt/hivemq/extensions/hivemq-allow-all-extension
2025-01-29 17:07:32,230 INFO c.h.h.t.HelmChartContainer - [test-hivemq-platform] [hivemq] [6d31fc8e] WARN  - 
2025-01-29 17:07:32,230 INFO c.h.h.t.HelmChartContainer - [test-hivemq-platform] [hivemq] [6d31fc8e] ################################################################################################################
2025-01-29 17:07:32,230 INFO c.h.h.t.HelmChartContainer - [test-hivemq-platform] [hivemq] [6d31fc8e] # This HiveMQ deployment is not secure! You are lacking Authentication and Authorization.                      #
2025-01-29 17:07:32,230 INFO c.h.h.t.HelmChartContainer - [test-hivemq-platform] [hivemq] [6d31fc8e] # Right now any MQTT client can connect to the broker with a full set of permissions.                          #
2025-01-29 17:07:32,231 INFO c.h.h.t.HelmChartContainer - [test-hivemq-platform] [hivemq] [6d31fc8e] # For production usage, add an appropriate security extension and remove the hivemq-allow-all extension.       #
2025-01-29 17:07:32,231 INFO c.h.h.t.HelmChartContainer - [test-hivemq-platform] [hivemq] [6d31fc8e] # You can download security extensions from the HiveMQ Marketplace (https://www.hivemq.com/extensions/).       #
2025-01-29 17:07:32,231 INFO c.h.h.t.HelmChartContainer - [test-hivemq-platform] [hivemq] [6d31fc8e] ################################################################################################################
2025-01-29 17:07:32,231 INFO c.h.h.t.HelmChartContainer - [test-hivemq-platform] [hivemq] [6d31fc8e] INFO  - Extension "Allow All Extension" version 1.1.1 started successfully.
2025-01-29 17:07:32,422 INFO c.h.h.t.HelmChartContainer - [test-hivemq-platform] [hivemq] [6d31fc8e] INFO  - [HiveMQ Platform Operator Init App 1.7.0-SNAPSHOT] Returning Health API response 503 for readiness
2025-01-29 17:07:32,728 INFO c.h.h.t.HelmChartContainer - [test-hivemq-platform] [hivemq] [db0cd3b9] INFO  - Cluster nodes found by discovery: [WpYmB|1] (2) [WpYmB, auPrk].
2025-01-29 17:07:32,826 INFO c.h.h.t.HelmChartContainer - [test-hivemq-platform] [hivemq] [6d31fc8e] INFO  - Cluster nodes found by discovery: [WpYmB|1] (2) [WpYmB, auPrk].
2025-01-29 17:07:33,026 INFO c.h.h.t.HelmChartContainer - [test-hivemq-platform] [hivemq] [6d31fc8e] INFO  - Cluster size = 1, members : [WpYmB].
2025-01-29 17:07:33,526 INFO c.h.h.t.HelmChartContainer - [test-hivemq-platform] [hivemq] [6d31fc8e] INFO  - Starting cluster join process. This may take a while. Please do not shut down HiveMQ.
2025-01-29 17:07:33,528 INFO c.h.h.t.HelmChartContainer - [test-hivemq-platform] [hivemq] [6d31fc8e] INFO  - Cluster join process is still ongoing. Please do not shut down HiveMQ.
2025-01-29 17:07:35,537 INFO c.h.h.t.HelmChartContainer - [test-hivemq-platform] [hivemq] [db0cd3b9] INFO  - Cluster size = 2, members : [auPrk, WpYmB].
2025-01-29 17:07:35,550 INFO c.h.h.t.HelmChartContainer - [test-hivemq-platform] [hivemq] [6d31fc8e] INFO  - Cluster size = 2, members : [auPrk, WpYmB].
2025-01-29 17:07:35,554 INFO c.h.h.t.HelmChartContainer - [test-hivemq-platform] [hivemq] [6d31fc8e] INFO  - Finished cluster join process successfully.
2025-01-29 17:07:35,554 INFO c.h.h.t.HelmChartContainer - [test-hivemq-platform] [hivemq] [6d31fc8e] WARN  - No user for HiveMQ Control Center configured. Starting with default user
2025-01-29 17:07:35,556 INFO c.h.h.t.HelmChartContainer - [test-hivemq-platform] [hivemq] [6d31fc8e] INFO  - Starting HiveMQ Control Center on address 0.0.0.0 and port 8080
2025-01-29 17:07:35,620 INFO c.h.h.t.HelmChartContainer - [test-hivemq-platform] [hivemq] [6d31fc8e] INFO  - Mounting HiveMQ Control Center V2 Preview
2025-01-29 17:07:36,019 INFO c.h.h.t.HelmChartContainer - [test-hivemq-platform] [hivemq] [6d31fc8e] WARN  - One or more cluster nodes have a different HiveMQ version than: 4.36.0
2025-01-29 17:07:36,140 INFO c.h.h.t.HelmChartContainer - [EVENT] Warning [Unhealthy] Readiness probe failed: HTTP probe failed with statuscode: 503 [helmrollingupgradeplatformit:test-hivemq-platform-1]
2025-01-29 17:07:36,140 INFO c.h.h.t.HelmChartContainer - Received Unhealthy event for container hivemq in pod test-hivemq-platform-1 [6d31fc8e-0720-47d1-813b-3b1e39315150]
2025-01-29 17:07:36,276 INFO c.h.h.t.HelmChartContainer - [hivemq-test-hivemq-platform] [hivemq-platform-operator] [1420f2b2] 17:07:36.273 [pool-6-thread-18] DEBUG c.h.p.o.d.PlatformServiceResource - [helmroll] Desired Platform services (3 services)
2025-01-29 17:07:36,276 INFO c.h.h.t.HelmChartContainer - [hivemq-test-hivemq-platform] [hivemq-platform-operator] [1420f2b2] 17:07:36.274 [pool-6-thread-17] DEBUG c.h.p.o.dependants.PodInfoConfigMap - [helmroll] Desired PodInfo ConfigMap (1 extensions) (1 enabled)
2025-01-29 17:07:36,277 INFO c.h.h.t.HelmChartContainer - [hivemq-test-hivemq-platform] [hivemq-platform-operator] [1420f2b2] 17:07:36.274 [pool-6-thread-17] DEBUG c.h.p.o.dependants.PodInfoConfigMap - [helmroll] Desired PodInfo ConfigMap (metrics port: 9399) (metrics path: /)
2025-01-29 17:07:36,277 INFO c.h.h.t.HelmChartContainer - [hivemq-test-hivemq-platform] [hivemq-platform-operator] [1420f2b2] 17:07:36.274 [pool-6-thread-17] DEBUG c.h.p.o.dependants.PodInfoConfigMap - [helmroll] Desired PodInfo ConfigMap (extension state hash: -1817474005)
2025-01-29 17:07:36,277 INFO c.h.h.t.HelmChartContainer - [hivemq-test-hivemq-platform] [hivemq-platform-operator] [1420f2b2] 17:07:36.274 [pool-6-thread-13] DEBUG c.h.p.o.d.PodServiceAccountResource - [helmroll] Desired PodServiceAccountResource (serviceAccountName: hivemq-platform-pod-test-hivemq-platform)
2025-01-29 17:07:36,281 INFO c.h.h.t.HelmChartContainer - [hivemq-test-hivemq-platform] [hivemq-platform-operator] [1420f2b2] 17:07:36.280 [pool-6-thread-18] DEBUG c.h.p.o.d.StatefulSetResource - [helmroll] Desired StatefulSet (2 replicas) for status ROLLING_RESTART (SURGE_IN_PROGRESS)
2025-01-29 17:07:36,284 INFO c.h.h.t.HelmChartContainer - [hivemq-test-hivemq-platform] [hivemq-platform-operator] [1420f2b2] 17:07:36.283 [ReconcilerExecutor-hivemq-controller-129] INFO  c.h.p.o.HiveMQPlatformReconciler - [helmroll] Reconciling HiveMQ Platform 'test-hivemq-platform' in namespace 'helmrollingupgradeplatformit'
2025-01-29 17:07:36,284 INFO c.h.h.t.HelmChartContainer - [hivemq-test-hivemq-platform] [hivemq-platform-operator] [1420f2b2] 17:07:36.283 [ReconcilerExecutor-hivemq-controller-129] DEBUG c.h.p.o.HiveMQPlatformReconciler - [helmroll] Custom Resource Status ROLLING_RESTART - HiveMQ Platform is starting a surge Pod (rolling restart) (SURGE_IN_PROGRESS)
2025-01-29 17:07:36,284 INFO c.h.h.t.HelmChartContainer - [hivemq-test-hivemq-platform] [hivemq-platform-operator] [1420f2b2] 17:07:36.283 [ReconcilerExecutor-hivemq-controller-129] DEBUG c.h.p.o.HiveMQPlatformReconciler - [helmroll] Custom Resource Spec (replicas: 1) (extensions: 1)
2025-01-29 17:07:36,285 INFO c.h.h.t.HelmChartContainer - [hivemq-test-hivemq-platform] [hivemq-platform-operator] [1420f2b2] 17:07:36.284 [ReconcilerExecutor-hivemq-controller-129] DEBUG c.h.p.o.HiveMQPlatformReconciler - [helmroll] StatefulSet Status (revision: test-hivemq-platform-945c6dcb4, replicas: 2, available: 1, ready: 1, current: 1, updated: 1)
2025-01-29 17:07:36,285 INFO c.h.h.t.HelmChartContainer - [hivemq-test-hivemq-platform] [hivemq-platform-operator] [1420f2b2] 17:07:36.284 [ReconcilerExecutor-hivemq-controller-129] DEBUG c.h.p.o.HiveMQPlatformReconciler - [helmroll] StatefulSet Spec (replicas: 2, init containers: 1, containers: 1, volumes: 3)
2025-01-29 17:07:36,286 INFO c.h.h.t.HelmChartContainer - [hivemq-test-hivemq-platform] [hivemq-platform-operator] [1420f2b2] 17:07:36.285 [ReconcilerExecutor-hivemq-controller-129] DEBUG c.h.p.o.h.HiveMQPlatformReconcilerErrorHandler - [helmroll] Pod 'test-hivemq-platform-1' phase Running
2025-01-29 17:07:36,287 INFO c.h.h.t.HelmChartContainer - [hivemq-test-hivemq-platform] [hivemq-platform-operator] [1420f2b2] 17:07:36.286 [ReconcilerExecutor-hivemq-controller-129] DEBUG c.h.p.o.h.HiveMQPlatformReconcilerErrorHandler - [helmroll] Pod 'test-hivemq-platform-0' phase Running
2025-01-29 17:07:36,287 INFO c.h.h.t.HelmChartContainer - [hivemq-test-hivemq-platform] [hivemq-platform-operator] [1420f2b2] 17:07:36.286 [ReconcilerExecutor-hivemq-controller-129] DEBUG c.h.p.o.h.HiveMQPlatformReconcilerRollingRestartHandler - [helmroll] Rolling restart is waiting for 1 of 2 replicas
2025-01-29 17:07:36,419 INFO c.h.h.t.HelmChartContainer - [test-hivemq-platform] [hivemq] [6d31fc8e] INFO  - Started HiveMQ Control Center in 864ms
2025-01-29 17:07:36,435 INFO c.h.h.t.HelmChartContainer - [test-hivemq-platform] [hivemq] [6d31fc8e] INFO  - Starting TCP listener on address 0.0.0.0 and port 1883
2025-01-29 17:07:36,528 INFO c.h.h.t.HelmChartContainer - [test-hivemq-platform] [hivemq] [6d31fc8e] INFO  - Started TCP Listener on address 0.0.0.0 and on port 1883.
2025-01-29 17:07:36,528 INFO c.h.h.t.HelmChartContainer - [test-hivemq-platform] [hivemq] [6d31fc8e] INFO  - Started HiveMQ in 29698ms
2025-01-29 17:07:37,627 INFO c.h.h.t.HelmChartContainer - [test-hivemq-platform] [hivemq] [db0cd3b9] WARN  - One or more cluster nodes have a different HiveMQ version than: 4.35.0
2025-01-29 17:07:41,132 INFO c.h.h.t.HelmChartContainer - [test-hivemq-platform] [hivemq] [6d31fc8e] INFO  - [HiveMQ Platform Operator Init App 1.7.0-SNAPSHOT] Returning Health API response 200 for readiness
2025-01-29 17:07:41,146 INFO c.h.h.t.HelmChartContainer - [POD] test-hivemq-platform-1 [6d31fc8e-0720-47d1-813b-3b1e39315150] in helmrollingupgradeplatformit was MODIFIED
2025-01-29 17:07:41,154 INFO c.h.h.t.HelmChartContainer - [hivemq-test-hivemq-platform] [hivemq-platform-operator] [1420f2b2] 17:07:41.151 [pool-6-thread-27] DEBUG c.h.p.o.d.PlatformServiceResource - [helmroll] Desired Platform services (3 services)
2025-01-29 17:07:41,154 INFO c.h.h.t.HelmChartContainer - [hivemq-test-hivemq-platform] [hivemq-platform-operator] [1420f2b2] 17:07:41.151 [pool-6-thread-28] DEBUG c.h.p.o.dependants.PodInfoConfigMap - [helmroll] Desired PodInfo ConfigMap (1 extensions) (1 enabled)
2025-01-29 17:07:41,154 INFO c.h.h.t.HelmChartContainer - [hivemq-test-hivemq-platform] [hivemq-platform-operator] [1420f2b2] 17:07:41.151 [pool-6-thread-28] DEBUG c.h.p.o.dependants.PodInfoConfigMap - [helmroll] Desired PodInfo ConfigMap (metrics port: 9399) (metrics path: /)
2025-01-29 17:07:41,154 INFO c.h.h.t.HelmChartContainer - [hivemq-test-hivemq-platform] [hivemq-platform-operator] [1420f2b2] 17:07:41.151 [pool-6-thread-28] DEBUG c.h.p.o.dependants.PodInfoConfigMap - [helmroll] Desired PodInfo ConfigMap (extension state hash: -1817474005)
2025-01-29 17:07:41,157 INFO c.h.h.t.HelmChartContainer - [hivemq-test-hivemq-platform] [hivemq-platform-operator] [1420f2b2] 17:07:41.153 [pool-6-thread-28] DEBUG c.h.p.o.d.PodServiceAccountResource - [helmroll] Desired PodServiceAccountResource (serviceAccountName: hivemq-platform-pod-test-hivemq-platform)
2025-01-29 17:07:41,161 INFO c.h.h.t.HelmChartContainer - [hivemq-test-hivemq-platform] [hivemq-platform-operator] [1420f2b2] 17:07:41.160 [pool-6-thread-27] DEBUG c.h.p.o.d.StatefulSetResource - [helmroll] Desired StatefulSet (2 replicas) for status ROLLING_RESTART (SURGE_IN_PROGRESS)
2025-01-29 17:07:41,165 INFO c.h.h.t.HelmChartContainer - [hivemq-test-hivemq-platform] [hivemq-platform-operator] [1420f2b2] 17:07:41.163 [ReconcilerExecutor-hivemq-controller-130] INFO  c.h.p.o.HiveMQPlatformReconciler - [helmroll] Reconciling HiveMQ Platform 'test-hivemq-platform' in namespace 'helmrollingupgradeplatformit'
2025-01-29 17:07:41,165 INFO c.h.h.t.HelmChartContainer - [hivemq-test-hivemq-platform] [hivemq-platform-operator] [1420f2b2] 17:07:41.163 [ReconcilerExecutor-hivemq-controller-130] DEBUG c.h.p.o.HiveMQPlatformReconciler - [helmroll] Custom Resource Status ROLLING_RESTART - HiveMQ Platform is starting a surge Pod (rolling restart) (SURGE_IN_PROGRESS)
2025-01-29 17:07:41,165 INFO c.h.h.t.HelmChartContainer - [hivemq-test-hivemq-platform] [hivemq-platform-operator] [1420f2b2] 17:07:41.163 [ReconcilerExecutor-hivemq-controller-130] DEBUG c.h.p.o.HiveMQPlatformReconciler - [helmroll] Custom Resource Spec (replicas: 1) (extensions: 1)
2025-01-29 17:07:41,166 INFO c.h.h.t.HelmChartContainer - [hivemq-test-hivemq-platform] [hivemq-platform-operator] [1420f2b2] 17:07:41.164 [ReconcilerExecutor-hivemq-controller-130] DEBUG c.h.p.o.HiveMQPlatformReconciler - [helmroll] StatefulSet Status (revision: test-hivemq-platform-945c6dcb4, replicas: 2, available: 2, ready: 2, current: 1, updated: 1)
2025-01-29 17:07:41,166 INFO c.h.h.t.HelmChartContainer - [hivemq-test-hivemq-platform] [hivemq-platform-operator] [1420f2b2] 17:07:41.164 [ReconcilerExecutor-hivemq-controller-130] DEBUG c.h.p.o.HiveMQPlatformReconciler - [helmroll] StatefulSet Spec (replicas: 2, init containers: 1, containers: 1, volumes: 3)
2025-01-29 17:07:41,169 INFO c.h.h.t.HelmChartContainer - [hivemq-test-hivemq-platform] [hivemq-platform-operator] [1420f2b2] 17:07:41.165 [ReconcilerExecutor-hivemq-controller-130] DEBUG c.h.p.o.h.HiveMQPlatformReconcilerErrorHandler - [helmroll] Pod 'test-hivemq-platform-1' phase Running
2025-01-29 17:07:41,169 INFO c.h.h.t.HelmChartContainer - [hivemq-test-hivemq-platform] [hivemq-platform-operator] [1420f2b2] 17:07:41.166 [ReconcilerExecutor-hivemq-controller-130] DEBUG c.h.p.o.h.HiveMQPlatformReconcilerErrorHandler - [helmroll] Pod 'test-hivemq-platform-0' phase Running
2025-01-29 17:07:41,169 INFO c.h.h.t.HelmChartContainer - [hivemq-test-hivemq-platform] [hivemq-platform-operator] [1420f2b2] 17:07:41.167 [ReconcilerExecutor-hivemq-controller-130] INFO  c.h.p.o.h.HiveMQPlatformReconcilerRollingRestartHandler - [helmroll] Surge Pod started successfully
2025-01-29 17:07:41,259 INFO c.h.h.t.HelmChartContainer - [hivemq-test-hivemq-platform] [hivemq-platform-operator] [1420f2b2] 17:07:41.258 [ReconcilerExecutor-hivemq-controller-130] DEBUG c.h.p.operator.event.EventSender - [helmroll] Creating K8s event rolling-restart-surge-in-progress: [RollingRestart] HiveMQ Platform is restarting Pods (rolling restart)
2025-01-29 17:07:41,261 INFO c.h.h.t.HelmChartContainer - [EVENT] Normal [RollingRestart] HiveMQ Platform is restarting Pods (rolling restart) [helmrollingupgradeplatformit:test-hivemq-platform]
2025-01-29 17:07:41,262 INFO c.h.h.t.HelmChartContainer - [hivemq-test-hivemq-platform] [hivemq-platform-operator] [1420f2b2] 17:07:41.261 [ReconcilerExecutor-hivemq-controller-130] INFO  c.h.p.o.h.AbstractHiveMQReconcilerStateHandler - [helmroll] Update HiveMQ Platform Status (ROLLING_RESTART [SURGE_IN_PROGRESS] -> ROLLING_RESTART [RESTART_PODS_IN_PROGRESS]): HiveMQ Platform is restarting Pods (rolling restart)
2025-01-29 17:07:41,271 DEBUG com.hivemq.helmcharts.util.K8sUtil - Comparing actual state 'ROLLING_RESTART' and waiting for 'RUNNING'
2025-01-29 17:07:41,274 INFO c.h.h.t.HelmChartContainer - [test-hivemq-platform] [hivemq] [6d31fc8e] INFO  - [HiveMQ Platform Operator Init App 1.7.0-SNAPSHOT] Returning Health API response 200 for liveness
2025-01-29 17:07:41,342 INFO c.h.h.t.HelmChartContainer - [hivemq-test-hivemq-platform] [hivemq-platform-operator] [1420f2b2] 17:07:41.340 [pool-6-thread-35] DEBUG c.h.p.o.dependants.PodInfoConfigMap - [helmroll] Desired PodInfo ConfigMap (1 extensions) (1 enabled)
2025-01-29 17:07:41,342 INFO c.h.h.t.HelmChartContainer - [hivemq-test-hivemq-platform] [hivemq-platform-operator] [1420f2b2] 17:07:41.340 [pool-6-thread-33] DEBUG c.h.p.o.d.PlatformServiceResource - [helmroll] Desired Platform services (3 services)
2025-01-29 17:07:41,342 INFO c.h.h.t.HelmChartContainer - [hivemq-test-hivemq-platform] [hivemq-platform-operator] [1420f2b2] 17:07:41.340 [pool-6-thread-34] DEBUG c.h.p.o.d.PodServiceAccountResource - [helmroll] Desired PodServiceAccountResource (serviceAccountName: hivemq-platform-pod-test-hivemq-platform)
2025-01-29 17:07:41,343 INFO c.h.h.t.HelmChartContainer - [hivemq-test-hivemq-platform] [hivemq-platform-operator] [1420f2b2] 17:07:41.340 [pool-6-thread-35] DEBUG c.h.p.o.dependants.PodInfoConfigMap - [helmroll] Desired PodInfo ConfigMap (metrics port: 9399) (metrics path: /)
2025-01-29 17:07:41,343 INFO c.h.h.t.HelmChartContainer - [hivemq-test-hivemq-platform] [hivemq-platform-operator] [1420f2b2] 17:07:41.342 [pool-6-thread-35] DEBUG c.h.p.o.dependants.PodInfoConfigMap - [helmroll] Desired PodInfo ConfigMap (extension state hash: -1817474005)
2025-01-29 17:07:41,344 INFO c.h.h.t.HelmChartContainer - [hivemq-test-hivemq-platform] [hivemq-platform-operator] [1420f2b2] 17:07:41.344 [pool-6-thread-33] DEBUG c.h.p.o.d.StatefulSetResource - [helmroll] Desired StatefulSet (2 replicas) for status ROLLING_RESTART (RESTART_PODS_IN_PROGRESS)
2025-01-29 17:07:41,347 INFO c.h.h.t.HelmChartContainer - [hivemq-test-hivemq-platform] [hivemq-platform-operator] [1420f2b2] 17:07:41.346 [ReconcilerExecutor-hivemq-controller-131] INFO  c.h.p.o.HiveMQPlatformReconciler - [helmroll] Reconciling HiveMQ Platform 'test-hivemq-platform' in namespace 'helmrollingupgradeplatformit'
2025-01-29 17:07:41,347 INFO c.h.h.t.HelmChartContainer - [hivemq-test-hivemq-platform] [hivemq-platform-operator] [1420f2b2] 17:07:41.346 [ReconcilerExecutor-hivemq-controller-131] DEBUG c.h.p.o.HiveMQPlatformReconciler - [helmroll] Custom Resource Status ROLLING_RESTART - HiveMQ Platform is restarting Pods (rolling restart) (RESTART_PODS_IN_PROGRESS)
2025-01-29 17:07:41,347 INFO c.h.h.t.HelmChartContainer - [hivemq-test-hivemq-platform] [hivemq-platform-operator] [1420f2b2] 17:07:41.346 [ReconcilerExecutor-hivemq-controller-131] DEBUG c.h.p.o.HiveMQPlatformReconciler - [helmroll] Custom Resource Spec (replicas: 1) (extensions: 1)
2025-01-29 17:07:41,349 INFO c.h.h.t.HelmChartContainer - [hivemq-test-hivemq-platform] [hivemq-platform-operator] [1420f2b2] 17:07:41.348 [ReconcilerExecutor-hivemq-controller-131] DEBUG c.h.p.o.HiveMQPlatformReconciler - [helmroll] StatefulSet Status (revision: test-hivemq-platform-945c6dcb4, replicas: 2, available: 2, ready: 2, current: 1, updated: 1)
2025-01-29 17:07:41,350 INFO c.h.h.t.HelmChartContainer - [hivemq-test-hivemq-platform] [hivemq-platform-operator] [1420f2b2] 17:07:41.348 [ReconcilerExecutor-hivemq-controller-131] DEBUG c.h.p.o.HiveMQPlatformReconciler - [helmroll] StatefulSet Spec (replicas: 2, init containers: 1, containers: 1, volumes: 3)
2025-01-29 17:07:41,351 INFO c.h.h.t.HelmChartContainer - [hivemq-test-hivemq-platform] [hivemq-platform-operator] [1420f2b2] 17:07:41.350 [ReconcilerExecutor-hivemq-controller-131] DEBUG c.h.p.o.h.HiveMQPlatformReconcilerErrorHandler - [helmroll] Pod 'test-hivemq-platform-1' phase Running
2025-01-29 17:07:41,352 INFO c.h.h.t.HelmChartContainer - [hivemq-test-hivemq-platform] [hivemq-platform-operator] [1420f2b2] 17:07:41.351 [ReconcilerExecutor-hivemq-controller-131] DEBUG c.h.p.o.h.HiveMQPlatformReconcilerErrorHandler - [helmroll] Pod 'test-hivemq-platform-0' phase Running
2025-01-29 17:07:41,358 INFO c.h.h.t.HelmChartContainer - [hivemq-test-hivemq-platform] [hivemq-platform-operator] [1420f2b2] 17:07:41.357 [ReconcilerExecutor-hivemq-controller-131] DEBUG c.h.p.o.h.HiveMQPlatformReconcilerRollingRestartHandler - [helmroll] Skipping Pod test-hivemq-platform-1 as it's already on the controller update revision (update revision: test-hivemq-platform-945c6dcb4, pod revision: test-hivemq-platform-945c6dcb4)
2025-01-29 17:07:41,450 INFO c.h.h.t.HelmChartContainer - [hivemq-test-hivemq-platform] [hivemq-platform-operator] [1420f2b2] 17:07:41.448 [ReconcilerExecutor-hivemq-controller-131] DEBUG c.h.p.o.h.HiveMQPlatformReconcilerRollingRestartHandler - [helmroll] The last Pod is running for 61 seconds, the next Pod can be restarted
2025-01-29 17:07:41,450 INFO c.h.h.t.HelmChartContainer - [hivemq-test-hivemq-platform] [hivemq-platform-operator] [1420f2b2] 17:07:41.449 [ReconcilerExecutor-hivemq-controller-131] INFO  c.h.p.o.h.HiveMQPlatformReconcilerRollingRestartHandler - [helmroll] Restarting Pod test-hivemq-platform-0 as it's not matching the controller update revision (update revision: test-hivemq-platform-945c6dcb4, pod revision: test-hivemq-platform-54c4467984)
2025-01-29 17:07:41,459 INFO c.h.h.t.HelmChartContainer - [POD] test-hivemq-platform-0 [db0cd3b9-0a38-4516-83e1-3ca6931561c4] in helmrollingupgradeplatformit was MODIFIED
2025-01-29 17:07:41,468 INFO c.h.h.t.HelmChartContainer - [EVENT] Normal [Killing] Stopping container hivemq [helmrollingupgradeplatformit:test-hivemq-platform-0]
2025-01-29 17:07:41,469 INFO c.h.h.t.HelmChartContainer - Received Killing event for container hivemq in pod test-hivemq-platform-0 [db0cd3b9-0a38-4516-83e1-3ca6931561c4]
2025-01-29 17:07:41,469 INFO c.h.h.t.HelmChartContainer - Container [test-hivemq-platform-0] [hivemq] [db0cd3b9-0a38-4516-83e1-3ca6931561c4] was terminated
2025-01-29 17:07:41,469 INFO c.h.h.t.HelmChartContainer - Stopped log watcher for hivemq in pod test-hivemq-platform-0 [db0cd3b9-0a38-4516-83e1-3ca6931561c4]
2025-01-29 17:07:41,474 INFO c.h.h.t.HelmChartContainer - [test-hivemq-platform] [hivemq] [db0cd3b9] INFO  - [HiveMQ Platform Operator Init App 1.7.0-SNAPSHOT] Shutting down
2025-01-29 17:07:41,474 INFO c.h.h.t.HelmChartContainer - [test-hivemq-platform] [hivemq] [db0cd3b9] INFO  - [HiveMQ Platform Operator Init App 1.7.0-SNAPSHOT] Stopping the HiveMQ Platform
2025-01-29 17:07:41,546 INFO c.h.h.t.HelmChartContainer - [hivemq-test-hivemq-platform] [hivemq-platform-operator] [1420f2b2] 17:07:41.545 [pool-6-thread-50] DEBUG c.h.p.o.d.PlatformServiceResource - [helmroll] Desired Platform services (3 services)
2025-01-29 17:07:41,548 INFO c.h.h.t.HelmChartContainer - [hivemq-test-hivemq-platform] [hivemq-platform-operator] [1420f2b2] 17:07:41.546 [pool-6-thread-41] DEBUG c.h.p.o.d.PodServiceAccountResource - [helmroll] Desired PodServiceAccountResource (serviceAccountName: hivemq-platform-pod-test-hivemq-platform)
2025-01-29 17:07:41,549 INFO c.h.h.t.HelmChartContainer - [hivemq-test-hivemq-platform] [hivemq-platform-operator] [1420f2b2] 17:07:41.548 [pool-6-thread-43] DEBUG c.h.p.o.dependants.PodInfoConfigMap - [helmroll] Desired PodInfo ConfigMap (1 extensions) (1 enabled)
2025-01-29 17:07:41,550 INFO c.h.h.t.HelmChartContainer - [hivemq-test-hivemq-platform] [hivemq-platform-operator] [1420f2b2] 17:07:41.548 [pool-6-thread-43] DEBUG c.h.p.o.dependants.PodInfoConfigMap - [helmroll] Desired PodInfo ConfigMap (metrics port: 9399) (metrics path: /)
2025-01-29 17:07:41,550 INFO c.h.h.t.HelmChartContainer - [hivemq-test-hivemq-platform] [hivemq-platform-operator] [1420f2b2] 17:07:41.549 [pool-6-thread-43] DEBUG c.h.p.o.dependants.PodInfoConfigMap - [helmroll] Desired PodInfo ConfigMap (extension state hash: -1817474005)
2025-01-29 17:07:41,552 INFO c.h.h.t.HelmChartContainer - [hivemq-test-hivemq-platform] [hivemq-platform-operator] [1420f2b2] 17:07:41.551 [pool-6-thread-46] DEBUG c.h.p.o.d.StatefulSetResource - [helmroll] Desired StatefulSet (2 replicas) for status ROLLING_RESTART (RESTART_PODS_IN_PROGRESS)
2025-01-29 17:07:41,555 INFO c.h.h.t.HelmChartContainer - [hivemq-test-hivemq-platform] [hivemq-platform-operator] [1420f2b2] 17:07:41.554 [ReconcilerExecutor-hivemq-controller-132] INFO  c.h.p.o.HiveMQPlatformReconciler - [helmroll] Reconciling HiveMQ Platform 'test-hivemq-platform' in namespace 'helmrollingupgradeplatformit'
2025-01-29 17:07:41,555 INFO c.h.h.t.HelmChartContainer - [hivemq-test-hivemq-platform] [hivemq-platform-operator] [1420f2b2] 17:07:41.554 [ReconcilerExecutor-hivemq-controller-132] DEBUG c.h.p.o.HiveMQPlatformReconciler - [helmroll] Custom Resource Status ROLLING_RESTART - HiveMQ Platform is restarting Pods (rolling restart) (RESTART_PODS_IN_PROGRESS)
2025-01-29 17:07:41,555 INFO c.h.h.t.HelmChartContainer - [hivemq-test-hivemq-platform] [hivemq-platform-operator] [1420f2b2] 17:07:41.554 [ReconcilerExecutor-hivemq-controller-132] DEBUG c.h.p.o.HiveMQPlatformReconciler - [helmroll] Custom Resource Spec (replicas: 1) (extensions: 1)
2025-01-29 17:07:41,598 INFO c.h.h.t.HelmChartContainer - [test-hivemq-platform] [hivemq] [db0cd3b9] INFO  - Shutting down HiveMQ. Please wait, this could take a while...
2025-01-29 17:07:41,642 INFO c.h.h.t.HelmChartContainer - [hivemq-test-hivemq-platform] [hivemq-platform-operator] [1420f2b2] 17:07:41.641 [ReconcilerExecutor-hivemq-controller-132] DEBUG c.h.p.o.HiveMQPlatformReconciler - [helmroll] StatefulSet Status (revision: test-hivemq-platform-945c6dcb4, replicas: 2, available: 2, ready: 2, current: 0, updated: 1)
2025-01-29 17:07:41,646 INFO c.h.h.t.HelmChartContainer - [hivemq-test-hivemq-platform] [hivemq-platform-operator] [1420f2b2] 17:07:41.641 [ReconcilerExecutor-hivemq-controller-132] DEBUG c.h.p.o.HiveMQPlatformReconciler - [helmroll] StatefulSet Spec (replicas: 2, init containers: 1, containers: 1, volumes: 3)
2025-01-29 17:07:41,646 INFO c.h.h.t.HelmChartContainer - [hivemq-test-hivemq-platform] [hivemq-platform-operator] [1420f2b2] 17:07:41.642 [ReconcilerExecutor-hivemq-controller-132] DEBUG c.h.p.o.h.HiveMQPlatformReconcilerErrorHandler - [helmroll] Pod 'test-hivemq-platform-1' phase Running
2025-01-29 17:07:41,649 INFO c.h.h.t.HelmChartContainer - [hivemq-test-hivemq-platform] [hivemq-platform-operator] [1420f2b2] 17:07:41.643 [ReconcilerExecutor-hivemq-controller-132] DEBUG c.h.p.o.h.HiveMQPlatformReconcilerErrorHandler - [helmroll] Pod 'test-hivemq-platform-0' phase Running
2025-01-29 17:07:41,654 INFO c.h.h.t.HelmChartContainer - [hivemq-test-hivemq-platform] [hivemq-platform-operator] [1420f2b2] 17:07:41.653 [ReconcilerExecutor-hivemq-controller-132] DEBUG c.h.p.o.h.HiveMQPlatformReconcilerRollingRestartHandler - [helmroll] Skipping Pod test-hivemq-platform-1 as it's already on the controller update revision (update revision: test-hivemq-platform-945c6dcb4, pod revision: test-hivemq-platform-945c6dcb4)
2025-01-29 17:07:41,667 INFO c.h.h.t.HelmChartContainer - [hivemq-test-hivemq-platform] [hivemq-platform-operator] [1420f2b2] 17:07:41.666 [ReconcilerExecutor-hivemq-controller-132] DEBUG c.h.p.o.h.HiveMQPlatformReconcilerRollingRestartHandler - [helmroll] The last Pod is running for 61 seconds, the next Pod can be restarted
2025-01-29 17:07:41,669 INFO c.h.h.t.HelmChartContainer - [hivemq-test-hivemq-platform] [hivemq-platform-operator] [1420f2b2] 17:07:41.666 [ReconcilerExecutor-hivemq-controller-132] INFO  c.h.p.o.h.HiveMQPlatformReconcilerRollingRestartHandler - [helmroll] Restarting Pod test-hivemq-platform-0 as it's not matching the controller update revision (update revision: test-hivemq-platform-945c6dcb4, pod revision: test-hivemq-platform-54c4467984)
2025-01-29 17:07:41,677 INFO c.h.h.t.HelmChartContainer - [test-hivemq-platform] [hivemq] [db0cd3b9] INFO  - Shutting down listeners and clients
2025-01-29 17:07:41,678 INFO c.h.h.t.HelmChartContainer - [test-hivemq-platform] [hivemq] [db0cd3b9] INFO  - Shutdown of listeners is done
2025-01-29 17:07:41,678 INFO c.h.h.t.HelmChartContainer - [test-hivemq-platform] [hivemq] [db0cd3b9] INFO  - No clients are connected, proceeding with shutdown
2025-01-29 17:07:41,743 INFO c.h.h.t.HelmChartContainer - [hivemq-test-hivemq-platform] [hivemq-platform-operator] [1420f2b2] 17:07:41.741 [pool-6-thread-9] DEBUG c.h.p.o.d.PlatformServiceResource - [helmroll] Desired Platform services (3 services)
2025-01-29 17:07:41,744 INFO c.h.h.t.HelmChartContainer - [hivemq-test-hivemq-platform] [hivemq-platform-operator] [1420f2b2] 17:07:41.742 [pool-6-thread-10] DEBUG c.h.p.o.dependants.PodInfoConfigMap - [helmroll] Desired PodInfo ConfigMap (1 extensions) (1 enabled)
2025-01-29 17:07:41,745 INFO c.h.h.t.HelmChartContainer - [hivemq-test-hivemq-platform] [hivemq-platform-operator] [1420f2b2] 17:07:41.742 [pool-6-thread-10] DEBUG c.h.p.o.dependants.PodInfoConfigMap - [helmroll] Desired PodInfo ConfigMap (metrics port: 9399) (metrics path: /)
2025-01-29 17:07:41,745 INFO c.h.h.t.HelmChartContainer - [hivemq-test-hivemq-platform] [hivemq-platform-operator] [1420f2b2] 17:07:41.742 [pool-6-thread-10] DEBUG c.h.p.o.dependants.PodInfoConfigMap - [helmroll] Desired PodInfo ConfigMap (extension state hash: -1817474005)
2025-01-29 17:07:41,745 INFO c.h.h.t.HelmChartContainer - [hivemq-test-hivemq-platform] [hivemq-platform-operator] [1420f2b2] 17:07:41.742 [pool-6-thread-10] DEBUG c.h.p.o.d.PodServiceAccountResource - [helmroll] Desired PodServiceAccountResource (serviceAccountName: hivemq-platform-pod-test-hivemq-platform)
2025-01-29 17:07:41,747 INFO c.h.h.t.HelmChartContainer - [hivemq-test-hivemq-platform] [hivemq-platform-operator] [1420f2b2] 17:07:41.746 [pool-6-thread-9] DEBUG c.h.p.o.d.StatefulSetResource - [helmroll] Desired StatefulSet (2 replicas) for status ROLLING_RESTART (RESTART_PODS_IN_PROGRESS)
2025-01-29 17:07:41,749 INFO c.h.h.t.HelmChartContainer - [hivemq-test-hivemq-platform] [hivemq-platform-operator] [1420f2b2] 17:07:41.748 [ReconcilerExecutor-hivemq-controller-133] INFO  c.h.p.o.HiveMQPlatformReconciler - [helmroll] Reconciling HiveMQ Platform 'test-hivemq-platform' in namespace 'helmrollingupgradeplatformit'
2025-01-29 17:07:41,750 INFO c.h.h.t.HelmChartContainer - [hivemq-test-hivemq-platform] [hivemq-platform-operator] [1420f2b2] 17:07:41.748 [ReconcilerExecutor-hivemq-controller-133] DEBUG c.h.p.o.HiveMQPlatformReconciler - [helmroll] Custom Resource Status ROLLING_RESTART - HiveMQ Platform is restarting Pods (rolling restart) (RESTART_PODS_IN_PROGRESS)
2025-01-29 17:07:41,750 INFO c.h.h.t.HelmChartContainer - [hivemq-test-hivemq-platform] [hivemq-platform-operator] [1420f2b2] 17:07:41.748 [ReconcilerExecutor-hivemq-controller-133] DEBUG c.h.p.o.HiveMQPlatformReconciler - [helmroll] Custom Resource Spec (replicas: 1) (extensions: 1)
2025-01-29 17:07:41,750 INFO c.h.h.t.HelmChartContainer - [hivemq-test-hivemq-platform] [hivemq-platform-operator] [1420f2b2] 17:07:41.749 [ReconcilerExecutor-hivemq-controller-133] DEBUG c.h.p.o.HiveMQPlatformReconciler - [helmroll] StatefulSet Status (revision: test-hivemq-platform-945c6dcb4, replicas: 2, available: 2, ready: 2, current: 0, updated: 1)
2025-01-29 17:07:41,750 INFO c.h.h.t.HelmChartContainer - [hivemq-test-hivemq-platform] [hivemq-platform-operator] [1420f2b2] 17:07:41.749 [ReconcilerExecutor-hivemq-controller-133] DEBUG c.h.p.o.HiveMQPlatformReconciler - [helmroll] StatefulSet Spec (replicas: 2, init containers: 1, containers: 1, volumes: 3)
2025-01-29 17:07:41,751 INFO c.h.h.t.HelmChartContainer - [hivemq-test-hivemq-platform] [hivemq-platform-operator] [1420f2b2] 17:07:41.750 [ReconcilerExecutor-hivemq-controller-133] DEBUG c.h.p.o.h.HiveMQPlatformReconcilerErrorHandler - [helmroll] Pod 'test-hivemq-platform-1' phase Running
2025-01-29 17:07:41,753 INFO c.h.h.t.HelmChartContainer - [hivemq-test-hivemq-platform] [hivemq-platform-operator] [1420f2b2] 17:07:41.753 [ReconcilerExecutor-hivemq-controller-133] DEBUG c.h.p.o.h.HiveMQPlatformReconcilerErrorHandler - [helmroll] Pod 'test-hivemq-platform-0' phase Running
2025-01-29 17:07:41,758 INFO c.h.h.t.HelmChartContainer - [hivemq-test-hivemq-platform] [hivemq-platform-operator] [1420f2b2] 17:07:41.758 [ReconcilerExecutor-hivemq-controller-133] DEBUG c.h.p.o.h.HiveMQPlatformReconcilerRollingRestartHandler - [helmroll] Skipping Pod test-hivemq-platform-1 as it's already on the controller update revision (update revision: test-hivemq-platform-945c6dcb4, pod revision: test-hivemq-platform-945c6dcb4)
2025-01-29 17:07:41,842 INFO c.h.h.t.HelmChartContainer - [hivemq-test-hivemq-platform] [hivemq-platform-operator] [1420f2b2] 17:07:41.842 [ReconcilerExecutor-hivemq-controller-133] DEBUG c.h.p.o.h.HiveMQPlatformReconcilerRollingRestartHandler - [helmroll] The last Pod is running for 61 seconds, the next Pod can be restarted
2025-01-29 17:07:41,843 INFO c.h.h.t.HelmChartContainer - [hivemq-test-hivemq-platform] [hivemq-platform-operator] [1420f2b2] 17:07:41.842 [ReconcilerExecutor-hivemq-controller-133] INFO  c.h.p.o.h.HiveMQPlatformReconcilerRollingRestartHandler - [helmroll] Restarting Pod test-hivemq-platform-0 as it's not matching the controller update revision (update revision: test-hivemq-platform-945c6dcb4, pod revision: test-hivemq-platform-54c4467984)
2025-01-29 17:07:44,386 INFO c.h.h.t.HelmChartContainer - [test-hivemq-platform] [hivemq] [db0cd3b9] INFO  - [HiveMQ Platform Operator Init App 1.7.0-SNAPSHOT] Returning shutdown Health API response 503 for readiness
2025-01-29 17:07:44,391 INFO c.h.h.t.HelmChartContainer - [EVENT] Warning [Unhealthy] Readiness probe failed: HTTP probe failed with statuscode: 503 [helmrollingupgradeplatformit:test-hivemq-platform-0]
2025-01-29 17:07:44,391 INFO c.h.h.t.HelmChartContainer - Received Unhealthy event for container hivemq in pod test-hivemq-platform-0 [db0cd3b9-0a38-4516-83e1-3ca6931561c4]
2025-01-29 17:07:44,709 INFO c.h.h.t.HelmChartContainer - [test-hivemq-platform] [hivemq] [db0cd3b9] INFO  - Shutting down extension system
2025-01-29 17:07:44,716 INFO c.h.h.t.HelmChartContainer - [test-hivemq-platform] [hivemq] [db0cd3b9] INFO  - Stopping extension with id hivemq-dns-cluster-discovery
2025-01-29 17:07:44,718 INFO c.h.h.t.HelmChartContainer - [test-hivemq-platform] [hivemq] [db0cd3b9] INFO  - Extension "DNS Cluster Discovery Extension" version 4.3.2 stopped successfully.
2025-01-29 17:07:44,719 INFO c.h.h.t.HelmChartContainer - [test-hivemq-platform] [hivemq] [db0cd3b9] INFO  - Stopping extension with id hivemq-prometheus-extension
2025-01-29 17:07:44,722 INFO c.h.h.t.HelmChartContainer - [test-hivemq-platform] [hivemq] [db0cd3b9] INFO  - Extension "Prometheus Monitoring Extension" version 4.0.12 stopped successfully.
2025-01-29 17:07:44,722 INFO c.h.h.t.HelmChartContainer - [test-hivemq-platform] [hivemq] [db0cd3b9] INFO  - Stopping extension with id hivemq-allow-all-extension
2025-01-29 17:07:44,723 INFO c.h.h.t.HelmChartContainer - [test-hivemq-platform] [hivemq] [db0cd3b9] INFO  - Extension "Allow All Extension" version 1.1.0 stopped successfully.
2025-01-29 17:07:44,730 INFO c.h.h.t.HelmChartContainer - [test-hivemq-platform] [hivemq] [6d31fc8e] INFO  - Cluster nodes found by discovery: [auPrk|2] (1) [auPrk].
2025-01-29 17:07:44,734 INFO c.h.h.t.HelmChartContainer - [test-hivemq-platform] [hivemq] [6d31fc8e] INFO  - Cluster size = 1, members : [auPrk].
2025-01-29 17:07:46,020 INFO c.h.h.t.HelmChartContainer - [test-hivemq-platform] [hivemq] [6d31fc8e] INFO  - Every cluster node has the same HiveMQ version: 4.36.0
2025-01-29 17:07:47,076 INFO c.h.h.t.HelmChartContainer - [test-hivemq-platform] [hivemq] [db0cd3b9] INFO  - Shutdown completed.
2025-01-29 17:07:47,426 INFO c.h.h.t.HelmChartContainer - [test-hivemq-platform] [hivemq] [db0cd3b9] INFO  - [HiveMQ Platform Operator Init App 1.7.0-SNAPSHOT] The HiveMQ Platform exited with code 143
2025-01-29 17:07:47,426 INFO c.h.h.t.HelmChartContainer - [test-hivemq-platform] [hivemq] [db0cd3b9] INFO  - [HiveMQ Platform Operator Init App 1.7.0-SNAPSHOT] Stopping the REST API
2025-01-29 17:07:47,433 INFO c.h.h.t.HelmChartContainer - [test-hivemq-platform] [hivemq] [db0cd3b9] INFO  - [HiveMQ Platform Operator Init App 1.7.0-SNAPSHOT] Shutdown complete
2025-01-29 17:07:47,922 INFO c.h.h.t.HelmChartContainer - [POD] test-hivemq-platform-0 [db0cd3b9-0a38-4516-83e1-3ca6931561c4] in helmrollingupgradeplatformit was MODIFIED
2025-01-29 17:07:47,933 INFO c.h.h.t.HelmChartContainer - [hivemq-test-hivemq-platform] [hivemq-platform-operator] [1420f2b2] 17:07:47.930 [pool-6-thread-11] DEBUG c.h.p.o.d.PlatformServiceResource - [helmroll] Desired Platform services (3 services)
2025-01-29 17:07:47,933 INFO c.h.h.t.HelmChartContainer - [hivemq-test-hivemq-platform] [hivemq-platform-operator] [1420f2b2] 17:07:47.931 [pool-6-thread-12] DEBUG c.h.p.o.d.PodServiceAccountResource - [helmroll] Desired PodServiceAccountResource (serviceAccountName: hivemq-platform-pod-test-hivemq-platform)
2025-01-29 17:07:47,944 INFO c.h.h.t.HelmChartContainer - [hivemq-test-hivemq-platform] [hivemq-platform-operator] [1420f2b2] 17:07:47.933 [pool-6-thread-17] DEBUG c.h.p.o.dependants.PodInfoConfigMap - [helmroll] Desired PodInfo ConfigMap (1 extensions) (1 enabled)
2025-01-29 17:07:47,944 INFO c.h.h.t.HelmChartContainer - [hivemq-test-hivemq-platform] [hivemq-platform-operator] [1420f2b2] 17:07:47.934 [pool-6-thread-17] DEBUG c.h.p.o.dependants.PodInfoConfigMap - [helmroll] Desired PodInfo ConfigMap (metrics port: 9399) (metrics path: /)
2025-01-29 17:07:47,944 INFO c.h.h.t.HelmChartContainer - [hivemq-test-hivemq-platform] [hivemq-platform-operator] [1420f2b2] 17:07:47.936 [pool-6-thread-17] DEBUG c.h.p.o.dependants.PodInfoConfigMap - [helmroll] Desired PodInfo ConfigMap (extension state hash: -1817474005)
2025-01-29 17:07:47,945 INFO c.h.h.t.HelmChartContainer - [hivemq-test-hivemq-platform] [hivemq-platform-operator] [1420f2b2] 17:07:47.940 [pool-6-thread-11] DEBUG c.h.p.o.d.StatefulSetResource - [helmroll] Desired StatefulSet (2 replicas) for status ROLLING_RESTART (RESTART_PODS_IN_PROGRESS)
2025-01-29 17:07:47,949 INFO c.h.h.t.HelmChartContainer - [hivemq-test-hivemq-platform] [hivemq-platform-operator] [1420f2b2] 17:07:47.944 [ReconcilerExecutor-hivemq-controller-134] INFO  c.h.p.o.HiveMQPlatformReconciler - [helmroll] Reconciling HiveMQ Platform 'test-hivemq-platform' in namespace 'helmrollingupgradeplatformit'
2025-01-29 17:07:47,949 INFO c.h.h.t.HelmChartContainer - [hivemq-test-hivemq-platform] [hivemq-platform-operator] [1420f2b2] 17:07:47.944 [ReconcilerExecutor-hivemq-controller-134] DEBUG c.h.p.o.HiveMQPlatformReconciler - [helmroll] Custom Resource Status ROLLING_RESTART - HiveMQ Platform is restarting Pods (rolling restart) (RESTART_PODS_IN_PROGRESS)
2025-01-29 17:07:47,949 INFO c.h.h.t.HelmChartContainer - [hivemq-test-hivemq-platform] [hivemq-platform-operator] [1420f2b2] 17:07:47.945 [ReconcilerExecutor-hivemq-controller-134] DEBUG c.h.p.o.HiveMQPlatformReconciler - [helmroll] Custom Resource Spec (replicas: 1) (extensions: 1)
2025-01-29 17:07:47,949 INFO c.h.h.t.HelmChartContainer - [hivemq-test-hivemq-platform] [hivemq-platform-operator] [1420f2b2] 17:07:47.947 [ReconcilerExecutor-hivemq-controller-134] DEBUG c.h.p.o.HiveMQPlatformReconciler - [helmroll] StatefulSet Status (revision: test-hivemq-platform-945c6dcb4, replicas: 2, available: 1, ready: 1, current: 0, updated: 1)
2025-01-29 17:07:47,949 INFO c.h.h.t.HelmChartContainer - [hivemq-test-hivemq-platform] [hivemq-platform-operator] [1420f2b2] 17:07:47.947 [ReconcilerExecutor-hivemq-controller-134] DEBUG c.h.p.o.HiveMQPlatformReconciler - [helmroll] StatefulSet Spec (replicas: 2, init containers: 1, containers: 1, volumes: 3)
2025-01-29 17:07:47,949 INFO c.h.h.t.HelmChartContainer - [hivemq-test-hivemq-platform] [hivemq-platform-operator] [1420f2b2] 17:07:47.948 [ReconcilerExecutor-hivemq-controller-134] DEBUG c.h.p.o.h.HiveMQPlatformReconcilerErrorHandler - [helmroll] Pod 'test-hivemq-platform-1' phase Running
2025-01-29 17:07:47,950 INFO c.h.h.t.HelmChartContainer - [hivemq-test-hivemq-platform] [hivemq-platform-operator] [1420f2b2] 17:07:47.950 [ReconcilerExecutor-hivemq-controller-134] DEBUG c.h.p.o.h.HiveMQPlatformReconcilerErrorHandler - [helmroll] Pod 'test-hivemq-platform-0' phase Failed
2025-01-29 17:07:47,951 INFO c.h.h.t.HelmChartContainer - [hivemq-test-hivemq-platform] [hivemq-platform-operator] [1420f2b2] 17:07:47.950 [ReconcilerExecutor-hivemq-controller-134] DEBUG c.h.p.o.h.HiveMQPlatformReconcilerErrorHandler - [helmroll] Pod 'test-hivemq-platform-0' condition 'PodReadyToStartContainers': False
2025-01-29 17:07:47,951 INFO c.h.h.t.HelmChartContainer - [hivemq-test-hivemq-platform] [hivemq-platform-operator] [1420f2b2] 17:07:47.950 [ReconcilerExecutor-hivemq-controller-134] DEBUG c.h.p.o.h.HiveMQPlatformReconcilerErrorHandler - [helmroll] Pod 'test-hivemq-platform-0' condition 'Initialized': True
2025-01-29 17:07:47,951 INFO c.h.h.t.HelmChartContainer - [hivemq-test-hivemq-platform] [hivemq-platform-operator] [1420f2b2] 17:07:47.950 [ReconcilerExecutor-hivemq-controller-134] DEBUG c.h.p.o.h.HiveMQPlatformReconcilerErrorHandler - [helmroll] Pod 'test-hivemq-platform-0' condition 'Ready': False
2025-01-29 17:07:47,951 INFO c.h.h.t.HelmChartContainer - [hivemq-test-hivemq-platform] [hivemq-platform-operator] [1420f2b2] 17:07:47.950 [ReconcilerExecutor-hivemq-controller-134] DEBUG c.h.p.o.h.HiveMQPlatformReconcilerErrorHandler - [helmroll] Pod 'test-hivemq-platform-0' condition 'ContainersReady': False
2025-01-29 17:07:47,951 INFO c.h.h.t.HelmChartContainer - [hivemq-test-hivemq-platform] [hivemq-platform-operator] [1420f2b2] 17:07:47.950 [ReconcilerExecutor-hivemq-controller-134] DEBUG c.h.p.o.h.HiveMQPlatformReconcilerErrorHandler - [helmroll] Pod 'test-hivemq-platform-0' condition 'PodScheduled': True
2025-01-29 17:07:47,953 INFO c.h.h.t.HelmChartContainer - [hivemq-test-hivemq-platform] [hivemq-platform-operator] [1420f2b2] 17:07:47.950 [ReconcilerExecutor-hivemq-controller-134] DEBUG c.h.p.o.h.HiveMQPlatformReconcilerErrorHandler - [helmroll] Pod 'test-hivemq-platform-0' containerStatus 'hivemq' (started: false) (ready: false) (waiting: [Unknown] no message)
2025-01-29 17:07:47,953 INFO c.h.h.t.HelmChartContainer - [hivemq-test-hivemq-platform] [hivemq-platform-operator] [1420f2b2] 17:07:47.951 [ReconcilerExecutor-hivemq-controller-134] DEBUG c.h.p.o.h.HiveMQPlatformReconcilerRollingRestartHandler - [helmroll] Rolling restart is waiting for 1 of 2 replicas
2025-01-29 17:07:47,962 INFO c.h.h.t.HelmChartContainer - [K3S] [scope.go:117] "RemoveContainer" containerID="02972866bfe6d1c61ce05ce4fcd7c39e492ccdc84ed73578a8ed8d6436a175af"
2025-01-29 17:07:48,000 INFO c.h.h.t.HelmChartContainer - [K3S] [reconciler_common.go:162] "operationExecutor.UnmountVolume started for volume \"pod-info\" (UniqueName: \"kubernetes.io/configmap/db0cd3b9-0a38-4516-83e1-3ca6931561c4-pod-info\") pod \"db0cd3b9-0a38-4516-83e1-3ca6931561c4\" (UID: \"db0cd3b9-0a38-4516-83e1-3ca6931561c4\") "
2025-01-29 17:07:48,001 INFO c.h.h.t.HelmChartContainer - [K3S] [reconciler_common.go:162] "operationExecutor.UnmountVolume started for volume \"broker-configuration\" (UniqueName: \"kubernetes.io/configmap/db0cd3b9-0a38-4516-83e1-3ca6931561c4-broker-configuration\") pod \"db0cd3b9-0a38-4516-83e1-3ca6931561c4\" (UID: \"db0cd3b9-0a38-4516-83e1-3ca6931561c4\") "
2025-01-29 17:07:48,001 INFO c.h.h.t.HelmChartContainer - [K3S] [reconciler_common.go:162] "operationExecutor.UnmountVolume started for volume \"operator-init\" (UniqueName: \"kubernetes.io/empty-dir/db0cd3b9-0a38-4516-83e1-3ca6931561c4-operator-init\") pod \"db0cd3b9-0a38-4516-83e1-3ca6931561c4\" (UID: \"db0cd3b9-0a38-4516-83e1-3ca6931561c4\") "
2025-01-29 17:07:48,001 INFO c.h.h.t.HelmChartContainer - [K3S] [reconciler_common.go:162] "operationExecutor.UnmountVolume started for volume \"kube-api-access-8bhbq\" (UniqueName: \"kubernetes.io/projected/db0cd3b9-0a38-4516-83e1-3ca6931561c4-kube-api-access-8bhbq\") pod \"db0cd3b9-0a38-4516-83e1-3ca6931561c4\" (UID: \"db0cd3b9-0a38-4516-83e1-3ca6931561c4\") "
2025-01-29 17:07:48,012 INFO c.h.h.t.HelmChartContainer - [hivemq-test-hivemq-platform] [hivemq-platform-operator] [1420f2b2] 17:07:48.010 [pool-6-thread-23] DEBUG c.h.p.o.d.PlatformServiceResource - [helmroll] Desired Platform services (3 services)
2025-01-29 17:07:48,013 INFO c.h.h.t.HelmChartContainer - [hivemq-test-hivemq-platform] [hivemq-platform-operator] [1420f2b2] 17:07:48.011 [pool-6-thread-24] DEBUG c.h.p.o.dependants.PodInfoConfigMap - [helmroll] Desired PodInfo ConfigMap (1 extensions) (1 enabled)
2025-01-29 17:07:48,014 INFO c.h.h.t.HelmChartContainer - [hivemq-test-hivemq-platform] [hivemq-platform-operator] [1420f2b2] 17:07:48.011 [pool-6-thread-24] DEBUG c.h.p.o.dependants.PodInfoConfigMap - [helmroll] Desired PodInfo ConfigMap (metrics port: 9399) (metrics path: /)
2025-01-29 17:07:48,014 INFO c.h.h.t.HelmChartContainer - [hivemq-test-hivemq-platform] [hivemq-platform-operator] [1420f2b2] 17:07:48.011 [pool-6-thread-24] DEBUG c.h.p.o.dependants.PodInfoConfigMap - [helmroll] Desired PodInfo ConfigMap (extension state hash: -1817474005)
2025-01-29 17:07:48,015 INFO c.h.h.t.HelmChartContainer - [hivemq-test-hivemq-platform] [hivemq-platform-operator] [1420f2b2] 17:07:48.013 [pool-6-thread-26] DEBUG c.h.p.o.d.PodServiceAccountResource - [helmroll] Desired PodServiceAccountResource (serviceAccountName: hivemq-platform-pod-test-hivemq-platform)
2025-01-29 17:07:48,041 INFO c.h.h.t.HelmChartContainer - [hivemq-test-hivemq-platform] [hivemq-platform-operator] [1420f2b2] 17:07:48.039 [pool-6-thread-23] DEBUG c.h.p.o.d.StatefulSetResource - [helmroll] Desired StatefulSet (2 replicas) for status ROLLING_RESTART (RESTART_PODS_IN_PROGRESS)
2025-01-29 17:07:48,045 INFO c.h.h.t.HelmChartContainer - [hivemq-test-hivemq-platform] [hivemq-platform-operator] [1420f2b2] 17:07:48.043 [ReconcilerExecutor-hivemq-controller-135] INFO  c.h.p.o.HiveMQPlatformReconciler - [helmroll] Reconciling HiveMQ Platform 'test-hivemq-platform' in namespace 'helmrollingupgradeplatformit'
2025-01-29 17:07:48,045 INFO c.h.h.t.HelmChartContainer - [hivemq-test-hivemq-platform] [hivemq-platform-operator] [1420f2b2] 17:07:48.043 [ReconcilerExecutor-hivemq-controller-135] DEBUG c.h.p.o.HiveMQPlatformReconciler - [helmroll] Custom Resource Status ROLLING_RESTART - HiveMQ Platform is restarting Pods (rolling restart) (RESTART_PODS_IN_PROGRESS)
2025-01-29 17:07:48,045 INFO c.h.h.t.HelmChartContainer - [hivemq-test-hivemq-platform] [hivemq-platform-operator] [1420f2b2] 17:07:48.043 [ReconcilerExecutor-hivemq-controller-135] DEBUG c.h.p.o.HiveMQPlatformReconciler - [helmroll] Custom Resource Spec (replicas: 1) (extensions: 1)
2025-01-29 17:07:48,045 INFO c.h.h.t.HelmChartContainer - [hivemq-test-hivemq-platform] [hivemq-platform-operator] [1420f2b2] 17:07:48.044 [ReconcilerExecutor-hivemq-controller-135] DEBUG c.h.p.o.HiveMQPlatformReconciler - [helmroll] StatefulSet Status (revision: test-hivemq-platform-945c6dcb4, replicas: 2, available: 1, ready: 1, current: 0, updated: 1)
2025-01-29 17:07:48,072 INFO c.h.h.t.HelmChartContainer - [K3S] [scope.go:117] "RemoveContainer" containerID="5e5d1b53c91f4d7bc407a5223245dd4b1a411d2e4bc9c609ab3315afa941fa79"
2025-01-29 17:07:48,076 INFO c.h.h.t.HelmChartContainer - [K3S] [scope.go:117] "RemoveContainer" containerID="02972866bfe6d1c61ce05ce4fcd7c39e492ccdc84ed73578a8ed8d6436a175af"
2025-01-29 17:07:48,076 INFO c.h.h.t.HelmChartContainer - [K3S] [scope.go:117] "RemoveContainer" containerID="5e5d1b53c91f4d7bc407a5223245dd4b1a411d2e4bc9c609ab3315afa941fa79"
2025-01-29 17:07:48,100 INFO c.h.h.t.HelmChartContainer - [K3S] [reconciler_common.go:299] "Volume detached for volume \"operator-init\" (UniqueName: \"kubernetes.io/empty-dir/db0cd3b9-0a38-4516-83e1-3ca6931561c4-operator-init\") on node \"28b958d3512c\" DevicePath \"\""
2025-01-29 17:07:48,100 INFO c.h.h.t.HelmChartContainer - [K3S] [reconciler_common.go:299] "Volume detached for volume \"kube-api-access-8bhbq\" (UniqueName: \"kubernetes.io/projected/db0cd3b9-0a38-4516-83e1-3ca6931561c4-kube-api-access-8bhbq\") on node \"28b958d3512c\" DevicePath \"\""
2025-01-29 17:07:48,101 INFO c.h.h.t.HelmChartContainer - [K3S] [reconciler_common.go:299] "Volume detached for volume \"pod-info\" (UniqueName: \"kubernetes.io/configmap/db0cd3b9-0a38-4516-83e1-3ca6931561c4-pod-info\") on node \"28b958d3512c\" DevicePath \"\""
2025-01-29 17:07:48,101 INFO c.h.h.t.HelmChartContainer - [K3S] [reconciler_common.go:299] "Volume detached for volume \"broker-configuration\" (UniqueName: \"kubernetes.io/configmap/db0cd3b9-0a38-4516-83e1-3ca6931561c4-broker-configuration\") on node \"28b958d3512c\" DevicePath \"\""
2025-01-29 17:07:48,109 INFO c.h.h.t.HelmChartContainer - [hivemq-test-hivemq-platform] [hivemq-platform-operator] [1420f2b2] 17:07:48.044 [ReconcilerExecutor-hivemq-controller-135] DEBUG c.h.p.o.HiveMQPlatformReconciler - [helmroll] StatefulSet Spec (replicas: 2, init containers: 1, containers: 1, volumes: 3)
2025-01-29 17:07:48,110 INFO c.h.h.t.HelmChartContainer - [hivemq-test-hivemq-platform] [hivemq-platform-operator] [1420f2b2] 17:07:48.109 [ReconcilerExecutor-hivemq-controller-135] DEBUG c.h.p.o.h.HiveMQPlatformReconcilerErrorHandler - [helmroll] Pod 'test-hivemq-platform-1' phase Running
2025-01-29 17:07:48,112 INFO c.h.h.t.HelmChartContainer - [hivemq-test-hivemq-platform] [hivemq-platform-operator] [1420f2b2] 17:07:48.111 [ReconcilerExecutor-hivemq-controller-135] DEBUG c.h.p.o.h.HiveMQPlatformReconcilerErrorHandler - [helmroll] Pod 'test-hivemq-platform-0' phase Failed
2025-01-29 17:07:48,112 INFO c.h.h.t.HelmChartContainer - [hivemq-test-hivemq-platform] [hivemq-platform-operator] [1420f2b2] 17:07:48.111 [ReconcilerExecutor-hivemq-controller-135] DEBUG c.h.p.o.h.HiveMQPlatformReconcilerErrorHandler - [helmroll] Pod 'test-hivemq-platform-0' condition 'PodReadyToStartContainers': False
2025-01-29 17:07:48,112 INFO c.h.h.t.HelmChartContainer - [hivemq-test-hivemq-platform] [hivemq-platform-operator] [1420f2b2] 17:07:48.111 [ReconcilerExecutor-hivemq-controller-135] DEBUG c.h.p.o.h.HiveMQPlatformReconcilerErrorHandler - [helmroll] Pod 'test-hivemq-platform-0' condition 'Initialized': True
2025-01-29 17:07:48,113 INFO c.h.h.t.HelmChartContainer - [hivemq-test-hivemq-platform] [hivemq-platform-operator] [1420f2b2] 17:07:48.111 [ReconcilerExecutor-hivemq-controller-135] DEBUG c.h.p.o.h.HiveMQPlatformReconcilerErrorHandler - [helmroll] Pod 'test-hivemq-platform-0' condition 'Ready': False
2025-01-29 17:07:48,113 INFO c.h.h.t.HelmChartContainer - [hivemq-test-hivemq-platform] [hivemq-platform-operator] [1420f2b2] 17:07:48.111 [ReconcilerExecutor-hivemq-controller-135] DEBUG c.h.p.o.h.HiveMQPlatformReconcilerErrorHandler - [helmroll] Pod 'test-hivemq-platform-0' condition 'ContainersReady': False
2025-01-29 17:07:48,113 INFO c.h.h.t.HelmChartContainer - [hivemq-test-hivemq-platform] [hivemq-platform-operator] [1420f2b2] 17:07:48.111 [ReconcilerExecutor-hivemq-controller-135] DEBUG c.h.p.o.h.HiveMQPlatformReconcilerErrorHandler - [helmroll] Pod 'test-hivemq-platform-0' condition 'PodScheduled': True
2025-01-29 17:07:48,113 INFO c.h.h.t.HelmChartContainer - [hivemq-test-hivemq-platform] [hivemq-platform-operator] [1420f2b2] 17:07:48.111 [ReconcilerExecutor-hivemq-controller-135] DEBUG c.h.p.o.h.HiveMQPlatformReconcilerErrorHandler - [helmroll] Pod 'test-hivemq-platform-0' containerStatus 'hivemq' (started: false) (ready: false) (waiting: [Unknown] no message)
2025-01-29 17:07:48,113 INFO c.h.h.t.HelmChartContainer - [hivemq-test-hivemq-platform] [hivemq-platform-operator] [1420f2b2] 17:07:48.111 [ReconcilerExecutor-hivemq-controller-135] DEBUG c.h.p.o.h.HiveMQPlatformReconcilerRollingRestartHandler - [helmroll] Rolling restart is waiting for 1 of 2 replicas
2025-01-29 17:07:48,274 INFO c.h.h.t.HelmChartContainer - [POD] test-hivemq-platform-0 [db0cd3b9-0a38-4516-83e1-3ca6931561c4] in helmrollingupgradeplatformit was MODIFIED
2025-01-29 17:07:48,278 INFO c.h.h.t.HelmChartContainer - [POD] test-hivemq-platform-0 [db0cd3b9-0a38-4516-83e1-3ca6931561c4] in helmrollingupgradeplatformit was DELETED
2025-01-29 17:07:48,281 INFO c.h.h.t.HelmChartContainer - [hivemq-test-hivemq-platform] [hivemq-platform-operator] [1420f2b2] 17:07:48.278 [pool-6-thread-34] DEBUG c.h.p.o.d.PlatformServiceResource - [helmroll] Desired Platform services (3 services)
2025-01-29 17:07:48,283 INFO c.h.h.t.HelmChartContainer - [hivemq-test-hivemq-platform] [hivemq-platform-operator] [1420f2b2] 17:07:48.280 [pool-6-thread-39] DEBUG c.h.p.o.dependants.PodInfoConfigMap - [helmroll] Desired PodInfo ConfigMap (1 extensions) (1 enabled)
2025-01-29 17:07:48,283 INFO c.h.h.t.HelmChartContainer - [hivemq-test-hivemq-platform] [hivemq-platform-operator] [1420f2b2] 17:07:48.281 [pool-6-thread-39] DEBUG c.h.p.o.dependants.PodInfoConfigMap - [helmroll] Desired PodInfo ConfigMap (metrics port: 9399) (metrics path: /)
2025-01-29 17:07:48,283 INFO c.h.h.t.HelmChartContainer - [hivemq-test-hivemq-platform] [hivemq-platform-operator] [1420f2b2] 17:07:48.281 [pool-6-thread-39] DEBUG c.h.p.o.dependants.PodInfoConfigMap - [helmroll] Desired PodInfo ConfigMap (extension state hash: -1817474005)
2025-01-29 17:07:48,283 INFO c.h.h.t.HelmChartContainer - [hivemq-test-hivemq-platform] [hivemq-platform-operator] [1420f2b2] 17:07:48.281 [pool-6-thread-40] DEBUG c.h.p.o.d.PodServiceAccountResource - [helmroll] Desired PodServiceAccountResource (serviceAccountName: hivemq-platform-pod-test-hivemq-platform)
2025-01-29 17:07:48,295 INFO c.h.h.t.HelmChartContainer - [hivemq-test-hivemq-platform] [hivemq-platform-operator] [1420f2b2] 17:07:48.287 [pool-6-thread-34] DEBUG c.h.p.o.d.StatefulSetResource - [helmroll] Desired StatefulSet (2 replicas) for status ROLLING_RESTART (RESTART_PODS_IN_PROGRESS)
2025-01-29 17:07:48,295 INFO c.h.h.t.HelmChartContainer - [hivemq-test-hivemq-platform] [hivemq-platform-operator] [1420f2b2] 17:07:48.289 [ReconcilerExecutor-hivemq-controller-136] INFO  c.h.p.o.HiveMQPlatformReconciler - [helmroll] Reconciling HiveMQ Platform 'test-hivemq-platform' in namespace 'helmrollingupgradeplatformit'
2025-01-29 17:07:48,295 INFO c.h.h.t.HelmChartContainer - [hivemq-test-hivemq-platform] [hivemq-platform-operator] [1420f2b2] 17:07:48.289 [ReconcilerExecutor-hivemq-controller-136] DEBUG c.h.p.o.HiveMQPlatformReconciler - [helmroll] Custom Resource Status ROLLING_RESTART - HiveMQ Platform is restarting Pods (rolling restart) (RESTART_PODS_IN_PROGRESS)
2025-01-29 17:07:48,295 INFO c.h.h.t.HelmChartContainer - [hivemq-test-hivemq-platform] [hivemq-platform-operator] [1420f2b2] 17:07:48.289 [ReconcilerExecutor-hivemq-controller-136] DEBUG c.h.p.o.HiveMQPlatformReconciler - [helmroll] Custom Resource Spec (replicas: 1) (extensions: 1)
2025-01-29 17:07:48,295 INFO c.h.h.t.HelmChartContainer - [hivemq-test-hivemq-platform] [hivemq-platform-operator] [1420f2b2] 17:07:48.290 [ReconcilerExecutor-hivemq-controller-136] DEBUG c.h.p.o.HiveMQPlatformReconciler - [helmroll] StatefulSet Status (revision: test-hivemq-platform-945c6dcb4, replicas: 2, available: 1, ready: 1, current: 0, updated: 1)
2025-01-29 17:07:48,295 INFO c.h.h.t.HelmChartContainer - [hivemq-test-hivemq-platform] [hivemq-platform-operator] [1420f2b2] 17:07:48.290 [ReconcilerExecutor-hivemq-controller-136] DEBUG c.h.p.o.HiveMQPlatformReconciler - [helmroll] StatefulSet Spec (replicas: 2, init containers: 1, containers: 1, volumes: 3)
2025-01-29 17:07:48,295 INFO c.h.h.t.HelmChartContainer - [hivemq-test-hivemq-platform] [hivemq-platform-operator] [1420f2b2] 17:07:48.293 [ReconcilerExecutor-hivemq-controller-136] DEBUG c.h.p.o.h.HiveMQPlatformReconcilerErrorHandler - [helmroll] Pod 'test-hivemq-platform-1' phase Running
2025-01-29 17:07:48,296 INFO c.h.h.t.HelmChartContainer - [hivemq-test-hivemq-platform] [hivemq-platform-operator] [1420f2b2] 17:07:48.294 [ReconcilerExecutor-hivemq-controller-136] DEBUG c.h.p.o.h.HiveMQPlatformReconcilerRollingRestartHandler - [helmroll] Rolling restart is waiting for 1 of 2 replicas
2025-01-29 17:07:48,301 INFO c.h.h.t.HelmChartContainer - [hivemq-test-hivemq-platform] [hivemq-platform-operator] [1420f2b2] 17:07:48.299 [pool-6-thread-47] DEBUG c.h.p.o.d.PlatformServiceResource - [helmroll] Desired Platform services (3 services)
2025-01-29 17:07:48,301 INFO c.h.h.t.HelmChartContainer - [hivemq-test-hivemq-platform] [hivemq-platform-operator] [1420f2b2] 17:07:48.300 [pool-6-thread-50] DEBUG c.h.p.o.dependants.PodInfoConfigMap - [helmroll] Desired PodInfo ConfigMap (1 extensions) (1 enabled)
2025-01-29 17:07:48,301 INFO c.h.h.t.HelmChartContainer - [hivemq-test-hivemq-platform] [hivemq-platform-operator] [1420f2b2] 17:07:48.300 [pool-6-thread-50] DEBUG c.h.p.o.dependants.PodInfoConfigMap - [helmroll] Desired PodInfo ConfigMap (metrics port: 9399) (metrics path: /)
2025-01-29 17:07:48,301 INFO c.h.h.t.HelmChartContainer - [hivemq-test-hivemq-platform] [hivemq-platform-operator] [1420f2b2] 17:07:48.300 [pool-6-thread-50] DEBUG c.h.p.o.dependants.PodInfoConfigMap - [helmroll] Desired PodInfo ConfigMap (extension state hash: -1817474005)
2025-01-29 17:07:48,307 INFO c.h.h.t.HelmChartContainer - [hivemq-test-hivemq-platform] [hivemq-platform-operator] [1420f2b2] 17:07:48.300 [pool-6-thread-50] DEBUG c.h.p.o.d.PodServiceAccountResource - [helmroll] Desired PodServiceAccountResource (serviceAccountName: hivemq-platform-pod-test-hivemq-platform)
2025-01-29 17:07:48,307 INFO c.h.h.t.HelmChartContainer - [POD] test-hivemq-platform-0 [0922ffcb-b251-4af9-96a3-e0daf1fbbdfb] in helmrollingupgradeplatformit was ADDED
2025-01-29 17:07:48,310 INFO c.h.h.t.HelmChartContainer - [POD] test-hivemq-platform-0 [0922ffcb-b251-4af9-96a3-e0daf1fbbdfb] in helmrollingupgradeplatformit was MODIFIED
2025-01-29 17:07:48,311 INFO c.h.h.t.HelmChartContainer - [K3S] [memory_manager.go:355] "RemoveStaleState removing state" podUID="db0cd3b9-0a38-4516-83e1-3ca6931561c4" containerName="hivemq"
2025-01-29 17:07:48,320 INFO c.h.h.t.HelmChartContainer - [EVENT] Normal [Scheduled] Successfully assigned helmrollingupgradeplatformit/test-hivemq-platform-0 to 28b958d3512c [helmrollingupgradeplatformit:test-hivemq-platform-0]
2025-01-29 17:07:48,322 INFO c.h.h.t.HelmChartContainer - [EVENT] Normal [SuccessfulCreate] create Pod test-hivemq-platform-0 in StatefulSet test-hivemq-platform successful [helmrollingupgradeplatformit:test-hivemq-platform]
2025-01-29 17:07:48,329 INFO c.h.h.t.HelmChartContainer - [POD] test-hivemq-platform-0 [0922ffcb-b251-4af9-96a3-e0daf1fbbdfb] in helmrollingupgradeplatformit was MODIFIED
2025-01-29 17:07:48,346 INFO c.h.h.t.HelmChartContainer - [hivemq-test-hivemq-platform] [hivemq-platform-operator] [1420f2b2] 17:07:48.342 [pool-6-thread-47] DEBUG c.h.p.o.d.StatefulSetResource - [helmroll] Desired StatefulSet (2 replicas) for status ROLLING_RESTART (RESTART_PODS_IN_PROGRESS)
2025-01-29 17:07:48,349 INFO c.h.h.t.HelmChartContainer - [hivemq-test-hivemq-platform] [hivemq-platform-operator] [1420f2b2] 17:07:48.347 [ReconcilerExecutor-hivemq-controller-137] INFO  c.h.p.o.HiveMQPlatformReconciler - [helmroll] Reconciling HiveMQ Platform 'test-hivemq-platform' in namespace 'helmrollingupgradeplatformit'
2025-01-29 17:07:48,349 INFO c.h.h.t.HelmChartContainer - [hivemq-test-hivemq-platform] [hivemq-platform-operator] [1420f2b2] 17:07:48.347 [ReconcilerExecutor-hivemq-controller-137] DEBUG c.h.p.o.HiveMQPlatformReconciler - [helmroll] Custom Resource Status ROLLING_RESTART - HiveMQ Platform is restarting Pods (rolling restart) (RESTART_PODS_IN_PROGRESS)
2025-01-29 17:07:48,349 INFO c.h.h.t.HelmChartContainer - [hivemq-test-hivemq-platform] [hivemq-platform-operator] [1420f2b2] 17:07:48.347 [ReconcilerExecutor-hivemq-controller-137] DEBUG c.h.p.o.HiveMQPlatformReconciler - [helmroll] Custom Resource Spec (replicas: 1) (extensions: 1)
2025-01-29 17:07:48,355 INFO c.h.h.t.HelmChartContainer - [hivemq-test-hivemq-platform] [hivemq-platform-operator] [1420f2b2] 17:07:48.348 [ReconcilerExecutor-hivemq-controller-137] DEBUG c.h.p.o.HiveMQPlatformReconciler - [helmroll] StatefulSet Status (revision: test-hivemq-platform-945c6dcb4, replicas: 1, available: 1, ready: 1, current: 0, updated: 1)
2025-01-29 17:07:48,355 INFO c.h.h.t.HelmChartContainer - [hivemq-test-hivemq-platform] [hivemq-platform-operator] [1420f2b2] 17:07:48.348 [ReconcilerExecutor-hivemq-controller-137] DEBUG c.h.p.o.HiveMQPlatformReconciler - [helmroll] StatefulSet Spec (replicas: 2, init containers: 1, containers: 1, volumes: 3)
2025-01-29 17:07:48,355 INFO c.h.h.t.HelmChartContainer - [hivemq-test-hivemq-platform] [hivemq-platform-operator] [1420f2b2] 17:07:48.354 [ReconcilerExecutor-hivemq-controller-137] DEBUG c.h.p.o.h.HiveMQPlatformReconcilerErrorHandler - [helmroll] Pod 'test-hivemq-platform-1' phase Running
2025-01-29 17:07:48,361 INFO c.h.h.t.HelmChartContainer - [hivemq-test-hivemq-platform] [hivemq-platform-operator] [1420f2b2] 17:07:48.360 [ReconcilerExecutor-hivemq-controller-137] DEBUG c.h.p.o.h.HiveMQPlatformReconcilerErrorHandler - [helmroll] Pod 'test-hivemq-platform-0' phase Pending
2025-01-29 17:07:48,363 INFO c.h.h.t.HelmChartContainer - [hivemq-test-hivemq-platform] [hivemq-platform-operator] [1420f2b2] 17:07:48.360 [ReconcilerExecutor-hivemq-controller-137] DEBUG c.h.p.o.h.HiveMQPlatformReconcilerErrorHandler - [helmroll] Pod 'test-hivemq-platform-0' condition 'PodReadyToStartContainers': False
2025-01-29 17:07:48,363 INFO c.h.h.t.HelmChartContainer - [hivemq-test-hivemq-platform] [hivemq-platform-operator] [1420f2b2] 17:07:48.360 [ReconcilerExecutor-hivemq-controller-137] DEBUG c.h.p.o.h.HiveMQPlatformReconcilerErrorHandler - [helmroll] Pod 'test-hivemq-platform-0' condition 'Initialized': False
2025-01-29 17:07:48,364 INFO c.h.h.t.HelmChartContainer - [hivemq-test-hivemq-platform] [hivemq-platform-operator] [1420f2b2] 17:07:48.360 [ReconcilerExecutor-hivemq-controller-137] DEBUG c.h.p.o.h.HiveMQPlatformReconcilerErrorHandler - [helmroll] Pod 'test-hivemq-platform-0' condition 'Ready': False
2025-01-29 17:07:48,365 INFO c.h.h.t.HelmChartContainer - [hivemq-test-hivemq-platform] [hivemq-platform-operator] [1420f2b2] 17:07:48.360 [ReconcilerExecutor-hivemq-controller-137] DEBUG c.h.p.o.h.HiveMQPlatformReconcilerErrorHandler - [helmroll] Pod 'test-hivemq-platform-0' condition 'ContainersReady': False
2025-01-29 17:07:48,365 INFO c.h.h.t.HelmChartContainer - [hivemq-test-hivemq-platform] [hivemq-platform-operator] [1420f2b2] 17:07:48.360 [ReconcilerExecutor-hivemq-controller-137] DEBUG c.h.p.o.h.HiveMQPlatformReconcilerErrorHandler - [helmroll] Pod 'test-hivemq-platform-0' condition 'PodScheduled': True
2025-01-29 17:07:48,365 INFO c.h.h.t.HelmChartContainer - [hivemq-test-hivemq-platform] [hivemq-platform-operator] [1420f2b2] 17:07:48.360 [ReconcilerExecutor-hivemq-controller-137] DEBUG c.h.p.o.h.HiveMQPlatformReconcilerErrorHandler - [helmroll] Pod 'test-hivemq-platform-0' containerStatus 'hivemq' (started: false) (ready: false) (waiting: [PodInitializing] null)
2025-01-29 17:07:48,365 INFO c.h.h.t.HelmChartContainer - [hivemq-test-hivemq-platform] [hivemq-platform-operator] [1420f2b2] 17:07:48.361 [ReconcilerExecutor-hivemq-controller-137] DEBUG c.h.p.o.h.HiveMQPlatformReconcilerRollingRestartHandler - [helmroll] Rolling restart is waiting for 1 of 2 replicas
2025-01-29 17:07:48,368 INFO c.h.h.t.HelmChartContainer - [hivemq-test-hivemq-platform] [hivemq-platform-operator] [1420f2b2] 17:07:48.365 [pool-6-thread-10] DEBUG c.h.p.o.d.PlatformServiceResource - [helmroll] Desired Platform services (3 services)
2025-01-29 17:07:48,370 INFO c.h.h.t.HelmChartContainer - [hivemq-test-hivemq-platform] [hivemq-platform-operator] [1420f2b2] 17:07:48.368 [pool-6-thread-4] DEBUG c.h.p.o.dependants.PodInfoConfigMap - [helmroll] Desired PodInfo ConfigMap (1 extensions) (1 enabled)
2025-01-29 17:07:48,372 INFO c.h.h.t.HelmChartContainer - [hivemq-test-hivemq-platform] [hivemq-platform-operator] [1420f2b2] 17:07:48.371 [pool-6-thread-4] DEBUG c.h.p.o.dependants.PodInfoConfigMap - [helmroll] Desired PodInfo ConfigMap (metrics port: 9399) (metrics path: /)
2025-01-29 17:07:48,372 INFO c.h.h.t.HelmChartContainer - [hivemq-test-hivemq-platform] [hivemq-platform-operator] [1420f2b2] 17:07:48.371 [pool-6-thread-4] DEBUG c.h.p.o.dependants.PodInfoConfigMap - [helmroll] Desired PodInfo ConfigMap (extension state hash: -1817474005)
2025-01-29 17:07:48,374 INFO c.h.h.t.HelmChartContainer - [hivemq-test-hivemq-platform] [hivemq-platform-operator] [1420f2b2] 17:07:48.369 [pool-6-thread-8] DEBUG c.h.p.o.d.PodServiceAccountResource - [helmroll] Desired PodServiceAccountResource (serviceAccountName: hivemq-platform-pod-test-hivemq-platform)
2025-01-29 17:07:48,407 INFO c.h.h.t.HelmChartContainer - [K3S] [reconciler_common.go:251] "operationExecutor.VerifyControllerAttachedVolume started for volume \"kube-api-access-99kt7\" (UniqueName: \"kubernetes.io/projected/0922ffcb-b251-4af9-96a3-e0daf1fbbdfb-kube-api-access-99kt7\") pod \"test-hivemq-platform-0\" (UID: \"0922ffcb-b251-4af9-96a3-e0daf1fbbdfb\") " pod="helmrollingupgradeplatformit/test-hivemq-platform-0"
2025-01-29 17:07:48,407 INFO c.h.h.t.HelmChartContainer - [K3S] [reconciler_common.go:251] "operationExecutor.VerifyControllerAttachedVolume started for volume \"broker-configuration\" (UniqueName: \"kubernetes.io/configmap/0922ffcb-b251-4af9-96a3-e0daf1fbbdfb-broker-configuration\") pod \"test-hivemq-platform-0\" (UID: \"0922ffcb-b251-4af9-96a3-e0daf1fbbdfb\") " pod="helmrollingupgradeplatformit/test-hivemq-platform-0"
2025-01-29 17:07:48,407 INFO c.h.h.t.HelmChartContainer - [K3S] [reconciler_common.go:251] "operationExecutor.VerifyControllerAttachedVolume started for volume \"pod-info\" (UniqueName: \"kubernetes.io/configmap/0922ffcb-b251-4af9-96a3-e0daf1fbbdfb-pod-info\") pod \"test-hivemq-platform-0\" (UID: \"0922ffcb-b251-4af9-96a3-e0daf1fbbdfb\") " pod="helmrollingupgradeplatformit/test-hivemq-platform-0"
2025-01-29 17:07:48,407 INFO c.h.h.t.HelmChartContainer - [K3S] [reconciler_common.go:251] "operationExecutor.VerifyControllerAttachedVolume started for volume \"operator-init\" (UniqueName: \"kubernetes.io/empty-dir/0922ffcb-b251-4af9-96a3-e0daf1fbbdfb-operator-init\") pod \"test-hivemq-platform-0\" (UID: \"0922ffcb-b251-4af9-96a3-e0daf1fbbdfb\") " pod="helmrollingupgradeplatformit/test-hivemq-platform-0"
2025-01-29 17:07:48,440 INFO c.h.h.t.HelmChartContainer - [hivemq-test-hivemq-platform] [hivemq-platform-operator] [1420f2b2] 17:07:48.439 [pool-6-thread-4] DEBUG c.h.p.o.d.StatefulSetResource - [helmroll] Desired StatefulSet (2 replicas) for status ROLLING_RESTART (RESTART_PODS_IN_PROGRESS)
2025-01-29 17:07:48,443 INFO c.h.h.t.HelmChartContainer - [hivemq-test-hivemq-platform] [hivemq-platform-operator] [1420f2b2] 17:07:48.442 [ReconcilerExecutor-hivemq-controller-138] INFO  c.h.p.o.HiveMQPlatformReconciler - [helmroll] Reconciling HiveMQ Platform 'test-hivemq-platform' in namespace 'helmrollingupgradeplatformit'
2025-01-29 17:07:48,443 INFO c.h.h.t.HelmChartContainer - [hivemq-test-hivemq-platform] [hivemq-platform-operator] [1420f2b2] 17:07:48.442 [ReconcilerExecutor-hivemq-controller-138] DEBUG c.h.p.o.HiveMQPlatformReconciler - [helmroll] Custom Resource Status ROLLING_RESTART - HiveMQ Platform is restarting Pods (rolling restart) (RESTART_PODS_IN_PROGRESS)
2025-01-29 17:07:48,443 INFO c.h.h.t.HelmChartContainer - [hivemq-test-hivemq-platform] [hivemq-platform-operator] [1420f2b2] 17:07:48.442 [ReconcilerExecutor-hivemq-controller-138] DEBUG c.h.p.o.HiveMQPlatformReconciler - [helmroll] Custom Resource Spec (replicas: 1) (extensions: 1)
2025-01-29 17:07:48,445 INFO c.h.h.t.HelmChartContainer - [hivemq-test-hivemq-platform] [hivemq-platform-operator] [1420f2b2] 17:07:48.443 [ReconcilerExecutor-hivemq-controller-138] DEBUG c.h.p.o.HiveMQPlatformReconciler - [helmroll] StatefulSet Status (revision: test-hivemq-platform-945c6dcb4, replicas: 2, available: 1, ready: 1, current: 0, updated: 2)
2025-01-29 17:07:48,445 INFO c.h.h.t.HelmChartContainer - [hivemq-test-hivemq-platform] [hivemq-platform-operator] [1420f2b2] 17:07:48.444 [ReconcilerExecutor-hivemq-controller-138] DEBUG c.h.p.o.HiveMQPlatformReconciler - [helmroll] StatefulSet Spec (replicas: 2, init containers: 1, containers: 1, volumes: 3)
2025-01-29 17:07:48,446 INFO c.h.h.t.HelmChartContainer - [hivemq-test-hivemq-platform] [hivemq-platform-operator] [1420f2b2] 17:07:48.445 [ReconcilerExecutor-hivemq-controller-138] DEBUG c.h.p.o.h.HiveMQPlatformReconcilerErrorHandler - [helmroll] Pod 'test-hivemq-platform-1' phase Running
2025-01-29 17:07:48,448 INFO c.h.h.t.HelmChartContainer - [hivemq-test-hivemq-platform] [hivemq-platform-operator] [1420f2b2] 17:07:48.446 [ReconcilerExecutor-hivemq-controller-138] DEBUG c.h.p.o.h.HiveMQPlatformReconcilerErrorHandler - [helmroll] Pod 'test-hivemq-platform-0' phase Pending
2025-01-29 17:07:48,448 INFO c.h.h.t.HelmChartContainer - [hivemq-test-hivemq-platform] [hivemq-platform-operator] [1420f2b2] 17:07:48.446 [ReconcilerExecutor-hivemq-controller-138] DEBUG c.h.p.o.h.HiveMQPlatformReconcilerErrorHandler - [helmroll] Pod 'test-hivemq-platform-0' condition 'PodReadyToStartContainers': False
2025-01-29 17:07:48,448 INFO c.h.h.t.HelmChartContainer - [hivemq-test-hivemq-platform] [hivemq-platform-operator] [1420f2b2] 17:07:48.447 [ReconcilerExecutor-hivemq-controller-138] DEBUG c.h.p.o.h.HiveMQPlatformReconcilerErrorHandler - [helmroll] Pod 'test-hivemq-platform-0' condition 'Initialized': False
2025-01-29 17:07:48,448 INFO c.h.h.t.HelmChartContainer - [hivemq-test-hivemq-platform] [hivemq-platform-operator] [1420f2b2] 17:07:48.447 [ReconcilerExecutor-hivemq-controller-138] DEBUG c.h.p.o.h.HiveMQPlatformReconcilerErrorHandler - [helmroll] Pod 'test-hivemq-platform-0' condition 'Ready': False
2025-01-29 17:07:48,448 INFO c.h.h.t.HelmChartContainer - [hivemq-test-hivemq-platform] [hivemq-platform-operator] [1420f2b2] 17:07:48.447 [ReconcilerExecutor-hivemq-controller-138] DEBUG c.h.p.o.h.HiveMQPlatformReconcilerErrorHandler - [helmroll] Pod 'test-hivemq-platform-0' condition 'ContainersReady': False
2025-01-29 17:07:48,448 INFO c.h.h.t.HelmChartContainer - [hivemq-test-hivemq-platform] [hivemq-platform-operator] [1420f2b2] 17:07:48.447 [ReconcilerExecutor-hivemq-controller-138] DEBUG c.h.p.o.h.HiveMQPlatformReconcilerErrorHandler - [helmroll] Pod 'test-hivemq-platform-0' condition 'PodScheduled': True
2025-01-29 17:07:48,448 INFO c.h.h.t.HelmChartContainer - [hivemq-test-hivemq-platform] [hivemq-platform-operator] [1420f2b2] 17:07:48.447 [ReconcilerExecutor-hivemq-controller-138] DEBUG c.h.p.o.h.HiveMQPlatformReconcilerErrorHandler - [helmroll] Pod 'test-hivemq-platform-0' containerStatus 'hivemq' (started: false) (ready: false) (waiting: [PodInitializing] null)
2025-01-29 17:07:48,449 INFO c.h.h.t.HelmChartContainer - [hivemq-test-hivemq-platform] [hivemq-platform-operator] [1420f2b2] 17:07:48.448 [ReconcilerExecutor-hivemq-controller-138] DEBUG c.h.p.o.h.HiveMQPlatformReconcilerRollingRestartHandler - [helmroll] Rolling restart is waiting for 1 of 2 replicas
2025-01-29 17:07:48,708 INFO c.h.h.t.HelmChartContainer - [EVENT] Normal [Pulled] Container image "docker.io/hivemq/hivemq-platform-operator-init-test:snapshot" already present on machine [helmrollingupgradeplatformit:test-hivemq-platform-0]
2025-01-29 17:07:48,715 INFO c.h.h.t.HelmChartContainer - [EVENT] Normal [Created] Created container: hivemq-platform-operator-init [helmrollingupgradeplatformit:test-hivemq-platform-0]
2025-01-29 17:07:48,748 INFO c.h.h.t.HelmChartContainer - [EVENT] Normal [Started] Started container hivemq-platform-operator-init [helmrollingupgradeplatformit:test-hivemq-platform-0]
2025-01-29 17:07:48,969 INFO c.h.h.t.HelmChartContainer - [EVENT] Normal [Pulled] Container image "docker.io/hivemq/hivemq4:4.36.0" already present on machine [helmrollingupgradeplatformit:test-hivemq-platform-0]
2025-01-29 17:07:48,969 INFO c.h.h.t.HelmChartContainer - Received Pulled event for container hivemq in pod test-hivemq-platform-0 [0922ffcb-b251-4af9-96a3-e0daf1fbbdfb]
2025-01-29 17:07:48,976 INFO c.h.h.t.HelmChartContainer - [POD] test-hivemq-platform-0 [0922ffcb-b251-4af9-96a3-e0daf1fbbdfb] in helmrollingupgradeplatformit was MODIFIED
2025-01-29 17:07:48,995 INFO c.h.h.t.HelmChartContainer - [hivemq-test-hivemq-platform] [hivemq-platform-operator] [1420f2b2] 17:07:48.986 [pool-6-thread-12] DEBUG c.h.p.o.d.PlatformServiceResource - [helmroll] Desired Platform services (3 services)
2025-01-29 17:07:48,997 INFO c.h.h.t.HelmChartContainer - [hivemq-test-hivemq-platform] [hivemq-platform-operator] [1420f2b2] 17:07:48.988 [pool-6-thread-13] DEBUG c.h.p.o.dependants.PodInfoConfigMap - [helmroll] Desired PodInfo ConfigMap (1 extensions) (1 enabled)
2025-01-29 17:07:48,997 INFO c.h.h.t.HelmChartContainer - [hivemq-test-hivemq-platform] [hivemq-platform-operator] [1420f2b2] 17:07:48.988 [pool-6-thread-13] DEBUG c.h.p.o.dependants.PodInfoConfigMap - [helmroll] Desired PodInfo ConfigMap (metrics port: 9399) (metrics path: /)
2025-01-29 17:07:48,997 INFO c.h.h.t.HelmChartContainer - [hivemq-test-hivemq-platform] [hivemq-platform-operator] [1420f2b2] 17:07:48.988 [pool-6-thread-13] DEBUG c.h.p.o.dependants.PodInfoConfigMap - [helmroll] Desired PodInfo ConfigMap (extension state hash: -1817474005)
2025-01-29 17:07:48,997 INFO c.h.h.t.HelmChartContainer - [hivemq-test-hivemq-platform] [hivemq-platform-operator] [1420f2b2] 17:07:48.989 [pool-6-thread-15] DEBUG c.h.p.o.d.PodServiceAccountResource - [helmroll] Desired PodServiceAccountResource (serviceAccountName: hivemq-platform-pod-test-hivemq-platform)
2025-01-29 17:07:48,999 INFO c.h.h.t.HelmChartContainer - [hivemq-test-hivemq-platform] [hivemq-platform-operator] [1420f2b2] 17:07:48.997 [pool-6-thread-12] DEBUG c.h.p.o.d.StatefulSetResource - [helmroll] Desired StatefulSet (2 replicas) for status ROLLING_RESTART (RESTART_PODS_IN_PROGRESS)
2025-01-29 17:07:49,005 INFO c.h.h.t.HelmChartContainer - [hivemq-test-hivemq-platform] [hivemq-platform-operator] [1420f2b2] 17:07:49.002 [ReconcilerExecutor-hivemq-controller-139] INFO  c.h.p.o.HiveMQPlatformReconciler - [helmroll] Reconciling HiveMQ Platform 'test-hivemq-platform' in namespace 'helmrollingupgradeplatformit'
2025-01-29 17:07:49,005 INFO c.h.h.t.HelmChartContainer - [hivemq-test-hivemq-platform] [hivemq-platform-operator] [1420f2b2] 17:07:49.002 [ReconcilerExecutor-hivemq-controller-139] DEBUG c.h.p.o.HiveMQPlatformReconciler - [helmroll] Custom Resource Status ROLLING_RESTART - HiveMQ Platform is restarting Pods (rolling restart) (RESTART_PODS_IN_PROGRESS)
2025-01-29 17:07:49,006 INFO c.h.h.t.HelmChartContainer - [hivemq-test-hivemq-platform] [hivemq-platform-operator] [1420f2b2] 17:07:49.002 [ReconcilerExecutor-hivemq-controller-139] DEBUG c.h.p.o.HiveMQPlatformReconciler - [helmroll] Custom Resource Spec (replicas: 1) (extensions: 1)
2025-01-29 17:07:49,006 INFO c.h.h.t.HelmChartContainer - [hivemq-test-hivemq-platform] [hivemq-platform-operator] [1420f2b2] 17:07:49.004 [ReconcilerExecutor-hivemq-controller-139] DEBUG c.h.p.o.HiveMQPlatformReconciler - [helmroll] StatefulSet Status (revision: test-hivemq-platform-945c6dcb4, replicas: 2, available: 1, ready: 1, current: 0, updated: 2)
2025-01-29 17:07:49,006 INFO c.h.h.t.HelmChartContainer - [hivemq-test-hivemq-platform] [hivemq-platform-operator] [1420f2b2] 17:07:49.004 [ReconcilerExecutor-hivemq-controller-139] DEBUG c.h.p.o.HiveMQPlatformReconciler - [helmroll] StatefulSet Spec (replicas: 2, init containers: 1, containers: 1, volumes: 3)
2025-01-29 17:07:49,007 INFO c.h.h.t.HelmChartContainer - [hivemq-test-hivemq-platform] [hivemq-platform-operator] [1420f2b2] 17:07:49.005 [ReconcilerExecutor-hivemq-controller-139] DEBUG c.h.p.o.h.HiveMQPlatformReconcilerErrorHandler - [helmroll] Pod 'test-hivemq-platform-1' phase Running
2025-01-29 17:07:49,009 INFO c.h.h.t.HelmChartContainer - [EVENT] Normal [Created] Created container: hivemq [helmrollingupgradeplatformit:test-hivemq-platform-0]
2025-01-29 17:07:49,009 INFO c.h.h.t.HelmChartContainer - Received Created event for container hivemq in pod test-hivemq-platform-0 [0922ffcb-b251-4af9-96a3-e0daf1fbbdfb]
2025-01-29 17:07:49,010 INFO c.h.h.t.HelmChartContainer - [hivemq-test-hivemq-platform] [hivemq-platform-operator] [1420f2b2] 17:07:49.007 [ReconcilerExecutor-hivemq-controller-139] DEBUG c.h.p.o.h.HiveMQPlatformReconcilerErrorHandler - [helmroll] Pod 'test-hivemq-platform-0' phase Pending
2025-01-29 17:07:49,010 INFO c.h.h.t.HelmChartContainer - [hivemq-test-hivemq-platform] [hivemq-platform-operator] [1420f2b2] 17:07:49.007 [ReconcilerExecutor-hivemq-controller-139] DEBUG c.h.p.o.h.HiveMQPlatformReconcilerErrorHandler - [helmroll] Pod 'test-hivemq-platform-0' condition 'PodReadyToStartContainers': True
2025-01-29 17:07:49,010 INFO c.h.h.t.HelmChartContainer - [hivemq-test-hivemq-platform] [hivemq-platform-operator] [1420f2b2] 17:07:49.008 [ReconcilerExecutor-hivemq-controller-139] DEBUG c.h.p.o.h.HiveMQPlatformReconcilerErrorHandler - [helmroll] Pod 'test-hivemq-platform-0' condition 'Initialized': True
2025-01-29 17:07:49,010 INFO c.h.h.t.HelmChartContainer - [hivemq-test-hivemq-platform] [hivemq-platform-operator] [1420f2b2] 17:07:49.008 [ReconcilerExecutor-hivemq-controller-139] DEBUG c.h.p.o.h.HiveMQPlatformReconcilerErrorHandler - [helmroll] Pod 'test-hivemq-platform-0' condition 'Ready': False
2025-01-29 17:07:49,014 INFO c.h.h.t.HelmChartContainer - [hivemq-test-hivemq-platform] [hivemq-platform-operator] [1420f2b2] 17:07:49.008 [ReconcilerExecutor-hivemq-controller-139] DEBUG c.h.p.o.h.HiveMQPlatformReconcilerErrorHandler - [helmroll] Pod 'test-hivemq-platform-0' condition 'ContainersReady': False
2025-01-29 17:07:49,014 INFO c.h.h.t.HelmChartContainer - [hivemq-test-hivemq-platform] [hivemq-platform-operator] [1420f2b2] 17:07:49.008 [ReconcilerExecutor-hivemq-controller-139] DEBUG c.h.p.o.h.HiveMQPlatformReconcilerErrorHandler - [helmroll] Pod 'test-hivemq-platform-0' condition 'PodScheduled': True
2025-01-29 17:07:49,014 INFO c.h.h.t.HelmChartContainer - [hivemq-test-hivemq-platform] [hivemq-platform-operator] [1420f2b2] 17:07:49.008 [ReconcilerExecutor-hivemq-controller-139] DEBUG c.h.p.o.h.HiveMQPlatformReconcilerErrorHandler - [helmroll] Pod 'test-hivemq-platform-0' containerStatus 'hivemq' (started: false) (ready: false) (waiting: [PodInitializing] null)
2025-01-29 17:07:49,014 INFO c.h.h.t.HelmChartContainer - [hivemq-test-hivemq-platform] [hivemq-platform-operator] [1420f2b2] 17:07:49.009 [ReconcilerExecutor-hivemq-controller-139] DEBUG c.h.p.o.h.HiveMQPlatformReconcilerRollingRestartHandler - [helmroll] Rolling restart is waiting for 1 of 2 replicas
2025-01-29 17:07:49,361 INFO c.h.h.t.HelmChartContainer - [K3S] [kubelet_volumes.go:163] "Cleaned up orphaned pod volumes dir" podUID="db0cd3b9-0a38-4516-83e1-3ca6931561c4" path="/var/lib/kubelet/pods/db0cd3b9-0a38-4516-83e1-3ca6931561c4/volumes"
2025-01-29 17:07:49,996 INFO c.h.h.t.HelmChartContainer - [POD] test-hivemq-platform-0 [0922ffcb-b251-4af9-96a3-e0daf1fbbdfb] in helmrollingupgradeplatformit was MODIFIED
2025-01-29 17:07:49,997 INFO c.h.h.t.HelmChartContainer - [hivemq-test-hivemq-platform] [hivemq-platform-operator] [1420f2b2] 17:07:49.992 [pool-6-thread-28] DEBUG c.h.p.o.d.PlatformServiceResource - [helmroll] Desired Platform services (3 services)
2025-01-29 17:07:49,997 INFO c.h.h.t.HelmChartContainer - [hivemq-test-hivemq-platform] [hivemq-platform-operator] [1420f2b2] 17:07:49.993 [pool-6-thread-22] DEBUG c.h.p.o.dependants.PodInfoConfigMap - [helmroll] Desired PodInfo ConfigMap (1 extensions) (1 enabled)
2025-01-29 17:07:49,997 INFO c.h.h.t.HelmChartContainer - [hivemq-test-hivemq-platform] [hivemq-platform-operator] [1420f2b2] 17:07:49.993 [pool-6-thread-22] DEBUG c.h.p.o.dependants.PodInfoConfigMap - [helmroll] Desired PodInfo ConfigMap (metrics port: 9399) (metrics path: /)
2025-01-29 17:07:49,997 INFO c.h.h.t.HelmChartContainer - [hivemq-test-hivemq-platform] [hivemq-platform-operator] [1420f2b2] 17:07:49.993 [pool-6-thread-22] DEBUG c.h.p.o.dependants.PodInfoConfigMap - [helmroll] Desired PodInfo ConfigMap (extension state hash: -1817474005)
2025-01-29 17:07:49,997 INFO c.h.h.t.HelmChartContainer - [hivemq-test-hivemq-platform] [hivemq-platform-operator] [1420f2b2] 17:07:49.994 [pool-6-thread-26] DEBUG c.h.p.o.d.PodServiceAccountResource - [helmroll] Desired PodServiceAccountResource (serviceAccountName: hivemq-platform-pod-test-hivemq-platform)
2025-01-29 17:07:50,000 INFO c.h.h.t.HelmChartContainer - [hivemq-test-hivemq-platform] [hivemq-platform-operator] [1420f2b2] 17:07:49.998 [pool-6-thread-25] DEBUG c.h.p.o.d.StatefulSetResource - [helmroll] Desired StatefulSet (2 replicas) for status ROLLING_RESTART (RESTART_PODS_IN_PROGRESS)
2025-01-29 17:07:50,009 INFO c.h.h.t.HelmChartContainer - [hivemq-test-hivemq-platform] [hivemq-platform-operator] [1420f2b2] 17:07:50.004 [ReconcilerExecutor-hivemq-controller-140] INFO  c.h.p.o.HiveMQPlatformReconciler - [helmroll] Reconciling HiveMQ Platform 'test-hivemq-platform' in namespace 'helmrollingupgradeplatformit'
2025-01-29 17:07:50,009 INFO c.h.h.t.HelmChartContainer - Started log watcher for hivemq in pod test-hivemq-platform-0 [0922ffcb-b251-4af9-96a3-e0daf1fbbdfb]
2025-01-29 17:07:50,010 INFO c.h.h.t.HelmChartContainer - [test-hivemq-platform] [hivemq] [0922ffcb] Adding pre-installed HiveMQ Platform Operator extensions
2025-01-29 17:07:50,010 INFO c.h.h.t.HelmChartContainer - [test-hivemq-platform] [hivemq] [0922ffcb] Running as user 10000
2025-01-29 17:07:50,010 INFO c.h.h.t.HelmChartContainer - [test-hivemq-platform] [hivemq] [0922ffcb] Starting HiveMQ Platform Operator Init
2025-01-29 17:07:50,010 INFO c.h.h.t.HelmChartContainer - [EVENT] Normal [Started] Started container hivemq [helmrollingupgradeplatformit:test-hivemq-platform-0]
2025-01-29 17:07:50,010 INFO c.h.h.t.HelmChartContainer - Received Started event for container hivemq in pod test-hivemq-platform-0 [0922ffcb-b251-4af9-96a3-e0daf1fbbdfb]
2025-01-29 17:07:50,013 INFO c.h.h.t.HelmChartContainer - [hivemq-test-hivemq-platform] [hivemq-platform-operator] [1420f2b2] 17:07:50.004 [ReconcilerExecutor-hivemq-controller-140] DEBUG c.h.p.o.HiveMQPlatformReconciler - [helmroll] Custom Resource Status ROLLING_RESTART - HiveMQ Platform is restarting Pods (rolling restart) (RESTART_PODS_IN_PROGRESS)
2025-01-29 17:07:50,013 INFO c.h.h.t.HelmChartContainer - [hivemq-test-hivemq-platform] [hivemq-platform-operator] [1420f2b2] 17:07:50.004 [ReconcilerExecutor-hivemq-controller-140] DEBUG c.h.p.o.HiveMQPlatformReconciler - [helmroll] Custom Resource Spec (replicas: 1) (extensions: 1)
2025-01-29 17:07:50,013 INFO c.h.h.t.HelmChartContainer - [hivemq-test-hivemq-platform] [hivemq-platform-operator] [1420f2b2] 17:07:50.005 [ReconcilerExecutor-hivemq-controller-140] DEBUG c.h.p.o.HiveMQPlatformReconciler - [helmroll] StatefulSet Status (revision: test-hivemq-platform-945c6dcb4, replicas: 2, available: 1, ready: 1, current: 0, updated: 2)
2025-01-29 17:07:50,013 INFO c.h.h.t.HelmChartContainer - [hivemq-test-hivemq-platform] [hivemq-platform-operator] [1420f2b2] 17:07:50.005 [ReconcilerExecutor-hivemq-controller-140] DEBUG c.h.p.o.HiveMQPlatformReconciler - [helmroll] StatefulSet Spec (replicas: 2, init containers: 1, containers: 1, volumes: 3)
2025-01-29 17:07:50,013 INFO c.h.h.t.HelmChartContainer - [hivemq-test-hivemq-platform] [hivemq-platform-operator] [1420f2b2] 17:07:50.006 [ReconcilerExecutor-hivemq-controller-140] DEBUG c.h.p.o.h.HiveMQPlatformReconcilerErrorHandler - [helmroll] Pod 'test-hivemq-platform-1' phase Running
2025-01-29 17:07:50,014 INFO c.h.h.t.HelmChartContainer - [hivemq-test-hivemq-platform] [hivemq-platform-operator] [1420f2b2] 17:07:50.010 [ReconcilerExecutor-hivemq-controller-140] DEBUG c.h.p.o.h.HiveMQPlatformReconcilerErrorHandler - [helmroll] Pod 'test-hivemq-platform-0' phase Running
2025-01-29 17:07:50,014 INFO c.h.h.t.HelmChartContainer - [hivemq-test-hivemq-platform] [hivemq-platform-operator] [1420f2b2] 17:07:50.011 [ReconcilerExecutor-hivemq-controller-140] DEBUG c.h.p.o.h.HiveMQPlatformReconcilerRollingRestartHandler - [helmroll] Rolling restart is waiting for 1 of 2 replicas
2025-01-29 17:07:50,277 INFO c.h.h.t.HelmChartContainer - [test-hivemq-platform] [hivemq] [0922ffcb] INFO  - [HiveMQ Platform Operator Init 1.7.0-SNAPSHOT] HiveMQ Platform Operator Init 1.7.0-SNAPSHOT (commit: 8465ebf on branch: HEAD) built on Wed Jan 29 16:56:31 UTC 2025
2025-01-29 17:07:51,486 INFO c.h.h.t.HelmChartContainer - [test-hivemq-platform] [hivemq] [0922ffcb] INFO  - [HiveMQ Platform Operator Init App 1.7.0-SNAPSHOT] Using bind address 10.42.0.12 from environment variable
2025-01-29 17:07:52,464 INFO c.h.h.t.HelmChartContainer - [test-hivemq-platform] [hivemq] [0922ffcb] INFO  - [HiveMQ Platform Operator Init App 1.7.0-SNAPSHOT] HiveMQ Platform Operator Init App 1.7.0-SNAPSHOT (commit: 8465ebf on branch: HEAD) built on Wed Jan 29 16:56:31 UTC 2025
2025-01-29 17:07:52,464 INFO c.h.h.t.HelmChartContainer - [test-hivemq-platform] [hivemq] [0922ffcb] INFO  - [HiveMQ Platform Operator Init App 1.7.0-SNAPSHOT] PodInfo ConfigMap directory: /etc/podinfo
2025-01-29 17:07:52,464 INFO c.h.h.t.HelmChartContainer - [test-hivemq-platform] [hivemq] [0922ffcb] INFO  - [HiveMQ Platform Operator Init App 1.7.0-SNAPSHOT] HiveMQ home directory: /opt/hivemq
2025-01-29 17:07:52,464 INFO c.h.h.t.HelmChartContainer - [test-hivemq-platform] [hivemq] [0922ffcb] INFO  - [HiveMQ Platform Operator Init App 1.7.0-SNAPSHOT] HiveMQ Logback folder: /opt/hivemq/conf
2025-01-29 17:07:52,464 INFO c.h.h.t.HelmChartContainer - [test-hivemq-platform] [hivemq] [0922ffcb] INFO  - [HiveMQ Platform Operator Init App 1.7.0-SNAPSHOT] HiveMQ Config folder: /opt/hivemq/conf-k8s
2025-01-29 17:07:52,465 INFO c.h.h.t.HelmChartContainer - [test-hivemq-platform] [hivemq] [0922ffcb] INFO  - [HiveMQ Platform Operator Init App 1.7.0-SNAPSHOT] Starting HiveMQ Platform Operator Init App
2025-01-29 17:07:52,466 INFO c.h.h.t.HelmChartContainer - [test-hivemq-platform] [hivemq] [0922ffcb] INFO  - [HiveMQ Platform Operator Init App 1.7.0-SNAPSHOT] Starting Pod reconciler
2025-01-29 17:07:53,770 INFO c.h.h.t.HelmChartContainer - [test-hivemq-platform] [hivemq] [0922ffcb] INFO  - [HiveMQ Platform Operator Init App 1.7.0-SNAPSHOT] Pod reconciler is scheduled (interval: 5000 ms)
2025-01-29 17:07:53,771 INFO c.h.h.t.HelmChartContainer - [test-hivemq-platform] [hivemq] [0922ffcb] INFO  - [HiveMQ Platform Operator Init App 1.7.0-SNAPSHOT] Starting the REST API on 10.42.0.12:7979
2025-01-29 17:07:53,773 INFO c.h.h.t.HelmChartContainer - [test-hivemq-platform] [hivemq] [0922ffcb] INFO  - [HiveMQ Platform Operator Init App 1.7.0-SNAPSHOT] Waiting up to 600s for at most 2 HiveMQ nodes in cluster service hivemq-test-hivemq-platform-cluster.helmrollingupgradeplatformit.svc
2025-01-29 17:07:54,087 INFO c.h.h.t.HelmChartContainer - [test-hivemq-platform] [hivemq] [0922ffcb] INFO  - [HiveMQ Platform Operator Init App 1.7.0-SNAPSHOT] Resolved 2 IP addresses: [10.42.0.11, 10.42.0.12]
2025-01-29 17:07:54,087 INFO c.h.h.t.HelmChartContainer - [test-hivemq-platform] [hivemq] [0922ffcb] INFO  - [HiveMQ Platform Operator Init App 1.7.0-SNAPSHOT] HiveMQ node count of 2 is within threshold of 2
2025-01-29 17:07:54,087 INFO c.h.h.t.HelmChartContainer - [test-hivemq-platform] [hivemq] [0922ffcb] INFO  - [HiveMQ Platform Operator Init App 1.7.0-SNAPSHOT] Waiting 15s for previous shutdown replication to finish...
2025-01-29 17:07:55,979 INFO c.h.h.t.HelmChartContainer - [test-hivemq-platform] [hivemq] [0922ffcb] INFO  - [HiveMQ Platform Operator Init App 1.7.0-SNAPSHOT] Returning default Health API response 503 for readiness
2025-01-29 17:07:56,075 INFO c.h.h.t.HelmChartContainer - [EVENT] Warning [Unhealthy] Readiness probe failed: HTTP probe failed with statuscode: 503 [helmrollingupgradeplatformit:test-hivemq-platform-0]
2025-01-29 17:07:56,075 INFO c.h.h.t.HelmChartContainer - Received Unhealthy event for container hivemq in pod test-hivemq-platform-0 [0922ffcb-b251-4af9-96a3-e0daf1fbbdfb]
2025-01-29 17:08:00,017 INFO c.h.h.t.HelmChartContainer - [hivemq-test-hivemq-platform] [hivemq-platform-operator] [1420f2b2] 17:08:00.014 [pool-6-thread-38] DEBUG c.h.p.o.d.PlatformServiceResource - [helmroll] Desired Platform services (3 services)
2025-01-29 17:08:00,017 INFO c.h.h.t.HelmChartContainer - [hivemq-test-hivemq-platform] [hivemq-platform-operator] [1420f2b2] 17:08:00.014 [pool-6-thread-35] DEBUG c.h.p.o.dependants.PodInfoConfigMap - [helmroll] Desired PodInfo ConfigMap (1 extensions) (1 enabled)
2025-01-29 17:08:00,017 INFO c.h.h.t.HelmChartContainer - [hivemq-test-hivemq-platform] [hivemq-platform-operator] [1420f2b2] 17:08:00.014 [pool-6-thread-35] DEBUG c.h.p.o.dependants.PodInfoConfigMap - [helmroll] Desired PodInfo ConfigMap (metrics port: 9399) (metrics path: /)
2025-01-29 17:08:00,017 INFO c.h.h.t.HelmChartContainer - [hivemq-test-hivemq-platform] [hivemq-platform-operator] [1420f2b2] 17:08:00.014 [pool-6-thread-35] DEBUG c.h.p.o.dependants.PodInfoConfigMap - [helmroll] Desired PodInfo ConfigMap (extension state hash: -1817474005)
2025-01-29 17:08:00,018 INFO c.h.h.t.HelmChartContainer - [hivemq-test-hivemq-platform] [hivemq-platform-operator] [1420f2b2] 17:08:00.015 [pool-6-thread-37] DEBUG c.h.p.o.d.PodServiceAccountResource - [helmroll] Desired PodServiceAccountResource (serviceAccountName: hivemq-platform-pod-test-hivemq-platform)
2025-01-29 17:08:00,021 INFO c.h.h.t.HelmChartContainer - [hivemq-test-hivemq-platform] [hivemq-platform-operator] [1420f2b2] 17:08:00.020 [pool-6-thread-34] DEBUG c.h.p.o.d.StatefulSetResource - [helmroll] Desired StatefulSet (2 replicas) for status ROLLING_RESTART (RESTART_PODS_IN_PROGRESS)
2025-01-29 17:08:00,024 INFO c.h.h.t.HelmChartContainer - [hivemq-test-hivemq-platform] [hivemq-platform-operator] [1420f2b2] 17:08:00.023 [ReconcilerExecutor-hivemq-controller-141] INFO  c.h.p.o.HiveMQPlatformReconciler - [helmroll] Reconciling HiveMQ Platform 'test-hivemq-platform' in namespace 'helmrollingupgradeplatformit'
2025-01-29 17:08:00,025 INFO c.h.h.t.HelmChartContainer - [hivemq-test-hivemq-platform] [hivemq-platform-operator] [1420f2b2] 17:08:00.023 [ReconcilerExecutor-hivemq-controller-141] DEBUG c.h.p.o.HiveMQPlatformReconciler - [helmroll] Custom Resource Status ROLLING_RESTART - HiveMQ Platform is restarting Pods (rolling restart) (RESTART_PODS_IN_PROGRESS)
2025-01-29 17:08:00,025 INFO c.h.h.t.HelmChartContainer - [hivemq-test-hivemq-platform] [hivemq-platform-operator] [1420f2b2] 17:08:00.023 [ReconcilerExecutor-hivemq-controller-141] DEBUG c.h.p.o.HiveMQPlatformReconciler - [helmroll] Custom Resource Spec (replicas: 1) (extensions: 1)
2025-01-29 17:08:00,025 INFO c.h.h.t.HelmChartContainer - [hivemq-test-hivemq-platform] [hivemq-platform-operator] [1420f2b2] 17:08:00.024 [ReconcilerExecutor-hivemq-controller-141] DEBUG c.h.p.o.HiveMQPlatformReconciler - [helmroll] StatefulSet Status (revision: test-hivemq-platform-945c6dcb4, replicas: 2, available: 1, ready: 1, current: 0, updated: 2)
2025-01-29 17:08:00,025 INFO c.h.h.t.HelmChartContainer - [hivemq-test-hivemq-platform] [hivemq-platform-operator] [1420f2b2] 17:08:00.024 [ReconcilerExecutor-hivemq-controller-141] DEBUG c.h.p.o.HiveMQPlatformReconciler - [helmroll] StatefulSet Spec (replicas: 2, init containers: 1, containers: 1, volumes: 3)
2025-01-29 17:08:00,027 INFO c.h.h.t.HelmChartContainer - [hivemq-test-hivemq-platform] [hivemq-platform-operator] [1420f2b2] 17:08:00.026 [ReconcilerExecutor-hivemq-controller-141] DEBUG c.h.p.o.h.HiveMQPlatformReconcilerErrorHandler - [helmroll] Pod 'test-hivemq-platform-1' phase Running
2025-01-29 17:08:00,027 INFO c.h.h.t.HelmChartContainer - [hivemq-test-hivemq-platform] [hivemq-platform-operator] [1420f2b2] 17:08:00.027 [ReconcilerExecutor-hivemq-controller-141] DEBUG c.h.p.o.h.HiveMQPlatformReconcilerErrorHandler - [helmroll] Pod 'test-hivemq-platform-0' phase Running
2025-01-29 17:08:00,028 INFO c.h.h.t.HelmChartContainer - [hivemq-test-hivemq-platform] [hivemq-platform-operator] [1420f2b2] 17:08:00.027 [ReconcilerExecutor-hivemq-controller-141] DEBUG c.h.p.o.h.HiveMQPlatformReconcilerRollingRestartHandler - [helmroll] Rolling restart is waiting for 1 of 2 replicas
2025-01-29 17:08:00,979 INFO c.h.h.t.HelmChartContainer - [EVENT] Warning [Unhealthy] Readiness probe failed: HTTP probe failed with statuscode: 503 [helmrollingupgradeplatformit:test-hivemq-platform-0]
2025-01-29 17:08:00,979 INFO c.h.h.t.HelmChartContainer - Received Unhealthy event for container hivemq in pod test-hivemq-platform-0 [0922ffcb-b251-4af9-96a3-e0daf1fbbdfb]
2025-01-29 17:08:01,267 INFO c.h.h.t.HelmChartContainer - [test-hivemq-platform] [hivemq] [0922ffcb] INFO  - [HiveMQ Platform Operator Init App 1.7.0-SNAPSHOT] Updating Pod HiveMQ Platform Operator Init App version annotation (version: 1.7.0-SNAPSHOT)
2025-01-29 17:08:01,584 INFO c.h.h.t.HelmChartContainer - [POD] test-hivemq-platform-0 [0922ffcb-b251-4af9-96a3-e0daf1fbbdfb] in helmrollingupgradeplatformit was MODIFIED
2025-01-29 17:08:01,587 INFO c.h.h.t.HelmChartContainer - [test-hivemq-platform] [hivemq] [0922ffcb] INFO  - [HiveMQ Platform Operator Init App 1.7.0-SNAPSHOT] Successfully updated Pod HiveMQ Platform Operator Init App version annotation (version: 1.7.0-SNAPSHOT)
2025-01-29 17:08:01,588 INFO c.h.h.t.HelmChartContainer - [hivemq-test-hivemq-platform] [hivemq-platform-operator] [1420f2b2] 17:08:01.588 [pool-6-thread-41] DEBUG c.h.p.o.d.PlatformServiceResource - [helmroll] Desired Platform services (3 services)
2025-01-29 17:08:01,590 INFO c.h.h.t.HelmChartContainer - [hivemq-test-hivemq-platform] [hivemq-platform-operator] [1420f2b2] 17:08:01.588 [pool-6-thread-50] DEBUG c.h.p.o.dependants.PodInfoConfigMap - [helmroll] Desired PodInfo ConfigMap (1 extensions) (1 enabled)
2025-01-29 17:08:01,590 INFO c.h.h.t.HelmChartContainer - [hivemq-test-hivemq-platform] [hivemq-platform-operator] [1420f2b2] 17:08:01.588 [pool-6-thread-50] DEBUG c.h.p.o.dependants.PodInfoConfigMap - [helmroll] Desired PodInfo ConfigMap (metrics port: 9399) (metrics path: /)
2025-01-29 17:08:01,590 INFO c.h.h.t.HelmChartContainer - [hivemq-test-hivemq-platform] [hivemq-platform-operator] [1420f2b2] 17:08:01.588 [pool-6-thread-50] DEBUG c.h.p.o.dependants.PodInfoConfigMap - [helmroll] Desired PodInfo ConfigMap (extension state hash: -1817474005)
2025-01-29 17:08:01,590 INFO c.h.h.t.HelmChartContainer - [hivemq-test-hivemq-platform] [hivemq-platform-operator] [1420f2b2] 17:08:01.588 [pool-6-thread-49] DEBUG c.h.p.o.d.PodServiceAccountResource - [helmroll] Desired PodServiceAccountResource (serviceAccountName: hivemq-platform-pod-test-hivemq-platform)
2025-01-29 17:08:01,593 INFO c.h.h.t.HelmChartContainer - [hivemq-test-hivemq-platform] [hivemq-platform-operator] [1420f2b2] 17:08:01.593 [pool-6-thread-41] DEBUG c.h.p.o.d.StatefulSetResource - [helmroll] Desired StatefulSet (2 replicas) for status ROLLING_RESTART (RESTART_PODS_IN_PROGRESS)
2025-01-29 17:08:01,598 INFO c.h.h.t.HelmChartContainer - [hivemq-test-hivemq-platform] [hivemq-platform-operator] [1420f2b2] 17:08:01.597 [ReconcilerExecutor-hivemq-controller-142] INFO  c.h.p.o.HiveMQPlatformReconciler - [helmroll] Reconciling HiveMQ Platform 'test-hivemq-platform' in namespace 'helmrollingupgradeplatformit'
2025-01-29 17:08:01,599 INFO c.h.h.t.HelmChartContainer - [hivemq-test-hivemq-platform] [hivemq-platform-operator] [1420f2b2] 17:08:01.597 [ReconcilerExecutor-hivemq-controller-142] DEBUG c.h.p.o.HiveMQPlatformReconciler - [helmroll] Custom Resource Status ROLLING_RESTART - HiveMQ Platform is restarting Pods (rolling restart) (RESTART_PODS_IN_PROGRESS)
2025-01-29 17:08:01,599 INFO c.h.h.t.HelmChartContainer - [hivemq-test-hivemq-platform] [hivemq-platform-operator] [1420f2b2] 17:08:01.598 [ReconcilerExecutor-hivemq-controller-142] DEBUG c.h.p.o.HiveMQPlatformReconciler - [helmroll] Custom Resource Spec (replicas: 1) (extensions: 1)
2025-01-29 17:08:01,600 INFO c.h.h.t.HelmChartContainer - [hivemq-test-hivemq-platform] [hivemq-platform-operator] [1420f2b2] 17:08:01.599 [ReconcilerExecutor-hivemq-controller-142] DEBUG c.h.p.o.HiveMQPlatformReconciler - [helmroll] StatefulSet Status (revision: test-hivemq-platform-945c6dcb4, replicas: 2, available: 1, ready: 1, current: 0, updated: 2)
2025-01-29 17:08:01,600 INFO c.h.h.t.HelmChartContainer - [hivemq-test-hivemq-platform] [hivemq-platform-operator] [1420f2b2] 17:08:01.599 [ReconcilerExecutor-hivemq-controller-142] DEBUG c.h.p.o.HiveMQPlatformReconciler - [helmroll] StatefulSet Spec (replicas: 2, init containers: 1, containers: 1, volumes: 3)
2025-01-29 17:08:01,601 INFO c.h.h.t.HelmChartContainer - [hivemq-test-hivemq-platform] [hivemq-platform-operator] [1420f2b2] 17:08:01.601 [ReconcilerExecutor-hivemq-controller-142] DEBUG c.h.p.o.h.HiveMQPlatformReconcilerErrorHandler - [helmroll] Pod 'test-hivemq-platform-1' phase Running
2025-01-29 17:08:01,604 INFO c.h.h.t.HelmChartContainer - [hivemq-test-hivemq-platform] [hivemq-platform-operator] [1420f2b2] 17:08:01.603 [ReconcilerExecutor-hivemq-controller-142] DEBUG c.h.p.o.h.HiveMQPlatformReconcilerErrorHandler - [helmroll] Pod 'test-hivemq-platform-0' phase Running
2025-01-29 17:08:01,605 INFO c.h.h.t.HelmChartContainer - [hivemq-test-hivemq-platform] [hivemq-platform-operator] [1420f2b2] 17:08:01.604 [ReconcilerExecutor-hivemq-controller-142] DEBUG c.h.p.o.h.HiveMQPlatformReconcilerRollingRestartHandler - [helmroll] Rolling restart is waiting for 1 of 2 replicas
2025-01-29 17:08:01,668 INFO c.h.h.t.HelmChartContainer - [EVENT] Warning [Unhealthy] Readiness probe failed: HTTP probe failed with statuscode: 503 [helmrollingupgradeplatformit:test-hivemq-platform-0]
2025-01-29 17:08:01,668 INFO c.h.h.t.HelmChartContainer - Received Unhealthy event for container hivemq in pod test-hivemq-platform-0 [0922ffcb-b251-4af9-96a3-e0daf1fbbdfb]
2025-01-29 17:08:06,591 INFO c.h.h.t.HelmChartContainer - [EVENT] Warning [Unhealthy] Readiness probe failed: HTTP probe failed with statuscode: 503 [helmrollingupgradeplatformit:test-hivemq-platform-0]
2025-01-29 17:08:06,591 INFO c.h.h.t.HelmChartContainer - Received Unhealthy event for container hivemq in pod test-hivemq-platform-0 [0922ffcb-b251-4af9-96a3-e0daf1fbbdfb]
2025-01-29 17:08:09,087 INFO c.h.h.t.HelmChartContainer - [test-hivemq-platform] [hivemq] [0922ffcb] INFO  - [HiveMQ Platform Operator Init App 1.7.0-SNAPSHOT] Proceeding with container start
2025-01-29 17:08:09,091 INFO c.h.h.t.HelmChartContainer - [test-hivemq-platform] [hivemq] [0922ffcb] INFO  - [HiveMQ Platform Operator Init App 1.7.0-SNAPSHOT] Initializing HiveMQ Platform extensions with initial configuration: {hivemq-allow-all-extension={start-priority=-1, skip-https-hostname-verification=false, restart=true, config-version=0, header-version=0, c-uri=, priority=-1, uri=preinstalled, skip-https-certificate-validation=false, enabled=true}, hivemq-prometheus-extension={priority=-1, start-priority=-1, c-uri=, skip-https-hostname-verification=false, skip-https-certificate-validation=false, uri=preinstalled, request-header-path=no-request-headers, enabled=true, restart=true}}
2025-01-29 17:08:09,483 INFO c.h.h.t.HelmChartContainer - [test-hivemq-platform] [hivemq] [0922ffcb] INFO  - [HiveMQ Platform Operator Init App 1.7.0-SNAPSHOT] Extension hivemq-allow-all-extension was already enabled
2025-01-29 17:08:09,575 INFO c.h.h.t.HelmChartContainer - [test-hivemq-platform] [hivemq] [0922ffcb] INFO  - [HiveMQ Platform Operator Init App 1.7.0-SNAPSHOT] Successfully enabled extension hivemq-prometheus-extension
2025-01-29 17:08:09,576 INFO c.h.h.t.HelmChartContainer - [test-hivemq-platform] [hivemq] [0922ffcb] INFO  - [HiveMQ Platform Operator Init App 1.7.0-SNAPSHOT] Starting HiveMQ Platform version 4.36.0 (4.36.0)
2025-01-29 17:08:09,577 INFO c.h.h.t.HelmChartContainer - [test-hivemq-platform] [hivemq] [0922ffcb] INFO  - [HiveMQ Platform Operator Init App 1.7.0-SNAPSHOT] Configuring the HiveMQ Platform
2025-01-29 17:08:09,665 INFO c.h.h.t.HelmChartContainer - [test-hivemq-platform] [hivemq] [0922ffcb] INFO  - [HiveMQ Platform Operator Init App 1.7.0-SNAPSHOT] Changed logback.xml file scan period to 20 seconds
2025-01-29 17:08:09,678 INFO c.h.h.t.HelmChartContainer - [test-hivemq-platform] [hivemq] [0922ffcb] INFO  - [HiveMQ Platform Operator Init App 1.7.0-SNAPSHOT] Starting the HiveMQ Platform
2025-01-29 17:08:09,766 INFO c.h.h.t.HelmChartContainer - [test-hivemq-platform] [hivemq] [0922ffcb] -------------------------------------------------------------------------
2025-01-29 17:08:09,766 INFO c.h.h.t.HelmChartContainer - [test-hivemq-platform] [hivemq] [0922ffcb] 
2025-01-29 17:08:09,766 INFO c.h.h.t.HelmChartContainer - [test-hivemq-platform] [hivemq] [0922ffcb]                   _    _  _              __  __   ____
2025-01-29 17:08:09,766 INFO c.h.h.t.HelmChartContainer - [test-hivemq-platform] [hivemq] [0922ffcb]                  | |  | |(_)            |  \/  | / __ \
2025-01-29 17:08:09,766 INFO c.h.h.t.HelmChartContainer - [test-hivemq-platform] [hivemq] [0922ffcb]                  | |__| | _ __   __ ___ | \  / || |  | |
2025-01-29 17:08:09,766 INFO c.h.h.t.HelmChartContainer - [test-hivemq-platform] [hivemq] [0922ffcb]                  |  __  || |\ \ / // _ \| |\/| || |  | |
2025-01-29 17:08:09,766 INFO c.h.h.t.HelmChartContainer - [test-hivemq-platform] [hivemq] [0922ffcb]                  | |  | || | \ V /|  __/| |  | || |__| |
2025-01-29 17:08:09,766 INFO c.h.h.t.HelmChartContainer - [test-hivemq-platform] [hivemq] [0922ffcb]                  |_|  |_||_|  \_/  \___||_|  |_| \___\_\
2025-01-29 17:08:09,766 INFO c.h.h.t.HelmChartContainer - [test-hivemq-platform] [hivemq] [0922ffcb] 
2025-01-29 17:08:09,766 INFO c.h.h.t.HelmChartContainer - [test-hivemq-platform] [hivemq] [0922ffcb] -------------------------------------------------------------------------
2025-01-29 17:08:09,767 INFO c.h.h.t.HelmChartContainer - [test-hivemq-platform] [hivemq] [0922ffcb] 
2025-01-29 17:08:09,767 INFO c.h.h.t.HelmChartContainer - [test-hivemq-platform] [hivemq] [0922ffcb]   HiveMQ Start Script for Linux/Unix v1.14
2025-01-29 17:08:09,768 INFO c.h.h.t.HelmChartContainer - [test-hivemq-platform] [hivemq] [0922ffcb] 
2025-01-29 17:08:09,796 INFO c.h.h.t.HelmChartContainer - [test-hivemq-platform] [hivemq] [0922ffcb] -------------------------------------------------------------------------
2025-01-29 17:08:09,796 INFO c.h.h.t.HelmChartContainer - [test-hivemq-platform] [hivemq] [0922ffcb] 
2025-01-29 17:08:09,796 INFO c.h.h.t.HelmChartContainer - [test-hivemq-platform] [hivemq] [0922ffcb]   HIVEMQ_HOME: /opt/hivemq
2025-01-29 17:08:09,796 INFO c.h.h.t.HelmChartContainer - [test-hivemq-platform] [hivemq] [0922ffcb] 
2025-01-29 17:08:09,796 INFO c.h.h.t.HelmChartContainer - [test-hivemq-platform] [hivemq] [0922ffcb]   JAVA_OPTS: -XX:+UnlockExperimentalVMOptions -XX:InitialRAMPercentage=50 -XX:MaxRAMPercentage=50 -Djava.net.preferIPv4Stack=true --add-opens java.base/java.lang=ALL-UNNAMED --add-opens java.base/java.nio=ALL-UNNAMED --add-opens java.base/sun.nio.ch=ALL-UNNAMED --add-opens jdk.management/com.sun.management.internal=ALL-UNNAMED --add-exports java.base/jdk.internal.misc=ALL-UNNAMED -Djava.security.egd=file:/dev/./urandom -Dcom.sun.management.jmxremote -Dcom.sun.management.jmxremote.port=9010 -Dcom.sun.management.jmxremote.local.only=false -Dcom.sun.management.jmxremote.authenticate=false -Dcom.sun.management.jmxremote.ssl=false -Duser.language=en -Duser.region=US -XX:+CrashOnOutOfMemoryError -XX:+HeapDumpOnOutOfMemoryError
2025-01-29 17:08:09,796 INFO c.h.h.t.HelmChartContainer - [test-hivemq-platform] [hivemq] [0922ffcb] 
2025-01-29 17:08:09,796 INFO c.h.h.t.HelmChartContainer - [test-hivemq-platform] [hivemq] [0922ffcb]   JAVA_VERSION: 21
2025-01-29 17:08:09,796 INFO c.h.h.t.HelmChartContainer - [test-hivemq-platform] [hivemq] [0922ffcb] 
2025-01-29 17:08:09,796 INFO c.h.h.t.HelmChartContainer - [test-hivemq-platform] [hivemq] [0922ffcb] -------------------------------------------------------------------------
2025-01-29 17:08:09,796 INFO c.h.h.t.HelmChartContainer - [test-hivemq-platform] [hivemq] [0922ffcb] 
2025-01-29 17:08:11,610 INFO c.h.h.t.HelmChartContainer - [hivemq-test-hivemq-platform] [hivemq-platform-operator] [1420f2b2] 17:08:11.606 [pool-6-thread-2] DEBUG c.h.p.o.d.PlatformServiceResource - [helmroll] Desired Platform services (3 services)
2025-01-29 17:08:11,610 INFO c.h.h.t.HelmChartContainer - [hivemq-test-hivemq-platform] [hivemq-platform-operator] [1420f2b2] 17:08:11.607 [pool-6-thread-1] DEBUG c.h.p.o.d.PodServiceAccountResource - [helmroll] Desired PodServiceAccountResource (serviceAccountName: hivemq-platform-pod-test-hivemq-platform)
2025-01-29 17:08:11,610 INFO c.h.h.t.HelmChartContainer - [hivemq-test-hivemq-platform] [hivemq-platform-operator] [1420f2b2] 17:08:11.608 [pool-6-thread-10] DEBUG c.h.p.o.dependants.PodInfoConfigMap - [helmroll] Desired PodInfo ConfigMap (1 extensions) (1 enabled)
2025-01-29 17:08:11,610 INFO c.h.h.t.HelmChartContainer - [hivemq-test-hivemq-platform] [hivemq-platform-operator] [1420f2b2] 17:08:11.608 [pool-6-thread-10] DEBUG c.h.p.o.dependants.PodInfoConfigMap - [helmroll] Desired PodInfo ConfigMap (metrics port: 9399) (metrics path: /)
2025-01-29 17:08:11,610 INFO c.h.h.t.HelmChartContainer - [hivemq-test-hivemq-platform] [hivemq-platform-operator] [1420f2b2] 17:08:11.608 [pool-6-thread-10] DEBUG c.h.p.o.dependants.PodInfoConfigMap - [helmroll] Desired PodInfo ConfigMap (extension state hash: -1817474005)
2025-01-29 17:08:11,612 INFO c.h.h.t.HelmChartContainer - [hivemq-test-hivemq-platform] [hivemq-platform-operator] [1420f2b2] 17:08:11.610 [pool-6-thread-2] DEBUG c.h.p.o.d.StatefulSetResource - [helmroll] Desired StatefulSet (2 replicas) for status ROLLING_RESTART (RESTART_PODS_IN_PROGRESS)
2025-01-29 17:08:11,613 INFO c.h.h.t.HelmChartContainer - [hivemq-test-hivemq-platform] [hivemq-platform-operator] [1420f2b2] 17:08:11.612 [ReconcilerExecutor-hivemq-controller-143] INFO  c.h.p.o.HiveMQPlatformReconciler - [helmroll] Reconciling HiveMQ Platform 'test-hivemq-platform' in namespace 'helmrollingupgradeplatformit'
2025-01-29 17:08:11,614 INFO c.h.h.t.HelmChartContainer - [hivemq-test-hivemq-platform] [hivemq-platform-operator] [1420f2b2] 17:08:11.612 [ReconcilerExecutor-hivemq-controller-143] DEBUG c.h.p.o.HiveMQPlatformReconciler - [helmroll] Custom Resource Status ROLLING_RESTART - HiveMQ Platform is restarting Pods (rolling restart) (RESTART_PODS_IN_PROGRESS)
2025-01-29 17:08:11,614 INFO c.h.h.t.HelmChartContainer - [hivemq-test-hivemq-platform] [hivemq-platform-operator] [1420f2b2] 17:08:11.612 [ReconcilerExecutor-hivemq-controller-143] DEBUG c.h.p.o.HiveMQPlatformReconciler - [helmroll] Custom Resource Spec (replicas: 1) (extensions: 1)
2025-01-29 17:08:11,614 INFO c.h.h.t.HelmChartContainer - [hivemq-test-hivemq-platform] [hivemq-platform-operator] [1420f2b2] 17:08:11.613 [ReconcilerExecutor-hivemq-controller-143] DEBUG c.h.p.o.HiveMQPlatformReconciler - [helmroll] StatefulSet Status (revision: test-hivemq-platform-945c6dcb4, replicas: 2, available: 1, ready: 1, current: 0, updated: 2)
2025-01-29 17:08:11,614 INFO c.h.h.t.HelmChartContainer - [hivemq-test-hivemq-platform] [hivemq-platform-operator] [1420f2b2] 17:08:11.613 [ReconcilerExecutor-hivemq-controller-143] DEBUG c.h.p.o.HiveMQPlatformReconciler - [helmroll] StatefulSet Spec (replicas: 2, init containers: 1, containers: 1, volumes: 3)
2025-01-29 17:08:11,615 INFO c.h.h.t.HelmChartContainer - [hivemq-test-hivemq-platform] [hivemq-platform-operator] [1420f2b2] 17:08:11.614 [ReconcilerExecutor-hivemq-controller-143] DEBUG c.h.p.o.h.HiveMQPlatformReconcilerErrorHandler - [helmroll] Pod 'test-hivemq-platform-1' phase Running
2025-01-29 17:08:11,616 INFO c.h.h.t.HelmChartContainer - [hivemq-test-hivemq-platform] [hivemq-platform-operator] [1420f2b2] 17:08:11.615 [ReconcilerExecutor-hivemq-controller-143] DEBUG c.h.p.o.h.HiveMQPlatformReconcilerErrorHandler - [helmroll] Pod 'test-hivemq-platform-0' phase Running
2025-01-29 17:08:11,616 INFO c.h.h.t.HelmChartContainer - [hivemq-test-hivemq-platform] [hivemq-platform-operator] [1420f2b2] 17:08:11.615 [ReconcilerExecutor-hivemq-controller-143] DEBUG c.h.p.o.h.HiveMQPlatformReconcilerRollingRestartHandler - [helmroll] Rolling restart is waiting for 1 of 2 replicas
2025-01-29 17:08:11,676 INFO c.h.h.t.HelmChartContainer - [EVENT] Warning [Unhealthy] Readiness probe failed: HTTP probe failed with statuscode: 503 [helmrollingupgradeplatformit:test-hivemq-platform-0]
2025-01-29 17:08:11,676 INFO c.h.h.t.HelmChartContainer - Received Unhealthy event for container hivemq in pod test-hivemq-platform-0 [0922ffcb-b251-4af9-96a3-e0daf1fbbdfb]
2025-01-29 17:08:12,380 INFO c.h.h.t.HelmChartContainer - [test-hivemq-platform] [hivemq] [0922ffcb] INFO  - Starting HiveMQ Enterprise Server
2025-01-29 17:08:12,384 INFO c.h.h.t.HelmChartContainer - [test-hivemq-platform] [hivemq] [0922ffcb] INFO  - HiveMQ version: 4.36.0
2025-01-29 17:08:12,463 INFO c.h.h.t.HelmChartContainer - [test-hivemq-platform] [hivemq] [0922ffcb] INFO  - HiveMQ home directory: /opt/hivemq
2025-01-29 17:08:12,463 INFO c.h.h.t.HelmChartContainer - [test-hivemq-platform] [hivemq] [0922ffcb] INFO  - Log Configuration was overridden by /opt/hivemq/conf/logback.xml
2025-01-29 17:08:13,668 INFO c.h.h.t.HelmChartContainer - [test-hivemq-platform] [hivemq] [0922ffcb] INFO  - Successfully loaded configuration from '/opt/hivemq/conf-k8s/config.xml'.
2025-01-29 17:08:14,068 INFO c.h.h.t.HelmChartContainer - [test-hivemq-platform] [hivemq] [0922ffcb] INFO  - This node's ID is osugS
2025-01-29 17:08:14,068 INFO c.h.h.t.HelmChartContainer - [test-hivemq-platform] [hivemq] [0922ffcb] INFO  - Clustering is enabled
2025-01-29 17:08:16,870 INFO c.h.h.t.HelmChartContainer - [test-hivemq-platform] [hivemq] [0922ffcb] WARN  - [HiveMQ Platform Operator Init App 1.7.0-SNAPSHOT] Cannot connect to Health API for readiness: null
2025-01-29 17:08:16,878 INFO c.h.h.t.HelmChartContainer - [EVENT] Warning [Unhealthy] Readiness probe failed: HTTP probe failed with statuscode: 503 [helmrollingupgradeplatformit:test-hivemq-platform-0]
2025-01-29 17:08:16,878 INFO c.h.h.t.HelmChartContainer - Received Unhealthy event for container hivemq in pod test-hivemq-platform-0 [0922ffcb-b251-4af9-96a3-e0daf1fbbdfb]
2025-01-29 17:08:18,666 INFO c.h.h.t.HelmChartContainer - [test-hivemq-platform] [hivemq] [0922ffcb] WARN  - [HiveMQ Platform Operator Init App 1.7.0-SNAPSHOT] Cannot connect to Health API for liveness: null
2025-01-29 17:08:18,666 INFO c.h.h.t.HelmChartContainer - [test-hivemq-platform] [hivemq] [0922ffcb] INFO  - [HiveMQ Platform Operator Init App 1.7.0-SNAPSHOT] Returning default Health API response 200 for liveness
2025-01-29 17:08:21,620 INFO c.h.h.t.HelmChartContainer - [hivemq-test-hivemq-platform] [hivemq-platform-operator] [1420f2b2] 17:08:21.618 [pool-6-thread-16] DEBUG c.h.p.o.d.PlatformServiceResource - [helmroll] Desired Platform services (3 services)
2025-01-29 17:08:21,622 INFO c.h.h.t.HelmChartContainer - [hivemq-test-hivemq-platform] [hivemq-platform-operator] [1420f2b2] 17:08:21.618 [pool-6-thread-13] DEBUG c.h.p.o.d.PodServiceAccountResource - [helmroll] Desired PodServiceAccountResource (serviceAccountName: hivemq-platform-pod-test-hivemq-platform)
2025-01-29 17:08:21,623 INFO c.h.h.t.HelmChartContainer - [hivemq-test-hivemq-platform] [hivemq-platform-operator] [1420f2b2] 17:08:21.620 [pool-6-thread-20] DEBUG c.h.p.o.dependants.PodInfoConfigMap - [helmroll] Desired PodInfo ConfigMap (1 extensions) (1 enabled)
2025-01-29 17:08:21,623 INFO c.h.h.t.HelmChartContainer - [hivemq-test-hivemq-platform] [hivemq-platform-operator] [1420f2b2] 17:08:21.620 [pool-6-thread-20] DEBUG c.h.p.o.dependants.PodInfoConfigMap - [helmroll] Desired PodInfo ConfigMap (metrics port: 9399) (metrics path: /)
2025-01-29 17:08:21,623 INFO c.h.h.t.HelmChartContainer - [hivemq-test-hivemq-platform] [hivemq-platform-operator] [1420f2b2] 17:08:21.620 [pool-6-thread-20] DEBUG c.h.p.o.dependants.PodInfoConfigMap - [helmroll] Desired PodInfo ConfigMap (extension state hash: -1817474005)
2025-01-29 17:08:21,624 INFO c.h.h.t.HelmChartContainer - [hivemq-test-hivemq-platform] [hivemq-platform-operator] [1420f2b2] 17:08:21.623 [pool-6-thread-20] DEBUG c.h.p.o.d.StatefulSetResource - [helmroll] Desired StatefulSet (2 replicas) for status ROLLING_RESTART (RESTART_PODS_IN_PROGRESS)
2025-01-29 17:08:21,626 INFO c.h.h.t.HelmChartContainer - [hivemq-test-hivemq-platform] [hivemq-platform-operator] [1420f2b2] 17:08:21.626 [ReconcilerExecutor-hivemq-controller-144] INFO  c.h.p.o.HiveMQPlatformReconciler - [helmroll] Reconciling HiveMQ Platform 'test-hivemq-platform' in namespace 'helmrollingupgradeplatformit'
2025-01-29 17:08:21,628 INFO c.h.h.t.HelmChartContainer - [hivemq-test-hivemq-platform] [hivemq-platform-operator] [1420f2b2] 17:08:21.626 [ReconcilerExecutor-hivemq-controller-144] DEBUG c.h.p.o.HiveMQPlatformReconciler - [helmroll] Custom Resource Status ROLLING_RESTART - HiveMQ Platform is restarting Pods (rolling restart) (RESTART_PODS_IN_PROGRESS)
2025-01-29 17:08:21,628 INFO c.h.h.t.HelmChartContainer - [hivemq-test-hivemq-platform] [hivemq-platform-operator] [1420f2b2] 17:08:21.626 [ReconcilerExecutor-hivemq-controller-144] DEBUG c.h.p.o.HiveMQPlatformReconciler - [helmroll] Custom Resource Spec (replicas: 1) (extensions: 1)
2025-01-29 17:08:21,628 INFO c.h.h.t.HelmChartContainer - [hivemq-test-hivemq-platform] [hivemq-platform-operator] [1420f2b2] 17:08:21.627 [ReconcilerExecutor-hivemq-controller-144] DEBUG c.h.p.o.HiveMQPlatformReconciler - [helmroll] StatefulSet Status (revision: test-hivemq-platform-945c6dcb4, replicas: 2, available: 1, ready: 1, current: 0, updated: 2)
2025-01-29 17:08:21,629 INFO c.h.h.t.HelmChartContainer - [hivemq-test-hivemq-platform] [hivemq-platform-operator] [1420f2b2] 17:08:21.627 [ReconcilerExecutor-hivemq-controller-144] DEBUG c.h.p.o.HiveMQPlatformReconciler - [helmroll] StatefulSet Spec (replicas: 2, init containers: 1, containers: 1, volumes: 3)
2025-01-29 17:08:21,629 INFO c.h.h.t.HelmChartContainer - [hivemq-test-hivemq-platform] [hivemq-platform-operator] [1420f2b2] 17:08:21.628 [ReconcilerExecutor-hivemq-controller-144] DEBUG c.h.p.o.h.HiveMQPlatformReconcilerErrorHandler - [helmroll] Pod 'test-hivemq-platform-1' phase Running
2025-01-29 17:08:21,632 INFO c.h.h.t.HelmChartContainer - [hivemq-test-hivemq-platform] [hivemq-platform-operator] [1420f2b2] 17:08:21.631 [ReconcilerExecutor-hivemq-controller-144] DEBUG c.h.p.o.h.HiveMQPlatformReconcilerErrorHandler - [helmroll] Pod 'test-hivemq-platform-0' phase Running
2025-01-29 17:08:21,632 INFO c.h.h.t.HelmChartContainer - [hivemq-test-hivemq-platform] [hivemq-platform-operator] [1420f2b2] 17:08:21.631 [ReconcilerExecutor-hivemq-controller-144] DEBUG c.h.p.o.h.HiveMQPlatformReconcilerRollingRestartHandler - [helmroll] Rolling restart is waiting for 1 of 2 replicas
2025-01-29 17:08:21,666 INFO c.h.h.t.HelmChartContainer - [test-hivemq-platform] [hivemq] [0922ffcb] WARN  - [HiveMQ Platform Operator Init App 1.7.0-SNAPSHOT] Cannot connect to Health API for readiness: null
2025-01-29 17:08:21,671 INFO c.h.h.t.HelmChartContainer - [EVENT] Warning [Unhealthy] Readiness probe failed: HTTP probe failed with statuscode: 503 [helmrollingupgradeplatformit:test-hivemq-platform-0]
2025-01-29 17:08:21,671 INFO c.h.h.t.HelmChartContainer - Received Unhealthy event for container hivemq in pod test-hivemq-platform-0 [0922ffcb-b251-4af9-96a3-e0daf1fbbdfb]
2025-01-29 17:08:26,668 INFO c.h.h.t.HelmChartContainer - [test-hivemq-platform] [hivemq] [0922ffcb] WARN  - [HiveMQ Platform Operator Init App 1.7.0-SNAPSHOT] Cannot connect to Health API for readiness: null
2025-01-29 17:08:26,670 INFO c.h.h.t.HelmChartContainer - [EVENT] Warning [Unhealthy] Readiness probe failed: HTTP probe failed with statuscode: 503 [helmrollingupgradeplatformit:test-hivemq-platform-0]
2025-01-29 17:08:26,670 INFO c.h.h.t.HelmChartContainer - Received Unhealthy event for container hivemq in pod test-hivemq-platform-0 [0922ffcb-b251-4af9-96a3-e0daf1fbbdfb]
2025-01-29 17:08:27,163 INFO c.h.h.t.HelmChartContainer - [test-hivemq-platform] [hivemq] [0922ffcb] INFO  - No valid license file found. Using trial license, restricted to 25 connections.
2025-01-29 17:08:30,277 INFO c.h.h.t.HelmChartContainer - [test-hivemq-platform] [hivemq] [0922ffcb] INFO  - No valid license file for Data Hub found. Using free license, restricted to 1 policy.
2025-01-29 17:08:31,564 INFO c.h.h.t.HelmChartContainer - [test-hivemq-platform] [hivemq] [0922ffcb] INFO  - Audit Logger started.
2025-01-29 17:08:31,641 INFO c.h.h.t.HelmChartContainer - [hivemq-test-hivemq-platform] [hivemq-platform-operator] [1420f2b2] 17:08:31.634 [pool-6-thread-27] DEBUG c.h.p.o.d.PlatformServiceResource - [helmroll] Desired Platform services (3 services)
2025-01-29 17:08:31,641 INFO c.h.h.t.HelmChartContainer - [hivemq-test-hivemq-platform] [hivemq-platform-operator] [1420f2b2] 17:08:31.635 [pool-6-thread-28] DEBUG c.h.p.o.dependants.PodInfoConfigMap - [helmroll] Desired PodInfo ConfigMap (1 extensions) (1 enabled)
2025-01-29 17:08:31,641 INFO c.h.h.t.HelmChartContainer - [hivemq-test-hivemq-platform] [hivemq-platform-operator] [1420f2b2] 17:08:31.637 [pool-6-thread-28] DEBUG c.h.p.o.dependants.PodInfoConfigMap - [helmroll] Desired PodInfo ConfigMap (metrics port: 9399) (metrics path: /)
2025-01-29 17:08:31,641 INFO c.h.h.t.HelmChartContainer - [hivemq-test-hivemq-platform] [hivemq-platform-operator] [1420f2b2] 17:08:31.637 [pool-6-thread-28] DEBUG c.h.p.o.dependants.PodInfoConfigMap - [helmroll] Desired PodInfo ConfigMap (extension state hash: -1817474005)
2025-01-29 17:08:31,641 INFO c.h.h.t.HelmChartContainer - [hivemq-test-hivemq-platform] [hivemq-platform-operator] [1420f2b2] 17:08:31.637 [pool-6-thread-21] DEBUG c.h.p.o.d.PodServiceAccountResource - [helmroll] Desired PodServiceAccountResource (serviceAccountName: hivemq-platform-pod-test-hivemq-platform)
2025-01-29 17:08:31,641 INFO c.h.h.t.HelmChartContainer - [hivemq-test-hivemq-platform] [hivemq-platform-operator] [1420f2b2] 17:08:31.639 [pool-6-thread-27] DEBUG c.h.p.o.d.StatefulSetResource - [helmroll] Desired StatefulSet (2 replicas) for status ROLLING_RESTART (RESTART_PODS_IN_PROGRESS)
2025-01-29 17:08:31,644 INFO c.h.h.t.HelmChartContainer - [hivemq-test-hivemq-platform] [hivemq-platform-operator] [1420f2b2] 17:08:31.642 [ReconcilerExecutor-hivemq-controller-145] INFO  c.h.p.o.HiveMQPlatformReconciler - [helmroll] Reconciling HiveMQ Platform 'test-hivemq-platform' in namespace 'helmrollingupgradeplatformit'
2025-01-29 17:08:31,645 INFO c.h.h.t.HelmChartContainer - [hivemq-test-hivemq-platform] [hivemq-platform-operator] [1420f2b2] 17:08:31.642 [ReconcilerExecutor-hivemq-controller-145] DEBUG c.h.p.o.HiveMQPlatformReconciler - [helmroll] Custom Resource Status ROLLING_RESTART - HiveMQ Platform is restarting Pods (rolling restart) (RESTART_PODS_IN_PROGRESS)
2025-01-29 17:08:31,645 INFO c.h.h.t.HelmChartContainer - [hivemq-test-hivemq-platform] [hivemq-platform-operator] [1420f2b2] 17:08:31.642 [ReconcilerExecutor-hivemq-controller-145] DEBUG c.h.p.o.HiveMQPlatformReconciler - [helmroll] Custom Resource Spec (replicas: 1) (extensions: 1)
2025-01-29 17:08:31,645 INFO c.h.h.t.HelmChartContainer - [hivemq-test-hivemq-platform] [hivemq-platform-operator] [1420f2b2] 17:08:31.643 [ReconcilerExecutor-hivemq-controller-145] DEBUG c.h.p.o.HiveMQPlatformReconciler - [helmroll] StatefulSet Status (revision: test-hivemq-platform-945c6dcb4, replicas: 2, available: 1, ready: 1, current: 0, updated: 2)
2025-01-29 17:08:31,645 INFO c.h.h.t.HelmChartContainer - [hivemq-test-hivemq-platform] [hivemq-platform-operator] [1420f2b2] 17:08:31.644 [ReconcilerExecutor-hivemq-controller-145] DEBUG c.h.p.o.HiveMQPlatformReconciler - [helmroll] StatefulSet Spec (replicas: 2, init containers: 1, containers: 1, volumes: 3)
2025-01-29 17:08:31,646 INFO c.h.h.t.HelmChartContainer - [hivemq-test-hivemq-platform] [hivemq-platform-operator] [1420f2b2] 17:08:31.645 [ReconcilerExecutor-hivemq-controller-145] DEBUG c.h.p.o.h.HiveMQPlatformReconcilerErrorHandler - [helmroll] Pod 'test-hivemq-platform-1' phase Running
2025-01-29 17:08:31,647 INFO c.h.h.t.HelmChartContainer - [hivemq-test-hivemq-platform] [hivemq-platform-operator] [1420f2b2] 17:08:31.646 [ReconcilerExecutor-hivemq-controller-145] DEBUG c.h.p.o.h.HiveMQPlatformReconcilerErrorHandler - [helmroll] Pod 'test-hivemq-platform-0' phase Running
2025-01-29 17:08:31,648 INFO c.h.h.t.HelmChartContainer - [hivemq-test-hivemq-platform] [hivemq-platform-operator] [1420f2b2] 17:08:31.647 [ReconcilerExecutor-hivemq-controller-145] DEBUG c.h.p.o.h.HiveMQPlatformReconcilerRollingRestartHandler - [helmroll] Rolling restart is waiting for 1 of 2 replicas
2025-01-29 17:08:31,669 INFO c.h.h.t.HelmChartContainer - [test-hivemq-platform] [hivemq] [0922ffcb] WARN  - [HiveMQ Platform Operator Init App 1.7.0-SNAPSHOT] Cannot connect to Health API for readiness: null
2025-01-29 17:08:31,675 INFO c.h.h.t.HelmChartContainer - [EVENT] Warning [Unhealthy] Readiness probe failed: HTTP probe failed with statuscode: 503 [helmrollingupgradeplatformit:test-hivemq-platform-0]
2025-01-29 17:08:31,675 INFO c.h.h.t.HelmChartContainer - Received Unhealthy event for container hivemq in pod test-hivemq-platform-0 [0922ffcb-b251-4af9-96a3-e0daf1fbbdfb]
2025-01-29 17:08:31,801 INFO c.h.h.t.HelmChartContainer - [test-hivemq-platform] [hivemq] [0922ffcb] INFO  - This node uses '1' CPU cores.
2025-01-29 17:08:31,867 INFO c.h.h.t.HelmChartContainer - [test-hivemq-platform] [hivemq] [0922ffcb] INFO  - Starting HiveMQ Health API on address 0.0.0.0 and port 8889
2025-01-29 17:08:32,678 INFO c.h.h.t.HelmChartContainer - [test-hivemq-platform] [hivemq] [0922ffcb] INFO  - Started HiveMQ Health API in 812ms
2025-01-29 17:08:33,304 INFO c.h.h.t.HelmChartContainer - [test-hivemq-platform] [hivemq] [0922ffcb] INFO  - Starting HiveMQ extension system.
2025-01-29 17:08:33,572 INFO c.h.h.t.HelmChartContainer - [test-hivemq-platform] [hivemq] [0922ffcb] INFO  - Starting extension with id "hivemq-dns-cluster-discovery" at /opt/hivemq/extensions/hivemq-dns-cluster-discovery
2025-01-29 17:08:34,265 INFO c.h.h.t.HelmChartContainer - [test-hivemq-platform] [hivemq] [0922ffcb] INFO  - Extension "DNS Cluster Discovery Extension" version 4.3.2 started successfully.
2025-01-29 17:08:34,265 INFO c.h.h.t.HelmChartContainer - [test-hivemq-platform] [hivemq] [0922ffcb] INFO  - Starting extension with id "hivemq-prometheus-extension" at /opt/hivemq/extensions/hivemq-prometheus-extension
2025-01-29 17:08:34,368 INFO c.h.h.t.HelmChartContainer - [test-hivemq-platform] [hivemq] [0922ffcb] INFO  - Using TCP cluster transport on address 10.42.0.12 and port 7000
2025-01-29 17:08:34,374 INFO c.h.h.t.HelmChartContainer - [test-hivemq-platform] [hivemq] [0922ffcb] INFO  - Using extension cluster discovery
2025-01-29 17:08:35,270 INFO c.h.h.t.HelmChartContainer - [test-hivemq-platform] [hivemq] [0922ffcb] INFO  - Started Jetty Server exposing Prometheus Servlet on URI http://0.0.0.0:9399/
2025-01-29 17:08:35,271 INFO c.h.h.t.HelmChartContainer - [test-hivemq-platform] [hivemq] [0922ffcb] INFO  - Extension "Prometheus Monitoring Extension" version 4.0.12 started successfully.
2025-01-29 17:08:35,271 INFO c.h.h.t.HelmChartContainer - [test-hivemq-platform] [hivemq] [0922ffcb] INFO  - Starting extension with id "hivemq-allow-all-extension" at /opt/hivemq/extensions/hivemq-allow-all-extension
2025-01-29 17:08:35,271 INFO c.h.h.t.HelmChartContainer - [test-hivemq-platform] [hivemq] [0922ffcb] WARN  - 
2025-01-29 17:08:35,271 INFO c.h.h.t.HelmChartContainer - [test-hivemq-platform] [hivemq] [0922ffcb] ################################################################################################################
2025-01-29 17:08:35,271 INFO c.h.h.t.HelmChartContainer - [test-hivemq-platform] [hivemq] [0922ffcb] # This HiveMQ deployment is not secure! You are lacking Authentication and Authorization.                      #
2025-01-29 17:08:35,271 INFO c.h.h.t.HelmChartContainer - [test-hivemq-platform] [hivemq] [0922ffcb] # Right now any MQTT client can connect to the broker with a full set of permissions.                          #
2025-01-29 17:08:35,271 INFO c.h.h.t.HelmChartContainer - [test-hivemq-platform] [hivemq] [0922ffcb] # For production usage, add an appropriate security extension and remove the hivemq-allow-all extension.       #
2025-01-29 17:08:35,271 INFO c.h.h.t.HelmChartContainer - [test-hivemq-platform] [hivemq] [0922ffcb] # You can download security extensions from the HiveMQ Marketplace (https://www.hivemq.com/extensions/).       #
2025-01-29 17:08:35,271 INFO c.h.h.t.HelmChartContainer - [test-hivemq-platform] [hivemq] [0922ffcb] ################################################################################################################
2025-01-29 17:08:35,273 INFO c.h.h.t.HelmChartContainer - [test-hivemq-platform] [hivemq] [0922ffcb] INFO  - Extension "Allow All Extension" version 1.1.1 started successfully.
2025-01-29 17:08:35,383 INFO c.h.h.t.HelmChartContainer - [test-hivemq-platform] [hivemq] [6d31fc8e] INFO  - Cluster nodes found by discovery: [auPrk|3] (2) [auPrk, osugS].
2025-01-29 17:08:35,467 INFO c.h.h.t.HelmChartContainer - [test-hivemq-platform] [hivemq] [0922ffcb] INFO  - Cluster nodes found by discovery: [auPrk|3] (2) [auPrk, osugS].
2025-01-29 17:08:35,577 INFO c.h.h.t.HelmChartContainer - [test-hivemq-platform] [hivemq] [0922ffcb] INFO  - Cluster size = 1, members : [auPrk].
2025-01-29 17:08:35,873 INFO c.h.h.t.HelmChartContainer - [test-hivemq-platform] [hivemq] [0922ffcb] INFO  - Starting cluster join process. This may take a while. Please do not shut down HiveMQ.
2025-01-29 17:08:35,875 INFO c.h.h.t.HelmChartContainer - [test-hivemq-platform] [hivemq] [0922ffcb] INFO  - Cluster join process is still ongoing. Please do not shut down HiveMQ.
2025-01-29 17:08:37,075 INFO c.h.h.t.HelmChartContainer - [test-hivemq-platform] [hivemq] [0922ffcb] INFO  - [HiveMQ Platform Operator Init App 1.7.0-SNAPSHOT] Returning Health API response 503 for readiness
2025-01-29 17:08:37,079 INFO c.h.h.t.HelmChartContainer - [EVENT] Warning [Unhealthy] Readiness probe failed: HTTP probe failed with statuscode: 503 [helmrollingupgradeplatformit:test-hivemq-platform-0]
2025-01-29 17:08:37,079 INFO c.h.h.t.HelmChartContainer - Received Unhealthy event for container hivemq in pod test-hivemq-platform-0 [0922ffcb-b251-4af9-96a3-e0daf1fbbdfb]
2025-01-29 17:08:37,882 INFO c.h.h.t.HelmChartContainer - [test-hivemq-platform] [hivemq] [6d31fc8e] INFO  - Cluster size = 2, members : [auPrk, osugS].
2025-01-29 17:08:37,892 INFO c.h.h.t.HelmChartContainer - [test-hivemq-platform] [hivemq] [0922ffcb] INFO  - Cluster size = 2, members : [auPrk, osugS].
2025-01-29 17:08:37,895 INFO c.h.h.t.HelmChartContainer - [test-hivemq-platform] [hivemq] [0922ffcb] INFO  - Finished cluster join process successfully.
2025-01-29 17:08:37,897 INFO c.h.h.t.HelmChartContainer - [test-hivemq-platform] [hivemq] [0922ffcb] WARN  - No user for HiveMQ Control Center configured. Starting with default user
2025-01-29 17:08:37,898 INFO c.h.h.t.HelmChartContainer - [test-hivemq-platform] [hivemq] [0922ffcb] INFO  - Starting HiveMQ Control Center on address 0.0.0.0 and port 8080
2025-01-29 17:08:37,964 INFO c.h.h.t.HelmChartContainer - [test-hivemq-platform] [hivemq] [0922ffcb] INFO  - Mounting HiveMQ Control Center V2 Preview
2025-01-29 17:08:38,673 INFO c.h.h.t.HelmChartContainer - [test-hivemq-platform] [hivemq] [0922ffcb] INFO  - Started HiveMQ Control Center in 776ms
2025-01-29 17:08:38,764 INFO c.h.h.t.HelmChartContainer - [test-hivemq-platform] [hivemq] [0922ffcb] INFO  - Starting TCP listener on address 0.0.0.0 and port 1883
2025-01-29 17:08:38,779 INFO c.h.h.t.HelmChartContainer - [test-hivemq-platform] [hivemq] [0922ffcb] INFO  - Started TCP Listener on address 0.0.0.0 and on port 1883.
2025-01-29 17:08:38,779 INFO c.h.h.t.HelmChartContainer - [test-hivemq-platform] [hivemq] [0922ffcb] INFO  - Started HiveMQ in 26712ms
2025-01-29 17:08:41,589 INFO c.h.h.t.HelmChartContainer - [test-hivemq-platform] [hivemq] [0922ffcb] INFO  - [HiveMQ Platform Operator Init App 1.7.0-SNAPSHOT] Returning Health API response 200 for readiness
2025-01-29 17:08:41,602 INFO c.h.h.t.HelmChartContainer - [POD] test-hivemq-platform-0 [0922ffcb-b251-4af9-96a3-e0daf1fbbdfb] in helmrollingupgradeplatformit was MODIFIED
2025-01-29 17:08:41,614 INFO c.h.h.t.HelmChartContainer - [hivemq-test-hivemq-platform] [hivemq-platform-operator] [1420f2b2] 17:08:41.606 [pool-6-thread-37] DEBUG c.h.p.o.d.PlatformServiceResource - [helmroll] Desired Platform services (3 services)
2025-01-29 17:08:41,614 INFO c.h.h.t.HelmChartContainer - [hivemq-test-hivemq-platform] [hivemq-platform-operator] [1420f2b2] 17:08:41.609 [pool-6-thread-31] DEBUG c.h.p.o.dependants.PodInfoConfigMap - [helmroll] Desired PodInfo ConfigMap (1 extensions) (1 enabled)
2025-01-29 17:08:41,614 INFO c.h.h.t.HelmChartContainer - [hivemq-test-hivemq-platform] [hivemq-platform-operator] [1420f2b2] 17:08:41.609 [pool-6-thread-31] DEBUG c.h.p.o.dependants.PodInfoConfigMap - [helmroll] Desired PodInfo ConfigMap (metrics port: 9399) (metrics path: /)
2025-01-29 17:08:41,614 INFO c.h.h.t.HelmChartContainer - [hivemq-test-hivemq-platform] [hivemq-platform-operator] [1420f2b2] 17:08:41.609 [pool-6-thread-31] DEBUG c.h.p.o.dependants.PodInfoConfigMap - [helmroll] Desired PodInfo ConfigMap (extension state hash: -1817474005)
2025-01-29 17:08:41,614 INFO c.h.h.t.HelmChartContainer - [hivemq-test-hivemq-platform] [hivemq-platform-operator] [1420f2b2] 17:08:41.610 [pool-6-thread-31] DEBUG c.h.p.o.d.PodServiceAccountResource - [helmroll] Desired PodServiceAccountResource (serviceAccountName: hivemq-platform-pod-test-hivemq-platform)
2025-01-29 17:08:41,620 INFO c.h.h.t.HelmChartContainer - [hivemq-test-hivemq-platform] [hivemq-platform-operator] [1420f2b2] 17:08:41.617 [pool-6-thread-36] DEBUG c.h.p.o.d.StatefulSetResource - [helmroll] Desired StatefulSet (2 replicas) for status ROLLING_RESTART (RESTART_PODS_IN_PROGRESS)
2025-01-29 17:08:41,622 INFO c.h.h.t.HelmChartContainer - [hivemq-test-hivemq-platform] [hivemq-platform-operator] [1420f2b2] 17:08:41.619 [ReconcilerExecutor-hivemq-controller-146] INFO  c.h.p.o.HiveMQPlatformReconciler - [helmroll] Reconciling HiveMQ Platform 'test-hivemq-platform' in namespace 'helmrollingupgradeplatformit'
2025-01-29 17:08:41,622 INFO c.h.h.t.HelmChartContainer - [hivemq-test-hivemq-platform] [hivemq-platform-operator] [1420f2b2] 17:08:41.619 [ReconcilerExecutor-hivemq-controller-146] DEBUG c.h.p.o.HiveMQPlatformReconciler - [helmroll] Custom Resource Status ROLLING_RESTART - HiveMQ Platform is restarting Pods (rolling restart) (RESTART_PODS_IN_PROGRESS)
2025-01-29 17:08:41,622 INFO c.h.h.t.HelmChartContainer - [hivemq-test-hivemq-platform] [hivemq-platform-operator] [1420f2b2] 17:08:41.619 [ReconcilerExecutor-hivemq-controller-146] DEBUG c.h.p.o.HiveMQPlatformReconciler - [helmroll] Custom Resource Spec (replicas: 1) (extensions: 1)
2025-01-29 17:08:41,622 INFO c.h.h.t.HelmChartContainer - [hivemq-test-hivemq-platform] [hivemq-platform-operator] [1420f2b2] 17:08:41.620 [ReconcilerExecutor-hivemq-controller-146] DEBUG c.h.p.o.HiveMQPlatformReconciler - [helmroll] StatefulSet Status (revision: test-hivemq-platform-945c6dcb4, replicas: 2, available: 2, ready: 2, current: 0, updated: 2)
2025-01-29 17:08:41,622 INFO c.h.h.t.HelmChartContainer - [hivemq-test-hivemq-platform] [hivemq-platform-operator] [1420f2b2] 17:08:41.620 [ReconcilerExecutor-hivemq-controller-146] DEBUG c.h.p.o.HiveMQPlatformReconciler - [helmroll] StatefulSet Spec (replicas: 2, init containers: 1, containers: 1, volumes: 3)
2025-01-29 17:08:41,625 INFO c.h.h.t.HelmChartContainer - [hivemq-test-hivemq-platform] [hivemq-platform-operator] [1420f2b2] 17:08:41.621 [ReconcilerExecutor-hivemq-controller-146] DEBUG c.h.p.o.h.HiveMQPlatformReconcilerErrorHandler - [helmroll] Pod 'test-hivemq-platform-1' phase Running
2025-01-29 17:08:41,625 INFO c.h.h.t.HelmChartContainer - [hivemq-test-hivemq-platform] [hivemq-platform-operator] [1420f2b2] 17:08:41.622 [ReconcilerExecutor-hivemq-controller-146] DEBUG c.h.p.o.h.HiveMQPlatformReconcilerErrorHandler - [helmroll] Pod 'test-hivemq-platform-0' phase Running
2025-01-29 17:08:41,630 INFO c.h.h.t.HelmChartContainer - [hivemq-test-hivemq-platform] [hivemq-platform-operator] [1420f2b2] 17:08:41.630 [ReconcilerExecutor-hivemq-controller-146] DEBUG c.h.p.o.h.HiveMQPlatformReconcilerRollingRestartHandler - [helmroll] Skipping Pod test-hivemq-platform-1 as it's already on the controller update revision (update revision: test-hivemq-platform-945c6dcb4, pod revision: test-hivemq-platform-945c6dcb4)
2025-01-29 17:08:41,642 INFO c.h.h.t.HelmChartContainer - [hivemq-test-hivemq-platform] [hivemq-platform-operator] [1420f2b2] 17:08:41.641 [ReconcilerExecutor-hivemq-controller-146] DEBUG c.h.p.o.h.HiveMQPlatformReconcilerRollingRestartHandler - [helmroll] Skipping Pod test-hivemq-platform-0 as it's already on the controller update revision (update revision: test-hivemq-platform-945c6dcb4, pod revision: test-hivemq-platform-945c6dcb4)
2025-01-29 17:08:41,642 INFO c.h.h.t.HelmChartContainer - [hivemq-test-hivemq-platform] [hivemq-platform-operator] [1420f2b2] 17:08:41.641 [ReconcilerExecutor-hivemq-controller-146] INFO  c.h.p.o.h.HiveMQPlatformReconcilerRollingRestartHandler - [helmroll] Stopping surge Pod
2025-01-29 17:08:41,709 INFO c.h.h.t.HelmChartContainer - [hivemq-test-hivemq-platform] [hivemq-platform-operator] [1420f2b2] 17:08:41.708 [ReconcilerExecutor-hivemq-controller-146] DEBUG c.h.p.operator.event.EventSender - [helmroll] Creating K8s event rolling-restart-scale-down-in-progress: [RollingRestart] HiveMQ Platform is stopping the surge Pod (rolling restart)
2025-01-29 17:08:41,713 INFO c.h.h.t.HelmChartContainer - [EVENT] Normal [RollingRestart] HiveMQ Platform is stopping the surge Pod (rolling restart) [helmrollingupgradeplatformit:test-hivemq-platform]
2025-01-29 17:08:41,715 INFO c.h.h.t.HelmChartContainer - [hivemq-test-hivemq-platform] [hivemq-platform-operator] [1420f2b2] 17:08:41.713 [ReconcilerExecutor-hivemq-controller-146] INFO  c.h.p.o.h.AbstractHiveMQReconcilerStateHandler - [helmroll] Update HiveMQ Platform Status (ROLLING_RESTART [RESTART_PODS_IN_PROGRESS] -> ROLLING_RESTART [SCALE_DOWN_IN_PROGRESS]): HiveMQ Platform is stopping the surge Pod (rolling restart)
2025-01-29 17:08:41,722 DEBUG com.hivemq.helmcharts.util.K8sUtil - Comparing actual state 'ROLLING_RESTART' and waiting for 'RUNNING'
2025-01-29 17:08:41,725 INFO c.h.h.t.HelmChartContainer - [hivemq-test-hivemq-platform] [hivemq-platform-operator] [1420f2b2] 17:08:41.724 [pool-6-thread-44] DEBUG c.h.p.o.d.PlatformServiceResource - [helmroll] Desired Platform services (3 services)
2025-01-29 17:08:41,726 INFO c.h.h.t.HelmChartContainer - [hivemq-test-hivemq-platform] [hivemq-platform-operator] [1420f2b2] 17:08:41.724 [pool-6-thread-45] DEBUG c.h.p.o.d.PodServiceAccountResource - [helmroll] Desired PodServiceAccountResource (serviceAccountName: hivemq-platform-pod-test-hivemq-platform)
2025-01-29 17:08:41,728 INFO c.h.h.t.HelmChartContainer - [hivemq-test-hivemq-platform] [hivemq-platform-operator] [1420f2b2] 17:08:41.725 [pool-6-thread-49] DEBUG c.h.p.o.dependants.PodInfoConfigMap - [helmroll] Desired PodInfo ConfigMap (1 extensions) (1 enabled)
2025-01-29 17:08:41,728 INFO c.h.h.t.HelmChartContainer - [hivemq-test-hivemq-platform] [hivemq-platform-operator] [1420f2b2] 17:08:41.727 [pool-6-thread-49] DEBUG c.h.p.o.dependants.PodInfoConfigMap - [helmroll] Desired PodInfo ConfigMap (metrics port: 9399) (metrics path: /)
2025-01-29 17:08:41,728 INFO c.h.h.t.HelmChartContainer - [hivemq-test-hivemq-platform] [hivemq-platform-operator] [1420f2b2] 17:08:41.727 [pool-6-thread-49] DEBUG c.h.p.o.dependants.PodInfoConfigMap - [helmroll] Desired PodInfo ConfigMap (extension state hash: -1817474005)
2025-01-29 17:08:41,728 INFO c.h.h.t.HelmChartContainer - [hivemq-test-hivemq-platform] [hivemq-platform-operator] [1420f2b2] 17:08:41.727 [pool-6-thread-49] DEBUG c.h.p.o.dependants.PodInfoConfigMap - [helmroll] Update PodInfo ConfigMap
2025-01-29 17:08:41,741 INFO c.h.h.t.HelmChartContainer - [hivemq-test-hivemq-platform] [hivemq-platform-operator] [1420f2b2] 17:08:41.739 [pool-6-thread-49] DEBUG c.h.p.o.d.StatefulSetResource - [helmroll] Desired StatefulSet (1 replicas) for status ROLLING_RESTART (SCALE_DOWN_IN_PROGRESS)
2025-01-29 17:08:41,744 INFO c.h.h.t.HelmChartContainer - [hivemq-test-hivemq-platform] [hivemq-platform-operator] [1420f2b2] 17:08:41.741 [pool-6-thread-49] DEBUG c.h.p.o.d.StatefulSetResource - [helmroll] Update StatefulSet (replicas: 2 -> 1)
2025-01-29 17:08:41,820 INFO c.h.h.t.HelmChartContainer - [hivemq-test-hivemq-platform] [hivemq-platform-operator] [1420f2b2] 17:08:41.817 [ReconcilerExecutor-hivemq-controller-147] INFO  c.h.p.o.HiveMQPlatformReconciler - [helmroll] Reconciling HiveMQ Platform 'test-hivemq-platform' in namespace 'helmrollingupgradeplatformit'
2025-01-29 17:08:41,820 INFO c.h.h.t.HelmChartContainer - [hivemq-test-hivemq-platform] [hivemq-platform-operator] [1420f2b2] 17:08:41.817 [ReconcilerExecutor-hivemq-controller-147] DEBUG c.h.p.o.HiveMQPlatformReconciler - [helmroll] Custom Resource Status ROLLING_RESTART - HiveMQ Platform is stopping the surge Pod (rolling restart) (SCALE_DOWN_IN_PROGRESS)
2025-01-29 17:08:41,820 INFO c.h.h.t.HelmChartContainer - [hivemq-test-hivemq-platform] [hivemq-platform-operator] [1420f2b2] 17:08:41.817 [ReconcilerExecutor-hivemq-controller-147] DEBUG c.h.p.o.HiveMQPlatformReconciler - [helmroll] Custom Resource Spec (replicas: 1) (extensions: 1)
2025-01-29 17:08:41,820 INFO c.h.h.t.HelmChartContainer - [hivemq-test-hivemq-platform] [hivemq-platform-operator] [1420f2b2] 17:08:41.818 [ReconcilerExecutor-hivemq-controller-147] DEBUG c.h.p.o.HiveMQPlatformReconciler - [helmroll] StatefulSet Status (revision: test-hivemq-platform-945c6dcb4, replicas: 2, available: 2, ready: 2, current: 0, updated: 2)
2025-01-29 17:08:41,820 INFO c.h.h.t.HelmChartContainer - [hivemq-test-hivemq-platform] [hivemq-platform-operator] [1420f2b2] 17:08:41.818 [ReconcilerExecutor-hivemq-controller-147] DEBUG c.h.p.o.HiveMQPlatformReconciler - [helmroll] StatefulSet Spec (replicas: 1, init containers: 1, containers: 1, volumes: 3)
2025-01-29 17:08:41,821 INFO c.h.h.t.HelmChartContainer - [hivemq-test-hivemq-platform] [hivemq-platform-operator] [1420f2b2] 17:08:41.819 [ReconcilerExecutor-hivemq-controller-147] DEBUG c.h.p.o.h.HiveMQPlatformReconcilerErrorHandler - [helmroll] Pod 'test-hivemq-platform-0' phase Running
2025-01-29 17:08:41,821 INFO c.h.h.t.HelmChartContainer - [hivemq-test-hivemq-platform] [hivemq-platform-operator] [1420f2b2] 17:08:41.820 [ReconcilerExecutor-hivemq-controller-147] DEBUG c.h.p.o.h.HiveMQPlatformReconcilerRollingRestartHandler - [helmroll] Rolling restart is waiting for 2 of 1 replicas
2025-01-29 17:08:41,840 INFO c.h.h.t.HelmChartContainer - [POD] test-hivemq-platform-1 [6d31fc8e-0720-47d1-813b-3b1e39315150] in helmrollingupgradeplatformit was MODIFIED
2025-01-29 17:08:41,845 INFO c.h.h.t.HelmChartContainer - [test-hivemq-platform] [hivemq] [6d31fc8e] INFO  - [HiveMQ Platform Operator Init App 1.7.0-SNAPSHOT] Shutting down
2025-01-29 17:08:41,845 INFO c.h.h.t.HelmChartContainer - [test-hivemq-platform] [hivemq] [6d31fc8e] INFO  - [HiveMQ Platform Operator Init App 1.7.0-SNAPSHOT] Stopping the HiveMQ Platform
2025-01-29 17:08:41,849 INFO c.h.h.t.HelmChartContainer - [EVENT] Normal [Killing] Stopping container hivemq [helmrollingupgradeplatformit:test-hivemq-platform-1]
2025-01-29 17:08:41,851 INFO c.h.h.t.HelmChartContainer - Received Killing event for container hivemq in pod test-hivemq-platform-1 [6d31fc8e-0720-47d1-813b-3b1e39315150]
2025-01-29 17:08:41,851 INFO c.h.h.t.HelmChartContainer - Container [test-hivemq-platform-1] [hivemq] [6d31fc8e-0720-47d1-813b-3b1e39315150] was terminated
2025-01-29 17:08:41,851 INFO c.h.h.t.HelmChartContainer - Stopped log watcher for hivemq in pod test-hivemq-platform-1 [6d31fc8e-0720-47d1-813b-3b1e39315150]
2025-01-29 17:08:41,853 INFO c.h.h.t.HelmChartContainer - [hivemq-test-hivemq-platform] [hivemq-platform-operator] [1420f2b2] 17:08:41.838 [pool-6-thread-1] DEBUG c.h.p.o.d.PlatformServiceResource - [helmroll] Desired Platform services (3 services)
2025-01-29 17:08:41,853 INFO c.h.h.t.HelmChartContainer - [hivemq-test-hivemq-platform] [hivemq-platform-operator] [1420f2b2] 17:08:41.841 [pool-6-thread-1] DEBUG c.h.p.o.dependants.PodInfoConfigMap - [helmroll] Desired PodInfo ConfigMap (1 extensions) (1 enabled)
2025-01-29 17:08:41,853 INFO c.h.h.t.HelmChartContainer - [hivemq-test-hivemq-platform] [hivemq-platform-operator] [1420f2b2] 17:08:41.841 [pool-6-thread-1] DEBUG c.h.p.o.dependants.PodInfoConfigMap - [helmroll] Desired PodInfo ConfigMap (metrics port: 9399) (metrics path: /)
2025-01-29 17:08:41,853 INFO c.h.h.t.HelmChartContainer - [hivemq-test-hivemq-platform] [hivemq-platform-operator] [1420f2b2] 17:08:41.841 [pool-6-thread-1] DEBUG c.h.p.o.dependants.PodInfoConfigMap - [helmroll] Desired PodInfo ConfigMap (extension state hash: -1817474005)
2025-01-29 17:08:41,853 INFO c.h.h.t.HelmChartContainer - [hivemq-test-hivemq-platform] [hivemq-platform-operator] [1420f2b2] 17:08:41.842 [pool-6-thread-7] DEBUG c.h.p.o.d.PodServiceAccountResource - [helmroll] Desired PodServiceAccountResource (serviceAccountName: hivemq-platform-pod-test-hivemq-platform)
2025-01-29 17:08:41,853 INFO c.h.h.t.HelmChartContainer - [hivemq-test-hivemq-platform] [hivemq-platform-operator] [1420f2b2] 17:08:41.846 [pool-6-thread-1] DEBUG c.h.p.o.d.StatefulSetResource - [helmroll] Desired StatefulSet (1 replicas) for status ROLLING_RESTART (SCALE_DOWN_IN_PROGRESS)
2025-01-29 17:08:41,854 INFO c.h.h.t.HelmChartContainer - [EVENT] Normal [SuccessfulDelete] delete Pod test-hivemq-platform-1 in StatefulSet test-hivemq-platform successful [helmrollingupgradeplatformit:test-hivemq-platform]
2025-01-29 17:08:41,859 INFO c.h.h.t.HelmChartContainer - [hivemq-test-hivemq-platform] [hivemq-platform-operator] [1420f2b2] 17:08:41.851 [ReconcilerExecutor-hivemq-controller-148] INFO  c.h.p.o.HiveMQPlatformReconciler - [helmroll] Reconciling HiveMQ Platform 'test-hivemq-platform' in namespace 'helmrollingupgradeplatformit'
2025-01-29 17:08:41,859 INFO c.h.h.t.HelmChartContainer - [hivemq-test-hivemq-platform] [hivemq-platform-operator] [1420f2b2] 17:08:41.852 [ReconcilerExecutor-hivemq-controller-148] DEBUG c.h.p.o.HiveMQPlatformReconciler - [helmroll] Custom Resource Status ROLLING_RESTART - HiveMQ Platform is stopping the surge Pod (rolling restart) (SCALE_DOWN_IN_PROGRESS)
2025-01-29 17:08:41,860 INFO c.h.h.t.HelmChartContainer - [hivemq-test-hivemq-platform] [hivemq-platform-operator] [1420f2b2] 17:08:41.852 [ReconcilerExecutor-hivemq-controller-148] DEBUG c.h.p.o.HiveMQPlatformReconciler - [helmroll] Custom Resource Spec (replicas: 1) (extensions: 1)
2025-01-29 17:08:41,860 INFO c.h.h.t.HelmChartContainer - [hivemq-test-hivemq-platform] [hivemq-platform-operator] [1420f2b2] 17:08:41.853 [ReconcilerExecutor-hivemq-controller-148] DEBUG c.h.p.o.HiveMQPlatformReconciler - [helmroll] StatefulSet Status (revision: test-hivemq-platform-945c6dcb4, replicas: 2, available: 2, ready: 2, current: 0, updated: 2)
2025-01-29 17:08:41,860 INFO c.h.h.t.HelmChartContainer - [hivemq-test-hivemq-platform] [hivemq-platform-operator] [1420f2b2] 17:08:41.853 [ReconcilerExecutor-hivemq-controller-148] DEBUG c.h.p.o.HiveMQPlatformReconciler - [helmroll] StatefulSet Spec (replicas: 1, init containers: 1, containers: 1, volumes: 3)
2025-01-29 17:08:41,860 INFO c.h.h.t.HelmChartContainer - [hivemq-test-hivemq-platform] [hivemq-platform-operator] [1420f2b2] 17:08:41.854 [ReconcilerExecutor-hivemq-controller-148] DEBUG c.h.p.o.h.HiveMQPlatformReconcilerErrorHandler - [helmroll] Pod 'test-hivemq-platform-0' phase Running
2025-01-29 17:08:41,863 INFO c.h.h.t.HelmChartContainer - [hivemq-test-hivemq-platform] [hivemq-platform-operator] [1420f2b2] 17:08:41.860 [ReconcilerExecutor-hivemq-controller-148] DEBUG c.h.p.o.h.HiveMQPlatformReconcilerRollingRestartHandler - [helmroll] Rolling restart is waiting for 2 of 1 replicas
2025-01-29 17:08:41,870 INFO c.h.h.t.HelmChartContainer - [hivemq-test-hivemq-platform] [hivemq-platform-operator] [1420f2b2] 17:08:41.866 [pool-6-thread-15] DEBUG c.h.p.o.d.PlatformServiceResource - [helmroll] Desired Platform services (3 services)
2025-01-29 17:08:41,871 INFO c.h.h.t.HelmChartContainer - [hivemq-test-hivemq-platform] [hivemq-platform-operator] [1420f2b2] 17:08:41.867 [pool-6-thread-11] DEBUG c.h.p.o.dependants.PodInfoConfigMap - [helmroll] Desired PodInfo ConfigMap (1 extensions) (1 enabled)
2025-01-29 17:08:41,871 INFO c.h.h.t.HelmChartContainer - [hivemq-test-hivemq-platform] [hivemq-platform-operator] [1420f2b2] 17:08:41.867 [pool-6-thread-11] DEBUG c.h.p.o.dependants.PodInfoConfigMap - [helmroll] Desired PodInfo ConfigMap (metrics port: 9399) (metrics path: /)
2025-01-29 17:08:41,871 INFO c.h.h.t.HelmChartContainer - [hivemq-test-hivemq-platform] [hivemq-platform-operator] [1420f2b2] 17:08:41.867 [pool-6-thread-11] DEBUG c.h.p.o.dependants.PodInfoConfigMap - [helmroll] Desired PodInfo ConfigMap (extension state hash: -1817474005)
2025-01-29 17:08:41,873 INFO c.h.h.t.HelmChartContainer - [hivemq-test-hivemq-platform] [hivemq-platform-operator] [1420f2b2] 17:08:41.868 [pool-6-thread-15] DEBUG c.h.p.o.d.PodServiceAccountResource - [helmroll] Desired PodServiceAccountResource (serviceAccountName: hivemq-platform-pod-test-hivemq-platform)
2025-01-29 17:08:41,911 INFO c.h.h.t.HelmChartContainer - [hivemq-test-hivemq-platform] [hivemq-platform-operator] [1420f2b2] 17:08:41.910 [pool-6-thread-11] DEBUG c.h.p.o.d.StatefulSetResource - [helmroll] Desired StatefulSet (1 replicas) for status ROLLING_RESTART (SCALE_DOWN_IN_PROGRESS)
2025-01-29 17:08:41,913 INFO c.h.h.t.HelmChartContainer - [hivemq-test-hivemq-platform] [hivemq-platform-operator] [1420f2b2] 17:08:41.913 [ReconcilerExecutor-hivemq-controller-149] INFO  c.h.p.o.HiveMQPlatformReconciler - [helmroll] Reconciling HiveMQ Platform 'test-hivemq-platform' in namespace 'helmrollingupgradeplatformit'
2025-01-29 17:08:41,913 INFO c.h.h.t.HelmChartContainer - [hivemq-test-hivemq-platform] [hivemq-platform-operator] [1420f2b2] 17:08:41.913 [ReconcilerExecutor-hivemq-controller-149] DEBUG c.h.p.o.HiveMQPlatformReconciler - [helmroll] Custom Resource Status ROLLING_RESTART - HiveMQ Platform is stopping the surge Pod (rolling restart) (SCALE_DOWN_IN_PROGRESS)
2025-01-29 17:08:41,915 INFO c.h.h.t.HelmChartContainer - [hivemq-test-hivemq-platform] [hivemq-platform-operator] [1420f2b2] 17:08:41.913 [ReconcilerExecutor-hivemq-controller-149] DEBUG c.h.p.o.HiveMQPlatformReconciler - [helmroll] Custom Resource Spec (replicas: 1) (extensions: 1)
2025-01-29 17:08:41,915 INFO c.h.h.t.HelmChartContainer - [hivemq-test-hivemq-platform] [hivemq-platform-operator] [1420f2b2] 17:08:41.914 [ReconcilerExecutor-hivemq-controller-149] DEBUG c.h.p.o.HiveMQPlatformReconciler - [helmroll] StatefulSet Status (revision: test-hivemq-platform-945c6dcb4, replicas: 2, available: 2, ready: 2, current: 0, updated: 1)
2025-01-29 17:08:41,915 INFO c.h.h.t.HelmChartContainer - [hivemq-test-hivemq-platform] [hivemq-platform-operator] [1420f2b2] 17:08:41.915 [ReconcilerExecutor-hivemq-controller-149] DEBUG c.h.p.o.HiveMQPlatformReconciler - [helmroll] StatefulSet Spec (replicas: 1, init containers: 1, containers: 1, volumes: 3)
2025-01-29 17:08:41,934 INFO c.h.h.t.HelmChartContainer - [test-hivemq-platform] [hivemq] [6d31fc8e] INFO  - Shutting down HiveMQ. Please wait, this could take a while...
2025-01-29 17:08:41,940 INFO c.h.h.t.HelmChartContainer - [hivemq-test-hivemq-platform] [hivemq-platform-operator] [1420f2b2] 17:08:41.938 [ReconcilerExecutor-hivemq-controller-149] DEBUG c.h.p.o.h.HiveMQPlatformReconcilerErrorHandler - [helmroll] Pod 'test-hivemq-platform-0' phase Running
2025-01-29 17:08:41,940 INFO c.h.h.t.HelmChartContainer - [hivemq-test-hivemq-platform] [hivemq-platform-operator] [1420f2b2] 17:08:41.939 [ReconcilerExecutor-hivemq-controller-149] DEBUG c.h.p.o.h.HiveMQPlatformReconcilerRollingRestartHandler - [helmroll] Rolling restart is waiting for 2 of 1 replicas
2025-01-29 17:08:41,943 INFO c.h.h.t.HelmChartContainer - [hivemq-test-hivemq-platform] [hivemq-platform-operator] [1420f2b2] 17:08:41.941 [pool-6-thread-23] DEBUG c.h.p.o.d.PlatformServiceResource - [helmroll] Desired Platform services (3 services)
2025-01-29 17:08:41,945 INFO c.h.h.t.HelmChartContainer - [hivemq-test-hivemq-platform] [hivemq-platform-operator] [1420f2b2] 17:08:41.942 [pool-6-thread-30] DEBUG c.h.p.o.dependants.PodInfoConfigMap - [helmroll] Desired PodInfo ConfigMap (1 extensions) (1 enabled)
2025-01-29 17:08:41,945 INFO c.h.h.t.HelmChartContainer - [hivemq-test-hivemq-platform] [hivemq-platform-operator] [1420f2b2] 17:08:41.942 [pool-6-thread-30] DEBUG c.h.p.o.dependants.PodInfoConfigMap - [helmroll] Desired PodInfo ConfigMap (metrics port: 9399) (metrics path: /)
2025-01-29 17:08:41,945 INFO c.h.h.t.HelmChartContainer - [hivemq-test-hivemq-platform] [hivemq-platform-operator] [1420f2b2] 17:08:41.942 [pool-6-thread-30] DEBUG c.h.p.o.dependants.PodInfoConfigMap - [helmroll] Desired PodInfo ConfigMap (extension state hash: -1817474005)
2025-01-29 17:08:41,945 INFO c.h.h.t.HelmChartContainer - [hivemq-test-hivemq-platform] [hivemq-platform-operator] [1420f2b2] 17:08:41.943 [pool-6-thread-30] DEBUG c.h.p.o.d.PodServiceAccountResource - [helmroll] Desired PodServiceAccountResource (serviceAccountName: hivemq-platform-pod-test-hivemq-platform)
2025-01-29 17:08:41,946 INFO c.h.h.t.HelmChartContainer - [hivemq-test-hivemq-platform] [hivemq-platform-operator] [1420f2b2] 17:08:41.945 [pool-6-thread-23] DEBUG c.h.p.o.d.StatefulSetResource - [helmroll] Desired StatefulSet (1 replicas) for status ROLLING_RESTART (SCALE_DOWN_IN_PROGRESS)
2025-01-29 17:08:41,948 INFO c.h.h.t.HelmChartContainer - [hivemq-test-hivemq-platform] [hivemq-platform-operator] [1420f2b2] 17:08:41.948 [ReconcilerExecutor-hivemq-controller-150] INFO  c.h.p.o.HiveMQPlatformReconciler - [helmroll] Reconciling HiveMQ Platform 'test-hivemq-platform' in namespace 'helmrollingupgradeplatformit'
2025-01-29 17:08:41,948 INFO c.h.h.t.HelmChartContainer - [hivemq-test-hivemq-platform] [hivemq-platform-operator] [1420f2b2] 17:08:41.948 [ReconcilerExecutor-hivemq-controller-150] DEBUG c.h.p.o.HiveMQPlatformReconciler - [helmroll] Custom Resource Status ROLLING_RESTART - HiveMQ Platform is stopping the surge Pod (rolling restart) (SCALE_DOWN_IN_PROGRESS)
2025-01-29 17:08:41,949 INFO c.h.h.t.HelmChartContainer - [hivemq-test-hivemq-platform] [hivemq-platform-operator] [1420f2b2] 17:08:41.948 [ReconcilerExecutor-hivemq-controller-150] DEBUG c.h.p.o.HiveMQPlatformReconciler - [helmroll] Custom Resource Spec (replicas: 1) (extensions: 1)
2025-01-29 17:08:41,950 INFO c.h.h.t.HelmChartContainer - [hivemq-test-hivemq-platform] [hivemq-platform-operator] [1420f2b2] 17:08:41.949 [ReconcilerExecutor-hivemq-controller-150] DEBUG c.h.p.o.HiveMQPlatformReconciler - [helmroll] StatefulSet Status (revision: test-hivemq-platform-945c6dcb4, replicas: 2, available: 2, ready: 2, current: 0, updated: 1)
2025-01-29 17:08:41,950 INFO c.h.h.t.HelmChartContainer - [hivemq-test-hivemq-platform] [hivemq-platform-operator] [1420f2b2] 17:08:41.949 [ReconcilerExecutor-hivemq-controller-150] DEBUG c.h.p.o.HiveMQPlatformReconciler - [helmroll] StatefulSet Spec (replicas: 1, init containers: 1, containers: 1, volumes: 3)
2025-01-29 17:08:41,951 INFO c.h.h.t.HelmChartContainer - [hivemq-test-hivemq-platform] [hivemq-platform-operator] [1420f2b2] 17:08:41.950 [ReconcilerExecutor-hivemq-controller-150] DEBUG c.h.p.o.h.HiveMQPlatformReconcilerErrorHandler - [helmroll] Pod 'test-hivemq-platform-0' phase Running
2025-01-29 17:08:42,009 INFO c.h.h.t.HelmChartContainer - [hivemq-test-hivemq-platform] [hivemq-platform-operator] [1420f2b2] 17:08:42.008 [ReconcilerExecutor-hivemq-controller-150] DEBUG c.h.p.o.h.HiveMQPlatformReconcilerRollingRestartHandler - [helmroll] Rolling restart is waiting for 2 of 1 replicas
2025-01-29 17:08:42,021 INFO c.h.h.t.HelmChartContainer - [test-hivemq-platform] [hivemq] [6d31fc8e] INFO  - Shutting down listeners and clients
2025-01-29 17:08:42,021 INFO c.h.h.t.HelmChartContainer - [test-hivemq-platform] [hivemq] [6d31fc8e] INFO  - Shutdown of listeners is done
2025-01-29 17:08:42,022 INFO c.h.h.t.HelmChartContainer - [test-hivemq-platform] [hivemq] [6d31fc8e] INFO  - No clients are connected, proceeding with shutdown
2025-01-29 17:08:45,130 INFO c.h.h.t.HelmChartContainer - [test-hivemq-platform] [hivemq] [6d31fc8e] INFO  - Shutting down extension system
2025-01-29 17:08:45,133 INFO c.h.h.t.HelmChartContainer - [test-hivemq-platform] [hivemq] [6d31fc8e] INFO  - Stopping extension with id hivemq-dns-cluster-discovery
2025-01-29 17:08:45,133 INFO c.h.h.t.HelmChartContainer - [test-hivemq-platform] [hivemq] [6d31fc8e] INFO  - Extension "DNS Cluster Discovery Extension" version 4.3.2 stopped successfully.
2025-01-29 17:08:45,134 INFO c.h.h.t.HelmChartContainer - [test-hivemq-platform] [hivemq] [6d31fc8e] INFO  - Stopping extension with id hivemq-prometheus-extension
2025-01-29 17:08:45,139 INFO c.h.h.t.HelmChartContainer - [test-hivemq-platform] [hivemq] [6d31fc8e] INFO  - Extension "Prometheus Monitoring Extension" version 4.0.12 stopped successfully.
2025-01-29 17:08:45,139 INFO c.h.h.t.HelmChartContainer - [test-hivemq-platform] [hivemq] [6d31fc8e] INFO  - Stopping extension with id hivemq-allow-all-extension
2025-01-29 17:08:45,139 INFO c.h.h.t.HelmChartContainer - [test-hivemq-platform] [hivemq] [6d31fc8e] INFO  - Extension "Allow All Extension" version 1.1.1 stopped successfully.
2025-01-29 17:08:45,147 INFO c.h.h.t.HelmChartContainer - [test-hivemq-platform] [hivemq] [0922ffcb] INFO  - Cluster nodes found by discovery: [osugS|4] (1) [osugS].
2025-01-29 17:08:45,153 INFO c.h.h.t.HelmChartContainer - [test-hivemq-platform] [hivemq] [0922ffcb] INFO  - Cluster size = 1, members : [osugS].
2025-01-29 17:08:46,127 INFO c.h.h.t.HelmChartContainer - [test-hivemq-platform] [hivemq] [6d31fc8e] INFO  - [HiveMQ Platform Operator Init App 1.7.0-SNAPSHOT] Returning shutdown Health API response 503 for readiness
2025-01-29 17:08:46,131 INFO c.h.h.t.HelmChartContainer - [EVENT] Warning [Unhealthy] Readiness probe failed: HTTP probe failed with statuscode: 503 [helmrollingupgradeplatformit:test-hivemq-platform-1]
2025-01-29 17:08:46,131 INFO c.h.h.t.HelmChartContainer - Received Unhealthy event for container hivemq in pod test-hivemq-platform-1 [6d31fc8e-0720-47d1-813b-3b1e39315150]
2025-01-29 17:08:47,418 INFO c.h.h.t.HelmChartContainer - [test-hivemq-platform] [hivemq] [6d31fc8e] INFO  - Shutdown completed.
2025-01-29 17:08:47,766 INFO c.h.h.t.HelmChartContainer - [test-hivemq-platform] [hivemq] [6d31fc8e] INFO  - [HiveMQ Platform Operator Init App 1.7.0-SNAPSHOT] The HiveMQ Platform exited with code 143
2025-01-29 17:08:47,767 INFO c.h.h.t.HelmChartContainer - [test-hivemq-platform] [hivemq] [6d31fc8e] INFO  - [HiveMQ Platform Operator Init App 1.7.0-SNAPSHOT] Stopping the REST API
2025-01-29 17:08:47,777 INFO c.h.h.t.HelmChartContainer - [test-hivemq-platform] [hivemq] [6d31fc8e] INFO  - [HiveMQ Platform Operator Init App 1.7.0-SNAPSHOT] Shutdown complete
2025-01-29 17:08:48,282 INFO c.h.h.t.HelmChartContainer - [POD] test-hivemq-platform-1 [6d31fc8e-0720-47d1-813b-3b1e39315150] in helmrollingupgradeplatformit was MODIFIED
2025-01-29 17:08:48,288 INFO c.h.h.t.HelmChartContainer - [hivemq-test-hivemq-platform] [hivemq-platform-operator] [1420f2b2] 17:08:48.284 [pool-6-thread-31] DEBUG c.h.p.o.d.PlatformServiceResource - [helmroll] Desired Platform services (3 services)
2025-01-29 17:08:48,288 INFO c.h.h.t.HelmChartContainer - [hivemq-test-hivemq-platform] [hivemq-platform-operator] [1420f2b2] 17:08:48.287 [pool-6-thread-31] DEBUG c.h.p.o.d.PodServiceAccountResource - [helmroll] Desired PodServiceAccountResource (serviceAccountName: hivemq-platform-pod-test-hivemq-platform)
2025-01-29 17:08:48,289 INFO c.h.h.t.HelmChartContainer - [hivemq-test-hivemq-platform] [hivemq-platform-operator] [1420f2b2] 17:08:48.287 [pool-6-thread-32] DEBUG c.h.p.o.dependants.PodInfoConfigMap - [helmroll] Desired PodInfo ConfigMap (1 extensions) (1 enabled)
2025-01-29 17:08:48,289 INFO c.h.h.t.HelmChartContainer - [hivemq-test-hivemq-platform] [hivemq-platform-operator] [1420f2b2] 17:08:48.288 [pool-6-thread-32] DEBUG c.h.p.o.dependants.PodInfoConfigMap - [helmroll] Desired PodInfo ConfigMap (metrics port: 9399) (metrics path: /)
2025-01-29 17:08:48,289 INFO c.h.h.t.HelmChartContainer - [hivemq-test-hivemq-platform] [hivemq-platform-operator] [1420f2b2] 17:08:48.288 [pool-6-thread-32] DEBUG c.h.p.o.dependants.PodInfoConfigMap - [helmroll] Desired PodInfo ConfigMap (extension state hash: -1817474005)
2025-01-29 17:08:48,290 INFO c.h.h.t.HelmChartContainer - [hivemq-test-hivemq-platform] [hivemq-platform-operator] [1420f2b2] 17:08:48.290 [pool-6-thread-32] DEBUG c.h.p.o.d.StatefulSetResource - [helmroll] Desired StatefulSet (1 replicas) for status ROLLING_RESTART (SCALE_DOWN_IN_PROGRESS)
2025-01-29 17:08:48,300 INFO c.h.h.t.HelmChartContainer - [hivemq-test-hivemq-platform] [hivemq-platform-operator] [1420f2b2] 17:08:48.298 [ReconcilerExecutor-hivemq-controller-151] INFO  c.h.p.o.HiveMQPlatformReconciler - [helmroll] Reconciling HiveMQ Platform 'test-hivemq-platform' in namespace 'helmrollingupgradeplatformit'
2025-01-29 17:08:48,301 INFO c.h.h.t.HelmChartContainer - [hivemq-test-hivemq-platform] [hivemq-platform-operator] [1420f2b2] 17:08:48.298 [ReconcilerExecutor-hivemq-controller-151] DEBUG c.h.p.o.HiveMQPlatformReconciler - [helmroll] Custom Resource Status ROLLING_RESTART - HiveMQ Platform is stopping the surge Pod (rolling restart) (SCALE_DOWN_IN_PROGRESS)
2025-01-29 17:08:48,302 INFO c.h.h.t.HelmChartContainer - [hivemq-test-hivemq-platform] [hivemq-platform-operator] [1420f2b2] 17:08:48.298 [ReconcilerExecutor-hivemq-controller-151] DEBUG c.h.p.o.HiveMQPlatformReconciler - [helmroll] Custom Resource Spec (replicas: 1) (extensions: 1)
2025-01-29 17:08:48,303 INFO c.h.h.t.HelmChartContainer - [hivemq-test-hivemq-platform] [hivemq-platform-operator] [1420f2b2] 17:08:48.301 [ReconcilerExecutor-hivemq-controller-151] DEBUG c.h.p.o.HiveMQPlatformReconciler - [helmroll] StatefulSet Status (revision: test-hivemq-platform-945c6dcb4, replicas: 2, available: 1, ready: 1, current: 0, updated: 1)
2025-01-29 17:08:48,305 INFO c.h.h.t.HelmChartContainer - [hivemq-test-hivemq-platform] [hivemq-platform-operator] [1420f2b2] 17:08:48.303 [ReconcilerExecutor-hivemq-controller-151] DEBUG c.h.p.o.HiveMQPlatformReconciler - [helmroll] StatefulSet Spec (replicas: 1, init containers: 1, containers: 1, volumes: 3)
2025-01-29 17:08:48,305 INFO c.h.h.t.HelmChartContainer - [hivemq-test-hivemq-platform] [hivemq-platform-operator] [1420f2b2] 17:08:48.304 [ReconcilerExecutor-hivemq-controller-151] DEBUG c.h.p.o.h.HiveMQPlatformReconcilerErrorHandler - [helmroll] Pod 'test-hivemq-platform-0' phase Running
2025-01-29 17:08:48,306 INFO c.h.h.t.HelmChartContainer - [hivemq-test-hivemq-platform] [hivemq-platform-operator] [1420f2b2] 17:08:48.305 [ReconcilerExecutor-hivemq-controller-151] INFO  c.h.p.o.h.HiveMQPlatformReconcilerRollingRestartHandler - [helmroll] Rolling restart is done
2025-01-29 17:08:48,344 INFO c.h.h.t.HelmChartContainer - [EVENT] Normal [Ready] HiveMQ Platform is ready [helmrollingupgradeplatformit:test-hivemq-platform]
2025-01-29 17:08:48,349 INFO c.h.h.t.HelmChartContainer - [hivemq-test-hivemq-platform] [hivemq-platform-operator] [1420f2b2] 17:08:48.345 [ReconcilerExecutor-hivemq-controller-151] DEBUG c.h.p.operator.event.EventSender - [helmroll] Updating K8s event hivemq-platform-ready: [Ready] HiveMQ Platform is ready
2025-01-29 17:08:48,349 INFO c.h.h.t.HelmChartContainer - [hivemq-test-hivemq-platform] [hivemq-platform-operator] [1420f2b2] 17:08:48.345 [ReconcilerExecutor-hivemq-controller-151] INFO  c.h.p.o.h.AbstractHiveMQReconcilerStateHandler - [helmroll] Update HiveMQ Platform Status (ROLLING_RESTART [SCALE_DOWN_IN_PROGRESS] -> RUNNING [READY]): HiveMQ Platform is ready
2025-01-29 17:08:48,356 DEBUG com.hivemq.helmcharts.util.K8sUtil - Comparing actual state 'RUNNING' and waiting for 'RUNNING'
2025-01-29 17:08:48,364 INFO c.h.h.t.HelmChartContainer - [hivemq-test-hivemq-platform] [hivemq-platform-operator] [1420f2b2] 17:08:48.361 [pool-6-thread-50] DEBUG c.h.p.o.d.PlatformServiceResource - [helmroll] Desired Platform services (3 services)
2025-01-29 17:08:48,364 INFO c.h.h.t.HelmChartContainer - [hivemq-test-hivemq-platform] [hivemq-platform-operator] [1420f2b2] 17:08:48.362 [pool-6-thread-42] DEBUG c.h.p.o.dependants.PodInfoConfigMap - [helmroll] Desired PodInfo ConfigMap (1 extensions) (1 enabled)
2025-01-29 17:08:48,364 INFO c.h.h.t.HelmChartContainer - [hivemq-test-hivemq-platform] [hivemq-platform-operator] [1420f2b2] 17:08:48.362 [pool-6-thread-42] DEBUG c.h.p.o.dependants.PodInfoConfigMap - [helmroll] Desired PodInfo ConfigMap (metrics port: 9399) (metrics path: /)
2025-01-29 17:08:48,364 INFO c.h.h.t.HelmChartContainer - [hivemq-test-hivemq-platform] [hivemq-platform-operator] [1420f2b2] 17:08:48.362 [pool-6-thread-42] DEBUG c.h.p.o.dependants.PodInfoConfigMap - [helmroll] Desired PodInfo ConfigMap (extension state hash: -1817474005)
2025-01-29 17:08:48,364 INFO c.h.h.t.HelmChartContainer - [hivemq-test-hivemq-platform] [hivemq-platform-operator] [1420f2b2] 17:08:48.362 [pool-6-thread-42] DEBUG c.h.p.o.dependants.PodInfoConfigMap - [helmroll] Update PodInfo ConfigMap
2025-01-29 17:08:48,370 INFO c.h.h.t.HelmChartContainer - Uninstalling release 'test-hivemq-platform' in namespace 'helmrollingupgradeplatformit'...
2025-01-29 17:08:48,371 DEBUG c.h.h.t.HelmChartContainer - Executing helm command: /bin/helm --kubeconfig /etc/rancher/k3s/k3s.yaml uninstall test-hivemq-platform  --wait --timeout 5m0s --cascade foreground --namespace helmrollingupgradeplatformit
2025-01-29 17:08:48,386 INFO c.h.h.t.HelmChartContainer - [K3S] [reconciler_common.go:162] "operationExecutor.UnmountVolume started for volume \"kube-api-access-zjcc2\" (UniqueName: \"kubernetes.io/projected/6d31fc8e-0720-47d1-813b-3b1e39315150-kube-api-access-zjcc2\") pod \"6d31fc8e-0720-47d1-813b-3b1e39315150\" (UID: \"6d31fc8e-0720-47d1-813b-3b1e39315150\") "
2025-01-29 17:08:48,386 INFO c.h.h.t.HelmChartContainer - [K3S] [reconciler_common.go:162] "operationExecutor.UnmountVolume started for volume \"pod-info\" (UniqueName: \"kubernetes.io/configmap/6d31fc8e-0720-47d1-813b-3b1e39315150-pod-info\") pod \"6d31fc8e-0720-47d1-813b-3b1e39315150\" (UID: \"6d31fc8e-0720-47d1-813b-3b1e39315150\") "
2025-01-29 17:08:48,386 INFO c.h.h.t.HelmChartContainer - [K3S] [reconciler_common.go:162] "operationExecutor.UnmountVolume started for volume \"operator-init\" (UniqueName: \"kubernetes.io/empty-dir/6d31fc8e-0720-47d1-813b-3b1e39315150-operator-init\") pod \"6d31fc8e-0720-47d1-813b-3b1e39315150\" (UID: \"6d31fc8e-0720-47d1-813b-3b1e39315150\") "
2025-01-29 17:08:48,386 INFO c.h.h.t.HelmChartContainer - [K3S] [reconciler_common.go:162] "operationExecutor.UnmountVolume started for volume \"broker-configuration\" (UniqueName: \"kubernetes.io/configmap/6d31fc8e-0720-47d1-813b-3b1e39315150-broker-configuration\") pod \"6d31fc8e-0720-47d1-813b-3b1e39315150\" (UID: \"6d31fc8e-0720-47d1-813b-3b1e39315150\") "
2025-01-29 17:08:48,442 INFO c.h.h.t.HelmChartContainer - [hivemq-test-hivemq-platform] [hivemq-platform-operator] [1420f2b2] 17:08:48.439 [pool-6-thread-48] DEBUG c.h.p.o.d.PodServiceAccountResource - [helmroll] Desired PodServiceAccountResource (serviceAccountName: hivemq-platform-pod-test-hivemq-platform)
2025-01-29 17:08:48,444 INFO c.h.h.t.HelmChartContainer - [hivemq-test-hivemq-platform] [hivemq-platform-operator] [1420f2b2] 17:08:48.442 [pool-6-thread-42] DEBUG c.h.p.o.d.StatefulSetResource - [helmroll] Desired StatefulSet (1 replicas) for status RUNNING (READY)
2025-01-29 17:08:48,446 INFO c.h.h.t.HelmChartContainer - [hivemq-test-hivemq-platform] [hivemq-platform-operator] [1420f2b2] 17:08:48.445 [ReconcilerExecutor-hivemq-controller-51] INFO  c.h.p.o.HiveMQPlatformReconciler - [helmroll] Reconciling HiveMQ Platform 'test-hivemq-platform' in namespace 'helmrollingupgradeplatformit'
2025-01-29 17:08:48,447 INFO c.h.h.t.HelmChartContainer - [hivemq-test-hivemq-platform] [hivemq-platform-operator] [1420f2b2] 17:08:48.445 [ReconcilerExecutor-hivemq-controller-51] DEBUG c.h.p.o.HiveMQPlatformReconciler - [helmroll] Custom Resource Status RUNNING - HiveMQ Platform is ready (READY)
2025-01-29 17:08:48,447 INFO c.h.h.t.HelmChartContainer - [hivemq-test-hivemq-platform] [hivemq-platform-operator] [1420f2b2] 17:08:48.445 [ReconcilerExecutor-hivemq-controller-51] DEBUG c.h.p.o.HiveMQPlatformReconciler - [helmroll] Custom Resource Spec (replicas: 1) (extensions: 1)
2025-01-29 17:08:48,447 INFO c.h.h.t.HelmChartContainer - [hivemq-test-hivemq-platform] [hivemq-platform-operator] [1420f2b2] 17:08:48.446 [ReconcilerExecutor-hivemq-controller-51] DEBUG c.h.p.o.HiveMQPlatformReconciler - [helmroll] StatefulSet Status (revision: test-hivemq-platform-945c6dcb4, replicas: 2, available: 1, ready: 1, current: 0, updated: 1)
2025-01-29 17:08:48,449 INFO c.h.h.t.HelmChartContainer - [hivemq-test-hivemq-platform] [hivemq-platform-operator] [1420f2b2] 17:08:48.446 [ReconcilerExecutor-hivemq-controller-51] DEBUG c.h.p.o.HiveMQPlatformReconciler - [helmroll] StatefulSet Spec (replicas: 1, init containers: 1, containers: 1, volumes: 3)
2025-01-29 17:08:48,449 INFO c.h.h.t.HelmChartContainer - [hivemq-test-hivemq-platform] [hivemq-platform-operator] [1420f2b2] 17:08:48.447 [ReconcilerExecutor-hivemq-controller-51] DEBUG c.h.p.o.h.HiveMQPlatformReconcilerErrorHandler - [helmroll] Pod 'test-hivemq-platform-0' phase Running
2025-01-29 17:08:48,485 INFO c.h.h.t.HelmChartContainer - [K3S] [reconciler_common.go:299] "Volume detached for volume \"broker-configuration\" (UniqueName: \"kubernetes.io/configmap/6d31fc8e-0720-47d1-813b-3b1e39315150-broker-configuration\") on node \"28b958d3512c\" DevicePath \"\""
2025-01-29 17:08:48,486 INFO c.h.h.t.HelmChartContainer - [K3S] [reconciler_common.go:299] "Volume detached for volume \"kube-api-access-zjcc2\" (UniqueName: \"kubernetes.io/projected/6d31fc8e-0720-47d1-813b-3b1e39315150-kube-api-access-zjcc2\") on node \"28b958d3512c\" DevicePath \"\""
2025-01-29 17:08:48,486 INFO c.h.h.t.HelmChartContainer - [K3S] [reconciler_common.go:299] "Volume detached for volume \"pod-info\" (UniqueName: \"kubernetes.io/configmap/6d31fc8e-0720-47d1-813b-3b1e39315150-pod-info\") on node \"28b958d3512c\" DevicePath \"\""
2025-01-29 17:08:48,486 INFO c.h.h.t.HelmChartContainer - [K3S] [reconciler_common.go:299] "Volume detached for volume \"operator-init\" (UniqueName: \"kubernetes.io/empty-dir/6d31fc8e-0720-47d1-813b-3b1e39315150-operator-init\") on node \"28b958d3512c\" DevicePath \"\""
2025-01-29 17:08:48,602 INFO c.h.h.t.HelmChartContainer - [hivemq-test-hivemq-platform] [hivemq-platform-operator] [1420f2b2] 17:08:48.597 [pool-6-thread-6] DEBUG c.h.p.o.d.PlatformServiceResource - [helmroll] Desired Platform services (3 services)
2025-01-29 17:08:48,602 INFO c.h.h.t.HelmChartContainer - [hivemq-test-hivemq-platform] [hivemq-platform-operator] [1420f2b2] 17:08:48.598 [pool-6-thread-8] DEBUG c.h.p.o.d.PodServiceAccountResource - [helmroll] Desired PodServiceAccountResource (serviceAccountName: hivemq-platform-pod-test-hivemq-platform)
2025-01-29 17:08:48,602 INFO c.h.h.t.HelmChartContainer - [hivemq-test-hivemq-platform] [hivemq-platform-operator] [1420f2b2] 17:08:48.599 [pool-6-thread-5] DEBUG c.h.p.o.dependants.PodInfoConfigMap - [helmroll] Desired PodInfo ConfigMap (1 extensions) (1 enabled)
2025-01-29 17:08:48,602 INFO c.h.h.t.HelmChartContainer - [hivemq-test-hivemq-platform] [hivemq-platform-operator] [1420f2b2] 17:08:48.599 [pool-6-thread-5] DEBUG c.h.p.o.dependants.PodInfoConfigMap - [helmroll] Desired PodInfo ConfigMap (metrics port: 9399) (metrics path: /)
2025-01-29 17:08:48,602 INFO c.h.h.t.HelmChartContainer - [hivemq-test-hivemq-platform] [hivemq-platform-operator] [1420f2b2] 17:08:48.599 [pool-6-thread-5] DEBUG c.h.p.o.dependants.PodInfoConfigMap - [helmroll] Desired PodInfo ConfigMap (extension state hash: -1817474005)
2025-01-29 17:08:48,605 INFO c.h.h.t.HelmChartContainer - [hivemq-test-hivemq-platform] [hivemq-platform-operator] [1420f2b2] 17:08:48.602 [pool-6-thread-5] DEBUG c.h.p.o.d.StatefulSetResource - [helmroll] Desired StatefulSet (1 replicas) for status RUNNING (READY)
2025-01-29 17:08:48,616 INFO c.h.h.t.HelmChartContainer - [hivemq-test-hivemq-platform] [hivemq-platform-operator] [1420f2b2] 17:08:48.612 [ReconcilerExecutor-hivemq-controller-52] INFO  c.h.p.o.HiveMQPlatformReconciler - [helmroll] Reconciling HiveMQ Platform 'test-hivemq-platform' in namespace 'helmrollingupgradeplatformit'
2025-01-29 17:08:48,624 INFO c.h.h.t.HelmChartContainer - [hivemq-test-hivemq-platform] [hivemq-platform-operator] [1420f2b2] 17:08:48.612 [ReconcilerExecutor-hivemq-controller-52] DEBUG c.h.p.o.HiveMQPlatformReconciler - [helmroll] Custom Resource Status RUNNING - HiveMQ Platform is ready (READY)
2025-01-29 17:08:48,624 INFO c.h.h.t.HelmChartContainer - [hivemq-test-hivemq-platform] [hivemq-platform-operator] [1420f2b2] 17:08:48.612 [ReconcilerExecutor-hivemq-controller-52] DEBUG c.h.p.o.HiveMQPlatformReconciler - [helmroll] Custom Resource Spec (replicas: 1) (extensions: 1)
2025-01-29 17:08:48,624 INFO c.h.h.t.HelmChartContainer - [hivemq-test-hivemq-platform] [hivemq-platform-operator] [1420f2b2] 17:08:48.613 [ReconcilerExecutor-hivemq-controller-52] DEBUG c.h.p.o.HiveMQPlatformReconciler - [helmroll] StatefulSet Status (revision: test-hivemq-platform-945c6dcb4, replicas: 2, available: 1, ready: 1, current: 0, updated: 1)
2025-01-29 17:08:48,624 INFO c.h.h.t.HelmChartContainer - [hivemq-test-hivemq-platform] [hivemq-platform-operator] [1420f2b2] 17:08:48.613 [ReconcilerExecutor-hivemq-controller-52] DEBUG c.h.p.o.HiveMQPlatformReconciler - [helmroll] StatefulSet Spec (replicas: 1, init containers: 1, containers: 1, volumes: 3)
2025-01-29 17:08:48,624 INFO c.h.h.t.HelmChartContainer - [hivemq-test-hivemq-platform] [hivemq-platform-operator] [1420f2b2] 17:08:48.617 [ReconcilerExecutor-hivemq-controller-52] DEBUG c.h.p.o.h.HiveMQPlatformReconcilerErrorHandler - [helmroll] Pod 'test-hivemq-platform-0' phase Running
2025-01-29 17:08:48,624 INFO c.h.h.t.HelmChartContainer - [hivemq-test-hivemq-platform] [hivemq-platform-operator] [1420f2b2] 17:08:48.621 [ReconcilerExecutor-hivemq-controller-52] INFO  c.h.p.o.HiveMQPlatformReconciler - [helmroll] Cleanup test-hivemq-platform - helmrollingupgradeplatformit HiveMQ Platform is shut down
2025-01-29 17:08:48,637 INFO c.h.h.t.HelmChartContainer - [test-hivemq-platform] [hivemq] [0922ffcb] INFO  - [HiveMQ Platform Operator Init App 1.7.0-SNAPSHOT] Returning Health API response 200 for liveness
2025-01-29 17:08:49,069 INFO c.h.h.t.HelmChartContainer - [K3S] [scope.go:117] "RemoveContainer" containerID="39eceee5b5ae2ed93464ba992ff7b72c9bb45d7bb67eb66bd51dd50122a4cd83"
2025-01-29 17:08:49,083 INFO c.h.h.t.HelmChartContainer - [POD] test-hivemq-platform-1 [6d31fc8e-0720-47d1-813b-3b1e39315150] in helmrollingupgradeplatformit was MODIFIED
2025-01-29 17:08:49,091 INFO c.h.h.t.HelmChartContainer - [POD] test-hivemq-platform-1 [6d31fc8e-0720-47d1-813b-3b1e39315150] in helmrollingupgradeplatformit was DELETED
2025-01-29 17:08:49,173 INFO c.h.h.t.HelmChartContainer - [K3S] [scope.go:117] "RemoveContainer" containerID="4b60c90698283f22b2fe06681cbd3d4c681b9ad5be68aa8a69c6fec031be1450"
2025-01-29 17:08:49,175 INFO c.h.h.t.HelmChartContainer - [K3S] [scope.go:117] "RemoveContainer" containerID="39eceee5b5ae2ed93464ba992ff7b72c9bb45d7bb67eb66bd51dd50122a4cd83"
2025-01-29 17:08:49,176 INFO c.h.h.t.HelmChartContainer - [K3S] [scope.go:117] "RemoveContainer" containerID="4b60c90698283f22b2fe06681cbd3d4c681b9ad5be68aa8a69c6fec031be1450"
2025-01-29 17:08:49,360 INFO c.h.h.t.HelmChartContainer - [K3S] [kubelet_volumes.go:163] "Cleaned up orphaned pod volumes dir" podUID="6d31fc8e-0720-47d1-813b-3b1e39315150" path="/var/lib/kubelet/pods/6d31fc8e-0720-47d1-813b-3b1e39315150/volumes"
2025-01-29 17:08:49,385 INFO c.h.h.t.HelmChartContainer - [POD] test-hivemq-platform-0 [0922ffcb-b251-4af9-96a3-e0daf1fbbdfb] in helmrollingupgradeplatformit was MODIFIED
2025-01-29 17:08:49,389 INFO c.h.h.t.HelmChartContainer - [EVENT] Normal [Killing] Stopping container hivemq [helmrollingupgradeplatformit:test-hivemq-platform-0]
2025-01-29 17:08:49,390 INFO c.h.h.t.HelmChartContainer - Received Killing event for container hivemq in pod test-hivemq-platform-0 [0922ffcb-b251-4af9-96a3-e0daf1fbbdfb]
2025-01-29 17:08:49,390 INFO c.h.h.t.HelmChartContainer - Container [test-hivemq-platform-0] [hivemq] [0922ffcb-b251-4af9-96a3-e0daf1fbbdfb] was terminated
2025-01-29 17:08:49,390 INFO c.h.h.t.HelmChartContainer - Stopped log watcher for hivemq in pod test-hivemq-platform-0 [0922ffcb-b251-4af9-96a3-e0daf1fbbdfb]
2025-01-29 17:08:49,406 INFO c.h.h.t.HelmChartContainer - [test-hivemq-platform] [hivemq] [0922ffcb] INFO  - [HiveMQ Platform Operator Init App 1.7.0-SNAPSHOT] Shutting down
2025-01-29 17:08:49,406 INFO c.h.h.t.HelmChartContainer - [test-hivemq-platform] [hivemq] [0922ffcb] INFO  - [HiveMQ Platform Operator Init App 1.7.0-SNAPSHOT] Stopping the HiveMQ Platform
2025-01-29 17:08:49,478 INFO c.h.h.t.HelmChartContainer - [test-hivemq-platform] [hivemq] [0922ffcb] INFO  - Shutting down HiveMQ. Please wait, this could take a while...
2025-01-29 17:08:49,564 INFO c.h.h.t.HelmChartContainer - [test-hivemq-platform] [hivemq] [0922ffcb] INFO  - Shutting down listeners and clients
2025-01-29 17:08:49,564 INFO c.h.h.t.HelmChartContainer - [test-hivemq-platform] [hivemq] [0922ffcb] INFO  - Shutdown of listeners is done
2025-01-29 17:08:49,565 INFO c.h.h.t.HelmChartContainer - [test-hivemq-platform] [hivemq] [0922ffcb] INFO  - No clients are connected, proceeding with shutdown
2025-01-29 17:08:50,692 INFO c.h.h.t.HelmChartContainer - Deleting namespace 'helmrollingupgradeplatformit'...
2025-01-29 17:08:51,586 INFO c.h.h.t.HelmChartContainer - [test-hivemq-platform] [hivemq] [0922ffcb] INFO  - [HiveMQ Platform Operator Init App 1.7.0-SNAPSHOT] Returning shutdown Health API response 503 for readiness
2025-01-29 17:08:51,590 INFO c.h.h.t.HelmChartContainer - [EVENT] Warning [Unhealthy] Readiness probe failed: HTTP probe failed with statuscode: 503 [helmrollingupgradeplatformit:test-hivemq-platform-0]
2025-01-29 17:08:51,590 INFO c.h.h.t.HelmChartContainer - Received Unhealthy event for container hivemq in pod test-hivemq-platform-0 [0922ffcb-b251-4af9-96a3-e0daf1fbbdfb]
2025-01-29 17:08:52,084 INFO c.h.h.t.HelmChartContainer - [K3S] [authentication.go:74] "Unable to authenticate the request" err="[invalid bearer token, serviceaccounts \"hivemq-platform-pod-test-hivemq-platform\" not found]"
2025-01-29 17:08:52,104 INFO c.h.h.t.HelmChartContainer - [K3S] [authentication.go:74] "Unable to authenticate the request" err="[invalid bearer token, serviceaccounts \"hivemq-platform-pod-test-hivemq-platform\" not found]"
2025-01-29 17:08:52,173 INFO c.h.h.t.HelmChartContainer - [test-hivemq-platform] [hivemq] [0922ffcb] WARN  - [HiveMQ Platform Operator Init App 1.7.0-SNAPSHOT] Could not update Pod annotations: Failure executing: GET at: https://10.43.0.1:443/api/v1/namespaces/helmrollingupgradeplatformit/pods/test-hivemq-platform-0. Message: Unauthorized. Received status: Status(apiVersion=v1, code=401, details=null, kind=Status, message=Unauthorized, metadata=ListMeta(_continue=null, remainingItemCount=null, resourceVersion=null, selfLink=null, additionalProperties={}), reason=Unauthorized, status=Failure, additionalProperties={}).
2025-01-29 17:08:53,370 INFO c.h.h.t.HelmChartContainer - [test-hivemq-platform] [hivemq] [0922ffcb] INFO  - Shutting down extension system
2025-01-29 17:08:53,375 INFO c.h.h.t.HelmChartContainer - [test-hivemq-platform] [hivemq] [0922ffcb] INFO  - Stopping extension with id hivemq-dns-cluster-discovery
2025-01-29 17:08:53,376 INFO c.h.h.t.HelmChartContainer - [test-hivemq-platform] [hivemq] [0922ffcb] INFO  - Extension "DNS Cluster Discovery Extension" version 4.3.2 stopped successfully.
2025-01-29 17:08:53,377 INFO c.h.h.t.HelmChartContainer - [test-hivemq-platform] [hivemq] [0922ffcb] INFO  - Stopping extension with id hivemq-prometheus-extension
2025-01-29 17:08:53,380 INFO c.h.h.t.HelmChartContainer - [test-hivemq-platform] [hivemq] [0922ffcb] INFO  - Extension "Prometheus Monitoring Extension" version 4.0.12 stopped successfully.
2025-01-29 17:08:53,381 INFO c.h.h.t.HelmChartContainer - [test-hivemq-platform] [hivemq] [0922ffcb] INFO  - Stopping extension with id hivemq-allow-all-extension
2025-01-29 17:08:53,382 INFO c.h.h.t.HelmChartContainer - [test-hivemq-platform] [hivemq] [0922ffcb] INFO  - Extension "Allow All Extension" version 1.1.1 stopped successfully.
2025-01-29 17:08:55,670 INFO c.h.h.t.HelmChartContainer - [test-hivemq-platform] [hivemq] [0922ffcb] INFO  - Shutdown completed.
2025-01-29 17:08:55,823 INFO c.h.h.t.HelmChartContainer - [K3S] [stateful_set.go:466] "StatefulSet has been deleted" key="helmrollingupgradeplatformit/test-hivemq-platform"
2025-01-29 17:08:56,019 INFO c.h.h.t.HelmChartContainer - [test-hivemq-platform] [hivemq] [0922ffcb] INFO  - [HiveMQ Platform Operator Init App 1.7.0-SNAPSHOT] The HiveMQ Platform exited with code 143
2025-01-29 17:08:56,020 INFO c.h.h.t.HelmChartContainer - [test-hivemq-platform] [hivemq] [0922ffcb] INFO  - [HiveMQ Platform Operator Init App 1.7.0-SNAPSHOT] Stopping the REST API
2025-01-29 17:08:56,025 INFO c.h.h.t.HelmChartContainer - [test-hivemq-platform] [hivemq] [0922ffcb] INFO  - [HiveMQ Platform Operator Init App 1.7.0-SNAPSHOT] Shutdown complete
2025-01-29 17:08:56,499 INFO c.h.h.t.HelmChartContainer - [POD] test-hivemq-platform-0 [0922ffcb-b251-4af9-96a3-e0daf1fbbdfb] in helmrollingupgradeplatformit was MODIFIED
2025-01-29 17:08:56,639 INFO c.h.h.t.HelmChartContainer - [K3S] [reconciler_common.go:162] "operationExecutor.UnmountVolume started for volume \"operator-init\" (UniqueName: \"kubernetes.io/empty-dir/0922ffcb-b251-4af9-96a3-e0daf1fbbdfb-operator-init\") pod \"0922ffcb-b251-4af9-96a3-e0daf1fbbdfb\" (UID: \"0922ffcb-b251-4af9-96a3-e0daf1fbbdfb\") "
2025-01-29 17:08:56,639 INFO c.h.h.t.HelmChartContainer - [K3S] [reconciler_common.go:162] "operationExecutor.UnmountVolume started for volume \"pod-info\" (UniqueName: \"kubernetes.io/configmap/0922ffcb-b251-4af9-96a3-e0daf1fbbdfb-pod-info\") pod \"0922ffcb-b251-4af9-96a3-e0daf1fbbdfb\" (UID: \"0922ffcb-b251-4af9-96a3-e0daf1fbbdfb\") "
2025-01-29 17:08:56,639 INFO c.h.h.t.HelmChartContainer - [K3S] [reconciler_common.go:162] "operationExecutor.UnmountVolume started for volume \"kube-api-access-99kt7\" (UniqueName: \"kubernetes.io/projected/0922ffcb-b251-4af9-96a3-e0daf1fbbdfb-kube-api-access-99kt7\") pod \"0922ffcb-b251-4af9-96a3-e0daf1fbbdfb\" (UID: \"0922ffcb-b251-4af9-96a3-e0daf1fbbdfb\") "
2025-01-29 17:08:56,640 INFO c.h.h.t.HelmChartContainer - [K3S] [reconciler_common.go:162] "operationExecutor.UnmountVolume started for volume \"broker-configuration\" (UniqueName: \"kubernetes.io/configmap/0922ffcb-b251-4af9-96a3-e0daf1fbbdfb-broker-configuration\") pod \"0922ffcb-b251-4af9-96a3-e0daf1fbbdfb\" (UID: \"0922ffcb-b251-4af9-96a3-e0daf1fbbdfb\") "
2025-01-29 17:08:56,739 INFO c.h.h.t.HelmChartContainer - [K3S] [reconciler_common.go:299] "Volume detached for volume \"kube-api-access-99kt7\" (UniqueName: \"kubernetes.io/projected/0922ffcb-b251-4af9-96a3-e0daf1fbbdfb-kube-api-access-99kt7\") on node \"28b958d3512c\" DevicePath \"\""
2025-01-29 17:08:56,739 INFO c.h.h.t.HelmChartContainer - [K3S] [reconciler_common.go:299] "Volume detached for volume \"broker-configuration\" (UniqueName: \"kubernetes.io/configmap/0922ffcb-b251-4af9-96a3-e0daf1fbbdfb-broker-configuration\") on node \"28b958d3512c\" DevicePath \"\""
2025-01-29 17:08:56,739 INFO c.h.h.t.HelmChartContainer - [K3S] [reconciler_common.go:299] "Volume detached for volume \"operator-init\" (UniqueName: \"kubernetes.io/empty-dir/0922ffcb-b251-4af9-96a3-e0daf1fbbdfb-operator-init\") on node \"28b958d3512c\" DevicePath \"\""
2025-01-29 17:08:56,739 INFO c.h.h.t.HelmChartContainer - [K3S] [reconciler_common.go:299] "Volume detached for volume \"pod-info\" (UniqueName: \"kubernetes.io/configmap/0922ffcb-b251-4af9-96a3-e0daf1fbbdfb-pod-info\") on node \"28b958d3512c\" DevicePath \"\""
2025-01-29 17:08:57,081 INFO c.h.h.t.HelmChartContainer - [K3S] [scope.go:117] "RemoveContainer" containerID="aa360b0612d91b5332c1e75c4a9b8ffbed178179ad71c47cc0dacc8de91be23e"
2025-01-29 17:08:57,096 INFO c.h.h.t.HelmChartContainer - [POD] test-hivemq-platform-0 [0922ffcb-b251-4af9-96a3-e0daf1fbbdfb] in helmrollingupgradeplatformit was MODIFIED
2025-01-29 17:08:57,099 INFO c.h.h.t.HelmChartContainer - [POD] test-hivemq-platform-0 [0922ffcb-b251-4af9-96a3-e0daf1fbbdfb] in helmrollingupgradeplatformit was DELETED
2025-01-29 17:08:57,177 INFO c.h.h.t.HelmChartContainer - [K3S] [scope.go:117] "RemoveContainer" containerID="dce6c46bf5a9c5461c1f054f3476c8935e366416c8023a293776988703abf8ec"
2025-01-29 17:08:57,181 INFO c.h.h.t.HelmChartContainer - [K3S] [scope.go:117] "RemoveContainer" containerID="aa360b0612d91b5332c1e75c4a9b8ffbed178179ad71c47cc0dacc8de91be23e"
2025-01-29 17:08:57,182 INFO c.h.h.t.HelmChartContainer - [K3S] [scope.go:117] "RemoveContainer" containerID="dce6c46bf5a9c5461c1f054f3476c8935e366416c8023a293776988703abf8ec"
2025-01-29 17:08:57,360 INFO c.h.h.t.HelmChartContainer - [K3S] [kubelet_volumes.go:163] "Cleaned up orphaned pod volumes dir" podUID="0922ffcb-b251-4af9-96a3-e0daf1fbbdfb" path="/var/lib/kubelet/pods/0922ffcb-b251-4af9-96a3-e0daf1fbbdfb/volumes"
2025-01-29 17:09:01,126 INFO c.h.h.t.HelmChartContainer - Namespace 'helmrollingupgradeplatformit' deleted
2025-01-29 17:09:01,126 INFO c.h.h.t.HelmChartContainer - Release 'test-hivemq-platform' in namespace 'helmrollingupgradeplatformit' is uninstalled
2025-01-29 17:09:01,126 INFO c.h.h.t.HelmChartContainer - Uninstalling release 'test-hivemq-platform-operator' in namespace 'helmrollingupgradeplatformit-operator'...
2025-01-29 17:09:01,126 DEBUG c.h.h.t.HelmChartContainer - Executing helm command: /bin/helm --kubeconfig /etc/rancher/k3s/k3s.yaml uninstall test-hivemq-platform-operator  --wait --timeout 5m0s --cascade foreground --namespace helmrollingupgradeplatformit-operator
2025-01-29 17:09:01,289 INFO c.h.h.t.HelmChartContainer - [K3S] [replica_set.go:679] "Finished syncing" kind="ReplicaSet" key="helmrollingupgradeplatformit-operator/hivemq-test-hivemq-platform-operator-6966f96d65" duration="9.345386ms"
2025-01-29 17:09:01,290 INFO c.h.h.t.HelmChartContainer - [K3S] [replica_set.go:679] "Finished syncing" kind="ReplicaSet" key="helmrollingupgradeplatformit-operator/hivemq-test-hivemq-platform-operator-6966f96d65" duration="33.102µs"
2025-01-29 17:09:01,306 INFO c.h.h.t.HelmChartContainer - [POD] hivemq-test-hivemq-platform-operator-6966f96d65-tnvpc [1420f2b2-914e-44ff-b8fb-6af813a37b80] in helmrollingupgradeplatformit-operator was MODIFIED
2025-01-29 17:09:01,316 INFO c.h.h.t.HelmChartContainer - [EVENT] Normal [Killing] Stopping container hivemq-platform-operator [helmrollingupgradeplatformit-operator:hivemq-test-hivemq-platform-operator-6966f96d65-tnvpc]
2025-01-29 17:09:01,316 INFO c.h.h.t.HelmChartContainer - Received Killing event for container hivemq-platform-operator in pod hivemq-test-hivemq-platform-operator-6966f96d65-tnvpc [1420f2b2-914e-44ff-b8fb-6af813a37b80]
2025-01-29 17:09:01,316 INFO c.h.h.t.HelmChartContainer - Container [hivemq-test-hivemq-platform-operator-6966f96d65-tnvpc] [hivemq-platform-operator] [1420f2b2-914e-44ff-b8fb-6af813a37b80] was terminated
2025-01-29 17:09:01,316 INFO c.h.h.t.HelmChartContainer - Stopped log watcher for hivemq-platform-operator in pod hivemq-test-hivemq-platform-operator-6966f96d65-tnvpc [1420f2b2-914e-44ff-b8fb-6af813a37b80]
2025-01-29 17:09:01,322 INFO c.h.h.t.HelmChartContainer - [hivemq-test-hivemq-platform] [hivemq-platform-operator] [1420f2b2] 17:09:01.319 [application-shutdown-thread] INFO  c.h.p.o.HiveMQPlatformOperatorApplication - HiveMQ Platform Operator is stopping...
2025-01-29 17:09:01,322 INFO c.h.h.t.HelmChartContainer - [hivemq-test-hivemq-platform] [hivemq-platform-operator] [1420f2b2] 17:09:01.319 [application-shutdown-thread] INFO  i.javaoperatorsdk.operator.Operator - Operator SDK 4.9.7 is shutting down...
2025-01-29 17:09:01,323 INFO c.h.h.t.HelmChartContainer - [K3S] [replica_set.go:679] "Finished syncing" kind="ReplicaSet" key="helmrollingupgradeplatformit-operator/hivemq-test-hivemq-platform-operator-6966f96d65" duration="15.217959ms"
2025-01-29 17:09:01,323 INFO c.h.h.t.HelmChartContainer - [K3S] [replica_set.go:679] "Finished syncing" kind="ReplicaSet" key="helmrollingupgradeplatformit-operator/hivemq-test-hivemq-platform-operator-6966f96d65" duration="37.98µs"
2025-01-29 17:09:01,748 INFO c.h.h.t.HelmChartContainer - [EVENT] Warning [Unhealthy] Readiness probe failed: Get "http://10.42.0.9:8080/health/readiness": dial tcp 10.42.0.9:8080: connect: connection refused [helmrollingupgradeplatformit-operator:hivemq-test-hivemq-platform-operator-6966f96d65-tnvpc]
2025-01-29 17:09:01,748 INFO c.h.h.t.HelmChartContainer - Received Unhealthy event for container hivemq-platform-operator in pod hivemq-test-hivemq-platform-operator-6966f96d65-tnvpc [1420f2b2-914e-44ff-b8fb-6af813a37b80]
2025-01-29 17:09:01,940 INFO c.h.h.t.HelmChartContainer - [K3S] [replica_set.go:679] "Finished syncing" kind="ReplicaSet" key="helmrollingupgradeplatformit-operator/hivemq-test-hivemq-platform-operator-6966f96d65" duration="56.535µs"
2025-01-29 17:09:01,940 INFO c.h.h.t.HelmChartContainer - [POD] hivemq-test-hivemq-platform-operator-6966f96d65-tnvpc [1420f2b2-914e-44ff-b8fb-6af813a37b80] in helmrollingupgradeplatformit-operator was MODIFIED
2025-01-29 17:09:02,065 INFO c.h.h.t.HelmChartContainer - [K3S] [reconciler_common.go:162] "operationExecutor.UnmountVolume started for volume \"kube-api-access-d4pf4\" (UniqueName: \"kubernetes.io/projected/1420f2b2-914e-44ff-b8fb-6af813a37b80-kube-api-access-d4pf4\") pod \"1420f2b2-914e-44ff-b8fb-6af813a37b80\" (UID: \"1420f2b2-914e-44ff-b8fb-6af813a37b80\") "
2025-01-29 17:09:02,089 INFO c.h.h.t.HelmChartContainer - [K3S] [scope.go:117] "RemoveContainer" containerID="93c6457f1713f0c834fdc43e025c920051fafa825a178e9b8e1ca3e511b469b5"
2025-01-29 17:09:02,098 INFO c.h.h.t.HelmChartContainer - [K3S] [scope.go:117] "RemoveContainer" containerID="93c6457f1713f0c834fdc43e025c920051fafa825a178e9b8e1ca3e511b469b5"
2025-01-29 17:09:02,103 INFO c.h.h.t.HelmChartContainer - [K3S] [replica_set.go:679] "Finished syncing" kind="ReplicaSet" key="helmrollingupgradeplatformit-operator/hivemq-test-hivemq-platform-operator-6966f96d65" duration="43.1µs"
2025-01-29 17:09:02,103 INFO c.h.h.t.HelmChartContainer - [POD] hivemq-test-hivemq-platform-operator-6966f96d65-tnvpc [1420f2b2-914e-44ff-b8fb-6af813a37b80] in helmrollingupgradeplatformit-operator was MODIFIED
2025-01-29 17:09:02,105 INFO c.h.h.t.HelmChartContainer - [POD] hivemq-test-hivemq-platform-operator-6966f96d65-tnvpc [1420f2b2-914e-44ff-b8fb-6af813a37b80] in helmrollingupgradeplatformit-operator was DELETED
2025-01-29 17:09:02,105 INFO c.h.h.t.HelmChartContainer - [K3S] [replica_set.go:679] "Finished syncing" kind="ReplicaSet" key="helmrollingupgradeplatformit-operator/hivemq-test-hivemq-platform-operator-6966f96d65" duration="29.575µs"
2025-01-29 17:09:02,114 INFO c.h.h.t.HelmChartContainer - [K3S] [replica_set.go:679] "Finished syncing" kind="ReplicaSet" key="helmrollingupgradeplatformit-operator/hivemq-test-hivemq-platform-operator-6966f96d65" duration="5.54µs"
2025-01-29 17:09:02,165 INFO c.h.h.t.HelmChartContainer - [K3S] [reconciler_common.go:299] "Volume detached for volume \"kube-api-access-d4pf4\" (UniqueName: \"kubernetes.io/projected/1420f2b2-914e-44ff-b8fb-6af813a37b80-kube-api-access-d4pf4\") on node \"28b958d3512c\" DevicePath \"\""
2025-01-29 17:09:03,335 INFO c.h.h.t.HelmChartContainer - Deleting namespace 'helmrollingupgradeplatformit-operator'...
2025-01-29 17:09:03,360 INFO c.h.h.t.HelmChartContainer - [K3S] [kubelet_volumes.go:163] "Cleaned up orphaned pod volumes dir" podUID="1420f2b2-914e-44ff-b8fb-6af813a37b80" path="/var/lib/kubelet/pods/1420f2b2-914e-44ff-b8fb-6af813a37b80/volumes"
2025-01-29 17:09:06,028 INFO c.h.h.t.HelmChartContainer - [K3S] [namespace_controller.go:187] "Namespace has been deleted" namespace="helmrollingupgradeplatformit"
2025-01-29 17:09:08,551 INFO c.h.h.t.HelmChartContainer - Namespace 'helmrollingupgradeplatformit-operator' deleted
2025-01-29 17:09:08,551 INFO c.h.h.t.HelmChartContainer - Release 'test-hivemq-platform-operator' in namespace 'helmrollingupgradeplatformit-operator' is uninstalled
2025-01-29 17:09:09,411 INFO c.h.helmcharts.AbstractHelmChartIT - Removed unused containers:

2025-01-29 17:09:13,465 INFO c.h.h.t.HelmChartContainer - [K3S] [namespace_controller.go:187] "Namespace has been deleted" namespace="helmrollingupgradeplatformit-operator"
2025-01-29 17:09:18,774 INFO c.h.helmcharts.AbstractHelmChartIT - Removed unused snapshots:
Removing snapshot sha256:026a712f86a389a5fd74927b58e3b9c46d97b4685244a93cf8afd5dd2d926256
Removing snapshot sha256:03af251906410714c5aef9fa705b63f6bbc39c4a5e787de7361eeb18886c2ed2
Removing snapshot sha256:04586d725303b4dcbc0cdc42a56e7852bc8859e90a3b42def5c29ab6c5b2378a
Removing snapshot sha256:0c46b3b43cce082ce5ec34ffc6c294e0417d17b9d1e6f366d114b6aadc4f96dc
Removing snapshot sha256:0ce761beee59082d6ed5bcebd3a805b8ddd9b3426b617e4809e7fb7c6587ffec
Removing snapshot sha256:0df91287303208332c8ff6ba40ae4710105201739addbfbddfb955f1ad593664
Removing snapshot sha256:1021ef88c7974bfff89c5a0ec4fd3160daac6c48a075f74cff721f85dd104e68
Removing snapshot sha256:10aba4953ddc18145dd38e3704709bc464aa20af60b56fe52caaff4b68411e62
Removing snapshot sha256:12fcdb97878a8124028dd759e7639b77bca16c0f46aabea18189ae25af2554ab
Removing snapshot sha256:2573e0d8158209ed54ab25c87bcdcb00bd3d2539246960a3d592a1c599d70465
Removing snapshot sha256:362a8a37f8bbc31925a8146adcf7cf51f9882f5c1dcbef67c5baa03a297543c0
Removing snapshot sha256:3fa4ad33f0ddc8fd45b39b6b4640f82a3a83619606cd975bfe89d8710ad2d4cd
Removing snapshot sha256:43a7c979bbaba6838bc3102d6b10a1459f3ab050b87ccdfef84ef90cf43d3058
Removing snapshot sha256:4ab04491cdf0d3267f08206fe30bd48f49f94b9cab2f016d6739220f722a64af
Removing snapshot sha256:4b6068250e89c96f263060261819c7d912855bfbd64b3eb4c4a8483299b8c295
Removing snapshot sha256:54760460dde328a0df5fb97426e3821ea3128f2a777231b6e8478cdaf84d50a9
Removing snapshot sha256:580e69a0a8034ede1921139bbd2bfb72a69ebf276d008281896c32dd8bf74775
Removing snapshot sha256:5ad32423e4b556ca23e4a282f00b6c28ba2ec8ad2b7822350a080868a3597d3e
Removing snapshot sha256:5d30ba46b27fe37484567ccc5242cadc78217b8da605f3f195ef25cbf7487904
Removing snapshot sha256:63ca1fbb43ae5034640e5e6cb3e083e05c290072c5366fcaa9d62435a4cced85
Removing snapshot sha256:67f702c6baae873bceb19487c8b1f27bd2b86077e4f2f0e480e6d60ab508b8f5
Removing snapshot sha256:6864348dd42806d552efdec384f1274be15e2d0c10ce44c1f04347af004c10a9
Removing snapshot sha256:6b6a1f10cca10ea08499c191fc025406a23858de44f58930b06dc6608ff034e5
Removing snapshot sha256:6c7dee8f2c39b84b7dc2711c01d33de93514d9055499173e9290176fbe484b6c
Removing snapshot sha256:82753493a6d61ded36556292f02f31841a14c20d2f279f19eaad65afb661d5cd
Removing snapshot sha256:8a10d3db42c505ee0fcfa98417bdd7e39b304f6bcc0a06bb1b220797ff2cc63c
Removing snapshot sha256:91d999385603fa1c4fe70f77a3f0239f1b2f47a031c7dfd0371df7ad8d34a263
Removing snapshot sha256:a0904247e36a7726c03c71ee48f3e64462021c88dafeb13f37fdaf613b27f11c
Removing snapshot sha256:a21e5b12dbac529ad45d976eb9ce45c881f3bedcc500fb30aba1e52aa1813418
Removing snapshot sha256:b921e6c28969094157f9b8e7244677780319637afd14450b7cb6b2fdea558a0c
Removing snapshot sha256:bc27ecb5769a00e309cf99ebc763c4a4b958b618d1decc96ffac5bc05f02f5b7
Removing snapshot sha256:be3ccb6627a5332e309d45ef461d09b4879dd870c7394d89323d0ebc6ca6aa8a
Removing snapshot sha256:c261f7cbbc64211ee175ee47273acdb7b1a36a4450b397a064a8f2c026490095
Removing snapshot sha256:c2defbdf7b27c1426bfe2fb95e7c17f80b0a325b400bc8d0a3dea39594a74b59
Removing snapshot sha256:c34d9393647eea0c9e3557ab988efaf59f61d10a2a5613b439ef0958cca5ec10
Removing snapshot sha256:ccf3c4a0fa967a41c1c83497a2ce6fa5787965859df0adb32c4ca2cf7490bc2b
Removing snapshot sha256:cf92d33f869417309692088c341cd0f223c178ea78a125f757317b22aa8f90e9
Removing snapshot sha256:d0037344cf2fb078884f1849f6a1f8cf9a33a3b6139b6a85833e5ee528e1f9a8
Removing snapshot sha256:d3b36d5b79273b1e98e7700470eaeff05a882e777124d84cebcc1505b85ecb36
Removing snapshot sha256:d65a44a37914602d12c611e5e22a50f11451d847e63015cc1c2aef92dee777a4
Removing snapshot sha256:e2dc0bae2455930f23ae570e019b7f32edc75c0f2d71cab084db837ff9051796
Removing snapshot sha256:eccbd24a99c60cd9e86ee5305dbfc4a4dc89f5ab4fb1f06c8d64797cecedef34
Removing snapshot sha256:f144bb4c7c7f0d2aa7eeffd36d934ec40db1ee167be727e326aad9fdc616f475

]]></system-out>
  </testcase>
  <system-out><![CDATA[2025-01-29 17:05:16,697 INFO c.h.h.t.HelmChartContainerExtension - Using cached HelmChartContainer instance
]]></system-out>
  <system-err><![CDATA[]]></system-err>
</testsuite>
