<?xml version="1.0" encoding="UTF-8"?>
<testsuite name="com.hivemq.helmcharts.volumes.HelmVolumeClaimTemplatesIT" tests="1" skipped="0" failures="0" errors="0" timestamp="2025-01-28T21:18:43" hostname="fv-az1344-873" time="360.881">
  <properties/>
  <testcase name="platform_whenVolumeClaimTemplateIsConfigured_withAdditionalVolumes_thenPersistentVolumeClaimsCreated()" classname="com.hivemq.helmcharts.volumes.HelmVolumeClaimTemplatesIT" time="360.881">
    <system-out><![CDATA[2025-01-28 21:18:43,872 INFO c.h.h.t.HelmChartContainer - Creating namespace 'helmvolumeclaimtemplatesit-operator'...
2025-01-28 21:18:43,882 INFO c.h.h.t.HelmChartContainer - Namespace 'helmvolumeclaimtemplatesit-operator' created
2025-01-28 21:18:43,882 INFO c.h.h.t.HelmChartContainer - Creating namespace 'helmvolumeclaimtemplatesit'...
2025-01-28 21:18:43,982 INFO c.h.h.t.HelmChartContainer - Namespace 'helmvolumeclaimtemplatesit' created
2025-01-28 21:18:44,062 DEBUG c.h.h.t.HelmChartContainer - Executing helm command: /bin/helm --kubeconfig /etc/rancher/k3s/k3s.yaml install test-hivemq-platform-operator /charts/hivemq-platform-operator --wait --timeout 5m0s --set image.repository=docker.io/hivemq --set image.name=hivemq-platform-operator-test --set image.initImageName=hivemq-platform-operator-init-test --set image.tag=snapshot --set image.pullPolicy=Never --set logLevel=DEBUG --set resources.cpu=512m --namespace helmvolumeclaimtemplatesit-operator
2025-01-28 21:18:44,439 INFO c.h.h.t.HelmChartContainer - [K3S] [alloc.go:330] "allocated clusterIPs" service="helmvolumeclaimtemplatesit-operator/hivemq-platform-operator-test-hivemq-platform-operator" clusterIPs={"IPv4":"10.43.121.248"}
2025-01-28 21:18:44,452 INFO c.h.h.t.HelmChartContainer - [EVENT] Normal [ScalingReplicaSet] Scaled up replica set hivemq-test-hivemq-platform-operator-6966f96d65 from 0 to 1 [helmvolumeclaimtemplatesit-operator:hivemq-test-hivemq-platform-operator]
2025-01-28 21:18:44,459 INFO c.h.h.t.HelmChartContainer - [POD] hivemq-test-hivemq-platform-operator-6966f96d65-27lq5 [68e05e19-ced2-4f71-9569-b2314faeb896] in helmvolumeclaimtemplatesit-operator was ADDED
2025-01-28 21:18:44,467 INFO c.h.h.t.HelmChartContainer - [K3S] [replica_set.go:679] "Finished syncing" kind="ReplicaSet" key="helmvolumeclaimtemplatesit-operator/hivemq-test-hivemq-platform-operator-6966f96d65" duration="15.080639ms"
2025-01-28 21:18:44,468 INFO c.h.h.t.HelmChartContainer - [K3S] [memory_manager.go:355] "RemoveStaleState removing state" podUID="6e86860b-ee14-4554-aab4-c2d619789c85" containerName="hivemq-platform-operator"
2025-01-28 21:18:44,469 INFO c.h.h.t.HelmChartContainer - [K3S] [memory_manager.go:355] "RemoveStaleState removing state" podUID="b79d05e9-1d10-4a9f-add6-086deb559d74" containerName="hivemq"
2025-01-28 21:18:44,469 INFO c.h.h.t.HelmChartContainer - [EVENT] Normal [SuccessfulCreate] Created pod: hivemq-test-hivemq-platform-operator-6966f96d65-27lq5 [helmvolumeclaimtemplatesit-operator:hivemq-test-hivemq-platform-operator-6966f96d65]
2025-01-28 21:18:44,473 INFO c.h.h.t.HelmChartContainer - [EVENT] Normal [Scheduled] Successfully assigned helmvolumeclaimtemplatesit-operator/hivemq-test-hivemq-platform-operator-6966f96d65-27lq5 to 579ae00a3440 [helmvolumeclaimtemplatesit-operator:hivemq-test-hivemq-platform-operator-6966f96d65-27lq5]
2025-01-28 21:18:44,473 INFO c.h.h.t.HelmChartContainer - [POD] hivemq-test-hivemq-platform-operator-6966f96d65-27lq5 [68e05e19-ced2-4f71-9569-b2314faeb896] in helmvolumeclaimtemplatesit-operator was MODIFIED
2025-01-28 21:18:44,488 INFO c.h.h.t.HelmChartContainer - [K3S] [replica_set.go:679] "Finished syncing" kind="ReplicaSet" key="helmvolumeclaimtemplatesit-operator/hivemq-test-hivemq-platform-operator-6966f96d65" duration="23.94284ms"
2025-01-28 21:18:44,488 INFO c.h.h.t.HelmChartContainer - [K3S] [replica_set.go:679] "Finished syncing" kind="ReplicaSet" key="helmvolumeclaimtemplatesit-operator/hivemq-test-hivemq-platform-operator-6966f96d65" duration="81.191µs"
2025-01-28 21:18:44,489 INFO c.h.h.t.HelmChartContainer - [POD] hivemq-test-hivemq-platform-operator-6966f96d65-27lq5 [68e05e19-ced2-4f71-9569-b2314faeb896] in helmvolumeclaimtemplatesit-operator was MODIFIED
2025-01-28 21:18:44,577 INFO c.h.h.t.HelmChartContainer - [K3S] [reconciler_common.go:251] "operationExecutor.VerifyControllerAttachedVolume started for volume \"kube-api-access-7l9p6\" (UniqueName: \"kubernetes.io/projected/68e05e19-ced2-4f71-9569-b2314faeb896-kube-api-access-7l9p6\") pod \"hivemq-test-hivemq-platform-operator-6966f96d65-27lq5\" (UID: \"68e05e19-ced2-4f71-9569-b2314faeb896\") " pod="helmvolumeclaimtemplatesit-operator/hivemq-test-hivemq-platform-operator-6966f96d65-27lq5"
2025-01-28 21:18:44,869 INFO c.h.h.t.HelmChartContainer - [EVENT] Normal [Pulled] Container image "docker.io/hivemq/hivemq-platform-operator-test:snapshot" already present on machine [helmvolumeclaimtemplatesit-operator:hivemq-test-hivemq-platform-operator-6966f96d65-27lq5]
2025-01-28 21:18:44,870 INFO c.h.h.t.HelmChartContainer - Received Pulled event for container hivemq-platform-operator in pod hivemq-test-hivemq-platform-operator-6966f96d65-27lq5 [68e05e19-ced2-4f71-9569-b2314faeb896]
2025-01-28 21:18:46,134 INFO c.h.h.t.HelmChartContainer - [EVENT] Normal [Created] Created container: hivemq-platform-operator [helmvolumeclaimtemplatesit-operator:hivemq-test-hivemq-platform-operator-6966f96d65-27lq5]
2025-01-28 21:18:46,134 INFO c.h.h.t.HelmChartContainer - Received Created event for container hivemq-platform-operator in pod hivemq-test-hivemq-platform-operator-6966f96d65-27lq5 [68e05e19-ced2-4f71-9569-b2314faeb896]
2025-01-28 21:18:46,644 INFO c.h.h.t.HelmChartContainer - [K3S] [replica_set.go:679] "Finished syncing" kind="ReplicaSet" key="helmvolumeclaimtemplatesit-operator/hivemq-test-hivemq-platform-operator-6966f96d65" duration="77.655µs"
2025-01-28 21:18:46,650 INFO c.h.h.t.HelmChartContainer - [POD] hivemq-test-hivemq-platform-operator-6966f96d65-27lq5 [68e05e19-ced2-4f71-9569-b2314faeb896] in helmvolumeclaimtemplatesit-operator was MODIFIED
2025-01-28 21:18:46,661 INFO c.h.h.t.HelmChartContainer - [EVENT] Normal [Started] Started container hivemq-platform-operator [helmvolumeclaimtemplatesit-operator:hivemq-test-hivemq-platform-operator-6966f96d65-27lq5]
2025-01-28 21:18:46,661 INFO c.h.h.t.HelmChartContainer - Received Started event for container hivemq-platform-operator in pod hivemq-test-hivemq-platform-operator-6966f96d65-27lq5 [68e05e19-ced2-4f71-9569-b2314faeb896]
2025-01-28 21:18:46,661 INFO c.h.h.t.HelmChartContainer - Started log watcher for hivemq-platform-operator in pod hivemq-test-hivemq-platform-operator-6966f96d65-27lq5 [68e05e19-ced2-4f71-9569-b2314faeb896]
2025-01-28 21:18:46,662 INFO c.h.h.t.HelmChartContainer - [hivemq-test-hivemq-platform] [hivemq-platform-operator] [68e05e19] -------------------------------------------------------------------------
2025-01-28 21:18:46,662 INFO c.h.h.t.HelmChartContainer - [hivemq-test-hivemq-platform] [hivemq-platform-operator] [68e05e19] 
2025-01-28 21:18:46,662 INFO c.h.h.t.HelmChartContainer - [hivemq-test-hivemq-platform] [hivemq-platform-operator] [68e05e19]                   _    _  _              __  __   ____
2025-01-28 21:18:46,662 INFO c.h.h.t.HelmChartContainer - [hivemq-test-hivemq-platform] [hivemq-platform-operator] [68e05e19]                  | |  | |(_)            |  \/  | / __ \
2025-01-28 21:18:46,662 INFO c.h.h.t.HelmChartContainer - [hivemq-test-hivemq-platform] [hivemq-platform-operator] [68e05e19]                  | |__| | _ __   __ ___ | \  / || |  | |
2025-01-28 21:18:46,662 INFO c.h.h.t.HelmChartContainer - [hivemq-test-hivemq-platform] [hivemq-platform-operator] [68e05e19]                  |  __  || |\ \ / // _ \| |\/| || |  | |
2025-01-28 21:18:46,662 INFO c.h.h.t.HelmChartContainer - [hivemq-test-hivemq-platform] [hivemq-platform-operator] [68e05e19]                  | |  | || | \ V /|  __/| |  | || |__| |
2025-01-28 21:18:46,662 INFO c.h.h.t.HelmChartContainer - [hivemq-test-hivemq-platform] [hivemq-platform-operator] [68e05e19]                  |_|  |_||_|  \_/  \___||_|  |_| \___\_\
2025-01-28 21:18:46,662 INFO c.h.h.t.HelmChartContainer - [hivemq-test-hivemq-platform] [hivemq-platform-operator] [68e05e19] 
2025-01-28 21:18:46,662 INFO c.h.h.t.HelmChartContainer - [hivemq-test-hivemq-platform] [hivemq-platform-operator] [68e05e19] -------------------------------------------------------------------------
2025-01-28 21:18:46,662 INFO c.h.h.t.HelmChartContainer - [hivemq-test-hivemq-platform] [hivemq-platform-operator] [68e05e19] 
2025-01-28 21:18:46,662 INFO c.h.h.t.HelmChartContainer - [hivemq-test-hivemq-platform] [hivemq-platform-operator] [68e05e19]   HiveMQ Platform Operator Start Script v1.0
2025-01-28 21:18:46,662 INFO c.h.h.t.HelmChartContainer - [hivemq-test-hivemq-platform] [hivemq-platform-operator] [68e05e19] 
2025-01-28 21:18:46,662 INFO c.h.h.t.HelmChartContainer - [hivemq-test-hivemq-platform] [hivemq-platform-operator] [68e05e19] -------------------------------------------------------------------------
2025-01-28 21:18:46,662 INFO c.h.h.t.HelmChartContainer - [hivemq-test-hivemq-platform] [hivemq-platform-operator] [68e05e19] 
2025-01-28 21:18:46,662 INFO c.h.h.t.HelmChartContainer - [hivemq-test-hivemq-platform] [hivemq-platform-operator] [68e05e19]   JAVA_OPTS: -XX:+UnlockExperimentalVMOptions -XX:InitialRAMPercentage=75 -XX:MaxRAMPercentage=75 -Duser.language=en -Duser.region=US
2025-01-28 21:18:46,662 INFO c.h.h.t.HelmChartContainer - [hivemq-test-hivemq-platform] [hivemq-platform-operator] [68e05e19] 
2025-01-28 21:18:46,662 INFO c.h.h.t.HelmChartContainer - [hivemq-test-hivemq-platform] [hivemq-platform-operator] [68e05e19]   JAVA_VERSION: 21
2025-01-28 21:18:46,662 INFO c.h.h.t.HelmChartContainer - [hivemq-test-hivemq-platform] [hivemq-platform-operator] [68e05e19] 
2025-01-28 21:18:46,662 INFO c.h.h.t.HelmChartContainer - [hivemq-test-hivemq-platform] [hivemq-platform-operator] [68e05e19] -------------------------------------------------------------------------
2025-01-28 21:18:46,662 INFO c.h.h.t.HelmChartContainer - [hivemq-test-hivemq-platform] [hivemq-platform-operator] [68e05e19] 
2025-01-28 21:18:49,645 INFO c.h.h.t.HelmChartContainer - [hivemq-test-hivemq-platform] [hivemq-platform-operator] [68e05e19] 21:18:49.642 [main] DEBUG org.jboss.logging - Logging Provider: org.jboss.logging.Slf4jLoggerProvider
2025-01-28 21:18:49,792 INFO c.h.h.t.HelmChartContainer - [hivemq-test-hivemq-platform] [hivemq-platform-operator] [68e05e19] 21:18:49.791 [main] DEBUG io.smallrye.config - SRCFG01006: Loaded ConfigSource SysPropConfigSource with ordinal 400
2025-01-28 21:18:49,792 INFO c.h.h.t.HelmChartContainer - [hivemq-test-hivemq-platform] [hivemq-platform-operator] [68e05e19] 21:18:49.791 [main] DEBUG io.smallrye.config - SRCFG01006: Loaded ConfigSource EnvConfigSource with ordinal 300
2025-01-28 21:18:49,792 INFO c.h.h.t.HelmChartContainer - [hivemq-test-hivemq-platform] [hivemq-platform-operator] [68e05e19] 21:18:49.791 [main] DEBUG io.smallrye.config - SRCFG01006: Loaded ConfigSource PropertiesConfigSource[source=jar:file:///opt/hivemq-platform-operator/bin/hivemq-platform-operator.jar!/hivemq-platform-operator.properties] with ordinal 100
2025-01-28 21:18:49,792 INFO c.h.h.t.HelmChartContainer - [hivemq-test-hivemq-platform] [hivemq-platform-operator] [68e05e19] 21:18:49.791 [main] DEBUG io.smallrye.config - SRCFG01006: Loaded ConfigSource DefaultValuesConfigSource with ordinal -2147483648
2025-01-28 21:18:49,895 INFO c.h.h.t.HelmChartContainer - [hivemq-test-hivemq-platform] [hivemq-platform-operator] [68e05e19] 21:18:49.894 [main] DEBUG i.m.c.u.i.l.InternalLoggerFactory - Using SLF4J as the default logging framework
2025-01-28 21:18:50,049 INFO c.h.h.t.HelmChartContainer - [hivemq-test-hivemq-platform] [hivemq-platform-operator] [68e05e19] 21:18:50.041 [main] INFO  c.h.p.o.HiveMQPlatformOperatorApplication - HiveMQ Platform Operator 1.7.0-SNAPSHOT (commit: bebf408 on branch: HEAD) built on Sun Jan 26 20:47:47 UTC 2025
2025-01-28 21:18:50,049 INFO c.h.h.t.HelmChartContainer - [hivemq-test-hivemq-platform] [hivemq-platform-operator] [68e05e19] 21:18:50.047 [main] INFO  c.h.p.o.HiveMQPlatformOperatorApplication - HiveMQ Platform Operator is running in namespace: helmvolumeclaimtemplatesit-operator
2025-01-28 21:18:50,049 INFO c.h.h.t.HelmChartContainer - [hivemq-test-hivemq-platform] [hivemq-platform-operator] [68e05e19] 21:18:50.047 [main] INFO  c.h.p.o.HiveMQPlatformOperatorApplication - Watching all namespaces
2025-01-28 21:18:50,049 INFO c.h.h.t.HelmChartContainer - [hivemq-test-hivemq-platform] [hivemq-platform-operator] [68e05e19] 21:18:50.047 [main] INFO  c.h.p.o.HiveMQPlatformOperatorApplication - Log level: DEBUG
2025-01-28 21:18:50,049 INFO c.h.h.t.HelmChartContainer - [hivemq-test-hivemq-platform] [hivemq-platform-operator] [68e05e19] 21:18:50.047 [main] INFO  c.h.p.o.HiveMQPlatformOperatorApplication - Release name: test-hivemq-platform-operator
2025-01-28 21:18:50,049 INFO c.h.h.t.HelmChartContainer - [hivemq-test-hivemq-platform] [hivemq-platform-operator] [68e05e19] 21:18:50.047 [main] INFO  c.h.p.o.HiveMQPlatformOperatorApplication - HiveMQ Platform Operator Init image: docker.io/hivemq/hivemq-platform-operator-init-test:snapshot
2025-01-28 21:18:50,050 INFO c.h.h.t.HelmChartContainer - [hivemq-test-hivemq-platform] [hivemq-platform-operator] [68e05e19] 21:18:50.048 [main] INFO  c.h.p.o.HiveMQPlatformOperatorApplication - HiveMQ Platform Operator Init App update URL: http://hivemq-platform-operator-test-hivemq-platform-operator.helmvolumeclaimtemplatesit-operator.svc:8080/initAppUpdate/hivemq-platform-operator-init-app-1.7.0-SNAPSHOT.jar
2025-01-28 21:18:50,050 INFO c.h.h.t.HelmChartContainer - [hivemq-test-hivemq-platform] [hivemq-platform-operator] [68e05e19] 21:18:50.048 [main] INFO  c.h.p.o.HiveMQPlatformOperatorApplication - Additional imagePullSecret for all Platform deployments: none
2025-01-28 21:18:50,050 INFO c.h.h.t.HelmChartContainer - [hivemq-test-hivemq-platform] [hivemq-platform-operator] [68e05e19] 21:18:50.048 [main] INFO  c.h.p.o.HiveMQPlatformOperatorApplication - Apply HiveMQ Platform CRD: true
2025-01-28 21:18:50,050 INFO c.h.h.t.HelmChartContainer - [hivemq-test-hivemq-platform] [hivemq-platform-operator] [68e05e19] 21:18:50.048 [main] INFO  c.h.p.o.HiveMQPlatformOperatorApplication - Create Platform ServiceAccount: true
2025-01-28 21:18:50,050 INFO c.h.h.t.HelmChartContainer - [hivemq-test-hivemq-platform] [hivemq-platform-operator] [68e05e19] 21:18:50.048 [main] INFO  c.h.p.o.HiveMQPlatformOperatorApplication - Create Platform ServiceAccount permissions: true
2025-01-28 21:18:50,050 INFO c.h.h.t.HelmChartContainer - [hivemq-test-hivemq-platform] [hivemq-platform-operator] [68e05e19] 21:18:50.048 [main] INFO  c.h.p.o.HiveMQPlatformOperatorApplication - Validate Platform ServiceAccount: true
2025-01-28 21:18:50,050 INFO c.h.h.t.HelmChartContainer - [hivemq-test-hivemq-platform] [hivemq-platform-operator] [68e05e19] 21:18:50.048 [main] INFO  c.h.p.o.HiveMQPlatformOperatorApplication - Validate Platform ServiceAccount permissions: true
2025-01-28 21:18:50,239 INFO c.h.h.t.HelmChartContainer - [hivemq-test-hivemq-platform] [hivemq-platform-operator] [68e05e19] 21:18:50.238 [main] INFO  c.h.platform.operator.util.CRDUtil - Verifying deployed HiveMQ Platform CRD...
2025-01-28 21:18:53,134 INFO c.h.h.t.HelmChartContainer - [hivemq-test-hivemq-platform] [hivemq-platform-operator] [68e05e19] 21:18:53.132 [main] DEBUG c.h.platform.operator.util.CRDUtil - HiveMQ Platform CRD version v1 is up to date
2025-01-28 21:18:53,135 INFO c.h.h.t.HelmChartContainer - [hivemq-test-hivemq-platform] [hivemq-platform-operator] [68e05e19] 21:18:53.133 [main] INFO  c.h.platform.operator.util.CRDUtil - HiveMQ Platform CRD is up to date (version: V1_6_0)
2025-01-28 21:18:53,135 INFO c.h.h.t.HelmChartContainer - [hivemq-test-hivemq-platform] [hivemq-platform-operator] [68e05e19] 21:18:53.133 [main] INFO  c.h.platform.operator.util.CRDUtil - Waiting 10000 ms for HiveMQ Platform CRD 'hivemq-platforms.hivemq.com' to become ready...
2025-01-28 21:18:53,490 INFO c.h.h.t.HelmChartContainer - [hivemq-test-hivemq-platform] [hivemq-platform-operator] [68e05e19] 21:18:53.488 [vert.x-eventloop-thread-1] DEBUG c.h.platform.operator.util.CRDUtil - Checking CRD condition 'NamesAccepted' (status: 'True')
2025-01-28 21:18:53,490 INFO c.h.h.t.HelmChartContainer - [hivemq-test-hivemq-platform] [hivemq-platform-operator] [68e05e19] 21:18:53.489 [vert.x-eventloop-thread-1] DEBUG c.h.platform.operator.util.CRDUtil - Checking CRD condition 'Established' (status: 'True')
2025-01-28 21:18:53,491 INFO c.h.h.t.HelmChartContainer - [hivemq-test-hivemq-platform] [hivemq-platform-operator] [68e05e19] 21:18:53.489 [main] INFO  c.h.platform.operator.util.CRDUtil - HiveMQ Platform CRD 'hivemq-platforms.hivemq.com' is ready
2025-01-28 21:18:53,740 INFO c.h.h.t.HelmChartContainer - [hivemq-test-hivemq-platform] [hivemq-platform-operator] [68e05e19] 21:18:53.739 [main] INFO  c.h.p.o.HiveMQPlatformReconciler - HiveMQ Platform Operator is starting...
2025-01-28 21:18:53,847 INFO c.h.h.t.HelmChartContainer - [hivemq-test-hivemq-platform] [hivemq-platform-operator] [68e05e19] 21:18:53.846 [main] WARN  Default ConfigurationService implementation - Configuration for reconciler 'hivemq-controller' was not found. Known reconcilers: None.
2025-01-28 21:18:53,939 INFO c.h.h.t.HelmChartContainer - [hivemq-test-hivemq-platform] [hivemq-platform-operator] [68e05e19] 21:18:53.936 [main] INFO  Default ConfigurationService implementation - Created configuration for reconciler com.hivemq.platform.operator.HiveMQPlatformReconciler with name hivemq-controller
2025-01-28 21:18:54,046 INFO c.h.h.t.HelmChartContainer - [hivemq-test-hivemq-platform] [hivemq-platform-operator] [68e05e19] 21:18:54.045 [main] DEBUG c.h.p.o.HiveMQPlatformReconciler - HiveMQ Platform Operator is preparing EventSources
2025-01-28 21:18:54,137 INFO c.h.h.t.HelmChartContainer - [hivemq-test-hivemq-platform] [hivemq-platform-operator] [68e05e19] 21:18:54.136 [main] INFO  i.javaoperatorsdk.operator.Operator - Registered reconciler: 'hivemq-controller' for resource: 'class com.hivemq.platform.operator.v1.HiveMQPlatform' for namespace(s): [all namespaces]
2025-01-28 21:18:54,736 INFO c.h.h.t.HelmChartContainer - [hivemq-test-hivemq-platform] [hivemq-platform-operator] [68e05e19] 21:18:54.735 [main] INFO  c.h.p.operator.webserver.JettyServer - Starting Jetty server on port 8080
2025-01-28 21:18:54,791 INFO c.h.h.t.HelmChartContainer - [hivemq-test-hivemq-platform] [hivemq-platform-operator] [68e05e19] 21:18:54.789 [main] INFO  i.javaoperatorsdk.operator.Operator - Operator SDK 4.9.7 (commit: 2133d28) built on Wed Nov 20 12:56:20 UTC 2024 starting...
2025-01-28 21:18:54,833 INFO c.h.h.t.HelmChartContainer - [hivemq-test-hivemq-platform] [hivemq-platform-operator] [68e05e19] 21:18:54.831 [main] INFO  i.javaoperatorsdk.operator.Operator - Client version: 6.13.4
2025-01-28 21:18:54,834 INFO c.h.h.t.HelmChartContainer - [hivemq-test-hivemq-platform] [hivemq-platform-operator] [68e05e19] 21:18:54.833 [Controller Starter for: hivemq-controller] INFO  i.j.operator.processing.Controller - Starting 'hivemq-controller' controller for reconciler: com.hivemq.platform.operator.HiveMQPlatformReconciler, resource: com.hivemq.platform.operator.v1.HiveMQPlatform
2025-01-28 21:18:57,388 INFO c.h.h.t.HelmChartContainer - [hivemq-test-hivemq-platform] [hivemq-platform-operator] [68e05e19] 21:18:57.387 [Controller Starter for: hivemq-controller] INFO  i.j.operator.processing.Controller - 'hivemq-controller' controller started
2025-01-28 21:18:57,389 INFO c.h.h.t.HelmChartContainer - [hivemq-test-hivemq-platform] [hivemq-platform-operator] [68e05e19] 21:18:57.388 [main] INFO  c.h.p.o.HiveMQPlatformOperatorApplication - HiveMQ Platform Operator 1.7.0-SNAPSHOT started in 7347 ms
2025-01-28 21:18:57,654 INFO c.h.h.t.HelmChartContainer - [POD] hivemq-test-hivemq-platform-operator-6966f96d65-27lq5 [68e05e19-ced2-4f71-9569-b2314faeb896] in helmvolumeclaimtemplatesit-operator was MODIFIED
2025-01-28 21:18:57,660 INFO c.h.h.t.HelmChartContainer - [K3S] [replica_set.go:679] "Finished syncing" kind="ReplicaSet" key="helmvolumeclaimtemplatesit-operator/hivemq-test-hivemq-platform-operator-6966f96d65" duration="10.423901ms"
2025-01-28 21:18:57,661 INFO c.h.h.t.HelmChartContainer - [K3S] [replica_set.go:679] "Finished syncing" kind="ReplicaSet" key="helmvolumeclaimtemplatesit-operator/hivemq-test-hivemq-platform-operator-6966f96d65" duration="66.253µs"
2025-01-28 21:18:58,572 DEBUG c.h.h.t.HelmChartContainer - Executing helm command: /bin/helm --kubeconfig /etc/rancher/k3s/k3s.yaml install test-hivemq-platform /charts/hivemq-platform --wait --timeout 5m0s --set image.repository=docker.io/hivemq --set image.tag=4.36.0 --set image.pullPolicy=Never --set nodes.resources.cpu=512m -f /files/volumes-claim-templates-values.yaml --namespace helmvolumeclaimtemplatesit
2025-01-28 21:18:58,835 INFO c.h.h.t.HelmChartContainer - [hivemq-test-hivemq-platform] [hivemq-platform-operator] [68e05e19] 21:18:58.834 [-373097727-pool-1-thread-4] WARN  i.m.p.PrometheusMeterRegistry - The meter (MeterId{name='operator.sdk.events.received', tags=[tag(action=ADDED),tag(event=ResourceEvent),tag(group=hivemq.com),tag(kind=HiveMQPlatform),tag(name=test-hivemq-platform),tag(namespace=helmvolumeclaimtemplatesit),tag(scope=namespace),tag(version=v1)]}) registration has failed: Prometheus requires that all meters with the same name have the same set of tag keys. There is already an existing meter named 'operator.sdk.events.received' containing tag keys [event, group, kind, name, namespace, scope, version]. The meter you are attempting to register has keys [action, event, group, kind, name, namespace, scope, version]. Note that subsequent logs will be logged at debug level.
2025-01-28 21:18:59,341 INFO c.h.h.t.HelmChartContainer - [hivemq-test-hivemq-platform] [hivemq-platform-operator] [68e05e19] 21:18:59.340 [pool-6-thread-3] DEBUG c.h.p.o.dependants.PodInfoConfigMap - [helmvolu] Desired PodInfo ConfigMap (1 extensions) (1 enabled)
2025-01-28 21:18:59,341 INFO c.h.h.t.HelmChartContainer - [hivemq-test-hivemq-platform] [hivemq-platform-operator] [68e05e19] 21:18:59.340 [pool-6-thread-3] DEBUG c.h.p.o.dependants.PodInfoConfigMap - [helmvolu] Desired PodInfo ConfigMap (metrics port: 9399) (metrics path: /)
2025-01-28 21:18:59,341 INFO c.h.h.t.HelmChartContainer - [hivemq-test-hivemq-platform] [hivemq-platform-operator] [68e05e19] 21:18:59.340 [pool-6-thread-3] DEBUG c.h.p.o.dependants.PodInfoConfigMap - [helmvolu] Desired PodInfo ConfigMap (extension state hash: -1817474005)
2025-01-28 21:18:59,388 INFO c.h.h.t.HelmChartContainer - [hivemq-test-hivemq-platform] [hivemq-platform-operator] [68e05e19] 21:18:59.386 [pool-6-thread-3] DEBUG c.h.p.o.dependants.PodInfoConfigMap - [helmvolu] Create PodInfo ConfigMap
2025-01-28 21:18:59,536 INFO c.h.h.t.HelmChartContainer - [hivemq-test-hivemq-platform] [hivemq-platform-operator] [68e05e19] 21:18:59.533 [pool-6-thread-5] DEBUG c.h.p.o.dependants.PodRoleResource - [helmvolu] Create Role: Role(apiVersion=rbac.authorization.k8s.io/v1, kind=Role, metadata=ObjectMeta(annotations={meta.helm.sh/release-name=test-hivemq-platform, meta.helm.sh/release-namespace=helmvolumeclaimtemplatesit}, creationTimestamp=null, deletionGracePeriodSeconds=null, deletionTimestamp=null, finalizers=[], generateName=null, generation=null, labels={helm.sh/chart=hivemq-platform-0.2.32, app.kubernetes.io/managed-by=Helm, app.kubernetes.io/name=hivemq-platform, hivemq-platform=test-hivemq-platform, app.kubernetes.io/instance=test-hivemq-platform, app.kubernetes.io/version=4.36.0}, managedFields=[], name=hivemq-platform-role-test-hivemq-platform, namespace=helmvolumeclaimtemplatesit, ownerReferences=[OwnerReference(apiVersion=hivemq.com/v1, blockOwnerDeletion=null, controller=null, kind=HiveMQPlatform, name=test-hivemq-platform, uid=84ff5e0a-3edb-482a-8019-90af1e7eef07, additionalProperties={})], resourceVersion=null, selfLink=null, uid=null, additionalProperties={}), rules=[PolicyRule(apiGroups=[], nonResourceURLs=[], resourceNames=[], resources=[pods], verbs=[get, patch, update], additionalProperties={})], additionalProperties={})
2025-01-28 21:18:59,639 INFO c.h.h.t.HelmChartContainer - [hivemq-test-hivemq-platform] [hivemq-platform-operator] [68e05e19] 21:18:59.634 [pool-6-thread-7] DEBUG c.h.p.o.d.PodServiceAccountResource - [helmvolu] Desired PodServiceAccountResource (serviceAccountName: hivemq-platform-pod-test-hivemq-platform)
2025-01-28 21:18:59,639 INFO c.h.h.t.HelmChartContainer - [hivemq-test-hivemq-platform] [hivemq-platform-operator] [68e05e19] 21:18:59.635 [pool-6-thread-7] DEBUG c.h.p.o.d.PodServiceAccountResource - [helmvolu] Create ServiceAccount 'hivemq-platform-pod-test-hivemq-platform'
2025-01-28 21:18:59,793 INFO c.h.h.t.HelmChartContainer - [hivemq-test-hivemq-platform] [hivemq-platform-operator] [68e05e19] 21:18:59.792 [pool-6-thread-10] DEBUG c.h.p.o.d.PodRoleBindingResource - [helmvolu] Create RoleBinding: RoleBinding(apiVersion=rbac.authorization.k8s.io/v1, kind=RoleBinding, metadata=ObjectMeta(annotations={meta.helm.sh/release-name=test-hivemq-platform, meta.helm.sh/release-namespace=helmvolumeclaimtemplatesit}, creationTimestamp=null, deletionGracePeriodSeconds=null, deletionTimestamp=null, finalizers=[], generateName=null, generation=null, labels={helm.sh/chart=hivemq-platform-0.2.32, app.kubernetes.io/managed-by=Helm, app.kubernetes.io/name=hivemq-platform, hivemq-platform=test-hivemq-platform, app.kubernetes.io/instance=test-hivemq-platform, app.kubernetes.io/version=4.36.0}, managedFields=[], name=hivemq-platform-role-binding-test-hivemq-platform, namespace=helmvolumeclaimtemplatesit, ownerReferences=[OwnerReference(apiVersion=hivemq.com/v1, blockOwnerDeletion=null, controller=null, kind=HiveMQPlatform, name=test-hivemq-platform, uid=84ff5e0a-3edb-482a-8019-90af1e7eef07, additionalProperties={})], resourceVersion=null, selfLink=null, uid=null, additionalProperties={}), roleRef=RoleRef(apiGroup=rbac.authorization.k8s.io, kind=Role, name=hivemq-platform-role-test-hivemq-platform, additionalProperties={}), subjects=[Subject(apiGroup=null, kind=ServiceAccount, name=hivemq-platform-pod-test-hivemq-platform, namespace=helmvolumeclaimtemplatesit, additionalProperties={})], additionalProperties={})
2025-01-28 21:18:59,889 INFO c.h.h.t.HelmChartContainer - [hivemq-test-hivemq-platform] [hivemq-platform-operator] [68e05e19] 21:18:59.888 [ReconcilerExecutor-hivemq-controller-53] INFO  c.h.p.o.HiveMQPlatformReconciler - [helmvolu] Reconciling HiveMQ Platform 'test-hivemq-platform' in namespace 'helmvolumeclaimtemplatesit'
2025-01-28 21:18:59,889 INFO c.h.h.t.HelmChartContainer - [hivemq-test-hivemq-platform] [hivemq-platform-operator] [68e05e19] 21:18:59.888 [ReconcilerExecutor-hivemq-controller-53] DEBUG c.h.p.o.HiveMQPlatformReconciler - [helmvolu] Custom Resource Status CREATED - HiveMQ Platform was created (READY)
2025-01-28 21:18:59,889 INFO c.h.h.t.HelmChartContainer - [hivemq-test-hivemq-platform] [hivemq-platform-operator] [68e05e19] 21:18:59.888 [ReconcilerExecutor-hivemq-controller-53] DEBUG c.h.p.o.HiveMQPlatformReconciler - [helmvolu] Custom Resource Spec (replicas: 2) (extensions: 1)
2025-01-28 21:18:59,892 INFO c.h.h.t.HelmChartContainer - [hivemq-test-hivemq-platform] [hivemq-platform-operator] [68e05e19] 21:18:59.892 [ReconcilerExecutor-hivemq-controller-53] INFO  c.h.p.o.h.HiveMQPlatformReconcilerBaseHandler - [helmvolu] HiveMQ Platform is starting
2025-01-28 21:19:00,042 INFO c.h.h.t.HelmChartContainer - [hivemq-test-hivemq-platform] [hivemq-platform-operator] [68e05e19] 21:19:00.040 [ReconcilerExecutor-hivemq-controller-53] DEBUG c.h.p.operator.event.EventSender - [helmvolu] Creating K8s event hivemq-platform-starting: [Start] HiveMQ Platform is starting
2025-01-28 21:19:00,095 INFO c.h.h.t.HelmChartContainer - [EVENT] Normal [Start] HiveMQ Platform is starting [helmvolumeclaimtemplatesit:test-hivemq-platform]
2025-01-28 21:19:00,136 INFO c.h.h.t.HelmChartContainer - [hivemq-test-hivemq-platform] [hivemq-platform-operator] [68e05e19] 21:19:00.134 [ReconcilerExecutor-hivemq-controller-53] INFO  c.h.p.o.h.AbstractHiveMQReconcilerStateHandler - [helmvolu] Update HiveMQ Platform Status (CREATED [READY] -> STARTING [READY]): HiveMQ Platform is starting
2025-01-28 21:19:00,197 DEBUG com.hivemq.helmcharts.util.K8sUtil - Comparing actual state 'STARTING' and waiting for 'RUNNING'
2025-01-28 21:19:10,244 INFO c.h.h.t.HelmChartContainer - [hivemq-test-hivemq-platform] [hivemq-platform-operator] [68e05e19] 21:19:10.240 [pool-6-thread-12] DEBUG c.h.p.o.d.PlatformServiceResource - [helmvolu] Desired Platform services (3 services)
2025-01-28 21:19:10,245 INFO c.h.h.t.HelmChartContainer - [hivemq-test-hivemq-platform] [hivemq-platform-operator] [68e05e19] 21:19:10.241 [pool-6-thread-13] DEBUG c.h.p.o.dependants.PodInfoConfigMap - [helmvolu] Desired PodInfo ConfigMap (1 extensions) (1 enabled)
2025-01-28 21:19:10,245 INFO c.h.h.t.HelmChartContainer - [hivemq-test-hivemq-platform] [hivemq-platform-operator] [68e05e19] 21:19:10.242 [pool-6-thread-13] DEBUG c.h.p.o.dependants.PodInfoConfigMap - [helmvolu] Desired PodInfo ConfigMap (metrics port: 9399) (metrics path: /)
2025-01-28 21:19:10,245 INFO c.h.h.t.HelmChartContainer - [hivemq-test-hivemq-platform] [hivemq-platform-operator] [68e05e19] 21:19:10.242 [pool-6-thread-13] DEBUG c.h.p.o.dependants.PodInfoConfigMap - [helmvolu] Desired PodInfo ConfigMap (extension state hash: -1817474005)
2025-01-28 21:19:10,247 INFO c.h.h.t.HelmChartContainer - [hivemq-test-hivemq-platform] [hivemq-platform-operator] [68e05e19] 21:19:10.246 [pool-6-thread-17] DEBUG c.h.p.o.d.PodServiceAccountResource - [helmvolu] Desired PodServiceAccountResource (serviceAccountName: hivemq-platform-pod-test-hivemq-platform)
2025-01-28 21:19:10,257 INFO c.h.h.t.HelmChartContainer - [K3S] [alloc.go:330] "allocated clusterIPs" service="helmvolumeclaimtemplatesit/hivemq-test-hivemq-platform-cc-8080" clusterIPs={"IPv4":"10.43.25.47"}
2025-01-28 21:19:10,338 INFO c.h.h.t.HelmChartContainer - [hivemq-test-hivemq-platform] [hivemq-platform-operator] [68e05e19] 21:19:10.333 [pool-6-thread-13] DEBUG c.h.p.o.dependants.PodInfoConfigMap - [helmvolu] Update PodInfo ConfigMap
2025-01-28 21:19:10,349 INFO c.h.h.t.HelmChartContainer - [K3S] [alloc.go:330] "allocated clusterIPs" service="helmvolumeclaimtemplatesit/hivemq-test-hivemq-platform-metrics-9399" clusterIPs={"IPv4":"10.43.179.139"}
2025-01-28 21:19:10,442 INFO c.h.h.t.HelmChartContainer - [K3S] [alloc.go:330] "allocated clusterIPs" service="helmvolumeclaimtemplatesit/hivemq-test-hivemq-platform-mqtt-1883" clusterIPs={"IPv4":"10.43.14.19"}
2025-01-28 21:19:10,452 INFO c.h.h.t.HelmChartContainer - [hivemq-test-hivemq-platform] [hivemq-platform-operator] [68e05e19] 21:19:10.449 [pool-6-thread-20] DEBUG c.h.p.o.d.StatefulSetResource - [helmvolu] Desired StatefulSet (2 replicas) for status STARTING (READY)
2025-01-28 21:19:10,549 INFO c.h.h.t.HelmChartContainer - [hivemq-test-hivemq-platform] [hivemq-platform-operator] [68e05e19] 21:19:10.547 [pool-6-thread-20] DEBUG c.h.p.o.d.StatefulSetResource - [helmvolu] Create StatefulSet
2025-01-28 21:19:10,645 INFO c.h.h.t.HelmChartContainer - [hivemq-test-hivemq-platform] [hivemq-platform-operator] [68e05e19] 21:19:10.642 [ReconcilerExecutor-hivemq-controller-64] INFO  c.h.p.o.HiveMQPlatformReconciler - [helmvolu] Reconciling HiveMQ Platform 'test-hivemq-platform' in namespace 'helmvolumeclaimtemplatesit'
2025-01-28 21:19:10,645 INFO c.h.h.t.HelmChartContainer - [hivemq-test-hivemq-platform] [hivemq-platform-operator] [68e05e19] 21:19:10.643 [ReconcilerExecutor-hivemq-controller-64] DEBUG c.h.p.o.HiveMQPlatformReconciler - [helmvolu] Custom Resource Status STARTING - HiveMQ Platform is starting (READY)
2025-01-28 21:19:10,645 INFO c.h.h.t.HelmChartContainer - [hivemq-test-hivemq-platform] [hivemq-platform-operator] [68e05e19] 21:19:10.643 [ReconcilerExecutor-hivemq-controller-64] DEBUG c.h.p.o.HiveMQPlatformReconciler - [helmvolu] Custom Resource Spec (replicas: 2) (extensions: 1)
2025-01-28 21:19:10,648 INFO c.h.h.t.HelmChartContainer - [hivemq-test-hivemq-platform] [hivemq-platform-operator] [68e05e19] 21:19:10.646 [ReconcilerExecutor-hivemq-controller-64] DEBUG c.h.p.o.HiveMQPlatformReconciler - [helmvolu] StatefulSet Status (revision: null, replicas: 0, available: 0, ready: 0, current: 0, updated: 0)
2025-01-28 21:19:10,649 INFO c.h.h.t.HelmChartContainer - [hivemq-test-hivemq-platform] [hivemq-platform-operator] [68e05e19] 21:19:10.646 [ReconcilerExecutor-hivemq-controller-64] DEBUG c.h.p.o.HiveMQPlatformReconciler - [helmvolu] StatefulSet Spec (replicas: 2, init containers: 1, containers: 1, volumes: 4)
2025-01-28 21:19:10,655 INFO c.h.h.t.HelmChartContainer - [hivemq-test-hivemq-platform] [hivemq-platform-operator] [68e05e19] 21:19:10.650 [ReconcilerExecutor-hivemq-controller-64] INFO  c.h.p.o.h.HiveMQPlatformReconcilerBaseHandler - [helmvolu] HiveMQ Platform is starting, 0 of 2 replicas are ready
2025-01-28 21:19:10,656 INFO c.h.h.t.HelmChartContainer - [EVENT] Normal [SuccessfulCreate] create Claim hivemq-pvc-data-test-hivemq-platform-0 Pod test-hivemq-platform-0 in StatefulSet test-hivemq-platform success [helmvolumeclaimtemplatesit:test-hivemq-platform]
2025-01-28 21:19:10,663 INFO c.h.h.t.HelmChartContainer - [POD] test-hivemq-platform-0 [66608005-1f58-43bd-8a1d-83451b819e1f] in helmvolumeclaimtemplatesit was ADDED
2025-01-28 21:19:10,668 INFO c.h.h.t.HelmChartContainer - [EVENT] Normal [WaitForFirstConsumer] waiting for first consumer to be created before binding [helmvolumeclaimtemplatesit:hivemq-pvc-data-test-hivemq-platform-0]
2025-01-28 21:19:10,670 INFO c.h.h.t.HelmChartContainer - [EVENT] Normal [SuccessfulCreate] create Pod test-hivemq-platform-0 in StatefulSet test-hivemq-platform successful [helmvolumeclaimtemplatesit:test-hivemq-platform]
2025-01-28 21:19:10,672 INFO c.h.h.t.HelmChartContainer - [EVENT] Normal [ExternalProvisioning] Waiting for a volume to be created either by the external provisioner 'rancher.io/local-path' or manually by the system administrator. If volume creation is delayed, please verify that the provisioner is running and correctly registered. [helmvolumeclaimtemplatesit:hivemq-pvc-data-test-hivemq-platform-0]
2025-01-28 21:19:10,680 INFO c.h.h.t.HelmChartContainer - [EVENT] Normal [ExternalProvisioning] Waiting for a volume to be created either by the external provisioner 'rancher.io/local-path' or manually by the system administrator. If volume creation is delayed, please verify that the provisioner is running and correctly registered. [helmvolumeclaimtemplatesit:hivemq-pvc-data-test-hivemq-platform-0]
2025-01-28 21:19:10,688 INFO c.h.h.t.HelmChartContainer - [EVENT] Normal [Provisioning] External provisioner is provisioning volume for claim "helmvolumeclaimtemplatesit/hivemq-pvc-data-test-hivemq-platform-0" [helmvolumeclaimtemplatesit:hivemq-pvc-data-test-hivemq-platform-0]
2025-01-28 21:19:10,745 INFO c.h.h.t.HelmChartContainer - [hivemq-test-hivemq-platform] [hivemq-platform-operator] [68e05e19] 21:19:10.741 [pool-6-thread-22] DEBUG c.h.p.o.d.PlatformServiceResource - [helmvolu] Desired Platform services (3 services)
2025-01-28 21:19:10,748 INFO c.h.h.t.HelmChartContainer - [hivemq-test-hivemq-platform] [hivemq-platform-operator] [68e05e19] 21:19:10.747 [pool-6-thread-23] DEBUG c.h.p.o.dependants.PodInfoConfigMap - [helmvolu] Desired PodInfo ConfigMap (1 extensions) (1 enabled)
2025-01-28 21:19:10,750 INFO c.h.h.t.HelmChartContainer - [hivemq-test-hivemq-platform] [hivemq-platform-operator] [68e05e19] 21:19:10.748 [pool-6-thread-23] DEBUG c.h.p.o.dependants.PodInfoConfigMap - [helmvolu] Desired PodInfo ConfigMap (metrics port: 9399) (metrics path: /)
2025-01-28 21:19:10,750 INFO c.h.h.t.HelmChartContainer - [hivemq-test-hivemq-platform] [hivemq-platform-operator] [68e05e19] 21:19:10.748 [pool-6-thread-23] DEBUG c.h.p.o.dependants.PodInfoConfigMap - [helmvolu] Desired PodInfo ConfigMap (extension state hash: -1817474005)
2025-01-28 21:19:10,750 INFO c.h.h.t.HelmChartContainer - [hivemq-test-hivemq-platform] [hivemq-platform-operator] [68e05e19] 21:19:10.749 [pool-6-thread-27] DEBUG c.h.p.o.d.PodServiceAccountResource - [helmvolu] Desired PodServiceAccountResource (serviceAccountName: hivemq-platform-pod-test-hivemq-platform)
2025-01-28 21:19:10,755 INFO c.h.h.t.HelmChartContainer - [POD] helper-pod-create-pvc-3c2aee7a-b868-4b66-94c5-fa09d47aae82 [7a5fd30e-bc94-42c1-b0a1-c63170101f54] in kube-system was ADDED
2025-01-28 21:19:10,762 INFO c.h.h.t.HelmChartContainer - [POD] helper-pod-create-pvc-3c2aee7a-b868-4b66-94c5-fa09d47aae82 [7a5fd30e-bc94-42c1-b0a1-c63170101f54] in kube-system was MODIFIED
2025-01-28 21:19:10,835 INFO c.h.h.t.HelmChartContainer - [K3S] [reconciler_common.go:251] "operationExecutor.VerifyControllerAttachedVolume started for volume \"data\" (UniqueName: \"kubernetes.io/host-path/7a5fd30e-bc94-42c1-b0a1-c63170101f54-data\") pod \"helper-pod-create-pvc-3c2aee7a-b868-4b66-94c5-fa09d47aae82\" (UID: \"7a5fd30e-bc94-42c1-b0a1-c63170101f54\") " pod="kube-system/helper-pod-create-pvc-3c2aee7a-b868-4b66-94c5-fa09d47aae82"
2025-01-28 21:19:10,835 INFO c.h.h.t.HelmChartContainer - [K3S] [reconciler_common.go:251] "operationExecutor.VerifyControllerAttachedVolume started for volume \"kube-api-access-j98ln\" (UniqueName: \"kubernetes.io/projected/7a5fd30e-bc94-42c1-b0a1-c63170101f54-kube-api-access-j98ln\") pod \"helper-pod-create-pvc-3c2aee7a-b868-4b66-94c5-fa09d47aae82\" (UID: \"7a5fd30e-bc94-42c1-b0a1-c63170101f54\") " pod="kube-system/helper-pod-create-pvc-3c2aee7a-b868-4b66-94c5-fa09d47aae82"
2025-01-28 21:19:10,835 INFO c.h.h.t.HelmChartContainer - [K3S] [reconciler_common.go:251] "operationExecutor.VerifyControllerAttachedVolume started for volume \"script\" (UniqueName: \"kubernetes.io/configmap/7a5fd30e-bc94-42c1-b0a1-c63170101f54-script\") pod \"helper-pod-create-pvc-3c2aee7a-b868-4b66-94c5-fa09d47aae82\" (UID: \"7a5fd30e-bc94-42c1-b0a1-c63170101f54\") " pod="kube-system/helper-pod-create-pvc-3c2aee7a-b868-4b66-94c5-fa09d47aae82"
2025-01-28 21:19:10,844 INFO c.h.h.t.HelmChartContainer - [hivemq-test-hivemq-platform] [hivemq-platform-operator] [68e05e19] 21:19:10.843 [pool-6-thread-30] DEBUG c.h.p.o.d.StatefulSetResource - [helmvolu] Desired StatefulSet (2 replicas) for status STARTING (READY)
2025-01-28 21:19:10,933 INFO c.h.h.t.HelmChartContainer - [hivemq-test-hivemq-platform] [hivemq-platform-operator] [68e05e19] 21:19:10.931 [ReconcilerExecutor-hivemq-controller-75] INFO  c.h.p.o.HiveMQPlatformReconciler - [helmvolu] Reconciling HiveMQ Platform 'test-hivemq-platform' in namespace 'helmvolumeclaimtemplatesit'
2025-01-28 21:19:10,933 INFO c.h.h.t.HelmChartContainer - [hivemq-test-hivemq-platform] [hivemq-platform-operator] [68e05e19] 21:19:10.931 [ReconcilerExecutor-hivemq-controller-75] DEBUG c.h.p.o.HiveMQPlatformReconciler - [helmvolu] Custom Resource Status STARTING - HiveMQ Platform is starting (READY)
2025-01-28 21:19:10,933 INFO c.h.h.t.HelmChartContainer - [hivemq-test-hivemq-platform] [hivemq-platform-operator] [68e05e19] 21:19:10.932 [ReconcilerExecutor-hivemq-controller-75] DEBUG c.h.p.o.HiveMQPlatformReconciler - [helmvolu] Custom Resource Spec (replicas: 2) (extensions: 1)
2025-01-28 21:19:10,938 INFO c.h.h.t.HelmChartContainer - [hivemq-test-hivemq-platform] [hivemq-platform-operator] [68e05e19] 21:19:10.935 [ReconcilerExecutor-hivemq-controller-75] DEBUG c.h.p.o.HiveMQPlatformReconciler - [helmvolu] StatefulSet Status (revision: test-hivemq-platform-6c7bb94cbd, replicas: 1, available: 0, ready: 0, current: 1, updated: 1)
2025-01-28 21:19:10,938 INFO c.h.h.t.HelmChartContainer - [hivemq-test-hivemq-platform] [hivemq-platform-operator] [68e05e19] 21:19:10.936 [ReconcilerExecutor-hivemq-controller-75] DEBUG c.h.p.o.HiveMQPlatformReconciler - [helmvolu] StatefulSet Spec (replicas: 2, init containers: 1, containers: 1, volumes: 4)
2025-01-28 21:19:10,946 INFO c.h.h.t.HelmChartContainer - [hivemq-test-hivemq-platform] [hivemq-platform-operator] [68e05e19] 21:19:10.945 [ReconcilerExecutor-hivemq-controller-75] DEBUG c.h.p.o.h.HiveMQPlatformReconcilerErrorHandler - [helmvolu] Pod 'test-hivemq-platform-0' phase Pending
2025-01-28 21:19:10,948 INFO c.h.h.t.HelmChartContainer - [hivemq-test-hivemq-platform] [hivemq-platform-operator] [68e05e19] 21:19:10.947 [ReconcilerExecutor-hivemq-controller-75] INFO  c.h.p.o.h.HiveMQPlatformReconcilerBaseHandler - [helmvolu] HiveMQ Platform is starting, 0 of 2 replicas are ready
2025-01-28 21:19:11,040 INFO c.h.h.t.HelmChartContainer - [hivemq-test-hivemq-platform] [hivemq-platform-operator] [68e05e19] 21:19:11.036 [pool-6-thread-32] DEBUG c.h.p.o.d.PlatformServiceResource - [helmvolu] Desired Platform services (3 services)
2025-01-28 21:19:11,042 INFO c.h.h.t.HelmChartContainer - [hivemq-test-hivemq-platform] [hivemq-platform-operator] [68e05e19] 21:19:11.039 [pool-6-thread-33] DEBUG c.h.p.o.dependants.PodInfoConfigMap - [helmvolu] Desired PodInfo ConfigMap (1 extensions) (1 enabled)
2025-01-28 21:19:11,042 INFO c.h.h.t.HelmChartContainer - [hivemq-test-hivemq-platform] [hivemq-platform-operator] [68e05e19] 21:19:11.039 [pool-6-thread-33] DEBUG c.h.p.o.dependants.PodInfoConfigMap - [helmvolu] Desired PodInfo ConfigMap (metrics port: 9399) (metrics path: /)
2025-01-28 21:19:11,042 INFO c.h.h.t.HelmChartContainer - [hivemq-test-hivemq-platform] [hivemq-platform-operator] [68e05e19] 21:19:11.039 [pool-6-thread-33] DEBUG c.h.p.o.dependants.PodInfoConfigMap - [helmvolu] Desired PodInfo ConfigMap (extension state hash: -1817474005)
2025-01-28 21:19:11,045 INFO c.h.h.t.HelmChartContainer - [hivemq-test-hivemq-platform] [hivemq-platform-operator] [68e05e19] 21:19:11.044 [pool-6-thread-37] DEBUG c.h.p.o.d.PodServiceAccountResource - [helmvolu] Desired PodServiceAccountResource (serviceAccountName: hivemq-platform-pod-test-hivemq-platform)
2025-01-28 21:19:11,138 INFO c.h.h.t.HelmChartContainer - [hivemq-test-hivemq-platform] [hivemq-platform-operator] [68e05e19] 21:19:11.136 [pool-6-thread-40] DEBUG c.h.p.o.d.StatefulSetResource - [helmvolu] Desired StatefulSet (2 replicas) for status STARTING (READY)
2025-01-28 21:19:11,143 INFO c.h.h.t.HelmChartContainer - [hivemq-test-hivemq-platform] [hivemq-platform-operator] [68e05e19] 21:19:11.141 [ReconcilerExecutor-hivemq-controller-86] INFO  c.h.p.o.HiveMQPlatformReconciler - [helmvolu] Reconciling HiveMQ Platform 'test-hivemq-platform' in namespace 'helmvolumeclaimtemplatesit'
2025-01-28 21:19:11,147 INFO c.h.h.t.HelmChartContainer - [hivemq-test-hivemq-platform] [hivemq-platform-operator] [68e05e19] 21:19:11.143 [ReconcilerExecutor-hivemq-controller-86] DEBUG c.h.p.o.HiveMQPlatformReconciler - [helmvolu] Custom Resource Status STARTING - HiveMQ Platform is starting (READY)
2025-01-28 21:19:11,147 INFO c.h.h.t.HelmChartContainer - [hivemq-test-hivemq-platform] [hivemq-platform-operator] [68e05e19] 21:19:11.143 [ReconcilerExecutor-hivemq-controller-86] DEBUG c.h.p.o.HiveMQPlatformReconciler - [helmvolu] Custom Resource Spec (replicas: 2) (extensions: 1)
2025-01-28 21:19:11,147 INFO c.h.h.t.HelmChartContainer - [hivemq-test-hivemq-platform] [hivemq-platform-operator] [68e05e19] 21:19:11.146 [ReconcilerExecutor-hivemq-controller-86] DEBUG c.h.p.o.HiveMQPlatformReconciler - [helmvolu] StatefulSet Status (revision: test-hivemq-platform-6c7bb94cbd, replicas: 1, available: 0, ready: 0, current: 1, updated: 1)
2025-01-28 21:19:11,147 INFO c.h.h.t.HelmChartContainer - [hivemq-test-hivemq-platform] [hivemq-platform-operator] [68e05e19] 21:19:11.146 [ReconcilerExecutor-hivemq-controller-86] DEBUG c.h.p.o.HiveMQPlatformReconciler - [helmvolu] StatefulSet Spec (replicas: 2, init containers: 1, containers: 1, volumes: 4)
2025-01-28 21:19:11,151 INFO c.h.h.t.HelmChartContainer - [hivemq-test-hivemq-platform] [hivemq-platform-operator] [68e05e19] 21:19:11.150 [ReconcilerExecutor-hivemq-controller-86] DEBUG c.h.p.o.h.HiveMQPlatformReconcilerErrorHandler - [helmvolu] Pod 'test-hivemq-platform-0' phase Pending
2025-01-28 21:19:11,152 INFO c.h.h.t.HelmChartContainer - [hivemq-test-hivemq-platform] [hivemq-platform-operator] [68e05e19] 21:19:11.151 [ReconcilerExecutor-hivemq-controller-86] INFO  c.h.p.o.h.HiveMQPlatformReconcilerBaseHandler - [helmvolu] HiveMQ Platform is starting, 0 of 2 replicas are ready
2025-01-28 21:19:12,682 INFO c.h.h.t.HelmChartContainer - [POD] helper-pod-create-pvc-3c2aee7a-b868-4b66-94c5-fa09d47aae82 [7a5fd30e-bc94-42c1-b0a1-c63170101f54] in kube-system was MODIFIED
2025-01-28 21:19:13,754 INFO c.h.h.t.HelmChartContainer - [K3S] [reconciler_common.go:162] "operationExecutor.UnmountVolume started for volume \"script\" (UniqueName: \"kubernetes.io/configmap/7a5fd30e-bc94-42c1-b0a1-c63170101f54-script\") pod \"7a5fd30e-bc94-42c1-b0a1-c63170101f54\" (UID: \"7a5fd30e-bc94-42c1-b0a1-c63170101f54\") "
2025-01-28 21:19:13,754 INFO c.h.h.t.HelmChartContainer - [K3S] [reconciler_common.go:162] "operationExecutor.UnmountVolume started for volume \"kube-api-access-j98ln\" (UniqueName: \"kubernetes.io/projected/7a5fd30e-bc94-42c1-b0a1-c63170101f54-kube-api-access-j98ln\") pod \"7a5fd30e-bc94-42c1-b0a1-c63170101f54\" (UID: \"7a5fd30e-bc94-42c1-b0a1-c63170101f54\") "
2025-01-28 21:19:13,754 INFO c.h.h.t.HelmChartContainer - [K3S] [reconciler_common.go:162] "operationExecutor.UnmountVolume started for volume \"data\" (UniqueName: \"kubernetes.io/host-path/7a5fd30e-bc94-42c1-b0a1-c63170101f54-data\") pod \"7a5fd30e-bc94-42c1-b0a1-c63170101f54\" (UID: \"7a5fd30e-bc94-42c1-b0a1-c63170101f54\") "
2025-01-28 21:19:13,761 INFO c.h.h.t.HelmChartContainer - [POD] helper-pod-create-pvc-3c2aee7a-b868-4b66-94c5-fa09d47aae82 [7a5fd30e-bc94-42c1-b0a1-c63170101f54] in kube-system was MODIFIED
2025-01-28 21:19:13,781 INFO c.h.h.t.HelmChartContainer - [POD] helper-pod-create-pvc-3c2aee7a-b868-4b66-94c5-fa09d47aae82 [7a5fd30e-bc94-42c1-b0a1-c63170101f54] in kube-system was MODIFIED
2025-01-28 21:19:13,790 INFO c.h.h.t.HelmChartContainer - [POD] helper-pod-create-pvc-3c2aee7a-b868-4b66-94c5-fa09d47aae82 [7a5fd30e-bc94-42c1-b0a1-c63170101f54] in kube-system was DELETED
2025-01-28 21:19:13,801 INFO c.h.h.t.HelmChartContainer - [EVENT] Normal [ProvisioningSucceeded] Successfully provisioned volume pvc-3c2aee7a-b868-4b66-94c5-fa09d47aae82 [helmvolumeclaimtemplatesit:hivemq-pvc-data-test-hivemq-platform-0]
2025-01-28 21:19:13,854 INFO c.h.h.t.HelmChartContainer - [K3S] [reconciler_common.go:299] "Volume detached for volume \"data\" (UniqueName: \"kubernetes.io/host-path/7a5fd30e-bc94-42c1-b0a1-c63170101f54-data\") on node \"579ae00a3440\" DevicePath \"\""
2025-01-28 21:19:13,854 INFO c.h.h.t.HelmChartContainer - [K3S] [reconciler_common.go:299] "Volume detached for volume \"script\" (UniqueName: \"kubernetes.io/configmap/7a5fd30e-bc94-42c1-b0a1-c63170101f54-script\") on node \"579ae00a3440\" DevicePath \"\""
2025-01-28 21:19:13,854 INFO c.h.h.t.HelmChartContainer - [K3S] [reconciler_common.go:299] "Volume detached for volume \"kube-api-access-j98ln\" (UniqueName: \"kubernetes.io/projected/7a5fd30e-bc94-42c1-b0a1-c63170101f54-kube-api-access-j98ln\") on node \"579ae00a3440\" DevicePath \"\""
2025-01-28 21:19:14,667 INFO c.h.h.t.HelmChartContainer - [K3S] [memory_manager.go:355] "RemoveStaleState removing state" podUID="7a5fd30e-bc94-42c1-b0a1-c63170101f54" containerName="helper-pod"
2025-01-28 21:19:14,672 INFO c.h.h.t.HelmChartContainer - [POD] test-hivemq-platform-0 [66608005-1f58-43bd-8a1d-83451b819e1f] in helmvolumeclaimtemplatesit was MODIFIED
2025-01-28 21:19:14,673 INFO c.h.h.t.HelmChartContainer - [EVENT] Normal [Scheduled] Successfully assigned helmvolumeclaimtemplatesit/test-hivemq-platform-0 to 579ae00a3440 [helmvolumeclaimtemplatesit:test-hivemq-platform-0]
2025-01-28 21:19:14,683 INFO c.h.h.t.HelmChartContainer - [POD] test-hivemq-platform-0 [66608005-1f58-43bd-8a1d-83451b819e1f] in helmvolumeclaimtemplatesit was MODIFIED
2025-01-28 21:19:14,686 INFO c.h.h.t.HelmChartContainer - [K3S] [pod_container_deletor.go:80] "Container not found in pod's containers" containerID="15ed41f58462736622496ce945e61f5cf5888a3749ac0eee3c0c819a2b1c2ea1"
2025-01-28 21:19:14,695 INFO c.h.h.t.HelmChartContainer - [hivemq-test-hivemq-platform] [hivemq-platform-operator] [68e05e19] 21:19:14.694 [pool-6-thread-42] DEBUG c.h.p.o.d.PlatformServiceResource - [helmvolu] Desired Platform services (3 services)
2025-01-28 21:19:14,696 INFO c.h.h.t.HelmChartContainer - [hivemq-test-hivemq-platform] [hivemq-platform-operator] [68e05e19] 21:19:14.695 [pool-6-thread-43] DEBUG c.h.p.o.dependants.PodInfoConfigMap - [helmvolu] Desired PodInfo ConfigMap (1 extensions) (1 enabled)
2025-01-28 21:19:14,698 INFO c.h.h.t.HelmChartContainer - [K3S] [status_manager.go:890] "Failed to get status for pod" podUID="7a5fd30e-bc94-42c1-b0a1-c63170101f54" pod="kube-system/helper-pod-create-pvc-3c2aee7a-b868-4b66-94c5-fa09d47aae82" err="pods \"helper-pod-create-pvc-3c2aee7a-b868-4b66-94c5-fa09d47aae82\" is forbidden: User \"system:node:579ae00a3440\" cannot get resource \"pods\" in API group \"\" in the namespace \"kube-system\": no relationship found between node '579ae00a3440' and this object"
2025-01-28 21:19:14,699 INFO c.h.h.t.HelmChartContainer - [hivemq-test-hivemq-platform] [hivemq-platform-operator] [68e05e19] 21:19:14.698 [pool-6-thread-43] DEBUG c.h.p.o.dependants.PodInfoConfigMap - [helmvolu] Desired PodInfo ConfigMap (metrics port: 9399) (metrics path: /)
2025-01-28 21:19:14,699 INFO c.h.h.t.HelmChartContainer - [hivemq-test-hivemq-platform] [hivemq-platform-operator] [68e05e19] 21:19:14.698 [pool-6-thread-43] DEBUG c.h.p.o.dependants.PodInfoConfigMap - [helmvolu] Desired PodInfo ConfigMap (extension state hash: -1817474005)
2025-01-28 21:19:14,736 INFO c.h.h.t.HelmChartContainer - [hivemq-test-hivemq-platform] [hivemq-platform-operator] [68e05e19] 21:19:14.734 [pool-6-thread-47] DEBUG c.h.p.o.d.PodServiceAccountResource - [helmvolu] Desired PodServiceAccountResource (serviceAccountName: hivemq-platform-pod-test-hivemq-platform)
2025-01-28 21:19:14,741 INFO c.h.h.t.HelmChartContainer - [hivemq-test-hivemq-platform] [hivemq-platform-operator] [68e05e19] 21:19:14.740 [pool-6-thread-50] DEBUG c.h.p.o.d.StatefulSetResource - [helmvolu] Desired StatefulSet (2 replicas) for status STARTING (READY)
2025-01-28 21:19:14,788 INFO c.h.h.t.HelmChartContainer - [hivemq-test-hivemq-platform] [hivemq-platform-operator] [68e05e19] 21:19:14.786 [ReconcilerExecutor-hivemq-controller-97] INFO  c.h.p.o.HiveMQPlatformReconciler - [helmvolu] Reconciling HiveMQ Platform 'test-hivemq-platform' in namespace 'helmvolumeclaimtemplatesit'
2025-01-28 21:19:14,788 INFO c.h.h.t.HelmChartContainer - [hivemq-test-hivemq-platform] [hivemq-platform-operator] [68e05e19] 21:19:14.786 [ReconcilerExecutor-hivemq-controller-97] DEBUG c.h.p.o.HiveMQPlatformReconciler - [helmvolu] Custom Resource Status STARTING - HiveMQ Platform is starting (READY)
2025-01-28 21:19:14,788 INFO c.h.h.t.HelmChartContainer - [hivemq-test-hivemq-platform] [hivemq-platform-operator] [68e05e19] 21:19:14.786 [ReconcilerExecutor-hivemq-controller-97] DEBUG c.h.p.o.HiveMQPlatformReconciler - [helmvolu] Custom Resource Spec (replicas: 2) (extensions: 1)
2025-01-28 21:19:14,834 INFO c.h.h.t.HelmChartContainer - [hivemq-test-hivemq-platform] [hivemq-platform-operator] [68e05e19] 21:19:14.833 [ReconcilerExecutor-hivemq-controller-97] DEBUG c.h.p.o.HiveMQPlatformReconciler - [helmvolu] StatefulSet Status (revision: test-hivemq-platform-6c7bb94cbd, replicas: 1, available: 0, ready: 0, current: 1, updated: 1)
2025-01-28 21:19:14,835 INFO c.h.h.t.HelmChartContainer - [hivemq-test-hivemq-platform] [hivemq-platform-operator] [68e05e19] 21:19:14.833 [ReconcilerExecutor-hivemq-controller-97] DEBUG c.h.p.o.HiveMQPlatformReconciler - [helmvolu] StatefulSet Spec (replicas: 2, init containers: 1, containers: 1, volumes: 4)
2025-01-28 21:19:14,840 INFO c.h.h.t.HelmChartContainer - [hivemq-test-hivemq-platform] [hivemq-platform-operator] [68e05e19] 21:19:14.839 [ReconcilerExecutor-hivemq-controller-97] DEBUG c.h.p.o.h.HiveMQPlatformReconcilerErrorHandler - [helmvolu] Pod 'test-hivemq-platform-0' phase Pending
2025-01-28 21:19:14,843 INFO c.h.h.t.HelmChartContainer - [hivemq-test-hivemq-platform] [hivemq-platform-operator] [68e05e19] 21:19:14.839 [ReconcilerExecutor-hivemq-controller-97] DEBUG c.h.p.o.h.HiveMQPlatformReconcilerErrorHandler - [helmvolu] Pod 'test-hivemq-platform-0' condition 'PodReadyToStartContainers': False
2025-01-28 21:19:14,843 INFO c.h.h.t.HelmChartContainer - [hivemq-test-hivemq-platform] [hivemq-platform-operator] [68e05e19] 21:19:14.839 [ReconcilerExecutor-hivemq-controller-97] DEBUG c.h.p.o.h.HiveMQPlatformReconcilerErrorHandler - [helmvolu] Pod 'test-hivemq-platform-0' condition 'Initialized': False
2025-01-28 21:19:14,843 INFO c.h.h.t.HelmChartContainer - [hivemq-test-hivemq-platform] [hivemq-platform-operator] [68e05e19] 21:19:14.839 [ReconcilerExecutor-hivemq-controller-97] DEBUG c.h.p.o.h.HiveMQPlatformReconcilerErrorHandler - [helmvolu] Pod 'test-hivemq-platform-0' condition 'Ready': False
2025-01-28 21:19:14,843 INFO c.h.h.t.HelmChartContainer - [hivemq-test-hivemq-platform] [hivemq-platform-operator] [68e05e19] 21:19:14.839 [ReconcilerExecutor-hivemq-controller-97] DEBUG c.h.p.o.h.HiveMQPlatformReconcilerErrorHandler - [helmvolu] Pod 'test-hivemq-platform-0' condition 'ContainersReady': False
2025-01-28 21:19:14,843 INFO c.h.h.t.HelmChartContainer - [hivemq-test-hivemq-platform] [hivemq-platform-operator] [68e05e19] 21:19:14.839 [ReconcilerExecutor-hivemq-controller-97] DEBUG c.h.p.o.h.HiveMQPlatformReconcilerErrorHandler - [helmvolu] Pod 'test-hivemq-platform-0' condition 'PodScheduled': True
2025-01-28 21:19:14,843 INFO c.h.h.t.HelmChartContainer - [hivemq-test-hivemq-platform] [hivemq-platform-operator] [68e05e19] 21:19:14.840 [ReconcilerExecutor-hivemq-controller-97] DEBUG c.h.p.o.h.HiveMQPlatformReconcilerErrorHandler - [helmvolu] Pod 'test-hivemq-platform-0' containerStatus 'hivemq' (started: false) (ready: false) (waiting: [PodInitializing] null)
2025-01-28 21:19:14,844 INFO c.h.h.t.HelmChartContainer - [hivemq-test-hivemq-platform] [hivemq-platform-operator] [68e05e19] 21:19:14.842 [ReconcilerExecutor-hivemq-controller-97] INFO  c.h.p.o.h.HiveMQPlatformReconcilerBaseHandler - [helmvolu] HiveMQ Platform is starting, 0 of 2 replicas are ready
2025-01-28 21:19:14,860 INFO c.h.h.t.HelmChartContainer - [K3S] [reconciler_common.go:251] "operationExecutor.VerifyControllerAttachedVolume started for volume \"pvc-3c2aee7a-b868-4b66-94c5-fa09d47aae82\" (UniqueName: \"kubernetes.io/local-volume/pvc-3c2aee7a-b868-4b66-94c5-fa09d47aae82\") pod \"test-hivemq-platform-0\" (UID: \"66608005-1f58-43bd-8a1d-83451b819e1f\") " pod="helmvolumeclaimtemplatesit/test-hivemq-platform-0"
2025-01-28 21:19:14,860 INFO c.h.h.t.HelmChartContainer - [K3S] [reconciler_common.go:251] "operationExecutor.VerifyControllerAttachedVolume started for volume \"pod-info\" (UniqueName: \"kubernetes.io/configmap/66608005-1f58-43bd-8a1d-83451b819e1f-pod-info\") pod \"test-hivemq-platform-0\" (UID: \"66608005-1f58-43bd-8a1d-83451b819e1f\") " pod="helmvolumeclaimtemplatesit/test-hivemq-platform-0"
2025-01-28 21:19:14,860 INFO c.h.h.t.HelmChartContainer - [K3S] [reconciler_common.go:251] "operationExecutor.VerifyControllerAttachedVolume started for volume \"broker-configuration\" (UniqueName: \"kubernetes.io/configmap/66608005-1f58-43bd-8a1d-83451b819e1f-broker-configuration\") pod \"test-hivemq-platform-0\" (UID: \"66608005-1f58-43bd-8a1d-83451b819e1f\") " pod="helmvolumeclaimtemplatesit/test-hivemq-platform-0"
2025-01-28 21:19:14,860 INFO c.h.h.t.HelmChartContainer - [K3S] [reconciler_common.go:251] "operationExecutor.VerifyControllerAttachedVolume started for volume \"operator-init\" (UniqueName: \"kubernetes.io/empty-dir/66608005-1f58-43bd-8a1d-83451b819e1f-operator-init\") pod \"test-hivemq-platform-0\" (UID: \"66608005-1f58-43bd-8a1d-83451b819e1f\") " pod="helmvolumeclaimtemplatesit/test-hivemq-platform-0"
2025-01-28 21:19:14,860 INFO c.h.h.t.HelmChartContainer - [K3S] [reconciler_common.go:251] "operationExecutor.VerifyControllerAttachedVolume started for volume \"kube-api-access-l4r67\" (UniqueName: \"kubernetes.io/projected/66608005-1f58-43bd-8a1d-83451b819e1f-kube-api-access-l4r67\") pod \"test-hivemq-platform-0\" (UID: \"66608005-1f58-43bd-8a1d-83451b819e1f\") " pod="helmvolumeclaimtemplatesit/test-hivemq-platform-0"
2025-01-28 21:19:14,891 INFO c.h.h.t.HelmChartContainer - [hivemq-test-hivemq-platform] [hivemq-platform-operator] [68e05e19] 21:19:14.889 [pool-6-thread-6] DEBUG c.h.p.o.d.PlatformServiceResource - [helmvolu] Desired Platform services (3 services)
2025-01-28 21:19:14,891 INFO c.h.h.t.HelmChartContainer - [hivemq-test-hivemq-platform] [hivemq-platform-operator] [68e05e19] 21:19:14.890 [pool-6-thread-3] DEBUG c.h.p.o.dependants.PodInfoConfigMap - [helmvolu] Desired PodInfo ConfigMap (1 extensions) (1 enabled)
2025-01-28 21:19:14,891 INFO c.h.h.t.HelmChartContainer - [hivemq-test-hivemq-platform] [hivemq-platform-operator] [68e05e19] 21:19:14.890 [pool-6-thread-3] DEBUG c.h.p.o.dependants.PodInfoConfigMap - [helmvolu] Desired PodInfo ConfigMap (metrics port: 9399) (metrics path: /)
2025-01-28 21:19:14,892 INFO c.h.h.t.HelmChartContainer - [hivemq-test-hivemq-platform] [hivemq-platform-operator] [68e05e19] 21:19:14.890 [pool-6-thread-3] DEBUG c.h.p.o.dependants.PodInfoConfigMap - [helmvolu] Desired PodInfo ConfigMap (extension state hash: -1817474005)
2025-01-28 21:19:14,892 INFO c.h.h.t.HelmChartContainer - [hivemq-test-hivemq-platform] [hivemq-platform-operator] [68e05e19] 21:19:14.890 [pool-6-thread-1] DEBUG c.h.p.o.d.PodServiceAccountResource - [helmvolu] Desired PodServiceAccountResource (serviceAccountName: hivemq-platform-pod-test-hivemq-platform)
2025-01-28 21:19:14,939 INFO c.h.h.t.HelmChartContainer - [hivemq-test-hivemq-platform] [hivemq-platform-operator] [68e05e19] 21:19:14.938 [pool-6-thread-6] DEBUG c.h.p.o.d.StatefulSetResource - [helmvolu] Desired StatefulSet (2 replicas) for status STARTING (READY)
2025-01-28 21:19:14,944 INFO c.h.h.t.HelmChartContainer - [hivemq-test-hivemq-platform] [hivemq-platform-operator] [68e05e19] 21:19:14.943 [ReconcilerExecutor-hivemq-controller-108] INFO  c.h.p.o.HiveMQPlatformReconciler - [helmvolu] Reconciling HiveMQ Platform 'test-hivemq-platform' in namespace 'helmvolumeclaimtemplatesit'
2025-01-28 21:19:14,944 INFO c.h.h.t.HelmChartContainer - [hivemq-test-hivemq-platform] [hivemq-platform-operator] [68e05e19] 21:19:14.943 [ReconcilerExecutor-hivemq-controller-108] DEBUG c.h.p.o.HiveMQPlatformReconciler - [helmvolu] Custom Resource Status STARTING - HiveMQ Platform is starting (READY)
2025-01-28 21:19:14,944 INFO c.h.h.t.HelmChartContainer - [hivemq-test-hivemq-platform] [hivemq-platform-operator] [68e05e19] 21:19:14.943 [ReconcilerExecutor-hivemq-controller-108] DEBUG c.h.p.o.HiveMQPlatformReconciler - [helmvolu] Custom Resource Spec (replicas: 2) (extensions: 1)
2025-01-28 21:19:14,988 INFO c.h.h.t.HelmChartContainer - [hivemq-test-hivemq-platform] [hivemq-platform-operator] [68e05e19] 21:19:14.987 [ReconcilerExecutor-hivemq-controller-108] DEBUG c.h.p.o.HiveMQPlatformReconciler - [helmvolu] StatefulSet Status (revision: test-hivemq-platform-6c7bb94cbd, replicas: 1, available: 0, ready: 0, current: 1, updated: 1)
2025-01-28 21:19:14,988 INFO c.h.h.t.HelmChartContainer - [hivemq-test-hivemq-platform] [hivemq-platform-operator] [68e05e19] 21:19:14.987 [ReconcilerExecutor-hivemq-controller-108] DEBUG c.h.p.o.HiveMQPlatformReconciler - [helmvolu] StatefulSet Spec (replicas: 2, init containers: 1, containers: 1, volumes: 4)
2025-01-28 21:19:14,991 INFO c.h.h.t.HelmChartContainer - [hivemq-test-hivemq-platform] [hivemq-platform-operator] [68e05e19] 21:19:14.989 [ReconcilerExecutor-hivemq-controller-108] DEBUG c.h.p.o.h.HiveMQPlatformReconcilerErrorHandler - [helmvolu] Pod 'test-hivemq-platform-0' phase Pending
2025-01-28 21:19:14,991 INFO c.h.h.t.HelmChartContainer - [hivemq-test-hivemq-platform] [hivemq-platform-operator] [68e05e19] 21:19:14.990 [ReconcilerExecutor-hivemq-controller-108] DEBUG c.h.p.o.h.HiveMQPlatformReconcilerErrorHandler - [helmvolu] Pod 'test-hivemq-platform-0' condition 'PodReadyToStartContainers': False
2025-01-28 21:19:14,992 INFO c.h.h.t.HelmChartContainer - [hivemq-test-hivemq-platform] [hivemq-platform-operator] [68e05e19] 21:19:14.990 [ReconcilerExecutor-hivemq-controller-108] DEBUG c.h.p.o.h.HiveMQPlatformReconcilerErrorHandler - [helmvolu] Pod 'test-hivemq-platform-0' condition 'Initialized': False
2025-01-28 21:19:14,992 INFO c.h.h.t.HelmChartContainer - [hivemq-test-hivemq-platform] [hivemq-platform-operator] [68e05e19] 21:19:14.990 [ReconcilerExecutor-hivemq-controller-108] DEBUG c.h.p.o.h.HiveMQPlatformReconcilerErrorHandler - [helmvolu] Pod 'test-hivemq-platform-0' condition 'Ready': False
2025-01-28 21:19:14,992 INFO c.h.h.t.HelmChartContainer - [hivemq-test-hivemq-platform] [hivemq-platform-operator] [68e05e19] 21:19:14.990 [ReconcilerExecutor-hivemq-controller-108] DEBUG c.h.p.o.h.HiveMQPlatformReconcilerErrorHandler - [helmvolu] Pod 'test-hivemq-platform-0' condition 'ContainersReady': False
2025-01-28 21:19:14,992 INFO c.h.h.t.HelmChartContainer - [hivemq-test-hivemq-platform] [hivemq-platform-operator] [68e05e19] 21:19:14.990 [ReconcilerExecutor-hivemq-controller-108] DEBUG c.h.p.o.h.HiveMQPlatformReconcilerErrorHandler - [helmvolu] Pod 'test-hivemq-platform-0' condition 'PodScheduled': True
2025-01-28 21:19:14,992 INFO c.h.h.t.HelmChartContainer - [hivemq-test-hivemq-platform] [hivemq-platform-operator] [68e05e19] 21:19:14.990 [ReconcilerExecutor-hivemq-controller-108] DEBUG c.h.p.o.h.HiveMQPlatformReconcilerErrorHandler - [helmvolu] Pod 'test-hivemq-platform-0' containerStatus 'hivemq' (started: false) (ready: false) (waiting: [PodInitializing] null)
2025-01-28 21:19:14,992 INFO c.h.h.t.HelmChartContainer - [hivemq-test-hivemq-platform] [hivemq-platform-operator] [68e05e19] 21:19:14.991 [ReconcilerExecutor-hivemq-controller-108] INFO  c.h.p.o.h.HiveMQPlatformReconcilerBaseHandler - [helmvolu] HiveMQ Platform is starting, 0 of 2 replicas are ready
2025-01-28 21:19:15,352 INFO c.h.h.t.HelmChartContainer - [EVENT] Normal [Pulled] Container image "docker.io/hivemq/hivemq-platform-operator-init-test:snapshot" already present on machine [helmvolumeclaimtemplatesit:test-hivemq-platform-0]
2025-01-28 21:19:15,404 INFO c.h.h.t.HelmChartContainer - [K3S] [kubelet_volumes.go:163] "Cleaned up orphaned pod volumes dir" podUID="7a5fd30e-bc94-42c1-b0a1-c63170101f54" path="/var/lib/kubelet/pods/7a5fd30e-bc94-42c1-b0a1-c63170101f54/volumes"
2025-01-28 21:19:15,484 INFO c.h.h.t.HelmChartContainer - [EVENT] Normal [Created] Created container: hivemq-platform-operator-init [helmvolumeclaimtemplatesit:test-hivemq-platform-0]
2025-01-28 21:19:15,522 INFO c.h.h.t.HelmChartContainer - [EVENT] Normal [Started] Started container hivemq-platform-operator-init [helmvolumeclaimtemplatesit:test-hivemq-platform-0]
2025-01-28 21:19:15,692 INFO c.h.h.t.HelmChartContainer - [EVENT] Normal [Pulled] Container image "docker.io/hivemq/hivemq4:4.36.0" already present on machine [helmvolumeclaimtemplatesit:test-hivemq-platform-0]
2025-01-28 21:19:15,692 INFO c.h.h.t.HelmChartContainer - Received Pulled event for container hivemq in pod test-hivemq-platform-0 [66608005-1f58-43bd-8a1d-83451b819e1f]
2025-01-28 21:19:15,704 INFO c.h.h.t.HelmChartContainer - [POD] test-hivemq-platform-0 [66608005-1f58-43bd-8a1d-83451b819e1f] in helmvolumeclaimtemplatesit was MODIFIED
2025-01-28 21:19:15,733 INFO c.h.h.t.HelmChartContainer - [hivemq-test-hivemq-platform] [hivemq-platform-operator] [68e05e19] 21:19:15.718 [pool-6-thread-16] DEBUG c.h.p.o.d.PlatformServiceResource - [helmvolu] Desired Platform services (3 services)
2025-01-28 21:19:15,734 INFO c.h.h.t.HelmChartContainer - [hivemq-test-hivemq-platform] [hivemq-platform-operator] [68e05e19] 21:19:15.720 [pool-6-thread-17] DEBUG c.h.p.o.dependants.PodInfoConfigMap - [helmvolu] Desired PodInfo ConfigMap (1 extensions) (1 enabled)
2025-01-28 21:19:15,735 INFO c.h.h.t.HelmChartContainer - [hivemq-test-hivemq-platform] [hivemq-platform-operator] [68e05e19] 21:19:15.720 [pool-6-thread-17] DEBUG c.h.p.o.dependants.PodInfoConfigMap - [helmvolu] Desired PodInfo ConfigMap (metrics port: 9399) (metrics path: /)
2025-01-28 21:19:15,735 INFO c.h.h.t.HelmChartContainer - [hivemq-test-hivemq-platform] [hivemq-platform-operator] [68e05e19] 21:19:15.720 [pool-6-thread-17] DEBUG c.h.p.o.dependants.PodInfoConfigMap - [helmvolu] Desired PodInfo ConfigMap (extension state hash: -1817474005)
2025-01-28 21:19:15,735 INFO c.h.h.t.HelmChartContainer - [hivemq-test-hivemq-platform] [hivemq-platform-operator] [68e05e19] 21:19:15.723 [pool-6-thread-14] DEBUG c.h.p.o.d.PodServiceAccountResource - [helmvolu] Desired PodServiceAccountResource (serviceAccountName: hivemq-platform-pod-test-hivemq-platform)
2025-01-28 21:19:15,737 INFO c.h.h.t.HelmChartContainer - [hivemq-test-hivemq-platform] [hivemq-platform-operator] [68e05e19] 21:19:15.735 [pool-6-thread-16] DEBUG c.h.p.o.d.StatefulSetResource - [helmvolu] Desired StatefulSet (2 replicas) for status STARTING (READY)
2025-01-28 21:19:15,792 INFO c.h.h.t.HelmChartContainer - [hivemq-test-hivemq-platform] [hivemq-platform-operator] [68e05e19] 21:19:15.790 [ReconcilerExecutor-hivemq-controller-109] INFO  c.h.p.o.HiveMQPlatformReconciler - [helmvolu] Reconciling HiveMQ Platform 'test-hivemq-platform' in namespace 'helmvolumeclaimtemplatesit'
2025-01-28 21:19:15,796 INFO c.h.h.t.HelmChartContainer - [hivemq-test-hivemq-platform] [hivemq-platform-operator] [68e05e19] 21:19:15.790 [ReconcilerExecutor-hivemq-controller-109] DEBUG c.h.p.o.HiveMQPlatformReconciler - [helmvolu] Custom Resource Status STARTING - HiveMQ Platform is starting (READY)
2025-01-28 21:19:15,796 INFO c.h.h.t.HelmChartContainer - [hivemq-test-hivemq-platform] [hivemq-platform-operator] [68e05e19] 21:19:15.790 [ReconcilerExecutor-hivemq-controller-109] DEBUG c.h.p.o.HiveMQPlatformReconciler - [helmvolu] Custom Resource Spec (replicas: 2) (extensions: 1)
2025-01-28 21:19:15,797 INFO c.h.h.t.HelmChartContainer - [hivemq-test-hivemq-platform] [hivemq-platform-operator] [68e05e19] 21:19:15.794 [ReconcilerExecutor-hivemq-controller-109] DEBUG c.h.p.o.HiveMQPlatformReconciler - [helmvolu] StatefulSet Status (revision: test-hivemq-platform-6c7bb94cbd, replicas: 1, available: 0, ready: 0, current: 1, updated: 1)
2025-01-28 21:19:15,797 INFO c.h.h.t.HelmChartContainer - [hivemq-test-hivemq-platform] [hivemq-platform-operator] [68e05e19] 21:19:15.794 [ReconcilerExecutor-hivemq-controller-109] DEBUG c.h.p.o.HiveMQPlatformReconciler - [helmvolu] StatefulSet Spec (replicas: 2, init containers: 1, containers: 1, volumes: 4)
2025-01-28 21:19:15,799 INFO c.h.h.t.HelmChartContainer - [hivemq-test-hivemq-platform] [hivemq-platform-operator] [68e05e19] 21:19:15.798 [ReconcilerExecutor-hivemq-controller-109] DEBUG c.h.p.o.h.HiveMQPlatformReconcilerErrorHandler - [helmvolu] Pod 'test-hivemq-platform-0' phase Pending
2025-01-28 21:19:15,803 INFO c.h.h.t.HelmChartContainer - [hivemq-test-hivemq-platform] [hivemq-platform-operator] [68e05e19] 21:19:15.799 [ReconcilerExecutor-hivemq-controller-109] DEBUG c.h.p.o.h.HiveMQPlatformReconcilerErrorHandler - [helmvolu] Pod 'test-hivemq-platform-0' condition 'PodReadyToStartContainers': True
2025-01-28 21:19:15,803 INFO c.h.h.t.HelmChartContainer - [hivemq-test-hivemq-platform] [hivemq-platform-operator] [68e05e19] 21:19:15.799 [ReconcilerExecutor-hivemq-controller-109] DEBUG c.h.p.o.h.HiveMQPlatformReconcilerErrorHandler - [helmvolu] Pod 'test-hivemq-platform-0' condition 'Initialized': True
2025-01-28 21:19:15,803 INFO c.h.h.t.HelmChartContainer - [hivemq-test-hivemq-platform] [hivemq-platform-operator] [68e05e19] 21:19:15.799 [ReconcilerExecutor-hivemq-controller-109] DEBUG c.h.p.o.h.HiveMQPlatformReconcilerErrorHandler - [helmvolu] Pod 'test-hivemq-platform-0' condition 'Ready': False
2025-01-28 21:19:15,803 INFO c.h.h.t.HelmChartContainer - [hivemq-test-hivemq-platform] [hivemq-platform-operator] [68e05e19] 21:19:15.799 [ReconcilerExecutor-hivemq-controller-109] DEBUG c.h.p.o.h.HiveMQPlatformReconcilerErrorHandler - [helmvolu] Pod 'test-hivemq-platform-0' condition 'ContainersReady': False
2025-01-28 21:19:15,803 INFO c.h.h.t.HelmChartContainer - [hivemq-test-hivemq-platform] [hivemq-platform-operator] [68e05e19] 21:19:15.799 [ReconcilerExecutor-hivemq-controller-109] DEBUG c.h.p.o.h.HiveMQPlatformReconcilerErrorHandler - [helmvolu] Pod 'test-hivemq-platform-0' condition 'PodScheduled': True
2025-01-28 21:19:15,803 INFO c.h.h.t.HelmChartContainer - [hivemq-test-hivemq-platform] [hivemq-platform-operator] [68e05e19] 21:19:15.799 [ReconcilerExecutor-hivemq-controller-109] DEBUG c.h.p.o.h.HiveMQPlatformReconcilerErrorHandler - [helmvolu] Pod 'test-hivemq-platform-0' containerStatus 'hivemq' (started: false) (ready: false) (waiting: [PodInitializing] null)
2025-01-28 21:19:15,803 INFO c.h.h.t.HelmChartContainer - [hivemq-test-hivemq-platform] [hivemq-platform-operator] [68e05e19] 21:19:15.800 [ReconcilerExecutor-hivemq-controller-109] INFO  c.h.p.o.h.HiveMQPlatformReconcilerBaseHandler - [helmvolu] HiveMQ Platform is starting, 0 of 2 replicas are ready
2025-01-28 21:19:17,080 INFO c.h.h.t.HelmChartContainer - [EVENT] Normal [Created] Created container: hivemq [helmvolumeclaimtemplatesit:test-hivemq-platform-0]
2025-01-28 21:19:17,080 INFO c.h.h.t.HelmChartContainer - Received Created event for container hivemq in pod test-hivemq-platform-0 [66608005-1f58-43bd-8a1d-83451b819e1f]
2025-01-28 21:19:17,706 INFO c.h.h.t.HelmChartContainer - [POD] test-hivemq-platform-0 [66608005-1f58-43bd-8a1d-83451b819e1f] in helmvolumeclaimtemplatesit was MODIFIED
2025-01-28 21:19:17,719 INFO c.h.h.t.HelmChartContainer - Started log watcher for hivemq in pod test-hivemq-platform-0 [66608005-1f58-43bd-8a1d-83451b819e1f]
2025-01-28 21:19:17,719 INFO c.h.h.t.HelmChartContainer - [hivemq-test-hivemq-platform] [hivemq-platform-operator] [68e05e19] 21:19:17.712 [pool-6-thread-23] DEBUG c.h.p.o.d.PlatformServiceResource - [helmvolu] Desired Platform services (3 services)
2025-01-28 21:19:17,719 INFO c.h.h.t.HelmChartContainer - [hivemq-test-hivemq-platform] [hivemq-platform-operator] [68e05e19] 21:19:17.715 [pool-6-thread-22] DEBUG c.h.p.o.d.PodServiceAccountResource - [helmvolu] Desired PodServiceAccountResource (serviceAccountName: hivemq-platform-pod-test-hivemq-platform)
2025-01-28 21:19:17,719 INFO c.h.h.t.HelmChartContainer - [hivemq-test-hivemq-platform] [hivemq-platform-operator] [68e05e19] 21:19:17.715 [pool-6-thread-26] DEBUG c.h.p.o.dependants.PodInfoConfigMap - [helmvolu] Desired PodInfo ConfigMap (1 extensions) (1 enabled)
2025-01-28 21:19:17,720 INFO c.h.h.t.HelmChartContainer - [EVENT] Normal [Started] Started container hivemq [helmvolumeclaimtemplatesit:test-hivemq-platform-0]
2025-01-28 21:19:17,720 INFO c.h.h.t.HelmChartContainer - Received Started event for container hivemq in pod test-hivemq-platform-0 [66608005-1f58-43bd-8a1d-83451b819e1f]
2025-01-28 21:19:17,722 INFO c.h.h.t.HelmChartContainer - [hivemq-test-hivemq-platform] [hivemq-platform-operator] [68e05e19] 21:19:17.715 [pool-6-thread-26] DEBUG c.h.p.o.dependants.PodInfoConfigMap - [helmvolu] Desired PodInfo ConfigMap (metrics port: 9399) (metrics path: /)
2025-01-28 21:19:17,722 INFO c.h.h.t.HelmChartContainer - [hivemq-test-hivemq-platform] [hivemq-platform-operator] [68e05e19] 21:19:17.715 [pool-6-thread-26] DEBUG c.h.p.o.dependants.PodInfoConfigMap - [helmvolu] Desired PodInfo ConfigMap (extension state hash: -1817474005)
2025-01-28 21:19:17,722 INFO c.h.h.t.HelmChartContainer - [test-hivemq-platform] [hivemq] [66608005] Adding pre-installed HiveMQ Platform Operator extensions
2025-01-28 21:19:17,722 INFO c.h.h.t.HelmChartContainer - [test-hivemq-platform] [hivemq] [66608005] Running as user 10000
2025-01-28 21:19:17,722 INFO c.h.h.t.HelmChartContainer - [test-hivemq-platform] [hivemq] [66608005] Starting HiveMQ Platform Operator Init
2025-01-28 21:19:17,726 INFO c.h.h.t.HelmChartContainer - [hivemq-test-hivemq-platform] [hivemq-platform-operator] [68e05e19] 21:19:17.724 [pool-6-thread-25] DEBUG c.h.p.o.d.StatefulSetResource - [helmvolu] Desired StatefulSet (2 replicas) for status STARTING (READY)
2025-01-28 21:19:17,790 INFO c.h.h.t.HelmChartContainer - [hivemq-test-hivemq-platform] [hivemq-platform-operator] [68e05e19] 21:19:17.786 [ReconcilerExecutor-hivemq-controller-110] INFO  c.h.p.o.HiveMQPlatformReconciler - [helmvolu] Reconciling HiveMQ Platform 'test-hivemq-platform' in namespace 'helmvolumeclaimtemplatesit'
2025-01-28 21:19:17,790 INFO c.h.h.t.HelmChartContainer - [hivemq-test-hivemq-platform] [hivemq-platform-operator] [68e05e19] 21:19:17.786 [ReconcilerExecutor-hivemq-controller-110] DEBUG c.h.p.o.HiveMQPlatformReconciler - [helmvolu] Custom Resource Status STARTING - HiveMQ Platform is starting (READY)
2025-01-28 21:19:17,790 INFO c.h.h.t.HelmChartContainer - [hivemq-test-hivemq-platform] [hivemq-platform-operator] [68e05e19] 21:19:17.786 [ReconcilerExecutor-hivemq-controller-110] DEBUG c.h.p.o.HiveMQPlatformReconciler - [helmvolu] Custom Resource Spec (replicas: 2) (extensions: 1)
2025-01-28 21:19:17,791 INFO c.h.h.t.HelmChartContainer - [hivemq-test-hivemq-platform] [hivemq-platform-operator] [68e05e19] 21:19:17.789 [ReconcilerExecutor-hivemq-controller-110] DEBUG c.h.p.o.HiveMQPlatformReconciler - [helmvolu] StatefulSet Status (revision: test-hivemq-platform-6c7bb94cbd, replicas: 1, available: 0, ready: 0, current: 1, updated: 1)
2025-01-28 21:19:17,792 INFO c.h.h.t.HelmChartContainer - [hivemq-test-hivemq-platform] [hivemq-platform-operator] [68e05e19] 21:19:17.790 [ReconcilerExecutor-hivemq-controller-110] DEBUG c.h.p.o.HiveMQPlatformReconciler - [helmvolu] StatefulSet Spec (replicas: 2, init containers: 1, containers: 1, volumes: 4)
2025-01-28 21:19:17,795 INFO c.h.h.t.HelmChartContainer - [hivemq-test-hivemq-platform] [hivemq-platform-operator] [68e05e19] 21:19:17.794 [ReconcilerExecutor-hivemq-controller-110] DEBUG c.h.p.o.h.HiveMQPlatformReconcilerErrorHandler - [helmvolu] Pod 'test-hivemq-platform-0' phase Running
2025-01-28 21:19:17,796 INFO c.h.h.t.HelmChartContainer - [hivemq-test-hivemq-platform] [hivemq-platform-operator] [68e05e19] 21:19:17.795 [ReconcilerExecutor-hivemq-controller-110] INFO  c.h.p.o.h.HiveMQPlatformReconcilerBaseHandler - [helmvolu] HiveMQ Platform is starting, 0 of 2 replicas are ready
2025-01-28 21:19:18,343 INFO c.h.h.t.HelmChartContainer - [test-hivemq-platform] [hivemq] [66608005] INFO  - [HiveMQ Platform Operator Init 1.7.0-SNAPSHOT] HiveMQ Platform Operator Init 1.7.0-SNAPSHOT (commit: bebf408 on branch: HEAD) built on Sun Jan 26 20:47:47 UTC 2025
2025-01-28 21:19:19,520 INFO c.h.h.t.HelmChartContainer - [test-hivemq-platform] [hivemq] [66608005] INFO  - [HiveMQ Platform Operator Init App 1.7.0-SNAPSHOT] Using bind address 10.42.0.9 from environment variable
2025-01-28 21:19:20,428 INFO c.h.h.t.HelmChartContainer - [test-hivemq-platform] [hivemq] [66608005] INFO  - [HiveMQ Platform Operator Init App 1.7.0-SNAPSHOT] HiveMQ Platform Operator Init App 1.7.0-SNAPSHOT (commit: bebf408 on branch: HEAD) built on Sun Jan 26 20:47:47 UTC 2025
2025-01-28 21:19:20,429 INFO c.h.h.t.HelmChartContainer - [test-hivemq-platform] [hivemq] [66608005] INFO  - [HiveMQ Platform Operator Init App 1.7.0-SNAPSHOT] PodInfo ConfigMap directory: /etc/podinfo
2025-01-28 21:19:20,429 INFO c.h.h.t.HelmChartContainer - [test-hivemq-platform] [hivemq] [66608005] INFO  - [HiveMQ Platform Operator Init App 1.7.0-SNAPSHOT] HiveMQ home directory: /opt/hivemq
2025-01-28 21:19:20,429 INFO c.h.h.t.HelmChartContainer - [test-hivemq-platform] [hivemq] [66608005] INFO  - [HiveMQ Platform Operator Init App 1.7.0-SNAPSHOT] HiveMQ Logback folder: /opt/hivemq/conf
2025-01-28 21:19:20,429 INFO c.h.h.t.HelmChartContainer - [test-hivemq-platform] [hivemq] [66608005] INFO  - [HiveMQ Platform Operator Init App 1.7.0-SNAPSHOT] HiveMQ Config folder: /opt/hivemq/conf-k8s
2025-01-28 21:19:20,429 INFO c.h.h.t.HelmChartContainer - [test-hivemq-platform] [hivemq] [66608005] INFO  - [HiveMQ Platform Operator Init App 1.7.0-SNAPSHOT] Starting HiveMQ Platform Operator Init App
2025-01-28 21:19:20,429 INFO c.h.h.t.HelmChartContainer - [test-hivemq-platform] [hivemq] [66608005] INFO  - [HiveMQ Platform Operator Init App 1.7.0-SNAPSHOT] Starting Pod reconciler
2025-01-28 21:19:21,624 INFO c.h.h.t.HelmChartContainer - [test-hivemq-platform] [hivemq] [66608005] INFO  - [HiveMQ Platform Operator Init App 1.7.0-SNAPSHOT] Pod reconciler is scheduled (interval: 5000 ms)
2025-01-28 21:19:21,625 INFO c.h.h.t.HelmChartContainer - [test-hivemq-platform] [hivemq] [66608005] INFO  - [HiveMQ Platform Operator Init App 1.7.0-SNAPSHOT] Starting the REST API on 10.42.0.9:7979
2025-01-28 21:19:21,628 INFO c.h.h.t.HelmChartContainer - [test-hivemq-platform] [hivemq] [66608005] INFO  - [HiveMQ Platform Operator Init App 1.7.0-SNAPSHOT] Waiting up to 600s for at most 2 HiveMQ nodes in cluster service hivemq-test-hivemq-platform-cluster.helmvolumeclaimtemplatesit.svc
2025-01-28 21:19:22,025 INFO c.h.h.t.HelmChartContainer - [test-hivemq-platform] [hivemq] [66608005] INFO  - [HiveMQ Platform Operator Init App 1.7.0-SNAPSHOT] Resolved 1 IP addresses: [10.42.0.9]
2025-01-28 21:19:22,026 INFO c.h.h.t.HelmChartContainer - [test-hivemq-platform] [hivemq] [66608005] INFO  - [HiveMQ Platform Operator Init App 1.7.0-SNAPSHOT] HiveMQ node count of 1 is within threshold of 2
2025-01-28 21:19:22,026 INFO c.h.h.t.HelmChartContainer - [test-hivemq-platform] [hivemq] [66608005] INFO  - [HiveMQ Platform Operator Init App 1.7.0-SNAPSHOT] Proceeding with container start
2025-01-28 21:19:22,062 INFO c.h.h.t.HelmChartContainer - [test-hivemq-platform] [hivemq] [66608005] INFO  - [HiveMQ Platform Operator Init App 1.7.0-SNAPSHOT] Initializing HiveMQ Platform extensions with initial configuration: {hivemq-allow-all-extension={start-priority=-1, skip-https-hostname-verification=false, restart=true, config-version=0, header-version=0, c-uri=, priority=-1, uri=preinstalled, skip-https-certificate-validation=false, enabled=true}, hivemq-prometheus-extension={priority=-1, start-priority=-1, c-uri=, skip-https-hostname-verification=false, skip-https-certificate-validation=false, uri=preinstalled, request-header-path=no-request-headers, enabled=true, restart=true}}
2025-01-28 21:19:22,547 INFO c.h.h.t.HelmChartContainer - [test-hivemq-platform] [hivemq] [66608005] INFO  - [HiveMQ Platform Operator Init App 1.7.0-SNAPSHOT] Extension hivemq-allow-all-extension was already enabled
2025-01-28 21:19:22,642 INFO c.h.h.t.HelmChartContainer - [test-hivemq-platform] [hivemq] [66608005] INFO  - [HiveMQ Platform Operator Init App 1.7.0-SNAPSHOT] Successfully enabled extension hivemq-prometheus-extension
2025-01-28 21:19:22,642 INFO c.h.h.t.HelmChartContainer - [test-hivemq-platform] [hivemq] [66608005] INFO  - [HiveMQ Platform Operator Init App 1.7.0-SNAPSHOT] Starting HiveMQ Platform version 4.36.0 (4.36.0)
2025-01-28 21:19:22,645 INFO c.h.h.t.HelmChartContainer - [test-hivemq-platform] [hivemq] [66608005] INFO  - [HiveMQ Platform Operator Init App 1.7.0-SNAPSHOT] Configuring the HiveMQ Platform
2025-01-28 21:19:22,723 INFO c.h.h.t.HelmChartContainer - [test-hivemq-platform] [hivemq] [66608005] INFO  - [HiveMQ Platform Operator Init App 1.7.0-SNAPSHOT] Changed logback.xml file scan period to 20 seconds
2025-01-28 21:19:22,748 INFO c.h.h.t.HelmChartContainer - [test-hivemq-platform] [hivemq] [66608005] INFO  - [HiveMQ Platform Operator Init App 1.7.0-SNAPSHOT] Starting the HiveMQ Platform
2025-01-28 21:19:22,752 INFO c.h.h.t.HelmChartContainer - [test-hivemq-platform] [hivemq] [66608005] -------------------------------------------------------------------------
2025-01-28 21:19:22,752 INFO c.h.h.t.HelmChartContainer - [test-hivemq-platform] [hivemq] [66608005] 
2025-01-28 21:19:22,753 INFO c.h.h.t.HelmChartContainer - [test-hivemq-platform] [hivemq] [66608005]                   _    _  _              __  __   ____
2025-01-28 21:19:22,753 INFO c.h.h.t.HelmChartContainer - [test-hivemq-platform] [hivemq] [66608005]                  | |  | |(_)            |  \/  | / __ \
2025-01-28 21:19:22,753 INFO c.h.h.t.HelmChartContainer - [test-hivemq-platform] [hivemq] [66608005]                  | |__| | _ __   __ ___ | \  / || |  | |
2025-01-28 21:19:22,753 INFO c.h.h.t.HelmChartContainer - [test-hivemq-platform] [hivemq] [66608005]                  |  __  || |\ \ / // _ \| |\/| || |  | |
2025-01-28 21:19:22,753 INFO c.h.h.t.HelmChartContainer - [test-hivemq-platform] [hivemq] [66608005]                  | |  | || | \ V /|  __/| |  | || |__| |
2025-01-28 21:19:22,753 INFO c.h.h.t.HelmChartContainer - [test-hivemq-platform] [hivemq] [66608005]                  |_|  |_||_|  \_/  \___||_|  |_| \___\_\
2025-01-28 21:19:22,753 INFO c.h.h.t.HelmChartContainer - [test-hivemq-platform] [hivemq] [66608005] 
2025-01-28 21:19:22,753 INFO c.h.h.t.HelmChartContainer - [test-hivemq-platform] [hivemq] [66608005] -------------------------------------------------------------------------
2025-01-28 21:19:22,753 INFO c.h.h.t.HelmChartContainer - [test-hivemq-platform] [hivemq] [66608005] 
2025-01-28 21:19:22,753 INFO c.h.h.t.HelmChartContainer - [test-hivemq-platform] [hivemq] [66608005]   HiveMQ Start Script for Linux/Unix v1.14
2025-01-28 21:19:22,753 INFO c.h.h.t.HelmChartContainer - [test-hivemq-platform] [hivemq] [66608005] 
2025-01-28 21:19:22,854 INFO c.h.h.t.HelmChartContainer - [test-hivemq-platform] [hivemq] [66608005] -------------------------------------------------------------------------
2025-01-28 21:19:22,854 INFO c.h.h.t.HelmChartContainer - [test-hivemq-platform] [hivemq] [66608005] 
2025-01-28 21:19:22,854 INFO c.h.h.t.HelmChartContainer - [test-hivemq-platform] [hivemq] [66608005]   HIVEMQ_HOME: /opt/hivemq
2025-01-28 21:19:22,854 INFO c.h.h.t.HelmChartContainer - [test-hivemq-platform] [hivemq] [66608005] 
2025-01-28 21:19:22,854 INFO c.h.h.t.HelmChartContainer - [test-hivemq-platform] [hivemq] [66608005]   JAVA_OPTS: -XX:+UnlockExperimentalVMOptions -XX:InitialRAMPercentage=50 -XX:MaxRAMPercentage=50 -Djava.net.preferIPv4Stack=true --add-opens java.base/java.lang=ALL-UNNAMED --add-opens java.base/java.nio=ALL-UNNAMED --add-opens java.base/sun.nio.ch=ALL-UNNAMED --add-opens jdk.management/com.sun.management.internal=ALL-UNNAMED --add-exports java.base/jdk.internal.misc=ALL-UNNAMED -Djava.security.egd=file:/dev/./urandom -Dcom.sun.management.jmxremote -Dcom.sun.management.jmxremote.port=9010 -Dcom.sun.management.jmxremote.local.only=false -Dcom.sun.management.jmxremote.authenticate=false -Dcom.sun.management.jmxremote.ssl=false -Duser.language=en -Duser.region=US -XX:+CrashOnOutOfMemoryError -XX:+HeapDumpOnOutOfMemoryError
2025-01-28 21:19:22,854 INFO c.h.h.t.HelmChartContainer - [test-hivemq-platform] [hivemq] [66608005] 
2025-01-28 21:19:22,854 INFO c.h.h.t.HelmChartContainer - [test-hivemq-platform] [hivemq] [66608005]   JAVA_VERSION: 21
2025-01-28 21:19:22,854 INFO c.h.h.t.HelmChartContainer - [test-hivemq-platform] [hivemq] [66608005] 
2025-01-28 21:19:22,855 INFO c.h.h.t.HelmChartContainer - [test-hivemq-platform] [hivemq] [66608005] -------------------------------------------------------------------------
2025-01-28 21:19:22,855 INFO c.h.h.t.HelmChartContainer - [test-hivemq-platform] [hivemq] [66608005] 
2025-01-28 21:19:23,746 INFO c.h.h.t.HelmChartContainer - [test-hivemq-platform] [hivemq] [66608005] INFO  - [HiveMQ Platform Operator Init App 1.7.0-SNAPSHOT] Returning default Health API response 503 for readiness
2025-01-28 21:19:24,231 INFO c.h.h.t.HelmChartContainer - [EVENT] Warning [Unhealthy] Readiness probe failed: HTTP probe failed with statuscode: 503 [helmvolumeclaimtemplatesit:test-hivemq-platform-0]
2025-01-28 21:19:24,231 INFO c.h.h.t.HelmChartContainer - Received Unhealthy event for container hivemq in pod test-hivemq-platform-0 [66608005-1f58-43bd-8a1d-83451b819e1f]
2025-01-28 21:19:25,721 INFO c.h.h.t.HelmChartContainer - [test-hivemq-platform] [hivemq] [66608005] INFO  - Starting HiveMQ Enterprise Server
2025-01-28 21:19:25,727 INFO c.h.h.t.HelmChartContainer - [test-hivemq-platform] [hivemq] [66608005] INFO  - HiveMQ version: 4.36.0
2025-01-28 21:19:25,727 INFO c.h.h.t.HelmChartContainer - [test-hivemq-platform] [hivemq] [66608005] INFO  - HiveMQ home directory: /opt/hivemq
2025-01-28 21:19:25,727 INFO c.h.h.t.HelmChartContainer - [test-hivemq-platform] [hivemq] [66608005] INFO  - Log Configuration was overridden by /opt/hivemq/conf/logback.xml
2025-01-28 21:19:27,128 INFO c.h.h.t.HelmChartContainer - [test-hivemq-platform] [hivemq] [66608005] INFO  - Successfully loaded configuration from '/opt/hivemq/conf-k8s/config.xml'.
2025-01-28 21:19:27,801 INFO c.h.h.t.HelmChartContainer - [hivemq-test-hivemq-platform] [hivemq-platform-operator] [68e05e19] 21:19:27.799 [pool-6-thread-32] DEBUG c.h.p.o.d.PlatformServiceResource - [helmvolu] Desired Platform services (3 services)
2025-01-28 21:19:27,801 INFO c.h.h.t.HelmChartContainer - [hivemq-test-hivemq-platform] [hivemq-platform-operator] [68e05e19] 21:19:27.799 [pool-6-thread-36] DEBUG c.h.p.o.dependants.PodInfoConfigMap - [helmvolu] Desired PodInfo ConfigMap (1 extensions) (1 enabled)
2025-01-28 21:19:27,802 INFO c.h.h.t.HelmChartContainer - [hivemq-test-hivemq-platform] [hivemq-platform-operator] [68e05e19] 21:19:27.799 [pool-6-thread-36] DEBUG c.h.p.o.dependants.PodInfoConfigMap - [helmvolu] Desired PodInfo ConfigMap (metrics port: 9399) (metrics path: /)
2025-01-28 21:19:27,802 INFO c.h.h.t.HelmChartContainer - [hivemq-test-hivemq-platform] [hivemq-platform-operator] [68e05e19] 21:19:27.799 [pool-6-thread-36] DEBUG c.h.p.o.dependants.PodInfoConfigMap - [helmvolu] Desired PodInfo ConfigMap (extension state hash: -1817474005)
2025-01-28 21:19:27,804 INFO c.h.h.t.HelmChartContainer - [hivemq-test-hivemq-platform] [hivemq-platform-operator] [68e05e19] 21:19:27.801 [pool-6-thread-35] DEBUG c.h.p.o.d.PodServiceAccountResource - [helmvolu] Desired PodServiceAccountResource (serviceAccountName: hivemq-platform-pod-test-hivemq-platform)
2025-01-28 21:19:27,807 INFO c.h.h.t.HelmChartContainer - [hivemq-test-hivemq-platform] [hivemq-platform-operator] [68e05e19] 21:19:27.806 [pool-6-thread-32] DEBUG c.h.p.o.d.StatefulSetResource - [helmvolu] Desired StatefulSet (2 replicas) for status STARTING (READY)
2025-01-28 21:19:27,812 INFO c.h.h.t.HelmChartContainer - [hivemq-test-hivemq-platform] [hivemq-platform-operator] [68e05e19] 21:19:27.810 [ReconcilerExecutor-hivemq-controller-111] INFO  c.h.p.o.HiveMQPlatformReconciler - [helmvolu] Reconciling HiveMQ Platform 'test-hivemq-platform' in namespace 'helmvolumeclaimtemplatesit'
2025-01-28 21:19:27,812 INFO c.h.h.t.HelmChartContainer - [hivemq-test-hivemq-platform] [hivemq-platform-operator] [68e05e19] 21:19:27.811 [ReconcilerExecutor-hivemq-controller-111] DEBUG c.h.p.o.HiveMQPlatformReconciler - [helmvolu] Custom Resource Status STARTING - HiveMQ Platform is starting (READY)
2025-01-28 21:19:27,812 INFO c.h.h.t.HelmChartContainer - [hivemq-test-hivemq-platform] [hivemq-platform-operator] [68e05e19] 21:19:27.811 [ReconcilerExecutor-hivemq-controller-111] DEBUG c.h.p.o.HiveMQPlatformReconciler - [helmvolu] Custom Resource Spec (replicas: 2) (extensions: 1)
2025-01-28 21:19:27,813 INFO c.h.h.t.HelmChartContainer - [hivemq-test-hivemq-platform] [hivemq-platform-operator] [68e05e19] 21:19:27.812 [ReconcilerExecutor-hivemq-controller-111] DEBUG c.h.p.o.HiveMQPlatformReconciler - [helmvolu] StatefulSet Status (revision: test-hivemq-platform-6c7bb94cbd, replicas: 1, available: 0, ready: 0, current: 1, updated: 1)
2025-01-28 21:19:27,814 INFO c.h.h.t.HelmChartContainer - [hivemq-test-hivemq-platform] [hivemq-platform-operator] [68e05e19] 21:19:27.812 [ReconcilerExecutor-hivemq-controller-111] DEBUG c.h.p.o.HiveMQPlatformReconciler - [helmvolu] StatefulSet Spec (replicas: 2, init containers: 1, containers: 1, volumes: 4)
2025-01-28 21:19:27,816 INFO c.h.h.t.HelmChartContainer - [hivemq-test-hivemq-platform] [hivemq-platform-operator] [68e05e19] 21:19:27.814 [ReconcilerExecutor-hivemq-controller-111] DEBUG c.h.p.o.h.HiveMQPlatformReconcilerErrorHandler - [helmvolu] Pod 'test-hivemq-platform-0' phase Running
2025-01-28 21:19:27,816 INFO c.h.h.t.HelmChartContainer - [hivemq-test-hivemq-platform] [hivemq-platform-operator] [68e05e19] 21:19:27.815 [ReconcilerExecutor-hivemq-controller-111] INFO  c.h.p.o.h.HiveMQPlatformReconcilerBaseHandler - [helmvolu] HiveMQ Platform is starting, 0 of 2 replicas are ready
2025-01-28 21:19:28,026 INFO c.h.h.t.HelmChartContainer - [test-hivemq-platform] [hivemq] [66608005] INFO  - This node's ID is eB0sK
2025-01-28 21:19:28,026 INFO c.h.h.t.HelmChartContainer - [test-hivemq-platform] [hivemq] [66608005] INFO  - Clustering is enabled
2025-01-28 21:19:29,245 INFO c.h.h.t.HelmChartContainer - [test-hivemq-platform] [hivemq] [66608005] WARN  - [HiveMQ Platform Operator Init App 1.7.0-SNAPSHOT] Cannot connect to Health API for readiness: null
2025-01-28 21:19:29,328 INFO c.h.h.t.HelmChartContainer - [EVENT] Warning [Unhealthy] Readiness probe failed: HTTP probe failed with statuscode: 503 [helmvolumeclaimtemplatesit:test-hivemq-platform-0]
2025-01-28 21:19:29,328 INFO c.h.h.t.HelmChartContainer - Received Unhealthy event for container hivemq in pod test-hivemq-platform-0 [66608005-1f58-43bd-8a1d-83451b819e1f]
2025-01-28 21:19:32,941 INFO c.h.h.t.HelmChartContainer - [test-hivemq-platform] [hivemq] [66608005] Jan 28, 2025 9:19:32 PM io.vertx.core.impl.BlockedThreadChecker
2025-01-28 21:19:32,942 INFO c.h.h.t.HelmChartContainer - [test-hivemq-platform] [hivemq] [66608005] WARNING: Thread Thread[vert.x-eventloop-thread-1,5,main] has been blocked for 2896 ms, time limit is 2000 ms
2025-01-28 21:19:33,726 INFO c.h.h.t.HelmChartContainer - [test-hivemq-platform] [hivemq] [66608005] WARN  - [HiveMQ Platform Operator Init App 1.7.0-SNAPSHOT] Cannot connect to Health API for readiness: null
2025-01-28 21:19:33,745 INFO c.h.h.t.HelmChartContainer - [EVENT] Warning [Unhealthy] Readiness probe failed: HTTP probe failed with statuscode: 503 [helmvolumeclaimtemplatesit:test-hivemq-platform-0]
2025-01-28 21:19:33,745 INFO c.h.h.t.HelmChartContainer - Received Unhealthy event for container hivemq in pod test-hivemq-platform-0 [66608005-1f58-43bd-8a1d-83451b819e1f]
2025-01-28 21:19:33,828 INFO c.h.h.t.HelmChartContainer - [test-hivemq-platform] [hivemq] [66608005] INFO  - [HiveMQ Platform Operator Init App 1.7.0-SNAPSHOT] Updating Pod HiveMQ Platform Operator Init App version annotation (version: 1.7.0-SNAPSHOT)
2025-01-28 21:19:34,551 INFO c.h.h.t.HelmChartContainer - [POD] test-hivemq-platform-0 [66608005-1f58-43bd-8a1d-83451b819e1f] in helmvolumeclaimtemplatesit was MODIFIED
2025-01-28 21:19:34,558 INFO c.h.h.t.HelmChartContainer - [hivemq-test-hivemq-platform] [hivemq-platform-operator] [68e05e19] 21:19:34.554 [pool-6-thread-47] DEBUG c.h.p.o.d.PlatformServiceResource - [helmvolu] Desired Platform services (3 services)
2025-01-28 21:19:34,558 INFO c.h.h.t.HelmChartContainer - [hivemq-test-hivemq-platform] [hivemq-platform-operator] [68e05e19] 21:19:34.556 [pool-6-thread-43] DEBUG c.h.p.o.d.PodServiceAccountResource - [helmvolu] Desired PodServiceAccountResource (serviceAccountName: hivemq-platform-pod-test-hivemq-platform)
2025-01-28 21:19:34,559 INFO c.h.h.t.HelmChartContainer - [hivemq-test-hivemq-platform] [hivemq-platform-operator] [68e05e19] 21:19:34.558 [pool-6-thread-42] DEBUG c.h.p.o.dependants.PodInfoConfigMap - [helmvolu] Desired PodInfo ConfigMap (1 extensions) (1 enabled)
2025-01-28 21:19:34,559 INFO c.h.h.t.HelmChartContainer - [hivemq-test-hivemq-platform] [hivemq-platform-operator] [68e05e19] 21:19:34.559 [pool-6-thread-42] DEBUG c.h.p.o.dependants.PodInfoConfigMap - [helmvolu] Desired PodInfo ConfigMap (metrics port: 9399) (metrics path: /)
2025-01-28 21:19:34,559 INFO c.h.h.t.HelmChartContainer - [hivemq-test-hivemq-platform] [hivemq-platform-operator] [68e05e19] 21:19:34.559 [pool-6-thread-42] DEBUG c.h.p.o.dependants.PodInfoConfigMap - [helmvolu] Desired PodInfo ConfigMap (extension state hash: -1817474005)
2025-01-28 21:19:34,564 INFO c.h.h.t.HelmChartContainer - [hivemq-test-hivemq-platform] [hivemq-platform-operator] [68e05e19] 21:19:34.563 [pool-6-thread-47] DEBUG c.h.p.o.d.StatefulSetResource - [helmvolu] Desired StatefulSet (2 replicas) for status STARTING (READY)
2025-01-28 21:19:34,567 INFO c.h.h.t.HelmChartContainer - [hivemq-test-hivemq-platform] [hivemq-platform-operator] [68e05e19] 21:19:34.566 [ReconcilerExecutor-hivemq-controller-112] INFO  c.h.p.o.HiveMQPlatformReconciler - [helmvolu] Reconciling HiveMQ Platform 'test-hivemq-platform' in namespace 'helmvolumeclaimtemplatesit'
2025-01-28 21:19:34,568 INFO c.h.h.t.HelmChartContainer - [hivemq-test-hivemq-platform] [hivemq-platform-operator] [68e05e19] 21:19:34.566 [ReconcilerExecutor-hivemq-controller-112] DEBUG c.h.p.o.HiveMQPlatformReconciler - [helmvolu] Custom Resource Status STARTING - HiveMQ Platform is starting (READY)
2025-01-28 21:19:34,568 INFO c.h.h.t.HelmChartContainer - [hivemq-test-hivemq-platform] [hivemq-platform-operator] [68e05e19] 21:19:34.566 [ReconcilerExecutor-hivemq-controller-112] DEBUG c.h.p.o.HiveMQPlatformReconciler - [helmvolu] Custom Resource Spec (replicas: 2) (extensions: 1)
2025-01-28 21:19:34,636 INFO c.h.h.t.HelmChartContainer - [hivemq-test-hivemq-platform] [hivemq-platform-operator] [68e05e19] 21:19:34.632 [ReconcilerExecutor-hivemq-controller-112] DEBUG c.h.p.o.HiveMQPlatformReconciler - [helmvolu] StatefulSet Status (revision: test-hivemq-platform-6c7bb94cbd, replicas: 1, available: 0, ready: 0, current: 1, updated: 1)
2025-01-28 21:19:34,636 INFO c.h.h.t.HelmChartContainer - [hivemq-test-hivemq-platform] [hivemq-platform-operator] [68e05e19] 21:19:34.632 [ReconcilerExecutor-hivemq-controller-112] DEBUG c.h.p.o.HiveMQPlatformReconciler - [helmvolu] StatefulSet Spec (replicas: 2, init containers: 1, containers: 1, volumes: 4)
2025-01-28 21:19:34,637 INFO c.h.h.t.HelmChartContainer - [hivemq-test-hivemq-platform] [hivemq-platform-operator] [68e05e19] 21:19:34.635 [ReconcilerExecutor-hivemq-controller-112] DEBUG c.h.p.o.h.HiveMQPlatformReconcilerErrorHandler - [helmvolu] Pod 'test-hivemq-platform-0' phase Running
2025-01-28 21:19:34,637 INFO c.h.h.t.HelmChartContainer - [hivemq-test-hivemq-platform] [hivemq-platform-operator] [68e05e19] 21:19:34.636 [ReconcilerExecutor-hivemq-controller-112] INFO  c.h.p.o.h.HiveMQPlatformReconcilerBaseHandler - [helmvolu] HiveMQ Platform is starting, 0 of 2 replicas are ready
2025-01-28 21:19:34,641 INFO c.h.h.t.HelmChartContainer - [test-hivemq-platform] [hivemq] [66608005] INFO  - [HiveMQ Platform Operator Init App 1.7.0-SNAPSHOT] Successfully updated Pod HiveMQ Platform Operator Init App version annotation (version: 1.7.0-SNAPSHOT)
2025-01-28 21:19:34,646 INFO c.h.h.t.HelmChartContainer - [test-hivemq-platform] [hivemq] [66608005] WARN  - [HiveMQ Platform Operator Init App 1.7.0-SNAPSHOT] Cannot connect to Health API for readiness: null
2025-01-28 21:19:34,651 INFO c.h.h.t.HelmChartContainer - [EVENT] Warning [Unhealthy] Readiness probe failed: HTTP probe failed with statuscode: 503 [helmvolumeclaimtemplatesit:test-hivemq-platform-0]
2025-01-28 21:19:34,651 INFO c.h.h.t.HelmChartContainer - Received Unhealthy event for container hivemq in pod test-hivemq-platform-0 [66608005-1f58-43bd-8a1d-83451b819e1f]
2025-01-28 21:19:39,625 INFO c.h.h.t.HelmChartContainer - [test-hivemq-platform] [hivemq] [66608005] WARN  - [HiveMQ Platform Operator Init App 1.7.0-SNAPSHOT] Cannot connect to Health API for readiness: null
2025-01-28 21:19:39,630 INFO c.h.h.t.HelmChartContainer - [EVENT] Warning [Unhealthy] Readiness probe failed: HTTP probe failed with statuscode: 503 [helmvolumeclaimtemplatesit:test-hivemq-platform-0]
2025-01-28 21:19:39,630 INFO c.h.h.t.HelmChartContainer - Received Unhealthy event for container hivemq in pod test-hivemq-platform-0 [66608005-1f58-43bd-8a1d-83451b819e1f]
2025-01-28 21:19:41,433 INFO c.h.h.t.HelmChartContainer - [K3S] [scope.go:117] "RemoveContainer" containerID="7d9120a0b81210c10305624c6009a140c8f8c08b47ec00efb70a1f2e7fbfe0d0"
2025-01-28 21:19:44,624 INFO c.h.h.t.HelmChartContainer - [test-hivemq-platform] [hivemq] [66608005] WARN  - [HiveMQ Platform Operator Init App 1.7.0-SNAPSHOT] Cannot connect to Health API for readiness: null
2025-01-28 21:19:44,628 INFO c.h.h.t.HelmChartContainer - [EVENT] Warning [Unhealthy] Readiness probe failed: HTTP probe failed with statuscode: 503 [helmvolumeclaimtemplatesit:test-hivemq-platform-0]
2025-01-28 21:19:44,628 INFO c.h.h.t.HelmChartContainer - Received Unhealthy event for container hivemq in pod test-hivemq-platform-0 [66608005-1f58-43bd-8a1d-83451b819e1f]
2025-01-28 21:19:44,649 INFO c.h.h.t.HelmChartContainer - [hivemq-test-hivemq-platform] [hivemq-platform-operator] [68e05e19] 21:19:44.648 [pool-6-thread-1] DEBUG c.h.p.o.d.PlatformServiceResource - [helmvolu] Desired Platform services (3 services)
2025-01-28 21:19:44,655 INFO c.h.h.t.HelmChartContainer - [hivemq-test-hivemq-platform] [hivemq-platform-operator] [68e05e19] 21:19:44.654 [pool-6-thread-3] DEBUG c.h.p.o.dependants.PodInfoConfigMap - [helmvolu] Desired PodInfo ConfigMap (1 extensions) (1 enabled)
2025-01-28 21:19:44,656 INFO c.h.h.t.HelmChartContainer - [hivemq-test-hivemq-platform] [hivemq-platform-operator] [68e05e19] 21:19:44.654 [pool-6-thread-3] DEBUG c.h.p.o.dependants.PodInfoConfigMap - [helmvolu] Desired PodInfo ConfigMap (metrics port: 9399) (metrics path: /)
2025-01-28 21:19:44,656 INFO c.h.h.t.HelmChartContainer - [hivemq-test-hivemq-platform] [hivemq-platform-operator] [68e05e19] 21:19:44.654 [pool-6-thread-3] DEBUG c.h.p.o.dependants.PodInfoConfigMap - [helmvolu] Desired PodInfo ConfigMap (extension state hash: -1817474005)
2025-01-28 21:19:44,658 INFO c.h.h.t.HelmChartContainer - [hivemq-test-hivemq-platform] [hivemq-platform-operator] [68e05e19] 21:19:44.656 [pool-6-thread-4] DEBUG c.h.p.o.d.PodServiceAccountResource - [helmvolu] Desired PodServiceAccountResource (serviceAccountName: hivemq-platform-pod-test-hivemq-platform)
2025-01-28 21:19:44,662 INFO c.h.h.t.HelmChartContainer - [hivemq-test-hivemq-platform] [hivemq-platform-operator] [68e05e19] 21:19:44.661 [pool-6-thread-1] DEBUG c.h.p.o.d.StatefulSetResource - [helmvolu] Desired StatefulSet (2 replicas) for status STARTING (READY)
2025-01-28 21:19:44,665 INFO c.h.h.t.HelmChartContainer - [hivemq-test-hivemq-platform] [hivemq-platform-operator] [68e05e19] 21:19:44.664 [ReconcilerExecutor-hivemq-controller-113] INFO  c.h.p.o.HiveMQPlatformReconciler - [helmvolu] Reconciling HiveMQ Platform 'test-hivemq-platform' in namespace 'helmvolumeclaimtemplatesit'
2025-01-28 21:19:44,665 INFO c.h.h.t.HelmChartContainer - [hivemq-test-hivemq-platform] [hivemq-platform-operator] [68e05e19] 21:19:44.664 [ReconcilerExecutor-hivemq-controller-113] DEBUG c.h.p.o.HiveMQPlatformReconciler - [helmvolu] Custom Resource Status STARTING - HiveMQ Platform is starting (READY)
2025-01-28 21:19:44,666 INFO c.h.h.t.HelmChartContainer - [hivemq-test-hivemq-platform] [hivemq-platform-operator] [68e05e19] 21:19:44.665 [ReconcilerExecutor-hivemq-controller-113] DEBUG c.h.p.o.HiveMQPlatformReconciler - [helmvolu] Custom Resource Spec (replicas: 2) (extensions: 1)
2025-01-28 21:19:44,734 INFO c.h.h.t.HelmChartContainer - [hivemq-test-hivemq-platform] [hivemq-platform-operator] [68e05e19] 21:19:44.733 [ReconcilerExecutor-hivemq-controller-113] DEBUG c.h.p.o.HiveMQPlatformReconciler - [helmvolu] StatefulSet Status (revision: test-hivemq-platform-6c7bb94cbd, replicas: 1, available: 0, ready: 0, current: 1, updated: 1)
2025-01-28 21:19:44,734 INFO c.h.h.t.HelmChartContainer - [hivemq-test-hivemq-platform] [hivemq-platform-operator] [68e05e19] 21:19:44.733 [ReconcilerExecutor-hivemq-controller-113] DEBUG c.h.p.o.HiveMQPlatformReconciler - [helmvolu] StatefulSet Spec (replicas: 2, init containers: 1, containers: 1, volumes: 4)
2025-01-28 21:19:44,736 INFO c.h.h.t.HelmChartContainer - [hivemq-test-hivemq-platform] [hivemq-platform-operator] [68e05e19] 21:19:44.735 [ReconcilerExecutor-hivemq-controller-113] DEBUG c.h.p.o.h.HiveMQPlatformReconcilerErrorHandler - [helmvolu] Pod 'test-hivemq-platform-0' phase Running
2025-01-28 21:19:44,736 INFO c.h.h.t.HelmChartContainer - [hivemq-test-hivemq-platform] [hivemq-platform-operator] [68e05e19] 21:19:44.736 [ReconcilerExecutor-hivemq-controller-113] INFO  c.h.p.o.h.HiveMQPlatformReconcilerBaseHandler - [helmvolu] HiveMQ Platform is starting, 0 of 2 replicas are ready
2025-01-28 21:19:44,964 INFO c.h.h.t.HelmChartContainer - [K3S] [range_allocator.go:247] "Successfully synced" key="579ae00a3440"
2025-01-28 21:19:45,342 INFO c.h.h.t.HelmChartContainer - [test-hivemq-platform] [hivemq] [66608005] WARN  - [HiveMQ Platform Operator Init App 1.7.0-SNAPSHOT] Cannot connect to Health API for liveness: null
2025-01-28 21:19:45,342 INFO c.h.h.t.HelmChartContainer - [test-hivemq-platform] [hivemq] [66608005] INFO  - [HiveMQ Platform Operator Init App 1.7.0-SNAPSHOT] Returning default Health API response 200 for liveness
2025-01-28 21:19:46,543 INFO c.h.h.t.HelmChartContainer - [test-hivemq-platform] [hivemq] [66608005] INFO  - No valid license file found. Using trial license, restricted to 25 connections.
2025-01-28 21:19:49,643 INFO c.h.h.t.HelmChartContainer - [test-hivemq-platform] [hivemq] [66608005] WARN  - [HiveMQ Platform Operator Init App 1.7.0-SNAPSHOT] Cannot connect to Health API for readiness: null
2025-01-28 21:19:49,647 INFO c.h.h.t.HelmChartContainer - [EVENT] Warning [Unhealthy] Readiness probe failed: HTTP probe failed with statuscode: 503 [helmvolumeclaimtemplatesit:test-hivemq-platform-0]
2025-01-28 21:19:49,648 INFO c.h.h.t.HelmChartContainer - Received Unhealthy event for container hivemq in pod test-hivemq-platform-0 [66608005-1f58-43bd-8a1d-83451b819e1f]
2025-01-28 21:19:51,042 INFO c.h.h.t.HelmChartContainer - [test-hivemq-platform] [hivemq] [66608005] INFO  - No valid license file for Data Hub found. Using free license, restricted to 1 policy.
2025-01-28 21:19:52,252 INFO c.h.h.t.HelmChartContainer - [test-hivemq-platform] [hivemq] [66608005] INFO  - Audit Logger started.
2025-01-28 21:19:52,560 INFO c.h.h.t.HelmChartContainer - [test-hivemq-platform] [hivemq] [66608005] INFO  - This node uses '1' CPU cores.
2025-01-28 21:19:52,564 INFO c.h.h.t.HelmChartContainer - [test-hivemq-platform] [hivemq] [66608005] INFO  - Starting HiveMQ Health API on address 0.0.0.0 and port 8889
2025-01-28 21:19:53,526 INFO c.h.h.t.HelmChartContainer - [test-hivemq-platform] [hivemq] [66608005] INFO  - Started HiveMQ Health API in 961ms
2025-01-28 21:19:54,122 INFO c.h.h.t.HelmChartContainer - [test-hivemq-platform] [hivemq] [66608005] INFO  - Starting HiveMQ extension system.
2025-01-28 21:19:54,348 INFO c.h.h.t.HelmChartContainer - [test-hivemq-platform] [hivemq] [66608005] INFO  - Starting extension with id "hivemq-dns-cluster-discovery" at /opt/hivemq/extensions/hivemq-dns-cluster-discovery
2025-01-28 21:19:54,742 INFO c.h.h.t.HelmChartContainer - [hivemq-test-hivemq-platform] [hivemq-platform-operator] [68e05e19] 21:19:54.741 [pool-6-thread-17] DEBUG c.h.p.o.d.PlatformServiceResource - [helmvolu] Desired Platform services (3 services)
2025-01-28 21:19:54,747 INFO c.h.h.t.HelmChartContainer - [hivemq-test-hivemq-platform] [hivemq-platform-operator] [68e05e19] 21:19:54.746 [pool-6-thread-15] DEBUG c.h.p.o.dependants.PodInfoConfigMap - [helmvolu] Desired PodInfo ConfigMap (1 extensions) (1 enabled)
2025-01-28 21:19:54,750 INFO c.h.h.t.HelmChartContainer - [hivemq-test-hivemq-platform] [hivemq-platform-operator] [68e05e19] 21:19:54.749 [pool-6-thread-15] DEBUG c.h.p.o.dependants.PodInfoConfigMap - [helmvolu] Desired PodInfo ConfigMap (metrics port: 9399) (metrics path: /)
2025-01-28 21:19:54,751 INFO c.h.h.t.HelmChartContainer - [hivemq-test-hivemq-platform] [hivemq-platform-operator] [68e05e19] 21:19:54.747 [pool-6-thread-19] DEBUG c.h.p.o.d.PodServiceAccountResource - [helmvolu] Desired PodServiceAccountResource (serviceAccountName: hivemq-platform-pod-test-hivemq-platform)
2025-01-28 21:19:54,752 INFO c.h.h.t.HelmChartContainer - [hivemq-test-hivemq-platform] [hivemq-platform-operator] [68e05e19] 21:19:54.752 [pool-6-thread-15] DEBUG c.h.p.o.dependants.PodInfoConfigMap - [helmvolu] Desired PodInfo ConfigMap (extension state hash: -1817474005)
2025-01-28 21:19:54,757 INFO c.h.h.t.HelmChartContainer - [hivemq-test-hivemq-platform] [hivemq-platform-operator] [68e05e19] 21:19:54.756 [pool-6-thread-18] DEBUG c.h.p.o.d.StatefulSetResource - [helmvolu] Desired StatefulSet (2 replicas) for status STARTING (READY)
2025-01-28 21:19:54,761 INFO c.h.h.t.HelmChartContainer - [hivemq-test-hivemq-platform] [hivemq-platform-operator] [68e05e19] 21:19:54.760 [ReconcilerExecutor-hivemq-controller-114] INFO  c.h.p.o.HiveMQPlatformReconciler - [helmvolu] Reconciling HiveMQ Platform 'test-hivemq-platform' in namespace 'helmvolumeclaimtemplatesit'
2025-01-28 21:19:54,761 INFO c.h.h.t.HelmChartContainer - [hivemq-test-hivemq-platform] [hivemq-platform-operator] [68e05e19] 21:19:54.760 [ReconcilerExecutor-hivemq-controller-114] DEBUG c.h.p.o.HiveMQPlatformReconciler - [helmvolu] Custom Resource Status STARTING - HiveMQ Platform is starting (READY)
2025-01-28 21:19:54,761 INFO c.h.h.t.HelmChartContainer - [hivemq-test-hivemq-platform] [hivemq-platform-operator] [68e05e19] 21:19:54.760 [ReconcilerExecutor-hivemq-controller-114] DEBUG c.h.p.o.HiveMQPlatformReconciler - [helmvolu] Custom Resource Spec (replicas: 2) (extensions: 1)
2025-01-28 21:19:54,763 INFO c.h.h.t.HelmChartContainer - [hivemq-test-hivemq-platform] [hivemq-platform-operator] [68e05e19] 21:19:54.762 [ReconcilerExecutor-hivemq-controller-114] DEBUG c.h.p.o.HiveMQPlatformReconciler - [helmvolu] StatefulSet Status (revision: test-hivemq-platform-6c7bb94cbd, replicas: 1, available: 0, ready: 0, current: 1, updated: 1)
2025-01-28 21:19:54,763 INFO c.h.h.t.HelmChartContainer - [hivemq-test-hivemq-platform] [hivemq-platform-operator] [68e05e19] 21:19:54.762 [ReconcilerExecutor-hivemq-controller-114] DEBUG c.h.p.o.HiveMQPlatformReconciler - [helmvolu] StatefulSet Spec (replicas: 2, init containers: 1, containers: 1, volumes: 4)
2025-01-28 21:19:54,834 INFO c.h.h.t.HelmChartContainer - [hivemq-test-hivemq-platform] [hivemq-platform-operator] [68e05e19] 21:19:54.832 [ReconcilerExecutor-hivemq-controller-114] DEBUG c.h.p.o.h.HiveMQPlatformReconcilerErrorHandler - [helmvolu] Pod 'test-hivemq-platform-0' phase Running
2025-01-28 21:19:54,834 INFO c.h.h.t.HelmChartContainer - [hivemq-test-hivemq-platform] [hivemq-platform-operator] [68e05e19] 21:19:54.833 [ReconcilerExecutor-hivemq-controller-114] INFO  c.h.p.o.h.HiveMQPlatformReconcilerBaseHandler - [helmvolu] HiveMQ Platform is starting, 0 of 2 replicas are ready
2025-01-28 21:19:55,046 INFO c.h.h.t.HelmChartContainer - [test-hivemq-platform] [hivemq] [66608005] INFO  - Using TCP cluster transport on address 10.42.0.9 and port 7000
2025-01-28 21:19:55,146 INFO c.h.h.t.HelmChartContainer - [test-hivemq-platform] [hivemq] [66608005] INFO  - Using extension cluster discovery
2025-01-28 21:19:55,542 INFO c.h.h.t.HelmChartContainer - [test-hivemq-platform] [hivemq] [66608005] INFO  - Extension "DNS Cluster Discovery Extension" version 4.3.2 started successfully.
2025-01-28 21:19:55,542 INFO c.h.h.t.HelmChartContainer - [test-hivemq-platform] [hivemq] [66608005] INFO  - Starting extension with id "hivemq-prometheus-extension" at /opt/hivemq/extensions/hivemq-prometheus-extension
2025-01-28 21:19:55,595 INFO c.h.h.t.HelmChartContainer - [EVENT] Warning [Unhealthy] Readiness probe failed: Get "http://10.42.0.9:7979/readiness": context deadline exceeded (Client.Timeout exceeded while awaiting headers) [helmvolumeclaimtemplatesit:test-hivemq-platform-0]
2025-01-28 21:19:55,595 INFO c.h.h.t.HelmChartContainer - Received Unhealthy event for container hivemq in pod test-hivemq-platform-0 [66608005-1f58-43bd-8a1d-83451b819e1f]
2025-01-28 21:19:56,244 INFO c.h.h.t.HelmChartContainer - [test-hivemq-platform] [hivemq] [66608005] INFO  - [HiveMQ Platform Operator Init App 1.7.0-SNAPSHOT] Returning Health API response 503 for readiness
2025-01-28 21:19:56,845 INFO c.h.h.t.HelmChartContainer - [test-hivemq-platform] [hivemq] [66608005] INFO  - Started Jetty Server exposing Prometheus Servlet on URI http://0.0.0.0:9399/
2025-01-28 21:19:56,845 INFO c.h.h.t.HelmChartContainer - [test-hivemq-platform] [hivemq] [66608005] INFO  - Extension "Prometheus Monitoring Extension" version 4.0.12 started successfully.
2025-01-28 21:19:56,845 INFO c.h.h.t.HelmChartContainer - [test-hivemq-platform] [hivemq] [66608005] INFO  - Starting extension with id "hivemq-allow-all-extension" at /opt/hivemq/extensions/hivemq-allow-all-extension
2025-01-28 21:19:56,846 INFO c.h.h.t.HelmChartContainer - [test-hivemq-platform] [hivemq] [66608005] WARN  - 
2025-01-28 21:19:56,846 INFO c.h.h.t.HelmChartContainer - [test-hivemq-platform] [hivemq] [66608005] ################################################################################################################
2025-01-28 21:19:56,846 INFO c.h.h.t.HelmChartContainer - [test-hivemq-platform] [hivemq] [66608005] # This HiveMQ deployment is not secure! You are lacking Authentication and Authorization.                      #
2025-01-28 21:19:56,846 INFO c.h.h.t.HelmChartContainer - [test-hivemq-platform] [hivemq] [66608005] # Right now any MQTT client can connect to the broker with a full set of permissions.                          #
2025-01-28 21:19:56,846 INFO c.h.h.t.HelmChartContainer - [test-hivemq-platform] [hivemq] [66608005] # For production usage, add an appropriate security extension and remove the hivemq-allow-all extension.       #
2025-01-28 21:19:56,846 INFO c.h.h.t.HelmChartContainer - [test-hivemq-platform] [hivemq] [66608005] # You can download security extensions from the HiveMQ Marketplace (https://www.hivemq.com/extensions/).       #
2025-01-28 21:19:56,846 INFO c.h.h.t.HelmChartContainer - [test-hivemq-platform] [hivemq] [66608005] ################################################################################################################
2025-01-28 21:19:56,846 INFO c.h.h.t.HelmChartContainer - [test-hivemq-platform] [hivemq] [66608005] INFO  - Extension "Allow All Extension" version 1.1.1 started successfully.
2025-01-28 21:19:58,950 INFO c.h.h.t.HelmChartContainer - [test-hivemq-platform] [hivemq] [66608005] INFO  - eB0sK: no members discovered after 3108 ms: creating cluster as first member
2025-01-28 21:19:58,956 INFO c.h.h.t.HelmChartContainer - [test-hivemq-platform] [hivemq] [66608005] INFO  - Cluster nodes found by discovery: [eB0sK|0] (1) [eB0sK].
2025-01-28 21:19:59,040 INFO c.h.h.t.HelmChartContainer - [test-hivemq-platform] [hivemq] [66608005] WARN  - No user for HiveMQ Control Center configured. Starting with default user
2025-01-28 21:19:59,040 INFO c.h.h.t.HelmChartContainer - [test-hivemq-platform] [hivemq] [66608005] INFO  - Starting HiveMQ Control Center on address 0.0.0.0 and port 8080
2025-01-28 21:19:59,047 INFO c.h.h.t.HelmChartContainer - [test-hivemq-platform] [hivemq] [66608005] INFO  - Mounting HiveMQ Control Center V2 Preview
2025-01-28 21:19:59,647 INFO c.h.h.t.HelmChartContainer - [EVENT] Warning [Unhealthy] Readiness probe failed: HTTP probe failed with statuscode: 503 [helmvolumeclaimtemplatesit:test-hivemq-platform-0]
2025-01-28 21:19:59,647 INFO c.h.h.t.HelmChartContainer - Received Unhealthy event for container hivemq in pod test-hivemq-platform-0 [66608005-1f58-43bd-8a1d-83451b819e1f]
2025-01-28 21:19:59,748 INFO c.h.h.t.HelmChartContainer - [test-hivemq-platform] [hivemq] [66608005] INFO  - Started HiveMQ Control Center in 726ms
2025-01-28 21:19:59,765 INFO c.h.h.t.HelmChartContainer - [test-hivemq-platform] [hivemq] [66608005] INFO  - Starting TCP listener on address 0.0.0.0 and port 1883
2025-01-28 21:19:59,857 INFO c.h.h.t.HelmChartContainer - [test-hivemq-platform] [hivemq] [66608005] INFO  - Started TCP Listener on address 0.0.0.0 and on port 1883.
2025-01-28 21:19:59,857 INFO c.h.h.t.HelmChartContainer - [test-hivemq-platform] [hivemq] [66608005] INFO  - Started HiveMQ in 34527ms
2025-01-28 21:20:04,556 INFO c.h.h.t.HelmChartContainer - [test-hivemq-platform] [hivemq] [66608005] INFO  - [HiveMQ Platform Operator Init App 1.7.0-SNAPSHOT] Returning Health API response 200 for readiness
2025-01-28 21:20:04,571 INFO c.h.h.t.HelmChartContainer - [POD] test-hivemq-platform-0 [66608005-1f58-43bd-8a1d-83451b819e1f] in helmvolumeclaimtemplatesit was MODIFIED
2025-01-28 21:20:04,585 INFO c.h.h.t.HelmChartContainer - [hivemq-test-hivemq-platform] [hivemq-platform-operator] [68e05e19] 21:20:04.575 [pool-6-thread-28] DEBUG c.h.p.o.d.PlatformServiceResource - [helmvolu] Desired Platform services (3 services)
2025-01-28 21:20:04,585 INFO c.h.h.t.HelmChartContainer - [hivemq-test-hivemq-platform] [hivemq-platform-operator] [68e05e19] 21:20:04.576 [pool-6-thread-30] DEBUG c.h.p.o.d.PodServiceAccountResource - [helmvolu] Desired PodServiceAccountResource (serviceAccountName: hivemq-platform-pod-test-hivemq-platform)
2025-01-28 21:20:04,590 INFO c.h.h.t.HelmChartContainer - [hivemq-test-hivemq-platform] [hivemq-platform-operator] [68e05e19] 21:20:04.583 [pool-6-thread-26] DEBUG c.h.p.o.dependants.PodInfoConfigMap - [helmvolu] Desired PodInfo ConfigMap (1 extensions) (1 enabled)
2025-01-28 21:20:04,591 INFO c.h.h.t.HelmChartContainer - [hivemq-test-hivemq-platform] [hivemq-platform-operator] [68e05e19] 21:20:04.584 [pool-6-thread-26] DEBUG c.h.p.o.dependants.PodInfoConfigMap - [helmvolu] Desired PodInfo ConfigMap (metrics port: 9399) (metrics path: /)
2025-01-28 21:20:04,591 INFO c.h.h.t.HelmChartContainer - [hivemq-test-hivemq-platform] [hivemq-platform-operator] [68e05e19] 21:20:04.584 [pool-6-thread-26] DEBUG c.h.p.o.dependants.PodInfoConfigMap - [helmvolu] Desired PodInfo ConfigMap (extension state hash: -1817474005)
2025-01-28 21:20:04,595 INFO c.h.h.t.HelmChartContainer - [hivemq-test-hivemq-platform] [hivemq-platform-operator] [68e05e19] 21:20:04.591 [pool-6-thread-28] DEBUG c.h.p.o.d.StatefulSetResource - [helmvolu] Desired StatefulSet (2 replicas) for status STARTING (READY)
2025-01-28 21:20:04,597 INFO c.h.h.t.HelmChartContainer - [EVENT] Normal [WaitForFirstConsumer] waiting for first consumer to be created before binding [helmvolumeclaimtemplatesit:hivemq-pvc-data-test-hivemq-platform-1]
2025-01-28 21:20:04,598 INFO c.h.h.t.HelmChartContainer - [EVENT] Normal [SuccessfulCreate] create Claim hivemq-pvc-data-test-hivemq-platform-1 Pod test-hivemq-platform-1 in StatefulSet test-hivemq-platform success [helmvolumeclaimtemplatesit:test-hivemq-platform]
2025-01-28 21:20:04,603 INFO c.h.h.t.HelmChartContainer - [POD] test-hivemq-platform-1 [9b8a3da7-5e34-4622-b062-ec92e9c74e74] in helmvolumeclaimtemplatesit was ADDED
2025-01-28 21:20:04,608 INFO c.h.h.t.HelmChartContainer - [EVENT] Normal [SuccessfulCreate] create Pod test-hivemq-platform-1 in StatefulSet test-hivemq-platform successful [helmvolumeclaimtemplatesit:test-hivemq-platform]
2025-01-28 21:20:04,620 INFO c.h.h.t.HelmChartContainer - [EVENT] Normal [ExternalProvisioning] Waiting for a volume to be created either by the external provisioner 'rancher.io/local-path' or manually by the system administrator. If volume creation is delayed, please verify that the provisioner is running and correctly registered. [helmvolumeclaimtemplatesit:hivemq-pvc-data-test-hivemq-platform-1]
2025-01-28 21:20:04,626 INFO c.h.h.t.HelmChartContainer - [EVENT] Normal [ExternalProvisioning] Waiting for a volume to be created either by the external provisioner 'rancher.io/local-path' or manually by the system administrator. If volume creation is delayed, please verify that the provisioner is running and correctly registered. [helmvolumeclaimtemplatesit:hivemq-pvc-data-test-hivemq-platform-1]
2025-01-28 21:20:04,627 INFO c.h.h.t.HelmChartContainer - [EVENT] Normal [Provisioning] External provisioner is provisioning volume for claim "helmvolumeclaimtemplatesit/hivemq-pvc-data-test-hivemq-platform-1" [helmvolumeclaimtemplatesit:hivemq-pvc-data-test-hivemq-platform-1]
2025-01-28 21:20:04,645 INFO c.h.h.t.HelmChartContainer - [hivemq-test-hivemq-platform] [hivemq-platform-operator] [68e05e19] 21:20:04.637 [ReconcilerExecutor-hivemq-controller-115] INFO  c.h.p.o.HiveMQPlatformReconciler - [helmvolu] Reconciling HiveMQ Platform 'test-hivemq-platform' in namespace 'helmvolumeclaimtemplatesit'
2025-01-28 21:20:04,645 INFO c.h.h.t.HelmChartContainer - [hivemq-test-hivemq-platform] [hivemq-platform-operator] [68e05e19] 21:20:04.637 [ReconcilerExecutor-hivemq-controller-115] DEBUG c.h.p.o.HiveMQPlatformReconciler - [helmvolu] Custom Resource Status STARTING - HiveMQ Platform is starting (READY)
2025-01-28 21:20:04,645 INFO c.h.h.t.HelmChartContainer - [hivemq-test-hivemq-platform] [hivemq-platform-operator] [68e05e19] 21:20:04.638 [ReconcilerExecutor-hivemq-controller-115] DEBUG c.h.p.o.HiveMQPlatformReconciler - [helmvolu] Custom Resource Spec (replicas: 2) (extensions: 1)
2025-01-28 21:20:04,645 INFO c.h.h.t.HelmChartContainer - [hivemq-test-hivemq-platform] [hivemq-platform-operator] [68e05e19] 21:20:04.639 [ReconcilerExecutor-hivemq-controller-115] DEBUG c.h.p.o.HiveMQPlatformReconciler - [helmvolu] StatefulSet Status (revision: test-hivemq-platform-6c7bb94cbd, replicas: 2, available: 1, ready: 1, current: 2, updated: 2)
2025-01-28 21:20:04,645 INFO c.h.h.t.HelmChartContainer - [hivemq-test-hivemq-platform] [hivemq-platform-operator] [68e05e19] 21:20:04.639 [ReconcilerExecutor-hivemq-controller-115] DEBUG c.h.p.o.HiveMQPlatformReconciler - [helmvolu] StatefulSet Spec (replicas: 2, init containers: 1, containers: 1, volumes: 4)
2025-01-28 21:20:04,645 INFO c.h.h.t.HelmChartContainer - [hivemq-test-hivemq-platform] [hivemq-platform-operator] [68e05e19] 21:20:04.642 [ReconcilerExecutor-hivemq-controller-115] DEBUG c.h.p.o.h.HiveMQPlatformReconcilerErrorHandler - [helmvolu] Pod 'test-hivemq-platform-0' phase Running
2025-01-28 21:20:04,648 INFO c.h.h.t.HelmChartContainer - [hivemq-test-hivemq-platform] [hivemq-platform-operator] [68e05e19] 21:20:04.647 [ReconcilerExecutor-hivemq-controller-115] INFO  c.h.p.o.h.HiveMQPlatformReconcilerBaseHandler - [helmvolu] HiveMQ Platform is starting, 1 of 2 replicas are ready
2025-01-28 21:20:04,653 INFO c.h.h.t.HelmChartContainer - [hivemq-test-hivemq-platform] [hivemq-platform-operator] [68e05e19] 21:20:04.650 [pool-6-thread-39] DEBUG c.h.p.o.d.PlatformServiceResource - [helmvolu] Desired Platform services (3 services)
2025-01-28 21:20:04,685 INFO c.h.h.t.HelmChartContainer - [POD] helper-pod-create-pvc-d1803ee3-df9a-4b32-b37a-14e96b886d93 [37d6cd68-d562-476f-80d0-e886e7b930ba] in kube-system was ADDED
2025-01-28 21:20:04,690 INFO c.h.h.t.HelmChartContainer - [hivemq-test-hivemq-platform] [hivemq-platform-operator] [68e05e19] 21:20:04.688 [pool-6-thread-35] DEBUG c.h.p.o.d.PodServiceAccountResource - [helmvolu] Desired PodServiceAccountResource (serviceAccountName: hivemq-platform-pod-test-hivemq-platform)
2025-01-28 21:20:04,695 INFO c.h.h.t.HelmChartContainer - [POD] helper-pod-create-pvc-d1803ee3-df9a-4b32-b37a-14e96b886d93 [37d6cd68-d562-476f-80d0-e886e7b930ba] in kube-system was MODIFIED
2025-01-28 21:20:04,735 INFO c.h.h.t.HelmChartContainer - [hivemq-test-hivemq-platform] [hivemq-platform-operator] [68e05e19] 21:20:04.732 [pool-6-thread-34] DEBUG c.h.p.o.dependants.PodInfoConfigMap - [helmvolu] Desired PodInfo ConfigMap (1 extensions) (1 enabled)
2025-01-28 21:20:04,735 INFO c.h.h.t.HelmChartContainer - [hivemq-test-hivemq-platform] [hivemq-platform-operator] [68e05e19] 21:20:04.732 [pool-6-thread-34] DEBUG c.h.p.o.dependants.PodInfoConfigMap - [helmvolu] Desired PodInfo ConfigMap (metrics port: 9399) (metrics path: /)
2025-01-28 21:20:04,735 INFO c.h.h.t.HelmChartContainer - [hivemq-test-hivemq-platform] [hivemq-platform-operator] [68e05e19] 21:20:04.732 [pool-6-thread-34] DEBUG c.h.p.o.dependants.PodInfoConfigMap - [helmvolu] Desired PodInfo ConfigMap (extension state hash: -1817474005)
2025-01-28 21:20:04,736 INFO c.h.h.t.HelmChartContainer - [hivemq-test-hivemq-platform] [hivemq-platform-operator] [68e05e19] 21:20:04.736 [pool-6-thread-39] DEBUG c.h.p.o.d.StatefulSetResource - [helmvolu] Desired StatefulSet (2 replicas) for status STARTING (READY)
2025-01-28 21:20:04,740 INFO c.h.h.t.HelmChartContainer - [hivemq-test-hivemq-platform] [hivemq-platform-operator] [68e05e19] 21:20:04.739 [ReconcilerExecutor-hivemq-controller-116] INFO  c.h.p.o.HiveMQPlatformReconciler - [helmvolu] Reconciling HiveMQ Platform 'test-hivemq-platform' in namespace 'helmvolumeclaimtemplatesit'
2025-01-28 21:20:04,740 INFO c.h.h.t.HelmChartContainer - [hivemq-test-hivemq-platform] [hivemq-platform-operator] [68e05e19] 21:20:04.739 [ReconcilerExecutor-hivemq-controller-116] DEBUG c.h.p.o.HiveMQPlatformReconciler - [helmvolu] Custom Resource Status STARTING - HiveMQ Platform is starting (READY)
2025-01-28 21:20:04,740 INFO c.h.h.t.HelmChartContainer - [hivemq-test-hivemq-platform] [hivemq-platform-operator] [68e05e19] 21:20:04.739 [ReconcilerExecutor-hivemq-controller-116] DEBUG c.h.p.o.HiveMQPlatformReconciler - [helmvolu] Custom Resource Spec (replicas: 2) (extensions: 1)
2025-01-28 21:20:04,742 INFO c.h.h.t.HelmChartContainer - [hivemq-test-hivemq-platform] [hivemq-platform-operator] [68e05e19] 21:20:04.741 [ReconcilerExecutor-hivemq-controller-116] DEBUG c.h.p.o.HiveMQPlatformReconciler - [helmvolu] StatefulSet Status (revision: test-hivemq-platform-6c7bb94cbd, replicas: 2, available: 1, ready: 1, current: 2, updated: 2)
2025-01-28 21:20:04,742 INFO c.h.h.t.HelmChartContainer - [hivemq-test-hivemq-platform] [hivemq-platform-operator] [68e05e19] 21:20:04.741 [ReconcilerExecutor-hivemq-controller-116] DEBUG c.h.p.o.HiveMQPlatformReconciler - [helmvolu] StatefulSet Spec (replicas: 2, init containers: 1, containers: 1, volumes: 4)
2025-01-28 21:20:04,744 INFO c.h.h.t.HelmChartContainer - [hivemq-test-hivemq-platform] [hivemq-platform-operator] [68e05e19] 21:20:04.743 [ReconcilerExecutor-hivemq-controller-116] DEBUG c.h.p.o.h.HiveMQPlatformReconcilerErrorHandler - [helmvolu] Pod 'test-hivemq-platform-1' phase Pending
2025-01-28 21:20:04,746 INFO c.h.h.t.HelmChartContainer - [hivemq-test-hivemq-platform] [hivemq-platform-operator] [68e05e19] 21:20:04.746 [ReconcilerExecutor-hivemq-controller-116] DEBUG c.h.p.o.h.HiveMQPlatformReconcilerErrorHandler - [helmvolu] Pod 'test-hivemq-platform-0' phase Running
2025-01-28 21:20:04,747 INFO c.h.h.t.HelmChartContainer - [hivemq-test-hivemq-platform] [hivemq-platform-operator] [68e05e19] 21:20:04.747 [ReconcilerExecutor-hivemq-controller-116] INFO  c.h.p.o.h.HiveMQPlatformReconcilerBaseHandler - [helmvolu] HiveMQ Platform is starting, 1 of 2 replicas are ready
2025-01-28 21:20:04,763 INFO c.h.h.t.HelmChartContainer - [K3S] [reconciler_common.go:251] "operationExecutor.VerifyControllerAttachedVolume started for volume \"data\" (UniqueName: \"kubernetes.io/host-path/37d6cd68-d562-476f-80d0-e886e7b930ba-data\") pod \"helper-pod-create-pvc-d1803ee3-df9a-4b32-b37a-14e96b886d93\" (UID: \"37d6cd68-d562-476f-80d0-e886e7b930ba\") " pod="kube-system/helper-pod-create-pvc-d1803ee3-df9a-4b32-b37a-14e96b886d93"
2025-01-28 21:20:04,763 INFO c.h.h.t.HelmChartContainer - [K3S] [reconciler_common.go:251] "operationExecutor.VerifyControllerAttachedVolume started for volume \"kube-api-access-2kc4c\" (UniqueName: \"kubernetes.io/projected/37d6cd68-d562-476f-80d0-e886e7b930ba-kube-api-access-2kc4c\") pod \"helper-pod-create-pvc-d1803ee3-df9a-4b32-b37a-14e96b886d93\" (UID: \"37d6cd68-d562-476f-80d0-e886e7b930ba\") " pod="kube-system/helper-pod-create-pvc-d1803ee3-df9a-4b32-b37a-14e96b886d93"
2025-01-28 21:20:04,763 INFO c.h.h.t.HelmChartContainer - [K3S] [reconciler_common.go:251] "operationExecutor.VerifyControllerAttachedVolume started for volume \"script\" (UniqueName: \"kubernetes.io/configmap/37d6cd68-d562-476f-80d0-e886e7b930ba-script\") pod \"helper-pod-create-pvc-d1803ee3-df9a-4b32-b37a-14e96b886d93\" (UID: \"37d6cd68-d562-476f-80d0-e886e7b930ba\") " pod="kube-system/helper-pod-create-pvc-d1803ee3-df9a-4b32-b37a-14e96b886d93"
2025-01-28 21:20:05,770 INFO c.h.h.t.HelmChartContainer - [POD] helper-pod-create-pvc-d1803ee3-df9a-4b32-b37a-14e96b886d93 [37d6cd68-d562-476f-80d0-e886e7b930ba] in kube-system was MODIFIED
2025-01-28 21:20:06,833 INFO c.h.h.t.HelmChartContainer - [POD] helper-pod-create-pvc-d1803ee3-df9a-4b32-b37a-14e96b886d93 [37d6cd68-d562-476f-80d0-e886e7b930ba] in kube-system was MODIFIED
2025-01-28 21:20:06,978 INFO c.h.h.t.HelmChartContainer - [K3S] [reconciler_common.go:162] "operationExecutor.UnmountVolume started for volume \"script\" (UniqueName: \"kubernetes.io/configmap/37d6cd68-d562-476f-80d0-e886e7b930ba-script\") pod \"37d6cd68-d562-476f-80d0-e886e7b930ba\" (UID: \"37d6cd68-d562-476f-80d0-e886e7b930ba\") "
2025-01-28 21:20:06,978 INFO c.h.h.t.HelmChartContainer - [K3S] [reconciler_common.go:162] "operationExecutor.UnmountVolume started for volume \"kube-api-access-2kc4c\" (UniqueName: \"kubernetes.io/projected/37d6cd68-d562-476f-80d0-e886e7b930ba-kube-api-access-2kc4c\") pod \"37d6cd68-d562-476f-80d0-e886e7b930ba\" (UID: \"37d6cd68-d562-476f-80d0-e886e7b930ba\") "
2025-01-28 21:20:06,978 INFO c.h.h.t.HelmChartContainer - [K3S] [reconciler_common.go:162] "operationExecutor.UnmountVolume started for volume \"data\" (UniqueName: \"kubernetes.io/host-path/37d6cd68-d562-476f-80d0-e886e7b930ba-data\") pod \"37d6cd68-d562-476f-80d0-e886e7b930ba\" (UID: \"37d6cd68-d562-476f-80d0-e886e7b930ba\") "
2025-01-28 21:20:07,078 INFO c.h.h.t.HelmChartContainer - [K3S] [reconciler_common.go:299] "Volume detached for volume \"data\" (UniqueName: \"kubernetes.io/host-path/37d6cd68-d562-476f-80d0-e886e7b930ba-data\") on node \"579ae00a3440\" DevicePath \"\""
2025-01-28 21:20:07,078 INFO c.h.h.t.HelmChartContainer - [K3S] [reconciler_common.go:299] "Volume detached for volume \"script\" (UniqueName: \"kubernetes.io/configmap/37d6cd68-d562-476f-80d0-e886e7b930ba-script\") on node \"579ae00a3440\" DevicePath \"\""
2025-01-28 21:20:07,078 INFO c.h.h.t.HelmChartContainer - [K3S] [reconciler_common.go:299] "Volume detached for volume \"kube-api-access-2kc4c\" (UniqueName: \"kubernetes.io/projected/37d6cd68-d562-476f-80d0-e886e7b930ba-kube-api-access-2kc4c\") on node \"579ae00a3440\" DevicePath \"\""
2025-01-28 21:20:07,708 INFO c.h.h.t.HelmChartContainer - [POD] helper-pod-create-pvc-d1803ee3-df9a-4b32-b37a-14e96b886d93 [37d6cd68-d562-476f-80d0-e886e7b930ba] in kube-system was MODIFIED
2025-01-28 21:20:07,712 INFO c.h.h.t.HelmChartContainer - [POD] helper-pod-create-pvc-d1803ee3-df9a-4b32-b37a-14e96b886d93 [37d6cd68-d562-476f-80d0-e886e7b930ba] in kube-system was DELETED
2025-01-28 21:20:07,720 INFO c.h.h.t.HelmChartContainer - [EVENT] Normal [ProvisioningSucceeded] Successfully provisioned volume pvc-d1803ee3-df9a-4b32-b37a-14e96b886d93 [helmvolumeclaimtemplatesit:hivemq-pvc-data-test-hivemq-platform-1]
2025-01-28 21:20:07,766 INFO c.h.h.t.HelmChartContainer - [K3S] [pod_container_deletor.go:80] "Container not found in pod's containers" containerID="0663b5e5a2c24cc41bfa93573b557fc70e1be0624b2ee0c28b136402f75e39d4"
2025-01-28 21:20:07,767 INFO c.h.h.t.HelmChartContainer - [K3S] [status_manager.go:890] "Failed to get status for pod" podUID="37d6cd68-d562-476f-80d0-e886e7b930ba" pod="kube-system/helper-pod-create-pvc-d1803ee3-df9a-4b32-b37a-14e96b886d93" err="pods \"helper-pod-create-pvc-d1803ee3-df9a-4b32-b37a-14e96b886d93\" is forbidden: User \"system:node:579ae00a3440\" cannot get resource \"pods\" in API group \"\" in the namespace \"kube-system\": no relationship found between node '579ae00a3440' and this object"
2025-01-28 21:20:08,612 INFO c.h.h.t.HelmChartContainer - [POD] test-hivemq-platform-1 [9b8a3da7-5e34-4622-b062-ec92e9c74e74] in helmvolumeclaimtemplatesit was MODIFIED
2025-01-28 21:20:08,613 INFO c.h.h.t.HelmChartContainer - [K3S] [memory_manager.go:355] "RemoveStaleState removing state" podUID="37d6cd68-d562-476f-80d0-e886e7b930ba" containerName="helper-pod"
2025-01-28 21:20:08,613 INFO c.h.h.t.HelmChartContainer - [EVENT] Normal [Scheduled] Successfully assigned helmvolumeclaimtemplatesit/test-hivemq-platform-1 to 579ae00a3440 [helmvolumeclaimtemplatesit:test-hivemq-platform-1]
2025-01-28 21:20:08,613 INFO c.h.h.t.HelmChartContainer - [K3S] [status_manager.go:890] "Failed to get status for pod" podUID="37d6cd68-d562-476f-80d0-e886e7b930ba" pod="kube-system/helper-pod-create-pvc-d1803ee3-df9a-4b32-b37a-14e96b886d93" err="pods \"helper-pod-create-pvc-d1803ee3-df9a-4b32-b37a-14e96b886d93\" is forbidden: User \"system:node:579ae00a3440\" cannot get resource \"pods\" in API group \"\" in the namespace \"kube-system\": no relationship found between node '579ae00a3440' and this object"
2025-01-28 21:20:08,622 INFO c.h.h.t.HelmChartContainer - [hivemq-test-hivemq-platform] [hivemq-platform-operator] [68e05e19] 21:20:08.618 [pool-6-thread-45] DEBUG c.h.p.o.d.PlatformServiceResource - [helmvolu] Desired Platform services (3 services)
2025-01-28 21:20:08,623 INFO c.h.h.t.HelmChartContainer - [hivemq-test-hivemq-platform] [hivemq-platform-operator] [68e05e19] 21:20:08.619 [pool-6-thread-44] DEBUG c.h.p.o.dependants.PodInfoConfigMap - [helmvolu] Desired PodInfo ConfigMap (1 extensions) (1 enabled)
2025-01-28 21:20:08,623 INFO c.h.h.t.HelmChartContainer - [hivemq-test-hivemq-platform] [hivemq-platform-operator] [68e05e19] 21:20:08.621 [pool-6-thread-44] DEBUG c.h.p.o.dependants.PodInfoConfigMap - [helmvolu] Desired PodInfo ConfigMap (metrics port: 9399) (metrics path: /)
2025-01-28 21:20:08,623 INFO c.h.h.t.HelmChartContainer - [hivemq-test-hivemq-platform] [hivemq-platform-operator] [68e05e19] 21:20:08.621 [pool-6-thread-44] DEBUG c.h.p.o.dependants.PodInfoConfigMap - [helmvolu] Desired PodInfo ConfigMap (extension state hash: -1817474005)
2025-01-28 21:20:08,623 INFO c.h.h.t.HelmChartContainer - [hivemq-test-hivemq-platform] [hivemq-platform-operator] [68e05e19] 21:20:08.620 [pool-6-thread-43] DEBUG c.h.p.o.d.PodServiceAccountResource - [helmvolu] Desired PodServiceAccountResource (serviceAccountName: hivemq-platform-pod-test-hivemq-platform)
2025-01-28 21:20:08,630 INFO c.h.h.t.HelmChartContainer - [POD] test-hivemq-platform-1 [9b8a3da7-5e34-4622-b062-ec92e9c74e74] in helmvolumeclaimtemplatesit was MODIFIED
2025-01-28 21:20:08,631 INFO c.h.h.t.HelmChartContainer - [hivemq-test-hivemq-platform] [hivemq-platform-operator] [68e05e19] 21:20:08.629 [pool-6-thread-45] DEBUG c.h.p.o.d.StatefulSetResource - [helmvolu] Desired StatefulSet (2 replicas) for status STARTING (READY)
2025-01-28 21:20:08,687 INFO c.h.h.t.HelmChartContainer - [K3S] [reconciler_common.go:251] "operationExecutor.VerifyControllerAttachedVolume started for volume \"pvc-d1803ee3-df9a-4b32-b37a-14e96b886d93\" (UniqueName: \"kubernetes.io/local-volume/pvc-d1803ee3-df9a-4b32-b37a-14e96b886d93\") pod \"test-hivemq-platform-1\" (UID: \"9b8a3da7-5e34-4622-b062-ec92e9c74e74\") " pod="helmvolumeclaimtemplatesit/test-hivemq-platform-1"
2025-01-28 21:20:08,687 INFO c.h.h.t.HelmChartContainer - [K3S] [reconciler_common.go:251] "operationExecutor.VerifyControllerAttachedVolume started for volume \"pod-info\" (UniqueName: \"kubernetes.io/configmap/9b8a3da7-5e34-4622-b062-ec92e9c74e74-pod-info\") pod \"test-hivemq-platform-1\" (UID: \"9b8a3da7-5e34-4622-b062-ec92e9c74e74\") " pod="helmvolumeclaimtemplatesit/test-hivemq-platform-1"
2025-01-28 21:20:08,688 INFO c.h.h.t.HelmChartContainer - [K3S] [reconciler_common.go:251] "operationExecutor.VerifyControllerAttachedVolume started for volume \"broker-configuration\" (UniqueName: \"kubernetes.io/configmap/9b8a3da7-5e34-4622-b062-ec92e9c74e74-broker-configuration\") pod \"test-hivemq-platform-1\" (UID: \"9b8a3da7-5e34-4622-b062-ec92e9c74e74\") " pod="helmvolumeclaimtemplatesit/test-hivemq-platform-1"
2025-01-28 21:20:08,688 INFO c.h.h.t.HelmChartContainer - [K3S] [reconciler_common.go:251] "operationExecutor.VerifyControllerAttachedVolume started for volume \"operator-init\" (UniqueName: \"kubernetes.io/empty-dir/9b8a3da7-5e34-4622-b062-ec92e9c74e74-operator-init\") pod \"test-hivemq-platform-1\" (UID: \"9b8a3da7-5e34-4622-b062-ec92e9c74e74\") " pod="helmvolumeclaimtemplatesit/test-hivemq-platform-1"
2025-01-28 21:20:08,688 INFO c.h.h.t.HelmChartContainer - [K3S] [reconciler_common.go:251] "operationExecutor.VerifyControllerAttachedVolume started for volume \"kube-api-access-2h62d\" (UniqueName: \"kubernetes.io/projected/9b8a3da7-5e34-4622-b062-ec92e9c74e74-kube-api-access-2h62d\") pod \"test-hivemq-platform-1\" (UID: \"9b8a3da7-5e34-4622-b062-ec92e9c74e74\") " pod="helmvolumeclaimtemplatesit/test-hivemq-platform-1"
2025-01-28 21:20:08,697 INFO c.h.h.t.HelmChartContainer - [hivemq-test-hivemq-platform] [hivemq-platform-operator] [68e05e19] 21:20:08.694 [ReconcilerExecutor-hivemq-controller-117] INFO  c.h.p.o.HiveMQPlatformReconciler - [helmvolu] Reconciling HiveMQ Platform 'test-hivemq-platform' in namespace 'helmvolumeclaimtemplatesit'
2025-01-28 21:20:08,697 INFO c.h.h.t.HelmChartContainer - [hivemq-test-hivemq-platform] [hivemq-platform-operator] [68e05e19] 21:20:08.694 [ReconcilerExecutor-hivemq-controller-117] DEBUG c.h.p.o.HiveMQPlatformReconciler - [helmvolu] Custom Resource Status STARTING - HiveMQ Platform is starting (READY)
2025-01-28 21:20:08,697 INFO c.h.h.t.HelmChartContainer - [hivemq-test-hivemq-platform] [hivemq-platform-operator] [68e05e19] 21:20:08.694 [ReconcilerExecutor-hivemq-controller-117] DEBUG c.h.p.o.HiveMQPlatformReconciler - [helmvolu] Custom Resource Spec (replicas: 2) (extensions: 1)
2025-01-28 21:20:08,699 INFO c.h.h.t.HelmChartContainer - [hivemq-test-hivemq-platform] [hivemq-platform-operator] [68e05e19] 21:20:08.696 [ReconcilerExecutor-hivemq-controller-117] DEBUG c.h.p.o.HiveMQPlatformReconciler - [helmvolu] StatefulSet Status (revision: test-hivemq-platform-6c7bb94cbd, replicas: 2, available: 1, ready: 1, current: 2, updated: 2)
2025-01-28 21:20:08,699 INFO c.h.h.t.HelmChartContainer - [hivemq-test-hivemq-platform] [hivemq-platform-operator] [68e05e19] 21:20:08.696 [ReconcilerExecutor-hivemq-controller-117] DEBUG c.h.p.o.HiveMQPlatformReconciler - [helmvolu] StatefulSet Spec (replicas: 2, init containers: 1, containers: 1, volumes: 4)
2025-01-28 21:20:08,699 INFO c.h.h.t.HelmChartContainer - [hivemq-test-hivemq-platform] [hivemq-platform-operator] [68e05e19] 21:20:08.698 [ReconcilerExecutor-hivemq-controller-117] DEBUG c.h.p.o.h.HiveMQPlatformReconcilerErrorHandler - [helmvolu] Pod 'test-hivemq-platform-1' phase Pending
2025-01-28 21:20:08,700 INFO c.h.h.t.HelmChartContainer - [hivemq-test-hivemq-platform] [hivemq-platform-operator] [68e05e19] 21:20:08.698 [ReconcilerExecutor-hivemq-controller-117] DEBUG c.h.p.o.h.HiveMQPlatformReconcilerErrorHandler - [helmvolu] Pod 'test-hivemq-platform-1' condition 'PodReadyToStartContainers': False
2025-01-28 21:20:08,700 INFO c.h.h.t.HelmChartContainer - [hivemq-test-hivemq-platform] [hivemq-platform-operator] [68e05e19] 21:20:08.698 [ReconcilerExecutor-hivemq-controller-117] DEBUG c.h.p.o.h.HiveMQPlatformReconcilerErrorHandler - [helmvolu] Pod 'test-hivemq-platform-1' condition 'Initialized': False
2025-01-28 21:20:08,700 INFO c.h.h.t.HelmChartContainer - [hivemq-test-hivemq-platform] [hivemq-platform-operator] [68e05e19] 21:20:08.698 [ReconcilerExecutor-hivemq-controller-117] DEBUG c.h.p.o.h.HiveMQPlatformReconcilerErrorHandler - [helmvolu] Pod 'test-hivemq-platform-1' condition 'Ready': False
2025-01-28 21:20:08,700 INFO c.h.h.t.HelmChartContainer - [hivemq-test-hivemq-platform] [hivemq-platform-operator] [68e05e19] 21:20:08.698 [ReconcilerExecutor-hivemq-controller-117] DEBUG c.h.p.o.h.HiveMQPlatformReconcilerErrorHandler - [helmvolu] Pod 'test-hivemq-platform-1' condition 'ContainersReady': False
2025-01-28 21:20:08,700 INFO c.h.h.t.HelmChartContainer - [hivemq-test-hivemq-platform] [hivemq-platform-operator] [68e05e19] 21:20:08.698 [ReconcilerExecutor-hivemq-controller-117] DEBUG c.h.p.o.h.HiveMQPlatformReconcilerErrorHandler - [helmvolu] Pod 'test-hivemq-platform-1' condition 'PodScheduled': True
2025-01-28 21:20:08,700 INFO c.h.h.t.HelmChartContainer - [hivemq-test-hivemq-platform] [hivemq-platform-operator] [68e05e19] 21:20:08.698 [ReconcilerExecutor-hivemq-controller-117] DEBUG c.h.p.o.h.HiveMQPlatformReconcilerErrorHandler - [helmvolu] Pod 'test-hivemq-platform-1' containerStatus 'hivemq' (started: false) (ready: false) (waiting: [PodInitializing] null)
2025-01-28 21:20:08,701 INFO c.h.h.t.HelmChartContainer - [hivemq-test-hivemq-platform] [hivemq-platform-operator] [68e05e19] 21:20:08.700 [ReconcilerExecutor-hivemq-controller-117] DEBUG c.h.p.o.h.HiveMQPlatformReconcilerErrorHandler - [helmvolu] Pod 'test-hivemq-platform-0' phase Running
2025-01-28 21:20:08,702 INFO c.h.h.t.HelmChartContainer - [hivemq-test-hivemq-platform] [hivemq-platform-operator] [68e05e19] 21:20:08.701 [ReconcilerExecutor-hivemq-controller-117] INFO  c.h.p.o.h.HiveMQPlatformReconcilerBaseHandler - [helmvolu] HiveMQ Platform is starting, 1 of 2 replicas are ready
2025-01-28 21:20:08,736 INFO c.h.h.t.HelmChartContainer - [hivemq-test-hivemq-platform] [hivemq-platform-operator] [68e05e19] 21:20:08.734 [pool-6-thread-4] DEBUG c.h.p.o.d.PlatformServiceResource - [helmvolu] Desired Platform services (3 services)
2025-01-28 21:20:08,790 INFO c.h.h.t.HelmChartContainer - [hivemq-test-hivemq-platform] [hivemq-platform-operator] [68e05e19] 21:20:08.734 [pool-6-thread-5] DEBUG c.h.p.o.d.PodServiceAccountResource - [helmvolu] Desired PodServiceAccountResource (serviceAccountName: hivemq-platform-pod-test-hivemq-platform)
2025-01-28 21:20:08,790 INFO c.h.h.t.HelmChartContainer - [hivemq-test-hivemq-platform] [hivemq-platform-operator] [68e05e19] 21:20:08.786 [pool-6-thread-3] DEBUG c.h.p.o.dependants.PodInfoConfigMap - [helmvolu] Desired PodInfo ConfigMap (1 extensions) (1 enabled)
2025-01-28 21:20:08,793 INFO c.h.h.t.HelmChartContainer - [hivemq-test-hivemq-platform] [hivemq-platform-operator] [68e05e19] 21:20:08.790 [pool-6-thread-3] DEBUG c.h.p.o.dependants.PodInfoConfigMap - [helmvolu] Desired PodInfo ConfigMap (metrics port: 9399) (metrics path: /)
2025-01-28 21:20:08,793 INFO c.h.h.t.HelmChartContainer - [hivemq-test-hivemq-platform] [hivemq-platform-operator] [68e05e19] 21:20:08.790 [pool-6-thread-3] DEBUG c.h.p.o.dependants.PodInfoConfigMap - [helmvolu] Desired PodInfo ConfigMap (extension state hash: -1817474005)
2025-01-28 21:20:08,801 INFO c.h.h.t.HelmChartContainer - [hivemq-test-hivemq-platform] [hivemq-platform-operator] [68e05e19] 21:20:08.799 [pool-6-thread-4] DEBUG c.h.p.o.d.StatefulSetResource - [helmvolu] Desired StatefulSet (2 replicas) for status STARTING (READY)
2025-01-28 21:20:08,832 INFO c.h.h.t.HelmChartContainer - [hivemq-test-hivemq-platform] [hivemq-platform-operator] [68e05e19] 21:20:08.831 [ReconcilerExecutor-hivemq-controller-118] INFO  c.h.p.o.HiveMQPlatformReconciler - [helmvolu] Reconciling HiveMQ Platform 'test-hivemq-platform' in namespace 'helmvolumeclaimtemplatesit'
2025-01-28 21:20:08,834 INFO c.h.h.t.HelmChartContainer - [hivemq-test-hivemq-platform] [hivemq-platform-operator] [68e05e19] 21:20:08.832 [ReconcilerExecutor-hivemq-controller-118] DEBUG c.h.p.o.HiveMQPlatformReconciler - [helmvolu] Custom Resource Status STARTING - HiveMQ Platform is starting (READY)
2025-01-28 21:20:08,834 INFO c.h.h.t.HelmChartContainer - [hivemq-test-hivemq-platform] [hivemq-platform-operator] [68e05e19] 21:20:08.832 [ReconcilerExecutor-hivemq-controller-118] DEBUG c.h.p.o.HiveMQPlatformReconciler - [helmvolu] Custom Resource Spec (replicas: 2) (extensions: 1)
2025-01-28 21:20:08,835 INFO c.h.h.t.HelmChartContainer - [hivemq-test-hivemq-platform] [hivemq-platform-operator] [68e05e19] 21:20:08.834 [ReconcilerExecutor-hivemq-controller-118] DEBUG c.h.p.o.HiveMQPlatformReconciler - [helmvolu] StatefulSet Status (revision: test-hivemq-platform-6c7bb94cbd, replicas: 2, available: 1, ready: 1, current: 2, updated: 2)
2025-01-28 21:20:08,835 INFO c.h.h.t.HelmChartContainer - [hivemq-test-hivemq-platform] [hivemq-platform-operator] [68e05e19] 21:20:08.834 [ReconcilerExecutor-hivemq-controller-118] DEBUG c.h.p.o.HiveMQPlatformReconciler - [helmvolu] StatefulSet Spec (replicas: 2, init containers: 1, containers: 1, volumes: 4)
2025-01-28 21:20:08,837 INFO c.h.h.t.HelmChartContainer - [hivemq-test-hivemq-platform] [hivemq-platform-operator] [68e05e19] 21:20:08.837 [ReconcilerExecutor-hivemq-controller-118] DEBUG c.h.p.o.h.HiveMQPlatformReconcilerErrorHandler - [helmvolu] Pod 'test-hivemq-platform-1' phase Pending
2025-01-28 21:20:08,838 INFO c.h.h.t.HelmChartContainer - [hivemq-test-hivemq-platform] [hivemq-platform-operator] [68e05e19] 21:20:08.837 [ReconcilerExecutor-hivemq-controller-118] DEBUG c.h.p.o.h.HiveMQPlatformReconcilerErrorHandler - [helmvolu] Pod 'test-hivemq-platform-1' condition 'PodReadyToStartContainers': False
2025-01-28 21:20:08,838 INFO c.h.h.t.HelmChartContainer - [hivemq-test-hivemq-platform] [hivemq-platform-operator] [68e05e19] 21:20:08.837 [ReconcilerExecutor-hivemq-controller-118] DEBUG c.h.p.o.h.HiveMQPlatformReconcilerErrorHandler - [helmvolu] Pod 'test-hivemq-platform-1' condition 'Initialized': False
2025-01-28 21:20:08,838 INFO c.h.h.t.HelmChartContainer - [hivemq-test-hivemq-platform] [hivemq-platform-operator] [68e05e19] 21:20:08.837 [ReconcilerExecutor-hivemq-controller-118] DEBUG c.h.p.o.h.HiveMQPlatformReconcilerErrorHandler - [helmvolu] Pod 'test-hivemq-platform-1' condition 'Ready': False
2025-01-28 21:20:08,838 INFO c.h.h.t.HelmChartContainer - [hivemq-test-hivemq-platform] [hivemq-platform-operator] [68e05e19] 21:20:08.837 [ReconcilerExecutor-hivemq-controller-118] DEBUG c.h.p.o.h.HiveMQPlatformReconcilerErrorHandler - [helmvolu] Pod 'test-hivemq-platform-1' condition 'ContainersReady': False
2025-01-28 21:20:08,838 INFO c.h.h.t.HelmChartContainer - [hivemq-test-hivemq-platform] [hivemq-platform-operator] [68e05e19] 21:20:08.837 [ReconcilerExecutor-hivemq-controller-118] DEBUG c.h.p.o.h.HiveMQPlatformReconcilerErrorHandler - [helmvolu] Pod 'test-hivemq-platform-1' condition 'PodScheduled': True
2025-01-28 21:20:08,838 INFO c.h.h.t.HelmChartContainer - [hivemq-test-hivemq-platform] [hivemq-platform-operator] [68e05e19] 21:20:08.837 [ReconcilerExecutor-hivemq-controller-118] DEBUG c.h.p.o.h.HiveMQPlatformReconcilerErrorHandler - [helmvolu] Pod 'test-hivemq-platform-1' containerStatus 'hivemq' (started: false) (ready: false) (waiting: [PodInitializing] null)
2025-01-28 21:20:08,888 INFO c.h.h.t.HelmChartContainer - [hivemq-test-hivemq-platform] [hivemq-platform-operator] [68e05e19] 21:20:08.886 [ReconcilerExecutor-hivemq-controller-118] DEBUG c.h.p.o.h.HiveMQPlatformReconcilerErrorHandler - [helmvolu] Pod 'test-hivemq-platform-0' phase Running
2025-01-28 21:20:08,888 INFO c.h.h.t.HelmChartContainer - [hivemq-test-hivemq-platform] [hivemq-platform-operator] [68e05e19] 21:20:08.887 [ReconcilerExecutor-hivemq-controller-118] INFO  c.h.p.o.h.HiveMQPlatformReconcilerBaseHandler - [helmvolu] HiveMQ Platform is starting, 1 of 2 replicas are ready
2025-01-28 21:20:09,006 INFO c.h.h.t.HelmChartContainer - [EVENT] Normal [Pulled] Container image "docker.io/hivemq/hivemq-platform-operator-init-test:snapshot" already present on machine [helmvolumeclaimtemplatesit:test-hivemq-platform-1]
2025-01-28 21:20:09,012 INFO c.h.h.t.HelmChartContainer - [EVENT] Normal [Created] Created container: hivemq-platform-operator-init [helmvolumeclaimtemplatesit:test-hivemq-platform-1]
2025-01-28 21:20:09,049 INFO c.h.h.t.HelmChartContainer - [EVENT] Normal [Started] Started container hivemq-platform-operator-init [helmvolumeclaimtemplatesit:test-hivemq-platform-1]
2025-01-28 21:20:09,404 INFO c.h.h.t.HelmChartContainer - [K3S] [kubelet_volumes.go:163] "Cleaned up orphaned pod volumes dir" podUID="37d6cd68-d562-476f-80d0-e886e7b930ba" path="/var/lib/kubelet/pods/37d6cd68-d562-476f-80d0-e886e7b930ba/volumes"
2025-01-28 21:20:09,774 INFO c.h.h.t.HelmChartContainer - [EVENT] Normal [Pulled] Container image "docker.io/hivemq/hivemq4:4.36.0" already present on machine [helmvolumeclaimtemplatesit:test-hivemq-platform-1]
2025-01-28 21:20:09,774 INFO c.h.h.t.HelmChartContainer - Received Pulled event for container hivemq in pod test-hivemq-platform-1 [9b8a3da7-5e34-4622-b062-ec92e9c74e74]
2025-01-28 21:20:09,785 INFO c.h.h.t.HelmChartContainer - [POD] test-hivemq-platform-1 [9b8a3da7-5e34-4622-b062-ec92e9c74e74] in helmvolumeclaimtemplatesit was MODIFIED
2025-01-28 21:20:09,807 INFO c.h.h.t.HelmChartContainer - [hivemq-test-hivemq-platform] [hivemq-platform-operator] [68e05e19] 21:20:09.798 [pool-6-thread-13] DEBUG c.h.p.o.d.PodServiceAccountResource - [helmvolu] Desired PodServiceAccountResource (serviceAccountName: hivemq-platform-pod-test-hivemq-platform)
2025-01-28 21:20:09,807 INFO c.h.h.t.HelmChartContainer - [hivemq-test-hivemq-platform] [hivemq-platform-operator] [68e05e19] 21:20:09.798 [pool-6-thread-12] DEBUG c.h.p.o.d.PlatformServiceResource - [helmvolu] Desired Platform services (3 services)
2025-01-28 21:20:09,807 INFO c.h.h.t.HelmChartContainer - [hivemq-test-hivemq-platform] [hivemq-platform-operator] [68e05e19] 21:20:09.801 [pool-6-thread-11] DEBUG c.h.p.o.dependants.PodInfoConfigMap - [helmvolu] Desired PodInfo ConfigMap (1 extensions) (1 enabled)
2025-01-28 21:20:09,807 INFO c.h.h.t.HelmChartContainer - [hivemq-test-hivemq-platform] [hivemq-platform-operator] [68e05e19] 21:20:09.801 [pool-6-thread-11] DEBUG c.h.p.o.dependants.PodInfoConfigMap - [helmvolu] Desired PodInfo ConfigMap (metrics port: 9399) (metrics path: /)
2025-01-28 21:20:09,807 INFO c.h.h.t.HelmChartContainer - [hivemq-test-hivemq-platform] [hivemq-platform-operator] [68e05e19] 21:20:09.801 [pool-6-thread-11] DEBUG c.h.p.o.dependants.PodInfoConfigMap - [helmvolu] Desired PodInfo ConfigMap (extension state hash: -1817474005)
2025-01-28 21:20:09,820 INFO c.h.h.t.HelmChartContainer - [hivemq-test-hivemq-platform] [hivemq-platform-operator] [68e05e19] 21:20:09.817 [pool-6-thread-18] DEBUG c.h.p.o.d.StatefulSetResource - [helmvolu] Desired StatefulSet (2 replicas) for status STARTING (READY)
2025-01-28 21:20:09,820 INFO c.h.h.t.HelmChartContainer - [EVENT] Normal [Created] Created container: hivemq [helmvolumeclaimtemplatesit:test-hivemq-platform-1]
2025-01-28 21:20:09,820 INFO c.h.h.t.HelmChartContainer - Received Created event for container hivemq in pod test-hivemq-platform-1 [9b8a3da7-5e34-4622-b062-ec92e9c74e74]
2025-01-28 21:20:09,890 INFO c.h.h.t.HelmChartContainer - [hivemq-test-hivemq-platform] [hivemq-platform-operator] [68e05e19] 21:20:09.888 [ReconcilerExecutor-hivemq-controller-119] INFO  c.h.p.o.HiveMQPlatformReconciler - [helmvolu] Reconciling HiveMQ Platform 'test-hivemq-platform' in namespace 'helmvolumeclaimtemplatesit'
2025-01-28 21:20:09,890 INFO c.h.h.t.HelmChartContainer - [hivemq-test-hivemq-platform] [hivemq-platform-operator] [68e05e19] 21:20:09.888 [ReconcilerExecutor-hivemq-controller-119] DEBUG c.h.p.o.HiveMQPlatformReconciler - [helmvolu] Custom Resource Status STARTING - HiveMQ Platform is starting (READY)
2025-01-28 21:20:09,891 INFO c.h.h.t.HelmChartContainer - [hivemq-test-hivemq-platform] [hivemq-platform-operator] [68e05e19] 21:20:09.888 [ReconcilerExecutor-hivemq-controller-119] DEBUG c.h.p.o.HiveMQPlatformReconciler - [helmvolu] Custom Resource Spec (replicas: 2) (extensions: 1)
2025-01-28 21:20:09,893 INFO c.h.h.t.HelmChartContainer - [hivemq-test-hivemq-platform] [hivemq-platform-operator] [68e05e19] 21:20:09.889 [ReconcilerExecutor-hivemq-controller-119] DEBUG c.h.p.o.HiveMQPlatformReconciler - [helmvolu] StatefulSet Status (revision: test-hivemq-platform-6c7bb94cbd, replicas: 2, available: 1, ready: 1, current: 2, updated: 2)
2025-01-28 21:20:09,893 INFO c.h.h.t.HelmChartContainer - [hivemq-test-hivemq-platform] [hivemq-platform-operator] [68e05e19] 21:20:09.890 [ReconcilerExecutor-hivemq-controller-119] DEBUG c.h.p.o.HiveMQPlatformReconciler - [helmvolu] StatefulSet Spec (replicas: 2, init containers: 1, containers: 1, volumes: 4)
2025-01-28 21:20:09,893 INFO c.h.h.t.HelmChartContainer - [hivemq-test-hivemq-platform] [hivemq-platform-operator] [68e05e19] 21:20:09.891 [ReconcilerExecutor-hivemq-controller-119] DEBUG c.h.p.o.h.HiveMQPlatformReconcilerErrorHandler - [helmvolu] Pod 'test-hivemq-platform-1' phase Pending
2025-01-28 21:20:09,895 INFO c.h.h.t.HelmChartContainer - [hivemq-test-hivemq-platform] [hivemq-platform-operator] [68e05e19] 21:20:09.892 [ReconcilerExecutor-hivemq-controller-119] DEBUG c.h.p.o.h.HiveMQPlatformReconcilerErrorHandler - [helmvolu] Pod 'test-hivemq-platform-1' condition 'PodReadyToStartContainers': True
2025-01-28 21:20:09,895 INFO c.h.h.t.HelmChartContainer - [hivemq-test-hivemq-platform] [hivemq-platform-operator] [68e05e19] 21:20:09.892 [ReconcilerExecutor-hivemq-controller-119] DEBUG c.h.p.o.h.HiveMQPlatformReconcilerErrorHandler - [helmvolu] Pod 'test-hivemq-platform-1' condition 'Initialized': True
2025-01-28 21:20:09,895 INFO c.h.h.t.HelmChartContainer - [hivemq-test-hivemq-platform] [hivemq-platform-operator] [68e05e19] 21:20:09.892 [ReconcilerExecutor-hivemq-controller-119] DEBUG c.h.p.o.h.HiveMQPlatformReconcilerErrorHandler - [helmvolu] Pod 'test-hivemq-platform-1' condition 'Ready': False
2025-01-28 21:20:09,896 INFO c.h.h.t.HelmChartContainer - [hivemq-test-hivemq-platform] [hivemq-platform-operator] [68e05e19] 21:20:09.892 [ReconcilerExecutor-hivemq-controller-119] DEBUG c.h.p.o.h.HiveMQPlatformReconcilerErrorHandler - [helmvolu] Pod 'test-hivemq-platform-1' condition 'ContainersReady': False
2025-01-28 21:20:09,896 INFO c.h.h.t.HelmChartContainer - [hivemq-test-hivemq-platform] [hivemq-platform-operator] [68e05e19] 21:20:09.892 [ReconcilerExecutor-hivemq-controller-119] DEBUG c.h.p.o.h.HiveMQPlatformReconcilerErrorHandler - [helmvolu] Pod 'test-hivemq-platform-1' condition 'PodScheduled': True
2025-01-28 21:20:09,896 INFO c.h.h.t.HelmChartContainer - [hivemq-test-hivemq-platform] [hivemq-platform-operator] [68e05e19] 21:20:09.892 [ReconcilerExecutor-hivemq-controller-119] DEBUG c.h.p.o.h.HiveMQPlatformReconcilerErrorHandler - [helmvolu] Pod 'test-hivemq-platform-1' containerStatus 'hivemq' (started: false) (ready: false) (waiting: [PodInitializing] null)
2025-01-28 21:20:09,896 INFO c.h.h.t.HelmChartContainer - [hivemq-test-hivemq-platform] [hivemq-platform-operator] [68e05e19] 21:20:09.895 [ReconcilerExecutor-hivemq-controller-119] DEBUG c.h.p.o.h.HiveMQPlatformReconcilerErrorHandler - [helmvolu] Pod 'test-hivemq-platform-0' phase Running
2025-01-28 21:20:09,897 INFO c.h.h.t.HelmChartContainer - [hivemq-test-hivemq-platform] [hivemq-platform-operator] [68e05e19] 21:20:09.897 [ReconcilerExecutor-hivemq-controller-119] INFO  c.h.p.o.h.HiveMQPlatformReconcilerBaseHandler - [helmvolu] HiveMQ Platform is starting, 1 of 2 replicas are ready
2025-01-28 21:20:10,788 INFO c.h.h.t.HelmChartContainer - [POD] test-hivemq-platform-1 [9b8a3da7-5e34-4622-b062-ec92e9c74e74] in helmvolumeclaimtemplatesit was MODIFIED
2025-01-28 21:20:10,795 INFO c.h.h.t.HelmChartContainer - [hivemq-test-hivemq-platform] [hivemq-platform-operator] [68e05e19] 21:20:10.790 [pool-6-thread-24] DEBUG c.h.p.o.d.PlatformServiceResource - [helmvolu] Desired Platform services (3 services)
2025-01-28 21:20:10,809 INFO c.h.h.t.HelmChartContainer - [hivemq-test-hivemq-platform] [hivemq-platform-operator] [68e05e19] 21:20:10.791 [pool-6-thread-21] DEBUG c.h.p.o.dependants.PodInfoConfigMap - [helmvolu] Desired PodInfo ConfigMap (1 extensions) (1 enabled)
2025-01-28 21:20:10,809 INFO c.h.h.t.HelmChartContainer - [hivemq-test-hivemq-platform] [hivemq-platform-operator] [68e05e19] 21:20:10.791 [pool-6-thread-21] DEBUG c.h.p.o.dependants.PodInfoConfigMap - [helmvolu] Desired PodInfo ConfigMap (metrics port: 9399) (metrics path: /)
2025-01-28 21:20:10,809 INFO c.h.h.t.HelmChartContainer - [hivemq-test-hivemq-platform] [hivemq-platform-operator] [68e05e19] 21:20:10.791 [pool-6-thread-21] DEBUG c.h.p.o.dependants.PodInfoConfigMap - [helmvolu] Desired PodInfo ConfigMap (extension state hash: -1817474005)
2025-01-28 21:20:10,809 INFO c.h.h.t.HelmChartContainer - [hivemq-test-hivemq-platform] [hivemq-platform-operator] [68e05e19] 21:20:10.793 [pool-6-thread-21] DEBUG c.h.p.o.d.PodServiceAccountResource - [helmvolu] Desired PodServiceAccountResource (serviceAccountName: hivemq-platform-pod-test-hivemq-platform)
2025-01-28 21:20:10,809 INFO c.h.h.t.HelmChartContainer - [hivemq-test-hivemq-platform] [hivemq-platform-operator] [68e05e19] 21:20:10.798 [pool-6-thread-24] DEBUG c.h.p.o.d.StatefulSetResource - [helmvolu] Desired StatefulSet (2 replicas) for status STARTING (READY)
2025-01-28 21:20:10,809 INFO c.h.h.t.HelmChartContainer - [hivemq-test-hivemq-platform] [hivemq-platform-operator] [68e05e19] 21:20:10.802 [ReconcilerExecutor-hivemq-controller-120] INFO  c.h.p.o.HiveMQPlatformReconciler - [helmvolu] Reconciling HiveMQ Platform 'test-hivemq-platform' in namespace 'helmvolumeclaimtemplatesit'
2025-01-28 21:20:10,809 INFO c.h.h.t.HelmChartContainer - [hivemq-test-hivemq-platform] [hivemq-platform-operator] [68e05e19] 21:20:10.802 [ReconcilerExecutor-hivemq-controller-120] DEBUG c.h.p.o.HiveMQPlatformReconciler - [helmvolu] Custom Resource Status STARTING - HiveMQ Platform is starting (READY)
2025-01-28 21:20:10,809 INFO c.h.h.t.HelmChartContainer - [hivemq-test-hivemq-platform] [hivemq-platform-operator] [68e05e19] 21:20:10.802 [ReconcilerExecutor-hivemq-controller-120] DEBUG c.h.p.o.HiveMQPlatformReconciler - [helmvolu] Custom Resource Spec (replicas: 2) (extensions: 1)
2025-01-28 21:20:10,809 INFO c.h.h.t.HelmChartContainer - [hivemq-test-hivemq-platform] [hivemq-platform-operator] [68e05e19] 21:20:10.804 [ReconcilerExecutor-hivemq-controller-120] DEBUG c.h.p.o.HiveMQPlatformReconciler - [helmvolu] StatefulSet Status (revision: test-hivemq-platform-6c7bb94cbd, replicas: 2, available: 1, ready: 1, current: 2, updated: 2)
2025-01-28 21:20:10,809 INFO c.h.h.t.HelmChartContainer - [hivemq-test-hivemq-platform] [hivemq-platform-operator] [68e05e19] 21:20:10.804 [ReconcilerExecutor-hivemq-controller-120] DEBUG c.h.p.o.HiveMQPlatformReconciler - [helmvolu] StatefulSet Spec (replicas: 2, init containers: 1, containers: 1, volumes: 4)
2025-01-28 21:20:10,809 INFO c.h.h.t.HelmChartContainer - [hivemq-test-hivemq-platform] [hivemq-platform-operator] [68e05e19] 21:20:10.805 [ReconcilerExecutor-hivemq-controller-120] DEBUG c.h.p.o.h.HiveMQPlatformReconcilerErrorHandler - [helmvolu] Pod 'test-hivemq-platform-1' phase Running
2025-01-28 21:20:10,809 INFO c.h.h.t.HelmChartContainer - [hivemq-test-hivemq-platform] [hivemq-platform-operator] [68e05e19] 21:20:10.806 [ReconcilerExecutor-hivemq-controller-120] DEBUG c.h.p.o.h.HiveMQPlatformReconcilerErrorHandler - [helmvolu] Pod 'test-hivemq-platform-0' phase Running
2025-01-28 21:20:10,810 INFO c.h.h.t.HelmChartContainer - Started log watcher for hivemq in pod test-hivemq-platform-1 [9b8a3da7-5e34-4622-b062-ec92e9c74e74]
2025-01-28 21:20:10,810 INFO c.h.h.t.HelmChartContainer - [EVENT] Normal [Started] Started container hivemq [helmvolumeclaimtemplatesit:test-hivemq-platform-1]
2025-01-28 21:20:10,810 INFO c.h.h.t.HelmChartContainer - [test-hivemq-platform] [hivemq] [9b8a3da7] Adding pre-installed HiveMQ Platform Operator extensions
2025-01-28 21:20:10,810 INFO c.h.h.t.HelmChartContainer - [test-hivemq-platform] [hivemq] [9b8a3da7] Running as user 10000
2025-01-28 21:20:10,810 INFO c.h.h.t.HelmChartContainer - [test-hivemq-platform] [hivemq] [9b8a3da7] Starting HiveMQ Platform Operator Init
2025-01-28 21:20:10,810 INFO c.h.h.t.HelmChartContainer - Received Started event for container hivemq in pod test-hivemq-platform-1 [9b8a3da7-5e34-4622-b062-ec92e9c74e74]
2025-01-28 21:20:10,833 INFO c.h.h.t.HelmChartContainer - [hivemq-test-hivemq-platform] [hivemq-platform-operator] [68e05e19] 21:20:10.832 [ReconcilerExecutor-hivemq-controller-120] INFO  c.h.p.o.h.HiveMQPlatformReconcilerBaseHandler - [helmvolu] HiveMQ Platform is starting, 1 of 2 replicas are ready
2025-01-28 21:20:11,030 INFO c.h.h.t.HelmChartContainer - [test-hivemq-platform] [hivemq] [9b8a3da7] INFO  - [HiveMQ Platform Operator Init 1.7.0-SNAPSHOT] HiveMQ Platform Operator Init 1.7.0-SNAPSHOT (commit: bebf408 on branch: HEAD) built on Sun Jan 26 20:47:47 UTC 2025
2025-01-28 21:20:12,314 INFO c.h.h.t.HelmChartContainer - [test-hivemq-platform] [hivemq] [9b8a3da7] INFO  - [HiveMQ Platform Operator Init App 1.7.0-SNAPSHOT] Using bind address 10.42.0.11 from environment variable
2025-01-28 21:20:13,234 INFO c.h.h.t.HelmChartContainer - [test-hivemq-platform] [hivemq] [9b8a3da7] INFO  - [HiveMQ Platform Operator Init App 1.7.0-SNAPSHOT] HiveMQ Platform Operator Init App 1.7.0-SNAPSHOT (commit: bebf408 on branch: HEAD) built on Sun Jan 26 20:47:47 UTC 2025
2025-01-28 21:20:13,234 INFO c.h.h.t.HelmChartContainer - [test-hivemq-platform] [hivemq] [9b8a3da7] INFO  - [HiveMQ Platform Operator Init App 1.7.0-SNAPSHOT] PodInfo ConfigMap directory: /etc/podinfo
2025-01-28 21:20:13,234 INFO c.h.h.t.HelmChartContainer - [test-hivemq-platform] [hivemq] [9b8a3da7] INFO  - [HiveMQ Platform Operator Init App 1.7.0-SNAPSHOT] HiveMQ home directory: /opt/hivemq
2025-01-28 21:20:13,234 INFO c.h.h.t.HelmChartContainer - [test-hivemq-platform] [hivemq] [9b8a3da7] INFO  - [HiveMQ Platform Operator Init App 1.7.0-SNAPSHOT] HiveMQ Logback folder: /opt/hivemq/conf
2025-01-28 21:20:13,234 INFO c.h.h.t.HelmChartContainer - [test-hivemq-platform] [hivemq] [9b8a3da7] INFO  - [HiveMQ Platform Operator Init App 1.7.0-SNAPSHOT] HiveMQ Config folder: /opt/hivemq/conf-k8s
2025-01-28 21:20:13,234 INFO c.h.h.t.HelmChartContainer - [test-hivemq-platform] [hivemq] [9b8a3da7] INFO  - [HiveMQ Platform Operator Init App 1.7.0-SNAPSHOT] Starting HiveMQ Platform Operator Init App
2025-01-28 21:20:13,234 INFO c.h.h.t.HelmChartContainer - [test-hivemq-platform] [hivemq] [9b8a3da7] INFO  - [HiveMQ Platform Operator Init App 1.7.0-SNAPSHOT] Starting Pod reconciler
2025-01-28 21:20:14,606 INFO c.h.h.t.HelmChartContainer - [test-hivemq-platform] [hivemq] [9b8a3da7] INFO  - [HiveMQ Platform Operator Init App 1.7.0-SNAPSHOT] Pod reconciler is scheduled (interval: 5000 ms)
2025-01-28 21:20:14,611 INFO c.h.h.t.HelmChartContainer - [test-hivemq-platform] [hivemq] [9b8a3da7] INFO  - [HiveMQ Platform Operator Init App 1.7.0-SNAPSHOT] Starting the REST API on 10.42.0.11:7979
2025-01-28 21:20:14,614 INFO c.h.h.t.HelmChartContainer - [test-hivemq-platform] [hivemq] [9b8a3da7] INFO  - [HiveMQ Platform Operator Init App 1.7.0-SNAPSHOT] Waiting up to 600s for at most 2 HiveMQ nodes in cluster service hivemq-test-hivemq-platform-cluster.helmvolumeclaimtemplatesit.svc
2025-01-28 21:20:15,007 INFO c.h.h.t.HelmChartContainer - [test-hivemq-platform] [hivemq] [9b8a3da7] INFO  - [HiveMQ Platform Operator Init App 1.7.0-SNAPSHOT] Resolved 2 IP addresses: [10.42.0.11, 10.42.0.9]
2025-01-28 21:20:15,007 INFO c.h.h.t.HelmChartContainer - [test-hivemq-platform] [hivemq] [9b8a3da7] INFO  - [HiveMQ Platform Operator Init App 1.7.0-SNAPSHOT] HiveMQ node count of 2 is within threshold of 2
2025-01-28 21:20:15,007 INFO c.h.h.t.HelmChartContainer - [test-hivemq-platform] [hivemq] [9b8a3da7] INFO  - [HiveMQ Platform Operator Init App 1.7.0-SNAPSHOT] Proceeding with container start
2025-01-28 21:20:15,050 INFO c.h.h.t.HelmChartContainer - [test-hivemq-platform] [hivemq] [9b8a3da7] INFO  - [HiveMQ Platform Operator Init App 1.7.0-SNAPSHOT] Initializing HiveMQ Platform extensions with initial configuration: {hivemq-allow-all-extension={start-priority=-1, skip-https-hostname-verification=false, restart=true, config-version=0, header-version=0, c-uri=, priority=-1, uri=preinstalled, skip-https-certificate-validation=false, enabled=true}, hivemq-prometheus-extension={priority=-1, start-priority=-1, c-uri=, skip-https-hostname-verification=false, skip-https-certificate-validation=false, uri=preinstalled, request-header-path=no-request-headers, enabled=true, restart=true}}
2025-01-28 21:20:15,277 INFO c.h.h.t.HelmChartContainer - [test-hivemq-platform] [hivemq] [66608005] INFO  - [HiveMQ Platform Operator Init App 1.7.0-SNAPSHOT] Returning Health API response 200 for liveness
2025-01-28 21:20:15,520 INFO c.h.h.t.HelmChartContainer - [test-hivemq-platform] [hivemq] [9b8a3da7] INFO  - [HiveMQ Platform Operator Init App 1.7.0-SNAPSHOT] Extension hivemq-allow-all-extension was already enabled
2025-01-28 21:20:15,613 INFO c.h.h.t.HelmChartContainer - [test-hivemq-platform] [hivemq] [9b8a3da7] INFO  - [HiveMQ Platform Operator Init App 1.7.0-SNAPSHOT] Successfully enabled extension hivemq-prometheus-extension
2025-01-28 21:20:15,614 INFO c.h.h.t.HelmChartContainer - [test-hivemq-platform] [hivemq] [9b8a3da7] INFO  - [HiveMQ Platform Operator Init App 1.7.0-SNAPSHOT] Starting HiveMQ Platform version 4.36.0 (4.36.0)
2025-01-28 21:20:15,615 INFO c.h.h.t.HelmChartContainer - [test-hivemq-platform] [hivemq] [9b8a3da7] INFO  - [HiveMQ Platform Operator Init App 1.7.0-SNAPSHOT] Configuring the HiveMQ Platform
2025-01-28 21:20:15,706 INFO c.h.h.t.HelmChartContainer - [test-hivemq-platform] [hivemq] [9b8a3da7] INFO  - [HiveMQ Platform Operator Init App 1.7.0-SNAPSHOT] Changed logback.xml file scan period to 20 seconds
2025-01-28 21:20:15,722 INFO c.h.h.t.HelmChartContainer - [test-hivemq-platform] [hivemq] [9b8a3da7] INFO  - [HiveMQ Platform Operator Init App 1.7.0-SNAPSHOT] Starting the HiveMQ Platform
2025-01-28 21:20:15,725 INFO c.h.h.t.HelmChartContainer - [test-hivemq-platform] [hivemq] [9b8a3da7] -------------------------------------------------------------------------
2025-01-28 21:20:15,726 INFO c.h.h.t.HelmChartContainer - [test-hivemq-platform] [hivemq] [9b8a3da7] 
2025-01-28 21:20:15,726 INFO c.h.h.t.HelmChartContainer - [test-hivemq-platform] [hivemq] [9b8a3da7]                   _    _  _              __  __   ____
2025-01-28 21:20:15,726 INFO c.h.h.t.HelmChartContainer - [test-hivemq-platform] [hivemq] [9b8a3da7]                  | |  | |(_)            |  \/  | / __ \
2025-01-28 21:20:15,726 INFO c.h.h.t.HelmChartContainer - [test-hivemq-platform] [hivemq] [9b8a3da7]                  | |__| | _ __   __ ___ | \  / || |  | |
2025-01-28 21:20:15,726 INFO c.h.h.t.HelmChartContainer - [test-hivemq-platform] [hivemq] [9b8a3da7]                  |  __  || |\ \ / // _ \| |\/| || |  | |
2025-01-28 21:20:15,726 INFO c.h.h.t.HelmChartContainer - [test-hivemq-platform] [hivemq] [9b8a3da7]                  | |  | || | \ V /|  __/| |  | || |__| |
2025-01-28 21:20:15,726 INFO c.h.h.t.HelmChartContainer - [test-hivemq-platform] [hivemq] [9b8a3da7]                  |_|  |_||_|  \_/  \___||_|  |_| \___\_\
2025-01-28 21:20:15,726 INFO c.h.h.t.HelmChartContainer - [test-hivemq-platform] [hivemq] [9b8a3da7] 
2025-01-28 21:20:15,726 INFO c.h.h.t.HelmChartContainer - [test-hivemq-platform] [hivemq] [9b8a3da7] -------------------------------------------------------------------------
2025-01-28 21:20:15,726 INFO c.h.h.t.HelmChartContainer - [test-hivemq-platform] [hivemq] [9b8a3da7] 
2025-01-28 21:20:15,726 INFO c.h.h.t.HelmChartContainer - [test-hivemq-platform] [hivemq] [9b8a3da7]   HiveMQ Start Script for Linux/Unix v1.14
2025-01-28 21:20:15,726 INFO c.h.h.t.HelmChartContainer - [test-hivemq-platform] [hivemq] [9b8a3da7] 
2025-01-28 21:20:15,834 INFO c.h.h.t.HelmChartContainer - [test-hivemq-platform] [hivemq] [9b8a3da7] -------------------------------------------------------------------------
2025-01-28 21:20:15,834 INFO c.h.h.t.HelmChartContainer - [test-hivemq-platform] [hivemq] [9b8a3da7] 
2025-01-28 21:20:15,834 INFO c.h.h.t.HelmChartContainer - [test-hivemq-platform] [hivemq] [9b8a3da7]   HIVEMQ_HOME: /opt/hivemq
2025-01-28 21:20:15,834 INFO c.h.h.t.HelmChartContainer - [test-hivemq-platform] [hivemq] [9b8a3da7] 
2025-01-28 21:20:15,834 INFO c.h.h.t.HelmChartContainer - [test-hivemq-platform] [hivemq] [9b8a3da7]   JAVA_OPTS: -XX:+UnlockExperimentalVMOptions -XX:InitialRAMPercentage=50 -XX:MaxRAMPercentage=50 -Djava.net.preferIPv4Stack=true --add-opens java.base/java.lang=ALL-UNNAMED --add-opens java.base/java.nio=ALL-UNNAMED --add-opens java.base/sun.nio.ch=ALL-UNNAMED --add-opens jdk.management/com.sun.management.internal=ALL-UNNAMED --add-exports java.base/jdk.internal.misc=ALL-UNNAMED -Djava.security.egd=file:/dev/./urandom -Dcom.sun.management.jmxremote -Dcom.sun.management.jmxremote.port=9010 -Dcom.sun.management.jmxremote.local.only=false -Dcom.sun.management.jmxremote.authenticate=false -Dcom.sun.management.jmxremote.ssl=false -Duser.language=en -Duser.region=US -XX:+CrashOnOutOfMemoryError -XX:+HeapDumpOnOutOfMemoryError
2025-01-28 21:20:15,834 INFO c.h.h.t.HelmChartContainer - [test-hivemq-platform] [hivemq] [9b8a3da7] 
2025-01-28 21:20:15,834 INFO c.h.h.t.HelmChartContainer - [test-hivemq-platform] [hivemq] [9b8a3da7]   JAVA_VERSION: 21
2025-01-28 21:20:15,834 INFO c.h.h.t.HelmChartContainer - [test-hivemq-platform] [hivemq] [9b8a3da7] 
2025-01-28 21:20:15,834 INFO c.h.h.t.HelmChartContainer - [test-hivemq-platform] [hivemq] [9b8a3da7] -------------------------------------------------------------------------
2025-01-28 21:20:15,834 INFO c.h.h.t.HelmChartContainer - [test-hivemq-platform] [hivemq] [9b8a3da7] 
2025-01-28 21:20:16,822 INFO c.h.h.t.HelmChartContainer - [test-hivemq-platform] [hivemq] [9b8a3da7] INFO  - [HiveMQ Platform Operator Init App 1.7.0-SNAPSHOT] Returning default Health API response 503 for readiness
2025-01-28 21:20:17,221 INFO c.h.h.t.HelmChartContainer - [EVENT] Warning [Unhealthy] Readiness probe failed: HTTP probe failed with statuscode: 503 [helmvolumeclaimtemplatesit:test-hivemq-platform-1]
2025-01-28 21:20:17,221 INFO c.h.h.t.HelmChartContainer - Received Unhealthy event for container hivemq in pod test-hivemq-platform-1 [9b8a3da7-5e34-4622-b062-ec92e9c74e74]
2025-01-28 21:20:18,611 INFO c.h.h.t.HelmChartContainer - [test-hivemq-platform] [hivemq] [9b8a3da7] INFO  - Starting HiveMQ Enterprise Server
2025-01-28 21:20:18,617 INFO c.h.h.t.HelmChartContainer - [test-hivemq-platform] [hivemq] [9b8a3da7] INFO  - HiveMQ version: 4.36.0
2025-01-28 21:20:18,618 INFO c.h.h.t.HelmChartContainer - [test-hivemq-platform] [hivemq] [9b8a3da7] INFO  - HiveMQ home directory: /opt/hivemq
2025-01-28 21:20:18,618 INFO c.h.h.t.HelmChartContainer - [test-hivemq-platform] [hivemq] [9b8a3da7] INFO  - Log Configuration was overridden by /opt/hivemq/conf/logback.xml
2025-01-28 21:20:20,025 INFO c.h.h.t.HelmChartContainer - [test-hivemq-platform] [hivemq] [9b8a3da7] INFO  - Successfully loaded configuration from '/opt/hivemq/conf-k8s/config.xml'.
2025-01-28 21:20:20,812 INFO c.h.h.t.HelmChartContainer - [test-hivemq-platform] [hivemq] [9b8a3da7] INFO  - This node's ID is PgHYT
2025-01-28 21:20:20,812 INFO c.h.h.t.HelmChartContainer - [test-hivemq-platform] [hivemq] [9b8a3da7] INFO  - Clustering is enabled
2025-01-28 21:20:20,841 INFO c.h.h.t.HelmChartContainer - [hivemq-test-hivemq-platform] [hivemq-platform-operator] [68e05e19] 21:20:20.836 [pool-6-thread-31] DEBUG c.h.p.o.d.PlatformServiceResource - [helmvolu] Desired Platform services (3 services)
2025-01-28 21:20:20,841 INFO c.h.h.t.HelmChartContainer - [hivemq-test-hivemq-platform] [hivemq-platform-operator] [68e05e19] 21:20:20.836 [pool-6-thread-35] DEBUG c.h.p.o.dependants.PodInfoConfigMap - [helmvolu] Desired PodInfo ConfigMap (1 extensions) (1 enabled)
2025-01-28 21:20:20,841 INFO c.h.h.t.HelmChartContainer - [hivemq-test-hivemq-platform] [hivemq-platform-operator] [68e05e19] 21:20:20.836 [pool-6-thread-35] DEBUG c.h.p.o.dependants.PodInfoConfigMap - [helmvolu] Desired PodInfo ConfigMap (metrics port: 9399) (metrics path: /)
2025-01-28 21:20:20,841 INFO c.h.h.t.HelmChartContainer - [hivemq-test-hivemq-platform] [hivemq-platform-operator] [68e05e19] 21:20:20.836 [pool-6-thread-35] DEBUG c.h.p.o.dependants.PodInfoConfigMap - [helmvolu] Desired PodInfo ConfigMap (extension state hash: -1817474005)
2025-01-28 21:20:20,841 INFO c.h.h.t.HelmChartContainer - [hivemq-test-hivemq-platform] [hivemq-platform-operator] [68e05e19] 21:20:20.837 [pool-6-thread-33] DEBUG c.h.p.o.d.PodServiceAccountResource - [helmvolu] Desired PodServiceAccountResource (serviceAccountName: hivemq-platform-pod-test-hivemq-platform)
2025-01-28 21:20:20,844 INFO c.h.h.t.HelmChartContainer - [hivemq-test-hivemq-platform] [hivemq-platform-operator] [68e05e19] 21:20:20.843 [pool-6-thread-31] DEBUG c.h.p.o.d.StatefulSetResource - [helmvolu] Desired StatefulSet (2 replicas) for status STARTING (READY)
2025-01-28 21:20:20,848 INFO c.h.h.t.HelmChartContainer - [hivemq-test-hivemq-platform] [hivemq-platform-operator] [68e05e19] 21:20:20.847 [ReconcilerExecutor-hivemq-controller-121] INFO  c.h.p.o.HiveMQPlatformReconciler - [helmvolu] Reconciling HiveMQ Platform 'test-hivemq-platform' in namespace 'helmvolumeclaimtemplatesit'
2025-01-28 21:20:20,849 INFO c.h.h.t.HelmChartContainer - [hivemq-test-hivemq-platform] [hivemq-platform-operator] [68e05e19] 21:20:20.847 [ReconcilerExecutor-hivemq-controller-121] DEBUG c.h.p.o.HiveMQPlatformReconciler - [helmvolu] Custom Resource Status STARTING - HiveMQ Platform is starting (READY)
2025-01-28 21:20:20,849 INFO c.h.h.t.HelmChartContainer - [hivemq-test-hivemq-platform] [hivemq-platform-operator] [68e05e19] 21:20:20.847 [ReconcilerExecutor-hivemq-controller-121] DEBUG c.h.p.o.HiveMQPlatformReconciler - [helmvolu] Custom Resource Spec (replicas: 2) (extensions: 1)
2025-01-28 21:20:20,850 INFO c.h.h.t.HelmChartContainer - [hivemq-test-hivemq-platform] [hivemq-platform-operator] [68e05e19] 21:20:20.849 [ReconcilerExecutor-hivemq-controller-121] DEBUG c.h.p.o.HiveMQPlatformReconciler - [helmvolu] StatefulSet Status (revision: test-hivemq-platform-6c7bb94cbd, replicas: 2, available: 1, ready: 1, current: 2, updated: 2)
2025-01-28 21:20:20,850 INFO c.h.h.t.HelmChartContainer - [hivemq-test-hivemq-platform] [hivemq-platform-operator] [68e05e19] 21:20:20.849 [ReconcilerExecutor-hivemq-controller-121] DEBUG c.h.p.o.HiveMQPlatformReconciler - [helmvolu] StatefulSet Spec (replicas: 2, init containers: 1, containers: 1, volumes: 4)
2025-01-28 21:20:20,852 INFO c.h.h.t.HelmChartContainer - [hivemq-test-hivemq-platform] [hivemq-platform-operator] [68e05e19] 21:20:20.851 [ReconcilerExecutor-hivemq-controller-121] DEBUG c.h.p.o.h.HiveMQPlatformReconcilerErrorHandler - [helmvolu] Pod 'test-hivemq-platform-1' phase Running
2025-01-28 21:20:20,853 INFO c.h.h.t.HelmChartContainer - [hivemq-test-hivemq-platform] [hivemq-platform-operator] [68e05e19] 21:20:20.852 [ReconcilerExecutor-hivemq-controller-121] DEBUG c.h.p.o.h.HiveMQPlatformReconcilerErrorHandler - [helmvolu] Pod 'test-hivemq-platform-0' phase Running
2025-01-28 21:20:20,854 INFO c.h.h.t.HelmChartContainer - [hivemq-test-hivemq-platform] [hivemq-platform-operator] [68e05e19] 21:20:20.853 [ReconcilerExecutor-hivemq-controller-121] INFO  c.h.p.o.h.HiveMQPlatformReconcilerBaseHandler - [helmvolu] HiveMQ Platform is starting, 1 of 2 replicas are ready
2025-01-28 21:20:22,217 INFO c.h.h.t.HelmChartContainer - [test-hivemq-platform] [hivemq] [9b8a3da7] WARN  - [HiveMQ Platform Operator Init App 1.7.0-SNAPSHOT] Cannot connect to Health API for readiness: null
2025-01-28 21:20:22,223 INFO c.h.h.t.HelmChartContainer - [EVENT] Warning [Unhealthy] Readiness probe failed: HTTP probe failed with statuscode: 503 [helmvolumeclaimtemplatesit:test-hivemq-platform-1]
2025-01-28 21:20:22,223 INFO c.h.h.t.HelmChartContainer - Received Unhealthy event for container hivemq in pod test-hivemq-platform-1 [9b8a3da7-5e34-4622-b062-ec92e9c74e74]
2025-01-28 21:20:25,915 INFO c.h.h.t.HelmChartContainer - [test-hivemq-platform] [hivemq] [9b8a3da7] Jan 28, 2025 9:20:25 PM io.vertx.core.impl.BlockedThreadChecker
2025-01-28 21:20:25,915 INFO c.h.h.t.HelmChartContainer - [test-hivemq-platform] [hivemq] [9b8a3da7] WARNING: Thread Thread[vert.x-eventloop-thread-1,5,main] has been blocked for 2697 ms, time limit is 2000 ms
2025-01-28 21:20:26,514 INFO c.h.h.t.HelmChartContainer - [test-hivemq-platform] [hivemq] [9b8a3da7] INFO  - [HiveMQ Platform Operator Init App 1.7.0-SNAPSHOT] Updating Pod HiveMQ Platform Operator Init App version annotation (version: 1.7.0-SNAPSHOT)
2025-01-28 21:20:26,820 INFO c.h.h.t.HelmChartContainer - [test-hivemq-platform] [hivemq] [9b8a3da7] WARN  - [HiveMQ Platform Operator Init App 1.7.0-SNAPSHOT] Cannot connect to Health API for readiness: null
2025-01-28 21:20:26,821 INFO c.h.h.t.HelmChartContainer - [EVENT] Warning [Unhealthy] Readiness probe failed: HTTP probe failed with statuscode: 503 [helmvolumeclaimtemplatesit:test-hivemq-platform-1]
2025-01-28 21:20:26,821 INFO c.h.h.t.HelmChartContainer - Received Unhealthy event for container hivemq in pod test-hivemq-platform-1 [9b8a3da7-5e34-4622-b062-ec92e9c74e74]
2025-01-28 21:20:27,130 INFO c.h.h.t.HelmChartContainer - [POD] test-hivemq-platform-1 [9b8a3da7-5e34-4622-b062-ec92e9c74e74] in helmvolumeclaimtemplatesit was MODIFIED
2025-01-28 21:20:27,139 INFO c.h.h.t.HelmChartContainer - [hivemq-test-hivemq-platform] [hivemq-platform-operator] [68e05e19] 21:20:27.135 [pool-6-thread-41] DEBUG c.h.p.o.d.PlatformServiceResource - [helmvolu] Desired Platform services (3 services)
2025-01-28 21:20:27,139 INFO c.h.h.t.HelmChartContainer - [hivemq-test-hivemq-platform] [hivemq-platform-operator] [68e05e19] 21:20:27.136 [pool-6-thread-49] DEBUG c.h.p.o.dependants.PodInfoConfigMap - [helmvolu] Desired PodInfo ConfigMap (1 extensions) (1 enabled)
2025-01-28 21:20:27,139 INFO c.h.h.t.HelmChartContainer - [hivemq-test-hivemq-platform] [hivemq-platform-operator] [68e05e19] 21:20:27.136 [pool-6-thread-49] DEBUG c.h.p.o.dependants.PodInfoConfigMap - [helmvolu] Desired PodInfo ConfigMap (metrics port: 9399) (metrics path: /)
2025-01-28 21:20:27,139 INFO c.h.h.t.HelmChartContainer - [hivemq-test-hivemq-platform] [hivemq-platform-operator] [68e05e19] 21:20:27.136 [pool-6-thread-49] DEBUG c.h.p.o.dependants.PodInfoConfigMap - [helmvolu] Desired PodInfo ConfigMap (extension state hash: -1817474005)
2025-01-28 21:20:27,139 INFO c.h.h.t.HelmChartContainer - [hivemq-test-hivemq-platform] [hivemq-platform-operator] [68e05e19] 21:20:27.137 [pool-6-thread-49] DEBUG c.h.p.o.d.PodServiceAccountResource - [helmvolu] Desired PodServiceAccountResource (serviceAccountName: hivemq-platform-pod-test-hivemq-platform)
2025-01-28 21:20:27,144 INFO c.h.h.t.HelmChartContainer - [hivemq-test-hivemq-platform] [hivemq-platform-operator] [68e05e19] 21:20:27.143 [pool-6-thread-41] DEBUG c.h.p.o.d.StatefulSetResource - [helmvolu] Desired StatefulSet (2 replicas) for status STARTING (READY)
2025-01-28 21:20:27,157 INFO c.h.h.t.HelmChartContainer - [hivemq-test-hivemq-platform] [hivemq-platform-operator] [68e05e19] 21:20:27.150 [ReconcilerExecutor-hivemq-controller-122] INFO  c.h.p.o.HiveMQPlatformReconciler - [helmvolu] Reconciling HiveMQ Platform 'test-hivemq-platform' in namespace 'helmvolumeclaimtemplatesit'
2025-01-28 21:20:27,158 INFO c.h.h.t.HelmChartContainer - [hivemq-test-hivemq-platform] [hivemq-platform-operator] [68e05e19] 21:20:27.151 [ReconcilerExecutor-hivemq-controller-122] DEBUG c.h.p.o.HiveMQPlatformReconciler - [helmvolu] Custom Resource Status STARTING - HiveMQ Platform is starting (READY)
2025-01-28 21:20:27,158 INFO c.h.h.t.HelmChartContainer - [hivemq-test-hivemq-platform] [hivemq-platform-operator] [68e05e19] 21:20:27.151 [ReconcilerExecutor-hivemq-controller-122] DEBUG c.h.p.o.HiveMQPlatformReconciler - [helmvolu] Custom Resource Spec (replicas: 2) (extensions: 1)
2025-01-28 21:20:27,161 INFO c.h.h.t.HelmChartContainer - [hivemq-test-hivemq-platform] [hivemq-platform-operator] [68e05e19] 21:20:27.161 [ReconcilerExecutor-hivemq-controller-122] DEBUG c.h.p.o.HiveMQPlatformReconciler - [helmvolu] StatefulSet Status (revision: test-hivemq-platform-6c7bb94cbd, replicas: 2, available: 1, ready: 1, current: 2, updated: 2)
2025-01-28 21:20:27,164 INFO c.h.h.t.HelmChartContainer - [hivemq-test-hivemq-platform] [hivemq-platform-operator] [68e05e19] 21:20:27.162 [ReconcilerExecutor-hivemq-controller-122] DEBUG c.h.p.o.HiveMQPlatformReconciler - [helmvolu] StatefulSet Spec (replicas: 2, init containers: 1, containers: 1, volumes: 4)
2025-01-28 21:20:27,167 INFO c.h.h.t.HelmChartContainer - [hivemq-test-hivemq-platform] [hivemq-platform-operator] [68e05e19] 21:20:27.166 [ReconcilerExecutor-hivemq-controller-122] DEBUG c.h.p.o.h.HiveMQPlatformReconcilerErrorHandler - [helmvolu] Pod 'test-hivemq-platform-1' phase Running
2025-01-28 21:20:27,169 INFO c.h.h.t.HelmChartContainer - [hivemq-test-hivemq-platform] [hivemq-platform-operator] [68e05e19] 21:20:27.168 [ReconcilerExecutor-hivemq-controller-122] DEBUG c.h.p.o.h.HiveMQPlatformReconcilerErrorHandler - [helmvolu] Pod 'test-hivemq-platform-0' phase Running
2025-01-28 21:20:27,187 INFO c.h.h.t.HelmChartContainer - [hivemq-test-hivemq-platform] [hivemq-platform-operator] [68e05e19] 21:20:27.186 [ReconcilerExecutor-hivemq-controller-122] INFO  c.h.p.o.h.HiveMQPlatformReconcilerBaseHandler - [helmvolu] HiveMQ Platform is starting, 1 of 2 replicas are ready
2025-01-28 21:20:27,217 INFO c.h.h.t.HelmChartContainer - [test-hivemq-platform] [hivemq] [9b8a3da7] WARN  - [HiveMQ Platform Operator Init App 1.7.0-SNAPSHOT] Cannot connect to Health API for readiness: null
2025-01-28 21:20:27,223 INFO c.h.h.t.HelmChartContainer - [EVENT] Warning [Unhealthy] Readiness probe failed: HTTP probe failed with statuscode: 503 [helmvolumeclaimtemplatesit:test-hivemq-platform-1]
2025-01-28 21:20:27,223 INFO c.h.h.t.HelmChartContainer - Received Unhealthy event for container hivemq in pod test-hivemq-platform-1 [9b8a3da7-5e34-4622-b062-ec92e9c74e74]
2025-01-28 21:20:27,223 INFO c.h.h.t.HelmChartContainer - [test-hivemq-platform] [hivemq] [9b8a3da7] INFO  - [HiveMQ Platform Operator Init App 1.7.0-SNAPSHOT] Successfully updated Pod HiveMQ Platform Operator Init App version annotation (version: 1.7.0-SNAPSHOT)
2025-01-28 21:20:32,213 INFO c.h.h.t.HelmChartContainer - [test-hivemq-platform] [hivemq] [9b8a3da7] WARN  - [HiveMQ Platform Operator Init App 1.7.0-SNAPSHOT] Cannot connect to Health API for readiness: null
2025-01-28 21:20:32,218 INFO c.h.h.t.HelmChartContainer - [EVENT] Warning [Unhealthy] Readiness probe failed: HTTP probe failed with statuscode: 503 [helmvolumeclaimtemplatesit:test-hivemq-platform-1]
2025-01-28 21:20:32,218 INFO c.h.h.t.HelmChartContainer - Received Unhealthy event for container hivemq in pod test-hivemq-platform-1 [9b8a3da7-5e34-4622-b062-ec92e9c74e74]
2025-01-28 21:20:37,193 INFO c.h.h.t.HelmChartContainer - [hivemq-test-hivemq-platform] [hivemq-platform-operator] [68e05e19] 21:20:37.191 [pool-6-thread-10] DEBUG c.h.p.o.d.PlatformServiceResource - [helmvolu] Desired Platform services (3 services)
2025-01-28 21:20:37,195 INFO c.h.h.t.HelmChartContainer - [hivemq-test-hivemq-platform] [hivemq-platform-operator] [68e05e19] 21:20:37.192 [pool-6-thread-9] DEBUG c.h.p.o.dependants.PodInfoConfigMap - [helmvolu] Desired PodInfo ConfigMap (1 extensions) (1 enabled)
2025-01-28 21:20:37,195 INFO c.h.h.t.HelmChartContainer - [hivemq-test-hivemq-platform] [hivemq-platform-operator] [68e05e19] 21:20:37.194 [pool-6-thread-9] DEBUG c.h.p.o.dependants.PodInfoConfigMap - [helmvolu] Desired PodInfo ConfigMap (metrics port: 9399) (metrics path: /)
2025-01-28 21:20:37,196 INFO c.h.h.t.HelmChartContainer - [hivemq-test-hivemq-platform] [hivemq-platform-operator] [68e05e19] 21:20:37.194 [pool-6-thread-9] DEBUG c.h.p.o.dependants.PodInfoConfigMap - [helmvolu] Desired PodInfo ConfigMap (extension state hash: -1817474005)
2025-01-28 21:20:37,197 INFO c.h.h.t.HelmChartContainer - [hivemq-test-hivemq-platform] [hivemq-platform-operator] [68e05e19] 21:20:37.192 [pool-6-thread-8] DEBUG c.h.p.o.d.PodServiceAccountResource - [helmvolu] Desired PodServiceAccountResource (serviceAccountName: hivemq-platform-pod-test-hivemq-platform)
2025-01-28 21:20:37,205 INFO c.h.h.t.HelmChartContainer - [hivemq-test-hivemq-platform] [hivemq-platform-operator] [68e05e19] 21:20:37.200 [pool-6-thread-9] DEBUG c.h.p.o.d.StatefulSetResource - [helmvolu] Desired StatefulSet (2 replicas) for status STARTING (READY)
2025-01-28 21:20:37,208 INFO c.h.h.t.HelmChartContainer - [hivemq-test-hivemq-platform] [hivemq-platform-operator] [68e05e19] 21:20:37.204 [ReconcilerExecutor-hivemq-controller-123] INFO  c.h.p.o.HiveMQPlatformReconciler - [helmvolu] Reconciling HiveMQ Platform 'test-hivemq-platform' in namespace 'helmvolumeclaimtemplatesit'
2025-01-28 21:20:37,210 INFO c.h.h.t.HelmChartContainer - [hivemq-test-hivemq-platform] [hivemq-platform-operator] [68e05e19] 21:20:37.204 [ReconcilerExecutor-hivemq-controller-123] DEBUG c.h.p.o.HiveMQPlatformReconciler - [helmvolu] Custom Resource Status STARTING - HiveMQ Platform is starting (READY)
2025-01-28 21:20:37,210 INFO c.h.h.t.HelmChartContainer - [hivemq-test-hivemq-platform] [hivemq-platform-operator] [68e05e19] 21:20:37.204 [ReconcilerExecutor-hivemq-controller-123] DEBUG c.h.p.o.HiveMQPlatformReconciler - [helmvolu] Custom Resource Spec (replicas: 2) (extensions: 1)
2025-01-28 21:20:37,210 INFO c.h.h.t.HelmChartContainer - [hivemq-test-hivemq-platform] [hivemq-platform-operator] [68e05e19] 21:20:37.206 [ReconcilerExecutor-hivemq-controller-123] DEBUG c.h.p.o.HiveMQPlatformReconciler - [helmvolu] StatefulSet Status (revision: test-hivemq-platform-6c7bb94cbd, replicas: 2, available: 1, ready: 1, current: 2, updated: 2)
2025-01-28 21:20:37,210 INFO c.h.h.t.HelmChartContainer - [hivemq-test-hivemq-platform] [hivemq-platform-operator] [68e05e19] 21:20:37.207 [ReconcilerExecutor-hivemq-controller-123] DEBUG c.h.p.o.HiveMQPlatformReconciler - [helmvolu] StatefulSet Spec (replicas: 2, init containers: 1, containers: 1, volumes: 4)
2025-01-28 21:20:37,216 INFO c.h.h.t.HelmChartContainer - [test-hivemq-platform] [hivemq] [9b8a3da7] WARN  - [HiveMQ Platform Operator Init App 1.7.0-SNAPSHOT] Cannot connect to Health API for readiness: null
2025-01-28 21:20:37,220 INFO c.h.h.t.HelmChartContainer - [EVENT] Warning [Unhealthy] Readiness probe failed: HTTP probe failed with statuscode: 503 [helmvolumeclaimtemplatesit:test-hivemq-platform-1]
2025-01-28 21:20:37,220 INFO c.h.h.t.HelmChartContainer - Received Unhealthy event for container hivemq in pod test-hivemq-platform-1 [9b8a3da7-5e34-4622-b062-ec92e9c74e74]
2025-01-28 21:20:37,288 INFO c.h.h.t.HelmChartContainer - [hivemq-test-hivemq-platform] [hivemq-platform-operator] [68e05e19] 21:20:37.286 [ReconcilerExecutor-hivemq-controller-123] DEBUG c.h.p.o.h.HiveMQPlatformReconcilerErrorHandler - [helmvolu] Pod 'test-hivemq-platform-1' phase Running
2025-01-28 21:20:37,289 INFO c.h.h.t.HelmChartContainer - [hivemq-test-hivemq-platform] [hivemq-platform-operator] [68e05e19] 21:20:37.288 [ReconcilerExecutor-hivemq-controller-123] DEBUG c.h.p.o.h.HiveMQPlatformReconcilerErrorHandler - [helmvolu] Pod 'test-hivemq-platform-0' phase Running
2025-01-28 21:20:37,290 INFO c.h.h.t.HelmChartContainer - [hivemq-test-hivemq-platform] [hivemq-platform-operator] [68e05e19] 21:20:37.289 [ReconcilerExecutor-hivemq-controller-123] INFO  c.h.p.o.h.HiveMQPlatformReconcilerBaseHandler - [helmvolu] HiveMQ Platform is starting, 1 of 2 replicas are ready
2025-01-28 21:20:38,514 INFO c.h.h.t.HelmChartContainer - [test-hivemq-platform] [hivemq] [9b8a3da7] INFO  - No valid license file found. Using trial license, restricted to 25 connections.
2025-01-28 21:20:38,919 INFO c.h.h.t.HelmChartContainer - [test-hivemq-platform] [hivemq] [9b8a3da7] WARN  - [HiveMQ Platform Operator Init App 1.7.0-SNAPSHOT] Cannot connect to Health API for liveness: null
2025-01-28 21:20:38,920 INFO c.h.h.t.HelmChartContainer - [test-hivemq-platform] [hivemq] [9b8a3da7] INFO  - [HiveMQ Platform Operator Init App 1.7.0-SNAPSHOT] Returning default Health API response 200 for liveness
2025-01-28 21:20:41,468 INFO c.h.h.t.HelmChartContainer - [K3S] [scope.go:117] "RemoveContainer" containerID="a75b22fc0fffe05f7c7a7991b9af11e1e2ebc6884ab6d6885afac48be0044e96"
2025-01-28 21:20:42,215 INFO c.h.h.t.HelmChartContainer - [test-hivemq-platform] [hivemq] [9b8a3da7] WARN  - [HiveMQ Platform Operator Init App 1.7.0-SNAPSHOT] Cannot connect to Health API for readiness: null
2025-01-28 21:20:42,221 INFO c.h.h.t.HelmChartContainer - [EVENT] Warning [Unhealthy] Readiness probe failed: HTTP probe failed with statuscode: 503 [helmvolumeclaimtemplatesit:test-hivemq-platform-1]
2025-01-28 21:20:42,221 INFO c.h.h.t.HelmChartContainer - Received Unhealthy event for container hivemq in pod test-hivemq-platform-1 [9b8a3da7-5e34-4622-b062-ec92e9c74e74]
2025-01-28 21:20:42,421 INFO c.h.h.t.HelmChartContainer - [test-hivemq-platform] [hivemq] [9b8a3da7] INFO  - No valid license file for Data Hub found. Using free license, restricted to 1 policy.
2025-01-28 21:20:43,814 INFO c.h.h.t.HelmChartContainer - [test-hivemq-platform] [hivemq] [9b8a3da7] INFO  - Audit Logger started.
2025-01-28 21:20:44,044 INFO c.h.h.t.HelmChartContainer - [test-hivemq-platform] [hivemq] [9b8a3da7] INFO  - This node uses '1' CPU cores.
2025-01-28 21:20:44,049 INFO c.h.h.t.HelmChartContainer - [test-hivemq-platform] [hivemq] [9b8a3da7] INFO  - Starting HiveMQ Health API on address 0.0.0.0 and port 8889
2025-01-28 21:20:44,912 INFO c.h.h.t.HelmChartContainer - [test-hivemq-platform] [hivemq] [9b8a3da7] INFO  - Started HiveMQ Health API in 782ms
2025-01-28 21:20:45,430 INFO c.h.h.t.HelmChartContainer - [test-hivemq-platform] [hivemq] [9b8a3da7] INFO  - Starting HiveMQ extension system.
2025-01-28 21:20:45,718 INFO c.h.h.t.HelmChartContainer - [test-hivemq-platform] [hivemq] [9b8a3da7] INFO  - Starting extension with id "hivemq-dns-cluster-discovery" at /opt/hivemq/extensions/hivemq-dns-cluster-discovery
2025-01-28 21:20:46,214 INFO c.h.h.t.HelmChartContainer - [test-hivemq-platform] [hivemq] [9b8a3da7] INFO  - Using TCP cluster transport on address 10.42.0.11 and port 7000
2025-01-28 21:20:46,220 INFO c.h.h.t.HelmChartContainer - [test-hivemq-platform] [hivemq] [9b8a3da7] INFO  - Using extension cluster discovery
2025-01-28 21:20:46,322 INFO c.h.h.t.HelmChartContainer - [test-hivemq-platform] [hivemq] [9b8a3da7] INFO  - Extension "DNS Cluster Discovery Extension" version 4.3.2 started successfully.
2025-01-28 21:20:46,322 INFO c.h.h.t.HelmChartContainer - [test-hivemq-platform] [hivemq] [9b8a3da7] INFO  - Starting extension with id "hivemq-prometheus-extension" at /opt/hivemq/extensions/hivemq-prometheus-extension
2025-01-28 21:20:47,294 INFO c.h.h.t.HelmChartContainer - [hivemq-test-hivemq-platform] [hivemq-platform-operator] [68e05e19] 21:20:47.292 [pool-6-thread-13] DEBUG c.h.p.o.d.PlatformServiceResource - [helmvolu] Desired Platform services (3 services)
2025-01-28 21:20:47,295 INFO c.h.h.t.HelmChartContainer - [hivemq-test-hivemq-platform] [hivemq-platform-operator] [68e05e19] 21:20:47.293 [pool-6-thread-20] DEBUG c.h.p.o.d.PodServiceAccountResource - [helmvolu] Desired PodServiceAccountResource (serviceAccountName: hivemq-platform-pod-test-hivemq-platform)
2025-01-28 21:20:47,298 INFO c.h.h.t.HelmChartContainer - [hivemq-test-hivemq-platform] [hivemq-platform-operator] [68e05e19] 21:20:47.294 [pool-6-thread-17] DEBUG c.h.p.o.dependants.PodInfoConfigMap - [helmvolu] Desired PodInfo ConfigMap (1 extensions) (1 enabled)
2025-01-28 21:20:47,298 INFO c.h.h.t.HelmChartContainer - [hivemq-test-hivemq-platform] [hivemq-platform-operator] [68e05e19] 21:20:47.294 [pool-6-thread-17] DEBUG c.h.p.o.dependants.PodInfoConfigMap - [helmvolu] Desired PodInfo ConfigMap (metrics port: 9399) (metrics path: /)
2025-01-28 21:20:47,298 INFO c.h.h.t.HelmChartContainer - [hivemq-test-hivemq-platform] [hivemq-platform-operator] [68e05e19] 21:20:47.294 [pool-6-thread-17] DEBUG c.h.p.o.dependants.PodInfoConfigMap - [helmvolu] Desired PodInfo ConfigMap (extension state hash: -1817474005)
2025-01-28 21:20:47,301 INFO c.h.h.t.HelmChartContainer - [hivemq-test-hivemq-platform] [hivemq-platform-operator] [68e05e19] 21:20:47.298 [pool-6-thread-13] DEBUG c.h.p.o.d.StatefulSetResource - [helmvolu] Desired StatefulSet (2 replicas) for status STARTING (READY)
2025-01-28 21:20:47,303 INFO c.h.h.t.HelmChartContainer - [hivemq-test-hivemq-platform] [hivemq-platform-operator] [68e05e19] 21:20:47.301 [ReconcilerExecutor-hivemq-controller-124] INFO  c.h.p.o.HiveMQPlatformReconciler - [helmvolu] Reconciling HiveMQ Platform 'test-hivemq-platform' in namespace 'helmvolumeclaimtemplatesit'
2025-01-28 21:20:47,304 INFO c.h.h.t.HelmChartContainer - [hivemq-test-hivemq-platform] [hivemq-platform-operator] [68e05e19] 21:20:47.301 [ReconcilerExecutor-hivemq-controller-124] DEBUG c.h.p.o.HiveMQPlatformReconciler - [helmvolu] Custom Resource Status STARTING - HiveMQ Platform is starting (READY)
2025-01-28 21:20:47,304 INFO c.h.h.t.HelmChartContainer - [hivemq-test-hivemq-platform] [hivemq-platform-operator] [68e05e19] 21:20:47.301 [ReconcilerExecutor-hivemq-controller-124] DEBUG c.h.p.o.HiveMQPlatformReconciler - [helmvolu] Custom Resource Spec (replicas: 2) (extensions: 1)
2025-01-28 21:20:47,304 INFO c.h.h.t.HelmChartContainer - [hivemq-test-hivemq-platform] [hivemq-platform-operator] [68e05e19] 21:20:47.303 [ReconcilerExecutor-hivemq-controller-124] DEBUG c.h.p.o.HiveMQPlatformReconciler - [helmvolu] StatefulSet Status (revision: test-hivemq-platform-6c7bb94cbd, replicas: 2, available: 1, ready: 1, current: 2, updated: 2)
2025-01-28 21:20:47,304 INFO c.h.h.t.HelmChartContainer - [hivemq-test-hivemq-platform] [hivemq-platform-operator] [68e05e19] 21:20:47.303 [ReconcilerExecutor-hivemq-controller-124] DEBUG c.h.p.o.HiveMQPlatformReconciler - [helmvolu] StatefulSet Spec (replicas: 2, init containers: 1, containers: 1, volumes: 4)
2025-01-28 21:20:47,306 INFO c.h.h.t.HelmChartContainer - [hivemq-test-hivemq-platform] [hivemq-platform-operator] [68e05e19] 21:20:47.304 [ReconcilerExecutor-hivemq-controller-124] DEBUG c.h.p.o.h.HiveMQPlatformReconcilerErrorHandler - [helmvolu] Pod 'test-hivemq-platform-1' phase Running
2025-01-28 21:20:47,308 INFO c.h.h.t.HelmChartContainer - [hivemq-test-hivemq-platform] [hivemq-platform-operator] [68e05e19] 21:20:47.306 [ReconcilerExecutor-hivemq-controller-124] DEBUG c.h.p.o.h.HiveMQPlatformReconcilerErrorHandler - [helmvolu] Pod 'test-hivemq-platform-0' phase Running
2025-01-28 21:20:47,308 INFO c.h.h.t.HelmChartContainer - [hivemq-test-hivemq-platform] [hivemq-platform-operator] [68e05e19] 21:20:47.307 [ReconcilerExecutor-hivemq-controller-124] INFO  c.h.p.o.h.HiveMQPlatformReconcilerBaseHandler - [helmvolu] HiveMQ Platform is starting, 1 of 2 replicas are ready
2025-01-28 21:20:47,416 INFO c.h.h.t.HelmChartContainer - [test-hivemq-platform] [hivemq] [9b8a3da7] INFO  - Started Jetty Server exposing Prometheus Servlet on URI http://0.0.0.0:9399/
2025-01-28 21:20:47,417 INFO c.h.h.t.HelmChartContainer - [test-hivemq-platform] [hivemq] [9b8a3da7] INFO  - Extension "Prometheus Monitoring Extension" version 4.0.12 started successfully.
2025-01-28 21:20:47,418 INFO c.h.h.t.HelmChartContainer - [test-hivemq-platform] [hivemq] [9b8a3da7] INFO  - Starting extension with id "hivemq-allow-all-extension" at /opt/hivemq/extensions/hivemq-allow-all-extension
2025-01-28 21:20:47,418 INFO c.h.h.t.HelmChartContainer - [test-hivemq-platform] [hivemq] [9b8a3da7] WARN  - 
2025-01-28 21:20:47,418 INFO c.h.h.t.HelmChartContainer - [test-hivemq-platform] [hivemq] [9b8a3da7] ################################################################################################################
2025-01-28 21:20:47,418 INFO c.h.h.t.HelmChartContainer - [test-hivemq-platform] [hivemq] [9b8a3da7] # This HiveMQ deployment is not secure! You are lacking Authentication and Authorization.                      #
2025-01-28 21:20:47,418 INFO c.h.h.t.HelmChartContainer - [test-hivemq-platform] [hivemq] [9b8a3da7] # Right now any MQTT client can connect to the broker with a full set of permissions.                          #
2025-01-28 21:20:47,418 INFO c.h.h.t.HelmChartContainer - [test-hivemq-platform] [hivemq] [9b8a3da7] # For production usage, add an appropriate security extension and remove the hivemq-allow-all extension.       #
2025-01-28 21:20:47,418 INFO c.h.h.t.HelmChartContainer - [test-hivemq-platform] [hivemq] [9b8a3da7] # You can download security extensions from the HiveMQ Marketplace (https://www.hivemq.com/extensions/).       #
2025-01-28 21:20:47,418 INFO c.h.h.t.HelmChartContainer - [test-hivemq-platform] [hivemq] [9b8a3da7] ################################################################################################################
2025-01-28 21:20:47,418 INFO c.h.h.t.HelmChartContainer - [test-hivemq-platform] [hivemq] [9b8a3da7] INFO  - Extension "Allow All Extension" version 1.1.1 started successfully.
2025-01-28 21:20:47,631 INFO c.h.h.t.HelmChartContainer - [test-hivemq-platform] [hivemq] [66608005] INFO  - Cluster nodes found by discovery: [eB0sK|1] (2) [eB0sK, PgHYT].
2025-01-28 21:20:47,725 INFO c.h.h.t.HelmChartContainer - [test-hivemq-platform] [hivemq] [9b8a3da7] INFO  - Cluster nodes found by discovery: [eB0sK|1] (2) [eB0sK, PgHYT].
2025-01-28 21:20:48,018 INFO c.h.h.t.HelmChartContainer - [test-hivemq-platform] [hivemq] [9b8a3da7] INFO  - Cluster size = 1, members : [eB0sK].
2025-01-28 21:20:48,175 INFO c.h.h.t.HelmChartContainer - [EVENT] Warning [Unhealthy] Readiness probe failed: Get "http://10.42.0.11:7979/readiness": context deadline exceeded (Client.Timeout exceeded while awaiting headers) [helmvolumeclaimtemplatesit:test-hivemq-platform-1]
2025-01-28 21:20:48,175 INFO c.h.h.t.HelmChartContainer - Received Unhealthy event for container hivemq in pod test-hivemq-platform-1 [9b8a3da7-5e34-4622-b062-ec92e9c74e74]
2025-01-28 21:20:48,316 INFO c.h.h.t.HelmChartContainer - [test-hivemq-platform] [hivemq] [9b8a3da7] INFO  - [HiveMQ Platform Operator Init App 1.7.0-SNAPSHOT] Returning Health API response 503 for readiness
2025-01-28 21:20:48,732 INFO c.h.h.t.HelmChartContainer - [test-hivemq-platform] [hivemq] [9b8a3da7] INFO  - Starting cluster join process. This may take a while. Please do not shut down HiveMQ.
2025-01-28 21:20:48,735 INFO c.h.h.t.HelmChartContainer - [test-hivemq-platform] [hivemq] [9b8a3da7] INFO  - Cluster join process is still ongoing. Please do not shut down HiveMQ.
2025-01-28 21:20:50,743 INFO c.h.h.t.HelmChartContainer - [test-hivemq-platform] [hivemq] [66608005] INFO  - Cluster size = 2, members : [eB0sK, PgHYT].
2025-01-28 21:20:50,758 INFO c.h.h.t.HelmChartContainer - [test-hivemq-platform] [hivemq] [9b8a3da7] INFO  - Cluster size = 2, members : [eB0sK, PgHYT].
2025-01-28 21:20:50,763 INFO c.h.h.t.HelmChartContainer - [test-hivemq-platform] [hivemq] [9b8a3da7] INFO  - Finished cluster join process successfully.
2025-01-28 21:20:50,813 INFO c.h.h.t.HelmChartContainer - [test-hivemq-platform] [hivemq] [9b8a3da7] WARN  - No user for HiveMQ Control Center configured. Starting with default user
2025-01-28 21:20:50,814 INFO c.h.h.t.HelmChartContainer - [test-hivemq-platform] [hivemq] [9b8a3da7] INFO  - Starting HiveMQ Control Center on address 0.0.0.0 and port 8080
2025-01-28 21:20:50,820 INFO c.h.h.t.HelmChartContainer - [test-hivemq-platform] [hivemq] [9b8a3da7] INFO  - Mounting HiveMQ Control Center V2 Preview
2025-01-28 21:20:51,523 INFO c.h.h.t.HelmChartContainer - [test-hivemq-platform] [hivemq] [9b8a3da7] INFO  - Started HiveMQ Control Center in 711ms
2025-01-28 21:20:51,620 INFO c.h.h.t.HelmChartContainer - [test-hivemq-platform] [hivemq] [9b8a3da7] INFO  - Starting TCP listener on address 0.0.0.0 and port 1883
2025-01-28 21:20:51,712 INFO c.h.h.t.HelmChartContainer - [test-hivemq-platform] [hivemq] [9b8a3da7] INFO  - Started TCP Listener on address 0.0.0.0 and on port 1883.
2025-01-28 21:20:51,712 INFO c.h.h.t.HelmChartContainer - [test-hivemq-platform] [hivemq] [9b8a3da7] INFO  - Started HiveMQ in 33495ms
2025-01-28 21:20:52,136 INFO c.h.h.t.HelmChartContainer - [test-hivemq-platform] [hivemq] [9b8a3da7] INFO  - [HiveMQ Platform Operator Init App 1.7.0-SNAPSHOT] Returning Health API response 200 for readiness
2025-01-28 21:20:52,154 INFO c.h.h.t.HelmChartContainer - [POD] test-hivemq-platform-1 [9b8a3da7-5e34-4622-b062-ec92e9c74e74] in helmvolumeclaimtemplatesit was MODIFIED
2025-01-28 21:20:52,159 INFO c.h.h.t.HelmChartContainer - [hivemq-test-hivemq-platform] [hivemq-platform-operator] [68e05e19] 21:20:52.157 [pool-6-thread-27] DEBUG c.h.p.o.dependants.PodInfoConfigMap - [helmvolu] Desired PodInfo ConfigMap (1 extensions) (1 enabled)
2025-01-28 21:20:52,159 INFO c.h.h.t.HelmChartContainer - [hivemq-test-hivemq-platform] [hivemq-platform-operator] [68e05e19] 21:20:52.157 [pool-6-thread-27] DEBUG c.h.p.o.dependants.PodInfoConfigMap - [helmvolu] Desired PodInfo ConfigMap (metrics port: 9399) (metrics path: /)
2025-01-28 21:20:52,159 INFO c.h.h.t.HelmChartContainer - [hivemq-test-hivemq-platform] [hivemq-platform-operator] [68e05e19] 21:20:52.157 [pool-6-thread-27] DEBUG c.h.p.o.dependants.PodInfoConfigMap - [helmvolu] Desired PodInfo ConfigMap (extension state hash: -1817474005)
2025-01-28 21:20:52,159 INFO c.h.h.t.HelmChartContainer - [hivemq-test-hivemq-platform] [hivemq-platform-operator] [68e05e19] 21:20:52.158 [pool-6-thread-23] DEBUG c.h.p.o.d.PodServiceAccountResource - [helmvolu] Desired PodServiceAccountResource (serviceAccountName: hivemq-platform-pod-test-hivemq-platform)
2025-01-28 21:20:52,163 INFO c.h.h.t.HelmChartContainer - [hivemq-test-hivemq-platform] [hivemq-platform-operator] [68e05e19] 21:20:52.160 [pool-6-thread-24] DEBUG c.h.p.o.d.PlatformServiceResource - [helmvolu] Desired Platform services (3 services)
2025-01-28 21:20:52,170 INFO c.h.h.t.HelmChartContainer - [hivemq-test-hivemq-platform] [hivemq-platform-operator] [68e05e19] 21:20:52.169 [pool-6-thread-24] DEBUG c.h.p.o.d.StatefulSetResource - [helmvolu] Desired StatefulSet (2 replicas) for status STARTING (READY)
2025-01-28 21:20:52,237 INFO c.h.h.t.HelmChartContainer - [hivemq-test-hivemq-platform] [hivemq-platform-operator] [68e05e19] 21:20:52.234 [ReconcilerExecutor-hivemq-controller-125] INFO  c.h.p.o.HiveMQPlatformReconciler - [helmvolu] Reconciling HiveMQ Platform 'test-hivemq-platform' in namespace 'helmvolumeclaimtemplatesit'
2025-01-28 21:20:52,237 INFO c.h.h.t.HelmChartContainer - [hivemq-test-hivemq-platform] [hivemq-platform-operator] [68e05e19] 21:20:52.234 [ReconcilerExecutor-hivemq-controller-125] DEBUG c.h.p.o.HiveMQPlatformReconciler - [helmvolu] Custom Resource Status STARTING - HiveMQ Platform is starting (READY)
2025-01-28 21:20:52,238 INFO c.h.h.t.HelmChartContainer - [hivemq-test-hivemq-platform] [hivemq-platform-operator] [68e05e19] 21:20:52.234 [ReconcilerExecutor-hivemq-controller-125] DEBUG c.h.p.o.HiveMQPlatformReconciler - [helmvolu] Custom Resource Spec (replicas: 2) (extensions: 1)
2025-01-28 21:20:52,238 INFO c.h.h.t.HelmChartContainer - [hivemq-test-hivemq-platform] [hivemq-platform-operator] [68e05e19] 21:20:52.235 [ReconcilerExecutor-hivemq-controller-125] DEBUG c.h.p.o.HiveMQPlatformReconciler - [helmvolu] StatefulSet Status (revision: test-hivemq-platform-6c7bb94cbd, replicas: 2, available: 2, ready: 2, current: 2, updated: 2)
2025-01-28 21:20:52,238 INFO c.h.h.t.HelmChartContainer - [hivemq-test-hivemq-platform] [hivemq-platform-operator] [68e05e19] 21:20:52.235 [ReconcilerExecutor-hivemq-controller-125] DEBUG c.h.p.o.HiveMQPlatformReconciler - [helmvolu] StatefulSet Spec (replicas: 2, init containers: 1, containers: 1, volumes: 4)
2025-01-28 21:20:52,238 INFO c.h.h.t.HelmChartContainer - [hivemq-test-hivemq-platform] [hivemq-platform-operator] [68e05e19] 21:20:52.236 [ReconcilerExecutor-hivemq-controller-125] DEBUG c.h.p.o.h.HiveMQPlatformReconcilerErrorHandler - [helmvolu] Pod 'test-hivemq-platform-1' phase Running
2025-01-28 21:20:52,239 INFO c.h.h.t.HelmChartContainer - [hivemq-test-hivemq-platform] [hivemq-platform-operator] [68e05e19] 21:20:52.237 [ReconcilerExecutor-hivemq-controller-125] DEBUG c.h.p.o.h.HiveMQPlatformReconcilerErrorHandler - [helmvolu] Pod 'test-hivemq-platform-0' phase Running
2025-01-28 21:20:52,239 INFO c.h.h.t.HelmChartContainer - [hivemq-test-hivemq-platform] [hivemq-platform-operator] [68e05e19] 21:20:52.238 [ReconcilerExecutor-hivemq-controller-125] INFO  c.h.p.o.h.HiveMQPlatformReconcilerBaseHandler - [helmvolu] HiveMQ Platform started successfully
2025-01-28 21:20:52,436 INFO c.h.h.t.HelmChartContainer - [hivemq-test-hivemq-platform] [hivemq-platform-operator] [68e05e19] 21:20:52.435 [ReconcilerExecutor-hivemq-controller-125] DEBUG c.h.p.operator.event.EventSender - [helmvolu] Creating K8s event hivemq-platform-ready: [Ready] HiveMQ Platform is ready
2025-01-28 21:20:52,445 INFO c.h.h.t.HelmChartContainer - [EVENT] Normal [Ready] HiveMQ Platform is ready [helmvolumeclaimtemplatesit:test-hivemq-platform]
2025-01-28 21:20:52,447 INFO c.h.h.t.HelmChartContainer - [hivemq-test-hivemq-platform] [hivemq-platform-operator] [68e05e19] 21:20:52.445 [ReconcilerExecutor-hivemq-controller-125] INFO  c.h.p.o.h.AbstractHiveMQReconcilerStateHandler - [helmvolu] Update HiveMQ Platform Status (STARTING [READY] -> RUNNING [READY]): HiveMQ Platform is ready
2025-01-28 21:20:52,455 DEBUG com.hivemq.helmcharts.util.K8sUtil - Comparing actual state 'RUNNING' and waiting for 'RUNNING'
2025-01-28 21:20:52,461 INFO c.h.h.t.HelmChartContainer - [hivemq-test-hivemq-platform] [hivemq-platform-operator] [68e05e19] 21:20:52.459 [pool-6-thread-33] DEBUG c.h.p.o.d.PlatformServiceResource - [helmvolu] Desired Platform services (3 services)
2025-01-28 21:20:52,463 INFO c.h.h.t.HelmChartContainer - [hivemq-test-hivemq-platform] [hivemq-platform-operator] [68e05e19] 21:20:52.461 [pool-6-thread-37] DEBUG c.h.p.o.d.PodServiceAccountResource - [helmvolu] Desired PodServiceAccountResource (serviceAccountName: hivemq-platform-pod-test-hivemq-platform)
2025-01-28 21:20:52,537 INFO c.h.h.t.HelmChartContainer - [hivemq-test-hivemq-platform] [hivemq-platform-operator] [68e05e19] 21:20:52.532 [pool-6-thread-35] DEBUG c.h.p.o.dependants.PodInfoConfigMap - [helmvolu] Desired PodInfo ConfigMap (1 extensions) (1 enabled)
2025-01-28 21:20:52,537 INFO c.h.h.t.HelmChartContainer - [hivemq-test-hivemq-platform] [hivemq-platform-operator] [68e05e19] 21:20:52.532 [pool-6-thread-35] DEBUG c.h.p.o.dependants.PodInfoConfigMap - [helmvolu] Desired PodInfo ConfigMap (metrics port: 9399) (metrics path: /)
2025-01-28 21:20:52,537 INFO c.h.h.t.HelmChartContainer - [hivemq-test-hivemq-platform] [hivemq-platform-operator] [68e05e19] 21:20:52.532 [pool-6-thread-35] DEBUG c.h.p.o.dependants.PodInfoConfigMap - [helmvolu] Desired PodInfo ConfigMap (extension state hash: -1817474005)
2025-01-28 21:20:52,537 INFO c.h.h.t.HelmChartContainer - [hivemq-test-hivemq-platform] [hivemq-platform-operator] [68e05e19] 21:20:52.532 [pool-6-thread-35] DEBUG c.h.p.o.dependants.PodInfoConfigMap - [helmvolu] Update PodInfo ConfigMap
2025-01-28 21:20:52,545 INFO c.h.h.t.HelmChartContainer - [hivemq-test-hivemq-platform] [hivemq-platform-operator] [68e05e19] 21:20:52.543 [pool-6-thread-35] DEBUG c.h.p.o.d.StatefulSetResource - [helmvolu] Desired StatefulSet (2 replicas) for status RUNNING (READY)
2025-01-28 21:20:52,550 INFO c.h.h.t.HelmChartContainer - [hivemq-test-hivemq-platform] [hivemq-platform-operator] [68e05e19] 21:20:52.547 [ReconcilerExecutor-hivemq-controller-126] INFO  c.h.p.o.HiveMQPlatformReconciler - [helmvolu] Reconciling HiveMQ Platform 'test-hivemq-platform' in namespace 'helmvolumeclaimtemplatesit'
2025-01-28 21:20:52,551 INFO c.h.h.t.HelmChartContainer - [hivemq-test-hivemq-platform] [hivemq-platform-operator] [68e05e19] 21:20:52.548 [ReconcilerExecutor-hivemq-controller-126] DEBUG c.h.p.o.HiveMQPlatformReconciler - [helmvolu] Custom Resource Status RUNNING - HiveMQ Platform is ready (READY)
2025-01-28 21:20:52,552 INFO c.h.h.t.HelmChartContainer - [hivemq-test-hivemq-platform] [hivemq-platform-operator] [68e05e19] 21:20:52.548 [ReconcilerExecutor-hivemq-controller-126] DEBUG c.h.p.o.HiveMQPlatformReconciler - [helmvolu] Custom Resource Spec (replicas: 2) (extensions: 1)
2025-01-28 21:20:52,552 INFO c.h.h.t.HelmChartContainer - [hivemq-test-hivemq-platform] [hivemq-platform-operator] [68e05e19] 21:20:52.549 [ReconcilerExecutor-hivemq-controller-126] DEBUG c.h.p.o.HiveMQPlatformReconciler - [helmvolu] StatefulSet Status (revision: test-hivemq-platform-6c7bb94cbd, replicas: 2, available: 2, ready: 2, current: 2, updated: 2)
2025-01-28 21:20:52,552 INFO c.h.h.t.HelmChartContainer - [hivemq-test-hivemq-platform] [hivemq-platform-operator] [68e05e19] 21:20:52.549 [ReconcilerExecutor-hivemq-controller-126] DEBUG c.h.p.o.HiveMQPlatformReconciler - [helmvolu] StatefulSet Spec (replicas: 2, init containers: 1, containers: 1, volumes: 4)
2025-01-28 21:20:52,554 INFO c.h.h.t.HelmChartContainer - [hivemq-test-hivemq-platform] [hivemq-platform-operator] [68e05e19] 21:20:52.553 [ReconcilerExecutor-hivemq-controller-126] DEBUG c.h.p.o.h.HiveMQPlatformReconcilerErrorHandler - [helmvolu] Pod 'test-hivemq-platform-1' phase Running
2025-01-28 21:20:52,634 INFO c.h.h.t.HelmChartContainer - [hivemq-test-hivemq-platform] [hivemq-platform-operator] [68e05e19] 21:20:52.633 [ReconcilerExecutor-hivemq-controller-126] DEBUG c.h.p.o.h.HiveMQPlatformReconcilerErrorHandler - [helmvolu] Pod 'test-hivemq-platform-0' phase Running
2025-01-28 21:20:54,600 DEBUG com.hivemq.helmcharts.util.PodUtil - Received status for command '[touch, /opt/hivemq/data/test-hivemq-platform-0.txt]' on pod 'test-hivemq-platform-0' (exit code: 0)
2025-01-28 21:20:54,698 DEBUG com.hivemq.helmcharts.util.PodUtil - Received status for command '[sh, -c, echo -n 'Persisted content for pod test-hivemq-platform-0' >> /opt/hivemq/data/test-hivemq-platform-0.txt]' on pod 'test-hivemq-platform-0' (exit code: 0)
2025-01-28 21:20:54,780 DEBUG com.hivemq.helmcharts.util.PodUtil - Received status for command '[touch, /opt/hivemq/data/test-hivemq-platform-1.txt]' on pod 'test-hivemq-platform-1' (exit code: 0)
2025-01-28 21:20:54,865 DEBUG com.hivemq.helmcharts.util.PodUtil - Received status for command '[sh, -c, echo -n 'Persisted content for pod test-hivemq-platform-1' >> /opt/hivemq/data/test-hivemq-platform-1.txt]' on pod 'test-hivemq-platform-1' (exit code: 0)
2025-01-28 21:20:54,890 DEBUG com.hivemq.helmcharts.util.K8sUtil - Comparing actual state 'RUNNING' and waiting for 'ROLLING_RESTART'
2025-01-28 21:20:54,893 INFO c.h.h.t.HelmChartContainer - [hivemq-test-hivemq-platform] [hivemq-platform-operator] [68e05e19] 21:20:54.889 [pool-6-thread-43] DEBUG c.h.p.o.d.PlatformServiceResource - [helmvolu] Desired Platform services (3 services)
2025-01-28 21:20:54,893 INFO c.h.h.t.HelmChartContainer - [hivemq-test-hivemq-platform] [hivemq-platform-operator] [68e05e19] 21:20:54.890 [pool-6-thread-48] DEBUG c.h.p.o.d.PodServiceAccountResource - [helmvolu] Desired PodServiceAccountResource (serviceAccountName: hivemq-platform-pod-test-hivemq-platform)
2025-01-28 21:20:54,897 INFO c.h.h.t.HelmChartContainer - [hivemq-test-hivemq-platform] [hivemq-platform-operator] [68e05e19] 21:20:54.894 [pool-6-thread-46] DEBUG c.h.p.o.dependants.PodInfoConfigMap - [helmvolu] Desired PodInfo ConfigMap (1 extensions) (1 enabled)
2025-01-28 21:20:54,897 INFO c.h.h.t.HelmChartContainer - [hivemq-test-hivemq-platform] [hivemq-platform-operator] [68e05e19] 21:20:54.894 [pool-6-thread-46] DEBUG c.h.p.o.dependants.PodInfoConfigMap - [helmvolu] Desired PodInfo ConfigMap (metrics port: 9399) (metrics path: /)
2025-01-28 21:20:54,897 INFO c.h.h.t.HelmChartContainer - [hivemq-test-hivemq-platform] [hivemq-platform-operator] [68e05e19] 21:20:54.894 [pool-6-thread-46] DEBUG c.h.p.o.dependants.PodInfoConfigMap - [helmvolu] Desired PodInfo ConfigMap (extension state hash: -1817474005)
2025-01-28 21:20:54,901 INFO c.h.h.t.HelmChartContainer - [hivemq-test-hivemq-platform] [hivemq-platform-operator] [68e05e19] 21:20:54.900 [pool-6-thread-41] DEBUG c.h.p.o.d.StatefulSetResource - [helmvolu] Desired StatefulSet (2 replicas) for status RUNNING (READY)
2025-01-28 21:20:54,905 INFO c.h.h.t.HelmChartContainer - [hivemq-test-hivemq-platform] [hivemq-platform-operator] [68e05e19] 21:20:54.904 [pool-6-thread-41] DEBUG c.h.p.o.d.StatefulSetResource - [helmvolu] Update StatefulSet (replicas: 2 -> 2)
2025-01-28 21:20:54,907 INFO c.h.h.t.HelmChartContainer - [hivemq-test-hivemq-platform] [hivemq-platform-operator] [68e05e19] 21:20:54.905 [pool-6-thread-41] DEBUG c.h.p.o.d.StatefulSetResource - [helmvolu] Detected change in StatefulSet specification (path: /template/metadata/annotations/kubernetes-resource-versions) (actual value: {broker-configuration-v2=-2089688360}) (target value: {broker-configuration-v2=1242811043})
2025-01-28 21:20:54,908 INFO c.h.h.t.HelmChartContainer - [hivemq-test-hivemq-platform] [hivemq-platform-operator] [68e05e19] 21:20:54.905 [pool-6-thread-41] INFO  c.h.p.o.d.StatefulSetResource - [helmvolu] StatefulSet spec was updated, triggering rolling restart
2025-01-28 21:20:54,989 INFO c.h.h.t.HelmChartContainer - [hivemq-test-hivemq-platform] [hivemq-platform-operator] [68e05e19] 21:20:54.987 [ReconcilerExecutor-hivemq-controller-127] INFO  c.h.p.o.HiveMQPlatformReconciler - [helmvolu] Reconciling HiveMQ Platform 'test-hivemq-platform' in namespace 'helmvolumeclaimtemplatesit'
2025-01-28 21:20:54,989 INFO c.h.h.t.HelmChartContainer - [hivemq-test-hivemq-platform] [hivemq-platform-operator] [68e05e19] 21:20:54.987 [ReconcilerExecutor-hivemq-controller-127] DEBUG c.h.p.o.HiveMQPlatformReconciler - [helmvolu] Custom Resource Status RUNNING - HiveMQ Platform is ready (READY) (reconciliation requests: ROLLING_RESTART, REQUESTS_UPDATED)
2025-01-28 21:20:54,990 INFO c.h.h.t.HelmChartContainer - [hivemq-test-hivemq-platform] [hivemq-platform-operator] [68e05e19] 21:20:54.988 [ReconcilerExecutor-hivemq-controller-127] DEBUG c.h.p.o.HiveMQPlatformReconciler - [helmvolu] Custom Resource Spec (replicas: 2) (extensions: 1)
2025-01-28 21:20:54,993 INFO c.h.h.t.HelmChartContainer - [hivemq-test-hivemq-platform] [hivemq-platform-operator] [68e05e19] 21:20:54.991 [ReconcilerExecutor-hivemq-controller-127] DEBUG c.h.p.o.HiveMQPlatformReconciler - [helmvolu] StatefulSet Status (revision: test-hivemq-platform-59475f86c9, replicas: 2, available: 2, ready: 2, current: 2, updated: 0)
2025-01-28 21:20:54,994 INFO c.h.h.t.HelmChartContainer - [hivemq-test-hivemq-platform] [hivemq-platform-operator] [68e05e19] 21:20:54.991 [ReconcilerExecutor-hivemq-controller-127] DEBUG c.h.p.o.HiveMQPlatformReconciler - [helmvolu] StatefulSet Spec (replicas: 2, init containers: 1, containers: 1, volumes: 4)
2025-01-28 21:20:54,994 INFO c.h.h.t.HelmChartContainer - [hivemq-test-hivemq-platform] [hivemq-platform-operator] [68e05e19] 21:20:54.992 [ReconcilerExecutor-hivemq-controller-127] DEBUG c.h.p.o.h.HiveMQPlatformReconcilerErrorHandler - [helmvolu] Pod 'test-hivemq-platform-1' phase Running
2025-01-28 21:20:54,996 INFO c.h.h.t.HelmChartContainer - [hivemq-test-hivemq-platform] [hivemq-platform-operator] [68e05e19] 21:20:54.995 [ReconcilerExecutor-hivemq-controller-127] DEBUG c.h.p.o.h.HiveMQPlatformReconcilerErrorHandler - [helmvolu] Pod 'test-hivemq-platform-0' phase Running
2025-01-28 21:20:54,997 INFO c.h.h.t.HelmChartContainer - [hivemq-test-hivemq-platform] [hivemq-platform-operator] [68e05e19] 21:20:54.995 [ReconcilerExecutor-hivemq-controller-127] INFO  c.h.p.o.h.HiveMQPlatformReconcilerBaseHandler - [helmvolu] Started rolling restart (scaling to 3 replicas)
2025-01-28 21:20:55,095 INFO c.h.h.t.HelmChartContainer - [hivemq-test-hivemq-platform] [hivemq-platform-operator] [68e05e19] 21:20:55.094 [ReconcilerExecutor-hivemq-controller-127] DEBUG c.h.p.operator.event.EventSender - [helmvolu] Creating K8s event rolling-restart-started: [RollingRestart] HiveMQ Platform is starting a surge Pod (rolling restart)
2025-01-28 21:20:55,100 INFO c.h.h.t.HelmChartContainer - [EVENT] Normal [RollingRestart] HiveMQ Platform is starting a surge Pod (rolling restart) [helmvolumeclaimtemplatesit:test-hivemq-platform]
2025-01-28 21:20:55,101 INFO c.h.h.t.HelmChartContainer - [hivemq-test-hivemq-platform] [hivemq-platform-operator] [68e05e19] 21:20:55.099 [ReconcilerExecutor-hivemq-controller-127] INFO  c.h.p.o.h.AbstractHiveMQReconcilerStateHandler - [helmvolu] Update HiveMQ Platform Status (RUNNING [READY] -> ROLLING_RESTART [SURGE_IN_PROGRESS]): HiveMQ Platform is starting a surge Pod (rolling restart)
2025-01-28 21:20:55,110 DEBUG com.hivemq.helmcharts.util.K8sUtil - Comparing actual state 'ROLLING_RESTART' and waiting for 'ROLLING_RESTART'
2025-01-28 21:20:55,114 DEBUG com.hivemq.helmcharts.util.K8sUtil - Comparing actual state 'ROLLING_RESTART' and waiting for 'RUNNING'
2025-01-28 21:20:55,192 INFO c.h.h.t.HelmChartContainer - [hivemq-test-hivemq-platform] [hivemq-platform-operator] [68e05e19] 21:20:55.188 [pool-6-thread-3] DEBUG c.h.p.o.d.PlatformServiceResource - [helmvolu] Desired Platform services (3 services)
2025-01-28 21:20:55,192 INFO c.h.h.t.HelmChartContainer - [hivemq-test-hivemq-platform] [hivemq-platform-operator] [68e05e19] 21:20:55.188 [pool-6-thread-1] DEBUG c.h.p.o.dependants.PodInfoConfigMap - [helmvolu] Desired PodInfo ConfigMap (1 extensions) (1 enabled)
2025-01-28 21:20:55,192 INFO c.h.h.t.HelmChartContainer - [hivemq-test-hivemq-platform] [hivemq-platform-operator] [68e05e19] 21:20:55.188 [pool-6-thread-1] DEBUG c.h.p.o.dependants.PodInfoConfigMap - [helmvolu] Desired PodInfo ConfigMap (metrics port: 9399) (metrics path: /)
2025-01-28 21:20:55,192 INFO c.h.h.t.HelmChartContainer - [hivemq-test-hivemq-platform] [hivemq-platform-operator] [68e05e19] 21:20:55.188 [pool-6-thread-1] DEBUG c.h.p.o.dependants.PodInfoConfigMap - [helmvolu] Desired PodInfo ConfigMap (extension state hash: -1817474005)
2025-01-28 21:20:55,192 INFO c.h.h.t.HelmChartContainer - [hivemq-test-hivemq-platform] [hivemq-platform-operator] [68e05e19] 21:20:55.189 [pool-6-thread-1] DEBUG c.h.p.o.dependants.PodInfoConfigMap - [helmvolu] Update PodInfo ConfigMap
2025-01-28 21:20:55,192 INFO c.h.h.t.HelmChartContainer - [hivemq-test-hivemq-platform] [hivemq-platform-operator] [68e05e19] 21:20:55.189 [pool-6-thread-6] DEBUG c.h.p.o.d.PodServiceAccountResource - [helmvolu] Desired PodServiceAccountResource (serviceAccountName: hivemq-platform-pod-test-hivemq-platform)
2025-01-28 21:20:55,200 INFO c.h.h.t.HelmChartContainer - [hivemq-test-hivemq-platform] [hivemq-platform-operator] [68e05e19] 21:20:55.198 [pool-6-thread-1] DEBUG c.h.p.o.d.StatefulSetResource - [helmvolu] Desired StatefulSet (3 replicas) for status ROLLING_RESTART (SURGE_IN_PROGRESS)
2025-01-28 21:20:55,204 INFO c.h.h.t.HelmChartContainer - [hivemq-test-hivemq-platform] [hivemq-platform-operator] [68e05e19] 21:20:55.203 [pool-6-thread-1] DEBUG c.h.p.o.d.StatefulSetResource - [helmvolu] Update StatefulSet (replicas: 2 -> 3)
2025-01-28 21:20:55,249 INFO c.h.h.t.HelmChartContainer - [EVENT] Normal [SuccessfulCreate] create Claim hivemq-pvc-data-test-hivemq-platform-2 Pod test-hivemq-platform-2 in StatefulSet test-hivemq-platform success [helmvolumeclaimtemplatesit:test-hivemq-platform]
2025-01-28 21:20:55,249 INFO c.h.h.t.HelmChartContainer - [EVENT] Normal [WaitForFirstConsumer] waiting for first consumer to be created before binding [helmvolumeclaimtemplatesit:hivemq-pvc-data-test-hivemq-platform-2]
2025-01-28 21:20:55,253 INFO c.h.h.t.HelmChartContainer - [POD] test-hivemq-platform-2 [49cfa83b-de70-4fb8-8087-4cdfd102438c] in helmvolumeclaimtemplatesit was ADDED
2025-01-28 21:20:55,256 INFO c.h.h.t.HelmChartContainer - [EVENT] Normal [SuccessfulCreate] create Pod test-hivemq-platform-2 in StatefulSet test-hivemq-platform successful [helmvolumeclaimtemplatesit:test-hivemq-platform]
2025-01-28 21:20:55,267 INFO c.h.h.t.HelmChartContainer - [EVENT] Normal [ExternalProvisioning] Waiting for a volume to be created either by the external provisioner 'rancher.io/local-path' or manually by the system administrator. If volume creation is delayed, please verify that the provisioner is running and correctly registered. [helmvolumeclaimtemplatesit:hivemq-pvc-data-test-hivemq-platform-2]
2025-01-28 21:20:55,275 INFO c.h.h.t.HelmChartContainer - [EVENT] Normal [Provisioning] External provisioner is provisioning volume for claim "helmvolumeclaimtemplatesit/hivemq-pvc-data-test-hivemq-platform-2" [helmvolumeclaimtemplatesit:hivemq-pvc-data-test-hivemq-platform-2]
2025-01-28 21:20:55,276 INFO c.h.h.t.HelmChartContainer - [EVENT] Normal [ExternalProvisioning] Waiting for a volume to be created either by the external provisioner 'rancher.io/local-path' or manually by the system administrator. If volume creation is delayed, please verify that the provisioner is running and correctly registered. [helmvolumeclaimtemplatesit:hivemq-pvc-data-test-hivemq-platform-2]
2025-01-28 21:20:55,294 INFO c.h.h.t.HelmChartContainer - [hivemq-test-hivemq-platform] [hivemq-platform-operator] [68e05e19] 21:20:55.293 [ReconcilerExecutor-hivemq-controller-128] INFO  c.h.p.o.HiveMQPlatformReconciler - [helmvolu] Reconciling HiveMQ Platform 'test-hivemq-platform' in namespace 'helmvolumeclaimtemplatesit'
2025-01-28 21:20:55,297 INFO c.h.h.t.HelmChartContainer - [hivemq-test-hivemq-platform] [hivemq-platform-operator] [68e05e19] 21:20:55.293 [ReconcilerExecutor-hivemq-controller-128] DEBUG c.h.p.o.HiveMQPlatformReconciler - [helmvolu] Custom Resource Status ROLLING_RESTART - HiveMQ Platform is starting a surge Pod (rolling restart) (SURGE_IN_PROGRESS)
2025-01-28 21:20:55,298 INFO c.h.h.t.HelmChartContainer - [hivemq-test-hivemq-platform] [hivemq-platform-operator] [68e05e19] 21:20:55.294 [ReconcilerExecutor-hivemq-controller-128] DEBUG c.h.p.o.HiveMQPlatformReconciler - [helmvolu] Custom Resource Spec (replicas: 2) (extensions: 1)
2025-01-28 21:20:55,298 INFO c.h.h.t.HelmChartContainer - [hivemq-test-hivemq-platform] [hivemq-platform-operator] [68e05e19] 21:20:55.295 [ReconcilerExecutor-hivemq-controller-128] DEBUG c.h.p.o.HiveMQPlatformReconciler - [helmvolu] StatefulSet Status (revision: test-hivemq-platform-59475f86c9, replicas: 2, available: 2, ready: 2, current: 2, updated: 0)
2025-01-28 21:20:55,298 INFO c.h.h.t.HelmChartContainer - [hivemq-test-hivemq-platform] [hivemq-platform-operator] [68e05e19] 21:20:55.295 [ReconcilerExecutor-hivemq-controller-128] DEBUG c.h.p.o.HiveMQPlatformReconciler - [helmvolu] StatefulSet Spec (replicas: 3, init containers: 1, containers: 1, volumes: 4)
2025-01-28 21:20:55,298 INFO c.h.h.t.HelmChartContainer - [hivemq-test-hivemq-platform] [hivemq-platform-operator] [68e05e19] 21:20:55.296 [ReconcilerExecutor-hivemq-controller-128] DEBUG c.h.p.o.h.HiveMQPlatformReconcilerErrorHandler - [helmvolu] Pod 'test-hivemq-platform-2' phase Pending
2025-01-28 21:20:55,302 INFO c.h.h.t.HelmChartContainer - [hivemq-test-hivemq-platform] [hivemq-platform-operator] [68e05e19] 21:20:55.300 [ReconcilerExecutor-hivemq-controller-128] DEBUG c.h.p.o.h.HiveMQPlatformReconcilerErrorHandler - [helmvolu] Pod 'test-hivemq-platform-1' phase Running
2025-01-28 21:20:55,309 INFO c.h.h.t.HelmChartContainer - [hivemq-test-hivemq-platform] [hivemq-platform-operator] [68e05e19] 21:20:55.302 [ReconcilerExecutor-hivemq-controller-128] DEBUG c.h.p.o.h.HiveMQPlatformReconcilerErrorHandler - [helmvolu] Pod 'test-hivemq-platform-0' phase Running
2025-01-28 21:20:55,310 INFO c.h.h.t.HelmChartContainer - [hivemq-test-hivemq-platform] [hivemq-platform-operator] [68e05e19] 21:20:55.304 [ReconcilerExecutor-hivemq-controller-128] DEBUG c.h.p.o.h.HiveMQPlatformReconcilerRollingRestartHandler - [helmvolu] Rolling restart is waiting for 2 of 3 replicas
2025-01-28 21:20:55,316 INFO c.h.h.t.HelmChartContainer - [hivemq-test-hivemq-platform] [hivemq-platform-operator] [68e05e19] 21:20:55.314 [pool-6-thread-15] DEBUG c.h.p.o.d.PlatformServiceResource - [helmvolu] Desired Platform services (3 services)
2025-01-28 21:20:55,349 INFO c.h.h.t.HelmChartContainer - [POD] helper-pod-create-pvc-7b3bb804-43f4-418b-a5cd-44c0d241ffc8 [eff3f362-a978-4f8a-b0f4-2f11d20689f3] in kube-system was ADDED
2025-01-28 21:20:55,356 INFO c.h.h.t.HelmChartContainer - [POD] helper-pod-create-pvc-7b3bb804-43f4-418b-a5cd-44c0d241ffc8 [eff3f362-a978-4f8a-b0f4-2f11d20689f3] in kube-system was MODIFIED
2025-01-28 21:20:55,388 INFO c.h.h.t.HelmChartContainer - [hivemq-test-hivemq-platform] [hivemq-platform-operator] [68e05e19] 21:20:55.386 [pool-6-thread-14] DEBUG c.h.p.o.dependants.PodInfoConfigMap - [helmvolu] Desired PodInfo ConfigMap (1 extensions) (1 enabled)
2025-01-28 21:20:55,391 INFO c.h.h.t.HelmChartContainer - [hivemq-test-hivemq-platform] [hivemq-platform-operator] [68e05e19] 21:20:55.388 [pool-6-thread-14] DEBUG c.h.p.o.dependants.PodInfoConfigMap - [helmvolu] Desired PodInfo ConfigMap (metrics port: 9399) (metrics path: /)
2025-01-28 21:20:55,391 INFO c.h.h.t.HelmChartContainer - [hivemq-test-hivemq-platform] [hivemq-platform-operator] [68e05e19] 21:20:55.388 [pool-6-thread-14] DEBUG c.h.p.o.dependants.PodInfoConfigMap - [helmvolu] Desired PodInfo ConfigMap (extension state hash: -1817474005)
2025-01-28 21:20:55,391 INFO c.h.h.t.HelmChartContainer - [hivemq-test-hivemq-platform] [hivemq-platform-operator] [68e05e19] 21:20:55.388 [pool-6-thread-20] DEBUG c.h.p.o.d.PodServiceAccountResource - [helmvolu] Desired PodServiceAccountResource (serviceAccountName: hivemq-platform-pod-test-hivemq-platform)
2025-01-28 21:20:55,396 INFO c.h.h.t.HelmChartContainer - [hivemq-test-hivemq-platform] [hivemq-platform-operator] [68e05e19] 21:20:55.394 [pool-6-thread-15] DEBUG c.h.p.o.d.StatefulSetResource - [helmvolu] Desired StatefulSet (3 replicas) for status ROLLING_RESTART (SURGE_IN_PROGRESS)
2025-01-28 21:20:55,399 INFO c.h.h.t.HelmChartContainer - [hivemq-test-hivemq-platform] [hivemq-platform-operator] [68e05e19] 21:20:55.398 [ReconcilerExecutor-hivemq-controller-130] INFO  c.h.p.o.HiveMQPlatformReconciler - [helmvolu] Reconciling HiveMQ Platform 'test-hivemq-platform' in namespace 'helmvolumeclaimtemplatesit'
2025-01-28 21:20:55,399 INFO c.h.h.t.HelmChartContainer - [hivemq-test-hivemq-platform] [hivemq-platform-operator] [68e05e19] 21:20:55.398 [ReconcilerExecutor-hivemq-controller-130] DEBUG c.h.p.o.HiveMQPlatformReconciler - [helmvolu] Custom Resource Status ROLLING_RESTART - HiveMQ Platform is starting a surge Pod (rolling restart) (SURGE_IN_PROGRESS)
2025-01-28 21:20:55,399 INFO c.h.h.t.HelmChartContainer - [hivemq-test-hivemq-platform] [hivemq-platform-operator] [68e05e19] 21:20:55.398 [ReconcilerExecutor-hivemq-controller-130] DEBUG c.h.p.o.HiveMQPlatformReconciler - [helmvolu] Custom Resource Spec (replicas: 2) (extensions: 1)
2025-01-28 21:20:55,403 INFO c.h.h.t.HelmChartContainer - [hivemq-test-hivemq-platform] [hivemq-platform-operator] [68e05e19] 21:20:55.401 [ReconcilerExecutor-hivemq-controller-130] DEBUG c.h.p.o.HiveMQPlatformReconciler - [helmvolu] StatefulSet Status (revision: test-hivemq-platform-59475f86c9, replicas: 3, available: 2, ready: 2, current: 2, updated: 1)
2025-01-28 21:20:55,403 INFO c.h.h.t.HelmChartContainer - [hivemq-test-hivemq-platform] [hivemq-platform-operator] [68e05e19] 21:20:55.401 [ReconcilerExecutor-hivemq-controller-130] DEBUG c.h.p.o.HiveMQPlatformReconciler - [helmvolu] StatefulSet Spec (replicas: 3, init containers: 1, containers: 1, volumes: 4)
2025-01-28 21:20:55,433 INFO c.h.h.t.HelmChartContainer - [hivemq-test-hivemq-platform] [hivemq-platform-operator] [68e05e19] 21:20:55.432 [ReconcilerExecutor-hivemq-controller-130] DEBUG c.h.p.o.h.HiveMQPlatformReconcilerErrorHandler - [helmvolu] Pod 'test-hivemq-platform-2' phase Pending
2025-01-28 21:20:55,435 INFO c.h.h.t.HelmChartContainer - [hivemq-test-hivemq-platform] [hivemq-platform-operator] [68e05e19] 21:20:55.434 [ReconcilerExecutor-hivemq-controller-130] DEBUG c.h.p.o.h.HiveMQPlatformReconcilerErrorHandler - [helmvolu] Pod 'test-hivemq-platform-1' phase Running
2025-01-28 21:20:55,483 INFO c.h.h.t.HelmChartContainer - [K3S] [reconciler_common.go:251] "operationExecutor.VerifyControllerAttachedVolume started for volume \"data\" (UniqueName: \"kubernetes.io/host-path/eff3f362-a978-4f8a-b0f4-2f11d20689f3-data\") pod \"helper-pod-create-pvc-7b3bb804-43f4-418b-a5cd-44c0d241ffc8\" (UID: \"eff3f362-a978-4f8a-b0f4-2f11d20689f3\") " pod="kube-system/helper-pod-create-pvc-7b3bb804-43f4-418b-a5cd-44c0d241ffc8"
2025-01-28 21:20:55,483 INFO c.h.h.t.HelmChartContainer - [K3S] [reconciler_common.go:251] "operationExecutor.VerifyControllerAttachedVolume started for volume \"script\" (UniqueName: \"kubernetes.io/configmap/eff3f362-a978-4f8a-b0f4-2f11d20689f3-script\") pod \"helper-pod-create-pvc-7b3bb804-43f4-418b-a5cd-44c0d241ffc8\" (UID: \"eff3f362-a978-4f8a-b0f4-2f11d20689f3\") " pod="kube-system/helper-pod-create-pvc-7b3bb804-43f4-418b-a5cd-44c0d241ffc8"
2025-01-28 21:20:55,483 INFO c.h.h.t.HelmChartContainer - [K3S] [reconciler_common.go:251] "operationExecutor.VerifyControllerAttachedVolume started for volume \"kube-api-access-n2flq\" (UniqueName: \"kubernetes.io/projected/eff3f362-a978-4f8a-b0f4-2f11d20689f3-kube-api-access-n2flq\") pod \"helper-pod-create-pvc-7b3bb804-43f4-418b-a5cd-44c0d241ffc8\" (UID: \"eff3f362-a978-4f8a-b0f4-2f11d20689f3\") " pod="kube-system/helper-pod-create-pvc-7b3bb804-43f4-418b-a5cd-44c0d241ffc8"
2025-01-28 21:20:55,487 INFO c.h.h.t.HelmChartContainer - [hivemq-test-hivemq-platform] [hivemq-platform-operator] [68e05e19] 21:20:55.486 [ReconcilerExecutor-hivemq-controller-130] DEBUG c.h.p.o.h.HiveMQPlatformReconcilerErrorHandler - [helmvolu] Pod 'test-hivemq-platform-0' phase Running
2025-01-28 21:20:55,488 INFO c.h.h.t.HelmChartContainer - [hivemq-test-hivemq-platform] [hivemq-platform-operator] [68e05e19] 21:20:55.487 [ReconcilerExecutor-hivemq-controller-130] DEBUG c.h.p.o.h.HiveMQPlatformReconcilerRollingRestartHandler - [helmvolu] Rolling restart is waiting for 2 of 3 replicas
2025-01-28 21:20:55,851 INFO c.h.h.t.HelmChartContainer - [POD] helper-pod-create-pvc-7b3bb804-43f4-418b-a5cd-44c0d241ffc8 [eff3f362-a978-4f8a-b0f4-2f11d20689f3] in kube-system was MODIFIED
2025-01-28 21:20:56,930 INFO c.h.h.t.HelmChartContainer - [POD] helper-pod-create-pvc-7b3bb804-43f4-418b-a5cd-44c0d241ffc8 [eff3f362-a978-4f8a-b0f4-2f11d20689f3] in kube-system was MODIFIED
2025-01-28 21:20:56,991 INFO c.h.h.t.HelmChartContainer - [K3S] [reconciler_common.go:162] "operationExecutor.UnmountVolume started for volume \"kube-api-access-n2flq\" (UniqueName: \"kubernetes.io/projected/eff3f362-a978-4f8a-b0f4-2f11d20689f3-kube-api-access-n2flq\") pod \"eff3f362-a978-4f8a-b0f4-2f11d20689f3\" (UID: \"eff3f362-a978-4f8a-b0f4-2f11d20689f3\") "
2025-01-28 21:20:56,991 INFO c.h.h.t.HelmChartContainer - [K3S] [reconciler_common.go:162] "operationExecutor.UnmountVolume started for volume \"data\" (UniqueName: \"kubernetes.io/host-path/eff3f362-a978-4f8a-b0f4-2f11d20689f3-data\") pod \"eff3f362-a978-4f8a-b0f4-2f11d20689f3\" (UID: \"eff3f362-a978-4f8a-b0f4-2f11d20689f3\") "
2025-01-28 21:20:56,991 INFO c.h.h.t.HelmChartContainer - [K3S] [reconciler_common.go:162] "operationExecutor.UnmountVolume started for volume \"script\" (UniqueName: \"kubernetes.io/configmap/eff3f362-a978-4f8a-b0f4-2f11d20689f3-script\") pod \"eff3f362-a978-4f8a-b0f4-2f11d20689f3\" (UID: \"eff3f362-a978-4f8a-b0f4-2f11d20689f3\") "
2025-01-28 21:20:57,092 INFO c.h.h.t.HelmChartContainer - [K3S] [reconciler_common.go:299] "Volume detached for volume \"kube-api-access-n2flq\" (UniqueName: \"kubernetes.io/projected/eff3f362-a978-4f8a-b0f4-2f11d20689f3-kube-api-access-n2flq\") on node \"579ae00a3440\" DevicePath \"\""
2025-01-28 21:20:57,092 INFO c.h.h.t.HelmChartContainer - [K3S] [reconciler_common.go:299] "Volume detached for volume \"data\" (UniqueName: \"kubernetes.io/host-path/eff3f362-a978-4f8a-b0f4-2f11d20689f3-data\") on node \"579ae00a3440\" DevicePath \"\""
2025-01-28 21:20:57,092 INFO c.h.h.t.HelmChartContainer - [K3S] [reconciler_common.go:299] "Volume detached for volume \"script\" (UniqueName: \"kubernetes.io/configmap/eff3f362-a978-4f8a-b0f4-2f11d20689f3-script\") on node \"579ae00a3440\" DevicePath \"\""
2025-01-28 21:20:57,366 INFO c.h.h.t.HelmChartContainer - [POD] helper-pod-create-pvc-7b3bb804-43f4-418b-a5cd-44c0d241ffc8 [eff3f362-a978-4f8a-b0f4-2f11d20689f3] in kube-system was MODIFIED
2025-01-28 21:20:57,370 INFO c.h.h.t.HelmChartContainer - [POD] helper-pod-create-pvc-7b3bb804-43f4-418b-a5cd-44c0d241ffc8 [eff3f362-a978-4f8a-b0f4-2f11d20689f3] in kube-system was DELETED
2025-01-28 21:20:57,376 INFO c.h.h.t.HelmChartContainer - [EVENT] Normal [ProvisioningSucceeded] Successfully provisioned volume pvc-7b3bb804-43f4-418b-a5cd-44c0d241ffc8 [helmvolumeclaimtemplatesit:hivemq-pvc-data-test-hivemq-platform-2]
2025-01-28 21:20:57,404 INFO c.h.h.t.HelmChartContainer - [K3S] [kubelet_volumes.go:163] "Cleaned up orphaned pod volumes dir" podUID="eff3f362-a978-4f8a-b0f4-2f11d20689f3" path="/var/lib/kubelet/pods/eff3f362-a978-4f8a-b0f4-2f11d20689f3/volumes"
2025-01-28 21:20:57,847 INFO c.h.h.t.HelmChartContainer - [K3S] [scope.go:117] "RemoveContainer" containerID="10fb7604529508d16355e722eb3b87e005768c5489f107efee500abe270f562a"
2025-01-28 21:20:58,266 INFO c.h.h.t.HelmChartContainer - [EVENT] Normal [Scheduled] Successfully assigned helmvolumeclaimtemplatesit/test-hivemq-platform-2 to 579ae00a3440 [helmvolumeclaimtemplatesit:test-hivemq-platform-2]
2025-01-28 21:20:58,268 INFO c.h.h.t.HelmChartContainer - [POD] test-hivemq-platform-2 [49cfa83b-de70-4fb8-8087-4cdfd102438c] in helmvolumeclaimtemplatesit was MODIFIED
2025-01-28 21:20:58,269 INFO c.h.h.t.HelmChartContainer - [K3S] [memory_manager.go:355] "RemoveStaleState removing state" podUID="eff3f362-a978-4f8a-b0f4-2f11d20689f3" containerName="helper-pod"
2025-01-28 21:20:58,272 INFO c.h.h.t.HelmChartContainer - [hivemq-test-hivemq-platform] [hivemq-platform-operator] [68e05e19] 21:20:58.270 [pool-6-thread-29] DEBUG c.h.p.o.dependants.PodInfoConfigMap - [helmvolu] Desired PodInfo ConfigMap (1 extensions) (1 enabled)
2025-01-28 21:20:58,272 INFO c.h.h.t.HelmChartContainer - [hivemq-test-hivemq-platform] [hivemq-platform-operator] [68e05e19] 21:20:58.271 [pool-6-thread-22] DEBUG c.h.p.o.d.PodServiceAccountResource - [helmvolu] Desired PodServiceAccountResource (serviceAccountName: hivemq-platform-pod-test-hivemq-platform)
2025-01-28 21:20:58,273 INFO c.h.h.t.HelmChartContainer - [hivemq-test-hivemq-platform] [hivemq-platform-operator] [68e05e19] 21:20:58.270 [pool-6-thread-29] DEBUG c.h.p.o.dependants.PodInfoConfigMap - [helmvolu] Desired PodInfo ConfigMap (metrics port: 9399) (metrics path: /)
2025-01-28 21:20:58,273 INFO c.h.h.t.HelmChartContainer - [hivemq-test-hivemq-platform] [hivemq-platform-operator] [68e05e19] 21:20:58.273 [pool-6-thread-27] DEBUG c.h.p.o.d.PlatformServiceResource - [helmvolu] Desired Platform services (3 services)
2025-01-28 21:20:58,276 INFO c.h.h.t.HelmChartContainer - [hivemq-test-hivemq-platform] [hivemq-platform-operator] [68e05e19] 21:20:58.273 [pool-6-thread-29] DEBUG c.h.p.o.dependants.PodInfoConfigMap - [helmvolu] Desired PodInfo ConfigMap (extension state hash: -1817474005)
2025-01-28 21:20:58,280 INFO c.h.h.t.HelmChartContainer - [POD] test-hivemq-platform-2 [49cfa83b-de70-4fb8-8087-4cdfd102438c] in helmvolumeclaimtemplatesit was MODIFIED
2025-01-28 21:20:58,281 INFO c.h.h.t.HelmChartContainer - [hivemq-test-hivemq-platform] [hivemq-platform-operator] [68e05e19] 21:20:58.278 [pool-6-thread-30] DEBUG c.h.p.o.d.StatefulSetResource - [helmvolu] Desired StatefulSet (3 replicas) for status ROLLING_RESTART (SURGE_IN_PROGRESS)
2025-01-28 21:20:58,285 INFO c.h.h.t.HelmChartContainer - [hivemq-test-hivemq-platform] [hivemq-platform-operator] [68e05e19] 21:20:58.281 [ReconcilerExecutor-hivemq-controller-131] INFO  c.h.p.o.HiveMQPlatformReconciler - [helmvolu] Reconciling HiveMQ Platform 'test-hivemq-platform' in namespace 'helmvolumeclaimtemplatesit'
2025-01-28 21:20:58,285 INFO c.h.h.t.HelmChartContainer - [hivemq-test-hivemq-platform] [hivemq-platform-operator] [68e05e19] 21:20:58.282 [ReconcilerExecutor-hivemq-controller-131] DEBUG c.h.p.o.HiveMQPlatformReconciler - [helmvolu] Custom Resource Status ROLLING_RESTART - HiveMQ Platform is starting a surge Pod (rolling restart) (SURGE_IN_PROGRESS)
2025-01-28 21:20:58,285 INFO c.h.h.t.HelmChartContainer - [hivemq-test-hivemq-platform] [hivemq-platform-operator] [68e05e19] 21:20:58.282 [ReconcilerExecutor-hivemq-controller-131] DEBUG c.h.p.o.HiveMQPlatformReconciler - [helmvolu] Custom Resource Spec (replicas: 2) (extensions: 1)
2025-01-28 21:20:58,285 INFO c.h.h.t.HelmChartContainer - [hivemq-test-hivemq-platform] [hivemq-platform-operator] [68e05e19] 21:20:58.284 [ReconcilerExecutor-hivemq-controller-131] DEBUG c.h.p.o.HiveMQPlatformReconciler - [helmvolu] StatefulSet Status (revision: test-hivemq-platform-59475f86c9, replicas: 3, available: 2, ready: 2, current: 2, updated: 1)
2025-01-28 21:20:58,285 INFO c.h.h.t.HelmChartContainer - [hivemq-test-hivemq-platform] [hivemq-platform-operator] [68e05e19] 21:20:58.284 [ReconcilerExecutor-hivemq-controller-131] DEBUG c.h.p.o.HiveMQPlatformReconciler - [helmvolu] StatefulSet Spec (replicas: 3, init containers: 1, containers: 1, volumes: 4)
2025-01-28 21:20:58,287 INFO c.h.h.t.HelmChartContainer - [hivemq-test-hivemq-platform] [hivemq-platform-operator] [68e05e19] 21:20:58.286 [ReconcilerExecutor-hivemq-controller-131] DEBUG c.h.p.o.h.HiveMQPlatformReconcilerErrorHandler - [helmvolu] Pod 'test-hivemq-platform-2' phase Pending
2025-01-28 21:20:58,287 INFO c.h.h.t.HelmChartContainer - [hivemq-test-hivemq-platform] [hivemq-platform-operator] [68e05e19] 21:20:58.286 [ReconcilerExecutor-hivemq-controller-131] DEBUG c.h.p.o.h.HiveMQPlatformReconcilerErrorHandler - [helmvolu] Pod 'test-hivemq-platform-2' condition 'PodReadyToStartContainers': False
2025-01-28 21:20:58,289 INFO c.h.h.t.HelmChartContainer - [hivemq-test-hivemq-platform] [hivemq-platform-operator] [68e05e19] 21:20:58.286 [ReconcilerExecutor-hivemq-controller-131] DEBUG c.h.p.o.h.HiveMQPlatformReconcilerErrorHandler - [helmvolu] Pod 'test-hivemq-platform-2' condition 'Initialized': False
2025-01-28 21:20:58,289 INFO c.h.h.t.HelmChartContainer - [hivemq-test-hivemq-platform] [hivemq-platform-operator] [68e05e19] 21:20:58.286 [ReconcilerExecutor-hivemq-controller-131] DEBUG c.h.p.o.h.HiveMQPlatformReconcilerErrorHandler - [helmvolu] Pod 'test-hivemq-platform-2' condition 'Ready': False
2025-01-28 21:20:58,289 INFO c.h.h.t.HelmChartContainer - [hivemq-test-hivemq-platform] [hivemq-platform-operator] [68e05e19] 21:20:58.286 [ReconcilerExecutor-hivemq-controller-131] DEBUG c.h.p.o.h.HiveMQPlatformReconcilerErrorHandler - [helmvolu] Pod 'test-hivemq-platform-2' condition 'ContainersReady': False
2025-01-28 21:20:58,289 INFO c.h.h.t.HelmChartContainer - [hivemq-test-hivemq-platform] [hivemq-platform-operator] [68e05e19] 21:20:58.286 [ReconcilerExecutor-hivemq-controller-131] DEBUG c.h.p.o.h.HiveMQPlatformReconcilerErrorHandler - [helmvolu] Pod 'test-hivemq-platform-2' condition 'PodScheduled': True
2025-01-28 21:20:58,289 INFO c.h.h.t.HelmChartContainer - [hivemq-test-hivemq-platform] [hivemq-platform-operator] [68e05e19] 21:20:58.286 [ReconcilerExecutor-hivemq-controller-131] DEBUG c.h.p.o.h.HiveMQPlatformReconcilerErrorHandler - [helmvolu] Pod 'test-hivemq-platform-2' containerStatus 'hivemq' (started: false) (ready: false) (waiting: [PodInitializing] null)
2025-01-28 21:20:58,291 INFO c.h.h.t.HelmChartContainer - [hivemq-test-hivemq-platform] [hivemq-platform-operator] [68e05e19] 21:20:58.289 [ReconcilerExecutor-hivemq-controller-131] DEBUG c.h.p.o.h.HiveMQPlatformReconcilerErrorHandler - [helmvolu] Pod 'test-hivemq-platform-1' phase Running
2025-01-28 21:20:58,291 INFO c.h.h.t.HelmChartContainer - [hivemq-test-hivemq-platform] [hivemq-platform-operator] [68e05e19] 21:20:58.290 [ReconcilerExecutor-hivemq-controller-131] DEBUG c.h.p.o.h.HiveMQPlatformReconcilerErrorHandler - [helmvolu] Pod 'test-hivemq-platform-0' phase Running
2025-01-28 21:20:58,292 INFO c.h.h.t.HelmChartContainer - [hivemq-test-hivemq-platform] [hivemq-platform-operator] [68e05e19] 21:20:58.291 [ReconcilerExecutor-hivemq-controller-131] DEBUG c.h.p.o.h.HiveMQPlatformReconcilerRollingRestartHandler - [helmvolu] Rolling restart is waiting for 2 of 3 replicas
2025-01-28 21:20:58,339 INFO c.h.h.t.HelmChartContainer - [hivemq-test-hivemq-platform] [hivemq-platform-operator] [68e05e19] 21:20:58.334 [pool-6-thread-38] DEBUG c.h.p.o.d.PlatformServiceResource - [helmvolu] Desired Platform services (3 services)
2025-01-28 21:20:58,340 INFO c.h.h.t.HelmChartContainer - [hivemq-test-hivemq-platform] [hivemq-platform-operator] [68e05e19] 21:20:58.334 [pool-6-thread-37] DEBUG c.h.p.o.dependants.PodInfoConfigMap - [helmvolu] Desired PodInfo ConfigMap (1 extensions) (1 enabled)
2025-01-28 21:20:58,340 INFO c.h.h.t.HelmChartContainer - [hivemq-test-hivemq-platform] [hivemq-platform-operator] [68e05e19] 21:20:58.338 [pool-6-thread-37] DEBUG c.h.p.o.dependants.PodInfoConfigMap - [helmvolu] Desired PodInfo ConfigMap (metrics port: 9399) (metrics path: /)
2025-01-28 21:20:58,340 INFO c.h.h.t.HelmChartContainer - [hivemq-test-hivemq-platform] [hivemq-platform-operator] [68e05e19] 21:20:58.338 [pool-6-thread-37] DEBUG c.h.p.o.dependants.PodInfoConfigMap - [helmvolu] Desired PodInfo ConfigMap (extension state hash: -1817474005)
2025-01-28 21:20:58,340 INFO c.h.h.t.HelmChartContainer - [hivemq-test-hivemq-platform] [hivemq-platform-operator] [68e05e19] 21:20:58.339 [pool-6-thread-40] DEBUG c.h.p.o.d.PodServiceAccountResource - [helmvolu] Desired PodServiceAccountResource (serviceAccountName: hivemq-platform-pod-test-hivemq-platform)
2025-01-28 21:20:58,342 INFO c.h.h.t.HelmChartContainer - [hivemq-test-hivemq-platform] [hivemq-platform-operator] [68e05e19] 21:20:58.340 [pool-6-thread-37] DEBUG c.h.p.o.d.StatefulSetResource - [helmvolu] Desired StatefulSet (3 replicas) for status ROLLING_RESTART (SURGE_IN_PROGRESS)
2025-01-28 21:20:58,346 INFO c.h.h.t.HelmChartContainer - [hivemq-test-hivemq-platform] [hivemq-platform-operator] [68e05e19] 21:20:58.344 [ReconcilerExecutor-hivemq-controller-132] INFO  c.h.p.o.HiveMQPlatformReconciler - [helmvolu] Reconciling HiveMQ Platform 'test-hivemq-platform' in namespace 'helmvolumeclaimtemplatesit'
2025-01-28 21:20:58,346 INFO c.h.h.t.HelmChartContainer - [hivemq-test-hivemq-platform] [hivemq-platform-operator] [68e05e19] 21:20:58.344 [ReconcilerExecutor-hivemq-controller-132] DEBUG c.h.p.o.HiveMQPlatformReconciler - [helmvolu] Custom Resource Status ROLLING_RESTART - HiveMQ Platform is starting a surge Pod (rolling restart) (SURGE_IN_PROGRESS)
2025-01-28 21:20:58,346 INFO c.h.h.t.HelmChartContainer - [hivemq-test-hivemq-platform] [hivemq-platform-operator] [68e05e19] 21:20:58.344 [ReconcilerExecutor-hivemq-controller-132] DEBUG c.h.p.o.HiveMQPlatformReconciler - [helmvolu] Custom Resource Spec (replicas: 2) (extensions: 1)
2025-01-28 21:20:58,347 INFO c.h.h.t.HelmChartContainer - [hivemq-test-hivemq-platform] [hivemq-platform-operator] [68e05e19] 21:20:58.346 [ReconcilerExecutor-hivemq-controller-132] DEBUG c.h.p.o.HiveMQPlatformReconciler - [helmvolu] StatefulSet Status (revision: test-hivemq-platform-59475f86c9, replicas: 3, available: 2, ready: 2, current: 2, updated: 1)
2025-01-28 21:20:58,347 INFO c.h.h.t.HelmChartContainer - [hivemq-test-hivemq-platform] [hivemq-platform-operator] [68e05e19] 21:20:58.346 [ReconcilerExecutor-hivemq-controller-132] DEBUG c.h.p.o.HiveMQPlatformReconciler - [helmvolu] StatefulSet Spec (replicas: 3, init containers: 1, containers: 1, volumes: 4)
2025-01-28 21:20:58,348 INFO c.h.h.t.HelmChartContainer - [hivemq-test-hivemq-platform] [hivemq-platform-operator] [68e05e19] 21:20:58.347 [ReconcilerExecutor-hivemq-controller-132] DEBUG c.h.p.o.h.HiveMQPlatformReconcilerErrorHandler - [helmvolu] Pod 'test-hivemq-platform-2' phase Pending
2025-01-28 21:20:58,348 INFO c.h.h.t.HelmChartContainer - [hivemq-test-hivemq-platform] [hivemq-platform-operator] [68e05e19] 21:20:58.347 [ReconcilerExecutor-hivemq-controller-132] DEBUG c.h.p.o.h.HiveMQPlatformReconcilerErrorHandler - [helmvolu] Pod 'test-hivemq-platform-2' condition 'PodReadyToStartContainers': False
2025-01-28 21:20:58,348 INFO c.h.h.t.HelmChartContainer - [hivemq-test-hivemq-platform] [hivemq-platform-operator] [68e05e19] 21:20:58.347 [ReconcilerExecutor-hivemq-controller-132] DEBUG c.h.p.o.h.HiveMQPlatformReconcilerErrorHandler - [helmvolu] Pod 'test-hivemq-platform-2' condition 'Initialized': False
2025-01-28 21:20:58,348 INFO c.h.h.t.HelmChartContainer - [hivemq-test-hivemq-platform] [hivemq-platform-operator] [68e05e19] 21:20:58.347 [ReconcilerExecutor-hivemq-controller-132] DEBUG c.h.p.o.h.HiveMQPlatformReconcilerErrorHandler - [helmvolu] Pod 'test-hivemq-platform-2' condition 'Ready': False
2025-01-28 21:20:58,348 INFO c.h.h.t.HelmChartContainer - [hivemq-test-hivemq-platform] [hivemq-platform-operator] [68e05e19] 21:20:58.347 [ReconcilerExecutor-hivemq-controller-132] DEBUG c.h.p.o.h.HiveMQPlatformReconcilerErrorHandler - [helmvolu] Pod 'test-hivemq-platform-2' condition 'ContainersReady': False
2025-01-28 21:20:58,348 INFO c.h.h.t.HelmChartContainer - [hivemq-test-hivemq-platform] [hivemq-platform-operator] [68e05e19] 21:20:58.347 [ReconcilerExecutor-hivemq-controller-132] DEBUG c.h.p.o.h.HiveMQPlatformReconcilerErrorHandler - [helmvolu] Pod 'test-hivemq-platform-2' condition 'PodScheduled': True
2025-01-28 21:20:58,348 INFO c.h.h.t.HelmChartContainer - [hivemq-test-hivemq-platform] [hivemq-platform-operator] [68e05e19] 21:20:58.347 [ReconcilerExecutor-hivemq-controller-132] DEBUG c.h.p.o.h.HiveMQPlatformReconcilerErrorHandler - [helmvolu] Pod 'test-hivemq-platform-2' containerStatus 'hivemq' (started: false) (ready: false) (waiting: [PodInitializing] null)
2025-01-28 21:20:58,349 INFO c.h.h.t.HelmChartContainer - [hivemq-test-hivemq-platform] [hivemq-platform-operator] [68e05e19] 21:20:58.348 [ReconcilerExecutor-hivemq-controller-132] DEBUG c.h.p.o.h.HiveMQPlatformReconcilerErrorHandler - [helmvolu] Pod 'test-hivemq-platform-1' phase Running
2025-01-28 21:20:58,350 INFO c.h.h.t.HelmChartContainer - [hivemq-test-hivemq-platform] [hivemq-platform-operator] [68e05e19] 21:20:58.349 [ReconcilerExecutor-hivemq-controller-132] DEBUG c.h.p.o.h.HiveMQPlatformReconcilerErrorHandler - [helmvolu] Pod 'test-hivemq-platform-0' phase Running
2025-01-28 21:20:58,350 INFO c.h.h.t.HelmChartContainer - [hivemq-test-hivemq-platform] [hivemq-platform-operator] [68e05e19] 21:20:58.350 [ReconcilerExecutor-hivemq-controller-132] DEBUG c.h.p.o.h.HiveMQPlatformReconcilerRollingRestartHandler - [helmvolu] Rolling restart is waiting for 2 of 3 replicas
2025-01-28 21:20:58,400 INFO c.h.h.t.HelmChartContainer - [K3S] [reconciler_common.go:251] "operationExecutor.VerifyControllerAttachedVolume started for volume \"kube-api-access-mbj9m\" (UniqueName: \"kubernetes.io/projected/49cfa83b-de70-4fb8-8087-4cdfd102438c-kube-api-access-mbj9m\") pod \"test-hivemq-platform-2\" (UID: \"49cfa83b-de70-4fb8-8087-4cdfd102438c\") " pod="helmvolumeclaimtemplatesit/test-hivemq-platform-2"
2025-01-28 21:20:58,400 INFO c.h.h.t.HelmChartContainer - [K3S] [reconciler_common.go:251] "operationExecutor.VerifyControllerAttachedVolume started for volume \"operator-init\" (UniqueName: \"kubernetes.io/empty-dir/49cfa83b-de70-4fb8-8087-4cdfd102438c-operator-init\") pod \"test-hivemq-platform-2\" (UID: \"49cfa83b-de70-4fb8-8087-4cdfd102438c\") " pod="helmvolumeclaimtemplatesit/test-hivemq-platform-2"
2025-01-28 21:20:58,400 INFO c.h.h.t.HelmChartContainer - [K3S] [reconciler_common.go:251] "operationExecutor.VerifyControllerAttachedVolume started for volume \"pod-info\" (UniqueName: \"kubernetes.io/configmap/49cfa83b-de70-4fb8-8087-4cdfd102438c-pod-info\") pod \"test-hivemq-platform-2\" (UID: \"49cfa83b-de70-4fb8-8087-4cdfd102438c\") " pod="helmvolumeclaimtemplatesit/test-hivemq-platform-2"
2025-01-28 21:20:58,400 INFO c.h.h.t.HelmChartContainer - [K3S] [reconciler_common.go:251] "operationExecutor.VerifyControllerAttachedVolume started for volume \"broker-configuration\" (UniqueName: \"kubernetes.io/configmap/49cfa83b-de70-4fb8-8087-4cdfd102438c-broker-configuration\") pod \"test-hivemq-platform-2\" (UID: \"49cfa83b-de70-4fb8-8087-4cdfd102438c\") " pod="helmvolumeclaimtemplatesit/test-hivemq-platform-2"
2025-01-28 21:20:58,400 INFO c.h.h.t.HelmChartContainer - [K3S] [reconciler_common.go:251] "operationExecutor.VerifyControllerAttachedVolume started for volume \"pvc-7b3bb804-43f4-418b-a5cd-44c0d241ffc8\" (UniqueName: \"kubernetes.io/local-volume/pvc-7b3bb804-43f4-418b-a5cd-44c0d241ffc8\") pod \"test-hivemq-platform-2\" (UID: \"49cfa83b-de70-4fb8-8087-4cdfd102438c\") " pod="helmvolumeclaimtemplatesit/test-hivemq-platform-2"
2025-01-28 21:20:58,656 INFO c.h.h.t.HelmChartContainer - [EVENT] Normal [Pulled] Container image "docker.io/hivemq/hivemq-platform-operator-init-test:snapshot" already present on machine [helmvolumeclaimtemplatesit:test-hivemq-platform-2]
2025-01-28 21:20:58,662 INFO c.h.h.t.HelmChartContainer - [EVENT] Normal [Created] Created container: hivemq-platform-operator-init [helmvolumeclaimtemplatesit:test-hivemq-platform-2]
2025-01-28 21:20:58,701 INFO c.h.h.t.HelmChartContainer - [EVENT] Normal [Started] Started container hivemq-platform-operator-init [helmvolumeclaimtemplatesit:test-hivemq-platform-2]
2025-01-28 21:20:58,855 INFO c.h.h.t.HelmChartContainer - [EVENT] Normal [Pulled] Container image "docker.io/hivemq/hivemq4:4.36.0" already present on machine [helmvolumeclaimtemplatesit:test-hivemq-platform-2]
2025-01-28 21:20:58,855 INFO c.h.h.t.HelmChartContainer - Received Pulled event for container hivemq in pod test-hivemq-platform-2 [49cfa83b-de70-4fb8-8087-4cdfd102438c]
2025-01-28 21:20:58,867 INFO c.h.h.t.HelmChartContainer - [POD] test-hivemq-platform-2 [49cfa83b-de70-4fb8-8087-4cdfd102438c] in helmvolumeclaimtemplatesit was MODIFIED
2025-01-28 21:20:58,885 INFO c.h.h.t.HelmChartContainer - [hivemq-test-hivemq-platform] [hivemq-platform-operator] [68e05e19] 21:20:58.878 [pool-6-thread-44] DEBUG c.h.p.o.d.PlatformServiceResource - [helmvolu] Desired Platform services (3 services)
2025-01-28 21:20:58,887 INFO c.h.h.t.HelmChartContainer - [EVENT] Normal [Created] Created container: hivemq [helmvolumeclaimtemplatesit:test-hivemq-platform-2]
2025-01-28 21:20:58,887 INFO c.h.h.t.HelmChartContainer - Received Created event for container hivemq in pod test-hivemq-platform-2 [49cfa83b-de70-4fb8-8087-4cdfd102438c]
2025-01-28 21:20:58,893 INFO c.h.h.t.HelmChartContainer - [hivemq-test-hivemq-platform] [hivemq-platform-operator] [68e05e19] 21:20:58.881 [pool-6-thread-49] DEBUG c.h.p.o.dependants.PodInfoConfigMap - [helmvolu] Desired PodInfo ConfigMap (1 extensions) (1 enabled)
2025-01-28 21:20:58,893 INFO c.h.h.t.HelmChartContainer - [hivemq-test-hivemq-platform] [hivemq-platform-operator] [68e05e19] 21:20:58.881 [pool-6-thread-49] DEBUG c.h.p.o.dependants.PodInfoConfigMap - [helmvolu] Desired PodInfo ConfigMap (metrics port: 9399) (metrics path: /)
2025-01-28 21:20:58,893 INFO c.h.h.t.HelmChartContainer - [hivemq-test-hivemq-platform] [hivemq-platform-operator] [68e05e19] 21:20:58.881 [pool-6-thread-49] DEBUG c.h.p.o.dependants.PodInfoConfigMap - [helmvolu] Desired PodInfo ConfigMap (extension state hash: -1817474005)
2025-01-28 21:20:58,893 INFO c.h.h.t.HelmChartContainer - [hivemq-test-hivemq-platform] [hivemq-platform-operator] [68e05e19] 21:20:58.882 [pool-6-thread-49] DEBUG c.h.p.o.d.PodServiceAccountResource - [helmvolu] Desired PodServiceAccountResource (serviceAccountName: hivemq-platform-pod-test-hivemq-platform)
2025-01-28 21:20:58,897 INFO c.h.h.t.HelmChartContainer - [hivemq-test-hivemq-platform] [hivemq-platform-operator] [68e05e19] 21:20:58.887 [pool-6-thread-47] DEBUG c.h.p.o.d.StatefulSetResource - [helmvolu] Desired StatefulSet (3 replicas) for status ROLLING_RESTART (SURGE_IN_PROGRESS)
2025-01-28 21:20:58,936 INFO c.h.h.t.HelmChartContainer - [hivemq-test-hivemq-platform] [hivemq-platform-operator] [68e05e19] 21:20:58.933 [ReconcilerExecutor-hivemq-controller-133] INFO  c.h.p.o.HiveMQPlatformReconciler - [helmvolu] Reconciling HiveMQ Platform 'test-hivemq-platform' in namespace 'helmvolumeclaimtemplatesit'
2025-01-28 21:20:58,936 INFO c.h.h.t.HelmChartContainer - [hivemq-test-hivemq-platform] [hivemq-platform-operator] [68e05e19] 21:20:58.933 [ReconcilerExecutor-hivemq-controller-133] DEBUG c.h.p.o.HiveMQPlatformReconciler - [helmvolu] Custom Resource Status ROLLING_RESTART - HiveMQ Platform is starting a surge Pod (rolling restart) (SURGE_IN_PROGRESS)
2025-01-28 21:20:58,936 INFO c.h.h.t.HelmChartContainer - [hivemq-test-hivemq-platform] [hivemq-platform-operator] [68e05e19] 21:20:58.933 [ReconcilerExecutor-hivemq-controller-133] DEBUG c.h.p.o.HiveMQPlatformReconciler - [helmvolu] Custom Resource Spec (replicas: 2) (extensions: 1)
2025-01-28 21:20:58,938 INFO c.h.h.t.HelmChartContainer - [hivemq-test-hivemq-platform] [hivemq-platform-operator] [68e05e19] 21:20:58.936 [ReconcilerExecutor-hivemq-controller-133] DEBUG c.h.p.o.HiveMQPlatformReconciler - [helmvolu] StatefulSet Status (revision: test-hivemq-platform-59475f86c9, replicas: 3, available: 2, ready: 2, current: 2, updated: 1)
2025-01-28 21:20:58,938 INFO c.h.h.t.HelmChartContainer - [hivemq-test-hivemq-platform] [hivemq-platform-operator] [68e05e19] 21:20:58.936 [ReconcilerExecutor-hivemq-controller-133] DEBUG c.h.p.o.HiveMQPlatformReconciler - [helmvolu] StatefulSet Spec (replicas: 3, init containers: 1, containers: 1, volumes: 4)
2025-01-28 21:20:58,942 INFO c.h.h.t.HelmChartContainer - [hivemq-test-hivemq-platform] [hivemq-platform-operator] [68e05e19] 21:20:58.938 [ReconcilerExecutor-hivemq-controller-133] DEBUG c.h.p.o.h.HiveMQPlatformReconcilerErrorHandler - [helmvolu] Pod 'test-hivemq-platform-2' phase Pending
2025-01-28 21:20:58,942 INFO c.h.h.t.HelmChartContainer - [hivemq-test-hivemq-platform] [hivemq-platform-operator] [68e05e19] 21:20:58.939 [ReconcilerExecutor-hivemq-controller-133] DEBUG c.h.p.o.h.HiveMQPlatformReconcilerErrorHandler - [helmvolu] Pod 'test-hivemq-platform-2' condition 'PodReadyToStartContainers': True
2025-01-28 21:20:58,942 INFO c.h.h.t.HelmChartContainer - [hivemq-test-hivemq-platform] [hivemq-platform-operator] [68e05e19] 21:20:58.939 [ReconcilerExecutor-hivemq-controller-133] DEBUG c.h.p.o.h.HiveMQPlatformReconcilerErrorHandler - [helmvolu] Pod 'test-hivemq-platform-2' condition 'Initialized': True
2025-01-28 21:20:58,942 INFO c.h.h.t.HelmChartContainer - [hivemq-test-hivemq-platform] [hivemq-platform-operator] [68e05e19] 21:20:58.939 [ReconcilerExecutor-hivemq-controller-133] DEBUG c.h.p.o.h.HiveMQPlatformReconcilerErrorHandler - [helmvolu] Pod 'test-hivemq-platform-2' condition 'Ready': False
2025-01-28 21:20:58,942 INFO c.h.h.t.HelmChartContainer - [hivemq-test-hivemq-platform] [hivemq-platform-operator] [68e05e19] 21:20:58.939 [ReconcilerExecutor-hivemq-controller-133] DEBUG c.h.p.o.h.HiveMQPlatformReconcilerErrorHandler - [helmvolu] Pod 'test-hivemq-platform-2' condition 'ContainersReady': False
2025-01-28 21:20:58,942 INFO c.h.h.t.HelmChartContainer - [hivemq-test-hivemq-platform] [hivemq-platform-operator] [68e05e19] 21:20:58.939 [ReconcilerExecutor-hivemq-controller-133] DEBUG c.h.p.o.h.HiveMQPlatformReconcilerErrorHandler - [helmvolu] Pod 'test-hivemq-platform-2' condition 'PodScheduled': True
2025-01-28 21:20:58,942 INFO c.h.h.t.HelmChartContainer - [hivemq-test-hivemq-platform] [hivemq-platform-operator] [68e05e19] 21:20:58.939 [ReconcilerExecutor-hivemq-controller-133] DEBUG c.h.p.o.h.HiveMQPlatformReconcilerErrorHandler - [helmvolu] Pod 'test-hivemq-platform-2' containerStatus 'hivemq' (started: false) (ready: false) (waiting: [PodInitializing] null)
2025-01-28 21:20:58,946 INFO c.h.h.t.HelmChartContainer - [hivemq-test-hivemq-platform] [hivemq-platform-operator] [68e05e19] 21:20:58.943 [ReconcilerExecutor-hivemq-controller-133] DEBUG c.h.p.o.h.HiveMQPlatformReconcilerErrorHandler - [helmvolu] Pod 'test-hivemq-platform-1' phase Running
2025-01-28 21:20:58,947 INFO c.h.h.t.HelmChartContainer - [hivemq-test-hivemq-platform] [hivemq-platform-operator] [68e05e19] 21:20:58.946 [ReconcilerExecutor-hivemq-controller-133] DEBUG c.h.p.o.h.HiveMQPlatformReconcilerErrorHandler - [helmvolu] Pod 'test-hivemq-platform-0' phase Running
2025-01-28 21:20:58,949 INFO c.h.h.t.HelmChartContainer - [hivemq-test-hivemq-platform] [hivemq-platform-operator] [68e05e19] 21:20:58.948 [ReconcilerExecutor-hivemq-controller-133] DEBUG c.h.p.o.h.HiveMQPlatformReconcilerRollingRestartHandler - [helmvolu] Rolling restart is waiting for 2 of 3 replicas
2025-01-28 21:20:59,866 INFO c.h.h.t.HelmChartContainer - [POD] test-hivemq-platform-2 [49cfa83b-de70-4fb8-8087-4cdfd102438c] in helmvolumeclaimtemplatesit was MODIFIED
2025-01-28 21:20:59,879 INFO c.h.h.t.HelmChartContainer - [hivemq-test-hivemq-platform] [hivemq-platform-operator] [68e05e19] 21:20:59.874 [pool-6-thread-7] DEBUG c.h.p.o.d.PlatformServiceResource - [helmvolu] Desired Platform services (3 services)
2025-01-28 21:20:59,879 INFO c.h.h.t.HelmChartContainer - [hivemq-test-hivemq-platform] [hivemq-platform-operator] [68e05e19] 21:20:59.875 [pool-6-thread-5] DEBUG c.h.p.o.dependants.PodInfoConfigMap - [helmvolu] Desired PodInfo ConfigMap (1 extensions) (1 enabled)
2025-01-28 21:20:59,879 INFO c.h.h.t.HelmChartContainer - [hivemq-test-hivemq-platform] [hivemq-platform-operator] [68e05e19] 21:20:59.875 [pool-6-thread-5] DEBUG c.h.p.o.dependants.PodInfoConfigMap - [helmvolu] Desired PodInfo ConfigMap (metrics port: 9399) (metrics path: /)
2025-01-28 21:20:59,879 INFO c.h.h.t.HelmChartContainer - [hivemq-test-hivemq-platform] [hivemq-platform-operator] [68e05e19] 21:20:59.875 [pool-6-thread-5] DEBUG c.h.p.o.dependants.PodInfoConfigMap - [helmvolu] Desired PodInfo ConfigMap (extension state hash: -1817474005)
2025-01-28 21:20:59,879 INFO c.h.h.t.HelmChartContainer - [hivemq-test-hivemq-platform] [hivemq-platform-operator] [68e05e19] 21:20:59.877 [pool-6-thread-8] DEBUG c.h.p.o.d.PodServiceAccountResource - [helmvolu] Desired PodServiceAccountResource (serviceAccountName: hivemq-platform-pod-test-hivemq-platform)
2025-01-28 21:20:59,886 INFO c.h.h.t.HelmChartContainer - [EVENT] Normal [Started] Started container hivemq [helmvolumeclaimtemplatesit:test-hivemq-platform-2]
2025-01-28 21:20:59,886 INFO c.h.h.t.HelmChartContainer - Received Started event for container hivemq in pod test-hivemq-platform-2 [49cfa83b-de70-4fb8-8087-4cdfd102438c]
2025-01-28 21:20:59,886 INFO c.h.h.t.HelmChartContainer - Started log watcher for hivemq in pod test-hivemq-platform-2 [49cfa83b-de70-4fb8-8087-4cdfd102438c]
2025-01-28 21:20:59,892 INFO c.h.h.t.HelmChartContainer - [hivemq-test-hivemq-platform] [hivemq-platform-operator] [68e05e19] 21:20:59.881 [pool-6-thread-5] DEBUG c.h.p.o.d.StatefulSetResource - [helmvolu] Desired StatefulSet (3 replicas) for status ROLLING_RESTART (SURGE_IN_PROGRESS)
2025-01-28 21:20:59,892 INFO c.h.h.t.HelmChartContainer - [hivemq-test-hivemq-platform] [hivemq-platform-operator] [68e05e19] 21:20:59.884 [ReconcilerExecutor-hivemq-controller-134] INFO  c.h.p.o.HiveMQPlatformReconciler - [helmvolu] Reconciling HiveMQ Platform 'test-hivemq-platform' in namespace 'helmvolumeclaimtemplatesit'
2025-01-28 21:20:59,893 INFO c.h.h.t.HelmChartContainer - [hivemq-test-hivemq-platform] [hivemq-platform-operator] [68e05e19] 21:20:59.884 [ReconcilerExecutor-hivemq-controller-134] DEBUG c.h.p.o.HiveMQPlatformReconciler - [helmvolu] Custom Resource Status ROLLING_RESTART - HiveMQ Platform is starting a surge Pod (rolling restart) (SURGE_IN_PROGRESS)
2025-01-28 21:20:59,893 INFO c.h.h.t.HelmChartContainer - [hivemq-test-hivemq-platform] [hivemq-platform-operator] [68e05e19] 21:20:59.884 [ReconcilerExecutor-hivemq-controller-134] DEBUG c.h.p.o.HiveMQPlatformReconciler - [helmvolu] Custom Resource Spec (replicas: 2) (extensions: 1)
2025-01-28 21:20:59,894 INFO c.h.h.t.HelmChartContainer - [hivemq-test-hivemq-platform] [hivemq-platform-operator] [68e05e19] 21:20:59.886 [ReconcilerExecutor-hivemq-controller-134] DEBUG c.h.p.o.HiveMQPlatformReconciler - [helmvolu] StatefulSet Status (revision: test-hivemq-platform-59475f86c9, replicas: 3, available: 2, ready: 2, current: 2, updated: 1)
2025-01-28 21:20:59,894 INFO c.h.h.t.HelmChartContainer - [hivemq-test-hivemq-platform] [hivemq-platform-operator] [68e05e19] 21:20:59.886 [ReconcilerExecutor-hivemq-controller-134] DEBUG c.h.p.o.HiveMQPlatformReconciler - [helmvolu] StatefulSet Spec (replicas: 3, init containers: 1, containers: 1, volumes: 4)
2025-01-28 21:20:59,894 INFO c.h.h.t.HelmChartContainer - [hivemq-test-hivemq-platform] [hivemq-platform-operator] [68e05e19] 21:20:59.887 [ReconcilerExecutor-hivemq-controller-134] DEBUG c.h.p.o.h.HiveMQPlatformReconcilerErrorHandler - [helmvolu] Pod 'test-hivemq-platform-2' phase Running
2025-01-28 21:20:59,894 INFO c.h.h.t.HelmChartContainer - [hivemq-test-hivemq-platform] [hivemq-platform-operator] [68e05e19] 21:20:59.889 [ReconcilerExecutor-hivemq-controller-134] DEBUG c.h.p.o.h.HiveMQPlatformReconcilerErrorHandler - [helmvolu] Pod 'test-hivemq-platform-1' phase Running
2025-01-28 21:20:59,894 INFO c.h.h.t.HelmChartContainer - [test-hivemq-platform] [hivemq] [49cfa83b] Adding pre-installed HiveMQ Platform Operator extensions
2025-01-28 21:20:59,895 INFO c.h.h.t.HelmChartContainer - [test-hivemq-platform] [hivemq] [49cfa83b] Running as user 10000
2025-01-28 21:20:59,895 INFO c.h.h.t.HelmChartContainer - [test-hivemq-platform] [hivemq] [49cfa83b] Starting HiveMQ Platform Operator Init
2025-01-28 21:20:59,895 INFO c.h.h.t.HelmChartContainer - [hivemq-test-hivemq-platform] [hivemq-platform-operator] [68e05e19] 21:20:59.892 [ReconcilerExecutor-hivemq-controller-134] DEBUG c.h.p.o.h.HiveMQPlatformReconcilerErrorHandler - [helmvolu] Pod 'test-hivemq-platform-0' phase Running
2025-01-28 21:20:59,896 INFO c.h.h.t.HelmChartContainer - [hivemq-test-hivemq-platform] [hivemq-platform-operator] [68e05e19] 21:20:59.893 [ReconcilerExecutor-hivemq-controller-134] DEBUG c.h.p.o.h.HiveMQPlatformReconcilerRollingRestartHandler - [helmvolu] Rolling restart is waiting for 2 of 3 replicas
2025-01-28 21:21:00,290 INFO c.h.h.t.HelmChartContainer - [test-hivemq-platform] [hivemq] [49cfa83b] INFO  - [HiveMQ Platform Operator Init 1.7.0-SNAPSHOT] HiveMQ Platform Operator Init 1.7.0-SNAPSHOT (commit: bebf408 on branch: HEAD) built on Sun Jan 26 20:47:47 UTC 2025
2025-01-28 21:21:01,478 INFO c.h.h.t.HelmChartContainer - [test-hivemq-platform] [hivemq] [49cfa83b] INFO  - [HiveMQ Platform Operator Init App 1.7.0-SNAPSHOT] Using bind address 10.42.0.13 from environment variable
2025-01-28 21:21:02,398 INFO c.h.h.t.HelmChartContainer - [test-hivemq-platform] [hivemq] [49cfa83b] INFO  - [HiveMQ Platform Operator Init App 1.7.0-SNAPSHOT] HiveMQ Platform Operator Init App 1.7.0-SNAPSHOT (commit: bebf408 on branch: HEAD) built on Sun Jan 26 20:47:47 UTC 2025
2025-01-28 21:21:02,398 INFO c.h.h.t.HelmChartContainer - [test-hivemq-platform] [hivemq] [49cfa83b] INFO  - [HiveMQ Platform Operator Init App 1.7.0-SNAPSHOT] PodInfo ConfigMap directory: /etc/podinfo
2025-01-28 21:21:02,398 INFO c.h.h.t.HelmChartContainer - [test-hivemq-platform] [hivemq] [49cfa83b] INFO  - [HiveMQ Platform Operator Init App 1.7.0-SNAPSHOT] HiveMQ home directory: /opt/hivemq
2025-01-28 21:21:02,398 INFO c.h.h.t.HelmChartContainer - [test-hivemq-platform] [hivemq] [49cfa83b] INFO  - [HiveMQ Platform Operator Init App 1.7.0-SNAPSHOT] HiveMQ Logback folder: /opt/hivemq/conf
2025-01-28 21:21:02,398 INFO c.h.h.t.HelmChartContainer - [test-hivemq-platform] [hivemq] [49cfa83b] INFO  - [HiveMQ Platform Operator Init App 1.7.0-SNAPSHOT] HiveMQ Config folder: /opt/hivemq/conf-k8s
2025-01-28 21:21:02,398 INFO c.h.h.t.HelmChartContainer - [test-hivemq-platform] [hivemq] [49cfa83b] INFO  - [HiveMQ Platform Operator Init App 1.7.0-SNAPSHOT] Starting HiveMQ Platform Operator Init App
2025-01-28 21:21:02,398 INFO c.h.h.t.HelmChartContainer - [test-hivemq-platform] [hivemq] [49cfa83b] INFO  - [HiveMQ Platform Operator Init App 1.7.0-SNAPSHOT] Starting Pod reconciler
2025-01-28 21:21:03,695 INFO c.h.h.t.HelmChartContainer - [test-hivemq-platform] [hivemq] [49cfa83b] INFO  - [HiveMQ Platform Operator Init App 1.7.0-SNAPSHOT] Pod reconciler is scheduled (interval: 5000 ms)
2025-01-28 21:21:03,696 INFO c.h.h.t.HelmChartContainer - [test-hivemq-platform] [hivemq] [49cfa83b] INFO  - [HiveMQ Platform Operator Init App 1.7.0-SNAPSHOT] Starting the REST API on 10.42.0.13:7979
2025-01-28 21:21:03,764 INFO c.h.h.t.HelmChartContainer - [test-hivemq-platform] [hivemq] [49cfa83b] INFO  - [HiveMQ Platform Operator Init App 1.7.0-SNAPSHOT] Waiting up to 600s for at most 3 HiveMQ nodes in cluster service hivemq-test-hivemq-platform-cluster.helmvolumeclaimtemplatesit.svc
2025-01-28 21:21:04,071 INFO c.h.h.t.HelmChartContainer - [test-hivemq-platform] [hivemq] [49cfa83b] INFO  - [HiveMQ Platform Operator Init App 1.7.0-SNAPSHOT] Resolved 3 IP addresses: [10.42.0.9, 10.42.0.11, 10.42.0.13]
2025-01-28 21:21:04,071 INFO c.h.h.t.HelmChartContainer - [test-hivemq-platform] [hivemq] [49cfa83b] INFO  - [HiveMQ Platform Operator Init App 1.7.0-SNAPSHOT] HiveMQ node count of 3 is within threshold of 3
2025-01-28 21:21:04,072 INFO c.h.h.t.HelmChartContainer - [test-hivemq-platform] [hivemq] [49cfa83b] INFO  - [HiveMQ Platform Operator Init App 1.7.0-SNAPSHOT] Waiting 15s for previous shutdown replication to finish...
2025-01-28 21:21:05,866 INFO c.h.h.t.HelmChartContainer - [test-hivemq-platform] [hivemq] [49cfa83b] INFO  - [HiveMQ Platform Operator Init App 1.7.0-SNAPSHOT] Returning default Health API response 503 for readiness
2025-01-28 21:21:05,994 INFO c.h.h.t.HelmChartContainer - [EVENT] Warning [Unhealthy] Readiness probe failed: HTTP probe failed with statuscode: 503 [helmvolumeclaimtemplatesit:test-hivemq-platform-2]
2025-01-28 21:21:05,994 INFO c.h.h.t.HelmChartContainer - Received Unhealthy event for container hivemq in pod test-hivemq-platform-2 [49cfa83b-de70-4fb8-8087-4cdfd102438c]
2025-01-28 21:21:08,923 INFO c.h.h.t.HelmChartContainer - [test-hivemq-platform] [hivemq] [9b8a3da7] INFO  - [HiveMQ Platform Operator Init App 1.7.0-SNAPSHOT] Returning Health API response 200 for liveness
2025-01-28 21:21:09,900 INFO c.h.h.t.HelmChartContainer - [hivemq-test-hivemq-platform] [hivemq-platform-operator] [68e05e19] 21:21:09.897 [pool-6-thread-19] DEBUG c.h.p.o.d.PlatformServiceResource - [helmvolu] Desired Platform services (3 services)
2025-01-28 21:21:09,900 INFO c.h.h.t.HelmChartContainer - [hivemq-test-hivemq-platform] [hivemq-platform-operator] [68e05e19] 21:21:09.897 [pool-6-thread-16] DEBUG c.h.p.o.dependants.PodInfoConfigMap - [helmvolu] Desired PodInfo ConfigMap (1 extensions) (1 enabled)
2025-01-28 21:21:09,900 INFO c.h.h.t.HelmChartContainer - [hivemq-test-hivemq-platform] [hivemq-platform-operator] [68e05e19] 21:21:09.898 [pool-6-thread-16] DEBUG c.h.p.o.dependants.PodInfoConfigMap - [helmvolu] Desired PodInfo ConfigMap (metrics port: 9399) (metrics path: /)
2025-01-28 21:21:09,900 INFO c.h.h.t.HelmChartContainer - [hivemq-test-hivemq-platform] [hivemq-platform-operator] [68e05e19] 21:21:09.898 [pool-6-thread-16] DEBUG c.h.p.o.dependants.PodInfoConfigMap - [helmvolu] Desired PodInfo ConfigMap (extension state hash: -1817474005)
2025-01-28 21:21:09,901 INFO c.h.h.t.HelmChartContainer - [hivemq-test-hivemq-platform] [hivemq-platform-operator] [68e05e19] 21:21:09.898 [pool-6-thread-12] DEBUG c.h.p.o.d.PodServiceAccountResource - [helmvolu] Desired PodServiceAccountResource (serviceAccountName: hivemq-platform-pod-test-hivemq-platform)
2025-01-28 21:21:09,903 INFO c.h.h.t.HelmChartContainer - [hivemq-test-hivemq-platform] [hivemq-platform-operator] [68e05e19] 21:21:09.902 [pool-6-thread-19] DEBUG c.h.p.o.d.StatefulSetResource - [helmvolu] Desired StatefulSet (3 replicas) for status ROLLING_RESTART (SURGE_IN_PROGRESS)
2025-01-28 21:21:09,907 INFO c.h.h.t.HelmChartContainer - [hivemq-test-hivemq-platform] [hivemq-platform-operator] [68e05e19] 21:21:09.906 [ReconcilerExecutor-hivemq-controller-135] INFO  c.h.p.o.HiveMQPlatformReconciler - [helmvolu] Reconciling HiveMQ Platform 'test-hivemq-platform' in namespace 'helmvolumeclaimtemplatesit'
2025-01-28 21:21:09,907 INFO c.h.h.t.HelmChartContainer - [hivemq-test-hivemq-platform] [hivemq-platform-operator] [68e05e19] 21:21:09.906 [ReconcilerExecutor-hivemq-controller-135] DEBUG c.h.p.o.HiveMQPlatformReconciler - [helmvolu] Custom Resource Status ROLLING_RESTART - HiveMQ Platform is starting a surge Pod (rolling restart) (SURGE_IN_PROGRESS)
2025-01-28 21:21:09,907 INFO c.h.h.t.HelmChartContainer - [hivemq-test-hivemq-platform] [hivemq-platform-operator] [68e05e19] 21:21:09.906 [ReconcilerExecutor-hivemq-controller-135] DEBUG c.h.p.o.HiveMQPlatformReconciler - [helmvolu] Custom Resource Spec (replicas: 2) (extensions: 1)
2025-01-28 21:21:09,915 INFO c.h.h.t.HelmChartContainer - [hivemq-test-hivemq-platform] [hivemq-platform-operator] [68e05e19] 21:21:09.907 [ReconcilerExecutor-hivemq-controller-135] DEBUG c.h.p.o.HiveMQPlatformReconciler - [helmvolu] StatefulSet Status (revision: test-hivemq-platform-59475f86c9, replicas: 3, available: 2, ready: 2, current: 2, updated: 1)
2025-01-28 21:21:09,915 INFO c.h.h.t.HelmChartContainer - [hivemq-test-hivemq-platform] [hivemq-platform-operator] [68e05e19] 21:21:09.907 [ReconcilerExecutor-hivemq-controller-135] DEBUG c.h.p.o.HiveMQPlatformReconciler - [helmvolu] StatefulSet Spec (replicas: 3, init containers: 1, containers: 1, volumes: 4)
2025-01-28 21:21:09,916 INFO c.h.h.t.HelmChartContainer - [hivemq-test-hivemq-platform] [hivemq-platform-operator] [68e05e19] 21:21:09.909 [ReconcilerExecutor-hivemq-controller-135] DEBUG c.h.p.o.h.HiveMQPlatformReconcilerErrorHandler - [helmvolu] Pod 'test-hivemq-platform-2' phase Running
2025-01-28 21:21:09,916 INFO c.h.h.t.HelmChartContainer - [hivemq-test-hivemq-platform] [hivemq-platform-operator] [68e05e19] 21:21:09.910 [ReconcilerExecutor-hivemq-controller-135] DEBUG c.h.p.o.h.HiveMQPlatformReconcilerErrorHandler - [helmvolu] Pod 'test-hivemq-platform-1' phase Running
2025-01-28 21:21:09,916 INFO c.h.h.t.HelmChartContainer - [hivemq-test-hivemq-platform] [hivemq-platform-operator] [68e05e19] 21:21:09.911 [ReconcilerExecutor-hivemq-controller-135] DEBUG c.h.p.o.h.HiveMQPlatformReconcilerErrorHandler - [helmvolu] Pod 'test-hivemq-platform-0' phase Running
2025-01-28 21:21:09,916 INFO c.h.h.t.HelmChartContainer - [hivemq-test-hivemq-platform] [hivemq-platform-operator] [68e05e19] 21:21:09.913 [ReconcilerExecutor-hivemq-controller-135] DEBUG c.h.p.o.h.HiveMQPlatformReconcilerRollingRestartHandler - [helmvolu] Rolling restart is waiting for 2 of 3 replicas
2025-01-28 21:21:10,890 INFO c.h.h.t.HelmChartContainer - [EVENT] Warning [Unhealthy] Readiness probe failed: HTTP probe failed with statuscode: 503 [helmvolumeclaimtemplatesit:test-hivemq-platform-2]
2025-01-28 21:21:10,890 INFO c.h.h.t.HelmChartContainer - Received Unhealthy event for container hivemq in pod test-hivemq-platform-2 [49cfa83b-de70-4fb8-8087-4cdfd102438c]
2025-01-28 21:21:11,296 INFO c.h.h.t.HelmChartContainer - [test-hivemq-platform] [hivemq] [49cfa83b] INFO  - [HiveMQ Platform Operator Init App 1.7.0-SNAPSHOT] Updating Pod HiveMQ Platform Operator Init App version annotation (version: 1.7.0-SNAPSHOT)
2025-01-28 21:21:11,608 INFO c.h.h.t.HelmChartContainer - [POD] test-hivemq-platform-2 [49cfa83b-de70-4fb8-8087-4cdfd102438c] in helmvolumeclaimtemplatesit was MODIFIED
2025-01-28 21:21:11,613 INFO c.h.h.t.HelmChartContainer - [EVENT] Warning [Unhealthy] Readiness probe failed: HTTP probe failed with statuscode: 503 [helmvolumeclaimtemplatesit:test-hivemq-platform-2]
2025-01-28 21:21:11,613 INFO c.h.h.t.HelmChartContainer - Received Unhealthy event for container hivemq in pod test-hivemq-platform-2 [49cfa83b-de70-4fb8-8087-4cdfd102438c]
2025-01-28 21:21:11,619 INFO c.h.h.t.HelmChartContainer - [hivemq-test-hivemq-platform] [hivemq-platform-operator] [68e05e19] 21:21:11.617 [pool-6-thread-26] DEBUG c.h.p.o.d.PlatformServiceResource - [helmvolu] Desired Platform services (3 services)
2025-01-28 21:21:11,620 INFO c.h.h.t.HelmChartContainer - [hivemq-test-hivemq-platform] [hivemq-platform-operator] [68e05e19] 21:21:11.618 [pool-6-thread-25] DEBUG c.h.p.o.dependants.PodInfoConfigMap - [helmvolu] Desired PodInfo ConfigMap (1 extensions) (1 enabled)
2025-01-28 21:21:11,621 INFO c.h.h.t.HelmChartContainer - [hivemq-test-hivemq-platform] [hivemq-platform-operator] [68e05e19] 21:21:11.618 [pool-6-thread-25] DEBUG c.h.p.o.dependants.PodInfoConfigMap - [helmvolu] Desired PodInfo ConfigMap (metrics port: 9399) (metrics path: /)
2025-01-28 21:21:11,621 INFO c.h.h.t.HelmChartContainer - [hivemq-test-hivemq-platform] [hivemq-platform-operator] [68e05e19] 21:21:11.619 [pool-6-thread-25] DEBUG c.h.p.o.dependants.PodInfoConfigMap - [helmvolu] Desired PodInfo ConfigMap (extension state hash: -1817474005)
2025-01-28 21:21:11,621 INFO c.h.h.t.HelmChartContainer - [hivemq-test-hivemq-platform] [hivemq-platform-operator] [68e05e19] 21:21:11.619 [pool-6-thread-23] DEBUG c.h.p.o.d.PodServiceAccountResource - [helmvolu] Desired PodServiceAccountResource (serviceAccountName: hivemq-platform-pod-test-hivemq-platform)
2025-01-28 21:21:11,626 INFO c.h.h.t.HelmChartContainer - [hivemq-test-hivemq-platform] [hivemq-platform-operator] [68e05e19] 21:21:11.625 [pool-6-thread-26] DEBUG c.h.p.o.d.StatefulSetResource - [helmvolu] Desired StatefulSet (3 replicas) for status ROLLING_RESTART (SURGE_IN_PROGRESS)
2025-01-28 21:21:11,628 INFO c.h.h.t.HelmChartContainer - [hivemq-test-hivemq-platform] [hivemq-platform-operator] [68e05e19] 21:21:11.627 [ReconcilerExecutor-hivemq-controller-136] INFO  c.h.p.o.HiveMQPlatformReconciler - [helmvolu] Reconciling HiveMQ Platform 'test-hivemq-platform' in namespace 'helmvolumeclaimtemplatesit'
2025-01-28 21:21:11,628 INFO c.h.h.t.HelmChartContainer - [hivemq-test-hivemq-platform] [hivemq-platform-operator] [68e05e19] 21:21:11.628 [ReconcilerExecutor-hivemq-controller-136] DEBUG c.h.p.o.HiveMQPlatformReconciler - [helmvolu] Custom Resource Status ROLLING_RESTART - HiveMQ Platform is starting a surge Pod (rolling restart) (SURGE_IN_PROGRESS)
2025-01-28 21:21:11,628 INFO c.h.h.t.HelmChartContainer - [hivemq-test-hivemq-platform] [hivemq-platform-operator] [68e05e19] 21:21:11.628 [ReconcilerExecutor-hivemq-controller-136] DEBUG c.h.p.o.HiveMQPlatformReconciler - [helmvolu] Custom Resource Spec (replicas: 2) (extensions: 1)
2025-01-28 21:21:11,684 INFO c.h.h.t.HelmChartContainer - [test-hivemq-platform] [hivemq] [49cfa83b] INFO  - [HiveMQ Platform Operator Init App 1.7.0-SNAPSHOT] Successfully updated Pod HiveMQ Platform Operator Init App version annotation (version: 1.7.0-SNAPSHOT)
2025-01-28 21:21:11,689 INFO c.h.h.t.HelmChartContainer - [hivemq-test-hivemq-platform] [hivemq-platform-operator] [68e05e19] 21:21:11.687 [ReconcilerExecutor-hivemq-controller-136] DEBUG c.h.p.o.HiveMQPlatformReconciler - [helmvolu] StatefulSet Status (revision: test-hivemq-platform-59475f86c9, replicas: 3, available: 2, ready: 2, current: 2, updated: 1)
2025-01-28 21:21:11,689 INFO c.h.h.t.HelmChartContainer - [hivemq-test-hivemq-platform] [hivemq-platform-operator] [68e05e19] 21:21:11.688 [ReconcilerExecutor-hivemq-controller-136] DEBUG c.h.p.o.HiveMQPlatformReconciler - [helmvolu] StatefulSet Spec (replicas: 3, init containers: 1, containers: 1, volumes: 4)
2025-01-28 21:21:11,690 INFO c.h.h.t.HelmChartContainer - [hivemq-test-hivemq-platform] [hivemq-platform-operator] [68e05e19] 21:21:11.689 [ReconcilerExecutor-hivemq-controller-136] DEBUG c.h.p.o.h.HiveMQPlatformReconcilerErrorHandler - [helmvolu] Pod 'test-hivemq-platform-2' phase Running
2025-01-28 21:21:11,691 INFO c.h.h.t.HelmChartContainer - [hivemq-test-hivemq-platform] [hivemq-platform-operator] [68e05e19] 21:21:11.690 [ReconcilerExecutor-hivemq-controller-136] DEBUG c.h.p.o.h.HiveMQPlatformReconcilerErrorHandler - [helmvolu] Pod 'test-hivemq-platform-1' phase Running
2025-01-28 21:21:11,692 INFO c.h.h.t.HelmChartContainer - [hivemq-test-hivemq-platform] [hivemq-platform-operator] [68e05e19] 21:21:11.691 [ReconcilerExecutor-hivemq-controller-136] DEBUG c.h.p.o.h.HiveMQPlatformReconcilerErrorHandler - [helmvolu] Pod 'test-hivemq-platform-0' phase Running
2025-01-28 21:21:11,692 INFO c.h.h.t.HelmChartContainer - [hivemq-test-hivemq-platform] [hivemq-platform-operator] [68e05e19] 21:21:11.691 [ReconcilerExecutor-hivemq-controller-136] DEBUG c.h.p.o.h.HiveMQPlatformReconcilerRollingRestartHandler - [helmvolu] Rolling restart is waiting for 2 of 3 replicas
2025-01-28 21:21:16,609 INFO c.h.h.t.HelmChartContainer - [EVENT] Warning [Unhealthy] Readiness probe failed: HTTP probe failed with statuscode: 503 [helmvolumeclaimtemplatesit:test-hivemq-platform-2]
2025-01-28 21:21:16,609 INFO c.h.h.t.HelmChartContainer - Received Unhealthy event for container hivemq in pod test-hivemq-platform-2 [49cfa83b-de70-4fb8-8087-4cdfd102438c]
2025-01-28 21:21:19,072 INFO c.h.h.t.HelmChartContainer - [test-hivemq-platform] [hivemq] [49cfa83b] INFO  - [HiveMQ Platform Operator Init App 1.7.0-SNAPSHOT] Proceeding with container start
2025-01-28 21:21:19,075 INFO c.h.h.t.HelmChartContainer - [test-hivemq-platform] [hivemq] [49cfa83b] INFO  - [HiveMQ Platform Operator Init App 1.7.0-SNAPSHOT] Initializing HiveMQ Platform extensions with initial configuration: {hivemq-allow-all-extension={start-priority=-1, skip-https-hostname-verification=false, restart=true, config-version=0, header-version=0, c-uri=, priority=-1, uri=preinstalled, skip-https-certificate-validation=false, enabled=true}, hivemq-prometheus-extension={skip-https-certificate-validation=false, skip-https-hostname-verification=false, c-uri=, start-priority=-1, priority=-1, restart=true, enabled=true, request-header-path=no-request-headers, uri=preinstalled}}
2025-01-28 21:21:19,499 INFO c.h.h.t.HelmChartContainer - [test-hivemq-platform] [hivemq] [49cfa83b] INFO  - [HiveMQ Platform Operator Init App 1.7.0-SNAPSHOT] Extension hivemq-allow-all-extension was already enabled
2025-01-28 21:21:19,567 INFO c.h.h.t.HelmChartContainer - [test-hivemq-platform] [hivemq] [49cfa83b] INFO  - [HiveMQ Platform Operator Init App 1.7.0-SNAPSHOT] Successfully enabled extension hivemq-prometheus-extension
2025-01-28 21:21:19,568 INFO c.h.h.t.HelmChartContainer - [test-hivemq-platform] [hivemq] [49cfa83b] INFO  - [HiveMQ Platform Operator Init App 1.7.0-SNAPSHOT] Starting HiveMQ Platform version 4.36.0 (4.36.0)
2025-01-28 21:21:19,568 INFO c.h.h.t.HelmChartContainer - [test-hivemq-platform] [hivemq] [49cfa83b] INFO  - [HiveMQ Platform Operator Init App 1.7.0-SNAPSHOT] Configuring the HiveMQ Platform
2025-01-28 21:21:19,591 INFO c.h.h.t.HelmChartContainer - [test-hivemq-platform] [hivemq] [49cfa83b] INFO  - [HiveMQ Platform Operator Init App 1.7.0-SNAPSHOT] Changed logback.xml file scan period to 20 seconds
2025-01-28 21:21:19,663 INFO c.h.h.t.HelmChartContainer - [test-hivemq-platform] [hivemq] [49cfa83b] INFO  - [HiveMQ Platform Operator Init App 1.7.0-SNAPSHOT] Starting the HiveMQ Platform
2025-01-28 21:21:19,666 INFO c.h.h.t.HelmChartContainer - [test-hivemq-platform] [hivemq] [49cfa83b] -------------------------------------------------------------------------
2025-01-28 21:21:19,666 INFO c.h.h.t.HelmChartContainer - [test-hivemq-platform] [hivemq] [49cfa83b] 
2025-01-28 21:21:19,666 INFO c.h.h.t.HelmChartContainer - [test-hivemq-platform] [hivemq] [49cfa83b]                   _    _  _              __  __   ____
2025-01-28 21:21:19,666 INFO c.h.h.t.HelmChartContainer - [test-hivemq-platform] [hivemq] [49cfa83b]                  | |  | |(_)            |  \/  | / __ \
2025-01-28 21:21:19,666 INFO c.h.h.t.HelmChartContainer - [test-hivemq-platform] [hivemq] [49cfa83b]                  | |__| | _ __   __ ___ | \  / || |  | |
2025-01-28 21:21:19,666 INFO c.h.h.t.HelmChartContainer - [test-hivemq-platform] [hivemq] [49cfa83b]                  |  __  || |\ \ / // _ \| |\/| || |  | |
2025-01-28 21:21:19,666 INFO c.h.h.t.HelmChartContainer - [test-hivemq-platform] [hivemq] [49cfa83b]                  | |  | || | \ V /|  __/| |  | || |__| |
2025-01-28 21:21:19,666 INFO c.h.h.t.HelmChartContainer - [test-hivemq-platform] [hivemq] [49cfa83b]                  |_|  |_||_|  \_/  \___||_|  |_| \___\_\
2025-01-28 21:21:19,666 INFO c.h.h.t.HelmChartContainer - [test-hivemq-platform] [hivemq] [49cfa83b] 
2025-01-28 21:21:19,666 INFO c.h.h.t.HelmChartContainer - [test-hivemq-platform] [hivemq] [49cfa83b] -------------------------------------------------------------------------
2025-01-28 21:21:19,666 INFO c.h.h.t.HelmChartContainer - [test-hivemq-platform] [hivemq] [49cfa83b] 
2025-01-28 21:21:19,666 INFO c.h.h.t.HelmChartContainer - [test-hivemq-platform] [hivemq] [49cfa83b]   HiveMQ Start Script for Linux/Unix v1.14
2025-01-28 21:21:19,666 INFO c.h.h.t.HelmChartContainer - [test-hivemq-platform] [hivemq] [49cfa83b] 
2025-01-28 21:21:19,768 INFO c.h.h.t.HelmChartContainer - [test-hivemq-platform] [hivemq] [49cfa83b] -------------------------------------------------------------------------
2025-01-28 21:21:19,768 INFO c.h.h.t.HelmChartContainer - [test-hivemq-platform] [hivemq] [49cfa83b] 
2025-01-28 21:21:19,768 INFO c.h.h.t.HelmChartContainer - [test-hivemq-platform] [hivemq] [49cfa83b]   HIVEMQ_HOME: /opt/hivemq
2025-01-28 21:21:19,768 INFO c.h.h.t.HelmChartContainer - [test-hivemq-platform] [hivemq] [49cfa83b] 
2025-01-28 21:21:19,768 INFO c.h.h.t.HelmChartContainer - [test-hivemq-platform] [hivemq] [49cfa83b]   JAVA_OPTS: -XX:+UnlockExperimentalVMOptions -XX:InitialRAMPercentage=50 -XX:MaxRAMPercentage=50 -Djava.net.preferIPv4Stack=true --add-opens java.base/java.lang=ALL-UNNAMED --add-opens java.base/java.nio=ALL-UNNAMED --add-opens java.base/sun.nio.ch=ALL-UNNAMED --add-opens jdk.management/com.sun.management.internal=ALL-UNNAMED --add-exports java.base/jdk.internal.misc=ALL-UNNAMED -Djava.security.egd=file:/dev/./urandom -Dcom.sun.management.jmxremote -Dcom.sun.management.jmxremote.port=9010 -Dcom.sun.management.jmxremote.local.only=false -Dcom.sun.management.jmxremote.authenticate=false -Dcom.sun.management.jmxremote.ssl=false -Duser.language=en -Duser.region=US -XX:+CrashOnOutOfMemoryError -XX:+HeapDumpOnOutOfMemoryError
2025-01-28 21:21:19,768 INFO c.h.h.t.HelmChartContainer - [test-hivemq-platform] [hivemq] [49cfa83b] 
2025-01-28 21:21:19,768 INFO c.h.h.t.HelmChartContainer - [test-hivemq-platform] [hivemq] [49cfa83b]   JAVA_VERSION: 21
2025-01-28 21:21:19,768 INFO c.h.h.t.HelmChartContainer - [test-hivemq-platform] [hivemq] [49cfa83b] 
2025-01-28 21:21:19,768 INFO c.h.h.t.HelmChartContainer - [test-hivemq-platform] [hivemq] [49cfa83b] -------------------------------------------------------------------------
2025-01-28 21:21:19,768 INFO c.h.h.t.HelmChartContainer - [test-hivemq-platform] [hivemq] [49cfa83b] 
2025-01-28 21:21:21,667 INFO c.h.h.t.HelmChartContainer - [EVENT] Warning [Unhealthy] Readiness probe failed: HTTP probe failed with statuscode: 503 [helmvolumeclaimtemplatesit:test-hivemq-platform-2]
2025-01-28 21:21:21,667 INFO c.h.h.t.HelmChartContainer - Received Unhealthy event for container hivemq in pod test-hivemq-platform-2 [49cfa83b-de70-4fb8-8087-4cdfd102438c]
2025-01-28 21:21:21,698 INFO c.h.h.t.HelmChartContainer - [hivemq-test-hivemq-platform] [hivemq-platform-operator] [68e05e19] 21:21:21.697 [pool-6-thread-32] DEBUG c.h.p.o.d.PlatformServiceResource - [helmvolu] Desired Platform services (3 services)
2025-01-28 21:21:21,700 INFO c.h.h.t.HelmChartContainer - [hivemq-test-hivemq-platform] [hivemq-platform-operator] [68e05e19] 21:21:21.697 [pool-6-thread-33] DEBUG c.h.p.o.dependants.PodInfoConfigMap - [helmvolu] Desired PodInfo ConfigMap (1 extensions) (1 enabled)
2025-01-28 21:21:21,701 INFO c.h.h.t.HelmChartContainer - [hivemq-test-hivemq-platform] [hivemq-platform-operator] [68e05e19] 21:21:21.697 [pool-6-thread-33] DEBUG c.h.p.o.dependants.PodInfoConfigMap - [helmvolu] Desired PodInfo ConfigMap (metrics port: 9399) (metrics path: /)
2025-01-28 21:21:21,701 INFO c.h.h.t.HelmChartContainer - [hivemq-test-hivemq-platform] [hivemq-platform-operator] [68e05e19] 21:21:21.698 [pool-6-thread-33] DEBUG c.h.p.o.dependants.PodInfoConfigMap - [helmvolu] Desired PodInfo ConfigMap (extension state hash: -1817474005)
2025-01-28 21:21:21,703 INFO c.h.h.t.HelmChartContainer - [hivemq-test-hivemq-platform] [hivemq-platform-operator] [68e05e19] 21:21:21.701 [pool-6-thread-39] DEBUG c.h.p.o.d.PodServiceAccountResource - [helmvolu] Desired PodServiceAccountResource (serviceAccountName: hivemq-platform-pod-test-hivemq-platform)
2025-01-28 21:21:21,710 INFO c.h.h.t.HelmChartContainer - [hivemq-test-hivemq-platform] [hivemq-platform-operator] [68e05e19] 21:21:21.708 [pool-6-thread-32] DEBUG c.h.p.o.d.StatefulSetResource - [helmvolu] Desired StatefulSet (3 replicas) for status ROLLING_RESTART (SURGE_IN_PROGRESS)
2025-01-28 21:21:21,714 INFO c.h.h.t.HelmChartContainer - [hivemq-test-hivemq-platform] [hivemq-platform-operator] [68e05e19] 21:21:21.711 [ReconcilerExecutor-hivemq-controller-137] INFO  c.h.p.o.HiveMQPlatformReconciler - [helmvolu] Reconciling HiveMQ Platform 'test-hivemq-platform' in namespace 'helmvolumeclaimtemplatesit'
2025-01-28 21:21:21,714 INFO c.h.h.t.HelmChartContainer - [hivemq-test-hivemq-platform] [hivemq-platform-operator] [68e05e19] 21:21:21.711 [ReconcilerExecutor-hivemq-controller-137] DEBUG c.h.p.o.HiveMQPlatformReconciler - [helmvolu] Custom Resource Status ROLLING_RESTART - HiveMQ Platform is starting a surge Pod (rolling restart) (SURGE_IN_PROGRESS)
2025-01-28 21:21:21,716 INFO c.h.h.t.HelmChartContainer - [hivemq-test-hivemq-platform] [hivemq-platform-operator] [68e05e19] 21:21:21.711 [ReconcilerExecutor-hivemq-controller-137] DEBUG c.h.p.o.HiveMQPlatformReconciler - [helmvolu] Custom Resource Spec (replicas: 2) (extensions: 1)
2025-01-28 21:21:21,716 INFO c.h.h.t.HelmChartContainer - [hivemq-test-hivemq-platform] [hivemq-platform-operator] [68e05e19] 21:21:21.713 [ReconcilerExecutor-hivemq-controller-137] DEBUG c.h.p.o.HiveMQPlatformReconciler - [helmvolu] StatefulSet Status (revision: test-hivemq-platform-59475f86c9, replicas: 3, available: 2, ready: 2, current: 2, updated: 1)
2025-01-28 21:21:21,717 INFO c.h.h.t.HelmChartContainer - [hivemq-test-hivemq-platform] [hivemq-platform-operator] [68e05e19] 21:21:21.713 [ReconcilerExecutor-hivemq-controller-137] DEBUG c.h.p.o.HiveMQPlatformReconciler - [helmvolu] StatefulSet Spec (replicas: 3, init containers: 1, containers: 1, volumes: 4)
2025-01-28 21:21:21,719 INFO c.h.h.t.HelmChartContainer - [hivemq-test-hivemq-platform] [hivemq-platform-operator] [68e05e19] 21:21:21.717 [ReconcilerExecutor-hivemq-controller-137] DEBUG c.h.p.o.h.HiveMQPlatformReconcilerErrorHandler - [helmvolu] Pod 'test-hivemq-platform-2' phase Running
2025-01-28 21:21:21,719 INFO c.h.h.t.HelmChartContainer - [hivemq-test-hivemq-platform] [hivemq-platform-operator] [68e05e19] 21:21:21.718 [ReconcilerExecutor-hivemq-controller-137] DEBUG c.h.p.o.h.HiveMQPlatformReconcilerErrorHandler - [helmvolu] Pod 'test-hivemq-platform-1' phase Running
2025-01-28 21:21:21,790 INFO c.h.h.t.HelmChartContainer - [hivemq-test-hivemq-platform] [hivemq-platform-operator] [68e05e19] 21:21:21.788 [ReconcilerExecutor-hivemq-controller-137] DEBUG c.h.p.o.h.HiveMQPlatformReconcilerErrorHandler - [helmvolu] Pod 'test-hivemq-platform-0' phase Running
2025-01-28 21:21:21,790 INFO c.h.h.t.HelmChartContainer - [hivemq-test-hivemq-platform] [hivemq-platform-operator] [68e05e19] 21:21:21.789 [ReconcilerExecutor-hivemq-controller-137] DEBUG c.h.p.o.h.HiveMQPlatformReconcilerRollingRestartHandler - [helmvolu] Rolling restart is waiting for 2 of 3 replicas
2025-01-28 21:21:22,361 INFO c.h.h.t.HelmChartContainer - [test-hivemq-platform] [hivemq] [49cfa83b] INFO  - Starting HiveMQ Enterprise Server
2025-01-28 21:21:22,387 INFO c.h.h.t.HelmChartContainer - [test-hivemq-platform] [hivemq] [49cfa83b] INFO  - HiveMQ version: 4.36.0
2025-01-28 21:21:22,387 INFO c.h.h.t.HelmChartContainer - [test-hivemq-platform] [hivemq] [49cfa83b] INFO  - HiveMQ home directory: /opt/hivemq
2025-01-28 21:21:22,388 INFO c.h.h.t.HelmChartContainer - [test-hivemq-platform] [hivemq] [49cfa83b] INFO  - Log Configuration was overridden by /opt/hivemq/conf/logback.xml
2025-01-28 21:21:23,688 INFO c.h.h.t.HelmChartContainer - [test-hivemq-platform] [hivemq] [49cfa83b] INFO  - Successfully loaded configuration from '/opt/hivemq/conf-k8s/config.xml'.
2025-01-28 21:21:24,093 INFO c.h.h.t.HelmChartContainer - [test-hivemq-platform] [hivemq] [49cfa83b] INFO  - This node's ID is 5GGFb
2025-01-28 21:21:24,094 INFO c.h.h.t.HelmChartContainer - [test-hivemq-platform] [hivemq] [49cfa83b] INFO  - Clustering is enabled
2025-01-28 21:21:26,893 INFO c.h.h.t.HelmChartContainer - [test-hivemq-platform] [hivemq] [49cfa83b] WARN  - [HiveMQ Platform Operator Init App 1.7.0-SNAPSHOT] Cannot connect to Health API for readiness: null
2025-01-28 21:21:26,900 INFO c.h.h.t.HelmChartContainer - [EVENT] Warning [Unhealthy] Readiness probe failed: HTTP probe failed with statuscode: 503 [helmvolumeclaimtemplatesit:test-hivemq-platform-2]
2025-01-28 21:21:26,900 INFO c.h.h.t.HelmChartContainer - Received Unhealthy event for container hivemq in pod test-hivemq-platform-2 [49cfa83b-de70-4fb8-8087-4cdfd102438c]
2025-01-28 21:21:28,588 INFO c.h.h.t.HelmChartContainer - [test-hivemq-platform] [hivemq] [49cfa83b] WARN  - [HiveMQ Platform Operator Init App 1.7.0-SNAPSHOT] Cannot connect to Health API for liveness: null
2025-01-28 21:21:28,588 INFO c.h.h.t.HelmChartContainer - [test-hivemq-platform] [hivemq] [49cfa83b] INFO  - [HiveMQ Platform Operator Init App 1.7.0-SNAPSHOT] Returning default Health API response 200 for liveness
2025-01-28 21:21:31,687 INFO c.h.h.t.HelmChartContainer - [test-hivemq-platform] [hivemq] [49cfa83b] WARN  - [HiveMQ Platform Operator Init App 1.7.0-SNAPSHOT] Cannot connect to Health API for readiness: null
2025-01-28 21:21:31,693 INFO c.h.h.t.HelmChartContainer - [EVENT] Warning [Unhealthy] Readiness probe failed: HTTP probe failed with statuscode: 503 [helmvolumeclaimtemplatesit:test-hivemq-platform-2]
2025-01-28 21:21:31,693 INFO c.h.h.t.HelmChartContainer - Received Unhealthy event for container hivemq in pod test-hivemq-platform-2 [49cfa83b-de70-4fb8-8087-4cdfd102438c]
2025-01-28 21:21:31,805 INFO c.h.h.t.HelmChartContainer - [hivemq-test-hivemq-platform] [hivemq-platform-operator] [68e05e19] 21:21:31.804 [pool-6-thread-49] DEBUG c.h.p.o.d.PlatformServiceResource - [helmvolu] Desired Platform services (3 services)
2025-01-28 21:21:31,811 INFO c.h.h.t.HelmChartContainer - [hivemq-test-hivemq-platform] [hivemq-platform-operator] [68e05e19] 21:21:31.806 [pool-6-thread-42] DEBUG c.h.p.o.d.PodServiceAccountResource - [helmvolu] Desired PodServiceAccountResource (serviceAccountName: hivemq-platform-pod-test-hivemq-platform)
2025-01-28 21:21:31,812 INFO c.h.h.t.HelmChartContainer - [hivemq-test-hivemq-platform] [hivemq-platform-operator] [68e05e19] 21:21:31.807 [pool-6-thread-44] DEBUG c.h.p.o.dependants.PodInfoConfigMap - [helmvolu] Desired PodInfo ConfigMap (1 extensions) (1 enabled)
2025-01-28 21:21:31,812 INFO c.h.h.t.HelmChartContainer - [hivemq-test-hivemq-platform] [hivemq-platform-operator] [68e05e19] 21:21:31.810 [pool-6-thread-44] DEBUG c.h.p.o.dependants.PodInfoConfigMap - [helmvolu] Desired PodInfo ConfigMap (metrics port: 9399) (metrics path: /)
2025-01-28 21:21:31,812 INFO c.h.h.t.HelmChartContainer - [hivemq-test-hivemq-platform] [hivemq-platform-operator] [68e05e19] 21:21:31.810 [pool-6-thread-44] DEBUG c.h.p.o.dependants.PodInfoConfigMap - [helmvolu] Desired PodInfo ConfigMap (extension state hash: -1817474005)
2025-01-28 21:21:31,814 INFO c.h.h.t.HelmChartContainer - [hivemq-test-hivemq-platform] [hivemq-platform-operator] [68e05e19] 21:21:31.814 [pool-6-thread-47] DEBUG c.h.p.o.d.StatefulSetResource - [helmvolu] Desired StatefulSet (3 replicas) for status ROLLING_RESTART (SURGE_IN_PROGRESS)
2025-01-28 21:21:31,905 INFO c.h.h.t.HelmChartContainer - [hivemq-test-hivemq-platform] [hivemq-platform-operator] [68e05e19] 21:21:31.889 [ReconcilerExecutor-hivemq-controller-138] INFO  c.h.p.o.HiveMQPlatformReconciler - [helmvolu] Reconciling HiveMQ Platform 'test-hivemq-platform' in namespace 'helmvolumeclaimtemplatesit'
2025-01-28 21:21:31,905 INFO c.h.h.t.HelmChartContainer - [hivemq-test-hivemq-platform] [hivemq-platform-operator] [68e05e19] 21:21:31.889 [ReconcilerExecutor-hivemq-controller-138] DEBUG c.h.p.o.HiveMQPlatformReconciler - [helmvolu] Custom Resource Status ROLLING_RESTART - HiveMQ Platform is starting a surge Pod (rolling restart) (SURGE_IN_PROGRESS)
2025-01-28 21:21:31,905 INFO c.h.h.t.HelmChartContainer - [hivemq-test-hivemq-platform] [hivemq-platform-operator] [68e05e19] 21:21:31.889 [ReconcilerExecutor-hivemq-controller-138] DEBUG c.h.p.o.HiveMQPlatformReconciler - [helmvolu] Custom Resource Spec (replicas: 2) (extensions: 1)
2025-01-28 21:21:31,905 INFO c.h.h.t.HelmChartContainer - [hivemq-test-hivemq-platform] [hivemq-platform-operator] [68e05e19] 21:21:31.891 [ReconcilerExecutor-hivemq-controller-138] DEBUG c.h.p.o.HiveMQPlatformReconciler - [helmvolu] StatefulSet Status (revision: test-hivemq-platform-59475f86c9, replicas: 3, available: 2, ready: 2, current: 2, updated: 1)
2025-01-28 21:21:31,905 INFO c.h.h.t.HelmChartContainer - [hivemq-test-hivemq-platform] [hivemq-platform-operator] [68e05e19] 21:21:31.891 [ReconcilerExecutor-hivemq-controller-138] DEBUG c.h.p.o.HiveMQPlatformReconciler - [helmvolu] StatefulSet Spec (replicas: 3, init containers: 1, containers: 1, volumes: 4)
2025-01-28 21:21:31,905 INFO c.h.h.t.HelmChartContainer - [hivemq-test-hivemq-platform] [hivemq-platform-operator] [68e05e19] 21:21:31.892 [ReconcilerExecutor-hivemq-controller-138] DEBUG c.h.p.o.h.HiveMQPlatformReconcilerErrorHandler - [helmvolu] Pod 'test-hivemq-platform-2' phase Running
2025-01-28 21:21:31,905 INFO c.h.h.t.HelmChartContainer - [hivemq-test-hivemq-platform] [hivemq-platform-operator] [68e05e19] 21:21:31.895 [ReconcilerExecutor-hivemq-controller-138] DEBUG c.h.p.o.h.HiveMQPlatformReconcilerErrorHandler - [helmvolu] Pod 'test-hivemq-platform-1' phase Running
2025-01-28 21:21:31,905 INFO c.h.h.t.HelmChartContainer - [hivemq-test-hivemq-platform] [hivemq-platform-operator] [68e05e19] 21:21:31.896 [ReconcilerExecutor-hivemq-controller-138] DEBUG c.h.p.o.h.HiveMQPlatformReconcilerErrorHandler - [helmvolu] Pod 'test-hivemq-platform-0' phase Running
2025-01-28 21:21:31,905 INFO c.h.h.t.HelmChartContainer - [hivemq-test-hivemq-platform] [hivemq-platform-operator] [68e05e19] 21:21:31.897 [ReconcilerExecutor-hivemq-controller-138] DEBUG c.h.p.o.h.HiveMQPlatformReconcilerRollingRestartHandler - [helmvolu] Rolling restart is waiting for 2 of 3 replicas
2025-01-28 21:21:36,688 INFO c.h.h.t.HelmChartContainer - [test-hivemq-platform] [hivemq] [49cfa83b] WARN  - [HiveMQ Platform Operator Init App 1.7.0-SNAPSHOT] Cannot connect to Health API for readiness: null
2025-01-28 21:21:36,693 INFO c.h.h.t.HelmChartContainer - [EVENT] Warning [Unhealthy] Readiness probe failed: HTTP probe failed with statuscode: 503 [helmvolumeclaimtemplatesit:test-hivemq-platform-2]
2025-01-28 21:21:36,693 INFO c.h.h.t.HelmChartContainer - Received Unhealthy event for container hivemq in pod test-hivemq-platform-2 [49cfa83b-de70-4fb8-8087-4cdfd102438c]
2025-01-28 21:21:37,804 INFO c.h.h.t.HelmChartContainer - [test-hivemq-platform] [hivemq] [49cfa83b] INFO  - No valid license file found. Using trial license, restricted to 25 connections.
2025-01-28 21:21:38,625 INFO c.h.h.t.HelmChartContainer - [K3S] [INFO] COMPACT compactRev=0 targetCompactRev=2 currentRev=1044
2025-01-28 21:21:38,625 INFO c.h.h.t.HelmChartContainer - [K3S] [INFO] COMPACT deleted 0 rows from 2 revisions in 427.767µs - compacted to 2/1044
2025-01-28 21:21:38,625 INFO c.h.h.t.HelmChartContainer - [K3S] [INFO] COMPACT compacted from 0 to 2 in 1 transactions over 1ms
2025-01-28 21:21:40,786 INFO c.h.h.t.HelmChartContainer - [test-hivemq-platform] [hivemq] [49cfa83b] INFO  - No valid license file for Data Hub found. Using free license, restricted to 1 policy.
2025-01-28 21:21:41,442 INFO c.h.h.t.HelmChartContainer - [K3S] [info.go:53] Couldn't collect info from any of the files in "/etc/machine-id,/var/lib/dbus/machine-id"
2025-01-28 21:21:41,607 INFO c.h.h.t.HelmChartContainer - [test-hivemq-platform] [hivemq] [49cfa83b] WARN  - [HiveMQ Platform Operator Init App 1.7.0-SNAPSHOT] Cannot connect to Health API for readiness: null
2025-01-28 21:21:41,612 INFO c.h.h.t.HelmChartContainer - [EVENT] Warning [Unhealthy] Readiness probe failed: HTTP probe failed with statuscode: 503 [helmvolumeclaimtemplatesit:test-hivemq-platform-2]
2025-01-28 21:21:41,612 INFO c.h.h.t.HelmChartContainer - Received Unhealthy event for container hivemq in pod test-hivemq-platform-2 [49cfa83b-de70-4fb8-8087-4cdfd102438c]
2025-01-28 21:21:41,907 INFO c.h.h.t.HelmChartContainer - [hivemq-test-hivemq-platform] [hivemq-platform-operator] [68e05e19] 21:21:41.901 [pool-6-thread-8] DEBUG c.h.p.o.d.PlatformServiceResource - [helmvolu] Desired Platform services (3 services)
2025-01-28 21:21:41,907 INFO c.h.h.t.HelmChartContainer - [hivemq-test-hivemq-platform] [hivemq-platform-operator] [68e05e19] 21:21:41.903 [pool-6-thread-3] DEBUG c.h.p.o.d.PodServiceAccountResource - [helmvolu] Desired PodServiceAccountResource (serviceAccountName: hivemq-platform-pod-test-hivemq-platform)
2025-01-28 21:21:41,908 INFO c.h.h.t.HelmChartContainer - [hivemq-test-hivemq-platform] [hivemq-platform-operator] [68e05e19] 21:21:41.907 [pool-6-thread-7] DEBUG c.h.p.o.dependants.PodInfoConfigMap - [helmvolu] Desired PodInfo ConfigMap (1 extensions) (1 enabled)
2025-01-28 21:21:41,908 INFO c.h.h.t.HelmChartContainer - [hivemq-test-hivemq-platform] [hivemq-platform-operator] [68e05e19] 21:21:41.907 [pool-6-thread-7] DEBUG c.h.p.o.dependants.PodInfoConfigMap - [helmvolu] Desired PodInfo ConfigMap (metrics port: 9399) (metrics path: /)
2025-01-28 21:21:41,908 INFO c.h.h.t.HelmChartContainer - [hivemq-test-hivemq-platform] [hivemq-platform-operator] [68e05e19] 21:21:41.907 [pool-6-thread-7] DEBUG c.h.p.o.dependants.PodInfoConfigMap - [helmvolu] Desired PodInfo ConfigMap (extension state hash: -1817474005)
2025-01-28 21:21:41,913 INFO c.h.h.t.HelmChartContainer - [test-hivemq-platform] [hivemq] [49cfa83b] INFO  - Audit Logger started.
2025-01-28 21:21:41,915 INFO c.h.h.t.HelmChartContainer - [hivemq-test-hivemq-platform] [hivemq-platform-operator] [68e05e19] 21:21:41.914 [pool-6-thread-3] DEBUG c.h.p.o.d.StatefulSetResource - [helmvolu] Desired StatefulSet (3 replicas) for status ROLLING_RESTART (SURGE_IN_PROGRESS)
2025-01-28 21:21:41,922 INFO c.h.h.t.HelmChartContainer - [hivemq-test-hivemq-platform] [hivemq-platform-operator] [68e05e19] 21:21:41.919 [ReconcilerExecutor-hivemq-controller-139] INFO  c.h.p.o.HiveMQPlatformReconciler - [helmvolu] Reconciling HiveMQ Platform 'test-hivemq-platform' in namespace 'helmvolumeclaimtemplatesit'
2025-01-28 21:21:41,922 INFO c.h.h.t.HelmChartContainer - [hivemq-test-hivemq-platform] [hivemq-platform-operator] [68e05e19] 21:21:41.919 [ReconcilerExecutor-hivemq-controller-139] DEBUG c.h.p.o.HiveMQPlatformReconciler - [helmvolu] Custom Resource Status ROLLING_RESTART - HiveMQ Platform is starting a surge Pod (rolling restart) (SURGE_IN_PROGRESS)
2025-01-28 21:21:41,922 INFO c.h.h.t.HelmChartContainer - [hivemq-test-hivemq-platform] [hivemq-platform-operator] [68e05e19] 21:21:41.919 [ReconcilerExecutor-hivemq-controller-139] DEBUG c.h.p.o.HiveMQPlatformReconciler - [helmvolu] Custom Resource Spec (replicas: 2) (extensions: 1)
2025-01-28 21:21:41,923 INFO c.h.h.t.HelmChartContainer - [hivemq-test-hivemq-platform] [hivemq-platform-operator] [68e05e19] 21:21:41.921 [ReconcilerExecutor-hivemq-controller-139] DEBUG c.h.p.o.HiveMQPlatformReconciler - [helmvolu] StatefulSet Status (revision: test-hivemq-platform-59475f86c9, replicas: 3, available: 2, ready: 2, current: 2, updated: 1)
2025-01-28 21:21:41,924 INFO c.h.h.t.HelmChartContainer - [hivemq-test-hivemq-platform] [hivemq-platform-operator] [68e05e19] 21:21:41.921 [ReconcilerExecutor-hivemq-controller-139] DEBUG c.h.p.o.HiveMQPlatformReconciler - [helmvolu] StatefulSet Spec (replicas: 3, init containers: 1, containers: 1, volumes: 4)
2025-01-28 21:21:41,924 INFO c.h.h.t.HelmChartContainer - [hivemq-test-hivemq-platform] [hivemq-platform-operator] [68e05e19] 21:21:41.922 [ReconcilerExecutor-hivemq-controller-139] DEBUG c.h.p.o.h.HiveMQPlatformReconcilerErrorHandler - [helmvolu] Pod 'test-hivemq-platform-2' phase Running
2025-01-28 21:21:41,925 INFO c.h.h.t.HelmChartContainer - [hivemq-test-hivemq-platform] [hivemq-platform-operator] [68e05e19] 21:21:41.923 [ReconcilerExecutor-hivemq-controller-139] DEBUG c.h.p.o.h.HiveMQPlatformReconcilerErrorHandler - [helmvolu] Pod 'test-hivemq-platform-1' phase Running
2025-01-28 21:21:41,925 INFO c.h.h.t.HelmChartContainer - [hivemq-test-hivemq-platform] [hivemq-platform-operator] [68e05e19] 21:21:41.924 [ReconcilerExecutor-hivemq-controller-139] DEBUG c.h.p.o.h.HiveMQPlatformReconcilerErrorHandler - [helmvolu] Pod 'test-hivemq-platform-0' phase Running
2025-01-28 21:21:41,926 INFO c.h.h.t.HelmChartContainer - [hivemq-test-hivemq-platform] [hivemq-platform-operator] [68e05e19] 21:21:41.925 [ReconcilerExecutor-hivemq-controller-139] DEBUG c.h.p.o.h.HiveMQPlatformReconcilerRollingRestartHandler - [helmvolu] Rolling restart is waiting for 2 of 3 replicas
2025-01-28 21:21:42,286 INFO c.h.h.t.HelmChartContainer - [test-hivemq-platform] [hivemq] [49cfa83b] INFO  - This node uses '1' CPU cores.
2025-01-28 21:21:42,291 INFO c.h.h.t.HelmChartContainer - [test-hivemq-platform] [hivemq] [49cfa83b] INFO  - Starting HiveMQ Health API on address 0.0.0.0 and port 8889
2025-01-28 21:21:43,099 INFO c.h.h.t.HelmChartContainer - [test-hivemq-platform] [hivemq] [49cfa83b] INFO  - Started HiveMQ Health API in 807ms
2025-01-28 21:21:44,001 INFO c.h.h.t.HelmChartContainer - [test-hivemq-platform] [hivemq] [49cfa83b] INFO  - Starting HiveMQ extension system.
2025-01-28 21:21:44,285 INFO c.h.h.t.HelmChartContainer - [test-hivemq-platform] [hivemq] [49cfa83b] INFO  - Starting extension with id "hivemq-dns-cluster-discovery" at /opt/hivemq/extensions/hivemq-dns-cluster-discovery
2025-01-28 21:21:44,763 INFO c.h.h.t.HelmChartContainer - [test-hivemq-platform] [hivemq] [49cfa83b] INFO  - Extension "DNS Cluster Discovery Extension" version 4.3.2 started successfully.
2025-01-28 21:21:44,763 INFO c.h.h.t.HelmChartContainer - [test-hivemq-platform] [hivemq] [49cfa83b] INFO  - Starting extension with id "hivemq-prometheus-extension" at /opt/hivemq/extensions/hivemq-prometheus-extension
2025-01-28 21:21:44,995 INFO c.h.h.t.HelmChartContainer - [test-hivemq-platform] [hivemq] [49cfa83b] INFO  - Using TCP cluster transport on address 10.42.0.13 and port 7000
2025-01-28 21:21:45,091 INFO c.h.h.t.HelmChartContainer - [test-hivemq-platform] [hivemq] [49cfa83b] INFO  - Using extension cluster discovery
2025-01-28 21:21:45,891 INFO c.h.h.t.HelmChartContainer - [test-hivemq-platform] [hivemq] [49cfa83b] INFO  - Started Jetty Server exposing Prometheus Servlet on URI http://0.0.0.0:9399/
2025-01-28 21:21:45,892 INFO c.h.h.t.HelmChartContainer - [test-hivemq-platform] [hivemq] [49cfa83b] INFO  - Extension "Prometheus Monitoring Extension" version 4.0.12 started successfully.
2025-01-28 21:21:45,892 INFO c.h.h.t.HelmChartContainer - [test-hivemq-platform] [hivemq] [49cfa83b] INFO  - Starting extension with id "hivemq-allow-all-extension" at /opt/hivemq/extensions/hivemq-allow-all-extension
2025-01-28 21:21:45,892 INFO c.h.h.t.HelmChartContainer - [test-hivemq-platform] [hivemq] [49cfa83b] WARN  - 
2025-01-28 21:21:45,892 INFO c.h.h.t.HelmChartContainer - [test-hivemq-platform] [hivemq] [49cfa83b] ################################################################################################################
2025-01-28 21:21:45,892 INFO c.h.h.t.HelmChartContainer - [test-hivemq-platform] [hivemq] [49cfa83b] # This HiveMQ deployment is not secure! You are lacking Authentication and Authorization.                      #
2025-01-28 21:21:45,892 INFO c.h.h.t.HelmChartContainer - [test-hivemq-platform] [hivemq] [49cfa83b] # Right now any MQTT client can connect to the broker with a full set of permissions.                          #
2025-01-28 21:21:45,892 INFO c.h.h.t.HelmChartContainer - [test-hivemq-platform] [hivemq] [49cfa83b] # For production usage, add an appropriate security extension and remove the hivemq-allow-all extension.       #
2025-01-28 21:21:45,892 INFO c.h.h.t.HelmChartContainer - [test-hivemq-platform] [hivemq] [49cfa83b] # You can download security extensions from the HiveMQ Marketplace (https://www.hivemq.com/extensions/).       #
2025-01-28 21:21:45,892 INFO c.h.h.t.HelmChartContainer - [test-hivemq-platform] [hivemq] [49cfa83b] ################################################################################################################
2025-01-28 21:21:45,892 INFO c.h.h.t.HelmChartContainer - [test-hivemq-platform] [hivemq] [49cfa83b] INFO  - Extension "Allow All Extension" version 1.1.1 started successfully.
2025-01-28 21:21:46,064 INFO c.h.h.t.HelmChartContainer - [test-hivemq-platform] [hivemq] [66608005] INFO  - Cluster nodes found by discovery: [eB0sK|2] (3) [eB0sK, PgHYT, 5GGFb].
2025-01-28 21:21:46,066 INFO c.h.h.t.HelmChartContainer - [test-hivemq-platform] [hivemq] [9b8a3da7] INFO  - Cluster nodes found by discovery: [eB0sK|2] (3) [eB0sK, PgHYT, 5GGFb].
2025-01-28 21:21:46,094 INFO c.h.h.t.HelmChartContainer - [test-hivemq-platform] [hivemq] [49cfa83b] INFO  - Cluster nodes found by discovery: [eB0sK|2] (3) [eB0sK, PgHYT, 5GGFb].
2025-01-28 21:21:46,285 INFO c.h.h.t.HelmChartContainer - [test-hivemq-platform] [hivemq] [49cfa83b] INFO  - Cluster size = 1, members : [eB0sK].
2025-01-28 21:21:46,288 INFO c.h.h.t.HelmChartContainer - [test-hivemq-platform] [hivemq] [49cfa83b] INFO  - Cluster size = 2, members : [eB0sK, PgHYT].
2025-01-28 21:21:46,593 INFO c.h.h.t.HelmChartContainer - [test-hivemq-platform] [hivemq] [49cfa83b] INFO  - Starting cluster join process. This may take a while. Please do not shut down HiveMQ.
2025-01-28 21:21:46,597 INFO c.h.h.t.HelmChartContainer - [test-hivemq-platform] [hivemq] [49cfa83b] INFO  - Cluster join process is still ongoing. Please do not shut down HiveMQ.
2025-01-28 21:21:47,597 INFO c.h.h.t.HelmChartContainer - [test-hivemq-platform] [hivemq] [49cfa83b] INFO  - [HiveMQ Platform Operator Init App 1.7.0-SNAPSHOT] Returning Health API response 503 for readiness
2025-01-28 21:21:47,601 INFO c.h.h.t.HelmChartContainer - [EVENT] Warning [Unhealthy] Readiness probe failed: HTTP probe failed with statuscode: 503 [helmvolumeclaimtemplatesit:test-hivemq-platform-2]
2025-01-28 21:21:47,601 INFO c.h.h.t.HelmChartContainer - Received Unhealthy event for container hivemq in pod test-hivemq-platform-2 [49cfa83b-de70-4fb8-8087-4cdfd102438c]
2025-01-28 21:21:48,601 INFO c.h.h.t.HelmChartContainer - [test-hivemq-platform] [hivemq] [66608005] INFO  - Cluster size = 3, members : [eB0sK, PgHYT, 5GGFb].
2025-01-28 21:21:48,608 INFO c.h.h.t.HelmChartContainer - [test-hivemq-platform] [hivemq] [9b8a3da7] INFO  - Cluster size = 3, members : [eB0sK, PgHYT, 5GGFb].
2025-01-28 21:21:48,622 INFO c.h.h.t.HelmChartContainer - [test-hivemq-platform] [hivemq] [49cfa83b] INFO  - Cluster size = 3, members : [eB0sK, PgHYT, 5GGFb].
2025-01-28 21:21:48,627 INFO c.h.h.t.HelmChartContainer - [test-hivemq-platform] [hivemq] [49cfa83b] INFO  - Finished cluster join process successfully.
2025-01-28 21:21:48,687 INFO c.h.h.t.HelmChartContainer - [test-hivemq-platform] [hivemq] [49cfa83b] WARN  - No user for HiveMQ Control Center configured. Starting with default user
2025-01-28 21:21:48,687 INFO c.h.h.t.HelmChartContainer - [test-hivemq-platform] [hivemq] [49cfa83b] INFO  - Starting HiveMQ Control Center on address 0.0.0.0 and port 8080
2025-01-28 21:21:48,693 INFO c.h.h.t.HelmChartContainer - [test-hivemq-platform] [hivemq] [49cfa83b] INFO  - Mounting HiveMQ Control Center V2 Preview
2025-01-28 21:21:49,494 INFO c.h.h.t.HelmChartContainer - [test-hivemq-platform] [hivemq] [49cfa83b] INFO  - Started HiveMQ Control Center in 864ms
2025-01-28 21:21:49,589 INFO c.h.h.t.HelmChartContainer - [test-hivemq-platform] [hivemq] [49cfa83b] INFO  - Starting TCP listener on address 0.0.0.0 and port 1884
2025-01-28 21:21:49,662 INFO c.h.h.t.HelmChartContainer - [test-hivemq-platform] [hivemq] [49cfa83b] INFO  - Started TCP Listener on address 0.0.0.0 and on port 1884.
2025-01-28 21:21:49,663 INFO c.h.h.t.HelmChartContainer - [test-hivemq-platform] [hivemq] [49cfa83b] INFO  - Started HiveMQ in 27759ms
2025-01-28 21:21:51,609 INFO c.h.h.t.HelmChartContainer - [test-hivemq-platform] [hivemq] [49cfa83b] INFO  - [HiveMQ Platform Operator Init App 1.7.0-SNAPSHOT] Returning Health API response 200 for readiness
2025-01-28 21:21:51,622 INFO c.h.h.t.HelmChartContainer - [POD] test-hivemq-platform-2 [49cfa83b-de70-4fb8-8087-4cdfd102438c] in helmvolumeclaimtemplatesit was MODIFIED
2025-01-28 21:21:51,629 INFO c.h.h.t.HelmChartContainer - [hivemq-test-hivemq-platform] [hivemq-platform-operator] [68e05e19] 21:21:51.626 [pool-6-thread-20] DEBUG c.h.p.o.d.PlatformServiceResource - [helmvolu] Desired Platform services (3 services)
2025-01-28 21:21:51,633 INFO c.h.h.t.HelmChartContainer - [hivemq-test-hivemq-platform] [hivemq-platform-operator] [68e05e19] 21:21:51.626 [pool-6-thread-14] DEBUG c.h.p.o.dependants.PodInfoConfigMap - [helmvolu] Desired PodInfo ConfigMap (1 extensions) (1 enabled)
2025-01-28 21:21:51,633 INFO c.h.h.t.HelmChartContainer - [hivemq-test-hivemq-platform] [hivemq-platform-operator] [68e05e19] 21:21:51.626 [pool-6-thread-14] DEBUG c.h.p.o.dependants.PodInfoConfigMap - [helmvolu] Desired PodInfo ConfigMap (metrics port: 9399) (metrics path: /)
2025-01-28 21:21:51,633 INFO c.h.h.t.HelmChartContainer - [hivemq-test-hivemq-platform] [hivemq-platform-operator] [68e05e19] 21:21:51.626 [pool-6-thread-14] DEBUG c.h.p.o.dependants.PodInfoConfigMap - [helmvolu] Desired PodInfo ConfigMap (extension state hash: -1817474005)
2025-01-28 21:21:51,633 INFO c.h.h.t.HelmChartContainer - [hivemq-test-hivemq-platform] [hivemq-platform-operator] [68e05e19] 21:21:51.628 [pool-6-thread-14] DEBUG c.h.p.o.d.PodServiceAccountResource - [helmvolu] Desired PodServiceAccountResource (serviceAccountName: hivemq-platform-pod-test-hivemq-platform)
2025-01-28 21:21:51,641 INFO c.h.h.t.HelmChartContainer - [hivemq-test-hivemq-platform] [hivemq-platform-operator] [68e05e19] 21:21:51.636 [pool-6-thread-20] DEBUG c.h.p.o.d.StatefulSetResource - [helmvolu] Desired StatefulSet (3 replicas) for status ROLLING_RESTART (SURGE_IN_PROGRESS)
2025-01-28 21:21:51,649 INFO c.h.h.t.HelmChartContainer - [hivemq-test-hivemq-platform] [hivemq-platform-operator] [68e05e19] 21:21:51.647 [ReconcilerExecutor-hivemq-controller-140] INFO  c.h.p.o.HiveMQPlatformReconciler - [helmvolu] Reconciling HiveMQ Platform 'test-hivemq-platform' in namespace 'helmvolumeclaimtemplatesit'
2025-01-28 21:21:51,649 INFO c.h.h.t.HelmChartContainer - [hivemq-test-hivemq-platform] [hivemq-platform-operator] [68e05e19] 21:21:51.648 [ReconcilerExecutor-hivemq-controller-140] DEBUG c.h.p.o.HiveMQPlatformReconciler - [helmvolu] Custom Resource Status ROLLING_RESTART - HiveMQ Platform is starting a surge Pod (rolling restart) (SURGE_IN_PROGRESS)
2025-01-28 21:21:51,649 INFO c.h.h.t.HelmChartContainer - [hivemq-test-hivemq-platform] [hivemq-platform-operator] [68e05e19] 21:21:51.648 [ReconcilerExecutor-hivemq-controller-140] DEBUG c.h.p.o.HiveMQPlatformReconciler - [helmvolu] Custom Resource Spec (replicas: 2) (extensions: 1)
2025-01-28 21:21:51,688 INFO c.h.h.t.HelmChartContainer - [hivemq-test-hivemq-platform] [hivemq-platform-operator] [68e05e19] 21:21:51.687 [ReconcilerExecutor-hivemq-controller-140] DEBUG c.h.p.o.HiveMQPlatformReconciler - [helmvolu] StatefulSet Status (revision: test-hivemq-platform-59475f86c9, replicas: 3, available: 3, ready: 3, current: 2, updated: 1)
2025-01-28 21:21:51,689 INFO c.h.h.t.HelmChartContainer - [hivemq-test-hivemq-platform] [hivemq-platform-operator] [68e05e19] 21:21:51.687 [ReconcilerExecutor-hivemq-controller-140] DEBUG c.h.p.o.HiveMQPlatformReconciler - [helmvolu] StatefulSet Spec (replicas: 3, init containers: 1, containers: 1, volumes: 4)
2025-01-28 21:21:51,691 INFO c.h.h.t.HelmChartContainer - [hivemq-test-hivemq-platform] [hivemq-platform-operator] [68e05e19] 21:21:51.690 [ReconcilerExecutor-hivemq-controller-140] DEBUG c.h.p.o.h.HiveMQPlatformReconcilerErrorHandler - [helmvolu] Pod 'test-hivemq-platform-2' phase Running
2025-01-28 21:21:51,692 INFO c.h.h.t.HelmChartContainer - [hivemq-test-hivemq-platform] [hivemq-platform-operator] [68e05e19] 21:21:51.691 [ReconcilerExecutor-hivemq-controller-140] DEBUG c.h.p.o.h.HiveMQPlatformReconcilerErrorHandler - [helmvolu] Pod 'test-hivemq-platform-1' phase Running
2025-01-28 21:21:51,693 INFO c.h.h.t.HelmChartContainer - [hivemq-test-hivemq-platform] [hivemq-platform-operator] [68e05e19] 21:21:51.692 [ReconcilerExecutor-hivemq-controller-140] DEBUG c.h.p.o.h.HiveMQPlatformReconcilerErrorHandler - [helmvolu] Pod 'test-hivemq-platform-0' phase Running
2025-01-28 21:21:51,693 INFO c.h.h.t.HelmChartContainer - [hivemq-test-hivemq-platform] [hivemq-platform-operator] [68e05e19] 21:21:51.693 [ReconcilerExecutor-hivemq-controller-140] INFO  c.h.p.o.h.HiveMQPlatformReconcilerRollingRestartHandler - [helmvolu] Surge Pod started successfully
2025-01-28 21:21:51,749 INFO c.h.h.t.HelmChartContainer - [hivemq-test-hivemq-platform] [hivemq-platform-operator] [68e05e19] 21:21:51.748 [ReconcilerExecutor-hivemq-controller-140] DEBUG c.h.p.operator.event.EventSender - [helmvolu] Creating K8s event rolling-restart-surge-in-progress: [RollingRestart] HiveMQ Platform is restarting Pods (rolling restart)
2025-01-28 21:21:51,790 INFO c.h.h.t.HelmChartContainer - [EVENT] Normal [RollingRestart] HiveMQ Platform is restarting Pods (rolling restart) [helmvolumeclaimtemplatesit:test-hivemq-platform]
2025-01-28 21:21:51,792 INFO c.h.h.t.HelmChartContainer - [hivemq-test-hivemq-platform] [hivemq-platform-operator] [68e05e19] 21:21:51.791 [ReconcilerExecutor-hivemq-controller-140] INFO  c.h.p.o.h.AbstractHiveMQReconcilerStateHandler - [helmvolu] Update HiveMQ Platform Status (ROLLING_RESTART [SURGE_IN_PROGRESS] -> ROLLING_RESTART [RESTART_PODS_IN_PROGRESS]): HiveMQ Platform is restarting Pods (rolling restart)
2025-01-28 21:21:51,802 DEBUG com.hivemq.helmcharts.util.K8sUtil - Comparing actual state 'ROLLING_RESTART' and waiting for 'RUNNING'
2025-01-28 21:21:51,841 INFO c.h.h.t.HelmChartContainer - [hivemq-test-hivemq-platform] [hivemq-platform-operator] [68e05e19] 21:21:51.836 [pool-6-thread-22] DEBUG c.h.p.o.d.PlatformServiceResource - [helmvolu] Desired Platform services (3 services)
2025-01-28 21:21:51,841 INFO c.h.h.t.HelmChartContainer - [hivemq-test-hivemq-platform] [hivemq-platform-operator] [68e05e19] 21:21:51.837 [pool-6-thread-21] DEBUG c.h.p.o.d.PodServiceAccountResource - [helmvolu] Desired PodServiceAccountResource (serviceAccountName: hivemq-platform-pod-test-hivemq-platform)
2025-01-28 21:21:51,841 INFO c.h.h.t.HelmChartContainer - [hivemq-test-hivemq-platform] [hivemq-platform-operator] [68e05e19] 21:21:51.836 [pool-6-thread-25] DEBUG c.h.p.o.dependants.PodInfoConfigMap - [helmvolu] Desired PodInfo ConfigMap (1 extensions) (1 enabled)
2025-01-28 21:21:51,841 INFO c.h.h.t.HelmChartContainer - [hivemq-test-hivemq-platform] [hivemq-platform-operator] [68e05e19] 21:21:51.839 [pool-6-thread-25] DEBUG c.h.p.o.dependants.PodInfoConfigMap - [helmvolu] Desired PodInfo ConfigMap (metrics port: 9399) (metrics path: /)
2025-01-28 21:21:51,843 INFO c.h.h.t.HelmChartContainer - [hivemq-test-hivemq-platform] [hivemq-platform-operator] [68e05e19] 21:21:51.839 [pool-6-thread-25] DEBUG c.h.p.o.dependants.PodInfoConfigMap - [helmvolu] Desired PodInfo ConfigMap (extension state hash: -1817474005)
2025-01-28 21:21:51,843 INFO c.h.h.t.HelmChartContainer - [hivemq-test-hivemq-platform] [hivemq-platform-operator] [68e05e19] 21:21:51.842 [pool-6-thread-25] DEBUG c.h.p.o.d.StatefulSetResource - [helmvolu] Desired StatefulSet (3 replicas) for status ROLLING_RESTART (RESTART_PODS_IN_PROGRESS)
2025-01-28 21:21:51,888 INFO c.h.h.t.HelmChartContainer - [hivemq-test-hivemq-platform] [hivemq-platform-operator] [68e05e19] 21:21:51.886 [ReconcilerExecutor-hivemq-controller-141] INFO  c.h.p.o.HiveMQPlatformReconciler - [helmvolu] Reconciling HiveMQ Platform 'test-hivemq-platform' in namespace 'helmvolumeclaimtemplatesit'
2025-01-28 21:21:51,888 INFO c.h.h.t.HelmChartContainer - [hivemq-test-hivemq-platform] [hivemq-platform-operator] [68e05e19] 21:21:51.886 [ReconcilerExecutor-hivemq-controller-141] DEBUG c.h.p.o.HiveMQPlatformReconciler - [helmvolu] Custom Resource Status ROLLING_RESTART - HiveMQ Platform is restarting Pods (rolling restart) (RESTART_PODS_IN_PROGRESS)
2025-01-28 21:21:51,888 INFO c.h.h.t.HelmChartContainer - [hivemq-test-hivemq-platform] [hivemq-platform-operator] [68e05e19] 21:21:51.886 [ReconcilerExecutor-hivemq-controller-141] DEBUG c.h.p.o.HiveMQPlatformReconciler - [helmvolu] Custom Resource Spec (replicas: 2) (extensions: 1)
2025-01-28 21:21:51,889 INFO c.h.h.t.HelmChartContainer - [hivemq-test-hivemq-platform] [hivemq-platform-operator] [68e05e19] 21:21:51.888 [ReconcilerExecutor-hivemq-controller-141] DEBUG c.h.p.o.HiveMQPlatformReconciler - [helmvolu] StatefulSet Status (revision: test-hivemq-platform-59475f86c9, replicas: 3, available: 3, ready: 3, current: 2, updated: 1)
2025-01-28 21:21:51,889 INFO c.h.h.t.HelmChartContainer - [hivemq-test-hivemq-platform] [hivemq-platform-operator] [68e05e19] 21:21:51.888 [ReconcilerExecutor-hivemq-controller-141] DEBUG c.h.p.o.HiveMQPlatformReconciler - [helmvolu] StatefulSet Spec (replicas: 3, init containers: 1, containers: 1, volumes: 4)
2025-01-28 21:21:51,891 INFO c.h.h.t.HelmChartContainer - [hivemq-test-hivemq-platform] [hivemq-platform-operator] [68e05e19] 21:21:51.890 [ReconcilerExecutor-hivemq-controller-141] DEBUG c.h.p.o.h.HiveMQPlatformReconcilerErrorHandler - [helmvolu] Pod 'test-hivemq-platform-2' phase Running
2025-01-28 21:21:51,892 INFO c.h.h.t.HelmChartContainer - [hivemq-test-hivemq-platform] [hivemq-platform-operator] [68e05e19] 21:21:51.891 [ReconcilerExecutor-hivemq-controller-141] DEBUG c.h.p.o.h.HiveMQPlatformReconcilerErrorHandler - [helmvolu] Pod 'test-hivemq-platform-1' phase Running
2025-01-28 21:21:51,893 INFO c.h.h.t.HelmChartContainer - [hivemq-test-hivemq-platform] [hivemq-platform-operator] [68e05e19] 21:21:51.892 [ReconcilerExecutor-hivemq-controller-141] DEBUG c.h.p.o.h.HiveMQPlatformReconcilerErrorHandler - [helmvolu] Pod 'test-hivemq-platform-0' phase Running
2025-01-28 21:21:51,935 INFO c.h.h.t.HelmChartContainer - [hivemq-test-hivemq-platform] [hivemq-platform-operator] [68e05e19] 21:21:51.934 [ReconcilerExecutor-hivemq-controller-141] DEBUG c.h.p.o.h.HiveMQPlatformReconcilerRollingRestartHandler - [helmvolu] Skipping Pod test-hivemq-platform-2 as it's already on the controller update revision (update revision: test-hivemq-platform-59475f86c9, pod revision: test-hivemq-platform-59475f86c9)
2025-01-28 21:21:52,033 INFO c.h.h.t.HelmChartContainer - [hivemq-test-hivemq-platform] [hivemq-platform-operator] [68e05e19] 21:21:52.031 [ReconcilerExecutor-hivemq-controller-141] DEBUG c.h.p.o.h.HiveMQPlatformReconcilerRollingRestartHandler - [helmvolu] The last Pod is running for 54 seconds, the next Pod can be restarted
2025-01-28 21:21:52,034 INFO c.h.h.t.HelmChartContainer - [hivemq-test-hivemq-platform] [hivemq-platform-operator] [68e05e19] 21:21:52.032 [ReconcilerExecutor-hivemq-controller-141] INFO  c.h.p.o.h.HiveMQPlatformReconcilerRollingRestartHandler - [helmvolu] Restarting Pod test-hivemq-platform-1 as it's not matching the controller update revision (update revision: test-hivemq-platform-59475f86c9, pod revision: test-hivemq-platform-6c7bb94cbd)
2025-01-28 21:21:52,048 INFO c.h.h.t.HelmChartContainer - [POD] test-hivemq-platform-1 [9b8a3da7-5e34-4622-b062-ec92e9c74e74] in helmvolumeclaimtemplatesit was MODIFIED
2025-01-28 21:21:52,054 INFO c.h.h.t.HelmChartContainer - [EVENT] Normal [Killing] Stopping container hivemq [helmvolumeclaimtemplatesit:test-hivemq-platform-1]
2025-01-28 21:21:52,054 INFO c.h.h.t.HelmChartContainer - Received Killing event for container hivemq in pod test-hivemq-platform-1 [9b8a3da7-5e34-4622-b062-ec92e9c74e74]
2025-01-28 21:21:52,054 INFO c.h.h.t.HelmChartContainer - Container [test-hivemq-platform-1] [hivemq] [9b8a3da7-5e34-4622-b062-ec92e9c74e74] was terminated
2025-01-28 21:21:52,054 INFO c.h.h.t.HelmChartContainer - Stopped log watcher for hivemq in pod test-hivemq-platform-1 [9b8a3da7-5e34-4622-b062-ec92e9c74e74]
2025-01-28 21:21:52,059 INFO c.h.h.t.HelmChartContainer - [test-hivemq-platform] [hivemq] [9b8a3da7] INFO  - [HiveMQ Platform Operator Init App 1.7.0-SNAPSHOT] Shutting down
2025-01-28 21:21:52,059 INFO c.h.h.t.HelmChartContainer - [test-hivemq-platform] [hivemq] [9b8a3da7] INFO  - [HiveMQ Platform Operator Init App 1.7.0-SNAPSHOT] Stopping the HiveMQ Platform
2025-01-28 21:21:52,093 INFO c.h.h.t.HelmChartContainer - [hivemq-test-hivemq-platform] [hivemq-platform-operator] [68e05e19] 21:21:52.092 [pool-6-thread-33] DEBUG c.h.p.o.d.PlatformServiceResource - [helmvolu] Desired Platform services (3 services)
2025-01-28 21:21:52,094 INFO c.h.h.t.HelmChartContainer - [hivemq-test-hivemq-platform] [hivemq-platform-operator] [68e05e19] 21:21:52.093 [pool-6-thread-35] DEBUG c.h.p.o.d.PodServiceAccountResource - [helmvolu] Desired PodServiceAccountResource (serviceAccountName: hivemq-platform-pod-test-hivemq-platform)
2025-01-28 21:21:52,127 INFO c.h.h.t.HelmChartContainer - [test-hivemq-platform] [hivemq] [9b8a3da7] INFO  - Shutting down HiveMQ. Please wait, this could take a while...
2025-01-28 21:21:52,131 INFO c.h.h.t.HelmChartContainer - [test-hivemq-platform] [hivemq] [9b8a3da7] INFO  - Shutting down listeners and clients
2025-01-28 21:21:52,134 INFO c.h.h.t.HelmChartContainer - [hivemq-test-hivemq-platform] [hivemq-platform-operator] [68e05e19] 21:21:52.133 [pool-6-thread-38] DEBUG c.h.p.o.dependants.PodInfoConfigMap - [helmvolu] Desired PodInfo ConfigMap (1 extensions) (1 enabled)
2025-01-28 21:21:52,134 INFO c.h.h.t.HelmChartContainer - [hivemq-test-hivemq-platform] [hivemq-platform-operator] [68e05e19] 21:21:52.133 [pool-6-thread-38] DEBUG c.h.p.o.dependants.PodInfoConfigMap - [helmvolu] Desired PodInfo ConfigMap (metrics port: 9399) (metrics path: /)
2025-01-28 21:21:52,134 INFO c.h.h.t.HelmChartContainer - [hivemq-test-hivemq-platform] [hivemq-platform-operator] [68e05e19] 21:21:52.133 [pool-6-thread-38] DEBUG c.h.p.o.dependants.PodInfoConfigMap - [helmvolu] Desired PodInfo ConfigMap (extension state hash: -1817474005)
2025-01-28 21:21:52,138 INFO c.h.h.t.HelmChartContainer - [hivemq-test-hivemq-platform] [hivemq-platform-operator] [68e05e19] 21:21:52.137 [pool-6-thread-33] DEBUG c.h.p.o.d.StatefulSetResource - [helmvolu] Desired StatefulSet (3 replicas) for status ROLLING_RESTART (RESTART_PODS_IN_PROGRESS)
2025-01-28 21:21:52,140 INFO c.h.h.t.HelmChartContainer - [hivemq-test-hivemq-platform] [hivemq-platform-operator] [68e05e19] 21:21:52.139 [ReconcilerExecutor-hivemq-controller-142] INFO  c.h.p.o.HiveMQPlatformReconciler - [helmvolu] Reconciling HiveMQ Platform 'test-hivemq-platform' in namespace 'helmvolumeclaimtemplatesit'
2025-01-28 21:21:52,140 INFO c.h.h.t.HelmChartContainer - [hivemq-test-hivemq-platform] [hivemq-platform-operator] [68e05e19] 21:21:52.139 [ReconcilerExecutor-hivemq-controller-142] DEBUG c.h.p.o.HiveMQPlatformReconciler - [helmvolu] Custom Resource Status ROLLING_RESTART - HiveMQ Platform is restarting Pods (rolling restart) (RESTART_PODS_IN_PROGRESS)
2025-01-28 21:21:52,141 INFO c.h.h.t.HelmChartContainer - [hivemq-test-hivemq-platform] [hivemq-platform-operator] [68e05e19] 21:21:52.140 [ReconcilerExecutor-hivemq-controller-142] DEBUG c.h.p.o.HiveMQPlatformReconciler - [helmvolu] Custom Resource Spec (replicas: 2) (extensions: 1)
2025-01-28 21:21:52,142 INFO c.h.h.t.HelmChartContainer - [hivemq-test-hivemq-platform] [hivemq-platform-operator] [68e05e19] 21:21:52.141 [ReconcilerExecutor-hivemq-controller-142] DEBUG c.h.p.o.HiveMQPlatformReconciler - [helmvolu] StatefulSet Status (revision: test-hivemq-platform-59475f86c9, replicas: 3, available: 3, ready: 3, current: 1, updated: 1)
2025-01-28 21:21:52,142 INFO c.h.h.t.HelmChartContainer - [hivemq-test-hivemq-platform] [hivemq-platform-operator] [68e05e19] 21:21:52.141 [ReconcilerExecutor-hivemq-controller-142] DEBUG c.h.p.o.HiveMQPlatformReconciler - [helmvolu] StatefulSet Spec (replicas: 3, init containers: 1, containers: 1, volumes: 4)
2025-01-28 21:21:52,143 INFO c.h.h.t.HelmChartContainer - [hivemq-test-hivemq-platform] [hivemq-platform-operator] [68e05e19] 21:21:52.143 [ReconcilerExecutor-hivemq-controller-142] DEBUG c.h.p.o.h.HiveMQPlatformReconcilerErrorHandler - [helmvolu] Pod 'test-hivemq-platform-2' phase Running
2025-01-28 21:21:52,144 INFO c.h.h.t.HelmChartContainer - [hivemq-test-hivemq-platform] [hivemq-platform-operator] [68e05e19] 21:21:52.144 [ReconcilerExecutor-hivemq-controller-142] DEBUG c.h.p.o.h.HiveMQPlatformReconcilerErrorHandler - [helmvolu] Pod 'test-hivemq-platform-1' phase Running
2025-01-28 21:21:52,190 INFO c.h.h.t.HelmChartContainer - [hivemq-test-hivemq-platform] [hivemq-platform-operator] [68e05e19] 21:21:52.188 [ReconcilerExecutor-hivemq-controller-142] DEBUG c.h.p.o.h.HiveMQPlatformReconcilerErrorHandler - [helmvolu] Pod 'test-hivemq-platform-0' phase Running
2025-01-28 21:21:52,212 INFO c.h.h.t.HelmChartContainer - [test-hivemq-platform] [hivemq] [9b8a3da7] INFO  - Shutdown of listeners is done
2025-01-28 21:21:52,212 INFO c.h.h.t.HelmChartContainer - [test-hivemq-platform] [hivemq] [9b8a3da7] INFO  - [HiveMQ Platform Operator Init App 1.7.0-SNAPSHOT] Returning shutdown Health API response 503 for readiness
2025-01-28 21:21:52,214 INFO c.h.h.t.HelmChartContainer - [test-hivemq-platform] [hivemq] [9b8a3da7] INFO  - No clients are connected, proceeding with shutdown
2025-01-28 21:21:52,221 INFO c.h.h.t.HelmChartContainer - [EVENT] Warning [Unhealthy] Readiness probe failed: HTTP probe failed with statuscode: 503 [helmvolumeclaimtemplatesit:test-hivemq-platform-1]
2025-01-28 21:21:52,221 INFO c.h.h.t.HelmChartContainer - Received Unhealthy event for container hivemq in pod test-hivemq-platform-1 [9b8a3da7-5e34-4622-b062-ec92e9c74e74]
2025-01-28 21:21:52,234 INFO c.h.h.t.HelmChartContainer - [hivemq-test-hivemq-platform] [hivemq-platform-operator] [68e05e19] 21:21:52.231 [ReconcilerExecutor-hivemq-controller-142] DEBUG c.h.p.o.h.HiveMQPlatformReconcilerRollingRestartHandler - [helmvolu] Skipping Pod test-hivemq-platform-2 as it's already on the controller update revision (update revision: test-hivemq-platform-59475f86c9, pod revision: test-hivemq-platform-59475f86c9)
2025-01-28 21:21:52,244 INFO c.h.h.t.HelmChartContainer - [hivemq-test-hivemq-platform] [hivemq-platform-operator] [68e05e19] 21:21:52.244 [ReconcilerExecutor-hivemq-controller-142] DEBUG c.h.p.o.h.HiveMQPlatformReconcilerRollingRestartHandler - [helmvolu] The last Pod is running for 54 seconds, the next Pod can be restarted
2025-01-28 21:21:52,244 INFO c.h.h.t.HelmChartContainer - [hivemq-test-hivemq-platform] [hivemq-platform-operator] [68e05e19] 21:21:52.244 [ReconcilerExecutor-hivemq-controller-142] INFO  c.h.p.o.h.HiveMQPlatformReconcilerRollingRestartHandler - [helmvolu] Restarting Pod test-hivemq-platform-1 as it's not matching the controller update revision (update revision: test-hivemq-platform-59475f86c9, pod revision: test-hivemq-platform-6c7bb94cbd)
2025-01-28 21:21:52,291 INFO c.h.h.t.HelmChartContainer - [hivemq-test-hivemq-platform] [hivemq-platform-operator] [68e05e19] 21:21:52.289 [pool-6-thread-43] DEBUG c.h.p.o.d.PlatformServiceResource - [helmvolu] Desired Platform services (3 services)
2025-01-28 21:21:52,291 INFO c.h.h.t.HelmChartContainer - [hivemq-test-hivemq-platform] [hivemq-platform-operator] [68e05e19] 21:21:52.290 [pool-6-thread-46] DEBUG c.h.p.o.d.PodServiceAccountResource - [helmvolu] Desired PodServiceAccountResource (serviceAccountName: hivemq-platform-pod-test-hivemq-platform)
2025-01-28 21:21:52,292 INFO c.h.h.t.HelmChartContainer - [hivemq-test-hivemq-platform] [hivemq-platform-operator] [68e05e19] 21:21:52.290 [pool-6-thread-50] DEBUG c.h.p.o.dependants.PodInfoConfigMap - [helmvolu] Desired PodInfo ConfigMap (1 extensions) (1 enabled)
2025-01-28 21:21:52,292 INFO c.h.h.t.HelmChartContainer - [hivemq-test-hivemq-platform] [hivemq-platform-operator] [68e05e19] 21:21:52.291 [pool-6-thread-50] DEBUG c.h.p.o.dependants.PodInfoConfigMap - [helmvolu] Desired PodInfo ConfigMap (metrics port: 9399) (metrics path: /)
2025-01-28 21:21:52,292 INFO c.h.h.t.HelmChartContainer - [hivemq-test-hivemq-platform] [hivemq-platform-operator] [68e05e19] 21:21:52.291 [pool-6-thread-50] DEBUG c.h.p.o.dependants.PodInfoConfigMap - [helmvolu] Desired PodInfo ConfigMap (extension state hash: -1817474005)
2025-01-28 21:21:52,294 INFO c.h.h.t.HelmChartContainer - [hivemq-test-hivemq-platform] [hivemq-platform-operator] [68e05e19] 21:21:52.293 [pool-6-thread-43] DEBUG c.h.p.o.d.StatefulSetResource - [helmvolu] Desired StatefulSet (3 replicas) for status ROLLING_RESTART (RESTART_PODS_IN_PROGRESS)
2025-01-28 21:21:52,296 INFO c.h.h.t.HelmChartContainer - [hivemq-test-hivemq-platform] [hivemq-platform-operator] [68e05e19] 21:21:52.295 [ReconcilerExecutor-hivemq-controller-143] INFO  c.h.p.o.HiveMQPlatformReconciler - [helmvolu] Reconciling HiveMQ Platform 'test-hivemq-platform' in namespace 'helmvolumeclaimtemplatesit'
2025-01-28 21:21:52,297 INFO c.h.h.t.HelmChartContainer - [hivemq-test-hivemq-platform] [hivemq-platform-operator] [68e05e19] 21:21:52.295 [ReconcilerExecutor-hivemq-controller-143] DEBUG c.h.p.o.HiveMQPlatformReconciler - [helmvolu] Custom Resource Status ROLLING_RESTART - HiveMQ Platform is restarting Pods (rolling restart) (RESTART_PODS_IN_PROGRESS)
2025-01-28 21:21:52,297 INFO c.h.h.t.HelmChartContainer - [hivemq-test-hivemq-platform] [hivemq-platform-operator] [68e05e19] 21:21:52.296 [ReconcilerExecutor-hivemq-controller-143] DEBUG c.h.p.o.HiveMQPlatformReconciler - [helmvolu] Custom Resource Spec (replicas: 2) (extensions: 1)
2025-01-28 21:21:52,297 INFO c.h.h.t.HelmChartContainer - [hivemq-test-hivemq-platform] [hivemq-platform-operator] [68e05e19] 21:21:52.297 [ReconcilerExecutor-hivemq-controller-143] DEBUG c.h.p.o.HiveMQPlatformReconciler - [helmvolu] StatefulSet Status (revision: test-hivemq-platform-59475f86c9, replicas: 3, available: 3, ready: 3, current: 1, updated: 1)
2025-01-28 21:21:52,298 INFO c.h.h.t.HelmChartContainer - [hivemq-test-hivemq-platform] [hivemq-platform-operator] [68e05e19] 21:21:52.297 [ReconcilerExecutor-hivemq-controller-143] DEBUG c.h.p.o.HiveMQPlatformReconciler - [helmvolu] StatefulSet Spec (replicas: 3, init containers: 1, containers: 1, volumes: 4)
2025-01-28 21:21:52,334 INFO c.h.h.t.HelmChartContainer - [hivemq-test-hivemq-platform] [hivemq-platform-operator] [68e05e19] 21:21:52.332 [ReconcilerExecutor-hivemq-controller-143] DEBUG c.h.p.o.h.HiveMQPlatformReconcilerErrorHandler - [helmvolu] Pod 'test-hivemq-platform-2' phase Running
2025-01-28 21:21:52,335 INFO c.h.h.t.HelmChartContainer - [hivemq-test-hivemq-platform] [hivemq-platform-operator] [68e05e19] 21:21:52.334 [ReconcilerExecutor-hivemq-controller-143] DEBUG c.h.p.o.h.HiveMQPlatformReconcilerErrorHandler - [helmvolu] Pod 'test-hivemq-platform-1' phase Running
2025-01-28 21:21:52,336 INFO c.h.h.t.HelmChartContainer - [hivemq-test-hivemq-platform] [hivemq-platform-operator] [68e05e19] 21:21:52.335 [ReconcilerExecutor-hivemq-controller-143] DEBUG c.h.p.o.h.HiveMQPlatformReconcilerErrorHandler - [helmvolu] Pod 'test-hivemq-platform-0' phase Running
2025-01-28 21:21:52,343 INFO c.h.h.t.HelmChartContainer - [hivemq-test-hivemq-platform] [hivemq-platform-operator] [68e05e19] 21:21:52.342 [ReconcilerExecutor-hivemq-controller-143] DEBUG c.h.p.o.h.HiveMQPlatformReconcilerRollingRestartHandler - [helmvolu] Skipping Pod test-hivemq-platform-2 as it's already on the controller update revision (update revision: test-hivemq-platform-59475f86c9, pod revision: test-hivemq-platform-59475f86c9)
2025-01-28 21:21:52,402 INFO c.h.h.t.HelmChartContainer - [hivemq-test-hivemq-platform] [hivemq-platform-operator] [68e05e19] 21:21:52.400 [ReconcilerExecutor-hivemq-controller-143] DEBUG c.h.p.o.h.HiveMQPlatformReconcilerRollingRestartHandler - [helmvolu] The last Pod is running for 54 seconds, the next Pod can be restarted
2025-01-28 21:21:52,402 INFO c.h.h.t.HelmChartContainer - [hivemq-test-hivemq-platform] [hivemq-platform-operator] [68e05e19] 21:21:52.401 [ReconcilerExecutor-hivemq-controller-143] INFO  c.h.p.o.h.HiveMQPlatformReconcilerRollingRestartHandler - [helmvolu] Restarting Pod test-hivemq-platform-1 as it's not matching the controller update revision (update revision: test-hivemq-platform-59475f86c9, pod revision: test-hivemq-platform-6c7bb94cbd)
2025-01-28 21:21:55,524 INFO c.h.h.t.HelmChartContainer - [test-hivemq-platform] [hivemq] [9b8a3da7] INFO  - Shutting down extension system
2025-01-28 21:21:55,526 INFO c.h.h.t.HelmChartContainer - [test-hivemq-platform] [hivemq] [9b8a3da7] INFO  - Stopping extension with id hivemq-dns-cluster-discovery
2025-01-28 21:21:55,527 INFO c.h.h.t.HelmChartContainer - [test-hivemq-platform] [hivemq] [9b8a3da7] INFO  - Extension "DNS Cluster Discovery Extension" version 4.3.2 stopped successfully.
2025-01-28 21:21:55,527 INFO c.h.h.t.HelmChartContainer - [test-hivemq-platform] [hivemq] [9b8a3da7] INFO  - Stopping extension with id hivemq-prometheus-extension
2025-01-28 21:21:55,532 INFO c.h.h.t.HelmChartContainer - [test-hivemq-platform] [hivemq] [9b8a3da7] INFO  - Extension "Prometheus Monitoring Extension" version 4.0.12 stopped successfully.
2025-01-28 21:21:55,533 INFO c.h.h.t.HelmChartContainer - [test-hivemq-platform] [hivemq] [9b8a3da7] INFO  - Stopping extension with id hivemq-allow-all-extension
2025-01-28 21:21:55,533 INFO c.h.h.t.HelmChartContainer - [test-hivemq-platform] [hivemq] [9b8a3da7] INFO  - Extension "Allow All Extension" version 1.1.1 stopped successfully.
2025-01-28 21:21:55,541 INFO c.h.h.t.HelmChartContainer - [test-hivemq-platform] [hivemq] [66608005] INFO  - Cluster nodes found by discovery: [eB0sK|3] (2) [eB0sK, 5GGFb].
2025-01-28 21:21:55,542 INFO c.h.h.t.HelmChartContainer - [test-hivemq-platform] [hivemq] [49cfa83b] INFO  - Cluster nodes found by discovery: [eB0sK|3] (2) [eB0sK, 5GGFb].
2025-01-28 21:21:55,551 INFO c.h.h.t.HelmChartContainer - [test-hivemq-platform] [hivemq] [66608005] INFO  - Cluster size = 2, members : [eB0sK, 5GGFb].
2025-01-28 21:21:55,552 INFO c.h.h.t.HelmChartContainer - [test-hivemq-platform] [hivemq] [49cfa83b] INFO  - Cluster size = 2, members : [eB0sK, 5GGFb].
2025-01-28 21:21:55,556 INFO c.h.h.t.HelmChartContainer - [test-hivemq-platform] [hivemq] [66608005] INFO  - Starting cluster replication process. This may take a while. Please do not shut down HiveMQ.
2025-01-28 21:21:55,560 INFO c.h.h.t.HelmChartContainer - [test-hivemq-platform] [hivemq] [49cfa83b] INFO  - Starting cluster replication process. This may take a while. Please do not shut down HiveMQ.
2025-01-28 21:21:55,862 INFO c.h.h.t.HelmChartContainer - [test-hivemq-platform] [hivemq] [66608005] INFO  - Finished cluster replication successfully in 306 ms.
2025-01-28 21:21:55,868 INFO c.h.h.t.HelmChartContainer - [test-hivemq-platform] [hivemq] [49cfa83b] INFO  - Finished cluster replication successfully in 309 ms.
2025-01-28 21:21:57,135 INFO c.h.h.t.HelmChartContainer - [EVENT] Warning [Unhealthy] Readiness probe failed: HTTP probe failed with statuscode: 503 [helmvolumeclaimtemplatesit:test-hivemq-platform-1]
2025-01-28 21:21:57,135 INFO c.h.h.t.HelmChartContainer - Received Unhealthy event for container hivemq in pod test-hivemq-platform-1 [9b8a3da7-5e34-4622-b062-ec92e9c74e74]
2025-01-28 21:21:57,912 INFO c.h.h.t.HelmChartContainer - [test-hivemq-platform] [hivemq] [9b8a3da7] INFO  - Shutdown completed.
2025-01-28 21:21:58,262 INFO c.h.h.t.HelmChartContainer - [test-hivemq-platform] [hivemq] [9b8a3da7] INFO  - [HiveMQ Platform Operator Init App 1.7.0-SNAPSHOT] The HiveMQ Platform exited with code 143
2025-01-28 21:21:58,262 INFO c.h.h.t.HelmChartContainer - [test-hivemq-platform] [hivemq] [9b8a3da7] INFO  - [HiveMQ Platform Operator Init App 1.7.0-SNAPSHOT] Stopping the REST API
2025-01-28 21:21:58,313 INFO c.h.h.t.HelmChartContainer - [test-hivemq-platform] [hivemq] [9b8a3da7] INFO  - [HiveMQ Platform Operator Init App 1.7.0-SNAPSHOT] Shutdown complete
2025-01-28 21:21:58,573 INFO c.h.h.t.HelmChartContainer - [test-hivemq-platform] [hivemq] [49cfa83b] INFO  - [HiveMQ Platform Operator Init App 1.7.0-SNAPSHOT] Returning Health API response 200 for liveness
2025-01-28 21:21:58,803 INFO c.h.h.t.HelmChartContainer - [POD] test-hivemq-platform-1 [9b8a3da7-5e34-4622-b062-ec92e9c74e74] in helmvolumeclaimtemplatesit was MODIFIED
2025-01-28 21:21:58,815 INFO c.h.h.t.HelmChartContainer - [hivemq-test-hivemq-platform] [hivemq-platform-operator] [68e05e19] 21:21:58.813 [pool-6-thread-8] DEBUG c.h.p.o.d.PlatformServiceResource - [helmvolu] Desired Platform services (3 services)
2025-01-28 21:21:58,831 INFO c.h.h.t.HelmChartContainer - [hivemq-test-hivemq-platform] [hivemq-platform-operator] [68e05e19] 21:21:58.815 [pool-6-thread-7] DEBUG c.h.p.o.dependants.PodInfoConfigMap - [helmvolu] Desired PodInfo ConfigMap (1 extensions) (1 enabled)
2025-01-28 21:21:58,831 INFO c.h.h.t.HelmChartContainer - [hivemq-test-hivemq-platform] [hivemq-platform-operator] [68e05e19] 21:21:58.822 [pool-6-thread-7] DEBUG c.h.p.o.dependants.PodInfoConfigMap - [helmvolu] Desired PodInfo ConfigMap (metrics port: 9399) (metrics path: /)
2025-01-28 21:21:58,838 INFO c.h.h.t.HelmChartContainer - [hivemq-test-hivemq-platform] [hivemq-platform-operator] [68e05e19] 21:21:58.822 [pool-6-thread-7] DEBUG c.h.p.o.dependants.PodInfoConfigMap - [helmvolu] Desired PodInfo ConfigMap (extension state hash: -1817474005)
2025-01-28 21:21:58,838 INFO c.h.h.t.HelmChartContainer - [hivemq-test-hivemq-platform] [hivemq-platform-operator] [68e05e19] 21:21:58.818 [pool-6-thread-4] DEBUG c.h.p.o.d.PodServiceAccountResource - [helmvolu] Desired PodServiceAccountResource (serviceAccountName: hivemq-platform-pod-test-hivemq-platform)
2025-01-28 21:21:58,838 INFO c.h.h.t.HelmChartContainer - [hivemq-test-hivemq-platform] [hivemq-platform-operator] [68e05e19] 21:21:58.828 [pool-6-thread-8] DEBUG c.h.p.o.d.StatefulSetResource - [helmvolu] Desired StatefulSet (3 replicas) for status ROLLING_RESTART (RESTART_PODS_IN_PROGRESS)
2025-01-28 21:21:58,841 INFO c.h.h.t.HelmChartContainer - [hivemq-test-hivemq-platform] [hivemq-platform-operator] [68e05e19] 21:21:58.839 [ReconcilerExecutor-hivemq-controller-144] INFO  c.h.p.o.HiveMQPlatformReconciler - [helmvolu] Reconciling HiveMQ Platform 'test-hivemq-platform' in namespace 'helmvolumeclaimtemplatesit'
2025-01-28 21:21:58,841 INFO c.h.h.t.HelmChartContainer - [hivemq-test-hivemq-platform] [hivemq-platform-operator] [68e05e19] 21:21:58.839 [ReconcilerExecutor-hivemq-controller-144] DEBUG c.h.p.o.HiveMQPlatformReconciler - [helmvolu] Custom Resource Status ROLLING_RESTART - HiveMQ Platform is restarting Pods (rolling restart) (RESTART_PODS_IN_PROGRESS)
2025-01-28 21:21:58,841 INFO c.h.h.t.HelmChartContainer - [hivemq-test-hivemq-platform] [hivemq-platform-operator] [68e05e19] 21:21:58.839 [ReconcilerExecutor-hivemq-controller-144] DEBUG c.h.p.o.HiveMQPlatformReconciler - [helmvolu] Custom Resource Spec (replicas: 2) (extensions: 1)
2025-01-28 21:21:58,843 INFO c.h.h.t.HelmChartContainer - [hivemq-test-hivemq-platform] [hivemq-platform-operator] [68e05e19] 21:21:58.842 [ReconcilerExecutor-hivemq-controller-144] DEBUG c.h.p.o.HiveMQPlatformReconciler - [helmvolu] StatefulSet Status (revision: test-hivemq-platform-59475f86c9, replicas: 3, available: 3, ready: 3, current: 1, updated: 1)
2025-01-28 21:21:58,843 INFO c.h.h.t.HelmChartContainer - [hivemq-test-hivemq-platform] [hivemq-platform-operator] [68e05e19] 21:21:58.842 [ReconcilerExecutor-hivemq-controller-144] DEBUG c.h.p.o.HiveMQPlatformReconciler - [helmvolu] StatefulSet Spec (replicas: 3, init containers: 1, containers: 1, volumes: 4)
2025-01-28 21:21:58,844 INFO c.h.h.t.HelmChartContainer - [hivemq-test-hivemq-platform] [hivemq-platform-operator] [68e05e19] 21:21:58.843 [ReconcilerExecutor-hivemq-controller-144] DEBUG c.h.p.o.h.HiveMQPlatformReconcilerErrorHandler - [helmvolu] Pod 'test-hivemq-platform-2' phase Running
2025-01-28 21:21:58,877 INFO c.h.h.t.HelmChartContainer - [K3S] [reconciler_common.go:162] "operationExecutor.UnmountVolume started for volume \"broker-configuration\" (UniqueName: \"kubernetes.io/configmap/9b8a3da7-5e34-4622-b062-ec92e9c74e74-broker-configuration\") pod \"9b8a3da7-5e34-4622-b062-ec92e9c74e74\" (UID: \"9b8a3da7-5e34-4622-b062-ec92e9c74e74\") "
2025-01-28 21:21:58,877 INFO c.h.h.t.HelmChartContainer - [K3S] [reconciler_common.go:162] "operationExecutor.UnmountVolume started for volume \"operator-init\" (UniqueName: \"kubernetes.io/empty-dir/9b8a3da7-5e34-4622-b062-ec92e9c74e74-operator-init\") pod \"9b8a3da7-5e34-4622-b062-ec92e9c74e74\" (UID: \"9b8a3da7-5e34-4622-b062-ec92e9c74e74\") "
2025-01-28 21:21:58,877 INFO c.h.h.t.HelmChartContainer - [K3S] [reconciler_common.go:162] "operationExecutor.UnmountVolume started for volume \"kube-api-access-2h62d\" (UniqueName: \"kubernetes.io/projected/9b8a3da7-5e34-4622-b062-ec92e9c74e74-kube-api-access-2h62d\") pod \"9b8a3da7-5e34-4622-b062-ec92e9c74e74\" (UID: \"9b8a3da7-5e34-4622-b062-ec92e9c74e74\") "
2025-01-28 21:21:58,877 INFO c.h.h.t.HelmChartContainer - [K3S] [reconciler_common.go:162] "operationExecutor.UnmountVolume started for volume \"pod-info\" (UniqueName: \"kubernetes.io/configmap/9b8a3da7-5e34-4622-b062-ec92e9c74e74-pod-info\") pod \"9b8a3da7-5e34-4622-b062-ec92e9c74e74\" (UID: \"9b8a3da7-5e34-4622-b062-ec92e9c74e74\") "
2025-01-28 21:21:58,877 INFO c.h.h.t.HelmChartContainer - [K3S] [reconciler_common.go:162] "operationExecutor.UnmountVolume started for volume \"hivemq-pvc-data\" (UniqueName: \"kubernetes.io/local-volume/pvc-d1803ee3-df9a-4b32-b37a-14e96b886d93\") pod \"9b8a3da7-5e34-4622-b062-ec92e9c74e74\" (UID: \"9b8a3da7-5e34-4622-b062-ec92e9c74e74\") "
2025-01-28 21:21:58,891 INFO c.h.h.t.HelmChartContainer - [hivemq-test-hivemq-platform] [hivemq-platform-operator] [68e05e19] 21:21:58.889 [ReconcilerExecutor-hivemq-controller-144] DEBUG c.h.p.o.h.HiveMQPlatformReconcilerErrorHandler - [helmvolu] Pod 'test-hivemq-platform-1' phase Failed
2025-01-28 21:21:58,891 INFO c.h.h.t.HelmChartContainer - [hivemq-test-hivemq-platform] [hivemq-platform-operator] [68e05e19] 21:21:58.890 [ReconcilerExecutor-hivemq-controller-144] DEBUG c.h.p.o.h.HiveMQPlatformReconcilerErrorHandler - [helmvolu] Pod 'test-hivemq-platform-1' condition 'PodReadyToStartContainers': False
2025-01-28 21:21:58,891 INFO c.h.h.t.HelmChartContainer - [hivemq-test-hivemq-platform] [hivemq-platform-operator] [68e05e19] 21:21:58.890 [ReconcilerExecutor-hivemq-controller-144] DEBUG c.h.p.o.h.HiveMQPlatformReconcilerErrorHandler - [helmvolu] Pod 'test-hivemq-platform-1' condition 'Initialized': True
2025-01-28 21:21:58,891 INFO c.h.h.t.HelmChartContainer - [hivemq-test-hivemq-platform] [hivemq-platform-operator] [68e05e19] 21:21:58.890 [ReconcilerExecutor-hivemq-controller-144] DEBUG c.h.p.o.h.HiveMQPlatformReconcilerErrorHandler - [helmvolu] Pod 'test-hivemq-platform-1' condition 'Ready': False
2025-01-28 21:21:58,891 INFO c.h.h.t.HelmChartContainer - [hivemq-test-hivemq-platform] [hivemq-platform-operator] [68e05e19] 21:21:58.890 [ReconcilerExecutor-hivemq-controller-144] DEBUG c.h.p.o.h.HiveMQPlatformReconcilerErrorHandler - [helmvolu] Pod 'test-hivemq-platform-1' condition 'ContainersReady': False
2025-01-28 21:21:58,891 INFO c.h.h.t.HelmChartContainer - [hivemq-test-hivemq-platform] [hivemq-platform-operator] [68e05e19] 21:21:58.890 [ReconcilerExecutor-hivemq-controller-144] DEBUG c.h.p.o.h.HiveMQPlatformReconcilerErrorHandler - [helmvolu] Pod 'test-hivemq-platform-1' condition 'PodScheduled': True
2025-01-28 21:21:58,891 INFO c.h.h.t.HelmChartContainer - [hivemq-test-hivemq-platform] [hivemq-platform-operator] [68e05e19] 21:21:58.890 [ReconcilerExecutor-hivemq-controller-144] DEBUG c.h.p.o.h.HiveMQPlatformReconcilerErrorHandler - [helmvolu] Pod 'test-hivemq-platform-1' containerStatus 'hivemq' (started: false) (ready: false) (waiting: [Unknown] no message)
2025-01-28 21:21:58,892 INFO c.h.h.t.HelmChartContainer - [hivemq-test-hivemq-platform] [hivemq-platform-operator] [68e05e19] 21:21:58.891 [ReconcilerExecutor-hivemq-controller-144] DEBUG c.h.p.o.h.HiveMQPlatformReconcilerErrorHandler - [helmvolu] Pod 'test-hivemq-platform-0' phase Running
2025-01-28 21:21:58,899 INFO c.h.h.t.HelmChartContainer - [hivemq-test-hivemq-platform] [hivemq-platform-operator] [68e05e19] 21:21:58.898 [ReconcilerExecutor-hivemq-controller-144] DEBUG c.h.p.o.h.HiveMQPlatformReconcilerRollingRestartHandler - [helmvolu] Skipping Pod test-hivemq-platform-2 as it's already on the controller update revision (update revision: test-hivemq-platform-59475f86c9, pod revision: test-hivemq-platform-59475f86c9)
2025-01-28 21:21:58,943 INFO c.h.h.t.HelmChartContainer - [K3S] [scope.go:117] "RemoveContainer" containerID="75ae1f2e7c6e80ce3a53c348a139c8875d80d12acf31f68c3abe80612b4a69d2"
2025-01-28 21:21:58,947 INFO c.h.h.t.HelmChartContainer - [K3S] [scope.go:117] "RemoveContainer" containerID="f2bc7b6ce4daaab9a8732efedb06766e2dd84c282abb9481237cc5175899f3c8"
2025-01-28 21:21:58,951 INFO c.h.h.t.HelmChartContainer - [K3S] [scope.go:117] "RemoveContainer" containerID="75ae1f2e7c6e80ce3a53c348a139c8875d80d12acf31f68c3abe80612b4a69d2"
2025-01-28 21:21:58,951 INFO c.h.h.t.HelmChartContainer - [K3S] [scope.go:117] "RemoveContainer" containerID="f2bc7b6ce4daaab9a8732efedb06766e2dd84c282abb9481237cc5175899f3c8"
2025-01-28 21:21:58,958 INFO c.h.h.t.HelmChartContainer - [POD] test-hivemq-platform-1 [9b8a3da7-5e34-4622-b062-ec92e9c74e74] in helmvolumeclaimtemplatesit was MODIFIED
2025-01-28 21:21:58,962 INFO c.h.h.t.HelmChartContainer - [POD] test-hivemq-platform-1 [9b8a3da7-5e34-4622-b062-ec92e9c74e74] in helmvolumeclaimtemplatesit was DELETED
2025-01-28 21:21:58,973 INFO c.h.h.t.HelmChartContainer - [POD] test-hivemq-platform-1 [7eab7aff-71bf-4bb0-9b64-7c6483d76090] in helmvolumeclaimtemplatesit was ADDED
2025-01-28 21:21:58,977 INFO c.h.h.t.HelmChartContainer - [K3S] [reconciler_common.go:299] "Volume detached for volume \"kube-api-access-2h62d\" (UniqueName: \"kubernetes.io/projected/9b8a3da7-5e34-4622-b062-ec92e9c74e74-kube-api-access-2h62d\") on node \"579ae00a3440\" DevicePath \"\""
2025-01-28 21:21:58,978 INFO c.h.h.t.HelmChartContainer - [K3S] [reconciler_common.go:299] "Volume detached for volume \"operator-init\" (UniqueName: \"kubernetes.io/empty-dir/9b8a3da7-5e34-4622-b062-ec92e9c74e74-operator-init\") on node \"579ae00a3440\" DevicePath \"\""
2025-01-28 21:21:58,978 INFO c.h.h.t.HelmChartContainer - [K3S] [reconciler_common.go:299] "Volume detached for volume \"pod-info\" (UniqueName: \"kubernetes.io/configmap/9b8a3da7-5e34-4622-b062-ec92e9c74e74-pod-info\") on node \"579ae00a3440\" DevicePath \"\""
2025-01-28 21:21:58,979 INFO c.h.h.t.HelmChartContainer - [K3S] [reconciler_common.go:292] "operationExecutor.UnmountDevice started for volume \"pvc-d1803ee3-df9a-4b32-b37a-14e96b886d93\" (UniqueName: \"kubernetes.io/local-volume/pvc-d1803ee3-df9a-4b32-b37a-14e96b886d93\") on node \"579ae00a3440\" "
2025-01-28 21:21:58,979 INFO c.h.h.t.HelmChartContainer - [K3S] [reconciler_common.go:299] "Volume detached for volume \"broker-configuration\" (UniqueName: \"kubernetes.io/configmap/9b8a3da7-5e34-4622-b062-ec92e9c74e74-broker-configuration\") on node \"579ae00a3440\" DevicePath \"\""
2025-01-28 21:21:58,981 INFO c.h.h.t.HelmChartContainer - [POD] test-hivemq-platform-1 [7eab7aff-71bf-4bb0-9b64-7c6483d76090] in helmvolumeclaimtemplatesit was MODIFIED
2025-01-28 21:21:58,981 INFO c.h.h.t.HelmChartContainer - [EVENT] Normal [SuccessfulCreate] create Pod test-hivemq-platform-1 in StatefulSet test-hivemq-platform successful [helmvolumeclaimtemplatesit:test-hivemq-platform]
2025-01-28 21:21:58,981 INFO c.h.h.t.HelmChartContainer - [K3S] [memory_manager.go:355] "RemoveStaleState removing state" podUID="9b8a3da7-5e34-4622-b062-ec92e9c74e74" containerName="hivemq"
2025-01-28 21:21:58,985 INFO c.h.h.t.HelmChartContainer - [EVENT] Normal [Scheduled] Successfully assigned helmvolumeclaimtemplatesit/test-hivemq-platform-1 to 579ae00a3440 [helmvolumeclaimtemplatesit:test-hivemq-platform-1]
2025-01-28 21:21:59,002 INFO c.h.h.t.HelmChartContainer - [POD] test-hivemq-platform-1 [7eab7aff-71bf-4bb0-9b64-7c6483d76090] in helmvolumeclaimtemplatesit was MODIFIED
2025-01-28 21:21:59,004 INFO c.h.h.t.HelmChartContainer - [hivemq-test-hivemq-platform] [hivemq-platform-operator] [68e05e19] 21:21:59.002 [ReconcilerExecutor-hivemq-controller-144] DEBUG c.h.p.o.h.HiveMQPlatformReconcilerRollingRestartHandler - [helmvolu] The last Pod is running for 61 seconds, the next Pod can be restarted
2025-01-28 21:21:59,005 INFO c.h.h.t.HelmChartContainer - [hivemq-test-hivemq-platform] [hivemq-platform-operator] [68e05e19] 21:21:59.004 [ReconcilerExecutor-hivemq-controller-144] INFO  c.h.p.o.h.HiveMQPlatformReconcilerRollingRestartHandler - [helmvolu] Restarting Pod test-hivemq-platform-1 as it's not matching the controller update revision (update revision: test-hivemq-platform-59475f86c9, pod revision: test-hivemq-platform-6c7bb94cbd)
2025-01-28 21:21:59,042 INFO c.h.h.t.HelmChartContainer - [K3S] [pod_workers.go:1301] "Error syncing pod, skipping" err="unmounted volumes=[broker-configuration hivemq-pvc-data kube-api-access-kbjc9 operator-init pod-info], unattached volumes=[], failed to process volumes=[]: context canceled" pod="helmvolumeclaimtemplatesit/test-hivemq-platform-1" podUID="7eab7aff-71bf-4bb0-9b64-7c6483d76090"
2025-01-28 21:21:59,042 INFO c.h.h.t.HelmChartContainer - [POD] test-hivemq-platform-1 [7eab7aff-71bf-4bb0-9b64-7c6483d76090] in helmvolumeclaimtemplatesit was MODIFIED
2025-01-28 21:21:59,079 INFO c.h.h.t.HelmChartContainer - [K3S] [reconciler_common.go:251] "operationExecutor.VerifyControllerAttachedVolume started for volume \"operator-init\" (UniqueName: \"kubernetes.io/empty-dir/7eab7aff-71bf-4bb0-9b64-7c6483d76090-operator-init\") pod \"test-hivemq-platform-1\" (UID: \"7eab7aff-71bf-4bb0-9b64-7c6483d76090\") " pod="helmvolumeclaimtemplatesit/test-hivemq-platform-1"
2025-01-28 21:21:59,079 INFO c.h.h.t.HelmChartContainer - [K3S] [reconciler_common.go:251] "operationExecutor.VerifyControllerAttachedVolume started for volume \"pod-info\" (UniqueName: \"kubernetes.io/configmap/7eab7aff-71bf-4bb0-9b64-7c6483d76090-pod-info\") pod \"test-hivemq-platform-1\" (UID: \"7eab7aff-71bf-4bb0-9b64-7c6483d76090\") " pod="helmvolumeclaimtemplatesit/test-hivemq-platform-1"
2025-01-28 21:21:59,079 INFO c.h.h.t.HelmChartContainer - [K3S] [reconciler_common.go:251] "operationExecutor.VerifyControllerAttachedVolume started for volume \"broker-configuration\" (UniqueName: \"kubernetes.io/configmap/7eab7aff-71bf-4bb0-9b64-7c6483d76090-broker-configuration\") pod \"test-hivemq-platform-1\" (UID: \"7eab7aff-71bf-4bb0-9b64-7c6483d76090\") " pod="helmvolumeclaimtemplatesit/test-hivemq-platform-1"
2025-01-28 21:21:59,079 INFO c.h.h.t.HelmChartContainer - [K3S] [reconciler_common.go:251] "operationExecutor.VerifyControllerAttachedVolume started for volume \"kube-api-access-kbjc9\" (UniqueName: \"kubernetes.io/projected/7eab7aff-71bf-4bb0-9b64-7c6483d76090-kube-api-access-kbjc9\") pod \"test-hivemq-platform-1\" (UID: \"7eab7aff-71bf-4bb0-9b64-7c6483d76090\") " pod="helmvolumeclaimtemplatesit/test-hivemq-platform-1"
2025-01-28 21:21:59,093 INFO c.h.h.t.HelmChartContainer - [hivemq-test-hivemq-platform] [hivemq-platform-operator] [68e05e19] 21:21:59.089 [pool-6-thread-14] DEBUG c.h.p.o.d.PlatformServiceResource - [helmvolu] Desired Platform services (3 services)
2025-01-28 21:21:59,093 INFO c.h.h.t.HelmChartContainer - [hivemq-test-hivemq-platform] [hivemq-platform-operator] [68e05e19] 21:21:59.090 [pool-6-thread-12] DEBUG c.h.p.o.dependants.PodInfoConfigMap - [helmvolu] Desired PodInfo ConfigMap (1 extensions) (1 enabled)
2025-01-28 21:21:59,093 INFO c.h.h.t.HelmChartContainer - [hivemq-test-hivemq-platform] [hivemq-platform-operator] [68e05e19] 21:21:59.090 [pool-6-thread-11] DEBUG c.h.p.o.d.PodServiceAccountResource - [helmvolu] Desired PodServiceAccountResource (serviceAccountName: hivemq-platform-pod-test-hivemq-platform)
2025-01-28 21:21:59,093 INFO c.h.h.t.HelmChartContainer - [hivemq-test-hivemq-platform] [hivemq-platform-operator] [68e05e19] 21:21:59.090 [pool-6-thread-12] DEBUG c.h.p.o.dependants.PodInfoConfigMap - [helmvolu] Desired PodInfo ConfigMap (metrics port: 9399) (metrics path: /)
2025-01-28 21:21:59,093 INFO c.h.h.t.HelmChartContainer - [hivemq-test-hivemq-platform] [hivemq-platform-operator] [68e05e19] 21:21:59.090 [pool-6-thread-12] DEBUG c.h.p.o.dependants.PodInfoConfigMap - [helmvolu] Desired PodInfo ConfigMap (extension state hash: -1817474005)
2025-01-28 21:21:59,094 INFO c.h.h.t.HelmChartContainer - [hivemq-test-hivemq-platform] [hivemq-platform-operator] [68e05e19] 21:21:59.094 [pool-6-thread-12] DEBUG c.h.p.o.d.StatefulSetResource - [helmvolu] Desired StatefulSet (3 replicas) for status ROLLING_RESTART (RESTART_PODS_IN_PROGRESS)
2025-01-28 21:21:59,099 INFO c.h.h.t.HelmChartContainer - [hivemq-test-hivemq-platform] [hivemq-platform-operator] [68e05e19] 21:21:59.096 [ReconcilerExecutor-hivemq-controller-147] INFO  c.h.p.o.HiveMQPlatformReconciler - [helmvolu] Reconciling HiveMQ Platform 'test-hivemq-platform' in namespace 'helmvolumeclaimtemplatesit'
2025-01-28 21:21:59,099 INFO c.h.h.t.HelmChartContainer - [hivemq-test-hivemq-platform] [hivemq-platform-operator] [68e05e19] 21:21:59.096 [ReconcilerExecutor-hivemq-controller-147] DEBUG c.h.p.o.HiveMQPlatformReconciler - [helmvolu] Custom Resource Status ROLLING_RESTART - HiveMQ Platform is restarting Pods (rolling restart) (RESTART_PODS_IN_PROGRESS)
2025-01-28 21:21:59,099 INFO c.h.h.t.HelmChartContainer - [hivemq-test-hivemq-platform] [hivemq-platform-operator] [68e05e19] 21:21:59.097 [ReconcilerExecutor-hivemq-controller-147] DEBUG c.h.p.o.HiveMQPlatformReconciler - [helmvolu] Custom Resource Spec (replicas: 2) (extensions: 1)
2025-01-28 21:21:59,099 INFO c.h.h.t.HelmChartContainer - [hivemq-test-hivemq-platform] [hivemq-platform-operator] [68e05e19] 21:21:59.097 [ReconcilerExecutor-hivemq-controller-147] DEBUG c.h.p.o.HiveMQPlatformReconciler - [helmvolu] StatefulSet Status (revision: test-hivemq-platform-59475f86c9, replicas: 3, available: 2, ready: 2, current: 1, updated: 1)
2025-01-28 21:21:59,099 INFO c.h.h.t.HelmChartContainer - [hivemq-test-hivemq-platform] [hivemq-platform-operator] [68e05e19] 21:21:59.097 [ReconcilerExecutor-hivemq-controller-147] DEBUG c.h.p.o.HiveMQPlatformReconciler - [helmvolu] StatefulSet Spec (replicas: 3, init containers: 1, containers: 1, volumes: 4)
2025-01-28 21:21:59,100 INFO c.h.h.t.HelmChartContainer - [hivemq-test-hivemq-platform] [hivemq-platform-operator] [68e05e19] 21:21:59.099 [ReconcilerExecutor-hivemq-controller-147] DEBUG c.h.p.o.h.HiveMQPlatformReconcilerErrorHandler - [helmvolu] Pod 'test-hivemq-platform-2' phase Running
2025-01-28 21:21:59,101 INFO c.h.h.t.HelmChartContainer - [hivemq-test-hivemq-platform] [hivemq-platform-operator] [68e05e19] 21:21:59.100 [ReconcilerExecutor-hivemq-controller-147] DEBUG c.h.p.o.h.HiveMQPlatformReconcilerErrorHandler - [helmvolu] Pod 'test-hivemq-platform-1' phase Pending
2025-01-28 21:21:59,101 INFO c.h.h.t.HelmChartContainer - [hivemq-test-hivemq-platform] [hivemq-platform-operator] [68e05e19] 21:21:59.100 [ReconcilerExecutor-hivemq-controller-147] DEBUG c.h.p.o.h.HiveMQPlatformReconcilerErrorHandler - [helmvolu] Pod 'test-hivemq-platform-1' condition 'PodReadyToStartContainers': False
2025-01-28 21:21:59,101 INFO c.h.h.t.HelmChartContainer - [hivemq-test-hivemq-platform] [hivemq-platform-operator] [68e05e19] 21:21:59.100 [ReconcilerExecutor-hivemq-controller-147] DEBUG c.h.p.o.h.HiveMQPlatformReconcilerErrorHandler - [helmvolu] Pod 'test-hivemq-platform-1' condition 'Initialized': False
2025-01-28 21:21:59,101 INFO c.h.h.t.HelmChartContainer - [hivemq-test-hivemq-platform] [hivemq-platform-operator] [68e05e19] 21:21:59.100 [ReconcilerExecutor-hivemq-controller-147] DEBUG c.h.p.o.h.HiveMQPlatformReconcilerErrorHandler - [helmvolu] Pod 'test-hivemq-platform-1' condition 'Ready': False
2025-01-28 21:21:59,101 INFO c.h.h.t.HelmChartContainer - [hivemq-test-hivemq-platform] [hivemq-platform-operator] [68e05e19] 21:21:59.100 [ReconcilerExecutor-hivemq-controller-147] DEBUG c.h.p.o.h.HiveMQPlatformReconcilerErrorHandler - [helmvolu] Pod 'test-hivemq-platform-1' condition 'ContainersReady': False
2025-01-28 21:21:59,101 INFO c.h.h.t.HelmChartContainer - [hivemq-test-hivemq-platform] [hivemq-platform-operator] [68e05e19] 21:21:59.100 [ReconcilerExecutor-hivemq-controller-147] DEBUG c.h.p.o.h.HiveMQPlatformReconcilerErrorHandler - [helmvolu] Pod 'test-hivemq-platform-1' condition 'PodScheduled': True
2025-01-28 21:21:59,102 INFO c.h.h.t.HelmChartContainer - [hivemq-test-hivemq-platform] [hivemq-platform-operator] [68e05e19] 21:21:59.100 [ReconcilerExecutor-hivemq-controller-147] DEBUG c.h.p.o.h.HiveMQPlatformReconcilerErrorHandler - [helmvolu] Pod 'test-hivemq-platform-1' containerStatus 'hivemq' (started: false) (ready: false) (waiting: [PodInitializing] null)
2025-01-28 21:21:59,102 INFO c.h.h.t.HelmChartContainer - [hivemq-test-hivemq-platform] [hivemq-platform-operator] [68e05e19] 21:21:59.101 [ReconcilerExecutor-hivemq-controller-147] DEBUG c.h.p.o.h.HiveMQPlatformReconcilerErrorHandler - [helmvolu] Pod 'test-hivemq-platform-0' phase Running
2025-01-28 21:21:59,102 INFO c.h.h.t.HelmChartContainer - [hivemq-test-hivemq-platform] [hivemq-platform-operator] [68e05e19] 21:21:59.101 [ReconcilerExecutor-hivemq-controller-147] DEBUG c.h.p.o.h.HiveMQPlatformReconcilerRollingRestartHandler - [helmvolu] Rolling restart is waiting for 2 of 3 replicas
2025-01-28 21:21:59,134 INFO c.h.h.t.HelmChartContainer - [hivemq-test-hivemq-platform] [hivemq-platform-operator] [68e05e19] 21:21:59.133 [pool-6-thread-22] DEBUG c.h.p.o.d.PlatformServiceResource - [helmvolu] Desired Platform services (3 services)
2025-01-28 21:21:59,135 INFO c.h.h.t.HelmChartContainer - [hivemq-test-hivemq-platform] [hivemq-platform-operator] [68e05e19] 21:21:59.133 [pool-6-thread-29] DEBUG c.h.p.o.dependants.PodInfoConfigMap - [helmvolu] Desired PodInfo ConfigMap (1 extensions) (1 enabled)
2025-01-28 21:21:59,135 INFO c.h.h.t.HelmChartContainer - [hivemq-test-hivemq-platform] [hivemq-platform-operator] [68e05e19] 21:21:59.133 [pool-6-thread-29] DEBUG c.h.p.o.dependants.PodInfoConfigMap - [helmvolu] Desired PodInfo ConfigMap (metrics port: 9399) (metrics path: /)
2025-01-28 21:21:59,135 INFO c.h.h.t.HelmChartContainer - [hivemq-test-hivemq-platform] [hivemq-platform-operator] [68e05e19] 21:21:59.133 [pool-6-thread-29] DEBUG c.h.p.o.dependants.PodInfoConfigMap - [helmvolu] Desired PodInfo ConfigMap (extension state hash: -1817474005)
2025-01-28 21:21:59,135 INFO c.h.h.t.HelmChartContainer - [hivemq-test-hivemq-platform] [hivemq-platform-operator] [68e05e19] 21:21:59.134 [pool-6-thread-29] DEBUG c.h.p.o.d.PodServiceAccountResource - [helmvolu] Desired PodServiceAccountResource (serviceAccountName: hivemq-platform-pod-test-hivemq-platform)
2025-01-28 21:21:59,190 INFO c.h.h.t.HelmChartContainer - [hivemq-test-hivemq-platform] [hivemq-platform-operator] [68e05e19] 21:21:59.188 [pool-6-thread-22] DEBUG c.h.p.o.d.StatefulSetResource - [helmvolu] Desired StatefulSet (3 replicas) for status ROLLING_RESTART (RESTART_PODS_IN_PROGRESS)
2025-01-28 21:21:59,192 INFO c.h.h.t.HelmChartContainer - [hivemq-test-hivemq-platform] [hivemq-platform-operator] [68e05e19] 21:21:59.191 [ReconcilerExecutor-hivemq-controller-148] INFO  c.h.p.o.HiveMQPlatformReconciler - [helmvolu] Reconciling HiveMQ Platform 'test-hivemq-platform' in namespace 'helmvolumeclaimtemplatesit'
2025-01-28 21:21:59,192 INFO c.h.h.t.HelmChartContainer - [hivemq-test-hivemq-platform] [hivemq-platform-operator] [68e05e19] 21:21:59.191 [ReconcilerExecutor-hivemq-controller-148] DEBUG c.h.p.o.HiveMQPlatformReconciler - [helmvolu] Custom Resource Status ROLLING_RESTART - HiveMQ Platform is restarting Pods (rolling restart) (RESTART_PODS_IN_PROGRESS)
2025-01-28 21:21:59,192 INFO c.h.h.t.HelmChartContainer - [hivemq-test-hivemq-platform] [hivemq-platform-operator] [68e05e19] 21:21:59.191 [ReconcilerExecutor-hivemq-controller-148] DEBUG c.h.p.o.HiveMQPlatformReconciler - [helmvolu] Custom Resource Spec (replicas: 2) (extensions: 1)
2025-01-28 21:21:59,195 INFO c.h.h.t.HelmChartContainer - [hivemq-test-hivemq-platform] [hivemq-platform-operator] [68e05e19] 21:21:59.193 [ReconcilerExecutor-hivemq-controller-148] DEBUG c.h.p.o.HiveMQPlatformReconciler - [helmvolu] StatefulSet Status (revision: test-hivemq-platform-59475f86c9, replicas: 3, available: 2, ready: 2, current: 1, updated: 1)
2025-01-28 21:21:59,195 INFO c.h.h.t.HelmChartContainer - [hivemq-test-hivemq-platform] [hivemq-platform-operator] [68e05e19] 21:21:59.193 [ReconcilerExecutor-hivemq-controller-148] DEBUG c.h.p.o.HiveMQPlatformReconciler - [helmvolu] StatefulSet Spec (replicas: 3, init containers: 1, containers: 1, volumes: 4)
2025-01-28 21:21:59,196 INFO c.h.h.t.HelmChartContainer - [hivemq-test-hivemq-platform] [hivemq-platform-operator] [68e05e19] 21:21:59.194 [ReconcilerExecutor-hivemq-controller-148] DEBUG c.h.p.o.h.HiveMQPlatformReconcilerErrorHandler - [helmvolu] Pod 'test-hivemq-platform-2' phase Running
2025-01-28 21:21:59,196 INFO c.h.h.t.HelmChartContainer - [hivemq-test-hivemq-platform] [hivemq-platform-operator] [68e05e19] 21:21:59.196 [ReconcilerExecutor-hivemq-controller-148] DEBUG c.h.p.o.h.HiveMQPlatformReconcilerErrorHandler - [helmvolu] Pod 'test-hivemq-platform-1' phase Pending
2025-01-28 21:21:59,198 INFO c.h.h.t.HelmChartContainer - [hivemq-test-hivemq-platform] [hivemq-platform-operator] [68e05e19] 21:21:59.196 [ReconcilerExecutor-hivemq-controller-148] DEBUG c.h.p.o.h.HiveMQPlatformReconcilerErrorHandler - [helmvolu] Pod 'test-hivemq-platform-1' condition 'PodReadyToStartContainers': False
2025-01-28 21:21:59,198 INFO c.h.h.t.HelmChartContainer - [hivemq-test-hivemq-platform] [hivemq-platform-operator] [68e05e19] 21:21:59.196 [ReconcilerExecutor-hivemq-controller-148] DEBUG c.h.p.o.h.HiveMQPlatformReconcilerErrorHandler - [helmvolu] Pod 'test-hivemq-platform-1' condition 'Initialized': False
2025-01-28 21:21:59,198 INFO c.h.h.t.HelmChartContainer - [hivemq-test-hivemq-platform] [hivemq-platform-operator] [68e05e19] 21:21:59.196 [ReconcilerExecutor-hivemq-controller-148] DEBUG c.h.p.o.h.HiveMQPlatformReconcilerErrorHandler - [helmvolu] Pod 'test-hivemq-platform-1' condition 'Ready': False
2025-01-28 21:21:59,198 INFO c.h.h.t.HelmChartContainer - [hivemq-test-hivemq-platform] [hivemq-platform-operator] [68e05e19] 21:21:59.196 [ReconcilerExecutor-hivemq-controller-148] DEBUG c.h.p.o.h.HiveMQPlatformReconcilerErrorHandler - [helmvolu] Pod 'test-hivemq-platform-1' condition 'ContainersReady': False
2025-01-28 21:21:59,198 INFO c.h.h.t.HelmChartContainer - [hivemq-test-hivemq-platform] [hivemq-platform-operator] [68e05e19] 21:21:59.196 [ReconcilerExecutor-hivemq-controller-148] DEBUG c.h.p.o.h.HiveMQPlatformReconcilerErrorHandler - [helmvolu] Pod 'test-hivemq-platform-1' condition 'PodScheduled': True
2025-01-28 21:21:59,198 INFO c.h.h.t.HelmChartContainer - [hivemq-test-hivemq-platform] [hivemq-platform-operator] [68e05e19] 21:21:59.196 [ReconcilerExecutor-hivemq-controller-148] DEBUG c.h.p.o.h.HiveMQPlatformReconcilerErrorHandler - [helmvolu] Pod 'test-hivemq-platform-1' containerStatus 'hivemq' (started: false) (ready: false) (waiting: [PodInitializing] null)
2025-01-28 21:21:59,198 INFO c.h.h.t.HelmChartContainer - [hivemq-test-hivemq-platform] [hivemq-platform-operator] [68e05e19] 21:21:59.196 [ReconcilerExecutor-hivemq-controller-148] DEBUG c.h.p.o.h.HiveMQPlatformReconcilerErrorHandler - [helmvolu] Pod 'test-hivemq-platform-0' phase Running
2025-01-28 21:21:59,198 INFO c.h.h.t.HelmChartContainer - [hivemq-test-hivemq-platform] [hivemq-platform-operator] [68e05e19] 21:21:59.197 [ReconcilerExecutor-hivemq-controller-148] DEBUG c.h.p.o.h.HiveMQPlatformReconcilerRollingRestartHandler - [helmvolu] Rolling restart is waiting for 2 of 3 replicas
2025-01-28 21:21:59,404 INFO c.h.h.t.HelmChartContainer - [K3S] [kubelet_volumes.go:163] "Cleaned up orphaned pod volumes dir" podUID="9b8a3da7-5e34-4622-b062-ec92e9c74e74" path="/var/lib/kubelet/pods/9b8a3da7-5e34-4622-b062-ec92e9c74e74/volumes"
2025-01-28 21:22:00,085 INFO c.h.h.t.HelmChartContainer - [K3S] [reconciler_common.go:162] "operationExecutor.UnmountVolume started for volume \"kube-api-access-kbjc9\" (UniqueName: \"kubernetes.io/projected/7eab7aff-71bf-4bb0-9b64-7c6483d76090-kube-api-access-kbjc9\") pod \"7eab7aff-71bf-4bb0-9b64-7c6483d76090\" (UID: \"7eab7aff-71bf-4bb0-9b64-7c6483d76090\") "
2025-01-28 21:22:00,085 INFO c.h.h.t.HelmChartContainer - [K3S] [reconciler_common.go:162] "operationExecutor.UnmountVolume started for volume \"operator-init\" (UniqueName: \"kubernetes.io/empty-dir/7eab7aff-71bf-4bb0-9b64-7c6483d76090-operator-init\") pod \"7eab7aff-71bf-4bb0-9b64-7c6483d76090\" (UID: \"7eab7aff-71bf-4bb0-9b64-7c6483d76090\") "
2025-01-28 21:22:00,086 INFO c.h.h.t.HelmChartContainer - [K3S] [reconciler_common.go:162] "operationExecutor.UnmountVolume started for volume \"hivemq-pvc-data\" (UniqueName: \"kubernetes.io/local-volume/pvc-d1803ee3-df9a-4b32-b37a-14e96b886d93\") pod \"7eab7aff-71bf-4bb0-9b64-7c6483d76090\" (UID: \"7eab7aff-71bf-4bb0-9b64-7c6483d76090\") "
2025-01-28 21:22:00,086 INFO c.h.h.t.HelmChartContainer - [K3S] [reconciler_common.go:162] "operationExecutor.UnmountVolume started for volume \"broker-configuration\" (UniqueName: \"kubernetes.io/configmap/7eab7aff-71bf-4bb0-9b64-7c6483d76090-broker-configuration\") pod \"7eab7aff-71bf-4bb0-9b64-7c6483d76090\" (UID: \"7eab7aff-71bf-4bb0-9b64-7c6483d76090\") "
2025-01-28 21:22:00,086 INFO c.h.h.t.HelmChartContainer - [K3S] [reconciler_common.go:162] "operationExecutor.UnmountVolume started for volume \"pod-info\" (UniqueName: \"kubernetes.io/configmap/7eab7aff-71bf-4bb0-9b64-7c6483d76090-pod-info\") pod \"7eab7aff-71bf-4bb0-9b64-7c6483d76090\" (UID: \"7eab7aff-71bf-4bb0-9b64-7c6483d76090\") "
2025-01-28 21:22:00,186 INFO c.h.h.t.HelmChartContainer - [K3S] [reconciler_common.go:299] "Volume detached for volume \"operator-init\" (UniqueName: \"kubernetes.io/empty-dir/7eab7aff-71bf-4bb0-9b64-7c6483d76090-operator-init\") on node \"579ae00a3440\" DevicePath \"\""
2025-01-28 21:22:00,187 INFO c.h.h.t.HelmChartContainer - [K3S] [reconciler_common.go:292] "operationExecutor.UnmountDevice started for volume \"pvc-d1803ee3-df9a-4b32-b37a-14e96b886d93\" (UniqueName: \"kubernetes.io/local-volume/pvc-d1803ee3-df9a-4b32-b37a-14e96b886d93\") on node \"579ae00a3440\" "
2025-01-28 21:22:00,187 INFO c.h.h.t.HelmChartContainer - [K3S] [reconciler_common.go:299] "Volume detached for volume \"broker-configuration\" (UniqueName: \"kubernetes.io/configmap/7eab7aff-71bf-4bb0-9b64-7c6483d76090-broker-configuration\") on node \"579ae00a3440\" DevicePath \"\""
2025-01-28 21:22:00,187 INFO c.h.h.t.HelmChartContainer - [K3S] [reconciler_common.go:299] "Volume detached for volume \"pod-info\" (UniqueName: \"kubernetes.io/configmap/7eab7aff-71bf-4bb0-9b64-7c6483d76090-pod-info\") on node \"579ae00a3440\" DevicePath \"\""
2025-01-28 21:22:00,187 INFO c.h.h.t.HelmChartContainer - [K3S] [reconciler_common.go:299] "Volume detached for volume \"kube-api-access-kbjc9\" (UniqueName: \"kubernetes.io/projected/7eab7aff-71bf-4bb0-9b64-7c6483d76090-kube-api-access-kbjc9\") on node \"579ae00a3440\" DevicePath \"\""
2025-01-28 21:22:00,287 INFO c.h.h.t.HelmChartContainer - [K3S] [reconciler_common.go:299] "Volume detached for volume \"pvc-d1803ee3-df9a-4b32-b37a-14e96b886d93\" (UniqueName: \"kubernetes.io/local-volume/pvc-d1803ee3-df9a-4b32-b37a-14e96b886d93\") on node \"579ae00a3440\" DevicePath \"\""
2025-01-28 21:22:00,962 INFO c.h.h.t.HelmChartContainer - [POD] test-hivemq-platform-1 [7eab7aff-71bf-4bb0-9b64-7c6483d76090] in helmvolumeclaimtemplatesit was MODIFIED
2025-01-28 21:22:00,979 INFO c.h.h.t.HelmChartContainer - [POD] test-hivemq-platform-1 [7eab7aff-71bf-4bb0-9b64-7c6483d76090] in helmvolumeclaimtemplatesit was MODIFIED
2025-01-28 21:22:00,977 INFO c.h.h.t.HelmChartContainer - [hivemq-test-hivemq-platform] [hivemq-platform-operator] [68e05e19] 21:22:00.966 [pool-6-thread-39] DEBUG c.h.p.o.d.PlatformServiceResource - [helmvolu] Desired Platform services (3 services)
2025-01-28 21:22:00,979 INFO c.h.h.t.HelmChartContainer - [hivemq-test-hivemq-platform] [hivemq-platform-operator] [68e05e19] 21:22:00.968 [pool-6-thread-40] DEBUG c.h.p.o.dependants.PodInfoConfigMap - [helmvolu] Desired PodInfo ConfigMap (1 extensions) (1 enabled)
2025-01-28 21:22:00,979 INFO c.h.h.t.HelmChartContainer - [hivemq-test-hivemq-platform] [hivemq-platform-operator] [68e05e19] 21:22:00.968 [pool-6-thread-40] DEBUG c.h.p.o.dependants.PodInfoConfigMap - [helmvolu] Desired PodInfo ConfigMap (metrics port: 9399) (metrics path: /)
2025-01-28 21:22:00,979 INFO c.h.h.t.HelmChartContainer - [hivemq-test-hivemq-platform] [hivemq-platform-operator] [68e05e19] 21:22:00.968 [pool-6-thread-40] DEBUG c.h.p.o.dependants.PodInfoConfigMap - [helmvolu] Desired PodInfo ConfigMap (extension state hash: -1817474005)
2025-01-28 21:22:00,979 INFO c.h.h.t.HelmChartContainer - [hivemq-test-hivemq-platform] [hivemq-platform-operator] [68e05e19] 21:22:00.972 [pool-6-thread-34] DEBUG c.h.p.o.d.PodServiceAccountResource - [helmvolu] Desired PodServiceAccountResource (serviceAccountName: hivemq-platform-pod-test-hivemq-platform)
2025-01-28 21:22:00,979 INFO c.h.h.t.HelmChartContainer - [hivemq-test-hivemq-platform] [hivemq-platform-operator] [68e05e19] 21:22:00.977 [pool-6-thread-39] DEBUG c.h.p.o.d.StatefulSetResource - [helmvolu] Desired StatefulSet (3 replicas) for status ROLLING_RESTART (RESTART_PODS_IN_PROGRESS)
2025-01-28 21:22:00,984 INFO c.h.h.t.HelmChartContainer - [POD] test-hivemq-platform-1 [7eab7aff-71bf-4bb0-9b64-7c6483d76090] in helmvolumeclaimtemplatesit was DELETED
2025-01-28 21:22:00,988 INFO c.h.h.t.HelmChartContainer - [hivemq-test-hivemq-platform] [hivemq-platform-operator] [68e05e19] 21:22:00.986 [ReconcilerExecutor-hivemq-controller-149] INFO  c.h.p.o.HiveMQPlatformReconciler - [helmvolu] Reconciling HiveMQ Platform 'test-hivemq-platform' in namespace 'helmvolumeclaimtemplatesit'
2025-01-28 21:22:00,988 INFO c.h.h.t.HelmChartContainer - [hivemq-test-hivemq-platform] [hivemq-platform-operator] [68e05e19] 21:22:00.987 [ReconcilerExecutor-hivemq-controller-149] DEBUG c.h.p.o.HiveMQPlatformReconciler - [helmvolu] Custom Resource Status ROLLING_RESTART - HiveMQ Platform is restarting Pods (rolling restart) (RESTART_PODS_IN_PROGRESS)
2025-01-28 21:22:00,988 INFO c.h.h.t.HelmChartContainer - [hivemq-test-hivemq-platform] [hivemq-platform-operator] [68e05e19] 21:22:00.987 [ReconcilerExecutor-hivemq-controller-149] DEBUG c.h.p.o.HiveMQPlatformReconciler - [helmvolu] Custom Resource Spec (replicas: 2) (extensions: 1)
2025-01-28 21:22:00,998 INFO c.h.h.t.HelmChartContainer - [hivemq-test-hivemq-platform] [hivemq-platform-operator] [68e05e19] 21:22:00.994 [ReconcilerExecutor-hivemq-controller-149] DEBUG c.h.p.o.HiveMQPlatformReconciler - [helmvolu] StatefulSet Status (revision: test-hivemq-platform-59475f86c9, replicas: 3, available: 2, ready: 2, current: 1, updated: 1)
2025-01-28 21:22:00,998 INFO c.h.h.t.HelmChartContainer - [hivemq-test-hivemq-platform] [hivemq-platform-operator] [68e05e19] 21:22:00.994 [ReconcilerExecutor-hivemq-controller-149] DEBUG c.h.p.o.HiveMQPlatformReconciler - [helmvolu] StatefulSet Spec (replicas: 3, init containers: 1, containers: 1, volumes: 4)
2025-01-28 21:22:00,998 INFO c.h.h.t.HelmChartContainer - [hivemq-test-hivemq-platform] [hivemq-platform-operator] [68e05e19] 21:22:00.995 [ReconcilerExecutor-hivemq-controller-149] DEBUG c.h.p.o.h.HiveMQPlatformReconcilerErrorHandler - [helmvolu] Pod 'test-hivemq-platform-2' phase Running
2025-01-28 21:22:00,999 INFO c.h.h.t.HelmChartContainer - [hivemq-test-hivemq-platform] [hivemq-platform-operator] [68e05e19] 21:22:00.996 [ReconcilerExecutor-hivemq-controller-149] DEBUG c.h.p.o.h.HiveMQPlatformReconcilerErrorHandler - [helmvolu] Pod 'test-hivemq-platform-0' phase Running
2025-01-28 21:22:00,999 INFO c.h.h.t.HelmChartContainer - [hivemq-test-hivemq-platform] [hivemq-platform-operator] [68e05e19] 21:22:00.997 [ReconcilerExecutor-hivemq-controller-149] DEBUG c.h.p.o.h.HiveMQPlatformReconcilerRollingRestartHandler - [helmvolu] Rolling restart is waiting for 2 of 3 replicas
2025-01-28 21:22:01,003 INFO c.h.h.t.HelmChartContainer - [POD] test-hivemq-platform-1 [4ea8272b-5d5d-481f-beb8-22d5a08eadab] in helmvolumeclaimtemplatesit was ADDED
2025-01-28 21:22:01,017 INFO c.h.h.t.HelmChartContainer - [EVENT] Normal [SuccessfulCreate] create Pod test-hivemq-platform-1 in StatefulSet test-hivemq-platform successful [helmvolumeclaimtemplatesit:test-hivemq-platform]
2025-01-28 21:22:01,018 INFO c.h.h.t.HelmChartContainer - [POD] test-hivemq-platform-1 [4ea8272b-5d5d-481f-beb8-22d5a08eadab] in helmvolumeclaimtemplatesit was MODIFIED
2025-01-28 21:22:01,021 INFO c.h.h.t.HelmChartContainer - [EVENT] Normal [Scheduled] Successfully assigned helmvolumeclaimtemplatesit/test-hivemq-platform-1 to 579ae00a3440 [helmvolumeclaimtemplatesit:test-hivemq-platform-1]
2025-01-28 21:22:01,029 INFO c.h.h.t.HelmChartContainer - [POD] test-hivemq-platform-1 [4ea8272b-5d5d-481f-beb8-22d5a08eadab] in helmvolumeclaimtemplatesit was MODIFIED
2025-01-28 21:22:01,036 INFO c.h.h.t.HelmChartContainer - [hivemq-test-hivemq-platform] [hivemq-platform-operator] [68e05e19] 21:22:01.034 [pool-6-thread-45] DEBUG c.h.p.o.d.PlatformServiceResource - [helmvolu] Desired Platform services (3 services)
2025-01-28 21:22:01,040 INFO c.h.h.t.HelmChartContainer - [hivemq-test-hivemq-platform] [hivemq-platform-operator] [68e05e19] 21:22:01.036 [pool-6-thread-41] DEBUG c.h.p.o.dependants.PodInfoConfigMap - [helmvolu] Desired PodInfo ConfigMap (1 extensions) (1 enabled)
2025-01-28 21:22:01,040 INFO c.h.h.t.HelmChartContainer - [hivemq-test-hivemq-platform] [hivemq-platform-operator] [68e05e19] 21:22:01.036 [pool-6-thread-41] DEBUG c.h.p.o.dependants.PodInfoConfigMap - [helmvolu] Desired PodInfo ConfigMap (metrics port: 9399) (metrics path: /)
2025-01-28 21:22:01,040 INFO c.h.h.t.HelmChartContainer - [hivemq-test-hivemq-platform] [hivemq-platform-operator] [68e05e19] 21:22:01.036 [pool-6-thread-41] DEBUG c.h.p.o.dependants.PodInfoConfigMap - [helmvolu] Desired PodInfo ConfigMap (extension state hash: -1817474005)
2025-01-28 21:22:01,040 INFO c.h.h.t.HelmChartContainer - [hivemq-test-hivemq-platform] [hivemq-platform-operator] [68e05e19] 21:22:01.037 [pool-6-thread-41] DEBUG c.h.p.o.d.PodServiceAccountResource - [helmvolu] Desired PodServiceAccountResource (serviceAccountName: hivemq-platform-pod-test-hivemq-platform)
2025-01-28 21:22:01,053 INFO c.h.h.t.HelmChartContainer - [hivemq-test-hivemq-platform] [hivemq-platform-operator] [68e05e19] 21:22:01.051 [pool-6-thread-46] DEBUG c.h.p.o.d.StatefulSetResource - [helmvolu] Desired StatefulSet (3 replicas) for status ROLLING_RESTART (RESTART_PODS_IN_PROGRESS)
2025-01-28 21:22:01,092 INFO c.h.h.t.HelmChartContainer - [K3S] [reconciler_common.go:251] "operationExecutor.VerifyControllerAttachedVolume started for volume \"broker-configuration\" (UniqueName: \"kubernetes.io/configmap/4ea8272b-5d5d-481f-beb8-22d5a08eadab-broker-configuration\") pod \"test-hivemq-platform-1\" (UID: \"4ea8272b-5d5d-481f-beb8-22d5a08eadab\") " pod="helmvolumeclaimtemplatesit/test-hivemq-platform-1"
2025-01-28 21:22:01,092 INFO c.h.h.t.HelmChartContainer - [K3S] [reconciler_common.go:251] "operationExecutor.VerifyControllerAttachedVolume started for volume \"pvc-d1803ee3-df9a-4b32-b37a-14e96b886d93\" (UniqueName: \"kubernetes.io/local-volume/pvc-d1803ee3-df9a-4b32-b37a-14e96b886d93\") pod \"test-hivemq-platform-1\" (UID: \"4ea8272b-5d5d-481f-beb8-22d5a08eadab\") " pod="helmvolumeclaimtemplatesit/test-hivemq-platform-1"
2025-01-28 21:22:01,093 INFO c.h.h.t.HelmChartContainer - [K3S] [reconciler_common.go:251] "operationExecutor.VerifyControllerAttachedVolume started for volume \"pod-info\" (UniqueName: \"kubernetes.io/configmap/4ea8272b-5d5d-481f-beb8-22d5a08eadab-pod-info\") pod \"test-hivemq-platform-1\" (UID: \"4ea8272b-5d5d-481f-beb8-22d5a08eadab\") " pod="helmvolumeclaimtemplatesit/test-hivemq-platform-1"
2025-01-28 21:22:01,093 INFO c.h.h.t.HelmChartContainer - [K3S] [reconciler_common.go:251] "operationExecutor.VerifyControllerAttachedVolume started for volume \"operator-init\" (UniqueName: \"kubernetes.io/empty-dir/4ea8272b-5d5d-481f-beb8-22d5a08eadab-operator-init\") pod \"test-hivemq-platform-1\" (UID: \"4ea8272b-5d5d-481f-beb8-22d5a08eadab\") " pod="helmvolumeclaimtemplatesit/test-hivemq-platform-1"
2025-01-28 21:22:01,093 INFO c.h.h.t.HelmChartContainer - [K3S] [reconciler_common.go:251] "operationExecutor.VerifyControllerAttachedVolume started for volume \"kube-api-access-v4d5z\" (UniqueName: \"kubernetes.io/projected/4ea8272b-5d5d-481f-beb8-22d5a08eadab-kube-api-access-v4d5z\") pod \"test-hivemq-platform-1\" (UID: \"4ea8272b-5d5d-481f-beb8-22d5a08eadab\") " pod="helmvolumeclaimtemplatesit/test-hivemq-platform-1"
2025-01-28 21:22:01,133 INFO c.h.h.t.HelmChartContainer - [hivemq-test-hivemq-platform] [hivemq-platform-operator] [68e05e19] 21:22:01.131 [ReconcilerExecutor-hivemq-controller-150] INFO  c.h.p.o.HiveMQPlatformReconciler - [helmvolu] Reconciling HiveMQ Platform 'test-hivemq-platform' in namespace 'helmvolumeclaimtemplatesit'
2025-01-28 21:22:01,133 INFO c.h.h.t.HelmChartContainer - [hivemq-test-hivemq-platform] [hivemq-platform-operator] [68e05e19] 21:22:01.131 [ReconcilerExecutor-hivemq-controller-150] DEBUG c.h.p.o.HiveMQPlatformReconciler - [helmvolu] Custom Resource Status ROLLING_RESTART - HiveMQ Platform is restarting Pods (rolling restart) (RESTART_PODS_IN_PROGRESS)
2025-01-28 21:22:01,133 INFO c.h.h.t.HelmChartContainer - [hivemq-test-hivemq-platform] [hivemq-platform-operator] [68e05e19] 21:22:01.131 [ReconcilerExecutor-hivemq-controller-150] DEBUG c.h.p.o.HiveMQPlatformReconciler - [helmvolu] Custom Resource Spec (replicas: 2) (extensions: 1)
2025-01-28 21:22:01,135 INFO c.h.h.t.HelmChartContainer - [hivemq-test-hivemq-platform] [hivemq-platform-operator] [68e05e19] 21:22:01.133 [ReconcilerExecutor-hivemq-controller-150] DEBUG c.h.p.o.HiveMQPlatformReconciler - [helmvolu] StatefulSet Status (revision: test-hivemq-platform-59475f86c9, replicas: 3, available: 2, ready: 2, current: 1, updated: 2)
2025-01-28 21:22:01,136 INFO c.h.h.t.HelmChartContainer - [hivemq-test-hivemq-platform] [hivemq-platform-operator] [68e05e19] 21:22:01.133 [ReconcilerExecutor-hivemq-controller-150] DEBUG c.h.p.o.HiveMQPlatformReconciler - [helmvolu] StatefulSet Spec (replicas: 3, init containers: 1, containers: 1, volumes: 4)
2025-01-28 21:22:01,136 INFO c.h.h.t.HelmChartContainer - [hivemq-test-hivemq-platform] [hivemq-platform-operator] [68e05e19] 21:22:01.135 [ReconcilerExecutor-hivemq-controller-150] DEBUG c.h.p.o.h.HiveMQPlatformReconcilerErrorHandler - [helmvolu] Pod 'test-hivemq-platform-2' phase Running
2025-01-28 21:22:01,138 INFO c.h.h.t.HelmChartContainer - [hivemq-test-hivemq-platform] [hivemq-platform-operator] [68e05e19] 21:22:01.136 [ReconcilerExecutor-hivemq-controller-150] DEBUG c.h.p.o.h.HiveMQPlatformReconcilerErrorHandler - [helmvolu] Pod 'test-hivemq-platform-1' phase Pending
2025-01-28 21:22:01,138 INFO c.h.h.t.HelmChartContainer - [hivemq-test-hivemq-platform] [hivemq-platform-operator] [68e05e19] 21:22:01.136 [ReconcilerExecutor-hivemq-controller-150] DEBUG c.h.p.o.h.HiveMQPlatformReconcilerErrorHandler - [helmvolu] Pod 'test-hivemq-platform-1' condition 'PodReadyToStartContainers': False
2025-01-28 21:22:01,138 INFO c.h.h.t.HelmChartContainer - [hivemq-test-hivemq-platform] [hivemq-platform-operator] [68e05e19] 21:22:01.136 [ReconcilerExecutor-hivemq-controller-150] DEBUG c.h.p.o.h.HiveMQPlatformReconcilerErrorHandler - [helmvolu] Pod 'test-hivemq-platform-1' condition 'Initialized': False
2025-01-28 21:22:01,138 INFO c.h.h.t.HelmChartContainer - [hivemq-test-hivemq-platform] [hivemq-platform-operator] [68e05e19] 21:22:01.136 [ReconcilerExecutor-hivemq-controller-150] DEBUG c.h.p.o.h.HiveMQPlatformReconcilerErrorHandler - [helmvolu] Pod 'test-hivemq-platform-1' condition 'Ready': False
2025-01-28 21:22:01,138 INFO c.h.h.t.HelmChartContainer - [hivemq-test-hivemq-platform] [hivemq-platform-operator] [68e05e19] 21:22:01.136 [ReconcilerExecutor-hivemq-controller-150] DEBUG c.h.p.o.h.HiveMQPlatformReconcilerErrorHandler - [helmvolu] Pod 'test-hivemq-platform-1' condition 'ContainersReady': False
2025-01-28 21:22:01,138 INFO c.h.h.t.HelmChartContainer - [hivemq-test-hivemq-platform] [hivemq-platform-operator] [68e05e19] 21:22:01.136 [ReconcilerExecutor-hivemq-controller-150] DEBUG c.h.p.o.h.HiveMQPlatformReconcilerErrorHandler - [helmvolu] Pod 'test-hivemq-platform-1' condition 'PodScheduled': True
2025-01-28 21:22:01,138 INFO c.h.h.t.HelmChartContainer - [hivemq-test-hivemq-platform] [hivemq-platform-operator] [68e05e19] 21:22:01.136 [ReconcilerExecutor-hivemq-controller-150] DEBUG c.h.p.o.h.HiveMQPlatformReconcilerErrorHandler - [helmvolu] Pod 'test-hivemq-platform-1' containerStatus 'hivemq' (started: false) (ready: false) (waiting: [PodInitializing] null)
2025-01-28 21:22:01,139 INFO c.h.h.t.HelmChartContainer - [hivemq-test-hivemq-platform] [hivemq-platform-operator] [68e05e19] 21:22:01.137 [ReconcilerExecutor-hivemq-controller-150] DEBUG c.h.p.o.h.HiveMQPlatformReconcilerErrorHandler - [helmvolu] Pod 'test-hivemq-platform-0' phase Running
2025-01-28 21:22:01,139 INFO c.h.h.t.HelmChartContainer - [hivemq-test-hivemq-platform] [hivemq-platform-operator] [68e05e19] 21:22:01.138 [ReconcilerExecutor-hivemq-controller-150] DEBUG c.h.p.o.h.HiveMQPlatformReconcilerRollingRestartHandler - [helmvolu] Rolling restart is waiting for 2 of 3 replicas
2025-01-28 21:22:01,143 INFO c.h.h.t.HelmChartContainer - [hivemq-test-hivemq-platform] [hivemq-platform-operator] [68e05e19] 21:22:01.141 [pool-6-thread-10] DEBUG c.h.p.o.d.PodServiceAccountResource - [helmvolu] Desired PodServiceAccountResource (serviceAccountName: hivemq-platform-pod-test-hivemq-platform)
2025-01-28 21:22:01,144 INFO c.h.h.t.HelmChartContainer - [hivemq-test-hivemq-platform] [hivemq-platform-operator] [68e05e19] 21:22:01.142 [pool-6-thread-5] DEBUG c.h.p.o.dependants.PodInfoConfigMap - [helmvolu] Desired PodInfo ConfigMap (1 extensions) (1 enabled)
2025-01-28 21:22:01,145 INFO c.h.h.t.HelmChartContainer - [hivemq-test-hivemq-platform] [hivemq-platform-operator] [68e05e19] 21:22:01.143 [pool-6-thread-5] DEBUG c.h.p.o.dependants.PodInfoConfigMap - [helmvolu] Desired PodInfo ConfigMap (metrics port: 9399) (metrics path: /)
2025-01-28 21:22:01,145 INFO c.h.h.t.HelmChartContainer - [hivemq-test-hivemq-platform] [hivemq-platform-operator] [68e05e19] 21:22:01.143 [pool-6-thread-5] DEBUG c.h.p.o.dependants.PodInfoConfigMap - [helmvolu] Desired PodInfo ConfigMap (extension state hash: -1817474005)
2025-01-28 21:22:01,145 INFO c.h.h.t.HelmChartContainer - [hivemq-test-hivemq-platform] [hivemq-platform-operator] [68e05e19] 21:22:01.143 [pool-6-thread-9] DEBUG c.h.p.o.d.PlatformServiceResource - [helmvolu] Desired Platform services (3 services)
2025-01-28 21:22:01,148 INFO c.h.h.t.HelmChartContainer - [hivemq-test-hivemq-platform] [hivemq-platform-operator] [68e05e19] 21:22:01.147 [pool-6-thread-9] DEBUG c.h.p.o.d.StatefulSetResource - [helmvolu] Desired StatefulSet (3 replicas) for status ROLLING_RESTART (RESTART_PODS_IN_PROGRESS)
2025-01-28 21:22:01,150 INFO c.h.h.t.HelmChartContainer - [hivemq-test-hivemq-platform] [hivemq-platform-operator] [68e05e19] 21:22:01.149 [ReconcilerExecutor-hivemq-controller-151] INFO  c.h.p.o.HiveMQPlatformReconciler - [helmvolu] Reconciling HiveMQ Platform 'test-hivemq-platform' in namespace 'helmvolumeclaimtemplatesit'
2025-01-28 21:22:01,150 INFO c.h.h.t.HelmChartContainer - [hivemq-test-hivemq-platform] [hivemq-platform-operator] [68e05e19] 21:22:01.149 [ReconcilerExecutor-hivemq-controller-151] DEBUG c.h.p.o.HiveMQPlatformReconciler - [helmvolu] Custom Resource Status ROLLING_RESTART - HiveMQ Platform is restarting Pods (rolling restart) (RESTART_PODS_IN_PROGRESS)
2025-01-28 21:22:01,150 INFO c.h.h.t.HelmChartContainer - [hivemq-test-hivemq-platform] [hivemq-platform-operator] [68e05e19] 21:22:01.149 [ReconcilerExecutor-hivemq-controller-151] DEBUG c.h.p.o.HiveMQPlatformReconciler - [helmvolu] Custom Resource Spec (replicas: 2) (extensions: 1)
2025-01-28 21:22:01,151 INFO c.h.h.t.HelmChartContainer - [hivemq-test-hivemq-platform] [hivemq-platform-operator] [68e05e19] 21:22:01.150 [ReconcilerExecutor-hivemq-controller-151] DEBUG c.h.p.o.HiveMQPlatformReconciler - [helmvolu] StatefulSet Status (revision: test-hivemq-platform-59475f86c9, replicas: 3, available: 2, ready: 2, current: 1, updated: 2)
2025-01-28 21:22:01,151 INFO c.h.h.t.HelmChartContainer - [hivemq-test-hivemq-platform] [hivemq-platform-operator] [68e05e19] 21:22:01.150 [ReconcilerExecutor-hivemq-controller-151] DEBUG c.h.p.o.HiveMQPlatformReconciler - [helmvolu] StatefulSet Spec (replicas: 3, init containers: 1, containers: 1, volumes: 4)
2025-01-28 21:22:01,186 INFO c.h.h.t.HelmChartContainer - [hivemq-test-hivemq-platform] [hivemq-platform-operator] [68e05e19] 21:22:01.185 [ReconcilerExecutor-hivemq-controller-151] DEBUG c.h.p.o.h.HiveMQPlatformReconcilerErrorHandler - [helmvolu] Pod 'test-hivemq-platform-2' phase Running
2025-01-28 21:22:01,187 INFO c.h.h.t.HelmChartContainer - [hivemq-test-hivemq-platform] [hivemq-platform-operator] [68e05e19] 21:22:01.187 [ReconcilerExecutor-hivemq-controller-151] DEBUG c.h.p.o.h.HiveMQPlatformReconcilerErrorHandler - [helmvolu] Pod 'test-hivemq-platform-1' phase Pending
2025-01-28 21:22:01,188 INFO c.h.h.t.HelmChartContainer - [hivemq-test-hivemq-platform] [hivemq-platform-operator] [68e05e19] 21:22:01.187 [ReconcilerExecutor-hivemq-controller-151] DEBUG c.h.p.o.h.HiveMQPlatformReconcilerErrorHandler - [helmvolu] Pod 'test-hivemq-platform-1' condition 'PodReadyToStartContainers': False
2025-01-28 21:22:01,188 INFO c.h.h.t.HelmChartContainer - [hivemq-test-hivemq-platform] [hivemq-platform-operator] [68e05e19] 21:22:01.187 [ReconcilerExecutor-hivemq-controller-151] DEBUG c.h.p.o.h.HiveMQPlatformReconcilerErrorHandler - [helmvolu] Pod 'test-hivemq-platform-1' condition 'Initialized': False
2025-01-28 21:22:01,188 INFO c.h.h.t.HelmChartContainer - [hivemq-test-hivemq-platform] [hivemq-platform-operator] [68e05e19] 21:22:01.187 [ReconcilerExecutor-hivemq-controller-151] DEBUG c.h.p.o.h.HiveMQPlatformReconcilerErrorHandler - [helmvolu] Pod 'test-hivemq-platform-1' condition 'Ready': False
2025-01-28 21:22:01,188 INFO c.h.h.t.HelmChartContainer - [hivemq-test-hivemq-platform] [hivemq-platform-operator] [68e05e19] 21:22:01.187 [ReconcilerExecutor-hivemq-controller-151] DEBUG c.h.p.o.h.HiveMQPlatformReconcilerErrorHandler - [helmvolu] Pod 'test-hivemq-platform-1' condition 'ContainersReady': False
2025-01-28 21:22:01,188 INFO c.h.h.t.HelmChartContainer - [hivemq-test-hivemq-platform] [hivemq-platform-operator] [68e05e19] 21:22:01.187 [ReconcilerExecutor-hivemq-controller-151] DEBUG c.h.p.o.h.HiveMQPlatformReconcilerErrorHandler - [helmvolu] Pod 'test-hivemq-platform-1' condition 'PodScheduled': True
2025-01-28 21:22:01,188 INFO c.h.h.t.HelmChartContainer - [hivemq-test-hivemq-platform] [hivemq-platform-operator] [68e05e19] 21:22:01.187 [ReconcilerExecutor-hivemq-controller-151] DEBUG c.h.p.o.h.HiveMQPlatformReconcilerErrorHandler - [helmvolu] Pod 'test-hivemq-platform-1' containerStatus 'hivemq' (started: false) (ready: false) (waiting: [PodInitializing] null)
2025-01-28 21:22:01,234 INFO c.h.h.t.HelmChartContainer - [hivemq-test-hivemq-platform] [hivemq-platform-operator] [68e05e19] 21:22:01.233 [ReconcilerExecutor-hivemq-controller-151] DEBUG c.h.p.o.h.HiveMQPlatformReconcilerErrorHandler - [helmvolu] Pod 'test-hivemq-platform-0' phase Running
2025-01-28 21:22:01,234 INFO c.h.h.t.HelmChartContainer - [hivemq-test-hivemq-platform] [hivemq-platform-operator] [68e05e19] 21:22:01.233 [ReconcilerExecutor-hivemq-controller-151] DEBUG c.h.p.o.h.HiveMQPlatformReconcilerRollingRestartHandler - [helmvolu] Rolling restart is waiting for 2 of 3 replicas
2025-01-28 21:22:01,404 INFO c.h.h.t.HelmChartContainer - [K3S] [kubelet_volumes.go:163] "Cleaned up orphaned pod volumes dir" podUID="7eab7aff-71bf-4bb0-9b64-7c6483d76090" path="/var/lib/kubelet/pods/7eab7aff-71bf-4bb0-9b64-7c6483d76090/volumes"
2025-01-28 21:22:01,407 INFO c.h.h.t.HelmChartContainer - [EVENT] Normal [Pulled] Container image "docker.io/hivemq/hivemq-platform-operator-init-test:snapshot" already present on machine [helmvolumeclaimtemplatesit:test-hivemq-platform-1]
2025-01-28 21:22:01,412 INFO c.h.h.t.HelmChartContainer - [EVENT] Normal [Created] Created container: hivemq-platform-operator-init [helmvolumeclaimtemplatesit:test-hivemq-platform-1]
2025-01-28 21:22:01,459 INFO c.h.h.t.HelmChartContainer - [EVENT] Normal [Started] Started container hivemq-platform-operator-init [helmvolumeclaimtemplatesit:test-hivemq-platform-1]
2025-01-28 21:22:01,953 INFO c.h.h.t.HelmChartContainer - [EVENT] Normal [Pulled] Container image "docker.io/hivemq/hivemq4:4.36.0" already present on machine [helmvolumeclaimtemplatesit:test-hivemq-platform-1]
2025-01-28 21:22:01,954 INFO c.h.h.t.HelmChartContainer - Received Pulled event for container hivemq in pod test-hivemq-platform-1 [4ea8272b-5d5d-481f-beb8-22d5a08eadab]
2025-01-28 21:22:01,962 INFO c.h.h.t.HelmChartContainer - [POD] test-hivemq-platform-1 [4ea8272b-5d5d-481f-beb8-22d5a08eadab] in helmvolumeclaimtemplatesit was MODIFIED
2025-01-28 21:22:01,972 INFO c.h.h.t.HelmChartContainer - [EVENT] Normal [Created] Created container: hivemq [helmvolumeclaimtemplatesit:test-hivemq-platform-1]
2025-01-28 21:22:01,973 INFO c.h.h.t.HelmChartContainer - Received Created event for container hivemq in pod test-hivemq-platform-1 [4ea8272b-5d5d-481f-beb8-22d5a08eadab]
2025-01-28 21:22:01,998 INFO c.h.h.t.HelmChartContainer - [hivemq-test-hivemq-platform] [hivemq-platform-operator] [68e05e19] 21:22:01.968 [pool-6-thread-14] DEBUG c.h.p.o.d.PlatformServiceResource - [helmvolu] Desired Platform services (3 services)
2025-01-28 21:22:01,998 INFO c.h.h.t.HelmChartContainer - [hivemq-test-hivemq-platform] [hivemq-platform-operator] [68e05e19] 21:22:01.974 [pool-6-thread-13] DEBUG c.h.p.o.d.PodServiceAccountResource - [helmvolu] Desired PodServiceAccountResource (serviceAccountName: hivemq-platform-pod-test-hivemq-platform)
2025-01-28 21:22:01,998 INFO c.h.h.t.HelmChartContainer - [hivemq-test-hivemq-platform] [hivemq-platform-operator] [68e05e19] 21:22:01.975 [pool-6-thread-17] DEBUG c.h.p.o.dependants.PodInfoConfigMap - [helmvolu] Desired PodInfo ConfigMap (1 extensions) (1 enabled)
2025-01-28 21:22:01,998 INFO c.h.h.t.HelmChartContainer - [hivemq-test-hivemq-platform] [hivemq-platform-operator] [68e05e19] 21:22:01.975 [pool-6-thread-17] DEBUG c.h.p.o.dependants.PodInfoConfigMap - [helmvolu] Desired PodInfo ConfigMap (metrics port: 9399) (metrics path: /)
2025-01-28 21:22:01,998 INFO c.h.h.t.HelmChartContainer - [hivemq-test-hivemq-platform] [hivemq-platform-operator] [68e05e19] 21:22:01.975 [pool-6-thread-17] DEBUG c.h.p.o.dependants.PodInfoConfigMap - [helmvolu] Desired PodInfo ConfigMap (extension state hash: -1817474005)
2025-01-28 21:22:01,998 INFO c.h.h.t.HelmChartContainer - [hivemq-test-hivemq-platform] [hivemq-platform-operator] [68e05e19] 21:22:01.977 [pool-6-thread-17] DEBUG c.h.p.o.d.StatefulSetResource - [helmvolu] Desired StatefulSet (3 replicas) for status ROLLING_RESTART (RESTART_PODS_IN_PROGRESS)
2025-01-28 21:22:01,998 INFO c.h.h.t.HelmChartContainer - [hivemq-test-hivemq-platform] [hivemq-platform-operator] [68e05e19] 21:22:01.980 [ReconcilerExecutor-hivemq-controller-152] INFO  c.h.p.o.HiveMQPlatformReconciler - [helmvolu] Reconciling HiveMQ Platform 'test-hivemq-platform' in namespace 'helmvolumeclaimtemplatesit'
2025-01-28 21:22:01,998 INFO c.h.h.t.HelmChartContainer - [hivemq-test-hivemq-platform] [hivemq-platform-operator] [68e05e19] 21:22:01.980 [ReconcilerExecutor-hivemq-controller-152] DEBUG c.h.p.o.HiveMQPlatformReconciler - [helmvolu] Custom Resource Status ROLLING_RESTART - HiveMQ Platform is restarting Pods (rolling restart) (RESTART_PODS_IN_PROGRESS)
2025-01-28 21:22:01,998 INFO c.h.h.t.HelmChartContainer - [hivemq-test-hivemq-platform] [hivemq-platform-operator] [68e05e19] 21:22:01.980 [ReconcilerExecutor-hivemq-controller-152] DEBUG c.h.p.o.HiveMQPlatformReconciler - [helmvolu] Custom Resource Spec (replicas: 2) (extensions: 1)
2025-01-28 21:22:01,998 INFO c.h.h.t.HelmChartContainer - [hivemq-test-hivemq-platform] [hivemq-platform-operator] [68e05e19] 21:22:01.981 [ReconcilerExecutor-hivemq-controller-152] DEBUG c.h.p.o.HiveMQPlatformReconciler - [helmvolu] StatefulSet Status (revision: test-hivemq-platform-59475f86c9, replicas: 3, available: 2, ready: 2, current: 1, updated: 2)
2025-01-28 21:22:01,998 INFO c.h.h.t.HelmChartContainer - [hivemq-test-hivemq-platform] [hivemq-platform-operator] [68e05e19] 21:22:01.981 [ReconcilerExecutor-hivemq-controller-152] DEBUG c.h.p.o.HiveMQPlatformReconciler - [helmvolu] StatefulSet Spec (replicas: 3, init containers: 1, containers: 1, volumes: 4)
2025-01-28 21:22:01,998 INFO c.h.h.t.HelmChartContainer - [hivemq-test-hivemq-platform] [hivemq-platform-operator] [68e05e19] 21:22:01.982 [ReconcilerExecutor-hivemq-controller-152] DEBUG c.h.p.o.h.HiveMQPlatformReconcilerErrorHandler - [helmvolu] Pod 'test-hivemq-platform-2' phase Running
2025-01-28 21:22:01,998 INFO c.h.h.t.HelmChartContainer - [hivemq-test-hivemq-platform] [hivemq-platform-operator] [68e05e19] 21:22:01.984 [ReconcilerExecutor-hivemq-controller-152] DEBUG c.h.p.o.h.HiveMQPlatformReconcilerErrorHandler - [helmvolu] Pod 'test-hivemq-platform-1' phase Pending
2025-01-28 21:22:01,998 INFO c.h.h.t.HelmChartContainer - [hivemq-test-hivemq-platform] [hivemq-platform-operator] [68e05e19] 21:22:01.984 [ReconcilerExecutor-hivemq-controller-152] DEBUG c.h.p.o.h.HiveMQPlatformReconcilerErrorHandler - [helmvolu] Pod 'test-hivemq-platform-1' condition 'PodReadyToStartContainers': True
2025-01-28 21:22:01,998 INFO c.h.h.t.HelmChartContainer - [hivemq-test-hivemq-platform] [hivemq-platform-operator] [68e05e19] 21:22:01.984 [ReconcilerExecutor-hivemq-controller-152] DEBUG c.h.p.o.h.HiveMQPlatformReconcilerErrorHandler - [helmvolu] Pod 'test-hivemq-platform-1' condition 'Initialized': True
2025-01-28 21:22:01,998 INFO c.h.h.t.HelmChartContainer - [hivemq-test-hivemq-platform] [hivemq-platform-operator] [68e05e19] 21:22:01.984 [ReconcilerExecutor-hivemq-controller-152] DEBUG c.h.p.o.h.HiveMQPlatformReconcilerErrorHandler - [helmvolu] Pod 'test-hivemq-platform-1' condition 'Ready': False
2025-01-28 21:22:01,998 INFO c.h.h.t.HelmChartContainer - [hivemq-test-hivemq-platform] [hivemq-platform-operator] [68e05e19] 21:22:01.984 [ReconcilerExecutor-hivemq-controller-152] DEBUG c.h.p.o.h.HiveMQPlatformReconcilerErrorHandler - [helmvolu] Pod 'test-hivemq-platform-1' condition 'ContainersReady': False
2025-01-28 21:22:01,998 INFO c.h.h.t.HelmChartContainer - [hivemq-test-hivemq-platform] [hivemq-platform-operator] [68e05e19] 21:22:01.984 [ReconcilerExecutor-hivemq-controller-152] DEBUG c.h.p.o.h.HiveMQPlatformReconcilerErrorHandler - [helmvolu] Pod 'test-hivemq-platform-1' condition 'PodScheduled': True
2025-01-28 21:22:01,998 INFO c.h.h.t.HelmChartContainer - [hivemq-test-hivemq-platform] [hivemq-platform-operator] [68e05e19] 21:22:01.984 [ReconcilerExecutor-hivemq-controller-152] DEBUG c.h.p.o.h.HiveMQPlatformReconcilerErrorHandler - [helmvolu] Pod 'test-hivemq-platform-1' containerStatus 'hivemq' (started: false) (ready: false) (waiting: [PodInitializing] null)
2025-01-28 21:22:01,998 INFO c.h.h.t.HelmChartContainer - [hivemq-test-hivemq-platform] [hivemq-platform-operator] [68e05e19] 21:22:01.988 [ReconcilerExecutor-hivemq-controller-152] DEBUG c.h.p.o.h.HiveMQPlatformReconcilerErrorHandler - [helmvolu] Pod 'test-hivemq-platform-0' phase Running
2025-01-28 21:22:01,998 INFO c.h.h.t.HelmChartContainer - [hivemq-test-hivemq-platform] [hivemq-platform-operator] [68e05e19] 21:22:01.989 [ReconcilerExecutor-hivemq-controller-152] DEBUG c.h.p.o.h.HiveMQPlatformReconcilerRollingRestartHandler - [helmvolu] Rolling restart is waiting for 2 of 3 replicas
2025-01-28 21:22:02,965 INFO c.h.h.t.HelmChartContainer - [POD] test-hivemq-platform-1 [4ea8272b-5d5d-481f-beb8-22d5a08eadab] in helmvolumeclaimtemplatesit was MODIFIED
2025-01-28 21:22:02,979 INFO c.h.h.t.HelmChartContainer - [hivemq-test-hivemq-platform] [hivemq-platform-operator] [68e05e19] 21:22:02.975 [pool-6-thread-21] DEBUG c.h.p.o.d.PlatformServiceResource - [helmvolu] Desired Platform services (3 services)
2025-01-28 21:22:02,979 INFO c.h.h.t.HelmChartContainer - [hivemq-test-hivemq-platform] [hivemq-platform-operator] [68e05e19] 21:22:02.976 [pool-6-thread-23] DEBUG c.h.p.o.dependants.PodInfoConfigMap - [helmvolu] Desired PodInfo ConfigMap (1 extensions) (1 enabled)
2025-01-28 21:22:02,979 INFO c.h.h.t.HelmChartContainer - [hivemq-test-hivemq-platform] [hivemq-platform-operator] [68e05e19] 21:22:02.976 [pool-6-thread-23] DEBUG c.h.p.o.dependants.PodInfoConfigMap - [helmvolu] Desired PodInfo ConfigMap (metrics port: 9399) (metrics path: /)
2025-01-28 21:22:02,979 INFO c.h.h.t.HelmChartContainer - [hivemq-test-hivemq-platform] [hivemq-platform-operator] [68e05e19] 21:22:02.976 [pool-6-thread-23] DEBUG c.h.p.o.dependants.PodInfoConfigMap - [helmvolu] Desired PodInfo ConfigMap (extension state hash: -1817474005)
2025-01-28 21:22:02,979 INFO c.h.h.t.HelmChartContainer - [hivemq-test-hivemq-platform] [hivemq-platform-operator] [68e05e19] 21:22:02.977 [pool-6-thread-21] DEBUG c.h.p.o.d.PodServiceAccountResource - [helmvolu] Desired PodServiceAccountResource (serviceAccountName: hivemq-platform-pod-test-hivemq-platform)
2025-01-28 21:22:02,982 INFO c.h.h.t.HelmChartContainer - [hivemq-test-hivemq-platform] [hivemq-platform-operator] [68e05e19] 21:22:02.979 [pool-6-thread-21] DEBUG c.h.p.o.d.StatefulSetResource - [helmvolu] Desired StatefulSet (3 replicas) for status ROLLING_RESTART (RESTART_PODS_IN_PROGRESS)
2025-01-28 21:22:02,986 INFO c.h.h.t.HelmChartContainer - [EVENT] Normal [Started] Started container hivemq [helmvolumeclaimtemplatesit:test-hivemq-platform-1]
2025-01-28 21:22:02,987 INFO c.h.h.t.HelmChartContainer - Received Started event for container hivemq in pod test-hivemq-platform-1 [4ea8272b-5d5d-481f-beb8-22d5a08eadab]
2025-01-28 21:22:02,987 INFO c.h.h.t.HelmChartContainer - Started log watcher for hivemq in pod test-hivemq-platform-1 [4ea8272b-5d5d-481f-beb8-22d5a08eadab]
2025-01-28 21:22:02,987 INFO c.h.h.t.HelmChartContainer - [test-hivemq-platform] [hivemq] [4ea8272b] Adding pre-installed HiveMQ Platform Operator extensions
2025-01-28 21:22:02,988 INFO c.h.h.t.HelmChartContainer - [test-hivemq-platform] [hivemq] [4ea8272b] Running as user 10000
2025-01-28 21:22:02,988 INFO c.h.h.t.HelmChartContainer - [test-hivemq-platform] [hivemq] [4ea8272b] Starting HiveMQ Platform Operator Init
2025-01-28 21:22:02,988 INFO c.h.h.t.HelmChartContainer - [hivemq-test-hivemq-platform] [hivemq-platform-operator] [68e05e19] 21:22:02.986 [ReconcilerExecutor-hivemq-controller-153] INFO  c.h.p.o.HiveMQPlatformReconciler - [helmvolu] Reconciling HiveMQ Platform 'test-hivemq-platform' in namespace 'helmvolumeclaimtemplatesit'
2025-01-28 21:22:02,988 INFO c.h.h.t.HelmChartContainer - [hivemq-test-hivemq-platform] [hivemq-platform-operator] [68e05e19] 21:22:02.987 [ReconcilerExecutor-hivemq-controller-153] DEBUG c.h.p.o.HiveMQPlatformReconciler - [helmvolu] Custom Resource Status ROLLING_RESTART - HiveMQ Platform is restarting Pods (rolling restart) (RESTART_PODS_IN_PROGRESS)
2025-01-28 21:22:02,988 INFO c.h.h.t.HelmChartContainer - [hivemq-test-hivemq-platform] [hivemq-platform-operator] [68e05e19] 21:22:02.987 [ReconcilerExecutor-hivemq-controller-153] DEBUG c.h.p.o.HiveMQPlatformReconciler - [helmvolu] Custom Resource Spec (replicas: 2) (extensions: 1)
2025-01-28 21:22:02,991 INFO c.h.h.t.HelmChartContainer - [hivemq-test-hivemq-platform] [hivemq-platform-operator] [68e05e19] 21:22:02.988 [ReconcilerExecutor-hivemq-controller-153] DEBUG c.h.p.o.HiveMQPlatformReconciler - [helmvolu] StatefulSet Status (revision: test-hivemq-platform-59475f86c9, replicas: 3, available: 2, ready: 2, current: 1, updated: 2)
2025-01-28 21:22:02,991 INFO c.h.h.t.HelmChartContainer - [hivemq-test-hivemq-platform] [hivemq-platform-operator] [68e05e19] 21:22:02.988 [ReconcilerExecutor-hivemq-controller-153] DEBUG c.h.p.o.HiveMQPlatformReconciler - [helmvolu] StatefulSet Spec (replicas: 3, init containers: 1, containers: 1, volumes: 4)
2025-01-28 21:22:02,991 INFO c.h.h.t.HelmChartContainer - [hivemq-test-hivemq-platform] [hivemq-platform-operator] [68e05e19] 21:22:02.989 [ReconcilerExecutor-hivemq-controller-153] DEBUG c.h.p.o.h.HiveMQPlatformReconcilerErrorHandler - [helmvolu] Pod 'test-hivemq-platform-2' phase Running
2025-01-28 21:22:02,991 INFO c.h.h.t.HelmChartContainer - [hivemq-test-hivemq-platform] [hivemq-platform-operator] [68e05e19] 21:22:02.990 [ReconcilerExecutor-hivemq-controller-153] DEBUG c.h.p.o.h.HiveMQPlatformReconcilerErrorHandler - [helmvolu] Pod 'test-hivemq-platform-1' phase Running
2025-01-28 21:22:02,993 INFO c.h.h.t.HelmChartContainer - [hivemq-test-hivemq-platform] [hivemq-platform-operator] [68e05e19] 21:22:02.991 [ReconcilerExecutor-hivemq-controller-153] DEBUG c.h.p.o.h.HiveMQPlatformReconcilerErrorHandler - [helmvolu] Pod 'test-hivemq-platform-0' phase Running
2025-01-28 21:22:02,993 INFO c.h.h.t.HelmChartContainer - [hivemq-test-hivemq-platform] [hivemq-platform-operator] [68e05e19] 21:22:02.992 [ReconcilerExecutor-hivemq-controller-153] DEBUG c.h.p.o.h.HiveMQPlatformReconcilerRollingRestartHandler - [helmvolu] Rolling restart is waiting for 2 of 3 replicas
2025-01-28 21:22:03,345 INFO c.h.h.t.HelmChartContainer - [test-hivemq-platform] [hivemq] [4ea8272b] INFO  - [HiveMQ Platform Operator Init 1.7.0-SNAPSHOT] HiveMQ Platform Operator Init 1.7.0-SNAPSHOT (commit: bebf408 on branch: HEAD) built on Sun Jan 26 20:47:47 UTC 2025
2025-01-28 21:22:04,558 INFO c.h.h.t.HelmChartContainer - [test-hivemq-platform] [hivemq] [4ea8272b] INFO  - [HiveMQ Platform Operator Init App 1.7.0-SNAPSHOT] Using bind address 10.42.0.14 from environment variable
2025-01-28 21:22:05,547 INFO c.h.h.t.HelmChartContainer - [test-hivemq-platform] [hivemq] [4ea8272b] INFO  - [HiveMQ Platform Operator Init App 1.7.0-SNAPSHOT] HiveMQ Platform Operator Init App 1.7.0-SNAPSHOT (commit: bebf408 on branch: HEAD) built on Sun Jan 26 20:47:47 UTC 2025
2025-01-28 21:22:05,547 INFO c.h.h.t.HelmChartContainer - [test-hivemq-platform] [hivemq] [4ea8272b] INFO  - [HiveMQ Platform Operator Init App 1.7.0-SNAPSHOT] PodInfo ConfigMap directory: /etc/podinfo
2025-01-28 21:22:05,560 INFO c.h.h.t.HelmChartContainer - [test-hivemq-platform] [hivemq] [4ea8272b] INFO  - [HiveMQ Platform Operator Init App 1.7.0-SNAPSHOT] HiveMQ home directory: /opt/hivemq
2025-01-28 21:22:05,560 INFO c.h.h.t.HelmChartContainer - [test-hivemq-platform] [hivemq] [4ea8272b] INFO  - [HiveMQ Platform Operator Init App 1.7.0-SNAPSHOT] HiveMQ Logback folder: /opt/hivemq/conf
2025-01-28 21:22:05,562 INFO c.h.h.t.HelmChartContainer - [test-hivemq-platform] [hivemq] [4ea8272b] INFO  - [HiveMQ Platform Operator Init App 1.7.0-SNAPSHOT] HiveMQ Config folder: /opt/hivemq/conf-k8s
2025-01-28 21:22:05,563 INFO c.h.h.t.HelmChartContainer - [test-hivemq-platform] [hivemq] [4ea8272b] INFO  - [HiveMQ Platform Operator Init App 1.7.0-SNAPSHOT] Starting HiveMQ Platform Operator Init App
2025-01-28 21:22:05,563 INFO c.h.h.t.HelmChartContainer - [test-hivemq-platform] [hivemq] [4ea8272b] INFO  - [HiveMQ Platform Operator Init App 1.7.0-SNAPSHOT] Starting Pod reconciler
2025-01-28 21:22:06,762 INFO c.h.h.t.HelmChartContainer - [test-hivemq-platform] [hivemq] [4ea8272b] INFO  - [HiveMQ Platform Operator Init App 1.7.0-SNAPSHOT] Pod reconciler is scheduled (interval: 5000 ms)
2025-01-28 21:22:06,763 INFO c.h.h.t.HelmChartContainer - [test-hivemq-platform] [hivemq] [4ea8272b] INFO  - [HiveMQ Platform Operator Init App 1.7.0-SNAPSHOT] Starting the REST API on 10.42.0.14:7979
2025-01-28 21:22:06,765 INFO c.h.h.t.HelmChartContainer - [test-hivemq-platform] [hivemq] [4ea8272b] INFO  - [HiveMQ Platform Operator Init App 1.7.0-SNAPSHOT] Waiting up to 600s for at most 3 HiveMQ nodes in cluster service hivemq-test-hivemq-platform-cluster.helmvolumeclaimtemplatesit.svc
2025-01-28 21:22:07,164 INFO c.h.h.t.HelmChartContainer - [test-hivemq-platform] [hivemq] [4ea8272b] INFO  - [HiveMQ Platform Operator Init App 1.7.0-SNAPSHOT] Resolved 3 IP addresses: [10.42.0.14, 10.42.0.9, 10.42.0.13]
2025-01-28 21:22:07,164 INFO c.h.h.t.HelmChartContainer - [test-hivemq-platform] [hivemq] [4ea8272b] INFO  - [HiveMQ Platform Operator Init App 1.7.0-SNAPSHOT] HiveMQ node count of 3 is within threshold of 3
2025-01-28 21:22:07,164 INFO c.h.h.t.HelmChartContainer - [test-hivemq-platform] [hivemq] [4ea8272b] INFO  - [HiveMQ Platform Operator Init App 1.7.0-SNAPSHOT] Waiting 15s for previous shutdown replication to finish...
2025-01-28 21:22:08,963 INFO c.h.h.t.HelmChartContainer - [test-hivemq-platform] [hivemq] [4ea8272b] INFO  - [HiveMQ Platform Operator Init App 1.7.0-SNAPSHOT] Returning default Health API response 503 for readiness
2025-01-28 21:22:09,076 INFO c.h.h.t.HelmChartContainer - [EVENT] Warning [Unhealthy] Readiness probe failed: HTTP probe failed with statuscode: 503 [helmvolumeclaimtemplatesit:test-hivemq-platform-1]
2025-01-28 21:22:09,076 INFO c.h.h.t.HelmChartContainer - Received Unhealthy event for container hivemq in pod test-hivemq-platform-1 [4ea8272b-5d5d-481f-beb8-22d5a08eadab]
2025-01-28 21:22:12,997 INFO c.h.h.t.HelmChartContainer - [hivemq-test-hivemq-platform] [hivemq-platform-operator] [68e05e19] 21:22:12.995 [pool-6-thread-34] DEBUG c.h.p.o.d.PlatformServiceResource - [helmvolu] Desired Platform services (3 services)
2025-01-28 21:22:12,997 INFO c.h.h.t.HelmChartContainer - [hivemq-test-hivemq-platform] [hivemq-platform-operator] [68e05e19] 21:22:12.995 [pool-6-thread-36] DEBUG c.h.p.o.dependants.PodInfoConfigMap - [helmvolu] Desired PodInfo ConfigMap (1 extensions) (1 enabled)
2025-01-28 21:22:12,997 INFO c.h.h.t.HelmChartContainer - [hivemq-test-hivemq-platform] [hivemq-platform-operator] [68e05e19] 21:22:12.995 [pool-6-thread-38] DEBUG c.h.p.o.d.PodServiceAccountResource - [helmvolu] Desired PodServiceAccountResource (serviceAccountName: hivemq-platform-pod-test-hivemq-platform)
2025-01-28 21:22:12,998 INFO c.h.h.t.HelmChartContainer - [hivemq-test-hivemq-platform] [hivemq-platform-operator] [68e05e19] 21:22:12.995 [pool-6-thread-36] DEBUG c.h.p.o.dependants.PodInfoConfigMap - [helmvolu] Desired PodInfo ConfigMap (metrics port: 9399) (metrics path: /)
2025-01-28 21:22:12,998 INFO c.h.h.t.HelmChartContainer - [hivemq-test-hivemq-platform] [hivemq-platform-operator] [68e05e19] 21:22:12.995 [pool-6-thread-36] DEBUG c.h.p.o.dependants.PodInfoConfigMap - [helmvolu] Desired PodInfo ConfigMap (extension state hash: -1817474005)
2025-01-28 21:22:12,999 INFO c.h.h.t.HelmChartContainer - [hivemq-test-hivemq-platform] [hivemq-platform-operator] [68e05e19] 21:22:12.999 [pool-6-thread-34] DEBUG c.h.p.o.d.StatefulSetResource - [helmvolu] Desired StatefulSet (3 replicas) for status ROLLING_RESTART (RESTART_PODS_IN_PROGRESS)
2025-01-28 21:22:13,002 INFO c.h.h.t.HelmChartContainer - [hivemq-test-hivemq-platform] [hivemq-platform-operator] [68e05e19] 21:22:13.001 [ReconcilerExecutor-hivemq-controller-154] INFO  c.h.p.o.HiveMQPlatformReconciler - [helmvolu] Reconciling HiveMQ Platform 'test-hivemq-platform' in namespace 'helmvolumeclaimtemplatesit'
2025-01-28 21:22:13,003 INFO c.h.h.t.HelmChartContainer - [hivemq-test-hivemq-platform] [hivemq-platform-operator] [68e05e19] 21:22:13.001 [ReconcilerExecutor-hivemq-controller-154] DEBUG c.h.p.o.HiveMQPlatformReconciler - [helmvolu] Custom Resource Status ROLLING_RESTART - HiveMQ Platform is restarting Pods (rolling restart) (RESTART_PODS_IN_PROGRESS)
2025-01-28 21:22:13,003 INFO c.h.h.t.HelmChartContainer - [hivemq-test-hivemq-platform] [hivemq-platform-operator] [68e05e19] 21:22:13.001 [ReconcilerExecutor-hivemq-controller-154] DEBUG c.h.p.o.HiveMQPlatformReconciler - [helmvolu] Custom Resource Spec (replicas: 2) (extensions: 1)
2025-01-28 21:22:13,004 INFO c.h.h.t.HelmChartContainer - [hivemq-test-hivemq-platform] [hivemq-platform-operator] [68e05e19] 21:22:13.002 [ReconcilerExecutor-hivemq-controller-154] DEBUG c.h.p.o.HiveMQPlatformReconciler - [helmvolu] StatefulSet Status (revision: test-hivemq-platform-59475f86c9, replicas: 3, available: 2, ready: 2, current: 1, updated: 2)
2025-01-28 21:22:13,004 INFO c.h.h.t.HelmChartContainer - [hivemq-test-hivemq-platform] [hivemq-platform-operator] [68e05e19] 21:22:13.002 [ReconcilerExecutor-hivemq-controller-154] DEBUG c.h.p.o.HiveMQPlatformReconciler - [helmvolu] StatefulSet Spec (replicas: 3, init containers: 1, containers: 1, volumes: 4)
2025-01-28 21:22:13,005 INFO c.h.h.t.HelmChartContainer - [hivemq-test-hivemq-platform] [hivemq-platform-operator] [68e05e19] 21:22:13.004 [ReconcilerExecutor-hivemq-controller-154] DEBUG c.h.p.o.h.HiveMQPlatformReconcilerErrorHandler - [helmvolu] Pod 'test-hivemq-platform-2' phase Running
2025-01-28 21:22:13,006 INFO c.h.h.t.HelmChartContainer - [hivemq-test-hivemq-platform] [hivemq-platform-operator] [68e05e19] 21:22:13.005 [ReconcilerExecutor-hivemq-controller-154] DEBUG c.h.p.o.h.HiveMQPlatformReconcilerErrorHandler - [helmvolu] Pod 'test-hivemq-platform-1' phase Running
2025-01-28 21:22:13,007 INFO c.h.h.t.HelmChartContainer - [hivemq-test-hivemq-platform] [hivemq-platform-operator] [68e05e19] 21:22:13.006 [ReconcilerExecutor-hivemq-controller-154] DEBUG c.h.p.o.h.HiveMQPlatformReconcilerErrorHandler - [helmvolu] Pod 'test-hivemq-platform-0' phase Running
2025-01-28 21:22:13,008 INFO c.h.h.t.HelmChartContainer - [hivemq-test-hivemq-platform] [hivemq-platform-operator] [68e05e19] 21:22:13.007 [ReconcilerExecutor-hivemq-controller-154] DEBUG c.h.p.o.h.HiveMQPlatformReconcilerRollingRestartHandler - [helmvolu] Rolling restart is waiting for 2 of 3 replicas
2025-01-28 21:22:13,968 INFO c.h.h.t.HelmChartContainer - [EVENT] Warning [Unhealthy] Readiness probe failed: HTTP probe failed with statuscode: 503 [helmvolumeclaimtemplatesit:test-hivemq-platform-1]
2025-01-28 21:22:13,968 INFO c.h.h.t.HelmChartContainer - Received Unhealthy event for container hivemq in pod test-hivemq-platform-1 [4ea8272b-5d5d-481f-beb8-22d5a08eadab]
2025-01-28 21:22:14,282 INFO c.h.h.t.HelmChartContainer - [test-hivemq-platform] [hivemq] [4ea8272b] INFO  - [HiveMQ Platform Operator Init App 1.7.0-SNAPSHOT] Updating Pod HiveMQ Platform Operator Init App version annotation (version: 1.7.0-SNAPSHOT)
2025-01-28 21:22:14,683 INFO c.h.h.t.HelmChartContainer - [POD] test-hivemq-platform-1 [4ea8272b-5d5d-481f-beb8-22d5a08eadab] in helmvolumeclaimtemplatesit was MODIFIED
2025-01-28 21:22:14,688 INFO c.h.h.t.HelmChartContainer - [hivemq-test-hivemq-platform] [hivemq-platform-operator] [68e05e19] 21:22:14.687 [pool-6-thread-42] DEBUG c.h.p.o.d.PlatformServiceResource - [helmvolu] Desired Platform services (3 services)
2025-01-28 21:22:14,689 INFO c.h.h.t.HelmChartContainer - [hivemq-test-hivemq-platform] [hivemq-platform-operator] [68e05e19] 21:22:14.688 [pool-6-thread-41] DEBUG c.h.p.o.dependants.PodInfoConfigMap - [helmvolu] Desired PodInfo ConfigMap (1 extensions) (1 enabled)
2025-01-28 21:22:14,689 INFO c.h.h.t.HelmChartContainer - [hivemq-test-hivemq-platform] [hivemq-platform-operator] [68e05e19] 21:22:14.688 [pool-6-thread-41] DEBUG c.h.p.o.dependants.PodInfoConfigMap - [helmvolu] Desired PodInfo ConfigMap (metrics port: 9399) (metrics path: /)
2025-01-28 21:22:14,689 INFO c.h.h.t.HelmChartContainer - [hivemq-test-hivemq-platform] [hivemq-platform-operator] [68e05e19] 21:22:14.688 [pool-6-thread-41] DEBUG c.h.p.o.dependants.PodInfoConfigMap - [helmvolu] Desired PodInfo ConfigMap (extension state hash: -1817474005)
2025-01-28 21:22:14,692 INFO c.h.h.t.HelmChartContainer - [hivemq-test-hivemq-platform] [hivemq-platform-operator] [68e05e19] 21:22:14.689 [pool-6-thread-50] DEBUG c.h.p.o.d.PodServiceAccountResource - [helmvolu] Desired PodServiceAccountResource (serviceAccountName: hivemq-platform-pod-test-hivemq-platform)
2025-01-28 21:22:14,693 INFO c.h.h.t.HelmChartContainer - [hivemq-test-hivemq-platform] [hivemq-platform-operator] [68e05e19] 21:22:14.692 [pool-6-thread-47] DEBUG c.h.p.o.d.StatefulSetResource - [helmvolu] Desired StatefulSet (3 replicas) for status ROLLING_RESTART (RESTART_PODS_IN_PROGRESS)
2025-01-28 21:22:14,695 INFO c.h.h.t.HelmChartContainer - [hivemq-test-hivemq-platform] [hivemq-platform-operator] [68e05e19] 21:22:14.694 [ReconcilerExecutor-hivemq-controller-52] INFO  c.h.p.o.HiveMQPlatformReconciler - [helmvolu] Reconciling HiveMQ Platform 'test-hivemq-platform' in namespace 'helmvolumeclaimtemplatesit'
2025-01-28 21:22:14,695 INFO c.h.h.t.HelmChartContainer - [hivemq-test-hivemq-platform] [hivemq-platform-operator] [68e05e19] 21:22:14.694 [ReconcilerExecutor-hivemq-controller-52] DEBUG c.h.p.o.HiveMQPlatformReconciler - [helmvolu] Custom Resource Status ROLLING_RESTART - HiveMQ Platform is restarting Pods (rolling restart) (RESTART_PODS_IN_PROGRESS)
2025-01-28 21:22:14,695 INFO c.h.h.t.HelmChartContainer - [hivemq-test-hivemq-platform] [hivemq-platform-operator] [68e05e19] 21:22:14.694 [ReconcilerExecutor-hivemq-controller-52] DEBUG c.h.p.o.HiveMQPlatformReconciler - [helmvolu] Custom Resource Spec (replicas: 2) (extensions: 1)
2025-01-28 21:22:14,696 INFO c.h.h.t.HelmChartContainer - [hivemq-test-hivemq-platform] [hivemq-platform-operator] [68e05e19] 21:22:14.695 [ReconcilerExecutor-hivemq-controller-52] DEBUG c.h.p.o.HiveMQPlatformReconciler - [helmvolu] StatefulSet Status (revision: test-hivemq-platform-59475f86c9, replicas: 3, available: 2, ready: 2, current: 1, updated: 2)
2025-01-28 21:22:14,697 INFO c.h.h.t.HelmChartContainer - [hivemq-test-hivemq-platform] [hivemq-platform-operator] [68e05e19] 21:22:14.695 [ReconcilerExecutor-hivemq-controller-52] DEBUG c.h.p.o.HiveMQPlatformReconciler - [helmvolu] StatefulSet Spec (replicas: 3, init containers: 1, containers: 1, volumes: 4)
2025-01-28 21:22:14,698 INFO c.h.h.t.HelmChartContainer - [hivemq-test-hivemq-platform] [hivemq-platform-operator] [68e05e19] 21:22:14.697 [ReconcilerExecutor-hivemq-controller-52] DEBUG c.h.p.o.h.HiveMQPlatformReconcilerErrorHandler - [helmvolu] Pod 'test-hivemq-platform-2' phase Running
2025-01-28 21:22:14,699 INFO c.h.h.t.HelmChartContainer - [hivemq-test-hivemq-platform] [hivemq-platform-operator] [68e05e19] 21:22:14.698 [ReconcilerExecutor-hivemq-controller-52] DEBUG c.h.p.o.h.HiveMQPlatformReconcilerErrorHandler - [helmvolu] Pod 'test-hivemq-platform-1' phase Running
2025-01-28 21:22:14,700 INFO c.h.h.t.HelmChartContainer - [hivemq-test-hivemq-platform] [hivemq-platform-operator] [68e05e19] 21:22:14.699 [ReconcilerExecutor-hivemq-controller-52] DEBUG c.h.p.o.h.HiveMQPlatformReconcilerErrorHandler - [helmvolu] Pod 'test-hivemq-platform-0' phase Running
2025-01-28 21:22:14,700 INFO c.h.h.t.HelmChartContainer - [hivemq-test-hivemq-platform] [hivemq-platform-operator] [68e05e19] 21:22:14.699 [ReconcilerExecutor-hivemq-controller-52] DEBUG c.h.p.o.h.HiveMQPlatformReconcilerRollingRestartHandler - [helmvolu] Rolling restart is waiting for 2 of 3 replicas
2025-01-28 21:22:14,761 INFO c.h.h.t.HelmChartContainer - [test-hivemq-platform] [hivemq] [4ea8272b] INFO  - [HiveMQ Platform Operator Init App 1.7.0-SNAPSHOT] Successfully updated Pod HiveMQ Platform Operator Init App version annotation (version: 1.7.0-SNAPSHOT)
2025-01-28 21:22:14,766 INFO c.h.h.t.HelmChartContainer - [EVENT] Warning [Unhealthy] Readiness probe failed: HTTP probe failed with statuscode: 503 [helmvolumeclaimtemplatesit:test-hivemq-platform-1]
2025-01-28 21:22:14,766 INFO c.h.h.t.HelmChartContainer - Received Unhealthy event for container hivemq in pod test-hivemq-platform-1 [4ea8272b-5d5d-481f-beb8-22d5a08eadab]
2025-01-28 21:22:19,689 INFO c.h.h.t.HelmChartContainer - [EVENT] Warning [Unhealthy] Readiness probe failed: HTTP probe failed with statuscode: 503 [helmvolumeclaimtemplatesit:test-hivemq-platform-1]
2025-01-28 21:22:19,689 INFO c.h.h.t.HelmChartContainer - Received Unhealthy event for container hivemq in pod test-hivemq-platform-1 [4ea8272b-5d5d-481f-beb8-22d5a08eadab]
2025-01-28 21:22:22,165 INFO c.h.h.t.HelmChartContainer - [test-hivemq-platform] [hivemq] [4ea8272b] INFO  - [HiveMQ Platform Operator Init App 1.7.0-SNAPSHOT] Proceeding with container start
2025-01-28 21:22:22,167 INFO c.h.h.t.HelmChartContainer - [test-hivemq-platform] [hivemq] [4ea8272b] INFO  - [HiveMQ Platform Operator Init App 1.7.0-SNAPSHOT] Initializing HiveMQ Platform extensions with initial configuration: {hivemq-allow-all-extension={start-priority=-1, skip-https-hostname-verification=false, restart=true, config-version=0, header-version=0, c-uri=, priority=-1, uri=preinstalled, skip-https-certificate-validation=false, enabled=true}, hivemq-prometheus-extension={priority=-1, start-priority=-1, c-uri=, skip-https-hostname-verification=false, skip-https-certificate-validation=false, uri=preinstalled, request-header-path=no-request-headers, enabled=true, restart=true}}
2025-01-28 21:22:22,573 INFO c.h.h.t.HelmChartContainer - [test-hivemq-platform] [hivemq] [4ea8272b] INFO  - [HiveMQ Platform Operator Init App 1.7.0-SNAPSHOT] Extension hivemq-allow-all-extension was already enabled
2025-01-28 21:22:22,665 INFO c.h.h.t.HelmChartContainer - [test-hivemq-platform] [hivemq] [4ea8272b] INFO  - [HiveMQ Platform Operator Init App 1.7.0-SNAPSHOT] Successfully enabled extension hivemq-prometheus-extension
2025-01-28 21:22:22,666 INFO c.h.h.t.HelmChartContainer - [test-hivemq-platform] [hivemq] [4ea8272b] INFO  - [HiveMQ Platform Operator Init App 1.7.0-SNAPSHOT] Starting HiveMQ Platform version 4.36.0 (4.36.0)
2025-01-28 21:22:22,666 INFO c.h.h.t.HelmChartContainer - [test-hivemq-platform] [hivemq] [4ea8272b] INFO  - [HiveMQ Platform Operator Init App 1.7.0-SNAPSHOT] Configuring the HiveMQ Platform
2025-01-28 21:22:22,677 INFO c.h.h.t.HelmChartContainer - [test-hivemq-platform] [hivemq] [4ea8272b] INFO  - [HiveMQ Platform Operator Init App 1.7.0-SNAPSHOT] Changed logback.xml file scan period to 20 seconds
2025-01-28 21:22:22,774 INFO c.h.h.t.HelmChartContainer - [test-hivemq-platform] [hivemq] [4ea8272b] INFO  - [HiveMQ Platform Operator Init App 1.7.0-SNAPSHOT] Starting the HiveMQ Platform
2025-01-28 21:22:22,777 INFO c.h.h.t.HelmChartContainer - [test-hivemq-platform] [hivemq] [4ea8272b] -------------------------------------------------------------------------
2025-01-28 21:22:22,777 INFO c.h.h.t.HelmChartContainer - [test-hivemq-platform] [hivemq] [4ea8272b] 
2025-01-28 21:22:22,777 INFO c.h.h.t.HelmChartContainer - [test-hivemq-platform] [hivemq] [4ea8272b]                   _    _  _              __  __   ____
2025-01-28 21:22:22,777 INFO c.h.h.t.HelmChartContainer - [test-hivemq-platform] [hivemq] [4ea8272b]                  | |  | |(_)            |  \/  | / __ \
2025-01-28 21:22:22,777 INFO c.h.h.t.HelmChartContainer - [test-hivemq-platform] [hivemq] [4ea8272b]                  | |__| | _ __   __ ___ | \  / || |  | |
2025-01-28 21:22:22,777 INFO c.h.h.t.HelmChartContainer - [test-hivemq-platform] [hivemq] [4ea8272b]                  |  __  || |\ \ / // _ \| |\/| || |  | |
2025-01-28 21:22:22,777 INFO c.h.h.t.HelmChartContainer - [test-hivemq-platform] [hivemq] [4ea8272b]                  | |  | || | \ V /|  __/| |  | || |__| |
2025-01-28 21:22:22,777 INFO c.h.h.t.HelmChartContainer - [test-hivemq-platform] [hivemq] [4ea8272b]                  |_|  |_||_|  \_/  \___||_|  |_| \___\_\
2025-01-28 21:22:22,777 INFO c.h.h.t.HelmChartContainer - [test-hivemq-platform] [hivemq] [4ea8272b] 
2025-01-28 21:22:22,777 INFO c.h.h.t.HelmChartContainer - [test-hivemq-platform] [hivemq] [4ea8272b] -------------------------------------------------------------------------
2025-01-28 21:22:22,777 INFO c.h.h.t.HelmChartContainer - [test-hivemq-platform] [hivemq] [4ea8272b] 
2025-01-28 21:22:22,777 INFO c.h.h.t.HelmChartContainer - [test-hivemq-platform] [hivemq] [4ea8272b]   HiveMQ Start Script for Linux/Unix v1.14
2025-01-28 21:22:22,777 INFO c.h.h.t.HelmChartContainer - [test-hivemq-platform] [hivemq] [4ea8272b] 
2025-01-28 21:22:22,883 INFO c.h.h.t.HelmChartContainer - [test-hivemq-platform] [hivemq] [4ea8272b] -------------------------------------------------------------------------
2025-01-28 21:22:22,883 INFO c.h.h.t.HelmChartContainer - [test-hivemq-platform] [hivemq] [4ea8272b] 
2025-01-28 21:22:22,883 INFO c.h.h.t.HelmChartContainer - [test-hivemq-platform] [hivemq] [4ea8272b]   HIVEMQ_HOME: /opt/hivemq
2025-01-28 21:22:22,883 INFO c.h.h.t.HelmChartContainer - [test-hivemq-platform] [hivemq] [4ea8272b] 
2025-01-28 21:22:22,883 INFO c.h.h.t.HelmChartContainer - [test-hivemq-platform] [hivemq] [4ea8272b]   JAVA_OPTS: -XX:+UnlockExperimentalVMOptions -XX:InitialRAMPercentage=50 -XX:MaxRAMPercentage=50 -Djava.net.preferIPv4Stack=true --add-opens java.base/java.lang=ALL-UNNAMED --add-opens java.base/java.nio=ALL-UNNAMED --add-opens java.base/sun.nio.ch=ALL-UNNAMED --add-opens jdk.management/com.sun.management.internal=ALL-UNNAMED --add-exports java.base/jdk.internal.misc=ALL-UNNAMED -Djava.security.egd=file:/dev/./urandom -Dcom.sun.management.jmxremote -Dcom.sun.management.jmxremote.port=9010 -Dcom.sun.management.jmxremote.local.only=false -Dcom.sun.management.jmxremote.authenticate=false -Dcom.sun.management.jmxremote.ssl=false -Duser.language=en -Duser.region=US -XX:+CrashOnOutOfMemoryError -XX:+HeapDumpOnOutOfMemoryError
2025-01-28 21:22:22,883 INFO c.h.h.t.HelmChartContainer - [test-hivemq-platform] [hivemq] [4ea8272b] 
2025-01-28 21:22:22,883 INFO c.h.h.t.HelmChartContainer - [test-hivemq-platform] [hivemq] [4ea8272b]   JAVA_VERSION: 21
2025-01-28 21:22:22,883 INFO c.h.h.t.HelmChartContainer - [test-hivemq-platform] [hivemq] [4ea8272b] 
2025-01-28 21:22:22,883 INFO c.h.h.t.HelmChartContainer - [test-hivemq-platform] [hivemq] [4ea8272b] -------------------------------------------------------------------------
2025-01-28 21:22:22,883 INFO c.h.h.t.HelmChartContainer - [test-hivemq-platform] [hivemq] [4ea8272b] 
2025-01-28 21:22:24,705 INFO c.h.h.t.HelmChartContainer - [hivemq-test-hivemq-platform] [hivemq-platform-operator] [68e05e19] 21:22:24.702 [pool-6-thread-2] DEBUG c.h.p.o.d.PlatformServiceResource - [helmvolu] Desired Platform services (3 services)
2025-01-28 21:22:24,706 INFO c.h.h.t.HelmChartContainer - [hivemq-test-hivemq-platform] [hivemq-platform-operator] [68e05e19] 21:22:24.703 [pool-6-thread-1] DEBUG c.h.p.o.dependants.PodInfoConfigMap - [helmvolu] Desired PodInfo ConfigMap (1 extensions) (1 enabled)
2025-01-28 21:22:24,706 INFO c.h.h.t.HelmChartContainer - [hivemq-test-hivemq-platform] [hivemq-platform-operator] [68e05e19] 21:22:24.703 [pool-6-thread-1] DEBUG c.h.p.o.dependants.PodInfoConfigMap - [helmvolu] Desired PodInfo ConfigMap (metrics port: 9399) (metrics path: /)
2025-01-28 21:22:24,706 INFO c.h.h.t.HelmChartContainer - [hivemq-test-hivemq-platform] [hivemq-platform-operator] [68e05e19] 21:22:24.703 [pool-6-thread-1] DEBUG c.h.p.o.dependants.PodInfoConfigMap - [helmvolu] Desired PodInfo ConfigMap (extension state hash: -1817474005)
2025-01-28 21:22:24,708 INFO c.h.h.t.HelmChartContainer - [hivemq-test-hivemq-platform] [hivemq-platform-operator] [68e05e19] 21:22:24.703 [pool-6-thread-6] DEBUG c.h.p.o.d.PodServiceAccountResource - [helmvolu] Desired PodServiceAccountResource (serviceAccountName: hivemq-platform-pod-test-hivemq-platform)
2025-01-28 21:22:24,709 INFO c.h.h.t.HelmChartContainer - [hivemq-test-hivemq-platform] [hivemq-platform-operator] [68e05e19] 21:22:24.706 [pool-6-thread-8] DEBUG c.h.p.o.d.StatefulSetResource - [helmvolu] Desired StatefulSet (3 replicas) for status ROLLING_RESTART (RESTART_PODS_IN_PROGRESS)
2025-01-28 21:22:24,710 INFO c.h.h.t.HelmChartContainer - [hivemq-test-hivemq-platform] [hivemq-platform-operator] [68e05e19] 21:22:24.709 [ReconcilerExecutor-hivemq-controller-53] INFO  c.h.p.o.HiveMQPlatformReconciler - [helmvolu] Reconciling HiveMQ Platform 'test-hivemq-platform' in namespace 'helmvolumeclaimtemplatesit'
2025-01-28 21:22:24,712 INFO c.h.h.t.HelmChartContainer - [hivemq-test-hivemq-platform] [hivemq-platform-operator] [68e05e19] 21:22:24.709 [ReconcilerExecutor-hivemq-controller-53] DEBUG c.h.p.o.HiveMQPlatformReconciler - [helmvolu] Custom Resource Status ROLLING_RESTART - HiveMQ Platform is restarting Pods (rolling restart) (RESTART_PODS_IN_PROGRESS)
2025-01-28 21:22:24,712 INFO c.h.h.t.HelmChartContainer - [hivemq-test-hivemq-platform] [hivemq-platform-operator] [68e05e19] 21:22:24.709 [ReconcilerExecutor-hivemq-controller-53] DEBUG c.h.p.o.HiveMQPlatformReconciler - [helmvolu] Custom Resource Spec (replicas: 2) (extensions: 1)
2025-01-28 21:22:24,712 INFO c.h.h.t.HelmChartContainer - [hivemq-test-hivemq-platform] [hivemq-platform-operator] [68e05e19] 21:22:24.710 [ReconcilerExecutor-hivemq-controller-53] DEBUG c.h.p.o.HiveMQPlatformReconciler - [helmvolu] StatefulSet Status (revision: test-hivemq-platform-59475f86c9, replicas: 3, available: 2, ready: 2, current: 1, updated: 2)
2025-01-28 21:22:24,712 INFO c.h.h.t.HelmChartContainer - [hivemq-test-hivemq-platform] [hivemq-platform-operator] [68e05e19] 21:22:24.710 [ReconcilerExecutor-hivemq-controller-53] DEBUG c.h.p.o.HiveMQPlatformReconciler - [helmvolu] StatefulSet Spec (replicas: 3, init containers: 1, containers: 1, volumes: 4)
2025-01-28 21:22:24,715 INFO c.h.h.t.HelmChartContainer - [hivemq-test-hivemq-platform] [hivemq-platform-operator] [68e05e19] 21:22:24.712 [ReconcilerExecutor-hivemq-controller-53] DEBUG c.h.p.o.h.HiveMQPlatformReconcilerErrorHandler - [helmvolu] Pod 'test-hivemq-platform-2' phase Running
2025-01-28 21:22:24,715 INFO c.h.h.t.HelmChartContainer - [hivemq-test-hivemq-platform] [hivemq-platform-operator] [68e05e19] 21:22:24.713 [ReconcilerExecutor-hivemq-controller-53] DEBUG c.h.p.o.h.HiveMQPlatformReconcilerErrorHandler - [helmvolu] Pod 'test-hivemq-platform-1' phase Running
2025-01-28 21:22:24,716 INFO c.h.h.t.HelmChartContainer - [hivemq-test-hivemq-platform] [hivemq-platform-operator] [68e05e19] 21:22:24.714 [ReconcilerExecutor-hivemq-controller-53] DEBUG c.h.p.o.h.HiveMQPlatformReconcilerErrorHandler - [helmvolu] Pod 'test-hivemq-platform-0' phase Running
2025-01-28 21:22:24,716 INFO c.h.h.t.HelmChartContainer - [hivemq-test-hivemq-platform] [hivemq-platform-operator] [68e05e19] 21:22:24.714 [ReconcilerExecutor-hivemq-controller-53] DEBUG c.h.p.o.h.HiveMQPlatformReconcilerRollingRestartHandler - [helmvolu] Rolling restart is waiting for 2 of 3 replicas
2025-01-28 21:22:24,773 INFO c.h.h.t.HelmChartContainer - [EVENT] Warning [Unhealthy] Readiness probe failed: HTTP probe failed with statuscode: 503 [helmvolumeclaimtemplatesit:test-hivemq-platform-1]
2025-01-28 21:22:24,774 INFO c.h.h.t.HelmChartContainer - Received Unhealthy event for container hivemq in pod test-hivemq-platform-1 [4ea8272b-5d5d-481f-beb8-22d5a08eadab]
2025-01-28 21:22:25,772 INFO c.h.h.t.HelmChartContainer - [test-hivemq-platform] [hivemq] [4ea8272b] INFO  - Starting HiveMQ Enterprise Server
2025-01-28 21:22:25,778 INFO c.h.h.t.HelmChartContainer - [test-hivemq-platform] [hivemq] [4ea8272b] INFO  - HiveMQ version: 4.36.0
2025-01-28 21:22:25,779 INFO c.h.h.t.HelmChartContainer - [test-hivemq-platform] [hivemq] [4ea8272b] INFO  - HiveMQ home directory: /opt/hivemq
2025-01-28 21:22:25,779 INFO c.h.h.t.HelmChartContainer - [test-hivemq-platform] [hivemq] [4ea8272b] INFO  - Log Configuration was overridden by /opt/hivemq/conf/logback.xml
2025-01-28 21:22:27,068 INFO c.h.h.t.HelmChartContainer - [test-hivemq-platform] [hivemq] [4ea8272b] INFO  - Successfully loaded configuration from '/opt/hivemq/conf-k8s/config.xml'.
2025-01-28 21:22:27,466 INFO c.h.h.t.HelmChartContainer - [test-hivemq-platform] [hivemq] [4ea8272b] INFO  - This node's ID is billI
2025-01-28 21:22:27,776 INFO c.h.h.t.HelmChartContainer - [test-hivemq-platform] [hivemq] [4ea8272b] INFO  - Clustering is enabled
2025-01-28 21:22:30,167 INFO c.h.h.t.HelmChartContainer - [test-hivemq-platform] [hivemq] [4ea8272b] WARN  - [HiveMQ Platform Operator Init App 1.7.0-SNAPSHOT] Cannot connect to Health API for readiness: null
2025-01-28 21:22:30,243 INFO c.h.h.t.HelmChartContainer - [EVENT] Warning [Unhealthy] Readiness probe failed: HTTP probe failed with statuscode: 503 [helmvolumeclaimtemplatesit:test-hivemq-platform-1]
2025-01-28 21:22:30,244 INFO c.h.h.t.HelmChartContainer - Received Unhealthy event for container hivemq in pod test-hivemq-platform-1 [4ea8272b-5d5d-481f-beb8-22d5a08eadab]
2025-01-28 21:22:31,365 INFO c.h.h.t.HelmChartContainer - [test-hivemq-platform] [hivemq] [4ea8272b] WARN  - [HiveMQ Platform Operator Init App 1.7.0-SNAPSHOT] Cannot connect to Health API for liveness: null
2025-01-28 21:22:31,366 INFO c.h.h.t.HelmChartContainer - [test-hivemq-platform] [hivemq] [4ea8272b] INFO  - [HiveMQ Platform Operator Init App 1.7.0-SNAPSHOT] Returning default Health API response 200 for liveness
2025-01-28 21:22:34,762 INFO c.h.h.t.HelmChartContainer - [hivemq-test-hivemq-platform] [hivemq-platform-operator] [68e05e19] 21:22:34.716 [pool-6-thread-16] DEBUG c.h.p.o.d.PlatformServiceResource - [helmvolu] Desired Platform services (3 services)
2025-01-28 21:22:34,762 INFO c.h.h.t.HelmChartContainer - [hivemq-test-hivemq-platform] [hivemq-platform-operator] [68e05e19] 21:22:34.717 [pool-6-thread-13] DEBUG c.h.p.o.dependants.PodInfoConfigMap - [helmvolu] Desired PodInfo ConfigMap (1 extensions) (1 enabled)
2025-01-28 21:22:34,762 INFO c.h.h.t.HelmChartContainer - [hivemq-test-hivemq-platform] [hivemq-platform-operator] [68e05e19] 21:22:34.717 [pool-6-thread-13] DEBUG c.h.p.o.dependants.PodInfoConfigMap - [helmvolu] Desired PodInfo ConfigMap (metrics port: 9399) (metrics path: /)
2025-01-28 21:22:34,762 INFO c.h.h.t.HelmChartContainer - [hivemq-test-hivemq-platform] [hivemq-platform-operator] [68e05e19] 21:22:34.717 [pool-6-thread-13] DEBUG c.h.p.o.dependants.PodInfoConfigMap - [helmvolu] Desired PodInfo ConfigMap (extension state hash: -1817474005)
2025-01-28 21:22:34,762 INFO c.h.h.t.HelmChartContainer - [hivemq-test-hivemq-platform] [hivemq-platform-operator] [68e05e19] 21:22:34.718 [pool-6-thread-13] DEBUG c.h.p.o.d.PodServiceAccountResource - [helmvolu] Desired PodServiceAccountResource (serviceAccountName: hivemq-platform-pod-test-hivemq-platform)
2025-01-28 21:22:34,762 INFO c.h.h.t.HelmChartContainer - [hivemq-test-hivemq-platform] [hivemq-platform-operator] [68e05e19] 21:22:34.720 [pool-6-thread-12] DEBUG c.h.p.o.d.StatefulSetResource - [helmvolu] Desired StatefulSet (3 replicas) for status ROLLING_RESTART (RESTART_PODS_IN_PROGRESS)
2025-01-28 21:22:34,762 INFO c.h.h.t.HelmChartContainer - [hivemq-test-hivemq-platform] [hivemq-platform-operator] [68e05e19] 21:22:34.722 [ReconcilerExecutor-hivemq-controller-64] INFO  c.h.p.o.HiveMQPlatformReconciler - [helmvolu] Reconciling HiveMQ Platform 'test-hivemq-platform' in namespace 'helmvolumeclaimtemplatesit'
2025-01-28 21:22:34,762 INFO c.h.h.t.HelmChartContainer - [hivemq-test-hivemq-platform] [hivemq-platform-operator] [68e05e19] 21:22:34.722 [ReconcilerExecutor-hivemq-controller-64] DEBUG c.h.p.o.HiveMQPlatformReconciler - [helmvolu] Custom Resource Status ROLLING_RESTART - HiveMQ Platform is restarting Pods (rolling restart) (RESTART_PODS_IN_PROGRESS)
2025-01-28 21:22:34,762 INFO c.h.h.t.HelmChartContainer - [hivemq-test-hivemq-platform] [hivemq-platform-operator] [68e05e19] 21:22:34.722 [ReconcilerExecutor-hivemq-controller-64] DEBUG c.h.p.o.HiveMQPlatformReconciler - [helmvolu] Custom Resource Spec (replicas: 2) (extensions: 1)
2025-01-28 21:22:34,762 INFO c.h.h.t.HelmChartContainer - [hivemq-test-hivemq-platform] [hivemq-platform-operator] [68e05e19] 21:22:34.723 [ReconcilerExecutor-hivemq-controller-64] DEBUG c.h.p.o.HiveMQPlatformReconciler - [helmvolu] StatefulSet Status (revision: test-hivemq-platform-59475f86c9, replicas: 3, available: 2, ready: 2, current: 1, updated: 2)
2025-01-28 21:22:34,762 INFO c.h.h.t.HelmChartContainer - [hivemq-test-hivemq-platform] [hivemq-platform-operator] [68e05e19] 21:22:34.723 [ReconcilerExecutor-hivemq-controller-64] DEBUG c.h.p.o.HiveMQPlatformReconciler - [helmvolu] StatefulSet Spec (replicas: 3, init containers: 1, containers: 1, volumes: 4)
2025-01-28 21:22:34,762 INFO c.h.h.t.HelmChartContainer - [hivemq-test-hivemq-platform] [hivemq-platform-operator] [68e05e19] 21:22:34.724 [ReconcilerExecutor-hivemq-controller-64] DEBUG c.h.p.o.h.HiveMQPlatformReconcilerErrorHandler - [helmvolu] Pod 'test-hivemq-platform-2' phase Running
2025-01-28 21:22:34,762 INFO c.h.h.t.HelmChartContainer - [hivemq-test-hivemq-platform] [hivemq-platform-operator] [68e05e19] 21:22:34.724 [ReconcilerExecutor-hivemq-controller-64] DEBUG c.h.p.o.h.HiveMQPlatformReconcilerErrorHandler - [helmvolu] Pod 'test-hivemq-platform-1' phase Running
2025-01-28 21:22:34,762 INFO c.h.h.t.HelmChartContainer - [hivemq-test-hivemq-platform] [hivemq-platform-operator] [68e05e19] 21:22:34.725 [ReconcilerExecutor-hivemq-controller-64] DEBUG c.h.p.o.h.HiveMQPlatformReconcilerErrorHandler - [helmvolu] Pod 'test-hivemq-platform-0' phase Running
2025-01-28 21:22:34,762 INFO c.h.h.t.HelmChartContainer - [hivemq-test-hivemq-platform] [hivemq-platform-operator] [68e05e19] 21:22:34.725 [ReconcilerExecutor-hivemq-controller-64] DEBUG c.h.p.o.h.HiveMQPlatformReconcilerRollingRestartHandler - [helmvolu] Rolling restart is waiting for 2 of 3 replicas
2025-01-28 21:22:34,765 INFO c.h.h.t.HelmChartContainer - [test-hivemq-platform] [hivemq] [4ea8272b] WARN  - [HiveMQ Platform Operator Init App 1.7.0-SNAPSHOT] Cannot connect to Health API for readiness: null
2025-01-28 21:22:34,768 INFO c.h.h.t.HelmChartContainer - [EVENT] Warning [Unhealthy] Readiness probe failed: HTTP probe failed with statuscode: 503 [helmvolumeclaimtemplatesit:test-hivemq-platform-1]
2025-01-28 21:22:34,768 INFO c.h.h.t.HelmChartContainer - Received Unhealthy event for container hivemq in pod test-hivemq-platform-1 [4ea8272b-5d5d-481f-beb8-22d5a08eadab]
2025-01-28 21:22:39,764 INFO c.h.h.t.HelmChartContainer - [test-hivemq-platform] [hivemq] [4ea8272b] WARN  - [HiveMQ Platform Operator Init App 1.7.0-SNAPSHOT] Cannot connect to Health API for readiness: null
2025-01-28 21:22:39,771 INFO c.h.h.t.HelmChartContainer - [EVENT] Warning [Unhealthy] Readiness probe failed: HTTP probe failed with statuscode: 503 [helmvolumeclaimtemplatesit:test-hivemq-platform-1]
2025-01-28 21:22:39,772 INFO c.h.h.t.HelmChartContainer - Received Unhealthy event for container hivemq in pod test-hivemq-platform-1 [4ea8272b-5d5d-481f-beb8-22d5a08eadab]
2025-01-28 21:22:41,871 INFO c.h.h.t.HelmChartContainer - [test-hivemq-platform] [hivemq] [4ea8272b] INFO  - No valid license file found. Using trial license, restricted to 25 connections.
2025-01-28 21:22:44,729 INFO c.h.h.t.HelmChartContainer - [hivemq-test-hivemq-platform] [hivemq-platform-operator] [68e05e19] 21:22:44.727 [pool-6-thread-28] DEBUG c.h.p.o.d.PlatformServiceResource - [helmvolu] Desired Platform services (3 services)
2025-01-28 21:22:44,730 INFO c.h.h.t.HelmChartContainer - [hivemq-test-hivemq-platform] [hivemq-platform-operator] [68e05e19] 21:22:44.727 [pool-6-thread-21] DEBUG c.h.p.o.d.PodServiceAccountResource - [helmvolu] Desired PodServiceAccountResource (serviceAccountName: hivemq-platform-pod-test-hivemq-platform)
2025-01-28 21:22:44,731 INFO c.h.h.t.HelmChartContainer - [hivemq-test-hivemq-platform] [hivemq-platform-operator] [68e05e19] 21:22:44.730 [pool-6-thread-29] DEBUG c.h.p.o.dependants.PodInfoConfigMap - [helmvolu] Desired PodInfo ConfigMap (1 extensions) (1 enabled)
2025-01-28 21:22:44,731 INFO c.h.h.t.HelmChartContainer - [hivemq-test-hivemq-platform] [hivemq-platform-operator] [68e05e19] 21:22:44.730 [pool-6-thread-29] DEBUG c.h.p.o.dependants.PodInfoConfigMap - [helmvolu] Desired PodInfo ConfigMap (metrics port: 9399) (metrics path: /)
2025-01-28 21:22:44,731 INFO c.h.h.t.HelmChartContainer - [hivemq-test-hivemq-platform] [hivemq-platform-operator] [68e05e19] 21:22:44.730 [pool-6-thread-29] DEBUG c.h.p.o.dependants.PodInfoConfigMap - [helmvolu] Desired PodInfo ConfigMap (extension state hash: -1817474005)
2025-01-28 21:22:44,733 INFO c.h.h.t.HelmChartContainer - [hivemq-test-hivemq-platform] [hivemq-platform-operator] [68e05e19] 21:22:44.733 [pool-6-thread-28] DEBUG c.h.p.o.d.StatefulSetResource - [helmvolu] Desired StatefulSet (3 replicas) for status ROLLING_RESTART (RESTART_PODS_IN_PROGRESS)
2025-01-28 21:22:44,735 INFO c.h.h.t.HelmChartContainer - [hivemq-test-hivemq-platform] [hivemq-platform-operator] [68e05e19] 21:22:44.735 [ReconcilerExecutor-hivemq-controller-75] INFO  c.h.p.o.HiveMQPlatformReconciler - [helmvolu] Reconciling HiveMQ Platform 'test-hivemq-platform' in namespace 'helmvolumeclaimtemplatesit'
2025-01-28 21:22:44,736 INFO c.h.h.t.HelmChartContainer - [hivemq-test-hivemq-platform] [hivemq-platform-operator] [68e05e19] 21:22:44.735 [ReconcilerExecutor-hivemq-controller-75] DEBUG c.h.p.o.HiveMQPlatformReconciler - [helmvolu] Custom Resource Status ROLLING_RESTART - HiveMQ Platform is restarting Pods (rolling restart) (RESTART_PODS_IN_PROGRESS)
2025-01-28 21:22:44,736 INFO c.h.h.t.HelmChartContainer - [hivemq-test-hivemq-platform] [hivemq-platform-operator] [68e05e19] 21:22:44.735 [ReconcilerExecutor-hivemq-controller-75] DEBUG c.h.p.o.HiveMQPlatformReconciler - [helmvolu] Custom Resource Spec (replicas: 2) (extensions: 1)
2025-01-28 21:22:44,738 INFO c.h.h.t.HelmChartContainer - [hivemq-test-hivemq-platform] [hivemq-platform-operator] [68e05e19] 21:22:44.737 [ReconcilerExecutor-hivemq-controller-75] DEBUG c.h.p.o.HiveMQPlatformReconciler - [helmvolu] StatefulSet Status (revision: test-hivemq-platform-59475f86c9, replicas: 3, available: 2, ready: 2, current: 1, updated: 2)
2025-01-28 21:22:44,738 INFO c.h.h.t.HelmChartContainer - [hivemq-test-hivemq-platform] [hivemq-platform-operator] [68e05e19] 21:22:44.737 [ReconcilerExecutor-hivemq-controller-75] DEBUG c.h.p.o.HiveMQPlatformReconciler - [helmvolu] StatefulSet Spec (replicas: 3, init containers: 1, containers: 1, volumes: 4)
2025-01-28 21:22:44,741 INFO c.h.h.t.HelmChartContainer - [hivemq-test-hivemq-platform] [hivemq-platform-operator] [68e05e19] 21:22:44.738 [ReconcilerExecutor-hivemq-controller-75] DEBUG c.h.p.o.h.HiveMQPlatformReconcilerErrorHandler - [helmvolu] Pod 'test-hivemq-platform-2' phase Running
2025-01-28 21:22:44,741 INFO c.h.h.t.HelmChartContainer - [hivemq-test-hivemq-platform] [hivemq-platform-operator] [68e05e19] 21:22:44.739 [ReconcilerExecutor-hivemq-controller-75] DEBUG c.h.p.o.h.HiveMQPlatformReconcilerErrorHandler - [helmvolu] Pod 'test-hivemq-platform-1' phase Running
2025-01-28 21:22:44,741 INFO c.h.h.t.HelmChartContainer - [hivemq-test-hivemq-platform] [hivemq-platform-operator] [68e05e19] 21:22:44.740 [ReconcilerExecutor-hivemq-controller-75] DEBUG c.h.p.o.h.HiveMQPlatformReconcilerErrorHandler - [helmvolu] Pod 'test-hivemq-platform-0' phase Running
2025-01-28 21:22:44,742 INFO c.h.h.t.HelmChartContainer - [hivemq-test-hivemq-platform] [hivemq-platform-operator] [68e05e19] 21:22:44.741 [ReconcilerExecutor-hivemq-controller-75] DEBUG c.h.p.o.h.HiveMQPlatformReconcilerRollingRestartHandler - [helmvolu] Rolling restart is waiting for 2 of 3 replicas
2025-01-28 21:22:44,745 INFO c.h.h.t.HelmChartContainer - [test-hivemq-platform] [hivemq] [4ea8272b] INFO  - No valid license file for Data Hub found. Using free license, restricted to 1 policy.
2025-01-28 21:22:44,765 INFO c.h.h.t.HelmChartContainer - [test-hivemq-platform] [hivemq] [4ea8272b] WARN  - [HiveMQ Platform Operator Init App 1.7.0-SNAPSHOT] Cannot connect to Health API for readiness: null
2025-01-28 21:22:44,771 INFO c.h.h.t.HelmChartContainer - [EVENT] Warning [Unhealthy] Readiness probe failed: HTTP probe failed with statuscode: 503 [helmvolumeclaimtemplatesit:test-hivemq-platform-1]
2025-01-28 21:22:44,771 INFO c.h.h.t.HelmChartContainer - Received Unhealthy event for container hivemq in pod test-hivemq-platform-1 [4ea8272b-5d5d-481f-beb8-22d5a08eadab]
2025-01-28 21:22:45,966 INFO c.h.h.t.HelmChartContainer - [test-hivemq-platform] [hivemq] [4ea8272b] INFO  - Audit Logger started.
2025-01-28 21:22:46,208 INFO c.h.h.t.HelmChartContainer - [test-hivemq-platform] [hivemq] [4ea8272b] INFO  - This node uses '1' CPU cores.
2025-01-28 21:22:46,265 INFO c.h.h.t.HelmChartContainer - [test-hivemq-platform] [hivemq] [4ea8272b] INFO  - Starting HiveMQ Health API on address 0.0.0.0 and port 8889
2025-01-28 21:22:47,076 INFO c.h.h.t.HelmChartContainer - [test-hivemq-platform] [hivemq] [4ea8272b] INFO  - Started HiveMQ Health API in 812ms
2025-01-28 21:22:47,789 INFO c.h.h.t.HelmChartContainer - [test-hivemq-platform] [hivemq] [4ea8272b] INFO  - Starting HiveMQ extension system.
2025-01-28 21:22:48,062 INFO c.h.h.t.HelmChartContainer - [test-hivemq-platform] [hivemq] [4ea8272b] INFO  - Starting extension with id "hivemq-dns-cluster-discovery" at /opt/hivemq/extensions/hivemq-dns-cluster-discovery
2025-01-28 21:22:48,474 INFO c.h.h.t.HelmChartContainer - [test-hivemq-platform] [hivemq] [4ea8272b] INFO  - Extension "DNS Cluster Discovery Extension" version 4.3.2 started successfully.
2025-01-28 21:22:48,480 INFO c.h.h.t.HelmChartContainer - [test-hivemq-platform] [hivemq] [4ea8272b] INFO  - Starting extension with id "hivemq-prometheus-extension" at /opt/hivemq/extensions/hivemq-prometheus-extension
2025-01-28 21:22:48,570 INFO c.h.h.t.HelmChartContainer - [test-hivemq-platform] [hivemq] [4ea8272b] INFO  - Using TCP cluster transport on address 10.42.0.14 and port 7000
2025-01-28 21:22:48,663 INFO c.h.h.t.HelmChartContainer - [test-hivemq-platform] [hivemq] [4ea8272b] INFO  - Using extension cluster discovery
2025-01-28 21:22:49,463 INFO c.h.h.t.HelmChartContainer - [test-hivemq-platform] [hivemq] [4ea8272b] INFO  - Started Jetty Server exposing Prometheus Servlet on URI http://0.0.0.0:9399/
2025-01-28 21:22:49,463 INFO c.h.h.t.HelmChartContainer - [test-hivemq-platform] [hivemq] [4ea8272b] INFO  - Extension "Prometheus Monitoring Extension" version 4.0.12 started successfully.
2025-01-28 21:22:49,463 INFO c.h.h.t.HelmChartContainer - [test-hivemq-platform] [hivemq] [4ea8272b] INFO  - Starting extension with id "hivemq-allow-all-extension" at /opt/hivemq/extensions/hivemq-allow-all-extension
2025-01-28 21:22:49,464 INFO c.h.h.t.HelmChartContainer - [test-hivemq-platform] [hivemq] [4ea8272b] WARN  - 
2025-01-28 21:22:49,464 INFO c.h.h.t.HelmChartContainer - [test-hivemq-platform] [hivemq] [4ea8272b] ################################################################################################################
2025-01-28 21:22:49,464 INFO c.h.h.t.HelmChartContainer - [test-hivemq-platform] [hivemq] [4ea8272b] # This HiveMQ deployment is not secure! You are lacking Authentication and Authorization.                      #
2025-01-28 21:22:49,464 INFO c.h.h.t.HelmChartContainer - [test-hivemq-platform] [hivemq] [4ea8272b] # Right now any MQTT client can connect to the broker with a full set of permissions.                          #
2025-01-28 21:22:49,464 INFO c.h.h.t.HelmChartContainer - [test-hivemq-platform] [hivemq] [4ea8272b] # For production usage, add an appropriate security extension and remove the hivemq-allow-all extension.       #
2025-01-28 21:22:49,464 INFO c.h.h.t.HelmChartContainer - [test-hivemq-platform] [hivemq] [4ea8272b] # You can download security extensions from the HiveMQ Marketplace (https://www.hivemq.com/extensions/).       #
2025-01-28 21:22:49,464 INFO c.h.h.t.HelmChartContainer - [test-hivemq-platform] [hivemq] [4ea8272b] ################################################################################################################
2025-01-28 21:22:49,465 INFO c.h.h.t.HelmChartContainer - [test-hivemq-platform] [hivemq] [4ea8272b] INFO  - Extension "Allow All Extension" version 1.1.1 started successfully.
2025-01-28 21:22:49,582 INFO c.h.h.t.HelmChartContainer - [test-hivemq-platform] [hivemq] [66608005] INFO  - Cluster nodes found by discovery: [eB0sK|4] (3) [eB0sK, 5GGFb, billI].
2025-01-28 21:22:49,585 INFO c.h.h.t.HelmChartContainer - [test-hivemq-platform] [hivemq] [49cfa83b] INFO  - Cluster nodes found by discovery: [eB0sK|4] (3) [eB0sK, 5GGFb, billI].
2025-01-28 21:22:49,669 INFO c.h.h.t.HelmChartContainer - [test-hivemq-platform] [hivemq] [4ea8272b] INFO  - Cluster nodes found by discovery: [eB0sK|4] (3) [eB0sK, 5GGFb, billI].
2025-01-28 21:22:49,965 INFO c.h.h.t.HelmChartContainer - [test-hivemq-platform] [hivemq] [4ea8272b] INFO  - Cluster size = 1, members : [eB0sK].
2025-01-28 21:22:49,965 INFO c.h.h.t.HelmChartContainer - [test-hivemq-platform] [hivemq] [4ea8272b] INFO  - Cluster size = 2, members : [eB0sK, 5GGFb].
2025-01-28 21:22:50,473 INFO c.h.h.t.HelmChartContainer - [test-hivemq-platform] [hivemq] [4ea8272b] INFO  - Starting cluster join process. This may take a while. Please do not shut down HiveMQ.
2025-01-28 21:22:50,476 INFO c.h.h.t.HelmChartContainer - [test-hivemq-platform] [hivemq] [4ea8272b] INFO  - Cluster join process is still ongoing. Please do not shut down HiveMQ.
2025-01-28 21:22:50,728 INFO c.h.h.t.HelmChartContainer - [EVENT] Warning [Unhealthy] Readiness probe failed: Get "http://10.42.0.14:7979/readiness": context deadline exceeded (Client.Timeout exceeded while awaiting headers) [helmvolumeclaimtemplatesit:test-hivemq-platform-1]
2025-01-28 21:22:50,729 INFO c.h.h.t.HelmChartContainer - Received Unhealthy event for container hivemq in pod test-hivemq-platform-1 [4ea8272b-5d5d-481f-beb8-22d5a08eadab]
2025-01-28 21:22:50,783 INFO c.h.h.t.HelmChartContainer - [test-hivemq-platform] [hivemq] [4ea8272b] INFO  - [HiveMQ Platform Operator Init App 1.7.0-SNAPSHOT] Returning Health API response 503 for readiness
2025-01-28 21:22:52,484 INFO c.h.h.t.HelmChartContainer - [test-hivemq-platform] [hivemq] [66608005] INFO  - Cluster size = 3, members : [billI, eB0sK, 5GGFb].
2025-01-28 21:22:52,489 INFO c.h.h.t.HelmChartContainer - [test-hivemq-platform] [hivemq] [49cfa83b] INFO  - Cluster size = 3, members : [billI, eB0sK, 5GGFb].
2025-01-28 21:22:52,499 INFO c.h.h.t.HelmChartContainer - [test-hivemq-platform] [hivemq] [4ea8272b] INFO  - Cluster size = 3, members : [billI, eB0sK, 5GGFb].
2025-01-28 21:22:52,562 INFO c.h.h.t.HelmChartContainer - [test-hivemq-platform] [hivemq] [4ea8272b] INFO  - Finished cluster join process successfully.
2025-01-28 21:22:52,564 INFO c.h.h.t.HelmChartContainer - [test-hivemq-platform] [hivemq] [4ea8272b] WARN  - No user for HiveMQ Control Center configured. Starting with default user
2025-01-28 21:22:52,565 INFO c.h.h.t.HelmChartContainer - [test-hivemq-platform] [hivemq] [4ea8272b] INFO  - Starting HiveMQ Control Center on address 0.0.0.0 and port 8080
2025-01-28 21:22:52,573 INFO c.h.h.t.HelmChartContainer - [test-hivemq-platform] [hivemq] [4ea8272b] INFO  - Mounting HiveMQ Control Center V2 Preview
2025-01-28 21:22:53,265 INFO c.h.h.t.HelmChartContainer - [test-hivemq-platform] [hivemq] [4ea8272b] INFO  - Started HiveMQ Control Center in 701ms
2025-01-28 21:22:53,279 INFO c.h.h.t.HelmChartContainer - [test-hivemq-platform] [hivemq] [4ea8272b] INFO  - Starting TCP listener on address 0.0.0.0 and port 1884
2025-01-28 21:22:53,362 INFO c.h.h.t.HelmChartContainer - [test-hivemq-platform] [hivemq] [4ea8272b] INFO  - Started TCP Listener on address 0.0.0.0 and on port 1884.
2025-01-28 21:22:53,363 INFO c.h.h.t.HelmChartContainer - [test-hivemq-platform] [hivemq] [4ea8272b] INFO  - Started HiveMQ in 28187ms
2025-01-28 21:22:54,689 INFO c.h.h.t.HelmChartContainer - [test-hivemq-platform] [hivemq] [4ea8272b] INFO  - [HiveMQ Platform Operator Init App 1.7.0-SNAPSHOT] Returning Health API response 200 for readiness
2025-01-28 21:22:54,704 INFO c.h.h.t.HelmChartContainer - [POD] test-hivemq-platform-1 [4ea8272b-5d5d-481f-beb8-22d5a08eadab] in helmvolumeclaimtemplatesit was MODIFIED
2025-01-28 21:22:54,707 INFO c.h.h.t.HelmChartContainer - [hivemq-test-hivemq-platform] [hivemq-platform-operator] [68e05e19] 21:22:54.706 [pool-6-thread-36] DEBUG c.h.p.o.d.PlatformServiceResource - [helmvolu] Desired Platform services (3 services)
2025-01-28 21:22:54,719 INFO c.h.h.t.HelmChartContainer - [hivemq-test-hivemq-platform] [hivemq-platform-operator] [68e05e19] 21:22:54.708 [pool-6-thread-38] DEBUG c.h.p.o.dependants.PodInfoConfigMap - [helmvolu] Desired PodInfo ConfigMap (1 extensions) (1 enabled)
2025-01-28 21:22:54,719 INFO c.h.h.t.HelmChartContainer - [hivemq-test-hivemq-platform] [hivemq-platform-operator] [68e05e19] 21:22:54.708 [pool-6-thread-38] DEBUG c.h.p.o.dependants.PodInfoConfigMap - [helmvolu] Desired PodInfo ConfigMap (metrics port: 9399) (metrics path: /)
2025-01-28 21:22:54,719 INFO c.h.h.t.HelmChartContainer - [hivemq-test-hivemq-platform] [hivemq-platform-operator] [68e05e19] 21:22:54.708 [pool-6-thread-38] DEBUG c.h.p.o.dependants.PodInfoConfigMap - [helmvolu] Desired PodInfo ConfigMap (extension state hash: -1817474005)
2025-01-28 21:22:54,719 INFO c.h.h.t.HelmChartContainer - [hivemq-test-hivemq-platform] [hivemq-platform-operator] [68e05e19] 21:22:54.709 [pool-6-thread-36] DEBUG c.h.p.o.d.PodServiceAccountResource - [helmvolu] Desired PodServiceAccountResource (serviceAccountName: hivemq-platform-pod-test-hivemq-platform)
2025-01-28 21:22:54,719 INFO c.h.h.t.HelmChartContainer - [hivemq-test-hivemq-platform] [hivemq-platform-operator] [68e05e19] 21:22:54.715 [pool-6-thread-38] DEBUG c.h.p.o.d.StatefulSetResource - [helmvolu] Desired StatefulSet (3 replicas) for status ROLLING_RESTART (RESTART_PODS_IN_PROGRESS)
2025-01-28 21:22:54,731 INFO c.h.h.t.HelmChartContainer - [hivemq-test-hivemq-platform] [hivemq-platform-operator] [68e05e19] 21:22:54.721 [ReconcilerExecutor-hivemq-controller-86] INFO  c.h.p.o.HiveMQPlatformReconciler - [helmvolu] Reconciling HiveMQ Platform 'test-hivemq-platform' in namespace 'helmvolumeclaimtemplatesit'
2025-01-28 21:22:54,732 INFO c.h.h.t.HelmChartContainer - [hivemq-test-hivemq-platform] [hivemq-platform-operator] [68e05e19] 21:22:54.721 [ReconcilerExecutor-hivemq-controller-86] DEBUG c.h.p.o.HiveMQPlatformReconciler - [helmvolu] Custom Resource Status ROLLING_RESTART - HiveMQ Platform is restarting Pods (rolling restart) (RESTART_PODS_IN_PROGRESS)
2025-01-28 21:22:54,732 INFO c.h.h.t.HelmChartContainer - [hivemq-test-hivemq-platform] [hivemq-platform-operator] [68e05e19] 21:22:54.721 [ReconcilerExecutor-hivemq-controller-86] DEBUG c.h.p.o.HiveMQPlatformReconciler - [helmvolu] Custom Resource Spec (replicas: 2) (extensions: 1)
2025-01-28 21:22:54,732 INFO c.h.h.t.HelmChartContainer - [hivemq-test-hivemq-platform] [hivemq-platform-operator] [68e05e19] 21:22:54.724 [ReconcilerExecutor-hivemq-controller-86] DEBUG c.h.p.o.HiveMQPlatformReconciler - [helmvolu] StatefulSet Status (revision: test-hivemq-platform-59475f86c9, replicas: 3, available: 2, ready: 2, current: 1, updated: 2)
2025-01-28 21:22:54,732 INFO c.h.h.t.HelmChartContainer - [hivemq-test-hivemq-platform] [hivemq-platform-operator] [68e05e19] 21:22:54.724 [ReconcilerExecutor-hivemq-controller-86] DEBUG c.h.p.o.HiveMQPlatformReconciler - [helmvolu] StatefulSet Spec (replicas: 3, init containers: 1, containers: 1, volumes: 4)
2025-01-28 21:22:54,732 INFO c.h.h.t.HelmChartContainer - [hivemq-test-hivemq-platform] [hivemq-platform-operator] [68e05e19] 21:22:54.725 [ReconcilerExecutor-hivemq-controller-86] DEBUG c.h.p.o.h.HiveMQPlatformReconcilerErrorHandler - [helmvolu] Pod 'test-hivemq-platform-2' phase Running
2025-01-28 21:22:54,732 INFO c.h.h.t.HelmChartContainer - [hivemq-test-hivemq-platform] [hivemq-platform-operator] [68e05e19] 21:22:54.726 [ReconcilerExecutor-hivemq-controller-86] DEBUG c.h.p.o.h.HiveMQPlatformReconcilerErrorHandler - [helmvolu] Pod 'test-hivemq-platform-1' phase Running
2025-01-28 21:22:54,732 INFO c.h.h.t.HelmChartContainer - [hivemq-test-hivemq-platform] [hivemq-platform-operator] [68e05e19] 21:22:54.728 [ReconcilerExecutor-hivemq-controller-86] DEBUG c.h.p.o.h.HiveMQPlatformReconcilerErrorHandler - [helmvolu] Pod 'test-hivemq-platform-0' phase Running
2025-01-28 21:22:54,732 INFO c.h.h.t.HelmChartContainer - [hivemq-test-hivemq-platform] [hivemq-platform-operator] [68e05e19] 21:22:54.730 [ReconcilerExecutor-hivemq-controller-86] DEBUG c.h.p.o.h.HiveMQPlatformReconcilerRollingRestartHandler - [helmvolu] Rolling restart is waiting for 2 of 3 replicas
2025-01-28 21:22:54,735 INFO c.h.h.t.HelmChartContainer - [hivemq-test-hivemq-platform] [hivemq-platform-operator] [68e05e19] 21:22:54.734 [pool-6-thread-50] DEBUG c.h.p.o.d.PlatformServiceResource - [helmvolu] Desired Platform services (3 services)
2025-01-28 21:22:54,737 INFO c.h.h.t.HelmChartContainer - [hivemq-test-hivemq-platform] [hivemq-platform-operator] [68e05e19] 21:22:54.735 [pool-6-thread-42] DEBUG c.h.p.o.dependants.PodInfoConfigMap - [helmvolu] Desired PodInfo ConfigMap (1 extensions) (1 enabled)
2025-01-28 21:22:54,737 INFO c.h.h.t.HelmChartContainer - [hivemq-test-hivemq-platform] [hivemq-platform-operator] [68e05e19] 21:22:54.735 [pool-6-thread-42] DEBUG c.h.p.o.dependants.PodInfoConfigMap - [helmvolu] Desired PodInfo ConfigMap (metrics port: 9399) (metrics path: /)
2025-01-28 21:22:54,737 INFO c.h.h.t.HelmChartContainer - [hivemq-test-hivemq-platform] [hivemq-platform-operator] [68e05e19] 21:22:54.735 [pool-6-thread-42] DEBUG c.h.p.o.dependants.PodInfoConfigMap - [helmvolu] Desired PodInfo ConfigMap (extension state hash: -1817474005)
2025-01-28 21:22:54,737 INFO c.h.h.t.HelmChartContainer - [hivemq-test-hivemq-platform] [hivemq-platform-operator] [68e05e19] 21:22:54.736 [pool-6-thread-42] DEBUG c.h.p.o.d.PodServiceAccountResource - [helmvolu] Desired PodServiceAccountResource (serviceAccountName: hivemq-platform-pod-test-hivemq-platform)
2025-01-28 21:22:54,742 INFO c.h.h.t.HelmChartContainer - [hivemq-test-hivemq-platform] [hivemq-platform-operator] [68e05e19] 21:22:54.741 [pool-6-thread-45] DEBUG c.h.p.o.d.StatefulSetResource - [helmvolu] Desired StatefulSet (3 replicas) for status ROLLING_RESTART (RESTART_PODS_IN_PROGRESS)
2025-01-28 21:22:54,789 INFO c.h.h.t.HelmChartContainer - [hivemq-test-hivemq-platform] [hivemq-platform-operator] [68e05e19] 21:22:54.788 [ReconcilerExecutor-hivemq-controller-97] INFO  c.h.p.o.HiveMQPlatformReconciler - [helmvolu] Reconciling HiveMQ Platform 'test-hivemq-platform' in namespace 'helmvolumeclaimtemplatesit'
2025-01-28 21:22:54,790 INFO c.h.h.t.HelmChartContainer - [hivemq-test-hivemq-platform] [hivemq-platform-operator] [68e05e19] 21:22:54.788 [ReconcilerExecutor-hivemq-controller-97] DEBUG c.h.p.o.HiveMQPlatformReconciler - [helmvolu] Custom Resource Status ROLLING_RESTART - HiveMQ Platform is restarting Pods (rolling restart) (RESTART_PODS_IN_PROGRESS)
2025-01-28 21:22:54,790 INFO c.h.h.t.HelmChartContainer - [hivemq-test-hivemq-platform] [hivemq-platform-operator] [68e05e19] 21:22:54.788 [ReconcilerExecutor-hivemq-controller-97] DEBUG c.h.p.o.HiveMQPlatformReconciler - [helmvolu] Custom Resource Spec (replicas: 2) (extensions: 1)
2025-01-28 21:22:54,791 INFO c.h.h.t.HelmChartContainer - [hivemq-test-hivemq-platform] [hivemq-platform-operator] [68e05e19] 21:22:54.790 [ReconcilerExecutor-hivemq-controller-97] DEBUG c.h.p.o.HiveMQPlatformReconciler - [helmvolu] StatefulSet Status (revision: test-hivemq-platform-59475f86c9, replicas: 3, available: 3, ready: 3, current: 1, updated: 2)
2025-01-28 21:22:54,791 INFO c.h.h.t.HelmChartContainer - [hivemq-test-hivemq-platform] [hivemq-platform-operator] [68e05e19] 21:22:54.790 [ReconcilerExecutor-hivemq-controller-97] DEBUG c.h.p.o.HiveMQPlatformReconciler - [helmvolu] StatefulSet Spec (replicas: 3, init containers: 1, containers: 1, volumes: 4)
2025-01-28 21:22:54,792 INFO c.h.h.t.HelmChartContainer - [hivemq-test-hivemq-platform] [hivemq-platform-operator] [68e05e19] 21:22:54.791 [ReconcilerExecutor-hivemq-controller-97] DEBUG c.h.p.o.h.HiveMQPlatformReconcilerErrorHandler - [helmvolu] Pod 'test-hivemq-platform-2' phase Running
2025-01-28 21:22:54,795 INFO c.h.h.t.HelmChartContainer - [hivemq-test-hivemq-platform] [hivemq-platform-operator] [68e05e19] 21:22:54.792 [ReconcilerExecutor-hivemq-controller-97] DEBUG c.h.p.o.h.HiveMQPlatformReconcilerErrorHandler - [helmvolu] Pod 'test-hivemq-platform-1' phase Running
2025-01-28 21:22:54,795 INFO c.h.h.t.HelmChartContainer - [hivemq-test-hivemq-platform] [hivemq-platform-operator] [68e05e19] 21:22:54.794 [ReconcilerExecutor-hivemq-controller-97] DEBUG c.h.p.o.h.HiveMQPlatformReconcilerErrorHandler - [helmvolu] Pod 'test-hivemq-platform-0' phase Running
2025-01-28 21:22:54,800 INFO c.h.h.t.HelmChartContainer - [hivemq-test-hivemq-platform] [hivemq-platform-operator] [68e05e19] 21:22:54.800 [ReconcilerExecutor-hivemq-controller-97] DEBUG c.h.p.o.h.HiveMQPlatformReconcilerRollingRestartHandler - [helmvolu] Skipping Pod test-hivemq-platform-2 as it's already on the controller update revision (update revision: test-hivemq-platform-59475f86c9, pod revision: test-hivemq-platform-59475f86c9)
2025-01-28 21:22:54,804 INFO c.h.h.t.HelmChartContainer - [hivemq-test-hivemq-platform] [hivemq-platform-operator] [68e05e19] 21:22:54.803 [ReconcilerExecutor-hivemq-controller-97] DEBUG c.h.p.o.h.HiveMQPlatformReconcilerRollingRestartHandler - [helmvolu] Skipping Pod test-hivemq-platform-1 as it's already on the controller update revision (update revision: test-hivemq-platform-59475f86c9, pod revision: test-hivemq-platform-59475f86c9)
2025-01-28 21:22:54,839 INFO c.h.h.t.HelmChartContainer - [hivemq-test-hivemq-platform] [hivemq-platform-operator] [68e05e19] 21:22:54.838 [ReconcilerExecutor-hivemq-controller-97] DEBUG c.h.p.o.h.HiveMQPlatformReconcilerRollingRestartHandler - [helmvolu] The last Pod is running for 53 seconds, the next Pod can be restarted
2025-01-28 21:22:54,839 INFO c.h.h.t.HelmChartContainer - [hivemq-test-hivemq-platform] [hivemq-platform-operator] [68e05e19] 21:22:54.838 [ReconcilerExecutor-hivemq-controller-97] INFO  c.h.p.o.h.HiveMQPlatformReconcilerRollingRestartHandler - [helmvolu] Restarting Pod test-hivemq-platform-0 as it's not matching the controller update revision (update revision: test-hivemq-platform-59475f86c9, pod revision: test-hivemq-platform-6c7bb94cbd)
2025-01-28 21:22:54,893 INFO c.h.h.t.HelmChartContainer - [POD] test-hivemq-platform-0 [66608005-1f58-43bd-8a1d-83451b819e1f] in helmvolumeclaimtemplatesit was MODIFIED
2025-01-28 21:22:54,914 INFO c.h.h.t.HelmChartContainer - [EVENT] Normal [Killing] Stopping container hivemq [helmvolumeclaimtemplatesit:test-hivemq-platform-0]
2025-01-28 21:22:54,914 INFO c.h.h.t.HelmChartContainer - [test-hivemq-platform] [hivemq] [66608005] INFO  - [HiveMQ Platform Operator Init App 1.7.0-SNAPSHOT] Shutting down
2025-01-28 21:22:54,914 INFO c.h.h.t.HelmChartContainer - [test-hivemq-platform] [hivemq] [66608005] INFO  - [HiveMQ Platform Operator Init App 1.7.0-SNAPSHOT] Stopping the HiveMQ Platform
2025-01-28 21:22:54,914 INFO c.h.h.t.HelmChartContainer - Received Killing event for container hivemq in pod test-hivemq-platform-0 [66608005-1f58-43bd-8a1d-83451b819e1f]
2025-01-28 21:22:54,914 INFO c.h.h.t.HelmChartContainer - Container [test-hivemq-platform-0] [hivemq] [66608005-1f58-43bd-8a1d-83451b819e1f] was terminated
2025-01-28 21:22:54,914 INFO c.h.h.t.HelmChartContainer - Stopped log watcher for hivemq in pod test-hivemq-platform-0 [66608005-1f58-43bd-8a1d-83451b819e1f]
2025-01-28 21:22:54,914 INFO c.h.h.t.HelmChartContainer - [hivemq-test-hivemq-platform] [hivemq-platform-operator] [68e05e19] 21:22:54.907 [pool-6-thread-4] DEBUG c.h.p.o.d.PlatformServiceResource - [helmvolu] Desired Platform services (3 services)
2025-01-28 21:22:54,914 INFO c.h.h.t.HelmChartContainer - [hivemq-test-hivemq-platform] [hivemq-platform-operator] [68e05e19] 21:22:54.909 [pool-6-thread-5] DEBUG c.h.p.o.dependants.PodInfoConfigMap - [helmvolu] Desired PodInfo ConfigMap (1 extensions) (1 enabled)
2025-01-28 21:22:54,914 INFO c.h.h.t.HelmChartContainer - [hivemq-test-hivemq-platform] [hivemq-platform-operator] [68e05e19] 21:22:54.909 [pool-6-thread-5] DEBUG c.h.p.o.dependants.PodInfoConfigMap - [helmvolu] Desired PodInfo ConfigMap (metrics port: 9399) (metrics path: /)
2025-01-28 21:22:54,914 INFO c.h.h.t.HelmChartContainer - [hivemq-test-hivemq-platform] [hivemq-platform-operator] [68e05e19] 21:22:54.909 [pool-6-thread-5] DEBUG c.h.p.o.dependants.PodInfoConfigMap - [helmvolu] Desired PodInfo ConfigMap (extension state hash: -1817474005)
2025-01-28 21:22:54,914 INFO c.h.h.t.HelmChartContainer - [hivemq-test-hivemq-platform] [hivemq-platform-operator] [68e05e19] 21:22:54.910 [pool-6-thread-10] DEBUG c.h.p.o.d.PodServiceAccountResource - [helmvolu] Desired PodServiceAccountResource (serviceAccountName: hivemq-platform-pod-test-hivemq-platform)
2025-01-28 21:22:54,920 INFO c.h.h.t.HelmChartContainer - [hivemq-test-hivemq-platform] [hivemq-platform-operator] [68e05e19] 21:22:54.919 [pool-6-thread-4] DEBUG c.h.p.o.d.StatefulSetResource - [helmvolu] Desired StatefulSet (3 replicas) for status ROLLING_RESTART (RESTART_PODS_IN_PROGRESS)
2025-01-28 21:22:54,934 INFO c.h.h.t.HelmChartContainer - [hivemq-test-hivemq-platform] [hivemq-platform-operator] [68e05e19] 21:22:54.932 [ReconcilerExecutor-hivemq-controller-97] INFO  c.h.p.o.HiveMQPlatformReconciler - [helmvolu] Reconciling HiveMQ Platform 'test-hivemq-platform' in namespace 'helmvolumeclaimtemplatesit'
2025-01-28 21:22:54,934 INFO c.h.h.t.HelmChartContainer - [hivemq-test-hivemq-platform] [hivemq-platform-operator] [68e05e19] 21:22:54.934 [ReconcilerExecutor-hivemq-controller-97] DEBUG c.h.p.o.HiveMQPlatformReconciler - [helmvolu] Custom Resource Status ROLLING_RESTART - HiveMQ Platform is restarting Pods (rolling restart) (RESTART_PODS_IN_PROGRESS)
2025-01-28 21:22:54,934 INFO c.h.h.t.HelmChartContainer - [hivemq-test-hivemq-platform] [hivemq-platform-operator] [68e05e19] 21:22:54.934 [ReconcilerExecutor-hivemq-controller-97] DEBUG c.h.p.o.HiveMQPlatformReconciler - [helmvolu] Custom Resource Spec (replicas: 2) (extensions: 1)
2025-01-28 21:22:54,937 INFO c.h.h.t.HelmChartContainer - [hivemq-test-hivemq-platform] [hivemq-platform-operator] [68e05e19] 21:22:54.936 [ReconcilerExecutor-hivemq-controller-97] DEBUG c.h.p.o.HiveMQPlatformReconciler - [helmvolu] StatefulSet Status (revision: test-hivemq-platform-59475f86c9, replicas: 3, available: 3, ready: 3, current: 0, updated: 2)
2025-01-28 21:22:54,938 INFO c.h.h.t.HelmChartContainer - [hivemq-test-hivemq-platform] [hivemq-platform-operator] [68e05e19] 21:22:54.937 [ReconcilerExecutor-hivemq-controller-97] DEBUG c.h.p.o.HiveMQPlatformReconciler - [helmvolu] StatefulSet Spec (replicas: 3, init containers: 1, containers: 1, volumes: 4)
2025-01-28 21:22:54,941 INFO c.h.h.t.HelmChartContainer - [hivemq-test-hivemq-platform] [hivemq-platform-operator] [68e05e19] 21:22:54.939 [ReconcilerExecutor-hivemq-controller-97] DEBUG c.h.p.o.h.HiveMQPlatformReconcilerErrorHandler - [helmvolu] Pod 'test-hivemq-platform-2' phase Running
2025-01-28 21:22:54,941 INFO c.h.h.t.HelmChartContainer - [hivemq-test-hivemq-platform] [hivemq-platform-operator] [68e05e19] 21:22:54.940 [ReconcilerExecutor-hivemq-controller-97] DEBUG c.h.p.o.h.HiveMQPlatformReconcilerErrorHandler - [helmvolu] Pod 'test-hivemq-platform-1' phase Running
2025-01-28 21:22:54,988 INFO c.h.h.t.HelmChartContainer - [hivemq-test-hivemq-platform] [hivemq-platform-operator] [68e05e19] 21:22:54.987 [ReconcilerExecutor-hivemq-controller-97] DEBUG c.h.p.o.h.HiveMQPlatformReconcilerErrorHandler - [helmvolu] Pod 'test-hivemq-platform-0' phase Running
2025-01-28 21:22:54,993 INFO c.h.h.t.HelmChartContainer - [hivemq-test-hivemq-platform] [hivemq-platform-operator] [68e05e19] 21:22:54.992 [ReconcilerExecutor-hivemq-controller-97] DEBUG c.h.p.o.h.HiveMQPlatformReconcilerRollingRestartHandler - [helmvolu] Skipping Pod test-hivemq-platform-2 as it's already on the controller update revision (update revision: test-hivemq-platform-59475f86c9, pod revision: test-hivemq-platform-59475f86c9)
2025-01-28 21:22:54,997 INFO c.h.h.t.HelmChartContainer - [hivemq-test-hivemq-platform] [hivemq-platform-operator] [68e05e19] 21:22:54.997 [ReconcilerExecutor-hivemq-controller-97] DEBUG c.h.p.o.h.HiveMQPlatformReconcilerRollingRestartHandler - [helmvolu] Skipping Pod test-hivemq-platform-1 as it's already on the controller update revision (update revision: test-hivemq-platform-59475f86c9, pod revision: test-hivemq-platform-59475f86c9)
2025-01-28 21:22:55,035 INFO c.h.h.t.HelmChartContainer - [test-hivemq-platform] [hivemq] [66608005] INFO  - Shutting down HiveMQ. Please wait, this could take a while...
2025-01-28 21:22:55,087 INFO c.h.h.t.HelmChartContainer - [hivemq-test-hivemq-platform] [hivemq-platform-operator] [68e05e19] 21:22:55.086 [ReconcilerExecutor-hivemq-controller-97] DEBUG c.h.p.o.h.HiveMQPlatformReconcilerRollingRestartHandler - [helmvolu] The last Pod is running for 54 seconds, the next Pod can be restarted
2025-01-28 21:22:55,087 INFO c.h.h.t.HelmChartContainer - [hivemq-test-hivemq-platform] [hivemq-platform-operator] [68e05e19] 21:22:55.086 [ReconcilerExecutor-hivemq-controller-97] INFO  c.h.p.o.h.HiveMQPlatformReconcilerRollingRestartHandler - [helmvolu] Restarting Pod test-hivemq-platform-0 as it's not matching the controller update revision (update revision: test-hivemq-platform-59475f86c9, pod revision: test-hivemq-platform-6c7bb94cbd)
2025-01-28 21:22:55,097 INFO c.h.h.t.HelmChartContainer - [hivemq-test-hivemq-platform] [hivemq-platform-operator] [68e05e19] 21:22:55.094 [pool-6-thread-11] DEBUG c.h.p.o.d.PlatformServiceResource - [helmvolu] Desired Platform services (3 services)
2025-01-28 21:22:55,097 INFO c.h.h.t.HelmChartContainer - [hivemq-test-hivemq-platform] [hivemq-platform-operator] [68e05e19] 21:22:55.095 [pool-6-thread-19] DEBUG c.h.p.o.dependants.PodInfoConfigMap - [helmvolu] Desired PodInfo ConfigMap (1 extensions) (1 enabled)
2025-01-28 21:22:55,097 INFO c.h.h.t.HelmChartContainer - [hivemq-test-hivemq-platform] [hivemq-platform-operator] [68e05e19] 21:22:55.095 [pool-6-thread-19] DEBUG c.h.p.o.dependants.PodInfoConfigMap - [helmvolu] Desired PodInfo ConfigMap (metrics port: 9399) (metrics path: /)
2025-01-28 21:22:55,097 INFO c.h.h.t.HelmChartContainer - [hivemq-test-hivemq-platform] [hivemq-platform-operator] [68e05e19] 21:22:55.095 [pool-6-thread-19] DEBUG c.h.p.o.dependants.PodInfoConfigMap - [helmvolu] Desired PodInfo ConfigMap (extension state hash: -1817474005)
2025-01-28 21:22:55,102 INFO c.h.h.t.HelmChartContainer - [hivemq-test-hivemq-platform] [hivemq-platform-operator] [68e05e19] 21:22:55.096 [pool-6-thread-19] DEBUG c.h.p.o.d.PodServiceAccountResource - [helmvolu] Desired PodServiceAccountResource (serviceAccountName: hivemq-platform-pod-test-hivemq-platform)
2025-01-28 21:22:55,102 INFO c.h.h.t.HelmChartContainer - [hivemq-test-hivemq-platform] [hivemq-platform-operator] [68e05e19] 21:22:55.099 [pool-6-thread-19] DEBUG c.h.p.o.d.StatefulSetResource - [helmvolu] Desired StatefulSet (3 replicas) for status ROLLING_RESTART (RESTART_PODS_IN_PROGRESS)
2025-01-28 21:22:55,102 INFO c.h.h.t.HelmChartContainer - [hivemq-test-hivemq-platform] [hivemq-platform-operator] [68e05e19] 21:22:55.101 [ReconcilerExecutor-hivemq-controller-97] INFO  c.h.p.o.HiveMQPlatformReconciler - [helmvolu] Reconciling HiveMQ Platform 'test-hivemq-platform' in namespace 'helmvolumeclaimtemplatesit'
2025-01-28 21:22:55,102 INFO c.h.h.t.HelmChartContainer - [hivemq-test-hivemq-platform] [hivemq-platform-operator] [68e05e19] 21:22:55.101 [ReconcilerExecutor-hivemq-controller-97] DEBUG c.h.p.o.HiveMQPlatformReconciler - [helmvolu] Custom Resource Status ROLLING_RESTART - HiveMQ Platform is restarting Pods (rolling restart) (RESTART_PODS_IN_PROGRESS)
2025-01-28 21:22:55,102 INFO c.h.h.t.HelmChartContainer - [hivemq-test-hivemq-platform] [hivemq-platform-operator] [68e05e19] 21:22:55.101 [ReconcilerExecutor-hivemq-controller-97] DEBUG c.h.p.o.HiveMQPlatformReconciler - [helmvolu] Custom Resource Spec (replicas: 2) (extensions: 1)
2025-01-28 21:22:55,103 INFO c.h.h.t.HelmChartContainer - [hivemq-test-hivemq-platform] [hivemq-platform-operator] [68e05e19] 21:22:55.102 [ReconcilerExecutor-hivemq-controller-97] DEBUG c.h.p.o.HiveMQPlatformReconciler - [helmvolu] StatefulSet Status (revision: test-hivemq-platform-59475f86c9, replicas: 3, available: 3, ready: 3, current: 0, updated: 2)
2025-01-28 21:22:55,103 INFO c.h.h.t.HelmChartContainer - [hivemq-test-hivemq-platform] [hivemq-platform-operator] [68e05e19] 21:22:55.102 [ReconcilerExecutor-hivemq-controller-97] DEBUG c.h.p.o.HiveMQPlatformReconciler - [helmvolu] StatefulSet Spec (replicas: 3, init containers: 1, containers: 1, volumes: 4)
2025-01-28 21:22:55,123 INFO c.h.h.t.HelmChartContainer - [test-hivemq-platform] [hivemq] [66608005] INFO  - Shutting down listeners and clients
2025-01-28 21:22:55,125 INFO c.h.h.t.HelmChartContainer - [test-hivemq-platform] [hivemq] [66608005] INFO  - Shutdown of listeners is done
2025-01-28 21:22:55,125 INFO c.h.h.t.HelmChartContainer - [test-hivemq-platform] [hivemq] [66608005] INFO  - No clients are connected, proceeding with shutdown
2025-01-28 21:22:55,192 INFO c.h.h.t.HelmChartContainer - [hivemq-test-hivemq-platform] [hivemq-platform-operator] [68e05e19] 21:22:55.191 [ReconcilerExecutor-hivemq-controller-97] DEBUG c.h.p.o.h.HiveMQPlatformReconcilerErrorHandler - [helmvolu] Pod 'test-hivemq-platform-2' phase Running
2025-01-28 21:22:55,193 INFO c.h.h.t.HelmChartContainer - [hivemq-test-hivemq-platform] [hivemq-platform-operator] [68e05e19] 21:22:55.192 [ReconcilerExecutor-hivemq-controller-97] DEBUG c.h.p.o.h.HiveMQPlatformReconcilerErrorHandler - [helmvolu] Pod 'test-hivemq-platform-1' phase Running
2025-01-28 21:22:55,193 INFO c.h.h.t.HelmChartContainer - [hivemq-test-hivemq-platform] [hivemq-platform-operator] [68e05e19] 21:22:55.193 [ReconcilerExecutor-hivemq-controller-97] DEBUG c.h.p.o.h.HiveMQPlatformReconcilerErrorHandler - [helmvolu] Pod 'test-hivemq-platform-0' phase Running
2025-01-28 21:22:55,199 INFO c.h.h.t.HelmChartContainer - [hivemq-test-hivemq-platform] [hivemq-platform-operator] [68e05e19] 21:22:55.198 [ReconcilerExecutor-hivemq-controller-97] DEBUG c.h.p.o.h.HiveMQPlatformReconcilerRollingRestartHandler - [helmvolu] Skipping Pod test-hivemq-platform-2 as it's already on the controller update revision (update revision: test-hivemq-platform-59475f86c9, pod revision: test-hivemq-platform-59475f86c9)
2025-01-28 21:22:55,203 INFO c.h.h.t.HelmChartContainer - [hivemq-test-hivemq-platform] [hivemq-platform-operator] [68e05e19] 21:22:55.202 [ReconcilerExecutor-hivemq-controller-97] DEBUG c.h.p.o.h.HiveMQPlatformReconcilerRollingRestartHandler - [helmvolu] Skipping Pod test-hivemq-platform-1 as it's already on the controller update revision (update revision: test-hivemq-platform-59475f86c9, pod revision: test-hivemq-platform-59475f86c9)
2025-01-28 21:22:55,237 INFO c.h.h.t.HelmChartContainer - [hivemq-test-hivemq-platform] [hivemq-platform-operator] [68e05e19] 21:22:55.236 [ReconcilerExecutor-hivemq-controller-97] DEBUG c.h.p.o.h.HiveMQPlatformReconcilerRollingRestartHandler - [helmvolu] The last Pod is running for 54 seconds, the next Pod can be restarted
2025-01-28 21:22:55,237 INFO c.h.h.t.HelmChartContainer - [hivemq-test-hivemq-platform] [hivemq-platform-operator] [68e05e19] 21:22:55.236 [ReconcilerExecutor-hivemq-controller-97] INFO  c.h.p.o.h.HiveMQPlatformReconcilerRollingRestartHandler - [helmvolu] Restarting Pod test-hivemq-platform-0 as it's not matching the controller update revision (update revision: test-hivemq-platform-59475f86c9, pod revision: test-hivemq-platform-6c7bb94cbd)
2025-01-28 21:22:58,167 INFO c.h.h.t.HelmChartContainer - [test-hivemq-platform] [hivemq] [66608005] INFO  - Shutting down extension system
2025-01-28 21:22:58,169 INFO c.h.h.t.HelmChartContainer - [test-hivemq-platform] [hivemq] [66608005] INFO  - Stopping extension with id hivemq-dns-cluster-discovery
2025-01-28 21:22:58,171 INFO c.h.h.t.HelmChartContainer - [test-hivemq-platform] [hivemq] [66608005] INFO  - Extension "DNS Cluster Discovery Extension" version 4.3.2 stopped successfully.
2025-01-28 21:22:58,172 INFO c.h.h.t.HelmChartContainer - [test-hivemq-platform] [hivemq] [66608005] INFO  - Stopping extension with id hivemq-prometheus-extension
2025-01-28 21:22:58,180 INFO c.h.h.t.HelmChartContainer - [test-hivemq-platform] [hivemq] [66608005] INFO  - Extension "Prometheus Monitoring Extension" version 4.0.12 stopped successfully.
2025-01-28 21:22:58,181 INFO c.h.h.t.HelmChartContainer - [test-hivemq-platform] [hivemq] [66608005] INFO  - Stopping extension with id hivemq-allow-all-extension
2025-01-28 21:22:58,181 INFO c.h.h.t.HelmChartContainer - [test-hivemq-platform] [hivemq] [66608005] INFO  - Extension "Allow All Extension" version 1.1.1 stopped successfully.
2025-01-28 21:22:58,188 INFO c.h.h.t.HelmChartContainer - [test-hivemq-platform] [hivemq] [49cfa83b] INFO  - Cluster nodes found by discovery: [5GGFb|5] (2) [5GGFb, billI].
2025-01-28 21:22:58,191 INFO c.h.h.t.HelmChartContainer - [test-hivemq-platform] [hivemq] [4ea8272b] INFO  - Cluster nodes found by discovery: [5GGFb|5] (2) [5GGFb, billI].
2025-01-28 21:22:58,194 INFO c.h.h.t.HelmChartContainer - [test-hivemq-platform] [hivemq] [49cfa83b] INFO  - Cluster size = 2, members : [billI, 5GGFb].
2025-01-28 21:22:58,194 INFO c.h.h.t.HelmChartContainer - [test-hivemq-platform] [hivemq] [49cfa83b] INFO  - Starting cluster replication process. This may take a while. Please do not shut down HiveMQ.
2025-01-28 21:22:58,201 INFO c.h.h.t.HelmChartContainer - [test-hivemq-platform] [hivemq] [4ea8272b] INFO  - Cluster size = 2, members : [billI, 5GGFb].
2025-01-28 21:22:58,203 INFO c.h.h.t.HelmChartContainer - [test-hivemq-platform] [hivemq] [4ea8272b] INFO  - Starting cluster replication process. This may take a while. Please do not shut down HiveMQ.
2025-01-28 21:22:58,591 INFO c.h.h.t.HelmChartContainer - [test-hivemq-platform] [hivemq] [49cfa83b] INFO  - Finished cluster replication successfully in 397 ms.
2025-01-28 21:22:58,662 INFO c.h.h.t.HelmChartContainer - [test-hivemq-platform] [hivemq] [4ea8272b] INFO  - Finished cluster replication successfully in 459 ms.
2025-01-28 21:22:59,552 INFO c.h.h.t.HelmChartContainer - [test-hivemq-platform] [hivemq] [66608005] INFO  - [HiveMQ Platform Operator Init App 1.7.0-SNAPSHOT] Returning shutdown Health API response 503 for readiness
2025-01-28 21:22:59,556 INFO c.h.h.t.HelmChartContainer - [EVENT] Warning [Unhealthy] Readiness probe failed: HTTP probe failed with statuscode: 503 [helmvolumeclaimtemplatesit:test-hivemq-platform-0]
2025-01-28 21:22:59,556 INFO c.h.h.t.HelmChartContainer - Received Unhealthy event for container hivemq in pod test-hivemq-platform-0 [66608005-1f58-43bd-8a1d-83451b819e1f]
2025-01-28 21:23:00,554 INFO c.h.h.t.HelmChartContainer - [test-hivemq-platform] [hivemq] [66608005] INFO  - Shutdown completed.
2025-01-28 21:23:00,902 INFO c.h.h.t.HelmChartContainer - [test-hivemq-platform] [hivemq] [66608005] INFO  - [HiveMQ Platform Operator Init App 1.7.0-SNAPSHOT] The HiveMQ Platform exited with code 143
2025-01-28 21:23:00,902 INFO c.h.h.t.HelmChartContainer - [test-hivemq-platform] [hivemq] [66608005] INFO  - [HiveMQ Platform Operator Init App 1.7.0-SNAPSHOT] Stopping the REST API
2025-01-28 21:23:00,941 INFO c.h.h.t.HelmChartContainer - [test-hivemq-platform] [hivemq] [66608005] INFO  - [HiveMQ Platform Operator Init App 1.7.0-SNAPSHOT] Shutdown complete
2025-01-28 21:23:01,325 INFO c.h.h.t.HelmChartContainer - [test-hivemq-platform] [hivemq] [4ea8272b] INFO  - [HiveMQ Platform Operator Init App 1.7.0-SNAPSHOT] Returning Health API response 200 for liveness
2025-01-28 21:23:01,440 INFO c.h.h.t.HelmChartContainer - [POD] test-hivemq-platform-0 [66608005-1f58-43bd-8a1d-83451b819e1f] in helmvolumeclaimtemplatesit was MODIFIED
2025-01-28 21:23:01,461 INFO c.h.h.t.HelmChartContainer - [hivemq-test-hivemq-platform] [hivemq-platform-operator] [68e05e19] 21:23:01.449 [pool-6-thread-30] DEBUG c.h.p.o.dependants.PodInfoConfigMap - [helmvolu] Desired PodInfo ConfigMap (1 extensions) (1 enabled)
2025-01-28 21:23:01,461 INFO c.h.h.t.HelmChartContainer - [hivemq-test-hivemq-platform] [hivemq-platform-operator] [68e05e19] 21:23:01.449 [pool-6-thread-30] DEBUG c.h.p.o.dependants.PodInfoConfigMap - [helmvolu] Desired PodInfo ConfigMap (metrics port: 9399) (metrics path: /)
2025-01-28 21:23:01,462 INFO c.h.h.t.HelmChartContainer - [hivemq-test-hivemq-platform] [hivemq-platform-operator] [68e05e19] 21:23:01.449 [pool-6-thread-30] DEBUG c.h.p.o.dependants.PodInfoConfigMap - [helmvolu] Desired PodInfo ConfigMap (extension state hash: -1817474005)
2025-01-28 21:23:01,462 INFO c.h.h.t.HelmChartContainer - [hivemq-test-hivemq-platform] [hivemq-platform-operator] [68e05e19] 21:23:01.450 [pool-6-thread-21] DEBUG c.h.p.o.d.PodServiceAccountResource - [helmvolu] Desired PodServiceAccountResource (serviceAccountName: hivemq-platform-pod-test-hivemq-platform)
2025-01-28 21:23:01,463 INFO c.h.h.t.HelmChartContainer - [hivemq-test-hivemq-platform] [hivemq-platform-operator] [68e05e19] 21:23:01.452 [pool-6-thread-24] DEBUG c.h.p.o.d.PlatformServiceResource - [helmvolu] Desired Platform services (3 services)
2025-01-28 21:23:01,463 INFO c.h.h.t.HelmChartContainer - [hivemq-test-hivemq-platform] [hivemq-platform-operator] [68e05e19] 21:23:01.456 [pool-6-thread-24] DEBUG c.h.p.o.d.StatefulSetResource - [helmvolu] Desired StatefulSet (3 replicas) for status ROLLING_RESTART (RESTART_PODS_IN_PROGRESS)
2025-01-28 21:23:01,464 INFO c.h.h.t.HelmChartContainer - [hivemq-test-hivemq-platform] [hivemq-platform-operator] [68e05e19] 21:23:01.463 [ReconcilerExecutor-hivemq-controller-110] INFO  c.h.p.o.HiveMQPlatformReconciler - [helmvolu] Reconciling HiveMQ Platform 'test-hivemq-platform' in namespace 'helmvolumeclaimtemplatesit'
2025-01-28 21:23:01,464 INFO c.h.h.t.HelmChartContainer - [hivemq-test-hivemq-platform] [hivemq-platform-operator] [68e05e19] 21:23:01.463 [ReconcilerExecutor-hivemq-controller-110] DEBUG c.h.p.o.HiveMQPlatformReconciler - [helmvolu] Custom Resource Status ROLLING_RESTART - HiveMQ Platform is restarting Pods (rolling restart) (RESTART_PODS_IN_PROGRESS)
2025-01-28 21:23:01,464 INFO c.h.h.t.HelmChartContainer - [hivemq-test-hivemq-platform] [hivemq-platform-operator] [68e05e19] 21:23:01.463 [ReconcilerExecutor-hivemq-controller-110] DEBUG c.h.p.o.HiveMQPlatformReconciler - [helmvolu] Custom Resource Spec (replicas: 2) (extensions: 1)
2025-01-28 21:23:01,466 INFO c.h.h.t.HelmChartContainer - [hivemq-test-hivemq-platform] [hivemq-platform-operator] [68e05e19] 21:23:01.465 [ReconcilerExecutor-hivemq-controller-110] DEBUG c.h.p.o.HiveMQPlatformReconciler - [helmvolu] StatefulSet Status (revision: test-hivemq-platform-59475f86c9, replicas: 3, available: 2, ready: 2, current: 0, updated: 2)
2025-01-28 21:23:01,466 INFO c.h.h.t.HelmChartContainer - [hivemq-test-hivemq-platform] [hivemq-platform-operator] [68e05e19] 21:23:01.465 [ReconcilerExecutor-hivemq-controller-110] DEBUG c.h.p.o.HiveMQPlatformReconciler - [helmvolu] StatefulSet Spec (replicas: 3, init containers: 1, containers: 1, volumes: 4)
2025-01-28 21:23:01,469 INFO c.h.h.t.HelmChartContainer - [hivemq-test-hivemq-platform] [hivemq-platform-operator] [68e05e19] 21:23:01.467 [ReconcilerExecutor-hivemq-controller-110] DEBUG c.h.p.o.h.HiveMQPlatformReconcilerErrorHandler - [helmvolu] Pod 'test-hivemq-platform-2' phase Running
2025-01-28 21:23:01,470 INFO c.h.h.t.HelmChartContainer - [hivemq-test-hivemq-platform] [hivemq-platform-operator] [68e05e19] 21:23:01.468 [ReconcilerExecutor-hivemq-controller-110] DEBUG c.h.p.o.h.HiveMQPlatformReconcilerErrorHandler - [helmvolu] Pod 'test-hivemq-platform-1' phase Running
2025-01-28 21:23:01,471 INFO c.h.h.t.HelmChartContainer - [hivemq-test-hivemq-platform] [hivemq-platform-operator] [68e05e19] 21:23:01.470 [ReconcilerExecutor-hivemq-controller-110] DEBUG c.h.p.o.h.HiveMQPlatformReconcilerErrorHandler - [helmvolu] Pod 'test-hivemq-platform-0' phase Failed
2025-01-28 21:23:01,471 INFO c.h.h.t.HelmChartContainer - [hivemq-test-hivemq-platform] [hivemq-platform-operator] [68e05e19] 21:23:01.470 [ReconcilerExecutor-hivemq-controller-110] DEBUG c.h.p.o.h.HiveMQPlatformReconcilerErrorHandler - [helmvolu] Pod 'test-hivemq-platform-0' condition 'PodReadyToStartContainers': False
2025-01-28 21:23:01,471 INFO c.h.h.t.HelmChartContainer - [hivemq-test-hivemq-platform] [hivemq-platform-operator] [68e05e19] 21:23:01.470 [ReconcilerExecutor-hivemq-controller-110] DEBUG c.h.p.o.h.HiveMQPlatformReconcilerErrorHandler - [helmvolu] Pod 'test-hivemq-platform-0' condition 'Initialized': True
2025-01-28 21:23:01,471 INFO c.h.h.t.HelmChartContainer - [hivemq-test-hivemq-platform] [hivemq-platform-operator] [68e05e19] 21:23:01.470 [ReconcilerExecutor-hivemq-controller-110] DEBUG c.h.p.o.h.HiveMQPlatformReconcilerErrorHandler - [helmvolu] Pod 'test-hivemq-platform-0' condition 'Ready': False
2025-01-28 21:23:01,471 INFO c.h.h.t.HelmChartContainer - [hivemq-test-hivemq-platform] [hivemq-platform-operator] [68e05e19] 21:23:01.470 [ReconcilerExecutor-hivemq-controller-110] DEBUG c.h.p.o.h.HiveMQPlatformReconcilerErrorHandler - [helmvolu] Pod 'test-hivemq-platform-0' condition 'ContainersReady': False
2025-01-28 21:23:01,471 INFO c.h.h.t.HelmChartContainer - [hivemq-test-hivemq-platform] [hivemq-platform-operator] [68e05e19] 21:23:01.470 [ReconcilerExecutor-hivemq-controller-110] DEBUG c.h.p.o.h.HiveMQPlatformReconcilerErrorHandler - [helmvolu] Pod 'test-hivemq-platform-0' condition 'PodScheduled': True
2025-01-28 21:23:01,471 INFO c.h.h.t.HelmChartContainer - [hivemq-test-hivemq-platform] [hivemq-platform-operator] [68e05e19] 21:23:01.470 [ReconcilerExecutor-hivemq-controller-110] DEBUG c.h.p.o.h.HiveMQPlatformReconcilerErrorHandler - [helmvolu] Pod 'test-hivemq-platform-0' containerStatus 'hivemq' (started: false) (ready: false) (waiting: [Unknown] no message)
2025-01-28 21:23:01,474 INFO c.h.h.t.HelmChartContainer - [hivemq-test-hivemq-platform] [hivemq-platform-operator] [68e05e19] 21:23:01.471 [ReconcilerExecutor-hivemq-controller-110] DEBUG c.h.p.o.h.HiveMQPlatformReconcilerRollingRestartHandler - [helmvolu] Rolling restart is waiting for 2 of 3 replicas
2025-01-28 21:23:01,475 INFO c.h.h.t.HelmChartContainer - [hivemq-test-hivemq-platform] [hivemq-platform-operator] [68e05e19] 21:23:01.474 [pool-6-thread-35] DEBUG c.h.p.o.d.PlatformServiceResource - [helmvolu] Desired Platform services (3 services)
2025-01-28 21:23:01,477 INFO c.h.h.t.HelmChartContainer - [hivemq-test-hivemq-platform] [hivemq-platform-operator] [68e05e19] 21:23:01.476 [pool-6-thread-37] DEBUG c.h.p.o.d.PodServiceAccountResource - [helmvolu] Desired PodServiceAccountResource (serviceAccountName: hivemq-platform-pod-test-hivemq-platform)
2025-01-28 21:23:01,478 INFO c.h.h.t.HelmChartContainer - [hivemq-test-hivemq-platform] [hivemq-platform-operator] [68e05e19] 21:23:01.475 [pool-6-thread-36] DEBUG c.h.p.o.dependants.PodInfoConfigMap - [helmvolu] Desired PodInfo ConfigMap (1 extensions) (1 enabled)
2025-01-28 21:23:01,478 INFO c.h.h.t.HelmChartContainer - [hivemq-test-hivemq-platform] [hivemq-platform-operator] [68e05e19] 21:23:01.477 [pool-6-thread-36] DEBUG c.h.p.o.dependants.PodInfoConfigMap - [helmvolu] Desired PodInfo ConfigMap (metrics port: 9399) (metrics path: /)
2025-01-28 21:23:01,478 INFO c.h.h.t.HelmChartContainer - [hivemq-test-hivemq-platform] [hivemq-platform-operator] [68e05e19] 21:23:01.477 [pool-6-thread-36] DEBUG c.h.p.o.dependants.PodInfoConfigMap - [helmvolu] Desired PodInfo ConfigMap (extension state hash: -1817474005)
2025-01-28 21:23:01,535 INFO c.h.h.t.HelmChartContainer - [hivemq-test-hivemq-platform] [hivemq-platform-operator] [68e05e19] 21:23:01.534 [pool-6-thread-35] DEBUG c.h.p.o.d.StatefulSetResource - [helmvolu] Desired StatefulSet (3 replicas) for status ROLLING_RESTART (RESTART_PODS_IN_PROGRESS)
2025-01-28 21:23:01,537 INFO c.h.h.t.HelmChartContainer - [hivemq-test-hivemq-platform] [hivemq-platform-operator] [68e05e19] 21:23:01.537 [ReconcilerExecutor-hivemq-controller-110] INFO  c.h.p.o.HiveMQPlatformReconciler - [helmvolu] Reconciling HiveMQ Platform 'test-hivemq-platform' in namespace 'helmvolumeclaimtemplatesit'
2025-01-28 21:23:01,538 INFO c.h.h.t.HelmChartContainer - [hivemq-test-hivemq-platform] [hivemq-platform-operator] [68e05e19] 21:23:01.537 [ReconcilerExecutor-hivemq-controller-110] DEBUG c.h.p.o.HiveMQPlatformReconciler - [helmvolu] Custom Resource Status ROLLING_RESTART - HiveMQ Platform is restarting Pods (rolling restart) (RESTART_PODS_IN_PROGRESS)
2025-01-28 21:23:01,538 INFO c.h.h.t.HelmChartContainer - [hivemq-test-hivemq-platform] [hivemq-platform-operator] [68e05e19] 21:23:01.537 [ReconcilerExecutor-hivemq-controller-110] DEBUG c.h.p.o.HiveMQPlatformReconciler - [helmvolu] Custom Resource Spec (replicas: 2) (extensions: 1)
2025-01-28 21:23:01,539 INFO c.h.h.t.HelmChartContainer - [hivemq-test-hivemq-platform] [hivemq-platform-operator] [68e05e19] 21:23:01.538 [ReconcilerExecutor-hivemq-controller-110] DEBUG c.h.p.o.HiveMQPlatformReconciler - [helmvolu] StatefulSet Status (revision: test-hivemq-platform-59475f86c9, replicas: 3, available: 2, ready: 2, current: 0, updated: 2)
2025-01-28 21:23:01,539 INFO c.h.h.t.HelmChartContainer - [hivemq-test-hivemq-platform] [hivemq-platform-operator] [68e05e19] 21:23:01.538 [ReconcilerExecutor-hivemq-controller-110] DEBUG c.h.p.o.HiveMQPlatformReconciler - [helmvolu] StatefulSet Spec (replicas: 3, init containers: 1, containers: 1, volumes: 4)
2025-01-28 21:23:01,541 INFO c.h.h.t.HelmChartContainer - [hivemq-test-hivemq-platform] [hivemq-platform-operator] [68e05e19] 21:23:01.540 [ReconcilerExecutor-hivemq-controller-110] DEBUG c.h.p.o.h.HiveMQPlatformReconcilerErrorHandler - [helmvolu] Pod 'test-hivemq-platform-2' phase Running
2025-01-28 21:23:01,541 INFO c.h.h.t.HelmChartContainer - [hivemq-test-hivemq-platform] [hivemq-platform-operator] [68e05e19] 21:23:01.540 [ReconcilerExecutor-hivemq-controller-110] DEBUG c.h.p.o.h.HiveMQPlatformReconcilerErrorHandler - [helmvolu] Pod 'test-hivemq-platform-1' phase Running
2025-01-28 21:23:01,542 INFO c.h.h.t.HelmChartContainer - [hivemq-test-hivemq-platform] [hivemq-platform-operator] [68e05e19] 21:23:01.541 [ReconcilerExecutor-hivemq-controller-110] DEBUG c.h.p.o.h.HiveMQPlatformReconcilerErrorHandler - [helmvolu] Pod 'test-hivemq-platform-0' phase Failed
2025-01-28 21:23:01,543 INFO c.h.h.t.HelmChartContainer - [hivemq-test-hivemq-platform] [hivemq-platform-operator] [68e05e19] 21:23:01.541 [ReconcilerExecutor-hivemq-controller-110] DEBUG c.h.p.o.h.HiveMQPlatformReconcilerErrorHandler - [helmvolu] Pod 'test-hivemq-platform-0' condition 'PodReadyToStartContainers': False
2025-01-28 21:23:01,543 INFO c.h.h.t.HelmChartContainer - [hivemq-test-hivemq-platform] [hivemq-platform-operator] [68e05e19] 21:23:01.541 [ReconcilerExecutor-hivemq-controller-110] DEBUG c.h.p.o.h.HiveMQPlatformReconcilerErrorHandler - [helmvolu] Pod 'test-hivemq-platform-0' condition 'Initialized': True
2025-01-28 21:23:01,543 INFO c.h.h.t.HelmChartContainer - [hivemq-test-hivemq-platform] [hivemq-platform-operator] [68e05e19] 21:23:01.541 [ReconcilerExecutor-hivemq-controller-110] DEBUG c.h.p.o.h.HiveMQPlatformReconcilerErrorHandler - [helmvolu] Pod 'test-hivemq-platform-0' condition 'Ready': False
2025-01-28 21:23:01,543 INFO c.h.h.t.HelmChartContainer - [hivemq-test-hivemq-platform] [hivemq-platform-operator] [68e05e19] 21:23:01.541 [ReconcilerExecutor-hivemq-controller-110] DEBUG c.h.p.o.h.HiveMQPlatformReconcilerErrorHandler - [helmvolu] Pod 'test-hivemq-platform-0' condition 'ContainersReady': False
2025-01-28 21:23:01,543 INFO c.h.h.t.HelmChartContainer - [hivemq-test-hivemq-platform] [hivemq-platform-operator] [68e05e19] 21:23:01.541 [ReconcilerExecutor-hivemq-controller-110] DEBUG c.h.p.o.h.HiveMQPlatformReconcilerErrorHandler - [helmvolu] Pod 'test-hivemq-platform-0' condition 'PodScheduled': True
2025-01-28 21:23:01,543 INFO c.h.h.t.HelmChartContainer - [hivemq-test-hivemq-platform] [hivemq-platform-operator] [68e05e19] 21:23:01.541 [ReconcilerExecutor-hivemq-controller-110] DEBUG c.h.p.o.h.HiveMQPlatformReconcilerErrorHandler - [helmvolu] Pod 'test-hivemq-platform-0' containerStatus 'hivemq' (started: false) (ready: false) (waiting: [Unknown] no message)
2025-01-28 21:23:01,543 INFO c.h.h.t.HelmChartContainer - [hivemq-test-hivemq-platform] [hivemq-platform-operator] [68e05e19] 21:23:01.542 [ReconcilerExecutor-hivemq-controller-110] DEBUG c.h.p.o.h.HiveMQPlatformReconcilerRollingRestartHandler - [helmvolu] Rolling restart is waiting for 2 of 3 replicas
2025-01-28 21:23:01,571 INFO c.h.h.t.HelmChartContainer - [K3S] [reconciler_common.go:162] "operationExecutor.UnmountVolume started for volume \"operator-init\" (UniqueName: \"kubernetes.io/empty-dir/66608005-1f58-43bd-8a1d-83451b819e1f-operator-init\") pod \"66608005-1f58-43bd-8a1d-83451b819e1f\" (UID: \"66608005-1f58-43bd-8a1d-83451b819e1f\") "
2025-01-28 21:23:01,571 INFO c.h.h.t.HelmChartContainer - [K3S] [reconciler_common.go:162] "operationExecutor.UnmountVolume started for volume \"hivemq-pvc-data\" (UniqueName: \"kubernetes.io/local-volume/pvc-3c2aee7a-b868-4b66-94c5-fa09d47aae82\") pod \"66608005-1f58-43bd-8a1d-83451b819e1f\" (UID: \"66608005-1f58-43bd-8a1d-83451b819e1f\") "
2025-01-28 21:23:01,571 INFO c.h.h.t.HelmChartContainer - [K3S] [reconciler_common.go:162] "operationExecutor.UnmountVolume started for volume \"pod-info\" (UniqueName: \"kubernetes.io/configmap/66608005-1f58-43bd-8a1d-83451b819e1f-pod-info\") pod \"66608005-1f58-43bd-8a1d-83451b819e1f\" (UID: \"66608005-1f58-43bd-8a1d-83451b819e1f\") "
2025-01-28 21:23:01,571 INFO c.h.h.t.HelmChartContainer - [K3S] [reconciler_common.go:162] "operationExecutor.UnmountVolume started for volume \"kube-api-access-l4r67\" (UniqueName: \"kubernetes.io/projected/66608005-1f58-43bd-8a1d-83451b819e1f-kube-api-access-l4r67\") pod \"66608005-1f58-43bd-8a1d-83451b819e1f\" (UID: \"66608005-1f58-43bd-8a1d-83451b819e1f\") "
2025-01-28 21:23:01,571 INFO c.h.h.t.HelmChartContainer - [K3S] [reconciler_common.go:162] "operationExecutor.UnmountVolume started for volume \"broker-configuration\" (UniqueName: \"kubernetes.io/configmap/66608005-1f58-43bd-8a1d-83451b819e1f-broker-configuration\") pod \"66608005-1f58-43bd-8a1d-83451b819e1f\" (UID: \"66608005-1f58-43bd-8a1d-83451b819e1f\") "
2025-01-28 21:23:01,671 INFO c.h.h.t.HelmChartContainer - [K3S] [reconciler_common.go:299] "Volume detached for volume \"pod-info\" (UniqueName: \"kubernetes.io/configmap/66608005-1f58-43bd-8a1d-83451b819e1f-pod-info\") on node \"579ae00a3440\" DevicePath \"\""
2025-01-28 21:23:01,671 INFO c.h.h.t.HelmChartContainer - [K3S] [reconciler_common.go:299] "Volume detached for volume \"kube-api-access-l4r67\" (UniqueName: \"kubernetes.io/projected/66608005-1f58-43bd-8a1d-83451b819e1f-kube-api-access-l4r67\") on node \"579ae00a3440\" DevicePath \"\""
2025-01-28 21:23:01,671 INFO c.h.h.t.HelmChartContainer - [K3S] [reconciler_common.go:299] "Volume detached for volume \"broker-configuration\" (UniqueName: \"kubernetes.io/configmap/66608005-1f58-43bd-8a1d-83451b819e1f-broker-configuration\") on node \"579ae00a3440\" DevicePath \"\""
2025-01-28 21:23:01,671 INFO c.h.h.t.HelmChartContainer - [K3S] [reconciler_common.go:299] "Volume detached for volume \"operator-init\" (UniqueName: \"kubernetes.io/empty-dir/66608005-1f58-43bd-8a1d-83451b819e1f-operator-init\") on node \"579ae00a3440\" DevicePath \"\""
2025-01-28 21:23:01,671 INFO c.h.h.t.HelmChartContainer - [K3S] [reconciler_common.go:292] "operationExecutor.UnmountDevice started for volume \"pvc-3c2aee7a-b868-4b66-94c5-fa09d47aae82\" (UniqueName: \"kubernetes.io/local-volume/pvc-3c2aee7a-b868-4b66-94c5-fa09d47aae82\") on node \"579ae00a3440\" "
2025-01-28 21:23:01,771 INFO c.h.h.t.HelmChartContainer - [K3S] [reconciler_common.go:299] "Volume detached for volume \"pvc-3c2aee7a-b868-4b66-94c5-fa09d47aae82\" (UniqueName: \"kubernetes.io/local-volume/pvc-3c2aee7a-b868-4b66-94c5-fa09d47aae82\") on node \"579ae00a3440\" DevicePath \"\""
2025-01-28 21:23:02,042 INFO c.h.h.t.HelmChartContainer - [K3S] [scope.go:117] "RemoveContainer" containerID="370a9d5b42d2923208da1584256b8550d683af524add115d7f4c4cc1f3d073ee"
2025-01-28 21:23:02,045 INFO c.h.h.t.HelmChartContainer - [K3S] [scope.go:117] "RemoveContainer" containerID="c36461d285ee79d3751f586672d770150aa6820522faa733d605f659f459d3bc"
2025-01-28 21:23:02,049 INFO c.h.h.t.HelmChartContainer - [K3S] [scope.go:117] "RemoveContainer" containerID="370a9d5b42d2923208da1584256b8550d683af524add115d7f4c4cc1f3d073ee"
2025-01-28 21:23:02,049 INFO c.h.h.t.HelmChartContainer - [K3S] [scope.go:117] "RemoveContainer" containerID="c36461d285ee79d3751f586672d770150aa6820522faa733d605f659f459d3bc"
2025-01-28 21:23:02,060 INFO c.h.h.t.HelmChartContainer - [POD] test-hivemq-platform-0 [66608005-1f58-43bd-8a1d-83451b819e1f] in helmvolumeclaimtemplatesit was MODIFIED
2025-01-28 21:23:02,062 INFO c.h.h.t.HelmChartContainer - [POD] test-hivemq-platform-0 [66608005-1f58-43bd-8a1d-83451b819e1f] in helmvolumeclaimtemplatesit was DELETED
2025-01-28 21:23:02,069 INFO c.h.h.t.HelmChartContainer - [hivemq-test-hivemq-platform] [hivemq-platform-operator] [68e05e19] 21:23:02.063 [pool-6-thread-44] DEBUG c.h.p.o.d.PlatformServiceResource - [helmvolu] Desired Platform services (3 services)
2025-01-28 21:23:02,069 INFO c.h.h.t.HelmChartContainer - [hivemq-test-hivemq-platform] [hivemq-platform-operator] [68e05e19] 21:23:02.064 [pool-6-thread-50] DEBUG c.h.p.o.dependants.PodInfoConfigMap - [helmvolu] Desired PodInfo ConfigMap (1 extensions) (1 enabled)
2025-01-28 21:23:02,069 INFO c.h.h.t.HelmChartContainer - [hivemq-test-hivemq-platform] [hivemq-platform-operator] [68e05e19] 21:23:02.066 [pool-6-thread-50] DEBUG c.h.p.o.dependants.PodInfoConfigMap - [helmvolu] Desired PodInfo ConfigMap (metrics port: 9399) (metrics path: /)
2025-01-28 21:23:02,069 INFO c.h.h.t.HelmChartContainer - [hivemq-test-hivemq-platform] [hivemq-platform-operator] [68e05e19] 21:23:02.066 [pool-6-thread-50] DEBUG c.h.p.o.dependants.PodInfoConfigMap - [helmvolu] Desired PodInfo ConfigMap (extension state hash: -1817474005)
2025-01-28 21:23:02,072 INFO c.h.h.t.HelmChartContainer - [hivemq-test-hivemq-platform] [hivemq-platform-operator] [68e05e19] 21:23:02.065 [pool-6-thread-41] DEBUG c.h.p.o.d.PodServiceAccountResource - [helmvolu] Desired PodServiceAccountResource (serviceAccountName: hivemq-platform-pod-test-hivemq-platform)
2025-01-28 21:23:02,075 INFO c.h.h.t.HelmChartContainer - [hivemq-test-hivemq-platform] [hivemq-platform-operator] [68e05e19] 21:23:02.074 [pool-6-thread-44] DEBUG c.h.p.o.d.StatefulSetResource - [helmvolu] Desired StatefulSet (3 replicas) for status ROLLING_RESTART (RESTART_PODS_IN_PROGRESS)
2025-01-28 21:23:02,083 INFO c.h.h.t.HelmChartContainer - [POD] test-hivemq-platform-0 [666d8810-fb8c-4db6-95d0-778d6e2ebc36] in helmvolumeclaimtemplatesit was ADDED
2025-01-28 21:23:02,088 INFO c.h.h.t.HelmChartContainer - [hivemq-test-hivemq-platform] [hivemq-platform-operator] [68e05e19] 21:23:02.079 [ReconcilerExecutor-hivemq-controller-112] INFO  c.h.p.o.HiveMQPlatformReconciler - [helmvolu] Reconciling HiveMQ Platform 'test-hivemq-platform' in namespace 'helmvolumeclaimtemplatesit'
2025-01-28 21:23:02,088 INFO c.h.h.t.HelmChartContainer - [hivemq-test-hivemq-platform] [hivemq-platform-operator] [68e05e19] 21:23:02.079 [ReconcilerExecutor-hivemq-controller-112] DEBUG c.h.p.o.HiveMQPlatformReconciler - [helmvolu] Custom Resource Status ROLLING_RESTART - HiveMQ Platform is restarting Pods (rolling restart) (RESTART_PODS_IN_PROGRESS)
2025-01-28 21:23:02,088 INFO c.h.h.t.HelmChartContainer - [hivemq-test-hivemq-platform] [hivemq-platform-operator] [68e05e19] 21:23:02.079 [ReconcilerExecutor-hivemq-controller-112] DEBUG c.h.p.o.HiveMQPlatformReconciler - [helmvolu] Custom Resource Spec (replicas: 2) (extensions: 1)
2025-01-28 21:23:02,091 INFO c.h.h.t.HelmChartContainer - [hivemq-test-hivemq-platform] [hivemq-platform-operator] [68e05e19] 21:23:02.084 [ReconcilerExecutor-hivemq-controller-112] DEBUG c.h.p.o.HiveMQPlatformReconciler - [helmvolu] StatefulSet Status (revision: test-hivemq-platform-59475f86c9, replicas: 3, available: 2, ready: 2, current: 0, updated: 2)
2025-01-28 21:23:02,092 INFO c.h.h.t.HelmChartContainer - [hivemq-test-hivemq-platform] [hivemq-platform-operator] [68e05e19] 21:23:02.084 [ReconcilerExecutor-hivemq-controller-112] DEBUG c.h.p.o.HiveMQPlatformReconciler - [helmvolu] StatefulSet Spec (replicas: 3, init containers: 1, containers: 1, volumes: 4)
2025-01-28 21:23:02,092 INFO c.h.h.t.HelmChartContainer - [hivemq-test-hivemq-platform] [hivemq-platform-operator] [68e05e19] 21:23:02.086 [ReconcilerExecutor-hivemq-controller-112] DEBUG c.h.p.o.h.HiveMQPlatformReconcilerErrorHandler - [helmvolu] Pod 'test-hivemq-platform-2' phase Running
2025-01-28 21:23:02,092 INFO c.h.h.t.HelmChartContainer - [hivemq-test-hivemq-platform] [hivemq-platform-operator] [68e05e19] 21:23:02.087 [ReconcilerExecutor-hivemq-controller-112] DEBUG c.h.p.o.h.HiveMQPlatformReconcilerErrorHandler - [helmvolu] Pod 'test-hivemq-platform-1' phase Running
2025-01-28 21:23:02,095 INFO c.h.h.t.HelmChartContainer - [K3S] [memory_manager.go:355] "RemoveStaleState removing state" podUID="66608005-1f58-43bd-8a1d-83451b819e1f" containerName="hivemq"
2025-01-28 21:23:02,096 INFO c.h.h.t.HelmChartContainer - [POD] test-hivemq-platform-0 [666d8810-fb8c-4db6-95d0-778d6e2ebc36] in helmvolumeclaimtemplatesit was MODIFIED
2025-01-28 21:23:02,099 INFO c.h.h.t.HelmChartContainer - [EVENT] Normal [SuccessfulCreate] create Pod test-hivemq-platform-0 in StatefulSet test-hivemq-platform successful [helmvolumeclaimtemplatesit:test-hivemq-platform]
2025-01-28 21:23:02,100 INFO c.h.h.t.HelmChartContainer - [EVENT] Normal [Scheduled] Successfully assigned helmvolumeclaimtemplatesit/test-hivemq-platform-0 to 579ae00a3440 [helmvolumeclaimtemplatesit:test-hivemq-platform-0]
2025-01-28 21:23:02,107 INFO c.h.h.t.HelmChartContainer - [POD] test-hivemq-platform-0 [666d8810-fb8c-4db6-95d0-778d6e2ebc36] in helmvolumeclaimtemplatesit was MODIFIED
2025-01-28 21:23:02,136 INFO c.h.h.t.HelmChartContainer - [hivemq-test-hivemq-platform] [hivemq-platform-operator] [68e05e19] 21:23:02.133 [ReconcilerExecutor-hivemq-controller-112] DEBUG c.h.p.o.h.HiveMQPlatformReconcilerErrorHandler - [helmvolu] Pod 'test-hivemq-platform-0' phase Pending
2025-01-28 21:23:02,137 INFO c.h.h.t.HelmChartContainer - [hivemq-test-hivemq-platform] [hivemq-platform-operator] [68e05e19] 21:23:02.134 [ReconcilerExecutor-hivemq-controller-112] DEBUG c.h.p.o.h.HiveMQPlatformReconcilerRollingRestartHandler - [helmvolu] Rolling restart is waiting for 2 of 3 replicas
2025-01-28 21:23:02,140 INFO c.h.h.t.HelmChartContainer - [hivemq-test-hivemq-platform] [hivemq-platform-operator] [68e05e19] 21:23:02.137 [pool-6-thread-1] DEBUG c.h.p.o.d.PlatformServiceResource - [helmvolu] Desired Platform services (3 services)
2025-01-28 21:23:02,141 INFO c.h.h.t.HelmChartContainer - [hivemq-test-hivemq-platform] [hivemq-platform-operator] [68e05e19] 21:23:02.138 [pool-6-thread-6] DEBUG c.h.p.o.dependants.PodInfoConfigMap - [helmvolu] Desired PodInfo ConfigMap (1 extensions) (1 enabled)
2025-01-28 21:23:02,141 INFO c.h.h.t.HelmChartContainer - [hivemq-test-hivemq-platform] [hivemq-platform-operator] [68e05e19] 21:23:02.138 [pool-6-thread-6] DEBUG c.h.p.o.dependants.PodInfoConfigMap - [helmvolu] Desired PodInfo ConfigMap (metrics port: 9399) (metrics path: /)
2025-01-28 21:23:02,141 INFO c.h.h.t.HelmChartContainer - [hivemq-test-hivemq-platform] [hivemq-platform-operator] [68e05e19] 21:23:02.138 [pool-6-thread-6] DEBUG c.h.p.o.dependants.PodInfoConfigMap - [helmvolu] Desired PodInfo ConfigMap (extension state hash: -1817474005)
2025-01-28 21:23:02,143 INFO c.h.h.t.HelmChartContainer - [hivemq-test-hivemq-platform] [hivemq-platform-operator] [68e05e19] 21:23:02.139 [pool-6-thread-3] DEBUG c.h.p.o.d.PodServiceAccountResource - [helmvolu] Desired PodServiceAccountResource (serviceAccountName: hivemq-platform-pod-test-hivemq-platform)
2025-01-28 21:23:02,145 INFO c.h.h.t.HelmChartContainer - [hivemq-test-hivemq-platform] [hivemq-platform-operator] [68e05e19] 21:23:02.144 [pool-6-thread-1] DEBUG c.h.p.o.d.StatefulSetResource - [helmvolu] Desired StatefulSet (3 replicas) for status ROLLING_RESTART (RESTART_PODS_IN_PROGRESS)
2025-01-28 21:23:02,147 INFO c.h.h.t.HelmChartContainer - [hivemq-test-hivemq-platform] [hivemq-platform-operator] [68e05e19] 21:23:02.146 [ReconcilerExecutor-hivemq-controller-112] INFO  c.h.p.o.HiveMQPlatformReconciler - [helmvolu] Reconciling HiveMQ Platform 'test-hivemq-platform' in namespace 'helmvolumeclaimtemplatesit'
2025-01-28 21:23:02,147 INFO c.h.h.t.HelmChartContainer - [hivemq-test-hivemq-platform] [hivemq-platform-operator] [68e05e19] 21:23:02.146 [ReconcilerExecutor-hivemq-controller-112] DEBUG c.h.p.o.HiveMQPlatformReconciler - [helmvolu] Custom Resource Status ROLLING_RESTART - HiveMQ Platform is restarting Pods (rolling restart) (RESTART_PODS_IN_PROGRESS)
2025-01-28 21:23:02,147 INFO c.h.h.t.HelmChartContainer - [hivemq-test-hivemq-platform] [hivemq-platform-operator] [68e05e19] 21:23:02.146 [ReconcilerExecutor-hivemq-controller-112] DEBUG c.h.p.o.HiveMQPlatformReconciler - [helmvolu] Custom Resource Spec (replicas: 2) (extensions: 1)
2025-01-28 21:23:02,148 INFO c.h.h.t.HelmChartContainer - [hivemq-test-hivemq-platform] [hivemq-platform-operator] [68e05e19] 21:23:02.147 [ReconcilerExecutor-hivemq-controller-112] DEBUG c.h.p.o.HiveMQPlatformReconciler - [helmvolu] StatefulSet Status (revision: test-hivemq-platform-59475f86c9, replicas: 3, available: 2, ready: 2, current: 0, updated: 3)
2025-01-28 21:23:02,148 INFO c.h.h.t.HelmChartContainer - [hivemq-test-hivemq-platform] [hivemq-platform-operator] [68e05e19] 21:23:02.147 [ReconcilerExecutor-hivemq-controller-112] DEBUG c.h.p.o.HiveMQPlatformReconciler - [helmvolu] StatefulSet Spec (replicas: 3, init containers: 1, containers: 1, volumes: 4)
2025-01-28 21:23:02,151 INFO c.h.h.t.HelmChartContainer - [hivemq-test-hivemq-platform] [hivemq-platform-operator] [68e05e19] 21:23:02.148 [ReconcilerExecutor-hivemq-controller-112] DEBUG c.h.p.o.h.HiveMQPlatformReconcilerErrorHandler - [helmvolu] Pod 'test-hivemq-platform-2' phase Running
2025-01-28 21:23:02,151 INFO c.h.h.t.HelmChartContainer - [hivemq-test-hivemq-platform] [hivemq-platform-operator] [68e05e19] 21:23:02.151 [ReconcilerExecutor-hivemq-controller-112] DEBUG c.h.p.o.h.HiveMQPlatformReconcilerErrorHandler - [helmvolu] Pod 'test-hivemq-platform-1' phase Running
2025-01-28 21:23:02,153 INFO c.h.h.t.HelmChartContainer - [hivemq-test-hivemq-platform] [hivemq-platform-operator] [68e05e19] 21:23:02.152 [ReconcilerExecutor-hivemq-controller-112] DEBUG c.h.p.o.h.HiveMQPlatformReconcilerErrorHandler - [helmvolu] Pod 'test-hivemq-platform-0' phase Pending
2025-01-28 21:23:02,232 INFO c.h.h.t.HelmChartContainer - [hivemq-test-hivemq-platform] [hivemq-platform-operator] [68e05e19] 21:23:02.231 [ReconcilerExecutor-hivemq-controller-112] DEBUG c.h.p.o.h.HiveMQPlatformReconcilerErrorHandler - [helmvolu] Pod 'test-hivemq-platform-0' condition 'PodReadyToStartContainers': False
2025-01-28 21:23:02,232 INFO c.h.h.t.HelmChartContainer - [hivemq-test-hivemq-platform] [hivemq-platform-operator] [68e05e19] 21:23:02.231 [ReconcilerExecutor-hivemq-controller-112] DEBUG c.h.p.o.h.HiveMQPlatformReconcilerErrorHandler - [helmvolu] Pod 'test-hivemq-platform-0' condition 'Initialized': False
2025-01-28 21:23:02,233 INFO c.h.h.t.HelmChartContainer - [hivemq-test-hivemq-platform] [hivemq-platform-operator] [68e05e19] 21:23:02.231 [ReconcilerExecutor-hivemq-controller-112] DEBUG c.h.p.o.h.HiveMQPlatformReconcilerErrorHandler - [helmvolu] Pod 'test-hivemq-platform-0' condition 'Ready': False
2025-01-28 21:23:02,233 INFO c.h.h.t.HelmChartContainer - [hivemq-test-hivemq-platform] [hivemq-platform-operator] [68e05e19] 21:23:02.231 [ReconcilerExecutor-hivemq-controller-112] DEBUG c.h.p.o.h.HiveMQPlatformReconcilerErrorHandler - [helmvolu] Pod 'test-hivemq-platform-0' condition 'ContainersReady': False
2025-01-28 21:23:02,233 INFO c.h.h.t.HelmChartContainer - [hivemq-test-hivemq-platform] [hivemq-platform-operator] [68e05e19] 21:23:02.231 [ReconcilerExecutor-hivemq-controller-112] DEBUG c.h.p.o.h.HiveMQPlatformReconcilerErrorHandler - [helmvolu] Pod 'test-hivemq-platform-0' condition 'PodScheduled': True
2025-01-28 21:23:02,233 INFO c.h.h.t.HelmChartContainer - [hivemq-test-hivemq-platform] [hivemq-platform-operator] [68e05e19] 21:23:02.231 [ReconcilerExecutor-hivemq-controller-112] DEBUG c.h.p.o.h.HiveMQPlatformReconcilerErrorHandler - [helmvolu] Pod 'test-hivemq-platform-0' containerStatus 'hivemq' (started: false) (ready: false) (waiting: [PodInitializing] null)
2025-01-28 21:23:02,233 INFO c.h.h.t.HelmChartContainer - [hivemq-test-hivemq-platform] [hivemq-platform-operator] [68e05e19] 21:23:02.232 [ReconcilerExecutor-hivemq-controller-112] DEBUG c.h.p.o.h.HiveMQPlatformReconcilerRollingRestartHandler - [helmvolu] Rolling restart is waiting for 2 of 3 replicas
2025-01-28 21:23:02,238 INFO c.h.h.t.HelmChartContainer - [hivemq-test-hivemq-platform] [hivemq-platform-operator] [68e05e19] 21:23:02.235 [pool-6-thread-16] DEBUG c.h.p.o.d.PlatformServiceResource - [helmvolu] Desired Platform services (3 services)
2025-01-28 21:23:02,238 INFO c.h.h.t.HelmChartContainer - [hivemq-test-hivemq-platform] [hivemq-platform-operator] [68e05e19] 21:23:02.236 [pool-6-thread-18] DEBUG c.h.p.o.d.PodServiceAccountResource - [helmvolu] Desired PodServiceAccountResource (serviceAccountName: hivemq-platform-pod-test-hivemq-platform)
2025-01-28 21:23:02,239 INFO c.h.h.t.HelmChartContainer - [hivemq-test-hivemq-platform] [hivemq-platform-operator] [68e05e19] 21:23:02.237 [pool-6-thread-13] DEBUG c.h.p.o.dependants.PodInfoConfigMap - [helmvolu] Desired PodInfo ConfigMap (1 extensions) (1 enabled)
2025-01-28 21:23:02,239 INFO c.h.h.t.HelmChartContainer - [hivemq-test-hivemq-platform] [hivemq-platform-operator] [68e05e19] 21:23:02.237 [pool-6-thread-13] DEBUG c.h.p.o.dependants.PodInfoConfigMap - [helmvolu] Desired PodInfo ConfigMap (metrics port: 9399) (metrics path: /)
2025-01-28 21:23:02,239 INFO c.h.h.t.HelmChartContainer - [hivemq-test-hivemq-platform] [hivemq-platform-operator] [68e05e19] 21:23:02.237 [pool-6-thread-13] DEBUG c.h.p.o.dependants.PodInfoConfigMap - [helmvolu] Desired PodInfo ConfigMap (extension state hash: -1817474005)
2025-01-28 21:23:02,242 INFO c.h.h.t.HelmChartContainer - [hivemq-test-hivemq-platform] [hivemq-platform-operator] [68e05e19] 21:23:02.241 [pool-6-thread-16] DEBUG c.h.p.o.d.StatefulSetResource - [helmvolu] Desired StatefulSet (3 replicas) for status ROLLING_RESTART (RESTART_PODS_IN_PROGRESS)
2025-01-28 21:23:02,243 INFO c.h.h.t.HelmChartContainer - [hivemq-test-hivemq-platform] [hivemq-platform-operator] [68e05e19] 21:23:02.243 [ReconcilerExecutor-hivemq-controller-112] INFO  c.h.p.o.HiveMQPlatformReconciler - [helmvolu] Reconciling HiveMQ Platform 'test-hivemq-platform' in namespace 'helmvolumeclaimtemplatesit'
2025-01-28 21:23:02,244 INFO c.h.h.t.HelmChartContainer - [hivemq-test-hivemq-platform] [hivemq-platform-operator] [68e05e19] 21:23:02.243 [ReconcilerExecutor-hivemq-controller-112] DEBUG c.h.p.o.HiveMQPlatformReconciler - [helmvolu] Custom Resource Status ROLLING_RESTART - HiveMQ Platform is restarting Pods (rolling restart) (RESTART_PODS_IN_PROGRESS)
2025-01-28 21:23:02,244 INFO c.h.h.t.HelmChartContainer - [hivemq-test-hivemq-platform] [hivemq-platform-operator] [68e05e19] 21:23:02.243 [ReconcilerExecutor-hivemq-controller-112] DEBUG c.h.p.o.HiveMQPlatformReconciler - [helmvolu] Custom Resource Spec (replicas: 2) (extensions: 1)
2025-01-28 21:23:02,245 INFO c.h.h.t.HelmChartContainer - [hivemq-test-hivemq-platform] [hivemq-platform-operator] [68e05e19] 21:23:02.244 [ReconcilerExecutor-hivemq-controller-112] DEBUG c.h.p.o.HiveMQPlatformReconciler - [helmvolu] StatefulSet Status (revision: test-hivemq-platform-59475f86c9, replicas: 3, available: 2, ready: 2, current: 0, updated: 3)
2025-01-28 21:23:02,245 INFO c.h.h.t.HelmChartContainer - [hivemq-test-hivemq-platform] [hivemq-platform-operator] [68e05e19] 21:23:02.244 [ReconcilerExecutor-hivemq-controller-112] DEBUG c.h.p.o.HiveMQPlatformReconciler - [helmvolu] StatefulSet Spec (replicas: 3, init containers: 1, containers: 1, volumes: 4)
2025-01-28 21:23:02,246 INFO c.h.h.t.HelmChartContainer - [hivemq-test-hivemq-platform] [hivemq-platform-operator] [68e05e19] 21:23:02.245 [ReconcilerExecutor-hivemq-controller-112] DEBUG c.h.p.o.h.HiveMQPlatformReconcilerErrorHandler - [helmvolu] Pod 'test-hivemq-platform-2' phase Running
2025-01-28 21:23:02,247 INFO c.h.h.t.HelmChartContainer - [hivemq-test-hivemq-platform] [hivemq-platform-operator] [68e05e19] 21:23:02.246 [ReconcilerExecutor-hivemq-controller-112] DEBUG c.h.p.o.h.HiveMQPlatformReconcilerErrorHandler - [helmvolu] Pod 'test-hivemq-platform-1' phase Running
2025-01-28 21:23:02,248 INFO c.h.h.t.HelmChartContainer - [hivemq-test-hivemq-platform] [hivemq-platform-operator] [68e05e19] 21:23:02.247 [ReconcilerExecutor-hivemq-controller-112] DEBUG c.h.p.o.h.HiveMQPlatformReconcilerErrorHandler - [helmvolu] Pod 'test-hivemq-platform-0' phase Pending
2025-01-28 21:23:02,249 INFO c.h.h.t.HelmChartContainer - [hivemq-test-hivemq-platform] [hivemq-platform-operator] [68e05e19] 21:23:02.248 [ReconcilerExecutor-hivemq-controller-112] DEBUG c.h.p.o.h.HiveMQPlatformReconcilerErrorHandler - [helmvolu] Pod 'test-hivemq-platform-0' condition 'PodReadyToStartContainers': False
2025-01-28 21:23:02,250 INFO c.h.h.t.HelmChartContainer - [hivemq-test-hivemq-platform] [hivemq-platform-operator] [68e05e19] 21:23:02.248 [ReconcilerExecutor-hivemq-controller-112] DEBUG c.h.p.o.h.HiveMQPlatformReconcilerErrorHandler - [helmvolu] Pod 'test-hivemq-platform-0' condition 'Initialized': False
2025-01-28 21:23:02,250 INFO c.h.h.t.HelmChartContainer - [hivemq-test-hivemq-platform] [hivemq-platform-operator] [68e05e19] 21:23:02.248 [ReconcilerExecutor-hivemq-controller-112] DEBUG c.h.p.o.h.HiveMQPlatformReconcilerErrorHandler - [helmvolu] Pod 'test-hivemq-platform-0' condition 'Ready': False
2025-01-28 21:23:02,250 INFO c.h.h.t.HelmChartContainer - [hivemq-test-hivemq-platform] [hivemq-platform-operator] [68e05e19] 21:23:02.248 [ReconcilerExecutor-hivemq-controller-112] DEBUG c.h.p.o.h.HiveMQPlatformReconcilerErrorHandler - [helmvolu] Pod 'test-hivemq-platform-0' condition 'ContainersReady': False
2025-01-28 21:23:02,250 INFO c.h.h.t.HelmChartContainer - [hivemq-test-hivemq-platform] [hivemq-platform-operator] [68e05e19] 21:23:02.248 [ReconcilerExecutor-hivemq-controller-112] DEBUG c.h.p.o.h.HiveMQPlatformReconcilerErrorHandler - [helmvolu] Pod 'test-hivemq-platform-0' condition 'PodScheduled': True
2025-01-28 21:23:02,250 INFO c.h.h.t.HelmChartContainer - [hivemq-test-hivemq-platform] [hivemq-platform-operator] [68e05e19] 21:23:02.248 [ReconcilerExecutor-hivemq-controller-112] DEBUG c.h.p.o.h.HiveMQPlatformReconcilerErrorHandler - [helmvolu] Pod 'test-hivemq-platform-0' containerStatus 'hivemq' (started: false) (ready: false) (waiting: [PodInitializing] null)
2025-01-28 21:23:02,250 INFO c.h.h.t.HelmChartContainer - [hivemq-test-hivemq-platform] [hivemq-platform-operator] [68e05e19] 21:23:02.248 [ReconcilerExecutor-hivemq-controller-112] DEBUG c.h.p.o.h.HiveMQPlatformReconcilerRollingRestartHandler - [helmvolu] Rolling restart is waiting for 2 of 3 replicas
2025-01-28 21:23:02,274 INFO c.h.h.t.HelmChartContainer - [K3S] [reconciler_common.go:251] "operationExecutor.VerifyControllerAttachedVolume started for volume \"kube-api-access-gt4kc\" (UniqueName: \"kubernetes.io/projected/666d8810-fb8c-4db6-95d0-778d6e2ebc36-kube-api-access-gt4kc\") pod \"test-hivemq-platform-0\" (UID: \"666d8810-fb8c-4db6-95d0-778d6e2ebc36\") " pod="helmvolumeclaimtemplatesit/test-hivemq-platform-0"
2025-01-28 21:23:02,274 INFO c.h.h.t.HelmChartContainer - [K3S] [reconciler_common.go:251] "operationExecutor.VerifyControllerAttachedVolume started for volume \"broker-configuration\" (UniqueName: \"kubernetes.io/configmap/666d8810-fb8c-4db6-95d0-778d6e2ebc36-broker-configuration\") pod \"test-hivemq-platform-0\" (UID: \"666d8810-fb8c-4db6-95d0-778d6e2ebc36\") " pod="helmvolumeclaimtemplatesit/test-hivemq-platform-0"
2025-01-28 21:23:02,274 INFO c.h.h.t.HelmChartContainer - [K3S] [reconciler_common.go:251] "operationExecutor.VerifyControllerAttachedVolume started for volume \"operator-init\" (UniqueName: \"kubernetes.io/empty-dir/666d8810-fb8c-4db6-95d0-778d6e2ebc36-operator-init\") pod \"test-hivemq-platform-0\" (UID: \"666d8810-fb8c-4db6-95d0-778d6e2ebc36\") " pod="helmvolumeclaimtemplatesit/test-hivemq-platform-0"
2025-01-28 21:23:02,274 INFO c.h.h.t.HelmChartContainer - [K3S] [reconciler_common.go:251] "operationExecutor.VerifyControllerAttachedVolume started for volume \"pvc-3c2aee7a-b868-4b66-94c5-fa09d47aae82\" (UniqueName: \"kubernetes.io/local-volume/pvc-3c2aee7a-b868-4b66-94c5-fa09d47aae82\") pod \"test-hivemq-platform-0\" (UID: \"666d8810-fb8c-4db6-95d0-778d6e2ebc36\") " pod="helmvolumeclaimtemplatesit/test-hivemq-platform-0"
2025-01-28 21:23:02,275 INFO c.h.h.t.HelmChartContainer - [K3S] [reconciler_common.go:251] "operationExecutor.VerifyControllerAttachedVolume started for volume \"pod-info\" (UniqueName: \"kubernetes.io/configmap/666d8810-fb8c-4db6-95d0-778d6e2ebc36-pod-info\") pod \"test-hivemq-platform-0\" (UID: \"666d8810-fb8c-4db6-95d0-778d6e2ebc36\") " pod="helmvolumeclaimtemplatesit/test-hivemq-platform-0"
2025-01-28 21:23:02,489 INFO c.h.h.t.HelmChartContainer - [EVENT] Normal [Pulled] Container image "docker.io/hivemq/hivemq-platform-operator-init-test:snapshot" already present on machine [helmvolumeclaimtemplatesit:test-hivemq-platform-0]
2025-01-28 21:23:02,496 INFO c.h.h.t.HelmChartContainer - [EVENT] Normal [Created] Created container: hivemq-platform-operator-init [helmvolumeclaimtemplatesit:test-hivemq-platform-0]
2025-01-28 21:23:02,538 INFO c.h.h.t.HelmChartContainer - [EVENT] Normal [Started] Started container hivemq-platform-operator-init [helmvolumeclaimtemplatesit:test-hivemq-platform-0]
2025-01-28 21:23:03,048 INFO c.h.h.t.HelmChartContainer - [EVENT] Normal [Pulled] Container image "docker.io/hivemq/hivemq4:4.36.0" already present on machine [helmvolumeclaimtemplatesit:test-hivemq-platform-0]
2025-01-28 21:23:03,048 INFO c.h.h.t.HelmChartContainer - Received Pulled event for container hivemq in pod test-hivemq-platform-0 [666d8810-fb8c-4db6-95d0-778d6e2ebc36]
2025-01-28 21:23:03,056 INFO c.h.h.t.HelmChartContainer - [POD] test-hivemq-platform-0 [666d8810-fb8c-4db6-95d0-778d6e2ebc36] in helmvolumeclaimtemplatesit was MODIFIED
2025-01-28 21:23:03,070 INFO c.h.h.t.HelmChartContainer - [hivemq-test-hivemq-platform] [hivemq-platform-operator] [68e05e19] 21:23:03.067 [pool-6-thread-26] DEBUG c.h.p.o.d.PlatformServiceResource - [helmvolu] Desired Platform services (3 services)
2025-01-28 21:23:03,070 INFO c.h.h.t.HelmChartContainer - [hivemq-test-hivemq-platform] [hivemq-platform-operator] [68e05e19] 21:23:03.068 [pool-6-thread-22] DEBUG c.h.p.o.d.PodServiceAccountResource - [helmvolu] Desired PodServiceAccountResource (serviceAccountName: hivemq-platform-pod-test-hivemq-platform)
2025-01-28 21:23:03,077 INFO c.h.h.t.HelmChartContainer - [hivemq-test-hivemq-platform] [hivemq-platform-operator] [68e05e19] 21:23:03.071 [pool-6-thread-21] DEBUG c.h.p.o.dependants.PodInfoConfigMap - [helmvolu] Desired PodInfo ConfigMap (1 extensions) (1 enabled)
2025-01-28 21:23:03,084 INFO c.h.h.t.HelmChartContainer - [hivemq-test-hivemq-platform] [hivemq-platform-operator] [68e05e19] 21:23:03.071 [pool-6-thread-21] DEBUG c.h.p.o.dependants.PodInfoConfigMap - [helmvolu] Desired PodInfo ConfigMap (metrics port: 9399) (metrics path: /)
2025-01-28 21:23:03,084 INFO c.h.h.t.HelmChartContainer - [hivemq-test-hivemq-platform] [hivemq-platform-operator] [68e05e19] 21:23:03.071 [pool-6-thread-21] DEBUG c.h.p.o.dependants.PodInfoConfigMap - [helmvolu] Desired PodInfo ConfigMap (extension state hash: -1817474005)
2025-01-28 21:23:03,084 INFO c.h.h.t.HelmChartContainer - [hivemq-test-hivemq-platform] [hivemq-platform-operator] [68e05e19] 21:23:03.076 [pool-6-thread-26] DEBUG c.h.p.o.d.StatefulSetResource - [helmvolu] Desired StatefulSet (3 replicas) for status ROLLING_RESTART (RESTART_PODS_IN_PROGRESS)
2025-01-28 21:23:03,084 INFO c.h.h.t.HelmChartContainer - [hivemq-test-hivemq-platform] [hivemq-platform-operator] [68e05e19] 21:23:03.078 [ReconcilerExecutor-hivemq-controller-115] INFO  c.h.p.o.HiveMQPlatformReconciler - [helmvolu] Reconciling HiveMQ Platform 'test-hivemq-platform' in namespace 'helmvolumeclaimtemplatesit'
2025-01-28 21:23:03,084 INFO c.h.h.t.HelmChartContainer - [hivemq-test-hivemq-platform] [hivemq-platform-operator] [68e05e19] 21:23:03.078 [ReconcilerExecutor-hivemq-controller-115] DEBUG c.h.p.o.HiveMQPlatformReconciler - [helmvolu] Custom Resource Status ROLLING_RESTART - HiveMQ Platform is restarting Pods (rolling restart) (RESTART_PODS_IN_PROGRESS)
2025-01-28 21:23:03,085 INFO c.h.h.t.HelmChartContainer - [hivemq-test-hivemq-platform] [hivemq-platform-operator] [68e05e19] 21:23:03.078 [ReconcilerExecutor-hivemq-controller-115] DEBUG c.h.p.o.HiveMQPlatformReconciler - [helmvolu] Custom Resource Spec (replicas: 2) (extensions: 1)
2025-01-28 21:23:03,085 INFO c.h.h.t.HelmChartContainer - [hivemq-test-hivemq-platform] [hivemq-platform-operator] [68e05e19] 21:23:03.080 [ReconcilerExecutor-hivemq-controller-115] DEBUG c.h.p.o.HiveMQPlatformReconciler - [helmvolu] StatefulSet Status (revision: test-hivemq-platform-59475f86c9, replicas: 3, available: 2, ready: 2, current: 0, updated: 3)
2025-01-28 21:23:03,085 INFO c.h.h.t.HelmChartContainer - [hivemq-test-hivemq-platform] [hivemq-platform-operator] [68e05e19] 21:23:03.080 [ReconcilerExecutor-hivemq-controller-115] DEBUG c.h.p.o.HiveMQPlatformReconciler - [helmvolu] StatefulSet Spec (replicas: 3, init containers: 1, containers: 1, volumes: 4)
2025-01-28 21:23:03,088 INFO c.h.h.t.HelmChartContainer - [hivemq-test-hivemq-platform] [hivemq-platform-operator] [68e05e19] 21:23:03.087 [ReconcilerExecutor-hivemq-controller-115] DEBUG c.h.p.o.h.HiveMQPlatformReconcilerErrorHandler - [helmvolu] Pod 'test-hivemq-platform-2' phase Running
2025-01-28 21:23:03,089 INFO c.h.h.t.HelmChartContainer - [EVENT] Normal [Created] Created container: hivemq [helmvolumeclaimtemplatesit:test-hivemq-platform-0]
2025-01-28 21:23:03,089 INFO c.h.h.t.HelmChartContainer - Received Created event for container hivemq in pod test-hivemq-platform-0 [666d8810-fb8c-4db6-95d0-778d6e2ebc36]
2025-01-28 21:23:03,092 INFO c.h.h.t.HelmChartContainer - [hivemq-test-hivemq-platform] [hivemq-platform-operator] [68e05e19] 21:23:03.090 [ReconcilerExecutor-hivemq-controller-115] DEBUG c.h.p.o.h.HiveMQPlatformReconcilerErrorHandler - [helmvolu] Pod 'test-hivemq-platform-1' phase Running
2025-01-28 21:23:03,096 INFO c.h.h.t.HelmChartContainer - [hivemq-test-hivemq-platform] [hivemq-platform-operator] [68e05e19] 21:23:03.092 [ReconcilerExecutor-hivemq-controller-115] DEBUG c.h.p.o.h.HiveMQPlatformReconcilerErrorHandler - [helmvolu] Pod 'test-hivemq-platform-0' phase Pending
2025-01-28 21:23:03,097 INFO c.h.h.t.HelmChartContainer - [hivemq-test-hivemq-platform] [hivemq-platform-operator] [68e05e19] 21:23:03.095 [ReconcilerExecutor-hivemq-controller-115] DEBUG c.h.p.o.h.HiveMQPlatformReconcilerErrorHandler - [helmvolu] Pod 'test-hivemq-platform-0' condition 'PodReadyToStartContainers': True
2025-01-28 21:23:03,099 INFO c.h.h.t.HelmChartContainer - [hivemq-test-hivemq-platform] [hivemq-platform-operator] [68e05e19] 21:23:03.095 [ReconcilerExecutor-hivemq-controller-115] DEBUG c.h.p.o.h.HiveMQPlatformReconcilerErrorHandler - [helmvolu] Pod 'test-hivemq-platform-0' condition 'Initialized': True
2025-01-28 21:23:03,099 INFO c.h.h.t.HelmChartContainer - [hivemq-test-hivemq-platform] [hivemq-platform-operator] [68e05e19] 21:23:03.095 [ReconcilerExecutor-hivemq-controller-115] DEBUG c.h.p.o.h.HiveMQPlatformReconcilerErrorHandler - [helmvolu] Pod 'test-hivemq-platform-0' condition 'Ready': False
2025-01-28 21:23:03,099 INFO c.h.h.t.HelmChartContainer - [hivemq-test-hivemq-platform] [hivemq-platform-operator] [68e05e19] 21:23:03.095 [ReconcilerExecutor-hivemq-controller-115] DEBUG c.h.p.o.h.HiveMQPlatformReconcilerErrorHandler - [helmvolu] Pod 'test-hivemq-platform-0' condition 'ContainersReady': False
2025-01-28 21:23:03,099 INFO c.h.h.t.HelmChartContainer - [hivemq-test-hivemq-platform] [hivemq-platform-operator] [68e05e19] 21:23:03.095 [ReconcilerExecutor-hivemq-controller-115] DEBUG c.h.p.o.h.HiveMQPlatformReconcilerErrorHandler - [helmvolu] Pod 'test-hivemq-platform-0' condition 'PodScheduled': True
2025-01-28 21:23:03,099 INFO c.h.h.t.HelmChartContainer - [hivemq-test-hivemq-platform] [hivemq-platform-operator] [68e05e19] 21:23:03.095 [ReconcilerExecutor-hivemq-controller-115] DEBUG c.h.p.o.h.HiveMQPlatformReconcilerErrorHandler - [helmvolu] Pod 'test-hivemq-platform-0' containerStatus 'hivemq' (started: false) (ready: false) (waiting: [PodInitializing] null)
2025-01-28 21:23:03,099 INFO c.h.h.t.HelmChartContainer - [hivemq-test-hivemq-platform] [hivemq-platform-operator] [68e05e19] 21:23:03.096 [ReconcilerExecutor-hivemq-controller-115] DEBUG c.h.p.o.h.HiveMQPlatformReconcilerRollingRestartHandler - [helmvolu] Rolling restart is waiting for 2 of 3 replicas
2025-01-28 21:23:03,405 INFO c.h.h.t.HelmChartContainer - [K3S] [kubelet_volumes.go:163] "Cleaned up orphaned pod volumes dir" podUID="66608005-1f58-43bd-8a1d-83451b819e1f" path="/var/lib/kubelet/pods/66608005-1f58-43bd-8a1d-83451b819e1f/volumes"
2025-01-28 21:23:04,060 INFO c.h.h.t.HelmChartContainer - [POD] test-hivemq-platform-0 [666d8810-fb8c-4db6-95d0-778d6e2ebc36] in helmvolumeclaimtemplatesit was MODIFIED
2025-01-28 21:23:04,065 INFO c.h.h.t.HelmChartContainer - [hivemq-test-hivemq-platform] [hivemq-platform-operator] [68e05e19] 21:23:04.063 [pool-6-thread-40] DEBUG c.h.p.o.d.PlatformServiceResource - [helmvolu] Desired Platform services (3 services)
2025-01-28 21:23:04,066 INFO c.h.h.t.HelmChartContainer - [hivemq-test-hivemq-platform] [hivemq-platform-operator] [68e05e19] 21:23:04.064 [pool-6-thread-37] DEBUG c.h.p.o.dependants.PodInfoConfigMap - [helmvolu] Desired PodInfo ConfigMap (1 extensions) (1 enabled)
2025-01-28 21:23:04,066 INFO c.h.h.t.HelmChartContainer - [hivemq-test-hivemq-platform] [hivemq-platform-operator] [68e05e19] 21:23:04.064 [pool-6-thread-37] DEBUG c.h.p.o.dependants.PodInfoConfigMap - [helmvolu] Desired PodInfo ConfigMap (metrics port: 9399) (metrics path: /)
2025-01-28 21:23:04,066 INFO c.h.h.t.HelmChartContainer - [hivemq-test-hivemq-platform] [hivemq-platform-operator] [68e05e19] 21:23:04.064 [pool-6-thread-37] DEBUG c.h.p.o.dependants.PodInfoConfigMap - [helmvolu] Desired PodInfo ConfigMap (extension state hash: -1817474005)
2025-01-28 21:23:04,070 INFO c.h.h.t.HelmChartContainer - [EVENT] Normal [Started] Started container hivemq [helmvolumeclaimtemplatesit:test-hivemq-platform-0]
2025-01-28 21:23:04,070 INFO c.h.h.t.HelmChartContainer - Received Started event for container hivemq in pod test-hivemq-platform-0 [666d8810-fb8c-4db6-95d0-778d6e2ebc36]
2025-01-28 21:23:04,070 INFO c.h.h.t.HelmChartContainer - Started log watcher for hivemq in pod test-hivemq-platform-0 [666d8810-fb8c-4db6-95d0-778d6e2ebc36]
2025-01-28 21:23:04,071 INFO c.h.h.t.HelmChartContainer - [hivemq-test-hivemq-platform] [hivemq-platform-operator] [68e05e19] 21:23:04.066 [pool-6-thread-33] DEBUG c.h.p.o.d.PodServiceAccountResource - [helmvolu] Desired PodServiceAccountResource (serviceAccountName: hivemq-platform-pod-test-hivemq-platform)
2025-01-28 21:23:04,071 INFO c.h.h.t.HelmChartContainer - [test-hivemq-platform] [hivemq] [666d8810] Adding pre-installed HiveMQ Platform Operator extensions
2025-01-28 21:23:04,071 INFO c.h.h.t.HelmChartContainer - [test-hivemq-platform] [hivemq] [666d8810] Running as user 10000
2025-01-28 21:23:04,071 INFO c.h.h.t.HelmChartContainer - [test-hivemq-platform] [hivemq] [666d8810] Starting HiveMQ Platform Operator Init
2025-01-28 21:23:04,073 INFO c.h.h.t.HelmChartContainer - [hivemq-test-hivemq-platform] [hivemq-platform-operator] [68e05e19] 21:23:04.069 [pool-6-thread-32] DEBUG c.h.p.o.d.StatefulSetResource - [helmvolu] Desired StatefulSet (3 replicas) for status ROLLING_RESTART (RESTART_PODS_IN_PROGRESS)
2025-01-28 21:23:04,073 INFO c.h.h.t.HelmChartContainer - [hivemq-test-hivemq-platform] [hivemq-platform-operator] [68e05e19] 21:23:04.072 [ReconcilerExecutor-hivemq-controller-116] INFO  c.h.p.o.HiveMQPlatformReconciler - [helmvolu] Reconciling HiveMQ Platform 'test-hivemq-platform' in namespace 'helmvolumeclaimtemplatesit'
2025-01-28 21:23:04,073 INFO c.h.h.t.HelmChartContainer - [hivemq-test-hivemq-platform] [hivemq-platform-operator] [68e05e19] 21:23:04.072 [ReconcilerExecutor-hivemq-controller-116] DEBUG c.h.p.o.HiveMQPlatformReconciler - [helmvolu] Custom Resource Status ROLLING_RESTART - HiveMQ Platform is restarting Pods (rolling restart) (RESTART_PODS_IN_PROGRESS)
2025-01-28 21:23:04,074 INFO c.h.h.t.HelmChartContainer - [hivemq-test-hivemq-platform] [hivemq-platform-operator] [68e05e19] 21:23:04.072 [ReconcilerExecutor-hivemq-controller-116] DEBUG c.h.p.o.HiveMQPlatformReconciler - [helmvolu] Custom Resource Spec (replicas: 2) (extensions: 1)
2025-01-28 21:23:04,074 INFO c.h.h.t.HelmChartContainer - [hivemq-test-hivemq-platform] [hivemq-platform-operator] [68e05e19] 21:23:04.074 [ReconcilerExecutor-hivemq-controller-116] DEBUG c.h.p.o.HiveMQPlatformReconciler - [helmvolu] StatefulSet Status (revision: test-hivemq-platform-59475f86c9, replicas: 3, available: 2, ready: 2, current: 0, updated: 3)
2025-01-28 21:23:04,074 INFO c.h.h.t.HelmChartContainer - [hivemq-test-hivemq-platform] [hivemq-platform-operator] [68e05e19] 21:23:04.074 [ReconcilerExecutor-hivemq-controller-116] DEBUG c.h.p.o.HiveMQPlatformReconciler - [helmvolu] StatefulSet Spec (replicas: 3, init containers: 1, containers: 1, volumes: 4)
2025-01-28 21:23:04,077 INFO c.h.h.t.HelmChartContainer - [hivemq-test-hivemq-platform] [hivemq-platform-operator] [68e05e19] 21:23:04.076 [ReconcilerExecutor-hivemq-controller-116] DEBUG c.h.p.o.h.HiveMQPlatformReconcilerErrorHandler - [helmvolu] Pod 'test-hivemq-platform-2' phase Running
2025-01-28 21:23:04,079 INFO c.h.h.t.HelmChartContainer - [hivemq-test-hivemq-platform] [hivemq-platform-operator] [68e05e19] 21:23:04.078 [ReconcilerExecutor-hivemq-controller-116] DEBUG c.h.p.o.h.HiveMQPlatformReconcilerErrorHandler - [helmvolu] Pod 'test-hivemq-platform-1' phase Running
2025-01-28 21:23:04,080 INFO c.h.h.t.HelmChartContainer - [hivemq-test-hivemq-platform] [hivemq-platform-operator] [68e05e19] 21:23:04.079 [ReconcilerExecutor-hivemq-controller-116] DEBUG c.h.p.o.h.HiveMQPlatformReconcilerErrorHandler - [helmvolu] Pod 'test-hivemq-platform-0' phase Running
2025-01-28 21:23:04,081 INFO c.h.h.t.HelmChartContainer - [hivemq-test-hivemq-platform] [hivemq-platform-operator] [68e05e19] 21:23:04.080 [ReconcilerExecutor-hivemq-controller-116] DEBUG c.h.p.o.h.HiveMQPlatformReconcilerRollingRestartHandler - [helmvolu] Rolling restart is waiting for 2 of 3 replicas
2025-01-28 21:23:04,319 INFO c.h.h.t.HelmChartContainer - [test-hivemq-platform] [hivemq] [666d8810] INFO  - [HiveMQ Platform Operator Init 1.7.0-SNAPSHOT] HiveMQ Platform Operator Init 1.7.0-SNAPSHOT (commit: bebf408 on branch: HEAD) built on Sun Jan 26 20:47:47 UTC 2025
2025-01-28 21:23:05,431 INFO c.h.h.t.HelmChartContainer - [test-hivemq-platform] [hivemq] [666d8810] INFO  - [HiveMQ Platform Operator Init App 1.7.0-SNAPSHOT] Using bind address 10.42.0.15 from environment variable
2025-01-28 21:23:06,424 INFO c.h.h.t.HelmChartContainer - [test-hivemq-platform] [hivemq] [666d8810] INFO  - [HiveMQ Platform Operator Init App 1.7.0-SNAPSHOT] HiveMQ Platform Operator Init App 1.7.0-SNAPSHOT (commit: bebf408 on branch: HEAD) built on Sun Jan 26 20:47:47 UTC 2025
2025-01-28 21:23:06,424 INFO c.h.h.t.HelmChartContainer - [test-hivemq-platform] [hivemq] [666d8810] INFO  - [HiveMQ Platform Operator Init App 1.7.0-SNAPSHOT] PodInfo ConfigMap directory: /etc/podinfo
2025-01-28 21:23:06,424 INFO c.h.h.t.HelmChartContainer - [test-hivemq-platform] [hivemq] [666d8810] INFO  - [HiveMQ Platform Operator Init App 1.7.0-SNAPSHOT] HiveMQ home directory: /opt/hivemq
2025-01-28 21:23:06,424 INFO c.h.h.t.HelmChartContainer - [test-hivemq-platform] [hivemq] [666d8810] INFO  - [HiveMQ Platform Operator Init App 1.7.0-SNAPSHOT] HiveMQ Logback folder: /opt/hivemq/conf
2025-01-28 21:23:06,424 INFO c.h.h.t.HelmChartContainer - [test-hivemq-platform] [hivemq] [666d8810] INFO  - [HiveMQ Platform Operator Init App 1.7.0-SNAPSHOT] HiveMQ Config folder: /opt/hivemq/conf-k8s
2025-01-28 21:23:06,425 INFO c.h.h.t.HelmChartContainer - [test-hivemq-platform] [hivemq] [666d8810] INFO  - [HiveMQ Platform Operator Init App 1.7.0-SNAPSHOT] Starting HiveMQ Platform Operator Init App
2025-01-28 21:23:06,425 INFO c.h.h.t.HelmChartContainer - [test-hivemq-platform] [hivemq] [666d8810] INFO  - [HiveMQ Platform Operator Init App 1.7.0-SNAPSHOT] Starting Pod reconciler
2025-01-28 21:23:07,634 INFO c.h.h.t.HelmChartContainer - [test-hivemq-platform] [hivemq] [666d8810] INFO  - [HiveMQ Platform Operator Init App 1.7.0-SNAPSHOT] Pod reconciler is scheduled (interval: 5000 ms)
2025-01-28 21:23:07,635 INFO c.h.h.t.HelmChartContainer - [test-hivemq-platform] [hivemq] [666d8810] INFO  - [HiveMQ Platform Operator Init App 1.7.0-SNAPSHOT] Starting the REST API on 10.42.0.15:7979
2025-01-28 21:23:07,705 INFO c.h.h.t.HelmChartContainer - [test-hivemq-platform] [hivemq] [666d8810] INFO  - [HiveMQ Platform Operator Init App 1.7.0-SNAPSHOT] Waiting up to 600s for at most 3 HiveMQ nodes in cluster service hivemq-test-hivemq-platform-cluster.helmvolumeclaimtemplatesit.svc
2025-01-28 21:23:08,023 INFO c.h.h.t.HelmChartContainer - [test-hivemq-platform] [hivemq] [666d8810] INFO  - [HiveMQ Platform Operator Init App 1.7.0-SNAPSHOT] Resolved 3 IP addresses: [10.42.0.15, 10.42.0.14, 10.42.0.13]
2025-01-28 21:23:08,023 INFO c.h.h.t.HelmChartContainer - [test-hivemq-platform] [hivemq] [666d8810] INFO  - [HiveMQ Platform Operator Init App 1.7.0-SNAPSHOT] HiveMQ node count of 3 is within threshold of 3
2025-01-28 21:23:08,023 INFO c.h.h.t.HelmChartContainer - [test-hivemq-platform] [hivemq] [666d8810] INFO  - [HiveMQ Platform Operator Init App 1.7.0-SNAPSHOT] Waiting 15s for previous shutdown replication to finish...
2025-01-28 21:23:10,058 INFO c.h.h.t.HelmChartContainer - [test-hivemq-platform] [hivemq] [666d8810] INFO  - [HiveMQ Platform Operator Init App 1.7.0-SNAPSHOT] Returning default Health API response 503 for readiness
2025-01-28 21:23:10,124 INFO c.h.h.t.HelmChartContainer - [EVENT] Warning [Unhealthy] Readiness probe failed: HTTP probe failed with statuscode: 503 [helmvolumeclaimtemplatesit:test-hivemq-platform-0]
2025-01-28 21:23:10,124 INFO c.h.h.t.HelmChartContainer - Received Unhealthy event for container hivemq in pod test-hivemq-platform-0 [666d8810-fb8c-4db6-95d0-778d6e2ebc36]
2025-01-28 21:23:14,086 INFO c.h.h.t.HelmChartContainer - [hivemq-test-hivemq-platform] [hivemq-platform-operator] [68e05e19] 21:23:14.083 [pool-6-thread-48] DEBUG c.h.p.o.d.PlatformServiceResource - [helmvolu] Desired Platform services (3 services)
2025-01-28 21:23:14,086 INFO c.h.h.t.HelmChartContainer - [hivemq-test-hivemq-platform] [hivemq-platform-operator] [68e05e19] 21:23:14.084 [pool-6-thread-42] DEBUG c.h.p.o.d.PodServiceAccountResource - [helmvolu] Desired PodServiceAccountResource (serviceAccountName: hivemq-platform-pod-test-hivemq-platform)
2025-01-28 21:23:14,086 INFO c.h.h.t.HelmChartContainer - [hivemq-test-hivemq-platform] [hivemq-platform-operator] [68e05e19] 21:23:14.084 [pool-6-thread-49] DEBUG c.h.p.o.dependants.PodInfoConfigMap - [helmvolu] Desired PodInfo ConfigMap (1 extensions) (1 enabled)
2025-01-28 21:23:14,086 INFO c.h.h.t.HelmChartContainer - [hivemq-test-hivemq-platform] [hivemq-platform-operator] [68e05e19] 21:23:14.084 [pool-6-thread-49] DEBUG c.h.p.o.dependants.PodInfoConfigMap - [helmvolu] Desired PodInfo ConfigMap (metrics port: 9399) (metrics path: /)
2025-01-28 21:23:14,086 INFO c.h.h.t.HelmChartContainer - [hivemq-test-hivemq-platform] [hivemq-platform-operator] [68e05e19] 21:23:14.084 [pool-6-thread-49] DEBUG c.h.p.o.dependants.PodInfoConfigMap - [helmvolu] Desired PodInfo ConfigMap (extension state hash: -1817474005)
2025-01-28 21:23:14,089 INFO c.h.h.t.HelmChartContainer - [hivemq-test-hivemq-platform] [hivemq-platform-operator] [68e05e19] 21:23:14.088 [pool-6-thread-48] DEBUG c.h.p.o.d.StatefulSetResource - [helmvolu] Desired StatefulSet (3 replicas) for status ROLLING_RESTART (RESTART_PODS_IN_PROGRESS)
2025-01-28 21:23:14,092 INFO c.h.h.t.HelmChartContainer - [hivemq-test-hivemq-platform] [hivemq-platform-operator] [68e05e19] 21:23:14.091 [ReconcilerExecutor-hivemq-controller-117] INFO  c.h.p.o.HiveMQPlatformReconciler - [helmvolu] Reconciling HiveMQ Platform 'test-hivemq-platform' in namespace 'helmvolumeclaimtemplatesit'
2025-01-28 21:23:14,092 INFO c.h.h.t.HelmChartContainer - [hivemq-test-hivemq-platform] [hivemq-platform-operator] [68e05e19] 21:23:14.091 [ReconcilerExecutor-hivemq-controller-117] DEBUG c.h.p.o.HiveMQPlatformReconciler - [helmvolu] Custom Resource Status ROLLING_RESTART - HiveMQ Platform is restarting Pods (rolling restart) (RESTART_PODS_IN_PROGRESS)
2025-01-28 21:23:14,092 INFO c.h.h.t.HelmChartContainer - [hivemq-test-hivemq-platform] [hivemq-platform-operator] [68e05e19] 21:23:14.091 [ReconcilerExecutor-hivemq-controller-117] DEBUG c.h.p.o.HiveMQPlatformReconciler - [helmvolu] Custom Resource Spec (replicas: 2) (extensions: 1)
2025-01-28 21:23:14,093 INFO c.h.h.t.HelmChartContainer - [hivemq-test-hivemq-platform] [hivemq-platform-operator] [68e05e19] 21:23:14.092 [ReconcilerExecutor-hivemq-controller-117] DEBUG c.h.p.o.HiveMQPlatformReconciler - [helmvolu] StatefulSet Status (revision: test-hivemq-platform-59475f86c9, replicas: 3, available: 2, ready: 2, current: 0, updated: 3)
2025-01-28 21:23:14,093 INFO c.h.h.t.HelmChartContainer - [hivemq-test-hivemq-platform] [hivemq-platform-operator] [68e05e19] 21:23:14.092 [ReconcilerExecutor-hivemq-controller-117] DEBUG c.h.p.o.HiveMQPlatformReconciler - [helmvolu] StatefulSet Spec (replicas: 3, init containers: 1, containers: 1, volumes: 4)
2025-01-28 21:23:14,094 INFO c.h.h.t.HelmChartContainer - [hivemq-test-hivemq-platform] [hivemq-platform-operator] [68e05e19] 21:23:14.093 [ReconcilerExecutor-hivemq-controller-117] DEBUG c.h.p.o.h.HiveMQPlatformReconcilerErrorHandler - [helmvolu] Pod 'test-hivemq-platform-2' phase Running
2025-01-28 21:23:14,095 INFO c.h.h.t.HelmChartContainer - [hivemq-test-hivemq-platform] [hivemq-platform-operator] [68e05e19] 21:23:14.094 [ReconcilerExecutor-hivemq-controller-117] DEBUG c.h.p.o.h.HiveMQPlatformReconcilerErrorHandler - [helmvolu] Pod 'test-hivemq-platform-1' phase Running
2025-01-28 21:23:14,096 INFO c.h.h.t.HelmChartContainer - [hivemq-test-hivemq-platform] [hivemq-platform-operator] [68e05e19] 21:23:14.095 [ReconcilerExecutor-hivemq-controller-117] DEBUG c.h.p.o.h.HiveMQPlatformReconcilerErrorHandler - [helmvolu] Pod 'test-hivemq-platform-0' phase Running
2025-01-28 21:23:14,096 INFO c.h.h.t.HelmChartContainer - [hivemq-test-hivemq-platform] [hivemq-platform-operator] [68e05e19] 21:23:14.096 [ReconcilerExecutor-hivemq-controller-117] DEBUG c.h.p.o.h.HiveMQPlatformReconcilerRollingRestartHandler - [helmvolu] Rolling restart is waiting for 2 of 3 replicas
2025-01-28 21:23:15,112 INFO c.h.h.t.HelmChartContainer - [EVENT] Warning [Unhealthy] Readiness probe failed: HTTP probe failed with statuscode: 503 [helmvolumeclaimtemplatesit:test-hivemq-platform-0]
2025-01-28 21:23:15,113 INFO c.h.h.t.HelmChartContainer - Received Unhealthy event for container hivemq in pod test-hivemq-platform-0 [666d8810-fb8c-4db6-95d0-778d6e2ebc36]
2025-01-28 21:23:15,216 INFO c.h.h.t.HelmChartContainer - [test-hivemq-platform] [hivemq] [666d8810] INFO  - [HiveMQ Platform Operator Init App 1.7.0-SNAPSHOT] Updating Pod HiveMQ Platform Operator Init App version annotation (version: 1.7.0-SNAPSHOT)
2025-01-28 21:23:15,529 INFO c.h.h.t.HelmChartContainer - [POD] test-hivemq-platform-0 [666d8810-fb8c-4db6-95d0-778d6e2ebc36] in helmvolumeclaimtemplatesit was MODIFIED
2025-01-28 21:23:15,533 INFO c.h.h.t.HelmChartContainer - [hivemq-test-hivemq-platform] [hivemq-platform-operator] [68e05e19] 21:23:15.532 [pool-6-thread-9] DEBUG c.h.p.o.d.PlatformServiceResource - [helmvolu] Desired Platform services (3 services)
2025-01-28 21:23:15,535 INFO c.h.h.t.HelmChartContainer - [hivemq-test-hivemq-platform] [hivemq-platform-operator] [68e05e19] 21:23:15.532 [pool-6-thread-6] DEBUG c.h.p.o.dependants.PodInfoConfigMap - [helmvolu] Desired PodInfo ConfigMap (1 extensions) (1 enabled)
2025-01-28 21:23:15,535 INFO c.h.h.t.HelmChartContainer - [hivemq-test-hivemq-platform] [hivemq-platform-operator] [68e05e19] 21:23:15.532 [pool-6-thread-6] DEBUG c.h.p.o.dependants.PodInfoConfigMap - [helmvolu] Desired PodInfo ConfigMap (metrics port: 9399) (metrics path: /)
2025-01-28 21:23:15,535 INFO c.h.h.t.HelmChartContainer - [hivemq-test-hivemq-platform] [hivemq-platform-operator] [68e05e19] 21:23:15.532 [pool-6-thread-6] DEBUG c.h.p.o.dependants.PodInfoConfigMap - [helmvolu] Desired PodInfo ConfigMap (extension state hash: -1817474005)
2025-01-28 21:23:15,536 INFO c.h.h.t.HelmChartContainer - [hivemq-test-hivemq-platform] [hivemq-platform-operator] [68e05e19] 21:23:15.533 [pool-6-thread-6] DEBUG c.h.p.o.d.PodServiceAccountResource - [helmvolu] Desired PodServiceAccountResource (serviceAccountName: hivemq-platform-pod-test-hivemq-platform)
2025-01-28 21:23:15,536 INFO c.h.h.t.HelmChartContainer - [EVENT] Warning [Unhealthy] Readiness probe failed: HTTP probe failed with statuscode: 503 [helmvolumeclaimtemplatesit:test-hivemq-platform-0]
2025-01-28 21:23:15,536 INFO c.h.h.t.HelmChartContainer - Received Unhealthy event for container hivemq in pod test-hivemq-platform-0 [666d8810-fb8c-4db6-95d0-778d6e2ebc36]
2025-01-28 21:23:15,537 INFO c.h.h.t.HelmChartContainer - [hivemq-test-hivemq-platform] [hivemq-platform-operator] [68e05e19] 21:23:15.537 [pool-6-thread-9] DEBUG c.h.p.o.d.StatefulSetResource - [helmvolu] Desired StatefulSet (3 replicas) for status ROLLING_RESTART (RESTART_PODS_IN_PROGRESS)
2025-01-28 21:23:15,540 INFO c.h.h.t.HelmChartContainer - [hivemq-test-hivemq-platform] [hivemq-platform-operator] [68e05e19] 21:23:15.539 [ReconcilerExecutor-hivemq-controller-118] INFO  c.h.p.o.HiveMQPlatformReconciler - [helmvolu] Reconciling HiveMQ Platform 'test-hivemq-platform' in namespace 'helmvolumeclaimtemplatesit'
2025-01-28 21:23:15,540 INFO c.h.h.t.HelmChartContainer - [hivemq-test-hivemq-platform] [hivemq-platform-operator] [68e05e19] 21:23:15.539 [ReconcilerExecutor-hivemq-controller-118] DEBUG c.h.p.o.HiveMQPlatformReconciler - [helmvolu] Custom Resource Status ROLLING_RESTART - HiveMQ Platform is restarting Pods (rolling restart) (RESTART_PODS_IN_PROGRESS)
2025-01-28 21:23:15,540 INFO c.h.h.t.HelmChartContainer - [hivemq-test-hivemq-platform] [hivemq-platform-operator] [68e05e19] 21:23:15.539 [ReconcilerExecutor-hivemq-controller-118] DEBUG c.h.p.o.HiveMQPlatformReconciler - [helmvolu] Custom Resource Spec (replicas: 2) (extensions: 1)
2025-01-28 21:23:15,542 INFO c.h.h.t.HelmChartContainer - [hivemq-test-hivemq-platform] [hivemq-platform-operator] [68e05e19] 21:23:15.541 [ReconcilerExecutor-hivemq-controller-118] DEBUG c.h.p.o.HiveMQPlatformReconciler - [helmvolu] StatefulSet Status (revision: test-hivemq-platform-59475f86c9, replicas: 3, available: 2, ready: 2, current: 0, updated: 3)
2025-01-28 21:23:15,542 INFO c.h.h.t.HelmChartContainer - [hivemq-test-hivemq-platform] [hivemq-platform-operator] [68e05e19] 21:23:15.541 [ReconcilerExecutor-hivemq-controller-118] DEBUG c.h.p.o.HiveMQPlatformReconciler - [helmvolu] StatefulSet Spec (replicas: 3, init containers: 1, containers: 1, volumes: 4)
2025-01-28 21:23:15,542 INFO c.h.h.t.HelmChartContainer - [hivemq-test-hivemq-platform] [hivemq-platform-operator] [68e05e19] 21:23:15.542 [ReconcilerExecutor-hivemq-controller-118] DEBUG c.h.p.o.h.HiveMQPlatformReconcilerErrorHandler - [helmvolu] Pod 'test-hivemq-platform-2' phase Running
2025-01-28 21:23:15,543 INFO c.h.h.t.HelmChartContainer - [hivemq-test-hivemq-platform] [hivemq-platform-operator] [68e05e19] 21:23:15.543 [ReconcilerExecutor-hivemq-controller-118] DEBUG c.h.p.o.h.HiveMQPlatformReconcilerErrorHandler - [helmvolu] Pod 'test-hivemq-platform-1' phase Running
2025-01-28 21:23:15,544 INFO c.h.h.t.HelmChartContainer - [hivemq-test-hivemq-platform] [hivemq-platform-operator] [68e05e19] 21:23:15.543 [ReconcilerExecutor-hivemq-controller-118] DEBUG c.h.p.o.h.HiveMQPlatformReconcilerErrorHandler - [helmvolu] Pod 'test-hivemq-platform-0' phase Running
2025-01-28 21:23:15,545 INFO c.h.h.t.HelmChartContainer - [hivemq-test-hivemq-platform] [hivemq-platform-operator] [68e05e19] 21:23:15.544 [ReconcilerExecutor-hivemq-controller-118] DEBUG c.h.p.o.h.HiveMQPlatformReconcilerRollingRestartHandler - [helmvolu] Rolling restart is waiting for 2 of 3 replicas
2025-01-28 21:23:15,606 INFO c.h.h.t.HelmChartContainer - [test-hivemq-platform] [hivemq] [666d8810] INFO  - [HiveMQ Platform Operator Init App 1.7.0-SNAPSHOT] Successfully updated Pod HiveMQ Platform Operator Init App version annotation (version: 1.7.0-SNAPSHOT)
2025-01-28 21:23:20,531 INFO c.h.h.t.HelmChartContainer - [EVENT] Warning [Unhealthy] Readiness probe failed: HTTP probe failed with statuscode: 503 [helmvolumeclaimtemplatesit:test-hivemq-platform-0]
2025-01-28 21:23:20,531 INFO c.h.h.t.HelmChartContainer - Received Unhealthy event for container hivemq in pod test-hivemq-platform-0 [666d8810-fb8c-4db6-95d0-778d6e2ebc36]
2025-01-28 21:23:23,024 INFO c.h.h.t.HelmChartContainer - [test-hivemq-platform] [hivemq] [666d8810] INFO  - [HiveMQ Platform Operator Init App 1.7.0-SNAPSHOT] Proceeding with container start
2025-01-28 21:23:23,027 INFO c.h.h.t.HelmChartContainer - [test-hivemq-platform] [hivemq] [666d8810] INFO  - [HiveMQ Platform Operator Init App 1.7.0-SNAPSHOT] Initializing HiveMQ Platform extensions with initial configuration: {hivemq-allow-all-extension={start-priority=-1, skip-https-hostname-verification=false, restart=true, config-version=0, header-version=0, c-uri=, priority=-1, uri=preinstalled, skip-https-certificate-validation=false, enabled=true}, hivemq-prometheus-extension={priority=-1, start-priority=-1, c-uri=, skip-https-hostname-verification=false, skip-https-certificate-validation=false, uri=preinstalled, request-header-path=no-request-headers, enabled=true, restart=true}}
2025-01-28 21:23:23,422 INFO c.h.h.t.HelmChartContainer - [test-hivemq-platform] [hivemq] [666d8810] INFO  - [HiveMQ Platform Operator Init App 1.7.0-SNAPSHOT] Extension hivemq-allow-all-extension was already enabled
2025-01-28 21:23:23,514 INFO c.h.h.t.HelmChartContainer - [test-hivemq-platform] [hivemq] [666d8810] INFO  - [HiveMQ Platform Operator Init App 1.7.0-SNAPSHOT] Successfully enabled extension hivemq-prometheus-extension
2025-01-28 21:23:23,515 INFO c.h.h.t.HelmChartContainer - [test-hivemq-platform] [hivemq] [666d8810] INFO  - [HiveMQ Platform Operator Init App 1.7.0-SNAPSHOT] Starting HiveMQ Platform version 4.36.0 (4.36.0)
2025-01-28 21:23:23,515 INFO c.h.h.t.HelmChartContainer - [test-hivemq-platform] [hivemq] [666d8810] INFO  - [HiveMQ Platform Operator Init App 1.7.0-SNAPSHOT] Configuring the HiveMQ Platform
2025-01-28 21:23:23,607 INFO c.h.h.t.HelmChartContainer - [test-hivemq-platform] [hivemq] [666d8810] INFO  - [HiveMQ Platform Operator Init App 1.7.0-SNAPSHOT] Changed logback.xml file scan period to 20 seconds
2025-01-28 21:23:23,619 INFO c.h.h.t.HelmChartContainer - [test-hivemq-platform] [hivemq] [666d8810] INFO  - [HiveMQ Platform Operator Init App 1.7.0-SNAPSHOT] Starting the HiveMQ Platform
2025-01-28 21:23:23,621 INFO c.h.h.t.HelmChartContainer - [test-hivemq-platform] [hivemq] [666d8810] -------------------------------------------------------------------------
2025-01-28 21:23:23,622 INFO c.h.h.t.HelmChartContainer - [test-hivemq-platform] [hivemq] [666d8810] 
2025-01-28 21:23:23,622 INFO c.h.h.t.HelmChartContainer - [test-hivemq-platform] [hivemq] [666d8810]                   _    _  _              __  __   ____
2025-01-28 21:23:23,622 INFO c.h.h.t.HelmChartContainer - [test-hivemq-platform] [hivemq] [666d8810]                  | |  | |(_)            |  \/  | / __ \
2025-01-28 21:23:23,622 INFO c.h.h.t.HelmChartContainer - [test-hivemq-platform] [hivemq] [666d8810]                  | |__| | _ __   __ ___ | \  / || |  | |
2025-01-28 21:23:23,623 INFO c.h.h.t.HelmChartContainer - [test-hivemq-platform] [hivemq] [666d8810]                  |  __  || |\ \ / // _ \| |\/| || |  | |
2025-01-28 21:23:23,623 INFO c.h.h.t.HelmChartContainer - [test-hivemq-platform] [hivemq] [666d8810]                  | |  | || | \ V /|  __/| |  | || |__| |
2025-01-28 21:23:23,623 INFO c.h.h.t.HelmChartContainer - [test-hivemq-platform] [hivemq] [666d8810]                  |_|  |_||_|  \_/  \___||_|  |_| \___\_\
2025-01-28 21:23:23,623 INFO c.h.h.t.HelmChartContainer - [test-hivemq-platform] [hivemq] [666d8810] 
2025-01-28 21:23:23,623 INFO c.h.h.t.HelmChartContainer - [test-hivemq-platform] [hivemq] [666d8810] -------------------------------------------------------------------------
2025-01-28 21:23:23,623 INFO c.h.h.t.HelmChartContainer - [test-hivemq-platform] [hivemq] [666d8810] 
2025-01-28 21:23:23,623 INFO c.h.h.t.HelmChartContainer - [test-hivemq-platform] [hivemq] [666d8810]   HiveMQ Start Script for Linux/Unix v1.14
2025-01-28 21:23:23,623 INFO c.h.h.t.HelmChartContainer - [test-hivemq-platform] [hivemq] [666d8810] 
2025-01-28 21:23:23,732 INFO c.h.h.t.HelmChartContainer - [test-hivemq-platform] [hivemq] [666d8810] -------------------------------------------------------------------------
2025-01-28 21:23:23,732 INFO c.h.h.t.HelmChartContainer - [test-hivemq-platform] [hivemq] [666d8810] 
2025-01-28 21:23:23,732 INFO c.h.h.t.HelmChartContainer - [test-hivemq-platform] [hivemq] [666d8810]   HIVEMQ_HOME: /opt/hivemq
2025-01-28 21:23:23,732 INFO c.h.h.t.HelmChartContainer - [test-hivemq-platform] [hivemq] [666d8810] 
2025-01-28 21:23:23,732 INFO c.h.h.t.HelmChartContainer - [test-hivemq-platform] [hivemq] [666d8810]   JAVA_OPTS: -XX:+UnlockExperimentalVMOptions -XX:InitialRAMPercentage=50 -XX:MaxRAMPercentage=50 -Djava.net.preferIPv4Stack=true --add-opens java.base/java.lang=ALL-UNNAMED --add-opens java.base/java.nio=ALL-UNNAMED --add-opens java.base/sun.nio.ch=ALL-UNNAMED --add-opens jdk.management/com.sun.management.internal=ALL-UNNAMED --add-exports java.base/jdk.internal.misc=ALL-UNNAMED -Djava.security.egd=file:/dev/./urandom -Dcom.sun.management.jmxremote -Dcom.sun.management.jmxremote.port=9010 -Dcom.sun.management.jmxremote.local.only=false -Dcom.sun.management.jmxremote.authenticate=false -Dcom.sun.management.jmxremote.ssl=false -Duser.language=en -Duser.region=US -XX:+CrashOnOutOfMemoryError -XX:+HeapDumpOnOutOfMemoryError
2025-01-28 21:23:23,732 INFO c.h.h.t.HelmChartContainer - [test-hivemq-platform] [hivemq] [666d8810] 
2025-01-28 21:23:23,732 INFO c.h.h.t.HelmChartContainer - [test-hivemq-platform] [hivemq] [666d8810]   JAVA_VERSION: 21
2025-01-28 21:23:23,732 INFO c.h.h.t.HelmChartContainer - [test-hivemq-platform] [hivemq] [666d8810] 
2025-01-28 21:23:23,732 INFO c.h.h.t.HelmChartContainer - [test-hivemq-platform] [hivemq] [666d8810] -------------------------------------------------------------------------
2025-01-28 21:23:23,732 INFO c.h.h.t.HelmChartContainer - [test-hivemq-platform] [hivemq] [666d8810] 
2025-01-28 21:23:25,549 INFO c.h.h.t.HelmChartContainer - [hivemq-test-hivemq-platform] [hivemq-platform-operator] [68e05e19] 21:23:25.546 [pool-6-thread-17] DEBUG c.h.p.o.d.PlatformServiceResource - [helmvolu] Desired Platform services (3 services)
2025-01-28 21:23:25,549 INFO c.h.h.t.HelmChartContainer - [hivemq-test-hivemq-platform] [hivemq-platform-operator] [68e05e19] 21:23:25.548 [pool-6-thread-15] DEBUG c.h.p.o.dependants.PodInfoConfigMap - [helmvolu] Desired PodInfo ConfigMap (1 extensions) (1 enabled)
2025-01-28 21:23:25,549 INFO c.h.h.t.HelmChartContainer - [hivemq-test-hivemq-platform] [hivemq-platform-operator] [68e05e19] 21:23:25.548 [pool-6-thread-15] DEBUG c.h.p.o.dependants.PodInfoConfigMap - [helmvolu] Desired PodInfo ConfigMap (metrics port: 9399) (metrics path: /)
2025-01-28 21:23:25,549 INFO c.h.h.t.HelmChartContainer - [hivemq-test-hivemq-platform] [hivemq-platform-operator] [68e05e19] 21:23:25.548 [pool-6-thread-15] DEBUG c.h.p.o.dependants.PodInfoConfigMap - [helmvolu] Desired PodInfo ConfigMap (extension state hash: -1817474005)
2025-01-28 21:23:25,549 INFO c.h.h.t.HelmChartContainer - [hivemq-test-hivemq-platform] [hivemq-platform-operator] [68e05e19] 21:23:25.548 [pool-6-thread-14] DEBUG c.h.p.o.d.PodServiceAccountResource - [helmvolu] Desired PodServiceAccountResource (serviceAccountName: hivemq-platform-pod-test-hivemq-platform)
2025-01-28 21:23:25,550 INFO c.h.h.t.HelmChartContainer - [hivemq-test-hivemq-platform] [hivemq-platform-operator] [68e05e19] 21:23:25.550 [pool-6-thread-12] DEBUG c.h.p.o.d.StatefulSetResource - [helmvolu] Desired StatefulSet (3 replicas) for status ROLLING_RESTART (RESTART_PODS_IN_PROGRESS)
2025-01-28 21:23:25,552 INFO c.h.h.t.HelmChartContainer - [hivemq-test-hivemq-platform] [hivemq-platform-operator] [68e05e19] 21:23:25.552 [ReconcilerExecutor-hivemq-controller-119] INFO  c.h.p.o.HiveMQPlatformReconciler - [helmvolu] Reconciling HiveMQ Platform 'test-hivemq-platform' in namespace 'helmvolumeclaimtemplatesit'
2025-01-28 21:23:25,552 INFO c.h.h.t.HelmChartContainer - [hivemq-test-hivemq-platform] [hivemq-platform-operator] [68e05e19] 21:23:25.552 [ReconcilerExecutor-hivemq-controller-119] DEBUG c.h.p.o.HiveMQPlatformReconciler - [helmvolu] Custom Resource Status ROLLING_RESTART - HiveMQ Platform is restarting Pods (rolling restart) (RESTART_PODS_IN_PROGRESS)
2025-01-28 21:23:25,553 INFO c.h.h.t.HelmChartContainer - [hivemq-test-hivemq-platform] [hivemq-platform-operator] [68e05e19] 21:23:25.552 [ReconcilerExecutor-hivemq-controller-119] DEBUG c.h.p.o.HiveMQPlatformReconciler - [helmvolu] Custom Resource Spec (replicas: 2) (extensions: 1)
2025-01-28 21:23:25,553 INFO c.h.h.t.HelmChartContainer - [hivemq-test-hivemq-platform] [hivemq-platform-operator] [68e05e19] 21:23:25.553 [ReconcilerExecutor-hivemq-controller-119] DEBUG c.h.p.o.HiveMQPlatformReconciler - [helmvolu] StatefulSet Status (revision: test-hivemq-platform-59475f86c9, replicas: 3, available: 2, ready: 2, current: 0, updated: 3)
2025-01-28 21:23:25,554 INFO c.h.h.t.HelmChartContainer - [hivemq-test-hivemq-platform] [hivemq-platform-operator] [68e05e19] 21:23:25.553 [ReconcilerExecutor-hivemq-controller-119] DEBUG c.h.p.o.HiveMQPlatformReconciler - [helmvolu] StatefulSet Spec (replicas: 3, init containers: 1, containers: 1, volumes: 4)
2025-01-28 21:23:25,555 INFO c.h.h.t.HelmChartContainer - [hivemq-test-hivemq-platform] [hivemq-platform-operator] [68e05e19] 21:23:25.554 [ReconcilerExecutor-hivemq-controller-119] DEBUG c.h.p.o.h.HiveMQPlatformReconcilerErrorHandler - [helmvolu] Pod 'test-hivemq-platform-2' phase Running
2025-01-28 21:23:25,555 INFO c.h.h.t.HelmChartContainer - [hivemq-test-hivemq-platform] [hivemq-platform-operator] [68e05e19] 21:23:25.554 [ReconcilerExecutor-hivemq-controller-119] DEBUG c.h.p.o.h.HiveMQPlatformReconcilerErrorHandler - [helmvolu] Pod 'test-hivemq-platform-1' phase Running
2025-01-28 21:23:25,556 INFO c.h.h.t.HelmChartContainer - [hivemq-test-hivemq-platform] [hivemq-platform-operator] [68e05e19] 21:23:25.555 [ReconcilerExecutor-hivemq-controller-119] DEBUG c.h.p.o.h.HiveMQPlatformReconcilerErrorHandler - [helmvolu] Pod 'test-hivemq-platform-0' phase Running
2025-01-28 21:23:25,557 INFO c.h.h.t.HelmChartContainer - [hivemq-test-hivemq-platform] [hivemq-platform-operator] [68e05e19] 21:23:25.556 [ReconcilerExecutor-hivemq-controller-119] DEBUG c.h.p.o.h.HiveMQPlatformReconcilerRollingRestartHandler - [helmvolu] Rolling restart is waiting for 2 of 3 replicas
2025-01-28 21:23:25,611 INFO c.h.h.t.HelmChartContainer - [EVENT] Warning [Unhealthy] Readiness probe failed: HTTP probe failed with statuscode: 503 [helmvolumeclaimtemplatesit:test-hivemq-platform-0]
2025-01-28 21:23:25,611 INFO c.h.h.t.HelmChartContainer - Received Unhealthy event for container hivemq in pod test-hivemq-platform-0 [666d8810-fb8c-4db6-95d0-778d6e2ebc36]
2025-01-28 21:23:26,215 INFO c.h.h.t.HelmChartContainer - [test-hivemq-platform] [hivemq] [666d8810] INFO  - Starting HiveMQ Enterprise Server
2025-01-28 21:23:26,219 INFO c.h.h.t.HelmChartContainer - [test-hivemq-platform] [hivemq] [666d8810] INFO  - HiveMQ version: 4.36.0
2025-01-28 21:23:26,219 INFO c.h.h.t.HelmChartContainer - [test-hivemq-platform] [hivemq] [666d8810] INFO  - HiveMQ home directory: /opt/hivemq
2025-01-28 21:23:26,220 INFO c.h.h.t.HelmChartContainer - [test-hivemq-platform] [hivemq] [666d8810] INFO  - Log Configuration was overridden by /opt/hivemq/conf/logback.xml
2025-01-28 21:23:27,530 INFO c.h.h.t.HelmChartContainer - [test-hivemq-platform] [hivemq] [666d8810] INFO  - Successfully loaded configuration from '/opt/hivemq/conf-k8s/config.xml'.
2025-01-28 21:23:27,911 INFO c.h.h.t.HelmChartContainer - [test-hivemq-platform] [hivemq] [666d8810] INFO  - This node's ID is 1f73N
2025-01-28 21:23:28,132 INFO c.h.h.t.HelmChartContainer - [test-hivemq-platform] [hivemq] [666d8810] INFO  - Clustering is enabled
2025-01-28 21:23:30,816 INFO c.h.h.t.HelmChartContainer - [test-hivemq-platform] [hivemq] [666d8810] WARN  - [HiveMQ Platform Operator Init App 1.7.0-SNAPSHOT] Cannot connect to Health API for readiness: null
2025-01-28 21:23:30,821 INFO c.h.h.t.HelmChartContainer - [EVENT] Warning [Unhealthy] Readiness probe failed: HTTP probe failed with statuscode: 503 [helmvolumeclaimtemplatesit:test-hivemq-platform-0]
2025-01-28 21:23:30,821 INFO c.h.h.t.HelmChartContainer - Received Unhealthy event for container hivemq in pod test-hivemq-platform-0 [666d8810-fb8c-4db6-95d0-778d6e2ebc36]
2025-01-28 21:23:32,408 INFO c.h.h.t.HelmChartContainer - [test-hivemq-platform] [hivemq] [666d8810] WARN  - [HiveMQ Platform Operator Init App 1.7.0-SNAPSHOT] Cannot connect to Health API for liveness: null
2025-01-28 21:23:32,408 INFO c.h.h.t.HelmChartContainer - [test-hivemq-platform] [hivemq] [666d8810] INFO  - [HiveMQ Platform Operator Init App 1.7.0-SNAPSHOT] Returning default Health API response 200 for liveness
2025-01-28 21:23:35,561 INFO c.h.h.t.HelmChartContainer - [hivemq-test-hivemq-platform] [hivemq-platform-operator] [68e05e19] 21:23:35.558 [pool-6-thread-30] DEBUG c.h.p.o.d.PlatformServiceResource - [helmvolu] Desired Platform services (3 services)
2025-01-28 21:23:35,561 INFO c.h.h.t.HelmChartContainer - [hivemq-test-hivemq-platform] [hivemq-platform-operator] [68e05e19] 21:23:35.559 [pool-6-thread-23] DEBUG c.h.p.o.d.PodServiceAccountResource - [helmvolu] Desired PodServiceAccountResource (serviceAccountName: hivemq-platform-pod-test-hivemq-platform)
2025-01-28 21:23:35,561 INFO c.h.h.t.HelmChartContainer - [hivemq-test-hivemq-platform] [hivemq-platform-operator] [68e05e19] 21:23:35.559 [pool-6-thread-27] DEBUG c.h.p.o.dependants.PodInfoConfigMap - [helmvolu] Desired PodInfo ConfigMap (1 extensions) (1 enabled)
2025-01-28 21:23:35,561 INFO c.h.h.t.HelmChartContainer - [hivemq-test-hivemq-platform] [hivemq-platform-operator] [68e05e19] 21:23:35.559 [pool-6-thread-27] DEBUG c.h.p.o.dependants.PodInfoConfigMap - [helmvolu] Desired PodInfo ConfigMap (metrics port: 9399) (metrics path: /)
2025-01-28 21:23:35,561 INFO c.h.h.t.HelmChartContainer - [hivemq-test-hivemq-platform] [hivemq-platform-operator] [68e05e19] 21:23:35.559 [pool-6-thread-27] DEBUG c.h.p.o.dependants.PodInfoConfigMap - [helmvolu] Desired PodInfo ConfigMap (extension state hash: -1817474005)
2025-01-28 21:23:35,562 INFO c.h.h.t.HelmChartContainer - [hivemq-test-hivemq-platform] [hivemq-platform-operator] [68e05e19] 21:23:35.562 [pool-6-thread-30] DEBUG c.h.p.o.d.StatefulSetResource - [helmvolu] Desired StatefulSet (3 replicas) for status ROLLING_RESTART (RESTART_PODS_IN_PROGRESS)
2025-01-28 21:23:35,564 INFO c.h.h.t.HelmChartContainer - [hivemq-test-hivemq-platform] [hivemq-platform-operator] [68e05e19] 21:23:35.564 [ReconcilerExecutor-hivemq-controller-120] INFO  c.h.p.o.HiveMQPlatformReconciler - [helmvolu] Reconciling HiveMQ Platform 'test-hivemq-platform' in namespace 'helmvolumeclaimtemplatesit'
2025-01-28 21:23:35,565 INFO c.h.h.t.HelmChartContainer - [hivemq-test-hivemq-platform] [hivemq-platform-operator] [68e05e19] 21:23:35.564 [ReconcilerExecutor-hivemq-controller-120] DEBUG c.h.p.o.HiveMQPlatformReconciler - [helmvolu] Custom Resource Status ROLLING_RESTART - HiveMQ Platform is restarting Pods (rolling restart) (RESTART_PODS_IN_PROGRESS)
2025-01-28 21:23:35,565 INFO c.h.h.t.HelmChartContainer - [hivemq-test-hivemq-platform] [hivemq-platform-operator] [68e05e19] 21:23:35.564 [ReconcilerExecutor-hivemq-controller-120] DEBUG c.h.p.o.HiveMQPlatformReconciler - [helmvolu] Custom Resource Spec (replicas: 2) (extensions: 1)
2025-01-28 21:23:35,566 INFO c.h.h.t.HelmChartContainer - [hivemq-test-hivemq-platform] [hivemq-platform-operator] [68e05e19] 21:23:35.564 [ReconcilerExecutor-hivemq-controller-120] DEBUG c.h.p.o.HiveMQPlatformReconciler - [helmvolu] StatefulSet Status (revision: test-hivemq-platform-59475f86c9, replicas: 3, available: 2, ready: 2, current: 0, updated: 3)
2025-01-28 21:23:35,566 INFO c.h.h.t.HelmChartContainer - [hivemq-test-hivemq-platform] [hivemq-platform-operator] [68e05e19] 21:23:35.564 [ReconcilerExecutor-hivemq-controller-120] DEBUG c.h.p.o.HiveMQPlatformReconciler - [helmvolu] StatefulSet Spec (replicas: 3, init containers: 1, containers: 1, volumes: 4)
2025-01-28 21:23:35,567 INFO c.h.h.t.HelmChartContainer - [hivemq-test-hivemq-platform] [hivemq-platform-operator] [68e05e19] 21:23:35.566 [ReconcilerExecutor-hivemq-controller-120] DEBUG c.h.p.o.h.HiveMQPlatformReconcilerErrorHandler - [helmvolu] Pod 'test-hivemq-platform-2' phase Running
2025-01-28 21:23:35,568 INFO c.h.h.t.HelmChartContainer - [hivemq-test-hivemq-platform] [hivemq-platform-operator] [68e05e19] 21:23:35.567 [ReconcilerExecutor-hivemq-controller-120] DEBUG c.h.p.o.h.HiveMQPlatformReconcilerErrorHandler - [helmvolu] Pod 'test-hivemq-platform-1' phase Running
2025-01-28 21:23:35,568 INFO c.h.h.t.HelmChartContainer - [hivemq-test-hivemq-platform] [hivemq-platform-operator] [68e05e19] 21:23:35.567 [ReconcilerExecutor-hivemq-controller-120] DEBUG c.h.p.o.h.HiveMQPlatformReconcilerErrorHandler - [helmvolu] Pod 'test-hivemq-platform-0' phase Running
2025-01-28 21:23:35,569 INFO c.h.h.t.HelmChartContainer - [hivemq-test-hivemq-platform] [hivemq-platform-operator] [68e05e19] 21:23:35.568 [ReconcilerExecutor-hivemq-controller-120] DEBUG c.h.p.o.h.HiveMQPlatformReconcilerRollingRestartHandler - [helmvolu] Rolling restart is waiting for 2 of 3 replicas
2025-01-28 21:23:35,607 INFO c.h.h.t.HelmChartContainer - [test-hivemq-platform] [hivemq] [666d8810] WARN  - [HiveMQ Platform Operator Init App 1.7.0-SNAPSHOT] Cannot connect to Health API for readiness: null
2025-01-28 21:23:35,612 INFO c.h.h.t.HelmChartContainer - [EVENT] Warning [Unhealthy] Readiness probe failed: HTTP probe failed with statuscode: 503 [helmvolumeclaimtemplatesit:test-hivemq-platform-0]
2025-01-28 21:23:35,612 INFO c.h.h.t.HelmChartContainer - Received Unhealthy event for container hivemq in pod test-hivemq-platform-0 [666d8810-fb8c-4db6-95d0-778d6e2ebc36]
2025-01-28 21:23:40,609 INFO c.h.h.t.HelmChartContainer - [test-hivemq-platform] [hivemq] [666d8810] WARN  - [HiveMQ Platform Operator Init App 1.7.0-SNAPSHOT] Cannot connect to Health API for readiness: null
2025-01-28 21:23:40,615 INFO c.h.h.t.HelmChartContainer - [EVENT] Warning [Unhealthy] Readiness probe failed: HTTP probe failed with statuscode: 503 [helmvolumeclaimtemplatesit:test-hivemq-platform-0]
2025-01-28 21:23:40,615 INFO c.h.h.t.HelmChartContainer - Received Unhealthy event for container hivemq in pod test-hivemq-platform-0 [666d8810-fb8c-4db6-95d0-778d6e2ebc36]
2025-01-28 21:23:41,928 INFO c.h.h.t.HelmChartContainer - [test-hivemq-platform] [hivemq] [666d8810] INFO  - No valid license file found. Using trial license, restricted to 25 connections.
2025-01-28 21:23:45,529 INFO c.h.h.t.HelmChartContainer - [test-hivemq-platform] [hivemq] [666d8810] WARN  - [HiveMQ Platform Operator Init App 1.7.0-SNAPSHOT] Cannot connect to Health API for readiness: null
2025-01-28 21:23:45,573 INFO c.h.h.t.HelmChartContainer - [hivemq-test-hivemq-platform] [hivemq-platform-operator] [68e05e19] 21:23:45.571 [pool-6-thread-39] DEBUG c.h.p.o.d.PlatformServiceResource - [helmvolu] Desired Platform services (3 services)
2025-01-28 21:23:45,574 INFO c.h.h.t.HelmChartContainer - [hivemq-test-hivemq-platform] [hivemq-platform-operator] [68e05e19] 21:23:45.571 [pool-6-thread-36] DEBUG c.h.p.o.d.PodServiceAccountResource - [helmvolu] Desired PodServiceAccountResource (serviceAccountName: hivemq-platform-pod-test-hivemq-platform)
2025-01-28 21:23:45,575 INFO c.h.h.t.HelmChartContainer - [hivemq-test-hivemq-platform] [hivemq-platform-operator] [68e05e19] 21:23:45.573 [pool-6-thread-33] DEBUG c.h.p.o.dependants.PodInfoConfigMap - [helmvolu] Desired PodInfo ConfigMap (1 extensions) (1 enabled)
2025-01-28 21:23:45,575 INFO c.h.h.t.HelmChartContainer - [hivemq-test-hivemq-platform] [hivemq-platform-operator] [68e05e19] 21:23:45.573 [pool-6-thread-33] DEBUG c.h.p.o.dependants.PodInfoConfigMap - [helmvolu] Desired PodInfo ConfigMap (metrics port: 9399) (metrics path: /)
2025-01-28 21:23:45,575 INFO c.h.h.t.HelmChartContainer - [hivemq-test-hivemq-platform] [hivemq-platform-operator] [68e05e19] 21:23:45.573 [pool-6-thread-33] DEBUG c.h.p.o.dependants.PodInfoConfigMap - [helmvolu] Desired PodInfo ConfigMap (extension state hash: -1817474005)
2025-01-28 21:23:45,576 INFO c.h.h.t.HelmChartContainer - [hivemq-test-hivemq-platform] [hivemq-platform-operator] [68e05e19] 21:23:45.575 [pool-6-thread-32] DEBUG c.h.p.o.d.StatefulSetResource - [helmvolu] Desired StatefulSet (3 replicas) for status ROLLING_RESTART (RESTART_PODS_IN_PROGRESS)
2025-01-28 21:23:45,578 INFO c.h.h.t.HelmChartContainer - [hivemq-test-hivemq-platform] [hivemq-platform-operator] [68e05e19] 21:23:45.577 [ReconcilerExecutor-hivemq-controller-121] INFO  c.h.p.o.HiveMQPlatformReconciler - [helmvolu] Reconciling HiveMQ Platform 'test-hivemq-platform' in namespace 'helmvolumeclaimtemplatesit'
2025-01-28 21:23:45,578 INFO c.h.h.t.HelmChartContainer - [hivemq-test-hivemq-platform] [hivemq-platform-operator] [68e05e19] 21:23:45.577 [ReconcilerExecutor-hivemq-controller-121] DEBUG c.h.p.o.HiveMQPlatformReconciler - [helmvolu] Custom Resource Status ROLLING_RESTART - HiveMQ Platform is restarting Pods (rolling restart) (RESTART_PODS_IN_PROGRESS)
2025-01-28 21:23:45,578 INFO c.h.h.t.HelmChartContainer - [hivemq-test-hivemq-platform] [hivemq-platform-operator] [68e05e19] 21:23:45.577 [ReconcilerExecutor-hivemq-controller-121] DEBUG c.h.p.o.HiveMQPlatformReconciler - [helmvolu] Custom Resource Spec (replicas: 2) (extensions: 1)
2025-01-28 21:23:45,579 INFO c.h.h.t.HelmChartContainer - [hivemq-test-hivemq-platform] [hivemq-platform-operator] [68e05e19] 21:23:45.578 [ReconcilerExecutor-hivemq-controller-121] DEBUG c.h.p.o.HiveMQPlatformReconciler - [helmvolu] StatefulSet Status (revision: test-hivemq-platform-59475f86c9, replicas: 3, available: 2, ready: 2, current: 0, updated: 3)
2025-01-28 21:23:45,579 INFO c.h.h.t.HelmChartContainer - [hivemq-test-hivemq-platform] [hivemq-platform-operator] [68e05e19] 21:23:45.578 [ReconcilerExecutor-hivemq-controller-121] DEBUG c.h.p.o.HiveMQPlatformReconciler - [helmvolu] StatefulSet Spec (replicas: 3, init containers: 1, containers: 1, volumes: 4)
2025-01-28 21:23:45,580 INFO c.h.h.t.HelmChartContainer - [hivemq-test-hivemq-platform] [hivemq-platform-operator] [68e05e19] 21:23:45.580 [ReconcilerExecutor-hivemq-controller-121] DEBUG c.h.p.o.h.HiveMQPlatformReconcilerErrorHandler - [helmvolu] Pod 'test-hivemq-platform-2' phase Running
2025-01-28 21:23:45,581 INFO c.h.h.t.HelmChartContainer - [hivemq-test-hivemq-platform] [hivemq-platform-operator] [68e05e19] 21:23:45.580 [ReconcilerExecutor-hivemq-controller-121] DEBUG c.h.p.o.h.HiveMQPlatformReconcilerErrorHandler - [helmvolu] Pod 'test-hivemq-platform-1' phase Running
2025-01-28 21:23:45,582 INFO c.h.h.t.HelmChartContainer - [hivemq-test-hivemq-platform] [hivemq-platform-operator] [68e05e19] 21:23:45.581 [ReconcilerExecutor-hivemq-controller-121] DEBUG c.h.p.o.h.HiveMQPlatformReconcilerErrorHandler - [helmvolu] Pod 'test-hivemq-platform-0' phase Running
2025-01-28 21:23:45,582 INFO c.h.h.t.HelmChartContainer - [hivemq-test-hivemq-platform] [hivemq-platform-operator] [68e05e19] 21:23:45.582 [ReconcilerExecutor-hivemq-controller-121] DEBUG c.h.p.o.h.HiveMQPlatformReconcilerRollingRestartHandler - [helmvolu] Rolling restart is waiting for 2 of 3 replicas
2025-01-28 21:23:45,612 INFO c.h.h.t.HelmChartContainer - [EVENT] Warning [Unhealthy] Readiness probe failed: HTTP probe failed with statuscode: 503 [helmvolumeclaimtemplatesit:test-hivemq-platform-0]
2025-01-28 21:23:45,612 INFO c.h.h.t.HelmChartContainer - Received Unhealthy event for container hivemq in pod test-hivemq-platform-0 [666d8810-fb8c-4db6-95d0-778d6e2ebc36]
2025-01-28 21:23:45,908 INFO c.h.h.t.HelmChartContainer - [test-hivemq-platform] [hivemq] [666d8810] INFO  - No valid license file for Data Hub found. Using free license, restricted to 1 policy.
2025-01-28 21:23:47,224 INFO c.h.h.t.HelmChartContainer - [test-hivemq-platform] [hivemq] [666d8810] INFO  - Audit Logger started.
2025-01-28 21:23:47,536 INFO c.h.h.t.HelmChartContainer - [test-hivemq-platform] [hivemq] [666d8810] INFO  - This node uses '1' CPU cores.
2025-01-28 21:23:47,541 INFO c.h.h.t.HelmChartContainer - [test-hivemq-platform] [hivemq] [666d8810] INFO  - Starting HiveMQ Health API on address 0.0.0.0 and port 8889
2025-01-28 21:23:48,626 INFO c.h.h.t.HelmChartContainer - [test-hivemq-platform] [hivemq] [666d8810] INFO  - Started HiveMQ Health API in 1085ms
2025-01-28 21:23:49,309 INFO c.h.h.t.HelmChartContainer - [test-hivemq-platform] [hivemq] [666d8810] INFO  - Starting HiveMQ extension system.
2025-01-28 21:23:49,507 INFO c.h.h.t.HelmChartContainer - [test-hivemq-platform] [hivemq] [666d8810] INFO  - Starting extension with id "hivemq-dns-cluster-discovery" at /opt/hivemq/extensions/hivemq-dns-cluster-discovery
2025-01-28 21:23:49,919 INFO c.h.h.t.HelmChartContainer - [test-hivemq-platform] [hivemq] [666d8810] INFO  - Extension "DNS Cluster Discovery Extension" version 4.3.2 started successfully.
2025-01-28 21:23:49,920 INFO c.h.h.t.HelmChartContainer - [test-hivemq-platform] [hivemq] [666d8810] INFO  - Starting extension with id "hivemq-prometheus-extension" at /opt/hivemq/extensions/hivemq-prometheus-extension
2025-01-28 21:23:50,012 INFO c.h.h.t.HelmChartContainer - [test-hivemq-platform] [hivemq] [666d8810] INFO  - Using TCP cluster transport on address 10.42.0.15 and port 7000
2025-01-28 21:23:50,110 INFO c.h.h.t.HelmChartContainer - [test-hivemq-platform] [hivemq] [666d8810] INFO  - Using extension cluster discovery
2025-01-28 21:23:51,111 INFO c.h.h.t.HelmChartContainer - [test-hivemq-platform] [hivemq] [666d8810] INFO  - Started Jetty Server exposing Prometheus Servlet on URI http://0.0.0.0:9399/
2025-01-28 21:23:51,111 INFO c.h.h.t.HelmChartContainer - [test-hivemq-platform] [hivemq] [666d8810] INFO  - Extension "Prometheus Monitoring Extension" version 4.0.12 started successfully.
2025-01-28 21:23:51,111 INFO c.h.h.t.HelmChartContainer - [test-hivemq-platform] [hivemq] [666d8810] INFO  - Starting extension with id "hivemq-allow-all-extension" at /opt/hivemq/extensions/hivemq-allow-all-extension
2025-01-28 21:23:51,111 INFO c.h.h.t.HelmChartContainer - [test-hivemq-platform] [hivemq] [666d8810] WARN  - 
2025-01-28 21:23:51,111 INFO c.h.h.t.HelmChartContainer - [test-hivemq-platform] [hivemq] [666d8810] ################################################################################################################
2025-01-28 21:23:51,111 INFO c.h.h.t.HelmChartContainer - [test-hivemq-platform] [hivemq] [666d8810] # This HiveMQ deployment is not secure! You are lacking Authentication and Authorization.                      #
2025-01-28 21:23:51,112 INFO c.h.h.t.HelmChartContainer - [test-hivemq-platform] [hivemq] [666d8810] # Right now any MQTT client can connect to the broker with a full set of permissions.                          #
2025-01-28 21:23:51,112 INFO c.h.h.t.HelmChartContainer - [test-hivemq-platform] [hivemq] [666d8810] # For production usage, add an appropriate security extension and remove the hivemq-allow-all extension.       #
2025-01-28 21:23:51,112 INFO c.h.h.t.HelmChartContainer - [test-hivemq-platform] [hivemq] [666d8810] # You can download security extensions from the HiveMQ Marketplace (https://www.hivemq.com/extensions/).       #
2025-01-28 21:23:51,113 INFO c.h.h.t.HelmChartContainer - [test-hivemq-platform] [hivemq] [666d8810] ################################################################################################################
2025-01-28 21:23:51,113 INFO c.h.h.t.HelmChartContainer - [test-hivemq-platform] [hivemq] [666d8810] INFO  - Extension "Allow All Extension" version 1.1.1 started successfully.
2025-01-28 21:23:51,315 INFO c.h.h.t.HelmChartContainer - [test-hivemq-platform] [hivemq] [49cfa83b] INFO  - Cluster nodes found by discovery: [5GGFb|6] (3) [5GGFb, billI, 1f73N].
2025-01-28 21:23:51,319 INFO c.h.h.t.HelmChartContainer - [test-hivemq-platform] [hivemq] [4ea8272b] INFO  - Cluster nodes found by discovery: [5GGFb|6] (3) [5GGFb, billI, 1f73N].
2025-01-28 21:23:51,412 INFO c.h.h.t.HelmChartContainer - [test-hivemq-platform] [hivemq] [666d8810] INFO  - Cluster nodes found by discovery: [5GGFb|6] (3) [5GGFb, billI, 1f73N].
2025-01-28 21:23:51,570 INFO c.h.h.t.HelmChartContainer - [EVENT] Warning [Unhealthy] Readiness probe failed: Get "http://10.42.0.15:7979/readiness": context deadline exceeded (Client.Timeout exceeded while awaiting headers) [helmvolumeclaimtemplatesit:test-hivemq-platform-0]
2025-01-28 21:23:51,570 INFO c.h.h.t.HelmChartContainer - Received Unhealthy event for container hivemq in pod test-hivemq-platform-0 [666d8810-fb8c-4db6-95d0-778d6e2ebc36]
2025-01-28 21:23:51,711 INFO c.h.h.t.HelmChartContainer - [test-hivemq-platform] [hivemq] [666d8810] INFO  - Cluster size = 1, members : [billI].
2025-01-28 21:23:51,712 INFO c.h.h.t.HelmChartContainer - [test-hivemq-platform] [hivemq] [666d8810] INFO  - Cluster size = 2, members : [billI, 5GGFb].
2025-01-28 21:23:51,819 INFO c.h.h.t.HelmChartContainer - [test-hivemq-platform] [hivemq] [666d8810] INFO  - [HiveMQ Platform Operator Init App 1.7.0-SNAPSHOT] Returning Health API response 503 for readiness
2025-01-28 21:23:52,301 INFO c.h.h.t.HelmChartContainer - [test-hivemq-platform] [hivemq] [666d8810] INFO  - Starting cluster join process. This may take a while. Please do not shut down HiveMQ.
2025-01-28 21:23:52,311 INFO c.h.h.t.HelmChartContainer - [test-hivemq-platform] [hivemq] [666d8810] INFO  - Cluster join process is still ongoing. Please do not shut down HiveMQ.
2025-01-28 21:23:54,317 INFO c.h.h.t.HelmChartContainer - [test-hivemq-platform] [hivemq] [49cfa83b] INFO  - Cluster size = 3, members : [billI, 1f73N, 5GGFb].
2025-01-28 21:23:54,324 INFO c.h.h.t.HelmChartContainer - [test-hivemq-platform] [hivemq] [4ea8272b] INFO  - Cluster size = 3, members : [billI, 1f73N, 5GGFb].
2025-01-28 21:23:54,330 INFO c.h.h.t.HelmChartContainer - [test-hivemq-platform] [hivemq] [666d8810] INFO  - Cluster size = 3, members : [billI, 1f73N, 5GGFb].
2025-01-28 21:23:54,334 INFO c.h.h.t.HelmChartContainer - [test-hivemq-platform] [hivemq] [666d8810] INFO  - Finished cluster join process successfully.
2025-01-28 21:23:54,341 INFO c.h.h.t.HelmChartContainer - [test-hivemq-platform] [hivemq] [666d8810] WARN  - No user for HiveMQ Control Center configured. Starting with default user
2025-01-28 21:23:54,342 INFO c.h.h.t.HelmChartContainer - [test-hivemq-platform] [hivemq] [666d8810] INFO  - Starting HiveMQ Control Center on address 0.0.0.0 and port 8080
2025-01-28 21:23:54,406 INFO c.h.h.t.HelmChartContainer - [test-hivemq-platform] [hivemq] [666d8810] INFO  - Mounting HiveMQ Control Center V2 Preview
2025-01-28 21:23:55,121 INFO c.h.h.t.HelmChartContainer - [test-hivemq-platform] [hivemq] [666d8810] INFO  - Started HiveMQ Control Center in 780ms
2025-01-28 21:23:55,213 INFO c.h.h.t.HelmChartContainer - [test-hivemq-platform] [hivemq] [666d8810] INFO  - Starting TCP listener on address 0.0.0.0 and port 1884
2025-01-28 21:23:55,228 INFO c.h.h.t.HelmChartContainer - [test-hivemq-platform] [hivemq] [666d8810] INFO  - Started TCP Listener on address 0.0.0.0 and on port 1884.
2025-01-28 21:23:55,305 INFO c.h.h.t.HelmChartContainer - [test-hivemq-platform] [hivemq] [666d8810] INFO  - Started HiveMQ in 29413ms
2025-01-28 21:23:55,532 INFO c.h.h.t.HelmChartContainer - [test-hivemq-platform] [hivemq] [666d8810] INFO  - [HiveMQ Platform Operator Init App 1.7.0-SNAPSHOT] Returning Health API response 200 for readiness
2025-01-28 21:23:55,545 INFO c.h.h.t.HelmChartContainer - [POD] test-hivemq-platform-0 [666d8810-fb8c-4db6-95d0-778d6e2ebc36] in helmvolumeclaimtemplatesit was MODIFIED
2025-01-28 21:23:55,549 INFO c.h.h.t.HelmChartContainer - [hivemq-test-hivemq-platform] [hivemq-platform-operator] [68e05e19] 21:23:55.547 [pool-6-thread-42] DEBUG c.h.p.o.d.PlatformServiceResource - [helmvolu] Desired Platform services (3 services)
2025-01-28 21:23:55,561 INFO c.h.h.t.HelmChartContainer - [hivemq-test-hivemq-platform] [hivemq-platform-operator] [68e05e19] 21:23:55.550 [pool-6-thread-46] DEBUG c.h.p.o.d.PodServiceAccountResource - [helmvolu] Desired PodServiceAccountResource (serviceAccountName: hivemq-platform-pod-test-hivemq-platform)
2025-01-28 21:23:55,561 INFO c.h.h.t.HelmChartContainer - [hivemq-test-hivemq-platform] [hivemq-platform-operator] [68e05e19] 21:23:55.547 [pool-6-thread-49] DEBUG c.h.p.o.dependants.PodInfoConfigMap - [helmvolu] Desired PodInfo ConfigMap (1 extensions) (1 enabled)
2025-01-28 21:23:55,561 INFO c.h.h.t.HelmChartContainer - [hivemq-test-hivemq-platform] [hivemq-platform-operator] [68e05e19] 21:23:55.551 [pool-6-thread-49] DEBUG c.h.p.o.dependants.PodInfoConfigMap - [helmvolu] Desired PodInfo ConfigMap (metrics port: 9399) (metrics path: /)
2025-01-28 21:23:55,561 INFO c.h.h.t.HelmChartContainer - [hivemq-test-hivemq-platform] [hivemq-platform-operator] [68e05e19] 21:23:55.551 [pool-6-thread-49] DEBUG c.h.p.o.dependants.PodInfoConfigMap - [helmvolu] Desired PodInfo ConfigMap (extension state hash: -1817474005)
2025-01-28 21:23:55,561 INFO c.h.h.t.HelmChartContainer - [hivemq-test-hivemq-platform] [hivemq-platform-operator] [68e05e19] 21:23:55.553 [pool-6-thread-42] DEBUG c.h.p.o.d.StatefulSetResource - [helmvolu] Desired StatefulSet (3 replicas) for status ROLLING_RESTART (RESTART_PODS_IN_PROGRESS)
2025-01-28 21:23:55,561 INFO c.h.h.t.HelmChartContainer - [hivemq-test-hivemq-platform] [hivemq-platform-operator] [68e05e19] 21:23:55.556 [ReconcilerExecutor-hivemq-controller-122] INFO  c.h.p.o.HiveMQPlatformReconciler - [helmvolu] Reconciling HiveMQ Platform 'test-hivemq-platform' in namespace 'helmvolumeclaimtemplatesit'
2025-01-28 21:23:55,561 INFO c.h.h.t.HelmChartContainer - [hivemq-test-hivemq-platform] [hivemq-platform-operator] [68e05e19] 21:23:55.557 [ReconcilerExecutor-hivemq-controller-122] DEBUG c.h.p.o.HiveMQPlatformReconciler - [helmvolu] Custom Resource Status ROLLING_RESTART - HiveMQ Platform is restarting Pods (rolling restart) (RESTART_PODS_IN_PROGRESS)
2025-01-28 21:23:55,561 INFO c.h.h.t.HelmChartContainer - [hivemq-test-hivemq-platform] [hivemq-platform-operator] [68e05e19] 21:23:55.557 [ReconcilerExecutor-hivemq-controller-122] DEBUG c.h.p.o.HiveMQPlatformReconciler - [helmvolu] Custom Resource Spec (replicas: 2) (extensions: 1)
2025-01-28 21:23:55,561 INFO c.h.h.t.HelmChartContainer - [hivemq-test-hivemq-platform] [hivemq-platform-operator] [68e05e19] 21:23:55.558 [ReconcilerExecutor-hivemq-controller-122] DEBUG c.h.p.o.HiveMQPlatformReconciler - [helmvolu] StatefulSet Status (revision: test-hivemq-platform-59475f86c9, replicas: 3, available: 2, ready: 2, current: 0, updated: 3)
2025-01-28 21:23:55,561 INFO c.h.h.t.HelmChartContainer - [hivemq-test-hivemq-platform] [hivemq-platform-operator] [68e05e19] 21:23:55.558 [ReconcilerExecutor-hivemq-controller-122] DEBUG c.h.p.o.HiveMQPlatformReconciler - [helmvolu] StatefulSet Spec (replicas: 3, init containers: 1, containers: 1, volumes: 4)
2025-01-28 21:23:55,563 INFO c.h.h.t.HelmChartContainer - [hivemq-test-hivemq-platform] [hivemq-platform-operator] [68e05e19] 21:23:55.561 [ReconcilerExecutor-hivemq-controller-122] DEBUG c.h.p.o.h.HiveMQPlatformReconcilerErrorHandler - [helmvolu] Pod 'test-hivemq-platform-2' phase Running
2025-01-28 21:23:55,563 INFO c.h.h.t.HelmChartContainer - [hivemq-test-hivemq-platform] [hivemq-platform-operator] [68e05e19] 21:23:55.562 [ReconcilerExecutor-hivemq-controller-122] DEBUG c.h.p.o.h.HiveMQPlatformReconcilerErrorHandler - [helmvolu] Pod 'test-hivemq-platform-1' phase Running
2025-01-28 21:23:55,565 INFO c.h.h.t.HelmChartContainer - [hivemq-test-hivemq-platform] [hivemq-platform-operator] [68e05e19] 21:23:55.563 [ReconcilerExecutor-hivemq-controller-122] DEBUG c.h.p.o.h.HiveMQPlatformReconcilerErrorHandler - [helmvolu] Pod 'test-hivemq-platform-0' phase Running
2025-01-28 21:23:55,565 INFO c.h.h.t.HelmChartContainer - [hivemq-test-hivemq-platform] [hivemq-platform-operator] [68e05e19] 21:23:55.564 [ReconcilerExecutor-hivemq-controller-122] DEBUG c.h.p.o.h.HiveMQPlatformReconcilerRollingRestartHandler - [helmvolu] Rolling restart is waiting for 2 of 3 replicas
2025-01-28 21:23:55,568 INFO c.h.h.t.HelmChartContainer - [hivemq-test-hivemq-platform] [hivemq-platform-operator] [68e05e19] 21:23:55.567 [pool-6-thread-10] DEBUG c.h.p.o.d.PlatformServiceResource - [helmvolu] Desired Platform services (3 services)
2025-01-28 21:23:55,569 INFO c.h.h.t.HelmChartContainer - [hivemq-test-hivemq-platform] [hivemq-platform-operator] [68e05e19] 21:23:55.568 [pool-6-thread-3] DEBUG c.h.p.o.dependants.PodInfoConfigMap - [helmvolu] Desired PodInfo ConfigMap (1 extensions) (1 enabled)
2025-01-28 21:23:55,569 INFO c.h.h.t.HelmChartContainer - [hivemq-test-hivemq-platform] [hivemq-platform-operator] [68e05e19] 21:23:55.568 [pool-6-thread-3] DEBUG c.h.p.o.dependants.PodInfoConfigMap - [helmvolu] Desired PodInfo ConfigMap (metrics port: 9399) (metrics path: /)
2025-01-28 21:23:55,569 INFO c.h.h.t.HelmChartContainer - [hivemq-test-hivemq-platform] [hivemq-platform-operator] [68e05e19] 21:23:55.568 [pool-6-thread-3] DEBUG c.h.p.o.dependants.PodInfoConfigMap - [helmvolu] Desired PodInfo ConfigMap (extension state hash: -1817474005)
2025-01-28 21:23:55,570 INFO c.h.h.t.HelmChartContainer - [hivemq-test-hivemq-platform] [hivemq-platform-operator] [68e05e19] 21:23:55.569 [pool-6-thread-3] DEBUG c.h.p.o.d.PodServiceAccountResource - [helmvolu] Desired PodServiceAccountResource (serviceAccountName: hivemq-platform-pod-test-hivemq-platform)
2025-01-28 21:23:55,573 INFO c.h.h.t.HelmChartContainer - [hivemq-test-hivemq-platform] [hivemq-platform-operator] [68e05e19] 21:23:55.572 [pool-6-thread-6] DEBUG c.h.p.o.d.StatefulSetResource - [helmvolu] Desired StatefulSet (3 replicas) for status ROLLING_RESTART (RESTART_PODS_IN_PROGRESS)
2025-01-28 21:23:55,575 INFO c.h.h.t.HelmChartContainer - [hivemq-test-hivemq-platform] [hivemq-platform-operator] [68e05e19] 21:23:55.574 [ReconcilerExecutor-hivemq-controller-122] INFO  c.h.p.o.HiveMQPlatformReconciler - [helmvolu] Reconciling HiveMQ Platform 'test-hivemq-platform' in namespace 'helmvolumeclaimtemplatesit'
2025-01-28 21:23:55,575 INFO c.h.h.t.HelmChartContainer - [hivemq-test-hivemq-platform] [hivemq-platform-operator] [68e05e19] 21:23:55.574 [ReconcilerExecutor-hivemq-controller-122] DEBUG c.h.p.o.HiveMQPlatformReconciler - [helmvolu] Custom Resource Status ROLLING_RESTART - HiveMQ Platform is restarting Pods (rolling restart) (RESTART_PODS_IN_PROGRESS)
2025-01-28 21:23:55,575 INFO c.h.h.t.HelmChartContainer - [hivemq-test-hivemq-platform] [hivemq-platform-operator] [68e05e19] 21:23:55.574 [ReconcilerExecutor-hivemq-controller-122] DEBUG c.h.p.o.HiveMQPlatformReconciler - [helmvolu] Custom Resource Spec (replicas: 2) (extensions: 1)
2025-01-28 21:23:55,576 INFO c.h.h.t.HelmChartContainer - [hivemq-test-hivemq-platform] [hivemq-platform-operator] [68e05e19] 21:23:55.575 [ReconcilerExecutor-hivemq-controller-122] DEBUG c.h.p.o.HiveMQPlatformReconciler - [helmvolu] StatefulSet Status (revision: test-hivemq-platform-59475f86c9, replicas: 3, available: 3, ready: 3, current: 0, updated: 3)
2025-01-28 21:23:55,576 INFO c.h.h.t.HelmChartContainer - [hivemq-test-hivemq-platform] [hivemq-platform-operator] [68e05e19] 21:23:55.575 [ReconcilerExecutor-hivemq-controller-122] DEBUG c.h.p.o.HiveMQPlatformReconciler - [helmvolu] StatefulSet Spec (replicas: 3, init containers: 1, containers: 1, volumes: 4)
2025-01-28 21:23:55,577 INFO c.h.h.t.HelmChartContainer - [hivemq-test-hivemq-platform] [hivemq-platform-operator] [68e05e19] 21:23:55.577 [ReconcilerExecutor-hivemq-controller-122] DEBUG c.h.p.o.h.HiveMQPlatformReconcilerErrorHandler - [helmvolu] Pod 'test-hivemq-platform-2' phase Running
2025-01-28 21:23:55,578 INFO c.h.h.t.HelmChartContainer - [hivemq-test-hivemq-platform] [hivemq-platform-operator] [68e05e19] 21:23:55.577 [ReconcilerExecutor-hivemq-controller-122] DEBUG c.h.p.o.h.HiveMQPlatformReconcilerErrorHandler - [helmvolu] Pod 'test-hivemq-platform-1' phase Running
2025-01-28 21:23:55,579 INFO c.h.h.t.HelmChartContainer - [hivemq-test-hivemq-platform] [hivemq-platform-operator] [68e05e19] 21:23:55.578 [ReconcilerExecutor-hivemq-controller-122] DEBUG c.h.p.o.h.HiveMQPlatformReconcilerErrorHandler - [helmvolu] Pod 'test-hivemq-platform-0' phase Running
2025-01-28 21:23:55,637 INFO c.h.h.t.HelmChartContainer - [hivemq-test-hivemq-platform] [hivemq-platform-operator] [68e05e19] 21:23:55.636 [ReconcilerExecutor-hivemq-controller-122] DEBUG c.h.p.o.h.HiveMQPlatformReconcilerRollingRestartHandler - [helmvolu] Skipping Pod test-hivemq-platform-2 as it's already on the controller update revision (update revision: test-hivemq-platform-59475f86c9, pod revision: test-hivemq-platform-59475f86c9)
2025-01-28 21:23:55,641 INFO c.h.h.t.HelmChartContainer - [hivemq-test-hivemq-platform] [hivemq-platform-operator] [68e05e19] 21:23:55.640 [ReconcilerExecutor-hivemq-controller-122] DEBUG c.h.p.o.h.HiveMQPlatformReconcilerRollingRestartHandler - [helmvolu] Skipping Pod test-hivemq-platform-1 as it's already on the controller update revision (update revision: test-hivemq-platform-59475f86c9, pod revision: test-hivemq-platform-59475f86c9)
2025-01-28 21:23:55,644 INFO c.h.h.t.HelmChartContainer - [hivemq-test-hivemq-platform] [hivemq-platform-operator] [68e05e19] 21:23:55.643 [ReconcilerExecutor-hivemq-controller-122] DEBUG c.h.p.o.h.HiveMQPlatformReconcilerRollingRestartHandler - [helmvolu] Skipping Pod test-hivemq-platform-0 as it's already on the controller update revision (update revision: test-hivemq-platform-59475f86c9, pod revision: test-hivemq-platform-59475f86c9)
2025-01-28 21:23:55,644 INFO c.h.h.t.HelmChartContainer - [hivemq-test-hivemq-platform] [hivemq-platform-operator] [68e05e19] 21:23:55.643 [ReconcilerExecutor-hivemq-controller-122] INFO  c.h.p.o.h.HiveMQPlatformReconcilerRollingRestartHandler - [helmvolu] Stopping surge Pod
2025-01-28 21:23:55,656 INFO c.h.h.t.HelmChartContainer - [hivemq-test-hivemq-platform] [hivemq-platform-operator] [68e05e19] 21:23:55.655 [ReconcilerExecutor-hivemq-controller-122] DEBUG c.h.p.operator.event.EventSender - [helmvolu] Creating K8s event rolling-restart-scale-down-in-progress: [RollingRestart] HiveMQ Platform is stopping the surge Pod (rolling restart)
2025-01-28 21:23:55,659 INFO c.h.h.t.HelmChartContainer - [EVENT] Normal [RollingRestart] HiveMQ Platform is stopping the surge Pod (rolling restart) [helmvolumeclaimtemplatesit:test-hivemq-platform]
2025-01-28 21:23:55,660 INFO c.h.h.t.HelmChartContainer - [hivemq-test-hivemq-platform] [hivemq-platform-operator] [68e05e19] 21:23:55.659 [ReconcilerExecutor-hivemq-controller-122] INFO  c.h.p.o.h.AbstractHiveMQReconcilerStateHandler - [helmvolu] Update HiveMQ Platform Status (ROLLING_RESTART [RESTART_PODS_IN_PROGRESS] -> ROLLING_RESTART [SCALE_DOWN_IN_PROGRESS]): HiveMQ Platform is stopping the surge Pod (rolling restart)
2025-01-28 21:23:55,667 DEBUG com.hivemq.helmcharts.util.K8sUtil - Comparing actual state 'ROLLING_RESTART' and waiting for 'RUNNING'
2025-01-28 21:24:02,407 INFO c.h.h.t.HelmChartContainer - [test-hivemq-platform] [hivemq] [666d8810] INFO  - [HiveMQ Platform Operator Init App 1.7.0-SNAPSHOT] Returning Health API response 200 for liveness
2025-01-28 21:24:05,673 INFO c.h.h.t.HelmChartContainer - [hivemq-test-hivemq-platform] [hivemq-platform-operator] [68e05e19] 21:24:05.670 [pool-6-thread-13] DEBUG c.h.p.o.d.PlatformServiceResource - [helmvolu] Desired Platform services (3 services)
2025-01-28 21:24:05,673 INFO c.h.h.t.HelmChartContainer - [hivemq-test-hivemq-platform] [hivemq-platform-operator] [68e05e19] 21:24:05.670 [pool-6-thread-15] DEBUG c.h.p.o.d.PodServiceAccountResource - [helmvolu] Desired PodServiceAccountResource (serviceAccountName: hivemq-platform-pod-test-hivemq-platform)
2025-01-28 21:24:05,673 INFO c.h.h.t.HelmChartContainer - [hivemq-test-hivemq-platform] [hivemq-platform-operator] [68e05e19] 21:24:05.671 [pool-6-thread-18] DEBUG c.h.p.o.dependants.PodInfoConfigMap - [helmvolu] Desired PodInfo ConfigMap (1 extensions) (1 enabled)
2025-01-28 21:24:05,673 INFO c.h.h.t.HelmChartContainer - [hivemq-test-hivemq-platform] [hivemq-platform-operator] [68e05e19] 21:24:05.671 [pool-6-thread-18] DEBUG c.h.p.o.dependants.PodInfoConfigMap - [helmvolu] Desired PodInfo ConfigMap (metrics port: 9399) (metrics path: /)
2025-01-28 21:24:05,673 INFO c.h.h.t.HelmChartContainer - [hivemq-test-hivemq-platform] [hivemq-platform-operator] [68e05e19] 21:24:05.671 [pool-6-thread-18] DEBUG c.h.p.o.dependants.PodInfoConfigMap - [helmvolu] Desired PodInfo ConfigMap (extension state hash: -1817474005)
2025-01-28 21:24:05,674 INFO c.h.h.t.HelmChartContainer - [hivemq-test-hivemq-platform] [hivemq-platform-operator] [68e05e19] 21:24:05.672 [pool-6-thread-18] DEBUG c.h.p.o.dependants.PodInfoConfigMap - [helmvolu] Update PodInfo ConfigMap
2025-01-28 21:24:05,681 INFO c.h.h.t.HelmChartContainer - [hivemq-test-hivemq-platform] [hivemq-platform-operator] [68e05e19] 21:24:05.680 [pool-6-thread-18] DEBUG c.h.p.o.d.StatefulSetResource - [helmvolu] Desired StatefulSet (2 replicas) for status ROLLING_RESTART (SCALE_DOWN_IN_PROGRESS)
2025-01-28 21:24:05,683 INFO c.h.h.t.HelmChartContainer - [hivemq-test-hivemq-platform] [hivemq-platform-operator] [68e05e19] 21:24:05.682 [pool-6-thread-18] DEBUG c.h.p.o.d.StatefulSetResource - [helmvolu] Update StatefulSet (replicas: 3 -> 2)
2025-01-28 21:24:05,704 INFO c.h.h.t.HelmChartContainer - [hivemq-test-hivemq-platform] [hivemq-platform-operator] [68e05e19] 21:24:05.702 [ReconcilerExecutor-hivemq-controller-124] INFO  c.h.p.o.HiveMQPlatformReconciler - [helmvolu] Reconciling HiveMQ Platform 'test-hivemq-platform' in namespace 'helmvolumeclaimtemplatesit'
2025-01-28 21:24:05,704 INFO c.h.h.t.HelmChartContainer - [hivemq-test-hivemq-platform] [hivemq-platform-operator] [68e05e19] 21:24:05.702 [ReconcilerExecutor-hivemq-controller-124] DEBUG c.h.p.o.HiveMQPlatformReconciler - [helmvolu] Custom Resource Status ROLLING_RESTART - HiveMQ Platform is stopping the surge Pod (rolling restart) (SCALE_DOWN_IN_PROGRESS)
2025-01-28 21:24:05,704 INFO c.h.h.t.HelmChartContainer - [hivemq-test-hivemq-platform] [hivemq-platform-operator] [68e05e19] 21:24:05.702 [ReconcilerExecutor-hivemq-controller-124] DEBUG c.h.p.o.HiveMQPlatformReconciler - [helmvolu] Custom Resource Spec (replicas: 2) (extensions: 1)
2025-01-28 21:24:05,704 INFO c.h.h.t.HelmChartContainer - [hivemq-test-hivemq-platform] [hivemq-platform-operator] [68e05e19] 21:24:05.703 [ReconcilerExecutor-hivemq-controller-124] DEBUG c.h.p.o.HiveMQPlatformReconciler - [helmvolu] StatefulSet Status (revision: test-hivemq-platform-59475f86c9, replicas: 3, available: 3, ready: 3, current: 0, updated: 3)
2025-01-28 21:24:05,704 INFO c.h.h.t.HelmChartContainer - [hivemq-test-hivemq-platform] [hivemq-platform-operator] [68e05e19] 21:24:05.703 [ReconcilerExecutor-hivemq-controller-124] DEBUG c.h.p.o.HiveMQPlatformReconciler - [helmvolu] StatefulSet Spec (replicas: 2, init containers: 1, containers: 1, volumes: 4)
2025-01-28 21:24:05,709 INFO c.h.h.t.HelmChartContainer - [POD] test-hivemq-platform-2 [49cfa83b-de70-4fb8-8087-4cdfd102438c] in helmvolumeclaimtemplatesit was MODIFIED
2025-01-28 21:24:05,710 INFO c.h.h.t.HelmChartContainer - [EVENT] Normal [SuccessfulDelete] delete Pod test-hivemq-platform-2 in StatefulSet test-hivemq-platform successful [helmvolumeclaimtemplatesit:test-hivemq-platform]
2025-01-28 21:24:05,724 INFO c.h.h.t.HelmChartContainer - [test-hivemq-platform] [hivemq] [49cfa83b] INFO  - [HiveMQ Platform Operator Init App 1.7.0-SNAPSHOT] Shutting down
2025-01-28 21:24:05,724 INFO c.h.h.t.HelmChartContainer - [test-hivemq-platform] [hivemq] [49cfa83b] INFO  - [HiveMQ Platform Operator Init App 1.7.0-SNAPSHOT] Stopping the HiveMQ Platform
2025-01-28 21:24:05,728 INFO c.h.h.t.HelmChartContainer - [EVENT] Normal [Killing] Stopping container hivemq [helmvolumeclaimtemplatesit:test-hivemq-platform-2]
2025-01-28 21:24:05,728 INFO c.h.h.t.HelmChartContainer - Received Killing event for container hivemq in pod test-hivemq-platform-2 [49cfa83b-de70-4fb8-8087-4cdfd102438c]
2025-01-28 21:24:05,728 INFO c.h.h.t.HelmChartContainer - Container [test-hivemq-platform-2] [hivemq] [49cfa83b-de70-4fb8-8087-4cdfd102438c] was terminated
2025-01-28 21:24:05,728 INFO c.h.h.t.HelmChartContainer - Stopped log watcher for hivemq in pod test-hivemq-platform-2 [49cfa83b-de70-4fb8-8087-4cdfd102438c]
2025-01-28 21:24:05,737 INFO c.h.h.t.HelmChartContainer - [hivemq-test-hivemq-platform] [hivemq-platform-operator] [68e05e19] 21:24:05.732 [ReconcilerExecutor-hivemq-controller-124] DEBUG c.h.p.o.h.HiveMQPlatformReconcilerErrorHandler - [helmvolu] Pod 'test-hivemq-platform-1' phase Running
2025-01-28 21:24:05,737 INFO c.h.h.t.HelmChartContainer - [hivemq-test-hivemq-platform] [hivemq-platform-operator] [68e05e19] 21:24:05.734 [ReconcilerExecutor-hivemq-controller-124] DEBUG c.h.p.o.h.HiveMQPlatformReconcilerErrorHandler - [helmvolu] Pod 'test-hivemq-platform-0' phase Running
2025-01-28 21:24:05,737 INFO c.h.h.t.HelmChartContainer - [hivemq-test-hivemq-platform] [hivemq-platform-operator] [68e05e19] 21:24:05.735 [ReconcilerExecutor-hivemq-controller-124] DEBUG c.h.p.o.h.HiveMQPlatformReconcilerRollingRestartHandler - [helmvolu] Rolling restart is waiting for 3 of 2 replicas
2025-01-28 21:24:05,753 INFO c.h.h.t.HelmChartContainer - [hivemq-test-hivemq-platform] [hivemq-platform-operator] [68e05e19] 21:24:05.748 [pool-6-thread-25] DEBUG c.h.p.o.d.PlatformServiceResource - [helmvolu] Desired Platform services (3 services)
2025-01-28 21:24:05,753 INFO c.h.h.t.HelmChartContainer - [hivemq-test-hivemq-platform] [hivemq-platform-operator] [68e05e19] 21:24:05.751 [pool-6-thread-25] DEBUG c.h.p.o.dependants.PodInfoConfigMap - [helmvolu] Desired PodInfo ConfigMap (1 extensions) (1 enabled)
2025-01-28 21:24:05,753 INFO c.h.h.t.HelmChartContainer - [hivemq-test-hivemq-platform] [hivemq-platform-operator] [68e05e19] 21:24:05.751 [pool-6-thread-25] DEBUG c.h.p.o.dependants.PodInfoConfigMap - [helmvolu] Desired PodInfo ConfigMap (metrics port: 9399) (metrics path: /)
2025-01-28 21:24:05,754 INFO c.h.h.t.HelmChartContainer - [hivemq-test-hivemq-platform] [hivemq-platform-operator] [68e05e19] 21:24:05.751 [pool-6-thread-25] DEBUG c.h.p.o.dependants.PodInfoConfigMap - [helmvolu] Desired PodInfo ConfigMap (extension state hash: -1817474005)
2025-01-28 21:24:05,754 INFO c.h.h.t.HelmChartContainer - [hivemq-test-hivemq-platform] [hivemq-platform-operator] [68e05e19] 21:24:05.752 [pool-6-thread-28] DEBUG c.h.p.o.d.PodServiceAccountResource - [helmvolu] Desired PodServiceAccountResource (serviceAccountName: hivemq-platform-pod-test-hivemq-platform)
2025-01-28 21:24:05,756 INFO c.h.h.t.HelmChartContainer - [hivemq-test-hivemq-platform] [hivemq-platform-operator] [68e05e19] 21:24:05.756 [pool-6-thread-29] DEBUG c.h.p.o.d.StatefulSetResource - [helmvolu] Desired StatefulSet (2 replicas) for status ROLLING_RESTART (SCALE_DOWN_IN_PROGRESS)
2025-01-28 21:24:05,760 INFO c.h.h.t.HelmChartContainer - [hivemq-test-hivemq-platform] [hivemq-platform-operator] [68e05e19] 21:24:05.758 [ReconcilerExecutor-hivemq-controller-125] INFO  c.h.p.o.HiveMQPlatformReconciler - [helmvolu] Reconciling HiveMQ Platform 'test-hivemq-platform' in namespace 'helmvolumeclaimtemplatesit'
2025-01-28 21:24:05,760 INFO c.h.h.t.HelmChartContainer - [hivemq-test-hivemq-platform] [hivemq-platform-operator] [68e05e19] 21:24:05.759 [ReconcilerExecutor-hivemq-controller-125] DEBUG c.h.p.o.HiveMQPlatformReconciler - [helmvolu] Custom Resource Status ROLLING_RESTART - HiveMQ Platform is stopping the surge Pod (rolling restart) (SCALE_DOWN_IN_PROGRESS)
2025-01-28 21:24:05,760 INFO c.h.h.t.HelmChartContainer - [hivemq-test-hivemq-platform] [hivemq-platform-operator] [68e05e19] 21:24:05.759 [ReconcilerExecutor-hivemq-controller-125] DEBUG c.h.p.o.HiveMQPlatformReconciler - [helmvolu] Custom Resource Spec (replicas: 2) (extensions: 1)
2025-01-28 21:24:05,760 INFO c.h.h.t.HelmChartContainer - [hivemq-test-hivemq-platform] [hivemq-platform-operator] [68e05e19] 21:24:05.760 [ReconcilerExecutor-hivemq-controller-125] DEBUG c.h.p.o.HiveMQPlatformReconciler - [helmvolu] StatefulSet Status (revision: test-hivemq-platform-59475f86c9, replicas: 3, available: 3, ready: 3, current: 0, updated: 2)
2025-01-28 21:24:05,760 INFO c.h.h.t.HelmChartContainer - [hivemq-test-hivemq-platform] [hivemq-platform-operator] [68e05e19] 21:24:05.760 [ReconcilerExecutor-hivemq-controller-125] DEBUG c.h.p.o.HiveMQPlatformReconciler - [helmvolu] StatefulSet Spec (replicas: 2, init containers: 1, containers: 1, volumes: 4)
2025-01-28 21:24:05,790 INFO c.h.h.t.HelmChartContainer - [hivemq-test-hivemq-platform] [hivemq-platform-operator] [68e05e19] 21:24:05.788 [ReconcilerExecutor-hivemq-controller-125] DEBUG c.h.p.o.h.HiveMQPlatformReconcilerErrorHandler - [helmvolu] Pod 'test-hivemq-platform-1' phase Running
2025-01-28 21:24:05,794 INFO c.h.h.t.HelmChartContainer - [hivemq-test-hivemq-platform] [hivemq-platform-operator] [68e05e19] 21:24:05.790 [ReconcilerExecutor-hivemq-controller-125] DEBUG c.h.p.o.h.HiveMQPlatformReconcilerErrorHandler - [helmvolu] Pod 'test-hivemq-platform-0' phase Running
2025-01-28 21:24:05,795 INFO c.h.h.t.HelmChartContainer - [hivemq-test-hivemq-platform] [hivemq-platform-operator] [68e05e19] 21:24:05.791 [ReconcilerExecutor-hivemq-controller-125] DEBUG c.h.p.o.h.HiveMQPlatformReconcilerRollingRestartHandler - [helmvolu] Rolling restart is waiting for 3 of 2 replicas
2025-01-28 21:24:05,834 INFO c.h.h.t.HelmChartContainer - [hivemq-test-hivemq-platform] [hivemq-platform-operator] [68e05e19] 21:24:05.831 [pool-6-thread-36] DEBUG c.h.p.o.d.PlatformServiceResource - [helmvolu] Desired Platform services (3 services)
2025-01-28 21:24:05,834 INFO c.h.h.t.HelmChartContainer - [hivemq-test-hivemq-platform] [hivemq-platform-operator] [68e05e19] 21:24:05.832 [pool-6-thread-31] DEBUG c.h.p.o.d.PodServiceAccountResource - [helmvolu] Desired PodServiceAccountResource (serviceAccountName: hivemq-platform-pod-test-hivemq-platform)
2025-01-28 21:24:05,834 INFO c.h.h.t.HelmChartContainer - [hivemq-test-hivemq-platform] [hivemq-platform-operator] [68e05e19] 21:24:05.833 [pool-6-thread-34] DEBUG c.h.p.o.dependants.PodInfoConfigMap - [helmvolu] Desired PodInfo ConfigMap (1 extensions) (1 enabled)
2025-01-28 21:24:05,835 INFO c.h.h.t.HelmChartContainer - [hivemq-test-hivemq-platform] [hivemq-platform-operator] [68e05e19] 21:24:05.834 [pool-6-thread-34] DEBUG c.h.p.o.dependants.PodInfoConfigMap - [helmvolu] Desired PodInfo ConfigMap (metrics port: 9399) (metrics path: /)
2025-01-28 21:24:05,836 INFO c.h.h.t.HelmChartContainer - [hivemq-test-hivemq-platform] [hivemq-platform-operator] [68e05e19] 21:24:05.834 [pool-6-thread-34] DEBUG c.h.p.o.dependants.PodInfoConfigMap - [helmvolu] Desired PodInfo ConfigMap (extension state hash: -1817474005)
2025-01-28 21:24:05,837 INFO c.h.h.t.HelmChartContainer - [hivemq-test-hivemq-platform] [hivemq-platform-operator] [68e05e19] 21:24:05.836 [pool-6-thread-34] DEBUG c.h.p.o.d.StatefulSetResource - [helmvolu] Desired StatefulSet (2 replicas) for status ROLLING_RESTART (SCALE_DOWN_IN_PROGRESS)
2025-01-28 21:24:05,839 INFO c.h.h.t.HelmChartContainer - [hivemq-test-hivemq-platform] [hivemq-platform-operator] [68e05e19] 21:24:05.838 [ReconcilerExecutor-hivemq-controller-125] INFO  c.h.p.o.HiveMQPlatformReconciler - [helmvolu] Reconciling HiveMQ Platform 'test-hivemq-platform' in namespace 'helmvolumeclaimtemplatesit'
2025-01-28 21:24:05,839 INFO c.h.h.t.HelmChartContainer - [hivemq-test-hivemq-platform] [hivemq-platform-operator] [68e05e19] 21:24:05.838 [ReconcilerExecutor-hivemq-controller-125] DEBUG c.h.p.o.HiveMQPlatformReconciler - [helmvolu] Custom Resource Status ROLLING_RESTART - HiveMQ Platform is stopping the surge Pod (rolling restart) (SCALE_DOWN_IN_PROGRESS)
2025-01-28 21:24:05,839 INFO c.h.h.t.HelmChartContainer - [hivemq-test-hivemq-platform] [hivemq-platform-operator] [68e05e19] 21:24:05.838 [ReconcilerExecutor-hivemq-controller-125] DEBUG c.h.p.o.HiveMQPlatformReconciler - [helmvolu] Custom Resource Spec (replicas: 2) (extensions: 1)
2025-01-28 21:24:05,840 INFO c.h.h.t.HelmChartContainer - [hivemq-test-hivemq-platform] [hivemq-platform-operator] [68e05e19] 21:24:05.839 [ReconcilerExecutor-hivemq-controller-125] DEBUG c.h.p.o.HiveMQPlatformReconciler - [helmvolu] StatefulSet Status (revision: test-hivemq-platform-59475f86c9, replicas: 3, available: 3, ready: 3, current: 0, updated: 2)
2025-01-28 21:24:05,840 INFO c.h.h.t.HelmChartContainer - [hivemq-test-hivemq-platform] [hivemq-platform-operator] [68e05e19] 21:24:05.839 [ReconcilerExecutor-hivemq-controller-125] DEBUG c.h.p.o.HiveMQPlatformReconciler - [helmvolu] StatefulSet Spec (replicas: 2, init containers: 1, containers: 1, volumes: 4)
2025-01-28 21:24:05,841 INFO c.h.h.t.HelmChartContainer - [hivemq-test-hivemq-platform] [hivemq-platform-operator] [68e05e19] 21:24:05.841 [ReconcilerExecutor-hivemq-controller-125] DEBUG c.h.p.o.h.HiveMQPlatformReconcilerErrorHandler - [helmvolu] Pod 'test-hivemq-platform-1' phase Running
2025-01-28 21:24:05,843 INFO c.h.h.t.HelmChartContainer - [hivemq-test-hivemq-platform] [hivemq-platform-operator] [68e05e19] 21:24:05.842 [ReconcilerExecutor-hivemq-controller-125] DEBUG c.h.p.o.h.HiveMQPlatformReconcilerErrorHandler - [helmvolu] Pod 'test-hivemq-platform-0' phase Running
2025-01-28 21:24:05,843 INFO c.h.h.t.HelmChartContainer - [hivemq-test-hivemq-platform] [hivemq-platform-operator] [68e05e19] 21:24:05.842 [ReconcilerExecutor-hivemq-controller-125] DEBUG c.h.p.o.h.HiveMQPlatformReconcilerRollingRestartHandler - [helmvolu] Rolling restart is waiting for 3 of 2 replicas
2025-01-28 21:24:05,900 INFO c.h.h.t.HelmChartContainer - [test-hivemq-platform] [hivemq] [49cfa83b] INFO  - Shutting down HiveMQ. Please wait, this could take a while...
2025-01-28 21:24:05,903 INFO c.h.h.t.HelmChartContainer - [test-hivemq-platform] [hivemq] [49cfa83b] INFO  - Shutting down listeners and clients
2025-01-28 21:24:05,905 INFO c.h.h.t.HelmChartContainer - [test-hivemq-platform] [hivemq] [49cfa83b] INFO  - Shutdown of listeners is done
2025-01-28 21:24:05,905 INFO c.h.h.t.HelmChartContainer - [test-hivemq-platform] [hivemq] [49cfa83b] INFO  - No clients are connected, proceeding with shutdown
2025-01-28 21:24:06,605 INFO c.h.h.t.HelmChartContainer - [test-hivemq-platform] [hivemq] [49cfa83b] INFO  - [HiveMQ Platform Operator Init App 1.7.0-SNAPSHOT] Returning shutdown Health API response 503 for readiness
2025-01-28 21:24:06,609 INFO c.h.h.t.HelmChartContainer - [EVENT] Warning [Unhealthy] Readiness probe failed: HTTP probe failed with statuscode: 503 [helmvolumeclaimtemplatesit:test-hivemq-platform-2]
2025-01-28 21:24:06,609 INFO c.h.h.t.HelmChartContainer - Received Unhealthy event for container hivemq in pod test-hivemq-platform-2 [49cfa83b-de70-4fb8-8087-4cdfd102438c]
2025-01-28 21:24:09,104 INFO c.h.h.t.HelmChartContainer - [test-hivemq-platform] [hivemq] [49cfa83b] INFO  - Shutting down extension system
2025-01-28 21:24:09,107 INFO c.h.h.t.HelmChartContainer - [test-hivemq-platform] [hivemq] [49cfa83b] INFO  - Stopping extension with id hivemq-dns-cluster-discovery
2025-01-28 21:24:09,108 INFO c.h.h.t.HelmChartContainer - [test-hivemq-platform] [hivemq] [49cfa83b] INFO  - Extension "DNS Cluster Discovery Extension" version 4.3.2 stopped successfully.
2025-01-28 21:24:09,109 INFO c.h.h.t.HelmChartContainer - [test-hivemq-platform] [hivemq] [49cfa83b] INFO  - Stopping extension with id hivemq-prometheus-extension
2025-01-28 21:24:09,113 INFO c.h.h.t.HelmChartContainer - [test-hivemq-platform] [hivemq] [49cfa83b] INFO  - Extension "Prometheus Monitoring Extension" version 4.0.12 stopped successfully.
2025-01-28 21:24:09,114 INFO c.h.h.t.HelmChartContainer - [test-hivemq-platform] [hivemq] [49cfa83b] INFO  - Stopping extension with id hivemq-allow-all-extension
2025-01-28 21:24:09,114 INFO c.h.h.t.HelmChartContainer - [test-hivemq-platform] [hivemq] [49cfa83b] INFO  - Extension "Allow All Extension" version 1.1.1 stopped successfully.
2025-01-28 21:24:09,118 INFO c.h.h.t.HelmChartContainer - [test-hivemq-platform] [hivemq] [4ea8272b] INFO  - Cluster nodes found by discovery: [billI|7] (2) [billI, 1f73N].
2025-01-28 21:24:09,121 INFO c.h.h.t.HelmChartContainer - [test-hivemq-platform] [hivemq] [4ea8272b] INFO  - Cluster size = 2, members : [billI, 1f73N].
2025-01-28 21:24:09,125 INFO c.h.h.t.HelmChartContainer - [test-hivemq-platform] [hivemq] [666d8810] INFO  - Cluster nodes found by discovery: [billI|7] (2) [billI, 1f73N].
2025-01-28 21:24:09,134 INFO c.h.h.t.HelmChartContainer - [test-hivemq-platform] [hivemq] [4ea8272b] INFO  - Starting cluster replication process. This may take a while. Please do not shut down HiveMQ.
2025-01-28 21:24:09,141 INFO c.h.h.t.HelmChartContainer - [test-hivemq-platform] [hivemq] [666d8810] INFO  - Cluster size = 2, members : [billI, 1f73N].
2025-01-28 21:24:09,146 INFO c.h.h.t.HelmChartContainer - [test-hivemq-platform] [hivemq] [666d8810] INFO  - Starting cluster replication process. This may take a while. Please do not shut down HiveMQ.
2025-01-28 21:24:09,518 INFO c.h.h.t.HelmChartContainer - [test-hivemq-platform] [hivemq] [4ea8272b] INFO  - Finished cluster replication successfully in 383 ms.
2025-01-28 21:24:09,608 INFO c.h.h.t.HelmChartContainer - [test-hivemq-platform] [hivemq] [666d8810] INFO  - Finished cluster replication successfully in 461 ms.
2025-01-28 21:24:11,397 INFO c.h.h.t.HelmChartContainer - [test-hivemq-platform] [hivemq] [49cfa83b] INFO  - Shutdown completed.
2025-01-28 21:24:11,608 INFO c.h.h.t.HelmChartContainer - [EVENT] Warning [Unhealthy] Readiness probe failed: HTTP probe failed with statuscode: 503 [helmvolumeclaimtemplatesit:test-hivemq-platform-2]
2025-01-28 21:24:11,609 INFO c.h.h.t.HelmChartContainer - Received Unhealthy event for container hivemq in pod test-hivemq-platform-2 [49cfa83b-de70-4fb8-8087-4cdfd102438c]
2025-01-28 21:24:11,746 INFO c.h.h.t.HelmChartContainer - [test-hivemq-platform] [hivemq] [49cfa83b] INFO  - [HiveMQ Platform Operator Init App 1.7.0-SNAPSHOT] The HiveMQ Platform exited with code 143
2025-01-28 21:24:11,747 INFO c.h.h.t.HelmChartContainer - [test-hivemq-platform] [hivemq] [49cfa83b] INFO  - [HiveMQ Platform Operator Init App 1.7.0-SNAPSHOT] Stopping the REST API
2025-01-28 21:24:11,784 INFO c.h.h.t.HelmChartContainer - [test-hivemq-platform] [hivemq] [49cfa83b] INFO  - [HiveMQ Platform Operator Init App 1.7.0-SNAPSHOT] Shutdown complete
2025-01-28 21:24:12,252 INFO c.h.h.t.HelmChartContainer - [POD] test-hivemq-platform-2 [49cfa83b-de70-4fb8-8087-4cdfd102438c] in helmvolumeclaimtemplatesit was MODIFIED
2025-01-28 21:24:12,266 INFO c.h.h.t.HelmChartContainer - [hivemq-test-hivemq-platform] [hivemq-platform-operator] [68e05e19] 21:24:12.255 [pool-6-thread-46] DEBUG c.h.p.o.dependants.PodInfoConfigMap - [helmvolu] Desired PodInfo ConfigMap (1 extensions) (1 enabled)
2025-01-28 21:24:12,266 INFO c.h.h.t.HelmChartContainer - [hivemq-test-hivemq-platform] [hivemq-platform-operator] [68e05e19] 21:24:12.255 [pool-6-thread-46] DEBUG c.h.p.o.dependants.PodInfoConfigMap - [helmvolu] Desired PodInfo ConfigMap (metrics port: 9399) (metrics path: /)
2025-01-28 21:24:12,266 INFO c.h.h.t.HelmChartContainer - [hivemq-test-hivemq-platform] [hivemq-platform-operator] [68e05e19] 21:24:12.255 [pool-6-thread-46] DEBUG c.h.p.o.dependants.PodInfoConfigMap - [helmvolu] Desired PodInfo ConfigMap (extension state hash: -1817474005)
2025-01-28 21:24:12,266 INFO c.h.h.t.HelmChartContainer - [hivemq-test-hivemq-platform] [hivemq-platform-operator] [68e05e19] 21:24:12.256 [pool-6-thread-46] DEBUG c.h.p.o.d.PodServiceAccountResource - [helmvolu] Desired PodServiceAccountResource (serviceAccountName: hivemq-platform-pod-test-hivemq-platform)
2025-01-28 21:24:12,266 INFO c.h.h.t.HelmChartContainer - [hivemq-test-hivemq-platform] [hivemq-platform-operator] [68e05e19] 21:24:12.257 [pool-6-thread-50] DEBUG c.h.p.o.d.PlatformServiceResource - [helmvolu] Desired Platform services (3 services)
2025-01-28 21:24:12,266 INFO c.h.h.t.HelmChartContainer - [hivemq-test-hivemq-platform] [hivemq-platform-operator] [68e05e19] 21:24:12.261 [pool-6-thread-42] DEBUG c.h.p.o.d.StatefulSetResource - [helmvolu] Desired StatefulSet (2 replicas) for status ROLLING_RESTART (SCALE_DOWN_IN_PROGRESS)
2025-01-28 21:24:12,283 INFO c.h.h.t.HelmChartContainer - [hivemq-test-hivemq-platform] [hivemq-platform-operator] [68e05e19] 21:24:12.271 [ReconcilerExecutor-hivemq-controller-127] INFO  c.h.p.o.HiveMQPlatformReconciler - [helmvolu] Reconciling HiveMQ Platform 'test-hivemq-platform' in namespace 'helmvolumeclaimtemplatesit'
2025-01-28 21:24:12,283 INFO c.h.h.t.HelmChartContainer - [hivemq-test-hivemq-platform] [hivemq-platform-operator] [68e05e19] 21:24:12.271 [ReconcilerExecutor-hivemq-controller-127] DEBUG c.h.p.o.HiveMQPlatformReconciler - [helmvolu] Custom Resource Status ROLLING_RESTART - HiveMQ Platform is stopping the surge Pod (rolling restart) (SCALE_DOWN_IN_PROGRESS)
2025-01-28 21:24:12,283 INFO c.h.h.t.HelmChartContainer - [hivemq-test-hivemq-platform] [hivemq-platform-operator] [68e05e19] 21:24:12.271 [ReconcilerExecutor-hivemq-controller-127] DEBUG c.h.p.o.HiveMQPlatformReconciler - [helmvolu] Custom Resource Spec (replicas: 2) (extensions: 1)
2025-01-28 21:24:12,283 INFO c.h.h.t.HelmChartContainer - [hivemq-test-hivemq-platform] [hivemq-platform-operator] [68e05e19] 21:24:12.272 [ReconcilerExecutor-hivemq-controller-127] DEBUG c.h.p.o.HiveMQPlatformReconciler - [helmvolu] StatefulSet Status (revision: test-hivemq-platform-59475f86c9, replicas: 3, available: 3, ready: 3, current: 0, updated: 2)
2025-01-28 21:24:12,283 INFO c.h.h.t.HelmChartContainer - [hivemq-test-hivemq-platform] [hivemq-platform-operator] [68e05e19] 21:24:12.272 [ReconcilerExecutor-hivemq-controller-127] DEBUG c.h.p.o.HiveMQPlatformReconciler - [helmvolu] StatefulSet Spec (replicas: 2, init containers: 1, containers: 1, volumes: 4)
2025-01-28 21:24:12,283 INFO c.h.h.t.HelmChartContainer - [hivemq-test-hivemq-platform] [hivemq-platform-operator] [68e05e19] 21:24:12.274 [ReconcilerExecutor-hivemq-controller-127] DEBUG c.h.p.o.h.HiveMQPlatformReconcilerErrorHandler - [helmvolu] Pod 'test-hivemq-platform-1' phase Running
2025-01-28 21:24:12,283 INFO c.h.h.t.HelmChartContainer - [hivemq-test-hivemq-platform] [hivemq-platform-operator] [68e05e19] 21:24:12.276 [ReconcilerExecutor-hivemq-controller-127] DEBUG c.h.p.o.h.HiveMQPlatformReconcilerErrorHandler - [helmvolu] Pod 'test-hivemq-platform-0' phase Running
2025-01-28 21:24:12,283 INFO c.h.h.t.HelmChartContainer - [hivemq-test-hivemq-platform] [hivemq-platform-operator] [68e05e19] 21:24:12.276 [ReconcilerExecutor-hivemq-controller-127] DEBUG c.h.p.o.h.HiveMQPlatformReconcilerRollingRestartHandler - [helmvolu] Rolling restart is waiting for 3 of 2 replicas
2025-01-28 21:24:12,284 INFO c.h.h.t.HelmChartContainer - [hivemq-test-hivemq-platform] [hivemq-platform-operator] [68e05e19] 21:24:12.282 [pool-6-thread-2] DEBUG c.h.p.o.d.PlatformServiceResource - [helmvolu] Desired Platform services (3 services)
2025-01-28 21:24:12,333 INFO c.h.h.t.HelmChartContainer - [hivemq-test-hivemq-platform] [hivemq-platform-operator] [68e05e19] 21:24:12.332 [pool-6-thread-3] DEBUG c.h.p.o.dependants.PodInfoConfigMap - [helmvolu] Desired PodInfo ConfigMap (1 extensions) (1 enabled)
2025-01-28 21:24:12,334 INFO c.h.h.t.HelmChartContainer - [hivemq-test-hivemq-platform] [hivemq-platform-operator] [68e05e19] 21:24:12.333 [pool-6-thread-3] DEBUG c.h.p.o.dependants.PodInfoConfigMap - [helmvolu] Desired PodInfo ConfigMap (metrics port: 9399) (metrics path: /)
2025-01-28 21:24:12,334 INFO c.h.h.t.HelmChartContainer - [hivemq-test-hivemq-platform] [hivemq-platform-operator] [68e05e19] 21:24:12.334 [pool-6-thread-3] DEBUG c.h.p.o.dependants.PodInfoConfigMap - [helmvolu] Desired PodInfo ConfigMap (extension state hash: -1817474005)
2025-01-28 21:24:12,334 INFO c.h.h.t.HelmChartContainer - [hivemq-test-hivemq-platform] [hivemq-platform-operator] [68e05e19] 21:24:12.333 [pool-6-thread-7] DEBUG c.h.p.o.d.PodServiceAccountResource - [helmvolu] Desired PodServiceAccountResource (serviceAccountName: hivemq-platform-pod-test-hivemq-platform)
2025-01-28 21:24:12,337 INFO c.h.h.t.HelmChartContainer - [hivemq-test-hivemq-platform] [hivemq-platform-operator] [68e05e19] 21:24:12.337 [pool-6-thread-5] DEBUG c.h.p.o.d.StatefulSetResource - [helmvolu] Desired StatefulSet (2 replicas) for status ROLLING_RESTART (SCALE_DOWN_IN_PROGRESS)
2025-01-28 21:24:12,341 INFO c.h.h.t.HelmChartContainer - [hivemq-test-hivemq-platform] [hivemq-platform-operator] [68e05e19] 21:24:12.339 [ReconcilerExecutor-hivemq-controller-127] INFO  c.h.p.o.HiveMQPlatformReconciler - [helmvolu] Reconciling HiveMQ Platform 'test-hivemq-platform' in namespace 'helmvolumeclaimtemplatesit'
2025-01-28 21:24:12,341 INFO c.h.h.t.HelmChartContainer - [hivemq-test-hivemq-platform] [hivemq-platform-operator] [68e05e19] 21:24:12.339 [ReconcilerExecutor-hivemq-controller-127] DEBUG c.h.p.o.HiveMQPlatformReconciler - [helmvolu] Custom Resource Status ROLLING_RESTART - HiveMQ Platform is stopping the surge Pod (rolling restart) (SCALE_DOWN_IN_PROGRESS)
2025-01-28 21:24:12,341 INFO c.h.h.t.HelmChartContainer - [hivemq-test-hivemq-platform] [hivemq-platform-operator] [68e05e19] 21:24:12.339 [ReconcilerExecutor-hivemq-controller-127] DEBUG c.h.p.o.HiveMQPlatformReconciler - [helmvolu] Custom Resource Spec (replicas: 2) (extensions: 1)
2025-01-28 21:24:12,342 INFO c.h.h.t.HelmChartContainer - [hivemq-test-hivemq-platform] [hivemq-platform-operator] [68e05e19] 21:24:12.340 [ReconcilerExecutor-hivemq-controller-127] DEBUG c.h.p.o.HiveMQPlatformReconciler - [helmvolu] StatefulSet Status (revision: test-hivemq-platform-59475f86c9, replicas: 3, available: 2, ready: 2, current: 0, updated: 2)
2025-01-28 21:24:12,342 INFO c.h.h.t.HelmChartContainer - [hivemq-test-hivemq-platform] [hivemq-platform-operator] [68e05e19] 21:24:12.341 [ReconcilerExecutor-hivemq-controller-127] DEBUG c.h.p.o.HiveMQPlatformReconciler - [helmvolu] StatefulSet Spec (replicas: 2, init containers: 1, containers: 1, volumes: 4)
2025-01-28 21:24:12,344 INFO c.h.h.t.HelmChartContainer - [hivemq-test-hivemq-platform] [hivemq-platform-operator] [68e05e19] 21:24:12.342 [ReconcilerExecutor-hivemq-controller-127] DEBUG c.h.p.o.h.HiveMQPlatformReconcilerErrorHandler - [helmvolu] Pod 'test-hivemq-platform-1' phase Running
2025-01-28 21:24:12,345 INFO c.h.h.t.HelmChartContainer - [hivemq-test-hivemq-platform] [hivemq-platform-operator] [68e05e19] 21:24:12.343 [ReconcilerExecutor-hivemq-controller-127] DEBUG c.h.p.o.h.HiveMQPlatformReconcilerErrorHandler - [helmvolu] Pod 'test-hivemq-platform-0' phase Running
2025-01-28 21:24:12,345 INFO c.h.h.t.HelmChartContainer - [hivemq-test-hivemq-platform] [hivemq-platform-operator] [68e05e19] 21:24:12.344 [ReconcilerExecutor-hivemq-controller-127] INFO  c.h.p.o.h.HiveMQPlatformReconcilerRollingRestartHandler - [helmvolu] Rolling restart is done
2025-01-28 21:24:12,357 INFO c.h.h.t.HelmChartContainer - [hivemq-test-hivemq-platform] [hivemq-platform-operator] [68e05e19] 21:24:12.357 [ReconcilerExecutor-hivemq-controller-127] DEBUG c.h.p.operator.event.EventSender - [helmvolu] Updating K8s event hivemq-platform-ready: [Ready] HiveMQ Platform is ready
2025-01-28 21:24:12,358 INFO c.h.h.t.HelmChartContainer - [EVENT] Normal [Ready] HiveMQ Platform is ready [helmvolumeclaimtemplatesit:test-hivemq-platform]
2025-01-28 21:24:12,359 INFO c.h.h.t.HelmChartContainer - [hivemq-test-hivemq-platform] [hivemq-platform-operator] [68e05e19] 21:24:12.357 [ReconcilerExecutor-hivemq-controller-127] INFO  c.h.p.o.h.AbstractHiveMQReconcilerStateHandler - [helmvolu] Update HiveMQ Platform Status (ROLLING_RESTART [SCALE_DOWN_IN_PROGRESS] -> RUNNING [READY]): HiveMQ Platform is ready
2025-01-28 21:24:12,415 INFO c.h.h.t.HelmChartContainer - [K3S] [reconciler_common.go:162] "operationExecutor.UnmountVolume started for volume \"broker-configuration\" (UniqueName: \"kubernetes.io/configmap/49cfa83b-de70-4fb8-8087-4cdfd102438c-broker-configuration\") pod \"49cfa83b-de70-4fb8-8087-4cdfd102438c\" (UID: \"49cfa83b-de70-4fb8-8087-4cdfd102438c\") "
2025-01-28 21:24:12,415 INFO c.h.h.t.HelmChartContainer - [K3S] [reconciler_common.go:162] "operationExecutor.UnmountVolume started for volume \"hivemq-pvc-data\" (UniqueName: \"kubernetes.io/local-volume/pvc-7b3bb804-43f4-418b-a5cd-44c0d241ffc8\") pod \"49cfa83b-de70-4fb8-8087-4cdfd102438c\" (UID: \"49cfa83b-de70-4fb8-8087-4cdfd102438c\") "
2025-01-28 21:24:12,415 INFO c.h.h.t.HelmChartContainer - [K3S] [reconciler_common.go:162] "operationExecutor.UnmountVolume started for volume \"kube-api-access-mbj9m\" (UniqueName: \"kubernetes.io/projected/49cfa83b-de70-4fb8-8087-4cdfd102438c-kube-api-access-mbj9m\") pod \"49cfa83b-de70-4fb8-8087-4cdfd102438c\" (UID: \"49cfa83b-de70-4fb8-8087-4cdfd102438c\") "
2025-01-28 21:24:12,415 INFO c.h.h.t.HelmChartContainer - [K3S] [reconciler_common.go:162] "operationExecutor.UnmountVolume started for volume \"pod-info\" (UniqueName: \"kubernetes.io/configmap/49cfa83b-de70-4fb8-8087-4cdfd102438c-pod-info\") pod \"49cfa83b-de70-4fb8-8087-4cdfd102438c\" (UID: \"49cfa83b-de70-4fb8-8087-4cdfd102438c\") "
2025-01-28 21:24:12,415 INFO c.h.h.t.HelmChartContainer - [K3S] [reconciler_common.go:162] "operationExecutor.UnmountVolume started for volume \"operator-init\" (UniqueName: \"kubernetes.io/empty-dir/49cfa83b-de70-4fb8-8087-4cdfd102438c-operator-init\") pod \"49cfa83b-de70-4fb8-8087-4cdfd102438c\" (UID: \"49cfa83b-de70-4fb8-8087-4cdfd102438c\") "
2025-01-28 21:24:12,441 DEBUG com.hivemq.helmcharts.util.K8sUtil - Comparing actual state 'RUNNING' and waiting for 'RUNNING'
2025-01-28 21:24:12,514 INFO c.h.h.t.HelmChartContainer - [K3S] [reconciler_common.go:299] "Volume detached for volume \"kube-api-access-mbj9m\" (UniqueName: \"kubernetes.io/projected/49cfa83b-de70-4fb8-8087-4cdfd102438c-kube-api-access-mbj9m\") on node \"579ae00a3440\" DevicePath \"\""
2025-01-28 21:24:12,514 INFO c.h.h.t.HelmChartContainer - [K3S] [reconciler_common.go:299] "Volume detached for volume \"pod-info\" (UniqueName: \"kubernetes.io/configmap/49cfa83b-de70-4fb8-8087-4cdfd102438c-pod-info\") on node \"579ae00a3440\" DevicePath \"\""
2025-01-28 21:24:12,514 INFO c.h.h.t.HelmChartContainer - [K3S] [reconciler_common.go:299] "Volume detached for volume \"operator-init\" (UniqueName: \"kubernetes.io/empty-dir/49cfa83b-de70-4fb8-8087-4cdfd102438c-operator-init\") on node \"579ae00a3440\" DevicePath \"\""
2025-01-28 21:24:12,514 INFO c.h.h.t.HelmChartContainer - [K3S] [reconciler_common.go:299] "Volume detached for volume \"broker-configuration\" (UniqueName: \"kubernetes.io/configmap/49cfa83b-de70-4fb8-8087-4cdfd102438c-broker-configuration\") on node \"579ae00a3440\" DevicePath \"\""
2025-01-28 21:24:12,514 INFO c.h.h.t.HelmChartContainer - [K3S] [reconciler_common.go:292] "operationExecutor.UnmountDevice started for volume \"pvc-7b3bb804-43f4-418b-a5cd-44c0d241ffc8\" (UniqueName: \"kubernetes.io/local-volume/pvc-7b3bb804-43f4-418b-a5cd-44c0d241ffc8\") on node \"579ae00a3440\" "
2025-01-28 21:24:12,614 INFO c.h.h.t.HelmChartContainer - [K3S] [reconciler_common.go:299] "Volume detached for volume \"pvc-7b3bb804-43f4-418b-a5cd-44c0d241ffc8\" (UniqueName: \"kubernetes.io/local-volume/pvc-7b3bb804-43f4-418b-a5cd-44c0d241ffc8\") on node \"579ae00a3440\" DevicePath \"\""
2025-01-28 21:24:13,160 INFO c.h.h.t.HelmChartContainer - [K3S] [scope.go:117] "RemoveContainer" containerID="1a3a8abdb3e23cc2f2e6df1ec8d9ab38236cf3b3829a9d3b78e5c3a397de9b87"
2025-01-28 21:24:13,165 INFO c.h.h.t.HelmChartContainer - [K3S] [scope.go:117] "RemoveContainer" containerID="78ee95ec1a03f6c6a075697afefb4646c28e844d32e2946c768c291e093c46f4"
2025-01-28 21:24:13,169 INFO c.h.h.t.HelmChartContainer - [K3S] [scope.go:117] "RemoveContainer" containerID="1a3a8abdb3e23cc2f2e6df1ec8d9ab38236cf3b3829a9d3b78e5c3a397de9b87"
2025-01-28 21:24:13,171 INFO c.h.h.t.HelmChartContainer - [K3S] [scope.go:117] "RemoveContainer" containerID="78ee95ec1a03f6c6a075697afefb4646c28e844d32e2946c768c291e093c46f4"
2025-01-28 21:24:13,197 INFO c.h.h.t.HelmChartContainer - [POD] test-hivemq-platform-2 [49cfa83b-de70-4fb8-8087-4cdfd102438c] in helmvolumeclaimtemplatesit was MODIFIED
2025-01-28 21:24:13,204 INFO c.h.h.t.HelmChartContainer - [hivemq-test-hivemq-platform] [hivemq-platform-operator] [68e05e19] 21:24:13.197 [pool-6-thread-19] DEBUG c.h.p.o.dependants.PodInfoConfigMap - [helmvolu] Desired PodInfo ConfigMap (1 extensions) (1 enabled)
2025-01-28 21:24:13,204 INFO c.h.h.t.HelmChartContainer - [hivemq-test-hivemq-platform] [hivemq-platform-operator] [68e05e19] 21:24:13.197 [pool-6-thread-19] DEBUG c.h.p.o.dependants.PodInfoConfigMap - [helmvolu] Desired PodInfo ConfigMap (metrics port: 9399) (metrics path: /)
2025-01-28 21:24:13,204 INFO c.h.h.t.HelmChartContainer - [hivemq-test-hivemq-platform] [hivemq-platform-operator] [68e05e19] 21:24:13.197 [pool-6-thread-19] DEBUG c.h.p.o.dependants.PodInfoConfigMap - [helmvolu] Desired PodInfo ConfigMap (extension state hash: -1817474005)
2025-01-28 21:24:13,204 INFO c.h.h.t.HelmChartContainer - [hivemq-test-hivemq-platform] [hivemq-platform-operator] [68e05e19] 21:24:13.197 [pool-6-thread-19] DEBUG c.h.p.o.dependants.PodInfoConfigMap - [helmvolu] Update PodInfo ConfigMap
2025-01-28 21:24:13,207 INFO c.h.h.t.HelmChartContainer - [hivemq-test-hivemq-platform] [hivemq-platform-operator] [68e05e19] 21:24:13.199 [pool-6-thread-15] DEBUG c.h.p.o.d.PlatformServiceResource - [helmvolu] Desired Platform services (3 services)
2025-01-28 21:24:13,208 INFO c.h.h.t.HelmChartContainer - [POD] test-hivemq-platform-2 [49cfa83b-de70-4fb8-8087-4cdfd102438c] in helmvolumeclaimtemplatesit was DELETED
2025-01-28 21:24:13,208 INFO c.h.h.t.HelmChartContainer - [hivemq-test-hivemq-platform] [hivemq-platform-operator] [68e05e19] 21:24:13.203 [pool-6-thread-15] DEBUG c.h.p.o.d.PodServiceAccountResource - [helmvolu] Desired PodServiceAccountResource (serviceAccountName: hivemq-platform-pod-test-hivemq-platform)
2025-01-28 21:24:13,209 INFO c.h.h.t.HelmChartContainer - [K3S] [endpointslice_controller.go:344] "Error syncing endpoint slices for service, retrying" key="helmvolumeclaimtemplatesit/hivemq-test-hivemq-platform-cluster" err="EndpointSlice informer cache is out of date"
2025-01-28 21:24:13,224 INFO c.h.h.t.HelmChartContainer - [hivemq-test-hivemq-platform] [hivemq-platform-operator] [68e05e19] 21:24:13.222 [pool-6-thread-19] DEBUG c.h.p.o.d.StatefulSetResource - [helmvolu] Desired StatefulSet (2 replicas) for status RUNNING (READY)
2025-01-28 21:24:13,228 INFO c.h.h.t.HelmChartContainer - [hivemq-test-hivemq-platform] [hivemq-platform-operator] [68e05e19] 21:24:13.225 [ReconcilerExecutor-hivemq-controller-130] INFO  c.h.p.o.HiveMQPlatformReconciler - [helmvolu] Reconciling HiveMQ Platform 'test-hivemq-platform' in namespace 'helmvolumeclaimtemplatesit'
2025-01-28 21:24:13,228 INFO c.h.h.t.HelmChartContainer - [hivemq-test-hivemq-platform] [hivemq-platform-operator] [68e05e19] 21:24:13.225 [ReconcilerExecutor-hivemq-controller-130] DEBUG c.h.p.o.HiveMQPlatformReconciler - [helmvolu] Custom Resource Status RUNNING - HiveMQ Platform is ready (READY)
2025-01-28 21:24:13,228 INFO c.h.h.t.HelmChartContainer - [hivemq-test-hivemq-platform] [hivemq-platform-operator] [68e05e19] 21:24:13.225 [ReconcilerExecutor-hivemq-controller-130] DEBUG c.h.p.o.HiveMQPlatformReconciler - [helmvolu] Custom Resource Spec (replicas: 2) (extensions: 1)
2025-01-28 21:24:13,228 INFO c.h.h.t.HelmChartContainer - [hivemq-test-hivemq-platform] [hivemq-platform-operator] [68e05e19] 21:24:13.226 [ReconcilerExecutor-hivemq-controller-130] DEBUG c.h.p.o.HiveMQPlatformReconciler - [helmvolu] StatefulSet Status (revision: test-hivemq-platform-59475f86c9, replicas: 2, available: 2, ready: 2, current: 0, updated: 2)
2025-01-28 21:24:13,228 INFO c.h.h.t.HelmChartContainer - [hivemq-test-hivemq-platform] [hivemq-platform-operator] [68e05e19] 21:24:13.226 [ReconcilerExecutor-hivemq-controller-130] DEBUG c.h.p.o.HiveMQPlatformReconciler - [helmvolu] StatefulSet Spec (replicas: 2, init containers: 1, containers: 1, volumes: 4)
2025-01-28 21:24:13,231 INFO c.h.h.t.HelmChartContainer - [hivemq-test-hivemq-platform] [hivemq-platform-operator] [68e05e19] 21:24:13.227 [ReconcilerExecutor-hivemq-controller-130] DEBUG c.h.p.o.h.HiveMQPlatformReconcilerErrorHandler - [helmvolu] Pod 'test-hivemq-platform-1' phase Running
2025-01-28 21:24:13,231 INFO c.h.h.t.HelmChartContainer - [hivemq-test-hivemq-platform] [hivemq-platform-operator] [68e05e19] 21:24:13.228 [ReconcilerExecutor-hivemq-controller-130] DEBUG c.h.p.o.h.HiveMQPlatformReconcilerErrorHandler - [helmvolu] Pod 'test-hivemq-platform-0' phase Running
2025-01-28 21:24:13,235 INFO c.h.h.t.HelmChartContainer - [hivemq-test-hivemq-platform] [hivemq-platform-operator] [68e05e19] 21:24:13.232 [pool-6-thread-28] DEBUG c.h.p.o.d.PlatformServiceResource - [helmvolu] Desired Platform services (3 services)
2025-01-28 21:24:13,235 INFO c.h.h.t.HelmChartContainer - [hivemq-test-hivemq-platform] [hivemq-platform-operator] [68e05e19] 21:24:13.234 [pool-6-thread-25] DEBUG c.h.p.o.dependants.PodInfoConfigMap - [helmvolu] Desired PodInfo ConfigMap (1 extensions) (1 enabled)
2025-01-28 21:24:13,235 INFO c.h.h.t.HelmChartContainer - [hivemq-test-hivemq-platform] [hivemq-platform-operator] [68e05e19] 21:24:13.234 [pool-6-thread-25] DEBUG c.h.p.o.dependants.PodInfoConfigMap - [helmvolu] Desired PodInfo ConfigMap (metrics port: 9399) (metrics path: /)
2025-01-28 21:24:13,236 INFO c.h.h.t.HelmChartContainer - [hivemq-test-hivemq-platform] [hivemq-platform-operator] [68e05e19] 21:24:13.234 [pool-6-thread-25] DEBUG c.h.p.o.dependants.PodInfoConfigMap - [helmvolu] Desired PodInfo ConfigMap (extension state hash: -1817474005)
2025-01-28 21:24:13,236 INFO c.h.h.t.HelmChartContainer - [hivemq-test-hivemq-platform] [hivemq-platform-operator] [68e05e19] 21:24:13.234 [pool-6-thread-22] DEBUG c.h.p.o.d.PodServiceAccountResource - [helmvolu] Desired PodServiceAccountResource (serviceAccountName: hivemq-platform-pod-test-hivemq-platform)
2025-01-28 21:24:13,242 INFO c.h.h.t.HelmChartContainer - [hivemq-test-hivemq-platform] [hivemq-platform-operator] [68e05e19] 21:24:13.239 [pool-6-thread-25] DEBUG c.h.p.o.d.StatefulSetResource - [helmvolu] Desired StatefulSet (2 replicas) for status RUNNING (READY)
2025-01-28 21:24:13,251 INFO c.h.h.t.HelmChartContainer - [hivemq-test-hivemq-platform] [hivemq-platform-operator] [68e05e19] 21:24:13.247 [ReconcilerExecutor-hivemq-controller-131] INFO  c.h.p.o.HiveMQPlatformReconciler - [helmvolu] Reconciling HiveMQ Platform 'test-hivemq-platform' in namespace 'helmvolumeclaimtemplatesit'
2025-01-28 21:24:13,251 INFO c.h.h.t.HelmChartContainer - [hivemq-test-hivemq-platform] [hivemq-platform-operator] [68e05e19] 21:24:13.247 [ReconcilerExecutor-hivemq-controller-131] DEBUG c.h.p.o.HiveMQPlatformReconciler - [helmvolu] Custom Resource Status RUNNING - HiveMQ Platform is ready (READY)
2025-01-28 21:24:13,251 INFO c.h.h.t.HelmChartContainer - [hivemq-test-hivemq-platform] [hivemq-platform-operator] [68e05e19] 21:24:13.247 [ReconcilerExecutor-hivemq-controller-131] DEBUG c.h.p.o.HiveMQPlatformReconciler - [helmvolu] Custom Resource Spec (replicas: 2) (extensions: 1)
2025-01-28 21:24:13,287 INFO c.h.h.t.HelmChartContainer - [hivemq-test-hivemq-platform] [hivemq-platform-operator] [68e05e19] 21:24:13.286 [ReconcilerExecutor-hivemq-controller-131] DEBUG c.h.p.o.HiveMQPlatformReconciler - [helmvolu] StatefulSet Status (revision: test-hivemq-platform-59475f86c9, replicas: 2, available: 2, ready: 2, current: 0, updated: 2)
2025-01-28 21:24:13,287 INFO c.h.h.t.HelmChartContainer - [hivemq-test-hivemq-platform] [hivemq-platform-operator] [68e05e19] 21:24:13.286 [ReconcilerExecutor-hivemq-controller-131] DEBUG c.h.p.o.HiveMQPlatformReconciler - [helmvolu] StatefulSet Spec (replicas: 2, init containers: 1, containers: 1, volumes: 4)
2025-01-28 21:24:13,288 INFO c.h.h.t.HelmChartContainer - [hivemq-test-hivemq-platform] [hivemq-platform-operator] [68e05e19] 21:24:13.287 [ReconcilerExecutor-hivemq-controller-131] DEBUG c.h.p.o.h.HiveMQPlatformReconcilerErrorHandler - [helmvolu] Pod 'test-hivemq-platform-1' phase Running
2025-01-28 21:24:13,289 INFO c.h.h.t.HelmChartContainer - [hivemq-test-hivemq-platform] [hivemq-platform-operator] [68e05e19] 21:24:13.288 [ReconcilerExecutor-hivemq-controller-131] DEBUG c.h.p.o.h.HiveMQPlatformReconcilerErrorHandler - [helmvolu] Pod 'test-hivemq-platform-0' phase Running
2025-01-28 21:24:13,403 INFO c.h.h.t.HelmChartContainer - [K3S] [kubelet_volumes.go:163] "Cleaned up orphaned pod volumes dir" podUID="49cfa83b-de70-4fb8-8087-4cdfd102438c" path="/var/lib/kubelet/pods/49cfa83b-de70-4fb8-8087-4cdfd102438c/volumes"
2025-01-28 21:24:14,540 DEBUG com.hivemq.helmcharts.util.PodUtil - Received status for command '[cat, /opt/hivemq/data/test-hivemq-platform-0.txt]' on pod 'test-hivemq-platform-0' (exit code: 0)
2025-01-28 21:24:14,629 DEBUG com.hivemq.helmcharts.util.PodUtil - Received status for command '[cat, /opt/hivemq/data/test-hivemq-platform-1.txt]' on pod 'test-hivemq-platform-1' (exit code: 0)
2025-01-28 21:24:14,630 INFO c.h.h.t.HelmChartContainer - Uninstalling release 'test-hivemq-platform' in namespace 'helmvolumeclaimtemplatesit'...
2025-01-28 21:24:14,630 DEBUG c.h.h.t.HelmChartContainer - Executing helm command: /bin/helm --kubeconfig /etc/rancher/k3s/k3s.yaml uninstall test-hivemq-platform  --wait --timeout 5m0s --cascade foreground --namespace helmvolumeclaimtemplatesit
2025-01-28 21:24:14,841 INFO c.h.h.t.HelmChartContainer - [hivemq-test-hivemq-platform] [hivemq-platform-operator] [68e05e19] 21:24:14.836 [pool-6-thread-37] DEBUG c.h.p.o.d.PlatformServiceResource - [helmvolu] Desired Platform services (3 services)
2025-01-28 21:24:14,849 INFO c.h.h.t.HelmChartContainer - [hivemq-test-hivemq-platform] [hivemq-platform-operator] [68e05e19] 21:24:14.837 [pool-6-thread-35] DEBUG c.h.p.o.d.PodServiceAccountResource - [helmvolu] Desired PodServiceAccountResource (serviceAccountName: hivemq-platform-pod-test-hivemq-platform)
2025-01-28 21:24:14,849 INFO c.h.h.t.HelmChartContainer - [hivemq-test-hivemq-platform] [hivemq-platform-operator] [68e05e19] 21:24:14.837 [pool-6-thread-38] DEBUG c.h.p.o.dependants.PodInfoConfigMap - [helmvolu] Desired PodInfo ConfigMap (1 extensions) (1 enabled)
2025-01-28 21:24:14,849 INFO c.h.h.t.HelmChartContainer - [hivemq-test-hivemq-platform] [hivemq-platform-operator] [68e05e19] 21:24:14.838 [pool-6-thread-38] DEBUG c.h.p.o.dependants.PodInfoConfigMap - [helmvolu] Desired PodInfo ConfigMap (metrics port: 9399) (metrics path: /)
2025-01-28 21:24:14,849 INFO c.h.h.t.HelmChartContainer - [hivemq-test-hivemq-platform] [hivemq-platform-operator] [68e05e19] 21:24:14.838 [pool-6-thread-38] DEBUG c.h.p.o.dependants.PodInfoConfigMap - [helmvolu] Desired PodInfo ConfigMap (extension state hash: -1817474005)
2025-01-28 21:24:14,849 INFO c.h.h.t.HelmChartContainer - [hivemq-test-hivemq-platform] [hivemq-platform-operator] [68e05e19] 21:24:14.841 [pool-6-thread-37] DEBUG c.h.p.o.d.StatefulSetResource - [helmvolu] Desired StatefulSet (2 replicas) for status RUNNING (READY)
2025-01-28 21:24:14,849 INFO c.h.h.t.HelmChartContainer - [hivemq-test-hivemq-platform] [hivemq-platform-operator] [68e05e19] 21:24:14.843 [ReconcilerExecutor-hivemq-controller-132] INFO  c.h.p.o.HiveMQPlatformReconciler - [helmvolu] Reconciling HiveMQ Platform 'test-hivemq-platform' in namespace 'helmvolumeclaimtemplatesit'
2025-01-28 21:24:14,849 INFO c.h.h.t.HelmChartContainer - [hivemq-test-hivemq-platform] [hivemq-platform-operator] [68e05e19] 21:24:14.843 [ReconcilerExecutor-hivemq-controller-132] DEBUG c.h.p.o.HiveMQPlatformReconciler - [helmvolu] Custom Resource Status RUNNING - HiveMQ Platform is ready (READY)
2025-01-28 21:24:14,849 INFO c.h.h.t.HelmChartContainer - [hivemq-test-hivemq-platform] [hivemq-platform-operator] [68e05e19] 21:24:14.843 [ReconcilerExecutor-hivemq-controller-132] DEBUG c.h.p.o.HiveMQPlatformReconciler - [helmvolu] Custom Resource Spec (replicas: 2) (extensions: 1)
2025-01-28 21:24:14,849 INFO c.h.h.t.HelmChartContainer - [hivemq-test-hivemq-platform] [hivemq-platform-operator] [68e05e19] 21:24:14.844 [ReconcilerExecutor-hivemq-controller-132] DEBUG c.h.p.o.HiveMQPlatformReconciler - [helmvolu] StatefulSet Status (revision: test-hivemq-platform-59475f86c9, replicas: 2, available: 2, ready: 2, current: 0, updated: 2)
2025-01-28 21:24:14,850 INFO c.h.h.t.HelmChartContainer - [hivemq-test-hivemq-platform] [hivemq-platform-operator] [68e05e19] 21:24:14.844 [ReconcilerExecutor-hivemq-controller-132] DEBUG c.h.p.o.HiveMQPlatformReconciler - [helmvolu] StatefulSet Spec (replicas: 2, init containers: 1, containers: 1, volumes: 4)
2025-01-28 21:24:14,850 INFO c.h.h.t.HelmChartContainer - [hivemq-test-hivemq-platform] [hivemq-platform-operator] [68e05e19] 21:24:14.846 [ReconcilerExecutor-hivemq-controller-132] DEBUG c.h.p.o.h.HiveMQPlatformReconcilerErrorHandler - [helmvolu] Pod 'test-hivemq-platform-1' phase Running
2025-01-28 21:24:14,850 INFO c.h.h.t.HelmChartContainer - [hivemq-test-hivemq-platform] [hivemq-platform-operator] [68e05e19] 21:24:14.846 [ReconcilerExecutor-hivemq-controller-132] DEBUG c.h.p.o.h.HiveMQPlatformReconcilerErrorHandler - [helmvolu] Pod 'test-hivemq-platform-0' phase Running
2025-01-28 21:24:14,855 INFO c.h.h.t.HelmChartContainer - [hivemq-test-hivemq-platform] [hivemq-platform-operator] [68e05e19] 21:24:14.850 [ReconcilerExecutor-hivemq-controller-132] INFO  c.h.p.o.HiveMQPlatformReconciler - [helmvolu] Cleanup test-hivemq-platform - helmvolumeclaimtemplatesit HiveMQ Platform is shut down
2025-01-28 21:24:15,388 INFO c.h.h.t.HelmChartContainer - [K3S] [authentication.go:74] "Unable to authenticate the request" err="[invalid bearer token, serviceaccounts \"hivemq-platform-pod-test-hivemq-platform\" not found]"
2025-01-28 21:24:15,413 INFO c.h.h.t.HelmChartContainer - [K3S] [authentication.go:74] "Unable to authenticate the request" err="[invalid bearer token, serviceaccounts \"hivemq-platform-pod-test-hivemq-platform\" not found]"
2025-01-28 21:24:15,469 INFO c.h.h.t.HelmChartContainer - [test-hivemq-platform] [hivemq] [4ea8272b] WARN  - [HiveMQ Platform Operator Init App 1.7.0-SNAPSHOT] Could not update Pod annotations: Failure executing: GET at: https://10.43.0.1:443/api/v1/namespaces/helmvolumeclaimtemplatesit/pods/test-hivemq-platform-1. Message: Unauthorized. Received status: Status(apiVersion=v1, code=401, details=null, kind=Status, message=Unauthorized, metadata=ListMeta(_continue=null, remainingItemCount=null, resourceVersion=null, selfLink=null, additionalProperties={}), reason=Unauthorized, status=Failure, additionalProperties={}).
2025-01-28 21:24:15,847 INFO c.h.h.t.HelmChartContainer - [POD] test-hivemq-platform-0 [666d8810-fb8c-4db6-95d0-778d6e2ebc36] in helmvolumeclaimtemplatesit was MODIFIED
2025-01-28 21:24:15,852 INFO c.h.h.t.HelmChartContainer - [EVENT] Normal [Killing] Stopping container hivemq [helmvolumeclaimtemplatesit:test-hivemq-platform-0]
2025-01-28 21:24:15,852 INFO c.h.h.t.HelmChartContainer - Received Killing event for container hivemq in pod test-hivemq-platform-0 [666d8810-fb8c-4db6-95d0-778d6e2ebc36]
2025-01-28 21:24:15,852 INFO c.h.h.t.HelmChartContainer - Container [test-hivemq-platform-0] [hivemq] [666d8810-fb8c-4db6-95d0-778d6e2ebc36] was terminated
2025-01-28 21:24:15,852 INFO c.h.h.t.HelmChartContainer - Stopped log watcher for hivemq in pod test-hivemq-platform-0 [666d8810-fb8c-4db6-95d0-778d6e2ebc36]
2025-01-28 21:24:15,857 INFO c.h.h.t.HelmChartContainer - [test-hivemq-platform] [hivemq] [666d8810] INFO  - [HiveMQ Platform Operator Init App 1.7.0-SNAPSHOT] Shutting down
2025-01-28 21:24:15,857 INFO c.h.h.t.HelmChartContainer - [test-hivemq-platform] [hivemq] [666d8810] INFO  - [HiveMQ Platform Operator Init App 1.7.0-SNAPSHOT] Stopping the HiveMQ Platform
2025-01-28 21:24:15,873 INFO c.h.h.t.HelmChartContainer - [POD] test-hivemq-platform-1 [4ea8272b-5d5d-481f-beb8-22d5a08eadab] in helmvolumeclaimtemplatesit was MODIFIED
2025-01-28 21:24:15,886 INFO c.h.h.t.HelmChartContainer - [test-hivemq-platform] [hivemq] [4ea8272b] INFO  - [HiveMQ Platform Operator Init App 1.7.0-SNAPSHOT] Shutting down
2025-01-28 21:24:15,887 INFO c.h.h.t.HelmChartContainer - [EVENT] Normal [Killing] Stopping container hivemq [helmvolumeclaimtemplatesit:test-hivemq-platform-1]
2025-01-28 21:24:15,887 INFO c.h.h.t.HelmChartContainer - Received Killing event for container hivemq in pod test-hivemq-platform-1 [4ea8272b-5d5d-481f-beb8-22d5a08eadab]
2025-01-28 21:24:15,887 INFO c.h.h.t.HelmChartContainer - Container [test-hivemq-platform-1] [hivemq] [4ea8272b-5d5d-481f-beb8-22d5a08eadab] was terminated
2025-01-28 21:24:15,887 INFO c.h.h.t.HelmChartContainer - Stopped log watcher for hivemq in pod test-hivemq-platform-1 [4ea8272b-5d5d-481f-beb8-22d5a08eadab]
2025-01-28 21:24:15,888 INFO c.h.h.t.HelmChartContainer - [test-hivemq-platform] [hivemq] [4ea8272b] INFO  - [HiveMQ Platform Operator Init App 1.7.0-SNAPSHOT] Stopping the HiveMQ Platform
2025-01-28 21:24:15,929 INFO c.h.h.t.HelmChartContainer - [test-hivemq-platform] [hivemq] [666d8810] INFO  - Shutting down HiveMQ. Please wait, this could take a while...
2025-01-28 21:24:15,981 INFO c.h.h.t.HelmChartContainer - [test-hivemq-platform] [hivemq] [4ea8272b] INFO  - Shutting down HiveMQ. Please wait, this could take a while...
2025-01-28 21:24:16,008 INFO c.h.h.t.HelmChartContainer - [test-hivemq-platform] [hivemq] [666d8810] INFO  - Shutting down listeners and clients
2025-01-28 21:24:16,010 INFO c.h.h.t.HelmChartContainer - [test-hivemq-platform] [hivemq] [666d8810] INFO  - Shutdown of listeners is done
2025-01-28 21:24:16,010 INFO c.h.h.t.HelmChartContainer - [test-hivemq-platform] [hivemq] [666d8810] INFO  - No clients are connected, proceeding with shutdown
2025-01-28 21:24:16,048 INFO c.h.h.t.HelmChartContainer - [K3S] [authentication.go:74] "Unable to authenticate the request" err="[invalid bearer token, serviceaccounts \"hivemq-platform-pod-test-hivemq-platform\" not found]"
2025-01-28 21:24:16,064 INFO c.h.h.t.HelmChartContainer - [test-hivemq-platform] [hivemq] [4ea8272b] INFO  - Shutting down listeners and clients
2025-01-28 21:24:16,066 INFO c.h.h.t.HelmChartContainer - [test-hivemq-platform] [hivemq] [4ea8272b] INFO  - Shutdown of listeners is done
2025-01-28 21:24:16,066 INFO c.h.h.t.HelmChartContainer - [test-hivemq-platform] [hivemq] [4ea8272b] INFO  - No clients are connected, proceeding with shutdown
2025-01-28 21:24:16,111 INFO c.h.h.t.HelmChartContainer - [K3S] [authentication.go:74] "Unable to authenticate the request" err="[invalid bearer token, serviceaccounts \"hivemq-platform-pod-test-hivemq-platform\" not found]"
2025-01-28 21:24:16,123 INFO c.h.h.t.HelmChartContainer - [test-hivemq-platform] [hivemq] [666d8810] WARN  - [HiveMQ Platform Operator Init App 1.7.0-SNAPSHOT] Could not update Pod annotations: Failure executing: GET at: https://10.43.0.1:443/api/v1/namespaces/helmvolumeclaimtemplatesit/pods/test-hivemq-platform-0. Message: Unauthorized. Received status: Status(apiVersion=v1, code=401, details=null, kind=Status, message=Unauthorized, metadata=ListMeta(_continue=null, remainingItemCount=null, resourceVersion=null, selfLink=null, additionalProperties={}), reason=Unauthorized, status=Failure, additionalProperties={}).
2025-01-28 21:24:16,893 INFO c.h.h.t.HelmChartContainer - Deleting namespace 'helmvolumeclaimtemplatesit'...
2025-01-28 21:24:18,322 INFO c.h.h.t.HelmChartContainer - [test-hivemq-platform] [hivemq] [666d8810] INFO  - Shutting down extension system
2025-01-28 21:24:18,326 INFO c.h.h.t.HelmChartContainer - [test-hivemq-platform] [hivemq] [666d8810] INFO  - Stopping extension with id hivemq-dns-cluster-discovery
2025-01-28 21:24:18,327 INFO c.h.h.t.HelmChartContainer - [test-hivemq-platform] [hivemq] [666d8810] INFO  - Extension "DNS Cluster Discovery Extension" version 4.3.2 stopped successfully.
2025-01-28 21:24:18,327 INFO c.h.h.t.HelmChartContainer - [test-hivemq-platform] [hivemq] [666d8810] INFO  - Stopping extension with id hivemq-prometheus-extension
2025-01-28 21:24:18,330 INFO c.h.h.t.HelmChartContainer - [test-hivemq-platform] [hivemq] [666d8810] INFO  - Extension "Prometheus Monitoring Extension" version 4.0.12 stopped successfully.
2025-01-28 21:24:18,331 INFO c.h.h.t.HelmChartContainer - [test-hivemq-platform] [hivemq] [666d8810] INFO  - Stopping extension with id hivemq-allow-all-extension
2025-01-28 21:24:18,331 INFO c.h.h.t.HelmChartContainer - [test-hivemq-platform] [hivemq] [666d8810] INFO  - Extension "Allow All Extension" version 1.1.1 stopped successfully.
2025-01-28 21:24:18,335 INFO c.h.h.t.HelmChartContainer - [test-hivemq-platform] [hivemq] [4ea8272b] INFO  - Cluster nodes found by discovery: [billI|8] (1) [billI].
2025-01-28 21:24:18,337 INFO c.h.h.t.HelmChartContainer - [test-hivemq-platform] [hivemq] [4ea8272b] INFO  - Cluster size = 1, members : [billI].
2025-01-28 21:24:18,874 INFO c.h.h.t.HelmChartContainer - [test-hivemq-platform] [hivemq] [4ea8272b] INFO  - Shutting down extension system
2025-01-28 21:24:18,876 INFO c.h.h.t.HelmChartContainer - [test-hivemq-platform] [hivemq] [4ea8272b] INFO  - Stopping extension with id hivemq-dns-cluster-discovery
2025-01-28 21:24:18,877 INFO c.h.h.t.HelmChartContainer - [test-hivemq-platform] [hivemq] [4ea8272b] INFO  - Extension "DNS Cluster Discovery Extension" version 4.3.2 stopped successfully.
2025-01-28 21:24:18,877 INFO c.h.h.t.HelmChartContainer - [test-hivemq-platform] [hivemq] [4ea8272b] INFO  - Stopping extension with id hivemq-prometheus-extension
2025-01-28 21:24:18,881 INFO c.h.h.t.HelmChartContainer - [test-hivemq-platform] [hivemq] [4ea8272b] INFO  - Extension "Prometheus Monitoring Extension" version 4.0.12 stopped successfully.
2025-01-28 21:24:18,882 INFO c.h.h.t.HelmChartContainer - [test-hivemq-platform] [hivemq] [4ea8272b] INFO  - Stopping extension with id hivemq-allow-all-extension
2025-01-28 21:24:18,882 INFO c.h.h.t.HelmChartContainer - [test-hivemq-platform] [hivemq] [4ea8272b] INFO  - Extension "Allow All Extension" version 1.1.1 stopped successfully.
2025-01-28 21:24:19,685 INFO c.h.h.t.HelmChartContainer - [test-hivemq-platform] [hivemq] [4ea8272b] INFO  - [HiveMQ Platform Operator Init App 1.7.0-SNAPSHOT] Returning shutdown Health API response 503 for readiness
2025-01-28 21:24:19,689 INFO c.h.h.t.HelmChartContainer - [EVENT] Warning [Unhealthy] Readiness probe failed: HTTP probe failed with statuscode: 503 [helmvolumeclaimtemplatesit:test-hivemq-platform-1]
2025-01-28 21:24:19,689 INFO c.h.h.t.HelmChartContainer - Received Unhealthy event for container hivemq in pod test-hivemq-platform-1 [4ea8272b-5d5d-481f-beb8-22d5a08eadab]
2025-01-28 21:24:20,473 INFO c.h.h.t.HelmChartContainer - [K3S] [authentication.go:74] "Unable to authenticate the request" err="[invalid bearer token, serviceaccounts \"hivemq-platform-pod-test-hivemq-platform\" not found]"
2025-01-28 21:24:20,486 INFO c.h.h.t.HelmChartContainer - [K3S] [authentication.go:74] "Unable to authenticate the request" err="[invalid bearer token, serviceaccounts \"hivemq-platform-pod-test-hivemq-platform\" not found]"
2025-01-28 21:24:20,488 INFO c.h.h.t.HelmChartContainer - [test-hivemq-platform] [hivemq] [4ea8272b] WARN  - [HiveMQ Platform Operator Init App 1.7.0-SNAPSHOT] Could not update Pod annotations: Failure executing: GET at: https://10.43.0.1:443/api/v1/namespaces/helmvolumeclaimtemplatesit/pods/test-hivemq-platform-1. Message: Unauthorized. Received status: Status(apiVersion=v1, code=401, details=null, kind=Status, message=Unauthorized, metadata=ListMeta(_continue=null, remainingItemCount=null, resourceVersion=null, selfLink=null, additionalProperties={}), reason=Unauthorized, status=Failure, additionalProperties={}).
2025-01-28 21:24:20,528 INFO c.h.h.t.HelmChartContainer - [test-hivemq-platform] [hivemq] [666d8810] INFO  - [HiveMQ Platform Operator Init App 1.7.0-SNAPSHOT] Returning shutdown Health API response 503 for readiness
2025-01-28 21:24:20,533 INFO c.h.h.t.HelmChartContainer - [EVENT] Warning [Unhealthy] Readiness probe failed: HTTP probe failed with statuscode: 503 [helmvolumeclaimtemplatesit:test-hivemq-platform-0]
2025-01-28 21:24:20,533 INFO c.h.h.t.HelmChartContainer - Received Unhealthy event for container hivemq in pod test-hivemq-platform-0 [666d8810-fb8c-4db6-95d0-778d6e2ebc36]
2025-01-28 21:24:20,618 INFO c.h.h.t.HelmChartContainer - [test-hivemq-platform] [hivemq] [666d8810] INFO  - Shutdown completed.
2025-01-28 21:24:20,975 INFO c.h.h.t.HelmChartContainer - [test-hivemq-platform] [hivemq] [666d8810] INFO  - [HiveMQ Platform Operator Init App 1.7.0-SNAPSHOT] The HiveMQ Platform exited with code 143
2025-01-28 21:24:20,976 INFO c.h.h.t.HelmChartContainer - [test-hivemq-platform] [hivemq] [666d8810] INFO  - [HiveMQ Platform Operator Init App 1.7.0-SNAPSHOT] Stopping the REST API
2025-01-28 21:24:21,006 INFO c.h.h.t.HelmChartContainer - [test-hivemq-platform] [hivemq] [666d8810] INFO  - [HiveMQ Platform Operator Init App 1.7.0-SNAPSHOT] Shutdown complete
2025-01-28 21:24:21,164 INFO c.h.h.t.HelmChartContainer - [test-hivemq-platform] [hivemq] [4ea8272b] INFO  - Shutdown completed.
2025-01-28 21:24:21,469 INFO c.h.h.t.HelmChartContainer - [POD] test-hivemq-platform-0 [666d8810-fb8c-4db6-95d0-778d6e2ebc36] in helmvolumeclaimtemplatesit was MODIFIED
2025-01-28 21:24:21,470 INFO c.h.h.t.HelmChartContainer - [K3S] [stateful_set.go:438] "Unhandled Error" err="error syncing StatefulSet helmvolumeclaimtemplatesit/test-hivemq-platform, requeuing: controllerrevisions.apps \"test-hivemq-platform-59475f86c9\" is forbidden: unable to create new content in namespace helmvolumeclaimtemplatesit because it is being terminated"
2025-01-28 21:24:21,478 INFO c.h.h.t.HelmChartContainer - [K3S] [stateful_set.go:438] "Unhandled Error" err="error syncing StatefulSet helmvolumeclaimtemplatesit/test-hivemq-platform, requeuing: controllerrevisions.apps \"test-hivemq-platform-59475f86c9\" is forbidden: unable to create new content in namespace helmvolumeclaimtemplatesit because it is being terminated"
2025-01-28 21:24:21,491 INFO c.h.h.t.HelmChartContainer - [K3S] [stateful_set.go:438] "Unhandled Error" err="error syncing StatefulSet helmvolumeclaimtemplatesit/test-hivemq-platform, requeuing: controllerrevisions.apps \"test-hivemq-platform-59475f86c9\" is forbidden: unable to create new content in namespace helmvolumeclaimtemplatesit because it is being terminated"
2025-01-28 21:24:21,515 INFO c.h.h.t.HelmChartContainer - [K3S] [stateful_set.go:438] "Unhandled Error" err="error syncing StatefulSet helmvolumeclaimtemplatesit/test-hivemq-platform, requeuing: controllerrevisions.apps \"test-hivemq-platform-59475f86c9\" is forbidden: unable to create new content in namespace helmvolumeclaimtemplatesit because it is being terminated"
2025-01-28 21:24:21,517 INFO c.h.h.t.HelmChartContainer - [test-hivemq-platform] [hivemq] [4ea8272b] INFO  - [HiveMQ Platform Operator Init App 1.7.0-SNAPSHOT] The HiveMQ Platform exited with code 143
2025-01-28 21:24:21,517 INFO c.h.h.t.HelmChartContainer - [test-hivemq-platform] [hivemq] [4ea8272b] INFO  - [HiveMQ Platform Operator Init App 1.7.0-SNAPSHOT] Stopping the REST API
2025-01-28 21:24:21,559 INFO c.h.h.t.HelmChartContainer - [K3S] [stateful_set.go:438] "Unhandled Error" err="error syncing StatefulSet helmvolumeclaimtemplatesit/test-hivemq-platform, requeuing: controllerrevisions.apps \"test-hivemq-platform-59475f86c9\" is forbidden: unable to create new content in namespace helmvolumeclaimtemplatesit because it is being terminated"
2025-01-28 21:24:21,564 INFO c.h.h.t.HelmChartContainer - [test-hivemq-platform] [hivemq] [4ea8272b] INFO  - [HiveMQ Platform Operator Init App 1.7.0-SNAPSHOT] Shutdown complete
2025-01-28 21:24:21,568 INFO c.h.h.t.HelmChartContainer - [K3S] [reconciler_common.go:162] "operationExecutor.UnmountVolume started for volume \"hivemq-pvc-data\" (UniqueName: \"kubernetes.io/local-volume/pvc-3c2aee7a-b868-4b66-94c5-fa09d47aae82\") pod \"666d8810-fb8c-4db6-95d0-778d6e2ebc36\" (UID: \"666d8810-fb8c-4db6-95d0-778d6e2ebc36\") "
2025-01-28 21:24:21,568 INFO c.h.h.t.HelmChartContainer - [K3S] [reconciler_common.go:162] "operationExecutor.UnmountVolume started for volume \"broker-configuration\" (UniqueName: \"kubernetes.io/configmap/666d8810-fb8c-4db6-95d0-778d6e2ebc36-broker-configuration\") pod \"666d8810-fb8c-4db6-95d0-778d6e2ebc36\" (UID: \"666d8810-fb8c-4db6-95d0-778d6e2ebc36\") "
2025-01-28 21:24:21,568 INFO c.h.h.t.HelmChartContainer - [K3S] [reconciler_common.go:162] "operationExecutor.UnmountVolume started for volume \"kube-api-access-gt4kc\" (UniqueName: \"kubernetes.io/projected/666d8810-fb8c-4db6-95d0-778d6e2ebc36-kube-api-access-gt4kc\") pod \"666d8810-fb8c-4db6-95d0-778d6e2ebc36\" (UID: \"666d8810-fb8c-4db6-95d0-778d6e2ebc36\") "
2025-01-28 21:24:21,568 INFO c.h.h.t.HelmChartContainer - [K3S] [reconciler_common.go:162] "operationExecutor.UnmountVolume started for volume \"pod-info\" (UniqueName: \"kubernetes.io/configmap/666d8810-fb8c-4db6-95d0-778d6e2ebc36-pod-info\") pod \"666d8810-fb8c-4db6-95d0-778d6e2ebc36\" (UID: \"666d8810-fb8c-4db6-95d0-778d6e2ebc36\") "
2025-01-28 21:24:21,569 INFO c.h.h.t.HelmChartContainer - [K3S] [reconciler_common.go:162] "operationExecutor.UnmountVolume started for volume \"operator-init\" (UniqueName: \"kubernetes.io/empty-dir/666d8810-fb8c-4db6-95d0-778d6e2ebc36-operator-init\") pod \"666d8810-fb8c-4db6-95d0-778d6e2ebc36\" (UID: \"666d8810-fb8c-4db6-95d0-778d6e2ebc36\") "
2025-01-28 21:24:21,643 INFO c.h.h.t.HelmChartContainer - [K3S] [stateful_set.go:438] "Unhandled Error" err="error syncing StatefulSet helmvolumeclaimtemplatesit/test-hivemq-platform, requeuing: controllerrevisions.apps \"test-hivemq-platform-59475f86c9\" is forbidden: unable to create new content in namespace helmvolumeclaimtemplatesit because it is being terminated"
2025-01-28 21:24:21,669 INFO c.h.h.t.HelmChartContainer - [K3S] [reconciler_common.go:299] "Volume detached for volume \"pod-info\" (UniqueName: \"kubernetes.io/configmap/666d8810-fb8c-4db6-95d0-778d6e2ebc36-pod-info\") on node \"579ae00a3440\" DevicePath \"\""
2025-01-28 21:24:21,669 INFO c.h.h.t.HelmChartContainer - [K3S] [reconciler_common.go:299] "Volume detached for volume \"operator-init\" (UniqueName: \"kubernetes.io/empty-dir/666d8810-fb8c-4db6-95d0-778d6e2ebc36-operator-init\") on node \"579ae00a3440\" DevicePath \"\""
2025-01-28 21:24:21,669 INFO c.h.h.t.HelmChartContainer - [K3S] [reconciler_common.go:292] "operationExecutor.UnmountDevice started for volume \"pvc-3c2aee7a-b868-4b66-94c5-fa09d47aae82\" (UniqueName: \"kubernetes.io/local-volume/pvc-3c2aee7a-b868-4b66-94c5-fa09d47aae82\") on node \"579ae00a3440\" "
2025-01-28 21:24:21,669 INFO c.h.h.t.HelmChartContainer - [K3S] [reconciler_common.go:299] "Volume detached for volume \"broker-configuration\" (UniqueName: \"kubernetes.io/configmap/666d8810-fb8c-4db6-95d0-778d6e2ebc36-broker-configuration\") on node \"579ae00a3440\" DevicePath \"\""
2025-01-28 21:24:21,669 INFO c.h.h.t.HelmChartContainer - [K3S] [reconciler_common.go:299] "Volume detached for volume \"kube-api-access-gt4kc\" (UniqueName: \"kubernetes.io/projected/666d8810-fb8c-4db6-95d0-778d6e2ebc36-kube-api-access-gt4kc\") on node \"579ae00a3440\" DevicePath \"\""
2025-01-28 21:24:21,769 INFO c.h.h.t.HelmChartContainer - [K3S] [reconciler_common.go:299] "Volume detached for volume \"pvc-3c2aee7a-b868-4b66-94c5-fa09d47aae82\" (UniqueName: \"kubernetes.io/local-volume/pvc-3c2aee7a-b868-4b66-94c5-fa09d47aae82\") on node \"579ae00a3440\" DevicePath \"\""
2025-01-28 21:24:21,806 INFO c.h.h.t.HelmChartContainer - [K3S] [stateful_set.go:438] "Unhandled Error" err="error syncing StatefulSet helmvolumeclaimtemplatesit/test-hivemq-platform, requeuing: controllerrevisions.apps \"test-hivemq-platform-59475f86c9\" is forbidden: unable to create new content in namespace helmvolumeclaimtemplatesit because it is being terminated"
2025-01-28 21:24:21,946 INFO c.h.h.t.HelmChartContainer - [K3S] [stateful_set.go:466] "StatefulSet has been deleted" key="helmvolumeclaimtemplatesit/test-hivemq-platform"
2025-01-28 21:24:22,019 INFO c.h.h.t.HelmChartContainer - [POD] test-hivemq-platform-1 [4ea8272b-5d5d-481f-beb8-22d5a08eadab] in helmvolumeclaimtemplatesit was MODIFIED
2025-01-28 21:24:22,128 INFO c.h.h.t.HelmChartContainer - [K3S] [stateful_set.go:466] "StatefulSet has been deleted" key="helmvolumeclaimtemplatesit/test-hivemq-platform"
2025-01-28 21:24:22,172 INFO c.h.h.t.HelmChartContainer - [K3S] [reconciler_common.go:162] "operationExecutor.UnmountVolume started for volume \"kube-api-access-v4d5z\" (UniqueName: \"kubernetes.io/projected/4ea8272b-5d5d-481f-beb8-22d5a08eadab-kube-api-access-v4d5z\") pod \"4ea8272b-5d5d-481f-beb8-22d5a08eadab\" (UID: \"4ea8272b-5d5d-481f-beb8-22d5a08eadab\") "
2025-01-28 21:24:22,172 INFO c.h.h.t.HelmChartContainer - [K3S] [reconciler_common.go:162] "operationExecutor.UnmountVolume started for volume \"pod-info\" (UniqueName: \"kubernetes.io/configmap/4ea8272b-5d5d-481f-beb8-22d5a08eadab-pod-info\") pod \"4ea8272b-5d5d-481f-beb8-22d5a08eadab\" (UID: \"4ea8272b-5d5d-481f-beb8-22d5a08eadab\") "
2025-01-28 21:24:22,172 INFO c.h.h.t.HelmChartContainer - [K3S] [reconciler_common.go:162] "operationExecutor.UnmountVolume started for volume \"operator-init\" (UniqueName: \"kubernetes.io/empty-dir/4ea8272b-5d5d-481f-beb8-22d5a08eadab-operator-init\") pod \"4ea8272b-5d5d-481f-beb8-22d5a08eadab\" (UID: \"4ea8272b-5d5d-481f-beb8-22d5a08eadab\") "
2025-01-28 21:24:22,173 INFO c.h.h.t.HelmChartContainer - [K3S] [reconciler_common.go:162] "operationExecutor.UnmountVolume started for volume \"broker-configuration\" (UniqueName: \"kubernetes.io/configmap/4ea8272b-5d5d-481f-beb8-22d5a08eadab-broker-configuration\") pod \"4ea8272b-5d5d-481f-beb8-22d5a08eadab\" (UID: \"4ea8272b-5d5d-481f-beb8-22d5a08eadab\") "
2025-01-28 21:24:22,173 INFO c.h.h.t.HelmChartContainer - [K3S] [reconciler_common.go:162] "operationExecutor.UnmountVolume started for volume \"hivemq-pvc-data\" (UniqueName: \"kubernetes.io/local-volume/pvc-d1803ee3-df9a-4b32-b37a-14e96b886d93\") pod \"4ea8272b-5d5d-481f-beb8-22d5a08eadab\" (UID: \"4ea8272b-5d5d-481f-beb8-22d5a08eadab\") "
2025-01-28 21:24:22,175 INFO c.h.h.t.HelmChartContainer - [K3S] [scope.go:117] "RemoveContainer" containerID="8511c66a21821848a7aac8bb7c7a0fea5596fa679342e57914887fce8f274256"
2025-01-28 21:24:22,180 INFO c.h.h.t.HelmChartContainer - [K3S] [scope.go:117] "RemoveContainer" containerID="cb4670ce7349393ceb9b489d1274fb15ac7625f87d3ec7d95642b59af269945e"
2025-01-28 21:24:22,184 INFO c.h.h.t.HelmChartContainer - [K3S] [scope.go:117] "RemoveContainer" containerID="8511c66a21821848a7aac8bb7c7a0fea5596fa679342e57914887fce8f274256"
2025-01-28 21:24:22,185 INFO c.h.h.t.HelmChartContainer - [K3S] [scope.go:117] "RemoveContainer" containerID="cb4670ce7349393ceb9b489d1274fb15ac7625f87d3ec7d95642b59af269945e"
2025-01-28 21:24:22,185 INFO c.h.h.t.HelmChartContainer - [K3S] [scope.go:117] "RemoveContainer" containerID="916432f55738e27886ad1501c174c842da2188211f45a1098fab1df96a734c82"
2025-01-28 21:24:22,190 INFO c.h.h.t.HelmChartContainer - [K3S] [scope.go:117] "RemoveContainer" containerID="f8fab3fed17ff1f943bcadc73e120798a1e06c56021920a204f947487952e84c"
2025-01-28 21:24:22,193 INFO c.h.h.t.HelmChartContainer - [K3S] [scope.go:117] "RemoveContainer" containerID="916432f55738e27886ad1501c174c842da2188211f45a1098fab1df96a734c82"
2025-01-28 21:24:22,195 INFO c.h.h.t.HelmChartContainer - [K3S] [scope.go:117] "RemoveContainer" containerID="f8fab3fed17ff1f943bcadc73e120798a1e06c56021920a204f947487952e84c"
2025-01-28 21:24:22,196 INFO c.h.h.t.HelmChartContainer - [POD] test-hivemq-platform-0 [666d8810-fb8c-4db6-95d0-778d6e2ebc36] in helmvolumeclaimtemplatesit was MODIFIED
2025-01-28 21:24:22,201 INFO c.h.h.t.HelmChartContainer - [POD] test-hivemq-platform-0 [666d8810-fb8c-4db6-95d0-778d6e2ebc36] in helmvolumeclaimtemplatesit was DELETED
2025-01-28 21:24:22,263 INFO c.h.h.t.HelmChartContainer - [K3S] [memory_manager.go:355] "RemoveStaleState removing state" podUID="666d8810-fb8c-4db6-95d0-778d6e2ebc36" containerName="hivemq"
2025-01-28 21:24:22,264 INFO c.h.h.t.HelmChartContainer - [K3S] [memory_manager.go:355] "RemoveStaleState removing state" podUID="4ea8272b-5d5d-481f-beb8-22d5a08eadab" containerName="hivemq"
2025-01-28 21:24:22,265 INFO c.h.h.t.HelmChartContainer - [POD] helper-pod-delete-pvc-3c2aee7a-b868-4b66-94c5-fa09d47aae82 [5983f774-0668-4b71-96d3-d6a7ccbe5799] in kube-system was ADDED
2025-01-28 21:24:22,265 INFO c.h.h.t.HelmChartContainer - [K3S] [memory_manager.go:355] "RemoveStaleState removing state" podUID="49cfa83b-de70-4fb8-8087-4cdfd102438c" containerName="hivemq"
2025-01-28 21:24:22,271 INFO c.h.h.t.HelmChartContainer - [K3S] [reconciler_common.go:299] "Volume detached for volume \"kube-api-access-v4d5z\" (UniqueName: \"kubernetes.io/projected/4ea8272b-5d5d-481f-beb8-22d5a08eadab-kube-api-access-v4d5z\") on node \"579ae00a3440\" DevicePath \"\""
2025-01-28 21:24:22,271 INFO c.h.h.t.HelmChartContainer - [K3S] [reconciler_common.go:299] "Volume detached for volume \"pod-info\" (UniqueName: \"kubernetes.io/configmap/4ea8272b-5d5d-481f-beb8-22d5a08eadab-pod-info\") on node \"579ae00a3440\" DevicePath \"\""
2025-01-28 21:24:22,271 INFO c.h.h.t.HelmChartContainer - [K3S] [reconciler_common.go:299] "Volume detached for volume \"operator-init\" (UniqueName: \"kubernetes.io/empty-dir/4ea8272b-5d5d-481f-beb8-22d5a08eadab-operator-init\") on node \"579ae00a3440\" DevicePath \"\""
2025-01-28 21:24:22,271 INFO c.h.h.t.HelmChartContainer - [K3S] [reconciler_common.go:292] "operationExecutor.UnmountDevice started for volume \"pvc-d1803ee3-df9a-4b32-b37a-14e96b886d93\" (UniqueName: \"kubernetes.io/local-volume/pvc-d1803ee3-df9a-4b32-b37a-14e96b886d93\") on node \"579ae00a3440\" "
2025-01-28 21:24:22,272 INFO c.h.h.t.HelmChartContainer - [K3S] [reconciler_common.go:299] "Volume detached for volume \"broker-configuration\" (UniqueName: \"kubernetes.io/configmap/4ea8272b-5d5d-481f-beb8-22d5a08eadab-broker-configuration\") on node \"579ae00a3440\" DevicePath \"\""
2025-01-28 21:24:22,275 INFO c.h.h.t.HelmChartContainer - [POD] helper-pod-delete-pvc-3c2aee7a-b868-4b66-94c5-fa09d47aae82 [5983f774-0668-4b71-96d3-d6a7ccbe5799] in kube-system was MODIFIED
2025-01-28 21:24:22,280 INFO c.h.h.t.HelmChartContainer - [POD] helper-pod-delete-pvc-7b3bb804-43f4-418b-a5cd-44c0d241ffc8 [f22d679b-a4f9-4ed2-86b6-163a9e2315eb] in kube-system was ADDED
2025-01-28 21:24:22,286 INFO c.h.h.t.HelmChartContainer - [POD] helper-pod-delete-pvc-7b3bb804-43f4-418b-a5cd-44c0d241ffc8 [f22d679b-a4f9-4ed2-86b6-163a9e2315eb] in kube-system was MODIFIED
2025-01-28 21:24:22,371 INFO c.h.h.t.HelmChartContainer - [K3S] [reconciler_common.go:251] "operationExecutor.VerifyControllerAttachedVolume started for volume \"data\" (UniqueName: \"kubernetes.io/host-path/5983f774-0668-4b71-96d3-d6a7ccbe5799-data\") pod \"helper-pod-delete-pvc-3c2aee7a-b868-4b66-94c5-fa09d47aae82\" (UID: \"5983f774-0668-4b71-96d3-d6a7ccbe5799\") " pod="kube-system/helper-pod-delete-pvc-3c2aee7a-b868-4b66-94c5-fa09d47aae82"
2025-01-28 21:24:22,371 INFO c.h.h.t.HelmChartContainer - [K3S] [reconciler_common.go:251] "operationExecutor.VerifyControllerAttachedVolume started for volume \"script\" (UniqueName: \"kubernetes.io/configmap/5983f774-0668-4b71-96d3-d6a7ccbe5799-script\") pod \"helper-pod-delete-pvc-3c2aee7a-b868-4b66-94c5-fa09d47aae82\" (UID: \"5983f774-0668-4b71-96d3-d6a7ccbe5799\") " pod="kube-system/helper-pod-delete-pvc-3c2aee7a-b868-4b66-94c5-fa09d47aae82"
2025-01-28 21:24:22,372 INFO c.h.h.t.HelmChartContainer - [K3S] [reconciler_common.go:251] "operationExecutor.VerifyControllerAttachedVolume started for volume \"kube-api-access-fhm77\" (UniqueName: \"kubernetes.io/projected/5983f774-0668-4b71-96d3-d6a7ccbe5799-kube-api-access-fhm77\") pod \"helper-pod-delete-pvc-3c2aee7a-b868-4b66-94c5-fa09d47aae82\" (UID: \"5983f774-0668-4b71-96d3-d6a7ccbe5799\") " pod="kube-system/helper-pod-delete-pvc-3c2aee7a-b868-4b66-94c5-fa09d47aae82"
2025-01-28 21:24:22,372 INFO c.h.h.t.HelmChartContainer - [K3S] [reconciler_common.go:251] "operationExecutor.VerifyControllerAttachedVolume started for volume \"script\" (UniqueName: \"kubernetes.io/configmap/f22d679b-a4f9-4ed2-86b6-163a9e2315eb-script\") pod \"helper-pod-delete-pvc-7b3bb804-43f4-418b-a5cd-44c0d241ffc8\" (UID: \"f22d679b-a4f9-4ed2-86b6-163a9e2315eb\") " pod="kube-system/helper-pod-delete-pvc-7b3bb804-43f4-418b-a5cd-44c0d241ffc8"
2025-01-28 21:24:22,372 INFO c.h.h.t.HelmChartContainer - [K3S] [reconciler_common.go:251] "operationExecutor.VerifyControllerAttachedVolume started for volume \"data\" (UniqueName: \"kubernetes.io/host-path/f22d679b-a4f9-4ed2-86b6-163a9e2315eb-data\") pod \"helper-pod-delete-pvc-7b3bb804-43f4-418b-a5cd-44c0d241ffc8\" (UID: \"f22d679b-a4f9-4ed2-86b6-163a9e2315eb\") " pod="kube-system/helper-pod-delete-pvc-7b3bb804-43f4-418b-a5cd-44c0d241ffc8"
2025-01-28 21:24:22,372 INFO c.h.h.t.HelmChartContainer - [K3S] [reconciler_common.go:251] "operationExecutor.VerifyControllerAttachedVolume started for volume \"kube-api-access-vf7tx\" (UniqueName: \"kubernetes.io/projected/f22d679b-a4f9-4ed2-86b6-163a9e2315eb-kube-api-access-vf7tx\") pod \"helper-pod-delete-pvc-7b3bb804-43f4-418b-a5cd-44c0d241ffc8\" (UID: \"f22d679b-a4f9-4ed2-86b6-163a9e2315eb\") " pod="kube-system/helper-pod-delete-pvc-7b3bb804-43f4-418b-a5cd-44c0d241ffc8"
2025-01-28 21:24:22,372 INFO c.h.h.t.HelmChartContainer - [K3S] [reconciler_common.go:299] "Volume detached for volume \"pvc-d1803ee3-df9a-4b32-b37a-14e96b886d93\" (UniqueName: \"kubernetes.io/local-volume/pvc-d1803ee3-df9a-4b32-b37a-14e96b886d93\") on node \"579ae00a3440\" DevicePath \"\""
2025-01-28 21:24:22,488 INFO c.h.h.t.HelmChartContainer - [POD] test-hivemq-platform-1 [4ea8272b-5d5d-481f-beb8-22d5a08eadab] in helmvolumeclaimtemplatesit was MODIFIED
2025-01-28 21:24:22,490 INFO c.h.h.t.HelmChartContainer - [POD] test-hivemq-platform-1 [4ea8272b-5d5d-481f-beb8-22d5a08eadab] in helmvolumeclaimtemplatesit was DELETED
2025-01-28 21:24:22,504 INFO c.h.h.t.HelmChartContainer - [POD] helper-pod-delete-pvc-d1803ee3-df9a-4b32-b37a-14e96b886d93 [829e8a39-b64c-4588-8eb6-ae2391e59dcb] in kube-system was ADDED
2025-01-28 21:24:22,511 INFO c.h.h.t.HelmChartContainer - [POD] helper-pod-delete-pvc-d1803ee3-df9a-4b32-b37a-14e96b886d93 [829e8a39-b64c-4588-8eb6-ae2391e59dcb] in kube-system was MODIFIED
2025-01-28 21:24:22,674 INFO c.h.h.t.HelmChartContainer - [K3S] [reconciler_common.go:251] "operationExecutor.VerifyControllerAttachedVolume started for volume \"kube-api-access-kg5w4\" (UniqueName: \"kubernetes.io/projected/829e8a39-b64c-4588-8eb6-ae2391e59dcb-kube-api-access-kg5w4\") pod \"helper-pod-delete-pvc-d1803ee3-df9a-4b32-b37a-14e96b886d93\" (UID: \"829e8a39-b64c-4588-8eb6-ae2391e59dcb\") " pod="kube-system/helper-pod-delete-pvc-d1803ee3-df9a-4b32-b37a-14e96b886d93"
2025-01-28 21:24:22,674 INFO c.h.h.t.HelmChartContainer - [K3S] [reconciler_common.go:251] "operationExecutor.VerifyControllerAttachedVolume started for volume \"data\" (UniqueName: \"kubernetes.io/host-path/829e8a39-b64c-4588-8eb6-ae2391e59dcb-data\") pod \"helper-pod-delete-pvc-d1803ee3-df9a-4b32-b37a-14e96b886d93\" (UID: \"829e8a39-b64c-4588-8eb6-ae2391e59dcb\") " pod="kube-system/helper-pod-delete-pvc-d1803ee3-df9a-4b32-b37a-14e96b886d93"
2025-01-28 21:24:22,674 INFO c.h.h.t.HelmChartContainer - [K3S] [reconciler_common.go:251] "operationExecutor.VerifyControllerAttachedVolume started for volume \"script\" (UniqueName: \"kubernetes.io/configmap/829e8a39-b64c-4588-8eb6-ae2391e59dcb-script\") pod \"helper-pod-delete-pvc-d1803ee3-df9a-4b32-b37a-14e96b886d93\" (UID: \"829e8a39-b64c-4588-8eb6-ae2391e59dcb\") " pod="kube-system/helper-pod-delete-pvc-d1803ee3-df9a-4b32-b37a-14e96b886d93"
2025-01-28 21:24:23,191 INFO c.h.h.t.HelmChartContainer - [POD] helper-pod-delete-pvc-3c2aee7a-b868-4b66-94c5-fa09d47aae82 [5983f774-0668-4b71-96d3-d6a7ccbe5799] in kube-system was MODIFIED
2025-01-28 21:24:23,200 INFO c.h.h.t.HelmChartContainer - [POD] helper-pod-delete-pvc-7b3bb804-43f4-418b-a5cd-44c0d241ffc8 [f22d679b-a4f9-4ed2-86b6-163a9e2315eb] in kube-system was MODIFIED
2025-01-28 21:24:23,208 INFO c.h.h.t.HelmChartContainer - [POD] helper-pod-delete-pvc-d1803ee3-df9a-4b32-b37a-14e96b886d93 [829e8a39-b64c-4588-8eb6-ae2391e59dcb] in kube-system was MODIFIED
2025-01-28 21:24:23,404 INFO c.h.h.t.HelmChartContainer - [K3S] [kubelet_volumes.go:163] "Cleaned up orphaned pod volumes dir" podUID="4ea8272b-5d5d-481f-beb8-22d5a08eadab" path="/var/lib/kubelet/pods/4ea8272b-5d5d-481f-beb8-22d5a08eadab/volumes"
2025-01-28 21:24:23,405 INFO c.h.h.t.HelmChartContainer - [K3S] [kubelet_volumes.go:163] "Cleaned up orphaned pod volumes dir" podUID="666d8810-fb8c-4db6-95d0-778d6e2ebc36" path="/var/lib/kubelet/pods/666d8810-fb8c-4db6-95d0-778d6e2ebc36/volumes"
2025-01-28 21:24:24,202 INFO c.h.h.t.HelmChartContainer - [POD] helper-pod-delete-pvc-d1803ee3-df9a-4b32-b37a-14e96b886d93 [829e8a39-b64c-4588-8eb6-ae2391e59dcb] in kube-system was MODIFIED
2025-01-28 21:24:24,273 INFO c.h.h.t.HelmChartContainer - [POD] helper-pod-delete-pvc-7b3bb804-43f4-418b-a5cd-44c0d241ffc8 [f22d679b-a4f9-4ed2-86b6-163a9e2315eb] in kube-system was MODIFIED
2025-01-28 21:24:24,281 INFO c.h.h.t.HelmChartContainer - [POD] helper-pod-delete-pvc-3c2aee7a-b868-4b66-94c5-fa09d47aae82 [5983f774-0668-4b71-96d3-d6a7ccbe5799] in kube-system was MODIFIED
2025-01-28 21:24:24,298 INFO c.h.h.t.HelmChartContainer - [POD] helper-pod-delete-pvc-7b3bb804-43f4-418b-a5cd-44c0d241ffc8 [f22d679b-a4f9-4ed2-86b6-163a9e2315eb] in kube-system was MODIFIED
2025-01-28 21:24:24,307 INFO c.h.h.t.HelmChartContainer - [POD] helper-pod-delete-pvc-7b3bb804-43f4-418b-a5cd-44c0d241ffc8 [f22d679b-a4f9-4ed2-86b6-163a9e2315eb] in kube-system was DELETED
2025-01-28 21:24:24,383 INFO c.h.h.t.HelmChartContainer - [K3S] [reconciler_common.go:162] "operationExecutor.UnmountVolume started for volume \"data\" (UniqueName: \"kubernetes.io/host-path/5983f774-0668-4b71-96d3-d6a7ccbe5799-data\") pod \"5983f774-0668-4b71-96d3-d6a7ccbe5799\" (UID: \"5983f774-0668-4b71-96d3-d6a7ccbe5799\") "
2025-01-28 21:24:24,383 INFO c.h.h.t.HelmChartContainer - [K3S] [reconciler_common.go:162] "operationExecutor.UnmountVolume started for volume \"data\" (UniqueName: \"kubernetes.io/host-path/f22d679b-a4f9-4ed2-86b6-163a9e2315eb-data\") pod \"f22d679b-a4f9-4ed2-86b6-163a9e2315eb\" (UID: \"f22d679b-a4f9-4ed2-86b6-163a9e2315eb\") "
2025-01-28 21:24:24,384 INFO c.h.h.t.HelmChartContainer - [K3S] [reconciler_common.go:162] "operationExecutor.UnmountVolume started for volume \"kube-api-access-vf7tx\" (UniqueName: \"kubernetes.io/projected/f22d679b-a4f9-4ed2-86b6-163a9e2315eb-kube-api-access-vf7tx\") pod \"f22d679b-a4f9-4ed2-86b6-163a9e2315eb\" (UID: \"f22d679b-a4f9-4ed2-86b6-163a9e2315eb\") "
2025-01-28 21:24:24,384 INFO c.h.h.t.HelmChartContainer - [K3S] [reconciler_common.go:162] "operationExecutor.UnmountVolume started for volume \"script\" (UniqueName: \"kubernetes.io/configmap/5983f774-0668-4b71-96d3-d6a7ccbe5799-script\") pod \"5983f774-0668-4b71-96d3-d6a7ccbe5799\" (UID: \"5983f774-0668-4b71-96d3-d6a7ccbe5799\") "
2025-01-28 21:24:24,384 INFO c.h.h.t.HelmChartContainer - [K3S] [reconciler_common.go:162] "operationExecutor.UnmountVolume started for volume \"script\" (UniqueName: \"kubernetes.io/configmap/f22d679b-a4f9-4ed2-86b6-163a9e2315eb-script\") pod \"f22d679b-a4f9-4ed2-86b6-163a9e2315eb\" (UID: \"f22d679b-a4f9-4ed2-86b6-163a9e2315eb\") "
2025-01-28 21:24:24,385 INFO c.h.h.t.HelmChartContainer - [K3S] [reconciler_common.go:162] "operationExecutor.UnmountVolume started for volume \"kube-api-access-fhm77\" (UniqueName: \"kubernetes.io/projected/5983f774-0668-4b71-96d3-d6a7ccbe5799-kube-api-access-fhm77\") pod \"5983f774-0668-4b71-96d3-d6a7ccbe5799\" (UID: \"5983f774-0668-4b71-96d3-d6a7ccbe5799\") "
2025-01-28 21:24:24,385 INFO c.h.h.t.HelmChartContainer - [K3S] [reconciler_common.go:299] "Volume detached for volume \"data\" (UniqueName: \"kubernetes.io/host-path/5983f774-0668-4b71-96d3-d6a7ccbe5799-data\") on node \"579ae00a3440\" DevicePath \"\""
2025-01-28 21:24:24,385 INFO c.h.h.t.HelmChartContainer - [K3S] [reconciler_common.go:299] "Volume detached for volume \"data\" (UniqueName: \"kubernetes.io/host-path/f22d679b-a4f9-4ed2-86b6-163a9e2315eb-data\") on node \"579ae00a3440\" DevicePath \"\""
2025-01-28 21:24:24,484 INFO c.h.h.t.HelmChartContainer - [K3S] [reconciler_common.go:299] "Volume detached for volume \"kube-api-access-vf7tx\" (UniqueName: \"kubernetes.io/projected/f22d679b-a4f9-4ed2-86b6-163a9e2315eb-kube-api-access-vf7tx\") on node \"579ae00a3440\" DevicePath \"\""
2025-01-28 21:24:24,484 INFO c.h.h.t.HelmChartContainer - [K3S] [reconciler_common.go:299] "Volume detached for volume \"script\" (UniqueName: \"kubernetes.io/configmap/5983f774-0668-4b71-96d3-d6a7ccbe5799-script\") on node \"579ae00a3440\" DevicePath \"\""
2025-01-28 21:24:24,484 INFO c.h.h.t.HelmChartContainer - [K3S] [reconciler_common.go:299] "Volume detached for volume \"script\" (UniqueName: \"kubernetes.io/configmap/f22d679b-a4f9-4ed2-86b6-163a9e2315eb-script\") on node \"579ae00a3440\" DevicePath \"\""
2025-01-28 21:24:24,484 INFO c.h.h.t.HelmChartContainer - [K3S] [reconciler_common.go:299] "Volume detached for volume \"kube-api-access-fhm77\" (UniqueName: \"kubernetes.io/projected/5983f774-0668-4b71-96d3-d6a7ccbe5799-kube-api-access-fhm77\") on node \"579ae00a3440\" DevicePath \"\""
2025-01-28 21:24:25,191 INFO c.h.h.t.HelmChartContainer - [K3S] [pod_container_deletor.go:80] "Container not found in pod's containers" containerID="cafda8a079642b06a9973cd4eb879c4857a8afa9377cc71e2bada160a64b9923"
2025-01-28 21:24:25,192 INFO c.h.h.t.HelmChartContainer - [K3S] [pod_container_deletor.go:80] "Container not found in pod's containers" containerID="bbcd9bf666ba65c22241d84ff17a51ad13f11199d9a6831ba2837cdd88fa44b8"
2025-01-28 21:24:25,202 INFO c.h.h.t.HelmChartContainer - [K3S] [status_manager.go:890] "Failed to get status for pod" podUID="f22d679b-a4f9-4ed2-86b6-163a9e2315eb" pod="kube-system/helper-pod-delete-pvc-7b3bb804-43f4-418b-a5cd-44c0d241ffc8" err="pods \"helper-pod-delete-pvc-7b3bb804-43f4-418b-a5cd-44c0d241ffc8\" is forbidden: User \"system:node:579ae00a3440\" cannot get resource \"pods\" in API group \"\" in the namespace \"kube-system\": no relationship found between node '579ae00a3440' and this object"
2025-01-28 21:24:25,283 INFO c.h.h.t.HelmChartContainer - [POD] helper-pod-delete-pvc-d1803ee3-df9a-4b32-b37a-14e96b886d93 [829e8a39-b64c-4588-8eb6-ae2391e59dcb] in kube-system was MODIFIED
2025-01-28 21:24:25,283 INFO c.h.h.t.HelmChartContainer - [K3S] [status_manager.go:890] "Failed to get status for pod" podUID="f22d679b-a4f9-4ed2-86b6-163a9e2315eb" pod="kube-system/helper-pod-delete-pvc-7b3bb804-43f4-418b-a5cd-44c0d241ffc8" err="pods \"helper-pod-delete-pvc-7b3bb804-43f4-418b-a5cd-44c0d241ffc8\" is forbidden: User \"system:node:579ae00a3440\" cannot get resource \"pods\" in API group \"\" in the namespace \"kube-system\": no relationship found between node '579ae00a3440' and this object"
2025-01-28 21:24:25,288 INFO c.h.h.t.HelmChartContainer - [POD] helper-pod-delete-pvc-3c2aee7a-b868-4b66-94c5-fa09d47aae82 [5983f774-0668-4b71-96d3-d6a7ccbe5799] in kube-system was MODIFIED
2025-01-28 21:24:25,292 INFO c.h.h.t.HelmChartContainer - [POD] helper-pod-delete-pvc-3c2aee7a-b868-4b66-94c5-fa09d47aae82 [5983f774-0668-4b71-96d3-d6a7ccbe5799] in kube-system was DELETED
2025-01-28 21:24:25,388 INFO c.h.h.t.HelmChartContainer - [K3S] [reconciler_common.go:162] "operationExecutor.UnmountVolume started for volume \"script\" (UniqueName: \"kubernetes.io/configmap/829e8a39-b64c-4588-8eb6-ae2391e59dcb-script\") pod \"829e8a39-b64c-4588-8eb6-ae2391e59dcb\" (UID: \"829e8a39-b64c-4588-8eb6-ae2391e59dcb\") "
2025-01-28 21:24:25,389 INFO c.h.h.t.HelmChartContainer - [K3S] [reconciler_common.go:162] "operationExecutor.UnmountVolume started for volume \"data\" (UniqueName: \"kubernetes.io/host-path/829e8a39-b64c-4588-8eb6-ae2391e59dcb-data\") pod \"829e8a39-b64c-4588-8eb6-ae2391e59dcb\" (UID: \"829e8a39-b64c-4588-8eb6-ae2391e59dcb\") "
2025-01-28 21:24:25,389 INFO c.h.h.t.HelmChartContainer - [K3S] [reconciler_common.go:162] "operationExecutor.UnmountVolume started for volume \"kube-api-access-kg5w4\" (UniqueName: \"kubernetes.io/projected/829e8a39-b64c-4588-8eb6-ae2391e59dcb-kube-api-access-kg5w4\") pod \"829e8a39-b64c-4588-8eb6-ae2391e59dcb\" (UID: \"829e8a39-b64c-4588-8eb6-ae2391e59dcb\") "
2025-01-28 21:24:25,403 INFO c.h.h.t.HelmChartContainer - [K3S] [kubelet_volumes.go:163] "Cleaned up orphaned pod volumes dir" podUID="5983f774-0668-4b71-96d3-d6a7ccbe5799" path="/var/lib/kubelet/pods/5983f774-0668-4b71-96d3-d6a7ccbe5799/volumes"
2025-01-28 21:24:25,404 INFO c.h.h.t.HelmChartContainer - [K3S] [kubelet_volumes.go:163] "Cleaned up orphaned pod volumes dir" podUID="f22d679b-a4f9-4ed2-86b6-163a9e2315eb" path="/var/lib/kubelet/pods/f22d679b-a4f9-4ed2-86b6-163a9e2315eb/volumes"
2025-01-28 21:24:25,489 INFO c.h.h.t.HelmChartContainer - [K3S] [reconciler_common.go:299] "Volume detached for volume \"script\" (UniqueName: \"kubernetes.io/configmap/829e8a39-b64c-4588-8eb6-ae2391e59dcb-script\") on node \"579ae00a3440\" DevicePath \"\""
2025-01-28 21:24:25,489 INFO c.h.h.t.HelmChartContainer - [K3S] [reconciler_common.go:299] "Volume detached for volume \"data\" (UniqueName: \"kubernetes.io/host-path/829e8a39-b64c-4588-8eb6-ae2391e59dcb-data\") on node \"579ae00a3440\" DevicePath \"\""
2025-01-28 21:24:25,489 INFO c.h.h.t.HelmChartContainer - [K3S] [reconciler_common.go:299] "Volume detached for volume \"kube-api-access-kg5w4\" (UniqueName: \"kubernetes.io/projected/829e8a39-b64c-4588-8eb6-ae2391e59dcb-kube-api-access-kg5w4\") on node \"579ae00a3440\" DevicePath \"\""
2025-01-28 21:24:25,523 INFO c.h.h.t.HelmChartContainer - [POD] helper-pod-delete-pvc-d1803ee3-df9a-4b32-b37a-14e96b886d93 [829e8a39-b64c-4588-8eb6-ae2391e59dcb] in kube-system was MODIFIED
2025-01-28 21:24:25,526 INFO c.h.h.t.HelmChartContainer - [POD] helper-pod-delete-pvc-d1803ee3-df9a-4b32-b37a-14e96b886d93 [829e8a39-b64c-4588-8eb6-ae2391e59dcb] in kube-system was DELETED
2025-01-28 21:24:26,194 INFO c.h.h.t.HelmChartContainer - [K3S] [pod_container_deletor.go:80] "Container not found in pod's containers" containerID="9ff770b6b40985f020efd8a5ad0976c0f0f7b0eca449a86daddea2fe101dd861"
2025-01-28 21:24:26,195 INFO c.h.h.t.HelmChartContainer - [K3S] [status_manager.go:890] "Failed to get status for pod" podUID="829e8a39-b64c-4588-8eb6-ae2391e59dcb" pod="kube-system/helper-pod-delete-pvc-d1803ee3-df9a-4b32-b37a-14e96b886d93" err="pods \"helper-pod-delete-pvc-d1803ee3-df9a-4b32-b37a-14e96b886d93\" is forbidden: User \"system:node:579ae00a3440\" cannot get resource \"pods\" in API group \"\" in the namespace \"kube-system\": no relationship found between node '579ae00a3440' and this object"
2025-01-28 21:24:27,403 INFO c.h.h.t.HelmChartContainer - [K3S] [kubelet_volumes.go:163] "Cleaned up orphaned pod volumes dir" podUID="829e8a39-b64c-4588-8eb6-ae2391e59dcb" path="/var/lib/kubelet/pods/829e8a39-b64c-4588-8eb6-ae2391e59dcb/volumes"
2025-01-28 21:24:27,424 INFO c.h.h.t.HelmChartContainer - Namespace 'helmvolumeclaimtemplatesit' deleted
2025-01-28 21:24:27,424 INFO c.h.h.t.HelmChartContainer - Release 'test-hivemq-platform' in namespace 'helmvolumeclaimtemplatesit' is uninstalled
2025-01-28 21:24:27,424 INFO c.h.h.t.HelmChartContainer - Uninstalling release 'test-hivemq-platform-operator' in namespace 'helmvolumeclaimtemplatesit-operator'...
2025-01-28 21:24:27,424 DEBUG c.h.h.t.HelmChartContainer - Executing helm command: /bin/helm --kubeconfig /etc/rancher/k3s/k3s.yaml uninstall test-hivemq-platform-operator  --wait --timeout 5m0s --cascade foreground --namespace helmvolumeclaimtemplatesit-operator
2025-01-28 21:24:27,579 INFO c.h.h.t.HelmChartContainer - [K3S] [replica_set.go:679] "Finished syncing" kind="ReplicaSet" key="helmvolumeclaimtemplatesit-operator/hivemq-test-hivemq-platform-operator-6966f96d65" duration="7.50977ms"
2025-01-28 21:24:27,579 INFO c.h.h.t.HelmChartContainer - [K3S] [replica_set.go:679] "Finished syncing" kind="ReplicaSet" key="helmvolumeclaimtemplatesit-operator/hivemq-test-hivemq-platform-operator-6966f96d65" duration="34.104µs"
2025-01-28 21:24:27,593 INFO c.h.h.t.HelmChartContainer - [POD] hivemq-test-hivemq-platform-operator-6966f96d65-27lq5 [68e05e19-ced2-4f71-9569-b2314faeb896] in helmvolumeclaimtemplatesit-operator was MODIFIED
2025-01-28 21:24:27,603 INFO c.h.h.t.HelmChartContainer - [K3S] [replica_set.go:679] "Finished syncing" kind="ReplicaSet" key="helmvolumeclaimtemplatesit-operator/hivemq-test-hivemq-platform-operator-6966f96d65" duration="14.585421ms"
2025-01-28 21:24:27,605 INFO c.h.h.t.HelmChartContainer - [EVENT] Normal [Killing] Stopping container hivemq-platform-operator [helmvolumeclaimtemplatesit-operator:hivemq-test-hivemq-platform-operator-6966f96d65-27lq5]
2025-01-28 21:24:27,605 INFO c.h.h.t.HelmChartContainer - Received Killing event for container hivemq-platform-operator in pod hivemq-test-hivemq-platform-operator-6966f96d65-27lq5 [68e05e19-ced2-4f71-9569-b2314faeb896]
2025-01-28 21:24:27,605 INFO c.h.h.t.HelmChartContainer - Container [hivemq-test-hivemq-platform-operator-6966f96d65-27lq5] [hivemq-platform-operator] [68e05e19-ced2-4f71-9569-b2314faeb896] was terminated
2025-01-28 21:24:27,605 INFO c.h.h.t.HelmChartContainer - Stopped log watcher for hivemq-platform-operator in pod hivemq-test-hivemq-platform-operator-6966f96d65-27lq5 [68e05e19-ced2-4f71-9569-b2314faeb896]
2025-01-28 21:24:27,607 INFO c.h.h.t.HelmChartContainer - [hivemq-test-hivemq-platform] [hivemq-platform-operator] [68e05e19] 21:24:27.602 [application-shutdown-thread] INFO  c.h.p.o.HiveMQPlatformOperatorApplication - HiveMQ Platform Operator is stopping...
2025-01-28 21:24:27,608 INFO c.h.h.t.HelmChartContainer - [hivemq-test-hivemq-platform] [hivemq-platform-operator] [68e05e19] 21:24:27.602 [application-shutdown-thread] INFO  i.javaoperatorsdk.operator.Operator - Operator SDK 4.9.7 is shutting down...
2025-01-28 21:24:27,609 INFO c.h.h.t.HelmChartContainer - [K3S] [replica_set.go:679] "Finished syncing" kind="ReplicaSet" key="helmvolumeclaimtemplatesit-operator/hivemq-test-hivemq-platform-operator-6966f96d65" duration="53.129µs"
2025-01-28 21:24:27,692 INFO c.h.h.t.HelmChartContainer - [EVENT] Warning [Unhealthy] Readiness probe failed: HTTP probe failed with statuscode: 503 [helmvolumeclaimtemplatesit-operator:hivemq-test-hivemq-platform-operator-6966f96d65-27lq5]
2025-01-28 21:24:27,692 INFO c.h.h.t.HelmChartContainer - Received Unhealthy event for container hivemq-platform-operator in pod hivemq-test-hivemq-platform-operator-6966f96d65-27lq5 [68e05e19-ced2-4f71-9569-b2314faeb896]
2025-01-28 21:24:28,123 INFO c.h.h.t.HelmChartContainer - [K3S] [replica_set.go:679] "Finished syncing" kind="ReplicaSet" key="helmvolumeclaimtemplatesit-operator/hivemq-test-hivemq-platform-operator-6966f96d65" duration="42.89µs"
2025-01-28 21:24:28,124 INFO c.h.h.t.HelmChartContainer - [POD] hivemq-test-hivemq-platform-operator-6966f96d65-27lq5 [68e05e19-ced2-4f71-9569-b2314faeb896] in helmvolumeclaimtemplatesit-operator was MODIFIED
2025-01-28 21:24:28,198 INFO c.h.h.t.HelmChartContainer - [K3S] [scope.go:117] "RemoveContainer" containerID="dd990a98f99f0a49e03c084f1feb5ad56d5d3b6f5e0f1192cf03c6d1f72f7f23"
2025-01-28 21:24:28,201 INFO c.h.h.t.HelmChartContainer - [K3S] [scope.go:117] "RemoveContainer" containerID="dd990a98f99f0a49e03c084f1feb5ad56d5d3b6f5e0f1192cf03c6d1f72f7f23"
2025-01-28 21:24:28,202 INFO c.h.h.t.HelmChartContainer - [K3S] [reconciler_common.go:162] "operationExecutor.UnmountVolume started for volume \"kube-api-access-7l9p6\" (UniqueName: \"kubernetes.io/projected/68e05e19-ced2-4f71-9569-b2314faeb896-kube-api-access-7l9p6\") pod \"68e05e19-ced2-4f71-9569-b2314faeb896\" (UID: \"68e05e19-ced2-4f71-9569-b2314faeb896\") "
2025-01-28 21:24:28,304 INFO c.h.h.t.HelmChartContainer - [K3S] [reconciler_common.go:299] "Volume detached for volume \"kube-api-access-7l9p6\" (UniqueName: \"kubernetes.io/projected/68e05e19-ced2-4f71-9569-b2314faeb896-kube-api-access-7l9p6\") on node \"579ae00a3440\" DevicePath \"\""
2025-01-28 21:24:28,510 INFO c.h.h.t.HelmChartContainer - [K3S] [replica_set.go:679] "Finished syncing" kind="ReplicaSet" key="helmvolumeclaimtemplatesit-operator/hivemq-test-hivemq-platform-operator-6966f96d65" duration="42.089µs"
2025-01-28 21:24:28,510 INFO c.h.h.t.HelmChartContainer - [POD] hivemq-test-hivemq-platform-operator-6966f96d65-27lq5 [68e05e19-ced2-4f71-9569-b2314faeb896] in helmvolumeclaimtemplatesit-operator was MODIFIED
2025-01-28 21:24:28,513 INFO c.h.h.t.HelmChartContainer - [K3S] [replica_set.go:679] "Finished syncing" kind="ReplicaSet" key="helmvolumeclaimtemplatesit-operator/hivemq-test-hivemq-platform-operator-6966f96d65" duration="31.679µs"
2025-01-28 21:24:28,514 INFO c.h.h.t.HelmChartContainer - [POD] hivemq-test-hivemq-platform-operator-6966f96d65-27lq5 [68e05e19-ced2-4f71-9569-b2314faeb896] in helmvolumeclaimtemplatesit-operator was DELETED
2025-01-28 21:24:28,527 INFO c.h.h.t.HelmChartContainer - [K3S] [replica_set.go:679] "Finished syncing" kind="ReplicaSet" key="helmvolumeclaimtemplatesit-operator/hivemq-test-hivemq-platform-operator-6966f96d65" duration="7.564µs"
2025-01-28 21:24:29,403 INFO c.h.h.t.HelmChartContainer - [K3S] [kubelet_volumes.go:163] "Cleaned up orphaned pod volumes dir" podUID="68e05e19-ced2-4f71-9569-b2314faeb896" path="/var/lib/kubelet/pods/68e05e19-ced2-4f71-9569-b2314faeb896/volumes"
2025-01-28 21:24:29,640 INFO c.h.h.t.HelmChartContainer - Deleting namespace 'helmvolumeclaimtemplatesit-operator'...
2025-01-28 21:24:32,344 INFO c.h.h.t.HelmChartContainer - [K3S] [namespace_controller.go:187] "Namespace has been deleted" namespace="helmvolumeclaimtemplatesit"
2025-01-28 21:24:34,860 INFO c.h.h.t.HelmChartContainer - Namespace 'helmvolumeclaimtemplatesit-operator' deleted
2025-01-28 21:24:34,860 INFO c.h.h.t.HelmChartContainer - Release 'test-hivemq-platform-operator' in namespace 'helmvolumeclaimtemplatesit-operator' is uninstalled
2025-01-28 21:24:36,206 INFO c.h.helmcharts.AbstractHelmChartIT - Removed unused containers:

2025-01-28 21:24:39,766 INFO c.h.h.t.HelmChartContainer - [K3S] [namespace_controller.go:187] "Namespace has been deleted" namespace="helmvolumeclaimtemplatesit-operator"
2025-01-28 21:24:41,566 INFO c.h.h.t.HelmChartContainer - [K3S] [scope.go:117] "RemoveContainer" containerID="38a452f8835dd39d4ce196ec00a8c776b48180babaaae55c614bf2c46a15462c"
2025-01-28 21:24:41,569 INFO c.h.h.t.HelmChartContainer - [K3S] [scope.go:117] "RemoveContainer" containerID="6c23e9729789df4b45f23b13b52e23b8ab80e4fc8538ad99490cd167f705c62d"
2025-01-28 21:24:41,574 INFO c.h.h.t.HelmChartContainer - [K3S] [scope.go:117] "RemoveContainer" containerID="1d2c40fec98f10c89fcc0165b663128d7416c528c02ee53de48834dbfcf811c3"
2025-01-28 21:24:44,751 INFO c.h.helmcharts.AbstractHelmChartIT - Removed unused snapshots:
Removing snapshot sha256:03af251906410714c5aef9fa705b63f6bbc39c4a5e787de7361eeb18886c2ed2
Removing snapshot sha256:0c46b3b43cce082ce5ec34ffc6c294e0417d17b9d1e6f366d114b6aadc4f96dc
Removing snapshot sha256:0ce761beee59082d6ed5bcebd3a805b8ddd9b3426b617e4809e7fb7c6587ffec
Removing snapshot sha256:0df91287303208332c8ff6ba40ae4710105201739addbfbddfb955f1ad593664
Removing snapshot sha256:1021ef88c7974bfff89c5a0ec4fd3160daac6c48a075f74cff721f85dd104e68
Removing snapshot sha256:10aba4953ddc18145dd38e3704709bc464aa20af60b56fe52caaff4b68411e62
Removing snapshot sha256:2573e0d8158209ed54ab25c87bcdcb00bd3d2539246960a3d592a1c599d70465
Removing snapshot sha256:352cc25b3ea22d66abca68d8eef1e39150db549ba713f0a76bd8f976206c3f6f
Removing snapshot sha256:362a8a37f8bbc31925a8146adcf7cf51f9882f5c1dcbef67c5baa03a297543c0
Removing snapshot sha256:3fa4ad33f0ddc8fd45b39b6b4640f82a3a83619606cd975bfe89d8710ad2d4cd
Removing snapshot sha256:43a7c979bbaba6838bc3102d6b10a1459f3ab050b87ccdfef84ef90cf43d3058
Removing snapshot sha256:4ab04491cdf0d3267f08206fe30bd48f49f94b9cab2f016d6739220f722a64af
Removing snapshot sha256:4b6068250e89c96f263060261819c7d912855bfbd64b3eb4c4a8483299b8c295
Removing snapshot sha256:580e69a0a8034ede1921139bbd2bfb72a69ebf276d008281896c32dd8bf74775
Removing snapshot sha256:5d30ba46b27fe37484567ccc5242cadc78217b8da605f3f195ef25cbf7487904
Removing snapshot sha256:63ca1fbb43ae5034640e5e6cb3e083e05c290072c5366fcaa9d62435a4cced85
Removing snapshot sha256:66140dc7271ceb0a9b5e521509e7d96b916d4182681f723881bfae89675de7f6
Removing snapshot sha256:67f702c6baae873bceb19487c8b1f27bd2b86077e4f2f0e480e6d60ab508b8f5
Removing snapshot sha256:6864348dd42806d552efdec384f1274be15e2d0c10ce44c1f04347af004c10a9
Removing snapshot sha256:6c7dee8f2c39b84b7dc2711c01d33de93514d9055499173e9290176fbe484b6c
Removing snapshot sha256:82753493a6d61ded36556292f02f31841a14c20d2f279f19eaad65afb661d5cd
Removing snapshot sha256:8a10d3db42c505ee0fcfa98417bdd7e39b304f6bcc0a06bb1b220797ff2cc63c
Removing snapshot sha256:91584bd71316977da1e88187f2731517b91ceb9736a28e6a222a57da7a5e2281
Removing snapshot sha256:a21e5b12dbac529ad45d976eb9ce45c881f3bedcc500fb30aba1e52aa1813418
Removing snapshot sha256:b921e6c28969094157f9b8e7244677780319637afd14450b7cb6b2fdea558a0c
Removing snapshot sha256:bc27ecb5769a00e309cf99ebc763c4a4b958b618d1decc96ffac5bc05f02f5b7
Removing snapshot sha256:be3ccb6627a5332e309d45ef461d09b4879dd870c7394d89323d0ebc6ca6aa8a
Removing snapshot sha256:c261f7cbbc64211ee175ee47273acdb7b1a36a4450b397a064a8f2c026490095
Removing snapshot sha256:c34d9393647eea0c9e3557ab988efaf59f61d10a2a5613b439ef0958cca5ec10
Removing snapshot sha256:ccf3c4a0fa967a41c1c83497a2ce6fa5787965859df0adb32c4ca2cf7490bc2b
Removing snapshot sha256:cf92d33f869417309692088c341cd0f223c178ea78a125f757317b22aa8f90e9
Removing snapshot sha256:d0037344cf2fb078884f1849f6a1f8cf9a33a3b6139b6a85833e5ee528e1f9a8
Removing snapshot sha256:d3b36d5b79273b1e98e7700470eaeff05a882e777124d84cebcc1505b85ecb36
Removing snapshot sha256:d65a44a37914602d12c611e5e22a50f11451d847e63015cc1c2aef92dee777a4
Removing snapshot sha256:e2dc0bae2455930f23ae570e019b7f32edc75c0f2d71cab084db837ff9051796
Removing snapshot sha256:eccbd24a99c60cd9e86ee5305dbfc4a4dc89f5ab4fb1f06c8d64797cecedef34
Removing snapshot sha256:f144bb4c7c7f0d2aa7eeffd36d934ec40db1ee167be727e326aad9fdc616f475

]]></system-out>
  </testcase>
  <system-out><![CDATA[2025-01-28 21:18:43,869 INFO c.h.h.t.HelmChartContainerExtension - Using cached HelmChartContainer instance
]]></system-out>
  <system-err><![CDATA[]]></system-err>
</testsuite>
