<?xml version="1.0" encoding="UTF-8"?>
<testsuite name="com.hivemq.helmcharts.platform.HelmCustomConfigIT" tests="4" skipped="0" failures="0" errors="0" timestamp="2025-02-18T10:21:46" hostname="fv-az1970-919" time="501.157">
  <properties/>
  <testcase name="withCustomYml_hivemqRunning()" classname="com.hivemq.helmcharts.platform.HelmCustomConfigIT" time="72.036"/>
  <testcase name="withExistingConfigMap_customResourceCreated()" classname="com.hivemq.helmcharts.platform.HelmCustomConfigIT" time="148.03"/>
  <testcase name="withCustomEnvVars_hivemqRunning()" classname="com.hivemq.helmcharts.platform.HelmCustomConfigIT" time="135.796"/>
  <testcase name="withCustomXml_hivemqRunning()" classname="com.hivemq.helmcharts.platform.HelmCustomConfigIT" time="145.294"/>
</testsuite>
