<?xml version="1.0" encoding="UTF-8"?>
<testsuite name="com.hivemq.helmcharts.services.HelmRestApiIT" tests="3" skipped="0" failures="0" errors="0" timestamp="2025-02-12T20:46:19" hostname="fv-az1277-231" time="309.198">
  <properties/>
  <testcase name="platformChart_whenAuthEnabled_thenCallsEndpoint()" classname="com.hivemq.helmcharts.services.HelmRestApiIT" time="106.18"/>
  <testcase name="platformChart_withCustomServiceName_thenCallsEndpoint()" classname="com.hivemq.helmcharts.services.HelmRestApiIT" time="102.395"/>
  <testcase name="platformChart_whenRestApiEnabled_thenCallsEndpoint()" classname="com.hivemq.helmcharts.services.HelmRestApiIT" time="100.623"/>
</testsuite>
