<?xml version="1.0" encoding="UTF-8"?>
<testsuite name="com.hivemq.helmcharts.services.HelmWebsocketsIT" tests="2" skipped="0" failures="0" errors="0" timestamp="2025-01-29T13:58:01" hostname="fv-az2035-792" time="211.351">
  <properties/>
  <testcase name="platformChart_whenMtlsWebsocketEnabledWithDifferentPrivateKey_thenSendsReceivesMessage(Path)" classname="com.hivemq.helmcharts.services.HelmWebsocketsIT" time="107.792">
    <system-out><![CDATA[2025-01-29 13:58:01,845 INFO c.h.h.t.HelmChartContainer - Creating namespace 'helmwebsocketsit-operator'...
2025-01-29 13:58:01,854 INFO c.h.h.t.HelmChartContainer - Namespace 'helmwebsocketsit-operator' created
2025-01-29 13:58:01,854 INFO c.h.h.t.HelmChartContainer - Creating namespace 'helmwebsocketsit'...
2025-01-29 13:58:01,953 INFO c.h.h.t.HelmChartContainer - Namespace 'helmwebsocketsit' created
2025-01-29 13:58:02,014 DEBUG c.h.h.t.HelmChartContainer - Executing helm command: /bin/helm --kubeconfig /etc/rancher/k3s/k3s.yaml install test-hivemq-platform-operator /charts/hivemq-platform-operator --wait --timeout 5m0s --set image.repository=docker.io/hivemq --set image.name=hivemq-platform-operator-test --set image.initImageName=hivemq-platform-operator-init-test --set image.tag=snapshot --set image.pullPolicy=Never --set logLevel=DEBUG --set resources.cpu=512m --namespace helmwebsocketsit-operator
2025-01-29 13:58:02,310 INFO c.h.h.t.HelmChartContainer - [K3S] [alloc.go:330] "allocated clusterIPs" service="helmwebsocketsit-operator/hivemq-platform-operator-test-hivemq-platform-operator" clusterIPs={"IPv4":"10.43.124.220"}
2025-01-29 13:58:02,326 INFO c.h.h.t.HelmChartContainer - [EVENT] Normal [ScalingReplicaSet] Scaled up replica set hivemq-test-hivemq-platform-operator-6966f96d65 from 0 to 1 [helmwebsocketsit-operator:hivemq-test-hivemq-platform-operator]
2025-01-29 13:58:02,333 INFO c.h.h.t.HelmChartContainer - [POD] hivemq-test-hivemq-platform-operator-6966f96d65-4pdmt [e32e0fe8-c6e0-40a3-9b05-17e72ba987b4] in helmwebsocketsit-operator was ADDED
2025-01-29 13:58:02,335 INFO c.h.h.t.HelmChartContainer - [EVENT] Normal [SuccessfulCreate] Created pod: hivemq-test-hivemq-platform-operator-6966f96d65-4pdmt [helmwebsocketsit-operator:hivemq-test-hivemq-platform-operator-6966f96d65]
2025-01-29 13:58:02,339 INFO c.h.h.t.HelmChartContainer - [K3S] [replica_set.go:679] "Finished syncing" kind="ReplicaSet" key="helmwebsocketsit-operator/hivemq-test-hivemq-platform-operator-6966f96d65" duration="17.99381ms"
2025-01-29 13:58:02,344 INFO c.h.h.t.HelmChartContainer - [EVENT] Normal [Scheduled] Successfully assigned helmwebsocketsit-operator/hivemq-test-hivemq-platform-operator-6966f96d65-4pdmt to 1ed3b785d818 [helmwebsocketsit-operator:hivemq-test-hivemq-platform-operator-6966f96d65-4pdmt]
2025-01-29 13:58:02,345 INFO c.h.h.t.HelmChartContainer - [POD] hivemq-test-hivemq-platform-operator-6966f96d65-4pdmt [e32e0fe8-c6e0-40a3-9b05-17e72ba987b4] in helmwebsocketsit-operator was MODIFIED
2025-01-29 13:58:02,345 INFO c.h.h.t.HelmChartContainer - [K3S] [memory_manager.go:355] "RemoveStaleState removing state" podUID="4061222a-6d08-464b-a179-7fe45288f17d" containerName="hivemq-platform-operator"
2025-01-29 13:58:02,345 INFO c.h.h.t.HelmChartContainer - [K3S] [memory_manager.go:355] "RemoveStaleState removing state" podUID="4fafb941-8675-442f-8b3a-30996c3eedd8" containerName="hivemq"
2025-01-29 13:58:02,353 INFO c.h.h.t.HelmChartContainer - [K3S] [replica_set.go:679] "Finished syncing" kind="ReplicaSet" key="helmwebsocketsit-operator/hivemq-test-hivemq-platform-operator-6966f96d65" duration="15.179027ms"
2025-01-29 13:58:02,357 INFO c.h.h.t.HelmChartContainer - [POD] hivemq-test-hivemq-platform-operator-6966f96d65-4pdmt [e32e0fe8-c6e0-40a3-9b05-17e72ba987b4] in helmwebsocketsit-operator was MODIFIED
2025-01-29 13:58:02,366 INFO c.h.h.t.HelmChartContainer - [K3S] [replica_set.go:679] "Finished syncing" kind="ReplicaSet" key="helmwebsocketsit-operator/hivemq-test-hivemq-platform-operator-6966f96d65" duration="12.088911ms"
2025-01-29 13:58:02,366 INFO c.h.h.t.HelmChartContainer - [K3S] [replica_set.go:679] "Finished syncing" kind="ReplicaSet" key="helmwebsocketsit-operator/hivemq-test-hivemq-platform-operator-6966f96d65" duration="40.816µs"
2025-01-29 13:58:02,472 INFO c.h.h.t.HelmChartContainer - [K3S] [reconciler_common.go:251] "operationExecutor.VerifyControllerAttachedVolume started for volume \"kube-api-access-kvg2l\" (UniqueName: \"kubernetes.io/projected/e32e0fe8-c6e0-40a3-9b05-17e72ba987b4-kube-api-access-kvg2l\") pod \"hivemq-test-hivemq-platform-operator-6966f96d65-4pdmt\" (UID: \"e32e0fe8-c6e0-40a3-9b05-17e72ba987b4\") " pod="helmwebsocketsit-operator/hivemq-test-hivemq-platform-operator-6966f96d65-4pdmt"
2025-01-29 13:58:02,745 INFO c.h.h.t.HelmChartContainer - [EVENT] Normal [Pulled] Container image "docker.io/hivemq/hivemq-platform-operator-test:snapshot" already present on machine [helmwebsocketsit-operator:hivemq-test-hivemq-platform-operator-6966f96d65-4pdmt]
2025-01-29 13:58:02,745 INFO c.h.h.t.HelmChartContainer - Received Pulled event for container hivemq-platform-operator in pod hivemq-test-hivemq-platform-operator-6966f96d65-4pdmt [e32e0fe8-c6e0-40a3-9b05-17e72ba987b4]
2025-01-29 13:58:04,014 INFO c.h.h.t.HelmChartContainer - [EVENT] Normal [Created] Created container: hivemq-platform-operator [helmwebsocketsit-operator:hivemq-test-hivemq-platform-operator-6966f96d65-4pdmt]
2025-01-29 13:58:04,015 INFO c.h.h.t.HelmChartContainer - Received Created event for container hivemq-platform-operator in pod hivemq-test-hivemq-platform-operator-6966f96d65-4pdmt [e32e0fe8-c6e0-40a3-9b05-17e72ba987b4]
2025-01-29 13:58:04,364 INFO c.h.h.t.HelmChartContainer - [K3S] [replica_set.go:679] "Finished syncing" kind="ReplicaSet" key="helmwebsocketsit-operator/hivemq-test-hivemq-platform-operator-6966f96d65" duration="42.96µs"
2025-01-29 13:58:04,366 INFO c.h.h.t.HelmChartContainer - [POD] hivemq-test-hivemq-platform-operator-6966f96d65-4pdmt [e32e0fe8-c6e0-40a3-9b05-17e72ba987b4] in helmwebsocketsit-operator was MODIFIED
2025-01-29 13:58:04,372 INFO c.h.h.t.HelmChartContainer - [EVENT] Normal [Started] Started container hivemq-platform-operator [helmwebsocketsit-operator:hivemq-test-hivemq-platform-operator-6966f96d65-4pdmt]
2025-01-29 13:58:04,372 INFO c.h.h.t.HelmChartContainer - Started log watcher for hivemq-platform-operator in pod hivemq-test-hivemq-platform-operator-6966f96d65-4pdmt [e32e0fe8-c6e0-40a3-9b05-17e72ba987b4]
2025-01-29 13:58:04,372 INFO c.h.h.t.HelmChartContainer - Received Started event for container hivemq-platform-operator in pod hivemq-test-hivemq-platform-operator-6966f96d65-4pdmt [e32e0fe8-c6e0-40a3-9b05-17e72ba987b4]
2025-01-29 13:58:04,373 INFO c.h.h.t.HelmChartContainer - [hivemq-test-hivemq-platform] [hivemq-platform-operator] [e32e0fe8] -------------------------------------------------------------------------
2025-01-29 13:58:04,373 INFO c.h.h.t.HelmChartContainer - [hivemq-test-hivemq-platform] [hivemq-platform-operator] [e32e0fe8] 
2025-01-29 13:58:04,373 INFO c.h.h.t.HelmChartContainer - [hivemq-test-hivemq-platform] [hivemq-platform-operator] [e32e0fe8]                   _    _  _              __  __   ____
2025-01-29 13:58:04,373 INFO c.h.h.t.HelmChartContainer - [hivemq-test-hivemq-platform] [hivemq-platform-operator] [e32e0fe8]                  | |  | |(_)            |  \/  | / __ \
2025-01-29 13:58:04,373 INFO c.h.h.t.HelmChartContainer - [hivemq-test-hivemq-platform] [hivemq-platform-operator] [e32e0fe8]                  | |__| | _ __   __ ___ | \  / || |  | |
2025-01-29 13:58:04,373 INFO c.h.h.t.HelmChartContainer - [hivemq-test-hivemq-platform] [hivemq-platform-operator] [e32e0fe8]                  |  __  || |\ \ / // _ \| |\/| || |  | |
2025-01-29 13:58:04,373 INFO c.h.h.t.HelmChartContainer - [hivemq-test-hivemq-platform] [hivemq-platform-operator] [e32e0fe8]                  | |  | || | \ V /|  __/| |  | || |__| |
2025-01-29 13:58:04,373 INFO c.h.h.t.HelmChartContainer - [hivemq-test-hivemq-platform] [hivemq-platform-operator] [e32e0fe8]                  |_|  |_||_|  \_/  \___||_|  |_| \___\_\
2025-01-29 13:58:04,373 INFO c.h.h.t.HelmChartContainer - [hivemq-test-hivemq-platform] [hivemq-platform-operator] [e32e0fe8] 
2025-01-29 13:58:04,373 INFO c.h.h.t.HelmChartContainer - [hivemq-test-hivemq-platform] [hivemq-platform-operator] [e32e0fe8] -------------------------------------------------------------------------
2025-01-29 13:58:04,373 INFO c.h.h.t.HelmChartContainer - [hivemq-test-hivemq-platform] [hivemq-platform-operator] [e32e0fe8] 
2025-01-29 13:58:04,373 INFO c.h.h.t.HelmChartContainer - [hivemq-test-hivemq-platform] [hivemq-platform-operator] [e32e0fe8]   HiveMQ Platform Operator Start Script v1.0
2025-01-29 13:58:04,373 INFO c.h.h.t.HelmChartContainer - [hivemq-test-hivemq-platform] [hivemq-platform-operator] [e32e0fe8] 
2025-01-29 13:58:04,373 INFO c.h.h.t.HelmChartContainer - [hivemq-test-hivemq-platform] [hivemq-platform-operator] [e32e0fe8] -------------------------------------------------------------------------
2025-01-29 13:58:04,373 INFO c.h.h.t.HelmChartContainer - [hivemq-test-hivemq-platform] [hivemq-platform-operator] [e32e0fe8] 
2025-01-29 13:58:04,373 INFO c.h.h.t.HelmChartContainer - [hivemq-test-hivemq-platform] [hivemq-platform-operator] [e32e0fe8]   JAVA_OPTS: -XX:+UnlockExperimentalVMOptions -XX:InitialRAMPercentage=75 -XX:MaxRAMPercentage=75 -Duser.language=en -Duser.region=US
2025-01-29 13:58:04,373 INFO c.h.h.t.HelmChartContainer - [hivemq-test-hivemq-platform] [hivemq-platform-operator] [e32e0fe8] 
2025-01-29 13:58:04,373 INFO c.h.h.t.HelmChartContainer - [hivemq-test-hivemq-platform] [hivemq-platform-operator] [e32e0fe8]   JAVA_VERSION: 21
2025-01-29 13:58:04,373 INFO c.h.h.t.HelmChartContainer - [hivemq-test-hivemq-platform] [hivemq-platform-operator] [e32e0fe8] 
2025-01-29 13:58:04,373 INFO c.h.h.t.HelmChartContainer - [hivemq-test-hivemq-platform] [hivemq-platform-operator] [e32e0fe8] -------------------------------------------------------------------------
2025-01-29 13:58:04,373 INFO c.h.h.t.HelmChartContainer - [hivemq-test-hivemq-platform] [hivemq-platform-operator] [e32e0fe8] 
2025-01-29 13:58:07,417 INFO c.h.h.t.HelmChartContainer - [hivemq-test-hivemq-platform] [hivemq-platform-operator] [e32e0fe8] 13:58:07.414 [main] DEBUG org.jboss.logging - Logging Provider: org.jboss.logging.Slf4jLoggerProvider
2025-01-29 13:58:07,516 INFO c.h.h.t.HelmChartContainer - [hivemq-test-hivemq-platform] [hivemq-platform-operator] [e32e0fe8] 13:58:07.515 [main] DEBUG io.smallrye.config - SRCFG01006: Loaded ConfigSource SysPropConfigSource with ordinal 400
2025-01-29 13:58:07,517 INFO c.h.h.t.HelmChartContainer - [hivemq-test-hivemq-platform] [hivemq-platform-operator] [e32e0fe8] 13:58:07.515 [main] DEBUG io.smallrye.config - SRCFG01006: Loaded ConfigSource EnvConfigSource with ordinal 300
2025-01-29 13:58:07,517 INFO c.h.h.t.HelmChartContainer - [hivemq-test-hivemq-platform] [hivemq-platform-operator] [e32e0fe8] 13:58:07.515 [main] DEBUG io.smallrye.config - SRCFG01006: Loaded ConfigSource PropertiesConfigSource[source=jar:file:///opt/hivemq-platform-operator/bin/hivemq-platform-operator.jar!/hivemq-platform-operator.properties] with ordinal 100
2025-01-29 13:58:07,517 INFO c.h.h.t.HelmChartContainer - [hivemq-test-hivemq-platform] [hivemq-platform-operator] [e32e0fe8] 13:58:07.515 [main] DEBUG io.smallrye.config - SRCFG01006: Loaded ConfigSource DefaultValuesConfigSource with ordinal -2147483648
2025-01-29 13:58:07,618 INFO c.h.h.t.HelmChartContainer - [hivemq-test-hivemq-platform] [hivemq-platform-operator] [e32e0fe8] 13:58:07.617 [main] DEBUG i.m.c.u.i.l.InternalLoggerFactory - Using SLF4J as the default logging framework
2025-01-29 13:58:07,728 INFO c.h.h.t.HelmChartContainer - [hivemq-test-hivemq-platform] [hivemq-platform-operator] [e32e0fe8] 13:58:07.720 [main] INFO  c.h.p.o.HiveMQPlatformOperatorApplication - HiveMQ Platform Operator 1.7.0-SNAPSHOT (commit: bebf408 on branch: HEAD) built on Sun Jan 26 20:47:47 UTC 2025
2025-01-29 13:58:07,729 INFO c.h.h.t.HelmChartContainer - [hivemq-test-hivemq-platform] [hivemq-platform-operator] [e32e0fe8] 13:58:07.727 [main] INFO  c.h.p.o.HiveMQPlatformOperatorApplication - HiveMQ Platform Operator is running in namespace: helmwebsocketsit-operator
2025-01-29 13:58:07,729 INFO c.h.h.t.HelmChartContainer - [hivemq-test-hivemq-platform] [hivemq-platform-operator] [e32e0fe8] 13:58:07.727 [main] INFO  c.h.p.o.HiveMQPlatformOperatorApplication - Watching all namespaces
2025-01-29 13:58:07,729 INFO c.h.h.t.HelmChartContainer - [hivemq-test-hivemq-platform] [hivemq-platform-operator] [e32e0fe8] 13:58:07.727 [main] INFO  c.h.p.o.HiveMQPlatformOperatorApplication - Log level: DEBUG
2025-01-29 13:58:07,729 INFO c.h.h.t.HelmChartContainer - [hivemq-test-hivemq-platform] [hivemq-platform-operator] [e32e0fe8] 13:58:07.728 [main] INFO  c.h.p.o.HiveMQPlatformOperatorApplication - Release name: test-hivemq-platform-operator
2025-01-29 13:58:07,729 INFO c.h.h.t.HelmChartContainer - [hivemq-test-hivemq-platform] [hivemq-platform-operator] [e32e0fe8] 13:58:07.728 [main] INFO  c.h.p.o.HiveMQPlatformOperatorApplication - HiveMQ Platform Operator Init image: docker.io/hivemq/hivemq-platform-operator-init-test:snapshot
2025-01-29 13:58:07,729 INFO c.h.h.t.HelmChartContainer - [hivemq-test-hivemq-platform] [hivemq-platform-operator] [e32e0fe8] 13:58:07.728 [main] INFO  c.h.p.o.HiveMQPlatformOperatorApplication - HiveMQ Platform Operator Init App update URL: http://hivemq-platform-operator-test-hivemq-platform-operator.helmwebsocketsit-operator.svc:8080/initAppUpdate/hivemq-platform-operator-init-app-1.7.0-SNAPSHOT.jar
2025-01-29 13:58:07,729 INFO c.h.h.t.HelmChartContainer - [hivemq-test-hivemq-platform] [hivemq-platform-operator] [e32e0fe8] 13:58:07.728 [main] INFO  c.h.p.o.HiveMQPlatformOperatorApplication - Additional imagePullSecret for all Platform deployments: none
2025-01-29 13:58:07,729 INFO c.h.h.t.HelmChartContainer - [hivemq-test-hivemq-platform] [hivemq-platform-operator] [e32e0fe8] 13:58:07.728 [main] INFO  c.h.p.o.HiveMQPlatformOperatorApplication - Apply HiveMQ Platform CRD: true
2025-01-29 13:58:07,729 INFO c.h.h.t.HelmChartContainer - [hivemq-test-hivemq-platform] [hivemq-platform-operator] [e32e0fe8] 13:58:07.728 [main] INFO  c.h.p.o.HiveMQPlatformOperatorApplication - Create Platform ServiceAccount: true
2025-01-29 13:58:07,729 INFO c.h.h.t.HelmChartContainer - [hivemq-test-hivemq-platform] [hivemq-platform-operator] [e32e0fe8] 13:58:07.728 [main] INFO  c.h.p.o.HiveMQPlatformOperatorApplication - Create Platform ServiceAccount permissions: true
2025-01-29 13:58:07,729 INFO c.h.h.t.HelmChartContainer - [hivemq-test-hivemq-platform] [hivemq-platform-operator] [e32e0fe8] 13:58:07.728 [main] INFO  c.h.p.o.HiveMQPlatformOperatorApplication - Validate Platform ServiceAccount: true
2025-01-29 13:58:07,730 INFO c.h.h.t.HelmChartContainer - [hivemq-test-hivemq-platform] [hivemq-platform-operator] [e32e0fe8] 13:58:07.728 [main] INFO  c.h.p.o.HiveMQPlatformOperatorApplication - Validate Platform ServiceAccount permissions: true
2025-01-29 13:58:07,927 INFO c.h.h.t.HelmChartContainer - [hivemq-test-hivemq-platform] [hivemq-platform-operator] [e32e0fe8] 13:58:07.926 [main] INFO  c.h.platform.operator.util.CRDUtil - Verifying deployed HiveMQ Platform CRD...
2025-01-29 13:58:10,419 INFO c.h.h.t.HelmChartContainer - [hivemq-test-hivemq-platform] [hivemq-platform-operator] [e32e0fe8] 13:58:10.418 [main] DEBUG c.h.platform.operator.util.CRDUtil - HiveMQ Platform CRD version v1 is up to date
2025-01-29 13:58:10,419 INFO c.h.h.t.HelmChartContainer - [hivemq-test-hivemq-platform] [hivemq-platform-operator] [e32e0fe8] 13:58:10.418 [main] INFO  c.h.platform.operator.util.CRDUtil - HiveMQ Platform CRD is up to date (version: V1_6_0)
2025-01-29 13:58:10,419 INFO c.h.h.t.HelmChartContainer - [hivemq-test-hivemq-platform] [hivemq-platform-operator] [e32e0fe8] 13:58:10.418 [main] INFO  c.h.platform.operator.util.CRDUtil - Waiting 10000 ms for HiveMQ Platform CRD 'hivemq-platforms.hivemq.com' to become ready...
2025-01-29 13:58:10,713 INFO c.h.h.t.HelmChartContainer - [hivemq-test-hivemq-platform] [hivemq-platform-operator] [e32e0fe8] 13:58:10.712 [vert.x-eventloop-thread-1] DEBUG c.h.platform.operator.util.CRDUtil - Checking CRD condition 'NamesAccepted' (status: 'True')
2025-01-29 13:58:10,714 INFO c.h.h.t.HelmChartContainer - [hivemq-test-hivemq-platform] [hivemq-platform-operator] [e32e0fe8] 13:58:10.712 [vert.x-eventloop-thread-1] DEBUG c.h.platform.operator.util.CRDUtil - Checking CRD condition 'Established' (status: 'True')
2025-01-29 13:58:10,715 INFO c.h.h.t.HelmChartContainer - [hivemq-test-hivemq-platform] [hivemq-platform-operator] [e32e0fe8] 13:58:10.714 [main] INFO  c.h.platform.operator.util.CRDUtil - HiveMQ Platform CRD 'hivemq-platforms.hivemq.com' is ready
2025-01-29 13:58:10,834 INFO c.h.h.t.HelmChartContainer - [hivemq-test-hivemq-platform] [hivemq-platform-operator] [e32e0fe8] 13:58:10.833 [main] INFO  c.h.p.o.HiveMQPlatformReconciler - HiveMQ Platform Operator is starting...
2025-01-29 13:58:11,015 INFO c.h.h.t.HelmChartContainer - [hivemq-test-hivemq-platform] [hivemq-platform-operator] [e32e0fe8] 13:58:11.013 [main] WARN  Default ConfigurationService implementation - Configuration for reconciler 'hivemq-controller' was not found. Known reconcilers: None.
2025-01-29 13:58:11,022 INFO c.h.h.t.HelmChartContainer - [hivemq-test-hivemq-platform] [hivemq-platform-operator] [e32e0fe8] 13:58:11.021 [main] INFO  Default ConfigurationService implementation - Created configuration for reconciler com.hivemq.platform.operator.HiveMQPlatformReconciler with name hivemq-controller
2025-01-29 13:58:11,125 INFO c.h.h.t.HelmChartContainer - [hivemq-test-hivemq-platform] [hivemq-platform-operator] [e32e0fe8] 13:58:11.124 [main] DEBUG c.h.p.o.HiveMQPlatformReconciler - HiveMQ Platform Operator is preparing EventSources
2025-01-29 13:58:11,215 INFO c.h.h.t.HelmChartContainer - [hivemq-test-hivemq-platform] [hivemq-platform-operator] [e32e0fe8] 13:58:11.214 [main] INFO  i.javaoperatorsdk.operator.Operator - Registered reconciler: 'hivemq-controller' for resource: 'class com.hivemq.platform.operator.v1.HiveMQPlatform' for namespace(s): [all namespaces]
2025-01-29 13:58:11,726 INFO c.h.h.t.HelmChartContainer - [hivemq-test-hivemq-platform] [hivemq-platform-operator] [e32e0fe8] 13:58:11.724 [main] INFO  c.h.p.operator.webserver.JettyServer - Starting Jetty server on port 8080
2025-01-29 13:58:11,824 INFO c.h.h.t.HelmChartContainer - [hivemq-test-hivemq-platform] [hivemq-platform-operator] [e32e0fe8] 13:58:11.822 [main] INFO  i.javaoperatorsdk.operator.Operator - Operator SDK 4.9.7 (commit: 2133d28) built on Wed Nov 20 12:56:20 UTC 2024 starting...
2025-01-29 13:58:11,825 INFO c.h.h.t.HelmChartContainer - [hivemq-test-hivemq-platform] [hivemq-platform-operator] [e32e0fe8] 13:58:11.823 [main] INFO  i.javaoperatorsdk.operator.Operator - Client version: 6.13.4
2025-01-29 13:58:11,826 INFO c.h.h.t.HelmChartContainer - [hivemq-test-hivemq-platform] [hivemq-platform-operator] [e32e0fe8] 13:58:11.825 [Controller Starter for: hivemq-controller] INFO  i.j.operator.processing.Controller - Starting 'hivemq-controller' controller for reconciler: com.hivemq.platform.operator.HiveMQPlatformReconciler, resource: com.hivemq.platform.operator.v1.HiveMQPlatform
2025-01-29 13:58:14,322 INFO c.h.h.t.HelmChartContainer - [hivemq-test-hivemq-platform] [hivemq-platform-operator] [e32e0fe8] 13:58:14.321 [Controller Starter for: hivemq-controller] INFO  i.j.operator.processing.Controller - 'hivemq-controller' controller started
2025-01-29 13:58:14,324 INFO c.h.h.t.HelmChartContainer - [hivemq-test-hivemq-platform] [hivemq-platform-operator] [e32e0fe8] 13:58:14.323 [main] INFO  c.h.p.o.HiveMQPlatformOperatorApplication - HiveMQ Platform Operator 1.7.0-SNAPSHOT started in 6602 ms
2025-01-29 13:58:15,373 INFO c.h.h.t.HelmChartContainer - [POD] hivemq-test-hivemq-platform-operator-6966f96d65-4pdmt [e32e0fe8-c6e0-40a3-9b05-17e72ba987b4] in helmwebsocketsit-operator was MODIFIED
2025-01-29 13:58:15,375 INFO c.h.h.t.HelmChartContainer - [K3S] [replica_set.go:679] "Finished syncing" kind="ReplicaSet" key="helmwebsocketsit-operator/hivemq-test-hivemq-platform-operator-6966f96d65" duration="6.946517ms"
2025-01-29 13:58:15,376 INFO c.h.h.t.HelmChartContainer - [K3S] [replica_set.go:679] "Finished syncing" kind="ReplicaSet" key="helmwebsocketsit-operator/hivemq-test-hivemq-platform-operator-6966f96d65" duration="42.83µs"
2025-01-29 13:58:16,759 DEBUG c.h.helmcharts.util.CertificatesUtil - .+........+...+......+.+..+.......+.........+.....+.+......+..+...+++++++++++++++++++++++++++++++++++++++++++++++++++++++++++++++++*......+......+.+...+..+++++++++++++++++++++++++++++++++++++++++++++++++++++++++++++++++*.....+.....+.+...............+.....+.......+.....+.+..+...............+.............+..+.........+.+..+.......+...............+...........+...+.+...+..+.+.................+...............+.+.........+...+..+.+..+.............+.................+...+....+........+....+...+..+......+.......+..+.+.........+........+.+.........+...+..+......+.......+...+.....+......+...+...+...+......+.+........+.+...........+............+.+......+...+......+..+++++++++++++++++++++++++++++++++++++++++++++++++++++++++++++++++
2025-01-29 13:58:16,793 DEBUG c.h.helmcharts.util.CertificatesUtil - .....+...+..+...+......+......+.+........+............+.......+..+......+...+...............+.+......+........+......+.+...+......+...+.....+...+...+.+.....+.+...............+...+......+...+......+......+......+..+...+...+.+..............+.+...........+++++++++++++++++++++++++++++++++++++++++++++++++++++++++++++++++*..............+......+..+.+.....+.+......+.........+...+..+.+..............+......+...+......+.+..+.+..+....+.....+......+....+.........+..+...+++++++++++++++++++++++++++++++++++++++++++++++++++++++++++++++++*.....+.+...............+.....+.........+....+......+++++++++++++++++++++++++++++++++++++++++++++++++++++++++++++++++
2025-01-29 13:58:16,796 DEBUG c.h.helmcharts.util.CertificatesUtil - -----
2025-01-29 13:58:16,821 DEBUG c.h.helmcharts.util.CertificatesUtil - Certificate request self-signature ok
2025-01-29 13:58:16,821 DEBUG c.h.helmcharts.util.CertificatesUtil - subject=C = CA, CN = secure-service-platform.default.svc
2025-01-29 13:58:16,825 DEBUG c.h.helmcharts.util.CertificatesUtil - >> Generating keystore and truststore files
2025-01-29 13:58:16,981 DEBUG c.h.helmcharts.util.CertificatesUtil - Importing keystore key.pkcs12 to keystore.jks...
2025-01-29 13:58:17,108 DEBUG c.h.helmcharts.util.CertificatesUtil - Entry for alias 1 successfully imported.
2025-01-29 13:58:17,116 DEBUG c.h.helmcharts.util.CertificatesUtil - Import command completed:  1 entries successfully imported, 0 entries failed or cancelled
2025-01-29 13:58:17,122 DEBUG c.h.helmcharts.util.CertificatesUtil - 
2025-01-29 13:58:17,123 DEBUG c.h.helmcharts.util.CertificatesUtil - Warning:
2025-01-29 13:58:17,123 DEBUG c.h.helmcharts.util.CertificatesUtil - The JKS keystore uses a proprietary format. It is recommended to migrate to PKCS12 which is an industry standard format using "keytool -importkeystore -srckeystore keystore.jks -destkeystore keystore.jks -deststoretype pkcs12".
2025-01-29 13:58:17,369 DEBUG c.h.helmcharts.util.CertificatesUtil - Certificate stored in file <secure-service-platform.pem>
2025-01-29 13:58:17,525 DEBUG c.h.helmcharts.util.CertificatesUtil - Certificate was added to keystore
2025-01-29 13:58:17,926 DEBUG c.h.helmcharts.util.CertificatesUtil - Certificate was added to keystore
2025-01-29 13:58:21,535 DEBUG c.h.helmcharts.util.CertificatesUtil - >> Create client certificates
2025-01-29 13:58:21,568 DEBUG c.h.helmcharts.util.CertificatesUtil - ..+.......+..+...+...+.......+..+......+...+......+.+..+...+.......+..+...+.......+......+++++++++++++++++++++++++++++++++++++++++++++++++++++++++++++++++*.+..+....+...+..+.+.....+.......+.................+...+++++++++++++++++++++++++++++++++++++++++++++++++++++++++++++++++*..........+......+.....+...+++++++++++++++++++++++++++++++++++++++++++++++++++++++++++++++++
2025-01-29 13:58:21,592 DEBUG c.h.helmcharts.util.CertificatesUtil - ...+......+......+...+.....+......+...+...+...+....+...........+++++++++++++++++++++++++++++++++++++++++++++++++++++++++++++++++*....+.........+...........+.+..+...+...............+.............+..+....+...+..+++++++++++++++++++++++++++++++++++++++++++++++++++++++++++++++++*..+...+++++++++++++++++++++++++++++++++++++++++++++++++++++++++++++++++
2025-01-29 13:58:21,596 DEBUG c.h.helmcharts.util.CertificatesUtil - -----
2025-01-29 13:58:21,621 DEBUG c.h.helmcharts.util.CertificatesUtil - >> Import the certificates
2025-01-29 13:58:21,921 DEBUG c.h.helmcharts.util.CertificatesUtil - Certificate was added to keystore
2025-01-29 13:58:22,116 DEBUG c.h.h.t.HelmChartContainer - Executing helm command: /bin/helm --kubeconfig /etc/rancher/k3s/k3s.yaml install test-hivemq-platform /charts/hivemq-platform --wait --timeout 5m0s --set image.repository=docker.io/hivemq --set image.tag=4.36.0 --set image.pullPolicy=Never --set nodes.resources.cpu=512m -f /files/tls-ws-with-private-key-values.yaml --namespace helmwebsocketsit
2025-01-29 13:58:22,389 INFO c.h.h.t.HelmChartContainer - [hivemq-test-hivemq-platform] [hivemq-platform-operator] [e32e0fe8] 13:58:22.385 [-373097727-pool-1-thread-2] WARN  i.m.p.PrometheusMeterRegistry - The meter (MeterId{name='operator.sdk.events.received', tags=[tag(action=ADDED),tag(event=ResourceEvent),tag(group=hivemq.com),tag(kind=HiveMQPlatform),tag(name=test-hivemq-platform),tag(namespace=helmwebsocketsit),tag(scope=namespace),tag(version=v1)]}) registration has failed: Prometheus requires that all meters with the same name have the same set of tag keys. There is already an existing meter named 'operator.sdk.events.received' containing tag keys [event, group, kind, name, namespace, scope, version]. The meter you are attempting to register has keys [action, event, group, kind, name, namespace, scope, version]. Note that subsequent logs will be logged at debug level.
2025-01-29 13:58:22,823 INFO c.h.h.t.HelmChartContainer - [hivemq-test-hivemq-platform] [hivemq-platform-operator] [e32e0fe8] 13:58:22.820 [pool-6-thread-3] DEBUG c.h.p.o.dependants.PodInfoConfigMap - [helmwebs] Desired PodInfo ConfigMap (1 extensions) (1 enabled)
2025-01-29 13:58:22,825 INFO c.h.h.t.HelmChartContainer - [hivemq-test-hivemq-platform] [hivemq-platform-operator] [e32e0fe8] 13:58:22.824 [pool-6-thread-3] DEBUG c.h.p.o.dependants.PodInfoConfigMap - [helmwebs] Desired PodInfo ConfigMap (metrics port: 9399) (metrics path: /)
2025-01-29 13:58:22,826 INFO c.h.h.t.HelmChartContainer - [hivemq-test-hivemq-platform] [hivemq-platform-operator] [e32e0fe8] 13:58:22.825 [pool-6-thread-3] DEBUG c.h.p.o.dependants.PodInfoConfigMap - [helmwebs] Desired PodInfo ConfigMap (extension state hash: -1817474005)
2025-01-29 13:58:22,828 INFO c.h.h.t.HelmChartContainer - [hivemq-test-hivemq-platform] [hivemq-platform-operator] [e32e0fe8] 13:58:22.827 [pool-6-thread-3] DEBUG c.h.p.o.dependants.PodInfoConfigMap - [helmwebs] Create PodInfo ConfigMap
2025-01-29 13:58:22,929 INFO c.h.h.t.HelmChartContainer - [hivemq-test-hivemq-platform] [hivemq-platform-operator] [e32e0fe8] 13:58:22.922 [pool-6-thread-5] DEBUG c.h.p.o.dependants.PodRoleResource - [helmwebs] Create Role: Role(apiVersion=rbac.authorization.k8s.io/v1, kind=Role, metadata=ObjectMeta(annotations={meta.helm.sh/release-name=test-hivemq-platform, meta.helm.sh/release-namespace=helmwebsocketsit}, creationTimestamp=null, deletionGracePeriodSeconds=null, deletionTimestamp=null, finalizers=[], generateName=null, generation=null, labels={helm.sh/chart=hivemq-platform-0.2.32, app.kubernetes.io/managed-by=Helm, app.kubernetes.io/name=hivemq-platform, hivemq-platform=test-hivemq-platform, app.kubernetes.io/instance=test-hivemq-platform, app.kubernetes.io/version=4.36.0}, managedFields=[], name=hivemq-platform-role-test-hivemq-platform, namespace=helmwebsocketsit, ownerReferences=[OwnerReference(apiVersion=hivemq.com/v1, blockOwnerDeletion=null, controller=null, kind=HiveMQPlatform, name=test-hivemq-platform, uid=a505e6fb-5beb-4e23-99fa-5ef171a5e367, additionalProperties={})], resourceVersion=null, selfLink=null, uid=null, additionalProperties={}), rules=[PolicyRule(apiGroups=[], nonResourceURLs=[], resourceNames=[], resources=[pods], verbs=[get, patch, update], additionalProperties={})], additionalProperties={})
2025-01-29 13:58:23,112 INFO c.h.h.t.HelmChartContainer - [hivemq-test-hivemq-platform] [hivemq-platform-operator] [e32e0fe8] 13:58:23.111 [pool-6-thread-7] DEBUG c.h.p.o.d.PodServiceAccountResource - [helmwebs] Desired PodServiceAccountResource (serviceAccountName: hivemq-platform-pod-test-hivemq-platform)
2025-01-29 13:58:23,113 INFO c.h.h.t.HelmChartContainer - [hivemq-test-hivemq-platform] [hivemq-platform-operator] [e32e0fe8] 13:58:23.111 [pool-6-thread-7] DEBUG c.h.p.o.d.PodServiceAccountResource - [helmwebs] Create ServiceAccount 'hivemq-platform-pod-test-hivemq-platform'
2025-01-29 13:58:23,214 INFO c.h.h.t.HelmChartContainer - [hivemq-test-hivemq-platform] [hivemq-platform-operator] [e32e0fe8] 13:58:23.213 [pool-6-thread-9] DEBUG c.h.p.o.d.PodRoleBindingResource - [helmwebs] Create RoleBinding: RoleBinding(apiVersion=rbac.authorization.k8s.io/v1, kind=RoleBinding, metadata=ObjectMeta(annotations={meta.helm.sh/release-name=test-hivemq-platform, meta.helm.sh/release-namespace=helmwebsocketsit}, creationTimestamp=null, deletionGracePeriodSeconds=null, deletionTimestamp=null, finalizers=[], generateName=null, generation=null, labels={helm.sh/chart=hivemq-platform-0.2.32, app.kubernetes.io/managed-by=Helm, app.kubernetes.io/name=hivemq-platform, hivemq-platform=test-hivemq-platform, app.kubernetes.io/instance=test-hivemq-platform, app.kubernetes.io/version=4.36.0}, managedFields=[], name=hivemq-platform-role-binding-test-hivemq-platform, namespace=helmwebsocketsit, ownerReferences=[OwnerReference(apiVersion=hivemq.com/v1, blockOwnerDeletion=null, controller=null, kind=HiveMQPlatform, name=test-hivemq-platform, uid=a505e6fb-5beb-4e23-99fa-5ef171a5e367, additionalProperties={})], resourceVersion=null, selfLink=null, uid=null, additionalProperties={}), roleRef=RoleRef(apiGroup=rbac.authorization.k8s.io, kind=Role, name=hivemq-platform-role-test-hivemq-platform, additionalProperties={}), subjects=[Subject(apiGroup=null, kind=ServiceAccount, name=hivemq-platform-pod-test-hivemq-platform, namespace=helmwebsocketsit, additionalProperties={})], additionalProperties={})
2025-01-29 13:58:23,233 INFO c.h.h.t.HelmChartContainer - [hivemq-test-hivemq-platform] [hivemq-platform-operator] [e32e0fe8] 13:58:23.231 [ReconcilerExecutor-hivemq-controller-53] INFO  c.h.p.o.HiveMQPlatformReconciler - [helmwebs] Reconciling HiveMQ Platform 'test-hivemq-platform' in namespace 'helmwebsocketsit'
2025-01-29 13:58:23,233 INFO c.h.h.t.HelmChartContainer - [hivemq-test-hivemq-platform] [hivemq-platform-operator] [e32e0fe8] 13:58:23.232 [ReconcilerExecutor-hivemq-controller-53] DEBUG c.h.p.o.HiveMQPlatformReconciler - [helmwebs] Custom Resource Status CREATED - HiveMQ Platform was created (READY)
2025-01-29 13:58:23,233 INFO c.h.h.t.HelmChartContainer - [hivemq-test-hivemq-platform] [hivemq-platform-operator] [e32e0fe8] 13:58:23.232 [ReconcilerExecutor-hivemq-controller-53] DEBUG c.h.p.o.HiveMQPlatformReconciler - [helmwebs] Custom Resource Spec (replicas: 1) (extensions: 1)
2025-01-29 13:58:23,312 INFO c.h.h.t.HelmChartContainer - [hivemq-test-hivemq-platform] [hivemq-platform-operator] [e32e0fe8] 13:58:23.311 [ReconcilerExecutor-hivemq-controller-53] INFO  c.h.p.o.h.HiveMQPlatformReconcilerBaseHandler - [helmwebs] HiveMQ Platform is starting
2025-01-29 13:58:23,336 INFO c.h.h.t.HelmChartContainer - [hivemq-test-hivemq-platform] [hivemq-platform-operator] [e32e0fe8] 13:58:23.335 [ReconcilerExecutor-hivemq-controller-53] DEBUG c.h.p.operator.event.EventSender - [helmwebs] Creating K8s event hivemq-platform-starting: [Start] HiveMQ Platform is starting
2025-01-29 13:58:23,418 INFO c.h.h.t.HelmChartContainer - [EVENT] Normal [Start] HiveMQ Platform is starting [helmwebsocketsit:test-hivemq-platform]
2025-01-29 13:58:23,422 INFO c.h.h.t.HelmChartContainer - [hivemq-test-hivemq-platform] [hivemq-platform-operator] [e32e0fe8] 13:58:23.421 [ReconcilerExecutor-hivemq-controller-53] INFO  c.h.p.o.h.AbstractHiveMQReconcilerStateHandler - [helmwebs] Update HiveMQ Platform Status (CREATED [READY] -> STARTING [READY]): HiveMQ Platform is starting
2025-01-29 13:58:23,508 DEBUG com.hivemq.helmcharts.util.K8sUtil - Comparing actual state 'STARTING' and waiting for 'RUNNING'
2025-01-29 13:58:33,522 INFO c.h.h.t.HelmChartContainer - [hivemq-test-hivemq-platform] [hivemq-platform-operator] [e32e0fe8] 13:58:33.521 [pool-6-thread-12] DEBUG c.h.p.o.d.PlatformServiceResource - [helmwebs] Desired Platform services (4 services)
2025-01-29 13:58:33,524 INFO c.h.h.t.HelmChartContainer - [hivemq-test-hivemq-platform] [hivemq-platform-operator] [e32e0fe8] 13:58:33.522 [pool-6-thread-13] DEBUG c.h.p.o.dependants.PodInfoConfigMap - [helmwebs] Desired PodInfo ConfigMap (1 extensions) (1 enabled)
2025-01-29 13:58:33,525 INFO c.h.h.t.HelmChartContainer - [hivemq-test-hivemq-platform] [hivemq-platform-operator] [e32e0fe8] 13:58:33.523 [pool-6-thread-13] DEBUG c.h.p.o.dependants.PodInfoConfigMap - [helmwebs] Desired PodInfo ConfigMap (metrics port: 9399) (metrics path: /)
2025-01-29 13:58:33,526 INFO c.h.h.t.HelmChartContainer - [hivemq-test-hivemq-platform] [hivemq-platform-operator] [e32e0fe8] 13:58:33.523 [pool-6-thread-13] DEBUG c.h.p.o.dependants.PodInfoConfigMap - [helmwebs] Desired PodInfo ConfigMap (extension state hash: -1817474005)
2025-01-29 13:58:33,527 INFO c.h.h.t.HelmChartContainer - [hivemq-test-hivemq-platform] [hivemq-platform-operator] [e32e0fe8] 13:58:33.527 [pool-6-thread-17] DEBUG c.h.p.o.d.PodServiceAccountResource - [helmwebs] Desired PodServiceAccountResource (serviceAccountName: hivemq-platform-pod-test-hivemq-platform)
2025-01-29 13:58:33,536 INFO c.h.h.t.HelmChartContainer - [hivemq-test-hivemq-platform] [hivemq-platform-operator] [e32e0fe8] 13:58:33.535 [pool-6-thread-13] DEBUG c.h.p.o.dependants.PodInfoConfigMap - [helmwebs] Update PodInfo ConfigMap
2025-01-29 13:58:33,621 INFO c.h.h.t.HelmChartContainer - [K3S] [alloc.go:330] "allocated clusterIPs" service="helmwebsocketsit/hivemq-test-hivemq-platform-metrics-9399" clusterIPs={"IPv4":"10.43.192.174"}
2025-01-29 13:58:33,723 INFO c.h.h.t.HelmChartContainer - [K3S] [alloc.go:330] "allocated clusterIPs" service="helmwebsocketsit/hivemq-test-hivemq-platform-ws-8004" clusterIPs={"IPv4":"10.43.171.59"}
2025-01-29 13:58:33,816 INFO c.h.h.t.HelmChartContainer - [K3S] [alloc.go:330] "allocated clusterIPs" service="helmwebsocketsit/hivemq-test-hivemq-platform-ws-8003" clusterIPs={"IPv4":"10.43.251.167"}
2025-01-29 13:58:33,830 INFO c.h.h.t.HelmChartContainer - [K3S] [alloc.go:330] "allocated clusterIPs" service="helmwebsocketsit/hivemq-test-hivemq-platform-ws-8002" clusterIPs={"IPv4":"10.43.174.124"}
2025-01-29 13:58:33,839 INFO c.h.h.t.HelmChartContainer - [hivemq-test-hivemq-platform] [hivemq-platform-operator] [e32e0fe8] 13:58:33.838 [pool-6-thread-20] DEBUG c.h.p.o.d.StatefulSetResource - [helmwebs] Desired StatefulSet (1 replicas) for status STARTING (READY)
2025-01-29 13:58:33,925 INFO c.h.h.t.HelmChartContainer - [hivemq-test-hivemq-platform] [hivemq-platform-operator] [e32e0fe8] 13:58:33.923 [pool-6-thread-20] DEBUG c.h.p.o.d.StatefulSetResource - [helmwebs] Create StatefulSet
2025-01-29 13:58:34,034 INFO c.h.h.t.HelmChartContainer - [POD] test-hivemq-platform-0 [2486d663-3e0a-4384-a1f6-b1959e063380] in helmwebsocketsit was ADDED
2025-01-29 13:58:34,036 INFO c.h.h.t.HelmChartContainer - [hivemq-test-hivemq-platform] [hivemq-platform-operator] [e32e0fe8] 13:58:34.029 [ReconcilerExecutor-hivemq-controller-64] INFO  c.h.p.o.HiveMQPlatformReconciler - [helmwebs] Reconciling HiveMQ Platform 'test-hivemq-platform' in namespace 'helmwebsocketsit'
2025-01-29 13:58:34,037 INFO c.h.h.t.HelmChartContainer - [hivemq-test-hivemq-platform] [hivemq-platform-operator] [e32e0fe8] 13:58:34.030 [ReconcilerExecutor-hivemq-controller-64] DEBUG c.h.p.o.HiveMQPlatformReconciler - [helmwebs] Custom Resource Status STARTING - HiveMQ Platform is starting (READY)
2025-01-29 13:58:34,037 INFO c.h.h.t.HelmChartContainer - [hivemq-test-hivemq-platform] [hivemq-platform-operator] [e32e0fe8] 13:58:34.030 [ReconcilerExecutor-hivemq-controller-64] DEBUG c.h.p.o.HiveMQPlatformReconciler - [helmwebs] Custom Resource Spec (replicas: 1) (extensions: 1)
2025-01-29 13:58:34,040 INFO c.h.h.t.HelmChartContainer - [EVENT] Normal [SuccessfulCreate] create Pod test-hivemq-platform-0 in StatefulSet test-hivemq-platform successful [helmwebsocketsit:test-hivemq-platform]
2025-01-29 13:58:34,045 INFO c.h.h.t.HelmChartContainer - [POD] test-hivemq-platform-0 [2486d663-3e0a-4384-a1f6-b1959e063380] in helmwebsocketsit was MODIFIED
2025-01-29 13:58:34,046 INFO c.h.h.t.HelmChartContainer - [EVENT] Normal [Scheduled] Successfully assigned helmwebsocketsit/test-hivemq-platform-0 to 1ed3b785d818 [helmwebsocketsit:test-hivemq-platform-0]
2025-01-29 13:58:34,049 INFO c.h.h.t.HelmChartContainer - [K3S] [reconciler_common.go:251] "operationExecutor.VerifyControllerAttachedVolume started for volume \"pod-info\" (UniqueName: \"kubernetes.io/configmap/2486d663-3e0a-4384-a1f6-b1959e063380-pod-info\") pod \"test-hivemq-platform-0\" (UID: \"2486d663-3e0a-4384-a1f6-b1959e063380\") " pod="helmwebsocketsit/test-hivemq-platform-0"
2025-01-29 13:58:34,050 INFO c.h.h.t.HelmChartContainer - [K3S] [reconciler_common.go:251] "operationExecutor.VerifyControllerAttachedVolume started for volume \"operator-init\" (UniqueName: \"kubernetes.io/empty-dir/2486d663-3e0a-4384-a1f6-b1959e063380-operator-init\") pod \"test-hivemq-platform-0\" (UID: \"2486d663-3e0a-4384-a1f6-b1959e063380\") " pod="helmwebsocketsit/test-hivemq-platform-0"
2025-01-29 13:58:34,050 INFO c.h.h.t.HelmChartContainer - [K3S] [reconciler_common.go:251] "operationExecutor.VerifyControllerAttachedVolume started for volume \"ws-truststore-8004\" (UniqueName: \"kubernetes.io/secret/2486d663-3e0a-4384-a1f6-b1959e063380-ws-truststore-8004\") pod \"test-hivemq-platform-0\" (UID: \"2486d663-3e0a-4384-a1f6-b1959e063380\") " pod="helmwebsocketsit/test-hivemq-platform-0"
2025-01-29 13:58:34,050 INFO c.h.h.t.HelmChartContainer - [K3S] [reconciler_common.go:251] "operationExecutor.VerifyControllerAttachedVolume started for volume \"broker-configuration\" (UniqueName: \"kubernetes.io/configmap/2486d663-3e0a-4384-a1f6-b1959e063380-broker-configuration\") pod \"test-hivemq-platform-0\" (UID: \"2486d663-3e0a-4384-a1f6-b1959e063380\") " pod="helmwebsocketsit/test-hivemq-platform-0"
2025-01-29 13:58:34,050 INFO c.h.h.t.HelmChartContainer - [K3S] [reconciler_common.go:251] "operationExecutor.VerifyControllerAttachedVolume started for volume \"kube-api-access-mxkhj\" (UniqueName: \"kubernetes.io/projected/2486d663-3e0a-4384-a1f6-b1959e063380-kube-api-access-mxkhj\") pod \"test-hivemq-platform-0\" (UID: \"2486d663-3e0a-4384-a1f6-b1959e063380\") " pod="helmwebsocketsit/test-hivemq-platform-0"
2025-01-29 13:58:34,051 INFO c.h.h.t.HelmChartContainer - [K3S] [reconciler_common.go:251] "operationExecutor.VerifyControllerAttachedVolume started for volume \"ws-keystore-8003\" (UniqueName: \"kubernetes.io/secret/2486d663-3e0a-4384-a1f6-b1959e063380-ws-keystore-8003\") pod \"test-hivemq-platform-0\" (UID: \"2486d663-3e0a-4384-a1f6-b1959e063380\") " pod="helmwebsocketsit/test-hivemq-platform-0"
2025-01-29 13:58:34,051 INFO c.h.h.t.HelmChartContainer - [K3S] [reconciler_common.go:251] "operationExecutor.VerifyControllerAttachedVolume started for volume \"ws-keystore-8004\" (UniqueName: \"kubernetes.io/secret/2486d663-3e0a-4384-a1f6-b1959e063380-ws-keystore-8004\") pod \"test-hivemq-platform-0\" (UID: \"2486d663-3e0a-4384-a1f6-b1959e063380\") " pod="helmwebsocketsit/test-hivemq-platform-0"
2025-01-29 13:58:34,058 INFO c.h.h.t.HelmChartContainer - [POD] test-hivemq-platform-0 [2486d663-3e0a-4384-a1f6-b1959e063380] in helmwebsocketsit was MODIFIED
2025-01-29 13:58:34,114 INFO c.h.h.t.HelmChartContainer - [hivemq-test-hivemq-platform] [hivemq-platform-operator] [e32e0fe8] 13:58:34.112 [ReconcilerExecutor-hivemq-controller-64] DEBUG c.h.p.o.HiveMQPlatformReconciler - [helmwebs] StatefulSet Status (revision: null, replicas: 0, available: 0, ready: 0, current: 0, updated: 0)
2025-01-29 13:58:34,118 INFO c.h.h.t.HelmChartContainer - [hivemq-test-hivemq-platform] [hivemq-platform-operator] [e32e0fe8] 13:58:34.114 [ReconcilerExecutor-hivemq-controller-64] DEBUG c.h.p.o.HiveMQPlatformReconciler - [helmwebs] StatefulSet Spec (replicas: 1, init containers: 1, containers: 1, volumes: 6)
2025-01-29 13:58:34,213 INFO c.h.h.t.HelmChartContainer - [hivemq-test-hivemq-platform] [hivemq-platform-operator] [e32e0fe8] 13:58:34.211 [ReconcilerExecutor-hivemq-controller-64] DEBUG c.h.p.o.h.HiveMQPlatformReconcilerErrorHandler - [helmwebs] Pod 'test-hivemq-platform-0' phase Pending
2025-01-29 13:58:34,214 INFO c.h.h.t.HelmChartContainer - [hivemq-test-hivemq-platform] [hivemq-platform-operator] [e32e0fe8] 13:58:34.214 [ReconcilerExecutor-hivemq-controller-64] INFO  c.h.p.o.h.HiveMQPlatformReconcilerBaseHandler - [helmwebs] HiveMQ Platform is starting, 0 of 1 replicas are ready
2025-01-29 13:58:34,223 INFO c.h.h.t.HelmChartContainer - [hivemq-test-hivemq-platform] [hivemq-platform-operator] [e32e0fe8] 13:58:34.220 [pool-6-thread-22] DEBUG c.h.p.o.d.PlatformServiceResource - [helmwebs] Desired Platform services (4 services)
2025-01-29 13:58:34,225 INFO c.h.h.t.HelmChartContainer - [hivemq-test-hivemq-platform] [hivemq-platform-operator] [e32e0fe8] 13:58:34.223 [pool-6-thread-23] DEBUG c.h.p.o.dependants.PodInfoConfigMap - [helmwebs] Desired PodInfo ConfigMap (1 extensions) (1 enabled)
2025-01-29 13:58:34,225 INFO c.h.h.t.HelmChartContainer - [hivemq-test-hivemq-platform] [hivemq-platform-operator] [e32e0fe8] 13:58:34.223 [pool-6-thread-23] DEBUG c.h.p.o.dependants.PodInfoConfigMap - [helmwebs] Desired PodInfo ConfigMap (metrics port: 9399) (metrics path: /)
2025-01-29 13:58:34,225 INFO c.h.h.t.HelmChartContainer - [hivemq-test-hivemq-platform] [hivemq-platform-operator] [e32e0fe8] 13:58:34.223 [pool-6-thread-23] DEBUG c.h.p.o.dependants.PodInfoConfigMap - [helmwebs] Desired PodInfo ConfigMap (extension state hash: -1817474005)
2025-01-29 13:58:34,313 INFO c.h.h.t.HelmChartContainer - [hivemq-test-hivemq-platform] [hivemq-platform-operator] [e32e0fe8] 13:58:34.311 [pool-6-thread-27] DEBUG c.h.p.o.d.PodServiceAccountResource - [helmwebs] Desired PodServiceAccountResource (serviceAccountName: hivemq-platform-pod-test-hivemq-platform)
2025-01-29 13:58:34,321 INFO c.h.h.t.HelmChartContainer - [hivemq-test-hivemq-platform] [hivemq-platform-operator] [e32e0fe8] 13:58:34.320 [pool-6-thread-30] DEBUG c.h.p.o.d.StatefulSetResource - [helmwebs] Desired StatefulSet (1 replicas) for status STARTING (READY)
2025-01-29 13:58:34,402 INFO c.h.h.t.HelmChartContainer - [hivemq-test-hivemq-platform] [hivemq-platform-operator] [e32e0fe8] 13:58:34.401 [ReconcilerExecutor-hivemq-controller-76] INFO  c.h.p.o.HiveMQPlatformReconciler - [helmwebs] Reconciling HiveMQ Platform 'test-hivemq-platform' in namespace 'helmwebsocketsit'
2025-01-29 13:58:34,403 INFO c.h.h.t.HelmChartContainer - [hivemq-test-hivemq-platform] [hivemq-platform-operator] [e32e0fe8] 13:58:34.401 [ReconcilerExecutor-hivemq-controller-76] DEBUG c.h.p.o.HiveMQPlatformReconciler - [helmwebs] Custom Resource Status STARTING - HiveMQ Platform is starting (READY)
2025-01-29 13:58:34,403 INFO c.h.h.t.HelmChartContainer - [hivemq-test-hivemq-platform] [hivemq-platform-operator] [e32e0fe8] 13:58:34.401 [ReconcilerExecutor-hivemq-controller-76] DEBUG c.h.p.o.HiveMQPlatformReconciler - [helmwebs] Custom Resource Spec (replicas: 1) (extensions: 1)
2025-01-29 13:58:34,416 INFO c.h.h.t.HelmChartContainer - [hivemq-test-hivemq-platform] [hivemq-platform-operator] [e32e0fe8] 13:58:34.415 [ReconcilerExecutor-hivemq-controller-76] DEBUG c.h.p.o.HiveMQPlatformReconciler - [helmwebs] StatefulSet Status (revision: test-hivemq-platform-78b9d76d69, replicas: 1, available: 0, ready: 0, current: 1, updated: 1)
2025-01-29 13:58:34,417 INFO c.h.h.t.HelmChartContainer - [hivemq-test-hivemq-platform] [hivemq-platform-operator] [e32e0fe8] 13:58:34.415 [ReconcilerExecutor-hivemq-controller-76] DEBUG c.h.p.o.HiveMQPlatformReconciler - [helmwebs] StatefulSet Spec (replicas: 1, init containers: 1, containers: 1, volumes: 6)
2025-01-29 13:58:34,425 INFO c.h.h.t.HelmChartContainer - [hivemq-test-hivemq-platform] [hivemq-platform-operator] [e32e0fe8] 13:58:34.424 [ReconcilerExecutor-hivemq-controller-76] DEBUG c.h.p.o.h.HiveMQPlatformReconcilerErrorHandler - [helmwebs] Pod 'test-hivemq-platform-0' phase Pending
2025-01-29 13:58:34,426 INFO c.h.h.t.HelmChartContainer - [hivemq-test-hivemq-platform] [hivemq-platform-operator] [e32e0fe8] 13:58:34.424 [ReconcilerExecutor-hivemq-controller-76] DEBUG c.h.p.o.h.HiveMQPlatformReconcilerErrorHandler - [helmwebs] Pod 'test-hivemq-platform-0' condition 'PodReadyToStartContainers': False
2025-01-29 13:58:34,427 INFO c.h.h.t.HelmChartContainer - [hivemq-test-hivemq-platform] [hivemq-platform-operator] [e32e0fe8] 13:58:34.425 [ReconcilerExecutor-hivemq-controller-76] DEBUG c.h.p.o.h.HiveMQPlatformReconcilerErrorHandler - [helmwebs] Pod 'test-hivemq-platform-0' condition 'Initialized': False
2025-01-29 13:58:34,427 INFO c.h.h.t.HelmChartContainer - [hivemq-test-hivemq-platform] [hivemq-platform-operator] [e32e0fe8] 13:58:34.425 [ReconcilerExecutor-hivemq-controller-76] DEBUG c.h.p.o.h.HiveMQPlatformReconcilerErrorHandler - [helmwebs] Pod 'test-hivemq-platform-0' condition 'Ready': False
2025-01-29 13:58:34,427 INFO c.h.h.t.HelmChartContainer - [hivemq-test-hivemq-platform] [hivemq-platform-operator] [e32e0fe8] 13:58:34.425 [ReconcilerExecutor-hivemq-controller-76] DEBUG c.h.p.o.h.HiveMQPlatformReconcilerErrorHandler - [helmwebs] Pod 'test-hivemq-platform-0' condition 'ContainersReady': False
2025-01-29 13:58:34,428 INFO c.h.h.t.HelmChartContainer - [hivemq-test-hivemq-platform] [hivemq-platform-operator] [e32e0fe8] 13:58:34.425 [ReconcilerExecutor-hivemq-controller-76] DEBUG c.h.p.o.h.HiveMQPlatformReconcilerErrorHandler - [helmwebs] Pod 'test-hivemq-platform-0' condition 'PodScheduled': True
2025-01-29 13:58:34,428 INFO c.h.h.t.HelmChartContainer - [hivemq-test-hivemq-platform] [hivemq-platform-operator] [e32e0fe8] 13:58:34.426 [ReconcilerExecutor-hivemq-controller-76] DEBUG c.h.p.o.h.HiveMQPlatformReconcilerErrorHandler - [helmwebs] Pod 'test-hivemq-platform-0' containerStatus 'hivemq' (started: false) (ready: false) (waiting: [PodInitializing] null)
2025-01-29 13:58:34,430 INFO c.h.h.t.HelmChartContainer - [hivemq-test-hivemq-platform] [hivemq-platform-operator] [e32e0fe8] 13:58:34.428 [ReconcilerExecutor-hivemq-controller-76] INFO  c.h.p.o.h.HiveMQPlatformReconcilerBaseHandler - [helmwebs] HiveMQ Platform is starting, 0 of 1 replicas are ready
2025-01-29 13:58:34,441 INFO c.h.h.t.HelmChartContainer - [EVENT] Normal [Pulled] Container image "docker.io/hivemq/hivemq-platform-operator-init-test:snapshot" already present on machine [helmwebsocketsit:test-hivemq-platform-0]
2025-01-29 13:58:34,551 INFO c.h.h.t.HelmChartContainer - [EVENT] Normal [Created] Created container: hivemq-platform-operator-init [helmwebsocketsit:test-hivemq-platform-0]
2025-01-29 13:58:34,612 INFO c.h.h.t.HelmChartContainer - [EVENT] Normal [Started] Started container hivemq-platform-operator-init [helmwebsocketsit:test-hivemq-platform-0]
2025-01-29 13:58:35,412 INFO c.h.h.t.HelmChartContainer - [EVENT] Normal [Pulled] Container image "docker.io/hivemq/hivemq4:4.36.0" already present on machine [helmwebsocketsit:test-hivemq-platform-0]
2025-01-29 13:58:35,412 INFO c.h.h.t.HelmChartContainer - Received Pulled event for container hivemq in pod test-hivemq-platform-0 [2486d663-3e0a-4384-a1f6-b1959e063380]
2025-01-29 13:58:35,442 INFO c.h.h.t.HelmChartContainer - [POD] test-hivemq-platform-0 [2486d663-3e0a-4384-a1f6-b1959e063380] in helmwebsocketsit was MODIFIED
2025-01-29 13:58:35,452 INFO c.h.h.t.HelmChartContainer - [hivemq-test-hivemq-platform] [hivemq-platform-operator] [e32e0fe8] 13:58:35.441 [pool-6-thread-32] DEBUG c.h.p.o.d.PlatformServiceResource - [helmwebs] Desired Platform services (4 services)
2025-01-29 13:58:35,458 INFO c.h.h.t.HelmChartContainer - [hivemq-test-hivemq-platform] [hivemq-platform-operator] [e32e0fe8] 13:58:35.445 [pool-6-thread-33] DEBUG c.h.p.o.dependants.PodInfoConfigMap - [helmwebs] Desired PodInfo ConfigMap (1 extensions) (1 enabled)
2025-01-29 13:58:35,458 INFO c.h.h.t.HelmChartContainer - [hivemq-test-hivemq-platform] [hivemq-platform-operator] [e32e0fe8] 13:58:35.445 [pool-6-thread-33] DEBUG c.h.p.o.dependants.PodInfoConfigMap - [helmwebs] Desired PodInfo ConfigMap (metrics port: 9399) (metrics path: /)
2025-01-29 13:58:35,458 INFO c.h.h.t.HelmChartContainer - [hivemq-test-hivemq-platform] [hivemq-platform-operator] [e32e0fe8] 13:58:35.446 [pool-6-thread-33] DEBUG c.h.p.o.dependants.PodInfoConfigMap - [helmwebs] Desired PodInfo ConfigMap (extension state hash: -1817474005)
2025-01-29 13:58:35,458 INFO c.h.h.t.HelmChartContainer - [hivemq-test-hivemq-platform] [hivemq-platform-operator] [e32e0fe8] 13:58:35.452 [pool-6-thread-37] DEBUG c.h.p.o.d.PodServiceAccountResource - [helmwebs] Desired PodServiceAccountResource (serviceAccountName: hivemq-platform-pod-test-hivemq-platform)
2025-01-29 13:58:35,518 INFO c.h.h.t.HelmChartContainer - [hivemq-test-hivemq-platform] [hivemq-platform-operator] [e32e0fe8] 13:58:35.516 [pool-6-thread-40] DEBUG c.h.p.o.d.StatefulSetResource - [helmwebs] Desired StatefulSet (1 replicas) for status STARTING (READY)
2025-01-29 13:58:35,526 INFO c.h.h.t.HelmChartContainer - [hivemq-test-hivemq-platform] [hivemq-platform-operator] [e32e0fe8] 13:58:35.523 [ReconcilerExecutor-hivemq-controller-87] INFO  c.h.p.o.HiveMQPlatformReconciler - [helmwebs] Reconciling HiveMQ Platform 'test-hivemq-platform' in namespace 'helmwebsocketsit'
2025-01-29 13:58:35,527 INFO c.h.h.t.HelmChartContainer - [hivemq-test-hivemq-platform] [hivemq-platform-operator] [e32e0fe8] 13:58:35.523 [ReconcilerExecutor-hivemq-controller-87] DEBUG c.h.p.o.HiveMQPlatformReconciler - [helmwebs] Custom Resource Status STARTING - HiveMQ Platform is starting (READY)
2025-01-29 13:58:35,527 INFO c.h.h.t.HelmChartContainer - [hivemq-test-hivemq-platform] [hivemq-platform-operator] [e32e0fe8] 13:58:35.524 [ReconcilerExecutor-hivemq-controller-87] DEBUG c.h.p.o.HiveMQPlatformReconciler - [helmwebs] Custom Resource Spec (replicas: 1) (extensions: 1)
2025-01-29 13:58:35,531 INFO c.h.h.t.HelmChartContainer - [hivemq-test-hivemq-platform] [hivemq-platform-operator] [e32e0fe8] 13:58:35.530 [ReconcilerExecutor-hivemq-controller-87] DEBUG c.h.p.o.HiveMQPlatformReconciler - [helmwebs] StatefulSet Status (revision: test-hivemq-platform-78b9d76d69, replicas: 1, available: 0, ready: 0, current: 1, updated: 1)
2025-01-29 13:58:35,532 INFO c.h.h.t.HelmChartContainer - [hivemq-test-hivemq-platform] [hivemq-platform-operator] [e32e0fe8] 13:58:35.530 [ReconcilerExecutor-hivemq-controller-87] DEBUG c.h.p.o.HiveMQPlatformReconciler - [helmwebs] StatefulSet Spec (replicas: 1, init containers: 1, containers: 1, volumes: 6)
2025-01-29 13:58:35,616 INFO c.h.h.t.HelmChartContainer - [hivemq-test-hivemq-platform] [hivemq-platform-operator] [e32e0fe8] 13:58:35.613 [ReconcilerExecutor-hivemq-controller-87] DEBUG c.h.p.o.h.HiveMQPlatformReconcilerErrorHandler - [helmwebs] Pod 'test-hivemq-platform-0' phase Pending
2025-01-29 13:58:35,617 INFO c.h.h.t.HelmChartContainer - [hivemq-test-hivemq-platform] [hivemq-platform-operator] [e32e0fe8] 13:58:35.614 [ReconcilerExecutor-hivemq-controller-87] DEBUG c.h.p.o.h.HiveMQPlatformReconcilerErrorHandler - [helmwebs] Pod 'test-hivemq-platform-0' condition 'PodReadyToStartContainers': True
2025-01-29 13:58:35,617 INFO c.h.h.t.HelmChartContainer - [hivemq-test-hivemq-platform] [hivemq-platform-operator] [e32e0fe8] 13:58:35.614 [ReconcilerExecutor-hivemq-controller-87] DEBUG c.h.p.o.h.HiveMQPlatformReconcilerErrorHandler - [helmwebs] Pod 'test-hivemq-platform-0' condition 'Initialized': True
2025-01-29 13:58:35,617 INFO c.h.h.t.HelmChartContainer - [hivemq-test-hivemq-platform] [hivemq-platform-operator] [e32e0fe8] 13:58:35.614 [ReconcilerExecutor-hivemq-controller-87] DEBUG c.h.p.o.h.HiveMQPlatformReconcilerErrorHandler - [helmwebs] Pod 'test-hivemq-platform-0' condition 'Ready': False
2025-01-29 13:58:35,617 INFO c.h.h.t.HelmChartContainer - [hivemq-test-hivemq-platform] [hivemq-platform-operator] [e32e0fe8] 13:58:35.614 [ReconcilerExecutor-hivemq-controller-87] DEBUG c.h.p.o.h.HiveMQPlatformReconcilerErrorHandler - [helmwebs] Pod 'test-hivemq-platform-0' condition 'ContainersReady': False
2025-01-29 13:58:35,617 INFO c.h.h.t.HelmChartContainer - [hivemq-test-hivemq-platform] [hivemq-platform-operator] [e32e0fe8] 13:58:35.614 [ReconcilerExecutor-hivemq-controller-87] DEBUG c.h.p.o.h.HiveMQPlatformReconcilerErrorHandler - [helmwebs] Pod 'test-hivemq-platform-0' condition 'PodScheduled': True
2025-01-29 13:58:35,617 INFO c.h.h.t.HelmChartContainer - [hivemq-test-hivemq-platform] [hivemq-platform-operator] [e32e0fe8] 13:58:35.614 [ReconcilerExecutor-hivemq-controller-87] DEBUG c.h.p.o.h.HiveMQPlatformReconcilerErrorHandler - [helmwebs] Pod 'test-hivemq-platform-0' containerStatus 'hivemq' (started: false) (ready: false) (waiting: [PodInitializing] null)
2025-01-29 13:58:35,618 INFO c.h.h.t.HelmChartContainer - [hivemq-test-hivemq-platform] [hivemq-platform-operator] [e32e0fe8] 13:58:35.617 [ReconcilerExecutor-hivemq-controller-87] INFO  c.h.p.o.h.HiveMQPlatformReconcilerBaseHandler - [helmwebs] HiveMQ Platform is starting, 0 of 1 replicas are ready
2025-01-29 13:58:36,603 INFO c.h.h.t.HelmChartContainer - [EVENT] Normal [Created] Created container: hivemq [helmwebsocketsit:test-hivemq-platform-0]
2025-01-29 13:58:36,603 INFO c.h.h.t.HelmChartContainer - Received Created event for container hivemq in pod test-hivemq-platform-0 [2486d663-3e0a-4384-a1f6-b1959e063380]
2025-01-29 13:58:37,424 INFO c.h.h.t.HelmChartContainer - [POD] test-hivemq-platform-0 [2486d663-3e0a-4384-a1f6-b1959e063380] in helmwebsocketsit was MODIFIED
2025-01-29 13:58:37,434 INFO c.h.h.t.HelmChartContainer - Started log watcher for hivemq in pod test-hivemq-platform-0 [2486d663-3e0a-4384-a1f6-b1959e063380]
2025-01-29 13:58:37,434 INFO c.h.h.t.HelmChartContainer - [test-hivemq-platform] [hivemq] [2486d663] Adding pre-installed HiveMQ Platform Operator extensions
2025-01-29 13:58:37,434 INFO c.h.h.t.HelmChartContainer - [test-hivemq-platform] [hivemq] [2486d663] Running as user 10000
2025-01-29 13:58:37,434 INFO c.h.h.t.HelmChartContainer - [test-hivemq-platform] [hivemq] [2486d663] Starting HiveMQ Platform Operator Init
2025-01-29 13:58:37,434 INFO c.h.h.t.HelmChartContainer - [EVENT] Normal [Started] Started container hivemq [helmwebsocketsit:test-hivemq-platform-0]
2025-01-29 13:58:37,434 INFO c.h.h.t.HelmChartContainer - Received Started event for container hivemq in pod test-hivemq-platform-0 [2486d663-3e0a-4384-a1f6-b1959e063380]
2025-01-29 13:58:37,438 INFO c.h.h.t.HelmChartContainer - [hivemq-test-hivemq-platform] [hivemq-platform-operator] [e32e0fe8] 13:58:37.435 [pool-6-thread-42] DEBUG c.h.p.o.d.PlatformServiceResource - [helmwebs] Desired Platform services (4 services)
2025-01-29 13:58:37,440 INFO c.h.h.t.HelmChartContainer - [hivemq-test-hivemq-platform] [hivemq-platform-operator] [e32e0fe8] 13:58:37.439 [pool-6-thread-43] DEBUG c.h.p.o.dependants.PodInfoConfigMap - [helmwebs] Desired PodInfo ConfigMap (1 extensions) (1 enabled)
2025-01-29 13:58:37,447 INFO c.h.h.t.HelmChartContainer - [hivemq-test-hivemq-platform] [hivemq-platform-operator] [e32e0fe8] 13:58:37.439 [pool-6-thread-43] DEBUG c.h.p.o.dependants.PodInfoConfigMap - [helmwebs] Desired PodInfo ConfigMap (metrics port: 9399) (metrics path: /)
2025-01-29 13:58:37,447 INFO c.h.h.t.HelmChartContainer - [hivemq-test-hivemq-platform] [hivemq-platform-operator] [e32e0fe8] 13:58:37.440 [pool-6-thread-43] DEBUG c.h.p.o.dependants.PodInfoConfigMap - [helmwebs] Desired PodInfo ConfigMap (extension state hash: -1817474005)
2025-01-29 13:58:37,447 INFO c.h.h.t.HelmChartContainer - [hivemq-test-hivemq-platform] [hivemq-platform-operator] [e32e0fe8] 13:58:37.442 [pool-6-thread-47] DEBUG c.h.p.o.d.PodServiceAccountResource - [helmwebs] Desired PodServiceAccountResource (serviceAccountName: hivemq-platform-pod-test-hivemq-platform)
2025-01-29 13:58:37,461 INFO c.h.h.t.HelmChartContainer - [hivemq-test-hivemq-platform] [hivemq-platform-operator] [e32e0fe8] 13:58:37.459 [pool-6-thread-50] DEBUG c.h.p.o.d.StatefulSetResource - [helmwebs] Desired StatefulSet (1 replicas) for status STARTING (READY)
2025-01-29 13:58:37,516 INFO c.h.h.t.HelmChartContainer - [hivemq-test-hivemq-platform] [hivemq-platform-operator] [e32e0fe8] 13:58:37.515 [ReconcilerExecutor-hivemq-controller-98] INFO  c.h.p.o.HiveMQPlatformReconciler - [helmwebs] Reconciling HiveMQ Platform 'test-hivemq-platform' in namespace 'helmwebsocketsit'
2025-01-29 13:58:37,516 INFO c.h.h.t.HelmChartContainer - [hivemq-test-hivemq-platform] [hivemq-platform-operator] [e32e0fe8] 13:58:37.515 [ReconcilerExecutor-hivemq-controller-98] DEBUG c.h.p.o.HiveMQPlatformReconciler - [helmwebs] Custom Resource Status STARTING - HiveMQ Platform is starting (READY)
2025-01-29 13:58:37,516 INFO c.h.h.t.HelmChartContainer - [hivemq-test-hivemq-platform] [hivemq-platform-operator] [e32e0fe8] 13:58:37.515 [ReconcilerExecutor-hivemq-controller-98] DEBUG c.h.p.o.HiveMQPlatformReconciler - [helmwebs] Custom Resource Spec (replicas: 1) (extensions: 1)
2025-01-29 13:58:37,519 INFO c.h.h.t.HelmChartContainer - [hivemq-test-hivemq-platform] [hivemq-platform-operator] [e32e0fe8] 13:58:37.518 [ReconcilerExecutor-hivemq-controller-98] DEBUG c.h.p.o.HiveMQPlatformReconciler - [helmwebs] StatefulSet Status (revision: test-hivemq-platform-78b9d76d69, replicas: 1, available: 0, ready: 0, current: 1, updated: 1)
2025-01-29 13:58:37,519 INFO c.h.h.t.HelmChartContainer - [hivemq-test-hivemq-platform] [hivemq-platform-operator] [e32e0fe8] 13:58:37.518 [ReconcilerExecutor-hivemq-controller-98] DEBUG c.h.p.o.HiveMQPlatformReconciler - [helmwebs] StatefulSet Spec (replicas: 1, init containers: 1, containers: 1, volumes: 6)
2025-01-29 13:58:37,521 INFO c.h.h.t.HelmChartContainer - [hivemq-test-hivemq-platform] [hivemq-platform-operator] [e32e0fe8] 13:58:37.520 [ReconcilerExecutor-hivemq-controller-98] DEBUG c.h.p.o.h.HiveMQPlatformReconcilerErrorHandler - [helmwebs] Pod 'test-hivemq-platform-0' phase Running
2025-01-29 13:58:37,522 INFO c.h.h.t.HelmChartContainer - [hivemq-test-hivemq-platform] [hivemq-platform-operator] [e32e0fe8] 13:58:37.521 [ReconcilerExecutor-hivemq-controller-98] INFO  c.h.p.o.h.HiveMQPlatformReconcilerBaseHandler - [helmwebs] HiveMQ Platform is starting, 0 of 1 replicas are ready
2025-01-29 13:58:37,864 INFO c.h.h.t.HelmChartContainer - [test-hivemq-platform] [hivemq] [2486d663] INFO  - [HiveMQ Platform Operator Init 1.7.0-SNAPSHOT] HiveMQ Platform Operator Init 1.7.0-SNAPSHOT (commit: bebf408 on branch: HEAD) built on Sun Jan 26 20:47:47 UTC 2025
2025-01-29 13:58:39,145 INFO c.h.h.t.HelmChartContainer - [test-hivemq-platform] [hivemq] [2486d663] INFO  - [HiveMQ Platform Operator Init App 1.7.0-SNAPSHOT] Using bind address 10.42.0.10 from environment variable
2025-01-29 13:58:39,961 INFO c.h.h.t.HelmChartContainer - [test-hivemq-platform] [hivemq] [2486d663] INFO  - [HiveMQ Platform Operator Init App 1.7.0-SNAPSHOT] HiveMQ Platform Operator Init App 1.7.0-SNAPSHOT (commit: bebf408 on branch: HEAD) built on Sun Jan 26 20:47:47 UTC 2025
2025-01-29 13:58:39,961 INFO c.h.h.t.HelmChartContainer - [test-hivemq-platform] [hivemq] [2486d663] INFO  - [HiveMQ Platform Operator Init App 1.7.0-SNAPSHOT] PodInfo ConfigMap directory: /etc/podinfo
2025-01-29 13:58:39,961 INFO c.h.h.t.HelmChartContainer - [test-hivemq-platform] [hivemq] [2486d663] INFO  - [HiveMQ Platform Operator Init App 1.7.0-SNAPSHOT] HiveMQ home directory: /opt/hivemq
2025-01-29 13:58:39,961 INFO c.h.h.t.HelmChartContainer - [test-hivemq-platform] [hivemq] [2486d663] INFO  - [HiveMQ Platform Operator Init App 1.7.0-SNAPSHOT] HiveMQ Logback folder: /opt/hivemq/conf
2025-01-29 13:58:39,961 INFO c.h.h.t.HelmChartContainer - [test-hivemq-platform] [hivemq] [2486d663] INFO  - [HiveMQ Platform Operator Init App 1.7.0-SNAPSHOT] HiveMQ Config folder: /opt/hivemq/conf-k8s
2025-01-29 13:58:39,961 INFO c.h.h.t.HelmChartContainer - [test-hivemq-platform] [hivemq] [2486d663] INFO  - [HiveMQ Platform Operator Init App 1.7.0-SNAPSHOT] Starting HiveMQ Platform Operator Init App
2025-01-29 13:58:39,962 INFO c.h.h.t.HelmChartContainer - [test-hivemq-platform] [hivemq] [2486d663] INFO  - [HiveMQ Platform Operator Init App 1.7.0-SNAPSHOT] Starting Pod reconciler
2025-01-29 13:58:41,071 INFO c.h.h.t.HelmChartContainer - [test-hivemq-platform] [hivemq] [2486d663] INFO  - [HiveMQ Platform Operator Init App 1.7.0-SNAPSHOT] Pod reconciler is scheduled (interval: 5000 ms)
2025-01-29 13:58:41,071 INFO c.h.h.t.HelmChartContainer - [test-hivemq-platform] [hivemq] [2486d663] INFO  - [HiveMQ Platform Operator Init App 1.7.0-SNAPSHOT] Starting the REST API on 10.42.0.10:7979
2025-01-29 13:58:41,073 INFO c.h.h.t.HelmChartContainer - [test-hivemq-platform] [hivemq] [2486d663] INFO  - [HiveMQ Platform Operator Init App 1.7.0-SNAPSHOT] Waiting up to 600s for at most 1 HiveMQ nodes in cluster service hivemq-test-hivemq-platform-cluster.helmwebsocketsit.svc
2025-01-29 13:58:41,443 INFO c.h.h.t.HelmChartContainer - [test-hivemq-platform] [hivemq] [2486d663] INFO  - [HiveMQ Platform Operator Init App 1.7.0-SNAPSHOT] Resolved 1 IP addresses: [10.42.0.10]
2025-01-29 13:58:41,443 INFO c.h.h.t.HelmChartContainer - [test-hivemq-platform] [hivemq] [2486d663] INFO  - [HiveMQ Platform Operator Init App 1.7.0-SNAPSHOT] HiveMQ node count of 1 is within threshold of 1
2025-01-29 13:58:41,443 INFO c.h.h.t.HelmChartContainer - [test-hivemq-platform] [hivemq] [2486d663] INFO  - [HiveMQ Platform Operator Init App 1.7.0-SNAPSHOT] Proceeding with container start
2025-01-29 13:58:41,468 INFO c.h.h.t.HelmChartContainer - [test-hivemq-platform] [hivemq] [2486d663] INFO  - [HiveMQ Platform Operator Init App 1.7.0-SNAPSHOT] Initializing HiveMQ Platform extensions with initial configuration: {hivemq-allow-all-extension={start-priority=-1, skip-https-hostname-verification=false, restart=true, config-version=0, header-version=0, c-uri=, priority=-1, uri=preinstalled, skip-https-certificate-validation=false, enabled=true}, hivemq-prometheus-extension={restart=true, enabled=true, request-header-path=no-request-headers, uri=preinstalled, skip-https-certificate-validation=false, skip-https-hostname-verification=false, c-uri=, start-priority=-1, priority=-1}}
2025-01-29 13:58:41,945 INFO c.h.h.t.HelmChartContainer - [test-hivemq-platform] [hivemq] [2486d663] INFO  - [HiveMQ Platform Operator Init App 1.7.0-SNAPSHOT] Extension hivemq-allow-all-extension was already enabled
2025-01-29 13:58:41,961 INFO c.h.h.t.HelmChartContainer - [test-hivemq-platform] [hivemq] [2486d663] INFO  - [HiveMQ Platform Operator Init App 1.7.0-SNAPSHOT] Successfully enabled extension hivemq-prometheus-extension
2025-01-29 13:58:41,963 INFO c.h.h.t.HelmChartContainer - [test-hivemq-platform] [hivemq] [2486d663] INFO  - [HiveMQ Platform Operator Init App 1.7.0-SNAPSHOT] Starting HiveMQ Platform version 4.36.0 (4.36.0)
2025-01-29 13:58:41,963 INFO c.h.h.t.HelmChartContainer - [test-hivemq-platform] [hivemq] [2486d663] INFO  - [HiveMQ Platform Operator Init App 1.7.0-SNAPSHOT] Configuring the HiveMQ Platform
2025-01-29 13:58:42,043 INFO c.h.h.t.HelmChartContainer - [test-hivemq-platform] [hivemq] [2486d663] INFO  - [HiveMQ Platform Operator Init App 1.7.0-SNAPSHOT] Changed logback.xml file scan period to 20 seconds
2025-01-29 13:58:42,065 INFO c.h.h.t.HelmChartContainer - [test-hivemq-platform] [hivemq] [2486d663] INFO  - [HiveMQ Platform Operator Init App 1.7.0-SNAPSHOT] Starting the HiveMQ Platform
2025-01-29 13:58:42,140 INFO c.h.h.t.HelmChartContainer - [test-hivemq-platform] [hivemq] [2486d663] -------------------------------------------------------------------------
2025-01-29 13:58:42,140 INFO c.h.h.t.HelmChartContainer - [test-hivemq-platform] [hivemq] [2486d663] 
2025-01-29 13:58:42,141 INFO c.h.h.t.HelmChartContainer - [test-hivemq-platform] [hivemq] [2486d663]                   _    _  _              __  __   ____
2025-01-29 13:58:42,141 INFO c.h.h.t.HelmChartContainer - [test-hivemq-platform] [hivemq] [2486d663]                  | |  | |(_)            |  \/  | / __ \
2025-01-29 13:58:42,141 INFO c.h.h.t.HelmChartContainer - [test-hivemq-platform] [hivemq] [2486d663]                  | |__| | _ __   __ ___ | \  / || |  | |
2025-01-29 13:58:42,141 INFO c.h.h.t.HelmChartContainer - [test-hivemq-platform] [hivemq] [2486d663]                  |  __  || |\ \ / // _ \| |\/| || |  | |
2025-01-29 13:58:42,141 INFO c.h.h.t.HelmChartContainer - [test-hivemq-platform] [hivemq] [2486d663]                  | |  | || | \ V /|  __/| |  | || |__| |
2025-01-29 13:58:42,141 INFO c.h.h.t.HelmChartContainer - [test-hivemq-platform] [hivemq] [2486d663]                  |_|  |_||_|  \_/  \___||_|  |_| \___\_\
2025-01-29 13:58:42,141 INFO c.h.h.t.HelmChartContainer - [test-hivemq-platform] [hivemq] [2486d663] 
2025-01-29 13:58:42,141 INFO c.h.h.t.HelmChartContainer - [test-hivemq-platform] [hivemq] [2486d663] -------------------------------------------------------------------------
2025-01-29 13:58:42,141 INFO c.h.h.t.HelmChartContainer - [test-hivemq-platform] [hivemq] [2486d663] 
2025-01-29 13:58:42,141 INFO c.h.h.t.HelmChartContainer - [test-hivemq-platform] [hivemq] [2486d663]   HiveMQ Start Script for Linux/Unix v1.14
2025-01-29 13:58:42,141 INFO c.h.h.t.HelmChartContainer - [test-hivemq-platform] [hivemq] [2486d663] 
2025-01-29 13:58:42,171 INFO c.h.h.t.HelmChartContainer - [test-hivemq-platform] [hivemq] [2486d663] -------------------------------------------------------------------------
2025-01-29 13:58:42,171 INFO c.h.h.t.HelmChartContainer - [test-hivemq-platform] [hivemq] [2486d663] 
2025-01-29 13:58:42,171 INFO c.h.h.t.HelmChartContainer - [test-hivemq-platform] [hivemq] [2486d663]   HIVEMQ_HOME: /opt/hivemq
2025-01-29 13:58:42,171 INFO c.h.h.t.HelmChartContainer - [test-hivemq-platform] [hivemq] [2486d663] 
2025-01-29 13:58:42,171 INFO c.h.h.t.HelmChartContainer - [test-hivemq-platform] [hivemq] [2486d663]   JAVA_OPTS: -XX:+UnlockExperimentalVMOptions -XX:InitialRAMPercentage=50 -XX:MaxRAMPercentage=50 -Djava.net.preferIPv4Stack=true --add-opens java.base/java.lang=ALL-UNNAMED --add-opens java.base/java.nio=ALL-UNNAMED --add-opens java.base/sun.nio.ch=ALL-UNNAMED --add-opens jdk.management/com.sun.management.internal=ALL-UNNAMED --add-exports java.base/jdk.internal.misc=ALL-UNNAMED -Djava.security.egd=file:/dev/./urandom -Dcom.sun.management.jmxremote -Dcom.sun.management.jmxremote.port=9010 -Dcom.sun.management.jmxremote.local.only=false -Dcom.sun.management.jmxremote.authenticate=false -Dcom.sun.management.jmxremote.ssl=false -Duser.language=en -Duser.region=US -XX:+CrashOnOutOfMemoryError -XX:+HeapDumpOnOutOfMemoryError
2025-01-29 13:58:42,171 INFO c.h.h.t.HelmChartContainer - [test-hivemq-platform] [hivemq] [2486d663] 
2025-01-29 13:58:42,171 INFO c.h.h.t.HelmChartContainer - [test-hivemq-platform] [hivemq] [2486d663]   JAVA_VERSION: 21
2025-01-29 13:58:42,171 INFO c.h.h.t.HelmChartContainer - [test-hivemq-platform] [hivemq] [2486d663] 
2025-01-29 13:58:42,171 INFO c.h.h.t.HelmChartContainer - [test-hivemq-platform] [hivemq] [2486d663] -------------------------------------------------------------------------
2025-01-29 13:58:42,171 INFO c.h.h.t.HelmChartContainer - [test-hivemq-platform] [hivemq] [2486d663] 
2025-01-29 13:58:43,456 INFO c.h.h.t.HelmChartContainer - [test-hivemq-platform] [hivemq] [2486d663] INFO  - [HiveMQ Platform Operator Init App 1.7.0-SNAPSHOT] Returning default Health API response 503 for readiness
2025-01-29 13:58:43,763 INFO c.h.h.t.HelmChartContainer - [EVENT] Warning [Unhealthy] Readiness probe failed: HTTP probe failed with statuscode: 503 [helmwebsocketsit:test-hivemq-platform-0]
2025-01-29 13:58:43,763 INFO c.h.h.t.HelmChartContainer - Received Unhealthy event for container hivemq in pod test-hivemq-platform-0 [2486d663-3e0a-4384-a1f6-b1959e063380]
2025-01-29 13:58:44,841 INFO c.h.h.t.HelmChartContainer - [test-hivemq-platform] [hivemq] [2486d663] INFO  - Starting HiveMQ Enterprise Server
2025-01-29 13:58:44,857 INFO c.h.h.t.HelmChartContainer - [test-hivemq-platform] [hivemq] [2486d663] INFO  - HiveMQ version: 4.36.0
2025-01-29 13:58:44,857 INFO c.h.h.t.HelmChartContainer - [test-hivemq-platform] [hivemq] [2486d663] INFO  - HiveMQ home directory: /opt/hivemq
2025-01-29 13:58:44,857 INFO c.h.h.t.HelmChartContainer - [test-hivemq-platform] [hivemq] [2486d663] INFO  - Log Configuration was overridden by /opt/hivemq/conf/logback.xml
2025-01-29 13:58:46,056 INFO c.h.h.t.HelmChartContainer - [test-hivemq-platform] [hivemq] [2486d663] INFO  - Successfully loaded configuration from '/opt/hivemq/conf-k8s/config.xml'.
2025-01-29 13:58:46,760 INFO c.h.h.t.HelmChartContainer - [test-hivemq-platform] [hivemq] [2486d663] INFO  - This node's ID is cbqKI
2025-01-29 13:58:46,760 INFO c.h.h.t.HelmChartContainer - [test-hivemq-platform] [hivemq] [2486d663] INFO  - Clustering is enabled
2025-01-29 13:58:47,529 INFO c.h.h.t.HelmChartContainer - [hivemq-test-hivemq-platform] [hivemq-platform-operator] [e32e0fe8] 13:58:47.525 [pool-6-thread-5] DEBUG c.h.p.o.d.PlatformServiceResource - [helmwebs] Desired Platform services (4 services)
2025-01-29 13:58:47,529 INFO c.h.h.t.HelmChartContainer - [hivemq-test-hivemq-platform] [hivemq-platform-operator] [e32e0fe8] 13:58:47.527 [pool-6-thread-3] DEBUG c.h.p.o.dependants.PodInfoConfigMap - [helmwebs] Desired PodInfo ConfigMap (1 extensions) (1 enabled)
2025-01-29 13:58:47,529 INFO c.h.h.t.HelmChartContainer - [hivemq-test-hivemq-platform] [hivemq-platform-operator] [e32e0fe8] 13:58:47.527 [pool-6-thread-3] DEBUG c.h.p.o.dependants.PodInfoConfigMap - [helmwebs] Desired PodInfo ConfigMap (metrics port: 9399) (metrics path: /)
2025-01-29 13:58:47,529 INFO c.h.h.t.HelmChartContainer - [hivemq-test-hivemq-platform] [hivemq-platform-operator] [e32e0fe8] 13:58:47.527 [pool-6-thread-3] DEBUG c.h.p.o.dependants.PodInfoConfigMap - [helmwebs] Desired PodInfo ConfigMap (extension state hash: -1817474005)
2025-01-29 13:58:47,530 INFO c.h.h.t.HelmChartContainer - [hivemq-test-hivemq-platform] [hivemq-platform-operator] [e32e0fe8] 13:58:47.528 [pool-6-thread-4] DEBUG c.h.p.o.d.PodServiceAccountResource - [helmwebs] Desired PodServiceAccountResource (serviceAccountName: hivemq-platform-pod-test-hivemq-platform)
2025-01-29 13:58:47,534 INFO c.h.h.t.HelmChartContainer - [hivemq-test-hivemq-platform] [hivemq-platform-operator] [e32e0fe8] 13:58:47.533 [pool-6-thread-5] DEBUG c.h.p.o.d.StatefulSetResource - [helmwebs] Desired StatefulSet (1 replicas) for status STARTING (READY)
2025-01-29 13:58:47,541 INFO c.h.h.t.HelmChartContainer - [hivemq-test-hivemq-platform] [hivemq-platform-operator] [e32e0fe8] 13:58:47.540 [ReconcilerExecutor-hivemq-controller-109] INFO  c.h.p.o.HiveMQPlatformReconciler - [helmwebs] Reconciling HiveMQ Platform 'test-hivemq-platform' in namespace 'helmwebsocketsit'
2025-01-29 13:58:47,542 INFO c.h.h.t.HelmChartContainer - [hivemq-test-hivemq-platform] [hivemq-platform-operator] [e32e0fe8] 13:58:47.540 [ReconcilerExecutor-hivemq-controller-109] DEBUG c.h.p.o.HiveMQPlatformReconciler - [helmwebs] Custom Resource Status STARTING - HiveMQ Platform is starting (READY)
2025-01-29 13:58:47,543 INFO c.h.h.t.HelmChartContainer - [hivemq-test-hivemq-platform] [hivemq-platform-operator] [e32e0fe8] 13:58:47.540 [ReconcilerExecutor-hivemq-controller-109] DEBUG c.h.p.o.HiveMQPlatformReconciler - [helmwebs] Custom Resource Spec (replicas: 1) (extensions: 1)
2025-01-29 13:58:47,615 INFO c.h.h.t.HelmChartContainer - [hivemq-test-hivemq-platform] [hivemq-platform-operator] [e32e0fe8] 13:58:47.613 [ReconcilerExecutor-hivemq-controller-109] DEBUG c.h.p.o.HiveMQPlatformReconciler - [helmwebs] StatefulSet Status (revision: test-hivemq-platform-78b9d76d69, replicas: 1, available: 0, ready: 0, current: 1, updated: 1)
2025-01-29 13:58:47,615 INFO c.h.h.t.HelmChartContainer - [hivemq-test-hivemq-platform] [hivemq-platform-operator] [e32e0fe8] 13:58:47.614 [ReconcilerExecutor-hivemq-controller-109] DEBUG c.h.p.o.HiveMQPlatformReconciler - [helmwebs] StatefulSet Spec (replicas: 1, init containers: 1, containers: 1, volumes: 6)
2025-01-29 13:58:47,616 INFO c.h.h.t.HelmChartContainer - [hivemq-test-hivemq-platform] [hivemq-platform-operator] [e32e0fe8] 13:58:47.616 [ReconcilerExecutor-hivemq-controller-109] DEBUG c.h.p.o.h.HiveMQPlatformReconcilerErrorHandler - [helmwebs] Pod 'test-hivemq-platform-0' phase Running
2025-01-29 13:58:47,618 INFO c.h.h.t.HelmChartContainer - [hivemq-test-hivemq-platform] [hivemq-platform-operator] [e32e0fe8] 13:58:47.617 [ReconcilerExecutor-hivemq-controller-109] INFO  c.h.p.o.h.HiveMQPlatformReconcilerBaseHandler - [helmwebs] HiveMQ Platform is starting, 0 of 1 replicas are ready
2025-01-29 13:58:48,859 INFO c.h.h.t.HelmChartContainer - [test-hivemq-platform] [hivemq] [2486d663] WARN  - [HiveMQ Platform Operator Init App 1.7.0-SNAPSHOT] Cannot connect to Health API for readiness: null
2025-01-29 13:58:48,864 INFO c.h.h.t.HelmChartContainer - [EVENT] Warning [Unhealthy] Readiness probe failed: HTTP probe failed with statuscode: 503 [helmwebsocketsit:test-hivemq-platform-0]
2025-01-29 13:58:48,865 INFO c.h.h.t.HelmChartContainer - Received Unhealthy event for container hivemq in pod test-hivemq-platform-0 [2486d663-3e0a-4384-a1f6-b1959e063380]
2025-01-29 13:58:51,443 INFO c.h.h.t.HelmChartContainer - [test-hivemq-platform] [hivemq] [2486d663] Jan 29, 2025 1:58:51 PM io.vertx.core.impl.BlockedThreadChecker
2025-01-29 13:58:51,443 INFO c.h.h.t.HelmChartContainer - [test-hivemq-platform] [hivemq] [2486d663] WARNING: Thread Thread[vert.x-eventloop-thread-1,5,main] has been blocked for 2381 ms, time limit is 2000 ms
2025-01-29 13:58:51,860 INFO c.h.h.t.HelmChartContainer - [test-hivemq-platform] [hivemq] [2486d663] INFO  - [HiveMQ Platform Operator Init App 1.7.0-SNAPSHOT] Updating Pod HiveMQ Platform Operator Init App version annotation (version: 1.7.0-SNAPSHOT)
2025-01-29 13:58:52,570 INFO c.h.h.t.HelmChartContainer - [POD] test-hivemq-platform-0 [2486d663-3e0a-4384-a1f6-b1959e063380] in helmwebsocketsit was MODIFIED
2025-01-29 13:58:52,578 INFO c.h.h.t.HelmChartContainer - [hivemq-test-hivemq-platform] [hivemq-platform-operator] [e32e0fe8] 13:58:52.576 [pool-6-thread-16] DEBUG c.h.p.o.d.PlatformServiceResource - [helmwebs] Desired Platform services (4 services)
2025-01-29 13:58:52,578 INFO c.h.h.t.HelmChartContainer - [hivemq-test-hivemq-platform] [hivemq-platform-operator] [e32e0fe8] 13:58:52.577 [pool-6-thread-14] DEBUG c.h.p.o.dependants.PodInfoConfigMap - [helmwebs] Desired PodInfo ConfigMap (1 extensions) (1 enabled)
2025-01-29 13:58:52,578 INFO c.h.h.t.HelmChartContainer - [hivemq-test-hivemq-platform] [hivemq-platform-operator] [e32e0fe8] 13:58:52.577 [pool-6-thread-14] DEBUG c.h.p.o.dependants.PodInfoConfigMap - [helmwebs] Desired PodInfo ConfigMap (metrics port: 9399) (metrics path: /)
2025-01-29 13:58:52,578 INFO c.h.h.t.HelmChartContainer - [hivemq-test-hivemq-platform] [hivemq-platform-operator] [e32e0fe8] 13:58:52.577 [pool-6-thread-14] DEBUG c.h.p.o.dependants.PodInfoConfigMap - [helmwebs] Desired PodInfo ConfigMap (extension state hash: -1817474005)
2025-01-29 13:58:52,580 INFO c.h.h.t.HelmChartContainer - [hivemq-test-hivemq-platform] [hivemq-platform-operator] [e32e0fe8] 13:58:52.579 [pool-6-thread-17] DEBUG c.h.p.o.d.PodServiceAccountResource - [helmwebs] Desired PodServiceAccountResource (serviceAccountName: hivemq-platform-pod-test-hivemq-platform)
2025-01-29 13:58:52,588 INFO c.h.h.t.HelmChartContainer - [hivemq-test-hivemq-platform] [hivemq-platform-operator] [e32e0fe8] 13:58:52.587 [pool-6-thread-16] DEBUG c.h.p.o.d.StatefulSetResource - [helmwebs] Desired StatefulSet (1 replicas) for status STARTING (READY)
2025-01-29 13:58:52,614 INFO c.h.h.t.HelmChartContainer - [hivemq-test-hivemq-platform] [hivemq-platform-operator] [e32e0fe8] 13:58:52.613 [ReconcilerExecutor-hivemq-controller-110] INFO  c.h.p.o.HiveMQPlatformReconciler - [helmwebs] Reconciling HiveMQ Platform 'test-hivemq-platform' in namespace 'helmwebsocketsit'
2025-01-29 13:58:52,614 INFO c.h.h.t.HelmChartContainer - [hivemq-test-hivemq-platform] [hivemq-platform-operator] [e32e0fe8] 13:58:52.613 [ReconcilerExecutor-hivemq-controller-110] DEBUG c.h.p.o.HiveMQPlatformReconciler - [helmwebs] Custom Resource Status STARTING - HiveMQ Platform is starting (READY)
2025-01-29 13:58:52,615 INFO c.h.h.t.HelmChartContainer - [hivemq-test-hivemq-platform] [hivemq-platform-operator] [e32e0fe8] 13:58:52.613 [ReconcilerExecutor-hivemq-controller-110] DEBUG c.h.p.o.HiveMQPlatformReconciler - [helmwebs] Custom Resource Spec (replicas: 1) (extensions: 1)
2025-01-29 13:58:52,616 INFO c.h.h.t.HelmChartContainer - [hivemq-test-hivemq-platform] [hivemq-platform-operator] [e32e0fe8] 13:58:52.615 [ReconcilerExecutor-hivemq-controller-110] DEBUG c.h.p.o.HiveMQPlatformReconciler - [helmwebs] StatefulSet Status (revision: test-hivemq-platform-78b9d76d69, replicas: 1, available: 0, ready: 0, current: 1, updated: 1)
2025-01-29 13:58:52,616 INFO c.h.h.t.HelmChartContainer - [hivemq-test-hivemq-platform] [hivemq-platform-operator] [e32e0fe8] 13:58:52.615 [ReconcilerExecutor-hivemq-controller-110] DEBUG c.h.p.o.HiveMQPlatformReconciler - [helmwebs] StatefulSet Spec (replicas: 1, init containers: 1, containers: 1, volumes: 6)
2025-01-29 13:58:52,618 INFO c.h.h.t.HelmChartContainer - [hivemq-test-hivemq-platform] [hivemq-platform-operator] [e32e0fe8] 13:58:52.617 [ReconcilerExecutor-hivemq-controller-110] DEBUG c.h.p.o.h.HiveMQPlatformReconcilerErrorHandler - [helmwebs] Pod 'test-hivemq-platform-0' phase Running
2025-01-29 13:58:52,619 INFO c.h.h.t.HelmChartContainer - [hivemq-test-hivemq-platform] [hivemq-platform-operator] [e32e0fe8] 13:58:52.618 [ReconcilerExecutor-hivemq-controller-110] INFO  c.h.p.o.h.HiveMQPlatformReconcilerBaseHandler - [helmwebs] HiveMQ Platform is starting, 0 of 1 replicas are ready
2025-01-29 13:58:52,641 INFO c.h.h.t.HelmChartContainer - [test-hivemq-platform] [hivemq] [2486d663] WARN  - [HiveMQ Platform Operator Init App 1.7.0-SNAPSHOT] Cannot connect to Health API for readiness: null
2025-01-29 13:58:52,646 INFO c.h.h.t.HelmChartContainer - [EVENT] Warning [Unhealthy] Readiness probe failed: HTTP probe failed with statuscode: 503 [helmwebsocketsit:test-hivemq-platform-0]
2025-01-29 13:58:52,646 INFO c.h.h.t.HelmChartContainer - Received Unhealthy event for container hivemq in pod test-hivemq-platform-0 [2486d663-3e0a-4384-a1f6-b1959e063380]
2025-01-29 13:58:52,664 INFO c.h.h.t.HelmChartContainer - [test-hivemq-platform] [hivemq] [2486d663] INFO  - [HiveMQ Platform Operator Init App 1.7.0-SNAPSHOT] Successfully updated Pod HiveMQ Platform Operator Init App version annotation (version: 1.7.0-SNAPSHOT)
2025-01-29 13:58:57,656 INFO c.h.h.t.HelmChartContainer - [test-hivemq-platform] [hivemq] [2486d663] WARN  - [HiveMQ Platform Operator Init App 1.7.0-SNAPSHOT] Cannot connect to Health API for readiness: null
2025-01-29 13:58:57,662 INFO c.h.h.t.HelmChartContainer - [EVENT] Warning [Unhealthy] Readiness probe failed: HTTP probe failed with statuscode: 503 [helmwebsocketsit:test-hivemq-platform-0]
2025-01-29 13:58:57,663 INFO c.h.h.t.HelmChartContainer - Received Unhealthy event for container hivemq in pod test-hivemq-platform-0 [2486d663-3e0a-4384-a1f6-b1959e063380]
2025-01-29 13:59:02,626 INFO c.h.h.t.HelmChartContainer - [hivemq-test-hivemq-platform] [hivemq-platform-operator] [e32e0fe8] 13:59:02.623 [pool-6-thread-25] DEBUG c.h.p.o.d.PlatformServiceResource - [helmwebs] Desired Platform services (4 services)
2025-01-29 13:59:02,629 INFO c.h.h.t.HelmChartContainer - [hivemq-test-hivemq-platform] [hivemq-platform-operator] [e32e0fe8] 13:59:02.624 [pool-6-thread-27] DEBUG c.h.p.o.dependants.PodInfoConfigMap - [helmwebs] Desired PodInfo ConfigMap (1 extensions) (1 enabled)
2025-01-29 13:59:02,629 INFO c.h.h.t.HelmChartContainer - [hivemq-test-hivemq-platform] [hivemq-platform-operator] [e32e0fe8] 13:59:02.624 [pool-6-thread-27] DEBUG c.h.p.o.dependants.PodInfoConfigMap - [helmwebs] Desired PodInfo ConfigMap (metrics port: 9399) (metrics path: /)
2025-01-29 13:59:02,629 INFO c.h.h.t.HelmChartContainer - [hivemq-test-hivemq-platform] [hivemq-platform-operator] [e32e0fe8] 13:59:02.624 [pool-6-thread-27] DEBUG c.h.p.o.dependants.PodInfoConfigMap - [helmwebs] Desired PodInfo ConfigMap (extension state hash: -1817474005)
2025-01-29 13:59:02,629 INFO c.h.h.t.HelmChartContainer - [hivemq-test-hivemq-platform] [hivemq-platform-operator] [e32e0fe8] 13:59:02.626 [pool-6-thread-26] DEBUG c.h.p.o.d.PodServiceAccountResource - [helmwebs] Desired PodServiceAccountResource (serviceAccountName: hivemq-platform-pod-test-hivemq-platform)
2025-01-29 13:59:02,634 INFO c.h.h.t.HelmChartContainer - [hivemq-test-hivemq-platform] [hivemq-platform-operator] [e32e0fe8] 13:59:02.632 [pool-6-thread-25] DEBUG c.h.p.o.d.StatefulSetResource - [helmwebs] Desired StatefulSet (1 replicas) for status STARTING (READY)
2025-01-29 13:59:02,639 INFO c.h.h.t.HelmChartContainer - [hivemq-test-hivemq-platform] [hivemq-platform-operator] [e32e0fe8] 13:59:02.638 [ReconcilerExecutor-hivemq-controller-111] INFO  c.h.p.o.HiveMQPlatformReconciler - [helmwebs] Reconciling HiveMQ Platform 'test-hivemq-platform' in namespace 'helmwebsocketsit'
2025-01-29 13:59:02,639 INFO c.h.h.t.HelmChartContainer - [hivemq-test-hivemq-platform] [hivemq-platform-operator] [e32e0fe8] 13:59:02.638 [ReconcilerExecutor-hivemq-controller-111] DEBUG c.h.p.o.HiveMQPlatformReconciler - [helmwebs] Custom Resource Status STARTING - HiveMQ Platform is starting (READY)
2025-01-29 13:59:02,640 INFO c.h.h.t.HelmChartContainer - [hivemq-test-hivemq-platform] [hivemq-platform-operator] [e32e0fe8] 13:59:02.638 [ReconcilerExecutor-hivemq-controller-111] DEBUG c.h.p.o.HiveMQPlatformReconciler - [helmwebs] Custom Resource Spec (replicas: 1) (extensions: 1)
2025-01-29 13:59:02,643 INFO c.h.h.t.HelmChartContainer - [hivemq-test-hivemq-platform] [hivemq-platform-operator] [e32e0fe8] 13:59:02.642 [ReconcilerExecutor-hivemq-controller-111] DEBUG c.h.p.o.HiveMQPlatformReconciler - [helmwebs] StatefulSet Status (revision: test-hivemq-platform-78b9d76d69, replicas: 1, available: 0, ready: 0, current: 1, updated: 1)
2025-01-29 13:59:02,644 INFO c.h.h.t.HelmChartContainer - [hivemq-test-hivemq-platform] [hivemq-platform-operator] [e32e0fe8] 13:59:02.643 [ReconcilerExecutor-hivemq-controller-111] DEBUG c.h.p.o.HiveMQPlatformReconciler - [helmwebs] StatefulSet Spec (replicas: 1, init containers: 1, containers: 1, volumes: 6)
2025-01-29 13:59:02,646 INFO c.h.h.t.HelmChartContainer - [test-hivemq-platform] [hivemq] [2486d663] WARN  - [HiveMQ Platform Operator Init App 1.7.0-SNAPSHOT] Cannot connect to Health API for readiness: null
2025-01-29 13:59:02,650 INFO c.h.h.t.HelmChartContainer - [EVENT] Warning [Unhealthy] Readiness probe failed: HTTP probe failed with statuscode: 503 [helmwebsocketsit:test-hivemq-platform-0]
2025-01-29 13:59:02,651 INFO c.h.h.t.HelmChartContainer - Received Unhealthy event for container hivemq in pod test-hivemq-platform-0 [2486d663-3e0a-4384-a1f6-b1959e063380]
2025-01-29 13:59:02,713 INFO c.h.h.t.HelmChartContainer - [hivemq-test-hivemq-platform] [hivemq-platform-operator] [e32e0fe8] 13:59:02.711 [ReconcilerExecutor-hivemq-controller-111] DEBUG c.h.p.o.h.HiveMQPlatformReconcilerErrorHandler - [helmwebs] Pod 'test-hivemq-platform-0' phase Running
2025-01-29 13:59:02,713 INFO c.h.h.t.HelmChartContainer - [hivemq-test-hivemq-platform] [hivemq-platform-operator] [e32e0fe8] 13:59:02.712 [ReconcilerExecutor-hivemq-controller-111] INFO  c.h.p.o.h.HiveMQPlatformReconcilerBaseHandler - [helmwebs] HiveMQ Platform is starting, 0 of 1 replicas are ready
2025-01-29 13:59:03,263 INFO c.h.h.t.HelmChartContainer - [test-hivemq-platform] [hivemq] [2486d663] INFO  - No valid license file found. Using trial license, restricted to 25 connections.
2025-01-29 13:59:04,359 INFO c.h.h.t.HelmChartContainer - [test-hivemq-platform] [hivemq] [2486d663] WARN  - [HiveMQ Platform Operator Init App 1.7.0-SNAPSHOT] Cannot connect to Health API for liveness: null
2025-01-29 13:59:04,359 INFO c.h.h.t.HelmChartContainer - [test-hivemq-platform] [hivemq] [2486d663] INFO  - [HiveMQ Platform Operator Init App 1.7.0-SNAPSHOT] Returning default Health API response 200 for liveness
2025-01-29 13:59:07,258 INFO c.h.h.t.HelmChartContainer - [test-hivemq-platform] [hivemq] [2486d663] INFO  - No valid license file for Data Hub found. Using free license, restricted to 1 policy.
2025-01-29 13:59:07,661 INFO c.h.h.t.HelmChartContainer - [test-hivemq-platform] [hivemq] [2486d663] WARN  - [HiveMQ Platform Operator Init App 1.7.0-SNAPSHOT] Cannot connect to Health API for readiness: null
2025-01-29 13:59:07,664 INFO c.h.h.t.HelmChartContainer - [EVENT] Warning [Unhealthy] Readiness probe failed: HTTP probe failed with statuscode: 503 [helmwebsocketsit:test-hivemq-platform-0]
2025-01-29 13:59:07,664 INFO c.h.h.t.HelmChartContainer - Received Unhealthy event for container hivemq in pod test-hivemq-platform-0 [2486d663-3e0a-4384-a1f6-b1959e063380]
2025-01-29 13:59:08,474 INFO c.h.h.t.HelmChartContainer - [test-hivemq-platform] [hivemq] [2486d663] INFO  - Audit Logger started.
2025-01-29 13:59:08,961 INFO c.h.h.t.HelmChartContainer - [test-hivemq-platform] [hivemq] [2486d663] INFO  - This node uses '1' CPU cores.
2025-01-29 13:59:08,966 INFO c.h.h.t.HelmChartContainer - [test-hivemq-platform] [hivemq] [2486d663] INFO  - Starting HiveMQ Health API on address 0.0.0.0 and port 8889
2025-01-29 13:59:09,773 INFO c.h.h.t.HelmChartContainer - [test-hivemq-platform] [hivemq] [2486d663] INFO  - Started HiveMQ Health API in 807ms
2025-01-29 13:59:10,384 INFO c.h.h.t.HelmChartContainer - [test-hivemq-platform] [hivemq] [2486d663] INFO  - Starting HiveMQ extension system.
2025-01-29 13:59:10,662 INFO c.h.h.t.HelmChartContainer - [test-hivemq-platform] [hivemq] [2486d663] INFO  - Starting extension with id "hivemq-dns-cluster-discovery" at /opt/hivemq/extensions/hivemq-dns-cluster-discovery
2025-01-29 13:59:11,056 INFO c.h.h.t.HelmChartContainer - [test-hivemq-platform] [hivemq] [2486d663] INFO  - Using TCP cluster transport on address 10.42.0.10 and port 7000
2025-01-29 13:59:11,061 INFO c.h.h.t.HelmChartContainer - [test-hivemq-platform] [hivemq] [2486d663] INFO  - Using extension cluster discovery
2025-01-29 13:59:11,267 INFO c.h.h.t.HelmChartContainer - [test-hivemq-platform] [hivemq] [2486d663] INFO  - Extension "DNS Cluster Discovery Extension" version 4.3.2 started successfully.
2025-01-29 13:59:11,267 INFO c.h.h.t.HelmChartContainer - [test-hivemq-platform] [hivemq] [2486d663] INFO  - Starting extension with id "hivemq-prometheus-extension" at /opt/hivemq/extensions/hivemq-prometheus-extension
2025-01-29 13:59:12,065 INFO c.h.h.t.HelmChartContainer - [test-hivemq-platform] [hivemq] [2486d663] INFO  - Started Jetty Server exposing Prometheus Servlet on URI http://0.0.0.0:9399/
2025-01-29 13:59:12,066 INFO c.h.h.t.HelmChartContainer - [test-hivemq-platform] [hivemq] [2486d663] INFO  - Extension "Prometheus Monitoring Extension" version 4.0.12 started successfully.
2025-01-29 13:59:12,066 INFO c.h.h.t.HelmChartContainer - [test-hivemq-platform] [hivemq] [2486d663] INFO  - Starting extension with id "hivemq-allow-all-extension" at /opt/hivemq/extensions/hivemq-allow-all-extension
2025-01-29 13:59:12,066 INFO c.h.h.t.HelmChartContainer - [test-hivemq-platform] [hivemq] [2486d663] WARN  - 
2025-01-29 13:59:12,066 INFO c.h.h.t.HelmChartContainer - [test-hivemq-platform] [hivemq] [2486d663] ################################################################################################################
2025-01-29 13:59:12,066 INFO c.h.h.t.HelmChartContainer - [test-hivemq-platform] [hivemq] [2486d663] # This HiveMQ deployment is not secure! You are lacking Authentication and Authorization.                      #
2025-01-29 13:59:12,066 INFO c.h.h.t.HelmChartContainer - [test-hivemq-platform] [hivemq] [2486d663] # Right now any MQTT client can connect to the broker with a full set of permissions.                          #
2025-01-29 13:59:12,066 INFO c.h.h.t.HelmChartContainer - [test-hivemq-platform] [hivemq] [2486d663] # For production usage, add an appropriate security extension and remove the hivemq-allow-all extension.       #
2025-01-29 13:59:12,066 INFO c.h.h.t.HelmChartContainer - [test-hivemq-platform] [hivemq] [2486d663] # You can download security extensions from the HiveMQ Marketplace (https://www.hivemq.com/extensions/).       #
2025-01-29 13:59:12,066 INFO c.h.h.t.HelmChartContainer - [test-hivemq-platform] [hivemq] [2486d663] ################################################################################################################
2025-01-29 13:59:12,066 INFO c.h.h.t.HelmChartContainer - [test-hivemq-platform] [hivemq] [2486d663] INFO  - Extension "Allow All Extension" version 1.1.1 started successfully.
2025-01-29 13:59:12,720 INFO c.h.h.t.HelmChartContainer - [hivemq-test-hivemq-platform] [hivemq-platform-operator] [e32e0fe8] 13:59:12.717 [pool-6-thread-36] DEBUG c.h.p.o.d.PlatformServiceResource - [helmwebs] Desired Platform services (4 services)
2025-01-29 13:59:12,722 INFO c.h.h.t.HelmChartContainer - [hivemq-test-hivemq-platform] [hivemq-platform-operator] [e32e0fe8] 13:59:12.718 [pool-6-thread-32] DEBUG c.h.p.o.dependants.PodInfoConfigMap - [helmwebs] Desired PodInfo ConfigMap (1 extensions) (1 enabled)
2025-01-29 13:59:12,722 INFO c.h.h.t.HelmChartContainer - [hivemq-test-hivemq-platform] [hivemq-platform-operator] [e32e0fe8] 13:59:12.719 [pool-6-thread-32] DEBUG c.h.p.o.dependants.PodInfoConfigMap - [helmwebs] Desired PodInfo ConfigMap (metrics port: 9399) (metrics path: /)
2025-01-29 13:59:12,723 INFO c.h.h.t.HelmChartContainer - [hivemq-test-hivemq-platform] [hivemq-platform-operator] [e32e0fe8] 13:59:12.719 [pool-6-thread-32] DEBUG c.h.p.o.dependants.PodInfoConfigMap - [helmwebs] Desired PodInfo ConfigMap (extension state hash: -1817474005)
2025-01-29 13:59:12,723 INFO c.h.h.t.HelmChartContainer - [hivemq-test-hivemq-platform] [hivemq-platform-operator] [e32e0fe8] 13:59:12.719 [pool-6-thread-34] DEBUG c.h.p.o.d.PodServiceAccountResource - [helmwebs] Desired PodServiceAccountResource (serviceAccountName: hivemq-platform-pod-test-hivemq-platform)
2025-01-29 13:59:12,727 INFO c.h.h.t.HelmChartContainer - [hivemq-test-hivemq-platform] [hivemq-platform-operator] [e32e0fe8] 13:59:12.724 [pool-6-thread-36] DEBUG c.h.p.o.d.StatefulSetResource - [helmwebs] Desired StatefulSet (1 replicas) for status STARTING (READY)
2025-01-29 13:59:12,730 INFO c.h.h.t.HelmChartContainer - [hivemq-test-hivemq-platform] [hivemq-platform-operator] [e32e0fe8] 13:59:12.729 [ReconcilerExecutor-hivemq-controller-112] INFO  c.h.p.o.HiveMQPlatformReconciler - [helmwebs] Reconciling HiveMQ Platform 'test-hivemq-platform' in namespace 'helmwebsocketsit'
2025-01-29 13:59:12,732 INFO c.h.h.t.HelmChartContainer - [hivemq-test-hivemq-platform] [hivemq-platform-operator] [e32e0fe8] 13:59:12.729 [ReconcilerExecutor-hivemq-controller-112] DEBUG c.h.p.o.HiveMQPlatformReconciler - [helmwebs] Custom Resource Status STARTING - HiveMQ Platform is starting (READY)
2025-01-29 13:59:12,732 INFO c.h.h.t.HelmChartContainer - [hivemq-test-hivemq-platform] [hivemq-platform-operator] [e32e0fe8] 13:59:12.730 [ReconcilerExecutor-hivemq-controller-112] DEBUG c.h.p.o.HiveMQPlatformReconciler - [helmwebs] Custom Resource Spec (replicas: 1) (extensions: 1)
2025-01-29 13:59:12,733 INFO c.h.h.t.HelmChartContainer - [hivemq-test-hivemq-platform] [hivemq-platform-operator] [e32e0fe8] 13:59:12.731 [ReconcilerExecutor-hivemq-controller-112] DEBUG c.h.p.o.HiveMQPlatformReconciler - [helmwebs] StatefulSet Status (revision: test-hivemq-platform-78b9d76d69, replicas: 1, available: 0, ready: 0, current: 1, updated: 1)
2025-01-29 13:59:12,733 INFO c.h.h.t.HelmChartContainer - [hivemq-test-hivemq-platform] [hivemq-platform-operator] [e32e0fe8] 13:59:12.731 [ReconcilerExecutor-hivemq-controller-112] DEBUG c.h.p.o.HiveMQPlatformReconciler - [helmwebs] StatefulSet Spec (replicas: 1, init containers: 1, containers: 1, volumes: 6)
2025-01-29 13:59:12,812 INFO c.h.h.t.HelmChartContainer - [hivemq-test-hivemq-platform] [hivemq-platform-operator] [e32e0fe8] 13:59:12.810 [ReconcilerExecutor-hivemq-controller-112] DEBUG c.h.p.o.h.HiveMQPlatformReconcilerErrorHandler - [helmwebs] Pod 'test-hivemq-platform-0' phase Running
2025-01-29 13:59:12,812 INFO c.h.h.t.HelmChartContainer - [hivemq-test-hivemq-platform] [hivemq-platform-operator] [e32e0fe8] 13:59:12.812 [ReconcilerExecutor-hivemq-controller-112] INFO  c.h.p.o.h.HiveMQPlatformReconcilerBaseHandler - [helmwebs] HiveMQ Platform is starting, 0 of 1 replicas are ready
2025-01-29 13:59:13,164 INFO c.h.h.t.HelmChartContainer - [test-hivemq-platform] [hivemq] [2486d663] INFO  - [HiveMQ Platform Operator Init App 1.7.0-SNAPSHOT] Returning Health API response 503 for readiness
2025-01-29 13:59:13,167 INFO c.h.h.t.HelmChartContainer - [EVENT] Warning [Unhealthy] Readiness probe failed: HTTP probe failed with statuscode: 503 [helmwebsocketsit:test-hivemq-platform-0]
2025-01-29 13:59:13,167 INFO c.h.h.t.HelmChartContainer - Received Unhealthy event for container hivemq in pod test-hivemq-platform-0 [2486d663-3e0a-4384-a1f6-b1959e063380]
2025-01-29 13:59:14,179 INFO c.h.h.t.HelmChartContainer - [test-hivemq-platform] [hivemq] [2486d663] INFO  - cbqKI: no members discovered after 2618 ms: creating cluster as first member
2025-01-29 13:59:14,185 INFO c.h.h.t.HelmChartContainer - [test-hivemq-platform] [hivemq] [2486d663] INFO  - Cluster nodes found by discovery: [cbqKI|0] (1) [cbqKI].
2025-01-29 13:59:14,256 INFO c.h.h.t.HelmChartContainer - [test-hivemq-platform] [hivemq] [2486d663] WARN  - No user for HiveMQ Control Center configured. Starting with default user
2025-01-29 13:59:14,257 INFO c.h.h.t.HelmChartContainer - [test-hivemq-platform] [hivemq] [2486d663] INFO  - Starting HiveMQ Control Center on address 127.0.0.1 and port 8080
2025-01-29 13:59:14,258 INFO c.h.h.t.HelmChartContainer - [test-hivemq-platform] [hivemq] [2486d663] INFO  - Mounting HiveMQ Control Center V2 Preview
2025-01-29 13:59:14,405 INFO c.h.h.t.HelmChartContainer - [K3S] [INFO] COMPACT compactRev=0 targetCompactRev=2 currentRev=1113
2025-01-29 13:59:14,405 INFO c.h.h.t.HelmChartContainer - [K3S] [INFO] COMPACT deleted 0 rows from 2 revisions in 423.331µs - compacted to 2/1113
2025-01-29 13:59:14,405 INFO c.h.h.t.HelmChartContainer - [K3S] [INFO] COMPACT compacted from 0 to 2 in 1 transactions over 1ms
2025-01-29 13:59:14,867 INFO c.h.h.t.HelmChartContainer - [test-hivemq-platform] [hivemq] [2486d663] INFO  - Started HiveMQ Control Center in 610ms
2025-01-29 13:59:14,957 INFO c.h.h.t.HelmChartContainer - [test-hivemq-platform] [hivemq] [2486d663] INFO  - Starting Websocket listener on address 0.0.0.0 and port 8002
2025-01-29 13:59:15,578 INFO c.h.h.t.HelmChartContainer - [test-hivemq-platform] [hivemq] [2486d663] INFO  - Enabled protocols for Websocket Listener with TLS at address 0.0.0.0 and port 8003: [TLSv1.3, TLSv1.2]
2025-01-29 13:59:15,578 INFO c.h.h.t.HelmChartContainer - [test-hivemq-platform] [hivemq] [2486d663] INFO  - Enabled cipher suites for Websocket Listener with TLS at address 0.0.0.0 and port 8003: [TLS_ECDHE_ECDSA_WITH_AES_256_GCM_SHA384, TLS_ECDHE_ECDSA_WITH_AES_128_GCM_SHA256, TLS_ECDHE_RSA_WITH_AES_128_GCM_SHA256, TLS_ECDHE_RSA_WITH_AES_256_GCM_SHA384, TLS_ECDHE_RSA_WITH_AES_128_CBC_SHA, TLS_ECDHE_RSA_WITH_AES_256_CBC_SHA, TLS_RSA_WITH_AES_128_GCM_SHA256, TLS_RSA_WITH_AES_128_CBC_SHA, TLS_RSA_WITH_AES_256_CBC_SHA, TLS_AES_128_GCM_SHA256, TLS_AES_256_GCM_SHA384]
2025-01-29 13:59:15,656 INFO c.h.h.t.HelmChartContainer - [test-hivemq-platform] [hivemq] [2486d663] INFO  - Starting Websocket TLS listener on address 0.0.0.0 and port 8003
2025-01-29 13:59:15,767 INFO c.h.h.t.HelmChartContainer - [test-hivemq-platform] [hivemq] [2486d663] INFO  - Enabled protocols for Websocket Listener with TLS at address 0.0.0.0 and port 8004: [TLSv1.3, TLSv1.2]
2025-01-29 13:59:15,767 INFO c.h.h.t.HelmChartContainer - [test-hivemq-platform] [hivemq] [2486d663] INFO  - Enabled cipher suites for Websocket Listener with TLS at address 0.0.0.0 and port 8004: [TLS_ECDHE_ECDSA_WITH_AES_256_GCM_SHA384, TLS_ECDHE_ECDSA_WITH_AES_128_GCM_SHA256, TLS_ECDHE_RSA_WITH_AES_128_GCM_SHA256, TLS_ECDHE_RSA_WITH_AES_256_GCM_SHA384, TLS_ECDHE_RSA_WITH_AES_128_CBC_SHA, TLS_ECDHE_RSA_WITH_AES_256_CBC_SHA, TLS_RSA_WITH_AES_128_GCM_SHA256, TLS_RSA_WITH_AES_128_CBC_SHA, TLS_RSA_WITH_AES_256_CBC_SHA, TLS_AES_128_GCM_SHA256, TLS_AES_256_GCM_SHA384]
2025-01-29 13:59:15,768 INFO c.h.h.t.HelmChartContainer - [test-hivemq-platform] [hivemq] [2486d663] INFO  - Starting Websocket TLS listener on address 0.0.0.0 and port 8004
2025-01-29 13:59:15,768 INFO c.h.h.t.HelmChartContainer - [test-hivemq-platform] [hivemq] [2486d663] INFO  - Started Websocket Listener on address 0.0.0.0 and on port 8002.
2025-01-29 13:59:15,768 INFO c.h.h.t.HelmChartContainer - [test-hivemq-platform] [hivemq] [2486d663] INFO  - Started Websocket Listener with TLS on address 0.0.0.0 and on port 8003.
2025-01-29 13:59:15,768 INFO c.h.h.t.HelmChartContainer - [test-hivemq-platform] [hivemq] [2486d663] INFO  - Started Websocket Listener with TLS on address 0.0.0.0 and on port 8004.
2025-01-29 13:59:15,768 INFO c.h.h.t.HelmChartContainer - [test-hivemq-platform] [hivemq] [2486d663] INFO  - Started HiveMQ in 31322ms
2025-01-29 13:59:17,575 INFO c.h.h.t.HelmChartContainer - [test-hivemq-platform] [hivemq] [2486d663] INFO  - [HiveMQ Platform Operator Init App 1.7.0-SNAPSHOT] Returning Health API response 200 for readiness
2025-01-29 13:59:17,590 INFO c.h.h.t.HelmChartContainer - [POD] test-hivemq-platform-0 [2486d663-3e0a-4384-a1f6-b1959e063380] in helmwebsocketsit was MODIFIED
2025-01-29 13:59:17,601 INFO c.h.h.t.HelmChartContainer - [hivemq-test-hivemq-platform] [hivemq-platform-operator] [e32e0fe8] 13:59:17.593 [pool-6-thread-48] DEBUG c.h.p.o.d.PlatformServiceResource - [helmwebs] Desired Platform services (4 services)
2025-01-29 13:59:17,601 INFO c.h.h.t.HelmChartContainer - [hivemq-test-hivemq-platform] [hivemq-platform-operator] [e32e0fe8] 13:59:17.596 [pool-6-thread-45] DEBUG c.h.p.o.dependants.PodInfoConfigMap - [helmwebs] Desired PodInfo ConfigMap (1 extensions) (1 enabled)
2025-01-29 13:59:17,601 INFO c.h.h.t.HelmChartContainer - [hivemq-test-hivemq-platform] [hivemq-platform-operator] [e32e0fe8] 13:59:17.596 [pool-6-thread-45] DEBUG c.h.p.o.dependants.PodInfoConfigMap - [helmwebs] Desired PodInfo ConfigMap (metrics port: 9399) (metrics path: /)
2025-01-29 13:59:17,601 INFO c.h.h.t.HelmChartContainer - [hivemq-test-hivemq-platform] [hivemq-platform-operator] [e32e0fe8] 13:59:17.596 [pool-6-thread-45] DEBUG c.h.p.o.dependants.PodInfoConfigMap - [helmwebs] Desired PodInfo ConfigMap (extension state hash: -1817474005)
2025-01-29 13:59:17,601 INFO c.h.h.t.HelmChartContainer - [hivemq-test-hivemq-platform] [hivemq-platform-operator] [e32e0fe8] 13:59:17.598 [pool-6-thread-45] DEBUG c.h.p.o.d.PodServiceAccountResource - [helmwebs] Desired PodServiceAccountResource (serviceAccountName: hivemq-platform-pod-test-hivemq-platform)
2025-01-29 13:59:17,618 INFO c.h.h.t.HelmChartContainer - [hivemq-test-hivemq-platform] [hivemq-platform-operator] [e32e0fe8] 13:59:17.617 [pool-6-thread-42] DEBUG c.h.p.o.d.StatefulSetResource - [helmwebs] Desired StatefulSet (1 replicas) for status STARTING (READY)
2025-01-29 13:59:17,625 INFO c.h.h.t.HelmChartContainer - [hivemq-test-hivemq-platform] [hivemq-platform-operator] [e32e0fe8] 13:59:17.622 [ReconcilerExecutor-hivemq-controller-113] INFO  c.h.p.o.HiveMQPlatformReconciler - [helmwebs] Reconciling HiveMQ Platform 'test-hivemq-platform' in namespace 'helmwebsocketsit'
2025-01-29 13:59:17,625 INFO c.h.h.t.HelmChartContainer - [hivemq-test-hivemq-platform] [hivemq-platform-operator] [e32e0fe8] 13:59:17.622 [ReconcilerExecutor-hivemq-controller-113] DEBUG c.h.p.o.HiveMQPlatformReconciler - [helmwebs] Custom Resource Status STARTING - HiveMQ Platform is starting (READY)
2025-01-29 13:59:17,625 INFO c.h.h.t.HelmChartContainer - [hivemq-test-hivemq-platform] [hivemq-platform-operator] [e32e0fe8] 13:59:17.622 [ReconcilerExecutor-hivemq-controller-113] DEBUG c.h.p.o.HiveMQPlatformReconciler - [helmwebs] Custom Resource Spec (replicas: 1) (extensions: 1)
2025-01-29 13:59:17,625 INFO c.h.h.t.HelmChartContainer - [hivemq-test-hivemq-platform] [hivemq-platform-operator] [e32e0fe8] 13:59:17.624 [ReconcilerExecutor-hivemq-controller-113] DEBUG c.h.p.o.HiveMQPlatformReconciler - [helmwebs] StatefulSet Status (revision: test-hivemq-platform-78b9d76d69, replicas: 1, available: 1, ready: 1, current: 1, updated: 1)
2025-01-29 13:59:17,625 INFO c.h.h.t.HelmChartContainer - [hivemq-test-hivemq-platform] [hivemq-platform-operator] [e32e0fe8] 13:59:17.624 [ReconcilerExecutor-hivemq-controller-113] DEBUG c.h.p.o.HiveMQPlatformReconciler - [helmwebs] StatefulSet Spec (replicas: 1, init containers: 1, containers: 1, volumes: 6)
2025-01-29 13:59:17,626 INFO c.h.h.t.HelmChartContainer - [hivemq-test-hivemq-platform] [hivemq-platform-operator] [e32e0fe8] 13:59:17.626 [ReconcilerExecutor-hivemq-controller-113] DEBUG c.h.p.o.h.HiveMQPlatformReconcilerErrorHandler - [helmwebs] Pod 'test-hivemq-platform-0' phase Running
2025-01-29 13:59:17,627 INFO c.h.h.t.HelmChartContainer - [hivemq-test-hivemq-platform] [hivemq-platform-operator] [e32e0fe8] 13:59:17.626 [ReconcilerExecutor-hivemq-controller-113] INFO  c.h.p.o.h.HiveMQPlatformReconcilerBaseHandler - [helmwebs] HiveMQ Platform started successfully
2025-01-29 13:59:17,722 INFO c.h.h.t.HelmChartContainer - [hivemq-test-hivemq-platform] [hivemq-platform-operator] [e32e0fe8] 13:59:17.721 [ReconcilerExecutor-hivemq-controller-113] DEBUG c.h.p.operator.event.EventSender - [helmwebs] Creating K8s event hivemq-platform-ready: [Ready] HiveMQ Platform is ready
2025-01-29 13:59:17,725 INFO c.h.h.t.HelmChartContainer - [EVENT] Normal [Ready] HiveMQ Platform is ready [helmwebsocketsit:test-hivemq-platform]
2025-01-29 13:59:17,727 INFO c.h.h.t.HelmChartContainer - [hivemq-test-hivemq-platform] [hivemq-platform-operator] [e32e0fe8] 13:59:17.726 [ReconcilerExecutor-hivemq-controller-113] INFO  c.h.p.o.h.AbstractHiveMQReconcilerStateHandler - [helmwebs] Update HiveMQ Platform Status (STARTING [READY] -> RUNNING [READY]): HiveMQ Platform is ready
2025-01-29 13:59:17,734 DEBUG com.hivemq.helmcharts.util.K8sUtil - Comparing actual state 'RUNNING' and waiting for 'RUNNING'
2025-01-29 13:59:17,830 INFO c.h.h.t.HelmChartContainer - [hivemq-test-hivemq-platform] [hivemq-platform-operator] [e32e0fe8] 13:59:17.812 [pool-6-thread-4] DEBUG c.h.p.o.d.PlatformServiceResource - [helmwebs] Desired Platform services (4 services)
2025-01-29 13:59:17,830 INFO c.h.h.t.HelmChartContainer - [hivemq-test-hivemq-platform] [hivemq-platform-operator] [e32e0fe8] 13:59:17.818 [pool-6-thread-2] DEBUG c.h.p.o.dependants.PodInfoConfigMap - [helmwebs] Desired PodInfo ConfigMap (1 extensions) (1 enabled)
2025-01-29 13:59:17,830 INFO c.h.h.t.HelmChartContainer - [hivemq-test-hivemq-platform] [hivemq-platform-operator] [e32e0fe8] 13:59:17.818 [pool-6-thread-2] DEBUG c.h.p.o.dependants.PodInfoConfigMap - [helmwebs] Desired PodInfo ConfigMap (metrics port: 9399) (metrics path: /)
2025-01-29 13:59:17,830 INFO c.h.h.t.HelmChartContainer - [hivemq-test-hivemq-platform] [hivemq-platform-operator] [e32e0fe8] 13:59:17.818 [pool-6-thread-2] DEBUG c.h.p.o.dependants.PodInfoConfigMap - [helmwebs] Desired PodInfo ConfigMap (extension state hash: -1817474005)
2025-01-29 13:59:17,830 INFO c.h.h.t.HelmChartContainer - [hivemq-test-hivemq-platform] [hivemq-platform-operator] [e32e0fe8] 13:59:17.819 [pool-6-thread-2] DEBUG c.h.p.o.dependants.PodInfoConfigMap - [helmwebs] Update PodInfo ConfigMap
2025-01-29 13:59:17,830 INFO c.h.h.t.HelmChartContainer - [hivemq-test-hivemq-platform] [hivemq-platform-operator] [e32e0fe8] 13:59:17.820 [pool-6-thread-7] DEBUG c.h.p.o.d.PodServiceAccountResource - [helmwebs] Desired PodServiceAccountResource (serviceAccountName: hivemq-platform-pod-test-hivemq-platform)
2025-01-29 13:59:17,908 INFO c.h.h.t.HelmChartContainer - [hivemq-test-hivemq-platform] [hivemq-platform-operator] [e32e0fe8] 13:59:17.904 [pool-6-thread-2] DEBUG c.h.p.o.d.StatefulSetResource - [helmwebs] Desired StatefulSet (1 replicas) for status RUNNING (READY)
2025-01-29 13:59:17,914 INFO c.h.h.t.HelmChartContainer - [hivemq-test-hivemq-platform] [hivemq-platform-operator] [e32e0fe8] 13:59:17.911 [ReconcilerExecutor-hivemq-controller-114] INFO  c.h.p.o.HiveMQPlatformReconciler - [helmwebs] Reconciling HiveMQ Platform 'test-hivemq-platform' in namespace 'helmwebsocketsit'
2025-01-29 13:59:17,916 INFO c.h.h.t.HelmChartContainer - [hivemq-test-hivemq-platform] [hivemq-platform-operator] [e32e0fe8] 13:59:17.911 [ReconcilerExecutor-hivemq-controller-114] DEBUG c.h.p.o.HiveMQPlatformReconciler - [helmwebs] Custom Resource Status RUNNING - HiveMQ Platform is ready (READY)
2025-01-29 13:59:17,916 INFO c.h.h.t.HelmChartContainer - [hivemq-test-hivemq-platform] [hivemq-platform-operator] [e32e0fe8] 13:59:17.911 [ReconcilerExecutor-hivemq-controller-114] DEBUG c.h.p.o.HiveMQPlatformReconciler - [helmwebs] Custom Resource Spec (replicas: 1) (extensions: 1)
2025-01-29 13:59:17,923 INFO c.h.h.t.HelmChartContainer - [hivemq-test-hivemq-platform] [hivemq-platform-operator] [e32e0fe8] 13:59:17.918 [ReconcilerExecutor-hivemq-controller-114] DEBUG c.h.p.o.HiveMQPlatformReconciler - [helmwebs] StatefulSet Status (revision: test-hivemq-platform-78b9d76d69, replicas: 1, available: 1, ready: 1, current: 1, updated: 1)
2025-01-29 13:59:17,923 INFO c.h.h.t.HelmChartContainer - [hivemq-test-hivemq-platform] [hivemq-platform-operator] [e32e0fe8] 13:59:17.918 [ReconcilerExecutor-hivemq-controller-114] DEBUG c.h.p.o.HiveMQPlatformReconciler - [helmwebs] StatefulSet Spec (replicas: 1, init containers: 1, containers: 1, volumes: 6)
2025-01-29 13:59:17,930 INFO c.h.h.t.HelmChartContainer - [hivemq-test-hivemq-platform] [hivemq-platform-operator] [e32e0fe8] 13:59:17.927 [ReconcilerExecutor-hivemq-controller-114] DEBUG c.h.p.o.h.HiveMQPlatformReconcilerErrorHandler - [helmwebs] Pod 'test-hivemq-platform-0' phase Running
2025-01-29 13:59:17,972 INFO c.h.h.t.HelmChartContainer - [K3S] [info.go:53] Couldn't collect info from any of the files in "/etc/machine-id,/var/lib/dbus/machine-id"
2025-01-29 13:59:21,345 INFO c.h.h.t.HelmChartContainer - Uninstalling release 'test-hivemq-platform' in namespace 'helmwebsocketsit'...
2025-01-29 13:59:21,346 DEBUG c.h.h.t.HelmChartContainer - Executing helm command: /bin/helm --kubeconfig /etc/rancher/k3s/k3s.yaml uninstall test-hivemq-platform  --wait --timeout 5m0s --cascade foreground --namespace helmwebsocketsit
2025-01-29 13:59:21,540 INFO c.h.h.t.HelmChartContainer - [hivemq-test-hivemq-platform] [hivemq-platform-operator] [e32e0fe8] 13:59:21.535 [pool-6-thread-17] DEBUG c.h.p.o.d.PlatformServiceResource - [helmwebs] Desired Platform services (4 services)
2025-01-29 13:59:21,544 INFO c.h.h.t.HelmChartContainer - [hivemq-test-hivemq-platform] [hivemq-platform-operator] [e32e0fe8] 13:59:21.537 [pool-6-thread-11] DEBUG c.h.p.o.dependants.PodInfoConfigMap - [helmwebs] Desired PodInfo ConfigMap (1 extensions) (1 enabled)
2025-01-29 13:59:21,544 INFO c.h.h.t.HelmChartContainer - [hivemq-test-hivemq-platform] [hivemq-platform-operator] [e32e0fe8] 13:59:21.537 [pool-6-thread-11] DEBUG c.h.p.o.dependants.PodInfoConfigMap - [helmwebs] Desired PodInfo ConfigMap (metrics port: 9399) (metrics path: /)
2025-01-29 13:59:21,544 INFO c.h.h.t.HelmChartContainer - [hivemq-test-hivemq-platform] [hivemq-platform-operator] [e32e0fe8] 13:59:21.537 [pool-6-thread-11] DEBUG c.h.p.o.dependants.PodInfoConfigMap - [helmwebs] Desired PodInfo ConfigMap (extension state hash: -1817474005)
2025-01-29 13:59:21,544 INFO c.h.h.t.HelmChartContainer - [hivemq-test-hivemq-platform] [hivemq-platform-operator] [e32e0fe8] 13:59:21.539 [pool-6-thread-11] DEBUG c.h.p.o.d.PodServiceAccountResource - [helmwebs] Desired PodServiceAccountResource (serviceAccountName: hivemq-platform-pod-test-hivemq-platform)
2025-01-29 13:59:21,603 INFO c.h.h.t.HelmChartContainer - [hivemq-test-hivemq-platform] [hivemq-platform-operator] [e32e0fe8] 13:59:21.602 [pool-6-thread-17] DEBUG c.h.p.o.d.StatefulSetResource - [helmwebs] Desired StatefulSet (1 replicas) for status RUNNING (READY)
2025-01-29 13:59:21,619 INFO c.h.h.t.HelmChartContainer - [hivemq-test-hivemq-platform] [hivemq-platform-operator] [e32e0fe8] 13:59:21.617 [ReconcilerExecutor-hivemq-controller-115] INFO  c.h.p.o.HiveMQPlatformReconciler - [helmwebs] Reconciling HiveMQ Platform 'test-hivemq-platform' in namespace 'helmwebsocketsit'
2025-01-29 13:59:21,619 INFO c.h.h.t.HelmChartContainer - [hivemq-test-hivemq-platform] [hivemq-platform-operator] [e32e0fe8] 13:59:21.617 [ReconcilerExecutor-hivemq-controller-115] DEBUG c.h.p.o.HiveMQPlatformReconciler - [helmwebs] Custom Resource Status RUNNING - HiveMQ Platform is ready (READY)
2025-01-29 13:59:21,619 INFO c.h.h.t.HelmChartContainer - [hivemq-test-hivemq-platform] [hivemq-platform-operator] [e32e0fe8] 13:59:21.617 [ReconcilerExecutor-hivemq-controller-115] DEBUG c.h.p.o.HiveMQPlatformReconciler - [helmwebs] Custom Resource Spec (replicas: 1) (extensions: 1)
2025-01-29 13:59:21,619 INFO c.h.h.t.HelmChartContainer - [hivemq-test-hivemq-platform] [hivemq-platform-operator] [e32e0fe8] 13:59:21.617 [ReconcilerExecutor-hivemq-controller-115] WARN  c.h.p.o.h.HiveMQPlatformReconcilerErrorHandler - [helmwebs] Could not find ConfigMap 'hivemq-configuration-test-hivemq-platform' for HiveMQ Platform configuration
2025-01-29 13:59:21,721 INFO c.h.h.t.HelmChartContainer - [hivemq-test-hivemq-platform] [hivemq-platform-operator] [e32e0fe8] 13:59:21.720 [ReconcilerExecutor-hivemq-controller-115] DEBUG c.h.p.operator.event.EventSender - [helmwebs] Creating K8s event hivemq-platform-invalid-configuration: [Start] Could not find ConfigMap 'hivemq-configuration-test-hivemq-platform' for HiveMQ Platform configuration
2025-01-29 13:59:21,726 INFO c.h.h.t.HelmChartContainer - [EVENT] Warning [Start] Could not find ConfigMap 'hivemq-configuration-test-hivemq-platform' for HiveMQ Platform configuration [helmwebsocketsit:test-hivemq-platform]
2025-01-29 13:59:21,726 INFO c.h.h.t.HelmChartContainer - [hivemq-test-hivemq-platform] [hivemq-platform-operator] [e32e0fe8] 13:59:21.726 [ReconcilerExecutor-hivemq-controller-115] INFO  c.h.p.o.h.AbstractHiveMQReconcilerStateHandler - [helmwebs] Update HiveMQ Platform Status (RUNNING [READY] -> ERROR [INVALID_CONFIG_MAP]): Could not find ConfigMap 'hivemq-configuration-test-hivemq-platform' for HiveMQ Platform configuration
2025-01-29 13:59:21,822 INFO c.h.h.t.HelmChartContainer - [hivemq-test-hivemq-platform] [hivemq-platform-operator] [e32e0fe8] 13:59:21.817 [ReconcilerExecutor-hivemq-controller-115] ERROR i.j.o.p.event.EventProcessor - Error during event processing ExecutionScope{ resource id: ResourceID{name='test-hivemq-platform', namespace='helmwebsocketsit'}, version: 1128}
2025-01-29 13:59:21,822 INFO c.h.h.t.HelmChartContainer - [hivemq-test-hivemq-platform] [hivemq-platform-operator] [e32e0fe8] io.fabric8.kubernetes.client.KubernetesClientException: Failure executing: PUT at: https://10.43.0.1:443/apis/hivemq.com/v1/namespaces/helmwebsocketsit/hivemq-platforms/test-hivemq-platform/status. Message: Operation cannot be fulfilled on hivemq-platforms.hivemq.com "test-hivemq-platform": the object has been modified; please apply your changes to the latest version and try again. Received status: Status(apiVersion=v1, code=409, details=StatusDetails(causes=[], group=hivemq.com, kind=hivemq-platforms, name=test-hivemq-platform, retryAfterSeconds=null, uid=null, additionalProperties={}), kind=Status, message=Operation cannot be fulfilled on hivemq-platforms.hivemq.com "test-hivemq-platform": the object has been modified; please apply your changes to the latest version and try again, metadata=ListMeta(_continue=null, remainingItemCount=null, resourceVersion=null, selfLink=null, additionalProperties={}), reason=Conflict, status=Failure, additionalProperties={}).
2025-01-29 13:59:21,822 INFO c.h.h.t.HelmChartContainer - [hivemq-test-hivemq-platform] [hivemq-platform-operator] [e32e0fe8] 	at io.fabric8.kubernetes.client.KubernetesClientException.copyAsCause(KubernetesClientException.java:238)
2025-01-29 13:59:21,822 INFO c.h.h.t.HelmChartContainer - [hivemq-test-hivemq-platform] [hivemq-platform-operator] [e32e0fe8] 	at io.fabric8.kubernetes.client.dsl.internal.OperationSupport.waitForResult(OperationSupport.java:507)
2025-01-29 13:59:21,822 INFO c.h.h.t.HelmChartContainer - [hivemq-test-hivemq-platform] [hivemq-platform-operator] [e32e0fe8] 	at io.fabric8.kubernetes.client.dsl.internal.OperationSupport.handleResponse(OperationSupport.java:524)
2025-01-29 13:59:21,822 INFO c.h.h.t.HelmChartContainer - [hivemq-test-hivemq-platform] [hivemq-platform-operator] [e32e0fe8] 	at io.fabric8.kubernetes.client.dsl.internal.OperationSupport.handleUpdate(OperationSupport.java:358)
2025-01-29 13:59:21,822 INFO c.h.h.t.HelmChartContainer - [hivemq-test-hivemq-platform] [hivemq-platform-operator] [e32e0fe8] 	at io.fabric8.kubernetes.client.dsl.internal.BaseOperation.handleUpdate(BaseOperation.java:759)
2025-01-29 13:59:21,822 INFO c.h.h.t.HelmChartContainer - [hivemq-test-hivemq-platform] [hivemq-platform-operator] [e32e0fe8] 	at io.fabric8.kubernetes.client.dsl.internal.HasMetadataOperation.update(HasMetadataOperation.java:138)
2025-01-29 13:59:21,822 INFO c.h.h.t.HelmChartContainer - [hivemq-test-hivemq-platform] [hivemq-platform-operator] [e32e0fe8] 	at io.fabric8.kubernetes.client.dsl.internal.HasMetadataOperation.update(HasMetadataOperation.java:121)
2025-01-29 13:59:21,822 INFO c.h.h.t.HelmChartContainer - [hivemq-test-hivemq-platform] [hivemq-platform-operator] [e32e0fe8] 	at io.fabric8.kubernetes.client.dsl.internal.HasMetadataOperation.updateStatus(HasMetadataOperation.java:126)
2025-01-29 13:59:21,822 INFO c.h.h.t.HelmChartContainer - [hivemq-test-hivemq-platform] [hivemq-platform-operator] [e32e0fe8] 	at io.fabric8.kubernetes.client.dsl.internal.HasMetadataOperation.updateStatus(HasMetadataOperation.java:44)
2025-01-29 13:59:21,822 INFO c.h.h.t.HelmChartContainer - [hivemq-test-hivemq-platform] [hivemq-platform-operator] [e32e0fe8] 	at io.javaoperatorsdk.operator.processing.event.ReconciliationDispatcher$CustomResourceFacade.updateStatus(ReconciliationDispatcher.java:408)
2025-01-29 13:59:21,822 INFO c.h.h.t.HelmChartContainer - [hivemq-test-hivemq-platform] [hivemq-platform-operator] [e32e0fe8] 	at io.javaoperatorsdk.operator.processing.event.ReconciliationDispatcher.updateStatusGenerationAware(ReconciliationDispatcher.java:228)
2025-01-29 13:59:21,822 INFO c.h.h.t.HelmChartContainer - [hivemq-test-hivemq-platform] [hivemq-platform-operator] [e32e0fe8] 	at io.javaoperatorsdk.operator.processing.event.ReconciliationDispatcher.reconcileExecution(ReconciliationDispatcher.java:150)
2025-01-29 13:59:21,822 INFO c.h.h.t.HelmChartContainer - [hivemq-test-hivemq-platform] [hivemq-platform-operator] [e32e0fe8] 	at io.javaoperatorsdk.operator.processing.event.ReconciliationDispatcher.handleReconcile(ReconciliationDispatcher.java:117)
2025-01-29 13:59:21,822 INFO c.h.h.t.HelmChartContainer - [hivemq-test-hivemq-platform] [hivemq-platform-operator] [e32e0fe8] 	at io.javaoperatorsdk.operator.processing.event.ReconciliationDispatcher.handleDispatch(ReconciliationDispatcher.java:91)
2025-01-29 13:59:21,822 INFO c.h.h.t.HelmChartContainer - [hivemq-test-hivemq-platform] [hivemq-platform-operator] [e32e0fe8] 	at io.javaoperatorsdk.operator.processing.event.ReconciliationDispatcher.handleExecution(ReconciliationDispatcher.java:64)
2025-01-29 13:59:21,822 INFO c.h.h.t.HelmChartContainer - [hivemq-test-hivemq-platform] [hivemq-platform-operator] [e32e0fe8] 	at io.javaoperatorsdk.operator.processing.event.EventProcessor$ReconcilerExecutor.run(EventProcessor.java:452)
2025-01-29 13:59:21,822 INFO c.h.h.t.HelmChartContainer - [hivemq-test-hivemq-platform] [hivemq-platform-operator] [e32e0fe8] 	at java.base/java.util.concurrent.ThreadPoolExecutor.runWorker(Unknown Source)
2025-01-29 13:59:21,822 INFO c.h.h.t.HelmChartContainer - [hivemq-test-hivemq-platform] [hivemq-platform-operator] [e32e0fe8] 	at java.base/java.util.concurrent.ThreadPoolExecutor$Worker.run(Unknown Source)
2025-01-29 13:59:21,822 INFO c.h.h.t.HelmChartContainer - [hivemq-test-hivemq-platform] [hivemq-platform-operator] [e32e0fe8] 	at java.base/java.lang.Thread.run(Unknown Source)
2025-01-29 13:59:21,822 INFO c.h.h.t.HelmChartContainer - [hivemq-test-hivemq-platform] [hivemq-platform-operator] [e32e0fe8] Caused by: io.fabric8.kubernetes.client.KubernetesClientException: Failure executing: PUT at: https://10.43.0.1:443/apis/hivemq.com/v1/namespaces/helmwebsocketsit/hivemq-platforms/test-hivemq-platform/status. Message: Operation cannot be fulfilled on hivemq-platforms.hivemq.com "test-hivemq-platform": the object has been modified; please apply your changes to the latest version and try again. Received status: Status(apiVersion=v1, code=409, details=StatusDetails(causes=[], group=hivemq.com, kind=hivemq-platforms, name=test-hivemq-platform, retryAfterSeconds=null, uid=null, additionalProperties={}), kind=Status, message=Operation cannot be fulfilled on hivemq-platforms.hivemq.com "test-hivemq-platform": the object has been modified; please apply your changes to the latest version and try again, metadata=ListMeta(_continue=null, remainingItemCount=null, resourceVersion=null, selfLink=null, additionalProperties={}), reason=Conflict, status=Failure, additionalProperties={}).
2025-01-29 13:59:21,822 INFO c.h.h.t.HelmChartContainer - [hivemq-test-hivemq-platform] [hivemq-platform-operator] [e32e0fe8] 	at io.fabric8.kubernetes.client.dsl.internal.OperationSupport.requestFailure(OperationSupport.java:660)
2025-01-29 13:59:21,822 INFO c.h.h.t.HelmChartContainer - [hivemq-test-hivemq-platform] [hivemq-platform-operator] [e32e0fe8] 	at io.fabric8.kubernetes.client.dsl.internal.OperationSupport.requestFailure(OperationSupport.java:640)
2025-01-29 13:59:21,822 INFO c.h.h.t.HelmChartContainer - [hivemq-test-hivemq-platform] [hivemq-platform-operator] [e32e0fe8] 	at io.fabric8.kubernetes.client.dsl.internal.OperationSupport.assertResponseCode(OperationSupport.java:589)
2025-01-29 13:59:21,822 INFO c.h.h.t.HelmChartContainer - [hivemq-test-hivemq-platform] [hivemq-platform-operator] [e32e0fe8] 	at io.fabric8.kubernetes.client.dsl.internal.OperationSupport.lambda$handleResponse$0(OperationSupport.java:549)
2025-01-29 13:59:21,822 INFO c.h.h.t.HelmChartContainer - [hivemq-test-hivemq-platform] [hivemq-platform-operator] [e32e0fe8] 	at java.base/java.util.concurrent.CompletableFuture$UniApply.tryFire(Unknown Source)
2025-01-29 13:59:21,822 INFO c.h.h.t.HelmChartContainer - [hivemq-test-hivemq-platform] [hivemq-platform-operator] [e32e0fe8] 	at java.base/java.util.concurrent.CompletableFuture.postComplete(Unknown Source)
2025-01-29 13:59:21,822 INFO c.h.h.t.HelmChartContainer - [hivemq-test-hivemq-platform] [hivemq-platform-operator] [e32e0fe8] 	at java.base/java.util.concurrent.CompletableFuture.complete(Unknown Source)
2025-01-29 13:59:21,822 INFO c.h.h.t.HelmChartContainer - [hivemq-test-hivemq-platform] [hivemq-platform-operator] [e32e0fe8] 	at io.fabric8.kubernetes.client.http.StandardHttpClient.lambda$completeOrCancel$10(StandardHttpClient.java:141)
2025-01-29 13:59:21,822 INFO c.h.h.t.HelmChartContainer - [hivemq-test-hivemq-platform] [hivemq-platform-operator] [e32e0fe8] 	at java.base/java.util.concurrent.CompletableFuture.uniWhenComplete(Unknown Source)
2025-01-29 13:59:21,822 INFO c.h.h.t.HelmChartContainer - [hivemq-test-hivemq-platform] [hivemq-platform-operator] [e32e0fe8] 	at java.base/java.util.concurrent.CompletableFuture$UniWhenComplete.tryFire(Unknown Source)
2025-01-29 13:59:21,822 INFO c.h.h.t.HelmChartContainer - [hivemq-test-hivemq-platform] [hivemq-platform-operator] [e32e0fe8] 	at java.base/java.util.concurrent.CompletableFuture.postComplete(Unknown Source)
2025-01-29 13:59:21,822 INFO c.h.h.t.HelmChartContainer - [hivemq-test-hivemq-platform] [hivemq-platform-operator] [e32e0fe8] 	at java.base/java.util.concurrent.CompletableFuture.complete(Unknown Source)
2025-01-29 13:59:21,822 INFO c.h.h.t.HelmChartContainer - [hivemq-test-hivemq-platform] [hivemq-platform-operator] [e32e0fe8] 	at io.fabric8.kubernetes.client.http.ByteArrayBodyHandler.onBodyDone(ByteArrayBodyHandler.java:51)
2025-01-29 13:59:21,822 INFO c.h.h.t.HelmChartContainer - [hivemq-test-hivemq-platform] [hivemq-platform-operator] [e32e0fe8] 	at java.base/java.util.concurrent.CompletableFuture.uniWhenComplete(Unknown Source)
2025-01-29 13:59:21,822 INFO c.h.h.t.HelmChartContainer - [hivemq-test-hivemq-platform] [hivemq-platform-operator] [e32e0fe8] 	at java.base/java.util.concurrent.CompletableFuture$UniWhenComplete.tryFire(Unknown Source)
2025-01-29 13:59:21,822 INFO c.h.h.t.HelmChartContainer - [hivemq-test-hivemq-platform] [hivemq-platform-operator] [e32e0fe8] 	at java.base/java.util.concurrent.CompletableFuture.postComplete(Unknown Source)
2025-01-29 13:59:21,822 INFO c.h.h.t.HelmChartContainer - [hivemq-test-hivemq-platform] [hivemq-platform-operator] [e32e0fe8] 	at java.base/java.util.concurrent.CompletableFuture.complete(Unknown Source)
2025-01-29 13:59:21,822 INFO c.h.h.t.HelmChartContainer - [hivemq-test-hivemq-platform] [hivemq-platform-operator] [e32e0fe8] 	at io.fabric8.kubernetes.client.vertx.VertxHttpRequest.lambda$null$1(VertxHttpRequest.java:121)
2025-01-29 13:59:21,822 INFO c.h.h.t.HelmChartContainer - [hivemq-test-hivemq-platform] [hivemq-platform-operator] [e32e0fe8] 	at io.vertx.core.impl.ContextInternal.dispatch(ContextInternal.java:279)
2025-01-29 13:59:21,822 INFO c.h.h.t.HelmChartContainer - [hivemq-test-hivemq-platform] [hivemq-platform-operator] [e32e0fe8] 	at io.vertx.core.impl.ContextInternal.dispatch(ContextInternal.java:261)
2025-01-29 13:59:21,822 INFO c.h.h.t.HelmChartContainer - [hivemq-test-hivemq-platform] [hivemq-platform-operator] [e32e0fe8] 	at io.vertx.core.http.impl.HttpEventHandler.handleEnd(HttpEventHandler.java:76)
2025-01-29 13:59:21,822 INFO c.h.h.t.HelmChartContainer - [hivemq-test-hivemq-platform] [hivemq-platform-operator] [e32e0fe8] 	at io.vertx.core.http.impl.HttpClientResponseImpl.handleEnd(HttpClientResponseImpl.java:250)
2025-01-29 13:59:21,822 INFO c.h.h.t.HelmChartContainer - [hivemq-test-hivemq-platform] [hivemq-platform-operator] [e32e0fe8] 	at io.vertx.core.http.impl.Http1xClientConnection$StreamImpl.lambda$new$0(Http1xClientConnection.java:421)
2025-01-29 13:59:21,822 INFO c.h.h.t.HelmChartContainer - [hivemq-test-hivemq-platform] [hivemq-platform-operator] [e32e0fe8] 	at io.vertx.core.streams.impl.InboundBuffer.handleEvent(InboundBuffer.java:279)
2025-01-29 13:59:21,822 INFO c.h.h.t.HelmChartContainer - [hivemq-test-hivemq-platform] [hivemq-platform-operator] [e32e0fe8] 	at io.vertx.core.streams.impl.InboundBuffer.write(InboundBuffer.java:157)
2025-01-29 13:59:21,822 INFO c.h.h.t.HelmChartContainer - [hivemq-test-hivemq-platform] [hivemq-platform-operator] [e32e0fe8] 	at io.vertx.core.http.impl.Http1xClientConnection$StreamImpl.handleEnd(Http1xClientConnection.java:709)
2025-01-29 13:59:21,822 INFO c.h.h.t.HelmChartContainer - [hivemq-test-hivemq-platform] [hivemq-platform-operator] [e32e0fe8] 	at io.vertx.core.impl.ContextImpl.lambda$execute$4(ContextImpl.java:315)
2025-01-29 13:59:21,822 INFO c.h.h.t.HelmChartContainer - [hivemq-test-hivemq-platform] [hivemq-platform-operator] [e32e0fe8] 	at io.netty.util.concurrent.AbstractEventExecutor.runTask(AbstractEventExecutor.java:173)
2025-01-29 13:59:21,822 INFO c.h.h.t.HelmChartContainer - [hivemq-test-hivemq-platform] [hivemq-platform-operator] [e32e0fe8] 	at io.netty.util.concurrent.AbstractEventExecutor.safeExecute(AbstractEventExecutor.java:166)
2025-01-29 13:59:21,822 INFO c.h.h.t.HelmChartContainer - [hivemq-test-hivemq-platform] [hivemq-platform-operator] [e32e0fe8] 	at io.netty.util.concurrent.SingleThreadEventExecutor.runAllTasks(SingleThreadEventExecutor.java:472)
2025-01-29 13:59:21,822 INFO c.h.h.t.HelmChartContainer - [hivemq-test-hivemq-platform] [hivemq-platform-operator] [e32e0fe8] 	at io.netty.channel.nio.NioEventLoop.run(NioEventLoop.java:569)
2025-01-29 13:59:21,822 INFO c.h.h.t.HelmChartContainer - [hivemq-test-hivemq-platform] [hivemq-platform-operator] [e32e0fe8] 	at io.netty.util.concurrent.SingleThreadEventExecutor$4.run(SingleThreadEventExecutor.java:997)
2025-01-29 13:59:21,822 INFO c.h.h.t.HelmChartContainer - [hivemq-test-hivemq-platform] [hivemq-platform-operator] [e32e0fe8] 	at io.netty.util.internal.ThreadExecutorMap$2.run(ThreadExecutorMap.java:74)
2025-01-29 13:59:21,822 INFO c.h.h.t.HelmChartContainer - [hivemq-test-hivemq-platform] [hivemq-platform-operator] [e32e0fe8] 	at io.netty.util.concurrent.FastThreadLocalRunnable.run(FastThreadLocalRunnable.java:30)
2025-01-29 13:59:21,822 INFO c.h.h.t.HelmChartContainer - [hivemq-test-hivemq-platform] [hivemq-platform-operator] [e32e0fe8] 	... 1 common frames omitted
2025-01-29 13:59:21,833 INFO c.h.h.t.HelmChartContainer - [hivemq-test-hivemq-platform] [hivemq-platform-operator] [e32e0fe8] 13:59:21.831 [ReconcilerExecutor-hivemq-controller-122] INFO  c.h.p.o.HiveMQPlatformReconciler - [helmwebs] Cleanup test-hivemq-platform - helmwebsocketsit HiveMQ Platform is shut down
2025-01-29 13:59:22,414 INFO c.h.h.t.HelmChartContainer - [EVENT] Normal [Killing] Stopping container hivemq [helmwebsocketsit:test-hivemq-platform-0]
2025-01-29 13:59:22,416 INFO c.h.h.t.HelmChartContainer - Received Killing event for container hivemq in pod test-hivemq-platform-0 [2486d663-3e0a-4384-a1f6-b1959e063380]
2025-01-29 13:59:22,417 INFO c.h.h.t.HelmChartContainer - Container [test-hivemq-platform-0] [hivemq] [2486d663-3e0a-4384-a1f6-b1959e063380] was terminated
2025-01-29 13:59:22,417 INFO c.h.h.t.HelmChartContainer - Stopped log watcher for hivemq in pod test-hivemq-platform-0 [2486d663-3e0a-4384-a1f6-b1959e063380]
2025-01-29 13:59:22,419 INFO c.h.h.t.HelmChartContainer - [POD] test-hivemq-platform-0 [2486d663-3e0a-4384-a1f6-b1959e063380] in helmwebsocketsit was MODIFIED
2025-01-29 13:59:22,437 INFO c.h.h.t.HelmChartContainer - [test-hivemq-platform] [hivemq] [2486d663] INFO  - [HiveMQ Platform Operator Init App 1.7.0-SNAPSHOT] Shutting down
2025-01-29 13:59:22,437 INFO c.h.h.t.HelmChartContainer - [test-hivemq-platform] [hivemq] [2486d663] INFO  - [HiveMQ Platform Operator Init App 1.7.0-SNAPSHOT] Stopping the HiveMQ Platform
2025-01-29 13:59:22,544 INFO c.h.h.t.HelmChartContainer - [test-hivemq-platform] [hivemq] [2486d663] INFO  - Shutting down HiveMQ. Please wait, this could take a while...
2025-01-29 13:59:22,559 INFO c.h.h.t.HelmChartContainer - [test-hivemq-platform] [hivemq] [2486d663] INFO  - Shutting down listeners and clients
2025-01-29 13:59:22,560 INFO c.h.h.t.HelmChartContainer - [test-hivemq-platform] [hivemq] [2486d663] INFO  - Shutdown of listeners is done
2025-01-29 13:59:22,560 INFO c.h.h.t.HelmChartContainer - [test-hivemq-platform] [hivemq] [2486d663] INFO  - No clients are connected, proceeding with shutdown
2025-01-29 13:59:22,571 INFO c.h.h.t.HelmChartContainer - [test-hivemq-platform] [hivemq] [2486d663] INFO  - [HiveMQ Platform Operator Init App 1.7.0-SNAPSHOT] Returning shutdown Health API response 503 for readiness
2025-01-29 13:59:22,576 INFO c.h.h.t.HelmChartContainer - [EVENT] Warning [Unhealthy] Readiness probe failed: HTTP probe failed with statuscode: 503 [helmwebsocketsit:test-hivemq-platform-0]
2025-01-29 13:59:22,576 INFO c.h.h.t.HelmChartContainer - Received Unhealthy event for container hivemq in pod test-hivemq-platform-0 [2486d663-3e0a-4384-a1f6-b1959e063380]
2025-01-29 13:59:23,078 INFO c.h.h.t.HelmChartContainer - [K3S] [authentication.go:74] "Unable to authenticate the request" err="[invalid bearer token, serviceaccounts \"hivemq-platform-pod-test-hivemq-platform\" not found]"
2025-01-29 13:59:23,101 INFO c.h.h.t.HelmChartContainer - [K3S] [authentication.go:74] "Unable to authenticate the request" err="[invalid bearer token, serviceaccounts \"hivemq-platform-pod-test-hivemq-platform\" not found]"
2025-01-29 13:59:23,169 INFO c.h.h.t.HelmChartContainer - [test-hivemq-platform] [hivemq] [2486d663] WARN  - [HiveMQ Platform Operator Init App 1.7.0-SNAPSHOT] Could not update Pod annotations: Failure executing: GET at: https://10.43.0.1:443/api/v1/namespaces/helmwebsocketsit/pods/test-hivemq-platform-0. Message: Unauthorized. Received status: Status(apiVersion=v1, code=401, details=null, kind=Status, message=Unauthorized, metadata=ListMeta(_continue=null, remainingItemCount=null, resourceVersion=null, selfLink=null, additionalProperties={}), reason=Unauthorized, status=Failure, additionalProperties={}).
2025-01-29 13:59:23,592 INFO c.h.h.t.HelmChartContainer - Deleting namespace 'helmwebsocketsit'...
2025-01-29 13:59:26,464 INFO c.h.h.t.HelmChartContainer - [test-hivemq-platform] [hivemq] [2486d663] INFO  - Shutting down extension system
2025-01-29 13:59:26,466 INFO c.h.h.t.HelmChartContainer - [test-hivemq-platform] [hivemq] [2486d663] INFO  - Stopping extension with id hivemq-dns-cluster-discovery
2025-01-29 13:59:26,466 INFO c.h.h.t.HelmChartContainer - [test-hivemq-platform] [hivemq] [2486d663] INFO  - Extension "DNS Cluster Discovery Extension" version 4.3.2 stopped successfully.
2025-01-29 13:59:26,467 INFO c.h.h.t.HelmChartContainer - [test-hivemq-platform] [hivemq] [2486d663] INFO  - Stopping extension with id hivemq-prometheus-extension
2025-01-29 13:59:26,473 INFO c.h.h.t.HelmChartContainer - [test-hivemq-platform] [hivemq] [2486d663] INFO  - Extension "Prometheus Monitoring Extension" version 4.0.12 stopped successfully.
2025-01-29 13:59:26,474 INFO c.h.h.t.HelmChartContainer - [test-hivemq-platform] [hivemq] [2486d663] INFO  - Stopping extension with id hivemq-allow-all-extension
2025-01-29 13:59:26,474 INFO c.h.h.t.HelmChartContainer - [test-hivemq-platform] [hivemq] [2486d663] INFO  - Extension "Allow All Extension" version 1.1.1 stopped successfully.
2025-01-29 13:59:27,575 INFO c.h.h.t.HelmChartContainer - [EVENT] Warning [Unhealthy] Readiness probe failed: HTTP probe failed with statuscode: 503 [helmwebsocketsit:test-hivemq-platform-0]
2025-01-29 13:59:27,576 INFO c.h.h.t.HelmChartContainer - Received Unhealthy event for container hivemq in pod test-hivemq-platform-0 [2486d663-3e0a-4384-a1f6-b1959e063380]
2025-01-29 13:59:28,172 INFO c.h.h.t.HelmChartContainer - [K3S] [authentication.go:74] "Unable to authenticate the request" err="[invalid bearer token, serviceaccounts \"hivemq-platform-pod-test-hivemq-platform\" not found]"
2025-01-29 13:59:28,185 INFO c.h.h.t.HelmChartContainer - [K3S] [authentication.go:74] "Unable to authenticate the request" err="[invalid bearer token, serviceaccounts \"hivemq-platform-pod-test-hivemq-platform\" not found]"
2025-01-29 13:59:28,187 INFO c.h.h.t.HelmChartContainer - [test-hivemq-platform] [hivemq] [2486d663] WARN  - [HiveMQ Platform Operator Init App 1.7.0-SNAPSHOT] Could not update Pod annotations: Failure executing: GET at: https://10.43.0.1:443/api/v1/namespaces/helmwebsocketsit/pods/test-hivemq-platform-0. Message: Unauthorized. Received status: Status(apiVersion=v1, code=401, details=null, kind=Status, message=Unauthorized, metadata=ListMeta(_continue=null, remainingItemCount=null, resourceVersion=null, selfLink=null, additionalProperties={}), reason=Unauthorized, status=Failure, additionalProperties={}).
2025-01-29 13:59:28,704 INFO c.h.h.t.HelmChartContainer - [K3S] [stateful_set.go:466] "StatefulSet has been deleted" key="helmwebsocketsit/test-hivemq-platform"
2025-01-29 13:59:28,755 INFO c.h.h.t.HelmChartContainer - [test-hivemq-platform] [hivemq] [2486d663] INFO  - Shutdown completed.
2025-01-29 13:59:29,103 INFO c.h.h.t.HelmChartContainer - [test-hivemq-platform] [hivemq] [2486d663] INFO  - [HiveMQ Platform Operator Init App 1.7.0-SNAPSHOT] The HiveMQ Platform exited with code 143
2025-01-29 13:59:29,103 INFO c.h.h.t.HelmChartContainer - [test-hivemq-platform] [hivemq] [2486d663] INFO  - [HiveMQ Platform Operator Init App 1.7.0-SNAPSHOT] Stopping the REST API
2025-01-29 13:59:29,112 INFO c.h.h.t.HelmChartContainer - [test-hivemq-platform] [hivemq] [2486d663] INFO  - [HiveMQ Platform Operator Init App 1.7.0-SNAPSHOT] Shutdown complete
2025-01-29 13:59:29,555 INFO c.h.h.t.HelmChartContainer - [POD] test-hivemq-platform-0 [2486d663-3e0a-4384-a1f6-b1959e063380] in helmwebsocketsit was MODIFIED
2025-01-29 13:59:29,590 INFO c.h.h.t.HelmChartContainer - [K3S] [reconciler_common.go:162] "operationExecutor.UnmountVolume started for volume \"broker-configuration\" (UniqueName: \"kubernetes.io/configmap/2486d663-3e0a-4384-a1f6-b1959e063380-broker-configuration\") pod \"2486d663-3e0a-4384-a1f6-b1959e063380\" (UID: \"2486d663-3e0a-4384-a1f6-b1959e063380\") "
2025-01-29 13:59:29,591 INFO c.h.h.t.HelmChartContainer - [K3S] [reconciler_common.go:162] "operationExecutor.UnmountVolume started for volume \"kube-api-access-mxkhj\" (UniqueName: \"kubernetes.io/projected/2486d663-3e0a-4384-a1f6-b1959e063380-kube-api-access-mxkhj\") pod \"2486d663-3e0a-4384-a1f6-b1959e063380\" (UID: \"2486d663-3e0a-4384-a1f6-b1959e063380\") "
2025-01-29 13:59:29,591 INFO c.h.h.t.HelmChartContainer - [K3S] [reconciler_common.go:162] "operationExecutor.UnmountVolume started for volume \"operator-init\" (UniqueName: \"kubernetes.io/empty-dir/2486d663-3e0a-4384-a1f6-b1959e063380-operator-init\") pod \"2486d663-3e0a-4384-a1f6-b1959e063380\" (UID: \"2486d663-3e0a-4384-a1f6-b1959e063380\") "
2025-01-29 13:59:29,591 INFO c.h.h.t.HelmChartContainer - [K3S] [reconciler_common.go:162] "operationExecutor.UnmountVolume started for volume \"ws-truststore-8004\" (UniqueName: \"kubernetes.io/secret/2486d663-3e0a-4384-a1f6-b1959e063380-ws-truststore-8004\") pod \"2486d663-3e0a-4384-a1f6-b1959e063380\" (UID: \"2486d663-3e0a-4384-a1f6-b1959e063380\") "
2025-01-29 13:59:29,591 INFO c.h.h.t.HelmChartContainer - [K3S] [reconciler_common.go:162] "operationExecutor.UnmountVolume started for volume \"ws-keystore-8004\" (UniqueName: \"kubernetes.io/secret/2486d663-3e0a-4384-a1f6-b1959e063380-ws-keystore-8004\") pod \"2486d663-3e0a-4384-a1f6-b1959e063380\" (UID: \"2486d663-3e0a-4384-a1f6-b1959e063380\") "
2025-01-29 13:59:29,591 INFO c.h.h.t.HelmChartContainer - [K3S] [reconciler_common.go:162] "operationExecutor.UnmountVolume started for volume \"pod-info\" (UniqueName: \"kubernetes.io/configmap/2486d663-3e0a-4384-a1f6-b1959e063380-pod-info\") pod \"2486d663-3e0a-4384-a1f6-b1959e063380\" (UID: \"2486d663-3e0a-4384-a1f6-b1959e063380\") "
2025-01-29 13:59:29,591 INFO c.h.h.t.HelmChartContainer - [K3S] [reconciler_common.go:162] "operationExecutor.UnmountVolume started for volume \"ws-keystore-8003\" (UniqueName: \"kubernetes.io/secret/2486d663-3e0a-4384-a1f6-b1959e063380-ws-keystore-8003\") pod \"2486d663-3e0a-4384-a1f6-b1959e063380\" (UID: \"2486d663-3e0a-4384-a1f6-b1959e063380\") "
2025-01-29 13:59:29,690 INFO c.h.h.t.HelmChartContainer - [K3S] [reconciler_common.go:299] "Volume detached for volume \"broker-configuration\" (UniqueName: \"kubernetes.io/configmap/2486d663-3e0a-4384-a1f6-b1959e063380-broker-configuration\") on node \"1ed3b785d818\" DevicePath \"\""
2025-01-29 13:59:29,690 INFO c.h.h.t.HelmChartContainer - [K3S] [reconciler_common.go:299] "Volume detached for volume \"kube-api-access-mxkhj\" (UniqueName: \"kubernetes.io/projected/2486d663-3e0a-4384-a1f6-b1959e063380-kube-api-access-mxkhj\") on node \"1ed3b785d818\" DevicePath \"\""
2025-01-29 13:59:29,690 INFO c.h.h.t.HelmChartContainer - [K3S] [reconciler_common.go:299] "Volume detached for volume \"ws-keystore-8004\" (UniqueName: \"kubernetes.io/secret/2486d663-3e0a-4384-a1f6-b1959e063380-ws-keystore-8004\") on node \"1ed3b785d818\" DevicePath \"\""
2025-01-29 13:59:29,690 INFO c.h.h.t.HelmChartContainer - [K3S] [reconciler_common.go:299] "Volume detached for volume \"pod-info\" (UniqueName: \"kubernetes.io/configmap/2486d663-3e0a-4384-a1f6-b1959e063380-pod-info\") on node \"1ed3b785d818\" DevicePath \"\""
2025-01-29 13:59:29,690 INFO c.h.h.t.HelmChartContainer - [K3S] [reconciler_common.go:299] "Volume detached for volume \"operator-init\" (UniqueName: \"kubernetes.io/empty-dir/2486d663-3e0a-4384-a1f6-b1959e063380-operator-init\") on node \"1ed3b785d818\" DevicePath \"\""
2025-01-29 13:59:29,690 INFO c.h.h.t.HelmChartContainer - [K3S] [reconciler_common.go:299] "Volume detached for volume \"ws-truststore-8004\" (UniqueName: \"kubernetes.io/secret/2486d663-3e0a-4384-a1f6-b1959e063380-ws-truststore-8004\") on node \"1ed3b785d818\" DevicePath \"\""
2025-01-29 13:59:29,690 INFO c.h.h.t.HelmChartContainer - [K3S] [reconciler_common.go:299] "Volume detached for volume \"ws-keystore-8003\" (UniqueName: \"kubernetes.io/secret/2486d663-3e0a-4384-a1f6-b1959e063380-ws-keystore-8003\") on node \"1ed3b785d818\" DevicePath \"\""
2025-01-29 13:59:30,490 INFO c.h.h.t.HelmChartContainer - [K3S] [scope.go:117] "RemoveContainer" containerID="6f8fe9499029345e79b9665fe0726617dd1e8e5c1e9251fd365b57a59339bcca"
2025-01-29 13:59:30,501 INFO c.h.h.t.HelmChartContainer - [POD] test-hivemq-platform-0 [2486d663-3e0a-4384-a1f6-b1959e063380] in helmwebsocketsit was MODIFIED
2025-01-29 13:59:30,506 INFO c.h.h.t.HelmChartContainer - [POD] test-hivemq-platform-0 [2486d663-3e0a-4384-a1f6-b1959e063380] in helmwebsocketsit was DELETED
2025-01-29 13:59:30,586 INFO c.h.h.t.HelmChartContainer - [K3S] [scope.go:117] "RemoveContainer" containerID="c7f41abe74478eb31a4c2f471db366eb1714208f69a645ccbe6826bebc88c212"
2025-01-29 13:59:31,947 INFO c.h.h.t.HelmChartContainer - [K3S] [kubelet_volumes.go:163] "Cleaned up orphaned pod volumes dir" podUID="2486d663-3e0a-4384-a1f6-b1959e063380" path="/var/lib/kubelet/pods/2486d663-3e0a-4384-a1f6-b1959e063380/volumes"
2025-01-29 13:59:33,919 INFO c.h.h.t.HelmChartContainer - Namespace 'helmwebsocketsit' deleted
2025-01-29 13:59:33,919 INFO c.h.h.t.HelmChartContainer - Release 'test-hivemq-platform' in namespace 'helmwebsocketsit' is uninstalled
2025-01-29 13:59:33,919 INFO c.h.h.t.HelmChartContainer - Uninstalling release 'test-hivemq-platform-operator' in namespace 'helmwebsocketsit-operator'...
2025-01-29 13:59:33,919 DEBUG c.h.h.t.HelmChartContainer - Executing helm command: /bin/helm --kubeconfig /etc/rancher/k3s/k3s.yaml uninstall test-hivemq-platform-operator  --wait --timeout 5m0s --cascade foreground --namespace helmwebsocketsit-operator
2025-01-29 13:59:34,079 INFO c.h.h.t.HelmChartContainer - [K3S] [replica_set.go:679] "Finished syncing" kind="ReplicaSet" key="helmwebsocketsit-operator/hivemq-test-hivemq-platform-operator-6966f96d65" duration="8.05174ms"
2025-01-29 13:59:34,080 INFO c.h.h.t.HelmChartContainer - [K3S] [replica_set.go:679] "Finished syncing" kind="ReplicaSet" key="helmwebsocketsit-operator/hivemq-test-hivemq-platform-operator-6966f96d65" duration="29.505µs"
2025-01-29 13:59:34,091 INFO c.h.h.t.HelmChartContainer - [POD] hivemq-test-hivemq-platform-operator-6966f96d65-4pdmt [e32e0fe8-c6e0-40a3-9b05-17e72ba987b4] in helmwebsocketsit-operator was MODIFIED
2025-01-29 13:59:34,102 INFO c.h.h.t.HelmChartContainer - [K3S] [replica_set.go:679] "Finished syncing" kind="ReplicaSet" key="helmwebsocketsit-operator/hivemq-test-hivemq-platform-operator-6966f96d65" duration="10.403393ms"
2025-01-29 13:59:34,103 INFO c.h.h.t.HelmChartContainer - [hivemq-test-hivemq-platform] [hivemq-platform-operator] [e32e0fe8] 13:59:34.100 [application-shutdown-thread] INFO  c.h.p.o.HiveMQPlatformOperatorApplication - HiveMQ Platform Operator is stopping...
2025-01-29 13:59:34,103 INFO c.h.h.t.HelmChartContainer - [hivemq-test-hivemq-platform] [hivemq-platform-operator] [e32e0fe8] 13:59:34.100 [application-shutdown-thread] INFO  i.javaoperatorsdk.operator.Operator - Operator SDK 4.9.7 is shutting down...
2025-01-29 13:59:34,106 INFO c.h.h.t.HelmChartContainer - [EVENT] Normal [Killing] Stopping container hivemq-platform-operator [helmwebsocketsit-operator:hivemq-test-hivemq-platform-operator-6966f96d65-4pdmt]
2025-01-29 13:59:34,106 INFO c.h.h.t.HelmChartContainer - Received Killing event for container hivemq-platform-operator in pod hivemq-test-hivemq-platform-operator-6966f96d65-4pdmt [e32e0fe8-c6e0-40a3-9b05-17e72ba987b4]
2025-01-29 13:59:34,106 INFO c.h.h.t.HelmChartContainer - Container [hivemq-test-hivemq-platform-operator-6966f96d65-4pdmt] [hivemq-platform-operator] [e32e0fe8-c6e0-40a3-9b05-17e72ba987b4] was terminated
2025-01-29 13:59:34,106 INFO c.h.h.t.HelmChartContainer - Stopped log watcher for hivemq-platform-operator in pod hivemq-test-hivemq-platform-operator-6966f96d65-4pdmt [e32e0fe8-c6e0-40a3-9b05-17e72ba987b4]
2025-01-29 13:59:34,109 INFO c.h.h.t.HelmChartContainer - [K3S] [replica_set.go:679] "Finished syncing" kind="ReplicaSet" key="helmwebsocketsit-operator/hivemq-test-hivemq-platform-operator-6966f96d65" duration="35.647µs"
2025-01-29 13:59:34,653 INFO c.h.h.t.HelmChartContainer - [K3S] [replica_set.go:679] "Finished syncing" kind="ReplicaSet" key="helmwebsocketsit-operator/hivemq-test-hivemq-platform-operator-6966f96d65" duration="38.812µs"
2025-01-29 13:59:34,654 INFO c.h.h.t.HelmChartContainer - [POD] hivemq-test-hivemq-platform-operator-6966f96d65-4pdmt [e32e0fe8-c6e0-40a3-9b05-17e72ba987b4] in helmwebsocketsit-operator was MODIFIED
2025-01-29 13:59:34,718 INFO c.h.h.t.HelmChartContainer - [K3S] [reconciler_common.go:162] "operationExecutor.UnmountVolume started for volume \"kube-api-access-kvg2l\" (UniqueName: \"kubernetes.io/projected/e32e0fe8-c6e0-40a3-9b05-17e72ba987b4-kube-api-access-kvg2l\") pod \"e32e0fe8-c6e0-40a3-9b05-17e72ba987b4\" (UID: \"e32e0fe8-c6e0-40a3-9b05-17e72ba987b4\") "
2025-01-29 13:59:34,819 INFO c.h.h.t.HelmChartContainer - [K3S] [reconciler_common.go:299] "Volume detached for volume \"kube-api-access-kvg2l\" (UniqueName: \"kubernetes.io/projected/e32e0fe8-c6e0-40a3-9b05-17e72ba987b4-kube-api-access-kvg2l\") on node \"1ed3b785d818\" DevicePath \"\""
2025-01-29 13:59:35,499 INFO c.h.h.t.HelmChartContainer - [K3S] [scope.go:117] "RemoveContainer" containerID="2056509fdfd13e6aadf3f3529c16957d3ba3e7e7e299e1e4f16a5e933f5feabb"
2025-01-29 13:59:35,502 INFO c.h.h.t.HelmChartContainer - [K3S] [scope.go:117] "RemoveContainer" containerID="2056509fdfd13e6aadf3f3529c16957d3ba3e7e7e299e1e4f16a5e933f5feabb"
2025-01-29 13:59:35,517 INFO c.h.h.t.HelmChartContainer - [K3S] [replica_set.go:679] "Finished syncing" kind="ReplicaSet" key="helmwebsocketsit-operator/hivemq-test-hivemq-platform-operator-6966f96d65" duration="144.239µs"
2025-01-29 13:59:35,519 INFO c.h.h.t.HelmChartContainer - [POD] hivemq-test-hivemq-platform-operator-6966f96d65-4pdmt [e32e0fe8-c6e0-40a3-9b05-17e72ba987b4] in helmwebsocketsit-operator was MODIFIED
2025-01-29 13:59:35,522 INFO c.h.h.t.HelmChartContainer - [K3S] [replica_set.go:679] "Finished syncing" kind="ReplicaSet" key="helmwebsocketsit-operator/hivemq-test-hivemq-platform-operator-6966f96d65" duration="50.694µs"
2025-01-29 13:59:35,532 INFO c.h.h.t.HelmChartContainer - [POD] hivemq-test-hivemq-platform-operator-6966f96d65-4pdmt [e32e0fe8-c6e0-40a3-9b05-17e72ba987b4] in helmwebsocketsit-operator was DELETED
2025-01-29 13:59:35,539 INFO c.h.h.t.HelmChartContainer - [K3S] [replica_set.go:679] "Finished syncing" kind="ReplicaSet" key="helmwebsocketsit-operator/hivemq-test-hivemq-platform-operator-6966f96d65" duration="7.103µs"
2025-01-29 13:59:35,948 INFO c.h.h.t.HelmChartContainer - [K3S] [kubelet_volumes.go:163] "Cleaned up orphaned pod volumes dir" podUID="e32e0fe8-c6e0-40a3-9b05-17e72ba987b4" path="/var/lib/kubelet/pods/e32e0fe8-c6e0-40a3-9b05-17e72ba987b4/volumes"
2025-01-29 13:59:36,138 INFO c.h.h.t.HelmChartContainer - Deleting namespace 'helmwebsocketsit-operator'...
2025-01-29 13:59:38,846 INFO c.h.h.t.HelmChartContainer - [K3S] [namespace_controller.go:187] "Namespace has been deleted" namespace="helmwebsocketsit"
2025-01-29 13:59:41,353 INFO c.h.h.t.HelmChartContainer - Namespace 'helmwebsocketsit-operator' deleted
2025-01-29 13:59:41,354 INFO c.h.h.t.HelmChartContainer - Release 'test-hivemq-platform-operator' in namespace 'helmwebsocketsit-operator' is uninstalled
2025-01-29 13:59:42,073 INFO c.h.helmcharts.AbstractHelmChartIT - Removed unused containers:

2025-01-29 13:59:46,264 INFO c.h.h.t.HelmChartContainer - [K3S] [namespace_controller.go:187] "Namespace has been deleted" namespace="helmwebsocketsit-operator"
2025-01-29 13:59:49,632 INFO c.h.helmcharts.AbstractHelmChartIT - Removed unused snapshots:
Removing snapshot sha256:03af251906410714c5aef9fa705b63f6bbc39c4a5e787de7361eeb18886c2ed2
Removing snapshot sha256:0c46b3b43cce082ce5ec34ffc6c294e0417d17b9d1e6f366d114b6aadc4f96dc
Removing snapshot sha256:0ce761beee59082d6ed5bcebd3a805b8ddd9b3426b617e4809e7fb7c6587ffec
Removing snapshot sha256:0df91287303208332c8ff6ba40ae4710105201739addbfbddfb955f1ad593664
Removing snapshot sha256:1021ef88c7974bfff89c5a0ec4fd3160daac6c48a075f74cff721f85dd104e68
Removing snapshot sha256:10aba4953ddc18145dd38e3704709bc464aa20af60b56fe52caaff4b68411e62
Removing snapshot sha256:187c12c00f9fa7f05b92c9532b5eeb5155afb2ccffcacc13a4adbd546379f3ca
Removing snapshot sha256:2573e0d8158209ed54ab25c87bcdcb00bd3d2539246960a3d592a1c599d70465
Removing snapshot sha256:362a8a37f8bbc31925a8146adcf7cf51f9882f5c1dcbef67c5baa03a297543c0
Removing snapshot sha256:3fa4ad33f0ddc8fd45b39b6b4640f82a3a83619606cd975bfe89d8710ad2d4cd
Removing snapshot sha256:43a7c979bbaba6838bc3102d6b10a1459f3ab050b87ccdfef84ef90cf43d3058
Removing snapshot sha256:4ab04491cdf0d3267f08206fe30bd48f49f94b9cab2f016d6739220f722a64af
Removing snapshot sha256:4b6068250e89c96f263060261819c7d912855bfbd64b3eb4c4a8483299b8c295
Removing snapshot sha256:580e69a0a8034ede1921139bbd2bfb72a69ebf276d008281896c32dd8bf74775
Removing snapshot sha256:5d30ba46b27fe37484567ccc5242cadc78217b8da605f3f195ef25cbf7487904
Removing snapshot sha256:63ca1fbb43ae5034640e5e6cb3e083e05c290072c5366fcaa9d62435a4cced85
Removing snapshot sha256:67f702c6baae873bceb19487c8b1f27bd2b86077e4f2f0e480e6d60ab508b8f5
Removing snapshot sha256:6864348dd42806d552efdec384f1274be15e2d0c10ce44c1f04347af004c10a9
Removing snapshot sha256:6c7dee8f2c39b84b7dc2711c01d33de93514d9055499173e9290176fbe484b6c
Removing snapshot sha256:82753493a6d61ded36556292f02f31841a14c20d2f279f19eaad65afb661d5cd
Removing snapshot sha256:8a10d3db42c505ee0fcfa98417bdd7e39b304f6bcc0a06bb1b220797ff2cc63c
Removing snapshot sha256:a21e5b12dbac529ad45d976eb9ce45c881f3bedcc500fb30aba1e52aa1813418
Removing snapshot sha256:b75110c03617b2138837d9b4ebe901590c1106644f4449109e18bbd3fb643eb1
Removing snapshot sha256:b921e6c28969094157f9b8e7244677780319637afd14450b7cb6b2fdea558a0c
Removing snapshot sha256:bc27ecb5769a00e309cf99ebc763c4a4b958b618d1decc96ffac5bc05f02f5b7
Removing snapshot sha256:be3ccb6627a5332e309d45ef461d09b4879dd870c7394d89323d0ebc6ca6aa8a
Removing snapshot sha256:c261f7cbbc64211ee175ee47273acdb7b1a36a4450b397a064a8f2c026490095
Removing snapshot sha256:c34d9393647eea0c9e3557ab988efaf59f61d10a2a5613b439ef0958cca5ec10
Removing snapshot sha256:ccf3c4a0fa967a41c1c83497a2ce6fa5787965859df0adb32c4ca2cf7490bc2b
Removing snapshot sha256:cf92d33f869417309692088c341cd0f223c178ea78a125f757317b22aa8f90e9
Removing snapshot sha256:d0037344cf2fb078884f1849f6a1f8cf9a33a3b6139b6a85833e5ee528e1f9a8
Removing snapshot sha256:d3b36d5b79273b1e98e7700470eaeff05a882e777124d84cebcc1505b85ecb36
Removing snapshot sha256:d65a44a37914602d12c611e5e22a50f11451d847e63015cc1c2aef92dee777a4
Removing snapshot sha256:e2dc0bae2455930f23ae570e019b7f32edc75c0f2d71cab084db837ff9051796
Removing snapshot sha256:eccbd24a99c60cd9e86ee5305dbfc4a4dc89f5ab4fb1f06c8d64797cecedef34
Removing snapshot sha256:f144bb4c7c7f0d2aa7eeffd36d934ec40db1ee167be727e326aad9fdc616f475

]]></system-out>
  </testcase>
  <testcase name="platformChart_whenMtlsWebsocketEnabled_thenSendsReceivesMessage(Path)" classname="com.hivemq.helmcharts.services.HelmWebsocketsIT" time="103.559">
    <system-out><![CDATA[2025-01-29 13:59:49,638 INFO c.h.h.t.HelmChartContainer - Creating namespace 'helmwebsocketsit-operator'...
2025-01-29 13:59:49,645 INFO c.h.h.t.HelmChartContainer - Namespace 'helmwebsocketsit-operator' created
2025-01-29 13:59:49,645 INFO c.h.h.t.HelmChartContainer - Creating namespace 'helmwebsocketsit'...
2025-01-29 13:59:49,650 INFO c.h.h.t.HelmChartContainer - Namespace 'helmwebsocketsit' created
2025-01-29 13:59:49,722 DEBUG c.h.h.t.HelmChartContainer - Executing helm command: /bin/helm --kubeconfig /etc/rancher/k3s/k3s.yaml install test-hivemq-platform-operator /charts/hivemq-platform-operator --wait --timeout 5m0s --set image.repository=docker.io/hivemq --set image.name=hivemq-platform-operator-test --set image.initImageName=hivemq-platform-operator-init-test --set image.tag=snapshot --set image.pullPolicy=Never --set logLevel=DEBUG --set resources.cpu=512m --namespace helmwebsocketsit-operator
2025-01-29 13:59:50,033 INFO c.h.h.t.HelmChartContainer - [K3S] [alloc.go:330] "allocated clusterIPs" service="helmwebsocketsit-operator/hivemq-platform-operator-test-hivemq-platform-operator" clusterIPs={"IPv4":"10.43.246.178"}
2025-01-29 13:59:50,057 INFO c.h.h.t.HelmChartContainer - [EVENT] Normal [ScalingReplicaSet] Scaled up replica set hivemq-test-hivemq-platform-operator-6966f96d65 from 0 to 1 [helmwebsocketsit-operator:hivemq-test-hivemq-platform-operator]
2025-01-29 13:59:50,061 INFO c.h.h.t.HelmChartContainer - [POD] hivemq-test-hivemq-platform-operator-6966f96d65-q6nrk [cf97f983-4a94-42c8-96aa-f9d858551326] in helmwebsocketsit-operator was ADDED
2025-01-29 13:59:50,066 INFO c.h.h.t.HelmChartContainer - [K3S] [memory_manager.go:355] "RemoveStaleState removing state" podUID="e32e0fe8-c6e0-40a3-9b05-17e72ba987b4" containerName="hivemq-platform-operator"
2025-01-29 13:59:50,066 INFO c.h.h.t.HelmChartContainer - [K3S] [memory_manager.go:355] "RemoveStaleState removing state" podUID="2486d663-3e0a-4384-a1f6-b1959e063380" containerName="hivemq"
2025-01-29 13:59:50,069 INFO c.h.h.t.HelmChartContainer - [POD] hivemq-test-hivemq-platform-operator-6966f96d65-q6nrk [cf97f983-4a94-42c8-96aa-f9d858551326] in helmwebsocketsit-operator was MODIFIED
2025-01-29 13:59:50,073 INFO c.h.h.t.HelmChartContainer - [K3S] [replica_set.go:679] "Finished syncing" kind="ReplicaSet" key="helmwebsocketsit-operator/hivemq-test-hivemq-platform-operator-6966f96d65" duration="26.316624ms"
2025-01-29 13:59:50,075 INFO c.h.h.t.HelmChartContainer - [EVENT] Normal [SuccessfulCreate] Created pod: hivemq-test-hivemq-platform-operator-6966f96d65-q6nrk [helmwebsocketsit-operator:hivemq-test-hivemq-platform-operator-6966f96d65]
2025-01-29 13:59:50,076 INFO c.h.h.t.HelmChartContainer - [EVENT] Normal [Scheduled] Successfully assigned helmwebsocketsit-operator/hivemq-test-hivemq-platform-operator-6966f96d65-q6nrk to 1ed3b785d818 [helmwebsocketsit-operator:hivemq-test-hivemq-platform-operator-6966f96d65-q6nrk]
2025-01-29 13:59:50,082 INFO c.h.h.t.HelmChartContainer - [K3S] [replica_set.go:679] "Finished syncing" kind="ReplicaSet" key="helmwebsocketsit-operator/hivemq-test-hivemq-platform-operator-6966f96d65" duration="8.62584ms"
2025-01-29 13:59:50,082 INFO c.h.h.t.HelmChartContainer - [K3S] [replica_set.go:679] "Finished syncing" kind="ReplicaSet" key="helmwebsocketsit-operator/hivemq-test-hivemq-platform-operator-6966f96d65" duration="34.475µs"
2025-01-29 13:59:50,082 INFO c.h.h.t.HelmChartContainer - [K3S] [replica_set.go:679] "Finished syncing" kind="ReplicaSet" key="helmwebsocketsit-operator/hivemq-test-hivemq-platform-operator-6966f96d65" duration="22.783µs"
2025-01-29 13:59:50,086 INFO c.h.h.t.HelmChartContainer - [POD] hivemq-test-hivemq-platform-operator-6966f96d65-q6nrk [cf97f983-4a94-42c8-96aa-f9d858551326] in helmwebsocketsit-operator was MODIFIED
2025-01-29 13:59:50,105 INFO c.h.h.t.HelmChartContainer - [K3S] [reconciler_common.go:251] "operationExecutor.VerifyControllerAttachedVolume started for volume \"kube-api-access-4v8zf\" (UniqueName: \"kubernetes.io/projected/cf97f983-4a94-42c8-96aa-f9d858551326-kube-api-access-4v8zf\") pod \"hivemq-test-hivemq-platform-operator-6966f96d65-q6nrk\" (UID: \"cf97f983-4a94-42c8-96aa-f9d858551326\") " pod="helmwebsocketsit-operator/hivemq-test-hivemq-platform-operator-6966f96d65-q6nrk"
2025-01-29 13:59:50,456 INFO c.h.h.t.HelmChartContainer - [EVENT] Normal [Pulled] Container image "docker.io/hivemq/hivemq-platform-operator-test:snapshot" already present on machine [helmwebsocketsit-operator:hivemq-test-hivemq-platform-operator-6966f96d65-q6nrk]
2025-01-29 13:59:50,456 INFO c.h.h.t.HelmChartContainer - Received Pulled event for container hivemq-platform-operator in pod hivemq-test-hivemq-platform-operator-6966f96d65-q6nrk [cf97f983-4a94-42c8-96aa-f9d858551326]
2025-01-29 13:59:51,696 INFO c.h.h.t.HelmChartContainer - [EVENT] Normal [Created] Created container: hivemq-platform-operator [helmwebsocketsit-operator:hivemq-test-hivemq-platform-operator-6966f96d65-q6nrk]
2025-01-29 13:59:51,696 INFO c.h.h.t.HelmChartContainer - Received Created event for container hivemq-platform-operator in pod hivemq-test-hivemq-platform-operator-6966f96d65-q6nrk [cf97f983-4a94-42c8-96aa-f9d858551326]
2025-01-29 13:59:52,534 INFO c.h.h.t.HelmChartContainer - [POD] hivemq-test-hivemq-platform-operator-6966f96d65-q6nrk [cf97f983-4a94-42c8-96aa-f9d858551326] in helmwebsocketsit-operator was MODIFIED
2025-01-29 13:59:52,538 INFO c.h.h.t.HelmChartContainer - [K3S] [replica_set.go:679] "Finished syncing" kind="ReplicaSet" key="helmwebsocketsit-operator/hivemq-test-hivemq-platform-operator-6966f96d65" duration="44.403µs"
2025-01-29 13:59:52,555 INFO c.h.h.t.HelmChartContainer - Started log watcher for hivemq-platform-operator in pod hivemq-test-hivemq-platform-operator-6966f96d65-q6nrk [cf97f983-4a94-42c8-96aa-f9d858551326]
2025-01-29 13:59:52,555 INFO c.h.h.t.HelmChartContainer - [EVENT] Normal [Started] Started container hivemq-platform-operator [helmwebsocketsit-operator:hivemq-test-hivemq-platform-operator-6966f96d65-q6nrk]
2025-01-29 13:59:52,555 INFO c.h.h.t.HelmChartContainer - [hivemq-test-hivemq-platform] [hivemq-platform-operator] [cf97f983] -------------------------------------------------------------------------
2025-01-29 13:59:52,555 INFO c.h.h.t.HelmChartContainer - Received Started event for container hivemq-platform-operator in pod hivemq-test-hivemq-platform-operator-6966f96d65-q6nrk [cf97f983-4a94-42c8-96aa-f9d858551326]
2025-01-29 13:59:52,556 INFO c.h.h.t.HelmChartContainer - [hivemq-test-hivemq-platform] [hivemq-platform-operator] [cf97f983] 
2025-01-29 13:59:52,556 INFO c.h.h.t.HelmChartContainer - [hivemq-test-hivemq-platform] [hivemq-platform-operator] [cf97f983]                   _    _  _              __  __   ____
2025-01-29 13:59:52,556 INFO c.h.h.t.HelmChartContainer - [hivemq-test-hivemq-platform] [hivemq-platform-operator] [cf97f983]                  | |  | |(_)            |  \/  | / __ \
2025-01-29 13:59:52,556 INFO c.h.h.t.HelmChartContainer - [hivemq-test-hivemq-platform] [hivemq-platform-operator] [cf97f983]                  | |__| | _ __   __ ___ | \  / || |  | |
2025-01-29 13:59:52,556 INFO c.h.h.t.HelmChartContainer - [hivemq-test-hivemq-platform] [hivemq-platform-operator] [cf97f983]                  |  __  || |\ \ / // _ \| |\/| || |  | |
2025-01-29 13:59:52,556 INFO c.h.h.t.HelmChartContainer - [hivemq-test-hivemq-platform] [hivemq-platform-operator] [cf97f983]                  | |  | || | \ V /|  __/| |  | || |__| |
2025-01-29 13:59:52,556 INFO c.h.h.t.HelmChartContainer - [hivemq-test-hivemq-platform] [hivemq-platform-operator] [cf97f983]                  |_|  |_||_|  \_/  \___||_|  |_| \___\_\
2025-01-29 13:59:52,556 INFO c.h.h.t.HelmChartContainer - [hivemq-test-hivemq-platform] [hivemq-platform-operator] [cf97f983] 
2025-01-29 13:59:52,556 INFO c.h.h.t.HelmChartContainer - [hivemq-test-hivemq-platform] [hivemq-platform-operator] [cf97f983] -------------------------------------------------------------------------
2025-01-29 13:59:52,556 INFO c.h.h.t.HelmChartContainer - [hivemq-test-hivemq-platform] [hivemq-platform-operator] [cf97f983] 
2025-01-29 13:59:52,556 INFO c.h.h.t.HelmChartContainer - [hivemq-test-hivemq-platform] [hivemq-platform-operator] [cf97f983]   HiveMQ Platform Operator Start Script v1.0
2025-01-29 13:59:52,556 INFO c.h.h.t.HelmChartContainer - [hivemq-test-hivemq-platform] [hivemq-platform-operator] [cf97f983] 
2025-01-29 13:59:52,556 INFO c.h.h.t.HelmChartContainer - [hivemq-test-hivemq-platform] [hivemq-platform-operator] [cf97f983] -------------------------------------------------------------------------
2025-01-29 13:59:52,556 INFO c.h.h.t.HelmChartContainer - [hivemq-test-hivemq-platform] [hivemq-platform-operator] [cf97f983] 
2025-01-29 13:59:52,556 INFO c.h.h.t.HelmChartContainer - [hivemq-test-hivemq-platform] [hivemq-platform-operator] [cf97f983]   JAVA_OPTS: -XX:+UnlockExperimentalVMOptions -XX:InitialRAMPercentage=75 -XX:MaxRAMPercentage=75 -Duser.language=en -Duser.region=US
2025-01-29 13:59:52,556 INFO c.h.h.t.HelmChartContainer - [hivemq-test-hivemq-platform] [hivemq-platform-operator] [cf97f983] 
2025-01-29 13:59:52,556 INFO c.h.h.t.HelmChartContainer - [hivemq-test-hivemq-platform] [hivemq-platform-operator] [cf97f983]   JAVA_VERSION: 21
2025-01-29 13:59:52,556 INFO c.h.h.t.HelmChartContainer - [hivemq-test-hivemq-platform] [hivemq-platform-operator] [cf97f983] 
2025-01-29 13:59:52,556 INFO c.h.h.t.HelmChartContainer - [hivemq-test-hivemq-platform] [hivemq-platform-operator] [cf97f983] -------------------------------------------------------------------------
2025-01-29 13:59:52,556 INFO c.h.h.t.HelmChartContainer - [hivemq-test-hivemq-platform] [hivemq-platform-operator] [cf97f983] 
2025-01-29 13:59:55,048 INFO c.h.h.t.HelmChartContainer - [hivemq-test-hivemq-platform] [hivemq-platform-operator] [cf97f983] 13:59:54.988 [main] DEBUG org.jboss.logging - Logging Provider: org.jboss.logging.Slf4jLoggerProvider
2025-01-29 13:59:55,150 INFO c.h.h.t.HelmChartContainer - [hivemq-test-hivemq-platform] [hivemq-platform-operator] [cf97f983] 13:59:55.149 [main] DEBUG io.smallrye.config - SRCFG01006: Loaded ConfigSource SysPropConfigSource with ordinal 400
2025-01-29 13:59:55,150 INFO c.h.h.t.HelmChartContainer - [hivemq-test-hivemq-platform] [hivemq-platform-operator] [cf97f983] 13:59:55.149 [main] DEBUG io.smallrye.config - SRCFG01006: Loaded ConfigSource EnvConfigSource with ordinal 300
2025-01-29 13:59:55,150 INFO c.h.h.t.HelmChartContainer - [hivemq-test-hivemq-platform] [hivemq-platform-operator] [cf97f983] 13:59:55.149 [main] DEBUG io.smallrye.config - SRCFG01006: Loaded ConfigSource PropertiesConfigSource[source=jar:file:///opt/hivemq-platform-operator/bin/hivemq-platform-operator.jar!/hivemq-platform-operator.properties] with ordinal 100
2025-01-29 13:59:55,150 INFO c.h.h.t.HelmChartContainer - [hivemq-test-hivemq-platform] [hivemq-platform-operator] [cf97f983] 13:59:55.149 [main] DEBUG io.smallrye.config - SRCFG01006: Loaded ConfigSource DefaultValuesConfigSource with ordinal -2147483648
2025-01-29 13:59:55,251 INFO c.h.h.t.HelmChartContainer - [hivemq-test-hivemq-platform] [hivemq-platform-operator] [cf97f983] 13:59:55.250 [main] DEBUG i.m.c.u.i.l.InternalLoggerFactory - Using SLF4J as the default logging framework
2025-01-29 13:59:55,386 INFO c.h.h.t.HelmChartContainer - [hivemq-test-hivemq-platform] [hivemq-platform-operator] [cf97f983] 13:59:55.354 [main] INFO  c.h.p.o.HiveMQPlatformOperatorApplication - HiveMQ Platform Operator 1.7.0-SNAPSHOT (commit: bebf408 on branch: HEAD) built on Sun Jan 26 20:47:47 UTC 2025
2025-01-29 13:59:55,386 INFO c.h.h.t.HelmChartContainer - [hivemq-test-hivemq-platform] [hivemq-platform-operator] [cf97f983] 13:59:55.385 [main] INFO  c.h.p.o.HiveMQPlatformOperatorApplication - HiveMQ Platform Operator is running in namespace: helmwebsocketsit-operator
2025-01-29 13:59:55,386 INFO c.h.h.t.HelmChartContainer - [hivemq-test-hivemq-platform] [hivemq-platform-operator] [cf97f983] 13:59:55.385 [main] INFO  c.h.p.o.HiveMQPlatformOperatorApplication - Watching all namespaces
2025-01-29 13:59:55,386 INFO c.h.h.t.HelmChartContainer - [hivemq-test-hivemq-platform] [hivemq-platform-operator] [cf97f983] 13:59:55.385 [main] INFO  c.h.p.o.HiveMQPlatformOperatorApplication - Log level: DEBUG
2025-01-29 13:59:55,386 INFO c.h.h.t.HelmChartContainer - [hivemq-test-hivemq-platform] [hivemq-platform-operator] [cf97f983] 13:59:55.385 [main] INFO  c.h.p.o.HiveMQPlatformOperatorApplication - Release name: test-hivemq-platform-operator
2025-01-29 13:59:55,386 INFO c.h.h.t.HelmChartContainer - [hivemq-test-hivemq-platform] [hivemq-platform-operator] [cf97f983] 13:59:55.385 [main] INFO  c.h.p.o.HiveMQPlatformOperatorApplication - HiveMQ Platform Operator Init image: docker.io/hivemq/hivemq-platform-operator-init-test:snapshot
2025-01-29 13:59:55,386 INFO c.h.h.t.HelmChartContainer - [hivemq-test-hivemq-platform] [hivemq-platform-operator] [cf97f983] 13:59:55.385 [main] INFO  c.h.p.o.HiveMQPlatformOperatorApplication - HiveMQ Platform Operator Init App update URL: http://hivemq-platform-operator-test-hivemq-platform-operator.helmwebsocketsit-operator.svc:8080/initAppUpdate/hivemq-platform-operator-init-app-1.7.0-SNAPSHOT.jar
2025-01-29 13:59:55,387 INFO c.h.h.t.HelmChartContainer - [hivemq-test-hivemq-platform] [hivemq-platform-operator] [cf97f983] 13:59:55.385 [main] INFO  c.h.p.o.HiveMQPlatformOperatorApplication - Additional imagePullSecret for all Platform deployments: none
2025-01-29 13:59:55,387 INFO c.h.h.t.HelmChartContainer - [hivemq-test-hivemq-platform] [hivemq-platform-operator] [cf97f983] 13:59:55.385 [main] INFO  c.h.p.o.HiveMQPlatformOperatorApplication - Apply HiveMQ Platform CRD: true
2025-01-29 13:59:55,387 INFO c.h.h.t.HelmChartContainer - [hivemq-test-hivemq-platform] [hivemq-platform-operator] [cf97f983] 13:59:55.385 [main] INFO  c.h.p.o.HiveMQPlatformOperatorApplication - Create Platform ServiceAccount: true
2025-01-29 13:59:55,387 INFO c.h.h.t.HelmChartContainer - [hivemq-test-hivemq-platform] [hivemq-platform-operator] [cf97f983] 13:59:55.385 [main] INFO  c.h.p.o.HiveMQPlatformOperatorApplication - Create Platform ServiceAccount permissions: true
2025-01-29 13:59:55,387 INFO c.h.h.t.HelmChartContainer - [hivemq-test-hivemq-platform] [hivemq-platform-operator] [cf97f983] 13:59:55.385 [main] INFO  c.h.p.o.HiveMQPlatformOperatorApplication - Validate Platform ServiceAccount: true
2025-01-29 13:59:55,387 INFO c.h.h.t.HelmChartContainer - [hivemq-test-hivemq-platform] [hivemq-platform-operator] [cf97f983] 13:59:55.386 [main] INFO  c.h.p.o.HiveMQPlatformOperatorApplication - Validate Platform ServiceAccount permissions: true
2025-01-29 13:59:55,457 INFO c.h.h.t.HelmChartContainer - [hivemq-test-hivemq-platform] [hivemq-platform-operator] [cf97f983] 13:59:55.456 [main] INFO  c.h.platform.operator.util.CRDUtil - Verifying deployed HiveMQ Platform CRD...
2025-01-29 13:59:57,988 INFO c.h.h.t.HelmChartContainer - [hivemq-test-hivemq-platform] [hivemq-platform-operator] [cf97f983] 13:59:57.987 [main] DEBUG c.h.platform.operator.util.CRDUtil - HiveMQ Platform CRD version v1 is up to date
2025-01-29 13:59:57,988 INFO c.h.h.t.HelmChartContainer - [hivemq-test-hivemq-platform] [hivemq-platform-operator] [cf97f983] 13:59:57.987 [main] INFO  c.h.platform.operator.util.CRDUtil - HiveMQ Platform CRD is up to date (version: V1_6_0)
2025-01-29 13:59:57,988 INFO c.h.h.t.HelmChartContainer - [hivemq-test-hivemq-platform] [hivemq-platform-operator] [cf97f983] 13:59:57.987 [main] INFO  c.h.platform.operator.util.CRDUtil - Waiting 10000 ms for HiveMQ Platform CRD 'hivemq-platforms.hivemq.com' to become ready...
2025-01-29 13:59:58,286 INFO c.h.h.t.HelmChartContainer - [hivemq-test-hivemq-platform] [hivemq-platform-operator] [cf97f983] 13:59:58.284 [vert.x-eventloop-thread-1] DEBUG c.h.platform.operator.util.CRDUtil - Checking CRD condition 'NamesAccepted' (status: 'True')
2025-01-29 13:59:58,286 INFO c.h.h.t.HelmChartContainer - [hivemq-test-hivemq-platform] [hivemq-platform-operator] [cf97f983] 13:59:58.285 [vert.x-eventloop-thread-1] DEBUG c.h.platform.operator.util.CRDUtil - Checking CRD condition 'Established' (status: 'True')
2025-01-29 13:59:58,287 INFO c.h.h.t.HelmChartContainer - [hivemq-test-hivemq-platform] [hivemq-platform-operator] [cf97f983] 13:59:58.285 [main] INFO  c.h.platform.operator.util.CRDUtil - HiveMQ Platform CRD 'hivemq-platforms.hivemq.com' is ready
2025-01-29 13:59:58,452 INFO c.h.h.t.HelmChartContainer - [hivemq-test-hivemq-platform] [hivemq-platform-operator] [cf97f983] 13:59:58.451 [main] INFO  c.h.p.o.HiveMQPlatformReconciler - HiveMQ Platform Operator is starting...
2025-01-29 13:59:58,495 INFO c.h.h.t.HelmChartContainer - [hivemq-test-hivemq-platform] [hivemq-platform-operator] [cf97f983] 13:59:58.494 [main] WARN  Default ConfigurationService implementation - Configuration for reconciler 'hivemq-controller' was not found. Known reconcilers: None.
2025-01-29 13:59:58,551 INFO c.h.h.t.HelmChartContainer - [hivemq-test-hivemq-platform] [hivemq-platform-operator] [cf97f983] 13:59:58.550 [main] INFO  Default ConfigurationService implementation - Created configuration for reconciler com.hivemq.platform.operator.HiveMQPlatformReconciler with name hivemq-controller
2025-01-29 13:59:58,652 INFO c.h.h.t.HelmChartContainer - [hivemq-test-hivemq-platform] [hivemq-platform-operator] [cf97f983] 13:59:58.651 [main] DEBUG c.h.p.o.HiveMQPlatformReconciler - HiveMQ Platform Operator is preparing EventSources
2025-01-29 13:59:58,688 INFO c.h.h.t.HelmChartContainer - [hivemq-test-hivemq-platform] [hivemq-platform-operator] [cf97f983] 13:59:58.687 [main] INFO  i.javaoperatorsdk.operator.Operator - Registered reconciler: 'hivemq-controller' for resource: 'class com.hivemq.platform.operator.v1.HiveMQPlatform' for namespace(s): [all namespaces]
2025-01-29 13:59:59,252 INFO c.h.h.t.HelmChartContainer - [hivemq-test-hivemq-platform] [hivemq-platform-operator] [cf97f983] 13:59:59.251 [main] INFO  c.h.p.operator.webserver.JettyServer - Starting Jetty server on port 8080
2025-01-29 13:59:59,350 INFO c.h.h.t.HelmChartContainer - [hivemq-test-hivemq-platform] [hivemq-platform-operator] [cf97f983] 13:59:59.349 [main] INFO  i.javaoperatorsdk.operator.Operator - Operator SDK 4.9.7 (commit: 2133d28) built on Wed Nov 20 12:56:20 UTC 2024 starting...
2025-01-29 13:59:59,350 INFO c.h.h.t.HelmChartContainer - [hivemq-test-hivemq-platform] [hivemq-platform-operator] [cf97f983] 13:59:59.349 [main] INFO  i.javaoperatorsdk.operator.Operator - Client version: 6.13.4
2025-01-29 13:59:59,351 INFO c.h.h.t.HelmChartContainer - [hivemq-test-hivemq-platform] [hivemq-platform-operator] [cf97f983] 13:59:59.351 [Controller Starter for: hivemq-controller] INFO  i.j.operator.processing.Controller - Starting 'hivemq-controller' controller for reconciler: com.hivemq.platform.operator.HiveMQPlatformReconciler, resource: com.hivemq.platform.operator.v1.HiveMQPlatform
2025-01-29 14:00:01,588 INFO c.h.h.t.HelmChartContainer - [hivemq-test-hivemq-platform] [hivemq-platform-operator] [cf97f983] 14:00:01.587 [Controller Starter for: hivemq-controller] INFO  i.j.operator.processing.Controller - 'hivemq-controller' controller started
2025-01-29 14:00:01,589 INFO c.h.h.t.HelmChartContainer - [hivemq-test-hivemq-platform] [hivemq-platform-operator] [cf97f983] 14:00:01.588 [main] INFO  c.h.p.o.HiveMQPlatformOperatorApplication - HiveMQ Platform Operator 1.7.0-SNAPSHOT started in 6233 ms
2025-01-29 14:00:03,541 INFO c.h.h.t.HelmChartContainer - [POD] hivemq-test-hivemq-platform-operator-6966f96d65-q6nrk [cf97f983-4a94-42c8-96aa-f9d858551326] in helmwebsocketsit-operator was MODIFIED
2025-01-29 14:00:03,554 INFO c.h.h.t.HelmChartContainer - [K3S] [replica_set.go:679] "Finished syncing" kind="ReplicaSet" key="helmwebsocketsit-operator/hivemq-test-hivemq-platform-operator-6966f96d65" duration="14.454973ms"
2025-01-29 14:00:03,554 INFO c.h.h.t.HelmChartContainer - [K3S] [replica_set.go:679] "Finished syncing" kind="ReplicaSet" key="helmwebsocketsit-operator/hivemq-test-hivemq-platform-operator-6966f96d65" duration="78.036µs"
2025-01-29 14:00:04,562 DEBUG c.h.helmcharts.util.CertificatesUtil - .....+.+..+.......+..+.+++++++++++++++++++++++++++++++++++++++++++++++++++++++++++++++++*......+...+...+....+.........+.....+..........+..+...+.........+.............+..+++++++++++++++++++++++++++++++++++++++++++++++++++++++++++++++++*......+............+.+.....+...+.......+.....+............+.......+......+.....+...+.+...+..................+..+......+......+.+..+.......+...+..+..................+.+..+....+.........+.....+.+.........+......+........+..................+..........+..+......+....+........+...+..........+.........+...........+.........+.+......+...+.................+...+.......+..................+......+.....+.......+...+..+.......+...........+.+..............+.+...+............+......+...+.....+......+...............+.+............+..+.+..+.......+........+...............+.+.....+..........+...............+......+...+..+.+.....+...+.+...+........+...+......+....+......+...........+...+.+.....................+..+................+......+.....+...+.......+.....+...................+.........+.....+...............+......+.......+.........+.........+.........+..+..........+......+.................+.......+...+..+......+...+.......+............+...+........+.+........+.+......+.....+...+......+...................+...+.....+.........+...+++++++++++++++++++++++++++++++++++++++++++++++++++++++++++++++++
2025-01-29 14:00:04,597 DEBUG c.h.helmcharts.util.CertificatesUtil - .+......+.....+.+.....+...+++++++++++++++++++++++++++++++++++++++++++++++++++++++++++++++++*.....+.......+...............+...+..............+......+....+...+...+...+++++++++++++++++++++++++++++++++++++++++++++++++++++++++++++++++*......+.+.........+..+....+++++++++++++++++++++++++++++++++++++++++++++++++++++++++++++++++
2025-01-29 14:00:04,600 DEBUG c.h.helmcharts.util.CertificatesUtil - -----
2025-01-29 14:00:04,625 DEBUG c.h.helmcharts.util.CertificatesUtil - Certificate request self-signature ok
2025-01-29 14:00:04,625 DEBUG c.h.helmcharts.util.CertificatesUtil - subject=C = CA, CN = secure-service-platform.default.svc
2025-01-29 14:00:04,629 DEBUG c.h.helmcharts.util.CertificatesUtil - >> Generating keystore and truststore files
2025-01-29 14:00:04,760 DEBUG c.h.helmcharts.util.CertificatesUtil - Importing keystore key.pkcs12 to keystore.jks...
2025-01-29 14:00:04,893 DEBUG c.h.helmcharts.util.CertificatesUtil - Entry for alias 1 successfully imported.
2025-01-29 14:00:04,901 DEBUG c.h.helmcharts.util.CertificatesUtil - Import command completed:  1 entries successfully imported, 0 entries failed or cancelled
2025-01-29 14:00:04,908 DEBUG c.h.helmcharts.util.CertificatesUtil - 
2025-01-29 14:00:04,908 DEBUG c.h.helmcharts.util.CertificatesUtil - Warning:
2025-01-29 14:00:04,908 DEBUG c.h.helmcharts.util.CertificatesUtil - The JKS keystore uses a proprietary format. It is recommended to migrate to PKCS12 which is an industry standard format using "keytool -importkeystore -srckeystore keystore.jks -destkeystore keystore.jks -deststoretype pkcs12".
2025-01-29 14:00:05,158 DEBUG c.h.helmcharts.util.CertificatesUtil - Certificate stored in file <secure-service-platform.pem>
2025-01-29 14:00:05,331 DEBUG c.h.helmcharts.util.CertificatesUtil - Certificate was added to keystore
2025-01-29 14:00:05,764 DEBUG c.h.helmcharts.util.CertificatesUtil - Certificate was added to keystore
2025-01-29 14:00:06,043 DEBUG c.h.helmcharts.util.CertificatesUtil - >> Create client certificates
2025-01-29 14:00:06,084 DEBUG c.h.helmcharts.util.CertificatesUtil - ...+..........+++++++++++++++++++++++++++++++++++++++++++++++++++++++++++++++++*..+.+...+...+..+.+...............+.....+....+...+++++++++++++++++++++++++++++++++++++++++++++++++++++++++++++++++*..+...+.+.....+...+...+.............+..+...+................+...+..+....+..+++++++++++++++++++++++++++++++++++++++++++++++++++++++++++++++++
2025-01-29 14:00:06,179 DEBUG c.h.helmcharts.util.CertificatesUtil - ..+..+.+...+...........+...+.+..+...+....+...+.....+...+......+................+...+..+.......+..+...+.+++++++++++++++++++++++++++++++++++++++++++++++++++++++++++++++++*....+..+...+.........+.+..+.......+.....+.+............+.....+.+++++++++++++++++++++++++++++++++++++++++++++++++++++++++++++++++*........+.......+.....+......+......+.........+......+......+....+......+..+...+.............+.....+....+..+...+..........+......+............+.....+.............+...........+...+.+.....+................+.....+......+.......+.....+..........+......+.....+.+...........+....+......+..+.+.....+..........+......+.....+...+......+.+...+..................+..+++++++++++++++++++++++++++++++++++++++++++++++++++++++++++++++++
2025-01-29 14:00:06,182 DEBUG c.h.helmcharts.util.CertificatesUtil - -----
2025-01-29 14:00:06,209 DEBUG c.h.helmcharts.util.CertificatesUtil - >> Import the certificates
2025-01-29 14:00:06,500 DEBUG c.h.helmcharts.util.CertificatesUtil - Certificate was added to keystore
2025-01-29 14:00:06,695 DEBUG c.h.h.t.HelmChartContainer - Executing helm command: /bin/helm --kubeconfig /etc/rancher/k3s/k3s.yaml install test-hivemq-platform /charts/hivemq-platform --wait --timeout 5m0s --set image.repository=docker.io/hivemq --set image.tag=4.36.0 --set image.pullPolicy=Never --set nodes.resources.cpu=512m -f /files/tls-ws-values.yaml --namespace helmwebsocketsit
2025-01-29 14:00:06,990 INFO c.h.h.t.HelmChartContainer - [hivemq-test-hivemq-platform] [hivemq-platform-operator] [cf97f983] 14:00:06.922 [-373097727-pool-1-thread-1] WARN  i.m.p.PrometheusMeterRegistry - The meter (MeterId{name='operator.sdk.events.received', tags=[tag(action=ADDED),tag(event=ResourceEvent),tag(group=hivemq.com),tag(kind=HiveMQPlatform),tag(name=test-hivemq-platform),tag(namespace=helmwebsocketsit),tag(scope=namespace),tag(version=v1)]}) registration has failed: Prometheus requires that all meters with the same name have the same set of tag keys. There is already an existing meter named 'operator.sdk.events.received' containing tag keys [event, group, kind, name, namespace, scope, version]. The meter you are attempting to register has keys [action, event, group, kind, name, namespace, scope, version]. Note that subsequent logs will be logged at debug level.
2025-01-29 14:00:07,490 INFO c.h.h.t.HelmChartContainer - [hivemq-test-hivemq-platform] [hivemq-platform-operator] [cf97f983] 14:00:07.487 [pool-6-thread-3] DEBUG c.h.p.o.dependants.PodInfoConfigMap - [helmwebs] Desired PodInfo ConfigMap (1 extensions) (1 enabled)
2025-01-29 14:00:07,491 INFO c.h.h.t.HelmChartContainer - [hivemq-test-hivemq-platform] [hivemq-platform-operator] [cf97f983] 14:00:07.488 [pool-6-thread-3] DEBUG c.h.p.o.dependants.PodInfoConfigMap - [helmwebs] Desired PodInfo ConfigMap (metrics port: 9399) (metrics path: /)
2025-01-29 14:00:07,491 INFO c.h.h.t.HelmChartContainer - [hivemq-test-hivemq-platform] [hivemq-platform-operator] [cf97f983] 14:00:07.488 [pool-6-thread-3] DEBUG c.h.p.o.dependants.PodInfoConfigMap - [helmwebs] Desired PodInfo ConfigMap (extension state hash: -1817474005)
2025-01-29 14:00:07,491 INFO c.h.h.t.HelmChartContainer - [hivemq-test-hivemq-platform] [hivemq-platform-operator] [cf97f983] 14:00:07.489 [pool-6-thread-3] DEBUG c.h.p.o.dependants.PodInfoConfigMap - [helmwebs] Create PodInfo ConfigMap
2025-01-29 14:00:07,596 INFO c.h.h.t.HelmChartContainer - [hivemq-test-hivemq-platform] [hivemq-platform-operator] [cf97f983] 14:00:07.593 [pool-6-thread-5] DEBUG c.h.p.o.dependants.PodRoleResource - [helmwebs] Create Role: Role(apiVersion=rbac.authorization.k8s.io/v1, kind=Role, metadata=ObjectMeta(annotations={meta.helm.sh/release-name=test-hivemq-platform, meta.helm.sh/release-namespace=helmwebsocketsit}, creationTimestamp=null, deletionGracePeriodSeconds=null, deletionTimestamp=null, finalizers=[], generateName=null, generation=null, labels={helm.sh/chart=hivemq-platform-0.2.32, app.kubernetes.io/managed-by=Helm, app.kubernetes.io/name=hivemq-platform, hivemq-platform=test-hivemq-platform, app.kubernetes.io/instance=test-hivemq-platform, app.kubernetes.io/version=4.36.0}, managedFields=[], name=hivemq-platform-role-test-hivemq-platform, namespace=helmwebsocketsit, ownerReferences=[OwnerReference(apiVersion=hivemq.com/v1, blockOwnerDeletion=null, controller=null, kind=HiveMQPlatform, name=test-hivemq-platform, uid=8c24b838-4189-4855-8b79-01a693d867fc, additionalProperties={})], resourceVersion=null, selfLink=null, uid=null, additionalProperties={}), rules=[PolicyRule(apiGroups=[], nonResourceURLs=[], resourceNames=[], resources=[pods], verbs=[get, patch, update], additionalProperties={})], additionalProperties={})
2025-01-29 14:00:07,711 INFO c.h.h.t.HelmChartContainer - [hivemq-test-hivemq-platform] [hivemq-platform-operator] [cf97f983] 14:00:07.705 [pool-6-thread-7] DEBUG c.h.p.o.d.PodServiceAccountResource - [helmwebs] Desired PodServiceAccountResource (serviceAccountName: hivemq-platform-pod-test-hivemq-platform)
2025-01-29 14:00:07,711 INFO c.h.h.t.HelmChartContainer - [hivemq-test-hivemq-platform] [hivemq-platform-operator] [cf97f983] 14:00:07.709 [pool-6-thread-7] DEBUG c.h.p.o.d.PodServiceAccountResource - [helmwebs] Create ServiceAccount 'hivemq-platform-pod-test-hivemq-platform'
2025-01-29 14:00:07,891 INFO c.h.h.t.HelmChartContainer - [hivemq-test-hivemq-platform] [hivemq-platform-operator] [cf97f983] 14:00:07.890 [pool-6-thread-10] DEBUG c.h.p.o.d.PodRoleBindingResource - [helmwebs] Create RoleBinding: RoleBinding(apiVersion=rbac.authorization.k8s.io/v1, kind=RoleBinding, metadata=ObjectMeta(annotations={meta.helm.sh/release-name=test-hivemq-platform, meta.helm.sh/release-namespace=helmwebsocketsit}, creationTimestamp=null, deletionGracePeriodSeconds=null, deletionTimestamp=null, finalizers=[], generateName=null, generation=null, labels={helm.sh/chart=hivemq-platform-0.2.32, app.kubernetes.io/managed-by=Helm, app.kubernetes.io/name=hivemq-platform, hivemq-platform=test-hivemq-platform, app.kubernetes.io/instance=test-hivemq-platform, app.kubernetes.io/version=4.36.0}, managedFields=[], name=hivemq-platform-role-binding-test-hivemq-platform, namespace=helmwebsocketsit, ownerReferences=[OwnerReference(apiVersion=hivemq.com/v1, blockOwnerDeletion=null, controller=null, kind=HiveMQPlatform, name=test-hivemq-platform, uid=8c24b838-4189-4855-8b79-01a693d867fc, additionalProperties={})], resourceVersion=null, selfLink=null, uid=null, additionalProperties={}), roleRef=RoleRef(apiGroup=rbac.authorization.k8s.io, kind=Role, name=hivemq-platform-role-test-hivemq-platform, additionalProperties={}), subjects=[Subject(apiGroup=null, kind=ServiceAccount, name=hivemq-platform-pod-test-hivemq-platform, namespace=helmwebsocketsit, additionalProperties={})], additionalProperties={})
2025-01-29 14:00:07,985 INFO c.h.h.t.HelmChartContainer - [hivemq-test-hivemq-platform] [hivemq-platform-operator] [cf97f983] 14:00:07.984 [ReconcilerExecutor-hivemq-controller-52] INFO  c.h.p.o.HiveMQPlatformReconciler - [helmwebs] Reconciling HiveMQ Platform 'test-hivemq-platform' in namespace 'helmwebsocketsit'
2025-01-29 14:00:07,986 INFO c.h.h.t.HelmChartContainer - [hivemq-test-hivemq-platform] [hivemq-platform-operator] [cf97f983] 14:00:07.984 [ReconcilerExecutor-hivemq-controller-52] DEBUG c.h.p.o.HiveMQPlatformReconciler - [helmwebs] Custom Resource Status CREATED - HiveMQ Platform was created (READY)
2025-01-29 14:00:07,986 INFO c.h.h.t.HelmChartContainer - [hivemq-test-hivemq-platform] [hivemq-platform-operator] [cf97f983] 14:00:07.984 [ReconcilerExecutor-hivemq-controller-52] DEBUG c.h.p.o.HiveMQPlatformReconciler - [helmwebs] Custom Resource Spec (replicas: 1) (extensions: 1)
2025-01-29 14:00:07,990 INFO c.h.h.t.HelmChartContainer - [hivemq-test-hivemq-platform] [hivemq-platform-operator] [cf97f983] 14:00:07.989 [ReconcilerExecutor-hivemq-controller-52] INFO  c.h.p.o.h.HiveMQPlatformReconcilerBaseHandler - [helmwebs] HiveMQ Platform is starting
2025-01-29 14:00:08,096 INFO c.h.h.t.HelmChartContainer - [hivemq-test-hivemq-platform] [hivemq-platform-operator] [cf97f983] 14:00:08.095 [ReconcilerExecutor-hivemq-controller-52] DEBUG c.h.p.operator.event.EventSender - [helmwebs] Creating K8s event hivemq-platform-starting: [Start] HiveMQ Platform is starting
2025-01-29 14:00:08,104 INFO c.h.h.t.HelmChartContainer - [EVENT] Normal [Start] HiveMQ Platform is starting [helmwebsocketsit:test-hivemq-platform]
2025-01-29 14:00:08,185 INFO c.h.h.t.HelmChartContainer - [hivemq-test-hivemq-platform] [hivemq-platform-operator] [cf97f983] 14:00:08.184 [ReconcilerExecutor-hivemq-controller-52] INFO  c.h.p.o.h.AbstractHiveMQReconcilerStateHandler - [helmwebs] Update HiveMQ Platform Status (CREATED [READY] -> STARTING [READY]): HiveMQ Platform is starting
2025-01-29 14:00:08,197 DEBUG com.hivemq.helmcharts.util.K8sUtil - Comparing actual state 'STARTING' and waiting for 'RUNNING'
2025-01-29 14:00:18,211 INFO c.h.h.t.HelmChartContainer - [hivemq-test-hivemq-platform] [hivemq-platform-operator] [cf97f983] 14:00:18.207 [pool-6-thread-12] DEBUG c.h.p.o.d.PlatformServiceResource - [helmwebs] Desired Platform services (4 services)
2025-01-29 14:00:18,211 INFO c.h.h.t.HelmChartContainer - [hivemq-test-hivemq-platform] [hivemq-platform-operator] [cf97f983] 14:00:18.209 [pool-6-thread-13] DEBUG c.h.p.o.dependants.PodInfoConfigMap - [helmwebs] Desired PodInfo ConfigMap (1 extensions) (1 enabled)
2025-01-29 14:00:18,211 INFO c.h.h.t.HelmChartContainer - [hivemq-test-hivemq-platform] [hivemq-platform-operator] [cf97f983] 14:00:18.209 [pool-6-thread-13] DEBUG c.h.p.o.dependants.PodInfoConfigMap - [helmwebs] Desired PodInfo ConfigMap (metrics port: 9399) (metrics path: /)
2025-01-29 14:00:18,212 INFO c.h.h.t.HelmChartContainer - [hivemq-test-hivemq-platform] [hivemq-platform-operator] [cf97f983] 14:00:18.209 [pool-6-thread-13] DEBUG c.h.p.o.dependants.PodInfoConfigMap - [helmwebs] Desired PodInfo ConfigMap (extension state hash: -1817474005)
2025-01-29 14:00:18,216 INFO c.h.h.t.HelmChartContainer - [hivemq-test-hivemq-platform] [hivemq-platform-operator] [cf97f983] 14:00:18.215 [pool-6-thread-13] DEBUG c.h.p.o.dependants.PodInfoConfigMap - [helmwebs] Update PodInfo ConfigMap
2025-01-29 14:00:18,217 INFO c.h.h.t.HelmChartContainer - [hivemq-test-hivemq-platform] [hivemq-platform-operator] [cf97f983] 14:00:18.216 [pool-6-thread-17] DEBUG c.h.p.o.d.PodServiceAccountResource - [helmwebs] Desired PodServiceAccountResource (serviceAccountName: hivemq-platform-pod-test-hivemq-platform)
2025-01-29 14:00:18,295 INFO c.h.h.t.HelmChartContainer - [K3S] [alloc.go:330] "allocated clusterIPs" service="helmwebsocketsit/hivemq-test-hivemq-platform-metrics-9399" clusterIPs={"IPv4":"10.43.158.32"}
2025-01-29 14:00:18,399 INFO c.h.h.t.HelmChartContainer - [K3S] [alloc.go:330] "allocated clusterIPs" service="helmwebsocketsit/hivemq-test-hivemq-platform-ws-8004" clusterIPs={"IPv4":"10.43.8.130"}
2025-01-29 14:00:18,411 INFO c.h.h.t.HelmChartContainer - [K3S] [alloc.go:330] "allocated clusterIPs" service="helmwebsocketsit/hivemq-test-hivemq-platform-ws-8003" clusterIPs={"IPv4":"10.43.241.120"}
2025-01-29 14:00:18,492 INFO c.h.h.t.HelmChartContainer - [K3S] [alloc.go:330] "allocated clusterIPs" service="helmwebsocketsit/hivemq-test-hivemq-platform-ws-8002" clusterIPs={"IPv4":"10.43.150.56"}
2025-01-29 14:00:18,502 INFO c.h.h.t.HelmChartContainer - [hivemq-test-hivemq-platform] [hivemq-platform-operator] [cf97f983] 14:00:18.500 [pool-6-thread-20] DEBUG c.h.p.o.d.StatefulSetResource - [helmwebs] Desired StatefulSet (1 replicas) for status STARTING (READY)
2025-01-29 14:00:18,596 INFO c.h.h.t.HelmChartContainer - [hivemq-test-hivemq-platform] [hivemq-platform-operator] [cf97f983] 14:00:18.595 [pool-6-thread-20] DEBUG c.h.p.o.d.StatefulSetResource - [helmwebs] Create StatefulSet
2025-01-29 14:00:18,620 INFO c.h.h.t.HelmChartContainer - [POD] test-hivemq-platform-0 [75303c7f-231e-41b7-96b9-c624e9662130] in helmwebsocketsit was ADDED
2025-01-29 14:00:18,621 INFO c.h.h.t.HelmChartContainer - [EVENT] Normal [SuccessfulCreate] create Pod test-hivemq-platform-0 in StatefulSet test-hivemq-platform successful [helmwebsocketsit:test-hivemq-platform]
2025-01-29 14:00:18,626 INFO c.h.h.t.HelmChartContainer - [POD] test-hivemq-platform-0 [75303c7f-231e-41b7-96b9-c624e9662130] in helmwebsocketsit was MODIFIED
2025-01-29 14:00:18,628 INFO c.h.h.t.HelmChartContainer - [EVENT] Normal [Scheduled] Successfully assigned helmwebsocketsit/test-hivemq-platform-0 to 1ed3b785d818 [helmwebsocketsit:test-hivemq-platform-0]
2025-01-29 14:00:18,637 INFO c.h.h.t.HelmChartContainer - [POD] test-hivemq-platform-0 [75303c7f-231e-41b7-96b9-c624e9662130] in helmwebsocketsit was MODIFIED
2025-01-29 14:00:18,665 INFO c.h.h.t.HelmChartContainer - [K3S] [reconciler_common.go:251] "operationExecutor.VerifyControllerAttachedVolume started for volume \"pod-info\" (UniqueName: \"kubernetes.io/configmap/75303c7f-231e-41b7-96b9-c624e9662130-pod-info\") pod \"test-hivemq-platform-0\" (UID: \"75303c7f-231e-41b7-96b9-c624e9662130\") " pod="helmwebsocketsit/test-hivemq-platform-0"
2025-01-29 14:00:18,665 INFO c.h.h.t.HelmChartContainer - [K3S] [reconciler_common.go:251] "operationExecutor.VerifyControllerAttachedVolume started for volume \"kube-api-access-7lpxg\" (UniqueName: \"kubernetes.io/projected/75303c7f-231e-41b7-96b9-c624e9662130-kube-api-access-7lpxg\") pod \"test-hivemq-platform-0\" (UID: \"75303c7f-231e-41b7-96b9-c624e9662130\") " pod="helmwebsocketsit/test-hivemq-platform-0"
2025-01-29 14:00:18,666 INFO c.h.h.t.HelmChartContainer - [K3S] [reconciler_common.go:251] "operationExecutor.VerifyControllerAttachedVolume started for volume \"ws-keystore-8003\" (UniqueName: \"kubernetes.io/secret/75303c7f-231e-41b7-96b9-c624e9662130-ws-keystore-8003\") pod \"test-hivemq-platform-0\" (UID: \"75303c7f-231e-41b7-96b9-c624e9662130\") " pod="helmwebsocketsit/test-hivemq-platform-0"
2025-01-29 14:00:18,666 INFO c.h.h.t.HelmChartContainer - [K3S] [reconciler_common.go:251] "operationExecutor.VerifyControllerAttachedVolume started for volume \"ws-keystore-8004\" (UniqueName: \"kubernetes.io/secret/75303c7f-231e-41b7-96b9-c624e9662130-ws-keystore-8004\") pod \"test-hivemq-platform-0\" (UID: \"75303c7f-231e-41b7-96b9-c624e9662130\") " pod="helmwebsocketsit/test-hivemq-platform-0"
2025-01-29 14:00:18,666 INFO c.h.h.t.HelmChartContainer - [K3S] [reconciler_common.go:251] "operationExecutor.VerifyControllerAttachedVolume started for volume \"operator-init\" (UniqueName: \"kubernetes.io/empty-dir/75303c7f-231e-41b7-96b9-c624e9662130-operator-init\") pod \"test-hivemq-platform-0\" (UID: \"75303c7f-231e-41b7-96b9-c624e9662130\") " pod="helmwebsocketsit/test-hivemq-platform-0"
2025-01-29 14:00:18,666 INFO c.h.h.t.HelmChartContainer - [K3S] [reconciler_common.go:251] "operationExecutor.VerifyControllerAttachedVolume started for volume \"ws-truststore-8003\" (UniqueName: \"kubernetes.io/secret/75303c7f-231e-41b7-96b9-c624e9662130-ws-truststore-8003\") pod \"test-hivemq-platform-0\" (UID: \"75303c7f-231e-41b7-96b9-c624e9662130\") " pod="helmwebsocketsit/test-hivemq-platform-0"
2025-01-29 14:00:18,666 INFO c.h.h.t.HelmChartContainer - [K3S] [reconciler_common.go:251] "operationExecutor.VerifyControllerAttachedVolume started for volume \"ws-truststore-8004\" (UniqueName: \"kubernetes.io/secret/75303c7f-231e-41b7-96b9-c624e9662130-ws-truststore-8004\") pod \"test-hivemq-platform-0\" (UID: \"75303c7f-231e-41b7-96b9-c624e9662130\") " pod="helmwebsocketsit/test-hivemq-platform-0"
2025-01-29 14:00:18,666 INFO c.h.h.t.HelmChartContainer - [K3S] [reconciler_common.go:251] "operationExecutor.VerifyControllerAttachedVolume started for volume \"broker-configuration\" (UniqueName: \"kubernetes.io/configmap/75303c7f-231e-41b7-96b9-c624e9662130-broker-configuration\") pod \"test-hivemq-platform-0\" (UID: \"75303c7f-231e-41b7-96b9-c624e9662130\") " pod="helmwebsocketsit/test-hivemq-platform-0"
2025-01-29 14:00:18,796 INFO c.h.h.t.HelmChartContainer - [hivemq-test-hivemq-platform] [hivemq-platform-operator] [cf97f983] 14:00:18.793 [ReconcilerExecutor-hivemq-controller-63] INFO  c.h.p.o.HiveMQPlatformReconciler - [helmwebs] Reconciling HiveMQ Platform 'test-hivemq-platform' in namespace 'helmwebsocketsit'
2025-01-29 14:00:18,796 INFO c.h.h.t.HelmChartContainer - [hivemq-test-hivemq-platform] [hivemq-platform-operator] [cf97f983] 14:00:18.793 [ReconcilerExecutor-hivemq-controller-63] DEBUG c.h.p.o.HiveMQPlatformReconciler - [helmwebs] Custom Resource Status STARTING - HiveMQ Platform is starting (READY)
2025-01-29 14:00:18,796 INFO c.h.h.t.HelmChartContainer - [hivemq-test-hivemq-platform] [hivemq-platform-operator] [cf97f983] 14:00:18.794 [ReconcilerExecutor-hivemq-controller-63] DEBUG c.h.p.o.HiveMQPlatformReconciler - [helmwebs] Custom Resource Spec (replicas: 1) (extensions: 1)
2025-01-29 14:00:18,799 INFO c.h.h.t.HelmChartContainer - [hivemq-test-hivemq-platform] [hivemq-platform-operator] [cf97f983] 14:00:18.798 [ReconcilerExecutor-hivemq-controller-63] DEBUG c.h.p.o.HiveMQPlatformReconciler - [helmwebs] StatefulSet Status (revision: test-hivemq-platform-5fbbfcf999, replicas: 1, available: 0, ready: 0, current: 1, updated: 1)
2025-01-29 14:00:18,799 INFO c.h.h.t.HelmChartContainer - [hivemq-test-hivemq-platform] [hivemq-platform-operator] [cf97f983] 14:00:18.798 [ReconcilerExecutor-hivemq-controller-63] DEBUG c.h.p.o.HiveMQPlatformReconciler - [helmwebs] StatefulSet Spec (replicas: 1, init containers: 1, containers: 1, volumes: 7)
2025-01-29 14:00:18,892 INFO c.h.h.t.HelmChartContainer - [hivemq-test-hivemq-platform] [hivemq-platform-operator] [cf97f983] 14:00:18.891 [ReconcilerExecutor-hivemq-controller-63] DEBUG c.h.p.o.h.HiveMQPlatformReconcilerErrorHandler - [helmwebs] Pod 'test-hivemq-platform-0' phase Pending
2025-01-29 14:00:18,894 INFO c.h.h.t.HelmChartContainer - [hivemq-test-hivemq-platform] [hivemq-platform-operator] [cf97f983] 14:00:18.892 [ReconcilerExecutor-hivemq-controller-63] DEBUG c.h.p.o.h.HiveMQPlatformReconcilerErrorHandler - [helmwebs] Pod 'test-hivemq-platform-0' condition 'PodReadyToStartContainers': False
2025-01-29 14:00:18,894 INFO c.h.h.t.HelmChartContainer - [hivemq-test-hivemq-platform] [hivemq-platform-operator] [cf97f983] 14:00:18.892 [ReconcilerExecutor-hivemq-controller-63] DEBUG c.h.p.o.h.HiveMQPlatformReconcilerErrorHandler - [helmwebs] Pod 'test-hivemq-platform-0' condition 'Initialized': False
2025-01-29 14:00:18,894 INFO c.h.h.t.HelmChartContainer - [hivemq-test-hivemq-platform] [hivemq-platform-operator] [cf97f983] 14:00:18.892 [ReconcilerExecutor-hivemq-controller-63] DEBUG c.h.p.o.h.HiveMQPlatformReconcilerErrorHandler - [helmwebs] Pod 'test-hivemq-platform-0' condition 'Ready': False
2025-01-29 14:00:18,894 INFO c.h.h.t.HelmChartContainer - [hivemq-test-hivemq-platform] [hivemq-platform-operator] [cf97f983] 14:00:18.892 [ReconcilerExecutor-hivemq-controller-63] DEBUG c.h.p.o.h.HiveMQPlatformReconcilerErrorHandler - [helmwebs] Pod 'test-hivemq-platform-0' condition 'ContainersReady': False
2025-01-29 14:00:18,894 INFO c.h.h.t.HelmChartContainer - [hivemq-test-hivemq-platform] [hivemq-platform-operator] [cf97f983] 14:00:18.892 [ReconcilerExecutor-hivemq-controller-63] DEBUG c.h.p.o.h.HiveMQPlatformReconcilerErrorHandler - [helmwebs] Pod 'test-hivemq-platform-0' condition 'PodScheduled': True
2025-01-29 14:00:18,894 INFO c.h.h.t.HelmChartContainer - [hivemq-test-hivemq-platform] [hivemq-platform-operator] [cf97f983] 14:00:18.893 [ReconcilerExecutor-hivemq-controller-63] DEBUG c.h.p.o.h.HiveMQPlatformReconcilerErrorHandler - [helmwebs] Pod 'test-hivemq-platform-0' containerStatus 'hivemq' (started: false) (ready: false) (waiting: [PodInitializing] null)
2025-01-29 14:00:18,896 INFO c.h.h.t.HelmChartContainer - [hivemq-test-hivemq-platform] [hivemq-platform-operator] [cf97f983] 14:00:18.895 [ReconcilerExecutor-hivemq-controller-63] INFO  c.h.p.o.h.HiveMQPlatformReconcilerBaseHandler - [helmwebs] HiveMQ Platform is starting, 0 of 1 replicas are ready
2025-01-29 14:00:18,993 INFO c.h.h.t.HelmChartContainer - [hivemq-test-hivemq-platform] [hivemq-platform-operator] [cf97f983] 14:00:18.991 [pool-6-thread-22] DEBUG c.h.p.o.d.PlatformServiceResource - [helmwebs] Desired Platform services (4 services)
2025-01-29 14:00:18,997 INFO c.h.h.t.HelmChartContainer - [hivemq-test-hivemq-platform] [hivemq-platform-operator] [cf97f983] 14:00:18.996 [pool-6-thread-23] DEBUG c.h.p.o.dependants.PodInfoConfigMap - [helmwebs] Desired PodInfo ConfigMap (1 extensions) (1 enabled)
2025-01-29 14:00:18,998 INFO c.h.h.t.HelmChartContainer - [hivemq-test-hivemq-platform] [hivemq-platform-operator] [cf97f983] 14:00:18.997 [pool-6-thread-23] DEBUG c.h.p.o.dependants.PodInfoConfigMap - [helmwebs] Desired PodInfo ConfigMap (metrics port: 9399) (metrics path: /)
2025-01-29 14:00:19,000 INFO c.h.h.t.HelmChartContainer - [hivemq-test-hivemq-platform] [hivemq-platform-operator] [cf97f983] 14:00:18.998 [pool-6-thread-23] DEBUG c.h.p.o.dependants.PodInfoConfigMap - [helmwebs] Desired PodInfo ConfigMap (extension state hash: -1817474005)
2025-01-29 14:00:19,002 INFO c.h.h.t.HelmChartContainer - [hivemq-test-hivemq-platform] [hivemq-platform-operator] [cf97f983] 14:00:19.001 [pool-6-thread-27] DEBUG c.h.p.o.d.PodServiceAccountResource - [helmwebs] Desired PodServiceAccountResource (serviceAccountName: hivemq-platform-pod-test-hivemq-platform)
2025-01-29 14:00:19,028 INFO c.h.h.t.HelmChartContainer - [EVENT] Normal [Pulled] Container image "docker.io/hivemq/hivemq-platform-operator-init-test:snapshot" already present on machine [helmwebsocketsit:test-hivemq-platform-0]
2025-01-29 14:00:19,092 INFO c.h.h.t.HelmChartContainer - [hivemq-test-hivemq-platform] [hivemq-platform-operator] [cf97f983] 14:00:19.090 [pool-6-thread-30] DEBUG c.h.p.o.d.StatefulSetResource - [helmwebs] Desired StatefulSet (1 replicas) for status STARTING (READY)
2025-01-29 14:00:19,100 INFO c.h.h.t.HelmChartContainer - [hivemq-test-hivemq-platform] [hivemq-platform-operator] [cf97f983] 14:00:19.099 [ReconcilerExecutor-hivemq-controller-74] INFO  c.h.p.o.HiveMQPlatformReconciler - [helmwebs] Reconciling HiveMQ Platform 'test-hivemq-platform' in namespace 'helmwebsocketsit'
2025-01-29 14:00:19,100 INFO c.h.h.t.HelmChartContainer - [hivemq-test-hivemq-platform] [hivemq-platform-operator] [cf97f983] 14:00:19.099 [ReconcilerExecutor-hivemq-controller-74] DEBUG c.h.p.o.HiveMQPlatformReconciler - [helmwebs] Custom Resource Status STARTING - HiveMQ Platform is starting (READY)
2025-01-29 14:00:19,100 INFO c.h.h.t.HelmChartContainer - [hivemq-test-hivemq-platform] [hivemq-platform-operator] [cf97f983] 14:00:19.099 [ReconcilerExecutor-hivemq-controller-74] DEBUG c.h.p.o.HiveMQPlatformReconciler - [helmwebs] Custom Resource Spec (replicas: 1) (extensions: 1)
2025-01-29 14:00:19,104 INFO c.h.h.t.HelmChartContainer - [hivemq-test-hivemq-platform] [hivemq-platform-operator] [cf97f983] 14:00:19.102 [ReconcilerExecutor-hivemq-controller-74] DEBUG c.h.p.o.HiveMQPlatformReconciler - [helmwebs] StatefulSet Status (revision: test-hivemq-platform-5fbbfcf999, replicas: 1, available: 0, ready: 0, current: 1, updated: 1)
2025-01-29 14:00:19,104 INFO c.h.h.t.HelmChartContainer - [hivemq-test-hivemq-platform] [hivemq-platform-operator] [cf97f983] 14:00:19.103 [ReconcilerExecutor-hivemq-controller-74] DEBUG c.h.p.o.HiveMQPlatformReconciler - [helmwebs] StatefulSet Spec (replicas: 1, init containers: 1, containers: 1, volumes: 7)
2025-01-29 14:00:19,171 INFO c.h.h.t.HelmChartContainer - [EVENT] Normal [Created] Created container: hivemq-platform-operator-init [helmwebsocketsit:test-hivemq-platform-0]
2025-01-29 14:00:19,187 INFO c.h.h.t.HelmChartContainer - [hivemq-test-hivemq-platform] [hivemq-platform-operator] [cf97f983] 14:00:19.186 [ReconcilerExecutor-hivemq-controller-74] DEBUG c.h.p.o.h.HiveMQPlatformReconcilerErrorHandler - [helmwebs] Pod 'test-hivemq-platform-0' phase Pending
2025-01-29 14:00:19,188 INFO c.h.h.t.HelmChartContainer - [hivemq-test-hivemq-platform] [hivemq-platform-operator] [cf97f983] 14:00:19.186 [ReconcilerExecutor-hivemq-controller-74] DEBUG c.h.p.o.h.HiveMQPlatformReconcilerErrorHandler - [helmwebs] Pod 'test-hivemq-platform-0' condition 'PodReadyToStartContainers': False
2025-01-29 14:00:19,188 INFO c.h.h.t.HelmChartContainer - [hivemq-test-hivemq-platform] [hivemq-platform-operator] [cf97f983] 14:00:19.186 [ReconcilerExecutor-hivemq-controller-74] DEBUG c.h.p.o.h.HiveMQPlatformReconcilerErrorHandler - [helmwebs] Pod 'test-hivemq-platform-0' condition 'Initialized': False
2025-01-29 14:00:19,188 INFO c.h.h.t.HelmChartContainer - [hivemq-test-hivemq-platform] [hivemq-platform-operator] [cf97f983] 14:00:19.186 [ReconcilerExecutor-hivemq-controller-74] DEBUG c.h.p.o.h.HiveMQPlatformReconcilerErrorHandler - [helmwebs] Pod 'test-hivemq-platform-0' condition 'Ready': False
2025-01-29 14:00:19,188 INFO c.h.h.t.HelmChartContainer - [hivemq-test-hivemq-platform] [hivemq-platform-operator] [cf97f983] 14:00:19.186 [ReconcilerExecutor-hivemq-controller-74] DEBUG c.h.p.o.h.HiveMQPlatformReconcilerErrorHandler - [helmwebs] Pod 'test-hivemq-platform-0' condition 'ContainersReady': False
2025-01-29 14:00:19,188 INFO c.h.h.t.HelmChartContainer - [hivemq-test-hivemq-platform] [hivemq-platform-operator] [cf97f983] 14:00:19.187 [ReconcilerExecutor-hivemq-controller-74] DEBUG c.h.p.o.h.HiveMQPlatformReconcilerErrorHandler - [helmwebs] Pod 'test-hivemq-platform-0' condition 'PodScheduled': True
2025-01-29 14:00:19,188 INFO c.h.h.t.HelmChartContainer - [hivemq-test-hivemq-platform] [hivemq-platform-operator] [cf97f983] 14:00:19.187 [ReconcilerExecutor-hivemq-controller-74] DEBUG c.h.p.o.h.HiveMQPlatformReconcilerErrorHandler - [helmwebs] Pod 'test-hivemq-platform-0' containerStatus 'hivemq' (started: false) (ready: false) (waiting: [PodInitializing] null)
2025-01-29 14:00:19,189 INFO c.h.h.t.HelmChartContainer - [hivemq-test-hivemq-platform] [hivemq-platform-operator] [cf97f983] 14:00:19.188 [ReconcilerExecutor-hivemq-controller-74] INFO  c.h.p.o.h.HiveMQPlatformReconcilerBaseHandler - [helmwebs] HiveMQ Platform is starting, 0 of 1 replicas are ready
2025-01-29 14:00:19,211 INFO c.h.h.t.HelmChartContainer - [EVENT] Normal [Started] Started container hivemq-platform-operator-init [helmwebsocketsit:test-hivemq-platform-0]
2025-01-29 14:00:19,570 INFO c.h.h.t.HelmChartContainer - [EVENT] Normal [Pulled] Container image "docker.io/hivemq/hivemq4:4.36.0" already present on machine [helmwebsocketsit:test-hivemq-platform-0]
2025-01-29 14:00:19,570 INFO c.h.h.t.HelmChartContainer - Received Pulled event for container hivemq in pod test-hivemq-platform-0 [75303c7f-231e-41b7-96b9-c624e9662130]
2025-01-29 14:00:19,582 INFO c.h.h.t.HelmChartContainer - [POD] test-hivemq-platform-0 [75303c7f-231e-41b7-96b9-c624e9662130] in helmwebsocketsit was MODIFIED
2025-01-29 14:00:19,609 INFO c.h.h.t.HelmChartContainer - [hivemq-test-hivemq-platform] [hivemq-platform-operator] [cf97f983] 14:00:19.596 [pool-6-thread-32] DEBUG c.h.p.o.d.PlatformServiceResource - [helmwebs] Desired Platform services (4 services)
2025-01-29 14:00:19,609 INFO c.h.h.t.HelmChartContainer - [hivemq-test-hivemq-platform] [hivemq-platform-operator] [cf97f983] 14:00:19.598 [pool-6-thread-33] DEBUG c.h.p.o.dependants.PodInfoConfigMap - [helmwebs] Desired PodInfo ConfigMap (1 extensions) (1 enabled)
2025-01-29 14:00:19,609 INFO c.h.h.t.HelmChartContainer - [hivemq-test-hivemq-platform] [hivemq-platform-operator] [cf97f983] 14:00:19.598 [pool-6-thread-33] DEBUG c.h.p.o.dependants.PodInfoConfigMap - [helmwebs] Desired PodInfo ConfigMap (metrics port: 9399) (metrics path: /)
2025-01-29 14:00:19,609 INFO c.h.h.t.HelmChartContainer - [hivemq-test-hivemq-platform] [hivemq-platform-operator] [cf97f983] 14:00:19.598 [pool-6-thread-33] DEBUG c.h.p.o.dependants.PodInfoConfigMap - [helmwebs] Desired PodInfo ConfigMap (extension state hash: -1817474005)
2025-01-29 14:00:19,609 INFO c.h.h.t.HelmChartContainer - [hivemq-test-hivemq-platform] [hivemq-platform-operator] [cf97f983] 14:00:19.604 [pool-6-thread-37] DEBUG c.h.p.o.d.PodServiceAccountResource - [helmwebs] Desired PodServiceAccountResource (serviceAccountName: hivemq-platform-pod-test-hivemq-platform)
2025-01-29 14:00:19,688 INFO c.h.h.t.HelmChartContainer - [hivemq-test-hivemq-platform] [hivemq-platform-operator] [cf97f983] 14:00:19.686 [pool-6-thread-40] DEBUG c.h.p.o.d.StatefulSetResource - [helmwebs] Desired StatefulSet (1 replicas) for status STARTING (READY)
2025-01-29 14:00:19,694 INFO c.h.h.t.HelmChartContainer - [hivemq-test-hivemq-platform] [hivemq-platform-operator] [cf97f983] 14:00:19.693 [ReconcilerExecutor-hivemq-controller-85] INFO  c.h.p.o.HiveMQPlatformReconciler - [helmwebs] Reconciling HiveMQ Platform 'test-hivemq-platform' in namespace 'helmwebsocketsit'
2025-01-29 14:00:19,695 INFO c.h.h.t.HelmChartContainer - [hivemq-test-hivemq-platform] [hivemq-platform-operator] [cf97f983] 14:00:19.693 [ReconcilerExecutor-hivemq-controller-85] DEBUG c.h.p.o.HiveMQPlatformReconciler - [helmwebs] Custom Resource Status STARTING - HiveMQ Platform is starting (READY)
2025-01-29 14:00:19,695 INFO c.h.h.t.HelmChartContainer - [hivemq-test-hivemq-platform] [hivemq-platform-operator] [cf97f983] 14:00:19.693 [ReconcilerExecutor-hivemq-controller-85] DEBUG c.h.p.o.HiveMQPlatformReconciler - [helmwebs] Custom Resource Spec (replicas: 1) (extensions: 1)
2025-01-29 14:00:19,699 INFO c.h.h.t.HelmChartContainer - [hivemq-test-hivemq-platform] [hivemq-platform-operator] [cf97f983] 14:00:19.697 [ReconcilerExecutor-hivemq-controller-85] DEBUG c.h.p.o.HiveMQPlatformReconciler - [helmwebs] StatefulSet Status (revision: test-hivemq-platform-5fbbfcf999, replicas: 1, available: 0, ready: 0, current: 1, updated: 1)
2025-01-29 14:00:19,699 INFO c.h.h.t.HelmChartContainer - [hivemq-test-hivemq-platform] [hivemq-platform-operator] [cf97f983] 14:00:19.698 [ReconcilerExecutor-hivemq-controller-85] DEBUG c.h.p.o.HiveMQPlatformReconciler - [helmwebs] StatefulSet Spec (replicas: 1, init containers: 1, containers: 1, volumes: 7)
2025-01-29 14:00:19,748 INFO c.h.h.t.HelmChartContainer - [hivemq-test-hivemq-platform] [hivemq-platform-operator] [cf97f983] 14:00:19.747 [ReconcilerExecutor-hivemq-controller-85] DEBUG c.h.p.o.h.HiveMQPlatformReconcilerErrorHandler - [helmwebs] Pod 'test-hivemq-platform-0' phase Pending
2025-01-29 14:00:19,749 INFO c.h.h.t.HelmChartContainer - [hivemq-test-hivemq-platform] [hivemq-platform-operator] [cf97f983] 14:00:19.747 [ReconcilerExecutor-hivemq-controller-85] DEBUG c.h.p.o.h.HiveMQPlatformReconcilerErrorHandler - [helmwebs] Pod 'test-hivemq-platform-0' condition 'PodReadyToStartContainers': True
2025-01-29 14:00:19,749 INFO c.h.h.t.HelmChartContainer - [hivemq-test-hivemq-platform] [hivemq-platform-operator] [cf97f983] 14:00:19.747 [ReconcilerExecutor-hivemq-controller-85] DEBUG c.h.p.o.h.HiveMQPlatformReconcilerErrorHandler - [helmwebs] Pod 'test-hivemq-platform-0' condition 'Initialized': True
2025-01-29 14:00:19,749 INFO c.h.h.t.HelmChartContainer - [hivemq-test-hivemq-platform] [hivemq-platform-operator] [cf97f983] 14:00:19.748 [ReconcilerExecutor-hivemq-controller-85] DEBUG c.h.p.o.h.HiveMQPlatformReconcilerErrorHandler - [helmwebs] Pod 'test-hivemq-platform-0' condition 'Ready': False
2025-01-29 14:00:19,749 INFO c.h.h.t.HelmChartContainer - [hivemq-test-hivemq-platform] [hivemq-platform-operator] [cf97f983] 14:00:19.748 [ReconcilerExecutor-hivemq-controller-85] DEBUG c.h.p.o.h.HiveMQPlatformReconcilerErrorHandler - [helmwebs] Pod 'test-hivemq-platform-0' condition 'ContainersReady': False
2025-01-29 14:00:19,749 INFO c.h.h.t.HelmChartContainer - [hivemq-test-hivemq-platform] [hivemq-platform-operator] [cf97f983] 14:00:19.748 [ReconcilerExecutor-hivemq-controller-85] DEBUG c.h.p.o.h.HiveMQPlatformReconcilerErrorHandler - [helmwebs] Pod 'test-hivemq-platform-0' condition 'PodScheduled': True
2025-01-29 14:00:19,749 INFO c.h.h.t.HelmChartContainer - [hivemq-test-hivemq-platform] [hivemq-platform-operator] [cf97f983] 14:00:19.748 [ReconcilerExecutor-hivemq-controller-85] DEBUG c.h.p.o.h.HiveMQPlatformReconcilerErrorHandler - [helmwebs] Pod 'test-hivemq-platform-0' containerStatus 'hivemq' (started: false) (ready: false) (waiting: [PodInitializing] null)
2025-01-29 14:00:19,785 INFO c.h.h.t.HelmChartContainer - [hivemq-test-hivemq-platform] [hivemq-platform-operator] [cf97f983] 14:00:19.750 [ReconcilerExecutor-hivemq-controller-85] INFO  c.h.p.o.h.HiveMQPlatformReconcilerBaseHandler - [helmwebs] HiveMQ Platform is starting, 0 of 1 replicas are ready
2025-01-29 14:00:20,732 INFO c.h.h.t.HelmChartContainer - [EVENT] Normal [Created] Created container: hivemq [helmwebsocketsit:test-hivemq-platform-0]
2025-01-29 14:00:20,732 INFO c.h.h.t.HelmChartContainer - Received Created event for container hivemq in pod test-hivemq-platform-0 [75303c7f-231e-41b7-96b9-c624e9662130]
2025-01-29 14:00:21,585 INFO c.h.h.t.HelmChartContainer - [POD] test-hivemq-platform-0 [75303c7f-231e-41b7-96b9-c624e9662130] in helmwebsocketsit was MODIFIED
2025-01-29 14:00:21,602 INFO c.h.h.t.HelmChartContainer - [EVENT] Normal [Started] Started container hivemq [helmwebsocketsit:test-hivemq-platform-0]
2025-01-29 14:00:21,602 INFO c.h.h.t.HelmChartContainer - Received Started event for container hivemq in pod test-hivemq-platform-0 [75303c7f-231e-41b7-96b9-c624e9662130]
2025-01-29 14:00:21,602 INFO c.h.h.t.HelmChartContainer - Started log watcher for hivemq in pod test-hivemq-platform-0 [75303c7f-231e-41b7-96b9-c624e9662130]
2025-01-29 14:00:21,603 INFO c.h.h.t.HelmChartContainer - [test-hivemq-platform] [hivemq] [75303c7f] Adding pre-installed HiveMQ Platform Operator extensions
2025-01-29 14:00:21,604 INFO c.h.h.t.HelmChartContainer - [test-hivemq-platform] [hivemq] [75303c7f] Running as user 10000
2025-01-29 14:00:21,604 INFO c.h.h.t.HelmChartContainer - [test-hivemq-platform] [hivemq] [75303c7f] Starting HiveMQ Platform Operator Init
2025-01-29 14:00:21,624 INFO c.h.h.t.HelmChartContainer - [hivemq-test-hivemq-platform] [hivemq-platform-operator] [cf97f983] 14:00:21.618 [pool-6-thread-42] DEBUG c.h.p.o.d.PlatformServiceResource - [helmwebs] Desired Platform services (4 services)
2025-01-29 14:00:21,649 INFO c.h.h.t.HelmChartContainer - [hivemq-test-hivemq-platform] [hivemq-platform-operator] [cf97f983] 14:00:21.648 [pool-6-thread-47] DEBUG c.h.p.o.d.PodServiceAccountResource - [helmwebs] Desired PodServiceAccountResource (serviceAccountName: hivemq-platform-pod-test-hivemq-platform)
2025-01-29 14:00:21,688 INFO c.h.h.t.HelmChartContainer - [hivemq-test-hivemq-platform] [hivemq-platform-operator] [cf97f983] 14:00:21.685 [pool-6-thread-43] DEBUG c.h.p.o.dependants.PodInfoConfigMap - [helmwebs] Desired PodInfo ConfigMap (1 extensions) (1 enabled)
2025-01-29 14:00:21,689 INFO c.h.h.t.HelmChartContainer - [hivemq-test-hivemq-platform] [hivemq-platform-operator] [cf97f983] 14:00:21.686 [pool-6-thread-43] DEBUG c.h.p.o.dependants.PodInfoConfigMap - [helmwebs] Desired PodInfo ConfigMap (metrics port: 9399) (metrics path: /)
2025-01-29 14:00:21,689 INFO c.h.h.t.HelmChartContainer - [hivemq-test-hivemq-platform] [hivemq-platform-operator] [cf97f983] 14:00:21.686 [pool-6-thread-43] DEBUG c.h.p.o.dependants.PodInfoConfigMap - [helmwebs] Desired PodInfo ConfigMap (extension state hash: -1817474005)
2025-01-29 14:00:21,695 INFO c.h.h.t.HelmChartContainer - [hivemq-test-hivemq-platform] [hivemq-platform-operator] [cf97f983] 14:00:21.693 [pool-6-thread-50] DEBUG c.h.p.o.d.StatefulSetResource - [helmwebs] Desired StatefulSet (1 replicas) for status STARTING (READY)
2025-01-29 14:00:21,702 INFO c.h.h.t.HelmChartContainer - [hivemq-test-hivemq-platform] [hivemq-platform-operator] [cf97f983] 14:00:21.700 [ReconcilerExecutor-hivemq-controller-96] INFO  c.h.p.o.HiveMQPlatformReconciler - [helmwebs] Reconciling HiveMQ Platform 'test-hivemq-platform' in namespace 'helmwebsocketsit'
2025-01-29 14:00:21,702 INFO c.h.h.t.HelmChartContainer - [hivemq-test-hivemq-platform] [hivemq-platform-operator] [cf97f983] 14:00:21.700 [ReconcilerExecutor-hivemq-controller-96] DEBUG c.h.p.o.HiveMQPlatformReconciler - [helmwebs] Custom Resource Status STARTING - HiveMQ Platform is starting (READY)
2025-01-29 14:00:21,703 INFO c.h.h.t.HelmChartContainer - [hivemq-test-hivemq-platform] [hivemq-platform-operator] [cf97f983] 14:00:21.701 [ReconcilerExecutor-hivemq-controller-96] DEBUG c.h.p.o.HiveMQPlatformReconciler - [helmwebs] Custom Resource Spec (replicas: 1) (extensions: 1)
2025-01-29 14:00:21,790 INFO c.h.h.t.HelmChartContainer - [hivemq-test-hivemq-platform] [hivemq-platform-operator] [cf97f983] 14:00:21.784 [ReconcilerExecutor-hivemq-controller-96] DEBUG c.h.p.o.HiveMQPlatformReconciler - [helmwebs] StatefulSet Status (revision: test-hivemq-platform-5fbbfcf999, replicas: 1, available: 0, ready: 0, current: 1, updated: 1)
2025-01-29 14:00:21,790 INFO c.h.h.t.HelmChartContainer - [hivemq-test-hivemq-platform] [hivemq-platform-operator] [cf97f983] 14:00:21.785 [ReconcilerExecutor-hivemq-controller-96] DEBUG c.h.p.o.HiveMQPlatformReconciler - [helmwebs] StatefulSet Spec (replicas: 1, init containers: 1, containers: 1, volumes: 7)
2025-01-29 14:00:21,790 INFO c.h.h.t.HelmChartContainer - [hivemq-test-hivemq-platform] [hivemq-platform-operator] [cf97f983] 14:00:21.789 [ReconcilerExecutor-hivemq-controller-96] DEBUG c.h.p.o.h.HiveMQPlatformReconcilerErrorHandler - [helmwebs] Pod 'test-hivemq-platform-0' phase Running
2025-01-29 14:00:21,792 INFO c.h.h.t.HelmChartContainer - [hivemq-test-hivemq-platform] [hivemq-platform-operator] [cf97f983] 14:00:21.791 [ReconcilerExecutor-hivemq-controller-96] INFO  c.h.p.o.h.HiveMQPlatformReconcilerBaseHandler - [helmwebs] HiveMQ Platform is starting, 0 of 1 replicas are ready
2025-01-29 14:00:22,015 INFO c.h.h.t.HelmChartContainer - [test-hivemq-platform] [hivemq] [75303c7f] INFO  - [HiveMQ Platform Operator Init 1.7.0-SNAPSHOT] HiveMQ Platform Operator Init 1.7.0-SNAPSHOT (commit: bebf408 on branch: HEAD) built on Sun Jan 26 20:47:47 UTC 2025
2025-01-29 14:00:23,117 INFO c.h.h.t.HelmChartContainer - [test-hivemq-platform] [hivemq] [75303c7f] INFO  - [HiveMQ Platform Operator Init App 1.7.0-SNAPSHOT] Using bind address 10.42.0.12 from environment variable
2025-01-29 14:00:24,016 INFO c.h.h.t.HelmChartContainer - [test-hivemq-platform] [hivemq] [75303c7f] INFO  - [HiveMQ Platform Operator Init App 1.7.0-SNAPSHOT] HiveMQ Platform Operator Init App 1.7.0-SNAPSHOT (commit: bebf408 on branch: HEAD) built on Sun Jan 26 20:47:47 UTC 2025
2025-01-29 14:00:24,016 INFO c.h.h.t.HelmChartContainer - [test-hivemq-platform] [hivemq] [75303c7f] INFO  - [HiveMQ Platform Operator Init App 1.7.0-SNAPSHOT] PodInfo ConfigMap directory: /etc/podinfo
2025-01-29 14:00:24,016 INFO c.h.h.t.HelmChartContainer - [test-hivemq-platform] [hivemq] [75303c7f] INFO  - [HiveMQ Platform Operator Init App 1.7.0-SNAPSHOT] HiveMQ home directory: /opt/hivemq
2025-01-29 14:00:24,016 INFO c.h.h.t.HelmChartContainer - [test-hivemq-platform] [hivemq] [75303c7f] INFO  - [HiveMQ Platform Operator Init App 1.7.0-SNAPSHOT] HiveMQ Logback folder: /opt/hivemq/conf
2025-01-29 14:00:24,016 INFO c.h.h.t.HelmChartContainer - [test-hivemq-platform] [hivemq] [75303c7f] INFO  - [HiveMQ Platform Operator Init App 1.7.0-SNAPSHOT] HiveMQ Config folder: /opt/hivemq/conf-k8s
2025-01-29 14:00:24,017 INFO c.h.h.t.HelmChartContainer - [test-hivemq-platform] [hivemq] [75303c7f] INFO  - [HiveMQ Platform Operator Init App 1.7.0-SNAPSHOT] Starting HiveMQ Platform Operator Init App
2025-01-29 14:00:24,017 INFO c.h.h.t.HelmChartContainer - [test-hivemq-platform] [hivemq] [75303c7f] INFO  - [HiveMQ Platform Operator Init App 1.7.0-SNAPSHOT] Starting Pod reconciler
2025-01-29 14:00:25,304 INFO c.h.h.t.HelmChartContainer - [test-hivemq-platform] [hivemq] [75303c7f] INFO  - [HiveMQ Platform Operator Init App 1.7.0-SNAPSHOT] Pod reconciler is scheduled (interval: 5000 ms)
2025-01-29 14:00:25,312 INFO c.h.h.t.HelmChartContainer - [test-hivemq-platform] [hivemq] [75303c7f] INFO  - [HiveMQ Platform Operator Init App 1.7.0-SNAPSHOT] Starting the REST API on 10.42.0.12:7979
2025-01-29 14:00:25,314 INFO c.h.h.t.HelmChartContainer - [test-hivemq-platform] [hivemq] [75303c7f] INFO  - [HiveMQ Platform Operator Init App 1.7.0-SNAPSHOT] Waiting up to 600s for at most 1 HiveMQ nodes in cluster service hivemq-test-hivemq-platform-cluster.helmwebsocketsit.svc
2025-01-29 14:00:25,688 INFO c.h.h.t.HelmChartContainer - [test-hivemq-platform] [hivemq] [75303c7f] INFO  - [HiveMQ Platform Operator Init App 1.7.0-SNAPSHOT] Resolved 1 IP addresses: [10.42.0.12]
2025-01-29 14:00:25,689 INFO c.h.h.t.HelmChartContainer - [test-hivemq-platform] [hivemq] [75303c7f] INFO  - [HiveMQ Platform Operator Init App 1.7.0-SNAPSHOT] HiveMQ node count of 1 is within threshold of 1
2025-01-29 14:00:25,689 INFO c.h.h.t.HelmChartContainer - [test-hivemq-platform] [hivemq] [75303c7f] INFO  - [HiveMQ Platform Operator Init App 1.7.0-SNAPSHOT] Proceeding with container start
2025-01-29 14:00:25,785 INFO c.h.h.t.HelmChartContainer - [test-hivemq-platform] [hivemq] [75303c7f] INFO  - [HiveMQ Platform Operator Init App 1.7.0-SNAPSHOT] Initializing HiveMQ Platform extensions with initial configuration: {hivemq-allow-all-extension={start-priority=-1, skip-https-hostname-verification=false, restart=true, config-version=0, header-version=0, c-uri=, priority=-1, uri=preinstalled, skip-https-certificate-validation=false, enabled=true}, hivemq-prometheus-extension={skip-https-hostname-verification=false, skip-https-certificate-validation=false, uri=preinstalled, request-header-path=no-request-headers, enabled=true, restart=true, priority=-1, start-priority=-1, c-uri=}}
2025-01-29 14:00:26,214 INFO c.h.h.t.HelmChartContainer - [test-hivemq-platform] [hivemq] [75303c7f] INFO  - [HiveMQ Platform Operator Init App 1.7.0-SNAPSHOT] Extension hivemq-allow-all-extension was already enabled
2025-01-29 14:00:26,283 INFO c.h.h.t.HelmChartContainer - [test-hivemq-platform] [hivemq] [75303c7f] INFO  - [HiveMQ Platform Operator Init App 1.7.0-SNAPSHOT] Successfully enabled extension hivemq-prometheus-extension
2025-01-29 14:00:26,285 INFO c.h.h.t.HelmChartContainer - [test-hivemq-platform] [hivemq] [75303c7f] INFO  - [HiveMQ Platform Operator Init App 1.7.0-SNAPSHOT] Starting HiveMQ Platform version 4.36.0 (4.36.0)
2025-01-29 14:00:26,286 INFO c.h.h.t.HelmChartContainer - [test-hivemq-platform] [hivemq] [75303c7f] INFO  - [HiveMQ Platform Operator Init App 1.7.0-SNAPSHOT] Configuring the HiveMQ Platform
2025-01-29 14:00:26,379 INFO c.h.h.t.HelmChartContainer - [test-hivemq-platform] [hivemq] [75303c7f] INFO  - [HiveMQ Platform Operator Init App 1.7.0-SNAPSHOT] Changed logback.xml file scan period to 20 seconds
2025-01-29 14:00:26,413 INFO c.h.h.t.HelmChartContainer - [test-hivemq-platform] [hivemq] [75303c7f] INFO  - [HiveMQ Platform Operator Init App 1.7.0-SNAPSHOT] Starting the HiveMQ Platform
2025-01-29 14:00:26,416 INFO c.h.h.t.HelmChartContainer - [test-hivemq-platform] [hivemq] [75303c7f] -------------------------------------------------------------------------
2025-01-29 14:00:26,416 INFO c.h.h.t.HelmChartContainer - [test-hivemq-platform] [hivemq] [75303c7f] 
2025-01-29 14:00:26,416 INFO c.h.h.t.HelmChartContainer - [test-hivemq-platform] [hivemq] [75303c7f]                   _    _  _              __  __   ____
2025-01-29 14:00:26,416 INFO c.h.h.t.HelmChartContainer - [test-hivemq-platform] [hivemq] [75303c7f]                  | |  | |(_)            |  \/  | / __ \
2025-01-29 14:00:26,416 INFO c.h.h.t.HelmChartContainer - [test-hivemq-platform] [hivemq] [75303c7f]                  | |__| | _ __   __ ___ | \  / || |  | |
2025-01-29 14:00:26,416 INFO c.h.h.t.HelmChartContainer - [test-hivemq-platform] [hivemq] [75303c7f]                  |  __  || |\ \ / // _ \| |\/| || |  | |
2025-01-29 14:00:26,416 INFO c.h.h.t.HelmChartContainer - [test-hivemq-platform] [hivemq] [75303c7f]                  | |  | || | \ V /|  __/| |  | || |__| |
2025-01-29 14:00:26,416 INFO c.h.h.t.HelmChartContainer - [test-hivemq-platform] [hivemq] [75303c7f]                  |_|  |_||_|  \_/  \___||_|  |_| \___\_\
2025-01-29 14:00:26,416 INFO c.h.h.t.HelmChartContainer - [test-hivemq-platform] [hivemq] [75303c7f] 
2025-01-29 14:00:26,416 INFO c.h.h.t.HelmChartContainer - [test-hivemq-platform] [hivemq] [75303c7f] -------------------------------------------------------------------------
2025-01-29 14:00:26,416 INFO c.h.h.t.HelmChartContainer - [test-hivemq-platform] [hivemq] [75303c7f] 
2025-01-29 14:00:26,417 INFO c.h.h.t.HelmChartContainer - [test-hivemq-platform] [hivemq] [75303c7f]   HiveMQ Start Script for Linux/Unix v1.14
2025-01-29 14:00:26,417 INFO c.h.h.t.HelmChartContainer - [test-hivemq-platform] [hivemq] [75303c7f] 
2025-01-29 14:00:26,504 INFO c.h.h.t.HelmChartContainer - [test-hivemq-platform] [hivemq] [75303c7f] -------------------------------------------------------------------------
2025-01-29 14:00:26,504 INFO c.h.h.t.HelmChartContainer - [test-hivemq-platform] [hivemq] [75303c7f] 
2025-01-29 14:00:26,504 INFO c.h.h.t.HelmChartContainer - [test-hivemq-platform] [hivemq] [75303c7f]   HIVEMQ_HOME: /opt/hivemq
2025-01-29 14:00:26,504 INFO c.h.h.t.HelmChartContainer - [test-hivemq-platform] [hivemq] [75303c7f] 
2025-01-29 14:00:26,504 INFO c.h.h.t.HelmChartContainer - [test-hivemq-platform] [hivemq] [75303c7f]   JAVA_OPTS: -XX:+UnlockExperimentalVMOptions -XX:InitialRAMPercentage=50 -XX:MaxRAMPercentage=50 -Djava.net.preferIPv4Stack=true --add-opens java.base/java.lang=ALL-UNNAMED --add-opens java.base/java.nio=ALL-UNNAMED --add-opens java.base/sun.nio.ch=ALL-UNNAMED --add-opens jdk.management/com.sun.management.internal=ALL-UNNAMED --add-exports java.base/jdk.internal.misc=ALL-UNNAMED -Djava.security.egd=file:/dev/./urandom -Dcom.sun.management.jmxremote -Dcom.sun.management.jmxremote.port=9010 -Dcom.sun.management.jmxremote.local.only=false -Dcom.sun.management.jmxremote.authenticate=false -Dcom.sun.management.jmxremote.ssl=false -Duser.language=en -Duser.region=US -XX:+CrashOnOutOfMemoryError -XX:+HeapDumpOnOutOfMemoryError
2025-01-29 14:00:26,504 INFO c.h.h.t.HelmChartContainer - [test-hivemq-platform] [hivemq] [75303c7f] 
2025-01-29 14:00:26,504 INFO c.h.h.t.HelmChartContainer - [test-hivemq-platform] [hivemq] [75303c7f]   JAVA_VERSION: 21
2025-01-29 14:00:26,505 INFO c.h.h.t.HelmChartContainer - [test-hivemq-platform] [hivemq] [75303c7f] 
2025-01-29 14:00:26,505 INFO c.h.h.t.HelmChartContainer - [test-hivemq-platform] [hivemq] [75303c7f] -------------------------------------------------------------------------
2025-01-29 14:00:26,505 INFO c.h.h.t.HelmChartContainer - [test-hivemq-platform] [hivemq] [75303c7f] 
2025-01-29 14:00:27,586 INFO c.h.h.t.HelmChartContainer - [test-hivemq-platform] [hivemq] [75303c7f] INFO  - [HiveMQ Platform Operator Init App 1.7.0-SNAPSHOT] Returning default Health API response 503 for readiness
2025-01-29 14:00:27,983 INFO c.h.h.t.HelmChartContainer - [EVENT] Warning [Unhealthy] Readiness probe failed: HTTP probe failed with statuscode: 503 [helmwebsocketsit:test-hivemq-platform-0]
2025-01-29 14:00:27,983 INFO c.h.h.t.HelmChartContainer - Received Unhealthy event for container hivemq in pod test-hivemq-platform-0 [75303c7f-231e-41b7-96b9-c624e9662130]
2025-01-29 14:00:29,114 INFO c.h.h.t.HelmChartContainer - [test-hivemq-platform] [hivemq] [75303c7f] INFO  - Starting HiveMQ Enterprise Server
2025-01-29 14:00:29,179 INFO c.h.h.t.HelmChartContainer - [test-hivemq-platform] [hivemq] [75303c7f] INFO  - HiveMQ version: 4.36.0
2025-01-29 14:00:29,179 INFO c.h.h.t.HelmChartContainer - [test-hivemq-platform] [hivemq] [75303c7f] INFO  - HiveMQ home directory: /opt/hivemq
2025-01-29 14:00:29,179 INFO c.h.h.t.HelmChartContainer - [test-hivemq-platform] [hivemq] [75303c7f] INFO  - Log Configuration was overridden by /opt/hivemq/conf/logback.xml
2025-01-29 14:00:30,378 INFO c.h.h.t.HelmChartContainer - [test-hivemq-platform] [hivemq] [75303c7f] INFO  - Successfully loaded configuration from '/opt/hivemq/conf-k8s/config.xml'.
2025-01-29 14:00:31,088 INFO c.h.h.t.HelmChartContainer - [test-hivemq-platform] [hivemq] [75303c7f] INFO  - This node's ID is zVET3
2025-01-29 14:00:31,088 INFO c.h.h.t.HelmChartContainer - [test-hivemq-platform] [hivemq] [75303c7f] INFO  - Clustering is enabled
2025-01-29 14:00:31,803 INFO c.h.h.t.HelmChartContainer - [hivemq-test-hivemq-platform] [hivemq-platform-operator] [cf97f983] 14:00:31.797 [pool-6-thread-9] DEBUG c.h.p.o.d.PlatformServiceResource - [helmwebs] Desired Platform services (4 services)
2025-01-29 14:00:31,803 INFO c.h.h.t.HelmChartContainer - [hivemq-test-hivemq-platform] [hivemq-platform-operator] [cf97f983] 14:00:31.798 [pool-6-thread-8] DEBUG c.h.p.o.dependants.PodInfoConfigMap - [helmwebs] Desired PodInfo ConfigMap (1 extensions) (1 enabled)
2025-01-29 14:00:31,803 INFO c.h.h.t.HelmChartContainer - [hivemq-test-hivemq-platform] [hivemq-platform-operator] [cf97f983] 14:00:31.799 [pool-6-thread-8] DEBUG c.h.p.o.dependants.PodInfoConfigMap - [helmwebs] Desired PodInfo ConfigMap (metrics port: 9399) (metrics path: /)
2025-01-29 14:00:31,804 INFO c.h.h.t.HelmChartContainer - [hivemq-test-hivemq-platform] [hivemq-platform-operator] [cf97f983] 14:00:31.800 [pool-6-thread-6] DEBUG c.h.p.o.d.PodServiceAccountResource - [helmwebs] Desired PodServiceAccountResource (serviceAccountName: hivemq-platform-pod-test-hivemq-platform)
2025-01-29 14:00:31,804 INFO c.h.h.t.HelmChartContainer - [hivemq-test-hivemq-platform] [hivemq-platform-operator] [cf97f983] 14:00:31.799 [pool-6-thread-8] DEBUG c.h.p.o.dependants.PodInfoConfigMap - [helmwebs] Desired PodInfo ConfigMap (extension state hash: -1817474005)
2025-01-29 14:00:31,809 INFO c.h.h.t.HelmChartContainer - [hivemq-test-hivemq-platform] [hivemq-platform-operator] [cf97f983] 14:00:31.808 [pool-6-thread-9] DEBUG c.h.p.o.d.StatefulSetResource - [helmwebs] Desired StatefulSet (1 replicas) for status STARTING (READY)
2025-01-29 14:00:31,891 INFO c.h.h.t.HelmChartContainer - [hivemq-test-hivemq-platform] [hivemq-platform-operator] [cf97f983] 14:00:31.890 [ReconcilerExecutor-hivemq-controller-107] INFO  c.h.p.o.HiveMQPlatformReconciler - [helmwebs] Reconciling HiveMQ Platform 'test-hivemq-platform' in namespace 'helmwebsocketsit'
2025-01-29 14:00:31,892 INFO c.h.h.t.HelmChartContainer - [hivemq-test-hivemq-platform] [hivemq-platform-operator] [cf97f983] 14:00:31.890 [ReconcilerExecutor-hivemq-controller-107] DEBUG c.h.p.o.HiveMQPlatformReconciler - [helmwebs] Custom Resource Status STARTING - HiveMQ Platform is starting (READY)
2025-01-29 14:00:31,892 INFO c.h.h.t.HelmChartContainer - [hivemq-test-hivemq-platform] [hivemq-platform-operator] [cf97f983] 14:00:31.890 [ReconcilerExecutor-hivemq-controller-107] DEBUG c.h.p.o.HiveMQPlatformReconciler - [helmwebs] Custom Resource Spec (replicas: 1) (extensions: 1)
2025-01-29 14:00:31,894 INFO c.h.h.t.HelmChartContainer - [hivemq-test-hivemq-platform] [hivemq-platform-operator] [cf97f983] 14:00:31.893 [ReconcilerExecutor-hivemq-controller-107] DEBUG c.h.p.o.HiveMQPlatformReconciler - [helmwebs] StatefulSet Status (revision: test-hivemq-platform-5fbbfcf999, replicas: 1, available: 0, ready: 0, current: 1, updated: 1)
2025-01-29 14:00:31,894 INFO c.h.h.t.HelmChartContainer - [hivemq-test-hivemq-platform] [hivemq-platform-operator] [cf97f983] 14:00:31.893 [ReconcilerExecutor-hivemq-controller-107] DEBUG c.h.p.o.HiveMQPlatformReconciler - [helmwebs] StatefulSet Spec (replicas: 1, init containers: 1, containers: 1, volumes: 7)
2025-01-29 14:00:31,896 INFO c.h.h.t.HelmChartContainer - [hivemq-test-hivemq-platform] [hivemq-platform-operator] [cf97f983] 14:00:31.895 [ReconcilerExecutor-hivemq-controller-107] DEBUG c.h.p.o.h.HiveMQPlatformReconcilerErrorHandler - [helmwebs] Pod 'test-hivemq-platform-0' phase Running
2025-01-29 14:00:31,897 INFO c.h.h.t.HelmChartContainer - [hivemq-test-hivemq-platform] [hivemq-platform-operator] [cf97f983] 14:00:31.896 [ReconcilerExecutor-hivemq-controller-107] INFO  c.h.p.o.h.HiveMQPlatformReconcilerBaseHandler - [helmwebs] HiveMQ Platform is starting, 0 of 1 replicas are ready
2025-01-29 14:00:33,082 INFO c.h.h.t.HelmChartContainer - [test-hivemq-platform] [hivemq] [75303c7f] WARN  - [HiveMQ Platform Operator Init App 1.7.0-SNAPSHOT] Cannot connect to Health API for readiness: null
2025-01-29 14:00:33,087 INFO c.h.h.t.HelmChartContainer - [EVENT] Warning [Unhealthy] Readiness probe failed: HTTP probe failed with statuscode: 503 [helmwebsocketsit:test-hivemq-platform-0]
2025-01-29 14:00:33,087 INFO c.h.h.t.HelmChartContainer - Received Unhealthy event for container hivemq in pod test-hivemq-platform-0 [75303c7f-231e-41b7-96b9-c624e9662130]
2025-01-29 14:00:35,581 INFO c.h.h.t.HelmChartContainer - [test-hivemq-platform] [hivemq] [75303c7f] Jan 29, 2025 2:00:35 PM io.vertx.core.impl.BlockedThreadChecker
2025-01-29 14:00:35,581 INFO c.h.h.t.HelmChartContainer - [test-hivemq-platform] [hivemq] [75303c7f] WARNING: Thread Thread[vert.x-eventloop-thread-1,5,main] has been blocked for 2202 ms, time limit is 2000 ms
2025-01-29 14:00:36,185 INFO c.h.h.t.HelmChartContainer - [test-hivemq-platform] [hivemq] [75303c7f] INFO  - [HiveMQ Platform Operator Init App 1.7.0-SNAPSHOT] Updating Pod HiveMQ Platform Operator Init App version annotation (version: 1.7.0-SNAPSHOT)
2025-01-29 14:00:36,893 INFO c.h.h.t.HelmChartContainer - [POD] test-hivemq-platform-0 [75303c7f-231e-41b7-96b9-c624e9662130] in helmwebsocketsit was MODIFIED
2025-01-29 14:00:36,903 INFO c.h.h.t.HelmChartContainer - [hivemq-test-hivemq-platform] [hivemq-platform-operator] [cf97f983] 14:00:36.902 [pool-6-thread-17] DEBUG c.h.p.o.d.PlatformServiceResource - [helmwebs] Desired Platform services (4 services)
2025-01-29 14:00:36,904 INFO c.h.h.t.HelmChartContainer - [hivemq-test-hivemq-platform] [hivemq-platform-operator] [cf97f983] 14:00:36.904 [pool-6-thread-15] DEBUG c.h.p.o.d.PodServiceAccountResource - [helmwebs] Desired PodServiceAccountResource (serviceAccountName: hivemq-platform-pod-test-hivemq-platform)
2025-01-29 14:00:36,908 INFO c.h.h.t.HelmChartContainer - [hivemq-test-hivemq-platform] [hivemq-platform-operator] [cf97f983] 14:00:36.907 [pool-6-thread-16] DEBUG c.h.p.o.dependants.PodInfoConfigMap - [helmwebs] Desired PodInfo ConfigMap (1 extensions) (1 enabled)
2025-01-29 14:00:36,908 INFO c.h.h.t.HelmChartContainer - [hivemq-test-hivemq-platform] [hivemq-platform-operator] [cf97f983] 14:00:36.907 [pool-6-thread-16] DEBUG c.h.p.o.dependants.PodInfoConfigMap - [helmwebs] Desired PodInfo ConfigMap (metrics port: 9399) (metrics path: /)
2025-01-29 14:00:36,908 INFO c.h.h.t.HelmChartContainer - [hivemq-test-hivemq-platform] [hivemq-platform-operator] [cf97f983] 14:00:36.907 [pool-6-thread-16] DEBUG c.h.p.o.dependants.PodInfoConfigMap - [helmwebs] Desired PodInfo ConfigMap (extension state hash: -1817474005)
2025-01-29 14:00:36,912 INFO c.h.h.t.HelmChartContainer - [hivemq-test-hivemq-platform] [hivemq-platform-operator] [cf97f983] 14:00:36.912 [pool-6-thread-17] DEBUG c.h.p.o.d.StatefulSetResource - [helmwebs] Desired StatefulSet (1 replicas) for status STARTING (READY)
2025-01-29 14:00:36,982 INFO c.h.h.t.HelmChartContainer - [test-hivemq-platform] [hivemq] [75303c7f] WARN  - [HiveMQ Platform Operator Init App 1.7.0-SNAPSHOT] Cannot connect to Health API for readiness: null
2025-01-29 14:00:36,992 INFO c.h.h.t.HelmChartContainer - [EVENT] Warning [Unhealthy] Readiness probe failed: HTTP probe failed with statuscode: 503 [helmwebsocketsit:test-hivemq-platform-0]
2025-01-29 14:00:36,992 INFO c.h.h.t.HelmChartContainer - Received Unhealthy event for container hivemq in pod test-hivemq-platform-0 [75303c7f-231e-41b7-96b9-c624e9662130]
2025-01-29 14:00:36,996 INFO c.h.h.t.HelmChartContainer - [hivemq-test-hivemq-platform] [hivemq-platform-operator] [cf97f983] 14:00:36.995 [ReconcilerExecutor-hivemq-controller-108] INFO  c.h.p.o.HiveMQPlatformReconciler - [helmwebs] Reconciling HiveMQ Platform 'test-hivemq-platform' in namespace 'helmwebsocketsit'
2025-01-29 14:00:36,998 INFO c.h.h.t.HelmChartContainer - [hivemq-test-hivemq-platform] [hivemq-platform-operator] [cf97f983] 14:00:36.996 [ReconcilerExecutor-hivemq-controller-108] DEBUG c.h.p.o.HiveMQPlatformReconciler - [helmwebs] Custom Resource Status STARTING - HiveMQ Platform is starting (READY)
2025-01-29 14:00:36,998 INFO c.h.h.t.HelmChartContainer - [hivemq-test-hivemq-platform] [hivemq-platform-operator] [cf97f983] 14:00:36.996 [ReconcilerExecutor-hivemq-controller-108] DEBUG c.h.p.o.HiveMQPlatformReconciler - [helmwebs] Custom Resource Spec (replicas: 1) (extensions: 1)
2025-01-29 14:00:37,001 INFO c.h.h.t.HelmChartContainer - [hivemq-test-hivemq-platform] [hivemq-platform-operator] [cf97f983] 14:00:37.000 [ReconcilerExecutor-hivemq-controller-108] DEBUG c.h.p.o.HiveMQPlatformReconciler - [helmwebs] StatefulSet Status (revision: test-hivemq-platform-5fbbfcf999, replicas: 1, available: 0, ready: 0, current: 1, updated: 1)
2025-01-29 14:00:37,002 INFO c.h.h.t.HelmChartContainer - [hivemq-test-hivemq-platform] [hivemq-platform-operator] [cf97f983] 14:00:37.001 [ReconcilerExecutor-hivemq-controller-108] DEBUG c.h.p.o.HiveMQPlatformReconciler - [helmwebs] StatefulSet Spec (replicas: 1, init containers: 1, containers: 1, volumes: 7)
2025-01-29 14:00:37,004 INFO c.h.h.t.HelmChartContainer - [hivemq-test-hivemq-platform] [hivemq-platform-operator] [cf97f983] 14:00:37.004 [ReconcilerExecutor-hivemq-controller-108] DEBUG c.h.p.o.h.HiveMQPlatformReconcilerErrorHandler - [helmwebs] Pod 'test-hivemq-platform-0' phase Running
2025-01-29 14:00:37,006 INFO c.h.h.t.HelmChartContainer - [hivemq-test-hivemq-platform] [hivemq-platform-operator] [cf97f983] 14:00:37.006 [ReconcilerExecutor-hivemq-controller-108] INFO  c.h.p.o.h.HiveMQPlatformReconcilerBaseHandler - [helmwebs] HiveMQ Platform is starting, 0 of 1 replicas are ready
2025-01-29 14:00:37,081 INFO c.h.h.t.HelmChartContainer - [test-hivemq-platform] [hivemq] [75303c7f] INFO  - [HiveMQ Platform Operator Init App 1.7.0-SNAPSHOT] Successfully updated Pod HiveMQ Platform Operator Init App version annotation (version: 1.7.0-SNAPSHOT)
2025-01-29 14:00:41,899 INFO c.h.h.t.HelmChartContainer - [test-hivemq-platform] [hivemq] [75303c7f] WARN  - [HiveMQ Platform Operator Init App 1.7.0-SNAPSHOT] Cannot connect to Health API for readiness: null
2025-01-29 14:00:41,903 INFO c.h.h.t.HelmChartContainer - [EVENT] Warning [Unhealthy] Readiness probe failed: HTTP probe failed with statuscode: 503 [helmwebsocketsit:test-hivemq-platform-0]
2025-01-29 14:00:41,903 INFO c.h.h.t.HelmChartContainer - Received Unhealthy event for container hivemq in pod test-hivemq-platform-0 [75303c7f-231e-41b7-96b9-c624e9662130]
2025-01-29 14:00:46,981 INFO c.h.h.t.HelmChartContainer - [test-hivemq-platform] [hivemq] [75303c7f] WARN  - [HiveMQ Platform Operator Init App 1.7.0-SNAPSHOT] Cannot connect to Health API for readiness: null
2025-01-29 14:00:46,984 INFO c.h.h.t.HelmChartContainer - [EVENT] Warning [Unhealthy] Readiness probe failed: HTTP probe failed with statuscode: 503 [helmwebsocketsit:test-hivemq-platform-0]
2025-01-29 14:00:46,984 INFO c.h.h.t.HelmChartContainer - Received Unhealthy event for container hivemq in pod test-hivemq-platform-0 [75303c7f-231e-41b7-96b9-c624e9662130]
2025-01-29 14:00:47,010 INFO c.h.h.t.HelmChartContainer - [hivemq-test-hivemq-platform] [hivemq-platform-operator] [cf97f983] 14:00:47.010 [pool-6-thread-26] DEBUG c.h.p.o.d.PlatformServiceResource - [helmwebs] Desired Platform services (4 services)
2025-01-29 14:00:47,012 INFO c.h.h.t.HelmChartContainer - [hivemq-test-hivemq-platform] [hivemq-platform-operator] [cf97f983] 14:00:47.010 [pool-6-thread-27] DEBUG c.h.p.o.dependants.PodInfoConfigMap - [helmwebs] Desired PodInfo ConfigMap (1 extensions) (1 enabled)
2025-01-29 14:00:47,013 INFO c.h.h.t.HelmChartContainer - [hivemq-test-hivemq-platform] [hivemq-platform-operator] [cf97f983] 14:00:47.010 [pool-6-thread-27] DEBUG c.h.p.o.dependants.PodInfoConfigMap - [helmwebs] Desired PodInfo ConfigMap (metrics port: 9399) (metrics path: /)
2025-01-29 14:00:47,015 INFO c.h.h.t.HelmChartContainer - [hivemq-test-hivemq-platform] [hivemq-platform-operator] [cf97f983] 14:00:47.010 [pool-6-thread-27] DEBUG c.h.p.o.dependants.PodInfoConfigMap - [helmwebs] Desired PodInfo ConfigMap (extension state hash: -1817474005)
2025-01-29 14:00:47,018 INFO c.h.h.t.HelmChartContainer - [hivemq-test-hivemq-platform] [hivemq-platform-operator] [cf97f983] 14:00:47.015 [pool-6-thread-27] DEBUG c.h.p.o.d.PodServiceAccountResource - [helmwebs] Desired PodServiceAccountResource (serviceAccountName: hivemq-platform-pod-test-hivemq-platform)
2025-01-29 14:00:47,027 INFO c.h.h.t.HelmChartContainer - [hivemq-test-hivemq-platform] [hivemq-platform-operator] [cf97f983] 14:00:47.024 [pool-6-thread-26] DEBUG c.h.p.o.d.StatefulSetResource - [helmwebs] Desired StatefulSet (1 replicas) for status STARTING (READY)
2025-01-29 14:00:47,088 INFO c.h.h.t.HelmChartContainer - [hivemq-test-hivemq-platform] [hivemq-platform-operator] [cf97f983] 14:00:47.086 [ReconcilerExecutor-hivemq-controller-109] INFO  c.h.p.o.HiveMQPlatformReconciler - [helmwebs] Reconciling HiveMQ Platform 'test-hivemq-platform' in namespace 'helmwebsocketsit'
2025-01-29 14:00:47,089 INFO c.h.h.t.HelmChartContainer - [hivemq-test-hivemq-platform] [hivemq-platform-operator] [cf97f983] 14:00:47.086 [ReconcilerExecutor-hivemq-controller-109] DEBUG c.h.p.o.HiveMQPlatformReconciler - [helmwebs] Custom Resource Status STARTING - HiveMQ Platform is starting (READY)
2025-01-29 14:00:47,089 INFO c.h.h.t.HelmChartContainer - [hivemq-test-hivemq-platform] [hivemq-platform-operator] [cf97f983] 14:00:47.086 [ReconcilerExecutor-hivemq-controller-109] DEBUG c.h.p.o.HiveMQPlatformReconciler - [helmwebs] Custom Resource Spec (replicas: 1) (extensions: 1)
2025-01-29 14:00:47,090 INFO c.h.h.t.HelmChartContainer - [hivemq-test-hivemq-platform] [hivemq-platform-operator] [cf97f983] 14:00:47.089 [ReconcilerExecutor-hivemq-controller-109] DEBUG c.h.p.o.HiveMQPlatformReconciler - [helmwebs] StatefulSet Status (revision: test-hivemq-platform-5fbbfcf999, replicas: 1, available: 0, ready: 0, current: 1, updated: 1)
2025-01-29 14:00:47,091 INFO c.h.h.t.HelmChartContainer - [hivemq-test-hivemq-platform] [hivemq-platform-operator] [cf97f983] 14:00:47.089 [ReconcilerExecutor-hivemq-controller-109] DEBUG c.h.p.o.HiveMQPlatformReconciler - [helmwebs] StatefulSet Spec (replicas: 1, init containers: 1, containers: 1, volumes: 7)
2025-01-29 14:00:47,092 INFO c.h.h.t.HelmChartContainer - [hivemq-test-hivemq-platform] [hivemq-platform-operator] [cf97f983] 14:00:47.090 [ReconcilerExecutor-hivemq-controller-109] DEBUG c.h.p.o.h.HiveMQPlatformReconcilerErrorHandler - [helmwebs] Pod 'test-hivemq-platform-0' phase Running
2025-01-29 14:00:47,093 INFO c.h.h.t.HelmChartContainer - [hivemq-test-hivemq-platform] [hivemq-platform-operator] [cf97f983] 14:00:47.091 [ReconcilerExecutor-hivemq-controller-109] INFO  c.h.p.o.h.HiveMQPlatformReconcilerBaseHandler - [helmwebs] HiveMQ Platform is starting, 0 of 1 replicas are ready
2025-01-29 14:00:47,897 INFO c.h.h.t.HelmChartContainer - [test-hivemq-platform] [hivemq] [75303c7f] INFO  - No valid license file found. Using trial license, restricted to 25 connections.
2025-01-29 14:00:48,981 INFO c.h.h.t.HelmChartContainer - [test-hivemq-platform] [hivemq] [75303c7f] WARN  - [HiveMQ Platform Operator Init App 1.7.0-SNAPSHOT] Cannot connect to Health API for liveness: null
2025-01-29 14:00:48,981 INFO c.h.h.t.HelmChartContainer - [test-hivemq-platform] [hivemq] [75303c7f] INFO  - [HiveMQ Platform Operator Init App 1.7.0-SNAPSHOT] Returning default Health API response 200 for liveness
2025-01-29 14:00:51,385 INFO c.h.h.t.HelmChartContainer - [test-hivemq-platform] [hivemq] [75303c7f] INFO  - No valid license file for Data Hub found. Using free license, restricted to 1 policy.
2025-01-29 14:00:51,980 INFO c.h.h.t.HelmChartContainer - [test-hivemq-platform] [hivemq] [75303c7f] WARN  - [HiveMQ Platform Operator Init App 1.7.0-SNAPSHOT] Cannot connect to Health API for readiness: null
2025-01-29 14:00:51,985 INFO c.h.h.t.HelmChartContainer - [EVENT] Warning [Unhealthy] Readiness probe failed: HTTP probe failed with statuscode: 503 [helmwebsocketsit:test-hivemq-platform-0]
2025-01-29 14:00:51,985 INFO c.h.h.t.HelmChartContainer - Received Unhealthy event for container hivemq in pod test-hivemq-platform-0 [75303c7f-231e-41b7-96b9-c624e9662130]
2025-01-29 14:00:52,684 INFO c.h.h.t.HelmChartContainer - [test-hivemq-platform] [hivemq] [75303c7f] INFO  - Audit Logger started.
2025-01-29 14:00:52,903 INFO c.h.h.t.HelmChartContainer - [test-hivemq-platform] [hivemq] [75303c7f] INFO  - This node uses '1' CPU cores.
2025-01-29 14:00:52,916 INFO c.h.h.t.HelmChartContainer - [test-hivemq-platform] [hivemq] [75303c7f] INFO  - Starting HiveMQ Health API on address 0.0.0.0 and port 8889
2025-01-29 14:00:53,779 INFO c.h.h.t.HelmChartContainer - [test-hivemq-platform] [hivemq] [75303c7f] INFO  - Started HiveMQ Health API in 863ms
2025-01-29 14:00:54,321 INFO c.h.h.t.HelmChartContainer - [test-hivemq-platform] [hivemq] [75303c7f] INFO  - Starting HiveMQ extension system.
2025-01-29 14:00:54,614 INFO c.h.h.t.HelmChartContainer - [test-hivemq-platform] [hivemq] [75303c7f] INFO  - Starting extension with id "hivemq-dns-cluster-discovery" at /opt/hivemq/extensions/hivemq-dns-cluster-discovery
2025-01-29 14:00:55,083 INFO c.h.h.t.HelmChartContainer - [test-hivemq-platform] [hivemq] [75303c7f] INFO  - Using TCP cluster transport on address 10.42.0.12 and port 7000
2025-01-29 14:00:55,086 INFO c.h.h.t.HelmChartContainer - [test-hivemq-platform] [hivemq] [75303c7f] INFO  - Using extension cluster discovery
2025-01-29 14:00:55,115 INFO c.h.h.t.HelmChartContainer - [test-hivemq-platform] [hivemq] [75303c7f] INFO  - Extension "DNS Cluster Discovery Extension" version 4.3.2 started successfully.
2025-01-29 14:00:55,115 INFO c.h.h.t.HelmChartContainer - [test-hivemq-platform] [hivemq] [75303c7f] INFO  - Starting extension with id "hivemq-prometheus-extension" at /opt/hivemq/extensions/hivemq-prometheus-extension
2025-01-29 14:00:56,089 INFO c.h.h.t.HelmChartContainer - [test-hivemq-platform] [hivemq] [75303c7f] INFO  - Started Jetty Server exposing Prometheus Servlet on URI http://0.0.0.0:9399/
2025-01-29 14:00:56,089 INFO c.h.h.t.HelmChartContainer - [test-hivemq-platform] [hivemq] [75303c7f] INFO  - Extension "Prometheus Monitoring Extension" version 4.0.12 started successfully.
2025-01-29 14:00:56,089 INFO c.h.h.t.HelmChartContainer - [test-hivemq-platform] [hivemq] [75303c7f] INFO  - Starting extension with id "hivemq-allow-all-extension" at /opt/hivemq/extensions/hivemq-allow-all-extension
2025-01-29 14:00:56,089 INFO c.h.h.t.HelmChartContainer - [test-hivemq-platform] [hivemq] [75303c7f] WARN  - 
2025-01-29 14:00:56,089 INFO c.h.h.t.HelmChartContainer - [test-hivemq-platform] [hivemq] [75303c7f] ################################################################################################################
2025-01-29 14:00:56,090 INFO c.h.h.t.HelmChartContainer - [test-hivemq-platform] [hivemq] [75303c7f] # This HiveMQ deployment is not secure! You are lacking Authentication and Authorization.                      #
2025-01-29 14:00:56,090 INFO c.h.h.t.HelmChartContainer - [test-hivemq-platform] [hivemq] [75303c7f] # Right now any MQTT client can connect to the broker with a full set of permissions.                          #
2025-01-29 14:00:56,090 INFO c.h.h.t.HelmChartContainer - [test-hivemq-platform] [hivemq] [75303c7f] # For production usage, add an appropriate security extension and remove the hivemq-allow-all extension.       #
2025-01-29 14:00:56,090 INFO c.h.h.t.HelmChartContainer - [test-hivemq-platform] [hivemq] [75303c7f] # You can download security extensions from the HiveMQ Marketplace (https://www.hivemq.com/extensions/).       #
2025-01-29 14:00:56,090 INFO c.h.h.t.HelmChartContainer - [test-hivemq-platform] [hivemq] [75303c7f] ################################################################################################################
2025-01-29 14:00:56,090 INFO c.h.h.t.HelmChartContainer - [test-hivemq-platform] [hivemq] [75303c7f] INFO  - Extension "Allow All Extension" version 1.1.1 started successfully.
2025-01-29 14:00:57,098 INFO c.h.h.t.HelmChartContainer - [hivemq-test-hivemq-platform] [hivemq-platform-operator] [cf97f983] 14:00:57.095 [pool-6-thread-36] DEBUG c.h.p.o.d.PlatformServiceResource - [helmwebs] Desired Platform services (4 services)
2025-01-29 14:00:57,099 INFO c.h.h.t.HelmChartContainer - [hivemq-test-hivemq-platform] [hivemq-platform-operator] [cf97f983] 14:00:57.098 [pool-6-thread-31] DEBUG c.h.p.o.d.PodServiceAccountResource - [helmwebs] Desired PodServiceAccountResource (serviceAccountName: hivemq-platform-pod-test-hivemq-platform)
2025-01-29 14:00:57,100 INFO c.h.h.t.HelmChartContainer - [hivemq-test-hivemq-platform] [hivemq-platform-operator] [cf97f983] 14:00:57.096 [pool-6-thread-37] DEBUG c.h.p.o.dependants.PodInfoConfigMap - [helmwebs] Desired PodInfo ConfigMap (1 extensions) (1 enabled)
2025-01-29 14:00:57,102 INFO c.h.h.t.HelmChartContainer - [hivemq-test-hivemq-platform] [hivemq-platform-operator] [cf97f983] 14:00:57.099 [pool-6-thread-37] DEBUG c.h.p.o.dependants.PodInfoConfigMap - [helmwebs] Desired PodInfo ConfigMap (metrics port: 9399) (metrics path: /)
2025-01-29 14:00:57,102 INFO c.h.h.t.HelmChartContainer - [hivemq-test-hivemq-platform] [hivemq-platform-operator] [cf97f983] 14:00:57.099 [pool-6-thread-37] DEBUG c.h.p.o.dependants.PodInfoConfigMap - [helmwebs] Desired PodInfo ConfigMap (extension state hash: -1817474005)
2025-01-29 14:00:57,106 INFO c.h.h.t.HelmChartContainer - [hivemq-test-hivemq-platform] [hivemq-platform-operator] [cf97f983] 14:00:57.105 [pool-6-thread-36] DEBUG c.h.p.o.d.StatefulSetResource - [helmwebs] Desired StatefulSet (1 replicas) for status STARTING (READY)
2025-01-29 14:00:57,111 INFO c.h.h.t.HelmChartContainer - [hivemq-test-hivemq-platform] [hivemq-platform-operator] [cf97f983] 14:00:57.110 [ReconcilerExecutor-hivemq-controller-110] INFO  c.h.p.o.HiveMQPlatformReconciler - [helmwebs] Reconciling HiveMQ Platform 'test-hivemq-platform' in namespace 'helmwebsocketsit'
2025-01-29 14:00:57,112 INFO c.h.h.t.HelmChartContainer - [hivemq-test-hivemq-platform] [hivemq-platform-operator] [cf97f983] 14:00:57.110 [ReconcilerExecutor-hivemq-controller-110] DEBUG c.h.p.o.HiveMQPlatformReconciler - [helmwebs] Custom Resource Status STARTING - HiveMQ Platform is starting (READY)
2025-01-29 14:00:57,112 INFO c.h.h.t.HelmChartContainer - [hivemq-test-hivemq-platform] [hivemq-platform-operator] [cf97f983] 14:00:57.110 [ReconcilerExecutor-hivemq-controller-110] DEBUG c.h.p.o.HiveMQPlatformReconciler - [helmwebs] Custom Resource Spec (replicas: 1) (extensions: 1)
2025-01-29 14:00:57,189 INFO c.h.h.t.HelmChartContainer - [hivemq-test-hivemq-platform] [hivemq-platform-operator] [cf97f983] 14:00:57.186 [ReconcilerExecutor-hivemq-controller-110] DEBUG c.h.p.o.HiveMQPlatformReconciler - [helmwebs] StatefulSet Status (revision: test-hivemq-platform-5fbbfcf999, replicas: 1, available: 0, ready: 0, current: 1, updated: 1)
2025-01-29 14:00:57,189 INFO c.h.h.t.HelmChartContainer - [hivemq-test-hivemq-platform] [hivemq-platform-operator] [cf97f983] 14:00:57.186 [ReconcilerExecutor-hivemq-controller-110] DEBUG c.h.p.o.HiveMQPlatformReconciler - [helmwebs] StatefulSet Spec (replicas: 1, init containers: 1, containers: 1, volumes: 7)
2025-01-29 14:00:57,191 INFO c.h.h.t.HelmChartContainer - [hivemq-test-hivemq-platform] [hivemq-platform-operator] [cf97f983] 14:00:57.191 [ReconcilerExecutor-hivemq-controller-110] DEBUG c.h.p.o.h.HiveMQPlatformReconcilerErrorHandler - [helmwebs] Pod 'test-hivemq-platform-0' phase Running
2025-01-29 14:00:57,195 INFO c.h.h.t.HelmChartContainer - [hivemq-test-hivemq-platform] [hivemq-platform-operator] [cf97f983] 14:00:57.194 [ReconcilerExecutor-hivemq-controller-110] INFO  c.h.p.o.h.HiveMQPlatformReconcilerBaseHandler - [helmwebs] HiveMQ Platform is starting, 0 of 1 replicas are ready
2025-01-29 14:00:57,392 INFO c.h.h.t.HelmChartContainer - [test-hivemq-platform] [hivemq] [75303c7f] INFO  - [HiveMQ Platform Operator Init App 1.7.0-SNAPSHOT] Returning Health API response 503 for readiness
2025-01-29 14:00:57,396 INFO c.h.h.t.HelmChartContainer - [EVENT] Warning [Unhealthy] Readiness probe failed: HTTP probe failed with statuscode: 503 [helmwebsocketsit:test-hivemq-platform-0]
2025-01-29 14:00:57,396 INFO c.h.h.t.HelmChartContainer - Received Unhealthy event for container hivemq in pod test-hivemq-platform-0 [75303c7f-231e-41b7-96b9-c624e9662130]
2025-01-29 14:00:58,081 INFO c.h.h.t.HelmChartContainer - [test-hivemq-platform] [hivemq] [75303c7f] INFO  - zVET3: no members discovered after 2301 ms: creating cluster as first member
2025-01-29 14:00:58,089 INFO c.h.h.t.HelmChartContainer - [test-hivemq-platform] [hivemq] [75303c7f] INFO  - Cluster nodes found by discovery: [zVET3|0] (1) [zVET3].
2025-01-29 14:00:58,180 INFO c.h.h.t.HelmChartContainer - [test-hivemq-platform] [hivemq] [75303c7f] WARN  - No user for HiveMQ Control Center configured. Starting with default user
2025-01-29 14:00:58,180 INFO c.h.h.t.HelmChartContainer - [test-hivemq-platform] [hivemq] [75303c7f] INFO  - Starting HiveMQ Control Center on address 127.0.0.1 and port 8080
2025-01-29 14:00:58,182 INFO c.h.h.t.HelmChartContainer - [test-hivemq-platform] [hivemq] [75303c7f] INFO  - Mounting HiveMQ Control Center V2 Preview
2025-01-29 14:00:58,878 INFO c.h.h.t.HelmChartContainer - [test-hivemq-platform] [hivemq] [75303c7f] INFO  - Started HiveMQ Control Center in 698ms
2025-01-29 14:00:58,893 INFO c.h.h.t.HelmChartContainer - [test-hivemq-platform] [hivemq] [75303c7f] INFO  - Starting Websocket listener on address 0.0.0.0 and port 8002
2025-01-29 14:00:59,591 INFO c.h.h.t.HelmChartContainer - [test-hivemq-platform] [hivemq] [75303c7f] INFO  - Enabled protocols for Websocket Listener with TLS at address 0.0.0.0 and port 8003: [TLSv1.3, TLSv1.2]
2025-01-29 14:00:59,591 INFO c.h.h.t.HelmChartContainer - [test-hivemq-platform] [hivemq] [75303c7f] INFO  - Enabled cipher suites for Websocket Listener with TLS at address 0.0.0.0 and port 8003: [TLS_ECDHE_ECDSA_WITH_AES_256_GCM_SHA384, TLS_ECDHE_ECDSA_WITH_AES_128_GCM_SHA256, TLS_ECDHE_RSA_WITH_AES_128_GCM_SHA256, TLS_ECDHE_RSA_WITH_AES_256_GCM_SHA384, TLS_ECDHE_RSA_WITH_AES_128_CBC_SHA, TLS_ECDHE_RSA_WITH_AES_256_CBC_SHA, TLS_RSA_WITH_AES_128_GCM_SHA256, TLS_RSA_WITH_AES_128_CBC_SHA, TLS_RSA_WITH_AES_256_CBC_SHA, TLS_AES_128_GCM_SHA256, TLS_AES_256_GCM_SHA384]
2025-01-29 14:00:59,591 INFO c.h.h.t.HelmChartContainer - [test-hivemq-platform] [hivemq] [75303c7f] INFO  - Starting Websocket TLS listener on address 0.0.0.0 and port 8003
2025-01-29 14:00:59,680 INFO c.h.h.t.HelmChartContainer - [test-hivemq-platform] [hivemq] [75303c7f] INFO  - Enabled protocols for Websocket Listener with TLS at address 0.0.0.0 and port 8004: [TLSv1.3, TLSv1.2]
2025-01-29 14:00:59,680 INFO c.h.h.t.HelmChartContainer - [test-hivemq-platform] [hivemq] [75303c7f] INFO  - Enabled cipher suites for Websocket Listener with TLS at address 0.0.0.0 and port 8004: [TLS_ECDHE_ECDSA_WITH_AES_256_GCM_SHA384, TLS_ECDHE_ECDSA_WITH_AES_128_GCM_SHA256, TLS_ECDHE_RSA_WITH_AES_128_GCM_SHA256, TLS_ECDHE_RSA_WITH_AES_256_GCM_SHA384, TLS_ECDHE_RSA_WITH_AES_128_CBC_SHA, TLS_ECDHE_RSA_WITH_AES_256_CBC_SHA, TLS_RSA_WITH_AES_128_GCM_SHA256, TLS_RSA_WITH_AES_128_CBC_SHA, TLS_RSA_WITH_AES_256_CBC_SHA, TLS_AES_128_GCM_SHA256, TLS_AES_256_GCM_SHA384]
2025-01-29 14:00:59,680 INFO c.h.h.t.HelmChartContainer - [test-hivemq-platform] [hivemq] [75303c7f] INFO  - Starting Websocket TLS listener on address 0.0.0.0 and port 8004
2025-01-29 14:00:59,682 INFO c.h.h.t.HelmChartContainer - [test-hivemq-platform] [hivemq] [75303c7f] INFO  - Started Websocket Listener on address 0.0.0.0 and on port 8002.
2025-01-29 14:00:59,684 INFO c.h.h.t.HelmChartContainer - [test-hivemq-platform] [hivemq] [75303c7f] INFO  - Started Websocket Listener with TLS on address 0.0.0.0 and on port 8003.
2025-01-29 14:00:59,684 INFO c.h.h.t.HelmChartContainer - [test-hivemq-platform] [hivemq] [75303c7f] INFO  - Started Websocket Listener with TLS on address 0.0.0.0 and on port 8004.
2025-01-29 14:00:59,684 INFO c.h.h.t.HelmChartContainer - [test-hivemq-platform] [hivemq] [75303c7f] INFO  - Started HiveMQ in 30898ms
2025-01-29 14:01:01,900 INFO c.h.h.t.HelmChartContainer - [test-hivemq-platform] [hivemq] [75303c7f] INFO  - [HiveMQ Platform Operator Init App 1.7.0-SNAPSHOT] Returning Health API response 200 for readiness
2025-01-29 14:01:01,911 INFO c.h.h.t.HelmChartContainer - [POD] test-hivemq-platform-0 [75303c7f-231e-41b7-96b9-c624e9662130] in helmwebsocketsit was MODIFIED
2025-01-29 14:01:01,933 INFO c.h.h.t.HelmChartContainer - [hivemq-test-hivemq-platform] [hivemq-platform-operator] [cf97f983] 14:01:01.922 [pool-6-thread-45] DEBUG c.h.p.o.d.PlatformServiceResource - [helmwebs] Desired Platform services (4 services)
2025-01-29 14:01:01,933 INFO c.h.h.t.HelmChartContainer - [hivemq-test-hivemq-platform] [hivemq-platform-operator] [cf97f983] 14:01:01.923 [pool-6-thread-44] DEBUG c.h.p.o.dependants.PodInfoConfigMap - [helmwebs] Desired PodInfo ConfigMap (1 extensions) (1 enabled)
2025-01-29 14:01:01,933 INFO c.h.h.t.HelmChartContainer - [hivemq-test-hivemq-platform] [hivemq-platform-operator] [cf97f983] 14:01:01.923 [pool-6-thread-44] DEBUG c.h.p.o.dependants.PodInfoConfigMap - [helmwebs] Desired PodInfo ConfigMap (metrics port: 9399) (metrics path: /)
2025-01-29 14:01:01,933 INFO c.h.h.t.HelmChartContainer - [hivemq-test-hivemq-platform] [hivemq-platform-operator] [cf97f983] 14:01:01.923 [pool-6-thread-44] DEBUG c.h.p.o.dependants.PodInfoConfigMap - [helmwebs] Desired PodInfo ConfigMap (extension state hash: -1817474005)
2025-01-29 14:01:01,934 INFO c.h.h.t.HelmChartContainer - [hivemq-test-hivemq-platform] [hivemq-platform-operator] [cf97f983] 14:01:01.929 [pool-6-thread-47] DEBUG c.h.p.o.d.PodServiceAccountResource - [helmwebs] Desired PodServiceAccountResource (serviceAccountName: hivemq-platform-pod-test-hivemq-platform)
2025-01-29 14:01:01,988 INFO c.h.h.t.HelmChartContainer - [hivemq-test-hivemq-platform] [hivemq-platform-operator] [cf97f983] 14:01:01.987 [pool-6-thread-45] DEBUG c.h.p.o.d.StatefulSetResource - [helmwebs] Desired StatefulSet (1 replicas) for status STARTING (READY)
2025-01-29 14:01:01,995 INFO c.h.h.t.HelmChartContainer - [hivemq-test-hivemq-platform] [hivemq-platform-operator] [cf97f983] 14:01:01.993 [ReconcilerExecutor-hivemq-controller-111] INFO  c.h.p.o.HiveMQPlatformReconciler - [helmwebs] Reconciling HiveMQ Platform 'test-hivemq-platform' in namespace 'helmwebsocketsit'
2025-01-29 14:01:01,995 INFO c.h.h.t.HelmChartContainer - [hivemq-test-hivemq-platform] [hivemq-platform-operator] [cf97f983] 14:01:01.993 [ReconcilerExecutor-hivemq-controller-111] DEBUG c.h.p.o.HiveMQPlatformReconciler - [helmwebs] Custom Resource Status STARTING - HiveMQ Platform is starting (READY)
2025-01-29 14:01:01,995 INFO c.h.h.t.HelmChartContainer - [hivemq-test-hivemq-platform] [hivemq-platform-operator] [cf97f983] 14:01:01.993 [ReconcilerExecutor-hivemq-controller-111] DEBUG c.h.p.o.HiveMQPlatformReconciler - [helmwebs] Custom Resource Spec (replicas: 1) (extensions: 1)
2025-01-29 14:01:01,998 INFO c.h.h.t.HelmChartContainer - [hivemq-test-hivemq-platform] [hivemq-platform-operator] [cf97f983] 14:01:01.996 [ReconcilerExecutor-hivemq-controller-111] DEBUG c.h.p.o.HiveMQPlatformReconciler - [helmwebs] StatefulSet Status (revision: test-hivemq-platform-5fbbfcf999, replicas: 1, available: 1, ready: 1, current: 1, updated: 1)
2025-01-29 14:01:01,998 INFO c.h.h.t.HelmChartContainer - [hivemq-test-hivemq-platform] [hivemq-platform-operator] [cf97f983] 14:01:01.996 [ReconcilerExecutor-hivemq-controller-111] DEBUG c.h.p.o.HiveMQPlatformReconciler - [helmwebs] StatefulSet Spec (replicas: 1, init containers: 1, containers: 1, volumes: 7)
2025-01-29 14:01:01,999 INFO c.h.h.t.HelmChartContainer - [hivemq-test-hivemq-platform] [hivemq-platform-operator] [cf97f983] 14:01:01.997 [ReconcilerExecutor-hivemq-controller-111] DEBUG c.h.p.o.h.HiveMQPlatformReconcilerErrorHandler - [helmwebs] Pod 'test-hivemq-platform-0' phase Running
2025-01-29 14:01:02,000 INFO c.h.h.t.HelmChartContainer - [hivemq-test-hivemq-platform] [hivemq-platform-operator] [cf97f983] 14:01:01.998 [ReconcilerExecutor-hivemq-controller-111] INFO  c.h.p.o.h.HiveMQPlatformReconcilerBaseHandler - [helmwebs] HiveMQ Platform started successfully
2025-01-29 14:01:02,099 INFO c.h.h.t.HelmChartContainer - [hivemq-test-hivemq-platform] [hivemq-platform-operator] [cf97f983] 14:01:02.097 [ReconcilerExecutor-hivemq-controller-111] DEBUG c.h.p.operator.event.EventSender - [helmwebs] Creating K8s event hivemq-platform-ready: [Ready] HiveMQ Platform is ready
2025-01-29 14:01:02,102 INFO c.h.h.t.HelmChartContainer - [EVENT] Normal [Ready] HiveMQ Platform is ready [helmwebsocketsit:test-hivemq-platform]
2025-01-29 14:01:02,104 INFO c.h.h.t.HelmChartContainer - [hivemq-test-hivemq-platform] [hivemq-platform-operator] [cf97f983] 14:01:02.103 [ReconcilerExecutor-hivemq-controller-111] INFO  c.h.p.o.h.AbstractHiveMQReconcilerStateHandler - [helmwebs] Update HiveMQ Platform Status (STARTING [READY] -> RUNNING [READY]): HiveMQ Platform is ready
2025-01-29 14:01:02,112 DEBUG com.hivemq.helmcharts.util.K8sUtil - Comparing actual state 'RUNNING' and waiting for 'RUNNING'
2025-01-29 14:01:02,194 INFO c.h.h.t.HelmChartContainer - [hivemq-test-hivemq-platform] [hivemq-platform-operator] [cf97f983] 14:01:02.191 [pool-6-thread-4] DEBUG c.h.p.o.d.PlatformServiceResource - [helmwebs] Desired Platform services (4 services)
2025-01-29 14:01:02,194 INFO c.h.h.t.HelmChartContainer - [hivemq-test-hivemq-platform] [hivemq-platform-operator] [cf97f983] 14:01:02.192 [pool-6-thread-2] DEBUG c.h.p.o.d.PodServiceAccountResource - [helmwebs] Desired PodServiceAccountResource (serviceAccountName: hivemq-platform-pod-test-hivemq-platform)
2025-01-29 14:01:02,195 INFO c.h.h.t.HelmChartContainer - [hivemq-test-hivemq-platform] [hivemq-platform-operator] [cf97f983] 14:01:02.191 [pool-6-thread-3] DEBUG c.h.p.o.dependants.PodInfoConfigMap - [helmwebs] Desired PodInfo ConfigMap (1 extensions) (1 enabled)
2025-01-29 14:01:02,197 INFO c.h.h.t.HelmChartContainer - [hivemq-test-hivemq-platform] [hivemq-platform-operator] [cf97f983] 14:01:02.193 [pool-6-thread-3] DEBUG c.h.p.o.dependants.PodInfoConfigMap - [helmwebs] Desired PodInfo ConfigMap (metrics port: 9399) (metrics path: /)
2025-01-29 14:01:02,198 INFO c.h.h.t.HelmChartContainer - [hivemq-test-hivemq-platform] [hivemq-platform-operator] [cf97f983] 14:01:02.193 [pool-6-thread-3] DEBUG c.h.p.o.dependants.PodInfoConfigMap - [helmwebs] Desired PodInfo ConfigMap (extension state hash: -1817474005)
2025-01-29 14:01:02,203 INFO c.h.h.t.HelmChartContainer - [hivemq-test-hivemq-platform] [hivemq-platform-operator] [cf97f983] 14:01:02.196 [pool-6-thread-3] DEBUG c.h.p.o.dependants.PodInfoConfigMap - [helmwebs] Update PodInfo ConfigMap
2025-01-29 14:01:02,296 INFO c.h.h.t.HelmChartContainer - [hivemq-test-hivemq-platform] [hivemq-platform-operator] [cf97f983] 14:01:02.295 [pool-6-thread-3] DEBUG c.h.p.o.d.StatefulSetResource - [helmwebs] Desired StatefulSet (1 replicas) for status RUNNING (READY)
2025-01-29 14:01:02,304 INFO c.h.h.t.HelmChartContainer - [hivemq-test-hivemq-platform] [hivemq-platform-operator] [cf97f983] 14:01:02.300 [ReconcilerExecutor-hivemq-controller-112] INFO  c.h.p.o.HiveMQPlatformReconciler - [helmwebs] Reconciling HiveMQ Platform 'test-hivemq-platform' in namespace 'helmwebsocketsit'
2025-01-29 14:01:02,304 INFO c.h.h.t.HelmChartContainer - [hivemq-test-hivemq-platform] [hivemq-platform-operator] [cf97f983] 14:01:02.301 [ReconcilerExecutor-hivemq-controller-112] DEBUG c.h.p.o.HiveMQPlatformReconciler - [helmwebs] Custom Resource Status RUNNING - HiveMQ Platform is ready (READY)
2025-01-29 14:01:02,304 INFO c.h.h.t.HelmChartContainer - [hivemq-test-hivemq-platform] [hivemq-platform-operator] [cf97f983] 14:01:02.301 [ReconcilerExecutor-hivemq-controller-112] DEBUG c.h.p.o.HiveMQPlatformReconciler - [helmwebs] Custom Resource Spec (replicas: 1) (extensions: 1)
2025-01-29 14:01:02,306 INFO c.h.h.t.HelmChartContainer - [hivemq-test-hivemq-platform] [hivemq-platform-operator] [cf97f983] 14:01:02.302 [ReconcilerExecutor-hivemq-controller-112] DEBUG c.h.p.o.HiveMQPlatformReconciler - [helmwebs] StatefulSet Status (revision: test-hivemq-platform-5fbbfcf999, replicas: 1, available: 1, ready: 1, current: 1, updated: 1)
2025-01-29 14:01:02,306 INFO c.h.h.t.HelmChartContainer - [hivemq-test-hivemq-platform] [hivemq-platform-operator] [cf97f983] 14:01:02.302 [ReconcilerExecutor-hivemq-controller-112] DEBUG c.h.p.o.HiveMQPlatformReconciler - [helmwebs] StatefulSet Spec (replicas: 1, init containers: 1, containers: 1, volumes: 7)
2025-01-29 14:01:02,306 INFO c.h.h.t.HelmChartContainer - [hivemq-test-hivemq-platform] [hivemq-platform-operator] [cf97f983] 14:01:02.304 [ReconcilerExecutor-hivemq-controller-112] DEBUG c.h.p.o.h.HiveMQPlatformReconcilerErrorHandler - [helmwebs] Pod 'test-hivemq-platform-0' phase Running
2025-01-29 14:01:05,065 INFO c.h.h.t.HelmChartContainer - Uninstalling release 'test-hivemq-platform' in namespace 'helmwebsocketsit'...
2025-01-29 14:01:05,065 DEBUG c.h.h.t.HelmChartContainer - Executing helm command: /bin/helm --kubeconfig /etc/rancher/k3s/k3s.yaml uninstall test-hivemq-platform  --wait --timeout 5m0s --cascade foreground --namespace helmwebsocketsit
2025-01-29 14:01:05,253 INFO c.h.h.t.HelmChartContainer - [hivemq-test-hivemq-platform] [hivemq-platform-operator] [cf97f983] 14:01:05.248 [pool-6-thread-18] DEBUG c.h.p.o.d.PlatformServiceResource - [helmwebs] Desired Platform services (4 services)
2025-01-29 14:01:05,266 INFO c.h.h.t.HelmChartContainer - [hivemq-test-hivemq-platform] [hivemq-platform-operator] [cf97f983] 14:01:05.255 [pool-6-thread-16] DEBUG c.h.p.o.dependants.PodInfoConfigMap - [helmwebs] Desired PodInfo ConfigMap (1 extensions) (1 enabled)
2025-01-29 14:01:05,266 INFO c.h.h.t.HelmChartContainer - [hivemq-test-hivemq-platform] [hivemq-platform-operator] [cf97f983] 14:01:05.255 [pool-6-thread-14] DEBUG c.h.p.o.d.PodServiceAccountResource - [helmwebs] Desired PodServiceAccountResource (serviceAccountName: hivemq-platform-pod-test-hivemq-platform)
2025-01-29 14:01:05,266 INFO c.h.h.t.HelmChartContainer - [hivemq-test-hivemq-platform] [hivemq-platform-operator] [cf97f983] 14:01:05.257 [pool-6-thread-16] DEBUG c.h.p.o.dependants.PodInfoConfigMap - [helmwebs] Desired PodInfo ConfigMap (metrics port: 9399) (metrics path: /)
2025-01-29 14:01:05,266 INFO c.h.h.t.HelmChartContainer - [hivemq-test-hivemq-platform] [hivemq-platform-operator] [cf97f983] 14:01:05.257 [pool-6-thread-16] DEBUG c.h.p.o.dependants.PodInfoConfigMap - [helmwebs] Desired PodInfo ConfigMap (extension state hash: -1817474005)
2025-01-29 14:01:05,289 INFO c.h.h.t.HelmChartContainer - [hivemq-test-hivemq-platform] [hivemq-platform-operator] [cf97f983] 14:01:05.285 [pool-6-thread-18] DEBUG c.h.p.o.d.StatefulSetResource - [helmwebs] Desired StatefulSet (1 replicas) for status RUNNING (READY)
2025-01-29 14:01:05,354 INFO c.h.h.t.HelmChartContainer - [hivemq-test-hivemq-platform] [hivemq-platform-operator] [cf97f983] 14:01:05.350 [ReconcilerExecutor-hivemq-controller-113] INFO  c.h.p.o.HiveMQPlatformReconciler - [helmwebs] Reconciling HiveMQ Platform 'test-hivemq-platform' in namespace 'helmwebsocketsit'
2025-01-29 14:01:05,355 INFO c.h.h.t.HelmChartContainer - [hivemq-test-hivemq-platform] [hivemq-platform-operator] [cf97f983] 14:01:05.351 [ReconcilerExecutor-hivemq-controller-113] DEBUG c.h.p.o.HiveMQPlatformReconciler - [helmwebs] Custom Resource Status RUNNING - HiveMQ Platform is ready (READY)
2025-01-29 14:01:05,355 INFO c.h.h.t.HelmChartContainer - [hivemq-test-hivemq-platform] [hivemq-platform-operator] [cf97f983] 14:01:05.351 [ReconcilerExecutor-hivemq-controller-113] DEBUG c.h.p.o.HiveMQPlatformReconciler - [helmwebs] Custom Resource Spec (replicas: 1) (extensions: 1)
2025-01-29 14:01:05,355 INFO c.h.h.t.HelmChartContainer - [hivemq-test-hivemq-platform] [hivemq-platform-operator] [cf97f983] 14:01:05.352 [ReconcilerExecutor-hivemq-controller-113] WARN  c.h.p.o.h.HiveMQPlatformReconcilerErrorHandler - [helmwebs] Could not find ConfigMap 'hivemq-configuration-test-hivemq-platform' for HiveMQ Platform configuration
2025-01-29 14:01:05,486 INFO c.h.h.t.HelmChartContainer - [hivemq-test-hivemq-platform] [hivemq-platform-operator] [cf97f983] 14:01:05.484 [ReconcilerExecutor-hivemq-controller-113] DEBUG c.h.p.operator.event.EventSender - [helmwebs] Creating K8s event hivemq-platform-invalid-configuration: [Start] Could not find ConfigMap 'hivemq-configuration-test-hivemq-platform' for HiveMQ Platform configuration
2025-01-29 14:01:05,489 INFO c.h.h.t.HelmChartContainer - [EVENT] Warning [Start] Could not find ConfigMap 'hivemq-configuration-test-hivemq-platform' for HiveMQ Platform configuration [helmwebsocketsit:test-hivemq-platform]
2025-01-29 14:01:05,490 INFO c.h.h.t.HelmChartContainer - [hivemq-test-hivemq-platform] [hivemq-platform-operator] [cf97f983] 14:01:05.489 [ReconcilerExecutor-hivemq-controller-113] INFO  c.h.p.o.h.AbstractHiveMQReconcilerStateHandler - [helmwebs] Update HiveMQ Platform Status (RUNNING [READY] -> ERROR [INVALID_CONFIG_MAP]): Could not find ConfigMap 'hivemq-configuration-test-hivemq-platform' for HiveMQ Platform configuration
2025-01-29 14:01:05,553 INFO c.h.h.t.HelmChartContainer - [hivemq-test-hivemq-platform] [hivemq-platform-operator] [cf97f983] 14:01:05.548 [ReconcilerExecutor-hivemq-controller-113] ERROR i.j.o.p.event.EventProcessor - Error during event processing ExecutionScope{ resource id: ResourceID{name='test-hivemq-platform', namespace='helmwebsocketsit'}, version: 1409}
2025-01-29 14:01:05,554 INFO c.h.h.t.HelmChartContainer - [hivemq-test-hivemq-platform] [hivemq-platform-operator] [cf97f983] io.fabric8.kubernetes.client.KubernetesClientException: Failure executing: PUT at: https://10.43.0.1:443/apis/hivemq.com/v1/namespaces/helmwebsocketsit/hivemq-platforms/test-hivemq-platform/status. Message: Operation cannot be fulfilled on hivemq-platforms.hivemq.com "test-hivemq-platform": the object has been modified; please apply your changes to the latest version and try again. Received status: Status(apiVersion=v1, code=409, details=StatusDetails(causes=[], group=hivemq.com, kind=hivemq-platforms, name=test-hivemq-platform, retryAfterSeconds=null, uid=null, additionalProperties={}), kind=Status, message=Operation cannot be fulfilled on hivemq-platforms.hivemq.com "test-hivemq-platform": the object has been modified; please apply your changes to the latest version and try again, metadata=ListMeta(_continue=null, remainingItemCount=null, resourceVersion=null, selfLink=null, additionalProperties={}), reason=Conflict, status=Failure, additionalProperties={}).
2025-01-29 14:01:05,554 INFO c.h.h.t.HelmChartContainer - [hivemq-test-hivemq-platform] [hivemq-platform-operator] [cf97f983] 	at io.fabric8.kubernetes.client.KubernetesClientException.copyAsCause(KubernetesClientException.java:238)
2025-01-29 14:01:05,554 INFO c.h.h.t.HelmChartContainer - [hivemq-test-hivemq-platform] [hivemq-platform-operator] [cf97f983] 	at io.fabric8.kubernetes.client.dsl.internal.OperationSupport.waitForResult(OperationSupport.java:507)
2025-01-29 14:01:05,554 INFO c.h.h.t.HelmChartContainer - [hivemq-test-hivemq-platform] [hivemq-platform-operator] [cf97f983] 	at io.fabric8.kubernetes.client.dsl.internal.OperationSupport.handleResponse(OperationSupport.java:524)
2025-01-29 14:01:05,554 INFO c.h.h.t.HelmChartContainer - [hivemq-test-hivemq-platform] [hivemq-platform-operator] [cf97f983] 	at io.fabric8.kubernetes.client.dsl.internal.OperationSupport.handleUpdate(OperationSupport.java:358)
2025-01-29 14:01:05,554 INFO c.h.h.t.HelmChartContainer - [hivemq-test-hivemq-platform] [hivemq-platform-operator] [cf97f983] 	at io.fabric8.kubernetes.client.dsl.internal.BaseOperation.handleUpdate(BaseOperation.java:759)
2025-01-29 14:01:05,554 INFO c.h.h.t.HelmChartContainer - [hivemq-test-hivemq-platform] [hivemq-platform-operator] [cf97f983] 	at io.fabric8.kubernetes.client.dsl.internal.HasMetadataOperation.update(HasMetadataOperation.java:138)
2025-01-29 14:01:05,554 INFO c.h.h.t.HelmChartContainer - [hivemq-test-hivemq-platform] [hivemq-platform-operator] [cf97f983] 	at io.fabric8.kubernetes.client.dsl.internal.HasMetadataOperation.update(HasMetadataOperation.java:121)
2025-01-29 14:01:05,554 INFO c.h.h.t.HelmChartContainer - [hivemq-test-hivemq-platform] [hivemq-platform-operator] [cf97f983] 	at io.fabric8.kubernetes.client.dsl.internal.HasMetadataOperation.updateStatus(HasMetadataOperation.java:126)
2025-01-29 14:01:05,554 INFO c.h.h.t.HelmChartContainer - [hivemq-test-hivemq-platform] [hivemq-platform-operator] [cf97f983] 	at io.fabric8.kubernetes.client.dsl.internal.HasMetadataOperation.updateStatus(HasMetadataOperation.java:44)
2025-01-29 14:01:05,554 INFO c.h.h.t.HelmChartContainer - [hivemq-test-hivemq-platform] [hivemq-platform-operator] [cf97f983] 	at io.javaoperatorsdk.operator.processing.event.ReconciliationDispatcher$CustomResourceFacade.updateStatus(ReconciliationDispatcher.java:408)
2025-01-29 14:01:05,554 INFO c.h.h.t.HelmChartContainer - [hivemq-test-hivemq-platform] [hivemq-platform-operator] [cf97f983] 	at io.javaoperatorsdk.operator.processing.event.ReconciliationDispatcher.updateStatusGenerationAware(ReconciliationDispatcher.java:228)
2025-01-29 14:01:05,554 INFO c.h.h.t.HelmChartContainer - [hivemq-test-hivemq-platform] [hivemq-platform-operator] [cf97f983] 	at io.javaoperatorsdk.operator.processing.event.ReconciliationDispatcher.reconcileExecution(ReconciliationDispatcher.java:150)
2025-01-29 14:01:05,554 INFO c.h.h.t.HelmChartContainer - [hivemq-test-hivemq-platform] [hivemq-platform-operator] [cf97f983] 	at io.javaoperatorsdk.operator.processing.event.ReconciliationDispatcher.handleReconcile(ReconciliationDispatcher.java:117)
2025-01-29 14:01:05,554 INFO c.h.h.t.HelmChartContainer - [hivemq-test-hivemq-platform] [hivemq-platform-operator] [cf97f983] 	at io.javaoperatorsdk.operator.processing.event.ReconciliationDispatcher.handleDispatch(ReconciliationDispatcher.java:91)
2025-01-29 14:01:05,554 INFO c.h.h.t.HelmChartContainer - [hivemq-test-hivemq-platform] [hivemq-platform-operator] [cf97f983] 	at io.javaoperatorsdk.operator.processing.event.ReconciliationDispatcher.handleExecution(ReconciliationDispatcher.java:64)
2025-01-29 14:01:05,554 INFO c.h.h.t.HelmChartContainer - [hivemq-test-hivemq-platform] [hivemq-platform-operator] [cf97f983] 	at io.javaoperatorsdk.operator.processing.event.EventProcessor$ReconcilerExecutor.run(EventProcessor.java:452)
2025-01-29 14:01:05,554 INFO c.h.h.t.HelmChartContainer - [hivemq-test-hivemq-platform] [hivemq-platform-operator] [cf97f983] 	at java.base/java.util.concurrent.ThreadPoolExecutor.runWorker(Unknown Source)
2025-01-29 14:01:05,554 INFO c.h.h.t.HelmChartContainer - [hivemq-test-hivemq-platform] [hivemq-platform-operator] [cf97f983] 	at java.base/java.util.concurrent.ThreadPoolExecutor$Worker.run(Unknown Source)
2025-01-29 14:01:05,554 INFO c.h.h.t.HelmChartContainer - [hivemq-test-hivemq-platform] [hivemq-platform-operator] [cf97f983] 	at java.base/java.lang.Thread.run(Unknown Source)
2025-01-29 14:01:05,554 INFO c.h.h.t.HelmChartContainer - [hivemq-test-hivemq-platform] [hivemq-platform-operator] [cf97f983] Caused by: io.fabric8.kubernetes.client.KubernetesClientException: Failure executing: PUT at: https://10.43.0.1:443/apis/hivemq.com/v1/namespaces/helmwebsocketsit/hivemq-platforms/test-hivemq-platform/status. Message: Operation cannot be fulfilled on hivemq-platforms.hivemq.com "test-hivemq-platform": the object has been modified; please apply your changes to the latest version and try again. Received status: Status(apiVersion=v1, code=409, details=StatusDetails(causes=[], group=hivemq.com, kind=hivemq-platforms, name=test-hivemq-platform, retryAfterSeconds=null, uid=null, additionalProperties={}), kind=Status, message=Operation cannot be fulfilled on hivemq-platforms.hivemq.com "test-hivemq-platform": the object has been modified; please apply your changes to the latest version and try again, metadata=ListMeta(_continue=null, remainingItemCount=null, resourceVersion=null, selfLink=null, additionalProperties={}), reason=Conflict, status=Failure, additionalProperties={}).
2025-01-29 14:01:05,554 INFO c.h.h.t.HelmChartContainer - [hivemq-test-hivemq-platform] [hivemq-platform-operator] [cf97f983] 	at io.fabric8.kubernetes.client.dsl.internal.OperationSupport.requestFailure(OperationSupport.java:660)
2025-01-29 14:01:05,554 INFO c.h.h.t.HelmChartContainer - [hivemq-test-hivemq-platform] [hivemq-platform-operator] [cf97f983] 	at io.fabric8.kubernetes.client.dsl.internal.OperationSupport.requestFailure(OperationSupport.java:640)
2025-01-29 14:01:05,554 INFO c.h.h.t.HelmChartContainer - [hivemq-test-hivemq-platform] [hivemq-platform-operator] [cf97f983] 	at io.fabric8.kubernetes.client.dsl.internal.OperationSupport.assertResponseCode(OperationSupport.java:589)
2025-01-29 14:01:05,554 INFO c.h.h.t.HelmChartContainer - [hivemq-test-hivemq-platform] [hivemq-platform-operator] [cf97f983] 	at io.fabric8.kubernetes.client.dsl.internal.OperationSupport.lambda$handleResponse$0(OperationSupport.java:549)
2025-01-29 14:01:05,554 INFO c.h.h.t.HelmChartContainer - [hivemq-test-hivemq-platform] [hivemq-platform-operator] [cf97f983] 	at java.base/java.util.concurrent.CompletableFuture$UniApply.tryFire(Unknown Source)
2025-01-29 14:01:05,554 INFO c.h.h.t.HelmChartContainer - [hivemq-test-hivemq-platform] [hivemq-platform-operator] [cf97f983] 	at java.base/java.util.concurrent.CompletableFuture.postComplete(Unknown Source)
2025-01-29 14:01:05,554 INFO c.h.h.t.HelmChartContainer - [hivemq-test-hivemq-platform] [hivemq-platform-operator] [cf97f983] 	at java.base/java.util.concurrent.CompletableFuture.complete(Unknown Source)
2025-01-29 14:01:05,554 INFO c.h.h.t.HelmChartContainer - [hivemq-test-hivemq-platform] [hivemq-platform-operator] [cf97f983] 	at io.fabric8.kubernetes.client.http.StandardHttpClient.lambda$completeOrCancel$10(StandardHttpClient.java:141)
2025-01-29 14:01:05,554 INFO c.h.h.t.HelmChartContainer - [hivemq-test-hivemq-platform] [hivemq-platform-operator] [cf97f983] 	at java.base/java.util.concurrent.CompletableFuture.uniWhenComplete(Unknown Source)
2025-01-29 14:01:05,554 INFO c.h.h.t.HelmChartContainer - [hivemq-test-hivemq-platform] [hivemq-platform-operator] [cf97f983] 	at java.base/java.util.concurrent.CompletableFuture$UniWhenComplete.tryFire(Unknown Source)
2025-01-29 14:01:05,554 INFO c.h.h.t.HelmChartContainer - [hivemq-test-hivemq-platform] [hivemq-platform-operator] [cf97f983] 	at java.base/java.util.concurrent.CompletableFuture.postComplete(Unknown Source)
2025-01-29 14:01:05,554 INFO c.h.h.t.HelmChartContainer - [hivemq-test-hivemq-platform] [hivemq-platform-operator] [cf97f983] 	at java.base/java.util.concurrent.CompletableFuture.complete(Unknown Source)
2025-01-29 14:01:05,554 INFO c.h.h.t.HelmChartContainer - [hivemq-test-hivemq-platform] [hivemq-platform-operator] [cf97f983] 	at io.fabric8.kubernetes.client.http.ByteArrayBodyHandler.onBodyDone(ByteArrayBodyHandler.java:51)
2025-01-29 14:01:05,554 INFO c.h.h.t.HelmChartContainer - [hivemq-test-hivemq-platform] [hivemq-platform-operator] [cf97f983] 	at java.base/java.util.concurrent.CompletableFuture.uniWhenComplete(Unknown Source)
2025-01-29 14:01:05,554 INFO c.h.h.t.HelmChartContainer - [hivemq-test-hivemq-platform] [hivemq-platform-operator] [cf97f983] 	at java.base/java.util.concurrent.CompletableFuture$UniWhenComplete.tryFire(Unknown Source)
2025-01-29 14:01:05,554 INFO c.h.h.t.HelmChartContainer - [hivemq-test-hivemq-platform] [hivemq-platform-operator] [cf97f983] 	at java.base/java.util.concurrent.CompletableFuture.postComplete(Unknown Source)
2025-01-29 14:01:05,554 INFO c.h.h.t.HelmChartContainer - [hivemq-test-hivemq-platform] [hivemq-platform-operator] [cf97f983] 	at java.base/java.util.concurrent.CompletableFuture.complete(Unknown Source)
2025-01-29 14:01:05,554 INFO c.h.h.t.HelmChartContainer - [hivemq-test-hivemq-platform] [hivemq-platform-operator] [cf97f983] 	at io.fabric8.kubernetes.client.vertx.VertxHttpRequest.lambda$null$1(VertxHttpRequest.java:121)
2025-01-29 14:01:05,554 INFO c.h.h.t.HelmChartContainer - [hivemq-test-hivemq-platform] [hivemq-platform-operator] [cf97f983] 	at io.vertx.core.impl.ContextInternal.dispatch(ContextInternal.java:279)
2025-01-29 14:01:05,554 INFO c.h.h.t.HelmChartContainer - [hivemq-test-hivemq-platform] [hivemq-platform-operator] [cf97f983] 	at io.vertx.core.impl.ContextInternal.dispatch(ContextInternal.java:261)
2025-01-29 14:01:05,554 INFO c.h.h.t.HelmChartContainer - [hivemq-test-hivemq-platform] [hivemq-platform-operator] [cf97f983] 	at io.vertx.core.http.impl.HttpEventHandler.handleEnd(HttpEventHandler.java:76)
2025-01-29 14:01:05,554 INFO c.h.h.t.HelmChartContainer - [hivemq-test-hivemq-platform] [hivemq-platform-operator] [cf97f983] 	at io.vertx.core.http.impl.HttpClientResponseImpl.handleEnd(HttpClientResponseImpl.java:250)
2025-01-29 14:01:05,554 INFO c.h.h.t.HelmChartContainer - [hivemq-test-hivemq-platform] [hivemq-platform-operator] [cf97f983] 	at io.vertx.core.http.impl.Http1xClientConnection$StreamImpl.lambda$new$0(Http1xClientConnection.java:421)
2025-01-29 14:01:05,554 INFO c.h.h.t.HelmChartContainer - [hivemq-test-hivemq-platform] [hivemq-platform-operator] [cf97f983] 	at io.vertx.core.streams.impl.InboundBuffer.handleEvent(InboundBuffer.java:279)
2025-01-29 14:01:05,554 INFO c.h.h.t.HelmChartContainer - [hivemq-test-hivemq-platform] [hivemq-platform-operator] [cf97f983] 	at io.vertx.core.streams.impl.InboundBuffer.write(InboundBuffer.java:157)
2025-01-29 14:01:05,554 INFO c.h.h.t.HelmChartContainer - [hivemq-test-hivemq-platform] [hivemq-platform-operator] [cf97f983] 	at io.vertx.core.http.impl.Http1xClientConnection$StreamImpl.handleEnd(Http1xClientConnection.java:709)
2025-01-29 14:01:05,554 INFO c.h.h.t.HelmChartContainer - [hivemq-test-hivemq-platform] [hivemq-platform-operator] [cf97f983] 	at io.vertx.core.impl.ContextImpl.execute(ContextImpl.java:313)
2025-01-29 14:01:05,554 INFO c.h.h.t.HelmChartContainer - [hivemq-test-hivemq-platform] [hivemq-platform-operator] [cf97f983] 	at io.vertx.core.impl.ContextImpl.execute(ContextImpl.java:293)
2025-01-29 14:01:05,554 INFO c.h.h.t.HelmChartContainer - [hivemq-test-hivemq-platform] [hivemq-platform-operator] [cf97f983] 	at io.vertx.core.http.impl.Http1xClientConnection.handleResponseEnd(Http1xClientConnection.java:940)
2025-01-29 14:01:05,554 INFO c.h.h.t.HelmChartContainer - [hivemq-test-hivemq-platform] [hivemq-platform-operator] [cf97f983] 	at io.vertx.core.http.impl.Http1xClientConnection.handleHttpMessage(Http1xClientConnection.java:810)
2025-01-29 14:01:05,554 INFO c.h.h.t.HelmChartContainer - [hivemq-test-hivemq-platform] [hivemq-platform-operator] [cf97f983] 	at io.vertx.core.http.impl.Http1xClientConnection.handleMessage(Http1xClientConnection.java:774)
2025-01-29 14:01:05,554 INFO c.h.h.t.HelmChartContainer - [hivemq-test-hivemq-platform] [hivemq-platform-operator] [cf97f983] 	at io.vertx.core.net.impl.ConnectionBase.read(ConnectionBase.java:159)
2025-01-29 14:01:05,554 INFO c.h.h.t.HelmChartContainer - [hivemq-test-hivemq-platform] [hivemq-platform-operator] [cf97f983] 	at io.vertx.core.net.impl.VertxHandler.channelRead(VertxHandler.java:153)
2025-01-29 14:01:05,555 INFO c.h.h.t.HelmChartContainer - [hivemq-test-hivemq-platform] [hivemq-platform-operator] [cf97f983] 	at io.netty.channel.AbstractChannelHandlerContext.invokeChannelRead(AbstractChannelHandlerContext.java:442)
2025-01-29 14:01:05,556 INFO c.h.h.t.HelmChartContainer - [hivemq-test-hivemq-platform] [hivemq-platform-operator] [cf97f983] 	at io.netty.channel.AbstractChannelHandlerContext.invokeChannelRead(AbstractChannelHandlerContext.java:420)
2025-01-29 14:01:05,556 INFO c.h.h.t.HelmChartContainer - [hivemq-test-hivemq-platform] [hivemq-platform-operator] [cf97f983] 	at io.netty.channel.AbstractChannelHandlerContext.fireChannelRead(AbstractChannelHandlerContext.java:412)
2025-01-29 14:01:05,556 INFO c.h.h.t.HelmChartContainer - [hivemq-test-hivemq-platform] [hivemq-platform-operator] [cf97f983] 	at io.netty.channel.CombinedChannelDuplexHandler$DelegatingChannelHandlerContext.fireChannelRead(CombinedChannelDuplexHandler.java:436)
2025-01-29 14:01:05,556 INFO c.h.h.t.HelmChartContainer - [hivemq-test-hivemq-platform] [hivemq-platform-operator] [cf97f983] 	at io.netty.handler.codec.ByteToMessageDecoder.fireChannelRead(ByteToMessageDecoder.java:346)
2025-01-29 14:01:05,556 INFO c.h.h.t.HelmChartContainer - [hivemq-test-hivemq-platform] [hivemq-platform-operator] [cf97f983] 	at io.netty.handler.codec.ByteToMessageDecoder.channelRead(ByteToMessageDecoder.java:318)
2025-01-29 14:01:05,556 INFO c.h.h.t.HelmChartContainer - [hivemq-test-hivemq-platform] [hivemq-platform-operator] [cf97f983] 	at io.netty.channel.CombinedChannelDuplexHandler.channelRead(CombinedChannelDuplexHandler.java:251)
2025-01-29 14:01:05,556 INFO c.h.h.t.HelmChartContainer - [hivemq-test-hivemq-platform] [hivemq-platform-operator] [cf97f983] 	at io.netty.channel.AbstractChannelHandlerContext.invokeChannelRead(AbstractChannelHandlerContext.java:442)
2025-01-29 14:01:05,556 INFO c.h.h.t.HelmChartContainer - [hivemq-test-hivemq-platform] [hivemq-platform-operator] [cf97f983] 	at io.netty.channel.AbstractChannelHandlerContext.invokeChannelRead(AbstractChannelHandlerContext.java:420)
2025-01-29 14:01:05,556 INFO c.h.h.t.HelmChartContainer - [hivemq-test-hivemq-platform] [hivemq-platform-operator] [cf97f983] 	at io.netty.channel.AbstractChannelHandlerContext.fireChannelRead(AbstractChannelHandlerContext.java:412)
2025-01-29 14:01:05,556 INFO c.h.h.t.HelmChartContainer - [hivemq-test-hivemq-platform] [hivemq-platform-operator] [cf97f983] 	at io.netty.handler.ssl.SslHandler.unwrap(SslHandler.java:1475)
2025-01-29 14:01:05,556 INFO c.h.h.t.HelmChartContainer - [hivemq-test-hivemq-platform] [hivemq-platform-operator] [cf97f983] 	at io.netty.handler.ssl.SslHandler.decodeJdkCompatible(SslHandler.java:1338)
2025-01-29 14:01:05,556 INFO c.h.h.t.HelmChartContainer - [hivemq-test-hivemq-platform] [hivemq-platform-operator] [cf97f983] 	at io.netty.handler.ssl.SslHandler.decode(SslHandler.java:1387)
2025-01-29 14:01:05,556 INFO c.h.h.t.HelmChartContainer - [hivemq-test-hivemq-platform] [hivemq-platform-operator] [cf97f983] 	at io.netty.handler.codec.ByteToMessageDecoder.decodeRemovalReentryProtection(ByteToMessageDecoder.java:530)
2025-01-29 14:01:05,556 INFO c.h.h.t.HelmChartContainer - [hivemq-test-hivemq-platform] [hivemq-platform-operator] [cf97f983] 	at io.netty.handler.codec.ByteToMessageDecoder.callDecode(ByteToMessageDecoder.java:469)
2025-01-29 14:01:05,556 INFO c.h.h.t.HelmChartContainer - [hivemq-test-hivemq-platform] [hivemq-platform-operator] [cf97f983] 	at io.netty.handler.codec.ByteToMessageDecoder.channelRead(ByteToMessageDecoder.java:290)
2025-01-29 14:01:05,556 INFO c.h.h.t.HelmChartContainer - [hivemq-test-hivemq-platform] [hivemq-platform-operator] [cf97f983] 	at io.netty.channel.AbstractChannelHandlerContext.invokeChannelRead(AbstractChannelHandlerContext.java:444)
2025-01-29 14:01:05,556 INFO c.h.h.t.HelmChartContainer - [hivemq-test-hivemq-platform] [hivemq-platform-operator] [cf97f983] 	at io.netty.channel.AbstractChannelHandlerContext.invokeChannelRead(AbstractChannelHandlerContext.java:420)
2025-01-29 14:01:05,556 INFO c.h.h.t.HelmChartContainer - [hivemq-test-hivemq-platform] [hivemq-platform-operator] [cf97f983] 	at io.netty.channel.AbstractChannelHandlerContext.fireChannelRead(AbstractChannelHandlerContext.java:412)
2025-01-29 14:01:05,556 INFO c.h.h.t.HelmChartContainer - [hivemq-test-hivemq-platform] [hivemq-platform-operator] [cf97f983] 	at io.netty.channel.DefaultChannelPipeline$HeadContext.channelRead(DefaultChannelPipeline.java:1407)
2025-01-29 14:01:05,556 INFO c.h.h.t.HelmChartContainer - [hivemq-test-hivemq-platform] [hivemq-platform-operator] [cf97f983] 	at io.netty.channel.AbstractChannelHandlerContext.invokeChannelRead(AbstractChannelHandlerContext.java:440)
2025-01-29 14:01:05,556 INFO c.h.h.t.HelmChartContainer - [hivemq-test-hivemq-platform] [hivemq-platform-operator] [cf97f983] 	at io.netty.channel.AbstractChannelHandlerContext.invokeChannelRead(AbstractChannelHandlerContext.java:420)
2025-01-29 14:01:05,556 INFO c.h.h.t.HelmChartContainer - [hivemq-test-hivemq-platform] [hivemq-platform-operator] [cf97f983] 	at io.netty.channel.DefaultChannelPipeline.fireChannelRead(DefaultChannelPipeline.java:918)
2025-01-29 14:01:05,556 INFO c.h.h.t.HelmChartContainer - [hivemq-test-hivemq-platform] [hivemq-platform-operator] [cf97f983] 	at io.netty.channel.nio.AbstractNioByteChannel$NioByteUnsafe.read(AbstractNioByteChannel.java:166)
2025-01-29 14:01:05,556 INFO c.h.h.t.HelmChartContainer - [hivemq-test-hivemq-platform] [hivemq-platform-operator] [cf97f983] 	at io.netty.channel.nio.NioEventLoop.processSelectedKey(NioEventLoop.java:788)
2025-01-29 14:01:05,556 INFO c.h.h.t.HelmChartContainer - [hivemq-test-hivemq-platform] [hivemq-platform-operator] [cf97f983] 	at io.netty.channel.nio.NioEventLoop.processSelectedKeysOptimized(NioEventLoop.java:724)
2025-01-29 14:01:05,556 INFO c.h.h.t.HelmChartContainer - [hivemq-test-hivemq-platform] [hivemq-platform-operator] [cf97f983] 	at io.netty.channel.nio.NioEventLoop.processSelectedKeys(NioEventLoop.java:650)
2025-01-29 14:01:05,556 INFO c.h.h.t.HelmChartContainer - [hivemq-test-hivemq-platform] [hivemq-platform-operator] [cf97f983] 	at io.netty.channel.nio.NioEventLoop.run(NioEventLoop.java:562)
2025-01-29 14:01:05,556 INFO c.h.h.t.HelmChartContainer - [hivemq-test-hivemq-platform] [hivemq-platform-operator] [cf97f983] 	at io.netty.util.concurrent.SingleThreadEventExecutor$4.run(SingleThreadEventExecutor.java:997)
2025-01-29 14:01:05,556 INFO c.h.h.t.HelmChartContainer - [hivemq-test-hivemq-platform] [hivemq-platform-operator] [cf97f983] 	at io.netty.util.internal.ThreadExecutorMap$2.run(ThreadExecutorMap.java:74)
2025-01-29 14:01:05,556 INFO c.h.h.t.HelmChartContainer - [hivemq-test-hivemq-platform] [hivemq-platform-operator] [cf97f983] 	at io.netty.util.concurrent.FastThreadLocalRunnable.run(FastThreadLocalRunnable.java:30)
2025-01-29 14:01:05,556 INFO c.h.h.t.HelmChartContainer - [hivemq-test-hivemq-platform] [hivemq-platform-operator] [cf97f983] 	... 1 common frames omitted
2025-01-29 14:01:05,589 INFO c.h.h.t.HelmChartContainer - [hivemq-test-hivemq-platform] [hivemq-platform-operator] [cf97f983] 14:01:05.587 [ReconcilerExecutor-hivemq-controller-120] INFO  c.h.p.o.HiveMQPlatformReconciler - [helmwebs] Cleanup test-hivemq-platform - helmwebsocketsit HiveMQ Platform is shut down
2025-01-29 14:01:06,284 INFO c.h.h.t.HelmChartContainer - [POD] test-hivemq-platform-0 [75303c7f-231e-41b7-96b9-c624e9662130] in helmwebsocketsit was MODIFIED
2025-01-29 14:01:06,288 INFO c.h.h.t.HelmChartContainer - [EVENT] Normal [Killing] Stopping container hivemq [helmwebsocketsit:test-hivemq-platform-0]
2025-01-29 14:01:06,288 INFO c.h.h.t.HelmChartContainer - Received Killing event for container hivemq in pod test-hivemq-platform-0 [75303c7f-231e-41b7-96b9-c624e9662130]
2025-01-29 14:01:06,288 INFO c.h.h.t.HelmChartContainer - Container [test-hivemq-platform-0] [hivemq] [75303c7f-231e-41b7-96b9-c624e9662130] was terminated
2025-01-29 14:01:06,288 INFO c.h.h.t.HelmChartContainer - Stopped log watcher for hivemq in pod test-hivemq-platform-0 [75303c7f-231e-41b7-96b9-c624e9662130]
2025-01-29 14:01:06,300 INFO c.h.h.t.HelmChartContainer - [test-hivemq-platform] [hivemq] [75303c7f] INFO  - [HiveMQ Platform Operator Init App 1.7.0-SNAPSHOT] Shutting down
2025-01-29 14:01:06,300 INFO c.h.h.t.HelmChartContainer - [test-hivemq-platform] [hivemq] [75303c7f] INFO  - [HiveMQ Platform Operator Init App 1.7.0-SNAPSHOT] Stopping the HiveMQ Platform
2025-01-29 14:01:06,392 INFO c.h.h.t.HelmChartContainer - [test-hivemq-platform] [hivemq] [75303c7f] INFO  - Shutting down HiveMQ. Please wait, this could take a while...
2025-01-29 14:01:06,413 INFO c.h.h.t.HelmChartContainer - [test-hivemq-platform] [hivemq] [75303c7f] INFO  - Shutting down listeners and clients
2025-01-29 14:01:06,414 INFO c.h.h.t.HelmChartContainer - [test-hivemq-platform] [hivemq] [75303c7f] INFO  - Shutdown of listeners is done
2025-01-29 14:01:06,414 INFO c.h.h.t.HelmChartContainer - [test-hivemq-platform] [hivemq] [75303c7f] INFO  - No clients are connected, proceeding with shutdown
2025-01-29 14:01:06,896 INFO c.h.h.t.HelmChartContainer - [test-hivemq-platform] [hivemq] [75303c7f] INFO  - [HiveMQ Platform Operator Init App 1.7.0-SNAPSHOT] Returning shutdown Health API response 503 for readiness
2025-01-29 14:01:06,901 INFO c.h.h.t.HelmChartContainer - [EVENT] Warning [Unhealthy] Readiness probe failed: HTTP probe failed with statuscode: 503 [helmwebsocketsit:test-hivemq-platform-0]
2025-01-29 14:01:06,901 INFO c.h.h.t.HelmChartContainer - Received Unhealthy event for container hivemq in pod test-hivemq-platform-0 [75303c7f-231e-41b7-96b9-c624e9662130]
2025-01-29 14:01:07,307 INFO c.h.h.t.HelmChartContainer - Deleting namespace 'helmwebsocketsit'...
2025-01-29 14:01:07,481 INFO c.h.h.t.HelmChartContainer - [K3S] [authentication.go:74] "Unable to authenticate the request" err="[invalid bearer token, serviceaccounts \"hivemq-platform-pod-test-hivemq-platform\" not found]"
2025-01-29 14:01:07,498 INFO c.h.h.t.HelmChartContainer - [K3S] [authentication.go:74] "Unable to authenticate the request" err="[invalid bearer token, serviceaccounts \"hivemq-platform-pod-test-hivemq-platform\" not found]"
2025-01-29 14:01:07,584 INFO c.h.h.t.HelmChartContainer - [test-hivemq-platform] [hivemq] [75303c7f] WARN  - [HiveMQ Platform Operator Init App 1.7.0-SNAPSHOT] Could not update Pod annotations: Failure executing: GET at: https://10.43.0.1:443/api/v1/namespaces/helmwebsocketsit/pods/test-hivemq-platform-0. Message: Unauthorized. Received status: Status(apiVersion=v1, code=401, details=null, kind=Status, message=Unauthorized, metadata=ListMeta(_continue=null, remainingItemCount=null, resourceVersion=null, selfLink=null, additionalProperties={}), reason=Unauthorized, status=Failure, additionalProperties={}).
2025-01-29 14:01:10,386 INFO c.h.h.t.HelmChartContainer - [test-hivemq-platform] [hivemq] [75303c7f] INFO  - Shutting down extension system
2025-01-29 14:01:10,392 INFO c.h.h.t.HelmChartContainer - [test-hivemq-platform] [hivemq] [75303c7f] INFO  - Stopping extension with id hivemq-dns-cluster-discovery
2025-01-29 14:01:10,392 INFO c.h.h.t.HelmChartContainer - [test-hivemq-platform] [hivemq] [75303c7f] INFO  - Extension "DNS Cluster Discovery Extension" version 4.3.2 stopped successfully.
2025-01-29 14:01:10,393 INFO c.h.h.t.HelmChartContainer - [test-hivemq-platform] [hivemq] [75303c7f] INFO  - Stopping extension with id hivemq-prometheus-extension
2025-01-29 14:01:10,396 INFO c.h.h.t.HelmChartContainer - [test-hivemq-platform] [hivemq] [75303c7f] INFO  - Extension "Prometheus Monitoring Extension" version 4.0.12 stopped successfully.
2025-01-29 14:01:10,397 INFO c.h.h.t.HelmChartContainer - [test-hivemq-platform] [hivemq] [75303c7f] INFO  - Stopping extension with id hivemq-allow-all-extension
2025-01-29 14:01:10,397 INFO c.h.h.t.HelmChartContainer - [test-hivemq-platform] [hivemq] [75303c7f] INFO  - Extension "Allow All Extension" version 1.1.1 stopped successfully.
2025-01-29 14:01:11,900 INFO c.h.h.t.HelmChartContainer - [EVENT] Warning [Unhealthy] Readiness probe failed: HTTP probe failed with statuscode: 503 [helmwebsocketsit:test-hivemq-platform-0]
2025-01-29 14:01:11,900 INFO c.h.h.t.HelmChartContainer - Received Unhealthy event for container hivemq in pod test-hivemq-platform-0 [75303c7f-231e-41b7-96b9-c624e9662130]
2025-01-29 14:01:12,353 INFO c.h.h.t.HelmChartContainer - [K3S] [stateful_set.go:466] "StatefulSet has been deleted" key="helmwebsocketsit/test-hivemq-platform"
2025-01-29 14:01:12,614 INFO c.h.h.t.HelmChartContainer - [K3S] [authentication.go:74] "Unable to authenticate the request" err="[invalid bearer token, serviceaccounts \"hivemq-platform-pod-test-hivemq-platform\" not found]"
2025-01-29 14:01:12,719 INFO c.h.h.t.HelmChartContainer - [K3S] [authentication.go:74] "Unable to authenticate the request" err="[invalid bearer token, serviceaccounts \"hivemq-platform-pod-test-hivemq-platform\" not found]"
2025-01-29 14:01:12,778 INFO c.h.h.t.HelmChartContainer - [test-hivemq-platform] [hivemq] [75303c7f] INFO  - Shutdown completed.
2025-01-29 14:01:12,785 INFO c.h.h.t.HelmChartContainer - [test-hivemq-platform] [hivemq] [75303c7f] WARN  - [HiveMQ Platform Operator Init App 1.7.0-SNAPSHOT] Could not update Pod annotations: Failure executing: GET at: https://10.43.0.1:443/api/v1/namespaces/helmwebsocketsit/pods/test-hivemq-platform-0. Message: Unauthorized. Received status: Status(apiVersion=v1, code=401, details=null, kind=Status, message=Unauthorized, metadata=ListMeta(_continue=null, remainingItemCount=null, resourceVersion=null, selfLink=null, additionalProperties={}), reason=Unauthorized, status=Failure, additionalProperties={}).
2025-01-29 14:01:13,125 INFO c.h.h.t.HelmChartContainer - [test-hivemq-platform] [hivemq] [75303c7f] INFO  - [HiveMQ Platform Operator Init App 1.7.0-SNAPSHOT] The HiveMQ Platform exited with code 143
2025-01-29 14:01:13,125 INFO c.h.h.t.HelmChartContainer - [test-hivemq-platform] [hivemq] [75303c7f] INFO  - [HiveMQ Platform Operator Init App 1.7.0-SNAPSHOT] Stopping the REST API
2025-01-29 14:01:13,133 INFO c.h.h.t.HelmChartContainer - [test-hivemq-platform] [hivemq] [75303c7f] INFO  - [HiveMQ Platform Operator Init App 1.7.0-SNAPSHOT] Shutdown complete
2025-01-29 14:01:13,584 INFO c.h.h.t.HelmChartContainer - [POD] test-hivemq-platform-0 [75303c7f-231e-41b7-96b9-c624e9662130] in helmwebsocketsit was MODIFIED
2025-01-29 14:01:13,600 INFO c.h.h.t.HelmChartContainer - [K3S] [reconciler_common.go:162] "operationExecutor.UnmountVolume started for volume \"pod-info\" (UniqueName: \"kubernetes.io/configmap/75303c7f-231e-41b7-96b9-c624e9662130-pod-info\") pod \"75303c7f-231e-41b7-96b9-c624e9662130\" (UID: \"75303c7f-231e-41b7-96b9-c624e9662130\") "
2025-01-29 14:01:13,600 INFO c.h.h.t.HelmChartContainer - [K3S] [reconciler_common.go:162] "operationExecutor.UnmountVolume started for volume \"ws-keystore-8004\" (UniqueName: \"kubernetes.io/secret/75303c7f-231e-41b7-96b9-c624e9662130-ws-keystore-8004\") pod \"75303c7f-231e-41b7-96b9-c624e9662130\" (UID: \"75303c7f-231e-41b7-96b9-c624e9662130\") "
2025-01-29 14:01:13,600 INFO c.h.h.t.HelmChartContainer - [K3S] [reconciler_common.go:162] "operationExecutor.UnmountVolume started for volume \"operator-init\" (UniqueName: \"kubernetes.io/empty-dir/75303c7f-231e-41b7-96b9-c624e9662130-operator-init\") pod \"75303c7f-231e-41b7-96b9-c624e9662130\" (UID: \"75303c7f-231e-41b7-96b9-c624e9662130\") "
2025-01-29 14:01:13,602 INFO c.h.h.t.HelmChartContainer - [K3S] [reconciler_common.go:162] "operationExecutor.UnmountVolume started for volume \"broker-configuration\" (UniqueName: \"kubernetes.io/configmap/75303c7f-231e-41b7-96b9-c624e9662130-broker-configuration\") pod \"75303c7f-231e-41b7-96b9-c624e9662130\" (UID: \"75303c7f-231e-41b7-96b9-c624e9662130\") "
2025-01-29 14:01:13,602 INFO c.h.h.t.HelmChartContainer - [K3S] [reconciler_common.go:162] "operationExecutor.UnmountVolume started for volume \"ws-keystore-8003\" (UniqueName: \"kubernetes.io/secret/75303c7f-231e-41b7-96b9-c624e9662130-ws-keystore-8003\") pod \"75303c7f-231e-41b7-96b9-c624e9662130\" (UID: \"75303c7f-231e-41b7-96b9-c624e9662130\") "
2025-01-29 14:01:13,602 INFO c.h.h.t.HelmChartContainer - [K3S] [reconciler_common.go:162] "operationExecutor.UnmountVolume started for volume \"ws-truststore-8003\" (UniqueName: \"kubernetes.io/secret/75303c7f-231e-41b7-96b9-c624e9662130-ws-truststore-8003\") pod \"75303c7f-231e-41b7-96b9-c624e9662130\" (UID: \"75303c7f-231e-41b7-96b9-c624e9662130\") "
2025-01-29 14:01:13,602 INFO c.h.h.t.HelmChartContainer - [K3S] [reconciler_common.go:162] "operationExecutor.UnmountVolume started for volume \"kube-api-access-7lpxg\" (UniqueName: \"kubernetes.io/projected/75303c7f-231e-41b7-96b9-c624e9662130-kube-api-access-7lpxg\") pod \"75303c7f-231e-41b7-96b9-c624e9662130\" (UID: \"75303c7f-231e-41b7-96b9-c624e9662130\") "
2025-01-29 14:01:13,602 INFO c.h.h.t.HelmChartContainer - [K3S] [reconciler_common.go:162] "operationExecutor.UnmountVolume started for volume \"ws-truststore-8004\" (UniqueName: \"kubernetes.io/secret/75303c7f-231e-41b7-96b9-c624e9662130-ws-truststore-8004\") pod \"75303c7f-231e-41b7-96b9-c624e9662130\" (UID: \"75303c7f-231e-41b7-96b9-c624e9662130\") "
2025-01-29 14:01:13,645 INFO c.h.h.t.HelmChartContainer - [K3S] [scope.go:117] "RemoveContainer" containerID="1c4e1191ac6b70064aaa597e45cc8c51f4c0df2fd4500dc17596169defca172a"
2025-01-29 14:01:13,660 INFO c.h.h.t.HelmChartContainer - [POD] test-hivemq-platform-0 [75303c7f-231e-41b7-96b9-c624e9662130] in helmwebsocketsit was MODIFIED
2025-01-29 14:01:13,663 INFO c.h.h.t.HelmChartContainer - [POD] test-hivemq-platform-0 [75303c7f-231e-41b7-96b9-c624e9662130] in helmwebsocketsit was DELETED
2025-01-29 14:01:13,700 INFO c.h.h.t.HelmChartContainer - [K3S] [reconciler_common.go:299] "Volume detached for volume \"ws-keystore-8003\" (UniqueName: \"kubernetes.io/secret/75303c7f-231e-41b7-96b9-c624e9662130-ws-keystore-8003\") on node \"1ed3b785d818\" DevicePath \"\""
2025-01-29 14:01:13,701 INFO c.h.h.t.HelmChartContainer - [K3S] [reconciler_common.go:299] "Volume detached for volume \"ws-truststore-8003\" (UniqueName: \"kubernetes.io/secret/75303c7f-231e-41b7-96b9-c624e9662130-ws-truststore-8003\") on node \"1ed3b785d818\" DevicePath \"\""
2025-01-29 14:01:13,701 INFO c.h.h.t.HelmChartContainer - [K3S] [reconciler_common.go:299] "Volume detached for volume \"kube-api-access-7lpxg\" (UniqueName: \"kubernetes.io/projected/75303c7f-231e-41b7-96b9-c624e9662130-kube-api-access-7lpxg\") on node \"1ed3b785d818\" DevicePath \"\""
2025-01-29 14:01:13,701 INFO c.h.h.t.HelmChartContainer - [K3S] [reconciler_common.go:299] "Volume detached for volume \"ws-truststore-8004\" (UniqueName: \"kubernetes.io/secret/75303c7f-231e-41b7-96b9-c624e9662130-ws-truststore-8004\") on node \"1ed3b785d818\" DevicePath \"\""
2025-01-29 14:01:13,701 INFO c.h.h.t.HelmChartContainer - [K3S] [reconciler_common.go:299] "Volume detached for volume \"pod-info\" (UniqueName: \"kubernetes.io/configmap/75303c7f-231e-41b7-96b9-c624e9662130-pod-info\") on node \"1ed3b785d818\" DevicePath \"\""
2025-01-29 14:01:13,701 INFO c.h.h.t.HelmChartContainer - [K3S] [reconciler_common.go:299] "Volume detached for volume \"ws-keystore-8004\" (UniqueName: \"kubernetes.io/secret/75303c7f-231e-41b7-96b9-c624e9662130-ws-keystore-8004\") on node \"1ed3b785d818\" DevicePath \"\""
2025-01-29 14:01:13,701 INFO c.h.h.t.HelmChartContainer - [K3S] [reconciler_common.go:299] "Volume detached for volume \"operator-init\" (UniqueName: \"kubernetes.io/empty-dir/75303c7f-231e-41b7-96b9-c624e9662130-operator-init\") on node \"1ed3b785d818\" DevicePath \"\""
2025-01-29 14:01:13,701 INFO c.h.h.t.HelmChartContainer - [K3S] [reconciler_common.go:299] "Volume detached for volume \"broker-configuration\" (UniqueName: \"kubernetes.io/configmap/75303c7f-231e-41b7-96b9-c624e9662130-broker-configuration\") on node \"1ed3b785d818\" DevicePath \"\""
2025-01-29 14:01:13,744 INFO c.h.h.t.HelmChartContainer - [K3S] [scope.go:117] "RemoveContainer" containerID="314689f85ca1684aec7c12f07e73546153c9341e4e62accd2499f842cd297d5d"
2025-01-29 14:01:13,747 INFO c.h.h.t.HelmChartContainer - [K3S] [scope.go:117] "RemoveContainer" containerID="1c4e1191ac6b70064aaa597e45cc8c51f4c0df2fd4500dc17596169defca172a"
2025-01-29 14:01:13,747 INFO c.h.h.t.HelmChartContainer - [K3S] [scope.go:117] "RemoveContainer" containerID="314689f85ca1684aec7c12f07e73546153c9341e4e62accd2499f842cd297d5d"
2025-01-29 14:01:13,948 INFO c.h.h.t.HelmChartContainer - [K3S] [kubelet_volumes.go:163] "Cleaned up orphaned pod volumes dir" podUID="75303c7f-231e-41b7-96b9-c624e9662130" path="/var/lib/kubelet/pods/75303c7f-231e-41b7-96b9-c624e9662130/volumes"
2025-01-29 14:01:17,635 INFO c.h.h.t.HelmChartContainer - Namespace 'helmwebsocketsit' deleted
2025-01-29 14:01:17,635 INFO c.h.h.t.HelmChartContainer - Release 'test-hivemq-platform' in namespace 'helmwebsocketsit' is uninstalled
2025-01-29 14:01:17,635 INFO c.h.h.t.HelmChartContainer - Uninstalling release 'test-hivemq-platform-operator' in namespace 'helmwebsocketsit-operator'...
2025-01-29 14:01:17,635 DEBUG c.h.h.t.HelmChartContainer - Executing helm command: /bin/helm --kubeconfig /etc/rancher/k3s/k3s.yaml uninstall test-hivemq-platform-operator  --wait --timeout 5m0s --cascade foreground --namespace helmwebsocketsit-operator
2025-01-29 14:01:17,802 INFO c.h.h.t.HelmChartContainer - [K3S] [replica_set.go:679] "Finished syncing" kind="ReplicaSet" key="helmwebsocketsit-operator/hivemq-test-hivemq-platform-operator-6966f96d65" duration="10.558846ms"
2025-01-29 14:01:17,802 INFO c.h.h.t.HelmChartContainer - [K3S] [replica_set.go:679] "Finished syncing" kind="ReplicaSet" key="helmwebsocketsit-operator/hivemq-test-hivemq-platform-operator-6966f96d65" duration="30.407µs"
2025-01-29 14:01:17,824 INFO c.h.h.t.HelmChartContainer - [POD] hivemq-test-hivemq-platform-operator-6966f96d65-q6nrk [cf97f983-4a94-42c8-96aa-f9d858551326] in helmwebsocketsit-operator was MODIFIED
2025-01-29 14:01:17,829 INFO c.h.h.t.HelmChartContainer - [K3S] [replica_set.go:679] "Finished syncing" kind="ReplicaSet" key="helmwebsocketsit-operator/hivemq-test-hivemq-platform-operator-6966f96d65" duration="8.105396ms"
2025-01-29 14:01:17,831 INFO c.h.h.t.HelmChartContainer - [K3S] [replica_set.go:679] "Finished syncing" kind="ReplicaSet" key="helmwebsocketsit-operator/hivemq-test-hivemq-platform-operator-6966f96d65" duration="58.058µs"
2025-01-29 14:01:17,831 INFO c.h.h.t.HelmChartContainer - [EVENT] Normal [Killing] Stopping container hivemq-platform-operator [helmwebsocketsit-operator:hivemq-test-hivemq-platform-operator-6966f96d65-q6nrk]
2025-01-29 14:01:17,831 INFO c.h.h.t.HelmChartContainer - Received Killing event for container hivemq-platform-operator in pod hivemq-test-hivemq-platform-operator-6966f96d65-q6nrk [cf97f983-4a94-42c8-96aa-f9d858551326]
2025-01-29 14:01:17,831 INFO c.h.h.t.HelmChartContainer - Container [hivemq-test-hivemq-platform-operator-6966f96d65-q6nrk] [hivemq-platform-operator] [cf97f983-4a94-42c8-96aa-f9d858551326] was terminated
2025-01-29 14:01:17,831 INFO c.h.h.t.HelmChartContainer - Stopped log watcher for hivemq-platform-operator in pod hivemq-test-hivemq-platform-operator-6966f96d65-q6nrk [cf97f983-4a94-42c8-96aa-f9d858551326]
2025-01-29 14:01:17,861 INFO c.h.h.t.HelmChartContainer - [hivemq-test-hivemq-platform] [hivemq-platform-operator] [cf97f983] 14:01:17.858 [application-shutdown-thread] INFO  c.h.p.o.HiveMQPlatformOperatorApplication - HiveMQ Platform Operator is stopping...
2025-01-29 14:01:17,861 INFO c.h.h.t.HelmChartContainer - [hivemq-test-hivemq-platform] [hivemq-platform-operator] [cf97f983] 14:01:17.859 [application-shutdown-thread] INFO  i.javaoperatorsdk.operator.Operator - Operator SDK 4.9.7 is shutting down...
2025-01-29 14:01:18,424 INFO c.h.h.t.HelmChartContainer - [K3S] [replica_set.go:679] "Finished syncing" kind="ReplicaSet" key="helmwebsocketsit-operator/hivemq-test-hivemq-platform-operator-6966f96d65" duration="72.195µs"
2025-01-29 14:01:18,425 INFO c.h.h.t.HelmChartContainer - [POD] hivemq-test-hivemq-platform-operator-6966f96d65-q6nrk [cf97f983-4a94-42c8-96aa-f9d858551326] in helmwebsocketsit-operator was MODIFIED
2025-01-29 14:01:18,529 INFO c.h.h.t.HelmChartContainer - [K3S] [reconciler_common.go:162] "operationExecutor.UnmountVolume started for volume \"kube-api-access-4v8zf\" (UniqueName: \"kubernetes.io/projected/cf97f983-4a94-42c8-96aa-f9d858551326-kube-api-access-4v8zf\") pod \"cf97f983-4a94-42c8-96aa-f9d858551326\" (UID: \"cf97f983-4a94-42c8-96aa-f9d858551326\") "
2025-01-29 14:01:18,629 INFO c.h.h.t.HelmChartContainer - [K3S] [reconciler_common.go:299] "Volume detached for volume \"kube-api-access-4v8zf\" (UniqueName: \"kubernetes.io/projected/cf97f983-4a94-42c8-96aa-f9d858551326-kube-api-access-4v8zf\") on node \"1ed3b785d818\" DevicePath \"\""
2025-01-29 14:01:18,653 INFO c.h.h.t.HelmChartContainer - [K3S] [scope.go:117] "RemoveContainer" containerID="4c7054c8a24c73ff8e3ae64d1d9a88da877e5b08d47ec9a1b8841420816968d8"
2025-01-29 14:01:18,656 INFO c.h.h.t.HelmChartContainer - [K3S] [scope.go:117] "RemoveContainer" containerID="4c7054c8a24c73ff8e3ae64d1d9a88da877e5b08d47ec9a1b8841420816968d8"
2025-01-29 14:01:18,665 INFO c.h.h.t.HelmChartContainer - [K3S] [replica_set.go:679] "Finished syncing" kind="ReplicaSet" key="helmwebsocketsit-operator/hivemq-test-hivemq-platform-operator-6966f96d65" duration="38.341µs"
2025-01-29 14:01:18,665 INFO c.h.h.t.HelmChartContainer - [POD] hivemq-test-hivemq-platform-operator-6966f96d65-q6nrk [cf97f983-4a94-42c8-96aa-f9d858551326] in helmwebsocketsit-operator was MODIFIED
2025-01-29 14:01:18,667 INFO c.h.h.t.HelmChartContainer - [POD] hivemq-test-hivemq-platform-operator-6966f96d65-q6nrk [cf97f983-4a94-42c8-96aa-f9d858551326] in helmwebsocketsit-operator was DELETED
2025-01-29 14:01:18,667 INFO c.h.h.t.HelmChartContainer - [K3S] [replica_set.go:679] "Finished syncing" kind="ReplicaSet" key="helmwebsocketsit-operator/hivemq-test-hivemq-platform-operator-6966f96d65" duration="28.233µs"
2025-01-29 14:01:18,679 INFO c.h.h.t.HelmChartContainer - [K3S] [replica_set.go:679] "Finished syncing" kind="ReplicaSet" key="helmwebsocketsit-operator/hivemq-test-hivemq-platform-operator-6966f96d65" duration="5.089µs"
2025-01-29 14:01:19,831 INFO c.h.h.t.HelmChartContainer - Deleting namespace 'helmwebsocketsit-operator'...
2025-01-29 14:01:19,948 INFO c.h.h.t.HelmChartContainer - [K3S] [kubelet_volumes.go:163] "Cleaned up orphaned pod volumes dir" podUID="cf97f983-4a94-42c8-96aa-f9d858551326" path="/var/lib/kubelet/pods/cf97f983-4a94-42c8-96aa-f9d858551326/volumes"
2025-01-29 14:01:22,569 INFO c.h.h.t.HelmChartContainer - [K3S] [namespace_controller.go:187] "Namespace has been deleted" namespace="helmwebsocketsit"
2025-01-29 14:01:25,046 INFO c.h.h.t.HelmChartContainer - Namespace 'helmwebsocketsit-operator' deleted
2025-01-29 14:01:25,046 INFO c.h.h.t.HelmChartContainer - Release 'test-hivemq-platform-operator' in namespace 'helmwebsocketsit-operator' is uninstalled
2025-01-29 14:01:25,684 INFO c.h.helmcharts.AbstractHelmChartIT - Removed unused containers:

2025-01-29 14:01:29,951 INFO c.h.h.t.HelmChartContainer - [K3S] [namespace_controller.go:187] "Namespace has been deleted" namespace="helmwebsocketsit-operator"
2025-01-29 14:01:33,194 INFO c.h.helmcharts.AbstractHelmChartIT - Removed unused snapshots:
Removing snapshot sha256:03af251906410714c5aef9fa705b63f6bbc39c4a5e787de7361eeb18886c2ed2
Removing snapshot sha256:0c46b3b43cce082ce5ec34ffc6c294e0417d17b9d1e6f366d114b6aadc4f96dc
Removing snapshot sha256:0ce761beee59082d6ed5bcebd3a805b8ddd9b3426b617e4809e7fb7c6587ffec
Removing snapshot sha256:0df91287303208332c8ff6ba40ae4710105201739addbfbddfb955f1ad593664
Removing snapshot sha256:1021ef88c7974bfff89c5a0ec4fd3160daac6c48a075f74cff721f85dd104e68
Removing snapshot sha256:10aba4953ddc18145dd38e3704709bc464aa20af60b56fe52caaff4b68411e62
Removing snapshot sha256:187c12c00f9fa7f05b92c9532b5eeb5155afb2ccffcacc13a4adbd546379f3ca
Removing snapshot sha256:2573e0d8158209ed54ab25c87bcdcb00bd3d2539246960a3d592a1c599d70465
Removing snapshot sha256:362a8a37f8bbc31925a8146adcf7cf51f9882f5c1dcbef67c5baa03a297543c0
Removing snapshot sha256:3fa4ad33f0ddc8fd45b39b6b4640f82a3a83619606cd975bfe89d8710ad2d4cd
Removing snapshot sha256:43a7c979bbaba6838bc3102d6b10a1459f3ab050b87ccdfef84ef90cf43d3058
Removing snapshot sha256:4ab04491cdf0d3267f08206fe30bd48f49f94b9cab2f016d6739220f722a64af
Removing snapshot sha256:4b6068250e89c96f263060261819c7d912855bfbd64b3eb4c4a8483299b8c295
Removing snapshot sha256:580e69a0a8034ede1921139bbd2bfb72a69ebf276d008281896c32dd8bf74775
Removing snapshot sha256:5d30ba46b27fe37484567ccc5242cadc78217b8da605f3f195ef25cbf7487904
Removing snapshot sha256:63ca1fbb43ae5034640e5e6cb3e083e05c290072c5366fcaa9d62435a4cced85
Removing snapshot sha256:67f702c6baae873bceb19487c8b1f27bd2b86077e4f2f0e480e6d60ab508b8f5
Removing snapshot sha256:6864348dd42806d552efdec384f1274be15e2d0c10ce44c1f04347af004c10a9
Removing snapshot sha256:6c7dee8f2c39b84b7dc2711c01d33de93514d9055499173e9290176fbe484b6c
Removing snapshot sha256:82753493a6d61ded36556292f02f31841a14c20d2f279f19eaad65afb661d5cd
Removing snapshot sha256:8a10d3db42c505ee0fcfa98417bdd7e39b304f6bcc0a06bb1b220797ff2cc63c
Removing snapshot sha256:a21e5b12dbac529ad45d976eb9ce45c881f3bedcc500fb30aba1e52aa1813418
Removing snapshot sha256:b75110c03617b2138837d9b4ebe901590c1106644f4449109e18bbd3fb643eb1
Removing snapshot sha256:b921e6c28969094157f9b8e7244677780319637afd14450b7cb6b2fdea558a0c
Removing snapshot sha256:bc27ecb5769a00e309cf99ebc763c4a4b958b618d1decc96ffac5bc05f02f5b7
Removing snapshot sha256:be3ccb6627a5332e309d45ef461d09b4879dd870c7394d89323d0ebc6ca6aa8a
Removing snapshot sha256:c261f7cbbc64211ee175ee47273acdb7b1a36a4450b397a064a8f2c026490095
Removing snapshot sha256:c34d9393647eea0c9e3557ab988efaf59f61d10a2a5613b439ef0958cca5ec10
Removing snapshot sha256:ccf3c4a0fa967a41c1c83497a2ce6fa5787965859df0adb32c4ca2cf7490bc2b
Removing snapshot sha256:cf92d33f869417309692088c341cd0f223c178ea78a125f757317b22aa8f90e9
Removing snapshot sha256:d0037344cf2fb078884f1849f6a1f8cf9a33a3b6139b6a85833e5ee528e1f9a8
Removing snapshot sha256:d3b36d5b79273b1e98e7700470eaeff05a882e777124d84cebcc1505b85ecb36
Removing snapshot sha256:d65a44a37914602d12c611e5e22a50f11451d847e63015cc1c2aef92dee777a4
Removing snapshot sha256:e2dc0bae2455930f23ae570e019b7f32edc75c0f2d71cab084db837ff9051796
Removing snapshot sha256:eccbd24a99c60cd9e86ee5305dbfc4a4dc89f5ab4fb1f06c8d64797cecedef34
Removing snapshot sha256:f144bb4c7c7f0d2aa7eeffd36d934ec40db1ee167be727e326aad9fdc616f475

]]></system-out>
  </testcase>
  <system-out><![CDATA[2025-01-29 13:58:01,843 INFO c.h.h.t.HelmChartContainerExtension - Using cached HelmChartContainer instance
]]></system-out>
  <system-err><![CDATA[]]></system-err>
</testsuite>
