<?xml version="1.0" encoding="UTF-8"?>
<testsuite name="com.hivemq.helmcharts.extensions.HelmCustomExtensionIT" tests="1" skipped="0" failures="0" errors="0" timestamp="2025-10-01T20:20:34" hostname="runnervm3ublj" time="114.94">
  <properties/>
  <testcase name="platformChart_whenCustomExtensionIsConfigured_withHttp_thenStartsUpSuccessfully()" classname="com.hivemq.helmcharts.extensions.HelmCustomExtensionIT" time="114.94"/>
</testsuite>
