<?xml version="1.0" encoding="UTF-8"?>
<testsuite name="com.hivemq.helmcharts.monitoring.HelmMonitoringPlatformIT" tests="1" skipped="0" failures="0" errors="0" timestamp="2025-03-14T17:04:31" hostname="fv-az1341-521" time="244.677">
  <properties/>
  <testcase name="withPlatformMonitoringEnabled_metricsAndDashboardAvailable()" classname="com.hivemq.helmcharts.monitoring.HelmMonitoringPlatformIT" time="244.677"/>
</testsuite>
