<?xml version="1.0" encoding="UTF-8"?>
<testsuite name="com.hivemq.helmcharts.platform.HelmPlatformTlsIT" tests="2" skipped="0" failures="0" errors="0" timestamp="2025-01-28T20:43:02" hostname="fv-az1695-76" time="223.917">
  <properties/>
  <testcase name="platformChart_whenTlsEnabled_hivemqRunning(Path)" classname="com.hivemq.helmcharts.platform.HelmPlatformTlsIT" time="114.285">
    <system-out><![CDATA[2025-01-28 20:43:02,302 INFO c.h.h.t.HelmChartContainer - Creating namespace 'helmplatformtlsit-operator'...
2025-01-28 20:43:02,312 INFO c.h.h.t.HelmChartContainer - Namespace 'helmplatformtlsit-operator' created
2025-01-28 20:43:02,312 INFO c.h.h.t.HelmChartContainer - Creating namespace 'helmplatformtlsit'...
2025-01-28 20:43:02,320 INFO c.h.h.t.HelmChartContainer - Namespace 'helmplatformtlsit' created
2025-01-28 20:43:02,383 DEBUG c.h.h.t.HelmChartContainer - Executing helm command: /bin/helm --kubeconfig /etc/rancher/k3s/k3s.yaml install test-hivemq-platform-operator /charts/hivemq-platform-operator --wait --timeout 5m0s --set image.repository=docker.io/hivemq --set image.name=hivemq-platform-operator-test --set image.initImageName=hivemq-platform-operator-init-test --set image.tag=snapshot --set image.pullPolicy=Never --set logLevel=DEBUG --set resources.cpu=512m --namespace helmplatformtlsit-operator
2025-01-28 20:43:02,695 INFO c.h.h.t.HelmChartContainer - [K3S] [alloc.go:330] "allocated clusterIPs" service="helmplatformtlsit-operator/hivemq-platform-operator-test-hivemq-platform-operator" clusterIPs={"IPv4":"10.43.158.223"}
2025-01-28 20:43:02,707 INFO c.h.h.t.HelmChartContainer - [EVENT] Normal [ScalingReplicaSet] Scaled up replica set hivemq-test-hivemq-platform-operator-6966f96d65 from 0 to 1 [helmplatformtlsit-operator:hivemq-test-hivemq-platform-operator]
2025-01-28 20:43:02,715 INFO c.h.h.t.HelmChartContainer - [POD] hivemq-test-hivemq-platform-operator-6966f96d65-5dqq2 [4f7f4ba3-7923-4f4e-a7fb-7cd907212ffb] in helmplatformtlsit-operator was ADDED
2025-01-28 20:43:02,716 INFO c.h.h.t.HelmChartContainer - [EVENT] Normal [SuccessfulCreate] Created pod: hivemq-test-hivemq-platform-operator-6966f96d65-5dqq2 [helmplatformtlsit-operator:hivemq-test-hivemq-platform-operator-6966f96d65]
2025-01-28 20:43:02,718 INFO c.h.h.t.HelmChartContainer - [POD] hivemq-test-hivemq-platform-operator-6966f96d65-5dqq2 [4f7f4ba3-7923-4f4e-a7fb-7cd907212ffb] in helmplatformtlsit-operator was MODIFIED
2025-01-28 20:43:02,719 INFO c.h.h.t.HelmChartContainer - [K3S] [memory_manager.go:355] "RemoveStaleState removing state" podUID="a0466e74-fdd2-4bf9-b451-a7933769086e" containerName="hivemq-platform-operator"
2025-01-28 20:43:02,729 INFO c.h.h.t.HelmChartContainer - [K3S] [replica_set.go:679] "Finished syncing" kind="ReplicaSet" key="helmplatformtlsit-operator/hivemq-test-hivemq-platform-operator-6966f96d65" duration="23.563958ms"
2025-01-28 20:43:02,731 INFO c.h.h.t.HelmChartContainer - [EVENT] Normal [Scheduled] Successfully assigned helmplatformtlsit-operator/hivemq-test-hivemq-platform-operator-6966f96d65-5dqq2 to e242dccaa35f [helmplatformtlsit-operator:hivemq-test-hivemq-platform-operator-6966f96d65-5dqq2]
2025-01-28 20:43:02,737 INFO c.h.h.t.HelmChartContainer - [POD] hivemq-test-hivemq-platform-operator-6966f96d65-5dqq2 [4f7f4ba3-7923-4f4e-a7fb-7cd907212ffb] in helmplatformtlsit-operator was MODIFIED
2025-01-28 20:43:02,742 INFO c.h.h.t.HelmChartContainer - [K3S] [replica_set.go:679] "Finished syncing" kind="ReplicaSet" key="helmplatformtlsit-operator/hivemq-test-hivemq-platform-operator-6966f96d65" duration="14.751936ms"
2025-01-28 20:43:02,752 INFO c.h.h.t.HelmChartContainer - [K3S] [replica_set.go:679] "Finished syncing" kind="ReplicaSet" key="helmplatformtlsit-operator/hivemq-test-hivemq-platform-operator-6966f96d65" duration="9.43878ms"
2025-01-28 20:43:02,752 INFO c.h.h.t.HelmChartContainer - [K3S] [replica_set.go:679] "Finished syncing" kind="ReplicaSet" key="helmplatformtlsit-operator/hivemq-test-hivemq-platform-operator-6966f96d65" duration="35.356µs"
2025-01-28 20:43:02,776 INFO c.h.h.t.HelmChartContainer - [K3S] [reconciler_common.go:251] "operationExecutor.VerifyControllerAttachedVolume started for volume \"kube-api-access-qw24s\" (UniqueName: \"kubernetes.io/projected/4f7f4ba3-7923-4f4e-a7fb-7cd907212ffb-kube-api-access-qw24s\") pod \"hivemq-test-hivemq-platform-operator-6966f96d65-5dqq2\" (UID: \"4f7f4ba3-7923-4f4e-a7fb-7cd907212ffb\") " pod="helmplatformtlsit-operator/hivemq-test-hivemq-platform-operator-6966f96d65-5dqq2"
2025-01-28 20:43:03,111 INFO c.h.h.t.HelmChartContainer - [EVENT] Normal [Pulled] Container image "docker.io/hivemq/hivemq-platform-operator-test:snapshot" already present on machine [helmplatformtlsit-operator:hivemq-test-hivemq-platform-operator-6966f96d65-5dqq2]
2025-01-28 20:43:03,111 INFO c.h.h.t.HelmChartContainer - Received Pulled event for container hivemq-platform-operator in pod hivemq-test-hivemq-platform-operator-6966f96d65-5dqq2 [4f7f4ba3-7923-4f4e-a7fb-7cd907212ffb]
2025-01-28 20:43:04,340 INFO c.h.h.t.HelmChartContainer - [EVENT] Normal [Created] Created container: hivemq-platform-operator [helmplatformtlsit-operator:hivemq-test-hivemq-platform-operator-6966f96d65-5dqq2]
2025-01-28 20:43:04,340 INFO c.h.h.t.HelmChartContainer - Received Created event for container hivemq-platform-operator in pod hivemq-test-hivemq-platform-operator-6966f96d65-5dqq2 [4f7f4ba3-7923-4f4e-a7fb-7cd907212ffb]
2025-01-28 20:43:04,665 INFO c.h.h.t.HelmChartContainer - [K3S] [replica_set.go:679] "Finished syncing" kind="ReplicaSet" key="helmplatformtlsit-operator/hivemq-test-hivemq-platform-operator-6966f96d65" duration="57.938µs"
2025-01-28 20:43:04,667 INFO c.h.h.t.HelmChartContainer - [POD] hivemq-test-hivemq-platform-operator-6966f96d65-5dqq2 [4f7f4ba3-7923-4f4e-a7fb-7cd907212ffb] in helmplatformtlsit-operator was MODIFIED
2025-01-28 20:43:04,676 INFO c.h.h.t.HelmChartContainer - Started log watcher for hivemq-platform-operator in pod hivemq-test-hivemq-platform-operator-6966f96d65-5dqq2 [4f7f4ba3-7923-4f4e-a7fb-7cd907212ffb]
2025-01-28 20:43:04,676 INFO c.h.h.t.HelmChartContainer - [EVENT] Normal [Started] Started container hivemq-platform-operator [helmplatformtlsit-operator:hivemq-test-hivemq-platform-operator-6966f96d65-5dqq2]
2025-01-28 20:43:04,676 INFO c.h.h.t.HelmChartContainer - Received Started event for container hivemq-platform-operator in pod hivemq-test-hivemq-platform-operator-6966f96d65-5dqq2 [4f7f4ba3-7923-4f4e-a7fb-7cd907212ffb]
2025-01-28 20:43:04,677 INFO c.h.h.t.HelmChartContainer - [hivemq-test-hivemq-platform] [hivemq-platform-operator] [4f7f4ba3] -------------------------------------------------------------------------
2025-01-28 20:43:04,677 INFO c.h.h.t.HelmChartContainer - [hivemq-test-hivemq-platform] [hivemq-platform-operator] [4f7f4ba3] 
2025-01-28 20:43:04,677 INFO c.h.h.t.HelmChartContainer - [hivemq-test-hivemq-platform] [hivemq-platform-operator] [4f7f4ba3]                   _    _  _              __  __   ____
2025-01-28 20:43:04,677 INFO c.h.h.t.HelmChartContainer - [hivemq-test-hivemq-platform] [hivemq-platform-operator] [4f7f4ba3]                  | |  | |(_)            |  \/  | / __ \
2025-01-28 20:43:04,677 INFO c.h.h.t.HelmChartContainer - [hivemq-test-hivemq-platform] [hivemq-platform-operator] [4f7f4ba3]                  | |__| | _ __   __ ___ | \  / || |  | |
2025-01-28 20:43:04,677 INFO c.h.h.t.HelmChartContainer - [hivemq-test-hivemq-platform] [hivemq-platform-operator] [4f7f4ba3]                  |  __  || |\ \ / // _ \| |\/| || |  | |
2025-01-28 20:43:04,677 INFO c.h.h.t.HelmChartContainer - [hivemq-test-hivemq-platform] [hivemq-platform-operator] [4f7f4ba3]                  | |  | || | \ V /|  __/| |  | || |__| |
2025-01-28 20:43:04,677 INFO c.h.h.t.HelmChartContainer - [hivemq-test-hivemq-platform] [hivemq-platform-operator] [4f7f4ba3]                  |_|  |_||_|  \_/  \___||_|  |_| \___\_\
2025-01-28 20:43:04,677 INFO c.h.h.t.HelmChartContainer - [hivemq-test-hivemq-platform] [hivemq-platform-operator] [4f7f4ba3] 
2025-01-28 20:43:04,677 INFO c.h.h.t.HelmChartContainer - [hivemq-test-hivemq-platform] [hivemq-platform-operator] [4f7f4ba3] -------------------------------------------------------------------------
2025-01-28 20:43:04,677 INFO c.h.h.t.HelmChartContainer - [hivemq-test-hivemq-platform] [hivemq-platform-operator] [4f7f4ba3] 
2025-01-28 20:43:04,677 INFO c.h.h.t.HelmChartContainer - [hivemq-test-hivemq-platform] [hivemq-platform-operator] [4f7f4ba3]   HiveMQ Platform Operator Start Script v1.0
2025-01-28 20:43:04,677 INFO c.h.h.t.HelmChartContainer - [hivemq-test-hivemq-platform] [hivemq-platform-operator] [4f7f4ba3] 
2025-01-28 20:43:04,677 INFO c.h.h.t.HelmChartContainer - [hivemq-test-hivemq-platform] [hivemq-platform-operator] [4f7f4ba3] -------------------------------------------------------------------------
2025-01-28 20:43:04,677 INFO c.h.h.t.HelmChartContainer - [hivemq-test-hivemq-platform] [hivemq-platform-operator] [4f7f4ba3] 
2025-01-28 20:43:04,677 INFO c.h.h.t.HelmChartContainer - [hivemq-test-hivemq-platform] [hivemq-platform-operator] [4f7f4ba3]   JAVA_OPTS: -XX:+UnlockExperimentalVMOptions -XX:InitialRAMPercentage=75 -XX:MaxRAMPercentage=75 -Duser.language=en -Duser.region=US
2025-01-28 20:43:04,677 INFO c.h.h.t.HelmChartContainer - [hivemq-test-hivemq-platform] [hivemq-platform-operator] [4f7f4ba3] 
2025-01-28 20:43:04,677 INFO c.h.h.t.HelmChartContainer - [hivemq-test-hivemq-platform] [hivemq-platform-operator] [4f7f4ba3]   JAVA_VERSION: 21
2025-01-28 20:43:04,677 INFO c.h.h.t.HelmChartContainer - [hivemq-test-hivemq-platform] [hivemq-platform-operator] [4f7f4ba3] 
2025-01-28 20:43:04,677 INFO c.h.h.t.HelmChartContainer - [hivemq-test-hivemq-platform] [hivemq-platform-operator] [4f7f4ba3] -------------------------------------------------------------------------
2025-01-28 20:43:04,677 INFO c.h.h.t.HelmChartContainer - [hivemq-test-hivemq-platform] [hivemq-platform-operator] [4f7f4ba3] 
2025-01-28 20:43:07,498 INFO c.h.h.t.HelmChartContainer - [hivemq-test-hivemq-platform] [hivemq-platform-operator] [4f7f4ba3] 20:43:07.496 [main] DEBUG org.jboss.logging - Logging Provider: org.jboss.logging.Slf4jLoggerProvider
2025-01-28 20:43:07,621 INFO c.h.h.t.HelmChartContainer - [hivemq-test-hivemq-platform] [hivemq-platform-operator] [4f7f4ba3] 20:43:07.620 [main] DEBUG io.smallrye.config - SRCFG01006: Loaded ConfigSource SysPropConfigSource with ordinal 400
2025-01-28 20:43:07,622 INFO c.h.h.t.HelmChartContainer - [hivemq-test-hivemq-platform] [hivemq-platform-operator] [4f7f4ba3] 20:43:07.620 [main] DEBUG io.smallrye.config - SRCFG01006: Loaded ConfigSource EnvConfigSource with ordinal 300
2025-01-28 20:43:07,622 INFO c.h.h.t.HelmChartContainer - [hivemq-test-hivemq-platform] [hivemq-platform-operator] [4f7f4ba3] 20:43:07.620 [main] DEBUG io.smallrye.config - SRCFG01006: Loaded ConfigSource PropertiesConfigSource[source=jar:file:///opt/hivemq-platform-operator/bin/hivemq-platform-operator.jar!/hivemq-platform-operator.properties] with ordinal 100
2025-01-28 20:43:07,622 INFO c.h.h.t.HelmChartContainer - [hivemq-test-hivemq-platform] [hivemq-platform-operator] [4f7f4ba3] 20:43:07.620 [main] DEBUG io.smallrye.config - SRCFG01006: Loaded ConfigSource DefaultValuesConfigSource with ordinal -2147483648
2025-01-28 20:43:07,723 INFO c.h.h.t.HelmChartContainer - [hivemq-test-hivemq-platform] [hivemq-platform-operator] [4f7f4ba3] 20:43:07.721 [main] DEBUG i.m.c.u.i.l.InternalLoggerFactory - Using SLF4J as the default logging framework
2025-01-28 20:43:07,897 INFO c.h.h.t.HelmChartContainer - [hivemq-test-hivemq-platform] [hivemq-platform-operator] [4f7f4ba3] 20:43:07.888 [main] INFO  c.h.p.o.HiveMQPlatformOperatorApplication - HiveMQ Platform Operator 1.7.0-SNAPSHOT (commit: bebf408 on branch: HEAD) built on Sun Jan 26 20:47:47 UTC 2025
2025-01-28 20:43:07,897 INFO c.h.h.t.HelmChartContainer - [hivemq-test-hivemq-platform] [hivemq-platform-operator] [4f7f4ba3] 20:43:07.894 [main] INFO  c.h.p.o.HiveMQPlatformOperatorApplication - HiveMQ Platform Operator is running in namespace: helmplatformtlsit-operator
2025-01-28 20:43:07,897 INFO c.h.h.t.HelmChartContainer - [hivemq-test-hivemq-platform] [hivemq-platform-operator] [4f7f4ba3] 20:43:07.895 [main] INFO  c.h.p.o.HiveMQPlatformOperatorApplication - Watching all namespaces
2025-01-28 20:43:07,897 INFO c.h.h.t.HelmChartContainer - [hivemq-test-hivemq-platform] [hivemq-platform-operator] [4f7f4ba3] 20:43:07.895 [main] INFO  c.h.p.o.HiveMQPlatformOperatorApplication - Log level: DEBUG
2025-01-28 20:43:07,897 INFO c.h.h.t.HelmChartContainer - [hivemq-test-hivemq-platform] [hivemq-platform-operator] [4f7f4ba3] 20:43:07.895 [main] INFO  c.h.p.o.HiveMQPlatformOperatorApplication - Release name: test-hivemq-platform-operator
2025-01-28 20:43:07,897 INFO c.h.h.t.HelmChartContainer - [hivemq-test-hivemq-platform] [hivemq-platform-operator] [4f7f4ba3] 20:43:07.895 [main] INFO  c.h.p.o.HiveMQPlatformOperatorApplication - HiveMQ Platform Operator Init image: docker.io/hivemq/hivemq-platform-operator-init-test:snapshot
2025-01-28 20:43:07,897 INFO c.h.h.t.HelmChartContainer - [hivemq-test-hivemq-platform] [hivemq-platform-operator] [4f7f4ba3] 20:43:07.895 [main] INFO  c.h.p.o.HiveMQPlatformOperatorApplication - HiveMQ Platform Operator Init App update URL: http://hivemq-platform-operator-test-hivemq-platform-operator.helmplatformtlsit-operator.svc:8080/initAppUpdate/hivemq-platform-operator-init-app-1.7.0-SNAPSHOT.jar
2025-01-28 20:43:07,897 INFO c.h.h.t.HelmChartContainer - [hivemq-test-hivemq-platform] [hivemq-platform-operator] [4f7f4ba3] 20:43:07.895 [main] INFO  c.h.p.o.HiveMQPlatformOperatorApplication - Additional imagePullSecret for all Platform deployments: none
2025-01-28 20:43:07,897 INFO c.h.h.t.HelmChartContainer - [hivemq-test-hivemq-platform] [hivemq-platform-operator] [4f7f4ba3] 20:43:07.895 [main] INFO  c.h.p.o.HiveMQPlatformOperatorApplication - Apply HiveMQ Platform CRD: true
2025-01-28 20:43:07,897 INFO c.h.h.t.HelmChartContainer - [hivemq-test-hivemq-platform] [hivemq-platform-operator] [4f7f4ba3] 20:43:07.895 [main] INFO  c.h.p.o.HiveMQPlatformOperatorApplication - Create Platform ServiceAccount: true
2025-01-28 20:43:07,897 INFO c.h.h.t.HelmChartContainer - [hivemq-test-hivemq-platform] [hivemq-platform-operator] [4f7f4ba3] 20:43:07.895 [main] INFO  c.h.p.o.HiveMQPlatformOperatorApplication - Create Platform ServiceAccount permissions: true
2025-01-28 20:43:07,897 INFO c.h.h.t.HelmChartContainer - [hivemq-test-hivemq-platform] [hivemq-platform-operator] [4f7f4ba3] 20:43:07.895 [main] INFO  c.h.p.o.HiveMQPlatformOperatorApplication - Validate Platform ServiceAccount: true
2025-01-28 20:43:07,897 INFO c.h.h.t.HelmChartContainer - [hivemq-test-hivemq-platform] [hivemq-platform-operator] [4f7f4ba3] 20:43:07.895 [main] INFO  c.h.p.o.HiveMQPlatformOperatorApplication - Validate Platform ServiceAccount permissions: true
2025-01-28 20:43:08,024 INFO c.h.h.t.HelmChartContainer - [hivemq-test-hivemq-platform] [hivemq-platform-operator] [4f7f4ba3] 20:43:08.023 [main] INFO  c.h.platform.operator.util.CRDUtil - Verifying deployed HiveMQ Platform CRD...
2025-01-28 20:43:10,520 INFO c.h.h.t.HelmChartContainer - [hivemq-test-hivemq-platform] [hivemq-platform-operator] [4f7f4ba3] 20:43:10.518 [main] DEBUG c.h.platform.operator.util.CRDUtil - HiveMQ Platform CRD version v1 is up to date
2025-01-28 20:43:10,520 INFO c.h.h.t.HelmChartContainer - [hivemq-test-hivemq-platform] [hivemq-platform-operator] [4f7f4ba3] 20:43:10.518 [main] INFO  c.h.platform.operator.util.CRDUtil - HiveMQ Platform CRD is up to date (version: V1_6_0)
2025-01-28 20:43:10,520 INFO c.h.h.t.HelmChartContainer - [hivemq-test-hivemq-platform] [hivemq-platform-operator] [4f7f4ba3] 20:43:10.518 [main] INFO  c.h.platform.operator.util.CRDUtil - Waiting 10000 ms for HiveMQ Platform CRD 'hivemq-platforms.hivemq.com' to become ready...
2025-01-28 20:43:10,796 INFO c.h.h.t.HelmChartContainer - [hivemq-test-hivemq-platform] [hivemq-platform-operator] [4f7f4ba3] 20:43:10.795 [vert.x-eventloop-thread-1] DEBUG c.h.platform.operator.util.CRDUtil - Checking CRD condition 'NamesAccepted' (status: 'True')
2025-01-28 20:43:10,798 INFO c.h.h.t.HelmChartContainer - [hivemq-test-hivemq-platform] [hivemq-platform-operator] [4f7f4ba3] 20:43:10.796 [vert.x-eventloop-thread-1] DEBUG c.h.platform.operator.util.CRDUtil - Checking CRD condition 'Established' (status: 'True')
2025-01-28 20:43:10,798 INFO c.h.h.t.HelmChartContainer - [hivemq-test-hivemq-platform] [hivemq-platform-operator] [4f7f4ba3] 20:43:10.796 [main] INFO  c.h.platform.operator.util.CRDUtil - HiveMQ Platform CRD 'hivemq-platforms.hivemq.com' is ready
2025-01-28 20:43:10,924 INFO c.h.h.t.HelmChartContainer - [hivemq-test-hivemq-platform] [hivemq-platform-operator] [4f7f4ba3] 20:43:10.923 [main] INFO  c.h.p.o.HiveMQPlatformReconciler - HiveMQ Platform Operator is starting...
2025-01-28 20:43:11,019 INFO c.h.h.t.HelmChartContainer - [hivemq-test-hivemq-platform] [hivemq-platform-operator] [4f7f4ba3] 20:43:11.018 [main] WARN  Default ConfigurationService implementation - Configuration for reconciler 'hivemq-controller' was not found. Known reconcilers: None.
2025-01-28 20:43:11,087 INFO c.h.h.t.HelmChartContainer - [hivemq-test-hivemq-platform] [hivemq-platform-operator] [4f7f4ba3] 20:43:11.086 [main] INFO  Default ConfigurationService implementation - Created configuration for reconciler com.hivemq.platform.operator.HiveMQPlatformReconciler with name hivemq-controller
2025-01-28 20:43:11,188 INFO c.h.h.t.HelmChartContainer - [hivemq-test-hivemq-platform] [hivemq-platform-operator] [4f7f4ba3] 20:43:11.187 [main] DEBUG c.h.p.o.HiveMQPlatformReconciler - HiveMQ Platform Operator is preparing EventSources
2025-01-28 20:43:11,201 INFO c.h.h.t.HelmChartContainer - [hivemq-test-hivemq-platform] [hivemq-platform-operator] [4f7f4ba3] 20:43:11.201 [main] INFO  i.javaoperatorsdk.operator.Operator - Registered reconciler: 'hivemq-controller' for resource: 'class com.hivemq.platform.operator.v1.HiveMQPlatform' for namespace(s): [all namespaces]
2025-01-28 20:43:11,703 INFO c.h.h.t.HelmChartContainer - [hivemq-test-hivemq-platform] [hivemq-platform-operator] [4f7f4ba3] 20:43:11.701 [main] INFO  c.h.p.operator.webserver.JettyServer - Starting Jetty server on port 8080
2025-01-28 20:43:11,792 INFO c.h.h.t.HelmChartContainer - [hivemq-test-hivemq-platform] [hivemq-platform-operator] [4f7f4ba3] 20:43:11.791 [main] INFO  i.javaoperatorsdk.operator.Operator - Operator SDK 4.9.7 (commit: 2133d28) built on Wed Nov 20 12:56:20 UTC 2024 starting...
2025-01-28 20:43:11,792 INFO c.h.h.t.HelmChartContainer - [hivemq-test-hivemq-platform] [hivemq-platform-operator] [4f7f4ba3] 20:43:11.791 [main] INFO  i.javaoperatorsdk.operator.Operator - Client version: 6.13.4
2025-01-28 20:43:11,796 INFO c.h.h.t.HelmChartContainer - [hivemq-test-hivemq-platform] [hivemq-platform-operator] [4f7f4ba3] 20:43:11.792 [Controller Starter for: hivemq-controller] INFO  i.j.operator.processing.Controller - Starting 'hivemq-controller' controller for reconciler: com.hivemq.platform.operator.HiveMQPlatformReconciler, resource: com.hivemq.platform.operator.v1.HiveMQPlatform
2025-01-28 20:43:14,022 INFO c.h.h.t.HelmChartContainer - [hivemq-test-hivemq-platform] [hivemq-platform-operator] [4f7f4ba3] 20:43:14.021 [Controller Starter for: hivemq-controller] INFO  i.j.operator.processing.Controller - 'hivemq-controller' controller started
2025-01-28 20:43:14,022 INFO c.h.h.t.HelmChartContainer - [hivemq-test-hivemq-platform] [hivemq-platform-operator] [4f7f4ba3] 20:43:14.021 [main] INFO  c.h.p.o.HiveMQPlatformOperatorApplication - HiveMQ Platform Operator 1.7.0-SNAPSHOT started in 6132 ms
2025-01-28 20:43:15,672 INFO c.h.h.t.HelmChartContainer - [POD] hivemq-test-hivemq-platform-operator-6966f96d65-5dqq2 [4f7f4ba3-7923-4f4e-a7fb-7cd907212ffb] in helmplatformtlsit-operator was MODIFIED
2025-01-28 20:43:15,679 INFO c.h.h.t.HelmChartContainer - [K3S] [replica_set.go:679] "Finished syncing" kind="ReplicaSet" key="helmplatformtlsit-operator/hivemq-test-hivemq-platform-operator-6966f96d65" duration="6.709261ms"
2025-01-28 20:43:15,679 INFO c.h.h.t.HelmChartContainer - [K3S] [replica_set.go:679] "Finished syncing" kind="ReplicaSet" key="helmplatformtlsit-operator/hivemq-test-hivemq-platform-operator-6966f96d65" duration="36.478µs"
2025-01-28 20:43:17,052 DEBUG c.h.helmcharts.util.CertificatesUtil - .+..+...+......+....+..+....+...+...........+++++++++++++++++++++++++++++++++++++++++++++++++++++++++++++++++*..+....+...+.....+.+...............+............+...+......+.....+.+..+..........+++++++++++++++++++++++++++++++++++++++++++++++++++++++++++++++++*....+.+......+..+.+...........+......+...............+..........+...+..+.........+...+.......+......+.........+........+.+......+.....+....+..+.......+........+.......+...+...+.........+...+..+.......+........+......+..........+..+...+.+...+...+.........+......+..+..........+.................+.+...+..+...+......+.+..+...+++++++++++++++++++++++++++++++++++++++++++++++++++++++++++++++++
2025-01-28 20:43:17,256 DEBUG c.h.helmcharts.util.CertificatesUtil - ..................+++++++++++++++++++++++++++++++++++++++++++++++++++++++++++++++++*.+...+...+.+........................+.........+..+..........+......+..+++++++++++++++++++++++++++++++++++++++++++++++++++++++++++++++++*.+......+.....+.+........+....+...+...+.........+..+.+...+...........+....+..+.......+.................+.........+......+...+.+......+..................+...+...+.....+.........+..........+..+...+...+...+....+.....+...+..................+.+........+.+......+.....+......+....+......+...+..............+.+.................+.............+............+..+.......+.........+..+...+....+...+.....+....+...+..+.........+.......+.........+...+..+...+.+..+...+.+......+........+.+.....................+..+.+......+.....+.+..+.......+...........+..........+.........+...............+...+.....+.......+...+...........+.......+..+.......+...+..+.........+.+.....+.+.....+.......+.....+.+.........+.....+.+......+......+........+......+...+................+.....+......+......+...+.+.....+....+..+...+....+........+....+...+............+.........+.....+....+...+........+.......+..+.+............+.........+++++++++++++++++++++++++++++++++++++++++++++++++++++++++++++++++
2025-01-28 20:43:17,259 DEBUG c.h.helmcharts.util.CertificatesUtil - -----
2025-01-28 20:43:17,284 DEBUG c.h.helmcharts.util.CertificatesUtil - Certificate request self-signature ok
2025-01-28 20:43:17,284 DEBUG c.h.helmcharts.util.CertificatesUtil - subject=C = CA, CN = secure-service-platform.default.svc
2025-01-28 20:43:17,289 DEBUG c.h.helmcharts.util.CertificatesUtil - >> Generating keystore and truststore files
2025-01-28 20:43:17,464 DEBUG c.h.helmcharts.util.CertificatesUtil - Importing keystore key.pkcs12 to keystore.jks...
2025-01-28 20:43:17,645 DEBUG c.h.helmcharts.util.CertificatesUtil - Entry for alias 1 successfully imported.
2025-01-28 20:43:17,651 DEBUG c.h.helmcharts.util.CertificatesUtil - Import command completed:  1 entries successfully imported, 0 entries failed or cancelled
2025-01-28 20:43:17,653 DEBUG c.h.helmcharts.util.CertificatesUtil - 
2025-01-28 20:43:17,653 DEBUG c.h.helmcharts.util.CertificatesUtil - Warning:
2025-01-28 20:43:17,653 DEBUG c.h.helmcharts.util.CertificatesUtil - The JKS keystore uses a proprietary format. It is recommended to migrate to PKCS12 which is an industry standard format using "keytool -importkeystore -srckeystore keystore.jks -destkeystore keystore.jks -deststoretype pkcs12".
2025-01-28 20:43:17,923 DEBUG c.h.helmcharts.util.CertificatesUtil - Certificate stored in file <secure-service-platform.pem>
2025-01-28 20:43:18,163 DEBUG c.h.helmcharts.util.CertificatesUtil - Certificate was added to keystore
2025-01-28 20:43:18,713 DEBUG c.h.helmcharts.util.CertificatesUtil - Certificate was added to keystore
2025-01-28 20:43:19,260 DEBUG c.h.helmcharts.util.CertificatesUtil - >> Create client certificates
2025-01-28 20:43:19,467 DEBUG c.h.helmcharts.util.CertificatesUtil - ....+...+...+..+...+............+....+........+...+.......+........+...+..........+.....+.+.....+..........+...+..+.............+...+...+..+.........+.+..+............+++++++++++++++++++++++++++++++++++++++++++++++++++++++++++++++++*.....+......+..+.............+..+++++++++++++++++++++++++++++++++++++++++++++++++++++++++++++++++*........+.+...........+......+...+.....................+.+.....+.......+..+...+...+............+................+..+.......+......+...........+.+..+......+....+...+..+............+.+...+..+...+......+...+.......+...............+...+......+.........+...+..+.....................+.......+.........+...+..+.+.....+..........+...+..............+...............+.+.....................+.....+...+...+....+.....+.+.....+...+...............+....+.................+......+.......+........+.........+.+.........+......+.....+...+..............................+................+........+..........+...........+.+...+..+...+.+...........+.............+..+......+...+.+...+........+.......+......+.........+...........+.......+..+......+....+............+......+...+..+............+............+....+.....+......+....+.........+.....+.+++++++++++++++++++++++++++++++++++++++++++++++++++++++++++++++++
2025-01-28 20:43:19,912 DEBUG c.h.helmcharts.util.CertificatesUtil - ......+.........+..+...+......+.+..+...+............+................+++++++++++++++++++++++++++++++++++++++++++++++++++++++++++++++++*....+.........+.+..+++++++++++++++++++++++++++++++++++++++++++++++++++++++++++++++++*...+.....+.+..+.......+......+...+..+.........+.+........+..........+..+...+....+.....+...+.........+...+.+.....+....+...+..+............+...+.+..............+......+.+.....+...+..........+......+............+..+.......+.......................+.+.........+...........+.+......+.....+...+......+...............+...............+.+...+..+.........+..................+..........+...+.........+......+.....+....+...........+...+.......+...+.........+...+.....+....+...........+........................+....+.....+............+............+.....................+....+..+...+.+..+............+......+.+...+...+.....+.......+...+..+.+......+......+...+..+....+......+............+...+..............+...+...............+...+.......+...............+..+...+......+.+......+.....+..........+.....+...+............+.......+..+...+.......+..........................+..........+........+.......+...+..+....+...........+....+.........+.....+......+...+.........................+...........+.+...+......+.....+......+...............+.........+.+...+...+...+.....+....+....................+.......+........+.+............+..................+......+...+........+....+...+........+.............+..+.......+..+..........+.........+..............+.+.....+.......+..+..........+...+..+.............+.....+..........+..+.......+..............+.........+......+.+...+..+..................+.+.....+.+......+.....+...+.+...+........+.......+......+..+.......+...............+........+.........+....+......+........+.+...........+...+............+.+...+..+............+.......+.........+.....+.......+...+......+...+..+.........+......+...+..........+..+.+..............+..................+.+.........+..+...+.+..+...+....+.....+.+..+....+........+.+......+.....+.+.........+......+.........+......+........+............+............+.+..+..........+..+.......+......+...............+...+..+....+........+...+...+.+...+.................+...+.+.................+.............+..............+......+......+.........+....+........+.............+............+.........+..................+...+..+++++++++++++++++++++++++++++++++++++++++++++++++++++++++++++++++
2025-01-28 20:43:19,915 DEBUG c.h.helmcharts.util.CertificatesUtil - -----
2025-01-28 20:43:19,941 DEBUG c.h.helmcharts.util.CertificatesUtil - >> Import the certificates
2025-01-28 20:43:20,259 DEBUG c.h.helmcharts.util.CertificatesUtil - Certificate was added to keystore
2025-01-28 20:43:20,478 DEBUG c.h.h.t.HelmChartContainer - Executing helm command: /bin/helm --kubeconfig /etc/rancher/k3s/k3s.yaml install test-hivemq-platform /charts/hivemq-platform --wait --timeout 5m0s --set image.repository=docker.io/hivemq --set image.tag=4.36.0 --set image.pullPolicy=Never --set nodes.resources.cpu=512m -f /files/tls-mqtt-values.yaml --namespace helmplatformtlsit
2025-01-28 20:43:20,788 INFO c.h.h.t.HelmChartContainer - [hivemq-test-hivemq-platform] [hivemq-platform-operator] [4f7f4ba3] 20:43:20.785 [-373097727-pool-1-thread-3] WARN  i.m.p.PrometheusMeterRegistry - The meter (MeterId{name='operator.sdk.events.received', tags=[tag(action=ADDED),tag(event=ResourceEvent),tag(group=hivemq.com),tag(kind=HiveMQPlatform),tag(name=test-hivemq-platform),tag(namespace=helmplatformtlsit),tag(scope=namespace),tag(version=v1)]}) registration has failed: Prometheus requires that all meters with the same name have the same set of tag keys. There is already an existing meter named 'operator.sdk.events.received' containing tag keys [event, group, kind, name, namespace, scope, version]. The meter you are attempting to register has keys [action, event, group, kind, name, namespace, scope, version]. Note that subsequent logs will be logged at debug level.
2025-01-28 20:43:21,288 INFO c.h.h.t.HelmChartContainer - [hivemq-test-hivemq-platform] [hivemq-platform-operator] [4f7f4ba3] 20:43:21.217 [pool-6-thread-3] DEBUG c.h.p.o.dependants.PodInfoConfigMap - [helmplat] Desired PodInfo ConfigMap (1 extensions) (1 enabled)
2025-01-28 20:43:21,288 INFO c.h.h.t.HelmChartContainer - [hivemq-test-hivemq-platform] [hivemq-platform-operator] [4f7f4ba3] 20:43:21.285 [pool-6-thread-3] DEBUG c.h.p.o.dependants.PodInfoConfigMap - [helmplat] Desired PodInfo ConfigMap (metrics port: 9399) (metrics path: /)
2025-01-28 20:43:21,288 INFO c.h.h.t.HelmChartContainer - [hivemq-test-hivemq-platform] [hivemq-platform-operator] [4f7f4ba3] 20:43:21.285 [pool-6-thread-3] DEBUG c.h.p.o.dependants.PodInfoConfigMap - [helmplat] Desired PodInfo ConfigMap (extension state hash: -1817474005)
2025-01-28 20:43:21,289 INFO c.h.h.t.HelmChartContainer - [hivemq-test-hivemq-platform] [hivemq-platform-operator] [4f7f4ba3] 20:43:21.287 [pool-6-thread-3] DEBUG c.h.p.o.dependants.PodInfoConfigMap - [helmplat] Create PodInfo ConfigMap
2025-01-28 20:43:21,391 INFO c.h.h.t.HelmChartContainer - [hivemq-test-hivemq-platform] [hivemq-platform-operator] [4f7f4ba3] 20:43:21.387 [pool-6-thread-5] DEBUG c.h.p.o.dependants.PodRoleResource - [helmplat] Create Role: Role(apiVersion=rbac.authorization.k8s.io/v1, kind=Role, metadata=ObjectMeta(annotations={meta.helm.sh/release-name=test-hivemq-platform, meta.helm.sh/release-namespace=helmplatformtlsit}, creationTimestamp=null, deletionGracePeriodSeconds=null, deletionTimestamp=null, finalizers=[], generateName=null, generation=null, labels={helm.sh/chart=hivemq-platform-0.2.32, app.kubernetes.io/managed-by=Helm, app.kubernetes.io/name=hivemq-platform, hivemq-platform=test-hivemq-platform, app.kubernetes.io/instance=test-hivemq-platform, app.kubernetes.io/version=4.36.0}, managedFields=[], name=hivemq-platform-role-test-hivemq-platform, namespace=helmplatformtlsit, ownerReferences=[OwnerReference(apiVersion=hivemq.com/v1, blockOwnerDeletion=null, controller=null, kind=HiveMQPlatform, name=test-hivemq-platform, uid=d508d3e0-32a0-40d7-9bb1-07795018489a, additionalProperties={})], resourceVersion=null, selfLink=null, uid=null, additionalProperties={}), rules=[PolicyRule(apiGroups=[], nonResourceURLs=[], resourceNames=[], resources=[pods], verbs=[get, patch, update], additionalProperties={})], additionalProperties={})
2025-01-28 20:43:21,496 INFO c.h.h.t.HelmChartContainer - [hivemq-test-hivemq-platform] [hivemq-platform-operator] [4f7f4ba3] 20:43:21.494 [pool-6-thread-7] DEBUG c.h.p.o.d.PodServiceAccountResource - [helmplat] Desired PodServiceAccountResource (serviceAccountName: hivemq-platform-pod-test-hivemq-platform)
2025-01-28 20:43:21,498 INFO c.h.h.t.HelmChartContainer - [hivemq-test-hivemq-platform] [hivemq-platform-operator] [4f7f4ba3] 20:43:21.495 [pool-6-thread-7] DEBUG c.h.p.o.d.PodServiceAccountResource - [helmplat] Create ServiceAccount 'hivemq-platform-pod-test-hivemq-platform'
2025-01-28 20:43:21,616 INFO c.h.h.t.HelmChartContainer - [hivemq-test-hivemq-platform] [hivemq-platform-operator] [4f7f4ba3] 20:43:21.615 [pool-6-thread-10] DEBUG c.h.p.o.d.PodRoleBindingResource - [helmplat] Create RoleBinding: RoleBinding(apiVersion=rbac.authorization.k8s.io/v1, kind=RoleBinding, metadata=ObjectMeta(annotations={meta.helm.sh/release-name=test-hivemq-platform, meta.helm.sh/release-namespace=helmplatformtlsit}, creationTimestamp=null, deletionGracePeriodSeconds=null, deletionTimestamp=null, finalizers=[], generateName=null, generation=null, labels={helm.sh/chart=hivemq-platform-0.2.32, app.kubernetes.io/managed-by=Helm, app.kubernetes.io/name=hivemq-platform, hivemq-platform=test-hivemq-platform, app.kubernetes.io/instance=test-hivemq-platform, app.kubernetes.io/version=4.36.0}, managedFields=[], name=hivemq-platform-role-binding-test-hivemq-platform, namespace=helmplatformtlsit, ownerReferences=[OwnerReference(apiVersion=hivemq.com/v1, blockOwnerDeletion=null, controller=null, kind=HiveMQPlatform, name=test-hivemq-platform, uid=d508d3e0-32a0-40d7-9bb1-07795018489a, additionalProperties={})], resourceVersion=null, selfLink=null, uid=null, additionalProperties={}), roleRef=RoleRef(apiGroup=rbac.authorization.k8s.io, kind=Role, name=hivemq-platform-role-test-hivemq-platform, additionalProperties={}), subjects=[Subject(apiGroup=null, kind=ServiceAccount, name=hivemq-platform-pod-test-hivemq-platform, namespace=helmplatformtlsit, additionalProperties={})], additionalProperties={})
2025-01-28 20:43:21,691 INFO c.h.h.t.HelmChartContainer - [hivemq-test-hivemq-platform] [hivemq-platform-operator] [4f7f4ba3] 20:43:21.688 [ReconcilerExecutor-hivemq-controller-53] INFO  c.h.p.o.HiveMQPlatformReconciler - [helmplat] Reconciling HiveMQ Platform 'test-hivemq-platform' in namespace 'helmplatformtlsit'
2025-01-28 20:43:21,691 INFO c.h.h.t.HelmChartContainer - [hivemq-test-hivemq-platform] [hivemq-platform-operator] [4f7f4ba3] 20:43:21.689 [ReconcilerExecutor-hivemq-controller-53] DEBUG c.h.p.o.HiveMQPlatformReconciler - [helmplat] Custom Resource Status CREATED - HiveMQ Platform was created (READY)
2025-01-28 20:43:21,691 INFO c.h.h.t.HelmChartContainer - [hivemq-test-hivemq-platform] [hivemq-platform-operator] [4f7f4ba3] 20:43:21.689 [ReconcilerExecutor-hivemq-controller-53] DEBUG c.h.p.o.HiveMQPlatformReconciler - [helmplat] Custom Resource Spec (replicas: 1) (extensions: 1)
2025-01-28 20:43:21,695 INFO c.h.h.t.HelmChartContainer - [hivemq-test-hivemq-platform] [hivemq-platform-operator] [4f7f4ba3] 20:43:21.694 [ReconcilerExecutor-hivemq-controller-53] INFO  c.h.p.o.h.HiveMQPlatformReconcilerBaseHandler - [helmplat] HiveMQ Platform is starting
2025-01-28 20:43:21,817 INFO c.h.h.t.HelmChartContainer - [hivemq-test-hivemq-platform] [hivemq-platform-operator] [4f7f4ba3] 20:43:21.815 [ReconcilerExecutor-hivemq-controller-53] DEBUG c.h.p.operator.event.EventSender - [helmplat] Creating K8s event hivemq-platform-starting: [Start] HiveMQ Platform is starting
2025-01-28 20:43:21,891 INFO c.h.h.t.HelmChartContainer - [EVENT] Normal [Start] HiveMQ Platform is starting [helmplatformtlsit:test-hivemq-platform]
2025-01-28 20:43:21,895 INFO c.h.h.t.HelmChartContainer - [hivemq-test-hivemq-platform] [hivemq-platform-operator] [4f7f4ba3] 20:43:21.894 [ReconcilerExecutor-hivemq-controller-53] INFO  c.h.p.o.h.AbstractHiveMQReconcilerStateHandler - [helmplat] Update HiveMQ Platform Status (CREATED [READY] -> STARTING [READY]): HiveMQ Platform is starting
2025-01-28 20:43:21,922 DEBUG com.hivemq.helmcharts.util.K8sUtil - Comparing actual state 'STARTING' and waiting for 'RUNNING'
2025-01-28 20:43:31,997 INFO c.h.h.t.HelmChartContainer - [hivemq-test-hivemq-platform] [hivemq-platform-operator] [4f7f4ba3] 20:43:31.994 [pool-6-thread-12] DEBUG c.h.p.o.d.PlatformServiceResource - [helmplat] Desired Platform services (4 services)
2025-01-28 20:43:31,998 INFO c.h.h.t.HelmChartContainer - [hivemq-test-hivemq-platform] [hivemq-platform-operator] [4f7f4ba3] 20:43:31.996 [pool-6-thread-13] DEBUG c.h.p.o.dependants.PodInfoConfigMap - [helmplat] Desired PodInfo ConfigMap (1 extensions) (1 enabled)
2025-01-28 20:43:31,998 INFO c.h.h.t.HelmChartContainer - [hivemq-test-hivemq-platform] [hivemq-platform-operator] [4f7f4ba3] 20:43:31.996 [pool-6-thread-13] DEBUG c.h.p.o.dependants.PodInfoConfigMap - [helmplat] Desired PodInfo ConfigMap (metrics port: 9399) (metrics path: /)
2025-01-28 20:43:31,998 INFO c.h.h.t.HelmChartContainer - [hivemq-test-hivemq-platform] [hivemq-platform-operator] [4f7f4ba3] 20:43:31.996 [pool-6-thread-13] DEBUG c.h.p.o.dependants.PodInfoConfigMap - [helmplat] Desired PodInfo ConfigMap (extension state hash: -1817474005)
2025-01-28 20:43:31,999 INFO c.h.h.t.HelmChartContainer - [hivemq-test-hivemq-platform] [hivemq-platform-operator] [4f7f4ba3] 20:43:31.998 [pool-6-thread-17] DEBUG c.h.p.o.d.PodServiceAccountResource - [helmplat] Desired PodServiceAccountResource (serviceAccountName: hivemq-platform-pod-test-hivemq-platform)
2025-01-28 20:43:32,004 INFO c.h.h.t.HelmChartContainer - [hivemq-test-hivemq-platform] [hivemq-platform-operator] [4f7f4ba3] 20:43:32.002 [pool-6-thread-13] DEBUG c.h.p.o.dependants.PodInfoConfigMap - [helmplat] Update PodInfo ConfigMap
2025-01-28 20:43:32,103 INFO c.h.h.t.HelmChartContainer - [K3S] [alloc.go:330] "allocated clusterIPs" service="helmplatformtlsit/hivemq-test-hivemq-platform-mqtt-1884" clusterIPs={"IPv4":"10.43.177.201"}
2025-01-28 20:43:32,192 INFO c.h.h.t.HelmChartContainer - [K3S] [alloc.go:330] "allocated clusterIPs" service="helmplatformtlsit/hivemq-test-hivemq-platform-mqtt-1883" clusterIPs={"IPv4":"10.43.240.35"}
2025-01-28 20:43:32,208 INFO c.h.h.t.HelmChartContainer - [K3S] [alloc.go:330] "allocated clusterIPs" service="helmplatformtlsit/hivemq-test-hivemq-platform-metrics-9399" clusterIPs={"IPv4":"10.43.54.190"}
2025-01-28 20:43:32,306 INFO c.h.h.t.HelmChartContainer - [K3S] [alloc.go:330] "allocated clusterIPs" service="helmplatformtlsit/hivemq-test-hivemq-platform-cc-8080" clusterIPs={"IPv4":"10.43.35.202"}
2025-01-28 20:43:32,388 INFO c.h.h.t.HelmChartContainer - [hivemq-test-hivemq-platform] [hivemq-platform-operator] [4f7f4ba3] 20:43:32.386 [pool-6-thread-20] DEBUG c.h.p.o.d.StatefulSetResource - [helmplat] Desired StatefulSet (1 replicas) for status STARTING (READY)
2025-01-28 20:43:32,400 INFO c.h.h.t.HelmChartContainer - [hivemq-test-hivemq-platform] [hivemq-platform-operator] [4f7f4ba3] 20:43:32.399 [pool-6-thread-20] DEBUG c.h.p.o.d.StatefulSetResource - [helmplat] Create StatefulSet
2025-01-28 20:43:32,504 INFO c.h.h.t.HelmChartContainer - [hivemq-test-hivemq-platform] [hivemq-platform-operator] [4f7f4ba3] 20:43:32.503 [ReconcilerExecutor-hivemq-controller-64] INFO  c.h.p.o.HiveMQPlatformReconciler - [helmplat] Reconciling HiveMQ Platform 'test-hivemq-platform' in namespace 'helmplatformtlsit'
2025-01-28 20:43:32,504 INFO c.h.h.t.HelmChartContainer - [hivemq-test-hivemq-platform] [hivemq-platform-operator] [4f7f4ba3] 20:43:32.503 [ReconcilerExecutor-hivemq-controller-64] DEBUG c.h.p.o.HiveMQPlatformReconciler - [helmplat] Custom Resource Status STARTING - HiveMQ Platform is starting (READY)
2025-01-28 20:43:32,506 INFO c.h.h.t.HelmChartContainer - [hivemq-test-hivemq-platform] [hivemq-platform-operator] [4f7f4ba3] 20:43:32.503 [ReconcilerExecutor-hivemq-controller-64] DEBUG c.h.p.o.HiveMQPlatformReconciler - [helmplat] Custom Resource Spec (replicas: 1) (extensions: 1)
2025-01-28 20:43:32,520 INFO c.h.h.t.HelmChartContainer - [EVENT] Normal [SuccessfulCreate] create Pod test-hivemq-platform-0 in StatefulSet test-hivemq-platform successful [helmplatformtlsit:test-hivemq-platform]
2025-01-28 20:43:32,523 INFO c.h.h.t.HelmChartContainer - [POD] test-hivemq-platform-0 [4dc24ea6-ef39-451b-a20c-392675729851] in helmplatformtlsit was ADDED
2025-01-28 20:43:32,525 INFO c.h.h.t.HelmChartContainer - [POD] test-hivemq-platform-0 [4dc24ea6-ef39-451b-a20c-392675729851] in helmplatformtlsit was MODIFIED
2025-01-28 20:43:32,529 INFO c.h.h.t.HelmChartContainer - [EVENT] Normal [Scheduled] Successfully assigned helmplatformtlsit/test-hivemq-platform-0 to e242dccaa35f [helmplatformtlsit:test-hivemq-platform-0]
2025-01-28 20:43:32,538 INFO c.h.h.t.HelmChartContainer - [POD] test-hivemq-platform-0 [4dc24ea6-ef39-451b-a20c-392675729851] in helmplatformtlsit was MODIFIED
2025-01-28 20:43:32,643 INFO c.h.h.t.HelmChartContainer - [K3S] [reconciler_common.go:251] "operationExecutor.VerifyControllerAttachedVolume started for volume \"pod-info\" (UniqueName: \"kubernetes.io/configmap/4dc24ea6-ef39-451b-a20c-392675729851-pod-info\") pod \"test-hivemq-platform-0\" (UID: \"4dc24ea6-ef39-451b-a20c-392675729851\") " pod="helmplatformtlsit/test-hivemq-platform-0"
2025-01-28 20:43:32,643 INFO c.h.h.t.HelmChartContainer - [K3S] [reconciler_common.go:251] "operationExecutor.VerifyControllerAttachedVolume started for volume \"https-keystore\" (UniqueName: \"kubernetes.io/secret/4dc24ea6-ef39-451b-a20c-392675729851-https-keystore\") pod \"test-hivemq-platform-0\" (UID: \"4dc24ea6-ef39-451b-a20c-392675729851\") " pod="helmplatformtlsit/test-hivemq-platform-0"
2025-01-28 20:43:32,643 INFO c.h.h.t.HelmChartContainer - [K3S] [reconciler_common.go:251] "operationExecutor.VerifyControllerAttachedVolume started for volume \"operator-init\" (UniqueName: \"kubernetes.io/empty-dir/4dc24ea6-ef39-451b-a20c-392675729851-operator-init\") pod \"test-hivemq-platform-0\" (UID: \"4dc24ea6-ef39-451b-a20c-392675729851\") " pod="helmplatformtlsit/test-hivemq-platform-0"
2025-01-28 20:43:32,643 INFO c.h.h.t.HelmChartContainer - [K3S] [reconciler_common.go:251] "operationExecutor.VerifyControllerAttachedVolume started for volume \"kube-api-access-hrvsc\" (UniqueName: \"kubernetes.io/projected/4dc24ea6-ef39-451b-a20c-392675729851-kube-api-access-hrvsc\") pod \"test-hivemq-platform-0\" (UID: \"4dc24ea6-ef39-451b-a20c-392675729851\") " pod="helmplatformtlsit/test-hivemq-platform-0"
2025-01-28 20:43:32,643 INFO c.h.h.t.HelmChartContainer - [K3S] [reconciler_common.go:251] "operationExecutor.VerifyControllerAttachedVolume started for volume \"mqtts-keystore\" (UniqueName: \"kubernetes.io/secret/4dc24ea6-ef39-451b-a20c-392675729851-mqtts-keystore\") pod \"test-hivemq-platform-0\" (UID: \"4dc24ea6-ef39-451b-a20c-392675729851\") " pod="helmplatformtlsit/test-hivemq-platform-0"
2025-01-28 20:43:32,643 INFO c.h.h.t.HelmChartContainer - [K3S] [reconciler_common.go:251] "operationExecutor.VerifyControllerAttachedVolume started for volume \"broker-configuration\" (UniqueName: \"kubernetes.io/configmap/4dc24ea6-ef39-451b-a20c-392675729851-broker-configuration\") pod \"test-hivemq-platform-0\" (UID: \"4dc24ea6-ef39-451b-a20c-392675729851\") " pod="helmplatformtlsit/test-hivemq-platform-0"
2025-01-28 20:43:32,685 INFO c.h.h.t.HelmChartContainer - [hivemq-test-hivemq-platform] [hivemq-platform-operator] [4f7f4ba3] 20:43:32.596 [ReconcilerExecutor-hivemq-controller-64] DEBUG c.h.p.o.HiveMQPlatformReconciler - [helmplat] StatefulSet Status (revision: null, replicas: 0, available: 0, ready: 0, current: 0, updated: 0)
2025-01-28 20:43:32,691 INFO c.h.h.t.HelmChartContainer - [hivemq-test-hivemq-platform] [hivemq-platform-operator] [4f7f4ba3] 20:43:32.684 [ReconcilerExecutor-hivemq-controller-64] DEBUG c.h.p.o.HiveMQPlatformReconciler - [helmplat] StatefulSet Spec (replicas: 1, init containers: 1, containers: 1, volumes: 5)
2025-01-28 20:43:32,716 INFO c.h.h.t.HelmChartContainer - [hivemq-test-hivemq-platform] [hivemq-platform-operator] [4f7f4ba3] 20:43:32.701 [ReconcilerExecutor-hivemq-controller-64] DEBUG c.h.p.o.h.HiveMQPlatformReconcilerErrorHandler - [helmplat] Pod 'test-hivemq-platform-0' phase Pending
2025-01-28 20:43:32,716 INFO c.h.h.t.HelmChartContainer - [hivemq-test-hivemq-platform] [hivemq-platform-operator] [4f7f4ba3] 20:43:32.715 [ReconcilerExecutor-hivemq-controller-64] DEBUG c.h.p.o.h.HiveMQPlatformReconcilerErrorHandler - [helmplat] Pod 'test-hivemq-platform-0' condition 'PodReadyToStartContainers': False
2025-01-28 20:43:32,717 INFO c.h.h.t.HelmChartContainer - [hivemq-test-hivemq-platform] [hivemq-platform-operator] [4f7f4ba3] 20:43:32.716 [ReconcilerExecutor-hivemq-controller-64] DEBUG c.h.p.o.h.HiveMQPlatformReconcilerErrorHandler - [helmplat] Pod 'test-hivemq-platform-0' condition 'Initialized': False
2025-01-28 20:43:32,717 INFO c.h.h.t.HelmChartContainer - [hivemq-test-hivemq-platform] [hivemq-platform-operator] [4f7f4ba3] 20:43:32.716 [ReconcilerExecutor-hivemq-controller-64] DEBUG c.h.p.o.h.HiveMQPlatformReconcilerErrorHandler - [helmplat] Pod 'test-hivemq-platform-0' condition 'Ready': False
2025-01-28 20:43:32,717 INFO c.h.h.t.HelmChartContainer - [hivemq-test-hivemq-platform] [hivemq-platform-operator] [4f7f4ba3] 20:43:32.716 [ReconcilerExecutor-hivemq-controller-64] DEBUG c.h.p.o.h.HiveMQPlatformReconcilerErrorHandler - [helmplat] Pod 'test-hivemq-platform-0' condition 'ContainersReady': False
2025-01-28 20:43:32,717 INFO c.h.h.t.HelmChartContainer - [hivemq-test-hivemq-platform] [hivemq-platform-operator] [4f7f4ba3] 20:43:32.716 [ReconcilerExecutor-hivemq-controller-64] DEBUG c.h.p.o.h.HiveMQPlatformReconcilerErrorHandler - [helmplat] Pod 'test-hivemq-platform-0' condition 'PodScheduled': True
2025-01-28 20:43:32,717 INFO c.h.h.t.HelmChartContainer - [hivemq-test-hivemq-platform] [hivemq-platform-operator] [4f7f4ba3] 20:43:32.716 [ReconcilerExecutor-hivemq-controller-64] DEBUG c.h.p.o.h.HiveMQPlatformReconcilerErrorHandler - [helmplat] Pod 'test-hivemq-platform-0' containerStatus 'hivemq' (started: false) (ready: false) (waiting: [PodInitializing] null)
2025-01-28 20:43:32,719 INFO c.h.h.t.HelmChartContainer - [hivemq-test-hivemq-platform] [hivemq-platform-operator] [4f7f4ba3] 20:43:32.719 [ReconcilerExecutor-hivemq-controller-64] INFO  c.h.p.o.h.HiveMQPlatformReconcilerBaseHandler - [helmplat] HiveMQ Platform is starting, 0 of 1 replicas are ready
2025-01-28 20:43:32,793 INFO c.h.h.t.HelmChartContainer - [hivemq-test-hivemq-platform] [hivemq-platform-operator] [4f7f4ba3] 20:43:32.790 [pool-6-thread-22] DEBUG c.h.p.o.d.PlatformServiceResource - [helmplat] Desired Platform services (4 services)
2025-01-28 20:43:32,795 INFO c.h.h.t.HelmChartContainer - [hivemq-test-hivemq-platform] [hivemq-platform-operator] [4f7f4ba3] 20:43:32.794 [pool-6-thread-23] DEBUG c.h.p.o.dependants.PodInfoConfigMap - [helmplat] Desired PodInfo ConfigMap (1 extensions) (1 enabled)
2025-01-28 20:43:32,796 INFO c.h.h.t.HelmChartContainer - [hivemq-test-hivemq-platform] [hivemq-platform-operator] [4f7f4ba3] 20:43:32.795 [pool-6-thread-23] DEBUG c.h.p.o.dependants.PodInfoConfigMap - [helmplat] Desired PodInfo ConfigMap (metrics port: 9399) (metrics path: /)
2025-01-28 20:43:32,798 INFO c.h.h.t.HelmChartContainer - [hivemq-test-hivemq-platform] [hivemq-platform-operator] [4f7f4ba3] 20:43:32.794 [pool-6-thread-27] DEBUG c.h.p.o.d.PodServiceAccountResource - [helmplat] Desired PodServiceAccountResource (serviceAccountName: hivemq-platform-pod-test-hivemq-platform)
2025-01-28 20:43:32,799 INFO c.h.h.t.HelmChartContainer - [hivemq-test-hivemq-platform] [hivemq-platform-operator] [4f7f4ba3] 20:43:32.798 [pool-6-thread-23] DEBUG c.h.p.o.dependants.PodInfoConfigMap - [helmplat] Desired PodInfo ConfigMap (extension state hash: -1817474005)
2025-01-28 20:43:32,896 INFO c.h.h.t.HelmChartContainer - [hivemq-test-hivemq-platform] [hivemq-platform-operator] [4f7f4ba3] 20:43:32.894 [pool-6-thread-30] DEBUG c.h.p.o.d.StatefulSetResource - [helmplat] Desired StatefulSet (1 replicas) for status STARTING (READY)
2025-01-28 20:43:32,929 INFO c.h.h.t.HelmChartContainer - [EVENT] Normal [Pulled] Container image "docker.io/hivemq/hivemq-platform-operator-init-test:snapshot" already present on machine [helmplatformtlsit:test-hivemq-platform-0]
2025-01-28 20:43:32,989 INFO c.h.h.t.HelmChartContainer - [hivemq-test-hivemq-platform] [hivemq-platform-operator] [4f7f4ba3] 20:43:32.985 [ReconcilerExecutor-hivemq-controller-75] INFO  c.h.p.o.HiveMQPlatformReconciler - [helmplat] Reconciling HiveMQ Platform 'test-hivemq-platform' in namespace 'helmplatformtlsit'
2025-01-28 20:43:32,990 INFO c.h.h.t.HelmChartContainer - [hivemq-test-hivemq-platform] [hivemq-platform-operator] [4f7f4ba3] 20:43:32.985 [ReconcilerExecutor-hivemq-controller-75] DEBUG c.h.p.o.HiveMQPlatformReconciler - [helmplat] Custom Resource Status STARTING - HiveMQ Platform is starting (READY)
2025-01-28 20:43:32,990 INFO c.h.h.t.HelmChartContainer - [hivemq-test-hivemq-platform] [hivemq-platform-operator] [4f7f4ba3] 20:43:32.985 [ReconcilerExecutor-hivemq-controller-75] DEBUG c.h.p.o.HiveMQPlatformReconciler - [helmplat] Custom Resource Spec (replicas: 1) (extensions: 1)
2025-01-28 20:43:32,991 INFO c.h.h.t.HelmChartContainer - [hivemq-test-hivemq-platform] [hivemq-platform-operator] [4f7f4ba3] 20:43:32.989 [ReconcilerExecutor-hivemq-controller-75] DEBUG c.h.p.o.HiveMQPlatformReconciler - [helmplat] StatefulSet Status (revision: test-hivemq-platform-54f77f89bb, replicas: 1, available: 0, ready: 0, current: 1, updated: 1)
2025-01-28 20:43:32,991 INFO c.h.h.t.HelmChartContainer - [hivemq-test-hivemq-platform] [hivemq-platform-operator] [4f7f4ba3] 20:43:32.989 [ReconcilerExecutor-hivemq-controller-75] DEBUG c.h.p.o.HiveMQPlatformReconciler - [helmplat] StatefulSet Spec (replicas: 1, init containers: 1, containers: 1, volumes: 5)
2025-01-28 20:43:32,995 INFO c.h.h.t.HelmChartContainer - [hivemq-test-hivemq-platform] [hivemq-platform-operator] [4f7f4ba3] 20:43:32.993 [ReconcilerExecutor-hivemq-controller-75] DEBUG c.h.p.o.h.HiveMQPlatformReconcilerErrorHandler - [helmplat] Pod 'test-hivemq-platform-0' phase Pending
2025-01-28 20:43:32,995 INFO c.h.h.t.HelmChartContainer - [hivemq-test-hivemq-platform] [hivemq-platform-operator] [4f7f4ba3] 20:43:32.994 [ReconcilerExecutor-hivemq-controller-75] DEBUG c.h.p.o.h.HiveMQPlatformReconcilerErrorHandler - [helmplat] Pod 'test-hivemq-platform-0' condition 'PodReadyToStartContainers': False
2025-01-28 20:43:32,995 INFO c.h.h.t.HelmChartContainer - [hivemq-test-hivemq-platform] [hivemq-platform-operator] [4f7f4ba3] 20:43:32.994 [ReconcilerExecutor-hivemq-controller-75] DEBUG c.h.p.o.h.HiveMQPlatformReconcilerErrorHandler - [helmplat] Pod 'test-hivemq-platform-0' condition 'Initialized': False
2025-01-28 20:43:32,995 INFO c.h.h.t.HelmChartContainer - [hivemq-test-hivemq-platform] [hivemq-platform-operator] [4f7f4ba3] 20:43:32.994 [ReconcilerExecutor-hivemq-controller-75] DEBUG c.h.p.o.h.HiveMQPlatformReconcilerErrorHandler - [helmplat] Pod 'test-hivemq-platform-0' condition 'Ready': False
2025-01-28 20:43:32,995 INFO c.h.h.t.HelmChartContainer - [hivemq-test-hivemq-platform] [hivemq-platform-operator] [4f7f4ba3] 20:43:32.994 [ReconcilerExecutor-hivemq-controller-75] DEBUG c.h.p.o.h.HiveMQPlatformReconcilerErrorHandler - [helmplat] Pod 'test-hivemq-platform-0' condition 'ContainersReady': False
2025-01-28 20:43:32,995 INFO c.h.h.t.HelmChartContainer - [hivemq-test-hivemq-platform] [hivemq-platform-operator] [4f7f4ba3] 20:43:32.994 [ReconcilerExecutor-hivemq-controller-75] DEBUG c.h.p.o.h.HiveMQPlatformReconcilerErrorHandler - [helmplat] Pod 'test-hivemq-platform-0' condition 'PodScheduled': True
2025-01-28 20:43:32,995 INFO c.h.h.t.HelmChartContainer - [hivemq-test-hivemq-platform] [hivemq-platform-operator] [4f7f4ba3] 20:43:32.994 [ReconcilerExecutor-hivemq-controller-75] DEBUG c.h.p.o.h.HiveMQPlatformReconcilerErrorHandler - [helmplat] Pod 'test-hivemq-platform-0' containerStatus 'hivemq' (started: false) (ready: false) (waiting: [PodInitializing] null)
2025-01-28 20:43:32,996 INFO c.h.h.t.HelmChartContainer - [hivemq-test-hivemq-platform] [hivemq-platform-operator] [4f7f4ba3] 20:43:32.995 [ReconcilerExecutor-hivemq-controller-75] INFO  c.h.p.o.h.HiveMQPlatformReconcilerBaseHandler - [helmplat] HiveMQ Platform is starting, 0 of 1 replicas are ready
2025-01-28 20:43:33,066 INFO c.h.h.t.HelmChartContainer - [EVENT] Normal [Created] Created container: hivemq-platform-operator-init [helmplatformtlsit:test-hivemq-platform-0]
2025-01-28 20:43:33,114 INFO c.h.h.t.HelmChartContainer - [EVENT] Normal [Started] Started container hivemq-platform-operator-init [helmplatformtlsit:test-hivemq-platform-0]
2025-01-28 20:43:33,711 INFO c.h.h.t.HelmChartContainer - [EVENT] Normal [Pulled] Container image "docker.io/hivemq/hivemq4:4.36.0" already present on machine [helmplatformtlsit:test-hivemq-platform-0]
2025-01-28 20:43:33,711 INFO c.h.h.t.HelmChartContainer - Received Pulled event for container hivemq in pod test-hivemq-platform-0 [4dc24ea6-ef39-451b-a20c-392675729851]
2025-01-28 20:43:33,758 INFO c.h.h.t.HelmChartContainer - [hivemq-test-hivemq-platform] [hivemq-platform-operator] [4f7f4ba3] 20:43:33.734 [pool-6-thread-32] DEBUG c.h.p.o.d.PlatformServiceResource - [helmplat] Desired Platform services (4 services)
2025-01-28 20:43:33,758 INFO c.h.h.t.HelmChartContainer - [hivemq-test-hivemq-platform] [hivemq-platform-operator] [4f7f4ba3] 20:43:33.738 [pool-6-thread-33] DEBUG c.h.p.o.dependants.PodInfoConfigMap - [helmplat] Desired PodInfo ConfigMap (1 extensions) (1 enabled)
2025-01-28 20:43:33,758 INFO c.h.h.t.HelmChartContainer - [hivemq-test-hivemq-platform] [hivemq-platform-operator] [4f7f4ba3] 20:43:33.738 [pool-6-thread-33] DEBUG c.h.p.o.dependants.PodInfoConfigMap - [helmplat] Desired PodInfo ConfigMap (metrics port: 9399) (metrics path: /)
2025-01-28 20:43:33,758 INFO c.h.h.t.HelmChartContainer - [hivemq-test-hivemq-platform] [hivemq-platform-operator] [4f7f4ba3] 20:43:33.738 [pool-6-thread-33] DEBUG c.h.p.o.dependants.PodInfoConfigMap - [helmplat] Desired PodInfo ConfigMap (extension state hash: -1817474005)
2025-01-28 20:43:33,758 INFO c.h.h.t.HelmChartContainer - [hivemq-test-hivemq-platform] [hivemq-platform-operator] [4f7f4ba3] 20:43:33.748 [pool-6-thread-37] DEBUG c.h.p.o.d.PodServiceAccountResource - [helmplat] Desired PodServiceAccountResource (serviceAccountName: hivemq-platform-pod-test-hivemq-platform)
2025-01-28 20:43:33,758 INFO c.h.h.t.HelmChartContainer - [POD] test-hivemq-platform-0 [4dc24ea6-ef39-451b-a20c-392675729851] in helmplatformtlsit was MODIFIED
2025-01-28 20:43:33,818 INFO c.h.h.t.HelmChartContainer - [hivemq-test-hivemq-platform] [hivemq-platform-operator] [4f7f4ba3] 20:43:33.816 [pool-6-thread-39] DEBUG c.h.p.o.d.StatefulSetResource - [helmplat] Desired StatefulSet (1 replicas) for status STARTING (READY)
2025-01-28 20:43:33,827 INFO c.h.h.t.HelmChartContainer - [hivemq-test-hivemq-platform] [hivemq-platform-operator] [4f7f4ba3] 20:43:33.826 [ReconcilerExecutor-hivemq-controller-86] INFO  c.h.p.o.HiveMQPlatformReconciler - [helmplat] Reconciling HiveMQ Platform 'test-hivemq-platform' in namespace 'helmplatformtlsit'
2025-01-28 20:43:33,827 INFO c.h.h.t.HelmChartContainer - [hivemq-test-hivemq-platform] [hivemq-platform-operator] [4f7f4ba3] 20:43:33.826 [ReconcilerExecutor-hivemq-controller-86] DEBUG c.h.p.o.HiveMQPlatformReconciler - [helmplat] Custom Resource Status STARTING - HiveMQ Platform is starting (READY)
2025-01-28 20:43:33,828 INFO c.h.h.t.HelmChartContainer - [hivemq-test-hivemq-platform] [hivemq-platform-operator] [4f7f4ba3] 20:43:33.826 [ReconcilerExecutor-hivemq-controller-86] DEBUG c.h.p.o.HiveMQPlatformReconciler - [helmplat] Custom Resource Spec (replicas: 1) (extensions: 1)
2025-01-28 20:43:33,831 INFO c.h.h.t.HelmChartContainer - [hivemq-test-hivemq-platform] [hivemq-platform-operator] [4f7f4ba3] 20:43:33.830 [ReconcilerExecutor-hivemq-controller-86] DEBUG c.h.p.o.HiveMQPlatformReconciler - [helmplat] StatefulSet Status (revision: test-hivemq-platform-54f77f89bb, replicas: 1, available: 0, ready: 0, current: 1, updated: 1)
2025-01-28 20:43:33,832 INFO c.h.h.t.HelmChartContainer - [hivemq-test-hivemq-platform] [hivemq-platform-operator] [4f7f4ba3] 20:43:33.832 [ReconcilerExecutor-hivemq-controller-86] DEBUG c.h.p.o.HiveMQPlatformReconciler - [helmplat] StatefulSet Spec (replicas: 1, init containers: 1, containers: 1, volumes: 5)
2025-01-28 20:43:33,920 INFO c.h.h.t.HelmChartContainer - [hivemq-test-hivemq-platform] [hivemq-platform-operator] [4f7f4ba3] 20:43:33.917 [ReconcilerExecutor-hivemq-controller-86] DEBUG c.h.p.o.h.HiveMQPlatformReconcilerErrorHandler - [helmplat] Pod 'test-hivemq-platform-0' phase Pending
2025-01-28 20:43:33,920 INFO c.h.h.t.HelmChartContainer - [hivemq-test-hivemq-platform] [hivemq-platform-operator] [4f7f4ba3] 20:43:33.917 [ReconcilerExecutor-hivemq-controller-86] DEBUG c.h.p.o.h.HiveMQPlatformReconcilerErrorHandler - [helmplat] Pod 'test-hivemq-platform-0' condition 'PodReadyToStartContainers': True
2025-01-28 20:43:33,920 INFO c.h.h.t.HelmChartContainer - [hivemq-test-hivemq-platform] [hivemq-platform-operator] [4f7f4ba3] 20:43:33.918 [ReconcilerExecutor-hivemq-controller-86] DEBUG c.h.p.o.h.HiveMQPlatformReconcilerErrorHandler - [helmplat] Pod 'test-hivemq-platform-0' condition 'Initialized': True
2025-01-28 20:43:33,920 INFO c.h.h.t.HelmChartContainer - [hivemq-test-hivemq-platform] [hivemq-platform-operator] [4f7f4ba3] 20:43:33.918 [ReconcilerExecutor-hivemq-controller-86] DEBUG c.h.p.o.h.HiveMQPlatformReconcilerErrorHandler - [helmplat] Pod 'test-hivemq-platform-0' condition 'Ready': False
2025-01-28 20:43:33,921 INFO c.h.h.t.HelmChartContainer - [hivemq-test-hivemq-platform] [hivemq-platform-operator] [4f7f4ba3] 20:43:33.918 [ReconcilerExecutor-hivemq-controller-86] DEBUG c.h.p.o.h.HiveMQPlatformReconcilerErrorHandler - [helmplat] Pod 'test-hivemq-platform-0' condition 'ContainersReady': False
2025-01-28 20:43:33,921 INFO c.h.h.t.HelmChartContainer - [hivemq-test-hivemq-platform] [hivemq-platform-operator] [4f7f4ba3] 20:43:33.918 [ReconcilerExecutor-hivemq-controller-86] DEBUG c.h.p.o.h.HiveMQPlatformReconcilerErrorHandler - [helmplat] Pod 'test-hivemq-platform-0' condition 'PodScheduled': True
2025-01-28 20:43:33,921 INFO c.h.h.t.HelmChartContainer - [hivemq-test-hivemq-platform] [hivemq-platform-operator] [4f7f4ba3] 20:43:33.918 [ReconcilerExecutor-hivemq-controller-86] DEBUG c.h.p.o.h.HiveMQPlatformReconcilerErrorHandler - [helmplat] Pod 'test-hivemq-platform-0' containerStatus 'hivemq' (started: false) (ready: false) (waiting: [PodInitializing] null)
2025-01-28 20:43:33,921 INFO c.h.h.t.HelmChartContainer - [hivemq-test-hivemq-platform] [hivemq-platform-operator] [4f7f4ba3] 20:43:33.919 [ReconcilerExecutor-hivemq-controller-86] INFO  c.h.p.o.h.HiveMQPlatformReconcilerBaseHandler - [helmplat] HiveMQ Platform is starting, 0 of 1 replicas are ready
2025-01-28 20:43:35,266 INFO c.h.h.t.HelmChartContainer - [EVENT] Normal [Created] Created container: hivemq [helmplatformtlsit:test-hivemq-platform-0]
2025-01-28 20:43:35,266 INFO c.h.h.t.HelmChartContainer - Received Created event for container hivemq in pod test-hivemq-platform-0 [4dc24ea6-ef39-451b-a20c-392675729851]
2025-01-28 20:43:35,723 INFO c.h.h.t.HelmChartContainer - [POD] test-hivemq-platform-0 [4dc24ea6-ef39-451b-a20c-392675729851] in helmplatformtlsit was MODIFIED
2025-01-28 20:43:35,731 INFO c.h.h.t.HelmChartContainer - [EVENT] Normal [Started] Started container hivemq [helmplatformtlsit:test-hivemq-platform-0]
2025-01-28 20:43:35,731 INFO c.h.h.t.HelmChartContainer - Received Started event for container hivemq in pod test-hivemq-platform-0 [4dc24ea6-ef39-451b-a20c-392675729851]
2025-01-28 20:43:35,732 INFO c.h.h.t.HelmChartContainer - Started log watcher for hivemq in pod test-hivemq-platform-0 [4dc24ea6-ef39-451b-a20c-392675729851]
2025-01-28 20:43:35,735 INFO c.h.h.t.HelmChartContainer - [test-hivemq-platform] [hivemq] [4dc24ea6] Adding pre-installed HiveMQ Platform Operator extensions
2025-01-28 20:43:35,735 INFO c.h.h.t.HelmChartContainer - [test-hivemq-platform] [hivemq] [4dc24ea6] Running as user 10000
2025-01-28 20:43:35,735 INFO c.h.h.t.HelmChartContainer - [test-hivemq-platform] [hivemq] [4dc24ea6] Starting HiveMQ Platform Operator Init
2025-01-28 20:43:35,739 INFO c.h.h.t.HelmChartContainer - [hivemq-test-hivemq-platform] [hivemq-platform-operator] [4f7f4ba3] 20:43:35.734 [pool-6-thread-42] DEBUG c.h.p.o.d.PlatformServiceResource - [helmplat] Desired Platform services (4 services)
2025-01-28 20:43:35,739 INFO c.h.h.t.HelmChartContainer - [hivemq-test-hivemq-platform] [hivemq-platform-operator] [4f7f4ba3] 20:43:35.737 [pool-6-thread-43] DEBUG c.h.p.o.dependants.PodInfoConfigMap - [helmplat] Desired PodInfo ConfigMap (1 extensions) (1 enabled)
2025-01-28 20:43:35,739 INFO c.h.h.t.HelmChartContainer - [hivemq-test-hivemq-platform] [hivemq-platform-operator] [4f7f4ba3] 20:43:35.737 [pool-6-thread-43] DEBUG c.h.p.o.dependants.PodInfoConfigMap - [helmplat] Desired PodInfo ConfigMap (metrics port: 9399) (metrics path: /)
2025-01-28 20:43:35,739 INFO c.h.h.t.HelmChartContainer - [hivemq-test-hivemq-platform] [hivemq-platform-operator] [4f7f4ba3] 20:43:35.737 [pool-6-thread-43] DEBUG c.h.p.o.dependants.PodInfoConfigMap - [helmplat] Desired PodInfo ConfigMap (extension state hash: -1817474005)
2025-01-28 20:43:35,743 INFO c.h.h.t.HelmChartContainer - [hivemq-test-hivemq-platform] [hivemq-platform-operator] [4f7f4ba3] 20:43:35.741 [pool-6-thread-47] DEBUG c.h.p.o.d.PodServiceAccountResource - [helmplat] Desired PodServiceAccountResource (serviceAccountName: hivemq-platform-pod-test-hivemq-platform)
2025-01-28 20:43:35,822 INFO c.h.h.t.HelmChartContainer - [hivemq-test-hivemq-platform] [hivemq-platform-operator] [4f7f4ba3] 20:43:35.820 [pool-6-thread-50] DEBUG c.h.p.o.d.StatefulSetResource - [helmplat] Desired StatefulSet (1 replicas) for status STARTING (READY)
2025-01-28 20:43:35,826 INFO c.h.h.t.HelmChartContainer - [hivemq-test-hivemq-platform] [hivemq-platform-operator] [4f7f4ba3] 20:43:35.825 [ReconcilerExecutor-hivemq-controller-97] INFO  c.h.p.o.HiveMQPlatformReconciler - [helmplat] Reconciling HiveMQ Platform 'test-hivemq-platform' in namespace 'helmplatformtlsit'
2025-01-28 20:43:35,829 INFO c.h.h.t.HelmChartContainer - [hivemq-test-hivemq-platform] [hivemq-platform-operator] [4f7f4ba3] 20:43:35.825 [ReconcilerExecutor-hivemq-controller-97] DEBUG c.h.p.o.HiveMQPlatformReconciler - [helmplat] Custom Resource Status STARTING - HiveMQ Platform is starting (READY)
2025-01-28 20:43:35,829 INFO c.h.h.t.HelmChartContainer - [hivemq-test-hivemq-platform] [hivemq-platform-operator] [4f7f4ba3] 20:43:35.825 [ReconcilerExecutor-hivemq-controller-97] DEBUG c.h.p.o.HiveMQPlatformReconciler - [helmplat] Custom Resource Spec (replicas: 1) (extensions: 1)
2025-01-28 20:43:35,830 INFO c.h.h.t.HelmChartContainer - [hivemq-test-hivemq-platform] [hivemq-platform-operator] [4f7f4ba3] 20:43:35.827 [ReconcilerExecutor-hivemq-controller-97] DEBUG c.h.p.o.HiveMQPlatformReconciler - [helmplat] StatefulSet Status (revision: test-hivemq-platform-54f77f89bb, replicas: 1, available: 0, ready: 0, current: 1, updated: 1)
2025-01-28 20:43:35,830 INFO c.h.h.t.HelmChartContainer - [hivemq-test-hivemq-platform] [hivemq-platform-operator] [4f7f4ba3] 20:43:35.828 [ReconcilerExecutor-hivemq-controller-97] DEBUG c.h.p.o.HiveMQPlatformReconciler - [helmplat] StatefulSet Spec (replicas: 1, init containers: 1, containers: 1, volumes: 5)
2025-01-28 20:43:35,831 INFO c.h.h.t.HelmChartContainer - [hivemq-test-hivemq-platform] [hivemq-platform-operator] [4f7f4ba3] 20:43:35.830 [ReconcilerExecutor-hivemq-controller-97] DEBUG c.h.p.o.h.HiveMQPlatformReconcilerErrorHandler - [helmplat] Pod 'test-hivemq-platform-0' phase Running
2025-01-28 20:43:35,833 INFO c.h.h.t.HelmChartContainer - [hivemq-test-hivemq-platform] [hivemq-platform-operator] [4f7f4ba3] 20:43:35.832 [ReconcilerExecutor-hivemq-controller-97] INFO  c.h.p.o.h.HiveMQPlatformReconcilerBaseHandler - [helmplat] HiveMQ Platform is starting, 0 of 1 replicas are ready
2025-01-28 20:43:36,550 INFO c.h.h.t.HelmChartContainer - [test-hivemq-platform] [hivemq] [4dc24ea6] INFO  - [HiveMQ Platform Operator Init 1.7.0-SNAPSHOT] HiveMQ Platform Operator Init 1.7.0-SNAPSHOT (commit: bebf408 on branch: HEAD) built on Sun Jan 26 20:47:47 UTC 2025
2025-01-28 20:43:37,652 INFO c.h.h.t.HelmChartContainer - [test-hivemq-platform] [hivemq] [4dc24ea6] INFO  - [HiveMQ Platform Operator Init App 1.7.0-SNAPSHOT] Using bind address 10.42.0.9 from environment variable
2025-01-28 20:43:38,570 INFO c.h.h.t.HelmChartContainer - [test-hivemq-platform] [hivemq] [4dc24ea6] INFO  - [HiveMQ Platform Operator Init App 1.7.0-SNAPSHOT] HiveMQ Platform Operator Init App 1.7.0-SNAPSHOT (commit: bebf408 on branch: HEAD) built on Sun Jan 26 20:47:47 UTC 2025
2025-01-28 20:43:38,571 INFO c.h.h.t.HelmChartContainer - [test-hivemq-platform] [hivemq] [4dc24ea6] INFO  - [HiveMQ Platform Operator Init App 1.7.0-SNAPSHOT] PodInfo ConfigMap directory: /etc/podinfo
2025-01-28 20:43:38,571 INFO c.h.h.t.HelmChartContainer - [test-hivemq-platform] [hivemq] [4dc24ea6] INFO  - [HiveMQ Platform Operator Init App 1.7.0-SNAPSHOT] HiveMQ home directory: /opt/hivemq
2025-01-28 20:43:38,571 INFO c.h.h.t.HelmChartContainer - [test-hivemq-platform] [hivemq] [4dc24ea6] INFO  - [HiveMQ Platform Operator Init App 1.7.0-SNAPSHOT] HiveMQ Logback folder: /opt/hivemq/conf
2025-01-28 20:43:38,571 INFO c.h.h.t.HelmChartContainer - [test-hivemq-platform] [hivemq] [4dc24ea6] INFO  - [HiveMQ Platform Operator Init App 1.7.0-SNAPSHOT] HiveMQ Config folder: /opt/hivemq/conf-k8s
2025-01-28 20:43:38,571 INFO c.h.h.t.HelmChartContainer - [test-hivemq-platform] [hivemq] [4dc24ea6] INFO  - [HiveMQ Platform Operator Init App 1.7.0-SNAPSHOT] Starting HiveMQ Platform Operator Init App
2025-01-28 20:43:38,571 INFO c.h.h.t.HelmChartContainer - [test-hivemq-platform] [hivemq] [4dc24ea6] INFO  - [HiveMQ Platform Operator Init App 1.7.0-SNAPSHOT] Starting Pod reconciler
2025-01-28 20:43:39,870 INFO c.h.h.t.HelmChartContainer - [test-hivemq-platform] [hivemq] [4dc24ea6] INFO  - [HiveMQ Platform Operator Init App 1.7.0-SNAPSHOT] Pod reconciler is scheduled (interval: 5000 ms)
2025-01-28 20:43:39,871 INFO c.h.h.t.HelmChartContainer - [test-hivemq-platform] [hivemq] [4dc24ea6] INFO  - [HiveMQ Platform Operator Init App 1.7.0-SNAPSHOT] Starting the REST API on 10.42.0.9:7979
2025-01-28 20:43:39,873 INFO c.h.h.t.HelmChartContainer - [test-hivemq-platform] [hivemq] [4dc24ea6] INFO  - [HiveMQ Platform Operator Init App 1.7.0-SNAPSHOT] Waiting up to 600s for at most 1 HiveMQ nodes in cluster service hivemq-test-hivemq-platform-cluster.helmplatformtlsit.svc
2025-01-28 20:43:40,144 INFO c.h.h.t.HelmChartContainer - [test-hivemq-platform] [hivemq] [4dc24ea6] INFO  - [HiveMQ Platform Operator Init App 1.7.0-SNAPSHOT] Resolved 1 IP addresses: [10.42.0.9]
2025-01-28 20:43:40,145 INFO c.h.h.t.HelmChartContainer - [test-hivemq-platform] [hivemq] [4dc24ea6] INFO  - [HiveMQ Platform Operator Init App 1.7.0-SNAPSHOT] HiveMQ node count of 1 is within threshold of 1
2025-01-28 20:43:40,145 INFO c.h.h.t.HelmChartContainer - [test-hivemq-platform] [hivemq] [4dc24ea6] INFO  - [HiveMQ Platform Operator Init App 1.7.0-SNAPSHOT] Proceeding with container start
2025-01-28 20:43:40,269 INFO c.h.h.t.HelmChartContainer - [test-hivemq-platform] [hivemq] [4dc24ea6] INFO  - [HiveMQ Platform Operator Init App 1.7.0-SNAPSHOT] Initializing HiveMQ Platform extensions with initial configuration: {hivemq-allow-all-extension={start-priority=-1, skip-https-hostname-verification=false, restart=true, config-version=0, header-version=0, c-uri=, priority=-1, uri=preinstalled, skip-https-certificate-validation=false, enabled=true}, hivemq-prometheus-extension={skip-https-hostname-verification=false, c-uri=, start-priority=-1, priority=-1, restart=true, enabled=true, request-header-path=no-request-headers, uri=preinstalled, skip-https-certificate-validation=false}}
2025-01-28 20:43:40,687 INFO c.h.h.t.HelmChartContainer - [test-hivemq-platform] [hivemq] [4dc24ea6] INFO  - [HiveMQ Platform Operator Init App 1.7.0-SNAPSHOT] Extension hivemq-allow-all-extension was already enabled
2025-01-28 20:43:40,768 INFO c.h.h.t.HelmChartContainer - [test-hivemq-platform] [hivemq] [4dc24ea6] INFO  - [HiveMQ Platform Operator Init App 1.7.0-SNAPSHOT] Successfully enabled extension hivemq-prometheus-extension
2025-01-28 20:43:40,770 INFO c.h.h.t.HelmChartContainer - [test-hivemq-platform] [hivemq] [4dc24ea6] INFO  - [HiveMQ Platform Operator Init App 1.7.0-SNAPSHOT] Starting HiveMQ Platform version 4.36.0 (4.36.0)
2025-01-28 20:43:40,772 INFO c.h.h.t.HelmChartContainer - [test-hivemq-platform] [hivemq] [4dc24ea6] INFO  - [HiveMQ Platform Operator Init App 1.7.0-SNAPSHOT] Configuring the HiveMQ Platform
2025-01-28 20:43:40,782 INFO c.h.h.t.HelmChartContainer - [test-hivemq-platform] [hivemq] [4dc24ea6] INFO  - [HiveMQ Platform Operator Init App 1.7.0-SNAPSHOT] Changed logback.xml file scan period to 20 seconds
2025-01-28 20:43:40,876 INFO c.h.h.t.HelmChartContainer - [test-hivemq-platform] [hivemq] [4dc24ea6] INFO  - [HiveMQ Platform Operator Init App 1.7.0-SNAPSHOT] Starting the HiveMQ Platform
2025-01-28 20:43:40,879 INFO c.h.h.t.HelmChartContainer - [test-hivemq-platform] [hivemq] [4dc24ea6] -------------------------------------------------------------------------
2025-01-28 20:43:40,880 INFO c.h.h.t.HelmChartContainer - [test-hivemq-platform] [hivemq] [4dc24ea6] 
2025-01-28 20:43:40,880 INFO c.h.h.t.HelmChartContainer - [test-hivemq-platform] [hivemq] [4dc24ea6]                   _    _  _              __  __   ____
2025-01-28 20:43:40,880 INFO c.h.h.t.HelmChartContainer - [test-hivemq-platform] [hivemq] [4dc24ea6]                  | |  | |(_)            |  \/  | / __ \
2025-01-28 20:43:40,880 INFO c.h.h.t.HelmChartContainer - [test-hivemq-platform] [hivemq] [4dc24ea6]                  | |__| | _ __   __ ___ | \  / || |  | |
2025-01-28 20:43:40,880 INFO c.h.h.t.HelmChartContainer - [test-hivemq-platform] [hivemq] [4dc24ea6]                  |  __  || |\ \ / // _ \| |\/| || |  | |
2025-01-28 20:43:40,881 INFO c.h.h.t.HelmChartContainer - [test-hivemq-platform] [hivemq] [4dc24ea6]                  | |  | || | \ V /|  __/| |  | || |__| |
2025-01-28 20:43:40,881 INFO c.h.h.t.HelmChartContainer - [test-hivemq-platform] [hivemq] [4dc24ea6]                  |_|  |_||_|  \_/  \___||_|  |_| \___\_\
2025-01-28 20:43:40,881 INFO c.h.h.t.HelmChartContainer - [test-hivemq-platform] [hivemq] [4dc24ea6] 
2025-01-28 20:43:40,881 INFO c.h.h.t.HelmChartContainer - [test-hivemq-platform] [hivemq] [4dc24ea6] -------------------------------------------------------------------------
2025-01-28 20:43:40,881 INFO c.h.h.t.HelmChartContainer - [test-hivemq-platform] [hivemq] [4dc24ea6] 
2025-01-28 20:43:40,881 INFO c.h.h.t.HelmChartContainer - [test-hivemq-platform] [hivemq] [4dc24ea6]   HiveMQ Start Script for Linux/Unix v1.14
2025-01-28 20:43:40,881 INFO c.h.h.t.HelmChartContainer - [test-hivemq-platform] [hivemq] [4dc24ea6] 
2025-01-28 20:43:40,984 INFO c.h.h.t.HelmChartContainer - [test-hivemq-platform] [hivemq] [4dc24ea6] -------------------------------------------------------------------------
2025-01-28 20:43:40,984 INFO c.h.h.t.HelmChartContainer - [test-hivemq-platform] [hivemq] [4dc24ea6] 
2025-01-28 20:43:40,984 INFO c.h.h.t.HelmChartContainer - [test-hivemq-platform] [hivemq] [4dc24ea6]   HIVEMQ_HOME: /opt/hivemq
2025-01-28 20:43:40,984 INFO c.h.h.t.HelmChartContainer - [test-hivemq-platform] [hivemq] [4dc24ea6] 
2025-01-28 20:43:40,984 INFO c.h.h.t.HelmChartContainer - [test-hivemq-platform] [hivemq] [4dc24ea6]   JAVA_OPTS: -XX:+UnlockExperimentalVMOptions -XX:InitialRAMPercentage=50 -XX:MaxRAMPercentage=50 -Djava.net.preferIPv4Stack=true --add-opens java.base/java.lang=ALL-UNNAMED --add-opens java.base/java.nio=ALL-UNNAMED --add-opens java.base/sun.nio.ch=ALL-UNNAMED --add-opens jdk.management/com.sun.management.internal=ALL-UNNAMED --add-exports java.base/jdk.internal.misc=ALL-UNNAMED -Djava.security.egd=file:/dev/./urandom -Dcom.sun.management.jmxremote -Dcom.sun.management.jmxremote.port=9010 -Dcom.sun.management.jmxremote.local.only=false -Dcom.sun.management.jmxremote.authenticate=false -Dcom.sun.management.jmxremote.ssl=false -Duser.language=en -Duser.region=US -XX:+CrashOnOutOfMemoryError -XX:+HeapDumpOnOutOfMemoryError
2025-01-28 20:43:40,984 INFO c.h.h.t.HelmChartContainer - [test-hivemq-platform] [hivemq] [4dc24ea6] 
2025-01-28 20:43:40,985 INFO c.h.h.t.HelmChartContainer - [test-hivemq-platform] [hivemq] [4dc24ea6]   JAVA_VERSION: 21
2025-01-28 20:43:40,985 INFO c.h.h.t.HelmChartContainer - [test-hivemq-platform] [hivemq] [4dc24ea6] 
2025-01-28 20:43:40,985 INFO c.h.h.t.HelmChartContainer - [test-hivemq-platform] [hivemq] [4dc24ea6] -------------------------------------------------------------------------
2025-01-28 20:43:40,985 INFO c.h.h.t.HelmChartContainer - [test-hivemq-platform] [hivemq] [4dc24ea6] 
2025-01-28 20:43:41,869 INFO c.h.h.t.HelmChartContainer - [test-hivemq-platform] [hivemq] [4dc24ea6] INFO  - [HiveMQ Platform Operator Init App 1.7.0-SNAPSHOT] Returning default Health API response 503 for readiness
2025-01-28 20:43:42,179 INFO c.h.h.t.HelmChartContainer - [EVENT] Warning [Unhealthy] Readiness probe failed: HTTP probe failed with statuscode: 503 [helmplatformtlsit:test-hivemq-platform-0]
2025-01-28 20:43:42,179 INFO c.h.h.t.HelmChartContainer - Received Unhealthy event for container hivemq in pod test-hivemq-platform-0 [4dc24ea6-ef39-451b-a20c-392675729851]
2025-01-28 20:43:43,581 INFO c.h.h.t.HelmChartContainer - [test-hivemq-platform] [hivemq] [4dc24ea6] INFO  - Starting HiveMQ Enterprise Server
2025-01-28 20:43:43,586 INFO c.h.h.t.HelmChartContainer - [test-hivemq-platform] [hivemq] [4dc24ea6] INFO  - HiveMQ version: 4.36.0
2025-01-28 20:43:43,586 INFO c.h.h.t.HelmChartContainer - [test-hivemq-platform] [hivemq] [4dc24ea6] INFO  - HiveMQ home directory: /opt/hivemq
2025-01-28 20:43:43,587 INFO c.h.h.t.HelmChartContainer - [test-hivemq-platform] [hivemq] [4dc24ea6] INFO  - Log Configuration was overridden by /opt/hivemq/conf/logback.xml
2025-01-28 20:43:45,380 INFO c.h.h.t.HelmChartContainer - [test-hivemq-platform] [hivemq] [4dc24ea6] INFO  - Using system default truststore for tls listener with 'client-authentication-mode' of value 'optional' and not specified 'truststore'.
2025-01-28 20:43:45,572 INFO c.h.h.t.HelmChartContainer - [test-hivemq-platform] [hivemq] [4dc24ea6] INFO  - Successfully loaded configuration from '/opt/hivemq/conf-k8s/config.xml'.
2025-01-28 20:43:45,841 INFO c.h.h.t.HelmChartContainer - [hivemq-test-hivemq-platform] [hivemq-platform-operator] [4f7f4ba3] 20:43:45.836 [pool-6-thread-5] DEBUG c.h.p.o.d.PlatformServiceResource - [helmplat] Desired Platform services (4 services)
2025-01-28 20:43:45,841 INFO c.h.h.t.HelmChartContainer - [hivemq-test-hivemq-platform] [hivemq-platform-operator] [4f7f4ba3] 20:43:45.838 [pool-6-thread-6] DEBUG c.h.p.o.dependants.PodInfoConfigMap - [helmplat] Desired PodInfo ConfigMap (1 extensions) (1 enabled)
2025-01-28 20:43:45,841 INFO c.h.h.t.HelmChartContainer - [hivemq-test-hivemq-platform] [hivemq-platform-operator] [4f7f4ba3] 20:43:45.838 [pool-6-thread-6] DEBUG c.h.p.o.dependants.PodInfoConfigMap - [helmplat] Desired PodInfo ConfigMap (metrics port: 9399) (metrics path: /)
2025-01-28 20:43:45,841 INFO c.h.h.t.HelmChartContainer - [hivemq-test-hivemq-platform] [hivemq-platform-operator] [4f7f4ba3] 20:43:45.838 [pool-6-thread-6] DEBUG c.h.p.o.dependants.PodInfoConfigMap - [helmplat] Desired PodInfo ConfigMap (extension state hash: -1817474005)
2025-01-28 20:43:45,841 INFO c.h.h.t.HelmChartContainer - [hivemq-test-hivemq-platform] [hivemq-platform-operator] [4f7f4ba3] 20:43:45.839 [pool-6-thread-6] DEBUG c.h.p.o.d.PodServiceAccountResource - [helmplat] Desired PodServiceAccountResource (serviceAccountName: hivemq-platform-pod-test-hivemq-platform)
2025-01-28 20:43:45,844 INFO c.h.h.t.HelmChartContainer - [hivemq-test-hivemq-platform] [hivemq-platform-operator] [4f7f4ba3] 20:43:45.843 [pool-6-thread-5] DEBUG c.h.p.o.d.StatefulSetResource - [helmplat] Desired StatefulSet (1 replicas) for status STARTING (READY)
2025-01-28 20:43:45,849 INFO c.h.h.t.HelmChartContainer - [hivemq-test-hivemq-platform] [hivemq-platform-operator] [4f7f4ba3] 20:43:45.849 [ReconcilerExecutor-hivemq-controller-108] INFO  c.h.p.o.HiveMQPlatformReconciler - [helmplat] Reconciling HiveMQ Platform 'test-hivemq-platform' in namespace 'helmplatformtlsit'
2025-01-28 20:43:45,851 INFO c.h.h.t.HelmChartContainer - [hivemq-test-hivemq-platform] [hivemq-platform-operator] [4f7f4ba3] 20:43:45.849 [ReconcilerExecutor-hivemq-controller-108] DEBUG c.h.p.o.HiveMQPlatformReconciler - [helmplat] Custom Resource Status STARTING - HiveMQ Platform is starting (READY)
2025-01-28 20:43:45,851 INFO c.h.h.t.HelmChartContainer - [hivemq-test-hivemq-platform] [hivemq-platform-operator] [4f7f4ba3] 20:43:45.849 [ReconcilerExecutor-hivemq-controller-108] DEBUG c.h.p.o.HiveMQPlatformReconciler - [helmplat] Custom Resource Spec (replicas: 1) (extensions: 1)
2025-01-28 20:43:45,852 INFO c.h.h.t.HelmChartContainer - [hivemq-test-hivemq-platform] [hivemq-platform-operator] [4f7f4ba3] 20:43:45.851 [ReconcilerExecutor-hivemq-controller-108] DEBUG c.h.p.o.HiveMQPlatformReconciler - [helmplat] StatefulSet Status (revision: test-hivemq-platform-54f77f89bb, replicas: 1, available: 0, ready: 0, current: 1, updated: 1)
2025-01-28 20:43:45,852 INFO c.h.h.t.HelmChartContainer - [hivemq-test-hivemq-platform] [hivemq-platform-operator] [4f7f4ba3] 20:43:45.851 [ReconcilerExecutor-hivemq-controller-108] DEBUG c.h.p.o.HiveMQPlatformReconciler - [helmplat] StatefulSet Spec (replicas: 1, init containers: 1, containers: 1, volumes: 5)
2025-01-28 20:43:45,919 INFO c.h.h.t.HelmChartContainer - [hivemq-test-hivemq-platform] [hivemq-platform-operator] [4f7f4ba3] 20:43:45.916 [ReconcilerExecutor-hivemq-controller-108] DEBUG c.h.p.o.h.HiveMQPlatformReconcilerErrorHandler - [helmplat] Pod 'test-hivemq-platform-0' phase Running
2025-01-28 20:43:45,919 INFO c.h.h.t.HelmChartContainer - [hivemq-test-hivemq-platform] [hivemq-platform-operator] [4f7f4ba3] 20:43:45.917 [ReconcilerExecutor-hivemq-controller-108] INFO  c.h.p.o.h.HiveMQPlatformReconcilerBaseHandler - [helmplat] HiveMQ Platform is starting, 0 of 1 replicas are ready
2025-01-28 20:43:46,278 INFO c.h.h.t.HelmChartContainer - [test-hivemq-platform] [hivemq] [4dc24ea6] INFO  - This node's ID is TCNiu
2025-01-28 20:43:46,278 INFO c.h.h.t.HelmChartContainer - [test-hivemq-platform] [hivemq] [4dc24ea6] INFO  - Clustering is enabled
2025-01-28 20:43:47,274 INFO c.h.h.t.HelmChartContainer - [test-hivemq-platform] [hivemq] [4dc24ea6] WARN  - [HiveMQ Platform Operator Init App 1.7.0-SNAPSHOT] Cannot connect to Health API for readiness: null
2025-01-28 20:43:47,277 INFO c.h.h.t.HelmChartContainer - [EVENT] Warning [Unhealthy] Readiness probe failed: HTTP probe failed with statuscode: 503 [helmplatformtlsit:test-hivemq-platform-0]
2025-01-28 20:43:47,277 INFO c.h.h.t.HelmChartContainer - Received Unhealthy event for container hivemq in pod test-hivemq-platform-0 [4dc24ea6-ef39-451b-a20c-392675729851]
2025-01-28 20:43:51,270 INFO c.h.h.t.HelmChartContainer - [test-hivemq-platform] [hivemq] [4dc24ea6] Jan 28, 2025 8:43:51 PM io.vertx.core.impl.BlockedThreadChecker
2025-01-28 20:43:51,270 INFO c.h.h.t.HelmChartContainer - [test-hivemq-platform] [hivemq] [4dc24ea6] WARNING: Thread Thread[vert.x-eventloop-thread-1,5,main] has been blocked for 3000 ms, time limit is 2000 ms
2025-01-28 20:43:51,471 INFO c.h.h.t.HelmChartContainer - [test-hivemq-platform] [hivemq] [4dc24ea6] INFO  - [HiveMQ Platform Operator Init App 1.7.0-SNAPSHOT] Updating Pod HiveMQ Platform Operator Init App version annotation (version: 1.7.0-SNAPSHOT)
2025-01-28 20:43:51,872 INFO c.h.h.t.HelmChartContainer - [test-hivemq-platform] [hivemq] [4dc24ea6] WARN  - [HiveMQ Platform Operator Init App 1.7.0-SNAPSHOT] Cannot connect to Health API for readiness: null
2025-01-28 20:43:51,880 INFO c.h.h.t.HelmChartContainer - [EVENT] Warning [Unhealthy] Readiness probe failed: HTTP probe failed with statuscode: 503 [helmplatformtlsit:test-hivemq-platform-0]
2025-01-28 20:43:51,880 INFO c.h.h.t.HelmChartContainer - Received Unhealthy event for container hivemq in pod test-hivemq-platform-0 [4dc24ea6-ef39-451b-a20c-392675729851]
2025-01-28 20:43:52,286 INFO c.h.h.t.HelmChartContainer - [POD] test-hivemq-platform-0 [4dc24ea6-ef39-451b-a20c-392675729851] in helmplatformtlsit was MODIFIED
2025-01-28 20:43:52,296 INFO c.h.h.t.HelmChartContainer - [hivemq-test-hivemq-platform] [hivemq-platform-operator] [4f7f4ba3] 20:43:52.293 [pool-6-thread-16] DEBUG c.h.p.o.d.PlatformServiceResource - [helmplat] Desired Platform services (4 services)
2025-01-28 20:43:52,296 INFO c.h.h.t.HelmChartContainer - [hivemq-test-hivemq-platform] [hivemq-platform-operator] [4f7f4ba3] 20:43:52.294 [pool-6-thread-14] DEBUG c.h.p.o.dependants.PodInfoConfigMap - [helmplat] Desired PodInfo ConfigMap (1 extensions) (1 enabled)
2025-01-28 20:43:52,296 INFO c.h.h.t.HelmChartContainer - [hivemq-test-hivemq-platform] [hivemq-platform-operator] [4f7f4ba3] 20:43:52.294 [pool-6-thread-14] DEBUG c.h.p.o.dependants.PodInfoConfigMap - [helmplat] Desired PodInfo ConfigMap (metrics port: 9399) (metrics path: /)
2025-01-28 20:43:52,296 INFO c.h.h.t.HelmChartContainer - [hivemq-test-hivemq-platform] [hivemq-platform-operator] [4f7f4ba3] 20:43:52.294 [pool-6-thread-11] DEBUG c.h.p.o.d.PodServiceAccountResource - [helmplat] Desired PodServiceAccountResource (serviceAccountName: hivemq-platform-pod-test-hivemq-platform)
2025-01-28 20:43:52,296 INFO c.h.h.t.HelmChartContainer - [hivemq-test-hivemq-platform] [hivemq-platform-operator] [4f7f4ba3] 20:43:52.294 [pool-6-thread-14] DEBUG c.h.p.o.dependants.PodInfoConfigMap - [helmplat] Desired PodInfo ConfigMap (extension state hash: -1817474005)
2025-01-28 20:43:52,304 INFO c.h.h.t.HelmChartContainer - [hivemq-test-hivemq-platform] [hivemq-platform-operator] [4f7f4ba3] 20:43:52.301 [pool-6-thread-15] DEBUG c.h.p.o.d.StatefulSetResource - [helmplat] Desired StatefulSet (1 replicas) for status STARTING (READY)
2025-01-28 20:43:52,376 INFO c.h.h.t.HelmChartContainer - [test-hivemq-platform] [hivemq] [4dc24ea6] WARN  - [HiveMQ Platform Operator Init App 1.7.0-SNAPSHOT] Cannot connect to Health API for readiness: null
2025-01-28 20:43:52,379 INFO c.h.h.t.HelmChartContainer - [test-hivemq-platform] [hivemq] [4dc24ea6] INFO  - [HiveMQ Platform Operator Init App 1.7.0-SNAPSHOT] Successfully updated Pod HiveMQ Platform Operator Init App version annotation (version: 1.7.0-SNAPSHOT)
2025-01-28 20:43:52,383 INFO c.h.h.t.HelmChartContainer - [EVENT] Warning [Unhealthy] Readiness probe failed: HTTP probe failed with statuscode: 503 [helmplatformtlsit:test-hivemq-platform-0]
2025-01-28 20:43:52,383 INFO c.h.h.t.HelmChartContainer - Received Unhealthy event for container hivemq in pod test-hivemq-platform-0 [4dc24ea6-ef39-451b-a20c-392675729851]
2025-01-28 20:43:52,389 INFO c.h.h.t.HelmChartContainer - [hivemq-test-hivemq-platform] [hivemq-platform-operator] [4f7f4ba3] 20:43:52.388 [ReconcilerExecutor-hivemq-controller-109] INFO  c.h.p.o.HiveMQPlatformReconciler - [helmplat] Reconciling HiveMQ Platform 'test-hivemq-platform' in namespace 'helmplatformtlsit'
2025-01-28 20:43:52,390 INFO c.h.h.t.HelmChartContainer - [hivemq-test-hivemq-platform] [hivemq-platform-operator] [4f7f4ba3] 20:43:52.389 [ReconcilerExecutor-hivemq-controller-109] DEBUG c.h.p.o.HiveMQPlatformReconciler - [helmplat] Custom Resource Status STARTING - HiveMQ Platform is starting (READY)
2025-01-28 20:43:52,390 INFO c.h.h.t.HelmChartContainer - [hivemq-test-hivemq-platform] [hivemq-platform-operator] [4f7f4ba3] 20:43:52.389 [ReconcilerExecutor-hivemq-controller-109] DEBUG c.h.p.o.HiveMQPlatformReconciler - [helmplat] Custom Resource Spec (replicas: 1) (extensions: 1)
2025-01-28 20:43:52,392 INFO c.h.h.t.HelmChartContainer - [hivemq-test-hivemq-platform] [hivemq-platform-operator] [4f7f4ba3] 20:43:52.391 [ReconcilerExecutor-hivemq-controller-109] DEBUG c.h.p.o.HiveMQPlatformReconciler - [helmplat] StatefulSet Status (revision: test-hivemq-platform-54f77f89bb, replicas: 1, available: 0, ready: 0, current: 1, updated: 1)
2025-01-28 20:43:52,393 INFO c.h.h.t.HelmChartContainer - [hivemq-test-hivemq-platform] [hivemq-platform-operator] [4f7f4ba3] 20:43:52.392 [ReconcilerExecutor-hivemq-controller-109] DEBUG c.h.p.o.HiveMQPlatformReconciler - [helmplat] StatefulSet Spec (replicas: 1, init containers: 1, containers: 1, volumes: 5)
2025-01-28 20:43:52,395 INFO c.h.h.t.HelmChartContainer - [hivemq-test-hivemq-platform] [hivemq-platform-operator] [4f7f4ba3] 20:43:52.394 [ReconcilerExecutor-hivemq-controller-109] DEBUG c.h.p.o.h.HiveMQPlatformReconcilerErrorHandler - [helmplat] Pod 'test-hivemq-platform-0' phase Running
2025-01-28 20:43:52,395 INFO c.h.h.t.HelmChartContainer - [hivemq-test-hivemq-platform] [hivemq-platform-operator] [4f7f4ba3] 20:43:52.395 [ReconcilerExecutor-hivemq-controller-109] INFO  c.h.p.o.h.HiveMQPlatformReconcilerBaseHandler - [helmplat] HiveMQ Platform is starting, 0 of 1 replicas are ready
2025-01-28 20:43:57,346 INFO c.h.h.t.HelmChartContainer - [test-hivemq-platform] [hivemq] [4dc24ea6] WARN  - [HiveMQ Platform Operator Init App 1.7.0-SNAPSHOT] Cannot connect to Health API for readiness: null
2025-01-28 20:43:57,351 INFO c.h.h.t.HelmChartContainer - [EVENT] Warning [Unhealthy] Readiness probe failed: HTTP probe failed with statuscode: 503 [helmplatformtlsit:test-hivemq-platform-0]
2025-01-28 20:43:57,351 INFO c.h.h.t.HelmChartContainer - Received Unhealthy event for container hivemq in pod test-hivemq-platform-0 [4dc24ea6-ef39-451b-a20c-392675729851]
2025-01-28 20:44:02,345 INFO c.h.h.t.HelmChartContainer - [test-hivemq-platform] [hivemq] [4dc24ea6] WARN  - [HiveMQ Platform Operator Init App 1.7.0-SNAPSHOT] Cannot connect to Health API for readiness: null
2025-01-28 20:44:02,350 INFO c.h.h.t.HelmChartContainer - [EVENT] Warning [Unhealthy] Readiness probe failed: HTTP probe failed with statuscode: 503 [helmplatformtlsit:test-hivemq-platform-0]
2025-01-28 20:44:02,350 INFO c.h.h.t.HelmChartContainer - Received Unhealthy event for container hivemq in pod test-hivemq-platform-0 [4dc24ea6-ef39-451b-a20c-392675729851]
2025-01-28 20:44:02,402 INFO c.h.h.t.HelmChartContainer - [hivemq-test-hivemq-platform] [hivemq-platform-operator] [4f7f4ba3] 20:44:02.398 [pool-6-thread-26] DEBUG c.h.p.o.d.PlatformServiceResource - [helmplat] Desired Platform services (4 services)
2025-01-28 20:44:02,402 INFO c.h.h.t.HelmChartContainer - [hivemq-test-hivemq-platform] [hivemq-platform-operator] [4f7f4ba3] 20:44:02.400 [pool-6-thread-24] DEBUG c.h.p.o.d.PodServiceAccountResource - [helmplat] Desired PodServiceAccountResource (serviceAccountName: hivemq-platform-pod-test-hivemq-platform)
2025-01-28 20:44:02,402 INFO c.h.h.t.HelmChartContainer - [hivemq-test-hivemq-platform] [hivemq-platform-operator] [4f7f4ba3] 20:44:02.400 [pool-6-thread-25] DEBUG c.h.p.o.dependants.PodInfoConfigMap - [helmplat] Desired PodInfo ConfigMap (1 extensions) (1 enabled)
2025-01-28 20:44:02,403 INFO c.h.h.t.HelmChartContainer - [hivemq-test-hivemq-platform] [hivemq-platform-operator] [4f7f4ba3] 20:44:02.400 [pool-6-thread-25] DEBUG c.h.p.o.dependants.PodInfoConfigMap - [helmplat] Desired PodInfo ConfigMap (metrics port: 9399) (metrics path: /)
2025-01-28 20:44:02,403 INFO c.h.h.t.HelmChartContainer - [hivemq-test-hivemq-platform] [hivemq-platform-operator] [4f7f4ba3] 20:44:02.400 [pool-6-thread-25] DEBUG c.h.p.o.dependants.PodInfoConfigMap - [helmplat] Desired PodInfo ConfigMap (extension state hash: -1817474005)
2025-01-28 20:44:02,406 INFO c.h.h.t.HelmChartContainer - [hivemq-test-hivemq-platform] [hivemq-platform-operator] [4f7f4ba3] 20:44:02.405 [pool-6-thread-25] DEBUG c.h.p.o.d.StatefulSetResource - [helmplat] Desired StatefulSet (1 replicas) for status STARTING (READY)
2025-01-28 20:44:02,411 INFO c.h.h.t.HelmChartContainer - [hivemq-test-hivemq-platform] [hivemq-platform-operator] [4f7f4ba3] 20:44:02.410 [ReconcilerExecutor-hivemq-controller-110] INFO  c.h.p.o.HiveMQPlatformReconciler - [helmplat] Reconciling HiveMQ Platform 'test-hivemq-platform' in namespace 'helmplatformtlsit'
2025-01-28 20:44:02,411 INFO c.h.h.t.HelmChartContainer - [hivemq-test-hivemq-platform] [hivemq-platform-operator] [4f7f4ba3] 20:44:02.410 [ReconcilerExecutor-hivemq-controller-110] DEBUG c.h.p.o.HiveMQPlatformReconciler - [helmplat] Custom Resource Status STARTING - HiveMQ Platform is starting (READY)
2025-01-28 20:44:02,412 INFO c.h.h.t.HelmChartContainer - [hivemq-test-hivemq-platform] [hivemq-platform-operator] [4f7f4ba3] 20:44:02.410 [ReconcilerExecutor-hivemq-controller-110] DEBUG c.h.p.o.HiveMQPlatformReconciler - [helmplat] Custom Resource Spec (replicas: 1) (extensions: 1)
2025-01-28 20:44:02,413 INFO c.h.h.t.HelmChartContainer - [hivemq-test-hivemq-platform] [hivemq-platform-operator] [4f7f4ba3] 20:44:02.412 [ReconcilerExecutor-hivemq-controller-110] DEBUG c.h.p.o.HiveMQPlatformReconciler - [helmplat] StatefulSet Status (revision: test-hivemq-platform-54f77f89bb, replicas: 1, available: 0, ready: 0, current: 1, updated: 1)
2025-01-28 20:44:02,413 INFO c.h.h.t.HelmChartContainer - [hivemq-test-hivemq-platform] [hivemq-platform-operator] [4f7f4ba3] 20:44:02.412 [ReconcilerExecutor-hivemq-controller-110] DEBUG c.h.p.o.HiveMQPlatformReconciler - [helmplat] StatefulSet Spec (replicas: 1, init containers: 1, containers: 1, volumes: 5)
2025-01-28 20:44:02,414 INFO c.h.h.t.HelmChartContainer - [hivemq-test-hivemq-platform] [hivemq-platform-operator] [4f7f4ba3] 20:44:02.413 [ReconcilerExecutor-hivemq-controller-110] DEBUG c.h.p.o.h.HiveMQPlatformReconcilerErrorHandler - [helmplat] Pod 'test-hivemq-platform-0' phase Running
2025-01-28 20:44:02,414 INFO c.h.h.t.HelmChartContainer - [hivemq-test-hivemq-platform] [hivemq-platform-operator] [4f7f4ba3] 20:44:02.414 [ReconcilerExecutor-hivemq-controller-110] INFO  c.h.p.o.h.HiveMQPlatformReconcilerBaseHandler - [helmplat] HiveMQ Platform is starting, 0 of 1 replicas are ready
2025-01-28 20:44:02,871 INFO c.h.h.t.HelmChartContainer - [test-hivemq-platform] [hivemq] [4dc24ea6] WARN  - [HiveMQ Platform Operator Init App 1.7.0-SNAPSHOT] Cannot connect to Health API for liveness: null
2025-01-28 20:44:02,871 INFO c.h.h.t.HelmChartContainer - [test-hivemq-platform] [hivemq] [4dc24ea6] INFO  - [HiveMQ Platform Operator Init App 1.7.0-SNAPSHOT] Returning default Health API response 200 for liveness
2025-01-28 20:44:03,079 INFO c.h.h.t.HelmChartContainer - [test-hivemq-platform] [hivemq] [4dc24ea6] INFO  - No valid license file found. Using trial license, restricted to 25 connections.
2025-01-28 20:44:05,672 INFO c.h.h.t.HelmChartContainer - [test-hivemq-platform] [hivemq] [4dc24ea6] INFO  - No valid license file for Data Hub found. Using free license, restricted to 1 policy.
2025-01-28 20:44:06,949 INFO c.h.h.t.HelmChartContainer - [test-hivemq-platform] [hivemq] [4dc24ea6] INFO  - Audit Logger started.
2025-01-28 20:44:07,196 INFO c.h.h.t.HelmChartContainer - [test-hivemq-platform] [hivemq] [4dc24ea6] INFO  - This node uses '1' CPU cores.
2025-01-28 20:44:07,200 INFO c.h.h.t.HelmChartContainer - [test-hivemq-platform] [hivemq] [4dc24ea6] INFO  - Starting HiveMQ Health API on address 0.0.0.0 and port 8889
2025-01-28 20:44:07,289 INFO c.h.h.t.HelmChartContainer - [test-hivemq-platform] [hivemq] [4dc24ea6] WARN  - [HiveMQ Platform Operator Init App 1.7.0-SNAPSHOT] Cannot connect to Health API for readiness: null
2025-01-28 20:44:07,294 INFO c.h.h.t.HelmChartContainer - [EVENT] Warning [Unhealthy] Readiness probe failed: HTTP probe failed with statuscode: 503 [helmplatformtlsit:test-hivemq-platform-0]
2025-01-28 20:44:07,294 INFO c.h.h.t.HelmChartContainer - Received Unhealthy event for container hivemq in pod test-hivemq-platform-0 [4dc24ea6-ef39-451b-a20c-392675729851]
2025-01-28 20:44:08,072 INFO c.h.h.t.HelmChartContainer - [test-hivemq-platform] [hivemq] [4dc24ea6] INFO  - Started HiveMQ Health API in 871ms
2025-01-28 20:44:08,880 INFO c.h.h.t.HelmChartContainer - [test-hivemq-platform] [hivemq] [4dc24ea6] INFO  - Starting HiveMQ extension system.
2025-01-28 20:44:09,146 INFO c.h.h.t.HelmChartContainer - [test-hivemq-platform] [hivemq] [4dc24ea6] INFO  - Starting extension with id "hivemq-dns-cluster-discovery" at /opt/hivemq/extensions/hivemq-dns-cluster-discovery
2025-01-28 20:44:09,645 INFO c.h.h.t.HelmChartContainer - [test-hivemq-platform] [hivemq] [4dc24ea6] INFO  - Extension "DNS Cluster Discovery Extension" version 4.3.2 started successfully.
2025-01-28 20:44:09,645 INFO c.h.h.t.HelmChartContainer - [test-hivemq-platform] [hivemq] [4dc24ea6] INFO  - Starting extension with id "hivemq-prometheus-extension" at /opt/hivemq/extensions/hivemq-prometheus-extension
2025-01-28 20:44:09,975 INFO c.h.h.t.HelmChartContainer - [test-hivemq-platform] [hivemq] [4dc24ea6] INFO  - Using TCP cluster transport on address 10.42.0.9 and port 7000
2025-01-28 20:44:10,044 INFO c.h.h.t.HelmChartContainer - [test-hivemq-platform] [hivemq] [4dc24ea6] INFO  - Using extension cluster discovery
2025-01-28 20:44:10,845 INFO c.h.h.t.HelmChartContainer - [test-hivemq-platform] [hivemq] [4dc24ea6] INFO  - Started Jetty Server exposing Prometheus Servlet on URI http://0.0.0.0:9399/
2025-01-28 20:44:10,845 INFO c.h.h.t.HelmChartContainer - [test-hivemq-platform] [hivemq] [4dc24ea6] INFO  - Extension "Prometheus Monitoring Extension" version 4.0.12 started successfully.
2025-01-28 20:44:10,846 INFO c.h.h.t.HelmChartContainer - [test-hivemq-platform] [hivemq] [4dc24ea6] INFO  - Starting extension with id "hivemq-allow-all-extension" at /opt/hivemq/extensions/hivemq-allow-all-extension
2025-01-28 20:44:10,846 INFO c.h.h.t.HelmChartContainer - [test-hivemq-platform] [hivemq] [4dc24ea6] WARN  - 
2025-01-28 20:44:10,846 INFO c.h.h.t.HelmChartContainer - [test-hivemq-platform] [hivemq] [4dc24ea6] ################################################################################################################
2025-01-28 20:44:10,846 INFO c.h.h.t.HelmChartContainer - [test-hivemq-platform] [hivemq] [4dc24ea6] # This HiveMQ deployment is not secure! You are lacking Authentication and Authorization.                      #
2025-01-28 20:44:10,846 INFO c.h.h.t.HelmChartContainer - [test-hivemq-platform] [hivemq] [4dc24ea6] # Right now any MQTT client can connect to the broker with a full set of permissions.                          #
2025-01-28 20:44:10,846 INFO c.h.h.t.HelmChartContainer - [test-hivemq-platform] [hivemq] [4dc24ea6] # For production usage, add an appropriate security extension and remove the hivemq-allow-all extension.       #
2025-01-28 20:44:10,847 INFO c.h.h.t.HelmChartContainer - [test-hivemq-platform] [hivemq] [4dc24ea6] # You can download security extensions from the HiveMQ Marketplace (https://www.hivemq.com/extensions/).       #
2025-01-28 20:44:10,847 INFO c.h.h.t.HelmChartContainer - [test-hivemq-platform] [hivemq] [4dc24ea6] ################################################################################################################
2025-01-28 20:44:10,847 INFO c.h.h.t.HelmChartContainer - [test-hivemq-platform] [hivemq] [4dc24ea6] INFO  - Extension "Allow All Extension" version 1.1.1 started successfully.
2025-01-28 20:44:12,422 INFO c.h.h.t.HelmChartContainer - [hivemq-test-hivemq-platform] [hivemq-platform-operator] [4f7f4ba3] 20:44:12.419 [pool-6-thread-37] DEBUG c.h.p.o.d.PlatformServiceResource - [helmplat] Desired Platform services (4 services)
2025-01-28 20:44:12,422 INFO c.h.h.t.HelmChartContainer - [hivemq-test-hivemq-platform] [hivemq-platform-operator] [4f7f4ba3] 20:44:12.420 [pool-6-thread-38] DEBUG c.h.p.o.dependants.PodInfoConfigMap - [helmplat] Desired PodInfo ConfigMap (1 extensions) (1 enabled)
2025-01-28 20:44:12,422 INFO c.h.h.t.HelmChartContainer - [hivemq-test-hivemq-platform] [hivemq-platform-operator] [4f7f4ba3] 20:44:12.420 [pool-6-thread-38] DEBUG c.h.p.o.dependants.PodInfoConfigMap - [helmplat] Desired PodInfo ConfigMap (metrics port: 9399) (metrics path: /)
2025-01-28 20:44:12,422 INFO c.h.h.t.HelmChartContainer - [hivemq-test-hivemq-platform] [hivemq-platform-operator] [4f7f4ba3] 20:44:12.420 [pool-6-thread-38] DEBUG c.h.p.o.dependants.PodInfoConfigMap - [helmplat] Desired PodInfo ConfigMap (extension state hash: -1817474005)
2025-01-28 20:44:12,422 INFO c.h.h.t.HelmChartContainer - [hivemq-test-hivemq-platform] [hivemq-platform-operator] [4f7f4ba3] 20:44:12.420 [pool-6-thread-33] DEBUG c.h.p.o.d.PodServiceAccountResource - [helmplat] Desired PodServiceAccountResource (serviceAccountName: hivemq-platform-pod-test-hivemq-platform)
2025-01-28 20:44:12,428 INFO c.h.h.t.HelmChartContainer - [hivemq-test-hivemq-platform] [hivemq-platform-operator] [4f7f4ba3] 20:44:12.427 [pool-6-thread-37] DEBUG c.h.p.o.d.StatefulSetResource - [helmplat] Desired StatefulSet (1 replicas) for status STARTING (READY)
2025-01-28 20:44:12,433 INFO c.h.h.t.HelmChartContainer - [hivemq-test-hivemq-platform] [hivemq-platform-operator] [4f7f4ba3] 20:44:12.431 [ReconcilerExecutor-hivemq-controller-111] INFO  c.h.p.o.HiveMQPlatformReconciler - [helmplat] Reconciling HiveMQ Platform 'test-hivemq-platform' in namespace 'helmplatformtlsit'
2025-01-28 20:44:12,433 INFO c.h.h.t.HelmChartContainer - [hivemq-test-hivemq-platform] [hivemq-platform-operator] [4f7f4ba3] 20:44:12.431 [ReconcilerExecutor-hivemq-controller-111] DEBUG c.h.p.o.HiveMQPlatformReconciler - [helmplat] Custom Resource Status STARTING - HiveMQ Platform is starting (READY)
2025-01-28 20:44:12,433 INFO c.h.h.t.HelmChartContainer - [hivemq-test-hivemq-platform] [hivemq-platform-operator] [4f7f4ba3] 20:44:12.431 [ReconcilerExecutor-hivemq-controller-111] DEBUG c.h.p.o.HiveMQPlatformReconciler - [helmplat] Custom Resource Spec (replicas: 1) (extensions: 1)
2025-01-28 20:44:12,434 INFO c.h.h.t.HelmChartContainer - [hivemq-test-hivemq-platform] [hivemq-platform-operator] [4f7f4ba3] 20:44:12.433 [ReconcilerExecutor-hivemq-controller-111] DEBUG c.h.p.o.HiveMQPlatformReconciler - [helmplat] StatefulSet Status (revision: test-hivemq-platform-54f77f89bb, replicas: 1, available: 0, ready: 0, current: 1, updated: 1)
2025-01-28 20:44:12,435 INFO c.h.h.t.HelmChartContainer - [hivemq-test-hivemq-platform] [hivemq-platform-operator] [4f7f4ba3] 20:44:12.433 [ReconcilerExecutor-hivemq-controller-111] DEBUG c.h.p.o.HiveMQPlatformReconciler - [helmplat] StatefulSet Spec (replicas: 1, init containers: 1, containers: 1, volumes: 5)
2025-01-28 20:44:12,436 INFO c.h.h.t.HelmChartContainer - [hivemq-test-hivemq-platform] [hivemq-platform-operator] [4f7f4ba3] 20:44:12.435 [ReconcilerExecutor-hivemq-controller-111] DEBUG c.h.p.o.h.HiveMQPlatformReconcilerErrorHandler - [helmplat] Pod 'test-hivemq-platform-0' phase Running
2025-01-28 20:44:12,436 INFO c.h.h.t.HelmChartContainer - [hivemq-test-hivemq-platform] [hivemq-platform-operator] [4f7f4ba3] 20:44:12.435 [ReconcilerExecutor-hivemq-controller-111] INFO  c.h.p.o.h.HiveMQPlatformReconcilerBaseHandler - [helmplat] HiveMQ Platform is starting, 0 of 1 replicas are ready
2025-01-28 20:44:12,671 INFO c.h.h.t.HelmChartContainer - [test-hivemq-platform] [hivemq] [4dc24ea6] INFO  - [HiveMQ Platform Operator Init App 1.7.0-SNAPSHOT] Returning Health API response 503 for readiness
2025-01-28 20:44:12,676 INFO c.h.h.t.HelmChartContainer - [EVENT] Warning [Unhealthy] Readiness probe failed: HTTP probe failed with statuscode: 503 [helmplatformtlsit:test-hivemq-platform-0]
2025-01-28 20:44:12,676 INFO c.h.h.t.HelmChartContainer - Received Unhealthy event for container hivemq in pod test-hivemq-platform-0 [4dc24ea6-ef39-451b-a20c-392675729851]
2025-01-28 20:44:12,870 INFO c.h.h.t.HelmChartContainer - [test-hivemq-platform] [hivemq] [4dc24ea6] INFO  - TCNiu: no members discovered after 2100 ms: creating cluster as first member
2025-01-28 20:44:12,877 INFO c.h.h.t.HelmChartContainer - [test-hivemq-platform] [hivemq] [4dc24ea6] INFO  - Cluster nodes found by discovery: [TCNiu|0] (1) [TCNiu].
2025-01-28 20:44:13,071 INFO c.h.h.t.HelmChartContainer - [test-hivemq-platform] [hivemq] [4dc24ea6] WARN  - No user for HiveMQ Control Center configured. Starting with default user
2025-01-28 20:44:13,071 INFO c.h.h.t.HelmChartContainer - [test-hivemq-platform] [hivemq] [4dc24ea6] INFO  - Starting secure HiveMQ Control Center on address 0.0.0.0 and port 8080
2025-01-28 20:44:13,071 INFO c.h.h.t.HelmChartContainer - [test-hivemq-platform] [hivemq] [4dc24ea6] INFO  - Mounting HiveMQ Control Center V2 Preview
2025-01-28 20:44:13,782 INFO c.h.h.t.HelmChartContainer - [test-hivemq-platform] [hivemq] [4dc24ea6] INFO  - Started HiveMQ Control Center in 713ms
2025-01-28 20:44:14,372 INFO c.h.h.t.HelmChartContainer - [test-hivemq-platform] [hivemq] [4dc24ea6] INFO  - Enabled protocols for TCP Listener with TLS at address 0.0.0.0 and port 1883: [TLSv1.3, TLSv1.2]
2025-01-28 20:44:14,373 INFO c.h.h.t.HelmChartContainer - [test-hivemq-platform] [hivemq] [4dc24ea6] INFO  - Enabled cipher suites for TCP Listener with TLS at address 0.0.0.0 and port 1883: [TLS_ECDHE_ECDSA_WITH_AES_256_GCM_SHA384, TLS_ECDHE_ECDSA_WITH_AES_128_GCM_SHA256, TLS_ECDHE_RSA_WITH_AES_128_GCM_SHA256, TLS_ECDHE_RSA_WITH_AES_256_GCM_SHA384, TLS_ECDHE_RSA_WITH_AES_128_CBC_SHA, TLS_ECDHE_RSA_WITH_AES_256_CBC_SHA, TLS_RSA_WITH_AES_128_GCM_SHA256, TLS_RSA_WITH_AES_128_CBC_SHA, TLS_RSA_WITH_AES_256_CBC_SHA, TLS_AES_128_GCM_SHA256, TLS_AES_256_GCM_SHA384]
2025-01-28 20:44:14,374 INFO c.h.h.t.HelmChartContainer - [test-hivemq-platform] [hivemq] [4dc24ea6] INFO  - Starting TLS TCP listener on address 0.0.0.0 and port 1883
2025-01-28 20:44:14,469 INFO c.h.h.t.HelmChartContainer - [test-hivemq-platform] [hivemq] [4dc24ea6] INFO  - Enabled protocols for TCP Listener with TLS at address 0.0.0.0 and port 1884: [TLSv1.3, TLSv1.2]
2025-01-28 20:44:14,470 INFO c.h.h.t.HelmChartContainer - [test-hivemq-platform] [hivemq] [4dc24ea6] INFO  - Enabled cipher suites for TCP Listener with TLS at address 0.0.0.0 and port 1884: [TLS_ECDHE_ECDSA_WITH_AES_256_GCM_SHA384, TLS_ECDHE_ECDSA_WITH_AES_128_GCM_SHA256, TLS_ECDHE_RSA_WITH_AES_128_GCM_SHA256, TLS_ECDHE_RSA_WITH_AES_256_GCM_SHA384, TLS_ECDHE_RSA_WITH_AES_128_CBC_SHA, TLS_ECDHE_RSA_WITH_AES_256_CBC_SHA, TLS_RSA_WITH_AES_128_GCM_SHA256, TLS_RSA_WITH_AES_128_CBC_SHA, TLS_RSA_WITH_AES_256_CBC_SHA, TLS_AES_128_GCM_SHA256, TLS_AES_256_GCM_SHA384]
2025-01-28 20:44:14,470 INFO c.h.h.t.HelmChartContainer - [test-hivemq-platform] [hivemq] [4dc24ea6] INFO  - Starting TLS TCP listener on address 0.0.0.0 and port 1884
2025-01-28 20:44:14,472 INFO c.h.h.t.HelmChartContainer - [test-hivemq-platform] [hivemq] [4dc24ea6] INFO  - Started TCP Listener with TLS on address 0.0.0.0 and on port 1883.
2025-01-28 20:44:14,473 INFO c.h.h.t.HelmChartContainer - [test-hivemq-platform] [hivemq] [4dc24ea6] INFO  - Started TCP Listener with TLS on address 0.0.0.0 and on port 1884.
2025-01-28 20:44:14,474 INFO c.h.h.t.HelmChartContainer - [test-hivemq-platform] [hivemq] [4dc24ea6] INFO  - Started HiveMQ in 31285ms
2025-01-28 20:44:17,291 INFO c.h.h.t.HelmChartContainer - [test-hivemq-platform] [hivemq] [4dc24ea6] INFO  - [HiveMQ Platform Operator Init App 1.7.0-SNAPSHOT] Returning Health API response 200 for readiness
2025-01-28 20:44:17,304 INFO c.h.h.t.HelmChartContainer - [POD] test-hivemq-platform-0 [4dc24ea6-ef39-451b-a20c-392675729851] in helmplatformtlsit was MODIFIED
2025-01-28 20:44:17,323 INFO c.h.h.t.HelmChartContainer - [hivemq-test-hivemq-platform] [hivemq-platform-operator] [4f7f4ba3] 20:44:17.312 [pool-6-thread-46] DEBUG c.h.p.o.dependants.PodInfoConfigMap - [helmplat] Desired PodInfo ConfigMap (1 extensions) (1 enabled)
2025-01-28 20:44:17,326 INFO c.h.h.t.HelmChartContainer - [hivemq-test-hivemq-platform] [hivemq-platform-operator] [4f7f4ba3] 20:44:17.313 [pool-6-thread-47] DEBUG c.h.p.o.d.PlatformServiceResource - [helmplat] Desired Platform services (4 services)
2025-01-28 20:44:17,326 INFO c.h.h.t.HelmChartContainer - [hivemq-test-hivemq-platform] [hivemq-platform-operator] [4f7f4ba3] 20:44:17.313 [pool-6-thread-44] DEBUG c.h.p.o.d.PodServiceAccountResource - [helmplat] Desired PodServiceAccountResource (serviceAccountName: hivemq-platform-pod-test-hivemq-platform)
2025-01-28 20:44:17,326 INFO c.h.h.t.HelmChartContainer - [hivemq-test-hivemq-platform] [hivemq-platform-operator] [4f7f4ba3] 20:44:17.315 [pool-6-thread-46] DEBUG c.h.p.o.dependants.PodInfoConfigMap - [helmplat] Desired PodInfo ConfigMap (metrics port: 9399) (metrics path: /)
2025-01-28 20:44:17,326 INFO c.h.h.t.HelmChartContainer - [hivemq-test-hivemq-platform] [hivemq-platform-operator] [4f7f4ba3] 20:44:17.315 [pool-6-thread-46] DEBUG c.h.p.o.dependants.PodInfoConfigMap - [helmplat] Desired PodInfo ConfigMap (extension state hash: -1817474005)
2025-01-28 20:44:17,326 INFO c.h.h.t.HelmChartContainer - [hivemq-test-hivemq-platform] [hivemq-platform-operator] [4f7f4ba3] 20:44:17.323 [pool-6-thread-47] DEBUG c.h.p.o.d.StatefulSetResource - [helmplat] Desired StatefulSet (1 replicas) for status STARTING (READY)
2025-01-28 20:44:17,390 INFO c.h.h.t.HelmChartContainer - [hivemq-test-hivemq-platform] [hivemq-platform-operator] [4f7f4ba3] 20:44:17.389 [ReconcilerExecutor-hivemq-controller-112] INFO  c.h.p.o.HiveMQPlatformReconciler - [helmplat] Reconciling HiveMQ Platform 'test-hivemq-platform' in namespace 'helmplatformtlsit'
2025-01-28 20:44:17,391 INFO c.h.h.t.HelmChartContainer - [hivemq-test-hivemq-platform] [hivemq-platform-operator] [4f7f4ba3] 20:44:17.389 [ReconcilerExecutor-hivemq-controller-112] DEBUG c.h.p.o.HiveMQPlatformReconciler - [helmplat] Custom Resource Status STARTING - HiveMQ Platform is starting (READY)
2025-01-28 20:44:17,391 INFO c.h.h.t.HelmChartContainer - [hivemq-test-hivemq-platform] [hivemq-platform-operator] [4f7f4ba3] 20:44:17.389 [ReconcilerExecutor-hivemq-controller-112] DEBUG c.h.p.o.HiveMQPlatformReconciler - [helmplat] Custom Resource Spec (replicas: 1) (extensions: 1)
2025-01-28 20:44:17,392 INFO c.h.h.t.HelmChartContainer - [hivemq-test-hivemq-platform] [hivemq-platform-operator] [4f7f4ba3] 20:44:17.391 [ReconcilerExecutor-hivemq-controller-112] DEBUG c.h.p.o.HiveMQPlatformReconciler - [helmplat] StatefulSet Status (revision: test-hivemq-platform-54f77f89bb, replicas: 1, available: 1, ready: 1, current: 1, updated: 1)
2025-01-28 20:44:17,394 INFO c.h.h.t.HelmChartContainer - [hivemq-test-hivemq-platform] [hivemq-platform-operator] [4f7f4ba3] 20:44:17.392 [ReconcilerExecutor-hivemq-controller-112] DEBUG c.h.p.o.HiveMQPlatformReconciler - [helmplat] StatefulSet Spec (replicas: 1, init containers: 1, containers: 1, volumes: 5)
2025-01-28 20:44:17,394 INFO c.h.h.t.HelmChartContainer - [hivemq-test-hivemq-platform] [hivemq-platform-operator] [4f7f4ba3] 20:44:17.394 [ReconcilerExecutor-hivemq-controller-112] DEBUG c.h.p.o.h.HiveMQPlatformReconcilerErrorHandler - [helmplat] Pod 'test-hivemq-platform-0' phase Running
2025-01-28 20:44:17,417 INFO c.h.h.t.HelmChartContainer - [hivemq-test-hivemq-platform] [hivemq-platform-operator] [4f7f4ba3] 20:44:17.416 [ReconcilerExecutor-hivemq-controller-112] INFO  c.h.p.o.h.HiveMQPlatformReconcilerBaseHandler - [helmplat] HiveMQ Platform started successfully
2025-01-28 20:44:17,497 INFO c.h.h.t.HelmChartContainer - [hivemq-test-hivemq-platform] [hivemq-platform-operator] [4f7f4ba3] 20:44:17.496 [ReconcilerExecutor-hivemq-controller-112] DEBUG c.h.p.operator.event.EventSender - [helmplat] Creating K8s event hivemq-platform-ready: [Ready] HiveMQ Platform is ready
2025-01-28 20:44:17,501 INFO c.h.h.t.HelmChartContainer - [EVENT] Normal [Ready] HiveMQ Platform is ready [helmplatformtlsit:test-hivemq-platform]
2025-01-28 20:44:17,501 INFO c.h.h.t.HelmChartContainer - [hivemq-test-hivemq-platform] [hivemq-platform-operator] [4f7f4ba3] 20:44:17.501 [ReconcilerExecutor-hivemq-controller-112] INFO  c.h.p.o.h.AbstractHiveMQReconcilerStateHandler - [helmplat] Update HiveMQ Platform Status (STARTING [READY] -> RUNNING [READY]): HiveMQ Platform is ready
2025-01-28 20:44:17,525 DEBUG com.hivemq.helmcharts.util.K8sUtil - Comparing actual state 'RUNNING' and waiting for 'RUNNING'
2025-01-28 20:44:17,529 INFO c.h.h.t.HelmChartContainer - [hivemq-test-hivemq-platform] [hivemq-platform-operator] [4f7f4ba3] 20:44:17.526 [pool-6-thread-3] DEBUG c.h.p.o.d.PlatformServiceResource - [helmplat] Desired Platform services (4 services)
2025-01-28 20:44:17,589 INFO c.h.h.t.HelmChartContainer - [hivemq-test-hivemq-platform] [hivemq-platform-operator] [4f7f4ba3] 20:44:17.588 [pool-6-thread-7] DEBUG c.h.p.o.d.PodServiceAccountResource - [helmplat] Desired PodServiceAccountResource (serviceAccountName: hivemq-platform-pod-test-hivemq-platform)
2025-01-28 20:44:17,597 INFO c.h.h.t.HelmChartContainer - [hivemq-test-hivemq-platform] [hivemq-platform-operator] [4f7f4ba3] 20:44:17.588 [pool-6-thread-4] DEBUG c.h.p.o.dependants.PodInfoConfigMap - [helmplat] Desired PodInfo ConfigMap (1 extensions) (1 enabled)
2025-01-28 20:44:17,597 INFO c.h.h.t.HelmChartContainer - [hivemq-test-hivemq-platform] [hivemq-platform-operator] [4f7f4ba3] 20:44:17.596 [pool-6-thread-4] DEBUG c.h.p.o.dependants.PodInfoConfigMap - [helmplat] Desired PodInfo ConfigMap (metrics port: 9399) (metrics path: /)
2025-01-28 20:44:17,597 INFO c.h.h.t.HelmChartContainer - [hivemq-test-hivemq-platform] [hivemq-platform-operator] [4f7f4ba3] 20:44:17.596 [pool-6-thread-4] DEBUG c.h.p.o.dependants.PodInfoConfigMap - [helmplat] Desired PodInfo ConfigMap (extension state hash: -1817474005)
2025-01-28 20:44:17,598 INFO c.h.h.t.HelmChartContainer - [hivemq-test-hivemq-platform] [hivemq-platform-operator] [4f7f4ba3] 20:44:17.596 [pool-6-thread-4] DEBUG c.h.p.o.dependants.PodInfoConfigMap - [helmplat] Update PodInfo ConfigMap
2025-01-28 20:44:17,689 INFO c.h.h.t.HelmChartContainer - [hivemq-test-hivemq-platform] [hivemq-platform-operator] [4f7f4ba3] 20:44:17.687 [pool-6-thread-4] DEBUG c.h.p.o.d.StatefulSetResource - [helmplat] Desired StatefulSet (1 replicas) for status RUNNING (READY)
2025-01-28 20:44:17,701 INFO c.h.h.t.HelmChartContainer - [hivemq-test-hivemq-platform] [hivemq-platform-operator] [4f7f4ba3] 20:44:17.699 [ReconcilerExecutor-hivemq-controller-113] INFO  c.h.p.o.HiveMQPlatformReconciler - [helmplat] Reconciling HiveMQ Platform 'test-hivemq-platform' in namespace 'helmplatformtlsit'
2025-01-28 20:44:17,702 INFO c.h.h.t.HelmChartContainer - [hivemq-test-hivemq-platform] [hivemq-platform-operator] [4f7f4ba3] 20:44:17.699 [ReconcilerExecutor-hivemq-controller-113] DEBUG c.h.p.o.HiveMQPlatformReconciler - [helmplat] Custom Resource Status RUNNING - HiveMQ Platform is ready (READY)
2025-01-28 20:44:17,702 INFO c.h.h.t.HelmChartContainer - [hivemq-test-hivemq-platform] [hivemq-platform-operator] [4f7f4ba3] 20:44:17.699 [ReconcilerExecutor-hivemq-controller-113] DEBUG c.h.p.o.HiveMQPlatformReconciler - [helmplat] Custom Resource Spec (replicas: 1) (extensions: 1)
2025-01-28 20:44:17,709 INFO c.h.h.t.HelmChartContainer - [hivemq-test-hivemq-platform] [hivemq-platform-operator] [4f7f4ba3] 20:44:17.704 [ReconcilerExecutor-hivemq-controller-113] DEBUG c.h.p.o.HiveMQPlatformReconciler - [helmplat] StatefulSet Status (revision: test-hivemq-platform-54f77f89bb, replicas: 1, available: 1, ready: 1, current: 1, updated: 1)
2025-01-28 20:44:17,710 INFO c.h.h.t.HelmChartContainer - [hivemq-test-hivemq-platform] [hivemq-platform-operator] [4f7f4ba3] 20:44:17.704 [ReconcilerExecutor-hivemq-controller-113] DEBUG c.h.p.o.HiveMQPlatformReconciler - [helmplat] StatefulSet Spec (replicas: 1, init containers: 1, containers: 1, volumes: 5)
2025-01-28 20:44:17,710 INFO c.h.h.t.HelmChartContainer - [hivemq-test-hivemq-platform] [hivemq-platform-operator] [4f7f4ba3] 20:44:17.706 [ReconcilerExecutor-hivemq-controller-113] DEBUG c.h.p.o.h.HiveMQPlatformReconcilerErrorHandler - [helmplat] Pod 'test-hivemq-platform-0' phase Running
2025-01-28 20:44:24,141 INFO c.h.h.util.ControlCenterUtil - Log into CC on hivemq-test-hivemq-platform-cc-8080:8080 (username: admin) (password: hivemq) (TLS: true)
2025-01-28 20:44:27,724 INFO c.h.h.t.HelmChartContainer - [hivemq-test-hivemq-platform] [hivemq-platform-operator] [4f7f4ba3] 20:44:27.716 [pool-6-thread-11] DEBUG c.h.p.o.d.PlatformServiceResource - [helmplat] Desired Platform services (4 services)
2025-01-28 20:44:27,724 INFO c.h.h.t.HelmChartContainer - [hivemq-test-hivemq-platform] [hivemq-platform-operator] [4f7f4ba3] 20:44:27.718 [pool-6-thread-14] DEBUG c.h.p.o.dependants.PodInfoConfigMap - [helmplat] Desired PodInfo ConfigMap (1 extensions) (1 enabled)
2025-01-28 20:44:27,724 INFO c.h.h.t.HelmChartContainer - [hivemq-test-hivemq-platform] [hivemq-platform-operator] [4f7f4ba3] 20:44:27.718 [pool-6-thread-14] DEBUG c.h.p.o.dependants.PodInfoConfigMap - [helmplat] Desired PodInfo ConfigMap (metrics port: 9399) (metrics path: /)
2025-01-28 20:44:27,724 INFO c.h.h.t.HelmChartContainer - [hivemq-test-hivemq-platform] [hivemq-platform-operator] [4f7f4ba3] 20:44:27.718 [pool-6-thread-14] DEBUG c.h.p.o.dependants.PodInfoConfigMap - [helmplat] Desired PodInfo ConfigMap (extension state hash: -1817474005)
2025-01-28 20:44:27,724 INFO c.h.h.t.HelmChartContainer - [hivemq-test-hivemq-platform] [hivemq-platform-operator] [4f7f4ba3] 20:44:27.719 [pool-6-thread-19] DEBUG c.h.p.o.d.PodServiceAccountResource - [helmplat] Desired PodServiceAccountResource (serviceAccountName: hivemq-platform-pod-test-hivemq-platform)
2025-01-28 20:44:27,735 INFO c.h.h.t.HelmChartContainer - [hivemq-test-hivemq-platform] [hivemq-platform-operator] [4f7f4ba3] 20:44:27.731 [pool-6-thread-19] DEBUG c.h.p.o.d.StatefulSetResource - [helmplat] Desired StatefulSet (1 replicas) for status RUNNING (READY)
2025-01-28 20:44:27,820 INFO c.h.h.t.HelmChartContainer - [hivemq-test-hivemq-platform] [hivemq-platform-operator] [4f7f4ba3] 20:44:27.815 [ReconcilerExecutor-hivemq-controller-114] INFO  c.h.p.o.HiveMQPlatformReconciler - [helmplat] Reconciling HiveMQ Platform 'test-hivemq-platform' in namespace 'helmplatformtlsit'
2025-01-28 20:44:27,820 INFO c.h.h.t.HelmChartContainer - [hivemq-test-hivemq-platform] [hivemq-platform-operator] [4f7f4ba3] 20:44:27.815 [ReconcilerExecutor-hivemq-controller-114] DEBUG c.h.p.o.HiveMQPlatformReconciler - [helmplat] Custom Resource Status RUNNING - HiveMQ Platform is ready (READY)
2025-01-28 20:44:27,821 INFO c.h.h.t.HelmChartContainer - [hivemq-test-hivemq-platform] [hivemq-platform-operator] [4f7f4ba3] 20:44:27.815 [ReconcilerExecutor-hivemq-controller-114] DEBUG c.h.p.o.HiveMQPlatformReconciler - [helmplat] Custom Resource Spec (replicas: 1) (extensions: 1)
2025-01-28 20:44:27,822 INFO c.h.h.t.HelmChartContainer - [hivemq-test-hivemq-platform] [hivemq-platform-operator] [4f7f4ba3] 20:44:27.820 [ReconcilerExecutor-hivemq-controller-114] DEBUG c.h.p.o.HiveMQPlatformReconciler - [helmplat] StatefulSet Status (revision: test-hivemq-platform-54f77f89bb, replicas: 1, available: 1, ready: 1, current: 1, updated: 1)
2025-01-28 20:44:27,824 INFO c.h.h.t.HelmChartContainer - [hivemq-test-hivemq-platform] [hivemq-platform-operator] [4f7f4ba3] 20:44:27.821 [ReconcilerExecutor-hivemq-controller-114] DEBUG c.h.p.o.HiveMQPlatformReconciler - [helmplat] StatefulSet Spec (replicas: 1, init containers: 1, containers: 1, volumes: 5)
2025-01-28 20:44:27,825 INFO c.h.h.t.HelmChartContainer - [hivemq-test-hivemq-platform] [hivemq-platform-operator] [4f7f4ba3] 20:44:27.823 [ReconcilerExecutor-hivemq-controller-114] DEBUG c.h.p.o.h.HiveMQPlatformReconcilerErrorHandler - [helmplat] Pod 'test-hivemq-platform-0' phase Running
2025-01-28 20:44:28,134 INFO c.h.h.util.ControlCenterUtil - Login attempt 1 was successful
2025-01-28 20:44:28,135 INFO c.h.h.t.HelmChartContainer - Uninstalling release 'test-hivemq-platform' in namespace 'helmplatformtlsit'...
2025-01-28 20:44:28,135 DEBUG c.h.h.t.HelmChartContainer - Executing helm command: /bin/helm --kubeconfig /etc/rancher/k3s/k3s.yaml uninstall test-hivemq-platform  --wait --timeout 5m0s --cascade foreground --namespace helmplatformtlsit
2025-01-28 20:44:28,359 INFO c.h.h.t.HelmChartContainer - [hivemq-test-hivemq-platform] [hivemq-platform-operator] [4f7f4ba3] 20:44:28.355 [pool-6-thread-26] DEBUG c.h.p.o.dependants.PodInfoConfigMap - [helmplat] Desired PodInfo ConfigMap (1 extensions) (1 enabled)
2025-01-28 20:44:28,366 INFO c.h.h.t.HelmChartContainer - [hivemq-test-hivemq-platform] [hivemq-platform-operator] [4f7f4ba3] 20:44:28.359 [pool-6-thread-26] DEBUG c.h.p.o.dependants.PodInfoConfigMap - [helmplat] Desired PodInfo ConfigMap (metrics port: 9399) (metrics path: /)
2025-01-28 20:44:28,366 INFO c.h.h.t.HelmChartContainer - [hivemq-test-hivemq-platform] [hivemq-platform-operator] [4f7f4ba3] 20:44:28.359 [pool-6-thread-26] DEBUG c.h.p.o.dependants.PodInfoConfigMap - [helmplat] Desired PodInfo ConfigMap (extension state hash: -1817474005)
2025-01-28 20:44:28,420 INFO c.h.h.t.HelmChartContainer - [hivemq-test-hivemq-platform] [hivemq-platform-operator] [4f7f4ba3] 20:44:28.355 [pool-6-thread-27] DEBUG c.h.p.o.d.PlatformServiceResource - [helmplat] Desired Platform services (4 services)
2025-01-28 20:44:28,420 INFO c.h.h.t.HelmChartContainer - [hivemq-test-hivemq-platform] [hivemq-platform-operator] [4f7f4ba3] 20:44:28.358 [pool-6-thread-28] DEBUG c.h.p.o.d.PodServiceAccountResource - [helmplat] Desired PodServiceAccountResource (serviceAccountName: hivemq-platform-pod-test-hivemq-platform)
2025-01-28 20:44:28,424 INFO c.h.h.t.HelmChartContainer - [hivemq-test-hivemq-platform] [hivemq-platform-operator] [4f7f4ba3] 20:44:28.423 [pool-6-thread-27] DEBUG c.h.p.o.d.StatefulSetResource - [helmplat] Desired StatefulSet (1 replicas) for status RUNNING (READY)
2025-01-28 20:44:28,430 INFO c.h.h.t.HelmChartContainer - [hivemq-test-hivemq-platform] [hivemq-platform-operator] [4f7f4ba3] 20:44:28.429 [pool-6-thread-27] DEBUG c.h.p.o.d.StatefulSetResource - [helmplat] Update StatefulSet (replicas: 1 -> 1)
2025-01-28 20:44:28,431 INFO c.h.h.t.HelmChartContainer - [hivemq-test-hivemq-platform] [hivemq-platform-operator] [4f7f4ba3] 20:44:28.429 [pool-6-thread-27] DEBUG c.h.p.o.d.StatefulSetResource - [helmplat] Detected change in StatefulSet specification (path: /template/metadata/annotations/kubernetes-resource-versions) (actual value: {env-var-secret-https-keystore-password=800, broker-configuration-v2=914527302, env-var-secret-mqtts-keystore-password=798}) (target value: {env-var-secret-https-keystore-password=800, broker-configuration-v2=0, env-var-secret-mqtts-keystore-password=798})
2025-01-28 20:44:28,431 INFO c.h.h.t.HelmChartContainer - [hivemq-test-hivemq-platform] [hivemq-platform-operator] [4f7f4ba3] 20:44:28.429 [pool-6-thread-27] INFO  c.h.p.o.d.StatefulSetResource - [helmplat] StatefulSet spec was updated, triggering rolling restart
2025-01-28 20:44:28,586 INFO c.h.h.t.HelmChartContainer - [hivemq-test-hivemq-platform] [hivemq-platform-operator] [4f7f4ba3] 20:44:28.585 [ReconcilerExecutor-hivemq-controller-115] INFO  c.h.p.o.HiveMQPlatformReconciler - [helmplat] Reconciling HiveMQ Platform 'test-hivemq-platform' in namespace 'helmplatformtlsit'
2025-01-28 20:44:28,586 INFO c.h.h.t.HelmChartContainer - [hivemq-test-hivemq-platform] [hivemq-platform-operator] [4f7f4ba3] 20:44:28.585 [ReconcilerExecutor-hivemq-controller-115] DEBUG c.h.p.o.HiveMQPlatformReconciler - [helmplat] Custom Resource Status RUNNING - HiveMQ Platform is ready (READY) (reconciliation requests: REQUESTS_UPDATED, ROLLING_RESTART)
2025-01-28 20:44:28,586 INFO c.h.h.t.HelmChartContainer - [hivemq-test-hivemq-platform] [hivemq-platform-operator] [4f7f4ba3] 20:44:28.585 [ReconcilerExecutor-hivemq-controller-115] DEBUG c.h.p.o.HiveMQPlatformReconciler - [helmplat] Custom Resource Spec (replicas: 1) (extensions: 1)
2025-01-28 20:44:28,616 INFO c.h.h.t.HelmChartContainer - [hivemq-test-hivemq-platform] [hivemq-platform-operator] [4f7f4ba3] 20:44:28.615 [ReconcilerExecutor-hivemq-controller-115] WARN  c.h.p.o.h.HiveMQPlatformReconcilerErrorHandler - [helmplat] Could not find ConfigMap 'hivemq-configuration-test-hivemq-platform' for HiveMQ Platform configuration
2025-01-28 20:44:28,634 INFO c.h.h.t.HelmChartContainer - [hivemq-test-hivemq-platform] [hivemq-platform-operator] [4f7f4ba3] 20:44:28.633 [ReconcilerExecutor-hivemq-controller-115] DEBUG c.h.p.operator.event.EventSender - [helmplat] Creating K8s event hivemq-platform-invalid-configuration: [Start] Could not find ConfigMap 'hivemq-configuration-test-hivemq-platform' for HiveMQ Platform configuration
2025-01-28 20:44:28,639 INFO c.h.h.t.HelmChartContainer - [EVENT] Warning [Start] Could not find ConfigMap 'hivemq-configuration-test-hivemq-platform' for HiveMQ Platform configuration [helmplatformtlsit:test-hivemq-platform]
2025-01-28 20:44:28,716 INFO c.h.h.t.HelmChartContainer - [hivemq-test-hivemq-platform] [hivemq-platform-operator] [4f7f4ba3] 20:44:28.715 [ReconcilerExecutor-hivemq-controller-115] INFO  c.h.p.o.h.AbstractHiveMQReconcilerStateHandler - [helmplat] Update HiveMQ Platform Status (RUNNING [READY] -> ERROR [INVALID_CONFIG_MAP]): Could not find ConfigMap 'hivemq-configuration-test-hivemq-platform' for HiveMQ Platform configuration (reconciliation requests: ROLLING_RESTART)
2025-01-28 20:44:28,728 INFO c.h.h.t.HelmChartContainer - [hivemq-test-hivemq-platform] [hivemq-platform-operator] [4f7f4ba3] 20:44:28.723 [ReconcilerExecutor-hivemq-controller-115] ERROR i.j.o.p.event.EventProcessor - Error during event processing ExecutionScope{ resource id: ResourceID{name='test-hivemq-platform', namespace='helmplatformtlsit'}, version: 897}
2025-01-28 20:44:28,728 INFO c.h.h.t.HelmChartContainer - [hivemq-test-hivemq-platform] [hivemq-platform-operator] [4f7f4ba3] io.fabric8.kubernetes.client.KubernetesClientException: Failure executing: PUT at: https://10.43.0.1:443/apis/hivemq.com/v1/namespaces/helmplatformtlsit/hivemq-platforms/test-hivemq-platform/status. Message: Operation cannot be fulfilled on hivemq-platforms.hivemq.com "test-hivemq-platform": the object has been modified; please apply your changes to the latest version and try again. Received status: Status(apiVersion=v1, code=409, details=StatusDetails(causes=[], group=hivemq.com, kind=hivemq-platforms, name=test-hivemq-platform, retryAfterSeconds=null, uid=null, additionalProperties={}), kind=Status, message=Operation cannot be fulfilled on hivemq-platforms.hivemq.com "test-hivemq-platform": the object has been modified; please apply your changes to the latest version and try again, metadata=ListMeta(_continue=null, remainingItemCount=null, resourceVersion=null, selfLink=null, additionalProperties={}), reason=Conflict, status=Failure, additionalProperties={}).
2025-01-28 20:44:28,729 INFO c.h.h.t.HelmChartContainer - [hivemq-test-hivemq-platform] [hivemq-platform-operator] [4f7f4ba3] 	at io.fabric8.kubernetes.client.KubernetesClientException.copyAsCause(KubernetesClientException.java:238)
2025-01-28 20:44:28,729 INFO c.h.h.t.HelmChartContainer - [hivemq-test-hivemq-platform] [hivemq-platform-operator] [4f7f4ba3] 	at io.fabric8.kubernetes.client.dsl.internal.OperationSupport.waitForResult(OperationSupport.java:507)
2025-01-28 20:44:28,729 INFO c.h.h.t.HelmChartContainer - [hivemq-test-hivemq-platform] [hivemq-platform-operator] [4f7f4ba3] 	at io.fabric8.kubernetes.client.dsl.internal.OperationSupport.handleResponse(OperationSupport.java:524)
2025-01-28 20:44:28,729 INFO c.h.h.t.HelmChartContainer - [hivemq-test-hivemq-platform] [hivemq-platform-operator] [4f7f4ba3] 	at io.fabric8.kubernetes.client.dsl.internal.OperationSupport.handleUpdate(OperationSupport.java:358)
2025-01-28 20:44:28,729 INFO c.h.h.t.HelmChartContainer - [hivemq-test-hivemq-platform] [hivemq-platform-operator] [4f7f4ba3] 	at io.fabric8.kubernetes.client.dsl.internal.BaseOperation.handleUpdate(BaseOperation.java:759)
2025-01-28 20:44:28,729 INFO c.h.h.t.HelmChartContainer - [hivemq-test-hivemq-platform] [hivemq-platform-operator] [4f7f4ba3] 	at io.fabric8.kubernetes.client.dsl.internal.HasMetadataOperation.update(HasMetadataOperation.java:138)
2025-01-28 20:44:28,729 INFO c.h.h.t.HelmChartContainer - [hivemq-test-hivemq-platform] [hivemq-platform-operator] [4f7f4ba3] 	at io.fabric8.kubernetes.client.dsl.internal.HasMetadataOperation.update(HasMetadataOperation.java:121)
2025-01-28 20:44:28,729 INFO c.h.h.t.HelmChartContainer - [hivemq-test-hivemq-platform] [hivemq-platform-operator] [4f7f4ba3] 	at io.fabric8.kubernetes.client.dsl.internal.HasMetadataOperation.updateStatus(HasMetadataOperation.java:126)
2025-01-28 20:44:28,729 INFO c.h.h.t.HelmChartContainer - [hivemq-test-hivemq-platform] [hivemq-platform-operator] [4f7f4ba3] 	at io.fabric8.kubernetes.client.dsl.internal.HasMetadataOperation.updateStatus(HasMetadataOperation.java:44)
2025-01-28 20:44:28,729 INFO c.h.h.t.HelmChartContainer - [hivemq-test-hivemq-platform] [hivemq-platform-operator] [4f7f4ba3] 	at io.javaoperatorsdk.operator.processing.event.ReconciliationDispatcher$CustomResourceFacade.updateStatus(ReconciliationDispatcher.java:408)
2025-01-28 20:44:28,729 INFO c.h.h.t.HelmChartContainer - [hivemq-test-hivemq-platform] [hivemq-platform-operator] [4f7f4ba3] 	at io.javaoperatorsdk.operator.processing.event.ReconciliationDispatcher.updateStatusGenerationAware(ReconciliationDispatcher.java:228)
2025-01-28 20:44:28,729 INFO c.h.h.t.HelmChartContainer - [hivemq-test-hivemq-platform] [hivemq-platform-operator] [4f7f4ba3] 	at io.javaoperatorsdk.operator.processing.event.ReconciliationDispatcher.reconcileExecution(ReconciliationDispatcher.java:150)
2025-01-28 20:44:28,729 INFO c.h.h.t.HelmChartContainer - [hivemq-test-hivemq-platform] [hivemq-platform-operator] [4f7f4ba3] 	at io.javaoperatorsdk.operator.processing.event.ReconciliationDispatcher.handleReconcile(ReconciliationDispatcher.java:117)
2025-01-28 20:44:28,729 INFO c.h.h.t.HelmChartContainer - [hivemq-test-hivemq-platform] [hivemq-platform-operator] [4f7f4ba3] 	at io.javaoperatorsdk.operator.processing.event.ReconciliationDispatcher.handleDispatch(ReconciliationDispatcher.java:91)
2025-01-28 20:44:28,729 INFO c.h.h.t.HelmChartContainer - [hivemq-test-hivemq-platform] [hivemq-platform-operator] [4f7f4ba3] 	at io.javaoperatorsdk.operator.processing.event.ReconciliationDispatcher.handleExecution(ReconciliationDispatcher.java:64)
2025-01-28 20:44:28,729 INFO c.h.h.t.HelmChartContainer - [hivemq-test-hivemq-platform] [hivemq-platform-operator] [4f7f4ba3] 	at io.javaoperatorsdk.operator.processing.event.EventProcessor$ReconcilerExecutor.run(EventProcessor.java:452)
2025-01-28 20:44:28,729 INFO c.h.h.t.HelmChartContainer - [hivemq-test-hivemq-platform] [hivemq-platform-operator] [4f7f4ba3] 	at java.base/java.util.concurrent.ThreadPoolExecutor.runWorker(Unknown Source)
2025-01-28 20:44:28,729 INFO c.h.h.t.HelmChartContainer - [hivemq-test-hivemq-platform] [hivemq-platform-operator] [4f7f4ba3] 	at java.base/java.util.concurrent.ThreadPoolExecutor$Worker.run(Unknown Source)
2025-01-28 20:44:28,729 INFO c.h.h.t.HelmChartContainer - [hivemq-test-hivemq-platform] [hivemq-platform-operator] [4f7f4ba3] 	at java.base/java.lang.Thread.run(Unknown Source)
2025-01-28 20:44:28,729 INFO c.h.h.t.HelmChartContainer - [hivemq-test-hivemq-platform] [hivemq-platform-operator] [4f7f4ba3] Caused by: io.fabric8.kubernetes.client.KubernetesClientException: Failure executing: PUT at: https://10.43.0.1:443/apis/hivemq.com/v1/namespaces/helmplatformtlsit/hivemq-platforms/test-hivemq-platform/status. Message: Operation cannot be fulfilled on hivemq-platforms.hivemq.com "test-hivemq-platform": the object has been modified; please apply your changes to the latest version and try again. Received status: Status(apiVersion=v1, code=409, details=StatusDetails(causes=[], group=hivemq.com, kind=hivemq-platforms, name=test-hivemq-platform, retryAfterSeconds=null, uid=null, additionalProperties={}), kind=Status, message=Operation cannot be fulfilled on hivemq-platforms.hivemq.com "test-hivemq-platform": the object has been modified; please apply your changes to the latest version and try again, metadata=ListMeta(_continue=null, remainingItemCount=null, resourceVersion=null, selfLink=null, additionalProperties={}), reason=Conflict, status=Failure, additionalProperties={}).
2025-01-28 20:44:28,729 INFO c.h.h.t.HelmChartContainer - [hivemq-test-hivemq-platform] [hivemq-platform-operator] [4f7f4ba3] 	at io.fabric8.kubernetes.client.dsl.internal.OperationSupport.requestFailure(OperationSupport.java:660)
2025-01-28 20:44:28,729 INFO c.h.h.t.HelmChartContainer - [hivemq-test-hivemq-platform] [hivemq-platform-operator] [4f7f4ba3] 	at io.fabric8.kubernetes.client.dsl.internal.OperationSupport.requestFailure(OperationSupport.java:640)
2025-01-28 20:44:28,729 INFO c.h.h.t.HelmChartContainer - [hivemq-test-hivemq-platform] [hivemq-platform-operator] [4f7f4ba3] 	at io.fabric8.kubernetes.client.dsl.internal.OperationSupport.assertResponseCode(OperationSupport.java:589)
2025-01-28 20:44:28,729 INFO c.h.h.t.HelmChartContainer - [hivemq-test-hivemq-platform] [hivemq-platform-operator] [4f7f4ba3] 	at io.fabric8.kubernetes.client.dsl.internal.OperationSupport.lambda$handleResponse$0(OperationSupport.java:549)
2025-01-28 20:44:28,729 INFO c.h.h.t.HelmChartContainer - [hivemq-test-hivemq-platform] [hivemq-platform-operator] [4f7f4ba3] 	at java.base/java.util.concurrent.CompletableFuture$UniApply.tryFire(Unknown Source)
2025-01-28 20:44:28,729 INFO c.h.h.t.HelmChartContainer - [hivemq-test-hivemq-platform] [hivemq-platform-operator] [4f7f4ba3] 	at java.base/java.util.concurrent.CompletableFuture.postComplete(Unknown Source)
2025-01-28 20:44:28,729 INFO c.h.h.t.HelmChartContainer - [hivemq-test-hivemq-platform] [hivemq-platform-operator] [4f7f4ba3] 	at java.base/java.util.concurrent.CompletableFuture.complete(Unknown Source)
2025-01-28 20:44:28,729 INFO c.h.h.t.HelmChartContainer - [hivemq-test-hivemq-platform] [hivemq-platform-operator] [4f7f4ba3] 	at io.fabric8.kubernetes.client.http.StandardHttpClient.lambda$completeOrCancel$10(StandardHttpClient.java:141)
2025-01-28 20:44:28,729 INFO c.h.h.t.HelmChartContainer - [hivemq-test-hivemq-platform] [hivemq-platform-operator] [4f7f4ba3] 	at java.base/java.util.concurrent.CompletableFuture.uniWhenComplete(Unknown Source)
2025-01-28 20:44:28,729 INFO c.h.h.t.HelmChartContainer - [hivemq-test-hivemq-platform] [hivemq-platform-operator] [4f7f4ba3] 	at java.base/java.util.concurrent.CompletableFuture$UniWhenComplete.tryFire(Unknown Source)
2025-01-28 20:44:28,729 INFO c.h.h.t.HelmChartContainer - [hivemq-test-hivemq-platform] [hivemq-platform-operator] [4f7f4ba3] 	at java.base/java.util.concurrent.CompletableFuture.postComplete(Unknown Source)
2025-01-28 20:44:28,729 INFO c.h.h.t.HelmChartContainer - [hivemq-test-hivemq-platform] [hivemq-platform-operator] [4f7f4ba3] 	at java.base/java.util.concurrent.CompletableFuture.complete(Unknown Source)
2025-01-28 20:44:28,729 INFO c.h.h.t.HelmChartContainer - [hivemq-test-hivemq-platform] [hivemq-platform-operator] [4f7f4ba3] 	at io.fabric8.kubernetes.client.http.ByteArrayBodyHandler.onBodyDone(ByteArrayBodyHandler.java:51)
2025-01-28 20:44:28,729 INFO c.h.h.t.HelmChartContainer - [hivemq-test-hivemq-platform] [hivemq-platform-operator] [4f7f4ba3] 	at java.base/java.util.concurrent.CompletableFuture.uniWhenComplete(Unknown Source)
2025-01-28 20:44:28,729 INFO c.h.h.t.HelmChartContainer - [hivemq-test-hivemq-platform] [hivemq-platform-operator] [4f7f4ba3] 	at java.base/java.util.concurrent.CompletableFuture$UniWhenComplete.tryFire(Unknown Source)
2025-01-28 20:44:28,729 INFO c.h.h.t.HelmChartContainer - [hivemq-test-hivemq-platform] [hivemq-platform-operator] [4f7f4ba3] 	at java.base/java.util.concurrent.CompletableFuture.postComplete(Unknown Source)
2025-01-28 20:44:28,729 INFO c.h.h.t.HelmChartContainer - [hivemq-test-hivemq-platform] [hivemq-platform-operator] [4f7f4ba3] 	at java.base/java.util.concurrent.CompletableFuture.complete(Unknown Source)
2025-01-28 20:44:28,729 INFO c.h.h.t.HelmChartContainer - [hivemq-test-hivemq-platform] [hivemq-platform-operator] [4f7f4ba3] 	at io.fabric8.kubernetes.client.vertx.VertxHttpRequest.lambda$null$1(VertxHttpRequest.java:121)
2025-01-28 20:44:28,729 INFO c.h.h.t.HelmChartContainer - [hivemq-test-hivemq-platform] [hivemq-platform-operator] [4f7f4ba3] 	at io.vertx.core.impl.ContextInternal.dispatch(ContextInternal.java:279)
2025-01-28 20:44:28,729 INFO c.h.h.t.HelmChartContainer - [hivemq-test-hivemq-platform] [hivemq-platform-operator] [4f7f4ba3] 	at io.vertx.core.impl.ContextInternal.dispatch(ContextInternal.java:261)
2025-01-28 20:44:28,729 INFO c.h.h.t.HelmChartContainer - [hivemq-test-hivemq-platform] [hivemq-platform-operator] [4f7f4ba3] 	at io.vertx.core.http.impl.HttpEventHandler.handleEnd(HttpEventHandler.java:76)
2025-01-28 20:44:28,729 INFO c.h.h.t.HelmChartContainer - [hivemq-test-hivemq-platform] [hivemq-platform-operator] [4f7f4ba3] 	at io.vertx.core.http.impl.HttpClientResponseImpl.handleEnd(HttpClientResponseImpl.java:250)
2025-01-28 20:44:28,729 INFO c.h.h.t.HelmChartContainer - [hivemq-test-hivemq-platform] [hivemq-platform-operator] [4f7f4ba3] 	at io.vertx.core.http.impl.Http1xClientConnection$StreamImpl.lambda$new$0(Http1xClientConnection.java:421)
2025-01-28 20:44:28,729 INFO c.h.h.t.HelmChartContainer - [hivemq-test-hivemq-platform] [hivemq-platform-operator] [4f7f4ba3] 	at io.vertx.core.streams.impl.InboundBuffer.handleEvent(InboundBuffer.java:279)
2025-01-28 20:44:28,729 INFO c.h.h.t.HelmChartContainer - [hivemq-test-hivemq-platform] [hivemq-platform-operator] [4f7f4ba3] 	at io.vertx.core.streams.impl.InboundBuffer.write(InboundBuffer.java:157)
2025-01-28 20:44:28,729 INFO c.h.h.t.HelmChartContainer - [hivemq-test-hivemq-platform] [hivemq-platform-operator] [4f7f4ba3] 	at io.vertx.core.http.impl.Http1xClientConnection$StreamImpl.handleEnd(Http1xClientConnection.java:709)
2025-01-28 20:44:28,729 INFO c.h.h.t.HelmChartContainer - [hivemq-test-hivemq-platform] [hivemq-platform-operator] [4f7f4ba3] 	at io.vertx.core.impl.ContextImpl.lambda$execute$4(ContextImpl.java:315)
2025-01-28 20:44:28,729 INFO c.h.h.t.HelmChartContainer - [hivemq-test-hivemq-platform] [hivemq-platform-operator] [4f7f4ba3] 	at io.netty.util.concurrent.AbstractEventExecutor.runTask(AbstractEventExecutor.java:173)
2025-01-28 20:44:28,729 INFO c.h.h.t.HelmChartContainer - [hivemq-test-hivemq-platform] [hivemq-platform-operator] [4f7f4ba3] 	at io.netty.util.concurrent.AbstractEventExecutor.safeExecute(AbstractEventExecutor.java:166)
2025-01-28 20:44:28,729 INFO c.h.h.t.HelmChartContainer - [hivemq-test-hivemq-platform] [hivemq-platform-operator] [4f7f4ba3] 	at io.netty.util.concurrent.SingleThreadEventExecutor.runAllTasks(SingleThreadEventExecutor.java:472)
2025-01-28 20:44:28,729 INFO c.h.h.t.HelmChartContainer - [hivemq-test-hivemq-platform] [hivemq-platform-operator] [4f7f4ba3] 	at io.netty.channel.nio.NioEventLoop.run(NioEventLoop.java:569)
2025-01-28 20:44:28,729 INFO c.h.h.t.HelmChartContainer - [hivemq-test-hivemq-platform] [hivemq-platform-operator] [4f7f4ba3] 	at io.netty.util.concurrent.SingleThreadEventExecutor$4.run(SingleThreadEventExecutor.java:997)
2025-01-28 20:44:28,729 INFO c.h.h.t.HelmChartContainer - [hivemq-test-hivemq-platform] [hivemq-platform-operator] [4f7f4ba3] 	at io.netty.util.internal.ThreadExecutorMap$2.run(ThreadExecutorMap.java:74)
2025-01-28 20:44:28,729 INFO c.h.h.t.HelmChartContainer - [hivemq-test-hivemq-platform] [hivemq-platform-operator] [4f7f4ba3] 	at io.netty.util.concurrent.FastThreadLocalRunnable.run(FastThreadLocalRunnable.java:30)
2025-01-28 20:44:28,729 INFO c.h.h.t.HelmChartContainer - [hivemq-test-hivemq-platform] [hivemq-platform-operator] [4f7f4ba3] 	... 1 common frames omitted
2025-01-28 20:44:28,736 INFO c.h.h.t.HelmChartContainer - [hivemq-test-hivemq-platform] [hivemq-platform-operator] [4f7f4ba3] 20:44:28.734 [ReconcilerExecutor-hivemq-controller-120] INFO  c.h.p.o.HiveMQPlatformReconciler - [helmplat] Cleanup test-hivemq-platform - helmplatformtlsit HiveMQ Platform is shut down
2025-01-28 20:44:29,183 INFO c.h.h.t.HelmChartContainer - [K3S] [stateful_set.go:466] "StatefulSet has been deleted" key="helmplatformtlsit/test-hivemq-platform"
2025-01-28 20:44:29,662 INFO c.h.h.t.HelmChartContainer - [POD] test-hivemq-platform-0 [4dc24ea6-ef39-451b-a20c-392675729851] in helmplatformtlsit was MODIFIED
2025-01-28 20:44:29,664 INFO c.h.h.t.HelmChartContainer - [EVENT] Normal [Killing] Stopping container hivemq [helmplatformtlsit:test-hivemq-platform-0]
2025-01-28 20:44:29,664 INFO c.h.h.t.HelmChartContainer - Received Killing event for container hivemq in pod test-hivemq-platform-0 [4dc24ea6-ef39-451b-a20c-392675729851]
2025-01-28 20:44:29,664 INFO c.h.h.t.HelmChartContainer - Container [test-hivemq-platform-0] [hivemq] [4dc24ea6-ef39-451b-a20c-392675729851] was terminated
2025-01-28 20:44:29,664 INFO c.h.h.t.HelmChartContainer - Stopped log watcher for hivemq in pod test-hivemq-platform-0 [4dc24ea6-ef39-451b-a20c-392675729851]
2025-01-28 20:44:29,668 INFO c.h.h.t.HelmChartContainer - [test-hivemq-platform] [hivemq] [4dc24ea6] INFO  - [HiveMQ Platform Operator Init App 1.7.0-SNAPSHOT] Shutting down
2025-01-28 20:44:29,669 INFO c.h.h.t.HelmChartContainer - [test-hivemq-platform] [hivemq] [4dc24ea6] INFO  - [HiveMQ Platform Operator Init App 1.7.0-SNAPSHOT] Stopping the HiveMQ Platform
2025-01-28 20:44:29,870 INFO c.h.h.t.HelmChartContainer - [test-hivemq-platform] [hivemq] [4dc24ea6] INFO  - Shutting down HiveMQ. Please wait, this could take a while...
2025-01-28 20:44:29,874 INFO c.h.h.t.HelmChartContainer - [test-hivemq-platform] [hivemq] [4dc24ea6] INFO  - Shutting down listeners and clients
2025-01-28 20:44:29,875 INFO c.h.h.t.HelmChartContainer - [test-hivemq-platform] [hivemq] [4dc24ea6] INFO  - Shutdown of listeners is done
2025-01-28 20:44:29,876 INFO c.h.h.t.HelmChartContainer - [test-hivemq-platform] [hivemq] [4dc24ea6] INFO  - No clients are connected, proceeding with shutdown
2025-01-28 20:44:30,409 INFO c.h.h.t.HelmChartContainer - Deleting namespace 'helmplatformtlsit'...
2025-01-28 20:44:32,287 INFO c.h.h.t.HelmChartContainer - [test-hivemq-platform] [hivemq] [4dc24ea6] INFO  - [HiveMQ Platform Operator Init App 1.7.0-SNAPSHOT] Returning shutdown Health API response 503 for readiness
2025-01-28 20:44:32,291 INFO c.h.h.t.HelmChartContainer - [EVENT] Warning [Unhealthy] Readiness probe failed: HTTP probe failed with statuscode: 503 [helmplatformtlsit:test-hivemq-platform-0]
2025-01-28 20:44:32,291 INFO c.h.h.t.HelmChartContainer - Received Unhealthy event for container hivemq in pod test-hivemq-platform-0 [4dc24ea6-ef39-451b-a20c-392675729851]
2025-01-28 20:44:32,785 INFO c.h.h.t.HelmChartContainer - [K3S] [authentication.go:74] "Unable to authenticate the request" err="[invalid bearer token, serviceaccounts \"hivemq-platform-pod-test-hivemq-platform\" not found]"
2025-01-28 20:44:32,803 INFO c.h.h.t.HelmChartContainer - [K3S] [authentication.go:74] "Unable to authenticate the request" err="[invalid bearer token, serviceaccounts \"hivemq-platform-pod-test-hivemq-platform\" not found]"
2025-01-28 20:44:32,811 INFO c.h.h.t.HelmChartContainer - [test-hivemq-platform] [hivemq] [4dc24ea6] WARN  - [HiveMQ Platform Operator Init App 1.7.0-SNAPSHOT] Could not update Pod annotations: Failure executing: GET at: https://10.43.0.1:443/api/v1/namespaces/helmplatformtlsit/pods/test-hivemq-platform-0. Message: Unauthorized. Received status: Status(apiVersion=v1, code=401, details=null, kind=Status, message=Unauthorized, metadata=ListMeta(_continue=null, remainingItemCount=null, resourceVersion=null, selfLink=null, additionalProperties={}), reason=Unauthorized, status=Failure, additionalProperties={}).
2025-01-28 20:44:33,100 INFO c.h.h.t.HelmChartContainer - [test-hivemq-platform] [hivemq] [4dc24ea6] INFO  - Shutting down extension system
2025-01-28 20:44:33,105 INFO c.h.h.t.HelmChartContainer - [test-hivemq-platform] [hivemq] [4dc24ea6] INFO  - Stopping extension with id hivemq-dns-cluster-discovery
2025-01-28 20:44:33,106 INFO c.h.h.t.HelmChartContainer - [test-hivemq-platform] [hivemq] [4dc24ea6] INFO  - Extension "DNS Cluster Discovery Extension" version 4.3.2 stopped successfully.
2025-01-28 20:44:33,107 INFO c.h.h.t.HelmChartContainer - [test-hivemq-platform] [hivemq] [4dc24ea6] INFO  - Stopping extension with id hivemq-prometheus-extension
2025-01-28 20:44:33,110 INFO c.h.h.t.HelmChartContainer - [test-hivemq-platform] [hivemq] [4dc24ea6] INFO  - Extension "Prometheus Monitoring Extension" version 4.0.12 stopped successfully.
2025-01-28 20:44:33,110 INFO c.h.h.t.HelmChartContainer - [test-hivemq-platform] [hivemq] [4dc24ea6] INFO  - Stopping extension with id hivemq-allow-all-extension
2025-01-28 20:44:33,110 INFO c.h.h.t.HelmChartContainer - [test-hivemq-platform] [hivemq] [4dc24ea6] INFO  - Extension "Allow All Extension" version 1.1.1 stopped successfully.
2025-01-28 20:44:35,473 INFO c.h.h.t.HelmChartContainer - [test-hivemq-platform] [hivemq] [4dc24ea6] INFO  - Shutdown completed.
2025-01-28 20:44:35,824 INFO c.h.h.t.HelmChartContainer - [test-hivemq-platform] [hivemq] [4dc24ea6] INFO  - [HiveMQ Platform Operator Init App 1.7.0-SNAPSHOT] The HiveMQ Platform exited with code 143
2025-01-28 20:44:35,824 INFO c.h.h.t.HelmChartContainer - [test-hivemq-platform] [hivemq] [4dc24ea6] INFO  - [HiveMQ Platform Operator Init App 1.7.0-SNAPSHOT] Stopping the REST API
2025-01-28 20:44:35,869 INFO c.h.h.t.HelmChartContainer - [test-hivemq-platform] [hivemq] [4dc24ea6] INFO  - [HiveMQ Platform Operator Init App 1.7.0-SNAPSHOT] Shutdown complete
2025-01-28 20:44:36,339 INFO c.h.h.t.HelmChartContainer - [POD] test-hivemq-platform-0 [4dc24ea6-ef39-451b-a20c-392675729851] in helmplatformtlsit was MODIFIED
2025-01-28 20:44:36,432 INFO c.h.h.t.HelmChartContainer - [K3S] [reconciler_common.go:162] "operationExecutor.UnmountVolume started for volume \"pod-info\" (UniqueName: \"kubernetes.io/configmap/4dc24ea6-ef39-451b-a20c-392675729851-pod-info\") pod \"4dc24ea6-ef39-451b-a20c-392675729851\" (UID: \"4dc24ea6-ef39-451b-a20c-392675729851\") "
2025-01-28 20:44:36,433 INFO c.h.h.t.HelmChartContainer - [K3S] [reconciler_common.go:162] "operationExecutor.UnmountVolume started for volume \"operator-init\" (UniqueName: \"kubernetes.io/empty-dir/4dc24ea6-ef39-451b-a20c-392675729851-operator-init\") pod \"4dc24ea6-ef39-451b-a20c-392675729851\" (UID: \"4dc24ea6-ef39-451b-a20c-392675729851\") "
2025-01-28 20:44:36,433 INFO c.h.h.t.HelmChartContainer - [K3S] [reconciler_common.go:162] "operationExecutor.UnmountVolume started for volume \"https-keystore\" (UniqueName: \"kubernetes.io/secret/4dc24ea6-ef39-451b-a20c-392675729851-https-keystore\") pod \"4dc24ea6-ef39-451b-a20c-392675729851\" (UID: \"4dc24ea6-ef39-451b-a20c-392675729851\") "
2025-01-28 20:44:36,433 INFO c.h.h.t.HelmChartContainer - [K3S] [reconciler_common.go:162] "operationExecutor.UnmountVolume started for volume \"kube-api-access-hrvsc\" (UniqueName: \"kubernetes.io/projected/4dc24ea6-ef39-451b-a20c-392675729851-kube-api-access-hrvsc\") pod \"4dc24ea6-ef39-451b-a20c-392675729851\" (UID: \"4dc24ea6-ef39-451b-a20c-392675729851\") "
2025-01-28 20:44:36,433 INFO c.h.h.t.HelmChartContainer - [K3S] [reconciler_common.go:162] "operationExecutor.UnmountVolume started for volume \"broker-configuration\" (UniqueName: \"kubernetes.io/configmap/4dc24ea6-ef39-451b-a20c-392675729851-broker-configuration\") pod \"4dc24ea6-ef39-451b-a20c-392675729851\" (UID: \"4dc24ea6-ef39-451b-a20c-392675729851\") "
2025-01-28 20:44:36,433 INFO c.h.h.t.HelmChartContainer - [K3S] [reconciler_common.go:162] "operationExecutor.UnmountVolume started for volume \"mqtts-keystore\" (UniqueName: \"kubernetes.io/secret/4dc24ea6-ef39-451b-a20c-392675729851-mqtts-keystore\") pod \"4dc24ea6-ef39-451b-a20c-392675729851\" (UID: \"4dc24ea6-ef39-451b-a20c-392675729851\") "
2025-01-28 20:44:36,533 INFO c.h.h.t.HelmChartContainer - [K3S] [reconciler_common.go:299] "Volume detached for volume \"mqtts-keystore\" (UniqueName: \"kubernetes.io/secret/4dc24ea6-ef39-451b-a20c-392675729851-mqtts-keystore\") on node \"e242dccaa35f\" DevicePath \"\""
2025-01-28 20:44:36,533 INFO c.h.h.t.HelmChartContainer - [K3S] [reconciler_common.go:299] "Volume detached for volume \"pod-info\" (UniqueName: \"kubernetes.io/configmap/4dc24ea6-ef39-451b-a20c-392675729851-pod-info\") on node \"e242dccaa35f\" DevicePath \"\""
2025-01-28 20:44:36,533 INFO c.h.h.t.HelmChartContainer - [K3S] [reconciler_common.go:299] "Volume detached for volume \"operator-init\" (UniqueName: \"kubernetes.io/empty-dir/4dc24ea6-ef39-451b-a20c-392675729851-operator-init\") on node \"e242dccaa35f\" DevicePath \"\""
2025-01-28 20:44:36,533 INFO c.h.h.t.HelmChartContainer - [K3S] [reconciler_common.go:299] "Volume detached for volume \"broker-configuration\" (UniqueName: \"kubernetes.io/configmap/4dc24ea6-ef39-451b-a20c-392675729851-broker-configuration\") on node \"e242dccaa35f\" DevicePath \"\""
2025-01-28 20:44:36,533 INFO c.h.h.t.HelmChartContainer - [K3S] [reconciler_common.go:299] "Volume detached for volume \"https-keystore\" (UniqueName: \"kubernetes.io/secret/4dc24ea6-ef39-451b-a20c-392675729851-https-keystore\") on node \"e242dccaa35f\" DevicePath \"\""
2025-01-28 20:44:36,533 INFO c.h.h.t.HelmChartContainer - [K3S] [reconciler_common.go:299] "Volume detached for volume \"kube-api-access-hrvsc\" (UniqueName: \"kubernetes.io/projected/4dc24ea6-ef39-451b-a20c-392675729851-kube-api-access-hrvsc\") on node \"e242dccaa35f\" DevicePath \"\""
2025-01-28 20:44:36,804 INFO c.h.h.t.HelmChartContainer - [K3S] [scope.go:117] "RemoveContainer" containerID="0e1d7b1343f65e10e5a77d24d7a7b51290122a51a06d75e3284e4f0d000addf9"
2025-01-28 20:44:36,822 INFO c.h.h.t.HelmChartContainer - [POD] test-hivemq-platform-0 [4dc24ea6-ef39-451b-a20c-392675729851] in helmplatformtlsit was MODIFIED
2025-01-28 20:44:36,829 INFO c.h.h.t.HelmChartContainer - [POD] test-hivemq-platform-0 [4dc24ea6-ef39-451b-a20c-392675729851] in helmplatformtlsit was DELETED
2025-01-28 20:44:36,906 INFO c.h.h.t.HelmChartContainer - [K3S] [scope.go:117] "RemoveContainer" containerID="84a128446b21264fc60d5d12b733a367920fc042e36686ad413bccd3dafc70cb"
2025-01-28 20:44:36,909 INFO c.h.h.t.HelmChartContainer - [K3S] [scope.go:117] "RemoveContainer" containerID="0e1d7b1343f65e10e5a77d24d7a7b51290122a51a06d75e3284e4f0d000addf9"
2025-01-28 20:44:36,910 INFO c.h.h.t.HelmChartContainer - [K3S] [scope.go:117] "RemoveContainer" containerID="84a128446b21264fc60d5d12b733a367920fc042e36686ad413bccd3dafc70cb"
2025-01-28 20:44:37,412 INFO c.h.h.t.HelmChartContainer - [K3S] [kubelet_volumes.go:163] "Cleaned up orphaned pod volumes dir" podUID="4dc24ea6-ef39-451b-a20c-392675729851" path="/var/lib/kubelet/pods/4dc24ea6-ef39-451b-a20c-392675729851/volumes"
2025-01-28 20:44:40,842 INFO c.h.h.t.HelmChartContainer - Namespace 'helmplatformtlsit' deleted
2025-01-28 20:44:40,842 INFO c.h.h.t.HelmChartContainer - Release 'test-hivemq-platform' in namespace 'helmplatformtlsit' is uninstalled
2025-01-28 20:44:40,842 INFO c.h.h.t.HelmChartContainer - Uninstalling release 'test-hivemq-platform-operator' in namespace 'helmplatformtlsit-operator'...
2025-01-28 20:44:40,842 DEBUG c.h.h.t.HelmChartContainer - Executing helm command: /bin/helm --kubeconfig /etc/rancher/k3s/k3s.yaml uninstall test-hivemq-platform-operator  --wait --timeout 5m0s --cascade foreground --namespace helmplatformtlsit-operator
2025-01-28 20:44:40,991 INFO c.h.h.t.HelmChartContainer - [K3S] [replica_set.go:679] "Finished syncing" kind="ReplicaSet" key="helmplatformtlsit-operator/hivemq-test-hivemq-platform-operator-6966f96d65" duration="6.353577ms"
2025-01-28 20:44:40,992 INFO c.h.h.t.HelmChartContainer - [K3S] [replica_set.go:679] "Finished syncing" kind="ReplicaSet" key="helmplatformtlsit-operator/hivemq-test-hivemq-platform-operator-6966f96d65" duration="39.994µs"
2025-01-28 20:44:41,006 INFO c.h.h.t.HelmChartContainer - [POD] hivemq-test-hivemq-platform-operator-6966f96d65-5dqq2 [4f7f4ba3-7923-4f4e-a7fb-7cd907212ffb] in helmplatformtlsit-operator was MODIFIED
2025-01-28 20:44:41,019 INFO c.h.h.t.HelmChartContainer - [EVENT] Normal [Killing] Stopping container hivemq-platform-operator [helmplatformtlsit-operator:hivemq-test-hivemq-platform-operator-6966f96d65-5dqq2]
2025-01-28 20:44:41,019 INFO c.h.h.t.HelmChartContainer - Received Killing event for container hivemq-platform-operator in pod hivemq-test-hivemq-platform-operator-6966f96d65-5dqq2 [4f7f4ba3-7923-4f4e-a7fb-7cd907212ffb]
2025-01-28 20:44:41,020 INFO c.h.h.t.HelmChartContainer - Container [hivemq-test-hivemq-platform-operator-6966f96d65-5dqq2] [hivemq-platform-operator] [4f7f4ba3-7923-4f4e-a7fb-7cd907212ffb] was terminated
2025-01-28 20:44:41,020 INFO c.h.h.t.HelmChartContainer - Stopped log watcher for hivemq-platform-operator in pod hivemq-test-hivemq-platform-operator-6966f96d65-5dqq2 [4f7f4ba3-7923-4f4e-a7fb-7cd907212ffb]
2025-01-28 20:44:41,026 INFO c.h.h.t.HelmChartContainer - [K3S] [replica_set.go:679] "Finished syncing" kind="ReplicaSet" key="helmplatformtlsit-operator/hivemq-test-hivemq-platform-operator-6966f96d65" duration="16.940453ms"
2025-01-28 20:44:41,029 INFO c.h.h.t.HelmChartContainer - [K3S] [replica_set.go:679] "Finished syncing" kind="ReplicaSet" key="helmplatformtlsit-operator/hivemq-test-hivemq-platform-operator-6966f96d65" duration="41.357µs"
2025-01-28 20:44:41,035 INFO c.h.h.t.HelmChartContainer - [EVENT] Warning [FailedToUpdateEndpoint] Failed to update endpoint helmplatformtlsit-operator/hivemq-platform-operator-test-hivemq-platform-operator: Operation cannot be fulfilled on endpoints "hivemq-platform-operator-test-hivemq-platform-operator": StorageError: invalid object, Code: 4, Key: /registry/services/endpoints/helmplatformtlsit-operator/hivemq-platform-operator-test-hivemq-platform-operator, ResourceVersion: 0, AdditionalErrorMsg: Precondition failed: UID in precondition: e96d1759-9870-4eb2-b04e-1f93c5b2c164, UID in object meta:  [helmplatformtlsit-operator:hivemq-platform-operator-test-hivemq-platform-operator]
2025-01-28 20:44:41,116 INFO c.h.h.t.HelmChartContainer - [hivemq-test-hivemq-platform] [hivemq-platform-operator] [4f7f4ba3] 20:44:41.115 [application-shutdown-thread] INFO  c.h.p.o.HiveMQPlatformOperatorApplication - HiveMQ Platform Operator is stopping...
2025-01-28 20:44:41,117 INFO c.h.h.t.HelmChartContainer - [hivemq-test-hivemq-platform] [hivemq-platform-operator] [4f7f4ba3] 20:44:41.115 [application-shutdown-thread] INFO  i.javaoperatorsdk.operator.Operator - Operator SDK 4.9.7 is shutting down...
2025-01-28 20:44:41,648 INFO c.h.h.t.HelmChartContainer - [K3S] [replica_set.go:679] "Finished syncing" kind="ReplicaSet" key="helmplatformtlsit-operator/hivemq-test-hivemq-platform-operator-6966f96d65" duration="62.726µs"
2025-01-28 20:44:41,649 INFO c.h.h.t.HelmChartContainer - [POD] hivemq-test-hivemq-platform-operator-6966f96d65-5dqq2 [4f7f4ba3-7923-4f4e-a7fb-7cd907212ffb] in helmplatformtlsit-operator was MODIFIED
2025-01-28 20:44:41,761 INFO c.h.h.t.HelmChartContainer - [K3S] [reconciler_common.go:162] "operationExecutor.UnmountVolume started for volume \"kube-api-access-qw24s\" (UniqueName: \"kubernetes.io/projected/4f7f4ba3-7923-4f4e-a7fb-7cd907212ffb-kube-api-access-qw24s\") pod \"4f7f4ba3-7923-4f4e-a7fb-7cd907212ffb\" (UID: \"4f7f4ba3-7923-4f4e-a7fb-7cd907212ffb\") "
2025-01-28 20:44:41,812 INFO c.h.h.t.HelmChartContainer - [K3S] [scope.go:117] "RemoveContainer" containerID="23c1ec651d447ed5a6902528923b704af76ac519a16120c9df60548926198874"
2025-01-28 20:44:41,815 INFO c.h.h.t.HelmChartContainer - [K3S] [scope.go:117] "RemoveContainer" containerID="23c1ec651d447ed5a6902528923b704af76ac519a16120c9df60548926198874"
2025-01-28 20:44:41,823 INFO c.h.h.t.HelmChartContainer - [K3S] [replica_set.go:679] "Finished syncing" kind="ReplicaSet" key="helmplatformtlsit-operator/hivemq-test-hivemq-platform-operator-6966f96d65" duration="43.301µs"
2025-01-28 20:44:41,824 INFO c.h.h.t.HelmChartContainer - [POD] hivemq-test-hivemq-platform-operator-6966f96d65-5dqq2 [4f7f4ba3-7923-4f4e-a7fb-7cd907212ffb] in helmplatformtlsit-operator was MODIFIED
2025-01-28 20:44:41,826 INFO c.h.h.t.HelmChartContainer - [POD] hivemq-test-hivemq-platform-operator-6966f96d65-5dqq2 [4f7f4ba3-7923-4f4e-a7fb-7cd907212ffb] in helmplatformtlsit-operator was DELETED
2025-01-28 20:44:41,826 INFO c.h.h.t.HelmChartContainer - [K3S] [replica_set.go:679] "Finished syncing" kind="ReplicaSet" key="helmplatformtlsit-operator/hivemq-test-hivemq-platform-operator-6966f96d65" duration="30.858µs"
2025-01-28 20:44:41,837 INFO c.h.h.t.HelmChartContainer - [K3S] [replica_set.go:679] "Finished syncing" kind="ReplicaSet" key="helmplatformtlsit-operator/hivemq-test-hivemq-platform-operator-6966f96d65" duration="5.23µs"
2025-01-28 20:44:41,861 INFO c.h.h.t.HelmChartContainer - [K3S] [reconciler_common.go:299] "Volume detached for volume \"kube-api-access-qw24s\" (UniqueName: \"kubernetes.io/projected/4f7f4ba3-7923-4f4e-a7fb-7cd907212ffb-kube-api-access-qw24s\") on node \"e242dccaa35f\" DevicePath \"\""
2025-01-28 20:44:43,053 INFO c.h.h.t.HelmChartContainer - Deleting namespace 'helmplatformtlsit-operator'...
2025-01-28 20:44:43,412 INFO c.h.h.t.HelmChartContainer - [K3S] [kubelet_volumes.go:163] "Cleaned up orphaned pod volumes dir" podUID="4f7f4ba3-7923-4f4e-a7fb-7cd907212ffb" path="/var/lib/kubelet/pods/4f7f4ba3-7923-4f4e-a7fb-7cd907212ffb/volumes"
2025-01-28 20:44:45,776 INFO c.h.h.t.HelmChartContainer - [K3S] [namespace_controller.go:187] "Namespace has been deleted" namespace="helmplatformtlsit"
2025-01-28 20:44:48,268 INFO c.h.h.t.HelmChartContainer - Namespace 'helmplatformtlsit-operator' deleted
2025-01-28 20:44:48,268 INFO c.h.h.t.HelmChartContainer - Release 'test-hivemq-platform-operator' in namespace 'helmplatformtlsit-operator' is uninstalled
2025-01-28 20:44:48,973 INFO c.h.helmcharts.AbstractHelmChartIT - Removed unused containers:

2025-01-28 20:44:53,175 INFO c.h.h.t.HelmChartContainer - [K3S] [namespace_controller.go:187] "Namespace has been deleted" namespace="helmplatformtlsit-operator"
2025-01-28 20:44:56,582 INFO c.h.helmcharts.AbstractHelmChartIT - Removed unused snapshots:
Removing snapshot sha256:03af251906410714c5aef9fa705b63f6bbc39c4a5e787de7361eeb18886c2ed2
Removing snapshot sha256:0c46b3b43cce082ce5ec34ffc6c294e0417d17b9d1e6f366d114b6aadc4f96dc
Removing snapshot sha256:0ce761beee59082d6ed5bcebd3a805b8ddd9b3426b617e4809e7fb7c6587ffec
Removing snapshot sha256:0df91287303208332c8ff6ba40ae4710105201739addbfbddfb955f1ad593664
Removing snapshot sha256:1021ef88c7974bfff89c5a0ec4fd3160daac6c48a075f74cff721f85dd104e68
Removing snapshot sha256:10aba4953ddc18145dd38e3704709bc464aa20af60b56fe52caaff4b68411e62
Removing snapshot sha256:2573e0d8158209ed54ab25c87bcdcb00bd3d2539246960a3d592a1c599d70465
Removing snapshot sha256:258960e60dce78736cadd3448efec136618ad02ca403ad81288bbeabb60d6da7
Removing snapshot sha256:362a8a37f8bbc31925a8146adcf7cf51f9882f5c1dcbef67c5baa03a297543c0
Removing snapshot sha256:43a7c979bbaba6838bc3102d6b10a1459f3ab050b87ccdfef84ef90cf43d3058
Removing snapshot sha256:4ab04491cdf0d3267f08206fe30bd48f49f94b9cab2f016d6739220f722a64af
Removing snapshot sha256:4b6068250e89c96f263060261819c7d912855bfbd64b3eb4c4a8483299b8c295
Removing snapshot sha256:580e69a0a8034ede1921139bbd2bfb72a69ebf276d008281896c32dd8bf74775
Removing snapshot sha256:5d30ba46b27fe37484567ccc5242cadc78217b8da605f3f195ef25cbf7487904
Removing snapshot sha256:63ca1fbb43ae5034640e5e6cb3e083e05c290072c5366fcaa9d62435a4cced85
Removing snapshot sha256:67f702c6baae873bceb19487c8b1f27bd2b86077e4f2f0e480e6d60ab508b8f5
Removing snapshot sha256:6864348dd42806d552efdec384f1274be15e2d0c10ce44c1f04347af004c10a9
Removing snapshot sha256:6c7dee8f2c39b84b7dc2711c01d33de93514d9055499173e9290176fbe484b6c
Removing snapshot sha256:82753493a6d61ded36556292f02f31841a14c20d2f279f19eaad65afb661d5cd
Removing snapshot sha256:8a10d3db42c505ee0fcfa98417bdd7e39b304f6bcc0a06bb1b220797ff2cc63c
Removing snapshot sha256:a0904247e36a7726c03c71ee48f3e64462021c88dafeb13f37fdaf613b27f11c
Removing snapshot sha256:a21e5b12dbac529ad45d976eb9ce45c881f3bedcc500fb30aba1e52aa1813418
Removing snapshot sha256:b66a6fd21afb31807017381cd183450aacec629ebaf238eb9d3985684dec4faa
Removing snapshot sha256:b921e6c28969094157f9b8e7244677780319637afd14450b7cb6b2fdea558a0c
Removing snapshot sha256:bc27ecb5769a00e309cf99ebc763c4a4b958b618d1decc96ffac5bc05f02f5b7
Removing snapshot sha256:be3ccb6627a5332e309d45ef461d09b4879dd870c7394d89323d0ebc6ca6aa8a
Removing snapshot sha256:c261f7cbbc64211ee175ee47273acdb7b1a36a4450b397a064a8f2c026490095
Removing snapshot sha256:c34d9393647eea0c9e3557ab988efaf59f61d10a2a5613b439ef0958cca5ec10
Removing snapshot sha256:ccf3c4a0fa967a41c1c83497a2ce6fa5787965859df0adb32c4ca2cf7490bc2b
Removing snapshot sha256:cf92d33f869417309692088c341cd0f223c178ea78a125f757317b22aa8f90e9
Removing snapshot sha256:d0037344cf2fb078884f1849f6a1f8cf9a33a3b6139b6a85833e5ee528e1f9a8
Removing snapshot sha256:d3b36d5b79273b1e98e7700470eaeff05a882e777124d84cebcc1505b85ecb36
Removing snapshot sha256:d65a44a37914602d12c611e5e22a50f11451d847e63015cc1c2aef92dee777a4
Removing snapshot sha256:e2dc0bae2455930f23ae570e019b7f32edc75c0f2d71cab084db837ff9051796
Removing snapshot sha256:eccbd24a99c60cd9e86ee5305dbfc4a4dc89f5ab4fb1f06c8d64797cecedef34
Removing snapshot sha256:f144bb4c7c7f0d2aa7eeffd36d934ec40db1ee167be727e326aad9fdc616f475

]]></system-out>
  </testcase>
  <testcase name="platformChart_whenTlsEnabledWithDifferentPrivateKey_hivemqRunning(Path)" classname="com.hivemq.helmcharts.platform.HelmPlatformTlsIT" time="109.632">
    <system-out><![CDATA[2025-01-28 20:44:56,587 INFO c.h.h.t.HelmChartContainer - Creating namespace 'helmplatformtlsit-operator'...
2025-01-28 20:44:56,593 INFO c.h.h.t.HelmChartContainer - Namespace 'helmplatformtlsit-operator' created
2025-01-28 20:44:56,593 INFO c.h.h.t.HelmChartContainer - Creating namespace 'helmplatformtlsit'...
2025-01-28 20:44:56,599 INFO c.h.h.t.HelmChartContainer - Namespace 'helmplatformtlsit' created
2025-01-28 20:44:56,663 DEBUG c.h.h.t.HelmChartContainer - Executing helm command: /bin/helm --kubeconfig /etc/rancher/k3s/k3s.yaml install test-hivemq-platform-operator /charts/hivemq-platform-operator --wait --timeout 5m0s --set image.repository=docker.io/hivemq --set image.name=hivemq-platform-operator-test --set image.initImageName=hivemq-platform-operator-init-test --set image.tag=snapshot --set image.pullPolicy=Never --set logLevel=DEBUG --set resources.cpu=512m --namespace helmplatformtlsit-operator
2025-01-28 20:44:56,965 INFO c.h.h.t.HelmChartContainer - [K3S] [alloc.go:330] "allocated clusterIPs" service="helmplatformtlsit-operator/hivemq-platform-operator-test-hivemq-platform-operator" clusterIPs={"IPv4":"10.43.18.45"}
2025-01-28 20:44:56,985 INFO c.h.h.t.HelmChartContainer - [EVENT] Normal [ScalingReplicaSet] Scaled up replica set hivemq-test-hivemq-platform-operator-6966f96d65 from 0 to 1 [helmplatformtlsit-operator:hivemq-test-hivemq-platform-operator]
2025-01-28 20:44:56,989 INFO c.h.h.t.HelmChartContainer - [POD] hivemq-test-hivemq-platform-operator-6966f96d65-28dk9 [30ded5b6-cab4-46e8-a497-4a60a03effd5] in helmplatformtlsit-operator was ADDED
2025-01-28 20:44:56,998 INFO c.h.h.t.HelmChartContainer - [K3S] [replica_set.go:679] "Finished syncing" kind="ReplicaSet" key="helmplatformtlsit-operator/hivemq-test-hivemq-platform-operator-6966f96d65" duration="19.760187ms"
2025-01-28 20:44:56,999 INFO c.h.h.t.HelmChartContainer - [EVENT] Normal [SuccessfulCreate] Created pod: hivemq-test-hivemq-platform-operator-6966f96d65-28dk9 [helmplatformtlsit-operator:hivemq-test-hivemq-platform-operator-6966f96d65]
2025-01-28 20:44:57,001 INFO c.h.h.t.HelmChartContainer - [K3S] [memory_manager.go:355] "RemoveStaleState removing state" podUID="4f7f4ba3-7923-4f4e-a7fb-7cd907212ffb" containerName="hivemq-platform-operator"
2025-01-28 20:44:57,001 INFO c.h.h.t.HelmChartContainer - [K3S] [memory_manager.go:355] "RemoveStaleState removing state" podUID="4dc24ea6-ef39-451b-a20c-392675729851" containerName="hivemq"
2025-01-28 20:44:57,002 INFO c.h.h.t.HelmChartContainer - [POD] hivemq-test-hivemq-platform-operator-6966f96d65-28dk9 [30ded5b6-cab4-46e8-a497-4a60a03effd5] in helmplatformtlsit-operator was MODIFIED
2025-01-28 20:44:57,010 INFO c.h.h.t.HelmChartContainer - [EVENT] Normal [Scheduled] Successfully assigned helmplatformtlsit-operator/hivemq-test-hivemq-platform-operator-6966f96d65-28dk9 to e242dccaa35f [helmplatformtlsit-operator:hivemq-test-hivemq-platform-operator-6966f96d65-28dk9]
2025-01-28 20:44:57,010 INFO c.h.h.t.HelmChartContainer - [K3S] [replica_set.go:679] "Finished syncing" kind="ReplicaSet" key="helmplatformtlsit-operator/hivemq-test-hivemq-platform-operator-6966f96d65" duration="12.067506ms"
2025-01-28 20:44:57,010 INFO c.h.h.t.HelmChartContainer - [K3S] [replica_set.go:679] "Finished syncing" kind="ReplicaSet" key="helmplatformtlsit-operator/hivemq-test-hivemq-platform-operator-6966f96d65" duration="35.085µs"
2025-01-28 20:44:57,015 INFO c.h.h.t.HelmChartContainer - [K3S] [replica_set.go:679] "Finished syncing" kind="ReplicaSet" key="helmplatformtlsit-operator/hivemq-test-hivemq-platform-operator-6966f96d65" duration="31.689µs"
2025-01-28 20:44:57,016 INFO c.h.h.t.HelmChartContainer - [POD] hivemq-test-hivemq-platform-operator-6966f96d65-28dk9 [30ded5b6-cab4-46e8-a497-4a60a03effd5] in helmplatformtlsit-operator was MODIFIED
2025-01-28 20:44:57,155 INFO c.h.h.t.HelmChartContainer - [K3S] [reconciler_common.go:251] "operationExecutor.VerifyControllerAttachedVolume started for volume \"kube-api-access-g997k\" (UniqueName: \"kubernetes.io/projected/30ded5b6-cab4-46e8-a497-4a60a03effd5-kube-api-access-g997k\") pod \"hivemq-test-hivemq-platform-operator-6966f96d65-28dk9\" (UID: \"30ded5b6-cab4-46e8-a497-4a60a03effd5\") " pod="helmplatformtlsit-operator/hivemq-test-hivemq-platform-operator-6966f96d65-28dk9"
2025-01-28 20:44:57,394 INFO c.h.h.t.HelmChartContainer - [EVENT] Normal [Pulled] Container image "docker.io/hivemq/hivemq-platform-operator-test:snapshot" already present on machine [helmplatformtlsit-operator:hivemq-test-hivemq-platform-operator-6966f96d65-28dk9]
2025-01-28 20:44:57,394 INFO c.h.h.t.HelmChartContainer - Received Pulled event for container hivemq-platform-operator in pod hivemq-test-hivemq-platform-operator-6966f96d65-28dk9 [30ded5b6-cab4-46e8-a497-4a60a03effd5]
2025-01-28 20:44:58,610 INFO c.h.h.t.HelmChartContainer - [EVENT] Normal [Created] Created container: hivemq-platform-operator [helmplatformtlsit-operator:hivemq-test-hivemq-platform-operator-6966f96d65-28dk9]
2025-01-28 20:44:58,610 INFO c.h.h.t.HelmChartContainer - Received Created event for container hivemq-platform-operator in pod hivemq-test-hivemq-platform-operator-6966f96d65-28dk9 [30ded5b6-cab4-46e8-a497-4a60a03effd5]
2025-01-28 20:44:58,850 INFO c.h.h.t.HelmChartContainer - [K3S] [replica_set.go:679] "Finished syncing" kind="ReplicaSet" key="helmplatformtlsit-operator/hivemq-test-hivemq-platform-operator-6966f96d65" duration="43.791µs"
2025-01-28 20:44:58,852 INFO c.h.h.t.HelmChartContainer - [POD] hivemq-test-hivemq-platform-operator-6966f96d65-28dk9 [30ded5b6-cab4-46e8-a497-4a60a03effd5] in helmplatformtlsit-operator was MODIFIED
2025-01-28 20:44:58,862 INFO c.h.h.t.HelmChartContainer - [EVENT] Normal [Started] Started container hivemq-platform-operator [helmplatformtlsit-operator:hivemq-test-hivemq-platform-operator-6966f96d65-28dk9]
2025-01-28 20:44:58,862 INFO c.h.h.t.HelmChartContainer - Started log watcher for hivemq-platform-operator in pod hivemq-test-hivemq-platform-operator-6966f96d65-28dk9 [30ded5b6-cab4-46e8-a497-4a60a03effd5]
2025-01-28 20:44:58,862 INFO c.h.h.t.HelmChartContainer - [hivemq-test-hivemq-platform] [hivemq-platform-operator] [30ded5b6] -------------------------------------------------------------------------
2025-01-28 20:44:58,862 INFO c.h.h.t.HelmChartContainer - [hivemq-test-hivemq-platform] [hivemq-platform-operator] [30ded5b6] 
2025-01-28 20:44:58,862 INFO c.h.h.t.HelmChartContainer - [hivemq-test-hivemq-platform] [hivemq-platform-operator] [30ded5b6]                   _    _  _              __  __   ____
2025-01-28 20:44:58,862 INFO c.h.h.t.HelmChartContainer - [hivemq-test-hivemq-platform] [hivemq-platform-operator] [30ded5b6]                  | |  | |(_)            |  \/  | / __ \
2025-01-28 20:44:58,862 INFO c.h.h.t.HelmChartContainer - [hivemq-test-hivemq-platform] [hivemq-platform-operator] [30ded5b6]                  | |__| | _ __   __ ___ | \  / || |  | |
2025-01-28 20:44:58,862 INFO c.h.h.t.HelmChartContainer - [hivemq-test-hivemq-platform] [hivemq-platform-operator] [30ded5b6]                  |  __  || |\ \ / // _ \| |\/| || |  | |
2025-01-28 20:44:58,862 INFO c.h.h.t.HelmChartContainer - [hivemq-test-hivemq-platform] [hivemq-platform-operator] [30ded5b6]                  | |  | || | \ V /|  __/| |  | || |__| |
2025-01-28 20:44:58,862 INFO c.h.h.t.HelmChartContainer - [hivemq-test-hivemq-platform] [hivemq-platform-operator] [30ded5b6]                  |_|  |_||_|  \_/  \___||_|  |_| \___\_\
2025-01-28 20:44:58,862 INFO c.h.h.t.HelmChartContainer - [hivemq-test-hivemq-platform] [hivemq-platform-operator] [30ded5b6] 
2025-01-28 20:44:58,862 INFO c.h.h.t.HelmChartContainer - [hivemq-test-hivemq-platform] [hivemq-platform-operator] [30ded5b6] -------------------------------------------------------------------------
2025-01-28 20:44:58,862 INFO c.h.h.t.HelmChartContainer - [hivemq-test-hivemq-platform] [hivemq-platform-operator] [30ded5b6] 
2025-01-28 20:44:58,862 INFO c.h.h.t.HelmChartContainer - [hivemq-test-hivemq-platform] [hivemq-platform-operator] [30ded5b6]   HiveMQ Platform Operator Start Script v1.0
2025-01-28 20:44:58,862 INFO c.h.h.t.HelmChartContainer - [hivemq-test-hivemq-platform] [hivemq-platform-operator] [30ded5b6] 
2025-01-28 20:44:58,862 INFO c.h.h.t.HelmChartContainer - [hivemq-test-hivemq-platform] [hivemq-platform-operator] [30ded5b6] -------------------------------------------------------------------------
2025-01-28 20:44:58,862 INFO c.h.h.t.HelmChartContainer - [hivemq-test-hivemq-platform] [hivemq-platform-operator] [30ded5b6] 
2025-01-28 20:44:58,862 INFO c.h.h.t.HelmChartContainer - [hivemq-test-hivemq-platform] [hivemq-platform-operator] [30ded5b6]   JAVA_OPTS: -XX:+UnlockExperimentalVMOptions -XX:InitialRAMPercentage=75 -XX:MaxRAMPercentage=75 -Duser.language=en -Duser.region=US
2025-01-28 20:44:58,862 INFO c.h.h.t.HelmChartContainer - [hivemq-test-hivemq-platform] [hivemq-platform-operator] [30ded5b6] 
2025-01-28 20:44:58,862 INFO c.h.h.t.HelmChartContainer - [hivemq-test-hivemq-platform] [hivemq-platform-operator] [30ded5b6]   JAVA_VERSION: 21
2025-01-28 20:44:58,862 INFO c.h.h.t.HelmChartContainer - [hivemq-test-hivemq-platform] [hivemq-platform-operator] [30ded5b6] 
2025-01-28 20:44:58,862 INFO c.h.h.t.HelmChartContainer - [hivemq-test-hivemq-platform] [hivemq-platform-operator] [30ded5b6] -------------------------------------------------------------------------
2025-01-28 20:44:58,862 INFO c.h.h.t.HelmChartContainer - [hivemq-test-hivemq-platform] [hivemq-platform-operator] [30ded5b6] 
2025-01-28 20:44:58,862 INFO c.h.h.t.HelmChartContainer - Received Started event for container hivemq-platform-operator in pod hivemq-test-hivemq-platform-operator-6966f96d65-28dk9 [30ded5b6-cab4-46e8-a497-4a60a03effd5]
2025-01-28 20:45:01,899 INFO c.h.h.t.HelmChartContainer - [hivemq-test-hivemq-platform] [hivemq-platform-operator] [30ded5b6] 20:45:01.897 [main] DEBUG org.jboss.logging - Logging Provider: org.jboss.logging.Slf4jLoggerProvider
2025-01-28 20:45:02,001 INFO c.h.h.t.HelmChartContainer - [hivemq-test-hivemq-platform] [hivemq-platform-operator] [30ded5b6] 20:45:01.999 [main] DEBUG io.smallrye.config - SRCFG01006: Loaded ConfigSource SysPropConfigSource with ordinal 400
2025-01-28 20:45:02,001 INFO c.h.h.t.HelmChartContainer - [hivemq-test-hivemq-platform] [hivemq-platform-operator] [30ded5b6] 20:45:01.999 [main] DEBUG io.smallrye.config - SRCFG01006: Loaded ConfigSource EnvConfigSource with ordinal 300
2025-01-28 20:45:02,001 INFO c.h.h.t.HelmChartContainer - [hivemq-test-hivemq-platform] [hivemq-platform-operator] [30ded5b6] 20:45:01.999 [main] DEBUG io.smallrye.config - SRCFG01006: Loaded ConfigSource PropertiesConfigSource[source=jar:file:///opt/hivemq-platform-operator/bin/hivemq-platform-operator.jar!/hivemq-platform-operator.properties] with ordinal 100
2025-01-28 20:45:02,001 INFO c.h.h.t.HelmChartContainer - [hivemq-test-hivemq-platform] [hivemq-platform-operator] [30ded5b6] 20:45:01.999 [main] DEBUG io.smallrye.config - SRCFG01006: Loaded ConfigSource DefaultValuesConfigSource with ordinal -2147483648
2025-01-28 20:45:02,108 INFO c.h.h.t.HelmChartContainer - [hivemq-test-hivemq-platform] [hivemq-platform-operator] [30ded5b6] 20:45:02.107 [main] DEBUG i.m.c.u.i.l.InternalLoggerFactory - Using SLF4J as the default logging framework
2025-01-28 20:45:02,260 INFO c.h.h.t.HelmChartContainer - [hivemq-test-hivemq-platform] [hivemq-platform-operator] [30ded5b6] 20:45:02.200 [main] INFO  c.h.p.o.HiveMQPlatformOperatorApplication - HiveMQ Platform Operator 1.7.0-SNAPSHOT (commit: bebf408 on branch: HEAD) built on Sun Jan 26 20:47:47 UTC 2025
2025-01-28 20:45:02,262 INFO c.h.h.t.HelmChartContainer - [hivemq-test-hivemq-platform] [hivemq-platform-operator] [30ded5b6] 20:45:02.259 [main] INFO  c.h.p.o.HiveMQPlatformOperatorApplication - HiveMQ Platform Operator is running in namespace: helmplatformtlsit-operator
2025-01-28 20:45:02,262 INFO c.h.h.t.HelmChartContainer - [hivemq-test-hivemq-platform] [hivemq-platform-operator] [30ded5b6] 20:45:02.260 [main] INFO  c.h.p.o.HiveMQPlatformOperatorApplication - Watching all namespaces
2025-01-28 20:45:02,262 INFO c.h.h.t.HelmChartContainer - [hivemq-test-hivemq-platform] [hivemq-platform-operator] [30ded5b6] 20:45:02.260 [main] INFO  c.h.p.o.HiveMQPlatformOperatorApplication - Log level: DEBUG
2025-01-28 20:45:02,262 INFO c.h.h.t.HelmChartContainer - [hivemq-test-hivemq-platform] [hivemq-platform-operator] [30ded5b6] 20:45:02.260 [main] INFO  c.h.p.o.HiveMQPlatformOperatorApplication - Release name: test-hivemq-platform-operator
2025-01-28 20:45:02,262 INFO c.h.h.t.HelmChartContainer - [hivemq-test-hivemq-platform] [hivemq-platform-operator] [30ded5b6] 20:45:02.260 [main] INFO  c.h.p.o.HiveMQPlatformOperatorApplication - HiveMQ Platform Operator Init image: docker.io/hivemq/hivemq-platform-operator-init-test:snapshot
2025-01-28 20:45:02,262 INFO c.h.h.t.HelmChartContainer - [hivemq-test-hivemq-platform] [hivemq-platform-operator] [30ded5b6] 20:45:02.260 [main] INFO  c.h.p.o.HiveMQPlatformOperatorApplication - HiveMQ Platform Operator Init App update URL: http://hivemq-platform-operator-test-hivemq-platform-operator.helmplatformtlsit-operator.svc:8080/initAppUpdate/hivemq-platform-operator-init-app-1.7.0-SNAPSHOT.jar
2025-01-28 20:45:02,262 INFO c.h.h.t.HelmChartContainer - [hivemq-test-hivemq-platform] [hivemq-platform-operator] [30ded5b6] 20:45:02.260 [main] INFO  c.h.p.o.HiveMQPlatformOperatorApplication - Additional imagePullSecret for all Platform deployments: none
2025-01-28 20:45:02,262 INFO c.h.h.t.HelmChartContainer - [hivemq-test-hivemq-platform] [hivemq-platform-operator] [30ded5b6] 20:45:02.260 [main] INFO  c.h.p.o.HiveMQPlatformOperatorApplication - Apply HiveMQ Platform CRD: true
2025-01-28 20:45:02,262 INFO c.h.h.t.HelmChartContainer - [hivemq-test-hivemq-platform] [hivemq-platform-operator] [30ded5b6] 20:45:02.260 [main] INFO  c.h.p.o.HiveMQPlatformOperatorApplication - Create Platform ServiceAccount: true
2025-01-28 20:45:02,262 INFO c.h.h.t.HelmChartContainer - [hivemq-test-hivemq-platform] [hivemq-platform-operator] [30ded5b6] 20:45:02.260 [main] INFO  c.h.p.o.HiveMQPlatformOperatorApplication - Create Platform ServiceAccount permissions: true
2025-01-28 20:45:02,262 INFO c.h.h.t.HelmChartContainer - [hivemq-test-hivemq-platform] [hivemq-platform-operator] [30ded5b6] 20:45:02.260 [main] INFO  c.h.p.o.HiveMQPlatformOperatorApplication - Validate Platform ServiceAccount: true
2025-01-28 20:45:02,262 INFO c.h.h.t.HelmChartContainer - [hivemq-test-hivemq-platform] [hivemq-platform-operator] [30ded5b6] 20:45:02.260 [main] INFO  c.h.p.o.HiveMQPlatformOperatorApplication - Validate Platform ServiceAccount permissions: true
2025-01-28 20:45:02,402 INFO c.h.h.t.HelmChartContainer - [hivemq-test-hivemq-platform] [hivemq-platform-operator] [30ded5b6] 20:45:02.401 [main] INFO  c.h.platform.operator.util.CRDUtil - Verifying deployed HiveMQ Platform CRD...
2025-01-28 20:45:04,958 INFO c.h.h.t.HelmChartContainer - [hivemq-test-hivemq-platform] [hivemq-platform-operator] [30ded5b6] 20:45:04.957 [main] DEBUG c.h.platform.operator.util.CRDUtil - HiveMQ Platform CRD version v1 is up to date
2025-01-28 20:45:04,959 INFO c.h.h.t.HelmChartContainer - [hivemq-test-hivemq-platform] [hivemq-platform-operator] [30ded5b6] 20:45:04.957 [main] INFO  c.h.platform.operator.util.CRDUtil - HiveMQ Platform CRD is up to date (version: V1_6_0)
2025-01-28 20:45:04,959 INFO c.h.h.t.HelmChartContainer - [hivemq-test-hivemq-platform] [hivemq-platform-operator] [30ded5b6] 20:45:04.957 [main] INFO  c.h.platform.operator.util.CRDUtil - Waiting 10000 ms for HiveMQ Platform CRD 'hivemq-platforms.hivemq.com' to become ready...
2025-01-28 20:45:05,201 INFO c.h.h.t.HelmChartContainer - [hivemq-test-hivemq-platform] [hivemq-platform-operator] [30ded5b6] 20:45:05.200 [vert.x-eventloop-thread-1] DEBUG c.h.platform.operator.util.CRDUtil - Checking CRD condition 'NamesAccepted' (status: 'True')
2025-01-28 20:45:05,202 INFO c.h.h.t.HelmChartContainer - [hivemq-test-hivemq-platform] [hivemq-platform-operator] [30ded5b6] 20:45:05.200 [vert.x-eventloop-thread-1] DEBUG c.h.platform.operator.util.CRDUtil - Checking CRD condition 'Established' (status: 'True')
2025-01-28 20:45:05,203 INFO c.h.h.t.HelmChartContainer - [hivemq-test-hivemq-platform] [hivemq-platform-operator] [30ded5b6] 20:45:05.201 [main] INFO  c.h.platform.operator.util.CRDUtil - HiveMQ Platform CRD 'hivemq-platforms.hivemq.com' is ready
2025-01-28 20:45:05,401 INFO c.h.h.t.HelmChartContainer - [hivemq-test-hivemq-platform] [hivemq-platform-operator] [30ded5b6] 20:45:05.400 [main] INFO  c.h.p.o.HiveMQPlatformReconciler - HiveMQ Platform Operator is starting...
2025-01-28 20:45:05,505 INFO c.h.h.t.HelmChartContainer - [hivemq-test-hivemq-platform] [hivemq-platform-operator] [30ded5b6] 20:45:05.505 [main] WARN  Default ConfigurationService implementation - Configuration for reconciler 'hivemq-controller' was not found. Known reconcilers: None.
2025-01-28 20:45:05,563 INFO c.h.h.t.HelmChartContainer - [hivemq-test-hivemq-platform] [hivemq-platform-operator] [30ded5b6] 20:45:05.562 [main] INFO  Default ConfigurationService implementation - Created configuration for reconciler com.hivemq.platform.operator.HiveMQPlatformReconciler with name hivemq-controller
2025-01-28 20:45:05,666 INFO c.h.h.t.HelmChartContainer - [hivemq-test-hivemq-platform] [hivemq-platform-operator] [30ded5b6] 20:45:05.665 [main] DEBUG c.h.p.o.HiveMQPlatformReconciler - HiveMQ Platform Operator is preparing EventSources
2025-01-28 20:45:05,701 INFO c.h.h.t.HelmChartContainer - [hivemq-test-hivemq-platform] [hivemq-platform-operator] [30ded5b6] 20:45:05.700 [main] INFO  i.javaoperatorsdk.operator.Operator - Registered reconciler: 'hivemq-controller' for resource: 'class com.hivemq.platform.operator.v1.HiveMQPlatform' for namespace(s): [all namespaces]
2025-01-28 20:45:06,301 INFO c.h.h.t.HelmChartContainer - [hivemq-test-hivemq-platform] [hivemq-platform-operator] [30ded5b6] 20:45:06.300 [main] INFO  c.h.p.operator.webserver.JettyServer - Starting Jetty server on port 8080
2025-01-28 20:45:06,399 INFO c.h.h.t.HelmChartContainer - [hivemq-test-hivemq-platform] [hivemq-platform-operator] [30ded5b6] 20:45:06.398 [main] INFO  i.javaoperatorsdk.operator.Operator - Operator SDK 4.9.7 (commit: 2133d28) built on Wed Nov 20 12:56:20 UTC 2024 starting...
2025-01-28 20:45:06,399 INFO c.h.h.t.HelmChartContainer - [hivemq-test-hivemq-platform] [hivemq-platform-operator] [30ded5b6] 20:45:06.398 [main] INFO  i.javaoperatorsdk.operator.Operator - Client version: 6.13.4
2025-01-28 20:45:06,400 INFO c.h.h.t.HelmChartContainer - [hivemq-test-hivemq-platform] [hivemq-platform-operator] [30ded5b6] 20:45:06.399 [Controller Starter for: hivemq-controller] INFO  i.j.operator.processing.Controller - Starting 'hivemq-controller' controller for reconciler: com.hivemq.platform.operator.HiveMQPlatformReconciler, resource: com.hivemq.platform.operator.v1.HiveMQPlatform
2025-01-28 20:45:08,699 INFO c.h.h.t.HelmChartContainer - [hivemq-test-hivemq-platform] [hivemq-platform-operator] [30ded5b6] 20:45:08.698 [Controller Starter for: hivemq-controller] INFO  i.j.operator.processing.Controller - 'hivemq-controller' controller started
2025-01-28 20:45:08,699 INFO c.h.h.t.HelmChartContainer - [hivemq-test-hivemq-platform] [hivemq-platform-operator] [30ded5b6] 20:45:08.698 [main] INFO  c.h.p.o.HiveMQPlatformOperatorApplication - HiveMQ Platform Operator 1.7.0-SNAPSHOT started in 6497 ms
2025-01-28 20:45:09,858 INFO c.h.h.t.HelmChartContainer - [POD] hivemq-test-hivemq-platform-operator-6966f96d65-28dk9 [30ded5b6-cab4-46e8-a497-4a60a03effd5] in helmplatformtlsit-operator was MODIFIED
2025-01-28 20:45:09,866 INFO c.h.h.t.HelmChartContainer - [K3S] [replica_set.go:679] "Finished syncing" kind="ReplicaSet" key="helmplatformtlsit-operator/hivemq-test-hivemq-platform-operator-6966f96d65" duration="10.420734ms"
2025-01-28 20:45:09,866 INFO c.h.h.t.HelmChartContainer - [K3S] [replica_set.go:679] "Finished syncing" kind="ReplicaSet" key="helmplatformtlsit-operator/hivemq-test-hivemq-platform-operator-6966f96d65" duration="32.481µs"
2025-01-28 20:45:11,432 DEBUG c.h.helmcharts.util.CertificatesUtil - ......+....+......+.....+....+..+.+..+................+............+...+..+++++++++++++++++++++++++++++++++++++++++++++++++++++++++++++++++*........+++++++++++++++++++++++++++++++++++++++++++++++++++++++++++++++++*.......+......+...+.......+...+............+......+..............+.+..+......+.........+.......+.....+............................+......+.........+......+..+....+...+........+...+.+....................+.........+......+......+...+.......+...+.....+....+...+..+..........+........+...+............+.......+...+..+.+...........+......+....+...+........+.......+..+.........+..........+......+...+............+...........+...+.+...+..+.+...+++++++++++++++++++++++++++++++++++++++++++++++++++++++++++++++++
2025-01-28 20:45:11,561 DEBUG c.h.helmcharts.util.CertificatesUtil - .+...+++++++++++++++++++++++++++++++++++++++++++++++++++++++++++++++++*.....+++++++++++++++++++++++++++++++++++++++++++++++++++++++++++++++++*..+.........+.+.....+.......+.....+...+....+...+...+...+.....+.+.....+...+.....................+.+......+..+..............................+.+..+.......+..+...+.+.....+.+.........+.....+.+.....+....+..............+............+......+...+.+......+........+......+.............+.....+.......+........+......+....+...+...+.....+.+...........+.........+.+..+......+.+...+..+......+.........+....+..+............+...+....+...+........+...+.+...+.....+.+......+.....+...+..........+.....+......+......+++++++++++++++++++++++++++++++++++++++++++++++++++++++++++++++++
2025-01-28 20:45:11,564 DEBUG c.h.helmcharts.util.CertificatesUtil - -----
2025-01-28 20:45:11,589 DEBUG c.h.helmcharts.util.CertificatesUtil - Certificate request self-signature ok
2025-01-28 20:45:11,589 DEBUG c.h.helmcharts.util.CertificatesUtil - subject=C = CA, CN = secure-service-platform.default.svc
2025-01-28 20:45:11,593 DEBUG c.h.helmcharts.util.CertificatesUtil - >> Generating keystore and truststore files
2025-01-28 20:45:11,722 DEBUG c.h.helmcharts.util.CertificatesUtil - Importing keystore key.pkcs12 to keystore.jks...
2025-01-28 20:45:11,886 DEBUG c.h.helmcharts.util.CertificatesUtil - Entry for alias 1 successfully imported.
2025-01-28 20:45:11,892 DEBUG c.h.helmcharts.util.CertificatesUtil - Import command completed:  1 entries successfully imported, 0 entries failed or cancelled
2025-01-28 20:45:11,894 DEBUG c.h.helmcharts.util.CertificatesUtil - 
2025-01-28 20:45:11,894 DEBUG c.h.helmcharts.util.CertificatesUtil - Warning:
2025-01-28 20:45:11,894 DEBUG c.h.helmcharts.util.CertificatesUtil - The JKS keystore uses a proprietary format. It is recommended to migrate to PKCS12 which is an industry standard format using "keytool -importkeystore -srckeystore keystore.jks -destkeystore keystore.jks -deststoretype pkcs12".
2025-01-28 20:45:12,181 DEBUG c.h.helmcharts.util.CertificatesUtil - Certificate stored in file <secure-service-platform.pem>
2025-01-28 20:45:12,391 DEBUG c.h.helmcharts.util.CertificatesUtil - Certificate was added to keystore
2025-01-28 20:45:12,870 DEBUG c.h.helmcharts.util.CertificatesUtil - Certificate was added to keystore
2025-01-28 20:45:13,112 DEBUG c.h.helmcharts.util.CertificatesUtil - >> Create client certificates
2025-01-28 20:45:13,191 DEBUG c.h.helmcharts.util.CertificatesUtil - .........+..+++++++++++++++++++++++++++++++++++++++++++++++++++++++++++++++++*......+++++++++++++++++++++++++++++++++++++++++++++++++++++++++++++++++*.......+..+............+....+..+..........+...+..+....+...+..+.+..+.+..............+.........................+....................+...+.............+......+...+...+........+.+.....+....+.....+......+....+......+...+........+....+.....+.+.....+.......+......+..+++++++++++++++++++++++++++++++++++++++++++++++++++++++++++++++++
2025-01-28 20:45:13,271 DEBUG c.h.helmcharts.util.CertificatesUtil - ..+....+......+.....+.......+..+...+....+...+...+..............+.+............+..+.+.........+...+........+...+.........+.......+++++++++++++++++++++++++++++++++++++++++++++++++++++++++++++++++*.....+...+...+.....+.........+.......+.....+......+++++++++++++++++++++++++++++++++++++++++++++++++++++++++++++++++*..+...+..........+..+.......+..+.........+......+....+..............+...+...+....+..+.............+..+.+...+...........+..........+...+.....+.......+.....+...+.......+.........+.....+.+........+......+............+............+.......+.........+.....+.+......+...+..+++++++++++++++++++++++++++++++++++++++++++++++++++++++++++++++++
2025-01-28 20:45:13,275 DEBUG c.h.helmcharts.util.CertificatesUtil - -----
2025-01-28 20:45:13,300 DEBUG c.h.helmcharts.util.CertificatesUtil - >> Import the certificates
2025-01-28 20:45:13,609 DEBUG c.h.helmcharts.util.CertificatesUtil - Certificate was added to keystore
2025-01-28 20:45:13,820 DEBUG c.h.h.t.HelmChartContainer - Executing helm command: /bin/helm --kubeconfig /etc/rancher/k3s/k3s.yaml install test-hivemq-platform /charts/hivemq-platform --wait --timeout 5m0s --set image.repository=docker.io/hivemq --set image.tag=4.36.0 --set image.pullPolicy=Never --set nodes.resources.cpu=512m -f /files/tls-mqtt-with-private-key-values.yaml --namespace helmplatformtlsit
2025-01-28 20:45:14,158 INFO c.h.h.t.HelmChartContainer - [hivemq-test-hivemq-platform] [hivemq-platform-operator] [30ded5b6] 20:45:14.157 [-373097727-pool-1-thread-1] WARN  i.m.p.PrometheusMeterRegistry - The meter (MeterId{name='operator.sdk.events.received', tags=[tag(action=ADDED),tag(event=ResourceEvent),tag(group=hivemq.com),tag(kind=HiveMQPlatform),tag(name=test-hivemq-platform),tag(namespace=helmplatformtlsit),tag(scope=namespace),tag(version=v1)]}) registration has failed: Prometheus requires that all meters with the same name have the same set of tag keys. There is already an existing meter named 'operator.sdk.events.received' containing tag keys [event, group, kind, name, namespace, scope, version]. The meter you are attempting to register has keys [action, event, group, kind, name, namespace, scope, version]. Note that subsequent logs will be logged at debug level.
2025-01-28 20:45:14,604 INFO c.h.h.t.HelmChartContainer - [hivemq-test-hivemq-platform] [hivemq-platform-operator] [30ded5b6] 20:45:14.599 [pool-6-thread-3] DEBUG c.h.p.o.dependants.PodInfoConfigMap - [helmplat] Desired PodInfo ConfigMap (1 extensions) (1 enabled)
2025-01-28 20:45:14,604 INFO c.h.h.t.HelmChartContainer - [hivemq-test-hivemq-platform] [hivemq-platform-operator] [30ded5b6] 20:45:14.600 [pool-6-thread-3] DEBUG c.h.p.o.dependants.PodInfoConfigMap - [helmplat] Desired PodInfo ConfigMap (metrics port: 9399) (metrics path: /)
2025-01-28 20:45:14,604 INFO c.h.h.t.HelmChartContainer - [hivemq-test-hivemq-platform] [hivemq-platform-operator] [30ded5b6] 20:45:14.600 [pool-6-thread-3] DEBUG c.h.p.o.dependants.PodInfoConfigMap - [helmplat] Desired PodInfo ConfigMap (extension state hash: -1817474005)
2025-01-28 20:45:14,604 INFO c.h.h.t.HelmChartContainer - [hivemq-test-hivemq-platform] [hivemq-platform-operator] [30ded5b6] 20:45:14.602 [pool-6-thread-3] DEBUG c.h.p.o.dependants.PodInfoConfigMap - [helmplat] Create PodInfo ConfigMap
2025-01-28 20:45:14,758 INFO c.h.h.t.HelmChartContainer - [hivemq-test-hivemq-platform] [hivemq-platform-operator] [30ded5b6] 20:45:14.756 [pool-6-thread-5] DEBUG c.h.p.o.dependants.PodRoleResource - [helmplat] Create Role: Role(apiVersion=rbac.authorization.k8s.io/v1, kind=Role, metadata=ObjectMeta(annotations={meta.helm.sh/release-name=test-hivemq-platform, meta.helm.sh/release-namespace=helmplatformtlsit}, creationTimestamp=null, deletionGracePeriodSeconds=null, deletionTimestamp=null, finalizers=[], generateName=null, generation=null, labels={helm.sh/chart=hivemq-platform-0.2.32, app.kubernetes.io/managed-by=Helm, app.kubernetes.io/name=hivemq-platform, hivemq-platform=test-hivemq-platform, app.kubernetes.io/instance=test-hivemq-platform, app.kubernetes.io/version=4.36.0}, managedFields=[], name=hivemq-platform-role-test-hivemq-platform, namespace=helmplatformtlsit, ownerReferences=[OwnerReference(apiVersion=hivemq.com/v1, blockOwnerDeletion=null, controller=null, kind=HiveMQPlatform, name=test-hivemq-platform, uid=261b6218-0cea-4b2a-973a-018dcab10240, additionalProperties={})], resourceVersion=null, selfLink=null, uid=null, additionalProperties={}), rules=[PolicyRule(apiGroups=[], nonResourceURLs=[], resourceNames=[], resources=[pods], verbs=[get, patch, update], additionalProperties={})], additionalProperties={})
2025-01-28 20:45:14,900 INFO c.h.h.t.HelmChartContainer - [hivemq-test-hivemq-platform] [hivemq-platform-operator] [30ded5b6] 20:45:14.897 [pool-6-thread-7] DEBUG c.h.p.o.d.PodServiceAccountResource - [helmplat] Desired PodServiceAccountResource (serviceAccountName: hivemq-platform-pod-test-hivemq-platform)
2025-01-28 20:45:14,900 INFO c.h.h.t.HelmChartContainer - [hivemq-test-hivemq-platform] [hivemq-platform-operator] [30ded5b6] 20:45:14.898 [pool-6-thread-7] DEBUG c.h.p.o.d.PodServiceAccountResource - [helmplat] Create ServiceAccount 'hivemq-platform-pod-test-hivemq-platform'
2025-01-28 20:45:15,003 INFO c.h.h.t.HelmChartContainer - [hivemq-test-hivemq-platform] [hivemq-platform-operator] [30ded5b6] 20:45:15.001 [pool-6-thread-10] DEBUG c.h.p.o.d.PodRoleBindingResource - [helmplat] Create RoleBinding: RoleBinding(apiVersion=rbac.authorization.k8s.io/v1, kind=RoleBinding, metadata=ObjectMeta(annotations={meta.helm.sh/release-name=test-hivemq-platform, meta.helm.sh/release-namespace=helmplatformtlsit}, creationTimestamp=null, deletionGracePeriodSeconds=null, deletionTimestamp=null, finalizers=[], generateName=null, generation=null, labels={helm.sh/chart=hivemq-platform-0.2.32, app.kubernetes.io/managed-by=Helm, app.kubernetes.io/name=hivemq-platform, hivemq-platform=test-hivemq-platform, app.kubernetes.io/instance=test-hivemq-platform, app.kubernetes.io/version=4.36.0}, managedFields=[], name=hivemq-platform-role-binding-test-hivemq-platform, namespace=helmplatformtlsit, ownerReferences=[OwnerReference(apiVersion=hivemq.com/v1, blockOwnerDeletion=null, controller=null, kind=HiveMQPlatform, name=test-hivemq-platform, uid=261b6218-0cea-4b2a-973a-018dcab10240, additionalProperties={})], resourceVersion=null, selfLink=null, uid=null, additionalProperties={}), roleRef=RoleRef(apiGroup=rbac.authorization.k8s.io, kind=Role, name=hivemq-platform-role-test-hivemq-platform, additionalProperties={}), subjects=[Subject(apiGroup=null, kind=ServiceAccount, name=hivemq-platform-pod-test-hivemq-platform, namespace=helmplatformtlsit, additionalProperties={})], additionalProperties={})
2025-01-28 20:45:15,058 INFO c.h.h.t.HelmChartContainer - [hivemq-test-hivemq-platform] [hivemq-platform-operator] [30ded5b6] 20:45:15.057 [ReconcilerExecutor-hivemq-controller-54] INFO  c.h.p.o.HiveMQPlatformReconciler - [helmplat] Reconciling HiveMQ Platform 'test-hivemq-platform' in namespace 'helmplatformtlsit'
2025-01-28 20:45:15,058 INFO c.h.h.t.HelmChartContainer - [hivemq-test-hivemq-platform] [hivemq-platform-operator] [30ded5b6] 20:45:15.057 [ReconcilerExecutor-hivemq-controller-54] DEBUG c.h.p.o.HiveMQPlatformReconciler - [helmplat] Custom Resource Status CREATED - HiveMQ Platform was created (READY)
2025-01-28 20:45:15,059 INFO c.h.h.t.HelmChartContainer - [hivemq-test-hivemq-platform] [hivemq-platform-operator] [30ded5b6] 20:45:15.058 [ReconcilerExecutor-hivemq-controller-54] DEBUG c.h.p.o.HiveMQPlatformReconciler - [helmplat] Custom Resource Spec (replicas: 1) (extensions: 1)
2025-01-28 20:45:15,101 INFO c.h.h.t.HelmChartContainer - [hivemq-test-hivemq-platform] [hivemq-platform-operator] [30ded5b6] 20:45:15.100 [ReconcilerExecutor-hivemq-controller-54] INFO  c.h.p.o.h.HiveMQPlatformReconcilerBaseHandler - [helmplat] HiveMQ Platform is starting
2025-01-28 20:45:15,205 INFO c.h.h.t.HelmChartContainer - [hivemq-test-hivemq-platform] [hivemq-platform-operator] [30ded5b6] 20:45:15.204 [ReconcilerExecutor-hivemq-controller-54] DEBUG c.h.p.operator.event.EventSender - [helmplat] Creating K8s event hivemq-platform-starting: [Start] HiveMQ Platform is starting
2025-01-28 20:45:15,262 INFO c.h.h.t.HelmChartContainer - [EVENT] Normal [Start] HiveMQ Platform is starting [helmplatformtlsit:test-hivemq-platform]
2025-01-28 20:45:15,299 INFO c.h.h.t.HelmChartContainer - [hivemq-test-hivemq-platform] [hivemq-platform-operator] [30ded5b6] 20:45:15.298 [ReconcilerExecutor-hivemq-controller-54] INFO  c.h.p.o.h.AbstractHiveMQReconcilerStateHandler - [helmplat] Update HiveMQ Platform Status (CREATED [READY] -> STARTING [READY]): HiveMQ Platform is starting
2025-01-28 20:45:15,312 DEBUG com.hivemq.helmcharts.util.K8sUtil - Comparing actual state 'STARTING' and waiting for 'RUNNING'
2025-01-28 20:45:25,405 INFO c.h.h.t.HelmChartContainer - [hivemq-test-hivemq-platform] [hivemq-platform-operator] [30ded5b6] 20:45:25.403 [pool-6-thread-12] DEBUG c.h.p.o.d.PlatformServiceResource - [helmplat] Desired Platform services (4 services)
2025-01-28 20:45:25,407 INFO c.h.h.t.HelmChartContainer - [hivemq-test-hivemq-platform] [hivemq-platform-operator] [30ded5b6] 20:45:25.406 [pool-6-thread-13] DEBUG c.h.p.o.dependants.PodInfoConfigMap - [helmplat] Desired PodInfo ConfigMap (1 extensions) (1 enabled)
2025-01-28 20:45:25,408 INFO c.h.h.t.HelmChartContainer - [hivemq-test-hivemq-platform] [hivemq-platform-operator] [30ded5b6] 20:45:25.406 [pool-6-thread-13] DEBUG c.h.p.o.dependants.PodInfoConfigMap - [helmplat] Desired PodInfo ConfigMap (metrics port: 9399) (metrics path: /)
2025-01-28 20:45:25,408 INFO c.h.h.t.HelmChartContainer - [hivemq-test-hivemq-platform] [hivemq-platform-operator] [30ded5b6] 20:45:25.406 [pool-6-thread-13] DEBUG c.h.p.o.dependants.PodInfoConfigMap - [helmplat] Desired PodInfo ConfigMap (extension state hash: -1817474005)
2025-01-28 20:45:25,408 INFO c.h.h.t.HelmChartContainer - [hivemq-test-hivemq-platform] [hivemq-platform-operator] [30ded5b6] 20:45:25.407 [pool-6-thread-17] DEBUG c.h.p.o.d.PodServiceAccountResource - [helmplat] Desired PodServiceAccountResource (serviceAccountName: hivemq-platform-pod-test-hivemq-platform)
2025-01-28 20:45:25,416 INFO c.h.h.t.HelmChartContainer - [hivemq-test-hivemq-platform] [hivemq-platform-operator] [30ded5b6] 20:45:25.415 [pool-6-thread-13] DEBUG c.h.p.o.dependants.PodInfoConfigMap - [helmplat] Update PodInfo ConfigMap
2025-01-28 20:45:25,420 INFO c.h.h.t.HelmChartContainer - [K3S] [alloc.go:330] "allocated clusterIPs" service="helmplatformtlsit/hivemq-test-hivemq-platform-mqtt-1886" clusterIPs={"IPv4":"10.43.228.196"}
2025-01-28 20:45:25,509 INFO c.h.h.t.HelmChartContainer - [K3S] [alloc.go:330] "allocated clusterIPs" service="helmplatformtlsit/hivemq-test-hivemq-platform-mqtt-1885" clusterIPs={"IPv4":"10.43.152.116"}
2025-01-28 20:45:25,603 INFO c.h.h.t.HelmChartContainer - [K3S] [alloc.go:330] "allocated clusterIPs" service="helmplatformtlsit/hivemq-test-hivemq-platform-mqtt-1884" clusterIPs={"IPv4":"10.43.75.16"}
2025-01-28 20:45:25,614 INFO c.h.h.t.HelmChartContainer - [K3S] [alloc.go:330] "allocated clusterIPs" service="helmplatformtlsit/hivemq-test-hivemq-platform-metrics-9399" clusterIPs={"IPv4":"10.43.241.34"}
2025-01-28 20:45:25,698 INFO c.h.h.t.HelmChartContainer - [hivemq-test-hivemq-platform] [hivemq-platform-operator] [30ded5b6] 20:45:25.696 [pool-6-thread-20] DEBUG c.h.p.o.d.StatefulSetResource - [helmplat] Desired StatefulSet (1 replicas) for status STARTING (READY)
2025-01-28 20:45:25,710 INFO c.h.h.t.HelmChartContainer - [hivemq-test-hivemq-platform] [hivemq-platform-operator] [30ded5b6] 20:45:25.709 [pool-6-thread-20] DEBUG c.h.p.o.d.StatefulSetResource - [helmplat] Create StatefulSet
2025-01-28 20:45:25,811 INFO c.h.h.t.HelmChartContainer - [hivemq-test-hivemq-platform] [hivemq-platform-operator] [30ded5b6] 20:45:25.807 [ReconcilerExecutor-hivemq-controller-65] INFO  c.h.p.o.HiveMQPlatformReconciler - [helmplat] Reconciling HiveMQ Platform 'test-hivemq-platform' in namespace 'helmplatformtlsit'
2025-01-28 20:45:25,812 INFO c.h.h.t.HelmChartContainer - [hivemq-test-hivemq-platform] [hivemq-platform-operator] [30ded5b6] 20:45:25.808 [ReconcilerExecutor-hivemq-controller-65] DEBUG c.h.p.o.HiveMQPlatformReconciler - [helmplat] Custom Resource Status STARTING - HiveMQ Platform is starting (READY)
2025-01-28 20:45:25,812 INFO c.h.h.t.HelmChartContainer - [hivemq-test-hivemq-platform] [hivemq-platform-operator] [30ded5b6] 20:45:25.808 [ReconcilerExecutor-hivemq-controller-65] DEBUG c.h.p.o.HiveMQPlatformReconciler - [helmplat] Custom Resource Spec (replicas: 1) (extensions: 1)
2025-01-28 20:45:25,813 INFO c.h.h.t.HelmChartContainer - [hivemq-test-hivemq-platform] [hivemq-platform-operator] [30ded5b6] 20:45:25.812 [ReconcilerExecutor-hivemq-controller-65] DEBUG c.h.p.o.HiveMQPlatformReconciler - [helmplat] StatefulSet Status (revision: null, replicas: 0, available: 0, ready: 0, current: 0, updated: 0)
2025-01-28 20:45:25,814 INFO c.h.h.t.HelmChartContainer - [hivemq-test-hivemq-platform] [hivemq-platform-operator] [30ded5b6] 20:45:25.813 [ReconcilerExecutor-hivemq-controller-65] DEBUG c.h.p.o.HiveMQPlatformReconciler - [helmplat] StatefulSet Spec (replicas: 1, init containers: 1, containers: 1, volumes: 5)
2025-01-28 20:45:25,818 INFO c.h.h.t.HelmChartContainer - [hivemq-test-hivemq-platform] [hivemq-platform-operator] [30ded5b6] 20:45:25.817 [ReconcilerExecutor-hivemq-controller-65] INFO  c.h.p.o.h.HiveMQPlatformReconcilerBaseHandler - [helmplat] HiveMQ Platform is starting, 0 of 1 replicas are ready
2025-01-28 20:45:25,823 INFO c.h.h.t.HelmChartContainer - [POD] test-hivemq-platform-0 [ad3590cb-3c39-4d4a-beeb-c41ddf277087] in helmplatformtlsit was ADDED
2025-01-28 20:45:25,823 INFO c.h.h.t.HelmChartContainer - [EVENT] Normal [SuccessfulCreate] create Pod test-hivemq-platform-0 in StatefulSet test-hivemq-platform successful [helmplatformtlsit:test-hivemq-platform]
2025-01-28 20:45:25,826 INFO c.h.h.t.HelmChartContainer - [POD] test-hivemq-platform-0 [ad3590cb-3c39-4d4a-beeb-c41ddf277087] in helmplatformtlsit was MODIFIED
2025-01-28 20:45:25,829 INFO c.h.h.t.HelmChartContainer - [EVENT] Normal [Scheduled] Successfully assigned helmplatformtlsit/test-hivemq-platform-0 to e242dccaa35f [helmplatformtlsit:test-hivemq-platform-0]
2025-01-28 20:45:25,843 INFO c.h.h.t.HelmChartContainer - [POD] test-hivemq-platform-0 [ad3590cb-3c39-4d4a-beeb-c41ddf277087] in helmplatformtlsit was MODIFIED
2025-01-28 20:45:25,907 INFO c.h.h.t.HelmChartContainer - [hivemq-test-hivemq-platform] [hivemq-platform-operator] [30ded5b6] 20:45:25.904 [pool-6-thread-22] DEBUG c.h.p.o.d.PlatformServiceResource - [helmplat] Desired Platform services (4 services)
2025-01-28 20:45:25,907 INFO c.h.h.t.HelmChartContainer - [hivemq-test-hivemq-platform] [hivemq-platform-operator] [30ded5b6] 20:45:25.905 [pool-6-thread-23] DEBUG c.h.p.o.dependants.PodInfoConfigMap - [helmplat] Desired PodInfo ConfigMap (1 extensions) (1 enabled)
2025-01-28 20:45:25,907 INFO c.h.h.t.HelmChartContainer - [hivemq-test-hivemq-platform] [hivemq-platform-operator] [30ded5b6] 20:45:25.905 [pool-6-thread-23] DEBUG c.h.p.o.dependants.PodInfoConfigMap - [helmplat] Desired PodInfo ConfigMap (metrics port: 9399) (metrics path: /)
2025-01-28 20:45:25,907 INFO c.h.h.t.HelmChartContainer - [hivemq-test-hivemq-platform] [hivemq-platform-operator] [30ded5b6] 20:45:25.905 [pool-6-thread-23] DEBUG c.h.p.o.dependants.PodInfoConfigMap - [helmplat] Desired PodInfo ConfigMap (extension state hash: -1817474005)
2025-01-28 20:45:25,926 INFO c.h.h.t.HelmChartContainer - [K3S] [reconciler_common.go:251] "operationExecutor.VerifyControllerAttachedVolume started for volume \"mqtt-keystore-1884\" (UniqueName: \"kubernetes.io/secret/ad3590cb-3c39-4d4a-beeb-c41ddf277087-mqtt-keystore-1884\") pod \"test-hivemq-platform-0\" (UID: \"ad3590cb-3c39-4d4a-beeb-c41ddf277087\") " pod="helmplatformtlsit/test-hivemq-platform-0"
2025-01-28 20:45:25,926 INFO c.h.h.t.HelmChartContainer - [K3S] [reconciler_common.go:251] "operationExecutor.VerifyControllerAttachedVolume started for volume \"pod-info\" (UniqueName: \"kubernetes.io/configmap/ad3590cb-3c39-4d4a-beeb-c41ddf277087-pod-info\") pod \"test-hivemq-platform-0\" (UID: \"ad3590cb-3c39-4d4a-beeb-c41ddf277087\") " pod="helmplatformtlsit/test-hivemq-platform-0"
2025-01-28 20:45:25,926 INFO c.h.h.t.HelmChartContainer - [K3S] [reconciler_common.go:251] "operationExecutor.VerifyControllerAttachedVolume started for volume \"kube-api-access-tqtzp\" (UniqueName: \"kubernetes.io/projected/ad3590cb-3c39-4d4a-beeb-c41ddf277087-kube-api-access-tqtzp\") pod \"test-hivemq-platform-0\" (UID: \"ad3590cb-3c39-4d4a-beeb-c41ddf277087\") " pod="helmplatformtlsit/test-hivemq-platform-0"
2025-01-28 20:45:25,926 INFO c.h.h.t.HelmChartContainer - [K3S] [reconciler_common.go:251] "operationExecutor.VerifyControllerAttachedVolume started for volume \"broker-configuration\" (UniqueName: \"kubernetes.io/configmap/ad3590cb-3c39-4d4a-beeb-c41ddf277087-broker-configuration\") pod \"test-hivemq-platform-0\" (UID: \"ad3590cb-3c39-4d4a-beeb-c41ddf277087\") " pod="helmplatformtlsit/test-hivemq-platform-0"
2025-01-28 20:45:25,926 INFO c.h.h.t.HelmChartContainer - [K3S] [reconciler_common.go:251] "operationExecutor.VerifyControllerAttachedVolume started for volume \"operator-init\" (UniqueName: \"kubernetes.io/empty-dir/ad3590cb-3c39-4d4a-beeb-c41ddf277087-operator-init\") pod \"test-hivemq-platform-0\" (UID: \"ad3590cb-3c39-4d4a-beeb-c41ddf277087\") " pod="helmplatformtlsit/test-hivemq-platform-0"
2025-01-28 20:45:25,926 INFO c.h.h.t.HelmChartContainer - [K3S] [reconciler_common.go:251] "operationExecutor.VerifyControllerAttachedVolume started for volume \"mqtt-keystore-1885\" (UniqueName: \"kubernetes.io/secret/ad3590cb-3c39-4d4a-beeb-c41ddf277087-mqtt-keystore-1885\") pod \"test-hivemq-platform-0\" (UID: \"ad3590cb-3c39-4d4a-beeb-c41ddf277087\") " pod="helmplatformtlsit/test-hivemq-platform-0"
2025-01-28 20:45:26,002 INFO c.h.h.t.HelmChartContainer - [hivemq-test-hivemq-platform] [hivemq-platform-operator] [30ded5b6] 20:45:25.999 [pool-6-thread-27] DEBUG c.h.p.o.d.PodServiceAccountResource - [helmplat] Desired PodServiceAccountResource (serviceAccountName: hivemq-platform-pod-test-hivemq-platform)
2025-01-28 20:45:26,104 INFO c.h.h.t.HelmChartContainer - [hivemq-test-hivemq-platform] [hivemq-platform-operator] [30ded5b6] 20:45:26.102 [pool-6-thread-30] DEBUG c.h.p.o.d.StatefulSetResource - [helmplat] Desired StatefulSet (1 replicas) for status STARTING (READY)
2025-01-28 20:45:26,112 INFO c.h.h.t.HelmChartContainer - [hivemq-test-hivemq-platform] [hivemq-platform-operator] [30ded5b6] 20:45:26.111 [ReconcilerExecutor-hivemq-controller-76] INFO  c.h.p.o.HiveMQPlatformReconciler - [helmplat] Reconciling HiveMQ Platform 'test-hivemq-platform' in namespace 'helmplatformtlsit'
2025-01-28 20:45:26,112 INFO c.h.h.t.HelmChartContainer - [hivemq-test-hivemq-platform] [hivemq-platform-operator] [30ded5b6] 20:45:26.111 [ReconcilerExecutor-hivemq-controller-76] DEBUG c.h.p.o.HiveMQPlatformReconciler - [helmplat] Custom Resource Status STARTING - HiveMQ Platform is starting (READY)
2025-01-28 20:45:26,112 INFO c.h.h.t.HelmChartContainer - [hivemq-test-hivemq-platform] [hivemq-platform-operator] [30ded5b6] 20:45:26.111 [ReconcilerExecutor-hivemq-controller-76] DEBUG c.h.p.o.HiveMQPlatformReconciler - [helmplat] Custom Resource Spec (replicas: 1) (extensions: 1)
2025-01-28 20:45:26,115 INFO c.h.h.t.HelmChartContainer - [hivemq-test-hivemq-platform] [hivemq-platform-operator] [30ded5b6] 20:45:26.115 [ReconcilerExecutor-hivemq-controller-76] DEBUG c.h.p.o.HiveMQPlatformReconciler - [helmplat] StatefulSet Status (revision: test-hivemq-platform-7c789f5f8b, replicas: 1, available: 0, ready: 0, current: 1, updated: 1)
2025-01-28 20:45:26,115 INFO c.h.h.t.HelmChartContainer - [hivemq-test-hivemq-platform] [hivemq-platform-operator] [30ded5b6] 20:45:26.115 [ReconcilerExecutor-hivemq-controller-76] DEBUG c.h.p.o.HiveMQPlatformReconciler - [helmplat] StatefulSet Spec (replicas: 1, init containers: 1, containers: 1, volumes: 5)
2025-01-28 20:45:26,208 INFO c.h.h.t.HelmChartContainer - [hivemq-test-hivemq-platform] [hivemq-platform-operator] [30ded5b6] 20:45:26.207 [ReconcilerExecutor-hivemq-controller-76] DEBUG c.h.p.o.h.HiveMQPlatformReconcilerErrorHandler - [helmplat] Pod 'test-hivemq-platform-0' phase Pending
2025-01-28 20:45:26,209 INFO c.h.h.t.HelmChartContainer - [hivemq-test-hivemq-platform] [hivemq-platform-operator] [30ded5b6] 20:45:26.208 [ReconcilerExecutor-hivemq-controller-76] DEBUG c.h.p.o.h.HiveMQPlatformReconcilerErrorHandler - [helmplat] Pod 'test-hivemq-platform-0' condition 'PodReadyToStartContainers': False
2025-01-28 20:45:26,210 INFO c.h.h.t.HelmChartContainer - [hivemq-test-hivemq-platform] [hivemq-platform-operator] [30ded5b6] 20:45:26.209 [ReconcilerExecutor-hivemq-controller-76] DEBUG c.h.p.o.h.HiveMQPlatformReconcilerErrorHandler - [helmplat] Pod 'test-hivemq-platform-0' condition 'Initialized': False
2025-01-28 20:45:26,210 INFO c.h.h.t.HelmChartContainer - [hivemq-test-hivemq-platform] [hivemq-platform-operator] [30ded5b6] 20:45:26.209 [ReconcilerExecutor-hivemq-controller-76] DEBUG c.h.p.o.h.HiveMQPlatformReconcilerErrorHandler - [helmplat] Pod 'test-hivemq-platform-0' condition 'Ready': False
2025-01-28 20:45:26,210 INFO c.h.h.t.HelmChartContainer - [hivemq-test-hivemq-platform] [hivemq-platform-operator] [30ded5b6] 20:45:26.209 [ReconcilerExecutor-hivemq-controller-76] DEBUG c.h.p.o.h.HiveMQPlatformReconcilerErrorHandler - [helmplat] Pod 'test-hivemq-platform-0' condition 'ContainersReady': False
2025-01-28 20:45:26,210 INFO c.h.h.t.HelmChartContainer - [hivemq-test-hivemq-platform] [hivemq-platform-operator] [30ded5b6] 20:45:26.209 [ReconcilerExecutor-hivemq-controller-76] DEBUG c.h.p.o.h.HiveMQPlatformReconcilerErrorHandler - [helmplat] Pod 'test-hivemq-platform-0' condition 'PodScheduled': True
2025-01-28 20:45:26,210 INFO c.h.h.t.HelmChartContainer - [hivemq-test-hivemq-platform] [hivemq-platform-operator] [30ded5b6] 20:45:26.209 [ReconcilerExecutor-hivemq-controller-76] DEBUG c.h.p.o.h.HiveMQPlatformReconcilerErrorHandler - [helmplat] Pod 'test-hivemq-platform-0' containerStatus 'hivemq' (started: false) (ready: false) (waiting: [PodInitializing] null)
2025-01-28 20:45:26,213 INFO c.h.h.t.HelmChartContainer - [hivemq-test-hivemq-platform] [hivemq-platform-operator] [30ded5b6] 20:45:26.212 [ReconcilerExecutor-hivemq-controller-76] INFO  c.h.p.o.h.HiveMQPlatformReconcilerBaseHandler - [helmplat] HiveMQ Platform is starting, 0 of 1 replicas are ready
2025-01-28 20:45:26,219 INFO c.h.h.t.HelmChartContainer - [hivemq-test-hivemq-platform] [hivemq-platform-operator] [30ded5b6] 20:45:26.218 [pool-6-thread-32] DEBUG c.h.p.o.d.PlatformServiceResource - [helmplat] Desired Platform services (4 services)
2025-01-28 20:45:26,228 INFO c.h.h.t.HelmChartContainer - [EVENT] Normal [Pulled] Container image "docker.io/hivemq/hivemq-platform-operator-init-test:snapshot" already present on machine [helmplatformtlsit:test-hivemq-platform-0]
2025-01-28 20:45:26,299 INFO c.h.h.t.HelmChartContainer - [hivemq-test-hivemq-platform] [hivemq-platform-operator] [30ded5b6] 20:45:26.297 [pool-6-thread-33] DEBUG c.h.p.o.dependants.PodInfoConfigMap - [helmplat] Desired PodInfo ConfigMap (1 extensions) (1 enabled)
2025-01-28 20:45:26,301 INFO c.h.h.t.HelmChartContainer - [hivemq-test-hivemq-platform] [hivemq-platform-operator] [30ded5b6] 20:45:26.297 [pool-6-thread-33] DEBUG c.h.p.o.dependants.PodInfoConfigMap - [helmplat] Desired PodInfo ConfigMap (metrics port: 9399) (metrics path: /)
2025-01-28 20:45:26,302 INFO c.h.h.t.HelmChartContainer - [hivemq-test-hivemq-platform] [hivemq-platform-operator] [30ded5b6] 20:45:26.297 [pool-6-thread-33] DEBUG c.h.p.o.dependants.PodInfoConfigMap - [helmplat] Desired PodInfo ConfigMap (extension state hash: -1817474005)
2025-01-28 20:45:26,308 INFO c.h.h.t.HelmChartContainer - [hivemq-test-hivemq-platform] [hivemq-platform-operator] [30ded5b6] 20:45:26.307 [pool-6-thread-37] DEBUG c.h.p.o.d.PodServiceAccountResource - [helmplat] Desired PodServiceAccountResource (serviceAccountName: hivemq-platform-pod-test-hivemq-platform)
2025-01-28 20:45:26,313 INFO c.h.h.t.HelmChartContainer - [hivemq-test-hivemq-platform] [hivemq-platform-operator] [30ded5b6] 20:45:26.312 [pool-6-thread-40] DEBUG c.h.p.o.d.StatefulSetResource - [helmplat] Desired StatefulSet (1 replicas) for status STARTING (READY)
2025-01-28 20:45:26,364 INFO c.h.h.t.HelmChartContainer - [EVENT] Normal [Created] Created container: hivemq-platform-operator-init [helmplatformtlsit:test-hivemq-platform-0]
2025-01-28 20:45:26,399 INFO c.h.h.t.HelmChartContainer - [hivemq-test-hivemq-platform] [hivemq-platform-operator] [30ded5b6] 20:45:26.397 [ReconcilerExecutor-hivemq-controller-87] INFO  c.h.p.o.HiveMQPlatformReconciler - [helmplat] Reconciling HiveMQ Platform 'test-hivemq-platform' in namespace 'helmplatformtlsit'
2025-01-28 20:45:26,400 INFO c.h.h.t.HelmChartContainer - [hivemq-test-hivemq-platform] [hivemq-platform-operator] [30ded5b6] 20:45:26.397 [ReconcilerExecutor-hivemq-controller-87] DEBUG c.h.p.o.HiveMQPlatformReconciler - [helmplat] Custom Resource Status STARTING - HiveMQ Platform is starting (READY)
2025-01-28 20:45:26,400 INFO c.h.h.t.HelmChartContainer - [hivemq-test-hivemq-platform] [hivemq-platform-operator] [30ded5b6] 20:45:26.397 [ReconcilerExecutor-hivemq-controller-87] DEBUG c.h.p.o.HiveMQPlatformReconciler - [helmplat] Custom Resource Spec (replicas: 1) (extensions: 1)
2025-01-28 20:45:26,404 INFO c.h.h.t.HelmChartContainer - [hivemq-test-hivemq-platform] [hivemq-platform-operator] [30ded5b6] 20:45:26.402 [ReconcilerExecutor-hivemq-controller-87] DEBUG c.h.p.o.HiveMQPlatformReconciler - [helmplat] StatefulSet Status (revision: test-hivemq-platform-7c789f5f8b, replicas: 1, available: 0, ready: 0, current: 1, updated: 1)
2025-01-28 20:45:26,406 INFO c.h.h.t.HelmChartContainer - [hivemq-test-hivemq-platform] [hivemq-platform-operator] [30ded5b6] 20:45:26.403 [ReconcilerExecutor-hivemq-controller-87] DEBUG c.h.p.o.HiveMQPlatformReconciler - [helmplat] StatefulSet Spec (replicas: 1, init containers: 1, containers: 1, volumes: 5)
2025-01-28 20:45:26,408 INFO c.h.h.t.HelmChartContainer - [EVENT] Normal [Started] Started container hivemq-platform-operator-init [helmplatformtlsit:test-hivemq-platform-0]
2025-01-28 20:45:26,409 INFO c.h.h.t.HelmChartContainer - [hivemq-test-hivemq-platform] [hivemq-platform-operator] [30ded5b6] 20:45:26.408 [ReconcilerExecutor-hivemq-controller-87] DEBUG c.h.p.o.h.HiveMQPlatformReconcilerErrorHandler - [helmplat] Pod 'test-hivemq-platform-0' phase Pending
2025-01-28 20:45:26,411 INFO c.h.h.t.HelmChartContainer - [hivemq-test-hivemq-platform] [hivemq-platform-operator] [30ded5b6] 20:45:26.408 [ReconcilerExecutor-hivemq-controller-87] DEBUG c.h.p.o.h.HiveMQPlatformReconcilerErrorHandler - [helmplat] Pod 'test-hivemq-platform-0' condition 'PodReadyToStartContainers': False
2025-01-28 20:45:26,411 INFO c.h.h.t.HelmChartContainer - [hivemq-test-hivemq-platform] [hivemq-platform-operator] [30ded5b6] 20:45:26.408 [ReconcilerExecutor-hivemq-controller-87] DEBUG c.h.p.o.h.HiveMQPlatformReconcilerErrorHandler - [helmplat] Pod 'test-hivemq-platform-0' condition 'Initialized': False
2025-01-28 20:45:26,411 INFO c.h.h.t.HelmChartContainer - [hivemq-test-hivemq-platform] [hivemq-platform-operator] [30ded5b6] 20:45:26.408 [ReconcilerExecutor-hivemq-controller-87] DEBUG c.h.p.o.h.HiveMQPlatformReconcilerErrorHandler - [helmplat] Pod 'test-hivemq-platform-0' condition 'Ready': False
2025-01-28 20:45:26,411 INFO c.h.h.t.HelmChartContainer - [hivemq-test-hivemq-platform] [hivemq-platform-operator] [30ded5b6] 20:45:26.408 [ReconcilerExecutor-hivemq-controller-87] DEBUG c.h.p.o.h.HiveMQPlatformReconcilerErrorHandler - [helmplat] Pod 'test-hivemq-platform-0' condition 'ContainersReady': False
2025-01-28 20:45:26,411 INFO c.h.h.t.HelmChartContainer - [hivemq-test-hivemq-platform] [hivemq-platform-operator] [30ded5b6] 20:45:26.408 [ReconcilerExecutor-hivemq-controller-87] DEBUG c.h.p.o.h.HiveMQPlatformReconcilerErrorHandler - [helmplat] Pod 'test-hivemq-platform-0' condition 'PodScheduled': True
2025-01-28 20:45:26,411 INFO c.h.h.t.HelmChartContainer - [hivemq-test-hivemq-platform] [hivemq-platform-operator] [30ded5b6] 20:45:26.409 [ReconcilerExecutor-hivemq-controller-87] DEBUG c.h.p.o.h.HiveMQPlatformReconcilerErrorHandler - [helmplat] Pod 'test-hivemq-platform-0' containerStatus 'hivemq' (started: false) (ready: false) (waiting: [PodInitializing] null)
2025-01-28 20:45:26,412 INFO c.h.h.t.HelmChartContainer - [hivemq-test-hivemq-platform] [hivemq-platform-operator] [30ded5b6] 20:45:26.411 [ReconcilerExecutor-hivemq-controller-87] INFO  c.h.p.o.h.HiveMQPlatformReconcilerBaseHandler - [helmplat] HiveMQ Platform is starting, 0 of 1 replicas are ready
2025-01-28 20:45:26,884 INFO c.h.h.t.HelmChartContainer - [EVENT] Normal [Pulled] Container image "docker.io/hivemq/hivemq4:4.36.0" already present on machine [helmplatformtlsit:test-hivemq-platform-0]
2025-01-28 20:45:26,885 INFO c.h.h.t.HelmChartContainer - Received Pulled event for container hivemq in pod test-hivemq-platform-0 [ad3590cb-3c39-4d4a-beeb-c41ddf277087]
2025-01-28 20:45:26,896 INFO c.h.h.t.HelmChartContainer - [POD] test-hivemq-platform-0 [ad3590cb-3c39-4d4a-beeb-c41ddf277087] in helmplatformtlsit was MODIFIED
2025-01-28 20:45:26,924 INFO c.h.h.t.HelmChartContainer - [hivemq-test-hivemq-platform] [hivemq-platform-operator] [30ded5b6] 20:45:26.906 [pool-6-thread-42] DEBUG c.h.p.o.d.PlatformServiceResource - [helmplat] Desired Platform services (4 services)
2025-01-28 20:45:26,924 INFO c.h.h.t.HelmChartContainer - [hivemq-test-hivemq-platform] [hivemq-platform-operator] [30ded5b6] 20:45:26.907 [pool-6-thread-43] DEBUG c.h.p.o.dependants.PodInfoConfigMap - [helmplat] Desired PodInfo ConfigMap (1 extensions) (1 enabled)
2025-01-28 20:45:26,924 INFO c.h.h.t.HelmChartContainer - [hivemq-test-hivemq-platform] [hivemq-platform-operator] [30ded5b6] 20:45:26.909 [pool-6-thread-43] DEBUG c.h.p.o.dependants.PodInfoConfigMap - [helmplat] Desired PodInfo ConfigMap (metrics port: 9399) (metrics path: /)
2025-01-28 20:45:26,925 INFO c.h.h.t.HelmChartContainer - [hivemq-test-hivemq-platform] [hivemq-platform-operator] [30ded5b6] 20:45:26.910 [pool-6-thread-43] DEBUG c.h.p.o.dependants.PodInfoConfigMap - [helmplat] Desired PodInfo ConfigMap (extension state hash: -1817474005)
2025-01-28 20:45:26,925 INFO c.h.h.t.HelmChartContainer - [hivemq-test-hivemq-platform] [hivemq-platform-operator] [30ded5b6] 20:45:26.914 [pool-6-thread-47] DEBUG c.h.p.o.d.PodServiceAccountResource - [helmplat] Desired PodServiceAccountResource (serviceAccountName: hivemq-platform-pod-test-hivemq-platform)
2025-01-28 20:45:26,926 INFO c.h.h.t.HelmChartContainer - [hivemq-test-hivemq-platform] [hivemq-platform-operator] [30ded5b6] 20:45:26.923 [pool-6-thread-49] DEBUG c.h.p.o.d.StatefulSetResource - [helmplat] Desired StatefulSet (1 replicas) for status STARTING (READY)
2025-01-28 20:45:27,004 INFO c.h.h.t.HelmChartContainer - [hivemq-test-hivemq-platform] [hivemq-platform-operator] [30ded5b6] 20:45:27.002 [ReconcilerExecutor-hivemq-controller-98] INFO  c.h.p.o.HiveMQPlatformReconciler - [helmplat] Reconciling HiveMQ Platform 'test-hivemq-platform' in namespace 'helmplatformtlsit'
2025-01-28 20:45:27,004 INFO c.h.h.t.HelmChartContainer - [hivemq-test-hivemq-platform] [hivemq-platform-operator] [30ded5b6] 20:45:27.002 [ReconcilerExecutor-hivemq-controller-98] DEBUG c.h.p.o.HiveMQPlatformReconciler - [helmplat] Custom Resource Status STARTING - HiveMQ Platform is starting (READY)
2025-01-28 20:45:27,004 INFO c.h.h.t.HelmChartContainer - [hivemq-test-hivemq-platform] [hivemq-platform-operator] [30ded5b6] 20:45:27.002 [ReconcilerExecutor-hivemq-controller-98] DEBUG c.h.p.o.HiveMQPlatformReconciler - [helmplat] Custom Resource Spec (replicas: 1) (extensions: 1)
2025-01-28 20:45:27,007 INFO c.h.h.t.HelmChartContainer - [hivemq-test-hivemq-platform] [hivemq-platform-operator] [30ded5b6] 20:45:27.006 [ReconcilerExecutor-hivemq-controller-98] DEBUG c.h.p.o.HiveMQPlatformReconciler - [helmplat] StatefulSet Status (revision: test-hivemq-platform-7c789f5f8b, replicas: 1, available: 0, ready: 0, current: 1, updated: 1)
2025-01-28 20:45:27,009 INFO c.h.h.t.HelmChartContainer - [hivemq-test-hivemq-platform] [hivemq-platform-operator] [30ded5b6] 20:45:27.006 [ReconcilerExecutor-hivemq-controller-98] DEBUG c.h.p.o.HiveMQPlatformReconciler - [helmplat] StatefulSet Spec (replicas: 1, init containers: 1, containers: 1, volumes: 5)
2025-01-28 20:45:27,012 INFO c.h.h.t.HelmChartContainer - [hivemq-test-hivemq-platform] [hivemq-platform-operator] [30ded5b6] 20:45:27.009 [ReconcilerExecutor-hivemq-controller-98] DEBUG c.h.p.o.h.HiveMQPlatformReconcilerErrorHandler - [helmplat] Pod 'test-hivemq-platform-0' phase Pending
2025-01-28 20:45:27,013 INFO c.h.h.t.HelmChartContainer - [hivemq-test-hivemq-platform] [hivemq-platform-operator] [30ded5b6] 20:45:27.009 [ReconcilerExecutor-hivemq-controller-98] DEBUG c.h.p.o.h.HiveMQPlatformReconcilerErrorHandler - [helmplat] Pod 'test-hivemq-platform-0' condition 'PodReadyToStartContainers': True
2025-01-28 20:45:27,013 INFO c.h.h.t.HelmChartContainer - [hivemq-test-hivemq-platform] [hivemq-platform-operator] [30ded5b6] 20:45:27.009 [ReconcilerExecutor-hivemq-controller-98] DEBUG c.h.p.o.h.HiveMQPlatformReconcilerErrorHandler - [helmplat] Pod 'test-hivemq-platform-0' condition 'Initialized': True
2025-01-28 20:45:27,013 INFO c.h.h.t.HelmChartContainer - [hivemq-test-hivemq-platform] [hivemq-platform-operator] [30ded5b6] 20:45:27.009 [ReconcilerExecutor-hivemq-controller-98] DEBUG c.h.p.o.h.HiveMQPlatformReconcilerErrorHandler - [helmplat] Pod 'test-hivemq-platform-0' condition 'Ready': False
2025-01-28 20:45:27,013 INFO c.h.h.t.HelmChartContainer - [hivemq-test-hivemq-platform] [hivemq-platform-operator] [30ded5b6] 20:45:27.009 [ReconcilerExecutor-hivemq-controller-98] DEBUG c.h.p.o.h.HiveMQPlatformReconcilerErrorHandler - [helmplat] Pod 'test-hivemq-platform-0' condition 'ContainersReady': False
2025-01-28 20:45:27,014 INFO c.h.h.t.HelmChartContainer - [hivemq-test-hivemq-platform] [hivemq-platform-operator] [30ded5b6] 20:45:27.009 [ReconcilerExecutor-hivemq-controller-98] DEBUG c.h.p.o.h.HiveMQPlatformReconcilerErrorHandler - [helmplat] Pod 'test-hivemq-platform-0' condition 'PodScheduled': True
2025-01-28 20:45:27,014 INFO c.h.h.t.HelmChartContainer - [hivemq-test-hivemq-platform] [hivemq-platform-operator] [30ded5b6] 20:45:27.009 [ReconcilerExecutor-hivemq-controller-98] DEBUG c.h.p.o.h.HiveMQPlatformReconcilerErrorHandler - [helmplat] Pod 'test-hivemq-platform-0' containerStatus 'hivemq' (started: false) (ready: false) (waiting: [PodInitializing] null)
2025-01-28 20:45:27,014 INFO c.h.h.t.HelmChartContainer - [hivemq-test-hivemq-platform] [hivemq-platform-operator] [30ded5b6] 20:45:27.012 [ReconcilerExecutor-hivemq-controller-98] INFO  c.h.p.o.h.HiveMQPlatformReconcilerBaseHandler - [helmplat] HiveMQ Platform is starting, 0 of 1 replicas are ready
2025-01-28 20:45:28,111 INFO c.h.h.t.HelmChartContainer - [EVENT] Normal [Created] Created container: hivemq [helmplatformtlsit:test-hivemq-platform-0]
2025-01-28 20:45:28,112 INFO c.h.h.t.HelmChartContainer - Received Created event for container hivemq in pod test-hivemq-platform-0 [ad3590cb-3c39-4d4a-beeb-c41ddf277087]
2025-01-28 20:45:28,895 INFO c.h.h.t.HelmChartContainer - [POD] test-hivemq-platform-0 [ad3590cb-3c39-4d4a-beeb-c41ddf277087] in helmplatformtlsit was MODIFIED
2025-01-28 20:45:28,909 INFO c.h.h.t.HelmChartContainer - [EVENT] Normal [Started] Started container hivemq [helmplatformtlsit:test-hivemq-platform-0]
2025-01-28 20:45:28,909 INFO c.h.h.t.HelmChartContainer - Received Started event for container hivemq in pod test-hivemq-platform-0 [ad3590cb-3c39-4d4a-beeb-c41ddf277087]
2025-01-28 20:45:28,909 INFO c.h.h.t.HelmChartContainer - Started log watcher for hivemq in pod test-hivemq-platform-0 [ad3590cb-3c39-4d4a-beeb-c41ddf277087]
2025-01-28 20:45:28,912 INFO c.h.h.t.HelmChartContainer - [test-hivemq-platform] [hivemq] [ad3590cb] Adding pre-installed HiveMQ Platform Operator extensions
2025-01-28 20:45:28,912 INFO c.h.h.t.HelmChartContainer - [test-hivemq-platform] [hivemq] [ad3590cb] Running as user 10000
2025-01-28 20:45:28,912 INFO c.h.h.t.HelmChartContainer - [test-hivemq-platform] [hivemq] [ad3590cb] Starting HiveMQ Platform Operator Init
2025-01-28 20:45:28,918 INFO c.h.h.t.HelmChartContainer - [hivemq-test-hivemq-platform] [hivemq-platform-operator] [30ded5b6] 20:45:28.913 [pool-6-thread-9] DEBUG c.h.p.o.d.PlatformServiceResource - [helmplat] Desired Platform services (4 services)
2025-01-28 20:45:28,919 INFO c.h.h.t.HelmChartContainer - [hivemq-test-hivemq-platform] [hivemq-platform-operator] [30ded5b6] 20:45:28.918 [pool-6-thread-8] DEBUG c.h.p.o.dependants.PodInfoConfigMap - [helmplat] Desired PodInfo ConfigMap (1 extensions) (1 enabled)
2025-01-28 20:45:28,919 INFO c.h.h.t.HelmChartContainer - [hivemq-test-hivemq-platform] [hivemq-platform-operator] [30ded5b6] 20:45:28.918 [pool-6-thread-8] DEBUG c.h.p.o.dependants.PodInfoConfigMap - [helmplat] Desired PodInfo ConfigMap (metrics port: 9399) (metrics path: /)
2025-01-28 20:45:28,919 INFO c.h.h.t.HelmChartContainer - [hivemq-test-hivemq-platform] [hivemq-platform-operator] [30ded5b6] 20:45:28.918 [pool-6-thread-8] DEBUG c.h.p.o.dependants.PodInfoConfigMap - [helmplat] Desired PodInfo ConfigMap (extension state hash: -1817474005)
2025-01-28 20:45:28,931 INFO c.h.h.t.HelmChartContainer - [hivemq-test-hivemq-platform] [hivemq-platform-operator] [30ded5b6] 20:45:28.928 [pool-6-thread-5] DEBUG c.h.p.o.d.PodServiceAccountResource - [helmplat] Desired PodServiceAccountResource (serviceAccountName: hivemq-platform-pod-test-hivemq-platform)
2025-01-28 20:45:28,998 INFO c.h.h.t.HelmChartContainer - [hivemq-test-hivemq-platform] [hivemq-platform-operator] [30ded5b6] 20:45:28.996 [pool-6-thread-9] DEBUG c.h.p.o.d.StatefulSetResource - [helmplat] Desired StatefulSet (1 replicas) for status STARTING (READY)
2025-01-28 20:45:29,003 INFO c.h.h.t.HelmChartContainer - [hivemq-test-hivemq-platform] [hivemq-platform-operator] [30ded5b6] 20:45:29.001 [ReconcilerExecutor-hivemq-controller-109] INFO  c.h.p.o.HiveMQPlatformReconciler - [helmplat] Reconciling HiveMQ Platform 'test-hivemq-platform' in namespace 'helmplatformtlsit'
2025-01-28 20:45:29,008 INFO c.h.h.t.HelmChartContainer - [hivemq-test-hivemq-platform] [hivemq-platform-operator] [30ded5b6] 20:45:29.001 [ReconcilerExecutor-hivemq-controller-109] DEBUG c.h.p.o.HiveMQPlatformReconciler - [helmplat] Custom Resource Status STARTING - HiveMQ Platform is starting (READY)
2025-01-28 20:45:29,008 INFO c.h.h.t.HelmChartContainer - [hivemq-test-hivemq-platform] [hivemq-platform-operator] [30ded5b6] 20:45:29.001 [ReconcilerExecutor-hivemq-controller-109] DEBUG c.h.p.o.HiveMQPlatformReconciler - [helmplat] Custom Resource Spec (replicas: 1) (extensions: 1)
2025-01-28 20:45:29,008 INFO c.h.h.t.HelmChartContainer - [hivemq-test-hivemq-platform] [hivemq-platform-operator] [30ded5b6] 20:45:29.007 [ReconcilerExecutor-hivemq-controller-109] DEBUG c.h.p.o.HiveMQPlatformReconciler - [helmplat] StatefulSet Status (revision: test-hivemq-platform-7c789f5f8b, replicas: 1, available: 0, ready: 0, current: 1, updated: 1)
2025-01-28 20:45:29,008 INFO c.h.h.t.HelmChartContainer - [hivemq-test-hivemq-platform] [hivemq-platform-operator] [30ded5b6] 20:45:29.007 [ReconcilerExecutor-hivemq-controller-109] DEBUG c.h.p.o.HiveMQPlatformReconciler - [helmplat] StatefulSet Spec (replicas: 1, init containers: 1, containers: 1, volumes: 5)
2025-01-28 20:45:29,010 INFO c.h.h.t.HelmChartContainer - [hivemq-test-hivemq-platform] [hivemq-platform-operator] [30ded5b6] 20:45:29.010 [ReconcilerExecutor-hivemq-controller-109] DEBUG c.h.p.o.h.HiveMQPlatformReconcilerErrorHandler - [helmplat] Pod 'test-hivemq-platform-0' phase Running
2025-01-28 20:45:29,056 INFO c.h.h.t.HelmChartContainer - [hivemq-test-hivemq-platform] [hivemq-platform-operator] [30ded5b6] 20:45:29.056 [ReconcilerExecutor-hivemq-controller-109] INFO  c.h.p.o.h.HiveMQPlatformReconcilerBaseHandler - [helmplat] HiveMQ Platform is starting, 0 of 1 replicas are ready
2025-01-28 20:45:29,315 INFO c.h.h.t.HelmChartContainer - [test-hivemq-platform] [hivemq] [ad3590cb] INFO  - [HiveMQ Platform Operator Init 1.7.0-SNAPSHOT] HiveMQ Platform Operator Init 1.7.0-SNAPSHOT (commit: bebf408 on branch: HEAD) built on Sun Jan 26 20:47:47 UTC 2025
2025-01-28 20:45:30,440 INFO c.h.h.t.HelmChartContainer - [test-hivemq-platform] [hivemq] [ad3590cb] INFO  - [HiveMQ Platform Operator Init App 1.7.0-SNAPSHOT] Using bind address 10.42.0.11 from environment variable
2025-01-28 20:45:31,330 INFO c.h.h.t.HelmChartContainer - [test-hivemq-platform] [hivemq] [ad3590cb] INFO  - [HiveMQ Platform Operator Init App 1.7.0-SNAPSHOT] HiveMQ Platform Operator Init App 1.7.0-SNAPSHOT (commit: bebf408 on branch: HEAD) built on Sun Jan 26 20:47:47 UTC 2025
2025-01-28 20:45:31,332 INFO c.h.h.t.HelmChartContainer - [test-hivemq-platform] [hivemq] [ad3590cb] INFO  - [HiveMQ Platform Operator Init App 1.7.0-SNAPSHOT] PodInfo ConfigMap directory: /etc/podinfo
2025-01-28 20:45:31,332 INFO c.h.h.t.HelmChartContainer - [test-hivemq-platform] [hivemq] [ad3590cb] INFO  - [HiveMQ Platform Operator Init App 1.7.0-SNAPSHOT] HiveMQ home directory: /opt/hivemq
2025-01-28 20:45:31,332 INFO c.h.h.t.HelmChartContainer - [test-hivemq-platform] [hivemq] [ad3590cb] INFO  - [HiveMQ Platform Operator Init App 1.7.0-SNAPSHOT] HiveMQ Logback folder: /opt/hivemq/conf
2025-01-28 20:45:31,332 INFO c.h.h.t.HelmChartContainer - [test-hivemq-platform] [hivemq] [ad3590cb] INFO  - [HiveMQ Platform Operator Init App 1.7.0-SNAPSHOT] HiveMQ Config folder: /opt/hivemq/conf-k8s
2025-01-28 20:45:31,332 INFO c.h.h.t.HelmChartContainer - [test-hivemq-platform] [hivemq] [ad3590cb] INFO  - [HiveMQ Platform Operator Init App 1.7.0-SNAPSHOT] Starting HiveMQ Platform Operator Init App
2025-01-28 20:45:31,332 INFO c.h.h.t.HelmChartContainer - [test-hivemq-platform] [hivemq] [ad3590cb] INFO  - [HiveMQ Platform Operator Init App 1.7.0-SNAPSHOT] Starting Pod reconciler
2025-01-28 20:45:32,510 INFO c.h.h.t.HelmChartContainer - [test-hivemq-platform] [hivemq] [ad3590cb] INFO  - [HiveMQ Platform Operator Init App 1.7.0-SNAPSHOT] Pod reconciler is scheduled (interval: 5000 ms)
2025-01-28 20:45:32,511 INFO c.h.h.t.HelmChartContainer - [test-hivemq-platform] [hivemq] [ad3590cb] INFO  - [HiveMQ Platform Operator Init App 1.7.0-SNAPSHOT] Starting the REST API on 10.42.0.11:7979
2025-01-28 20:45:32,513 INFO c.h.h.t.HelmChartContainer - [test-hivemq-platform] [hivemq] [ad3590cb] INFO  - [HiveMQ Platform Operator Init App 1.7.0-SNAPSHOT] Waiting up to 600s for at most 1 HiveMQ nodes in cluster service hivemq-test-hivemq-platform-cluster.helmplatformtlsit.svc
2025-01-28 20:45:32,648 INFO c.h.h.t.HelmChartContainer - [K3S] [INFO] COMPACT compactRev=0 targetCompactRev=2 currentRev=1138
2025-01-28 20:45:32,648 INFO c.h.h.t.HelmChartContainer - [K3S] [INFO] COMPACT deleted 0 rows from 2 revisions in 413.24µs - compacted to 2/1138
2025-01-28 20:45:32,648 INFO c.h.h.t.HelmChartContainer - [K3S] [INFO] COMPACT compacted from 0 to 2 in 1 transactions over 1ms
2025-01-28 20:45:32,909 INFO c.h.h.t.HelmChartContainer - [test-hivemq-platform] [hivemq] [ad3590cb] INFO  - [HiveMQ Platform Operator Init App 1.7.0-SNAPSHOT] Resolved 1 IP addresses: [10.42.0.11]
2025-01-28 20:45:32,909 INFO c.h.h.t.HelmChartContainer - [test-hivemq-platform] [hivemq] [ad3590cb] INFO  - [HiveMQ Platform Operator Init App 1.7.0-SNAPSHOT] HiveMQ node count of 1 is within threshold of 1
2025-01-28 20:45:32,909 INFO c.h.h.t.HelmChartContainer - [test-hivemq-platform] [hivemq] [ad3590cb] INFO  - [HiveMQ Platform Operator Init App 1.7.0-SNAPSHOT] Proceeding with container start
2025-01-28 20:45:33,007 INFO c.h.h.t.HelmChartContainer - [test-hivemq-platform] [hivemq] [ad3590cb] INFO  - [HiveMQ Platform Operator Init App 1.7.0-SNAPSHOT] Initializing HiveMQ Platform extensions with initial configuration: {hivemq-allow-all-extension={start-priority=-1, skip-https-hostname-verification=false, restart=true, config-version=0, header-version=0, c-uri=, priority=-1, uri=preinstalled, skip-https-certificate-validation=false, enabled=true}, hivemq-prometheus-extension={restart=true, priority=-1, start-priority=-1, c-uri=, skip-https-hostname-verification=false, skip-https-certificate-validation=false, uri=preinstalled, request-header-path=no-request-headers, enabled=true}}
2025-01-28 20:45:33,412 INFO c.h.h.t.HelmChartContainer - [test-hivemq-platform] [hivemq] [ad3590cb] INFO  - [HiveMQ Platform Operator Init App 1.7.0-SNAPSHOT] Extension hivemq-allow-all-extension was already enabled
2025-01-28 20:45:33,420 INFO c.h.h.t.HelmChartContainer - [test-hivemq-platform] [hivemq] [ad3590cb] INFO  - [HiveMQ Platform Operator Init App 1.7.0-SNAPSHOT] Successfully enabled extension hivemq-prometheus-extension
2025-01-28 20:45:33,421 INFO c.h.h.t.HelmChartContainer - [test-hivemq-platform] [hivemq] [ad3590cb] INFO  - [HiveMQ Platform Operator Init App 1.7.0-SNAPSHOT] Starting HiveMQ Platform version 4.36.0 (4.36.0)
2025-01-28 20:45:33,422 INFO c.h.h.t.HelmChartContainer - [test-hivemq-platform] [hivemq] [ad3590cb] INFO  - [HiveMQ Platform Operator Init App 1.7.0-SNAPSHOT] Configuring the HiveMQ Platform
2025-01-28 20:45:33,507 INFO c.h.h.t.HelmChartContainer - [test-hivemq-platform] [hivemq] [ad3590cb] INFO  - [HiveMQ Platform Operator Init App 1.7.0-SNAPSHOT] Changed logback.xml file scan period to 20 seconds
2025-01-28 20:45:33,518 INFO c.h.h.t.HelmChartContainer - [test-hivemq-platform] [hivemq] [ad3590cb] INFO  - [HiveMQ Platform Operator Init App 1.7.0-SNAPSHOT] Starting the HiveMQ Platform
2025-01-28 20:45:33,605 INFO c.h.h.t.HelmChartContainer - [test-hivemq-platform] [hivemq] [ad3590cb] -------------------------------------------------------------------------
2025-01-28 20:45:33,605 INFO c.h.h.t.HelmChartContainer - [test-hivemq-platform] [hivemq] [ad3590cb] 
2025-01-28 20:45:33,605 INFO c.h.h.t.HelmChartContainer - [test-hivemq-platform] [hivemq] [ad3590cb]                   _    _  _              __  __   ____
2025-01-28 20:45:33,606 INFO c.h.h.t.HelmChartContainer - [test-hivemq-platform] [hivemq] [ad3590cb]                  | |  | |(_)            |  \/  | / __ \
2025-01-28 20:45:33,606 INFO c.h.h.t.HelmChartContainer - [test-hivemq-platform] [hivemq] [ad3590cb]                  | |__| | _ __   __ ___ | \  / || |  | |
2025-01-28 20:45:33,606 INFO c.h.h.t.HelmChartContainer - [test-hivemq-platform] [hivemq] [ad3590cb]                  |  __  || |\ \ / // _ \| |\/| || |  | |
2025-01-28 20:45:33,606 INFO c.h.h.t.HelmChartContainer - [test-hivemq-platform] [hivemq] [ad3590cb]                  | |  | || | \ V /|  __/| |  | || |__| |
2025-01-28 20:45:33,606 INFO c.h.h.t.HelmChartContainer - [test-hivemq-platform] [hivemq] [ad3590cb]                  |_|  |_||_|  \_/  \___||_|  |_| \___\_\
2025-01-28 20:45:33,606 INFO c.h.h.t.HelmChartContainer - [test-hivemq-platform] [hivemq] [ad3590cb] 
2025-01-28 20:45:33,606 INFO c.h.h.t.HelmChartContainer - [test-hivemq-platform] [hivemq] [ad3590cb] -------------------------------------------------------------------------
2025-01-28 20:45:33,606 INFO c.h.h.t.HelmChartContainer - [test-hivemq-platform] [hivemq] [ad3590cb] 
2025-01-28 20:45:33,606 INFO c.h.h.t.HelmChartContainer - [test-hivemq-platform] [hivemq] [ad3590cb]   HiveMQ Start Script for Linux/Unix v1.14
2025-01-28 20:45:33,606 INFO c.h.h.t.HelmChartContainer - [test-hivemq-platform] [hivemq] [ad3590cb] 
2025-01-28 20:45:33,708 INFO c.h.h.t.HelmChartContainer - [test-hivemq-platform] [hivemq] [ad3590cb] -------------------------------------------------------------------------
2025-01-28 20:45:33,708 INFO c.h.h.t.HelmChartContainer - [test-hivemq-platform] [hivemq] [ad3590cb] 
2025-01-28 20:45:33,708 INFO c.h.h.t.HelmChartContainer - [test-hivemq-platform] [hivemq] [ad3590cb]   HIVEMQ_HOME: /opt/hivemq
2025-01-28 20:45:33,708 INFO c.h.h.t.HelmChartContainer - [test-hivemq-platform] [hivemq] [ad3590cb] 
2025-01-28 20:45:33,708 INFO c.h.h.t.HelmChartContainer - [test-hivemq-platform] [hivemq] [ad3590cb]   JAVA_OPTS: -XX:+UnlockExperimentalVMOptions -XX:InitialRAMPercentage=50 -XX:MaxRAMPercentage=50 -Djava.net.preferIPv4Stack=true --add-opens java.base/java.lang=ALL-UNNAMED --add-opens java.base/java.nio=ALL-UNNAMED --add-opens java.base/sun.nio.ch=ALL-UNNAMED --add-opens jdk.management/com.sun.management.internal=ALL-UNNAMED --add-exports java.base/jdk.internal.misc=ALL-UNNAMED -Djava.security.egd=file:/dev/./urandom -Dcom.sun.management.jmxremote -Dcom.sun.management.jmxremote.port=9010 -Dcom.sun.management.jmxremote.local.only=false -Dcom.sun.management.jmxremote.authenticate=false -Dcom.sun.management.jmxremote.ssl=false -Duser.language=en -Duser.region=US -XX:+CrashOnOutOfMemoryError -XX:+HeapDumpOnOutOfMemoryError
2025-01-28 20:45:33,708 INFO c.h.h.t.HelmChartContainer - [test-hivemq-platform] [hivemq] [ad3590cb] 
2025-01-28 20:45:33,708 INFO c.h.h.t.HelmChartContainer - [test-hivemq-platform] [hivemq] [ad3590cb]   JAVA_VERSION: 21
2025-01-28 20:45:33,708 INFO c.h.h.t.HelmChartContainer - [test-hivemq-platform] [hivemq] [ad3590cb] 
2025-01-28 20:45:33,708 INFO c.h.h.t.HelmChartContainer - [test-hivemq-platform] [hivemq] [ad3590cb] -------------------------------------------------------------------------
2025-01-28 20:45:33,708 INFO c.h.h.t.HelmChartContainer - [test-hivemq-platform] [hivemq] [ad3590cb] 
2025-01-28 20:45:34,914 INFO c.h.h.t.HelmChartContainer - [test-hivemq-platform] [hivemq] [ad3590cb] INFO  - [HiveMQ Platform Operator Init App 1.7.0-SNAPSHOT] Returning default Health API response 503 for readiness
2025-01-28 20:45:35,311 INFO c.h.h.t.HelmChartContainer - [EVENT] Warning [Unhealthy] Readiness probe failed: HTTP probe failed with statuscode: 503 [helmplatformtlsit:test-hivemq-platform-0]
2025-01-28 20:45:35,311 INFO c.h.h.t.HelmChartContainer - Received Unhealthy event for container hivemq in pod test-hivemq-platform-0 [ad3590cb-3c39-4d4a-beeb-c41ddf277087]
2025-01-28 20:45:35,432 INFO c.h.h.t.HelmChartContainer - [K3S] [info.go:53] Couldn't collect info from any of the files in "/etc/machine-id,/var/lib/dbus/machine-id"
2025-01-28 20:45:36,318 INFO c.h.h.t.HelmChartContainer - [test-hivemq-platform] [hivemq] [ad3590cb] INFO  - Starting HiveMQ Enterprise Server
2025-01-28 20:45:36,404 INFO c.h.h.t.HelmChartContainer - [test-hivemq-platform] [hivemq] [ad3590cb] INFO  - HiveMQ version: 4.36.0
2025-01-28 20:45:36,404 INFO c.h.h.t.HelmChartContainer - [test-hivemq-platform] [hivemq] [ad3590cb] INFO  - HiveMQ home directory: /opt/hivemq
2025-01-28 20:45:36,405 INFO c.h.h.t.HelmChartContainer - [test-hivemq-platform] [hivemq] [ad3590cb] INFO  - Log Configuration was overridden by /opt/hivemq/conf/logback.xml
2025-01-28 20:45:37,618 INFO c.h.h.t.HelmChartContainer - [test-hivemq-platform] [hivemq] [ad3590cb] INFO  - Successfully loaded configuration from '/opt/hivemq/conf-k8s/config.xml'.
2025-01-28 20:45:38,305 INFO c.h.h.t.HelmChartContainer - [test-hivemq-platform] [hivemq] [ad3590cb] INFO  - This node's ID is 5YaJM
2025-01-28 20:45:38,306 INFO c.h.h.t.HelmChartContainer - [test-hivemq-platform] [hivemq] [ad3590cb] INFO  - Clustering is enabled
2025-01-28 20:45:39,066 INFO c.h.h.t.HelmChartContainer - [hivemq-test-hivemq-platform] [hivemq-platform-operator] [30ded5b6] 20:45:39.061 [pool-6-thread-16] DEBUG c.h.p.o.d.PlatformServiceResource - [helmplat] Desired Platform services (4 services)
2025-01-28 20:45:39,066 INFO c.h.h.t.HelmChartContainer - [hivemq-test-hivemq-platform] [hivemq-platform-operator] [30ded5b6] 20:45:39.062 [pool-6-thread-17] DEBUG c.h.p.o.dependants.PodInfoConfigMap - [helmplat] Desired PodInfo ConfigMap (1 extensions) (1 enabled)
2025-01-28 20:45:39,066 INFO c.h.h.t.HelmChartContainer - [hivemq-test-hivemq-platform] [hivemq-platform-operator] [30ded5b6] 20:45:39.063 [pool-6-thread-17] DEBUG c.h.p.o.dependants.PodInfoConfigMap - [helmplat] Desired PodInfo ConfigMap (metrics port: 9399) (metrics path: /)
2025-01-28 20:45:39,066 INFO c.h.h.t.HelmChartContainer - [hivemq-test-hivemq-platform] [hivemq-platform-operator] [30ded5b6] 20:45:39.063 [pool-6-thread-17] DEBUG c.h.p.o.dependants.PodInfoConfigMap - [helmplat] Desired PodInfo ConfigMap (extension state hash: -1817474005)
2025-01-28 20:45:39,066 INFO c.h.h.t.HelmChartContainer - [hivemq-test-hivemq-platform] [hivemq-platform-operator] [30ded5b6] 20:45:39.064 [pool-6-thread-17] DEBUG c.h.p.o.d.PodServiceAccountResource - [helmplat] Desired PodServiceAccountResource (serviceAccountName: hivemq-platform-pod-test-hivemq-platform)
2025-01-28 20:45:39,070 INFO c.h.h.t.HelmChartContainer - [hivemq-test-hivemq-platform] [hivemq-platform-operator] [30ded5b6] 20:45:39.069 [pool-6-thread-14] DEBUG c.h.p.o.d.StatefulSetResource - [helmplat] Desired StatefulSet (1 replicas) for status STARTING (READY)
2025-01-28 20:45:39,157 INFO c.h.h.t.HelmChartContainer - [hivemq-test-hivemq-platform] [hivemq-platform-operator] [30ded5b6] 20:45:39.155 [ReconcilerExecutor-hivemq-controller-110] INFO  c.h.p.o.HiveMQPlatformReconciler - [helmplat] Reconciling HiveMQ Platform 'test-hivemq-platform' in namespace 'helmplatformtlsit'
2025-01-28 20:45:39,163 INFO c.h.h.t.HelmChartContainer - [hivemq-test-hivemq-platform] [hivemq-platform-operator] [30ded5b6] 20:45:39.156 [ReconcilerExecutor-hivemq-controller-110] DEBUG c.h.p.o.HiveMQPlatformReconciler - [helmplat] Custom Resource Status STARTING - HiveMQ Platform is starting (READY)
2025-01-28 20:45:39,164 INFO c.h.h.t.HelmChartContainer - [hivemq-test-hivemq-platform] [hivemq-platform-operator] [30ded5b6] 20:45:39.156 [ReconcilerExecutor-hivemq-controller-110] DEBUG c.h.p.o.HiveMQPlatformReconciler - [helmplat] Custom Resource Spec (replicas: 1) (extensions: 1)
2025-01-28 20:45:39,164 INFO c.h.h.t.HelmChartContainer - [hivemq-test-hivemq-platform] [hivemq-platform-operator] [30ded5b6] 20:45:39.160 [ReconcilerExecutor-hivemq-controller-110] DEBUG c.h.p.o.HiveMQPlatformReconciler - [helmplat] StatefulSet Status (revision: test-hivemq-platform-7c789f5f8b, replicas: 1, available: 0, ready: 0, current: 1, updated: 1)
2025-01-28 20:45:39,164 INFO c.h.h.t.HelmChartContainer - [hivemq-test-hivemq-platform] [hivemq-platform-operator] [30ded5b6] 20:45:39.160 [ReconcilerExecutor-hivemq-controller-110] DEBUG c.h.p.o.HiveMQPlatformReconciler - [helmplat] StatefulSet Spec (replicas: 1, init containers: 1, containers: 1, volumes: 5)
2025-01-28 20:45:39,165 INFO c.h.h.t.HelmChartContainer - [hivemq-test-hivemq-platform] [hivemq-platform-operator] [30ded5b6] 20:45:39.162 [ReconcilerExecutor-hivemq-controller-110] DEBUG c.h.p.o.h.HiveMQPlatformReconcilerErrorHandler - [helmplat] Pod 'test-hivemq-platform-0' phase Running
2025-01-28 20:45:39,165 INFO c.h.h.t.HelmChartContainer - [hivemq-test-hivemq-platform] [hivemq-platform-operator] [30ded5b6] 20:45:39.164 [ReconcilerExecutor-hivemq-controller-110] INFO  c.h.p.o.h.HiveMQPlatformReconcilerBaseHandler - [helmplat] HiveMQ Platform is starting, 0 of 1 replicas are ready
2025-01-28 20:45:40,306 INFO c.h.h.t.HelmChartContainer - [test-hivemq-platform] [hivemq] [ad3590cb] WARN  - [HiveMQ Platform Operator Init App 1.7.0-SNAPSHOT] Cannot connect to Health API for readiness: null
2025-01-28 20:45:40,314 INFO c.h.h.t.HelmChartContainer - [EVENT] Warning [Unhealthy] Readiness probe failed: HTTP probe failed with statuscode: 503 [helmplatformtlsit:test-hivemq-platform-0]
2025-01-28 20:45:40,314 INFO c.h.h.t.HelmChartContainer - Received Unhealthy event for container hivemq in pod test-hivemq-platform-0 [ad3590cb-3c39-4d4a-beeb-c41ddf277087]
2025-01-28 20:45:42,816 INFO c.h.h.t.HelmChartContainer - [test-hivemq-platform] [hivemq] [ad3590cb] Jan 28, 2025 8:45:42 PM io.vertx.core.impl.BlockedThreadChecker
2025-01-28 20:45:42,817 INFO c.h.h.t.HelmChartContainer - [test-hivemq-platform] [hivemq] [ad3590cb] WARNING: Thread Thread[vert.x-eventloop-thread-1,5,main] has been blocked for 2500 ms, time limit is 2000 ms
2025-01-28 20:45:43,213 INFO c.h.h.t.HelmChartContainer - [test-hivemq-platform] [hivemq] [ad3590cb] INFO  - [HiveMQ Platform Operator Init App 1.7.0-SNAPSHOT] Updating Pod HiveMQ Platform Operator Init App version annotation (version: 1.7.0-SNAPSHOT)
2025-01-28 20:45:44,208 INFO c.h.h.t.HelmChartContainer - [POD] test-hivemq-platform-0 [ad3590cb-3c39-4d4a-beeb-c41ddf277087] in helmplatformtlsit was MODIFIED
2025-01-28 20:45:44,221 INFO c.h.h.t.HelmChartContainer - [hivemq-test-hivemq-platform] [hivemq-platform-operator] [30ded5b6] 20:45:44.219 [pool-6-thread-26] DEBUG c.h.p.o.d.PlatformServiceResource - [helmplat] Desired Platform services (4 services)
2025-01-28 20:45:44,222 INFO c.h.h.t.HelmChartContainer - [hivemq-test-hivemq-platform] [hivemq-platform-operator] [30ded5b6] 20:45:44.222 [pool-6-thread-27] DEBUG c.h.p.o.dependants.PodInfoConfigMap - [helmplat] Desired PodInfo ConfigMap (1 extensions) (1 enabled)
2025-01-28 20:45:44,224 INFO c.h.h.t.HelmChartContainer - [hivemq-test-hivemq-platform] [hivemq-platform-operator] [30ded5b6] 20:45:44.223 [pool-6-thread-27] DEBUG c.h.p.o.dependants.PodInfoConfigMap - [helmplat] Desired PodInfo ConfigMap (metrics port: 9399) (metrics path: /)
2025-01-28 20:45:44,224 INFO c.h.h.t.HelmChartContainer - [hivemq-test-hivemq-platform] [hivemq-platform-operator] [30ded5b6] 20:45:44.223 [pool-6-thread-27] DEBUG c.h.p.o.dependants.PodInfoConfigMap - [helmplat] Desired PodInfo ConfigMap (extension state hash: -1817474005)
2025-01-28 20:45:44,226 INFO c.h.h.t.HelmChartContainer - [hivemq-test-hivemq-platform] [hivemq-platform-operator] [30ded5b6] 20:45:44.225 [pool-6-thread-24] DEBUG c.h.p.o.d.PodServiceAccountResource - [helmplat] Desired PodServiceAccountResource (serviceAccountName: hivemq-platform-pod-test-hivemq-platform)
2025-01-28 20:45:44,229 INFO c.h.h.t.HelmChartContainer - [hivemq-test-hivemq-platform] [hivemq-platform-operator] [30ded5b6] 20:45:44.228 [pool-6-thread-21] DEBUG c.h.p.o.d.StatefulSetResource - [helmplat] Desired StatefulSet (1 replicas) for status STARTING (READY)
2025-01-28 20:45:44,233 INFO c.h.h.t.HelmChartContainer - [hivemq-test-hivemq-platform] [hivemq-platform-operator] [30ded5b6] 20:45:44.233 [ReconcilerExecutor-hivemq-controller-111] INFO  c.h.p.o.HiveMQPlatformReconciler - [helmplat] Reconciling HiveMQ Platform 'test-hivemq-platform' in namespace 'helmplatformtlsit'
2025-01-28 20:45:44,234 INFO c.h.h.t.HelmChartContainer - [hivemq-test-hivemq-platform] [hivemq-platform-operator] [30ded5b6] 20:45:44.233 [ReconcilerExecutor-hivemq-controller-111] DEBUG c.h.p.o.HiveMQPlatformReconciler - [helmplat] Custom Resource Status STARTING - HiveMQ Platform is starting (READY)
2025-01-28 20:45:44,234 INFO c.h.h.t.HelmChartContainer - [hivemq-test-hivemq-platform] [hivemq-platform-operator] [30ded5b6] 20:45:44.233 [ReconcilerExecutor-hivemq-controller-111] DEBUG c.h.p.o.HiveMQPlatformReconciler - [helmplat] Custom Resource Spec (replicas: 1) (extensions: 1)
2025-01-28 20:45:44,297 INFO c.h.h.t.HelmChartContainer - [hivemq-test-hivemq-platform] [hivemq-platform-operator] [30ded5b6] 20:45:44.296 [ReconcilerExecutor-hivemq-controller-111] DEBUG c.h.p.o.HiveMQPlatformReconciler - [helmplat] StatefulSet Status (revision: test-hivemq-platform-7c789f5f8b, replicas: 1, available: 0, ready: 0, current: 1, updated: 1)
2025-01-28 20:45:44,299 INFO c.h.h.t.HelmChartContainer - [hivemq-test-hivemq-platform] [hivemq-platform-operator] [30ded5b6] 20:45:44.296 [ReconcilerExecutor-hivemq-controller-111] DEBUG c.h.p.o.HiveMQPlatformReconciler - [helmplat] StatefulSet Spec (replicas: 1, init containers: 1, containers: 1, volumes: 5)
2025-01-28 20:45:44,299 INFO c.h.h.t.HelmChartContainer - [hivemq-test-hivemq-platform] [hivemq-platform-operator] [30ded5b6] 20:45:44.298 [ReconcilerExecutor-hivemq-controller-111] DEBUG c.h.p.o.h.HiveMQPlatformReconcilerErrorHandler - [helmplat] Pod 'test-hivemq-platform-0' phase Running
2025-01-28 20:45:44,300 INFO c.h.h.t.HelmChartContainer - [hivemq-test-hivemq-platform] [hivemq-platform-operator] [30ded5b6] 20:45:44.298 [ReconcilerExecutor-hivemq-controller-111] INFO  c.h.p.o.h.HiveMQPlatformReconcilerBaseHandler - [helmplat] HiveMQ Platform is starting, 0 of 1 replicas are ready
2025-01-28 20:45:44,310 INFO c.h.h.t.HelmChartContainer - [test-hivemq-platform] [hivemq] [ad3590cb] INFO  - [HiveMQ Platform Operator Init App 1.7.0-SNAPSHOT] Successfully updated Pod HiveMQ Platform Operator Init App version annotation (version: 1.7.0-SNAPSHOT)
2025-01-28 20:45:44,313 INFO c.h.h.t.HelmChartContainer - [test-hivemq-platform] [hivemq] [ad3590cb] WARN  - [HiveMQ Platform Operator Init App 1.7.0-SNAPSHOT] Cannot connect to Health API for readiness: null
2025-01-28 20:45:44,319 INFO c.h.h.t.HelmChartContainer - [EVENT] Warning [Unhealthy] Readiness probe failed: HTTP probe failed with statuscode: 503 [helmplatformtlsit:test-hivemq-platform-0]
2025-01-28 20:45:44,319 INFO c.h.h.t.HelmChartContainer - Received Unhealthy event for container hivemq in pod test-hivemq-platform-0 [ad3590cb-3c39-4d4a-beeb-c41ddf277087]
2025-01-28 20:45:49,211 INFO c.h.h.t.HelmChartContainer - [test-hivemq-platform] [hivemq] [ad3590cb] WARN  - [HiveMQ Platform Operator Init App 1.7.0-SNAPSHOT] Cannot connect to Health API for readiness: null
2025-01-28 20:45:49,216 INFO c.h.h.t.HelmChartContainer - [EVENT] Warning [Unhealthy] Readiness probe failed: HTTP probe failed with statuscode: 503 [helmplatformtlsit:test-hivemq-platform-0]
2025-01-28 20:45:49,216 INFO c.h.h.t.HelmChartContainer - Received Unhealthy event for container hivemq in pod test-hivemq-platform-0 [ad3590cb-3c39-4d4a-beeb-c41ddf277087]
2025-01-28 20:45:54,216 INFO c.h.h.t.HelmChartContainer - [test-hivemq-platform] [hivemq] [ad3590cb] WARN  - [HiveMQ Platform Operator Init App 1.7.0-SNAPSHOT] Cannot connect to Health API for readiness: null
2025-01-28 20:45:54,222 INFO c.h.h.t.HelmChartContainer - [EVENT] Warning [Unhealthy] Readiness probe failed: HTTP probe failed with statuscode: 503 [helmplatformtlsit:test-hivemq-platform-0]
2025-01-28 20:45:54,222 INFO c.h.h.t.HelmChartContainer - Received Unhealthy event for container hivemq in pod test-hivemq-platform-0 [ad3590cb-3c39-4d4a-beeb-c41ddf277087]
2025-01-28 20:45:54,309 INFO c.h.h.t.HelmChartContainer - [hivemq-test-hivemq-platform] [hivemq-platform-operator] [30ded5b6] 20:45:54.304 [pool-6-thread-37] DEBUG c.h.p.o.d.PlatformServiceResource - [helmplat] Desired Platform services (4 services)
2025-01-28 20:45:54,309 INFO c.h.h.t.HelmChartContainer - [hivemq-test-hivemq-platform] [hivemq-platform-operator] [30ded5b6] 20:45:54.306 [pool-6-thread-35] DEBUG c.h.p.o.d.PodServiceAccountResource - [helmplat] Desired PodServiceAccountResource (serviceAccountName: hivemq-platform-pod-test-hivemq-platform)
2025-01-28 20:45:54,309 INFO c.h.h.t.HelmChartContainer - [hivemq-test-hivemq-platform] [hivemq-platform-operator] [30ded5b6] 20:45:54.309 [pool-6-thread-39] DEBUG c.h.p.o.dependants.PodInfoConfigMap - [helmplat] Desired PodInfo ConfigMap (1 extensions) (1 enabled)
2025-01-28 20:45:54,310 INFO c.h.h.t.HelmChartContainer - [hivemq-test-hivemq-platform] [hivemq-platform-operator] [30ded5b6] 20:45:54.309 [pool-6-thread-39] DEBUG c.h.p.o.dependants.PodInfoConfigMap - [helmplat] Desired PodInfo ConfigMap (metrics port: 9399) (metrics path: /)
2025-01-28 20:45:54,313 INFO c.h.h.t.HelmChartContainer - [hivemq-test-hivemq-platform] [hivemq-platform-operator] [30ded5b6] 20:45:54.309 [pool-6-thread-39] DEBUG c.h.p.o.dependants.PodInfoConfigMap - [helmplat] Desired PodInfo ConfigMap (extension state hash: -1817474005)
2025-01-28 20:45:54,318 INFO c.h.h.t.HelmChartContainer - [hivemq-test-hivemq-platform] [hivemq-platform-operator] [30ded5b6] 20:45:54.317 [pool-6-thread-37] DEBUG c.h.p.o.d.StatefulSetResource - [helmplat] Desired StatefulSet (1 replicas) for status STARTING (READY)
2025-01-28 20:45:54,326 INFO c.h.h.t.HelmChartContainer - [hivemq-test-hivemq-platform] [hivemq-platform-operator] [30ded5b6] 20:45:54.325 [ReconcilerExecutor-hivemq-controller-112] INFO  c.h.p.o.HiveMQPlatformReconciler - [helmplat] Reconciling HiveMQ Platform 'test-hivemq-platform' in namespace 'helmplatformtlsit'
2025-01-28 20:45:54,327 INFO c.h.h.t.HelmChartContainer - [hivemq-test-hivemq-platform] [hivemq-platform-operator] [30ded5b6] 20:45:54.325 [ReconcilerExecutor-hivemq-controller-112] DEBUG c.h.p.o.HiveMQPlatformReconciler - [helmplat] Custom Resource Status STARTING - HiveMQ Platform is starting (READY)
2025-01-28 20:45:54,327 INFO c.h.h.t.HelmChartContainer - [hivemq-test-hivemq-platform] [hivemq-platform-operator] [30ded5b6] 20:45:54.325 [ReconcilerExecutor-hivemq-controller-112] DEBUG c.h.p.o.HiveMQPlatformReconciler - [helmplat] Custom Resource Spec (replicas: 1) (extensions: 1)
2025-01-28 20:45:54,399 INFO c.h.h.t.HelmChartContainer - [hivemq-test-hivemq-platform] [hivemq-platform-operator] [30ded5b6] 20:45:54.397 [ReconcilerExecutor-hivemq-controller-112] DEBUG c.h.p.o.HiveMQPlatformReconciler - [helmplat] StatefulSet Status (revision: test-hivemq-platform-7c789f5f8b, replicas: 1, available: 0, ready: 0, current: 1, updated: 1)
2025-01-28 20:45:54,399 INFO c.h.h.t.HelmChartContainer - [hivemq-test-hivemq-platform] [hivemq-platform-operator] [30ded5b6] 20:45:54.397 [ReconcilerExecutor-hivemq-controller-112] DEBUG c.h.p.o.HiveMQPlatformReconciler - [helmplat] StatefulSet Spec (replicas: 1, init containers: 1, containers: 1, volumes: 5)
2025-01-28 20:45:54,400 INFO c.h.h.t.HelmChartContainer - [hivemq-test-hivemq-platform] [hivemq-platform-operator] [30ded5b6] 20:45:54.399 [ReconcilerExecutor-hivemq-controller-112] DEBUG c.h.p.o.h.HiveMQPlatformReconcilerErrorHandler - [helmplat] Pod 'test-hivemq-platform-0' phase Running
2025-01-28 20:45:54,401 INFO c.h.h.t.HelmChartContainer - [hivemq-test-hivemq-platform] [hivemq-platform-operator] [30ded5b6] 20:45:54.399 [ReconcilerExecutor-hivemq-controller-112] INFO  c.h.p.o.h.HiveMQPlatformReconcilerBaseHandler - [helmplat] HiveMQ Platform is starting, 0 of 1 replicas are ready
2025-01-28 20:45:54,929 INFO c.h.h.t.HelmChartContainer - [test-hivemq-platform] [hivemq] [ad3590cb] INFO  - No valid license file found. Using trial license, restricted to 25 connections.
2025-01-28 20:45:56,206 INFO c.h.h.t.HelmChartContainer - [test-hivemq-platform] [hivemq] [ad3590cb] WARN  - [HiveMQ Platform Operator Init App 1.7.0-SNAPSHOT] Cannot connect to Health API for liveness: null
2025-01-28 20:45:56,206 INFO c.h.h.t.HelmChartContainer - [test-hivemq-platform] [hivemq] [ad3590cb] INFO  - [HiveMQ Platform Operator Init App 1.7.0-SNAPSHOT] Returning default Health API response 200 for liveness
2025-01-28 20:45:59,106 INFO c.h.h.t.HelmChartContainer - [test-hivemq-platform] [hivemq] [ad3590cb] INFO  - No valid license file for Data Hub found. Using free license, restricted to 1 policy.
2025-01-28 20:45:59,215 INFO c.h.h.t.HelmChartContainer - [test-hivemq-platform] [hivemq] [ad3590cb] WARN  - [HiveMQ Platform Operator Init App 1.7.0-SNAPSHOT] Cannot connect to Health API for readiness: null
2025-01-28 20:45:59,309 INFO c.h.h.t.HelmChartContainer - [EVENT] Warning [Unhealthy] Readiness probe failed: HTTP probe failed with statuscode: 503 [helmplatformtlsit:test-hivemq-platform-0]
2025-01-28 20:45:59,309 INFO c.h.h.t.HelmChartContainer - Received Unhealthy event for container hivemq in pod test-hivemq-platform-0 [ad3590cb-3c39-4d4a-beeb-c41ddf277087]
2025-01-28 20:46:00,307 INFO c.h.h.t.HelmChartContainer - [test-hivemq-platform] [hivemq] [ad3590cb] INFO  - Audit Logger started.
2025-01-28 20:46:00,533 INFO c.h.h.t.HelmChartContainer - [test-hivemq-platform] [hivemq] [ad3590cb] INFO  - This node uses '1' CPU cores.
2025-01-28 20:46:00,538 INFO c.h.h.t.HelmChartContainer - [test-hivemq-platform] [hivemq] [ad3590cb] INFO  - Starting HiveMQ Health API on address 0.0.0.0 and port 8889
2025-01-28 20:46:01,308 INFO c.h.h.t.HelmChartContainer - [test-hivemq-platform] [hivemq] [ad3590cb] INFO  - Started HiveMQ Health API in 770ms
2025-01-28 20:46:01,820 INFO c.h.h.t.HelmChartContainer - [test-hivemq-platform] [hivemq] [ad3590cb] INFO  - Starting HiveMQ extension system.
2025-01-28 20:46:02,015 INFO c.h.h.t.HelmChartContainer - [test-hivemq-platform] [hivemq] [ad3590cb] INFO  - Starting extension with id "hivemq-dns-cluster-discovery" at /opt/hivemq/extensions/hivemq-dns-cluster-discovery
2025-01-28 20:46:02,512 INFO c.h.h.t.HelmChartContainer - [test-hivemq-platform] [hivemq] [ad3590cb] INFO  - Using TCP cluster transport on address 10.42.0.11 and port 7000
2025-01-28 20:46:02,604 INFO c.h.h.t.HelmChartContainer - [test-hivemq-platform] [hivemq] [ad3590cb] INFO  - Using extension cluster discovery
2025-01-28 20:46:02,608 INFO c.h.h.t.HelmChartContainer - [test-hivemq-platform] [hivemq] [ad3590cb] INFO  - Extension "DNS Cluster Discovery Extension" version 4.3.2 started successfully.
2025-01-28 20:46:02,610 INFO c.h.h.t.HelmChartContainer - [test-hivemq-platform] [hivemq] [ad3590cb] INFO  - Starting extension with id "hivemq-prometheus-extension" at /opt/hivemq/extensions/hivemq-prometheus-extension
2025-01-28 20:46:03,411 INFO c.h.h.t.HelmChartContainer - [test-hivemq-platform] [hivemq] [ad3590cb] INFO  - Started Jetty Server exposing Prometheus Servlet on URI http://0.0.0.0:9399/
2025-01-28 20:46:03,414 INFO c.h.h.t.HelmChartContainer - [test-hivemq-platform] [hivemq] [ad3590cb] INFO  - Extension "Prometheus Monitoring Extension" version 4.0.12 started successfully.
2025-01-28 20:46:03,414 INFO c.h.h.t.HelmChartContainer - [test-hivemq-platform] [hivemq] [ad3590cb] INFO  - Starting extension with id "hivemq-allow-all-extension" at /opt/hivemq/extensions/hivemq-allow-all-extension
2025-01-28 20:46:03,414 INFO c.h.h.t.HelmChartContainer - [test-hivemq-platform] [hivemq] [ad3590cb] WARN  - 
2025-01-28 20:46:03,414 INFO c.h.h.t.HelmChartContainer - [test-hivemq-platform] [hivemq] [ad3590cb] ################################################################################################################
2025-01-28 20:46:03,414 INFO c.h.h.t.HelmChartContainer - [test-hivemq-platform] [hivemq] [ad3590cb] # This HiveMQ deployment is not secure! You are lacking Authentication and Authorization.                      #
2025-01-28 20:46:03,414 INFO c.h.h.t.HelmChartContainer - [test-hivemq-platform] [hivemq] [ad3590cb] # Right now any MQTT client can connect to the broker with a full set of permissions.                          #
2025-01-28 20:46:03,414 INFO c.h.h.t.HelmChartContainer - [test-hivemq-platform] [hivemq] [ad3590cb] # For production usage, add an appropriate security extension and remove the hivemq-allow-all extension.       #
2025-01-28 20:46:03,414 INFO c.h.h.t.HelmChartContainer - [test-hivemq-platform] [hivemq] [ad3590cb] # You can download security extensions from the HiveMQ Marketplace (https://www.hivemq.com/extensions/).       #
2025-01-28 20:46:03,414 INFO c.h.h.t.HelmChartContainer - [test-hivemq-platform] [hivemq] [ad3590cb] ################################################################################################################
2025-01-28 20:46:03,414 INFO c.h.h.t.HelmChartContainer - [test-hivemq-platform] [hivemq] [ad3590cb] INFO  - Extension "Allow All Extension" version 1.1.1 started successfully.
2025-01-28 20:46:04,405 INFO c.h.h.t.HelmChartContainer - [hivemq-test-hivemq-platform] [hivemq-platform-operator] [30ded5b6] 20:46:04.404 [pool-6-thread-47] DEBUG c.h.p.o.dependants.PodInfoConfigMap - [helmplat] Desired PodInfo ConfigMap (1 extensions) (1 enabled)
2025-01-28 20:46:04,407 INFO c.h.h.t.HelmChartContainer - [hivemq-test-hivemq-platform] [hivemq-platform-operator] [30ded5b6] 20:46:04.405 [pool-6-thread-41] DEBUG c.h.p.o.d.PodServiceAccountResource - [helmplat] Desired PodServiceAccountResource (serviceAccountName: hivemq-platform-pod-test-hivemq-platform)
2025-01-28 20:46:04,408 INFO c.h.h.t.HelmChartContainer - [hivemq-test-hivemq-platform] [hivemq-platform-operator] [30ded5b6] 20:46:04.405 [pool-6-thread-42] DEBUG c.h.p.o.d.PlatformServiceResource - [helmplat] Desired Platform services (4 services)
2025-01-28 20:46:04,409 INFO c.h.h.t.HelmChartContainer - [hivemq-test-hivemq-platform] [hivemq-platform-operator] [30ded5b6] 20:46:04.404 [pool-6-thread-47] DEBUG c.h.p.o.dependants.PodInfoConfigMap - [helmplat] Desired PodInfo ConfigMap (metrics port: 9399) (metrics path: /)
2025-01-28 20:46:04,409 INFO c.h.h.t.HelmChartContainer - [hivemq-test-hivemq-platform] [hivemq-platform-operator] [30ded5b6] 20:46:04.408 [pool-6-thread-47] DEBUG c.h.p.o.dependants.PodInfoConfigMap - [helmplat] Desired PodInfo ConfigMap (extension state hash: -1817474005)
2025-01-28 20:46:04,419 INFO c.h.h.t.HelmChartContainer - [hivemq-test-hivemq-platform] [hivemq-platform-operator] [30ded5b6] 20:46:04.418 [pool-6-thread-41] DEBUG c.h.p.o.d.StatefulSetResource - [helmplat] Desired StatefulSet (1 replicas) for status STARTING (READY)
2025-01-28 20:46:04,423 INFO c.h.h.t.HelmChartContainer - [hivemq-test-hivemq-platform] [hivemq-platform-operator] [30ded5b6] 20:46:04.422 [ReconcilerExecutor-hivemq-controller-113] INFO  c.h.p.o.HiveMQPlatformReconciler - [helmplat] Reconciling HiveMQ Platform 'test-hivemq-platform' in namespace 'helmplatformtlsit'
2025-01-28 20:46:04,423 INFO c.h.h.t.HelmChartContainer - [hivemq-test-hivemq-platform] [hivemq-platform-operator] [30ded5b6] 20:46:04.422 [ReconcilerExecutor-hivemq-controller-113] DEBUG c.h.p.o.HiveMQPlatformReconciler - [helmplat] Custom Resource Status STARTING - HiveMQ Platform is starting (READY)
2025-01-28 20:46:04,423 INFO c.h.h.t.HelmChartContainer - [hivemq-test-hivemq-platform] [hivemq-platform-operator] [30ded5b6] 20:46:04.422 [ReconcilerExecutor-hivemq-controller-113] DEBUG c.h.p.o.HiveMQPlatformReconciler - [helmplat] Custom Resource Spec (replicas: 1) (extensions: 1)
2025-01-28 20:46:04,425 INFO c.h.h.t.HelmChartContainer - [hivemq-test-hivemq-platform] [hivemq-platform-operator] [30ded5b6] 20:46:04.424 [ReconcilerExecutor-hivemq-controller-113] DEBUG c.h.p.o.HiveMQPlatformReconciler - [helmplat] StatefulSet Status (revision: test-hivemq-platform-7c789f5f8b, replicas: 1, available: 0, ready: 0, current: 1, updated: 1)
2025-01-28 20:46:04,425 INFO c.h.h.t.HelmChartContainer - [hivemq-test-hivemq-platform] [hivemq-platform-operator] [30ded5b6] 20:46:04.424 [ReconcilerExecutor-hivemq-controller-113] DEBUG c.h.p.o.HiveMQPlatformReconciler - [helmplat] StatefulSet Spec (replicas: 1, init containers: 1, containers: 1, volumes: 5)
2025-01-28 20:46:04,499 INFO c.h.h.t.HelmChartContainer - [hivemq-test-hivemq-platform] [hivemq-platform-operator] [30ded5b6] 20:46:04.498 [ReconcilerExecutor-hivemq-controller-113] DEBUG c.h.p.o.h.HiveMQPlatformReconcilerErrorHandler - [helmplat] Pod 'test-hivemq-platform-0' phase Running
2025-01-28 20:46:04,500 INFO c.h.h.t.HelmChartContainer - [hivemq-test-hivemq-platform] [hivemq-platform-operator] [30ded5b6] 20:46:04.499 [ReconcilerExecutor-hivemq-controller-113] INFO  c.h.p.o.h.HiveMQPlatformReconcilerBaseHandler - [helmplat] HiveMQ Platform is starting, 0 of 1 replicas are ready
2025-01-28 20:46:04,715 INFO c.h.h.t.HelmChartContainer - [test-hivemq-platform] [hivemq] [ad3590cb] INFO  - [HiveMQ Platform Operator Init App 1.7.0-SNAPSHOT] Returning Health API response 503 for readiness
2025-01-28 20:46:04,718 INFO c.h.h.t.HelmChartContainer - [EVENT] Warning [Unhealthy] Readiness probe failed: HTTP probe failed with statuscode: 503 [helmplatformtlsit:test-hivemq-platform-0]
2025-01-28 20:46:04,719 INFO c.h.h.t.HelmChartContainer - Received Unhealthy event for container hivemq in pod test-hivemq-platform-0 [ad3590cb-3c39-4d4a-beeb-c41ddf277087]
2025-01-28 20:46:05,614 INFO c.h.h.t.HelmChartContainer - [test-hivemq-platform] [hivemq] [ad3590cb] INFO  - 5YaJM: no members discovered after 2508 ms: creating cluster as first member
2025-01-28 20:46:05,621 INFO c.h.h.t.HelmChartContainer - [test-hivemq-platform] [hivemq] [ad3590cb] INFO  - Cluster nodes found by discovery: [5YaJM|0] (1) [5YaJM].
2025-01-28 20:46:05,710 INFO c.h.h.t.HelmChartContainer - [test-hivemq-platform] [hivemq] [ad3590cb] WARN  - No user for HiveMQ Control Center configured. Starting with default user
2025-01-28 20:46:05,711 INFO c.h.h.t.HelmChartContainer - [test-hivemq-platform] [hivemq] [ad3590cb] INFO  - Starting HiveMQ Control Center on address 127.0.0.1 and port 8080
2025-01-28 20:46:05,711 INFO c.h.h.t.HelmChartContainer - [test-hivemq-platform] [hivemq] [ad3590cb] INFO  - Mounting HiveMQ Control Center V2 Preview
2025-01-28 20:46:06,303 INFO c.h.h.t.HelmChartContainer - [test-hivemq-platform] [hivemq] [ad3590cb] INFO  - Started HiveMQ Control Center in 518ms
2025-01-28 20:46:06,322 INFO c.h.h.t.HelmChartContainer - [test-hivemq-platform] [hivemq] [ad3590cb] INFO  - Starting TCP listener on address 0.0.0.0 and port 1886
2025-01-28 20:46:07,125 INFO c.h.h.t.HelmChartContainer - [test-hivemq-platform] [hivemq] [ad3590cb] INFO  - Enabled protocols for TCP Listener with TLS at address 0.0.0.0 and port 1884: [TLSv1.3, TLSv1.2]
2025-01-28 20:46:07,125 INFO c.h.h.t.HelmChartContainer - [test-hivemq-platform] [hivemq] [ad3590cb] INFO  - Enabled cipher suites for TCP Listener with TLS at address 0.0.0.0 and port 1884: [TLS_ECDHE_ECDSA_WITH_AES_256_GCM_SHA384, TLS_ECDHE_ECDSA_WITH_AES_128_GCM_SHA256, TLS_ECDHE_RSA_WITH_AES_128_GCM_SHA256, TLS_ECDHE_RSA_WITH_AES_256_GCM_SHA384, TLS_ECDHE_RSA_WITH_AES_128_CBC_SHA, TLS_ECDHE_RSA_WITH_AES_256_CBC_SHA, TLS_RSA_WITH_AES_128_GCM_SHA256, TLS_RSA_WITH_AES_128_CBC_SHA, TLS_RSA_WITH_AES_256_CBC_SHA, TLS_AES_128_GCM_SHA256, TLS_AES_256_GCM_SHA384]
2025-01-28 20:46:07,126 INFO c.h.h.t.HelmChartContainer - [test-hivemq-platform] [hivemq] [ad3590cb] INFO  - Starting TLS TCP listener on address 0.0.0.0 and port 1884
2025-01-28 20:46:07,204 INFO c.h.h.t.HelmChartContainer - [test-hivemq-platform] [hivemq] [ad3590cb] INFO  - Enabled protocols for TCP Listener with TLS at address 0.0.0.0 and port 1885: [TLSv1.3, TLSv1.2]
2025-01-28 20:46:07,205 INFO c.h.h.t.HelmChartContainer - [test-hivemq-platform] [hivemq] [ad3590cb] INFO  - Enabled cipher suites for TCP Listener with TLS at address 0.0.0.0 and port 1885: [TLS_ECDHE_ECDSA_WITH_AES_256_GCM_SHA384, TLS_ECDHE_ECDSA_WITH_AES_128_GCM_SHA256, TLS_ECDHE_RSA_WITH_AES_128_GCM_SHA256, TLS_ECDHE_RSA_WITH_AES_256_GCM_SHA384, TLS_ECDHE_RSA_WITH_AES_128_CBC_SHA, TLS_ECDHE_RSA_WITH_AES_256_CBC_SHA, TLS_RSA_WITH_AES_128_GCM_SHA256, TLS_RSA_WITH_AES_128_CBC_SHA, TLS_RSA_WITH_AES_256_CBC_SHA, TLS_AES_128_GCM_SHA256, TLS_AES_256_GCM_SHA384]
2025-01-28 20:46:07,206 INFO c.h.h.t.HelmChartContainer - [test-hivemq-platform] [hivemq] [ad3590cb] INFO  - Starting TLS TCP listener on address 0.0.0.0 and port 1885
2025-01-28 20:46:07,207 INFO c.h.h.t.HelmChartContainer - [test-hivemq-platform] [hivemq] [ad3590cb] INFO  - Started TCP Listener on address 0.0.0.0 and on port 1886.
2025-01-28 20:46:07,208 INFO c.h.h.t.HelmChartContainer - [test-hivemq-platform] [hivemq] [ad3590cb] INFO  - Started TCP Listener with TLS on address 0.0.0.0 and on port 1884.
2025-01-28 20:46:07,208 INFO c.h.h.t.HelmChartContainer - [test-hivemq-platform] [hivemq] [ad3590cb] INFO  - Started TCP Listener with TLS on address 0.0.0.0 and on port 1885.
2025-01-28 20:46:07,208 INFO c.h.h.t.HelmChartContainer - [test-hivemq-platform] [hivemq] [ad3590cb] INFO  - Started HiveMQ in 31197ms
2025-01-28 20:46:09,215 INFO c.h.h.t.HelmChartContainer - [test-hivemq-platform] [hivemq] [ad3590cb] INFO  - [HiveMQ Platform Operator Init App 1.7.0-SNAPSHOT] Returning Health API response 200 for readiness
2025-01-28 20:46:09,226 INFO c.h.h.t.HelmChartContainer - [POD] test-hivemq-platform-0 [ad3590cb-3c39-4d4a-beeb-c41ddf277087] in helmplatformtlsit was MODIFIED
2025-01-28 20:46:09,248 INFO c.h.h.t.HelmChartContainer - [hivemq-test-hivemq-platform] [hivemq-platform-operator] [30ded5b6] 20:46:09.235 [pool-6-thread-3] DEBUG c.h.p.o.d.PlatformServiceResource - [helmplat] Desired Platform services (4 services)
2025-01-28 20:46:09,252 INFO c.h.h.t.HelmChartContainer - [hivemq-test-hivemq-platform] [hivemq-platform-operator] [30ded5b6] 20:46:09.242 [pool-6-thread-1] DEBUG c.h.p.o.dependants.PodInfoConfigMap - [helmplat] Desired PodInfo ConfigMap (1 extensions) (1 enabled)
2025-01-28 20:46:09,253 INFO c.h.h.t.HelmChartContainer - [hivemq-test-hivemq-platform] [hivemq-platform-operator] [30ded5b6] 20:46:09.242 [pool-6-thread-1] DEBUG c.h.p.o.dependants.PodInfoConfigMap - [helmplat] Desired PodInfo ConfigMap (metrics port: 9399) (metrics path: /)
2025-01-28 20:46:09,253 INFO c.h.h.t.HelmChartContainer - [hivemq-test-hivemq-platform] [hivemq-platform-operator] [30ded5b6] 20:46:09.242 [pool-6-thread-1] DEBUG c.h.p.o.dependants.PodInfoConfigMap - [helmplat] Desired PodInfo ConfigMap (extension state hash: -1817474005)
2025-01-28 20:46:09,253 INFO c.h.h.t.HelmChartContainer - [hivemq-test-hivemq-platform] [hivemq-platform-operator] [30ded5b6] 20:46:09.245 [pool-6-thread-6] DEBUG c.h.p.o.d.PodServiceAccountResource - [helmplat] Desired PodServiceAccountResource (serviceAccountName: hivemq-platform-pod-test-hivemq-platform)
2025-01-28 20:46:09,265 INFO c.h.h.t.HelmChartContainer - [hivemq-test-hivemq-platform] [hivemq-platform-operator] [30ded5b6] 20:46:09.262 [pool-6-thread-3] DEBUG c.h.p.o.d.StatefulSetResource - [helmplat] Desired StatefulSet (1 replicas) for status STARTING (READY)
2025-01-28 20:46:09,270 INFO c.h.h.t.HelmChartContainer - [hivemq-test-hivemq-platform] [hivemq-platform-operator] [30ded5b6] 20:46:09.269 [ReconcilerExecutor-hivemq-controller-114] INFO  c.h.p.o.HiveMQPlatformReconciler - [helmplat] Reconciling HiveMQ Platform 'test-hivemq-platform' in namespace 'helmplatformtlsit'
2025-01-28 20:46:09,272 INFO c.h.h.t.HelmChartContainer - [hivemq-test-hivemq-platform] [hivemq-platform-operator] [30ded5b6] 20:46:09.269 [ReconcilerExecutor-hivemq-controller-114] DEBUG c.h.p.o.HiveMQPlatformReconciler - [helmplat] Custom Resource Status STARTING - HiveMQ Platform is starting (READY)
2025-01-28 20:46:09,272 INFO c.h.h.t.HelmChartContainer - [hivemq-test-hivemq-platform] [hivemq-platform-operator] [30ded5b6] 20:46:09.269 [ReconcilerExecutor-hivemq-controller-114] DEBUG c.h.p.o.HiveMQPlatformReconciler - [helmplat] Custom Resource Spec (replicas: 1) (extensions: 1)
2025-01-28 20:46:09,299 INFO c.h.h.t.HelmChartContainer - [hivemq-test-hivemq-platform] [hivemq-platform-operator] [30ded5b6] 20:46:09.298 [ReconcilerExecutor-hivemq-controller-114] DEBUG c.h.p.o.HiveMQPlatformReconciler - [helmplat] StatefulSet Status (revision: test-hivemq-platform-7c789f5f8b, replicas: 1, available: 1, ready: 1, current: 1, updated: 1)
2025-01-28 20:46:09,299 INFO c.h.h.t.HelmChartContainer - [hivemq-test-hivemq-platform] [hivemq-platform-operator] [30ded5b6] 20:46:09.298 [ReconcilerExecutor-hivemq-controller-114] DEBUG c.h.p.o.HiveMQPlatformReconciler - [helmplat] StatefulSet Spec (replicas: 1, init containers: 1, containers: 1, volumes: 5)
2025-01-28 20:46:09,308 INFO c.h.h.t.HelmChartContainer - [hivemq-test-hivemq-platform] [hivemq-platform-operator] [30ded5b6] 20:46:09.304 [ReconcilerExecutor-hivemq-controller-114] DEBUG c.h.p.o.h.HiveMQPlatformReconcilerErrorHandler - [helmplat] Pod 'test-hivemq-platform-0' phase Running
2025-01-28 20:46:09,308 INFO c.h.h.t.HelmChartContainer - [hivemq-test-hivemq-platform] [hivemq-platform-operator] [30ded5b6] 20:46:09.305 [ReconcilerExecutor-hivemq-controller-114] INFO  c.h.p.o.h.HiveMQPlatformReconcilerBaseHandler - [helmplat] HiveMQ Platform started successfully
2025-01-28 20:46:09,403 INFO c.h.h.t.HelmChartContainer - [hivemq-test-hivemq-platform] [hivemq-platform-operator] [30ded5b6] 20:46:09.402 [ReconcilerExecutor-hivemq-controller-114] DEBUG c.h.p.operator.event.EventSender - [helmplat] Creating K8s event hivemq-platform-ready: [Ready] HiveMQ Platform is ready
2025-01-28 20:46:09,407 INFO c.h.h.t.HelmChartContainer - [EVENT] Normal [Ready] HiveMQ Platform is ready [helmplatformtlsit:test-hivemq-platform]
2025-01-28 20:46:09,408 INFO c.h.h.t.HelmChartContainer - [hivemq-test-hivemq-platform] [hivemq-platform-operator] [30ded5b6] 20:46:09.407 [ReconcilerExecutor-hivemq-controller-114] INFO  c.h.p.o.h.AbstractHiveMQReconcilerStateHandler - [helmplat] Update HiveMQ Platform Status (STARTING [READY] -> RUNNING [READY]): HiveMQ Platform is ready
2025-01-28 20:46:09,416 DEBUG com.hivemq.helmcharts.util.K8sUtil - Comparing actual state 'RUNNING' and waiting for 'RUNNING'
2025-01-28 20:46:09,503 INFO c.h.h.t.HelmChartContainer - [hivemq-test-hivemq-platform] [hivemq-platform-operator] [30ded5b6] 20:46:09.497 [pool-6-thread-15] DEBUG c.h.p.o.d.PlatformServiceResource - [helmplat] Desired Platform services (4 services)
2025-01-28 20:46:09,503 INFO c.h.h.t.HelmChartContainer - [hivemq-test-hivemq-platform] [hivemq-platform-operator] [30ded5b6] 20:46:09.499 [pool-6-thread-17] DEBUG c.h.p.o.dependants.PodInfoConfigMap - [helmplat] Desired PodInfo ConfigMap (1 extensions) (1 enabled)
2025-01-28 20:46:09,503 INFO c.h.h.t.HelmChartContainer - [hivemq-test-hivemq-platform] [hivemq-platform-operator] [30ded5b6] 20:46:09.499 [pool-6-thread-17] DEBUG c.h.p.o.dependants.PodInfoConfigMap - [helmplat] Desired PodInfo ConfigMap (metrics port: 9399) (metrics path: /)
2025-01-28 20:46:09,503 INFO c.h.h.t.HelmChartContainer - [hivemq-test-hivemq-platform] [hivemq-platform-operator] [30ded5b6] 20:46:09.499 [pool-6-thread-17] DEBUG c.h.p.o.dependants.PodInfoConfigMap - [helmplat] Desired PodInfo ConfigMap (extension state hash: -1817474005)
2025-01-28 20:46:09,503 INFO c.h.h.t.HelmChartContainer - [hivemq-test-hivemq-platform] [hivemq-platform-operator] [30ded5b6] 20:46:09.499 [pool-6-thread-17] DEBUG c.h.p.o.dependants.PodInfoConfigMap - [helmplat] Update PodInfo ConfigMap
2025-01-28 20:46:09,503 INFO c.h.h.t.HelmChartContainer - [hivemq-test-hivemq-platform] [hivemq-platform-operator] [30ded5b6] 20:46:09.500 [pool-6-thread-11] DEBUG c.h.p.o.d.PodServiceAccountResource - [helmplat] Desired PodServiceAccountResource (serviceAccountName: hivemq-platform-pod-test-hivemq-platform)
2025-01-28 20:46:09,559 INFO c.h.h.t.HelmChartContainer - [hivemq-test-hivemq-platform] [hivemq-platform-operator] [30ded5b6] 20:46:09.558 [pool-6-thread-17] DEBUG c.h.p.o.d.StatefulSetResource - [helmplat] Desired StatefulSet (1 replicas) for status RUNNING (READY)
2025-01-28 20:46:09,562 INFO c.h.h.t.HelmChartContainer - [hivemq-test-hivemq-platform] [hivemq-platform-operator] [30ded5b6] 20:46:09.561 [ReconcilerExecutor-hivemq-controller-115] INFO  c.h.p.o.HiveMQPlatformReconciler - [helmplat] Reconciling HiveMQ Platform 'test-hivemq-platform' in namespace 'helmplatformtlsit'
2025-01-28 20:46:09,562 INFO c.h.h.t.HelmChartContainer - [hivemq-test-hivemq-platform] [hivemq-platform-operator] [30ded5b6] 20:46:09.561 [ReconcilerExecutor-hivemq-controller-115] DEBUG c.h.p.o.HiveMQPlatformReconciler - [helmplat] Custom Resource Status RUNNING - HiveMQ Platform is ready (READY)
2025-01-28 20:46:09,563 INFO c.h.h.t.HelmChartContainer - [hivemq-test-hivemq-platform] [hivemq-platform-operator] [30ded5b6] 20:46:09.561 [ReconcilerExecutor-hivemq-controller-115] DEBUG c.h.p.o.HiveMQPlatformReconciler - [helmplat] Custom Resource Spec (replicas: 1) (extensions: 1)
2025-01-28 20:46:09,600 INFO c.h.h.t.HelmChartContainer - [hivemq-test-hivemq-platform] [hivemq-platform-operator] [30ded5b6] 20:46:09.597 [ReconcilerExecutor-hivemq-controller-115] DEBUG c.h.p.o.HiveMQPlatformReconciler - [helmplat] StatefulSet Status (revision: test-hivemq-platform-7c789f5f8b, replicas: 1, available: 1, ready: 1, current: 1, updated: 1)
2025-01-28 20:46:09,600 INFO c.h.h.t.HelmChartContainer - [hivemq-test-hivemq-platform] [hivemq-platform-operator] [30ded5b6] 20:46:09.597 [ReconcilerExecutor-hivemq-controller-115] DEBUG c.h.p.o.HiveMQPlatformReconciler - [helmplat] StatefulSet Spec (replicas: 1, init containers: 1, containers: 1, volumes: 5)
2025-01-28 20:46:09,600 INFO c.h.h.t.HelmChartContainer - [hivemq-test-hivemq-platform] [hivemq-platform-operator] [30ded5b6] 20:46:09.598 [ReconcilerExecutor-hivemq-controller-115] DEBUG c.h.p.o.h.HiveMQPlatformReconcilerErrorHandler - [helmplat] Pod 'test-hivemq-platform-0' phase Running
2025-01-28 20:46:18,210 INFO c.h.h.t.HelmChartContainer - Uninstalling release 'test-hivemq-platform' in namespace 'helmplatformtlsit'...
2025-01-28 20:46:18,210 DEBUG c.h.h.t.HelmChartContainer - Executing helm command: /bin/helm --kubeconfig /etc/rancher/k3s/k3s.yaml uninstall test-hivemq-platform  --wait --timeout 5m0s --cascade foreground --namespace helmplatformtlsit
2025-01-28 20:46:18,389 INFO c.h.h.t.HelmChartContainer - [hivemq-test-hivemq-platform] [hivemq-platform-operator] [30ded5b6] 20:46:18.386 [pool-6-thread-23] DEBUG c.h.p.o.d.PlatformServiceResource - [helmplat] Desired Platform services (4 services)
2025-01-28 20:46:18,390 INFO c.h.h.t.HelmChartContainer - [hivemq-test-hivemq-platform] [hivemq-platform-operator] [30ded5b6] 20:46:18.387 [pool-6-thread-29] DEBUG c.h.p.o.dependants.PodInfoConfigMap - [helmplat] Desired PodInfo ConfigMap (1 extensions) (1 enabled)
2025-01-28 20:46:18,390 INFO c.h.h.t.HelmChartContainer - [hivemq-test-hivemq-platform] [hivemq-platform-operator] [30ded5b6] 20:46:18.387 [pool-6-thread-29] DEBUG c.h.p.o.dependants.PodInfoConfigMap - [helmplat] Desired PodInfo ConfigMap (metrics port: 9399) (metrics path: /)
2025-01-28 20:46:18,391 INFO c.h.h.t.HelmChartContainer - [hivemq-test-hivemq-platform] [hivemq-platform-operator] [30ded5b6] 20:46:18.387 [pool-6-thread-29] DEBUG c.h.p.o.dependants.PodInfoConfigMap - [helmplat] Desired PodInfo ConfigMap (extension state hash: -1817474005)
2025-01-28 20:46:18,395 INFO c.h.h.t.HelmChartContainer - [hivemq-test-hivemq-platform] [hivemq-platform-operator] [30ded5b6] 20:46:18.390 [pool-6-thread-27] DEBUG c.h.p.o.d.PodServiceAccountResource - [helmplat] Desired PodServiceAccountResource (serviceAccountName: hivemq-platform-pod-test-hivemq-platform)
2025-01-28 20:46:18,461 INFO c.h.h.t.HelmChartContainer - [hivemq-test-hivemq-platform] [hivemq-platform-operator] [30ded5b6] 20:46:18.459 [pool-6-thread-23] DEBUG c.h.p.o.d.StatefulSetResource - [helmplat] Desired StatefulSet (1 replicas) for status RUNNING (READY)
2025-01-28 20:46:18,467 INFO c.h.h.t.HelmChartContainer - [hivemq-test-hivemq-platform] [hivemq-platform-operator] [30ded5b6] 20:46:18.465 [pool-6-thread-23] DEBUG c.h.p.o.d.StatefulSetResource - [helmplat] Update StatefulSet (replicas: 1 -> 1)
2025-01-28 20:46:18,467 INFO c.h.h.t.HelmChartContainer - [hivemq-test-hivemq-platform] [hivemq-platform-operator] [30ded5b6] 20:46:18.465 [pool-6-thread-23] DEBUG c.h.p.o.d.StatefulSetResource - [helmplat] Detected change in StatefulSet specification (path: /template/metadata/annotations/kubernetes-resource-versions) (actual value: {broker-configuration-v2=-1848364994, env-var-secret-mqtt-keystore-password-1885=1074}) (target value: {broker-configuration-v2=0, env-var-secret-mqtt-keystore-password-1885=1074})
2025-01-28 20:46:18,467 INFO c.h.h.t.HelmChartContainer - [hivemq-test-hivemq-platform] [hivemq-platform-operator] [30ded5b6] 20:46:18.465 [pool-6-thread-23] INFO  c.h.p.o.d.StatefulSetResource - [helmplat] StatefulSet spec was updated, triggering rolling restart
2025-01-28 20:46:18,565 INFO c.h.h.t.HelmChartContainer - [hivemq-test-hivemq-platform] [hivemq-platform-operator] [30ded5b6] 20:46:18.564 [ReconcilerExecutor-hivemq-controller-116] INFO  c.h.p.o.HiveMQPlatformReconciler - [helmplat] Reconciling HiveMQ Platform 'test-hivemq-platform' in namespace 'helmplatformtlsit'
2025-01-28 20:46:18,567 INFO c.h.h.t.HelmChartContainer - [hivemq-test-hivemq-platform] [hivemq-platform-operator] [30ded5b6] 20:46:18.566 [ReconcilerExecutor-hivemq-controller-116] DEBUG c.h.p.o.HiveMQPlatformReconciler - [helmplat] Custom Resource Status RUNNING - HiveMQ Platform is ready (READY) (reconciliation requests: ROLLING_RESTART, REQUESTS_UPDATED)
2025-01-28 20:46:18,567 INFO c.h.h.t.HelmChartContainer - [hivemq-test-hivemq-platform] [hivemq-platform-operator] [30ded5b6] 20:46:18.566 [ReconcilerExecutor-hivemq-controller-116] DEBUG c.h.p.o.HiveMQPlatformReconciler - [helmplat] Custom Resource Spec (replicas: 1) (extensions: 1)
2025-01-28 20:46:18,567 INFO c.h.h.t.HelmChartContainer - [hivemq-test-hivemq-platform] [hivemq-platform-operator] [30ded5b6] 20:46:18.566 [ReconcilerExecutor-hivemq-controller-116] WARN  c.h.p.o.h.HiveMQPlatformReconcilerErrorHandler - [helmplat] Could not find ConfigMap 'hivemq-configuration-test-hivemq-platform' for HiveMQ Platform configuration
2025-01-28 20:46:18,668 INFO c.h.h.t.HelmChartContainer - [hivemq-test-hivemq-platform] [hivemq-platform-operator] [30ded5b6] 20:46:18.666 [ReconcilerExecutor-hivemq-controller-116] DEBUG c.h.p.operator.event.EventSender - [helmplat] Creating K8s event hivemq-platform-invalid-configuration: [Start] Could not find ConfigMap 'hivemq-configuration-test-hivemq-platform' for HiveMQ Platform configuration
2025-01-28 20:46:18,670 INFO c.h.h.t.HelmChartContainer - [EVENT] Warning [Start] Could not find ConfigMap 'hivemq-configuration-test-hivemq-platform' for HiveMQ Platform configuration [helmplatformtlsit:test-hivemq-platform]
2025-01-28 20:46:18,671 INFO c.h.h.t.HelmChartContainer - [hivemq-test-hivemq-platform] [hivemq-platform-operator] [30ded5b6] 20:46:18.671 [ReconcilerExecutor-hivemq-controller-116] INFO  c.h.p.o.h.AbstractHiveMQReconcilerStateHandler - [helmplat] Update HiveMQ Platform Status (RUNNING [READY] -> ERROR [INVALID_CONFIG_MAP]): Could not find ConfigMap 'hivemq-configuration-test-hivemq-platform' for HiveMQ Platform configuration (reconciliation requests: ROLLING_RESTART)
2025-01-28 20:46:18,760 INFO c.h.h.t.HelmChartContainer - [hivemq-test-hivemq-platform] [hivemq-platform-operator] [30ded5b6] 20:46:18.678 [ReconcilerExecutor-hivemq-controller-116] ERROR i.j.o.p.event.EventProcessor - Error during event processing ExecutionScope{ resource id: ResourceID{name='test-hivemq-platform', namespace='helmplatformtlsit'}, version: 1169}
2025-01-28 20:46:18,761 INFO c.h.h.t.HelmChartContainer - [hivemq-test-hivemq-platform] [hivemq-platform-operator] [30ded5b6] io.fabric8.kubernetes.client.KubernetesClientException: Failure executing: PUT at: https://10.43.0.1:443/apis/hivemq.com/v1/namespaces/helmplatformtlsit/hivemq-platforms/test-hivemq-platform/status. Message: Operation cannot be fulfilled on hivemq-platforms.hivemq.com "test-hivemq-platform": the object has been modified; please apply your changes to the latest version and try again. Received status: Status(apiVersion=v1, code=409, details=StatusDetails(causes=[], group=hivemq.com, kind=hivemq-platforms, name=test-hivemq-platform, retryAfterSeconds=null, uid=null, additionalProperties={}), kind=Status, message=Operation cannot be fulfilled on hivemq-platforms.hivemq.com "test-hivemq-platform": the object has been modified; please apply your changes to the latest version and try again, metadata=ListMeta(_continue=null, remainingItemCount=null, resourceVersion=null, selfLink=null, additionalProperties={}), reason=Conflict, status=Failure, additionalProperties={}).
2025-01-28 20:46:18,761 INFO c.h.h.t.HelmChartContainer - [hivemq-test-hivemq-platform] [hivemq-platform-operator] [30ded5b6] 	at io.fabric8.kubernetes.client.KubernetesClientException.copyAsCause(KubernetesClientException.java:238)
2025-01-28 20:46:18,761 INFO c.h.h.t.HelmChartContainer - [hivemq-test-hivemq-platform] [hivemq-platform-operator] [30ded5b6] 	at io.fabric8.kubernetes.client.dsl.internal.OperationSupport.waitForResult(OperationSupport.java:507)
2025-01-28 20:46:18,761 INFO c.h.h.t.HelmChartContainer - [hivemq-test-hivemq-platform] [hivemq-platform-operator] [30ded5b6] 	at io.fabric8.kubernetes.client.dsl.internal.OperationSupport.handleResponse(OperationSupport.java:524)
2025-01-28 20:46:18,761 INFO c.h.h.t.HelmChartContainer - [hivemq-test-hivemq-platform] [hivemq-platform-operator] [30ded5b6] 	at io.fabric8.kubernetes.client.dsl.internal.OperationSupport.handleUpdate(OperationSupport.java:358)
2025-01-28 20:46:18,761 INFO c.h.h.t.HelmChartContainer - [hivemq-test-hivemq-platform] [hivemq-platform-operator] [30ded5b6] 	at io.fabric8.kubernetes.client.dsl.internal.BaseOperation.handleUpdate(BaseOperation.java:759)
2025-01-28 20:46:18,761 INFO c.h.h.t.HelmChartContainer - [hivemq-test-hivemq-platform] [hivemq-platform-operator] [30ded5b6] 	at io.fabric8.kubernetes.client.dsl.internal.HasMetadataOperation.update(HasMetadataOperation.java:138)
2025-01-28 20:46:18,761 INFO c.h.h.t.HelmChartContainer - [hivemq-test-hivemq-platform] [hivemq-platform-operator] [30ded5b6] 	at io.fabric8.kubernetes.client.dsl.internal.HasMetadataOperation.update(HasMetadataOperation.java:121)
2025-01-28 20:46:18,761 INFO c.h.h.t.HelmChartContainer - [hivemq-test-hivemq-platform] [hivemq-platform-operator] [30ded5b6] 	at io.fabric8.kubernetes.client.dsl.internal.HasMetadataOperation.updateStatus(HasMetadataOperation.java:126)
2025-01-28 20:46:18,761 INFO c.h.h.t.HelmChartContainer - [hivemq-test-hivemq-platform] [hivemq-platform-operator] [30ded5b6] 	at io.fabric8.kubernetes.client.dsl.internal.HasMetadataOperation.updateStatus(HasMetadataOperation.java:44)
2025-01-28 20:46:18,761 INFO c.h.h.t.HelmChartContainer - [hivemq-test-hivemq-platform] [hivemq-platform-operator] [30ded5b6] 	at io.javaoperatorsdk.operator.processing.event.ReconciliationDispatcher$CustomResourceFacade.updateStatus(ReconciliationDispatcher.java:408)
2025-01-28 20:46:18,761 INFO c.h.h.t.HelmChartContainer - [hivemq-test-hivemq-platform] [hivemq-platform-operator] [30ded5b6] 	at io.javaoperatorsdk.operator.processing.event.ReconciliationDispatcher.updateStatusGenerationAware(ReconciliationDispatcher.java:228)
2025-01-28 20:46:18,761 INFO c.h.h.t.HelmChartContainer - [hivemq-test-hivemq-platform] [hivemq-platform-operator] [30ded5b6] 	at io.javaoperatorsdk.operator.processing.event.ReconciliationDispatcher.reconcileExecution(ReconciliationDispatcher.java:150)
2025-01-28 20:46:18,761 INFO c.h.h.t.HelmChartContainer - [hivemq-test-hivemq-platform] [hivemq-platform-operator] [30ded5b6] 	at io.javaoperatorsdk.operator.processing.event.ReconciliationDispatcher.handleReconcile(ReconciliationDispatcher.java:117)
2025-01-28 20:46:18,761 INFO c.h.h.t.HelmChartContainer - [hivemq-test-hivemq-platform] [hivemq-platform-operator] [30ded5b6] 	at io.javaoperatorsdk.operator.processing.event.ReconciliationDispatcher.handleDispatch(ReconciliationDispatcher.java:91)
2025-01-28 20:46:18,761 INFO c.h.h.t.HelmChartContainer - [hivemq-test-hivemq-platform] [hivemq-platform-operator] [30ded5b6] 	at io.javaoperatorsdk.operator.processing.event.ReconciliationDispatcher.handleExecution(ReconciliationDispatcher.java:64)
2025-01-28 20:46:18,761 INFO c.h.h.t.HelmChartContainer - [hivemq-test-hivemq-platform] [hivemq-platform-operator] [30ded5b6] 	at io.javaoperatorsdk.operator.processing.event.EventProcessor$ReconcilerExecutor.run(EventProcessor.java:452)
2025-01-28 20:46:18,761 INFO c.h.h.t.HelmChartContainer - [hivemq-test-hivemq-platform] [hivemq-platform-operator] [30ded5b6] 	at java.base/java.util.concurrent.ThreadPoolExecutor.runWorker(Unknown Source)
2025-01-28 20:46:18,761 INFO c.h.h.t.HelmChartContainer - [hivemq-test-hivemq-platform] [hivemq-platform-operator] [30ded5b6] 	at java.base/java.util.concurrent.ThreadPoolExecutor$Worker.run(Unknown Source)
2025-01-28 20:46:18,761 INFO c.h.h.t.HelmChartContainer - [hivemq-test-hivemq-platform] [hivemq-platform-operator] [30ded5b6] 	at java.base/java.lang.Thread.run(Unknown Source)
2025-01-28 20:46:18,761 INFO c.h.h.t.HelmChartContainer - [hivemq-test-hivemq-platform] [hivemq-platform-operator] [30ded5b6] Caused by: io.fabric8.kubernetes.client.KubernetesClientException: Failure executing: PUT at: https://10.43.0.1:443/apis/hivemq.com/v1/namespaces/helmplatformtlsit/hivemq-platforms/test-hivemq-platform/status. Message: Operation cannot be fulfilled on hivemq-platforms.hivemq.com "test-hivemq-platform": the object has been modified; please apply your changes to the latest version and try again. Received status: Status(apiVersion=v1, code=409, details=StatusDetails(causes=[], group=hivemq.com, kind=hivemq-platforms, name=test-hivemq-platform, retryAfterSeconds=null, uid=null, additionalProperties={}), kind=Status, message=Operation cannot be fulfilled on hivemq-platforms.hivemq.com "test-hivemq-platform": the object has been modified; please apply your changes to the latest version and try again, metadata=ListMeta(_continue=null, remainingItemCount=null, resourceVersion=null, selfLink=null, additionalProperties={}), reason=Conflict, status=Failure, additionalProperties={}).
2025-01-28 20:46:18,761 INFO c.h.h.t.HelmChartContainer - [hivemq-test-hivemq-platform] [hivemq-platform-operator] [30ded5b6] 	at io.fabric8.kubernetes.client.dsl.internal.OperationSupport.requestFailure(OperationSupport.java:660)
2025-01-28 20:46:18,761 INFO c.h.h.t.HelmChartContainer - [hivemq-test-hivemq-platform] [hivemq-platform-operator] [30ded5b6] 	at io.fabric8.kubernetes.client.dsl.internal.OperationSupport.requestFailure(OperationSupport.java:640)
2025-01-28 20:46:18,761 INFO c.h.h.t.HelmChartContainer - [hivemq-test-hivemq-platform] [hivemq-platform-operator] [30ded5b6] 	at io.fabric8.kubernetes.client.dsl.internal.OperationSupport.assertResponseCode(OperationSupport.java:589)
2025-01-28 20:46:18,761 INFO c.h.h.t.HelmChartContainer - [hivemq-test-hivemq-platform] [hivemq-platform-operator] [30ded5b6] 	at io.fabric8.kubernetes.client.dsl.internal.OperationSupport.lambda$handleResponse$0(OperationSupport.java:549)
2025-01-28 20:46:18,761 INFO c.h.h.t.HelmChartContainer - [hivemq-test-hivemq-platform] [hivemq-platform-operator] [30ded5b6] 	at java.base/java.util.concurrent.CompletableFuture$UniApply.tryFire(Unknown Source)
2025-01-28 20:46:18,761 INFO c.h.h.t.HelmChartContainer - [hivemq-test-hivemq-platform] [hivemq-platform-operator] [30ded5b6] 	at java.base/java.util.concurrent.CompletableFuture.postComplete(Unknown Source)
2025-01-28 20:46:18,761 INFO c.h.h.t.HelmChartContainer - [hivemq-test-hivemq-platform] [hivemq-platform-operator] [30ded5b6] 	at java.base/java.util.concurrent.CompletableFuture.complete(Unknown Source)
2025-01-28 20:46:18,761 INFO c.h.h.t.HelmChartContainer - [hivemq-test-hivemq-platform] [hivemq-platform-operator] [30ded5b6] 	at io.fabric8.kubernetes.client.http.StandardHttpClient.lambda$completeOrCancel$10(StandardHttpClient.java:141)
2025-01-28 20:46:18,761 INFO c.h.h.t.HelmChartContainer - [hivemq-test-hivemq-platform] [hivemq-platform-operator] [30ded5b6] 	at java.base/java.util.concurrent.CompletableFuture.uniWhenComplete(Unknown Source)
2025-01-28 20:46:18,761 INFO c.h.h.t.HelmChartContainer - [hivemq-test-hivemq-platform] [hivemq-platform-operator] [30ded5b6] 	at java.base/java.util.concurrent.CompletableFuture$UniWhenComplete.tryFire(Unknown Source)
2025-01-28 20:46:18,761 INFO c.h.h.t.HelmChartContainer - [hivemq-test-hivemq-platform] [hivemq-platform-operator] [30ded5b6] 	at java.base/java.util.concurrent.CompletableFuture.postComplete(Unknown Source)
2025-01-28 20:46:18,761 INFO c.h.h.t.HelmChartContainer - [hivemq-test-hivemq-platform] [hivemq-platform-operator] [30ded5b6] 	at java.base/java.util.concurrent.CompletableFuture.complete(Unknown Source)
2025-01-28 20:46:18,761 INFO c.h.h.t.HelmChartContainer - [hivemq-test-hivemq-platform] [hivemq-platform-operator] [30ded5b6] 	at io.fabric8.kubernetes.client.http.ByteArrayBodyHandler.onBodyDone(ByteArrayBodyHandler.java:51)
2025-01-28 20:46:18,761 INFO c.h.h.t.HelmChartContainer - [hivemq-test-hivemq-platform] [hivemq-platform-operator] [30ded5b6] 	at java.base/java.util.concurrent.CompletableFuture.uniWhenComplete(Unknown Source)
2025-01-28 20:46:18,761 INFO c.h.h.t.HelmChartContainer - [hivemq-test-hivemq-platform] [hivemq-platform-operator] [30ded5b6] 	at java.base/java.util.concurrent.CompletableFuture$UniWhenComplete.tryFire(Unknown Source)
2025-01-28 20:46:18,761 INFO c.h.h.t.HelmChartContainer - [hivemq-test-hivemq-platform] [hivemq-platform-operator] [30ded5b6] 	at java.base/java.util.concurrent.CompletableFuture.postComplete(Unknown Source)
2025-01-28 20:46:18,761 INFO c.h.h.t.HelmChartContainer - [hivemq-test-hivemq-platform] [hivemq-platform-operator] [30ded5b6] 	at java.base/java.util.concurrent.CompletableFuture.complete(Unknown Source)
2025-01-28 20:46:18,761 INFO c.h.h.t.HelmChartContainer - [hivemq-test-hivemq-platform] [hivemq-platform-operator] [30ded5b6] 	at io.fabric8.kubernetes.client.vertx.VertxHttpRequest.lambda$null$1(VertxHttpRequest.java:121)
2025-01-28 20:46:18,761 INFO c.h.h.t.HelmChartContainer - [hivemq-test-hivemq-platform] [hivemq-platform-operator] [30ded5b6] 	at io.vertx.core.impl.ContextInternal.dispatch(ContextInternal.java:279)
2025-01-28 20:46:18,761 INFO c.h.h.t.HelmChartContainer - [hivemq-test-hivemq-platform] [hivemq-platform-operator] [30ded5b6] 	at io.vertx.core.impl.ContextInternal.dispatch(ContextInternal.java:261)
2025-01-28 20:46:18,761 INFO c.h.h.t.HelmChartContainer - [hivemq-test-hivemq-platform] [hivemq-platform-operator] [30ded5b6] 	at io.vertx.core.http.impl.HttpEventHandler.handleEnd(HttpEventHandler.java:76)
2025-01-28 20:46:18,761 INFO c.h.h.t.HelmChartContainer - [hivemq-test-hivemq-platform] [hivemq-platform-operator] [30ded5b6] 	at io.vertx.core.http.impl.HttpClientResponseImpl.handleEnd(HttpClientResponseImpl.java:250)
2025-01-28 20:46:18,762 INFO c.h.h.t.HelmChartContainer - [hivemq-test-hivemq-platform] [hivemq-platform-operator] [30ded5b6] 	at io.vertx.core.http.impl.Http1xClientConnection$StreamImpl.lambda$new$0(Http1xClientConnection.java:421)
2025-01-28 20:46:18,762 INFO c.h.h.t.HelmChartContainer - [hivemq-test-hivemq-platform] [hivemq-platform-operator] [30ded5b6] 	at io.vertx.core.streams.impl.InboundBuffer.handleEvent(InboundBuffer.java:279)
2025-01-28 20:46:18,762 INFO c.h.h.t.HelmChartContainer - [hivemq-test-hivemq-platform] [hivemq-platform-operator] [30ded5b6] 	at io.vertx.core.streams.impl.InboundBuffer.write(InboundBuffer.java:157)
2025-01-28 20:46:18,762 INFO c.h.h.t.HelmChartContainer - [hivemq-test-hivemq-platform] [hivemq-platform-operator] [30ded5b6] 	at io.vertx.core.http.impl.Http1xClientConnection$StreamImpl.handleEnd(Http1xClientConnection.java:709)
2025-01-28 20:46:18,762 INFO c.h.h.t.HelmChartContainer - [hivemq-test-hivemq-platform] [hivemq-platform-operator] [30ded5b6] 	at io.vertx.core.impl.ContextImpl.lambda$execute$4(ContextImpl.java:315)
2025-01-28 20:46:18,762 INFO c.h.h.t.HelmChartContainer - [hivemq-test-hivemq-platform] [hivemq-platform-operator] [30ded5b6] 	at io.netty.util.concurrent.AbstractEventExecutor.runTask(AbstractEventExecutor.java:173)
2025-01-28 20:46:18,762 INFO c.h.h.t.HelmChartContainer - [hivemq-test-hivemq-platform] [hivemq-platform-operator] [30ded5b6] 	at io.netty.util.concurrent.AbstractEventExecutor.safeExecute(AbstractEventExecutor.java:166)
2025-01-28 20:46:18,762 INFO c.h.h.t.HelmChartContainer - [hivemq-test-hivemq-platform] [hivemq-platform-operator] [30ded5b6] 	at io.netty.util.concurrent.SingleThreadEventExecutor.runAllTasks(SingleThreadEventExecutor.java:472)
2025-01-28 20:46:18,762 INFO c.h.h.t.HelmChartContainer - [hivemq-test-hivemq-platform] [hivemq-platform-operator] [30ded5b6] 	at io.netty.channel.nio.NioEventLoop.run(NioEventLoop.java:569)
2025-01-28 20:46:18,762 INFO c.h.h.t.HelmChartContainer - [hivemq-test-hivemq-platform] [hivemq-platform-operator] [30ded5b6] 	at io.netty.util.concurrent.SingleThreadEventExecutor$4.run(SingleThreadEventExecutor.java:997)
2025-01-28 20:46:18,762 INFO c.h.h.t.HelmChartContainer - [hivemq-test-hivemq-platform] [hivemq-platform-operator] [30ded5b6] 	at io.netty.util.internal.ThreadExecutorMap$2.run(ThreadExecutorMap.java:74)
2025-01-28 20:46:18,762 INFO c.h.h.t.HelmChartContainer - [hivemq-test-hivemq-platform] [hivemq-platform-operator] [30ded5b6] 	at io.netty.util.concurrent.FastThreadLocalRunnable.run(FastThreadLocalRunnable.java:30)
2025-01-28 20:46:18,762 INFO c.h.h.t.HelmChartContainer - [hivemq-test-hivemq-platform] [hivemq-platform-operator] [30ded5b6] 	... 1 common frames omitted
2025-01-28 20:46:18,763 INFO c.h.h.t.HelmChartContainer - [hivemq-test-hivemq-platform] [hivemq-platform-operator] [30ded5b6] 20:46:18.763 [ReconcilerExecutor-hivemq-controller-120] INFO  c.h.p.o.HiveMQPlatformReconciler - [helmplat] Cleanup test-hivemq-platform - helmplatformtlsit HiveMQ Platform is shut down
2025-01-28 20:46:19,424 INFO c.h.h.t.HelmChartContainer - [POD] test-hivemq-platform-0 [ad3590cb-3c39-4d4a-beeb-c41ddf277087] in helmplatformtlsit was MODIFIED
2025-01-28 20:46:19,428 INFO c.h.h.t.HelmChartContainer - [EVENT] Normal [Killing] Stopping container hivemq [helmplatformtlsit:test-hivemq-platform-0]
2025-01-28 20:46:19,428 INFO c.h.h.t.HelmChartContainer - Received Killing event for container hivemq in pod test-hivemq-platform-0 [ad3590cb-3c39-4d4a-beeb-c41ddf277087]
2025-01-28 20:46:19,428 INFO c.h.h.t.HelmChartContainer - Container [test-hivemq-platform-0] [hivemq] [ad3590cb-3c39-4d4a-beeb-c41ddf277087] was terminated
2025-01-28 20:46:19,428 INFO c.h.h.t.HelmChartContainer - Stopped log watcher for hivemq in pod test-hivemq-platform-0 [ad3590cb-3c39-4d4a-beeb-c41ddf277087]
2025-01-28 20:46:19,437 INFO c.h.h.t.HelmChartContainer - [test-hivemq-platform] [hivemq] [ad3590cb] INFO  - [HiveMQ Platform Operator Init App 1.7.0-SNAPSHOT] Shutting down
2025-01-28 20:46:19,437 INFO c.h.h.t.HelmChartContainer - [test-hivemq-platform] [hivemq] [ad3590cb] INFO  - [HiveMQ Platform Operator Init App 1.7.0-SNAPSHOT] Stopping the HiveMQ Platform
2025-01-28 20:46:19,603 INFO c.h.h.t.HelmChartContainer - [test-hivemq-platform] [hivemq] [ad3590cb] INFO  - Shutting down HiveMQ. Please wait, this could take a while...
2025-01-28 20:46:19,607 INFO c.h.h.t.HelmChartContainer - [test-hivemq-platform] [hivemq] [ad3590cb] INFO  - Shutting down listeners and clients
2025-01-28 20:46:19,608 INFO c.h.h.t.HelmChartContainer - [test-hivemq-platform] [hivemq] [ad3590cb] INFO  - Shutdown of listeners is done
2025-01-28 20:46:19,609 INFO c.h.h.t.HelmChartContainer - [test-hivemq-platform] [hivemq] [ad3590cb] INFO  - No clients are connected, proceeding with shutdown
2025-01-28 20:46:19,725 INFO c.h.h.t.HelmChartContainer - [test-hivemq-platform] [hivemq] [ad3590cb] WARN  - [HiveMQ Platform Operator Init App 1.7.0-SNAPSHOT] Could not update Pod annotations: Failure executing: GET at: https://10.43.0.1:443/api/v1/namespaces/helmplatformtlsit/pods/test-hivemq-platform-0. Message: pods "test-hivemq-platform-0" is forbidden: User "system:serviceaccount:helmplatformtlsit:hivemq-platform-pod-test-hivemq-platform" cannot get resource "pods" in API group "" in the namespace "helmplatformtlsit". Received status: Status(apiVersion=v1, code=403, details=StatusDetails(causes=[], group=null, kind=pods, name=test-hivemq-platform-0, retryAfterSeconds=null, uid=null, additionalProperties={}), kind=Status, message=pods "test-hivemq-platform-0" is forbidden: User "system:serviceaccount:helmplatformtlsit:hivemq-platform-pod-test-hivemq-platform" cannot get resource "pods" in API group "" in the namespace "helmplatformtlsit", metadata=ListMeta(_continue=null, remainingItemCount=null, resourceVersion=null, selfLink=null, additionalProperties={}), reason=Forbidden, status=Failure, additionalProperties={}).
2025-01-28 20:46:20,443 INFO c.h.h.t.HelmChartContainer - Deleting namespace 'helmplatformtlsit'...
2025-01-28 20:46:22,910 INFO c.h.h.t.HelmChartContainer - [test-hivemq-platform] [hivemq] [ad3590cb] INFO  - Shutting down extension system
2025-01-28 20:46:22,917 INFO c.h.h.t.HelmChartContainer - [test-hivemq-platform] [hivemq] [ad3590cb] INFO  - Stopping extension with id hivemq-dns-cluster-discovery
2025-01-28 20:46:22,917 INFO c.h.h.t.HelmChartContainer - [test-hivemq-platform] [hivemq] [ad3590cb] INFO  - Extension "DNS Cluster Discovery Extension" version 4.3.2 stopped successfully.
2025-01-28 20:46:22,918 INFO c.h.h.t.HelmChartContainer - [test-hivemq-platform] [hivemq] [ad3590cb] INFO  - Stopping extension with id hivemq-prometheus-extension
2025-01-28 20:46:22,921 INFO c.h.h.t.HelmChartContainer - [test-hivemq-platform] [hivemq] [ad3590cb] INFO  - Extension "Prometheus Monitoring Extension" version 4.0.12 stopped successfully.
2025-01-28 20:46:22,921 INFO c.h.h.t.HelmChartContainer - [test-hivemq-platform] [hivemq] [ad3590cb] INFO  - Stopping extension with id hivemq-allow-all-extension
2025-01-28 20:46:22,921 INFO c.h.h.t.HelmChartContainer - [test-hivemq-platform] [hivemq] [ad3590cb] INFO  - Extension "Allow All Extension" version 1.1.1 stopped successfully.
2025-01-28 20:46:24,209 INFO c.h.h.t.HelmChartContainer - [test-hivemq-platform] [hivemq] [ad3590cb] INFO  - [HiveMQ Platform Operator Init App 1.7.0-SNAPSHOT] Returning shutdown Health API response 503 for readiness
2025-01-28 20:46:24,213 INFO c.h.h.t.HelmChartContainer - [EVENT] Warning [Unhealthy] Readiness probe failed: HTTP probe failed with statuscode: 503 [helmplatformtlsit:test-hivemq-platform-0]
2025-01-28 20:46:24,213 INFO c.h.h.t.HelmChartContainer - Received Unhealthy event for container hivemq in pod test-hivemq-platform-0 [ad3590cb-3c39-4d4a-beeb-c41ddf277087]
2025-01-28 20:46:24,729 INFO c.h.h.t.HelmChartContainer - [K3S] [authentication.go:74] "Unable to authenticate the request" err="[invalid bearer token, serviceaccounts \"hivemq-platform-pod-test-hivemq-platform\" not found]"
2025-01-28 20:46:24,749 INFO c.h.h.t.HelmChartContainer - [K3S] [authentication.go:74] "Unable to authenticate the request" err="[invalid bearer token, serviceaccounts \"hivemq-platform-pod-test-hivemq-platform\" not found]"
2025-01-28 20:46:24,751 INFO c.h.h.t.HelmChartContainer - [test-hivemq-platform] [hivemq] [ad3590cb] WARN  - [HiveMQ Platform Operator Init App 1.7.0-SNAPSHOT] Could not update Pod annotations: Failure executing: GET at: https://10.43.0.1:443/api/v1/namespaces/helmplatformtlsit/pods/test-hivemq-platform-0. Message: Unauthorized. Received status: Status(apiVersion=v1, code=401, details=null, kind=Status, message=Unauthorized, metadata=ListMeta(_continue=null, remainingItemCount=null, resourceVersion=null, selfLink=null, additionalProperties={}), reason=Unauthorized, status=Failure, additionalProperties={}).
2025-01-28 20:46:25,205 INFO c.h.h.t.HelmChartContainer - [test-hivemq-platform] [hivemq] [ad3590cb] INFO  - Shutdown completed.
2025-01-28 20:46:25,563 INFO c.h.h.t.HelmChartContainer - [K3S] [stateful_set.go:466] "StatefulSet has been deleted" key="helmplatformtlsit/test-hivemq-platform"
2025-01-28 20:46:25,566 INFO c.h.h.t.HelmChartContainer - [test-hivemq-platform] [hivemq] [ad3590cb] INFO  - [HiveMQ Platform Operator Init App 1.7.0-SNAPSHOT] The HiveMQ Platform exited with code 143
2025-01-28 20:46:25,566 INFO c.h.h.t.HelmChartContainer - [test-hivemq-platform] [hivemq] [ad3590cb] INFO  - [HiveMQ Platform Operator Init App 1.7.0-SNAPSHOT] Stopping the REST API
2025-01-28 20:46:25,606 INFO c.h.h.t.HelmChartContainer - [test-hivemq-platform] [hivemq] [ad3590cb] INFO  - [HiveMQ Platform Operator Init App 1.7.0-SNAPSHOT] Shutdown complete
2025-01-28 20:46:26,042 INFO c.h.h.t.HelmChartContainer - [POD] test-hivemq-platform-0 [ad3590cb-3c39-4d4a-beeb-c41ddf277087] in helmplatformtlsit was MODIFIED
2025-01-28 20:46:26,200 INFO c.h.h.t.HelmChartContainer - [K3S] [reconciler_common.go:162] "operationExecutor.UnmountVolume started for volume \"kube-api-access-tqtzp\" (UniqueName: \"kubernetes.io/projected/ad3590cb-3c39-4d4a-beeb-c41ddf277087-kube-api-access-tqtzp\") pod \"ad3590cb-3c39-4d4a-beeb-c41ddf277087\" (UID: \"ad3590cb-3c39-4d4a-beeb-c41ddf277087\") "
2025-01-28 20:46:26,200 INFO c.h.h.t.HelmChartContainer - [K3S] [reconciler_common.go:162] "operationExecutor.UnmountVolume started for volume \"operator-init\" (UniqueName: \"kubernetes.io/empty-dir/ad3590cb-3c39-4d4a-beeb-c41ddf277087-operator-init\") pod \"ad3590cb-3c39-4d4a-beeb-c41ddf277087\" (UID: \"ad3590cb-3c39-4d4a-beeb-c41ddf277087\") "
2025-01-28 20:46:26,200 INFO c.h.h.t.HelmChartContainer - [K3S] [reconciler_common.go:162] "operationExecutor.UnmountVolume started for volume \"mqtt-keystore-1884\" (UniqueName: \"kubernetes.io/secret/ad3590cb-3c39-4d4a-beeb-c41ddf277087-mqtt-keystore-1884\") pod \"ad3590cb-3c39-4d4a-beeb-c41ddf277087\" (UID: \"ad3590cb-3c39-4d4a-beeb-c41ddf277087\") "
2025-01-28 20:46:26,200 INFO c.h.h.t.HelmChartContainer - [K3S] [reconciler_common.go:162] "operationExecutor.UnmountVolume started for volume \"pod-info\" (UniqueName: \"kubernetes.io/configmap/ad3590cb-3c39-4d4a-beeb-c41ddf277087-pod-info\") pod \"ad3590cb-3c39-4d4a-beeb-c41ddf277087\" (UID: \"ad3590cb-3c39-4d4a-beeb-c41ddf277087\") "
2025-01-28 20:46:26,201 INFO c.h.h.t.HelmChartContainer - [K3S] [reconciler_common.go:162] "operationExecutor.UnmountVolume started for volume \"mqtt-keystore-1885\" (UniqueName: \"kubernetes.io/secret/ad3590cb-3c39-4d4a-beeb-c41ddf277087-mqtt-keystore-1885\") pod \"ad3590cb-3c39-4d4a-beeb-c41ddf277087\" (UID: \"ad3590cb-3c39-4d4a-beeb-c41ddf277087\") "
2025-01-28 20:46:26,201 INFO c.h.h.t.HelmChartContainer - [K3S] [reconciler_common.go:162] "operationExecutor.UnmountVolume started for volume \"broker-configuration\" (UniqueName: \"kubernetes.io/configmap/ad3590cb-3c39-4d4a-beeb-c41ddf277087-broker-configuration\") pod \"ad3590cb-3c39-4d4a-beeb-c41ddf277087\" (UID: \"ad3590cb-3c39-4d4a-beeb-c41ddf277087\") "
2025-01-28 20:46:26,300 INFO c.h.h.t.HelmChartContainer - [K3S] [reconciler_common.go:299] "Volume detached for volume \"kube-api-access-tqtzp\" (UniqueName: \"kubernetes.io/projected/ad3590cb-3c39-4d4a-beeb-c41ddf277087-kube-api-access-tqtzp\") on node \"e242dccaa35f\" DevicePath \"\""
2025-01-28 20:46:26,300 INFO c.h.h.t.HelmChartContainer - [K3S] [reconciler_common.go:299] "Volume detached for volume \"operator-init\" (UniqueName: \"kubernetes.io/empty-dir/ad3590cb-3c39-4d4a-beeb-c41ddf277087-operator-init\") on node \"e242dccaa35f\" DevicePath \"\""
2025-01-28 20:46:26,300 INFO c.h.h.t.HelmChartContainer - [K3S] [reconciler_common.go:299] "Volume detached for volume \"mqtt-keystore-1884\" (UniqueName: \"kubernetes.io/secret/ad3590cb-3c39-4d4a-beeb-c41ddf277087-mqtt-keystore-1884\") on node \"e242dccaa35f\" DevicePath \"\""
2025-01-28 20:46:26,300 INFO c.h.h.t.HelmChartContainer - [K3S] [reconciler_common.go:299] "Volume detached for volume \"pod-info\" (UniqueName: \"kubernetes.io/configmap/ad3590cb-3c39-4d4a-beeb-c41ddf277087-pod-info\") on node \"e242dccaa35f\" DevicePath \"\""
2025-01-28 20:46:26,300 INFO c.h.h.t.HelmChartContainer - [K3S] [reconciler_common.go:299] "Volume detached for volume \"broker-configuration\" (UniqueName: \"kubernetes.io/configmap/ad3590cb-3c39-4d4a-beeb-c41ddf277087-broker-configuration\") on node \"e242dccaa35f\" DevicePath \"\""
2025-01-28 20:46:26,300 INFO c.h.h.t.HelmChartContainer - [K3S] [reconciler_common.go:299] "Volume detached for volume \"mqtt-keystore-1885\" (UniqueName: \"kubernetes.io/secret/ad3590cb-3c39-4d4a-beeb-c41ddf277087-mqtt-keystore-1885\") on node \"e242dccaa35f\" DevicePath \"\""
2025-01-28 20:46:26,971 INFO c.h.h.t.HelmChartContainer - [K3S] [scope.go:117] "RemoveContainer" containerID="2a0318de2539b3e7bf6a9ee99a8544aefb0e0441cf2fc7f763744997004e0e94"
2025-01-28 20:46:26,999 INFO c.h.h.t.HelmChartContainer - [POD] test-hivemq-platform-0 [ad3590cb-3c39-4d4a-beeb-c41ddf277087] in helmplatformtlsit was MODIFIED
2025-01-28 20:46:27,002 INFO c.h.h.t.HelmChartContainer - [POD] test-hivemq-platform-0 [ad3590cb-3c39-4d4a-beeb-c41ddf277087] in helmplatformtlsit was DELETED
2025-01-28 20:46:27,084 INFO c.h.h.t.HelmChartContainer - [K3S] [scope.go:117] "RemoveContainer" containerID="9f003aba4cc39949af5395646a8741159cfb52f186249873b895dfcda0ceb9c5"
2025-01-28 20:46:27,088 INFO c.h.h.t.HelmChartContainer - [K3S] [scope.go:117] "RemoveContainer" containerID="2a0318de2539b3e7bf6a9ee99a8544aefb0e0441cf2fc7f763744997004e0e94"
2025-01-28 20:46:27,088 INFO c.h.h.t.HelmChartContainer - [K3S] [scope.go:117] "RemoveContainer" containerID="9f003aba4cc39949af5395646a8741159cfb52f186249873b895dfcda0ceb9c5"
2025-01-28 20:46:27,412 INFO c.h.h.t.HelmChartContainer - [K3S] [kubelet_volumes.go:163] "Cleaned up orphaned pod volumes dir" podUID="ad3590cb-3c39-4d4a-beeb-c41ddf277087" path="/var/lib/kubelet/pods/ad3590cb-3c39-4d4a-beeb-c41ddf277087/volumes"
2025-01-28 20:46:30,768 INFO c.h.h.t.HelmChartContainer - Namespace 'helmplatformtlsit' deleted
2025-01-28 20:46:30,768 INFO c.h.h.t.HelmChartContainer - Release 'test-hivemq-platform' in namespace 'helmplatformtlsit' is uninstalled
2025-01-28 20:46:30,768 INFO c.h.h.t.HelmChartContainer - Uninstalling release 'test-hivemq-platform-operator' in namespace 'helmplatformtlsit-operator'...
2025-01-28 20:46:30,768 DEBUG c.h.h.t.HelmChartContainer - Executing helm command: /bin/helm --kubeconfig /etc/rancher/k3s/k3s.yaml uninstall test-hivemq-platform-operator  --wait --timeout 5m0s --cascade foreground --namespace helmplatformtlsit-operator
2025-01-28 20:46:30,967 INFO c.h.h.t.HelmChartContainer - [K3S] [replica_set.go:679] "Finished syncing" kind="ReplicaSet" key="helmplatformtlsit-operator/hivemq-test-hivemq-platform-operator-6966f96d65" duration="14.435797ms"
2025-01-28 20:46:30,967 INFO c.h.h.t.HelmChartContainer - [K3S] [replica_set.go:679] "Finished syncing" kind="ReplicaSet" key="helmplatformtlsit-operator/hivemq-test-hivemq-platform-operator-6966f96d65" duration="48.971µs"
2025-01-28 20:46:30,976 INFO c.h.h.t.HelmChartContainer - [POD] hivemq-test-hivemq-platform-operator-6966f96d65-28dk9 [30ded5b6-cab4-46e8-a497-4a60a03effd5] in helmplatformtlsit-operator was MODIFIED
2025-01-28 20:46:30,993 INFO c.h.h.t.HelmChartContainer - [EVENT] Normal [Killing] Stopping container hivemq-platform-operator [helmplatformtlsit-operator:hivemq-test-hivemq-platform-operator-6966f96d65-28dk9]
2025-01-28 20:46:30,993 INFO c.h.h.t.HelmChartContainer - [K3S] [replica_set.go:679] "Finished syncing" kind="ReplicaSet" key="helmplatformtlsit-operator/hivemq-test-hivemq-platform-operator-6966f96d65" duration="13.823466ms"
2025-01-28 20:46:30,993 INFO c.h.h.t.HelmChartContainer - Received Killing event for container hivemq-platform-operator in pod hivemq-test-hivemq-platform-operator-6966f96d65-28dk9 [30ded5b6-cab4-46e8-a497-4a60a03effd5]
2025-01-28 20:46:30,993 INFO c.h.h.t.HelmChartContainer - Container [hivemq-test-hivemq-platform-operator-6966f96d65-28dk9] [hivemq-platform-operator] [30ded5b6-cab4-46e8-a497-4a60a03effd5] was terminated
2025-01-28 20:46:30,994 INFO c.h.h.t.HelmChartContainer - Stopped log watcher for hivemq-platform-operator in pod hivemq-test-hivemq-platform-operator-6966f96d65-28dk9 [30ded5b6-cab4-46e8-a497-4a60a03effd5]
2025-01-28 20:46:30,996 INFO c.h.h.t.HelmChartContainer - [K3S] [replica_set.go:679] "Finished syncing" kind="ReplicaSet" key="helmplatformtlsit-operator/hivemq-test-hivemq-platform-operator-6966f96d65" duration="35.937µs"
2025-01-28 20:46:31,031 INFO c.h.h.t.HelmChartContainer - [hivemq-test-hivemq-platform] [hivemq-platform-operator] [30ded5b6] 20:46:31.029 [application-shutdown-thread] INFO  c.h.p.o.HiveMQPlatformOperatorApplication - HiveMQ Platform Operator is stopping...
2025-01-28 20:46:31,031 INFO c.h.h.t.HelmChartContainer - [hivemq-test-hivemq-platform] [hivemq-platform-operator] [30ded5b6] 20:46:31.029 [application-shutdown-thread] INFO  i.javaoperatorsdk.operator.Operator - Operator SDK 4.9.7 is shutting down...
2025-01-28 20:46:31,597 INFO c.h.h.t.HelmChartContainer - [K3S] [replica_set.go:679] "Finished syncing" kind="ReplicaSet" key="helmplatformtlsit-operator/hivemq-test-hivemq-platform-operator-6966f96d65" duration="44.112µs"
2025-01-28 20:46:31,598 INFO c.h.h.t.HelmChartContainer - [POD] hivemq-test-hivemq-platform-operator-6966f96d65-28dk9 [30ded5b6-cab4-46e8-a497-4a60a03effd5] in helmplatformtlsit-operator was MODIFIED
2025-01-28 20:46:31,635 INFO c.h.h.t.HelmChartContainer - [K3S] [reconciler_common.go:162] "operationExecutor.UnmountVolume started for volume \"kube-api-access-g997k\" (UniqueName: \"kubernetes.io/projected/30ded5b6-cab4-46e8-a497-4a60a03effd5-kube-api-access-g997k\") pod \"30ded5b6-cab4-46e8-a497-4a60a03effd5\" (UID: \"30ded5b6-cab4-46e8-a497-4a60a03effd5\") "
2025-01-28 20:46:31,736 INFO c.h.h.t.HelmChartContainer - [K3S] [reconciler_common.go:299] "Volume detached for volume \"kube-api-access-g997k\" (UniqueName: \"kubernetes.io/projected/30ded5b6-cab4-46e8-a497-4a60a03effd5-kube-api-access-g997k\") on node \"e242dccaa35f\" DevicePath \"\""
2025-01-28 20:46:31,980 INFO c.h.h.t.HelmChartContainer - [K3S] [scope.go:117] "RemoveContainer" containerID="ff18fd40fffe475d7b460f2a89bbda1c9bb2e39843d7052e61c20edfe9976406"
2025-01-28 20:46:31,984 INFO c.h.h.t.HelmChartContainer - [K3S] [scope.go:117] "RemoveContainer" containerID="ff18fd40fffe475d7b460f2a89bbda1c9bb2e39843d7052e61c20edfe9976406"
2025-01-28 20:46:31,992 INFO c.h.h.t.HelmChartContainer - [K3S] [replica_set.go:679] "Finished syncing" kind="ReplicaSet" key="helmplatformtlsit-operator/hivemq-test-hivemq-platform-operator-6966f96d65" duration="43.842µs"
2025-01-28 20:46:31,992 INFO c.h.h.t.HelmChartContainer - [POD] hivemq-test-hivemq-platform-operator-6966f96d65-28dk9 [30ded5b6-cab4-46e8-a497-4a60a03effd5] in helmplatformtlsit-operator was MODIFIED
2025-01-28 20:46:31,994 INFO c.h.h.t.HelmChartContainer - [K3S] [replica_set.go:679] "Finished syncing" kind="ReplicaSet" key="helmplatformtlsit-operator/hivemq-test-hivemq-platform-operator-6966f96d65" duration="30.116µs"
2025-01-28 20:46:31,994 INFO c.h.h.t.HelmChartContainer - [POD] hivemq-test-hivemq-platform-operator-6966f96d65-28dk9 [30ded5b6-cab4-46e8-a497-4a60a03effd5] in helmplatformtlsit-operator was DELETED
2025-01-28 20:46:32,004 INFO c.h.h.t.HelmChartContainer - [K3S] [replica_set.go:679] "Finished syncing" kind="ReplicaSet" key="helmplatformtlsit-operator/hivemq-test-hivemq-platform-operator-6966f96d65" duration="5.33µs"
2025-01-28 20:46:33,000 INFO c.h.h.t.HelmChartContainer - Deleting namespace 'helmplatformtlsit-operator'...
2025-01-28 20:46:33,412 INFO c.h.h.t.HelmChartContainer - [K3S] [kubelet_volumes.go:163] "Cleaned up orphaned pod volumes dir" podUID="30ded5b6-cab4-46e8-a497-4a60a03effd5" path="/var/lib/kubelet/pods/30ded5b6-cab4-46e8-a497-4a60a03effd5/volumes"
2025-01-28 20:46:35,692 INFO c.h.h.t.HelmChartContainer - [K3S] [namespace_controller.go:187] "Namespace has been deleted" namespace="helmplatformtlsit"
2025-01-28 20:46:38,213 INFO c.h.h.t.HelmChartContainer - Namespace 'helmplatformtlsit-operator' deleted
2025-01-28 20:46:38,213 INFO c.h.h.t.HelmChartContainer - Release 'test-hivemq-platform-operator' in namespace 'helmplatformtlsit-operator' is uninstalled
2025-01-28 20:46:38,781 INFO c.h.helmcharts.AbstractHelmChartIT - Removed unused containers:

2025-01-28 20:46:43,129 INFO c.h.h.t.HelmChartContainer - [K3S] [namespace_controller.go:187] "Namespace has been deleted" namespace="helmplatformtlsit-operator"
2025-01-28 20:46:46,217 INFO c.h.helmcharts.AbstractHelmChartIT - Removed unused snapshots:
Removing snapshot sha256:03af251906410714c5aef9fa705b63f6bbc39c4a5e787de7361eeb18886c2ed2
Removing snapshot sha256:0c46b3b43cce082ce5ec34ffc6c294e0417d17b9d1e6f366d114b6aadc4f96dc
Removing snapshot sha256:0ce761beee59082d6ed5bcebd3a805b8ddd9b3426b617e4809e7fb7c6587ffec
Removing snapshot sha256:0df91287303208332c8ff6ba40ae4710105201739addbfbddfb955f1ad593664
Removing snapshot sha256:1021ef88c7974bfff89c5a0ec4fd3160daac6c48a075f74cff721f85dd104e68
Removing snapshot sha256:10aba4953ddc18145dd38e3704709bc464aa20af60b56fe52caaff4b68411e62
Removing snapshot sha256:2573e0d8158209ed54ab25c87bcdcb00bd3d2539246960a3d592a1c599d70465
Removing snapshot sha256:258960e60dce78736cadd3448efec136618ad02ca403ad81288bbeabb60d6da7
Removing snapshot sha256:362a8a37f8bbc31925a8146adcf7cf51f9882f5c1dcbef67c5baa03a297543c0
Removing snapshot sha256:43a7c979bbaba6838bc3102d6b10a1459f3ab050b87ccdfef84ef90cf43d3058
Removing snapshot sha256:4ab04491cdf0d3267f08206fe30bd48f49f94b9cab2f016d6739220f722a64af
Removing snapshot sha256:4b6068250e89c96f263060261819c7d912855bfbd64b3eb4c4a8483299b8c295
Removing snapshot sha256:580e69a0a8034ede1921139bbd2bfb72a69ebf276d008281896c32dd8bf74775
Removing snapshot sha256:5d30ba46b27fe37484567ccc5242cadc78217b8da605f3f195ef25cbf7487904
Removing snapshot sha256:63ca1fbb43ae5034640e5e6cb3e083e05c290072c5366fcaa9d62435a4cced85
Removing snapshot sha256:67f702c6baae873bceb19487c8b1f27bd2b86077e4f2f0e480e6d60ab508b8f5
Removing snapshot sha256:6864348dd42806d552efdec384f1274be15e2d0c10ce44c1f04347af004c10a9
Removing snapshot sha256:6c7dee8f2c39b84b7dc2711c01d33de93514d9055499173e9290176fbe484b6c
Removing snapshot sha256:82753493a6d61ded36556292f02f31841a14c20d2f279f19eaad65afb661d5cd
Removing snapshot sha256:8a10d3db42c505ee0fcfa98417bdd7e39b304f6bcc0a06bb1b220797ff2cc63c
Removing snapshot sha256:a0904247e36a7726c03c71ee48f3e64462021c88dafeb13f37fdaf613b27f11c
Removing snapshot sha256:a21e5b12dbac529ad45d976eb9ce45c881f3bedcc500fb30aba1e52aa1813418
Removing snapshot sha256:b66a6fd21afb31807017381cd183450aacec629ebaf238eb9d3985684dec4faa
Removing snapshot sha256:b921e6c28969094157f9b8e7244677780319637afd14450b7cb6b2fdea558a0c
Removing snapshot sha256:bc27ecb5769a00e309cf99ebc763c4a4b958b618d1decc96ffac5bc05f02f5b7
Removing snapshot sha256:be3ccb6627a5332e309d45ef461d09b4879dd870c7394d89323d0ebc6ca6aa8a
Removing snapshot sha256:c261f7cbbc64211ee175ee47273acdb7b1a36a4450b397a064a8f2c026490095
Removing snapshot sha256:c34d9393647eea0c9e3557ab988efaf59f61d10a2a5613b439ef0958cca5ec10
Removing snapshot sha256:ccf3c4a0fa967a41c1c83497a2ce6fa5787965859df0adb32c4ca2cf7490bc2b
Removing snapshot sha256:cf92d33f869417309692088c341cd0f223c178ea78a125f757317b22aa8f90e9
Removing snapshot sha256:d0037344cf2fb078884f1849f6a1f8cf9a33a3b6139b6a85833e5ee528e1f9a8
Removing snapshot sha256:d3b36d5b79273b1e98e7700470eaeff05a882e777124d84cebcc1505b85ecb36
Removing snapshot sha256:d65a44a37914602d12c611e5e22a50f11451d847e63015cc1c2aef92dee777a4
Removing snapshot sha256:e2dc0bae2455930f23ae570e019b7f32edc75c0f2d71cab084db837ff9051796
Removing snapshot sha256:eccbd24a99c60cd9e86ee5305dbfc4a4dc89f5ab4fb1f06c8d64797cecedef34
Removing snapshot sha256:f144bb4c7c7f0d2aa7eeffd36d934ec40db1ee167be727e326aad9fdc616f475

]]></system-out>
  </testcase>
  <system-out><![CDATA[2025-01-28 20:42:38,133 INFO o.t.containers.SeleniumUtils - Selenium API version 4.28.1 detected on classpath
2025-01-28 20:42:38,154 INFO t.selenium/standalone-chrome:4.28.1 - Pulling docker image: selenium/standalone-chrome:4.28.1. Please be patient; this may take some time but only needs to be done once.
2025-01-28 20:42:39,162 INFO t.selenium/standalone-chrome:4.28.1 - Starting to pull image
2025-01-28 20:42:39,164 INFO t.selenium/standalone-chrome:4.28.1 - Pulling image layers:  0 pending,  0 downloaded,  0 extracted, (0 bytes/0 bytes)
2025-01-28 20:42:39,686 INFO t.selenium/standalone-chrome:4.28.1 - Pulling image layers: 32 pending,  1 downloaded,  0 extracted, (3 KB/? MB)
2025-01-28 20:42:39,931 INFO t.selenium/standalone-chrome:4.28.1 - Pulling image layers: 31 pending,  2 downloaded,  0 extracted, (57 MB/? MB)
2025-01-28 20:42:40,198 INFO t.selenium/standalone-chrome:4.28.1 - Pulling image layers: 30 pending,  3 downloaded,  0 extracted, (100 MB/? MB)
2025-01-28 20:42:40,460 INFO t.selenium/standalone-chrome:4.28.1 - Pulling image layers: 29 pending,  4 downloaded,  0 extracted, (206 MB/? MB)
2025-01-28 20:42:40,497 INFO t.selenium/standalone-chrome:4.28.1 - Pulling image layers: 28 pending,  5 downloaded,  0 extracted, (206 MB/? MB)
2025-01-28 20:42:40,709 INFO t.selenium/standalone-chrome:4.28.1 - Pulling image layers: 27 pending,  6 downloaded,  0 extracted, (233 MB/? MB)
2025-01-28 20:42:40,746 INFO t.selenium/standalone-chrome:4.28.1 - Pulling image layers: 26 pending,  7 downloaded,  0 extracted, (236 MB/? MB)
2025-01-28 20:42:41,049 INFO t.selenium/standalone-chrome:4.28.1 - Pulling image layers: 25 pending,  8 downloaded,  0 extracted, (268 MB/? MB)
2025-01-28 20:42:41,225 INFO t.selenium/standalone-chrome:4.28.1 - Pulling image layers: 24 pending,  9 downloaded,  0 extracted, (277 MB/? MB)
2025-01-28 20:42:41,445 INFO t.selenium/standalone-chrome:4.28.1 - Pulling image layers: 23 pending, 10 downloaded,  0 extracted, (300 MB/? MB)
2025-01-28 20:42:41,698 INFO t.selenium/standalone-chrome:4.28.1 - Pulling image layers: 22 pending, 11 downloaded,  0 extracted, (321 MB/? MB)
2025-01-28 20:42:41,963 INFO t.selenium/standalone-chrome:4.28.1 - Pulling image layers: 21 pending, 12 downloaded,  0 extracted, (362 MB/? MB)
2025-01-28 20:42:42,090 INFO t.selenium/standalone-chrome:4.28.1 - Pulling image layers: 20 pending, 13 downloaded,  0 extracted, (392 MB/? MB)
2025-01-28 20:42:43,557 INFO t.selenium/standalone-chrome:4.28.1 - Pulling image layers: 19 pending, 14 downloaded,  0 extracted, (523 MB/? MB)
2025-01-28 20:42:43,958 INFO t.selenium/standalone-chrome:4.28.1 - Pulling image layers: 18 pending, 15 downloaded,  0 extracted, (543 MB/? MB)
2025-01-28 20:42:44,209 INFO t.selenium/standalone-chrome:4.28.1 - Pulling image layers: 17 pending, 16 downloaded,  0 extracted, (543 MB/? MB)
2025-01-28 20:42:44,549 INFO t.selenium/standalone-chrome:4.28.1 - Pulling image layers: 16 pending, 17 downloaded,  0 extracted, (543 MB/? MB)
2025-01-28 20:42:44,807 INFO t.selenium/standalone-chrome:4.28.1 - Pulling image layers: 15 pending, 18 downloaded,  0 extracted, (543 MB/? MB)
2025-01-28 20:42:45,251 INFO t.selenium/standalone-chrome:4.28.1 - Pulling image layers: 15 pending, 18 downloaded,  1 extracted, (557 MB/? MB)
2025-01-28 20:42:45,939 INFO t.selenium/standalone-chrome:4.28.1 - Pulling image layers: 14 pending, 19 downloaded,  1 extracted, (694 MB/? MB)
2025-01-28 20:42:45,981 INFO t.selenium/standalone-chrome:4.28.1 - Pulling image layers: 13 pending, 20 downloaded,  1 extracted, (694 MB/? MB)
2025-01-28 20:42:46,194 INFO t.selenium/standalone-chrome:4.28.1 - Pulling image layers: 12 pending, 21 downloaded,  1 extracted, (694 MB/? MB)
2025-01-28 20:42:46,224 INFO t.selenium/standalone-chrome:4.28.1 - Pulling image layers: 11 pending, 22 downloaded,  1 extracted, (694 MB/? MB)
2025-01-28 20:42:46,479 INFO t.selenium/standalone-chrome:4.28.1 - Pulling image layers: 10 pending, 23 downloaded,  1 extracted, (704 MB/? MB)
2025-01-28 20:42:46,844 INFO t.selenium/standalone-chrome:4.28.1 - Pulling image layers:  9 pending, 24 downloaded,  1 extracted, (712 MB/? MB)
2025-01-28 20:42:46,845 INFO t.selenium/standalone-chrome:4.28.1 - Pulling image layers:  8 pending, 25 downloaded,  1 extracted, (712 MB/? MB)
2025-01-28 20:42:46,867 INFO t.selenium/standalone-chrome:4.28.1 - Pulling image layers:  8 pending, 25 downloaded,  2 extracted, (712 MB/? MB)
2025-01-28 20:42:46,879 INFO t.selenium/standalone-chrome:4.28.1 - Pulling image layers:  8 pending, 25 downloaded,  3 extracted, (712 MB/? MB)
2025-01-28 20:42:46,892 INFO t.selenium/standalone-chrome:4.28.1 - Pulling image layers:  8 pending, 25 downloaded,  4 extracted, (712 MB/? MB)
2025-01-28 20:42:46,902 INFO t.selenium/standalone-chrome:4.28.1 - Pulling image layers:  8 pending, 25 downloaded,  5 extracted, (712 MB/? MB)
2025-01-28 20:42:46,911 INFO t.selenium/standalone-chrome:4.28.1 - Pulling image layers:  8 pending, 25 downloaded,  6 extracted, (712 MB/? MB)
2025-01-28 20:42:46,920 INFO t.selenium/standalone-chrome:4.28.1 - Pulling image layers:  8 pending, 25 downloaded,  7 extracted, (712 MB/? MB)
2025-01-28 20:42:46,929 INFO t.selenium/standalone-chrome:4.28.1 - Pulling image layers:  8 pending, 25 downloaded,  8 extracted, (712 MB/? MB)
2025-01-28 20:42:47,001 INFO t.selenium/standalone-chrome:4.28.1 - Pulling image layers:  8 pending, 25 downloaded,  9 extracted, (713 MB/? MB)
2025-01-28 20:42:47,097 INFO t.selenium/standalone-chrome:4.28.1 - Pulling image layers:  7 pending, 26 downloaded,  9 extracted, (713 MB/? MB)
2025-01-28 20:42:47,100 INFO t.selenium/standalone-chrome:4.28.1 - Pulling image layers:  6 pending, 27 downloaded,  9 extracted, (713 MB/? MB)
2025-01-28 20:42:47,160 INFO t.selenium/standalone-chrome:4.28.1 - Pulling image layers:  6 pending, 27 downloaded, 10 extracted, (724 MB/? MB)
2025-01-28 20:42:47,287 INFO t.selenium/standalone-chrome:4.28.1 - Pulling image layers:  5 pending, 28 downloaded, 10 extracted, (724 MB/? MB)
2025-01-28 20:42:47,359 INFO t.selenium/standalone-chrome:4.28.1 - Pulling image layers:  4 pending, 29 downloaded, 10 extracted, (724 MB/? MB)
2025-01-28 20:42:47,362 INFO t.selenium/standalone-chrome:4.28.1 - Pulling image layers:  3 pending, 30 downloaded, 10 extracted, (724 MB/? MB)
2025-01-28 20:42:47,577 INFO t.selenium/standalone-chrome:4.28.1 - Pulling image layers:  2 pending, 31 downloaded, 10 extracted, (728 MB/? MB)
2025-01-28 20:42:47,593 INFO t.selenium/standalone-chrome:4.28.1 - Pulling image layers:  2 pending, 31 downloaded, 11 extracted, (728 MB/? MB)
2025-01-28 20:42:47,616 INFO t.selenium/standalone-chrome:4.28.1 - Pulling image layers:  1 pending, 32 downloaded, 11 extracted, (728 MB/? MB)
2025-01-28 20:42:49,954 INFO t.selenium/standalone-chrome:4.28.1 - Pulling image layers:  1 pending, 32 downloaded, 12 extracted, (728 MB/? MB)
2025-01-28 20:42:49,964 INFO t.selenium/standalone-chrome:4.28.1 - Pulling image layers:  1 pending, 32 downloaded, 13 extracted, (728 MB/? MB)
2025-01-28 20:42:49,977 INFO t.selenium/standalone-chrome:4.28.1 - Pulling image layers:  1 pending, 32 downloaded, 14 extracted, (728 MB/? MB)
2025-01-28 20:42:50,001 INFO t.selenium/standalone-chrome:4.28.1 - Pulling image layers:  1 pending, 32 downloaded, 15 extracted, (728 MB/? MB)
2025-01-28 20:42:53,589 INFO t.selenium/standalone-chrome:4.28.1 - Pulling image layers:  1 pending, 32 downloaded, 16 extracted, (730 MB/? MB)
2025-01-28 20:42:54,552 INFO t.selenium/standalone-chrome:4.28.1 - Pulling image layers:  1 pending, 32 downloaded, 17 extracted, (739 MB/? MB)
2025-01-28 20:42:54,564 INFO t.selenium/standalone-chrome:4.28.1 - Pulling image layers:  1 pending, 32 downloaded, 18 extracted, (739 MB/? MB)
2025-01-28 20:42:54,578 INFO t.selenium/standalone-chrome:4.28.1 - Pulling image layers:  1 pending, 32 downloaded, 19 extracted, (739 MB/? MB)
2025-01-28 20:42:54,588 INFO t.selenium/standalone-chrome:4.28.1 - Pulling image layers:  1 pending, 32 downloaded, 20 extracted, (739 MB/? MB)
2025-01-28 20:42:59,357 INFO t.selenium/standalone-chrome:4.28.1 - Pulling image layers:  1 pending, 32 downloaded, 21 extracted, (752 MB/? MB)
2025-01-28 20:42:59,368 INFO t.selenium/standalone-chrome:4.28.1 - Pulling image layers:  1 pending, 32 downloaded, 22 extracted, (752 MB/? MB)
2025-01-28 20:42:59,378 INFO t.selenium/standalone-chrome:4.28.1 - Pulling image layers:  1 pending, 32 downloaded, 23 extracted, (752 MB/? MB)
2025-01-28 20:42:59,496 INFO t.selenium/standalone-chrome:4.28.1 - Pulling image layers:  1 pending, 32 downloaded, 24 extracted, (752 MB/? MB)
2025-01-28 20:42:59,509 INFO t.selenium/standalone-chrome:4.28.1 - Pulling image layers:  1 pending, 32 downloaded, 25 extracted, (752 MB/? MB)
2025-01-28 20:42:59,520 INFO t.selenium/standalone-chrome:4.28.1 - Pulling image layers:  1 pending, 32 downloaded, 26 extracted, (752 MB/? MB)
2025-01-28 20:42:59,529 INFO t.selenium/standalone-chrome:4.28.1 - Pulling image layers:  1 pending, 32 downloaded, 27 extracted, (752 MB/? MB)
2025-01-28 20:42:59,537 INFO t.selenium/standalone-chrome:4.28.1 - Pulling image layers:  1 pending, 32 downloaded, 28 extracted, (752 MB/? MB)
2025-01-28 20:42:59,548 INFO t.selenium/standalone-chrome:4.28.1 - Pulling image layers:  1 pending, 32 downloaded, 29 extracted, (752 MB/? MB)
2025-01-28 20:42:59,558 INFO t.selenium/standalone-chrome:4.28.1 - Pulling image layers:  1 pending, 32 downloaded, 30 extracted, (752 MB/? MB)
2025-01-28 20:42:59,568 INFO t.selenium/standalone-chrome:4.28.1 - Pulling image layers:  1 pending, 32 downloaded, 31 extracted, (752 MB/? MB)
2025-01-28 20:42:59,577 INFO t.selenium/standalone-chrome:4.28.1 - Pulling image layers:  1 pending, 32 downloaded, 32 extracted, (752 MB/? MB)
2025-01-28 20:42:59,584 INFO t.selenium/standalone-chrome:4.28.1 - Pull complete. 33 layers, pulled in 20s (downloaded 752 MB at 37 MB/s)
2025-01-28 20:42:59,584 INFO t.selenium/standalone-chrome:4.28.1 - Image selenium/standalone-chrome:4.28.1 pull took PT21.429347771S
2025-01-28 20:42:59,590 INFO t.selenium/standalone-chrome:4.28.1 - Creating container for image: selenium/standalone-chrome:4.28.1
2025-01-28 20:42:59,606 INFO t.selenium/standalone-chrome:4.28.1 - Container selenium/standalone-chrome:4.28.1 is starting: 92f0026607105478b27433929e06a2d92c5db9b1c5fba690cabb7225e3bb9f7b
2025-01-28 20:43:02,296 INFO t.selenium/standalone-chrome:4.28.1 - Container selenium/standalone-chrome:4.28.1 started in PT2.706426886S
2025-01-28 20:43:02,297 INFO c.h.h.t.HelmChartContainerExtension - Using cached HelmChartContainer instance
]]></system-out>
  <system-err><![CDATA[]]></system-err>
</testsuite>
