<?xml version="1.0" encoding="UTF-8"?>
<testsuite name="com.hivemq.helmcharts.platform.HelmCustomConfigIT" tests="4" skipped="0" failures="0" errors="0" timestamp="2025-01-27T17:04:56" hostname="fv-az789-994" time="520.254">
  <properties/>
  <testcase name="withCustomYml_hivemqRunning()" classname="com.hivemq.helmcharts.platform.HelmCustomConfigIT" time="75.461">
    <system-out><![CDATA[2025-01-27 17:04:56,522 INFO c.h.h.t.HelmChartContainer - Creating namespace 'helmcustomconfigit-operator'...
2025-01-27 17:04:56,789 INFO c.h.h.t.HelmChartContainer - Namespace 'helmcustomconfigit-operator' created
2025-01-27 17:04:56,790 INFO c.h.h.t.HelmChartContainer - Creating namespace 'helmcustomconfigit'...
2025-01-27 17:04:56,792 INFO c.h.h.t.HelmChartContainer - [POD] coredns-ff8999cc5-mdjpf [9c6a1cf7-0ea8-4eb6-86df-5fb7ab5ecfd2] in kube-system was ADDED
2025-01-27 17:04:56,794 INFO c.h.h.t.HelmChartContainer - [POD] local-path-provisioner-698b58967b-stcrw [4d3507fc-ff5c-4c68-a1ca-8fccb9ec7f6d] in kube-system was ADDED
2025-01-27 17:04:56,797 INFO c.h.h.t.HelmChartContainer - [POD] metrics-server-8584b5786c-w5fx7 [f85c5f19-c14f-4c3f-ae3c-0f42114b6c3f] in kube-system was ADDED
2025-01-27 17:04:56,804 INFO c.h.h.t.HelmChartContainer - Namespace 'helmcustomconfigit' created
2025-01-27 17:04:56,903 DEBUG c.h.h.t.HelmChartContainer - Executing helm command: /bin/helm --kubeconfig /etc/rancher/k3s/k3s.yaml install test-hivemq-platform-operator /charts/hivemq-platform-operator --wait --timeout 5m0s --set image.repository=docker.io/hivemq --set image.name=hivemq-platform-operator-test --set image.initImageName=hivemq-platform-operator-init-test --set image.tag=snapshot --set image.pullPolicy=Never --set logLevel=DEBUG --set resources.cpu=512m --namespace helmcustomconfigit-operator
2025-01-27 17:04:59,270 INFO c.h.h.t.HelmChartContainer - [K3S] [alloc.go:330] "allocated clusterIPs" service="helmcustomconfigit-operator/hivemq-platform-operator-test-hivemq-platform-operator" clusterIPs={"IPv4":"10.43.152.234"}
2025-01-27 17:04:59,284 INFO c.h.h.t.HelmChartContainer - [EVENT] Normal [ScalingReplicaSet] Scaled up replica set hivemq-test-hivemq-platform-operator-6966f96d65 from 0 to 1 [helmcustomconfigit-operator:hivemq-test-hivemq-platform-operator]
2025-01-27 17:04:59,298 INFO c.h.h.t.HelmChartContainer - [POD] hivemq-test-hivemq-platform-operator-6966f96d65-w788j [0d90484e-cd1f-4ad7-a3bc-4d14d4bab921] in helmcustomconfigit-operator was ADDED
2025-01-27 17:04:59,306 INFO c.h.h.t.HelmChartContainer - [K3S] [replica_set.go:679] "Finished syncing" kind="ReplicaSet" key="helmcustomconfigit-operator/hivemq-test-hivemq-platform-operator-6966f96d65" duration="25.894381ms"
2025-01-27 17:04:59,308 INFO c.h.h.t.HelmChartContainer - [POD] hivemq-test-hivemq-platform-operator-6966f96d65-w788j [0d90484e-cd1f-4ad7-a3bc-4d14d4bab921] in helmcustomconfigit-operator was MODIFIED
2025-01-27 17:04:59,310 INFO c.h.h.t.HelmChartContainer - [EVENT] Normal [SuccessfulCreate] Created pod: hivemq-test-hivemq-platform-operator-6966f96d65-w788j [helmcustomconfigit-operator:hivemq-test-hivemq-platform-operator-6966f96d65]
2025-01-27 17:04:59,312 INFO c.h.h.t.HelmChartContainer - [EVENT] Normal [Scheduled] Successfully assigned helmcustomconfigit-operator/hivemq-test-hivemq-platform-operator-6966f96d65-w788j to 1bf1de2df7a7 [helmcustomconfigit-operator:hivemq-test-hivemq-platform-operator-6966f96d65-w788j]
2025-01-27 17:04:59,313 INFO c.h.h.t.HelmChartContainer - [K3S] [replica_set.go:679] "Finished syncing" kind="ReplicaSet" key="helmcustomconfigit-operator/hivemq-test-hivemq-platform-operator-6966f96d65" duration="6.714672ms"
2025-01-27 17:04:59,328 INFO c.h.h.t.HelmChartContainer - [POD] hivemq-test-hivemq-platform-operator-6966f96d65-w788j [0d90484e-cd1f-4ad7-a3bc-4d14d4bab921] in helmcustomconfigit-operator was MODIFIED
2025-01-27 17:04:59,330 INFO c.h.h.t.HelmChartContainer - [K3S] [replica_set.go:679] "Finished syncing" kind="ReplicaSet" key="helmcustomconfigit-operator/hivemq-test-hivemq-platform-operator-6966f96d65" duration="17.46155ms"
2025-01-27 17:04:59,331 INFO c.h.h.t.HelmChartContainer - [K3S] [replica_set.go:679] "Finished syncing" kind="ReplicaSet" key="helmcustomconfigit-operator/hivemq-test-hivemq-platform-operator-6966f96d65" duration="59.3µs"
2025-01-27 17:04:59,405 INFO c.h.h.t.HelmChartContainer - [K3S] [reconciler_common.go:251] "operationExecutor.VerifyControllerAttachedVolume started for volume \"kube-api-access-82k94\" (UniqueName: \"kubernetes.io/projected/0d90484e-cd1f-4ad7-a3bc-4d14d4bab921-kube-api-access-82k94\") pod \"hivemq-test-hivemq-platform-operator-6966f96d65-w788j\" (UID: \"0d90484e-cd1f-4ad7-a3bc-4d14d4bab921\") " pod="helmcustomconfigit-operator/hivemq-test-hivemq-platform-operator-6966f96d65-w788j"
2025-01-27 17:04:59,699 INFO c.h.h.t.HelmChartContainer - [EVENT] Normal [Pulled] Container image "docker.io/hivemq/hivemq-platform-operator-test:snapshot" already present on machine [helmcustomconfigit-operator:hivemq-test-hivemq-platform-operator-6966f96d65-w788j]
2025-01-27 17:04:59,699 INFO c.h.h.t.HelmChartContainer - Received Pulled event for container hivemq-platform-operator in pod hivemq-test-hivemq-platform-operator-6966f96d65-w788j [0d90484e-cd1f-4ad7-a3bc-4d14d4bab921]
2025-01-27 17:04:59,708 INFO c.h.h.t.HelmChartContainer - [EVENT] Normal [Created] Created container: hivemq-platform-operator [helmcustomconfigit-operator:hivemq-test-hivemq-platform-operator-6966f96d65-w788j]
2025-01-27 17:04:59,708 INFO c.h.h.t.HelmChartContainer - Received Created event for container hivemq-platform-operator in pod hivemq-test-hivemq-platform-operator-6966f96d65-w788j [0d90484e-cd1f-4ad7-a3bc-4d14d4bab921]
2025-01-27 17:05:00,366 INFO c.h.h.t.HelmChartContainer - [K3S] [replica_set.go:679] "Finished syncing" kind="ReplicaSet" key="helmcustomconfigit-operator/hivemq-test-hivemq-platform-operator-6966f96d65" duration="46.357µs"
2025-01-27 17:05:00,370 INFO c.h.h.t.HelmChartContainer - [POD] hivemq-test-hivemq-platform-operator-6966f96d65-w788j [0d90484e-cd1f-4ad7-a3bc-4d14d4bab921] in helmcustomconfigit-operator was MODIFIED
2025-01-27 17:05:00,416 INFO c.h.h.t.HelmChartContainer - Started log watcher for hivemq-platform-operator in pod hivemq-test-hivemq-platform-operator-6966f96d65-w788j [0d90484e-cd1f-4ad7-a3bc-4d14d4bab921]
2025-01-27 17:05:00,416 INFO c.h.h.t.HelmChartContainer - [EVENT] Normal [Started] Started container hivemq-platform-operator [helmcustomconfigit-operator:hivemq-test-hivemq-platform-operator-6966f96d65-w788j]
2025-01-27 17:05:00,416 INFO c.h.h.t.HelmChartContainer - Received Started event for container hivemq-platform-operator in pod hivemq-test-hivemq-platform-operator-6966f96d65-w788j [0d90484e-cd1f-4ad7-a3bc-4d14d4bab921]
2025-01-27 17:05:00,420 INFO c.h.h.t.HelmChartContainer - [hivemq-test-hivemq-platform] [hivemq-platform-operator] [0d90484e] -------------------------------------------------------------------------
2025-01-27 17:05:00,420 INFO c.h.h.t.HelmChartContainer - [hivemq-test-hivemq-platform] [hivemq-platform-operator] [0d90484e] 
2025-01-27 17:05:00,420 INFO c.h.h.t.HelmChartContainer - [hivemq-test-hivemq-platform] [hivemq-platform-operator] [0d90484e]                   _    _  _              __  __   ____
2025-01-27 17:05:00,420 INFO c.h.h.t.HelmChartContainer - [hivemq-test-hivemq-platform] [hivemq-platform-operator] [0d90484e]                  | |  | |(_)            |  \/  | / __ \
2025-01-27 17:05:00,420 INFO c.h.h.t.HelmChartContainer - [hivemq-test-hivemq-platform] [hivemq-platform-operator] [0d90484e]                  | |__| | _ __   __ ___ | \  / || |  | |
2025-01-27 17:05:00,420 INFO c.h.h.t.HelmChartContainer - [hivemq-test-hivemq-platform] [hivemq-platform-operator] [0d90484e]                  |  __  || |\ \ / // _ \| |\/| || |  | |
2025-01-27 17:05:00,420 INFO c.h.h.t.HelmChartContainer - [hivemq-test-hivemq-platform] [hivemq-platform-operator] [0d90484e]                  | |  | || | \ V /|  __/| |  | || |__| |
2025-01-27 17:05:00,420 INFO c.h.h.t.HelmChartContainer - [hivemq-test-hivemq-platform] [hivemq-platform-operator] [0d90484e]                  |_|  |_||_|  \_/  \___||_|  |_| \___\_\
2025-01-27 17:05:00,420 INFO c.h.h.t.HelmChartContainer - [hivemq-test-hivemq-platform] [hivemq-platform-operator] [0d90484e] 
2025-01-27 17:05:00,420 INFO c.h.h.t.HelmChartContainer - [hivemq-test-hivemq-platform] [hivemq-platform-operator] [0d90484e] -------------------------------------------------------------------------
2025-01-27 17:05:00,420 INFO c.h.h.t.HelmChartContainer - [hivemq-test-hivemq-platform] [hivemq-platform-operator] [0d90484e] 
2025-01-27 17:05:00,420 INFO c.h.h.t.HelmChartContainer - [hivemq-test-hivemq-platform] [hivemq-platform-operator] [0d90484e]   HiveMQ Platform Operator Start Script v1.0
2025-01-27 17:05:00,420 INFO c.h.h.t.HelmChartContainer - [hivemq-test-hivemq-platform] [hivemq-platform-operator] [0d90484e] 
2025-01-27 17:05:00,420 INFO c.h.h.t.HelmChartContainer - [hivemq-test-hivemq-platform] [hivemq-platform-operator] [0d90484e] -------------------------------------------------------------------------
2025-01-27 17:05:00,420 INFO c.h.h.t.HelmChartContainer - [hivemq-test-hivemq-platform] [hivemq-platform-operator] [0d90484e] 
2025-01-27 17:05:00,420 INFO c.h.h.t.HelmChartContainer - [hivemq-test-hivemq-platform] [hivemq-platform-operator] [0d90484e]   JAVA_OPTS: -XX:+UnlockExperimentalVMOptions -XX:InitialRAMPercentage=75 -XX:MaxRAMPercentage=75 -Duser.language=en -Duser.region=US
2025-01-27 17:05:00,420 INFO c.h.h.t.HelmChartContainer - [hivemq-test-hivemq-platform] [hivemq-platform-operator] [0d90484e] 
2025-01-27 17:05:00,420 INFO c.h.h.t.HelmChartContainer - [hivemq-test-hivemq-platform] [hivemq-platform-operator] [0d90484e]   JAVA_VERSION: 21
2025-01-27 17:05:00,420 INFO c.h.h.t.HelmChartContainer - [hivemq-test-hivemq-platform] [hivemq-platform-operator] [0d90484e] 
2025-01-27 17:05:00,420 INFO c.h.h.t.HelmChartContainer - [hivemq-test-hivemq-platform] [hivemq-platform-operator] [0d90484e] -------------------------------------------------------------------------
2025-01-27 17:05:00,420 INFO c.h.h.t.HelmChartContainer - [hivemq-test-hivemq-platform] [hivemq-platform-operator] [0d90484e] 
2025-01-27 17:05:03,415 INFO c.h.h.t.HelmChartContainer - [hivemq-test-hivemq-platform] [hivemq-platform-operator] [0d90484e] 17:05:03.412 [main] DEBUG org.jboss.logging - Logging Provider: org.jboss.logging.Slf4jLoggerProvider
2025-01-27 17:05:03,579 INFO c.h.h.t.HelmChartContainer - [hivemq-test-hivemq-platform] [hivemq-platform-operator] [0d90484e] 17:05:03.578 [main] DEBUG io.smallrye.config - SRCFG01006: Loaded ConfigSource SysPropConfigSource with ordinal 400
2025-01-27 17:05:03,580 INFO c.h.h.t.HelmChartContainer - [hivemq-test-hivemq-platform] [hivemq-platform-operator] [0d90484e] 17:05:03.578 [main] DEBUG io.smallrye.config - SRCFG01006: Loaded ConfigSource EnvConfigSource with ordinal 300
2025-01-27 17:05:03,580 INFO c.h.h.t.HelmChartContainer - [hivemq-test-hivemq-platform] [hivemq-platform-operator] [0d90484e] 17:05:03.578 [main] DEBUG io.smallrye.config - SRCFG01006: Loaded ConfigSource PropertiesConfigSource[source=jar:file:///opt/hivemq-platform-operator/bin/hivemq-platform-operator.jar!/hivemq-platform-operator.properties] with ordinal 100
2025-01-27 17:05:03,580 INFO c.h.h.t.HelmChartContainer - [hivemq-test-hivemq-platform] [hivemq-platform-operator] [0d90484e] 17:05:03.578 [main] DEBUG io.smallrye.config - SRCFG01006: Loaded ConfigSource DefaultValuesConfigSource with ordinal -2147483648
2025-01-27 17:05:03,627 INFO c.h.h.t.HelmChartContainer - [hivemq-test-hivemq-platform] [hivemq-platform-operator] [0d90484e] 17:05:03.626 [main] DEBUG i.m.c.u.i.l.InternalLoggerFactory - Using SLF4J as the default logging framework
2025-01-27 17:05:03,807 INFO c.h.h.t.HelmChartContainer - [hivemq-test-hivemq-platform] [hivemq-platform-operator] [0d90484e] 17:05:03.780 [main] INFO  c.h.p.o.HiveMQPlatformOperatorApplication - HiveMQ Platform Operator 1.7.0-SNAPSHOT (commit: bebf408 on branch: HEAD) built on Sun Jan 26 20:47:47 UTC 2025
2025-01-27 17:05:03,809 INFO c.h.h.t.HelmChartContainer - [hivemq-test-hivemq-platform] [hivemq-platform-operator] [0d90484e] 17:05:03.807 [main] INFO  c.h.p.o.HiveMQPlatformOperatorApplication - HiveMQ Platform Operator is running in namespace: helmcustomconfigit-operator
2025-01-27 17:05:03,809 INFO c.h.h.t.HelmChartContainer - [hivemq-test-hivemq-platform] [hivemq-platform-operator] [0d90484e] 17:05:03.807 [main] INFO  c.h.p.o.HiveMQPlatformOperatorApplication - Watching all namespaces
2025-01-27 17:05:03,809 INFO c.h.h.t.HelmChartContainer - [hivemq-test-hivemq-platform] [hivemq-platform-operator] [0d90484e] 17:05:03.807 [main] INFO  c.h.p.o.HiveMQPlatformOperatorApplication - Log level: DEBUG
2025-01-27 17:05:03,809 INFO c.h.h.t.HelmChartContainer - [hivemq-test-hivemq-platform] [hivemq-platform-operator] [0d90484e] 17:05:03.807 [main] INFO  c.h.p.o.HiveMQPlatformOperatorApplication - Release name: test-hivemq-platform-operator
2025-01-27 17:05:03,809 INFO c.h.h.t.HelmChartContainer - [hivemq-test-hivemq-platform] [hivemq-platform-operator] [0d90484e] 17:05:03.808 [main] INFO  c.h.p.o.HiveMQPlatformOperatorApplication - HiveMQ Platform Operator Init image: docker.io/hivemq/hivemq-platform-operator-init-test:snapshot
2025-01-27 17:05:03,810 INFO c.h.h.t.HelmChartContainer - [hivemq-test-hivemq-platform] [hivemq-platform-operator] [0d90484e] 17:05:03.808 [main] INFO  c.h.p.o.HiveMQPlatformOperatorApplication - HiveMQ Platform Operator Init App update URL: http://hivemq-platform-operator-test-hivemq-platform-operator.helmcustomconfigit-operator.svc:8080/initAppUpdate/hivemq-platform-operator-init-app-1.7.0-SNAPSHOT.jar
2025-01-27 17:05:03,811 INFO c.h.h.t.HelmChartContainer - [hivemq-test-hivemq-platform] [hivemq-platform-operator] [0d90484e] 17:05:03.808 [main] INFO  c.h.p.o.HiveMQPlatformOperatorApplication - Additional imagePullSecret for all Platform deployments: none
2025-01-27 17:05:03,811 INFO c.h.h.t.HelmChartContainer - [hivemq-test-hivemq-platform] [hivemq-platform-operator] [0d90484e] 17:05:03.808 [main] INFO  c.h.p.o.HiveMQPlatformOperatorApplication - Apply HiveMQ Platform CRD: true
2025-01-27 17:05:03,811 INFO c.h.h.t.HelmChartContainer - [hivemq-test-hivemq-platform] [hivemq-platform-operator] [0d90484e] 17:05:03.808 [main] INFO  c.h.p.o.HiveMQPlatformOperatorApplication - Create Platform ServiceAccount: true
2025-01-27 17:05:03,811 INFO c.h.h.t.HelmChartContainer - [hivemq-test-hivemq-platform] [hivemq-platform-operator] [0d90484e] 17:05:03.808 [main] INFO  c.h.p.o.HiveMQPlatformOperatorApplication - Create Platform ServiceAccount permissions: true
2025-01-27 17:05:03,811 INFO c.h.h.t.HelmChartContainer - [hivemq-test-hivemq-platform] [hivemq-platform-operator] [0d90484e] 17:05:03.808 [main] INFO  c.h.p.o.HiveMQPlatformOperatorApplication - Validate Platform ServiceAccount: true
2025-01-27 17:05:03,812 INFO c.h.h.t.HelmChartContainer - [hivemq-test-hivemq-platform] [hivemq-platform-operator] [0d90484e] 17:05:03.808 [main] INFO  c.h.p.o.HiveMQPlatformOperatorApplication - Validate Platform ServiceAccount permissions: true
2025-01-27 17:05:03,923 INFO c.h.h.t.HelmChartContainer - [hivemq-test-hivemq-platform] [hivemq-platform-operator] [0d90484e] 17:05:03.922 [main] INFO  c.h.platform.operator.util.CRDUtil - Verifying deployed HiveMQ Platform CRD...
2025-01-27 17:05:04,352 INFO c.h.h.t.HelmChartContainer - [POD] metrics-server-8584b5786c-w5fx7 [f85c5f19-c14f-4c3f-ae3c-0f42114b6c3f] in kube-system was MODIFIED
2025-01-27 17:05:04,359 INFO c.h.h.t.HelmChartContainer - [K3S] [replica_set.go:679] "Finished syncing" kind="ReplicaSet" key="kube-system/metrics-server-8584b5786c" duration="6.017138ms"
2025-01-27 17:05:04,359 INFO c.h.h.t.HelmChartContainer - [K3S] [replica_set.go:679] "Finished syncing" kind="ReplicaSet" key="kube-system/metrics-server-8584b5786c" duration="31.198µs"
2025-01-27 17:05:06,847 INFO c.h.h.t.HelmChartContainer - [K3S] [range_allocator.go:247] "Successfully synced" key="1bf1de2df7a7"
2025-01-27 17:05:06,885 INFO c.h.h.t.HelmChartContainer - [hivemq-test-hivemq-platform] [hivemq-platform-operator] [0d90484e] 17:05:06.884 [main] DEBUG c.h.platform.operator.util.CRDUtil - HiveMQ Platform CRD version v1 is up to date
2025-01-27 17:05:06,886 INFO c.h.h.t.HelmChartContainer - [hivemq-test-hivemq-platform] [hivemq-platform-operator] [0d90484e] 17:05:06.884 [main] INFO  c.h.platform.operator.util.CRDUtil - HiveMQ Platform CRD is up to date (version: V1_6_0)
2025-01-27 17:05:06,886 INFO c.h.h.t.HelmChartContainer - [hivemq-test-hivemq-platform] [hivemq-platform-operator] [0d90484e] 17:05:06.884 [main] INFO  c.h.platform.operator.util.CRDUtil - Waiting 10000 ms for HiveMQ Platform CRD 'hivemq-platforms.hivemq.com' to become ready...
2025-01-27 17:05:07,185 INFO c.h.h.t.HelmChartContainer - [hivemq-test-hivemq-platform] [hivemq-platform-operator] [0d90484e] 17:05:07.183 [vert.x-eventloop-thread-1] DEBUG c.h.platform.operator.util.CRDUtil - Checking CRD condition 'NamesAccepted' (status: 'True')
2025-01-27 17:05:07,186 INFO c.h.h.t.HelmChartContainer - [hivemq-test-hivemq-platform] [hivemq-platform-operator] [0d90484e] 17:05:07.183 [vert.x-eventloop-thread-1] DEBUG c.h.platform.operator.util.CRDUtil - Checking CRD condition 'Established' (status: 'True')
2025-01-27 17:05:07,186 INFO c.h.h.t.HelmChartContainer - [hivemq-test-hivemq-platform] [hivemq-platform-operator] [0d90484e] 17:05:07.184 [main] INFO  c.h.platform.operator.util.CRDUtil - HiveMQ Platform CRD 'hivemq-platforms.hivemq.com' is ready
2025-01-27 17:05:07,415 INFO c.h.h.t.HelmChartContainer - [hivemq-test-hivemq-platform] [hivemq-platform-operator] [0d90484e] 17:05:07.414 [main] INFO  c.h.p.o.HiveMQPlatformReconciler - HiveMQ Platform Operator is starting...
2025-01-27 17:05:07,586 INFO c.h.h.t.HelmChartContainer - [hivemq-test-hivemq-platform] [hivemq-platform-operator] [0d90484e] 17:05:07.585 [main] WARN  Default ConfigurationService implementation - Configuration for reconciler 'hivemq-controller' was not found. Known reconcilers: None.
2025-01-27 17:05:07,609 INFO c.h.h.t.HelmChartContainer - [hivemq-test-hivemq-platform] [hivemq-platform-operator] [0d90484e] 17:05:07.608 [main] INFO  Default ConfigurationService implementation - Created configuration for reconciler com.hivemq.platform.operator.HiveMQPlatformReconciler with name hivemq-controller
2025-01-27 17:05:07,713 INFO c.h.h.t.HelmChartContainer - [hivemq-test-hivemq-platform] [hivemq-platform-operator] [0d90484e] 17:05:07.712 [main] DEBUG c.h.p.o.HiveMQPlatformReconciler - HiveMQ Platform Operator is preparing EventSources
2025-01-27 17:05:07,788 INFO c.h.h.t.HelmChartContainer - [hivemq-test-hivemq-platform] [hivemq-platform-operator] [0d90484e] 17:05:07.787 [main] INFO  i.javaoperatorsdk.operator.Operator - Registered reconciler: 'hivemq-controller' for resource: 'class com.hivemq.platform.operator.v1.HiveMQPlatform' for namespace(s): [all namespaces]
2025-01-27 17:05:08,490 INFO c.h.h.t.HelmChartContainer - [hivemq-test-hivemq-platform] [hivemq-platform-operator] [0d90484e] 17:05:08.488 [main] INFO  c.h.p.operator.webserver.JettyServer - Starting Jetty server on port 8080
2025-01-27 17:05:08,584 INFO c.h.h.t.HelmChartContainer - [hivemq-test-hivemq-platform] [hivemq-platform-operator] [0d90484e] 17:05:08.582 [main] INFO  i.javaoperatorsdk.operator.Operator - Operator SDK 4.9.7 (commit: 2133d28) built on Wed Nov 20 12:56:20 UTC 2024 starting...
2025-01-27 17:05:08,585 INFO c.h.h.t.HelmChartContainer - [hivemq-test-hivemq-platform] [hivemq-platform-operator] [0d90484e] 17:05:08.583 [main] INFO  i.javaoperatorsdk.operator.Operator - Client version: 6.13.4
2025-01-27 17:05:08,587 INFO c.h.h.t.HelmChartContainer - [hivemq-test-hivemq-platform] [hivemq-platform-operator] [0d90484e] 17:05:08.584 [Controller Starter for: hivemq-controller] INFO  i.j.operator.processing.Controller - Starting 'hivemq-controller' controller for reconciler: com.hivemq.platform.operator.HiveMQPlatformReconciler, resource: com.hivemq.platform.operator.v1.HiveMQPlatform
2025-01-27 17:05:11,181 INFO c.h.h.t.HelmChartContainer - [hivemq-test-hivemq-platform] [hivemq-platform-operator] [0d90484e] 17:05:11.179 [Controller Starter for: hivemq-controller] INFO  i.j.operator.processing.Controller - 'hivemq-controller' controller started
2025-01-27 17:05:11,182 INFO c.h.h.t.HelmChartContainer - [hivemq-test-hivemq-platform] [hivemq-platform-operator] [0d90484e] 17:05:11.180 [main] INFO  c.h.p.o.HiveMQPlatformOperatorApplication - HiveMQ Platform Operator 1.7.0-SNAPSHOT started in 7399 ms
2025-01-27 17:05:11,376 INFO c.h.h.t.HelmChartContainer - [POD] hivemq-test-hivemq-platform-operator-6966f96d65-w788j [0d90484e-cd1f-4ad7-a3bc-4d14d4bab921] in helmcustomconfigit-operator was MODIFIED
2025-01-27 17:05:11,388 INFO c.h.h.t.HelmChartContainer - [K3S] [replica_set.go:679] "Finished syncing" kind="ReplicaSet" key="helmcustomconfigit-operator/hivemq-test-hivemq-platform-operator-6966f96d65" duration="14.089975ms"
2025-01-27 17:05:11,389 INFO c.h.h.t.HelmChartContainer - [K3S] [replica_set.go:679] "Finished syncing" kind="ReplicaSet" key="helmcustomconfigit-operator/hivemq-test-hivemq-platform-operator-6966f96d65" duration="34.674µs"
2025-01-27 17:05:13,348 INFO com.hivemq.helmcharts.util.K8sUtil - Pod 'hivemq-test-hivemq-platform-operator-6966f96d65-w788j' is ready
2025-01-27 17:05:13,410 DEBUG c.h.h.t.HelmChartContainer - Executing helm command: /bin/helm --kubeconfig /etc/rancher/k3s/k3s.yaml install test-hivemq-platform /charts/hivemq-platform --wait --timeout 5m0s --set image.repository=docker.io/hivemq --set image.tag=4.35.0 --set image.pullPolicy=Never --set nodes.resources.cpu=512m --set-file config.overrideStatefulSet=/files/stateful-set-spec.yaml --namespace helmcustomconfigit
2025-01-27 17:05:13,647 INFO c.h.h.t.HelmChartContainer - [hivemq-test-hivemq-platform] [hivemq-platform-operator] [0d90484e] 17:05:13.646 [-373097727-pool-1-thread-2] WARN  i.m.p.PrometheusMeterRegistry - The meter (MeterId{name='operator.sdk.events.received', tags=[tag(action=ADDED),tag(event=ResourceEvent),tag(group=hivemq.com),tag(kind=HiveMQPlatform),tag(name=test-hivemq-platform),tag(namespace=helmcustomconfigit),tag(scope=namespace),tag(version=v1)]}) registration has failed: Prometheus requires that all meters with the same name have the same set of tag keys. There is already an existing meter named 'operator.sdk.events.received' containing tag keys [event, group, kind, name, namespace, scope, version]. The meter you are attempting to register has keys [action, event, group, kind, name, namespace, scope, version]. Note that subsequent logs will be logged at debug level.
2025-01-27 17:05:14,110 INFO c.h.h.t.HelmChartContainer - [hivemq-test-hivemq-platform] [hivemq-platform-operator] [0d90484e] 17:05:14.107 [pool-6-thread-3] DEBUG c.h.p.o.dependants.PodInfoConfigMap - [helmcust] Desired PodInfo ConfigMap (1 extensions) (1 enabled)
2025-01-27 17:05:14,110 INFO c.h.h.t.HelmChartContainer - [hivemq-test-hivemq-platform] [hivemq-platform-operator] [0d90484e] 17:05:14.107 [pool-6-thread-3] DEBUG c.h.p.o.dependants.PodInfoConfigMap - [helmcust] Desired PodInfo ConfigMap (metrics port: 9399) (metrics path: /)
2025-01-27 17:05:14,110 INFO c.h.h.t.HelmChartContainer - [hivemq-test-hivemq-platform] [hivemq-platform-operator] [0d90484e] 17:05:14.107 [pool-6-thread-3] DEBUG c.h.p.o.dependants.PodInfoConfigMap - [helmcust] Desired PodInfo ConfigMap (extension state hash: -1817474005)
2025-01-27 17:05:14,112 INFO c.h.h.t.HelmChartContainer - [hivemq-test-hivemq-platform] [hivemq-platform-operator] [0d90484e] 17:05:14.110 [pool-6-thread-3] DEBUG c.h.p.o.dependants.PodInfoConfigMap - [helmcust] Create PodInfo ConfigMap
2025-01-27 17:05:14,123 INFO c.h.h.t.HelmChartContainer - [hivemq-test-hivemq-platform] [hivemq-platform-operator] [0d90484e] 17:05:14.121 [pool-6-thread-5] DEBUG c.h.p.o.dependants.PodRoleResource - [helmcust] Create Role: Role(apiVersion=rbac.authorization.k8s.io/v1, kind=Role, metadata=ObjectMeta(annotations={meta.helm.sh/release-name=test-hivemq-platform, meta.helm.sh/release-namespace=helmcustomconfigit}, creationTimestamp=null, deletionGracePeriodSeconds=null, deletionTimestamp=null, finalizers=[], generateName=null, generation=null, labels={helm.sh/chart=hivemq-platform-0.2.31, app.kubernetes.io/managed-by=Helm, app.kubernetes.io/name=hivemq-platform, hivemq-platform=test-hivemq-platform, app.kubernetes.io/instance=test-hivemq-platform, app.kubernetes.io/version=4.35.0}, managedFields=[], name=hivemq-platform-role-test-hivemq-platform, namespace=helmcustomconfigit, ownerReferences=[OwnerReference(apiVersion=hivemq.com/v1, blockOwnerDeletion=null, controller=null, kind=HiveMQPlatform, name=test-hivemq-platform, uid=736ebd6b-a1a5-43b2-989c-626cc5c0163a, additionalProperties={})], resourceVersion=null, selfLink=null, uid=null, additionalProperties={}), rules=[PolicyRule(apiGroups=[], nonResourceURLs=[], resourceNames=[], resources=[pods], verbs=[get, patch, update], additionalProperties={})], additionalProperties={})
2025-01-27 17:05:14,317 INFO c.h.h.t.HelmChartContainer - [hivemq-test-hivemq-platform] [hivemq-platform-operator] [0d90484e] 17:05:14.314 [pool-6-thread-7] DEBUG c.h.p.o.d.PodServiceAccountResource - [helmcust] Desired PodServiceAccountResource (serviceAccountName: hivemq-platform-pod-test-hivemq-platform)
2025-01-27 17:05:14,319 INFO c.h.h.t.HelmChartContainer - [hivemq-test-hivemq-platform] [hivemq-platform-operator] [0d90484e] 17:05:14.315 [pool-6-thread-7] DEBUG c.h.p.o.d.PodServiceAccountResource - [helmcust] Create ServiceAccount 'hivemq-platform-pod-test-hivemq-platform'
2025-01-27 17:05:14,425 INFO c.h.h.t.HelmChartContainer - [hivemq-test-hivemq-platform] [hivemq-platform-operator] [0d90484e] 17:05:14.423 [pool-6-thread-10] DEBUG c.h.p.o.d.PodRoleBindingResource - [helmcust] Create RoleBinding: RoleBinding(apiVersion=rbac.authorization.k8s.io/v1, kind=RoleBinding, metadata=ObjectMeta(annotations={meta.helm.sh/release-name=test-hivemq-platform, meta.helm.sh/release-namespace=helmcustomconfigit}, creationTimestamp=null, deletionGracePeriodSeconds=null, deletionTimestamp=null, finalizers=[], generateName=null, generation=null, labels={helm.sh/chart=hivemq-platform-0.2.31, app.kubernetes.io/managed-by=Helm, app.kubernetes.io/name=hivemq-platform, hivemq-platform=test-hivemq-platform, app.kubernetes.io/instance=test-hivemq-platform, app.kubernetes.io/version=4.35.0}, managedFields=[], name=hivemq-platform-role-binding-test-hivemq-platform, namespace=helmcustomconfigit, ownerReferences=[OwnerReference(apiVersion=hivemq.com/v1, blockOwnerDeletion=null, controller=null, kind=HiveMQPlatform, name=test-hivemq-platform, uid=736ebd6b-a1a5-43b2-989c-626cc5c0163a, additionalProperties={})], resourceVersion=null, selfLink=null, uid=null, additionalProperties={}), roleRef=RoleRef(apiGroup=rbac.authorization.k8s.io, kind=Role, name=hivemq-platform-role-test-hivemq-platform, additionalProperties={}), subjects=[Subject(apiGroup=null, kind=ServiceAccount, name=hivemq-platform-pod-test-hivemq-platform, namespace=helmcustomconfigit, additionalProperties={})], additionalProperties={})
2025-01-27 17:05:14,525 INFO c.h.h.t.HelmChartContainer - [hivemq-test-hivemq-platform] [hivemq-platform-operator] [0d90484e] 17:05:14.524 [ReconcilerExecutor-hivemq-controller-53] INFO  c.h.p.o.HiveMQPlatformReconciler - [helmcust] Reconciling HiveMQ Platform 'test-hivemq-platform' in namespace 'helmcustomconfigit'
2025-01-27 17:05:14,527 INFO c.h.h.t.HelmChartContainer - [hivemq-test-hivemq-platform] [hivemq-platform-operator] [0d90484e] 17:05:14.524 [ReconcilerExecutor-hivemq-controller-53] DEBUG c.h.p.o.HiveMQPlatformReconciler - [helmcust] Custom Resource Status CREATED - HiveMQ Platform was created (READY)
2025-01-27 17:05:14,527 INFO c.h.h.t.HelmChartContainer - [hivemq-test-hivemq-platform] [hivemq-platform-operator] [0d90484e] 17:05:14.524 [ReconcilerExecutor-hivemq-controller-53] DEBUG c.h.p.o.HiveMQPlatformReconciler - [helmcust] Custom Resource Spec (replicas: 1) (extensions: 1)
2025-01-27 17:05:14,531 INFO c.h.h.t.HelmChartContainer - [hivemq-test-hivemq-platform] [hivemq-platform-operator] [0d90484e] 17:05:14.529 [ReconcilerExecutor-hivemq-controller-53] INFO  c.h.p.o.h.HiveMQPlatformReconcilerBaseHandler - [helmcust] HiveMQ Platform is starting
2025-01-27 17:05:14,624 INFO c.h.h.t.HelmChartContainer - [hivemq-test-hivemq-platform] [hivemq-platform-operator] [0d90484e] 17:05:14.623 [ReconcilerExecutor-hivemq-controller-53] DEBUG c.h.p.operator.event.EventSender - [helmcust] Creating K8s event hivemq-platform-starting: [Start] HiveMQ Platform is starting
2025-01-27 17:05:14,632 INFO c.h.h.t.HelmChartContainer - [EVENT] Normal [Start] HiveMQ Platform is starting [helmcustomconfigit:test-hivemq-platform]
2025-01-27 17:05:14,712 INFO c.h.h.t.HelmChartContainer - [hivemq-test-hivemq-platform] [hivemq-platform-operator] [0d90484e] 17:05:14.710 [ReconcilerExecutor-hivemq-controller-53] INFO  c.h.p.o.h.AbstractHiveMQReconcilerStateHandler - [helmcust] Update HiveMQ Platform Status (CREATED [READY] -> STARTING [READY]): HiveMQ Platform is starting
2025-01-27 17:05:14,724 DEBUG com.hivemq.helmcharts.util.K8sUtil - Comparing actual state 'STARTING' and waiting for 'RUNNING'
2025-01-27 17:05:24,817 INFO c.h.h.t.HelmChartContainer - [hivemq-test-hivemq-platform] [hivemq-platform-operator] [0d90484e] 17:05:24.814 [pool-6-thread-12] DEBUG c.h.p.o.d.PlatformServiceResource - [helmcust] Desired Platform services (3 services)
2025-01-27 17:05:24,817 INFO c.h.h.t.HelmChartContainer - [hivemq-test-hivemq-platform] [hivemq-platform-operator] [0d90484e] 17:05:24.815 [pool-6-thread-13] DEBUG c.h.p.o.dependants.PodInfoConfigMap - [helmcust] Desired PodInfo ConfigMap (1 extensions) (1 enabled)
2025-01-27 17:05:24,817 INFO c.h.h.t.HelmChartContainer - [hivemq-test-hivemq-platform] [hivemq-platform-operator] [0d90484e] 17:05:24.815 [pool-6-thread-13] DEBUG c.h.p.o.dependants.PodInfoConfigMap - [helmcust] Desired PodInfo ConfigMap (metrics port: 9399) (metrics path: /)
2025-01-27 17:05:24,817 INFO c.h.h.t.HelmChartContainer - [hivemq-test-hivemq-platform] [hivemq-platform-operator] [0d90484e] 17:05:24.815 [pool-6-thread-13] DEBUG c.h.p.o.dependants.PodInfoConfigMap - [helmcust] Desired PodInfo ConfigMap (extension state hash: -1817474005)
2025-01-27 17:05:24,820 INFO c.h.h.t.HelmChartContainer - [hivemq-test-hivemq-platform] [hivemq-platform-operator] [0d90484e] 17:05:24.819 [pool-6-thread-17] DEBUG c.h.p.o.d.PodServiceAccountResource - [helmcust] Desired PodServiceAccountResource (serviceAccountName: hivemq-platform-pod-test-hivemq-platform)
2025-01-27 17:05:24,821 INFO c.h.h.t.HelmChartContainer - [hivemq-test-hivemq-platform] [hivemq-platform-operator] [0d90484e] 17:05:24.820 [pool-6-thread-13] DEBUG c.h.p.o.dependants.PodInfoConfigMap - [helmcust] Update PodInfo ConfigMap
2025-01-27 17:05:24,916 INFO c.h.h.t.HelmChartContainer - [K3S] [alloc.go:330] "allocated clusterIPs" service="helmcustomconfigit/hivemq-test-hivemq-platform-cc-8080" clusterIPs={"IPv4":"10.43.72.189"}
2025-01-27 17:05:24,931 INFO c.h.h.t.HelmChartContainer - [K3S] [alloc.go:330] "allocated clusterIPs" service="helmcustomconfigit/hivemq-test-hivemq-platform-metrics-9399" clusterIPs={"IPv4":"10.43.121.200"}
2025-01-27 17:05:25,015 INFO c.h.h.t.HelmChartContainer - [K3S] [alloc.go:330] "allocated clusterIPs" service="helmcustomconfigit/hivemq-test-hivemq-platform-mqtt-1883" clusterIPs={"IPv4":"10.43.14.36"}
2025-01-27 17:05:25,023 INFO c.h.h.t.HelmChartContainer - [hivemq-test-hivemq-platform] [hivemq-platform-operator] [0d90484e] 17:05:25.020 [pool-6-thread-20] DEBUG c.h.p.o.d.StatefulSetResource - [helmcust] Desired StatefulSet (1 replicas) for status STARTING (READY)
2025-01-27 17:05:25,111 INFO c.h.h.t.HelmChartContainer - [hivemq-test-hivemq-platform] [hivemq-platform-operator] [0d90484e] 17:05:25.109 [pool-6-thread-20] DEBUG c.h.p.o.d.StatefulSetResource - [helmcust] Create StatefulSet
2025-01-27 17:05:25,148 INFO c.h.h.t.HelmChartContainer - [POD] test-hivemq-platform-0 [d03393d8-7682-4c47-ba7a-51f7c64a1176] in helmcustomconfigit was ADDED
2025-01-27 17:05:25,149 INFO c.h.h.t.HelmChartContainer - [EVENT] Normal [SuccessfulCreate] create Pod test-hivemq-platform-0 in StatefulSet test-hivemq-platform successful [helmcustomconfigit:test-hivemq-platform]
2025-01-27 17:05:25,152 INFO c.h.h.t.HelmChartContainer - [POD] test-hivemq-platform-0 [d03393d8-7682-4c47-ba7a-51f7c64a1176] in helmcustomconfigit was MODIFIED
2025-01-27 17:05:25,153 INFO c.h.h.t.HelmChartContainer - [EVENT] Normal [Scheduled] Successfully assigned helmcustomconfigit/test-hivemq-platform-0 to 1bf1de2df7a7 [helmcustomconfigit:test-hivemq-platform-0]
2025-01-27 17:05:25,165 INFO c.h.h.t.HelmChartContainer - [POD] test-hivemq-platform-0 [d03393d8-7682-4c47-ba7a-51f7c64a1176] in helmcustomconfigit was MODIFIED
2025-01-27 17:05:25,220 INFO c.h.h.t.HelmChartContainer - [hivemq-test-hivemq-platform] [hivemq-platform-operator] [0d90484e] 17:05:25.215 [ReconcilerExecutor-hivemq-controller-64] INFO  c.h.p.o.HiveMQPlatformReconciler - [helmcust] Reconciling HiveMQ Platform 'test-hivemq-platform' in namespace 'helmcustomconfigit'
2025-01-27 17:05:25,220 INFO c.h.h.t.HelmChartContainer - [hivemq-test-hivemq-platform] [hivemq-platform-operator] [0d90484e] 17:05:25.215 [ReconcilerExecutor-hivemq-controller-64] DEBUG c.h.p.o.HiveMQPlatformReconciler - [helmcust] Custom Resource Status STARTING - HiveMQ Platform is starting (READY)
2025-01-27 17:05:25,220 INFO c.h.h.t.HelmChartContainer - [hivemq-test-hivemq-platform] [hivemq-platform-operator] [0d90484e] 17:05:25.215 [ReconcilerExecutor-hivemq-controller-64] DEBUG c.h.p.o.HiveMQPlatformReconciler - [helmcust] Custom Resource Spec (replicas: 1) (extensions: 1)
2025-01-27 17:05:25,250 INFO c.h.h.t.HelmChartContainer - [K3S] [reconciler_common.go:251] "operationExecutor.VerifyControllerAttachedVolume started for volume \"pod-info\" (UniqueName: \"kubernetes.io/configmap/d03393d8-7682-4c47-ba7a-51f7c64a1176-pod-info\") pod \"test-hivemq-platform-0\" (UID: \"d03393d8-7682-4c47-ba7a-51f7c64a1176\") " pod="helmcustomconfigit/test-hivemq-platform-0"
2025-01-27 17:05:25,250 INFO c.h.h.t.HelmChartContainer - [K3S] [reconciler_common.go:251] "operationExecutor.VerifyControllerAttachedVolume started for volume \"broker-configuration\" (UniqueName: \"kubernetes.io/configmap/d03393d8-7682-4c47-ba7a-51f7c64a1176-broker-configuration\") pod \"test-hivemq-platform-0\" (UID: \"d03393d8-7682-4c47-ba7a-51f7c64a1176\") " pod="helmcustomconfigit/test-hivemq-platform-0"
2025-01-27 17:05:25,250 INFO c.h.h.t.HelmChartContainer - [K3S] [reconciler_common.go:251] "operationExecutor.VerifyControllerAttachedVolume started for volume \"operator-init\" (UniqueName: \"kubernetes.io/empty-dir/d03393d8-7682-4c47-ba7a-51f7c64a1176-operator-init\") pod \"test-hivemq-platform-0\" (UID: \"d03393d8-7682-4c47-ba7a-51f7c64a1176\") " pod="helmcustomconfigit/test-hivemq-platform-0"
2025-01-27 17:05:25,250 INFO c.h.h.t.HelmChartContainer - [K3S] [reconciler_common.go:251] "operationExecutor.VerifyControllerAttachedVolume started for volume \"kube-api-access-vrdhz\" (UniqueName: \"kubernetes.io/projected/d03393d8-7682-4c47-ba7a-51f7c64a1176-kube-api-access-vrdhz\") pod \"test-hivemq-platform-0\" (UID: \"d03393d8-7682-4c47-ba7a-51f7c64a1176\") " pod="helmcustomconfigit/test-hivemq-platform-0"
2025-01-27 17:05:25,310 INFO c.h.h.t.HelmChartContainer - [hivemq-test-hivemq-platform] [hivemq-platform-operator] [0d90484e] 17:05:25.220 [ReconcilerExecutor-hivemq-controller-64] DEBUG c.h.p.o.HiveMQPlatformReconciler - [helmcust] StatefulSet Status (revision: test-hivemq-platform-668869cf68, replicas: 1, available: 0, ready: 0, current: 1, updated: 1)
2025-01-27 17:05:25,312 INFO c.h.h.t.HelmChartContainer - [hivemq-test-hivemq-platform] [hivemq-platform-operator] [0d90484e] 17:05:25.306 [ReconcilerExecutor-hivemq-controller-64] DEBUG c.h.p.o.HiveMQPlatformReconciler - [helmcust] StatefulSet Spec (replicas: 1, init containers: 1, containers: 1, volumes: 3)
2025-01-27 17:05:25,319 INFO c.h.h.t.HelmChartContainer - [hivemq-test-hivemq-platform] [hivemq-platform-operator] [0d90484e] 17:05:25.317 [ReconcilerExecutor-hivemq-controller-64] DEBUG c.h.p.o.h.HiveMQPlatformReconcilerErrorHandler - [helmcust] Pod 'test-hivemq-platform-0' phase Pending
2025-01-27 17:05:25,319 INFO c.h.h.t.HelmChartContainer - [hivemq-test-hivemq-platform] [hivemq-platform-operator] [0d90484e] 17:05:25.318 [ReconcilerExecutor-hivemq-controller-64] DEBUG c.h.p.o.h.HiveMQPlatformReconcilerErrorHandler - [helmcust] Pod 'test-hivemq-platform-0' condition 'PodScheduled': True
2025-01-27 17:05:25,320 INFO c.h.h.t.HelmChartContainer - [hivemq-test-hivemq-platform] [hivemq-platform-operator] [0d90484e] 17:05:25.320 [ReconcilerExecutor-hivemq-controller-64] INFO  c.h.p.o.h.HiveMQPlatformReconcilerBaseHandler - [helmcust] HiveMQ Platform is starting, 0 of 1 replicas are ready
2025-01-27 17:05:25,412 INFO c.h.h.t.HelmChartContainer - [hivemq-test-hivemq-platform] [hivemq-platform-operator] [0d90484e] 17:05:25.408 [pool-6-thread-22] DEBUG c.h.p.o.d.PlatformServiceResource - [helmcust] Desired Platform services (3 services)
2025-01-27 17:05:25,418 INFO c.h.h.t.HelmChartContainer - [hivemq-test-hivemq-platform] [hivemq-platform-operator] [0d90484e] 17:05:25.410 [pool-6-thread-23] DEBUG c.h.p.o.dependants.PodInfoConfigMap - [helmcust] Desired PodInfo ConfigMap (1 extensions) (1 enabled)
2025-01-27 17:05:25,418 INFO c.h.h.t.HelmChartContainer - [hivemq-test-hivemq-platform] [hivemq-platform-operator] [0d90484e] 17:05:25.410 [pool-6-thread-23] DEBUG c.h.p.o.dependants.PodInfoConfigMap - [helmcust] Desired PodInfo ConfigMap (metrics port: 9399) (metrics path: /)
2025-01-27 17:05:25,418 INFO c.h.h.t.HelmChartContainer - [hivemq-test-hivemq-platform] [hivemq-platform-operator] [0d90484e] 17:05:25.410 [pool-6-thread-23] DEBUG c.h.p.o.dependants.PodInfoConfigMap - [helmcust] Desired PodInfo ConfigMap (extension state hash: -1817474005)
2025-01-27 17:05:25,418 INFO c.h.h.t.HelmChartContainer - [hivemq-test-hivemq-platform] [hivemq-platform-operator] [0d90484e] 17:05:25.411 [pool-6-thread-27] DEBUG c.h.p.o.d.PodServiceAccountResource - [helmcust] Desired PodServiceAccountResource (serviceAccountName: hivemq-platform-pod-test-hivemq-platform)
2025-01-27 17:05:25,423 INFO c.h.h.t.HelmChartContainer - [hivemq-test-hivemq-platform] [hivemq-platform-operator] [0d90484e] 17:05:25.422 [pool-6-thread-30] DEBUG c.h.p.o.d.StatefulSetResource - [helmcust] Desired StatefulSet (1 replicas) for status STARTING (READY)
2025-01-27 17:05:25,512 INFO c.h.h.t.HelmChartContainer - [hivemq-test-hivemq-platform] [hivemq-platform-operator] [0d90484e] 17:05:25.510 [ReconcilerExecutor-hivemq-controller-75] INFO  c.h.p.o.HiveMQPlatformReconciler - [helmcust] Reconciling HiveMQ Platform 'test-hivemq-platform' in namespace 'helmcustomconfigit'
2025-01-27 17:05:25,515 INFO c.h.h.t.HelmChartContainer - [hivemq-test-hivemq-platform] [hivemq-platform-operator] [0d90484e] 17:05:25.510 [ReconcilerExecutor-hivemq-controller-75] DEBUG c.h.p.o.HiveMQPlatformReconciler - [helmcust] Custom Resource Status STARTING - HiveMQ Platform is starting (READY)
2025-01-27 17:05:25,515 INFO c.h.h.t.HelmChartContainer - [hivemq-test-hivemq-platform] [hivemq-platform-operator] [0d90484e] 17:05:25.510 [ReconcilerExecutor-hivemq-controller-75] DEBUG c.h.p.o.HiveMQPlatformReconciler - [helmcust] Custom Resource Spec (replicas: 1) (extensions: 1)
2025-01-27 17:05:25,516 INFO c.h.h.t.HelmChartContainer - [hivemq-test-hivemq-platform] [hivemq-platform-operator] [0d90484e] 17:05:25.514 [ReconcilerExecutor-hivemq-controller-75] DEBUG c.h.p.o.HiveMQPlatformReconciler - [helmcust] StatefulSet Status (revision: test-hivemq-platform-668869cf68, replicas: 1, available: 0, ready: 0, current: 1, updated: 1)
2025-01-27 17:05:25,518 INFO c.h.h.t.HelmChartContainer - [hivemq-test-hivemq-platform] [hivemq-platform-operator] [0d90484e] 17:05:25.515 [ReconcilerExecutor-hivemq-controller-75] DEBUG c.h.p.o.HiveMQPlatformReconciler - [helmcust] StatefulSet Spec (replicas: 1, init containers: 1, containers: 1, volumes: 3)
2025-01-27 17:05:25,527 INFO c.h.h.t.HelmChartContainer - [hivemq-test-hivemq-platform] [hivemq-platform-operator] [0d90484e] 17:05:25.525 [ReconcilerExecutor-hivemq-controller-75] DEBUG c.h.p.o.h.HiveMQPlatformReconcilerErrorHandler - [helmcust] Pod 'test-hivemq-platform-0' phase Pending
2025-01-27 17:05:25,550 INFO c.h.h.t.HelmChartContainer - [EVENT] Normal [Pulled] Container image "docker.io/hivemq/hivemq-platform-operator-init-test:snapshot" already present on machine [helmcustomconfigit:test-hivemq-platform-0]
2025-01-27 17:05:25,557 INFO c.h.h.t.HelmChartContainer - [EVENT] Normal [Created] Created container: hivemq-platform-operator-init [helmcustomconfigit:test-hivemq-platform-0]
2025-01-27 17:05:25,597 INFO c.h.h.t.HelmChartContainer - [EVENT] Normal [Started] Started container hivemq-platform-operator-init [helmcustomconfigit:test-hivemq-platform-0]
2025-01-27 17:05:25,608 INFO c.h.h.t.HelmChartContainer - [hivemq-test-hivemq-platform] [hivemq-platform-operator] [0d90484e] 17:05:25.606 [ReconcilerExecutor-hivemq-controller-75] DEBUG c.h.p.o.h.HiveMQPlatformReconcilerErrorHandler - [helmcust] Pod 'test-hivemq-platform-0' condition 'PodReadyToStartContainers': False
2025-01-27 17:05:25,608 INFO c.h.h.t.HelmChartContainer - [hivemq-test-hivemq-platform] [hivemq-platform-operator] [0d90484e] 17:05:25.606 [ReconcilerExecutor-hivemq-controller-75] DEBUG c.h.p.o.h.HiveMQPlatformReconcilerErrorHandler - [helmcust] Pod 'test-hivemq-platform-0' condition 'Initialized': False
2025-01-27 17:05:25,608 INFO c.h.h.t.HelmChartContainer - [hivemq-test-hivemq-platform] [hivemq-platform-operator] [0d90484e] 17:05:25.606 [ReconcilerExecutor-hivemq-controller-75] DEBUG c.h.p.o.h.HiveMQPlatformReconcilerErrorHandler - [helmcust] Pod 'test-hivemq-platform-0' condition 'Ready': False
2025-01-27 17:05:25,610 INFO c.h.h.t.HelmChartContainer - [hivemq-test-hivemq-platform] [hivemq-platform-operator] [0d90484e] 17:05:25.606 [ReconcilerExecutor-hivemq-controller-75] DEBUG c.h.p.o.h.HiveMQPlatformReconcilerErrorHandler - [helmcust] Pod 'test-hivemq-platform-0' condition 'ContainersReady': False
2025-01-27 17:05:25,610 INFO c.h.h.t.HelmChartContainer - [hivemq-test-hivemq-platform] [hivemq-platform-operator] [0d90484e] 17:05:25.606 [ReconcilerExecutor-hivemq-controller-75] DEBUG c.h.p.o.h.HiveMQPlatformReconcilerErrorHandler - [helmcust] Pod 'test-hivemq-platform-0' condition 'PodScheduled': True
2025-01-27 17:05:25,610 INFO c.h.h.t.HelmChartContainer - [hivemq-test-hivemq-platform] [hivemq-platform-operator] [0d90484e] 17:05:25.606 [ReconcilerExecutor-hivemq-controller-75] DEBUG c.h.p.o.h.HiveMQPlatformReconcilerErrorHandler - [helmcust] Pod 'test-hivemq-platform-0' containerStatus 'hivemq' (started: false) (ready: false) (waiting: [PodInitializing] null)
2025-01-27 17:05:25,611 INFO c.h.h.t.HelmChartContainer - [hivemq-test-hivemq-platform] [hivemq-platform-operator] [0d90484e] 17:05:25.609 [ReconcilerExecutor-hivemq-controller-75] INFO  c.h.p.o.h.HiveMQPlatformReconcilerBaseHandler - [helmcust] HiveMQ Platform is starting, 0 of 1 replicas are ready
2025-01-27 17:05:26,418 INFO c.h.h.t.HelmChartContainer - [POD] test-hivemq-platform-0 [d03393d8-7682-4c47-ba7a-51f7c64a1176] in helmcustomconfigit was MODIFIED
2025-01-27 17:05:26,431 INFO c.h.h.t.HelmChartContainer - [hivemq-test-hivemq-platform] [hivemq-platform-operator] [0d90484e] 17:05:26.421 [pool-6-thread-32] DEBUG c.h.p.o.d.PlatformServiceResource - [helmcust] Desired Platform services (3 services)
2025-01-27 17:05:26,431 INFO c.h.h.t.HelmChartContainer - [hivemq-test-hivemq-platform] [hivemq-platform-operator] [0d90484e] 17:05:26.422 [pool-6-thread-33] DEBUG c.h.p.o.dependants.PodInfoConfigMap - [helmcust] Desired PodInfo ConfigMap (1 extensions) (1 enabled)
2025-01-27 17:05:26,431 INFO c.h.h.t.HelmChartContainer - [hivemq-test-hivemq-platform] [hivemq-platform-operator] [0d90484e] 17:05:26.424 [pool-6-thread-33] DEBUG c.h.p.o.dependants.PodInfoConfigMap - [helmcust] Desired PodInfo ConfigMap (metrics port: 9399) (metrics path: /)
2025-01-27 17:05:26,431 INFO c.h.h.t.HelmChartContainer - [hivemq-test-hivemq-platform] [hivemq-platform-operator] [0d90484e] 17:05:26.424 [pool-6-thread-33] DEBUG c.h.p.o.dependants.PodInfoConfigMap - [helmcust] Desired PodInfo ConfigMap (extension state hash: -1817474005)
2025-01-27 17:05:26,431 INFO c.h.h.t.HelmChartContainer - [hivemq-test-hivemq-platform] [hivemq-platform-operator] [0d90484e] 17:05:26.424 [pool-6-thread-37] DEBUG c.h.p.o.d.PodServiceAccountResource - [helmcust] Desired PodServiceAccountResource (serviceAccountName: hivemq-platform-pod-test-hivemq-platform)
2025-01-27 17:05:26,509 INFO c.h.h.t.HelmChartContainer - [hivemq-test-hivemq-platform] [hivemq-platform-operator] [0d90484e] 17:05:26.508 [pool-6-thread-40] DEBUG c.h.p.o.d.StatefulSetResource - [helmcust] Desired StatefulSet (1 replicas) for status STARTING (READY)
2025-01-27 17:05:26,512 INFO c.h.h.t.HelmChartContainer - [hivemq-test-hivemq-platform] [hivemq-platform-operator] [0d90484e] 17:05:26.511 [ReconcilerExecutor-hivemq-controller-86] INFO  c.h.p.o.HiveMQPlatformReconciler - [helmcust] Reconciling HiveMQ Platform 'test-hivemq-platform' in namespace 'helmcustomconfigit'
2025-01-27 17:05:26,512 INFO c.h.h.t.HelmChartContainer - [hivemq-test-hivemq-platform] [hivemq-platform-operator] [0d90484e] 17:05:26.512 [ReconcilerExecutor-hivemq-controller-86] DEBUG c.h.p.o.HiveMQPlatformReconciler - [helmcust] Custom Resource Status STARTING - HiveMQ Platform is starting (READY)
2025-01-27 17:05:26,512 INFO c.h.h.t.HelmChartContainer - [hivemq-test-hivemq-platform] [hivemq-platform-operator] [0d90484e] 17:05:26.512 [ReconcilerExecutor-hivemq-controller-86] DEBUG c.h.p.o.HiveMQPlatformReconciler - [helmcust] Custom Resource Spec (replicas: 1) (extensions: 1)
2025-01-27 17:05:26,515 INFO c.h.h.t.HelmChartContainer - [hivemq-test-hivemq-platform] [hivemq-platform-operator] [0d90484e] 17:05:26.514 [ReconcilerExecutor-hivemq-controller-86] DEBUG c.h.p.o.HiveMQPlatformReconciler - [helmcust] StatefulSet Status (revision: test-hivemq-platform-668869cf68, replicas: 1, available: 0, ready: 0, current: 1, updated: 1)
2025-01-27 17:05:26,515 INFO c.h.h.t.HelmChartContainer - [hivemq-test-hivemq-platform] [hivemq-platform-operator] [0d90484e] 17:05:26.514 [ReconcilerExecutor-hivemq-controller-86] DEBUG c.h.p.o.HiveMQPlatformReconciler - [helmcust] StatefulSet Spec (replicas: 1, init containers: 1, containers: 1, volumes: 3)
2025-01-27 17:05:26,519 INFO c.h.h.t.HelmChartContainer - [hivemq-test-hivemq-platform] [hivemq-platform-operator] [0d90484e] 17:05:26.517 [ReconcilerExecutor-hivemq-controller-86] DEBUG c.h.p.o.h.HiveMQPlatformReconcilerErrorHandler - [helmcust] Pod 'test-hivemq-platform-0' phase Pending
2025-01-27 17:05:26,519 INFO c.h.h.t.HelmChartContainer - [hivemq-test-hivemq-platform] [hivemq-platform-operator] [0d90484e] 17:05:26.518 [ReconcilerExecutor-hivemq-controller-86] DEBUG c.h.p.o.h.HiveMQPlatformReconcilerErrorHandler - [helmcust] Pod 'test-hivemq-platform-0' condition 'PodReadyToStartContainers': True
2025-01-27 17:05:26,519 INFO c.h.h.t.HelmChartContainer - [hivemq-test-hivemq-platform] [hivemq-platform-operator] [0d90484e] 17:05:26.518 [ReconcilerExecutor-hivemq-controller-86] DEBUG c.h.p.o.h.HiveMQPlatformReconcilerErrorHandler - [helmcust] Pod 'test-hivemq-platform-0' condition 'Initialized': False
2025-01-27 17:05:26,519 INFO c.h.h.t.HelmChartContainer - [hivemq-test-hivemq-platform] [hivemq-platform-operator] [0d90484e] 17:05:26.518 [ReconcilerExecutor-hivemq-controller-86] DEBUG c.h.p.o.h.HiveMQPlatformReconcilerErrorHandler - [helmcust] Pod 'test-hivemq-platform-0' condition 'Ready': False
2025-01-27 17:05:26,519 INFO c.h.h.t.HelmChartContainer - [hivemq-test-hivemq-platform] [hivemq-platform-operator] [0d90484e] 17:05:26.518 [ReconcilerExecutor-hivemq-controller-86] DEBUG c.h.p.o.h.HiveMQPlatformReconcilerErrorHandler - [helmcust] Pod 'test-hivemq-platform-0' condition 'ContainersReady': False
2025-01-27 17:05:26,519 INFO c.h.h.t.HelmChartContainer - [hivemq-test-hivemq-platform] [hivemq-platform-operator] [0d90484e] 17:05:26.518 [ReconcilerExecutor-hivemq-controller-86] DEBUG c.h.p.o.h.HiveMQPlatformReconcilerErrorHandler - [helmcust] Pod 'test-hivemq-platform-0' condition 'PodScheduled': True
2025-01-27 17:05:26,519 INFO c.h.h.t.HelmChartContainer - [hivemq-test-hivemq-platform] [hivemq-platform-operator] [0d90484e] 17:05:26.518 [ReconcilerExecutor-hivemq-controller-86] DEBUG c.h.p.o.h.HiveMQPlatformReconcilerErrorHandler - [helmcust] Pod 'test-hivemq-platform-0' containerStatus 'hivemq' (started: false) (ready: false) (waiting: [PodInitializing] null)
2025-01-27 17:05:26,520 INFO c.h.h.t.HelmChartContainer - [hivemq-test-hivemq-platform] [hivemq-platform-operator] [0d90484e] 17:05:26.519 [ReconcilerExecutor-hivemq-controller-86] INFO  c.h.p.o.h.HiveMQPlatformReconcilerBaseHandler - [helmcust] HiveMQ Platform is starting, 0 of 1 replicas are ready
2025-01-27 17:05:28,404 INFO c.h.h.t.HelmChartContainer - [EVENT] Normal [Pulled] Container image "docker.io/hivemq/hivemq4:4.35.0" already present on machine [helmcustomconfigit:test-hivemq-platform-0]
2025-01-27 17:05:28,404 INFO c.h.h.t.HelmChartContainer - Received Pulled event for container hivemq in pod test-hivemq-platform-0 [d03393d8-7682-4c47-ba7a-51f7c64a1176]
2025-01-27 17:05:28,415 INFO c.h.h.t.HelmChartContainer - [POD] test-hivemq-platform-0 [d03393d8-7682-4c47-ba7a-51f7c64a1176] in helmcustomconfigit was MODIFIED
2025-01-27 17:05:28,420 INFO c.h.h.t.HelmChartContainer - [EVENT] Normal [Created] Created container: hivemq [helmcustomconfigit:test-hivemq-platform-0]
2025-01-27 17:05:28,420 INFO c.h.h.t.HelmChartContainer - Received Created event for container hivemq in pod test-hivemq-platform-0 [d03393d8-7682-4c47-ba7a-51f7c64a1176]
2025-01-27 17:05:28,428 INFO c.h.h.t.HelmChartContainer - [hivemq-test-hivemq-platform] [hivemq-platform-operator] [0d90484e] 17:05:28.423 [pool-6-thread-42] DEBUG c.h.p.o.d.PlatformServiceResource - [helmcust] Desired Platform services (3 services)
2025-01-27 17:05:28,430 INFO c.h.h.t.HelmChartContainer - [hivemq-test-hivemq-platform] [hivemq-platform-operator] [0d90484e] 17:05:28.426 [pool-6-thread-43] DEBUG c.h.p.o.dependants.PodInfoConfigMap - [helmcust] Desired PodInfo ConfigMap (1 extensions) (1 enabled)
2025-01-27 17:05:28,434 INFO c.h.h.t.HelmChartContainer - [hivemq-test-hivemq-platform] [hivemq-platform-operator] [0d90484e] 17:05:28.426 [pool-6-thread-43] DEBUG c.h.p.o.dependants.PodInfoConfigMap - [helmcust] Desired PodInfo ConfigMap (metrics port: 9399) (metrics path: /)
2025-01-27 17:05:28,434 INFO c.h.h.t.HelmChartContainer - [hivemq-test-hivemq-platform] [hivemq-platform-operator] [0d90484e] 17:05:28.426 [pool-6-thread-43] DEBUG c.h.p.o.dependants.PodInfoConfigMap - [helmcust] Desired PodInfo ConfigMap (extension state hash: -1817474005)
2025-01-27 17:05:28,438 INFO c.h.h.t.HelmChartContainer - [hivemq-test-hivemq-platform] [hivemq-platform-operator] [0d90484e] 17:05:28.434 [pool-6-thread-47] DEBUG c.h.p.o.d.PodServiceAccountResource - [helmcust] Desired PodServiceAccountResource (serviceAccountName: hivemq-platform-pod-test-hivemq-platform)
2025-01-27 17:05:28,514 INFO c.h.h.t.HelmChartContainer - [hivemq-test-hivemq-platform] [hivemq-platform-operator] [0d90484e] 17:05:28.511 [pool-6-thread-50] DEBUG c.h.p.o.d.StatefulSetResource - [helmcust] Desired StatefulSet (1 replicas) for status STARTING (READY)
2025-01-27 17:05:28,518 INFO c.h.h.t.HelmChartContainer - [hivemq-test-hivemq-platform] [hivemq-platform-operator] [0d90484e] 17:05:28.515 [ReconcilerExecutor-hivemq-controller-97] INFO  c.h.p.o.HiveMQPlatformReconciler - [helmcust] Reconciling HiveMQ Platform 'test-hivemq-platform' in namespace 'helmcustomconfigit'
2025-01-27 17:05:28,519 INFO c.h.h.t.HelmChartContainer - [hivemq-test-hivemq-platform] [hivemq-platform-operator] [0d90484e] 17:05:28.515 [ReconcilerExecutor-hivemq-controller-97] DEBUG c.h.p.o.HiveMQPlatformReconciler - [helmcust] Custom Resource Status STARTING - HiveMQ Platform is starting (READY)
2025-01-27 17:05:28,519 INFO c.h.h.t.HelmChartContainer - [hivemq-test-hivemq-platform] [hivemq-platform-operator] [0d90484e] 17:05:28.516 [ReconcilerExecutor-hivemq-controller-97] DEBUG c.h.p.o.HiveMQPlatformReconciler - [helmcust] Custom Resource Spec (replicas: 1) (extensions: 1)
2025-01-27 17:05:28,523 INFO c.h.h.t.HelmChartContainer - [hivemq-test-hivemq-platform] [hivemq-platform-operator] [0d90484e] 17:05:28.522 [ReconcilerExecutor-hivemq-controller-97] DEBUG c.h.p.o.HiveMQPlatformReconciler - [helmcust] StatefulSet Status (revision: test-hivemq-platform-668869cf68, replicas: 1, available: 0, ready: 0, current: 1, updated: 1)
2025-01-27 17:05:28,525 INFO c.h.h.t.HelmChartContainer - [hivemq-test-hivemq-platform] [hivemq-platform-operator] [0d90484e] 17:05:28.523 [ReconcilerExecutor-hivemq-controller-97] DEBUG c.h.p.o.HiveMQPlatformReconciler - [helmcust] StatefulSet Spec (replicas: 1, init containers: 1, containers: 1, volumes: 3)
2025-01-27 17:05:28,528 INFO c.h.h.t.HelmChartContainer - [hivemq-test-hivemq-platform] [hivemq-platform-operator] [0d90484e] 17:05:28.527 [ReconcilerExecutor-hivemq-controller-97] DEBUG c.h.p.o.h.HiveMQPlatformReconcilerErrorHandler - [helmcust] Pod 'test-hivemq-platform-0' phase Pending
2025-01-27 17:05:28,529 INFO c.h.h.t.HelmChartContainer - [hivemq-test-hivemq-platform] [hivemq-platform-operator] [0d90484e] 17:05:28.528 [ReconcilerExecutor-hivemq-controller-97] DEBUG c.h.p.o.h.HiveMQPlatformReconcilerErrorHandler - [helmcust] Pod 'test-hivemq-platform-0' condition 'PodReadyToStartContainers': True
2025-01-27 17:05:28,530 INFO c.h.h.t.HelmChartContainer - [hivemq-test-hivemq-platform] [hivemq-platform-operator] [0d90484e] 17:05:28.528 [ReconcilerExecutor-hivemq-controller-97] DEBUG c.h.p.o.h.HiveMQPlatformReconcilerErrorHandler - [helmcust] Pod 'test-hivemq-platform-0' condition 'Initialized': True
2025-01-27 17:05:28,530 INFO c.h.h.t.HelmChartContainer - [hivemq-test-hivemq-platform] [hivemq-platform-operator] [0d90484e] 17:05:28.528 [ReconcilerExecutor-hivemq-controller-97] DEBUG c.h.p.o.h.HiveMQPlatformReconcilerErrorHandler - [helmcust] Pod 'test-hivemq-platform-0' condition 'Ready': False
2025-01-27 17:05:28,532 INFO c.h.h.t.HelmChartContainer - [hivemq-test-hivemq-platform] [hivemq-platform-operator] [0d90484e] 17:05:28.529 [ReconcilerExecutor-hivemq-controller-97] DEBUG c.h.p.o.h.HiveMQPlatformReconcilerErrorHandler - [helmcust] Pod 'test-hivemq-platform-0' condition 'ContainersReady': False
2025-01-27 17:05:28,533 INFO c.h.h.t.HelmChartContainer - [hivemq-test-hivemq-platform] [hivemq-platform-operator] [0d90484e] 17:05:28.529 [ReconcilerExecutor-hivemq-controller-97] DEBUG c.h.p.o.h.HiveMQPlatformReconcilerErrorHandler - [helmcust] Pod 'test-hivemq-platform-0' condition 'PodScheduled': True
2025-01-27 17:05:28,533 INFO c.h.h.t.HelmChartContainer - [hivemq-test-hivemq-platform] [hivemq-platform-operator] [0d90484e] 17:05:28.530 [ReconcilerExecutor-hivemq-controller-97] DEBUG c.h.p.o.h.HiveMQPlatformReconcilerErrorHandler - [helmcust] Pod 'test-hivemq-platform-0' containerStatus 'hivemq' (started: false) (ready: false) (waiting: [PodInitializing] null)
2025-01-27 17:05:28,539 INFO c.h.h.t.HelmChartContainer - [hivemq-test-hivemq-platform] [hivemq-platform-operator] [0d90484e] 17:05:28.537 [ReconcilerExecutor-hivemq-controller-97] INFO  c.h.p.o.h.HiveMQPlatformReconcilerBaseHandler - [helmcust] HiveMQ Platform is starting, 0 of 1 replicas are ready
2025-01-27 17:05:29,423 INFO c.h.h.t.HelmChartContainer - [POD] test-hivemq-platform-0 [d03393d8-7682-4c47-ba7a-51f7c64a1176] in helmcustomconfigit was MODIFIED
2025-01-27 17:05:29,436 INFO c.h.h.t.HelmChartContainer - [hivemq-test-hivemq-platform] [hivemq-platform-operator] [0d90484e] 17:05:29.427 [pool-6-thread-8] DEBUG c.h.p.o.d.PlatformServiceResource - [helmcust] Desired Platform services (3 services)
2025-01-27 17:05:29,438 INFO c.h.h.t.HelmChartContainer - [hivemq-test-hivemq-platform] [hivemq-platform-operator] [0d90484e] 17:05:29.435 [pool-6-thread-3] DEBUG c.h.p.o.d.PodServiceAccountResource - [helmcust] Desired PodServiceAccountResource (serviceAccountName: hivemq-platform-pod-test-hivemq-platform)
2025-01-27 17:05:29,440 INFO c.h.h.t.HelmChartContainer - [EVENT] Normal [Started] Started container hivemq [helmcustomconfigit:test-hivemq-platform-0]
2025-01-27 17:05:29,440 INFO c.h.h.t.HelmChartContainer - Received Started event for container hivemq in pod test-hivemq-platform-0 [d03393d8-7682-4c47-ba7a-51f7c64a1176]
2025-01-27 17:05:29,441 INFO c.h.h.t.HelmChartContainer - Started log watcher for hivemq in pod test-hivemq-platform-0 [d03393d8-7682-4c47-ba7a-51f7c64a1176]
2025-01-27 17:05:29,441 INFO c.h.h.t.HelmChartContainer - [test-hivemq-platform] [hivemq] [d03393d8] Adding pre-installed HiveMQ Platform Operator extensions
2025-01-27 17:05:29,441 INFO c.h.h.t.HelmChartContainer - [test-hivemq-platform] [hivemq] [d03393d8] Running as user 10000
2025-01-27 17:05:29,441 INFO c.h.h.t.HelmChartContainer - [test-hivemq-platform] [hivemq] [d03393d8] Starting HiveMQ Platform Operator Init
2025-01-27 17:05:29,441 INFO c.h.h.t.HelmChartContainer - [test-hivemq-platform] [hivemq] [d03393d8] INFO  - [HiveMQ Platform Operator Init 1.7.0-SNAPSHOT] HiveMQ Platform Operator Init 1.7.0-SNAPSHOT (commit: bebf408 on branch: HEAD) built on Sun Jan 26 20:47:47 UTC 2025
2025-01-27 17:05:29,441 INFO c.h.h.t.HelmChartContainer - [test-hivemq-platform] [hivemq] [d03393d8] INFO  - [HiveMQ Platform Operator Init App 1.7.0-SNAPSHOT] Using bind address 10.42.0.6 from environment variable
2025-01-27 17:05:29,441 INFO c.h.h.t.HelmChartContainer - [test-hivemq-platform] [hivemq] [d03393d8] INFO  - [HiveMQ Platform Operator Init App 1.7.0-SNAPSHOT] HiveMQ Platform Operator Init App 1.7.0-SNAPSHOT (commit: bebf408 on branch: HEAD) built on Sun Jan 26 20:47:47 UTC 2025
2025-01-27 17:05:29,441 INFO c.h.h.t.HelmChartContainer - [test-hivemq-platform] [hivemq] [d03393d8] INFO  - [HiveMQ Platform Operator Init App 1.7.0-SNAPSHOT] PodInfo ConfigMap directory: /etc/podinfo
2025-01-27 17:05:29,442 INFO c.h.h.t.HelmChartContainer - [test-hivemq-platform] [hivemq] [d03393d8] INFO  - [HiveMQ Platform Operator Init App 1.7.0-SNAPSHOT] HiveMQ home directory: /opt/hivemq
2025-01-27 17:05:29,442 INFO c.h.h.t.HelmChartContainer - [test-hivemq-platform] [hivemq] [d03393d8] INFO  - [HiveMQ Platform Operator Init App 1.7.0-SNAPSHOT] HiveMQ Logback folder: /opt/hivemq/conf
2025-01-27 17:05:29,442 INFO c.h.h.t.HelmChartContainer - [test-hivemq-platform] [hivemq] [d03393d8] INFO  - [HiveMQ Platform Operator Init App 1.7.0-SNAPSHOT] HiveMQ Config folder: /opt/hivemq/conf-k8s
2025-01-27 17:05:29,442 INFO c.h.h.t.HelmChartContainer - [test-hivemq-platform] [hivemq] [d03393d8] INFO  - [HiveMQ Platform Operator Init App 1.7.0-SNAPSHOT] Starting HiveMQ Platform Operator Init App
2025-01-27 17:05:29,442 INFO c.h.h.t.HelmChartContainer - [test-hivemq-platform] [hivemq] [d03393d8] INFO  - [HiveMQ Platform Operator Init App 1.7.0-SNAPSHOT] Starting Pod reconciler
2025-01-27 17:05:29,449 INFO c.h.h.t.HelmChartContainer - [hivemq-test-hivemq-platform] [hivemq-platform-operator] [0d90484e] 17:05:29.444 [pool-6-thread-5] DEBUG c.h.p.o.dependants.PodInfoConfigMap - [helmcust] Desired PodInfo ConfigMap (1 extensions) (1 enabled)
2025-01-27 17:05:29,450 INFO c.h.h.t.HelmChartContainer - [hivemq-test-hivemq-platform] [hivemq-platform-operator] [0d90484e] 17:05:29.446 [pool-6-thread-5] DEBUG c.h.p.o.dependants.PodInfoConfigMap - [helmcust] Desired PodInfo ConfigMap (metrics port: 9399) (metrics path: /)
2025-01-27 17:05:29,450 INFO c.h.h.t.HelmChartContainer - [hivemq-test-hivemq-platform] [hivemq-platform-operator] [0d90484e] 17:05:29.446 [pool-6-thread-5] DEBUG c.h.p.o.dependants.PodInfoConfigMap - [helmcust] Desired PodInfo ConfigMap (extension state hash: -1817474005)
2025-01-27 17:05:29,454 INFO c.h.h.t.HelmChartContainer - [hivemq-test-hivemq-platform] [hivemq-platform-operator] [0d90484e] 17:05:29.452 [pool-6-thread-5] DEBUG c.h.p.o.d.StatefulSetResource - [helmcust] Desired StatefulSet (1 replicas) for status STARTING (READY)
2025-01-27 17:05:29,513 INFO c.h.h.t.HelmChartContainer - [hivemq-test-hivemq-platform] [hivemq-platform-operator] [0d90484e] 17:05:29.509 [ReconcilerExecutor-hivemq-controller-108] INFO  c.h.p.o.HiveMQPlatformReconciler - [helmcust] Reconciling HiveMQ Platform 'test-hivemq-platform' in namespace 'helmcustomconfigit'
2025-01-27 17:05:29,513 INFO c.h.h.t.HelmChartContainer - [hivemq-test-hivemq-platform] [hivemq-platform-operator] [0d90484e] 17:05:29.509 [ReconcilerExecutor-hivemq-controller-108] DEBUG c.h.p.o.HiveMQPlatformReconciler - [helmcust] Custom Resource Status STARTING - HiveMQ Platform is starting (READY)
2025-01-27 17:05:29,513 INFO c.h.h.t.HelmChartContainer - [hivemq-test-hivemq-platform] [hivemq-platform-operator] [0d90484e] 17:05:29.509 [ReconcilerExecutor-hivemq-controller-108] DEBUG c.h.p.o.HiveMQPlatformReconciler - [helmcust] Custom Resource Spec (replicas: 1) (extensions: 1)
2025-01-27 17:05:29,513 INFO c.h.h.t.HelmChartContainer - [hivemq-test-hivemq-platform] [hivemq-platform-operator] [0d90484e] 17:05:29.511 [ReconcilerExecutor-hivemq-controller-108] DEBUG c.h.p.o.HiveMQPlatformReconciler - [helmcust] StatefulSet Status (revision: test-hivemq-platform-668869cf68, replicas: 1, available: 0, ready: 0, current: 1, updated: 1)
2025-01-27 17:05:29,513 INFO c.h.h.t.HelmChartContainer - [hivemq-test-hivemq-platform] [hivemq-platform-operator] [0d90484e] 17:05:29.511 [ReconcilerExecutor-hivemq-controller-108] DEBUG c.h.p.o.HiveMQPlatformReconciler - [helmcust] StatefulSet Spec (replicas: 1, init containers: 1, containers: 1, volumes: 3)
2025-01-27 17:05:29,515 INFO c.h.h.t.HelmChartContainer - [hivemq-test-hivemq-platform] [hivemq-platform-operator] [0d90484e] 17:05:29.514 [ReconcilerExecutor-hivemq-controller-108] DEBUG c.h.p.o.h.HiveMQPlatformReconcilerErrorHandler - [helmcust] Pod 'test-hivemq-platform-0' phase Running
2025-01-27 17:05:29,519 INFO c.h.h.t.HelmChartContainer - [hivemq-test-hivemq-platform] [hivemq-platform-operator] [0d90484e] 17:05:29.516 [ReconcilerExecutor-hivemq-controller-108] INFO  c.h.p.o.h.HiveMQPlatformReconcilerBaseHandler - [helmcust] HiveMQ Platform is starting, 0 of 1 replicas are ready
2025-01-27 17:05:29,787 INFO c.h.h.t.HelmChartContainer - [test-hivemq-platform] [hivemq] [d03393d8] INFO  - [HiveMQ Platform Operator Init App 1.7.0-SNAPSHOT] Pod reconciler is scheduled (interval: 5000 ms)
2025-01-27 17:05:29,788 INFO c.h.h.t.HelmChartContainer - [test-hivemq-platform] [hivemq] [d03393d8] INFO  - [HiveMQ Platform Operator Init App 1.7.0-SNAPSHOT] Starting the REST API on 10.42.0.6:7979
2025-01-27 17:05:29,793 INFO c.h.h.t.HelmChartContainer - [test-hivemq-platform] [hivemq] [d03393d8] INFO  - [HiveMQ Platform Operator Init App 1.7.0-SNAPSHOT] Waiting up to 600s for at most 1 HiveMQ nodes in cluster service hivemq-test-hivemq-platform-cluster.helmcustomconfigit.svc
2025-01-27 17:05:29,893 INFO c.h.h.t.HelmChartContainer - [test-hivemq-platform] [hivemq] [d03393d8] INFO  - [HiveMQ Platform Operator Init App 1.7.0-SNAPSHOT] Resolved 1 IP addresses: [10.42.0.6]
2025-01-27 17:05:29,893 INFO c.h.h.t.HelmChartContainer - [test-hivemq-platform] [hivemq] [d03393d8] INFO  - [HiveMQ Platform Operator Init App 1.7.0-SNAPSHOT] HiveMQ node count of 1 is within threshold of 1
2025-01-27 17:05:29,893 INFO c.h.h.t.HelmChartContainer - [test-hivemq-platform] [hivemq] [d03393d8] INFO  - [HiveMQ Platform Operator Init App 1.7.0-SNAPSHOT] Proceeding with container start
2025-01-27 17:05:29,933 INFO c.h.h.t.HelmChartContainer - [test-hivemq-platform] [hivemq] [d03393d8] INFO  - [HiveMQ Platform Operator Init App 1.7.0-SNAPSHOT] Initializing HiveMQ Platform extensions with initial configuration: {hivemq-allow-all-extension={start-priority=-1, skip-https-hostname-verification=false, restart=true, config-version=0, header-version=0, c-uri=, priority=-1, uri=preinstalled, skip-https-certificate-validation=false, enabled=true}, hivemq-prometheus-extension={priority=-1, start-priority=-1, c-uri=, skip-https-hostname-verification=false, skip-https-certificate-validation=false, uri=preinstalled, request-header-path=no-request-headers, enabled=true, restart=true}}
2025-01-27 17:05:30,074 INFO c.h.h.t.HelmChartContainer - [test-hivemq-platform] [hivemq] [d03393d8] INFO  - [HiveMQ Platform Operator Init App 1.7.0-SNAPSHOT] Extension hivemq-allow-all-extension was already enabled
2025-01-27 17:05:30,084 INFO c.h.h.t.HelmChartContainer - [test-hivemq-platform] [hivemq] [d03393d8] INFO  - [HiveMQ Platform Operator Init App 1.7.0-SNAPSHOT] Successfully enabled extension hivemq-prometheus-extension
2025-01-27 17:05:30,085 INFO c.h.h.t.HelmChartContainer - [test-hivemq-platform] [hivemq] [d03393d8] INFO  - [HiveMQ Platform Operator Init App 1.7.0-SNAPSHOT] Starting HiveMQ Platform version 4.35.0 (4.35.0)
2025-01-27 17:05:30,085 INFO c.h.h.t.HelmChartContainer - [test-hivemq-platform] [hivemq] [d03393d8] INFO  - [HiveMQ Platform Operator Init App 1.7.0-SNAPSHOT] Configuring the HiveMQ Platform
2025-01-27 17:05:30,097 INFO c.h.h.t.HelmChartContainer - [test-hivemq-platform] [hivemq] [d03393d8] INFO  - [HiveMQ Platform Operator Init App 1.7.0-SNAPSHOT] Changed logback.xml file scan period to 20 seconds
2025-01-27 17:05:30,110 INFO c.h.h.t.HelmChartContainer - [test-hivemq-platform] [hivemq] [d03393d8] INFO  - [HiveMQ Platform Operator Init App 1.7.0-SNAPSHOT] Starting the HiveMQ Platform
2025-01-27 17:05:30,114 INFO c.h.h.t.HelmChartContainer - [test-hivemq-platform] [hivemq] [d03393d8] -------------------------------------------------------------------------
2025-01-27 17:05:30,114 INFO c.h.h.t.HelmChartContainer - [test-hivemq-platform] [hivemq] [d03393d8] 
2025-01-27 17:05:30,114 INFO c.h.h.t.HelmChartContainer - [test-hivemq-platform] [hivemq] [d03393d8]                   _    _  _              __  __   ____
2025-01-27 17:05:30,114 INFO c.h.h.t.HelmChartContainer - [test-hivemq-platform] [hivemq] [d03393d8]                  | |  | |(_)            |  \/  | / __ \
2025-01-27 17:05:30,114 INFO c.h.h.t.HelmChartContainer - [test-hivemq-platform] [hivemq] [d03393d8]                  | |__| | _ __   __ ___ | \  / || |  | |
2025-01-27 17:05:30,114 INFO c.h.h.t.HelmChartContainer - [test-hivemq-platform] [hivemq] [d03393d8]                  |  __  || |\ \ / // _ \| |\/| || |  | |
2025-01-27 17:05:30,114 INFO c.h.h.t.HelmChartContainer - [test-hivemq-platform] [hivemq] [d03393d8]                  | |  | || | \ V /|  __/| |  | || |__| |
2025-01-27 17:05:30,114 INFO c.h.h.t.HelmChartContainer - [test-hivemq-platform] [hivemq] [d03393d8]                  |_|  |_||_|  \_/  \___||_|  |_| \___\_\
2025-01-27 17:05:30,114 INFO c.h.h.t.HelmChartContainer - [test-hivemq-platform] [hivemq] [d03393d8] 
2025-01-27 17:05:30,114 INFO c.h.h.t.HelmChartContainer - [test-hivemq-platform] [hivemq] [d03393d8] -------------------------------------------------------------------------
2025-01-27 17:05:30,114 INFO c.h.h.t.HelmChartContainer - [test-hivemq-platform] [hivemq] [d03393d8] 
2025-01-27 17:05:30,114 INFO c.h.h.t.HelmChartContainer - [test-hivemq-platform] [hivemq] [d03393d8]   HiveMQ Start Script for Linux/Unix v1.14
2025-01-27 17:05:30,114 INFO c.h.h.t.HelmChartContainer - [test-hivemq-platform] [hivemq] [d03393d8] 
2025-01-27 17:05:30,145 INFO c.h.h.t.HelmChartContainer - [test-hivemq-platform] [hivemq] [d03393d8] -------------------------------------------------------------------------
2025-01-27 17:05:30,145 INFO c.h.h.t.HelmChartContainer - [test-hivemq-platform] [hivemq] [d03393d8] 
2025-01-27 17:05:30,145 INFO c.h.h.t.HelmChartContainer - [test-hivemq-platform] [hivemq] [d03393d8]   HIVEMQ_HOME: /opt/hivemq
2025-01-27 17:05:30,145 INFO c.h.h.t.HelmChartContainer - [test-hivemq-platform] [hivemq] [d03393d8] 
2025-01-27 17:05:30,146 INFO c.h.h.t.HelmChartContainer - [test-hivemq-platform] [hivemq] [d03393d8]   JAVA_OPTS: -XX:+UnlockExperimentalVMOptions -XX:+UseNUMA -Djava.net.preferIPv4Stack=true --add-opens java.base/java.lang=ALL-UNNAMED --add-opens java.base/java.nio=ALL-UNNAMED --add-opens java.base/sun.nio.ch=ALL-UNNAMED --add-opens jdk.management/com.sun.management.internal=ALL-UNNAMED --add-exports java.base/jdk.internal.misc=ALL-UNNAMED -Djava.security.egd=file:/dev/./urandom -Dcom.sun.management.jmxremote -Dcom.sun.management.jmxremote.port=9010 -Dcom.sun.management.jmxremote.local.only=false -Dcom.sun.management.jmxremote.authenticate=false -Dcom.sun.management.jmxremote.ssl=false -Duser.language=en -Duser.region=US -XX:+CrashOnOutOfMemoryError -XX:+HeapDumpOnOutOfMemoryError
2025-01-27 17:05:30,146 INFO c.h.h.t.HelmChartContainer - [test-hivemq-platform] [hivemq] [d03393d8] 
2025-01-27 17:05:30,146 INFO c.h.h.t.HelmChartContainer - [test-hivemq-platform] [hivemq] [d03393d8]   JAVA_VERSION: 21
2025-01-27 17:05:30,146 INFO c.h.h.t.HelmChartContainer - [test-hivemq-platform] [hivemq] [d03393d8] 
2025-01-27 17:05:30,146 INFO c.h.h.t.HelmChartContainer - [test-hivemq-platform] [hivemq] [d03393d8] -------------------------------------------------------------------------
2025-01-27 17:05:30,146 INFO c.h.h.t.HelmChartContainer - [test-hivemq-platform] [hivemq] [d03393d8] 
2025-01-27 17:05:30,739 INFO c.h.h.t.HelmChartContainer - [test-hivemq-platform] [hivemq] [d03393d8] INFO  - Starting HiveMQ Enterprise Server
2025-01-27 17:05:30,746 INFO c.h.h.t.HelmChartContainer - [test-hivemq-platform] [hivemq] [d03393d8] INFO  - HiveMQ version: 4.35.0
2025-01-27 17:05:30,746 INFO c.h.h.t.HelmChartContainer - [test-hivemq-platform] [hivemq] [d03393d8] INFO  - HiveMQ home directory: /opt/hivemq
2025-01-27 17:05:30,747 INFO c.h.h.t.HelmChartContainer - [test-hivemq-platform] [hivemq] [d03393d8] INFO  - Log Configuration was overridden by /opt/hivemq/conf/logback.xml
2025-01-27 17:05:31,063 INFO c.h.h.t.HelmChartContainer - [test-hivemq-platform] [hivemq] [d03393d8] INFO  - Successfully loaded configuration from '/opt/hivemq/conf-k8s/config.xml'.
2025-01-27 17:05:31,137 INFO c.h.h.t.HelmChartContainer - [test-hivemq-platform] [hivemq] [d03393d8] INFO  - This node's ID is HrKgT
2025-01-27 17:05:31,137 INFO c.h.h.t.HelmChartContainer - [test-hivemq-platform] [hivemq] [d03393d8] INFO  - Clustering is enabled
2025-01-27 17:05:34,199 INFO c.h.h.t.HelmChartContainer - [test-hivemq-platform] [hivemq] [d03393d8] INFO  - No valid license file found. Using trial license, restricted to 25 connections.
2025-01-27 17:05:35,153 INFO c.h.h.t.HelmChartContainer - [test-hivemq-platform] [hivemq] [d03393d8] INFO  - No valid license file for Data Hub found. Using free license, restricted to 1 policy.
2025-01-27 17:05:35,484 INFO c.h.h.t.HelmChartContainer - [test-hivemq-platform] [hivemq] [d03393d8] INFO  - Audit Logger started.
2025-01-27 17:05:35,488 INFO c.h.h.t.HelmChartContainer - [test-hivemq-platform] [hivemq] [d03393d8] WARN  - [HiveMQ Platform Operator Init App 1.7.0-SNAPSHOT] Cannot connect to Health API for readiness: null
2025-01-27 17:05:35,488 INFO c.h.h.t.HelmChartContainer - [test-hivemq-platform] [hivemq] [d03393d8] INFO  - [HiveMQ Platform Operator Init App 1.7.0-SNAPSHOT] Returning default Health API response 503 for readiness
2025-01-27 17:05:35,560 INFO c.h.h.t.HelmChartContainer - [EVENT] Warning [Unhealthy] Readiness probe failed: HTTP probe failed with statuscode: 503 [helmcustomconfigit:test-hivemq-platform-0]
2025-01-27 17:05:35,560 INFO c.h.h.t.HelmChartContainer - Received Unhealthy event for container hivemq in pod test-hivemq-platform-0 [d03393d8-7682-4c47-ba7a-51f7c64a1176]
2025-01-27 17:05:35,577 INFO c.h.h.t.HelmChartContainer - [test-hivemq-platform] [hivemq] [d03393d8] INFO  - This node uses '4' CPU cores.
2025-01-27 17:05:35,584 INFO c.h.h.t.HelmChartContainer - [test-hivemq-platform] [hivemq] [d03393d8] INFO  - Starting HiveMQ Health API on address 0.0.0.0 and port 8889
2025-01-27 17:05:35,881 INFO c.h.h.t.HelmChartContainer - [test-hivemq-platform] [hivemq] [d03393d8] INFO  - Started HiveMQ Health API in 296ms
2025-01-27 17:05:35,902 INFO c.h.h.t.HelmChartContainer - [test-hivemq-platform] [hivemq] [d03393d8] INFO  - Starting HiveMQ extension system.
2025-01-27 17:05:36,003 INFO c.h.h.t.HelmChartContainer - [test-hivemq-platform] [hivemq] [d03393d8] INFO  - Starting extension with id "hivemq-dns-cluster-discovery" at /opt/hivemq/extensions/hivemq-dns-cluster-discovery
2025-01-27 17:05:36,137 INFO c.h.h.t.HelmChartContainer - [test-hivemq-platform] [hivemq] [d03393d8] INFO  - Extension "DNS Cluster Discovery Extension" version 4.3.2 started successfully.
2025-01-27 17:05:36,138 INFO c.h.h.t.HelmChartContainer - [test-hivemq-platform] [hivemq] [d03393d8] INFO  - Starting extension with id "hivemq-prometheus-extension" at /opt/hivemq/extensions/hivemq-prometheus-extension
2025-01-27 17:05:36,161 INFO c.h.h.t.HelmChartContainer - [test-hivemq-platform] [hivemq] [d03393d8] INFO  - Using TCP cluster transport on address 10.42.0.6 and port 7000
2025-01-27 17:05:36,181 INFO c.h.h.t.HelmChartContainer - [test-hivemq-platform] [hivemq] [d03393d8] INFO  - Using extension cluster discovery
2025-01-27 17:05:36,185 INFO c.h.h.t.HelmChartContainer - [test-hivemq-platform] [hivemq] [d03393d8] INFO  - [HiveMQ Platform Operator Init App 1.7.0-SNAPSHOT] Updating Pod HiveMQ Platform Operator Init App version annotation (version: 1.7.0-SNAPSHOT)
2025-01-27 17:05:36,373 INFO c.h.h.t.HelmChartContainer - [POD] test-hivemq-platform-0 [d03393d8-7682-4c47-ba7a-51f7c64a1176] in helmcustomconfigit was MODIFIED
2025-01-27 17:05:36,379 INFO c.h.h.t.HelmChartContainer - [hivemq-test-hivemq-platform] [hivemq-platform-operator] [0d90484e] 17:05:36.377 [pool-6-thread-17] DEBUG c.h.p.o.d.PlatformServiceResource - [helmcust] Desired Platform services (3 services)
2025-01-27 17:05:36,380 INFO c.h.h.t.HelmChartContainer - [hivemq-test-hivemq-platform] [hivemq-platform-operator] [0d90484e] 17:05:36.379 [pool-6-thread-15] DEBUG c.h.p.o.dependants.PodInfoConfigMap - [helmcust] Desired PodInfo ConfigMap (1 extensions) (1 enabled)
2025-01-27 17:05:36,384 INFO c.h.h.t.HelmChartContainer - [hivemq-test-hivemq-platform] [hivemq-platform-operator] [0d90484e] 17:05:36.379 [pool-6-thread-15] DEBUG c.h.p.o.dependants.PodInfoConfigMap - [helmcust] Desired PodInfo ConfigMap (metrics port: 9399) (metrics path: /)
2025-01-27 17:05:36,385 INFO c.h.h.t.HelmChartContainer - [hivemq-test-hivemq-platform] [hivemq-platform-operator] [0d90484e] 17:05:36.379 [pool-6-thread-15] DEBUG c.h.p.o.dependants.PodInfoConfigMap - [helmcust] Desired PodInfo ConfigMap (extension state hash: -1817474005)
2025-01-27 17:05:36,385 INFO c.h.h.t.HelmChartContainer - [hivemq-test-hivemq-platform] [hivemq-platform-operator] [0d90484e] 17:05:36.381 [pool-6-thread-14] DEBUG c.h.p.o.d.PodServiceAccountResource - [helmcust] Desired PodServiceAccountResource (serviceAccountName: hivemq-platform-pod-test-hivemq-platform)
2025-01-27 17:05:36,389 INFO c.h.h.t.HelmChartContainer - [hivemq-test-hivemq-platform] [hivemq-platform-operator] [0d90484e] 17:05:36.385 [pool-6-thread-11] DEBUG c.h.p.o.d.StatefulSetResource - [helmcust] Desired StatefulSet (1 replicas) for status STARTING (READY)
2025-01-27 17:05:36,404 INFO c.h.h.t.HelmChartContainer - [test-hivemq-platform] [hivemq] [d03393d8] INFO  - [HiveMQ Platform Operator Init App 1.7.0-SNAPSHOT] Successfully updated Pod HiveMQ Platform Operator Init App version annotation (version: 1.7.0-SNAPSHOT)
2025-01-27 17:05:36,407 INFO c.h.h.t.HelmChartContainer - [hivemq-test-hivemq-platform] [hivemq-platform-operator] [0d90484e] 17:05:36.404 [ReconcilerExecutor-hivemq-controller-109] INFO  c.h.p.o.HiveMQPlatformReconciler - [helmcust] Reconciling HiveMQ Platform 'test-hivemq-platform' in namespace 'helmcustomconfigit'
2025-01-27 17:05:36,407 INFO c.h.h.t.HelmChartContainer - [hivemq-test-hivemq-platform] [hivemq-platform-operator] [0d90484e] 17:05:36.404 [ReconcilerExecutor-hivemq-controller-109] DEBUG c.h.p.o.HiveMQPlatformReconciler - [helmcust] Custom Resource Status STARTING - HiveMQ Platform is starting (READY)
2025-01-27 17:05:36,407 INFO c.h.h.t.HelmChartContainer - [hivemq-test-hivemq-platform] [hivemq-platform-operator] [0d90484e] 17:05:36.404 [ReconcilerExecutor-hivemq-controller-109] DEBUG c.h.p.o.HiveMQPlatformReconciler - [helmcust] Custom Resource Spec (replicas: 1) (extensions: 1)
2025-01-27 17:05:36,410 INFO c.h.h.t.HelmChartContainer - [hivemq-test-hivemq-platform] [hivemq-platform-operator] [0d90484e] 17:05:36.409 [ReconcilerExecutor-hivemq-controller-109] DEBUG c.h.p.o.HiveMQPlatformReconciler - [helmcust] StatefulSet Status (revision: test-hivemq-platform-668869cf68, replicas: 1, available: 0, ready: 0, current: 1, updated: 1)
2025-01-27 17:05:36,413 INFO c.h.h.t.HelmChartContainer - [hivemq-test-hivemq-platform] [hivemq-platform-operator] [0d90484e] 17:05:36.410 [ReconcilerExecutor-hivemq-controller-109] DEBUG c.h.p.o.HiveMQPlatformReconciler - [helmcust] StatefulSet Spec (replicas: 1, init containers: 1, containers: 1, volumes: 3)
2025-01-27 17:05:36,416 INFO c.h.h.t.HelmChartContainer - [hivemq-test-hivemq-platform] [hivemq-platform-operator] [0d90484e] 17:05:36.415 [ReconcilerExecutor-hivemq-controller-109] DEBUG c.h.p.o.h.HiveMQPlatformReconcilerErrorHandler - [helmcust] Pod 'test-hivemq-platform-0' phase Running
2025-01-27 17:05:36,417 INFO c.h.h.t.HelmChartContainer - [hivemq-test-hivemq-platform] [hivemq-platform-operator] [0d90484e] 17:05:36.417 [ReconcilerExecutor-hivemq-controller-109] INFO  c.h.p.o.h.HiveMQPlatformReconcilerBaseHandler - [helmcust] HiveMQ Platform is starting, 0 of 1 replicas are ready
2025-01-27 17:05:36,425 INFO c.h.h.t.HelmChartContainer - [test-hivemq-platform] [hivemq] [d03393d8] INFO  - Started Jetty Server exposing Prometheus Servlet on URI http://0.0.0.0:9399/
2025-01-27 17:05:36,426 INFO c.h.h.t.HelmChartContainer - [test-hivemq-platform] [hivemq] [d03393d8] INFO  - Extension "Prometheus Monitoring Extension" version 4.0.12 started successfully.
2025-01-27 17:05:36,426 INFO c.h.h.t.HelmChartContainer - [test-hivemq-platform] [hivemq] [d03393d8] INFO  - Starting extension with id "hivemq-allow-all-extension" at /opt/hivemq/extensions/hivemq-allow-all-extension
2025-01-27 17:05:36,430 INFO c.h.h.t.HelmChartContainer - [test-hivemq-platform] [hivemq] [d03393d8] WARN  - 
2025-01-27 17:05:36,431 INFO c.h.h.t.HelmChartContainer - [test-hivemq-platform] [hivemq] [d03393d8] ################################################################################################################
2025-01-27 17:05:36,432 INFO c.h.h.t.HelmChartContainer - [test-hivemq-platform] [hivemq] [d03393d8] # This HiveMQ deployment is not secure! You are lacking Authentication and Authorization.                      #
2025-01-27 17:05:36,432 INFO c.h.h.t.HelmChartContainer - [test-hivemq-platform] [hivemq] [d03393d8] # Right now any MQTT client can connect to the broker with a full set of permissions.                          #
2025-01-27 17:05:36,432 INFO c.h.h.t.HelmChartContainer - [test-hivemq-platform] [hivemq] [d03393d8] # For production usage, add an appropriate security extension and remove the hivemq-allow-all extension.       #
2025-01-27 17:05:36,432 INFO c.h.h.t.HelmChartContainer - [test-hivemq-platform] [hivemq] [d03393d8] # You can download security extensions from the HiveMQ Marketplace (https://www.hivemq.com/extensions/).       #
2025-01-27 17:05:36,432 INFO c.h.h.t.HelmChartContainer - [test-hivemq-platform] [hivemq] [d03393d8] ################################################################################################################
2025-01-27 17:05:36,433 INFO c.h.h.t.HelmChartContainer - [test-hivemq-platform] [hivemq] [d03393d8] INFO  - Extension "Allow All Extension" version 1.1.0 started successfully.
2025-01-27 17:05:36,548 INFO c.h.h.t.HelmChartContainer - [test-hivemq-platform] [hivemq] [d03393d8] INFO  - [HiveMQ Platform Operator Init App 1.7.0-SNAPSHOT] Returning Health API response 503 for readiness
2025-01-27 17:05:36,552 INFO c.h.h.t.HelmChartContainer - [EVENT] Warning [Unhealthy] Readiness probe failed: HTTP probe failed with statuscode: 503 [helmcustomconfigit:test-hivemq-platform-0]
2025-01-27 17:05:36,553 INFO c.h.h.t.HelmChartContainer - Received Unhealthy event for container hivemq in pod test-hivemq-platform-0 [d03393d8-7682-4c47-ba7a-51f7c64a1176]
2025-01-27 17:05:38,450 INFO c.h.h.t.HelmChartContainer - [test-hivemq-platform] [hivemq] [d03393d8] INFO  - HrKgT: no members discovered after 2121 ms: creating cluster as first member
2025-01-27 17:05:38,457 INFO c.h.h.t.HelmChartContainer - [test-hivemq-platform] [hivemq] [d03393d8] INFO  - Cluster nodes found by discovery: [HrKgT|0] (1) [HrKgT].
2025-01-27 17:05:38,482 INFO c.h.h.t.HelmChartContainer - [test-hivemq-platform] [hivemq] [d03393d8] INFO  - No user for HiveMQ Control Center configured. Starting with default user
2025-01-27 17:05:38,482 INFO c.h.h.t.HelmChartContainer - [test-hivemq-platform] [hivemq] [d03393d8] INFO  - Starting HiveMQ Control Center on address 0.0.0.0 and port 8080
2025-01-27 17:05:38,485 INFO c.h.h.t.HelmChartContainer - [test-hivemq-platform] [hivemq] [d03393d8] INFO  - Mounting HiveMQ Control Center V2 Preview
2025-01-27 17:05:38,644 INFO c.h.h.t.HelmChartContainer - [test-hivemq-platform] [hivemq] [d03393d8] INFO  - Started HiveMQ Control Center in 162ms
2025-01-27 17:05:38,659 INFO c.h.h.t.HelmChartContainer - [test-hivemq-platform] [hivemq] [d03393d8] INFO  - Starting TCP listener on address 0.0.0.0 and port 1883
2025-01-27 17:05:38,674 INFO c.h.h.t.HelmChartContainer - [test-hivemq-platform] [hivemq] [d03393d8] INFO  - Started TCP Listener on address 0.0.0.0 and on port 1883.
2025-01-27 17:05:38,675 INFO c.h.h.t.HelmChartContainer - [test-hivemq-platform] [hivemq] [d03393d8] INFO  - Started HiveMQ in 8015ms
2025-01-27 17:05:41,375 INFO c.h.h.t.HelmChartContainer - [test-hivemq-platform] [hivemq] [d03393d8] INFO  - [HiveMQ Platform Operator Init App 1.7.0-SNAPSHOT] Returning Health API response 200 for readiness
2025-01-27 17:05:41,389 INFO c.h.h.t.HelmChartContainer - [POD] test-hivemq-platform-0 [d03393d8-7682-4c47-ba7a-51f7c64a1176] in helmcustomconfigit was MODIFIED
2025-01-27 17:05:41,405 INFO c.h.h.t.HelmChartContainer - [hivemq-test-hivemq-platform] [hivemq-platform-operator] [0d90484e] 17:05:41.400 [pool-6-thread-23] DEBUG c.h.p.o.d.PlatformServiceResource - [helmcust] Desired Platform services (3 services)
2025-01-27 17:05:41,405 INFO c.h.h.t.HelmChartContainer - [hivemq-test-hivemq-platform] [hivemq-platform-operator] [0d90484e] 17:05:41.402 [pool-6-thread-26] DEBUG c.h.p.o.d.PodServiceAccountResource - [helmcust] Desired PodServiceAccountResource (serviceAccountName: hivemq-platform-pod-test-hivemq-platform)
2025-01-27 17:05:41,408 INFO c.h.h.t.HelmChartContainer - [hivemq-test-hivemq-platform] [hivemq-platform-operator] [0d90484e] 17:05:41.402 [pool-6-thread-21] DEBUG c.h.p.o.dependants.PodInfoConfigMap - [helmcust] Desired PodInfo ConfigMap (1 extensions) (1 enabled)
2025-01-27 17:05:41,409 INFO c.h.h.t.HelmChartContainer - [hivemq-test-hivemq-platform] [hivemq-platform-operator] [0d90484e] 17:05:41.405 [pool-6-thread-21] DEBUG c.h.p.o.dependants.PodInfoConfigMap - [helmcust] Desired PodInfo ConfigMap (metrics port: 9399) (metrics path: /)
2025-01-27 17:05:41,409 INFO c.h.h.t.HelmChartContainer - [hivemq-test-hivemq-platform] [hivemq-platform-operator] [0d90484e] 17:05:41.405 [pool-6-thread-21] DEBUG c.h.p.o.dependants.PodInfoConfigMap - [helmcust] Desired PodInfo ConfigMap (extension state hash: -1817474005)
2025-01-27 17:05:41,417 INFO c.h.h.t.HelmChartContainer - [hivemq-test-hivemq-platform] [hivemq-platform-operator] [0d90484e] 17:05:41.414 [pool-6-thread-29] DEBUG c.h.p.o.d.StatefulSetResource - [helmcust] Desired StatefulSet (1 replicas) for status STARTING (READY)
2025-01-27 17:05:41,480 INFO c.h.h.t.HelmChartContainer - [hivemq-test-hivemq-platform] [hivemq-platform-operator] [0d90484e] 17:05:41.478 [ReconcilerExecutor-hivemq-controller-110] INFO  c.h.p.o.HiveMQPlatformReconciler - [helmcust] Reconciling HiveMQ Platform 'test-hivemq-platform' in namespace 'helmcustomconfigit'
2025-01-27 17:05:41,480 INFO c.h.h.t.HelmChartContainer - [hivemq-test-hivemq-platform] [hivemq-platform-operator] [0d90484e] 17:05:41.478 [ReconcilerExecutor-hivemq-controller-110] DEBUG c.h.p.o.HiveMQPlatformReconciler - [helmcust] Custom Resource Status STARTING - HiveMQ Platform is starting (READY)
2025-01-27 17:05:41,480 INFO c.h.h.t.HelmChartContainer - [hivemq-test-hivemq-platform] [hivemq-platform-operator] [0d90484e] 17:05:41.478 [ReconcilerExecutor-hivemq-controller-110] DEBUG c.h.p.o.HiveMQPlatformReconciler - [helmcust] Custom Resource Spec (replicas: 1) (extensions: 1)
2025-01-27 17:05:41,484 INFO c.h.h.t.HelmChartContainer - [hivemq-test-hivemq-platform] [hivemq-platform-operator] [0d90484e] 17:05:41.480 [ReconcilerExecutor-hivemq-controller-110] DEBUG c.h.p.o.HiveMQPlatformReconciler - [helmcust] StatefulSet Status (revision: test-hivemq-platform-668869cf68, replicas: 1, available: 1, ready: 1, current: 1, updated: 1)
2025-01-27 17:05:41,484 INFO c.h.h.t.HelmChartContainer - [hivemq-test-hivemq-platform] [hivemq-platform-operator] [0d90484e] 17:05:41.480 [ReconcilerExecutor-hivemq-controller-110] DEBUG c.h.p.o.HiveMQPlatformReconciler - [helmcust] StatefulSet Spec (replicas: 1, init containers: 1, containers: 1, volumes: 3)
2025-01-27 17:05:41,484 INFO c.h.h.t.HelmChartContainer - [hivemq-test-hivemq-platform] [hivemq-platform-operator] [0d90484e] 17:05:41.482 [ReconcilerExecutor-hivemq-controller-110] DEBUG c.h.p.o.h.HiveMQPlatformReconcilerErrorHandler - [helmcust] Pod 'test-hivemq-platform-0' phase Running
2025-01-27 17:05:41,486 INFO c.h.h.t.HelmChartContainer - [hivemq-test-hivemq-platform] [hivemq-platform-operator] [0d90484e] 17:05:41.482 [ReconcilerExecutor-hivemq-controller-110] INFO  c.h.p.o.h.HiveMQPlatformReconcilerBaseHandler - [helmcust] HiveMQ Platform started successfully
2025-01-27 17:05:41,586 INFO c.h.h.t.HelmChartContainer - [hivemq-test-hivemq-platform] [hivemq-platform-operator] [0d90484e] 17:05:41.585 [ReconcilerExecutor-hivemq-controller-110] DEBUG c.h.p.operator.event.EventSender - [helmcust] Creating K8s event hivemq-platform-ready: [Ready] HiveMQ Platform is ready
2025-01-27 17:05:41,592 INFO c.h.h.t.HelmChartContainer - [hivemq-test-hivemq-platform] [hivemq-platform-operator] [0d90484e] 17:05:41.589 [ReconcilerExecutor-hivemq-controller-110] INFO  c.h.p.o.h.AbstractHiveMQReconcilerStateHandler - [helmcust] Update HiveMQ Platform Status (STARTING [READY] -> RUNNING [READY]): HiveMQ Platform is ready
2025-01-27 17:05:41,593 INFO c.h.h.t.HelmChartContainer - [EVENT] Normal [Ready] HiveMQ Platform is ready [helmcustomconfigit:test-hivemq-platform]
2025-01-27 17:05:41,598 DEBUG com.hivemq.helmcharts.util.K8sUtil - Comparing actual state 'RUNNING' and waiting for 'RUNNING'
2025-01-27 17:05:41,682 INFO c.h.h.t.HelmChartContainer - [hivemq-test-hivemq-platform] [hivemq-platform-operator] [0d90484e] 17:05:41.680 [pool-6-thread-33] DEBUG c.h.p.o.d.PlatformServiceResource - [helmcust] Desired Platform services (3 services)
2025-01-27 17:05:41,686 INFO c.h.h.t.HelmChartContainer - [hivemq-test-hivemq-platform] [hivemq-platform-operator] [0d90484e] 17:05:41.680 [pool-6-thread-38] DEBUG c.h.p.o.dependants.PodInfoConfigMap - [helmcust] Desired PodInfo ConfigMap (1 extensions) (1 enabled)
2025-01-27 17:05:41,686 INFO c.h.h.t.HelmChartContainer - [hivemq-test-hivemq-platform] [hivemq-platform-operator] [0d90484e] 17:05:41.683 [pool-6-thread-38] DEBUG c.h.p.o.dependants.PodInfoConfigMap - [helmcust] Desired PodInfo ConfigMap (metrics port: 9399) (metrics path: /)
2025-01-27 17:05:41,687 INFO c.h.h.t.HelmChartContainer - [hivemq-test-hivemq-platform] [hivemq-platform-operator] [0d90484e] 17:05:41.683 [pool-6-thread-38] DEBUG c.h.p.o.dependants.PodInfoConfigMap - [helmcust] Desired PodInfo ConfigMap (extension state hash: -1817474005)
2025-01-27 17:05:41,687 INFO c.h.h.t.HelmChartContainer - [hivemq-test-hivemq-platform] [hivemq-platform-operator] [0d90484e] 17:05:41.684 [pool-6-thread-38] DEBUG c.h.p.o.dependants.PodInfoConfigMap - [helmcust] Update PodInfo ConfigMap
2025-01-27 17:05:41,687 INFO c.h.h.t.HelmChartContainer - [hivemq-test-hivemq-platform] [hivemq-platform-operator] [0d90484e] 17:05:41.682 [pool-6-thread-39] DEBUG c.h.p.o.d.PodServiceAccountResource - [helmcust] Desired PodServiceAccountResource (serviceAccountName: hivemq-platform-pod-test-hivemq-platform)
2025-01-27 17:05:41,709 INFO c.h.h.t.HelmChartContainer - [hivemq-test-hivemq-platform] [hivemq-platform-operator] [0d90484e] 17:05:41.708 [pool-6-thread-40] DEBUG c.h.p.o.d.StatefulSetResource - [helmcust] Desired StatefulSet (1 replicas) for status RUNNING (READY)
2025-01-27 17:05:41,780 INFO c.h.h.t.HelmChartContainer - [hivemq-test-hivemq-platform] [hivemq-platform-operator] [0d90484e] 17:05:41.778 [ReconcilerExecutor-hivemq-controller-111] INFO  c.h.p.o.HiveMQPlatformReconciler - [helmcust] Reconciling HiveMQ Platform 'test-hivemq-platform' in namespace 'helmcustomconfigit'
2025-01-27 17:05:41,780 INFO c.h.h.t.HelmChartContainer - [hivemq-test-hivemq-platform] [hivemq-platform-operator] [0d90484e] 17:05:41.778 [ReconcilerExecutor-hivemq-controller-111] DEBUG c.h.p.o.HiveMQPlatformReconciler - [helmcust] Custom Resource Status RUNNING - HiveMQ Platform is ready (READY)
2025-01-27 17:05:41,780 INFO c.h.h.t.HelmChartContainer - [hivemq-test-hivemq-platform] [hivemq-platform-operator] [0d90484e] 17:05:41.778 [ReconcilerExecutor-hivemq-controller-111] DEBUG c.h.p.o.HiveMQPlatformReconciler - [helmcust] Custom Resource Spec (replicas: 1) (extensions: 1)
2025-01-27 17:05:41,783 INFO c.h.h.t.HelmChartContainer - [hivemq-test-hivemq-platform] [hivemq-platform-operator] [0d90484e] 17:05:41.781 [ReconcilerExecutor-hivemq-controller-111] DEBUG c.h.p.o.HiveMQPlatformReconciler - [helmcust] StatefulSet Status (revision: test-hivemq-platform-668869cf68, replicas: 1, available: 1, ready: 1, current: 1, updated: 1)
2025-01-27 17:05:41,783 INFO c.h.h.t.HelmChartContainer - [hivemq-test-hivemq-platform] [hivemq-platform-operator] [0d90484e] 17:05:41.781 [ReconcilerExecutor-hivemq-controller-111] DEBUG c.h.p.o.HiveMQPlatformReconciler - [helmcust] StatefulSet Spec (replicas: 1, init containers: 1, containers: 1, volumes: 3)
2025-01-27 17:05:41,784 INFO c.h.h.t.HelmChartContainer - [hivemq-test-hivemq-platform] [hivemq-platform-operator] [0d90484e] 17:05:41.782 [ReconcilerExecutor-hivemq-controller-111] DEBUG c.h.p.o.h.HiveMQPlatformReconcilerErrorHandler - [helmcust] Pod 'test-hivemq-platform-0' phase Running
2025-01-27 17:05:43,638 INFO c.h.h.t.HelmChartContainer - Uninstalling release 'test-hivemq-platform' in namespace 'helmcustomconfigit'...
2025-01-27 17:05:43,639 DEBUG c.h.h.t.HelmChartContainer - Executing helm command: /bin/helm --kubeconfig /etc/rancher/k3s/k3s.yaml uninstall test-hivemq-platform  --wait --timeout 5m0s --cascade foreground --namespace helmcustomconfigit
2025-01-27 17:05:43,849 INFO c.h.h.t.HelmChartContainer - [hivemq-test-hivemq-platform] [hivemq-platform-operator] [0d90484e] 17:05:43.843 [pool-6-thread-43] DEBUG c.h.p.o.d.PlatformServiceResource - [helmcust] Desired Platform services (3 services)
2025-01-27 17:05:43,850 INFO c.h.h.t.HelmChartContainer - [hivemq-test-hivemq-platform] [hivemq-platform-operator] [0d90484e] 17:05:43.845 [pool-6-thread-45] DEBUG c.h.p.o.d.PodServiceAccountResource - [helmcust] Desired PodServiceAccountResource (serviceAccountName: hivemq-platform-pod-test-hivemq-platform)
2025-01-27 17:05:43,915 INFO c.h.h.t.HelmChartContainer - [hivemq-test-hivemq-platform] [hivemq-platform-operator] [0d90484e] 17:05:43.909 [pool-6-thread-44] DEBUG c.h.p.o.dependants.PodInfoConfigMap - [helmcust] Desired PodInfo ConfigMap (1 extensions) (1 enabled)
2025-01-27 17:05:43,915 INFO c.h.h.t.HelmChartContainer - [hivemq-test-hivemq-platform] [hivemq-platform-operator] [0d90484e] 17:05:43.909 [pool-6-thread-44] DEBUG c.h.p.o.dependants.PodInfoConfigMap - [helmcust] Desired PodInfo ConfigMap (metrics port: 9399) (metrics path: /)
2025-01-27 17:05:43,915 INFO c.h.h.t.HelmChartContainer - [hivemq-test-hivemq-platform] [hivemq-platform-operator] [0d90484e] 17:05:43.909 [pool-6-thread-44] DEBUG c.h.p.o.dependants.PodInfoConfigMap - [helmcust] Desired PodInfo ConfigMap (extension state hash: -1817474005)
2025-01-27 17:05:44,010 INFO c.h.h.t.HelmChartContainer - [hivemq-test-hivemq-platform] [hivemq-platform-operator] [0d90484e] 17:05:44.006 [pool-6-thread-45] DEBUG c.h.p.o.d.StatefulSetResource - [helmcust] Desired StatefulSet (1 replicas) for status RUNNING (READY)
2025-01-27 17:05:44,012 INFO c.h.h.t.HelmChartContainer - [hivemq-test-hivemq-platform] [hivemq-platform-operator] [0d90484e] 17:05:44.011 [pool-6-thread-45] DEBUG c.h.p.o.d.StatefulSetResource - [helmcust] Update StatefulSet (replicas: 1 -> 1)
2025-01-27 17:05:44,013 INFO c.h.h.t.HelmChartContainer - [hivemq-test-hivemq-platform] [hivemq-platform-operator] [0d90484e] 17:05:44.012 [pool-6-thread-45] DEBUG c.h.p.o.d.StatefulSetResource - [helmcust] Detected change in StatefulSet specification (path: /template/metadata/annotations/kubernetes-resource-versions) (actual value: {broker-configuration-v2=-2089688360}) (target value: {broker-configuration-v2=0})
2025-01-27 17:05:44,014 INFO c.h.h.t.HelmChartContainer - [hivemq-test-hivemq-platform] [hivemq-platform-operator] [0d90484e] 17:05:44.013 [pool-6-thread-45] INFO  c.h.p.o.d.StatefulSetResource - [helmcust] StatefulSet spec was updated, triggering rolling restart
2025-01-27 17:05:44,027 INFO c.h.h.t.HelmChartContainer - [hivemq-test-hivemq-platform] [hivemq-platform-operator] [0d90484e] 17:05:44.026 [ReconcilerExecutor-hivemq-controller-112] INFO  c.h.p.o.HiveMQPlatformReconciler - [helmcust] Reconciling HiveMQ Platform 'test-hivemq-platform' in namespace 'helmcustomconfigit'
2025-01-27 17:05:44,029 INFO c.h.h.t.HelmChartContainer - [hivemq-test-hivemq-platform] [hivemq-platform-operator] [0d90484e] 17:05:44.027 [ReconcilerExecutor-hivemq-controller-112] DEBUG c.h.p.o.HiveMQPlatformReconciler - [helmcust] Custom Resource Status RUNNING - HiveMQ Platform is ready (READY) (reconciliation requests: REQUESTS_UPDATED, ROLLING_RESTART)
2025-01-27 17:05:44,029 INFO c.h.h.t.HelmChartContainer - [hivemq-test-hivemq-platform] [hivemq-platform-operator] [0d90484e] 17:05:44.028 [ReconcilerExecutor-hivemq-controller-112] DEBUG c.h.p.o.HiveMQPlatformReconciler - [helmcust] Custom Resource Spec (replicas: 1) (extensions: 1)
2025-01-27 17:05:44,030 INFO c.h.h.t.HelmChartContainer - [hivemq-test-hivemq-platform] [hivemq-platform-operator] [0d90484e] 17:05:44.029 [ReconcilerExecutor-hivemq-controller-112] WARN  c.h.p.o.h.HiveMQPlatformReconcilerErrorHandler - [helmcust] Could not find ConfigMap 'hivemq-configuration-test-hivemq-platform' for HiveMQ Platform configuration
2025-01-27 17:05:44,125 INFO c.h.h.t.HelmChartContainer - [hivemq-test-hivemq-platform] [hivemq-platform-operator] [0d90484e] 17:05:44.123 [ReconcilerExecutor-hivemq-controller-112] DEBUG c.h.p.operator.event.EventSender - [helmcust] Creating K8s event hivemq-platform-invalid-configuration: [Start] Could not find ConfigMap 'hivemq-configuration-test-hivemq-platform' for HiveMQ Platform configuration
2025-01-27 17:05:44,211 INFO c.h.h.t.HelmChartContainer - [EVENT] Warning [Start] Could not find ConfigMap 'hivemq-configuration-test-hivemq-platform' for HiveMQ Platform configuration [helmcustomconfigit:test-hivemq-platform]
2025-01-27 17:05:44,212 INFO c.h.h.t.HelmChartContainer - [hivemq-test-hivemq-platform] [hivemq-platform-operator] [0d90484e] 17:05:44.211 [ReconcilerExecutor-hivemq-controller-112] INFO  c.h.p.o.h.AbstractHiveMQReconcilerStateHandler - [helmcust] Update HiveMQ Platform Status (RUNNING [READY] -> ERROR [INVALID_CONFIG_MAP]): Could not find ConfigMap 'hivemq-configuration-test-hivemq-platform' for HiveMQ Platform configuration (reconciliation requests: ROLLING_RESTART)
2025-01-27 17:05:44,222 INFO c.h.h.t.HelmChartContainer - [hivemq-test-hivemq-platform] [hivemq-platform-operator] [0d90484e] 17:05:44.218 [ReconcilerExecutor-hivemq-controller-112] ERROR i.j.o.p.event.EventProcessor - Error during event processing ExecutionScope{ resource id: ResourceID{name='test-hivemq-platform', namespace='helmcustomconfigit'}, version: 592}
2025-01-27 17:05:44,222 INFO c.h.h.t.HelmChartContainer - [hivemq-test-hivemq-platform] [hivemq-platform-operator] [0d90484e] io.fabric8.kubernetes.client.KubernetesClientException: Failure executing: PUT at: https://10.43.0.1:443/apis/hivemq.com/v1/namespaces/helmcustomconfigit/hivemq-platforms/test-hivemq-platform/status. Message: Operation cannot be fulfilled on hivemq-platforms.hivemq.com "test-hivemq-platform": the object has been modified; please apply your changes to the latest version and try again. Received status: Status(apiVersion=v1, code=409, details=StatusDetails(causes=[], group=hivemq.com, kind=hivemq-platforms, name=test-hivemq-platform, retryAfterSeconds=null, uid=null, additionalProperties={}), kind=Status, message=Operation cannot be fulfilled on hivemq-platforms.hivemq.com "test-hivemq-platform": the object has been modified; please apply your changes to the latest version and try again, metadata=ListMeta(_continue=null, remainingItemCount=null, resourceVersion=null, selfLink=null, additionalProperties={}), reason=Conflict, status=Failure, additionalProperties={}).
2025-01-27 17:05:44,222 INFO c.h.h.t.HelmChartContainer - [hivemq-test-hivemq-platform] [hivemq-platform-operator] [0d90484e] 	at io.fabric8.kubernetes.client.KubernetesClientException.copyAsCause(KubernetesClientException.java:238)
2025-01-27 17:05:44,222 INFO c.h.h.t.HelmChartContainer - [hivemq-test-hivemq-platform] [hivemq-platform-operator] [0d90484e] 	at io.fabric8.kubernetes.client.dsl.internal.OperationSupport.waitForResult(OperationSupport.java:507)
2025-01-27 17:05:44,222 INFO c.h.h.t.HelmChartContainer - [hivemq-test-hivemq-platform] [hivemq-platform-operator] [0d90484e] 	at io.fabric8.kubernetes.client.dsl.internal.OperationSupport.handleResponse(OperationSupport.java:524)
2025-01-27 17:05:44,222 INFO c.h.h.t.HelmChartContainer - [hivemq-test-hivemq-platform] [hivemq-platform-operator] [0d90484e] 	at io.fabric8.kubernetes.client.dsl.internal.OperationSupport.handleUpdate(OperationSupport.java:358)
2025-01-27 17:05:44,222 INFO c.h.h.t.HelmChartContainer - [hivemq-test-hivemq-platform] [hivemq-platform-operator] [0d90484e] 	at io.fabric8.kubernetes.client.dsl.internal.BaseOperation.handleUpdate(BaseOperation.java:759)
2025-01-27 17:05:44,222 INFO c.h.h.t.HelmChartContainer - [hivemq-test-hivemq-platform] [hivemq-platform-operator] [0d90484e] 	at io.fabric8.kubernetes.client.dsl.internal.HasMetadataOperation.update(HasMetadataOperation.java:138)
2025-01-27 17:05:44,222 INFO c.h.h.t.HelmChartContainer - [hivemq-test-hivemq-platform] [hivemq-platform-operator] [0d90484e] 	at io.fabric8.kubernetes.client.dsl.internal.HasMetadataOperation.update(HasMetadataOperation.java:121)
2025-01-27 17:05:44,222 INFO c.h.h.t.HelmChartContainer - [hivemq-test-hivemq-platform] [hivemq-platform-operator] [0d90484e] 	at io.fabric8.kubernetes.client.dsl.internal.HasMetadataOperation.updateStatus(HasMetadataOperation.java:126)
2025-01-27 17:05:44,222 INFO c.h.h.t.HelmChartContainer - [hivemq-test-hivemq-platform] [hivemq-platform-operator] [0d90484e] 	at io.fabric8.kubernetes.client.dsl.internal.HasMetadataOperation.updateStatus(HasMetadataOperation.java:44)
2025-01-27 17:05:44,222 INFO c.h.h.t.HelmChartContainer - [hivemq-test-hivemq-platform] [hivemq-platform-operator] [0d90484e] 	at io.javaoperatorsdk.operator.processing.event.ReconciliationDispatcher$CustomResourceFacade.updateStatus(ReconciliationDispatcher.java:408)
2025-01-27 17:05:44,222 INFO c.h.h.t.HelmChartContainer - [hivemq-test-hivemq-platform] [hivemq-platform-operator] [0d90484e] 	at io.javaoperatorsdk.operator.processing.event.ReconciliationDispatcher.updateStatusGenerationAware(ReconciliationDispatcher.java:228)
2025-01-27 17:05:44,222 INFO c.h.h.t.HelmChartContainer - [hivemq-test-hivemq-platform] [hivemq-platform-operator] [0d90484e] 	at io.javaoperatorsdk.operator.processing.event.ReconciliationDispatcher.reconcileExecution(ReconciliationDispatcher.java:150)
2025-01-27 17:05:44,222 INFO c.h.h.t.HelmChartContainer - [hivemq-test-hivemq-platform] [hivemq-platform-operator] [0d90484e] 	at io.javaoperatorsdk.operator.processing.event.ReconciliationDispatcher.handleReconcile(ReconciliationDispatcher.java:117)
2025-01-27 17:05:44,222 INFO c.h.h.t.HelmChartContainer - [hivemq-test-hivemq-platform] [hivemq-platform-operator] [0d90484e] 	at io.javaoperatorsdk.operator.processing.event.ReconciliationDispatcher.handleDispatch(ReconciliationDispatcher.java:91)
2025-01-27 17:05:44,222 INFO c.h.h.t.HelmChartContainer - [hivemq-test-hivemq-platform] [hivemq-platform-operator] [0d90484e] 	at io.javaoperatorsdk.operator.processing.event.ReconciliationDispatcher.handleExecution(ReconciliationDispatcher.java:64)
2025-01-27 17:05:44,222 INFO c.h.h.t.HelmChartContainer - [hivemq-test-hivemq-platform] [hivemq-platform-operator] [0d90484e] 	at io.javaoperatorsdk.operator.processing.event.EventProcessor$ReconcilerExecutor.run(EventProcessor.java:452)
2025-01-27 17:05:44,222 INFO c.h.h.t.HelmChartContainer - [hivemq-test-hivemq-platform] [hivemq-platform-operator] [0d90484e] 	at java.base/java.util.concurrent.ThreadPoolExecutor.runWorker(Unknown Source)
2025-01-27 17:05:44,222 INFO c.h.h.t.HelmChartContainer - [hivemq-test-hivemq-platform] [hivemq-platform-operator] [0d90484e] 	at java.base/java.util.concurrent.ThreadPoolExecutor$Worker.run(Unknown Source)
2025-01-27 17:05:44,222 INFO c.h.h.t.HelmChartContainer - [hivemq-test-hivemq-platform] [hivemq-platform-operator] [0d90484e] 	at java.base/java.lang.Thread.run(Unknown Source)
2025-01-27 17:05:44,222 INFO c.h.h.t.HelmChartContainer - [hivemq-test-hivemq-platform] [hivemq-platform-operator] [0d90484e] Caused by: io.fabric8.kubernetes.client.KubernetesClientException: Failure executing: PUT at: https://10.43.0.1:443/apis/hivemq.com/v1/namespaces/helmcustomconfigit/hivemq-platforms/test-hivemq-platform/status. Message: Operation cannot be fulfilled on hivemq-platforms.hivemq.com "test-hivemq-platform": the object has been modified; please apply your changes to the latest version and try again. Received status: Status(apiVersion=v1, code=409, details=StatusDetails(causes=[], group=hivemq.com, kind=hivemq-platforms, name=test-hivemq-platform, retryAfterSeconds=null, uid=null, additionalProperties={}), kind=Status, message=Operation cannot be fulfilled on hivemq-platforms.hivemq.com "test-hivemq-platform": the object has been modified; please apply your changes to the latest version and try again, metadata=ListMeta(_continue=null, remainingItemCount=null, resourceVersion=null, selfLink=null, additionalProperties={}), reason=Conflict, status=Failure, additionalProperties={}).
2025-01-27 17:05:44,222 INFO c.h.h.t.HelmChartContainer - [hivemq-test-hivemq-platform] [hivemq-platform-operator] [0d90484e] 	at io.fabric8.kubernetes.client.dsl.internal.OperationSupport.requestFailure(OperationSupport.java:660)
2025-01-27 17:05:44,222 INFO c.h.h.t.HelmChartContainer - [hivemq-test-hivemq-platform] [hivemq-platform-operator] [0d90484e] 	at io.fabric8.kubernetes.client.dsl.internal.OperationSupport.requestFailure(OperationSupport.java:640)
2025-01-27 17:05:44,222 INFO c.h.h.t.HelmChartContainer - [hivemq-test-hivemq-platform] [hivemq-platform-operator] [0d90484e] 	at io.fabric8.kubernetes.client.dsl.internal.OperationSupport.assertResponseCode(OperationSupport.java:589)
2025-01-27 17:05:44,222 INFO c.h.h.t.HelmChartContainer - [hivemq-test-hivemq-platform] [hivemq-platform-operator] [0d90484e] 	at io.fabric8.kubernetes.client.dsl.internal.OperationSupport.lambda$handleResponse$0(OperationSupport.java:549)
2025-01-27 17:05:44,223 INFO c.h.h.t.HelmChartContainer - [hivemq-test-hivemq-platform] [hivemq-platform-operator] [0d90484e] 	at java.base/java.util.concurrent.CompletableFuture$UniApply.tryFire(Unknown Source)
2025-01-27 17:05:44,223 INFO c.h.h.t.HelmChartContainer - [hivemq-test-hivemq-platform] [hivemq-platform-operator] [0d90484e] 	at java.base/java.util.concurrent.CompletableFuture.postComplete(Unknown Source)
2025-01-27 17:05:44,223 INFO c.h.h.t.HelmChartContainer - [hivemq-test-hivemq-platform] [hivemq-platform-operator] [0d90484e] 	at java.base/java.util.concurrent.CompletableFuture.complete(Unknown Source)
2025-01-27 17:05:44,223 INFO c.h.h.t.HelmChartContainer - [hivemq-test-hivemq-platform] [hivemq-platform-operator] [0d90484e] 	at io.fabric8.kubernetes.client.http.StandardHttpClient.lambda$completeOrCancel$10(StandardHttpClient.java:141)
2025-01-27 17:05:44,223 INFO c.h.h.t.HelmChartContainer - [hivemq-test-hivemq-platform] [hivemq-platform-operator] [0d90484e] 	at java.base/java.util.concurrent.CompletableFuture.uniWhenComplete(Unknown Source)
2025-01-27 17:05:44,223 INFO c.h.h.t.HelmChartContainer - [hivemq-test-hivemq-platform] [hivemq-platform-operator] [0d90484e] 	at java.base/java.util.concurrent.CompletableFuture$UniWhenComplete.tryFire(Unknown Source)
2025-01-27 17:05:44,223 INFO c.h.h.t.HelmChartContainer - [hivemq-test-hivemq-platform] [hivemq-platform-operator] [0d90484e] 	at java.base/java.util.concurrent.CompletableFuture.postComplete(Unknown Source)
2025-01-27 17:05:44,223 INFO c.h.h.t.HelmChartContainer - [hivemq-test-hivemq-platform] [hivemq-platform-operator] [0d90484e] 	at java.base/java.util.concurrent.CompletableFuture.complete(Unknown Source)
2025-01-27 17:05:44,226 INFO c.h.h.t.HelmChartContainer - [hivemq-test-hivemq-platform] [hivemq-platform-operator] [0d90484e] 	at io.fabric8.kubernetes.client.http.ByteArrayBodyHandler.onBodyDone(ByteArrayBodyHandler.java:51)
2025-01-27 17:05:44,226 INFO c.h.h.t.HelmChartContainer - [hivemq-test-hivemq-platform] [hivemq-platform-operator] [0d90484e] 	at java.base/java.util.concurrent.CompletableFuture.uniWhenComplete(Unknown Source)
2025-01-27 17:05:44,226 INFO c.h.h.t.HelmChartContainer - [hivemq-test-hivemq-platform] [hivemq-platform-operator] [0d90484e] 	at java.base/java.util.concurrent.CompletableFuture$UniWhenComplete.tryFire(Unknown Source)
2025-01-27 17:05:44,226 INFO c.h.h.t.HelmChartContainer - [hivemq-test-hivemq-platform] [hivemq-platform-operator] [0d90484e] 	at java.base/java.util.concurrent.CompletableFuture.postComplete(Unknown Source)
2025-01-27 17:05:44,226 INFO c.h.h.t.HelmChartContainer - [hivemq-test-hivemq-platform] [hivemq-platform-operator] [0d90484e] 	at java.base/java.util.concurrent.CompletableFuture.complete(Unknown Source)
2025-01-27 17:05:44,226 INFO c.h.h.t.HelmChartContainer - [hivemq-test-hivemq-platform] [hivemq-platform-operator] [0d90484e] 	at io.fabric8.kubernetes.client.vertx.VertxHttpRequest.lambda$null$1(VertxHttpRequest.java:121)
2025-01-27 17:05:44,226 INFO c.h.h.t.HelmChartContainer - [hivemq-test-hivemq-platform] [hivemq-platform-operator] [0d90484e] 	at io.vertx.core.impl.ContextInternal.dispatch(ContextInternal.java:279)
2025-01-27 17:05:44,226 INFO c.h.h.t.HelmChartContainer - [hivemq-test-hivemq-platform] [hivemq-platform-operator] [0d90484e] 	at io.vertx.core.impl.ContextInternal.dispatch(ContextInternal.java:261)
2025-01-27 17:05:44,226 INFO c.h.h.t.HelmChartContainer - [hivemq-test-hivemq-platform] [hivemq-platform-operator] [0d90484e] 	at io.vertx.core.http.impl.HttpEventHandler.handleEnd(HttpEventHandler.java:76)
2025-01-27 17:05:44,226 INFO c.h.h.t.HelmChartContainer - [hivemq-test-hivemq-platform] [hivemq-platform-operator] [0d90484e] 	at io.vertx.core.http.impl.HttpClientResponseImpl.handleEnd(HttpClientResponseImpl.java:250)
2025-01-27 17:05:44,226 INFO c.h.h.t.HelmChartContainer - [hivemq-test-hivemq-platform] [hivemq-platform-operator] [0d90484e] 	at io.vertx.core.http.impl.Http1xClientConnection$StreamImpl.lambda$new$0(Http1xClientConnection.java:421)
2025-01-27 17:05:44,226 INFO c.h.h.t.HelmChartContainer - [hivemq-test-hivemq-platform] [hivemq-platform-operator] [0d90484e] 	at io.vertx.core.streams.impl.InboundBuffer.handleEvent(InboundBuffer.java:279)
2025-01-27 17:05:44,226 INFO c.h.h.t.HelmChartContainer - [hivemq-test-hivemq-platform] [hivemq-platform-operator] [0d90484e] 	at io.vertx.core.streams.impl.InboundBuffer.write(InboundBuffer.java:157)
2025-01-27 17:05:44,226 INFO c.h.h.t.HelmChartContainer - [hivemq-test-hivemq-platform] [hivemq-platform-operator] [0d90484e] 	at io.vertx.core.http.impl.Http1xClientConnection$StreamImpl.handleEnd(Http1xClientConnection.java:709)
2025-01-27 17:05:44,226 INFO c.h.h.t.HelmChartContainer - [hivemq-test-hivemq-platform] [hivemq-platform-operator] [0d90484e] 	at io.vertx.core.impl.ContextImpl.lambda$execute$4(ContextImpl.java:315)
2025-01-27 17:05:44,226 INFO c.h.h.t.HelmChartContainer - [hivemq-test-hivemq-platform] [hivemq-platform-operator] [0d90484e] 	at io.netty.util.concurrent.AbstractEventExecutor.runTask(AbstractEventExecutor.java:173)
2025-01-27 17:05:44,226 INFO c.h.h.t.HelmChartContainer - [hivemq-test-hivemq-platform] [hivemq-platform-operator] [0d90484e] 	at io.netty.util.concurrent.AbstractEventExecutor.safeExecute(AbstractEventExecutor.java:166)
2025-01-27 17:05:44,226 INFO c.h.h.t.HelmChartContainer - [hivemq-test-hivemq-platform] [hivemq-platform-operator] [0d90484e] 	at io.netty.util.concurrent.SingleThreadEventExecutor.runAllTasks(SingleThreadEventExecutor.java:472)
2025-01-27 17:05:44,226 INFO c.h.h.t.HelmChartContainer - [hivemq-test-hivemq-platform] [hivemq-platform-operator] [0d90484e] 	at io.netty.channel.nio.NioEventLoop.run(NioEventLoop.java:569)
2025-01-27 17:05:44,226 INFO c.h.h.t.HelmChartContainer - [hivemq-test-hivemq-platform] [hivemq-platform-operator] [0d90484e] 	at io.netty.util.concurrent.SingleThreadEventExecutor$4.run(SingleThreadEventExecutor.java:997)
2025-01-27 17:05:44,226 INFO c.h.h.t.HelmChartContainer - [hivemq-test-hivemq-platform] [hivemq-platform-operator] [0d90484e] 	at io.netty.util.internal.ThreadExecutorMap$2.run(ThreadExecutorMap.java:74)
2025-01-27 17:05:44,226 INFO c.h.h.t.HelmChartContainer - [hivemq-test-hivemq-platform] [hivemq-platform-operator] [0d90484e] 	at io.netty.util.concurrent.FastThreadLocalRunnable.run(FastThreadLocalRunnable.java:30)
2025-01-27 17:05:44,226 INFO c.h.h.t.HelmChartContainer - [hivemq-test-hivemq-platform] [hivemq-platform-operator] [0d90484e] 	... 1 common frames omitted
2025-01-27 17:05:44,227 INFO c.h.h.t.HelmChartContainer - [hivemq-test-hivemq-platform] [hivemq-platform-operator] [0d90484e] 17:05:44.224 [ReconcilerExecutor-hivemq-controller-115] INFO  c.h.p.o.HiveMQPlatformReconciler - [helmcust] Cleanup test-hivemq-platform - helmcustomconfigit HiveMQ Platform is shut down
2025-01-27 17:05:44,692 INFO c.h.h.t.HelmChartContainer - [POD] test-hivemq-platform-0 [d03393d8-7682-4c47-ba7a-51f7c64a1176] in helmcustomconfigit was MODIFIED
2025-01-27 17:05:44,700 INFO c.h.h.t.HelmChartContainer - [EVENT] Normal [Killing] Stopping container hivemq [helmcustomconfigit:test-hivemq-platform-0]
2025-01-27 17:05:44,700 INFO c.h.h.t.HelmChartContainer - Received Killing event for container hivemq in pod test-hivemq-platform-0 [d03393d8-7682-4c47-ba7a-51f7c64a1176]
2025-01-27 17:05:44,700 INFO c.h.h.t.HelmChartContainer - Container [test-hivemq-platform-0] [hivemq] [d03393d8-7682-4c47-ba7a-51f7c64a1176] was terminated
2025-01-27 17:05:44,700 INFO c.h.h.t.HelmChartContainer - Stopped log watcher for hivemq in pod test-hivemq-platform-0 [d03393d8-7682-4c47-ba7a-51f7c64a1176]
2025-01-27 17:05:44,705 INFO c.h.h.t.HelmChartContainer - [test-hivemq-platform] [hivemq] [d03393d8] INFO  - [HiveMQ Platform Operator Init App 1.7.0-SNAPSHOT] Shutting down
2025-01-27 17:05:44,705 INFO c.h.h.t.HelmChartContainer - [test-hivemq-platform] [hivemq] [d03393d8] INFO  - [HiveMQ Platform Operator Init App 1.7.0-SNAPSHOT] Stopping the HiveMQ Platform
2025-01-27 17:05:44,741 INFO c.h.h.t.HelmChartContainer - [test-hivemq-platform] [hivemq] [d03393d8] INFO  - Shutting down HiveMQ. Please wait, this could take a while...
2025-01-27 17:05:44,747 INFO c.h.h.t.HelmChartContainer - [test-hivemq-platform] [hivemq] [d03393d8] INFO  - Shutting down listeners and clients
2025-01-27 17:05:44,747 INFO c.h.h.t.HelmChartContainer - [test-hivemq-platform] [hivemq] [d03393d8] INFO  - Shutdown of listeners is done
2025-01-27 17:05:44,747 INFO c.h.h.t.HelmChartContainer - [test-hivemq-platform] [hivemq] [d03393d8] INFO  - No clients are connected, proceeding with shutdown
2025-01-27 17:05:45,887 INFO c.h.h.t.HelmChartContainer - Deleting namespace 'helmcustomconfigit'...
2025-01-27 17:05:46,371 INFO c.h.h.t.HelmChartContainer - [test-hivemq-platform] [hivemq] [d03393d8] INFO  - [HiveMQ Platform Operator Init App 1.7.0-SNAPSHOT] Returning shutdown Health API response 503 for readiness
2025-01-27 17:05:46,376 INFO c.h.h.t.HelmChartContainer - [EVENT] Warning [Unhealthy] Readiness probe failed: HTTP probe failed with statuscode: 503 [helmcustomconfigit:test-hivemq-platform-0]
2025-01-27 17:05:46,376 INFO c.h.h.t.HelmChartContainer - Received Unhealthy event for container hivemq in pod test-hivemq-platform-0 [d03393d8-7682-4c47-ba7a-51f7c64a1176]
2025-01-27 17:05:46,429 INFO c.h.h.t.HelmChartContainer - [K3S] [authentication.go:74] "Unable to authenticate the request" err="[invalid bearer token, serviceaccounts \"hivemq-platform-pod-test-hivemq-platform\" not found]"
2025-01-27 17:05:46,446 INFO c.h.h.t.HelmChartContainer - [K3S] [authentication.go:74] "Unable to authenticate the request" err="[invalid bearer token, serviceaccounts \"hivemq-platform-pod-test-hivemq-platform\" not found]"
2025-01-27 17:05:46,456 INFO c.h.h.t.HelmChartContainer - [test-hivemq-platform] [hivemq] [d03393d8] WARN  - [HiveMQ Platform Operator Init App 1.7.0-SNAPSHOT] Could not update Pod annotations: Failure executing: GET at: https://10.43.0.1:443/api/v1/namespaces/helmcustomconfigit/pods/test-hivemq-platform-0. Message: Unauthorized. Received status: Status(apiVersion=v1, code=401, details=null, kind=Status, message=Unauthorized, metadata=ListMeta(_continue=null, remainingItemCount=null, resourceVersion=null, selfLink=null, additionalProperties={}), reason=Unauthorized, status=Failure, additionalProperties={}).
2025-01-27 17:05:48,281 INFO c.h.h.t.HelmChartContainer - [test-hivemq-platform] [hivemq] [d03393d8] INFO  - Shutting down extension system
2025-01-27 17:05:48,286 INFO c.h.h.t.HelmChartContainer - [test-hivemq-platform] [hivemq] [d03393d8] INFO  - Stopping extension with id hivemq-dns-cluster-discovery
2025-01-27 17:05:48,287 INFO c.h.h.t.HelmChartContainer - [test-hivemq-platform] [hivemq] [d03393d8] INFO  - Extension "DNS Cluster Discovery Extension" version 4.3.2 stopped successfully.
2025-01-27 17:05:48,288 INFO c.h.h.t.HelmChartContainer - [test-hivemq-platform] [hivemq] [d03393d8] INFO  - Stopping extension with id hivemq-prometheus-extension
2025-01-27 17:05:48,291 INFO c.h.h.t.HelmChartContainer - [test-hivemq-platform] [hivemq] [d03393d8] INFO  - Extension "Prometheus Monitoring Extension" version 4.0.12 stopped successfully.
2025-01-27 17:05:48,292 INFO c.h.h.t.HelmChartContainer - [test-hivemq-platform] [hivemq] [d03393d8] INFO  - Stopping extension with id hivemq-allow-all-extension
2025-01-27 17:05:48,292 INFO c.h.h.t.HelmChartContainer - [test-hivemq-platform] [hivemq] [d03393d8] INFO  - Extension "Allow All Extension" version 1.1.0 stopped successfully.
2025-01-27 17:05:50,418 INFO c.h.h.t.HelmChartContainer - [test-hivemq-platform] [hivemq] [d03393d8] INFO  - Shutdown completed.
2025-01-27 17:05:50,769 INFO c.h.h.t.HelmChartContainer - [test-hivemq-platform] [hivemq] [d03393d8] INFO  - [HiveMQ Platform Operator Init App 1.7.0-SNAPSHOT] The HiveMQ Platform exited with code 143
2025-01-27 17:05:50,769 INFO c.h.h.t.HelmChartContainer - [test-hivemq-platform] [hivemq] [d03393d8] INFO  - [HiveMQ Platform Operator Init App 1.7.0-SNAPSHOT] Stopping the REST API
2025-01-27 17:05:50,777 INFO c.h.h.t.HelmChartContainer - [test-hivemq-platform] [hivemq] [d03393d8] INFO  - [HiveMQ Platform Operator Init App 1.7.0-SNAPSHOT] Shutdown complete
2025-01-27 17:05:50,947 INFO c.h.h.t.HelmChartContainer - [K3S] [stateful_set.go:466] "StatefulSet has been deleted" key="helmcustomconfigit/test-hivemq-platform"
2025-01-27 17:05:51,258 INFO c.h.h.t.HelmChartContainer - [POD] test-hivemq-platform-0 [d03393d8-7682-4c47-ba7a-51f7c64a1176] in helmcustomconfigit was MODIFIED
2025-01-27 17:05:51,412 INFO c.h.h.t.HelmChartContainer - [K3S] [reconciler_common.go:162] "operationExecutor.UnmountVolume started for volume \"pod-info\" (UniqueName: \"kubernetes.io/configmap/d03393d8-7682-4c47-ba7a-51f7c64a1176-pod-info\") pod \"d03393d8-7682-4c47-ba7a-51f7c64a1176\" (UID: \"d03393d8-7682-4c47-ba7a-51f7c64a1176\") "
2025-01-27 17:05:51,412 INFO c.h.h.t.HelmChartContainer - [K3S] [reconciler_common.go:162] "operationExecutor.UnmountVolume started for volume \"kube-api-access-vrdhz\" (UniqueName: \"kubernetes.io/projected/d03393d8-7682-4c47-ba7a-51f7c64a1176-kube-api-access-vrdhz\") pod \"d03393d8-7682-4c47-ba7a-51f7c64a1176\" (UID: \"d03393d8-7682-4c47-ba7a-51f7c64a1176\") "
2025-01-27 17:05:51,412 INFO c.h.h.t.HelmChartContainer - [K3S] [reconciler_common.go:162] "operationExecutor.UnmountVolume started for volume \"broker-configuration\" (UniqueName: \"kubernetes.io/configmap/d03393d8-7682-4c47-ba7a-51f7c64a1176-broker-configuration\") pod \"d03393d8-7682-4c47-ba7a-51f7c64a1176\" (UID: \"d03393d8-7682-4c47-ba7a-51f7c64a1176\") "
2025-01-27 17:05:51,412 INFO c.h.h.t.HelmChartContainer - [K3S] [reconciler_common.go:162] "operationExecutor.UnmountVolume started for volume \"operator-init\" (UniqueName: \"kubernetes.io/empty-dir/d03393d8-7682-4c47-ba7a-51f7c64a1176-operator-init\") pod \"d03393d8-7682-4c47-ba7a-51f7c64a1176\" (UID: \"d03393d8-7682-4c47-ba7a-51f7c64a1176\") "
2025-01-27 17:05:51,438 INFO c.h.h.t.HelmChartContainer - [K3S] [scope.go:117] "RemoveContainer" containerID="6f82d71db8f44ae14380f0487c9b597e89d5129dd6dc9c7578ba69c4ae03478f"
2025-01-27 17:05:51,454 INFO c.h.h.t.HelmChartContainer - [POD] test-hivemq-platform-0 [d03393d8-7682-4c47-ba7a-51f7c64a1176] in helmcustomconfigit was MODIFIED
2025-01-27 17:05:51,458 INFO c.h.h.t.HelmChartContainer - [POD] test-hivemq-platform-0 [d03393d8-7682-4c47-ba7a-51f7c64a1176] in helmcustomconfigit was DELETED
2025-01-27 17:05:51,513 INFO c.h.h.t.HelmChartContainer - [K3S] [reconciler_common.go:299] "Volume detached for volume \"operator-init\" (UniqueName: \"kubernetes.io/empty-dir/d03393d8-7682-4c47-ba7a-51f7c64a1176-operator-init\") on node \"1bf1de2df7a7\" DevicePath \"\""
2025-01-27 17:05:51,513 INFO c.h.h.t.HelmChartContainer - [K3S] [reconciler_common.go:299] "Volume detached for volume \"broker-configuration\" (UniqueName: \"kubernetes.io/configmap/d03393d8-7682-4c47-ba7a-51f7c64a1176-broker-configuration\") on node \"1bf1de2df7a7\" DevicePath \"\""
2025-01-27 17:05:51,513 INFO c.h.h.t.HelmChartContainer - [K3S] [reconciler_common.go:299] "Volume detached for volume \"kube-api-access-vrdhz\" (UniqueName: \"kubernetes.io/projected/d03393d8-7682-4c47-ba7a-51f7c64a1176-kube-api-access-vrdhz\") on node \"1bf1de2df7a7\" DevicePath \"\""
2025-01-27 17:05:51,513 INFO c.h.h.t.HelmChartContainer - [K3S] [reconciler_common.go:299] "Volume detached for volume \"pod-info\" (UniqueName: \"kubernetes.io/configmap/d03393d8-7682-4c47-ba7a-51f7c64a1176-pod-info\") on node \"1bf1de2df7a7\" DevicePath \"\""
2025-01-27 17:05:51,542 INFO c.h.h.t.HelmChartContainer - [K3S] [scope.go:117] "RemoveContainer" containerID="9e39870e538216771c4c6c91508d98fda2e16ee8273f93d6cdcc086ca3fa2efa"
2025-01-27 17:05:51,545 INFO c.h.h.t.HelmChartContainer - [K3S] [scope.go:117] "RemoveContainer" containerID="6f82d71db8f44ae14380f0487c9b597e89d5129dd6dc9c7578ba69c4ae03478f"
2025-01-27 17:05:51,546 INFO c.h.h.t.HelmChartContainer - [K3S] [scope.go:117] "RemoveContainer" containerID="9e39870e538216771c4c6c91508d98fda2e16ee8273f93d6cdcc086ca3fa2efa"
2025-01-27 17:05:52,305 INFO c.h.h.t.HelmChartContainer - [K3S] [kubelet_volumes.go:163] "Cleaned up orphaned pod volumes dir" podUID="d03393d8-7682-4c47-ba7a-51f7c64a1176" path="/var/lib/kubelet/pods/d03393d8-7682-4c47-ba7a-51f7c64a1176/volumes"
2025-01-27 17:05:56,127 INFO c.h.h.t.HelmChartContainer - Namespace 'helmcustomconfigit' deleted
2025-01-27 17:05:56,127 INFO c.h.h.t.HelmChartContainer - Release 'test-hivemq-platform' in namespace 'helmcustomconfigit' is uninstalled
2025-01-27 17:05:56,127 INFO c.h.h.t.HelmChartContainer - Uninstalling release 'test-hivemq-platform-operator' in namespace 'helmcustomconfigit-operator'...
2025-01-27 17:05:56,127 DEBUG c.h.h.t.HelmChartContainer - Executing helm command: /bin/helm --kubeconfig /etc/rancher/k3s/k3s.yaml uninstall test-hivemq-platform-operator  --wait --timeout 5m0s --cascade foreground --namespace helmcustomconfigit-operator
2025-01-27 17:05:56,305 INFO c.h.h.t.HelmChartContainer - [K3S] [replica_set.go:679] "Finished syncing" kind="ReplicaSet" key="helmcustomconfigit-operator/hivemq-test-hivemq-platform-operator-6966f96d65" duration="11.896158ms"
2025-01-27 17:05:56,305 INFO c.h.h.t.HelmChartContainer - [K3S] [replica_set.go:679] "Finished syncing" kind="ReplicaSet" key="helmcustomconfigit-operator/hivemq-test-hivemq-platform-operator-6966f96d65" duration="30.997µs"
2025-01-27 17:05:56,325 INFO c.h.h.t.HelmChartContainer - [EVENT] Normal [Killing] Stopping container hivemq-platform-operator [helmcustomconfigit-operator:hivemq-test-hivemq-platform-operator-6966f96d65-w788j]
2025-01-27 17:05:56,325 INFO c.h.h.t.HelmChartContainer - Received Killing event for container hivemq-platform-operator in pod hivemq-test-hivemq-platform-operator-6966f96d65-w788j [0d90484e-cd1f-4ad7-a3bc-4d14d4bab921]
2025-01-27 17:05:56,325 INFO c.h.h.t.HelmChartContainer - Container [hivemq-test-hivemq-platform-operator-6966f96d65-w788j] [hivemq-platform-operator] [0d90484e-cd1f-4ad7-a3bc-4d14d4bab921] was terminated
2025-01-27 17:05:56,325 INFO c.h.h.t.HelmChartContainer - Stopped log watcher for hivemq-platform-operator in pod hivemq-test-hivemq-platform-operator-6966f96d65-w788j [0d90484e-cd1f-4ad7-a3bc-4d14d4bab921]
2025-01-27 17:05:56,326 INFO c.h.h.t.HelmChartContainer - [hivemq-test-hivemq-platform] [hivemq-platform-operator] [0d90484e] 17:05:56.323 [application-shutdown-thread] INFO  c.h.p.o.HiveMQPlatformOperatorApplication - HiveMQ Platform Operator is stopping...
2025-01-27 17:05:56,327 INFO c.h.h.t.HelmChartContainer - [K3S] [replica_set.go:679] "Finished syncing" kind="ReplicaSet" key="helmcustomconfigit-operator/hivemq-test-hivemq-platform-operator-6966f96d65" duration="10.116304ms"
2025-01-27 17:05:56,327 INFO c.h.h.t.HelmChartContainer - [K3S] [replica_set.go:679] "Finished syncing" kind="ReplicaSet" key="helmcustomconfigit-operator/hivemq-test-hivemq-platform-operator-6966f96d65" duration="36.167µs"
2025-01-27 17:05:56,327 INFO c.h.h.t.HelmChartContainer - [POD] hivemq-test-hivemq-platform-operator-6966f96d65-w788j [0d90484e-cd1f-4ad7-a3bc-4d14d4bab921] in helmcustomconfigit-operator was MODIFIED
2025-01-27 17:05:56,331 INFO c.h.h.t.HelmChartContainer - [hivemq-test-hivemq-platform] [hivemq-platform-operator] [0d90484e] 17:05:56.323 [application-shutdown-thread] INFO  i.javaoperatorsdk.operator.Operator - Operator SDK 4.9.7 is shutting down...
2025-01-27 17:05:56,858 INFO c.h.h.t.HelmChartContainer - [K3S] [replica_set.go:679] "Finished syncing" kind="ReplicaSet" key="helmcustomconfigit-operator/hivemq-test-hivemq-platform-operator-6966f96d65" duration="44.723µs"
2025-01-27 17:05:56,859 INFO c.h.h.t.HelmChartContainer - [POD] hivemq-test-hivemq-platform-operator-6966f96d65-w788j [0d90484e-cd1f-4ad7-a3bc-4d14d4bab921] in helmcustomconfigit-operator was MODIFIED
2025-01-27 17:05:56,945 INFO c.h.h.t.HelmChartContainer - [K3S] [reconciler_common.go:162] "operationExecutor.UnmountVolume started for volume \"kube-api-access-82k94\" (UniqueName: \"kubernetes.io/projected/0d90484e-cd1f-4ad7-a3bc-4d14d4bab921-kube-api-access-82k94\") pod \"0d90484e-cd1f-4ad7-a3bc-4d14d4bab921\" (UID: \"0d90484e-cd1f-4ad7-a3bc-4d14d4bab921\") "
2025-01-27 17:05:57,046 INFO c.h.h.t.HelmChartContainer - [K3S] [reconciler_common.go:299] "Volume detached for volume \"kube-api-access-82k94\" (UniqueName: \"kubernetes.io/projected/0d90484e-cd1f-4ad7-a3bc-4d14d4bab921-kube-api-access-82k94\") on node \"1bf1de2df7a7\" DevicePath \"\""
2025-01-27 17:05:57,449 INFO c.h.h.t.HelmChartContainer - [K3S] [scope.go:117] "RemoveContainer" containerID="ce096878fc7b9f2b857137c4ac9a00e34c8f4d3bf2f461da949e7c8858862217"
2025-01-27 17:05:57,452 INFO c.h.h.t.HelmChartContainer - [K3S] [scope.go:117] "RemoveContainer" containerID="ce096878fc7b9f2b857137c4ac9a00e34c8f4d3bf2f461da949e7c8858862217"
2025-01-27 17:05:57,461 INFO c.h.h.t.HelmChartContainer - [K3S] [replica_set.go:679] "Finished syncing" kind="ReplicaSet" key="helmcustomconfigit-operator/hivemq-test-hivemq-platform-operator-6966f96d65" duration="41.488µs"
2025-01-27 17:05:57,463 INFO c.h.h.t.HelmChartContainer - [POD] hivemq-test-hivemq-platform-operator-6966f96d65-w788j [0d90484e-cd1f-4ad7-a3bc-4d14d4bab921] in helmcustomconfigit-operator was MODIFIED
2025-01-27 17:05:57,464 INFO c.h.h.t.HelmChartContainer - [K3S] [replica_set.go:679] "Finished syncing" kind="ReplicaSet" key="helmcustomconfigit-operator/hivemq-test-hivemq-platform-operator-6966f96d65" duration="27.552µs"
2025-01-27 17:05:57,467 INFO c.h.h.t.HelmChartContainer - [POD] hivemq-test-hivemq-platform-operator-6966f96d65-w788j [0d90484e-cd1f-4ad7-a3bc-4d14d4bab921] in helmcustomconfigit-operator was DELETED
2025-01-27 17:05:57,476 INFO c.h.h.t.HelmChartContainer - [K3S] [replica_set.go:679] "Finished syncing" kind="ReplicaSet" key="helmcustomconfigit-operator/hivemq-test-hivemq-platform-operator-6966f96d65" duration="5.871µs"
2025-01-27 17:05:58,305 INFO c.h.h.t.HelmChartContainer - [K3S] [kubelet_volumes.go:163] "Cleaned up orphaned pod volumes dir" podUID="0d90484e-cd1f-4ad7-a3bc-4d14d4bab921" path="/var/lib/kubelet/pods/0d90484e-cd1f-4ad7-a3bc-4d14d4bab921/volumes"
2025-01-27 17:05:58,333 INFO c.h.h.t.HelmChartContainer - Deleting namespace 'helmcustomconfigit-operator'...
2025-01-27 17:06:01,121 INFO c.h.h.t.HelmChartContainer - [K3S] [namespace_controller.go:187] "Namespace has been deleted" namespace="helmcustomconfigit"
2025-01-27 17:06:03,556 INFO c.h.h.t.HelmChartContainer - Namespace 'helmcustomconfigit-operator' deleted
2025-01-27 17:06:03,556 INFO c.h.h.t.HelmChartContainer - Release 'test-hivemq-platform-operator' in namespace 'helmcustomconfigit-operator' is uninstalled
2025-01-27 17:06:04,293 INFO c.h.helmcharts.AbstractHelmChartIT - Removed unused containers:

2025-01-27 17:06:08,456 INFO c.h.h.t.HelmChartContainer - [K3S] [namespace_controller.go:187] "Namespace has been deleted" namespace="helmcustomconfigit-operator"
2025-01-27 17:06:11,972 INFO c.h.helmcharts.AbstractHelmChartIT - Removed unused snapshots:
Removing snapshot sha256:026a712f86a389a5fd74927b58e3b9c46d97b4685244a93cf8afd5dd2d926256
Removing snapshot sha256:03af251906410714c5aef9fa705b63f6bbc39c4a5e787de7361eeb18886c2ed2
Removing snapshot sha256:04586d725303b4dcbc0cdc42a56e7852bc8859e90a3b42def5c29ab6c5b2378a
Removing snapshot sha256:0c46b3b43cce082ce5ec34ffc6c294e0417d17b9d1e6f366d114b6aadc4f96dc
Removing snapshot sha256:0ce761beee59082d6ed5bcebd3a805b8ddd9b3426b617e4809e7fb7c6587ffec
Removing snapshot sha256:1021ef88c7974bfff89c5a0ec4fd3160daac6c48a075f74cff721f85dd104e68
Removing snapshot sha256:10aba4953ddc18145dd38e3704709bc464aa20af60b56fe52caaff4b68411e62
Removing snapshot sha256:12fcdb97878a8124028dd759e7639b77bca16c0f46aabea18189ae25af2554ab
Removing snapshot sha256:1e9dcbfa358ec0e4f38a716c57259dde7f03a0b5b2c130f787ddce42a206b234
Removing snapshot sha256:21afe678a03d24fe828669dcd0b1fd587b7dbf9eb227147d54c389ed4e1a5235
Removing snapshot sha256:2573e0d8158209ed54ab25c87bcdcb00bd3d2539246960a3d592a1c599d70465
Removing snapshot sha256:362a8a37f8bbc31925a8146adcf7cf51f9882f5c1dcbef67c5baa03a297543c0
Removing snapshot sha256:43a7c979bbaba6838bc3102d6b10a1459f3ab050b87ccdfef84ef90cf43d3058
Removing snapshot sha256:4ab04491cdf0d3267f08206fe30bd48f49f94b9cab2f016d6739220f722a64af
Removing snapshot sha256:4b6068250e89c96f263060261819c7d912855bfbd64b3eb4c4a8483299b8c295
Removing snapshot sha256:54760460dde328a0df5fb97426e3821ea3128f2a777231b6e8478cdaf84d50a9
Removing snapshot sha256:580e69a0a8034ede1921139bbd2bfb72a69ebf276d008281896c32dd8bf74775
Removing snapshot sha256:5ad32423e4b556ca23e4a282f00b6c28ba2ec8ad2b7822350a080868a3597d3e
Removing snapshot sha256:5d30ba46b27fe37484567ccc5242cadc78217b8da605f3f195ef25cbf7487904
Removing snapshot sha256:63ca1fbb43ae5034640e5e6cb3e083e05c290072c5366fcaa9d62435a4cced85
Removing snapshot sha256:67f702c6baae873bceb19487c8b1f27bd2b86077e4f2f0e480e6d60ab508b8f5
Removing snapshot sha256:6864348dd42806d552efdec384f1274be15e2d0c10ce44c1f04347af004c10a9
Removing snapshot sha256:6b6a1f10cca10ea08499c191fc025406a23858de44f58930b06dc6608ff034e5
Removing snapshot sha256:6c7dee8f2c39b84b7dc2711c01d33de93514d9055499173e9290176fbe484b6c
Removing snapshot sha256:82753493a6d61ded36556292f02f31841a14c20d2f279f19eaad65afb661d5cd
Removing snapshot sha256:8a10d3db42c505ee0fcfa98417bdd7e39b304f6bcc0a06bb1b220797ff2cc63c
Removing snapshot sha256:a21e5b12dbac529ad45d976eb9ce45c881f3bedcc500fb30aba1e52aa1813418
Removing snapshot sha256:b921e6c28969094157f9b8e7244677780319637afd14450b7cb6b2fdea558a0c
Removing snapshot sha256:bc27ecb5769a00e309cf99ebc763c4a4b958b618d1decc96ffac5bc05f02f5b7
Removing snapshot sha256:be3ccb6627a5332e309d45ef461d09b4879dd870c7394d89323d0ebc6ca6aa8a
Removing snapshot sha256:c261f7cbbc64211ee175ee47273acdb7b1a36a4450b397a064a8f2c026490095
Removing snapshot sha256:c34d9393647eea0c9e3557ab988efaf59f61d10a2a5613b439ef0958cca5ec10
Removing snapshot sha256:ccf3c4a0fa967a41c1c83497a2ce6fa5787965859df0adb32c4ca2cf7490bc2b
Removing snapshot sha256:cf92d33f869417309692088c341cd0f223c178ea78a125f757317b22aa8f90e9
Removing snapshot sha256:d0037344cf2fb078884f1849f6a1f8cf9a33a3b6139b6a85833e5ee528e1f9a8
Removing snapshot sha256:d3b36d5b79273b1e98e7700470eaeff05a882e777124d84cebcc1505b85ecb36
Removing snapshot sha256:d65a44a37914602d12c611e5e22a50f11451d847e63015cc1c2aef92dee777a4
Removing snapshot sha256:e2dc0bae2455930f23ae570e019b7f32edc75c0f2d71cab084db837ff9051796
Removing snapshot sha256:eccbd24a99c60cd9e86ee5305dbfc4a4dc89f5ab4fb1f06c8d64797cecedef34
Removing snapshot sha256:f144bb4c7c7f0d2aa7eeffd36d934ec40db1ee167be727e326aad9fdc616f475

2025-01-27 17:06:11,972 WARN c.h.helmcharts.AbstractHelmChartIT - Error during removal of snapshots:
ctr: failed to remove "sha256:026a712f86a389a5fd74927b58e3b9c46d97b4685244a93cf8afd5dd2d926256": cannot remove snapshot with child: failed precondition
ctr: failed to remove "sha256:03af251906410714c5aef9fa705b63f6bbc39c4a5e787de7361eeb18886c2ed2": cannot remove snapshot with child: failed precondition
ctr: failed to remove "sha256:04586d725303b4dcbc0cdc42a56e7852bc8859e90a3b42def5c29ab6c5b2378a": cannot remove snapshot with child: failed precondition
ctr: failed to remove "sha256:0c46b3b43cce082ce5ec34ffc6c294e0417d17b9d1e6f366d114b6aadc4f96dc": cannot remove snapshot with child: failed precondition
ctr: failed to remove "sha256:0ce761beee59082d6ed5bcebd3a805b8ddd9b3426b617e4809e7fb7c6587ffec": cannot remove snapshot with child: failed precondition
ctr: failed to remove "sha256:1021ef88c7974bfff89c5a0ec4fd3160daac6c48a075f74cff721f85dd104e68": cannot remove snapshot with child: failed precondition
ctr: failed to remove "sha256:10aba4953ddc18145dd38e3704709bc464aa20af60b56fe52caaff4b68411e62": cannot remove snapshot with child: failed precondition
ctr: failed to remove "sha256:12fcdb97878a8124028dd759e7639b77bca16c0f46aabea18189ae25af2554ab": cannot remove snapshot with child: failed precondition
ctr: failed to remove "sha256:2573e0d8158209ed54ab25c87bcdcb00bd3d2539246960a3d592a1c599d70465": cannot remove snapshot with child: failed precondition
ctr: failed to remove "sha256:362a8a37f8bbc31925a8146adcf7cf51f9882f5c1dcbef67c5baa03a297543c0": cannot remove snapshot with child: failed precondition
ctr: failed to remove "sha256:43a7c979bbaba6838bc3102d6b10a1459f3ab050b87ccdfef84ef90cf43d3058": cannot remove snapshot with child: failed precondition
ctr: failed to remove "sha256:4ab04491cdf0d3267f08206fe30bd48f49f94b9cab2f016d6739220f722a64af": cannot remove snapshot with child: failed precondition
ctr: failed to remove "sha256:4b6068250e89c96f263060261819c7d912855bfbd64b3eb4c4a8483299b8c295": cannot remove snapshot with child: failed precondition
ctr: failed to remove "sha256:54760460dde328a0df5fb97426e3821ea3128f2a777231b6e8478cdaf84d50a9": cannot remove snapshot with child: failed precondition
ctr: failed to remove "sha256:580e69a0a8034ede1921139bbd2bfb72a69ebf276d008281896c32dd8bf74775": cannot remove snapshot with child: failed precondition
ctr: failed to remove "sha256:5ad32423e4b556ca23e4a282f00b6c28ba2ec8ad2b7822350a080868a3597d3e": cannot remove snapshot with child: failed precondition
ctr: failed to remove "sha256:5d30ba46b27fe37484567ccc5242cadc78217b8da605f3f195ef25cbf7487904": cannot remove snapshot with child: failed precondition
ctr: failed to remove "sha256:63ca1fbb43ae5034640e5e6cb3e083e05c290072c5366fcaa9d62435a4cced85": cannot remove snapshot with child: failed precondition
ctr: failed to remove "sha256:67f702c6baae873bceb19487c8b1f27bd2b86077e4f2f0e480e6d60ab508b8f5": cannot remove snapshot with child: failed precondition
ctr: failed to remove "sha256:6864348dd42806d552efdec384f1274be15e2d0c10ce44c1f04347af004c10a9": cannot remove snapshot with child: failed precondition
ctr: failed to remove "sha256:6c7dee8f2c39b84b7dc2711c01d33de93514d9055499173e9290176fbe484b6c": cannot remove snapshot with child: failed precondition
ctr: failed to remove "sha256:82753493a6d61ded36556292f02f31841a14c20d2f279f19eaad65afb661d5cd": cannot remove snapshot with child: failed precondition
ctr: failed to remove "sha256:8a10d3db42c505ee0fcfa98417bdd7e39b304f6bcc0a06bb1b220797ff2cc63c": cannot remove snapshot with child: failed precondition
ctr: failed to remove "sha256:a21e5b12dbac529ad45d976eb9ce45c881f3bedcc500fb30aba1e52aa1813418": cannot remove snapshot with child: failed precondition
ctr: failed to remove "sha256:b921e6c28969094157f9b8e7244677780319637afd14450b7cb6b2fdea558a0c": cannot remove snapshot with child: failed precondition
ctr: failed to remove "sha256:bc27ecb5769a00e309cf99ebc763c4a4b958b618d1decc96ffac5bc05f02f5b7": cannot remove snapshot with child: failed precondition
ctr: failed to remove "sha256:be3ccb6627a5332e309d45ef461d09b4879dd870c7394d89323d0ebc6ca6aa8a": cannot remove snapshot with child: failed precondition
ctr: failed to remove "sha256:c261f7cbbc64211ee175ee47273acdb7b1a36a4450b397a064a8f2c026490095": cannot remove snapshot with child: failed precondition
ctr: failed to remove "sha256:c34d9393647eea0c9e3557ab988efaf59f61d10a2a5613b439ef0958cca5ec10": cannot remove snapshot with child: failed precondition
ctr: failed to remove "sha256:ccf3c4a0fa967a41c1c83497a2ce6fa5787965859df0adb32c4ca2cf7490bc2b": cannot remove snapshot with child: failed precondition
ctr: failed to remove "sha256:cf92d33f869417309692088c341cd0f223c178ea78a125f757317b22aa8f90e9": cannot remove snapshot with child: failed precondition
ctr: failed to remove "sha256:d0037344cf2fb078884f1849f6a1f8cf9a33a3b6139b6a85833e5ee528e1f9a8": cannot remove snapshot with child: failed precondition
ctr: failed to remove "sha256:d3b36d5b79273b1e98e7700470eaeff05a882e777124d84cebcc1505b85ecb36": cannot remove snapshot with child: failed precondition
ctr: failed to remove "sha256:d65a44a37914602d12c611e5e22a50f11451d847e63015cc1c2aef92dee777a4": cannot remove snapshot with child: failed precondition
ctr: failed to remove "sha256:e2dc0bae2455930f23ae570e019b7f32edc75c0f2d71cab084db837ff9051796": cannot remove snapshot with child: failed precondition
ctr: failed to remove "sha256:eccbd24a99c60cd9e86ee5305dbfc4a4dc89f5ab4fb1f06c8d64797cecedef34": cannot remove snapshot with child: failed precondition
ctr: failed to remove "sha256:f144bb4c7c7f0d2aa7eeffd36d934ec40db1ee167be727e326aad9fdc616f475": cannot remove snapshot with child: failed precondition

]]></system-out>
  </testcase>
  <testcase name="withExistingConfigMap_customResourceCreated()" classname="com.hivemq.helmcharts.platform.HelmCustomConfigIT" time="148.627">
    <system-out><![CDATA[2025-01-27 17:06:11,981 INFO c.h.h.t.HelmChartContainer - Creating namespace 'helmcustomconfigit-operator'...
2025-01-27 17:06:11,987 INFO c.h.h.t.HelmChartContainer - Namespace 'helmcustomconfigit-operator' created
2025-01-27 17:06:11,987 INFO c.h.h.t.HelmChartContainer - Creating namespace 'helmcustomconfigit'...
2025-01-27 17:06:11,998 INFO c.h.h.t.HelmChartContainer - Namespace 'helmcustomconfigit' created
2025-01-27 17:06:12,067 DEBUG c.h.h.t.HelmChartContainer - Executing helm command: /bin/helm --kubeconfig /etc/rancher/k3s/k3s.yaml install test-hivemq-platform-operator /charts/hivemq-platform-operator --wait --timeout 5m0s --set image.repository=docker.io/hivemq --set image.name=hivemq-platform-operator-test --set image.initImageName=hivemq-platform-operator-init-test --set image.tag=snapshot --set image.pullPolicy=Never --set logLevel=DEBUG --set resources.cpu=512m --namespace helmcustomconfigit-operator
2025-01-27 17:06:12,371 INFO c.h.h.t.HelmChartContainer - [K3S] [alloc.go:330] "allocated clusterIPs" service="helmcustomconfigit-operator/hivemq-platform-operator-test-hivemq-platform-operator" clusterIPs={"IPv4":"10.43.240.116"}
2025-01-27 17:06:12,391 INFO c.h.h.t.HelmChartContainer - [EVENT] Normal [ScalingReplicaSet] Scaled up replica set hivemq-test-hivemq-platform-operator-6966f96d65 from 0 to 1 [helmcustomconfigit-operator:hivemq-test-hivemq-platform-operator]
2025-01-27 17:06:12,398 INFO c.h.h.t.HelmChartContainer - [POD] hivemq-test-hivemq-platform-operator-6966f96d65-p29f9 [e0d4622e-ffb6-4014-b288-72792317badc] in helmcustomconfigit-operator was ADDED
2025-01-27 17:06:12,403 INFO c.h.h.t.HelmChartContainer - [EVENT] Normal [SuccessfulCreate] Created pod: hivemq-test-hivemq-platform-operator-6966f96d65-p29f9 [helmcustomconfigit-operator:hivemq-test-hivemq-platform-operator-6966f96d65]
2025-01-27 17:06:12,404 INFO c.h.h.t.HelmChartContainer - [K3S] [memory_manager.go:355] "RemoveStaleState removing state" podUID="0d90484e-cd1f-4ad7-a3bc-4d14d4bab921" containerName="hivemq-platform-operator"
2025-01-27 17:06:12,404 INFO c.h.h.t.HelmChartContainer - [K3S] [memory_manager.go:355] "RemoveStaleState removing state" podUID="d03393d8-7682-4c47-ba7a-51f7c64a1176" containerName="hivemq"
2025-01-27 17:06:12,405 INFO c.h.h.t.HelmChartContainer - [POD] hivemq-test-hivemq-platform-operator-6966f96d65-p29f9 [e0d4622e-ffb6-4014-b288-72792317badc] in helmcustomconfigit-operator was MODIFIED
2025-01-27 17:06:12,410 INFO c.h.h.t.HelmChartContainer - [K3S] [replica_set.go:679] "Finished syncing" kind="ReplicaSet" key="helmcustomconfigit-operator/hivemq-test-hivemq-platform-operator-6966f96d65" duration="24.636134ms"
2025-01-27 17:06:12,416 INFO c.h.h.t.HelmChartContainer - [EVENT] Normal [Scheduled] Successfully assigned helmcustomconfigit-operator/hivemq-test-hivemq-platform-operator-6966f96d65-p29f9 to 1bf1de2df7a7 [helmcustomconfigit-operator:hivemq-test-hivemq-platform-operator-6966f96d65-p29f9]
2025-01-27 17:06:12,425 INFO c.h.h.t.HelmChartContainer - [POD] hivemq-test-hivemq-platform-operator-6966f96d65-p29f9 [e0d4622e-ffb6-4014-b288-72792317badc] in helmcustomconfigit-operator was MODIFIED
2025-01-27 17:06:12,432 INFO c.h.h.t.HelmChartContainer - [K3S] [replica_set.go:679] "Finished syncing" kind="ReplicaSet" key="helmcustomconfigit-operator/hivemq-test-hivemq-platform-operator-6966f96d65" duration="20.841823ms"
2025-01-27 17:06:12,445 INFO c.h.h.t.HelmChartContainer - [K3S] [replica_set.go:679] "Finished syncing" kind="ReplicaSet" key="helmcustomconfigit-operator/hivemq-test-hivemq-platform-operator-6966f96d65" duration="14.288907ms"
2025-01-27 17:06:12,445 INFO c.h.h.t.HelmChartContainer - [K3S] [replica_set.go:679] "Finished syncing" kind="ReplicaSet" key="helmcustomconfigit-operator/hivemq-test-hivemq-platform-operator-6966f96d65" duration="60.403µs"
2025-01-27 17:06:12,539 INFO c.h.h.t.HelmChartContainer - [K3S] [reconciler_common.go:251] "operationExecutor.VerifyControllerAttachedVolume started for volume \"kube-api-access-kw5v9\" (UniqueName: \"kubernetes.io/projected/e0d4622e-ffb6-4014-b288-72792317badc-kube-api-access-kw5v9\") pod \"hivemq-test-hivemq-platform-operator-6966f96d65-p29f9\" (UID: \"e0d4622e-ffb6-4014-b288-72792317badc\") " pod="helmcustomconfigit-operator/hivemq-test-hivemq-platform-operator-6966f96d65-p29f9"
2025-01-27 17:06:12,801 INFO c.h.h.t.HelmChartContainer - [EVENT] Normal [Pulled] Container image "docker.io/hivemq/hivemq-platform-operator-test:snapshot" already present on machine [helmcustomconfigit-operator:hivemq-test-hivemq-platform-operator-6966f96d65-p29f9]
2025-01-27 17:06:12,801 INFO c.h.h.t.HelmChartContainer - Received Pulled event for container hivemq-platform-operator in pod hivemq-test-hivemq-platform-operator-6966f96d65-p29f9 [e0d4622e-ffb6-4014-b288-72792317badc]
2025-01-27 17:06:14,060 INFO c.h.h.t.HelmChartContainer - [EVENT] Normal [Created] Created container: hivemq-platform-operator [helmcustomconfigit-operator:hivemq-test-hivemq-platform-operator-6966f96d65-p29f9]
2025-01-27 17:06:14,060 INFO c.h.h.t.HelmChartContainer - Received Created event for container hivemq-platform-operator in pod hivemq-test-hivemq-platform-operator-6966f96d65-p29f9 [e0d4622e-ffb6-4014-b288-72792317badc]
2025-01-27 17:06:14,489 INFO c.h.h.t.HelmChartContainer - [POD] hivemq-test-hivemq-platform-operator-6966f96d65-p29f9 [e0d4622e-ffb6-4014-b288-72792317badc] in helmcustomconfigit-operator was MODIFIED
2025-01-27 17:06:14,490 INFO c.h.h.t.HelmChartContainer - [K3S] [replica_set.go:679] "Finished syncing" kind="ReplicaSet" key="helmcustomconfigit-operator/hivemq-test-hivemq-platform-operator-6966f96d65" duration="41.387µs"
2025-01-27 17:06:14,499 INFO c.h.h.t.HelmChartContainer - [EVENT] Normal [Started] Started container hivemq-platform-operator [helmcustomconfigit-operator:hivemq-test-hivemq-platform-operator-6966f96d65-p29f9]
2025-01-27 17:06:14,499 INFO c.h.h.t.HelmChartContainer - Received Started event for container hivemq-platform-operator in pod hivemq-test-hivemq-platform-operator-6966f96d65-p29f9 [e0d4622e-ffb6-4014-b288-72792317badc]
2025-01-27 17:06:14,499 INFO c.h.h.t.HelmChartContainer - Started log watcher for hivemq-platform-operator in pod hivemq-test-hivemq-platform-operator-6966f96d65-p29f9 [e0d4622e-ffb6-4014-b288-72792317badc]
2025-01-27 17:06:14,499 INFO c.h.h.t.HelmChartContainer - [hivemq-test-hivemq-platform] [hivemq-platform-operator] [e0d4622e] -------------------------------------------------------------------------
2025-01-27 17:06:14,499 INFO c.h.h.t.HelmChartContainer - [hivemq-test-hivemq-platform] [hivemq-platform-operator] [e0d4622e] 
2025-01-27 17:06:14,502 INFO c.h.h.t.HelmChartContainer - [hivemq-test-hivemq-platform] [hivemq-platform-operator] [e0d4622e]                   _    _  _              __  __   ____
2025-01-27 17:06:14,502 INFO c.h.h.t.HelmChartContainer - [hivemq-test-hivemq-platform] [hivemq-platform-operator] [e0d4622e]                  | |  | |(_)            |  \/  | / __ \
2025-01-27 17:06:14,502 INFO c.h.h.t.HelmChartContainer - [hivemq-test-hivemq-platform] [hivemq-platform-operator] [e0d4622e]                  | |__| | _ __   __ ___ | \  / || |  | |
2025-01-27 17:06:14,502 INFO c.h.h.t.HelmChartContainer - [hivemq-test-hivemq-platform] [hivemq-platform-operator] [e0d4622e]                  |  __  || |\ \ / // _ \| |\/| || |  | |
2025-01-27 17:06:14,502 INFO c.h.h.t.HelmChartContainer - [hivemq-test-hivemq-platform] [hivemq-platform-operator] [e0d4622e]                  | |  | || | \ V /|  __/| |  | || |__| |
2025-01-27 17:06:14,502 INFO c.h.h.t.HelmChartContainer - [hivemq-test-hivemq-platform] [hivemq-platform-operator] [e0d4622e]                  |_|  |_||_|  \_/  \___||_|  |_| \___\_\
2025-01-27 17:06:14,502 INFO c.h.h.t.HelmChartContainer - [hivemq-test-hivemq-platform] [hivemq-platform-operator] [e0d4622e] 
2025-01-27 17:06:14,502 INFO c.h.h.t.HelmChartContainer - [hivemq-test-hivemq-platform] [hivemq-platform-operator] [e0d4622e] -------------------------------------------------------------------------
2025-01-27 17:06:14,502 INFO c.h.h.t.HelmChartContainer - [hivemq-test-hivemq-platform] [hivemq-platform-operator] [e0d4622e] 
2025-01-27 17:06:14,502 INFO c.h.h.t.HelmChartContainer - [hivemq-test-hivemq-platform] [hivemq-platform-operator] [e0d4622e]   HiveMQ Platform Operator Start Script v1.0
2025-01-27 17:06:14,502 INFO c.h.h.t.HelmChartContainer - [hivemq-test-hivemq-platform] [hivemq-platform-operator] [e0d4622e] 
2025-01-27 17:06:14,502 INFO c.h.h.t.HelmChartContainer - [hivemq-test-hivemq-platform] [hivemq-platform-operator] [e0d4622e] -------------------------------------------------------------------------
2025-01-27 17:06:14,502 INFO c.h.h.t.HelmChartContainer - [hivemq-test-hivemq-platform] [hivemq-platform-operator] [e0d4622e] 
2025-01-27 17:06:14,502 INFO c.h.h.t.HelmChartContainer - [hivemq-test-hivemq-platform] [hivemq-platform-operator] [e0d4622e]   JAVA_OPTS: -XX:+UnlockExperimentalVMOptions -XX:InitialRAMPercentage=75 -XX:MaxRAMPercentage=75 -Duser.language=en -Duser.region=US
2025-01-27 17:06:14,502 INFO c.h.h.t.HelmChartContainer - [hivemq-test-hivemq-platform] [hivemq-platform-operator] [e0d4622e] 
2025-01-27 17:06:14,502 INFO c.h.h.t.HelmChartContainer - [hivemq-test-hivemq-platform] [hivemq-platform-operator] [e0d4622e]   JAVA_VERSION: 21
2025-01-27 17:06:14,502 INFO c.h.h.t.HelmChartContainer - [hivemq-test-hivemq-platform] [hivemq-platform-operator] [e0d4622e] 
2025-01-27 17:06:14,502 INFO c.h.h.t.HelmChartContainer - [hivemq-test-hivemq-platform] [hivemq-platform-operator] [e0d4622e] -------------------------------------------------------------------------
2025-01-27 17:06:14,502 INFO c.h.h.t.HelmChartContainer - [hivemq-test-hivemq-platform] [hivemq-platform-operator] [e0d4622e] 
2025-01-27 17:06:17,402 INFO c.h.h.t.HelmChartContainer - [hivemq-test-hivemq-platform] [hivemq-platform-operator] [e0d4622e] 17:06:17.400 [main] DEBUG org.jboss.logging - Logging Provider: org.jboss.logging.Slf4jLoggerProvider
2025-01-27 17:06:17,507 INFO c.h.h.t.HelmChartContainer - [hivemq-test-hivemq-platform] [hivemq-platform-operator] [e0d4622e] 17:06:17.505 [main] DEBUG io.smallrye.config - SRCFG01006: Loaded ConfigSource SysPropConfigSource with ordinal 400
2025-01-27 17:06:17,507 INFO c.h.h.t.HelmChartContainer - [hivemq-test-hivemq-platform] [hivemq-platform-operator] [e0d4622e] 17:06:17.505 [main] DEBUG io.smallrye.config - SRCFG01006: Loaded ConfigSource EnvConfigSource with ordinal 300
2025-01-27 17:06:17,507 INFO c.h.h.t.HelmChartContainer - [hivemq-test-hivemq-platform] [hivemq-platform-operator] [e0d4622e] 17:06:17.505 [main] DEBUG io.smallrye.config - SRCFG01006: Loaded ConfigSource PropertiesConfigSource[source=jar:file:///opt/hivemq-platform-operator/bin/hivemq-platform-operator.jar!/hivemq-platform-operator.properties] with ordinal 100
2025-01-27 17:06:17,507 INFO c.h.h.t.HelmChartContainer - [hivemq-test-hivemq-platform] [hivemq-platform-operator] [e0d4622e] 17:06:17.505 [main] DEBUG io.smallrye.config - SRCFG01006: Loaded ConfigSource DefaultValuesConfigSource with ordinal -2147483648
2025-01-27 17:06:17,612 INFO c.h.h.t.HelmChartContainer - [hivemq-test-hivemq-platform] [hivemq-platform-operator] [e0d4622e] 17:06:17.610 [main] DEBUG i.m.c.u.i.l.InternalLoggerFactory - Using SLF4J as the default logging framework
2025-01-27 17:06:17,725 INFO c.h.h.t.HelmChartContainer - [hivemq-test-hivemq-platform] [hivemq-platform-operator] [e0d4622e] 17:06:17.714 [main] INFO  c.h.p.o.HiveMQPlatformOperatorApplication - HiveMQ Platform Operator 1.7.0-SNAPSHOT (commit: bebf408 on branch: HEAD) built on Sun Jan 26 20:47:47 UTC 2025
2025-01-27 17:06:17,726 INFO c.h.h.t.HelmChartContainer - [hivemq-test-hivemq-platform] [hivemq-platform-operator] [e0d4622e] 17:06:17.722 [main] INFO  c.h.p.o.HiveMQPlatformOperatorApplication - HiveMQ Platform Operator is running in namespace: helmcustomconfigit-operator
2025-01-27 17:06:17,726 INFO c.h.h.t.HelmChartContainer - [hivemq-test-hivemq-platform] [hivemq-platform-operator] [e0d4622e] 17:06:17.722 [main] INFO  c.h.p.o.HiveMQPlatformOperatorApplication - Watching all namespaces
2025-01-27 17:06:17,726 INFO c.h.h.t.HelmChartContainer - [hivemq-test-hivemq-platform] [hivemq-platform-operator] [e0d4622e] 17:06:17.722 [main] INFO  c.h.p.o.HiveMQPlatformOperatorApplication - Log level: DEBUG
2025-01-27 17:06:17,726 INFO c.h.h.t.HelmChartContainer - [hivemq-test-hivemq-platform] [hivemq-platform-operator] [e0d4622e] 17:06:17.722 [main] INFO  c.h.p.o.HiveMQPlatformOperatorApplication - Release name: test-hivemq-platform-operator
2025-01-27 17:06:17,726 INFO c.h.h.t.HelmChartContainer - [hivemq-test-hivemq-platform] [hivemq-platform-operator] [e0d4622e] 17:06:17.722 [main] INFO  c.h.p.o.HiveMQPlatformOperatorApplication - HiveMQ Platform Operator Init image: docker.io/hivemq/hivemq-platform-operator-init-test:snapshot
2025-01-27 17:06:17,726 INFO c.h.h.t.HelmChartContainer - [hivemq-test-hivemq-platform] [hivemq-platform-operator] [e0d4622e] 17:06:17.722 [main] INFO  c.h.p.o.HiveMQPlatformOperatorApplication - HiveMQ Platform Operator Init App update URL: http://hivemq-platform-operator-test-hivemq-platform-operator.helmcustomconfigit-operator.svc:8080/initAppUpdate/hivemq-platform-operator-init-app-1.7.0-SNAPSHOT.jar
2025-01-27 17:06:17,726 INFO c.h.h.t.HelmChartContainer - [hivemq-test-hivemq-platform] [hivemq-platform-operator] [e0d4622e] 17:06:17.722 [main] INFO  c.h.p.o.HiveMQPlatformOperatorApplication - Additional imagePullSecret for all Platform deployments: none
2025-01-27 17:06:17,726 INFO c.h.h.t.HelmChartContainer - [hivemq-test-hivemq-platform] [hivemq-platform-operator] [e0d4622e] 17:06:17.722 [main] INFO  c.h.p.o.HiveMQPlatformOperatorApplication - Apply HiveMQ Platform CRD: true
2025-01-27 17:06:17,726 INFO c.h.h.t.HelmChartContainer - [hivemq-test-hivemq-platform] [hivemq-platform-operator] [e0d4622e] 17:06:17.722 [main] INFO  c.h.p.o.HiveMQPlatformOperatorApplication - Create Platform ServiceAccount: true
2025-01-27 17:06:17,726 INFO c.h.h.t.HelmChartContainer - [hivemq-test-hivemq-platform] [hivemq-platform-operator] [e0d4622e] 17:06:17.722 [main] INFO  c.h.p.o.HiveMQPlatformOperatorApplication - Create Platform ServiceAccount permissions: true
2025-01-27 17:06:17,726 INFO c.h.h.t.HelmChartContainer - [hivemq-test-hivemq-platform] [hivemq-platform-operator] [e0d4622e] 17:06:17.722 [main] INFO  c.h.p.o.HiveMQPlatformOperatorApplication - Validate Platform ServiceAccount: true
2025-01-27 17:06:17,726 INFO c.h.h.t.HelmChartContainer - [hivemq-test-hivemq-platform] [hivemq-platform-operator] [e0d4622e] 17:06:17.722 [main] INFO  c.h.p.o.HiveMQPlatformOperatorApplication - Validate Platform ServiceAccount permissions: true
2025-01-27 17:06:17,913 INFO c.h.h.t.HelmChartContainer - [hivemq-test-hivemq-platform] [hivemq-platform-operator] [e0d4622e] 17:06:17.912 [main] INFO  c.h.platform.operator.util.CRDUtil - Verifying deployed HiveMQ Platform CRD...
2025-01-27 17:06:20,601 INFO c.h.h.t.HelmChartContainer - [hivemq-test-hivemq-platform] [hivemq-platform-operator] [e0d4622e] 17:06:20.600 [main] DEBUG c.h.platform.operator.util.CRDUtil - HiveMQ Platform CRD version v1 is up to date
2025-01-27 17:06:20,601 INFO c.h.h.t.HelmChartContainer - [hivemq-test-hivemq-platform] [hivemq-platform-operator] [e0d4622e] 17:06:20.600 [main] INFO  c.h.platform.operator.util.CRDUtil - HiveMQ Platform CRD is up to date (version: V1_6_0)
2025-01-27 17:06:20,601 INFO c.h.h.t.HelmChartContainer - [hivemq-test-hivemq-platform] [hivemq-platform-operator] [e0d4622e] 17:06:20.600 [main] INFO  c.h.platform.operator.util.CRDUtil - Waiting 10000 ms for HiveMQ Platform CRD 'hivemq-platforms.hivemq.com' to become ready...
2025-01-27 17:06:20,901 INFO c.h.h.t.HelmChartContainer - [hivemq-test-hivemq-platform] [hivemq-platform-operator] [e0d4622e] 17:06:20.900 [vert.x-eventloop-thread-1] DEBUG c.h.platform.operator.util.CRDUtil - Checking CRD condition 'NamesAccepted' (status: 'True')
2025-01-27 17:06:20,902 INFO c.h.h.t.HelmChartContainer - [hivemq-test-hivemq-platform] [hivemq-platform-operator] [e0d4622e] 17:06:20.901 [vert.x-eventloop-thread-1] DEBUG c.h.platform.operator.util.CRDUtil - Checking CRD condition 'Established' (status: 'True')
2025-01-27 17:06:20,903 INFO c.h.h.t.HelmChartContainer - [hivemq-test-hivemq-platform] [hivemq-platform-operator] [e0d4622e] 17:06:20.902 [main] INFO  c.h.platform.operator.util.CRDUtil - HiveMQ Platform CRD 'hivemq-platforms.hivemq.com' is ready
2025-01-27 17:06:21,021 INFO c.h.h.t.HelmChartContainer - [hivemq-test-hivemq-platform] [hivemq-platform-operator] [e0d4622e] 17:06:21.020 [main] INFO  c.h.p.o.HiveMQPlatformReconciler - HiveMQ Platform Operator is starting...
2025-01-27 17:06:21,120 INFO c.h.h.t.HelmChartContainer - [hivemq-test-hivemq-platform] [hivemq-platform-operator] [e0d4622e] 17:06:21.119 [main] WARN  Default ConfigurationService implementation - Configuration for reconciler 'hivemq-controller' was not found. Known reconcilers: None.
2025-01-27 17:06:21,202 INFO c.h.h.t.HelmChartContainer - [hivemq-test-hivemq-platform] [hivemq-platform-operator] [e0d4622e] 17:06:21.201 [main] INFO  Default ConfigurationService implementation - Created configuration for reconciler com.hivemq.platform.operator.HiveMQPlatformReconciler with name hivemq-controller
2025-01-27 17:06:21,306 INFO c.h.h.t.HelmChartContainer - [hivemq-test-hivemq-platform] [hivemq-platform-operator] [e0d4622e] 17:06:21.305 [main] DEBUG c.h.p.o.HiveMQPlatformReconciler - HiveMQ Platform Operator is preparing EventSources
2025-01-27 17:06:21,320 INFO c.h.h.t.HelmChartContainer - [hivemq-test-hivemq-platform] [hivemq-platform-operator] [e0d4622e] 17:06:21.319 [main] INFO  i.javaoperatorsdk.operator.Operator - Registered reconciler: 'hivemq-controller' for resource: 'class com.hivemq.platform.operator.v1.HiveMQPlatform' for namespace(s): [all namespaces]
2025-01-27 17:06:21,919 INFO c.h.h.t.HelmChartContainer - [hivemq-test-hivemq-platform] [hivemq-platform-operator] [e0d4622e] 17:06:21.917 [main] INFO  c.h.p.operator.webserver.JettyServer - Starting Jetty server on port 8080
2025-01-27 17:06:22,014 INFO c.h.h.t.HelmChartContainer - [hivemq-test-hivemq-platform] [hivemq-platform-operator] [e0d4622e] 17:06:22.012 [main] INFO  i.javaoperatorsdk.operator.Operator - Operator SDK 4.9.7 (commit: 2133d28) built on Wed Nov 20 12:56:20 UTC 2024 starting...
2025-01-27 17:06:22,014 INFO c.h.h.t.HelmChartContainer - [hivemq-test-hivemq-platform] [hivemq-platform-operator] [e0d4622e] 17:06:22.013 [main] INFO  i.javaoperatorsdk.operator.Operator - Client version: 6.13.4
2025-01-27 17:06:22,015 INFO c.h.h.t.HelmChartContainer - [hivemq-test-hivemq-platform] [hivemq-platform-operator] [e0d4622e] 17:06:22.014 [Controller Starter for: hivemq-controller] INFO  i.j.operator.processing.Controller - Starting 'hivemq-controller' controller for reconciler: com.hivemq.platform.operator.HiveMQPlatformReconciler, resource: com.hivemq.platform.operator.v1.HiveMQPlatform
2025-01-27 17:06:24,407 INFO c.h.h.t.HelmChartContainer - [hivemq-test-hivemq-platform] [hivemq-platform-operator] [e0d4622e] 17:06:24.405 [Controller Starter for: hivemq-controller] INFO  i.j.operator.processing.Controller - 'hivemq-controller' controller started
2025-01-27 17:06:24,408 INFO c.h.h.t.HelmChartContainer - [hivemq-test-hivemq-platform] [hivemq-platform-operator] [e0d4622e] 17:06:24.406 [main] INFO  c.h.p.o.HiveMQPlatformOperatorApplication - HiveMQ Platform Operator 1.7.0-SNAPSHOT started in 6692 ms
2025-01-27 17:06:25,498 INFO c.h.h.t.HelmChartContainer - [POD] hivemq-test-hivemq-platform-operator-6966f96d65-p29f9 [e0d4622e-ffb6-4014-b288-72792317badc] in helmcustomconfigit-operator was MODIFIED
2025-01-27 17:06:25,503 INFO c.h.h.t.HelmChartContainer - [K3S] [replica_set.go:679] "Finished syncing" kind="ReplicaSet" key="helmcustomconfigit-operator/hivemq-test-hivemq-platform-operator-6966f96d65" duration="10.842288ms"
2025-01-27 17:06:25,503 INFO c.h.h.t.HelmChartContainer - [K3S] [replica_set.go:679] "Finished syncing" kind="ReplicaSet" key="helmcustomconfigit-operator/hivemq-test-hivemq-platform-operator-6966f96d65" duration="31.509µs"
2025-01-27 17:06:26,477 INFO com.hivemq.helmcharts.util.K8sUtil - Pod 'hivemq-test-hivemq-platform-operator-6966f96d65-p29f9' is ready
2025-01-27 17:06:26,580 DEBUG c.h.h.t.HelmChartContainer - Executing helm command: /bin/helm --kubeconfig /etc/rancher/k3s/k3s.yaml install test-hivemq-platform /charts/hivemq-platform --wait --timeout 5m0s --set image.repository=docker.io/hivemq --set image.tag=4.35.0 --set image.pullPolicy=Never --set nodes.resources.cpu=512m --set config.create=false --set config.name=hivemq-configuration --namespace helmcustomconfigit
2025-01-27 17:06:26,904 INFO c.h.h.t.HelmChartContainer - [hivemq-test-hivemq-platform] [hivemq-platform-operator] [e0d4622e] 17:06:26.902 [-373097727-pool-1-thread-4] WARN  i.m.p.PrometheusMeterRegistry - The meter (MeterId{name='operator.sdk.events.received', tags=[tag(action=ADDED),tag(event=ResourceEvent),tag(group=hivemq.com),tag(kind=HiveMQPlatform),tag(name=test-hivemq-platform),tag(namespace=helmcustomconfigit),tag(scope=namespace),tag(version=v1)]}) registration has failed: Prometheus requires that all meters with the same name have the same set of tag keys. There is already an existing meter named 'operator.sdk.events.received' containing tag keys [event, group, kind, name, namespace, scope, version]. The meter you are attempting to register has keys [action, event, group, kind, name, namespace, scope, version]. Note that subsequent logs will be logged at debug level.
2025-01-27 17:06:27,308 INFO c.h.h.t.HelmChartContainer - [hivemq-test-hivemq-platform] [hivemq-platform-operator] [e0d4622e] 17:06:27.307 [pool-6-thread-3] DEBUG c.h.p.o.dependants.PodInfoConfigMap - [helmcust] Desired PodInfo ConfigMap (1 extensions) (1 enabled)
2025-01-27 17:06:27,309 INFO c.h.h.t.HelmChartContainer - [hivemq-test-hivemq-platform] [hivemq-platform-operator] [e0d4622e] 17:06:27.308 [pool-6-thread-3] DEBUG c.h.p.o.dependants.PodInfoConfigMap - [helmcust] Desired PodInfo ConfigMap (metrics port: 9399) (metrics path: /)
2025-01-27 17:06:27,309 INFO c.h.h.t.HelmChartContainer - [hivemq-test-hivemq-platform] [hivemq-platform-operator] [e0d4622e] 17:06:27.308 [pool-6-thread-3] DEBUG c.h.p.o.dependants.PodInfoConfigMap - [helmcust] Desired PodInfo ConfigMap (extension state hash: -1817474005)
2025-01-27 17:06:27,311 INFO c.h.h.t.HelmChartContainer - [hivemq-test-hivemq-platform] [hivemq-platform-operator] [e0d4622e] 17:06:27.310 [pool-6-thread-3] DEBUG c.h.p.o.dependants.PodInfoConfigMap - [helmcust] Create PodInfo ConfigMap
2025-01-27 17:06:27,412 INFO c.h.h.t.HelmChartContainer - [hivemq-test-hivemq-platform] [hivemq-platform-operator] [e0d4622e] 17:06:27.408 [pool-6-thread-5] DEBUG c.h.p.o.dependants.PodRoleResource - [helmcust] Create Role: Role(apiVersion=rbac.authorization.k8s.io/v1, kind=Role, metadata=ObjectMeta(annotations={meta.helm.sh/release-name=test-hivemq-platform, meta.helm.sh/release-namespace=helmcustomconfigit}, creationTimestamp=null, deletionGracePeriodSeconds=null, deletionTimestamp=null, finalizers=[], generateName=null, generation=null, labels={helm.sh/chart=hivemq-platform-0.2.31, app.kubernetes.io/managed-by=Helm, app.kubernetes.io/name=hivemq-platform, hivemq-platform=test-hivemq-platform, app.kubernetes.io/instance=test-hivemq-platform, app.kubernetes.io/version=4.35.0}, managedFields=[], name=hivemq-platform-role-test-hivemq-platform, namespace=helmcustomconfigit, ownerReferences=[OwnerReference(apiVersion=hivemq.com/v1, blockOwnerDeletion=null, controller=null, kind=HiveMQPlatform, name=test-hivemq-platform, uid=f316e04a-14a3-4769-a049-98ccce080bd1, additionalProperties={})], resourceVersion=null, selfLink=null, uid=null, additionalProperties={}), rules=[PolicyRule(apiGroups=[], nonResourceURLs=[], resourceNames=[], resources=[pods], verbs=[get, patch, update], additionalProperties={})], additionalProperties={})
2025-01-27 17:06:27,604 INFO c.h.h.t.HelmChartContainer - [hivemq-test-hivemq-platform] [hivemq-platform-operator] [e0d4622e] 17:06:27.603 [pool-6-thread-7] DEBUG c.h.p.o.d.PodServiceAccountResource - [helmcust] Desired PodServiceAccountResource (serviceAccountName: hivemq-platform-pod-test-hivemq-platform)
2025-01-27 17:06:27,605 INFO c.h.h.t.HelmChartContainer - [hivemq-test-hivemq-platform] [hivemq-platform-operator] [e0d4622e] 17:06:27.604 [pool-6-thread-7] DEBUG c.h.p.o.d.PodServiceAccountResource - [helmcust] Create ServiceAccount 'hivemq-platform-pod-test-hivemq-platform'
2025-01-27 17:06:27,710 INFO c.h.h.t.HelmChartContainer - [hivemq-test-hivemq-platform] [hivemq-platform-operator] [e0d4622e] 17:06:27.709 [pool-6-thread-9] DEBUG c.h.p.o.d.PodRoleBindingResource - [helmcust] Create RoleBinding: RoleBinding(apiVersion=rbac.authorization.k8s.io/v1, kind=RoleBinding, metadata=ObjectMeta(annotations={meta.helm.sh/release-name=test-hivemq-platform, meta.helm.sh/release-namespace=helmcustomconfigit}, creationTimestamp=null, deletionGracePeriodSeconds=null, deletionTimestamp=null, finalizers=[], generateName=null, generation=null, labels={helm.sh/chart=hivemq-platform-0.2.31, app.kubernetes.io/managed-by=Helm, app.kubernetes.io/name=hivemq-platform, hivemq-platform=test-hivemq-platform, app.kubernetes.io/instance=test-hivemq-platform, app.kubernetes.io/version=4.35.0}, managedFields=[], name=hivemq-platform-role-binding-test-hivemq-platform, namespace=helmcustomconfigit, ownerReferences=[OwnerReference(apiVersion=hivemq.com/v1, blockOwnerDeletion=null, controller=null, kind=HiveMQPlatform, name=test-hivemq-platform, uid=f316e04a-14a3-4769-a049-98ccce080bd1, additionalProperties={})], resourceVersion=null, selfLink=null, uid=null, additionalProperties={}), roleRef=RoleRef(apiGroup=rbac.authorization.k8s.io, kind=Role, name=hivemq-platform-role-test-hivemq-platform, additionalProperties={}), subjects=[Subject(apiGroup=null, kind=ServiceAccount, name=hivemq-platform-pod-test-hivemq-platform, namespace=helmcustomconfigit, additionalProperties={})], additionalProperties={})
2025-01-27 17:06:27,804 INFO c.h.h.t.HelmChartContainer - [hivemq-test-hivemq-platform] [hivemq-platform-operator] [e0d4622e] 17:06:27.802 [ReconcilerExecutor-hivemq-controller-53] INFO  c.h.p.o.HiveMQPlatformReconciler - [helmcust] Reconciling HiveMQ Platform 'test-hivemq-platform' in namespace 'helmcustomconfigit'
2025-01-27 17:06:27,804 INFO c.h.h.t.HelmChartContainer - [hivemq-test-hivemq-platform] [hivemq-platform-operator] [e0d4622e] 17:06:27.802 [ReconcilerExecutor-hivemq-controller-53] DEBUG c.h.p.o.HiveMQPlatformReconciler - [helmcust] Custom Resource Status CREATED - HiveMQ Platform was created (READY)
2025-01-27 17:06:27,804 INFO c.h.h.t.HelmChartContainer - [hivemq-test-hivemq-platform] [hivemq-platform-operator] [e0d4622e] 17:06:27.802 [ReconcilerExecutor-hivemq-controller-53] DEBUG c.h.p.o.HiveMQPlatformReconciler - [helmcust] Custom Resource Spec (replicas: 2) (extensions: 1)
2025-01-27 17:06:27,807 INFO c.h.h.t.HelmChartContainer - [hivemq-test-hivemq-platform] [hivemq-platform-operator] [e0d4622e] 17:06:27.806 [ReconcilerExecutor-hivemq-controller-53] INFO  c.h.p.o.h.HiveMQPlatformReconcilerBaseHandler - [helmcust] HiveMQ Platform is starting
2025-01-27 17:06:27,918 INFO c.h.h.t.HelmChartContainer - [hivemq-test-hivemq-platform] [hivemq-platform-operator] [e0d4622e] 17:06:27.917 [ReconcilerExecutor-hivemq-controller-53] DEBUG c.h.p.operator.event.EventSender - [helmcust] Creating K8s event hivemq-platform-starting: [Start] HiveMQ Platform is starting
2025-01-27 17:06:27,927 INFO c.h.h.t.HelmChartContainer - [EVENT] Normal [Start] HiveMQ Platform is starting [helmcustomconfigit:test-hivemq-platform]
2025-01-27 17:06:28,004 INFO c.h.h.t.HelmChartContainer - [hivemq-test-hivemq-platform] [hivemq-platform-operator] [e0d4622e] 17:06:28.002 [ReconcilerExecutor-hivemq-controller-53] INFO  c.h.p.o.h.AbstractHiveMQReconcilerStateHandler - [helmcust] Update HiveMQ Platform Status (CREATED [READY] -> STARTING [READY]): HiveMQ Platform is starting
2025-01-27 17:06:28,017 DEBUG com.hivemq.helmcharts.util.K8sUtil - Comparing actual state 'STARTING' and waiting for 'RUNNING'
2025-01-27 17:06:38,109 INFO c.h.h.t.HelmChartContainer - [hivemq-test-hivemq-platform] [hivemq-platform-operator] [e0d4622e] 17:06:38.106 [pool-6-thread-12] DEBUG c.h.p.o.d.PlatformServiceResource - [helmcust] Desired Platform services (3 services)
2025-01-27 17:06:38,110 INFO c.h.h.t.HelmChartContainer - [hivemq-test-hivemq-platform] [hivemq-platform-operator] [e0d4622e] 17:06:38.107 [pool-6-thread-13] DEBUG c.h.p.o.dependants.PodInfoConfigMap - [helmcust] Desired PodInfo ConfigMap (1 extensions) (1 enabled)
2025-01-27 17:06:38,110 INFO c.h.h.t.HelmChartContainer - [hivemq-test-hivemq-platform] [hivemq-platform-operator] [e0d4622e] 17:06:38.108 [pool-6-thread-13] DEBUG c.h.p.o.dependants.PodInfoConfigMap - [helmcust] Desired PodInfo ConfigMap (metrics port: 9399) (metrics path: /)
2025-01-27 17:06:38,110 INFO c.h.h.t.HelmChartContainer - [hivemq-test-hivemq-platform] [hivemq-platform-operator] [e0d4622e] 17:06:38.108 [pool-6-thread-13] DEBUG c.h.p.o.dependants.PodInfoConfigMap - [helmcust] Desired PodInfo ConfigMap (extension state hash: -1817474005)
2025-01-27 17:06:38,114 INFO c.h.h.t.HelmChartContainer - [hivemq-test-hivemq-platform] [hivemq-platform-operator] [e0d4622e] 17:06:38.112 [pool-6-thread-17] DEBUG c.h.p.o.d.PodServiceAccountResource - [helmcust] Desired PodServiceAccountResource (serviceAccountName: hivemq-platform-pod-test-hivemq-platform)
2025-01-27 17:06:38,205 INFO c.h.h.t.HelmChartContainer - [hivemq-test-hivemq-platform] [hivemq-platform-operator] [e0d4622e] 17:06:38.200 [pool-6-thread-13] DEBUG c.h.p.o.dependants.PodInfoConfigMap - [helmcust] Update PodInfo ConfigMap
2025-01-27 17:06:38,207 INFO c.h.h.t.HelmChartContainer - [K3S] [alloc.go:330] "allocated clusterIPs" service="helmcustomconfigit/hivemq-test-hivemq-platform-cc-8080" clusterIPs={"IPv4":"10.43.78.35"}
2025-01-27 17:06:38,229 INFO c.h.h.t.HelmChartContainer - [K3S] [alloc.go:330] "allocated clusterIPs" service="helmcustomconfigit/hivemq-test-hivemq-platform-metrics-9399" clusterIPs={"IPv4":"10.43.233.206"}
2025-01-27 17:06:38,307 INFO c.h.h.t.HelmChartContainer - [K3S] [alloc.go:330] "allocated clusterIPs" service="helmcustomconfigit/hivemq-test-hivemq-platform-mqtt-1883" clusterIPs={"IPv4":"10.43.244.185"}
2025-01-27 17:06:38,317 INFO c.h.h.t.HelmChartContainer - [hivemq-test-hivemq-platform] [hivemq-platform-operator] [e0d4622e] 17:06:38.316 [pool-6-thread-20] DEBUG c.h.p.o.d.StatefulSetResource - [helmcust] Desired StatefulSet (2 replicas) for status STARTING (READY)
2025-01-27 17:06:38,408 INFO c.h.h.t.HelmChartContainer - [hivemq-test-hivemq-platform] [hivemq-platform-operator] [e0d4622e] 17:06:38.405 [pool-6-thread-20] DEBUG c.h.p.o.d.StatefulSetResource - [helmcust] Create StatefulSet
2025-01-27 17:06:38,522 INFO c.h.h.t.HelmChartContainer - [POD] test-hivemq-platform-0 [0ce83a88-a210-413d-9367-ba4db0cfae42] in helmcustomconfigit was ADDED
2025-01-27 17:06:38,533 INFO c.h.h.t.HelmChartContainer - [EVENT] Normal [SuccessfulCreate] create Pod test-hivemq-platform-0 in StatefulSet test-hivemq-platform successful [helmcustomconfigit:test-hivemq-platform]
2025-01-27 17:06:38,534 INFO c.h.h.t.HelmChartContainer - [EVENT] Normal [Scheduled] Successfully assigned helmcustomconfigit/test-hivemq-platform-0 to 1bf1de2df7a7 [helmcustomconfigit:test-hivemq-platform-0]
2025-01-27 17:06:38,534 INFO c.h.h.t.HelmChartContainer - [POD] test-hivemq-platform-0 [0ce83a88-a210-413d-9367-ba4db0cfae42] in helmcustomconfigit was MODIFIED
2025-01-27 17:06:38,548 INFO c.h.h.t.HelmChartContainer - [POD] test-hivemq-platform-0 [0ce83a88-a210-413d-9367-ba4db0cfae42] in helmcustomconfigit was MODIFIED
2025-01-27 17:06:38,605 INFO c.h.h.t.HelmChartContainer - [hivemq-test-hivemq-platform] [hivemq-platform-operator] [e0d4622e] 17:06:38.601 [ReconcilerExecutor-hivemq-controller-64] INFO  c.h.p.o.HiveMQPlatformReconciler - [helmcust] Reconciling HiveMQ Platform 'test-hivemq-platform' in namespace 'helmcustomconfigit'
2025-01-27 17:06:38,606 INFO c.h.h.t.HelmChartContainer - [hivemq-test-hivemq-platform] [hivemq-platform-operator] [e0d4622e] 17:06:38.601 [ReconcilerExecutor-hivemq-controller-64] DEBUG c.h.p.o.HiveMQPlatformReconciler - [helmcust] Custom Resource Status STARTING - HiveMQ Platform is starting (READY)
2025-01-27 17:06:38,606 INFO c.h.h.t.HelmChartContainer - [hivemq-test-hivemq-platform] [hivemq-platform-operator] [e0d4622e] 17:06:38.601 [ReconcilerExecutor-hivemq-controller-64] DEBUG c.h.p.o.HiveMQPlatformReconciler - [helmcust] Custom Resource Spec (replicas: 2) (extensions: 1)
2025-01-27 17:06:38,607 INFO c.h.h.t.HelmChartContainer - [hivemq-test-hivemq-platform] [hivemq-platform-operator] [e0d4622e] 17:06:38.605 [ReconcilerExecutor-hivemq-controller-64] DEBUG c.h.p.o.HiveMQPlatformReconciler - [helmcust] StatefulSet Status (revision: null, replicas: 0, available: 0, ready: 0, current: 0, updated: 0)
2025-01-27 17:06:38,607 INFO c.h.h.t.HelmChartContainer - [hivemq-test-hivemq-platform] [hivemq-platform-operator] [e0d4622e] 17:06:38.605 [ReconcilerExecutor-hivemq-controller-64] DEBUG c.h.p.o.HiveMQPlatformReconciler - [helmcust] StatefulSet Spec (replicas: 2, init containers: 1, containers: 1, volumes: 3)
2025-01-27 17:06:38,701 INFO c.h.h.t.HelmChartContainer - [K3S] [reconciler_common.go:251] "operationExecutor.VerifyControllerAttachedVolume started for volume \"operator-init\" (UniqueName: \"kubernetes.io/empty-dir/0ce83a88-a210-413d-9367-ba4db0cfae42-operator-init\") pod \"test-hivemq-platform-0\" (UID: \"0ce83a88-a210-413d-9367-ba4db0cfae42\") " pod="helmcustomconfigit/test-hivemq-platform-0"
2025-01-27 17:06:38,701 INFO c.h.h.t.HelmChartContainer - [K3S] [reconciler_common.go:251] "operationExecutor.VerifyControllerAttachedVolume started for volume \"kube-api-access-vqn7g\" (UniqueName: \"kubernetes.io/projected/0ce83a88-a210-413d-9367-ba4db0cfae42-kube-api-access-vqn7g\") pod \"test-hivemq-platform-0\" (UID: \"0ce83a88-a210-413d-9367-ba4db0cfae42\") " pod="helmcustomconfigit/test-hivemq-platform-0"
2025-01-27 17:06:38,701 INFO c.h.h.t.HelmChartContainer - [K3S] [reconciler_common.go:251] "operationExecutor.VerifyControllerAttachedVolume started for volume \"pod-info\" (UniqueName: \"kubernetes.io/configmap/0ce83a88-a210-413d-9367-ba4db0cfae42-pod-info\") pod \"test-hivemq-platform-0\" (UID: \"0ce83a88-a210-413d-9367-ba4db0cfae42\") " pod="helmcustomconfigit/test-hivemq-platform-0"
2025-01-27 17:06:38,701 INFO c.h.h.t.HelmChartContainer - [K3S] [reconciler_common.go:251] "operationExecutor.VerifyControllerAttachedVolume started for volume \"broker-configuration\" (UniqueName: \"kubernetes.io/configmap/0ce83a88-a210-413d-9367-ba4db0cfae42-broker-configuration\") pod \"test-hivemq-platform-0\" (UID: \"0ce83a88-a210-413d-9367-ba4db0cfae42\") " pod="helmcustomconfigit/test-hivemq-platform-0"
2025-01-27 17:06:38,703 INFO c.h.h.t.HelmChartContainer - [hivemq-test-hivemq-platform] [hivemq-platform-operator] [e0d4622e] 17:06:38.702 [ReconcilerExecutor-hivemq-controller-64] DEBUG c.h.p.o.h.HiveMQPlatformReconcilerErrorHandler - [helmcust] Pod 'test-hivemq-platform-0' phase Pending
2025-01-27 17:06:38,704 INFO c.h.h.t.HelmChartContainer - [hivemq-test-hivemq-platform] [hivemq-platform-operator] [e0d4622e] 17:06:38.702 [ReconcilerExecutor-hivemq-controller-64] DEBUG c.h.p.o.h.HiveMQPlatformReconcilerErrorHandler - [helmcust] Pod 'test-hivemq-platform-0' condition 'PodReadyToStartContainers': False
2025-01-27 17:06:38,704 INFO c.h.h.t.HelmChartContainer - [hivemq-test-hivemq-platform] [hivemq-platform-operator] [e0d4622e] 17:06:38.703 [ReconcilerExecutor-hivemq-controller-64] DEBUG c.h.p.o.h.HiveMQPlatformReconcilerErrorHandler - [helmcust] Pod 'test-hivemq-platform-0' condition 'Initialized': False
2025-01-27 17:06:38,704 INFO c.h.h.t.HelmChartContainer - [hivemq-test-hivemq-platform] [hivemq-platform-operator] [e0d4622e] 17:06:38.703 [ReconcilerExecutor-hivemq-controller-64] DEBUG c.h.p.o.h.HiveMQPlatformReconcilerErrorHandler - [helmcust] Pod 'test-hivemq-platform-0' condition 'Ready': False
2025-01-27 17:06:38,704 INFO c.h.h.t.HelmChartContainer - [hivemq-test-hivemq-platform] [hivemq-platform-operator] [e0d4622e] 17:06:38.703 [ReconcilerExecutor-hivemq-controller-64] DEBUG c.h.p.o.h.HiveMQPlatformReconcilerErrorHandler - [helmcust] Pod 'test-hivemq-platform-0' condition 'ContainersReady': False
2025-01-27 17:06:38,705 INFO c.h.h.t.HelmChartContainer - [hivemq-test-hivemq-platform] [hivemq-platform-operator] [e0d4622e] 17:06:38.703 [ReconcilerExecutor-hivemq-controller-64] DEBUG c.h.p.o.h.HiveMQPlatformReconcilerErrorHandler - [helmcust] Pod 'test-hivemq-platform-0' condition 'PodScheduled': True
2025-01-27 17:06:38,705 INFO c.h.h.t.HelmChartContainer - [hivemq-test-hivemq-platform] [hivemq-platform-operator] [e0d4622e] 17:06:38.703 [ReconcilerExecutor-hivemq-controller-64] DEBUG c.h.p.o.h.HiveMQPlatformReconcilerErrorHandler - [helmcust] Pod 'test-hivemq-platform-0' containerStatus 'hivemq' (started: false) (ready: false) (waiting: [PodInitializing] null)
2025-01-27 17:06:38,707 INFO c.h.h.t.HelmChartContainer - [hivemq-test-hivemq-platform] [hivemq-platform-operator] [e0d4622e] 17:06:38.706 [ReconcilerExecutor-hivemq-controller-64] INFO  c.h.p.o.h.HiveMQPlatformReconcilerBaseHandler - [helmcust] HiveMQ Platform is starting, 0 of 2 replicas are ready
2025-01-27 17:06:38,715 INFO c.h.h.t.HelmChartContainer - [hivemq-test-hivemq-platform] [hivemq-platform-operator] [e0d4622e] 17:06:38.711 [pool-6-thread-22] DEBUG c.h.p.o.d.PlatformServiceResource - [helmcust] Desired Platform services (3 services)
2025-01-27 17:06:38,716 INFO c.h.h.t.HelmChartContainer - [hivemq-test-hivemq-platform] [hivemq-platform-operator] [e0d4622e] 17:06:38.714 [pool-6-thread-23] DEBUG c.h.p.o.dependants.PodInfoConfigMap - [helmcust] Desired PodInfo ConfigMap (1 extensions) (1 enabled)
2025-01-27 17:06:38,717 INFO c.h.h.t.HelmChartContainer - [hivemq-test-hivemq-platform] [hivemq-platform-operator] [e0d4622e] 17:06:38.715 [pool-6-thread-23] DEBUG c.h.p.o.dependants.PodInfoConfigMap - [helmcust] Desired PodInfo ConfigMap (metrics port: 9399) (metrics path: /)
2025-01-27 17:06:38,717 INFO c.h.h.t.HelmChartContainer - [hivemq-test-hivemq-platform] [hivemq-platform-operator] [e0d4622e] 17:06:38.715 [pool-6-thread-23] DEBUG c.h.p.o.dependants.PodInfoConfigMap - [helmcust] Desired PodInfo ConfigMap (extension state hash: -1817474005)
2025-01-27 17:06:38,718 INFO c.h.h.t.HelmChartContainer - [hivemq-test-hivemq-platform] [hivemq-platform-operator] [e0d4622e] 17:06:38.717 [pool-6-thread-27] DEBUG c.h.p.o.d.PodServiceAccountResource - [helmcust] Desired PodServiceAccountResource (serviceAccountName: hivemq-platform-pod-test-hivemq-platform)
2025-01-27 17:06:38,809 INFO c.h.h.t.HelmChartContainer - [hivemq-test-hivemq-platform] [hivemq-platform-operator] [e0d4622e] 17:06:38.807 [pool-6-thread-30] DEBUG c.h.p.o.d.StatefulSetResource - [helmcust] Desired StatefulSet (2 replicas) for status STARTING (READY)
2025-01-27 17:06:38,814 INFO c.h.h.t.HelmChartContainer - [hivemq-test-hivemq-platform] [hivemq-platform-operator] [e0d4622e] 17:06:38.813 [ReconcilerExecutor-hivemq-controller-75] INFO  c.h.p.o.HiveMQPlatformReconciler - [helmcust] Reconciling HiveMQ Platform 'test-hivemq-platform' in namespace 'helmcustomconfigit'
2025-01-27 17:06:38,815 INFO c.h.h.t.HelmChartContainer - [hivemq-test-hivemq-platform] [hivemq-platform-operator] [e0d4622e] 17:06:38.813 [ReconcilerExecutor-hivemq-controller-75] DEBUG c.h.p.o.HiveMQPlatformReconciler - [helmcust] Custom Resource Status STARTING - HiveMQ Platform is starting (READY)
2025-01-27 17:06:38,815 INFO c.h.h.t.HelmChartContainer - [hivemq-test-hivemq-platform] [hivemq-platform-operator] [e0d4622e] 17:06:38.813 [ReconcilerExecutor-hivemq-controller-75] DEBUG c.h.p.o.HiveMQPlatformReconciler - [helmcust] Custom Resource Spec (replicas: 2) (extensions: 1)
2025-01-27 17:06:38,820 INFO c.h.h.t.HelmChartContainer - [hivemq-test-hivemq-platform] [hivemq-platform-operator] [e0d4622e] 17:06:38.819 [ReconcilerExecutor-hivemq-controller-75] DEBUG c.h.p.o.HiveMQPlatformReconciler - [helmcust] StatefulSet Status (revision: test-hivemq-platform-74b9d5c7d6, replicas: 1, available: 0, ready: 0, current: 1, updated: 1)
2025-01-27 17:06:38,821 INFO c.h.h.t.HelmChartContainer - [hivemq-test-hivemq-platform] [hivemq-platform-operator] [e0d4622e] 17:06:38.819 [ReconcilerExecutor-hivemq-controller-75] DEBUG c.h.p.o.HiveMQPlatformReconciler - [helmcust] StatefulSet Spec (replicas: 2, init containers: 1, containers: 1, volumes: 3)
2025-01-27 17:06:38,902 INFO c.h.h.t.HelmChartContainer - [hivemq-test-hivemq-platform] [hivemq-platform-operator] [e0d4622e] 17:06:38.900 [ReconcilerExecutor-hivemq-controller-75] DEBUG c.h.p.o.h.HiveMQPlatformReconcilerErrorHandler - [helmcust] Pod 'test-hivemq-platform-0' phase Pending
2025-01-27 17:06:38,903 INFO c.h.h.t.HelmChartContainer - [hivemq-test-hivemq-platform] [hivemq-platform-operator] [e0d4622e] 17:06:38.900 [ReconcilerExecutor-hivemq-controller-75] DEBUG c.h.p.o.h.HiveMQPlatformReconcilerErrorHandler - [helmcust] Pod 'test-hivemq-platform-0' condition 'PodReadyToStartContainers': False
2025-01-27 17:06:38,903 INFO c.h.h.t.HelmChartContainer - [hivemq-test-hivemq-platform] [hivemq-platform-operator] [e0d4622e] 17:06:38.900 [ReconcilerExecutor-hivemq-controller-75] DEBUG c.h.p.o.h.HiveMQPlatformReconcilerErrorHandler - [helmcust] Pod 'test-hivemq-platform-0' condition 'Initialized': False
2025-01-27 17:06:38,903 INFO c.h.h.t.HelmChartContainer - [hivemq-test-hivemq-platform] [hivemq-platform-operator] [e0d4622e] 17:06:38.900 [ReconcilerExecutor-hivemq-controller-75] DEBUG c.h.p.o.h.HiveMQPlatformReconcilerErrorHandler - [helmcust] Pod 'test-hivemq-platform-0' condition 'Ready': False
2025-01-27 17:06:38,903 INFO c.h.h.t.HelmChartContainer - [hivemq-test-hivemq-platform] [hivemq-platform-operator] [e0d4622e] 17:06:38.901 [ReconcilerExecutor-hivemq-controller-75] DEBUG c.h.p.o.h.HiveMQPlatformReconcilerErrorHandler - [helmcust] Pod 'test-hivemq-platform-0' condition 'ContainersReady': False
2025-01-27 17:06:38,903 INFO c.h.h.t.HelmChartContainer - [hivemq-test-hivemq-platform] [hivemq-platform-operator] [e0d4622e] 17:06:38.901 [ReconcilerExecutor-hivemq-controller-75] DEBUG c.h.p.o.h.HiveMQPlatformReconcilerErrorHandler - [helmcust] Pod 'test-hivemq-platform-0' condition 'PodScheduled': True
2025-01-27 17:06:38,903 INFO c.h.h.t.HelmChartContainer - [hivemq-test-hivemq-platform] [hivemq-platform-operator] [e0d4622e] 17:06:38.901 [ReconcilerExecutor-hivemq-controller-75] DEBUG c.h.p.o.h.HiveMQPlatformReconcilerErrorHandler - [helmcust] Pod 'test-hivemq-platform-0' containerStatus 'hivemq' (started: false) (ready: false) (waiting: [PodInitializing] null)
2025-01-27 17:06:38,905 INFO c.h.h.t.HelmChartContainer - [hivemq-test-hivemq-platform] [hivemq-platform-operator] [e0d4622e] 17:06:38.902 [ReconcilerExecutor-hivemq-controller-75] INFO  c.h.p.o.h.HiveMQPlatformReconcilerBaseHandler - [helmcust] HiveMQ Platform is starting, 0 of 2 replicas are ready
2025-01-27 17:06:38,930 INFO c.h.h.t.HelmChartContainer - [EVENT] Normal [Pulled] Container image "docker.io/hivemq/hivemq-platform-operator-init-test:snapshot" already present on machine [helmcustomconfigit:test-hivemq-platform-0]
2025-01-27 17:06:39,076 INFO c.h.h.t.HelmChartContainer - [EVENT] Normal [Created] Created container: hivemq-platform-operator-init [helmcustomconfigit:test-hivemq-platform-0]
2025-01-27 17:06:39,114 INFO c.h.h.t.HelmChartContainer - [EVENT] Normal [Started] Started container hivemq-platform-operator-init [helmcustomconfigit:test-hivemq-platform-0]
2025-01-27 17:06:39,522 INFO c.h.h.t.HelmChartContainer - [EVENT] Normal [Pulled] Container image "docker.io/hivemq/hivemq4:4.35.0" already present on machine [helmcustomconfigit:test-hivemq-platform-0]
2025-01-27 17:06:39,522 INFO c.h.h.t.HelmChartContainer - Received Pulled event for container hivemq in pod test-hivemq-platform-0 [0ce83a88-a210-413d-9367-ba4db0cfae42]
2025-01-27 17:06:39,530 INFO c.h.h.t.HelmChartContainer - [POD] test-hivemq-platform-0 [0ce83a88-a210-413d-9367-ba4db0cfae42] in helmcustomconfigit was MODIFIED
2025-01-27 17:06:39,550 INFO c.h.h.t.HelmChartContainer - [hivemq-test-hivemq-platform] [hivemq-platform-operator] [e0d4622e] 17:06:39.541 [pool-6-thread-32] DEBUG c.h.p.o.d.PlatformServiceResource - [helmcust] Desired Platform services (3 services)
2025-01-27 17:06:39,552 INFO c.h.h.t.HelmChartContainer - [hivemq-test-hivemq-platform] [hivemq-platform-operator] [e0d4622e] 17:06:39.547 [pool-6-thread-33] DEBUG c.h.p.o.dependants.PodInfoConfigMap - [helmcust] Desired PodInfo ConfigMap (1 extensions) (1 enabled)
2025-01-27 17:06:39,555 INFO c.h.h.t.HelmChartContainer - [hivemq-test-hivemq-platform] [hivemq-platform-operator] [e0d4622e] 17:06:39.552 [pool-6-thread-33] DEBUG c.h.p.o.dependants.PodInfoConfigMap - [helmcust] Desired PodInfo ConfigMap (metrics port: 9399) (metrics path: /)
2025-01-27 17:06:39,555 INFO c.h.h.t.HelmChartContainer - [hivemq-test-hivemq-platform] [hivemq-platform-operator] [e0d4622e] 17:06:39.552 [pool-6-thread-33] DEBUG c.h.p.o.dependants.PodInfoConfigMap - [helmcust] Desired PodInfo ConfigMap (extension state hash: -1817474005)
2025-01-27 17:06:39,557 INFO c.h.h.t.HelmChartContainer - [hivemq-test-hivemq-platform] [hivemq-platform-operator] [e0d4622e] 17:06:39.549 [pool-6-thread-37] DEBUG c.h.p.o.d.PodServiceAccountResource - [helmcust] Desired PodServiceAccountResource (serviceAccountName: hivemq-platform-pod-test-hivemq-platform)
2025-01-27 17:06:39,603 INFO c.h.h.t.HelmChartContainer - [hivemq-test-hivemq-platform] [hivemq-platform-operator] [e0d4622e] 17:06:39.601 [pool-6-thread-40] DEBUG c.h.p.o.d.StatefulSetResource - [helmcust] Desired StatefulSet (2 replicas) for status STARTING (READY)
2025-01-27 17:06:39,608 INFO c.h.h.t.HelmChartContainer - [hivemq-test-hivemq-platform] [hivemq-platform-operator] [e0d4622e] 17:06:39.606 [ReconcilerExecutor-hivemq-controller-86] INFO  c.h.p.o.HiveMQPlatformReconciler - [helmcust] Reconciling HiveMQ Platform 'test-hivemq-platform' in namespace 'helmcustomconfigit'
2025-01-27 17:06:39,608 INFO c.h.h.t.HelmChartContainer - [hivemq-test-hivemq-platform] [hivemq-platform-operator] [e0d4622e] 17:06:39.606 [ReconcilerExecutor-hivemq-controller-86] DEBUG c.h.p.o.HiveMQPlatformReconciler - [helmcust] Custom Resource Status STARTING - HiveMQ Platform is starting (READY)
2025-01-27 17:06:39,608 INFO c.h.h.t.HelmChartContainer - [hivemq-test-hivemq-platform] [hivemq-platform-operator] [e0d4622e] 17:06:39.606 [ReconcilerExecutor-hivemq-controller-86] DEBUG c.h.p.o.HiveMQPlatformReconciler - [helmcust] Custom Resource Spec (replicas: 2) (extensions: 1)
2025-01-27 17:06:39,609 INFO c.h.h.t.HelmChartContainer - [hivemq-test-hivemq-platform] [hivemq-platform-operator] [e0d4622e] 17:06:39.609 [ReconcilerExecutor-hivemq-controller-86] DEBUG c.h.p.o.HiveMQPlatformReconciler - [helmcust] StatefulSet Status (revision: test-hivemq-platform-74b9d5c7d6, replicas: 1, available: 0, ready: 0, current: 1, updated: 1)
2025-01-27 17:06:39,611 INFO c.h.h.t.HelmChartContainer - [hivemq-test-hivemq-platform] [hivemq-platform-operator] [e0d4622e] 17:06:39.609 [ReconcilerExecutor-hivemq-controller-86] DEBUG c.h.p.o.HiveMQPlatformReconciler - [helmcust] StatefulSet Spec (replicas: 2, init containers: 1, containers: 1, volumes: 3)
2025-01-27 17:06:39,614 INFO c.h.h.t.HelmChartContainer - [hivemq-test-hivemq-platform] [hivemq-platform-operator] [e0d4622e] 17:06:39.614 [ReconcilerExecutor-hivemq-controller-86] DEBUG c.h.p.o.h.HiveMQPlatformReconcilerErrorHandler - [helmcust] Pod 'test-hivemq-platform-0' phase Pending
2025-01-27 17:06:39,615 INFO c.h.h.t.HelmChartContainer - [hivemq-test-hivemq-platform] [hivemq-platform-operator] [e0d4622e] 17:06:39.614 [ReconcilerExecutor-hivemq-controller-86] DEBUG c.h.p.o.h.HiveMQPlatformReconcilerErrorHandler - [helmcust] Pod 'test-hivemq-platform-0' condition 'PodReadyToStartContainers': True
2025-01-27 17:06:39,618 INFO c.h.h.t.HelmChartContainer - [hivemq-test-hivemq-platform] [hivemq-platform-operator] [e0d4622e] 17:06:39.614 [ReconcilerExecutor-hivemq-controller-86] DEBUG c.h.p.o.h.HiveMQPlatformReconcilerErrorHandler - [helmcust] Pod 'test-hivemq-platform-0' condition 'Initialized': True
2025-01-27 17:06:39,618 INFO c.h.h.t.HelmChartContainer - [hivemq-test-hivemq-platform] [hivemq-platform-operator] [e0d4622e] 17:06:39.614 [ReconcilerExecutor-hivemq-controller-86] DEBUG c.h.p.o.h.HiveMQPlatformReconcilerErrorHandler - [helmcust] Pod 'test-hivemq-platform-0' condition 'Ready': False
2025-01-27 17:06:39,618 INFO c.h.h.t.HelmChartContainer - [hivemq-test-hivemq-platform] [hivemq-platform-operator] [e0d4622e] 17:06:39.614 [ReconcilerExecutor-hivemq-controller-86] DEBUG c.h.p.o.h.HiveMQPlatformReconcilerErrorHandler - [helmcust] Pod 'test-hivemq-platform-0' condition 'ContainersReady': False
2025-01-27 17:06:39,618 INFO c.h.h.t.HelmChartContainer - [hivemq-test-hivemq-platform] [hivemq-platform-operator] [e0d4622e] 17:06:39.614 [ReconcilerExecutor-hivemq-controller-86] DEBUG c.h.p.o.h.HiveMQPlatformReconcilerErrorHandler - [helmcust] Pod 'test-hivemq-platform-0' condition 'PodScheduled': True
2025-01-27 17:06:39,618 INFO c.h.h.t.HelmChartContainer - [hivemq-test-hivemq-platform] [hivemq-platform-operator] [e0d4622e] 17:06:39.614 [ReconcilerExecutor-hivemq-controller-86] DEBUG c.h.p.o.h.HiveMQPlatformReconcilerErrorHandler - [helmcust] Pod 'test-hivemq-platform-0' containerStatus 'hivemq' (started: false) (ready: false) (waiting: [PodInitializing] null)
2025-01-27 17:06:39,618 INFO c.h.h.t.HelmChartContainer - [hivemq-test-hivemq-platform] [hivemq-platform-operator] [e0d4622e] 17:06:39.617 [ReconcilerExecutor-hivemq-controller-86] INFO  c.h.p.o.h.HiveMQPlatformReconcilerBaseHandler - [helmcust] HiveMQ Platform is starting, 0 of 2 replicas are ready
2025-01-27 17:06:41,535 INFO c.h.h.t.HelmChartContainer - [EVENT] Normal [Created] Created container: hivemq [helmcustomconfigit:test-hivemq-platform-0]
2025-01-27 17:06:41,535 INFO c.h.h.t.HelmChartContainer - Received Created event for container hivemq in pod test-hivemq-platform-0 [0ce83a88-a210-413d-9367-ba4db0cfae42]
2025-01-27 17:06:42,538 INFO c.h.h.t.HelmChartContainer - [POD] test-hivemq-platform-0 [0ce83a88-a210-413d-9367-ba4db0cfae42] in helmcustomconfigit was MODIFIED
2025-01-27 17:06:42,555 INFO c.h.h.t.HelmChartContainer - [hivemq-test-hivemq-platform] [hivemq-platform-operator] [e0d4622e] 17:06:42.551 [pool-6-thread-42] DEBUG c.h.p.o.d.PlatformServiceResource - [helmcust] Desired Platform services (3 services)
2025-01-27 17:06:42,555 INFO c.h.h.t.HelmChartContainer - [hivemq-test-hivemq-platform] [hivemq-platform-operator] [e0d4622e] 17:06:42.552 [pool-6-thread-43] DEBUG c.h.p.o.dependants.PodInfoConfigMap - [helmcust] Desired PodInfo ConfigMap (1 extensions) (1 enabled)
2025-01-27 17:06:42,555 INFO c.h.h.t.HelmChartContainer - [hivemq-test-hivemq-platform] [hivemq-platform-operator] [e0d4622e] 17:06:42.553 [pool-6-thread-43] DEBUG c.h.p.o.dependants.PodInfoConfigMap - [helmcust] Desired PodInfo ConfigMap (metrics port: 9399) (metrics path: /)
2025-01-27 17:06:42,555 INFO c.h.h.t.HelmChartContainer - [hivemq-test-hivemq-platform] [hivemq-platform-operator] [e0d4622e] 17:06:42.554 [pool-6-thread-43] DEBUG c.h.p.o.dependants.PodInfoConfigMap - [helmcust] Desired PodInfo ConfigMap (extension state hash: -1817474005)
2025-01-27 17:06:42,560 INFO c.h.h.t.HelmChartContainer - [hivemq-test-hivemq-platform] [hivemq-platform-operator] [e0d4622e] 17:06:42.558 [pool-6-thread-47] DEBUG c.h.p.o.d.PodServiceAccountResource - [helmcust] Desired PodServiceAccountResource (serviceAccountName: hivemq-platform-pod-test-hivemq-platform)
2025-01-27 17:06:42,562 INFO c.h.h.t.HelmChartContainer - Started log watcher for hivemq in pod test-hivemq-platform-0 [0ce83a88-a210-413d-9367-ba4db0cfae42]
2025-01-27 17:06:42,563 INFO c.h.h.t.HelmChartContainer - [test-hivemq-platform] [hivemq] [0ce83a88] Adding pre-installed HiveMQ Platform Operator extensions
2025-01-27 17:06:42,563 INFO c.h.h.t.HelmChartContainer - [test-hivemq-platform] [hivemq] [0ce83a88] Running as user 10000
2025-01-27 17:06:42,563 INFO c.h.h.t.HelmChartContainer - [test-hivemq-platform] [hivemq] [0ce83a88] Starting HiveMQ Platform Operator Init
2025-01-27 17:06:42,563 INFO c.h.h.t.HelmChartContainer - [EVENT] Normal [Started] Started container hivemq [helmcustomconfigit:test-hivemq-platform-0]
2025-01-27 17:06:42,563 INFO c.h.h.t.HelmChartContainer - Received Started event for container hivemq in pod test-hivemq-platform-0 [0ce83a88-a210-413d-9367-ba4db0cfae42]
2025-01-27 17:06:42,602 INFO c.h.h.t.HelmChartContainer - [hivemq-test-hivemq-platform] [hivemq-platform-operator] [e0d4622e] 17:06:42.600 [pool-6-thread-50] DEBUG c.h.p.o.d.StatefulSetResource - [helmcust] Desired StatefulSet (2 replicas) for status STARTING (READY)
2025-01-27 17:06:42,606 INFO c.h.h.t.HelmChartContainer - [hivemq-test-hivemq-platform] [hivemq-platform-operator] [e0d4622e] 17:06:42.605 [ReconcilerExecutor-hivemq-controller-97] INFO  c.h.p.o.HiveMQPlatformReconciler - [helmcust] Reconciling HiveMQ Platform 'test-hivemq-platform' in namespace 'helmcustomconfigit'
2025-01-27 17:06:42,607 INFO c.h.h.t.HelmChartContainer - [hivemq-test-hivemq-platform] [hivemq-platform-operator] [e0d4622e] 17:06:42.605 [ReconcilerExecutor-hivemq-controller-97] DEBUG c.h.p.o.HiveMQPlatformReconciler - [helmcust] Custom Resource Status STARTING - HiveMQ Platform is starting (READY)
2025-01-27 17:06:42,607 INFO c.h.h.t.HelmChartContainer - [hivemq-test-hivemq-platform] [hivemq-platform-operator] [e0d4622e] 17:06:42.606 [ReconcilerExecutor-hivemq-controller-97] DEBUG c.h.p.o.HiveMQPlatformReconciler - [helmcust] Custom Resource Spec (replicas: 2) (extensions: 1)
2025-01-27 17:06:42,613 INFO c.h.h.t.HelmChartContainer - [hivemq-test-hivemq-platform] [hivemq-platform-operator] [e0d4622e] 17:06:42.610 [ReconcilerExecutor-hivemq-controller-97] DEBUG c.h.p.o.HiveMQPlatformReconciler - [helmcust] StatefulSet Status (revision: test-hivemq-platform-74b9d5c7d6, replicas: 1, available: 0, ready: 0, current: 1, updated: 1)
2025-01-27 17:06:42,613 INFO c.h.h.t.HelmChartContainer - [hivemq-test-hivemq-platform] [hivemq-platform-operator] [e0d4622e] 17:06:42.611 [ReconcilerExecutor-hivemq-controller-97] DEBUG c.h.p.o.HiveMQPlatformReconciler - [helmcust] StatefulSet Spec (replicas: 2, init containers: 1, containers: 1, volumes: 3)
2025-01-27 17:06:42,615 INFO c.h.h.t.HelmChartContainer - [hivemq-test-hivemq-platform] [hivemq-platform-operator] [e0d4622e] 17:06:42.614 [ReconcilerExecutor-hivemq-controller-97] DEBUG c.h.p.o.h.HiveMQPlatformReconcilerErrorHandler - [helmcust] Pod 'test-hivemq-platform-0' phase Running
2025-01-27 17:06:42,619 INFO c.h.h.t.HelmChartContainer - [hivemq-test-hivemq-platform] [hivemq-platform-operator] [e0d4622e] 17:06:42.617 [ReconcilerExecutor-hivemq-controller-97] INFO  c.h.p.o.h.HiveMQPlatformReconcilerBaseHandler - [helmcust] HiveMQ Platform is starting, 0 of 2 replicas are ready
2025-01-27 17:06:42,879 INFO c.h.h.t.HelmChartContainer - [test-hivemq-platform] [hivemq] [0ce83a88] INFO  - [HiveMQ Platform Operator Init 1.7.0-SNAPSHOT] HiveMQ Platform Operator Init 1.7.0-SNAPSHOT (commit: bebf408 on branch: HEAD) built on Sun Jan 26 20:47:47 UTC 2025
2025-01-27 17:06:44,113 INFO c.h.h.t.HelmChartContainer - [test-hivemq-platform] [hivemq] [0ce83a88] INFO  - [HiveMQ Platform Operator Init App 1.7.0-SNAPSHOT] Using bind address 10.42.0.8 from environment variable
2025-01-27 17:06:45,016 INFO c.h.h.t.HelmChartContainer - [test-hivemq-platform] [hivemq] [0ce83a88] INFO  - [HiveMQ Platform Operator Init App 1.7.0-SNAPSHOT] HiveMQ Platform Operator Init App 1.7.0-SNAPSHOT (commit: bebf408 on branch: HEAD) built on Sun Jan 26 20:47:47 UTC 2025
2025-01-27 17:06:45,016 INFO c.h.h.t.HelmChartContainer - [test-hivemq-platform] [hivemq] [0ce83a88] INFO  - [HiveMQ Platform Operator Init App 1.7.0-SNAPSHOT] PodInfo ConfigMap directory: /etc/podinfo
2025-01-27 17:06:45,017 INFO c.h.h.t.HelmChartContainer - [test-hivemq-platform] [hivemq] [0ce83a88] INFO  - [HiveMQ Platform Operator Init App 1.7.0-SNAPSHOT] HiveMQ home directory: /opt/hivemq
2025-01-27 17:06:45,017 INFO c.h.h.t.HelmChartContainer - [test-hivemq-platform] [hivemq] [0ce83a88] INFO  - [HiveMQ Platform Operator Init App 1.7.0-SNAPSHOT] HiveMQ Logback folder: /opt/hivemq/conf
2025-01-27 17:06:45,017 INFO c.h.h.t.HelmChartContainer - [test-hivemq-platform] [hivemq] [0ce83a88] INFO  - [HiveMQ Platform Operator Init App 1.7.0-SNAPSHOT] HiveMQ Config folder: /opt/hivemq/conf-k8s
2025-01-27 17:06:45,017 INFO c.h.h.t.HelmChartContainer - [test-hivemq-platform] [hivemq] [0ce83a88] INFO  - [HiveMQ Platform Operator Init App 1.7.0-SNAPSHOT] Starting HiveMQ Platform Operator Init App
2025-01-27 17:06:45,017 INFO c.h.h.t.HelmChartContainer - [test-hivemq-platform] [hivemq] [0ce83a88] INFO  - [HiveMQ Platform Operator Init App 1.7.0-SNAPSHOT] Starting Pod reconciler
2025-01-27 17:06:46,375 INFO c.h.h.t.HelmChartContainer - [test-hivemq-platform] [hivemq] [0ce83a88] INFO  - [HiveMQ Platform Operator Init App 1.7.0-SNAPSHOT] Pod reconciler is scheduled (interval: 5000 ms)
2025-01-27 17:06:46,376 INFO c.h.h.t.HelmChartContainer - [test-hivemq-platform] [hivemq] [0ce83a88] INFO  - [HiveMQ Platform Operator Init App 1.7.0-SNAPSHOT] Starting the REST API on 10.42.0.8:7979
2025-01-27 17:06:46,380 INFO c.h.h.t.HelmChartContainer - [test-hivemq-platform] [hivemq] [0ce83a88] INFO  - [HiveMQ Platform Operator Init App 1.7.0-SNAPSHOT] Waiting up to 600s for at most 2 HiveMQ nodes in cluster service hivemq-test-hivemq-platform-cluster.helmcustomconfigit.svc
2025-01-27 17:06:46,773 INFO c.h.h.t.HelmChartContainer - [test-hivemq-platform] [hivemq] [0ce83a88] INFO  - [HiveMQ Platform Operator Init App 1.7.0-SNAPSHOT] Resolved 1 IP addresses: [10.42.0.8]
2025-01-27 17:06:46,774 INFO c.h.h.t.HelmChartContainer - [test-hivemq-platform] [hivemq] [0ce83a88] INFO  - [HiveMQ Platform Operator Init App 1.7.0-SNAPSHOT] HiveMQ node count of 1 is within threshold of 2
2025-01-27 17:06:46,774 INFO c.h.h.t.HelmChartContainer - [test-hivemq-platform] [hivemq] [0ce83a88] INFO  - [HiveMQ Platform Operator Init App 1.7.0-SNAPSHOT] Proceeding with container start
2025-01-27 17:06:46,825 INFO c.h.h.t.HelmChartContainer - [test-hivemq-platform] [hivemq] [0ce83a88] INFO  - [HiveMQ Platform Operator Init App 1.7.0-SNAPSHOT] Initializing HiveMQ Platform extensions with initial configuration: {hivemq-allow-all-extension={start-priority=-1, skip-https-hostname-verification=false, restart=true, config-version=0, header-version=0, c-uri=, priority=-1, uri=preinstalled, skip-https-certificate-validation=false, enabled=true}, hivemq-prometheus-extension={request-header-path=no-request-headers, uri=preinstalled, skip-https-certificate-validation=false, skip-https-hostname-verification=false, c-uri=, start-priority=-1, priority=-1, restart=true, enabled=true}}
2025-01-27 17:06:47,282 INFO c.h.h.t.HelmChartContainer - [test-hivemq-platform] [hivemq] [0ce83a88] INFO  - [HiveMQ Platform Operator Init App 1.7.0-SNAPSHOT] Extension hivemq-allow-all-extension was already enabled
2025-01-27 17:06:47,372 INFO c.h.h.t.HelmChartContainer - [test-hivemq-platform] [hivemq] [0ce83a88] INFO  - [HiveMQ Platform Operator Init App 1.7.0-SNAPSHOT] Successfully enabled extension hivemq-prometheus-extension
2025-01-27 17:06:47,374 INFO c.h.h.t.HelmChartContainer - [test-hivemq-platform] [hivemq] [0ce83a88] INFO  - [HiveMQ Platform Operator Init App 1.7.0-SNAPSHOT] Starting HiveMQ Platform version 4.35.0 (4.35.0)
2025-01-27 17:06:47,375 INFO c.h.h.t.HelmChartContainer - [test-hivemq-platform] [hivemq] [0ce83a88] INFO  - [HiveMQ Platform Operator Init App 1.7.0-SNAPSHOT] Configuring the HiveMQ Platform
2025-01-27 17:06:47,416 INFO c.h.h.t.HelmChartContainer - [test-hivemq-platform] [hivemq] [0ce83a88] INFO  - [HiveMQ Platform Operator Init App 1.7.0-SNAPSHOT] Changed logback.xml file scan period to 20 seconds
2025-01-27 17:06:47,479 INFO c.h.h.t.HelmChartContainer - [test-hivemq-platform] [hivemq] [0ce83a88] INFO  - [HiveMQ Platform Operator Init App 1.7.0-SNAPSHOT] Starting the HiveMQ Platform
2025-01-27 17:06:47,481 INFO c.h.h.t.HelmChartContainer - [test-hivemq-platform] [hivemq] [0ce83a88] -------------------------------------------------------------------------
2025-01-27 17:06:47,482 INFO c.h.h.t.HelmChartContainer - [test-hivemq-platform] [hivemq] [0ce83a88] 
2025-01-27 17:06:47,482 INFO c.h.h.t.HelmChartContainer - [test-hivemq-platform] [hivemq] [0ce83a88]                   _    _  _              __  __   ____
2025-01-27 17:06:47,482 INFO c.h.h.t.HelmChartContainer - [test-hivemq-platform] [hivemq] [0ce83a88]                  | |  | |(_)            |  \/  | / __ \
2025-01-27 17:06:47,483 INFO c.h.h.t.HelmChartContainer - [test-hivemq-platform] [hivemq] [0ce83a88]                  | |__| | _ __   __ ___ | \  / || |  | |
2025-01-27 17:06:47,483 INFO c.h.h.t.HelmChartContainer - [test-hivemq-platform] [hivemq] [0ce83a88]                  |  __  || |\ \ / // _ \| |\/| || |  | |
2025-01-27 17:06:47,483 INFO c.h.h.t.HelmChartContainer - [test-hivemq-platform] [hivemq] [0ce83a88]                  | |  | || | \ V /|  __/| |  | || |__| |
2025-01-27 17:06:47,483 INFO c.h.h.t.HelmChartContainer - [test-hivemq-platform] [hivemq] [0ce83a88]                  |_|  |_||_|  \_/  \___||_|  |_| \___\_\
2025-01-27 17:06:47,483 INFO c.h.h.t.HelmChartContainer - [test-hivemq-platform] [hivemq] [0ce83a88] 
2025-01-27 17:06:47,483 INFO c.h.h.t.HelmChartContainer - [test-hivemq-platform] [hivemq] [0ce83a88] -------------------------------------------------------------------------
2025-01-27 17:06:47,483 INFO c.h.h.t.HelmChartContainer - [test-hivemq-platform] [hivemq] [0ce83a88] 
2025-01-27 17:06:47,483 INFO c.h.h.t.HelmChartContainer - [test-hivemq-platform] [hivemq] [0ce83a88]   HiveMQ Start Script for Linux/Unix v1.14
2025-01-27 17:06:47,483 INFO c.h.h.t.HelmChartContainer - [test-hivemq-platform] [hivemq] [0ce83a88] 
2025-01-27 17:06:47,585 INFO c.h.h.t.HelmChartContainer - [test-hivemq-platform] [hivemq] [0ce83a88] -------------------------------------------------------------------------
2025-01-27 17:06:47,585 INFO c.h.h.t.HelmChartContainer - [test-hivemq-platform] [hivemq] [0ce83a88] 
2025-01-27 17:06:47,585 INFO c.h.h.t.HelmChartContainer - [test-hivemq-platform] [hivemq] [0ce83a88]   HIVEMQ_HOME: /opt/hivemq
2025-01-27 17:06:47,586 INFO c.h.h.t.HelmChartContainer - [test-hivemq-platform] [hivemq] [0ce83a88] 
2025-01-27 17:06:47,586 INFO c.h.h.t.HelmChartContainer - [test-hivemq-platform] [hivemq] [0ce83a88]   JAVA_OPTS: -XX:+UnlockExperimentalVMOptions -XX:InitialRAMPercentage=50 -XX:MaxRAMPercentage=50 -Djava.net.preferIPv4Stack=true --add-opens java.base/java.lang=ALL-UNNAMED --add-opens java.base/java.nio=ALL-UNNAMED --add-opens java.base/sun.nio.ch=ALL-UNNAMED --add-opens jdk.management/com.sun.management.internal=ALL-UNNAMED --add-exports java.base/jdk.internal.misc=ALL-UNNAMED -Djava.security.egd=file:/dev/./urandom -Dcom.sun.management.jmxremote -Dcom.sun.management.jmxremote.port=9010 -Dcom.sun.management.jmxremote.local.only=false -Dcom.sun.management.jmxremote.authenticate=false -Dcom.sun.management.jmxremote.ssl=false -Duser.language=en -Duser.region=US -XX:+CrashOnOutOfMemoryError -XX:+HeapDumpOnOutOfMemoryError
2025-01-27 17:06:47,586 INFO c.h.h.t.HelmChartContainer - [test-hivemq-platform] [hivemq] [0ce83a88] 
2025-01-27 17:06:47,586 INFO c.h.h.t.HelmChartContainer - [test-hivemq-platform] [hivemq] [0ce83a88]   JAVA_VERSION: 21
2025-01-27 17:06:47,586 INFO c.h.h.t.HelmChartContainer - [test-hivemq-platform] [hivemq] [0ce83a88] 
2025-01-27 17:06:47,586 INFO c.h.h.t.HelmChartContainer - [test-hivemq-platform] [hivemq] [0ce83a88] -------------------------------------------------------------------------
2025-01-27 17:06:47,586 INFO c.h.h.t.HelmChartContainer - [test-hivemq-platform] [hivemq] [0ce83a88] 
2025-01-27 17:06:48,576 INFO c.h.h.t.HelmChartContainer - [test-hivemq-platform] [hivemq] [0ce83a88] INFO  - [HiveMQ Platform Operator Init App 1.7.0-SNAPSHOT] Returning default Health API response 503 for readiness
2025-01-27 17:06:48,916 INFO c.h.h.t.HelmChartContainer - [EVENT] Warning [Unhealthy] Readiness probe failed: HTTP probe failed with statuscode: 503 [helmcustomconfigit:test-hivemq-platform-0]
2025-01-27 17:06:48,916 INFO c.h.h.t.HelmChartContainer - Received Unhealthy event for container hivemq in pod test-hivemq-platform-0 [0ce83a88-a210-413d-9367-ba4db0cfae42]
2025-01-27 17:06:50,218 INFO c.h.h.t.HelmChartContainer - [test-hivemq-platform] [hivemq] [0ce83a88] INFO  - Starting HiveMQ Enterprise Server
2025-01-27 17:06:50,271 INFO c.h.h.t.HelmChartContainer - [test-hivemq-platform] [hivemq] [0ce83a88] INFO  - HiveMQ version: 4.35.0
2025-01-27 17:06:50,272 INFO c.h.h.t.HelmChartContainer - [test-hivemq-platform] [hivemq] [0ce83a88] INFO  - HiveMQ home directory: /opt/hivemq
2025-01-27 17:06:50,272 INFO c.h.h.t.HelmChartContainer - [test-hivemq-platform] [hivemq] [0ce83a88] INFO  - Log Configuration was overridden by /opt/hivemq/conf/logback.xml
2025-01-27 17:06:51,677 INFO c.h.h.t.HelmChartContainer - [test-hivemq-platform] [hivemq] [0ce83a88] INFO  - Successfully loaded configuration from '/opt/hivemq/conf-k8s/config.xml'.
2025-01-27 17:06:52,274 INFO c.h.h.t.HelmChartContainer - [test-hivemq-platform] [hivemq] [0ce83a88] INFO  - This node's ID is O7EDF
2025-01-27 17:06:52,274 INFO c.h.h.t.HelmChartContainer - [test-hivemq-platform] [hivemq] [0ce83a88] INFO  - Clustering is enabled
2025-01-27 17:06:52,624 INFO c.h.h.t.HelmChartContainer - [hivemq-test-hivemq-platform] [hivemq-platform-operator] [e0d4622e] 17:06:52.621 [pool-6-thread-6] DEBUG c.h.p.o.d.PlatformServiceResource - [helmcust] Desired Platform services (3 services)
2025-01-27 17:06:52,624 INFO c.h.h.t.HelmChartContainer - [hivemq-test-hivemq-platform] [hivemq-platform-operator] [e0d4622e] 17:06:52.622 [pool-6-thread-3] DEBUG c.h.p.o.dependants.PodInfoConfigMap - [helmcust] Desired PodInfo ConfigMap (1 extensions) (1 enabled)
2025-01-27 17:06:52,624 INFO c.h.h.t.HelmChartContainer - [hivemq-test-hivemq-platform] [hivemq-platform-operator] [e0d4622e] 17:06:52.622 [pool-6-thread-3] DEBUG c.h.p.o.dependants.PodInfoConfigMap - [helmcust] Desired PodInfo ConfigMap (metrics port: 9399) (metrics path: /)
2025-01-27 17:06:52,624 INFO c.h.h.t.HelmChartContainer - [hivemq-test-hivemq-platform] [hivemq-platform-operator] [e0d4622e] 17:06:52.622 [pool-6-thread-3] DEBUG c.h.p.o.dependants.PodInfoConfigMap - [helmcust] Desired PodInfo ConfigMap (extension state hash: -1817474005)
2025-01-27 17:06:52,624 INFO c.h.h.t.HelmChartContainer - [hivemq-test-hivemq-platform] [hivemq-platform-operator] [e0d4622e] 17:06:52.623 [pool-6-thread-3] DEBUG c.h.p.o.d.PodServiceAccountResource - [helmcust] Desired PodServiceAccountResource (serviceAccountName: hivemq-platform-pod-test-hivemq-platform)
2025-01-27 17:06:52,632 INFO c.h.h.t.HelmChartContainer - [hivemq-test-hivemq-platform] [hivemq-platform-operator] [e0d4622e] 17:06:52.631 [pool-6-thread-9] DEBUG c.h.p.o.d.StatefulSetResource - [helmcust] Desired StatefulSet (2 replicas) for status STARTING (READY)
2025-01-27 17:06:52,701 INFO c.h.h.t.HelmChartContainer - [hivemq-test-hivemq-platform] [hivemq-platform-operator] [e0d4622e] 17:06:52.699 [ReconcilerExecutor-hivemq-controller-108] INFO  c.h.p.o.HiveMQPlatformReconciler - [helmcust] Reconciling HiveMQ Platform 'test-hivemq-platform' in namespace 'helmcustomconfigit'
2025-01-27 17:06:52,701 INFO c.h.h.t.HelmChartContainer - [hivemq-test-hivemq-platform] [hivemq-platform-operator] [e0d4622e] 17:06:52.699 [ReconcilerExecutor-hivemq-controller-108] DEBUG c.h.p.o.HiveMQPlatformReconciler - [helmcust] Custom Resource Status STARTING - HiveMQ Platform is starting (READY)
2025-01-27 17:06:52,701 INFO c.h.h.t.HelmChartContainer - [hivemq-test-hivemq-platform] [hivemq-platform-operator] [e0d4622e] 17:06:52.699 [ReconcilerExecutor-hivemq-controller-108] DEBUG c.h.p.o.HiveMQPlatformReconciler - [helmcust] Custom Resource Spec (replicas: 2) (extensions: 1)
2025-01-27 17:06:52,703 INFO c.h.h.t.HelmChartContainer - [hivemq-test-hivemq-platform] [hivemq-platform-operator] [e0d4622e] 17:06:52.702 [ReconcilerExecutor-hivemq-controller-108] DEBUG c.h.p.o.HiveMQPlatformReconciler - [helmcust] StatefulSet Status (revision: test-hivemq-platform-74b9d5c7d6, replicas: 1, available: 0, ready: 0, current: 1, updated: 1)
2025-01-27 17:06:52,704 INFO c.h.h.t.HelmChartContainer - [hivemq-test-hivemq-platform] [hivemq-platform-operator] [e0d4622e] 17:06:52.702 [ReconcilerExecutor-hivemq-controller-108] DEBUG c.h.p.o.HiveMQPlatformReconciler - [helmcust] StatefulSet Spec (replicas: 2, init containers: 1, containers: 1, volumes: 3)
2025-01-27 17:06:52,705 INFO c.h.h.t.HelmChartContainer - [hivemq-test-hivemq-platform] [hivemq-platform-operator] [e0d4622e] 17:06:52.704 [ReconcilerExecutor-hivemq-controller-108] DEBUG c.h.p.o.h.HiveMQPlatformReconcilerErrorHandler - [helmcust] Pod 'test-hivemq-platform-0' phase Running
2025-01-27 17:06:52,707 INFO c.h.h.t.HelmChartContainer - [hivemq-test-hivemq-platform] [hivemq-platform-operator] [e0d4622e] 17:06:52.705 [ReconcilerExecutor-hivemq-controller-108] INFO  c.h.p.o.h.HiveMQPlatformReconcilerBaseHandler - [helmcust] HiveMQ Platform is starting, 0 of 2 replicas are ready
2025-01-27 17:06:54,113 INFO c.h.h.t.HelmChartContainer - [test-hivemq-platform] [hivemq] [0ce83a88] WARN  - [HiveMQ Platform Operator Init App 1.7.0-SNAPSHOT] Cannot connect to Health API for readiness: null
2025-01-27 17:06:54,119 INFO c.h.h.t.HelmChartContainer - [EVENT] Warning [Unhealthy] Readiness probe failed: HTTP probe failed with statuscode: 503 [helmcustomconfigit:test-hivemq-platform-0]
2025-01-27 17:06:54,120 INFO c.h.h.t.HelmChartContainer - Received Unhealthy event for container hivemq in pod test-hivemq-platform-0 [0ce83a88-a210-413d-9367-ba4db0cfae42]
2025-01-27 17:06:57,514 INFO c.h.h.t.HelmChartContainer - [test-hivemq-platform] [hivemq] [0ce83a88] Jan 27, 2025 5:06:57 PM io.vertx.core.impl.BlockedThreadChecker
2025-01-27 17:06:57,514 INFO c.h.h.t.HelmChartContainer - [test-hivemq-platform] [hivemq] [0ce83a88] WARNING: Thread Thread[vert.x-eventloop-thread-1,5,main] has been blocked for 2404 ms, time limit is 2000 ms
2025-01-27 17:06:58,475 INFO c.h.h.t.HelmChartContainer - [test-hivemq-platform] [hivemq] [0ce83a88] Jan 27, 2025 5:06:58 PM io.vertx.core.impl.BlockedThreadChecker
2025-01-27 17:06:58,475 INFO c.h.h.t.HelmChartContainer - [test-hivemq-platform] [hivemq] [0ce83a88] WARNING: Thread Thread[vert.x-eventloop-thread-1,5,main] has been blocked for 3404 ms, time limit is 2000 ms
2025-01-27 17:06:58,572 INFO c.h.h.t.HelmChartContainer - [test-hivemq-platform] [hivemq] [0ce83a88] WARN  - [HiveMQ Platform Operator Init App 1.7.0-SNAPSHOT] Cannot connect to Health API for readiness: null
2025-01-27 17:06:58,617 INFO c.h.h.t.HelmChartContainer - [EVENT] Warning [Unhealthy] Readiness probe failed: HTTP probe failed with statuscode: 503 [helmcustomconfigit:test-hivemq-platform-0]
2025-01-27 17:06:58,617 INFO c.h.h.t.HelmChartContainer - Received Unhealthy event for container hivemq in pod test-hivemq-platform-0 [0ce83a88-a210-413d-9367-ba4db0cfae42]
2025-01-27 17:06:59,373 INFO c.h.h.t.HelmChartContainer - [test-hivemq-platform] [hivemq] [0ce83a88] INFO  - [HiveMQ Platform Operator Init App 1.7.0-SNAPSHOT] Updating Pod HiveMQ Platform Operator Init App version annotation (version: 1.7.0-SNAPSHOT)
2025-01-27 17:07:00,079 INFO c.h.h.t.HelmChartContainer - [POD] test-hivemq-platform-0 [0ce83a88-a210-413d-9367-ba4db0cfae42] in helmcustomconfigit was MODIFIED
2025-01-27 17:07:00,087 INFO c.h.h.t.HelmChartContainer - [hivemq-test-hivemq-platform] [hivemq-platform-operator] [e0d4622e] 17:07:00.083 [pool-6-thread-16] DEBUG c.h.p.o.d.PlatformServiceResource - [helmcust] Desired Platform services (3 services)
2025-01-27 17:07:00,089 INFO c.h.h.t.HelmChartContainer - [hivemq-test-hivemq-platform] [hivemq-platform-operator] [e0d4622e] 17:07:00.087 [pool-6-thread-14] DEBUG c.h.p.o.dependants.PodInfoConfigMap - [helmcust] Desired PodInfo ConfigMap (1 extensions) (1 enabled)
2025-01-27 17:07:00,090 INFO c.h.h.t.HelmChartContainer - [hivemq-test-hivemq-platform] [hivemq-platform-operator] [e0d4622e] 17:07:00.087 [pool-6-thread-14] DEBUG c.h.p.o.dependants.PodInfoConfigMap - [helmcust] Desired PodInfo ConfigMap (metrics port: 9399) (metrics path: /)
2025-01-27 17:07:00,090 INFO c.h.h.t.HelmChartContainer - [hivemq-test-hivemq-platform] [hivemq-platform-operator] [e0d4622e] 17:07:00.087 [pool-6-thread-14] DEBUG c.h.p.o.dependants.PodInfoConfigMap - [helmcust] Desired PodInfo ConfigMap (extension state hash: -1817474005)
2025-01-27 17:07:00,092 INFO c.h.h.t.HelmChartContainer - [hivemq-test-hivemq-platform] [hivemq-platform-operator] [e0d4622e] 17:07:00.091 [pool-6-thread-20] DEBUG c.h.p.o.d.StatefulSetResource - [helmcust] Desired StatefulSet (2 replicas) for status STARTING (READY)
2025-01-27 17:07:00,093 INFO c.h.h.t.HelmChartContainer - [hivemq-test-hivemq-platform] [hivemq-platform-operator] [e0d4622e] 17:07:00.091 [pool-6-thread-15] DEBUG c.h.p.o.d.PodServiceAccountResource - [helmcust] Desired PodServiceAccountResource (serviceAccountName: hivemq-platform-pod-test-hivemq-platform)
2025-01-27 17:07:00,097 INFO c.h.h.t.HelmChartContainer - [hivemq-test-hivemq-platform] [hivemq-platform-operator] [e0d4622e] 17:07:00.096 [ReconcilerExecutor-hivemq-controller-109] INFO  c.h.p.o.HiveMQPlatformReconciler - [helmcust] Reconciling HiveMQ Platform 'test-hivemq-platform' in namespace 'helmcustomconfigit'
2025-01-27 17:07:00,097 INFO c.h.h.t.HelmChartContainer - [hivemq-test-hivemq-platform] [hivemq-platform-operator] [e0d4622e] 17:07:00.096 [ReconcilerExecutor-hivemq-controller-109] DEBUG c.h.p.o.HiveMQPlatformReconciler - [helmcust] Custom Resource Status STARTING - HiveMQ Platform is starting (READY)
2025-01-27 17:07:00,097 INFO c.h.h.t.HelmChartContainer - [hivemq-test-hivemq-platform] [hivemq-platform-operator] [e0d4622e] 17:07:00.096 [ReconcilerExecutor-hivemq-controller-109] DEBUG c.h.p.o.HiveMQPlatformReconciler - [helmcust] Custom Resource Spec (replicas: 2) (extensions: 1)
2025-01-27 17:07:00,103 INFO c.h.h.t.HelmChartContainer - [hivemq-test-hivemq-platform] [hivemq-platform-operator] [e0d4622e] 17:07:00.100 [ReconcilerExecutor-hivemq-controller-109] DEBUG c.h.p.o.HiveMQPlatformReconciler - [helmcust] StatefulSet Status (revision: test-hivemq-platform-74b9d5c7d6, replicas: 1, available: 0, ready: 0, current: 1, updated: 1)
2025-01-27 17:07:00,104 INFO c.h.h.t.HelmChartContainer - [hivemq-test-hivemq-platform] [hivemq-platform-operator] [e0d4622e] 17:07:00.100 [ReconcilerExecutor-hivemq-controller-109] DEBUG c.h.p.o.HiveMQPlatformReconciler - [helmcust] StatefulSet Spec (replicas: 2, init containers: 1, containers: 1, volumes: 3)
2025-01-27 17:07:00,105 INFO c.h.h.t.HelmChartContainer - [hivemq-test-hivemq-platform] [hivemq-platform-operator] [e0d4622e] 17:07:00.102 [ReconcilerExecutor-hivemq-controller-109] DEBUG c.h.p.o.h.HiveMQPlatformReconcilerErrorHandler - [helmcust] Pod 'test-hivemq-platform-0' phase Running
2025-01-27 17:07:00,105 INFO c.h.h.t.HelmChartContainer - [hivemq-test-hivemq-platform] [hivemq-platform-operator] [e0d4622e] 17:07:00.104 [ReconcilerExecutor-hivemq-controller-109] INFO  c.h.p.o.h.HiveMQPlatformReconcilerBaseHandler - [helmcust] HiveMQ Platform is starting, 0 of 2 replicas are ready
2025-01-27 17:07:00,171 INFO c.h.h.t.HelmChartContainer - [test-hivemq-platform] [hivemq] [0ce83a88] WARN  - [HiveMQ Platform Operator Init App 1.7.0-SNAPSHOT] Cannot connect to Health API for readiness: null
2025-01-27 17:07:00,177 INFO c.h.h.t.HelmChartContainer - [EVENT] Warning [Unhealthy] Readiness probe failed: HTTP probe failed with statuscode: 503 [helmcustomconfigit:test-hivemq-platform-0]
2025-01-27 17:07:00,177 INFO c.h.h.t.HelmChartContainer - Received Unhealthy event for container hivemq in pod test-hivemq-platform-0 [0ce83a88-a210-413d-9367-ba4db0cfae42]
2025-01-27 17:07:00,212 INFO c.h.h.t.HelmChartContainer - [test-hivemq-platform] [hivemq] [0ce83a88] INFO  - [HiveMQ Platform Operator Init App 1.7.0-SNAPSHOT] Successfully updated Pod HiveMQ Platform Operator Init App version annotation (version: 1.7.0-SNAPSHOT)
2025-01-27 17:07:05,116 INFO c.h.h.t.HelmChartContainer - [test-hivemq-platform] [hivemq] [0ce83a88] WARN  - [HiveMQ Platform Operator Init App 1.7.0-SNAPSHOT] Cannot connect to Health API for readiness: null
2025-01-27 17:07:05,120 INFO c.h.h.t.HelmChartContainer - [EVENT] Warning [Unhealthy] Readiness probe failed: HTTP probe failed with statuscode: 503 [helmcustomconfigit:test-hivemq-platform-0]
2025-01-27 17:07:05,120 INFO c.h.h.t.HelmChartContainer - Received Unhealthy event for container hivemq in pod test-hivemq-platform-0 [0ce83a88-a210-413d-9367-ba4db0cfae42]
2025-01-27 17:07:08,872 INFO c.h.h.t.HelmChartContainer - [test-hivemq-platform] [hivemq] [0ce83a88] WARN  - [HiveMQ Platform Operator Init App 1.7.0-SNAPSHOT] Cannot connect to Health API for liveness: null
2025-01-27 17:07:08,873 INFO c.h.h.t.HelmChartContainer - [test-hivemq-platform] [hivemq] [0ce83a88] INFO  - [HiveMQ Platform Operator Init App 1.7.0-SNAPSHOT] Returning default Health API response 200 for liveness
2025-01-27 17:07:10,110 INFO c.h.h.t.HelmChartContainer - [hivemq-test-hivemq-platform] [hivemq-platform-operator] [e0d4622e] 17:07:10.107 [pool-6-thread-26] DEBUG c.h.p.o.d.PlatformServiceResource - [helmcust] Desired Platform services (3 services)
2025-01-27 17:07:10,110 INFO c.h.h.t.HelmChartContainer - [hivemq-test-hivemq-platform] [hivemq-platform-operator] [e0d4622e] 17:07:10.108 [pool-6-thread-23] DEBUG c.h.p.o.dependants.PodInfoConfigMap - [helmcust] Desired PodInfo ConfigMap (1 extensions) (1 enabled)
2025-01-27 17:07:10,110 INFO c.h.h.t.HelmChartContainer - [hivemq-test-hivemq-platform] [hivemq-platform-operator] [e0d4622e] 17:07:10.108 [pool-6-thread-23] DEBUG c.h.p.o.dependants.PodInfoConfigMap - [helmcust] Desired PodInfo ConfigMap (metrics port: 9399) (metrics path: /)
2025-01-27 17:07:10,110 INFO c.h.h.t.HelmChartContainer - [hivemq-test-hivemq-platform] [hivemq-platform-operator] [e0d4622e] 17:07:10.108 [pool-6-thread-23] DEBUG c.h.p.o.dependants.PodInfoConfigMap - [helmcust] Desired PodInfo ConfigMap (extension state hash: -1817474005)
2025-01-27 17:07:10,111 INFO c.h.h.t.HelmChartContainer - [hivemq-test-hivemq-platform] [hivemq-platform-operator] [e0d4622e] 17:07:10.109 [pool-6-thread-21] DEBUG c.h.p.o.d.PodServiceAccountResource - [helmcust] Desired PodServiceAccountResource (serviceAccountName: hivemq-platform-pod-test-hivemq-platform)
2025-01-27 17:07:10,120 INFO c.h.h.t.HelmChartContainer - [hivemq-test-hivemq-platform] [hivemq-platform-operator] [e0d4622e] 17:07:10.119 [pool-6-thread-26] DEBUG c.h.p.o.d.StatefulSetResource - [helmcust] Desired StatefulSet (2 replicas) for status STARTING (READY)
2025-01-27 17:07:10,173 INFO c.h.h.t.HelmChartContainer - [test-hivemq-platform] [hivemq] [0ce83a88] WARN  - [HiveMQ Platform Operator Init App 1.7.0-SNAPSHOT] Cannot connect to Health API for readiness: null
2025-01-27 17:07:10,176 INFO c.h.h.t.HelmChartContainer - [EVENT] Warning [Unhealthy] Readiness probe failed: HTTP probe failed with statuscode: 503 [helmcustomconfigit:test-hivemq-platform-0]
2025-01-27 17:07:10,177 INFO c.h.h.t.HelmChartContainer - Received Unhealthy event for container hivemq in pod test-hivemq-platform-0 [0ce83a88-a210-413d-9367-ba4db0cfae42]
2025-01-27 17:07:10,202 INFO c.h.h.t.HelmChartContainer - [hivemq-test-hivemq-platform] [hivemq-platform-operator] [e0d4622e] 17:07:10.199 [ReconcilerExecutor-hivemq-controller-110] INFO  c.h.p.o.HiveMQPlatformReconciler - [helmcust] Reconciling HiveMQ Platform 'test-hivemq-platform' in namespace 'helmcustomconfigit'
2025-01-27 17:07:10,202 INFO c.h.h.t.HelmChartContainer - [hivemq-test-hivemq-platform] [hivemq-platform-operator] [e0d4622e] 17:07:10.199 [ReconcilerExecutor-hivemq-controller-110] DEBUG c.h.p.o.HiveMQPlatformReconciler - [helmcust] Custom Resource Status STARTING - HiveMQ Platform is starting (READY)
2025-01-27 17:07:10,202 INFO c.h.h.t.HelmChartContainer - [hivemq-test-hivemq-platform] [hivemq-platform-operator] [e0d4622e] 17:07:10.199 [ReconcilerExecutor-hivemq-controller-110] DEBUG c.h.p.o.HiveMQPlatformReconciler - [helmcust] Custom Resource Spec (replicas: 2) (extensions: 1)
2025-01-27 17:07:10,203 INFO c.h.h.t.HelmChartContainer - [hivemq-test-hivemq-platform] [hivemq-platform-operator] [e0d4622e] 17:07:10.202 [ReconcilerExecutor-hivemq-controller-110] DEBUG c.h.p.o.HiveMQPlatformReconciler - [helmcust] StatefulSet Status (revision: test-hivemq-platform-74b9d5c7d6, replicas: 1, available: 0, ready: 0, current: 1, updated: 1)
2025-01-27 17:07:10,203 INFO c.h.h.t.HelmChartContainer - [hivemq-test-hivemq-platform] [hivemq-platform-operator] [e0d4622e] 17:07:10.202 [ReconcilerExecutor-hivemq-controller-110] DEBUG c.h.p.o.HiveMQPlatformReconciler - [helmcust] StatefulSet Spec (replicas: 2, init containers: 1, containers: 1, volumes: 3)
2025-01-27 17:07:10,205 INFO c.h.h.t.HelmChartContainer - [hivemq-test-hivemq-platform] [hivemq-platform-operator] [e0d4622e] 17:07:10.203 [ReconcilerExecutor-hivemq-controller-110] DEBUG c.h.p.o.h.HiveMQPlatformReconcilerErrorHandler - [helmcust] Pod 'test-hivemq-platform-0' phase Running
2025-01-27 17:07:10,205 INFO c.h.h.t.HelmChartContainer - [hivemq-test-hivemq-platform] [hivemq-platform-operator] [e0d4622e] 17:07:10.204 [ReconcilerExecutor-hivemq-controller-110] INFO  c.h.p.o.h.HiveMQPlatformReconcilerBaseHandler - [helmcust] HiveMQ Platform is starting, 0 of 2 replicas are ready
2025-01-27 17:07:11,978 INFO c.h.h.t.HelmChartContainer - [test-hivemq-platform] [hivemq] [0ce83a88] INFO  - No valid license file found. Using trial license, restricted to 25 connections.
2025-01-27 17:07:15,076 INFO c.h.h.t.HelmChartContainer - [test-hivemq-platform] [hivemq] [0ce83a88] INFO  - No valid license file for Data Hub found. Using free license, restricted to 1 policy.
2025-01-27 17:07:15,116 INFO c.h.h.t.HelmChartContainer - [test-hivemq-platform] [hivemq] [0ce83a88] WARN  - [HiveMQ Platform Operator Init App 1.7.0-SNAPSHOT] Cannot connect to Health API for readiness: null
2025-01-27 17:07:15,119 INFO c.h.h.t.HelmChartContainer - [EVENT] Warning [Unhealthy] Readiness probe failed: HTTP probe failed with statuscode: 503 [helmcustomconfigit:test-hivemq-platform-0]
2025-01-27 17:07:15,119 INFO c.h.h.t.HelmChartContainer - Received Unhealthy event for container hivemq in pod test-hivemq-platform-0 [0ce83a88-a210-413d-9367-ba4db0cfae42]
2025-01-27 17:07:16,113 INFO c.h.h.t.HelmChartContainer - [test-hivemq-platform] [hivemq] [0ce83a88] INFO  - Audit Logger started.
2025-01-27 17:07:16,415 INFO c.h.h.t.HelmChartContainer - [test-hivemq-platform] [hivemq] [0ce83a88] INFO  - This node uses '1' CPU cores.
2025-01-27 17:07:16,418 INFO c.h.h.t.HelmChartContainer - [test-hivemq-platform] [hivemq] [0ce83a88] INFO  - Starting HiveMQ Health API on address 0.0.0.0 and port 8889
2025-01-27 17:07:17,378 INFO c.h.h.t.HelmChartContainer - [test-hivemq-platform] [hivemq] [0ce83a88] INFO  - Started HiveMQ Health API in 959ms
2025-01-27 17:07:17,414 INFO c.h.h.t.HelmChartContainer - [test-hivemq-platform] [hivemq] [0ce83a88] INFO  - Starting HiveMQ extension system.
2025-01-27 17:07:17,715 INFO c.h.h.t.HelmChartContainer - [test-hivemq-platform] [hivemq] [0ce83a88] INFO  - Starting extension with id "hivemq-dns-cluster-discovery" at /opt/hivemq/extensions/hivemq-dns-cluster-discovery
2025-01-27 17:07:18,176 INFO c.h.h.t.HelmChartContainer - [test-hivemq-platform] [hivemq] [0ce83a88] INFO  - Using TCP cluster transport on address 10.42.0.8 and port 7000
2025-01-27 17:07:18,269 INFO c.h.h.t.HelmChartContainer - [test-hivemq-platform] [hivemq] [0ce83a88] INFO  - Using extension cluster discovery
2025-01-27 17:07:18,414 INFO c.h.h.t.HelmChartContainer - [test-hivemq-platform] [hivemq] [0ce83a88] INFO  - Extension "DNS Cluster Discovery Extension" version 4.3.2 started successfully.
2025-01-27 17:07:18,415 INFO c.h.h.t.HelmChartContainer - [test-hivemq-platform] [hivemq] [0ce83a88] INFO  - Starting extension with id "hivemq-prometheus-extension" at /opt/hivemq/extensions/hivemq-prometheus-extension
2025-01-27 17:07:19,373 INFO c.h.h.t.HelmChartContainer - [test-hivemq-platform] [hivemq] [0ce83a88] INFO  - Started Jetty Server exposing Prometheus Servlet on URI http://0.0.0.0:9399/
2025-01-27 17:07:19,374 INFO c.h.h.t.HelmChartContainer - [test-hivemq-platform] [hivemq] [0ce83a88] INFO  - Extension "Prometheus Monitoring Extension" version 4.0.12 started successfully.
2025-01-27 17:07:19,412 INFO c.h.h.t.HelmChartContainer - [test-hivemq-platform] [hivemq] [0ce83a88] INFO  - Starting extension with id "hivemq-allow-all-extension" at /opt/hivemq/extensions/hivemq-allow-all-extension
2025-01-27 17:07:19,412 INFO c.h.h.t.HelmChartContainer - [test-hivemq-platform] [hivemq] [0ce83a88] WARN  - 
2025-01-27 17:07:19,412 INFO c.h.h.t.HelmChartContainer - [test-hivemq-platform] [hivemq] [0ce83a88] ################################################################################################################
2025-01-27 17:07:19,412 INFO c.h.h.t.HelmChartContainer - [test-hivemq-platform] [hivemq] [0ce83a88] # This HiveMQ deployment is not secure! You are lacking Authentication and Authorization.                      #
2025-01-27 17:07:19,412 INFO c.h.h.t.HelmChartContainer - [test-hivemq-platform] [hivemq] [0ce83a88] # Right now any MQTT client can connect to the broker with a full set of permissions.                          #
2025-01-27 17:07:19,412 INFO c.h.h.t.HelmChartContainer - [test-hivemq-platform] [hivemq] [0ce83a88] # For production usage, add an appropriate security extension and remove the hivemq-allow-all extension.       #
2025-01-27 17:07:19,412 INFO c.h.h.t.HelmChartContainer - [test-hivemq-platform] [hivemq] [0ce83a88] # You can download security extensions from the HiveMQ Marketplace (https://www.hivemq.com/extensions/).       #
2025-01-27 17:07:19,412 INFO c.h.h.t.HelmChartContainer - [test-hivemq-platform] [hivemq] [0ce83a88] ################################################################################################################
2025-01-27 17:07:19,412 INFO c.h.h.t.HelmChartContainer - [test-hivemq-platform] [hivemq] [0ce83a88] INFO  - Extension "Allow All Extension" version 1.1.0 started successfully.
2025-01-27 17:07:20,212 INFO c.h.h.t.HelmChartContainer - [hivemq-test-hivemq-platform] [hivemq-platform-operator] [e0d4622e] 17:07:20.208 [pool-6-thread-33] DEBUG c.h.p.o.d.PlatformServiceResource - [helmcust] Desired Platform services (3 services)
2025-01-27 17:07:20,212 INFO c.h.h.t.HelmChartContainer - [hivemq-test-hivemq-platform] [hivemq-platform-operator] [e0d4622e] 17:07:20.209 [pool-6-thread-36] DEBUG c.h.p.o.dependants.PodInfoConfigMap - [helmcust] Desired PodInfo ConfigMap (1 extensions) (1 enabled)
2025-01-27 17:07:20,212 INFO c.h.h.t.HelmChartContainer - [hivemq-test-hivemq-platform] [hivemq-platform-operator] [e0d4622e] 17:07:20.209 [pool-6-thread-36] DEBUG c.h.p.o.dependants.PodInfoConfigMap - [helmcust] Desired PodInfo ConfigMap (metrics port: 9399) (metrics path: /)
2025-01-27 17:07:20,212 INFO c.h.h.t.HelmChartContainer - [hivemq-test-hivemq-platform] [hivemq-platform-operator] [e0d4622e] 17:07:20.209 [pool-6-thread-36] DEBUG c.h.p.o.dependants.PodInfoConfigMap - [helmcust] Desired PodInfo ConfigMap (extension state hash: -1817474005)
2025-01-27 17:07:20,212 INFO c.h.h.t.HelmChartContainer - [hivemq-test-hivemq-platform] [hivemq-platform-operator] [e0d4622e] 17:07:20.209 [pool-6-thread-34] DEBUG c.h.p.o.d.PodServiceAccountResource - [helmcust] Desired PodServiceAccountResource (serviceAccountName: hivemq-platform-pod-test-hivemq-platform)
2025-01-27 17:07:20,216 INFO c.h.h.t.HelmChartContainer - [hivemq-test-hivemq-platform] [hivemq-platform-operator] [e0d4622e] 17:07:20.215 [pool-6-thread-33] DEBUG c.h.p.o.d.StatefulSetResource - [helmcust] Desired StatefulSet (2 replicas) for status STARTING (READY)
2025-01-27 17:07:20,221 INFO c.h.h.t.HelmChartContainer - [hivemq-test-hivemq-platform] [hivemq-platform-operator] [e0d4622e] 17:07:20.219 [ReconcilerExecutor-hivemq-controller-111] INFO  c.h.p.o.HiveMQPlatformReconciler - [helmcust] Reconciling HiveMQ Platform 'test-hivemq-platform' in namespace 'helmcustomconfigit'
2025-01-27 17:07:20,222 INFO c.h.h.t.HelmChartContainer - [hivemq-test-hivemq-platform] [hivemq-platform-operator] [e0d4622e] 17:07:20.219 [ReconcilerExecutor-hivemq-controller-111] DEBUG c.h.p.o.HiveMQPlatformReconciler - [helmcust] Custom Resource Status STARTING - HiveMQ Platform is starting (READY)
2025-01-27 17:07:20,223 INFO c.h.h.t.HelmChartContainer - [hivemq-test-hivemq-platform] [hivemq-platform-operator] [e0d4622e] 17:07:20.220 [ReconcilerExecutor-hivemq-controller-111] DEBUG c.h.p.o.HiveMQPlatformReconciler - [helmcust] Custom Resource Spec (replicas: 2) (extensions: 1)
2025-01-27 17:07:20,223 INFO c.h.h.t.HelmChartContainer - [hivemq-test-hivemq-platform] [hivemq-platform-operator] [e0d4622e] 17:07:20.222 [ReconcilerExecutor-hivemq-controller-111] DEBUG c.h.p.o.HiveMQPlatformReconciler - [helmcust] StatefulSet Status (revision: test-hivemq-platform-74b9d5c7d6, replicas: 1, available: 0, ready: 0, current: 1, updated: 1)
2025-01-27 17:07:20,223 INFO c.h.h.t.HelmChartContainer - [hivemq-test-hivemq-platform] [hivemq-platform-operator] [e0d4622e] 17:07:20.222 [ReconcilerExecutor-hivemq-controller-111] DEBUG c.h.p.o.HiveMQPlatformReconciler - [helmcust] StatefulSet Spec (replicas: 2, init containers: 1, containers: 1, volumes: 3)
2025-01-27 17:07:20,225 INFO c.h.h.t.HelmChartContainer - [hivemq-test-hivemq-platform] [hivemq-platform-operator] [e0d4622e] 17:07:20.224 [ReconcilerExecutor-hivemq-controller-111] DEBUG c.h.p.o.h.HiveMQPlatformReconcilerErrorHandler - [helmcust] Pod 'test-hivemq-platform-0' phase Running
2025-01-27 17:07:20,225 INFO c.h.h.t.HelmChartContainer - [hivemq-test-hivemq-platform] [hivemq-platform-operator] [e0d4622e] 17:07:20.225 [ReconcilerExecutor-hivemq-controller-111] INFO  c.h.p.o.h.HiveMQPlatformReconcilerBaseHandler - [helmcust] HiveMQ Platform is starting, 0 of 2 replicas are ready
2025-01-27 17:07:20,574 INFO c.h.h.t.HelmChartContainer - [test-hivemq-platform] [hivemq] [0ce83a88] INFO  - [HiveMQ Platform Operator Init App 1.7.0-SNAPSHOT] Returning Health API response 503 for readiness
2025-01-27 17:07:20,578 INFO c.h.h.t.HelmChartContainer - [EVENT] Warning [Unhealthy] Readiness probe failed: HTTP probe failed with statuscode: 503 [helmcustomconfigit:test-hivemq-platform-0]
2025-01-27 17:07:20,578 INFO c.h.h.t.HelmChartContainer - Received Unhealthy event for container hivemq in pod test-hivemq-platform-0 [0ce83a88-a210-413d-9367-ba4db0cfae42]
2025-01-27 17:07:21,519 INFO c.h.h.t.HelmChartContainer - [test-hivemq-platform] [hivemq] [0ce83a88] INFO  - O7EDF: no members discovered after 2803 ms: creating cluster as first member
2025-01-27 17:07:21,524 INFO c.h.h.t.HelmChartContainer - [test-hivemq-platform] [hivemq] [0ce83a88] INFO  - Cluster nodes found by discovery: [O7EDF|0] (1) [O7EDF].
2025-01-27 17:07:21,543 INFO c.h.h.t.HelmChartContainer - [test-hivemq-platform] [hivemq] [0ce83a88] INFO  - No user for HiveMQ Control Center configured. Starting with default user
2025-01-27 17:07:21,543 INFO c.h.h.t.HelmChartContainer - [test-hivemq-platform] [hivemq] [0ce83a88] INFO  - Starting HiveMQ Control Center on address 0.0.0.0 and port 8080
2025-01-27 17:07:21,612 INFO c.h.h.t.HelmChartContainer - [test-hivemq-platform] [hivemq] [0ce83a88] INFO  - Mounting HiveMQ Control Center V2 Preview
2025-01-27 17:07:22,313 INFO c.h.h.t.HelmChartContainer - [test-hivemq-platform] [hivemq] [0ce83a88] INFO  - Started HiveMQ Control Center in 770ms
2025-01-27 17:07:22,330 INFO c.h.h.t.HelmChartContainer - [test-hivemq-platform] [hivemq] [0ce83a88] INFO  - Starting TCP listener on address 0.0.0.0 and port 1883
2025-01-27 17:07:22,422 INFO c.h.h.t.HelmChartContainer - [test-hivemq-platform] [hivemq] [0ce83a88] INFO  - Started TCP Listener on address 0.0.0.0 and on port 1883.
2025-01-27 17:07:22,422 INFO c.h.h.t.HelmChartContainer - [test-hivemq-platform] [hivemq] [0ce83a88] INFO  - Started HiveMQ in 32541ms
2025-01-27 17:07:25,083 INFO c.h.h.t.HelmChartContainer - [test-hivemq-platform] [hivemq] [0ce83a88] INFO  - [HiveMQ Platform Operator Init App 1.7.0-SNAPSHOT] Returning Health API response 200 for readiness
2025-01-27 17:07:25,096 INFO c.h.h.t.HelmChartContainer - [POD] test-hivemq-platform-0 [0ce83a88-a210-413d-9367-ba4db0cfae42] in helmcustomconfigit was MODIFIED
2025-01-27 17:07:25,108 INFO c.h.h.t.HelmChartContainer - [hivemq-test-hivemq-platform] [hivemq-platform-operator] [e0d4622e] 17:07:25.102 [pool-6-thread-45] DEBUG c.h.p.o.d.PlatformServiceResource - [helmcust] Desired Platform services (3 services)
2025-01-27 17:07:25,111 INFO c.h.h.t.HelmChartContainer - [hivemq-test-hivemq-platform] [hivemq-platform-operator] [e0d4622e] 17:07:25.103 [pool-6-thread-47] DEBUG c.h.p.o.dependants.PodInfoConfigMap - [helmcust] Desired PodInfo ConfigMap (1 extensions) (1 enabled)
2025-01-27 17:07:25,113 INFO c.h.h.t.HelmChartContainer - [hivemq-test-hivemq-platform] [hivemq-platform-operator] [e0d4622e] 17:07:25.103 [pool-6-thread-47] DEBUG c.h.p.o.dependants.PodInfoConfigMap - [helmcust] Desired PodInfo ConfigMap (metrics port: 9399) (metrics path: /)
2025-01-27 17:07:25,113 INFO c.h.h.t.HelmChartContainer - [hivemq-test-hivemq-platform] [hivemq-platform-operator] [e0d4622e] 17:07:25.103 [pool-6-thread-47] DEBUG c.h.p.o.dependants.PodInfoConfigMap - [helmcust] Desired PodInfo ConfigMap (extension state hash: -1817474005)
2025-01-27 17:07:25,113 INFO c.h.h.t.HelmChartContainer - [hivemq-test-hivemq-platform] [hivemq-platform-operator] [e0d4622e] 17:07:25.104 [pool-6-thread-47] DEBUG c.h.p.o.d.PodServiceAccountResource - [helmcust] Desired PodServiceAccountResource (serviceAccountName: hivemq-platform-pod-test-hivemq-platform)
2025-01-27 17:07:25,122 INFO c.h.h.t.HelmChartContainer - [hivemq-test-hivemq-platform] [hivemq-platform-operator] [e0d4622e] 17:07:25.119 [pool-6-thread-47] DEBUG c.h.p.o.d.StatefulSetResource - [helmcust] Desired StatefulSet (2 replicas) for status STARTING (READY)
2025-01-27 17:07:25,123 INFO c.h.h.t.HelmChartContainer - [POD] test-hivemq-platform-1 [c3c611ca-8362-4a2f-bb4b-b58edae7958a] in helmcustomconfigit was ADDED
2025-01-27 17:07:25,126 INFO c.h.h.t.HelmChartContainer - [EVENT] Normal [SuccessfulCreate] create Pod test-hivemq-platform-1 in StatefulSet test-hivemq-platform successful [helmcustomconfigit:test-hivemq-platform]
2025-01-27 17:07:25,146 INFO c.h.h.t.HelmChartContainer - [POD] test-hivemq-platform-1 [c3c611ca-8362-4a2f-bb4b-b58edae7958a] in helmcustomconfigit was MODIFIED
2025-01-27 17:07:25,149 INFO c.h.h.t.HelmChartContainer - [EVENT] Normal [Scheduled] Successfully assigned helmcustomconfigit/test-hivemq-platform-1 to 1bf1de2df7a7 [helmcustomconfigit:test-hivemq-platform-1]
2025-01-27 17:07:25,154 INFO c.h.h.t.HelmChartContainer - [POD] test-hivemq-platform-1 [c3c611ca-8362-4a2f-bb4b-b58edae7958a] in helmcustomconfigit was MODIFIED
2025-01-27 17:07:25,203 INFO c.h.h.t.HelmChartContainer - [hivemq-test-hivemq-platform] [hivemq-platform-operator] [e0d4622e] 17:07:25.200 [ReconcilerExecutor-hivemq-controller-112] INFO  c.h.p.o.HiveMQPlatformReconciler - [helmcust] Reconciling HiveMQ Platform 'test-hivemq-platform' in namespace 'helmcustomconfigit'
2025-01-27 17:07:25,203 INFO c.h.h.t.HelmChartContainer - [hivemq-test-hivemq-platform] [hivemq-platform-operator] [e0d4622e] 17:07:25.200 [ReconcilerExecutor-hivemq-controller-112] DEBUG c.h.p.o.HiveMQPlatformReconciler - [helmcust] Custom Resource Status STARTING - HiveMQ Platform is starting (READY)
2025-01-27 17:07:25,203 INFO c.h.h.t.HelmChartContainer - [hivemq-test-hivemq-platform] [hivemq-platform-operator] [e0d4622e] 17:07:25.200 [ReconcilerExecutor-hivemq-controller-112] DEBUG c.h.p.o.HiveMQPlatformReconciler - [helmcust] Custom Resource Spec (replicas: 2) (extensions: 1)
2025-01-27 17:07:25,206 INFO c.h.h.t.HelmChartContainer - [hivemq-test-hivemq-platform] [hivemq-platform-operator] [e0d4622e] 17:07:25.202 [ReconcilerExecutor-hivemq-controller-112] DEBUG c.h.p.o.HiveMQPlatformReconciler - [helmcust] StatefulSet Status (revision: test-hivemq-platform-74b9d5c7d6, replicas: 1, available: 0, ready: 0, current: 1, updated: 1)
2025-01-27 17:07:25,206 INFO c.h.h.t.HelmChartContainer - [hivemq-test-hivemq-platform] [hivemq-platform-operator] [e0d4622e] 17:07:25.202 [ReconcilerExecutor-hivemq-controller-112] DEBUG c.h.p.o.HiveMQPlatformReconciler - [helmcust] StatefulSet Spec (replicas: 2, init containers: 1, containers: 1, volumes: 3)
2025-01-27 17:07:25,206 INFO c.h.h.t.HelmChartContainer - [hivemq-test-hivemq-platform] [hivemq-platform-operator] [e0d4622e] 17:07:25.203 [ReconcilerExecutor-hivemq-controller-112] DEBUG c.h.p.o.h.HiveMQPlatformReconcilerErrorHandler - [helmcust] Pod 'test-hivemq-platform-1' phase Pending
2025-01-27 17:07:25,206 INFO c.h.h.t.HelmChartContainer - [hivemq-test-hivemq-platform] [hivemq-platform-operator] [e0d4622e] 17:07:25.205 [ReconcilerExecutor-hivemq-controller-112] DEBUG c.h.p.o.h.HiveMQPlatformReconcilerErrorHandler - [helmcust] Pod 'test-hivemq-platform-0' phase Running
2025-01-27 17:07:25,208 INFO c.h.h.t.HelmChartContainer - [hivemq-test-hivemq-platform] [hivemq-platform-operator] [e0d4622e] 17:07:25.205 [ReconcilerExecutor-hivemq-controller-112] INFO  c.h.p.o.h.HiveMQPlatformReconcilerBaseHandler - [helmcust] HiveMQ Platform is starting, 0 of 2 replicas are ready
2025-01-27 17:07:25,214 INFO c.h.h.t.HelmChartContainer - [hivemq-test-hivemq-platform] [hivemq-platform-operator] [e0d4622e] 17:07:25.211 [pool-6-thread-3] DEBUG c.h.p.o.d.PlatformServiceResource - [helmcust] Desired Platform services (3 services)
2025-01-27 17:07:25,215 INFO c.h.h.t.HelmChartContainer - [hivemq-test-hivemq-platform] [hivemq-platform-operator] [e0d4622e] 17:07:25.214 [pool-6-thread-4] DEBUG c.h.p.o.dependants.PodInfoConfigMap - [helmcust] Desired PodInfo ConfigMap (1 extensions) (1 enabled)
2025-01-27 17:07:25,218 INFO c.h.h.t.HelmChartContainer - [hivemq-test-hivemq-platform] [hivemq-platform-operator] [e0d4622e] 17:07:25.217 [pool-6-thread-4] DEBUG c.h.p.o.dependants.PodInfoConfigMap - [helmcust] Desired PodInfo ConfigMap (metrics port: 9399) (metrics path: /)
2025-01-27 17:07:25,218 INFO c.h.h.t.HelmChartContainer - [hivemq-test-hivemq-platform] [hivemq-platform-operator] [e0d4622e] 17:07:25.217 [pool-6-thread-4] DEBUG c.h.p.o.dependants.PodInfoConfigMap - [helmcust] Desired PodInfo ConfigMap (extension state hash: -1817474005)
2025-01-27 17:07:25,219 INFO c.h.h.t.HelmChartContainer - [hivemq-test-hivemq-platform] [hivemq-platform-operator] [e0d4622e] 17:07:25.219 [pool-6-thread-4] DEBUG c.h.p.o.d.StatefulSetResource - [helmcust] Desired StatefulSet (2 replicas) for status STARTING (READY)
2025-01-27 17:07:25,279 INFO c.h.h.t.HelmChartContainer - [K3S] [reconciler_common.go:251] "operationExecutor.VerifyControllerAttachedVolume started for volume \"operator-init\" (UniqueName: \"kubernetes.io/empty-dir/c3c611ca-8362-4a2f-bb4b-b58edae7958a-operator-init\") pod \"test-hivemq-platform-1\" (UID: \"c3c611ca-8362-4a2f-bb4b-b58edae7958a\") " pod="helmcustomconfigit/test-hivemq-platform-1"
2025-01-27 17:07:25,279 INFO c.h.h.t.HelmChartContainer - [K3S] [reconciler_common.go:251] "operationExecutor.VerifyControllerAttachedVolume started for volume \"kube-api-access-7gg8n\" (UniqueName: \"kubernetes.io/projected/c3c611ca-8362-4a2f-bb4b-b58edae7958a-kube-api-access-7gg8n\") pod \"test-hivemq-platform-1\" (UID: \"c3c611ca-8362-4a2f-bb4b-b58edae7958a\") " pod="helmcustomconfigit/test-hivemq-platform-1"
2025-01-27 17:07:25,280 INFO c.h.h.t.HelmChartContainer - [K3S] [reconciler_common.go:251] "operationExecutor.VerifyControllerAttachedVolume started for volume \"pod-info\" (UniqueName: \"kubernetes.io/configmap/c3c611ca-8362-4a2f-bb4b-b58edae7958a-pod-info\") pod \"test-hivemq-platform-1\" (UID: \"c3c611ca-8362-4a2f-bb4b-b58edae7958a\") " pod="helmcustomconfigit/test-hivemq-platform-1"
2025-01-27 17:07:25,280 INFO c.h.h.t.HelmChartContainer - [K3S] [reconciler_common.go:251] "operationExecutor.VerifyControllerAttachedVolume started for volume \"broker-configuration\" (UniqueName: \"kubernetes.io/configmap/c3c611ca-8362-4a2f-bb4b-b58edae7958a-broker-configuration\") pod \"test-hivemq-platform-1\" (UID: \"c3c611ca-8362-4a2f-bb4b-b58edae7958a\") " pod="helmcustomconfigit/test-hivemq-platform-1"
2025-01-27 17:07:25,300 INFO c.h.h.t.HelmChartContainer - [hivemq-test-hivemq-platform] [hivemq-platform-operator] [e0d4622e] 17:07:25.216 [pool-6-thread-2] DEBUG c.h.p.o.d.PodServiceAccountResource - [helmcust] Desired PodServiceAccountResource (serviceAccountName: hivemq-platform-pod-test-hivemq-platform)
2025-01-27 17:07:25,303 INFO c.h.h.t.HelmChartContainer - [hivemq-test-hivemq-platform] [hivemq-platform-operator] [e0d4622e] 17:07:25.302 [ReconcilerExecutor-hivemq-controller-113] INFO  c.h.p.o.HiveMQPlatformReconciler - [helmcust] Reconciling HiveMQ Platform 'test-hivemq-platform' in namespace 'helmcustomconfigit'
2025-01-27 17:07:25,303 INFO c.h.h.t.HelmChartContainer - [hivemq-test-hivemq-platform] [hivemq-platform-operator] [e0d4622e] 17:07:25.302 [ReconcilerExecutor-hivemq-controller-113] DEBUG c.h.p.o.HiveMQPlatformReconciler - [helmcust] Custom Resource Status STARTING - HiveMQ Platform is starting (READY)
2025-01-27 17:07:25,303 INFO c.h.h.t.HelmChartContainer - [hivemq-test-hivemq-platform] [hivemq-platform-operator] [e0d4622e] 17:07:25.302 [ReconcilerExecutor-hivemq-controller-113] DEBUG c.h.p.o.HiveMQPlatformReconciler - [helmcust] Custom Resource Spec (replicas: 2) (extensions: 1)
2025-01-27 17:07:25,304 INFO c.h.h.t.HelmChartContainer - [hivemq-test-hivemq-platform] [hivemq-platform-operator] [e0d4622e] 17:07:25.304 [ReconcilerExecutor-hivemq-controller-113] DEBUG c.h.p.o.HiveMQPlatformReconciler - [helmcust] StatefulSet Status (revision: test-hivemq-platform-74b9d5c7d6, replicas: 2, available: 1, ready: 1, current: 2, updated: 2)
2025-01-27 17:07:25,304 INFO c.h.h.t.HelmChartContainer - [hivemq-test-hivemq-platform] [hivemq-platform-operator] [e0d4622e] 17:07:25.304 [ReconcilerExecutor-hivemq-controller-113] DEBUG c.h.p.o.HiveMQPlatformReconciler - [helmcust] StatefulSet Spec (replicas: 2, init containers: 1, containers: 1, volumes: 3)
2025-01-27 17:07:25,307 INFO c.h.h.t.HelmChartContainer - [hivemq-test-hivemq-platform] [hivemq-platform-operator] [e0d4622e] 17:07:25.305 [ReconcilerExecutor-hivemq-controller-113] DEBUG c.h.p.o.h.HiveMQPlatformReconcilerErrorHandler - [helmcust] Pod 'test-hivemq-platform-1' phase Pending
2025-01-27 17:07:25,307 INFO c.h.h.t.HelmChartContainer - [hivemq-test-hivemq-platform] [hivemq-platform-operator] [e0d4622e] 17:07:25.305 [ReconcilerExecutor-hivemq-controller-113] DEBUG c.h.p.o.h.HiveMQPlatformReconcilerErrorHandler - [helmcust] Pod 'test-hivemq-platform-1' condition 'PodReadyToStartContainers': False
2025-01-27 17:07:25,307 INFO c.h.h.t.HelmChartContainer - [hivemq-test-hivemq-platform] [hivemq-platform-operator] [e0d4622e] 17:07:25.305 [ReconcilerExecutor-hivemq-controller-113] DEBUG c.h.p.o.h.HiveMQPlatformReconcilerErrorHandler - [helmcust] Pod 'test-hivemq-platform-1' condition 'Initialized': False
2025-01-27 17:07:25,308 INFO c.h.h.t.HelmChartContainer - [hivemq-test-hivemq-platform] [hivemq-platform-operator] [e0d4622e] 17:07:25.305 [ReconcilerExecutor-hivemq-controller-113] DEBUG c.h.p.o.h.HiveMQPlatformReconcilerErrorHandler - [helmcust] Pod 'test-hivemq-platform-1' condition 'Ready': False
2025-01-27 17:07:25,308 INFO c.h.h.t.HelmChartContainer - [hivemq-test-hivemq-platform] [hivemq-platform-operator] [e0d4622e] 17:07:25.305 [ReconcilerExecutor-hivemq-controller-113] DEBUG c.h.p.o.h.HiveMQPlatformReconcilerErrorHandler - [helmcust] Pod 'test-hivemq-platform-1' condition 'ContainersReady': False
2025-01-27 17:07:25,308 INFO c.h.h.t.HelmChartContainer - [hivemq-test-hivemq-platform] [hivemq-platform-operator] [e0d4622e] 17:07:25.305 [ReconcilerExecutor-hivemq-controller-113] DEBUG c.h.p.o.h.HiveMQPlatformReconcilerErrorHandler - [helmcust] Pod 'test-hivemq-platform-1' condition 'PodScheduled': True
2025-01-27 17:07:25,308 INFO c.h.h.t.HelmChartContainer - [hivemq-test-hivemq-platform] [hivemq-platform-operator] [e0d4622e] 17:07:25.305 [ReconcilerExecutor-hivemq-controller-113] DEBUG c.h.p.o.h.HiveMQPlatformReconcilerErrorHandler - [helmcust] Pod 'test-hivemq-platform-1' containerStatus 'hivemq' (started: false) (ready: false) (waiting: [PodInitializing] null)
2025-01-27 17:07:25,308 INFO c.h.h.t.HelmChartContainer - [hivemq-test-hivemq-platform] [hivemq-platform-operator] [e0d4622e] 17:07:25.306 [ReconcilerExecutor-hivemq-controller-113] DEBUG c.h.p.o.h.HiveMQPlatformReconcilerErrorHandler - [helmcust] Pod 'test-hivemq-platform-0' phase Running
2025-01-27 17:07:25,308 INFO c.h.h.t.HelmChartContainer - [hivemq-test-hivemq-platform] [hivemq-platform-operator] [e0d4622e] 17:07:25.307 [ReconcilerExecutor-hivemq-controller-113] INFO  c.h.p.o.h.HiveMQPlatformReconcilerBaseHandler - [helmcust] HiveMQ Platform is starting, 1 of 2 replicas are ready
2025-01-27 17:07:25,312 INFO c.h.h.t.HelmChartContainer - [hivemq-test-hivemq-platform] [hivemq-platform-operator] [e0d4622e] 17:07:25.311 [pool-6-thread-18] DEBUG c.h.p.o.d.PlatformServiceResource - [helmcust] Desired Platform services (3 services)
2025-01-27 17:07:25,313 INFO c.h.h.t.HelmChartContainer - [hivemq-test-hivemq-platform] [hivemq-platform-operator] [e0d4622e] 17:07:25.312 [pool-6-thread-11] DEBUG c.h.p.o.dependants.PodInfoConfigMap - [helmcust] Desired PodInfo ConfigMap (1 extensions) (1 enabled)
2025-01-27 17:07:25,313 INFO c.h.h.t.HelmChartContainer - [hivemq-test-hivemq-platform] [hivemq-platform-operator] [e0d4622e] 17:07:25.312 [pool-6-thread-11] DEBUG c.h.p.o.dependants.PodInfoConfigMap - [helmcust] Desired PodInfo ConfigMap (metrics port: 9399) (metrics path: /)
2025-01-27 17:07:25,313 INFO c.h.h.t.HelmChartContainer - [hivemq-test-hivemq-platform] [hivemq-platform-operator] [e0d4622e] 17:07:25.312 [pool-6-thread-11] DEBUG c.h.p.o.dependants.PodInfoConfigMap - [helmcust] Desired PodInfo ConfigMap (extension state hash: -1817474005)
2025-01-27 17:07:25,316 INFO c.h.h.t.HelmChartContainer - [hivemq-test-hivemq-platform] [hivemq-platform-operator] [e0d4622e] 17:07:25.315 [pool-6-thread-16] DEBUG c.h.p.o.d.PodServiceAccountResource - [helmcust] Desired PodServiceAccountResource (serviceAccountName: hivemq-platform-pod-test-hivemq-platform)
2025-01-27 17:07:25,403 INFO c.h.h.t.HelmChartContainer - [hivemq-test-hivemq-platform] [hivemq-platform-operator] [e0d4622e] 17:07:25.402 [pool-6-thread-18] DEBUG c.h.p.o.d.StatefulSetResource - [helmcust] Desired StatefulSet (2 replicas) for status STARTING (READY)
2025-01-27 17:07:25,407 INFO c.h.h.t.HelmChartContainer - [hivemq-test-hivemq-platform] [hivemq-platform-operator] [e0d4622e] 17:07:25.406 [ReconcilerExecutor-hivemq-controller-114] INFO  c.h.p.o.HiveMQPlatformReconciler - [helmcust] Reconciling HiveMQ Platform 'test-hivemq-platform' in namespace 'helmcustomconfigit'
2025-01-27 17:07:25,407 INFO c.h.h.t.HelmChartContainer - [hivemq-test-hivemq-platform] [hivemq-platform-operator] [e0d4622e] 17:07:25.406 [ReconcilerExecutor-hivemq-controller-114] DEBUG c.h.p.o.HiveMQPlatformReconciler - [helmcust] Custom Resource Status STARTING - HiveMQ Platform is starting (READY)
2025-01-27 17:07:25,407 INFO c.h.h.t.HelmChartContainer - [hivemq-test-hivemq-platform] [hivemq-platform-operator] [e0d4622e] 17:07:25.406 [ReconcilerExecutor-hivemq-controller-114] DEBUG c.h.p.o.HiveMQPlatformReconciler - [helmcust] Custom Resource Spec (replicas: 2) (extensions: 1)
2025-01-27 17:07:25,409 INFO c.h.h.t.HelmChartContainer - [hivemq-test-hivemq-platform] [hivemq-platform-operator] [e0d4622e] 17:07:25.408 [ReconcilerExecutor-hivemq-controller-114] DEBUG c.h.p.o.HiveMQPlatformReconciler - [helmcust] StatefulSet Status (revision: test-hivemq-platform-74b9d5c7d6, replicas: 2, available: 1, ready: 1, current: 2, updated: 2)
2025-01-27 17:07:25,409 INFO c.h.h.t.HelmChartContainer - [hivemq-test-hivemq-platform] [hivemq-platform-operator] [e0d4622e] 17:07:25.408 [ReconcilerExecutor-hivemq-controller-114] DEBUG c.h.p.o.HiveMQPlatformReconciler - [helmcust] StatefulSet Spec (replicas: 2, init containers: 1, containers: 1, volumes: 3)
2025-01-27 17:07:25,410 INFO c.h.h.t.HelmChartContainer - [hivemq-test-hivemq-platform] [hivemq-platform-operator] [e0d4622e] 17:07:25.409 [ReconcilerExecutor-hivemq-controller-114] DEBUG c.h.p.o.h.HiveMQPlatformReconcilerErrorHandler - [helmcust] Pod 'test-hivemq-platform-1' phase Pending
2025-01-27 17:07:25,411 INFO c.h.h.t.HelmChartContainer - [hivemq-test-hivemq-platform] [hivemq-platform-operator] [e0d4622e] 17:07:25.410 [ReconcilerExecutor-hivemq-controller-114] DEBUG c.h.p.o.h.HiveMQPlatformReconcilerErrorHandler - [helmcust] Pod 'test-hivemq-platform-1' condition 'PodReadyToStartContainers': False
2025-01-27 17:07:25,412 INFO c.h.h.t.HelmChartContainer - [hivemq-test-hivemq-platform] [hivemq-platform-operator] [e0d4622e] 17:07:25.410 [ReconcilerExecutor-hivemq-controller-114] DEBUG c.h.p.o.h.HiveMQPlatformReconcilerErrorHandler - [helmcust] Pod 'test-hivemq-platform-1' condition 'Initialized': False
2025-01-27 17:07:25,413 INFO c.h.h.t.HelmChartContainer - [hivemq-test-hivemq-platform] [hivemq-platform-operator] [e0d4622e] 17:07:25.410 [ReconcilerExecutor-hivemq-controller-114] DEBUG c.h.p.o.h.HiveMQPlatformReconcilerErrorHandler - [helmcust] Pod 'test-hivemq-platform-1' condition 'Ready': False
2025-01-27 17:07:25,413 INFO c.h.h.t.HelmChartContainer - [hivemq-test-hivemq-platform] [hivemq-platform-operator] [e0d4622e] 17:07:25.410 [ReconcilerExecutor-hivemq-controller-114] DEBUG c.h.p.o.h.HiveMQPlatformReconcilerErrorHandler - [helmcust] Pod 'test-hivemq-platform-1' condition 'ContainersReady': False
2025-01-27 17:07:25,413 INFO c.h.h.t.HelmChartContainer - [hivemq-test-hivemq-platform] [hivemq-platform-operator] [e0d4622e] 17:07:25.410 [ReconcilerExecutor-hivemq-controller-114] DEBUG c.h.p.o.h.HiveMQPlatformReconcilerErrorHandler - [helmcust] Pod 'test-hivemq-platform-1' condition 'PodScheduled': True
2025-01-27 17:07:25,413 INFO c.h.h.t.HelmChartContainer - [hivemq-test-hivemq-platform] [hivemq-platform-operator] [e0d4622e] 17:07:25.410 [ReconcilerExecutor-hivemq-controller-114] DEBUG c.h.p.o.h.HiveMQPlatformReconcilerErrorHandler - [helmcust] Pod 'test-hivemq-platform-1' containerStatus 'hivemq' (started: false) (ready: false) (waiting: [PodInitializing] null)
2025-01-27 17:07:25,413 INFO c.h.h.t.HelmChartContainer - [hivemq-test-hivemq-platform] [hivemq-platform-operator] [e0d4622e] 17:07:25.412 [ReconcilerExecutor-hivemq-controller-114] DEBUG c.h.p.o.h.HiveMQPlatformReconcilerErrorHandler - [helmcust] Pod 'test-hivemq-platform-0' phase Running
2025-01-27 17:07:25,413 INFO c.h.h.t.HelmChartContainer - [hivemq-test-hivemq-platform] [hivemq-platform-operator] [e0d4622e] 17:07:25.412 [ReconcilerExecutor-hivemq-controller-114] INFO  c.h.p.o.h.HiveMQPlatformReconcilerBaseHandler - [helmcust] HiveMQ Platform is starting, 1 of 2 replicas are ready
2025-01-27 17:07:25,531 INFO c.h.h.t.HelmChartContainer - [EVENT] Normal [Pulled] Container image "docker.io/hivemq/hivemq-platform-operator-init-test:snapshot" already present on machine [helmcustomconfigit:test-hivemq-platform-1]
2025-01-27 17:07:25,536 INFO c.h.h.t.HelmChartContainer - [EVENT] Normal [Created] Created container: hivemq-platform-operator-init [helmcustomconfigit:test-hivemq-platform-1]
2025-01-27 17:07:25,573 INFO c.h.h.t.HelmChartContainer - [EVENT] Normal [Started] Started container hivemq-platform-operator-init [helmcustomconfigit:test-hivemq-platform-1]
2025-01-27 17:07:25,603 INFO c.h.h.t.HelmChartContainer - [POD] test-hivemq-platform-1 [c3c611ca-8362-4a2f-bb4b-b58edae7958a] in helmcustomconfigit was MODIFIED
2025-01-27 17:07:25,616 INFO c.h.h.t.HelmChartContainer - [hivemq-test-hivemq-platform] [hivemq-platform-operator] [e0d4622e] 17:07:25.608 [pool-6-thread-27] DEBUG c.h.p.o.d.PlatformServiceResource - [helmcust] Desired Platform services (3 services)
2025-01-27 17:07:25,616 INFO c.h.h.t.HelmChartContainer - [hivemq-test-hivemq-platform] [hivemq-platform-operator] [e0d4622e] 17:07:25.612 [pool-6-thread-21] DEBUG c.h.p.o.dependants.PodInfoConfigMap - [helmcust] Desired PodInfo ConfigMap (1 extensions) (1 enabled)
2025-01-27 17:07:25,616 INFO c.h.h.t.HelmChartContainer - [hivemq-test-hivemq-platform] [hivemq-platform-operator] [e0d4622e] 17:07:25.612 [pool-6-thread-21] DEBUG c.h.p.o.dependants.PodInfoConfigMap - [helmcust] Desired PodInfo ConfigMap (metrics port: 9399) (metrics path: /)
2025-01-27 17:07:25,616 INFO c.h.h.t.HelmChartContainer - [hivemq-test-hivemq-platform] [hivemq-platform-operator] [e0d4622e] 17:07:25.612 [pool-6-thread-21] DEBUG c.h.p.o.dependants.PodInfoConfigMap - [helmcust] Desired PodInfo ConfigMap (extension state hash: -1817474005)
2025-01-27 17:07:25,622 INFO c.h.h.t.HelmChartContainer - [hivemq-test-hivemq-platform] [hivemq-platform-operator] [e0d4622e] 17:07:25.620 [pool-6-thread-27] DEBUG c.h.p.o.d.StatefulSetResource - [helmcust] Desired StatefulSet (2 replicas) for status STARTING (READY)
2025-01-27 17:07:25,624 INFO c.h.h.t.HelmChartContainer - [hivemq-test-hivemq-platform] [hivemq-platform-operator] [e0d4622e] 17:07:25.621 [pool-6-thread-21] DEBUG c.h.p.o.d.PodServiceAccountResource - [helmcust] Desired PodServiceAccountResource (serviceAccountName: hivemq-platform-pod-test-hivemq-platform)
2025-01-27 17:07:25,638 INFO c.h.h.t.HelmChartContainer - [hivemq-test-hivemq-platform] [hivemq-platform-operator] [e0d4622e] 17:07:25.636 [ReconcilerExecutor-hivemq-controller-115] INFO  c.h.p.o.HiveMQPlatformReconciler - [helmcust] Reconciling HiveMQ Platform 'test-hivemq-platform' in namespace 'helmcustomconfigit'
2025-01-27 17:07:25,638 INFO c.h.h.t.HelmChartContainer - [hivemq-test-hivemq-platform] [hivemq-platform-operator] [e0d4622e] 17:07:25.637 [ReconcilerExecutor-hivemq-controller-115] DEBUG c.h.p.o.HiveMQPlatformReconciler - [helmcust] Custom Resource Status STARTING - HiveMQ Platform is starting (READY)
2025-01-27 17:07:25,639 INFO c.h.h.t.HelmChartContainer - [hivemq-test-hivemq-platform] [hivemq-platform-operator] [e0d4622e] 17:07:25.637 [ReconcilerExecutor-hivemq-controller-115] DEBUG c.h.p.o.HiveMQPlatformReconciler - [helmcust] Custom Resource Spec (replicas: 2) (extensions: 1)
2025-01-27 17:07:25,700 INFO c.h.h.t.HelmChartContainer - [hivemq-test-hivemq-platform] [hivemq-platform-operator] [e0d4622e] 17:07:25.699 [ReconcilerExecutor-hivemq-controller-115] DEBUG c.h.p.o.HiveMQPlatformReconciler - [helmcust] StatefulSet Status (revision: test-hivemq-platform-74b9d5c7d6, replicas: 2, available: 1, ready: 1, current: 2, updated: 2)
2025-01-27 17:07:25,701 INFO c.h.h.t.HelmChartContainer - [hivemq-test-hivemq-platform] [hivemq-platform-operator] [e0d4622e] 17:07:25.699 [ReconcilerExecutor-hivemq-controller-115] DEBUG c.h.p.o.HiveMQPlatformReconciler - [helmcust] StatefulSet Spec (replicas: 2, init containers: 1, containers: 1, volumes: 3)
2025-01-27 17:07:25,703 INFO c.h.h.t.HelmChartContainer - [hivemq-test-hivemq-platform] [hivemq-platform-operator] [e0d4622e] 17:07:25.702 [ReconcilerExecutor-hivemq-controller-115] DEBUG c.h.p.o.h.HiveMQPlatformReconcilerErrorHandler - [helmcust] Pod 'test-hivemq-platform-1' phase Pending
2025-01-27 17:07:25,704 INFO c.h.h.t.HelmChartContainer - [hivemq-test-hivemq-platform] [hivemq-platform-operator] [e0d4622e] 17:07:25.702 [ReconcilerExecutor-hivemq-controller-115] DEBUG c.h.p.o.h.HiveMQPlatformReconcilerErrorHandler - [helmcust] Pod 'test-hivemq-platform-1' condition 'PodReadyToStartContainers': True
2025-01-27 17:07:25,704 INFO c.h.h.t.HelmChartContainer - [hivemq-test-hivemq-platform] [hivemq-platform-operator] [e0d4622e] 17:07:25.703 [ReconcilerExecutor-hivemq-controller-115] DEBUG c.h.p.o.h.HiveMQPlatformReconcilerErrorHandler - [helmcust] Pod 'test-hivemq-platform-1' condition 'Initialized': False
2025-01-27 17:07:25,704 INFO c.h.h.t.HelmChartContainer - [hivemq-test-hivemq-platform] [hivemq-platform-operator] [e0d4622e] 17:07:25.703 [ReconcilerExecutor-hivemq-controller-115] DEBUG c.h.p.o.h.HiveMQPlatformReconcilerErrorHandler - [helmcust] Pod 'test-hivemq-platform-1' condition 'Ready': False
2025-01-27 17:07:25,706 INFO c.h.h.t.HelmChartContainer - [hivemq-test-hivemq-platform] [hivemq-platform-operator] [e0d4622e] 17:07:25.703 [ReconcilerExecutor-hivemq-controller-115] DEBUG c.h.p.o.h.HiveMQPlatformReconcilerErrorHandler - [helmcust] Pod 'test-hivemq-platform-1' condition 'ContainersReady': False
2025-01-27 17:07:25,706 INFO c.h.h.t.HelmChartContainer - [hivemq-test-hivemq-platform] [hivemq-platform-operator] [e0d4622e] 17:07:25.704 [ReconcilerExecutor-hivemq-controller-115] DEBUG c.h.p.o.h.HiveMQPlatformReconcilerErrorHandler - [helmcust] Pod 'test-hivemq-platform-1' condition 'PodScheduled': True
2025-01-27 17:07:25,706 INFO c.h.h.t.HelmChartContainer - [hivemq-test-hivemq-platform] [hivemq-platform-operator] [e0d4622e] 17:07:25.704 [ReconcilerExecutor-hivemq-controller-115] DEBUG c.h.p.o.h.HiveMQPlatformReconcilerErrorHandler - [helmcust] Pod 'test-hivemq-platform-1' containerStatus 'hivemq' (started: false) (ready: false) (waiting: [PodInitializing] null)
2025-01-27 17:07:25,708 INFO c.h.h.t.HelmChartContainer - [hivemq-test-hivemq-platform] [hivemq-platform-operator] [e0d4622e] 17:07:25.706 [ReconcilerExecutor-hivemq-controller-115] DEBUG c.h.p.o.h.HiveMQPlatformReconcilerErrorHandler - [helmcust] Pod 'test-hivemq-platform-0' phase Running
2025-01-27 17:07:25,708 INFO c.h.h.t.HelmChartContainer - [hivemq-test-hivemq-platform] [hivemq-platform-operator] [e0d4622e] 17:07:25.707 [ReconcilerExecutor-hivemq-controller-115] INFO  c.h.p.o.h.HiveMQPlatformReconcilerBaseHandler - [helmcust] HiveMQ Platform is starting, 1 of 2 replicas are ready
2025-01-27 17:07:26,597 INFO c.h.h.t.HelmChartContainer - [EVENT] Normal [Pulled] Container image "docker.io/hivemq/hivemq4:4.35.0" already present on machine [helmcustomconfigit:test-hivemq-platform-1]
2025-01-27 17:07:26,597 INFO c.h.h.t.HelmChartContainer - Received Pulled event for container hivemq in pod test-hivemq-platform-1 [c3c611ca-8362-4a2f-bb4b-b58edae7958a]
2025-01-27 17:07:26,604 INFO c.h.h.t.HelmChartContainer - [POD] test-hivemq-platform-1 [c3c611ca-8362-4a2f-bb4b-b58edae7958a] in helmcustomconfigit was MODIFIED
2025-01-27 17:07:26,614 INFO c.h.h.t.HelmChartContainer - [hivemq-test-hivemq-platform] [hivemq-platform-operator] [e0d4622e] 17:07:26.608 [pool-6-thread-38] DEBUG c.h.p.o.d.PlatformServiceResource - [helmcust] Desired Platform services (3 services)
2025-01-27 17:07:26,617 INFO c.h.h.t.HelmChartContainer - [hivemq-test-hivemq-platform] [hivemq-platform-operator] [e0d4622e] 17:07:26.613 [pool-6-thread-31] DEBUG c.h.p.o.dependants.PodInfoConfigMap - [helmcust] Desired PodInfo ConfigMap (1 extensions) (1 enabled)
2025-01-27 17:07:26,617 INFO c.h.h.t.HelmChartContainer - [hivemq-test-hivemq-platform] [hivemq-platform-operator] [e0d4622e] 17:07:26.613 [pool-6-thread-31] DEBUG c.h.p.o.dependants.PodInfoConfigMap - [helmcust] Desired PodInfo ConfigMap (metrics port: 9399) (metrics path: /)
2025-01-27 17:07:26,617 INFO c.h.h.t.HelmChartContainer - [hivemq-test-hivemq-platform] [hivemq-platform-operator] [e0d4622e] 17:07:26.613 [pool-6-thread-31] DEBUG c.h.p.o.dependants.PodInfoConfigMap - [helmcust] Desired PodInfo ConfigMap (extension state hash: -1817474005)
2025-01-27 17:07:26,618 INFO c.h.h.t.HelmChartContainer - [EVENT] Normal [Created] Created container: hivemq [helmcustomconfigit:test-hivemq-platform-1]
2025-01-27 17:07:26,618 INFO c.h.h.t.HelmChartContainer - Received Created event for container hivemq in pod test-hivemq-platform-1 [c3c611ca-8362-4a2f-bb4b-b58edae7958a]
2025-01-27 17:07:26,621 INFO c.h.h.t.HelmChartContainer - [hivemq-test-hivemq-platform] [hivemq-platform-operator] [e0d4622e] 17:07:26.618 [pool-6-thread-34] DEBUG c.h.p.o.d.PodServiceAccountResource - [helmcust] Desired PodServiceAccountResource (serviceAccountName: hivemq-platform-pod-test-hivemq-platform)
2025-01-27 17:07:26,700 INFO c.h.h.t.HelmChartContainer - [hivemq-test-hivemq-platform] [hivemq-platform-operator] [e0d4622e] 17:07:26.630 [pool-6-thread-32] DEBUG c.h.p.o.d.StatefulSetResource - [helmcust] Desired StatefulSet (2 replicas) for status STARTING (READY)
2025-01-27 17:07:26,706 INFO c.h.h.t.HelmChartContainer - [hivemq-test-hivemq-platform] [hivemq-platform-operator] [e0d4622e] 17:07:26.704 [ReconcilerExecutor-hivemq-controller-116] INFO  c.h.p.o.HiveMQPlatformReconciler - [helmcust] Reconciling HiveMQ Platform 'test-hivemq-platform' in namespace 'helmcustomconfigit'
2025-01-27 17:07:26,707 INFO c.h.h.t.HelmChartContainer - [hivemq-test-hivemq-platform] [hivemq-platform-operator] [e0d4622e] 17:07:26.705 [ReconcilerExecutor-hivemq-controller-116] DEBUG c.h.p.o.HiveMQPlatformReconciler - [helmcust] Custom Resource Status STARTING - HiveMQ Platform is starting (READY)
2025-01-27 17:07:26,707 INFO c.h.h.t.HelmChartContainer - [hivemq-test-hivemq-platform] [hivemq-platform-operator] [e0d4622e] 17:07:26.705 [ReconcilerExecutor-hivemq-controller-116] DEBUG c.h.p.o.HiveMQPlatformReconciler - [helmcust] Custom Resource Spec (replicas: 2) (extensions: 1)
2025-01-27 17:07:26,712 INFO c.h.h.t.HelmChartContainer - [hivemq-test-hivemq-platform] [hivemq-platform-operator] [e0d4622e] 17:07:26.711 [ReconcilerExecutor-hivemq-controller-116] DEBUG c.h.p.o.HiveMQPlatformReconciler - [helmcust] StatefulSet Status (revision: test-hivemq-platform-74b9d5c7d6, replicas: 2, available: 1, ready: 1, current: 2, updated: 2)
2025-01-27 17:07:26,713 INFO c.h.h.t.HelmChartContainer - [hivemq-test-hivemq-platform] [hivemq-platform-operator] [e0d4622e] 17:07:26.711 [ReconcilerExecutor-hivemq-controller-116] DEBUG c.h.p.o.HiveMQPlatformReconciler - [helmcust] StatefulSet Spec (replicas: 2, init containers: 1, containers: 1, volumes: 3)
2025-01-27 17:07:26,719 INFO c.h.h.t.HelmChartContainer - [hivemq-test-hivemq-platform] [hivemq-platform-operator] [e0d4622e] 17:07:26.718 [ReconcilerExecutor-hivemq-controller-116] DEBUG c.h.p.o.h.HiveMQPlatformReconcilerErrorHandler - [helmcust] Pod 'test-hivemq-platform-1' phase Pending
2025-01-27 17:07:26,720 INFO c.h.h.t.HelmChartContainer - [hivemq-test-hivemq-platform] [hivemq-platform-operator] [e0d4622e] 17:07:26.718 [ReconcilerExecutor-hivemq-controller-116] DEBUG c.h.p.o.h.HiveMQPlatformReconcilerErrorHandler - [helmcust] Pod 'test-hivemq-platform-1' condition 'PodReadyToStartContainers': True
2025-01-27 17:07:26,721 INFO c.h.h.t.HelmChartContainer - [hivemq-test-hivemq-platform] [hivemq-platform-operator] [e0d4622e] 17:07:26.718 [ReconcilerExecutor-hivemq-controller-116] DEBUG c.h.p.o.h.HiveMQPlatformReconcilerErrorHandler - [helmcust] Pod 'test-hivemq-platform-1' condition 'Initialized': True
2025-01-27 17:07:26,723 INFO c.h.h.t.HelmChartContainer - [hivemq-test-hivemq-platform] [hivemq-platform-operator] [e0d4622e] 17:07:26.718 [ReconcilerExecutor-hivemq-controller-116] DEBUG c.h.p.o.h.HiveMQPlatformReconcilerErrorHandler - [helmcust] Pod 'test-hivemq-platform-1' condition 'Ready': False
2025-01-27 17:07:26,723 INFO c.h.h.t.HelmChartContainer - [hivemq-test-hivemq-platform] [hivemq-platform-operator] [e0d4622e] 17:07:26.718 [ReconcilerExecutor-hivemq-controller-116] DEBUG c.h.p.o.h.HiveMQPlatformReconcilerErrorHandler - [helmcust] Pod 'test-hivemq-platform-1' condition 'ContainersReady': False
2025-01-27 17:07:26,723 INFO c.h.h.t.HelmChartContainer - [hivemq-test-hivemq-platform] [hivemq-platform-operator] [e0d4622e] 17:07:26.718 [ReconcilerExecutor-hivemq-controller-116] DEBUG c.h.p.o.h.HiveMQPlatformReconcilerErrorHandler - [helmcust] Pod 'test-hivemq-platform-1' condition 'PodScheduled': True
2025-01-27 17:07:26,725 INFO c.h.h.t.HelmChartContainer - [hivemq-test-hivemq-platform] [hivemq-platform-operator] [e0d4622e] 17:07:26.718 [ReconcilerExecutor-hivemq-controller-116] DEBUG c.h.p.o.h.HiveMQPlatformReconcilerErrorHandler - [helmcust] Pod 'test-hivemq-platform-1' containerStatus 'hivemq' (started: false) (ready: false) (waiting: [PodInitializing] null)
2025-01-27 17:07:26,726 INFO c.h.h.t.HelmChartContainer - [hivemq-test-hivemq-platform] [hivemq-platform-operator] [e0d4622e] 17:07:26.720 [ReconcilerExecutor-hivemq-controller-116] DEBUG c.h.p.o.h.HiveMQPlatformReconcilerErrorHandler - [helmcust] Pod 'test-hivemq-platform-0' phase Running
2025-01-27 17:07:26,726 INFO c.h.h.t.HelmChartContainer - [hivemq-test-hivemq-platform] [hivemq-platform-operator] [e0d4622e] 17:07:26.722 [ReconcilerExecutor-hivemq-controller-116] INFO  c.h.p.o.h.HiveMQPlatformReconcilerBaseHandler - [helmcust] HiveMQ Platform is starting, 1 of 2 replicas are ready
2025-01-27 17:07:27,608 INFO c.h.h.t.HelmChartContainer - [POD] test-hivemq-platform-1 [c3c611ca-8362-4a2f-bb4b-b58edae7958a] in helmcustomconfigit was MODIFIED
2025-01-27 17:07:27,617 INFO c.h.h.t.HelmChartContainer - [hivemq-test-hivemq-platform] [hivemq-platform-operator] [e0d4622e] 17:07:27.612 [pool-6-thread-46] DEBUG c.h.p.o.d.PlatformServiceResource - [helmcust] Desired Platform services (3 services)
2025-01-27 17:07:27,617 INFO c.h.h.t.HelmChartContainer - [hivemq-test-hivemq-platform] [hivemq-platform-operator] [e0d4622e] 17:07:27.614 [pool-6-thread-43] DEBUG c.h.p.o.d.PodServiceAccountResource - [helmcust] Desired PodServiceAccountResource (serviceAccountName: hivemq-platform-pod-test-hivemq-platform)
2025-01-27 17:07:27,623 INFO c.h.h.t.HelmChartContainer - [hivemq-test-hivemq-platform] [hivemq-platform-operator] [e0d4622e] 17:07:27.617 [pool-6-thread-49] DEBUG c.h.p.o.dependants.PodInfoConfigMap - [helmcust] Desired PodInfo ConfigMap (1 extensions) (1 enabled)
2025-01-27 17:07:27,623 INFO c.h.h.t.HelmChartContainer - [hivemq-test-hivemq-platform] [hivemq-platform-operator] [e0d4622e] 17:07:27.617 [pool-6-thread-49] DEBUG c.h.p.o.dependants.PodInfoConfigMap - [helmcust] Desired PodInfo ConfigMap (metrics port: 9399) (metrics path: /)
2025-01-27 17:07:27,623 INFO c.h.h.t.HelmChartContainer - [hivemq-test-hivemq-platform] [hivemq-platform-operator] [e0d4622e] 17:07:27.618 [pool-6-thread-49] DEBUG c.h.p.o.dependants.PodInfoConfigMap - [helmcust] Desired PodInfo ConfigMap (extension state hash: -1817474005)
2025-01-27 17:07:27,623 INFO c.h.h.t.HelmChartContainer - [hivemq-test-hivemq-platform] [hivemq-platform-operator] [e0d4622e] 17:07:27.620 [pool-6-thread-49] DEBUG c.h.p.o.d.StatefulSetResource - [helmcust] Desired StatefulSet (2 replicas) for status STARTING (READY)
2025-01-27 17:07:27,624 INFO c.h.h.t.HelmChartContainer - Started log watcher for hivemq in pod test-hivemq-platform-1 [c3c611ca-8362-4a2f-bb4b-b58edae7958a]
2025-01-27 17:07:27,626 INFO c.h.h.t.HelmChartContainer - [EVENT] Normal [Started] Started container hivemq [helmcustomconfigit:test-hivemq-platform-1]
2025-01-27 17:07:27,626 INFO c.h.h.t.HelmChartContainer - Received Started event for container hivemq in pod test-hivemq-platform-1 [c3c611ca-8362-4a2f-bb4b-b58edae7958a]
2025-01-27 17:07:27,628 INFO c.h.h.t.HelmChartContainer - [test-hivemq-platform] [hivemq] [c3c611ca] Adding pre-installed HiveMQ Platform Operator extensions
2025-01-27 17:07:27,628 INFO c.h.h.t.HelmChartContainer - [test-hivemq-platform] [hivemq] [c3c611ca] Running as user 10000
2025-01-27 17:07:27,628 INFO c.h.h.t.HelmChartContainer - [test-hivemq-platform] [hivemq] [c3c611ca] Starting HiveMQ Platform Operator Init
2025-01-27 17:07:27,700 INFO c.h.h.t.HelmChartContainer - [hivemq-test-hivemq-platform] [hivemq-platform-operator] [e0d4622e] 17:07:27.698 [ReconcilerExecutor-hivemq-controller-117] INFO  c.h.p.o.HiveMQPlatformReconciler - [helmcust] Reconciling HiveMQ Platform 'test-hivemq-platform' in namespace 'helmcustomconfigit'
2025-01-27 17:07:27,700 INFO c.h.h.t.HelmChartContainer - [hivemq-test-hivemq-platform] [hivemq-platform-operator] [e0d4622e] 17:07:27.699 [ReconcilerExecutor-hivemq-controller-117] DEBUG c.h.p.o.HiveMQPlatformReconciler - [helmcust] Custom Resource Status STARTING - HiveMQ Platform is starting (READY)
2025-01-27 17:07:27,700 INFO c.h.h.t.HelmChartContainer - [hivemq-test-hivemq-platform] [hivemq-platform-operator] [e0d4622e] 17:07:27.699 [ReconcilerExecutor-hivemq-controller-117] DEBUG c.h.p.o.HiveMQPlatformReconciler - [helmcust] Custom Resource Spec (replicas: 2) (extensions: 1)
2025-01-27 17:07:27,702 INFO c.h.h.t.HelmChartContainer - [hivemq-test-hivemq-platform] [hivemq-platform-operator] [e0d4622e] 17:07:27.701 [ReconcilerExecutor-hivemq-controller-117] DEBUG c.h.p.o.HiveMQPlatformReconciler - [helmcust] StatefulSet Status (revision: test-hivemq-platform-74b9d5c7d6, replicas: 2, available: 1, ready: 1, current: 2, updated: 2)
2025-01-27 17:07:27,704 INFO c.h.h.t.HelmChartContainer - [hivemq-test-hivemq-platform] [hivemq-platform-operator] [e0d4622e] 17:07:27.701 [ReconcilerExecutor-hivemq-controller-117] DEBUG c.h.p.o.HiveMQPlatformReconciler - [helmcust] StatefulSet Spec (replicas: 2, init containers: 1, containers: 1, volumes: 3)
2025-01-27 17:07:27,705 INFO c.h.h.t.HelmChartContainer - [hivemq-test-hivemq-platform] [hivemq-platform-operator] [e0d4622e] 17:07:27.702 [ReconcilerExecutor-hivemq-controller-117] DEBUG c.h.p.o.h.HiveMQPlatformReconcilerErrorHandler - [helmcust] Pod 'test-hivemq-platform-1' phase Running
2025-01-27 17:07:27,705 INFO c.h.h.t.HelmChartContainer - [hivemq-test-hivemq-platform] [hivemq-platform-operator] [e0d4622e] 17:07:27.703 [ReconcilerExecutor-hivemq-controller-117] DEBUG c.h.p.o.h.HiveMQPlatformReconcilerErrorHandler - [helmcust] Pod 'test-hivemq-platform-0' phase Running
2025-01-27 17:07:27,706 INFO c.h.h.t.HelmChartContainer - [hivemq-test-hivemq-platform] [hivemq-platform-operator] [e0d4622e] 17:07:27.704 [ReconcilerExecutor-hivemq-controller-117] INFO  c.h.p.o.h.HiveMQPlatformReconcilerBaseHandler - [helmcust] HiveMQ Platform is starting, 1 of 2 replicas are ready
2025-01-27 17:07:27,868 INFO c.h.h.t.HelmChartContainer - [test-hivemq-platform] [hivemq] [c3c611ca] INFO  - [HiveMQ Platform Operator Init 1.7.0-SNAPSHOT] HiveMQ Platform Operator Init 1.7.0-SNAPSHOT (commit: bebf408 on branch: HEAD) built on Sun Jan 26 20:47:47 UTC 2025
2025-01-27 17:07:29,083 INFO c.h.h.t.HelmChartContainer - [test-hivemq-platform] [hivemq] [c3c611ca] INFO  - [HiveMQ Platform Operator Init App 1.7.0-SNAPSHOT] Using bind address 10.42.0.9 from environment variable
2025-01-27 17:07:29,978 INFO c.h.h.t.HelmChartContainer - [test-hivemq-platform] [hivemq] [c3c611ca] INFO  - [HiveMQ Platform Operator Init App 1.7.0-SNAPSHOT] HiveMQ Platform Operator Init App 1.7.0-SNAPSHOT (commit: bebf408 on branch: HEAD) built on Sun Jan 26 20:47:47 UTC 2025
2025-01-27 17:07:29,979 INFO c.h.h.t.HelmChartContainer - [test-hivemq-platform] [hivemq] [c3c611ca] INFO  - [HiveMQ Platform Operator Init App 1.7.0-SNAPSHOT] PodInfo ConfigMap directory: /etc/podinfo
2025-01-27 17:07:29,979 INFO c.h.h.t.HelmChartContainer - [test-hivemq-platform] [hivemq] [c3c611ca] INFO  - [HiveMQ Platform Operator Init App 1.7.0-SNAPSHOT] HiveMQ home directory: /opt/hivemq
2025-01-27 17:07:29,979 INFO c.h.h.t.HelmChartContainer - [test-hivemq-platform] [hivemq] [c3c611ca] INFO  - [HiveMQ Platform Operator Init App 1.7.0-SNAPSHOT] HiveMQ Logback folder: /opt/hivemq/conf
2025-01-27 17:07:29,979 INFO c.h.h.t.HelmChartContainer - [test-hivemq-platform] [hivemq] [c3c611ca] INFO  - [HiveMQ Platform Operator Init App 1.7.0-SNAPSHOT] HiveMQ Config folder: /opt/hivemq/conf-k8s
2025-01-27 17:07:29,979 INFO c.h.h.t.HelmChartContainer - [test-hivemq-platform] [hivemq] [c3c611ca] INFO  - [HiveMQ Platform Operator Init App 1.7.0-SNAPSHOT] Starting HiveMQ Platform Operator Init App
2025-01-27 17:07:29,980 INFO c.h.h.t.HelmChartContainer - [test-hivemq-platform] [hivemq] [c3c611ca] INFO  - [HiveMQ Platform Operator Init App 1.7.0-SNAPSHOT] Starting Pod reconciler
2025-01-27 17:07:31,265 INFO c.h.h.t.HelmChartContainer - [test-hivemq-platform] [hivemq] [c3c611ca] INFO  - [HiveMQ Platform Operator Init App 1.7.0-SNAPSHOT] Pod reconciler is scheduled (interval: 5000 ms)
2025-01-27 17:07:31,266 INFO c.h.h.t.HelmChartContainer - [test-hivemq-platform] [hivemq] [c3c611ca] INFO  - [HiveMQ Platform Operator Init App 1.7.0-SNAPSHOT] Starting the REST API on 10.42.0.9:7979
2025-01-27 17:07:31,269 INFO c.h.h.t.HelmChartContainer - [test-hivemq-platform] [hivemq] [c3c611ca] INFO  - [HiveMQ Platform Operator Init App 1.7.0-SNAPSHOT] Waiting up to 600s for at most 2 HiveMQ nodes in cluster service hivemq-test-hivemq-platform-cluster.helmcustomconfigit.svc
2025-01-27 17:07:31,660 INFO c.h.h.t.HelmChartContainer - [test-hivemq-platform] [hivemq] [c3c611ca] INFO  - [HiveMQ Platform Operator Init App 1.7.0-SNAPSHOT] Resolved 2 IP addresses: [10.42.0.8, 10.42.0.9]
2025-01-27 17:07:31,660 INFO c.h.h.t.HelmChartContainer - [test-hivemq-platform] [hivemq] [c3c611ca] INFO  - [HiveMQ Platform Operator Init App 1.7.0-SNAPSHOT] HiveMQ node count of 2 is within threshold of 2
2025-01-27 17:07:31,660 INFO c.h.h.t.HelmChartContainer - [test-hivemq-platform] [hivemq] [c3c611ca] INFO  - [HiveMQ Platform Operator Init App 1.7.0-SNAPSHOT] Proceeding with container start
2025-01-27 17:07:31,698 INFO c.h.h.t.HelmChartContainer - [test-hivemq-platform] [hivemq] [c3c611ca] INFO  - [HiveMQ Platform Operator Init App 1.7.0-SNAPSHOT] Initializing HiveMQ Platform extensions with initial configuration: {hivemq-allow-all-extension={start-priority=-1, skip-https-hostname-verification=false, restart=true, config-version=0, header-version=0, c-uri=, priority=-1, uri=preinstalled, skip-https-certificate-validation=false, enabled=true}, hivemq-prometheus-extension={enabled=true, request-header-path=no-request-headers, uri=preinstalled, skip-https-certificate-validation=false, skip-https-hostname-verification=false, c-uri=, start-priority=-1, priority=-1, restart=true}}
2025-01-27 17:07:32,168 INFO c.h.h.t.HelmChartContainer - [test-hivemq-platform] [hivemq] [c3c611ca] INFO  - [HiveMQ Platform Operator Init App 1.7.0-SNAPSHOT] Extension hivemq-allow-all-extension was already enabled
2025-01-27 17:07:32,241 INFO c.h.h.t.HelmChartContainer - [test-hivemq-platform] [hivemq] [c3c611ca] INFO  - [HiveMQ Platform Operator Init App 1.7.0-SNAPSHOT] Successfully enabled extension hivemq-prometheus-extension
2025-01-27 17:07:32,261 INFO c.h.h.t.HelmChartContainer - [test-hivemq-platform] [hivemq] [c3c611ca] INFO  - [HiveMQ Platform Operator Init App 1.7.0-SNAPSHOT] Starting HiveMQ Platform version 4.35.0 (4.35.0)
2025-01-27 17:07:32,261 INFO c.h.h.t.HelmChartContainer - [test-hivemq-platform] [hivemq] [c3c611ca] INFO  - [HiveMQ Platform Operator Init App 1.7.0-SNAPSHOT] Configuring the HiveMQ Platform
2025-01-27 17:07:32,273 INFO c.h.h.t.HelmChartContainer - [test-hivemq-platform] [hivemq] [c3c611ca] INFO  - [HiveMQ Platform Operator Init App 1.7.0-SNAPSHOT] Changed logback.xml file scan period to 20 seconds
2025-01-27 17:07:32,371 INFO c.h.h.t.HelmChartContainer - [test-hivemq-platform] [hivemq] [c3c611ca] INFO  - [HiveMQ Platform Operator Init App 1.7.0-SNAPSHOT] Starting the HiveMQ Platform
2025-01-27 17:07:32,374 INFO c.h.h.t.HelmChartContainer - [test-hivemq-platform] [hivemq] [c3c611ca] -------------------------------------------------------------------------
2025-01-27 17:07:32,375 INFO c.h.h.t.HelmChartContainer - [test-hivemq-platform] [hivemq] [c3c611ca] 
2025-01-27 17:07:32,375 INFO c.h.h.t.HelmChartContainer - [test-hivemq-platform] [hivemq] [c3c611ca]                   _    _  _              __  __   ____
2025-01-27 17:07:32,375 INFO c.h.h.t.HelmChartContainer - [test-hivemq-platform] [hivemq] [c3c611ca]                  | |  | |(_)            |  \/  | / __ \
2025-01-27 17:07:32,375 INFO c.h.h.t.HelmChartContainer - [test-hivemq-platform] [hivemq] [c3c611ca]                  | |__| | _ __   __ ___ | \  / || |  | |
2025-01-27 17:07:32,375 INFO c.h.h.t.HelmChartContainer - [test-hivemq-platform] [hivemq] [c3c611ca]                  |  __  || |\ \ / // _ \| |\/| || |  | |
2025-01-27 17:07:32,375 INFO c.h.h.t.HelmChartContainer - [test-hivemq-platform] [hivemq] [c3c611ca]                  | |  | || | \ V /|  __/| |  | || |__| |
2025-01-27 17:07:32,375 INFO c.h.h.t.HelmChartContainer - [test-hivemq-platform] [hivemq] [c3c611ca]                  |_|  |_||_|  \_/  \___||_|  |_| \___\_\
2025-01-27 17:07:32,375 INFO c.h.h.t.HelmChartContainer - [test-hivemq-platform] [hivemq] [c3c611ca] 
2025-01-27 17:07:32,375 INFO c.h.h.t.HelmChartContainer - [test-hivemq-platform] [hivemq] [c3c611ca] -------------------------------------------------------------------------
2025-01-27 17:07:32,375 INFO c.h.h.t.HelmChartContainer - [test-hivemq-platform] [hivemq] [c3c611ca] 
2025-01-27 17:07:32,375 INFO c.h.h.t.HelmChartContainer - [test-hivemq-platform] [hivemq] [c3c611ca]   HiveMQ Start Script for Linux/Unix v1.14
2025-01-27 17:07:32,375 INFO c.h.h.t.HelmChartContainer - [test-hivemq-platform] [hivemq] [c3c611ca] 
2025-01-27 17:07:32,481 INFO c.h.h.t.HelmChartContainer - [test-hivemq-platform] [hivemq] [c3c611ca] -------------------------------------------------------------------------
2025-01-27 17:07:32,481 INFO c.h.h.t.HelmChartContainer - [test-hivemq-platform] [hivemq] [c3c611ca] 
2025-01-27 17:07:32,481 INFO c.h.h.t.HelmChartContainer - [test-hivemq-platform] [hivemq] [c3c611ca]   HIVEMQ_HOME: /opt/hivemq
2025-01-27 17:07:32,482 INFO c.h.h.t.HelmChartContainer - [test-hivemq-platform] [hivemq] [c3c611ca] 
2025-01-27 17:07:32,482 INFO c.h.h.t.HelmChartContainer - [test-hivemq-platform] [hivemq] [c3c611ca]   JAVA_OPTS: -XX:+UnlockExperimentalVMOptions -XX:InitialRAMPercentage=50 -XX:MaxRAMPercentage=50 -Djava.net.preferIPv4Stack=true --add-opens java.base/java.lang=ALL-UNNAMED --add-opens java.base/java.nio=ALL-UNNAMED --add-opens java.base/sun.nio.ch=ALL-UNNAMED --add-opens jdk.management/com.sun.management.internal=ALL-UNNAMED --add-exports java.base/jdk.internal.misc=ALL-UNNAMED -Djava.security.egd=file:/dev/./urandom -Dcom.sun.management.jmxremote -Dcom.sun.management.jmxremote.port=9010 -Dcom.sun.management.jmxremote.local.only=false -Dcom.sun.management.jmxremote.authenticate=false -Dcom.sun.management.jmxremote.ssl=false -Duser.language=en -Duser.region=US -XX:+CrashOnOutOfMemoryError -XX:+HeapDumpOnOutOfMemoryError
2025-01-27 17:07:32,482 INFO c.h.h.t.HelmChartContainer - [test-hivemq-platform] [hivemq] [c3c611ca] 
2025-01-27 17:07:32,482 INFO c.h.h.t.HelmChartContainer - [test-hivemq-platform] [hivemq] [c3c611ca]   JAVA_VERSION: 21
2025-01-27 17:07:32,482 INFO c.h.h.t.HelmChartContainer - [test-hivemq-platform] [hivemq] [c3c611ca] 
2025-01-27 17:07:32,482 INFO c.h.h.t.HelmChartContainer - [test-hivemq-platform] [hivemq] [c3c611ca] -------------------------------------------------------------------------
2025-01-27 17:07:32,482 INFO c.h.h.t.HelmChartContainer - [test-hivemq-platform] [hivemq] [c3c611ca] 
2025-01-27 17:07:33,667 INFO c.h.h.t.HelmChartContainer - [test-hivemq-platform] [hivemq] [c3c611ca] INFO  - [HiveMQ Platform Operator Init App 1.7.0-SNAPSHOT] Returning default Health API response 503 for readiness
2025-01-27 17:07:34,073 INFO c.h.h.t.HelmChartContainer - [EVENT] Warning [Unhealthy] Readiness probe failed: HTTP probe failed with statuscode: 503 [helmcustomconfigit:test-hivemq-platform-1]
2025-01-27 17:07:34,073 INFO c.h.h.t.HelmChartContainer - Received Unhealthy event for container hivemq in pod test-hivemq-platform-1 [c3c611ca-8362-4a2f-bb4b-b58edae7958a]
2025-01-27 17:07:35,265 INFO c.h.h.t.HelmChartContainer - [test-hivemq-platform] [hivemq] [c3c611ca] INFO  - Starting HiveMQ Enterprise Server
2025-01-27 17:07:35,270 INFO c.h.h.t.HelmChartContainer - [test-hivemq-platform] [hivemq] [c3c611ca] INFO  - HiveMQ version: 4.35.0
2025-01-27 17:07:35,271 INFO c.h.h.t.HelmChartContainer - [test-hivemq-platform] [hivemq] [c3c611ca] INFO  - HiveMQ home directory: /opt/hivemq
2025-01-27 17:07:35,272 INFO c.h.h.t.HelmChartContainer - [test-hivemq-platform] [hivemq] [c3c611ca] INFO  - Log Configuration was overridden by /opt/hivemq/conf/logback.xml
2025-01-27 17:07:36,679 INFO c.h.h.t.HelmChartContainer - [test-hivemq-platform] [hivemq] [c3c611ca] INFO  - Successfully loaded configuration from '/opt/hivemq/conf-k8s/config.xml'.
2025-01-27 17:07:37,373 INFO c.h.h.t.HelmChartContainer - [test-hivemq-platform] [hivemq] [c3c611ca] INFO  - This node's ID is fDsKo
2025-01-27 17:07:37,461 INFO c.h.h.t.HelmChartContainer - [test-hivemq-platform] [hivemq] [c3c611ca] INFO  - Clustering is enabled
2025-01-27 17:07:37,710 INFO c.h.h.t.HelmChartContainer - [hivemq-test-hivemq-platform] [hivemq-platform-operator] [e0d4622e] 17:07:37.708 [pool-6-thread-2] DEBUG c.h.p.o.dependants.PodInfoConfigMap - [helmcust] Desired PodInfo ConfigMap (1 extensions) (1 enabled)
2025-01-27 17:07:37,713 INFO c.h.h.t.HelmChartContainer - [hivemq-test-hivemq-platform] [hivemq-platform-operator] [e0d4622e] 17:07:37.708 [pool-6-thread-8] DEBUG c.h.p.o.d.PodServiceAccountResource - [helmcust] Desired PodServiceAccountResource (serviceAccountName: hivemq-platform-pod-test-hivemq-platform)
2025-01-27 17:07:37,713 INFO c.h.h.t.HelmChartContainer - [hivemq-test-hivemq-platform] [hivemq-platform-operator] [e0d4622e] 17:07:37.709 [pool-6-thread-10] DEBUG c.h.p.o.d.PlatformServiceResource - [helmcust] Desired Platform services (3 services)
2025-01-27 17:07:37,713 INFO c.h.h.t.HelmChartContainer - [hivemq-test-hivemq-platform] [hivemq-platform-operator] [e0d4622e] 17:07:37.709 [pool-6-thread-2] DEBUG c.h.p.o.dependants.PodInfoConfigMap - [helmcust] Desired PodInfo ConfigMap (metrics port: 9399) (metrics path: /)
2025-01-27 17:07:37,713 INFO c.h.h.t.HelmChartContainer - [hivemq-test-hivemq-platform] [hivemq-platform-operator] [e0d4622e] 17:07:37.709 [pool-6-thread-2] DEBUG c.h.p.o.dependants.PodInfoConfigMap - [helmcust] Desired PodInfo ConfigMap (extension state hash: -1817474005)
2025-01-27 17:07:37,714 INFO c.h.h.t.HelmChartContainer - [hivemq-test-hivemq-platform] [hivemq-platform-operator] [e0d4622e] 17:07:37.714 [pool-6-thread-10] DEBUG c.h.p.o.d.StatefulSetResource - [helmcust] Desired StatefulSet (2 replicas) for status STARTING (READY)
2025-01-27 17:07:37,720 INFO c.h.h.t.HelmChartContainer - [hivemq-test-hivemq-platform] [hivemq-platform-operator] [e0d4622e] 17:07:37.719 [ReconcilerExecutor-hivemq-controller-118] INFO  c.h.p.o.HiveMQPlatformReconciler - [helmcust] Reconciling HiveMQ Platform 'test-hivemq-platform' in namespace 'helmcustomconfigit'
2025-01-27 17:07:37,722 INFO c.h.h.t.HelmChartContainer - [hivemq-test-hivemq-platform] [hivemq-platform-operator] [e0d4622e] 17:07:37.719 [ReconcilerExecutor-hivemq-controller-118] DEBUG c.h.p.o.HiveMQPlatformReconciler - [helmcust] Custom Resource Status STARTING - HiveMQ Platform is starting (READY)
2025-01-27 17:07:37,723 INFO c.h.h.t.HelmChartContainer - [hivemq-test-hivemq-platform] [hivemq-platform-operator] [e0d4622e] 17:07:37.719 [ReconcilerExecutor-hivemq-controller-118] DEBUG c.h.p.o.HiveMQPlatformReconciler - [helmcust] Custom Resource Spec (replicas: 2) (extensions: 1)
2025-01-27 17:07:37,723 INFO c.h.h.t.HelmChartContainer - [hivemq-test-hivemq-platform] [hivemq-platform-operator] [e0d4622e] 17:07:37.720 [ReconcilerExecutor-hivemq-controller-118] DEBUG c.h.p.o.HiveMQPlatformReconciler - [helmcust] StatefulSet Status (revision: test-hivemq-platform-74b9d5c7d6, replicas: 2, available: 1, ready: 1, current: 2, updated: 2)
2025-01-27 17:07:37,723 INFO c.h.h.t.HelmChartContainer - [hivemq-test-hivemq-platform] [hivemq-platform-operator] [e0d4622e] 17:07:37.720 [ReconcilerExecutor-hivemq-controller-118] DEBUG c.h.p.o.HiveMQPlatformReconciler - [helmcust] StatefulSet Spec (replicas: 2, init containers: 1, containers: 1, volumes: 3)
2025-01-27 17:07:37,723 INFO c.h.h.t.HelmChartContainer - [hivemq-test-hivemq-platform] [hivemq-platform-operator] [e0d4622e] 17:07:37.722 [ReconcilerExecutor-hivemq-controller-118] DEBUG c.h.p.o.h.HiveMQPlatformReconcilerErrorHandler - [helmcust] Pod 'test-hivemq-platform-1' phase Running
2025-01-27 17:07:37,724 INFO c.h.h.t.HelmChartContainer - [hivemq-test-hivemq-platform] [hivemq-platform-operator] [e0d4622e] 17:07:37.723 [ReconcilerExecutor-hivemq-controller-118] DEBUG c.h.p.o.h.HiveMQPlatformReconcilerErrorHandler - [helmcust] Pod 'test-hivemq-platform-0' phase Running
2025-01-27 17:07:37,725 INFO c.h.h.t.HelmChartContainer - [hivemq-test-hivemq-platform] [hivemq-platform-operator] [e0d4622e] 17:07:37.724 [ReconcilerExecutor-hivemq-controller-118] INFO  c.h.p.o.h.HiveMQPlatformReconcilerBaseHandler - [helmcust] HiveMQ Platform is starting, 1 of 2 replicas are ready
2025-01-27 17:07:38,843 INFO c.h.h.t.HelmChartContainer - [test-hivemq-platform] [hivemq] [0ce83a88] INFO  - [HiveMQ Platform Operator Init App 1.7.0-SNAPSHOT] Returning Health API response 200 for liveness
2025-01-27 17:07:39,068 INFO c.h.h.t.HelmChartContainer - [test-hivemq-platform] [hivemq] [c3c611ca] WARN  - [HiveMQ Platform Operator Init App 1.7.0-SNAPSHOT] Cannot connect to Health API for readiness: null
2025-01-27 17:07:39,075 INFO c.h.h.t.HelmChartContainer - [EVENT] Warning [Unhealthy] Readiness probe failed: HTTP probe failed with statuscode: 503 [helmcustomconfigit:test-hivemq-platform-1]
2025-01-27 17:07:39,075 INFO c.h.h.t.HelmChartContainer - Received Unhealthy event for container hivemq in pod test-hivemq-platform-1 [c3c611ca-8362-4a2f-bb4b-b58edae7958a]
2025-01-27 17:07:42,572 INFO c.h.h.t.HelmChartContainer - [test-hivemq-platform] [hivemq] [c3c611ca] Jan 27, 2025 5:07:42 PM io.vertx.core.impl.BlockedThreadChecker
2025-01-27 17:07:42,572 INFO c.h.h.t.HelmChartContainer - [test-hivemq-platform] [hivemq] [c3c611ca] WARNING: Thread Thread[vert.x-eventloop-thread-1,5,main] has been blocked for 2895 ms, time limit is 2000 ms
2025-01-27 17:07:43,165 INFO c.h.h.t.HelmChartContainer - [test-hivemq-platform] [hivemq] [c3c611ca] INFO  - [HiveMQ Platform Operator Init App 1.7.0-SNAPSHOT] Updating Pod HiveMQ Platform Operator Init App version annotation (version: 1.7.0-SNAPSHOT)
2025-01-27 17:07:43,667 INFO c.h.h.t.HelmChartContainer - [test-hivemq-platform] [hivemq] [c3c611ca] WARN  - [HiveMQ Platform Operator Init App 1.7.0-SNAPSHOT] Cannot connect to Health API for readiness: null
2025-01-27 17:07:43,674 INFO c.h.h.t.HelmChartContainer - [EVENT] Warning [Unhealthy] Readiness probe failed: HTTP probe failed with statuscode: 503 [helmcustomconfigit:test-hivemq-platform-1]
2025-01-27 17:07:43,675 INFO c.h.h.t.HelmChartContainer - Received Unhealthy event for container hivemq in pod test-hivemq-platform-1 [c3c611ca-8362-4a2f-bb4b-b58edae7958a]
2025-01-27 17:07:44,265 INFO c.h.h.t.HelmChartContainer - [POD] test-hivemq-platform-1 [c3c611ca-8362-4a2f-bb4b-b58edae7958a] in helmcustomconfigit was MODIFIED
2025-01-27 17:07:44,274 INFO c.h.h.t.HelmChartContainer - [hivemq-test-hivemq-platform] [hivemq-platform-operator] [e0d4622e] 17:07:44.272 [pool-6-thread-16] DEBUG c.h.p.o.d.PlatformServiceResource - [helmcust] Desired Platform services (3 services)
2025-01-27 17:07:44,277 INFO c.h.h.t.HelmChartContainer - [hivemq-test-hivemq-platform] [hivemq-platform-operator] [e0d4622e] 17:07:44.274 [pool-6-thread-11] DEBUG c.h.p.o.dependants.PodInfoConfigMap - [helmcust] Desired PodInfo ConfigMap (1 extensions) (1 enabled)
2025-01-27 17:07:44,278 INFO c.h.h.t.HelmChartContainer - [hivemq-test-hivemq-platform] [hivemq-platform-operator] [e0d4622e] 17:07:44.274 [pool-6-thread-11] DEBUG c.h.p.o.dependants.PodInfoConfigMap - [helmcust] Desired PodInfo ConfigMap (metrics port: 9399) (metrics path: /)
2025-01-27 17:07:44,278 INFO c.h.h.t.HelmChartContainer - [hivemq-test-hivemq-platform] [hivemq-platform-operator] [e0d4622e] 17:07:44.274 [pool-6-thread-11] DEBUG c.h.p.o.dependants.PodInfoConfigMap - [helmcust] Desired PodInfo ConfigMap (extension state hash: -1817474005)
2025-01-27 17:07:44,281 INFO c.h.h.t.HelmChartContainer - [hivemq-test-hivemq-platform] [hivemq-platform-operator] [e0d4622e] 17:07:44.280 [pool-6-thread-12] DEBUG c.h.p.o.d.PodServiceAccountResource - [helmcust] Desired PodServiceAccountResource (serviceAccountName: hivemq-platform-pod-test-hivemq-platform)
2025-01-27 17:07:44,285 INFO c.h.h.t.HelmChartContainer - [hivemq-test-hivemq-platform] [hivemq-platform-operator] [e0d4622e] 17:07:44.284 [pool-6-thread-13] DEBUG c.h.p.o.d.StatefulSetResource - [helmcust] Desired StatefulSet (2 replicas) for status STARTING (READY)
2025-01-27 17:07:44,287 INFO c.h.h.t.HelmChartContainer - [test-hivemq-platform] [hivemq] [c3c611ca] WARN  - [HiveMQ Platform Operator Init App 1.7.0-SNAPSHOT] Cannot connect to Health API for readiness: null
2025-01-27 17:07:44,290 INFO c.h.h.t.HelmChartContainer - [hivemq-test-hivemq-platform] [hivemq-platform-operator] [e0d4622e] 17:07:44.287 [ReconcilerExecutor-hivemq-controller-119] INFO  c.h.p.o.HiveMQPlatformReconciler - [helmcust] Reconciling HiveMQ Platform 'test-hivemq-platform' in namespace 'helmcustomconfigit'
2025-01-27 17:07:44,290 INFO c.h.h.t.HelmChartContainer - [hivemq-test-hivemq-platform] [hivemq-platform-operator] [e0d4622e] 17:07:44.287 [ReconcilerExecutor-hivemq-controller-119] DEBUG c.h.p.o.HiveMQPlatformReconciler - [helmcust] Custom Resource Status STARTING - HiveMQ Platform is starting (READY)
2025-01-27 17:07:44,290 INFO c.h.h.t.HelmChartContainer - [hivemq-test-hivemq-platform] [hivemq-platform-operator] [e0d4622e] 17:07:44.287 [ReconcilerExecutor-hivemq-controller-119] DEBUG c.h.p.o.HiveMQPlatformReconciler - [helmcust] Custom Resource Spec (replicas: 2) (extensions: 1)
2025-01-27 17:07:44,291 INFO c.h.h.t.HelmChartContainer - [hivemq-test-hivemq-platform] [hivemq-platform-operator] [e0d4622e] 17:07:44.288 [ReconcilerExecutor-hivemq-controller-119] DEBUG c.h.p.o.HiveMQPlatformReconciler - [helmcust] StatefulSet Status (revision: test-hivemq-platform-74b9d5c7d6, replicas: 2, available: 1, ready: 1, current: 2, updated: 2)
2025-01-27 17:07:44,291 INFO c.h.h.t.HelmChartContainer - [hivemq-test-hivemq-platform] [hivemq-platform-operator] [e0d4622e] 17:07:44.288 [ReconcilerExecutor-hivemq-controller-119] DEBUG c.h.p.o.HiveMQPlatformReconciler - [helmcust] StatefulSet Spec (replicas: 2, init containers: 1, containers: 1, volumes: 3)
2025-01-27 17:07:44,292 INFO c.h.h.t.HelmChartContainer - [hivemq-test-hivemq-platform] [hivemq-platform-operator] [e0d4622e] 17:07:44.290 [ReconcilerExecutor-hivemq-controller-119] DEBUG c.h.p.o.h.HiveMQPlatformReconcilerErrorHandler - [helmcust] Pod 'test-hivemq-platform-1' phase Running
2025-01-27 17:07:44,293 INFO c.h.h.t.HelmChartContainer - [hivemq-test-hivemq-platform] [hivemq-platform-operator] [e0d4622e] 17:07:44.291 [ReconcilerExecutor-hivemq-controller-119] DEBUG c.h.p.o.h.HiveMQPlatformReconcilerErrorHandler - [helmcust] Pod 'test-hivemq-platform-0' phase Running
2025-01-27 17:07:44,293 INFO c.h.h.t.HelmChartContainer - [hivemq-test-hivemq-platform] [hivemq-platform-operator] [e0d4622e] 17:07:44.292 [ReconcilerExecutor-hivemq-controller-119] INFO  c.h.p.o.h.HiveMQPlatformReconcilerBaseHandler - [helmcust] HiveMQ Platform is starting, 1 of 2 replicas are ready
2025-01-27 17:07:44,295 INFO c.h.h.t.HelmChartContainer - [EVENT] Warning [Unhealthy] Readiness probe failed: HTTP probe failed with statuscode: 503 [helmcustomconfigit:test-hivemq-platform-1]
2025-01-27 17:07:44,295 INFO c.h.h.t.HelmChartContainer - Received Unhealthy event for container hivemq in pod test-hivemq-platform-1 [c3c611ca-8362-4a2f-bb4b-b58edae7958a]
2025-01-27 17:07:44,364 INFO c.h.h.t.HelmChartContainer - [test-hivemq-platform] [hivemq] [c3c611ca] INFO  - [HiveMQ Platform Operator Init App 1.7.0-SNAPSHOT] Successfully updated Pod HiveMQ Platform Operator Init App version annotation (version: 1.7.0-SNAPSHOT)
2025-01-27 17:07:49,270 INFO c.h.h.t.HelmChartContainer - [test-hivemq-platform] [hivemq] [c3c611ca] WARN  - [HiveMQ Platform Operator Init App 1.7.0-SNAPSHOT] Cannot connect to Health API for readiness: null
2025-01-27 17:07:49,275 INFO c.h.h.t.HelmChartContainer - [EVENT] Warning [Unhealthy] Readiness probe failed: HTTP probe failed with statuscode: 503 [helmcustomconfigit:test-hivemq-platform-1]
2025-01-27 17:07:49,275 INFO c.h.h.t.HelmChartContainer - Received Unhealthy event for container hivemq in pod test-hivemq-platform-1 [c3c611ca-8362-4a2f-bb4b-b58edae7958a]
2025-01-27 17:07:54,272 INFO c.h.h.t.HelmChartContainer - [test-hivemq-platform] [hivemq] [c3c611ca] WARN  - [HiveMQ Platform Operator Init App 1.7.0-SNAPSHOT] Cannot connect to Health API for readiness: null
2025-01-27 17:07:54,279 INFO c.h.h.t.HelmChartContainer - [EVENT] Warning [Unhealthy] Readiness probe failed: HTTP probe failed with statuscode: 503 [helmcustomconfigit:test-hivemq-platform-1]
2025-01-27 17:07:54,279 INFO c.h.h.t.HelmChartContainer - Received Unhealthy event for container hivemq in pod test-hivemq-platform-1 [c3c611ca-8362-4a2f-bb4b-b58edae7958a]
2025-01-27 17:07:54,299 INFO c.h.h.t.HelmChartContainer - [hivemq-test-hivemq-platform] [hivemq-platform-operator] [e0d4622e] 17:07:54.294 [pool-6-thread-25] DEBUG c.h.p.o.d.PlatformServiceResource - [helmcust] Desired Platform services (3 services)
2025-01-27 17:07:54,299 INFO c.h.h.t.HelmChartContainer - [hivemq-test-hivemq-platform] [hivemq-platform-operator] [e0d4622e] 17:07:54.296 [pool-6-thread-24] DEBUG c.h.p.o.dependants.PodInfoConfigMap - [helmcust] Desired PodInfo ConfigMap (1 extensions) (1 enabled)
2025-01-27 17:07:54,299 INFO c.h.h.t.HelmChartContainer - [hivemq-test-hivemq-platform] [hivemq-platform-operator] [e0d4622e] 17:07:54.296 [pool-6-thread-24] DEBUG c.h.p.o.dependants.PodInfoConfigMap - [helmcust] Desired PodInfo ConfigMap (metrics port: 9399) (metrics path: /)
2025-01-27 17:07:54,299 INFO c.h.h.t.HelmChartContainer - [hivemq-test-hivemq-platform] [hivemq-platform-operator] [e0d4622e] 17:07:54.296 [pool-6-thread-24] DEBUG c.h.p.o.dependants.PodInfoConfigMap - [helmcust] Desired PodInfo ConfigMap (extension state hash: -1817474005)
2025-01-27 17:07:54,299 INFO c.h.h.t.HelmChartContainer - [hivemq-test-hivemq-platform] [hivemq-platform-operator] [e0d4622e] 17:07:54.297 [pool-6-thread-29] DEBUG c.h.p.o.d.PodServiceAccountResource - [helmcust] Desired PodServiceAccountResource (serviceAccountName: hivemq-platform-pod-test-hivemq-platform)
2025-01-27 17:07:54,303 INFO c.h.h.t.HelmChartContainer - [hivemq-test-hivemq-platform] [hivemq-platform-operator] [e0d4622e] 17:07:54.301 [pool-6-thread-29] DEBUG c.h.p.o.d.StatefulSetResource - [helmcust] Desired StatefulSet (2 replicas) for status STARTING (READY)
2025-01-27 17:07:54,305 INFO c.h.h.t.HelmChartContainer - [hivemq-test-hivemq-platform] [hivemq-platform-operator] [e0d4622e] 17:07:54.304 [ReconcilerExecutor-hivemq-controller-120] INFO  c.h.p.o.HiveMQPlatformReconciler - [helmcust] Reconciling HiveMQ Platform 'test-hivemq-platform' in namespace 'helmcustomconfigit'
2025-01-27 17:07:54,305 INFO c.h.h.t.HelmChartContainer - [hivemq-test-hivemq-platform] [hivemq-platform-operator] [e0d4622e] 17:07:54.304 [ReconcilerExecutor-hivemq-controller-120] DEBUG c.h.p.o.HiveMQPlatformReconciler - [helmcust] Custom Resource Status STARTING - HiveMQ Platform is starting (READY)
2025-01-27 17:07:54,306 INFO c.h.h.t.HelmChartContainer - [hivemq-test-hivemq-platform] [hivemq-platform-operator] [e0d4622e] 17:07:54.304 [ReconcilerExecutor-hivemq-controller-120] DEBUG c.h.p.o.HiveMQPlatformReconciler - [helmcust] Custom Resource Spec (replicas: 2) (extensions: 1)
2025-01-27 17:07:54,308 INFO c.h.h.t.HelmChartContainer - [hivemq-test-hivemq-platform] [hivemq-platform-operator] [e0d4622e] 17:07:54.306 [ReconcilerExecutor-hivemq-controller-120] DEBUG c.h.p.o.HiveMQPlatformReconciler - [helmcust] StatefulSet Status (revision: test-hivemq-platform-74b9d5c7d6, replicas: 2, available: 1, ready: 1, current: 2, updated: 2)
2025-01-27 17:07:54,308 INFO c.h.h.t.HelmChartContainer - [hivemq-test-hivemq-platform] [hivemq-platform-operator] [e0d4622e] 17:07:54.306 [ReconcilerExecutor-hivemq-controller-120] DEBUG c.h.p.o.HiveMQPlatformReconciler - [helmcust] StatefulSet Spec (replicas: 2, init containers: 1, containers: 1, volumes: 3)
2025-01-27 17:07:54,308 INFO c.h.h.t.HelmChartContainer - [hivemq-test-hivemq-platform] [hivemq-platform-operator] [e0d4622e] 17:07:54.307 [ReconcilerExecutor-hivemq-controller-120] DEBUG c.h.p.o.h.HiveMQPlatformReconcilerErrorHandler - [helmcust] Pod 'test-hivemq-platform-1' phase Running
2025-01-27 17:07:54,310 INFO c.h.h.t.HelmChartContainer - [hivemq-test-hivemq-platform] [hivemq-platform-operator] [e0d4622e] 17:07:54.309 [ReconcilerExecutor-hivemq-controller-120] DEBUG c.h.p.o.h.HiveMQPlatformReconcilerErrorHandler - [helmcust] Pod 'test-hivemq-platform-0' phase Running
2025-01-27 17:07:54,311 INFO c.h.h.t.HelmChartContainer - [hivemq-test-hivemq-platform] [hivemq-platform-operator] [e0d4622e] 17:07:54.309 [ReconcilerExecutor-hivemq-controller-120] INFO  c.h.p.o.h.HiveMQPlatformReconcilerBaseHandler - [helmcust] HiveMQ Platform is starting, 1 of 2 replicas are ready
2025-01-27 17:07:55,465 INFO c.h.h.t.HelmChartContainer - [test-hivemq-platform] [hivemq] [c3c611ca] WARN  - [HiveMQ Platform Operator Init App 1.7.0-SNAPSHOT] Cannot connect to Health API for liveness: null
2025-01-27 17:07:55,465 INFO c.h.h.t.HelmChartContainer - [test-hivemq-platform] [hivemq] [c3c611ca] INFO  - [HiveMQ Platform Operator Init App 1.7.0-SNAPSHOT] Returning default Health API response 200 for liveness
2025-01-27 17:07:56,864 INFO c.h.h.t.HelmChartContainer - [test-hivemq-platform] [hivemq] [c3c611ca] INFO  - No valid license file found. Using trial license, restricted to 25 connections.
2025-01-27 17:07:59,269 INFO c.h.h.t.HelmChartContainer - [test-hivemq-platform] [hivemq] [c3c611ca] WARN  - [HiveMQ Platform Operator Init App 1.7.0-SNAPSHOT] Cannot connect to Health API for readiness: null
2025-01-27 17:07:59,275 INFO c.h.h.t.HelmChartContainer - [EVENT] Warning [Unhealthy] Readiness probe failed: HTTP probe failed with statuscode: 503 [helmcustomconfigit:test-hivemq-platform-1]
2025-01-27 17:07:59,275 INFO c.h.h.t.HelmChartContainer - Received Unhealthy event for container hivemq in pod test-hivemq-platform-1 [c3c611ca-8362-4a2f-bb4b-b58edae7958a]
2025-01-27 17:08:00,081 INFO c.h.h.t.HelmChartContainer - [test-hivemq-platform] [hivemq] [c3c611ca] INFO  - No valid license file for Data Hub found. Using free license, restricted to 1 policy.
2025-01-27 17:08:00,987 INFO c.h.h.t.HelmChartContainer - [test-hivemq-platform] [hivemq] [c3c611ca] INFO  - Audit Logger started.
2025-01-27 17:08:01,387 INFO c.h.h.t.HelmChartContainer - [test-hivemq-platform] [hivemq] [c3c611ca] INFO  - This node uses '1' CPU cores.
2025-01-27 17:08:01,393 INFO c.h.h.t.HelmChartContainer - [test-hivemq-platform] [hivemq] [c3c611ca] INFO  - Starting HiveMQ Health API on address 0.0.0.0 and port 8889
2025-01-27 17:08:02,362 INFO c.h.h.t.HelmChartContainer - [test-hivemq-platform] [hivemq] [c3c611ca] INFO  - Started HiveMQ Health API in 970ms
2025-01-27 17:08:02,366 INFO c.h.h.t.HelmChartContainer - [test-hivemq-platform] [hivemq] [c3c611ca] INFO  - Starting HiveMQ extension system.
2025-01-27 17:08:02,574 INFO c.h.h.t.HelmChartContainer - [test-hivemq-platform] [hivemq] [c3c611ca] INFO  - Starting extension with id "hivemq-dns-cluster-discovery" at /opt/hivemq/extensions/hivemq-dns-cluster-discovery
2025-01-27 17:08:03,162 INFO c.h.h.t.HelmChartContainer - [test-hivemq-platform] [hivemq] [c3c611ca] INFO  - Extension "DNS Cluster Discovery Extension" version 4.3.2 started successfully.
2025-01-27 17:08:03,162 INFO c.h.h.t.HelmChartContainer - [test-hivemq-platform] [hivemq] [c3c611ca] INFO  - Starting extension with id "hivemq-prometheus-extension" at /opt/hivemq/extensions/hivemq-prometheus-extension
2025-01-27 17:08:03,264 INFO c.h.h.t.HelmChartContainer - [test-hivemq-platform] [hivemq] [c3c611ca] INFO  - Using TCP cluster transport on address 10.42.0.9 and port 7000
2025-01-27 17:08:03,269 INFO c.h.h.t.HelmChartContainer - [test-hivemq-platform] [hivemq] [c3c611ca] INFO  - Using extension cluster discovery
2025-01-27 17:08:04,171 INFO c.h.h.t.HelmChartContainer - [test-hivemq-platform] [hivemq] [c3c611ca] INFO  - Started Jetty Server exposing Prometheus Servlet on URI http://0.0.0.0:9399/
2025-01-27 17:08:04,171 INFO c.h.h.t.HelmChartContainer - [test-hivemq-platform] [hivemq] [c3c611ca] INFO  - Extension "Prometheus Monitoring Extension" version 4.0.12 started successfully.
2025-01-27 17:08:04,171 INFO c.h.h.t.HelmChartContainer - [test-hivemq-platform] [hivemq] [c3c611ca] INFO  - Starting extension with id "hivemq-allow-all-extension" at /opt/hivemq/extensions/hivemq-allow-all-extension
2025-01-27 17:08:04,172 INFO c.h.h.t.HelmChartContainer - [test-hivemq-platform] [hivemq] [c3c611ca] WARN  - 
2025-01-27 17:08:04,172 INFO c.h.h.t.HelmChartContainer - [test-hivemq-platform] [hivemq] [c3c611ca] ################################################################################################################
2025-01-27 17:08:04,172 INFO c.h.h.t.HelmChartContainer - [test-hivemq-platform] [hivemq] [c3c611ca] # This HiveMQ deployment is not secure! You are lacking Authentication and Authorization.                      #
2025-01-27 17:08:04,172 INFO c.h.h.t.HelmChartContainer - [test-hivemq-platform] [hivemq] [c3c611ca] # Right now any MQTT client can connect to the broker with a full set of permissions.                          #
2025-01-27 17:08:04,172 INFO c.h.h.t.HelmChartContainer - [test-hivemq-platform] [hivemq] [c3c611ca] # For production usage, add an appropriate security extension and remove the hivemq-allow-all extension.       #
2025-01-27 17:08:04,172 INFO c.h.h.t.HelmChartContainer - [test-hivemq-platform] [hivemq] [c3c611ca] # You can download security extensions from the HiveMQ Marketplace (https://www.hivemq.com/extensions/).       #
2025-01-27 17:08:04,172 INFO c.h.h.t.HelmChartContainer - [test-hivemq-platform] [hivemq] [c3c611ca] ################################################################################################################
2025-01-27 17:08:04,261 INFO c.h.h.t.HelmChartContainer - [test-hivemq-platform] [hivemq] [c3c611ca] INFO  - Extension "Allow All Extension" version 1.1.0 started successfully.
2025-01-27 17:08:04,314 INFO c.h.h.t.HelmChartContainer - [hivemq-test-hivemq-platform] [hivemq-platform-operator] [e0d4622e] 17:08:04.313 [pool-6-thread-31] DEBUG c.h.p.o.d.PodServiceAccountResource - [helmcust] Desired PodServiceAccountResource (serviceAccountName: hivemq-platform-pod-test-hivemq-platform)
2025-01-27 17:08:04,317 INFO c.h.h.t.HelmChartContainer - [hivemq-test-hivemq-platform] [hivemq-platform-operator] [e0d4622e] 17:08:04.315 [pool-6-thread-37] DEBUG c.h.p.o.d.PlatformServiceResource - [helmcust] Desired Platform services (3 services)
2025-01-27 17:08:04,318 INFO c.h.h.t.HelmChartContainer - [hivemq-test-hivemq-platform] [hivemq-platform-operator] [e0d4622e] 17:08:04.314 [pool-6-thread-36] DEBUG c.h.p.o.dependants.PodInfoConfigMap - [helmcust] Desired PodInfo ConfigMap (1 extensions) (1 enabled)
2025-01-27 17:08:04,318 INFO c.h.h.t.HelmChartContainer - [hivemq-test-hivemq-platform] [hivemq-platform-operator] [e0d4622e] 17:08:04.317 [pool-6-thread-36] DEBUG c.h.p.o.dependants.PodInfoConfigMap - [helmcust] Desired PodInfo ConfigMap (metrics port: 9399) (metrics path: /)
2025-01-27 17:08:04,318 INFO c.h.h.t.HelmChartContainer - [hivemq-test-hivemq-platform] [hivemq-platform-operator] [e0d4622e] 17:08:04.317 [pool-6-thread-36] DEBUG c.h.p.o.dependants.PodInfoConfigMap - [helmcust] Desired PodInfo ConfigMap (extension state hash: -1817474005)
2025-01-27 17:08:04,327 INFO c.h.h.t.HelmChartContainer - [hivemq-test-hivemq-platform] [hivemq-platform-operator] [e0d4622e] 17:08:04.322 [pool-6-thread-37] DEBUG c.h.p.o.d.StatefulSetResource - [helmcust] Desired StatefulSet (2 replicas) for status STARTING (READY)
2025-01-27 17:08:04,328 INFO c.h.h.t.HelmChartContainer - [hivemq-test-hivemq-platform] [hivemq-platform-operator] [e0d4622e] 17:08:04.325 [ReconcilerExecutor-hivemq-controller-121] INFO  c.h.p.o.HiveMQPlatformReconciler - [helmcust] Reconciling HiveMQ Platform 'test-hivemq-platform' in namespace 'helmcustomconfigit'
2025-01-27 17:08:04,328 INFO c.h.h.t.HelmChartContainer - [hivemq-test-hivemq-platform] [hivemq-platform-operator] [e0d4622e] 17:08:04.325 [ReconcilerExecutor-hivemq-controller-121] DEBUG c.h.p.o.HiveMQPlatformReconciler - [helmcust] Custom Resource Status STARTING - HiveMQ Platform is starting (READY)
2025-01-27 17:08:04,328 INFO c.h.h.t.HelmChartContainer - [hivemq-test-hivemq-platform] [hivemq-platform-operator] [e0d4622e] 17:08:04.325 [ReconcilerExecutor-hivemq-controller-121] DEBUG c.h.p.o.HiveMQPlatformReconciler - [helmcust] Custom Resource Spec (replicas: 2) (extensions: 1)
2025-01-27 17:08:04,328 INFO c.h.h.t.HelmChartContainer - [hivemq-test-hivemq-platform] [hivemq-platform-operator] [e0d4622e] 17:08:04.326 [ReconcilerExecutor-hivemq-controller-121] DEBUG c.h.p.o.HiveMQPlatformReconciler - [helmcust] StatefulSet Status (revision: test-hivemq-platform-74b9d5c7d6, replicas: 2, available: 1, ready: 1, current: 2, updated: 2)
2025-01-27 17:08:04,328 INFO c.h.h.t.HelmChartContainer - [hivemq-test-hivemq-platform] [hivemq-platform-operator] [e0d4622e] 17:08:04.326 [ReconcilerExecutor-hivemq-controller-121] DEBUG c.h.p.o.HiveMQPlatformReconciler - [helmcust] StatefulSet Spec (replicas: 2, init containers: 1, containers: 1, volumes: 3)
2025-01-27 17:08:04,330 INFO c.h.h.t.HelmChartContainer - [hivemq-test-hivemq-platform] [hivemq-platform-operator] [e0d4622e] 17:08:04.330 [ReconcilerExecutor-hivemq-controller-121] DEBUG c.h.p.o.h.HiveMQPlatformReconcilerErrorHandler - [helmcust] Pod 'test-hivemq-platform-1' phase Running
2025-01-27 17:08:04,374 INFO c.h.h.t.HelmChartContainer - [test-hivemq-platform] [hivemq] [0ce83a88] INFO  - Cluster nodes found by discovery: [O7EDF|1] (2) [O7EDF, fDsKo].
2025-01-27 17:08:04,400 INFO c.h.h.t.HelmChartContainer - [hivemq-test-hivemq-platform] [hivemq-platform-operator] [e0d4622e] 17:08:04.399 [ReconcilerExecutor-hivemq-controller-121] DEBUG c.h.p.o.h.HiveMQPlatformReconcilerErrorHandler - [helmcust] Pod 'test-hivemq-platform-0' phase Running
2025-01-27 17:08:04,401 INFO c.h.h.t.HelmChartContainer - [hivemq-test-hivemq-platform] [hivemq-platform-operator] [e0d4622e] 17:08:04.400 [ReconcilerExecutor-hivemq-controller-121] INFO  c.h.p.o.h.HiveMQPlatformReconcilerBaseHandler - [helmcust] HiveMQ Platform is starting, 1 of 2 replicas are ready
2025-01-27 17:08:04,470 INFO c.h.h.t.HelmChartContainer - [test-hivemq-platform] [hivemq] [c3c611ca] INFO  - Cluster nodes found by discovery: [O7EDF|1] (2) [O7EDF, fDsKo].
2025-01-27 17:08:04,761 INFO c.h.h.t.HelmChartContainer - [test-hivemq-platform] [hivemq] [c3c611ca] INFO  - Cluster size = 1, members : [O7EDF].
2025-01-27 17:08:05,171 INFO c.h.h.t.HelmChartContainer - [test-hivemq-platform] [hivemq] [c3c611ca] INFO  - [HiveMQ Platform Operator Init App 1.7.0-SNAPSHOT] Returning Health API response 503 for readiness
2025-01-27 17:08:05,180 INFO c.h.h.t.HelmChartContainer - [EVENT] Warning [Unhealthy] Readiness probe failed: HTTP probe failed with statuscode: 503 [helmcustomconfigit:test-hivemq-platform-1]
2025-01-27 17:08:05,180 INFO c.h.h.t.HelmChartContainer - Received Unhealthy event for container hivemq in pod test-hivemq-platform-1 [c3c611ca-8362-4a2f-bb4b-b58edae7958a]
2025-01-27 17:08:05,274 INFO c.h.h.t.HelmChartContainer - [test-hivemq-platform] [hivemq] [c3c611ca] INFO  - Starting cluster join process. This may take a while. Please do not shut down HiveMQ.
2025-01-27 17:08:05,342 INFO c.h.h.t.HelmChartContainer - [test-hivemq-platform] [hivemq] [c3c611ca] INFO  - Cluster join process is still ongoing. Please do not shut down HiveMQ.
2025-01-27 17:08:07,285 INFO c.h.h.t.HelmChartContainer - [test-hivemq-platform] [hivemq] [0ce83a88] INFO  - Cluster size = 2, members : [fDsKo, O7EDF].
2025-01-27 17:08:07,299 INFO c.h.h.t.HelmChartContainer - [test-hivemq-platform] [hivemq] [c3c611ca] INFO  - Cluster size = 2, members : [fDsKo, O7EDF].
2025-01-27 17:08:07,302 INFO c.h.h.t.HelmChartContainer - [test-hivemq-platform] [hivemq] [c3c611ca] INFO  - Finished cluster join process successfully.
2025-01-27 17:08:07,304 INFO c.h.h.t.HelmChartContainer - [test-hivemq-platform] [hivemq] [c3c611ca] INFO  - No user for HiveMQ Control Center configured. Starting with default user
2025-01-27 17:08:07,308 INFO c.h.h.t.HelmChartContainer - [test-hivemq-platform] [hivemq] [c3c611ca] INFO  - Starting HiveMQ Control Center on address 0.0.0.0 and port 8080
2025-01-27 17:08:07,362 INFO c.h.h.t.HelmChartContainer - [test-hivemq-platform] [hivemq] [c3c611ca] INFO  - Mounting HiveMQ Control Center V2 Preview
2025-01-27 17:08:08,066 INFO c.h.h.t.HelmChartContainer - [test-hivemq-platform] [hivemq] [c3c611ca] INFO  - Started HiveMQ Control Center in 764ms
2025-01-27 17:08:08,082 INFO c.h.h.t.HelmChartContainer - [test-hivemq-platform] [hivemq] [c3c611ca] INFO  - Starting TCP listener on address 0.0.0.0 and port 1883
2025-01-27 17:08:08,172 INFO c.h.h.t.HelmChartContainer - [test-hivemq-platform] [hivemq] [c3c611ca] INFO  - Started TCP Listener on address 0.0.0.0 and on port 1883.
2025-01-27 17:08:08,173 INFO c.h.h.t.HelmChartContainer - [test-hivemq-platform] [hivemq] [c3c611ca] INFO  - Started HiveMQ in 33391ms
2025-01-27 17:08:09,271 INFO c.h.h.t.HelmChartContainer - [test-hivemq-platform] [hivemq] [c3c611ca] INFO  - [HiveMQ Platform Operator Init App 1.7.0-SNAPSHOT] Returning Health API response 200 for readiness
2025-01-27 17:08:09,284 INFO c.h.h.t.HelmChartContainer - [POD] test-hivemq-platform-1 [c3c611ca-8362-4a2f-bb4b-b58edae7958a] in helmcustomconfigit was MODIFIED
2025-01-27 17:08:09,294 INFO c.h.h.t.HelmChartContainer - [hivemq-test-hivemq-platform] [hivemq-platform-operator] [e0d4622e] 17:08:09.290 [pool-6-thread-46] DEBUG c.h.p.o.d.PlatformServiceResource - [helmcust] Desired Platform services (3 services)
2025-01-27 17:08:09,304 INFO c.h.h.t.HelmChartContainer - [hivemq-test-hivemq-platform] [hivemq-platform-operator] [e0d4622e] 17:08:09.293 [pool-6-thread-41] DEBUG c.h.p.o.d.PodServiceAccountResource - [helmcust] Desired PodServiceAccountResource (serviceAccountName: hivemq-platform-pod-test-hivemq-platform)
2025-01-27 17:08:09,304 INFO c.h.h.t.HelmChartContainer - [hivemq-test-hivemq-platform] [hivemq-platform-operator] [e0d4622e] 17:08:09.297 [pool-6-thread-44] DEBUG c.h.p.o.dependants.PodInfoConfigMap - [helmcust] Desired PodInfo ConfigMap (1 extensions) (1 enabled)
2025-01-27 17:08:09,304 INFO c.h.h.t.HelmChartContainer - [hivemq-test-hivemq-platform] [hivemq-platform-operator] [e0d4622e] 17:08:09.297 [pool-6-thread-44] DEBUG c.h.p.o.dependants.PodInfoConfigMap - [helmcust] Desired PodInfo ConfigMap (metrics port: 9399) (metrics path: /)
2025-01-27 17:08:09,304 INFO c.h.h.t.HelmChartContainer - [hivemq-test-hivemq-platform] [hivemq-platform-operator] [e0d4622e] 17:08:09.297 [pool-6-thread-44] DEBUG c.h.p.o.dependants.PodInfoConfigMap - [helmcust] Desired PodInfo ConfigMap (extension state hash: -1817474005)
2025-01-27 17:08:09,304 INFO c.h.h.t.HelmChartContainer - [hivemq-test-hivemq-platform] [hivemq-platform-operator] [e0d4622e] 17:08:09.301 [pool-6-thread-44] DEBUG c.h.p.o.d.StatefulSetResource - [helmcust] Desired StatefulSet (2 replicas) for status STARTING (READY)
2025-01-27 17:08:09,309 INFO c.h.h.t.HelmChartContainer - [hivemq-test-hivemq-platform] [hivemq-platform-operator] [e0d4622e] 17:08:09.308 [ReconcilerExecutor-hivemq-controller-122] INFO  c.h.p.o.HiveMQPlatformReconciler - [helmcust] Reconciling HiveMQ Platform 'test-hivemq-platform' in namespace 'helmcustomconfigit'
2025-01-27 17:08:09,310 INFO c.h.h.t.HelmChartContainer - [hivemq-test-hivemq-platform] [hivemq-platform-operator] [e0d4622e] 17:08:09.308 [ReconcilerExecutor-hivemq-controller-122] DEBUG c.h.p.o.HiveMQPlatformReconciler - [helmcust] Custom Resource Status STARTING - HiveMQ Platform is starting (READY)
2025-01-27 17:08:09,310 INFO c.h.h.t.HelmChartContainer - [hivemq-test-hivemq-platform] [hivemq-platform-operator] [e0d4622e] 17:08:09.308 [ReconcilerExecutor-hivemq-controller-122] DEBUG c.h.p.o.HiveMQPlatformReconciler - [helmcust] Custom Resource Spec (replicas: 2) (extensions: 1)
2025-01-27 17:08:09,312 INFO c.h.h.t.HelmChartContainer - [hivemq-test-hivemq-platform] [hivemq-platform-operator] [e0d4622e] 17:08:09.310 [ReconcilerExecutor-hivemq-controller-122] DEBUG c.h.p.o.HiveMQPlatformReconciler - [helmcust] StatefulSet Status (revision: test-hivemq-platform-74b9d5c7d6, replicas: 2, available: 2, ready: 2, current: 2, updated: 2)
2025-01-27 17:08:09,312 INFO c.h.h.t.HelmChartContainer - [hivemq-test-hivemq-platform] [hivemq-platform-operator] [e0d4622e] 17:08:09.310 [ReconcilerExecutor-hivemq-controller-122] DEBUG c.h.p.o.HiveMQPlatformReconciler - [helmcust] StatefulSet Spec (replicas: 2, init containers: 1, containers: 1, volumes: 3)
2025-01-27 17:08:09,313 INFO c.h.h.t.HelmChartContainer - [hivemq-test-hivemq-platform] [hivemq-platform-operator] [e0d4622e] 17:08:09.311 [ReconcilerExecutor-hivemq-controller-122] DEBUG c.h.p.o.h.HiveMQPlatformReconcilerErrorHandler - [helmcust] Pod 'test-hivemq-platform-1' phase Running
2025-01-27 17:08:09,314 INFO c.h.h.t.HelmChartContainer - [hivemq-test-hivemq-platform] [hivemq-platform-operator] [e0d4622e] 17:08:09.312 [ReconcilerExecutor-hivemq-controller-122] DEBUG c.h.p.o.h.HiveMQPlatformReconcilerErrorHandler - [helmcust] Pod 'test-hivemq-platform-0' phase Running
2025-01-27 17:08:09,315 INFO c.h.h.t.HelmChartContainer - [hivemq-test-hivemq-platform] [hivemq-platform-operator] [e0d4622e] 17:08:09.313 [ReconcilerExecutor-hivemq-controller-122] INFO  c.h.p.o.h.HiveMQPlatformReconcilerBaseHandler - [helmcust] HiveMQ Platform started successfully
2025-01-27 17:08:09,414 INFO c.h.h.t.HelmChartContainer - [hivemq-test-hivemq-platform] [hivemq-platform-operator] [e0d4622e] 17:08:09.413 [ReconcilerExecutor-hivemq-controller-122] DEBUG c.h.p.operator.event.EventSender - [helmcust] Creating K8s event hivemq-platform-ready: [Ready] HiveMQ Platform is ready
2025-01-27 17:08:09,418 INFO c.h.h.t.HelmChartContainer - [EVENT] Normal [Ready] HiveMQ Platform is ready [helmcustomconfigit:test-hivemq-platform]
2025-01-27 17:08:09,421 INFO c.h.h.t.HelmChartContainer - [hivemq-test-hivemq-platform] [hivemq-platform-operator] [e0d4622e] 17:08:09.418 [ReconcilerExecutor-hivemq-controller-122] INFO  c.h.p.o.h.AbstractHiveMQReconcilerStateHandler - [helmcust] Update HiveMQ Platform Status (STARTING [READY] -> RUNNING [READY]): HiveMQ Platform is ready
2025-01-27 17:08:09,428 DEBUG com.hivemq.helmcharts.util.K8sUtil - Comparing actual state 'RUNNING' and waiting for 'RUNNING'
2025-01-27 17:08:09,503 INFO c.h.h.t.HelmChartContainer - [hivemq-test-hivemq-platform] [hivemq-platform-operator] [e0d4622e] 17:08:09.501 [pool-6-thread-2] DEBUG c.h.p.o.d.PlatformServiceResource - [helmcust] Desired Platform services (3 services)
2025-01-27 17:08:09,504 INFO c.h.h.t.HelmChartContainer - [hivemq-test-hivemq-platform] [hivemq-platform-operator] [e0d4622e] 17:08:09.502 [pool-6-thread-1] DEBUG c.h.p.o.d.PodServiceAccountResource - [helmcust] Desired PodServiceAccountResource (serviceAccountName: hivemq-platform-pod-test-hivemq-platform)
2025-01-27 17:08:09,507 INFO c.h.h.t.HelmChartContainer - [hivemq-test-hivemq-platform] [hivemq-platform-operator] [e0d4622e] 17:08:09.504 [pool-6-thread-7] DEBUG c.h.p.o.dependants.PodInfoConfigMap - [helmcust] Desired PodInfo ConfigMap (1 extensions) (1 enabled)
2025-01-27 17:08:09,507 INFO c.h.h.t.HelmChartContainer - [hivemq-test-hivemq-platform] [hivemq-platform-operator] [e0d4622e] 17:08:09.504 [pool-6-thread-7] DEBUG c.h.p.o.dependants.PodInfoConfigMap - [helmcust] Desired PodInfo ConfigMap (metrics port: 9399) (metrics path: /)
2025-01-27 17:08:09,507 INFO c.h.h.t.HelmChartContainer - [hivemq-test-hivemq-platform] [hivemq-platform-operator] [e0d4622e] 17:08:09.505 [pool-6-thread-7] DEBUG c.h.p.o.dependants.PodInfoConfigMap - [helmcust] Desired PodInfo ConfigMap (extension state hash: -1817474005)
2025-01-27 17:08:09,507 INFO c.h.h.t.HelmChartContainer - [hivemq-test-hivemq-platform] [hivemq-platform-operator] [e0d4622e] 17:08:09.505 [pool-6-thread-7] DEBUG c.h.p.o.dependants.PodInfoConfigMap - [helmcust] Update PodInfo ConfigMap
2025-01-27 17:08:09,516 INFO c.h.h.t.HelmChartContainer - [hivemq-test-hivemq-platform] [hivemq-platform-operator] [e0d4622e] 17:08:09.514 [pool-6-thread-7] DEBUG c.h.p.o.d.StatefulSetResource - [helmcust] Desired StatefulSet (2 replicas) for status RUNNING (READY)
2025-01-27 17:08:09,519 INFO c.h.h.t.HelmChartContainer - [hivemq-test-hivemq-platform] [hivemq-platform-operator] [e0d4622e] 17:08:09.518 [ReconcilerExecutor-hivemq-controller-123] INFO  c.h.p.o.HiveMQPlatformReconciler - [helmcust] Reconciling HiveMQ Platform 'test-hivemq-platform' in namespace 'helmcustomconfigit'
2025-01-27 17:08:09,519 INFO c.h.h.t.HelmChartContainer - [hivemq-test-hivemq-platform] [hivemq-platform-operator] [e0d4622e] 17:08:09.518 [ReconcilerExecutor-hivemq-controller-123] DEBUG c.h.p.o.HiveMQPlatformReconciler - [helmcust] Custom Resource Status RUNNING - HiveMQ Platform is ready (READY)
2025-01-27 17:08:09,520 INFO c.h.h.t.HelmChartContainer - [hivemq-test-hivemq-platform] [hivemq-platform-operator] [e0d4622e] 17:08:09.518 [ReconcilerExecutor-hivemq-controller-123] DEBUG c.h.p.o.HiveMQPlatformReconciler - [helmcust] Custom Resource Spec (replicas: 2) (extensions: 1)
2025-01-27 17:08:09,600 INFO c.h.h.t.HelmChartContainer - [hivemq-test-hivemq-platform] [hivemq-platform-operator] [e0d4622e] 17:08:09.599 [ReconcilerExecutor-hivemq-controller-123] DEBUG c.h.p.o.HiveMQPlatformReconciler - [helmcust] StatefulSet Status (revision: test-hivemq-platform-74b9d5c7d6, replicas: 2, available: 2, ready: 2, current: 2, updated: 2)
2025-01-27 17:08:09,600 INFO c.h.h.t.HelmChartContainer - [hivemq-test-hivemq-platform] [hivemq-platform-operator] [e0d4622e] 17:08:09.599 [ReconcilerExecutor-hivemq-controller-123] DEBUG c.h.p.o.HiveMQPlatformReconciler - [helmcust] StatefulSet Spec (replicas: 2, init containers: 1, containers: 1, volumes: 3)
2025-01-27 17:08:09,601 INFO c.h.h.t.HelmChartContainer - [hivemq-test-hivemq-platform] [hivemq-platform-operator] [e0d4622e] 17:08:09.601 [ReconcilerExecutor-hivemq-controller-123] DEBUG c.h.p.o.h.HiveMQPlatformReconcilerErrorHandler - [helmcust] Pod 'test-hivemq-platform-1' phase Running
2025-01-27 17:08:09,603 INFO c.h.h.t.HelmChartContainer - [hivemq-test-hivemq-platform] [hivemq-platform-operator] [e0d4622e] 17:08:09.602 [ReconcilerExecutor-hivemq-controller-123] DEBUG c.h.p.o.h.HiveMQPlatformReconcilerErrorHandler - [helmcust] Pod 'test-hivemq-platform-0' phase Running
2025-01-27 17:08:11,447 INFO c.h.h.t.HelmChartContainer - Uninstalling release 'test-hivemq-platform' in namespace 'helmcustomconfigit'...
2025-01-27 17:08:11,447 DEBUG c.h.h.t.HelmChartContainer - Executing helm command: /bin/helm --kubeconfig /etc/rancher/k3s/k3s.yaml uninstall test-hivemq-platform  --wait --timeout 5m0s --cascade foreground --namespace helmcustomconfigit
2025-01-27 17:08:11,641 INFO c.h.h.t.HelmChartContainer - [hivemq-test-hivemq-platform] [hivemq-platform-operator] [e0d4622e] 17:08:11.627 [ReconcilerExecutor-hivemq-controller-124] INFO  c.h.p.o.HiveMQPlatformReconciler - [helmcust] Cleanup test-hivemq-platform - helmcustomconfigit HiveMQ Platform is shut down
2025-01-27 17:08:12,297 INFO c.h.h.t.HelmChartContainer - [POD] test-hivemq-platform-0 [0ce83a88-a210-413d-9367-ba4db0cfae42] in helmcustomconfigit was MODIFIED
2025-01-27 17:08:12,299 INFO c.h.h.t.HelmChartContainer - [EVENT] Normal [Killing] Stopping container hivemq [helmcustomconfigit:test-hivemq-platform-0]
2025-01-27 17:08:12,299 INFO c.h.h.t.HelmChartContainer - Received Killing event for container hivemq in pod test-hivemq-platform-0 [0ce83a88-a210-413d-9367-ba4db0cfae42]
2025-01-27 17:08:12,299 INFO c.h.h.t.HelmChartContainer - Container [test-hivemq-platform-0] [hivemq] [0ce83a88-a210-413d-9367-ba4db0cfae42] was terminated
2025-01-27 17:08:12,299 INFO c.h.h.t.HelmChartContainer - Stopped log watcher for hivemq in pod test-hivemq-platform-0 [0ce83a88-a210-413d-9367-ba4db0cfae42]
2025-01-27 17:08:12,303 INFO c.h.h.t.HelmChartContainer - [test-hivemq-platform] [hivemq] [0ce83a88] INFO  - [HiveMQ Platform Operator Init App 1.7.0-SNAPSHOT] Shutting down
2025-01-27 17:08:12,303 INFO c.h.h.t.HelmChartContainer - [test-hivemq-platform] [hivemq] [0ce83a88] INFO  - [HiveMQ Platform Operator Init App 1.7.0-SNAPSHOT] Stopping the HiveMQ Platform
2025-01-27 17:08:12,321 INFO c.h.h.t.HelmChartContainer - [POD] test-hivemq-platform-1 [c3c611ca-8362-4a2f-bb4b-b58edae7958a] in helmcustomconfigit was MODIFIED
2025-01-27 17:08:12,360 INFO c.h.h.t.HelmChartContainer - [EVENT] Normal [Killing] Stopping container hivemq [helmcustomconfigit:test-hivemq-platform-1]
2025-01-27 17:08:12,363 INFO c.h.h.t.HelmChartContainer - Received Killing event for container hivemq in pod test-hivemq-platform-1 [c3c611ca-8362-4a2f-bb4b-b58edae7958a]
2025-01-27 17:08:12,363 INFO c.h.h.t.HelmChartContainer - Container [test-hivemq-platform-1] [hivemq] [c3c611ca-8362-4a2f-bb4b-b58edae7958a] was terminated
2025-01-27 17:08:12,363 INFO c.h.h.t.HelmChartContainer - Stopped log watcher for hivemq in pod test-hivemq-platform-1 [c3c611ca-8362-4a2f-bb4b-b58edae7958a]
2025-01-27 17:08:12,364 INFO c.h.h.t.HelmChartContainer - [test-hivemq-platform] [hivemq] [c3c611ca] INFO  - [HiveMQ Platform Operator Init App 1.7.0-SNAPSHOT] Shutting down
2025-01-27 17:08:12,364 INFO c.h.h.t.HelmChartContainer - [test-hivemq-platform] [hivemq] [c3c611ca] INFO  - [HiveMQ Platform Operator Init App 1.7.0-SNAPSHOT] Stopping the HiveMQ Platform
2025-01-27 17:08:12,479 INFO c.h.h.t.HelmChartContainer - [test-hivemq-platform] [hivemq] [0ce83a88] INFO  - Shutting down HiveMQ. Please wait, this could take a while...
2025-01-27 17:08:12,515 INFO c.h.h.t.HelmChartContainer - [test-hivemq-platform] [hivemq] [0ce83a88] INFO  - Shutting down listeners and clients
2025-01-27 17:08:12,516 INFO c.h.h.t.HelmChartContainer - [test-hivemq-platform] [hivemq] [0ce83a88] INFO  - Shutdown of listeners is done
2025-01-27 17:08:12,516 INFO c.h.h.t.HelmChartContainer - [test-hivemq-platform] [hivemq] [0ce83a88] INFO  - No clients are connected, proceeding with shutdown
2025-01-27 17:08:12,573 INFO c.h.h.t.HelmChartContainer - [test-hivemq-platform] [hivemq] [c3c611ca] INFO  - Shutting down HiveMQ. Please wait, this could take a while...
2025-01-27 17:08:12,577 INFO c.h.h.t.HelmChartContainer - [test-hivemq-platform] [hivemq] [c3c611ca] INFO  - Shutting down listeners and clients
2025-01-27 17:08:12,579 INFO c.h.h.t.HelmChartContainer - [test-hivemq-platform] [hivemq] [c3c611ca] INFO  - Shutdown of listeners is done
2025-01-27 17:08:12,579 INFO c.h.h.t.HelmChartContainer - [test-hivemq-platform] [hivemq] [c3c611ca] INFO  - No clients are connected, proceeding with shutdown
2025-01-27 17:08:13,672 INFO c.h.h.t.HelmChartContainer - Deleting namespace 'helmcustomconfigit'...
2025-01-27 17:08:14,266 INFO c.h.h.t.HelmChartContainer - [test-hivemq-platform] [hivemq] [c3c611ca] INFO  - [HiveMQ Platform Operator Init App 1.7.0-SNAPSHOT] Returning shutdown Health API response 503 for readiness
2025-01-27 17:08:14,271 INFO c.h.h.t.HelmChartContainer - [EVENT] Warning [Unhealthy] Readiness probe failed: HTTP probe failed with statuscode: 503 [helmcustomconfigit:test-hivemq-platform-1]
2025-01-27 17:08:14,271 INFO c.h.h.t.HelmChartContainer - Received Unhealthy event for container hivemq in pod test-hivemq-platform-1 [c3c611ca-8362-4a2f-bb4b-b58edae7958a]
2025-01-27 17:08:14,582 INFO c.h.h.t.HelmChartContainer - [K3S] [authentication.go:74] "Unable to authenticate the request" err="[invalid bearer token, serviceaccounts \"hivemq-platform-pod-test-hivemq-platform\" not found]"
2025-01-27 17:08:14,603 INFO c.h.h.t.HelmChartContainer - [K3S] [authentication.go:74] "Unable to authenticate the request" err="[invalid bearer token, serviceaccounts \"hivemq-platform-pod-test-hivemq-platform\" not found]"
2025-01-27 17:08:14,667 INFO c.h.h.t.HelmChartContainer - [test-hivemq-platform] [hivemq] [c3c611ca] WARN  - [HiveMQ Platform Operator Init App 1.7.0-SNAPSHOT] Could not update Pod annotations: Failure executing: GET at: https://10.43.0.1:443/api/v1/namespaces/helmcustomconfigit/pods/test-hivemq-platform-1. Message: Unauthorized. Received status: Status(apiVersion=v1, code=401, details=null, kind=Status, message=Unauthorized, metadata=ListMeta(_continue=null, remainingItemCount=null, resourceVersion=null, selfLink=null, additionalProperties={}), reason=Unauthorized, status=Failure, additionalProperties={}).
2025-01-27 17:08:15,079 INFO c.h.h.t.HelmChartContainer - [test-hivemq-platform] [hivemq] [0ce83a88] INFO  - [HiveMQ Platform Operator Init App 1.7.0-SNAPSHOT] Returning shutdown Health API response 503 for readiness
2025-01-27 17:08:15,083 INFO c.h.h.t.HelmChartContainer - [EVENT] Warning [Unhealthy] Readiness probe failed: HTTP probe failed with statuscode: 503 [helmcustomconfigit:test-hivemq-platform-0]
2025-01-27 17:08:15,084 INFO c.h.h.t.HelmChartContainer - Received Unhealthy event for container hivemq in pod test-hivemq-platform-0 [0ce83a88-a210-413d-9367-ba4db0cfae42]
2025-01-27 17:08:15,654 INFO c.h.h.t.HelmChartContainer - [K3S] [authentication.go:74] "Unable to authenticate the request" err="[invalid bearer token, serviceaccounts \"hivemq-platform-pod-test-hivemq-platform\" not found]"
2025-01-27 17:08:15,683 INFO c.h.h.t.HelmChartContainer - [K3S] [authentication.go:74] "Unable to authenticate the request" err="[invalid bearer token, serviceaccounts \"hivemq-platform-pod-test-hivemq-platform\" not found]"
2025-01-27 17:08:15,714 INFO c.h.h.t.HelmChartContainer - [test-hivemq-platform] [hivemq] [0ce83a88] WARN  - [HiveMQ Platform Operator Init App 1.7.0-SNAPSHOT] Could not update Pod annotations: Failure executing: GET at: https://10.43.0.1:443/api/v1/namespaces/helmcustomconfigit/pods/test-hivemq-platform-0. Message: Unauthorized. Received status: Status(apiVersion=v1, code=401, details=null, kind=Status, message=Unauthorized, metadata=ListMeta(_continue=null, remainingItemCount=null, resourceVersion=null, selfLink=null, additionalProperties={}), reason=Unauthorized, status=Failure, additionalProperties={}).
2025-01-27 17:08:16,467 INFO c.h.h.t.HelmChartContainer - [test-hivemq-platform] [hivemq] [c3c611ca] INFO  - Shutting down extension system
2025-01-27 17:08:16,470 INFO c.h.h.t.HelmChartContainer - [test-hivemq-platform] [hivemq] [c3c611ca] INFO  - Stopping extension with id hivemq-dns-cluster-discovery
2025-01-27 17:08:16,470 INFO c.h.h.t.HelmChartContainer - [test-hivemq-platform] [hivemq] [c3c611ca] INFO  - Extension "DNS Cluster Discovery Extension" version 4.3.2 stopped successfully.
2025-01-27 17:08:16,471 INFO c.h.h.t.HelmChartContainer - [test-hivemq-platform] [hivemq] [c3c611ca] INFO  - Stopping extension with id hivemq-prometheus-extension
2025-01-27 17:08:16,475 INFO c.h.h.t.HelmChartContainer - [test-hivemq-platform] [hivemq] [c3c611ca] INFO  - Extension "Prometheus Monitoring Extension" version 4.0.12 stopped successfully.
2025-01-27 17:08:16,476 INFO c.h.h.t.HelmChartContainer - [test-hivemq-platform] [hivemq] [c3c611ca] INFO  - Stopping extension with id hivemq-allow-all-extension
2025-01-27 17:08:16,476 INFO c.h.h.t.HelmChartContainer - [test-hivemq-platform] [hivemq] [c3c611ca] INFO  - Extension "Allow All Extension" version 1.1.0 stopped successfully.
2025-01-27 17:08:16,481 INFO c.h.h.t.HelmChartContainer - [test-hivemq-platform] [hivemq] [0ce83a88] INFO  - Cluster nodes found by discovery: [O7EDF|2] (1) [O7EDF].
2025-01-27 17:08:16,490 INFO c.h.h.t.HelmChartContainer - [test-hivemq-platform] [hivemq] [0ce83a88] INFO  - Shutting down extension system
2025-01-27 17:08:16,490 INFO c.h.h.t.HelmChartContainer - [test-hivemq-platform] [hivemq] [0ce83a88] INFO  - Cluster size = 1, members : [O7EDF].
2025-01-27 17:08:16,495 INFO c.h.h.t.HelmChartContainer - [test-hivemq-platform] [hivemq] [0ce83a88] INFO  - Stopping extension with id hivemq-dns-cluster-discovery
2025-01-27 17:08:16,495 INFO c.h.h.t.HelmChartContainer - [test-hivemq-platform] [hivemq] [0ce83a88] INFO  - Extension "DNS Cluster Discovery Extension" version 4.3.2 stopped successfully.
2025-01-27 17:08:16,495 INFO c.h.h.t.HelmChartContainer - [test-hivemq-platform] [hivemq] [0ce83a88] INFO  - Stopping extension with id hivemq-prometheus-extension
2025-01-27 17:08:16,580 INFO c.h.h.t.HelmChartContainer - [test-hivemq-platform] [hivemq] [0ce83a88] INFO  - Extension "Prometheus Monitoring Extension" version 4.0.12 stopped successfully.
2025-01-27 17:08:16,580 INFO c.h.h.t.HelmChartContainer - [test-hivemq-platform] [hivemq] [0ce83a88] INFO  - Stopping extension with id hivemq-allow-all-extension
2025-01-27 17:08:16,580 INFO c.h.h.t.HelmChartContainer - [test-hivemq-platform] [hivemq] [0ce83a88] INFO  - Extension "Allow All Extension" version 1.1.0 stopped successfully.
2025-01-27 17:08:18,795 INFO c.h.h.t.HelmChartContainer - [K3S] [stateful_set.go:466] "StatefulSet has been deleted" key="helmcustomconfigit/test-hivemq-platform"
2025-01-27 17:08:18,847 INFO c.h.h.t.HelmChartContainer - [test-hivemq-platform] [hivemq] [c3c611ca] INFO  - Shutdown completed.
2025-01-27 17:08:18,872 INFO c.h.h.t.HelmChartContainer - [test-hivemq-platform] [hivemq] [0ce83a88] INFO  - Shutdown completed.
2025-01-27 17:08:19,209 INFO c.h.h.t.HelmChartContainer - [test-hivemq-platform] [hivemq] [c3c611ca] INFO  - [HiveMQ Platform Operator Init App 1.7.0-SNAPSHOT] The HiveMQ Platform exited with code 143
2025-01-27 17:08:19,209 INFO c.h.h.t.HelmChartContainer - [test-hivemq-platform] [hivemq] [c3c611ca] INFO  - [HiveMQ Platform Operator Init App 1.7.0-SNAPSHOT] Stopping the REST API
2025-01-27 17:08:19,217 INFO c.h.h.t.HelmChartContainer - [test-hivemq-platform] [hivemq] [c3c611ca] INFO  - [HiveMQ Platform Operator Init App 1.7.0-SNAPSHOT] Shutdown complete
2025-01-27 17:08:19,257 INFO c.h.h.t.HelmChartContainer - [test-hivemq-platform] [hivemq] [0ce83a88] INFO  - [HiveMQ Platform Operator Init App 1.7.0-SNAPSHOT] The HiveMQ Platform exited with code 143
2025-01-27 17:08:19,257 INFO c.h.h.t.HelmChartContainer - [test-hivemq-platform] [hivemq] [0ce83a88] INFO  - [HiveMQ Platform Operator Init App 1.7.0-SNAPSHOT] Stopping the REST API
2025-01-27 17:08:19,264 INFO c.h.h.t.HelmChartContainer - [test-hivemq-platform] [hivemq] [0ce83a88] INFO  - [HiveMQ Platform Operator Init App 1.7.0-SNAPSHOT] Shutdown complete
2025-01-27 17:08:19,682 INFO c.h.h.t.HelmChartContainer - [K3S] [pod_container_deletor.go:80] "Container not found in pod's containers" containerID="2ca5fe36f806e0d526cb73d4e69ecdbabd5fadb722dd6532d455f97f8fbdf69e"
2025-01-27 17:08:19,684 INFO c.h.h.t.HelmChartContainer - [K3S] [scope.go:117] "RemoveContainer" containerID="d47dbc7cda0b49fc380a3929ad7d521892d06772417c552ee0bd5558b5a0e781"
2025-01-27 17:08:19,700 INFO c.h.h.t.HelmChartContainer - [POD] test-hivemq-platform-1 [c3c611ca-8362-4a2f-bb4b-b58edae7958a] in helmcustomconfigit was MODIFIED
2025-01-27 17:08:19,703 INFO c.h.h.t.HelmChartContainer - [K3S] [reconciler_common.go:162] "operationExecutor.UnmountVolume started for volume \"operator-init\" (UniqueName: \"kubernetes.io/empty-dir/0ce83a88-a210-413d-9367-ba4db0cfae42-operator-init\") pod \"0ce83a88-a210-413d-9367-ba4db0cfae42\" (UID: \"0ce83a88-a210-413d-9367-ba4db0cfae42\") "
2025-01-27 17:08:19,703 INFO c.h.h.t.HelmChartContainer - [K3S] [reconciler_common.go:162] "operationExecutor.UnmountVolume started for volume \"operator-init\" (UniqueName: \"kubernetes.io/empty-dir/c3c611ca-8362-4a2f-bb4b-b58edae7958a-operator-init\") pod \"c3c611ca-8362-4a2f-bb4b-b58edae7958a\" (UID: \"c3c611ca-8362-4a2f-bb4b-b58edae7958a\") "
2025-01-27 17:08:19,704 INFO c.h.h.t.HelmChartContainer - [K3S] [reconciler_common.go:162] "operationExecutor.UnmountVolume started for volume \"pod-info\" (UniqueName: \"kubernetes.io/configmap/0ce83a88-a210-413d-9367-ba4db0cfae42-pod-info\") pod \"0ce83a88-a210-413d-9367-ba4db0cfae42\" (UID: \"0ce83a88-a210-413d-9367-ba4db0cfae42\") "
2025-01-27 17:08:19,704 INFO c.h.h.t.HelmChartContainer - [K3S] [reconciler_common.go:162] "operationExecutor.UnmountVolume started for volume \"broker-configuration\" (UniqueName: \"kubernetes.io/configmap/c3c611ca-8362-4a2f-bb4b-b58edae7958a-broker-configuration\") pod \"c3c611ca-8362-4a2f-bb4b-b58edae7958a\" (UID: \"c3c611ca-8362-4a2f-bb4b-b58edae7958a\") "
2025-01-27 17:08:19,705 INFO c.h.h.t.HelmChartContainer - [K3S] [reconciler_common.go:162] "operationExecutor.UnmountVolume started for volume \"pod-info\" (UniqueName: \"kubernetes.io/configmap/c3c611ca-8362-4a2f-bb4b-b58edae7958a-pod-info\") pod \"c3c611ca-8362-4a2f-bb4b-b58edae7958a\" (UID: \"c3c611ca-8362-4a2f-bb4b-b58edae7958a\") "
2025-01-27 17:08:19,705 INFO c.h.h.t.HelmChartContainer - [K3S] [reconciler_common.go:162] "operationExecutor.UnmountVolume started for volume \"broker-configuration\" (UniqueName: \"kubernetes.io/configmap/0ce83a88-a210-413d-9367-ba4db0cfae42-broker-configuration\") pod \"0ce83a88-a210-413d-9367-ba4db0cfae42\" (UID: \"0ce83a88-a210-413d-9367-ba4db0cfae42\") "
2025-01-27 17:08:19,705 INFO c.h.h.t.HelmChartContainer - [K3S] [reconciler_common.go:162] "operationExecutor.UnmountVolume started for volume \"kube-api-access-vqn7g\" (UniqueName: \"kubernetes.io/projected/0ce83a88-a210-413d-9367-ba4db0cfae42-kube-api-access-vqn7g\") pod \"0ce83a88-a210-413d-9367-ba4db0cfae42\" (UID: \"0ce83a88-a210-413d-9367-ba4db0cfae42\") "
2025-01-27 17:08:19,705 INFO c.h.h.t.HelmChartContainer - [K3S] [reconciler_common.go:162] "operationExecutor.UnmountVolume started for volume \"kube-api-access-7gg8n\" (UniqueName: \"kubernetes.io/projected/c3c611ca-8362-4a2f-bb4b-b58edae7958a-kube-api-access-7gg8n\") pod \"c3c611ca-8362-4a2f-bb4b-b58edae7958a\" (UID: \"c3c611ca-8362-4a2f-bb4b-b58edae7958a\") "
2025-01-27 17:08:19,727 INFO c.h.h.t.HelmChartContainer - [POD] test-hivemq-platform-0 [0ce83a88-a210-413d-9367-ba4db0cfae42] in helmcustomconfigit was MODIFIED
2025-01-27 17:08:19,801 INFO c.h.h.t.HelmChartContainer - [K3S] [scope.go:117] "RemoveContainer" containerID="9088ba45bc7de137cd08e1edadbed8940e9f49ea6821156e7b0ffaff0f061d81"
2025-01-27 17:08:19,803 INFO c.h.h.t.HelmChartContainer - [K3S] [reconciler_common.go:299] "Volume detached for volume \"pod-info\" (UniqueName: \"kubernetes.io/configmap/0ce83a88-a210-413d-9367-ba4db0cfae42-pod-info\") on node \"1bf1de2df7a7\" DevicePath \"\""
2025-01-27 17:08:19,803 INFO c.h.h.t.HelmChartContainer - [K3S] [reconciler_common.go:299] "Volume detached for volume \"broker-configuration\" (UniqueName: \"kubernetes.io/configmap/c3c611ca-8362-4a2f-bb4b-b58edae7958a-broker-configuration\") on node \"1bf1de2df7a7\" DevicePath \"\""
2025-01-27 17:08:19,803 INFO c.h.h.t.HelmChartContainer - [K3S] [reconciler_common.go:299] "Volume detached for volume \"pod-info\" (UniqueName: \"kubernetes.io/configmap/c3c611ca-8362-4a2f-bb4b-b58edae7958a-pod-info\") on node \"1bf1de2df7a7\" DevicePath \"\""
2025-01-27 17:08:19,803 INFO c.h.h.t.HelmChartContainer - [K3S] [reconciler_common.go:299] "Volume detached for volume \"broker-configuration\" (UniqueName: \"kubernetes.io/configmap/0ce83a88-a210-413d-9367-ba4db0cfae42-broker-configuration\") on node \"1bf1de2df7a7\" DevicePath \"\""
2025-01-27 17:08:19,803 INFO c.h.h.t.HelmChartContainer - [K3S] [reconciler_common.go:299] "Volume detached for volume \"kube-api-access-vqn7g\" (UniqueName: \"kubernetes.io/projected/0ce83a88-a210-413d-9367-ba4db0cfae42-kube-api-access-vqn7g\") on node \"1bf1de2df7a7\" DevicePath \"\""
2025-01-27 17:08:19,803 INFO c.h.h.t.HelmChartContainer - [K3S] [reconciler_common.go:299] "Volume detached for volume \"kube-api-access-7gg8n\" (UniqueName: \"kubernetes.io/projected/c3c611ca-8362-4a2f-bb4b-b58edae7958a-kube-api-access-7gg8n\") on node \"1bf1de2df7a7\" DevicePath \"\""
2025-01-27 17:08:19,803 INFO c.h.h.t.HelmChartContainer - [K3S] [reconciler_common.go:299] "Volume detached for volume \"operator-init\" (UniqueName: \"kubernetes.io/empty-dir/0ce83a88-a210-413d-9367-ba4db0cfae42-operator-init\") on node \"1bf1de2df7a7\" DevicePath \"\""
2025-01-27 17:08:19,803 INFO c.h.h.t.HelmChartContainer - [K3S] [reconciler_common.go:299] "Volume detached for volume \"operator-init\" (UniqueName: \"kubernetes.io/empty-dir/c3c611ca-8362-4a2f-bb4b-b58edae7958a-operator-init\") on node \"1bf1de2df7a7\" DevicePath \"\""
2025-01-27 17:08:19,804 INFO c.h.h.t.HelmChartContainer - [K3S] [scope.go:117] "RemoveContainer" containerID="d47dbc7cda0b49fc380a3929ad7d521892d06772417c552ee0bd5558b5a0e781"
2025-01-27 17:08:19,804 INFO c.h.h.t.HelmChartContainer - [K3S] [scope.go:117] "RemoveContainer" containerID="9088ba45bc7de137cd08e1edadbed8940e9f49ea6821156e7b0ffaff0f061d81"
2025-01-27 17:08:20,697 INFO c.h.h.t.HelmChartContainer - [POD] test-hivemq-platform-1 [c3c611ca-8362-4a2f-bb4b-b58edae7958a] in helmcustomconfigit was MODIFIED
2025-01-27 17:08:20,701 INFO c.h.h.t.HelmChartContainer - [POD] test-hivemq-platform-1 [c3c611ca-8362-4a2f-bb4b-b58edae7958a] in helmcustomconfigit was DELETED
2025-01-27 17:08:20,709 INFO c.h.h.t.HelmChartContainer - [POD] test-hivemq-platform-0 [0ce83a88-a210-413d-9367-ba4db0cfae42] in helmcustomconfigit was MODIFIED
2025-01-27 17:08:20,712 INFO c.h.h.t.HelmChartContainer - [POD] test-hivemq-platform-0 [0ce83a88-a210-413d-9367-ba4db0cfae42] in helmcustomconfigit was DELETED
2025-01-27 17:08:21,413 INFO c.h.h.t.HelmChartContainer - [K3S] [range_allocator.go:247] "Successfully synced" key="1bf1de2df7a7"
2025-01-27 17:08:22,305 INFO c.h.h.t.HelmChartContainer - [K3S] [kubelet_volumes.go:163] "Cleaned up orphaned pod volumes dir" podUID="0ce83a88-a210-413d-9367-ba4db0cfae42" path="/var/lib/kubelet/pods/0ce83a88-a210-413d-9367-ba4db0cfae42/volumes"
2025-01-27 17:08:22,305 INFO c.h.h.t.HelmChartContainer - [K3S] [kubelet_volumes.go:163] "Cleaned up orphaned pod volumes dir" podUID="c3c611ca-8362-4a2f-bb4b-b58edae7958a" path="/var/lib/kubelet/pods/c3c611ca-8362-4a2f-bb4b-b58edae7958a/volumes"
2025-01-27 17:08:24,011 INFO c.h.h.t.HelmChartContainer - Namespace 'helmcustomconfigit' deleted
2025-01-27 17:08:24,011 INFO c.h.h.t.HelmChartContainer - Release 'test-hivemq-platform' in namespace 'helmcustomconfigit' is uninstalled
2025-01-27 17:08:24,011 INFO c.h.h.t.HelmChartContainer - Uninstalling release 'test-hivemq-platform-operator' in namespace 'helmcustomconfigit-operator'...
2025-01-27 17:08:24,011 DEBUG c.h.h.t.HelmChartContainer - Executing helm command: /bin/helm --kubeconfig /etc/rancher/k3s/k3s.yaml uninstall test-hivemq-platform-operator  --wait --timeout 5m0s --cascade foreground --namespace helmcustomconfigit-operator
2025-01-27 17:08:24,168 INFO c.h.h.t.HelmChartContainer - [K3S] [replica_set.go:679] "Finished syncing" kind="ReplicaSet" key="helmcustomconfigit-operator/hivemq-test-hivemq-platform-operator-6966f96d65" duration="8.936209ms"
2025-01-27 17:08:24,168 INFO c.h.h.t.HelmChartContainer - [K3S] [replica_set.go:679] "Finished syncing" kind="ReplicaSet" key="helmcustomconfigit-operator/hivemq-test-hivemq-platform-operator-6966f96d65" duration="41.338µs"
2025-01-27 17:08:24,182 INFO c.h.h.t.HelmChartContainer - [POD] hivemq-test-hivemq-platform-operator-6966f96d65-p29f9 [e0d4622e-ffb6-4014-b288-72792317badc] in helmcustomconfigit-operator was MODIFIED
2025-01-27 17:08:24,193 INFO c.h.h.t.HelmChartContainer - [EVENT] Normal [Killing] Stopping container hivemq-platform-operator [helmcustomconfigit-operator:hivemq-test-hivemq-platform-operator-6966f96d65-p29f9]
2025-01-27 17:08:24,193 INFO c.h.h.t.HelmChartContainer - Received Killing event for container hivemq-platform-operator in pod hivemq-test-hivemq-platform-operator-6966f96d65-p29f9 [e0d4622e-ffb6-4014-b288-72792317badc]
2025-01-27 17:08:24,193 INFO c.h.h.t.HelmChartContainer - Container [hivemq-test-hivemq-platform-operator-6966f96d65-p29f9] [hivemq-platform-operator] [e0d4622e-ffb6-4014-b288-72792317badc] was terminated
2025-01-27 17:08:24,194 INFO c.h.h.t.HelmChartContainer - Stopped log watcher for hivemq-platform-operator in pod hivemq-test-hivemq-platform-operator-6966f96d65-p29f9 [e0d4622e-ffb6-4014-b288-72792317badc]
2025-01-27 17:08:24,195 INFO c.h.h.t.HelmChartContainer - [hivemq-test-hivemq-platform] [hivemq-platform-operator] [e0d4622e] 17:08:24.193 [application-shutdown-thread] INFO  c.h.p.o.HiveMQPlatformOperatorApplication - HiveMQ Platform Operator is stopping...
2025-01-27 17:08:24,195 INFO c.h.h.t.HelmChartContainer - [hivemq-test-hivemq-platform] [hivemq-platform-operator] [e0d4622e] 17:08:24.194 [application-shutdown-thread] INFO  i.javaoperatorsdk.operator.Operator - Operator SDK 4.9.7 is shutting down...
2025-01-27 17:08:24,202 INFO c.h.h.t.HelmChartContainer - [K3S] [replica_set.go:679] "Finished syncing" kind="ReplicaSet" key="helmcustomconfigit-operator/hivemq-test-hivemq-platform-operator-6966f96d65" duration="14.992502ms"
2025-01-27 17:08:24,205 INFO c.h.h.t.HelmChartContainer - [K3S] [replica_set.go:679] "Finished syncing" kind="ReplicaSet" key="helmcustomconfigit-operator/hivemq-test-hivemq-platform-operator-6966f96d65" duration="44.212µs"
2025-01-27 17:08:24,757 INFO c.h.h.t.HelmChartContainer - [K3S] [replica_set.go:679] "Finished syncing" kind="ReplicaSet" key="helmcustomconfigit-operator/hivemq-test-hivemq-platform-operator-6966f96d65" duration="48.28µs"
2025-01-27 17:08:24,758 INFO c.h.h.t.HelmChartContainer - [POD] hivemq-test-hivemq-platform-operator-6966f96d65-p29f9 [e0d4622e-ffb6-4014-b288-72792317badc] in helmcustomconfigit-operator was MODIFIED
2025-01-27 17:08:24,830 INFO c.h.h.t.HelmChartContainer - [K3S] [reconciler_common.go:162] "operationExecutor.UnmountVolume started for volume \"kube-api-access-kw5v9\" (UniqueName: \"kubernetes.io/projected/e0d4622e-ffb6-4014-b288-72792317badc-kube-api-access-kw5v9\") pod \"e0d4622e-ffb6-4014-b288-72792317badc\" (UID: \"e0d4622e-ffb6-4014-b288-72792317badc\") "
2025-01-27 17:08:24,931 INFO c.h.h.t.HelmChartContainer - [K3S] [reconciler_common.go:299] "Volume detached for volume \"kube-api-access-kw5v9\" (UniqueName: \"kubernetes.io/projected/e0d4622e-ffb6-4014-b288-72792317badc-kube-api-access-kw5v9\") on node \"1bf1de2df7a7\" DevicePath \"\""
2025-01-27 17:08:25,696 INFO c.h.h.t.HelmChartContainer - [K3S] [scope.go:117] "RemoveContainer" containerID="06fee0c8f1528226904cace880fe5fdfeff99de85e4a05dc69e3c9d1fb38b24b"
2025-01-27 17:08:25,708 INFO c.h.h.t.HelmChartContainer - [K3S] [replica_set.go:679] "Finished syncing" kind="ReplicaSet" key="helmcustomconfigit-operator/hivemq-test-hivemq-platform-operator-6966f96d65" duration="58.6µs"
2025-01-27 17:08:25,709 INFO c.h.h.t.HelmChartContainer - [POD] hivemq-test-hivemq-platform-operator-6966f96d65-p29f9 [e0d4622e-ffb6-4014-b288-72792317badc] in helmcustomconfigit-operator was MODIFIED
2025-01-27 17:08:25,711 INFO c.h.h.t.HelmChartContainer - [POD] hivemq-test-hivemq-platform-operator-6966f96d65-p29f9 [e0d4622e-ffb6-4014-b288-72792317badc] in helmcustomconfigit-operator was DELETED
2025-01-27 17:08:25,711 INFO c.h.h.t.HelmChartContainer - [K3S] [replica_set.go:679] "Finished syncing" kind="ReplicaSet" key="helmcustomconfigit-operator/hivemq-test-hivemq-platform-operator-6966f96d65" duration="36.538µs"
2025-01-27 17:08:25,724 INFO c.h.h.t.HelmChartContainer - [K3S] [replica_set.go:679] "Finished syncing" kind="ReplicaSet" key="helmcustomconfigit-operator/hivemq-test-hivemq-platform-operator-6966f96d65" duration="6.312µs"
2025-01-27 17:08:26,216 INFO c.h.h.t.HelmChartContainer - Deleting namespace 'helmcustomconfigit-operator'...
2025-01-27 17:08:26,304 INFO c.h.h.t.HelmChartContainer - [K3S] [kubelet_volumes.go:163] "Cleaned up orphaned pod volumes dir" podUID="e0d4622e-ffb6-4014-b288-72792317badc" path="/var/lib/kubelet/pods/e0d4622e-ffb6-4014-b288-72792317badc/volumes"
2025-01-27 17:08:28,959 INFO c.h.h.t.HelmChartContainer - [K3S] [namespace_controller.go:187] "Namespace has been deleted" namespace="helmcustomconfigit"
2025-01-27 17:08:31,436 INFO c.h.h.t.HelmChartContainer - Namespace 'helmcustomconfigit-operator' deleted
2025-01-27 17:08:31,436 INFO c.h.h.t.HelmChartContainer - Release 'test-hivemq-platform-operator' in namespace 'helmcustomconfigit-operator' is uninstalled
2025-01-27 17:08:32,424 INFO c.h.helmcharts.AbstractHelmChartIT - Removed unused containers:

2025-01-27 17:08:36,310 INFO c.h.h.t.HelmChartContainer - [K3S] [scope.go:117] "RemoveContainer" containerID="7ca7f007dab944eb1c80f57402cbd3ded125f2a0fcf1c53f7114c078a3ee515d"
2025-01-27 17:08:36,314 INFO c.h.h.t.HelmChartContainer - [K3S] [scope.go:117] "RemoveContainer" containerID="15ce1d4bd829bc06ec3001996bfd5f6d15da7a17bafa7d40559c11b0c9ae19ee"
2025-01-27 17:08:36,341 INFO c.h.h.t.HelmChartContainer - [K3S] [namespace_controller.go:187] "Namespace has been deleted" namespace="helmcustomconfigit-operator"
2025-01-27 17:08:40,607 INFO c.h.helmcharts.AbstractHelmChartIT - Removed unused snapshots:
Removing snapshot sha256:026a712f86a389a5fd74927b58e3b9c46d97b4685244a93cf8afd5dd2d926256
Removing snapshot sha256:03af251906410714c5aef9fa705b63f6bbc39c4a5e787de7361eeb18886c2ed2
Removing snapshot sha256:04586d725303b4dcbc0cdc42a56e7852bc8859e90a3b42def5c29ab6c5b2378a
Removing snapshot sha256:0c46b3b43cce082ce5ec34ffc6c294e0417d17b9d1e6f366d114b6aadc4f96dc
Removing snapshot sha256:0ce761beee59082d6ed5bcebd3a805b8ddd9b3426b617e4809e7fb7c6587ffec
Removing snapshot sha256:1021ef88c7974bfff89c5a0ec4fd3160daac6c48a075f74cff721f85dd104e68
Removing snapshot sha256:10aba4953ddc18145dd38e3704709bc464aa20af60b56fe52caaff4b68411e62
Removing snapshot sha256:12fcdb97878a8124028dd759e7639b77bca16c0f46aabea18189ae25af2554ab
Removing snapshot sha256:1e9dcbfa358ec0e4f38a716c57259dde7f03a0b5b2c130f787ddce42a206b234
Removing snapshot sha256:21afe678a03d24fe828669dcd0b1fd587b7dbf9eb227147d54c389ed4e1a5235
Removing snapshot sha256:2573e0d8158209ed54ab25c87bcdcb00bd3d2539246960a3d592a1c599d70465
Removing snapshot sha256:362a8a37f8bbc31925a8146adcf7cf51f9882f5c1dcbef67c5baa03a297543c0
Removing snapshot sha256:43a7c979bbaba6838bc3102d6b10a1459f3ab050b87ccdfef84ef90cf43d3058
Removing snapshot sha256:4ab04491cdf0d3267f08206fe30bd48f49f94b9cab2f016d6739220f722a64af
Removing snapshot sha256:4b6068250e89c96f263060261819c7d912855bfbd64b3eb4c4a8483299b8c295
Removing snapshot sha256:54760460dde328a0df5fb97426e3821ea3128f2a777231b6e8478cdaf84d50a9
Removing snapshot sha256:580e69a0a8034ede1921139bbd2bfb72a69ebf276d008281896c32dd8bf74775
Removing snapshot sha256:5ad32423e4b556ca23e4a282f00b6c28ba2ec8ad2b7822350a080868a3597d3e
Removing snapshot sha256:5d30ba46b27fe37484567ccc5242cadc78217b8da605f3f195ef25cbf7487904
Removing snapshot sha256:63ca1fbb43ae5034640e5e6cb3e083e05c290072c5366fcaa9d62435a4cced85
Removing snapshot sha256:67f702c6baae873bceb19487c8b1f27bd2b86077e4f2f0e480e6d60ab508b8f5
Removing snapshot sha256:6864348dd42806d552efdec384f1274be15e2d0c10ce44c1f04347af004c10a9
Removing snapshot sha256:6b6a1f10cca10ea08499c191fc025406a23858de44f58930b06dc6608ff034e5
Removing snapshot sha256:6c7dee8f2c39b84b7dc2711c01d33de93514d9055499173e9290176fbe484b6c
Removing snapshot sha256:82753493a6d61ded36556292f02f31841a14c20d2f279f19eaad65afb661d5cd
Removing snapshot sha256:8a10d3db42c505ee0fcfa98417bdd7e39b304f6bcc0a06bb1b220797ff2cc63c
Removing snapshot sha256:a0904247e36a7726c03c71ee48f3e64462021c88dafeb13f37fdaf613b27f11c
Removing snapshot sha256:a21e5b12dbac529ad45d976eb9ce45c881f3bedcc500fb30aba1e52aa1813418
Removing snapshot sha256:b921e6c28969094157f9b8e7244677780319637afd14450b7cb6b2fdea558a0c
Removing snapshot sha256:bc27ecb5769a00e309cf99ebc763c4a4b958b618d1decc96ffac5bc05f02f5b7
Removing snapshot sha256:be3ccb6627a5332e309d45ef461d09b4879dd870c7394d89323d0ebc6ca6aa8a
Removing snapshot sha256:c261f7cbbc64211ee175ee47273acdb7b1a36a4450b397a064a8f2c026490095
Removing snapshot sha256:c34d9393647eea0c9e3557ab988efaf59f61d10a2a5613b439ef0958cca5ec10
Removing snapshot sha256:ccf3c4a0fa967a41c1c83497a2ce6fa5787965859df0adb32c4ca2cf7490bc2b
Removing snapshot sha256:cf92d33f869417309692088c341cd0f223c178ea78a125f757317b22aa8f90e9
Removing snapshot sha256:d0037344cf2fb078884f1849f6a1f8cf9a33a3b6139b6a85833e5ee528e1f9a8
Removing snapshot sha256:d3b36d5b79273b1e98e7700470eaeff05a882e777124d84cebcc1505b85ecb36
Removing snapshot sha256:d65a44a37914602d12c611e5e22a50f11451d847e63015cc1c2aef92dee777a4
Removing snapshot sha256:e2dc0bae2455930f23ae570e019b7f32edc75c0f2d71cab084db837ff9051796
Removing snapshot sha256:eccbd24a99c60cd9e86ee5305dbfc4a4dc89f5ab4fb1f06c8d64797cecedef34
Removing snapshot sha256:f144bb4c7c7f0d2aa7eeffd36d934ec40db1ee167be727e326aad9fdc616f475

2025-01-27 17:08:40,607 WARN c.h.helmcharts.AbstractHelmChartIT - Error during removal of snapshots:
ctr: failed to remove "sha256:026a712f86a389a5fd74927b58e3b9c46d97b4685244a93cf8afd5dd2d926256": cannot remove snapshot with child: failed precondition
ctr: failed to remove "sha256:03af251906410714c5aef9fa705b63f6bbc39c4a5e787de7361eeb18886c2ed2": cannot remove snapshot with child: failed precondition
ctr: failed to remove "sha256:04586d725303b4dcbc0cdc42a56e7852bc8859e90a3b42def5c29ab6c5b2378a": cannot remove snapshot with child: failed precondition
ctr: failed to remove "sha256:0c46b3b43cce082ce5ec34ffc6c294e0417d17b9d1e6f366d114b6aadc4f96dc": cannot remove snapshot with child: failed precondition
ctr: failed to remove "sha256:0ce761beee59082d6ed5bcebd3a805b8ddd9b3426b617e4809e7fb7c6587ffec": cannot remove snapshot with child: failed precondition
ctr: failed to remove "sha256:1021ef88c7974bfff89c5a0ec4fd3160daac6c48a075f74cff721f85dd104e68": cannot remove snapshot with child: failed precondition
ctr: failed to remove "sha256:10aba4953ddc18145dd38e3704709bc464aa20af60b56fe52caaff4b68411e62": cannot remove snapshot with child: failed precondition
ctr: failed to remove "sha256:12fcdb97878a8124028dd759e7639b77bca16c0f46aabea18189ae25af2554ab": cannot remove snapshot with child: failed precondition
ctr: failed to remove "sha256:21afe678a03d24fe828669dcd0b1fd587b7dbf9eb227147d54c389ed4e1a5235": cannot remove snapshot with child: failed precondition
ctr: failed to remove "sha256:2573e0d8158209ed54ab25c87bcdcb00bd3d2539246960a3d592a1c599d70465": cannot remove snapshot with child: failed precondition
ctr: failed to remove "sha256:362a8a37f8bbc31925a8146adcf7cf51f9882f5c1dcbef67c5baa03a297543c0": cannot remove snapshot with child: failed precondition
ctr: failed to remove "sha256:43a7c979bbaba6838bc3102d6b10a1459f3ab050b87ccdfef84ef90cf43d3058": cannot remove snapshot with child: failed precondition
ctr: failed to remove "sha256:4ab04491cdf0d3267f08206fe30bd48f49f94b9cab2f016d6739220f722a64af": cannot remove snapshot with child: failed precondition
ctr: failed to remove "sha256:4b6068250e89c96f263060261819c7d912855bfbd64b3eb4c4a8483299b8c295": cannot remove snapshot with child: failed precondition
ctr: failed to remove "sha256:54760460dde328a0df5fb97426e3821ea3128f2a777231b6e8478cdaf84d50a9": cannot remove snapshot with child: failed precondition
ctr: failed to remove "sha256:580e69a0a8034ede1921139bbd2bfb72a69ebf276d008281896c32dd8bf74775": cannot remove snapshot with child: failed precondition
ctr: failed to remove "sha256:5ad32423e4b556ca23e4a282f00b6c28ba2ec8ad2b7822350a080868a3597d3e": cannot remove snapshot with child: failed precondition
ctr: failed to remove "sha256:5d30ba46b27fe37484567ccc5242cadc78217b8da605f3f195ef25cbf7487904": cannot remove snapshot with child: failed precondition
ctr: failed to remove "sha256:63ca1fbb43ae5034640e5e6cb3e083e05c290072c5366fcaa9d62435a4cced85": cannot remove snapshot with child: failed precondition
ctr: failed to remove "sha256:67f702c6baae873bceb19487c8b1f27bd2b86077e4f2f0e480e6d60ab508b8f5": cannot remove snapshot with child: failed precondition
ctr: failed to remove "sha256:6864348dd42806d552efdec384f1274be15e2d0c10ce44c1f04347af004c10a9": cannot remove snapshot with child: failed precondition
ctr: failed to remove "sha256:6c7dee8f2c39b84b7dc2711c01d33de93514d9055499173e9290176fbe484b6c": cannot remove snapshot with child: failed precondition
ctr: failed to remove "sha256:82753493a6d61ded36556292f02f31841a14c20d2f279f19eaad65afb661d5cd": cannot remove snapshot with child: failed precondition
ctr: failed to remove "sha256:8a10d3db42c505ee0fcfa98417bdd7e39b304f6bcc0a06bb1b220797ff2cc63c": cannot remove snapshot with child: failed precondition
ctr: failed to remove "sha256:a0904247e36a7726c03c71ee48f3e64462021c88dafeb13f37fdaf613b27f11c": cannot remove snapshot with child: failed precondition
ctr: failed to remove "sha256:a21e5b12dbac529ad45d976eb9ce45c881f3bedcc500fb30aba1e52aa1813418": cannot remove snapshot with child: failed precondition
ctr: failed to remove "sha256:b921e6c28969094157f9b8e7244677780319637afd14450b7cb6b2fdea558a0c": cannot remove snapshot with child: failed precondition
ctr: failed to remove "sha256:bc27ecb5769a00e309cf99ebc763c4a4b958b618d1decc96ffac5bc05f02f5b7": cannot remove snapshot with child: failed precondition
ctr: failed to remove "sha256:be3ccb6627a5332e309d45ef461d09b4879dd870c7394d89323d0ebc6ca6aa8a": cannot remove snapshot with child: failed precondition
ctr: failed to remove "sha256:c261f7cbbc64211ee175ee47273acdb7b1a36a4450b397a064a8f2c026490095": cannot remove snapshot with child: failed precondition
ctr: failed to remove "sha256:c34d9393647eea0c9e3557ab988efaf59f61d10a2a5613b439ef0958cca5ec10": cannot remove snapshot with child: failed precondition
ctr: failed to remove "sha256:ccf3c4a0fa967a41c1c83497a2ce6fa5787965859df0adb32c4ca2cf7490bc2b": cannot remove snapshot with child: failed precondition
ctr: failed to remove "sha256:cf92d33f869417309692088c341cd0f223c178ea78a125f757317b22aa8f90e9": cannot remove snapshot with child: failed precondition
ctr: failed to remove "sha256:d0037344cf2fb078884f1849f6a1f8cf9a33a3b6139b6a85833e5ee528e1f9a8": cannot remove snapshot with child: failed precondition
ctr: failed to remove "sha256:d3b36d5b79273b1e98e7700470eaeff05a882e777124d84cebcc1505b85ecb36": cannot remove snapshot with child: failed precondition
ctr: failed to remove "sha256:d65a44a37914602d12c611e5e22a50f11451d847e63015cc1c2aef92dee777a4": cannot remove snapshot with child: failed precondition
ctr: failed to remove "sha256:e2dc0bae2455930f23ae570e019b7f32edc75c0f2d71cab084db837ff9051796": cannot remove snapshot with child: failed precondition
ctr: failed to remove "sha256:eccbd24a99c60cd9e86ee5305dbfc4a4dc89f5ab4fb1f06c8d64797cecedef34": cannot remove snapshot with child: failed precondition
ctr: failed to remove "sha256:f144bb4c7c7f0d2aa7eeffd36d934ec40db1ee167be727e326aad9fdc616f475": cannot remove snapshot with child: failed precondition

]]></system-out>
  </testcase>
  <testcase name="withCustomEnvVars_hivemqRunning()" classname="com.hivemq.helmcharts.platform.HelmCustomConfigIT" time="147.376">
    <system-out><![CDATA[2025-01-27 17:08:40,609 INFO c.h.h.t.HelmChartContainer - Creating namespace 'helmcustomconfigit-operator'...
2025-01-27 17:08:40,614 INFO c.h.h.t.HelmChartContainer - Namespace 'helmcustomconfigit-operator' created
2025-01-27 17:08:40,614 INFO c.h.h.t.HelmChartContainer - Creating namespace 'helmcustomconfigit'...
2025-01-27 17:08:40,620 INFO c.h.h.t.HelmChartContainer - Namespace 'helmcustomconfigit' created
2025-01-27 17:08:40,628 INFO c.h.h.testcontainer.LogWaiterUtil - TEST Waiting for log pattern on 'hivemq-test-hivemq-platform-operator-.*': .*Registered reconciler: 'hivemq-controller' for resource: 'class com.hivemq.platform.operator.v1.HiveMQPlatform' for namespace\(s\): \[helmcustomconfigit\]
2025-01-27 17:08:40,694 DEBUG c.h.h.t.HelmChartContainer - Executing helm command: /bin/helm --kubeconfig /etc/rancher/k3s/k3s.yaml install test-hivemq-platform-operator /charts/hivemq-platform-operator --wait --timeout 5m0s --set image.repository=docker.io/hivemq --set image.name=hivemq-platform-operator-test --set image.initImageName=hivemq-platform-operator-init-test --set image.tag=snapshot --set image.pullPolicy=Never --set logLevel=DEBUG --set resources.cpu=512m -f /files/custom-operator-env-vars-values.yaml --namespace helmcustomconfigit-operator
2025-01-27 17:08:41,009 INFO c.h.h.t.HelmChartContainer - [K3S] [alloc.go:330] "allocated clusterIPs" service="helmcustomconfigit-operator/hivemq-platform-operator-test-hivemq-platform-operator" clusterIPs={"IPv4":"10.43.230.105"}
2025-01-27 17:08:41,031 INFO c.h.h.t.HelmChartContainer - [EVENT] Normal [ScalingReplicaSet] Scaled up replica set hivemq-test-hivemq-platform-operator-67f7c95fb6 from 0 to 1 [helmcustomconfigit-operator:hivemq-test-hivemq-platform-operator]
2025-01-27 17:08:41,036 INFO c.h.h.t.HelmChartContainer - [POD] hivemq-test-hivemq-platform-operator-67f7c95fb6-6nfjz [225f2588-d350-4265-bd51-d407a7d1b860] in helmcustomconfigit-operator was ADDED
2025-01-27 17:08:41,045 INFO c.h.h.t.HelmChartContainer - [EVENT] Normal [SuccessfulCreate] Created pod: hivemq-test-hivemq-platform-operator-67f7c95fb6-6nfjz [helmcustomconfigit-operator:hivemq-test-hivemq-platform-operator-67f7c95fb6]
2025-01-27 17:08:41,046 INFO c.h.h.t.HelmChartContainer - [K3S] [replica_set.go:679] "Finished syncing" kind="ReplicaSet" key="helmcustomconfigit-operator/hivemq-test-hivemq-platform-operator-67f7c95fb6" duration="22.141052ms"
2025-01-27 17:08:41,047 INFO c.h.h.t.HelmChartContainer - [POD] hivemq-test-hivemq-platform-operator-67f7c95fb6-6nfjz [225f2588-d350-4265-bd51-d407a7d1b860] in helmcustomconfigit-operator was MODIFIED
2025-01-27 17:08:41,049 INFO c.h.h.t.HelmChartContainer - [K3S] [memory_manager.go:355] "RemoveStaleState removing state" podUID="e0d4622e-ffb6-4014-b288-72792317badc" containerName="hivemq-platform-operator"
2025-01-27 17:08:41,049 INFO c.h.h.t.HelmChartContainer - [K3S] [memory_manager.go:355] "RemoveStaleState removing state" podUID="0ce83a88-a210-413d-9367-ba4db0cfae42" containerName="hivemq"
2025-01-27 17:08:41,049 INFO c.h.h.t.HelmChartContainer - [K3S] [memory_manager.go:355] "RemoveStaleState removing state" podUID="c3c611ca-8362-4a2f-bb4b-b58edae7958a" containerName="hivemq"
2025-01-27 17:08:41,055 INFO c.h.h.t.HelmChartContainer - [K3S] [replica_set.go:679] "Finished syncing" kind="ReplicaSet" key="helmcustomconfigit-operator/hivemq-test-hivemq-platform-operator-67f7c95fb6" duration="8.859817ms"
2025-01-27 17:08:41,058 INFO c.h.h.t.HelmChartContainer - [EVENT] Normal [Scheduled] Successfully assigned helmcustomconfigit-operator/hivemq-test-hivemq-platform-operator-67f7c95fb6-6nfjz to 1bf1de2df7a7 [helmcustomconfigit-operator:hivemq-test-hivemq-platform-operator-67f7c95fb6-6nfjz]
2025-01-27 17:08:41,068 INFO c.h.h.t.HelmChartContainer - [POD] hivemq-test-hivemq-platform-operator-67f7c95fb6-6nfjz [225f2588-d350-4265-bd51-d407a7d1b860] in helmcustomconfigit-operator was MODIFIED
2025-01-27 17:08:41,088 INFO c.h.h.t.HelmChartContainer - [K3S] [replica_set.go:679] "Finished syncing" kind="ReplicaSet" key="helmcustomconfigit-operator/hivemq-test-hivemq-platform-operator-67f7c95fb6" duration="33.224283ms"
2025-01-27 17:08:41,088 INFO c.h.h.t.HelmChartContainer - [K3S] [replica_set.go:679] "Finished syncing" kind="ReplicaSet" key="helmcustomconfigit-operator/hivemq-test-hivemq-platform-operator-67f7c95fb6" duration="118.832µs"
2025-01-27 17:08:41,227 INFO c.h.h.t.HelmChartContainer - [K3S] [reconciler_common.go:251] "operationExecutor.VerifyControllerAttachedVolume started for volume \"kube-api-access-nqhsg\" (UniqueName: \"kubernetes.io/projected/225f2588-d350-4265-bd51-d407a7d1b860-kube-api-access-nqhsg\") pod \"hivemq-test-hivemq-platform-operator-67f7c95fb6-6nfjz\" (UID: \"225f2588-d350-4265-bd51-d407a7d1b860\") " pod="helmcustomconfigit-operator/hivemq-test-hivemq-platform-operator-67f7c95fb6-6nfjz"
2025-01-27 17:08:41,453 INFO c.h.h.t.HelmChartContainer - [EVENT] Normal [Pulled] Container image "docker.io/hivemq/hivemq-platform-operator-test:snapshot" already present on machine [helmcustomconfigit-operator:hivemq-test-hivemq-platform-operator-67f7c95fb6-6nfjz]
2025-01-27 17:08:41,453 INFO c.h.h.t.HelmChartContainer - Received Pulled event for container hivemq-platform-operator in pod hivemq-test-hivemq-platform-operator-67f7c95fb6-6nfjz [225f2588-d350-4265-bd51-d407a7d1b860]
2025-01-27 17:08:42,734 INFO c.h.h.t.HelmChartContainer - [EVENT] Normal [Created] Created container: hivemq-platform-operator [helmcustomconfigit-operator:hivemq-test-hivemq-platform-operator-67f7c95fb6-6nfjz]
2025-01-27 17:08:42,734 INFO c.h.h.t.HelmChartContainer - Received Created event for container hivemq-platform-operator in pod hivemq-test-hivemq-platform-operator-67f7c95fb6-6nfjz [225f2588-d350-4265-bd51-d407a7d1b860]
2025-01-27 17:08:43,734 INFO c.h.h.t.HelmChartContainer - [POD] hivemq-test-hivemq-platform-operator-67f7c95fb6-6nfjz [225f2588-d350-4265-bd51-d407a7d1b860] in helmcustomconfigit-operator was MODIFIED
2025-01-27 17:08:43,735 INFO c.h.h.t.HelmChartContainer - [K3S] [replica_set.go:679] "Finished syncing" kind="ReplicaSet" key="helmcustomconfigit-operator/hivemq-test-hivemq-platform-operator-67f7c95fb6" duration="43.231µs"
2025-01-27 17:08:43,750 INFO c.h.h.t.HelmChartContainer - [EVENT] Normal [Started] Started container hivemq-platform-operator [helmcustomconfigit-operator:hivemq-test-hivemq-platform-operator-67f7c95fb6-6nfjz]
2025-01-27 17:08:43,750 INFO c.h.h.t.HelmChartContainer - Received Started event for container hivemq-platform-operator in pod hivemq-test-hivemq-platform-operator-67f7c95fb6-6nfjz [225f2588-d350-4265-bd51-d407a7d1b860]
2025-01-27 17:08:43,750 INFO c.h.h.t.HelmChartContainer - Started log watcher for hivemq-platform-operator in pod hivemq-test-hivemq-platform-operator-67f7c95fb6-6nfjz [225f2588-d350-4265-bd51-d407a7d1b860]
2025-01-27 17:08:43,751 INFO c.h.h.t.HelmChartContainer - [hivemq-test-hivemq-platform] [hivemq-platform-operator] [225f2588] -------------------------------------------------------------------------
2025-01-27 17:08:43,751 INFO c.h.h.t.HelmChartContainer - [hivemq-test-hivemq-platform] [hivemq-platform-operator] [225f2588] 
2025-01-27 17:08:43,751 INFO c.h.h.t.HelmChartContainer - [hivemq-test-hivemq-platform] [hivemq-platform-operator] [225f2588]                   _    _  _              __  __   ____
2025-01-27 17:08:43,751 INFO c.h.h.t.HelmChartContainer - [hivemq-test-hivemq-platform] [hivemq-platform-operator] [225f2588]                  | |  | |(_)            |  \/  | / __ \
2025-01-27 17:08:43,751 INFO c.h.h.t.HelmChartContainer - [hivemq-test-hivemq-platform] [hivemq-platform-operator] [225f2588]                  | |__| | _ __   __ ___ | \  / || |  | |
2025-01-27 17:08:43,751 INFO c.h.h.t.HelmChartContainer - [hivemq-test-hivemq-platform] [hivemq-platform-operator] [225f2588]                  |  __  || |\ \ / // _ \| |\/| || |  | |
2025-01-27 17:08:43,751 INFO c.h.h.t.HelmChartContainer - [hivemq-test-hivemq-platform] [hivemq-platform-operator] [225f2588]                  | |  | || | \ V /|  __/| |  | || |__| |
2025-01-27 17:08:43,751 INFO c.h.h.t.HelmChartContainer - [hivemq-test-hivemq-platform] [hivemq-platform-operator] [225f2588]                  |_|  |_||_|  \_/  \___||_|  |_| \___\_\
2025-01-27 17:08:43,751 INFO c.h.h.t.HelmChartContainer - [hivemq-test-hivemq-platform] [hivemq-platform-operator] [225f2588] 
2025-01-27 17:08:43,751 INFO c.h.h.t.HelmChartContainer - [hivemq-test-hivemq-platform] [hivemq-platform-operator] [225f2588] -------------------------------------------------------------------------
2025-01-27 17:08:43,751 INFO c.h.h.t.HelmChartContainer - [hivemq-test-hivemq-platform] [hivemq-platform-operator] [225f2588] 
2025-01-27 17:08:43,751 INFO c.h.h.t.HelmChartContainer - [hivemq-test-hivemq-platform] [hivemq-platform-operator] [225f2588]   HiveMQ Platform Operator Start Script v1.0
2025-01-27 17:08:43,752 INFO c.h.h.t.HelmChartContainer - [hivemq-test-hivemq-platform] [hivemq-platform-operator] [225f2588] 
2025-01-27 17:08:43,752 INFO c.h.h.t.HelmChartContainer - [hivemq-test-hivemq-platform] [hivemq-platform-operator] [225f2588] -------------------------------------------------------------------------
2025-01-27 17:08:43,752 INFO c.h.h.t.HelmChartContainer - [hivemq-test-hivemq-platform] [hivemq-platform-operator] [225f2588] 
2025-01-27 17:08:43,752 INFO c.h.h.t.HelmChartContainer - [hivemq-test-hivemq-platform] [hivemq-platform-operator] [225f2588]   JAVA_OPTS: -XX:+UnlockExperimentalVMOptions -XX:InitialRAMPercentage=75 -XX:MaxRAMPercentage=75 -Duser.language=en -Duser.region=US
2025-01-27 17:08:43,752 INFO c.h.h.t.HelmChartContainer - [hivemq-test-hivemq-platform] [hivemq-platform-operator] [225f2588] 
2025-01-27 17:08:43,752 INFO c.h.h.t.HelmChartContainer - [hivemq-test-hivemq-platform] [hivemq-platform-operator] [225f2588]   JAVA_VERSION: 21
2025-01-27 17:08:43,752 INFO c.h.h.t.HelmChartContainer - [hivemq-test-hivemq-platform] [hivemq-platform-operator] [225f2588] 
2025-01-27 17:08:43,752 INFO c.h.h.t.HelmChartContainer - [hivemq-test-hivemq-platform] [hivemq-platform-operator] [225f2588] -------------------------------------------------------------------------
2025-01-27 17:08:43,752 INFO c.h.h.t.HelmChartContainer - [hivemq-test-hivemq-platform] [hivemq-platform-operator] [225f2588] 
2025-01-27 17:08:46,138 INFO c.h.h.t.HelmChartContainer - [hivemq-test-hivemq-platform] [hivemq-platform-operator] [225f2588] 17:08:46.135 [main] DEBUG org.jboss.logging - Logging Provider: org.jboss.logging.Slf4jLoggerProvider
2025-01-27 17:08:46,242 INFO c.h.h.t.HelmChartContainer - [hivemq-test-hivemq-platform] [hivemq-platform-operator] [225f2588] 17:08:46.241 [main] DEBUG io.smallrye.config - SRCFG01006: Loaded ConfigSource SysPropConfigSource with ordinal 400
2025-01-27 17:08:46,242 INFO c.h.h.t.HelmChartContainer - [hivemq-test-hivemq-platform] [hivemq-platform-operator] [225f2588] 17:08:46.241 [main] DEBUG io.smallrye.config - SRCFG01006: Loaded ConfigSource EnvConfigSource with ordinal 300
2025-01-27 17:08:46,242 INFO c.h.h.t.HelmChartContainer - [hivemq-test-hivemq-platform] [hivemq-platform-operator] [225f2588] 17:08:46.241 [main] DEBUG io.smallrye.config - SRCFG01006: Loaded ConfigSource PropertiesConfigSource[source=jar:file:///opt/hivemq-platform-operator/bin/hivemq-platform-operator.jar!/hivemq-platform-operator.properties] with ordinal 100
2025-01-27 17:08:46,242 INFO c.h.h.t.HelmChartContainer - [hivemq-test-hivemq-platform] [hivemq-platform-operator] [225f2588] 17:08:46.241 [main] DEBUG io.smallrye.config - SRCFG01006: Loaded ConfigSource DefaultValuesConfigSource with ordinal -2147483648
2025-01-27 17:08:46,338 INFO c.h.h.t.HelmChartContainer - [hivemq-test-hivemq-platform] [hivemq-platform-operator] [225f2588] 17:08:46.337 [main] DEBUG i.m.c.u.i.l.InternalLoggerFactory - Using SLF4J as the default logging framework
2025-01-27 17:08:46,447 INFO c.h.h.t.HelmChartContainer - [hivemq-test-hivemq-platform] [hivemq-platform-operator] [225f2588] 17:08:46.440 [main] INFO  c.h.p.o.HiveMQPlatformOperatorApplication - HiveMQ Platform Operator 1.7.0-SNAPSHOT (commit: bebf408 on branch: HEAD) built on Sun Jan 26 20:47:47 UTC 2025
2025-01-27 17:08:46,447 INFO c.h.h.t.HelmChartContainer - [hivemq-test-hivemq-platform] [hivemq-platform-operator] [225f2588] 17:08:46.446 [main] INFO  c.h.p.o.HiveMQPlatformOperatorApplication - HiveMQ Platform Operator is running in namespace: helmcustomconfigit-operator
2025-01-27 17:08:46,447 INFO c.h.h.t.HelmChartContainer - [hivemq-test-hivemq-platform] [hivemq-platform-operator] [225f2588] 17:08:46.446 [main] INFO  c.h.p.o.HiveMQPlatformOperatorApplication - Watching namespaces: helmcustomconfigit
2025-01-27 17:08:46,448 INFO c.h.h.t.HelmChartContainer - [hivemq-test-hivemq-platform] [hivemq-platform-operator] [225f2588] 17:08:46.446 [main] INFO  c.h.p.o.HiveMQPlatformOperatorApplication - Log level: DEBUG
2025-01-27 17:08:46,448 INFO c.h.h.t.HelmChartContainer - [hivemq-test-hivemq-platform] [hivemq-platform-operator] [225f2588] 17:08:46.446 [main] INFO  c.h.p.o.HiveMQPlatformOperatorApplication - Release name: test-hivemq-platform-operator
2025-01-27 17:08:46,449 INFO c.h.h.t.HelmChartContainer - [hivemq-test-hivemq-platform] [hivemq-platform-operator] [225f2588] 17:08:46.446 [main] INFO  c.h.p.o.HiveMQPlatformOperatorApplication - HiveMQ Platform Operator Init image: docker.io/hivemq/hivemq-platform-operator-init-test:snapshot
2025-01-27 17:08:46,450 INFO c.h.h.t.HelmChartContainer - [hivemq-test-hivemq-platform] [hivemq-platform-operator] [225f2588] 17:08:46.446 [main] INFO  c.h.p.o.HiveMQPlatformOperatorApplication - HiveMQ Platform Operator Init App update URL: http://hivemq-platform-operator-test-hivemq-platform-operator.helmcustomconfigit-operator.svc:8080/initAppUpdate/hivemq-platform-operator-init-app-1.7.0-SNAPSHOT.jar
2025-01-27 17:08:46,450 INFO c.h.h.t.HelmChartContainer - [hivemq-test-hivemq-platform] [hivemq-platform-operator] [225f2588] 17:08:46.446 [main] INFO  c.h.p.o.HiveMQPlatformOperatorApplication - Additional imagePullSecret for all Platform deployments: none
2025-01-27 17:08:46,450 INFO c.h.h.t.HelmChartContainer - [hivemq-test-hivemq-platform] [hivemq-platform-operator] [225f2588] 17:08:46.446 [main] INFO  c.h.p.o.HiveMQPlatformOperatorApplication - Apply HiveMQ Platform CRD: true
2025-01-27 17:08:46,452 INFO c.h.h.t.HelmChartContainer - [hivemq-test-hivemq-platform] [hivemq-platform-operator] [225f2588] 17:08:46.446 [main] INFO  c.h.p.o.HiveMQPlatformOperatorApplication - Create Platform ServiceAccount: true
2025-01-27 17:08:46,452 INFO c.h.h.t.HelmChartContainer - [hivemq-test-hivemq-platform] [hivemq-platform-operator] [225f2588] 17:08:46.446 [main] INFO  c.h.p.o.HiveMQPlatformOperatorApplication - Create Platform ServiceAccount permissions: true
2025-01-27 17:08:46,452 INFO c.h.h.t.HelmChartContainer - [hivemq-test-hivemq-platform] [hivemq-platform-operator] [225f2588] 17:08:46.446 [main] INFO  c.h.p.o.HiveMQPlatformOperatorApplication - Validate Platform ServiceAccount: true
2025-01-27 17:08:46,452 INFO c.h.h.t.HelmChartContainer - [hivemq-test-hivemq-platform] [hivemq-platform-operator] [225f2588] 17:08:46.446 [main] INFO  c.h.p.o.HiveMQPlatformOperatorApplication - Validate Platform ServiceAccount permissions: true
2025-01-27 17:08:46,569 INFO c.h.h.t.HelmChartContainer - [hivemq-test-hivemq-platform] [hivemq-platform-operator] [225f2588] 17:08:46.569 [main] INFO  c.h.platform.operator.util.CRDUtil - Verifying deployed HiveMQ Platform CRD...
2025-01-27 17:08:49,136 INFO c.h.h.t.HelmChartContainer - [hivemq-test-hivemq-platform] [hivemq-platform-operator] [225f2588] 17:08:49.052 [main] DEBUG c.h.platform.operator.util.CRDUtil - HiveMQ Platform CRD version v1 is up to date
2025-01-27 17:08:49,136 INFO c.h.h.t.HelmChartContainer - [hivemq-test-hivemq-platform] [hivemq-platform-operator] [225f2588] 17:08:49.135 [main] INFO  c.h.platform.operator.util.CRDUtil - HiveMQ Platform CRD is up to date (version: V1_6_0)
2025-01-27 17:08:49,136 INFO c.h.h.t.HelmChartContainer - [hivemq-test-hivemq-platform] [hivemq-platform-operator] [225f2588] 17:08:49.135 [main] INFO  c.h.platform.operator.util.CRDUtil - Waiting 10000 ms for HiveMQ Platform CRD 'hivemq-platforms.hivemq.com' to become ready...
2025-01-27 17:08:49,352 INFO c.h.h.t.HelmChartContainer - [hivemq-test-hivemq-platform] [hivemq-platform-operator] [225f2588] 17:08:49.349 [vert.x-eventloop-thread-1] DEBUG c.h.platform.operator.util.CRDUtil - Checking CRD condition 'NamesAccepted' (status: 'True')
2025-01-27 17:08:49,352 INFO c.h.h.t.HelmChartContainer - [hivemq-test-hivemq-platform] [hivemq-platform-operator] [225f2588] 17:08:49.349 [vert.x-eventloop-thread-1] DEBUG c.h.platform.operator.util.CRDUtil - Checking CRD condition 'Established' (status: 'True')
2025-01-27 17:08:49,352 INFO c.h.h.t.HelmChartContainer - [hivemq-test-hivemq-platform] [hivemq-platform-operator] [225f2588] 17:08:49.350 [main] INFO  c.h.platform.operator.util.CRDUtil - HiveMQ Platform CRD 'hivemq-platforms.hivemq.com' is ready
2025-01-27 17:08:49,551 INFO c.h.h.t.HelmChartContainer - [hivemq-test-hivemq-platform] [hivemq-platform-operator] [225f2588] 17:08:49.550 [main] INFO  c.h.p.o.HiveMQPlatformReconciler - HiveMQ Platform Operator is starting...
2025-01-27 17:08:49,656 INFO c.h.h.t.HelmChartContainer - [hivemq-test-hivemq-platform] [hivemq-platform-operator] [225f2588] 17:08:49.655 [main] WARN  Default ConfigurationService implementation - Configuration for reconciler 'hivemq-controller' was not found. Known reconcilers: None.
2025-01-27 17:08:49,744 INFO c.h.h.t.HelmChartContainer - [hivemq-test-hivemq-platform] [hivemq-platform-operator] [225f2588] 17:08:49.742 [main] INFO  Default ConfigurationService implementation - Created configuration for reconciler com.hivemq.platform.operator.HiveMQPlatformReconciler with name hivemq-controller
2025-01-27 17:08:49,843 INFO c.h.h.t.HelmChartContainer - [hivemq-test-hivemq-platform] [hivemq-platform-operator] [225f2588] 17:08:49.842 [main] DEBUG c.h.p.o.HiveMQPlatformReconciler - HiveMQ Platform Operator is preparing EventSources
2025-01-27 17:08:49,856 INFO c.h.h.t.HelmChartContainer - [hivemq-test-hivemq-platform] [hivemq-platform-operator] [225f2588] 17:08:49.855 [main] INFO  i.javaoperatorsdk.operator.Operator - Registered reconciler: 'hivemq-controller' for resource: 'class com.hivemq.platform.operator.v1.HiveMQPlatform' for namespace(s): [helmcustomconfigit]
2025-01-27 17:08:49,856 INFO c.h.h.testcontainer.LogWaiterUtil - TEST Found log pattern on 'hivemq-test-hivemq-platform-operator-67f7c95fb6-6nfjz': .*Registered reconciler: 'hivemq-controller' for resource: 'class com.hivemq.platform.operator.v1.HiveMQPlatform' for namespace\(s\): \[helmcustomconfigit\]
2025-01-27 17:08:50,450 INFO c.h.h.t.HelmChartContainer - [hivemq-test-hivemq-platform] [hivemq-platform-operator] [225f2588] 17:08:50.449 [main] INFO  c.h.p.operator.webserver.JettyServer - Starting Jetty server on port 8080
2025-01-27 17:08:50,545 INFO c.h.h.t.HelmChartContainer - [hivemq-test-hivemq-platform] [hivemq-platform-operator] [225f2588] 17:08:50.544 [main] INFO  i.javaoperatorsdk.operator.Operator - Operator SDK 4.9.7 (commit: 2133d28) built on Wed Nov 20 12:56:20 UTC 2024 starting...
2025-01-27 17:08:50,546 INFO c.h.h.t.HelmChartContainer - [hivemq-test-hivemq-platform] [hivemq-platform-operator] [225f2588] 17:08:50.545 [main] INFO  i.javaoperatorsdk.operator.Operator - Client version: 6.13.4
2025-01-27 17:08:50,547 INFO c.h.h.t.HelmChartContainer - [hivemq-test-hivemq-platform] [hivemq-platform-operator] [225f2588] 17:08:50.546 [Controller Starter for: hivemq-controller] INFO  i.j.operator.processing.Controller - Starting 'hivemq-controller' controller for reconciler: com.hivemq.platform.operator.HiveMQPlatformReconciler, resource: com.hivemq.platform.operator.v1.HiveMQPlatform
2025-01-27 17:08:52,750 INFO c.h.h.t.HelmChartContainer - [hivemq-test-hivemq-platform] [hivemq-platform-operator] [225f2588] 17:08:52.748 [Controller Starter for: hivemq-controller] INFO  i.j.operator.processing.Controller - 'hivemq-controller' controller started
2025-01-27 17:08:52,750 INFO c.h.h.t.HelmChartContainer - [hivemq-test-hivemq-platform] [hivemq-platform-operator] [225f2588] 17:08:52.749 [main] INFO  c.h.p.o.HiveMQPlatformOperatorApplication - HiveMQ Platform Operator 1.7.0-SNAPSHOT started in 6309 ms
2025-01-27 17:08:54,742 INFO c.h.h.t.HelmChartContainer - [POD] hivemq-test-hivemq-platform-operator-67f7c95fb6-6nfjz [225f2588-d350-4265-bd51-d407a7d1b860] in helmcustomconfigit-operator was MODIFIED
2025-01-27 17:08:54,750 INFO c.h.h.t.HelmChartContainer - [K3S] [replica_set.go:679] "Finished syncing" kind="ReplicaSet" key="helmcustomconfigit-operator/hivemq-test-hivemq-platform-operator-67f7c95fb6" duration="8.847653ms"
2025-01-27 17:08:54,751 INFO c.h.h.t.HelmChartContainer - [K3S] [replica_set.go:679] "Finished syncing" kind="ReplicaSet" key="helmcustomconfigit-operator/hivemq-test-hivemq-platform-operator-67f7c95fb6" duration="48.912µs"
2025-01-27 17:08:55,084 INFO com.hivemq.helmcharts.util.K8sUtil - Pod 'hivemq-test-hivemq-platform-operator-67f7c95fb6-6nfjz' is ready
2025-01-27 17:08:57,149 DEBUG c.h.h.t.HelmChartContainer - Executing helm command: /bin/helm --kubeconfig /etc/rancher/k3s/k3s.yaml install test-hivemq-platform /charts/hivemq-platform --wait --timeout 5m0s --set image.repository=docker.io/hivemq --set image.tag=4.35.0 --set image.pullPolicy=Never --set nodes.resources.cpu=512m -f /files/custom-platform-env-vars-values.yaml --namespace helmcustomconfigit
2025-01-27 17:08:58,453 INFO c.h.h.t.HelmChartContainer - [hivemq-test-hivemq-platform] [hivemq-platform-operator] [225f2588] 17:08:58.451 [pool-6-thread-3] DEBUG c.h.p.o.dependants.PodInfoConfigMap - [helmcust] Desired PodInfo ConfigMap (1 extensions) (1 enabled)
2025-01-27 17:08:58,454 INFO c.h.h.t.HelmChartContainer - [hivemq-test-hivemq-platform] [hivemq-platform-operator] [225f2588] 17:08:58.452 [pool-6-thread-3] DEBUG c.h.p.o.dependants.PodInfoConfigMap - [helmcust] Desired PodInfo ConfigMap (metrics port: 9399) (metrics path: /)
2025-01-27 17:08:58,454 INFO c.h.h.t.HelmChartContainer - [hivemq-test-hivemq-platform] [hivemq-platform-operator] [225f2588] 17:08:58.452 [pool-6-thread-3] DEBUG c.h.p.o.dependants.PodInfoConfigMap - [helmcust] Desired PodInfo ConfigMap (extension state hash: -1817474005)
2025-01-27 17:08:58,539 INFO c.h.h.t.HelmChartContainer - [hivemq-test-hivemq-platform] [hivemq-platform-operator] [225f2588] 17:08:58.536 [pool-6-thread-3] DEBUG c.h.p.o.dependants.PodInfoConfigMap - [helmcust] Create PodInfo ConfigMap
2025-01-27 17:08:58,640 INFO c.h.h.t.HelmChartContainer - [hivemq-test-hivemq-platform] [hivemq-platform-operator] [225f2588] 17:08:58.637 [pool-6-thread-5] DEBUG c.h.p.o.dependants.PodRoleResource - [helmcust] Create Role: Role(apiVersion=rbac.authorization.k8s.io/v1, kind=Role, metadata=ObjectMeta(annotations={meta.helm.sh/release-name=test-hivemq-platform, meta.helm.sh/release-namespace=helmcustomconfigit}, creationTimestamp=null, deletionGracePeriodSeconds=null, deletionTimestamp=null, finalizers=[], generateName=null, generation=null, labels={helm.sh/chart=hivemq-platform-0.2.31, app.kubernetes.io/managed-by=Helm, app.kubernetes.io/name=hivemq-platform, hivemq-platform=test-hivemq-platform, app.kubernetes.io/instance=test-hivemq-platform, app.kubernetes.io/version=4.35.0}, managedFields=[], name=hivemq-platform-role-test-hivemq-platform, namespace=helmcustomconfigit, ownerReferences=[OwnerReference(apiVersion=hivemq.com/v1, blockOwnerDeletion=null, controller=null, kind=HiveMQPlatform, name=test-hivemq-platform, uid=81c3b1ea-3d22-4426-97b8-aa03922a8648, additionalProperties={})], resourceVersion=null, selfLink=null, uid=null, additionalProperties={}), rules=[PolicyRule(apiGroups=[], nonResourceURLs=[], resourceNames=[], resources=[pods], verbs=[get, patch, update], additionalProperties={})], additionalProperties={})
2025-01-27 17:08:58,740 INFO c.h.h.t.HelmChartContainer - [hivemq-test-hivemq-platform] [hivemq-platform-operator] [225f2588] 17:08:58.739 [pool-6-thread-7] DEBUG c.h.p.o.d.PodServiceAccountResource - [helmcust] Desired PodServiceAccountResource (serviceAccountName: hivemq-platform-pod-test-hivemq-platform)
2025-01-27 17:08:58,741 INFO c.h.h.t.HelmChartContainer - [hivemq-test-hivemq-platform] [hivemq-platform-operator] [225f2588] 17:08:58.740 [pool-6-thread-7] DEBUG c.h.p.o.d.PodServiceAccountResource - [helmcust] Create ServiceAccount 'hivemq-platform-pod-test-hivemq-platform'
2025-01-27 17:08:58,848 INFO c.h.h.t.HelmChartContainer - [hivemq-test-hivemq-platform] [hivemq-platform-operator] [225f2588] 17:08:58.847 [pool-6-thread-10] DEBUG c.h.p.o.d.PodRoleBindingResource - [helmcust] Create RoleBinding: RoleBinding(apiVersion=rbac.authorization.k8s.io/v1, kind=RoleBinding, metadata=ObjectMeta(annotations={meta.helm.sh/release-name=test-hivemq-platform, meta.helm.sh/release-namespace=helmcustomconfigit}, creationTimestamp=null, deletionGracePeriodSeconds=null, deletionTimestamp=null, finalizers=[], generateName=null, generation=null, labels={helm.sh/chart=hivemq-platform-0.2.31, app.kubernetes.io/managed-by=Helm, app.kubernetes.io/name=hivemq-platform, hivemq-platform=test-hivemq-platform, app.kubernetes.io/instance=test-hivemq-platform, app.kubernetes.io/version=4.35.0}, managedFields=[], name=hivemq-platform-role-binding-test-hivemq-platform, namespace=helmcustomconfigit, ownerReferences=[OwnerReference(apiVersion=hivemq.com/v1, blockOwnerDeletion=null, controller=null, kind=HiveMQPlatform, name=test-hivemq-platform, uid=81c3b1ea-3d22-4426-97b8-aa03922a8648, additionalProperties={})], resourceVersion=null, selfLink=null, uid=null, additionalProperties={}), roleRef=RoleRef(apiGroup=rbac.authorization.k8s.io, kind=Role, name=hivemq-platform-role-test-hivemq-platform, additionalProperties={}), subjects=[Subject(apiGroup=null, kind=ServiceAccount, name=hivemq-platform-pod-test-hivemq-platform, namespace=helmcustomconfigit, additionalProperties={})], additionalProperties={})
2025-01-27 17:08:58,938 INFO c.h.h.t.HelmChartContainer - [hivemq-test-hivemq-platform] [hivemq-platform-operator] [225f2588] 17:08:58.936 [ReconcilerExecutor-hivemq-controller-52] INFO  c.h.p.o.HiveMQPlatformReconciler - [helmcust] Reconciling HiveMQ Platform 'test-hivemq-platform' in namespace 'helmcustomconfigit'
2025-01-27 17:08:58,938 INFO c.h.h.t.HelmChartContainer - [hivemq-test-hivemq-platform] [hivemq-platform-operator] [225f2588] 17:08:58.936 [ReconcilerExecutor-hivemq-controller-52] DEBUG c.h.p.o.HiveMQPlatformReconciler - [helmcust] Custom Resource Status CREATED - HiveMQ Platform was created (READY)
2025-01-27 17:08:58,938 INFO c.h.h.t.HelmChartContainer - [hivemq-test-hivemq-platform] [hivemq-platform-operator] [225f2588] 17:08:58.937 [ReconcilerExecutor-hivemq-controller-52] DEBUG c.h.p.o.HiveMQPlatformReconciler - [helmcust] Custom Resource Spec (replicas: 2) (extensions: 1)
2025-01-27 17:08:58,941 INFO c.h.h.t.HelmChartContainer - [hivemq-test-hivemq-platform] [hivemq-platform-operator] [225f2588] 17:08:58.940 [ReconcilerExecutor-hivemq-controller-52] INFO  c.h.p.o.h.HiveMQPlatformReconcilerBaseHandler - [helmcust] HiveMQ Platform is starting
2025-01-27 17:08:59,048 INFO c.h.h.t.HelmChartContainer - [hivemq-test-hivemq-platform] [hivemq-platform-operator] [225f2588] 17:08:59.047 [ReconcilerExecutor-hivemq-controller-52] DEBUG c.h.p.operator.event.EventSender - [helmcust] Creating K8s event hivemq-platform-starting: [Start] HiveMQ Platform is starting
2025-01-27 17:08:59,056 INFO c.h.h.t.HelmChartContainer - [EVENT] Normal [Start] HiveMQ Platform is starting [helmcustomconfigit:test-hivemq-platform]
2025-01-27 17:08:59,137 INFO c.h.h.t.HelmChartContainer - [hivemq-test-hivemq-platform] [hivemq-platform-operator] [225f2588] 17:08:59.136 [ReconcilerExecutor-hivemq-controller-52] INFO  c.h.p.o.h.AbstractHiveMQReconcilerStateHandler - [helmcust] Update HiveMQ Platform Status (CREATED [READY] -> STARTING [READY]): HiveMQ Platform is starting
2025-01-27 17:08:59,148 DEBUG com.hivemq.helmcharts.util.K8sUtil - Comparing actual state 'STARTING' and waiting for 'RUNNING'
2025-01-27 17:09:09,154 INFO c.h.h.t.HelmChartContainer - [hivemq-test-hivemq-platform] [hivemq-platform-operator] [225f2588] 17:09:09.153 [Timer-0] WARN  i.m.p.PrometheusMeterRegistry - The meter (MeterId{name='operator.sdk.events.received', tags=[tag(event=Event),tag(group=hivemq.com),tag(kind=HiveMQPlatform),tag(name=test-hivemq-platform),tag(namespace=helmcustomconfigit),tag(scope=namespace),tag(version=v1)]}) registration has failed: Prometheus requires that all meters with the same name have the same set of tag keys. There is already an existing meter named 'operator.sdk.events.received' containing tag keys [action, event, group, kind, name, namespace, scope, version]. The meter you are attempting to register has keys [event, group, kind, name, namespace, scope, version]. Note that subsequent logs will be logged at debug level.
2025-01-27 17:09:09,162 INFO c.h.h.t.HelmChartContainer - [hivemq-test-hivemq-platform] [hivemq-platform-operator] [225f2588] 17:09:09.158 [pool-6-thread-12] DEBUG c.h.p.o.d.PlatformServiceResource - [helmcust] Desired Platform services (3 services)
2025-01-27 17:09:09,164 INFO c.h.h.t.HelmChartContainer - [hivemq-test-hivemq-platform] [hivemq-platform-operator] [225f2588] 17:09:09.163 [pool-6-thread-13] DEBUG c.h.p.o.dependants.PodInfoConfigMap - [helmcust] Desired PodInfo ConfigMap (1 extensions) (1 enabled)
2025-01-27 17:09:09,165 INFO c.h.h.t.HelmChartContainer - [hivemq-test-hivemq-platform] [hivemq-platform-operator] [225f2588] 17:09:09.165 [pool-6-thread-13] DEBUG c.h.p.o.dependants.PodInfoConfigMap - [helmcust] Desired PodInfo ConfigMap (metrics port: 9399) (metrics path: /)
2025-01-27 17:09:09,166 INFO c.h.h.t.HelmChartContainer - [hivemq-test-hivemq-platform] [hivemq-platform-operator] [225f2588] 17:09:09.165 [pool-6-thread-17] DEBUG c.h.p.o.d.PodServiceAccountResource - [helmcust] Desired PodServiceAccountResource (serviceAccountName: hivemq-platform-pod-test-hivemq-platform)
2025-01-27 17:09:09,168 INFO c.h.h.t.HelmChartContainer - [hivemq-test-hivemq-platform] [hivemq-platform-operator] [225f2588] 17:09:09.166 [pool-6-thread-13] DEBUG c.h.p.o.dependants.PodInfoConfigMap - [helmcust] Desired PodInfo ConfigMap (extension state hash: -1817474005)
2025-01-27 17:09:09,173 INFO c.h.h.t.HelmChartContainer - [K3S] [alloc.go:330] "allocated clusterIPs" service="helmcustomconfigit/hivemq-test-hivemq-platform-cc-8080" clusterIPs={"IPv4":"10.43.246.148"}
2025-01-27 17:09:09,242 INFO c.h.h.t.HelmChartContainer - [hivemq-test-hivemq-platform] [hivemq-platform-operator] [225f2588] 17:09:09.240 [pool-6-thread-13] DEBUG c.h.p.o.dependants.PodInfoConfigMap - [helmcust] Update PodInfo ConfigMap
2025-01-27 17:09:09,256 INFO c.h.h.t.HelmChartContainer - [K3S] [alloc.go:330] "allocated clusterIPs" service="helmcustomconfigit/hivemq-test-hivemq-platform-metrics-9399" clusterIPs={"IPv4":"10.43.191.106"}
2025-01-27 17:09:09,346 INFO c.h.h.t.HelmChartContainer - [K3S] [alloc.go:330] "allocated clusterIPs" service="helmcustomconfigit/hivemq-test-hivemq-platform-mqtt-1883" clusterIPs={"IPv4":"10.43.165.76"}
2025-01-27 17:09:09,358 INFO c.h.h.t.HelmChartContainer - [hivemq-test-hivemq-platform] [hivemq-platform-operator] [225f2588] 17:09:09.357 [pool-6-thread-20] DEBUG c.h.p.o.d.StatefulSetResource - [helmcust] Desired StatefulSet (2 replicas) for status STARTING (READY)
2025-01-27 17:09:09,442 INFO c.h.h.t.HelmChartContainer - [hivemq-test-hivemq-platform] [hivemq-platform-operator] [225f2588] 17:09:09.440 [pool-6-thread-20] DEBUG c.h.p.o.d.StatefulSetResource - [helmcust] Create StatefulSet
2025-01-27 17:09:09,560 INFO c.h.h.t.HelmChartContainer - [POD] test-hivemq-platform-0 [cd11c74a-c7db-4381-8815-e3221ec6d4b4] in helmcustomconfigit was ADDED
2025-01-27 17:09:09,562 INFO c.h.h.t.HelmChartContainer - [EVENT] Normal [SuccessfulCreate] create Pod test-hivemq-platform-0 in StatefulSet test-hivemq-platform successful [helmcustomconfigit:test-hivemq-platform]
2025-01-27 17:09:09,567 INFO c.h.h.t.HelmChartContainer - [EVENT] Normal [Scheduled] Successfully assigned helmcustomconfigit/test-hivemq-platform-0 to 1bf1de2df7a7 [helmcustomconfigit:test-hivemq-platform-0]
2025-01-27 17:09:09,567 INFO c.h.h.t.HelmChartContainer - [POD] test-hivemq-platform-0 [cd11c74a-c7db-4381-8815-e3221ec6d4b4] in helmcustomconfigit was MODIFIED
2025-01-27 17:09:09,583 INFO c.h.h.t.HelmChartContainer - [POD] test-hivemq-platform-0 [cd11c74a-c7db-4381-8815-e3221ec6d4b4] in helmcustomconfigit was MODIFIED
2025-01-27 17:09:09,588 INFO c.h.h.t.HelmChartContainer - [K3S] [reconciler_common.go:251] "operationExecutor.VerifyControllerAttachedVolume started for volume \"broker-configuration\" (UniqueName: \"kubernetes.io/configmap/cd11c74a-c7db-4381-8815-e3221ec6d4b4-broker-configuration\") pod \"test-hivemq-platform-0\" (UID: \"cd11c74a-c7db-4381-8815-e3221ec6d4b4\") " pod="helmcustomconfigit/test-hivemq-platform-0"
2025-01-27 17:09:09,588 INFO c.h.h.t.HelmChartContainer - [K3S] [reconciler_common.go:251] "operationExecutor.VerifyControllerAttachedVolume started for volume \"operator-init\" (UniqueName: \"kubernetes.io/empty-dir/cd11c74a-c7db-4381-8815-e3221ec6d4b4-operator-init\") pod \"test-hivemq-platform-0\" (UID: \"cd11c74a-c7db-4381-8815-e3221ec6d4b4\") " pod="helmcustomconfigit/test-hivemq-platform-0"
2025-01-27 17:09:09,588 INFO c.h.h.t.HelmChartContainer - [K3S] [reconciler_common.go:251] "operationExecutor.VerifyControllerAttachedVolume started for volume \"kube-api-access-n6s99\" (UniqueName: \"kubernetes.io/projected/cd11c74a-c7db-4381-8815-e3221ec6d4b4-kube-api-access-n6s99\") pod \"test-hivemq-platform-0\" (UID: \"cd11c74a-c7db-4381-8815-e3221ec6d4b4\") " pod="helmcustomconfigit/test-hivemq-platform-0"
2025-01-27 17:09:09,588 INFO c.h.h.t.HelmChartContainer - [K3S] [reconciler_common.go:251] "operationExecutor.VerifyControllerAttachedVolume started for volume \"pod-info\" (UniqueName: \"kubernetes.io/configmap/cd11c74a-c7db-4381-8815-e3221ec6d4b4-pod-info\") pod \"test-hivemq-platform-0\" (UID: \"cd11c74a-c7db-4381-8815-e3221ec6d4b4\") " pod="helmcustomconfigit/test-hivemq-platform-0"
2025-01-27 17:09:09,639 INFO c.h.h.t.HelmChartContainer - [hivemq-test-hivemq-platform] [hivemq-platform-operator] [225f2588] 17:09:09.635 [ReconcilerExecutor-hivemq-controller-63] INFO  c.h.p.o.HiveMQPlatformReconciler - [helmcust] Reconciling HiveMQ Platform 'test-hivemq-platform' in namespace 'helmcustomconfigit'
2025-01-27 17:09:09,639 INFO c.h.h.t.HelmChartContainer - [hivemq-test-hivemq-platform] [hivemq-platform-operator] [225f2588] 17:09:09.635 [ReconcilerExecutor-hivemq-controller-63] DEBUG c.h.p.o.HiveMQPlatformReconciler - [helmcust] Custom Resource Status STARTING - HiveMQ Platform is starting (READY)
2025-01-27 17:09:09,639 INFO c.h.h.t.HelmChartContainer - [hivemq-test-hivemq-platform] [hivemq-platform-operator] [225f2588] 17:09:09.635 [ReconcilerExecutor-hivemq-controller-63] DEBUG c.h.p.o.HiveMQPlatformReconciler - [helmcust] Custom Resource Spec (replicas: 2) (extensions: 1)
2025-01-27 17:09:09,648 INFO c.h.h.t.HelmChartContainer - [hivemq-test-hivemq-platform] [hivemq-platform-operator] [225f2588] 17:09:09.646 [ReconcilerExecutor-hivemq-controller-63] DEBUG c.h.p.o.HiveMQPlatformReconciler - [helmcust] StatefulSet Status (revision: null, replicas: 0, available: 0, ready: 0, current: 0, updated: 0)
2025-01-27 17:09:09,649 INFO c.h.h.t.HelmChartContainer - [hivemq-test-hivemq-platform] [hivemq-platform-operator] [225f2588] 17:09:09.646 [ReconcilerExecutor-hivemq-controller-63] DEBUG c.h.p.o.HiveMQPlatformReconciler - [helmcust] StatefulSet Spec (replicas: 2, init containers: 1, containers: 1, volumes: 3)
2025-01-27 17:09:09,752 INFO c.h.h.t.HelmChartContainer - [hivemq-test-hivemq-platform] [hivemq-platform-operator] [225f2588] 17:09:09.750 [ReconcilerExecutor-hivemq-controller-63] DEBUG c.h.p.o.h.HiveMQPlatformReconcilerErrorHandler - [helmcust] Pod 'test-hivemq-platform-0' phase Pending
2025-01-27 17:09:09,752 INFO c.h.h.t.HelmChartContainer - [hivemq-test-hivemq-platform] [hivemq-platform-operator] [225f2588] 17:09:09.752 [ReconcilerExecutor-hivemq-controller-63] DEBUG c.h.p.o.h.HiveMQPlatformReconcilerErrorHandler - [helmcust] Pod 'test-hivemq-platform-0' condition 'PodReadyToStartContainers': False
2025-01-27 17:09:09,753 INFO c.h.h.t.HelmChartContainer - [hivemq-test-hivemq-platform] [hivemq-platform-operator] [225f2588] 17:09:09.752 [ReconcilerExecutor-hivemq-controller-63] DEBUG c.h.p.o.h.HiveMQPlatformReconcilerErrorHandler - [helmcust] Pod 'test-hivemq-platform-0' condition 'Initialized': False
2025-01-27 17:09:09,753 INFO c.h.h.t.HelmChartContainer - [hivemq-test-hivemq-platform] [hivemq-platform-operator] [225f2588] 17:09:09.752 [ReconcilerExecutor-hivemq-controller-63] DEBUG c.h.p.o.h.HiveMQPlatformReconcilerErrorHandler - [helmcust] Pod 'test-hivemq-platform-0' condition 'Ready': False
2025-01-27 17:09:09,753 INFO c.h.h.t.HelmChartContainer - [hivemq-test-hivemq-platform] [hivemq-platform-operator] [225f2588] 17:09:09.752 [ReconcilerExecutor-hivemq-controller-63] DEBUG c.h.p.o.h.HiveMQPlatformReconcilerErrorHandler - [helmcust] Pod 'test-hivemq-platform-0' condition 'ContainersReady': False
2025-01-27 17:09:09,753 INFO c.h.h.t.HelmChartContainer - [hivemq-test-hivemq-platform] [hivemq-platform-operator] [225f2588] 17:09:09.752 [ReconcilerExecutor-hivemq-controller-63] DEBUG c.h.p.o.h.HiveMQPlatformReconcilerErrorHandler - [helmcust] Pod 'test-hivemq-platform-0' condition 'PodScheduled': True
2025-01-27 17:09:09,754 INFO c.h.h.t.HelmChartContainer - [hivemq-test-hivemq-platform] [hivemq-platform-operator] [225f2588] 17:09:09.752 [ReconcilerExecutor-hivemq-controller-63] DEBUG c.h.p.o.h.HiveMQPlatformReconcilerErrorHandler - [helmcust] Pod 'test-hivemq-platform-0' containerStatus 'hivemq' (started: false) (ready: false) (waiting: [PodInitializing] null)
2025-01-27 17:09:09,755 INFO c.h.h.t.HelmChartContainer - [hivemq-test-hivemq-platform] [hivemq-platform-operator] [225f2588] 17:09:09.755 [ReconcilerExecutor-hivemq-controller-63] INFO  c.h.p.o.h.HiveMQPlatformReconcilerBaseHandler - [helmcust] HiveMQ Platform is starting, 0 of 2 replicas are ready
2025-01-27 17:09:09,842 INFO c.h.h.t.HelmChartContainer - [hivemq-test-hivemq-platform] [hivemq-platform-operator] [225f2588] 17:09:09.840 [pool-6-thread-22] DEBUG c.h.p.o.d.PlatformServiceResource - [helmcust] Desired Platform services (3 services)
2025-01-27 17:09:09,842 INFO c.h.h.t.HelmChartContainer - [hivemq-test-hivemq-platform] [hivemq-platform-operator] [225f2588] 17:09:09.841 [pool-6-thread-23] DEBUG c.h.p.o.dependants.PodInfoConfigMap - [helmcust] Desired PodInfo ConfigMap (1 extensions) (1 enabled)
2025-01-27 17:09:09,843 INFO c.h.h.t.HelmChartContainer - [hivemq-test-hivemq-platform] [hivemq-platform-operator] [225f2588] 17:09:09.842 [pool-6-thread-23] DEBUG c.h.p.o.dependants.PodInfoConfigMap - [helmcust] Desired PodInfo ConfigMap (metrics port: 9399) (metrics path: /)
2025-01-27 17:09:09,844 INFO c.h.h.t.HelmChartContainer - [hivemq-test-hivemq-platform] [hivemq-platform-operator] [225f2588] 17:09:09.842 [pool-6-thread-23] DEBUG c.h.p.o.dependants.PodInfoConfigMap - [helmcust] Desired PodInfo ConfigMap (extension state hash: -1817474005)
2025-01-27 17:09:09,845 INFO c.h.h.t.HelmChartContainer - [hivemq-test-hivemq-platform] [hivemq-platform-operator] [225f2588] 17:09:09.845 [pool-6-thread-27] DEBUG c.h.p.o.d.PodServiceAccountResource - [helmcust] Desired PodServiceAccountResource (serviceAccountName: hivemq-platform-pod-test-hivemq-platform)
2025-01-27 17:09:09,937 INFO c.h.h.t.HelmChartContainer - [hivemq-test-hivemq-platform] [hivemq-platform-operator] [225f2588] 17:09:09.936 [pool-6-thread-30] DEBUG c.h.p.o.d.StatefulSetResource - [helmcust] Desired StatefulSet (2 replicas) for status STARTING (READY)
2025-01-27 17:09:09,948 INFO c.h.h.t.HelmChartContainer - [hivemq-test-hivemq-platform] [hivemq-platform-operator] [225f2588] 17:09:09.945 [ReconcilerExecutor-hivemq-controller-76] INFO  c.h.p.o.HiveMQPlatformReconciler - [helmcust] Reconciling HiveMQ Platform 'test-hivemq-platform' in namespace 'helmcustomconfigit'
2025-01-27 17:09:09,948 INFO c.h.h.t.HelmChartContainer - [hivemq-test-hivemq-platform] [hivemq-platform-operator] [225f2588] 17:09:09.945 [ReconcilerExecutor-hivemq-controller-76] DEBUG c.h.p.o.HiveMQPlatformReconciler - [helmcust] Custom Resource Status STARTING - HiveMQ Platform is starting (READY)
2025-01-27 17:09:09,948 INFO c.h.h.t.HelmChartContainer - [hivemq-test-hivemq-platform] [hivemq-platform-operator] [225f2588] 17:09:09.945 [ReconcilerExecutor-hivemq-controller-76] DEBUG c.h.p.o.HiveMQPlatformReconciler - [helmcust] Custom Resource Spec (replicas: 2) (extensions: 1)
2025-01-27 17:09:09,954 INFO c.h.h.t.HelmChartContainer - [hivemq-test-hivemq-platform] [hivemq-platform-operator] [225f2588] 17:09:09.952 [ReconcilerExecutor-hivemq-controller-76] DEBUG c.h.p.o.HiveMQPlatformReconciler - [helmcust] StatefulSet Status (revision: test-hivemq-platform-5b669c4444, replicas: 1, available: 0, ready: 0, current: 1, updated: 1)
2025-01-27 17:09:09,954 INFO c.h.h.t.HelmChartContainer - [hivemq-test-hivemq-platform] [hivemq-platform-operator] [225f2588] 17:09:09.952 [ReconcilerExecutor-hivemq-controller-76] DEBUG c.h.p.o.HiveMQPlatformReconciler - [helmcust] StatefulSet Spec (replicas: 2, init containers: 1, containers: 1, volumes: 3)
2025-01-27 17:09:09,955 INFO c.h.h.t.HelmChartContainer - [hivemq-test-hivemq-platform] [hivemq-platform-operator] [225f2588] 17:09:09.954 [ReconcilerExecutor-hivemq-controller-76] DEBUG c.h.p.o.h.HiveMQPlatformReconcilerErrorHandler - [helmcust] Pod 'test-hivemq-platform-0' phase Pending
2025-01-27 17:09:09,956 INFO c.h.h.t.HelmChartContainer - [hivemq-test-hivemq-platform] [hivemq-platform-operator] [225f2588] 17:09:09.954 [ReconcilerExecutor-hivemq-controller-76] DEBUG c.h.p.o.h.HiveMQPlatformReconcilerErrorHandler - [helmcust] Pod 'test-hivemq-platform-0' condition 'PodReadyToStartContainers': False
2025-01-27 17:09:09,957 INFO c.h.h.t.HelmChartContainer - [hivemq-test-hivemq-platform] [hivemq-platform-operator] [225f2588] 17:09:09.955 [ReconcilerExecutor-hivemq-controller-76] DEBUG c.h.p.o.h.HiveMQPlatformReconcilerErrorHandler - [helmcust] Pod 'test-hivemq-platform-0' condition 'Initialized': False
2025-01-27 17:09:09,957 INFO c.h.h.t.HelmChartContainer - [hivemq-test-hivemq-platform] [hivemq-platform-operator] [225f2588] 17:09:09.955 [ReconcilerExecutor-hivemq-controller-76] DEBUG c.h.p.o.h.HiveMQPlatformReconcilerErrorHandler - [helmcust] Pod 'test-hivemq-platform-0' condition 'Ready': False
2025-01-27 17:09:09,957 INFO c.h.h.t.HelmChartContainer - [hivemq-test-hivemq-platform] [hivemq-platform-operator] [225f2588] 17:09:09.955 [ReconcilerExecutor-hivemq-controller-76] DEBUG c.h.p.o.h.HiveMQPlatformReconcilerErrorHandler - [helmcust] Pod 'test-hivemq-platform-0' condition 'ContainersReady': False
2025-01-27 17:09:09,957 INFO c.h.h.t.HelmChartContainer - [hivemq-test-hivemq-platform] [hivemq-platform-operator] [225f2588] 17:09:09.955 [ReconcilerExecutor-hivemq-controller-76] DEBUG c.h.p.o.h.HiveMQPlatformReconcilerErrorHandler - [helmcust] Pod 'test-hivemq-platform-0' condition 'PodScheduled': True
2025-01-27 17:09:09,957 INFO c.h.h.t.HelmChartContainer - [hivemq-test-hivemq-platform] [hivemq-platform-operator] [225f2588] 17:09:09.955 [ReconcilerExecutor-hivemq-controller-76] DEBUG c.h.p.o.h.HiveMQPlatformReconcilerErrorHandler - [helmcust] Pod 'test-hivemq-platform-0' containerStatus 'hivemq' (started: false) (ready: false) (waiting: [PodInitializing] null)
2025-01-27 17:09:09,958 INFO c.h.h.t.HelmChartContainer - [hivemq-test-hivemq-platform] [hivemq-platform-operator] [225f2588] 17:09:09.956 [ReconcilerExecutor-hivemq-controller-76] INFO  c.h.p.o.h.HiveMQPlatformReconcilerBaseHandler - [helmcust] HiveMQ Platform is starting, 0 of 2 replicas are ready
2025-01-27 17:09:09,964 INFO c.h.h.t.HelmChartContainer - [EVENT] Normal [Pulled] Container image "docker.io/hivemq/hivemq-platform-operator-init-test:snapshot" already present on machine [helmcustomconfigit:test-hivemq-platform-0]
2025-01-27 17:09:09,972 INFO c.h.h.t.HelmChartContainer - [EVENT] Normal [Created] Created container: hivemq-platform-operator-init [helmcustomconfigit:test-hivemq-platform-0]
2025-01-27 17:09:10,010 INFO c.h.h.t.HelmChartContainer - [EVENT] Normal [Started] Started container hivemq-platform-operator-init [helmcustomconfigit:test-hivemq-platform-0]
2025-01-27 17:09:10,765 INFO c.h.h.t.HelmChartContainer - [EVENT] Normal [Pulled] Container image "docker.io/hivemq/hivemq4:4.35.0" already present on machine [helmcustomconfigit:test-hivemq-platform-0]
2025-01-27 17:09:10,765 INFO c.h.h.t.HelmChartContainer - Received Pulled event for container hivemq in pod test-hivemq-platform-0 [cd11c74a-c7db-4381-8815-e3221ec6d4b4]
2025-01-27 17:09:10,779 INFO c.h.h.t.HelmChartContainer - [POD] test-hivemq-platform-0 [cd11c74a-c7db-4381-8815-e3221ec6d4b4] in helmcustomconfigit was MODIFIED
2025-01-27 17:09:10,804 INFO c.h.h.t.HelmChartContainer - [hivemq-test-hivemq-platform] [hivemq-platform-operator] [225f2588] 17:09:10.800 [pool-6-thread-32] DEBUG c.h.p.o.d.PlatformServiceResource - [helmcust] Desired Platform services (3 services)
2025-01-27 17:09:10,804 INFO c.h.h.t.HelmChartContainer - [hivemq-test-hivemq-platform] [hivemq-platform-operator] [225f2588] 17:09:10.802 [pool-6-thread-33] DEBUG c.h.p.o.dependants.PodInfoConfigMap - [helmcust] Desired PodInfo ConfigMap (1 extensions) (1 enabled)
2025-01-27 17:09:10,808 INFO c.h.h.t.HelmChartContainer - [hivemq-test-hivemq-platform] [hivemq-platform-operator] [225f2588] 17:09:10.802 [pool-6-thread-33] DEBUG c.h.p.o.dependants.PodInfoConfigMap - [helmcust] Desired PodInfo ConfigMap (metrics port: 9399) (metrics path: /)
2025-01-27 17:09:10,809 INFO c.h.h.t.HelmChartContainer - [hivemq-test-hivemq-platform] [hivemq-platform-operator] [225f2588] 17:09:10.802 [pool-6-thread-33] DEBUG c.h.p.o.dependants.PodInfoConfigMap - [helmcust] Desired PodInfo ConfigMap (extension state hash: -1817474005)
2025-01-27 17:09:10,811 INFO c.h.h.t.HelmChartContainer - [hivemq-test-hivemq-platform] [hivemq-platform-operator] [225f2588] 17:09:10.810 [pool-6-thread-37] DEBUG c.h.p.o.d.PodServiceAccountResource - [helmcust] Desired PodServiceAccountResource (serviceAccountName: hivemq-platform-pod-test-hivemq-platform)
2025-01-27 17:09:10,845 INFO c.h.h.t.HelmChartContainer - [hivemq-test-hivemq-platform] [hivemq-platform-operator] [225f2588] 17:09:10.843 [pool-6-thread-40] DEBUG c.h.p.o.d.StatefulSetResource - [helmcust] Desired StatefulSet (2 replicas) for status STARTING (READY)
2025-01-27 17:09:10,850 INFO c.h.h.t.HelmChartContainer - [hivemq-test-hivemq-platform] [hivemq-platform-operator] [225f2588] 17:09:10.849 [ReconcilerExecutor-hivemq-controller-87] INFO  c.h.p.o.HiveMQPlatformReconciler - [helmcust] Reconciling HiveMQ Platform 'test-hivemq-platform' in namespace 'helmcustomconfigit'
2025-01-27 17:09:10,850 INFO c.h.h.t.HelmChartContainer - [hivemq-test-hivemq-platform] [hivemq-platform-operator] [225f2588] 17:09:10.849 [ReconcilerExecutor-hivemq-controller-87] DEBUG c.h.p.o.HiveMQPlatformReconciler - [helmcust] Custom Resource Status STARTING - HiveMQ Platform is starting (READY)
2025-01-27 17:09:10,852 INFO c.h.h.t.HelmChartContainer - [hivemq-test-hivemq-platform] [hivemq-platform-operator] [225f2588] 17:09:10.849 [ReconcilerExecutor-hivemq-controller-87] DEBUG c.h.p.o.HiveMQPlatformReconciler - [helmcust] Custom Resource Spec (replicas: 2) (extensions: 1)
2025-01-27 17:09:10,854 INFO c.h.h.t.HelmChartContainer - [hivemq-test-hivemq-platform] [hivemq-platform-operator] [225f2588] 17:09:10.854 [ReconcilerExecutor-hivemq-controller-87] DEBUG c.h.p.o.HiveMQPlatformReconciler - [helmcust] StatefulSet Status (revision: test-hivemq-platform-5b669c4444, replicas: 1, available: 0, ready: 0, current: 1, updated: 1)
2025-01-27 17:09:10,938 INFO c.h.h.t.HelmChartContainer - [hivemq-test-hivemq-platform] [hivemq-platform-operator] [225f2588] 17:09:10.935 [ReconcilerExecutor-hivemq-controller-87] DEBUG c.h.p.o.HiveMQPlatformReconciler - [helmcust] StatefulSet Spec (replicas: 2, init containers: 1, containers: 1, volumes: 3)
2025-01-27 17:09:10,942 INFO c.h.h.t.HelmChartContainer - [hivemq-test-hivemq-platform] [hivemq-platform-operator] [225f2588] 17:09:10.940 [ReconcilerExecutor-hivemq-controller-87] DEBUG c.h.p.o.h.HiveMQPlatformReconcilerErrorHandler - [helmcust] Pod 'test-hivemq-platform-0' phase Pending
2025-01-27 17:09:10,943 INFO c.h.h.t.HelmChartContainer - [hivemq-test-hivemq-platform] [hivemq-platform-operator] [225f2588] 17:09:10.940 [ReconcilerExecutor-hivemq-controller-87] DEBUG c.h.p.o.h.HiveMQPlatformReconcilerErrorHandler - [helmcust] Pod 'test-hivemq-platform-0' condition 'PodReadyToStartContainers': True
2025-01-27 17:09:10,943 INFO c.h.h.t.HelmChartContainer - [hivemq-test-hivemq-platform] [hivemq-platform-operator] [225f2588] 17:09:10.940 [ReconcilerExecutor-hivemq-controller-87] DEBUG c.h.p.o.h.HiveMQPlatformReconcilerErrorHandler - [helmcust] Pod 'test-hivemq-platform-0' condition 'Initialized': True
2025-01-27 17:09:10,943 INFO c.h.h.t.HelmChartContainer - [hivemq-test-hivemq-platform] [hivemq-platform-operator] [225f2588] 17:09:10.940 [ReconcilerExecutor-hivemq-controller-87] DEBUG c.h.p.o.h.HiveMQPlatformReconcilerErrorHandler - [helmcust] Pod 'test-hivemq-platform-0' condition 'Ready': False
2025-01-27 17:09:10,943 INFO c.h.h.t.HelmChartContainer - [hivemq-test-hivemq-platform] [hivemq-platform-operator] [225f2588] 17:09:10.940 [ReconcilerExecutor-hivemq-controller-87] DEBUG c.h.p.o.h.HiveMQPlatformReconcilerErrorHandler - [helmcust] Pod 'test-hivemq-platform-0' condition 'ContainersReady': False
2025-01-27 17:09:10,943 INFO c.h.h.t.HelmChartContainer - [hivemq-test-hivemq-platform] [hivemq-platform-operator] [225f2588] 17:09:10.940 [ReconcilerExecutor-hivemq-controller-87] DEBUG c.h.p.o.h.HiveMQPlatformReconcilerErrorHandler - [helmcust] Pod 'test-hivemq-platform-0' condition 'PodScheduled': True
2025-01-27 17:09:10,943 INFO c.h.h.t.HelmChartContainer - [hivemq-test-hivemq-platform] [hivemq-platform-operator] [225f2588] 17:09:10.940 [ReconcilerExecutor-hivemq-controller-87] DEBUG c.h.p.o.h.HiveMQPlatformReconcilerErrorHandler - [helmcust] Pod 'test-hivemq-platform-0' containerStatus 'hivemq' (started: false) (ready: false) (waiting: [PodInitializing] null)
2025-01-27 17:09:10,944 INFO c.h.h.t.HelmChartContainer - [hivemq-test-hivemq-platform] [hivemq-platform-operator] [225f2588] 17:09:10.942 [ReconcilerExecutor-hivemq-controller-87] INFO  c.h.p.o.h.HiveMQPlatformReconcilerBaseHandler - [helmcust] HiveMQ Platform is starting, 0 of 2 replicas are ready
2025-01-27 17:09:13,065 INFO c.h.h.t.HelmChartContainer - [EVENT] Normal [Created] Created container: hivemq [helmcustomconfigit:test-hivemq-platform-0]
2025-01-27 17:09:13,065 INFO c.h.h.t.HelmChartContainer - Received Created event for container hivemq in pod test-hivemq-platform-0 [cd11c74a-c7db-4381-8815-e3221ec6d4b4]
2025-01-27 17:09:13,783 INFO c.h.h.t.HelmChartContainer - [POD] test-hivemq-platform-0 [cd11c74a-c7db-4381-8815-e3221ec6d4b4] in helmcustomconfigit was MODIFIED
2025-01-27 17:09:13,790 INFO c.h.h.t.HelmChartContainer - [hivemq-test-hivemq-platform] [hivemq-platform-operator] [225f2588] 17:09:13.787 [pool-6-thread-42] DEBUG c.h.p.o.d.PlatformServiceResource - [helmcust] Desired Platform services (3 services)
2025-01-27 17:09:13,790 INFO c.h.h.t.HelmChartContainer - [hivemq-test-hivemq-platform] [hivemq-platform-operator] [225f2588] 17:09:13.789 [pool-6-thread-43] DEBUG c.h.p.o.dependants.PodInfoConfigMap - [helmcust] Desired PodInfo ConfigMap (1 extensions) (1 enabled)
2025-01-27 17:09:13,790 INFO c.h.h.t.HelmChartContainer - [hivemq-test-hivemq-platform] [hivemq-platform-operator] [225f2588] 17:09:13.789 [pool-6-thread-43] DEBUG c.h.p.o.dependants.PodInfoConfigMap - [helmcust] Desired PodInfo ConfigMap (metrics port: 9399) (metrics path: /)
2025-01-27 17:09:13,790 INFO c.h.h.t.HelmChartContainer - [hivemq-test-hivemq-platform] [hivemq-platform-operator] [225f2588] 17:09:13.789 [pool-6-thread-43] DEBUG c.h.p.o.dependants.PodInfoConfigMap - [helmcust] Desired PodInfo ConfigMap (extension state hash: -1817474005)
2025-01-27 17:09:13,794 INFO c.h.h.t.HelmChartContainer - [EVENT] Normal [Started] Started container hivemq [helmcustomconfigit:test-hivemq-platform-0]
2025-01-27 17:09:13,794 INFO c.h.h.t.HelmChartContainer - Received Started event for container hivemq in pod test-hivemq-platform-0 [cd11c74a-c7db-4381-8815-e3221ec6d4b4]
2025-01-27 17:09:13,795 INFO c.h.h.t.HelmChartContainer - Started log watcher for hivemq in pod test-hivemq-platform-0 [cd11c74a-c7db-4381-8815-e3221ec6d4b4]
2025-01-27 17:09:13,795 INFO c.h.h.t.HelmChartContainer - [test-hivemq-platform] [hivemq] [cd11c74a] Adding pre-installed HiveMQ Platform Operator extensions
2025-01-27 17:09:13,795 INFO c.h.h.t.HelmChartContainer - [test-hivemq-platform] [hivemq] [cd11c74a] Running as user 10000
2025-01-27 17:09:13,795 INFO c.h.h.t.HelmChartContainer - [test-hivemq-platform] [hivemq] [cd11c74a] Starting HiveMQ Platform Operator Init
2025-01-27 17:09:13,800 INFO c.h.h.t.HelmChartContainer - [hivemq-test-hivemq-platform] [hivemq-platform-operator] [225f2588] 17:09:13.798 [pool-6-thread-47] DEBUG c.h.p.o.d.PodServiceAccountResource - [helmcust] Desired PodServiceAccountResource (serviceAccountName: hivemq-platform-pod-test-hivemq-platform)
2025-01-27 17:09:13,841 INFO c.h.h.t.HelmChartContainer - [hivemq-test-hivemq-platform] [hivemq-platform-operator] [225f2588] 17:09:13.840 [pool-6-thread-50] DEBUG c.h.p.o.d.StatefulSetResource - [helmcust] Desired StatefulSet (2 replicas) for status STARTING (READY)
2025-01-27 17:09:13,846 INFO c.h.h.t.HelmChartContainer - [hivemq-test-hivemq-platform] [hivemq-platform-operator] [225f2588] 17:09:13.845 [ReconcilerExecutor-hivemq-controller-98] INFO  c.h.p.o.HiveMQPlatformReconciler - [helmcust] Reconciling HiveMQ Platform 'test-hivemq-platform' in namespace 'helmcustomconfigit'
2025-01-27 17:09:13,848 INFO c.h.h.t.HelmChartContainer - [hivemq-test-hivemq-platform] [hivemq-platform-operator] [225f2588] 17:09:13.845 [ReconcilerExecutor-hivemq-controller-98] DEBUG c.h.p.o.HiveMQPlatformReconciler - [helmcust] Custom Resource Status STARTING - HiveMQ Platform is starting (READY)
2025-01-27 17:09:13,848 INFO c.h.h.t.HelmChartContainer - [hivemq-test-hivemq-platform] [hivemq-platform-operator] [225f2588] 17:09:13.845 [ReconcilerExecutor-hivemq-controller-98] DEBUG c.h.p.o.HiveMQPlatformReconciler - [helmcust] Custom Resource Spec (replicas: 2) (extensions: 1)
2025-01-27 17:09:13,850 INFO c.h.h.t.HelmChartContainer - [hivemq-test-hivemq-platform] [hivemq-platform-operator] [225f2588] 17:09:13.849 [ReconcilerExecutor-hivemq-controller-98] DEBUG c.h.p.o.HiveMQPlatformReconciler - [helmcust] StatefulSet Status (revision: test-hivemq-platform-5b669c4444, replicas: 1, available: 0, ready: 0, current: 1, updated: 1)
2025-01-27 17:09:13,850 INFO c.h.h.t.HelmChartContainer - [hivemq-test-hivemq-platform] [hivemq-platform-operator] [225f2588] 17:09:13.849 [ReconcilerExecutor-hivemq-controller-98] DEBUG c.h.p.o.HiveMQPlatformReconciler - [helmcust] StatefulSet Spec (replicas: 2, init containers: 1, containers: 1, volumes: 3)
2025-01-27 17:09:13,852 INFO c.h.h.t.HelmChartContainer - [hivemq-test-hivemq-platform] [hivemq-platform-operator] [225f2588] 17:09:13.851 [ReconcilerExecutor-hivemq-controller-98] DEBUG c.h.p.o.h.HiveMQPlatformReconcilerErrorHandler - [helmcust] Pod 'test-hivemq-platform-0' phase Running
2025-01-27 17:09:13,853 INFO c.h.h.t.HelmChartContainer - [hivemq-test-hivemq-platform] [hivemq-platform-operator] [225f2588] 17:09:13.852 [ReconcilerExecutor-hivemq-controller-98] INFO  c.h.p.o.h.HiveMQPlatformReconcilerBaseHandler - [helmcust] HiveMQ Platform is starting, 0 of 2 replicas are ready
2025-01-27 17:09:14,398 INFO c.h.h.t.HelmChartContainer - [test-hivemq-platform] [hivemq] [cd11c74a] INFO  - [HiveMQ Platform Operator Init 1.7.0-SNAPSHOT] HiveMQ Platform Operator Init 1.7.0-SNAPSHOT (commit: bebf408 on branch: HEAD) built on Sun Jan 26 20:47:47 UTC 2025
2025-01-27 17:09:15,507 INFO c.h.h.t.HelmChartContainer - [test-hivemq-platform] [hivemq] [cd11c74a] INFO  - [HiveMQ Platform Operator Init App 1.7.0-SNAPSHOT] Using bind address 10.42.0.11 from environment variable
2025-01-27 17:09:16,428 INFO c.h.h.t.HelmChartContainer - [test-hivemq-platform] [hivemq] [cd11c74a] INFO  - [HiveMQ Platform Operator Init App 1.7.0-SNAPSHOT] HiveMQ Platform Operator Init App 1.7.0-SNAPSHOT (commit: bebf408 on branch: HEAD) built on Sun Jan 26 20:47:47 UTC 2025
2025-01-27 17:09:16,428 INFO c.h.h.t.HelmChartContainer - [test-hivemq-platform] [hivemq] [cd11c74a] INFO  - [HiveMQ Platform Operator Init App 1.7.0-SNAPSHOT] PodInfo ConfigMap directory: /etc/podinfo
2025-01-27 17:09:16,428 INFO c.h.h.t.HelmChartContainer - [test-hivemq-platform] [hivemq] [cd11c74a] INFO  - [HiveMQ Platform Operator Init App 1.7.0-SNAPSHOT] HiveMQ home directory: /opt/hivemq
2025-01-27 17:09:16,428 INFO c.h.h.t.HelmChartContainer - [test-hivemq-platform] [hivemq] [cd11c74a] INFO  - [HiveMQ Platform Operator Init App 1.7.0-SNAPSHOT] HiveMQ Logback folder: /opt/hivemq/conf
2025-01-27 17:09:16,428 INFO c.h.h.t.HelmChartContainer - [test-hivemq-platform] [hivemq] [cd11c74a] INFO  - [HiveMQ Platform Operator Init App 1.7.0-SNAPSHOT] HiveMQ Config folder: /opt/hivemq/conf-k8s
2025-01-27 17:09:16,429 INFO c.h.h.t.HelmChartContainer - [test-hivemq-platform] [hivemq] [cd11c74a] INFO  - [HiveMQ Platform Operator Init App 1.7.0-SNAPSHOT] Starting HiveMQ Platform Operator Init App
2025-01-27 17:09:16,429 INFO c.h.h.t.HelmChartContainer - [test-hivemq-platform] [hivemq] [cd11c74a] INFO  - [HiveMQ Platform Operator Init App 1.7.0-SNAPSHOT] Starting Pod reconciler
2025-01-27 17:09:17,698 INFO c.h.h.t.HelmChartContainer - [test-hivemq-platform] [hivemq] [cd11c74a] INFO  - [HiveMQ Platform Operator Init App 1.7.0-SNAPSHOT] Pod reconciler is scheduled (interval: 5000 ms)
2025-01-27 17:09:17,699 INFO c.h.h.t.HelmChartContainer - [test-hivemq-platform] [hivemq] [cd11c74a] INFO  - [HiveMQ Platform Operator Init App 1.7.0-SNAPSHOT] Starting the REST API on 10.42.0.11:7979
2025-01-27 17:09:17,701 INFO c.h.h.t.HelmChartContainer - [test-hivemq-platform] [hivemq] [cd11c74a] INFO  - [HiveMQ Platform Operator Init App 1.7.0-SNAPSHOT] Waiting up to 600s for at most 2 HiveMQ nodes in cluster service hivemq-test-hivemq-platform-cluster.helmcustomconfigit.svc
2025-01-27 17:09:18,032 INFO c.h.h.t.HelmChartContainer - [test-hivemq-platform] [hivemq] [cd11c74a] INFO  - [HiveMQ Platform Operator Init App 1.7.0-SNAPSHOT] Resolved 1 IP addresses: [10.42.0.11]
2025-01-27 17:09:18,033 INFO c.h.h.t.HelmChartContainer - [test-hivemq-platform] [hivemq] [cd11c74a] INFO  - [HiveMQ Platform Operator Init App 1.7.0-SNAPSHOT] HiveMQ node count of 1 is within threshold of 2
2025-01-27 17:09:18,033 INFO c.h.h.t.HelmChartContainer - [test-hivemq-platform] [hivemq] [cd11c74a] INFO  - [HiveMQ Platform Operator Init App 1.7.0-SNAPSHOT] Proceeding with container start
2025-01-27 17:09:18,122 INFO c.h.h.t.HelmChartContainer - [test-hivemq-platform] [hivemq] [cd11c74a] INFO  - [HiveMQ Platform Operator Init App 1.7.0-SNAPSHOT] Initializing HiveMQ Platform extensions with initial configuration: {hivemq-allow-all-extension={start-priority=-1, skip-https-hostname-verification=false, restart=true, config-version=0, header-version=0, c-uri=, priority=-1, uri=preinstalled, skip-https-certificate-validation=false, enabled=true}, hivemq-prometheus-extension={priority=-1, start-priority=-1, c-uri=, skip-https-hostname-verification=false, skip-https-certificate-validation=false, uri=preinstalled, request-header-path=no-request-headers, enabled=true, restart=true}}
2025-01-27 17:09:18,621 INFO c.h.h.t.HelmChartContainer - [test-hivemq-platform] [hivemq] [cd11c74a] INFO  - [HiveMQ Platform Operator Init App 1.7.0-SNAPSHOT] Extension hivemq-allow-all-extension was already enabled
2025-01-27 17:09:18,696 INFO c.h.h.t.HelmChartContainer - [test-hivemq-platform] [hivemq] [cd11c74a] INFO  - [HiveMQ Platform Operator Init App 1.7.0-SNAPSHOT] Successfully enabled extension hivemq-prometheus-extension
2025-01-27 17:09:18,698 INFO c.h.h.t.HelmChartContainer - [test-hivemq-platform] [hivemq] [cd11c74a] INFO  - [HiveMQ Platform Operator Init App 1.7.0-SNAPSHOT] Starting HiveMQ Platform version 4.35.0 (4.35.0)
2025-01-27 17:09:18,698 INFO c.h.h.t.HelmChartContainer - [test-hivemq-platform] [hivemq] [cd11c74a] INFO  - [HiveMQ Platform Operator Init App 1.7.0-SNAPSHOT] Configuring the HiveMQ Platform
2025-01-27 17:09:18,723 INFO c.h.h.t.HelmChartContainer - [test-hivemq-platform] [hivemq] [cd11c74a] INFO  - [HiveMQ Platform Operator Init App 1.7.0-SNAPSHOT] Changed logback.xml file scan period to 20 seconds
2025-01-27 17:09:18,801 INFO c.h.h.t.HelmChartContainer - [test-hivemq-platform] [hivemq] [cd11c74a] INFO  - [HiveMQ Platform Operator Init App 1.7.0-SNAPSHOT] Starting the HiveMQ Platform
2025-01-27 17:09:18,822 INFO c.h.h.t.HelmChartContainer - [test-hivemq-platform] [hivemq] [cd11c74a] -------------------------------------------------------------------------
2025-01-27 17:09:18,823 INFO c.h.h.t.HelmChartContainer - [test-hivemq-platform] [hivemq] [cd11c74a] 
2025-01-27 17:09:18,823 INFO c.h.h.t.HelmChartContainer - [test-hivemq-platform] [hivemq] [cd11c74a]                   _    _  _              __  __   ____
2025-01-27 17:09:18,823 INFO c.h.h.t.HelmChartContainer - [test-hivemq-platform] [hivemq] [cd11c74a]                  | |  | |(_)            |  \/  | / __ \
2025-01-27 17:09:18,823 INFO c.h.h.t.HelmChartContainer - [test-hivemq-platform] [hivemq] [cd11c74a]                  | |__| | _ __   __ ___ | \  / || |  | |
2025-01-27 17:09:18,823 INFO c.h.h.t.HelmChartContainer - [test-hivemq-platform] [hivemq] [cd11c74a]                  |  __  || |\ \ / // _ \| |\/| || |  | |
2025-01-27 17:09:18,823 INFO c.h.h.t.HelmChartContainer - [test-hivemq-platform] [hivemq] [cd11c74a]                  | |  | || | \ V /|  __/| |  | || |__| |
2025-01-27 17:09:18,823 INFO c.h.h.t.HelmChartContainer - [test-hivemq-platform] [hivemq] [cd11c74a]                  |_|  |_||_|  \_/  \___||_|  |_| \___\_\
2025-01-27 17:09:18,823 INFO c.h.h.t.HelmChartContainer - [test-hivemq-platform] [hivemq] [cd11c74a] 
2025-01-27 17:09:18,823 INFO c.h.h.t.HelmChartContainer - [test-hivemq-platform] [hivemq] [cd11c74a] -------------------------------------------------------------------------
2025-01-27 17:09:18,823 INFO c.h.h.t.HelmChartContainer - [test-hivemq-platform] [hivemq] [cd11c74a] 
2025-01-27 17:09:18,823 INFO c.h.h.t.HelmChartContainer - [test-hivemq-platform] [hivemq] [cd11c74a]   HiveMQ Start Script for Linux/Unix v1.14
2025-01-27 17:09:18,823 INFO c.h.h.t.HelmChartContainer - [test-hivemq-platform] [hivemq] [cd11c74a] 
2025-01-27 17:09:19,000 INFO c.h.h.t.HelmChartContainer - [test-hivemq-platform] [hivemq] [cd11c74a] -------------------------------------------------------------------------
2025-01-27 17:09:19,000 INFO c.h.h.t.HelmChartContainer - [test-hivemq-platform] [hivemq] [cd11c74a] 
2025-01-27 17:09:19,000 INFO c.h.h.t.HelmChartContainer - [test-hivemq-platform] [hivemq] [cd11c74a]   HIVEMQ_HOME: /opt/hivemq
2025-01-27 17:09:19,000 INFO c.h.h.t.HelmChartContainer - [test-hivemq-platform] [hivemq] [cd11c74a] 
2025-01-27 17:09:19,000 INFO c.h.h.t.HelmChartContainer - [test-hivemq-platform] [hivemq] [cd11c74a]   JAVA_OPTS: -XX:+UnlockExperimentalVMOptions -XX:InitialRAMPercentage=50 -XX:MaxRAMPercentage=50 -Djava.net.preferIPv4Stack=true --add-opens java.base/java.lang=ALL-UNNAMED --add-opens java.base/java.nio=ALL-UNNAMED --add-opens java.base/sun.nio.ch=ALL-UNNAMED --add-opens jdk.management/com.sun.management.internal=ALL-UNNAMED --add-exports java.base/jdk.internal.misc=ALL-UNNAMED -Djava.security.egd=file:/dev/./urandom -Dcom.sun.management.jmxremote -Dcom.sun.management.jmxremote.port=9010 -Dcom.sun.management.jmxremote.local.only=false -Dcom.sun.management.jmxremote.authenticate=false -Dcom.sun.management.jmxremote.ssl=false -Duser.language=en -Duser.region=US -XX:+CrashOnOutOfMemoryError -XX:+HeapDumpOnOutOfMemoryError
2025-01-27 17:09:19,000 INFO c.h.h.t.HelmChartContainer - [test-hivemq-platform] [hivemq] [cd11c74a] 
2025-01-27 17:09:19,000 INFO c.h.h.t.HelmChartContainer - [test-hivemq-platform] [hivemq] [cd11c74a]   JAVA_VERSION: 21
2025-01-27 17:09:19,000 INFO c.h.h.t.HelmChartContainer - [test-hivemq-platform] [hivemq] [cd11c74a] 
2025-01-27 17:09:19,001 INFO c.h.h.t.HelmChartContainer - [test-hivemq-platform] [hivemq] [cd11c74a] -------------------------------------------------------------------------
2025-01-27 17:09:19,001 INFO c.h.h.t.HelmChartContainer - [test-hivemq-platform] [hivemq] [cd11c74a] 
2025-01-27 17:09:19,823 INFO c.h.h.t.HelmChartContainer - [test-hivemq-platform] [hivemq] [cd11c74a] INFO  - [HiveMQ Platform Operator Init App 1.7.0-SNAPSHOT] Returning default Health API response 503 for readiness
2025-01-27 17:09:20,131 INFO c.h.h.t.HelmChartContainer - [EVENT] Warning [Unhealthy] Readiness probe failed: HTTP probe failed with statuscode: 503 [helmcustomconfigit:test-hivemq-platform-0]
2025-01-27 17:09:20,131 INFO c.h.h.t.HelmChartContainer - Received Unhealthy event for container hivemq in pod test-hivemq-platform-0 [cd11c74a-c7db-4381-8815-e3221ec6d4b4]
2025-01-27 17:09:21,829 INFO c.h.h.t.HelmChartContainer - [test-hivemq-platform] [hivemq] [cd11c74a] INFO  - Starting HiveMQ Enterprise Server
2025-01-27 17:09:21,899 INFO c.h.h.t.HelmChartContainer - [test-hivemq-platform] [hivemq] [cd11c74a] INFO  - HiveMQ version: 4.35.0
2025-01-27 17:09:21,899 INFO c.h.h.t.HelmChartContainer - [test-hivemq-platform] [hivemq] [cd11c74a] INFO  - HiveMQ home directory: /opt/hivemq
2025-01-27 17:09:21,899 INFO c.h.h.t.HelmChartContainer - [test-hivemq-platform] [hivemq] [cd11c74a] INFO  - Log Configuration was overridden by /opt/hivemq/conf/logback.xml
2025-01-27 17:09:23,530 INFO c.h.h.t.HelmChartContainer - [test-hivemq-platform] [hivemq] [cd11c74a] INFO  - Successfully loaded configuration from '/opt/hivemq/conf-k8s/config.xml'.
2025-01-27 17:09:23,862 INFO c.h.h.t.HelmChartContainer - [hivemq-test-hivemq-platform] [hivemq-platform-operator] [225f2588] 17:09:23.857 [pool-6-thread-8] DEBUG c.h.p.o.d.PlatformServiceResource - [helmcust] Desired Platform services (3 services)
2025-01-27 17:09:23,862 INFO c.h.h.t.HelmChartContainer - [hivemq-test-hivemq-platform] [hivemq-platform-operator] [225f2588] 17:09:23.858 [pool-6-thread-5] DEBUG c.h.p.o.dependants.PodInfoConfigMap - [helmcust] Desired PodInfo ConfigMap (1 extensions) (1 enabled)
2025-01-27 17:09:23,863 INFO c.h.h.t.HelmChartContainer - [hivemq-test-hivemq-platform] [hivemq-platform-operator] [225f2588] 17:09:23.860 [pool-6-thread-1] DEBUG c.h.p.o.d.PodServiceAccountResource - [helmcust] Desired PodServiceAccountResource (serviceAccountName: hivemq-platform-pod-test-hivemq-platform)
2025-01-27 17:09:23,863 INFO c.h.h.t.HelmChartContainer - [hivemq-test-hivemq-platform] [hivemq-platform-operator] [225f2588] 17:09:23.860 [pool-6-thread-5] DEBUG c.h.p.o.dependants.PodInfoConfigMap - [helmcust] Desired PodInfo ConfigMap (metrics port: 9399) (metrics path: /)
2025-01-27 17:09:23,863 INFO c.h.h.t.HelmChartContainer - [hivemq-test-hivemq-platform] [hivemq-platform-operator] [225f2588] 17:09:23.861 [pool-6-thread-5] DEBUG c.h.p.o.dependants.PodInfoConfigMap - [helmcust] Desired PodInfo ConfigMap (extension state hash: -1817474005)
2025-01-27 17:09:23,869 INFO c.h.h.t.HelmChartContainer - [hivemq-test-hivemq-platform] [hivemq-platform-operator] [225f2588] 17:09:23.867 [pool-6-thread-8] DEBUG c.h.p.o.d.StatefulSetResource - [helmcust] Desired StatefulSet (2 replicas) for status STARTING (READY)
2025-01-27 17:09:23,938 INFO c.h.h.t.HelmChartContainer - [hivemq-test-hivemq-platform] [hivemq-platform-operator] [225f2588] 17:09:23.936 [ReconcilerExecutor-hivemq-controller-109] INFO  c.h.p.o.HiveMQPlatformReconciler - [helmcust] Reconciling HiveMQ Platform 'test-hivemq-platform' in namespace 'helmcustomconfigit'
2025-01-27 17:09:23,939 INFO c.h.h.t.HelmChartContainer - [hivemq-test-hivemq-platform] [hivemq-platform-operator] [225f2588] 17:09:23.936 [ReconcilerExecutor-hivemq-controller-109] DEBUG c.h.p.o.HiveMQPlatformReconciler - [helmcust] Custom Resource Status STARTING - HiveMQ Platform is starting (READY)
2025-01-27 17:09:23,939 INFO c.h.h.t.HelmChartContainer - [hivemq-test-hivemq-platform] [hivemq-platform-operator] [225f2588] 17:09:23.936 [ReconcilerExecutor-hivemq-controller-109] DEBUG c.h.p.o.HiveMQPlatformReconciler - [helmcust] Custom Resource Spec (replicas: 2) (extensions: 1)
2025-01-27 17:09:23,941 INFO c.h.h.t.HelmChartContainer - [hivemq-test-hivemq-platform] [hivemq-platform-operator] [225f2588] 17:09:23.939 [ReconcilerExecutor-hivemq-controller-109] DEBUG c.h.p.o.HiveMQPlatformReconciler - [helmcust] StatefulSet Status (revision: test-hivemq-platform-5b669c4444, replicas: 1, available: 0, ready: 0, current: 1, updated: 1)
2025-01-27 17:09:23,942 INFO c.h.h.t.HelmChartContainer - [hivemq-test-hivemq-platform] [hivemq-platform-operator] [225f2588] 17:09:23.939 [ReconcilerExecutor-hivemq-controller-109] DEBUG c.h.p.o.HiveMQPlatformReconciler - [helmcust] StatefulSet Spec (replicas: 2, init containers: 1, containers: 1, volumes: 3)
2025-01-27 17:09:23,942 INFO c.h.h.t.HelmChartContainer - [hivemq-test-hivemq-platform] [hivemq-platform-operator] [225f2588] 17:09:23.941 [ReconcilerExecutor-hivemq-controller-109] DEBUG c.h.p.o.h.HiveMQPlatformReconcilerErrorHandler - [helmcust] Pod 'test-hivemq-platform-0' phase Running
2025-01-27 17:09:23,943 INFO c.h.h.t.HelmChartContainer - [hivemq-test-hivemq-platform] [hivemq-platform-operator] [225f2588] 17:09:23.942 [ReconcilerExecutor-hivemq-controller-109] INFO  c.h.p.o.h.HiveMQPlatformReconcilerBaseHandler - [helmcust] HiveMQ Platform is starting, 0 of 2 replicas are ready
2025-01-27 17:09:24,326 INFO c.h.h.t.HelmChartContainer - [test-hivemq-platform] [hivemq] [cd11c74a] INFO  - This node's ID is 535h2
2025-01-27 17:09:24,327 INFO c.h.h.t.HelmChartContainer - [test-hivemq-platform] [hivemq] [cd11c74a] INFO  - Clustering is enabled
2025-01-27 17:09:25,026 INFO c.h.h.t.HelmChartContainer - [test-hivemq-platform] [hivemq] [cd11c74a] WARN  - [HiveMQ Platform Operator Init App 1.7.0-SNAPSHOT] Cannot connect to Health API for readiness: null
2025-01-27 17:09:25,032 INFO c.h.h.t.HelmChartContainer - [EVENT] Warning [Unhealthy] Readiness probe failed: HTTP probe failed with statuscode: 503 [helmcustomconfigit:test-hivemq-platform-0]
2025-01-27 17:09:25,032 INFO c.h.h.t.HelmChartContainer - Received Unhealthy event for container hivemq in pod test-hivemq-platform-0 [cd11c74a-c7db-4381-8815-e3221ec6d4b4]
2025-01-27 17:09:27,928 INFO c.h.h.t.HelmChartContainer - [test-hivemq-platform] [hivemq] [cd11c74a] Jan 27, 2025 5:09:27 PM io.vertx.core.impl.BlockedThreadChecker
2025-01-27 17:09:27,928 INFO c.h.h.t.HelmChartContainer - [test-hivemq-platform] [hivemq] [cd11c74a] WARNING: Thread Thread[vert.x-eventloop-thread-1,5,main] has been blocked for 2526 ms, time limit is 2000 ms
2025-01-27 17:09:28,727 INFO c.h.h.t.HelmChartContainer - [test-hivemq-platform] [hivemq] [cd11c74a] INFO  - [HiveMQ Platform Operator Init App 1.7.0-SNAPSHOT] Updating Pod HiveMQ Platform Operator Init App version annotation (version: 1.7.0-SNAPSHOT)
2025-01-27 17:09:29,831 INFO c.h.h.t.HelmChartContainer - [test-hivemq-platform] [hivemq] [cd11c74a] WARN  - [HiveMQ Platform Operator Init App 1.7.0-SNAPSHOT] Cannot connect to Health API for readiness: null
2025-01-27 17:09:29,834 INFO c.h.h.t.HelmChartContainer - [EVENT] Warning [Unhealthy] Readiness probe failed: HTTP probe failed with statuscode: 503 [helmcustomconfigit:test-hivemq-platform-0]
2025-01-27 17:09:29,834 INFO c.h.h.t.HelmChartContainer - Received Unhealthy event for container hivemq in pod test-hivemq-platform-0 [cd11c74a-c7db-4381-8815-e3221ec6d4b4]
2025-01-27 17:09:29,931 INFO c.h.h.t.HelmChartContainer - [POD] test-hivemq-platform-0 [cd11c74a-c7db-4381-8815-e3221ec6d4b4] in helmcustomconfigit was MODIFIED
2025-01-27 17:09:29,943 INFO c.h.h.t.HelmChartContainer - [hivemq-test-hivemq-platform] [hivemq-platform-operator] [225f2588] 17:09:29.940 [pool-6-thread-15] DEBUG c.h.p.o.d.PlatformServiceResource - [helmcust] Desired Platform services (3 services)
2025-01-27 17:09:29,944 INFO c.h.h.t.HelmChartContainer - [hivemq-test-hivemq-platform] [hivemq-platform-operator] [225f2588] 17:09:29.941 [pool-6-thread-17] DEBUG c.h.p.o.dependants.PodInfoConfigMap - [helmcust] Desired PodInfo ConfigMap (1 extensions) (1 enabled)
2025-01-27 17:09:29,944 INFO c.h.h.t.HelmChartContainer - [hivemq-test-hivemq-platform] [hivemq-platform-operator] [225f2588] 17:09:29.941 [pool-6-thread-17] DEBUG c.h.p.o.dependants.PodInfoConfigMap - [helmcust] Desired PodInfo ConfigMap (metrics port: 9399) (metrics path: /)
2025-01-27 17:09:29,944 INFO c.h.h.t.HelmChartContainer - [hivemq-test-hivemq-platform] [hivemq-platform-operator] [225f2588] 17:09:29.941 [pool-6-thread-17] DEBUG c.h.p.o.dependants.PodInfoConfigMap - [helmcust] Desired PodInfo ConfigMap (extension state hash: -1817474005)
2025-01-27 17:09:29,944 INFO c.h.h.t.HelmChartContainer - [hivemq-test-hivemq-platform] [hivemq-platform-operator] [225f2588] 17:09:29.943 [pool-6-thread-16] DEBUG c.h.p.o.d.PodServiceAccountResource - [helmcust] Desired PodServiceAccountResource (serviceAccountName: hivemq-platform-pod-test-hivemq-platform)
2025-01-27 17:09:29,948 INFO c.h.h.t.HelmChartContainer - [hivemq-test-hivemq-platform] [hivemq-platform-operator] [225f2588] 17:09:29.947 [pool-6-thread-11] DEBUG c.h.p.o.d.StatefulSetResource - [helmcust] Desired StatefulSet (2 replicas) for status STARTING (READY)
2025-01-27 17:09:29,951 INFO c.h.h.t.HelmChartContainer - [hivemq-test-hivemq-platform] [hivemq-platform-operator] [225f2588] 17:09:29.950 [ReconcilerExecutor-hivemq-controller-110] INFO  c.h.p.o.HiveMQPlatformReconciler - [helmcust] Reconciling HiveMQ Platform 'test-hivemq-platform' in namespace 'helmcustomconfigit'
2025-01-27 17:09:29,952 INFO c.h.h.t.HelmChartContainer - [hivemq-test-hivemq-platform] [hivemq-platform-operator] [225f2588] 17:09:29.950 [ReconcilerExecutor-hivemq-controller-110] DEBUG c.h.p.o.HiveMQPlatformReconciler - [helmcust] Custom Resource Status STARTING - HiveMQ Platform is starting (READY)
2025-01-27 17:09:29,952 INFO c.h.h.t.HelmChartContainer - [hivemq-test-hivemq-platform] [hivemq-platform-operator] [225f2588] 17:09:29.950 [ReconcilerExecutor-hivemq-controller-110] DEBUG c.h.p.o.HiveMQPlatformReconciler - [helmcust] Custom Resource Spec (replicas: 2) (extensions: 1)
2025-01-27 17:09:30,028 INFO c.h.h.t.HelmChartContainer - [test-hivemq-platform] [hivemq] [cd11c74a] WARN  - [HiveMQ Platform Operator Init App 1.7.0-SNAPSHOT] Cannot connect to Health API for readiness: null
2025-01-27 17:09:30,028 INFO c.h.h.t.HelmChartContainer - [test-hivemq-platform] [hivemq] [cd11c74a] INFO  - [HiveMQ Platform Operator Init App 1.7.0-SNAPSHOT] Successfully updated Pod HiveMQ Platform Operator Init App version annotation (version: 1.7.0-SNAPSHOT)
2025-01-27 17:09:30,029 INFO c.h.h.t.HelmChartContainer - [hivemq-test-hivemq-platform] [hivemq-platform-operator] [225f2588] 17:09:30.023 [ReconcilerExecutor-hivemq-controller-110] DEBUG c.h.p.o.HiveMQPlatformReconciler - [helmcust] StatefulSet Status (revision: test-hivemq-platform-5b669c4444, replicas: 1, available: 0, ready: 0, current: 1, updated: 1)
2025-01-27 17:09:30,029 INFO c.h.h.t.HelmChartContainer - [hivemq-test-hivemq-platform] [hivemq-platform-operator] [225f2588] 17:09:30.023 [ReconcilerExecutor-hivemq-controller-110] DEBUG c.h.p.o.HiveMQPlatformReconciler - [helmcust] StatefulSet Spec (replicas: 2, init containers: 1, containers: 1, volumes: 3)
2025-01-27 17:09:30,032 INFO c.h.h.t.HelmChartContainer - [EVENT] Warning [Unhealthy] Readiness probe failed: HTTP probe failed with statuscode: 503 [helmcustomconfigit:test-hivemq-platform-0]
2025-01-27 17:09:30,032 INFO c.h.h.t.HelmChartContainer - Received Unhealthy event for container hivemq in pod test-hivemq-platform-0 [cd11c74a-c7db-4381-8815-e3221ec6d4b4]
2025-01-27 17:09:30,039 INFO c.h.h.t.HelmChartContainer - [hivemq-test-hivemq-platform] [hivemq-platform-operator] [225f2588] 17:09:30.038 [ReconcilerExecutor-hivemq-controller-110] DEBUG c.h.p.o.h.HiveMQPlatformReconcilerErrorHandler - [helmcust] Pod 'test-hivemq-platform-0' phase Running
2025-01-27 17:09:30,042 INFO c.h.h.t.HelmChartContainer - [hivemq-test-hivemq-platform] [hivemq-platform-operator] [225f2588] 17:09:30.041 [ReconcilerExecutor-hivemq-controller-110] INFO  c.h.p.o.h.HiveMQPlatformReconcilerBaseHandler - [helmcust] HiveMQ Platform is starting, 0 of 2 replicas are ready
2025-01-27 17:09:33,734 INFO c.h.h.t.HelmChartContainer - [K3S] [INFO] COMPACT compactRev=0 targetCompactRev=2 currentRev=1162
2025-01-27 17:09:33,735 INFO c.h.h.t.HelmChartContainer - [K3S] [INFO] COMPACT deleted 0 rows from 2 revisions in 423.952µs - compacted to 2/1162
2025-01-27 17:09:33,735 INFO c.h.h.t.HelmChartContainer - [K3S] [INFO] COMPACT compacted from 0 to 2 in 1 transactions over 1ms
2025-01-27 17:09:34,996 INFO c.h.h.t.HelmChartContainer - [test-hivemq-platform] [hivemq] [cd11c74a] WARN  - [HiveMQ Platform Operator Init App 1.7.0-SNAPSHOT] Cannot connect to Health API for readiness: null
2025-01-27 17:09:35,011 INFO c.h.h.t.HelmChartContainer - [EVENT] Warning [Unhealthy] Readiness probe failed: HTTP probe failed with statuscode: 503 [helmcustomconfigit:test-hivemq-platform-0]
2025-01-27 17:09:35,011 INFO c.h.h.t.HelmChartContainer - Received Unhealthy event for container hivemq in pod test-hivemq-platform-0 [cd11c74a-c7db-4381-8815-e3221ec6d4b4]
2025-01-27 17:09:36,292 INFO c.h.h.t.HelmChartContainer - [K3S] [info.go:53] Couldn't collect info from any of the files in "/etc/machine-id,/var/lib/dbus/machine-id"
2025-01-27 17:09:39,921 INFO c.h.h.t.HelmChartContainer - [test-hivemq-platform] [hivemq] [cd11c74a] WARN  - [HiveMQ Platform Operator Init App 1.7.0-SNAPSHOT] Cannot connect to Health API for liveness: null
2025-01-27 17:09:39,921 INFO c.h.h.t.HelmChartContainer - [test-hivemq-platform] [hivemq] [cd11c74a] INFO  - [HiveMQ Platform Operator Init App 1.7.0-SNAPSHOT] Returning default Health API response 200 for liveness
2025-01-27 17:09:39,997 INFO c.h.h.t.HelmChartContainer - [test-hivemq-platform] [hivemq] [cd11c74a] WARN  - [HiveMQ Platform Operator Init App 1.7.0-SNAPSHOT] Cannot connect to Health API for readiness: null
2025-01-27 17:09:40,001 INFO c.h.h.t.HelmChartContainer - [EVENT] Warning [Unhealthy] Readiness probe failed: HTTP probe failed with statuscode: 503 [helmcustomconfigit:test-hivemq-platform-0]
2025-01-27 17:09:40,001 INFO c.h.h.t.HelmChartContainer - Received Unhealthy event for container hivemq in pod test-hivemq-platform-0 [cd11c74a-c7db-4381-8815-e3221ec6d4b4]
2025-01-27 17:09:40,050 INFO c.h.h.t.HelmChartContainer - [hivemq-test-hivemq-platform] [hivemq-platform-operator] [225f2588] 17:09:40.048 [pool-6-thread-27] DEBUG c.h.p.o.d.PlatformServiceResource - [helmcust] Desired Platform services (3 services)
2025-01-27 17:09:40,052 INFO c.h.h.t.HelmChartContainer - [hivemq-test-hivemq-platform] [hivemq-platform-operator] [225f2588] 17:09:40.050 [pool-6-thread-23] DEBUG c.h.p.o.dependants.PodInfoConfigMap - [helmcust] Desired PodInfo ConfigMap (1 extensions) (1 enabled)
2025-01-27 17:09:40,053 INFO c.h.h.t.HelmChartContainer - [hivemq-test-hivemq-platform] [hivemq-platform-operator] [225f2588] 17:09:40.052 [pool-6-thread-23] DEBUG c.h.p.o.dependants.PodInfoConfigMap - [helmcust] Desired PodInfo ConfigMap (metrics port: 9399) (metrics path: /)
2025-01-27 17:09:40,054 INFO c.h.h.t.HelmChartContainer - [hivemq-test-hivemq-platform] [hivemq-platform-operator] [225f2588] 17:09:40.053 [pool-6-thread-23] DEBUG c.h.p.o.dependants.PodInfoConfigMap - [helmcust] Desired PodInfo ConfigMap (extension state hash: -1817474005)
2025-01-27 17:09:40,055 INFO c.h.h.t.HelmChartContainer - [hivemq-test-hivemq-platform] [hivemq-platform-operator] [225f2588] 17:09:40.049 [pool-6-thread-25] DEBUG c.h.p.o.d.PodServiceAccountResource - [helmcust] Desired PodServiceAccountResource (serviceAccountName: hivemq-platform-pod-test-hivemq-platform)
2025-01-27 17:09:40,058 INFO c.h.h.t.HelmChartContainer - [hivemq-test-hivemq-platform] [hivemq-platform-operator] [225f2588] 17:09:40.057 [pool-6-thread-30] DEBUG c.h.p.o.d.StatefulSetResource - [helmcust] Desired StatefulSet (2 replicas) for status STARTING (READY)
2025-01-27 17:09:40,062 INFO c.h.h.t.HelmChartContainer - [hivemq-test-hivemq-platform] [hivemq-platform-operator] [225f2588] 17:09:40.061 [ReconcilerExecutor-hivemq-controller-111] INFO  c.h.p.o.HiveMQPlatformReconciler - [helmcust] Reconciling HiveMQ Platform 'test-hivemq-platform' in namespace 'helmcustomconfigit'
2025-01-27 17:09:40,063 INFO c.h.h.t.HelmChartContainer - [hivemq-test-hivemq-platform] [hivemq-platform-operator] [225f2588] 17:09:40.061 [ReconcilerExecutor-hivemq-controller-111] DEBUG c.h.p.o.HiveMQPlatformReconciler - [helmcust] Custom Resource Status STARTING - HiveMQ Platform is starting (READY)
2025-01-27 17:09:40,063 INFO c.h.h.t.HelmChartContainer - [hivemq-test-hivemq-platform] [hivemq-platform-operator] [225f2588] 17:09:40.061 [ReconcilerExecutor-hivemq-controller-111] DEBUG c.h.p.o.HiveMQPlatformReconciler - [helmcust] Custom Resource Spec (replicas: 2) (extensions: 1)
2025-01-27 17:09:40,139 INFO c.h.h.t.HelmChartContainer - [hivemq-test-hivemq-platform] [hivemq-platform-operator] [225f2588] 17:09:40.136 [ReconcilerExecutor-hivemq-controller-111] DEBUG c.h.p.o.HiveMQPlatformReconciler - [helmcust] StatefulSet Status (revision: test-hivemq-platform-5b669c4444, replicas: 1, available: 0, ready: 0, current: 1, updated: 1)
2025-01-27 17:09:40,139 INFO c.h.h.t.HelmChartContainer - [hivemq-test-hivemq-platform] [hivemq-platform-operator] [225f2588] 17:09:40.136 [ReconcilerExecutor-hivemq-controller-111] DEBUG c.h.p.o.HiveMQPlatformReconciler - [helmcust] StatefulSet Spec (replicas: 2, init containers: 1, containers: 1, volumes: 3)
2025-01-27 17:09:40,139 INFO c.h.h.t.HelmChartContainer - [hivemq-test-hivemq-platform] [hivemq-platform-operator] [225f2588] 17:09:40.138 [ReconcilerExecutor-hivemq-controller-111] DEBUG c.h.p.o.h.HiveMQPlatformReconcilerErrorHandler - [helmcust] Pod 'test-hivemq-platform-0' phase Running
2025-01-27 17:09:40,140 INFO c.h.h.t.HelmChartContainer - [hivemq-test-hivemq-platform] [hivemq-platform-operator] [225f2588] 17:09:40.139 [ReconcilerExecutor-hivemq-controller-111] INFO  c.h.p.o.h.HiveMQPlatformReconcilerBaseHandler - [helmcust] HiveMQ Platform is starting, 0 of 2 replicas are ready
2025-01-27 17:09:41,422 INFO c.h.h.t.HelmChartContainer - [test-hivemq-platform] [hivemq] [cd11c74a] INFO  - No valid license file found. Using trial license, restricted to 25 connections.
2025-01-27 17:09:44,735 INFO c.h.h.t.HelmChartContainer - [test-hivemq-platform] [hivemq] [cd11c74a] INFO  - No valid license file for Data Hub found. Using free license, restricted to 1 policy.
2025-01-27 17:09:45,022 INFO c.h.h.t.HelmChartContainer - [test-hivemq-platform] [hivemq] [cd11c74a] WARN  - [HiveMQ Platform Operator Init App 1.7.0-SNAPSHOT] Cannot connect to Health API for readiness: null
2025-01-27 17:09:45,030 INFO c.h.h.t.HelmChartContainer - [EVENT] Warning [Unhealthy] Readiness probe failed: HTTP probe failed with statuscode: 503 [helmcustomconfigit:test-hivemq-platform-0]
2025-01-27 17:09:45,030 INFO c.h.h.t.HelmChartContainer - Received Unhealthy event for container hivemq in pod test-hivemq-platform-0 [cd11c74a-c7db-4381-8815-e3221ec6d4b4]
2025-01-27 17:09:45,724 INFO c.h.h.t.HelmChartContainer - [test-hivemq-platform] [hivemq] [cd11c74a] INFO  - Audit Logger started.
2025-01-27 17:09:46,007 INFO c.h.h.t.HelmChartContainer - [test-hivemq-platform] [hivemq] [cd11c74a] INFO  - This node uses '1' CPU cores.
2025-01-27 17:09:46,024 INFO c.h.h.t.HelmChartContainer - [test-hivemq-platform] [hivemq] [cd11c74a] INFO  - Starting HiveMQ Health API on address 0.0.0.0 and port 8889
2025-01-27 17:09:46,832 INFO c.h.h.t.HelmChartContainer - [test-hivemq-platform] [hivemq] [cd11c74a] INFO  - Started HiveMQ Health API in 808ms
2025-01-27 17:09:46,898 INFO c.h.h.t.HelmChartContainer - [test-hivemq-platform] [hivemq] [cd11c74a] INFO  - Starting HiveMQ extension system.
2025-01-27 17:09:47,224 INFO c.h.h.t.HelmChartContainer - [test-hivemq-platform] [hivemq] [cd11c74a] INFO  - Starting extension with id "hivemq-dns-cluster-discovery" at /opt/hivemq/extensions/hivemq-dns-cluster-discovery
2025-01-27 17:09:47,797 INFO c.h.h.t.HelmChartContainer - [test-hivemq-platform] [hivemq] [cd11c74a] INFO  - Extension "DNS Cluster Discovery Extension" version 4.3.2 started successfully.
2025-01-27 17:09:47,798 INFO c.h.h.t.HelmChartContainer - [test-hivemq-platform] [hivemq] [cd11c74a] INFO  - Starting extension with id "hivemq-prometheus-extension" at /opt/hivemq/extensions/hivemq-prometheus-extension
2025-01-27 17:09:47,924 INFO c.h.h.t.HelmChartContainer - [test-hivemq-platform] [hivemq] [cd11c74a] INFO  - Using TCP cluster transport on address 10.42.0.11 and port 7000
2025-01-27 17:09:47,996 INFO c.h.h.t.HelmChartContainer - [test-hivemq-platform] [hivemq] [cd11c74a] INFO  - Using extension cluster discovery
2025-01-27 17:09:48,996 INFO c.h.h.t.HelmChartContainer - [test-hivemq-platform] [hivemq] [cd11c74a] INFO  - Started Jetty Server exposing Prometheus Servlet on URI http://0.0.0.0:9399/
2025-01-27 17:09:48,996 INFO c.h.h.t.HelmChartContainer - [test-hivemq-platform] [hivemq] [cd11c74a] INFO  - Extension "Prometheus Monitoring Extension" version 4.0.12 started successfully.
2025-01-27 17:09:48,997 INFO c.h.h.t.HelmChartContainer - [test-hivemq-platform] [hivemq] [cd11c74a] INFO  - Starting extension with id "hivemq-allow-all-extension" at /opt/hivemq/extensions/hivemq-allow-all-extension
2025-01-27 17:09:48,997 INFO c.h.h.t.HelmChartContainer - [test-hivemq-platform] [hivemq] [cd11c74a] WARN  - 
2025-01-27 17:09:48,997 INFO c.h.h.t.HelmChartContainer - [test-hivemq-platform] [hivemq] [cd11c74a] ################################################################################################################
2025-01-27 17:09:48,997 INFO c.h.h.t.HelmChartContainer - [test-hivemq-platform] [hivemq] [cd11c74a] # This HiveMQ deployment is not secure! You are lacking Authentication and Authorization.                      #
2025-01-27 17:09:48,997 INFO c.h.h.t.HelmChartContainer - [test-hivemq-platform] [hivemq] [cd11c74a] # Right now any MQTT client can connect to the broker with a full set of permissions.                          #
2025-01-27 17:09:48,997 INFO c.h.h.t.HelmChartContainer - [test-hivemq-platform] [hivemq] [cd11c74a] # For production usage, add an appropriate security extension and remove the hivemq-allow-all extension.       #
2025-01-27 17:09:48,997 INFO c.h.h.t.HelmChartContainer - [test-hivemq-platform] [hivemq] [cd11c74a] # You can download security extensions from the HiveMQ Marketplace (https://www.hivemq.com/extensions/).       #
2025-01-27 17:09:48,997 INFO c.h.h.t.HelmChartContainer - [test-hivemq-platform] [hivemq] [cd11c74a] ################################################################################################################
2025-01-27 17:09:48,998 INFO c.h.h.t.HelmChartContainer - [test-hivemq-platform] [hivemq] [cd11c74a] INFO  - Extension "Allow All Extension" version 1.1.0 started successfully.
2025-01-27 17:09:50,149 INFO c.h.h.t.HelmChartContainer - [hivemq-test-hivemq-platform] [hivemq-platform-operator] [225f2588] 17:09:50.145 [pool-6-thread-37] DEBUG c.h.p.o.d.PlatformServiceResource - [helmcust] Desired Platform services (3 services)
2025-01-27 17:09:50,149 INFO c.h.h.t.HelmChartContainer - [hivemq-test-hivemq-platform] [hivemq-platform-operator] [225f2588] 17:09:50.146 [pool-6-thread-32] DEBUG c.h.p.o.dependants.PodInfoConfigMap - [helmcust] Desired PodInfo ConfigMap (1 extensions) (1 enabled)
2025-01-27 17:09:50,149 INFO c.h.h.t.HelmChartContainer - [hivemq-test-hivemq-platform] [hivemq-platform-operator] [225f2588] 17:09:50.146 [pool-6-thread-32] DEBUG c.h.p.o.dependants.PodInfoConfigMap - [helmcust] Desired PodInfo ConfigMap (metrics port: 9399) (metrics path: /)
2025-01-27 17:09:50,149 INFO c.h.h.t.HelmChartContainer - [hivemq-test-hivemq-platform] [hivemq-platform-operator] [225f2588] 17:09:50.146 [pool-6-thread-32] DEBUG c.h.p.o.dependants.PodInfoConfigMap - [helmcust] Desired PodInfo ConfigMap (extension state hash: -1817474005)
2025-01-27 17:09:50,149 INFO c.h.h.t.HelmChartContainer - [hivemq-test-hivemq-platform] [hivemq-platform-operator] [225f2588] 17:09:50.148 [pool-6-thread-33] DEBUG c.h.p.o.d.PodServiceAccountResource - [helmcust] Desired PodServiceAccountResource (serviceAccountName: hivemq-platform-pod-test-hivemq-platform)
2025-01-27 17:09:50,153 INFO c.h.h.t.HelmChartContainer - [hivemq-test-hivemq-platform] [hivemq-platform-operator] [225f2588] 17:09:50.152 [pool-6-thread-32] DEBUG c.h.p.o.d.StatefulSetResource - [helmcust] Desired StatefulSet (2 replicas) for status STARTING (READY)
2025-01-27 17:09:50,157 INFO c.h.h.t.HelmChartContainer - [hivemq-test-hivemq-platform] [hivemq-platform-operator] [225f2588] 17:09:50.155 [ReconcilerExecutor-hivemq-controller-112] INFO  c.h.p.o.HiveMQPlatformReconciler - [helmcust] Reconciling HiveMQ Platform 'test-hivemq-platform' in namespace 'helmcustomconfigit'
2025-01-27 17:09:50,157 INFO c.h.h.t.HelmChartContainer - [hivemq-test-hivemq-platform] [hivemq-platform-operator] [225f2588] 17:09:50.156 [ReconcilerExecutor-hivemq-controller-112] DEBUG c.h.p.o.HiveMQPlatformReconciler - [helmcust] Custom Resource Status STARTING - HiveMQ Platform is starting (READY)
2025-01-27 17:09:50,157 INFO c.h.h.t.HelmChartContainer - [hivemq-test-hivemq-platform] [hivemq-platform-operator] [225f2588] 17:09:50.156 [ReconcilerExecutor-hivemq-controller-112] DEBUG c.h.p.o.HiveMQPlatformReconciler - [helmcust] Custom Resource Spec (replicas: 2) (extensions: 1)
2025-01-27 17:09:50,158 INFO c.h.h.t.HelmChartContainer - [hivemq-test-hivemq-platform] [hivemq-platform-operator] [225f2588] 17:09:50.157 [ReconcilerExecutor-hivemq-controller-112] DEBUG c.h.p.o.HiveMQPlatformReconciler - [helmcust] StatefulSet Status (revision: test-hivemq-platform-5b669c4444, replicas: 1, available: 0, ready: 0, current: 1, updated: 1)
2025-01-27 17:09:50,159 INFO c.h.h.t.HelmChartContainer - [hivemq-test-hivemq-platform] [hivemq-platform-operator] [225f2588] 17:09:50.157 [ReconcilerExecutor-hivemq-controller-112] DEBUG c.h.p.o.HiveMQPlatformReconciler - [helmcust] StatefulSet Spec (replicas: 2, init containers: 1, containers: 1, volumes: 3)
2025-01-27 17:09:50,160 INFO c.h.h.t.HelmChartContainer - [hivemq-test-hivemq-platform] [hivemq-platform-operator] [225f2588] 17:09:50.159 [ReconcilerExecutor-hivemq-controller-112] DEBUG c.h.p.o.h.HiveMQPlatformReconcilerErrorHandler - [helmcust] Pod 'test-hivemq-platform-0' phase Running
2025-01-27 17:09:50,161 INFO c.h.h.t.HelmChartContainer - [hivemq-test-hivemq-platform] [hivemq-platform-operator] [225f2588] 17:09:50.160 [ReconcilerExecutor-hivemq-controller-112] INFO  c.h.p.o.h.HiveMQPlatformReconcilerBaseHandler - [helmcust] HiveMQ Platform is starting, 0 of 2 replicas are ready
2025-01-27 17:09:50,421 INFO c.h.h.t.HelmChartContainer - [test-hivemq-platform] [hivemq] [cd11c74a] INFO  - [HiveMQ Platform Operator Init App 1.7.0-SNAPSHOT] Returning Health API response 503 for readiness
2025-01-27 17:09:50,425 INFO c.h.h.t.HelmChartContainer - [EVENT] Warning [Unhealthy] Readiness probe failed: HTTP probe failed with statuscode: 503 [helmcustomconfigit:test-hivemq-platform-0]
2025-01-27 17:09:50,425 INFO c.h.h.t.HelmChartContainer - Received Unhealthy event for container hivemq in pod test-hivemq-platform-0 [cd11c74a-c7db-4381-8815-e3221ec6d4b4]
2025-01-27 17:09:50,994 INFO c.h.h.t.HelmChartContainer - [test-hivemq-platform] [hivemq] [cd11c74a] INFO  - 535h2: no members discovered after 2372 ms: creating cluster as first member
2025-01-27 17:09:51,000 INFO c.h.h.t.HelmChartContainer - [test-hivemq-platform] [hivemq] [cd11c74a] INFO  - Cluster nodes found by discovery: [535h2|0] (1) [535h2].
2025-01-27 17:09:51,019 INFO c.h.h.t.HelmChartContainer - [test-hivemq-platform] [hivemq] [cd11c74a] INFO  - No user for HiveMQ Control Center configured. Starting with default user
2025-01-27 17:09:51,019 INFO c.h.h.t.HelmChartContainer - [test-hivemq-platform] [hivemq] [cd11c74a] INFO  - Starting HiveMQ Control Center on address 0.0.0.0 and port 8080
2025-01-27 17:09:51,094 INFO c.h.h.t.HelmChartContainer - [test-hivemq-platform] [hivemq] [cd11c74a] INFO  - Mounting HiveMQ Control Center V2 Preview
2025-01-27 17:09:51,617 INFO c.h.h.t.HelmChartContainer - [test-hivemq-platform] [hivemq] [cd11c74a] INFO  - Started HiveMQ Control Center in 598ms
2025-01-27 17:09:51,708 INFO c.h.h.t.HelmChartContainer - [test-hivemq-platform] [hivemq] [cd11c74a] INFO  - Starting TCP listener on address 0.0.0.0 and port 1883
2025-01-27 17:09:51,800 INFO c.h.h.t.HelmChartContainer - [test-hivemq-platform] [hivemq] [cd11c74a] INFO  - Started TCP Listener on address 0.0.0.0 and on port 1883.
2025-01-27 17:09:51,800 INFO c.h.h.t.HelmChartContainer - [test-hivemq-platform] [hivemq] [cd11c74a] INFO  - Started HiveMQ in 30301ms
2025-01-27 17:09:54,937 INFO c.h.h.t.HelmChartContainer - [test-hivemq-platform] [hivemq] [cd11c74a] INFO  - [HiveMQ Platform Operator Init App 1.7.0-SNAPSHOT] Returning Health API response 200 for readiness
2025-01-27 17:09:54,950 INFO c.h.h.t.HelmChartContainer - [POD] test-hivemq-platform-0 [cd11c74a-c7db-4381-8815-e3221ec6d4b4] in helmcustomconfigit was MODIFIED
2025-01-27 17:09:54,961 INFO c.h.h.t.HelmChartContainer - [hivemq-test-hivemq-platform] [hivemq-platform-operator] [225f2588] 17:09:54.956 [pool-6-thread-45] DEBUG c.h.p.o.d.PlatformServiceResource - [helmcust] Desired Platform services (3 services)
2025-01-27 17:09:54,961 INFO c.h.h.t.HelmChartContainer - [hivemq-test-hivemq-platform] [hivemq-platform-operator] [225f2588] 17:09:54.957 [pool-6-thread-47] DEBUG c.h.p.o.dependants.PodInfoConfigMap - [helmcust] Desired PodInfo ConfigMap (1 extensions) (1 enabled)
2025-01-27 17:09:54,961 INFO c.h.h.t.HelmChartContainer - [hivemq-test-hivemq-platform] [hivemq-platform-operator] [225f2588] 17:09:54.957 [pool-6-thread-47] DEBUG c.h.p.o.dependants.PodInfoConfigMap - [helmcust] Desired PodInfo ConfigMap (metrics port: 9399) (metrics path: /)
2025-01-27 17:09:54,961 INFO c.h.h.t.HelmChartContainer - [hivemq-test-hivemq-platform] [hivemq-platform-operator] [225f2588] 17:09:54.957 [pool-6-thread-47] DEBUG c.h.p.o.dependants.PodInfoConfigMap - [helmcust] Desired PodInfo ConfigMap (extension state hash: -1817474005)
2025-01-27 17:09:54,963 INFO c.h.h.t.HelmChartContainer - [hivemq-test-hivemq-platform] [hivemq-platform-operator] [225f2588] 17:09:54.960 [pool-6-thread-47] DEBUG c.h.p.o.d.PodServiceAccountResource - [helmcust] Desired PodServiceAccountResource (serviceAccountName: hivemq-platform-pod-test-hivemq-platform)
2025-01-27 17:09:54,973 INFO c.h.h.t.HelmChartContainer - [POD] test-hivemq-platform-1 [c232b593-5f34-49ce-9d00-c32722685be2] in helmcustomconfigit was ADDED
2025-01-27 17:09:54,978 INFO c.h.h.t.HelmChartContainer - [hivemq-test-hivemq-platform] [hivemq-platform-operator] [225f2588] 17:09:54.972 [pool-6-thread-45] DEBUG c.h.p.o.d.StatefulSetResource - [helmcust] Desired StatefulSet (2 replicas) for status STARTING (READY)
2025-01-27 17:09:54,981 INFO c.h.h.t.HelmChartContainer - [EVENT] Normal [SuccessfulCreate] create Pod test-hivemq-platform-1 in StatefulSet test-hivemq-platform successful [helmcustomconfigit:test-hivemq-platform]
2025-01-27 17:09:54,986 INFO c.h.h.t.HelmChartContainer - [POD] test-hivemq-platform-1 [c232b593-5f34-49ce-9d00-c32722685be2] in helmcustomconfigit was MODIFIED
2025-01-27 17:09:54,988 INFO c.h.h.t.HelmChartContainer - [EVENT] Normal [Scheduled] Successfully assigned helmcustomconfigit/test-hivemq-platform-1 to 1bf1de2df7a7 [helmcustomconfigit:test-hivemq-platform-1]
2025-01-27 17:09:55,000 INFO c.h.h.t.HelmChartContainer - [POD] test-hivemq-platform-1 [c232b593-5f34-49ce-9d00-c32722685be2] in helmcustomconfigit was MODIFIED
2025-01-27 17:09:55,044 INFO c.h.h.t.HelmChartContainer - [hivemq-test-hivemq-platform] [hivemq-platform-operator] [225f2588] 17:09:55.043 [ReconcilerExecutor-hivemq-controller-113] INFO  c.h.p.o.HiveMQPlatformReconciler - [helmcust] Reconciling HiveMQ Platform 'test-hivemq-platform' in namespace 'helmcustomconfigit'
2025-01-27 17:09:55,045 INFO c.h.h.t.HelmChartContainer - [hivemq-test-hivemq-platform] [hivemq-platform-operator] [225f2588] 17:09:55.044 [ReconcilerExecutor-hivemq-controller-113] DEBUG c.h.p.o.HiveMQPlatformReconciler - [helmcust] Custom Resource Status STARTING - HiveMQ Platform is starting (READY)
2025-01-27 17:09:55,045 INFO c.h.h.t.HelmChartContainer - [hivemq-test-hivemq-platform] [hivemq-platform-operator] [225f2588] 17:09:55.044 [ReconcilerExecutor-hivemq-controller-113] DEBUG c.h.p.o.HiveMQPlatformReconciler - [helmcust] Custom Resource Spec (replicas: 2) (extensions: 1)
2025-01-27 17:09:55,048 INFO c.h.h.t.HelmChartContainer - [hivemq-test-hivemq-platform] [hivemq-platform-operator] [225f2588] 17:09:55.046 [ReconcilerExecutor-hivemq-controller-113] DEBUG c.h.p.o.HiveMQPlatformReconciler - [helmcust] StatefulSet Status (revision: test-hivemq-platform-5b669c4444, replicas: 2, available: 1, ready: 1, current: 2, updated: 2)
2025-01-27 17:09:55,048 INFO c.h.h.t.HelmChartContainer - [hivemq-test-hivemq-platform] [hivemq-platform-operator] [225f2588] 17:09:55.046 [ReconcilerExecutor-hivemq-controller-113] DEBUG c.h.p.o.HiveMQPlatformReconciler - [helmcust] StatefulSet Spec (replicas: 2, init containers: 1, containers: 1, volumes: 3)
2025-01-27 17:09:55,049 INFO c.h.h.t.HelmChartContainer - [hivemq-test-hivemq-platform] [hivemq-platform-operator] [225f2588] 17:09:55.048 [ReconcilerExecutor-hivemq-controller-113] DEBUG c.h.p.o.h.HiveMQPlatformReconcilerErrorHandler - [helmcust] Pod 'test-hivemq-platform-1' phase Pending
2025-01-27 17:09:55,051 INFO c.h.h.t.HelmChartContainer - [hivemq-test-hivemq-platform] [hivemq-platform-operator] [225f2588] 17:09:55.048 [ReconcilerExecutor-hivemq-controller-113] DEBUG c.h.p.o.h.HiveMQPlatformReconcilerErrorHandler - [helmcust] Pod 'test-hivemq-platform-1' condition 'PodReadyToStartContainers': False
2025-01-27 17:09:55,051 INFO c.h.h.t.HelmChartContainer - [hivemq-test-hivemq-platform] [hivemq-platform-operator] [225f2588] 17:09:55.049 [ReconcilerExecutor-hivemq-controller-113] DEBUG c.h.p.o.h.HiveMQPlatformReconcilerErrorHandler - [helmcust] Pod 'test-hivemq-platform-1' condition 'Initialized': False
2025-01-27 17:09:55,051 INFO c.h.h.t.HelmChartContainer - [hivemq-test-hivemq-platform] [hivemq-platform-operator] [225f2588] 17:09:55.049 [ReconcilerExecutor-hivemq-controller-113] DEBUG c.h.p.o.h.HiveMQPlatformReconcilerErrorHandler - [helmcust] Pod 'test-hivemq-platform-1' condition 'Ready': False
2025-01-27 17:09:55,051 INFO c.h.h.t.HelmChartContainer - [hivemq-test-hivemq-platform] [hivemq-platform-operator] [225f2588] 17:09:55.049 [ReconcilerExecutor-hivemq-controller-113] DEBUG c.h.p.o.h.HiveMQPlatformReconcilerErrorHandler - [helmcust] Pod 'test-hivemq-platform-1' condition 'ContainersReady': False
2025-01-27 17:09:55,051 INFO c.h.h.t.HelmChartContainer - [hivemq-test-hivemq-platform] [hivemq-platform-operator] [225f2588] 17:09:55.049 [ReconcilerExecutor-hivemq-controller-113] DEBUG c.h.p.o.h.HiveMQPlatformReconcilerErrorHandler - [helmcust] Pod 'test-hivemq-platform-1' condition 'PodScheduled': True
2025-01-27 17:09:55,051 INFO c.h.h.t.HelmChartContainer - [hivemq-test-hivemq-platform] [hivemq-platform-operator] [225f2588] 17:09:55.049 [ReconcilerExecutor-hivemq-controller-113] DEBUG c.h.p.o.h.HiveMQPlatformReconcilerErrorHandler - [helmcust] Pod 'test-hivemq-platform-1' containerStatus 'hivemq' (started: false) (ready: false) (waiting: [PodInitializing] null)
2025-01-27 17:09:55,051 INFO c.h.h.t.HelmChartContainer - [K3S] [reconciler_common.go:251] "operationExecutor.VerifyControllerAttachedVolume started for volume \"operator-init\" (UniqueName: \"kubernetes.io/empty-dir/c232b593-5f34-49ce-9d00-c32722685be2-operator-init\") pod \"test-hivemq-platform-1\" (UID: \"c232b593-5f34-49ce-9d00-c32722685be2\") " pod="helmcustomconfigit/test-hivemq-platform-1"
2025-01-27 17:09:55,053 INFO c.h.h.t.HelmChartContainer - [K3S] [reconciler_common.go:251] "operationExecutor.VerifyControllerAttachedVolume started for volume \"pod-info\" (UniqueName: \"kubernetes.io/configmap/c232b593-5f34-49ce-9d00-c32722685be2-pod-info\") pod \"test-hivemq-platform-1\" (UID: \"c232b593-5f34-49ce-9d00-c32722685be2\") " pod="helmcustomconfigit/test-hivemq-platform-1"
2025-01-27 17:09:55,053 INFO c.h.h.t.HelmChartContainer - [K3S] [reconciler_common.go:251] "operationExecutor.VerifyControllerAttachedVolume started for volume \"broker-configuration\" (UniqueName: \"kubernetes.io/configmap/c232b593-5f34-49ce-9d00-c32722685be2-broker-configuration\") pod \"test-hivemq-platform-1\" (UID: \"c232b593-5f34-49ce-9d00-c32722685be2\") " pod="helmcustomconfigit/test-hivemq-platform-1"
2025-01-27 17:09:55,053 INFO c.h.h.t.HelmChartContainer - [K3S] [reconciler_common.go:251] "operationExecutor.VerifyControllerAttachedVolume started for volume \"kube-api-access-xftbz\" (UniqueName: \"kubernetes.io/projected/c232b593-5f34-49ce-9d00-c32722685be2-kube-api-access-xftbz\") pod \"test-hivemq-platform-1\" (UID: \"c232b593-5f34-49ce-9d00-c32722685be2\") " pod="helmcustomconfigit/test-hivemq-platform-1"
2025-01-27 17:09:55,053 INFO c.h.h.t.HelmChartContainer - [hivemq-test-hivemq-platform] [hivemq-platform-operator] [225f2588] 17:09:55.051 [ReconcilerExecutor-hivemq-controller-113] DEBUG c.h.p.o.h.HiveMQPlatformReconcilerErrorHandler - [helmcust] Pod 'test-hivemq-platform-0' phase Running
2025-01-27 17:09:55,054 INFO c.h.h.t.HelmChartContainer - [hivemq-test-hivemq-platform] [hivemq-platform-operator] [225f2588] 17:09:55.052 [ReconcilerExecutor-hivemq-controller-113] INFO  c.h.p.o.h.HiveMQPlatformReconcilerBaseHandler - [helmcust] HiveMQ Platform is starting, 1 of 2 replicas are ready
2025-01-27 17:09:55,140 INFO c.h.h.t.HelmChartContainer - [hivemq-test-hivemq-platform] [hivemq-platform-operator] [225f2588] 17:09:55.136 [pool-6-thread-4] DEBUG c.h.p.o.d.PlatformServiceResource - [helmcust] Desired Platform services (3 services)
2025-01-27 17:09:55,140 INFO c.h.h.t.HelmChartContainer - [hivemq-test-hivemq-platform] [hivemq-platform-operator] [225f2588] 17:09:55.138 [pool-6-thread-2] DEBUG c.h.p.o.d.PodServiceAccountResource - [helmcust] Desired PodServiceAccountResource (serviceAccountName: hivemq-platform-pod-test-hivemq-platform)
2025-01-27 17:09:55,141 INFO c.h.h.t.HelmChartContainer - [hivemq-test-hivemq-platform] [hivemq-platform-operator] [225f2588] 17:09:55.140 [pool-6-thread-6] DEBUG c.h.p.o.dependants.PodInfoConfigMap - [helmcust] Desired PodInfo ConfigMap (1 extensions) (1 enabled)
2025-01-27 17:09:55,141 INFO c.h.h.t.HelmChartContainer - [hivemq-test-hivemq-platform] [hivemq-platform-operator] [225f2588] 17:09:55.140 [pool-6-thread-6] DEBUG c.h.p.o.dependants.PodInfoConfigMap - [helmcust] Desired PodInfo ConfigMap (metrics port: 9399) (metrics path: /)
2025-01-27 17:09:55,141 INFO c.h.h.t.HelmChartContainer - [hivemq-test-hivemq-platform] [hivemq-platform-operator] [225f2588] 17:09:55.140 [pool-6-thread-6] DEBUG c.h.p.o.dependants.PodInfoConfigMap - [helmcust] Desired PodInfo ConfigMap (extension state hash: -1817474005)
2025-01-27 17:09:55,144 INFO c.h.h.t.HelmChartContainer - [hivemq-test-hivemq-platform] [hivemq-platform-operator] [225f2588] 17:09:55.144 [pool-6-thread-8] DEBUG c.h.p.o.d.StatefulSetResource - [helmcust] Desired StatefulSet (2 replicas) for status STARTING (READY)
2025-01-27 17:09:55,149 INFO c.h.h.t.HelmChartContainer - [hivemq-test-hivemq-platform] [hivemq-platform-operator] [225f2588] 17:09:55.148 [ReconcilerExecutor-hivemq-controller-114] INFO  c.h.p.o.HiveMQPlatformReconciler - [helmcust] Reconciling HiveMQ Platform 'test-hivemq-platform' in namespace 'helmcustomconfigit'
2025-01-27 17:09:55,149 INFO c.h.h.t.HelmChartContainer - [hivemq-test-hivemq-platform] [hivemq-platform-operator] [225f2588] 17:09:55.148 [ReconcilerExecutor-hivemq-controller-114] DEBUG c.h.p.o.HiveMQPlatformReconciler - [helmcust] Custom Resource Status STARTING - HiveMQ Platform is starting (READY)
2025-01-27 17:09:55,149 INFO c.h.h.t.HelmChartContainer - [hivemq-test-hivemq-platform] [hivemq-platform-operator] [225f2588] 17:09:55.148 [ReconcilerExecutor-hivemq-controller-114] DEBUG c.h.p.o.HiveMQPlatformReconciler - [helmcust] Custom Resource Spec (replicas: 2) (extensions: 1)
2025-01-27 17:09:55,150 INFO c.h.h.t.HelmChartContainer - [hivemq-test-hivemq-platform] [hivemq-platform-operator] [225f2588] 17:09:55.150 [ReconcilerExecutor-hivemq-controller-114] DEBUG c.h.p.o.HiveMQPlatformReconciler - [helmcust] StatefulSet Status (revision: test-hivemq-platform-5b669c4444, replicas: 2, available: 1, ready: 1, current: 2, updated: 2)
2025-01-27 17:09:55,151 INFO c.h.h.t.HelmChartContainer - [hivemq-test-hivemq-platform] [hivemq-platform-operator] [225f2588] 17:09:55.150 [ReconcilerExecutor-hivemq-controller-114] DEBUG c.h.p.o.HiveMQPlatformReconciler - [helmcust] StatefulSet Spec (replicas: 2, init containers: 1, containers: 1, volumes: 3)
2025-01-27 17:09:55,236 INFO c.h.h.t.HelmChartContainer - [hivemq-test-hivemq-platform] [hivemq-platform-operator] [225f2588] 17:09:55.153 [ReconcilerExecutor-hivemq-controller-114] DEBUG c.h.p.o.h.HiveMQPlatformReconcilerErrorHandler - [helmcust] Pod 'test-hivemq-platform-1' phase Pending
2025-01-27 17:09:55,238 INFO c.h.h.t.HelmChartContainer - [hivemq-test-hivemq-platform] [hivemq-platform-operator] [225f2588] 17:09:55.235 [ReconcilerExecutor-hivemq-controller-114] DEBUG c.h.p.o.h.HiveMQPlatformReconcilerErrorHandler - [helmcust] Pod 'test-hivemq-platform-1' condition 'PodReadyToStartContainers': False
2025-01-27 17:09:55,238 INFO c.h.h.t.HelmChartContainer - [hivemq-test-hivemq-platform] [hivemq-platform-operator] [225f2588] 17:09:55.235 [ReconcilerExecutor-hivemq-controller-114] DEBUG c.h.p.o.h.HiveMQPlatformReconcilerErrorHandler - [helmcust] Pod 'test-hivemq-platform-1' condition 'Initialized': False
2025-01-27 17:09:55,238 INFO c.h.h.t.HelmChartContainer - [hivemq-test-hivemq-platform] [hivemq-platform-operator] [225f2588] 17:09:55.235 [ReconcilerExecutor-hivemq-controller-114] DEBUG c.h.p.o.h.HiveMQPlatformReconcilerErrorHandler - [helmcust] Pod 'test-hivemq-platform-1' condition 'Ready': False
2025-01-27 17:09:55,238 INFO c.h.h.t.HelmChartContainer - [hivemq-test-hivemq-platform] [hivemq-platform-operator] [225f2588] 17:09:55.235 [ReconcilerExecutor-hivemq-controller-114] DEBUG c.h.p.o.h.HiveMQPlatformReconcilerErrorHandler - [helmcust] Pod 'test-hivemq-platform-1' condition 'ContainersReady': False
2025-01-27 17:09:55,238 INFO c.h.h.t.HelmChartContainer - [hivemq-test-hivemq-platform] [hivemq-platform-operator] [225f2588] 17:09:55.235 [ReconcilerExecutor-hivemq-controller-114] DEBUG c.h.p.o.h.HiveMQPlatformReconcilerErrorHandler - [helmcust] Pod 'test-hivemq-platform-1' condition 'PodScheduled': True
2025-01-27 17:09:55,238 INFO c.h.h.t.HelmChartContainer - [hivemq-test-hivemq-platform] [hivemq-platform-operator] [225f2588] 17:09:55.235 [ReconcilerExecutor-hivemq-controller-114] DEBUG c.h.p.o.h.HiveMQPlatformReconcilerErrorHandler - [helmcust] Pod 'test-hivemq-platform-1' containerStatus 'hivemq' (started: false) (ready: false) (waiting: [PodInitializing] null)
2025-01-27 17:09:55,240 INFO c.h.h.t.HelmChartContainer - [hivemq-test-hivemq-platform] [hivemq-platform-operator] [225f2588] 17:09:55.237 [ReconcilerExecutor-hivemq-controller-114] DEBUG c.h.p.o.h.HiveMQPlatformReconcilerErrorHandler - [helmcust] Pod 'test-hivemq-platform-0' phase Running
2025-01-27 17:09:55,240 INFO c.h.h.t.HelmChartContainer - [hivemq-test-hivemq-platform] [hivemq-platform-operator] [225f2588] 17:09:55.238 [ReconcilerExecutor-hivemq-controller-114] INFO  c.h.p.o.h.HiveMQPlatformReconcilerBaseHandler - [helmcust] HiveMQ Platform is starting, 1 of 2 replicas are ready
2025-01-27 17:09:55,386 INFO c.h.h.t.HelmChartContainer - [EVENT] Normal [Pulled] Container image "docker.io/hivemq/hivemq-platform-operator-init-test:snapshot" already present on machine [helmcustomconfigit:test-hivemq-platform-1]
2025-01-27 17:09:55,393 INFO c.h.h.t.HelmChartContainer - [EVENT] Normal [Created] Created container: hivemq-platform-operator-init [helmcustomconfigit:test-hivemq-platform-1]
2025-01-27 17:09:55,436 INFO c.h.h.t.HelmChartContainer - [EVENT] Normal [Started] Started container hivemq-platform-operator-init [helmcustomconfigit:test-hivemq-platform-1]
2025-01-27 17:09:55,842 INFO c.h.h.t.HelmChartContainer - [EVENT] Normal [Pulled] Container image "docker.io/hivemq/hivemq4:4.35.0" already present on machine [helmcustomconfigit:test-hivemq-platform-1]
2025-01-27 17:09:55,842 INFO c.h.h.t.HelmChartContainer - Received Pulled event for container hivemq in pod test-hivemq-platform-1 [c232b593-5f34-49ce-9d00-c32722685be2]
2025-01-27 17:09:55,855 INFO c.h.h.t.HelmChartContainer - [POD] test-hivemq-platform-1 [c232b593-5f34-49ce-9d00-c32722685be2] in helmcustomconfigit was MODIFIED
2025-01-27 17:09:55,869 INFO c.h.h.t.HelmChartContainer - [EVENT] Normal [Created] Created container: hivemq [helmcustomconfigit:test-hivemq-platform-1]
2025-01-27 17:09:55,869 INFO c.h.h.t.HelmChartContainer - Received Created event for container hivemq in pod test-hivemq-platform-1 [c232b593-5f34-49ce-9d00-c32722685be2]
2025-01-27 17:09:55,888 INFO c.h.h.t.HelmChartContainer - [hivemq-test-hivemq-platform] [hivemq-platform-operator] [225f2588] 17:09:55.875 [pool-6-thread-19] DEBUG c.h.p.o.d.PlatformServiceResource - [helmcust] Desired Platform services (3 services)
2025-01-27 17:09:55,889 INFO c.h.h.t.HelmChartContainer - [hivemq-test-hivemq-platform] [hivemq-platform-operator] [225f2588] 17:09:55.877 [pool-6-thread-18] DEBUG c.h.p.o.dependants.PodInfoConfigMap - [helmcust] Desired PodInfo ConfigMap (1 extensions) (1 enabled)
2025-01-27 17:09:55,890 INFO c.h.h.t.HelmChartContainer - [hivemq-test-hivemq-platform] [hivemq-platform-operator] [225f2588] 17:09:55.877 [pool-6-thread-18] DEBUG c.h.p.o.dependants.PodInfoConfigMap - [helmcust] Desired PodInfo ConfigMap (metrics port: 9399) (metrics path: /)
2025-01-27 17:09:55,890 INFO c.h.h.t.HelmChartContainer - [hivemq-test-hivemq-platform] [hivemq-platform-operator] [225f2588] 17:09:55.877 [pool-6-thread-18] DEBUG c.h.p.o.dependants.PodInfoConfigMap - [helmcust] Desired PodInfo ConfigMap (extension state hash: -1817474005)
2025-01-27 17:09:55,891 INFO c.h.h.t.HelmChartContainer - [hivemq-test-hivemq-platform] [hivemq-platform-operator] [225f2588] 17:09:55.881 [pool-6-thread-17] DEBUG c.h.p.o.d.PodServiceAccountResource - [helmcust] Desired PodServiceAccountResource (serviceAccountName: hivemq-platform-pod-test-hivemq-platform)
2025-01-27 17:09:55,903 INFO c.h.h.t.HelmChartContainer - [hivemq-test-hivemq-platform] [hivemq-platform-operator] [225f2588] 17:09:55.900 [pool-6-thread-19] DEBUG c.h.p.o.d.StatefulSetResource - [helmcust] Desired StatefulSet (2 replicas) for status STARTING (READY)
2025-01-27 17:09:55,949 INFO c.h.h.t.HelmChartContainer - [hivemq-test-hivemq-platform] [hivemq-platform-operator] [225f2588] 17:09:55.947 [ReconcilerExecutor-hivemq-controller-115] INFO  c.h.p.o.HiveMQPlatformReconciler - [helmcust] Reconciling HiveMQ Platform 'test-hivemq-platform' in namespace 'helmcustomconfigit'
2025-01-27 17:09:55,950 INFO c.h.h.t.HelmChartContainer - [hivemq-test-hivemq-platform] [hivemq-platform-operator] [225f2588] 17:09:55.947 [ReconcilerExecutor-hivemq-controller-115] DEBUG c.h.p.o.HiveMQPlatformReconciler - [helmcust] Custom Resource Status STARTING - HiveMQ Platform is starting (READY)
2025-01-27 17:09:55,952 INFO c.h.h.t.HelmChartContainer - [hivemq-test-hivemq-platform] [hivemq-platform-operator] [225f2588] 17:09:55.947 [ReconcilerExecutor-hivemq-controller-115] DEBUG c.h.p.o.HiveMQPlatformReconciler - [helmcust] Custom Resource Spec (replicas: 2) (extensions: 1)
2025-01-27 17:09:55,952 INFO c.h.h.t.HelmChartContainer - [hivemq-test-hivemq-platform] [hivemq-platform-operator] [225f2588] 17:09:55.952 [ReconcilerExecutor-hivemq-controller-115] DEBUG c.h.p.o.HiveMQPlatformReconciler - [helmcust] StatefulSet Status (revision: test-hivemq-platform-5b669c4444, replicas: 2, available: 1, ready: 1, current: 2, updated: 2)
2025-01-27 17:09:55,954 INFO c.h.h.t.HelmChartContainer - [hivemq-test-hivemq-platform] [hivemq-platform-operator] [225f2588] 17:09:55.952 [ReconcilerExecutor-hivemq-controller-115] DEBUG c.h.p.o.HiveMQPlatformReconciler - [helmcust] StatefulSet Spec (replicas: 2, init containers: 1, containers: 1, volumes: 3)
2025-01-27 17:09:55,956 INFO c.h.h.t.HelmChartContainer - [hivemq-test-hivemq-platform] [hivemq-platform-operator] [225f2588] 17:09:55.954 [ReconcilerExecutor-hivemq-controller-115] DEBUG c.h.p.o.h.HiveMQPlatformReconcilerErrorHandler - [helmcust] Pod 'test-hivemq-platform-1' phase Pending
2025-01-27 17:09:55,957 INFO c.h.h.t.HelmChartContainer - [hivemq-test-hivemq-platform] [hivemq-platform-operator] [225f2588] 17:09:55.954 [ReconcilerExecutor-hivemq-controller-115] DEBUG c.h.p.o.h.HiveMQPlatformReconcilerErrorHandler - [helmcust] Pod 'test-hivemq-platform-1' condition 'PodReadyToStartContainers': True
2025-01-27 17:09:55,957 INFO c.h.h.t.HelmChartContainer - [hivemq-test-hivemq-platform] [hivemq-platform-operator] [225f2588] 17:09:55.954 [ReconcilerExecutor-hivemq-controller-115] DEBUG c.h.p.o.h.HiveMQPlatformReconcilerErrorHandler - [helmcust] Pod 'test-hivemq-platform-1' condition 'Initialized': True
2025-01-27 17:09:55,957 INFO c.h.h.t.HelmChartContainer - [hivemq-test-hivemq-platform] [hivemq-platform-operator] [225f2588] 17:09:55.954 [ReconcilerExecutor-hivemq-controller-115] DEBUG c.h.p.o.h.HiveMQPlatformReconcilerErrorHandler - [helmcust] Pod 'test-hivemq-platform-1' condition 'Ready': False
2025-01-27 17:09:55,957 INFO c.h.h.t.HelmChartContainer - [hivemq-test-hivemq-platform] [hivemq-platform-operator] [225f2588] 17:09:55.954 [ReconcilerExecutor-hivemq-controller-115] DEBUG c.h.p.o.h.HiveMQPlatformReconcilerErrorHandler - [helmcust] Pod 'test-hivemq-platform-1' condition 'ContainersReady': False
2025-01-27 17:09:55,957 INFO c.h.h.t.HelmChartContainer - [hivemq-test-hivemq-platform] [hivemq-platform-operator] [225f2588] 17:09:55.954 [ReconcilerExecutor-hivemq-controller-115] DEBUG c.h.p.o.h.HiveMQPlatformReconcilerErrorHandler - [helmcust] Pod 'test-hivemq-platform-1' condition 'PodScheduled': True
2025-01-27 17:09:55,957 INFO c.h.h.t.HelmChartContainer - [hivemq-test-hivemq-platform] [hivemq-platform-operator] [225f2588] 17:09:55.954 [ReconcilerExecutor-hivemq-controller-115] DEBUG c.h.p.o.h.HiveMQPlatformReconcilerErrorHandler - [helmcust] Pod 'test-hivemq-platform-1' containerStatus 'hivemq' (started: false) (ready: false) (waiting: [PodInitializing] null)
2025-01-27 17:09:55,957 INFO c.h.h.t.HelmChartContainer - [hivemq-test-hivemq-platform] [hivemq-platform-operator] [225f2588] 17:09:55.955 [ReconcilerExecutor-hivemq-controller-115] DEBUG c.h.p.o.h.HiveMQPlatformReconcilerErrorHandler - [helmcust] Pod 'test-hivemq-platform-0' phase Running
2025-01-27 17:09:55,957 INFO c.h.h.t.HelmChartContainer - [hivemq-test-hivemq-platform] [hivemq-platform-operator] [225f2588] 17:09:55.956 [ReconcilerExecutor-hivemq-controller-115] INFO  c.h.p.o.h.HiveMQPlatformReconcilerBaseHandler - [helmcust] HiveMQ Platform is starting, 1 of 2 replicas are ready
2025-01-27 17:09:56,856 INFO c.h.h.t.HelmChartContainer - [POD] test-hivemq-platform-1 [c232b593-5f34-49ce-9d00-c32722685be2] in helmcustomconfigit was MODIFIED
2025-01-27 17:09:56,872 INFO c.h.h.t.HelmChartContainer - [EVENT] Normal [Started] Started container hivemq [helmcustomconfigit:test-hivemq-platform-1]
2025-01-27 17:09:56,872 INFO c.h.h.t.HelmChartContainer - Received Started event for container hivemq in pod test-hivemq-platform-1 [c232b593-5f34-49ce-9d00-c32722685be2]
2025-01-27 17:09:56,872 INFO c.h.h.t.HelmChartContainer - Started log watcher for hivemq in pod test-hivemq-platform-1 [c232b593-5f34-49ce-9d00-c32722685be2]
2025-01-27 17:09:56,872 INFO c.h.h.t.HelmChartContainer - [test-hivemq-platform] [hivemq] [c232b593] Adding pre-installed HiveMQ Platform Operator extensions
2025-01-27 17:09:56,872 INFO c.h.h.t.HelmChartContainer - [test-hivemq-platform] [hivemq] [c232b593] Running as user 10000
2025-01-27 17:09:56,872 INFO c.h.h.t.HelmChartContainer - [test-hivemq-platform] [hivemq] [c232b593] Starting HiveMQ Platform Operator Init
2025-01-27 17:09:56,874 INFO c.h.h.t.HelmChartContainer - [hivemq-test-hivemq-platform] [hivemq-platform-operator] [225f2588] 17:09:56.872 [pool-6-thread-24] DEBUG c.h.p.o.d.PlatformServiceResource - [helmcust] Desired Platform services (3 services)
2025-01-27 17:09:56,874 INFO c.h.h.t.HelmChartContainer - [hivemq-test-hivemq-platform] [hivemq-platform-operator] [225f2588] 17:09:56.873 [pool-6-thread-21] DEBUG c.h.p.o.d.PodServiceAccountResource - [helmcust] Desired PodServiceAccountResource (serviceAccountName: hivemq-platform-pod-test-hivemq-platform)
2025-01-27 17:09:56,876 INFO c.h.h.t.HelmChartContainer - [hivemq-test-hivemq-platform] [hivemq-platform-operator] [225f2588] 17:09:56.875 [pool-6-thread-29] DEBUG c.h.p.o.dependants.PodInfoConfigMap - [helmcust] Desired PodInfo ConfigMap (1 extensions) (1 enabled)
2025-01-27 17:09:56,876 INFO c.h.h.t.HelmChartContainer - [hivemq-test-hivemq-platform] [hivemq-platform-operator] [225f2588] 17:09:56.875 [pool-6-thread-29] DEBUG c.h.p.o.dependants.PodInfoConfigMap - [helmcust] Desired PodInfo ConfigMap (metrics port: 9399) (metrics path: /)
2025-01-27 17:09:56,876 INFO c.h.h.t.HelmChartContainer - [hivemq-test-hivemq-platform] [hivemq-platform-operator] [225f2588] 17:09:56.875 [pool-6-thread-29] DEBUG c.h.p.o.dependants.PodInfoConfigMap - [helmcust] Desired PodInfo ConfigMap (extension state hash: -1817474005)
2025-01-27 17:09:56,882 INFO c.h.h.t.HelmChartContainer - [hivemq-test-hivemq-platform] [hivemq-platform-operator] [225f2588] 17:09:56.880 [pool-6-thread-24] DEBUG c.h.p.o.d.StatefulSetResource - [helmcust] Desired StatefulSet (2 replicas) for status STARTING (READY)
2025-01-27 17:09:56,887 INFO c.h.h.t.HelmChartContainer - [hivemq-test-hivemq-platform] [hivemq-platform-operator] [225f2588] 17:09:56.886 [ReconcilerExecutor-hivemq-controller-116] INFO  c.h.p.o.HiveMQPlatformReconciler - [helmcust] Reconciling HiveMQ Platform 'test-hivemq-platform' in namespace 'helmcustomconfigit'
2025-01-27 17:09:56,888 INFO c.h.h.t.HelmChartContainer - [hivemq-test-hivemq-platform] [hivemq-platform-operator] [225f2588] 17:09:56.887 [ReconcilerExecutor-hivemq-controller-116] DEBUG c.h.p.o.HiveMQPlatformReconciler - [helmcust] Custom Resource Status STARTING - HiveMQ Platform is starting (READY)
2025-01-27 17:09:56,888 INFO c.h.h.t.HelmChartContainer - [hivemq-test-hivemq-platform] [hivemq-platform-operator] [225f2588] 17:09:56.887 [ReconcilerExecutor-hivemq-controller-116] DEBUG c.h.p.o.HiveMQPlatformReconciler - [helmcust] Custom Resource Spec (replicas: 2) (extensions: 1)
2025-01-27 17:09:56,890 INFO c.h.h.t.HelmChartContainer - [hivemq-test-hivemq-platform] [hivemq-platform-operator] [225f2588] 17:09:56.890 [ReconcilerExecutor-hivemq-controller-116] DEBUG c.h.p.o.HiveMQPlatformReconciler - [helmcust] StatefulSet Status (revision: test-hivemq-platform-5b669c4444, replicas: 2, available: 1, ready: 1, current: 2, updated: 2)
2025-01-27 17:09:56,890 INFO c.h.h.t.HelmChartContainer - [hivemq-test-hivemq-platform] [hivemq-platform-operator] [225f2588] 17:09:56.890 [ReconcilerExecutor-hivemq-controller-116] DEBUG c.h.p.o.HiveMQPlatformReconciler - [helmcust] StatefulSet Spec (replicas: 2, init containers: 1, containers: 1, volumes: 3)
2025-01-27 17:09:56,891 INFO c.h.h.t.HelmChartContainer - [hivemq-test-hivemq-platform] [hivemq-platform-operator] [225f2588] 17:09:56.891 [ReconcilerExecutor-hivemq-controller-116] DEBUG c.h.p.o.h.HiveMQPlatformReconcilerErrorHandler - [helmcust] Pod 'test-hivemq-platform-1' phase Running
2025-01-27 17:09:56,942 INFO c.h.h.t.HelmChartContainer - [hivemq-test-hivemq-platform] [hivemq-platform-operator] [225f2588] 17:09:56.937 [ReconcilerExecutor-hivemq-controller-116] DEBUG c.h.p.o.h.HiveMQPlatformReconcilerErrorHandler - [helmcust] Pod 'test-hivemq-platform-0' phase Running
2025-01-27 17:09:56,942 INFO c.h.h.t.HelmChartContainer - [hivemq-test-hivemq-platform] [hivemq-platform-operator] [225f2588] 17:09:56.939 [ReconcilerExecutor-hivemq-controller-116] INFO  c.h.p.o.h.HiveMQPlatformReconcilerBaseHandler - [helmcust] HiveMQ Platform is starting, 1 of 2 replicas are ready
2025-01-27 17:09:57,250 INFO c.h.h.t.HelmChartContainer - [test-hivemq-platform] [hivemq] [c232b593] INFO  - [HiveMQ Platform Operator Init 1.7.0-SNAPSHOT] HiveMQ Platform Operator Init 1.7.0-SNAPSHOT (commit: bebf408 on branch: HEAD) built on Sun Jan 26 20:47:47 UTC 2025
2025-01-27 17:09:58,463 INFO c.h.h.t.HelmChartContainer - [test-hivemq-platform] [hivemq] [c232b593] INFO  - [HiveMQ Platform Operator Init App 1.7.0-SNAPSHOT] Using bind address 10.42.0.12 from environment variable
2025-01-27 17:09:59,449 INFO c.h.h.t.HelmChartContainer - [test-hivemq-platform] [hivemq] [c232b593] INFO  - [HiveMQ Platform Operator Init App 1.7.0-SNAPSHOT] HiveMQ Platform Operator Init App 1.7.0-SNAPSHOT (commit: bebf408 on branch: HEAD) built on Sun Jan 26 20:47:47 UTC 2025
2025-01-27 17:09:59,450 INFO c.h.h.t.HelmChartContainer - [test-hivemq-platform] [hivemq] [c232b593] INFO  - [HiveMQ Platform Operator Init App 1.7.0-SNAPSHOT] PodInfo ConfigMap directory: /etc/podinfo
2025-01-27 17:09:59,450 INFO c.h.h.t.HelmChartContainer - [test-hivemq-platform] [hivemq] [c232b593] INFO  - [HiveMQ Platform Operator Init App 1.7.0-SNAPSHOT] HiveMQ home directory: /opt/hivemq
2025-01-27 17:09:59,450 INFO c.h.h.t.HelmChartContainer - [test-hivemq-platform] [hivemq] [c232b593] INFO  - [HiveMQ Platform Operator Init App 1.7.0-SNAPSHOT] HiveMQ Logback folder: /opt/hivemq/conf
2025-01-27 17:09:59,450 INFO c.h.h.t.HelmChartContainer - [test-hivemq-platform] [hivemq] [c232b593] INFO  - [HiveMQ Platform Operator Init App 1.7.0-SNAPSHOT] HiveMQ Config folder: /opt/hivemq/conf-k8s
2025-01-27 17:09:59,450 INFO c.h.h.t.HelmChartContainer - [test-hivemq-platform] [hivemq] [c232b593] INFO  - [HiveMQ Platform Operator Init App 1.7.0-SNAPSHOT] Starting HiveMQ Platform Operator Init App
2025-01-27 17:09:59,450 INFO c.h.h.t.HelmChartContainer - [test-hivemq-platform] [hivemq] [c232b593] INFO  - [HiveMQ Platform Operator Init App 1.7.0-SNAPSHOT] Starting Pod reconciler
2025-01-27 17:10:00,843 INFO c.h.h.t.HelmChartContainer - [test-hivemq-platform] [hivemq] [c232b593] INFO  - [HiveMQ Platform Operator Init App 1.7.0-SNAPSHOT] Pod reconciler is scheduled (interval: 5000 ms)
2025-01-27 17:10:00,844 INFO c.h.h.t.HelmChartContainer - [test-hivemq-platform] [hivemq] [c232b593] INFO  - [HiveMQ Platform Operator Init App 1.7.0-SNAPSHOT] Starting the REST API on 10.42.0.12:7979
2025-01-27 17:10:00,848 INFO c.h.h.t.HelmChartContainer - [test-hivemq-platform] [hivemq] [c232b593] INFO  - [HiveMQ Platform Operator Init App 1.7.0-SNAPSHOT] Waiting up to 600s for at most 2 HiveMQ nodes in cluster service hivemq-test-hivemq-platform-cluster.helmcustomconfigit.svc
2025-01-27 17:10:01,160 INFO c.h.h.t.HelmChartContainer - [test-hivemq-platform] [hivemq] [c232b593] INFO  - [HiveMQ Platform Operator Init App 1.7.0-SNAPSHOT] Resolved 2 IP addresses: [10.42.0.11, 10.42.0.12]
2025-01-27 17:10:01,160 INFO c.h.h.t.HelmChartContainer - [test-hivemq-platform] [hivemq] [c232b593] INFO  - [HiveMQ Platform Operator Init App 1.7.0-SNAPSHOT] HiveMQ node count of 2 is within threshold of 2
2025-01-27 17:10:01,160 INFO c.h.h.t.HelmChartContainer - [test-hivemq-platform] [hivemq] [c232b593] INFO  - [HiveMQ Platform Operator Init App 1.7.0-SNAPSHOT] Proceeding with container start
2025-01-27 17:10:01,259 INFO c.h.h.t.HelmChartContainer - [test-hivemq-platform] [hivemq] [c232b593] INFO  - [HiveMQ Platform Operator Init App 1.7.0-SNAPSHOT] Initializing HiveMQ Platform extensions with initial configuration: {hivemq-allow-all-extension={start-priority=-1, skip-https-hostname-verification=false, restart=true, config-version=0, header-version=0, c-uri=, priority=-1, uri=preinstalled, skip-https-certificate-validation=false, enabled=true}, hivemq-prometheus-extension={priority=-1, start-priority=-1, c-uri=, skip-https-hostname-verification=false, skip-https-certificate-validation=false, uri=preinstalled, request-header-path=no-request-headers, enabled=true, restart=true}}
2025-01-27 17:10:01,657 INFO c.h.h.t.HelmChartContainer - [test-hivemq-platform] [hivemq] [c232b593] INFO  - [HiveMQ Platform Operator Init App 1.7.0-SNAPSHOT] Extension hivemq-allow-all-extension was already enabled
2025-01-27 17:10:01,745 INFO c.h.h.t.HelmChartContainer - [test-hivemq-platform] [hivemq] [c232b593] INFO  - [HiveMQ Platform Operator Init App 1.7.0-SNAPSHOT] Successfully enabled extension hivemq-prometheus-extension
2025-01-27 17:10:01,746 INFO c.h.h.t.HelmChartContainer - [test-hivemq-platform] [hivemq] [c232b593] INFO  - [HiveMQ Platform Operator Init App 1.7.0-SNAPSHOT] Starting HiveMQ Platform version 4.35.0 (4.35.0)
2025-01-27 17:10:01,747 INFO c.h.h.t.HelmChartContainer - [test-hivemq-platform] [hivemq] [c232b593] INFO  - [HiveMQ Platform Operator Init App 1.7.0-SNAPSHOT] Configuring the HiveMQ Platform
2025-01-27 17:10:01,757 INFO c.h.h.t.HelmChartContainer - [test-hivemq-platform] [hivemq] [c232b593] INFO  - [HiveMQ Platform Operator Init App 1.7.0-SNAPSHOT] Changed logback.xml file scan period to 20 seconds
2025-01-27 17:10:01,854 INFO c.h.h.t.HelmChartContainer - [test-hivemq-platform] [hivemq] [c232b593] INFO  - [HiveMQ Platform Operator Init App 1.7.0-SNAPSHOT] Starting the HiveMQ Platform
2025-01-27 17:10:01,899 INFO c.h.h.t.HelmChartContainer - [test-hivemq-platform] [hivemq] [c232b593] -------------------------------------------------------------------------
2025-01-27 17:10:01,899 INFO c.h.h.t.HelmChartContainer - [test-hivemq-platform] [hivemq] [c232b593] 
2025-01-27 17:10:01,899 INFO c.h.h.t.HelmChartContainer - [test-hivemq-platform] [hivemq] [c232b593]                   _    _  _              __  __   ____
2025-01-27 17:10:01,899 INFO c.h.h.t.HelmChartContainer - [test-hivemq-platform] [hivemq] [c232b593]                  | |  | |(_)            |  \/  | / __ \
2025-01-27 17:10:01,899 INFO c.h.h.t.HelmChartContainer - [test-hivemq-platform] [hivemq] [c232b593]                  | |__| | _ __   __ ___ | \  / || |  | |
2025-01-27 17:10:01,899 INFO c.h.h.t.HelmChartContainer - [test-hivemq-platform] [hivemq] [c232b593]                  |  __  || |\ \ / // _ \| |\/| || |  | |
2025-01-27 17:10:01,899 INFO c.h.h.t.HelmChartContainer - [test-hivemq-platform] [hivemq] [c232b593]                  | |  | || | \ V /|  __/| |  | || |__| |
2025-01-27 17:10:01,899 INFO c.h.h.t.HelmChartContainer - [test-hivemq-platform] [hivemq] [c232b593]                  |_|  |_||_|  \_/  \___||_|  |_| \___\_\
2025-01-27 17:10:01,899 INFO c.h.h.t.HelmChartContainer - [test-hivemq-platform] [hivemq] [c232b593] 
2025-01-27 17:10:01,899 INFO c.h.h.t.HelmChartContainer - [test-hivemq-platform] [hivemq] [c232b593] -------------------------------------------------------------------------
2025-01-27 17:10:01,899 INFO c.h.h.t.HelmChartContainer - [test-hivemq-platform] [hivemq] [c232b593] 
2025-01-27 17:10:01,899 INFO c.h.h.t.HelmChartContainer - [test-hivemq-platform] [hivemq] [c232b593]   HiveMQ Start Script for Linux/Unix v1.14
2025-01-27 17:10:01,899 INFO c.h.h.t.HelmChartContainer - [test-hivemq-platform] [hivemq] [c232b593] 
2025-01-27 17:10:01,965 INFO c.h.h.t.HelmChartContainer - [test-hivemq-platform] [hivemq] [c232b593] -------------------------------------------------------------------------
2025-01-27 17:10:01,965 INFO c.h.h.t.HelmChartContainer - [test-hivemq-platform] [hivemq] [c232b593] 
2025-01-27 17:10:01,965 INFO c.h.h.t.HelmChartContainer - [test-hivemq-platform] [hivemq] [c232b593]   HIVEMQ_HOME: /opt/hivemq
2025-01-27 17:10:01,965 INFO c.h.h.t.HelmChartContainer - [test-hivemq-platform] [hivemq] [c232b593] 
2025-01-27 17:10:01,965 INFO c.h.h.t.HelmChartContainer - [test-hivemq-platform] [hivemq] [c232b593]   JAVA_OPTS: -XX:+UnlockExperimentalVMOptions -XX:InitialRAMPercentage=50 -XX:MaxRAMPercentage=50 -Djava.net.preferIPv4Stack=true --add-opens java.base/java.lang=ALL-UNNAMED --add-opens java.base/java.nio=ALL-UNNAMED --add-opens java.base/sun.nio.ch=ALL-UNNAMED --add-opens jdk.management/com.sun.management.internal=ALL-UNNAMED --add-exports java.base/jdk.internal.misc=ALL-UNNAMED -Djava.security.egd=file:/dev/./urandom -Dcom.sun.management.jmxremote -Dcom.sun.management.jmxremote.port=9010 -Dcom.sun.management.jmxremote.local.only=false -Dcom.sun.management.jmxremote.authenticate=false -Dcom.sun.management.jmxremote.ssl=false -Duser.language=en -Duser.region=US -XX:+CrashOnOutOfMemoryError -XX:+HeapDumpOnOutOfMemoryError
2025-01-27 17:10:01,965 INFO c.h.h.t.HelmChartContainer - [test-hivemq-platform] [hivemq] [c232b593] 
2025-01-27 17:10:01,965 INFO c.h.h.t.HelmChartContainer - [test-hivemq-platform] [hivemq] [c232b593]   JAVA_VERSION: 21
2025-01-27 17:10:01,965 INFO c.h.h.t.HelmChartContainer - [test-hivemq-platform] [hivemq] [c232b593] 
2025-01-27 17:10:01,965 INFO c.h.h.t.HelmChartContainer - [test-hivemq-platform] [hivemq] [c232b593] -------------------------------------------------------------------------
2025-01-27 17:10:01,965 INFO c.h.h.t.HelmChartContainer - [test-hivemq-platform] [hivemq] [c232b593] 
2025-01-27 17:10:02,944 INFO c.h.h.t.HelmChartContainer - [test-hivemq-platform] [hivemq] [c232b593] INFO  - [HiveMQ Platform Operator Init App 1.7.0-SNAPSHOT] Returning default Health API response 503 for readiness
2025-01-27 17:10:03,348 INFO c.h.h.t.HelmChartContainer - [EVENT] Warning [Unhealthy] Readiness probe failed: HTTP probe failed with statuscode: 503 [helmcustomconfigit:test-hivemq-platform-1]
2025-01-27 17:10:03,348 INFO c.h.h.t.HelmChartContainer - Received Unhealthy event for container hivemq in pod test-hivemq-platform-1 [c232b593-5f34-49ce-9d00-c32722685be2]
2025-01-27 17:10:04,650 INFO c.h.h.t.HelmChartContainer - [test-hivemq-platform] [hivemq] [c232b593] INFO  - Starting HiveMQ Enterprise Server
2025-01-27 17:10:04,658 INFO c.h.h.t.HelmChartContainer - [test-hivemq-platform] [hivemq] [c232b593] INFO  - HiveMQ version: 4.35.0
2025-01-27 17:10:04,658 INFO c.h.h.t.HelmChartContainer - [test-hivemq-platform] [hivemq] [c232b593] INFO  - HiveMQ home directory: /opt/hivemq
2025-01-27 17:10:04,658 INFO c.h.h.t.HelmChartContainer - [test-hivemq-platform] [hivemq] [c232b593] INFO  - Log Configuration was overridden by /opt/hivemq/conf/logback.xml
2025-01-27 17:10:06,044 INFO c.h.h.t.HelmChartContainer - [test-hivemq-platform] [hivemq] [c232b593] INFO  - Successfully loaded configuration from '/opt/hivemq/conf-k8s/config.xml'.
2025-01-27 17:10:06,644 INFO c.h.h.t.HelmChartContainer - [test-hivemq-platform] [hivemq] [c232b593] INFO  - This node's ID is U9QB9
2025-01-27 17:10:06,644 INFO c.h.h.t.HelmChartContainer - [test-hivemq-platform] [hivemq] [c232b593] INFO  - Clustering is enabled
2025-01-27 17:10:06,951 INFO c.h.h.t.HelmChartContainer - [hivemq-test-hivemq-platform] [hivemq-platform-operator] [225f2588] 17:10:06.946 [pool-6-thread-31] DEBUG c.h.p.o.d.PlatformServiceResource - [helmcust] Desired Platform services (3 services)
2025-01-27 17:10:06,951 INFO c.h.h.t.HelmChartContainer - [hivemq-test-hivemq-platform] [hivemq-platform-operator] [225f2588] 17:10:06.949 [pool-6-thread-35] DEBUG c.h.p.o.dependants.PodInfoConfigMap - [helmcust] Desired PodInfo ConfigMap (1 extensions) (1 enabled)
2025-01-27 17:10:06,952 INFO c.h.h.t.HelmChartContainer - [hivemq-test-hivemq-platform] [hivemq-platform-operator] [225f2588] 17:10:06.949 [pool-6-thread-35] DEBUG c.h.p.o.dependants.PodInfoConfigMap - [helmcust] Desired PodInfo ConfigMap (metrics port: 9399) (metrics path: /)
2025-01-27 17:10:06,952 INFO c.h.h.t.HelmChartContainer - [hivemq-test-hivemq-platform] [hivemq-platform-operator] [225f2588] 17:10:06.950 [pool-6-thread-35] DEBUG c.h.p.o.dependants.PodInfoConfigMap - [helmcust] Desired PodInfo ConfigMap (extension state hash: -1817474005)
2025-01-27 17:10:06,953 INFO c.h.h.t.HelmChartContainer - [hivemq-test-hivemq-platform] [hivemq-platform-operator] [225f2588] 17:10:06.953 [pool-6-thread-36] DEBUG c.h.p.o.d.PodServiceAccountResource - [helmcust] Desired PodServiceAccountResource (serviceAccountName: hivemq-platform-pod-test-hivemq-platform)
2025-01-27 17:10:07,036 INFO c.h.h.t.HelmChartContainer - [hivemq-test-hivemq-platform] [hivemq-platform-operator] [225f2588] 17:10:06.969 [pool-6-thread-31] DEBUG c.h.p.o.d.StatefulSetResource - [helmcust] Desired StatefulSet (2 replicas) for status STARTING (READY)
2025-01-27 17:10:07,040 INFO c.h.h.t.HelmChartContainer - [hivemq-test-hivemq-platform] [hivemq-platform-operator] [225f2588] 17:10:07.039 [ReconcilerExecutor-hivemq-controller-117] INFO  c.h.p.o.HiveMQPlatformReconciler - [helmcust] Reconciling HiveMQ Platform 'test-hivemq-platform' in namespace 'helmcustomconfigit'
2025-01-27 17:10:07,043 INFO c.h.h.t.HelmChartContainer - [hivemq-test-hivemq-platform] [hivemq-platform-operator] [225f2588] 17:10:07.039 [ReconcilerExecutor-hivemq-controller-117] DEBUG c.h.p.o.HiveMQPlatformReconciler - [helmcust] Custom Resource Status STARTING - HiveMQ Platform is starting (READY)
2025-01-27 17:10:07,043 INFO c.h.h.t.HelmChartContainer - [hivemq-test-hivemq-platform] [hivemq-platform-operator] [225f2588] 17:10:07.039 [ReconcilerExecutor-hivemq-controller-117] DEBUG c.h.p.o.HiveMQPlatformReconciler - [helmcust] Custom Resource Spec (replicas: 2) (extensions: 1)
2025-01-27 17:10:07,048 INFO c.h.h.t.HelmChartContainer - [hivemq-test-hivemq-platform] [hivemq-platform-operator] [225f2588] 17:10:07.047 [ReconcilerExecutor-hivemq-controller-117] DEBUG c.h.p.o.HiveMQPlatformReconciler - [helmcust] StatefulSet Status (revision: test-hivemq-platform-5b669c4444, replicas: 2, available: 1, ready: 1, current: 2, updated: 2)
2025-01-27 17:10:07,051 INFO c.h.h.t.HelmChartContainer - [hivemq-test-hivemq-platform] [hivemq-platform-operator] [225f2588] 17:10:07.047 [ReconcilerExecutor-hivemq-controller-117] DEBUG c.h.p.o.HiveMQPlatformReconciler - [helmcust] StatefulSet Spec (replicas: 2, init containers: 1, containers: 1, volumes: 3)
2025-01-27 17:10:07,053 INFO c.h.h.t.HelmChartContainer - [hivemq-test-hivemq-platform] [hivemq-platform-operator] [225f2588] 17:10:07.052 [ReconcilerExecutor-hivemq-controller-117] DEBUG c.h.p.o.h.HiveMQPlatformReconcilerErrorHandler - [helmcust] Pod 'test-hivemq-platform-1' phase Running
2025-01-27 17:10:07,057 INFO c.h.h.t.HelmChartContainer - [hivemq-test-hivemq-platform] [hivemq-platform-operator] [225f2588] 17:10:07.055 [ReconcilerExecutor-hivemq-controller-117] DEBUG c.h.p.o.h.HiveMQPlatformReconcilerErrorHandler - [helmcust] Pod 'test-hivemq-platform-0' phase Running
2025-01-27 17:10:07,058 INFO c.h.h.t.HelmChartContainer - [hivemq-test-hivemq-platform] [hivemq-platform-operator] [225f2588] 17:10:07.058 [ReconcilerExecutor-hivemq-controller-117] INFO  c.h.p.o.h.HiveMQPlatformReconcilerBaseHandler - [helmcust] HiveMQ Platform is starting, 1 of 2 replicas are ready
2025-01-27 17:10:08,348 INFO c.h.h.t.HelmChartContainer - [test-hivemq-platform] [hivemq] [c232b593] WARN  - [HiveMQ Platform Operator Init App 1.7.0-SNAPSHOT] Cannot connect to Health API for readiness: null
2025-01-27 17:10:08,355 INFO c.h.h.t.HelmChartContainer - [EVENT] Warning [Unhealthy] Readiness probe failed: HTTP probe failed with statuscode: 503 [helmcustomconfigit:test-hivemq-platform-1]
2025-01-27 17:10:08,355 INFO c.h.h.t.HelmChartContainer - Received Unhealthy event for container hivemq in pod test-hivemq-platform-1 [c232b593-5f34-49ce-9d00-c32722685be2]
2025-01-27 17:10:09,876 INFO c.h.h.t.HelmChartContainer - [test-hivemq-platform] [hivemq] [cd11c74a] INFO  - [HiveMQ Platform Operator Init App 1.7.0-SNAPSHOT] Returning Health API response 200 for liveness
2025-01-27 17:10:12,048 INFO c.h.h.t.HelmChartContainer - [test-hivemq-platform] [hivemq] [c232b593] Jan 27, 2025 5:10:12 PM io.vertx.core.impl.BlockedThreadChecker
2025-01-27 17:10:12,048 INFO c.h.h.t.HelmChartContainer - [test-hivemq-platform] [hivemq] [c232b593] WARNING: Thread Thread[vert.x-eventloop-thread-1,5,main] has been blocked for 2486 ms, time limit is 2000 ms
2025-01-27 17:10:12,850 INFO c.h.h.t.HelmChartContainer - [test-hivemq-platform] [hivemq] [c232b593] WARN  - [HiveMQ Platform Operator Init App 1.7.0-SNAPSHOT] Cannot connect to Health API for readiness: null
2025-01-27 17:10:12,856 INFO c.h.h.t.HelmChartContainer - [EVENT] Warning [Unhealthy] Readiness probe failed: HTTP probe failed with statuscode: 503 [helmcustomconfigit:test-hivemq-platform-1]
2025-01-27 17:10:12,856 INFO c.h.h.t.HelmChartContainer - Received Unhealthy event for container hivemq in pod test-hivemq-platform-1 [c232b593-5f34-49ce-9d00-c32722685be2]
2025-01-27 17:10:13,041 INFO c.h.h.t.HelmChartContainer - [test-hivemq-platform] [hivemq] [c232b593] Jan 27, 2025 5:10:13 PM io.vertx.core.impl.BlockedThreadChecker
2025-01-27 17:10:13,041 INFO c.h.h.t.HelmChartContainer - [test-hivemq-platform] [hivemq] [c232b593] WARNING: Thread Thread[vert.x-eventloop-thread-1,5,main] has been blocked for 3486 ms, time limit is 2000 ms
2025-01-27 17:10:13,153 INFO c.h.h.t.HelmChartContainer - [test-hivemq-platform] [hivemq] [c232b593] INFO  - [HiveMQ Platform Operator Init App 1.7.0-SNAPSHOT] Updating Pod HiveMQ Platform Operator Init App version annotation (version: 1.7.0-SNAPSHOT)
2025-01-27 17:10:13,864 INFO c.h.h.t.HelmChartContainer - [POD] test-hivemq-platform-1 [c232b593-5f34-49ce-9d00-c32722685be2] in helmcustomconfigit was MODIFIED
2025-01-27 17:10:13,867 INFO c.h.h.t.HelmChartContainer - [hivemq-test-hivemq-platform] [hivemq-platform-operator] [225f2588] 17:10:13.865 [pool-6-thread-42] DEBUG c.h.p.o.d.PlatformServiceResource - [helmcust] Desired Platform services (3 services)
2025-01-27 17:10:13,869 INFO c.h.h.t.HelmChartContainer - [hivemq-test-hivemq-platform] [hivemq-platform-operator] [225f2588] 17:10:13.867 [pool-6-thread-46] DEBUG c.h.p.o.d.PodServiceAccountResource - [helmcust] Desired PodServiceAccountResource (serviceAccountName: hivemq-platform-pod-test-hivemq-platform)
2025-01-27 17:10:13,871 INFO c.h.h.t.HelmChartContainer - [hivemq-test-hivemq-platform] [hivemq-platform-operator] [225f2588] 17:10:13.866 [pool-6-thread-47] DEBUG c.h.p.o.dependants.PodInfoConfigMap - [helmcust] Desired PodInfo ConfigMap (1 extensions) (1 enabled)
2025-01-27 17:10:13,872 INFO c.h.h.t.HelmChartContainer - [hivemq-test-hivemq-platform] [hivemq-platform-operator] [225f2588] 17:10:13.870 [pool-6-thread-47] DEBUG c.h.p.o.dependants.PodInfoConfigMap - [helmcust] Desired PodInfo ConfigMap (metrics port: 9399) (metrics path: /)
2025-01-27 17:10:13,872 INFO c.h.h.t.HelmChartContainer - [hivemq-test-hivemq-platform] [hivemq-platform-operator] [225f2588] 17:10:13.870 [pool-6-thread-47] DEBUG c.h.p.o.dependants.PodInfoConfigMap - [helmcust] Desired PodInfo ConfigMap (extension state hash: -1817474005)
2025-01-27 17:10:13,878 INFO c.h.h.t.HelmChartContainer - [hivemq-test-hivemq-platform] [hivemq-platform-operator] [225f2588] 17:10:13.876 [pool-6-thread-42] DEBUG c.h.p.o.d.StatefulSetResource - [helmcust] Desired StatefulSet (2 replicas) for status STARTING (READY)
2025-01-27 17:10:13,881 INFO c.h.h.t.HelmChartContainer - [hivemq-test-hivemq-platform] [hivemq-platform-operator] [225f2588] 17:10:13.880 [ReconcilerExecutor-hivemq-controller-118] INFO  c.h.p.o.HiveMQPlatformReconciler - [helmcust] Reconciling HiveMQ Platform 'test-hivemq-platform' in namespace 'helmcustomconfigit'
2025-01-27 17:10:13,881 INFO c.h.h.t.HelmChartContainer - [hivemq-test-hivemq-platform] [hivemq-platform-operator] [225f2588] 17:10:13.880 [ReconcilerExecutor-hivemq-controller-118] DEBUG c.h.p.o.HiveMQPlatformReconciler - [helmcust] Custom Resource Status STARTING - HiveMQ Platform is starting (READY)
2025-01-27 17:10:13,881 INFO c.h.h.t.HelmChartContainer - [hivemq-test-hivemq-platform] [hivemq-platform-operator] [225f2588] 17:10:13.880 [ReconcilerExecutor-hivemq-controller-118] DEBUG c.h.p.o.HiveMQPlatformReconciler - [helmcust] Custom Resource Spec (replicas: 2) (extensions: 1)
2025-01-27 17:10:13,939 INFO c.h.h.t.HelmChartContainer - [hivemq-test-hivemq-platform] [hivemq-platform-operator] [225f2588] 17:10:13.935 [ReconcilerExecutor-hivemq-controller-118] DEBUG c.h.p.o.HiveMQPlatformReconciler - [helmcust] StatefulSet Status (revision: test-hivemq-platform-5b669c4444, replicas: 2, available: 1, ready: 1, current: 2, updated: 2)
2025-01-27 17:10:13,939 INFO c.h.h.t.HelmChartContainer - [hivemq-test-hivemq-platform] [hivemq-platform-operator] [225f2588] 17:10:13.936 [ReconcilerExecutor-hivemq-controller-118] DEBUG c.h.p.o.HiveMQPlatformReconciler - [helmcust] StatefulSet Spec (replicas: 2, init containers: 1, containers: 1, volumes: 3)
2025-01-27 17:10:13,939 INFO c.h.h.t.HelmChartContainer - [hivemq-test-hivemq-platform] [hivemq-platform-operator] [225f2588] 17:10:13.937 [ReconcilerExecutor-hivemq-controller-118] DEBUG c.h.p.o.h.HiveMQPlatformReconcilerErrorHandler - [helmcust] Pod 'test-hivemq-platform-1' phase Running
2025-01-27 17:10:13,939 INFO c.h.h.t.HelmChartContainer - [hivemq-test-hivemq-platform] [hivemq-platform-operator] [225f2588] 17:10:13.939 [ReconcilerExecutor-hivemq-controller-118] DEBUG c.h.p.o.h.HiveMQPlatformReconcilerErrorHandler - [helmcust] Pod 'test-hivemq-platform-0' phase Running
2025-01-27 17:10:13,941 INFO c.h.h.t.HelmChartContainer - [hivemq-test-hivemq-platform] [hivemq-platform-operator] [225f2588] 17:10:13.940 [ReconcilerExecutor-hivemq-controller-118] INFO  c.h.p.o.h.HiveMQPlatformReconcilerBaseHandler - [helmcust] HiveMQ Platform is starting, 1 of 2 replicas are ready
2025-01-27 17:10:13,948 INFO c.h.h.t.HelmChartContainer - [test-hivemq-platform] [hivemq] [c232b593] WARN  - [HiveMQ Platform Operator Init App 1.7.0-SNAPSHOT] Cannot connect to Health API for readiness: null
2025-01-27 17:10:13,954 INFO c.h.h.t.HelmChartContainer - [test-hivemq-platform] [hivemq] [c232b593] INFO  - [HiveMQ Platform Operator Init App 1.7.0-SNAPSHOT] Successfully updated Pod HiveMQ Platform Operator Init App version annotation (version: 1.7.0-SNAPSHOT)
2025-01-27 17:10:13,956 INFO c.h.h.t.HelmChartContainer - [EVENT] Warning [Unhealthy] Readiness probe failed: HTTP probe failed with statuscode: 503 [helmcustomconfigit:test-hivemq-platform-1]
2025-01-27 17:10:13,956 INFO c.h.h.t.HelmChartContainer - Received Unhealthy event for container hivemq in pod test-hivemq-platform-1 [c232b593-5f34-49ce-9d00-c32722685be2]
2025-01-27 17:10:18,944 INFO c.h.h.t.HelmChartContainer - [test-hivemq-platform] [hivemq] [c232b593] WARN  - [HiveMQ Platform Operator Init App 1.7.0-SNAPSHOT] Cannot connect to Health API for readiness: null
2025-01-27 17:10:18,952 INFO c.h.h.t.HelmChartContainer - [EVENT] Warning [Unhealthy] Readiness probe failed: HTTP probe failed with statuscode: 503 [helmcustomconfigit:test-hivemq-platform-1]
2025-01-27 17:10:18,952 INFO c.h.h.t.HelmChartContainer - Received Unhealthy event for container hivemq in pod test-hivemq-platform-1 [c232b593-5f34-49ce-9d00-c32722685be2]
2025-01-27 17:10:23,945 INFO c.h.h.t.HelmChartContainer - [test-hivemq-platform] [hivemq] [c232b593] WARN  - [HiveMQ Platform Operator Init App 1.7.0-SNAPSHOT] Cannot connect to Health API for readiness: null
2025-01-27 17:10:23,949 INFO c.h.h.t.HelmChartContainer - [EVENT] Warning [Unhealthy] Readiness probe failed: HTTP probe failed with statuscode: 503 [helmcustomconfigit:test-hivemq-platform-1]
2025-01-27 17:10:23,949 INFO c.h.h.t.HelmChartContainer - Received Unhealthy event for container hivemq in pod test-hivemq-platform-1 [c232b593-5f34-49ce-9d00-c32722685be2]
2025-01-27 17:10:23,953 INFO c.h.h.t.HelmChartContainer - [hivemq-test-hivemq-platform] [hivemq-platform-operator] [225f2588] 17:10:23.948 [pool-6-thread-9] DEBUG c.h.p.o.d.PlatformServiceResource - [helmcust] Desired Platform services (3 services)
2025-01-27 17:10:23,954 INFO c.h.h.t.HelmChartContainer - [hivemq-test-hivemq-platform] [hivemq-platform-operator] [225f2588] 17:10:23.953 [pool-6-thread-5] DEBUG c.h.p.o.d.PodServiceAccountResource - [helmcust] Desired PodServiceAccountResource (serviceAccountName: hivemq-platform-pod-test-hivemq-platform)
2025-01-27 17:10:23,956 INFO c.h.h.t.HelmChartContainer - [hivemq-test-hivemq-platform] [hivemq-platform-operator] [225f2588] 17:10:23.955 [pool-6-thread-1] DEBUG c.h.p.o.dependants.PodInfoConfigMap - [helmcust] Desired PodInfo ConfigMap (1 extensions) (1 enabled)
2025-01-27 17:10:23,956 INFO c.h.h.t.HelmChartContainer - [hivemq-test-hivemq-platform] [hivemq-platform-operator] [225f2588] 17:10:23.955 [pool-6-thread-1] DEBUG c.h.p.o.dependants.PodInfoConfigMap - [helmcust] Desired PodInfo ConfigMap (metrics port: 9399) (metrics path: /)
2025-01-27 17:10:23,958 INFO c.h.h.t.HelmChartContainer - [hivemq-test-hivemq-platform] [hivemq-platform-operator] [225f2588] 17:10:23.956 [pool-6-thread-1] DEBUG c.h.p.o.dependants.PodInfoConfigMap - [helmcust] Desired PodInfo ConfigMap (extension state hash: -1817474005)
2025-01-27 17:10:23,961 INFO c.h.h.t.HelmChartContainer - [hivemq-test-hivemq-platform] [hivemq-platform-operator] [225f2588] 17:10:23.960 [pool-6-thread-1] DEBUG c.h.p.o.d.StatefulSetResource - [helmcust] Desired StatefulSet (2 replicas) for status STARTING (READY)
2025-01-27 17:10:23,968 INFO c.h.h.t.HelmChartContainer - [hivemq-test-hivemq-platform] [hivemq-platform-operator] [225f2588] 17:10:23.967 [ReconcilerExecutor-hivemq-controller-119] INFO  c.h.p.o.HiveMQPlatformReconciler - [helmcust] Reconciling HiveMQ Platform 'test-hivemq-platform' in namespace 'helmcustomconfigit'
2025-01-27 17:10:23,968 INFO c.h.h.t.HelmChartContainer - [hivemq-test-hivemq-platform] [hivemq-platform-operator] [225f2588] 17:10:23.967 [ReconcilerExecutor-hivemq-controller-119] DEBUG c.h.p.o.HiveMQPlatformReconciler - [helmcust] Custom Resource Status STARTING - HiveMQ Platform is starting (READY)
2025-01-27 17:10:23,968 INFO c.h.h.t.HelmChartContainer - [hivemq-test-hivemq-platform] [hivemq-platform-operator] [225f2588] 17:10:23.967 [ReconcilerExecutor-hivemq-controller-119] DEBUG c.h.p.o.HiveMQPlatformReconciler - [helmcust] Custom Resource Spec (replicas: 2) (extensions: 1)
2025-01-27 17:10:23,969 INFO c.h.h.t.HelmChartContainer - [hivemq-test-hivemq-platform] [hivemq-platform-operator] [225f2588] 17:10:23.968 [ReconcilerExecutor-hivemq-controller-119] DEBUG c.h.p.o.HiveMQPlatformReconciler - [helmcust] StatefulSet Status (revision: test-hivemq-platform-5b669c4444, replicas: 2, available: 1, ready: 1, current: 2, updated: 2)
2025-01-27 17:10:23,969 INFO c.h.h.t.HelmChartContainer - [hivemq-test-hivemq-platform] [hivemq-platform-operator] [225f2588] 17:10:23.968 [ReconcilerExecutor-hivemq-controller-119] DEBUG c.h.p.o.HiveMQPlatformReconciler - [helmcust] StatefulSet Spec (replicas: 2, init containers: 1, containers: 1, volumes: 3)
2025-01-27 17:10:23,970 INFO c.h.h.t.HelmChartContainer - [hivemq-test-hivemq-platform] [hivemq-platform-operator] [225f2588] 17:10:23.970 [ReconcilerExecutor-hivemq-controller-119] DEBUG c.h.p.o.h.HiveMQPlatformReconcilerErrorHandler - [helmcust] Pod 'test-hivemq-platform-1' phase Running
2025-01-27 17:10:23,973 INFO c.h.h.t.HelmChartContainer - [hivemq-test-hivemq-platform] [hivemq-platform-operator] [225f2588] 17:10:23.972 [ReconcilerExecutor-hivemq-controller-119] DEBUG c.h.p.o.h.HiveMQPlatformReconcilerErrorHandler - [helmcust] Pod 'test-hivemq-platform-0' phase Running
2025-01-27 17:10:23,973 INFO c.h.h.t.HelmChartContainer - [hivemq-test-hivemq-platform] [hivemq-platform-operator] [225f2588] 17:10:23.972 [ReconcilerExecutor-hivemq-controller-119] INFO  c.h.p.o.h.HiveMQPlatformReconcilerBaseHandler - [helmcust] HiveMQ Platform is starting, 1 of 2 replicas are ready
2025-01-27 17:10:24,861 INFO c.h.h.t.HelmChartContainer - [test-hivemq-platform] [hivemq] [c232b593] INFO  - No valid license file found. Using trial license, restricted to 25 connections.
2025-01-27 17:10:25,346 INFO c.h.h.t.HelmChartContainer - [test-hivemq-platform] [hivemq] [c232b593] WARN  - [HiveMQ Platform Operator Init App 1.7.0-SNAPSHOT] Cannot connect to Health API for liveness: null
2025-01-27 17:10:25,347 INFO c.h.h.t.HelmChartContainer - [test-hivemq-platform] [hivemq] [c232b593] INFO  - [HiveMQ Platform Operator Init App 1.7.0-SNAPSHOT] Returning default Health API response 200 for liveness
2025-01-27 17:10:28,253 INFO c.h.h.t.HelmChartContainer - [test-hivemq-platform] [hivemq] [c232b593] INFO  - No valid license file for Data Hub found. Using free license, restricted to 1 policy.
2025-01-27 17:10:28,947 INFO c.h.h.t.HelmChartContainer - [test-hivemq-platform] [hivemq] [c232b593] WARN  - [HiveMQ Platform Operator Init App 1.7.0-SNAPSHOT] Cannot connect to Health API for readiness: null
2025-01-27 17:10:28,953 INFO c.h.h.t.HelmChartContainer - [EVENT] Warning [Unhealthy] Readiness probe failed: HTTP probe failed with statuscode: 503 [helmcustomconfigit:test-hivemq-platform-1]
2025-01-27 17:10:28,953 INFO c.h.h.t.HelmChartContainer - Received Unhealthy event for container hivemq in pod test-hivemq-platform-1 [c232b593-5f34-49ce-9d00-c32722685be2]
2025-01-27 17:10:29,349 INFO c.h.h.t.HelmChartContainer - [test-hivemq-platform] [hivemq] [c232b593] INFO  - Audit Logger started.
2025-01-27 17:10:29,847 INFO c.h.h.t.HelmChartContainer - [test-hivemq-platform] [hivemq] [c232b593] INFO  - This node uses '1' CPU cores.
2025-01-27 17:10:29,853 INFO c.h.h.t.HelmChartContainer - [test-hivemq-platform] [hivemq] [c232b593] INFO  - Starting HiveMQ Health API on address 0.0.0.0 and port 8889
2025-01-27 17:10:30,843 INFO c.h.h.t.HelmChartContainer - [test-hivemq-platform] [hivemq] [c232b593] INFO  - Started HiveMQ Health API in 989ms
2025-01-27 17:10:30,846 INFO c.h.h.t.HelmChartContainer - [test-hivemq-platform] [hivemq] [c232b593] INFO  - Starting HiveMQ extension system.
2025-01-27 17:10:31,146 INFO c.h.h.t.HelmChartContainer - [test-hivemq-platform] [hivemq] [c232b593] INFO  - Starting extension with id "hivemq-dns-cluster-discovery" at /opt/hivemq/extensions/hivemq-dns-cluster-discovery
2025-01-27 17:10:31,648 INFO c.h.h.t.HelmChartContainer - [test-hivemq-platform] [hivemq] [c232b593] INFO  - Extension "DNS Cluster Discovery Extension" version 4.3.2 started successfully.
2025-01-27 17:10:31,648 INFO c.h.h.t.HelmChartContainer - [test-hivemq-platform] [hivemq] [c232b593] INFO  - Starting extension with id "hivemq-prometheus-extension" at /opt/hivemq/extensions/hivemq-prometheus-extension
2025-01-27 17:10:31,748 INFO c.h.h.t.HelmChartContainer - [test-hivemq-platform] [hivemq] [c232b593] INFO  - Using TCP cluster transport on address 10.42.0.12 and port 7000
2025-01-27 17:10:31,751 INFO c.h.h.t.HelmChartContainer - [test-hivemq-platform] [hivemq] [c232b593] INFO  - Using extension cluster discovery
2025-01-27 17:10:32,747 INFO c.h.h.t.HelmChartContainer - [test-hivemq-platform] [hivemq] [c232b593] INFO  - Started Jetty Server exposing Prometheus Servlet on URI http://0.0.0.0:9399/
2025-01-27 17:10:32,747 INFO c.h.h.t.HelmChartContainer - [test-hivemq-platform] [hivemq] [c232b593] INFO  - Extension "Prometheus Monitoring Extension" version 4.0.12 started successfully.
2025-01-27 17:10:32,747 INFO c.h.h.t.HelmChartContainer - [test-hivemq-platform] [hivemq] [c232b593] INFO  - Starting extension with id "hivemq-allow-all-extension" at /opt/hivemq/extensions/hivemq-allow-all-extension
2025-01-27 17:10:32,747 INFO c.h.h.t.HelmChartContainer - [test-hivemq-platform] [hivemq] [c232b593] WARN  - 
2025-01-27 17:10:32,748 INFO c.h.h.t.HelmChartContainer - [test-hivemq-platform] [hivemq] [c232b593] ################################################################################################################
2025-01-27 17:10:32,748 INFO c.h.h.t.HelmChartContainer - [test-hivemq-platform] [hivemq] [c232b593] # This HiveMQ deployment is not secure! You are lacking Authentication and Authorization.                      #
2025-01-27 17:10:32,748 INFO c.h.h.t.HelmChartContainer - [test-hivemq-platform] [hivemq] [c232b593] # Right now any MQTT client can connect to the broker with a full set of permissions.                          #
2025-01-27 17:10:32,748 INFO c.h.h.t.HelmChartContainer - [test-hivemq-platform] [hivemq] [c232b593] # For production usage, add an appropriate security extension and remove the hivemq-allow-all extension.       #
2025-01-27 17:10:32,748 INFO c.h.h.t.HelmChartContainer - [test-hivemq-platform] [hivemq] [c232b593] # You can download security extensions from the HiveMQ Marketplace (https://www.hivemq.com/extensions/).       #
2025-01-27 17:10:32,748 INFO c.h.h.t.HelmChartContainer - [test-hivemq-platform] [hivemq] [c232b593] ################################################################################################################
2025-01-27 17:10:32,748 INFO c.h.h.t.HelmChartContainer - [test-hivemq-platform] [hivemq] [c232b593] INFO  - Extension "Allow All Extension" version 1.1.0 started successfully.
2025-01-27 17:10:32,862 INFO c.h.h.t.HelmChartContainer - [test-hivemq-platform] [hivemq] [cd11c74a] INFO  - Cluster nodes found by discovery: [535h2|1] (2) [535h2, U9QB9].
2025-01-27 17:10:32,949 INFO c.h.h.t.HelmChartContainer - [test-hivemq-platform] [hivemq] [c232b593] INFO  - Cluster nodes found by discovery: [535h2|1] (2) [535h2, U9QB9].
2025-01-27 17:10:33,143 INFO c.h.h.t.HelmChartContainer - [test-hivemq-platform] [hivemq] [c232b593] INFO  - Cluster size = 1, members : [535h2].
2025-01-27 17:10:33,553 INFO c.h.h.t.HelmChartContainer - [test-hivemq-platform] [hivemq] [c232b593] INFO  - Starting cluster join process. This may take a while. Please do not shut down HiveMQ.
2025-01-27 17:10:33,557 INFO c.h.h.t.HelmChartContainer - [test-hivemq-platform] [hivemq] [c232b593] INFO  - Cluster join process is still ongoing. Please do not shut down HiveMQ.
2025-01-27 17:10:34,042 INFO c.h.h.t.HelmChartContainer - [hivemq-test-hivemq-platform] [hivemq-platform-operator] [225f2588] 17:10:34.038 [pool-6-thread-18] DEBUG c.h.p.o.d.PlatformServiceResource - [helmcust] Desired Platform services (3 services)
2025-01-27 17:10:34,043 INFO c.h.h.t.HelmChartContainer - [hivemq-test-hivemq-platform] [hivemq-platform-operator] [225f2588] 17:10:34.039 [pool-6-thread-15] DEBUG c.h.p.o.dependants.PodInfoConfigMap - [helmcust] Desired PodInfo ConfigMap (1 extensions) (1 enabled)
2025-01-27 17:10:34,043 INFO c.h.h.t.HelmChartContainer - [hivemq-test-hivemq-platform] [hivemq-platform-operator] [225f2588] 17:10:34.039 [pool-6-thread-15] DEBUG c.h.p.o.dependants.PodInfoConfigMap - [helmcust] Desired PodInfo ConfigMap (metrics port: 9399) (metrics path: /)
2025-01-27 17:10:34,043 INFO c.h.h.t.HelmChartContainer - [hivemq-test-hivemq-platform] [hivemq-platform-operator] [225f2588] 17:10:34.039 [pool-6-thread-15] DEBUG c.h.p.o.dependants.PodInfoConfigMap - [helmcust] Desired PodInfo ConfigMap (extension state hash: -1817474005)
2025-01-27 17:10:34,043 INFO c.h.h.t.HelmChartContainer - [hivemq-test-hivemq-platform] [hivemq-platform-operator] [225f2588] 17:10:34.039 [pool-6-thread-15] DEBUG c.h.p.o.d.PodServiceAccountResource - [helmcust] Desired PodServiceAccountResource (serviceAccountName: hivemq-platform-pod-test-hivemq-platform)
2025-01-27 17:10:34,044 INFO c.h.h.t.HelmChartContainer - [hivemq-test-hivemq-platform] [hivemq-platform-operator] [225f2588] 17:10:34.044 [pool-6-thread-18] DEBUG c.h.p.o.d.StatefulSetResource - [helmcust] Desired StatefulSet (2 replicas) for status STARTING (READY)
2025-01-27 17:10:34,051 INFO c.h.h.t.HelmChartContainer - [hivemq-test-hivemq-platform] [hivemq-platform-operator] [225f2588] 17:10:34.049 [ReconcilerExecutor-hivemq-controller-120] INFO  c.h.p.o.HiveMQPlatformReconciler - [helmcust] Reconciling HiveMQ Platform 'test-hivemq-platform' in namespace 'helmcustomconfigit'
2025-01-27 17:10:34,052 INFO c.h.h.t.HelmChartContainer - [hivemq-test-hivemq-platform] [hivemq-platform-operator] [225f2588] 17:10:34.049 [ReconcilerExecutor-hivemq-controller-120] DEBUG c.h.p.o.HiveMQPlatformReconciler - [helmcust] Custom Resource Status STARTING - HiveMQ Platform is starting (READY)
2025-01-27 17:10:34,052 INFO c.h.h.t.HelmChartContainer - [hivemq-test-hivemq-platform] [hivemq-platform-operator] [225f2588] 17:10:34.049 [ReconcilerExecutor-hivemq-controller-120] DEBUG c.h.p.o.HiveMQPlatformReconciler - [helmcust] Custom Resource Spec (replicas: 2) (extensions: 1)
2025-01-27 17:10:34,052 INFO c.h.h.t.HelmChartContainer - [hivemq-test-hivemq-platform] [hivemq-platform-operator] [225f2588] 17:10:34.051 [ReconcilerExecutor-hivemq-controller-120] DEBUG c.h.p.o.HiveMQPlatformReconciler - [helmcust] StatefulSet Status (revision: test-hivemq-platform-5b669c4444, replicas: 2, available: 1, ready: 1, current: 2, updated: 2)
2025-01-27 17:10:34,052 INFO c.h.h.t.HelmChartContainer - [hivemq-test-hivemq-platform] [hivemq-platform-operator] [225f2588] 17:10:34.051 [ReconcilerExecutor-hivemq-controller-120] DEBUG c.h.p.o.HiveMQPlatformReconciler - [helmcust] StatefulSet Spec (replicas: 2, init containers: 1, containers: 1, volumes: 3)
2025-01-27 17:10:34,053 INFO c.h.h.t.HelmChartContainer - [hivemq-test-hivemq-platform] [hivemq-platform-operator] [225f2588] 17:10:34.052 [ReconcilerExecutor-hivemq-controller-120] DEBUG c.h.p.o.h.HiveMQPlatformReconcilerErrorHandler - [helmcust] Pod 'test-hivemq-platform-1' phase Running
2025-01-27 17:10:34,054 INFO c.h.h.t.HelmChartContainer - [hivemq-test-hivemq-platform] [hivemq-platform-operator] [225f2588] 17:10:34.053 [ReconcilerExecutor-hivemq-controller-120] DEBUG c.h.p.o.h.HiveMQPlatformReconcilerErrorHandler - [helmcust] Pod 'test-hivemq-platform-0' phase Running
2025-01-27 17:10:34,055 INFO c.h.h.t.HelmChartContainer - [hivemq-test-hivemq-platform] [hivemq-platform-operator] [225f2588] 17:10:34.054 [ReconcilerExecutor-hivemq-controller-120] INFO  c.h.p.o.h.HiveMQPlatformReconcilerBaseHandler - [helmcust] HiveMQ Platform is starting, 1 of 2 replicas are ready
2025-01-27 17:10:34,454 INFO c.h.h.t.HelmChartContainer - [test-hivemq-platform] [hivemq] [c232b593] INFO  - [HiveMQ Platform Operator Init App 1.7.0-SNAPSHOT] Returning Health API response 503 for readiness
2025-01-27 17:10:34,459 INFO c.h.h.t.HelmChartContainer - [EVENT] Warning [Unhealthy] Readiness probe failed: HTTP probe failed with statuscode: 503 [helmcustomconfigit:test-hivemq-platform-1]
2025-01-27 17:10:34,459 INFO c.h.h.t.HelmChartContainer - Received Unhealthy event for container hivemq in pod test-hivemq-platform-1 [c232b593-5f34-49ce-9d00-c32722685be2]
2025-01-27 17:10:35,567 INFO c.h.h.t.HelmChartContainer - [test-hivemq-platform] [hivemq] [cd11c74a] INFO  - Cluster size = 2, members : [535h2, U9QB9].
2025-01-27 17:10:35,579 INFO c.h.h.t.HelmChartContainer - [test-hivemq-platform] [hivemq] [c232b593] INFO  - Cluster size = 2, members : [535h2, U9QB9].
2025-01-27 17:10:35,586 INFO c.h.h.t.HelmChartContainer - [test-hivemq-platform] [hivemq] [c232b593] INFO  - Finished cluster join process successfully.
2025-01-27 17:10:35,587 INFO c.h.h.t.HelmChartContainer - [test-hivemq-platform] [hivemq] [c232b593] INFO  - No user for HiveMQ Control Center configured. Starting with default user
2025-01-27 17:10:35,588 INFO c.h.h.t.HelmChartContainer - [test-hivemq-platform] [hivemq] [c232b593] INFO  - Starting HiveMQ Control Center on address 0.0.0.0 and port 8080
2025-01-27 17:10:35,593 INFO c.h.h.t.HelmChartContainer - [test-hivemq-platform] [hivemq] [c232b593] INFO  - Mounting HiveMQ Control Center V2 Preview
2025-01-27 17:10:36,344 INFO c.h.h.t.HelmChartContainer - [test-hivemq-platform] [hivemq] [c232b593] INFO  - Started HiveMQ Control Center in 754ms
2025-01-27 17:10:36,358 INFO c.h.h.t.HelmChartContainer - [test-hivemq-platform] [hivemq] [c232b593] INFO  - Starting TCP listener on address 0.0.0.0 and port 1883
2025-01-27 17:10:36,450 INFO c.h.h.t.HelmChartContainer - [test-hivemq-platform] [hivemq] [c232b593] INFO  - Started TCP Listener on address 0.0.0.0 and on port 1883.
2025-01-27 17:10:36,451 INFO c.h.h.t.HelmChartContainer - [test-hivemq-platform] [hivemq] [c232b593] INFO  - Started HiveMQ in 32190ms
2025-01-27 17:10:38,868 INFO c.h.h.t.HelmChartContainer - [test-hivemq-platform] [hivemq] [c232b593] INFO  - [HiveMQ Platform Operator Init App 1.7.0-SNAPSHOT] Returning Health API response 200 for readiness
2025-01-27 17:10:38,882 INFO c.h.h.t.HelmChartContainer - [POD] test-hivemq-platform-1 [c232b593-5f34-49ce-9d00-c32722685be2] in helmcustomconfigit was MODIFIED
2025-01-27 17:10:38,897 INFO c.h.h.t.HelmChartContainer - [hivemq-test-hivemq-platform] [hivemq-platform-operator] [225f2588] 17:10:38.889 [pool-6-thread-28] DEBUG c.h.p.o.d.PlatformServiceResource - [helmcust] Desired Platform services (3 services)
2025-01-27 17:10:38,897 INFO c.h.h.t.HelmChartContainer - [hivemq-test-hivemq-platform] [hivemq-platform-operator] [225f2588] 17:10:38.892 [pool-6-thread-22] DEBUG c.h.p.o.dependants.PodInfoConfigMap - [helmcust] Desired PodInfo ConfigMap (1 extensions) (1 enabled)
2025-01-27 17:10:38,897 INFO c.h.h.t.HelmChartContainer - [hivemq-test-hivemq-platform] [hivemq-platform-operator] [225f2588] 17:10:38.892 [pool-6-thread-22] DEBUG c.h.p.o.dependants.PodInfoConfigMap - [helmcust] Desired PodInfo ConfigMap (metrics port: 9399) (metrics path: /)
2025-01-27 17:10:38,897 INFO c.h.h.t.HelmChartContainer - [hivemq-test-hivemq-platform] [hivemq-platform-operator] [225f2588] 17:10:38.892 [pool-6-thread-22] DEBUG c.h.p.o.dependants.PodInfoConfigMap - [helmcust] Desired PodInfo ConfigMap (extension state hash: -1817474005)
2025-01-27 17:10:38,897 INFO c.h.h.t.HelmChartContainer - [hivemq-test-hivemq-platform] [hivemq-platform-operator] [225f2588] 17:10:38.893 [pool-6-thread-26] DEBUG c.h.p.o.d.PodServiceAccountResource - [helmcust] Desired PodServiceAccountResource (serviceAccountName: hivemq-platform-pod-test-hivemq-platform)
2025-01-27 17:10:38,901 INFO c.h.h.t.HelmChartContainer - [hivemq-test-hivemq-platform] [hivemq-platform-operator] [225f2588] 17:10:38.896 [pool-6-thread-22] DEBUG c.h.p.o.d.StatefulSetResource - [helmcust] Desired StatefulSet (2 replicas) for status STARTING (READY)
2025-01-27 17:10:38,907 INFO c.h.h.t.HelmChartContainer - [hivemq-test-hivemq-platform] [hivemq-platform-operator] [225f2588] 17:10:38.906 [ReconcilerExecutor-hivemq-controller-121] INFO  c.h.p.o.HiveMQPlatformReconciler - [helmcust] Reconciling HiveMQ Platform 'test-hivemq-platform' in namespace 'helmcustomconfigit'
2025-01-27 17:10:38,908 INFO c.h.h.t.HelmChartContainer - [hivemq-test-hivemq-platform] [hivemq-platform-operator] [225f2588] 17:10:38.907 [ReconcilerExecutor-hivemq-controller-121] DEBUG c.h.p.o.HiveMQPlatformReconciler - [helmcust] Custom Resource Status STARTING - HiveMQ Platform is starting (READY)
2025-01-27 17:10:38,908 INFO c.h.h.t.HelmChartContainer - [hivemq-test-hivemq-platform] [hivemq-platform-operator] [225f2588] 17:10:38.907 [ReconcilerExecutor-hivemq-controller-121] DEBUG c.h.p.o.HiveMQPlatformReconciler - [helmcust] Custom Resource Spec (replicas: 2) (extensions: 1)
2025-01-27 17:10:38,936 INFO c.h.h.t.HelmChartContainer - [hivemq-test-hivemq-platform] [hivemq-platform-operator] [225f2588] 17:10:38.935 [ReconcilerExecutor-hivemq-controller-121] DEBUG c.h.p.o.HiveMQPlatformReconciler - [helmcust] StatefulSet Status (revision: test-hivemq-platform-5b669c4444, replicas: 2, available: 2, ready: 2, current: 2, updated: 2)
2025-01-27 17:10:38,936 INFO c.h.h.t.HelmChartContainer - [hivemq-test-hivemq-platform] [hivemq-platform-operator] [225f2588] 17:10:38.935 [ReconcilerExecutor-hivemq-controller-121] DEBUG c.h.p.o.HiveMQPlatformReconciler - [helmcust] StatefulSet Spec (replicas: 2, init containers: 1, containers: 1, volumes: 3)
2025-01-27 17:10:38,937 INFO c.h.h.t.HelmChartContainer - [hivemq-test-hivemq-platform] [hivemq-platform-operator] [225f2588] 17:10:38.936 [ReconcilerExecutor-hivemq-controller-121] DEBUG c.h.p.o.h.HiveMQPlatformReconcilerErrorHandler - [helmcust] Pod 'test-hivemq-platform-1' phase Running
2025-01-27 17:10:38,939 INFO c.h.h.t.HelmChartContainer - [hivemq-test-hivemq-platform] [hivemq-platform-operator] [225f2588] 17:10:38.939 [ReconcilerExecutor-hivemq-controller-121] DEBUG c.h.p.o.h.HiveMQPlatformReconcilerErrorHandler - [helmcust] Pod 'test-hivemq-platform-0' phase Running
2025-01-27 17:10:38,941 INFO c.h.h.t.HelmChartContainer - [hivemq-test-hivemq-platform] [hivemq-platform-operator] [225f2588] 17:10:38.939 [ReconcilerExecutor-hivemq-controller-121] INFO  c.h.p.o.h.HiveMQPlatformReconcilerBaseHandler - [helmcust] HiveMQ Platform started successfully
2025-01-27 17:10:39,043 INFO c.h.h.t.HelmChartContainer - [hivemq-test-hivemq-platform] [hivemq-platform-operator] [225f2588] 17:10:39.042 [ReconcilerExecutor-hivemq-controller-121] DEBUG c.h.p.operator.event.EventSender - [helmcust] Creating K8s event hivemq-platform-ready: [Ready] HiveMQ Platform is ready
2025-01-27 17:10:39,047 INFO c.h.h.t.HelmChartContainer - [EVENT] Normal [Ready] HiveMQ Platform is ready [helmcustomconfigit:test-hivemq-platform]
2025-01-27 17:10:39,048 INFO c.h.h.t.HelmChartContainer - [hivemq-test-hivemq-platform] [hivemq-platform-operator] [225f2588] 17:10:39.047 [ReconcilerExecutor-hivemq-controller-121] INFO  c.h.p.o.h.AbstractHiveMQReconcilerStateHandler - [helmcust] Update HiveMQ Platform Status (STARTING [READY] -> RUNNING [READY]): HiveMQ Platform is ready
2025-01-27 17:10:39,056 DEBUG com.hivemq.helmcharts.util.K8sUtil - Comparing actual state 'RUNNING' and waiting for 'RUNNING'
2025-01-27 17:10:39,062 INFO c.h.h.t.HelmChartContainer - [hivemq-test-hivemq-platform] [hivemq-platform-operator] [225f2588] 17:10:39.059 [pool-6-thread-39] DEBUG c.h.p.o.d.PlatformServiceResource - [helmcust] Desired Platform services (3 services)
2025-01-27 17:10:39,062 INFO c.h.h.t.HelmChartContainer - [hivemq-test-hivemq-platform] [hivemq-platform-operator] [225f2588] 17:10:39.061 [pool-6-thread-36] DEBUG c.h.p.o.dependants.PodInfoConfigMap - [helmcust] Desired PodInfo ConfigMap (1 extensions) (1 enabled)
2025-01-27 17:10:39,064 INFO c.h.h.t.HelmChartContainer - [hivemq-test-hivemq-platform] [hivemq-platform-operator] [225f2588] 17:10:39.062 [pool-6-thread-36] DEBUG c.h.p.o.dependants.PodInfoConfigMap - [helmcust] Desired PodInfo ConfigMap (metrics port: 9399) (metrics path: /)
2025-01-27 17:10:39,064 INFO c.h.h.t.HelmChartContainer - [hivemq-test-hivemq-platform] [hivemq-platform-operator] [225f2588] 17:10:39.062 [pool-6-thread-36] DEBUG c.h.p.o.dependants.PodInfoConfigMap - [helmcust] Desired PodInfo ConfigMap (extension state hash: -1817474005)
2025-01-27 17:10:39,065 INFO c.h.h.t.HelmChartContainer - [hivemq-test-hivemq-platform] [hivemq-platform-operator] [225f2588] 17:10:39.063 [pool-6-thread-36] DEBUG c.h.p.o.dependants.PodInfoConfigMap - [helmcust] Update PodInfo ConfigMap
2025-01-27 17:10:39,091 INFO c.h.h.t.HelmChartContainer - Uninstalling release 'test-hivemq-platform' in namespace 'helmcustomconfigit'...
2025-01-27 17:10:39,092 DEBUG c.h.h.t.HelmChartContainer - Executing helm command: /bin/helm --kubeconfig /etc/rancher/k3s/k3s.yaml uninstall test-hivemq-platform  --wait --timeout 5m0s --cascade foreground --namespace helmcustomconfigit
2025-01-27 17:10:39,143 INFO c.h.h.t.HelmChartContainer - [hivemq-test-hivemq-platform] [hivemq-platform-operator] [225f2588] 17:10:39.138 [pool-6-thread-34] DEBUG c.h.p.o.d.PodServiceAccountResource - [helmcust] Desired PodServiceAccountResource (serviceAccountName: hivemq-platform-pod-test-hivemq-platform)
2025-01-27 17:10:39,153 INFO c.h.h.t.HelmChartContainer - [hivemq-test-hivemq-platform] [hivemq-platform-operator] [225f2588] 17:10:39.151 [pool-6-thread-31] DEBUG c.h.p.o.d.StatefulSetResource - [helmcust] Desired StatefulSet (2 replicas) for status RUNNING (READY)
2025-01-27 17:10:39,157 INFO c.h.h.t.HelmChartContainer - [hivemq-test-hivemq-platform] [hivemq-platform-operator] [225f2588] 17:10:39.154 [ReconcilerExecutor-hivemq-controller-122] INFO  c.h.p.o.HiveMQPlatformReconciler - [helmcust] Reconciling HiveMQ Platform 'test-hivemq-platform' in namespace 'helmcustomconfigit'
2025-01-27 17:10:39,157 INFO c.h.h.t.HelmChartContainer - [hivemq-test-hivemq-platform] [hivemq-platform-operator] [225f2588] 17:10:39.154 [ReconcilerExecutor-hivemq-controller-122] DEBUG c.h.p.o.HiveMQPlatformReconciler - [helmcust] Custom Resource Status RUNNING - HiveMQ Platform is ready (READY)
2025-01-27 17:10:39,157 INFO c.h.h.t.HelmChartContainer - [hivemq-test-hivemq-platform] [hivemq-platform-operator] [225f2588] 17:10:39.154 [ReconcilerExecutor-hivemq-controller-122] DEBUG c.h.p.o.HiveMQPlatformReconciler - [helmcust] Custom Resource Spec (replicas: 2) (extensions: 1)
2025-01-27 17:10:39,159 INFO c.h.h.t.HelmChartContainer - [hivemq-test-hivemq-platform] [hivemq-platform-operator] [225f2588] 17:10:39.156 [ReconcilerExecutor-hivemq-controller-122] DEBUG c.h.p.o.HiveMQPlatformReconciler - [helmcust] StatefulSet Status (revision: test-hivemq-platform-5b669c4444, replicas: 2, available: 2, ready: 2, current: 2, updated: 2)
2025-01-27 17:10:39,160 INFO c.h.h.t.HelmChartContainer - [hivemq-test-hivemq-platform] [hivemq-platform-operator] [225f2588] 17:10:39.157 [ReconcilerExecutor-hivemq-controller-122] DEBUG c.h.p.o.HiveMQPlatformReconciler - [helmcust] StatefulSet Spec (replicas: 2, init containers: 1, containers: 1, volumes: 3)
2025-01-27 17:10:39,160 INFO c.h.h.t.HelmChartContainer - [hivemq-test-hivemq-platform] [hivemq-platform-operator] [225f2588] 17:10:39.158 [ReconcilerExecutor-hivemq-controller-122] DEBUG c.h.p.o.h.HiveMQPlatformReconcilerErrorHandler - [helmcust] Pod 'test-hivemq-platform-1' phase Running
2025-01-27 17:10:39,161 INFO c.h.h.t.HelmChartContainer - [hivemq-test-hivemq-platform] [hivemq-platform-operator] [225f2588] 17:10:39.159 [ReconcilerExecutor-hivemq-controller-122] DEBUG c.h.p.o.h.HiveMQPlatformReconcilerErrorHandler - [helmcust] Pod 'test-hivemq-platform-0' phase Running
2025-01-27 17:10:39,359 INFO c.h.h.t.HelmChartContainer - [hivemq-test-hivemq-platform] [hivemq-platform-operator] [225f2588] 17:10:39.347 [pool-6-thread-49] DEBUG c.h.p.o.d.PlatformServiceResource - [helmcust] Desired Platform services (3 services)
2025-01-27 17:10:39,381 INFO c.h.h.t.HelmChartContainer - [hivemq-test-hivemq-platform] [hivemq-platform-operator] [225f2588] 17:10:39.359 [pool-6-thread-48] DEBUG c.h.p.o.dependants.PodInfoConfigMap - [helmcust] Desired PodInfo ConfigMap (1 extensions) (1 enabled)
2025-01-27 17:10:39,381 INFO c.h.h.t.HelmChartContainer - [hivemq-test-hivemq-platform] [hivemq-platform-operator] [225f2588] 17:10:39.360 [pool-6-thread-48] DEBUG c.h.p.o.dependants.PodInfoConfigMap - [helmcust] Desired PodInfo ConfigMap (metrics port: 9399) (metrics path: /)
2025-01-27 17:10:39,381 INFO c.h.h.t.HelmChartContainer - [hivemq-test-hivemq-platform] [hivemq-platform-operator] [225f2588] 17:10:39.360 [pool-6-thread-48] DEBUG c.h.p.o.dependants.PodInfoConfigMap - [helmcust] Desired PodInfo ConfigMap (extension state hash: -1817474005)
2025-01-27 17:10:39,381 INFO c.h.h.t.HelmChartContainer - [hivemq-test-hivemq-platform] [hivemq-platform-operator] [225f2588] 17:10:39.361 [pool-6-thread-48] DEBUG c.h.p.o.d.PodServiceAccountResource - [helmcust] Desired PodServiceAccountResource (serviceAccountName: hivemq-platform-pod-test-hivemq-platform)
2025-01-27 17:10:39,381 INFO c.h.h.t.HelmChartContainer - [hivemq-test-hivemq-platform] [hivemq-platform-operator] [225f2588] 17:10:39.366 [pool-6-thread-49] DEBUG c.h.p.o.d.StatefulSetResource - [helmcust] Desired StatefulSet (2 replicas) for status RUNNING (READY)
2025-01-27 17:10:39,381 INFO c.h.h.t.HelmChartContainer - [hivemq-test-hivemq-platform] [hivemq-platform-operator] [225f2588] 17:10:39.371 [ReconcilerExecutor-hivemq-controller-123] INFO  c.h.p.o.HiveMQPlatformReconciler - [helmcust] Reconciling HiveMQ Platform 'test-hivemq-platform' in namespace 'helmcustomconfigit'
2025-01-27 17:10:39,381 INFO c.h.h.t.HelmChartContainer - [hivemq-test-hivemq-platform] [hivemq-platform-operator] [225f2588] 17:10:39.372 [ReconcilerExecutor-hivemq-controller-123] DEBUG c.h.p.o.HiveMQPlatformReconciler - [helmcust] Custom Resource Status RUNNING - HiveMQ Platform is ready (READY)
2025-01-27 17:10:39,381 INFO c.h.h.t.HelmChartContainer - [hivemq-test-hivemq-platform] [hivemq-platform-operator] [225f2588] 17:10:39.372 [ReconcilerExecutor-hivemq-controller-123] DEBUG c.h.p.o.HiveMQPlatformReconciler - [helmcust] Custom Resource Spec (replicas: 2) (extensions: 1)
2025-01-27 17:10:39,381 INFO c.h.h.t.HelmChartContainer - [hivemq-test-hivemq-platform] [hivemq-platform-operator] [225f2588] 17:10:39.373 [ReconcilerExecutor-hivemq-controller-123] DEBUG c.h.p.o.HiveMQPlatformReconciler - [helmcust] StatefulSet Status (revision: test-hivemq-platform-5b669c4444, replicas: 2, available: 2, ready: 2, current: 2, updated: 2)
2025-01-27 17:10:39,381 INFO c.h.h.t.HelmChartContainer - [hivemq-test-hivemq-platform] [hivemq-platform-operator] [225f2588] 17:10:39.374 [ReconcilerExecutor-hivemq-controller-123] DEBUG c.h.p.o.HiveMQPlatformReconciler - [helmcust] StatefulSet Spec (replicas: 2, init containers: 1, containers: 1, volumes: 3)
2025-01-27 17:10:39,381 INFO c.h.h.t.HelmChartContainer - [hivemq-test-hivemq-platform] [hivemq-platform-operator] [225f2588] 17:10:39.375 [ReconcilerExecutor-hivemq-controller-123] DEBUG c.h.p.o.h.HiveMQPlatformReconcilerErrorHandler - [helmcust] Pod 'test-hivemq-platform-1' phase Running
2025-01-27 17:10:39,438 INFO c.h.h.t.HelmChartContainer - [hivemq-test-hivemq-platform] [hivemq-platform-operator] [225f2588] 17:10:39.435 [ReconcilerExecutor-hivemq-controller-123] DEBUG c.h.p.o.h.HiveMQPlatformReconcilerErrorHandler - [helmcust] Pod 'test-hivemq-platform-0' phase Running
2025-01-27 17:10:39,438 INFO c.h.h.t.HelmChartContainer - [hivemq-test-hivemq-platform] [hivemq-platform-operator] [225f2588] 17:10:39.435 [ReconcilerExecutor-hivemq-controller-123] DEBUG c.h.p.o.HiveMQPlatformReconciler - [helmcust] PodInfoConfigMap is not ready yet
2025-01-27 17:10:39,446 INFO c.h.h.t.HelmChartContainer - [hivemq-test-hivemq-platform] [hivemq-platform-operator] [225f2588] 17:10:39.444 [ReconcilerExecutor-hivemq-controller-129] INFO  c.h.p.o.HiveMQPlatformReconciler - [helmcust] Cleanup test-hivemq-platform - helmcustomconfigit HiveMQ Platform is shut down
2025-01-27 17:10:40,168 INFO c.h.h.t.HelmChartContainer - [POD] test-hivemq-platform-0 [cd11c74a-c7db-4381-8815-e3221ec6d4b4] in helmcustomconfigit was MODIFIED
2025-01-27 17:10:40,175 INFO c.h.h.t.HelmChartContainer - [test-hivemq-platform] [hivemq] [cd11c74a] INFO  - [HiveMQ Platform Operator Init App 1.7.0-SNAPSHOT] Shutting down
2025-01-27 17:10:40,175 INFO c.h.h.t.HelmChartContainer - [test-hivemq-platform] [hivemq] [cd11c74a] INFO  - [HiveMQ Platform Operator Init App 1.7.0-SNAPSHOT] Stopping the HiveMQ Platform
2025-01-27 17:10:40,182 INFO c.h.h.t.HelmChartContainer - [EVENT] Normal [Killing] Stopping container hivemq [helmcustomconfigit:test-hivemq-platform-0]
2025-01-27 17:10:40,182 INFO c.h.h.t.HelmChartContainer - Received Killing event for container hivemq in pod test-hivemq-platform-0 [cd11c74a-c7db-4381-8815-e3221ec6d4b4]
2025-01-27 17:10:40,183 INFO c.h.h.t.HelmChartContainer - Container [test-hivemq-platform-0] [hivemq] [cd11c74a-c7db-4381-8815-e3221ec6d4b4] was terminated
2025-01-27 17:10:40,183 INFO c.h.h.t.HelmChartContainer - Stopped log watcher for hivemq in pod test-hivemq-platform-0 [cd11c74a-c7db-4381-8815-e3221ec6d4b4]
2025-01-27 17:10:40,207 INFO c.h.h.t.HelmChartContainer - [POD] test-hivemq-platform-1 [c232b593-5f34-49ce-9d00-c32722685be2] in helmcustomconfigit was MODIFIED
2025-01-27 17:10:40,241 INFO c.h.h.t.HelmChartContainer - [EVENT] Normal [Killing] Stopping container hivemq [helmcustomconfigit:test-hivemq-platform-1]
2025-01-27 17:10:40,241 INFO c.h.h.t.HelmChartContainer - Received Killing event for container hivemq in pod test-hivemq-platform-1 [c232b593-5f34-49ce-9d00-c32722685be2]
2025-01-27 17:10:40,241 INFO c.h.h.t.HelmChartContainer - Container [test-hivemq-platform-1] [hivemq] [c232b593-5f34-49ce-9d00-c32722685be2] was terminated
2025-01-27 17:10:40,241 INFO c.h.h.t.HelmChartContainer - Stopped log watcher for hivemq in pod test-hivemq-platform-1 [c232b593-5f34-49ce-9d00-c32722685be2]
2025-01-27 17:10:40,243 INFO c.h.h.t.HelmChartContainer - [test-hivemq-platform] [hivemq] [c232b593] INFO  - [HiveMQ Platform Operator Init App 1.7.0-SNAPSHOT] Shutting down
2025-01-27 17:10:40,243 INFO c.h.h.t.HelmChartContainer - [test-hivemq-platform] [hivemq] [c232b593] INFO  - [HiveMQ Platform Operator Init App 1.7.0-SNAPSHOT] Stopping the HiveMQ Platform
2025-01-27 17:10:40,329 INFO c.h.h.t.HelmChartContainer - [test-hivemq-platform] [hivemq] [cd11c74a] INFO  - Shutting down HiveMQ. Please wait, this could take a while...
2025-01-27 17:10:40,332 INFO c.h.h.t.HelmChartContainer - [test-hivemq-platform] [hivemq] [cd11c74a] INFO  - Shutting down listeners and clients
2025-01-27 17:10:40,334 INFO c.h.h.t.HelmChartContainer - [test-hivemq-platform] [hivemq] [cd11c74a] INFO  - Shutdown of listeners is done
2025-01-27 17:10:40,334 INFO c.h.h.t.HelmChartContainer - [test-hivemq-platform] [hivemq] [cd11c74a] INFO  - No clients are connected, proceeding with shutdown
2025-01-27 17:10:40,355 INFO c.h.h.t.HelmChartContainer - [test-hivemq-platform] [hivemq] [c232b593] INFO  - Shutting down HiveMQ. Please wait, this could take a while...
2025-01-27 17:10:40,399 INFO c.h.h.t.HelmChartContainer - [test-hivemq-platform] [hivemq] [c232b593] INFO  - Shutting down listeners and clients
2025-01-27 17:10:40,423 INFO c.h.h.t.HelmChartContainer - [K3S] [authentication.go:74] "Unable to authenticate the request" err="[invalid bearer token, serviceaccounts \"hivemq-platform-pod-test-hivemq-platform\" not found]"
2025-01-27 17:10:40,441 INFO c.h.h.t.HelmChartContainer - [test-hivemq-platform] [hivemq] [c232b593] INFO  - Shutdown of listeners is done
2025-01-27 17:10:40,441 INFO c.h.h.t.HelmChartContainer - [test-hivemq-platform] [hivemq] [c232b593] INFO  - No clients are connected, proceeding with shutdown
2025-01-27 17:10:40,526 INFO c.h.h.t.HelmChartContainer - [K3S] [authentication.go:74] "Unable to authenticate the request" err="[invalid bearer token, serviceaccounts \"hivemq-platform-pod-test-hivemq-platform\" not found]"
2025-01-27 17:10:40,621 INFO c.h.h.t.HelmChartContainer - [test-hivemq-platform] [hivemq] [cd11c74a] WARN  - [HiveMQ Platform Operator Init App 1.7.0-SNAPSHOT] Could not update Pod annotations: Failure executing: GET at: https://10.43.0.1:443/api/v1/namespaces/helmcustomconfigit/pods/test-hivemq-platform-0. Message: Unauthorized. Received status: Status(apiVersion=v1, code=401, details=null, kind=Status, message=Unauthorized, metadata=ListMeta(_continue=null, remainingItemCount=null, resourceVersion=null, selfLink=null, additionalProperties={}), reason=Unauthorized, status=Failure, additionalProperties={}).
2025-01-27 17:10:41,390 INFO c.h.h.t.HelmChartContainer - Deleting namespace 'helmcustomconfigit'...
2025-01-27 17:10:43,804 INFO c.h.h.t.HelmChartContainer - [test-hivemq-platform] [hivemq] [cd11c74a] INFO  - Shutting down extension system
2025-01-27 17:10:43,809 INFO c.h.h.t.HelmChartContainer - [test-hivemq-platform] [hivemq] [cd11c74a] INFO  - Stopping extension with id hivemq-dns-cluster-discovery
2025-01-27 17:10:43,810 INFO c.h.h.t.HelmChartContainer - [test-hivemq-platform] [hivemq] [cd11c74a] INFO  - Extension "DNS Cluster Discovery Extension" version 4.3.2 stopped successfully.
2025-01-27 17:10:43,810 INFO c.h.h.t.HelmChartContainer - [test-hivemq-platform] [hivemq] [cd11c74a] INFO  - Stopping extension with id hivemq-prometheus-extension
2025-01-27 17:10:43,818 INFO c.h.h.t.HelmChartContainer - [test-hivemq-platform] [hivemq] [cd11c74a] INFO  - Extension "Prometheus Monitoring Extension" version 4.0.12 stopped successfully.
2025-01-27 17:10:43,819 INFO c.h.h.t.HelmChartContainer - [test-hivemq-platform] [hivemq] [cd11c74a] INFO  - Stopping extension with id hivemq-allow-all-extension
2025-01-27 17:10:43,820 INFO c.h.h.t.HelmChartContainer - [test-hivemq-platform] [hivemq] [cd11c74a] INFO  - Extension "Allow All Extension" version 1.1.0 stopped successfully.
2025-01-27 17:10:43,826 INFO c.h.h.t.HelmChartContainer - [test-hivemq-platform] [hivemq] [c232b593] INFO  - Cluster nodes found by discovery: [U9QB9|2] (1) [U9QB9].
2025-01-27 17:10:43,834 INFO c.h.h.t.HelmChartContainer - [test-hivemq-platform] [hivemq] [c232b593] INFO  - Cluster size = 1, members : [U9QB9].
2025-01-27 17:10:43,898 INFO c.h.h.t.HelmChartContainer - [test-hivemq-platform] [hivemq] [c232b593] INFO  - [HiveMQ Platform Operator Init App 1.7.0-SNAPSHOT] Returning shutdown Health API response 503 for readiness
2025-01-27 17:10:43,905 INFO c.h.h.t.HelmChartContainer - [EVENT] Warning [Unhealthy] Readiness probe failed: HTTP probe failed with statuscode: 503 [helmcustomconfigit:test-hivemq-platform-1]
2025-01-27 17:10:43,905 INFO c.h.h.t.HelmChartContainer - Received Unhealthy event for container hivemq in pod test-hivemq-platform-1 [c232b593-5f34-49ce-9d00-c32722685be2]
2025-01-27 17:10:44,249 INFO c.h.h.t.HelmChartContainer - [test-hivemq-platform] [hivemq] [c232b593] INFO  - Shutting down extension system
2025-01-27 17:10:44,251 INFO c.h.h.t.HelmChartContainer - [test-hivemq-platform] [hivemq] [c232b593] INFO  - Stopping extension with id hivemq-dns-cluster-discovery
2025-01-27 17:10:44,252 INFO c.h.h.t.HelmChartContainer - [test-hivemq-platform] [hivemq] [c232b593] INFO  - Extension "DNS Cluster Discovery Extension" version 4.3.2 stopped successfully.
2025-01-27 17:10:44,252 INFO c.h.h.t.HelmChartContainer - [test-hivemq-platform] [hivemq] [c232b593] INFO  - Stopping extension with id hivemq-prometheus-extension
2025-01-27 17:10:44,256 INFO c.h.h.t.HelmChartContainer - [test-hivemq-platform] [hivemq] [c232b593] INFO  - Extension "Prometheus Monitoring Extension" version 4.0.12 stopped successfully.
2025-01-27 17:10:44,257 INFO c.h.h.t.HelmChartContainer - [test-hivemq-platform] [hivemq] [c232b593] INFO  - Stopping extension with id hivemq-allow-all-extension
2025-01-27 17:10:44,257 INFO c.h.h.t.HelmChartContainer - [test-hivemq-platform] [hivemq] [c232b593] INFO  - Extension "Allow All Extension" version 1.1.0 stopped successfully.
2025-01-27 17:10:44,358 INFO c.h.h.t.HelmChartContainer - [K3S] [authentication.go:74] "Unable to authenticate the request" err="[invalid bearer token, serviceaccounts \"hivemq-platform-pod-test-hivemq-platform\" not found]"
2025-01-27 17:10:44,459 INFO c.h.h.t.HelmChartContainer - [K3S] [authentication.go:74] "Unable to authenticate the request" err="[invalid bearer token, serviceaccounts \"hivemq-platform-pod-test-hivemq-platform\" not found]"
2025-01-27 17:10:44,553 INFO c.h.h.t.HelmChartContainer - [test-hivemq-platform] [hivemq] [c232b593] WARN  - [HiveMQ Platform Operator Init App 1.7.0-SNAPSHOT] Could not update Pod annotations: Failure executing: GET at: https://10.43.0.1:443/api/v1/namespaces/helmcustomconfigit/pods/test-hivemq-platform-1. Message: Unauthorized. Received status: Status(apiVersion=v1, code=401, details=null, kind=Status, message=Unauthorized, metadata=ListMeta(_continue=null, remainingItemCount=null, resourceVersion=null, selfLink=null, additionalProperties={}), reason=Unauthorized, status=Failure, additionalProperties={}).
2025-01-27 17:10:44,933 INFO c.h.h.t.HelmChartContainer - [test-hivemq-platform] [hivemq] [cd11c74a] INFO  - [HiveMQ Platform Operator Init App 1.7.0-SNAPSHOT] Returning shutdown Health API response 503 for readiness
2025-01-27 17:10:44,937 INFO c.h.h.t.HelmChartContainer - [EVENT] Warning [Unhealthy] Readiness probe failed: HTTP probe failed with statuscode: 503 [helmcustomconfigit:test-hivemq-platform-0]
2025-01-27 17:10:44,937 INFO c.h.h.t.HelmChartContainer - Received Unhealthy event for container hivemq in pod test-hivemq-platform-0 [cd11c74a-c7db-4381-8815-e3221ec6d4b4]
2025-01-27 17:10:45,625 INFO c.h.h.t.HelmChartContainer - [K3S] [authentication.go:74] "Unable to authenticate the request" err="[invalid bearer token, serviceaccounts \"hivemq-platform-pod-test-hivemq-platform\" not found]"
2025-01-27 17:10:45,638 INFO c.h.h.t.HelmChartContainer - [K3S] [authentication.go:74] "Unable to authenticate the request" err="[invalid bearer token, serviceaccounts \"hivemq-platform-pod-test-hivemq-platform\" not found]"
2025-01-27 17:10:45,640 INFO c.h.h.t.HelmChartContainer - [test-hivemq-platform] [hivemq] [cd11c74a] WARN  - [HiveMQ Platform Operator Init App 1.7.0-SNAPSHOT] Could not update Pod annotations: Failure executing: GET at: https://10.43.0.1:443/api/v1/namespaces/helmcustomconfigit/pods/test-hivemq-platform-0. Message: Unauthorized. Received status: Status(apiVersion=v1, code=401, details=null, kind=Status, message=Unauthorized, metadata=ListMeta(_continue=null, remainingItemCount=null, resourceVersion=null, selfLink=null, additionalProperties={}), reason=Unauthorized, status=Failure, additionalProperties={}).
2025-01-27 17:10:46,138 INFO c.h.h.t.HelmChartContainer - [test-hivemq-platform] [hivemq] [cd11c74a] INFO  - Shutdown completed.
2025-01-27 17:10:46,510 INFO c.h.h.t.HelmChartContainer - [test-hivemq-platform] [hivemq] [cd11c74a] INFO  - [HiveMQ Platform Operator Init App 1.7.0-SNAPSHOT] The HiveMQ Platform exited with code 143
2025-01-27 17:10:46,510 INFO c.h.h.t.HelmChartContainer - [test-hivemq-platform] [hivemq] [cd11c74a] INFO  - [HiveMQ Platform Operator Init App 1.7.0-SNAPSHOT] Stopping the REST API
2025-01-27 17:10:46,522 INFO c.h.h.t.HelmChartContainer - [test-hivemq-platform] [hivemq] [cd11c74a] INFO  - [HiveMQ Platform Operator Init App 1.7.0-SNAPSHOT] Shutdown complete
2025-01-27 17:10:46,523 INFO c.h.h.t.HelmChartContainer - [K3S] [stateful_set.go:466] "StatefulSet has been deleted" key="helmcustomconfigit/test-hivemq-platform"
2025-01-27 17:10:46,607 INFO c.h.h.t.HelmChartContainer - [test-hivemq-platform] [hivemq] [c232b593] INFO  - Shutdown completed.
2025-01-27 17:10:46,963 INFO c.h.h.t.HelmChartContainer - [test-hivemq-platform] [hivemq] [c232b593] INFO  - [HiveMQ Platform Operator Init App 1.7.0-SNAPSHOT] The HiveMQ Platform exited with code 143
2025-01-27 17:10:46,964 INFO c.h.h.t.HelmChartContainer - [test-hivemq-platform] [hivemq] [c232b593] INFO  - [HiveMQ Platform Operator Init App 1.7.0-SNAPSHOT] Stopping the REST API
2025-01-27 17:10:46,971 INFO c.h.h.t.HelmChartContainer - [test-hivemq-platform] [hivemq] [c232b593] INFO  - [HiveMQ Platform Operator Init App 1.7.0-SNAPSHOT] Shutdown complete
2025-01-27 17:10:46,988 INFO c.h.h.t.HelmChartContainer - [POD] test-hivemq-platform-0 [cd11c74a-c7db-4381-8815-e3221ec6d4b4] in helmcustomconfigit was MODIFIED
2025-01-27 17:10:47,166 INFO c.h.h.t.HelmChartContainer - [K3S] [reconciler_common.go:162] "operationExecutor.UnmountVolume started for volume \"broker-configuration\" (UniqueName: \"kubernetes.io/configmap/cd11c74a-c7db-4381-8815-e3221ec6d4b4-broker-configuration\") pod \"cd11c74a-c7db-4381-8815-e3221ec6d4b4\" (UID: \"cd11c74a-c7db-4381-8815-e3221ec6d4b4\") "
2025-01-27 17:10:47,166 INFO c.h.h.t.HelmChartContainer - [K3S] [reconciler_common.go:162] "operationExecutor.UnmountVolume started for volume \"kube-api-access-n6s99\" (UniqueName: \"kubernetes.io/projected/cd11c74a-c7db-4381-8815-e3221ec6d4b4-kube-api-access-n6s99\") pod \"cd11c74a-c7db-4381-8815-e3221ec6d4b4\" (UID: \"cd11c74a-c7db-4381-8815-e3221ec6d4b4\") "
2025-01-27 17:10:47,166 INFO c.h.h.t.HelmChartContainer - [K3S] [reconciler_common.go:162] "operationExecutor.UnmountVolume started for volume \"pod-info\" (UniqueName: \"kubernetes.io/configmap/cd11c74a-c7db-4381-8815-e3221ec6d4b4-pod-info\") pod \"cd11c74a-c7db-4381-8815-e3221ec6d4b4\" (UID: \"cd11c74a-c7db-4381-8815-e3221ec6d4b4\") "
2025-01-27 17:10:47,167 INFO c.h.h.t.HelmChartContainer - [K3S] [reconciler_common.go:162] "operationExecutor.UnmountVolume started for volume \"operator-init\" (UniqueName: \"kubernetes.io/empty-dir/cd11c74a-c7db-4381-8815-e3221ec6d4b4-operator-init\") pod \"cd11c74a-c7db-4381-8815-e3221ec6d4b4\" (UID: \"cd11c74a-c7db-4381-8815-e3221ec6d4b4\") "
2025-01-27 17:10:47,266 INFO c.h.h.t.HelmChartContainer - [K3S] [reconciler_common.go:299] "Volume detached for volume \"pod-info\" (UniqueName: \"kubernetes.io/configmap/cd11c74a-c7db-4381-8815-e3221ec6d4b4-pod-info\") on node \"1bf1de2df7a7\" DevicePath \"\""
2025-01-27 17:10:47,266 INFO c.h.h.t.HelmChartContainer - [K3S] [reconciler_common.go:299] "Volume detached for volume \"operator-init\" (UniqueName: \"kubernetes.io/empty-dir/cd11c74a-c7db-4381-8815-e3221ec6d4b4-operator-init\") on node \"1bf1de2df7a7\" DevicePath \"\""
2025-01-27 17:10:47,266 INFO c.h.h.t.HelmChartContainer - [K3S] [reconciler_common.go:299] "Volume detached for volume \"broker-configuration\" (UniqueName: \"kubernetes.io/configmap/cd11c74a-c7db-4381-8815-e3221ec6d4b4-broker-configuration\") on node \"1bf1de2df7a7\" DevicePath \"\""
2025-01-27 17:10:47,266 INFO c.h.h.t.HelmChartContainer - [K3S] [reconciler_common.go:299] "Volume detached for volume \"kube-api-access-n6s99\" (UniqueName: \"kubernetes.io/projected/cd11c74a-c7db-4381-8815-e3221ec6d4b4-kube-api-access-n6s99\") on node \"1bf1de2df7a7\" DevicePath \"\""
2025-01-27 17:10:47,433 INFO c.h.h.t.HelmChartContainer - [POD] test-hivemq-platform-1 [c232b593-5f34-49ce-9d00-c32722685be2] in helmcustomconfigit was MODIFIED
2025-01-27 17:10:47,567 INFO c.h.h.t.HelmChartContainer - [K3S] [reconciler_common.go:162] "operationExecutor.UnmountVolume started for volume \"broker-configuration\" (UniqueName: \"kubernetes.io/configmap/c232b593-5f34-49ce-9d00-c32722685be2-broker-configuration\") pod \"c232b593-5f34-49ce-9d00-c32722685be2\" (UID: \"c232b593-5f34-49ce-9d00-c32722685be2\") "
2025-01-27 17:10:47,567 INFO c.h.h.t.HelmChartContainer - [K3S] [reconciler_common.go:162] "operationExecutor.UnmountVolume started for volume \"kube-api-access-xftbz\" (UniqueName: \"kubernetes.io/projected/c232b593-5f34-49ce-9d00-c32722685be2-kube-api-access-xftbz\") pod \"c232b593-5f34-49ce-9d00-c32722685be2\" (UID: \"c232b593-5f34-49ce-9d00-c32722685be2\") "
2025-01-27 17:10:47,567 INFO c.h.h.t.HelmChartContainer - [K3S] [reconciler_common.go:162] "operationExecutor.UnmountVolume started for volume \"pod-info\" (UniqueName: \"kubernetes.io/configmap/c232b593-5f34-49ce-9d00-c32722685be2-pod-info\") pod \"c232b593-5f34-49ce-9d00-c32722685be2\" (UID: \"c232b593-5f34-49ce-9d00-c32722685be2\") "
2025-01-27 17:10:47,567 INFO c.h.h.t.HelmChartContainer - [K3S] [reconciler_common.go:162] "operationExecutor.UnmountVolume started for volume \"operator-init\" (UniqueName: \"kubernetes.io/empty-dir/c232b593-5f34-49ce-9d00-c32722685be2-operator-init\") pod \"c232b593-5f34-49ce-9d00-c32722685be2\" (UID: \"c232b593-5f34-49ce-9d00-c32722685be2\") "
2025-01-27 17:10:47,668 INFO c.h.h.t.HelmChartContainer - [K3S] [reconciler_common.go:299] "Volume detached for volume \"broker-configuration\" (UniqueName: \"kubernetes.io/configmap/c232b593-5f34-49ce-9d00-c32722685be2-broker-configuration\") on node \"1bf1de2df7a7\" DevicePath \"\""
2025-01-27 17:10:47,668 INFO c.h.h.t.HelmChartContainer - [K3S] [reconciler_common.go:299] "Volume detached for volume \"kube-api-access-xftbz\" (UniqueName: \"kubernetes.io/projected/c232b593-5f34-49ce-9d00-c32722685be2-kube-api-access-xftbz\") on node \"1bf1de2df7a7\" DevicePath \"\""
2025-01-27 17:10:47,668 INFO c.h.h.t.HelmChartContainer - [K3S] [reconciler_common.go:299] "Volume detached for volume \"pod-info\" (UniqueName: \"kubernetes.io/configmap/c232b593-5f34-49ce-9d00-c32722685be2-pod-info\") on node \"1bf1de2df7a7\" DevicePath \"\""
2025-01-27 17:10:47,668 INFO c.h.h.t.HelmChartContainer - [K3S] [reconciler_common.go:299] "Volume detached for volume \"operator-init\" (UniqueName: \"kubernetes.io/empty-dir/c232b593-5f34-49ce-9d00-c32722685be2-operator-init\") on node \"1bf1de2df7a7\" DevicePath \"\""
2025-01-27 17:10:47,921 INFO c.h.h.t.HelmChartContainer - [K3S] [scope.go:117] "RemoveContainer" containerID="389ba92f7fb414c259161b3a053a8691fa3e666684da9508d6a218d0e4011e55"
2025-01-27 17:10:47,937 INFO c.h.h.t.HelmChartContainer - [POD] test-hivemq-platform-0 [cd11c74a-c7db-4381-8815-e3221ec6d4b4] in helmcustomconfigit was MODIFIED
2025-01-27 17:10:47,942 INFO c.h.h.t.HelmChartContainer - [POD] test-hivemq-platform-0 [cd11c74a-c7db-4381-8815-e3221ec6d4b4] in helmcustomconfigit was DELETED
2025-01-27 17:10:47,952 INFO c.h.h.t.HelmChartContainer - [POD] test-hivemq-platform-1 [c232b593-5f34-49ce-9d00-c32722685be2] in helmcustomconfigit was MODIFIED
2025-01-27 17:10:47,955 INFO c.h.h.t.HelmChartContainer - [POD] test-hivemq-platform-1 [c232b593-5f34-49ce-9d00-c32722685be2] in helmcustomconfigit was DELETED
2025-01-27 17:10:48,034 INFO c.h.h.t.HelmChartContainer - [K3S] [scope.go:117] "RemoveContainer" containerID="43ab9af900f35b96f8f572a0a9a7a4281793f254db986c1a1e89c916f465a813"
2025-01-27 17:10:48,038 INFO c.h.h.t.HelmChartContainer - [K3S] [scope.go:117] "RemoveContainer" containerID="c8cf07e23d8b838c85c3d5bde3d37d4a6a9cf9524111f2b908e4ddf76a61aa40"
2025-01-27 17:10:48,128 INFO c.h.h.t.HelmChartContainer - [K3S] [scope.go:117] "RemoveContainer" containerID="c3db2fe16b2cfd4b72d1930b9975ccf4c50ab445ab5e6716c2be6f1a59238727"
2025-01-27 17:10:48,132 INFO c.h.h.t.HelmChartContainer - [K3S] [scope.go:117] "RemoveContainer" containerID="c8cf07e23d8b838c85c3d5bde3d37d4a6a9cf9524111f2b908e4ddf76a61aa40"
2025-01-27 17:10:48,132 INFO c.h.h.t.HelmChartContainer - [K3S] [scope.go:117] "RemoveContainer" containerID="c3db2fe16b2cfd4b72d1930b9975ccf4c50ab445ab5e6716c2be6f1a59238727"
2025-01-27 17:10:48,305 INFO c.h.h.t.HelmChartContainer - [K3S] [kubelet_volumes.go:163] "Cleaned up orphaned pod volumes dir" podUID="c232b593-5f34-49ce-9d00-c32722685be2" path="/var/lib/kubelet/pods/c232b593-5f34-49ce-9d00-c32722685be2/volumes"
2025-01-27 17:10:48,306 INFO c.h.h.t.HelmChartContainer - [K3S] [kubelet_volumes.go:163] "Cleaned up orphaned pod volumes dir" podUID="cd11c74a-c7db-4381-8815-e3221ec6d4b4" path="/var/lib/kubelet/pods/cd11c74a-c7db-4381-8815-e3221ec6d4b4/volumes"
2025-01-27 17:10:51,723 INFO c.h.h.t.HelmChartContainer - Namespace 'helmcustomconfigit' deleted
2025-01-27 17:10:51,723 INFO c.h.h.t.HelmChartContainer - Release 'test-hivemq-platform' in namespace 'helmcustomconfigit' is uninstalled
2025-01-27 17:10:51,723 INFO c.h.h.t.HelmChartContainer - Uninstalling release 'test-hivemq-platform-operator' in namespace 'helmcustomconfigit-operator'...
2025-01-27 17:10:51,723 DEBUG c.h.h.t.HelmChartContainer - Executing helm command: /bin/helm --kubeconfig /etc/rancher/k3s/k3s.yaml uninstall test-hivemq-platform-operator  --wait --timeout 5m0s --cascade foreground --namespace helmcustomconfigit-operator
2025-01-27 17:10:51,895 INFO c.h.h.t.HelmChartContainer - [K3S] [replica_set.go:679] "Finished syncing" kind="ReplicaSet" key="helmcustomconfigit-operator/hivemq-test-hivemq-platform-operator-67f7c95fb6" duration="8.231506ms"
2025-01-27 17:10:51,895 INFO c.h.h.t.HelmChartContainer - [K3S] [replica_set.go:679] "Finished syncing" kind="ReplicaSet" key="helmcustomconfigit-operator/hivemq-test-hivemq-platform-operator-67f7c95fb6" duration="41.227µs"
2025-01-27 17:10:51,914 INFO c.h.h.t.HelmChartContainer - [POD] hivemq-test-hivemq-platform-operator-67f7c95fb6-6nfjz [225f2588-d350-4265-bd51-d407a7d1b860] in helmcustomconfigit-operator was MODIFIED
2025-01-27 17:10:51,926 INFO c.h.h.t.HelmChartContainer - [hivemq-test-hivemq-platform] [hivemq-platform-operator] [225f2588] 17:10:51.923 [application-shutdown-thread] INFO  c.h.p.o.HiveMQPlatformOperatorApplication - HiveMQ Platform Operator is stopping...
2025-01-27 17:10:51,926 INFO c.h.h.t.HelmChartContainer - [hivemq-test-hivemq-platform] [hivemq-platform-operator] [225f2588] 17:10:51.923 [application-shutdown-thread] INFO  i.javaoperatorsdk.operator.Operator - Operator SDK 4.9.7 is shutting down...
2025-01-27 17:10:51,929 INFO c.h.h.t.HelmChartContainer - [EVENT] Normal [Killing] Stopping container hivemq-platform-operator [helmcustomconfigit-operator:hivemq-test-hivemq-platform-operator-67f7c95fb6-6nfjz]
2025-01-27 17:10:51,929 INFO c.h.h.t.HelmChartContainer - Received Killing event for container hivemq-platform-operator in pod hivemq-test-hivemq-platform-operator-67f7c95fb6-6nfjz [225f2588-d350-4265-bd51-d407a7d1b860]
2025-01-27 17:10:51,929 INFO c.h.h.t.HelmChartContainer - Container [hivemq-test-hivemq-platform-operator-67f7c95fb6-6nfjz] [hivemq-platform-operator] [225f2588-d350-4265-bd51-d407a7d1b860] was terminated
2025-01-27 17:10:51,929 INFO c.h.h.t.HelmChartContainer - Stopped log watcher for hivemq-platform-operator in pod hivemq-test-hivemq-platform-operator-67f7c95fb6-6nfjz [225f2588-d350-4265-bd51-d407a7d1b860]
2025-01-27 17:10:51,943 INFO c.h.h.t.HelmChartContainer - [K3S] [replica_set.go:679] "Finished syncing" kind="ReplicaSet" key="helmcustomconfigit-operator/hivemq-test-hivemq-platform-operator-67f7c95fb6" duration="29.2479ms"
2025-01-27 17:10:51,943 INFO c.h.h.t.HelmChartContainer - [K3S] [replica_set.go:679] "Finished syncing" kind="ReplicaSet" key="helmcustomconfigit-operator/hivemq-test-hivemq-platform-operator-67f7c95fb6" duration="47.839µs"
2025-01-27 17:10:52,480 INFO c.h.h.t.HelmChartContainer - [K3S] [replica_set.go:679] "Finished syncing" kind="ReplicaSet" key="helmcustomconfigit-operator/hivemq-test-hivemq-platform-operator-67f7c95fb6" duration="45.525µs"
2025-01-27 17:10:52,480 INFO c.h.h.t.HelmChartContainer - [POD] hivemq-test-hivemq-platform-operator-67f7c95fb6-6nfjz [225f2588-d350-4265-bd51-d407a7d1b860] in helmcustomconfigit-operator was MODIFIED
2025-01-27 17:10:52,594 INFO c.h.h.t.HelmChartContainer - [K3S] [reconciler_common.go:162] "operationExecutor.UnmountVolume started for volume \"kube-api-access-nqhsg\" (UniqueName: \"kubernetes.io/projected/225f2588-d350-4265-bd51-d407a7d1b860-kube-api-access-nqhsg\") pod \"225f2588-d350-4265-bd51-d407a7d1b860\" (UID: \"225f2588-d350-4265-bd51-d407a7d1b860\") "
2025-01-27 17:10:52,695 INFO c.h.h.t.HelmChartContainer - [K3S] [reconciler_common.go:299] "Volume detached for volume \"kube-api-access-nqhsg\" (UniqueName: \"kubernetes.io/projected/225f2588-d350-4265-bd51-d407a7d1b860-kube-api-access-nqhsg\") on node \"1bf1de2df7a7\" DevicePath \"\""
2025-01-27 17:10:52,934 INFO c.h.h.t.HelmChartContainer - [K3S] [scope.go:117] "RemoveContainer" containerID="a3f13f539ae3613d79a2cf980107a23cc7e87348905b728127b15f2efb9903e8"
2025-01-27 17:10:52,938 INFO c.h.h.t.HelmChartContainer - [K3S] [scope.go:117] "RemoveContainer" containerID="a3f13f539ae3613d79a2cf980107a23cc7e87348905b728127b15f2efb9903e8"
2025-01-27 17:10:52,946 INFO c.h.h.t.HelmChartContainer - [K3S] [replica_set.go:679] "Finished syncing" kind="ReplicaSet" key="helmcustomconfigit-operator/hivemq-test-hivemq-platform-operator-67f7c95fb6" duration="42.048µs"
2025-01-27 17:10:52,947 INFO c.h.h.t.HelmChartContainer - [POD] hivemq-test-hivemq-platform-operator-67f7c95fb6-6nfjz [225f2588-d350-4265-bd51-d407a7d1b860] in helmcustomconfigit-operator was MODIFIED
2025-01-27 17:10:52,948 INFO c.h.h.t.HelmChartContainer - [POD] hivemq-test-hivemq-platform-operator-67f7c95fb6-6nfjz [225f2588-d350-4265-bd51-d407a7d1b860] in helmcustomconfigit-operator was DELETED
2025-01-27 17:10:52,949 INFO c.h.h.t.HelmChartContainer - [K3S] [replica_set.go:679] "Finished syncing" kind="ReplicaSet" key="helmcustomconfigit-operator/hivemq-test-hivemq-platform-operator-67f7c95fb6" duration="27.552µs"
2025-01-27 17:10:52,959 INFO c.h.h.t.HelmChartContainer - [K3S] [replica_set.go:679] "Finished syncing" kind="ReplicaSet" key="helmcustomconfigit-operator/hivemq-test-hivemq-platform-operator-67f7c95fb6" duration="6.712µs"
2025-01-27 17:10:53,951 INFO c.h.h.t.HelmChartContainer - Deleting namespace 'helmcustomconfigit-operator'...
2025-01-27 17:10:54,305 INFO c.h.h.t.HelmChartContainer - [K3S] [kubelet_volumes.go:163] "Cleaned up orphaned pod volumes dir" podUID="225f2588-d350-4265-bd51-d407a7d1b860" path="/var/lib/kubelet/pods/225f2588-d350-4265-bd51-d407a7d1b860/volumes"
2025-01-27 17:10:56,694 INFO c.h.h.t.HelmChartContainer - [K3S] [namespace_controller.go:187] "Namespace has been deleted" namespace="helmcustomconfigit"
2025-01-27 17:10:59,167 INFO c.h.h.t.HelmChartContainer - Namespace 'helmcustomconfigit-operator' deleted
2025-01-27 17:10:59,168 INFO c.h.h.t.HelmChartContainer - Release 'test-hivemq-platform-operator' in namespace 'helmcustomconfigit-operator' is uninstalled
2025-01-27 17:10:59,971 INFO c.h.helmcharts.AbstractHelmChartIT - Removed unused containers:

2025-01-27 17:11:04,099 INFO c.h.h.t.HelmChartContainer - [K3S] [namespace_controller.go:187] "Namespace has been deleted" namespace="helmcustomconfigit-operator"
2025-01-27 17:11:07,982 INFO c.h.helmcharts.AbstractHelmChartIT - Removed unused snapshots:
Removing snapshot sha256:026a712f86a389a5fd74927b58e3b9c46d97b4685244a93cf8afd5dd2d926256
Removing snapshot sha256:03af251906410714c5aef9fa705b63f6bbc39c4a5e787de7361eeb18886c2ed2
Removing snapshot sha256:04586d725303b4dcbc0cdc42a56e7852bc8859e90a3b42def5c29ab6c5b2378a
Removing snapshot sha256:0c46b3b43cce082ce5ec34ffc6c294e0417d17b9d1e6f366d114b6aadc4f96dc
Removing snapshot sha256:0ce761beee59082d6ed5bcebd3a805b8ddd9b3426b617e4809e7fb7c6587ffec
Removing snapshot sha256:1021ef88c7974bfff89c5a0ec4fd3160daac6c48a075f74cff721f85dd104e68
Removing snapshot sha256:10aba4953ddc18145dd38e3704709bc464aa20af60b56fe52caaff4b68411e62
Removing snapshot sha256:12fcdb97878a8124028dd759e7639b77bca16c0f46aabea18189ae25af2554ab
Removing snapshot sha256:1e9dcbfa358ec0e4f38a716c57259dde7f03a0b5b2c130f787ddce42a206b234
Removing snapshot sha256:21afe678a03d24fe828669dcd0b1fd587b7dbf9eb227147d54c389ed4e1a5235
Removing snapshot sha256:2573e0d8158209ed54ab25c87bcdcb00bd3d2539246960a3d592a1c599d70465
Removing snapshot sha256:362a8a37f8bbc31925a8146adcf7cf51f9882f5c1dcbef67c5baa03a297543c0
Removing snapshot sha256:43a7c979bbaba6838bc3102d6b10a1459f3ab050b87ccdfef84ef90cf43d3058
Removing snapshot sha256:4ab04491cdf0d3267f08206fe30bd48f49f94b9cab2f016d6739220f722a64af
Removing snapshot sha256:4b6068250e89c96f263060261819c7d912855bfbd64b3eb4c4a8483299b8c295
Removing snapshot sha256:54760460dde328a0df5fb97426e3821ea3128f2a777231b6e8478cdaf84d50a9
Removing snapshot sha256:580e69a0a8034ede1921139bbd2bfb72a69ebf276d008281896c32dd8bf74775
Removing snapshot sha256:5ad32423e4b556ca23e4a282f00b6c28ba2ec8ad2b7822350a080868a3597d3e
Removing snapshot sha256:5d30ba46b27fe37484567ccc5242cadc78217b8da605f3f195ef25cbf7487904
Removing snapshot sha256:63ca1fbb43ae5034640e5e6cb3e083e05c290072c5366fcaa9d62435a4cced85
Removing snapshot sha256:67f702c6baae873bceb19487c8b1f27bd2b86077e4f2f0e480e6d60ab508b8f5
Removing snapshot sha256:6864348dd42806d552efdec384f1274be15e2d0c10ce44c1f04347af004c10a9
Removing snapshot sha256:6b6a1f10cca10ea08499c191fc025406a23858de44f58930b06dc6608ff034e5
Removing snapshot sha256:6c7dee8f2c39b84b7dc2711c01d33de93514d9055499173e9290176fbe484b6c
Removing snapshot sha256:82753493a6d61ded36556292f02f31841a14c20d2f279f19eaad65afb661d5cd
Removing snapshot sha256:8a10d3db42c505ee0fcfa98417bdd7e39b304f6bcc0a06bb1b220797ff2cc63c
Removing snapshot sha256:a21e5b12dbac529ad45d976eb9ce45c881f3bedcc500fb30aba1e52aa1813418
Removing snapshot sha256:b921e6c28969094157f9b8e7244677780319637afd14450b7cb6b2fdea558a0c
Removing snapshot sha256:bc27ecb5769a00e309cf99ebc763c4a4b958b618d1decc96ffac5bc05f02f5b7
Removing snapshot sha256:be3ccb6627a5332e309d45ef461d09b4879dd870c7394d89323d0ebc6ca6aa8a
Removing snapshot sha256:c261f7cbbc64211ee175ee47273acdb7b1a36a4450b397a064a8f2c026490095
Removing snapshot sha256:c34d9393647eea0c9e3557ab988efaf59f61d10a2a5613b439ef0958cca5ec10
Removing snapshot sha256:ccf3c4a0fa967a41c1c83497a2ce6fa5787965859df0adb32c4ca2cf7490bc2b
Removing snapshot sha256:cf92d33f869417309692088c341cd0f223c178ea78a125f757317b22aa8f90e9
Removing snapshot sha256:d0037344cf2fb078884f1849f6a1f8cf9a33a3b6139b6a85833e5ee528e1f9a8
Removing snapshot sha256:d3b36d5b79273b1e98e7700470eaeff05a882e777124d84cebcc1505b85ecb36
Removing snapshot sha256:d65a44a37914602d12c611e5e22a50f11451d847e63015cc1c2aef92dee777a4
Removing snapshot sha256:e2dc0bae2455930f23ae570e019b7f32edc75c0f2d71cab084db837ff9051796
Removing snapshot sha256:eccbd24a99c60cd9e86ee5305dbfc4a4dc89f5ab4fb1f06c8d64797cecedef34
Removing snapshot sha256:f144bb4c7c7f0d2aa7eeffd36d934ec40db1ee167be727e326aad9fdc616f475

2025-01-27 17:11:07,982 WARN c.h.helmcharts.AbstractHelmChartIT - Error during removal of snapshots:
ctr: failed to remove "sha256:026a712f86a389a5fd74927b58e3b9c46d97b4685244a93cf8afd5dd2d926256": cannot remove snapshot with child: failed precondition
ctr: failed to remove "sha256:03af251906410714c5aef9fa705b63f6bbc39c4a5e787de7361eeb18886c2ed2": cannot remove snapshot with child: failed precondition
ctr: failed to remove "sha256:04586d725303b4dcbc0cdc42a56e7852bc8859e90a3b42def5c29ab6c5b2378a": cannot remove snapshot with child: failed precondition
ctr: failed to remove "sha256:0c46b3b43cce082ce5ec34ffc6c294e0417d17b9d1e6f366d114b6aadc4f96dc": cannot remove snapshot with child: failed precondition
ctr: failed to remove "sha256:0ce761beee59082d6ed5bcebd3a805b8ddd9b3426b617e4809e7fb7c6587ffec": cannot remove snapshot with child: failed precondition
ctr: failed to remove "sha256:1021ef88c7974bfff89c5a0ec4fd3160daac6c48a075f74cff721f85dd104e68": cannot remove snapshot with child: failed precondition
ctr: failed to remove "sha256:10aba4953ddc18145dd38e3704709bc464aa20af60b56fe52caaff4b68411e62": cannot remove snapshot with child: failed precondition
ctr: failed to remove "sha256:12fcdb97878a8124028dd759e7639b77bca16c0f46aabea18189ae25af2554ab": cannot remove snapshot with child: failed precondition
ctr: failed to remove "sha256:2573e0d8158209ed54ab25c87bcdcb00bd3d2539246960a3d592a1c599d70465": cannot remove snapshot with child: failed precondition
ctr: failed to remove "sha256:362a8a37f8bbc31925a8146adcf7cf51f9882f5c1dcbef67c5baa03a297543c0": cannot remove snapshot with child: failed precondition
ctr: failed to remove "sha256:43a7c979bbaba6838bc3102d6b10a1459f3ab050b87ccdfef84ef90cf43d3058": cannot remove snapshot with child: failed precondition
ctr: failed to remove "sha256:4ab04491cdf0d3267f08206fe30bd48f49f94b9cab2f016d6739220f722a64af": cannot remove snapshot with child: failed precondition
ctr: failed to remove "sha256:4b6068250e89c96f263060261819c7d912855bfbd64b3eb4c4a8483299b8c295": cannot remove snapshot with child: failed precondition
ctr: failed to remove "sha256:54760460dde328a0df5fb97426e3821ea3128f2a777231b6e8478cdaf84d50a9": cannot remove snapshot with child: failed precondition
ctr: failed to remove "sha256:580e69a0a8034ede1921139bbd2bfb72a69ebf276d008281896c32dd8bf74775": cannot remove snapshot with child: failed precondition
ctr: failed to remove "sha256:5ad32423e4b556ca23e4a282f00b6c28ba2ec8ad2b7822350a080868a3597d3e": cannot remove snapshot with child: failed precondition
ctr: failed to remove "sha256:5d30ba46b27fe37484567ccc5242cadc78217b8da605f3f195ef25cbf7487904": cannot remove snapshot with child: failed precondition
ctr: failed to remove "sha256:63ca1fbb43ae5034640e5e6cb3e083e05c290072c5366fcaa9d62435a4cced85": cannot remove snapshot with child: failed precondition
ctr: failed to remove "sha256:67f702c6baae873bceb19487c8b1f27bd2b86077e4f2f0e480e6d60ab508b8f5": cannot remove snapshot with child: failed precondition
ctr: failed to remove "sha256:6864348dd42806d552efdec384f1274be15e2d0c10ce44c1f04347af004c10a9": cannot remove snapshot with child: failed precondition
ctr: failed to remove "sha256:6c7dee8f2c39b84b7dc2711c01d33de93514d9055499173e9290176fbe484b6c": cannot remove snapshot with child: failed precondition
ctr: failed to remove "sha256:82753493a6d61ded36556292f02f31841a14c20d2f279f19eaad65afb661d5cd": cannot remove snapshot with child: failed precondition
ctr: failed to remove "sha256:8a10d3db42c505ee0fcfa98417bdd7e39b304f6bcc0a06bb1b220797ff2cc63c": cannot remove snapshot with child: failed precondition
ctr: failed to remove "sha256:a21e5b12dbac529ad45d976eb9ce45c881f3bedcc500fb30aba1e52aa1813418": cannot remove snapshot with child: failed precondition
ctr: failed to remove "sha256:b921e6c28969094157f9b8e7244677780319637afd14450b7cb6b2fdea558a0c": cannot remove snapshot with child: failed precondition
ctr: failed to remove "sha256:bc27ecb5769a00e309cf99ebc763c4a4b958b618d1decc96ffac5bc05f02f5b7": cannot remove snapshot with child: failed precondition
ctr: failed to remove "sha256:be3ccb6627a5332e309d45ef461d09b4879dd870c7394d89323d0ebc6ca6aa8a": cannot remove snapshot with child: failed precondition
ctr: failed to remove "sha256:c261f7cbbc64211ee175ee47273acdb7b1a36a4450b397a064a8f2c026490095": cannot remove snapshot with child: failed precondition
ctr: failed to remove "sha256:c34d9393647eea0c9e3557ab988efaf59f61d10a2a5613b439ef0958cca5ec10": cannot remove snapshot with child: failed precondition
ctr: failed to remove "sha256:ccf3c4a0fa967a41c1c83497a2ce6fa5787965859df0adb32c4ca2cf7490bc2b": cannot remove snapshot with child: failed precondition
ctr: failed to remove "sha256:cf92d33f869417309692088c341cd0f223c178ea78a125f757317b22aa8f90e9": cannot remove snapshot with child: failed precondition
ctr: failed to remove "sha256:d0037344cf2fb078884f1849f6a1f8cf9a33a3b6139b6a85833e5ee528e1f9a8": cannot remove snapshot with child: failed precondition
ctr: failed to remove "sha256:d3b36d5b79273b1e98e7700470eaeff05a882e777124d84cebcc1505b85ecb36": cannot remove snapshot with child: failed precondition
ctr: failed to remove "sha256:d65a44a37914602d12c611e5e22a50f11451d847e63015cc1c2aef92dee777a4": cannot remove snapshot with child: failed precondition
ctr: failed to remove "sha256:e2dc0bae2455930f23ae570e019b7f32edc75c0f2d71cab084db837ff9051796": cannot remove snapshot with child: failed precondition
ctr: failed to remove "sha256:eccbd24a99c60cd9e86ee5305dbfc4a4dc89f5ab4fb1f06c8d64797cecedef34": cannot remove snapshot with child: failed precondition
ctr: failed to remove "sha256:f144bb4c7c7f0d2aa7eeffd36d934ec40db1ee167be727e326aad9fdc616f475": cannot remove snapshot with child: failed precondition

]]></system-out>
  </testcase>
  <testcase name="withCustomXml_hivemqRunning()" classname="com.hivemq.helmcharts.platform.HelmCustomConfigIT" time="148.789">
    <system-out><![CDATA[2025-01-27 17:11:07,984 INFO c.h.h.t.HelmChartContainer - Creating namespace 'helmcustomconfigit-operator'...
2025-01-27 17:11:07,990 INFO c.h.h.t.HelmChartContainer - Namespace 'helmcustomconfigit-operator' created
2025-01-27 17:11:07,991 INFO c.h.h.t.HelmChartContainer - Creating namespace 'helmcustomconfigit'...
2025-01-27 17:11:07,995 INFO c.h.h.t.HelmChartContainer - Namespace 'helmcustomconfigit' created
2025-01-27 17:11:08,060 DEBUG c.h.h.t.HelmChartContainer - Executing helm command: /bin/helm --kubeconfig /etc/rancher/k3s/k3s.yaml install test-hivemq-platform-operator /charts/hivemq-platform-operator --wait --timeout 5m0s --set image.repository=docker.io/hivemq --set image.name=hivemq-platform-operator-test --set image.initImageName=hivemq-platform-operator-init-test --set image.tag=snapshot --set image.pullPolicy=Never --set logLevel=DEBUG --set resources.cpu=512m --namespace helmcustomconfigit-operator
2025-01-27 17:11:08,379 INFO c.h.h.t.HelmChartContainer - [K3S] [alloc.go:330] "allocated clusterIPs" service="helmcustomconfigit-operator/hivemq-platform-operator-test-hivemq-platform-operator" clusterIPs={"IPv4":"10.43.2.168"}
2025-01-27 17:11:08,400 INFO c.h.h.t.HelmChartContainer - [EVENT] Normal [ScalingReplicaSet] Scaled up replica set hivemq-test-hivemq-platform-operator-6966f96d65 from 0 to 1 [helmcustomconfigit-operator:hivemq-test-hivemq-platform-operator]
2025-01-27 17:11:08,403 INFO c.h.h.t.HelmChartContainer - [POD] hivemq-test-hivemq-platform-operator-6966f96d65-b88dd [4d8a7c36-b0b4-48ff-9511-cfabd20daacc] in helmcustomconfigit-operator was ADDED
2025-01-27 17:11:08,414 INFO c.h.h.t.HelmChartContainer - [POD] hivemq-test-hivemq-platform-operator-6966f96d65-b88dd [4d8a7c36-b0b4-48ff-9511-cfabd20daacc] in helmcustomconfigit-operator was MODIFIED
2025-01-27 17:11:08,415 INFO c.h.h.t.HelmChartContainer - [K3S] [memory_manager.go:355] "RemoveStaleState removing state" podUID="225f2588-d350-4265-bd51-d407a7d1b860" containerName="hivemq-platform-operator"
2025-01-27 17:11:08,415 INFO c.h.h.t.HelmChartContainer - [K3S] [memory_manager.go:355] "RemoveStaleState removing state" podUID="cd11c74a-c7db-4381-8815-e3221ec6d4b4" containerName="hivemq"
2025-01-27 17:11:08,415 INFO c.h.h.t.HelmChartContainer - [K3S] [memory_manager.go:355] "RemoveStaleState removing state" podUID="c232b593-5f34-49ce-9d00-c32722685be2" containerName="hivemq"
2025-01-27 17:11:08,418 INFO c.h.h.t.HelmChartContainer - [EVENT] Normal [SuccessfulCreate] Created pod: hivemq-test-hivemq-platform-operator-6966f96d65-b88dd [helmcustomconfigit-operator:hivemq-test-hivemq-platform-operator-6966f96d65]
2025-01-27 17:11:08,421 INFO c.h.h.t.HelmChartContainer - [K3S] [replica_set.go:679] "Finished syncing" kind="ReplicaSet" key="helmcustomconfigit-operator/hivemq-test-hivemq-platform-operator-6966f96d65" duration="27.494472ms"
2025-01-27 17:11:08,423 INFO c.h.h.t.HelmChartContainer - [EVENT] Normal [Scheduled] Successfully assigned helmcustomconfigit-operator/hivemq-test-hivemq-platform-operator-6966f96d65-b88dd to 1bf1de2df7a7 [helmcustomconfigit-operator:hivemq-test-hivemq-platform-operator-6966f96d65-b88dd]
2025-01-27 17:11:08,430 INFO c.h.h.t.HelmChartContainer - [POD] hivemq-test-hivemq-platform-operator-6966f96d65-b88dd [4d8a7c36-b0b4-48ff-9511-cfabd20daacc] in helmcustomconfigit-operator was MODIFIED
2025-01-27 17:11:08,438 INFO c.h.h.t.HelmChartContainer - [K3S] [replica_set.go:679] "Finished syncing" kind="ReplicaSet" key="helmcustomconfigit-operator/hivemq-test-hivemq-platform-operator-6966f96d65" duration="16.988906ms"
2025-01-27 17:11:08,438 INFO c.h.h.t.HelmChartContainer - [K3S] [replica_set.go:679] "Finished syncing" kind="ReplicaSet" key="helmcustomconfigit-operator/hivemq-test-hivemq-platform-operator-6966f96d65" duration="52.287µs"
2025-01-27 17:11:08,591 INFO c.h.h.t.HelmChartContainer - [K3S] [reconciler_common.go:251] "operationExecutor.VerifyControllerAttachedVolume started for volume \"kube-api-access-wq7jh\" (UniqueName: \"kubernetes.io/projected/4d8a7c36-b0b4-48ff-9511-cfabd20daacc-kube-api-access-wq7jh\") pod \"hivemq-test-hivemq-platform-operator-6966f96d65-b88dd\" (UID: \"4d8a7c36-b0b4-48ff-9511-cfabd20daacc\") " pod="helmcustomconfigit-operator/hivemq-test-hivemq-platform-operator-6966f96d65-b88dd"
2025-01-27 17:11:08,821 INFO c.h.h.t.HelmChartContainer - [EVENT] Normal [Pulled] Container image "docker.io/hivemq/hivemq-platform-operator-test:snapshot" already present on machine [helmcustomconfigit-operator:hivemq-test-hivemq-platform-operator-6966f96d65-b88dd]
2025-01-27 17:11:08,821 INFO c.h.h.t.HelmChartContainer - Received Pulled event for container hivemq-platform-operator in pod hivemq-test-hivemq-platform-operator-6966f96d65-b88dd [4d8a7c36-b0b4-48ff-9511-cfabd20daacc]
2025-01-27 17:11:10,082 INFO c.h.h.t.HelmChartContainer - [EVENT] Normal [Created] Created container: hivemq-platform-operator [helmcustomconfigit-operator:hivemq-test-hivemq-platform-operator-6966f96d65-b88dd]
2025-01-27 17:11:10,083 INFO c.h.h.t.HelmChartContainer - Received Created event for container hivemq-platform-operator in pod hivemq-test-hivemq-platform-operator-6966f96d65-b88dd [4d8a7c36-b0b4-48ff-9511-cfabd20daacc]
2025-01-27 17:11:10,977 INFO c.h.h.t.HelmChartContainer - [K3S] [replica_set.go:679] "Finished syncing" kind="ReplicaSet" key="helmcustomconfigit-operator/hivemq-test-hivemq-platform-operator-6966f96d65" duration="43.881µs"
2025-01-27 17:11:10,978 INFO c.h.h.t.HelmChartContainer - [POD] hivemq-test-hivemq-platform-operator-6966f96d65-b88dd [4d8a7c36-b0b4-48ff-9511-cfabd20daacc] in helmcustomconfigit-operator was MODIFIED
2025-01-27 17:11:10,988 INFO c.h.h.t.HelmChartContainer - Started log watcher for hivemq-platform-operator in pod hivemq-test-hivemq-platform-operator-6966f96d65-b88dd [4d8a7c36-b0b4-48ff-9511-cfabd20daacc]
2025-01-27 17:11:10,988 INFO c.h.h.t.HelmChartContainer - [EVENT] Normal [Started] Started container hivemq-platform-operator [helmcustomconfigit-operator:hivemq-test-hivemq-platform-operator-6966f96d65-b88dd]
2025-01-27 17:11:10,988 INFO c.h.h.t.HelmChartContainer - Received Started event for container hivemq-platform-operator in pod hivemq-test-hivemq-platform-operator-6966f96d65-b88dd [4d8a7c36-b0b4-48ff-9511-cfabd20daacc]
2025-01-27 17:11:10,988 INFO c.h.h.t.HelmChartContainer - [hivemq-test-hivemq-platform] [hivemq-platform-operator] [4d8a7c36] -------------------------------------------------------------------------
2025-01-27 17:11:10,988 INFO c.h.h.t.HelmChartContainer - [hivemq-test-hivemq-platform] [hivemq-platform-operator] [4d8a7c36] 
2025-01-27 17:11:10,988 INFO c.h.h.t.HelmChartContainer - [hivemq-test-hivemq-platform] [hivemq-platform-operator] [4d8a7c36]                   _    _  _              __  __   ____
2025-01-27 17:11:10,988 INFO c.h.h.t.HelmChartContainer - [hivemq-test-hivemq-platform] [hivemq-platform-operator] [4d8a7c36]                  | |  | |(_)            |  \/  | / __ \
2025-01-27 17:11:10,988 INFO c.h.h.t.HelmChartContainer - [hivemq-test-hivemq-platform] [hivemq-platform-operator] [4d8a7c36]                  | |__| | _ __   __ ___ | \  / || |  | |
2025-01-27 17:11:10,988 INFO c.h.h.t.HelmChartContainer - [hivemq-test-hivemq-platform] [hivemq-platform-operator] [4d8a7c36]                  |  __  || |\ \ / // _ \| |\/| || |  | |
2025-01-27 17:11:10,988 INFO c.h.h.t.HelmChartContainer - [hivemq-test-hivemq-platform] [hivemq-platform-operator] [4d8a7c36]                  | |  | || | \ V /|  __/| |  | || |__| |
2025-01-27 17:11:10,988 INFO c.h.h.t.HelmChartContainer - [hivemq-test-hivemq-platform] [hivemq-platform-operator] [4d8a7c36]                  |_|  |_||_|  \_/  \___||_|  |_| \___\_\
2025-01-27 17:11:10,988 INFO c.h.h.t.HelmChartContainer - [hivemq-test-hivemq-platform] [hivemq-platform-operator] [4d8a7c36] 
2025-01-27 17:11:10,988 INFO c.h.h.t.HelmChartContainer - [hivemq-test-hivemq-platform] [hivemq-platform-operator] [4d8a7c36] -------------------------------------------------------------------------
2025-01-27 17:11:10,988 INFO c.h.h.t.HelmChartContainer - [hivemq-test-hivemq-platform] [hivemq-platform-operator] [4d8a7c36] 
2025-01-27 17:11:10,988 INFO c.h.h.t.HelmChartContainer - [hivemq-test-hivemq-platform] [hivemq-platform-operator] [4d8a7c36]   HiveMQ Platform Operator Start Script v1.0
2025-01-27 17:11:10,988 INFO c.h.h.t.HelmChartContainer - [hivemq-test-hivemq-platform] [hivemq-platform-operator] [4d8a7c36] 
2025-01-27 17:11:10,989 INFO c.h.h.t.HelmChartContainer - [hivemq-test-hivemq-platform] [hivemq-platform-operator] [4d8a7c36] -------------------------------------------------------------------------
2025-01-27 17:11:10,990 INFO c.h.h.t.HelmChartContainer - [hivemq-test-hivemq-platform] [hivemq-platform-operator] [4d8a7c36] 
2025-01-27 17:11:10,990 INFO c.h.h.t.HelmChartContainer - [hivemq-test-hivemq-platform] [hivemq-platform-operator] [4d8a7c36]   JAVA_OPTS: -XX:+UnlockExperimentalVMOptions -XX:InitialRAMPercentage=75 -XX:MaxRAMPercentage=75 -Duser.language=en -Duser.region=US
2025-01-27 17:11:10,990 INFO c.h.h.t.HelmChartContainer - [hivemq-test-hivemq-platform] [hivemq-platform-operator] [4d8a7c36] 
2025-01-27 17:11:10,990 INFO c.h.h.t.HelmChartContainer - [hivemq-test-hivemq-platform] [hivemq-platform-operator] [4d8a7c36]   JAVA_VERSION: 21
2025-01-27 17:11:10,990 INFO c.h.h.t.HelmChartContainer - [hivemq-test-hivemq-platform] [hivemq-platform-operator] [4d8a7c36] 
2025-01-27 17:11:10,990 INFO c.h.h.t.HelmChartContainer - [hivemq-test-hivemq-platform] [hivemq-platform-operator] [4d8a7c36] -------------------------------------------------------------------------
2025-01-27 17:11:10,990 INFO c.h.h.t.HelmChartContainer - [hivemq-test-hivemq-platform] [hivemq-platform-operator] [4d8a7c36] 
2025-01-27 17:11:13,353 INFO c.h.h.t.HelmChartContainer - [hivemq-test-hivemq-platform] [hivemq-platform-operator] [4d8a7c36] 17:11:13.350 [main] DEBUG org.jboss.logging - Logging Provider: org.jboss.logging.Slf4jLoggerProvider
2025-01-27 17:11:13,458 INFO c.h.h.t.HelmChartContainer - [hivemq-test-hivemq-platform] [hivemq-platform-operator] [4d8a7c36] 17:11:13.457 [main] DEBUG io.smallrye.config - SRCFG01006: Loaded ConfigSource SysPropConfigSource with ordinal 400
2025-01-27 17:11:13,458 INFO c.h.h.t.HelmChartContainer - [hivemq-test-hivemq-platform] [hivemq-platform-operator] [4d8a7c36] 17:11:13.457 [main] DEBUG io.smallrye.config - SRCFG01006: Loaded ConfigSource EnvConfigSource with ordinal 300
2025-01-27 17:11:13,459 INFO c.h.h.t.HelmChartContainer - [hivemq-test-hivemq-platform] [hivemq-platform-operator] [4d8a7c36] 17:11:13.457 [main] DEBUG io.smallrye.config - SRCFG01006: Loaded ConfigSource PropertiesConfigSource[source=jar:file:///opt/hivemq-platform-operator/bin/hivemq-platform-operator.jar!/hivemq-platform-operator.properties] with ordinal 100
2025-01-27 17:11:13,459 INFO c.h.h.t.HelmChartContainer - [hivemq-test-hivemq-platform] [hivemq-platform-operator] [4d8a7c36] 17:11:13.457 [main] DEBUG io.smallrye.config - SRCFG01006: Loaded ConfigSource DefaultValuesConfigSource with ordinal -2147483648
2025-01-27 17:11:13,566 INFO c.h.h.t.HelmChartContainer - [hivemq-test-hivemq-platform] [hivemq-platform-operator] [4d8a7c36] 17:11:13.565 [main] DEBUG i.m.c.u.i.l.InternalLoggerFactory - Using SLF4J as the default logging framework
2025-01-27 17:11:13,749 INFO c.h.h.t.HelmChartContainer - [hivemq-test-hivemq-platform] [hivemq-platform-operator] [4d8a7c36] 17:11:13.666 [main] INFO  c.h.p.o.HiveMQPlatformOperatorApplication - HiveMQ Platform Operator 1.7.0-SNAPSHOT (commit: bebf408 on branch: HEAD) built on Sun Jan 26 20:47:47 UTC 2025
2025-01-27 17:11:13,749 INFO c.h.h.t.HelmChartContainer - [hivemq-test-hivemq-platform] [hivemq-platform-operator] [4d8a7c36] 17:11:13.747 [main] INFO  c.h.p.o.HiveMQPlatformOperatorApplication - HiveMQ Platform Operator is running in namespace: helmcustomconfigit-operator
2025-01-27 17:11:13,749 INFO c.h.h.t.HelmChartContainer - [hivemq-test-hivemq-platform] [hivemq-platform-operator] [4d8a7c36] 17:11:13.748 [main] INFO  c.h.p.o.HiveMQPlatformOperatorApplication - Watching all namespaces
2025-01-27 17:11:13,749 INFO c.h.h.t.HelmChartContainer - [hivemq-test-hivemq-platform] [hivemq-platform-operator] [4d8a7c36] 17:11:13.748 [main] INFO  c.h.p.o.HiveMQPlatformOperatorApplication - Log level: DEBUG
2025-01-27 17:11:13,750 INFO c.h.h.t.HelmChartContainer - [hivemq-test-hivemq-platform] [hivemq-platform-operator] [4d8a7c36] 17:11:13.748 [main] INFO  c.h.p.o.HiveMQPlatformOperatorApplication - Release name: test-hivemq-platform-operator
2025-01-27 17:11:13,750 INFO c.h.h.t.HelmChartContainer - [hivemq-test-hivemq-platform] [hivemq-platform-operator] [4d8a7c36] 17:11:13.748 [main] INFO  c.h.p.o.HiveMQPlatformOperatorApplication - HiveMQ Platform Operator Init image: docker.io/hivemq/hivemq-platform-operator-init-test:snapshot
2025-01-27 17:11:13,750 INFO c.h.h.t.HelmChartContainer - [hivemq-test-hivemq-platform] [hivemq-platform-operator] [4d8a7c36] 17:11:13.748 [main] INFO  c.h.p.o.HiveMQPlatformOperatorApplication - HiveMQ Platform Operator Init App update URL: http://hivemq-platform-operator-test-hivemq-platform-operator.helmcustomconfigit-operator.svc:8080/initAppUpdate/hivemq-platform-operator-init-app-1.7.0-SNAPSHOT.jar
2025-01-27 17:11:13,750 INFO c.h.h.t.HelmChartContainer - [hivemq-test-hivemq-platform] [hivemq-platform-operator] [4d8a7c36] 17:11:13.748 [main] INFO  c.h.p.o.HiveMQPlatformOperatorApplication - Additional imagePullSecret for all Platform deployments: none
2025-01-27 17:11:13,750 INFO c.h.h.t.HelmChartContainer - [hivemq-test-hivemq-platform] [hivemq-platform-operator] [4d8a7c36] 17:11:13.748 [main] INFO  c.h.p.o.HiveMQPlatformOperatorApplication - Apply HiveMQ Platform CRD: true
2025-01-27 17:11:13,750 INFO c.h.h.t.HelmChartContainer - [hivemq-test-hivemq-platform] [hivemq-platform-operator] [4d8a7c36] 17:11:13.748 [main] INFO  c.h.p.o.HiveMQPlatformOperatorApplication - Create Platform ServiceAccount: true
2025-01-27 17:11:13,750 INFO c.h.h.t.HelmChartContainer - [hivemq-test-hivemq-platform] [hivemq-platform-operator] [4d8a7c36] 17:11:13.748 [main] INFO  c.h.p.o.HiveMQPlatformOperatorApplication - Create Platform ServiceAccount permissions: true
2025-01-27 17:11:13,750 INFO c.h.h.t.HelmChartContainer - [hivemq-test-hivemq-platform] [hivemq-platform-operator] [4d8a7c36] 17:11:13.748 [main] INFO  c.h.p.o.HiveMQPlatformOperatorApplication - Validate Platform ServiceAccount: true
2025-01-27 17:11:13,750 INFO c.h.h.t.HelmChartContainer - [hivemq-test-hivemq-platform] [hivemq-platform-operator] [4d8a7c36] 17:11:13.748 [main] INFO  c.h.p.o.HiveMQPlatformOperatorApplication - Validate Platform ServiceAccount permissions: true
2025-01-27 17:11:13,847 INFO c.h.h.t.HelmChartContainer - [hivemq-test-hivemq-platform] [hivemq-platform-operator] [4d8a7c36] 17:11:13.846 [main] INFO  c.h.platform.operator.util.CRDUtil - Verifying deployed HiveMQ Platform CRD...
2025-01-27 17:11:16,262 INFO c.h.h.t.HelmChartContainer - [hivemq-test-hivemq-platform] [hivemq-platform-operator] [4d8a7c36] 17:11:16.261 [main] DEBUG c.h.platform.operator.util.CRDUtil - HiveMQ Platform CRD version v1 is up to date
2025-01-27 17:11:16,263 INFO c.h.h.t.HelmChartContainer - [hivemq-test-hivemq-platform] [hivemq-platform-operator] [4d8a7c36] 17:11:16.261 [main] INFO  c.h.platform.operator.util.CRDUtil - HiveMQ Platform CRD is up to date (version: V1_6_0)
2025-01-27 17:11:16,263 INFO c.h.h.t.HelmChartContainer - [hivemq-test-hivemq-platform] [hivemq-platform-operator] [4d8a7c36] 17:11:16.261 [main] INFO  c.h.platform.operator.util.CRDUtil - Waiting 10000 ms for HiveMQ Platform CRD 'hivemq-platforms.hivemq.com' to become ready...
2025-01-27 17:11:16,557 INFO c.h.h.t.HelmChartContainer - [hivemq-test-hivemq-platform] [hivemq-platform-operator] [4d8a7c36] 17:11:16.556 [vert.x-eventloop-thread-1] DEBUG c.h.platform.operator.util.CRDUtil - Checking CRD condition 'NamesAccepted' (status: 'True')
2025-01-27 17:11:16,559 INFO c.h.h.t.HelmChartContainer - [hivemq-test-hivemq-platform] [hivemq-platform-operator] [4d8a7c36] 17:11:16.557 [vert.x-eventloop-thread-1] DEBUG c.h.platform.operator.util.CRDUtil - Checking CRD condition 'Established' (status: 'True')
2025-01-27 17:11:16,559 INFO c.h.h.t.HelmChartContainer - [hivemq-test-hivemq-platform] [hivemq-platform-operator] [4d8a7c36] 17:11:16.557 [main] INFO  c.h.platform.operator.util.CRDUtil - HiveMQ Platform CRD 'hivemq-platforms.hivemq.com' is ready
2025-01-27 17:11:16,759 INFO c.h.h.t.HelmChartContainer - [hivemq-test-hivemq-platform] [hivemq-platform-operator] [4d8a7c36] 17:11:16.758 [main] INFO  c.h.p.o.HiveMQPlatformReconciler - HiveMQ Platform Operator is starting...
2025-01-27 17:11:16,944 INFO c.h.h.t.HelmChartContainer - [hivemq-test-hivemq-platform] [hivemq-platform-operator] [4d8a7c36] 17:11:16.943 [main] WARN  Default ConfigurationService implementation - Configuration for reconciler 'hivemq-controller' was not found. Known reconcilers: None.
2025-01-27 17:11:16,952 INFO c.h.h.t.HelmChartContainer - [hivemq-test-hivemq-platform] [hivemq-platform-operator] [4d8a7c36] 17:11:16.951 [main] INFO  Default ConfigurationService implementation - Created configuration for reconciler com.hivemq.platform.operator.HiveMQPlatformReconciler with name hivemq-controller
2025-01-27 17:11:17,054 INFO c.h.h.t.HelmChartContainer - [hivemq-test-hivemq-platform] [hivemq-platform-operator] [4d8a7c36] 17:11:17.053 [main] DEBUG c.h.p.o.HiveMQPlatformReconciler - HiveMQ Platform Operator is preparing EventSources
2025-01-27 17:11:17,066 INFO c.h.h.t.HelmChartContainer - [hivemq-test-hivemq-platform] [hivemq-platform-operator] [4d8a7c36] 17:11:17.065 [main] INFO  i.javaoperatorsdk.operator.Operator - Registered reconciler: 'hivemq-controller' for resource: 'class com.hivemq.platform.operator.v1.HiveMQPlatform' for namespace(s): [all namespaces]
2025-01-27 17:11:17,664 INFO c.h.h.t.HelmChartContainer - [hivemq-test-hivemq-platform] [hivemq-platform-operator] [4d8a7c36] 17:11:17.663 [main] INFO  c.h.p.operator.webserver.JettyServer - Starting Jetty server on port 8080
2025-01-27 17:11:17,760 INFO c.h.h.t.HelmChartContainer - [hivemq-test-hivemq-platform] [hivemq-platform-operator] [4d8a7c36] 17:11:17.758 [main] INFO  i.javaoperatorsdk.operator.Operator - Operator SDK 4.9.7 (commit: 2133d28) built on Wed Nov 20 12:56:20 UTC 2024 starting...
2025-01-27 17:11:17,760 INFO c.h.h.t.HelmChartContainer - [hivemq-test-hivemq-platform] [hivemq-platform-operator] [4d8a7c36] 17:11:17.759 [main] INFO  i.javaoperatorsdk.operator.Operator - Client version: 6.13.4
2025-01-27 17:11:17,761 INFO c.h.h.t.HelmChartContainer - [hivemq-test-hivemq-platform] [hivemq-platform-operator] [4d8a7c36] 17:11:17.760 [Controller Starter for: hivemq-controller] INFO  i.j.operator.processing.Controller - Starting 'hivemq-controller' controller for reconciler: com.hivemq.platform.operator.HiveMQPlatformReconciler, resource: com.hivemq.platform.operator.v1.HiveMQPlatform
2025-01-27 17:11:20,247 INFO c.h.h.t.HelmChartContainer - [hivemq-test-hivemq-platform] [hivemq-platform-operator] [4d8a7c36] 17:11:20.246 [Controller Starter for: hivemq-controller] INFO  i.j.operator.processing.Controller - 'hivemq-controller' controller started
2025-01-27 17:11:20,247 INFO c.h.h.t.HelmChartContainer - [hivemq-test-hivemq-platform] [hivemq-platform-operator] [4d8a7c36] 17:11:20.246 [main] INFO  c.h.p.o.HiveMQPlatformOperatorApplication - HiveMQ Platform Operator 1.7.0-SNAPSHOT started in 6580 ms
2025-01-27 17:11:22,985 INFO c.h.h.t.HelmChartContainer - [POD] hivemq-test-hivemq-platform-operator-6966f96d65-b88dd [4d8a7c36-b0b4-48ff-9511-cfabd20daacc] in helmcustomconfigit-operator was MODIFIED
2025-01-27 17:11:22,990 INFO c.h.h.t.HelmChartContainer - [K3S] [replica_set.go:679] "Finished syncing" kind="ReplicaSet" key="helmcustomconfigit-operator/hivemq-test-hivemq-platform-operator-6966f96d65" duration="9.194102ms"
2025-01-27 17:11:22,992 INFO c.h.h.t.HelmChartContainer - [K3S] [replica_set.go:679] "Finished syncing" kind="ReplicaSet" key="helmcustomconfigit-operator/hivemq-test-hivemq-platform-operator-6966f96d65" duration="45.766µs"
2025-01-27 17:11:24,455 INFO com.hivemq.helmcharts.util.K8sUtil - Pod 'hivemq-test-hivemq-platform-operator-6966f96d65-b88dd' is ready
2025-01-27 17:11:24,520 DEBUG c.h.h.t.HelmChartContainer - Executing helm command: /bin/helm --kubeconfig /etc/rancher/k3s/k3s.yaml install test-hivemq-platform /charts/hivemq-platform --wait --timeout 5m0s --set image.repository=docker.io/hivemq --set image.tag=4.35.0 --set image.pullPolicy=Never --set nodes.resources.cpu=512m --set-file config.overrideHiveMQConfig=/files/hivemq-config-override.xml --namespace helmcustomconfigit
2025-01-27 17:11:24,856 INFO c.h.h.t.HelmChartContainer - [hivemq-test-hivemq-platform] [hivemq-platform-operator] [4d8a7c36] 17:11:24.851 [-373097727-pool-1-thread-4] WARN  i.m.p.PrometheusMeterRegistry - The meter (MeterId{name='operator.sdk.events.received', tags=[tag(action=ADDED),tag(event=ResourceEvent),tag(group=hivemq.com),tag(kind=HiveMQPlatform),tag(name=test-hivemq-platform),tag(namespace=helmcustomconfigit),tag(scope=namespace),tag(version=v1)]}) registration has failed: Prometheus requires that all meters with the same name have the same set of tag keys. There is already an existing meter named 'operator.sdk.events.received' containing tag keys [event, group, kind, name, namespace, scope, version]. The meter you are attempting to register has keys [action, event, group, kind, name, namespace, scope, version]. Note that subsequent logs will be logged at debug level.
2025-01-27 17:11:25,353 INFO c.h.h.t.HelmChartContainer - [hivemq-test-hivemq-platform] [hivemq-platform-operator] [4d8a7c36] 17:11:25.352 [pool-6-thread-3] DEBUG c.h.p.o.dependants.PodInfoConfigMap - [helmcust] Desired PodInfo ConfigMap (1 extensions) (1 enabled)
2025-01-27 17:11:25,353 INFO c.h.h.t.HelmChartContainer - [hivemq-test-hivemq-platform] [hivemq-platform-operator] [4d8a7c36] 17:11:25.352 [pool-6-thread-3] DEBUG c.h.p.o.dependants.PodInfoConfigMap - [helmcust] Desired PodInfo ConfigMap (metrics port: 9399) (metrics path: /)
2025-01-27 17:11:25,354 INFO c.h.h.t.HelmChartContainer - [hivemq-test-hivemq-platform] [hivemq-platform-operator] [4d8a7c36] 17:11:25.352 [pool-6-thread-3] DEBUG c.h.p.o.dependants.PodInfoConfigMap - [helmcust] Desired PodInfo ConfigMap (extension state hash: -1817474005)
2025-01-27 17:11:25,355 INFO c.h.h.t.HelmChartContainer - [hivemq-test-hivemq-platform] [hivemq-platform-operator] [4d8a7c36] 17:11:25.354 [pool-6-thread-3] DEBUG c.h.p.o.dependants.PodInfoConfigMap - [helmcust] Create PodInfo ConfigMap
2025-01-27 17:11:25,457 INFO c.h.h.t.HelmChartContainer - [hivemq-test-hivemq-platform] [hivemq-platform-operator] [4d8a7c36] 17:11:25.456 [pool-6-thread-5] DEBUG c.h.p.o.dependants.PodRoleResource - [helmcust] Create Role: Role(apiVersion=rbac.authorization.k8s.io/v1, kind=Role, metadata=ObjectMeta(annotations={meta.helm.sh/release-name=test-hivemq-platform, meta.helm.sh/release-namespace=helmcustomconfigit}, creationTimestamp=null, deletionGracePeriodSeconds=null, deletionTimestamp=null, finalizers=[], generateName=null, generation=null, labels={helm.sh/chart=hivemq-platform-0.2.31, app.kubernetes.io/managed-by=Helm, app.kubernetes.io/name=hivemq-platform, hivemq-platform=test-hivemq-platform, app.kubernetes.io/instance=test-hivemq-platform, app.kubernetes.io/version=4.35.0}, managedFields=[], name=hivemq-platform-role-test-hivemq-platform, namespace=helmcustomconfigit, ownerReferences=[OwnerReference(apiVersion=hivemq.com/v1, blockOwnerDeletion=null, controller=null, kind=HiveMQPlatform, name=test-hivemq-platform, uid=d4963576-93a3-483d-a0c4-7984ecc79094, additionalProperties={})], resourceVersion=null, selfLink=null, uid=null, additionalProperties={}), rules=[PolicyRule(apiGroups=[], nonResourceURLs=[], resourceNames=[], resources=[pods], verbs=[get, patch, update], additionalProperties={})], additionalProperties={})
2025-01-27 17:11:25,648 INFO c.h.h.t.HelmChartContainer - [hivemq-test-hivemq-platform] [hivemq-platform-operator] [4d8a7c36] 17:11:25.646 [pool-6-thread-7] DEBUG c.h.p.o.d.PodServiceAccountResource - [helmcust] Desired PodServiceAccountResource (serviceAccountName: hivemq-platform-pod-test-hivemq-platform)
2025-01-27 17:11:25,650 INFO c.h.h.t.HelmChartContainer - [hivemq-test-hivemq-platform] [hivemq-platform-operator] [4d8a7c36] 17:11:25.649 [pool-6-thread-7] DEBUG c.h.p.o.d.PodServiceAccountResource - [helmcust] Create ServiceAccount 'hivemq-platform-pod-test-hivemq-platform'
2025-01-27 17:11:25,756 INFO c.h.h.t.HelmChartContainer - [hivemq-test-hivemq-platform] [hivemq-platform-operator] [4d8a7c36] 17:11:25.754 [pool-6-thread-10] DEBUG c.h.p.o.d.PodRoleBindingResource - [helmcust] Create RoleBinding: RoleBinding(apiVersion=rbac.authorization.k8s.io/v1, kind=RoleBinding, metadata=ObjectMeta(annotations={meta.helm.sh/release-name=test-hivemq-platform, meta.helm.sh/release-namespace=helmcustomconfigit}, creationTimestamp=null, deletionGracePeriodSeconds=null, deletionTimestamp=null, finalizers=[], generateName=null, generation=null, labels={helm.sh/chart=hivemq-platform-0.2.31, app.kubernetes.io/managed-by=Helm, app.kubernetes.io/name=hivemq-platform, hivemq-platform=test-hivemq-platform, app.kubernetes.io/instance=test-hivemq-platform, app.kubernetes.io/version=4.35.0}, managedFields=[], name=hivemq-platform-role-binding-test-hivemq-platform, namespace=helmcustomconfigit, ownerReferences=[OwnerReference(apiVersion=hivemq.com/v1, blockOwnerDeletion=null, controller=null, kind=HiveMQPlatform, name=test-hivemq-platform, uid=d4963576-93a3-483d-a0c4-7984ecc79094, additionalProperties={})], resourceVersion=null, selfLink=null, uid=null, additionalProperties={}), roleRef=RoleRef(apiGroup=rbac.authorization.k8s.io, kind=Role, name=hivemq-platform-role-test-hivemq-platform, additionalProperties={}), subjects=[Subject(apiGroup=null, kind=ServiceAccount, name=hivemq-platform-pod-test-hivemq-platform, namespace=helmcustomconfigit, additionalProperties={})], additionalProperties={})
2025-01-27 17:11:25,773 INFO c.h.h.t.HelmChartContainer - [hivemq-test-hivemq-platform] [hivemq-platform-operator] [4d8a7c36] 17:11:25.772 [ReconcilerExecutor-hivemq-controller-54] INFO  c.h.p.o.HiveMQPlatformReconciler - [helmcust] Reconciling HiveMQ Platform 'test-hivemq-platform' in namespace 'helmcustomconfigit'
2025-01-27 17:11:25,773 INFO c.h.h.t.HelmChartContainer - [hivemq-test-hivemq-platform] [hivemq-platform-operator] [4d8a7c36] 17:11:25.773 [ReconcilerExecutor-hivemq-controller-54] DEBUG c.h.p.o.HiveMQPlatformReconciler - [helmcust] Custom Resource Status CREATED - HiveMQ Platform was created (READY)
2025-01-27 17:11:25,773 INFO c.h.h.t.HelmChartContainer - [hivemq-test-hivemq-platform] [hivemq-platform-operator] [4d8a7c36] 17:11:25.773 [ReconcilerExecutor-hivemq-controller-54] DEBUG c.h.p.o.HiveMQPlatformReconciler - [helmcust] Custom Resource Spec (replicas: 2) (extensions: 1)
2025-01-27 17:11:25,849 INFO c.h.h.t.HelmChartContainer - [hivemq-test-hivemq-platform] [hivemq-platform-operator] [4d8a7c36] 17:11:25.848 [ReconcilerExecutor-hivemq-controller-54] INFO  c.h.p.o.h.HiveMQPlatformReconcilerBaseHandler - [helmcust] HiveMQ Platform is starting
2025-01-27 17:11:25,959 INFO c.h.h.t.HelmChartContainer - [hivemq-test-hivemq-platform] [hivemq-platform-operator] [4d8a7c36] 17:11:25.959 [ReconcilerExecutor-hivemq-controller-54] DEBUG c.h.p.operator.event.EventSender - [helmcust] Creating K8s event hivemq-platform-starting: [Start] HiveMQ Platform is starting
2025-01-27 17:11:25,970 INFO c.h.h.t.HelmChartContainer - [EVENT] Normal [Start] HiveMQ Platform is starting [helmcustomconfigit:test-hivemq-platform]
2025-01-27 17:11:26,046 INFO c.h.h.t.HelmChartContainer - [hivemq-test-hivemq-platform] [hivemq-platform-operator] [4d8a7c36] 17:11:26.045 [ReconcilerExecutor-hivemq-controller-54] INFO  c.h.p.o.h.AbstractHiveMQReconcilerStateHandler - [helmcust] Update HiveMQ Platform Status (CREATED [READY] -> STARTING [READY]): HiveMQ Platform is starting
2025-01-27 17:11:26,063 DEBUG com.hivemq.helmcharts.util.K8sUtil - Comparing actual state 'STARTING' and waiting for 'RUNNING'
2025-01-27 17:11:36,154 INFO c.h.h.t.HelmChartContainer - [hivemq-test-hivemq-platform] [hivemq-platform-operator] [4d8a7c36] 17:11:36.153 [pool-6-thread-12] DEBUG c.h.p.o.d.PlatformServiceResource - [helmcust] Desired Platform services (3 services)
2025-01-27 17:11:36,156 INFO c.h.h.t.HelmChartContainer - [hivemq-test-hivemq-platform] [hivemq-platform-operator] [4d8a7c36] 17:11:36.155 [pool-6-thread-13] DEBUG c.h.p.o.dependants.PodInfoConfigMap - [helmcust] Desired PodInfo ConfigMap (1 extensions) (1 enabled)
2025-01-27 17:11:36,157 INFO c.h.h.t.HelmChartContainer - [hivemq-test-hivemq-platform] [hivemq-platform-operator] [4d8a7c36] 17:11:36.155 [pool-6-thread-13] DEBUG c.h.p.o.dependants.PodInfoConfigMap - [helmcust] Desired PodInfo ConfigMap (metrics port: 9399) (metrics path: /)
2025-01-27 17:11:36,157 INFO c.h.h.t.HelmChartContainer - [hivemq-test-hivemq-platform] [hivemq-platform-operator] [4d8a7c36] 17:11:36.155 [pool-6-thread-13] DEBUG c.h.p.o.dependants.PodInfoConfigMap - [helmcust] Desired PodInfo ConfigMap (extension state hash: -1817474005)
2025-01-27 17:11:36,160 INFO c.h.h.t.HelmChartContainer - [hivemq-test-hivemq-platform] [hivemq-platform-operator] [4d8a7c36] 17:11:36.158 [pool-6-thread-17] DEBUG c.h.p.o.d.PodServiceAccountResource - [helmcust] Desired PodServiceAccountResource (serviceAccountName: hivemq-platform-pod-test-hivemq-platform)
2025-01-27 17:11:36,165 INFO c.h.h.t.HelmChartContainer - [hivemq-test-hivemq-platform] [hivemq-platform-operator] [4d8a7c36] 17:11:36.163 [pool-6-thread-13] DEBUG c.h.p.o.dependants.PodInfoConfigMap - [helmcust] Update PodInfo ConfigMap
2025-01-27 17:11:36,256 INFO c.h.h.t.HelmChartContainer - [K3S] [alloc.go:330] "allocated clusterIPs" service="helmcustomconfigit/hivemq-test-hivemq-platform-cc-8080" clusterIPs={"IPv4":"10.43.101.145"}
2025-01-27 17:11:36,276 INFO c.h.h.t.HelmChartContainer - [K3S] [alloc.go:330] "allocated clusterIPs" service="helmcustomconfigit/hivemq-test-hivemq-platform-metrics-9399" clusterIPs={"IPv4":"10.43.136.201"}
2025-01-27 17:11:36,358 INFO c.h.h.t.HelmChartContainer - [K3S] [alloc.go:330] "allocated clusterIPs" service="helmcustomconfigit/hivemq-test-hivemq-platform-mqtt-1883" clusterIPs={"IPv4":"10.43.155.70"}
2025-01-27 17:11:36,367 INFO c.h.h.t.HelmChartContainer - [hivemq-test-hivemq-platform] [hivemq-platform-operator] [4d8a7c36] 17:11:36.365 [pool-6-thread-20] DEBUG c.h.p.o.d.StatefulSetResource - [helmcust] Desired StatefulSet (2 replicas) for status STARTING (READY)
2025-01-27 17:11:36,458 INFO c.h.h.t.HelmChartContainer - [hivemq-test-hivemq-platform] [hivemq-platform-operator] [4d8a7c36] 17:11:36.457 [pool-6-thread-20] DEBUG c.h.p.o.d.StatefulSetResource - [helmcust] Create StatefulSet
2025-01-27 17:11:36,559 INFO c.h.h.t.HelmChartContainer - [hivemq-test-hivemq-platform] [hivemq-platform-operator] [4d8a7c36] 17:11:36.557 [ReconcilerExecutor-hivemq-controller-65] INFO  c.h.p.o.HiveMQPlatformReconciler - [helmcust] Reconciling HiveMQ Platform 'test-hivemq-platform' in namespace 'helmcustomconfigit'
2025-01-27 17:11:36,559 INFO c.h.h.t.HelmChartContainer - [hivemq-test-hivemq-platform] [hivemq-platform-operator] [4d8a7c36] 17:11:36.557 [ReconcilerExecutor-hivemq-controller-65] DEBUG c.h.p.o.HiveMQPlatformReconciler - [helmcust] Custom Resource Status STARTING - HiveMQ Platform is starting (READY)
2025-01-27 17:11:36,559 INFO c.h.h.t.HelmChartContainer - [hivemq-test-hivemq-platform] [hivemq-platform-operator] [4d8a7c36] 17:11:36.557 [ReconcilerExecutor-hivemq-controller-65] DEBUG c.h.p.o.HiveMQPlatformReconciler - [helmcust] Custom Resource Spec (replicas: 2) (extensions: 1)
2025-01-27 17:11:36,571 INFO c.h.h.t.HelmChartContainer - [EVENT] Normal [SuccessfulCreate] create Pod test-hivemq-platform-0 in StatefulSet test-hivemq-platform successful [helmcustomconfigit:test-hivemq-platform]
2025-01-27 17:11:36,572 INFO c.h.h.t.HelmChartContainer - [POD] test-hivemq-platform-0 [4b643c24-7458-46b7-84d7-b4f78dcd308c] in helmcustomconfigit was ADDED
2025-01-27 17:11:36,575 INFO c.h.h.t.HelmChartContainer - [hivemq-test-hivemq-platform] [hivemq-platform-operator] [4d8a7c36] 17:11:36.570 [ReconcilerExecutor-hivemq-controller-65] DEBUG c.h.p.o.HiveMQPlatformReconciler - [helmcust] StatefulSet Status (revision: null, replicas: 0, available: 0, ready: 0, current: 0, updated: 0)
2025-01-27 17:11:36,575 INFO c.h.h.t.HelmChartContainer - [hivemq-test-hivemq-platform] [hivemq-platform-operator] [4d8a7c36] 17:11:36.571 [ReconcilerExecutor-hivemq-controller-65] DEBUG c.h.p.o.HiveMQPlatformReconciler - [helmcust] StatefulSet Spec (replicas: 2, init containers: 1, containers: 1, volumes: 3)
2025-01-27 17:11:36,583 INFO c.h.h.t.HelmChartContainer - [POD] test-hivemq-platform-0 [4b643c24-7458-46b7-84d7-b4f78dcd308c] in helmcustomconfigit was MODIFIED
2025-01-27 17:11:36,586 INFO c.h.h.t.HelmChartContainer - [EVENT] Normal [Scheduled] Successfully assigned helmcustomconfigit/test-hivemq-platform-0 to 1bf1de2df7a7 [helmcustomconfigit:test-hivemq-platform-0]
2025-01-27 17:11:36,595 INFO c.h.h.t.HelmChartContainer - [POD] test-hivemq-platform-0 [4b643c24-7458-46b7-84d7-b4f78dcd308c] in helmcustomconfigit was MODIFIED
2025-01-27 17:11:36,649 INFO c.h.h.t.HelmChartContainer - [hivemq-test-hivemq-platform] [hivemq-platform-operator] [4d8a7c36] 17:11:36.647 [ReconcilerExecutor-hivemq-controller-65] INFO  c.h.p.o.h.HiveMQPlatformReconcilerBaseHandler - [helmcust] HiveMQ Platform is starting, 0 of 2 replicas are ready
2025-01-27 17:11:36,655 INFO c.h.h.t.HelmChartContainer - [K3S] [reconciler_common.go:251] "operationExecutor.VerifyControllerAttachedVolume started for volume \"broker-configuration\" (UniqueName: \"kubernetes.io/configmap/4b643c24-7458-46b7-84d7-b4f78dcd308c-broker-configuration\") pod \"test-hivemq-platform-0\" (UID: \"4b643c24-7458-46b7-84d7-b4f78dcd308c\") " pod="helmcustomconfigit/test-hivemq-platform-0"
2025-01-27 17:11:36,655 INFO c.h.h.t.HelmChartContainer - [K3S] [reconciler_common.go:251] "operationExecutor.VerifyControllerAttachedVolume started for volume \"operator-init\" (UniqueName: \"kubernetes.io/empty-dir/4b643c24-7458-46b7-84d7-b4f78dcd308c-operator-init\") pod \"test-hivemq-platform-0\" (UID: \"4b643c24-7458-46b7-84d7-b4f78dcd308c\") " pod="helmcustomconfigit/test-hivemq-platform-0"
2025-01-27 17:11:36,655 INFO c.h.h.t.HelmChartContainer - [K3S] [reconciler_common.go:251] "operationExecutor.VerifyControllerAttachedVolume started for volume \"kube-api-access-zwxhq\" (UniqueName: \"kubernetes.io/projected/4b643c24-7458-46b7-84d7-b4f78dcd308c-kube-api-access-zwxhq\") pod \"test-hivemq-platform-0\" (UID: \"4b643c24-7458-46b7-84d7-b4f78dcd308c\") " pod="helmcustomconfigit/test-hivemq-platform-0"
2025-01-27 17:11:36,655 INFO c.h.h.t.HelmChartContainer - [K3S] [reconciler_common.go:251] "operationExecutor.VerifyControllerAttachedVolume started for volume \"pod-info\" (UniqueName: \"kubernetes.io/configmap/4b643c24-7458-46b7-84d7-b4f78dcd308c-pod-info\") pod \"test-hivemq-platform-0\" (UID: \"4b643c24-7458-46b7-84d7-b4f78dcd308c\") " pod="helmcustomconfigit/test-hivemq-platform-0"
2025-01-27 17:11:36,657 INFO c.h.h.t.HelmChartContainer - [hivemq-test-hivemq-platform] [hivemq-platform-operator] [4d8a7c36] 17:11:36.656 [pool-6-thread-22] DEBUG c.h.p.o.d.PlatformServiceResource - [helmcust] Desired Platform services (3 services)
2025-01-27 17:11:36,659 INFO c.h.h.t.HelmChartContainer - [hivemq-test-hivemq-platform] [hivemq-platform-operator] [4d8a7c36] 17:11:36.658 [pool-6-thread-23] DEBUG c.h.p.o.dependants.PodInfoConfigMap - [helmcust] Desired PodInfo ConfigMap (1 extensions) (1 enabled)
2025-01-27 17:11:36,659 INFO c.h.h.t.HelmChartContainer - [hivemq-test-hivemq-platform] [hivemq-platform-operator] [4d8a7c36] 17:11:36.658 [pool-6-thread-23] DEBUG c.h.p.o.dependants.PodInfoConfigMap - [helmcust] Desired PodInfo ConfigMap (metrics port: 9399) (metrics path: /)
2025-01-27 17:11:36,748 INFO c.h.h.t.HelmChartContainer - [hivemq-test-hivemq-platform] [hivemq-platform-operator] [4d8a7c36] 17:11:36.659 [pool-6-thread-23] DEBUG c.h.p.o.dependants.PodInfoConfigMap - [helmcust] Desired PodInfo ConfigMap (extension state hash: -1817474005)
2025-01-27 17:11:36,751 INFO c.h.h.t.HelmChartContainer - [hivemq-test-hivemq-platform] [hivemq-platform-operator] [4d8a7c36] 17:11:36.749 [pool-6-thread-27] DEBUG c.h.p.o.d.PodServiceAccountResource - [helmcust] Desired PodServiceAccountResource (serviceAccountName: hivemq-platform-pod-test-hivemq-platform)
2025-01-27 17:11:36,759 INFO c.h.h.t.HelmChartContainer - [hivemq-test-hivemq-platform] [hivemq-platform-operator] [4d8a7c36] 17:11:36.756 [pool-6-thread-30] DEBUG c.h.p.o.d.StatefulSetResource - [helmcust] Desired StatefulSet (2 replicas) for status STARTING (READY)
2025-01-27 17:11:36,851 INFO c.h.h.t.HelmChartContainer - [hivemq-test-hivemq-platform] [hivemq-platform-operator] [4d8a7c36] 17:11:36.849 [ReconcilerExecutor-hivemq-controller-76] INFO  c.h.p.o.HiveMQPlatformReconciler - [helmcust] Reconciling HiveMQ Platform 'test-hivemq-platform' in namespace 'helmcustomconfigit'
2025-01-27 17:11:36,851 INFO c.h.h.t.HelmChartContainer - [hivemq-test-hivemq-platform] [hivemq-platform-operator] [4d8a7c36] 17:11:36.849 [ReconcilerExecutor-hivemq-controller-76] DEBUG c.h.p.o.HiveMQPlatformReconciler - [helmcust] Custom Resource Status STARTING - HiveMQ Platform is starting (READY)
2025-01-27 17:11:36,851 INFO c.h.h.t.HelmChartContainer - [hivemq-test-hivemq-platform] [hivemq-platform-operator] [4d8a7c36] 17:11:36.849 [ReconcilerExecutor-hivemq-controller-76] DEBUG c.h.p.o.HiveMQPlatformReconciler - [helmcust] Custom Resource Spec (replicas: 2) (extensions: 1)
2025-01-27 17:11:36,854 INFO c.h.h.t.HelmChartContainer - [hivemq-test-hivemq-platform] [hivemq-platform-operator] [4d8a7c36] 17:11:36.853 [ReconcilerExecutor-hivemq-controller-76] DEBUG c.h.p.o.HiveMQPlatformReconciler - [helmcust] StatefulSet Status (revision: test-hivemq-platform-5c56b44869, replicas: 1, available: 0, ready: 0, current: 1, updated: 1)
2025-01-27 17:11:36,855 INFO c.h.h.t.HelmChartContainer - [hivemq-test-hivemq-platform] [hivemq-platform-operator] [4d8a7c36] 17:11:36.853 [ReconcilerExecutor-hivemq-controller-76] DEBUG c.h.p.o.HiveMQPlatformReconciler - [helmcust] StatefulSet Spec (replicas: 2, init containers: 1, containers: 1, volumes: 3)
2025-01-27 17:11:36,952 INFO c.h.h.t.HelmChartContainer - [hivemq-test-hivemq-platform] [hivemq-platform-operator] [4d8a7c36] 17:11:36.947 [ReconcilerExecutor-hivemq-controller-76] DEBUG c.h.p.o.h.HiveMQPlatformReconcilerErrorHandler - [helmcust] Pod 'test-hivemq-platform-0' phase Pending
2025-01-27 17:11:36,952 INFO c.h.h.t.HelmChartContainer - [hivemq-test-hivemq-platform] [hivemq-platform-operator] [4d8a7c36] 17:11:36.947 [ReconcilerExecutor-hivemq-controller-76] DEBUG c.h.p.o.h.HiveMQPlatformReconcilerErrorHandler - [helmcust] Pod 'test-hivemq-platform-0' condition 'PodReadyToStartContainers': False
2025-01-27 17:11:36,952 INFO c.h.h.t.HelmChartContainer - [hivemq-test-hivemq-platform] [hivemq-platform-operator] [4d8a7c36] 17:11:36.948 [ReconcilerExecutor-hivemq-controller-76] DEBUG c.h.p.o.h.HiveMQPlatformReconcilerErrorHandler - [helmcust] Pod 'test-hivemq-platform-0' condition 'Initialized': False
2025-01-27 17:11:36,952 INFO c.h.h.t.HelmChartContainer - [hivemq-test-hivemq-platform] [hivemq-platform-operator] [4d8a7c36] 17:11:36.948 [ReconcilerExecutor-hivemq-controller-76] DEBUG c.h.p.o.h.HiveMQPlatformReconcilerErrorHandler - [helmcust] Pod 'test-hivemq-platform-0' condition 'Ready': False
2025-01-27 17:11:36,952 INFO c.h.h.t.HelmChartContainer - [hivemq-test-hivemq-platform] [hivemq-platform-operator] [4d8a7c36] 17:11:36.948 [ReconcilerExecutor-hivemq-controller-76] DEBUG c.h.p.o.h.HiveMQPlatformReconcilerErrorHandler - [helmcust] Pod 'test-hivemq-platform-0' condition 'ContainersReady': False
2025-01-27 17:11:36,952 INFO c.h.h.t.HelmChartContainer - [hivemq-test-hivemq-platform] [hivemq-platform-operator] [4d8a7c36] 17:11:36.948 [ReconcilerExecutor-hivemq-controller-76] DEBUG c.h.p.o.h.HiveMQPlatformReconcilerErrorHandler - [helmcust] Pod 'test-hivemq-platform-0' condition 'PodScheduled': True
2025-01-27 17:11:36,952 INFO c.h.h.t.HelmChartContainer - [hivemq-test-hivemq-platform] [hivemq-platform-operator] [4d8a7c36] 17:11:36.948 [ReconcilerExecutor-hivemq-controller-76] DEBUG c.h.p.o.h.HiveMQPlatformReconcilerErrorHandler - [helmcust] Pod 'test-hivemq-platform-0' containerStatus 'hivemq' (started: false) (ready: false) (waiting: [PodInitializing] null)
2025-01-27 17:11:36,952 INFO c.h.h.t.HelmChartContainer - [hivemq-test-hivemq-platform] [hivemq-platform-operator] [4d8a7c36] 17:11:36.950 [ReconcilerExecutor-hivemq-controller-76] INFO  c.h.p.o.h.HiveMQPlatformReconcilerBaseHandler - [helmcust] HiveMQ Platform is starting, 0 of 2 replicas are ready
2025-01-27 17:11:36,957 INFO c.h.h.t.HelmChartContainer - [hivemq-test-hivemq-platform] [hivemq-platform-operator] [4d8a7c36] 17:11:36.956 [pool-6-thread-32] DEBUG c.h.p.o.d.PlatformServiceResource - [helmcust] Desired Platform services (3 services)
2025-01-27 17:11:36,960 INFO c.h.h.t.HelmChartContainer - [hivemq-test-hivemq-platform] [hivemq-platform-operator] [4d8a7c36] 17:11:36.958 [pool-6-thread-33] DEBUG c.h.p.o.dependants.PodInfoConfigMap - [helmcust] Desired PodInfo ConfigMap (1 extensions) (1 enabled)
2025-01-27 17:11:36,960 INFO c.h.h.t.HelmChartContainer - [hivemq-test-hivemq-platform] [hivemq-platform-operator] [4d8a7c36] 17:11:36.958 [pool-6-thread-33] DEBUG c.h.p.o.dependants.PodInfoConfigMap - [helmcust] Desired PodInfo ConfigMap (metrics port: 9399) (metrics path: /)
2025-01-27 17:11:36,960 INFO c.h.h.t.HelmChartContainer - [hivemq-test-hivemq-platform] [hivemq-platform-operator] [4d8a7c36] 17:11:36.958 [pool-6-thread-33] DEBUG c.h.p.o.dependants.PodInfoConfigMap - [helmcust] Desired PodInfo ConfigMap (extension state hash: -1817474005)
2025-01-27 17:11:36,961 INFO c.h.h.t.HelmChartContainer - [hivemq-test-hivemq-platform] [hivemq-platform-operator] [4d8a7c36] 17:11:36.961 [pool-6-thread-37] DEBUG c.h.p.o.d.PodServiceAccountResource - [helmcust] Desired PodServiceAccountResource (serviceAccountName: hivemq-platform-pod-test-hivemq-platform)
2025-01-27 17:11:36,979 INFO c.h.h.t.HelmChartContainer - [EVENT] Normal [Pulled] Container image "docker.io/hivemq/hivemq-platform-operator-init-test:snapshot" already present on machine [helmcustomconfigit:test-hivemq-platform-0]
2025-01-27 17:11:37,050 INFO c.h.h.t.HelmChartContainer - [hivemq-test-hivemq-platform] [hivemq-platform-operator] [4d8a7c36] 17:11:37.048 [pool-6-thread-40] DEBUG c.h.p.o.d.StatefulSetResource - [helmcust] Desired StatefulSet (2 replicas) for status STARTING (READY)
2025-01-27 17:11:37,054 INFO c.h.h.t.HelmChartContainer - [hivemq-test-hivemq-platform] [hivemq-platform-operator] [4d8a7c36] 17:11:37.053 [ReconcilerExecutor-hivemq-controller-87] INFO  c.h.p.o.HiveMQPlatformReconciler - [helmcust] Reconciling HiveMQ Platform 'test-hivemq-platform' in namespace 'helmcustomconfigit'
2025-01-27 17:11:37,055 INFO c.h.h.t.HelmChartContainer - [hivemq-test-hivemq-platform] [hivemq-platform-operator] [4d8a7c36] 17:11:37.053 [ReconcilerExecutor-hivemq-controller-87] DEBUG c.h.p.o.HiveMQPlatformReconciler - [helmcust] Custom Resource Status STARTING - HiveMQ Platform is starting (READY)
2025-01-27 17:11:37,055 INFO c.h.h.t.HelmChartContainer - [hivemq-test-hivemq-platform] [hivemq-platform-operator] [4d8a7c36] 17:11:37.053 [ReconcilerExecutor-hivemq-controller-87] DEBUG c.h.p.o.HiveMQPlatformReconciler - [helmcust] Custom Resource Spec (replicas: 2) (extensions: 1)
2025-01-27 17:11:37,057 INFO c.h.h.t.HelmChartContainer - [hivemq-test-hivemq-platform] [hivemq-platform-operator] [4d8a7c36] 17:11:37.056 [ReconcilerExecutor-hivemq-controller-87] DEBUG c.h.p.o.HiveMQPlatformReconciler - [helmcust] StatefulSet Status (revision: test-hivemq-platform-5c56b44869, replicas: 1, available: 0, ready: 0, current: 1, updated: 1)
2025-01-27 17:11:37,057 INFO c.h.h.t.HelmChartContainer - [hivemq-test-hivemq-platform] [hivemq-platform-operator] [4d8a7c36] 17:11:37.056 [ReconcilerExecutor-hivemq-controller-87] DEBUG c.h.p.o.HiveMQPlatformReconciler - [helmcust] StatefulSet Spec (replicas: 2, init containers: 1, containers: 1, volumes: 3)
2025-01-27 17:11:37,060 INFO c.h.h.t.HelmChartContainer - [hivemq-test-hivemq-platform] [hivemq-platform-operator] [4d8a7c36] 17:11:37.059 [ReconcilerExecutor-hivemq-controller-87] DEBUG c.h.p.o.h.HiveMQPlatformReconcilerErrorHandler - [helmcust] Pod 'test-hivemq-platform-0' phase Pending
2025-01-27 17:11:37,060 INFO c.h.h.t.HelmChartContainer - [hivemq-test-hivemq-platform] [hivemq-platform-operator] [4d8a7c36] 17:11:37.059 [ReconcilerExecutor-hivemq-controller-87] DEBUG c.h.p.o.h.HiveMQPlatformReconcilerErrorHandler - [helmcust] Pod 'test-hivemq-platform-0' condition 'PodReadyToStartContainers': False
2025-01-27 17:11:37,061 INFO c.h.h.t.HelmChartContainer - [hivemq-test-hivemq-platform] [hivemq-platform-operator] [4d8a7c36] 17:11:37.059 [ReconcilerExecutor-hivemq-controller-87] DEBUG c.h.p.o.h.HiveMQPlatformReconcilerErrorHandler - [helmcust] Pod 'test-hivemq-platform-0' condition 'Initialized': False
2025-01-27 17:11:37,061 INFO c.h.h.t.HelmChartContainer - [hivemq-test-hivemq-platform] [hivemq-platform-operator] [4d8a7c36] 17:11:37.059 [ReconcilerExecutor-hivemq-controller-87] DEBUG c.h.p.o.h.HiveMQPlatformReconcilerErrorHandler - [helmcust] Pod 'test-hivemq-platform-0' condition 'Ready': False
2025-01-27 17:11:37,061 INFO c.h.h.t.HelmChartContainer - [hivemq-test-hivemq-platform] [hivemq-platform-operator] [4d8a7c36] 17:11:37.059 [ReconcilerExecutor-hivemq-controller-87] DEBUG c.h.p.o.h.HiveMQPlatformReconcilerErrorHandler - [helmcust] Pod 'test-hivemq-platform-0' condition 'ContainersReady': False
2025-01-27 17:11:37,061 INFO c.h.h.t.HelmChartContainer - [hivemq-test-hivemq-platform] [hivemq-platform-operator] [4d8a7c36] 17:11:37.060 [ReconcilerExecutor-hivemq-controller-87] DEBUG c.h.p.o.h.HiveMQPlatformReconcilerErrorHandler - [helmcust] Pod 'test-hivemq-platform-0' condition 'PodScheduled': True
2025-01-27 17:11:37,061 INFO c.h.h.t.HelmChartContainer - [hivemq-test-hivemq-platform] [hivemq-platform-operator] [4d8a7c36] 17:11:37.060 [ReconcilerExecutor-hivemq-controller-87] DEBUG c.h.p.o.h.HiveMQPlatformReconcilerErrorHandler - [helmcust] Pod 'test-hivemq-platform-0' containerStatus 'hivemq' (started: false) (ready: false) (waiting: [PodInitializing] null)
2025-01-27 17:11:37,062 INFO c.h.h.t.HelmChartContainer - [hivemq-test-hivemq-platform] [hivemq-platform-operator] [4d8a7c36] 17:11:37.060 [ReconcilerExecutor-hivemq-controller-87] INFO  c.h.p.o.h.HiveMQPlatformReconcilerBaseHandler - [helmcust] HiveMQ Platform is starting, 0 of 2 replicas are ready
2025-01-27 17:11:37,142 INFO c.h.h.t.HelmChartContainer - [EVENT] Normal [Created] Created container: hivemq-platform-operator-init [helmcustomconfigit:test-hivemq-platform-0]
2025-01-27 17:11:37,180 INFO c.h.h.t.HelmChartContainer - [EVENT] Normal [Started] Started container hivemq-platform-operator-init [helmcustomconfigit:test-hivemq-platform-0]
2025-01-27 17:11:38,010 INFO c.h.h.t.HelmChartContainer - [EVENT] Normal [Pulled] Container image "docker.io/hivemq/hivemq4:4.35.0" already present on machine [helmcustomconfigit:test-hivemq-platform-0]
2025-01-27 17:11:38,010 INFO c.h.h.t.HelmChartContainer - Received Pulled event for container hivemq in pod test-hivemq-platform-0 [4b643c24-7458-46b7-84d7-b4f78dcd308c]
2025-01-27 17:11:38,021 INFO c.h.h.t.HelmChartContainer - [POD] test-hivemq-platform-0 [4b643c24-7458-46b7-84d7-b4f78dcd308c] in helmcustomconfigit was MODIFIED
2025-01-27 17:11:38,058 INFO c.h.h.t.HelmChartContainer - [hivemq-test-hivemq-platform] [hivemq-platform-operator] [4d8a7c36] 17:11:38.045 [pool-6-thread-42] DEBUG c.h.p.o.d.PlatformServiceResource - [helmcust] Desired Platform services (3 services)
2025-01-27 17:11:38,059 INFO c.h.h.t.HelmChartContainer - [hivemq-test-hivemq-platform] [hivemq-platform-operator] [4d8a7c36] 17:11:38.051 [pool-6-thread-47] DEBUG c.h.p.o.d.PodServiceAccountResource - [helmcust] Desired PodServiceAccountResource (serviceAccountName: hivemq-platform-pod-test-hivemq-platform)
2025-01-27 17:11:38,059 INFO c.h.h.t.HelmChartContainer - [hivemq-test-hivemq-platform] [hivemq-platform-operator] [4d8a7c36] 17:11:38.046 [pool-6-thread-43] DEBUG c.h.p.o.dependants.PodInfoConfigMap - [helmcust] Desired PodInfo ConfigMap (1 extensions) (1 enabled)
2025-01-27 17:11:38,059 INFO c.h.h.t.HelmChartContainer - [hivemq-test-hivemq-platform] [hivemq-platform-operator] [4d8a7c36] 17:11:38.057 [pool-6-thread-43] DEBUG c.h.p.o.dependants.PodInfoConfigMap - [helmcust] Desired PodInfo ConfigMap (metrics port: 9399) (metrics path: /)
2025-01-27 17:11:38,059 INFO c.h.h.t.HelmChartContainer - [hivemq-test-hivemq-platform] [hivemq-platform-operator] [4d8a7c36] 17:11:38.057 [pool-6-thread-43] DEBUG c.h.p.o.dependants.PodInfoConfigMap - [helmcust] Desired PodInfo ConfigMap (extension state hash: -1817474005)
2025-01-27 17:11:38,073 INFO c.h.h.t.HelmChartContainer - [hivemq-test-hivemq-platform] [hivemq-platform-operator] [4d8a7c36] 17:11:38.069 [pool-6-thread-50] DEBUG c.h.p.o.d.StatefulSetResource - [helmcust] Desired StatefulSet (2 replicas) for status STARTING (READY)
2025-01-27 17:11:38,079 INFO c.h.h.t.HelmChartContainer - [hivemq-test-hivemq-platform] [hivemq-platform-operator] [4d8a7c36] 17:11:38.078 [ReconcilerExecutor-hivemq-controller-98] INFO  c.h.p.o.HiveMQPlatformReconciler - [helmcust] Reconciling HiveMQ Platform 'test-hivemq-platform' in namespace 'helmcustomconfigit'
2025-01-27 17:11:38,079 INFO c.h.h.t.HelmChartContainer - [hivemq-test-hivemq-platform] [hivemq-platform-operator] [4d8a7c36] 17:11:38.078 [ReconcilerExecutor-hivemq-controller-98] DEBUG c.h.p.o.HiveMQPlatformReconciler - [helmcust] Custom Resource Status STARTING - HiveMQ Platform is starting (READY)
2025-01-27 17:11:38,080 INFO c.h.h.t.HelmChartContainer - [hivemq-test-hivemq-platform] [hivemq-platform-operator] [4d8a7c36] 17:11:38.078 [ReconcilerExecutor-hivemq-controller-98] DEBUG c.h.p.o.HiveMQPlatformReconciler - [helmcust] Custom Resource Spec (replicas: 2) (extensions: 1)
2025-01-27 17:11:38,148 INFO c.h.h.t.HelmChartContainer - [hivemq-test-hivemq-platform] [hivemq-platform-operator] [4d8a7c36] 17:11:38.147 [ReconcilerExecutor-hivemq-controller-98] DEBUG c.h.p.o.HiveMQPlatformReconciler - [helmcust] StatefulSet Status (revision: test-hivemq-platform-5c56b44869, replicas: 1, available: 0, ready: 0, current: 1, updated: 1)
2025-01-27 17:11:38,149 INFO c.h.h.t.HelmChartContainer - [hivemq-test-hivemq-platform] [hivemq-platform-operator] [4d8a7c36] 17:11:38.147 [ReconcilerExecutor-hivemq-controller-98] DEBUG c.h.p.o.HiveMQPlatformReconciler - [helmcust] StatefulSet Spec (replicas: 2, init containers: 1, containers: 1, volumes: 3)
2025-01-27 17:11:38,151 INFO c.h.h.t.HelmChartContainer - [hivemq-test-hivemq-platform] [hivemq-platform-operator] [4d8a7c36] 17:11:38.150 [ReconcilerExecutor-hivemq-controller-98] DEBUG c.h.p.o.h.HiveMQPlatformReconcilerErrorHandler - [helmcust] Pod 'test-hivemq-platform-0' phase Pending
2025-01-27 17:11:38,152 INFO c.h.h.t.HelmChartContainer - [hivemq-test-hivemq-platform] [hivemq-platform-operator] [4d8a7c36] 17:11:38.151 [ReconcilerExecutor-hivemq-controller-98] DEBUG c.h.p.o.h.HiveMQPlatformReconcilerErrorHandler - [helmcust] Pod 'test-hivemq-platform-0' condition 'PodReadyToStartContainers': True
2025-01-27 17:11:38,153 INFO c.h.h.t.HelmChartContainer - [hivemq-test-hivemq-platform] [hivemq-platform-operator] [4d8a7c36] 17:11:38.151 [ReconcilerExecutor-hivemq-controller-98] DEBUG c.h.p.o.h.HiveMQPlatformReconcilerErrorHandler - [helmcust] Pod 'test-hivemq-platform-0' condition 'Initialized': True
2025-01-27 17:11:38,153 INFO c.h.h.t.HelmChartContainer - [hivemq-test-hivemq-platform] [hivemq-platform-operator] [4d8a7c36] 17:11:38.151 [ReconcilerExecutor-hivemq-controller-98] DEBUG c.h.p.o.h.HiveMQPlatformReconcilerErrorHandler - [helmcust] Pod 'test-hivemq-platform-0' condition 'Ready': False
2025-01-27 17:11:38,153 INFO c.h.h.t.HelmChartContainer - [hivemq-test-hivemq-platform] [hivemq-platform-operator] [4d8a7c36] 17:11:38.151 [ReconcilerExecutor-hivemq-controller-98] DEBUG c.h.p.o.h.HiveMQPlatformReconcilerErrorHandler - [helmcust] Pod 'test-hivemq-platform-0' condition 'ContainersReady': False
2025-01-27 17:11:38,153 INFO c.h.h.t.HelmChartContainer - [hivemq-test-hivemq-platform] [hivemq-platform-operator] [4d8a7c36] 17:11:38.151 [ReconcilerExecutor-hivemq-controller-98] DEBUG c.h.p.o.h.HiveMQPlatformReconcilerErrorHandler - [helmcust] Pod 'test-hivemq-platform-0' condition 'PodScheduled': True
2025-01-27 17:11:38,153 INFO c.h.h.t.HelmChartContainer - [hivemq-test-hivemq-platform] [hivemq-platform-operator] [4d8a7c36] 17:11:38.151 [ReconcilerExecutor-hivemq-controller-98] DEBUG c.h.p.o.h.HiveMQPlatformReconcilerErrorHandler - [helmcust] Pod 'test-hivemq-platform-0' containerStatus 'hivemq' (started: false) (ready: false) (waiting: [PodInitializing] null)
2025-01-27 17:11:38,154 INFO c.h.h.t.HelmChartContainer - [hivemq-test-hivemq-platform] [hivemq-platform-operator] [4d8a7c36] 17:11:38.153 [ReconcilerExecutor-hivemq-controller-98] INFO  c.h.p.o.h.HiveMQPlatformReconcilerBaseHandler - [helmcust] HiveMQ Platform is starting, 0 of 2 replicas are ready
2025-01-27 17:11:39,841 INFO c.h.h.t.HelmChartContainer - [EVENT] Normal [Created] Created container: hivemq [helmcustomconfigit:test-hivemq-platform-0]
2025-01-27 17:11:39,841 INFO c.h.h.t.HelmChartContainer - Received Created event for container hivemq in pod test-hivemq-platform-0 [4b643c24-7458-46b7-84d7-b4f78dcd308c]
2025-01-27 17:11:40,024 INFO c.h.h.t.HelmChartContainer - [POD] test-hivemq-platform-0 [4b643c24-7458-46b7-84d7-b4f78dcd308c] in helmcustomconfigit was MODIFIED
2025-01-27 17:11:40,029 INFO c.h.h.t.HelmChartContainer - [hivemq-test-hivemq-platform] [hivemq-platform-operator] [4d8a7c36] 17:11:40.027 [pool-6-thread-6] DEBUG c.h.p.o.d.PlatformServiceResource - [helmcust] Desired Platform services (3 services)
2025-01-27 17:11:40,031 INFO c.h.h.t.HelmChartContainer - Started log watcher for hivemq in pod test-hivemq-platform-0 [4b643c24-7458-46b7-84d7-b4f78dcd308c]
2025-01-27 17:11:40,031 INFO c.h.h.t.HelmChartContainer - [EVENT] Normal [Started] Started container hivemq [helmcustomconfigit:test-hivemq-platform-0]
2025-01-27 17:11:40,031 INFO c.h.h.t.HelmChartContainer - Received Started event for container hivemq in pod test-hivemq-platform-0 [4b643c24-7458-46b7-84d7-b4f78dcd308c]
2025-01-27 17:11:40,031 INFO c.h.h.t.HelmChartContainer - [hivemq-test-hivemq-platform] [hivemq-platform-operator] [4d8a7c36] 17:11:40.029 [pool-6-thread-3] DEBUG c.h.p.o.dependants.PodInfoConfigMap - [helmcust] Desired PodInfo ConfigMap (1 extensions) (1 enabled)
2025-01-27 17:11:40,032 INFO c.h.h.t.HelmChartContainer - [test-hivemq-platform] [hivemq] [4b643c24] Adding pre-installed HiveMQ Platform Operator extensions
2025-01-27 17:11:40,032 INFO c.h.h.t.HelmChartContainer - [test-hivemq-platform] [hivemq] [4b643c24] Running as user 10000
2025-01-27 17:11:40,032 INFO c.h.h.t.HelmChartContainer - [test-hivemq-platform] [hivemq] [4b643c24] Starting HiveMQ Platform Operator Init
2025-01-27 17:11:40,034 INFO c.h.h.t.HelmChartContainer - [hivemq-test-hivemq-platform] [hivemq-platform-operator] [4d8a7c36] 17:11:40.031 [pool-6-thread-3] DEBUG c.h.p.o.dependants.PodInfoConfigMap - [helmcust] Desired PodInfo ConfigMap (metrics port: 9399) (metrics path: /)
2025-01-27 17:11:40,034 INFO c.h.h.t.HelmChartContainer - [hivemq-test-hivemq-platform] [hivemq-platform-operator] [4d8a7c36] 17:11:40.031 [pool-6-thread-3] DEBUG c.h.p.o.dependants.PodInfoConfigMap - [helmcust] Desired PodInfo ConfigMap (extension state hash: -1817474005)
2025-01-27 17:11:40,038 INFO c.h.h.t.HelmChartContainer - [hivemq-test-hivemq-platform] [hivemq-platform-operator] [4d8a7c36] 17:11:40.036 [pool-6-thread-3] DEBUG c.h.p.o.d.PodServiceAccountResource - [helmcust] Desired PodServiceAccountResource (serviceAccountName: hivemq-platform-pod-test-hivemq-platform)
2025-01-27 17:11:40,043 INFO c.h.h.t.HelmChartContainer - [hivemq-test-hivemq-platform] [hivemq-platform-operator] [4d8a7c36] 17:11:40.042 [pool-6-thread-10] DEBUG c.h.p.o.d.StatefulSetResource - [helmcust] Desired StatefulSet (2 replicas) for status STARTING (READY)
2025-01-27 17:11:40,048 INFO c.h.h.t.HelmChartContainer - [hivemq-test-hivemq-platform] [hivemq-platform-operator] [4d8a7c36] 17:11:40.046 [ReconcilerExecutor-hivemq-controller-109] INFO  c.h.p.o.HiveMQPlatformReconciler - [helmcust] Reconciling HiveMQ Platform 'test-hivemq-platform' in namespace 'helmcustomconfigit'
2025-01-27 17:11:40,048 INFO c.h.h.t.HelmChartContainer - [hivemq-test-hivemq-platform] [hivemq-platform-operator] [4d8a7c36] 17:11:40.047 [ReconcilerExecutor-hivemq-controller-109] DEBUG c.h.p.o.HiveMQPlatformReconciler - [helmcust] Custom Resource Status STARTING - HiveMQ Platform is starting (READY)
2025-01-27 17:11:40,049 INFO c.h.h.t.HelmChartContainer - [hivemq-test-hivemq-platform] [hivemq-platform-operator] [4d8a7c36] 17:11:40.047 [ReconcilerExecutor-hivemq-controller-109] DEBUG c.h.p.o.HiveMQPlatformReconciler - [helmcust] Custom Resource Spec (replicas: 2) (extensions: 1)
2025-01-27 17:11:40,050 INFO c.h.h.t.HelmChartContainer - [hivemq-test-hivemq-platform] [hivemq-platform-operator] [4d8a7c36] 17:11:40.049 [ReconcilerExecutor-hivemq-controller-109] DEBUG c.h.p.o.HiveMQPlatformReconciler - [helmcust] StatefulSet Status (revision: test-hivemq-platform-5c56b44869, replicas: 1, available: 0, ready: 0, current: 1, updated: 1)
2025-01-27 17:11:40,051 INFO c.h.h.t.HelmChartContainer - [hivemq-test-hivemq-platform] [hivemq-platform-operator] [4d8a7c36] 17:11:40.049 [ReconcilerExecutor-hivemq-controller-109] DEBUG c.h.p.o.HiveMQPlatformReconciler - [helmcust] StatefulSet Spec (replicas: 2, init containers: 1, containers: 1, volumes: 3)
2025-01-27 17:11:40,053 INFO c.h.h.t.HelmChartContainer - [hivemq-test-hivemq-platform] [hivemq-platform-operator] [4d8a7c36] 17:11:40.051 [ReconcilerExecutor-hivemq-controller-109] DEBUG c.h.p.o.h.HiveMQPlatformReconcilerErrorHandler - [helmcust] Pod 'test-hivemq-platform-0' phase Running
2025-01-27 17:11:40,055 INFO c.h.h.t.HelmChartContainer - [hivemq-test-hivemq-platform] [hivemq-platform-operator] [4d8a7c36] 17:11:40.052 [ReconcilerExecutor-hivemq-controller-109] INFO  c.h.p.o.h.HiveMQPlatformReconcilerBaseHandler - [helmcust] HiveMQ Platform is starting, 0 of 2 replicas are ready
2025-01-27 17:11:41,170 INFO c.h.h.t.HelmChartContainer - [test-hivemq-platform] [hivemq] [4b643c24] INFO  - [HiveMQ Platform Operator Init 1.7.0-SNAPSHOT] HiveMQ Platform Operator Init 1.7.0-SNAPSHOT (commit: bebf408 on branch: HEAD) built on Sun Jan 26 20:47:47 UTC 2025
2025-01-27 17:11:42,277 INFO c.h.h.t.HelmChartContainer - [test-hivemq-platform] [hivemq] [4b643c24] INFO  - [HiveMQ Platform Operator Init App 1.7.0-SNAPSHOT] Using bind address 10.42.0.14 from environment variable
2025-01-27 17:11:43,186 INFO c.h.h.t.HelmChartContainer - [test-hivemq-platform] [hivemq] [4b643c24] INFO  - [HiveMQ Platform Operator Init App 1.7.0-SNAPSHOT] HiveMQ Platform Operator Init App 1.7.0-SNAPSHOT (commit: bebf408 on branch: HEAD) built on Sun Jan 26 20:47:47 UTC 2025
2025-01-27 17:11:43,186 INFO c.h.h.t.HelmChartContainer - [test-hivemq-platform] [hivemq] [4b643c24] INFO  - [HiveMQ Platform Operator Init App 1.7.0-SNAPSHOT] PodInfo ConfigMap directory: /etc/podinfo
2025-01-27 17:11:43,186 INFO c.h.h.t.HelmChartContainer - [test-hivemq-platform] [hivemq] [4b643c24] INFO  - [HiveMQ Platform Operator Init App 1.7.0-SNAPSHOT] HiveMQ home directory: /opt/hivemq
2025-01-27 17:11:43,186 INFO c.h.h.t.HelmChartContainer - [test-hivemq-platform] [hivemq] [4b643c24] INFO  - [HiveMQ Platform Operator Init App 1.7.0-SNAPSHOT] HiveMQ Logback folder: /opt/hivemq/conf
2025-01-27 17:11:43,186 INFO c.h.h.t.HelmChartContainer - [test-hivemq-platform] [hivemq] [4b643c24] INFO  - [HiveMQ Platform Operator Init App 1.7.0-SNAPSHOT] HiveMQ Config folder: /opt/hivemq/conf-k8s
2025-01-27 17:11:43,187 INFO c.h.h.t.HelmChartContainer - [test-hivemq-platform] [hivemq] [4b643c24] INFO  - [HiveMQ Platform Operator Init App 1.7.0-SNAPSHOT] Starting HiveMQ Platform Operator Init App
2025-01-27 17:11:43,187 INFO c.h.h.t.HelmChartContainer - [test-hivemq-platform] [hivemq] [4b643c24] INFO  - [HiveMQ Platform Operator Init App 1.7.0-SNAPSHOT] Starting Pod reconciler
2025-01-27 17:11:44,385 INFO c.h.h.t.HelmChartContainer - [test-hivemq-platform] [hivemq] [4b643c24] INFO  - [HiveMQ Platform Operator Init App 1.7.0-SNAPSHOT] Pod reconciler is scheduled (interval: 5000 ms)
2025-01-27 17:11:44,386 INFO c.h.h.t.HelmChartContainer - [test-hivemq-platform] [hivemq] [4b643c24] INFO  - [HiveMQ Platform Operator Init App 1.7.0-SNAPSHOT] Starting the REST API on 10.42.0.14:7979
2025-01-27 17:11:44,388 INFO c.h.h.t.HelmChartContainer - [test-hivemq-platform] [hivemq] [4b643c24] INFO  - [HiveMQ Platform Operator Init App 1.7.0-SNAPSHOT] Waiting up to 600s for at most 2 HiveMQ nodes in cluster service hivemq-test-hivemq-platform-cluster.helmcustomconfigit.svc
2025-01-27 17:11:44,777 INFO c.h.h.t.HelmChartContainer - [test-hivemq-platform] [hivemq] [4b643c24] INFO  - [HiveMQ Platform Operator Init App 1.7.0-SNAPSHOT] Resolved 1 IP addresses: [10.42.0.14]
2025-01-27 17:11:44,777 INFO c.h.h.t.HelmChartContainer - [test-hivemq-platform] [hivemq] [4b643c24] INFO  - [HiveMQ Platform Operator Init App 1.7.0-SNAPSHOT] HiveMQ node count of 1 is within threshold of 2
2025-01-27 17:11:44,777 INFO c.h.h.t.HelmChartContainer - [test-hivemq-platform] [hivemq] [4b643c24] INFO  - [HiveMQ Platform Operator Init App 1.7.0-SNAPSHOT] Proceeding with container start
2025-01-27 17:11:44,872 INFO c.h.h.t.HelmChartContainer - [test-hivemq-platform] [hivemq] [4b643c24] INFO  - [HiveMQ Platform Operator Init App 1.7.0-SNAPSHOT] Initializing HiveMQ Platform extensions with initial configuration: {hivemq-allow-all-extension={start-priority=-1, skip-https-hostname-verification=false, restart=true, config-version=0, header-version=0, c-uri=, priority=-1, uri=preinstalled, skip-https-certificate-validation=false, enabled=true}, hivemq-prometheus-extension={priority=-1, restart=true, enabled=true, request-header-path=no-request-headers, uri=preinstalled, skip-https-certificate-validation=false, skip-https-hostname-verification=false, c-uri=, start-priority=-1}}
2025-01-27 17:11:45,285 INFO c.h.h.t.HelmChartContainer - [test-hivemq-platform] [hivemq] [4b643c24] INFO  - [HiveMQ Platform Operator Init App 1.7.0-SNAPSHOT] Extension hivemq-allow-all-extension was already enabled
2025-01-27 17:11:45,377 INFO c.h.h.t.HelmChartContainer - [test-hivemq-platform] [hivemq] [4b643c24] INFO  - [HiveMQ Platform Operator Init App 1.7.0-SNAPSHOT] Successfully enabled extension hivemq-prometheus-extension
2025-01-27 17:11:45,379 INFO c.h.h.t.HelmChartContainer - [test-hivemq-platform] [hivemq] [4b643c24] INFO  - [HiveMQ Platform Operator Init App 1.7.0-SNAPSHOT] Starting HiveMQ Platform version 4.35.0 (4.35.0)
2025-01-27 17:11:45,379 INFO c.h.h.t.HelmChartContainer - [test-hivemq-platform] [hivemq] [4b643c24] INFO  - [HiveMQ Platform Operator Init App 1.7.0-SNAPSHOT] Configuring the HiveMQ Platform
2025-01-27 17:11:45,453 INFO c.h.h.t.HelmChartContainer - [test-hivemq-platform] [hivemq] [4b643c24] INFO  - [HiveMQ Platform Operator Init App 1.7.0-SNAPSHOT] Changed logback.xml file scan period to 20 seconds
2025-01-27 17:11:45,480 INFO c.h.h.t.HelmChartContainer - [test-hivemq-platform] [hivemq] [4b643c24] INFO  - [HiveMQ Platform Operator Init App 1.7.0-SNAPSHOT] Starting the HiveMQ Platform
2025-01-27 17:11:45,484 INFO c.h.h.t.HelmChartContainer - [test-hivemq-platform] [hivemq] [4b643c24] -------------------------------------------------------------------------
2025-01-27 17:11:45,484 INFO c.h.h.t.HelmChartContainer - [test-hivemq-platform] [hivemq] [4b643c24] 
2025-01-27 17:11:45,484 INFO c.h.h.t.HelmChartContainer - [test-hivemq-platform] [hivemq] [4b643c24]                   _    _  _              __  __   ____
2025-01-27 17:11:45,484 INFO c.h.h.t.HelmChartContainer - [test-hivemq-platform] [hivemq] [4b643c24]                  | |  | |(_)            |  \/  | / __ \
2025-01-27 17:11:45,484 INFO c.h.h.t.HelmChartContainer - [test-hivemq-platform] [hivemq] [4b643c24]                  | |__| | _ __   __ ___ | \  / || |  | |
2025-01-27 17:11:45,484 INFO c.h.h.t.HelmChartContainer - [test-hivemq-platform] [hivemq] [4b643c24]                  |  __  || |\ \ / // _ \| |\/| || |  | |
2025-01-27 17:11:45,484 INFO c.h.h.t.HelmChartContainer - [test-hivemq-platform] [hivemq] [4b643c24]                  | |  | || | \ V /|  __/| |  | || |__| |
2025-01-27 17:11:45,484 INFO c.h.h.t.HelmChartContainer - [test-hivemq-platform] [hivemq] [4b643c24]                  |_|  |_||_|  \_/  \___||_|  |_| \___\_\
2025-01-27 17:11:45,485 INFO c.h.h.t.HelmChartContainer - [test-hivemq-platform] [hivemq] [4b643c24] 
2025-01-27 17:11:45,485 INFO c.h.h.t.HelmChartContainer - [test-hivemq-platform] [hivemq] [4b643c24] -------------------------------------------------------------------------
2025-01-27 17:11:45,485 INFO c.h.h.t.HelmChartContainer - [test-hivemq-platform] [hivemq] [4b643c24] 
2025-01-27 17:11:45,485 INFO c.h.h.t.HelmChartContainer - [test-hivemq-platform] [hivemq] [4b643c24]   HiveMQ Start Script for Linux/Unix v1.14
2025-01-27 17:11:45,485 INFO c.h.h.t.HelmChartContainer - [test-hivemq-platform] [hivemq] [4b643c24] 
2025-01-27 17:11:45,594 INFO c.h.h.t.HelmChartContainer - [test-hivemq-platform] [hivemq] [4b643c24] -------------------------------------------------------------------------
2025-01-27 17:11:45,594 INFO c.h.h.t.HelmChartContainer - [test-hivemq-platform] [hivemq] [4b643c24] 
2025-01-27 17:11:45,594 INFO c.h.h.t.HelmChartContainer - [test-hivemq-platform] [hivemq] [4b643c24]   HIVEMQ_HOME: /opt/hivemq
2025-01-27 17:11:45,594 INFO c.h.h.t.HelmChartContainer - [test-hivemq-platform] [hivemq] [4b643c24] 
2025-01-27 17:11:45,594 INFO c.h.h.t.HelmChartContainer - [test-hivemq-platform] [hivemq] [4b643c24]   JAVA_OPTS: -XX:+UnlockExperimentalVMOptions -XX:InitialRAMPercentage=50 -XX:MaxRAMPercentage=50 -Djava.net.preferIPv4Stack=true --add-opens java.base/java.lang=ALL-UNNAMED --add-opens java.base/java.nio=ALL-UNNAMED --add-opens java.base/sun.nio.ch=ALL-UNNAMED --add-opens jdk.management/com.sun.management.internal=ALL-UNNAMED --add-exports java.base/jdk.internal.misc=ALL-UNNAMED -Djava.security.egd=file:/dev/./urandom -Dcom.sun.management.jmxremote -Dcom.sun.management.jmxremote.port=9010 -Dcom.sun.management.jmxremote.local.only=false -Dcom.sun.management.jmxremote.authenticate=false -Dcom.sun.management.jmxremote.ssl=false -Duser.language=en -Duser.region=US -XX:+CrashOnOutOfMemoryError -XX:+HeapDumpOnOutOfMemoryError
2025-01-27 17:11:45,594 INFO c.h.h.t.HelmChartContainer - [test-hivemq-platform] [hivemq] [4b643c24] 
2025-01-27 17:11:45,594 INFO c.h.h.t.HelmChartContainer - [test-hivemq-platform] [hivemq] [4b643c24]   JAVA_VERSION: 21
2025-01-27 17:11:45,594 INFO c.h.h.t.HelmChartContainer - [test-hivemq-platform] [hivemq] [4b643c24] 
2025-01-27 17:11:45,594 INFO c.h.h.t.HelmChartContainer - [test-hivemq-platform] [hivemq] [4b643c24] -------------------------------------------------------------------------
2025-01-27 17:11:45,594 INFO c.h.h.t.HelmChartContainer - [test-hivemq-platform] [hivemq] [4b643c24] 
2025-01-27 17:11:46,076 INFO c.h.h.t.HelmChartContainer - [test-hivemq-platform] [hivemq] [4b643c24] INFO  - [HiveMQ Platform Operator Init App 1.7.0-SNAPSHOT] Returning default Health API response 503 for readiness
2025-01-27 17:11:46,479 INFO c.h.h.t.HelmChartContainer - [EVENT] Warning [Unhealthy] Readiness probe failed: HTTP probe failed with statuscode: 503 [helmcustomconfigit:test-hivemq-platform-0]
2025-01-27 17:11:46,479 INFO c.h.h.t.HelmChartContainer - Received Unhealthy event for container hivemq in pod test-hivemq-platform-0 [4b643c24-7458-46b7-84d7-b4f78dcd308c]
2025-01-27 17:11:48,283 INFO c.h.h.t.HelmChartContainer - [test-hivemq-platform] [hivemq] [4b643c24] INFO  - Starting HiveMQ Enterprise Server
2025-01-27 17:11:48,356 INFO c.h.h.t.HelmChartContainer - [test-hivemq-platform] [hivemq] [4b643c24] INFO  - HiveMQ version: 4.35.0
2025-01-27 17:11:48,356 INFO c.h.h.t.HelmChartContainer - [test-hivemq-platform] [hivemq] [4b643c24] INFO  - HiveMQ home directory: /opt/hivemq
2025-01-27 17:11:48,356 INFO c.h.h.t.HelmChartContainer - [test-hivemq-platform] [hivemq] [4b643c24] INFO  - Log Configuration was overridden by /opt/hivemq/conf/logback.xml
2025-01-27 17:11:49,671 INFO c.h.h.t.HelmChartContainer - [test-hivemq-platform] [hivemq] [4b643c24] INFO  - Successfully loaded configuration from '/opt/hivemq/conf-k8s/config.xml'.
2025-01-27 17:11:50,059 INFO c.h.h.t.HelmChartContainer - [hivemq-test-hivemq-platform] [hivemq-platform-operator] [4d8a7c36] 17:11:50.057 [pool-6-thread-15] DEBUG c.h.p.o.d.PlatformServiceResource - [helmcust] Desired Platform services (3 services)
2025-01-27 17:11:50,059 INFO c.h.h.t.HelmChartContainer - [hivemq-test-hivemq-platform] [hivemq-platform-operator] [4d8a7c36] 17:11:50.057 [pool-6-thread-16] DEBUG c.h.p.o.dependants.PodInfoConfigMap - [helmcust] Desired PodInfo ConfigMap (1 extensions) (1 enabled)
2025-01-27 17:11:50,059 INFO c.h.h.t.HelmChartContainer - [hivemq-test-hivemq-platform] [hivemq-platform-operator] [4d8a7c36] 17:11:50.057 [pool-6-thread-16] DEBUG c.h.p.o.dependants.PodInfoConfigMap - [helmcust] Desired PodInfo ConfigMap (metrics port: 9399) (metrics path: /)
2025-01-27 17:11:50,059 INFO c.h.h.t.HelmChartContainer - [hivemq-test-hivemq-platform] [hivemq-platform-operator] [4d8a7c36] 17:11:50.057 [pool-6-thread-16] DEBUG c.h.p.o.dependants.PodInfoConfigMap - [helmcust] Desired PodInfo ConfigMap (extension state hash: -1817474005)
2025-01-27 17:11:50,061 INFO c.h.h.t.HelmChartContainer - [hivemq-test-hivemq-platform] [hivemq-platform-operator] [4d8a7c36] 17:11:50.058 [pool-6-thread-16] DEBUG c.h.p.o.d.PodServiceAccountResource - [helmcust] Desired PodServiceAccountResource (serviceAccountName: hivemq-platform-pod-test-hivemq-platform)
2025-01-27 17:11:50,064 INFO c.h.h.t.HelmChartContainer - [hivemq-test-hivemq-platform] [hivemq-platform-operator] [4d8a7c36] 17:11:50.063 [pool-6-thread-15] DEBUG c.h.p.o.d.StatefulSetResource - [helmcust] Desired StatefulSet (2 replicas) for status STARTING (READY)
2025-01-27 17:11:50,073 INFO c.h.h.t.HelmChartContainer - [hivemq-test-hivemq-platform] [hivemq-platform-operator] [4d8a7c36] 17:11:50.071 [ReconcilerExecutor-hivemq-controller-110] INFO  c.h.p.o.HiveMQPlatformReconciler - [helmcust] Reconciling HiveMQ Platform 'test-hivemq-platform' in namespace 'helmcustomconfigit'
2025-01-27 17:11:50,073 INFO c.h.h.t.HelmChartContainer - [hivemq-test-hivemq-platform] [hivemq-platform-operator] [4d8a7c36] 17:11:50.071 [ReconcilerExecutor-hivemq-controller-110] DEBUG c.h.p.o.HiveMQPlatformReconciler - [helmcust] Custom Resource Status STARTING - HiveMQ Platform is starting (READY)
2025-01-27 17:11:50,073 INFO c.h.h.t.HelmChartContainer - [hivemq-test-hivemq-platform] [hivemq-platform-operator] [4d8a7c36] 17:11:50.071 [ReconcilerExecutor-hivemq-controller-110] DEBUG c.h.p.o.HiveMQPlatformReconciler - [helmcust] Custom Resource Spec (replicas: 2) (extensions: 1)
2025-01-27 17:11:50,146 INFO c.h.h.t.HelmChartContainer - [hivemq-test-hivemq-platform] [hivemq-platform-operator] [4d8a7c36] 17:11:50.078 [ReconcilerExecutor-hivemq-controller-110] DEBUG c.h.p.o.HiveMQPlatformReconciler - [helmcust] StatefulSet Status (revision: test-hivemq-platform-5c56b44869, replicas: 1, available: 0, ready: 0, current: 1, updated: 1)
2025-01-27 17:11:50,147 INFO c.h.h.t.HelmChartContainer - [hivemq-test-hivemq-platform] [hivemq-platform-operator] [4d8a7c36] 17:11:50.145 [ReconcilerExecutor-hivemq-controller-110] DEBUG c.h.p.o.HiveMQPlatformReconciler - [helmcust] StatefulSet Spec (replicas: 2, init containers: 1, containers: 1, volumes: 3)
2025-01-27 17:11:50,148 INFO c.h.h.t.HelmChartContainer - [hivemq-test-hivemq-platform] [hivemq-platform-operator] [4d8a7c36] 17:11:50.147 [ReconcilerExecutor-hivemq-controller-110] DEBUG c.h.p.o.h.HiveMQPlatformReconcilerErrorHandler - [helmcust] Pod 'test-hivemq-platform-0' phase Running
2025-01-27 17:11:50,149 INFO c.h.h.t.HelmChartContainer - [hivemq-test-hivemq-platform] [hivemq-platform-operator] [4d8a7c36] 17:11:50.149 [ReconcilerExecutor-hivemq-controller-110] INFO  c.h.p.o.h.HiveMQPlatformReconcilerBaseHandler - [helmcust] HiveMQ Platform is starting, 0 of 2 replicas are ready
2025-01-27 17:11:50,454 INFO c.h.h.t.HelmChartContainer - [test-hivemq-platform] [hivemq] [4b643c24] INFO  - This node's ID is blJGp
2025-01-27 17:11:50,470 INFO c.h.h.t.HelmChartContainer - [test-hivemq-platform] [hivemq] [4b643c24] INFO  - Clustering is enabled
2025-01-27 17:11:51,653 INFO c.h.h.t.HelmChartContainer - [test-hivemq-platform] [hivemq] [4b643c24] WARN  - [HiveMQ Platform Operator Init App 1.7.0-SNAPSHOT] Cannot connect to Health API for readiness: null
2025-01-27 17:11:51,658 INFO c.h.h.t.HelmChartContainer - [EVENT] Warning [Unhealthy] Readiness probe failed: HTTP probe failed with statuscode: 503 [helmcustomconfigit:test-hivemq-platform-0]
2025-01-27 17:11:51,658 INFO c.h.h.t.HelmChartContainer - Received Unhealthy event for container hivemq in pod test-hivemq-platform-0 [4b643c24-7458-46b7-84d7-b4f78dcd308c]
2025-01-27 17:11:54,770 INFO c.h.h.t.HelmChartContainer - [test-hivemq-platform] [hivemq] [4b643c24] Jan 27, 2025 5:11:54 PM io.vertx.core.impl.BlockedThreadChecker
2025-01-27 17:11:54,770 INFO c.h.h.t.HelmChartContainer - [test-hivemq-platform] [hivemq] [4b643c24] WARNING: Thread Thread[vert.x-eventloop-thread-1,5,main] has been blocked for 2394 ms, time limit is 2000 ms
2025-01-27 17:11:55,672 INFO c.h.h.t.HelmChartContainer - [test-hivemq-platform] [hivemq] [4b643c24] Jan 27, 2025 5:11:55 PM io.vertx.core.impl.BlockedThreadChecker
2025-01-27 17:11:55,672 INFO c.h.h.t.HelmChartContainer - [test-hivemq-platform] [hivemq] [4b643c24] WARNING: Thread Thread[vert.x-eventloop-thread-1,5,main] has been blocked for 3395 ms, time limit is 2000 ms
2025-01-27 17:11:55,673 INFO c.h.h.t.HelmChartContainer - [test-hivemq-platform] [hivemq] [4b643c24] INFO  - [HiveMQ Platform Operator Init App 1.7.0-SNAPSHOT] Updating Pod HiveMQ Platform Operator Init App version annotation (version: 1.7.0-SNAPSHOT)
2025-01-27 17:11:56,069 INFO c.h.h.t.HelmChartContainer - [test-hivemq-platform] [hivemq] [4b643c24] WARN  - [HiveMQ Platform Operator Init App 1.7.0-SNAPSHOT] Cannot connect to Health API for readiness: null
2025-01-27 17:11:56,076 INFO c.h.h.t.HelmChartContainer - [EVENT] Warning [Unhealthy] Readiness probe failed: HTTP probe failed with statuscode: 503 [helmcustomconfigit:test-hivemq-platform-0]
2025-01-27 17:11:56,076 INFO c.h.h.t.HelmChartContainer - Received Unhealthy event for container hivemq in pod test-hivemq-platform-0 [4b643c24-7458-46b7-84d7-b4f78dcd308c]
2025-01-27 17:11:56,464 INFO c.h.h.t.HelmChartContainer - [POD] test-hivemq-platform-0 [4b643c24-7458-46b7-84d7-b4f78dcd308c] in helmcustomconfigit was MODIFIED
2025-01-27 17:11:56,476 INFO c.h.h.t.HelmChartContainer - [hivemq-test-hivemq-platform] [hivemq-platform-operator] [4d8a7c36] 17:11:56.473 [pool-6-thread-27] DEBUG c.h.p.o.d.PlatformServiceResource - [helmcust] Desired Platform services (3 services)
2025-01-27 17:11:56,476 INFO c.h.h.t.HelmChartContainer - [hivemq-test-hivemq-platform] [hivemq-platform-operator] [4d8a7c36] 17:11:56.474 [pool-6-thread-26] DEBUG c.h.p.o.dependants.PodInfoConfigMap - [helmcust] Desired PodInfo ConfigMap (1 extensions) (1 enabled)
2025-01-27 17:11:56,476 INFO c.h.h.t.HelmChartContainer - [hivemq-test-hivemq-platform] [hivemq-platform-operator] [4d8a7c36] 17:11:56.474 [pool-6-thread-26] DEBUG c.h.p.o.dependants.PodInfoConfigMap - [helmcust] Desired PodInfo ConfigMap (metrics port: 9399) (metrics path: /)
2025-01-27 17:11:56,476 INFO c.h.h.t.HelmChartContainer - [hivemq-test-hivemq-platform] [hivemq-platform-operator] [4d8a7c36] 17:11:56.474 [pool-6-thread-26] DEBUG c.h.p.o.dependants.PodInfoConfigMap - [helmcust] Desired PodInfo ConfigMap (extension state hash: -1817474005)
2025-01-27 17:11:56,481 INFO c.h.h.t.HelmChartContainer - [hivemq-test-hivemq-platform] [hivemq-platform-operator] [4d8a7c36] 17:11:56.479 [pool-6-thread-22] DEBUG c.h.p.o.d.PodServiceAccountResource - [helmcust] Desired PodServiceAccountResource (serviceAccountName: hivemq-platform-pod-test-hivemq-platform)
2025-01-27 17:11:56,486 INFO c.h.h.t.HelmChartContainer - [hivemq-test-hivemq-platform] [hivemq-platform-operator] [4d8a7c36] 17:11:56.485 [pool-6-thread-26] DEBUG c.h.p.o.d.StatefulSetResource - [helmcust] Desired StatefulSet (2 replicas) for status STARTING (READY)
2025-01-27 17:11:56,547 INFO c.h.h.t.HelmChartContainer - [hivemq-test-hivemq-platform] [hivemq-platform-operator] [4d8a7c36] 17:11:56.546 [ReconcilerExecutor-hivemq-controller-111] INFO  c.h.p.o.HiveMQPlatformReconciler - [helmcust] Reconciling HiveMQ Platform 'test-hivemq-platform' in namespace 'helmcustomconfigit'
2025-01-27 17:11:56,547 INFO c.h.h.t.HelmChartContainer - [hivemq-test-hivemq-platform] [hivemq-platform-operator] [4d8a7c36] 17:11:56.546 [ReconcilerExecutor-hivemq-controller-111] DEBUG c.h.p.o.HiveMQPlatformReconciler - [helmcust] Custom Resource Status STARTING - HiveMQ Platform is starting (READY)
2025-01-27 17:11:56,547 INFO c.h.h.t.HelmChartContainer - [hivemq-test-hivemq-platform] [hivemq-platform-operator] [4d8a7c36] 17:11:56.546 [ReconcilerExecutor-hivemq-controller-111] DEBUG c.h.p.o.HiveMQPlatformReconciler - [helmcust] Custom Resource Spec (replicas: 2) (extensions: 1)
2025-01-27 17:11:56,550 INFO c.h.h.t.HelmChartContainer - [hivemq-test-hivemq-platform] [hivemq-platform-operator] [4d8a7c36] 17:11:56.548 [ReconcilerExecutor-hivemq-controller-111] DEBUG c.h.p.o.HiveMQPlatformReconciler - [helmcust] StatefulSet Status (revision: test-hivemq-platform-5c56b44869, replicas: 1, available: 0, ready: 0, current: 1, updated: 1)
2025-01-27 17:11:56,551 INFO c.h.h.t.HelmChartContainer - [hivemq-test-hivemq-platform] [hivemq-platform-operator] [4d8a7c36] 17:11:56.548 [ReconcilerExecutor-hivemq-controller-111] DEBUG c.h.p.o.HiveMQPlatformReconciler - [helmcust] StatefulSet Spec (replicas: 2, init containers: 1, containers: 1, volumes: 3)
2025-01-27 17:11:56,551 INFO c.h.h.t.HelmChartContainer - [hivemq-test-hivemq-platform] [hivemq-platform-operator] [4d8a7c36] 17:11:56.550 [ReconcilerExecutor-hivemq-controller-111] DEBUG c.h.p.o.h.HiveMQPlatformReconcilerErrorHandler - [helmcust] Pod 'test-hivemq-platform-0' phase Running
2025-01-27 17:11:56,552 INFO c.h.h.t.HelmChartContainer - [test-hivemq-platform] [hivemq] [4b643c24] WARN  - [HiveMQ Platform Operator Init App 1.7.0-SNAPSHOT] Cannot connect to Health API for readiness: null
2025-01-27 17:11:56,552 INFO c.h.h.t.HelmChartContainer - [hivemq-test-hivemq-platform] [hivemq-platform-operator] [4d8a7c36] 17:11:56.550 [ReconcilerExecutor-hivemq-controller-111] INFO  c.h.p.o.h.HiveMQPlatformReconcilerBaseHandler - [helmcust] HiveMQ Platform is starting, 0 of 2 replicas are ready
2025-01-27 17:11:56,558 INFO c.h.h.t.HelmChartContainer - [test-hivemq-platform] [hivemq] [4b643c24] INFO  - [HiveMQ Platform Operator Init App 1.7.0-SNAPSHOT] Successfully updated Pod HiveMQ Platform Operator Init App version annotation (version: 1.7.0-SNAPSHOT)
2025-01-27 17:11:56,561 INFO c.h.h.t.HelmChartContainer - [EVENT] Warning [Unhealthy] Readiness probe failed: HTTP probe failed with statuscode: 503 [helmcustomconfigit:test-hivemq-platform-0]
2025-01-27 17:11:56,561 INFO c.h.h.t.HelmChartContainer - Received Unhealthy event for container hivemq in pod test-hivemq-platform-0 [4b643c24-7458-46b7-84d7-b4f78dcd308c]
2025-01-27 17:12:01,472 INFO c.h.h.t.HelmChartContainer - [test-hivemq-platform] [hivemq] [4b643c24] WARN  - [HiveMQ Platform Operator Init App 1.7.0-SNAPSHOT] Cannot connect to Health API for readiness: null
2025-01-27 17:12:01,477 INFO c.h.h.t.HelmChartContainer - [EVENT] Warning [Unhealthy] Readiness probe failed: HTTP probe failed with statuscode: 503 [helmcustomconfigit:test-hivemq-platform-0]
2025-01-27 17:12:01,477 INFO c.h.h.t.HelmChartContainer - Received Unhealthy event for container hivemq in pod test-hivemq-platform-0 [4b643c24-7458-46b7-84d7-b4f78dcd308c]
2025-01-27 17:12:06,472 INFO c.h.h.t.HelmChartContainer - [test-hivemq-platform] [hivemq] [4b643c24] WARN  - [HiveMQ Platform Operator Init App 1.7.0-SNAPSHOT] Cannot connect to Health API for readiness: null
2025-01-27 17:12:06,477 INFO c.h.h.t.HelmChartContainer - [EVENT] Warning [Unhealthy] Readiness probe failed: HTTP probe failed with statuscode: 503 [helmcustomconfigit:test-hivemq-platform-0]
2025-01-27 17:12:06,477 INFO c.h.h.t.HelmChartContainer - Received Unhealthy event for container hivemq in pod test-hivemq-platform-0 [4b643c24-7458-46b7-84d7-b4f78dcd308c]
2025-01-27 17:12:06,559 INFO c.h.h.t.HelmChartContainer - [hivemq-test-hivemq-platform] [hivemq-platform-operator] [4d8a7c36] 17:12:06.555 [pool-6-thread-37] DEBUG c.h.p.o.d.PlatformServiceResource - [helmcust] Desired Platform services (3 services)
2025-01-27 17:12:06,559 INFO c.h.h.t.HelmChartContainer - [hivemq-test-hivemq-platform] [hivemq-platform-operator] [4d8a7c36] 17:12:06.555 [pool-6-thread-34] DEBUG c.h.p.o.dependants.PodInfoConfigMap - [helmcust] Desired PodInfo ConfigMap (1 extensions) (1 enabled)
2025-01-27 17:12:06,559 INFO c.h.h.t.HelmChartContainer - [hivemq-test-hivemq-platform] [hivemq-platform-operator] [4d8a7c36] 17:12:06.555 [pool-6-thread-34] DEBUG c.h.p.o.dependants.PodInfoConfigMap - [helmcust] Desired PodInfo ConfigMap (metrics port: 9399) (metrics path: /)
2025-01-27 17:12:06,560 INFO c.h.h.t.HelmChartContainer - [hivemq-test-hivemq-platform] [hivemq-platform-operator] [4d8a7c36] 17:12:06.555 [pool-6-thread-34] DEBUG c.h.p.o.dependants.PodInfoConfigMap - [helmcust] Desired PodInfo ConfigMap (extension state hash: -1817474005)
2025-01-27 17:12:06,560 INFO c.h.h.t.HelmChartContainer - [hivemq-test-hivemq-platform] [hivemq-platform-operator] [4d8a7c36] 17:12:06.558 [pool-6-thread-34] DEBUG c.h.p.o.d.PodServiceAccountResource - [helmcust] Desired PodServiceAccountResource (serviceAccountName: hivemq-platform-pod-test-hivemq-platform)
2025-01-27 17:12:06,564 INFO c.h.h.t.HelmChartContainer - [hivemq-test-hivemq-platform] [hivemq-platform-operator] [4d8a7c36] 17:12:06.563 [pool-6-thread-37] DEBUG c.h.p.o.d.StatefulSetResource - [helmcust] Desired StatefulSet (2 replicas) for status STARTING (READY)
2025-01-27 17:12:06,569 INFO c.h.h.t.HelmChartContainer - [hivemq-test-hivemq-platform] [hivemq-platform-operator] [4d8a7c36] 17:12:06.566 [ReconcilerExecutor-hivemq-controller-112] INFO  c.h.p.o.HiveMQPlatformReconciler - [helmcust] Reconciling HiveMQ Platform 'test-hivemq-platform' in namespace 'helmcustomconfigit'
2025-01-27 17:12:06,570 INFO c.h.h.t.HelmChartContainer - [hivemq-test-hivemq-platform] [hivemq-platform-operator] [4d8a7c36] 17:12:06.567 [ReconcilerExecutor-hivemq-controller-112] DEBUG c.h.p.o.HiveMQPlatformReconciler - [helmcust] Custom Resource Status STARTING - HiveMQ Platform is starting (READY)
2025-01-27 17:12:06,570 INFO c.h.h.t.HelmChartContainer - [hivemq-test-hivemq-platform] [hivemq-platform-operator] [4d8a7c36] 17:12:06.567 [ReconcilerExecutor-hivemq-controller-112] DEBUG c.h.p.o.HiveMQPlatformReconciler - [helmcust] Custom Resource Spec (replicas: 2) (extensions: 1)
2025-01-27 17:12:06,571 INFO c.h.h.t.HelmChartContainer - [hivemq-test-hivemq-platform] [hivemq-platform-operator] [4d8a7c36] 17:12:06.568 [ReconcilerExecutor-hivemq-controller-112] DEBUG c.h.p.o.HiveMQPlatformReconciler - [helmcust] StatefulSet Status (revision: test-hivemq-platform-5c56b44869, replicas: 1, available: 0, ready: 0, current: 1, updated: 1)
2025-01-27 17:12:06,571 INFO c.h.h.t.HelmChartContainer - [hivemq-test-hivemq-platform] [hivemq-platform-operator] [4d8a7c36] 17:12:06.568 [ReconcilerExecutor-hivemq-controller-112] DEBUG c.h.p.o.HiveMQPlatformReconciler - [helmcust] StatefulSet Spec (replicas: 2, init containers: 1, containers: 1, volumes: 3)
2025-01-27 17:12:06,572 INFO c.h.h.t.HelmChartContainer - [hivemq-test-hivemq-platform] [hivemq-platform-operator] [4d8a7c36] 17:12:06.570 [ReconcilerExecutor-hivemq-controller-112] DEBUG c.h.p.o.h.HiveMQPlatformReconcilerErrorHandler - [helmcust] Pod 'test-hivemq-platform-0' phase Running
2025-01-27 17:12:06,572 INFO c.h.h.t.HelmChartContainer - [hivemq-test-hivemq-platform] [hivemq-platform-operator] [4d8a7c36] 17:12:06.570 [ReconcilerExecutor-hivemq-controller-112] INFO  c.h.p.o.h.HiveMQPlatformReconcilerBaseHandler - [helmcust] HiveMQ Platform is starting, 0 of 2 replicas are ready
2025-01-27 17:12:06,970 INFO c.h.h.t.HelmChartContainer - [test-hivemq-platform] [hivemq] [4b643c24] WARN  - [HiveMQ Platform Operator Init App 1.7.0-SNAPSHOT] Cannot connect to Health API for liveness: null
2025-01-27 17:12:06,970 INFO c.h.h.t.HelmChartContainer - [test-hivemq-platform] [hivemq] [4b643c24] INFO  - [HiveMQ Platform Operator Init App 1.7.0-SNAPSHOT] Returning default Health API response 200 for liveness
2025-01-27 17:12:08,692 INFO c.h.h.t.HelmChartContainer - [test-hivemq-platform] [hivemq] [4b643c24] INFO  - No valid license file found. Using trial license, restricted to 25 connections.
2025-01-27 17:12:11,075 INFO c.h.h.t.HelmChartContainer - [test-hivemq-platform] [hivemq] [4b643c24] INFO  - No valid license file for Data Hub found. Using free license, restricted to 1 policy.
2025-01-27 17:12:11,470 INFO c.h.h.t.HelmChartContainer - [test-hivemq-platform] [hivemq] [4b643c24] WARN  - [HiveMQ Platform Operator Init App 1.7.0-SNAPSHOT] Cannot connect to Health API for readiness: null
2025-01-27 17:12:11,475 INFO c.h.h.t.HelmChartContainer - [EVENT] Warning [Unhealthy] Readiness probe failed: HTTP probe failed with statuscode: 503 [helmcustomconfigit:test-hivemq-platform-0]
2025-01-27 17:12:11,475 INFO c.h.h.t.HelmChartContainer - Received Unhealthy event for container hivemq in pod test-hivemq-platform-0 [4b643c24-7458-46b7-84d7-b4f78dcd308c]
2025-01-27 17:12:12,173 INFO c.h.h.t.HelmChartContainer - [test-hivemq-platform] [hivemq] [4b643c24] INFO  - Audit Logger started.
2025-01-27 17:12:12,476 INFO c.h.h.t.HelmChartContainer - [test-hivemq-platform] [hivemq] [4b643c24] INFO  - This node uses '1' CPU cores.
2025-01-27 17:12:12,481 INFO c.h.h.t.HelmChartContainer - [test-hivemq-platform] [hivemq] [4b643c24] INFO  - Starting HiveMQ Health API on address 0.0.0.0 and port 8889
2025-01-27 17:12:13,378 INFO c.h.h.t.HelmChartContainer - [test-hivemq-platform] [hivemq] [4b643c24] INFO  - Started HiveMQ Health API in 897ms
2025-01-27 17:12:13,382 INFO c.h.h.t.HelmChartContainer - [test-hivemq-platform] [hivemq] [4b643c24] INFO  - Starting HiveMQ extension system.
2025-01-27 17:12:13,680 INFO c.h.h.t.HelmChartContainer - [test-hivemq-platform] [hivemq] [4b643c24] INFO  - Starting extension with id "hivemq-dns-cluster-discovery" at /opt/hivemq/extensions/hivemq-dns-cluster-discovery
2025-01-27 17:12:14,179 INFO c.h.h.t.HelmChartContainer - [test-hivemq-platform] [hivemq] [4b643c24] INFO  - Using TCP cluster transport on address 10.42.0.14 and port 8000
2025-01-27 17:12:14,271 INFO c.h.h.t.HelmChartContainer - [test-hivemq-platform] [hivemq] [4b643c24] INFO  - Using extension cluster discovery
2025-01-27 17:12:14,277 INFO c.h.h.t.HelmChartContainer - [test-hivemq-platform] [hivemq] [4b643c24] INFO  - Extension "DNS Cluster Discovery Extension" version 4.3.2 started successfully.
2025-01-27 17:12:14,277 INFO c.h.h.t.HelmChartContainer - [test-hivemq-platform] [hivemq] [4b643c24] INFO  - Starting extension with id "hivemq-prometheus-extension" at /opt/hivemq/extensions/hivemq-prometheus-extension
2025-01-27 17:12:15,273 INFO c.h.h.t.HelmChartContainer - [test-hivemq-platform] [hivemq] [4b643c24] INFO  - Started Jetty Server exposing Prometheus Servlet on URI http://0.0.0.0:9399/
2025-01-27 17:12:15,274 INFO c.h.h.t.HelmChartContainer - [test-hivemq-platform] [hivemq] [4b643c24] INFO  - Extension "Prometheus Monitoring Extension" version 4.0.12 started successfully.
2025-01-27 17:12:15,274 INFO c.h.h.t.HelmChartContainer - [test-hivemq-platform] [hivemq] [4b643c24] INFO  - Starting extension with id "hivemq-allow-all-extension" at /opt/hivemq/extensions/hivemq-allow-all-extension
2025-01-27 17:12:15,274 INFO c.h.h.t.HelmChartContainer - [test-hivemq-platform] [hivemq] [4b643c24] WARN  - 
2025-01-27 17:12:15,274 INFO c.h.h.t.HelmChartContainer - [test-hivemq-platform] [hivemq] [4b643c24] ################################################################################################################
2025-01-27 17:12:15,274 INFO c.h.h.t.HelmChartContainer - [test-hivemq-platform] [hivemq] [4b643c24] # This HiveMQ deployment is not secure! You are lacking Authentication and Authorization.                      #
2025-01-27 17:12:15,274 INFO c.h.h.t.HelmChartContainer - [test-hivemq-platform] [hivemq] [4b643c24] # Right now any MQTT client can connect to the broker with a full set of permissions.                          #
2025-01-27 17:12:15,274 INFO c.h.h.t.HelmChartContainer - [test-hivemq-platform] [hivemq] [4b643c24] # For production usage, add an appropriate security extension and remove the hivemq-allow-all extension.       #
2025-01-27 17:12:15,274 INFO c.h.h.t.HelmChartContainer - [test-hivemq-platform] [hivemq] [4b643c24] # You can download security extensions from the HiveMQ Marketplace (https://www.hivemq.com/extensions/).       #
2025-01-27 17:12:15,274 INFO c.h.h.t.HelmChartContainer - [test-hivemq-platform] [hivemq] [4b643c24] ################################################################################################################
2025-01-27 17:12:15,274 INFO c.h.h.t.HelmChartContainer - [test-hivemq-platform] [hivemq] [4b643c24] INFO  - Extension "Allow All Extension" version 1.1.0 started successfully.
2025-01-27 17:12:16,577 INFO c.h.h.t.HelmChartContainer - [hivemq-test-hivemq-platform] [hivemq-platform-operator] [4d8a7c36] 17:12:16.574 [pool-6-thread-46] DEBUG c.h.p.o.d.PlatformServiceResource - [helmcust] Desired Platform services (3 services)
2025-01-27 17:12:16,578 INFO c.h.h.t.HelmChartContainer - [hivemq-test-hivemq-platform] [hivemq-platform-operator] [4d8a7c36] 17:12:16.576 [pool-6-thread-45] DEBUG c.h.p.o.dependants.PodInfoConfigMap - [helmcust] Desired PodInfo ConfigMap (1 extensions) (1 enabled)
2025-01-27 17:12:16,578 INFO c.h.h.t.HelmChartContainer - [hivemq-test-hivemq-platform] [hivemq-platform-operator] [4d8a7c36] 17:12:16.576 [pool-6-thread-45] DEBUG c.h.p.o.dependants.PodInfoConfigMap - [helmcust] Desired PodInfo ConfigMap (metrics port: 9399) (metrics path: /)
2025-01-27 17:12:16,578 INFO c.h.h.t.HelmChartContainer - [hivemq-test-hivemq-platform] [hivemq-platform-operator] [4d8a7c36] 17:12:16.576 [pool-6-thread-45] DEBUG c.h.p.o.dependants.PodInfoConfigMap - [helmcust] Desired PodInfo ConfigMap (extension state hash: -1817474005)
2025-01-27 17:12:16,578 INFO c.h.h.t.HelmChartContainer - [hivemq-test-hivemq-platform] [hivemq-platform-operator] [4d8a7c36] 17:12:16.576 [pool-6-thread-49] DEBUG c.h.p.o.d.PodServiceAccountResource - [helmcust] Desired PodServiceAccountResource (serviceAccountName: hivemq-platform-pod-test-hivemq-platform)
2025-01-27 17:12:16,592 INFO c.h.h.t.HelmChartContainer - [hivemq-test-hivemq-platform] [hivemq-platform-operator] [4d8a7c36] 17:12:16.588 [pool-6-thread-44] DEBUG c.h.p.o.d.StatefulSetResource - [helmcust] Desired StatefulSet (2 replicas) for status STARTING (READY)
2025-01-27 17:12:16,595 INFO c.h.h.t.HelmChartContainer - [hivemq-test-hivemq-platform] [hivemq-platform-operator] [4d8a7c36] 17:12:16.593 [ReconcilerExecutor-hivemq-controller-113] INFO  c.h.p.o.HiveMQPlatformReconciler - [helmcust] Reconciling HiveMQ Platform 'test-hivemq-platform' in namespace 'helmcustomconfigit'
2025-01-27 17:12:16,595 INFO c.h.h.t.HelmChartContainer - [hivemq-test-hivemq-platform] [hivemq-platform-operator] [4d8a7c36] 17:12:16.593 [ReconcilerExecutor-hivemq-controller-113] DEBUG c.h.p.o.HiveMQPlatformReconciler - [helmcust] Custom Resource Status STARTING - HiveMQ Platform is starting (READY)
2025-01-27 17:12:16,595 INFO c.h.h.t.HelmChartContainer - [hivemq-test-hivemq-platform] [hivemq-platform-operator] [4d8a7c36] 17:12:16.593 [ReconcilerExecutor-hivemq-controller-113] DEBUG c.h.p.o.HiveMQPlatformReconciler - [helmcust] Custom Resource Spec (replicas: 2) (extensions: 1)
2025-01-27 17:12:16,647 INFO c.h.h.t.HelmChartContainer - [hivemq-test-hivemq-platform] [hivemq-platform-operator] [4d8a7c36] 17:12:16.645 [ReconcilerExecutor-hivemq-controller-113] DEBUG c.h.p.o.HiveMQPlatformReconciler - [helmcust] StatefulSet Status (revision: test-hivemq-platform-5c56b44869, replicas: 1, available: 0, ready: 0, current: 1, updated: 1)
2025-01-27 17:12:16,647 INFO c.h.h.t.HelmChartContainer - [hivemq-test-hivemq-platform] [hivemq-platform-operator] [4d8a7c36] 17:12:16.645 [ReconcilerExecutor-hivemq-controller-113] DEBUG c.h.p.o.HiveMQPlatformReconciler - [helmcust] StatefulSet Spec (replicas: 2, init containers: 1, containers: 1, volumes: 3)
2025-01-27 17:12:16,649 INFO c.h.h.t.HelmChartContainer - [hivemq-test-hivemq-platform] [hivemq-platform-operator] [4d8a7c36] 17:12:16.648 [ReconcilerExecutor-hivemq-controller-113] DEBUG c.h.p.o.h.HiveMQPlatformReconcilerErrorHandler - [helmcust] Pod 'test-hivemq-platform-0' phase Running
2025-01-27 17:12:16,649 INFO c.h.h.t.HelmChartContainer - [hivemq-test-hivemq-platform] [hivemq-platform-operator] [4d8a7c36] 17:12:16.649 [ReconcilerExecutor-hivemq-controller-113] INFO  c.h.p.o.h.HiveMQPlatformReconcilerBaseHandler - [helmcust] HiveMQ Platform is starting, 0 of 2 replicas are ready
2025-01-27 17:12:17,070 INFO c.h.h.t.HelmChartContainer - [test-hivemq-platform] [hivemq] [4b643c24] INFO  - [HiveMQ Platform Operator Init App 1.7.0-SNAPSHOT] Returning Health API response 503 for readiness
2025-01-27 17:12:17,075 INFO c.h.h.t.HelmChartContainer - [EVENT] Warning [Unhealthy] Readiness probe failed: HTTP probe failed with statuscode: 503 [helmcustomconfigit:test-hivemq-platform-0]
2025-01-27 17:12:17,075 INFO c.h.h.t.HelmChartContainer - Received Unhealthy event for container hivemq in pod test-hivemq-platform-0 [4b643c24-7458-46b7-84d7-b4f78dcd308c]
2025-01-27 17:12:17,286 INFO c.h.h.t.HelmChartContainer - [test-hivemq-platform] [hivemq] [4b643c24] INFO  - blJGp: no members discovered after 2516 ms: creating cluster as first member
2025-01-27 17:12:17,293 INFO c.h.h.t.HelmChartContainer - [test-hivemq-platform] [hivemq] [4b643c24] INFO  - Cluster nodes found by discovery: [blJGp|0] (1) [blJGp].
2025-01-27 17:12:17,374 INFO c.h.h.t.HelmChartContainer - [test-hivemq-platform] [hivemq] [4b643c24] INFO  - No user for HiveMQ Control Center configured. Starting with default user
2025-01-27 17:12:17,374 INFO c.h.h.t.HelmChartContainer - [test-hivemq-platform] [hivemq] [4b643c24] INFO  - Starting HiveMQ Control Center on address 0.0.0.0 and port 8080
2025-01-27 17:12:17,387 INFO c.h.h.t.HelmChartContainer - [test-hivemq-platform] [hivemq] [4b643c24] INFO  - Mounting HiveMQ Control Center V2 Preview
2025-01-27 17:12:17,987 INFO c.h.h.t.HelmChartContainer - [test-hivemq-platform] [hivemq] [4b643c24] INFO  - Started HiveMQ Control Center in 613ms
2025-01-27 17:12:18,082 INFO c.h.h.t.HelmChartContainer - [test-hivemq-platform] [hivemq] [4b643c24] INFO  - Starting TCP listener on address 0.0.0.0 and port 1884
2025-01-27 17:12:18,172 INFO c.h.h.t.HelmChartContainer - [test-hivemq-platform] [hivemq] [4b643c24] INFO  - Started TCP Listener on address 0.0.0.0 and on port 1884.
2025-01-27 17:12:18,172 INFO c.h.h.t.HelmChartContainer - [test-hivemq-platform] [hivemq] [4b643c24] INFO  - Started HiveMQ in 30218ms
2025-01-27 17:12:21,471 INFO c.h.h.t.HelmChartContainer - [test-hivemq-platform] [hivemq] [4b643c24] INFO  - [HiveMQ Platform Operator Init App 1.7.0-SNAPSHOT] Returning Health API response 200 for readiness
2025-01-27 17:12:21,482 INFO c.h.h.t.HelmChartContainer - [POD] test-hivemq-platform-0 [4b643c24-7458-46b7-84d7-b4f78dcd308c] in helmcustomconfigit was MODIFIED
2025-01-27 17:12:21,495 INFO c.h.h.t.HelmChartContainer - [hivemq-test-hivemq-platform] [hivemq-platform-operator] [4d8a7c36] 17:12:21.490 [pool-6-thread-9] DEBUG c.h.p.o.d.PlatformServiceResource - [helmcust] Desired Platform services (3 services)
2025-01-27 17:12:21,499 INFO c.h.h.t.HelmChartContainer - [hivemq-test-hivemq-platform] [hivemq-platform-operator] [4d8a7c36] 17:12:21.491 [pool-6-thread-5] DEBUG c.h.p.o.dependants.PodInfoConfigMap - [helmcust] Desired PodInfo ConfigMap (1 extensions) (1 enabled)
2025-01-27 17:12:21,499 INFO c.h.h.t.HelmChartContainer - [hivemq-test-hivemq-platform] [hivemq-platform-operator] [4d8a7c36] 17:12:21.494 [pool-6-thread-5] DEBUG c.h.p.o.dependants.PodInfoConfigMap - [helmcust] Desired PodInfo ConfigMap (metrics port: 9399) (metrics path: /)
2025-01-27 17:12:21,499 INFO c.h.h.t.HelmChartContainer - [hivemq-test-hivemq-platform] [hivemq-platform-operator] [4d8a7c36] 17:12:21.494 [pool-6-thread-9] DEBUG c.h.p.o.d.PodServiceAccountResource - [helmcust] Desired PodServiceAccountResource (serviceAccountName: hivemq-platform-pod-test-hivemq-platform)
2025-01-27 17:12:21,499 INFO c.h.h.t.HelmChartContainer - [hivemq-test-hivemq-platform] [hivemq-platform-operator] [4d8a7c36] 17:12:21.494 [pool-6-thread-5] DEBUG c.h.p.o.dependants.PodInfoConfigMap - [helmcust] Desired PodInfo ConfigMap (extension state hash: -1817474005)
2025-01-27 17:12:21,500 INFO c.h.h.t.HelmChartContainer - [hivemq-test-hivemq-platform] [hivemq-platform-operator] [4d8a7c36] 17:12:21.498 [pool-6-thread-7] DEBUG c.h.p.o.d.StatefulSetResource - [helmcust] Desired StatefulSet (2 replicas) for status STARTING (READY)
2025-01-27 17:12:21,507 INFO c.h.h.t.HelmChartContainer - [hivemq-test-hivemq-platform] [hivemq-platform-operator] [4d8a7c36] 17:12:21.502 [ReconcilerExecutor-hivemq-controller-114] INFO  c.h.p.o.HiveMQPlatformReconciler - [helmcust] Reconciling HiveMQ Platform 'test-hivemq-platform' in namespace 'helmcustomconfigit'
2025-01-27 17:12:21,507 INFO c.h.h.t.HelmChartContainer - [hivemq-test-hivemq-platform] [hivemq-platform-operator] [4d8a7c36] 17:12:21.503 [ReconcilerExecutor-hivemq-controller-114] DEBUG c.h.p.o.HiveMQPlatformReconciler - [helmcust] Custom Resource Status STARTING - HiveMQ Platform is starting (READY)
2025-01-27 17:12:21,507 INFO c.h.h.t.HelmChartContainer - [hivemq-test-hivemq-platform] [hivemq-platform-operator] [4d8a7c36] 17:12:21.504 [ReconcilerExecutor-hivemq-controller-114] DEBUG c.h.p.o.HiveMQPlatformReconciler - [helmcust] Custom Resource Spec (replicas: 2) (extensions: 1)
2025-01-27 17:12:21,507 INFO c.h.h.t.HelmChartContainer - [hivemq-test-hivemq-platform] [hivemq-platform-operator] [4d8a7c36] 17:12:21.506 [ReconcilerExecutor-hivemq-controller-114] DEBUG c.h.p.o.HiveMQPlatformReconciler - [helmcust] StatefulSet Status (revision: test-hivemq-platform-5c56b44869, replicas: 1, available: 0, ready: 0, current: 1, updated: 1)
2025-01-27 17:12:21,507 INFO c.h.h.t.HelmChartContainer - [hivemq-test-hivemq-platform] [hivemq-platform-operator] [4d8a7c36] 17:12:21.506 [ReconcilerExecutor-hivemq-controller-114] DEBUG c.h.p.o.HiveMQPlatformReconciler - [helmcust] StatefulSet Spec (replicas: 2, init containers: 1, containers: 1, volumes: 3)
2025-01-27 17:12:21,515 INFO c.h.h.t.HelmChartContainer - [hivemq-test-hivemq-platform] [hivemq-platform-operator] [4d8a7c36] 17:12:21.507 [ReconcilerExecutor-hivemq-controller-114] DEBUG c.h.p.o.h.HiveMQPlatformReconcilerErrorHandler - [helmcust] Pod 'test-hivemq-platform-0' phase Running
2025-01-27 17:12:21,515 INFO c.h.h.t.HelmChartContainer - [POD] test-hivemq-platform-1 [37811035-8bce-4368-8674-8f62b238f0a9] in helmcustomconfigit was ADDED
2025-01-27 17:12:21,517 INFO c.h.h.t.HelmChartContainer - [EVENT] Normal [SuccessfulCreate] create Pod test-hivemq-platform-1 in StatefulSet test-hivemq-platform successful [helmcustomconfigit:test-hivemq-platform]
2025-01-27 17:12:21,521 INFO c.h.h.t.HelmChartContainer - [POD] test-hivemq-platform-1 [37811035-8bce-4368-8674-8f62b238f0a9] in helmcustomconfigit was MODIFIED
2025-01-27 17:12:21,528 INFO c.h.h.t.HelmChartContainer - [EVENT] Normal [Scheduled] Successfully assigned helmcustomconfigit/test-hivemq-platform-1 to 1bf1de2df7a7 [helmcustomconfigit:test-hivemq-platform-1]
2025-01-27 17:12:21,534 INFO c.h.h.t.HelmChartContainer - [POD] test-hivemq-platform-1 [37811035-8bce-4368-8674-8f62b238f0a9] in helmcustomconfigit was MODIFIED
2025-01-27 17:12:21,547 INFO c.h.h.t.HelmChartContainer - [hivemq-test-hivemq-platform] [hivemq-platform-operator] [4d8a7c36] 17:12:21.545 [ReconcilerExecutor-hivemq-controller-114] INFO  c.h.p.o.h.HiveMQPlatformReconcilerBaseHandler - [helmcust] HiveMQ Platform is starting, 0 of 2 replicas are ready
2025-01-27 17:12:21,557 INFO c.h.h.t.HelmChartContainer - [hivemq-test-hivemq-platform] [hivemq-platform-operator] [4d8a7c36] 17:12:21.554 [pool-6-thread-18] DEBUG c.h.p.o.d.PlatformServiceResource - [helmcust] Desired Platform services (3 services)
2025-01-27 17:12:21,557 INFO c.h.h.t.HelmChartContainer - [hivemq-test-hivemq-platform] [hivemq-platform-operator] [4d8a7c36] 17:12:21.556 [pool-6-thread-17] DEBUG c.h.p.o.d.PodServiceAccountResource - [helmcust] Desired PodServiceAccountResource (serviceAccountName: hivemq-platform-pod-test-hivemq-platform)
2025-01-27 17:12:21,561 INFO c.h.h.t.HelmChartContainer - [hivemq-test-hivemq-platform] [hivemq-platform-operator] [4d8a7c36] 17:12:21.559 [pool-6-thread-16] DEBUG c.h.p.o.dependants.PodInfoConfigMap - [helmcust] Desired PodInfo ConfigMap (1 extensions) (1 enabled)
2025-01-27 17:12:21,561 INFO c.h.h.t.HelmChartContainer - [hivemq-test-hivemq-platform] [hivemq-platform-operator] [4d8a7c36] 17:12:21.559 [pool-6-thread-16] DEBUG c.h.p.o.dependants.PodInfoConfigMap - [helmcust] Desired PodInfo ConfigMap (metrics port: 9399) (metrics path: /)
2025-01-27 17:12:21,561 INFO c.h.h.t.HelmChartContainer - [hivemq-test-hivemq-platform] [hivemq-platform-operator] [4d8a7c36] 17:12:21.559 [pool-6-thread-16] DEBUG c.h.p.o.dependants.PodInfoConfigMap - [helmcust] Desired PodInfo ConfigMap (extension state hash: -1817474005)
2025-01-27 17:12:21,565 INFO c.h.h.t.HelmChartContainer - [hivemq-test-hivemq-platform] [hivemq-platform-operator] [4d8a7c36] 17:12:21.563 [pool-6-thread-18] DEBUG c.h.p.o.d.StatefulSetResource - [helmcust] Desired StatefulSet (2 replicas) for status STARTING (READY)
2025-01-27 17:12:21,628 INFO c.h.h.t.HelmChartContainer - [K3S] [reconciler_common.go:251] "operationExecutor.VerifyControllerAttachedVolume started for volume \"pod-info\" (UniqueName: \"kubernetes.io/configmap/37811035-8bce-4368-8674-8f62b238f0a9-pod-info\") pod \"test-hivemq-platform-1\" (UID: \"37811035-8bce-4368-8674-8f62b238f0a9\") " pod="helmcustomconfigit/test-hivemq-platform-1"
2025-01-27 17:12:21,628 INFO c.h.h.t.HelmChartContainer - [K3S] [reconciler_common.go:251] "operationExecutor.VerifyControllerAttachedVolume started for volume \"kube-api-access-t2x2h\" (UniqueName: \"kubernetes.io/projected/37811035-8bce-4368-8674-8f62b238f0a9-kube-api-access-t2x2h\") pod \"test-hivemq-platform-1\" (UID: \"37811035-8bce-4368-8674-8f62b238f0a9\") " pod="helmcustomconfigit/test-hivemq-platform-1"
2025-01-27 17:12:21,629 INFO c.h.h.t.HelmChartContainer - [K3S] [reconciler_common.go:251] "operationExecutor.VerifyControllerAttachedVolume started for volume \"broker-configuration\" (UniqueName: \"kubernetes.io/configmap/37811035-8bce-4368-8674-8f62b238f0a9-broker-configuration\") pod \"test-hivemq-platform-1\" (UID: \"37811035-8bce-4368-8674-8f62b238f0a9\") " pod="helmcustomconfigit/test-hivemq-platform-1"
2025-01-27 17:12:21,629 INFO c.h.h.t.HelmChartContainer - [K3S] [reconciler_common.go:251] "operationExecutor.VerifyControllerAttachedVolume started for volume \"operator-init\" (UniqueName: \"kubernetes.io/empty-dir/37811035-8bce-4368-8674-8f62b238f0a9-operator-init\") pod \"test-hivemq-platform-1\" (UID: \"37811035-8bce-4368-8674-8f62b238f0a9\") " pod="helmcustomconfigit/test-hivemq-platform-1"
2025-01-27 17:12:21,650 INFO c.h.h.t.HelmChartContainer - [hivemq-test-hivemq-platform] [hivemq-platform-operator] [4d8a7c36] 17:12:21.646 [ReconcilerExecutor-hivemq-controller-115] INFO  c.h.p.o.HiveMQPlatformReconciler - [helmcust] Reconciling HiveMQ Platform 'test-hivemq-platform' in namespace 'helmcustomconfigit'
2025-01-27 17:12:21,651 INFO c.h.h.t.HelmChartContainer - [hivemq-test-hivemq-platform] [hivemq-platform-operator] [4d8a7c36] 17:12:21.647 [ReconcilerExecutor-hivemq-controller-115] DEBUG c.h.p.o.HiveMQPlatformReconciler - [helmcust] Custom Resource Status STARTING - HiveMQ Platform is starting (READY)
2025-01-27 17:12:21,651 INFO c.h.h.t.HelmChartContainer - [hivemq-test-hivemq-platform] [hivemq-platform-operator] [4d8a7c36] 17:12:21.647 [ReconcilerExecutor-hivemq-controller-115] DEBUG c.h.p.o.HiveMQPlatformReconciler - [helmcust] Custom Resource Spec (replicas: 2) (extensions: 1)
2025-01-27 17:12:21,652 INFO c.h.h.t.HelmChartContainer - [hivemq-test-hivemq-platform] [hivemq-platform-operator] [4d8a7c36] 17:12:21.648 [ReconcilerExecutor-hivemq-controller-115] DEBUG c.h.p.o.HiveMQPlatformReconciler - [helmcust] StatefulSet Status (revision: test-hivemq-platform-5c56b44869, replicas: 2, available: 1, ready: 1, current: 2, updated: 2)
2025-01-27 17:12:21,652 INFO c.h.h.t.HelmChartContainer - [hivemq-test-hivemq-platform] [hivemq-platform-operator] [4d8a7c36] 17:12:21.649 [ReconcilerExecutor-hivemq-controller-115] DEBUG c.h.p.o.HiveMQPlatformReconciler - [helmcust] StatefulSet Spec (replicas: 2, init containers: 1, containers: 1, volumes: 3)
2025-01-27 17:12:21,653 INFO c.h.h.t.HelmChartContainer - [hivemq-test-hivemq-platform] [hivemq-platform-operator] [4d8a7c36] 17:12:21.650 [ReconcilerExecutor-hivemq-controller-115] DEBUG c.h.p.o.h.HiveMQPlatformReconcilerErrorHandler - [helmcust] Pod 'test-hivemq-platform-1' phase Pending
2025-01-27 17:12:21,653 INFO c.h.h.t.HelmChartContainer - [hivemq-test-hivemq-platform] [hivemq-platform-operator] [4d8a7c36] 17:12:21.650 [ReconcilerExecutor-hivemq-controller-115] DEBUG c.h.p.o.h.HiveMQPlatformReconcilerErrorHandler - [helmcust] Pod 'test-hivemq-platform-1' condition 'PodReadyToStartContainers': False
2025-01-27 17:12:21,653 INFO c.h.h.t.HelmChartContainer - [hivemq-test-hivemq-platform] [hivemq-platform-operator] [4d8a7c36] 17:12:21.650 [ReconcilerExecutor-hivemq-controller-115] DEBUG c.h.p.o.h.HiveMQPlatformReconcilerErrorHandler - [helmcust] Pod 'test-hivemq-platform-1' condition 'Initialized': False
2025-01-27 17:12:21,653 INFO c.h.h.t.HelmChartContainer - [hivemq-test-hivemq-platform] [hivemq-platform-operator] [4d8a7c36] 17:12:21.650 [ReconcilerExecutor-hivemq-controller-115] DEBUG c.h.p.o.h.HiveMQPlatformReconcilerErrorHandler - [helmcust] Pod 'test-hivemq-platform-1' condition 'Ready': False
2025-01-27 17:12:21,654 INFO c.h.h.t.HelmChartContainer - [hivemq-test-hivemq-platform] [hivemq-platform-operator] [4d8a7c36] 17:12:21.650 [ReconcilerExecutor-hivemq-controller-115] DEBUG c.h.p.o.h.HiveMQPlatformReconcilerErrorHandler - [helmcust] Pod 'test-hivemq-platform-1' condition 'ContainersReady': False
2025-01-27 17:12:21,654 INFO c.h.h.t.HelmChartContainer - [hivemq-test-hivemq-platform] [hivemq-platform-operator] [4d8a7c36] 17:12:21.650 [ReconcilerExecutor-hivemq-controller-115] DEBUG c.h.p.o.h.HiveMQPlatformReconcilerErrorHandler - [helmcust] Pod 'test-hivemq-platform-1' condition 'PodScheduled': True
2025-01-27 17:12:21,654 INFO c.h.h.t.HelmChartContainer - [hivemq-test-hivemq-platform] [hivemq-platform-operator] [4d8a7c36] 17:12:21.650 [ReconcilerExecutor-hivemq-controller-115] DEBUG c.h.p.o.h.HiveMQPlatformReconcilerErrorHandler - [helmcust] Pod 'test-hivemq-platform-1' containerStatus 'hivemq' (started: false) (ready: false) (waiting: [PodInitializing] null)
2025-01-27 17:12:21,654 INFO c.h.h.t.HelmChartContainer - [hivemq-test-hivemq-platform] [hivemq-platform-operator] [4d8a7c36] 17:12:21.652 [ReconcilerExecutor-hivemq-controller-115] DEBUG c.h.p.o.h.HiveMQPlatformReconcilerErrorHandler - [helmcust] Pod 'test-hivemq-platform-0' phase Running
2025-01-27 17:12:21,655 INFO c.h.h.t.HelmChartContainer - [hivemq-test-hivemq-platform] [hivemq-platform-operator] [4d8a7c36] 17:12:21.653 [ReconcilerExecutor-hivemq-controller-115] INFO  c.h.p.o.h.HiveMQPlatformReconcilerBaseHandler - [helmcust] HiveMQ Platform is starting, 1 of 2 replicas are ready
2025-01-27 17:12:21,659 INFO c.h.h.t.HelmChartContainer - [hivemq-test-hivemq-platform] [hivemq-platform-operator] [4d8a7c36] 17:12:21.657 [pool-6-thread-23] DEBUG c.h.p.o.d.PlatformServiceResource - [helmcust] Desired Platform services (3 services)
2025-01-27 17:12:21,746 INFO c.h.h.t.HelmChartContainer - [hivemq-test-hivemq-platform] [hivemq-platform-operator] [4d8a7c36] 17:12:21.658 [pool-6-thread-27] DEBUG c.h.p.o.dependants.PodInfoConfigMap - [helmcust] Desired PodInfo ConfigMap (1 extensions) (1 enabled)
2025-01-27 17:12:21,746 INFO c.h.h.t.HelmChartContainer - [hivemq-test-hivemq-platform] [hivemq-platform-operator] [4d8a7c36] 17:12:21.659 [pool-6-thread-22] DEBUG c.h.p.o.d.PodServiceAccountResource - [helmcust] Desired PodServiceAccountResource (serviceAccountName: hivemq-platform-pod-test-hivemq-platform)
2025-01-27 17:12:21,746 INFO c.h.h.t.HelmChartContainer - [hivemq-test-hivemq-platform] [hivemq-platform-operator] [4d8a7c36] 17:12:21.745 [pool-6-thread-27] DEBUG c.h.p.o.dependants.PodInfoConfigMap - [helmcust] Desired PodInfo ConfigMap (metrics port: 9399) (metrics path: /)
2025-01-27 17:12:21,746 INFO c.h.h.t.HelmChartContainer - [hivemq-test-hivemq-platform] [hivemq-platform-operator] [4d8a7c36] 17:12:21.745 [pool-6-thread-27] DEBUG c.h.p.o.dependants.PodInfoConfigMap - [helmcust] Desired PodInfo ConfigMap (extension state hash: -1817474005)
2025-01-27 17:12:21,752 INFO c.h.h.t.HelmChartContainer - [hivemq-test-hivemq-platform] [hivemq-platform-operator] [4d8a7c36] 17:12:21.751 [pool-6-thread-23] DEBUG c.h.p.o.d.StatefulSetResource - [helmcust] Desired StatefulSet (2 replicas) for status STARTING (READY)
2025-01-27 17:12:21,760 INFO c.h.h.t.HelmChartContainer - [hivemq-test-hivemq-platform] [hivemq-platform-operator] [4d8a7c36] 17:12:21.754 [ReconcilerExecutor-hivemq-controller-116] INFO  c.h.p.o.HiveMQPlatformReconciler - [helmcust] Reconciling HiveMQ Platform 'test-hivemq-platform' in namespace 'helmcustomconfigit'
2025-01-27 17:12:21,760 INFO c.h.h.t.HelmChartContainer - [hivemq-test-hivemq-platform] [hivemq-platform-operator] [4d8a7c36] 17:12:21.755 [ReconcilerExecutor-hivemq-controller-116] DEBUG c.h.p.o.HiveMQPlatformReconciler - [helmcust] Custom Resource Status STARTING - HiveMQ Platform is starting (READY)
2025-01-27 17:12:21,760 INFO c.h.h.t.HelmChartContainer - [hivemq-test-hivemq-platform] [hivemq-platform-operator] [4d8a7c36] 17:12:21.755 [ReconcilerExecutor-hivemq-controller-116] DEBUG c.h.p.o.HiveMQPlatformReconciler - [helmcust] Custom Resource Spec (replicas: 2) (extensions: 1)
2025-01-27 17:12:21,760 INFO c.h.h.t.HelmChartContainer - [hivemq-test-hivemq-platform] [hivemq-platform-operator] [4d8a7c36] 17:12:21.757 [ReconcilerExecutor-hivemq-controller-116] DEBUG c.h.p.o.HiveMQPlatformReconciler - [helmcust] StatefulSet Status (revision: test-hivemq-platform-5c56b44869, replicas: 2, available: 1, ready: 1, current: 2, updated: 2)
2025-01-27 17:12:21,760 INFO c.h.h.t.HelmChartContainer - [hivemq-test-hivemq-platform] [hivemq-platform-operator] [4d8a7c36] 17:12:21.757 [ReconcilerExecutor-hivemq-controller-116] DEBUG c.h.p.o.HiveMQPlatformReconciler - [helmcust] StatefulSet Spec (replicas: 2, init containers: 1, containers: 1, volumes: 3)
2025-01-27 17:12:21,760 INFO c.h.h.t.HelmChartContainer - [hivemq-test-hivemq-platform] [hivemq-platform-operator] [4d8a7c36] 17:12:21.759 [ReconcilerExecutor-hivemq-controller-116] DEBUG c.h.p.o.h.HiveMQPlatformReconcilerErrorHandler - [helmcust] Pod 'test-hivemq-platform-1' phase Pending
2025-01-27 17:12:21,762 INFO c.h.h.t.HelmChartContainer - [hivemq-test-hivemq-platform] [hivemq-platform-operator] [4d8a7c36] 17:12:21.759 [ReconcilerExecutor-hivemq-controller-116] DEBUG c.h.p.o.h.HiveMQPlatformReconcilerErrorHandler - [helmcust] Pod 'test-hivemq-platform-1' condition 'PodReadyToStartContainers': False
2025-01-27 17:12:21,762 INFO c.h.h.t.HelmChartContainer - [hivemq-test-hivemq-platform] [hivemq-platform-operator] [4d8a7c36] 17:12:21.759 [ReconcilerExecutor-hivemq-controller-116] DEBUG c.h.p.o.h.HiveMQPlatformReconcilerErrorHandler - [helmcust] Pod 'test-hivemq-platform-1' condition 'Initialized': False
2025-01-27 17:12:21,762 INFO c.h.h.t.HelmChartContainer - [hivemq-test-hivemq-platform] [hivemq-platform-operator] [4d8a7c36] 17:12:21.760 [ReconcilerExecutor-hivemq-controller-116] DEBUG c.h.p.o.h.HiveMQPlatformReconcilerErrorHandler - [helmcust] Pod 'test-hivemq-platform-1' condition 'Ready': False
2025-01-27 17:12:21,762 INFO c.h.h.t.HelmChartContainer - [hivemq-test-hivemq-platform] [hivemq-platform-operator] [4d8a7c36] 17:12:21.760 [ReconcilerExecutor-hivemq-controller-116] DEBUG c.h.p.o.h.HiveMQPlatformReconcilerErrorHandler - [helmcust] Pod 'test-hivemq-platform-1' condition 'ContainersReady': False
2025-01-27 17:12:21,762 INFO c.h.h.t.HelmChartContainer - [hivemq-test-hivemq-platform] [hivemq-platform-operator] [4d8a7c36] 17:12:21.760 [ReconcilerExecutor-hivemq-controller-116] DEBUG c.h.p.o.h.HiveMQPlatformReconcilerErrorHandler - [helmcust] Pod 'test-hivemq-platform-1' condition 'PodScheduled': True
2025-01-27 17:12:21,762 INFO c.h.h.t.HelmChartContainer - [hivemq-test-hivemq-platform] [hivemq-platform-operator] [4d8a7c36] 17:12:21.760 [ReconcilerExecutor-hivemq-controller-116] DEBUG c.h.p.o.h.HiveMQPlatformReconcilerErrorHandler - [helmcust] Pod 'test-hivemq-platform-1' containerStatus 'hivemq' (started: false) (ready: false) (waiting: [PodInitializing] null)
2025-01-27 17:12:21,762 INFO c.h.h.t.HelmChartContainer - [hivemq-test-hivemq-platform] [hivemq-platform-operator] [4d8a7c36] 17:12:21.761 [ReconcilerExecutor-hivemq-controller-116] DEBUG c.h.p.o.h.HiveMQPlatformReconcilerErrorHandler - [helmcust] Pod 'test-hivemq-platform-0' phase Running
2025-01-27 17:12:21,762 INFO c.h.h.t.HelmChartContainer - [hivemq-test-hivemq-platform] [hivemq-platform-operator] [4d8a7c36] 17:12:21.761 [ReconcilerExecutor-hivemq-controller-116] INFO  c.h.p.o.h.HiveMQPlatformReconcilerBaseHandler - [helmcust] HiveMQ Platform is starting, 1 of 2 replicas are ready
2025-01-27 17:12:21,910 INFO c.h.h.t.HelmChartContainer - [EVENT] Normal [Pulled] Container image "docker.io/hivemq/hivemq-platform-operator-init-test:snapshot" already present on machine [helmcustomconfigit:test-hivemq-platform-1]
2025-01-27 17:12:21,919 INFO c.h.h.t.HelmChartContainer - [EVENT] Normal [Created] Created container: hivemq-platform-operator-init [helmcustomconfigit:test-hivemq-platform-1]
2025-01-27 17:12:21,965 INFO c.h.h.t.HelmChartContainer - [EVENT] Normal [Started] Started container hivemq-platform-operator-init [helmcustomconfigit:test-hivemq-platform-1]
2025-01-27 17:12:22,076 INFO c.h.h.t.HelmChartContainer - [EVENT] Normal [Pulled] Container image "docker.io/hivemq/hivemq4:4.35.0" already present on machine [helmcustomconfigit:test-hivemq-platform-1]
2025-01-27 17:12:22,076 INFO c.h.h.t.HelmChartContainer - Received Pulled event for container hivemq in pod test-hivemq-platform-1 [37811035-8bce-4368-8674-8f62b238f0a9]
2025-01-27 17:12:22,092 INFO c.h.h.t.HelmChartContainer - [POD] test-hivemq-platform-1 [37811035-8bce-4368-8674-8f62b238f0a9] in helmcustomconfigit was MODIFIED
2025-01-27 17:12:22,098 INFO c.h.h.t.HelmChartContainer - [EVENT] Normal [Created] Created container: hivemq [helmcustomconfigit:test-hivemq-platform-1]
2025-01-27 17:12:22,099 INFO c.h.h.t.HelmChartContainer - Received Created event for container hivemq in pod test-hivemq-platform-1 [37811035-8bce-4368-8674-8f62b238f0a9]
2025-01-27 17:12:22,111 INFO c.h.h.t.HelmChartContainer - [hivemq-test-hivemq-platform] [hivemq-platform-operator] [4d8a7c36] 17:12:22.100 [pool-6-thread-34] DEBUG c.h.p.o.d.PlatformServiceResource - [helmcust] Desired Platform services (3 services)
2025-01-27 17:12:22,116 INFO c.h.h.t.HelmChartContainer - [hivemq-test-hivemq-platform] [hivemq-platform-operator] [4d8a7c36] 17:12:22.107 [pool-6-thread-31] DEBUG c.h.p.o.d.PodServiceAccountResource - [helmcust] Desired PodServiceAccountResource (serviceAccountName: hivemq-platform-pod-test-hivemq-platform)
2025-01-27 17:12:22,116 INFO c.h.h.t.HelmChartContainer - [hivemq-test-hivemq-platform] [hivemq-platform-operator] [4d8a7c36] 17:12:22.107 [pool-6-thread-32] DEBUG c.h.p.o.dependants.PodInfoConfigMap - [helmcust] Desired PodInfo ConfigMap (1 extensions) (1 enabled)
2025-01-27 17:12:22,116 INFO c.h.h.t.HelmChartContainer - [hivemq-test-hivemq-platform] [hivemq-platform-operator] [4d8a7c36] 17:12:22.111 [pool-6-thread-32] DEBUG c.h.p.o.dependants.PodInfoConfigMap - [helmcust] Desired PodInfo ConfigMap (metrics port: 9399) (metrics path: /)
2025-01-27 17:12:22,116 INFO c.h.h.t.HelmChartContainer - [hivemq-test-hivemq-platform] [hivemq-platform-operator] [4d8a7c36] 17:12:22.112 [pool-6-thread-32] DEBUG c.h.p.o.dependants.PodInfoConfigMap - [helmcust] Desired PodInfo ConfigMap (extension state hash: -1817474005)
2025-01-27 17:12:22,120 INFO c.h.h.t.HelmChartContainer - [hivemq-test-hivemq-platform] [hivemq-platform-operator] [4d8a7c36] 17:12:22.117 [pool-6-thread-32] DEBUG c.h.p.o.d.StatefulSetResource - [helmcust] Desired StatefulSet (2 replicas) for status STARTING (READY)
2025-01-27 17:12:22,130 INFO c.h.h.t.HelmChartContainer - [hivemq-test-hivemq-platform] [hivemq-platform-operator] [4d8a7c36] 17:12:22.129 [ReconcilerExecutor-hivemq-controller-117] INFO  c.h.p.o.HiveMQPlatformReconciler - [helmcust] Reconciling HiveMQ Platform 'test-hivemq-platform' in namespace 'helmcustomconfigit'
2025-01-27 17:12:22,136 INFO c.h.h.t.HelmChartContainer - [hivemq-test-hivemq-platform] [hivemq-platform-operator] [4d8a7c36] 17:12:22.129 [ReconcilerExecutor-hivemq-controller-117] DEBUG c.h.p.o.HiveMQPlatformReconciler - [helmcust] Custom Resource Status STARTING - HiveMQ Platform is starting (READY)
2025-01-27 17:12:22,136 INFO c.h.h.t.HelmChartContainer - [hivemq-test-hivemq-platform] [hivemq-platform-operator] [4d8a7c36] 17:12:22.129 [ReconcilerExecutor-hivemq-controller-117] DEBUG c.h.p.o.HiveMQPlatformReconciler - [helmcust] Custom Resource Spec (replicas: 2) (extensions: 1)
2025-01-27 17:12:22,150 INFO c.h.h.t.HelmChartContainer - [hivemq-test-hivemq-platform] [hivemq-platform-operator] [4d8a7c36] 17:12:22.147 [ReconcilerExecutor-hivemq-controller-117] DEBUG c.h.p.o.HiveMQPlatformReconciler - [helmcust] StatefulSet Status (revision: test-hivemq-platform-5c56b44869, replicas: 2, available: 1, ready: 1, current: 2, updated: 2)
2025-01-27 17:12:22,151 INFO c.h.h.t.HelmChartContainer - [hivemq-test-hivemq-platform] [hivemq-platform-operator] [4d8a7c36] 17:12:22.147 [ReconcilerExecutor-hivemq-controller-117] DEBUG c.h.p.o.HiveMQPlatformReconciler - [helmcust] StatefulSet Spec (replicas: 2, init containers: 1, containers: 1, volumes: 3)
2025-01-27 17:12:22,156 INFO c.h.h.t.HelmChartContainer - [hivemq-test-hivemq-platform] [hivemq-platform-operator] [4d8a7c36] 17:12:22.155 [ReconcilerExecutor-hivemq-controller-117] DEBUG c.h.p.o.h.HiveMQPlatformReconcilerErrorHandler - [helmcust] Pod 'test-hivemq-platform-1' phase Pending
2025-01-27 17:12:22,160 INFO c.h.h.t.HelmChartContainer - [hivemq-test-hivemq-platform] [hivemq-platform-operator] [4d8a7c36] 17:12:22.156 [ReconcilerExecutor-hivemq-controller-117] DEBUG c.h.p.o.h.HiveMQPlatformReconcilerErrorHandler - [helmcust] Pod 'test-hivemq-platform-1' condition 'PodReadyToStartContainers': True
2025-01-27 17:12:22,161 INFO c.h.h.t.HelmChartContainer - [hivemq-test-hivemq-platform] [hivemq-platform-operator] [4d8a7c36] 17:12:22.156 [ReconcilerExecutor-hivemq-controller-117] DEBUG c.h.p.o.h.HiveMQPlatformReconcilerErrorHandler - [helmcust] Pod 'test-hivemq-platform-1' condition 'Initialized': True
2025-01-27 17:12:22,161 INFO c.h.h.t.HelmChartContainer - [hivemq-test-hivemq-platform] [hivemq-platform-operator] [4d8a7c36] 17:12:22.156 [ReconcilerExecutor-hivemq-controller-117] DEBUG c.h.p.o.h.HiveMQPlatformReconcilerErrorHandler - [helmcust] Pod 'test-hivemq-platform-1' condition 'Ready': False
2025-01-27 17:12:22,161 INFO c.h.h.t.HelmChartContainer - [hivemq-test-hivemq-platform] [hivemq-platform-operator] [4d8a7c36] 17:12:22.156 [ReconcilerExecutor-hivemq-controller-117] DEBUG c.h.p.o.h.HiveMQPlatformReconcilerErrorHandler - [helmcust] Pod 'test-hivemq-platform-1' condition 'ContainersReady': False
2025-01-27 17:12:22,161 INFO c.h.h.t.HelmChartContainer - [hivemq-test-hivemq-platform] [hivemq-platform-operator] [4d8a7c36] 17:12:22.156 [ReconcilerExecutor-hivemq-controller-117] DEBUG c.h.p.o.h.HiveMQPlatformReconcilerErrorHandler - [helmcust] Pod 'test-hivemq-platform-1' condition 'PodScheduled': True
2025-01-27 17:12:22,161 INFO c.h.h.t.HelmChartContainer - [hivemq-test-hivemq-platform] [hivemq-platform-operator] [4d8a7c36] 17:12:22.156 [ReconcilerExecutor-hivemq-controller-117] DEBUG c.h.p.o.h.HiveMQPlatformReconcilerErrorHandler - [helmcust] Pod 'test-hivemq-platform-1' containerStatus 'hivemq' (started: false) (ready: false) (waiting: [PodInitializing] null)
2025-01-27 17:12:22,167 INFO c.h.h.t.HelmChartContainer - [hivemq-test-hivemq-platform] [hivemq-platform-operator] [4d8a7c36] 17:12:22.163 [ReconcilerExecutor-hivemq-controller-117] DEBUG c.h.p.o.h.HiveMQPlatformReconcilerErrorHandler - [helmcust] Pod 'test-hivemq-platform-0' phase Running
2025-01-27 17:12:22,169 INFO c.h.h.t.HelmChartContainer - [hivemq-test-hivemq-platform] [hivemq-platform-operator] [4d8a7c36] 17:12:22.167 [ReconcilerExecutor-hivemq-controller-117] INFO  c.h.p.o.h.HiveMQPlatformReconcilerBaseHandler - [helmcust] HiveMQ Platform is starting, 1 of 2 replicas are ready
2025-01-27 17:12:23,095 INFO c.h.h.t.HelmChartContainer - [POD] test-hivemq-platform-1 [37811035-8bce-4368-8674-8f62b238f0a9] in helmcustomconfigit was MODIFIED
2025-01-27 17:12:23,102 INFO c.h.h.t.HelmChartContainer - Started log watcher for hivemq in pod test-hivemq-platform-1 [37811035-8bce-4368-8674-8f62b238f0a9]
2025-01-27 17:12:23,103 INFO c.h.h.t.HelmChartContainer - [test-hivemq-platform] [hivemq] [37811035] Adding pre-installed HiveMQ Platform Operator extensions
2025-01-27 17:12:23,103 INFO c.h.h.t.HelmChartContainer - [test-hivemq-platform] [hivemq] [37811035] Running as user 10000
2025-01-27 17:12:23,103 INFO c.h.h.t.HelmChartContainer - [test-hivemq-platform] [hivemq] [37811035] Starting HiveMQ Platform Operator Init
2025-01-27 17:12:23,103 INFO c.h.h.t.HelmChartContainer - [EVENT] Normal [Started] Started container hivemq [helmcustomconfigit:test-hivemq-platform-1]
2025-01-27 17:12:23,103 INFO c.h.h.t.HelmChartContainer - Received Started event for container hivemq in pod test-hivemq-platform-1 [37811035-8bce-4368-8674-8f62b238f0a9]
2025-01-27 17:12:23,109 INFO c.h.h.t.HelmChartContainer - [hivemq-test-hivemq-platform] [hivemq-platform-operator] [4d8a7c36] 17:12:23.104 [pool-6-thread-42] DEBUG c.h.p.o.d.PlatformServiceResource - [helmcust] Desired Platform services (3 services)
2025-01-27 17:12:23,109 INFO c.h.h.t.HelmChartContainer - [hivemq-test-hivemq-platform] [hivemq-platform-operator] [4d8a7c36] 17:12:23.105 [pool-6-thread-48] DEBUG c.h.p.o.dependants.PodInfoConfigMap - [helmcust] Desired PodInfo ConfigMap (1 extensions) (1 enabled)
2025-01-27 17:12:23,109 INFO c.h.h.t.HelmChartContainer - [hivemq-test-hivemq-platform] [hivemq-platform-operator] [4d8a7c36] 17:12:23.105 [pool-6-thread-48] DEBUG c.h.p.o.dependants.PodInfoConfigMap - [helmcust] Desired PodInfo ConfigMap (metrics port: 9399) (metrics path: /)
2025-01-27 17:12:23,109 INFO c.h.h.t.HelmChartContainer - [hivemq-test-hivemq-platform] [hivemq-platform-operator] [4d8a7c36] 17:12:23.105 [pool-6-thread-48] DEBUG c.h.p.o.dependants.PodInfoConfigMap - [helmcust] Desired PodInfo ConfigMap (extension state hash: -1817474005)
2025-01-27 17:12:23,109 INFO c.h.h.t.HelmChartContainer - [hivemq-test-hivemq-platform] [hivemq-platform-operator] [4d8a7c36] 17:12:23.107 [pool-6-thread-43] DEBUG c.h.p.o.d.PodServiceAccountResource - [helmcust] Desired PodServiceAccountResource (serviceAccountName: hivemq-platform-pod-test-hivemq-platform)
2025-01-27 17:12:23,117 INFO c.h.h.t.HelmChartContainer - [hivemq-test-hivemq-platform] [hivemq-platform-operator] [4d8a7c36] 17:12:23.115 [pool-6-thread-42] DEBUG c.h.p.o.d.StatefulSetResource - [helmcust] Desired StatefulSet (2 replicas) for status STARTING (READY)
2025-01-27 17:12:23,119 INFO c.h.h.t.HelmChartContainer - [hivemq-test-hivemq-platform] [hivemq-platform-operator] [4d8a7c36] 17:12:23.119 [ReconcilerExecutor-hivemq-controller-118] INFO  c.h.p.o.HiveMQPlatformReconciler - [helmcust] Reconciling HiveMQ Platform 'test-hivemq-platform' in namespace 'helmcustomconfigit'
2025-01-27 17:12:23,120 INFO c.h.h.t.HelmChartContainer - [hivemq-test-hivemq-platform] [hivemq-platform-operator] [4d8a7c36] 17:12:23.119 [ReconcilerExecutor-hivemq-controller-118] DEBUG c.h.p.o.HiveMQPlatformReconciler - [helmcust] Custom Resource Status STARTING - HiveMQ Platform is starting (READY)
2025-01-27 17:12:23,147 INFO c.h.h.t.HelmChartContainer - [hivemq-test-hivemq-platform] [hivemq-platform-operator] [4d8a7c36] 17:12:23.146 [ReconcilerExecutor-hivemq-controller-118] DEBUG c.h.p.o.HiveMQPlatformReconciler - [helmcust] Custom Resource Spec (replicas: 2) (extensions: 1)
2025-01-27 17:12:23,151 INFO c.h.h.t.HelmChartContainer - [hivemq-test-hivemq-platform] [hivemq-platform-operator] [4d8a7c36] 17:12:23.150 [ReconcilerExecutor-hivemq-controller-118] DEBUG c.h.p.o.HiveMQPlatformReconciler - [helmcust] StatefulSet Status (revision: test-hivemq-platform-5c56b44869, replicas: 2, available: 1, ready: 1, current: 2, updated: 2)
2025-01-27 17:12:23,151 INFO c.h.h.t.HelmChartContainer - [hivemq-test-hivemq-platform] [hivemq-platform-operator] [4d8a7c36] 17:12:23.150 [ReconcilerExecutor-hivemq-controller-118] DEBUG c.h.p.o.HiveMQPlatformReconciler - [helmcust] StatefulSet Spec (replicas: 2, init containers: 1, containers: 1, volumes: 3)
2025-01-27 17:12:23,153 INFO c.h.h.t.HelmChartContainer - [hivemq-test-hivemq-platform] [hivemq-platform-operator] [4d8a7c36] 17:12:23.152 [ReconcilerExecutor-hivemq-controller-118] DEBUG c.h.p.o.h.HiveMQPlatformReconcilerErrorHandler - [helmcust] Pod 'test-hivemq-platform-1' phase Running
2025-01-27 17:12:23,155 INFO c.h.h.t.HelmChartContainer - [hivemq-test-hivemq-platform] [hivemq-platform-operator] [4d8a7c36] 17:12:23.154 [ReconcilerExecutor-hivemq-controller-118] DEBUG c.h.p.o.h.HiveMQPlatformReconcilerErrorHandler - [helmcust] Pod 'test-hivemq-platform-0' phase Running
2025-01-27 17:12:23,156 INFO c.h.h.t.HelmChartContainer - [hivemq-test-hivemq-platform] [hivemq-platform-operator] [4d8a7c36] 17:12:23.155 [ReconcilerExecutor-hivemq-controller-118] INFO  c.h.p.o.h.HiveMQPlatformReconcilerBaseHandler - [helmcust] HiveMQ Platform is starting, 1 of 2 replicas are ready
2025-01-27 17:12:23,483 INFO c.h.h.t.HelmChartContainer - [test-hivemq-platform] [hivemq] [37811035] INFO  - [HiveMQ Platform Operator Init 1.7.0-SNAPSHOT] HiveMQ Platform Operator Init 1.7.0-SNAPSHOT (commit: bebf408 on branch: HEAD) built on Sun Jan 26 20:47:47 UTC 2025
2025-01-27 17:12:24,683 INFO c.h.h.t.HelmChartContainer - [test-hivemq-platform] [hivemq] [37811035] INFO  - [HiveMQ Platform Operator Init App 1.7.0-SNAPSHOT] Using bind address 10.42.0.15 from environment variable
2025-01-27 17:12:25,687 INFO c.h.h.t.HelmChartContainer - [test-hivemq-platform] [hivemq] [37811035] INFO  - [HiveMQ Platform Operator Init App 1.7.0-SNAPSHOT] HiveMQ Platform Operator Init App 1.7.0-SNAPSHOT (commit: bebf408 on branch: HEAD) built on Sun Jan 26 20:47:47 UTC 2025
2025-01-27 17:12:25,688 INFO c.h.h.t.HelmChartContainer - [test-hivemq-platform] [hivemq] [37811035] INFO  - [HiveMQ Platform Operator Init App 1.7.0-SNAPSHOT] PodInfo ConfigMap directory: /etc/podinfo
2025-01-27 17:12:25,688 INFO c.h.h.t.HelmChartContainer - [test-hivemq-platform] [hivemq] [37811035] INFO  - [HiveMQ Platform Operator Init App 1.7.0-SNAPSHOT] HiveMQ home directory: /opt/hivemq
2025-01-27 17:12:25,688 INFO c.h.h.t.HelmChartContainer - [test-hivemq-platform] [hivemq] [37811035] INFO  - [HiveMQ Platform Operator Init App 1.7.0-SNAPSHOT] HiveMQ Logback folder: /opt/hivemq/conf
2025-01-27 17:12:25,688 INFO c.h.h.t.HelmChartContainer - [test-hivemq-platform] [hivemq] [37811035] INFO  - [HiveMQ Platform Operator Init App 1.7.0-SNAPSHOT] HiveMQ Config folder: /opt/hivemq/conf-k8s
2025-01-27 17:12:25,688 INFO c.h.h.t.HelmChartContainer - [test-hivemq-platform] [hivemq] [37811035] INFO  - [HiveMQ Platform Operator Init App 1.7.0-SNAPSHOT] Starting HiveMQ Platform Operator Init App
2025-01-27 17:12:25,688 INFO c.h.h.t.HelmChartContainer - [test-hivemq-platform] [hivemq] [37811035] INFO  - [HiveMQ Platform Operator Init App 1.7.0-SNAPSHOT] Starting Pod reconciler
2025-01-27 17:12:26,989 INFO c.h.h.t.HelmChartContainer - [test-hivemq-platform] [hivemq] [37811035] INFO  - [HiveMQ Platform Operator Init App 1.7.0-SNAPSHOT] Pod reconciler is scheduled (interval: 5000 ms)
2025-01-27 17:12:26,990 INFO c.h.h.t.HelmChartContainer - [test-hivemq-platform] [hivemq] [37811035] INFO  - [HiveMQ Platform Operator Init App 1.7.0-SNAPSHOT] Starting the REST API on 10.42.0.15:7979
2025-01-27 17:12:26,992 INFO c.h.h.t.HelmChartContainer - [test-hivemq-platform] [hivemq] [37811035] INFO  - [HiveMQ Platform Operator Init App 1.7.0-SNAPSHOT] Waiting up to 600s for at most 2 HiveMQ nodes in cluster service hivemq-test-hivemq-platform-cluster.helmcustomconfigit.svc
2025-01-27 17:12:27,390 INFO c.h.h.t.HelmChartContainer - [test-hivemq-platform] [hivemq] [37811035] INFO  - [HiveMQ Platform Operator Init App 1.7.0-SNAPSHOT] Resolved 2 IP addresses: [10.42.0.14, 10.42.0.15]
2025-01-27 17:12:27,390 INFO c.h.h.t.HelmChartContainer - [test-hivemq-platform] [hivemq] [37811035] INFO  - [HiveMQ Platform Operator Init App 1.7.0-SNAPSHOT] HiveMQ node count of 2 is within threshold of 2
2025-01-27 17:12:27,390 INFO c.h.h.t.HelmChartContainer - [test-hivemq-platform] [hivemq] [37811035] INFO  - [HiveMQ Platform Operator Init App 1.7.0-SNAPSHOT] Proceeding with container start
2025-01-27 17:12:27,489 INFO c.h.h.t.HelmChartContainer - [test-hivemq-platform] [hivemq] [37811035] INFO  - [HiveMQ Platform Operator Init App 1.7.0-SNAPSHOT] Initializing HiveMQ Platform extensions with initial configuration: {hivemq-allow-all-extension={start-priority=-1, skip-https-hostname-verification=false, restart=true, config-version=0, header-version=0, c-uri=, priority=-1, uri=preinstalled, skip-https-certificate-validation=false, enabled=true}, hivemq-prometheus-extension={priority=-1, start-priority=-1, c-uri=, skip-https-hostname-verification=false, skip-https-certificate-validation=false, uri=preinstalled, request-header-path=no-request-headers, enabled=true, restart=true}}
2025-01-27 17:12:27,938 INFO c.h.h.t.HelmChartContainer - [test-hivemq-platform] [hivemq] [37811035] INFO  - [HiveMQ Platform Operator Init App 1.7.0-SNAPSHOT] Extension hivemq-allow-all-extension was already enabled
2025-01-27 17:12:28,034 INFO c.h.h.t.HelmChartContainer - [test-hivemq-platform] [hivemq] [37811035] INFO  - [HiveMQ Platform Operator Init App 1.7.0-SNAPSHOT] Successfully enabled extension hivemq-prometheus-extension
2025-01-27 17:12:28,035 INFO c.h.h.t.HelmChartContainer - [test-hivemq-platform] [hivemq] [37811035] INFO  - [HiveMQ Platform Operator Init App 1.7.0-SNAPSHOT] Starting HiveMQ Platform version 4.35.0 (4.35.0)
2025-01-27 17:12:28,035 INFO c.h.h.t.HelmChartContainer - [test-hivemq-platform] [hivemq] [37811035] INFO  - [HiveMQ Platform Operator Init App 1.7.0-SNAPSHOT] Configuring the HiveMQ Platform
2025-01-27 17:12:28,089 INFO c.h.h.t.HelmChartContainer - [test-hivemq-platform] [hivemq] [37811035] INFO  - [HiveMQ Platform Operator Init App 1.7.0-SNAPSHOT] Changed logback.xml file scan period to 20 seconds
2025-01-27 17:12:28,137 INFO c.h.h.t.HelmChartContainer - [test-hivemq-platform] [hivemq] [37811035] INFO  - [HiveMQ Platform Operator Init App 1.7.0-SNAPSHOT] Starting the HiveMQ Platform
2025-01-27 17:12:28,140 INFO c.h.h.t.HelmChartContainer - [test-hivemq-platform] [hivemq] [37811035] -------------------------------------------------------------------------
2025-01-27 17:12:28,140 INFO c.h.h.t.HelmChartContainer - [test-hivemq-platform] [hivemq] [37811035] 
2025-01-27 17:12:28,140 INFO c.h.h.t.HelmChartContainer - [test-hivemq-platform] [hivemq] [37811035]                   _    _  _              __  __   ____
2025-01-27 17:12:28,140 INFO c.h.h.t.HelmChartContainer - [test-hivemq-platform] [hivemq] [37811035]                  | |  | |(_)            |  \/  | / __ \
2025-01-27 17:12:28,140 INFO c.h.h.t.HelmChartContainer - [test-hivemq-platform] [hivemq] [37811035]                  | |__| | _ __   __ ___ | \  / || |  | |
2025-01-27 17:12:28,140 INFO c.h.h.t.HelmChartContainer - [test-hivemq-platform] [hivemq] [37811035]                  |  __  || |\ \ / // _ \| |\/| || |  | |
2025-01-27 17:12:28,140 INFO c.h.h.t.HelmChartContainer - [test-hivemq-platform] [hivemq] [37811035]                  | |  | || | \ V /|  __/| |  | || |__| |
2025-01-27 17:12:28,140 INFO c.h.h.t.HelmChartContainer - [test-hivemq-platform] [hivemq] [37811035]                  |_|  |_||_|  \_/  \___||_|  |_| \___\_\
2025-01-27 17:12:28,140 INFO c.h.h.t.HelmChartContainer - [test-hivemq-platform] [hivemq] [37811035] 
2025-01-27 17:12:28,140 INFO c.h.h.t.HelmChartContainer - [test-hivemq-platform] [hivemq] [37811035] -------------------------------------------------------------------------
2025-01-27 17:12:28,140 INFO c.h.h.t.HelmChartContainer - [test-hivemq-platform] [hivemq] [37811035] 
2025-01-27 17:12:28,140 INFO c.h.h.t.HelmChartContainer - [test-hivemq-platform] [hivemq] [37811035]   HiveMQ Start Script for Linux/Unix v1.14
2025-01-27 17:12:28,140 INFO c.h.h.t.HelmChartContainer - [test-hivemq-platform] [hivemq] [37811035] 
2025-01-27 17:12:28,238 INFO c.h.h.t.HelmChartContainer - [test-hivemq-platform] [hivemq] [37811035] -------------------------------------------------------------------------
2025-01-27 17:12:28,238 INFO c.h.h.t.HelmChartContainer - [test-hivemq-platform] [hivemq] [37811035] 
2025-01-27 17:12:28,238 INFO c.h.h.t.HelmChartContainer - [test-hivemq-platform] [hivemq] [37811035]   HIVEMQ_HOME: /opt/hivemq
2025-01-27 17:12:28,238 INFO c.h.h.t.HelmChartContainer - [test-hivemq-platform] [hivemq] [37811035] 
2025-01-27 17:12:28,238 INFO c.h.h.t.HelmChartContainer - [test-hivemq-platform] [hivemq] [37811035]   JAVA_OPTS: -XX:+UnlockExperimentalVMOptions -XX:InitialRAMPercentage=50 -XX:MaxRAMPercentage=50 -Djava.net.preferIPv4Stack=true --add-opens java.base/java.lang=ALL-UNNAMED --add-opens java.base/java.nio=ALL-UNNAMED --add-opens java.base/sun.nio.ch=ALL-UNNAMED --add-opens jdk.management/com.sun.management.internal=ALL-UNNAMED --add-exports java.base/jdk.internal.misc=ALL-UNNAMED -Djava.security.egd=file:/dev/./urandom -Dcom.sun.management.jmxremote -Dcom.sun.management.jmxremote.port=9010 -Dcom.sun.management.jmxremote.local.only=false -Dcom.sun.management.jmxremote.authenticate=false -Dcom.sun.management.jmxremote.ssl=false -Duser.language=en -Duser.region=US -XX:+CrashOnOutOfMemoryError -XX:+HeapDumpOnOutOfMemoryError
2025-01-27 17:12:28,238 INFO c.h.h.t.HelmChartContainer - [test-hivemq-platform] [hivemq] [37811035] 
2025-01-27 17:12:28,238 INFO c.h.h.t.HelmChartContainer - [test-hivemq-platform] [hivemq] [37811035]   JAVA_VERSION: 21
2025-01-27 17:12:28,238 INFO c.h.h.t.HelmChartContainer - [test-hivemq-platform] [hivemq] [37811035] 
2025-01-27 17:12:28,238 INFO c.h.h.t.HelmChartContainer - [test-hivemq-platform] [hivemq] [37811035] -------------------------------------------------------------------------
2025-01-27 17:12:28,238 INFO c.h.h.t.HelmChartContainer - [test-hivemq-platform] [hivemq] [37811035] 
2025-01-27 17:12:29,136 INFO c.h.h.t.HelmChartContainer - [test-hivemq-platform] [hivemq] [37811035] INFO  - [HiveMQ Platform Operator Init App 1.7.0-SNAPSHOT] Returning default Health API response 503 for readiness
2025-01-27 17:12:29,686 INFO c.h.h.t.HelmChartContainer - [EVENT] Warning [Unhealthy] Readiness probe failed: HTTP probe failed with statuscode: 503 [helmcustomconfigit:test-hivemq-platform-1]
2025-01-27 17:12:29,686 INFO c.h.h.t.HelmChartContainer - Received Unhealthy event for container hivemq in pod test-hivemq-platform-1 [37811035-8bce-4368-8674-8f62b238f0a9]
2025-01-27 17:12:30,992 INFO c.h.h.t.HelmChartContainer - [test-hivemq-platform] [hivemq] [37811035] INFO  - Starting HiveMQ Enterprise Server
2025-01-27 17:12:31,032 INFO c.h.h.t.HelmChartContainer - [test-hivemq-platform] [hivemq] [37811035] INFO  - HiveMQ version: 4.35.0
2025-01-27 17:12:31,032 INFO c.h.h.t.HelmChartContainer - [test-hivemq-platform] [hivemq] [37811035] INFO  - HiveMQ home directory: /opt/hivemq
2025-01-27 17:12:31,033 INFO c.h.h.t.HelmChartContainer - [test-hivemq-platform] [hivemq] [37811035] INFO  - Log Configuration was overridden by /opt/hivemq/conf/logback.xml
2025-01-27 17:12:32,731 INFO c.h.h.t.HelmChartContainer - [test-hivemq-platform] [hivemq] [37811035] INFO  - Successfully loaded configuration from '/opt/hivemq/conf-k8s/config.xml'.
2025-01-27 17:12:33,161 INFO c.h.h.t.HelmChartContainer - [hivemq-test-hivemq-platform] [hivemq-platform-operator] [4d8a7c36] 17:12:33.160 [pool-6-thread-4] DEBUG c.h.p.o.d.PlatformServiceResource - [helmcust] Desired Platform services (3 services)
2025-01-27 17:12:33,163 INFO c.h.h.t.HelmChartContainer - [hivemq-test-hivemq-platform] [hivemq-platform-operator] [4d8a7c36] 17:12:33.160 [pool-6-thread-3] DEBUG c.h.p.o.d.PodServiceAccountResource - [helmcust] Desired PodServiceAccountResource (serviceAccountName: hivemq-platform-pod-test-hivemq-platform)
2025-01-27 17:12:33,165 INFO c.h.h.t.HelmChartContainer - [hivemq-test-hivemq-platform] [hivemq-platform-operator] [4d8a7c36] 17:12:33.163 [pool-6-thread-2] DEBUG c.h.p.o.dependants.PodInfoConfigMap - [helmcust] Desired PodInfo ConfigMap (1 extensions) (1 enabled)
2025-01-27 17:12:33,165 INFO c.h.h.t.HelmChartContainer - [hivemq-test-hivemq-platform] [hivemq-platform-operator] [4d8a7c36] 17:12:33.164 [pool-6-thread-2] DEBUG c.h.p.o.dependants.PodInfoConfigMap - [helmcust] Desired PodInfo ConfigMap (metrics port: 9399) (metrics path: /)
2025-01-27 17:12:33,165 INFO c.h.h.t.HelmChartContainer - [hivemq-test-hivemq-platform] [hivemq-platform-operator] [4d8a7c36] 17:12:33.164 [pool-6-thread-2] DEBUG c.h.p.o.dependants.PodInfoConfigMap - [helmcust] Desired PodInfo ConfigMap (extension state hash: -1817474005)
2025-01-27 17:12:33,171 INFO c.h.h.t.HelmChartContainer - [hivemq-test-hivemq-platform] [hivemq-platform-operator] [4d8a7c36] 17:12:33.170 [pool-6-thread-4] DEBUG c.h.p.o.d.StatefulSetResource - [helmcust] Desired StatefulSet (2 replicas) for status STARTING (READY)
2025-01-27 17:12:33,176 INFO c.h.h.t.HelmChartContainer - [hivemq-test-hivemq-platform] [hivemq-platform-operator] [4d8a7c36] 17:12:33.174 [ReconcilerExecutor-hivemq-controller-119] INFO  c.h.p.o.HiveMQPlatformReconciler - [helmcust] Reconciling HiveMQ Platform 'test-hivemq-platform' in namespace 'helmcustomconfigit'
2025-01-27 17:12:33,176 INFO c.h.h.t.HelmChartContainer - [hivemq-test-hivemq-platform] [hivemq-platform-operator] [4d8a7c36] 17:12:33.174 [ReconcilerExecutor-hivemq-controller-119] DEBUG c.h.p.o.HiveMQPlatformReconciler - [helmcust] Custom Resource Status STARTING - HiveMQ Platform is starting (READY)
2025-01-27 17:12:33,176 INFO c.h.h.t.HelmChartContainer - [hivemq-test-hivemq-platform] [hivemq-platform-operator] [4d8a7c36] 17:12:33.174 [ReconcilerExecutor-hivemq-controller-119] DEBUG c.h.p.o.HiveMQPlatformReconciler - [helmcust] Custom Resource Spec (replicas: 2) (extensions: 1)
2025-01-27 17:12:33,177 INFO c.h.h.t.HelmChartContainer - [hivemq-test-hivemq-platform] [hivemq-platform-operator] [4d8a7c36] 17:12:33.176 [ReconcilerExecutor-hivemq-controller-119] DEBUG c.h.p.o.HiveMQPlatformReconciler - [helmcust] StatefulSet Status (revision: test-hivemq-platform-5c56b44869, replicas: 2, available: 1, ready: 1, current: 2, updated: 2)
2025-01-27 17:12:33,177 INFO c.h.h.t.HelmChartContainer - [hivemq-test-hivemq-platform] [hivemq-platform-operator] [4d8a7c36] 17:12:33.176 [ReconcilerExecutor-hivemq-controller-119] DEBUG c.h.p.o.HiveMQPlatformReconciler - [helmcust] StatefulSet Spec (replicas: 2, init containers: 1, containers: 1, volumes: 3)
2025-01-27 17:12:33,178 INFO c.h.h.t.HelmChartContainer - [hivemq-test-hivemq-platform] [hivemq-platform-operator] [4d8a7c36] 17:12:33.177 [ReconcilerExecutor-hivemq-controller-119] DEBUG c.h.p.o.h.HiveMQPlatformReconcilerErrorHandler - [helmcust] Pod 'test-hivemq-platform-1' phase Running
2025-01-27 17:12:33,180 INFO c.h.h.t.HelmChartContainer - [hivemq-test-hivemq-platform] [hivemq-platform-operator] [4d8a7c36] 17:12:33.179 [ReconcilerExecutor-hivemq-controller-119] DEBUG c.h.p.o.h.HiveMQPlatformReconcilerErrorHandler - [helmcust] Pod 'test-hivemq-platform-0' phase Running
2025-01-27 17:12:33,184 INFO c.h.h.t.HelmChartContainer - [hivemq-test-hivemq-platform] [hivemq-platform-operator] [4d8a7c36] 17:12:33.179 [ReconcilerExecutor-hivemq-controller-119] INFO  c.h.p.o.h.HiveMQPlatformReconcilerBaseHandler - [helmcust] HiveMQ Platform is starting, 1 of 2 replicas are ready
2025-01-27 17:12:33,531 INFO c.h.h.t.HelmChartContainer - [test-hivemq-platform] [hivemq] [37811035] INFO  - This node's ID is ZBIDo
2025-01-27 17:12:33,535 INFO c.h.h.t.HelmChartContainer - [test-hivemq-platform] [hivemq] [37811035] INFO  - Clustering is enabled
2025-01-27 17:12:34,590 INFO c.h.h.t.HelmChartContainer - [test-hivemq-platform] [hivemq] [37811035] WARN  - [HiveMQ Platform Operator Init App 1.7.0-SNAPSHOT] Cannot connect to Health API for readiness: null
2025-01-27 17:12:34,594 INFO c.h.h.t.HelmChartContainer - [EVENT] Warning [Unhealthy] Readiness probe failed: HTTP probe failed with statuscode: 503 [helmcustomconfigit:test-hivemq-platform-1]
2025-01-27 17:12:34,594 INFO c.h.h.t.HelmChartContainer - Received Unhealthy event for container hivemq in pod test-hivemq-platform-1 [37811035-8bce-4368-8674-8f62b238f0a9]
2025-01-27 17:12:36,896 INFO c.h.h.t.HelmChartContainer - [test-hivemq-platform] [hivemq] [4b643c24] INFO  - [HiveMQ Platform Operator Init App 1.7.0-SNAPSHOT] Returning Health API response 200 for liveness
2025-01-27 17:12:37,187 INFO c.h.h.t.HelmChartContainer - [test-hivemq-platform] [hivemq] [37811035] Jan 27, 2025 5:12:37 PM io.vertx.core.impl.BlockedThreadChecker
2025-01-27 17:12:37,187 INFO c.h.h.t.HelmChartContainer - [test-hivemq-platform] [hivemq] [37811035] WARNING: Thread Thread[vert.x-eventloop-thread-1,5,main] has been blocked for 2195 ms, time limit is 2000 ms
2025-01-27 17:12:38,186 INFO c.h.h.t.HelmChartContainer - [test-hivemq-platform] [hivemq] [37811035] Jan 27, 2025 5:12:38 PM io.vertx.core.impl.BlockedThreadChecker
2025-01-27 17:12:38,186 INFO c.h.h.t.HelmChartContainer - [test-hivemq-platform] [hivemq] [37811035] WARNING: Thread Thread[vert.x-eventloop-thread-1,5,main] has been blocked for 3196 ms, time limit is 2000 ms
2025-01-27 17:12:38,534 INFO c.h.h.t.HelmChartContainer - [test-hivemq-platform] [hivemq] [37811035] INFO  - [HiveMQ Platform Operator Init App 1.7.0-SNAPSHOT] Updating Pod HiveMQ Platform Operator Init App version annotation (version: 1.7.0-SNAPSHOT)
2025-01-27 17:12:39,133 INFO c.h.h.t.HelmChartContainer - [test-hivemq-platform] [hivemq] [37811035] WARN  - [HiveMQ Platform Operator Init App 1.7.0-SNAPSHOT] Cannot connect to Health API for readiness: null
2025-01-27 17:12:39,185 INFO c.h.h.t.HelmChartContainer - [EVENT] Warning [Unhealthy] Readiness probe failed: HTTP probe failed with statuscode: 503 [helmcustomconfigit:test-hivemq-platform-1]
2025-01-27 17:12:39,185 INFO c.h.h.t.HelmChartContainer - Received Unhealthy event for container hivemq in pod test-hivemq-platform-1 [37811035-8bce-4368-8674-8f62b238f0a9]
2025-01-27 17:12:39,586 INFO c.h.h.t.HelmChartContainer - [POD] test-hivemq-platform-1 [37811035-8bce-4368-8674-8f62b238f0a9] in helmcustomconfigit was MODIFIED
2025-01-27 17:12:39,591 INFO c.h.h.t.HelmChartContainer - [test-hivemq-platform] [hivemq] [37811035] WARN  - [HiveMQ Platform Operator Init App 1.7.0-SNAPSHOT] Cannot connect to Health API for readiness: null
2025-01-27 17:12:39,598 INFO c.h.h.t.HelmChartContainer - [EVENT] Warning [Unhealthy] Readiness probe failed: HTTP probe failed with statuscode: 503 [helmcustomconfigit:test-hivemq-platform-1]
2025-01-27 17:12:39,598 INFO c.h.h.t.HelmChartContainer - Received Unhealthy event for container hivemq in pod test-hivemq-platform-1 [37811035-8bce-4368-8674-8f62b238f0a9]
2025-01-27 17:12:39,604 INFO c.h.h.t.HelmChartContainer - [hivemq-test-hivemq-platform] [hivemq-platform-operator] [4d8a7c36] 17:12:39.601 [pool-6-thread-14] DEBUG c.h.p.o.d.PlatformServiceResource - [helmcust] Desired Platform services (3 services)
2025-01-27 17:12:39,604 INFO c.h.h.t.HelmChartContainer - [hivemq-test-hivemq-platform] [hivemq-platform-operator] [4d8a7c36] 17:12:39.602 [pool-6-thread-20] DEBUG c.h.p.o.d.PodServiceAccountResource - [helmcust] Desired PodServiceAccountResource (serviceAccountName: hivemq-platform-pod-test-hivemq-platform)
2025-01-27 17:12:39,607 INFO c.h.h.t.HelmChartContainer - [hivemq-test-hivemq-platform] [hivemq-platform-operator] [4d8a7c36] 17:12:39.603 [pool-6-thread-19] DEBUG c.h.p.o.dependants.PodInfoConfigMap - [helmcust] Desired PodInfo ConfigMap (1 extensions) (1 enabled)
2025-01-27 17:12:39,607 INFO c.h.h.t.HelmChartContainer - [hivemq-test-hivemq-platform] [hivemq-platform-operator] [4d8a7c36] 17:12:39.605 [pool-6-thread-19] DEBUG c.h.p.o.dependants.PodInfoConfigMap - [helmcust] Desired PodInfo ConfigMap (metrics port: 9399) (metrics path: /)
2025-01-27 17:12:39,607 INFO c.h.h.t.HelmChartContainer - [hivemq-test-hivemq-platform] [hivemq-platform-operator] [4d8a7c36] 17:12:39.605 [pool-6-thread-19] DEBUG c.h.p.o.dependants.PodInfoConfigMap - [helmcust] Desired PodInfo ConfigMap (extension state hash: -1817474005)
2025-01-27 17:12:39,610 INFO c.h.h.t.HelmChartContainer - [hivemq-test-hivemq-platform] [hivemq-platform-operator] [4d8a7c36] 17:12:39.609 [pool-6-thread-14] DEBUG c.h.p.o.d.StatefulSetResource - [helmcust] Desired StatefulSet (2 replicas) for status STARTING (READY)
2025-01-27 17:12:39,613 INFO c.h.h.t.HelmChartContainer - [hivemq-test-hivemq-platform] [hivemq-platform-operator] [4d8a7c36] 17:12:39.612 [ReconcilerExecutor-hivemq-controller-120] INFO  c.h.p.o.HiveMQPlatformReconciler - [helmcust] Reconciling HiveMQ Platform 'test-hivemq-platform' in namespace 'helmcustomconfigit'
2025-01-27 17:12:39,613 INFO c.h.h.t.HelmChartContainer - [hivemq-test-hivemq-platform] [hivemq-platform-operator] [4d8a7c36] 17:12:39.612 [ReconcilerExecutor-hivemq-controller-120] DEBUG c.h.p.o.HiveMQPlatformReconciler - [helmcust] Custom Resource Status STARTING - HiveMQ Platform is starting (READY)
2025-01-27 17:12:39,614 INFO c.h.h.t.HelmChartContainer - [hivemq-test-hivemq-platform] [hivemq-platform-operator] [4d8a7c36] 17:12:39.612 [ReconcilerExecutor-hivemq-controller-120] DEBUG c.h.p.o.HiveMQPlatformReconciler - [helmcust] Custom Resource Spec (replicas: 2) (extensions: 1)
2025-01-27 17:12:39,615 INFO c.h.h.t.HelmChartContainer - [hivemq-test-hivemq-platform] [hivemq-platform-operator] [4d8a7c36] 17:12:39.614 [ReconcilerExecutor-hivemq-controller-120] DEBUG c.h.p.o.HiveMQPlatformReconciler - [helmcust] StatefulSet Status (revision: test-hivemq-platform-5c56b44869, replicas: 2, available: 1, ready: 1, current: 2, updated: 2)
2025-01-27 17:12:39,615 INFO c.h.h.t.HelmChartContainer - [hivemq-test-hivemq-platform] [hivemq-platform-operator] [4d8a7c36] 17:12:39.614 [ReconcilerExecutor-hivemq-controller-120] DEBUG c.h.p.o.HiveMQPlatformReconciler - [helmcust] StatefulSet Spec (replicas: 2, init containers: 1, containers: 1, volumes: 3)
2025-01-27 17:12:39,630 INFO c.h.h.t.HelmChartContainer - [test-hivemq-platform] [hivemq] [37811035] INFO  - [HiveMQ Platform Operator Init App 1.7.0-SNAPSHOT] Successfully updated Pod HiveMQ Platform Operator Init App version annotation (version: 1.7.0-SNAPSHOT)
2025-01-27 17:12:39,646 INFO c.h.h.t.HelmChartContainer - [hivemq-test-hivemq-platform] [hivemq-platform-operator] [4d8a7c36] 17:12:39.615 [ReconcilerExecutor-hivemq-controller-120] DEBUG c.h.p.o.h.HiveMQPlatformReconcilerErrorHandler - [helmcust] Pod 'test-hivemq-platform-1' phase Running
2025-01-27 17:12:39,648 INFO c.h.h.t.HelmChartContainer - [hivemq-test-hivemq-platform] [hivemq-platform-operator] [4d8a7c36] 17:12:39.646 [ReconcilerExecutor-hivemq-controller-120] DEBUG c.h.p.o.h.HiveMQPlatformReconcilerErrorHandler - [helmcust] Pod 'test-hivemq-platform-0' phase Running
2025-01-27 17:12:39,648 INFO c.h.h.t.HelmChartContainer - [hivemq-test-hivemq-platform] [hivemq-platform-operator] [4d8a7c36] 17:12:39.647 [ReconcilerExecutor-hivemq-controller-120] INFO  c.h.p.o.h.HiveMQPlatformReconcilerBaseHandler - [helmcust] HiveMQ Platform is starting, 1 of 2 replicas are ready
2025-01-27 17:12:44,591 INFO c.h.h.t.HelmChartContainer - [test-hivemq-platform] [hivemq] [37811035] WARN  - [HiveMQ Platform Operator Init App 1.7.0-SNAPSHOT] Cannot connect to Health API for readiness: null
2025-01-27 17:12:44,596 INFO c.h.h.t.HelmChartContainer - [EVENT] Warning [Unhealthy] Readiness probe failed: HTTP probe failed with statuscode: 503 [helmcustomconfigit:test-hivemq-platform-1]
2025-01-27 17:12:44,596 INFO c.h.h.t.HelmChartContainer - Received Unhealthy event for container hivemq in pod test-hivemq-platform-1 [37811035-8bce-4368-8674-8f62b238f0a9]
2025-01-27 17:12:49,589 INFO c.h.h.t.HelmChartContainer - [test-hivemq-platform] [hivemq] [37811035] WARN  - [HiveMQ Platform Operator Init App 1.7.0-SNAPSHOT] Cannot connect to Health API for readiness: null
2025-01-27 17:12:49,594 INFO c.h.h.t.HelmChartContainer - [EVENT] Warning [Unhealthy] Readiness probe failed: HTTP probe failed with statuscode: 503 [helmcustomconfigit:test-hivemq-platform-1]
2025-01-27 17:12:49,595 INFO c.h.h.t.HelmChartContainer - Received Unhealthy event for container hivemq in pod test-hivemq-platform-1 [37811035-8bce-4368-8674-8f62b238f0a9]
2025-01-27 17:12:49,653 INFO c.h.h.t.HelmChartContainer - [hivemq-test-hivemq-platform] [hivemq-platform-operator] [4d8a7c36] 17:12:49.650 [pool-6-thread-25] DEBUG c.h.p.o.d.PlatformServiceResource - [helmcust] Desired Platform services (3 services)
2025-01-27 17:12:49,655 INFO c.h.h.t.HelmChartContainer - [hivemq-test-hivemq-platform] [hivemq-platform-operator] [4d8a7c36] 17:12:49.651 [pool-6-thread-22] DEBUG c.h.p.o.dependants.PodInfoConfigMap - [helmcust] Desired PodInfo ConfigMap (1 extensions) (1 enabled)
2025-01-27 17:12:49,655 INFO c.h.h.t.HelmChartContainer - [hivemq-test-hivemq-platform] [hivemq-platform-operator] [4d8a7c36] 17:12:49.651 [pool-6-thread-24] DEBUG c.h.p.o.d.PodServiceAccountResource - [helmcust] Desired PodServiceAccountResource (serviceAccountName: hivemq-platform-pod-test-hivemq-platform)
2025-01-27 17:12:49,655 INFO c.h.h.t.HelmChartContainer - [hivemq-test-hivemq-platform] [hivemq-platform-operator] [4d8a7c36] 17:12:49.652 [pool-6-thread-22] DEBUG c.h.p.o.dependants.PodInfoConfigMap - [helmcust] Desired PodInfo ConfigMap (metrics port: 9399) (metrics path: /)
2025-01-27 17:12:49,655 INFO c.h.h.t.HelmChartContainer - [hivemq-test-hivemq-platform] [hivemq-platform-operator] [4d8a7c36] 17:12:49.652 [pool-6-thread-22] DEBUG c.h.p.o.dependants.PodInfoConfigMap - [helmcust] Desired PodInfo ConfigMap (extension state hash: -1817474005)
2025-01-27 17:12:49,658 INFO c.h.h.t.HelmChartContainer - [hivemq-test-hivemq-platform] [hivemq-platform-operator] [4d8a7c36] 17:12:49.657 [pool-6-thread-23] DEBUG c.h.p.o.d.StatefulSetResource - [helmcust] Desired StatefulSet (2 replicas) for status STARTING (READY)
2025-01-27 17:12:49,661 INFO c.h.h.t.HelmChartContainer - [hivemq-test-hivemq-platform] [hivemq-platform-operator] [4d8a7c36] 17:12:49.660 [ReconcilerExecutor-hivemq-controller-121] INFO  c.h.p.o.HiveMQPlatformReconciler - [helmcust] Reconciling HiveMQ Platform 'test-hivemq-platform' in namespace 'helmcustomconfigit'
2025-01-27 17:12:49,662 INFO c.h.h.t.HelmChartContainer - [hivemq-test-hivemq-platform] [hivemq-platform-operator] [4d8a7c36] 17:12:49.660 [ReconcilerExecutor-hivemq-controller-121] DEBUG c.h.p.o.HiveMQPlatformReconciler - [helmcust] Custom Resource Status STARTING - HiveMQ Platform is starting (READY)
2025-01-27 17:12:49,662 INFO c.h.h.t.HelmChartContainer - [hivemq-test-hivemq-platform] [hivemq-platform-operator] [4d8a7c36] 17:12:49.660 [ReconcilerExecutor-hivemq-controller-121] DEBUG c.h.p.o.HiveMQPlatformReconciler - [helmcust] Custom Resource Spec (replicas: 2) (extensions: 1)
2025-01-27 17:12:49,663 INFO c.h.h.t.HelmChartContainer - [hivemq-test-hivemq-platform] [hivemq-platform-operator] [4d8a7c36] 17:12:49.662 [ReconcilerExecutor-hivemq-controller-121] DEBUG c.h.p.o.HiveMQPlatformReconciler - [helmcust] StatefulSet Status (revision: test-hivemq-platform-5c56b44869, replicas: 2, available: 1, ready: 1, current: 2, updated: 2)
2025-01-27 17:12:49,663 INFO c.h.h.t.HelmChartContainer - [hivemq-test-hivemq-platform] [hivemq-platform-operator] [4d8a7c36] 17:12:49.662 [ReconcilerExecutor-hivemq-controller-121] DEBUG c.h.p.o.HiveMQPlatformReconciler - [helmcust] StatefulSet Spec (replicas: 2, init containers: 1, containers: 1, volumes: 3)
2025-01-27 17:12:49,665 INFO c.h.h.t.HelmChartContainer - [hivemq-test-hivemq-platform] [hivemq-platform-operator] [4d8a7c36] 17:12:49.664 [ReconcilerExecutor-hivemq-controller-121] DEBUG c.h.p.o.h.HiveMQPlatformReconcilerErrorHandler - [helmcust] Pod 'test-hivemq-platform-1' phase Running
2025-01-27 17:12:49,666 INFO c.h.h.t.HelmChartContainer - [hivemq-test-hivemq-platform] [hivemq-platform-operator] [4d8a7c36] 17:12:49.665 [ReconcilerExecutor-hivemq-controller-121] DEBUG c.h.p.o.h.HiveMQPlatformReconcilerErrorHandler - [helmcust] Pod 'test-hivemq-platform-0' phase Running
2025-01-27 17:12:49,666 INFO c.h.h.t.HelmChartContainer - [hivemq-test-hivemq-platform] [hivemq-platform-operator] [4d8a7c36] 17:12:49.665 [ReconcilerExecutor-hivemq-controller-121] INFO  c.h.p.o.h.HiveMQPlatformReconcilerBaseHandler - [helmcust] HiveMQ Platform is starting, 1 of 2 replicas are ready
2025-01-27 17:12:51,083 INFO c.h.h.t.HelmChartContainer - [test-hivemq-platform] [hivemq] [37811035] INFO  - No valid license file found. Using trial license, restricted to 25 connections.
2025-01-27 17:12:51,883 INFO c.h.h.t.HelmChartContainer - [test-hivemq-platform] [hivemq] [37811035] WARN  - [HiveMQ Platform Operator Init App 1.7.0-SNAPSHOT] Cannot connect to Health API for liveness: null
2025-01-27 17:12:51,883 INFO c.h.h.t.HelmChartContainer - [test-hivemq-platform] [hivemq] [37811035] INFO  - [HiveMQ Platform Operator Init App 1.7.0-SNAPSHOT] Returning default Health API response 200 for liveness
2025-01-27 17:12:54,236 INFO c.h.h.t.HelmChartContainer - [test-hivemq-platform] [hivemq] [37811035] INFO  - No valid license file for Data Hub found. Using free license, restricted to 1 policy.
2025-01-27 17:12:54,632 INFO c.h.h.t.HelmChartContainer - [test-hivemq-platform] [hivemq] [37811035] WARN  - [HiveMQ Platform Operator Init App 1.7.0-SNAPSHOT] Cannot connect to Health API for readiness: null
2025-01-27 17:12:54,637 INFO c.h.h.t.HelmChartContainer - [EVENT] Warning [Unhealthy] Readiness probe failed: HTTP probe failed with statuscode: 503 [helmcustomconfigit:test-hivemq-platform-1]
2025-01-27 17:12:54,637 INFO c.h.h.t.HelmChartContainer - Received Unhealthy event for container hivemq in pod test-hivemq-platform-1 [37811035-8bce-4368-8674-8f62b238f0a9]
2025-01-27 17:12:55,434 INFO c.h.h.t.HelmChartContainer - [test-hivemq-platform] [hivemq] [37811035] INFO  - Audit Logger started.
2025-01-27 17:12:55,739 INFO c.h.h.t.HelmChartContainer - [test-hivemq-platform] [hivemq] [37811035] INFO  - This node uses '1' CPU cores.
2025-01-27 17:12:55,787 INFO c.h.h.t.HelmChartContainer - [test-hivemq-platform] [hivemq] [37811035] INFO  - Starting HiveMQ Health API on address 0.0.0.0 and port 8889
2025-01-27 17:12:56,685 INFO c.h.h.t.HelmChartContainer - [test-hivemq-platform] [hivemq] [37811035] INFO  - Started HiveMQ Health API in 897ms
2025-01-27 17:12:56,689 INFO c.h.h.t.HelmChartContainer - [test-hivemq-platform] [hivemq] [37811035] INFO  - Starting HiveMQ extension system.
2025-01-27 17:12:57,032 INFO c.h.h.t.HelmChartContainer - [test-hivemq-platform] [hivemq] [37811035] INFO  - Starting extension with id "hivemq-dns-cluster-discovery" at /opt/hivemq/extensions/hivemq-dns-cluster-discovery
2025-01-27 17:12:57,492 INFO c.h.h.t.HelmChartContainer - [test-hivemq-platform] [hivemq] [37811035] INFO  - Using TCP cluster transport on address 10.42.0.15 and port 8000
2025-01-27 17:12:57,583 INFO c.h.h.t.HelmChartContainer - [test-hivemq-platform] [hivemq] [37811035] INFO  - Using extension cluster discovery
2025-01-27 17:12:57,686 INFO c.h.h.t.HelmChartContainer - [test-hivemq-platform] [hivemq] [37811035] INFO  - Extension "DNS Cluster Discovery Extension" version 4.3.2 started successfully.
2025-01-27 17:12:57,686 INFO c.h.h.t.HelmChartContainer - [test-hivemq-platform] [hivemq] [37811035] INFO  - Starting extension with id "hivemq-prometheus-extension" at /opt/hivemq/extensions/hivemq-prometheus-extension
2025-01-27 17:12:58,683 INFO c.h.h.t.HelmChartContainer - [test-hivemq-platform] [hivemq] [37811035] INFO  - Started Jetty Server exposing Prometheus Servlet on URI http://0.0.0.0:9399/
2025-01-27 17:12:58,683 INFO c.h.h.t.HelmChartContainer - [test-hivemq-platform] [hivemq] [37811035] INFO  - Extension "Prometheus Monitoring Extension" version 4.0.12 started successfully.
2025-01-27 17:12:58,684 INFO c.h.h.t.HelmChartContainer - [test-hivemq-platform] [hivemq] [37811035] INFO  - Starting extension with id "hivemq-allow-all-extension" at /opt/hivemq/extensions/hivemq-allow-all-extension
2025-01-27 17:12:58,684 INFO c.h.h.t.HelmChartContainer - [test-hivemq-platform] [hivemq] [37811035] WARN  - 
2025-01-27 17:12:58,684 INFO c.h.h.t.HelmChartContainer - [test-hivemq-platform] [hivemq] [37811035] ################################################################################################################
2025-01-27 17:12:58,684 INFO c.h.h.t.HelmChartContainer - [test-hivemq-platform] [hivemq] [37811035] # This HiveMQ deployment is not secure! You are lacking Authentication and Authorization.                      #
2025-01-27 17:12:58,684 INFO c.h.h.t.HelmChartContainer - [test-hivemq-platform] [hivemq] [37811035] # Right now any MQTT client can connect to the broker with a full set of permissions.                          #
2025-01-27 17:12:58,684 INFO c.h.h.t.HelmChartContainer - [test-hivemq-platform] [hivemq] [37811035] # For production usage, add an appropriate security extension and remove the hivemq-allow-all extension.       #
2025-01-27 17:12:58,684 INFO c.h.h.t.HelmChartContainer - [test-hivemq-platform] [hivemq] [37811035] # You can download security extensions from the HiveMQ Marketplace (https://www.hivemq.com/extensions/).       #
2025-01-27 17:12:58,684 INFO c.h.h.t.HelmChartContainer - [test-hivemq-platform] [hivemq] [37811035] ################################################################################################################
2025-01-27 17:12:58,684 INFO c.h.h.t.HelmChartContainer - [test-hivemq-platform] [hivemq] [37811035] INFO  - Extension "Allow All Extension" version 1.1.0 started successfully.
2025-01-27 17:12:58,795 INFO c.h.h.t.HelmChartContainer - [test-hivemq-platform] [hivemq] [4b643c24] INFO  - Cluster nodes found by discovery: [blJGp|1] (2) [blJGp, ZBIDo].
2025-01-27 17:12:58,837 INFO c.h.h.t.HelmChartContainer - [test-hivemq-platform] [hivemq] [37811035] INFO  - Cluster nodes found by discovery: [blJGp|1] (2) [blJGp, ZBIDo].
2025-01-27 17:12:58,983 INFO c.h.h.t.HelmChartContainer - [test-hivemq-platform] [hivemq] [37811035] INFO  - Cluster size = 1, members : [blJGp].
2025-01-27 17:12:59,382 INFO c.h.h.t.HelmChartContainer - [test-hivemq-platform] [hivemq] [37811035] INFO  - Starting cluster join process. This may take a while. Please do not shut down HiveMQ.
2025-01-27 17:12:59,383 INFO c.h.h.t.HelmChartContainer - [test-hivemq-platform] [hivemq] [37811035] INFO  - Cluster join process is still ongoing. Please do not shut down HiveMQ.
2025-01-27 17:12:59,672 INFO c.h.h.t.HelmChartContainer - [hivemq-test-hivemq-platform] [hivemq-platform-operator] [4d8a7c36] 17:12:59.669 [pool-6-thread-34] DEBUG c.h.p.o.d.PlatformServiceResource - [helmcust] Desired Platform services (3 services)
2025-01-27 17:12:59,673 INFO c.h.h.t.HelmChartContainer - [hivemq-test-hivemq-platform] [hivemq-platform-operator] [4d8a7c36] 17:12:59.669 [pool-6-thread-31] DEBUG c.h.p.o.dependants.PodInfoConfigMap - [helmcust] Desired PodInfo ConfigMap (1 extensions) (1 enabled)
2025-01-27 17:12:59,673 INFO c.h.h.t.HelmChartContainer - [hivemq-test-hivemq-platform] [hivemq-platform-operator] [4d8a7c36] 17:12:59.669 [pool-6-thread-31] DEBUG c.h.p.o.dependants.PodInfoConfigMap - [helmcust] Desired PodInfo ConfigMap (metrics port: 9399) (metrics path: /)
2025-01-27 17:12:59,673 INFO c.h.h.t.HelmChartContainer - [hivemq-test-hivemq-platform] [hivemq-platform-operator] [4d8a7c36] 17:12:59.669 [pool-6-thread-31] DEBUG c.h.p.o.dependants.PodInfoConfigMap - [helmcust] Desired PodInfo ConfigMap (extension state hash: -1817474005)
2025-01-27 17:12:59,673 INFO c.h.h.t.HelmChartContainer - [hivemq-test-hivemq-platform] [hivemq-platform-operator] [4d8a7c36] 17:12:59.670 [pool-6-thread-31] DEBUG c.h.p.o.d.PodServiceAccountResource - [helmcust] Desired PodServiceAccountResource (serviceAccountName: hivemq-platform-pod-test-hivemq-platform)
2025-01-27 17:12:59,676 INFO c.h.h.t.HelmChartContainer - [hivemq-test-hivemq-platform] [hivemq-platform-operator] [4d8a7c36] 17:12:59.674 [pool-6-thread-31] DEBUG c.h.p.o.d.StatefulSetResource - [helmcust] Desired StatefulSet (2 replicas) for status STARTING (READY)
2025-01-27 17:12:59,679 INFO c.h.h.t.HelmChartContainer - [hivemq-test-hivemq-platform] [hivemq-platform-operator] [4d8a7c36] 17:12:59.678 [ReconcilerExecutor-hivemq-controller-122] INFO  c.h.p.o.HiveMQPlatformReconciler - [helmcust] Reconciling HiveMQ Platform 'test-hivemq-platform' in namespace 'helmcustomconfigit'
2025-01-27 17:12:59,680 INFO c.h.h.t.HelmChartContainer - [hivemq-test-hivemq-platform] [hivemq-platform-operator] [4d8a7c36] 17:12:59.678 [ReconcilerExecutor-hivemq-controller-122] DEBUG c.h.p.o.HiveMQPlatformReconciler - [helmcust] Custom Resource Status STARTING - HiveMQ Platform is starting (READY)
2025-01-27 17:12:59,680 INFO c.h.h.t.HelmChartContainer - [hivemq-test-hivemq-platform] [hivemq-platform-operator] [4d8a7c36] 17:12:59.678 [ReconcilerExecutor-hivemq-controller-122] DEBUG c.h.p.o.HiveMQPlatformReconciler - [helmcust] Custom Resource Spec (replicas: 2) (extensions: 1)
2025-01-27 17:12:59,680 INFO c.h.h.t.HelmChartContainer - [hivemq-test-hivemq-platform] [hivemq-platform-operator] [4d8a7c36] 17:12:59.680 [ReconcilerExecutor-hivemq-controller-122] DEBUG c.h.p.o.HiveMQPlatformReconciler - [helmcust] StatefulSet Status (revision: test-hivemq-platform-5c56b44869, replicas: 2, available: 1, ready: 1, current: 2, updated: 2)
2025-01-27 17:12:59,681 INFO c.h.h.t.HelmChartContainer - [hivemq-test-hivemq-platform] [hivemq-platform-operator] [4d8a7c36] 17:12:59.680 [ReconcilerExecutor-hivemq-controller-122] DEBUG c.h.p.o.HiveMQPlatformReconciler - [helmcust] StatefulSet Spec (replicas: 2, init containers: 1, containers: 1, volumes: 3)
2025-01-27 17:12:59,681 INFO c.h.h.t.HelmChartContainer - [hivemq-test-hivemq-platform] [hivemq-platform-operator] [4d8a7c36] 17:12:59.681 [ReconcilerExecutor-hivemq-controller-122] DEBUG c.h.p.o.h.HiveMQPlatformReconcilerErrorHandler - [helmcust] Pod 'test-hivemq-platform-1' phase Running
2025-01-27 17:12:59,683 INFO c.h.h.t.HelmChartContainer - [hivemq-test-hivemq-platform] [hivemq-platform-operator] [4d8a7c36] 17:12:59.682 [ReconcilerExecutor-hivemq-controller-122] DEBUG c.h.p.o.h.HiveMQPlatformReconcilerErrorHandler - [helmcust] Pod 'test-hivemq-platform-0' phase Running
2025-01-27 17:12:59,684 INFO c.h.h.t.HelmChartContainer - [hivemq-test-hivemq-platform] [hivemq-platform-operator] [4d8a7c36] 17:12:59.683 [ReconcilerExecutor-hivemq-controller-122] INFO  c.h.p.o.h.HiveMQPlatformReconcilerBaseHandler - [helmcust] HiveMQ Platform is starting, 1 of 2 replicas are ready
2025-01-27 17:13:00,036 INFO c.h.h.t.HelmChartContainer - [test-hivemq-platform] [hivemq] [37811035] INFO  - [HiveMQ Platform Operator Init App 1.7.0-SNAPSHOT] Returning Health API response 503 for readiness
2025-01-27 17:13:00,040 INFO c.h.h.t.HelmChartContainer - [EVENT] Warning [Unhealthy] Readiness probe failed: HTTP probe failed with statuscode: 503 [helmcustomconfigit:test-hivemq-platform-1]
2025-01-27 17:13:00,040 INFO c.h.h.t.HelmChartContainer - Received Unhealthy event for container hivemq in pod test-hivemq-platform-1 [37811035-8bce-4368-8674-8f62b238f0a9]
2025-01-27 17:13:01,395 INFO c.h.h.t.HelmChartContainer - [test-hivemq-platform] [hivemq] [4b643c24] INFO  - Cluster size = 2, members : [blJGp, ZBIDo].
2025-01-27 17:13:01,406 INFO c.h.h.t.HelmChartContainer - [test-hivemq-platform] [hivemq] [37811035] INFO  - Cluster size = 2, members : [blJGp, ZBIDo].
2025-01-27 17:13:01,410 INFO c.h.h.t.HelmChartContainer - [test-hivemq-platform] [hivemq] [37811035] INFO  - Finished cluster join process successfully.
2025-01-27 17:13:01,412 INFO c.h.h.t.HelmChartContainer - [test-hivemq-platform] [hivemq] [37811035] INFO  - No user for HiveMQ Control Center configured. Starting with default user
2025-01-27 17:13:01,414 INFO c.h.h.t.HelmChartContainer - [test-hivemq-platform] [hivemq] [37811035] INFO  - Starting HiveMQ Control Center on address 0.0.0.0 and port 8080
2025-01-27 17:13:01,426 INFO c.h.h.t.HelmChartContainer - [test-hivemq-platform] [hivemq] [37811035] INFO  - Mounting HiveMQ Control Center V2 Preview
2025-01-27 17:13:02,094 INFO c.h.h.t.HelmChartContainer - [test-hivemq-platform] [hivemq] [37811035] INFO  - Started HiveMQ Control Center in 681ms
2025-01-27 17:13:02,185 INFO c.h.h.t.HelmChartContainer - [test-hivemq-platform] [hivemq] [37811035] INFO  - Starting TCP listener on address 0.0.0.0 and port 1884
2025-01-27 17:13:02,201 INFO c.h.h.t.HelmChartContainer - [test-hivemq-platform] [hivemq] [37811035] INFO  - Started TCP Listener on address 0.0.0.0 and on port 1884.
2025-01-27 17:13:02,201 INFO c.h.h.t.HelmChartContainer - [test-hivemq-platform] [hivemq] [37811035] INFO  - Started HiveMQ in 31567ms
2025-01-27 17:13:04,591 INFO c.h.h.t.HelmChartContainer - [test-hivemq-platform] [hivemq] [37811035] INFO  - [HiveMQ Platform Operator Init App 1.7.0-SNAPSHOT] Returning Health API response 200 for readiness
2025-01-27 17:13:04,604 INFO c.h.h.t.HelmChartContainer - [POD] test-hivemq-platform-1 [37811035-8bce-4368-8674-8f62b238f0a9] in helmcustomconfigit was MODIFIED
2025-01-27 17:13:04,615 INFO c.h.h.t.HelmChartContainer - [hivemq-test-hivemq-platform] [hivemq-platform-operator] [4d8a7c36] 17:13:04.611 [pool-6-thread-49] DEBUG c.h.p.o.d.PlatformServiceResource - [helmcust] Desired Platform services (3 services)
2025-01-27 17:13:04,615 INFO c.h.h.t.HelmChartContainer - [hivemq-test-hivemq-platform] [hivemq-platform-operator] [4d8a7c36] 17:13:04.613 [pool-6-thread-46] DEBUG c.h.p.o.d.PodServiceAccountResource - [helmcust] Desired PodServiceAccountResource (serviceAccountName: hivemq-platform-pod-test-hivemq-platform)
2025-01-27 17:13:04,620 INFO c.h.h.t.HelmChartContainer - [hivemq-test-hivemq-platform] [hivemq-platform-operator] [4d8a7c36] 17:13:04.617 [pool-6-thread-48] DEBUG c.h.p.o.dependants.PodInfoConfigMap - [helmcust] Desired PodInfo ConfigMap (1 extensions) (1 enabled)
2025-01-27 17:13:04,620 INFO c.h.h.t.HelmChartContainer - [hivemq-test-hivemq-platform] [hivemq-platform-operator] [4d8a7c36] 17:13:04.618 [pool-6-thread-48] DEBUG c.h.p.o.dependants.PodInfoConfigMap - [helmcust] Desired PodInfo ConfigMap (metrics port: 9399) (metrics path: /)
2025-01-27 17:13:04,620 INFO c.h.h.t.HelmChartContainer - [hivemq-test-hivemq-platform] [hivemq-platform-operator] [4d8a7c36] 17:13:04.618 [pool-6-thread-48] DEBUG c.h.p.o.dependants.PodInfoConfigMap - [helmcust] Desired PodInfo ConfigMap (extension state hash: -1817474005)
2025-01-27 17:13:04,625 INFO c.h.h.t.HelmChartContainer - [hivemq-test-hivemq-platform] [hivemq-platform-operator] [4d8a7c36] 17:13:04.623 [pool-6-thread-48] DEBUG c.h.p.o.d.StatefulSetResource - [helmcust] Desired StatefulSet (2 replicas) for status STARTING (READY)
2025-01-27 17:13:04,648 INFO c.h.h.t.HelmChartContainer - [hivemq-test-hivemq-platform] [hivemq-platform-operator] [4d8a7c36] 17:13:04.646 [ReconcilerExecutor-hivemq-controller-123] INFO  c.h.p.o.HiveMQPlatformReconciler - [helmcust] Reconciling HiveMQ Platform 'test-hivemq-platform' in namespace 'helmcustomconfigit'
2025-01-27 17:13:04,649 INFO c.h.h.t.HelmChartContainer - [hivemq-test-hivemq-platform] [hivemq-platform-operator] [4d8a7c36] 17:13:04.647 [ReconcilerExecutor-hivemq-controller-123] DEBUG c.h.p.o.HiveMQPlatformReconciler - [helmcust] Custom Resource Status STARTING - HiveMQ Platform is starting (READY)
2025-01-27 17:13:04,649 INFO c.h.h.t.HelmChartContainer - [hivemq-test-hivemq-platform] [hivemq-platform-operator] [4d8a7c36] 17:13:04.647 [ReconcilerExecutor-hivemq-controller-123] DEBUG c.h.p.o.HiveMQPlatformReconciler - [helmcust] Custom Resource Spec (replicas: 2) (extensions: 1)
2025-01-27 17:13:04,651 INFO c.h.h.t.HelmChartContainer - [hivemq-test-hivemq-platform] [hivemq-platform-operator] [4d8a7c36] 17:13:04.648 [ReconcilerExecutor-hivemq-controller-123] DEBUG c.h.p.o.HiveMQPlatformReconciler - [helmcust] StatefulSet Status (revision: test-hivemq-platform-5c56b44869, replicas: 2, available: 2, ready: 2, current: 2, updated: 2)
2025-01-27 17:13:04,651 INFO c.h.h.t.HelmChartContainer - [hivemq-test-hivemq-platform] [hivemq-platform-operator] [4d8a7c36] 17:13:04.649 [ReconcilerExecutor-hivemq-controller-123] DEBUG c.h.p.o.HiveMQPlatformReconciler - [helmcust] StatefulSet Spec (replicas: 2, init containers: 1, containers: 1, volumes: 3)
2025-01-27 17:13:04,653 INFO c.h.h.t.HelmChartContainer - [hivemq-test-hivemq-platform] [hivemq-platform-operator] [4d8a7c36] 17:13:04.651 [ReconcilerExecutor-hivemq-controller-123] DEBUG c.h.p.o.h.HiveMQPlatformReconcilerErrorHandler - [helmcust] Pod 'test-hivemq-platform-1' phase Running
2025-01-27 17:13:04,654 INFO c.h.h.t.HelmChartContainer - [hivemq-test-hivemq-platform] [hivemq-platform-operator] [4d8a7c36] 17:13:04.653 [ReconcilerExecutor-hivemq-controller-123] DEBUG c.h.p.o.h.HiveMQPlatformReconcilerErrorHandler - [helmcust] Pod 'test-hivemq-platform-0' phase Running
2025-01-27 17:13:04,654 INFO c.h.h.t.HelmChartContainer - [hivemq-test-hivemq-platform] [hivemq-platform-operator] [4d8a7c36] 17:13:04.654 [ReconcilerExecutor-hivemq-controller-123] INFO  c.h.p.o.h.HiveMQPlatformReconcilerBaseHandler - [helmcust] HiveMQ Platform started successfully
2025-01-27 17:13:04,761 INFO c.h.h.t.HelmChartContainer - [hivemq-test-hivemq-platform] [hivemq-platform-operator] [4d8a7c36] 17:13:04.760 [ReconcilerExecutor-hivemq-controller-123] DEBUG c.h.p.operator.event.EventSender - [helmcust] Creating K8s event hivemq-platform-ready: [Ready] HiveMQ Platform is ready
2025-01-27 17:13:04,765 INFO c.h.h.t.HelmChartContainer - [EVENT] Normal [Ready] HiveMQ Platform is ready [helmcustomconfigit:test-hivemq-platform]
2025-01-27 17:13:04,767 INFO c.h.h.t.HelmChartContainer - [hivemq-test-hivemq-platform] [hivemq-platform-operator] [4d8a7c36] 17:13:04.766 [ReconcilerExecutor-hivemq-controller-123] INFO  c.h.p.o.h.AbstractHiveMQReconcilerStateHandler - [helmcust] Update HiveMQ Platform Status (STARTING [READY] -> RUNNING [READY]): HiveMQ Platform is ready
2025-01-27 17:13:04,774 DEBUG com.hivemq.helmcharts.util.K8sUtil - Comparing actual state 'RUNNING' and waiting for 'RUNNING'
2025-01-27 17:13:04,852 INFO c.h.h.t.HelmChartContainer - [hivemq-test-hivemq-platform] [hivemq-platform-operator] [4d8a7c36] 17:13:04.848 [pool-6-thread-6] DEBUG c.h.p.o.d.PlatformServiceResource - [helmcust] Desired Platform services (3 services)
2025-01-27 17:13:04,853 INFO c.h.h.t.HelmChartContainer - [hivemq-test-hivemq-platform] [hivemq-platform-operator] [4d8a7c36] 17:13:04.848 [pool-6-thread-8] DEBUG c.h.p.o.dependants.PodInfoConfigMap - [helmcust] Desired PodInfo ConfigMap (1 extensions) (1 enabled)
2025-01-27 17:13:04,853 INFO c.h.h.t.HelmChartContainer - [hivemq-test-hivemq-platform] [hivemq-platform-operator] [4d8a7c36] 17:13:04.848 [pool-6-thread-8] DEBUG c.h.p.o.dependants.PodInfoConfigMap - [helmcust] Desired PodInfo ConfigMap (metrics port: 9399) (metrics path: /)
2025-01-27 17:13:04,853 INFO c.h.h.t.HelmChartContainer - [hivemq-test-hivemq-platform] [hivemq-platform-operator] [4d8a7c36] 17:13:04.848 [pool-6-thread-8] DEBUG c.h.p.o.dependants.PodInfoConfigMap - [helmcust] Desired PodInfo ConfigMap (extension state hash: -1817474005)
2025-01-27 17:13:04,853 INFO c.h.h.t.HelmChartContainer - [hivemq-test-hivemq-platform] [hivemq-platform-operator] [4d8a7c36] 17:13:04.849 [pool-6-thread-8] DEBUG c.h.p.o.dependants.PodInfoConfigMap - [helmcust] Update PodInfo ConfigMap
2025-01-27 17:13:04,853 INFO c.h.h.t.HelmChartContainer - [hivemq-test-hivemq-platform] [hivemq-platform-operator] [4d8a7c36] 17:13:04.851 [pool-6-thread-5] DEBUG c.h.p.o.d.PodServiceAccountResource - [helmcust] Desired PodServiceAccountResource (serviceAccountName: hivemq-platform-pod-test-hivemq-platform)
2025-01-27 17:13:04,861 INFO c.h.h.t.HelmChartContainer - [hivemq-test-hivemq-platform] [hivemq-platform-operator] [4d8a7c36] 17:13:04.860 [pool-6-thread-8] DEBUG c.h.p.o.d.StatefulSetResource - [helmcust] Desired StatefulSet (2 replicas) for status RUNNING (READY)
2025-01-27 17:13:04,864 INFO c.h.h.t.HelmChartContainer - [hivemq-test-hivemq-platform] [hivemq-platform-operator] [4d8a7c36] 17:13:04.863 [ReconcilerExecutor-hivemq-controller-124] INFO  c.h.p.o.HiveMQPlatformReconciler - [helmcust] Reconciling HiveMQ Platform 'test-hivemq-platform' in namespace 'helmcustomconfigit'
2025-01-27 17:13:04,864 INFO c.h.h.t.HelmChartContainer - [hivemq-test-hivemq-platform] [hivemq-platform-operator] [4d8a7c36] 17:13:04.863 [ReconcilerExecutor-hivemq-controller-124] DEBUG c.h.p.o.HiveMQPlatformReconciler - [helmcust] Custom Resource Status RUNNING - HiveMQ Platform is ready (READY)
2025-01-27 17:13:04,864 INFO c.h.h.t.HelmChartContainer - [hivemq-test-hivemq-platform] [hivemq-platform-operator] [4d8a7c36] 17:13:04.863 [ReconcilerExecutor-hivemq-controller-124] DEBUG c.h.p.o.HiveMQPlatformReconciler - [helmcust] Custom Resource Spec (replicas: 2) (extensions: 1)
2025-01-27 17:13:04,946 INFO c.h.h.t.HelmChartContainer - [hivemq-test-hivemq-platform] [hivemq-platform-operator] [4d8a7c36] 17:13:04.945 [ReconcilerExecutor-hivemq-controller-124] DEBUG c.h.p.o.HiveMQPlatformReconciler - [helmcust] StatefulSet Status (revision: test-hivemq-platform-5c56b44869, replicas: 2, available: 2, ready: 2, current: 2, updated: 2)
2025-01-27 17:13:04,946 INFO c.h.h.t.HelmChartContainer - [hivemq-test-hivemq-platform] [hivemq-platform-operator] [4d8a7c36] 17:13:04.946 [ReconcilerExecutor-hivemq-controller-124] DEBUG c.h.p.o.HiveMQPlatformReconciler - [helmcust] StatefulSet Spec (replicas: 2, init containers: 1, containers: 1, volumes: 3)
2025-01-27 17:13:04,947 INFO c.h.h.t.HelmChartContainer - [hivemq-test-hivemq-platform] [hivemq-platform-operator] [4d8a7c36] 17:13:04.947 [ReconcilerExecutor-hivemq-controller-124] DEBUG c.h.p.o.h.HiveMQPlatformReconcilerErrorHandler - [helmcust] Pod 'test-hivemq-platform-1' phase Running
2025-01-27 17:13:04,948 INFO c.h.h.t.HelmChartContainer - [hivemq-test-hivemq-platform] [hivemq-platform-operator] [4d8a7c36] 17:13:04.948 [ReconcilerExecutor-hivemq-controller-124] DEBUG c.h.p.o.h.HiveMQPlatformReconcilerErrorHandler - [helmcust] Pod 'test-hivemq-platform-0' phase Running
2025-01-27 17:13:06,788 INFO c.h.h.t.HelmChartContainer - Uninstalling release 'test-hivemq-platform' in namespace 'helmcustomconfigit'...
2025-01-27 17:13:06,788 DEBUG c.h.h.t.HelmChartContainer - Executing helm command: /bin/helm --kubeconfig /etc/rancher/k3s/k3s.yaml uninstall test-hivemq-platform  --wait --timeout 5m0s --cascade foreground --namespace helmcustomconfigit
2025-01-27 17:13:06,977 INFO c.h.h.t.HelmChartContainer - [hivemq-test-hivemq-platform] [hivemq-platform-operator] [4d8a7c36] 17:13:06.972 [pool-6-thread-13] DEBUG c.h.p.o.dependants.PodInfoConfigMap - [helmcust] Desired PodInfo ConfigMap (1 extensions) (1 enabled)
2025-01-27 17:13:06,977 INFO c.h.h.t.HelmChartContainer - [hivemq-test-hivemq-platform] [hivemq-platform-operator] [4d8a7c36] 17:13:06.972 [pool-6-thread-13] DEBUG c.h.p.o.dependants.PodInfoConfigMap - [helmcust] Desired PodInfo ConfigMap (metrics port: 9399) (metrics path: /)
2025-01-27 17:13:06,977 INFO c.h.h.t.HelmChartContainer - [hivemq-test-hivemq-platform] [hivemq-platform-operator] [4d8a7c36] 17:13:06.972 [pool-6-thread-13] DEBUG c.h.p.o.dependants.PodInfoConfigMap - [helmcust] Desired PodInfo ConfigMap (extension state hash: -1817474005)
2025-01-27 17:13:06,986 INFO c.h.h.t.HelmChartContainer - [hivemq-test-hivemq-platform] [hivemq-platform-operator] [4d8a7c36] 17:13:06.979 [pool-6-thread-11] DEBUG c.h.p.o.d.PodServiceAccountResource - [helmcust] Desired PodServiceAccountResource (serviceAccountName: hivemq-platform-pod-test-hivemq-platform)
2025-01-27 17:13:06,986 INFO c.h.h.t.HelmChartContainer - [hivemq-test-hivemq-platform] [hivemq-platform-operator] [4d8a7c36] 17:13:06.980 [pool-6-thread-16] DEBUG c.h.p.o.d.PlatformServiceResource - [helmcust] Desired Platform services (3 services)
2025-01-27 17:13:07,048 INFO c.h.h.t.HelmChartContainer - [hivemq-test-hivemq-platform] [hivemq-platform-operator] [4d8a7c36] 17:13:07.047 [pool-6-thread-16] DEBUG c.h.p.o.d.StatefulSetResource - [helmcust] Desired StatefulSet (2 replicas) for status RUNNING (READY)
2025-01-27 17:13:07,055 INFO c.h.h.t.HelmChartContainer - [hivemq-test-hivemq-platform] [hivemq-platform-operator] [4d8a7c36] 17:13:07.053 [pool-6-thread-16] DEBUG c.h.p.o.d.StatefulSetResource - [helmcust] Update StatefulSet (replicas: 2 -> 2)
2025-01-27 17:13:07,055 INFO c.h.h.t.HelmChartContainer - [hivemq-test-hivemq-platform] [hivemq-platform-operator] [4d8a7c36] 17:13:07.054 [pool-6-thread-16] DEBUG c.h.p.o.d.StatefulSetResource - [helmcust] Detected change in StatefulSet specification (path: /template/metadata/annotations/kubernetes-resource-versions) (actual value: {broker-configuration-v2=-1945973896}) (target value: {broker-configuration-v2=0})
2025-01-27 17:13:07,055 INFO c.h.h.t.HelmChartContainer - [hivemq-test-hivemq-platform] [hivemq-platform-operator] [4d8a7c36] 17:13:07.054 [pool-6-thread-16] INFO  c.h.p.o.d.StatefulSetResource - [helmcust] StatefulSet spec was updated, triggering rolling restart
2025-01-27 17:13:07,150 INFO c.h.h.t.HelmChartContainer - [hivemq-test-hivemq-platform] [hivemq-platform-operator] [4d8a7c36] 17:13:07.148 [ReconcilerExecutor-hivemq-controller-125] INFO  c.h.p.o.HiveMQPlatformReconciler - [helmcust] Reconciling HiveMQ Platform 'test-hivemq-platform' in namespace 'helmcustomconfigit'
2025-01-27 17:13:07,151 INFO c.h.h.t.HelmChartContainer - [hivemq-test-hivemq-platform] [hivemq-platform-operator] [4d8a7c36] 17:13:07.149 [ReconcilerExecutor-hivemq-controller-125] DEBUG c.h.p.o.HiveMQPlatformReconciler - [helmcust] Custom Resource Status RUNNING - HiveMQ Platform is ready (READY) (reconciliation requests: ROLLING_RESTART, REQUESTS_UPDATED)
2025-01-27 17:13:07,151 INFO c.h.h.t.HelmChartContainer - [hivemq-test-hivemq-platform] [hivemq-platform-operator] [4d8a7c36] 17:13:07.149 [ReconcilerExecutor-hivemq-controller-125] DEBUG c.h.p.o.HiveMQPlatformReconciler - [helmcust] Custom Resource Spec (replicas: 2) (extensions: 1)
2025-01-27 17:13:07,151 INFO c.h.h.t.HelmChartContainer - [hivemq-test-hivemq-platform] [hivemq-platform-operator] [4d8a7c36] 17:13:07.149 [ReconcilerExecutor-hivemq-controller-125] WARN  c.h.p.o.h.HiveMQPlatformReconcilerErrorHandler - [helmcust] Could not find ConfigMap 'hivemq-configuration-test-hivemq-platform' for HiveMQ Platform configuration
2025-01-27 17:13:07,255 INFO c.h.h.t.HelmChartContainer - [hivemq-test-hivemq-platform] [hivemq-platform-operator] [4d8a7c36] 17:13:07.254 [ReconcilerExecutor-hivemq-controller-125] DEBUG c.h.p.operator.event.EventSender - [helmcust] Creating K8s event hivemq-platform-invalid-configuration: [Start] Could not find ConfigMap 'hivemq-configuration-test-hivemq-platform' for HiveMQ Platform configuration
2025-01-27 17:13:07,259 INFO c.h.h.t.HelmChartContainer - [EVENT] Warning [Start] Could not find ConfigMap 'hivemq-configuration-test-hivemq-platform' for HiveMQ Platform configuration [helmcustomconfigit:test-hivemq-platform]
2025-01-27 17:13:07,261 INFO c.h.h.t.HelmChartContainer - [hivemq-test-hivemq-platform] [hivemq-platform-operator] [4d8a7c36] 17:13:07.260 [ReconcilerExecutor-hivemq-controller-125] INFO  c.h.p.o.h.AbstractHiveMQReconcilerStateHandler - [helmcust] Update HiveMQ Platform Status (RUNNING [READY] -> ERROR [INVALID_CONFIG_MAP]): Could not find ConfigMap 'hivemq-configuration-test-hivemq-platform' for HiveMQ Platform configuration (reconciliation requests: ROLLING_RESTART)
2025-01-27 17:13:07,272 INFO c.h.h.t.HelmChartContainer - [hivemq-test-hivemq-platform] [hivemq-platform-operator] [4d8a7c36] 17:13:07.269 [ReconcilerExecutor-hivemq-controller-125] ERROR i.j.o.p.event.EventProcessor - Error during event processing ExecutionScope{ resource id: ResourceID{name='test-hivemq-platform', namespace='helmcustomconfigit'}, version: 1567}
2025-01-27 17:13:07,273 INFO c.h.h.t.HelmChartContainer - [hivemq-test-hivemq-platform] [hivemq-platform-operator] [4d8a7c36] io.fabric8.kubernetes.client.KubernetesClientException: Failure executing: PUT at: https://10.43.0.1:443/apis/hivemq.com/v1/namespaces/helmcustomconfigit/hivemq-platforms/test-hivemq-platform/status. Message: Operation cannot be fulfilled on hivemq-platforms.hivemq.com "test-hivemq-platform": the object has been modified; please apply your changes to the latest version and try again. Received status: Status(apiVersion=v1, code=409, details=StatusDetails(causes=[], group=hivemq.com, kind=hivemq-platforms, name=test-hivemq-platform, retryAfterSeconds=null, uid=null, additionalProperties={}), kind=Status, message=Operation cannot be fulfilled on hivemq-platforms.hivemq.com "test-hivemq-platform": the object has been modified; please apply your changes to the latest version and try again, metadata=ListMeta(_continue=null, remainingItemCount=null, resourceVersion=null, selfLink=null, additionalProperties={}), reason=Conflict, status=Failure, additionalProperties={}).
2025-01-27 17:13:07,273 INFO c.h.h.t.HelmChartContainer - [hivemq-test-hivemq-platform] [hivemq-platform-operator] [4d8a7c36] 	at io.fabric8.kubernetes.client.KubernetesClientException.copyAsCause(KubernetesClientException.java:238)
2025-01-27 17:13:07,273 INFO c.h.h.t.HelmChartContainer - [hivemq-test-hivemq-platform] [hivemq-platform-operator] [4d8a7c36] 	at io.fabric8.kubernetes.client.dsl.internal.OperationSupport.waitForResult(OperationSupport.java:507)
2025-01-27 17:13:07,273 INFO c.h.h.t.HelmChartContainer - [hivemq-test-hivemq-platform] [hivemq-platform-operator] [4d8a7c36] 	at io.fabric8.kubernetes.client.dsl.internal.OperationSupport.handleResponse(OperationSupport.java:524)
2025-01-27 17:13:07,273 INFO c.h.h.t.HelmChartContainer - [hivemq-test-hivemq-platform] [hivemq-platform-operator] [4d8a7c36] 	at io.fabric8.kubernetes.client.dsl.internal.OperationSupport.handleUpdate(OperationSupport.java:358)
2025-01-27 17:13:07,273 INFO c.h.h.t.HelmChartContainer - [hivemq-test-hivemq-platform] [hivemq-platform-operator] [4d8a7c36] 	at io.fabric8.kubernetes.client.dsl.internal.BaseOperation.handleUpdate(BaseOperation.java:759)
2025-01-27 17:13:07,273 INFO c.h.h.t.HelmChartContainer - [hivemq-test-hivemq-platform] [hivemq-platform-operator] [4d8a7c36] 	at io.fabric8.kubernetes.client.dsl.internal.HasMetadataOperation.update(HasMetadataOperation.java:138)
2025-01-27 17:13:07,273 INFO c.h.h.t.HelmChartContainer - [hivemq-test-hivemq-platform] [hivemq-platform-operator] [4d8a7c36] 	at io.fabric8.kubernetes.client.dsl.internal.HasMetadataOperation.update(HasMetadataOperation.java:121)
2025-01-27 17:13:07,273 INFO c.h.h.t.HelmChartContainer - [hivemq-test-hivemq-platform] [hivemq-platform-operator] [4d8a7c36] 	at io.fabric8.kubernetes.client.dsl.internal.HasMetadataOperation.updateStatus(HasMetadataOperation.java:126)
2025-01-27 17:13:07,273 INFO c.h.h.t.HelmChartContainer - [hivemq-test-hivemq-platform] [hivemq-platform-operator] [4d8a7c36] 	at io.fabric8.kubernetes.client.dsl.internal.HasMetadataOperation.updateStatus(HasMetadataOperation.java:44)
2025-01-27 17:13:07,273 INFO c.h.h.t.HelmChartContainer - [hivemq-test-hivemq-platform] [hivemq-platform-operator] [4d8a7c36] 	at io.javaoperatorsdk.operator.processing.event.ReconciliationDispatcher$CustomResourceFacade.updateStatus(ReconciliationDispatcher.java:408)
2025-01-27 17:13:07,274 INFO c.h.h.t.HelmChartContainer - [hivemq-test-hivemq-platform] [hivemq-platform-operator] [4d8a7c36] 	at io.javaoperatorsdk.operator.processing.event.ReconciliationDispatcher.updateStatusGenerationAware(ReconciliationDispatcher.java:228)
2025-01-27 17:13:07,274 INFO c.h.h.t.HelmChartContainer - [hivemq-test-hivemq-platform] [hivemq-platform-operator] [4d8a7c36] 	at io.javaoperatorsdk.operator.processing.event.ReconciliationDispatcher.reconcileExecution(ReconciliationDispatcher.java:150)
2025-01-27 17:13:07,275 INFO c.h.h.t.HelmChartContainer - [hivemq-test-hivemq-platform] [hivemq-platform-operator] [4d8a7c36] 	at io.javaoperatorsdk.operator.processing.event.ReconciliationDispatcher.handleReconcile(ReconciliationDispatcher.java:117)
2025-01-27 17:13:07,275 INFO c.h.h.t.HelmChartContainer - [hivemq-test-hivemq-platform] [hivemq-platform-operator] [4d8a7c36] 	at io.javaoperatorsdk.operator.processing.event.ReconciliationDispatcher.handleDispatch(ReconciliationDispatcher.java:91)
2025-01-27 17:13:07,275 INFO c.h.h.t.HelmChartContainer - [hivemq-test-hivemq-platform] [hivemq-platform-operator] [4d8a7c36] 	at io.javaoperatorsdk.operator.processing.event.ReconciliationDispatcher.handleExecution(ReconciliationDispatcher.java:64)
2025-01-27 17:13:07,275 INFO c.h.h.t.HelmChartContainer - [hivemq-test-hivemq-platform] [hivemq-platform-operator] [4d8a7c36] 	at io.javaoperatorsdk.operator.processing.event.EventProcessor$ReconcilerExecutor.run(EventProcessor.java:452)
2025-01-27 17:13:07,275 INFO c.h.h.t.HelmChartContainer - [hivemq-test-hivemq-platform] [hivemq-platform-operator] [4d8a7c36] 	at java.base/java.util.concurrent.ThreadPoolExecutor.runWorker(Unknown Source)
2025-01-27 17:13:07,275 INFO c.h.h.t.HelmChartContainer - [hivemq-test-hivemq-platform] [hivemq-platform-operator] [4d8a7c36] 	at java.base/java.util.concurrent.ThreadPoolExecutor$Worker.run(Unknown Source)
2025-01-27 17:13:07,275 INFO c.h.h.t.HelmChartContainer - [hivemq-test-hivemq-platform] [hivemq-platform-operator] [4d8a7c36] 	at java.base/java.lang.Thread.run(Unknown Source)
2025-01-27 17:13:07,275 INFO c.h.h.t.HelmChartContainer - [hivemq-test-hivemq-platform] [hivemq-platform-operator] [4d8a7c36] Caused by: io.fabric8.kubernetes.client.KubernetesClientException: Failure executing: PUT at: https://10.43.0.1:443/apis/hivemq.com/v1/namespaces/helmcustomconfigit/hivemq-platforms/test-hivemq-platform/status. Message: Operation cannot be fulfilled on hivemq-platforms.hivemq.com "test-hivemq-platform": the object has been modified; please apply your changes to the latest version and try again. Received status: Status(apiVersion=v1, code=409, details=StatusDetails(causes=[], group=hivemq.com, kind=hivemq-platforms, name=test-hivemq-platform, retryAfterSeconds=null, uid=null, additionalProperties={}), kind=Status, message=Operation cannot be fulfilled on hivemq-platforms.hivemq.com "test-hivemq-platform": the object has been modified; please apply your changes to the latest version and try again, metadata=ListMeta(_continue=null, remainingItemCount=null, resourceVersion=null, selfLink=null, additionalProperties={}), reason=Conflict, status=Failure, additionalProperties={}).
2025-01-27 17:13:07,275 INFO c.h.h.t.HelmChartContainer - [hivemq-test-hivemq-platform] [hivemq-platform-operator] [4d8a7c36] 	at io.fabric8.kubernetes.client.dsl.internal.OperationSupport.requestFailure(OperationSupport.java:660)
2025-01-27 17:13:07,275 INFO c.h.h.t.HelmChartContainer - [hivemq-test-hivemq-platform] [hivemq-platform-operator] [4d8a7c36] 	at io.fabric8.kubernetes.client.dsl.internal.OperationSupport.requestFailure(OperationSupport.java:640)
2025-01-27 17:13:07,275 INFO c.h.h.t.HelmChartContainer - [hivemq-test-hivemq-platform] [hivemq-platform-operator] [4d8a7c36] 	at io.fabric8.kubernetes.client.dsl.internal.OperationSupport.assertResponseCode(OperationSupport.java:589)
2025-01-27 17:13:07,275 INFO c.h.h.t.HelmChartContainer - [hivemq-test-hivemq-platform] [hivemq-platform-operator] [4d8a7c36] 	at io.fabric8.kubernetes.client.dsl.internal.OperationSupport.lambda$handleResponse$0(OperationSupport.java:549)
2025-01-27 17:13:07,275 INFO c.h.h.t.HelmChartContainer - [hivemq-test-hivemq-platform] [hivemq-platform-operator] [4d8a7c36] 	at java.base/java.util.concurrent.CompletableFuture$UniApply.tryFire(Unknown Source)
2025-01-27 17:13:07,275 INFO c.h.h.t.HelmChartContainer - [hivemq-test-hivemq-platform] [hivemq-platform-operator] [4d8a7c36] 	at java.base/java.util.concurrent.CompletableFuture.postComplete(Unknown Source)
2025-01-27 17:13:07,275 INFO c.h.h.t.HelmChartContainer - [hivemq-test-hivemq-platform] [hivemq-platform-operator] [4d8a7c36] 	at java.base/java.util.concurrent.CompletableFuture.complete(Unknown Source)
2025-01-27 17:13:07,275 INFO c.h.h.t.HelmChartContainer - [hivemq-test-hivemq-platform] [hivemq-platform-operator] [4d8a7c36] 	at io.fabric8.kubernetes.client.http.StandardHttpClient.lambda$completeOrCancel$10(StandardHttpClient.java:141)
2025-01-27 17:13:07,275 INFO c.h.h.t.HelmChartContainer - [hivemq-test-hivemq-platform] [hivemq-platform-operator] [4d8a7c36] 	at java.base/java.util.concurrent.CompletableFuture.uniWhenComplete(Unknown Source)
2025-01-27 17:13:07,275 INFO c.h.h.t.HelmChartContainer - [hivemq-test-hivemq-platform] [hivemq-platform-operator] [4d8a7c36] 	at java.base/java.util.concurrent.CompletableFuture$UniWhenComplete.tryFire(Unknown Source)
2025-01-27 17:13:07,275 INFO c.h.h.t.HelmChartContainer - [hivemq-test-hivemq-platform] [hivemq-platform-operator] [4d8a7c36] 	at java.base/java.util.concurrent.CompletableFuture.postComplete(Unknown Source)
2025-01-27 17:13:07,275 INFO c.h.h.t.HelmChartContainer - [hivemq-test-hivemq-platform] [hivemq-platform-operator] [4d8a7c36] 	at java.base/java.util.concurrent.CompletableFuture.complete(Unknown Source)
2025-01-27 17:13:07,275 INFO c.h.h.t.HelmChartContainer - [hivemq-test-hivemq-platform] [hivemq-platform-operator] [4d8a7c36] 	at io.fabric8.kubernetes.client.http.ByteArrayBodyHandler.onBodyDone(ByteArrayBodyHandler.java:51)
2025-01-27 17:13:07,275 INFO c.h.h.t.HelmChartContainer - [hivemq-test-hivemq-platform] [hivemq-platform-operator] [4d8a7c36] 	at java.base/java.util.concurrent.CompletableFuture.uniWhenComplete(Unknown Source)
2025-01-27 17:13:07,275 INFO c.h.h.t.HelmChartContainer - [hivemq-test-hivemq-platform] [hivemq-platform-operator] [4d8a7c36] 	at java.base/java.util.concurrent.CompletableFuture$UniWhenComplete.tryFire(Unknown Source)
2025-01-27 17:13:07,275 INFO c.h.h.t.HelmChartContainer - [hivemq-test-hivemq-platform] [hivemq-platform-operator] [4d8a7c36] 	at java.base/java.util.concurrent.CompletableFuture.postComplete(Unknown Source)
2025-01-27 17:13:07,275 INFO c.h.h.t.HelmChartContainer - [hivemq-test-hivemq-platform] [hivemq-platform-operator] [4d8a7c36] 	at java.base/java.util.concurrent.CompletableFuture.complete(Unknown Source)
2025-01-27 17:13:07,275 INFO c.h.h.t.HelmChartContainer - [hivemq-test-hivemq-platform] [hivemq-platform-operator] [4d8a7c36] 	at io.fabric8.kubernetes.client.vertx.VertxHttpRequest.lambda$null$1(VertxHttpRequest.java:121)
2025-01-27 17:13:07,275 INFO c.h.h.t.HelmChartContainer - [hivemq-test-hivemq-platform] [hivemq-platform-operator] [4d8a7c36] 	at io.vertx.core.impl.ContextInternal.dispatch(ContextInternal.java:279)
2025-01-27 17:13:07,275 INFO c.h.h.t.HelmChartContainer - [hivemq-test-hivemq-platform] [hivemq-platform-operator] [4d8a7c36] 	at io.vertx.core.impl.ContextInternal.dispatch(ContextInternal.java:261)
2025-01-27 17:13:07,275 INFO c.h.h.t.HelmChartContainer - [hivemq-test-hivemq-platform] [hivemq-platform-operator] [4d8a7c36] 	at io.vertx.core.http.impl.HttpEventHandler.handleEnd(HttpEventHandler.java:76)
2025-01-27 17:13:07,275 INFO c.h.h.t.HelmChartContainer - [hivemq-test-hivemq-platform] [hivemq-platform-operator] [4d8a7c36] 	at io.vertx.core.http.impl.HttpClientResponseImpl.handleEnd(HttpClientResponseImpl.java:250)
2025-01-27 17:13:07,275 INFO c.h.h.t.HelmChartContainer - [hivemq-test-hivemq-platform] [hivemq-platform-operator] [4d8a7c36] 	at io.vertx.core.http.impl.Http1xClientConnection$StreamImpl.lambda$new$0(Http1xClientConnection.java:421)
2025-01-27 17:13:07,275 INFO c.h.h.t.HelmChartContainer - [hivemq-test-hivemq-platform] [hivemq-platform-operator] [4d8a7c36] 	at io.vertx.core.streams.impl.InboundBuffer.handleEvent(InboundBuffer.java:279)
2025-01-27 17:13:07,275 INFO c.h.h.t.HelmChartContainer - [hivemq-test-hivemq-platform] [hivemq-platform-operator] [4d8a7c36] 	at io.vertx.core.streams.impl.InboundBuffer.write(InboundBuffer.java:157)
2025-01-27 17:13:07,275 INFO c.h.h.t.HelmChartContainer - [hivemq-test-hivemq-platform] [hivemq-platform-operator] [4d8a7c36] 	at io.vertx.core.http.impl.Http1xClientConnection$StreamImpl.handleEnd(Http1xClientConnection.java:709)
2025-01-27 17:13:07,275 INFO c.h.h.t.HelmChartContainer - [hivemq-test-hivemq-platform] [hivemq-platform-operator] [4d8a7c36] 	at io.vertx.core.impl.ContextImpl.lambda$execute$4(ContextImpl.java:315)
2025-01-27 17:13:07,275 INFO c.h.h.t.HelmChartContainer - [hivemq-test-hivemq-platform] [hivemq-platform-operator] [4d8a7c36] 	at io.netty.util.concurrent.AbstractEventExecutor.runTask(AbstractEventExecutor.java:173)
2025-01-27 17:13:07,275 INFO c.h.h.t.HelmChartContainer - [hivemq-test-hivemq-platform] [hivemq-platform-operator] [4d8a7c36] 	at io.netty.util.concurrent.AbstractEventExecutor.safeExecute(AbstractEventExecutor.java:166)
2025-01-27 17:13:07,275 INFO c.h.h.t.HelmChartContainer - [hivemq-test-hivemq-platform] [hivemq-platform-operator] [4d8a7c36] 	at io.netty.util.concurrent.SingleThreadEventExecutor.runAllTasks(SingleThreadEventExecutor.java:472)
2025-01-27 17:13:07,276 INFO c.h.h.t.HelmChartContainer - [hivemq-test-hivemq-platform] [hivemq-platform-operator] [4d8a7c36] 	at io.netty.channel.nio.NioEventLoop.run(NioEventLoop.java:569)
2025-01-27 17:13:07,277 INFO c.h.h.t.HelmChartContainer - [hivemq-test-hivemq-platform] [hivemq-platform-operator] [4d8a7c36] 	at io.netty.util.concurrent.SingleThreadEventExecutor$4.run(SingleThreadEventExecutor.java:997)
2025-01-27 17:13:07,277 INFO c.h.h.t.HelmChartContainer - [hivemq-test-hivemq-platform] [hivemq-platform-operator] [4d8a7c36] 	at io.netty.util.internal.ThreadExecutorMap$2.run(ThreadExecutorMap.java:74)
2025-01-27 17:13:07,277 INFO c.h.h.t.HelmChartContainer - [hivemq-test-hivemq-platform] [hivemq-platform-operator] [4d8a7c36] 	at io.netty.util.concurrent.FastThreadLocalRunnable.run(FastThreadLocalRunnable.java:30)
2025-01-27 17:13:07,277 INFO c.h.h.t.HelmChartContainer - [hivemq-test-hivemq-platform] [hivemq-platform-operator] [4d8a7c36] 	... 1 common frames omitted
2025-01-27 17:13:07,347 INFO c.h.h.t.HelmChartContainer - [hivemq-test-hivemq-platform] [hivemq-platform-operator] [4d8a7c36] 17:13:07.345 [ReconcilerExecutor-hivemq-controller-128] INFO  c.h.p.o.HiveMQPlatformReconciler - [helmcust] Cleanup test-hivemq-platform - helmcustomconfigit HiveMQ Platform is shut down
2025-01-27 17:13:07,549 INFO c.h.h.t.HelmChartContainer - [POD] test-hivemq-platform-0 [4b643c24-7458-46b7-84d7-b4f78dcd308c] in helmcustomconfigit was MODIFIED
2025-01-27 17:13:07,556 INFO c.h.h.t.HelmChartContainer - [test-hivemq-platform] [hivemq] [4b643c24] INFO  - [HiveMQ Platform Operator Init App 1.7.0-SNAPSHOT] Shutting down
2025-01-27 17:13:07,561 INFO c.h.h.t.HelmChartContainer - [test-hivemq-platform] [hivemq] [4b643c24] INFO  - [HiveMQ Platform Operator Init App 1.7.0-SNAPSHOT] Stopping the HiveMQ Platform
2025-01-27 17:13:07,562 INFO c.h.h.t.HelmChartContainer - [EVENT] Normal [Killing] Stopping container hivemq [helmcustomconfigit:test-hivemq-platform-0]
2025-01-27 17:13:07,562 INFO c.h.h.t.HelmChartContainer - Received Killing event for container hivemq in pod test-hivemq-platform-0 [4b643c24-7458-46b7-84d7-b4f78dcd308c]
2025-01-27 17:13:07,562 INFO c.h.h.t.HelmChartContainer - Container [test-hivemq-platform-0] [hivemq] [4b643c24-7458-46b7-84d7-b4f78dcd308c] was terminated
2025-01-27 17:13:07,562 INFO c.h.h.t.HelmChartContainer - Stopped log watcher for hivemq in pod test-hivemq-platform-0 [4b643c24-7458-46b7-84d7-b4f78dcd308c]
2025-01-27 17:13:07,593 INFO c.h.h.t.HelmChartContainer - [POD] test-hivemq-platform-1 [37811035-8bce-4368-8674-8f62b238f0a9] in helmcustomconfigit was MODIFIED
2025-01-27 17:13:07,604 INFO c.h.h.t.HelmChartContainer - [test-hivemq-platform] [hivemq] [37811035] INFO  - [HiveMQ Platform Operator Init App 1.7.0-SNAPSHOT] Shutting down
2025-01-27 17:13:07,609 INFO c.h.h.t.HelmChartContainer - [test-hivemq-platform] [hivemq] [37811035] INFO  - [HiveMQ Platform Operator Init App 1.7.0-SNAPSHOT] Stopping the HiveMQ Platform
2025-01-27 17:13:07,611 INFO c.h.h.t.HelmChartContainer - [EVENT] Normal [Killing] Stopping container hivemq [helmcustomconfigit:test-hivemq-platform-1]
2025-01-27 17:13:07,611 INFO c.h.h.t.HelmChartContainer - Received Killing event for container hivemq in pod test-hivemq-platform-1 [37811035-8bce-4368-8674-8f62b238f0a9]
2025-01-27 17:13:07,611 INFO c.h.h.t.HelmChartContainer - Container [test-hivemq-platform-1] [hivemq] [37811035-8bce-4368-8674-8f62b238f0a9] was terminated
2025-01-27 17:13:07,611 INFO c.h.h.t.HelmChartContainer - Stopped log watcher for hivemq in pod test-hivemq-platform-1 [37811035-8bce-4368-8674-8f62b238f0a9]
2025-01-27 17:13:07,758 INFO c.h.h.t.HelmChartContainer - [test-hivemq-platform] [hivemq] [4b643c24] INFO  - Shutting down HiveMQ. Please wait, this could take a while...
2025-01-27 17:13:07,771 INFO c.h.h.t.HelmChartContainer - [test-hivemq-platform] [hivemq] [4b643c24] INFO  - Shutting down listeners and clients
2025-01-27 17:13:07,772 INFO c.h.h.t.HelmChartContainer - [test-hivemq-platform] [hivemq] [4b643c24] INFO  - Shutdown of listeners is done
2025-01-27 17:13:07,772 INFO c.h.h.t.HelmChartContainer - [test-hivemq-platform] [hivemq] [4b643c24] INFO  - No clients are connected, proceeding with shutdown
2025-01-27 17:13:07,787 INFO c.h.h.t.HelmChartContainer - [test-hivemq-platform] [hivemq] [37811035] INFO  - Shutting down HiveMQ. Please wait, this could take a while...
2025-01-27 17:13:07,792 INFO c.h.h.t.HelmChartContainer - [test-hivemq-platform] [hivemq] [37811035] INFO  - Shutting down listeners and clients
2025-01-27 17:13:07,794 INFO c.h.h.t.HelmChartContainer - [test-hivemq-platform] [hivemq] [37811035] INFO  - Shutdown of listeners is done
2025-01-27 17:13:07,794 INFO c.h.h.t.HelmChartContainer - [test-hivemq-platform] [hivemq] [37811035] INFO  - No clients are connected, proceeding with shutdown
2025-01-27 17:13:09,023 INFO c.h.h.t.HelmChartContainer - Deleting namespace 'helmcustomconfigit'...
2025-01-27 17:13:09,587 INFO c.h.h.t.HelmChartContainer - [test-hivemq-platform] [hivemq] [37811035] INFO  - [HiveMQ Platform Operator Init App 1.7.0-SNAPSHOT] Returning shutdown Health API response 503 for readiness
2025-01-27 17:13:09,591 INFO c.h.h.t.HelmChartContainer - [EVENT] Warning [Unhealthy] Readiness probe failed: HTTP probe failed with statuscode: 503 [helmcustomconfigit:test-hivemq-platform-1]
2025-01-27 17:13:09,591 INFO c.h.h.t.HelmChartContainer - Received Unhealthy event for container hivemq in pod test-hivemq-platform-1 [37811035-8bce-4368-8674-8f62b238f0a9]
2025-01-27 17:13:10,040 INFO c.h.h.t.HelmChartContainer - [K3S] [authentication.go:74] "Unable to authenticate the request" err="[invalid bearer token, serviceaccounts \"hivemq-platform-pod-test-hivemq-platform\" not found]"
2025-01-27 17:13:10,067 INFO c.h.h.t.HelmChartContainer - [K3S] [authentication.go:74] "Unable to authenticate the request" err="[invalid bearer token, serviceaccounts \"hivemq-platform-pod-test-hivemq-platform\" not found]"
2025-01-27 17:13:10,139 INFO c.h.h.t.HelmChartContainer - [test-hivemq-platform] [hivemq] [37811035] WARN  - [HiveMQ Platform Operator Init App 1.7.0-SNAPSHOT] Could not update Pod annotations: Failure executing: GET at: https://10.43.0.1:443/api/v1/namespaces/helmcustomconfigit/pods/test-hivemq-platform-1. Message: Unauthorized. Received status: Status(apiVersion=v1, code=401, details=null, kind=Status, message=Unauthorized, metadata=ListMeta(_continue=null, remainingItemCount=null, resourceVersion=null, selfLink=null, additionalProperties={}), reason=Unauthorized, status=Failure, additionalProperties={}).
2025-01-27 17:13:10,389 INFO c.h.h.t.HelmChartContainer - [test-hivemq-platform] [hivemq] [37811035] INFO  - Shutting down extension system
2025-01-27 17:13:10,391 INFO c.h.h.t.HelmChartContainer - [test-hivemq-platform] [hivemq] [37811035] INFO  - Stopping extension with id hivemq-dns-cluster-discovery
2025-01-27 17:13:10,393 INFO c.h.h.t.HelmChartContainer - [test-hivemq-platform] [hivemq] [37811035] INFO  - Extension "DNS Cluster Discovery Extension" version 4.3.2 stopped successfully.
2025-01-27 17:13:10,394 INFO c.h.h.t.HelmChartContainer - [test-hivemq-platform] [hivemq] [37811035] INFO  - Stopping extension with id hivemq-prometheus-extension
2025-01-27 17:13:10,401 INFO c.h.h.t.HelmChartContainer - [test-hivemq-platform] [hivemq] [37811035] INFO  - Extension "Prometheus Monitoring Extension" version 4.0.12 stopped successfully.
2025-01-27 17:13:10,401 INFO c.h.h.t.HelmChartContainer - [test-hivemq-platform] [hivemq] [37811035] INFO  - Stopping extension with id hivemq-allow-all-extension
2025-01-27 17:13:10,401 INFO c.h.h.t.HelmChartContainer - [test-hivemq-platform] [hivemq] [37811035] INFO  - Extension "Allow All Extension" version 1.1.0 stopped successfully.
2025-01-27 17:13:10,408 INFO c.h.h.t.HelmChartContainer - [test-hivemq-platform] [hivemq] [4b643c24] INFO  - Cluster nodes found by discovery: [blJGp|2] (1) [blJGp].
2025-01-27 17:13:10,414 INFO c.h.h.t.HelmChartContainer - [test-hivemq-platform] [hivemq] [4b643c24] INFO  - Cluster size = 1, members : [blJGp].
2025-01-27 17:13:11,078 INFO c.h.h.t.HelmChartContainer - [test-hivemq-platform] [hivemq] [4b643c24] INFO  - Shutting down extension system
2025-01-27 17:13:11,082 INFO c.h.h.t.HelmChartContainer - [test-hivemq-platform] [hivemq] [4b643c24] INFO  - Stopping extension with id hivemq-dns-cluster-discovery
2025-01-27 17:13:11,082 INFO c.h.h.t.HelmChartContainer - [test-hivemq-platform] [hivemq] [4b643c24] INFO  - Extension "DNS Cluster Discovery Extension" version 4.3.2 stopped successfully.
2025-01-27 17:13:11,082 INFO c.h.h.t.HelmChartContainer - [test-hivemq-platform] [hivemq] [4b643c24] INFO  - Stopping extension with id hivemq-prometheus-extension
2025-01-27 17:13:11,087 INFO c.h.h.t.HelmChartContainer - [test-hivemq-platform] [hivemq] [4b643c24] INFO  - Extension "Prometheus Monitoring Extension" version 4.0.12 stopped successfully.
2025-01-27 17:13:11,088 INFO c.h.h.t.HelmChartContainer - [test-hivemq-platform] [hivemq] [4b643c24] INFO  - Stopping extension with id hivemq-allow-all-extension
2025-01-27 17:13:11,088 INFO c.h.h.t.HelmChartContainer - [test-hivemq-platform] [hivemq] [4b643c24] INFO  - Extension "Allow All Extension" version 1.1.0 stopped successfully.
2025-01-27 17:13:11,466 INFO c.h.h.t.HelmChartContainer - [test-hivemq-platform] [hivemq] [4b643c24] INFO  - [HiveMQ Platform Operator Init App 1.7.0-SNAPSHOT] Returning shutdown Health API response 503 for readiness
2025-01-27 17:13:11,470 INFO c.h.h.t.HelmChartContainer - [EVENT] Warning [Unhealthy] Readiness probe failed: HTTP probe failed with statuscode: 503 [helmcustomconfigit:test-hivemq-platform-0]
2025-01-27 17:13:11,470 INFO c.h.h.t.HelmChartContainer - Received Unhealthy event for container hivemq in pod test-hivemq-platform-0 [4b643c24-7458-46b7-84d7-b4f78dcd308c]
2025-01-27 17:13:11,875 INFO c.h.h.t.HelmChartContainer - [test-hivemq-platform] [hivemq] [4b643c24] WARN  - [HiveMQ Platform Operator Init App 1.7.0-SNAPSHOT] Could not update Pod annotations: Failure executing: GET at: https://10.43.0.1:443/api/v1/namespaces/helmcustomconfigit/pods/test-hivemq-platform-0. Message: pods "test-hivemq-platform-0" is forbidden: User "system:serviceaccount:helmcustomconfigit:hivemq-platform-pod-test-hivemq-platform" cannot get resource "pods" in API group "" in the namespace "helmcustomconfigit". Received status: Status(apiVersion=v1, code=403, details=StatusDetails(causes=[], group=null, kind=pods, name=test-hivemq-platform-0, retryAfterSeconds=null, uid=null, additionalProperties={}), kind=Status, message=pods "test-hivemq-platform-0" is forbidden: User "system:serviceaccount:helmcustomconfigit:hivemq-platform-pod-test-hivemq-platform" cannot get resource "pods" in API group "" in the namespace "helmcustomconfigit", metadata=ListMeta(_continue=null, remainingItemCount=null, resourceVersion=null, selfLink=null, additionalProperties={}), reason=Forbidden, status=Failure, additionalProperties={}).
2025-01-27 17:13:12,832 INFO c.h.h.t.HelmChartContainer - [test-hivemq-platform] [hivemq] [37811035] INFO  - Shutdown completed.
2025-01-27 17:13:13,179 INFO c.h.h.t.HelmChartContainer - [test-hivemq-platform] [hivemq] [37811035] INFO  - [HiveMQ Platform Operator Init App 1.7.0-SNAPSHOT] The HiveMQ Platform exited with code 143
2025-01-27 17:13:13,179 INFO c.h.h.t.HelmChartContainer - [test-hivemq-platform] [hivemq] [37811035] INFO  - [HiveMQ Platform Operator Init App 1.7.0-SNAPSHOT] Stopping the REST API
2025-01-27 17:13:13,186 INFO c.h.h.t.HelmChartContainer - [test-hivemq-platform] [hivemq] [37811035] INFO  - [HiveMQ Platform Operator Init App 1.7.0-SNAPSHOT] Shutdown complete
2025-01-27 17:13:13,384 INFO c.h.h.t.HelmChartContainer - [test-hivemq-platform] [hivemq] [4b643c24] INFO  - Shutdown completed.
2025-01-27 17:13:13,676 INFO c.h.h.t.HelmChartContainer - [POD] test-hivemq-platform-1 [37811035-8bce-4368-8674-8f62b238f0a9] in helmcustomconfigit was MODIFIED
2025-01-27 17:13:13,677 INFO c.h.h.t.HelmChartContainer - [K3S] [stateful_set.go:438] "Unhandled Error" err="error syncing StatefulSet helmcustomconfigit/test-hivemq-platform, requeuing: controllerrevisions.apps \"test-hivemq-platform-78c9f984d7\" is forbidden: unable to create new content in namespace helmcustomconfigit because it is being terminated"
2025-01-27 17:13:13,686 INFO c.h.h.t.HelmChartContainer - [K3S] [stateful_set.go:438] "Unhandled Error" err="error syncing StatefulSet helmcustomconfigit/test-hivemq-platform, requeuing: controllerrevisions.apps \"test-hivemq-platform-78c9f984d7\" is forbidden: unable to create new content in namespace helmcustomconfigit because it is being terminated"
2025-01-27 17:13:13,700 INFO c.h.h.t.HelmChartContainer - [K3S] [stateful_set.go:438] "Unhandled Error" err="error syncing StatefulSet helmcustomconfigit/test-hivemq-platform, requeuing: controllerrevisions.apps \"test-hivemq-platform-78c9f984d7\" is forbidden: unable to create new content in namespace helmcustomconfigit because it is being terminated"
2025-01-27 17:13:13,723 INFO c.h.h.t.HelmChartContainer - [K3S] [stateful_set.go:438] "Unhandled Error" err="error syncing StatefulSet helmcustomconfigit/test-hivemq-platform, requeuing: controllerrevisions.apps \"test-hivemq-platform-78c9f984d7\" is forbidden: unable to create new content in namespace helmcustomconfigit because it is being terminated"
2025-01-27 17:13:13,734 INFO c.h.h.t.HelmChartContainer - [test-hivemq-platform] [hivemq] [4b643c24] INFO  - [HiveMQ Platform Operator Init App 1.7.0-SNAPSHOT] The HiveMQ Platform exited with code 143
2025-01-27 17:13:13,734 INFO c.h.h.t.HelmChartContainer - [test-hivemq-platform] [hivemq] [4b643c24] INFO  - [HiveMQ Platform Operator Init App 1.7.0-SNAPSHOT] Stopping the REST API
2025-01-27 17:13:13,741 INFO c.h.h.t.HelmChartContainer - [test-hivemq-platform] [hivemq] [4b643c24] INFO  - [HiveMQ Platform Operator Init App 1.7.0-SNAPSHOT] Shutdown complete
2025-01-27 17:13:13,752 INFO c.h.h.t.HelmChartContainer - [K3S] [reconciler_common.go:162] "operationExecutor.UnmountVolume started for volume \"pod-info\" (UniqueName: \"kubernetes.io/configmap/37811035-8bce-4368-8674-8f62b238f0a9-pod-info\") pod \"37811035-8bce-4368-8674-8f62b238f0a9\" (UID: \"37811035-8bce-4368-8674-8f62b238f0a9\") "
2025-01-27 17:13:13,752 INFO c.h.h.t.HelmChartContainer - [K3S] [reconciler_common.go:162] "operationExecutor.UnmountVolume started for volume \"kube-api-access-t2x2h\" (UniqueName: \"kubernetes.io/projected/37811035-8bce-4368-8674-8f62b238f0a9-kube-api-access-t2x2h\") pod \"37811035-8bce-4368-8674-8f62b238f0a9\" (UID: \"37811035-8bce-4368-8674-8f62b238f0a9\") "
2025-01-27 17:13:13,752 INFO c.h.h.t.HelmChartContainer - [K3S] [reconciler_common.go:162] "operationExecutor.UnmountVolume started for volume \"broker-configuration\" (UniqueName: \"kubernetes.io/configmap/37811035-8bce-4368-8674-8f62b238f0a9-broker-configuration\") pod \"37811035-8bce-4368-8674-8f62b238f0a9\" (UID: \"37811035-8bce-4368-8674-8f62b238f0a9\") "
2025-01-27 17:13:13,752 INFO c.h.h.t.HelmChartContainer - [K3S] [reconciler_common.go:162] "operationExecutor.UnmountVolume started for volume \"operator-init\" (UniqueName: \"kubernetes.io/empty-dir/37811035-8bce-4368-8674-8f62b238f0a9-operator-init\") pod \"37811035-8bce-4368-8674-8f62b238f0a9\" (UID: \"37811035-8bce-4368-8674-8f62b238f0a9\") "
2025-01-27 17:13:13,767 INFO c.h.h.t.HelmChartContainer - [K3S] [stateful_set.go:438] "Unhandled Error" err="error syncing StatefulSet helmcustomconfigit/test-hivemq-platform, requeuing: controllerrevisions.apps \"test-hivemq-platform-78c9f984d7\" is forbidden: unable to create new content in namespace helmcustomconfigit because it is being terminated"
2025-01-27 17:13:13,850 INFO c.h.h.t.HelmChartContainer - [K3S] [stateful_set.go:438] "Unhandled Error" err="error syncing StatefulSet helmcustomconfigit/test-hivemq-platform, requeuing: controllerrevisions.apps \"test-hivemq-platform-78c9f984d7\" is forbidden: unable to create new content in namespace helmcustomconfigit because it is being terminated"
2025-01-27 17:13:13,852 INFO c.h.h.t.HelmChartContainer - [K3S] [reconciler_common.go:299] "Volume detached for volume \"kube-api-access-t2x2h\" (UniqueName: \"kubernetes.io/projected/37811035-8bce-4368-8674-8f62b238f0a9-kube-api-access-t2x2h\") on node \"1bf1de2df7a7\" DevicePath \"\""
2025-01-27 17:13:13,853 INFO c.h.h.t.HelmChartContainer - [K3S] [reconciler_common.go:299] "Volume detached for volume \"broker-configuration\" (UniqueName: \"kubernetes.io/configmap/37811035-8bce-4368-8674-8f62b238f0a9-broker-configuration\") on node \"1bf1de2df7a7\" DevicePath \"\""
2025-01-27 17:13:13,853 INFO c.h.h.t.HelmChartContainer - [K3S] [reconciler_common.go:299] "Volume detached for volume \"operator-init\" (UniqueName: \"kubernetes.io/empty-dir/37811035-8bce-4368-8674-8f62b238f0a9-operator-init\") on node \"1bf1de2df7a7\" DevicePath \"\""
2025-01-27 17:13:13,853 INFO c.h.h.t.HelmChartContainer - [K3S] [reconciler_common.go:299] "Volume detached for volume \"pod-info\" (UniqueName: \"kubernetes.io/configmap/37811035-8bce-4368-8674-8f62b238f0a9-pod-info\") on node \"1bf1de2df7a7\" DevicePath \"\""
2025-01-27 17:13:14,013 INFO c.h.h.t.HelmChartContainer - [K3S] [stateful_set.go:438] "Unhandled Error" err="error syncing StatefulSet helmcustomconfigit/test-hivemq-platform, requeuing: controllerrevisions.apps \"test-hivemq-platform-78c9f984d7\" is forbidden: unable to create new content in namespace helmcustomconfigit because it is being terminated"
2025-01-27 17:13:14,159 INFO c.h.h.t.HelmChartContainer - [K3S] [scope.go:117] "RemoveContainer" containerID="4a067dfcff2d2c7bf41c66fe70f12e461272beb123c95aacd6bacdf44292de3d"
2025-01-27 17:13:14,164 INFO c.h.h.t.HelmChartContainer - [K3S] [pod_container_deletor.go:80] "Container not found in pod's containers" containerID="6a2bb29563cf341ee2700c47a8cdae4a4eaa867935a4856ebf296f5aca9e710d"
2025-01-27 17:13:14,178 INFO c.h.h.t.HelmChartContainer - [POD] test-hivemq-platform-1 [37811035-8bce-4368-8674-8f62b238f0a9] in helmcustomconfigit was MODIFIED
2025-01-27 17:13:14,179 INFO c.h.h.t.HelmChartContainer - [K3S] [stateful_set.go:438] "Unhandled Error" err="error syncing StatefulSet helmcustomconfigit/test-hivemq-platform, requeuing: controllerrevisions.apps \"test-hivemq-platform-78c9f984d7\" is forbidden: unable to create new content in namespace helmcustomconfigit because it is being terminated"
2025-01-27 17:13:14,189 INFO c.h.h.t.HelmChartContainer - [POD] test-hivemq-platform-1 [37811035-8bce-4368-8674-8f62b238f0a9] in helmcustomconfigit was DELETED
2025-01-27 17:13:14,197 INFO c.h.h.t.HelmChartContainer - [K3S] [stateful_set.go:438] "Unhandled Error" err="error syncing StatefulSet helmcustomconfigit/test-hivemq-platform, requeuing: controllerrevisions.apps \"test-hivemq-platform-78c9f984d7\" is forbidden: unable to create new content in namespace helmcustomconfigit because it is being terminated"
2025-01-27 17:13:14,208 INFO c.h.h.t.HelmChartContainer - [K3S] [stateful_set.go:438] "Unhandled Error" err="error syncing StatefulSet helmcustomconfigit/test-hivemq-platform, requeuing: controllerrevisions.apps \"test-hivemq-platform-78c9f984d7\" is forbidden: unable to create new content in namespace helmcustomconfigit because it is being terminated"
2025-01-27 17:13:14,211 INFO c.h.h.t.HelmChartContainer - [POD] test-hivemq-platform-0 [4b643c24-7458-46b7-84d7-b4f78dcd308c] in helmcustomconfigit was MODIFIED
2025-01-27 17:13:14,230 INFO c.h.h.t.HelmChartContainer - [K3S] [stateful_set.go:466] "StatefulSet has been deleted" key="helmcustomconfigit/test-hivemq-platform"
2025-01-27 17:13:14,255 INFO c.h.h.t.HelmChartContainer - [K3S] [reconciler_common.go:162] "operationExecutor.UnmountVolume started for volume \"operator-init\" (UniqueName: \"kubernetes.io/empty-dir/4b643c24-7458-46b7-84d7-b4f78dcd308c-operator-init\") pod \"4b643c24-7458-46b7-84d7-b4f78dcd308c\" (UID: \"4b643c24-7458-46b7-84d7-b4f78dcd308c\") "
2025-01-27 17:13:14,255 INFO c.h.h.t.HelmChartContainer - [K3S] [reconciler_common.go:162] "operationExecutor.UnmountVolume started for volume \"pod-info\" (UniqueName: \"kubernetes.io/configmap/4b643c24-7458-46b7-84d7-b4f78dcd308c-pod-info\") pod \"4b643c24-7458-46b7-84d7-b4f78dcd308c\" (UID: \"4b643c24-7458-46b7-84d7-b4f78dcd308c\") "
2025-01-27 17:13:14,256 INFO c.h.h.t.HelmChartContainer - [K3S] [reconciler_common.go:162] "operationExecutor.UnmountVolume started for volume \"broker-configuration\" (UniqueName: \"kubernetes.io/configmap/4b643c24-7458-46b7-84d7-b4f78dcd308c-broker-configuration\") pod \"4b643c24-7458-46b7-84d7-b4f78dcd308c\" (UID: \"4b643c24-7458-46b7-84d7-b4f78dcd308c\") "
2025-01-27 17:13:14,256 INFO c.h.h.t.HelmChartContainer - [K3S] [reconciler_common.go:162] "operationExecutor.UnmountVolume started for volume \"kube-api-access-zwxhq\" (UniqueName: \"kubernetes.io/projected/4b643c24-7458-46b7-84d7-b4f78dcd308c-kube-api-access-zwxhq\") pod \"4b643c24-7458-46b7-84d7-b4f78dcd308c\" (UID: \"4b643c24-7458-46b7-84d7-b4f78dcd308c\") "
2025-01-27 17:13:14,293 INFO c.h.h.t.HelmChartContainer - [K3S] [scope.go:117] "RemoveContainer" containerID="cee2ef0f44e7f65d432199200cd30ec61687e4e291ca7ff65a166e594a9deff3"
2025-01-27 17:13:14,297 INFO c.h.h.t.HelmChartContainer - [K3S] [scope.go:117] "RemoveContainer" containerID="4a067dfcff2d2c7bf41c66fe70f12e461272beb123c95aacd6bacdf44292de3d"
2025-01-27 17:13:14,298 INFO c.h.h.t.HelmChartContainer - [K3S] [scope.go:117] "RemoveContainer" containerID="cee2ef0f44e7f65d432199200cd30ec61687e4e291ca7ff65a166e594a9deff3"
2025-01-27 17:13:14,304 INFO c.h.h.t.HelmChartContainer - [K3S] [kubelet_volumes.go:163] "Cleaned up orphaned pod volumes dir" podUID="37811035-8bce-4368-8674-8f62b238f0a9" path="/var/lib/kubelet/pods/37811035-8bce-4368-8674-8f62b238f0a9/volumes"
2025-01-27 17:13:14,336 INFO c.h.h.t.HelmChartContainer - [K3S] [stateful_set.go:466] "StatefulSet has been deleted" key="helmcustomconfigit/test-hivemq-platform"
2025-01-27 17:13:14,355 INFO c.h.h.t.HelmChartContainer - [K3S] [reconciler_common.go:299] "Volume detached for volume \"pod-info\" (UniqueName: \"kubernetes.io/configmap/4b643c24-7458-46b7-84d7-b4f78dcd308c-pod-info\") on node \"1bf1de2df7a7\" DevicePath \"\""
2025-01-27 17:13:14,355 INFO c.h.h.t.HelmChartContainer - [K3S] [reconciler_common.go:299] "Volume detached for volume \"broker-configuration\" (UniqueName: \"kubernetes.io/configmap/4b643c24-7458-46b7-84d7-b4f78dcd308c-broker-configuration\") on node \"1bf1de2df7a7\" DevicePath \"\""
2025-01-27 17:13:14,355 INFO c.h.h.t.HelmChartContainer - [K3S] [reconciler_common.go:299] "Volume detached for volume \"kube-api-access-zwxhq\" (UniqueName: \"kubernetes.io/projected/4b643c24-7458-46b7-84d7-b4f78dcd308c-kube-api-access-zwxhq\") on node \"1bf1de2df7a7\" DevicePath \"\""
2025-01-27 17:13:14,355 INFO c.h.h.t.HelmChartContainer - [K3S] [reconciler_common.go:299] "Volume detached for volume \"operator-init\" (UniqueName: \"kubernetes.io/empty-dir/4b643c24-7458-46b7-84d7-b4f78dcd308c-operator-init\") on node \"1bf1de2df7a7\" DevicePath \"\""
2025-01-27 17:13:15,176 INFO c.h.h.t.HelmChartContainer - [POD] test-hivemq-platform-0 [4b643c24-7458-46b7-84d7-b4f78dcd308c] in helmcustomconfigit was MODIFIED
2025-01-27 17:13:15,178 INFO c.h.h.t.HelmChartContainer - [POD] test-hivemq-platform-0 [4b643c24-7458-46b7-84d7-b4f78dcd308c] in helmcustomconfigit was DELETED
2025-01-27 17:13:16,305 INFO c.h.h.t.HelmChartContainer - [K3S] [kubelet_volumes.go:163] "Cleaned up orphaned pod volumes dir" podUID="4b643c24-7458-46b7-84d7-b4f78dcd308c" path="/var/lib/kubelet/pods/4b643c24-7458-46b7-84d7-b4f78dcd308c/volumes"
2025-01-27 17:13:19,452 INFO c.h.h.t.HelmChartContainer - Namespace 'helmcustomconfigit' deleted
2025-01-27 17:13:19,452 INFO c.h.h.t.HelmChartContainer - Release 'test-hivemq-platform' in namespace 'helmcustomconfigit' is uninstalled
2025-01-27 17:13:19,452 INFO c.h.h.t.HelmChartContainer - Uninstalling release 'test-hivemq-platform-operator' in namespace 'helmcustomconfigit-operator'...
2025-01-27 17:13:19,452 DEBUG c.h.h.t.HelmChartContainer - Executing helm command: /bin/helm --kubeconfig /etc/rancher/k3s/k3s.yaml uninstall test-hivemq-platform-operator  --wait --timeout 5m0s --cascade foreground --namespace helmcustomconfigit-operator
2025-01-27 17:13:19,614 INFO c.h.h.t.HelmChartContainer - [K3S] [replica_set.go:679] "Finished syncing" kind="ReplicaSet" key="helmcustomconfigit-operator/hivemq-test-hivemq-platform-operator-6966f96d65" duration="9.838294ms"
2025-01-27 17:13:19,614 INFO c.h.h.t.HelmChartContainer - [K3S] [replica_set.go:679] "Finished syncing" kind="ReplicaSet" key="helmcustomconfigit-operator/hivemq-test-hivemq-platform-operator-6966f96d65" duration="34.765µs"
2025-01-27 17:13:19,630 INFO c.h.h.t.HelmChartContainer - [POD] hivemq-test-hivemq-platform-operator-6966f96d65-b88dd [4d8a7c36-b0b4-48ff-9511-cfabd20daacc] in helmcustomconfigit-operator was MODIFIED
2025-01-27 17:13:19,642 INFO c.h.h.t.HelmChartContainer - [hivemq-test-hivemq-platform] [hivemq-platform-operator] [4d8a7c36] 17:13:19.641 [application-shutdown-thread] INFO  c.h.p.o.HiveMQPlatformOperatorApplication - HiveMQ Platform Operator is stopping...
2025-01-27 17:13:19,644 INFO c.h.h.t.HelmChartContainer - [hivemq-test-hivemq-platform] [hivemq-platform-operator] [4d8a7c36] 17:13:19.642 [application-shutdown-thread] INFO  i.javaoperatorsdk.operator.Operator - Operator SDK 4.9.7 is shutting down...
2025-01-27 17:13:19,647 INFO c.h.h.t.HelmChartContainer - [EVENT] Normal [Killing] Stopping container hivemq-platform-operator [helmcustomconfigit-operator:hivemq-test-hivemq-platform-operator-6966f96d65-b88dd]
2025-01-27 17:13:19,647 INFO c.h.h.t.HelmChartContainer - Received Killing event for container hivemq-platform-operator in pod hivemq-test-hivemq-platform-operator-6966f96d65-b88dd [4d8a7c36-b0b4-48ff-9511-cfabd20daacc]
2025-01-27 17:13:19,647 INFO c.h.h.t.HelmChartContainer - Container [hivemq-test-hivemq-platform-operator-6966f96d65-b88dd] [hivemq-platform-operator] [4d8a7c36-b0b4-48ff-9511-cfabd20daacc] was terminated
2025-01-27 17:13:19,647 INFO c.h.h.t.HelmChartContainer - Stopped log watcher for hivemq-platform-operator in pod hivemq-test-hivemq-platform-operator-6966f96d65-b88dd [4d8a7c36-b0b4-48ff-9511-cfabd20daacc]
2025-01-27 17:13:19,652 INFO c.h.h.t.HelmChartContainer - [K3S] [replica_set.go:679] "Finished syncing" kind="ReplicaSet" key="helmcustomconfigit-operator/hivemq-test-hivemq-platform-operator-6966f96d65" duration="19.427634ms"
2025-01-27 17:13:19,656 INFO c.h.h.t.HelmChartContainer - [K3S] [replica_set.go:679] "Finished syncing" kind="ReplicaSet" key="helmcustomconfigit-operator/hivemq-test-hivemq-platform-operator-6966f96d65" duration="37.7µs"
2025-01-27 17:13:20,174 INFO c.h.h.t.HelmChartContainer - [K3S] [pod_container_deletor.go:80] "Container not found in pod's containers" containerID="7f8d53ead11af65135bfb58ff4807013487a2ffe4c6b60ad0cb4c257c111522d"
2025-01-27 17:13:20,184 INFO c.h.h.t.HelmChartContainer - [K3S] [replica_set.go:679] "Finished syncing" kind="ReplicaSet" key="helmcustomconfigit-operator/hivemq-test-hivemq-platform-operator-6966f96d65" duration="46.296µs"
2025-01-27 17:13:20,185 INFO c.h.h.t.HelmChartContainer - [POD] hivemq-test-hivemq-platform-operator-6966f96d65-b88dd [4d8a7c36-b0b4-48ff-9511-cfabd20daacc] in helmcustomconfigit-operator was MODIFIED
2025-01-27 17:13:20,289 INFO c.h.h.t.HelmChartContainer - [K3S] [reconciler_common.go:162] "operationExecutor.UnmountVolume started for volume \"kube-api-access-wq7jh\" (UniqueName: \"kubernetes.io/projected/4d8a7c36-b0b4-48ff-9511-cfabd20daacc-kube-api-access-wq7jh\") pod \"4d8a7c36-b0b4-48ff-9511-cfabd20daacc\" (UID: \"4d8a7c36-b0b4-48ff-9511-cfabd20daacc\") "
2025-01-27 17:13:20,390 INFO c.h.h.t.HelmChartContainer - [K3S] [reconciler_common.go:299] "Volume detached for volume \"kube-api-access-wq7jh\" (UniqueName: \"kubernetes.io/projected/4d8a7c36-b0b4-48ff-9511-cfabd20daacc-kube-api-access-wq7jh\") on node \"1bf1de2df7a7\" DevicePath \"\""
2025-01-27 17:13:21,184 INFO c.h.h.t.HelmChartContainer - [K3S] [replica_set.go:679] "Finished syncing" kind="ReplicaSet" key="helmcustomconfigit-operator/hivemq-test-hivemq-platform-operator-6966f96d65" duration="52.287µs"
2025-01-27 17:13:21,184 INFO c.h.h.t.HelmChartContainer - [POD] hivemq-test-hivemq-platform-operator-6966f96d65-b88dd [4d8a7c36-b0b4-48ff-9511-cfabd20daacc] in helmcustomconfigit-operator was MODIFIED
2025-01-27 17:13:21,186 INFO c.h.h.t.HelmChartContainer - [K3S] [replica_set.go:679] "Finished syncing" kind="ReplicaSet" key="helmcustomconfigit-operator/hivemq-test-hivemq-platform-operator-6966f96d65" duration="27.601µs"
2025-01-27 17:13:21,187 INFO c.h.h.t.HelmChartContainer - [POD] hivemq-test-hivemq-platform-operator-6966f96d65-b88dd [4d8a7c36-b0b4-48ff-9511-cfabd20daacc] in helmcustomconfigit-operator was DELETED
2025-01-27 17:13:21,196 INFO c.h.h.t.HelmChartContainer - [K3S] [replica_set.go:679] "Finished syncing" kind="ReplicaSet" key="helmcustomconfigit-operator/hivemq-test-hivemq-platform-operator-6966f96d65" duration="6.392µs"
2025-01-27 17:13:21,674 INFO c.h.h.t.HelmChartContainer - Deleting namespace 'helmcustomconfigit-operator'...
2025-01-27 17:13:22,305 INFO c.h.h.t.HelmChartContainer - [K3S] [kubelet_volumes.go:163] "Cleaned up orphaned pod volumes dir" podUID="4d8a7c36-b0b4-48ff-9511-cfabd20daacc" path="/var/lib/kubelet/pods/4d8a7c36-b0b4-48ff-9511-cfabd20daacc/volumes"
2025-01-27 17:13:24,354 INFO c.h.h.t.HelmChartContainer - [K3S] [namespace_controller.go:187] "Namespace has been deleted" namespace="helmcustomconfigit"
2025-01-27 17:13:26,894 INFO c.h.h.t.HelmChartContainer - Namespace 'helmcustomconfigit-operator' deleted
2025-01-27 17:13:26,894 INFO c.h.h.t.HelmChartContainer - Release 'test-hivemq-platform-operator' in namespace 'helmcustomconfigit-operator' is uninstalled
2025-01-27 17:13:27,949 INFO c.h.helmcharts.AbstractHelmChartIT - Removed unused containers:

2025-01-27 17:13:28,924 INFO c.h.h.t.HelmChartContainer - [K3S] [range_allocator.go:247] "Successfully synced" key="1bf1de2df7a7"
2025-01-27 17:13:31,814 INFO c.h.h.t.HelmChartContainer - [K3S] [namespace_controller.go:187] "Namespace has been deleted" namespace="helmcustomconfigit-operator"
2025-01-27 17:13:36,609 INFO c.h.h.t.HelmChartContainer - [K3S] [scope.go:117] "RemoveContainer" containerID="8cd3e15d084c59a825b8c7c27ebee6211a0c0574c61bc3056dc5cd77e883ec8c"
2025-01-27 17:13:36,612 INFO c.h.h.t.HelmChartContainer - [K3S] [scope.go:117] "RemoveContainer" containerID="313bfeef20695af00cb151903d8d0856283b1bd19d708235d7632f1d43e1a5c7"
2025-01-27 17:13:36,729 INFO c.h.h.t.HelmChartContainer - [K3S] [scope.go:117] "RemoveContainer" containerID="75105ad7fa94137d73d829f8bd51177808a798ad36c5be7a1a29688fd6a58a4d"
2025-01-27 17:13:36,771 INFO c.h.helmcharts.AbstractHelmChartIT - Removed unused snapshots:
Removing snapshot sha256:026a712f86a389a5fd74927b58e3b9c46d97b4685244a93cf8afd5dd2d926256
Removing snapshot sha256:03af251906410714c5aef9fa705b63f6bbc39c4a5e787de7361eeb18886c2ed2
Removing snapshot sha256:04586d725303b4dcbc0cdc42a56e7852bc8859e90a3b42def5c29ab6c5b2378a
Removing snapshot sha256:0c46b3b43cce082ce5ec34ffc6c294e0417d17b9d1e6f366d114b6aadc4f96dc
Removing snapshot sha256:0ce761beee59082d6ed5bcebd3a805b8ddd9b3426b617e4809e7fb7c6587ffec
Removing snapshot sha256:1021ef88c7974bfff89c5a0ec4fd3160daac6c48a075f74cff721f85dd104e68
Removing snapshot sha256:10aba4953ddc18145dd38e3704709bc464aa20af60b56fe52caaff4b68411e62
Removing snapshot sha256:12fcdb97878a8124028dd759e7639b77bca16c0f46aabea18189ae25af2554ab
Removing snapshot sha256:1e9dcbfa358ec0e4f38a716c57259dde7f03a0b5b2c130f787ddce42a206b234
Removing snapshot sha256:21afe678a03d24fe828669dcd0b1fd587b7dbf9eb227147d54c389ed4e1a5235
Removing snapshot sha256:2573e0d8158209ed54ab25c87bcdcb00bd3d2539246960a3d592a1c599d70465
Removing snapshot sha256:362a8a37f8bbc31925a8146adcf7cf51f9882f5c1dcbef67c5baa03a297543c0
Removing snapshot sha256:3fa4ad33f0ddc8fd45b39b6b4640f82a3a83619606cd975bfe89d8710ad2d4cd
Removing snapshot sha256:43a7c979bbaba6838bc3102d6b10a1459f3ab050b87ccdfef84ef90cf43d3058
Removing snapshot sha256:4ab04491cdf0d3267f08206fe30bd48f49f94b9cab2f016d6739220f722a64af
Removing snapshot sha256:4b6068250e89c96f263060261819c7d912855bfbd64b3eb4c4a8483299b8c295
Removing snapshot sha256:54760460dde328a0df5fb97426e3821ea3128f2a777231b6e8478cdaf84d50a9
Removing snapshot sha256:580e69a0a8034ede1921139bbd2bfb72a69ebf276d008281896c32dd8bf74775
Removing snapshot sha256:5ad32423e4b556ca23e4a282f00b6c28ba2ec8ad2b7822350a080868a3597d3e
Removing snapshot sha256:5d30ba46b27fe37484567ccc5242cadc78217b8da605f3f195ef25cbf7487904
Removing snapshot sha256:63ca1fbb43ae5034640e5e6cb3e083e05c290072c5366fcaa9d62435a4cced85
Removing snapshot sha256:67f702c6baae873bceb19487c8b1f27bd2b86077e4f2f0e480e6d60ab508b8f5
Removing snapshot sha256:6864348dd42806d552efdec384f1274be15e2d0c10ce44c1f04347af004c10a9
Removing snapshot sha256:6b6a1f10cca10ea08499c191fc025406a23858de44f58930b06dc6608ff034e5
Removing snapshot sha256:6c7dee8f2c39b84b7dc2711c01d33de93514d9055499173e9290176fbe484b6c
Removing snapshot sha256:7b2aa6aba803f974c0e42821c12d550dab643cfde5b2ae9d51d0ce8c21e36e85
Removing snapshot sha256:82753493a6d61ded36556292f02f31841a14c20d2f279f19eaad65afb661d5cd
Removing snapshot sha256:8a10d3db42c505ee0fcfa98417bdd7e39b304f6bcc0a06bb1b220797ff2cc63c
Removing snapshot sha256:8dc638f1633959a13f399393d32432b774a9a6517cd5ca36c97cba8fb3335fc4
Removing snapshot sha256:a0904247e36a7726c03c71ee48f3e64462021c88dafeb13f37fdaf613b27f11c
Removing snapshot sha256:a21e5b12dbac529ad45d976eb9ce45c881f3bedcc500fb30aba1e52aa1813418
Removing snapshot sha256:b2e50eb2186f953ae26ac9fad2a3c33ace846c013761b09a8ee72c6fdf9bbe4a
Removing snapshot sha256:b921e6c28969094157f9b8e7244677780319637afd14450b7cb6b2fdea558a0c
Removing snapshot sha256:bc27ecb5769a00e309cf99ebc763c4a4b958b618d1decc96ffac5bc05f02f5b7
Removing snapshot sha256:be3ccb6627a5332e309d45ef461d09b4879dd870c7394d89323d0ebc6ca6aa8a
Removing snapshot sha256:c261f7cbbc64211ee175ee47273acdb7b1a36a4450b397a064a8f2c026490095
Removing snapshot sha256:c34d9393647eea0c9e3557ab988efaf59f61d10a2a5613b439ef0958cca5ec10
Removing snapshot sha256:ccf3c4a0fa967a41c1c83497a2ce6fa5787965859df0adb32c4ca2cf7490bc2b
Removing snapshot sha256:cf92d33f869417309692088c341cd0f223c178ea78a125f757317b22aa8f90e9
Removing snapshot sha256:d0037344cf2fb078884f1849f6a1f8cf9a33a3b6139b6a85833e5ee528e1f9a8
Removing snapshot sha256:d3b36d5b79273b1e98e7700470eaeff05a882e777124d84cebcc1505b85ecb36
Removing snapshot sha256:d65a44a37914602d12c611e5e22a50f11451d847e63015cc1c2aef92dee777a4
Removing snapshot sha256:d67ffb7af0a837cb49e7ae0ffd956c829a6f97c7e18809fd3bb3c9b9c00c0d81
Removing snapshot sha256:e2dc0bae2455930f23ae570e019b7f32edc75c0f2d71cab084db837ff9051796
Removing snapshot sha256:e31519795c7e3df686c447a21ec8d2eb301388a5e39ccf7f20a25c6f6ce3a522
Removing snapshot sha256:e9e86ed11d9bebc0707dd6f1166c51237ebb44f98657241f943261b2675a5449
Removing snapshot sha256:eccbd24a99c60cd9e86ee5305dbfc4a4dc89f5ab4fb1f06c8d64797cecedef34
Removing snapshot sha256:edd1404c718ab99ca3456bdf222065033800bb67d4334a9642746685a24394cd
Removing snapshot sha256:f144bb4c7c7f0d2aa7eeffd36d934ec40db1ee167be727e326aad9fdc616f475

2025-01-27 17:13:36,771 WARN c.h.helmcharts.AbstractHelmChartIT - Error during removal of snapshots:
ctr: failed to remove "sha256:026a712f86a389a5fd74927b58e3b9c46d97b4685244a93cf8afd5dd2d926256": cannot remove snapshot with child: failed precondition
ctr: failed to remove "sha256:03af251906410714c5aef9fa705b63f6bbc39c4a5e787de7361eeb18886c2ed2": cannot remove snapshot with child: failed precondition
ctr: failed to remove "sha256:04586d725303b4dcbc0cdc42a56e7852bc8859e90a3b42def5c29ab6c5b2378a": cannot remove snapshot with child: failed precondition
ctr: failed to remove "sha256:0c46b3b43cce082ce5ec34ffc6c294e0417d17b9d1e6f366d114b6aadc4f96dc": cannot remove snapshot with child: failed precondition
ctr: failed to remove "sha256:0ce761beee59082d6ed5bcebd3a805b8ddd9b3426b617e4809e7fb7c6587ffec": cannot remove snapshot with child: failed precondition
ctr: failed to remove "sha256:1021ef88c7974bfff89c5a0ec4fd3160daac6c48a075f74cff721f85dd104e68": cannot remove snapshot with child: failed precondition
ctr: failed to remove "sha256:10aba4953ddc18145dd38e3704709bc464aa20af60b56fe52caaff4b68411e62": cannot remove snapshot with child: failed precondition
ctr: failed to remove "sha256:12fcdb97878a8124028dd759e7639b77bca16c0f46aabea18189ae25af2554ab": cannot remove snapshot with child: failed precondition
ctr: failed to remove "sha256:1e9dcbfa358ec0e4f38a716c57259dde7f03a0b5b2c130f787ddce42a206b234": cannot remove snapshot with child: failed precondition
ctr: failed to remove "sha256:21afe678a03d24fe828669dcd0b1fd587b7dbf9eb227147d54c389ed4e1a5235": cannot remove snapshot with child: failed precondition
ctr: failed to remove "sha256:2573e0d8158209ed54ab25c87bcdcb00bd3d2539246960a3d592a1c599d70465": cannot remove snapshot with child: failed precondition
ctr: failed to remove "sha256:362a8a37f8bbc31925a8146adcf7cf51f9882f5c1dcbef67c5baa03a297543c0": cannot remove snapshot with child: failed precondition
ctr: failed to remove "sha256:3fa4ad33f0ddc8fd45b39b6b4640f82a3a83619606cd975bfe89d8710ad2d4cd": cannot remove snapshot with child: failed precondition
ctr: failed to remove "sha256:43a7c979bbaba6838bc3102d6b10a1459f3ab050b87ccdfef84ef90cf43d3058": cannot remove snapshot with child: failed precondition
ctr: failed to remove "sha256:4ab04491cdf0d3267f08206fe30bd48f49f94b9cab2f016d6739220f722a64af": cannot remove snapshot with child: failed precondition
ctr: failed to remove "sha256:4b6068250e89c96f263060261819c7d912855bfbd64b3eb4c4a8483299b8c295": cannot remove snapshot with child: failed precondition
ctr: failed to remove "sha256:54760460dde328a0df5fb97426e3821ea3128f2a777231b6e8478cdaf84d50a9": cannot remove snapshot with child: failed precondition
ctr: failed to remove "sha256:580e69a0a8034ede1921139bbd2bfb72a69ebf276d008281896c32dd8bf74775": cannot remove snapshot with child: failed precondition
ctr: failed to remove "sha256:5ad32423e4b556ca23e4a282f00b6c28ba2ec8ad2b7822350a080868a3597d3e": cannot remove snapshot with child: failed precondition
ctr: failed to remove "sha256:5d30ba46b27fe37484567ccc5242cadc78217b8da605f3f195ef25cbf7487904": cannot remove snapshot with child: failed precondition
ctr: failed to remove "sha256:63ca1fbb43ae5034640e5e6cb3e083e05c290072c5366fcaa9d62435a4cced85": cannot remove snapshot with child: failed precondition
ctr: failed to remove "sha256:67f702c6baae873bceb19487c8b1f27bd2b86077e4f2f0e480e6d60ab508b8f5": cannot remove snapshot with child: failed precondition
ctr: failed to remove "sha256:6864348dd42806d552efdec384f1274be15e2d0c10ce44c1f04347af004c10a9": cannot remove snapshot with child: failed precondition
ctr: failed to remove "sha256:6b6a1f10cca10ea08499c191fc025406a23858de44f58930b06dc6608ff034e5": cannot remove snapshot with child: failed precondition
ctr: failed to remove "sha256:6c7dee8f2c39b84b7dc2711c01d33de93514d9055499173e9290176fbe484b6c": cannot remove snapshot with child: failed precondition
ctr: failed to remove "sha256:7b2aa6aba803f974c0e42821c12d550dab643cfde5b2ae9d51d0ce8c21e36e85": cannot remove snapshot with child: failed precondition
ctr: failed to remove "sha256:82753493a6d61ded36556292f02f31841a14c20d2f279f19eaad65afb661d5cd": cannot remove snapshot with child: failed precondition
ctr: failed to remove "sha256:8a10d3db42c505ee0fcfa98417bdd7e39b304f6bcc0a06bb1b220797ff2cc63c": cannot remove snapshot with child: failed precondition
ctr: failed to remove "sha256:8dc638f1633959a13f399393d32432b774a9a6517cd5ca36c97cba8fb3335fc4": cannot remove snapshot with child: failed precondition
ctr: failed to remove "sha256:a0904247e36a7726c03c71ee48f3e64462021c88dafeb13f37fdaf613b27f11c": cannot remove snapshot with child: failed precondition
ctr: failed to remove "sha256:a21e5b12dbac529ad45d976eb9ce45c881f3bedcc500fb30aba1e52aa1813418": cannot remove snapshot with child: failed precondition
ctr: failed to remove "sha256:b2e50eb2186f953ae26ac9fad2a3c33ace846c013761b09a8ee72c6fdf9bbe4a": cannot remove snapshot with child: failed precondition
ctr: failed to remove "sha256:b921e6c28969094157f9b8e7244677780319637afd14450b7cb6b2fdea558a0c": cannot remove snapshot with child: failed precondition
ctr: failed to remove "sha256:bc27ecb5769a00e309cf99ebc763c4a4b958b618d1decc96ffac5bc05f02f5b7": cannot remove snapshot with child: failed precondition
ctr: failed to remove "sha256:be3ccb6627a5332e309d45ef461d09b4879dd870c7394d89323d0ebc6ca6aa8a": cannot remove snapshot with child: failed precondition
ctr: failed to remove "sha256:c261f7cbbc64211ee175ee47273acdb7b1a36a4450b397a064a8f2c026490095": cannot remove snapshot with child: failed precondition
ctr: failed to remove "sha256:c34d9393647eea0c9e3557ab988efaf59f61d10a2a5613b439ef0958cca5ec10": cannot remove snapshot with child: failed precondition
ctr: failed to remove "sha256:ccf3c4a0fa967a41c1c83497a2ce6fa5787965859df0adb32c4ca2cf7490bc2b": cannot remove snapshot with child: failed precondition
ctr: failed to remove "sha256:cf92d33f869417309692088c341cd0f223c178ea78a125f757317b22aa8f90e9": cannot remove snapshot with child: failed precondition
ctr: failed to remove "sha256:d0037344cf2fb078884f1849f6a1f8cf9a33a3b6139b6a85833e5ee528e1f9a8": cannot remove snapshot with child: failed precondition
ctr: failed to remove "sha256:d3b36d5b79273b1e98e7700470eaeff05a882e777124d84cebcc1505b85ecb36": cannot remove snapshot with child: failed precondition
ctr: failed to remove "sha256:d65a44a37914602d12c611e5e22a50f11451d847e63015cc1c2aef92dee777a4": cannot remove snapshot with child: failed precondition
ctr: failed to remove "sha256:d67ffb7af0a837cb49e7ae0ffd956c829a6f97c7e18809fd3bb3c9b9c00c0d81": cannot remove snapshot with child: failed precondition
ctr: failed to remove "sha256:e2dc0bae2455930f23ae570e019b7f32edc75c0f2d71cab084db837ff9051796": cannot remove snapshot with child: failed precondition
ctr: failed to remove "sha256:e31519795c7e3df686c447a21ec8d2eb301388a5e39ccf7f20a25c6f6ce3a522": cannot remove snapshot with child: failed precondition
ctr: failed to remove "sha256:e9e86ed11d9bebc0707dd6f1166c51237ebb44f98657241f943261b2675a5449": cannot remove snapshot with child: failed precondition
ctr: failed to remove "sha256:eccbd24a99c60cd9e86ee5305dbfc4a4dc89f5ab4fb1f06c8d64797cecedef34": cannot remove snapshot with child: failed precondition
ctr: failed to remove "sha256:edd1404c718ab99ca3456bdf222065033800bb67d4334a9642746685a24394cd": cannot remove snapshot with child: failed precondition
ctr: failed to remove "sha256:f144bb4c7c7f0d2aa7eeffd36d934ec40db1ee167be727e326aad9fdc616f475": cannot remove snapshot with child: failed precondition

]]></system-out>
  </testcase>
  <system-out><![CDATA[2025-01-27 17:04:10,249 INFO c.h.h.t.HelmChartContainerExtension - Using cached HelmChartContainer instance
2025-01-27 17:04:10,255 INFO c.h.h.t.HelmChartContainerExtension - Creating cached HelmChartContainer instance
2025-01-27 17:04:10,275 INFO o.testcontainers.DockerClientFactory - Testcontainers version: 1.20.4
2025-01-27 17:04:10,720 INFO o.t.d.DockerClientProviderStrategy - Found Docker environment with local Unix socket (unix:///var/run/docker.sock)
2025-01-27 17:04:10,730 INFO o.testcontainers.DockerClientFactory - Docker host IP address is localhost
2025-01-27 17:04:10,747 INFO o.testcontainers.DockerClientFactory - Connected to docker: 
  Server Version: 26.1.3
  API Version: 1.45
  Operating System: Ubuntu 24.04.1 LTS
  Total Memory: 15990 MB
2025-01-27 17:04:10,755 INFO o.testcontainers.images.PullPolicy - Image pull policy will be performed by: DefaultPullPolicy()
2025-01-27 17:04:10,757 INFO o.t.utility.ImageNameSubstitutor - Image name substitution will be performed by: DefaultImageNameSubstitutor (composite of 'ConfigurationFileImageNameSubstitutor' and 'PrefixingImageNameSubstitutor')
2025-01-27 17:04:10,787 INFO tc.testcontainers/ryuk:0.11.0 - Pulling docker image: testcontainers/ryuk:0.11.0. Please be patient; this may take some time but only needs to be done once.
2025-01-27 17:04:11,185 INFO tc.testcontainers/ryuk:0.11.0 - Starting to pull image
2025-01-27 17:04:11,201 INFO tc.testcontainers/ryuk:0.11.0 - Pulling image layers:  0 pending,  0 downloaded,  0 extracted, (0 bytes/0 bytes)
2025-01-27 17:04:11,405 INFO tc.testcontainers/ryuk:0.11.0 - Pulling image layers:  2 pending,  1 downloaded,  0 extracted, (80 KB/? MB)
2025-01-27 17:04:11,443 INFO tc.testcontainers/ryuk:0.11.0 - Pulling image layers:  1 pending,  2 downloaded,  0 extracted, (116 KB/? MB)
2025-01-27 17:04:11,447 INFO tc.testcontainers/ryuk:0.11.0 - Pulling image layers:  0 pending,  3 downloaded,  0 extracted, (144 KB/10 MB)
2025-01-27 17:04:11,543 INFO tc.testcontainers/ryuk:0.11.0 - Pulling image layers:  0 pending,  3 downloaded,  1 extracted, (3 MB/10 MB)
2025-01-27 17:04:11,697 INFO tc.testcontainers/ryuk:0.11.0 - Pulling image layers:  0 pending,  3 downloaded,  2 extracted, (4 MB/10 MB)
2025-01-27 17:04:11,738 INFO tc.testcontainers/ryuk:0.11.0 - Pulling image layers:  0 pending,  3 downloaded,  3 extracted, (10 MB/10 MB)
2025-01-27 17:04:11,744 INFO tc.testcontainers/ryuk:0.11.0 - Image testcontainers/ryuk:0.11.0 pull took PT0.956547644S
2025-01-27 17:04:11,766 INFO tc.testcontainers/ryuk:0.11.0 - Creating container for image: testcontainers/ryuk:0.11.0
2025-01-27 17:04:11,829 INFO tc.testcontainers/ryuk:0.11.0 - Container testcontainers/ryuk:0.11.0 is starting: 52b8b3fc47e8f004ded77bd959f9113bfffb179926bf85b82b19199aad975859
2025-01-27 17:04:12,553 INFO tc.testcontainers/ryuk:0.11.0 - Container testcontainers/ryuk:0.11.0 started in PT0.787766535S
2025-01-27 17:04:12,558 INFO o.t.utility.RyukResourceReaper - Ryuk started - will monitor and terminate Testcontainers containers on JVM exit
2025-01-27 17:04:12,558 INFO o.testcontainers.DockerClientFactory - Checking the system...
2025-01-27 17:04:12,559 INFO o.testcontainers.DockerClientFactory - ✔︎ Docker server version should be at least 1.6.0
2025-01-27 17:04:12,639 INFO o.t.i.builder.ImageFromDockerfile - Pre-emptively checking local images for 'ubuntu:noble-20241118.1@sha256:80dd3c3b9c6cecb9f1667e9290b3bc61b78c2678c02cbdae5f0fea92cc6734ab', referenced via a Dockerfile. If not available, it will be pulled.
2025-01-27 17:04:12,642 INFO t.u.1@sha256:80dd3c... - Pulling docker image: ubuntu:noble-20241118.1@sha256:80dd3c3b9c6cecb9f1667e9290b3bc61b78c2678c02cbdae5f0fea92cc6734ab. Please be patient; this may take some time but only needs to be done once.
2025-01-27 17:04:12,899 INFO t.u.1@sha256:80dd3c... - Starting to pull image
2025-01-27 17:04:12,900 INFO t.u.1@sha256:80dd3c... - Pulling image layers:  0 pending,  0 downloaded,  0 extracted, (0 bytes/0 bytes)
2025-01-27 17:04:13,324 INFO t.u.1@sha256:80dd3c... - Pulling image layers:  0 pending,  1 downloaded,  0 extracted, (14 MB/28 MB)
2025-01-27 17:04:14,262 INFO t.u.1@sha256:80dd3c... - Pulling image layers:  0 pending,  1 downloaded,  1 extracted, (28 MB/28 MB)
2025-01-27 17:04:14,269 INFO t.u.1@sha256:80dd3c... - Image ubuntu:noble-20241118.1@sha256:80dd3c3b9c6cecb9f1667e9290b3bc61b78c2678c02cbdae5f0fea92cc6734ab pull took PT1.627226028S
2025-01-27 17:04:14,269 INFO t.u.1@sha256:80dd3c... - Pull complete. 1 layers, pulled in 1s (downloaded 28 MB at 28 MB/s)
2025-01-27 17:04:14,272 INFO o.t.i.builder.ImageFromDockerfile - Pre-emptively checking local images for 'rancher/k3s:v1.32.0-k3s1', referenced via a Dockerfile. If not available, it will be pulled.
2025-01-27 17:04:14,274 INFO tc.rancher/k3s:v1.32.0-k3s1 - Pulling docker image: rancher/k3s:v1.32.0-k3s1. Please be patient; this may take some time but only needs to be done once.
2025-01-27 17:04:14,625 INFO tc.rancher/k3s:v1.32.0-k3s1 - Starting to pull image
2025-01-27 17:04:14,626 INFO tc.rancher/k3s:v1.32.0-k3s1 - Pulling image layers:  0 pending,  0 downloaded,  0 extracted, (0 bytes/0 bytes)
2025-01-27 17:04:15,582 INFO tc.rancher/k3s:v1.32.0-k3s1 - Pulling image layers:  0 pending,  1 downloaded,  0 extracted, (64 MB/71 MB)
2025-01-27 17:04:16,621 INFO tc.rancher/k3s:v1.32.0-k3s1 - Pulling image layers:  0 pending,  1 downloaded,  1 extracted, (71 MB/71 MB)
2025-01-27 17:04:16,627 INFO tc.rancher/k3s:v1.32.0-k3s1 - Image rancher/k3s:v1.32.0-k3s1 pull took PT2.353179689S
2025-01-27 17:04:16,627 INFO tc.rancher/k3s:v1.32.0-k3s1 - Pull complete. 1 layers, pulled in 2s (downloaded 71 MB at 35 MB/s)
2025-01-27 17:04:16,634 INFO o.t.i.builder.ImageFromDockerfile - Transferred 0 bytes to Docker daemon
2025-01-27 17:04:32,017 INFO c.h.h.t.HelmChartContainer - Starting HelmChartContainer...
2025-01-27 17:04:32,019 INFO t.localhost/testcontainers/hvuk4nbye5gqk2de:latest - Creating container for image: localhost/testcontainers/hvuk4nbye5gqk2de:latest
2025-01-27 17:04:32,094 INFO tc.alpine:3.17 - Pulling docker image: alpine:3.17. Please be patient; this may take some time but only needs to be done once.
2025-01-27 17:04:32,460 INFO tc.alpine:3.17 - Starting to pull image
2025-01-27 17:04:32,461 INFO tc.alpine:3.17 - Pulling image layers:  0 pending,  0 downloaded,  0 extracted, (0 bytes/0 bytes)
2025-01-27 17:04:32,696 INFO tc.alpine:3.17 - Pulling image layers:  0 pending,  1 downloaded,  0 extracted, (33 KB/3 MB)
2025-01-27 17:04:32,796 INFO tc.alpine:3.17 - Pulling image layers:  0 pending,  1 downloaded,  1 extracted, (3 MB/3 MB)
2025-01-27 17:04:32,804 INFO tc.alpine:3.17 - Image alpine:3.17 pull took PT0.70967526S
2025-01-27 17:04:33,336 INFO t.localhost/testcontainers/hvuk4nbye5gqk2de:latest - Container localhost/testcontainers/hvuk4nbye5gqk2de:latest is starting: 1bf1de2df7a78631221b8ffadeebc6dcde094d0aaab30a15c6a1130f231e392a
2025-01-27 17:04:33,723 INFO c.h.h.t.HelmChartContainer - [K3S] [INFO] Starting k3s v1.32.0+k3s1 (cca8faca)
2025-01-27 17:04:33,725 INFO c.h.h.t.HelmChartContainer - [K3S] [INFO] Configuring sqlite3 database connection pooling: maxIdleConns=2, maxOpenConns=0, connMaxLifetime=0s
2025-01-27 17:04:33,725 INFO c.h.h.t.HelmChartContainer - [K3S] [INFO] Configuring database table schema and indexes, this may take a moment...
2025-01-27 17:04:33,728 INFO c.h.h.t.HelmChartContainer - [K3S] [INFO] Database tables and indexes are up to date
2025-01-27 17:04:33,732 INFO c.h.h.t.HelmChartContainer - [K3S] [INFO] Kine available at unix://kine.sock
2025-01-27 17:04:33,842 INFO c.h.h.t.HelmChartContainer - [K3S] [INFO] Saving cluster bootstrap data to datastore
2025-01-27 17:04:33,842 INFO c.h.h.t.HelmChartContainer - [K3S] [WARNING] dynamiclistener [::]:6443: no cached certificate available for preload - deferring certificate load until storage initialization or first client request
2025-01-27 17:04:33,843 INFO c.h.h.t.HelmChartContainer - [K3S] [INFO] Active TLS secret / (ver=) (count 10): map[listener.cattle.io/cn-10.43.0.1:10.43.0.1 listener.cattle.io/cn-127.0.0.1:127.0.0.1 listener.cattle.io/cn-172.18.0.2:172.18.0.2 listener.cattle.io/cn-1bf1de2df7a7:1bf1de2df7a7 listener.cattle.io/cn-__1-f16284:::1 listener.cattle.io/cn-kubernetes:kubernetes listener.cattle.io/cn-kubernetes.default:kubernetes.default listener.cattle.io/cn-kubernetes.default.svc:kubernetes.default.svc listener.cattle.io/cn-kubernetes.default.svc.cluster.local:kubernetes.default.svc.cluster.local listener.cattle.io/cn-localhost:localhost listener.cattle.io/fingerprint:SHA1=2710D24488F0A31F31330A792CA4BFD1A705986F]
2025-01-27 17:04:34,011 INFO c.h.h.t.HelmChartContainer - [K3S] [INFO] Running kube-apiserver --advertise-port=6443 --allow-privileged=true --anonymous-auth=false --api-audiences=https://kubernetes.default.svc.cluster.local,k3s --authorization-mode=Node,RBAC --bind-address=127.0.0.1 --cert-dir=/var/lib/rancher/k3s/server/tls/temporary-certs --client-ca-file=/var/lib/rancher/k3s/server/tls/client-ca.crt --egress-selector-config-file=/var/lib/rancher/k3s/server/etc/egress-selector-config.yaml --enable-admission-plugins=NodeRestriction --enable-aggregator-routing=true --enable-bootstrap-token-auth=true --etcd-compaction-interval=0s --etcd-servers=unix://kine.sock --kubelet-certificate-authority=/var/lib/rancher/k3s/server/tls/server-ca.crt --kubelet-client-certificate=/var/lib/rancher/k3s/server/tls/client-kube-apiserver.crt --kubelet-client-key=/var/lib/rancher/k3s/server/tls/client-kube-apiserver.key --kubelet-preferred-address-types=InternalIP,ExternalIP,Hostname --profiling=false --proxy-client-cert-file=/var/lib/rancher/k3s/server/tls/client-auth-proxy.crt --proxy-client-key-file=/var/lib/rancher/k3s/server/tls/client-auth-proxy.key --requestheader-allowed-names=system:auth-proxy --requestheader-client-ca-file=/var/lib/rancher/k3s/server/tls/request-header-ca.crt --requestheader-extra-headers-prefix=X-Remote-Extra- --requestheader-group-headers=X-Remote-Group --requestheader-username-headers=X-Remote-User --secure-port=6444 --service-account-issuer=https://kubernetes.default.svc.cluster.local --service-account-key-file=/var/lib/rancher/k3s/server/tls/service.key --service-account-signing-key-file=/var/lib/rancher/k3s/server/tls/service.current.key --service-cluster-ip-range=10.43.0.0/16 --service-node-port-range=30000-32767 --storage-backend=etcd3 --tls-cert-file=/var/lib/rancher/k3s/server/tls/serving-kube-apiserver.crt --tls-cipher-suites=TLS_ECDHE_ECDSA_WITH_AES_256_GCM_SHA384,TLS_ECDHE_RSA_WITH_AES_256_GCM_SHA384,TLS_ECDHE_ECDSA_WITH_AES_128_GCM_SHA256,TLS_ECDHE_RSA_WITH_AES_128_GCM_SHA256,TLS_ECDHE_ECDSA_WITH_CHACHA20_POLY1305,TLS_ECDHE_RSA_WITH_CHACHA20_POLY1305 --tls-private-key-file=/var/lib/rancher/k3s/server/tls/serving-kube-apiserver.key
2025-01-27 17:04:34,012 INFO c.h.h.t.HelmChartContainer - [K3S] [INFO] Running kube-scheduler --authentication-kubeconfig=/var/lib/rancher/k3s/server/cred/scheduler.kubeconfig --authorization-kubeconfig=/var/lib/rancher/k3s/server/cred/scheduler.kubeconfig --bind-address=127.0.0.1 --kubeconfig=/var/lib/rancher/k3s/server/cred/scheduler.kubeconfig --leader-elect=false --profiling=false --secure-port=10259
2025-01-27 17:04:34,012 INFO c.h.h.t.HelmChartContainer - [K3S] [INFO] Waiting for API server to become available
2025-01-27 17:04:34,012 INFO c.h.h.t.HelmChartContainer - [K3S] [registry.go:256] calling componentGlobalsRegistry.AddFlags more than once, the registry will be set by the latest flags
2025-01-27 17:04:34,014 INFO c.h.h.t.HelmChartContainer - [K3S] [INFO] Running kube-controller-manager --allocate-node-cidrs=true --authentication-kubeconfig=/var/lib/rancher/k3s/server/cred/controller.kubeconfig --authorization-kubeconfig=/var/lib/rancher/k3s/server/cred/controller.kubeconfig --bind-address=127.0.0.1 --cluster-cidr=10.42.0.0/16 --cluster-signing-kube-apiserver-client-cert-file=/var/lib/rancher/k3s/server/tls/client-ca.nochain.crt --cluster-signing-kube-apiserver-client-key-file=/var/lib/rancher/k3s/server/tls/client-ca.key --cluster-signing-kubelet-client-cert-file=/var/lib/rancher/k3s/server/tls/client-ca.nochain.crt --cluster-signing-kubelet-client-key-file=/var/lib/rancher/k3s/server/tls/client-ca.key --cluster-signing-kubelet-serving-cert-file=/var/lib/rancher/k3s/server/tls/server-ca.nochain.crt --cluster-signing-kubelet-serving-key-file=/var/lib/rancher/k3s/server/tls/server-ca.key --cluster-signing-legacy-unknown-cert-file=/var/lib/rancher/k3s/server/tls/server-ca.nochain.crt --cluster-signing-legacy-unknown-key-file=/var/lib/rancher/k3s/server/tls/server-ca.key --configure-cloud-routes=false --controllers=*,tokencleaner,-service,-route,-cloud-node-lifecycle --kubeconfig=/var/lib/rancher/k3s/server/cred/controller.kubeconfig --leader-elect=false --profiling=false --root-ca-file=/var/lib/rancher/k3s/server/tls/server-ca.crt --secure-port=10257 --service-account-private-key-file=/var/lib/rancher/k3s/server/tls/service.current.key --service-cluster-ip-range=10.43.0.0/16 --use-service-account-credentials=true
2025-01-27 17:04:34,014 INFO c.h.h.t.HelmChartContainer - [K3S] [registry.go:256] calling componentGlobalsRegistry.AddFlags more than once, the registry will be set by the latest flags
2025-01-27 17:04:34,014 INFO c.h.h.t.HelmChartContainer - [K3S] [options.go:238] external host was not specified, using 172.18.0.2
2025-01-27 17:04:34,014 INFO c.h.h.t.HelmChartContainer - [K3S] [options.go:299] unable to set WatchListClient feature gate, err: cannot override default for feature "WatchListClient": gates already added to a flag set
2025-01-27 17:04:34,014 INFO c.h.h.t.HelmChartContainer - [K3S] [registry.go:256] calling componentGlobalsRegistry.AddFlags more than once, the registry will be set by the latest flags
2025-01-27 17:04:34,015 INFO c.h.h.t.HelmChartContainer - [K3S] [INFO] Running cloud-controller-manager --allocate-node-cidrs=true --authentication-kubeconfig=/var/lib/rancher/k3s/server/cred/cloud-controller.kubeconfig --authorization-kubeconfig=/var/lib/rancher/k3s/server/cred/cloud-controller.kubeconfig --bind-address=127.0.0.1 --cloud-config=/var/lib/rancher/k3s/server/etc/cloud-config.yaml --cloud-provider=k3s --cluster-cidr=10.42.0.0/16 --configure-cloud-routes=false --controllers=*,-route --kubeconfig=/var/lib/rancher/k3s/server/cred/cloud-controller.kubeconfig --leader-elect=false --leader-elect-resource-name=k3s-cloud-controller-manager --node-status-update-frequency=1m0s --profiling=false
2025-01-27 17:04:34,018 INFO c.h.h.t.HelmChartContainer - [K3S] [server.go:151] Version: v1.32.0+k3s1
2025-01-27 17:04:34,018 INFO c.h.h.t.HelmChartContainer - [K3S] [server.go:153] "Golang settings" GOGC="" GOMAXPROCS="" GOTRACEBACK=""
2025-01-27 17:04:34,018 INFO c.h.h.t.HelmChartContainer - [K3S] [INFO] Server node token is available at /var/lib/rancher/k3s/server/token
2025-01-27 17:04:34,020 INFO c.h.h.t.HelmChartContainer - [K3S] [INFO] To join server node to cluster: k3s server -s https://172.18.0.2:6443 -t ${SERVER_NODE_TOKEN}
2025-01-27 17:04:34,020 INFO c.h.h.t.HelmChartContainer - [K3S] [INFO] Agent node token is available at /var/lib/rancher/k3s/server/agent-token
2025-01-27 17:04:34,020 INFO c.h.h.t.HelmChartContainer - [K3S] [INFO] To join agent node to cluster: k3s agent -s https://172.18.0.2:6443 -t ${AGENT_NODE_TOKEN}
2025-01-27 17:04:34,020 INFO c.h.h.t.HelmChartContainer - [K3S] [INFO] Wrote kubeconfig /etc/rancher/k3s/k3s.yaml
2025-01-27 17:04:34,020 INFO c.h.h.t.HelmChartContainer - [K3S] [INFO] Run: k3s kubectl
2025-01-27 17:04:34,376 INFO c.h.h.t.HelmChartContainer - [K3S] [plugins.go:157] Loaded 13 mutating admission controller(s) successfully in the following order: NamespaceLifecycle,LimitRanger,ServiceAccount,NodeRestriction,TaintNodesByCondition,Priority,DefaultTolerationSeconds,DefaultStorageClass,StorageObjectInUseProtection,RuntimeClass,DefaultIngressClass,MutatingAdmissionPolicy,MutatingAdmissionWebhook.
2025-01-27 17:04:34,377 INFO c.h.h.t.HelmChartContainer - [K3S] [plugins.go:160] Loaded 13 validating admission controller(s) successfully in the following order: LimitRanger,ServiceAccount,PodSecurity,Priority,PersistentVolumeClaimResize,RuntimeClass,CertificateApproval,CertificateSigning,ClusterTrustBundleAttest,CertificateSubjectRestriction,ValidatingAdmissionPolicy,ValidatingAdmissionWebhook,ResourceQuota.
2025-01-27 17:04:34,377 INFO c.h.h.t.HelmChartContainer - [K3S] [instance.go:233] Using reconciler: lease
2025-01-27 17:04:34,438 INFO c.h.h.t.HelmChartContainer - [K3S] [apis.go:106] API group "internal.apiserver.k8s.io" is not enabled, skipping.
2025-01-27 17:04:34,496 INFO c.h.h.t.HelmChartContainer - [K3S] [apis.go:106] API group "storagemigration.k8s.io" is not enabled, skipping.
2025-01-27 17:04:34,519 INFO c.h.h.t.HelmChartContainer - [K3S] [apis.go:106] API group "resource.k8s.io" is not enabled, skipping.
2025-01-27 17:04:34,634 INFO c.h.h.t.HelmChartContainer - [K3S] [INFO] Password verified locally for node 1bf1de2df7a7
2025-01-27 17:04:34,847 INFO c.h.h.t.HelmChartContainer - [K3S] [dynamic_cafile_content.go:161] "Starting controller" name="client-ca-bundle::/var/lib/rancher/k3s/server/tls/client-ca.crt"
2025-01-27 17:04:34,847 INFO c.h.h.t.HelmChartContainer - [K3S] [dynamic_cafile_content.go:161] "Starting controller" name="request-header::/var/lib/rancher/k3s/server/tls/request-header-ca.crt"
2025-01-27 17:04:34,848 INFO c.h.h.t.HelmChartContainer - [K3S] [secure_serving.go:213] Serving securely on 127.0.0.1:6444
2025-01-27 17:04:34,849 INFO c.h.h.t.HelmChartContainer - [K3S] [dynamic_serving_content.go:135] "Starting controller" name="serving-cert::/var/lib/rancher/k3s/server/tls/serving-kube-apiserver.crt::/var/lib/rancher/k3s/server/tls/serving-kube-apiserver.key"
2025-01-27 17:04:34,849 INFO c.h.h.t.HelmChartContainer - [K3S] [tlsconfig.go:243] "Starting DynamicServingCertificateController"
2025-01-27 17:04:34,849 INFO c.h.h.t.HelmChartContainer - [K3S] [gc_controller.go:78] Starting apiserver lease garbage collector
2025-01-27 17:04:34,849 INFO c.h.h.t.HelmChartContainer - [K3S] [cluster_authentication_trust_controller.go:462] Starting cluster_authentication_trust_controller controller
2025-01-27 17:04:34,849 INFO c.h.h.t.HelmChartContainer - [K3S] [aggregator.go:169] waiting for initial CRD sync...
2025-01-27 17:04:34,849 INFO c.h.h.t.HelmChartContainer - [K3S] [customresource_discovery_controller.go:292] Starting DiscoveryController
2025-01-27 17:04:34,849 INFO c.h.h.t.HelmChartContainer - [K3S] [system_namespaces_controller.go:66] Starting system namespaces controller
2025-01-27 17:04:34,849 INFO c.h.h.t.HelmChartContainer - [K3S] [remote_available_controller.go:411] Starting RemoteAvailability controller
2025-01-27 17:04:34,850 INFO c.h.h.t.HelmChartContainer - [K3S] [controller.go:78] Starting OpenAPI AggregationController
2025-01-27 17:04:34,850 INFO c.h.h.t.HelmChartContainer - [K3S] [controller.go:80] Starting OpenAPI V3 AggregationController
2025-01-27 17:04:34,852 INFO c.h.h.t.HelmChartContainer - [K3S] [dynamic_cafile_content.go:161] "Starting controller" name="client-ca-bundle::/var/lib/rancher/k3s/server/tls/client-ca.crt"
2025-01-27 17:04:34,852 INFO c.h.h.t.HelmChartContainer - [K3S] [dynamic_cafile_content.go:161] "Starting controller" name="request-header::/var/lib/rancher/k3s/server/tls/request-header-ca.crt"
2025-01-27 17:04:34,852 INFO c.h.h.t.HelmChartContainer - [K3S] [crdregistration_controller.go:114] Starting crd-autoregister controller
2025-01-27 17:04:34,857 INFO c.h.h.t.HelmChartContainer - [K3S] [controller.go:142] Starting OpenAPI controller
2025-01-27 17:04:34,857 INFO c.h.h.t.HelmChartContainer - [K3S] [dynamic_serving_content.go:135] "Starting controller" name="aggregator-proxy-cert::/var/lib/rancher/k3s/server/tls/client-auth-proxy.crt::/var/lib/rancher/k3s/server/tls/client-auth-proxy.key"
2025-01-27 17:04:34,857 INFO c.h.h.t.HelmChartContainer - [K3S] [controller.go:90] Starting OpenAPI V3 controller
2025-01-27 17:04:34,857 INFO c.h.h.t.HelmChartContainer - [K3S] [naming_controller.go:294] Starting NamingConditionController
2025-01-27 17:04:34,857 INFO c.h.h.t.HelmChartContainer - [K3S] [establishing_controller.go:81] Starting EstablishingController
2025-01-27 17:04:34,857 INFO c.h.h.t.HelmChartContainer - [K3S] [nonstructuralschema_controller.go:195] Starting NonStructuralSchemaConditionController
2025-01-27 17:04:34,857 INFO c.h.h.t.HelmChartContainer - [K3S] [apiapproval_controller.go:189] Starting KubernetesAPIApprovalPolicyConformantConditionController
2025-01-27 17:04:34,857 INFO c.h.h.t.HelmChartContainer - [K3S] [crd_finalizer.go:269] Starting CRDFinalizer
2025-01-27 17:04:34,857 INFO c.h.h.t.HelmChartContainer - [K3S] [apf_controller.go:377] Starting API Priority and Fairness config controller
2025-01-27 17:04:34,858 INFO c.h.h.t.HelmChartContainer - [K3S] [local_available_controller.go:156] Starting LocalAvailability controller
2025-01-27 17:04:34,858 INFO c.h.h.t.HelmChartContainer - [K3S] [apiservice_controller.go:100] Starting APIServiceRegistrationController
2025-01-27 17:04:34,858 INFO c.h.h.t.HelmChartContainer - [K3S] [controller.go:119] Starting legacy_token_tracking_controller
2025-01-27 17:04:34,953 INFO c.h.h.t.HelmChartContainer - [K3S] [aggregator.go:171] initial CRD sync complete...
2025-01-27 17:04:34,953 INFO c.h.h.t.HelmChartContainer - [K3S] [autoregister_controller.go:144] Starting autoregister controller
2025-01-27 17:04:34,953 INFO c.h.h.t.HelmChartContainer - [K3S] [apf_controller.go:382] Running API Priority and Fairness config worker
2025-01-27 17:04:34,954 INFO c.h.h.t.HelmChartContainer - [K3S] [apf_controller.go:385] Running API Priority and Fairness periodic rebalancing process
2025-01-27 17:04:34,955 INFO c.h.h.t.HelmChartContainer - [K3S] [handler_discovery.go:451] Starting ResourceDiscoveryManager
2025-01-27 17:04:34,971 INFO c.h.h.t.HelmChartContainer - [K3S] [policy_source.go:240] refreshing policies
2025-01-27 17:04:34,998 INFO c.h.h.t.HelmChartContainer - [K3S] [controller.go:145] "Failed to ensure lease exists, will retry" err="namespaces \"kube-system\" not found" interval="200ms"
2025-01-27 17:04:35,004 INFO c.h.h.t.HelmChartContainer - [K3S] [controller.go:95] Unable to perform initial Kubernetes service initialization: namespaces "default" not found
2025-01-27 17:04:35,007 INFO c.h.h.t.HelmChartContainer - [K3S] [controller.go:148] "Unhandled Error" err="while syncing ConfigMap \"kube-system/kube-apiserver-legacy-service-account-token-tracking\", err: namespaces \"kube-system\" not found" logger="UnhandledError"
2025-01-27 17:04:35,198 INFO c.h.h.t.HelmChartContainer - [K3S] [WARNING] Host resolv.conf includes loopback or multicast nameservers - kubelet will use autogenerated resolv.conf with nameserver 8.8.8.8
2025-01-27 17:04:35,207 INFO c.h.h.t.HelmChartContainer - [K3S] [INFO] Module overlay was already loaded
2025-01-27 17:04:35,207 INFO c.h.h.t.HelmChartContainer - [K3S] [INFO] Module nf_conntrack was already loaded
2025-01-27 17:04:35,207 INFO c.h.h.t.HelmChartContainer - [K3S] [INFO] Module br_netfilter was already loaded
2025-01-27 17:04:35,211 INFO c.h.h.t.HelmChartContainer - [K3S] [INFO] Set sysctl 'net/netfilter/nf_conntrack_max' to 131072
2025-01-27 17:04:35,212 INFO c.h.h.t.HelmChartContainer - [K3S] [INFO] Set sysctl 'net/netfilter/nf_conntrack_tcp_timeout_established' to 86400
2025-01-27 17:04:35,212 INFO c.h.h.t.HelmChartContainer - [K3S] [INFO] Set sysctl 'net/netfilter/nf_conntrack_tcp_timeout_close_wait' to 3600
2025-01-27 17:04:35,213 INFO c.h.h.t.HelmChartContainer - [K3S] [INFO] Logging containerd to /var/lib/rancher/k3s/agent/containerd/containerd.log
2025-01-27 17:04:35,214 INFO c.h.h.t.HelmChartContainer - [K3S] [INFO] Running containerd -c /var/lib/rancher/k3s/agent/etc/containerd/config.toml -a /run/k3s/containerd/containerd.sock --state /run/k3s/containerd --root /var/lib/rancher/k3s/agent/containerd
2025-01-27 17:04:35,853 INFO c.h.h.t.HelmChartContainer - [K3S] [storage_scheduling.go:95] created PriorityClass system-node-critical with value 2000001000
2025-01-27 17:04:35,856 INFO c.h.h.t.HelmChartContainer - [K3S] [storage_scheduling.go:95] created PriorityClass system-cluster-critical with value 2000000000
2025-01-27 17:04:35,856 INFO c.h.h.t.HelmChartContainer - [K3S] [storage_scheduling.go:111] all system priority classes are created successfully or already exist.
2025-01-27 17:04:36,221 INFO c.h.h.t.HelmChartContainer - [K3S] [INFO] containerd is now running
2025-01-27 17:04:36,223 INFO c.h.h.t.HelmChartContainer - [K3S] [INFO] Connecting to proxy" url="wss://127.0.0.1:6443/v1-k3s/connect
2025-01-27 17:04:36,223 INFO c.h.h.t.HelmChartContainer - [K3S] [INFO] Creating k3s-cert-monitor event broadcaster
2025-01-27 17:04:36,225 INFO c.h.h.t.HelmChartContainer - [K3S] [INFO] Running kubelet --cloud-provider=external --config-dir=/var/lib/rancher/k3s/agent/etc/kubelet.conf.d --containerd=/run/k3s/containerd/containerd.sock --hostname-override=1bf1de2df7a7 --kubeconfig=/var/lib/rancher/k3s/agent/kubelet.kubeconfig --node-ip=172.18.0.2 --node-labels=
2025-01-27 17:04:36,226 INFO c.h.h.t.HelmChartContainer - [K3S] [INFO] Handling backend connection request [1bf1de2df7a7]
2025-01-27 17:04:36,227 INFO c.h.h.t.HelmChartContainer - [K3S] [INFO] Remotedialer connected to proxy" url="wss://127.0.0.1:6443/v1-k3s/connect
2025-01-27 17:04:36,231 INFO c.h.h.t.HelmChartContainer - [K3S] Flag --containerd has been deprecated, This is a cadvisor flag that was mistakenly registered with the Kubelet. Due to legacy concerns, it will follow the standard CLI deprecation timeline before being removed.
2025-01-27 17:04:36,234 INFO c.h.h.t.HelmChartContainer - [K3S] [server.go:515] "Kubelet version" kubeletVersion="v1.32.0+k3s1"
2025-01-27 17:04:36,234 INFO c.h.h.t.HelmChartContainer - [K3S] [server.go:517] "Golang settings" GOGC="" GOMAXPROCS="" GOTRACEBACK=""
2025-01-27 17:04:36,236 INFO c.h.h.t.HelmChartContainer - [K3S] [dynamic_cafile_content.go:161] "Starting controller" name="client-ca-bundle::/var/lib/rancher/k3s/agent/client-ca.crt"
2025-01-27 17:04:36,238 INFO c.h.h.t.HelmChartContainer - [K3S] [log.go:32] "RuntimeConfig from runtime service failed" err="rpc error: code = Unimplemented desc = method RuntimeConfig not implemented"
2025-01-27 17:04:36,238 INFO c.h.h.t.HelmChartContainer - [K3S] [server.go:1416] "CRI implementation should be updated to support RuntimeConfig when KubeletCgroupDriverFromCRI feature gate has been enabled. Falling back to using cgroupDriver from kubelet config."
2025-01-27 17:04:36,242 INFO c.h.h.t.HelmChartContainer - [K3S] [info.go:53] Couldn't collect info from any of the files in "/etc/machine-id,/var/lib/dbus/machine-id"
2025-01-27 17:04:36,243 INFO c.h.h.t.HelmChartContainer - [K3S] [server.go:767] "--cgroups-per-qos enabled, but --cgroup-root was not specified.  defaulting to /"
2025-01-27 17:04:36,243 INFO c.h.h.t.HelmChartContainer - [K3S] [server.go:836] "NoSwap is set due to memorySwapBehavior not specified" memorySwapBehavior="" FailSwapOn=false
2025-01-27 17:04:36,243 INFO c.h.h.t.HelmChartContainer - [K3S] [swap_util.go:115] "Swap is on" /proc/swaps contents=<
2025-01-27 17:04:36,243 INFO c.h.h.t.HelmChartContainer - [K3S] 	Filename				Type		Size		Used		Priority
2025-01-27 17:04:36,243 INFO c.h.h.t.HelmChartContainer - [K3S] 	/mnt/swapfile                           file		4194300		0		-2
2025-01-27 17:04:36,243 INFO c.h.h.t.HelmChartContainer - [K3S]  >
2025-01-27 17:04:36,244 INFO c.h.h.t.HelmChartContainer - [K3S] [container_manager_linux.go:268] "Container manager verified user specified cgroup-root exists" cgroupRoot=[]
2025-01-27 17:04:36,244 INFO c.h.h.t.HelmChartContainer - [K3S] [container_manager_linux.go:273] "Creating Container Manager object based on Node Config" nodeConfig={"NodeName":"1bf1de2df7a7","RuntimeCgroupsName":"","SystemCgroupsName":"","KubeletCgroupsName":"/k3s","KubeletOOMScoreAdj":-999,"ContainerRuntime":"","CgroupsPerQOS":true,"CgroupRoot":"/","CgroupDriver":"cgroupfs","KubeletRootDir":"/var/lib/kubelet","ProtectKernelDefaults":false,"KubeReservedCgroupName":"","SystemReservedCgroupName":"","ReservedSystemCPUs":{},"EnforceNodeAllocatable":{"pods":{}},"KubeReserved":null,"SystemReserved":null,"HardEvictionThresholds":[{"Signal":"imagefs.available","Operator":"LessThan","Value":{"Quantity":null,"Percentage":0.05},"GracePeriod":0,"MinReclaim":null},{"Signal":"nodefs.available","Operator":"LessThan","Value":{"Quantity":null,"Percentage":0.05},"GracePeriod":0,"MinReclaim":null}],"QOSReserved":{},"CPUManagerPolicy":"none","CPUManagerPolicyOptions":null,"TopologyManagerScope":"container","CPUManagerReconcilePeriod":10000000000,"ExperimentalMemoryManagerPolicy":"None","ExperimentalMemoryManagerReservedMemory":null,"PodPidsLimit":-1,"EnforceCPULimits":true,"CPUCFSQuotaPeriod":100000000,"TopologyManagerPolicy":"none","TopologyManagerPolicyOptions":null,"CgroupVersion":2}
2025-01-27 17:04:36,245 INFO c.h.h.t.HelmChartContainer - [K3S] [topology_manager.go:138] "Creating topology manager with none policy"
2025-01-27 17:04:36,245 INFO c.h.h.t.HelmChartContainer - [K3S] [container_manager_linux.go:304] "Creating device plugin manager"
2025-01-27 17:04:36,245 INFO c.h.h.t.HelmChartContainer - [K3S] [state_mem.go:36] "Initialized new in-memory state store"
2025-01-27 17:04:36,245 INFO c.h.h.t.HelmChartContainer - [K3S] [kubelet.go:446] "Attempting to sync node with API server"
2025-01-27 17:04:36,245 INFO c.h.h.t.HelmChartContainer - [K3S] [kubelet.go:341] "Adding static pod path" path="/var/lib/rancher/k3s/agent/pod-manifests"
2025-01-27 17:04:36,245 INFO c.h.h.t.HelmChartContainer - [K3S] [kubelet.go:352] "Adding apiserver pod source"
2025-01-27 17:04:36,245 INFO c.h.h.t.HelmChartContainer - [K3S] [apiserver.go:42] "Waiting for node sync before watching apiserver pods"
2025-01-27 17:04:36,246 INFO c.h.h.t.HelmChartContainer - [K3S] [kuberuntime_manager.go:269] "Container runtime initialized" containerRuntime="containerd" version="v1.7.23-k3s2" apiVersion="v1"
2025-01-27 17:04:36,246 INFO c.h.h.t.HelmChartContainer - [K3S] [kubelet.go:890] "Not starting ClusterTrustBundle informer because we are in static kubelet mode"
2025-01-27 17:04:36,249 INFO c.h.h.t.HelmChartContainer - [K3S] [probe.go:272] Flexvolume plugin directory at /usr/libexec/kubernetes/kubelet-plugins/volume/exec/ does not exist. Recreating.
2025-01-27 17:04:36,250 INFO c.h.h.t.HelmChartContainer - [K3S] [watchdog_linux.go:99] "Systemd watchdog is not enabled"
2025-01-27 17:04:36,250 INFO c.h.h.t.HelmChartContainer - [K3S] [server.go:1282] "Started kubelet"
2025-01-27 17:04:36,250 INFO c.h.h.t.HelmChartContainer - [K3S] [fs_resource_analyzer.go:67] "Starting FS ResourceAnalyzer"
2025-01-27 17:04:36,253 INFO c.h.h.t.HelmChartContainer - [K3S] [server.go:169] "Starting to listen" address="0.0.0.0" port=10250
2025-01-27 17:04:36,254 INFO c.h.h.t.HelmChartContainer - [K3S] [server.go:490] "Adding debug handlers to kubelet server"
2025-01-27 17:04:36,254 INFO c.h.h.t.HelmChartContainer - [K3S] [server.go:208] "Starting to listen read-only" address="0.0.0.0" port=10255
2025-01-27 17:04:36,255 INFO c.h.h.t.HelmChartContainer - [K3S] [ratelimit.go:55] "Setting rate limiting for endpoint" service="podresources" qps=100 burstTokens=10
2025-01-27 17:04:36,256 INFO c.h.h.t.HelmChartContainer - [K3S] [server.go:243] "Starting to serve the podresources API" endpoint="unix:/var/lib/kubelet/pod-resources/kubelet.sock"
2025-01-27 17:04:36,256 INFO c.h.h.t.HelmChartContainer - [K3S] [dynamic_serving_content.go:135] "Starting controller" name="kubelet-server-cert-files::/var/lib/rancher/k3s/agent/serving-kubelet.crt::/var/lib/rancher/k3s/agent/serving-kubelet.key"
2025-01-27 17:04:36,259 INFO c.h.h.t.HelmChartContainer - [K3S] [kubelet.go:1561] "Image garbage collection failed once. Stats initialization may not have completed yet" err="invalid capacity 0 on image filesystem"
2025-01-27 17:04:36,260 INFO c.h.h.t.HelmChartContainer - [K3S] [kubelet_node_status.go:467] "Error getting the current node from lister" err="node \"1bf1de2df7a7\" not found"
2025-01-27 17:04:36,261 INFO c.h.h.t.HelmChartContainer - [K3S] [volume_manager.go:297] "Starting Kubelet Volume Manager"
2025-01-27 17:04:36,261 INFO c.h.h.t.HelmChartContainer - [K3S] [desired_state_of_world_populator.go:149] "Desired state populator starts to run"
2025-01-27 17:04:36,261 INFO c.h.h.t.HelmChartContainer - [K3S] [reconciler.go:26] "Reconciler: start to sync state"
2025-01-27 17:04:36,262 INFO c.h.h.t.HelmChartContainer - [K3S] [factory.go:221] Registration of the systemd container factory successfully
2025-01-27 17:04:36,264 INFO c.h.h.t.HelmChartContainer - [K3S] [factory.go:219] Registration of the crio container factory failed: Get "http://%2Fvar%2Frun%2Fcrio%2Fcrio.sock/info": dial unix /var/run/crio/crio.sock: connect: no such file or directory
2025-01-27 17:04:36,264 INFO c.h.h.t.HelmChartContainer - [K3S] [factory.go:221] Registration of the containerd container factory successfully
2025-01-27 17:04:36,286 INFO c.h.h.t.HelmChartContainer - [K3S] [nodelease.go:49] "Failed to get node when trying to set owner ref to the node lease" err="nodes \"1bf1de2df7a7\" not found" node="1bf1de2df7a7"
2025-01-27 17:04:36,290 INFO c.h.h.t.HelmChartContainer - [K3S] [cpu_manager.go:221] "Starting CPU manager" policy="none"
2025-01-27 17:04:36,292 INFO c.h.h.t.HelmChartContainer - [K3S] [cpu_manager.go:222] "Reconciling" reconcilePeriod="10s"
2025-01-27 17:04:36,292 INFO c.h.h.t.HelmChartContainer - [K3S] [state_mem.go:36] "Initialized new in-memory state store"
2025-01-27 17:04:36,297 INFO c.h.h.t.HelmChartContainer - [K3S] [kubelet_network_linux.go:50] "Initialized iptables rules." protocol="IPv4"
2025-01-27 17:04:36,297 INFO c.h.h.t.HelmChartContainer - [K3S] [policy_none.go:49] "None policy: Start"
2025-01-27 17:04:36,298 INFO c.h.h.t.HelmChartContainer - [K3S] [memory_manager.go:186] "Starting memorymanager" policy="None"
2025-01-27 17:04:36,298 INFO c.h.h.t.HelmChartContainer - [K3S] [state_mem.go:35] "Initializing new in-memory state store"
2025-01-27 17:04:36,301 INFO c.h.h.t.HelmChartContainer - [K3S] [manager.go:519] "Failed to read data from checkpoint" checkpoint="kubelet_internal_checkpoint" err="checkpoint is not found"
2025-01-27 17:04:36,302 INFO c.h.h.t.HelmChartContainer - [K3S] [kubelet_network_linux.go:50] "Initialized iptables rules." protocol="IPv6"
2025-01-27 17:04:36,302 INFO c.h.h.t.HelmChartContainer - [K3S] [status_manager.go:227] "Starting to sync pod status with apiserver"
2025-01-27 17:04:36,302 INFO c.h.h.t.HelmChartContainer - [K3S] [watchdog_linux.go:127] "Systemd watchdog is not enabled or the interval is invalid, so health checking will not be started."
2025-01-27 17:04:36,303 INFO c.h.h.t.HelmChartContainer - [K3S] [kubelet.go:2388] "Starting kubelet main sync loop"
2025-01-27 17:04:36,303 INFO c.h.h.t.HelmChartContainer - [K3S] [kubelet.go:2412] "Skipping pod synchronization" err="[container runtime status check may not have completed yet, PLEG is not healthy: pleg has yet to be successful]"
2025-01-27 17:04:36,304 INFO c.h.h.t.HelmChartContainer - [K3S] [eviction_manager.go:189] "Eviction manager: starting control loop"
2025-01-27 17:04:36,307 INFO c.h.h.t.HelmChartContainer - [K3S] [container_log_manager.go:189] "Initializing container log rotate workers" workers=1 monitorPeriod="10s"
2025-01-27 17:04:36,309 INFO c.h.h.t.HelmChartContainer - [K3S] [plugin_manager.go:118] "Starting Kubelet Plugin Manager"
2025-01-27 17:04:36,311 INFO c.h.h.t.HelmChartContainer - [K3S] [eviction_manager.go:267] "eviction manager: failed to check if we have separate container filesystem. Ignoring." err="no imagefs label for configured runtime"
2025-01-27 17:04:36,312 INFO c.h.h.t.HelmChartContainer - [K3S] [eviction_manager.go:292] "Eviction manager: failed to get summary stats" err="failed to get node info: node \"1bf1de2df7a7\" not found"
2025-01-27 17:04:36,314 INFO c.h.h.t.HelmChartContainer - [K3S] [alloc.go:330] "allocated clusterIPs" service="default/kubernetes" clusterIPs={"IPv4":"10.43.0.1"}
2025-01-27 17:04:36,318 INFO c.h.h.t.HelmChartContainer - [K3S] [lease.go:265] Resetting endpoints for master service "kubernetes" to [172.18.0.2]
2025-01-27 17:04:36,356 INFO c.h.h.t.HelmChartContainer - [K3S] [ERROR] Sending HTTP/1.1 503 response to 127.0.0.1:33370: runtime core not ready
2025-01-27 17:04:36,406 INFO c.h.h.t.HelmChartContainer - [K3S] [kubelet_node_status.go:76] "Attempting to register node" node="1bf1de2df7a7"
2025-01-27 17:04:36,411 INFO c.h.h.t.HelmChartContainer - [K3S] [kubelet_node_status.go:79] "Successfully registered node" node="1bf1de2df7a7"
2025-01-27 17:04:36,415 INFO c.h.h.t.HelmChartContainer - [K3S] [INFO] Annotations and labels have been set successfully on node: 1bf1de2df7a7
2025-01-27 17:04:36,417 INFO c.h.h.t.HelmChartContainer - [K3S] [INFO] Starting flannel with backend vxlan
2025-01-27 17:04:36,469 INFO c.h.h.t.HelmChartContainer - [K3S] [INFO] Running kube-proxy --cluster-cidr=10.42.0.0/16 --conntrack-max-per-core=0 --conntrack-tcp-timeout-close-wait=0s --conntrack-tcp-timeout-established=0s --healthz-bind-address=127.0.0.1 --hostname-override=1bf1de2df7a7 --kubeconfig=/var/lib/rancher/k3s/agent/kubeproxy.kubeconfig --proxy-mode=iptables
2025-01-27 17:04:36,518 INFO c.h.h.t.HelmChartContainer - [K3S] [server.go:698] "Successfully retrieved node IP(s)" IPs=["172.18.0.2"]
2025-01-27 17:04:36,519 INFO c.h.h.t.HelmChartContainer - [K3S] [server.go:234] "Kube-proxy configuration may be incomplete or incorrect" err="nodePortAddresses is unset; NodePort connections will be accepted on all local IPs. Consider using `--nodeport-addresses primary`"
2025-01-27 17:04:36,521 INFO c.h.h.t.HelmChartContainer - [K3S] [server.go:243] "kube-proxy running in dual-stack mode" primary ipFamily="IPv4"
2025-01-27 17:04:36,522 INFO c.h.h.t.HelmChartContainer - [K3S] [server_linux.go:170] "Using iptables Proxier"
2025-01-27 17:04:36,523 INFO c.h.h.t.HelmChartContainer - [K3S] [proxier.go:255] "Setting route_localnet=1 to allow node-ports on localhost; to change this either disable iptables.localhostNodePorts (--iptables-localhost-nodeports) or set nodePortAddresses (--nodeport-addresses) to filter loopback addresses"
2025-01-27 17:04:36,526 INFO c.h.h.t.HelmChartContainer - [K3S] [server.go:497] "Version info" version="v1.32.0+k3s1"
2025-01-27 17:04:36,527 INFO c.h.h.t.HelmChartContainer - [K3S] [server.go:499] "Golang settings" GOGC="" GOMAXPROCS="" GOTRACEBACK=""
2025-01-27 17:04:36,530 INFO c.h.h.t.HelmChartContainer - [K3S] [config.go:199] "Starting service config controller"
2025-01-27 17:04:36,530 INFO c.h.h.t.HelmChartContainer - [K3S] [config.go:105] "Starting endpoint slice config controller"
2025-01-27 17:04:36,530 INFO c.h.h.t.HelmChartContainer - [K3S] [config.go:329] "Starting node config controller"
2025-01-27 17:04:36,619 INFO c.h.h.t.HelmChartContainer - [K3S] [kubelet_node_status.go:502] "Fast updating node status as it just became ready"
2025-01-27 17:04:37,017 INFO c.h.h.t.HelmChartContainer - [K3S] [INFO] Waiting for untainted node
2025-01-27 17:04:37,018 INFO c.h.h.t.HelmChartContainer - [K3S] [INFO] Waiting for cloud-controller-manager privileges to become available
2025-01-27 17:04:37,018 INFO c.h.h.t.HelmChartContainer - [K3S] [INFO] Creating k3s-supervisor event broadcaster
2025-01-27 17:04:37,018 INFO c.h.h.t.HelmChartContainer - [K3S] [INFO] Kube API server is now running
2025-01-27 17:04:37,018 INFO c.h.h.t.HelmChartContainer - [K3S] [INFO] ETCD server is now running
2025-01-27 17:04:37,018 INFO c.h.h.t.HelmChartContainer - [K3S] [INFO] k3s is up and running
2025-01-27 17:04:37,024 INFO c.h.h.t.HelmChartContainer - [K3S] [INFO] Applying CRD addons.k3s.cattle.io
2025-01-27 17:04:37,035 INFO c.h.h.t.HelmChartContainer - [K3S] [INFO] Applying CRD etcdsnapshotfiles.k3s.cattle.io
2025-01-27 17:04:37,043 INFO c.h.h.t.HelmChartContainer - [K3S] [INFO] Applying CRD helmcharts.helm.cattle.io
2025-01-27 17:04:37,057 INFO c.h.h.t.HelmChartContainer - [K3S] [INFO] Applying CRD helmchartconfigs.helm.cattle.io
2025-01-27 17:04:37,075 INFO c.h.h.t.HelmChartContainer - [K3S] [INFO] Waiting for CRD helmcharts.helm.cattle.io to become available
2025-01-27 17:04:37,244 INFO c.h.h.t.HelmChartContainer - [K3S] [apiserver.go:52] "Watching apiserver"
2025-01-27 17:04:37,261 INFO c.h.h.t.HelmChartContainer - [K3S] [desired_state_of_world_populator.go:157] "Finished populating initial desired state of world"
2025-01-27 17:04:37,419 INFO c.h.h.t.HelmChartContainer - [K3S] [serving.go:392] Generated self-signed cert in-memory
2025-01-27 17:04:37,578 INFO c.h.h.t.HelmChartContainer - [K3S] [INFO] Done waiting for CRD helmcharts.helm.cattle.io to become available
2025-01-27 17:04:37,579 INFO c.h.h.t.HelmChartContainer - [K3S] [INFO] Waiting for CRD helmchartconfigs.helm.cattle.io to become available
2025-01-27 17:04:37,730 INFO c.h.h.t.HelmChartContainer - [K3S] [controllermanager.go:185] "Starting" version="v1.32.0+k3s1"
2025-01-27 17:04:37,730 INFO c.h.h.t.HelmChartContainer - [K3S] [controllermanager.go:187] "Golang settings" GOGC="" GOMAXPROCS="" GOTRACEBACK=""
2025-01-27 17:04:37,734 INFO c.h.h.t.HelmChartContainer - [K3S] [configmap_cafile_content.go:205] "Starting controller" name="client-ca::kube-system::extension-apiserver-authentication::client-ca-file"
2025-01-27 17:04:37,734 INFO c.h.h.t.HelmChartContainer - [K3S] [configmap_cafile_content.go:205] "Starting controller" name="client-ca::kube-system::extension-apiserver-authentication::requestheader-client-ca-file"
2025-01-27 17:04:37,734 INFO c.h.h.t.HelmChartContainer - [K3S] [requestheader_controller.go:180] Starting RequestHeaderAuthRequestController
2025-01-27 17:04:37,734 INFO c.h.h.t.HelmChartContainer - [K3S] [secure_serving.go:213] Serving securely on 127.0.0.1:10257
2025-01-27 17:04:37,734 INFO c.h.h.t.HelmChartContainer - [K3S] [tlsconfig.go:243] "Starting DynamicServingCertificateController"
2025-01-27 17:04:37,737 INFO c.h.h.t.HelmChartContainer - [K3S] [controllermanager.go:765] "Started controller" controller="serviceaccount-token-controller"
2025-01-27 17:04:37,743 INFO c.h.h.t.HelmChartContainer - [K3S] [controllermanager.go:765] "Started controller" controller="pod-garbage-collector-controller"
2025-01-27 17:04:37,743 INFO c.h.h.t.HelmChartContainer - [K3S] [gc_controller.go:99] "Starting GC controller"
2025-01-27 17:04:37,750 INFO c.h.h.t.HelmChartContainer - [K3S] [controllermanager.go:765] "Started controller" controller="persistentvolumeclaim-protection-controller"
2025-01-27 17:04:37,750 INFO c.h.h.t.HelmChartContainer - [K3S] [pvc_protection_controller.go:168] "Starting PVC protection controller"
2025-01-27 17:04:37,757 INFO c.h.h.t.HelmChartContainer - [K3S] [controllermanager.go:765] "Started controller" controller="persistentvolume-protection-controller"
2025-01-27 17:04:37,757 INFO c.h.h.t.HelmChartContainer - [K3S] [pv_protection_controller.go:81] "Starting PV protection controller"
2025-01-27 17:04:37,771 INFO c.h.h.t.HelmChartContainer - [K3S] [controllermanager.go:765] "Started controller" controller="validatingadmissionpolicy-status-controller"
2025-01-27 17:04:37,776 INFO c.h.h.t.HelmChartContainer - [K3S] [controllermanager.go:765] "Started controller" controller="taint-eviction-controller"
2025-01-27 17:04:37,777 INFO c.h.h.t.HelmChartContainer - [K3S] [taint_eviction.go:281] "Starting" controller="taint-eviction-controller"
2025-01-27 17:04:37,777 INFO c.h.h.t.HelmChartContainer - [K3S] [taint_eviction.go:287] "Sending events to api server"
2025-01-27 17:04:37,782 INFO c.h.h.t.HelmChartContainer - [K3S] [controllermanager.go:765] "Started controller" controller="endpoints-controller"
2025-01-27 17:04:37,783 INFO c.h.h.t.HelmChartContainer - [K3S] [endpoints_controller.go:182] "Starting endpoint controller"
2025-01-27 17:04:37,788 INFO c.h.h.t.HelmChartContainer - [K3S] [controllermanager.go:765] "Started controller" controller="endpointslice-mirroring-controller"
2025-01-27 17:04:37,788 INFO c.h.h.t.HelmChartContainer - [K3S] [endpointslicemirroring_controller.go:227] "Starting EndpointSliceMirroring controller"
2025-01-27 17:04:37,793 INFO c.h.h.t.HelmChartContainer - [K3S] [controllermanager.go:765] "Started controller" controller="legacy-serviceaccount-token-cleaner-controller"
2025-01-27 17:04:37,793 INFO c.h.h.t.HelmChartContainer - [K3S] [legacy_serviceaccount_token_cleaner.go:103] "Starting legacy service account token cleaner controller"
2025-01-27 17:04:37,798 INFO c.h.h.t.HelmChartContainer - [K3S] [controllermanager.go:765] "Started controller" controller="serviceaccount-controller"
2025-01-27 17:04:37,798 INFO c.h.h.t.HelmChartContainer - [K3S] [controllermanager.go:717] "Controller is disabled by a feature gate" controller="kube-apiserver-serving-clustertrustbundle-publisher-controller" requiredFeatureGates=["ClusterTrustBundle"]
2025-01-27 17:04:37,798 INFO c.h.h.t.HelmChartContainer - [K3S] [serviceaccounts_controller.go:114] "Starting service account controller"
2025-01-27 17:04:37,803 INFO c.h.h.t.HelmChartContainer - [K3S] [certificate_controller.go:120] "Starting certificate controller" name="csrsigning-kubelet-serving"
2025-01-27 17:04:37,803 INFO c.h.h.t.HelmChartContainer - [K3S] [dynamic_serving_content.go:135] "Starting controller" name="csr-controller::/var/lib/rancher/k3s/server/tls/server-ca.nochain.crt::/var/lib/rancher/k3s/server/tls/server-ca.key"
2025-01-27 17:04:37,803 INFO c.h.h.t.HelmChartContainer - [K3S] [certificate_controller.go:120] "Starting certificate controller" name="csrsigning-kubelet-client"
2025-01-27 17:04:37,803 INFO c.h.h.t.HelmChartContainer - [K3S] [dynamic_serving_content.go:135] "Starting controller" name="csr-controller::/var/lib/rancher/k3s/server/tls/client-ca.nochain.crt::/var/lib/rancher/k3s/server/tls/client-ca.key"
2025-01-27 17:04:37,804 INFO c.h.h.t.HelmChartContainer - [K3S] [controllermanager.go:765] "Started controller" controller="certificatesigningrequest-signing-controller"
2025-01-27 17:04:37,804 INFO c.h.h.t.HelmChartContainer - [K3S] [controllermanager.go:728] "Warning: controller is disabled" controller="bootstrap-signer-controller"
2025-01-27 17:04:37,804 INFO c.h.h.t.HelmChartContainer - [K3S] [certificate_controller.go:120] "Starting certificate controller" name="csrsigning-kube-apiserver-client"
2025-01-27 17:04:37,804 INFO c.h.h.t.HelmChartContainer - [K3S] [dynamic_serving_content.go:135] "Starting controller" name="csr-controller::/var/lib/rancher/k3s/server/tls/client-ca.nochain.crt::/var/lib/rancher/k3s/server/tls/client-ca.key"
2025-01-27 17:04:37,804 INFO c.h.h.t.HelmChartContainer - [K3S] [certificate_controller.go:120] "Starting certificate controller" name="csrsigning-legacy-unknown"
2025-01-27 17:04:37,804 INFO c.h.h.t.HelmChartContainer - [K3S] [dynamic_serving_content.go:135] "Starting controller" name="csr-controller::/var/lib/rancher/k3s/server/tls/server-ca.nochain.crt::/var/lib/rancher/k3s/server/tls/server-ca.key"
2025-01-27 17:04:37,945 INFO c.h.h.t.HelmChartContainer - [K3S] [range_allocator.go:112] "No Secondary Service CIDR provided. Skipping filtering out secondary service addresses"
2025-01-27 17:04:37,945 INFO c.h.h.t.HelmChartContainer - [K3S] [controllermanager.go:765] "Started controller" controller="node-ipam-controller"
2025-01-27 17:04:37,945 INFO c.h.h.t.HelmChartContainer - [K3S] [controllermanager.go:723] "Skipping a cloud provider controller" controller="node-route-controller"
2025-01-27 17:04:37,945 INFO c.h.h.t.HelmChartContainer - [K3S] [node_ipam_controller.go:141] "Starting ipam controller"
2025-01-27 17:04:38,081 INFO c.h.h.t.HelmChartContainer - [K3S] [INFO] Done waiting for CRD helmchartconfigs.helm.cattle.io to become available
2025-01-27 17:04:38,081 INFO c.h.h.t.HelmChartContainer - [K3S] [INFO] Writing static file: /var/lib/rancher/k3s/server/static/charts/traefik-27.0.201+up27.0.2.tgz
2025-01-27 17:04:38,083 INFO c.h.h.t.HelmChartContainer - [K3S] [INFO] Writing static file: /var/lib/rancher/k3s/server/static/charts/traefik-crd-27.0.201+up27.0.2.tgz
2025-01-27 17:04:38,083 INFO c.h.h.t.HelmChartContainer - [K3S] [INFO] Writing manifest: /var/lib/rancher/k3s/server/manifests/local-storage.yaml
2025-01-27 17:04:38,083 INFO c.h.h.t.HelmChartContainer - [K3S] [INFO] Writing manifest: /var/lib/rancher/k3s/server/manifests/metrics-server/aggregated-metrics-reader.yaml
2025-01-27 17:04:38,084 INFO c.h.h.t.HelmChartContainer - [K3S] [INFO] Writing manifest: /var/lib/rancher/k3s/server/manifests/metrics-server/auth-delegator.yaml
2025-01-27 17:04:38,084 INFO c.h.h.t.HelmChartContainer - [K3S] [INFO] Writing manifest: /var/lib/rancher/k3s/server/manifests/metrics-server/resource-reader.yaml
2025-01-27 17:04:38,084 INFO c.h.h.t.HelmChartContainer - [K3S] [INFO] Writing manifest: /var/lib/rancher/k3s/server/manifests/rolebindings.yaml
2025-01-27 17:04:38,084 INFO c.h.h.t.HelmChartContainer - [K3S] [INFO] Writing manifest: /var/lib/rancher/k3s/server/manifests/runtimes.yaml
2025-01-27 17:04:38,085 INFO c.h.h.t.HelmChartContainer - [K3S] [INFO] Writing manifest: /var/lib/rancher/k3s/server/manifests/ccm.yaml
2025-01-27 17:04:38,085 INFO c.h.h.t.HelmChartContainer - [K3S] [INFO] Writing manifest: /var/lib/rancher/k3s/server/manifests/coredns.yaml
2025-01-27 17:04:38,085 INFO c.h.h.t.HelmChartContainer - [K3S] [INFO] Writing manifest: /var/lib/rancher/k3s/server/manifests/metrics-server/auth-reader.yaml
2025-01-27 17:04:38,085 INFO c.h.h.t.HelmChartContainer - [K3S] [INFO] Writing manifest: /var/lib/rancher/k3s/server/manifests/metrics-server/metrics-apiservice.yaml
2025-01-27 17:04:38,085 INFO c.h.h.t.HelmChartContainer - [K3S] [INFO] Writing manifest: /var/lib/rancher/k3s/server/manifests/metrics-server/metrics-server-deployment.yaml
2025-01-27 17:04:38,085 INFO c.h.h.t.HelmChartContainer - [K3S] [INFO] Writing manifest: /var/lib/rancher/k3s/server/manifests/metrics-server/metrics-server-service.yaml
2025-01-27 17:04:38,085 INFO c.h.h.t.HelmChartContainer - [K3S] [INFO] Starting dynamiclistener CN filter node controller with SANs: [localhost 127.0.0.1 ::1 localhost 1bf1de2df7a7 172.18.0.2 10.43.0.1 kubernetes kubernetes.default kubernetes.default.svc kubernetes.default.svc.cluster.local]
2025-01-27 17:04:38,089 INFO c.h.h.t.HelmChartContainer - [K3S] [INFO] Tunnel server egress proxy mode: agent
2025-01-27 17:04:38,092 INFO c.h.h.t.HelmChartContainer - [K3S] [controllermanager.go:765] "Started controller" controller="ttl-after-finished-controller"
2025-01-27 17:04:38,092 INFO c.h.h.t.HelmChartContainer - [K3S] [ttlafterfinished_controller.go:112] "Starting TTL after finished controller"
2025-01-27 17:04:38,191 INFO c.h.h.t.HelmChartContainer - [K3S] [INFO] Starting k3s.cattle.io/v1, Kind=Addon controller
2025-01-27 17:04:38,191 INFO c.h.h.t.HelmChartContainer - [K3S] [INFO] Creating deploy event broadcaster
2025-01-27 17:04:38,241 INFO c.h.h.t.HelmChartContainer - [K3S] [controllermanager.go:765] "Started controller" controller="endpointslice-controller"
2025-01-27 17:04:38,241 INFO c.h.h.t.HelmChartContainer - [K3S] [endpointslice_controller.go:281] "Starting endpoint slice controller"
2025-01-27 17:04:38,294 INFO c.h.h.t.HelmChartContainer - [K3S] [INFO] Starting /v1, Kind=Node controller
2025-01-27 17:04:38,295 INFO c.h.h.t.HelmChartContainer - [K3S] [INFO] Creating helm-controller event broadcaster
2025-01-27 17:04:38,301 INFO c.h.h.t.HelmChartContainer - [K3S] [INFO] Cluster dns configmap has been set successfully
2025-01-27 17:04:38,317 INFO c.h.h.t.HelmChartContainer - [K3S] [INFO] Labels and annotations have been set successfully on node: 1bf1de2df7a7
2025-01-27 17:04:38,405 INFO c.h.h.t.HelmChartContainer - [K3S] [INFO] Starting helm.cattle.io/v1, Kind=HelmChart controller
2025-01-27 17:04:38,405 INFO c.h.h.t.HelmChartContainer - [K3S] [INFO] Starting helm.cattle.io/v1, Kind=HelmChartConfig controller
2025-01-27 17:04:38,407 INFO c.h.h.t.HelmChartContainer - [K3S] [INFO] Starting rbac.authorization.k8s.io/v1, Kind=ClusterRoleBinding controller
2025-01-27 17:04:38,410 INFO c.h.h.t.HelmChartContainer - [K3S] [INFO] Starting batch/v1, Kind=Job controller
2025-01-27 17:04:38,410 INFO c.h.h.t.HelmChartContainer - [K3S] [INFO] Starting /v1, Kind=ConfigMap controller
2025-01-27 17:04:38,410 INFO c.h.h.t.HelmChartContainer - [K3S] [INFO] Starting /v1, Kind=Secret controller
2025-01-27 17:04:38,410 INFO c.h.h.t.HelmChartContainer - [K3S] [INFO] Starting /v1, Kind=ServiceAccount controller
2025-01-27 17:04:38,490 INFO c.h.h.t.HelmChartContainer - [K3S] [graph_builder.go:351] "Running" component="GraphBuilder"
2025-01-27 17:04:38,491 INFO c.h.h.t.HelmChartContainer - [K3S] [controllermanager.go:765] "Started controller" controller="garbage-collector-controller"
2025-01-27 17:04:38,740 INFO c.h.h.t.HelmChartContainer - [K3S] [controllermanager.go:765] "Started controller" controller="token-cleaner-controller"
2025-01-27 17:04:38,740 INFO c.h.h.t.HelmChartContainer - [K3S] [controllermanager.go:723] "Skipping a cloud provider controller" controller="cloud-node-lifecycle-controller"
2025-01-27 17:04:38,740 INFO c.h.h.t.HelmChartContainer - [K3S] [controllermanager.go:717] "Controller is disabled by a feature gate" controller="volumeattributesclass-protection-controller" requiredFeatureGates=["VolumeAttributesClass"]
2025-01-27 17:04:38,740 INFO c.h.h.t.HelmChartContainer - [K3S] [controllermanager.go:717] "Controller is disabled by a feature gate" controller="resourceclaim-controller" requiredFeatureGates=["DynamicResourceAllocation"]
2025-01-27 17:04:38,740 INFO c.h.h.t.HelmChartContainer - [K3S] [controllermanager.go:743] "Warning: skipping controller" controller="storage-version-migrator-controller"
2025-01-27 17:04:38,741 INFO c.h.h.t.HelmChartContainer - [K3S] [tokencleaner.go:117] "Starting token cleaner controller"
2025-01-27 17:04:38,847 INFO c.h.h.t.HelmChartContainer - [K3S] [INFO] Updating TLS secret for kube-system/k3s-serving (count: 10): map[listener.cattle.io/cn-10.43.0.1:10.43.0.1 listener.cattle.io/cn-127.0.0.1:127.0.0.1 listener.cattle.io/cn-172.18.0.2:172.18.0.2 listener.cattle.io/cn-1bf1de2df7a7:1bf1de2df7a7 listener.cattle.io/cn-__1-f16284:::1 listener.cattle.io/cn-kubernetes:kubernetes listener.cattle.io/cn-kubernetes.default:kubernetes.default listener.cattle.io/cn-kubernetes.default.svc:kubernetes.default.svc listener.cattle.io/cn-kubernetes.default.svc.cluster.local:kubernetes.default.svc.cluster.local listener.cattle.io/cn-localhost:localhost listener.cattle.io/fingerprint:SHA1=2710D24488F0A31F31330A792CA4BFD1A705986F]
2025-01-27 17:04:38,851 INFO c.h.h.t.HelmChartContainer - [K3S] [INFO] Active TLS secret kube-system/k3s-serving (ver=244) (count 10): map[listener.cattle.io/cn-10.43.0.1:10.43.0.1 listener.cattle.io/cn-127.0.0.1:127.0.0.1 listener.cattle.io/cn-172.18.0.2:172.18.0.2 listener.cattle.io/cn-1bf1de2df7a7:1bf1de2df7a7 listener.cattle.io/cn-__1-f16284:::1 listener.cattle.io/cn-kubernetes:kubernetes listener.cattle.io/cn-kubernetes.default:kubernetes.default listener.cattle.io/cn-kubernetes.default.svc:kubernetes.default.svc listener.cattle.io/cn-kubernetes.default.svc.cluster.local:kubernetes.default.svc.cluster.local listener.cattle.io/cn-localhost:localhost listener.cattle.io/fingerprint:SHA1=2710D24488F0A31F31330A792CA4BFD1A705986F]
2025-01-27 17:04:38,890 INFO c.h.h.t.HelmChartContainer - [K3S] [controllermanager.go:765] "Started controller" controller="replicationcontroller-controller"
2025-01-27 17:04:38,891 INFO c.h.h.t.HelmChartContainer - [K3S] [replica_set.go:217] "Starting controller" name="replicationcontroller"
2025-01-27 17:04:38,940 INFO c.h.h.t.HelmChartContainer - [K3S] [controllermanager.go:765] "Started controller" controller="certificatesigningrequest-approving-controller"
2025-01-27 17:04:38,940 INFO c.h.h.t.HelmChartContainer - [K3S] [certificate_controller.go:120] "Starting certificate controller" name="csrapproving"
2025-01-27 17:04:38,945 INFO c.h.h.t.HelmChartContainer - [K3S] [INFO] Updating TLS secret for kube-system/k3s-serving (count: 10): map[listener.cattle.io/cn-10.43.0.1:10.43.0.1 listener.cattle.io/cn-127.0.0.1:127.0.0.1 listener.cattle.io/cn-172.18.0.2:172.18.0.2 listener.cattle.io/cn-1bf1de2df7a7:1bf1de2df7a7 listener.cattle.io/cn-__1-f16284:::1 listener.cattle.io/cn-kubernetes:kubernetes listener.cattle.io/cn-kubernetes.default:kubernetes.default listener.cattle.io/cn-kubernetes.default.svc:kubernetes.default.svc listener.cattle.io/cn-kubernetes.default.svc.cluster.local:kubernetes.default.svc.cluster.local listener.cattle.io/cn-localhost:localhost listener.cattle.io/fingerprint:SHA1=2710D24488F0A31F31330A792CA4BFD1A705986F]
2025-01-27 17:04:39,091 INFO c.h.h.t.HelmChartContainer - [K3S] [controllermanager.go:765] "Started controller" controller="ttl-controller"
2025-01-27 17:04:39,091 INFO c.h.h.t.HelmChartContainer - [K3S] [ttl_controller.go:127] "Starting TTL controller"
2025-01-27 17:04:39,241 INFO c.h.h.t.HelmChartContainer - [K3S] [controllermanager.go:765] "Started controller" controller="persistentvolume-expander-controller"
2025-01-27 17:04:39,241 INFO c.h.h.t.HelmChartContainer - [K3S] [expand_controller.go:329] "Starting expand controller"
2025-01-27 17:04:39,391 INFO c.h.h.t.HelmChartContainer - [K3S] [controllermanager.go:765] "Started controller" controller="clusterrole-aggregation-controller"
2025-01-27 17:04:39,391 INFO c.h.h.t.HelmChartContainer - [K3S] [clusterroleaggregation_controller.go:194] "Starting ClusterRoleAggregator controller"
2025-01-27 17:04:39,541 INFO c.h.h.t.HelmChartContainer - [K3S] [controllermanager.go:765] "Started controller" controller="root-ca-certificate-publisher-controller"
2025-01-27 17:04:39,541 INFO c.h.h.t.HelmChartContainer - [K3S] [publisher.go:107] "Starting root CA cert publisher controller"
2025-01-27 17:04:39,691 INFO c.h.h.t.HelmChartContainer - [K3S] [controllermanager.go:765] "Started controller" controller="ephemeral-volume-controller"
2025-01-27 17:04:39,691 INFO c.h.h.t.HelmChartContainer - [K3S] [controllermanager.go:717] "Controller is disabled by a feature gate" controller="service-cidr-controller" requiredFeatureGates=["MultiCIDRServiceAllocator"]
2025-01-27 17:04:39,691 INFO c.h.h.t.HelmChartContainer - [K3S] [controller.go:173] "Starting ephemeral volume controller"
2025-01-27 17:04:39,739 INFO c.h.h.t.HelmChartContainer - [K3S] [event.go:389] "Event occurred" object="1bf1de2df7a7" fieldPath="" kind="Node" apiVersion="" type="Normal" reason="NodePasswordValidationComplete" message="Deferred node password secret validation complete"
2025-01-27 17:04:39,841 INFO c.h.h.t.HelmChartContainer - [K3S] [controllermanager.go:765] "Started controller" controller="statefulset-controller"
2025-01-27 17:04:39,841 INFO c.h.h.t.HelmChartContainer - [K3S] [stateful_set.go:166] "Starting stateful set controller"
2025-01-27 17:04:39,890 INFO c.h.h.t.HelmChartContainer - [K3S] [controllermanager.go:765] "Started controller" controller="certificatesigningrequest-cleaner-controller"
2025-01-27 17:04:39,890 INFO c.h.h.t.HelmChartContainer - [K3S] [cleaner.go:83] "Starting CSR cleaner controller"
2025-01-27 17:04:40,040 INFO c.h.h.t.HelmChartContainer - [K3S] [controllermanager.go:765] "Started controller" controller="deployment-controller"
2025-01-27 17:04:40,040 INFO c.h.h.t.HelmChartContainer - [K3S] [deployment_controller.go:173] "Starting controller" controller="deployment"
2025-01-27 17:04:40,195 INFO c.h.h.t.HelmChartContainer - [K3S] [event.go:389] "Event occurred" object="kube-system/ccm" fieldPath="" kind="Addon" apiVersion="k3s.cattle.io/v1" type="Normal" reason="ApplyingManifest" message="Applying manifest at \"/var/lib/rancher/k3s/server/manifests/ccm.yaml\""
2025-01-27 17:04:40,212 INFO c.h.h.t.HelmChartContainer - [K3S] [event.go:389] "Event occurred" object="kube-system/ccm" fieldPath="" kind="Addon" apiVersion="k3s.cattle.io/v1" type="Normal" reason="AppliedManifest" message="Applied manifest at \"/var/lib/rancher/k3s/server/manifests/ccm.yaml\""
2025-01-27 17:04:40,220 INFO c.h.h.t.HelmChartContainer - [K3S] [event.go:389] "Event occurred" object="kube-system/coredns" fieldPath="" kind="Addon" apiVersion="k3s.cattle.io/v1" type="Normal" reason="ApplyingManifest" message="Applying manifest at \"/var/lib/rancher/k3s/server/manifests/coredns.yaml\""
2025-01-27 17:04:40,241 INFO c.h.h.t.HelmChartContainer - [K3S] [controllermanager.go:765] "Started controller" controller="disruption-controller"
2025-01-27 17:04:40,241 INFO c.h.h.t.HelmChartContainer - [K3S] [disruption.go:452] "Sending events to api server."
2025-01-27 17:04:40,241 INFO c.h.h.t.HelmChartContainer - [K3S] [disruption.go:463] "Starting disruption controller"
2025-01-27 17:04:40,325 INFO c.h.h.t.HelmChartContainer - [K3S] [alloc.go:330] "allocated clusterIPs" service="kube-system/kube-dns" clusterIPs={"IPv4":"10.43.0.10"}
2025-01-27 17:04:40,326 INFO c.h.h.t.HelmChartContainer - [K3S] [event.go:389] "Event occurred" object="kube-system/coredns" fieldPath="" kind="Addon" apiVersion="k3s.cattle.io/v1" type="Normal" reason="AppliedManifest" message="Applied manifest at \"/var/lib/rancher/k3s/server/manifests/coredns.yaml\""
2025-01-27 17:04:40,333 INFO c.h.h.t.HelmChartContainer - [K3S] [event.go:389] "Event occurred" object="kube-system/local-storage" fieldPath="" kind="Addon" apiVersion="k3s.cattle.io/v1" type="Normal" reason="ApplyingManifest" message="Applying manifest at \"/var/lib/rancher/k3s/server/manifests/local-storage.yaml\""
2025-01-27 17:04:40,391 INFO c.h.h.t.HelmChartContainer - [K3S] [controllermanager.go:765] "Started controller" controller="persistentvolume-binder-controller"
2025-01-27 17:04:40,391 INFO c.h.h.t.HelmChartContainer - [K3S] [pv_controller_base.go:308] "Starting persistent volume controller"
2025-01-27 17:04:40,428 INFO c.h.h.t.HelmChartContainer - [K3S] [event.go:389] "Event occurred" object="kube-system/local-storage" fieldPath="" kind="Addon" apiVersion="k3s.cattle.io/v1" type="Normal" reason="AppliedManifest" message="Applied manifest at \"/var/lib/rancher/k3s/server/manifests/local-storage.yaml\""
2025-01-27 17:04:40,436 INFO c.h.h.t.HelmChartContainer - [K3S] [event.go:389] "Event occurred" object="kube-system/aggregated-metrics-reader" fieldPath="" kind="Addon" apiVersion="k3s.cattle.io/v1" type="Normal" reason="ApplyingManifest" message="Applying manifest at \"/var/lib/rancher/k3s/server/manifests/metrics-server/aggregated-metrics-reader.yaml\""
2025-01-27 17:04:40,503 INFO c.h.h.t.HelmChartContainer - [K3S] [event.go:389] "Event occurred" object="kube-system/aggregated-metrics-reader" fieldPath="" kind="Addon" apiVersion="k3s.cattle.io/v1" type="Normal" reason="AppliedManifest" message="Applied manifest at \"/var/lib/rancher/k3s/server/manifests/metrics-server/aggregated-metrics-reader.yaml\""
2025-01-27 17:04:40,509 INFO c.h.h.t.HelmChartContainer - [K3S] [event.go:389] "Event occurred" object="kube-system/auth-delegator" fieldPath="" kind="Addon" apiVersion="k3s.cattle.io/v1" type="Normal" reason="ApplyingManifest" message="Applying manifest at \"/var/lib/rancher/k3s/server/manifests/metrics-server/auth-delegator.yaml\""
2025-01-27 17:04:40,514 INFO c.h.h.t.HelmChartContainer - [K3S] [event.go:389] "Event occurred" object="kube-system/auth-delegator" fieldPath="" kind="Addon" apiVersion="k3s.cattle.io/v1" type="Normal" reason="AppliedManifest" message="Applied manifest at \"/var/lib/rancher/k3s/server/manifests/metrics-server/auth-delegator.yaml\""
2025-01-27 17:04:40,520 INFO c.h.h.t.HelmChartContainer - [K3S] [event.go:389] "Event occurred" object="kube-system/auth-reader" fieldPath="" kind="Addon" apiVersion="k3s.cattle.io/v1" type="Normal" reason="ApplyingManifest" message="Applying manifest at \"/var/lib/rancher/k3s/server/manifests/metrics-server/auth-reader.yaml\""
2025-01-27 17:04:40,524 INFO c.h.h.t.HelmChartContainer - [K3S] [event.go:389] "Event occurred" object="kube-system/auth-reader" fieldPath="" kind="Addon" apiVersion="k3s.cattle.io/v1" type="Normal" reason="AppliedManifest" message="Applied manifest at \"/var/lib/rancher/k3s/server/manifests/metrics-server/auth-reader.yaml\""
2025-01-27 17:04:40,530 INFO c.h.h.t.HelmChartContainer - [K3S] [event.go:389] "Event occurred" object="kube-system/metrics-apiservice" fieldPath="" kind="Addon" apiVersion="k3s.cattle.io/v1" type="Normal" reason="ApplyingManifest" message="Applying manifest at \"/var/lib/rancher/k3s/server/manifests/metrics-server/metrics-apiservice.yaml\""
2025-01-27 17:04:40,536 INFO c.h.h.t.HelmChartContainer - [K3S] [event.go:389] "Event occurred" object="kube-system/metrics-apiservice" fieldPath="" kind="Addon" apiVersion="k3s.cattle.io/v1" type="Normal" reason="AppliedManifest" message="Applied manifest at \"/var/lib/rancher/k3s/server/manifests/metrics-server/metrics-apiservice.yaml\""
2025-01-27 17:04:40,541 INFO c.h.h.t.HelmChartContainer - [K3S] [handler_proxy.go:99] no RequestInfo found in the context
2025-01-27 17:04:40,542 INFO c.h.h.t.HelmChartContainer - [K3S] [controller.go:146] "Unhandled Error" err=<
2025-01-27 17:04:40,542 INFO c.h.h.t.HelmChartContainer - [K3S] 	, Header: map[Content-Type:[text/plain; charset=utf-8] X-Content-Type-Options:[nosniff]]
2025-01-27 17:04:40,543 INFO c.h.h.t.HelmChartContainer - [K3S]  >
2025-01-27 17:04:40,543 INFO c.h.h.t.HelmChartContainer - [K3S] [handler_proxy.go:143] error resolving kube-system/metrics-server: service "metrics-server" not found
2025-01-27 17:04:40,543 INFO c.h.h.t.HelmChartContainer - [K3S] [controllermanager.go:765] "Started controller" controller="persistentvolume-attach-detach-controller"
2025-01-27 17:04:40,543 INFO c.h.h.t.HelmChartContainer - [K3S] [controllermanager.go:717] "Controller is disabled by a feature gate" controller="storageversion-garbage-collector-controller" requiredFeatureGates=["APIServerIdentity","StorageVersionAPI"]
2025-01-27 17:04:40,543 INFO c.h.h.t.HelmChartContainer - [K3S] [attach_detach_controller.go:338] "Starting attach detach controller"
2025-01-27 17:04:40,545 INFO c.h.h.t.HelmChartContainer - [K3S] [event.go:389] "Event occurred" object="kube-system/metrics-server-deployment" fieldPath="" kind="Addon" apiVersion="k3s.cattle.io/v1" type="Normal" reason="ApplyingManifest" message="Applying manifest at \"/var/lib/rancher/k3s/server/manifests/metrics-server/metrics-server-deployment.yaml\""
2025-01-27 17:04:40,554 INFO c.h.h.t.HelmChartContainer - [K3S] [event.go:389] "Event occurred" object="kube-system/metrics-server-deployment" fieldPath="" kind="Addon" apiVersion="k3s.cattle.io/v1" type="Normal" reason="AppliedManifest" message="Applied manifest at \"/var/lib/rancher/k3s/server/manifests/metrics-server/metrics-server-deployment.yaml\""
2025-01-27 17:04:40,559 INFO c.h.h.t.HelmChartContainer - [K3S] [event.go:389] "Event occurred" object="kube-system/metrics-server-service" fieldPath="" kind="Addon" apiVersion="k3s.cattle.io/v1" type="Normal" reason="ApplyingManifest" message="Applying manifest at \"/var/lib/rancher/k3s/server/manifests/metrics-server/metrics-server-service.yaml\""
2025-01-27 17:04:40,566 INFO c.h.h.t.HelmChartContainer - [K3S] [alloc.go:330] "allocated clusterIPs" service="kube-system/metrics-server" clusterIPs={"IPv4":"10.43.149.91"}
2025-01-27 17:04:40,567 INFO c.h.h.t.HelmChartContainer - [K3S] [event.go:389] "Event occurred" object="kube-system/metrics-server-service" fieldPath="" kind="Addon" apiVersion="k3s.cattle.io/v1" type="Normal" reason="AppliedManifest" message="Applied manifest at \"/var/lib/rancher/k3s/server/manifests/metrics-server/metrics-server-service.yaml\""
2025-01-27 17:04:40,574 INFO c.h.h.t.HelmChartContainer - [K3S] [handler_proxy.go:99] no RequestInfo found in the context
2025-01-27 17:04:40,574 INFO c.h.h.t.HelmChartContainer - [K3S] [controller.go:146] "Unhandled Error" err=<
2025-01-27 17:04:40,575 INFO c.h.h.t.HelmChartContainer - [K3S] 	, Header: map[Content-Type:[text/plain; charset=utf-8] X-Content-Type-Options:[nosniff]]
2025-01-27 17:04:40,575 INFO c.h.h.t.HelmChartContainer - [K3S]  >
2025-01-27 17:04:40,575 INFO c.h.h.t.HelmChartContainer - [K3S] [event.go:389] "Event occurred" object="kube-system/resource-reader" fieldPath="" kind="Addon" apiVersion="k3s.cattle.io/v1" type="Normal" reason="ApplyingManifest" message="Applying manifest at \"/var/lib/rancher/k3s/server/manifests/metrics-server/resource-reader.yaml\""
2025-01-27 17:04:40,575 INFO c.h.h.t.HelmChartContainer - [K3S] [handler_proxy.go:143] error resolving kube-system/metrics-server: endpoints "metrics-server" not found
2025-01-27 17:04:40,614 INFO c.h.h.t.HelmChartContainer - [K3S] [event.go:389] "Event occurred" object="kube-system/resource-reader" fieldPath="" kind="Addon" apiVersion="k3s.cattle.io/v1" type="Normal" reason="AppliedManifest" message="Applied manifest at \"/var/lib/rancher/k3s/server/manifests/metrics-server/resource-reader.yaml\""
2025-01-27 17:04:40,620 INFO c.h.h.t.HelmChartContainer - [K3S] [event.go:389] "Event occurred" object="kube-system/rolebindings" fieldPath="" kind="Addon" apiVersion="k3s.cattle.io/v1" type="Normal" reason="ApplyingManifest" message="Applying manifest at \"/var/lib/rancher/k3s/server/manifests/rolebindings.yaml\""
2025-01-27 17:04:40,725 INFO c.h.h.t.HelmChartContainer - [K3S] [event.go:389] "Event occurred" object="kube-system/rolebindings" fieldPath="" kind="Addon" apiVersion="k3s.cattle.io/v1" type="Normal" reason="AppliedManifest" message="Applied manifest at \"/var/lib/rancher/k3s/server/manifests/rolebindings.yaml\""
2025-01-27 17:04:40,732 INFO c.h.h.t.HelmChartContainer - [K3S] [event.go:389] "Event occurred" object="kube-system/runtimes" fieldPath="" kind="Addon" apiVersion="k3s.cattle.io/v1" type="Normal" reason="ApplyingManifest" message="Applying manifest at \"/var/lib/rancher/k3s/server/manifests/runtimes.yaml\""
2025-01-27 17:04:40,756 INFO c.h.h.t.HelmChartContainer - [K3S] [event.go:389] "Event occurred" object="kube-system/runtimes" fieldPath="" kind="Addon" apiVersion="k3s.cattle.io/v1" type="Normal" reason="AppliedManifest" message="Applied manifest at \"/var/lib/rancher/k3s/server/manifests/runtimes.yaml\""
2025-01-27 17:04:40,846 INFO c.h.h.t.HelmChartContainer - [K3S] [controllermanager.go:765] "Started controller" controller="resourcequota-controller"
2025-01-27 17:04:40,847 INFO c.h.h.t.HelmChartContainer - [K3S] [resource_quota_controller.go:300] "Starting resource quota controller"
2025-01-27 17:04:40,990 INFO c.h.h.t.HelmChartContainer - [K3S] [controllermanager.go:765] "Started controller" controller="daemonset-controller"
2025-01-27 17:04:40,990 INFO c.h.h.t.HelmChartContainer - [K3S] [daemon_controller.go:294] "Starting daemon sets controller"
2025-01-27 17:04:41,140 INFO c.h.h.t.HelmChartContainer - [K3S] [controllermanager.go:765] "Started controller" controller="job-controller"
2025-01-27 17:04:41,141 INFO c.h.h.t.HelmChartContainer - [K3S] [job_controller.go:243] "Starting job controller"
2025-01-27 17:04:41,234 INFO c.h.h.t.HelmChartContainer - [K3S] [INFO] Tunnel authorizer set Kubelet Port 0.0.0.0:10250
2025-01-27 17:04:41,253 INFO c.h.h.t.HelmChartContainer - [K3S] [serving.go:392] Generated self-signed cert in-memory
2025-01-27 17:04:41,292 INFO c.h.h.t.HelmChartContainer - [K3S] [controllermanager.go:765] "Started controller" controller="replicaset-controller"
2025-01-27 17:04:41,292 INFO c.h.h.t.HelmChartContainer - [K3S] [replica_set.go:217] "Starting controller" name="replicaset"
2025-01-27 17:04:41,536 INFO c.h.h.t.HelmChartContainer - [K3S] [handler_proxy.go:99] no RequestInfo found in the context
2025-01-27 17:04:41,537 INFO c.h.h.t.HelmChartContainer - [K3S] [handler_proxy.go:99] no RequestInfo found in the context
2025-01-27 17:04:41,537 INFO c.h.h.t.HelmChartContainer - [K3S] [controller.go:102] "Unhandled Error" err=<
2025-01-27 17:04:41,537 INFO c.h.h.t.HelmChartContainer - [K3S] 	, Header: map[Content-Type:[text/plain; charset=utf-8] X-Content-Type-Options:[nosniff]]
2025-01-27 17:04:41,537 INFO c.h.h.t.HelmChartContainer - [K3S]  >
2025-01-27 17:04:41,590 INFO c.h.h.t.HelmChartContainer - [K3S] [controllermanager.go:765] "Started controller" controller="horizontal-pod-autoscaler-controller"
2025-01-27 17:04:41,591 INFO c.h.h.t.HelmChartContainer - [K3S] [horizontal.go:201] "Starting HPA controller"
2025-01-27 17:04:41,645 INFO c.h.h.t.HelmChartContainer - [K3S] [serving.go:392] Generated self-signed cert in-memory
2025-01-27 17:04:41,741 INFO c.h.h.t.HelmChartContainer - [K3S] [controllermanager.go:765] "Started controller" controller="cronjob-controller"
2025-01-27 17:04:41,741 INFO c.h.h.t.HelmChartContainer - [K3S] [cronjob_controllerv2.go:145] "Starting cronjob controller v2"
2025-01-27 17:04:41,790 INFO c.h.h.t.HelmChartContainer - [K3S] [node_lifecycle_controller.go:432] "Controller will reconcile labels"
2025-01-27 17:04:41,791 INFO c.h.h.t.HelmChartContainer - [K3S] [controllermanager.go:765] "Started controller" controller="node-lifecycle-controller"
2025-01-27 17:04:41,791 INFO c.h.h.t.HelmChartContainer - [K3S] [controllermanager.go:723] "Skipping a cloud provider controller" controller="service-lb-controller"
2025-01-27 17:04:41,791 INFO c.h.h.t.HelmChartContainer - [K3S] [node_lifecycle_controller.go:466] "Sending events to api server"
2025-01-27 17:04:41,791 INFO c.h.h.t.HelmChartContainer - [K3S] [node_lifecycle_controller.go:477] "Starting node controller"
2025-01-27 17:04:41,914 INFO c.h.h.t.HelmChartContainer - [K3S] [controllermanager.go:160] Version: v1.32.0+k3s1
2025-01-27 17:04:41,918 INFO c.h.h.t.HelmChartContainer - [K3S] [requestheader_controller.go:180] Starting RequestHeaderAuthRequestController
2025-01-27 17:04:41,918 INFO c.h.h.t.HelmChartContainer - [K3S] [configmap_cafile_content.go:205] "Starting controller" name="client-ca::kube-system::extension-apiserver-authentication::client-ca-file"
2025-01-27 17:04:41,918 INFO c.h.h.t.HelmChartContainer - [K3S] [configmap_cafile_content.go:205] "Starting controller" name="client-ca::kube-system::extension-apiserver-authentication::requestheader-client-ca-file"
2025-01-27 17:04:41,918 INFO c.h.h.t.HelmChartContainer - [K3S] [secure_serving.go:213] Serving securely on 127.0.0.1:10258
2025-01-27 17:04:41,918 INFO c.h.h.t.HelmChartContainer - [K3S] [tlsconfig.go:243] "Starting DynamicServingCertificateController"
2025-01-27 17:04:41,922 INFO c.h.h.t.HelmChartContainer - [K3S] [INFO] Creating service-lb-controller event broadcaster
2025-01-27 17:04:42,042 INFO c.h.h.t.HelmChartContainer - [K3S] [INFO] Starting /v1, Kind=Node controller
2025-01-27 17:04:42,046 INFO c.h.h.t.HelmChartContainer - [K3S] [INFO] Starting /v1, Kind=Pod controller
2025-01-27 17:04:42,049 INFO c.h.h.t.HelmChartContainer - [K3S] [controllermanager.go:765] "Started controller" controller="namespace-controller"
2025-01-27 17:04:42,049 INFO c.h.h.t.HelmChartContainer - [K3S] [controllermanager.go:717] "Controller is disabled by a feature gate" controller="selinux-warning-controller" requiredFeatureGates=["SELinuxChangePolicy"]
2025-01-27 17:04:42,051 INFO c.h.h.t.HelmChartContainer - [K3S] [INFO] Starting apps/v1, Kind=DaemonSet controller
2025-01-27 17:04:42,051 INFO c.h.h.t.HelmChartContainer - [K3S] [namespace_controller.go:202] "Starting namespace controller"
2025-01-27 17:04:42,062 INFO c.h.h.t.HelmChartContainer - [K3S] [controllermanager.go:329] Started "cloud-node-lifecycle-controller"
2025-01-27 17:04:42,062 INFO c.h.h.t.HelmChartContainer - [K3S] [controllermanager.go:329] Started "service-lb-controller"
2025-01-27 17:04:42,063 INFO c.h.h.t.HelmChartContainer - [K3S] [controllermanager.go:306] "node-route-controller" is disabled
2025-01-27 17:04:42,063 INFO c.h.h.t.HelmChartContainer - [K3S] [controllermanager.go:329] Started "cloud-node-controller"
2025-01-27 17:04:42,063 INFO c.h.h.t.HelmChartContainer - [K3S] [INFO] Starting discovery.k8s.io/v1, Kind=EndpointSlice controller
2025-01-27 17:04:42,063 INFO c.h.h.t.HelmChartContainer - [K3S] [node_lifecycle_controller.go:112] Sending events to api server
2025-01-27 17:04:42,063 INFO c.h.h.t.HelmChartContainer - [K3S] [node_controller.go:176] Sending events to api server.
2025-01-27 17:04:42,063 INFO c.h.h.t.HelmChartContainer - [K3S] [controller.go:234] Starting service controller
2025-01-27 17:04:42,063 INFO c.h.h.t.HelmChartContainer - [K3S] [node_controller.go:185] Waiting for informer caches to sync
2025-01-27 17:04:42,080 INFO c.h.h.t.HelmChartContainer - [K3S] [actual_state_of_world.go:541] "Failed to update statusUpdateNeeded field in actual state of world" err="Failed to set statusUpdateNeeded to needed true, because nodeName=\"1bf1de2df7a7\" does not exist"
2025-01-27 17:04:42,146 INFO c.h.h.t.HelmChartContainer - [K3S] [range_allocator.go:177] "Sending events to api server"
2025-01-27 17:04:42,146 INFO c.h.h.t.HelmChartContainer - [K3S] [range_allocator.go:183] "Starting range CIDR allocator"
2025-01-27 17:04:42,151 INFO c.h.h.t.HelmChartContainer - [K3S] [range_allocator.go:428] "Set node PodCIDR" node="1bf1de2df7a7" podCIDRs=["10.42.0.0/24"]
2025-01-27 17:04:42,151 INFO c.h.h.t.HelmChartContainer - [K3S] [range_allocator.go:247] "Successfully synced" key="1bf1de2df7a7"
2025-01-27 17:04:42,153 INFO c.h.h.t.HelmChartContainer - [K3S] [INFO] Flannel found PodCIDR assigned for node 1bf1de2df7a7
2025-01-27 17:04:42,153 INFO c.h.h.t.HelmChartContainer - [K3S] [range_allocator.go:247] "Successfully synced" key="1bf1de2df7a7"
2025-01-27 17:04:42,153 INFO c.h.h.t.HelmChartContainer - [K3S] [INFO] The interface eth0 with ipv4 address 172.18.0.2 will be used by flannel
2025-01-27 17:04:42,154 INFO c.h.h.t.HelmChartContainer - [K3S] [kube.go:139] Waiting 10m0s for node controller to sync
2025-01-27 17:04:42,154 INFO c.h.h.t.HelmChartContainer - [K3S] [kube.go:469] Starting kube subnet manager
2025-01-27 17:04:42,162 INFO c.h.h.t.HelmChartContainer - [K3S] [INFO] Updated coredns NodeHosts entry for 1bf1de2df7a7
2025-01-27 17:04:42,163 INFO c.h.h.t.HelmChartContainer - [K3S] [node_controller.go:429] Initializing node 1bf1de2df7a7 with cloud provider
2025-01-27 17:04:42,166 INFO c.h.h.t.HelmChartContainer - [K3S] [INFO] Network policy controller waiting for removal of node.cloudprovider.kubernetes.io/uninitialized taint
2025-01-27 17:04:42,167 INFO c.h.h.t.HelmChartContainer - [K3S] [node_controller.go:474] Successfully initialized node 1bf1de2df7a7 with cloud provider
2025-01-27 17:04:42,167 INFO c.h.h.t.HelmChartContainer - [K3S] [event.go:389] "Event occurred" object="1bf1de2df7a7" fieldPath="" kind="Node" apiVersion="v1" type="Normal" reason="Synced" message="Node synced successfully"
2025-01-27 17:04:42,171 INFO c.h.h.t.HelmChartContainer - [K3S] [range_allocator.go:247] "Successfully synced" key="1bf1de2df7a7"
2025-01-27 17:04:42,203 INFO c.h.h.t.HelmChartContainer - [K3S] [range_allocator.go:247] "Successfully synced" key="1bf1de2df7a7"
2025-01-27 17:04:42,233 INFO c.h.h.t.HelmChartContainer - [K3S] [INFO] Started tunnel to 172.18.0.2:6443
2025-01-27 17:04:42,233 INFO c.h.h.t.HelmChartContainer - [K3S] [INFO] Stopped tunnel to 127.0.0.1:6443
2025-01-27 17:04:42,233 INFO c.h.h.t.HelmChartContainer - [K3S] [INFO] Connecting to proxy" url="wss://172.18.0.2:6443/v1-k3s/connect
2025-01-27 17:04:42,233 INFO c.h.h.t.HelmChartContainer - [K3S] [INFO] Proxy done" err="context canceled" url="wss://127.0.0.1:6443/v1-k3s/connect
2025-01-27 17:04:42,233 INFO c.h.h.t.HelmChartContainer - [K3S] [INFO] error in remotedialer server [400]: websocket: close 1006 (abnormal closure): unexpected EOF
2025-01-27 17:04:42,235 INFO c.h.h.t.HelmChartContainer - [K3S] [INFO] Handling backend connection request [1bf1de2df7a7]
2025-01-27 17:04:42,235 INFO c.h.h.t.HelmChartContainer - [K3S] [INFO] Remotedialer connected to proxy" url="wss://172.18.0.2:6443/v1-k3s/connect
2025-01-27 17:04:42,249 INFO c.h.h.t.HelmChartContainer - [K3S] [handler_proxy.go:99] no RequestInfo found in the context
2025-01-27 17:04:42,249 INFO c.h.h.t.HelmChartContainer - [K3S] [controller.go:146] "Unhandled Error" err=<
2025-01-27 17:04:42,249 INFO c.h.h.t.HelmChartContainer - [K3S] 	, Header: map[Content-Type:[text/plain; charset=utf-8] X-Content-Type-Options:[nosniff]]
2025-01-27 17:04:42,250 INFO c.h.h.t.HelmChartContainer - [K3S]  >
2025-01-27 17:04:42,250 INFO c.h.h.t.HelmChartContainer - [K3S] [handler_proxy.go:143] error resolving kube-system/metrics-server: no endpoints available for service "metrics-server"
2025-01-27 17:04:42,291 INFO c.h.h.t.HelmChartContainer - [K3S] [node_lifecycle_controller.go:1234] "Initializing eviction metric for zone" zone=""
2025-01-27 17:04:42,291 INFO c.h.h.t.HelmChartContainer - [K3S] [node_lifecycle_controller.go:886] "Missing timestamp for Node. Assuming now as a timestamp" node="1bf1de2df7a7"
2025-01-27 17:04:42,291 INFO c.h.h.t.HelmChartContainer - [K3S] [node_lifecycle_controller.go:1080] "Controller detected that zone is now in new state" zone="" newState="Normal"
2025-01-27 17:04:42,301 INFO c.h.h.t.HelmChartContainer - [K3S] [range_allocator.go:247] "Successfully synced" key="1bf1de2df7a7"
2025-01-27 17:04:42,381 INFO c.h.h.t.HelmChartContainer - [K3S] [serving.go:392] Generated self-signed cert in-memory
2025-01-27 17:04:42,814 INFO c.h.h.t.HelmChartContainer - [K3S] [server.go:164] "Starting Kubernetes Scheduler" version="v1.32.0+k3s1"
2025-01-27 17:04:42,815 INFO c.h.h.t.HelmChartContainer - [K3S] [server.go:166] "Golang settings" GOGC="" GOMAXPROCS="" GOTRACEBACK=""
2025-01-27 17:04:42,818 INFO c.h.h.t.HelmChartContainer - [K3S] [requestheader_controller.go:180] Starting RequestHeaderAuthRequestController
2025-01-27 17:04:42,818 INFO c.h.h.t.HelmChartContainer - [K3S] [configmap_cafile_content.go:205] "Starting controller" name="client-ca::kube-system::extension-apiserver-authentication::client-ca-file"
2025-01-27 17:04:42,818 INFO c.h.h.t.HelmChartContainer - [K3S] [configmap_cafile_content.go:205] "Starting controller" name="client-ca::kube-system::extension-apiserver-authentication::requestheader-client-ca-file"
2025-01-27 17:04:42,818 INFO c.h.h.t.HelmChartContainer - [K3S] [secure_serving.go:213] Serving securely on 127.0.0.1:10259
2025-01-27 17:04:42,818 INFO c.h.h.t.HelmChartContainer - [K3S] [tlsconfig.go:243] "Starting DynamicServingCertificateController"
2025-01-27 17:04:42,963 INFO c.h.h.t.HelmChartContainer - [K3S] [replica_set.go:679] "Finished syncing" kind="ReplicaSet" key="kube-system/metrics-server-8584b5786c" duration="414.216593ms"
2025-01-27 17:04:42,964 INFO c.h.h.t.HelmChartContainer - [K3S] [replica_set.go:679] "Finished syncing" kind="ReplicaSet" key="kube-system/local-path-provisioner-698b58967b" duration="411.162646ms"
2025-01-27 17:04:42,968 INFO c.h.h.t.HelmChartContainer - [K3S] [replica_set.go:679] "Finished syncing" kind="ReplicaSet" key="kube-system/coredns-ff8999cc5" duration="419.858078ms"
2025-01-27 17:04:42,977 INFO c.h.h.t.HelmChartContainer - [K3S] [replica_set.go:679] "Finished syncing" kind="ReplicaSet" key="kube-system/local-path-provisioner-698b58967b" duration="12.40229ms"
2025-01-27 17:04:42,977 INFO c.h.h.t.HelmChartContainer - [K3S] [replica_set.go:679] "Finished syncing" kind="ReplicaSet" key="kube-system/coredns-ff8999cc5" duration="7.027462ms"
2025-01-27 17:04:42,977 INFO c.h.h.t.HelmChartContainer - [K3S] [replica_set.go:679] "Finished syncing" kind="ReplicaSet" key="kube-system/local-path-provisioner-698b58967b" duration="32.691µs"
2025-01-27 17:04:42,977 INFO c.h.h.t.HelmChartContainer - [K3S] [replica_set.go:679] "Finished syncing" kind="ReplicaSet" key="kube-system/coredns-ff8999cc5" duration="29.555µs"
2025-01-27 17:04:42,988 INFO c.h.h.t.HelmChartContainer - [K3S] [replica_set.go:679] "Finished syncing" kind="ReplicaSet" key="kube-system/metrics-server-8584b5786c" duration="23.890645ms"
2025-01-27 17:04:42,988 INFO c.h.h.t.HelmChartContainer - [K3S] [replica_set.go:679] "Finished syncing" kind="ReplicaSet" key="kube-system/metrics-server-8584b5786c" duration="584.481µs"
2025-01-27 17:04:42,990 INFO c.h.h.t.HelmChartContainer - [K3S] [replica_set.go:679] "Finished syncing" kind="ReplicaSet" key="kube-system/local-path-provisioner-698b58967b" duration="37.851µs"
2025-01-27 17:04:43,000 INFO c.h.h.t.HelmChartContainer - [K3S] [replica_set.go:679] "Finished syncing" kind="ReplicaSet" key="kube-system/metrics-server-8584b5786c" duration="40.025µs"
2025-01-27 17:04:43,008 INFO c.h.h.t.HelmChartContainer - [K3S] [replica_set.go:679] "Finished syncing" kind="ReplicaSet" key="kube-system/coredns-ff8999cc5" duration="37.861µs"
2025-01-27 17:04:43,101 INFO c.h.h.t.HelmChartContainer - [K3S] [reconciler_common.go:251] "operationExecutor.VerifyControllerAttachedVolume started for volume \"config-volume\" (UniqueName: \"kubernetes.io/configmap/4d3507fc-ff5c-4c68-a1ca-8fccb9ec7f6d-config-volume\") pod \"local-path-provisioner-698b58967b-stcrw\" (UID: \"4d3507fc-ff5c-4c68-a1ca-8fccb9ec7f6d\") " pod="kube-system/local-path-provisioner-698b58967b-stcrw"
2025-01-27 17:04:43,101 INFO c.h.h.t.HelmChartContainer - [K3S] [reconciler_common.go:251] "operationExecutor.VerifyControllerAttachedVolume started for volume \"kube-api-access-v26r9\" (UniqueName: \"kubernetes.io/projected/4d3507fc-ff5c-4c68-a1ca-8fccb9ec7f6d-kube-api-access-v26r9\") pod \"local-path-provisioner-698b58967b-stcrw\" (UID: \"4d3507fc-ff5c-4c68-a1ca-8fccb9ec7f6d\") " pod="kube-system/local-path-provisioner-698b58967b-stcrw"
2025-01-27 17:04:43,102 INFO c.h.h.t.HelmChartContainer - [K3S] [reconciler_common.go:251] "operationExecutor.VerifyControllerAttachedVolume started for volume \"tmp-dir\" (UniqueName: \"kubernetes.io/empty-dir/f85c5f19-c14f-4c3f-ae3c-0f42114b6c3f-tmp-dir\") pod \"metrics-server-8584b5786c-w5fx7\" (UID: \"f85c5f19-c14f-4c3f-ae3c-0f42114b6c3f\") " pod="kube-system/metrics-server-8584b5786c-w5fx7"
2025-01-27 17:04:43,102 INFO c.h.h.t.HelmChartContainer - [K3S] [reconciler_common.go:251] "operationExecutor.VerifyControllerAttachedVolume started for volume \"kube-api-access-9c4xs\" (UniqueName: \"kubernetes.io/projected/f85c5f19-c14f-4c3f-ae3c-0f42114b6c3f-kube-api-access-9c4xs\") pod \"metrics-server-8584b5786c-w5fx7\" (UID: \"f85c5f19-c14f-4c3f-ae3c-0f42114b6c3f\") " pod="kube-system/metrics-server-8584b5786c-w5fx7"
2025-01-27 17:04:43,102 INFO c.h.h.t.HelmChartContainer - [K3S] [reconciler_common.go:251] "operationExecutor.VerifyControllerAttachedVolume started for volume \"config-volume\" (UniqueName: \"kubernetes.io/configmap/9c6a1cf7-0ea8-4eb6-86df-5fb7ab5ecfd2-config-volume\") pod \"coredns-ff8999cc5-mdjpf\" (UID: \"9c6a1cf7-0ea8-4eb6-86df-5fb7ab5ecfd2\") " pod="kube-system/coredns-ff8999cc5-mdjpf"
2025-01-27 17:04:43,102 INFO c.h.h.t.HelmChartContainer - [K3S] [reconciler_common.go:251] "operationExecutor.VerifyControllerAttachedVolume started for volume \"custom-config-volume\" (UniqueName: \"kubernetes.io/configmap/9c6a1cf7-0ea8-4eb6-86df-5fb7ab5ecfd2-custom-config-volume\") pod \"coredns-ff8999cc5-mdjpf\" (UID: \"9c6a1cf7-0ea8-4eb6-86df-5fb7ab5ecfd2\") " pod="kube-system/coredns-ff8999cc5-mdjpf"
2025-01-27 17:04:43,103 INFO c.h.h.t.HelmChartContainer - [K3S] [reconciler_common.go:251] "operationExecutor.VerifyControllerAttachedVolume started for volume \"kube-api-access-ktpb2\" (UniqueName: \"kubernetes.io/projected/9c6a1cf7-0ea8-4eb6-86df-5fb7ab5ecfd2-kube-api-access-ktpb2\") pod \"coredns-ff8999cc5-mdjpf\" (UID: \"9c6a1cf7-0ea8-4eb6-86df-5fb7ab5ecfd2\") " pod="kube-system/coredns-ff8999cc5-mdjpf"
2025-01-27 17:04:43,155 INFO c.h.h.t.HelmChartContainer - [K3S] [kube.go:146] Node controller sync successful
2025-01-27 17:04:43,155 INFO c.h.h.t.HelmChartContainer - [K3S] [vxlan.go:141] VXLAN config: VNI=1 Port=0 GBP=false Learning=false DirectRouting=false
2025-01-27 17:04:43,158 INFO c.h.h.t.HelmChartContainer - [K3S] [kube.go:636] List of node(1bf1de2df7a7) annotations: map[string]string{"alpha.kubernetes.io/provided-node-ip":"172.18.0.2", "k3s.io/hostname":"1bf1de2df7a7", "k3s.io/internal-ip":"172.18.0.2", "k3s.io/node-args":"[\"server\",\"--etcd-arg\",\"unsafe-no-fsync\",\"--etcd-arg\",\"snapshot-count=10000\",\"--etcd-arg\",\"auto-compaction-mode=revision\",\"--etcd-arg\",\"auto-compaction-retention=1000000\",\"--kube-apiserver-arg\",\"etcd-compaction-interval=0s\",\"--disable\",\"traefik\",\"--tls-san\",\"localhost\"]", "k3s.io/node-config-hash":"2QNNT5M5XUBFOLO5XPGEVGOM5UDLHHTIVMSRUPAUHE5DU3HUYQUQ====", "k3s.io/node-env":"{}", "node.alpha.kubernetes.io/ttl":"0", "volumes.kubernetes.io/controller-managed-attach-detach":"true"}
2025-01-27 17:04:43,164 INFO c.h.h.t.HelmChartContainer - [K3S] [iptables.go:51] Starting flannel in iptables mode...
2025-01-27 17:04:43,164 INFO c.h.h.t.HelmChartContainer - [K3S] [WARNING] no subnet found for key: FLANNEL_NETWORK in file: /run/flannel/subnet.env
2025-01-27 17:04:43,165 INFO c.h.h.t.HelmChartContainer - [K3S] [range_allocator.go:247] "Successfully synced" key="1bf1de2df7a7"
2025-01-27 17:04:43,165 INFO c.h.h.t.HelmChartContainer - [K3S] [WARNING] no subnet found for key: FLANNEL_SUBNET in file: /run/flannel/subnet.env
2025-01-27 17:04:43,165 INFO c.h.h.t.HelmChartContainer - [K3S] [WARNING] no subnet found for key: FLANNEL_IPV6_NETWORK in file: /run/flannel/subnet.env
2025-01-27 17:04:43,165 INFO c.h.h.t.HelmChartContainer - [K3S] [WARNING] no subnet found for key: FLANNEL_IPV6_SUBNET in file: /run/flannel/subnet.env
2025-01-27 17:04:43,165 INFO c.h.h.t.HelmChartContainer - [K3S] [iptables.go:115] Current network or subnet (10.42.0.0/16, 10.42.0.0/24) is not equal to previous one (0.0.0.0/0, 0.0.0.0/0), trying to recycle old iptables rules
2025-01-27 17:04:43,165 INFO c.h.h.t.HelmChartContainer - [K3S] [kube.go:490] Creating the node lease for IPv4. This is the n.Spec.PodCIDRs: [10.42.0.0/24]
2025-01-27 17:04:43,171 INFO c.h.h.t.HelmChartContainer - [K3S] [iptables.go:125] Setting up masking rules
2025-01-27 17:04:43,174 INFO c.h.h.t.HelmChartContainer - [K3S] [iptables.go:226] Changing default FORWARD chain policy to ACCEPT
2025-01-27 17:04:43,176 INFO c.h.h.t.HelmChartContainer - [K3S] [INFO] Wrote flannel subnet file to /run/flannel/subnet.env
2025-01-27 17:04:43,176 INFO c.h.h.t.HelmChartContainer - [K3S] [INFO] Running flannel backend.
2025-01-27 17:04:43,176 INFO c.h.h.t.HelmChartContainer - [K3S] [vxlan_network.go:65] watching for new subnet leases
2025-01-27 17:04:43,186 INFO c.h.h.t.HelmChartContainer - [K3S] [iptables.go:372] bootstrap done
2025-01-27 17:04:43,192 INFO c.h.h.t.HelmChartContainer - [K3S] [iptables.go:372] bootstrap done
2025-01-27 17:04:43,251 INFO c.h.h.t.HelmChartContainer - [K3S] [handler_proxy.go:99] no RequestInfo found in the context
2025-01-27 17:04:43,255 INFO c.h.h.t.HelmChartContainer - [K3S] [controller.go:102] "Unhandled Error" err=<
2025-01-27 17:04:43,255 INFO c.h.h.t.HelmChartContainer - [K3S] 	, Header: map[Content-Type:[text/plain; charset=utf-8] X-Content-Type-Options:[nosniff]]
2025-01-27 17:04:43,256 INFO c.h.h.t.HelmChartContainer - [K3S]  >
2025-01-27 17:04:43,256 INFO c.h.h.t.HelmChartContainer - [K3S] [handler_proxy.go:99] no RequestInfo found in the context
2025-01-27 17:04:44,273 INFO c.h.h.t.HelmChartContainer - [K3S] [INFO] Starting network policy controller version v2.2.1, built on 2025-01-10T17:03:20Z, go1.23.3
2025-01-27 17:04:44,274 INFO c.h.h.t.HelmChartContainer - [K3S] [network_policy_controller.go:164] Starting network policy controller
2025-01-27 17:04:44,318 INFO c.h.h.t.HelmChartContainer - [K3S] [network_policy_controller.go:176] Starting network policy controller full sync goroutine
2025-01-27 17:04:46,353 INFO c.h.h.t.HelmChartContainer - [K3S] [replica_set.go:679] "Finished syncing" kind="ReplicaSet" key="kube-system/local-path-provisioner-698b58967b" duration="5.738186ms"
2025-01-27 17:04:46,353 INFO c.h.h.t.HelmChartContainer - [K3S] [replica_set.go:679] "Finished syncing" kind="ReplicaSet" key="kube-system/local-path-provisioner-698b58967b" duration="23.664µs"
2025-01-27 17:04:46,493 INFO c.h.h.t.HelmChartContainer - [K3S] [kuberuntime_manager.go:1702] "Updating runtime config through cri with podcidr" CIDR="10.42.0.0/24"
2025-01-27 17:04:46,496 INFO c.h.h.t.HelmChartContainer - [K3S] [kubelet_network.go:61] "Updating Pod CIDR" originalPodCIDR="" newPodCIDR="10.42.0.0/24"
2025-01-27 17:04:46,513 INFO c.h.h.t.HelmChartContainer - [K3S] [range_allocator.go:247] "Successfully synced" key="1bf1de2df7a7"
2025-01-27 17:04:47,348 INFO c.h.h.t.HelmChartContainer - [K3S] [replica_set.go:679] "Finished syncing" kind="ReplicaSet" key="kube-system/coredns-ff8999cc5" duration="36.558µs"
2025-01-27 17:04:47,358 INFO c.h.h.t.HelmChartContainer - [K3S] [replica_set.go:679] "Finished syncing" kind="ReplicaSet" key="kube-system/metrics-server-8584b5786c" duration="34.114µs"
2025-01-27 17:04:47,381 INFO c.h.h.t.HelmChartContainer - [K3S] [replica_set.go:679] "Finished syncing" kind="ReplicaSet" key="kube-system/coredns-ff8999cc5" duration="9.262485ms"
2025-01-27 17:04:47,385 INFO c.h.h.t.HelmChartContainer - [K3S] [replica_set.go:679] "Finished syncing" kind="ReplicaSet" key="kube-system/coredns-ff8999cc5" duration="33.883µs"
2025-01-27 17:04:47,651 DEBUG c.h.h.t.HelmChartContainer - Image file loaded 'hivemq-platform-operator.tar'
2025-01-27 17:04:48,101 DEBUG c.h.h.t.HelmChartContainer - Image file loaded 'hivemq-platform-operator-init.tar'
2025-01-27 17:04:55,053 DEBUG c.h.h.t.HelmChartContainer - Image file loaded 'hivemq-platform.tar'
2025-01-27 17:04:55,053 DEBUG c.h.h.t.HelmChartContainer - Successful Helm chart Container startup
2025-01-27 17:04:55,066 INFO t.localhost/testcontainers/hvuk4nbye5gqk2de:latest - Container localhost/testcontainers/hvuk4nbye5gqk2de:latest started in PT23.046359648S
2025-01-27 17:04:55,075 DEBUG c.h.h.t.HelmChartContainer - Executing helm command: /bin/helm --kubeconfig /etc/rancher/k3s/k3s.yaml repo add hivemq https://hivemq.github.io/helm-charts
2025-01-27 17:04:56,483 INFO c.h.h.t.HelmChartContainer - [EVENT] Normal [Starting] Starting kubelet. [null:1bf1de2df7a7]
2025-01-27 17:04:56,483 INFO c.h.h.t.HelmChartContainer - Saved kubeconfig file on /tmp/kubeconfig-6115647789953096086.yaml
2025-01-27 17:04:56,484 INFO c.h.h.t.HelmChartContainer - HelmChartContainer is started
2025-01-27 17:04:56,487 INFO c.h.h.t.HelmChartContainer - [EVENT] Warning [InvalidDiskCapacity] invalid capacity 0 on image filesystem [null:1bf1de2df7a7]
2025-01-27 17:04:56,487 INFO c.h.h.t.HelmChartContainer - [EVENT] Normal [NodeHasSufficientMemory] Node 1bf1de2df7a7 status is now: NodeHasSufficientMemory [null:1bf1de2df7a7]
2025-01-27 17:04:56,488 INFO c.h.h.t.HelmChartContainer - [EVENT] Normal [NodeHasNoDiskPressure] Node 1bf1de2df7a7 status is now: NodeHasNoDiskPressure [null:1bf1de2df7a7]
2025-01-27 17:04:56,489 INFO c.h.h.t.HelmChartContainer - [EVENT] Normal [NodeHasSufficientPID] Node 1bf1de2df7a7 status is now: NodeHasSufficientPID [null:1bf1de2df7a7]
2025-01-27 17:04:56,491 INFO c.h.h.t.HelmChartContainer - [EVENT] Normal [NodeAllocatableEnforced] Updated Node Allocatable limit across pods [null:1bf1de2df7a7]
2025-01-27 17:04:56,495 INFO c.h.h.t.HelmChartContainer - [EVENT] Normal [NodeReady] Node 1bf1de2df7a7 status is now: NodeReady [null:1bf1de2df7a7]
2025-01-27 17:04:56,496 INFO c.h.h.t.HelmChartContainer - [EVENT] Normal [NodePasswordValidationComplete] Deferred node password secret validation complete [null:1bf1de2df7a7]
2025-01-27 17:04:56,496 INFO c.h.h.t.HelmChartContainer - [EVENT] Normal [Synced] Node synced successfully [null:1bf1de2df7a7]
2025-01-27 17:04:56,498 INFO c.h.h.t.HelmChartContainer - [EVENT] Normal [RegisteredNode] Node 1bf1de2df7a7 event: Registered Node 1bf1de2df7a7 in Controller [null:1bf1de2df7a7]
]]></system-out>
  <system-err><![CDATA[]]></system-err>
</testsuite>
