<?xml version="1.0" encoding="UTF-8"?>
<testsuite name="com.hivemq.helmcharts.platform.UpdateLogLevelIT" tests="2" skipped="0" failures="0" errors="0" timestamp="2025-01-30T04:01:37" hostname="fv-az1938-442" time="309.954">
  <properties/>
  <testcase name="1 withNamespaces: true" classname="com.hivemq.helmcharts.platform.UpdateLogLevelIT" time="155.688">
    <system-out><![CDATA[2025-01-30 04:01:37,521 INFO c.h.h.t.HelmChartContainer - Creating namespace 'updateloglevelit-operator'...
2025-01-30 04:01:37,527 INFO c.h.h.t.HelmChartContainer - Namespace 'updateloglevelit-operator' created
2025-01-30 04:01:37,528 INFO c.h.h.t.HelmChartContainer - Creating namespace 'updateloglevelit'...
2025-01-30 04:01:37,627 INFO c.h.h.t.HelmChartContainer - Namespace 'updateloglevelit' created
2025-01-30 04:01:37,701 DEBUG c.h.h.t.HelmChartContainer - Executing helm command: /bin/helm --kubeconfig /etc/rancher/k3s/k3s.yaml install test-hivemq-platform-operator /charts/hivemq-platform-operator --wait --timeout 5m0s --set image.repository=docker.io/hivemq --set image.name=hivemq-platform-operator-test --set image.initImageName=hivemq-platform-operator-init-test --set image.tag=snapshot --set image.pullPolicy=Never --set logLevel=DEBUG --set resources.cpu=512m --set namespaces=updateloglevelit --namespace updateloglevelit-operator
2025-01-30 04:01:38,043 INFO c.h.h.t.HelmChartContainer - [K3S] [alloc.go:330] "allocated clusterIPs" service="updateloglevelit-operator/hivemq-platform-operator-test-hivemq-platform-operator" clusterIPs={"IPv4":"10.43.32.124"}
2025-01-30 04:01:38,054 INFO c.h.h.t.HelmChartContainer - [EVENT] Normal [ScalingReplicaSet] Scaled up replica set hivemq-test-hivemq-platform-operator-7764645b48 from 0 to 1 [updateloglevelit-operator:hivemq-test-hivemq-platform-operator]
2025-01-30 04:01:38,060 INFO c.h.h.t.HelmChartContainer - [POD] hivemq-test-hivemq-platform-operator-7764645b48-lpr7c [0a62c734-cb67-4fcc-a6be-2c7f5d9a24ac] in updateloglevelit-operator was ADDED
2025-01-30 04:01:38,069 INFO c.h.h.t.HelmChartContainer - [K3S] [memory_manager.go:355] "RemoveStaleState removing state" podUID="0d38e31e-0e57-41ab-a2a6-422036b8da1c" containerName="hivemq-platform-operator"
2025-01-30 04:01:38,069 INFO c.h.h.t.HelmChartContainer - [POD] hivemq-test-hivemq-platform-operator-7764645b48-lpr7c [0a62c734-cb67-4fcc-a6be-2c7f5d9a24ac] in updateloglevelit-operator was MODIFIED
2025-01-30 04:01:38,073 INFO c.h.h.t.HelmChartContainer - [K3S] [replica_set.go:679] "Finished syncing" kind="ReplicaSet" key="updateloglevelit-operator/hivemq-test-hivemq-platform-operator-7764645b48" duration="21.535174ms"
2025-01-30 04:01:38,074 INFO c.h.h.t.HelmChartContainer - [EVENT] Normal [SuccessfulCreate] Created pod: hivemq-test-hivemq-platform-operator-7764645b48-lpr7c [updateloglevelit-operator:hivemq-test-hivemq-platform-operator-7764645b48]
2025-01-30 04:01:38,075 INFO c.h.h.t.HelmChartContainer - [EVENT] Normal [Scheduled] Successfully assigned updateloglevelit-operator/hivemq-test-hivemq-platform-operator-7764645b48-lpr7c to f66bc3b5d801 [updateloglevelit-operator:hivemq-test-hivemq-platform-operator-7764645b48-lpr7c]
2025-01-30 04:01:38,085 INFO c.h.h.t.HelmChartContainer - [POD] hivemq-test-hivemq-platform-operator-7764645b48-lpr7c [0a62c734-cb67-4fcc-a6be-2c7f5d9a24ac] in updateloglevelit-operator was MODIFIED
2025-01-30 04:01:38,087 INFO c.h.h.t.HelmChartContainer - [K3S] [replica_set.go:679] "Finished syncing" kind="ReplicaSet" key="updateloglevelit-operator/hivemq-test-hivemq-platform-operator-7764645b48" duration="14.067698ms"
2025-01-30 04:01:38,087 INFO c.h.h.t.HelmChartContainer - [K3S] [replica_set.go:679] "Finished syncing" kind="ReplicaSet" key="updateloglevelit-operator/hivemq-test-hivemq-platform-operator-7764645b48" duration="52.988µs"
2025-01-30 04:01:38,185 INFO c.h.h.t.HelmChartContainer - [K3S] [reconciler_common.go:251] "operationExecutor.VerifyControllerAttachedVolume started for volume \"kube-api-access-n89jq\" (UniqueName: \"kubernetes.io/projected/0a62c734-cb67-4fcc-a6be-2c7f5d9a24ac-kube-api-access-n89jq\") pod \"hivemq-test-hivemq-platform-operator-7764645b48-lpr7c\" (UID: \"0a62c734-cb67-4fcc-a6be-2c7f5d9a24ac\") " pod="updateloglevelit-operator/hivemq-test-hivemq-platform-operator-7764645b48-lpr7c"
2025-01-30 04:01:38,462 INFO c.h.h.t.HelmChartContainer - [EVENT] Normal [Pulled] Container image "docker.io/hivemq/hivemq-platform-operator-test:snapshot" already present on machine [updateloglevelit-operator:hivemq-test-hivemq-platform-operator-7764645b48-lpr7c]
2025-01-30 04:01:38,462 INFO c.h.h.t.HelmChartContainer - Received Pulled event for container hivemq-platform-operator in pod hivemq-test-hivemq-platform-operator-7764645b48-lpr7c [0a62c734-cb67-4fcc-a6be-2c7f5d9a24ac]
2025-01-30 04:01:39,694 INFO c.h.h.t.HelmChartContainer - [EVENT] Normal [Created] Created container: hivemq-platform-operator [updateloglevelit-operator:hivemq-test-hivemq-platform-operator-7764645b48-lpr7c]
2025-01-30 04:01:39,694 INFO c.h.h.t.HelmChartContainer - Received Created event for container hivemq-platform-operator in pod hivemq-test-hivemq-platform-operator-7764645b48-lpr7c [0a62c734-cb67-4fcc-a6be-2c7f5d9a24ac]
2025-01-30 04:01:40,264 INFO c.h.h.t.HelmChartContainer - [K3S] [replica_set.go:679] "Finished syncing" kind="ReplicaSet" key="updateloglevelit-operator/hivemq-test-hivemq-platform-operator-7764645b48" duration="39.133µs"
2025-01-30 04:01:40,266 INFO c.h.h.t.HelmChartContainer - [POD] hivemq-test-hivemq-platform-operator-7764645b48-lpr7c [0a62c734-cb67-4fcc-a6be-2c7f5d9a24ac] in updateloglevelit-operator was MODIFIED
2025-01-30 04:01:40,274 INFO c.h.h.t.HelmChartContainer - Started log watcher for hivemq-platform-operator in pod hivemq-test-hivemq-platform-operator-7764645b48-lpr7c [0a62c734-cb67-4fcc-a6be-2c7f5d9a24ac]
2025-01-30 04:01:40,274 INFO c.h.h.t.HelmChartContainer - [EVENT] Normal [Started] Started container hivemq-platform-operator [updateloglevelit-operator:hivemq-test-hivemq-platform-operator-7764645b48-lpr7c]
2025-01-30 04:01:40,274 INFO c.h.h.t.HelmChartContainer - Received Started event for container hivemq-platform-operator in pod hivemq-test-hivemq-platform-operator-7764645b48-lpr7c [0a62c734-cb67-4fcc-a6be-2c7f5d9a24ac]
2025-01-30 04:01:40,274 INFO c.h.h.t.HelmChartContainer - [hivemq-test-hivemq-platform] [hivemq-platform-operator] [0a62c734] -------------------------------------------------------------------------
2025-01-30 04:01:40,275 INFO c.h.h.t.HelmChartContainer - [hivemq-test-hivemq-platform] [hivemq-platform-operator] [0a62c734] 
2025-01-30 04:01:40,275 INFO c.h.h.t.HelmChartContainer - [hivemq-test-hivemq-platform] [hivemq-platform-operator] [0a62c734]                   _    _  _              __  __   ____
2025-01-30 04:01:40,275 INFO c.h.h.t.HelmChartContainer - [hivemq-test-hivemq-platform] [hivemq-platform-operator] [0a62c734]                  | |  | |(_)            |  \/  | / __ \
2025-01-30 04:01:40,275 INFO c.h.h.t.HelmChartContainer - [hivemq-test-hivemq-platform] [hivemq-platform-operator] [0a62c734]                  | |__| | _ __   __ ___ | \  / || |  | |
2025-01-30 04:01:40,275 INFO c.h.h.t.HelmChartContainer - [hivemq-test-hivemq-platform] [hivemq-platform-operator] [0a62c734]                  |  __  || |\ \ / // _ \| |\/| || |  | |
2025-01-30 04:01:40,275 INFO c.h.h.t.HelmChartContainer - [hivemq-test-hivemq-platform] [hivemq-platform-operator] [0a62c734]                  | |  | || | \ V /|  __/| |  | || |__| |
2025-01-30 04:01:40,275 INFO c.h.h.t.HelmChartContainer - [hivemq-test-hivemq-platform] [hivemq-platform-operator] [0a62c734]                  |_|  |_||_|  \_/  \___||_|  |_| \___\_\
2025-01-30 04:01:40,275 INFO c.h.h.t.HelmChartContainer - [hivemq-test-hivemq-platform] [hivemq-platform-operator] [0a62c734] 
2025-01-30 04:01:40,275 INFO c.h.h.t.HelmChartContainer - [hivemq-test-hivemq-platform] [hivemq-platform-operator] [0a62c734] -------------------------------------------------------------------------
2025-01-30 04:01:40,275 INFO c.h.h.t.HelmChartContainer - [hivemq-test-hivemq-platform] [hivemq-platform-operator] [0a62c734] 
2025-01-30 04:01:40,275 INFO c.h.h.t.HelmChartContainer - [hivemq-test-hivemq-platform] [hivemq-platform-operator] [0a62c734]   HiveMQ Platform Operator Start Script v1.0
2025-01-30 04:01:40,275 INFO c.h.h.t.HelmChartContainer - [hivemq-test-hivemq-platform] [hivemq-platform-operator] [0a62c734] 
2025-01-30 04:01:40,275 INFO c.h.h.t.HelmChartContainer - [hivemq-test-hivemq-platform] [hivemq-platform-operator] [0a62c734] -------------------------------------------------------------------------
2025-01-30 04:01:40,275 INFO c.h.h.t.HelmChartContainer - [hivemq-test-hivemq-platform] [hivemq-platform-operator] [0a62c734] 
2025-01-30 04:01:40,275 INFO c.h.h.t.HelmChartContainer - [hivemq-test-hivemq-platform] [hivemq-platform-operator] [0a62c734]   JAVA_OPTS: -XX:+UnlockExperimentalVMOptions -XX:InitialRAMPercentage=75 -XX:MaxRAMPercentage=75 -Duser.language=en -Duser.region=US
2025-01-30 04:01:40,275 INFO c.h.h.t.HelmChartContainer - [hivemq-test-hivemq-platform] [hivemq-platform-operator] [0a62c734] 
2025-01-30 04:01:40,275 INFO c.h.h.t.HelmChartContainer - [hivemq-test-hivemq-platform] [hivemq-platform-operator] [0a62c734]   JAVA_VERSION: 21
2025-01-30 04:01:40,275 INFO c.h.h.t.HelmChartContainer - [hivemq-test-hivemq-platform] [hivemq-platform-operator] [0a62c734] 
2025-01-30 04:01:40,275 INFO c.h.h.t.HelmChartContainer - [hivemq-test-hivemq-platform] [hivemq-platform-operator] [0a62c734] -------------------------------------------------------------------------
2025-01-30 04:01:40,275 INFO c.h.h.t.HelmChartContainer - [hivemq-test-hivemq-platform] [hivemq-platform-operator] [0a62c734] 
2025-01-30 04:01:42,932 INFO c.h.h.t.HelmChartContainer - [hivemq-test-hivemq-platform] [hivemq-platform-operator] [0a62c734] 04:01:42.929 [main] DEBUG org.jboss.logging - Logging Provider: org.jboss.logging.Slf4jLoggerProvider
2025-01-30 04:01:43,030 INFO c.h.h.t.HelmChartContainer - [hivemq-test-hivemq-platform] [hivemq-platform-operator] [0a62c734] 04:01:43.029 [main] DEBUG io.smallrye.config - SRCFG01006: Loaded ConfigSource SysPropConfigSource with ordinal 400
2025-01-30 04:01:43,031 INFO c.h.h.t.HelmChartContainer - [hivemq-test-hivemq-platform] [hivemq-platform-operator] [0a62c734] 04:01:43.029 [main] DEBUG io.smallrye.config - SRCFG01006: Loaded ConfigSource EnvConfigSource with ordinal 300
2025-01-30 04:01:43,031 INFO c.h.h.t.HelmChartContainer - [hivemq-test-hivemq-platform] [hivemq-platform-operator] [0a62c734] 04:01:43.029 [main] DEBUG io.smallrye.config - SRCFG01006: Loaded ConfigSource PropertiesConfigSource[source=jar:file:///opt/hivemq-platform-operator/bin/hivemq-platform-operator.jar!/hivemq-platform-operator.properties] with ordinal 100
2025-01-30 04:01:43,031 INFO c.h.h.t.HelmChartContainer - [hivemq-test-hivemq-platform] [hivemq-platform-operator] [0a62c734] 04:01:43.029 [main] DEBUG io.smallrye.config - SRCFG01006: Loaded ConfigSource DefaultValuesConfigSource with ordinal -2147483648
2025-01-30 04:01:43,140 INFO c.h.h.t.HelmChartContainer - [hivemq-test-hivemq-platform] [hivemq-platform-operator] [0a62c734] 04:01:43.139 [main] DEBUG i.m.c.u.i.l.InternalLoggerFactory - Using SLF4J as the default logging framework
2025-01-30 04:01:43,324 INFO c.h.h.t.HelmChartContainer - [hivemq-test-hivemq-platform] [hivemq-platform-operator] [0a62c734] 04:01:43.240 [main] INFO  c.h.p.o.HiveMQPlatformOperatorApplication - HiveMQ Platform Operator 1.7.0-SNAPSHOT (commit: 47e3375 on branch: HEAD) built on Thu Jan 30 03:55:50 UTC 2025
2025-01-30 04:01:43,325 INFO c.h.h.t.HelmChartContainer - [hivemq-test-hivemq-platform] [hivemq-platform-operator] [0a62c734] 04:01:43.322 [main] INFO  c.h.p.o.HiveMQPlatformOperatorApplication - HiveMQ Platform Operator is running in namespace: updateloglevelit-operator
2025-01-30 04:01:43,325 INFO c.h.h.t.HelmChartContainer - [hivemq-test-hivemq-platform] [hivemq-platform-operator] [0a62c734] 04:01:43.322 [main] INFO  c.h.p.o.HiveMQPlatformOperatorApplication - Watching namespaces: updateloglevelit
2025-01-30 04:01:43,325 INFO c.h.h.t.HelmChartContainer - [hivemq-test-hivemq-platform] [hivemq-platform-operator] [0a62c734] 04:01:43.323 [main] INFO  c.h.p.o.HiveMQPlatformOperatorApplication - Log level: DEBUG
2025-01-30 04:01:43,325 INFO c.h.h.t.HelmChartContainer - [hivemq-test-hivemq-platform] [hivemq-platform-operator] [0a62c734] 04:01:43.323 [main] INFO  c.h.p.o.HiveMQPlatformOperatorApplication - Release name: test-hivemq-platform-operator
2025-01-30 04:01:43,325 INFO c.h.h.t.HelmChartContainer - [hivemq-test-hivemq-platform] [hivemq-platform-operator] [0a62c734] 04:01:43.323 [main] INFO  c.h.p.o.HiveMQPlatformOperatorApplication - HiveMQ Platform Operator Init image: docker.io/hivemq/hivemq-platform-operator-init-test:snapshot
2025-01-30 04:01:43,325 INFO c.h.h.t.HelmChartContainer - [hivemq-test-hivemq-platform] [hivemq-platform-operator] [0a62c734] 04:01:43.323 [main] INFO  c.h.p.o.HiveMQPlatformOperatorApplication - HiveMQ Platform Operator Init App update URL: http://hivemq-platform-operator-test-hivemq-platform-operator.updateloglevelit-operator.svc:8080/initAppUpdate/hivemq-platform-operator-init-app-1.7.0-SNAPSHOT.jar
2025-01-30 04:01:43,325 INFO c.h.h.t.HelmChartContainer - [hivemq-test-hivemq-platform] [hivemq-platform-operator] [0a62c734] 04:01:43.323 [main] INFO  c.h.p.o.HiveMQPlatformOperatorApplication - Additional imagePullSecret for all Platform deployments: none
2025-01-30 04:01:43,325 INFO c.h.h.t.HelmChartContainer - [hivemq-test-hivemq-platform] [hivemq-platform-operator] [0a62c734] 04:01:43.323 [main] INFO  c.h.p.o.HiveMQPlatformOperatorApplication - Apply HiveMQ Platform CRD: true
2025-01-30 04:01:43,325 INFO c.h.h.t.HelmChartContainer - [hivemq-test-hivemq-platform] [hivemq-platform-operator] [0a62c734] 04:01:43.323 [main] INFO  c.h.p.o.HiveMQPlatformOperatorApplication - Create Platform ServiceAccount: true
2025-01-30 04:01:43,325 INFO c.h.h.t.HelmChartContainer - [hivemq-test-hivemq-platform] [hivemq-platform-operator] [0a62c734] 04:01:43.323 [main] INFO  c.h.p.o.HiveMQPlatformOperatorApplication - Create Platform ServiceAccount permissions: true
2025-01-30 04:01:43,325 INFO c.h.h.t.HelmChartContainer - [hivemq-test-hivemq-platform] [hivemq-platform-operator] [0a62c734] 04:01:43.323 [main] INFO  c.h.p.o.HiveMQPlatformOperatorApplication - Validate Platform ServiceAccount: true
2025-01-30 04:01:43,325 INFO c.h.h.t.HelmChartContainer - [hivemq-test-hivemq-platform] [hivemq-platform-operator] [0a62c734] 04:01:43.323 [main] INFO  c.h.p.o.HiveMQPlatformOperatorApplication - Validate Platform ServiceAccount permissions: true
2025-01-30 04:01:43,443 INFO c.h.h.t.HelmChartContainer - [hivemq-test-hivemq-platform] [hivemq-platform-operator] [0a62c734] 04:01:43.441 [main] INFO  c.h.platform.operator.util.CRDUtil - Verifying deployed HiveMQ Platform CRD...
2025-01-30 04:01:45,824 INFO c.h.h.t.HelmChartContainer - [hivemq-test-hivemq-platform] [hivemq-platform-operator] [0a62c734] 04:01:45.823 [main] DEBUG c.h.platform.operator.util.CRDUtil - HiveMQ Platform CRD version v1 is up to date
2025-01-30 04:01:45,824 INFO c.h.h.t.HelmChartContainer - [hivemq-test-hivemq-platform] [hivemq-platform-operator] [0a62c734] 04:01:45.823 [main] INFO  c.h.platform.operator.util.CRDUtil - HiveMQ Platform CRD is up to date (version: V1_6_0)
2025-01-30 04:01:45,825 INFO c.h.h.t.HelmChartContainer - [hivemq-test-hivemq-platform] [hivemq-platform-operator] [0a62c734] 04:01:45.823 [main] INFO  c.h.platform.operator.util.CRDUtil - Waiting 10000 ms for HiveMQ Platform CRD 'hivemq-platforms.hivemq.com' to become ready...
2025-01-30 04:01:46,175 INFO c.h.h.t.HelmChartContainer - [hivemq-test-hivemq-platform] [hivemq-platform-operator] [0a62c734] 04:01:46.174 [vert.x-eventloop-thread-1] DEBUG c.h.platform.operator.util.CRDUtil - Checking CRD condition 'NamesAccepted' (status: 'True')
2025-01-30 04:01:46,176 INFO c.h.h.t.HelmChartContainer - [hivemq-test-hivemq-platform] [hivemq-platform-operator] [0a62c734] 04:01:46.174 [vert.x-eventloop-thread-1] DEBUG c.h.platform.operator.util.CRDUtil - Checking CRD condition 'Established' (status: 'True')
2025-01-30 04:01:46,177 INFO c.h.h.t.HelmChartContainer - [hivemq-test-hivemq-platform] [hivemq-platform-operator] [0a62c734] 04:01:46.176 [main] INFO  c.h.platform.operator.util.CRDUtil - HiveMQ Platform CRD 'hivemq-platforms.hivemq.com' is ready
2025-01-30 04:01:46,332 INFO c.h.h.t.HelmChartContainer - [hivemq-test-hivemq-platform] [hivemq-platform-operator] [0a62c734] 04:01:46.331 [main] INFO  c.h.p.o.HiveMQPlatformReconciler - HiveMQ Platform Operator is starting...
2025-01-30 04:01:46,475 INFO c.h.h.t.HelmChartContainer - [hivemq-test-hivemq-platform] [hivemq-platform-operator] [0a62c734] 04:01:46.474 [main] WARN  Default ConfigurationService implementation - Configuration for reconciler 'hivemq-controller' was not found. Known reconcilers: None.
2025-01-30 04:01:46,481 INFO c.h.h.t.HelmChartContainer - [hivemq-test-hivemq-platform] [hivemq-platform-operator] [0a62c734] 04:01:46.481 [main] INFO  Default ConfigurationService implementation - Created configuration for reconciler com.hivemq.platform.operator.HiveMQPlatformReconciler with name hivemq-controller
2025-01-30 04:01:46,582 INFO c.h.h.t.HelmChartContainer - [hivemq-test-hivemq-platform] [hivemq-platform-operator] [0a62c734] 04:01:46.581 [main] DEBUG c.h.p.o.HiveMQPlatformReconciler - HiveMQ Platform Operator is preparing EventSources
2025-01-30 04:01:46,632 INFO c.h.h.t.HelmChartContainer - [hivemq-test-hivemq-platform] [hivemq-platform-operator] [0a62c734] 04:01:46.630 [main] INFO  i.javaoperatorsdk.operator.Operator - Registered reconciler: 'hivemq-controller' for resource: 'class com.hivemq.platform.operator.v1.HiveMQPlatform' for namespace(s): [updateloglevelit]
2025-01-30 04:01:47,233 INFO c.h.h.t.HelmChartContainer - [hivemq-test-hivemq-platform] [hivemq-platform-operator] [0a62c734] 04:01:47.232 [main] INFO  c.h.p.operator.webserver.JettyServer - Starting Jetty server on port 8080
2025-01-30 04:01:47,333 INFO c.h.h.t.HelmChartContainer - [hivemq-test-hivemq-platform] [hivemq-platform-operator] [0a62c734] 04:01:47.332 [main] INFO  i.javaoperatorsdk.operator.Operator - Operator SDK 4.9.7 (commit: 2133d28) built on Wed Nov 20 12:56:20 UTC 2024 starting...
2025-01-30 04:01:47,334 INFO c.h.h.t.HelmChartContainer - [hivemq-test-hivemq-platform] [hivemq-platform-operator] [0a62c734] 04:01:47.333 [main] INFO  i.javaoperatorsdk.operator.Operator - Client version: 6.13.5
2025-01-30 04:01:47,335 INFO c.h.h.t.HelmChartContainer - [hivemq-test-hivemq-platform] [hivemq-platform-operator] [0a62c734] 04:01:47.334 [Controller Starter for: hivemq-controller] INFO  i.j.operator.processing.Controller - Starting 'hivemq-controller' controller for reconciler: com.hivemq.platform.operator.HiveMQPlatformReconciler, resource: com.hivemq.platform.operator.v1.HiveMQPlatform
2025-01-30 04:01:49,526 INFO c.h.h.t.HelmChartContainer - [hivemq-test-hivemq-platform] [hivemq-platform-operator] [0a62c734] 04:01:49.524 [Controller Starter for: hivemq-controller] INFO  i.j.operator.processing.Controller - 'hivemq-controller' controller started
2025-01-30 04:01:49,526 INFO c.h.h.t.HelmChartContainer - [hivemq-test-hivemq-platform] [hivemq-platform-operator] [0a62c734] 04:01:49.524 [main] INFO  c.h.p.o.HiveMQPlatformOperatorApplication - HiveMQ Platform Operator 1.7.0-SNAPSHOT started in 6284 ms
2025-01-30 04:01:51,270 INFO c.h.h.t.HelmChartContainer - [POD] hivemq-test-hivemq-platform-operator-7764645b48-lpr7c [0a62c734-cb67-4fcc-a6be-2c7f5d9a24ac] in updateloglevelit-operator was MODIFIED
2025-01-30 04:01:51,275 INFO c.h.h.t.HelmChartContainer - [K3S] [replica_set.go:679] "Finished syncing" kind="ReplicaSet" key="updateloglevelit-operator/hivemq-test-hivemq-platform-operator-7764645b48" duration="6.37509ms"
2025-01-30 04:01:51,275 INFO c.h.h.t.HelmChartContainer - [K3S] [replica_set.go:679] "Finished syncing" kind="ReplicaSet" key="updateloglevelit-operator/hivemq-test-hivemq-platform-operator-7764645b48" duration="36.468µs"
2025-01-30 04:01:52,108 INFO com.hivemq.helmcharts.util.K8sUtil - Pod 'hivemq-test-hivemq-platform-operator-7764645b48-lpr7c' is ready
2025-01-30 04:01:52,166 DEBUG c.h.h.t.HelmChartContainer - Executing helm command: /bin/helm --kubeconfig /etc/rancher/k3s/k3s.yaml install test-hivemq-platform /charts/hivemq-platform --wait --timeout 5m0s --set image.repository=docker.io/hivemq --set image.tag=4.36.0 --set image.pullPolicy=Never --set nodes.resources.cpu=512m -f /files/platform-values.yaml --namespace updateloglevelit
2025-01-30 04:01:53,586 INFO c.h.h.t.HelmChartContainer - [hivemq-test-hivemq-platform] [hivemq-platform-operator] [0a62c734] 04:01:53.584 [pool-6-thread-3] DEBUG c.h.p.o.dependants.PodInfoConfigMap - [updatelo] Desired PodInfo ConfigMap (1 extensions) (1 enabled)
2025-01-30 04:01:53,587 INFO c.h.h.t.HelmChartContainer - [hivemq-test-hivemq-platform] [hivemq-platform-operator] [0a62c734] 04:01:53.584 [pool-6-thread-3] DEBUG c.h.p.o.dependants.PodInfoConfigMap - [updatelo] Desired PodInfo ConfigMap (metrics port: 9399) (metrics path: /)
2025-01-30 04:01:53,588 INFO c.h.h.t.HelmChartContainer - [hivemq-test-hivemq-platform] [hivemq-platform-operator] [0a62c734] 04:01:53.584 [pool-6-thread-3] DEBUG c.h.p.o.dependants.PodInfoConfigMap - [updatelo] Desired PodInfo ConfigMap (extension state hash: -1817474005)
2025-01-30 04:01:53,588 INFO c.h.h.t.HelmChartContainer - [hivemq-test-hivemq-platform] [hivemq-platform-operator] [0a62c734] 04:01:53.586 [pool-6-thread-3] DEBUG c.h.p.o.dependants.PodInfoConfigMap - [updatelo] Create PodInfo ConfigMap
2025-01-30 04:01:53,687 INFO c.h.h.t.HelmChartContainer - [hivemq-test-hivemq-platform] [hivemq-platform-operator] [0a62c734] 04:01:53.685 [pool-6-thread-5] DEBUG c.h.p.o.dependants.PodRoleResource - [updatelo] Create Role: Role(apiVersion=rbac.authorization.k8s.io/v1, kind=Role, metadata=ObjectMeta(annotations={meta.helm.sh/release-name=test-hivemq-platform, meta.helm.sh/release-namespace=updateloglevelit}, creationTimestamp=null, deletionGracePeriodSeconds=null, deletionTimestamp=null, finalizers=[], generateName=null, generation=null, labels={helm.sh/chart=hivemq-platform-0.2.32, app.kubernetes.io/managed-by=Helm, app.kubernetes.io/name=hivemq-platform, hivemq-platform=test-hivemq-platform, app.kubernetes.io/instance=test-hivemq-platform, app.kubernetes.io/version=4.36.0}, managedFields=[], name=hivemq-platform-role-test-hivemq-platform, namespace=updateloglevelit, ownerReferences=[OwnerReference(apiVersion=hivemq.com/v1, blockOwnerDeletion=null, controller=null, kind=HiveMQPlatform, name=test-hivemq-platform, uid=993fba16-ba00-4aa8-8db3-00815a81c93b, additionalProperties={})], resourceVersion=null, selfLink=null, uid=null, additionalProperties={}), rules=[PolicyRule(apiGroups=[], nonResourceURLs=[], resourceNames=[], resources=[pods], verbs=[get, patch, update], additionalProperties={})], additionalProperties={})
2025-01-30 04:01:53,791 INFO c.h.h.t.HelmChartContainer - [hivemq-test-hivemq-platform] [hivemq-platform-operator] [0a62c734] 04:01:53.787 [pool-6-thread-7] DEBUG c.h.p.o.d.PodServiceAccountResource - [updatelo] Desired PodServiceAccountResource (serviceAccountName: hivemq-platform-pod-test-hivemq-platform)
2025-01-30 04:01:53,792 INFO c.h.h.t.HelmChartContainer - [hivemq-test-hivemq-platform] [hivemq-platform-operator] [0a62c734] 04:01:53.787 [pool-6-thread-7] DEBUG c.h.p.o.d.PodServiceAccountResource - [updatelo] Create ServiceAccount 'hivemq-platform-pod-test-hivemq-platform'
2025-01-30 04:01:53,976 INFO c.h.h.t.HelmChartContainer - [hivemq-test-hivemq-platform] [hivemq-platform-operator] [0a62c734] 04:01:53.974 [pool-6-thread-10] DEBUG c.h.p.o.d.PodRoleBindingResource - [updatelo] Create RoleBinding: RoleBinding(apiVersion=rbac.authorization.k8s.io/v1, kind=RoleBinding, metadata=ObjectMeta(annotations={meta.helm.sh/release-name=test-hivemq-platform, meta.helm.sh/release-namespace=updateloglevelit}, creationTimestamp=null, deletionGracePeriodSeconds=null, deletionTimestamp=null, finalizers=[], generateName=null, generation=null, labels={helm.sh/chart=hivemq-platform-0.2.32, app.kubernetes.io/managed-by=Helm, app.kubernetes.io/name=hivemq-platform, hivemq-platform=test-hivemq-platform, app.kubernetes.io/instance=test-hivemq-platform, app.kubernetes.io/version=4.36.0}, managedFields=[], name=hivemq-platform-role-binding-test-hivemq-platform, namespace=updateloglevelit, ownerReferences=[OwnerReference(apiVersion=hivemq.com/v1, blockOwnerDeletion=null, controller=null, kind=HiveMQPlatform, name=test-hivemq-platform, uid=993fba16-ba00-4aa8-8db3-00815a81c93b, additionalProperties={})], resourceVersion=null, selfLink=null, uid=null, additionalProperties={}), roleRef=RoleRef(apiGroup=rbac.authorization.k8s.io, kind=Role, name=hivemq-platform-role-test-hivemq-platform, additionalProperties={}), subjects=[Subject(apiGroup=null, kind=ServiceAccount, name=hivemq-platform-pod-test-hivemq-platform, namespace=updateloglevelit, additionalProperties={})], additionalProperties={})
2025-01-30 04:01:53,995 INFO c.h.h.t.HelmChartContainer - [hivemq-test-hivemq-platform] [hivemq-platform-operator] [0a62c734] 04:01:53.994 [ReconcilerExecutor-hivemq-controller-51] INFO  c.h.p.o.HiveMQPlatformReconciler - [updatelo] Reconciling HiveMQ Platform 'test-hivemq-platform' in namespace 'updateloglevelit'
2025-01-30 04:01:53,995 INFO c.h.h.t.HelmChartContainer - [hivemq-test-hivemq-platform] [hivemq-platform-operator] [0a62c734] 04:01:53.994 [ReconcilerExecutor-hivemq-controller-51] DEBUG c.h.p.o.HiveMQPlatformReconciler - [updatelo] Custom Resource Status CREATED - HiveMQ Platform was created (READY)
2025-01-30 04:01:53,995 INFO c.h.h.t.HelmChartContainer - [hivemq-test-hivemq-platform] [hivemq-platform-operator] [0a62c734] 04:01:53.994 [ReconcilerExecutor-hivemq-controller-51] DEBUG c.h.p.o.HiveMQPlatformReconciler - [updatelo] Custom Resource Spec (replicas: 1) (extensions: 1)
2025-01-30 04:01:53,999 INFO c.h.h.t.HelmChartContainer - [hivemq-test-hivemq-platform] [hivemq-platform-operator] [0a62c734] 04:01:53.998 [ReconcilerExecutor-hivemq-controller-51] INFO  c.h.p.o.h.HiveMQPlatformReconcilerBaseHandler - [updatelo] HiveMQ Platform is starting
2025-01-30 04:01:54,176 INFO c.h.h.t.HelmChartContainer - [hivemq-test-hivemq-platform] [hivemq-platform-operator] [0a62c734] 04:01:54.175 [ReconcilerExecutor-hivemq-controller-51] DEBUG c.h.p.operator.event.EventSender - [updatelo] Creating K8s event hivemq-platform-starting: [Start] HiveMQ Platform is starting
2025-01-30 04:01:54,186 INFO c.h.h.t.HelmChartContainer - [EVENT] Normal [Start] HiveMQ Platform is starting [updateloglevelit:test-hivemq-platform]
2025-01-30 04:01:54,191 INFO c.h.h.t.HelmChartContainer - [hivemq-test-hivemq-platform] [hivemq-platform-operator] [0a62c734] 04:01:54.190 [ReconcilerExecutor-hivemq-controller-51] INFO  c.h.p.o.h.AbstractHiveMQReconcilerStateHandler - [updatelo] Update HiveMQ Platform Status (CREATED [READY] -> STARTING [READY]): HiveMQ Platform is starting
2025-01-30 04:01:54,282 DEBUG com.hivemq.helmcharts.util.K8sUtil - Comparing actual state 'STARTING' and waiting for 'RUNNING'
2025-01-30 04:02:04,289 INFO c.h.h.t.HelmChartContainer - [hivemq-test-hivemq-platform] [hivemq-platform-operator] [0a62c734] 04:02:04.287 [Timer-0] WARN  i.m.p.PrometheusMeterRegistry - The meter (MeterId{name='operator.sdk.events.received', tags=[tag(event=Event),tag(group=hivemq.com),tag(kind=HiveMQPlatform),tag(name=test-hivemq-platform),tag(namespace=updateloglevelit),tag(scope=namespace),tag(version=v1)]}) registration has failed: Prometheus requires that all meters with the same name have the same set of tag keys. There is already an existing meter named 'operator.sdk.events.received' containing tag keys [action, event, group, kind, name, namespace, scope, version]. The meter you are attempting to register has keys [event, group, kind, name, namespace, scope, version]. Note that subsequent logs will be logged at debug level.
2025-01-30 04:02:04,295 INFO c.h.h.t.HelmChartContainer - [hivemq-test-hivemq-platform] [hivemq-platform-operator] [0a62c734] 04:02:04.293 [pool-6-thread-12] DEBUG c.h.p.o.d.PlatformServiceResource - [updatelo] Desired Platform services (3 services)
2025-01-30 04:02:04,297 INFO c.h.h.t.HelmChartContainer - [hivemq-test-hivemq-platform] [hivemq-platform-operator] [0a62c734] 04:02:04.296 [pool-6-thread-13] DEBUG c.h.p.o.dependants.PodInfoConfigMap - [updatelo] Desired PodInfo ConfigMap (1 extensions) (1 enabled)
2025-01-30 04:02:04,298 INFO c.h.h.t.HelmChartContainer - [hivemq-test-hivemq-platform] [hivemq-platform-operator] [0a62c734] 04:02:04.296 [pool-6-thread-13] DEBUG c.h.p.o.dependants.PodInfoConfigMap - [updatelo] Desired PodInfo ConfigMap (metrics port: 9399) (metrics path: /)
2025-01-30 04:02:04,298 INFO c.h.h.t.HelmChartContainer - [hivemq-test-hivemq-platform] [hivemq-platform-operator] [0a62c734] 04:02:04.296 [pool-6-thread-13] DEBUG c.h.p.o.dependants.PodInfoConfigMap - [updatelo] Desired PodInfo ConfigMap (extension state hash: -1817474005)
2025-01-30 04:02:04,299 INFO c.h.h.t.HelmChartContainer - [hivemq-test-hivemq-platform] [hivemq-platform-operator] [0a62c734] 04:02:04.298 [pool-6-thread-17] DEBUG c.h.p.o.d.PodServiceAccountResource - [updatelo] Desired PodServiceAccountResource (serviceAccountName: hivemq-platform-pod-test-hivemq-platform)
2025-01-30 04:02:04,304 INFO c.h.h.t.HelmChartContainer - [hivemq-test-hivemq-platform] [hivemq-platform-operator] [0a62c734] 04:02:04.303 [pool-6-thread-13] DEBUG c.h.p.o.dependants.PodInfoConfigMap - [updatelo] Update PodInfo ConfigMap
2025-01-30 04:02:04,390 INFO c.h.h.t.HelmChartContainer - [K3S] [alloc.go:330] "allocated clusterIPs" service="updateloglevelit/hivemq-test-hivemq-platform-cc-8080" clusterIPs={"IPv4":"10.43.168.253"}
2025-01-30 04:02:04,481 INFO c.h.h.t.HelmChartContainer - [K3S] [alloc.go:330] "allocated clusterIPs" service="updateloglevelit/hivemq-test-hivemq-platform-metrics-9399" clusterIPs={"IPv4":"10.43.249.41"}
2025-01-30 04:02:04,491 INFO c.h.h.t.HelmChartContainer - [K3S] [alloc.go:330] "allocated clusterIPs" service="updateloglevelit/hivemq-test-hivemq-platform-mqtt-1883" clusterIPs={"IPv4":"10.43.150.34"}
2025-01-30 04:02:04,498 INFO c.h.h.t.HelmChartContainer - [hivemq-test-hivemq-platform] [hivemq-platform-operator] [0a62c734] 04:02:04.497 [pool-6-thread-20] DEBUG c.h.p.o.d.StatefulSetResource - [updatelo] Desired StatefulSet (1 replicas) for status STARTING (READY)
2025-01-30 04:02:04,584 INFO c.h.h.t.HelmChartContainer - [hivemq-test-hivemq-platform] [hivemq-platform-operator] [0a62c734] 04:02:04.582 [pool-6-thread-20] DEBUG c.h.p.o.d.StatefulSetResource - [updatelo] Create StatefulSet
2025-01-30 04:02:04,689 INFO c.h.h.t.HelmChartContainer - [hivemq-test-hivemq-platform] [hivemq-platform-operator] [0a62c734] 04:02:04.687 [ReconcilerExecutor-hivemq-controller-63] INFO  c.h.p.o.HiveMQPlatformReconciler - [updatelo] Reconciling HiveMQ Platform 'test-hivemq-platform' in namespace 'updateloglevelit'
2025-01-30 04:02:04,689 INFO c.h.h.t.HelmChartContainer - [hivemq-test-hivemq-platform] [hivemq-platform-operator] [0a62c734] 04:02:04.687 [ReconcilerExecutor-hivemq-controller-63] DEBUG c.h.p.o.HiveMQPlatformReconciler - [updatelo] Custom Resource Status STARTING - HiveMQ Platform is starting (READY)
2025-01-30 04:02:04,690 INFO c.h.h.t.HelmChartContainer - [hivemq-test-hivemq-platform] [hivemq-platform-operator] [0a62c734] 04:02:04.687 [ReconcilerExecutor-hivemq-controller-63] DEBUG c.h.p.o.HiveMQPlatformReconciler - [updatelo] Custom Resource Spec (replicas: 1) (extensions: 1)
2025-01-30 04:02:04,696 INFO c.h.h.t.HelmChartContainer - [hivemq-test-hivemq-platform] [hivemq-platform-operator] [0a62c734] 04:02:04.695 [ReconcilerExecutor-hivemq-controller-63] DEBUG c.h.p.o.HiveMQPlatformReconciler - [updatelo] StatefulSet Status (revision: null, replicas: 0, available: 0, ready: 0, current: 0, updated: 0)
2025-01-30 04:02:04,696 INFO c.h.h.t.HelmChartContainer - [hivemq-test-hivemq-platform] [hivemq-platform-operator] [0a62c734] 04:02:04.695 [ReconcilerExecutor-hivemq-controller-63] DEBUG c.h.p.o.HiveMQPlatformReconciler - [updatelo] StatefulSet Spec (replicas: 1, init containers: 1, containers: 1, volumes: 3)
2025-01-30 04:02:04,703 INFO c.h.h.t.HelmChartContainer - [POD] test-hivemq-platform-0 [24f4f965-ac4e-4dd0-87d3-9f802b8b71db] in updateloglevelit was ADDED
2025-01-30 04:02:04,703 INFO c.h.h.t.HelmChartContainer - [EVENT] Normal [SuccessfulCreate] create Pod test-hivemq-platform-0 in StatefulSet test-hivemq-platform successful [updateloglevelit:test-hivemq-platform]
2025-01-30 04:02:04,707 INFO c.h.h.t.HelmChartContainer - [POD] test-hivemq-platform-0 [24f4f965-ac4e-4dd0-87d3-9f802b8b71db] in updateloglevelit was MODIFIED
2025-01-30 04:02:04,714 INFO c.h.h.t.HelmChartContainer - [EVENT] Normal [Scheduled] Successfully assigned updateloglevelit/test-hivemq-platform-0 to f66bc3b5d801 [updateloglevelit:test-hivemq-platform-0]
2025-01-30 04:02:04,719 INFO c.h.h.t.HelmChartContainer - [POD] test-hivemq-platform-0 [24f4f965-ac4e-4dd0-87d3-9f802b8b71db] in updateloglevelit was MODIFIED
2025-01-30 04:02:04,740 INFO c.h.h.t.HelmChartContainer - [K3S] [reconciler_common.go:251] "operationExecutor.VerifyControllerAttachedVolume started for volume \"kube-api-access-qk4w4\" (UniqueName: \"kubernetes.io/projected/24f4f965-ac4e-4dd0-87d3-9f802b8b71db-kube-api-access-qk4w4\") pod \"test-hivemq-platform-0\" (UID: \"24f4f965-ac4e-4dd0-87d3-9f802b8b71db\") " pod="updateloglevelit/test-hivemq-platform-0"
2025-01-30 04:02:04,740 INFO c.h.h.t.HelmChartContainer - [K3S] [reconciler_common.go:251] "operationExecutor.VerifyControllerAttachedVolume started for volume \"pod-info\" (UniqueName: \"kubernetes.io/configmap/24f4f965-ac4e-4dd0-87d3-9f802b8b71db-pod-info\") pod \"test-hivemq-platform-0\" (UID: \"24f4f965-ac4e-4dd0-87d3-9f802b8b71db\") " pod="updateloglevelit/test-hivemq-platform-0"
2025-01-30 04:02:04,740 INFO c.h.h.t.HelmChartContainer - [K3S] [reconciler_common.go:251] "operationExecutor.VerifyControllerAttachedVolume started for volume \"broker-configuration\" (UniqueName: \"kubernetes.io/configmap/24f4f965-ac4e-4dd0-87d3-9f802b8b71db-broker-configuration\") pod \"test-hivemq-platform-0\" (UID: \"24f4f965-ac4e-4dd0-87d3-9f802b8b71db\") " pod="updateloglevelit/test-hivemq-platform-0"
2025-01-30 04:02:04,740 INFO c.h.h.t.HelmChartContainer - [K3S] [reconciler_common.go:251] "operationExecutor.VerifyControllerAttachedVolume started for volume \"operator-init\" (UniqueName: \"kubernetes.io/empty-dir/24f4f965-ac4e-4dd0-87d3-9f802b8b71db-operator-init\") pod \"test-hivemq-platform-0\" (UID: \"24f4f965-ac4e-4dd0-87d3-9f802b8b71db\") " pod="updateloglevelit/test-hivemq-platform-0"
2025-01-30 04:02:04,789 INFO c.h.h.t.HelmChartContainer - [hivemq-test-hivemq-platform] [hivemq-platform-operator] [0a62c734] 04:02:04.787 [ReconcilerExecutor-hivemq-controller-63] DEBUG c.h.p.o.h.HiveMQPlatformReconcilerErrorHandler - [updatelo] Pod 'test-hivemq-platform-0' phase Pending
2025-01-30 04:02:04,790 INFO c.h.h.t.HelmChartContainer - [hivemq-test-hivemq-platform] [hivemq-platform-operator] [0a62c734] 04:02:04.790 [ReconcilerExecutor-hivemq-controller-63] INFO  c.h.p.o.h.HiveMQPlatformReconcilerBaseHandler - [updatelo] HiveMQ Platform is starting, 0 of 1 replicas are ready
2025-01-30 04:02:04,881 INFO c.h.h.t.HelmChartContainer - [hivemq-test-hivemq-platform] [hivemq-platform-operator] [0a62c734] 04:02:04.878 [pool-6-thread-22] DEBUG c.h.p.o.d.PlatformServiceResource - [updatelo] Desired Platform services (3 services)
2025-01-30 04:02:04,882 INFO c.h.h.t.HelmChartContainer - [hivemq-test-hivemq-platform] [hivemq-platform-operator] [0a62c734] 04:02:04.879 [pool-6-thread-23] DEBUG c.h.p.o.dependants.PodInfoConfigMap - [updatelo] Desired PodInfo ConfigMap (1 extensions) (1 enabled)
2025-01-30 04:02:04,882 INFO c.h.h.t.HelmChartContainer - [hivemq-test-hivemq-platform] [hivemq-platform-operator] [0a62c734] 04:02:04.879 [pool-6-thread-23] DEBUG c.h.p.o.dependants.PodInfoConfigMap - [updatelo] Desired PodInfo ConfigMap (metrics port: 9399) (metrics path: /)
2025-01-30 04:02:04,882 INFO c.h.h.t.HelmChartContainer - [hivemq-test-hivemq-platform] [hivemq-platform-operator] [0a62c734] 04:02:04.879 [pool-6-thread-23] DEBUG c.h.p.o.dependants.PodInfoConfigMap - [updatelo] Desired PodInfo ConfigMap (extension state hash: -1817474005)
2025-01-30 04:02:04,886 INFO c.h.h.t.HelmChartContainer - [hivemq-test-hivemq-platform] [hivemq-platform-operator] [0a62c734] 04:02:04.884 [pool-6-thread-27] DEBUG c.h.p.o.d.PodServiceAccountResource - [updatelo] Desired PodServiceAccountResource (serviceAccountName: hivemq-platform-pod-test-hivemq-platform)
2025-01-30 04:02:04,976 INFO c.h.h.t.HelmChartContainer - [hivemq-test-hivemq-platform] [hivemq-platform-operator] [0a62c734] 04:02:04.975 [pool-6-thread-30] DEBUG c.h.p.o.d.StatefulSetResource - [updatelo] Desired StatefulSet (1 replicas) for status STARTING (READY)
2025-01-30 04:02:04,980 INFO c.h.h.t.HelmChartContainer - [hivemq-test-hivemq-platform] [hivemq-platform-operator] [0a62c734] 04:02:04.979 [ReconcilerExecutor-hivemq-controller-76] INFO  c.h.p.o.HiveMQPlatformReconciler - [updatelo] Reconciling HiveMQ Platform 'test-hivemq-platform' in namespace 'updateloglevelit'
2025-01-30 04:02:04,981 INFO c.h.h.t.HelmChartContainer - [hivemq-test-hivemq-platform] [hivemq-platform-operator] [0a62c734] 04:02:04.980 [ReconcilerExecutor-hivemq-controller-76] DEBUG c.h.p.o.HiveMQPlatformReconciler - [updatelo] Custom Resource Status STARTING - HiveMQ Platform is starting (READY)
2025-01-30 04:02:04,981 INFO c.h.h.t.HelmChartContainer - [hivemq-test-hivemq-platform] [hivemq-platform-operator] [0a62c734] 04:02:04.980 [ReconcilerExecutor-hivemq-controller-76] DEBUG c.h.p.o.HiveMQPlatformReconciler - [updatelo] Custom Resource Spec (replicas: 1) (extensions: 1)
2025-01-30 04:02:04,983 INFO c.h.h.t.HelmChartContainer - [hivemq-test-hivemq-platform] [hivemq-platform-operator] [0a62c734] 04:02:04.982 [ReconcilerExecutor-hivemq-controller-76] DEBUG c.h.p.o.HiveMQPlatformReconciler - [updatelo] StatefulSet Status (revision: test-hivemq-platform-b697f795f, replicas: 1, available: 0, ready: 0, current: 1, updated: 1)
2025-01-30 04:02:04,983 INFO c.h.h.t.HelmChartContainer - [hivemq-test-hivemq-platform] [hivemq-platform-operator] [0a62c734] 04:02:04.982 [ReconcilerExecutor-hivemq-controller-76] DEBUG c.h.p.o.HiveMQPlatformReconciler - [updatelo] StatefulSet Spec (replicas: 1, init containers: 1, containers: 1, volumes: 3)
2025-01-30 04:02:04,989 INFO c.h.h.t.HelmChartContainer - [hivemq-test-hivemq-platform] [hivemq-platform-operator] [0a62c734] 04:02:04.988 [ReconcilerExecutor-hivemq-controller-76] DEBUG c.h.p.o.h.HiveMQPlatformReconcilerErrorHandler - [updatelo] Pod 'test-hivemq-platform-0' phase Pending
2025-01-30 04:02:04,991 INFO c.h.h.t.HelmChartContainer - [hivemq-test-hivemq-platform] [hivemq-platform-operator] [0a62c734] 04:02:04.988 [ReconcilerExecutor-hivemq-controller-76] DEBUG c.h.p.o.h.HiveMQPlatformReconcilerErrorHandler - [updatelo] Pod 'test-hivemq-platform-0' condition 'PodReadyToStartContainers': False
2025-01-30 04:02:04,991 INFO c.h.h.t.HelmChartContainer - [hivemq-test-hivemq-platform] [hivemq-platform-operator] [0a62c734] 04:02:04.988 [ReconcilerExecutor-hivemq-controller-76] DEBUG c.h.p.o.h.HiveMQPlatformReconcilerErrorHandler - [updatelo] Pod 'test-hivemq-platform-0' condition 'Initialized': False
2025-01-30 04:02:04,991 INFO c.h.h.t.HelmChartContainer - [hivemq-test-hivemq-platform] [hivemq-platform-operator] [0a62c734] 04:02:04.989 [ReconcilerExecutor-hivemq-controller-76] DEBUG c.h.p.o.h.HiveMQPlatformReconcilerErrorHandler - [updatelo] Pod 'test-hivemq-platform-0' condition 'Ready': False
2025-01-30 04:02:04,991 INFO c.h.h.t.HelmChartContainer - [hivemq-test-hivemq-platform] [hivemq-platform-operator] [0a62c734] 04:02:04.989 [ReconcilerExecutor-hivemq-controller-76] DEBUG c.h.p.o.h.HiveMQPlatformReconcilerErrorHandler - [updatelo] Pod 'test-hivemq-platform-0' condition 'ContainersReady': False
2025-01-30 04:02:04,991 INFO c.h.h.t.HelmChartContainer - [hivemq-test-hivemq-platform] [hivemq-platform-operator] [0a62c734] 04:02:04.989 [ReconcilerExecutor-hivemq-controller-76] DEBUG c.h.p.o.h.HiveMQPlatformReconcilerErrorHandler - [updatelo] Pod 'test-hivemq-platform-0' condition 'PodScheduled': True
2025-01-30 04:02:05,075 INFO c.h.h.t.HelmChartContainer - [hivemq-test-hivemq-platform] [hivemq-platform-operator] [0a62c734] 04:02:05.073 [ReconcilerExecutor-hivemq-controller-76] DEBUG c.h.p.o.h.HiveMQPlatformReconcilerErrorHandler - [updatelo] Pod 'test-hivemq-platform-0' containerStatus 'hivemq' (started: false) (ready: false) (waiting: [PodInitializing] null)
2025-01-30 04:02:05,077 INFO c.h.h.t.HelmChartContainer - [hivemq-test-hivemq-platform] [hivemq-platform-operator] [0a62c734] 04:02:05.076 [ReconcilerExecutor-hivemq-controller-76] INFO  c.h.p.o.h.HiveMQPlatformReconcilerBaseHandler - [updatelo] HiveMQ Platform is starting, 0 of 1 replicas are ready
2025-01-30 04:02:05,086 INFO c.h.h.t.HelmChartContainer - [hivemq-test-hivemq-platform] [hivemq-platform-operator] [0a62c734] 04:02:05.084 [pool-6-thread-32] DEBUG c.h.p.o.d.PlatformServiceResource - [updatelo] Desired Platform services (3 services)
2025-01-30 04:02:05,094 INFO c.h.h.t.HelmChartContainer - [hivemq-test-hivemq-platform] [hivemq-platform-operator] [0a62c734] 04:02:05.090 [pool-6-thread-33] DEBUG c.h.p.o.dependants.PodInfoConfigMap - [updatelo] Desired PodInfo ConfigMap (1 extensions) (1 enabled)
2025-01-30 04:02:05,094 INFO c.h.h.t.HelmChartContainer - [hivemq-test-hivemq-platform] [hivemq-platform-operator] [0a62c734] 04:02:05.091 [pool-6-thread-33] DEBUG c.h.p.o.dependants.PodInfoConfigMap - [updatelo] Desired PodInfo ConfigMap (metrics port: 9399) (metrics path: /)
2025-01-30 04:02:05,094 INFO c.h.h.t.HelmChartContainer - [hivemq-test-hivemq-platform] [hivemq-platform-operator] [0a62c734] 04:02:05.092 [pool-6-thread-33] DEBUG c.h.p.o.dependants.PodInfoConfigMap - [updatelo] Desired PodInfo ConfigMap (extension state hash: -1817474005)
2025-01-30 04:02:05,095 INFO c.h.h.t.HelmChartContainer - [hivemq-test-hivemq-platform] [hivemq-platform-operator] [0a62c734] 04:02:05.094 [pool-6-thread-37] DEBUG c.h.p.o.d.PodServiceAccountResource - [updatelo] Desired PodServiceAccountResource (serviceAccountName: hivemq-platform-pod-test-hivemq-platform)
2025-01-30 04:02:05,105 INFO c.h.h.t.HelmChartContainer - [EVENT] Normal [Pulled] Container image "docker.io/hivemq/hivemq-platform-operator-init-test:snapshot" already present on machine [updateloglevelit:test-hivemq-platform-0]
2025-01-30 04:02:05,184 INFO c.h.h.t.HelmChartContainer - [hivemq-test-hivemq-platform] [hivemq-platform-operator] [0a62c734] 04:02:05.181 [pool-6-thread-40] DEBUG c.h.p.o.d.StatefulSetResource - [updatelo] Desired StatefulSet (1 replicas) for status STARTING (READY)
2025-01-30 04:02:05,187 INFO c.h.h.t.HelmChartContainer - [hivemq-test-hivemq-platform] [hivemq-platform-operator] [0a62c734] 04:02:05.186 [ReconcilerExecutor-hivemq-controller-87] INFO  c.h.p.o.HiveMQPlatformReconciler - [updatelo] Reconciling HiveMQ Platform 'test-hivemq-platform' in namespace 'updateloglevelit'
2025-01-30 04:02:05,188 INFO c.h.h.t.HelmChartContainer - [hivemq-test-hivemq-platform] [hivemq-platform-operator] [0a62c734] 04:02:05.186 [ReconcilerExecutor-hivemq-controller-87] DEBUG c.h.p.o.HiveMQPlatformReconciler - [updatelo] Custom Resource Status STARTING - HiveMQ Platform is starting (READY)
2025-01-30 04:02:05,188 INFO c.h.h.t.HelmChartContainer - [hivemq-test-hivemq-platform] [hivemq-platform-operator] [0a62c734] 04:02:05.186 [ReconcilerExecutor-hivemq-controller-87] DEBUG c.h.p.o.HiveMQPlatformReconciler - [updatelo] Custom Resource Spec (replicas: 1) (extensions: 1)
2025-01-30 04:02:05,190 INFO c.h.h.t.HelmChartContainer - [hivemq-test-hivemq-platform] [hivemq-platform-operator] [0a62c734] 04:02:05.190 [ReconcilerExecutor-hivemq-controller-87] DEBUG c.h.p.o.HiveMQPlatformReconciler - [updatelo] StatefulSet Status (revision: test-hivemq-platform-b697f795f, replicas: 1, available: 0, ready: 0, current: 1, updated: 1)
2025-01-30 04:02:05,190 INFO c.h.h.t.HelmChartContainer - [hivemq-test-hivemq-platform] [hivemq-platform-operator] [0a62c734] 04:02:05.190 [ReconcilerExecutor-hivemq-controller-87] DEBUG c.h.p.o.HiveMQPlatformReconciler - [updatelo] StatefulSet Spec (replicas: 1, init containers: 1, containers: 1, volumes: 3)
2025-01-30 04:02:05,263 INFO c.h.h.t.HelmChartContainer - [EVENT] Normal [Created] Created container: hivemq-platform-operator-init [updateloglevelit:test-hivemq-platform-0]
2025-01-30 04:02:05,275 INFO c.h.h.t.HelmChartContainer - [hivemq-test-hivemq-platform] [hivemq-platform-operator] [0a62c734] 04:02:05.272 [ReconcilerExecutor-hivemq-controller-87] DEBUG c.h.p.o.h.HiveMQPlatformReconcilerErrorHandler - [updatelo] Pod 'test-hivemq-platform-0' phase Pending
2025-01-30 04:02:05,275 INFO c.h.h.t.HelmChartContainer - [hivemq-test-hivemq-platform] [hivemq-platform-operator] [0a62c734] 04:02:05.273 [ReconcilerExecutor-hivemq-controller-87] DEBUG c.h.p.o.h.HiveMQPlatformReconcilerErrorHandler - [updatelo] Pod 'test-hivemq-platform-0' condition 'PodReadyToStartContainers': False
2025-01-30 04:02:05,275 INFO c.h.h.t.HelmChartContainer - [hivemq-test-hivemq-platform] [hivemq-platform-operator] [0a62c734] 04:02:05.273 [ReconcilerExecutor-hivemq-controller-87] DEBUG c.h.p.o.h.HiveMQPlatformReconcilerErrorHandler - [updatelo] Pod 'test-hivemq-platform-0' condition 'Initialized': False
2025-01-30 04:02:05,276 INFO c.h.h.t.HelmChartContainer - [hivemq-test-hivemq-platform] [hivemq-platform-operator] [0a62c734] 04:02:05.273 [ReconcilerExecutor-hivemq-controller-87] DEBUG c.h.p.o.h.HiveMQPlatformReconcilerErrorHandler - [updatelo] Pod 'test-hivemq-platform-0' condition 'Ready': False
2025-01-30 04:02:05,276 INFO c.h.h.t.HelmChartContainer - [hivemq-test-hivemq-platform] [hivemq-platform-operator] [0a62c734] 04:02:05.273 [ReconcilerExecutor-hivemq-controller-87] DEBUG c.h.p.o.h.HiveMQPlatformReconcilerErrorHandler - [updatelo] Pod 'test-hivemq-platform-0' condition 'ContainersReady': False
2025-01-30 04:02:05,276 INFO c.h.h.t.HelmChartContainer - [hivemq-test-hivemq-platform] [hivemq-platform-operator] [0a62c734] 04:02:05.273 [ReconcilerExecutor-hivemq-controller-87] DEBUG c.h.p.o.h.HiveMQPlatformReconcilerErrorHandler - [updatelo] Pod 'test-hivemq-platform-0' condition 'PodScheduled': True
2025-01-30 04:02:05,276 INFO c.h.h.t.HelmChartContainer - [hivemq-test-hivemq-platform] [hivemq-platform-operator] [0a62c734] 04:02:05.273 [ReconcilerExecutor-hivemq-controller-87] DEBUG c.h.p.o.h.HiveMQPlatformReconcilerErrorHandler - [updatelo] Pod 'test-hivemq-platform-0' containerStatus 'hivemq' (started: false) (ready: false) (waiting: [PodInitializing] null)
2025-01-30 04:02:05,276 INFO c.h.h.t.HelmChartContainer - [hivemq-test-hivemq-platform] [hivemq-platform-operator] [0a62c734] 04:02:05.274 [ReconcilerExecutor-hivemq-controller-87] INFO  c.h.p.o.h.HiveMQPlatformReconcilerBaseHandler - [updatelo] HiveMQ Platform is starting, 0 of 1 replicas are ready
2025-01-30 04:02:05,304 INFO c.h.h.t.HelmChartContainer - [EVENT] Normal [Started] Started container hivemq-platform-operator-init [updateloglevelit:test-hivemq-platform-0]
2025-01-30 04:02:06,300 INFO c.h.h.t.HelmChartContainer - [EVENT] Normal [Pulled] Container image "docker.io/hivemq/hivemq4:4.36.0" already present on machine [updateloglevelit:test-hivemq-platform-0]
2025-01-30 04:02:06,300 INFO c.h.h.t.HelmChartContainer - Received Pulled event for container hivemq in pod test-hivemq-platform-0 [24f4f965-ac4e-4dd0-87d3-9f802b8b71db]
2025-01-30 04:02:06,312 INFO c.h.h.t.HelmChartContainer - [POD] test-hivemq-platform-0 [24f4f965-ac4e-4dd0-87d3-9f802b8b71db] in updateloglevelit was MODIFIED
2025-01-30 04:02:06,339 INFO c.h.h.t.HelmChartContainer - [hivemq-test-hivemq-platform] [hivemq-platform-operator] [0a62c734] 04:02:06.330 [pool-6-thread-42] DEBUG c.h.p.o.d.PlatformServiceResource - [updatelo] Desired Platform services (3 services)
2025-01-30 04:02:06,341 INFO c.h.h.t.HelmChartContainer - [hivemq-test-hivemq-platform] [hivemq-platform-operator] [0a62c734] 04:02:06.338 [pool-6-thread-43] DEBUG c.h.p.o.dependants.PodInfoConfigMap - [updatelo] Desired PodInfo ConfigMap (1 extensions) (1 enabled)
2025-01-30 04:02:06,342 INFO c.h.h.t.HelmChartContainer - [hivemq-test-hivemq-platform] [hivemq-platform-operator] [0a62c734] 04:02:06.338 [pool-6-thread-47] DEBUG c.h.p.o.d.PodServiceAccountResource - [updatelo] Desired PodServiceAccountResource (serviceAccountName: hivemq-platform-pod-test-hivemq-platform)
2025-01-30 04:02:06,347 INFO c.h.h.t.HelmChartContainer - [hivemq-test-hivemq-platform] [hivemq-platform-operator] [0a62c734] 04:02:06.342 [pool-6-thread-43] DEBUG c.h.p.o.dependants.PodInfoConfigMap - [updatelo] Desired PodInfo ConfigMap (metrics port: 9399) (metrics path: /)
2025-01-30 04:02:06,347 INFO c.h.h.t.HelmChartContainer - [hivemq-test-hivemq-platform] [hivemq-platform-operator] [0a62c734] 04:02:06.344 [pool-6-thread-43] DEBUG c.h.p.o.dependants.PodInfoConfigMap - [updatelo] Desired PodInfo ConfigMap (extension state hash: -1817474005)
2025-01-30 04:02:06,378 INFO c.h.h.t.HelmChartContainer - [hivemq-test-hivemq-platform] [hivemq-platform-operator] [0a62c734] 04:02:06.376 [pool-6-thread-50] DEBUG c.h.p.o.d.StatefulSetResource - [updatelo] Desired StatefulSet (1 replicas) for status STARTING (READY)
2025-01-30 04:02:06,423 INFO c.h.h.t.HelmChartContainer - [hivemq-test-hivemq-platform] [hivemq-platform-operator] [0a62c734] 04:02:06.422 [ReconcilerExecutor-hivemq-controller-98] INFO  c.h.p.o.HiveMQPlatformReconciler - [updatelo] Reconciling HiveMQ Platform 'test-hivemq-platform' in namespace 'updateloglevelit'
2025-01-30 04:02:06,423 INFO c.h.h.t.HelmChartContainer - [hivemq-test-hivemq-platform] [hivemq-platform-operator] [0a62c734] 04:02:06.422 [ReconcilerExecutor-hivemq-controller-98] DEBUG c.h.p.o.HiveMQPlatformReconciler - [updatelo] Custom Resource Status STARTING - HiveMQ Platform is starting (READY)
2025-01-30 04:02:06,423 INFO c.h.h.t.HelmChartContainer - [hivemq-test-hivemq-platform] [hivemq-platform-operator] [0a62c734] 04:02:06.422 [ReconcilerExecutor-hivemq-controller-98] DEBUG c.h.p.o.HiveMQPlatformReconciler - [updatelo] Custom Resource Spec (replicas: 1) (extensions: 1)
2025-01-30 04:02:06,429 INFO c.h.h.t.HelmChartContainer - [hivemq-test-hivemq-platform] [hivemq-platform-operator] [0a62c734] 04:02:06.424 [ReconcilerExecutor-hivemq-controller-98] DEBUG c.h.p.o.HiveMQPlatformReconciler - [updatelo] StatefulSet Status (revision: test-hivemq-platform-b697f795f, replicas: 1, available: 0, ready: 0, current: 1, updated: 1)
2025-01-30 04:02:06,430 INFO c.h.h.t.HelmChartContainer - [hivemq-test-hivemq-platform] [hivemq-platform-operator] [0a62c734] 04:02:06.424 [ReconcilerExecutor-hivemq-controller-98] DEBUG c.h.p.o.HiveMQPlatformReconciler - [updatelo] StatefulSet Spec (replicas: 1, init containers: 1, containers: 1, volumes: 3)
2025-01-30 04:02:06,430 INFO c.h.h.t.HelmChartContainer - [hivemq-test-hivemq-platform] [hivemq-platform-operator] [0a62c734] 04:02:06.427 [ReconcilerExecutor-hivemq-controller-98] DEBUG c.h.p.o.h.HiveMQPlatformReconcilerErrorHandler - [updatelo] Pod 'test-hivemq-platform-0' phase Pending
2025-01-30 04:02:06,430 INFO c.h.h.t.HelmChartContainer - [hivemq-test-hivemq-platform] [hivemq-platform-operator] [0a62c734] 04:02:06.427 [ReconcilerExecutor-hivemq-controller-98] DEBUG c.h.p.o.h.HiveMQPlatformReconcilerErrorHandler - [updatelo] Pod 'test-hivemq-platform-0' condition 'PodReadyToStartContainers': True
2025-01-30 04:02:06,430 INFO c.h.h.t.HelmChartContainer - [hivemq-test-hivemq-platform] [hivemq-platform-operator] [0a62c734] 04:02:06.427 [ReconcilerExecutor-hivemq-controller-98] DEBUG c.h.p.o.h.HiveMQPlatformReconcilerErrorHandler - [updatelo] Pod 'test-hivemq-platform-0' condition 'Initialized': True
2025-01-30 04:02:06,430 INFO c.h.h.t.HelmChartContainer - [hivemq-test-hivemq-platform] [hivemq-platform-operator] [0a62c734] 04:02:06.427 [ReconcilerExecutor-hivemq-controller-98] DEBUG c.h.p.o.h.HiveMQPlatformReconcilerErrorHandler - [updatelo] Pod 'test-hivemq-platform-0' condition 'Ready': False
2025-01-30 04:02:06,430 INFO c.h.h.t.HelmChartContainer - [hivemq-test-hivemq-platform] [hivemq-platform-operator] [0a62c734] 04:02:06.427 [ReconcilerExecutor-hivemq-controller-98] DEBUG c.h.p.o.h.HiveMQPlatformReconcilerErrorHandler - [updatelo] Pod 'test-hivemq-platform-0' condition 'ContainersReady': False
2025-01-30 04:02:06,430 INFO c.h.h.t.HelmChartContainer - [hivemq-test-hivemq-platform] [hivemq-platform-operator] [0a62c734] 04:02:06.427 [ReconcilerExecutor-hivemq-controller-98] DEBUG c.h.p.o.h.HiveMQPlatformReconcilerErrorHandler - [updatelo] Pod 'test-hivemq-platform-0' condition 'PodScheduled': True
2025-01-30 04:02:06,430 INFO c.h.h.t.HelmChartContainer - [hivemq-test-hivemq-platform] [hivemq-platform-operator] [0a62c734] 04:02:06.427 [ReconcilerExecutor-hivemq-controller-98] DEBUG c.h.p.o.h.HiveMQPlatformReconcilerErrorHandler - [updatelo] Pod 'test-hivemq-platform-0' containerStatus 'hivemq' (started: false) (ready: false) (waiting: [PodInitializing] null)
2025-01-30 04:02:06,430 INFO c.h.h.t.HelmChartContainer - [hivemq-test-hivemq-platform] [hivemq-platform-operator] [0a62c734] 04:02:06.428 [ReconcilerExecutor-hivemq-controller-98] INFO  c.h.p.o.h.HiveMQPlatformReconcilerBaseHandler - [updatelo] HiveMQ Platform is starting, 0 of 1 replicas are ready
2025-01-30 04:02:07,578 INFO c.h.h.t.HelmChartContainer - [EVENT] Normal [Created] Created container: hivemq [updateloglevelit:test-hivemq-platform-0]
2025-01-30 04:02:07,578 INFO c.h.h.t.HelmChartContainer - Received Created event for container hivemq in pod test-hivemq-platform-0 [24f4f965-ac4e-4dd0-87d3-9f802b8b71db]
2025-01-30 04:02:08,311 INFO c.h.h.t.HelmChartContainer - [POD] test-hivemq-platform-0 [24f4f965-ac4e-4dd0-87d3-9f802b8b71db] in updateloglevelit was MODIFIED
2025-01-30 04:02:08,323 INFO c.h.h.t.HelmChartContainer - [hivemq-test-hivemq-platform] [hivemq-platform-operator] [0a62c734] 04:02:08.317 [pool-6-thread-6] DEBUG c.h.p.o.d.PlatformServiceResource - [updatelo] Desired Platform services (3 services)
2025-01-30 04:02:08,324 INFO c.h.h.t.HelmChartContainer - [hivemq-test-hivemq-platform] [hivemq-platform-operator] [0a62c734] 04:02:08.318 [pool-6-thread-8] DEBUG c.h.p.o.dependants.PodInfoConfigMap - [updatelo] Desired PodInfo ConfigMap (1 extensions) (1 enabled)
2025-01-30 04:02:08,324 INFO c.h.h.t.HelmChartContainer - [hivemq-test-hivemq-platform] [hivemq-platform-operator] [0a62c734] 04:02:08.319 [pool-6-thread-9] DEBUG c.h.p.o.d.PodServiceAccountResource - [updatelo] Desired PodServiceAccountResource (serviceAccountName: hivemq-platform-pod-test-hivemq-platform)
2025-01-30 04:02:08,324 INFO c.h.h.t.HelmChartContainer - [hivemq-test-hivemq-platform] [hivemq-platform-operator] [0a62c734] 04:02:08.321 [pool-6-thread-8] DEBUG c.h.p.o.dependants.PodInfoConfigMap - [updatelo] Desired PodInfo ConfigMap (metrics port: 9399) (metrics path: /)
2025-01-30 04:02:08,324 INFO c.h.h.t.HelmChartContainer - [hivemq-test-hivemq-platform] [hivemq-platform-operator] [0a62c734] 04:02:08.321 [pool-6-thread-8] DEBUG c.h.p.o.dependants.PodInfoConfigMap - [updatelo] Desired PodInfo ConfigMap (extension state hash: -1817474005)
2025-01-30 04:02:08,328 INFO c.h.h.t.HelmChartContainer - Started log watcher for hivemq in pod test-hivemq-platform-0 [24f4f965-ac4e-4dd0-87d3-9f802b8b71db]
2025-01-30 04:02:08,328 INFO c.h.h.t.HelmChartContainer - [test-hivemq-platform] [hivemq] [24f4f965] Adding pre-installed HiveMQ Platform Operator extensions
2025-01-30 04:02:08,328 INFO c.h.h.t.HelmChartContainer - [test-hivemq-platform] [hivemq] [24f4f965] Running as user 10000
2025-01-30 04:02:08,329 INFO c.h.h.t.HelmChartContainer - [test-hivemq-platform] [hivemq] [24f4f965] Starting HiveMQ Platform Operator Init
2025-01-30 04:02:08,329 INFO c.h.h.t.HelmChartContainer - [EVENT] Normal [Started] Started container hivemq [updateloglevelit:test-hivemq-platform-0]
2025-01-30 04:02:08,329 INFO c.h.h.t.HelmChartContainer - Received Started event for container hivemq in pod test-hivemq-platform-0 [24f4f965-ac4e-4dd0-87d3-9f802b8b71db]
2025-01-30 04:02:08,330 INFO c.h.h.t.HelmChartContainer - [hivemq-test-hivemq-platform] [hivemq-platform-operator] [0a62c734] 04:02:08.328 [pool-6-thread-6] DEBUG c.h.p.o.d.StatefulSetResource - [updatelo] Desired StatefulSet (1 replicas) for status STARTING (READY)
2025-01-30 04:02:08,377 INFO c.h.h.t.HelmChartContainer - [hivemq-test-hivemq-platform] [hivemq-platform-operator] [0a62c734] 04:02:08.375 [ReconcilerExecutor-hivemq-controller-109] INFO  c.h.p.o.HiveMQPlatformReconciler - [updatelo] Reconciling HiveMQ Platform 'test-hivemq-platform' in namespace 'updateloglevelit'
2025-01-30 04:02:08,379 INFO c.h.h.t.HelmChartContainer - [hivemq-test-hivemq-platform] [hivemq-platform-operator] [0a62c734] 04:02:08.375 [ReconcilerExecutor-hivemq-controller-109] DEBUG c.h.p.o.HiveMQPlatformReconciler - [updatelo] Custom Resource Status STARTING - HiveMQ Platform is starting (READY)
2025-01-30 04:02:08,380 INFO c.h.h.t.HelmChartContainer - [hivemq-test-hivemq-platform] [hivemq-platform-operator] [0a62c734] 04:02:08.376 [ReconcilerExecutor-hivemq-controller-109] DEBUG c.h.p.o.HiveMQPlatformReconciler - [updatelo] Custom Resource Spec (replicas: 1) (extensions: 1)
2025-01-30 04:02:08,380 INFO c.h.h.t.HelmChartContainer - [hivemq-test-hivemq-platform] [hivemq-platform-operator] [0a62c734] 04:02:08.378 [ReconcilerExecutor-hivemq-controller-109] DEBUG c.h.p.o.HiveMQPlatformReconciler - [updatelo] StatefulSet Status (revision: test-hivemq-platform-b697f795f, replicas: 1, available: 0, ready: 0, current: 1, updated: 1)
2025-01-30 04:02:08,380 INFO c.h.h.t.HelmChartContainer - [hivemq-test-hivemq-platform] [hivemq-platform-operator] [0a62c734] 04:02:08.378 [ReconcilerExecutor-hivemq-controller-109] DEBUG c.h.p.o.HiveMQPlatformReconciler - [updatelo] StatefulSet Spec (replicas: 1, init containers: 1, containers: 1, volumes: 3)
2025-01-30 04:02:08,383 INFO c.h.h.t.HelmChartContainer - [hivemq-test-hivemq-platform] [hivemq-platform-operator] [0a62c734] 04:02:08.382 [ReconcilerExecutor-hivemq-controller-109] DEBUG c.h.p.o.h.HiveMQPlatformReconcilerErrorHandler - [updatelo] Pod 'test-hivemq-platform-0' phase Running
2025-01-30 04:02:08,385 INFO c.h.h.t.HelmChartContainer - [hivemq-test-hivemq-platform] [hivemq-platform-operator] [0a62c734] 04:02:08.384 [ReconcilerExecutor-hivemq-controller-109] INFO  c.h.p.o.h.HiveMQPlatformReconcilerBaseHandler - [updatelo] HiveMQ Platform is starting, 0 of 1 replicas are ready
2025-01-30 04:02:08,869 INFO c.h.h.t.HelmChartContainer - [test-hivemq-platform] [hivemq] [24f4f965] INFO  - [HiveMQ Platform Operator Init 1.7.0-SNAPSHOT] HiveMQ Platform Operator Init 1.7.0-SNAPSHOT (commit: 47e3375 on branch: HEAD) built on Thu Jan 30 03:55:50 UTC 2025
2025-01-30 04:02:10,061 INFO c.h.h.t.HelmChartContainer - [test-hivemq-platform] [hivemq] [24f4f965] INFO  - [HiveMQ Platform Operator Init App 1.7.0-SNAPSHOT] Using bind address 10.42.0.9 from environment variable
2025-01-30 04:02:10,974 INFO c.h.h.t.HelmChartContainer - [test-hivemq-platform] [hivemq] [24f4f965] INFO  - [HiveMQ Platform Operator Init App 1.7.0-SNAPSHOT] HiveMQ Platform Operator Init App 1.7.0-SNAPSHOT (commit: 47e3375 on branch: HEAD) built on Thu Jan 30 03:55:50 UTC 2025
2025-01-30 04:02:10,974 INFO c.h.h.t.HelmChartContainer - [test-hivemq-platform] [hivemq] [24f4f965] INFO  - [HiveMQ Platform Operator Init App 1.7.0-SNAPSHOT] PodInfo ConfigMap directory: /etc/podinfo
2025-01-30 04:02:10,974 INFO c.h.h.t.HelmChartContainer - [test-hivemq-platform] [hivemq] [24f4f965] INFO  - [HiveMQ Platform Operator Init App 1.7.0-SNAPSHOT] HiveMQ home directory: /opt/hivemq
2025-01-30 04:02:10,974 INFO c.h.h.t.HelmChartContainer - [test-hivemq-platform] [hivemq] [24f4f965] INFO  - [HiveMQ Platform Operator Init App 1.7.0-SNAPSHOT] HiveMQ Logback folder: /opt/hivemq/conf
2025-01-30 04:02:10,974 INFO c.h.h.t.HelmChartContainer - [test-hivemq-platform] [hivemq] [24f4f965] INFO  - [HiveMQ Platform Operator Init App 1.7.0-SNAPSHOT] HiveMQ Config folder: /opt/hivemq/conf-k8s
2025-01-30 04:02:10,975 INFO c.h.h.t.HelmChartContainer - [test-hivemq-platform] [hivemq] [24f4f965] INFO  - [HiveMQ Platform Operator Init App 1.7.0-SNAPSHOT] Starting HiveMQ Platform Operator Init App
2025-01-30 04:02:10,975 INFO c.h.h.t.HelmChartContainer - [test-hivemq-platform] [hivemq] [24f4f965] INFO  - [HiveMQ Platform Operator Init App 1.7.0-SNAPSHOT] Starting Pod reconciler
2025-01-30 04:02:12,246 INFO c.h.h.t.HelmChartContainer - [test-hivemq-platform] [hivemq] [24f4f965] INFO  - [HiveMQ Platform Operator Init App 1.7.0-SNAPSHOT] Pod reconciler is scheduled (interval: 5000 ms)
2025-01-30 04:02:12,256 INFO c.h.h.t.HelmChartContainer - [test-hivemq-platform] [hivemq] [24f4f965] INFO  - [HiveMQ Platform Operator Init App 1.7.0-SNAPSHOT] Starting the REST API on 10.42.0.9:7979
2025-01-30 04:02:12,259 INFO c.h.h.t.HelmChartContainer - [test-hivemq-platform] [hivemq] [24f4f965] INFO  - [HiveMQ Platform Operator Init App 1.7.0-SNAPSHOT] Waiting up to 600s for at most 1 HiveMQ nodes in cluster service hivemq-test-hivemq-platform-cluster.updateloglevelit.svc
2025-01-30 04:02:12,570 INFO c.h.h.t.HelmChartContainer - [test-hivemq-platform] [hivemq] [24f4f965] INFO  - [HiveMQ Platform Operator Init App 1.7.0-SNAPSHOT] Resolved 1 IP addresses: [10.42.0.9]
2025-01-30 04:02:12,570 INFO c.h.h.t.HelmChartContainer - [test-hivemq-platform] [hivemq] [24f4f965] INFO  - [HiveMQ Platform Operator Init App 1.7.0-SNAPSHOT] HiveMQ node count of 1 is within threshold of 1
2025-01-30 04:02:12,571 INFO c.h.h.t.HelmChartContainer - [test-hivemq-platform] [hivemq] [24f4f965] INFO  - [HiveMQ Platform Operator Init App 1.7.0-SNAPSHOT] Proceeding with container start
2025-01-30 04:02:12,744 INFO c.h.h.t.HelmChartContainer - [test-hivemq-platform] [hivemq] [24f4f965] INFO  - [HiveMQ Platform Operator Init App 1.7.0-SNAPSHOT] Initializing HiveMQ Platform extensions with initial configuration: {hivemq-allow-all-extension={start-priority=-1, skip-https-hostname-verification=false, restart=true, config-version=0, header-version=0, c-uri=, priority=-1, uri=preinstalled, skip-https-certificate-validation=false, enabled=true}, hivemq-prometheus-extension={request-header-path=no-request-headers, uri=preinstalled, skip-https-certificate-validation=false, skip-https-hostname-verification=false, c-uri=, start-priority=-1, priority=-1, restart=true, enabled=true}}
2025-01-30 04:02:13,163 INFO c.h.h.t.HelmChartContainer - [test-hivemq-platform] [hivemq] [24f4f965] INFO  - [HiveMQ Platform Operator Init App 1.7.0-SNAPSHOT] Extension hivemq-allow-all-extension was already enabled
2025-01-30 04:02:13,245 INFO c.h.h.t.HelmChartContainer - [test-hivemq-platform] [hivemq] [24f4f965] INFO  - [HiveMQ Platform Operator Init App 1.7.0-SNAPSHOT] Successfully enabled extension hivemq-prometheus-extension
2025-01-30 04:02:13,247 INFO c.h.h.t.HelmChartContainer - [test-hivemq-platform] [hivemq] [24f4f965] INFO  - [HiveMQ Platform Operator Init App 1.7.0-SNAPSHOT] Starting HiveMQ Platform version 4.36.0 (4.36.0)
2025-01-30 04:02:13,247 INFO c.h.h.t.HelmChartContainer - [test-hivemq-platform] [hivemq] [24f4f965] INFO  - [HiveMQ Platform Operator Init App 1.7.0-SNAPSHOT] Configuring the HiveMQ Platform
2025-01-30 04:02:13,267 INFO c.h.h.t.HelmChartContainer - [test-hivemq-platform] [hivemq] [24f4f965] INFO  - [HiveMQ Platform Operator Init App 1.7.0-SNAPSHOT] Changed logback.xml file scan period to 20 seconds
2025-01-30 04:02:13,363 INFO c.h.h.t.HelmChartContainer - [test-hivemq-platform] [hivemq] [24f4f965] INFO  - [HiveMQ Platform Operator Init App 1.7.0-SNAPSHOT] Starting the HiveMQ Platform
2025-01-30 04:02:13,366 INFO c.h.h.t.HelmChartContainer - [test-hivemq-platform] [hivemq] [24f4f965] -------------------------------------------------------------------------
2025-01-30 04:02:13,367 INFO c.h.h.t.HelmChartContainer - [test-hivemq-platform] [hivemq] [24f4f965] 
2025-01-30 04:02:13,367 INFO c.h.h.t.HelmChartContainer - [test-hivemq-platform] [hivemq] [24f4f965]                   _    _  _              __  __   ____
2025-01-30 04:02:13,367 INFO c.h.h.t.HelmChartContainer - [test-hivemq-platform] [hivemq] [24f4f965]                  | |  | |(_)            |  \/  | / __ \
2025-01-30 04:02:13,367 INFO c.h.h.t.HelmChartContainer - [test-hivemq-platform] [hivemq] [24f4f965]                  | |__| | _ __   __ ___ | \  / || |  | |
2025-01-30 04:02:13,367 INFO c.h.h.t.HelmChartContainer - [test-hivemq-platform] [hivemq] [24f4f965]                  |  __  || |\ \ / // _ \| |\/| || |  | |
2025-01-30 04:02:13,367 INFO c.h.h.t.HelmChartContainer - [test-hivemq-platform] [hivemq] [24f4f965]                  | |  | || | \ V /|  __/| |  | || |__| |
2025-01-30 04:02:13,367 INFO c.h.h.t.HelmChartContainer - [test-hivemq-platform] [hivemq] [24f4f965]                  |_|  |_||_|  \_/  \___||_|  |_| \___\_\
2025-01-30 04:02:13,367 INFO c.h.h.t.HelmChartContainer - [test-hivemq-platform] [hivemq] [24f4f965] 
2025-01-30 04:02:13,367 INFO c.h.h.t.HelmChartContainer - [test-hivemq-platform] [hivemq] [24f4f965] -------------------------------------------------------------------------
2025-01-30 04:02:13,367 INFO c.h.h.t.HelmChartContainer - [test-hivemq-platform] [hivemq] [24f4f965] 
2025-01-30 04:02:13,367 INFO c.h.h.t.HelmChartContainer - [test-hivemq-platform] [hivemq] [24f4f965]   HiveMQ Start Script for Linux/Unix v1.14
2025-01-30 04:02:13,367 INFO c.h.h.t.HelmChartContainer - [test-hivemq-platform] [hivemq] [24f4f965] 
2025-01-30 04:02:13,462 INFO c.h.h.t.HelmChartContainer - [test-hivemq-platform] [hivemq] [24f4f965] -------------------------------------------------------------------------
2025-01-30 04:02:13,462 INFO c.h.h.t.HelmChartContainer - [test-hivemq-platform] [hivemq] [24f4f965] 
2025-01-30 04:02:13,462 INFO c.h.h.t.HelmChartContainer - [test-hivemq-platform] [hivemq] [24f4f965]   HIVEMQ_HOME: /opt/hivemq
2025-01-30 04:02:13,462 INFO c.h.h.t.HelmChartContainer - [test-hivemq-platform] [hivemq] [24f4f965] 
2025-01-30 04:02:13,462 INFO c.h.h.t.HelmChartContainer - [test-hivemq-platform] [hivemq] [24f4f965]   JAVA_OPTS: -XX:+UnlockExperimentalVMOptions -XX:InitialRAMPercentage=50 -XX:MaxRAMPercentage=50 -Djava.net.preferIPv4Stack=true --add-opens java.base/java.lang=ALL-UNNAMED --add-opens java.base/java.nio=ALL-UNNAMED --add-opens java.base/sun.nio.ch=ALL-UNNAMED --add-opens jdk.management/com.sun.management.internal=ALL-UNNAMED --add-exports java.base/jdk.internal.misc=ALL-UNNAMED -Djava.security.egd=file:/dev/./urandom -Dcom.sun.management.jmxremote -Dcom.sun.management.jmxremote.port=9010 -Dcom.sun.management.jmxremote.local.only=false -Dcom.sun.management.jmxremote.authenticate=false -Dcom.sun.management.jmxremote.ssl=false -Duser.language=en -Duser.region=US -XX:+CrashOnOutOfMemoryError -XX:+HeapDumpOnOutOfMemoryError
2025-01-30 04:02:13,462 INFO c.h.h.t.HelmChartContainer - [test-hivemq-platform] [hivemq] [24f4f965] 
2025-01-30 04:02:13,462 INFO c.h.h.t.HelmChartContainer - [test-hivemq-platform] [hivemq] [24f4f965]   JAVA_VERSION: 21
2025-01-30 04:02:13,462 INFO c.h.h.t.HelmChartContainer - [test-hivemq-platform] [hivemq] [24f4f965] 
2025-01-30 04:02:13,462 INFO c.h.h.t.HelmChartContainer - [test-hivemq-platform] [hivemq] [24f4f965] -------------------------------------------------------------------------
2025-01-30 04:02:13,462 INFO c.h.h.t.HelmChartContainer - [test-hivemq-platform] [hivemq] [24f4f965] 
2025-01-30 04:02:14,443 INFO c.h.h.t.HelmChartContainer - [test-hivemq-platform] [hivemq] [24f4f965] INFO  - [HiveMQ Platform Operator Init App 1.7.0-SNAPSHOT] Returning default Health API response 503 for readiness
2025-01-30 04:02:14,667 INFO c.h.h.t.HelmChartContainer - [EVENT] Warning [Unhealthy] Readiness probe failed: HTTP probe failed with statuscode: 503 [updateloglevelit:test-hivemq-platform-0]
2025-01-30 04:02:14,667 INFO c.h.h.t.HelmChartContainer - Received Unhealthy event for container hivemq in pod test-hivemq-platform-0 [24f4f965-ac4e-4dd0-87d3-9f802b8b71db]
2025-01-30 04:02:16,048 INFO c.h.h.t.HelmChartContainer - [test-hivemq-platform] [hivemq] [24f4f965] INFO  - Starting HiveMQ Enterprise Server
2025-01-30 04:02:16,062 INFO c.h.h.t.HelmChartContainer - [test-hivemq-platform] [hivemq] [24f4f965] INFO  - HiveMQ version: 4.36.0
2025-01-30 04:02:16,062 INFO c.h.h.t.HelmChartContainer - [test-hivemq-platform] [hivemq] [24f4f965] INFO  - HiveMQ home directory: /opt/hivemq
2025-01-30 04:02:16,063 INFO c.h.h.t.HelmChartContainer - [test-hivemq-platform] [hivemq] [24f4f965] INFO  - Log Configuration was overridden by /opt/hivemq/conf/logback.xml
2025-01-30 04:02:17,252 INFO c.h.h.t.HelmChartContainer - [test-hivemq-platform] [hivemq] [24f4f965] INFO  - Successfully loaded configuration from '/opt/hivemq/conf-k8s/config.xml'.
2025-01-30 04:02:17,944 INFO c.h.h.t.HelmChartContainer - [test-hivemq-platform] [hivemq] [24f4f965] INFO  - This node's ID is OR86C
2025-01-30 04:02:17,944 INFO c.h.h.t.HelmChartContainer - [test-hivemq-platform] [hivemq] [24f4f965] INFO  - Clustering is enabled
2025-01-30 04:02:18,390 INFO c.h.h.t.HelmChartContainer - [hivemq-test-hivemq-platform] [hivemq-platform-operator] [0a62c734] 04:02:18.387 [pool-6-thread-16] DEBUG c.h.p.o.d.PlatformServiceResource - [updatelo] Desired Platform services (3 services)
2025-01-30 04:02:18,391 INFO c.h.h.t.HelmChartContainer - [hivemq-test-hivemq-platform] [hivemq-platform-operator] [0a62c734] 04:02:18.389 [pool-6-thread-17] DEBUG c.h.p.o.dependants.PodInfoConfigMap - [updatelo] Desired PodInfo ConfigMap (1 extensions) (1 enabled)
2025-01-30 04:02:18,391 INFO c.h.h.t.HelmChartContainer - [hivemq-test-hivemq-platform] [hivemq-platform-operator] [0a62c734] 04:02:18.389 [pool-6-thread-17] DEBUG c.h.p.o.dependants.PodInfoConfigMap - [updatelo] Desired PodInfo ConfigMap (metrics port: 9399) (metrics path: /)
2025-01-30 04:02:18,391 INFO c.h.h.t.HelmChartContainer - [hivemq-test-hivemq-platform] [hivemq-platform-operator] [0a62c734] 04:02:18.389 [pool-6-thread-17] DEBUG c.h.p.o.dependants.PodInfoConfigMap - [updatelo] Desired PodInfo ConfigMap (extension state hash: -1817474005)
2025-01-30 04:02:18,391 INFO c.h.h.t.HelmChartContainer - [hivemq-test-hivemq-platform] [hivemq-platform-operator] [0a62c734] 04:02:18.389 [pool-6-thread-15] DEBUG c.h.p.o.d.PodServiceAccountResource - [updatelo] Desired PodServiceAccountResource (serviceAccountName: hivemq-platform-pod-test-hivemq-platform)
2025-01-30 04:02:18,396 INFO c.h.h.t.HelmChartContainer - [hivemq-test-hivemq-platform] [hivemq-platform-operator] [0a62c734] 04:02:18.393 [pool-6-thread-16] DEBUG c.h.p.o.d.StatefulSetResource - [updatelo] Desired StatefulSet (1 replicas) for status STARTING (READY)
2025-01-30 04:02:18,399 INFO c.h.h.t.HelmChartContainer - [hivemq-test-hivemq-platform] [hivemq-platform-operator] [0a62c734] 04:02:18.396 [ReconcilerExecutor-hivemq-controller-110] INFO  c.h.p.o.HiveMQPlatformReconciler - [updatelo] Reconciling HiveMQ Platform 'test-hivemq-platform' in namespace 'updateloglevelit'
2025-01-30 04:02:18,399 INFO c.h.h.t.HelmChartContainer - [hivemq-test-hivemq-platform] [hivemq-platform-operator] [0a62c734] 04:02:18.397 [ReconcilerExecutor-hivemq-controller-110] DEBUG c.h.p.o.HiveMQPlatformReconciler - [updatelo] Custom Resource Status STARTING - HiveMQ Platform is starting (READY)
2025-01-30 04:02:18,399 INFO c.h.h.t.HelmChartContainer - [hivemq-test-hivemq-platform] [hivemq-platform-operator] [0a62c734] 04:02:18.397 [ReconcilerExecutor-hivemq-controller-110] DEBUG c.h.p.o.HiveMQPlatformReconciler - [updatelo] Custom Resource Spec (replicas: 1) (extensions: 1)
2025-01-30 04:02:18,399 INFO c.h.h.t.HelmChartContainer - [hivemq-test-hivemq-platform] [hivemq-platform-operator] [0a62c734] 04:02:18.398 [ReconcilerExecutor-hivemq-controller-110] DEBUG c.h.p.o.HiveMQPlatformReconciler - [updatelo] StatefulSet Status (revision: test-hivemq-platform-b697f795f, replicas: 1, available: 0, ready: 0, current: 1, updated: 1)
2025-01-30 04:02:18,399 INFO c.h.h.t.HelmChartContainer - [hivemq-test-hivemq-platform] [hivemq-platform-operator] [0a62c734] 04:02:18.398 [ReconcilerExecutor-hivemq-controller-110] DEBUG c.h.p.o.HiveMQPlatformReconciler - [updatelo] StatefulSet Spec (replicas: 1, init containers: 1, containers: 1, volumes: 3)
2025-01-30 04:02:18,400 INFO c.h.h.t.HelmChartContainer - [hivemq-test-hivemq-platform] [hivemq-platform-operator] [0a62c734] 04:02:18.399 [ReconcilerExecutor-hivemq-controller-110] DEBUG c.h.p.o.h.HiveMQPlatformReconcilerErrorHandler - [updatelo] Pod 'test-hivemq-platform-0' phase Running
2025-01-30 04:02:18,402 INFO c.h.h.t.HelmChartContainer - [hivemq-test-hivemq-platform] [hivemq-platform-operator] [0a62c734] 04:02:18.400 [ReconcilerExecutor-hivemq-controller-110] INFO  c.h.p.o.h.HiveMQPlatformReconcilerBaseHandler - [updatelo] HiveMQ Platform is starting, 0 of 1 replicas are ready
2025-01-30 04:02:19,844 INFO c.h.h.t.HelmChartContainer - [test-hivemq-platform] [hivemq] [24f4f965] WARN  - [HiveMQ Platform Operator Init App 1.7.0-SNAPSHOT] Cannot connect to Health API for readiness: null
2025-01-30 04:02:19,865 INFO c.h.h.t.HelmChartContainer - [EVENT] Warning [Unhealthy] Readiness probe failed: HTTP probe failed with statuscode: 503 [updateloglevelit:test-hivemq-platform-0]
2025-01-30 04:02:19,865 INFO c.h.h.t.HelmChartContainer - Received Unhealthy event for container hivemq in pod test-hivemq-platform-0 [24f4f965-ac4e-4dd0-87d3-9f802b8b71db]
2025-01-30 04:02:22,549 INFO c.h.h.t.HelmChartContainer - [test-hivemq-platform] [hivemq] [24f4f965] Jan 30, 2025 4:02:22 AM io.vertx.core.impl.BlockedThreadChecker
2025-01-30 04:02:22,549 INFO c.h.h.t.HelmChartContainer - [test-hivemq-platform] [hivemq] [24f4f965] WARNING: Thread Thread[vert.x-eventloop-thread-1,5,main] has been blocked for 2198 ms, time limit is 2000 ms
2025-01-30 04:02:23,263 INFO c.h.h.t.HelmChartContainer - [test-hivemq-platform] [hivemq] [24f4f965] INFO  - [HiveMQ Platform Operator Init App 1.7.0-SNAPSHOT] Updating Pod HiveMQ Platform Operator Init App version annotation (version: 1.7.0-SNAPSHOT)
2025-01-30 04:02:23,855 INFO c.h.h.t.HelmChartContainer - [POD] test-hivemq-platform-0 [24f4f965-ac4e-4dd0-87d3-9f802b8b71db] in updateloglevelit was MODIFIED
2025-01-30 04:02:23,868 INFO c.h.h.t.HelmChartContainer - [hivemq-test-hivemq-platform] [hivemq-platform-operator] [0a62c734] 04:02:23.863 [pool-6-thread-25] DEBUG c.h.p.o.d.PlatformServiceResource - [updatelo] Desired Platform services (3 services)
2025-01-30 04:02:23,870 INFO c.h.h.t.HelmChartContainer - [hivemq-test-hivemq-platform] [hivemq-platform-operator] [0a62c734] 04:02:23.868 [pool-6-thread-28] DEBUG c.h.p.o.dependants.PodInfoConfigMap - [updatelo] Desired PodInfo ConfigMap (1 extensions) (1 enabled)
2025-01-30 04:02:23,870 INFO c.h.h.t.HelmChartContainer - [hivemq-test-hivemq-platform] [hivemq-platform-operator] [0a62c734] 04:02:23.869 [pool-6-thread-28] DEBUG c.h.p.o.dependants.PodInfoConfigMap - [updatelo] Desired PodInfo ConfigMap (metrics port: 9399) (metrics path: /)
2025-01-30 04:02:23,871 INFO c.h.h.t.HelmChartContainer - [hivemq-test-hivemq-platform] [hivemq-platform-operator] [0a62c734] 04:02:23.870 [pool-6-thread-28] DEBUG c.h.p.o.dependants.PodInfoConfigMap - [updatelo] Desired PodInfo ConfigMap (extension state hash: -1817474005)
2025-01-30 04:02:23,873 INFO c.h.h.t.HelmChartContainer - [hivemq-test-hivemq-platform] [hivemq-platform-operator] [0a62c734] 04:02:23.870 [pool-6-thread-23] DEBUG c.h.p.o.d.PodServiceAccountResource - [updatelo] Desired PodServiceAccountResource (serviceAccountName: hivemq-platform-pod-test-hivemq-platform)
2025-01-30 04:02:23,876 INFO c.h.h.t.HelmChartContainer - [test-hivemq-platform] [hivemq] [24f4f965] INFO  - [HiveMQ Platform Operator Init App 1.7.0-SNAPSHOT] Successfully updated Pod HiveMQ Platform Operator Init App version annotation (version: 1.7.0-SNAPSHOT)
2025-01-30 04:02:23,877 INFO c.h.h.t.HelmChartContainer - [hivemq-test-hivemq-platform] [hivemq-platform-operator] [0a62c734] 04:02:23.876 [pool-6-thread-28] DEBUG c.h.p.o.d.StatefulSetResource - [updatelo] Desired StatefulSet (1 replicas) for status STARTING (READY)
2025-01-30 04:02:23,883 INFO c.h.h.t.HelmChartContainer - [hivemq-test-hivemq-platform] [hivemq-platform-operator] [0a62c734] 04:02:23.881 [ReconcilerExecutor-hivemq-controller-111] INFO  c.h.p.o.HiveMQPlatformReconciler - [updatelo] Reconciling HiveMQ Platform 'test-hivemq-platform' in namespace 'updateloglevelit'
2025-01-30 04:02:23,884 INFO c.h.h.t.HelmChartContainer - [hivemq-test-hivemq-platform] [hivemq-platform-operator] [0a62c734] 04:02:23.881 [ReconcilerExecutor-hivemq-controller-111] DEBUG c.h.p.o.HiveMQPlatformReconciler - [updatelo] Custom Resource Status STARTING - HiveMQ Platform is starting (READY)
2025-01-30 04:02:23,884 INFO c.h.h.t.HelmChartContainer - [hivemq-test-hivemq-platform] [hivemq-platform-operator] [0a62c734] 04:02:23.881 [ReconcilerExecutor-hivemq-controller-111] DEBUG c.h.p.o.HiveMQPlatformReconciler - [updatelo] Custom Resource Spec (replicas: 1) (extensions: 1)
2025-01-30 04:02:23,885 INFO c.h.h.t.HelmChartContainer - [hivemq-test-hivemq-platform] [hivemq-platform-operator] [0a62c734] 04:02:23.882 [ReconcilerExecutor-hivemq-controller-111] DEBUG c.h.p.o.HiveMQPlatformReconciler - [updatelo] StatefulSet Status (revision: test-hivemq-platform-b697f795f, replicas: 1, available: 0, ready: 0, current: 1, updated: 1)
2025-01-30 04:02:23,885 INFO c.h.h.t.HelmChartContainer - [hivemq-test-hivemq-platform] [hivemq-platform-operator] [0a62c734] 04:02:23.882 [ReconcilerExecutor-hivemq-controller-111] DEBUG c.h.p.o.HiveMQPlatformReconciler - [updatelo] StatefulSet Spec (replicas: 1, init containers: 1, containers: 1, volumes: 3)
2025-01-30 04:02:23,885 INFO c.h.h.t.HelmChartContainer - [hivemq-test-hivemq-platform] [hivemq-platform-operator] [0a62c734] 04:02:23.883 [ReconcilerExecutor-hivemq-controller-111] DEBUG c.h.p.o.h.HiveMQPlatformReconcilerErrorHandler - [updatelo] Pod 'test-hivemq-platform-0' phase Running
2025-01-30 04:02:23,920 INFO c.h.h.t.HelmChartContainer - [hivemq-test-hivemq-platform] [hivemq-platform-operator] [0a62c734] 04:02:23.919 [ReconcilerExecutor-hivemq-controller-111] INFO  c.h.p.o.h.HiveMQPlatformReconcilerBaseHandler - [updatelo] HiveMQ Platform is starting, 0 of 1 replicas are ready
2025-01-30 04:02:23,943 INFO c.h.h.t.HelmChartContainer - [test-hivemq-platform] [hivemq] [24f4f965] WARN  - [HiveMQ Platform Operator Init App 1.7.0-SNAPSHOT] Cannot connect to Health API for readiness: null
2025-01-30 04:02:23,951 INFO c.h.h.t.HelmChartContainer - [EVENT] Warning [Unhealthy] Readiness probe failed: HTTP probe failed with statuscode: 503 [updateloglevelit:test-hivemq-platform-0]
2025-01-30 04:02:23,951 INFO c.h.h.t.HelmChartContainer - Received Unhealthy event for container hivemq in pod test-hivemq-platform-0 [24f4f965-ac4e-4dd0-87d3-9f802b8b71db]
2025-01-30 04:02:28,859 INFO c.h.h.t.HelmChartContainer - [test-hivemq-platform] [hivemq] [24f4f965] WARN  - [HiveMQ Platform Operator Init App 1.7.0-SNAPSHOT] Cannot connect to Health API for readiness: null
2025-01-30 04:02:28,865 INFO c.h.h.t.HelmChartContainer - [EVENT] Warning [Unhealthy] Readiness probe failed: HTTP probe failed with statuscode: 503 [updateloglevelit:test-hivemq-platform-0]
2025-01-30 04:02:28,866 INFO c.h.h.t.HelmChartContainer - Received Unhealthy event for container hivemq in pod test-hivemq-platform-0 [24f4f965-ac4e-4dd0-87d3-9f802b8b71db]
2025-01-30 04:02:33,861 INFO c.h.h.t.HelmChartContainer - [test-hivemq-platform] [hivemq] [24f4f965] WARN  - [HiveMQ Platform Operator Init App 1.7.0-SNAPSHOT] Cannot connect to Health API for readiness: null
2025-01-30 04:02:33,866 INFO c.h.h.t.HelmChartContainer - [EVENT] Warning [Unhealthy] Readiness probe failed: HTTP probe failed with statuscode: 503 [updateloglevelit:test-hivemq-platform-0]
2025-01-30 04:02:33,866 INFO c.h.h.t.HelmChartContainer - Received Unhealthy event for container hivemq in pod test-hivemq-platform-0 [24f4f965-ac4e-4dd0-87d3-9f802b8b71db]
2025-01-30 04:02:33,929 INFO c.h.h.t.HelmChartContainer - [hivemq-test-hivemq-platform] [hivemq-platform-operator] [0a62c734] 04:02:33.923 [pool-6-thread-33] DEBUG c.h.p.o.d.PlatformServiceResource - [updatelo] Desired Platform services (3 services)
2025-01-30 04:02:33,929 INFO c.h.h.t.HelmChartContainer - [hivemq-test-hivemq-platform] [hivemq-platform-operator] [0a62c734] 04:02:33.925 [pool-6-thread-32] DEBUG c.h.p.o.dependants.PodInfoConfigMap - [updatelo] Desired PodInfo ConfigMap (1 extensions) (1 enabled)
2025-01-30 04:02:33,929 INFO c.h.h.t.HelmChartContainer - [hivemq-test-hivemq-platform] [hivemq-platform-operator] [0a62c734] 04:02:33.926 [pool-6-thread-32] DEBUG c.h.p.o.dependants.PodInfoConfigMap - [updatelo] Desired PodInfo ConfigMap (metrics port: 9399) (metrics path: /)
2025-01-30 04:02:33,929 INFO c.h.h.t.HelmChartContainer - [hivemq-test-hivemq-platform] [hivemq-platform-operator] [0a62c734] 04:02:33.926 [pool-6-thread-32] DEBUG c.h.p.o.dependants.PodInfoConfigMap - [updatelo] Desired PodInfo ConfigMap (extension state hash: -1817474005)
2025-01-30 04:02:33,929 INFO c.h.h.t.HelmChartContainer - [hivemq-test-hivemq-platform] [hivemq-platform-operator] [0a62c734] 04:02:33.927 [pool-6-thread-36] DEBUG c.h.p.o.d.PodServiceAccountResource - [updatelo] Desired PodServiceAccountResource (serviceAccountName: hivemq-platform-pod-test-hivemq-platform)
2025-01-30 04:02:33,931 INFO c.h.h.t.HelmChartContainer - [hivemq-test-hivemq-platform] [hivemq-platform-operator] [0a62c734] 04:02:33.930 [pool-6-thread-37] DEBUG c.h.p.o.d.StatefulSetResource - [updatelo] Desired StatefulSet (1 replicas) for status STARTING (READY)
2025-01-30 04:02:33,934 INFO c.h.h.t.HelmChartContainer - [hivemq-test-hivemq-platform] [hivemq-platform-operator] [0a62c734] 04:02:33.933 [ReconcilerExecutor-hivemq-controller-112] INFO  c.h.p.o.HiveMQPlatformReconciler - [updatelo] Reconciling HiveMQ Platform 'test-hivemq-platform' in namespace 'updateloglevelit'
2025-01-30 04:02:33,934 INFO c.h.h.t.HelmChartContainer - [hivemq-test-hivemq-platform] [hivemq-platform-operator] [0a62c734] 04:02:33.933 [ReconcilerExecutor-hivemq-controller-112] DEBUG c.h.p.o.HiveMQPlatformReconciler - [updatelo] Custom Resource Status STARTING - HiveMQ Platform is starting (READY)
2025-01-30 04:02:33,934 INFO c.h.h.t.HelmChartContainer - [hivemq-test-hivemq-platform] [hivemq-platform-operator] [0a62c734] 04:02:33.933 [ReconcilerExecutor-hivemq-controller-112] DEBUG c.h.p.o.HiveMQPlatformReconciler - [updatelo] Custom Resource Spec (replicas: 1) (extensions: 1)
2025-01-30 04:02:33,936 INFO c.h.h.t.HelmChartContainer - [hivemq-test-hivemq-platform] [hivemq-platform-operator] [0a62c734] 04:02:33.934 [ReconcilerExecutor-hivemq-controller-112] DEBUG c.h.p.o.HiveMQPlatformReconciler - [updatelo] StatefulSet Status (revision: test-hivemq-platform-b697f795f, replicas: 1, available: 0, ready: 0, current: 1, updated: 1)
2025-01-30 04:02:33,936 INFO c.h.h.t.HelmChartContainer - [hivemq-test-hivemq-platform] [hivemq-platform-operator] [0a62c734] 04:02:33.934 [ReconcilerExecutor-hivemq-controller-112] DEBUG c.h.p.o.HiveMQPlatformReconciler - [updatelo] StatefulSet Spec (replicas: 1, init containers: 1, containers: 1, volumes: 3)
2025-01-30 04:02:33,937 INFO c.h.h.t.HelmChartContainer - [hivemq-test-hivemq-platform] [hivemq-platform-operator] [0a62c734] 04:02:33.936 [ReconcilerExecutor-hivemq-controller-112] DEBUG c.h.p.o.h.HiveMQPlatformReconcilerErrorHandler - [updatelo] Pod 'test-hivemq-platform-0' phase Running
2025-01-30 04:02:33,937 INFO c.h.h.t.HelmChartContainer - [hivemq-test-hivemq-platform] [hivemq-platform-operator] [0a62c734] 04:02:33.937 [ReconcilerExecutor-hivemq-controller-112] INFO  c.h.p.o.h.HiveMQPlatformReconcilerBaseHandler - [updatelo] HiveMQ Platform is starting, 0 of 1 replicas are ready
2025-01-30 04:02:35,059 INFO c.h.h.t.HelmChartContainer - [test-hivemq-platform] [hivemq] [24f4f965] WARN  - [HiveMQ Platform Operator Init App 1.7.0-SNAPSHOT] Cannot connect to Health API for liveness: null
2025-01-30 04:02:35,059 INFO c.h.h.t.HelmChartContainer - [test-hivemq-platform] [hivemq] [24f4f965] INFO  - [HiveMQ Platform Operator Init App 1.7.0-SNAPSHOT] Returning default Health API response 200 for liveness
2025-01-30 04:02:36,065 INFO c.h.h.t.HelmChartContainer - [test-hivemq-platform] [hivemq] [24f4f965] INFO  - No valid license file found. Using trial license, restricted to 25 connections.
2025-01-30 04:02:38,863 INFO c.h.h.t.HelmChartContainer - [test-hivemq-platform] [hivemq] [24f4f965] WARN  - [HiveMQ Platform Operator Init App 1.7.0-SNAPSHOT] Cannot connect to Health API for readiness: null
2025-01-30 04:02:38,866 INFO c.h.h.t.HelmChartContainer - [EVENT] Warning [Unhealthy] Readiness probe failed: HTTP probe failed with statuscode: 503 [updateloglevelit:test-hivemq-platform-0]
2025-01-30 04:02:38,866 INFO c.h.h.t.HelmChartContainer - Received Unhealthy event for container hivemq in pod test-hivemq-platform-0 [24f4f965-ac4e-4dd0-87d3-9f802b8b71db]
2025-01-30 04:02:40,275 INFO c.h.h.t.HelmChartContainer - [test-hivemq-platform] [hivemq] [24f4f965] INFO  - No valid license file for Data Hub found. Using free license, restricted to 1 policy.
2025-01-30 04:02:41,473 INFO c.h.h.t.HelmChartContainer - [test-hivemq-platform] [hivemq] [24f4f965] INFO  - Audit Logger started.
2025-01-30 04:02:41,795 INFO c.h.h.t.HelmChartContainer - [test-hivemq-platform] [hivemq] [24f4f965] INFO  - This node uses '1' CPU cores.
2025-01-30 04:02:41,860 INFO c.h.h.t.HelmChartContainer - [test-hivemq-platform] [hivemq] [24f4f965] INFO  - Starting HiveMQ Health API on address 0.0.0.0 and port 8889
2025-01-30 04:02:42,646 INFO c.h.h.t.HelmChartContainer - [test-hivemq-platform] [hivemq] [24f4f965] INFO  - Started HiveMQ Health API in 786ms
2025-01-30 04:02:43,081 INFO c.h.h.t.HelmChartContainer - [test-hivemq-platform] [hivemq] [24f4f965] INFO  - Starting HiveMQ extension system.
2025-01-30 04:02:43,364 INFO c.h.h.t.HelmChartContainer - [test-hivemq-platform] [hivemq] [24f4f965] INFO  - Starting extension with id "hivemq-dns-cluster-discovery" at /opt/hivemq/extensions/hivemq-dns-cluster-discovery
2025-01-30 04:02:43,944 INFO c.h.h.t.HelmChartContainer - [hivemq-test-hivemq-platform] [hivemq-platform-operator] [0a62c734] 04:02:43.940 [pool-6-thread-44] DEBUG c.h.p.o.d.PlatformServiceResource - [updatelo] Desired Platform services (3 services)
2025-01-30 04:02:43,944 INFO c.h.h.t.HelmChartContainer - [hivemq-test-hivemq-platform] [hivemq-platform-operator] [0a62c734] 04:02:43.941 [pool-6-thread-45] DEBUG c.h.p.o.dependants.PodInfoConfigMap - [updatelo] Desired PodInfo ConfigMap (1 extensions) (1 enabled)
2025-01-30 04:02:43,944 INFO c.h.h.t.HelmChartContainer - [hivemq-test-hivemq-platform] [hivemq-platform-operator] [0a62c734] 04:02:43.941 [pool-6-thread-45] DEBUG c.h.p.o.dependants.PodInfoConfigMap - [updatelo] Desired PodInfo ConfigMap (metrics port: 9399) (metrics path: /)
2025-01-30 04:02:43,944 INFO c.h.h.t.HelmChartContainer - [hivemq-test-hivemq-platform] [hivemq-platform-operator] [0a62c734] 04:02:43.941 [pool-6-thread-45] DEBUG c.h.p.o.dependants.PodInfoConfigMap - [updatelo] Desired PodInfo ConfigMap (extension state hash: -1817474005)
2025-01-30 04:02:43,945 INFO c.h.h.t.HelmChartContainer - [test-hivemq-platform] [hivemq] [24f4f965] INFO  - Extension "DNS Cluster Discovery Extension" version 4.3.2 started successfully.
2025-01-30 04:02:43,945 INFO c.h.h.t.HelmChartContainer - [test-hivemq-platform] [hivemq] [24f4f965] INFO  - Starting extension with id "hivemq-prometheus-extension" at /opt/hivemq/extensions/hivemq-prometheus-extension
2025-01-30 04:02:43,946 INFO c.h.h.t.HelmChartContainer - [hivemq-test-hivemq-platform] [hivemq-platform-operator] [0a62c734] 04:02:43.944 [pool-6-thread-49] DEBUG c.h.p.o.d.PodServiceAccountResource - [updatelo] Desired PodServiceAccountResource (serviceAccountName: hivemq-platform-pod-test-hivemq-platform)
2025-01-30 04:02:43,950 INFO c.h.h.t.HelmChartContainer - [hivemq-test-hivemq-platform] [hivemq-platform-operator] [0a62c734] 04:02:43.949 [pool-6-thread-44] DEBUG c.h.p.o.d.StatefulSetResource - [updatelo] Desired StatefulSet (1 replicas) for status STARTING (READY)
2025-01-30 04:02:43,959 INFO c.h.h.t.HelmChartContainer - [test-hivemq-platform] [hivemq] [24f4f965] INFO  - Using TCP cluster transport on address 10.42.0.9 and port 7000
2025-01-30 04:02:43,970 INFO c.h.h.t.HelmChartContainer - [test-hivemq-platform] [hivemq] [24f4f965] INFO  - Using extension cluster discovery
2025-01-30 04:02:44,023 INFO c.h.h.t.HelmChartContainer - [hivemq-test-hivemq-platform] [hivemq-platform-operator] [0a62c734] 04:02:44.020 [ReconcilerExecutor-hivemq-controller-113] INFO  c.h.p.o.HiveMQPlatformReconciler - [updatelo] Reconciling HiveMQ Platform 'test-hivemq-platform' in namespace 'updateloglevelit'
2025-01-30 04:02:44,023 INFO c.h.h.t.HelmChartContainer - [hivemq-test-hivemq-platform] [hivemq-platform-operator] [0a62c734] 04:02:44.020 [ReconcilerExecutor-hivemq-controller-113] DEBUG c.h.p.o.HiveMQPlatformReconciler - [updatelo] Custom Resource Status STARTING - HiveMQ Platform is starting (READY)
2025-01-30 04:02:44,023 INFO c.h.h.t.HelmChartContainer - [hivemq-test-hivemq-platform] [hivemq-platform-operator] [0a62c734] 04:02:44.020 [ReconcilerExecutor-hivemq-controller-113] DEBUG c.h.p.o.HiveMQPlatformReconciler - [updatelo] Custom Resource Spec (replicas: 1) (extensions: 1)
2025-01-30 04:02:44,024 INFO c.h.h.t.HelmChartContainer - [hivemq-test-hivemq-platform] [hivemq-platform-operator] [0a62c734] 04:02:44.023 [ReconcilerExecutor-hivemq-controller-113] DEBUG c.h.p.o.HiveMQPlatformReconciler - [updatelo] StatefulSet Status (revision: test-hivemq-platform-b697f795f, replicas: 1, available: 0, ready: 0, current: 1, updated: 1)
2025-01-30 04:02:44,024 INFO c.h.h.t.HelmChartContainer - [hivemq-test-hivemq-platform] [hivemq-platform-operator] [0a62c734] 04:02:44.023 [ReconcilerExecutor-hivemq-controller-113] DEBUG c.h.p.o.HiveMQPlatformReconciler - [updatelo] StatefulSet Spec (replicas: 1, init containers: 1, containers: 1, volumes: 3)
2025-01-30 04:02:44,026 INFO c.h.h.t.HelmChartContainer - [hivemq-test-hivemq-platform] [hivemq-platform-operator] [0a62c734] 04:02:44.024 [ReconcilerExecutor-hivemq-controller-113] DEBUG c.h.p.o.h.HiveMQPlatformReconcilerErrorHandler - [updatelo] Pod 'test-hivemq-platform-0' phase Running
2025-01-30 04:02:44,026 INFO c.h.h.t.HelmChartContainer - [hivemq-test-hivemq-platform] [hivemq-platform-operator] [0a62c734] 04:02:44.025 [ReconcilerExecutor-hivemq-controller-113] INFO  c.h.p.o.h.HiveMQPlatformReconcilerBaseHandler - [updatelo] HiveMQ Platform is starting, 0 of 1 replicas are ready
2025-01-30 04:02:44,899 INFO c.h.h.t.HelmChartContainer - [EVENT] Warning [Unhealthy] Readiness probe failed: Get "http://10.42.0.9:7979/readiness": context deadline exceeded (Client.Timeout exceeded while awaiting headers) [updateloglevelit:test-hivemq-platform-0]
2025-01-30 04:02:44,899 INFO c.h.h.t.HelmChartContainer - Received Unhealthy event for container hivemq in pod test-hivemq-platform-0 [24f4f965-ac4e-4dd0-87d3-9f802b8b71db]
2025-01-30 04:02:45,261 INFO c.h.h.t.HelmChartContainer - [test-hivemq-platform] [hivemq] [24f4f965] INFO  - Started Jetty Server exposing Prometheus Servlet on URI http://0.0.0.0:9399/
2025-01-30 04:02:45,261 INFO c.h.h.t.HelmChartContainer - [test-hivemq-platform] [hivemq] [24f4f965] INFO  - Extension "Prometheus Monitoring Extension" version 4.0.12 started successfully.
2025-01-30 04:02:45,261 INFO c.h.h.t.HelmChartContainer - [test-hivemq-platform] [hivemq] [24f4f965] INFO  - Starting extension with id "hivemq-allow-all-extension" at /opt/hivemq/extensions/hivemq-allow-all-extension
2025-01-30 04:02:45,261 INFO c.h.h.t.HelmChartContainer - [test-hivemq-platform] [hivemq] [24f4f965] WARN  - 
2025-01-30 04:02:45,261 INFO c.h.h.t.HelmChartContainer - [test-hivemq-platform] [hivemq] [24f4f965] ################################################################################################################
2025-01-30 04:02:45,261 INFO c.h.h.t.HelmChartContainer - [test-hivemq-platform] [hivemq] [24f4f965] # This HiveMQ deployment is not secure! You are lacking Authentication and Authorization.                      #
2025-01-30 04:02:45,261 INFO c.h.h.t.HelmChartContainer - [test-hivemq-platform] [hivemq] [24f4f965] # Right now any MQTT client can connect to the broker with a full set of permissions.                          #
2025-01-30 04:02:45,261 INFO c.h.h.t.HelmChartContainer - [test-hivemq-platform] [hivemq] [24f4f965] # For production usage, add an appropriate security extension and remove the hivemq-allow-all extension.       #
2025-01-30 04:02:45,261 INFO c.h.h.t.HelmChartContainer - [test-hivemq-platform] [hivemq] [24f4f965] # You can download security extensions from the HiveMQ Marketplace (https://www.hivemq.com/extensions/).       #
2025-01-30 04:02:45,261 INFO c.h.h.t.HelmChartContainer - [test-hivemq-platform] [hivemq] [24f4f965] ################################################################################################################
2025-01-30 04:02:45,261 INFO c.h.h.t.HelmChartContainer - [test-hivemq-platform] [hivemq] [24f4f965] INFO  - Extension "Allow All Extension" version 1.1.1 started successfully.
2025-01-30 04:02:45,462 INFO c.h.h.t.HelmChartContainer - [test-hivemq-platform] [hivemq] [24f4f965] INFO  - [HiveMQ Platform Operator Init App 1.7.0-SNAPSHOT] Returning Health API response 503 for readiness
2025-01-30 04:02:47,358 INFO c.h.h.t.HelmChartContainer - [test-hivemq-platform] [hivemq] [24f4f965] INFO  - OR86C: no members discovered after 2397 ms: creating cluster as first member
2025-01-30 04:02:47,364 INFO c.h.h.t.HelmChartContainer - [test-hivemq-platform] [hivemq] [24f4f965] INFO  - Cluster nodes found by discovery: [OR86C|0] (1) [OR86C].
2025-01-30 04:02:47,385 INFO c.h.h.t.HelmChartContainer - [test-hivemq-platform] [hivemq] [24f4f965] WARN  - No user for HiveMQ Control Center configured. Starting with default user
2025-01-30 04:02:47,458 INFO c.h.h.t.HelmChartContainer - [test-hivemq-platform] [hivemq] [24f4f965] INFO  - Starting HiveMQ Control Center on address 0.0.0.0 and port 8080
2025-01-30 04:02:47,466 INFO c.h.h.t.HelmChartContainer - [test-hivemq-platform] [hivemq] [24f4f965] INFO  - Mounting HiveMQ Control Center V2 Preview
2025-01-30 04:02:48,070 INFO c.h.h.t.HelmChartContainer - [test-hivemq-platform] [hivemq] [24f4f965] INFO  - Started HiveMQ Control Center in 684ms
2025-01-30 04:02:48,084 INFO c.h.h.t.HelmChartContainer - [test-hivemq-platform] [hivemq] [24f4f965] INFO  - Starting TCP listener on address 0.0.0.0 and port 1883
2025-01-30 04:02:48,172 INFO c.h.h.t.HelmChartContainer - [test-hivemq-platform] [hivemq] [24f4f965] INFO  - Started TCP Listener on address 0.0.0.0 and on port 1883.
2025-01-30 04:02:48,172 INFO c.h.h.t.HelmChartContainer - [test-hivemq-platform] [hivemq] [24f4f965] INFO  - Started HiveMQ in 32502ms
2025-01-30 04:02:48,860 INFO c.h.h.t.HelmChartContainer - [test-hivemq-platform] [hivemq] [24f4f965] INFO  - [HiveMQ Platform Operator Init App 1.7.0-SNAPSHOT] Returning Health API response 200 for readiness
2025-01-30 04:02:48,874 INFO c.h.h.t.HelmChartContainer - [POD] test-hivemq-platform-0 [24f4f965-ac4e-4dd0-87d3-9f802b8b71db] in updateloglevelit was MODIFIED
2025-01-30 04:02:48,886 INFO c.h.h.t.HelmChartContainer - [hivemq-test-hivemq-platform] [hivemq-platform-operator] [0a62c734] 04:02:48.879 [pool-6-thread-4] DEBUG c.h.p.o.d.PlatformServiceResource - [updatelo] Desired Platform services (3 services)
2025-01-30 04:02:48,886 INFO c.h.h.t.HelmChartContainer - [hivemq-test-hivemq-platform] [hivemq-platform-operator] [0a62c734] 04:02:48.881 [pool-6-thread-1] DEBUG c.h.p.o.dependants.PodInfoConfigMap - [updatelo] Desired PodInfo ConfigMap (1 extensions) (1 enabled)
2025-01-30 04:02:48,886 INFO c.h.h.t.HelmChartContainer - [hivemq-test-hivemq-platform] [hivemq-platform-operator] [0a62c734] 04:02:48.881 [pool-6-thread-1] DEBUG c.h.p.o.dependants.PodInfoConfigMap - [updatelo] Desired PodInfo ConfigMap (metrics port: 9399) (metrics path: /)
2025-01-30 04:02:48,886 INFO c.h.h.t.HelmChartContainer - [hivemq-test-hivemq-platform] [hivemq-platform-operator] [0a62c734] 04:02:48.881 [pool-6-thread-1] DEBUG c.h.p.o.dependants.PodInfoConfigMap - [updatelo] Desired PodInfo ConfigMap (extension state hash: -1817474005)
2025-01-30 04:02:48,886 INFO c.h.h.t.HelmChartContainer - [hivemq-test-hivemq-platform] [hivemq-platform-operator] [0a62c734] 04:02:48.882 [pool-6-thread-5] DEBUG c.h.p.o.d.PodServiceAccountResource - [updatelo] Desired PodServiceAccountResource (serviceAccountName: hivemq-platform-pod-test-hivemq-platform)
2025-01-30 04:02:48,894 INFO c.h.h.t.HelmChartContainer - [hivemq-test-hivemq-platform] [hivemq-platform-operator] [0a62c734] 04:02:48.892 [pool-6-thread-4] DEBUG c.h.p.o.d.StatefulSetResource - [updatelo] Desired StatefulSet (1 replicas) for status STARTING (READY)
2025-01-30 04:02:48,897 INFO c.h.h.t.HelmChartContainer - [hivemq-test-hivemq-platform] [hivemq-platform-operator] [0a62c734] 04:02:48.896 [ReconcilerExecutor-hivemq-controller-114] INFO  c.h.p.o.HiveMQPlatformReconciler - [updatelo] Reconciling HiveMQ Platform 'test-hivemq-platform' in namespace 'updateloglevelit'
2025-01-30 04:02:48,898 INFO c.h.h.t.HelmChartContainer - [hivemq-test-hivemq-platform] [hivemq-platform-operator] [0a62c734] 04:02:48.896 [ReconcilerExecutor-hivemq-controller-114] DEBUG c.h.p.o.HiveMQPlatformReconciler - [updatelo] Custom Resource Status STARTING - HiveMQ Platform is starting (READY)
2025-01-30 04:02:48,898 INFO c.h.h.t.HelmChartContainer - [hivemq-test-hivemq-platform] [hivemq-platform-operator] [0a62c734] 04:02:48.896 [ReconcilerExecutor-hivemq-controller-114] DEBUG c.h.p.o.HiveMQPlatformReconciler - [updatelo] Custom Resource Spec (replicas: 1) (extensions: 1)
2025-01-30 04:02:48,922 INFO c.h.h.t.HelmChartContainer - [hivemq-test-hivemq-platform] [hivemq-platform-operator] [0a62c734] 04:02:48.919 [ReconcilerExecutor-hivemq-controller-114] DEBUG c.h.p.o.HiveMQPlatformReconciler - [updatelo] StatefulSet Status (revision: test-hivemq-platform-b697f795f, replicas: 1, available: 1, ready: 1, current: 1, updated: 1)
2025-01-30 04:02:48,922 INFO c.h.h.t.HelmChartContainer - [hivemq-test-hivemq-platform] [hivemq-platform-operator] [0a62c734] 04:02:48.919 [ReconcilerExecutor-hivemq-controller-114] DEBUG c.h.p.o.HiveMQPlatformReconciler - [updatelo] StatefulSet Spec (replicas: 1, init containers: 1, containers: 1, volumes: 3)
2025-01-30 04:02:48,976 INFO c.h.h.t.HelmChartContainer - [hivemq-test-hivemq-platform] [hivemq-platform-operator] [0a62c734] 04:02:48.973 [ReconcilerExecutor-hivemq-controller-114] DEBUG c.h.p.o.h.HiveMQPlatformReconcilerErrorHandler - [updatelo] Pod 'test-hivemq-platform-0' phase Running
2025-01-30 04:02:48,977 INFO c.h.h.t.HelmChartContainer - [hivemq-test-hivemq-platform] [hivemq-platform-operator] [0a62c734] 04:02:48.974 [ReconcilerExecutor-hivemq-controller-114] INFO  c.h.p.o.h.HiveMQPlatformReconcilerBaseHandler - [updatelo] HiveMQ Platform started successfully
2025-01-30 04:02:49,079 INFO c.h.h.t.HelmChartContainer - [hivemq-test-hivemq-platform] [hivemq-platform-operator] [0a62c734] 04:02:49.078 [ReconcilerExecutor-hivemq-controller-114] DEBUG c.h.p.operator.event.EventSender - [updatelo] Creating K8s event hivemq-platform-ready: [Ready] HiveMQ Platform is ready
2025-01-30 04:02:49,083 INFO c.h.h.t.HelmChartContainer - [EVENT] Normal [Ready] HiveMQ Platform is ready [updateloglevelit:test-hivemq-platform]
2025-01-30 04:02:49,085 INFO c.h.h.t.HelmChartContainer - [hivemq-test-hivemq-platform] [hivemq-platform-operator] [0a62c734] 04:02:49.083 [ReconcilerExecutor-hivemq-controller-114] INFO  c.h.p.o.h.AbstractHiveMQReconcilerStateHandler - [updatelo] Update HiveMQ Platform Status (STARTING [READY] -> RUNNING [READY]): HiveMQ Platform is ready
2025-01-30 04:02:49,093 DEBUG com.hivemq.helmcharts.util.K8sUtil - Comparing actual state 'RUNNING' and waiting for 'RUNNING'
2025-01-30 04:02:49,099 INFO c.h.h.t.HelmChartContainer - [hivemq-test-hivemq-platform] [hivemq-platform-operator] [0a62c734] 04:02:49.097 [pool-6-thread-13] DEBUG c.h.p.o.d.PlatformServiceResource - [updatelo] Desired Platform services (3 services)
2025-01-30 04:02:49,101 INFO c.h.h.t.HelmChartContainer - [hivemq-test-hivemq-platform] [hivemq-platform-operator] [0a62c734] 04:02:49.099 [pool-6-thread-19] DEBUG c.h.p.o.dependants.PodInfoConfigMap - [updatelo] Desired PodInfo ConfigMap (1 extensions) (1 enabled)
2025-01-30 04:02:49,103 INFO c.h.h.t.HelmChartContainer - [hivemq-test-hivemq-platform] [hivemq-platform-operator] [0a62c734] 04:02:49.100 [pool-6-thread-19] DEBUG c.h.p.o.dependants.PodInfoConfigMap - [updatelo] Desired PodInfo ConfigMap (metrics port: 9399) (metrics path: /)
2025-01-30 04:02:49,103 INFO c.h.h.t.HelmChartContainer - [hivemq-test-hivemq-platform] [hivemq-platform-operator] [0a62c734] 04:02:49.102 [pool-6-thread-19] DEBUG c.h.p.o.dependants.PodInfoConfigMap - [updatelo] Desired PodInfo ConfigMap (extension state hash: -1817474005)
2025-01-30 04:02:49,105 INFO c.h.h.t.HelmChartContainer - [hivemq-test-hivemq-platform] [hivemq-platform-operator] [0a62c734] 04:02:49.104 [pool-6-thread-19] DEBUG c.h.p.o.dependants.PodInfoConfigMap - [updatelo] Update PodInfo ConfigMap
2025-01-30 04:02:49,180 INFO c.h.h.t.HelmChartContainer - [hivemq-test-hivemq-platform] [hivemq-platform-operator] [0a62c734] 04:02:49.177 [pool-6-thread-14] DEBUG c.h.p.o.d.PodServiceAccountResource - [updatelo] Desired PodServiceAccountResource (serviceAccountName: hivemq-platform-pod-test-hivemq-platform)
2025-01-30 04:02:49,187 INFO c.h.h.t.HelmChartContainer - [hivemq-test-hivemq-platform] [hivemq-platform-operator] [0a62c734] 04:02:49.186 [pool-6-thread-19] DEBUG c.h.p.o.d.StatefulSetResource - [updatelo] Desired StatefulSet (1 replicas) for status RUNNING (READY)
2025-01-30 04:02:49,276 INFO c.h.h.t.HelmChartContainer - [hivemq-test-hivemq-platform] [hivemq-platform-operator] [0a62c734] 04:02:49.274 [ReconcilerExecutor-hivemq-controller-115] INFO  c.h.p.o.HiveMQPlatformReconciler - [updatelo] Reconciling HiveMQ Platform 'test-hivemq-platform' in namespace 'updateloglevelit'
2025-01-30 04:02:49,276 INFO c.h.h.t.HelmChartContainer - [hivemq-test-hivemq-platform] [hivemq-platform-operator] [0a62c734] 04:02:49.275 [ReconcilerExecutor-hivemq-controller-115] DEBUG c.h.p.o.HiveMQPlatformReconciler - [updatelo] Custom Resource Status RUNNING - HiveMQ Platform is ready (READY)
2025-01-30 04:02:49,276 INFO c.h.h.t.HelmChartContainer - [hivemq-test-hivemq-platform] [hivemq-platform-operator] [0a62c734] 04:02:49.275 [ReconcilerExecutor-hivemq-controller-115] DEBUG c.h.p.o.HiveMQPlatformReconciler - [updatelo] Custom Resource Spec (replicas: 1) (extensions: 1)
2025-01-30 04:02:49,279 INFO c.h.h.t.HelmChartContainer - [hivemq-test-hivemq-platform] [hivemq-platform-operator] [0a62c734] 04:02:49.278 [ReconcilerExecutor-hivemq-controller-115] DEBUG c.h.p.o.HiveMQPlatformReconciler - [updatelo] StatefulSet Status (revision: test-hivemq-platform-b697f795f, replicas: 1, available: 1, ready: 1, current: 1, updated: 1)
2025-01-30 04:02:49,279 INFO c.h.h.t.HelmChartContainer - [hivemq-test-hivemq-platform] [hivemq-platform-operator] [0a62c734] 04:02:49.278 [ReconcilerExecutor-hivemq-controller-115] DEBUG c.h.p.o.HiveMQPlatformReconciler - [updatelo] StatefulSet Spec (replicas: 1, init containers: 1, containers: 1, volumes: 3)
2025-01-30 04:02:49,280 INFO c.h.h.t.HelmChartContainer - [hivemq-test-hivemq-platform] [hivemq-platform-operator] [0a62c734] 04:02:49.279 [ReconcilerExecutor-hivemq-controller-115] DEBUG c.h.p.o.h.HiveMQPlatformReconcilerErrorHandler - [updatelo] Pod 'test-hivemq-platform-0' phase Running
2025-01-30 04:02:51,107 INFO c.h.h.platform.UpdateLogLevelIT - Assert original logback.xml in pods
2025-01-30 04:02:51,199 INFO c.h.h.platform.UpdateLogLevelIT - Trigger update of log level
2025-01-30 04:02:51,257 DEBUG c.h.h.t.HelmChartContainer - Executing helm command: /bin/helm --kubeconfig /etc/rancher/k3s/k3s.yaml upgrade test-hivemq-platform /charts/hivemq-platform --wait --timeout 5m0s --set image.repository=docker.io/hivemq --set image.tag=4.36.0 --set image.pullPolicy=Never --set nodes.resources.cpu=512m --set nodes.logLevel=WARN --namespace updateloglevelit
2025-01-30 04:02:51,608 INFO c.h.h.t.HelmChartContainer - [hivemq-test-hivemq-platform] [hivemq-platform-operator] [0a62c734] 04:02:51.606 [pool-6-thread-23] DEBUG c.h.p.o.d.PlatformServiceResource - [updatelo] Desired Platform services (3 services)
2025-01-30 04:02:51,610 INFO c.h.h.t.HelmChartContainer - [hivemq-test-hivemq-platform] [hivemq-platform-operator] [0a62c734] 04:02:51.609 [pool-6-thread-21] DEBUG c.h.p.o.d.PodServiceAccountResource - [updatelo] Desired PodServiceAccountResource (serviceAccountName: hivemq-platform-pod-test-hivemq-platform)
2025-01-30 04:02:51,622 INFO c.h.h.t.HelmChartContainer - [hivemq-test-hivemq-platform] [hivemq-platform-operator] [0a62c734] 04:02:51.621 [pool-6-thread-25] DEBUG c.h.p.o.dependants.PodInfoConfigMap - [updatelo] Desired PodInfo ConfigMap (1 extensions) (1 enabled)
2025-01-30 04:02:51,624 INFO c.h.h.t.HelmChartContainer - [hivemq-test-hivemq-platform] [hivemq-platform-operator] [0a62c734] 04:02:51.622 [pool-6-thread-25] DEBUG c.h.p.o.dependants.PodInfoConfigMap - [updatelo] Desired PodInfo ConfigMap (metrics port: 9399) (metrics path: /)
2025-01-30 04:02:51,624 INFO c.h.h.t.HelmChartContainer - [hivemq-test-hivemq-platform] [hivemq-platform-operator] [0a62c734] 04:02:51.623 [pool-6-thread-25] DEBUG c.h.p.o.dependants.PodInfoConfigMap - [updatelo] Desired PodInfo ConfigMap (extension state hash: -1817474005)
2025-01-30 04:02:51,625 INFO c.h.h.t.HelmChartContainer - [hivemq-test-hivemq-platform] [hivemq-platform-operator] [0a62c734] 04:02:51.625 [pool-6-thread-25] DEBUG c.h.p.o.dependants.PodInfoConfigMap - [updatelo] Update PodInfo ConfigMap
2025-01-30 04:02:51,626 INFO c.h.h.t.HelmChartContainer - [hivemq-test-hivemq-platform] [hivemq-platform-operator] [0a62c734] 04:02:51.626 [pool-6-thread-25] INFO  c.h.p.o.dependants.PodInfoConfigMap - [updatelo] Log level was updated, triggering set log level
2025-01-30 04:02:51,712 INFO c.h.h.t.HelmChartContainer - [hivemq-test-hivemq-platform] [hivemq-platform-operator] [0a62c734] 04:02:51.705 [pool-6-thread-25] DEBUG c.h.p.o.d.StatefulSetResource - [updatelo] Desired StatefulSet (2 replicas) for status RUNNING (READY)
2025-01-30 04:02:51,729 INFO c.h.h.t.HelmChartContainer - [hivemq-test-hivemq-platform] [hivemq-platform-operator] [0a62c734] 04:02:51.722 [pool-6-thread-25] DEBUG c.h.p.o.d.StatefulSetResource - [updatelo] Update StatefulSet (replicas: 1 -> 2)
2025-01-30 04:02:51,784 INFO c.h.h.t.HelmChartContainer - [hivemq-test-hivemq-platform] [hivemq-platform-operator] [0a62c734] 04:02:51.782 [pool-6-thread-25] INFO  c.h.p.o.d.StatefulSetResource - [updatelo] Replica count was updated, triggering scaling
2025-01-30 04:02:51,814 DEBUG com.hivemq.helmcharts.util.K8sUtil - Comparing actual state 'RUNNING' and waiting for 'SET_LOG_LEVEL'
2025-01-30 04:02:51,890 INFO c.h.h.t.HelmChartContainer - [hivemq-test-hivemq-platform] [hivemq-platform-operator] [0a62c734] 04:02:51.888 [ReconcilerExecutor-hivemq-controller-116] INFO  c.h.p.o.HiveMQPlatformReconciler - [updatelo] Reconciling HiveMQ Platform 'test-hivemq-platform' in namespace 'updateloglevelit'
2025-01-30 04:02:51,891 INFO c.h.h.t.HelmChartContainer - [hivemq-test-hivemq-platform] [hivemq-platform-operator] [0a62c734] 04:02:51.888 [ReconcilerExecutor-hivemq-controller-116] DEBUG c.h.p.o.HiveMQPlatformReconciler - [updatelo] Custom Resource Status RUNNING - HiveMQ Platform is ready (READY) (reconciliation requests: REQUESTS_UPDATED, SCALING, SET_LOG_LEVEL)
2025-01-30 04:02:51,891 INFO c.h.h.t.HelmChartContainer - [hivemq-test-hivemq-platform] [hivemq-platform-operator] [0a62c734] 04:02:51.888 [ReconcilerExecutor-hivemq-controller-116] DEBUG c.h.p.o.HiveMQPlatformReconciler - [updatelo] Custom Resource Spec (replicas: 2) (extensions: 1)
2025-01-30 04:02:51,892 INFO c.h.h.t.HelmChartContainer - [hivemq-test-hivemq-platform] [hivemq-platform-operator] [0a62c734] 04:02:51.891 [ReconcilerExecutor-hivemq-controller-116] DEBUG c.h.p.o.HiveMQPlatformReconciler - [updatelo] StatefulSet Status (revision: test-hivemq-platform-b697f795f, replicas: 1, available: 1, ready: 1, current: 1, updated: 1)
2025-01-30 04:02:51,892 INFO c.h.h.t.HelmChartContainer - [hivemq-test-hivemq-platform] [hivemq-platform-operator] [0a62c734] 04:02:51.891 [ReconcilerExecutor-hivemq-controller-116] DEBUG c.h.p.o.HiveMQPlatformReconciler - [updatelo] StatefulSet Spec (replicas: 2, init containers: 1, containers: 1, volumes: 3)
2025-01-30 04:02:51,896 INFO c.h.h.t.HelmChartContainer - [hivemq-test-hivemq-platform] [hivemq-platform-operator] [0a62c734] 04:02:51.893 [ReconcilerExecutor-hivemq-controller-116] DEBUG c.h.p.o.h.HiveMQPlatformReconcilerErrorHandler - [updatelo] Pod 'test-hivemq-platform-0' phase Running
2025-01-30 04:02:51,900 INFO c.h.h.t.HelmChartContainer - [POD] test-hivemq-platform-1 [4b934008-e97c-4022-993b-e29ac1061af8] in updateloglevelit was ADDED
2025-01-30 04:02:51,903 INFO c.h.h.t.HelmChartContainer - [hivemq-test-hivemq-platform] [hivemq-platform-operator] [0a62c734] 04:02:51.896 [ReconcilerExecutor-hivemq-controller-116] INFO  c.h.p.o.h.HiveMQPlatformReconcilerBaseHandler - [updatelo] Started update of log level (changing to WARN)
2025-01-30 04:02:51,904 INFO c.h.h.t.HelmChartContainer - [EVENT] Normal [SuccessfulCreate] create Pod test-hivemq-platform-1 in StatefulSet test-hivemq-platform successful [updateloglevelit:test-hivemq-platform]
2025-01-30 04:02:51,910 INFO c.h.h.t.HelmChartContainer - [EVENT] Normal [Scheduled] Successfully assigned updateloglevelit/test-hivemq-platform-1 to f66bc3b5d801 [updateloglevelit:test-hivemq-platform-1]
2025-01-30 04:02:51,912 INFO c.h.h.t.HelmChartContainer - [POD] test-hivemq-platform-1 [4b934008-e97c-4022-993b-e29ac1061af8] in updateloglevelit was MODIFIED
2025-01-30 04:02:51,928 INFO c.h.h.t.HelmChartContainer - [POD] test-hivemq-platform-1 [4b934008-e97c-4022-993b-e29ac1061af8] in updateloglevelit was MODIFIED
2025-01-30 04:02:52,014 INFO c.h.h.t.HelmChartContainer - [K3S] [reconciler_common.go:251] "operationExecutor.VerifyControllerAttachedVolume started for volume \"operator-init\" (UniqueName: \"kubernetes.io/empty-dir/4b934008-e97c-4022-993b-e29ac1061af8-operator-init\") pod \"test-hivemq-platform-1\" (UID: \"4b934008-e97c-4022-993b-e29ac1061af8\") " pod="updateloglevelit/test-hivemq-platform-1"
2025-01-30 04:02:52,014 INFO c.h.h.t.HelmChartContainer - [K3S] [reconciler_common.go:251] "operationExecutor.VerifyControllerAttachedVolume started for volume \"pod-info\" (UniqueName: \"kubernetes.io/configmap/4b934008-e97c-4022-993b-e29ac1061af8-pod-info\") pod \"test-hivemq-platform-1\" (UID: \"4b934008-e97c-4022-993b-e29ac1061af8\") " pod="updateloglevelit/test-hivemq-platform-1"
2025-01-30 04:02:52,014 INFO c.h.h.t.HelmChartContainer - [K3S] [reconciler_common.go:251] "operationExecutor.VerifyControllerAttachedVolume started for volume \"kube-api-access-nr7vl\" (UniqueName: \"kubernetes.io/projected/4b934008-e97c-4022-993b-e29ac1061af8-kube-api-access-nr7vl\") pod \"test-hivemq-platform-1\" (UID: \"4b934008-e97c-4022-993b-e29ac1061af8\") " pod="updateloglevelit/test-hivemq-platform-1"
2025-01-30 04:02:52,014 INFO c.h.h.t.HelmChartContainer - [K3S] [reconciler_common.go:251] "operationExecutor.VerifyControllerAttachedVolume started for volume \"broker-configuration\" (UniqueName: \"kubernetes.io/configmap/4b934008-e97c-4022-993b-e29ac1061af8-broker-configuration\") pod \"test-hivemq-platform-1\" (UID: \"4b934008-e97c-4022-993b-e29ac1061af8\") " pod="updateloglevelit/test-hivemq-platform-1"
2025-01-30 04:02:52,021 INFO c.h.h.t.HelmChartContainer - [hivemq-test-hivemq-platform] [hivemq-platform-operator] [0a62c734] 04:02:52.019 [ReconcilerExecutor-hivemq-controller-116] DEBUG c.h.p.operator.event.EventSender - [updatelo] Creating K8s event set-log-level-started: [SetLogLevel] HiveMQ Platform is updating the log level to WARN
2025-01-30 04:02:52,025 INFO c.h.h.t.HelmChartContainer - [EVENT] Normal [SetLogLevel] HiveMQ Platform is updating the log level to WARN [updateloglevelit:test-hivemq-platform]
2025-01-30 04:02:52,074 INFO c.h.h.t.HelmChartContainer - [hivemq-test-hivemq-platform] [hivemq-platform-operator] [0a62c734] 04:02:52.073 [ReconcilerExecutor-hivemq-controller-116] INFO  c.h.p.o.h.AbstractHiveMQReconcilerStateHandler - [updatelo] Update HiveMQ Platform Status (RUNNING [READY] -> SET_LOG_LEVEL [SET_LOG_LEVEL]): HiveMQ Platform is updating the log level to WARN (reconciliation requests: SCALING)
2025-01-30 04:02:52,084 DEBUG com.hivemq.helmcharts.util.K8sUtil - Comparing actual state 'SET_LOG_LEVEL' and waiting for 'SET_LOG_LEVEL'
2025-01-30 04:02:52,091 DEBUG com.hivemq.helmcharts.util.K8sUtil - Comparing actual state 'SET_LOG_LEVEL' and waiting for 'RUNNING'
2025-01-30 04:02:52,122 INFO c.h.h.t.HelmChartContainer - [hivemq-test-hivemq-platform] [hivemq-platform-operator] [0a62c734] 04:02:52.120 [pool-6-thread-35] DEBUG c.h.p.o.d.PlatformServiceResource - [updatelo] Desired Platform services (3 services)
2025-01-30 04:02:52,175 INFO c.h.h.t.HelmChartContainer - [hivemq-test-hivemq-platform] [hivemq-platform-operator] [0a62c734] 04:02:52.121 [pool-6-thread-39] DEBUG c.h.p.o.dependants.PodInfoConfigMap - [updatelo] Desired PodInfo ConfigMap (1 extensions) (1 enabled)
2025-01-30 04:02:52,175 INFO c.h.h.t.HelmChartContainer - [hivemq-test-hivemq-platform] [hivemq-platform-operator] [0a62c734] 04:02:52.172 [pool-6-thread-39] DEBUG c.h.p.o.dependants.PodInfoConfigMap - [updatelo] Desired PodInfo ConfigMap (metrics port: 9399) (metrics path: /)
2025-01-30 04:02:52,175 INFO c.h.h.t.HelmChartContainer - [hivemq-test-hivemq-platform] [hivemq-platform-operator] [0a62c734] 04:02:52.173 [pool-6-thread-39] DEBUG c.h.p.o.dependants.PodInfoConfigMap - [updatelo] Desired PodInfo ConfigMap (extension state hash: -1817474005)
2025-01-30 04:02:52,175 INFO c.h.h.t.HelmChartContainer - [hivemq-test-hivemq-platform] [hivemq-platform-operator] [0a62c734] 04:02:52.173 [pool-6-thread-34] DEBUG c.h.p.o.d.PodServiceAccountResource - [updatelo] Desired PodServiceAccountResource (serviceAccountName: hivemq-platform-pod-test-hivemq-platform)
2025-01-30 04:02:52,177 INFO c.h.h.t.HelmChartContainer - [hivemq-test-hivemq-platform] [hivemq-platform-operator] [0a62c734] 04:02:52.173 [pool-6-thread-39] DEBUG c.h.p.o.dependants.PodInfoConfigMap - [updatelo] Update PodInfo ConfigMap
2025-01-30 04:02:52,187 INFO c.h.h.t.HelmChartContainer - [hivemq-test-hivemq-platform] [hivemq-platform-operator] [0a62c734] 04:02:52.186 [pool-6-thread-39] DEBUG c.h.p.o.d.StatefulSetResource - [updatelo] Desired StatefulSet (2 replicas) for status SET_LOG_LEVEL (SET_LOG_LEVEL)
2025-01-30 04:02:52,222 INFO c.h.h.t.HelmChartContainer - [hivemq-test-hivemq-platform] [hivemq-platform-operator] [0a62c734] 04:02:52.220 [ReconcilerExecutor-hivemq-controller-117] INFO  c.h.p.o.HiveMQPlatformReconciler - [updatelo] Reconciling HiveMQ Platform 'test-hivemq-platform' in namespace 'updateloglevelit'
2025-01-30 04:02:52,222 INFO c.h.h.t.HelmChartContainer - [hivemq-test-hivemq-platform] [hivemq-platform-operator] [0a62c734] 04:02:52.220 [ReconcilerExecutor-hivemq-controller-117] DEBUG c.h.p.o.HiveMQPlatformReconciler - [updatelo] Custom Resource Status SET_LOG_LEVEL - HiveMQ Platform is updating the log level to WARN (SET_LOG_LEVEL) (reconciliation requests: SCALING)
2025-01-30 04:02:52,222 INFO c.h.h.t.HelmChartContainer - [hivemq-test-hivemq-platform] [hivemq-platform-operator] [0a62c734] 04:02:52.220 [ReconcilerExecutor-hivemq-controller-117] DEBUG c.h.p.o.HiveMQPlatformReconciler - [updatelo] Custom Resource Spec (replicas: 2) (extensions: 1)
2025-01-30 04:02:52,224 INFO c.h.h.t.HelmChartContainer - [hivemq-test-hivemq-platform] [hivemq-platform-operator] [0a62c734] 04:02:52.223 [ReconcilerExecutor-hivemq-controller-117] DEBUG c.h.p.o.HiveMQPlatformReconciler - [updatelo] StatefulSet Status (revision: test-hivemq-platform-b697f795f, replicas: 2, available: 1, ready: 1, current: 2, updated: 2)
2025-01-30 04:02:52,224 INFO c.h.h.t.HelmChartContainer - [hivemq-test-hivemq-platform] [hivemq-platform-operator] [0a62c734] 04:02:52.223 [ReconcilerExecutor-hivemq-controller-117] DEBUG c.h.p.o.HiveMQPlatformReconciler - [updatelo] StatefulSet Spec (replicas: 2, init containers: 1, containers: 1, volumes: 3)
2025-01-30 04:02:52,275 INFO c.h.h.t.HelmChartContainer - [hivemq-test-hivemq-platform] [hivemq-platform-operator] [0a62c734] 04:02:52.273 [ReconcilerExecutor-hivemq-controller-117] DEBUG c.h.p.o.h.HiveMQPlatformReconcilerErrorHandler - [updatelo] Pod 'test-hivemq-platform-1' phase Pending
2025-01-30 04:02:52,275 INFO c.h.h.t.HelmChartContainer - [hivemq-test-hivemq-platform] [hivemq-platform-operator] [0a62c734] 04:02:52.273 [ReconcilerExecutor-hivemq-controller-117] DEBUG c.h.p.o.h.HiveMQPlatformReconcilerErrorHandler - [updatelo] Pod 'test-hivemq-platform-1' condition 'PodReadyToStartContainers': False
2025-01-30 04:02:52,275 INFO c.h.h.t.HelmChartContainer - [hivemq-test-hivemq-platform] [hivemq-platform-operator] [0a62c734] 04:02:52.273 [ReconcilerExecutor-hivemq-controller-117] DEBUG c.h.p.o.h.HiveMQPlatformReconcilerErrorHandler - [updatelo] Pod 'test-hivemq-platform-1' condition 'Initialized': False
2025-01-30 04:02:52,275 INFO c.h.h.t.HelmChartContainer - [hivemq-test-hivemq-platform] [hivemq-platform-operator] [0a62c734] 04:02:52.273 [ReconcilerExecutor-hivemq-controller-117] DEBUG c.h.p.o.h.HiveMQPlatformReconcilerErrorHandler - [updatelo] Pod 'test-hivemq-platform-1' condition 'Ready': False
2025-01-30 04:02:52,275 INFO c.h.h.t.HelmChartContainer - [hivemq-test-hivemq-platform] [hivemq-platform-operator] [0a62c734] 04:02:52.273 [ReconcilerExecutor-hivemq-controller-117] DEBUG c.h.p.o.h.HiveMQPlatformReconcilerErrorHandler - [updatelo] Pod 'test-hivemq-platform-1' condition 'ContainersReady': False
2025-01-30 04:02:52,275 INFO c.h.h.t.HelmChartContainer - [hivemq-test-hivemq-platform] [hivemq-platform-operator] [0a62c734] 04:02:52.273 [ReconcilerExecutor-hivemq-controller-117] DEBUG c.h.p.o.h.HiveMQPlatformReconcilerErrorHandler - [updatelo] Pod 'test-hivemq-platform-1' condition 'PodScheduled': True
2025-01-30 04:02:52,276 INFO c.h.h.t.HelmChartContainer - [hivemq-test-hivemq-platform] [hivemq-platform-operator] [0a62c734] 04:02:52.273 [ReconcilerExecutor-hivemq-controller-117] DEBUG c.h.p.o.h.HiveMQPlatformReconcilerErrorHandler - [updatelo] Pod 'test-hivemq-platform-1' containerStatus 'hivemq' (started: false) (ready: false) (waiting: [PodInitializing] null)
2025-01-30 04:02:52,276 INFO c.h.h.t.HelmChartContainer - [hivemq-test-hivemq-platform] [hivemq-platform-operator] [0a62c734] 04:02:52.275 [ReconcilerExecutor-hivemq-controller-117] DEBUG c.h.p.o.h.HiveMQPlatformReconcilerErrorHandler - [updatelo] Pod 'test-hivemq-platform-0' phase Running
2025-01-30 04:02:52,287 INFO c.h.h.t.HelmChartContainer - [hivemq-test-hivemq-platform] [hivemq-platform-operator] [0a62c734] 04:02:52.286 [ReconcilerExecutor-hivemq-controller-117] DEBUG c.h.p.o.h.HiveMQPlatformReconcilerSetLogLevelHandler - [updatelo] Setting log level on Pod 'test-hivemq-platform-1'
2025-01-30 04:02:52,289 INFO c.h.h.t.HelmChartContainer - [hivemq-test-hivemq-platform] [hivemq-platform-operator] [0a62c734] 04:02:52.288 [ForkJoinPool.commonPool-worker-1] DEBUG c.h.p.o.h.HiveMQPlatformReconcilerSetLogLevelHandler - [updatelo] Setting log level on Pod 'test-hivemq-platform-0'
2025-01-30 04:02:52,298 INFO c.h.h.t.HelmChartContainer - [hivemq-test-hivemq-platform] [hivemq-platform-operator] [0a62c734] 04:02:52.297 [ReconcilerExecutor-hivemq-controller-117] DEBUG c.h.platform.operator.util.PodUtil - Pod 'test-hivemq-platform-1' is not running
2025-01-30 04:02:52,302 INFO c.h.h.t.HelmChartContainer - [hivemq-test-hivemq-platform] [hivemq-platform-operator] [0a62c734] 04:02:52.299 [ReconcilerExecutor-hivemq-controller-117] ERROR i.j.o.p.event.EventProcessor - Error during event processing ExecutionScope{ resource id: ResourceID{name='test-hivemq-platform', namespace='updateloglevelit'}, version: 901}
2025-01-30 04:02:52,302 INFO c.h.h.t.HelmChartContainer - [hivemq-test-hivemq-platform] [hivemq-platform-operator] [0a62c734] io.javaoperatorsdk.operator.OperatorException: java.lang.IllegalStateException: Pod 'test-hivemq-platform-1' in namespace 'updateloglevelit' is not running, cannot execute command '[curl, -s, http://null:7979/setLogLevel?level=WARN]'
2025-01-30 04:02:52,302 INFO c.h.h.t.HelmChartContainer - [hivemq-test-hivemq-platform] [hivemq-platform-operator] [0a62c734] 	at io.javaoperatorsdk.operator.monitoring.micrometer.MicrometerMetrics.lambda$timeControllerExecution$0(MicrometerMetrics.java:165)
2025-01-30 04:02:52,302 INFO c.h.h.t.HelmChartContainer - [hivemq-test-hivemq-platform] [hivemq-platform-operator] [0a62c734] 	at io.micrometer.core.instrument.AbstractTimer.record(AbstractTimer.java:190)
2025-01-30 04:02:52,302 INFO c.h.h.t.HelmChartContainer - [hivemq-test-hivemq-platform] [hivemq-platform-operator] [0a62c734] 	at io.javaoperatorsdk.operator.monitoring.micrometer.MicrometerMetrics.timeControllerExecution(MicrometerMetrics.java:161)
2025-01-30 04:02:52,302 INFO c.h.h.t.HelmChartContainer - [hivemq-test-hivemq-platform] [hivemq-platform-operator] [0a62c734] 	at io.javaoperatorsdk.operator.processing.Controller.reconcile(Controller.java:109)
2025-01-30 04:02:52,302 INFO c.h.h.t.HelmChartContainer - [hivemq-test-hivemq-platform] [hivemq-platform-operator] [0a62c734] 	at io.javaoperatorsdk.operator.processing.event.ReconciliationDispatcher.reconcileExecution(ReconciliationDispatcher.java:136)
2025-01-30 04:02:52,302 INFO c.h.h.t.HelmChartContainer - [hivemq-test-hivemq-platform] [hivemq-platform-operator] [0a62c734] 	at io.javaoperatorsdk.operator.processing.event.ReconciliationDispatcher.handleReconcile(ReconciliationDispatcher.java:117)
2025-01-30 04:02:52,302 INFO c.h.h.t.HelmChartContainer - [hivemq-test-hivemq-platform] [hivemq-platform-operator] [0a62c734] 	at io.javaoperatorsdk.operator.processing.event.ReconciliationDispatcher.handleDispatch(ReconciliationDispatcher.java:91)
2025-01-30 04:02:52,302 INFO c.h.h.t.HelmChartContainer - [hivemq-test-hivemq-platform] [hivemq-platform-operator] [0a62c734] 	at io.javaoperatorsdk.operator.processing.event.ReconciliationDispatcher.handleExecution(ReconciliationDispatcher.java:64)
2025-01-30 04:02:52,302 INFO c.h.h.t.HelmChartContainer - [hivemq-test-hivemq-platform] [hivemq-platform-operator] [0a62c734] 	at io.javaoperatorsdk.operator.processing.event.EventProcessor$ReconcilerExecutor.run(EventProcessor.java:452)
2025-01-30 04:02:52,302 INFO c.h.h.t.HelmChartContainer - [hivemq-test-hivemq-platform] [hivemq-platform-operator] [0a62c734] 	at java.base/java.util.concurrent.ThreadPoolExecutor.runWorker(Unknown Source)
2025-01-30 04:02:52,302 INFO c.h.h.t.HelmChartContainer - [hivemq-test-hivemq-platform] [hivemq-platform-operator] [0a62c734] 	at java.base/java.util.concurrent.ThreadPoolExecutor$Worker.run(Unknown Source)
2025-01-30 04:02:52,302 INFO c.h.h.t.HelmChartContainer - [hivemq-test-hivemq-platform] [hivemq-platform-operator] [0a62c734] 	at java.base/java.lang.Thread.run(Unknown Source)
2025-01-30 04:02:52,302 INFO c.h.h.t.HelmChartContainer - [hivemq-test-hivemq-platform] [hivemq-platform-operator] [0a62c734] Caused by: java.lang.IllegalStateException: Pod 'test-hivemq-platform-1' in namespace 'updateloglevelit' is not running, cannot execute command '[curl, -s, http://null:7979/setLogLevel?level=WARN]'
2025-01-30 04:02:52,303 INFO c.h.h.t.HelmChartContainer - [hivemq-test-hivemq-platform] [hivemq-platform-operator] [0a62c734] 	at com.hivemq.platform.operator.util.PodUtil.execute(PodUtil.java:74)
2025-01-30 04:02:52,303 INFO c.h.h.t.HelmChartContainer - [hivemq-test-hivemq-platform] [hivemq-platform-operator] [0a62c734] 	at com.hivemq.platform.operator.util.RestApiUtil.lambda$callRestApi$1(RestApiUtil.java:44)
2025-01-30 04:02:52,303 INFO c.h.h.t.HelmChartContainer - [hivemq-test-hivemq-platform] [hivemq-platform-operator] [0a62c734] 	at java.base/java.util.stream.ForEachOps$ForEachOp$OfRef.accept(Unknown Source)
2025-01-30 04:02:52,303 INFO c.h.h.t.HelmChartContainer - [hivemq-test-hivemq-platform] [hivemq-platform-operator] [0a62c734] 	at java.base/java.util.stream.ReferencePipeline$2$1.accept(Unknown Source)
2025-01-30 04:02:52,303 INFO c.h.h.t.HelmChartContainer - [hivemq-test-hivemq-platform] [hivemq-platform-operator] [0a62c734] 	at java.base/java.util.ArrayList$ArrayListSpliterator.forEachRemaining(Unknown Source)
2025-01-30 04:02:52,303 INFO c.h.h.t.HelmChartContainer - [hivemq-test-hivemq-platform] [hivemq-platform-operator] [0a62c734] 	at java.base/java.util.stream.AbstractPipeline.copyInto(Unknown Source)
2025-01-30 04:02:52,303 INFO c.h.h.t.HelmChartContainer - [hivemq-test-hivemq-platform] [hivemq-platform-operator] [0a62c734] 	at java.base/java.util.stream.ForEachOps$ForEachTask.compute(Unknown Source)
2025-01-30 04:02:52,303 INFO c.h.h.t.HelmChartContainer - [hivemq-test-hivemq-platform] [hivemq-platform-operator] [0a62c734] 	at java.base/java.util.concurrent.CountedCompleter.exec(Unknown Source)
2025-01-30 04:02:52,303 INFO c.h.h.t.HelmChartContainer - [hivemq-test-hivemq-platform] [hivemq-platform-operator] [0a62c734] 	at java.base/java.util.concurrent.ForkJoinTask.doExec(Unknown Source)
2025-01-30 04:02:52,303 INFO c.h.h.t.HelmChartContainer - [hivemq-test-hivemq-platform] [hivemq-platform-operator] [0a62c734] 	at java.base/java.util.concurrent.ForkJoinTask.invoke(Unknown Source)
2025-01-30 04:02:52,303 INFO c.h.h.t.HelmChartContainer - [hivemq-test-hivemq-platform] [hivemq-platform-operator] [0a62c734] 	at java.base/java.util.stream.ForEachOps$ForEachOp.evaluateParallel(Unknown Source)
2025-01-30 04:02:52,303 INFO c.h.h.t.HelmChartContainer - [hivemq-test-hivemq-platform] [hivemq-platform-operator] [0a62c734] 	at java.base/java.util.stream.ForEachOps$ForEachOp$OfRef.evaluateParallel(Unknown Source)
2025-01-30 04:02:52,304 INFO c.h.h.t.HelmChartContainer - [hivemq-test-hivemq-platform] [hivemq-platform-operator] [0a62c734] 	at java.base/java.util.stream.AbstractPipeline.evaluate(Unknown Source)
2025-01-30 04:02:52,304 INFO c.h.h.t.HelmChartContainer - [hivemq-test-hivemq-platform] [hivemq-platform-operator] [0a62c734] 	at java.base/java.util.stream.ReferencePipeline.forEach(Unknown Source)
2025-01-30 04:02:52,304 INFO c.h.h.t.HelmChartContainer - [hivemq-test-hivemq-platform] [hivemq-platform-operator] [0a62c734] 	at com.hivemq.platform.operator.util.RestApiUtil.callRestApi(RestApiUtil.java:40)
2025-01-30 04:02:52,304 INFO c.h.h.t.HelmChartContainer - [hivemq-test-hivemq-platform] [hivemq-platform-operator] [0a62c734] 	at com.hivemq.platform.operator.http.RestApiService.callRestApi(RestApiService.java:63)
2025-01-30 04:02:52,304 INFO c.h.h.t.HelmChartContainer - [hivemq-test-hivemq-platform] [hivemq-platform-operator] [0a62c734] 	at com.hivemq.platform.operator.handler.HiveMQPlatformReconcilerSetLogLevelHandler.handleSetLogLevel(HiveMQPlatformReconcilerSetLogLevelHandler.java:49)
2025-01-30 04:02:52,304 INFO c.h.h.t.HelmChartContainer - [hivemq-test-hivemq-platform] [hivemq-platform-operator] [0a62c734] 	at com.hivemq.platform.operator.HiveMQPlatformReconciler.reconcile(HiveMQPlatformReconciler.java:243)
2025-01-30 04:02:52,304 INFO c.h.h.t.HelmChartContainer - [hivemq-test-hivemq-platform] [hivemq-platform-operator] [0a62c734] 	at com.hivemq.platform.operator.HiveMQPlatformReconciler.reconcile(HiveMQPlatformReconciler.java:227)
2025-01-30 04:02:52,304 INFO c.h.h.t.HelmChartContainer - [hivemq-test-hivemq-platform] [hivemq-platform-operator] [0a62c734] 	at com.hivemq.platform.operator.HiveMQPlatformReconciler.reconcile(HiveMQPlatformReconciler.java:71)
2025-01-30 04:02:52,304 INFO c.h.h.t.HelmChartContainer - [hivemq-test-hivemq-platform] [hivemq-platform-operator] [0a62c734] 	at io.javaoperatorsdk.operator.processing.Controller$1.execute(Controller.java:149)
2025-01-30 04:02:52,304 INFO c.h.h.t.HelmChartContainer - [hivemq-test-hivemq-platform] [hivemq-platform-operator] [0a62c734] 	at io.javaoperatorsdk.operator.processing.Controller$1.execute(Controller.java:110)
2025-01-30 04:02:52,304 INFO c.h.h.t.HelmChartContainer - [hivemq-test-hivemq-platform] [hivemq-platform-operator] [0a62c734] 	at io.javaoperatorsdk.operator.monitoring.micrometer.MicrometerMetrics.lambda$timeControllerExecution$0(MicrometerMetrics.java:163)
2025-01-30 04:02:52,304 INFO c.h.h.t.HelmChartContainer - [hivemq-test-hivemq-platform] [hivemq-platform-operator] [0a62c734] 	... 11 common frames omitted
2025-01-30 04:02:52,312 INFO c.h.h.t.HelmChartContainer - [EVENT] Normal [Pulled] Container image "docker.io/hivemq/hivemq-platform-operator-init-test:snapshot" already present on machine [updateloglevelit:test-hivemq-platform-1]
2025-01-30 04:02:52,325 INFO c.h.h.t.HelmChartContainer - [EVENT] Normal [Created] Created container: hivemq-platform-operator-init [updateloglevelit:test-hivemq-platform-1]
2025-01-30 04:02:52,367 INFO c.h.h.t.HelmChartContainer - [EVENT] Normal [Started] Started container hivemq-platform-operator-init [updateloglevelit:test-hivemq-platform-1]
2025-01-30 04:02:52,546 INFO c.h.h.t.HelmChartContainer - [test-hivemq-platform] [hivemq] [24f4f965] INFO  - [HiveMQ Platform Operator Init App 1.7.0-SNAPSHOT] Set log level from ${HIVEMQ_LOG_LEVEL:-INFO} to WARN in logback.xml file
2025-01-30 04:02:52,571 INFO c.h.h.t.HelmChartContainer - [hivemq-test-hivemq-platform] [hivemq-platform-operator] [0a62c734] 04:02:52.568 [vert.x-eventloop-thread-0] DEBUG c.h.platform.operator.util.PodUtil - Received status for command '[curl, -s, http://10.42.0.9:7979/setLogLevel?level=WARN]' on Pod 'test-hivemq-platform-0' (exit code: 0)
2025-01-30 04:02:53,370 INFO c.h.h.t.HelmChartContainer - [EVENT] Normal [Pulled] Container image "docker.io/hivemq/hivemq4:4.36.0" already present on machine [updateloglevelit:test-hivemq-platform-1]
2025-01-30 04:02:53,370 INFO c.h.h.t.HelmChartContainer - Received Pulled event for container hivemq in pod test-hivemq-platform-1 [4b934008-e97c-4022-993b-e29ac1061af8]
2025-01-30 04:02:53,384 INFO c.h.h.t.HelmChartContainer - [EVENT] Normal [Created] Created container: hivemq [updateloglevelit:test-hivemq-platform-1]
2025-01-30 04:02:53,384 INFO c.h.h.t.HelmChartContainer - Received Created event for container hivemq in pod test-hivemq-platform-1 [4b934008-e97c-4022-993b-e29ac1061af8]
2025-01-30 04:02:53,396 INFO c.h.h.t.HelmChartContainer - [POD] test-hivemq-platform-1 [4b934008-e97c-4022-993b-e29ac1061af8] in updateloglevelit was MODIFIED
2025-01-30 04:02:53,405 INFO c.h.h.t.HelmChartContainer - [hivemq-test-hivemq-platform] [hivemq-platform-operator] [0a62c734] 04:02:53.395 [pool-6-thread-45] DEBUG c.h.p.o.d.PlatformServiceResource - [updatelo] Desired Platform services (3 services)
2025-01-30 04:02:53,422 INFO c.h.h.t.HelmChartContainer - [hivemq-test-hivemq-platform] [hivemq-platform-operator] [0a62c734] 04:02:53.399 [pool-6-thread-49] DEBUG c.h.p.o.dependants.PodInfoConfigMap - [updatelo] Desired PodInfo ConfigMap (1 extensions) (1 enabled)
2025-01-30 04:02:53,422 INFO c.h.h.t.HelmChartContainer - [hivemq-test-hivemq-platform] [hivemq-platform-operator] [0a62c734] 04:02:53.399 [pool-6-thread-49] DEBUG c.h.p.o.dependants.PodInfoConfigMap - [updatelo] Desired PodInfo ConfigMap (metrics port: 9399) (metrics path: /)
2025-01-30 04:02:53,422 INFO c.h.h.t.HelmChartContainer - [hivemq-test-hivemq-platform] [hivemq-platform-operator] [0a62c734] 04:02:53.399 [pool-6-thread-49] DEBUG c.h.p.o.dependants.PodInfoConfigMap - [updatelo] Desired PodInfo ConfigMap (extension state hash: -1817474005)
2025-01-30 04:02:53,422 INFO c.h.h.t.HelmChartContainer - [hivemq-test-hivemq-platform] [hivemq-platform-operator] [0a62c734] 04:02:53.406 [pool-6-thread-43] DEBUG c.h.p.o.d.PodServiceAccountResource - [updatelo] Desired PodServiceAccountResource (serviceAccountName: hivemq-platform-pod-test-hivemq-platform)
2025-01-30 04:02:53,477 INFO c.h.h.t.HelmChartContainer - [hivemq-test-hivemq-platform] [hivemq-platform-operator] [0a62c734] 04:02:53.474 [pool-6-thread-46] DEBUG c.h.p.o.d.StatefulSetResource - [updatelo] Desired StatefulSet (2 replicas) for status SET_LOG_LEVEL (SET_LOG_LEVEL)
2025-01-30 04:02:53,485 INFO c.h.h.t.HelmChartContainer - [hivemq-test-hivemq-platform] [hivemq-platform-operator] [0a62c734] 04:02:53.481 [ReconcilerExecutor-hivemq-controller-120] INFO  c.h.p.o.HiveMQPlatformReconciler - [updatelo] Reconciling HiveMQ Platform 'test-hivemq-platform' in namespace 'updateloglevelit'
2025-01-30 04:02:53,486 INFO c.h.h.t.HelmChartContainer - [hivemq-test-hivemq-platform] [hivemq-platform-operator] [0a62c734] 04:02:53.482 [ReconcilerExecutor-hivemq-controller-120] DEBUG c.h.p.o.HiveMQPlatformReconciler - [updatelo] Custom Resource Status SET_LOG_LEVEL - HiveMQ Platform is updating the log level to WARN (SET_LOG_LEVEL) (reconciliation requests: SCALING)
2025-01-30 04:02:53,486 INFO c.h.h.t.HelmChartContainer - [hivemq-test-hivemq-platform] [hivemq-platform-operator] [0a62c734] 04:02:53.482 [ReconcilerExecutor-hivemq-controller-120] DEBUG c.h.p.o.HiveMQPlatformReconciler - [updatelo] Custom Resource Spec (replicas: 2) (extensions: 1)
2025-01-30 04:02:53,487 INFO c.h.h.t.HelmChartContainer - [hivemq-test-hivemq-platform] [hivemq-platform-operator] [0a62c734] 04:02:53.486 [ReconcilerExecutor-hivemq-controller-120] DEBUG c.h.p.o.HiveMQPlatformReconciler - [updatelo] StatefulSet Status (revision: test-hivemq-platform-b697f795f, replicas: 2, available: 1, ready: 1, current: 2, updated: 2)
2025-01-30 04:02:53,488 INFO c.h.h.t.HelmChartContainer - [hivemq-test-hivemq-platform] [hivemq-platform-operator] [0a62c734] 04:02:53.487 [ReconcilerExecutor-hivemq-controller-120] DEBUG c.h.p.o.HiveMQPlatformReconciler - [updatelo] StatefulSet Spec (replicas: 2, init containers: 1, containers: 1, volumes: 3)
2025-01-30 04:02:53,491 INFO c.h.h.t.HelmChartContainer - [hivemq-test-hivemq-platform] [hivemq-platform-operator] [0a62c734] 04:02:53.490 [ReconcilerExecutor-hivemq-controller-120] DEBUG c.h.p.o.h.HiveMQPlatformReconcilerErrorHandler - [updatelo] Pod 'test-hivemq-platform-1' phase Pending
2025-01-30 04:02:53,494 INFO c.h.h.t.HelmChartContainer - [hivemq-test-hivemq-platform] [hivemq-platform-operator] [0a62c734] 04:02:53.491 [ReconcilerExecutor-hivemq-controller-120] DEBUG c.h.p.o.h.HiveMQPlatformReconcilerErrorHandler - [updatelo] Pod 'test-hivemq-platform-1' condition 'PodReadyToStartContainers': True
2025-01-30 04:02:53,495 INFO c.h.h.t.HelmChartContainer - [hivemq-test-hivemq-platform] [hivemq-platform-operator] [0a62c734] 04:02:53.491 [ReconcilerExecutor-hivemq-controller-120] DEBUG c.h.p.o.h.HiveMQPlatformReconcilerErrorHandler - [updatelo] Pod 'test-hivemq-platform-1' condition 'Initialized': True
2025-01-30 04:02:53,496 INFO c.h.h.t.HelmChartContainer - [hivemq-test-hivemq-platform] [hivemq-platform-operator] [0a62c734] 04:02:53.491 [ReconcilerExecutor-hivemq-controller-120] DEBUG c.h.p.o.h.HiveMQPlatformReconcilerErrorHandler - [updatelo] Pod 'test-hivemq-platform-1' condition 'Ready': False
2025-01-30 04:02:53,496 INFO c.h.h.t.HelmChartContainer - [hivemq-test-hivemq-platform] [hivemq-platform-operator] [0a62c734] 04:02:53.491 [ReconcilerExecutor-hivemq-controller-120] DEBUG c.h.p.o.h.HiveMQPlatformReconcilerErrorHandler - [updatelo] Pod 'test-hivemq-platform-1' condition 'ContainersReady': False
2025-01-30 04:02:53,496 INFO c.h.h.t.HelmChartContainer - [hivemq-test-hivemq-platform] [hivemq-platform-operator] [0a62c734] 04:02:53.491 [ReconcilerExecutor-hivemq-controller-120] DEBUG c.h.p.o.h.HiveMQPlatformReconcilerErrorHandler - [updatelo] Pod 'test-hivemq-platform-1' condition 'PodScheduled': True
2025-01-30 04:02:53,496 INFO c.h.h.t.HelmChartContainer - [hivemq-test-hivemq-platform] [hivemq-platform-operator] [0a62c734] 04:02:53.491 [ReconcilerExecutor-hivemq-controller-120] DEBUG c.h.p.o.h.HiveMQPlatformReconcilerErrorHandler - [updatelo] Pod 'test-hivemq-platform-1' containerStatus 'hivemq' (started: false) (ready: false) (waiting: [PodInitializing] null)
2025-01-30 04:02:53,496 INFO c.h.h.t.HelmChartContainer - [hivemq-test-hivemq-platform] [hivemq-platform-operator] [0a62c734] 04:02:53.492 [ReconcilerExecutor-hivemq-controller-120] DEBUG c.h.p.o.h.HiveMQPlatformReconcilerErrorHandler - [updatelo] Pod 'test-hivemq-platform-0' phase Running
2025-01-30 04:02:53,577 INFO c.h.h.t.HelmChartContainer - [hivemq-test-hivemq-platform] [hivemq-platform-operator] [0a62c734] 04:02:53.576 [ReconcilerExecutor-hivemq-controller-120] DEBUG c.h.p.o.h.HiveMQPlatformReconcilerSetLogLevelHandler - [updatelo] Setting log level on Pod 'test-hivemq-platform-1'
2025-01-30 04:02:53,581 INFO c.h.h.t.HelmChartContainer - [hivemq-test-hivemq-platform] [hivemq-platform-operator] [0a62c734] 04:02:53.576 [ForkJoinPool.commonPool-worker-1] DEBUG c.h.p.o.h.HiveMQPlatformReconcilerSetLogLevelHandler - [updatelo] Setting log level on Pod 'test-hivemq-platform-0'
2025-01-30 04:02:53,584 INFO c.h.h.t.HelmChartContainer - [hivemq-test-hivemq-platform] [hivemq-platform-operator] [0a62c734] 04:02:53.583 [ReconcilerExecutor-hivemq-controller-120] DEBUG c.h.platform.operator.util.PodUtil - Pod 'test-hivemq-platform-1' is not running
2025-01-30 04:02:53,586 INFO c.h.h.t.HelmChartContainer - [hivemq-test-hivemq-platform] [hivemq-platform-operator] [0a62c734] 04:02:53.585 [ReconcilerExecutor-hivemq-controller-120] ERROR i.j.o.p.event.EventProcessor - Error during event processing ExecutionScope{ resource id: ResourceID{name='test-hivemq-platform', namespace='updateloglevelit'}, version: 901}
2025-01-30 04:02:53,587 INFO c.h.h.t.HelmChartContainer - [hivemq-test-hivemq-platform] [hivemq-platform-operator] [0a62c734] io.javaoperatorsdk.operator.OperatorException: java.lang.IllegalStateException: Pod 'test-hivemq-platform-1' in namespace 'updateloglevelit' is not running, cannot execute command '[curl, -s, http://10.42.0.10:7979/setLogLevel?level=WARN]'
2025-01-30 04:02:53,587 INFO c.h.h.t.HelmChartContainer - [hivemq-test-hivemq-platform] [hivemq-platform-operator] [0a62c734] 	at io.javaoperatorsdk.operator.monitoring.micrometer.MicrometerMetrics.lambda$timeControllerExecution$0(MicrometerMetrics.java:165)
2025-01-30 04:02:53,587 INFO c.h.h.t.HelmChartContainer - [hivemq-test-hivemq-platform] [hivemq-platform-operator] [0a62c734] 	at io.micrometer.core.instrument.AbstractTimer.record(AbstractTimer.java:190)
2025-01-30 04:02:53,587 INFO c.h.h.t.HelmChartContainer - [hivemq-test-hivemq-platform] [hivemq-platform-operator] [0a62c734] 	at io.javaoperatorsdk.operator.monitoring.micrometer.MicrometerMetrics.timeControllerExecution(MicrometerMetrics.java:161)
2025-01-30 04:02:53,587 INFO c.h.h.t.HelmChartContainer - [hivemq-test-hivemq-platform] [hivemq-platform-operator] [0a62c734] 	at io.javaoperatorsdk.operator.processing.Controller.reconcile(Controller.java:109)
2025-01-30 04:02:53,587 INFO c.h.h.t.HelmChartContainer - [hivemq-test-hivemq-platform] [hivemq-platform-operator] [0a62c734] 	at io.javaoperatorsdk.operator.processing.event.ReconciliationDispatcher.reconcileExecution(ReconciliationDispatcher.java:136)
2025-01-30 04:02:53,587 INFO c.h.h.t.HelmChartContainer - [hivemq-test-hivemq-platform] [hivemq-platform-operator] [0a62c734] 	at io.javaoperatorsdk.operator.processing.event.ReconciliationDispatcher.handleReconcile(ReconciliationDispatcher.java:117)
2025-01-30 04:02:53,587 INFO c.h.h.t.HelmChartContainer - [hivemq-test-hivemq-platform] [hivemq-platform-operator] [0a62c734] 	at io.javaoperatorsdk.operator.processing.event.ReconciliationDispatcher.handleDispatch(ReconciliationDispatcher.java:91)
2025-01-30 04:02:53,587 INFO c.h.h.t.HelmChartContainer - [hivemq-test-hivemq-platform] [hivemq-platform-operator] [0a62c734] 	at io.javaoperatorsdk.operator.processing.event.ReconciliationDispatcher.handleExecution(ReconciliationDispatcher.java:64)
2025-01-30 04:02:53,587 INFO c.h.h.t.HelmChartContainer - [hivemq-test-hivemq-platform] [hivemq-platform-operator] [0a62c734] 	at io.javaoperatorsdk.operator.processing.event.EventProcessor$ReconcilerExecutor.run(EventProcessor.java:452)
2025-01-30 04:02:53,587 INFO c.h.h.t.HelmChartContainer - [hivemq-test-hivemq-platform] [hivemq-platform-operator] [0a62c734] 	at java.base/java.util.concurrent.ThreadPoolExecutor.runWorker(Unknown Source)
2025-01-30 04:02:53,587 INFO c.h.h.t.HelmChartContainer - [hivemq-test-hivemq-platform] [hivemq-platform-operator] [0a62c734] 	at java.base/java.util.concurrent.ThreadPoolExecutor$Worker.run(Unknown Source)
2025-01-30 04:02:53,587 INFO c.h.h.t.HelmChartContainer - [hivemq-test-hivemq-platform] [hivemq-platform-operator] [0a62c734] 	at java.base/java.lang.Thread.run(Unknown Source)
2025-01-30 04:02:53,587 INFO c.h.h.t.HelmChartContainer - [hivemq-test-hivemq-platform] [hivemq-platform-operator] [0a62c734] Caused by: java.lang.IllegalStateException: Pod 'test-hivemq-platform-1' in namespace 'updateloglevelit' is not running, cannot execute command '[curl, -s, http://10.42.0.10:7979/setLogLevel?level=WARN]'
2025-01-30 04:02:53,587 INFO c.h.h.t.HelmChartContainer - [hivemq-test-hivemq-platform] [hivemq-platform-operator] [0a62c734] 	at com.hivemq.platform.operator.util.PodUtil.execute(PodUtil.java:74)
2025-01-30 04:02:53,587 INFO c.h.h.t.HelmChartContainer - [hivemq-test-hivemq-platform] [hivemq-platform-operator] [0a62c734] 	at com.hivemq.platform.operator.util.RestApiUtil.lambda$callRestApi$1(RestApiUtil.java:44)
2025-01-30 04:02:53,587 INFO c.h.h.t.HelmChartContainer - [hivemq-test-hivemq-platform] [hivemq-platform-operator] [0a62c734] 	at java.base/java.util.stream.ForEachOps$ForEachOp$OfRef.accept(Unknown Source)
2025-01-30 04:02:53,587 INFO c.h.h.t.HelmChartContainer - [hivemq-test-hivemq-platform] [hivemq-platform-operator] [0a62c734] 	at java.base/java.util.stream.ReferencePipeline$2$1.accept(Unknown Source)
2025-01-30 04:02:53,587 INFO c.h.h.t.HelmChartContainer - [hivemq-test-hivemq-platform] [hivemq-platform-operator] [0a62c734] 	at java.base/java.util.ArrayList$ArrayListSpliterator.forEachRemaining(Unknown Source)
2025-01-30 04:02:53,587 INFO c.h.h.t.HelmChartContainer - [hivemq-test-hivemq-platform] [hivemq-platform-operator] [0a62c734] 	at java.base/java.util.stream.AbstractPipeline.copyInto(Unknown Source)
2025-01-30 04:02:53,587 INFO c.h.h.t.HelmChartContainer - [hivemq-test-hivemq-platform] [hivemq-platform-operator] [0a62c734] 	at java.base/java.util.stream.ForEachOps$ForEachTask.compute(Unknown Source)
2025-01-30 04:02:53,587 INFO c.h.h.t.HelmChartContainer - [hivemq-test-hivemq-platform] [hivemq-platform-operator] [0a62c734] 	at java.base/java.util.concurrent.CountedCompleter.exec(Unknown Source)
2025-01-30 04:02:53,587 INFO c.h.h.t.HelmChartContainer - [hivemq-test-hivemq-platform] [hivemq-platform-operator] [0a62c734] 	at java.base/java.util.concurrent.ForkJoinTask.doExec(Unknown Source)
2025-01-30 04:02:53,587 INFO c.h.h.t.HelmChartContainer - [hivemq-test-hivemq-platform] [hivemq-platform-operator] [0a62c734] 	at java.base/java.util.concurrent.ForkJoinTask.invoke(Unknown Source)
2025-01-30 04:02:53,587 INFO c.h.h.t.HelmChartContainer - [hivemq-test-hivemq-platform] [hivemq-platform-operator] [0a62c734] 	at java.base/java.util.stream.ForEachOps$ForEachOp.evaluateParallel(Unknown Source)
2025-01-30 04:02:53,588 INFO c.h.h.t.HelmChartContainer - [hivemq-test-hivemq-platform] [hivemq-platform-operator] [0a62c734] 	at java.base/java.util.stream.ForEachOps$ForEachOp$OfRef.evaluateParallel(Unknown Source)
2025-01-30 04:02:53,588 INFO c.h.h.t.HelmChartContainer - [hivemq-test-hivemq-platform] [hivemq-platform-operator] [0a62c734] 	at java.base/java.util.stream.AbstractPipeline.evaluate(Unknown Source)
2025-01-30 04:02:53,588 INFO c.h.h.t.HelmChartContainer - [hivemq-test-hivemq-platform] [hivemq-platform-operator] [0a62c734] 	at java.base/java.util.stream.ReferencePipeline.forEach(Unknown Source)
2025-01-30 04:02:53,588 INFO c.h.h.t.HelmChartContainer - [hivemq-test-hivemq-platform] [hivemq-platform-operator] [0a62c734] 	at com.hivemq.platform.operator.util.RestApiUtil.callRestApi(RestApiUtil.java:40)
2025-01-30 04:02:53,588 INFO c.h.h.t.HelmChartContainer - [hivemq-test-hivemq-platform] [hivemq-platform-operator] [0a62c734] 	at com.hivemq.platform.operator.http.RestApiService.callRestApi(RestApiService.java:63)
2025-01-30 04:02:53,588 INFO c.h.h.t.HelmChartContainer - [hivemq-test-hivemq-platform] [hivemq-platform-operator] [0a62c734] 	at com.hivemq.platform.operator.handler.HiveMQPlatformReconcilerSetLogLevelHandler.handleSetLogLevel(HiveMQPlatformReconcilerSetLogLevelHandler.java:49)
2025-01-30 04:02:53,588 INFO c.h.h.t.HelmChartContainer - [hivemq-test-hivemq-platform] [hivemq-platform-operator] [0a62c734] 	at com.hivemq.platform.operator.HiveMQPlatformReconciler.reconcile(HiveMQPlatformReconciler.java:243)
2025-01-30 04:02:53,588 INFO c.h.h.t.HelmChartContainer - [hivemq-test-hivemq-platform] [hivemq-platform-operator] [0a62c734] 	at com.hivemq.platform.operator.HiveMQPlatformReconciler.reconcile(HiveMQPlatformReconciler.java:227)
2025-01-30 04:02:53,588 INFO c.h.h.t.HelmChartContainer - [hivemq-test-hivemq-platform] [hivemq-platform-operator] [0a62c734] 	at com.hivemq.platform.operator.HiveMQPlatformReconciler.reconcile(HiveMQPlatformReconciler.java:71)
2025-01-30 04:02:53,588 INFO c.h.h.t.HelmChartContainer - [hivemq-test-hivemq-platform] [hivemq-platform-operator] [0a62c734] 	at io.javaoperatorsdk.operator.processing.Controller$1.execute(Controller.java:149)
2025-01-30 04:02:53,588 INFO c.h.h.t.HelmChartContainer - [hivemq-test-hivemq-platform] [hivemq-platform-operator] [0a62c734] 	at io.javaoperatorsdk.operator.processing.Controller$1.execute(Controller.java:110)
2025-01-30 04:02:53,588 INFO c.h.h.t.HelmChartContainer - [hivemq-test-hivemq-platform] [hivemq-platform-operator] [0a62c734] 	at io.javaoperatorsdk.operator.monitoring.micrometer.MicrometerMetrics.lambda$timeControllerExecution$0(MicrometerMetrics.java:163)
2025-01-30 04:02:53,588 INFO c.h.h.t.HelmChartContainer - [hivemq-test-hivemq-platform] [hivemq-platform-operator] [0a62c734] 	... 11 common frames omitted
2025-01-30 04:02:53,759 INFO c.h.h.t.HelmChartContainer - [test-hivemq-platform] [hivemq] [24f4f965] INFO  - [HiveMQ Platform Operator Init App 1.7.0-SNAPSHOT] Set log level from WARN to WARN in logback.xml file
2025-01-30 04:02:53,763 INFO c.h.h.t.HelmChartContainer - [hivemq-test-hivemq-platform] [hivemq-platform-operator] [0a62c734] 04:02:53.762 [vert.x-eventloop-thread-0] DEBUG c.h.platform.operator.util.PodUtil - Received status for command '[curl, -s, http://10.42.0.9:7979/setLogLevel?level=WARN]' on Pod 'test-hivemq-platform-0' (exit code: 0)
2025-01-30 04:02:54,382 INFO c.h.h.t.HelmChartContainer - [POD] test-hivemq-platform-1 [4b934008-e97c-4022-993b-e29ac1061af8] in updateloglevelit was MODIFIED
2025-01-30 04:02:54,389 INFO c.h.h.t.HelmChartContainer - [hivemq-test-hivemq-platform] [hivemq-platform-operator] [0a62c734] 04:02:54.389 [pool-6-thread-8] DEBUG c.h.p.o.d.PlatformServiceResource - [updatelo] Desired Platform services (3 services)
2025-01-30 04:02:54,394 INFO c.h.h.t.HelmChartContainer - [EVENT] Normal [Started] Started container hivemq [updateloglevelit:test-hivemq-platform-1]
2025-01-30 04:02:54,394 INFO c.h.h.t.HelmChartContainer - Received Started event for container hivemq in pod test-hivemq-platform-1 [4b934008-e97c-4022-993b-e29ac1061af8]
2025-01-30 04:02:54,398 INFO c.h.h.t.HelmChartContainer - [hivemq-test-hivemq-platform] [hivemq-platform-operator] [0a62c734] 04:02:54.392 [pool-6-thread-2] DEBUG c.h.p.o.dependants.PodInfoConfigMap - [updatelo] Desired PodInfo ConfigMap (1 extensions) (1 enabled)
2025-01-30 04:02:54,398 INFO c.h.h.t.HelmChartContainer - [hivemq-test-hivemq-platform] [hivemq-platform-operator] [0a62c734] 04:02:54.395 [pool-6-thread-2] DEBUG c.h.p.o.dependants.PodInfoConfigMap - [updatelo] Desired PodInfo ConfigMap (metrics port: 9399) (metrics path: /)
2025-01-30 04:02:54,398 INFO c.h.h.t.HelmChartContainer - Started log watcher for hivemq in pod test-hivemq-platform-1 [4b934008-e97c-4022-993b-e29ac1061af8]
2025-01-30 04:02:54,398 INFO c.h.h.t.HelmChartContainer - [test-hivemq-platform] [hivemq] [4b934008] Adding pre-installed HiveMQ Platform Operator extensions
2025-01-30 04:02:54,398 INFO c.h.h.t.HelmChartContainer - [test-hivemq-platform] [hivemq] [4b934008] Running as user 10000
2025-01-30 04:02:54,398 INFO c.h.h.t.HelmChartContainer - [test-hivemq-platform] [hivemq] [4b934008] Starting HiveMQ Platform Operator Init
2025-01-30 04:02:54,398 INFO c.h.h.t.HelmChartContainer - [hivemq-test-hivemq-platform] [hivemq-platform-operator] [0a62c734] 04:02:54.397 [pool-6-thread-2] DEBUG c.h.p.o.dependants.PodInfoConfigMap - [updatelo] Desired PodInfo ConfigMap (extension state hash: -1817474005)
2025-01-30 04:02:54,403 INFO c.h.h.t.HelmChartContainer - [hivemq-test-hivemq-platform] [hivemq-platform-operator] [0a62c734] 04:02:54.401 [pool-6-thread-9] DEBUG c.h.p.o.d.PodServiceAccountResource - [updatelo] Desired PodServiceAccountResource (serviceAccountName: hivemq-platform-pod-test-hivemq-platform)
2025-01-30 04:02:54,413 INFO c.h.h.t.HelmChartContainer - [hivemq-test-hivemq-platform] [hivemq-platform-operator] [0a62c734] 04:02:54.411 [pool-6-thread-8] DEBUG c.h.p.o.d.StatefulSetResource - [updatelo] Desired StatefulSet (2 replicas) for status SET_LOG_LEVEL (SET_LOG_LEVEL)
2025-01-30 04:02:54,476 INFO c.h.h.t.HelmChartContainer - [hivemq-test-hivemq-platform] [hivemq-platform-operator] [0a62c734] 04:02:54.474 [ReconcilerExecutor-hivemq-controller-121] INFO  c.h.p.o.HiveMQPlatformReconciler - [updatelo] Reconciling HiveMQ Platform 'test-hivemq-platform' in namespace 'updateloglevelit'
2025-01-30 04:02:54,476 INFO c.h.h.t.HelmChartContainer - [hivemq-test-hivemq-platform] [hivemq-platform-operator] [0a62c734] 04:02:54.475 [ReconcilerExecutor-hivemq-controller-121] DEBUG c.h.p.o.HiveMQPlatformReconciler - [updatelo] Custom Resource Status SET_LOG_LEVEL - HiveMQ Platform is updating the log level to WARN (SET_LOG_LEVEL) (reconciliation requests: SCALING)
2025-01-30 04:02:54,476 INFO c.h.h.t.HelmChartContainer - [hivemq-test-hivemq-platform] [hivemq-platform-operator] [0a62c734] 04:02:54.475 [ReconcilerExecutor-hivemq-controller-121] DEBUG c.h.p.o.HiveMQPlatformReconciler - [updatelo] Custom Resource Spec (replicas: 2) (extensions: 1)
2025-01-30 04:02:54,478 INFO c.h.h.t.HelmChartContainer - [hivemq-test-hivemq-platform] [hivemq-platform-operator] [0a62c734] 04:02:54.477 [ReconcilerExecutor-hivemq-controller-121] DEBUG c.h.p.o.HiveMQPlatformReconciler - [updatelo] StatefulSet Status (revision: test-hivemq-platform-b697f795f, replicas: 2, available: 1, ready: 1, current: 2, updated: 2)
2025-01-30 04:02:54,478 INFO c.h.h.t.HelmChartContainer - [hivemq-test-hivemq-platform] [hivemq-platform-operator] [0a62c734] 04:02:54.477 [ReconcilerExecutor-hivemq-controller-121] DEBUG c.h.p.o.HiveMQPlatformReconciler - [updatelo] StatefulSet Spec (replicas: 2, init containers: 1, containers: 1, volumes: 3)
2025-01-30 04:02:54,481 INFO c.h.h.t.HelmChartContainer - [hivemq-test-hivemq-platform] [hivemq-platform-operator] [0a62c734] 04:02:54.478 [ReconcilerExecutor-hivemq-controller-121] DEBUG c.h.p.o.h.HiveMQPlatformReconcilerErrorHandler - [updatelo] Pod 'test-hivemq-platform-1' phase Running
2025-01-30 04:02:54,485 INFO c.h.h.t.HelmChartContainer - [hivemq-test-hivemq-platform] [hivemq-platform-operator] [0a62c734] 04:02:54.479 [ReconcilerExecutor-hivemq-controller-121] DEBUG c.h.p.o.h.HiveMQPlatformReconcilerErrorHandler - [updatelo] Pod 'test-hivemq-platform-0' phase Running
2025-01-30 04:02:54,490 INFO c.h.h.t.HelmChartContainer - [hivemq-test-hivemq-platform] [hivemq-platform-operator] [0a62c734] 04:02:54.489 [ForkJoinPool.commonPool-worker-1] DEBUG c.h.p.o.h.HiveMQPlatformReconcilerSetLogLevelHandler - [updatelo] Setting log level on Pod 'test-hivemq-platform-0'
2025-01-30 04:02:54,492 INFO c.h.h.t.HelmChartContainer - [hivemq-test-hivemq-platform] [hivemq-platform-operator] [0a62c734] 04:02:54.489 [ReconcilerExecutor-hivemq-controller-121] DEBUG c.h.p.o.h.HiveMQPlatformReconcilerSetLogLevelHandler - [updatelo] Setting log level on Pod 'test-hivemq-platform-1'
2025-01-30 04:02:54,644 INFO c.h.h.t.HelmChartContainer - [test-hivemq-platform] [hivemq] [24f4f965] INFO  - [HiveMQ Platform Operator Init App 1.7.0-SNAPSHOT] Set log level from WARN to WARN in logback.xml file
2025-01-30 04:02:54,685 INFO c.h.h.t.HelmChartContainer - [hivemq-test-hivemq-platform] [hivemq-platform-operator] [0a62c734] 04:02:54.683 [vert.x-eventloop-thread-0] DEBUG c.h.platform.operator.util.PodUtil - Received status for command '[curl, -s, http://10.42.0.9:7979/setLogLevel?level=WARN]' on Pod 'test-hivemq-platform-0' (exit code: 0)
2025-01-30 04:02:54,689 INFO c.h.h.t.HelmChartContainer - [test-hivemq-platform] [hivemq] [4b934008] INFO  - [HiveMQ Platform Operator Init 1.7.0-SNAPSHOT] HiveMQ Platform Operator Init 1.7.0-SNAPSHOT (commit: 47e3375 on branch: HEAD) built on Thu Jan 30 03:55:50 UTC 2025
2025-01-30 04:02:54,801 INFO c.h.h.t.HelmChartContainer - [hivemq-test-hivemq-platform] [hivemq-platform-operator] [0a62c734] 04:02:54.799 [vert.x-eventloop-thread-0] DEBUG c.h.platform.operator.util.PodUtil - Received status for command '[curl, -s, http://10.42.0.10:7979/setLogLevel?level=WARN]' on Pod 'test-hivemq-platform-1' (exit code: 7)
2025-01-30 04:02:55,698 INFO c.h.h.t.HelmChartContainer - [hivemq-test-hivemq-platform] [hivemq-platform-operator] [0a62c734] 04:02:55.697 [pool-6-thread-11] DEBUG c.h.p.o.d.PlatformServiceResource - [updatelo] Desired Platform services (3 services)
2025-01-30 04:02:55,701 INFO c.h.h.t.HelmChartContainer - [hivemq-test-hivemq-platform] [hivemq-platform-operator] [0a62c734] 04:02:55.700 [pool-6-thread-15] DEBUG c.h.p.o.dependants.PodInfoConfigMap - [updatelo] Desired PodInfo ConfigMap (1 extensions) (1 enabled)
2025-01-30 04:02:55,703 INFO c.h.h.t.HelmChartContainer - [hivemq-test-hivemq-platform] [hivemq-platform-operator] [0a62c734] 04:02:55.702 [pool-6-thread-15] DEBUG c.h.p.o.dependants.PodInfoConfigMap - [updatelo] Desired PodInfo ConfigMap (metrics port: 9399) (metrics path: /)
2025-01-30 04:02:55,703 INFO c.h.h.t.HelmChartContainer - [hivemq-test-hivemq-platform] [hivemq-platform-operator] [0a62c734] 04:02:55.702 [pool-6-thread-15] DEBUG c.h.p.o.dependants.PodInfoConfigMap - [updatelo] Desired PodInfo ConfigMap (extension state hash: -1817474005)
2025-01-30 04:02:55,704 INFO c.h.h.t.HelmChartContainer - [hivemq-test-hivemq-platform] [hivemq-platform-operator] [0a62c734] 04:02:55.700 [pool-6-thread-12] DEBUG c.h.p.o.d.PodServiceAccountResource - [updatelo] Desired PodServiceAccountResource (serviceAccountName: hivemq-platform-pod-test-hivemq-platform)
2025-01-30 04:02:55,708 INFO c.h.h.t.HelmChartContainer - [hivemq-test-hivemq-platform] [hivemq-platform-operator] [0a62c734] 04:02:55.706 [pool-6-thread-20] DEBUG c.h.p.o.d.StatefulSetResource - [updatelo] Desired StatefulSet (2 replicas) for status SET_LOG_LEVEL (SET_LOG_LEVEL)
2025-01-30 04:02:55,788 INFO c.h.h.t.HelmChartContainer - [hivemq-test-hivemq-platform] [hivemq-platform-operator] [0a62c734] 04:02:55.785 [ReconcilerExecutor-hivemq-controller-122] INFO  c.h.p.o.HiveMQPlatformReconciler - [updatelo] Reconciling HiveMQ Platform 'test-hivemq-platform' in namespace 'updateloglevelit'
2025-01-30 04:02:55,788 INFO c.h.h.t.HelmChartContainer - [hivemq-test-hivemq-platform] [hivemq-platform-operator] [0a62c734] 04:02:55.785 [ReconcilerExecutor-hivemq-controller-122] DEBUG c.h.p.o.HiveMQPlatformReconciler - [updatelo] Custom Resource Status SET_LOG_LEVEL - HiveMQ Platform is updating the log level to WARN (SET_LOG_LEVEL) (reconciliation requests: SCALING)
2025-01-30 04:02:55,788 INFO c.h.h.t.HelmChartContainer - [hivemq-test-hivemq-platform] [hivemq-platform-operator] [0a62c734] 04:02:55.785 [ReconcilerExecutor-hivemq-controller-122] DEBUG c.h.p.o.HiveMQPlatformReconciler - [updatelo] Custom Resource Spec (replicas: 2) (extensions: 1)
2025-01-30 04:02:55,790 INFO c.h.h.t.HelmChartContainer - [hivemq-test-hivemq-platform] [hivemq-platform-operator] [0a62c734] 04:02:55.787 [ReconcilerExecutor-hivemq-controller-122] DEBUG c.h.p.o.HiveMQPlatformReconciler - [updatelo] StatefulSet Status (revision: test-hivemq-platform-b697f795f, replicas: 2, available: 1, ready: 1, current: 2, updated: 2)
2025-01-30 04:02:55,790 INFO c.h.h.t.HelmChartContainer - [hivemq-test-hivemq-platform] [hivemq-platform-operator] [0a62c734] 04:02:55.787 [ReconcilerExecutor-hivemq-controller-122] DEBUG c.h.p.o.HiveMQPlatformReconciler - [updatelo] StatefulSet Spec (replicas: 2, init containers: 1, containers: 1, volumes: 3)
2025-01-30 04:02:55,791 INFO c.h.h.t.HelmChartContainer - [hivemq-test-hivemq-platform] [hivemq-platform-operator] [0a62c734] 04:02:55.790 [ReconcilerExecutor-hivemq-controller-122] DEBUG c.h.p.o.h.HiveMQPlatformReconcilerErrorHandler - [updatelo] Pod 'test-hivemq-platform-1' phase Running
2025-01-30 04:02:55,793 INFO c.h.h.t.HelmChartContainer - [hivemq-test-hivemq-platform] [hivemq-platform-operator] [0a62c734] 04:02:55.793 [ReconcilerExecutor-hivemq-controller-122] DEBUG c.h.p.o.h.HiveMQPlatformReconcilerErrorHandler - [updatelo] Pod 'test-hivemq-platform-0' phase Running
2025-01-30 04:02:55,875 INFO c.h.h.t.HelmChartContainer - [hivemq-test-hivemq-platform] [hivemq-platform-operator] [0a62c734] 04:02:55.874 [ReconcilerExecutor-hivemq-controller-122] WARN  c.h.p.operator.util.RestApiUtil - [updatelo] Set log level command on Pod 'test-hivemq-platform-1' returned an empty response
2025-01-30 04:02:55,988 INFO c.h.h.t.HelmChartContainer - [test-hivemq-platform] [hivemq] [4b934008] INFO  - [HiveMQ Platform Operator Init App 1.7.0-SNAPSHOT] Using bind address 10.42.0.10 from environment variable
2025-01-30 04:02:56,803 INFO c.h.h.t.HelmChartContainer - [test-hivemq-platform] [hivemq] [4b934008] INFO  - [HiveMQ Platform Operator Init App 1.7.0-SNAPSHOT] HiveMQ Platform Operator Init App 1.7.0-SNAPSHOT (commit: 47e3375 on branch: HEAD) built on Thu Jan 30 03:55:50 UTC 2025
2025-01-30 04:02:56,803 INFO c.h.h.t.HelmChartContainer - [test-hivemq-platform] [hivemq] [4b934008] INFO  - [HiveMQ Platform Operator Init App 1.7.0-SNAPSHOT] PodInfo ConfigMap directory: /etc/podinfo
2025-01-30 04:02:56,803 INFO c.h.h.t.HelmChartContainer - [test-hivemq-platform] [hivemq] [4b934008] INFO  - [HiveMQ Platform Operator Init App 1.7.0-SNAPSHOT] HiveMQ home directory: /opt/hivemq
2025-01-30 04:02:56,803 INFO c.h.h.t.HelmChartContainer - [test-hivemq-platform] [hivemq] [4b934008] INFO  - [HiveMQ Platform Operator Init App 1.7.0-SNAPSHOT] HiveMQ Logback folder: /opt/hivemq/conf
2025-01-30 04:02:56,803 INFO c.h.h.t.HelmChartContainer - [test-hivemq-platform] [hivemq] [4b934008] INFO  - [HiveMQ Platform Operator Init App 1.7.0-SNAPSHOT] HiveMQ Config folder: /opt/hivemq/conf-k8s
2025-01-30 04:02:56,803 INFO c.h.h.t.HelmChartContainer - [test-hivemq-platform] [hivemq] [4b934008] INFO  - [HiveMQ Platform Operator Init App 1.7.0-SNAPSHOT] Starting HiveMQ Platform Operator Init App
2025-01-30 04:02:56,803 INFO c.h.h.t.HelmChartContainer - [test-hivemq-platform] [hivemq] [4b934008] INFO  - [HiveMQ Platform Operator Init App 1.7.0-SNAPSHOT] Starting Pod reconciler
2025-01-30 04:02:58,090 INFO c.h.h.t.HelmChartContainer - [test-hivemq-platform] [hivemq] [4b934008] INFO  - [HiveMQ Platform Operator Init App 1.7.0-SNAPSHOT] Pod reconciler is scheduled (interval: 5000 ms)
2025-01-30 04:02:58,091 INFO c.h.h.t.HelmChartContainer - [test-hivemq-platform] [hivemq] [4b934008] INFO  - [HiveMQ Platform Operator Init App 1.7.0-SNAPSHOT] Starting the REST API on 10.42.0.10:7979
2025-01-30 04:02:58,094 INFO c.h.h.t.HelmChartContainer - [test-hivemq-platform] [hivemq] [4b934008] INFO  - [HiveMQ Platform Operator Init App 1.7.0-SNAPSHOT] Waiting up to 600s for at most 2 HiveMQ nodes in cluster service hivemq-test-hivemq-platform-cluster.updateloglevelit.svc
2025-01-30 04:02:58,401 INFO c.h.h.t.HelmChartContainer - [test-hivemq-platform] [hivemq] [4b934008] INFO  - [HiveMQ Platform Operator Init App 1.7.0-SNAPSHOT] Resolved 2 IP addresses: [10.42.0.10, 10.42.0.9]
2025-01-30 04:02:58,401 INFO c.h.h.t.HelmChartContainer - [test-hivemq-platform] [hivemq] [4b934008] INFO  - [HiveMQ Platform Operator Init App 1.7.0-SNAPSHOT] HiveMQ node count of 2 is within threshold of 2
2025-01-30 04:02:58,401 INFO c.h.h.t.HelmChartContainer - [test-hivemq-platform] [hivemq] [4b934008] INFO  - [HiveMQ Platform Operator Init App 1.7.0-SNAPSHOT] Waiting 15s for previous shutdown replication to finish...
2025-01-30 04:03:00,379 INFO c.h.h.t.HelmChartContainer - [test-hivemq-platform] [hivemq] [4b934008] INFO  - [HiveMQ Platform Operator Init App 1.7.0-SNAPSHOT] Returning default Health API response 503 for readiness
2025-01-30 04:03:00,490 INFO c.h.h.t.HelmChartContainer - [EVENT] Warning [Unhealthy] Readiness probe failed: HTTP probe failed with statuscode: 503 [updateloglevelit:test-hivemq-platform-1]
2025-01-30 04:03:00,491 INFO c.h.h.t.HelmChartContainer - Received Unhealthy event for container hivemq in pod test-hivemq-platform-1 [4b934008-e97c-4022-993b-e29ac1061af8]
2025-01-30 04:03:05,015 INFO c.h.h.t.HelmChartContainer - [test-hivemq-platform] [hivemq] [24f4f965] INFO  - [HiveMQ Platform Operator Init App 1.7.0-SNAPSHOT] Returning Health API response 200 for liveness
2025-01-30 04:03:05,385 INFO c.h.h.t.HelmChartContainer - [EVENT] Warning [Unhealthy] Readiness probe failed: HTTP probe failed with statuscode: 503 [updateloglevelit:test-hivemq-platform-1]
2025-01-30 04:03:05,387 INFO c.h.h.t.HelmChartContainer - Received Unhealthy event for container hivemq in pod test-hivemq-platform-1 [4b934008-e97c-4022-993b-e29ac1061af8]
2025-01-30 04:03:05,687 INFO c.h.h.t.HelmChartContainer - [test-hivemq-platform] [hivemq] [4b934008] INFO  - [HiveMQ Platform Operator Init App 1.7.0-SNAPSHOT] Updating Pod HiveMQ Platform Operator Init App version annotation (version: 1.7.0-SNAPSHOT)
2025-01-30 04:03:05,880 INFO c.h.h.t.HelmChartContainer - [hivemq-test-hivemq-platform] [hivemq-platform-operator] [0a62c734] 04:03:05.877 [pool-6-thread-24] DEBUG c.h.p.o.d.PlatformServiceResource - [updatelo] Desired Platform services (3 services)
2025-01-30 04:03:05,882 INFO c.h.h.t.HelmChartContainer - [hivemq-test-hivemq-platform] [hivemq-platform-operator] [0a62c734] 04:03:05.881 [pool-6-thread-21] DEBUG c.h.p.o.dependants.PodInfoConfigMap - [updatelo] Desired PodInfo ConfigMap (1 extensions) (1 enabled)
2025-01-30 04:03:05,883 INFO c.h.h.t.HelmChartContainer - [hivemq-test-hivemq-platform] [hivemq-platform-operator] [0a62c734] 04:03:05.882 [pool-6-thread-21] DEBUG c.h.p.o.dependants.PodInfoConfigMap - [updatelo] Desired PodInfo ConfigMap (metrics port: 9399) (metrics path: /)
2025-01-30 04:03:05,884 INFO c.h.h.t.HelmChartContainer - [hivemq-test-hivemq-platform] [hivemq-platform-operator] [0a62c734] 04:03:05.883 [pool-6-thread-21] DEBUG c.h.p.o.dependants.PodInfoConfigMap - [updatelo] Desired PodInfo ConfigMap (extension state hash: -1817474005)
2025-01-30 04:03:05,889 INFO c.h.h.t.HelmChartContainer - [hivemq-test-hivemq-platform] [hivemq-platform-operator] [0a62c734] 04:03:05.887 [pool-6-thread-22] DEBUG c.h.p.o.d.PodServiceAccountResource - [updatelo] Desired PodServiceAccountResource (serviceAccountName: hivemq-platform-pod-test-hivemq-platform)
2025-01-30 04:03:05,900 INFO c.h.h.t.HelmChartContainer - [hivemq-test-hivemq-platform] [hivemq-platform-operator] [0a62c734] 04:03:05.898 [pool-6-thread-29] DEBUG c.h.p.o.d.StatefulSetResource - [updatelo] Desired StatefulSet (2 replicas) for status SET_LOG_LEVEL (SET_LOG_LEVEL)
2025-01-30 04:03:05,904 INFO c.h.h.t.HelmChartContainer - [hivemq-test-hivemq-platform] [hivemq-platform-operator] [0a62c734] 04:03:05.903 [ReconcilerExecutor-hivemq-controller-123] INFO  c.h.p.o.HiveMQPlatformReconciler - [updatelo] Reconciling HiveMQ Platform 'test-hivemq-platform' in namespace 'updateloglevelit'
2025-01-30 04:03:05,905 INFO c.h.h.t.HelmChartContainer - [hivemq-test-hivemq-platform] [hivemq-platform-operator] [0a62c734] 04:03:05.903 [ReconcilerExecutor-hivemq-controller-123] DEBUG c.h.p.o.HiveMQPlatformReconciler - [updatelo] Custom Resource Status SET_LOG_LEVEL - HiveMQ Platform is updating the log level to WARN (SET_LOG_LEVEL) (reconciliation requests: SCALING)
2025-01-30 04:03:05,905 INFO c.h.h.t.HelmChartContainer - [hivemq-test-hivemq-platform] [hivemq-platform-operator] [0a62c734] 04:03:05.903 [ReconcilerExecutor-hivemq-controller-123] DEBUG c.h.p.o.HiveMQPlatformReconciler - [updatelo] Custom Resource Spec (replicas: 2) (extensions: 1)
2025-01-30 04:03:05,906 INFO c.h.h.t.HelmChartContainer - [hivemq-test-hivemq-platform] [hivemq-platform-operator] [0a62c734] 04:03:05.905 [ReconcilerExecutor-hivemq-controller-123] DEBUG c.h.p.o.HiveMQPlatformReconciler - [updatelo] StatefulSet Status (revision: test-hivemq-platform-b697f795f, replicas: 2, available: 1, ready: 1, current: 2, updated: 2)
2025-01-30 04:03:05,906 INFO c.h.h.t.HelmChartContainer - [hivemq-test-hivemq-platform] [hivemq-platform-operator] [0a62c734] 04:03:05.905 [ReconcilerExecutor-hivemq-controller-123] DEBUG c.h.p.o.HiveMQPlatformReconciler - [updatelo] StatefulSet Spec (replicas: 2, init containers: 1, containers: 1, volumes: 3)
2025-01-30 04:03:05,907 INFO c.h.h.t.HelmChartContainer - [hivemq-test-hivemq-platform] [hivemq-platform-operator] [0a62c734] 04:03:05.906 [ReconcilerExecutor-hivemq-controller-123] DEBUG c.h.p.o.h.HiveMQPlatformReconcilerErrorHandler - [updatelo] Pod 'test-hivemq-platform-1' phase Running
2025-01-30 04:03:05,974 INFO c.h.h.t.HelmChartContainer - [hivemq-test-hivemq-platform] [hivemq-platform-operator] [0a62c734] 04:03:05.973 [ReconcilerExecutor-hivemq-controller-123] DEBUG c.h.p.o.h.HiveMQPlatformReconcilerErrorHandler - [updatelo] Pod 'test-hivemq-platform-0' phase Running
2025-01-30 04:03:05,984 INFO c.h.h.t.HelmChartContainer - [hivemq-test-hivemq-platform] [hivemq-platform-operator] [0a62c734] 04:03:05.983 [ForkJoinPool.commonPool-worker-1] DEBUG c.h.p.o.h.HiveMQPlatformReconcilerSetLogLevelHandler - [updatelo] Setting log level on Pod 'test-hivemq-platform-0'
2025-01-30 04:03:05,986 INFO c.h.h.t.HelmChartContainer - [hivemq-test-hivemq-platform] [hivemq-platform-operator] [0a62c734] 04:03:05.983 [ReconcilerExecutor-hivemq-controller-123] DEBUG c.h.p.o.h.HiveMQPlatformReconcilerSetLogLevelHandler - [updatelo] Setting log level on Pod 'test-hivemq-platform-1'
2025-01-30 04:03:06,058 INFO c.h.h.t.HelmChartContainer - [test-hivemq-platform] [hivemq] [24f4f965] INFO  - [HiveMQ Platform Operator Init App 1.7.0-SNAPSHOT] Set log level from WARN to WARN in logback.xml file
2025-01-30 04:03:06,076 INFO c.h.h.t.HelmChartContainer - [hivemq-test-hivemq-platform] [hivemq-platform-operator] [0a62c734] 04:03:06.074 [vert.x-eventloop-thread-0] DEBUG c.h.platform.operator.util.PodUtil - Received status for command '[curl, -s, http://10.42.0.9:7979/setLogLevel?level=WARN]' on Pod 'test-hivemq-platform-0' (exit code: 0)
2025-01-30 04:03:06,112 INFO c.h.h.t.HelmChartContainer - [POD] test-hivemq-platform-1 [4b934008-e97c-4022-993b-e29ac1061af8] in updateloglevelit was MODIFIED
2025-01-30 04:03:06,180 INFO c.h.h.t.HelmChartContainer - [hivemq-test-hivemq-platform] [hivemq-platform-operator] [0a62c734] 04:03:06.176 [pool-6-thread-32] DEBUG c.h.p.o.dependants.PodInfoConfigMap - [updatelo] Desired PodInfo ConfigMap (1 extensions) (1 enabled)
2025-01-30 04:03:06,180 INFO c.h.h.t.HelmChartContainer - [hivemq-test-hivemq-platform] [hivemq-platform-operator] [0a62c734] 04:03:06.177 [pool-6-thread-32] DEBUG c.h.p.o.dependants.PodInfoConfigMap - [updatelo] Desired PodInfo ConfigMap (metrics port: 9399) (metrics path: /)
2025-01-30 04:03:06,180 INFO c.h.h.t.HelmChartContainer - [hivemq-test-hivemq-platform] [hivemq-platform-operator] [0a62c734] 04:03:06.177 [pool-6-thread-32] DEBUG c.h.p.o.dependants.PodInfoConfigMap - [updatelo] Desired PodInfo ConfigMap (extension state hash: -1817474005)
2025-01-30 04:03:06,180 INFO c.h.h.t.HelmChartContainer - [hivemq-test-hivemq-platform] [hivemq-platform-operator] [0a62c734] 04:03:06.177 [pool-6-thread-34] DEBUG c.h.p.o.d.PodServiceAccountResource - [updatelo] Desired PodServiceAccountResource (serviceAccountName: hivemq-platform-pod-test-hivemq-platform)
2025-01-30 04:03:06,188 INFO c.h.h.t.HelmChartContainer - [hivemq-test-hivemq-platform] [hivemq-platform-operator] [0a62c734] 04:03:06.182 [pool-6-thread-36] DEBUG c.h.p.o.d.PlatformServiceResource - [updatelo] Desired Platform services (3 services)
2025-01-30 04:03:06,195 INFO c.h.h.t.HelmChartContainer - [EVENT] Warning [Unhealthy] Readiness probe failed: HTTP probe failed with statuscode: 503 [updateloglevelit:test-hivemq-platform-1]
2025-01-30 04:03:06,195 INFO c.h.h.t.HelmChartContainer - Received Unhealthy event for container hivemq in pod test-hivemq-platform-1 [4b934008-e97c-4022-993b-e29ac1061af8]
2025-01-30 04:03:06,205 INFO c.h.h.t.HelmChartContainer - [test-hivemq-platform] [hivemq] [4b934008] INFO  - [HiveMQ Platform Operator Init App 1.7.0-SNAPSHOT] Successfully updated Pod HiveMQ Platform Operator Init App version annotation (version: 1.7.0-SNAPSHOT)
2025-01-30 04:03:06,205 INFO c.h.h.t.HelmChartContainer - [hivemq-test-hivemq-platform] [hivemq-platform-operator] [0a62c734] 04:03:06.203 [pool-6-thread-36] DEBUG c.h.p.o.d.StatefulSetResource - [updatelo] Desired StatefulSet (2 replicas) for status SET_LOG_LEVEL (SET_LOG_LEVEL)
2025-01-30 04:03:06,211 INFO c.h.h.t.HelmChartContainer - [hivemq-test-hivemq-platform] [hivemq-platform-operator] [0a62c734] 04:03:06.209 [ReconcilerExecutor-hivemq-controller-124] INFO  c.h.p.o.HiveMQPlatformReconciler - [updatelo] Reconciling HiveMQ Platform 'test-hivemq-platform' in namespace 'updateloglevelit'
2025-01-30 04:03:06,211 INFO c.h.h.t.HelmChartContainer - [hivemq-test-hivemq-platform] [hivemq-platform-operator] [0a62c734] 04:03:06.209 [ReconcilerExecutor-hivemq-controller-124] DEBUG c.h.p.o.HiveMQPlatformReconciler - [updatelo] Custom Resource Status SET_LOG_LEVEL - HiveMQ Platform is updating the log level to WARN (SET_LOG_LEVEL) (reconciliation requests: SCALING)
2025-01-30 04:03:06,211 INFO c.h.h.t.HelmChartContainer - [hivemq-test-hivemq-platform] [hivemq-platform-operator] [0a62c734] 04:03:06.209 [ReconcilerExecutor-hivemq-controller-124] DEBUG c.h.p.o.HiveMQPlatformReconciler - [updatelo] Custom Resource Spec (replicas: 2) (extensions: 1)
2025-01-30 04:03:06,274 INFO c.h.h.t.HelmChartContainer - [hivemq-test-hivemq-platform] [hivemq-platform-operator] [0a62c734] 04:03:06.273 [ReconcilerExecutor-hivemq-controller-124] DEBUG c.h.p.o.HiveMQPlatformReconciler - [updatelo] StatefulSet Status (revision: test-hivemq-platform-b697f795f, replicas: 2, available: 1, ready: 1, current: 2, updated: 2)
2025-01-30 04:03:06,274 INFO c.h.h.t.HelmChartContainer - [hivemq-test-hivemq-platform] [hivemq-platform-operator] [0a62c734] 04:03:06.273 [ReconcilerExecutor-hivemq-controller-124] DEBUG c.h.p.o.HiveMQPlatformReconciler - [updatelo] StatefulSet Spec (replicas: 2, init containers: 1, containers: 1, volumes: 3)
2025-01-30 04:03:06,276 INFO c.h.h.t.HelmChartContainer - [hivemq-test-hivemq-platform] [hivemq-platform-operator] [0a62c734] 04:03:06.275 [ReconcilerExecutor-hivemq-controller-124] DEBUG c.h.p.o.h.HiveMQPlatformReconcilerErrorHandler - [updatelo] Pod 'test-hivemq-platform-1' phase Running
2025-01-30 04:03:06,277 INFO c.h.h.t.HelmChartContainer - [hivemq-test-hivemq-platform] [hivemq-platform-operator] [0a62c734] 04:03:06.276 [ReconcilerExecutor-hivemq-controller-124] DEBUG c.h.p.o.h.HiveMQPlatformReconcilerErrorHandler - [updatelo] Pod 'test-hivemq-platform-0' phase Running
2025-01-30 04:03:06,280 INFO c.h.h.t.HelmChartContainer - [hivemq-test-hivemq-platform] [hivemq-platform-operator] [0a62c734] 04:03:06.278 [ReconcilerExecutor-hivemq-controller-124] INFO  c.h.p.operator.http.RestApiService - [updatelo] Set log level command on Pod 'test-hivemq-platform-1' is not ready yet
2025-01-30 04:03:06,985 INFO c.h.h.t.HelmChartContainer - [test-hivemq-platform] [hivemq] [4b934008] INFO  - [HiveMQ Platform Operator Init App 1.7.0-SNAPSHOT] Set log level from ${HIVEMQ_LOG_LEVEL:-INFO} to WARN in logback.xml file
2025-01-30 04:03:06,995 INFO c.h.h.t.HelmChartContainer - [hivemq-test-hivemq-platform] [hivemq-platform-operator] [0a62c734] 04:03:06.994 [vert.x-eventloop-thread-1] DEBUG c.h.platform.operator.util.PodUtil - Received status for command '[curl, -s, http://10.42.0.10:7979/setLogLevel?level=WARN]' on Pod 'test-hivemq-platform-1' (exit code: 0)
2025-01-30 04:03:07,284 INFO c.h.h.t.HelmChartContainer - [hivemq-test-hivemq-platform] [hivemq-platform-operator] [0a62c734] 04:03:07.281 [pool-6-thread-41] DEBUG c.h.p.o.d.PlatformServiceResource - [updatelo] Desired Platform services (3 services)
2025-01-30 04:03:07,287 INFO c.h.h.t.HelmChartContainer - [hivemq-test-hivemq-platform] [hivemq-platform-operator] [0a62c734] 04:03:07.282 [pool-6-thread-42] DEBUG c.h.p.o.dependants.PodInfoConfigMap - [updatelo] Desired PodInfo ConfigMap (1 extensions) (1 enabled)
2025-01-30 04:03:07,287 INFO c.h.h.t.HelmChartContainer - [hivemq-test-hivemq-platform] [hivemq-platform-operator] [0a62c734] 04:03:07.282 [pool-6-thread-42] DEBUG c.h.p.o.dependants.PodInfoConfigMap - [updatelo] Desired PodInfo ConfigMap (metrics port: 9399) (metrics path: /)
2025-01-30 04:03:07,287 INFO c.h.h.t.HelmChartContainer - [hivemq-test-hivemq-platform] [hivemq-platform-operator] [0a62c734] 04:03:07.282 [pool-6-thread-42] DEBUG c.h.p.o.dependants.PodInfoConfigMap - [updatelo] Desired PodInfo ConfigMap (extension state hash: -1817474005)
2025-01-30 04:03:07,287 INFO c.h.h.t.HelmChartContainer - [hivemq-test-hivemq-platform] [hivemq-platform-operator] [0a62c734] 04:03:07.283 [pool-6-thread-47] DEBUG c.h.p.o.d.PodServiceAccountResource - [updatelo] Desired PodServiceAccountResource (serviceAccountName: hivemq-platform-pod-test-hivemq-platform)
2025-01-30 04:03:07,291 INFO c.h.h.t.HelmChartContainer - [hivemq-test-hivemq-platform] [hivemq-platform-operator] [0a62c734] 04:03:07.289 [pool-6-thread-46] DEBUG c.h.p.o.d.StatefulSetResource - [updatelo] Desired StatefulSet (2 replicas) for status SET_LOG_LEVEL (SET_LOG_LEVEL)
2025-01-30 04:03:07,293 INFO c.h.h.t.HelmChartContainer - [hivemq-test-hivemq-platform] [hivemq-platform-operator] [0a62c734] 04:03:07.293 [ReconcilerExecutor-hivemq-controller-125] INFO  c.h.p.o.HiveMQPlatformReconciler - [updatelo] Reconciling HiveMQ Platform 'test-hivemq-platform' in namespace 'updateloglevelit'
2025-01-30 04:03:07,293 INFO c.h.h.t.HelmChartContainer - [hivemq-test-hivemq-platform] [hivemq-platform-operator] [0a62c734] 04:03:07.293 [ReconcilerExecutor-hivemq-controller-125] DEBUG c.h.p.o.HiveMQPlatformReconciler - [updatelo] Custom Resource Status SET_LOG_LEVEL - HiveMQ Platform is updating the log level to WARN (SET_LOG_LEVEL) (reconciliation requests: SCALING)
2025-01-30 04:03:07,294 INFO c.h.h.t.HelmChartContainer - [hivemq-test-hivemq-platform] [hivemq-platform-operator] [0a62c734] 04:03:07.293 [ReconcilerExecutor-hivemq-controller-125] DEBUG c.h.p.o.HiveMQPlatformReconciler - [updatelo] Custom Resource Spec (replicas: 2) (extensions: 1)
2025-01-30 04:03:07,295 INFO c.h.h.t.HelmChartContainer - [hivemq-test-hivemq-platform] [hivemq-platform-operator] [0a62c734] 04:03:07.294 [ReconcilerExecutor-hivemq-controller-125] DEBUG c.h.p.o.HiveMQPlatformReconciler - [updatelo] StatefulSet Status (revision: test-hivemq-platform-b697f795f, replicas: 2, available: 1, ready: 1, current: 2, updated: 2)
2025-01-30 04:03:07,295 INFO c.h.h.t.HelmChartContainer - [hivemq-test-hivemq-platform] [hivemq-platform-operator] [0a62c734] 04:03:07.294 [ReconcilerExecutor-hivemq-controller-125] DEBUG c.h.p.o.HiveMQPlatformReconciler - [updatelo] StatefulSet Spec (replicas: 2, init containers: 1, containers: 1, volumes: 3)
2025-01-30 04:03:07,298 INFO c.h.h.t.HelmChartContainer - [hivemq-test-hivemq-platform] [hivemq-platform-operator] [0a62c734] 04:03:07.296 [ReconcilerExecutor-hivemq-controller-125] DEBUG c.h.p.o.h.HiveMQPlatformReconcilerErrorHandler - [updatelo] Pod 'test-hivemq-platform-1' phase Running
2025-01-30 04:03:07,298 INFO c.h.h.t.HelmChartContainer - [hivemq-test-hivemq-platform] [hivemq-platform-operator] [0a62c734] 04:03:07.297 [ReconcilerExecutor-hivemq-controller-125] DEBUG c.h.p.o.h.HiveMQPlatformReconcilerErrorHandler - [updatelo] Pod 'test-hivemq-platform-0' phase Running
2025-01-30 04:03:07,299 INFO c.h.h.t.HelmChartContainer - [hivemq-test-hivemq-platform] [hivemq-platform-operator] [0a62c734] 04:03:07.298 [ReconcilerExecutor-hivemq-controller-125] INFO  c.h.p.o.h.HiveMQPlatformReconcilerSetLogLevelHandler - [updatelo] Successfully updated the log level on all Pods
2025-01-30 04:03:07,388 INFO c.h.h.t.HelmChartContainer - [hivemq-test-hivemq-platform] [hivemq-platform-operator] [0a62c734] 04:03:07.387 [ReconcilerExecutor-hivemq-controller-125] DEBUG c.h.p.operator.event.EventSender - [updatelo] Creating K8s event waiting-for-log-level-update: [SetLogLevel] HiveMQ Platform is updating the log level
2025-01-30 04:03:07,392 INFO c.h.h.t.HelmChartContainer - [EVENT] Normal [SetLogLevel] HiveMQ Platform is updating the log level [updateloglevelit:test-hivemq-platform]
2025-01-30 04:03:07,394 INFO c.h.h.t.HelmChartContainer - [hivemq-test-hivemq-platform] [hivemq-platform-operator] [0a62c734] 04:03:07.393 [ReconcilerExecutor-hivemq-controller-125] INFO  c.h.p.o.h.AbstractHiveMQReconcilerStateHandler - [updatelo] Update HiveMQ Platform Status (SET_LOG_LEVEL [SET_LOG_LEVEL] -> SET_LOG_LEVEL [WAIT_FOR_LOG_LEVEL_UPDATE]): HiveMQ Platform is updating the log level (reconciliation requests: SCALING)
2025-01-30 04:03:07,403 DEBUG com.hivemq.helmcharts.util.K8sUtil - Comparing actual state 'SET_LOG_LEVEL' and waiting for 'RUNNING'
2025-01-30 04:03:11,119 INFO c.h.h.t.HelmChartContainer - [EVENT] Warning [Unhealthy] Readiness probe failed: HTTP probe failed with statuscode: 503 [updateloglevelit:test-hivemq-platform-1]
2025-01-30 04:03:11,119 INFO c.h.h.t.HelmChartContainer - Received Unhealthy event for container hivemq in pod test-hivemq-platform-1 [4b934008-e97c-4022-993b-e29ac1061af8]
2025-01-30 04:03:13,401 INFO c.h.h.t.HelmChartContainer - [test-hivemq-platform] [hivemq] [4b934008] INFO  - [HiveMQ Platform Operator Init App 1.7.0-SNAPSHOT] Proceeding with container start
2025-01-30 04:03:13,404 INFO c.h.h.t.HelmChartContainer - [test-hivemq-platform] [hivemq] [4b934008] INFO  - [HiveMQ Platform Operator Init App 1.7.0-SNAPSHOT] Initializing HiveMQ Platform extensions with initial configuration: {hivemq-allow-all-extension={start-priority=-1, skip-https-hostname-verification=false, restart=true, config-version=0, header-version=0, c-uri=, priority=-1, uri=preinstalled, skip-https-certificate-validation=false, enabled=true}, hivemq-prometheus-extension={uri=preinstalled, request-header-path=no-request-headers, enabled=true, restart=true, priority=-1, start-priority=-1, c-uri=, skip-https-hostname-verification=false, skip-https-certificate-validation=false}}
2025-01-30 04:03:13,415 INFO c.h.h.t.HelmChartContainer - [test-hivemq-platform] [hivemq] [4b934008] INFO  - [HiveMQ Platform Operator Init App 1.7.0-SNAPSHOT] Extension hivemq-allow-all-extension was already enabled
2025-01-30 04:03:13,426 INFO c.h.h.t.HelmChartContainer - [test-hivemq-platform] [hivemq] [4b934008] INFO  - [HiveMQ Platform Operator Init App 1.7.0-SNAPSHOT] Successfully enabled extension hivemq-prometheus-extension
2025-01-30 04:03:13,427 INFO c.h.h.t.HelmChartContainer - [test-hivemq-platform] [hivemq] [4b934008] INFO  - [HiveMQ Platform Operator Init App 1.7.0-SNAPSHOT] Starting HiveMQ Platform version 4.36.0 (4.36.0)
2025-01-30 04:03:13,427 INFO c.h.h.t.HelmChartContainer - [test-hivemq-platform] [hivemq] [4b934008] INFO  - [HiveMQ Platform Operator Init App 1.7.0-SNAPSHOT] Configuring the HiveMQ Platform
2025-01-30 04:03:13,483 INFO c.h.h.t.HelmChartContainer - [test-hivemq-platform] [hivemq] [4b934008] INFO  - [HiveMQ Platform Operator Init App 1.7.0-SNAPSHOT] Changed logback.xml file scan period to 20 seconds
2025-01-30 04:03:13,493 INFO c.h.h.t.HelmChartContainer - [test-hivemq-platform] [hivemq] [4b934008] INFO  - [HiveMQ Platform Operator Init App 1.7.0-SNAPSHOT] Starting the HiveMQ Platform
2025-01-30 04:03:13,496 INFO c.h.h.t.HelmChartContainer - [test-hivemq-platform] [hivemq] [4b934008] -------------------------------------------------------------------------
2025-01-30 04:03:13,496 INFO c.h.h.t.HelmChartContainer - [test-hivemq-platform] [hivemq] [4b934008] 
2025-01-30 04:03:13,496 INFO c.h.h.t.HelmChartContainer - [test-hivemq-platform] [hivemq] [4b934008]                   _    _  _              __  __   ____
2025-01-30 04:03:13,497 INFO c.h.h.t.HelmChartContainer - [test-hivemq-platform] [hivemq] [4b934008]                  | |  | |(_)            |  \/  | / __ \
2025-01-30 04:03:13,497 INFO c.h.h.t.HelmChartContainer - [test-hivemq-platform] [hivemq] [4b934008]                  | |__| | _ __   __ ___ | \  / || |  | |
2025-01-30 04:03:13,497 INFO c.h.h.t.HelmChartContainer - [test-hivemq-platform] [hivemq] [4b934008]                  |  __  || |\ \ / // _ \| |\/| || |  | |
2025-01-30 04:03:13,497 INFO c.h.h.t.HelmChartContainer - [test-hivemq-platform] [hivemq] [4b934008]                  | |  | || | \ V /|  __/| |  | || |__| |
2025-01-30 04:03:13,497 INFO c.h.h.t.HelmChartContainer - [test-hivemq-platform] [hivemq] [4b934008]                  |_|  |_||_|  \_/  \___||_|  |_| \___\_\
2025-01-30 04:03:13,497 INFO c.h.h.t.HelmChartContainer - [test-hivemq-platform] [hivemq] [4b934008] 
2025-01-30 04:03:13,497 INFO c.h.h.t.HelmChartContainer - [test-hivemq-platform] [hivemq] [4b934008] -------------------------------------------------------------------------
2025-01-30 04:03:13,497 INFO c.h.h.t.HelmChartContainer - [test-hivemq-platform] [hivemq] [4b934008] 
2025-01-30 04:03:13,497 INFO c.h.h.t.HelmChartContainer - [test-hivemq-platform] [hivemq] [4b934008]   HiveMQ Start Script for Linux/Unix v1.14
2025-01-30 04:03:13,497 INFO c.h.h.t.HelmChartContainer - [test-hivemq-platform] [hivemq] [4b934008] 
2025-01-30 04:03:13,604 INFO c.h.h.t.HelmChartContainer - [test-hivemq-platform] [hivemq] [4b934008] -------------------------------------------------------------------------
2025-01-30 04:03:13,604 INFO c.h.h.t.HelmChartContainer - [test-hivemq-platform] [hivemq] [4b934008] 
2025-01-30 04:03:13,604 INFO c.h.h.t.HelmChartContainer - [test-hivemq-platform] [hivemq] [4b934008]   HIVEMQ_HOME: /opt/hivemq
2025-01-30 04:03:13,604 INFO c.h.h.t.HelmChartContainer - [test-hivemq-platform] [hivemq] [4b934008] 
2025-01-30 04:03:13,605 INFO c.h.h.t.HelmChartContainer - [test-hivemq-platform] [hivemq] [4b934008]   JAVA_OPTS: -XX:+UnlockExperimentalVMOptions -XX:InitialRAMPercentage=50 -XX:MaxRAMPercentage=50 -Djava.net.preferIPv4Stack=true --add-opens java.base/java.lang=ALL-UNNAMED --add-opens java.base/java.nio=ALL-UNNAMED --add-opens java.base/sun.nio.ch=ALL-UNNAMED --add-opens jdk.management/com.sun.management.internal=ALL-UNNAMED --add-exports java.base/jdk.internal.misc=ALL-UNNAMED -Djava.security.egd=file:/dev/./urandom -Dcom.sun.management.jmxremote -Dcom.sun.management.jmxremote.port=9010 -Dcom.sun.management.jmxremote.local.only=false -Dcom.sun.management.jmxremote.authenticate=false -Dcom.sun.management.jmxremote.ssl=false -Duser.language=en -Duser.region=US -XX:+CrashOnOutOfMemoryError -XX:+HeapDumpOnOutOfMemoryError
2025-01-30 04:03:13,605 INFO c.h.h.t.HelmChartContainer - [test-hivemq-platform] [hivemq] [4b934008] 
2025-01-30 04:03:13,605 INFO c.h.h.t.HelmChartContainer - [test-hivemq-platform] [hivemq] [4b934008]   JAVA_VERSION: 21
2025-01-30 04:03:13,605 INFO c.h.h.t.HelmChartContainer - [test-hivemq-platform] [hivemq] [4b934008] 
2025-01-30 04:03:13,605 INFO c.h.h.t.HelmChartContainer - [test-hivemq-platform] [hivemq] [4b934008] -------------------------------------------------------------------------
2025-01-30 04:03:13,605 INFO c.h.h.t.HelmChartContainer - [test-hivemq-platform] [hivemq] [4b934008] 
2025-01-30 04:03:16,186 INFO c.h.h.t.HelmChartContainer - [EVENT] Warning [Unhealthy] Readiness probe failed: HTTP probe failed with statuscode: 503 [updateloglevelit:test-hivemq-platform-1]
2025-01-30 04:03:16,186 INFO c.h.h.t.HelmChartContainer - Received Unhealthy event for container hivemq in pod test-hivemq-platform-1 [4b934008-e97c-4022-993b-e29ac1061af8]
2025-01-30 04:03:16,189 INFO c.h.h.t.HelmChartContainer - [test-hivemq-platform] [hivemq] [4b934008] INFO  - Starting HiveMQ Enterprise Server
2025-01-30 04:03:16,194 INFO c.h.h.t.HelmChartContainer - [test-hivemq-platform] [hivemq] [4b934008] INFO  - HiveMQ version: 4.36.0
2025-01-30 04:03:16,195 INFO c.h.h.t.HelmChartContainer - [test-hivemq-platform] [hivemq] [4b934008] INFO  - HiveMQ home directory: /opt/hivemq
2025-01-30 04:03:17,410 INFO c.h.h.t.HelmChartContainer - [hivemq-test-hivemq-platform] [hivemq-platform-operator] [0a62c734] 04:03:17.408 [pool-6-thread-7] DEBUG c.h.p.o.d.PodServiceAccountResource - [updatelo] Desired PodServiceAccountResource (serviceAccountName: hivemq-platform-pod-test-hivemq-platform)
2025-01-30 04:03:17,410 INFO c.h.h.t.HelmChartContainer - [hivemq-test-hivemq-platform] [hivemq-platform-operator] [0a62c734] 04:03:17.408 [pool-6-thread-1] DEBUG c.h.p.o.dependants.PodInfoConfigMap - [updatelo] Desired PodInfo ConfigMap (1 extensions) (1 enabled)
2025-01-30 04:03:17,410 INFO c.h.h.t.HelmChartContainer - [hivemq-test-hivemq-platform] [hivemq-platform-operator] [0a62c734] 04:03:17.409 [pool-6-thread-2] DEBUG c.h.p.o.d.PlatformServiceResource - [updatelo] Desired Platform services (3 services)
2025-01-30 04:03:17,411 INFO c.h.h.t.HelmChartContainer - [hivemq-test-hivemq-platform] [hivemq-platform-operator] [0a62c734] 04:03:17.409 [pool-6-thread-1] DEBUG c.h.p.o.dependants.PodInfoConfigMap - [updatelo] Desired PodInfo ConfigMap (metrics port: 9399) (metrics path: /)
2025-01-30 04:03:17,412 INFO c.h.h.t.HelmChartContainer - [hivemq-test-hivemq-platform] [hivemq-platform-operator] [0a62c734] 04:03:17.411 [pool-6-thread-1] DEBUG c.h.p.o.dependants.PodInfoConfigMap - [updatelo] Desired PodInfo ConfigMap (extension state hash: -1817474005)
2025-01-30 04:03:17,416 INFO c.h.h.t.HelmChartContainer - [hivemq-test-hivemq-platform] [hivemq-platform-operator] [0a62c734] 04:03:17.414 [pool-6-thread-2] DEBUG c.h.p.o.d.StatefulSetResource - [updatelo] Desired StatefulSet (2 replicas) for status SET_LOG_LEVEL (WAIT_FOR_LOG_LEVEL_UPDATE)
2025-01-30 04:03:17,419 INFO c.h.h.t.HelmChartContainer - [hivemq-test-hivemq-platform] [hivemq-platform-operator] [0a62c734] 04:03:17.418 [ReconcilerExecutor-hivemq-controller-126] INFO  c.h.p.o.HiveMQPlatformReconciler - [updatelo] Reconciling HiveMQ Platform 'test-hivemq-platform' in namespace 'updateloglevelit'
2025-01-30 04:03:17,420 INFO c.h.h.t.HelmChartContainer - [hivemq-test-hivemq-platform] [hivemq-platform-operator] [0a62c734] 04:03:17.418 [ReconcilerExecutor-hivemq-controller-126] DEBUG c.h.p.o.HiveMQPlatformReconciler - [updatelo] Custom Resource Status SET_LOG_LEVEL - HiveMQ Platform is updating the log level (WAIT_FOR_LOG_LEVEL_UPDATE) (reconciliation requests: SCALING)
2025-01-30 04:03:17,420 INFO c.h.h.t.HelmChartContainer - [hivemq-test-hivemq-platform] [hivemq-platform-operator] [0a62c734] 04:03:17.418 [ReconcilerExecutor-hivemq-controller-126] DEBUG c.h.p.o.HiveMQPlatformReconciler - [updatelo] Custom Resource Spec (replicas: 2) (extensions: 1)
2025-01-30 04:03:17,420 INFO c.h.h.t.HelmChartContainer - [hivemq-test-hivemq-platform] [hivemq-platform-operator] [0a62c734] 04:03:17.420 [ReconcilerExecutor-hivemq-controller-126] DEBUG c.h.p.o.HiveMQPlatformReconciler - [updatelo] StatefulSet Status (revision: test-hivemq-platform-b697f795f, replicas: 2, available: 1, ready: 1, current: 2, updated: 2)
2025-01-30 04:03:17,422 INFO c.h.h.t.HelmChartContainer - [hivemq-test-hivemq-platform] [hivemq-platform-operator] [0a62c734] 04:03:17.421 [ReconcilerExecutor-hivemq-controller-126] DEBUG c.h.p.o.HiveMQPlatformReconciler - [updatelo] StatefulSet Spec (replicas: 2, init containers: 1, containers: 1, volumes: 3)
2025-01-30 04:03:17,424 INFO c.h.h.t.HelmChartContainer - [hivemq-test-hivemq-platform] [hivemq-platform-operator] [0a62c734] 04:03:17.423 [ReconcilerExecutor-hivemq-controller-126] DEBUG c.h.p.o.h.HiveMQPlatformReconcilerErrorHandler - [updatelo] Pod 'test-hivemq-platform-1' phase Running
2025-01-30 04:03:17,474 INFO c.h.h.t.HelmChartContainer - [hivemq-test-hivemq-platform] [hivemq-platform-operator] [0a62c734] 04:03:17.472 [ReconcilerExecutor-hivemq-controller-126] DEBUG c.h.p.o.h.HiveMQPlatformReconcilerErrorHandler - [updatelo] Pod 'test-hivemq-platform-0' phase Running
2025-01-30 04:03:17,487 INFO c.h.h.t.HelmChartContainer - [hivemq-test-hivemq-platform] [hivemq-platform-operator] [0a62c734] 04:03:17.485 [ReconcilerExecutor-hivemq-controller-126] DEBUG c.h.p.o.h.HiveMQPlatformReconcilerSetLogLevelHandler - [updatelo] Checking log level on Pod 'test-hivemq-platform-1'
2025-01-30 04:03:17,488 INFO c.h.h.t.HelmChartContainer - [hivemq-test-hivemq-platform] [hivemq-platform-operator] [0a62c734] 04:03:17.485 [ForkJoinPool.commonPool-worker-1] DEBUG c.h.p.o.h.HiveMQPlatformReconcilerSetLogLevelHandler - [updatelo] Checking log level on Pod 'test-hivemq-platform-0'
2025-01-30 04:03:17,765 INFO c.h.h.t.HelmChartContainer - [hivemq-test-hivemq-platform] [hivemq-platform-operator] [0a62c734] 04:03:17.764 [vert.x-eventloop-thread-0] DEBUG c.h.platform.operator.util.PodUtil - Received status for command '[curl, -s, http://10.42.0.9:7979/logLevel]' on Pod 'test-hivemq-platform-0' (exit code: 0)
2025-01-30 04:03:18,191 INFO c.h.h.t.HelmChartContainer - [hivemq-test-hivemq-platform] [hivemq-platform-operator] [0a62c734] 04:03:18.189 [vert.x-eventloop-thread-1] DEBUG c.h.platform.operator.util.PodUtil - Received status for command '[curl, -s, http://10.42.0.10:7979/logLevel]' on Pod 'test-hivemq-platform-1' (exit code: 0)
2025-01-30 04:03:18,682 INFO c.h.h.t.HelmChartContainer - [hivemq-test-hivemq-platform] [hivemq-platform-operator] [0a62c734] 04:03:18.676 [pool-6-thread-17] DEBUG c.h.p.o.d.PlatformServiceResource - [updatelo] Desired Platform services (3 services)
2025-01-30 04:03:18,682 INFO c.h.h.t.HelmChartContainer - [hivemq-test-hivemq-platform] [hivemq-platform-operator] [0a62c734] 04:03:18.677 [pool-6-thread-13] DEBUG c.h.p.o.d.PodServiceAccountResource - [updatelo] Desired PodServiceAccountResource (serviceAccountName: hivemq-platform-pod-test-hivemq-platform)
2025-01-30 04:03:18,682 INFO c.h.h.t.HelmChartContainer - [hivemq-test-hivemq-platform] [hivemq-platform-operator] [0a62c734] 04:03:18.678 [pool-6-thread-11] DEBUG c.h.p.o.dependants.PodInfoConfigMap - [updatelo] Desired PodInfo ConfigMap (1 extensions) (1 enabled)
2025-01-30 04:03:18,683 INFO c.h.h.t.HelmChartContainer - [hivemq-test-hivemq-platform] [hivemq-platform-operator] [0a62c734] 04:03:18.678 [pool-6-thread-11] DEBUG c.h.p.o.dependants.PodInfoConfigMap - [updatelo] Desired PodInfo ConfigMap (metrics port: 9399) (metrics path: /)
2025-01-30 04:03:18,683 INFO c.h.h.t.HelmChartContainer - [hivemq-test-hivemq-platform] [hivemq-platform-operator] [0a62c734] 04:03:18.678 [pool-6-thread-11] DEBUG c.h.p.o.dependants.PodInfoConfigMap - [updatelo] Desired PodInfo ConfigMap (extension state hash: -1817474005)
2025-01-30 04:03:18,685 INFO c.h.h.t.HelmChartContainer - [hivemq-test-hivemq-platform] [hivemq-platform-operator] [0a62c734] 04:03:18.684 [pool-6-thread-18] DEBUG c.h.p.o.d.StatefulSetResource - [updatelo] Desired StatefulSet (2 replicas) for status SET_LOG_LEVEL (WAIT_FOR_LOG_LEVEL_UPDATE)
2025-01-30 04:03:18,689 INFO c.h.h.t.HelmChartContainer - [hivemq-test-hivemq-platform] [hivemq-platform-operator] [0a62c734] 04:03:18.688 [ReconcilerExecutor-hivemq-controller-127] INFO  c.h.p.o.HiveMQPlatformReconciler - [updatelo] Reconciling HiveMQ Platform 'test-hivemq-platform' in namespace 'updateloglevelit'
2025-01-30 04:03:18,689 INFO c.h.h.t.HelmChartContainer - [hivemq-test-hivemq-platform] [hivemq-platform-operator] [0a62c734] 04:03:18.688 [ReconcilerExecutor-hivemq-controller-127] DEBUG c.h.p.o.HiveMQPlatformReconciler - [updatelo] Custom Resource Status SET_LOG_LEVEL - HiveMQ Platform is updating the log level (WAIT_FOR_LOG_LEVEL_UPDATE) (reconciliation requests: SCALING)
2025-01-30 04:03:18,689 INFO c.h.h.t.HelmChartContainer - [hivemq-test-hivemq-platform] [hivemq-platform-operator] [0a62c734] 04:03:18.688 [ReconcilerExecutor-hivemq-controller-127] DEBUG c.h.p.o.HiveMQPlatformReconciler - [updatelo] Custom Resource Spec (replicas: 2) (extensions: 1)
2025-01-30 04:03:18,696 INFO c.h.h.t.HelmChartContainer - [hivemq-test-hivemq-platform] [hivemq-platform-operator] [0a62c734] 04:03:18.691 [ReconcilerExecutor-hivemq-controller-127] DEBUG c.h.p.o.HiveMQPlatformReconciler - [updatelo] StatefulSet Status (revision: test-hivemq-platform-b697f795f, replicas: 2, available: 1, ready: 1, current: 2, updated: 2)
2025-01-30 04:03:18,696 INFO c.h.h.t.HelmChartContainer - [hivemq-test-hivemq-platform] [hivemq-platform-operator] [0a62c734] 04:03:18.691 [ReconcilerExecutor-hivemq-controller-127] DEBUG c.h.p.o.HiveMQPlatformReconciler - [updatelo] StatefulSet Spec (replicas: 2, init containers: 1, containers: 1, volumes: 3)
2025-01-30 04:03:18,696 INFO c.h.h.t.HelmChartContainer - [hivemq-test-hivemq-platform] [hivemq-platform-operator] [0a62c734] 04:03:18.693 [ReconcilerExecutor-hivemq-controller-127] DEBUG c.h.p.o.h.HiveMQPlatformReconcilerErrorHandler - [updatelo] Pod 'test-hivemq-platform-1' phase Running
2025-01-30 04:03:18,696 INFO c.h.h.t.HelmChartContainer - [hivemq-test-hivemq-platform] [hivemq-platform-operator] [0a62c734] 04:03:18.694 [ReconcilerExecutor-hivemq-controller-127] DEBUG c.h.p.o.h.HiveMQPlatformReconcilerErrorHandler - [updatelo] Pod 'test-hivemq-platform-0' phase Running
2025-01-30 04:03:18,696 INFO c.h.h.t.HelmChartContainer - [hivemq-test-hivemq-platform] [hivemq-platform-operator] [0a62c734] 04:03:18.695 [ReconcilerExecutor-hivemq-controller-127] WARN  c.h.p.operator.util.RestApiUtil - [updatelo] Checking log level command on Pod 'test-hivemq-platform-1' returned a failure response: StatusResponse{status=INTERNAL_SERVER_ERROR, details={error=java.net.ConnectException}}
2025-01-30 04:03:21,184 INFO c.h.h.t.HelmChartContainer - [test-hivemq-platform] [hivemq] [4b934008] WARN  - [HiveMQ Platform Operator Init App 1.7.0-SNAPSHOT] Cannot connect to Health API for readiness: null
2025-01-30 04:03:21,190 INFO c.h.h.t.HelmChartContainer - [EVENT] Warning [Unhealthy] Readiness probe failed: HTTP probe failed with statuscode: 503 [updateloglevelit:test-hivemq-platform-1]
2025-01-30 04:03:21,190 INFO c.h.h.t.HelmChartContainer - Received Unhealthy event for container hivemq in pod test-hivemq-platform-1 [4b934008-e97c-4022-993b-e29ac1061af8]
2025-01-30 04:03:22,281 INFO c.h.h.t.HelmChartContainer - [test-hivemq-platform] [hivemq] [4b934008] WARN  - [HiveMQ Platform Operator Init App 1.7.0-SNAPSHOT] Cannot connect to Health API for liveness: null
2025-01-30 04:03:22,281 INFO c.h.h.t.HelmChartContainer - [test-hivemq-platform] [hivemq] [4b934008] INFO  - [HiveMQ Platform Operator Init App 1.7.0-SNAPSHOT] Returning default Health API response 200 for liveness
2025-01-30 04:03:26,182 INFO c.h.h.t.HelmChartContainer - [test-hivemq-platform] [hivemq] [4b934008] WARN  - [HiveMQ Platform Operator Init App 1.7.0-SNAPSHOT] Cannot connect to Health API for readiness: null
2025-01-30 04:03:26,185 INFO c.h.h.t.HelmChartContainer - [EVENT] Warning [Unhealthy] Readiness probe failed: HTTP probe failed with statuscode: 503 [updateloglevelit:test-hivemq-platform-1]
2025-01-30 04:03:26,185 INFO c.h.h.t.HelmChartContainer - Received Unhealthy event for container hivemq in pod test-hivemq-platform-1 [4b934008-e97c-4022-993b-e29ac1061af8]
2025-01-30 04:03:28,704 INFO c.h.h.t.HelmChartContainer - [hivemq-test-hivemq-platform] [hivemq-platform-operator] [0a62c734] 04:03:28.700 [pool-6-thread-21] DEBUG c.h.p.o.dependants.PodInfoConfigMap - [updatelo] Desired PodInfo ConfigMap (1 extensions) (1 enabled)
2025-01-30 04:03:28,704 INFO c.h.h.t.HelmChartContainer - [hivemq-test-hivemq-platform] [hivemq-platform-operator] [0a62c734] 04:03:28.701 [pool-6-thread-21] DEBUG c.h.p.o.dependants.PodInfoConfigMap - [updatelo] Desired PodInfo ConfigMap (metrics port: 9399) (metrics path: /)
2025-01-30 04:03:28,704 INFO c.h.h.t.HelmChartContainer - [hivemq-test-hivemq-platform] [hivemq-platform-operator] [0a62c734] 04:03:28.701 [pool-6-thread-21] DEBUG c.h.p.o.dependants.PodInfoConfigMap - [updatelo] Desired PodInfo ConfigMap (extension state hash: -1817474005)
2025-01-30 04:03:28,704 INFO c.h.h.t.HelmChartContainer - [hivemq-test-hivemq-platform] [hivemq-platform-operator] [0a62c734] 04:03:28.701 [pool-6-thread-23] DEBUG c.h.p.o.d.PlatformServiceResource - [updatelo] Desired Platform services (3 services)
2025-01-30 04:03:28,704 INFO c.h.h.t.HelmChartContainer - [hivemq-test-hivemq-platform] [hivemq-platform-operator] [0a62c734] 04:03:28.700 [pool-6-thread-26] DEBUG c.h.p.o.d.PodServiceAccountResource - [updatelo] Desired PodServiceAccountResource (serviceAccountName: hivemq-platform-pod-test-hivemq-platform)
2025-01-30 04:03:28,706 INFO c.h.h.t.HelmChartContainer - [hivemq-test-hivemq-platform] [hivemq-platform-operator] [0a62c734] 04:03:28.705 [pool-6-thread-23] DEBUG c.h.p.o.d.StatefulSetResource - [updatelo] Desired StatefulSet (2 replicas) for status SET_LOG_LEVEL (WAIT_FOR_LOG_LEVEL_UPDATE)
2025-01-30 04:03:28,711 INFO c.h.h.t.HelmChartContainer - [hivemq-test-hivemq-platform] [hivemq-platform-operator] [0a62c734] 04:03:28.709 [ReconcilerExecutor-hivemq-controller-128] INFO  c.h.p.o.HiveMQPlatformReconciler - [updatelo] Reconciling HiveMQ Platform 'test-hivemq-platform' in namespace 'updateloglevelit'
2025-01-30 04:03:28,711 INFO c.h.h.t.HelmChartContainer - [hivemq-test-hivemq-platform] [hivemq-platform-operator] [0a62c734] 04:03:28.709 [ReconcilerExecutor-hivemq-controller-128] DEBUG c.h.p.o.HiveMQPlatformReconciler - [updatelo] Custom Resource Status SET_LOG_LEVEL - HiveMQ Platform is updating the log level (WAIT_FOR_LOG_LEVEL_UPDATE) (reconciliation requests: SCALING)
2025-01-30 04:03:28,711 INFO c.h.h.t.HelmChartContainer - [hivemq-test-hivemq-platform] [hivemq-platform-operator] [0a62c734] 04:03:28.709 [ReconcilerExecutor-hivemq-controller-128] DEBUG c.h.p.o.HiveMQPlatformReconciler - [updatelo] Custom Resource Spec (replicas: 2) (extensions: 1)
2025-01-30 04:03:28,712 INFO c.h.h.t.HelmChartContainer - [hivemq-test-hivemq-platform] [hivemq-platform-operator] [0a62c734] 04:03:28.711 [ReconcilerExecutor-hivemq-controller-128] DEBUG c.h.p.o.HiveMQPlatformReconciler - [updatelo] StatefulSet Status (revision: test-hivemq-platform-b697f795f, replicas: 2, available: 1, ready: 1, current: 2, updated: 2)
2025-01-30 04:03:28,712 INFO c.h.h.t.HelmChartContainer - [hivemq-test-hivemq-platform] [hivemq-platform-operator] [0a62c734] 04:03:28.711 [ReconcilerExecutor-hivemq-controller-128] DEBUG c.h.p.o.HiveMQPlatformReconciler - [updatelo] StatefulSet Spec (replicas: 2, init containers: 1, containers: 1, volumes: 3)
2025-01-30 04:03:28,713 INFO c.h.h.t.HelmChartContainer - [hivemq-test-hivemq-platform] [hivemq-platform-operator] [0a62c734] 04:03:28.712 [ReconcilerExecutor-hivemq-controller-128] DEBUG c.h.p.o.h.HiveMQPlatformReconcilerErrorHandler - [updatelo] Pod 'test-hivemq-platform-1' phase Running
2025-01-30 04:03:28,716 INFO c.h.h.t.HelmChartContainer - [hivemq-test-hivemq-platform] [hivemq-platform-operator] [0a62c734] 04:03:28.714 [ReconcilerExecutor-hivemq-controller-128] DEBUG c.h.p.o.h.HiveMQPlatformReconcilerErrorHandler - [updatelo] Pod 'test-hivemq-platform-0' phase Running
2025-01-30 04:03:28,776 INFO c.h.h.t.HelmChartContainer - [hivemq-test-hivemq-platform] [hivemq-platform-operator] [0a62c734] 04:03:28.774 [ReconcilerExecutor-hivemq-controller-128] DEBUG c.h.p.o.h.HiveMQPlatformReconcilerSetLogLevelHandler - [updatelo] Checking log level on Pod 'test-hivemq-platform-1'
2025-01-30 04:03:28,776 INFO c.h.h.t.HelmChartContainer - [hivemq-test-hivemq-platform] [hivemq-platform-operator] [0a62c734] 04:03:28.774 [ForkJoinPool.commonPool-worker-1] DEBUG c.h.p.o.h.HiveMQPlatformReconcilerSetLogLevelHandler - [updatelo] Checking log level on Pod 'test-hivemq-platform-0'
2025-01-30 04:03:28,975 INFO c.h.h.t.HelmChartContainer - [hivemq-test-hivemq-platform] [hivemq-platform-operator] [0a62c734] 04:03:28.974 [vert.x-eventloop-thread-0] DEBUG c.h.platform.operator.util.PodUtil - Received status for command '[curl, -s, http://10.42.0.9:7979/logLevel]' on Pod 'test-hivemq-platform-0' (exit code: 0)
2025-01-30 04:03:29,188 INFO c.h.h.t.HelmChartContainer - [hivemq-test-hivemq-platform] [hivemq-platform-operator] [0a62c734] 04:03:29.186 [vert.x-eventloop-thread-0] DEBUG c.h.platform.operator.util.PodUtil - Received status for command '[curl, -s, http://10.42.0.10:7979/logLevel]' on Pod 'test-hivemq-platform-1' (exit code: 0)
2025-01-30 04:03:29,910 INFO c.h.h.t.HelmChartContainer - [hivemq-test-hivemq-platform] [hivemq-platform-operator] [0a62c734] 04:03:29.908 [pool-6-thread-38] DEBUG c.h.p.o.d.PlatformServiceResource - [updatelo] Desired Platform services (3 services)
2025-01-30 04:03:29,911 INFO c.h.h.t.HelmChartContainer - [hivemq-test-hivemq-platform] [hivemq-platform-operator] [0a62c734] 04:03:29.910 [pool-6-thread-31] DEBUG c.h.p.o.d.PodServiceAccountResource - [updatelo] Desired PodServiceAccountResource (serviceAccountName: hivemq-platform-pod-test-hivemq-platform)
2025-01-30 04:03:29,913 INFO c.h.h.t.HelmChartContainer - [hivemq-test-hivemq-platform] [hivemq-platform-operator] [0a62c734] 04:03:29.911 [pool-6-thread-34] DEBUG c.h.p.o.dependants.PodInfoConfigMap - [updatelo] Desired PodInfo ConfigMap (1 extensions) (1 enabled)
2025-01-30 04:03:29,913 INFO c.h.h.t.HelmChartContainer - [hivemq-test-hivemq-platform] [hivemq-platform-operator] [0a62c734] 04:03:29.912 [pool-6-thread-34] DEBUG c.h.p.o.dependants.PodInfoConfigMap - [updatelo] Desired PodInfo ConfigMap (metrics port: 9399) (metrics path: /)
2025-01-30 04:03:29,913 INFO c.h.h.t.HelmChartContainer - [hivemq-test-hivemq-platform] [hivemq-platform-operator] [0a62c734] 04:03:29.912 [pool-6-thread-34] DEBUG c.h.p.o.dependants.PodInfoConfigMap - [updatelo] Desired PodInfo ConfigMap (extension state hash: -1817474005)
2025-01-30 04:03:29,916 INFO c.h.h.t.HelmChartContainer - [hivemq-test-hivemq-platform] [hivemq-platform-operator] [0a62c734] 04:03:29.915 [pool-6-thread-38] DEBUG c.h.p.o.d.StatefulSetResource - [updatelo] Desired StatefulSet (2 replicas) for status SET_LOG_LEVEL (WAIT_FOR_LOG_LEVEL_UPDATE)
2025-01-30 04:03:29,920 INFO c.h.h.t.HelmChartContainer - [hivemq-test-hivemq-platform] [hivemq-platform-operator] [0a62c734] 04:03:29.918 [ReconcilerExecutor-hivemq-controller-129] INFO  c.h.p.o.HiveMQPlatformReconciler - [updatelo] Reconciling HiveMQ Platform 'test-hivemq-platform' in namespace 'updateloglevelit'
2025-01-30 04:03:29,921 INFO c.h.h.t.HelmChartContainer - [hivemq-test-hivemq-platform] [hivemq-platform-operator] [0a62c734] 04:03:29.919 [ReconcilerExecutor-hivemq-controller-129] DEBUG c.h.p.o.HiveMQPlatformReconciler - [updatelo] Custom Resource Status SET_LOG_LEVEL - HiveMQ Platform is updating the log level (WAIT_FOR_LOG_LEVEL_UPDATE) (reconciliation requests: SCALING)
2025-01-30 04:03:29,921 INFO c.h.h.t.HelmChartContainer - [hivemq-test-hivemq-platform] [hivemq-platform-operator] [0a62c734] 04:03:29.919 [ReconcilerExecutor-hivemq-controller-129] DEBUG c.h.p.o.HiveMQPlatformReconciler - [updatelo] Custom Resource Spec (replicas: 2) (extensions: 1)
2025-01-30 04:03:29,921 INFO c.h.h.t.HelmChartContainer - [hivemq-test-hivemq-platform] [hivemq-platform-operator] [0a62c734] 04:03:29.920 [ReconcilerExecutor-hivemq-controller-129] DEBUG c.h.p.o.HiveMQPlatformReconciler - [updatelo] StatefulSet Status (revision: test-hivemq-platform-b697f795f, replicas: 2, available: 1, ready: 1, current: 2, updated: 2)
2025-01-30 04:03:29,921 INFO c.h.h.t.HelmChartContainer - [hivemq-test-hivemq-platform] [hivemq-platform-operator] [0a62c734] 04:03:29.920 [ReconcilerExecutor-hivemq-controller-129] DEBUG c.h.p.o.HiveMQPlatformReconciler - [updatelo] StatefulSet Spec (replicas: 2, init containers: 1, containers: 1, volumes: 3)
2025-01-30 04:03:29,923 INFO c.h.h.t.HelmChartContainer - [hivemq-test-hivemq-platform] [hivemq-platform-operator] [0a62c734] 04:03:29.922 [ReconcilerExecutor-hivemq-controller-129] DEBUG c.h.p.o.h.HiveMQPlatformReconcilerErrorHandler - [updatelo] Pod 'test-hivemq-platform-1' phase Running
2025-01-30 04:03:29,925 INFO c.h.h.t.HelmChartContainer - [hivemq-test-hivemq-platform] [hivemq-platform-operator] [0a62c734] 04:03:29.925 [ReconcilerExecutor-hivemq-controller-129] DEBUG c.h.p.o.h.HiveMQPlatformReconcilerErrorHandler - [updatelo] Pod 'test-hivemq-platform-0' phase Running
2025-01-30 04:03:29,926 INFO c.h.h.t.HelmChartContainer - [hivemq-test-hivemq-platform] [hivemq-platform-operator] [0a62c734] 04:03:29.926 [ReconcilerExecutor-hivemq-controller-129] WARN  c.h.p.operator.util.RestApiUtil - [updatelo] Checking log level command on Pod 'test-hivemq-platform-1' returned a failure response: StatusResponse{status=INTERNAL_SERVER_ERROR, details={error=java.net.ConnectException}}
2025-01-30 04:03:31,186 INFO c.h.h.t.HelmChartContainer - [test-hivemq-platform] [hivemq] [4b934008] WARN  - [HiveMQ Platform Operator Init App 1.7.0-SNAPSHOT] Cannot connect to Health API for readiness: null
2025-01-30 04:03:31,190 INFO c.h.h.t.HelmChartContainer - [EVENT] Warning [Unhealthy] Readiness probe failed: HTTP probe failed with statuscode: 503 [updateloglevelit:test-hivemq-platform-1]
2025-01-30 04:03:31,190 INFO c.h.h.t.HelmChartContainer - Received Unhealthy event for container hivemq in pod test-hivemq-platform-1 [4b934008-e97c-4022-993b-e29ac1061af8]
2025-01-30 04:03:36,183 INFO c.h.h.t.HelmChartContainer - [test-hivemq-platform] [hivemq] [4b934008] WARN  - [HiveMQ Platform Operator Init App 1.7.0-SNAPSHOT] Cannot connect to Health API for readiness: null
2025-01-30 04:03:36,187 INFO c.h.h.t.HelmChartContainer - [EVENT] Warning [Unhealthy] Readiness probe failed: HTTP probe failed with statuscode: 503 [updateloglevelit:test-hivemq-platform-1]
2025-01-30 04:03:36,187 INFO c.h.h.t.HelmChartContainer - Received Unhealthy event for container hivemq in pod test-hivemq-platform-1 [4b934008-e97c-4022-993b-e29ac1061af8]
2025-01-30 04:03:39,930 INFO c.h.h.t.HelmChartContainer - [hivemq-test-hivemq-platform] [hivemq-platform-operator] [0a62c734] 04:03:39.929 [pool-6-thread-47] DEBUG c.h.p.o.d.PlatformServiceResource - [updatelo] Desired Platform services (3 services)
2025-01-30 04:03:39,932 INFO c.h.h.t.HelmChartContainer - [hivemq-test-hivemq-platform] [hivemq-platform-operator] [0a62c734] 04:03:39.930 [pool-6-thread-49] DEBUG c.h.p.o.d.PodServiceAccountResource - [updatelo] Desired PodServiceAccountResource (serviceAccountName: hivemq-platform-pod-test-hivemq-platform)
2025-01-30 04:03:39,932 INFO c.h.h.t.HelmChartContainer - [hivemq-test-hivemq-platform] [hivemq-platform-operator] [0a62c734] 04:03:39.929 [pool-6-thread-50] DEBUG c.h.p.o.dependants.PodInfoConfigMap - [updatelo] Desired PodInfo ConfigMap (1 extensions) (1 enabled)
2025-01-30 04:03:39,932 INFO c.h.h.t.HelmChartContainer - [hivemq-test-hivemq-platform] [hivemq-platform-operator] [0a62c734] 04:03:39.930 [pool-6-thread-50] DEBUG c.h.p.o.dependants.PodInfoConfigMap - [updatelo] Desired PodInfo ConfigMap (metrics port: 9399) (metrics path: /)
2025-01-30 04:03:39,932 INFO c.h.h.t.HelmChartContainer - [hivemq-test-hivemq-platform] [hivemq-platform-operator] [0a62c734] 04:03:39.930 [pool-6-thread-50] DEBUG c.h.p.o.dependants.PodInfoConfigMap - [updatelo] Desired PodInfo ConfigMap (extension state hash: -1817474005)
2025-01-30 04:03:39,936 INFO c.h.h.t.HelmChartContainer - [hivemq-test-hivemq-platform] [hivemq-platform-operator] [0a62c734] 04:03:39.935 [pool-6-thread-47] DEBUG c.h.p.o.d.StatefulSetResource - [updatelo] Desired StatefulSet (2 replicas) for status SET_LOG_LEVEL (WAIT_FOR_LOG_LEVEL_UPDATE)
2025-01-30 04:03:39,939 INFO c.h.h.t.HelmChartContainer - [hivemq-test-hivemq-platform] [hivemq-platform-operator] [0a62c734] 04:03:39.938 [ReconcilerExecutor-hivemq-controller-130] INFO  c.h.p.o.HiveMQPlatformReconciler - [updatelo] Reconciling HiveMQ Platform 'test-hivemq-platform' in namespace 'updateloglevelit'
2025-01-30 04:03:39,939 INFO c.h.h.t.HelmChartContainer - [hivemq-test-hivemq-platform] [hivemq-platform-operator] [0a62c734] 04:03:39.938 [ReconcilerExecutor-hivemq-controller-130] DEBUG c.h.p.o.HiveMQPlatformReconciler - [updatelo] Custom Resource Status SET_LOG_LEVEL - HiveMQ Platform is updating the log level (WAIT_FOR_LOG_LEVEL_UPDATE) (reconciliation requests: SCALING)
2025-01-30 04:03:39,939 INFO c.h.h.t.HelmChartContainer - [hivemq-test-hivemq-platform] [hivemq-platform-operator] [0a62c734] 04:03:39.938 [ReconcilerExecutor-hivemq-controller-130] DEBUG c.h.p.o.HiveMQPlatformReconciler - [updatelo] Custom Resource Spec (replicas: 2) (extensions: 1)
2025-01-30 04:03:39,941 INFO c.h.h.t.HelmChartContainer - [hivemq-test-hivemq-platform] [hivemq-platform-operator] [0a62c734] 04:03:39.940 [ReconcilerExecutor-hivemq-controller-130] DEBUG c.h.p.o.HiveMQPlatformReconciler - [updatelo] StatefulSet Status (revision: test-hivemq-platform-b697f795f, replicas: 2, available: 1, ready: 1, current: 2, updated: 2)
2025-01-30 04:03:39,941 INFO c.h.h.t.HelmChartContainer - [hivemq-test-hivemq-platform] [hivemq-platform-operator] [0a62c734] 04:03:39.940 [ReconcilerExecutor-hivemq-controller-130] DEBUG c.h.p.o.HiveMQPlatformReconciler - [updatelo] StatefulSet Spec (replicas: 2, init containers: 1, containers: 1, volumes: 3)
2025-01-30 04:03:39,943 INFO c.h.h.t.HelmChartContainer - [hivemq-test-hivemq-platform] [hivemq-platform-operator] [0a62c734] 04:03:39.941 [ReconcilerExecutor-hivemq-controller-130] DEBUG c.h.p.o.h.HiveMQPlatformReconcilerErrorHandler - [updatelo] Pod 'test-hivemq-platform-1' phase Running
2025-01-30 04:03:39,944 INFO c.h.h.t.HelmChartContainer - [hivemq-test-hivemq-platform] [hivemq-platform-operator] [0a62c734] 04:03:39.943 [ReconcilerExecutor-hivemq-controller-130] DEBUG c.h.p.o.h.HiveMQPlatformReconcilerErrorHandler - [updatelo] Pod 'test-hivemq-platform-0' phase Running
2025-01-30 04:03:40,023 INFO c.h.h.t.HelmChartContainer - [hivemq-test-hivemq-platform] [hivemq-platform-operator] [0a62c734] 04:03:40.021 [ForkJoinPool.commonPool-worker-1] DEBUG c.h.p.o.h.HiveMQPlatformReconcilerSetLogLevelHandler - [updatelo] Checking log level on Pod 'test-hivemq-platform-0'
2025-01-30 04:03:40,026 INFO c.h.h.t.HelmChartContainer - [hivemq-test-hivemq-platform] [hivemq-platform-operator] [0a62c734] 04:03:40.021 [ReconcilerExecutor-hivemq-controller-130] DEBUG c.h.p.o.h.HiveMQPlatformReconcilerSetLogLevelHandler - [updatelo] Checking log level on Pod 'test-hivemq-platform-1'
2025-01-30 04:03:40,185 INFO c.h.h.t.HelmChartContainer - [hivemq-test-hivemq-platform] [hivemq-platform-operator] [0a62c734] 04:03:40.183 [vert.x-eventloop-thread-0] DEBUG c.h.platform.operator.util.PodUtil - Received status for command '[curl, -s, http://10.42.0.9:7979/logLevel]' on Pod 'test-hivemq-platform-0' (exit code: 0)
2025-01-30 04:03:41,141 INFO c.h.h.t.HelmChartContainer - [hivemq-test-hivemq-platform] [hivemq-platform-operator] [0a62c734] 04:03:41.139 [pool-6-thread-10] DEBUG c.h.p.o.dependants.PodInfoConfigMap - [updatelo] Desired PodInfo ConfigMap (1 extensions) (1 enabled)
2025-01-30 04:03:41,141 INFO c.h.h.t.HelmChartContainer - [hivemq-test-hivemq-platform] [hivemq-platform-operator] [0a62c734] 04:03:41.139 [pool-6-thread-10] DEBUG c.h.p.o.dependants.PodInfoConfigMap - [updatelo] Desired PodInfo ConfigMap (metrics port: 9399) (metrics path: /)
2025-01-30 04:03:41,141 INFO c.h.h.t.HelmChartContainer - [hivemq-test-hivemq-platform] [hivemq-platform-operator] [0a62c734] 04:03:41.140 [pool-6-thread-10] DEBUG c.h.p.o.dependants.PodInfoConfigMap - [updatelo] Desired PodInfo ConfigMap (extension state hash: -1817474005)
2025-01-30 04:03:41,146 INFO c.h.h.t.HelmChartContainer - [hivemq-test-hivemq-platform] [hivemq-platform-operator] [0a62c734] 04:03:41.139 [pool-6-thread-9] DEBUG c.h.p.o.d.PodServiceAccountResource - [updatelo] Desired PodServiceAccountResource (serviceAccountName: hivemq-platform-pod-test-hivemq-platform)
2025-01-30 04:03:41,147 INFO c.h.h.t.HelmChartContainer - [hivemq-test-hivemq-platform] [hivemq-platform-operator] [0a62c734] 04:03:41.139 [pool-6-thread-5] DEBUG c.h.p.o.d.PlatformServiceResource - [updatelo] Desired Platform services (3 services)
2025-01-30 04:03:41,147 INFO c.h.h.t.HelmChartContainer - [hivemq-test-hivemq-platform] [hivemq-platform-operator] [0a62c734] 04:03:41.146 [pool-6-thread-5] DEBUG c.h.p.o.d.StatefulSetResource - [updatelo] Desired StatefulSet (2 replicas) for status SET_LOG_LEVEL (WAIT_FOR_LOG_LEVEL_UPDATE)
2025-01-30 04:03:41,151 INFO c.h.h.t.HelmChartContainer - [hivemq-test-hivemq-platform] [hivemq-platform-operator] [0a62c734] 04:03:41.149 [ReconcilerExecutor-hivemq-controller-131] INFO  c.h.p.o.HiveMQPlatformReconciler - [updatelo] Reconciling HiveMQ Platform 'test-hivemq-platform' in namespace 'updateloglevelit'
2025-01-30 04:03:41,152 INFO c.h.h.t.HelmChartContainer - [hivemq-test-hivemq-platform] [hivemq-platform-operator] [0a62c734] 04:03:41.149 [ReconcilerExecutor-hivemq-controller-131] DEBUG c.h.p.o.HiveMQPlatformReconciler - [updatelo] Custom Resource Status SET_LOG_LEVEL - HiveMQ Platform is updating the log level (WAIT_FOR_LOG_LEVEL_UPDATE) (reconciliation requests: SCALING)
2025-01-30 04:03:41,152 INFO c.h.h.t.HelmChartContainer - [hivemq-test-hivemq-platform] [hivemq-platform-operator] [0a62c734] 04:03:41.149 [ReconcilerExecutor-hivemq-controller-131] DEBUG c.h.p.o.HiveMQPlatformReconciler - [updatelo] Custom Resource Spec (replicas: 2) (extensions: 1)
2025-01-30 04:03:41,152 INFO c.h.h.t.HelmChartContainer - [hivemq-test-hivemq-platform] [hivemq-platform-operator] [0a62c734] 04:03:41.150 [ReconcilerExecutor-hivemq-controller-131] DEBUG c.h.p.o.HiveMQPlatformReconciler - [updatelo] StatefulSet Status (revision: test-hivemq-platform-b697f795f, replicas: 2, available: 1, ready: 1, current: 2, updated: 2)
2025-01-30 04:03:41,152 INFO c.h.h.t.HelmChartContainer - [hivemq-test-hivemq-platform] [hivemq-platform-operator] [0a62c734] 04:03:41.150 [ReconcilerExecutor-hivemq-controller-131] DEBUG c.h.p.o.HiveMQPlatformReconciler - [updatelo] StatefulSet Spec (replicas: 2, init containers: 1, containers: 1, volumes: 3)
2025-01-30 04:03:41,153 INFO c.h.h.t.HelmChartContainer - [hivemq-test-hivemq-platform] [hivemq-platform-operator] [0a62c734] 04:03:41.152 [ReconcilerExecutor-hivemq-controller-131] DEBUG c.h.p.o.h.HiveMQPlatformReconcilerErrorHandler - [updatelo] Pod 'test-hivemq-platform-1' phase Running
2025-01-30 04:03:41,154 INFO c.h.h.t.HelmChartContainer - [hivemq-test-hivemq-platform] [hivemq-platform-operator] [0a62c734] 04:03:41.153 [ReconcilerExecutor-hivemq-controller-131] DEBUG c.h.p.o.h.HiveMQPlatformReconcilerErrorHandler - [updatelo] Pod 'test-hivemq-platform-0' phase Running
2025-01-30 04:03:41,155 INFO c.h.h.t.HelmChartContainer - [hivemq-test-hivemq-platform] [hivemq-platform-operator] [0a62c734] 04:03:41.154 [ReconcilerExecutor-hivemq-controller-131] INFO  c.h.p.operator.http.RestApiService - [updatelo] Checking log level command on Pod 'test-hivemq-platform-1' is not ready yet
2025-01-30 04:03:41,784 INFO c.h.h.t.HelmChartContainer - [test-hivemq-platform] [hivemq] [4b934008] INFO  - [HiveMQ Platform Operator Init App 1.7.0-SNAPSHOT] Returning Health API response 503 for readiness
2025-01-30 04:03:41,789 INFO c.h.h.t.HelmChartContainer - [EVENT] Warning [Unhealthy] Readiness probe failed: HTTP probe failed with statuscode: 503 [updateloglevelit:test-hivemq-platform-1]
2025-01-30 04:03:41,790 INFO c.h.h.t.HelmChartContainer - Received Unhealthy event for container hivemq in pod test-hivemq-platform-1 [4b934008-e97c-4022-993b-e29ac1061af8]
2025-01-30 04:03:41,792 INFO c.h.h.t.HelmChartContainer - [hivemq-test-hivemq-platform] [hivemq-platform-operator] [0a62c734] 04:03:41.791 [vert.x-eventloop-thread-1] DEBUG c.h.platform.operator.util.PodUtil - Received status for command '[curl, -s, http://10.42.0.10:7979/logLevel]' on Pod 'test-hivemq-platform-1' (exit code: 0)
2025-01-30 04:03:42,159 INFO c.h.h.t.HelmChartContainer - [hivemq-test-hivemq-platform] [hivemq-platform-operator] [0a62c734] 04:03:42.157 [pool-6-thread-16] DEBUG c.h.p.o.dependants.PodInfoConfigMap - [updatelo] Desired PodInfo ConfigMap (1 extensions) (1 enabled)
2025-01-30 04:03:42,160 INFO c.h.h.t.HelmChartContainer - [hivemq-test-hivemq-platform] [hivemq-platform-operator] [0a62c734] 04:03:42.158 [pool-6-thread-16] DEBUG c.h.p.o.dependants.PodInfoConfigMap - [updatelo] Desired PodInfo ConfigMap (metrics port: 9399) (metrics path: /)
2025-01-30 04:03:42,161 INFO c.h.h.t.HelmChartContainer - [hivemq-test-hivemq-platform] [hivemq-platform-operator] [0a62c734] 04:03:42.158 [pool-6-thread-16] DEBUG c.h.p.o.dependants.PodInfoConfigMap - [updatelo] Desired PodInfo ConfigMap (extension state hash: -1817474005)
2025-01-30 04:03:42,161 INFO c.h.h.t.HelmChartContainer - [hivemq-test-hivemq-platform] [hivemq-platform-operator] [0a62c734] 04:03:42.157 [pool-6-thread-11] DEBUG c.h.p.o.d.PodServiceAccountResource - [updatelo] Desired PodServiceAccountResource (serviceAccountName: hivemq-platform-pod-test-hivemq-platform)
2025-01-30 04:03:42,161 INFO c.h.h.t.HelmChartContainer - [hivemq-test-hivemq-platform] [hivemq-platform-operator] [0a62c734] 04:03:42.157 [pool-6-thread-14] DEBUG c.h.p.o.d.PlatformServiceResource - [updatelo] Desired Platform services (3 services)
2025-01-30 04:03:42,167 INFO c.h.h.t.HelmChartContainer - [hivemq-test-hivemq-platform] [hivemq-platform-operator] [0a62c734] 04:03:42.165 [pool-6-thread-14] DEBUG c.h.p.o.d.StatefulSetResource - [updatelo] Desired StatefulSet (2 replicas) for status SET_LOG_LEVEL (WAIT_FOR_LOG_LEVEL_UPDATE)
2025-01-30 04:03:42,172 INFO c.h.h.t.HelmChartContainer - [hivemq-test-hivemq-platform] [hivemq-platform-operator] [0a62c734] 04:03:42.171 [ReconcilerExecutor-hivemq-controller-132] INFO  c.h.p.o.HiveMQPlatformReconciler - [updatelo] Reconciling HiveMQ Platform 'test-hivemq-platform' in namespace 'updateloglevelit'
2025-01-30 04:03:42,172 INFO c.h.h.t.HelmChartContainer - [hivemq-test-hivemq-platform] [hivemq-platform-operator] [0a62c734] 04:03:42.171 [ReconcilerExecutor-hivemq-controller-132] DEBUG c.h.p.o.HiveMQPlatformReconciler - [updatelo] Custom Resource Status SET_LOG_LEVEL - HiveMQ Platform is updating the log level (WAIT_FOR_LOG_LEVEL_UPDATE) (reconciliation requests: SCALING)
2025-01-30 04:03:42,172 INFO c.h.h.t.HelmChartContainer - [hivemq-test-hivemq-platform] [hivemq-platform-operator] [0a62c734] 04:03:42.171 [ReconcilerExecutor-hivemq-controller-132] DEBUG c.h.p.o.HiveMQPlatformReconciler - [updatelo] Custom Resource Spec (replicas: 2) (extensions: 1)
2025-01-30 04:03:42,174 INFO c.h.h.t.HelmChartContainer - [hivemq-test-hivemq-platform] [hivemq-platform-operator] [0a62c734] 04:03:42.172 [ReconcilerExecutor-hivemq-controller-132] DEBUG c.h.p.o.HiveMQPlatformReconciler - [updatelo] StatefulSet Status (revision: test-hivemq-platform-b697f795f, replicas: 2, available: 1, ready: 1, current: 2, updated: 2)
2025-01-30 04:03:42,174 INFO c.h.h.t.HelmChartContainer - [hivemq-test-hivemq-platform] [hivemq-platform-operator] [0a62c734] 04:03:42.172 [ReconcilerExecutor-hivemq-controller-132] DEBUG c.h.p.o.HiveMQPlatformReconciler - [updatelo] StatefulSet Spec (replicas: 2, init containers: 1, containers: 1, volumes: 3)
2025-01-30 04:03:42,178 INFO c.h.h.t.HelmChartContainer - [hivemq-test-hivemq-platform] [hivemq-platform-operator] [0a62c734] 04:03:42.174 [ReconcilerExecutor-hivemq-controller-132] DEBUG c.h.p.o.h.HiveMQPlatformReconcilerErrorHandler - [updatelo] Pod 'test-hivemq-platform-1' phase Running
2025-01-30 04:03:42,178 INFO c.h.h.t.HelmChartContainer - [hivemq-test-hivemq-platform] [hivemq-platform-operator] [0a62c734] 04:03:42.175 [ReconcilerExecutor-hivemq-controller-132] DEBUG c.h.p.o.h.HiveMQPlatformReconcilerErrorHandler - [updatelo] Pod 'test-hivemq-platform-0' phase Running
2025-01-30 04:03:42,178 INFO c.h.h.t.HelmChartContainer - [hivemq-test-hivemq-platform] [hivemq-platform-operator] [0a62c734] 04:03:42.175 [ReconcilerExecutor-hivemq-controller-132] INFO  c.h.p.o.h.HiveMQPlatformReconcilerSetLogLevelHandler - [updatelo] Successfully updated log level on all Pods
2025-01-30 04:03:42,226 INFO c.h.h.t.HelmChartContainer - [EVENT] Normal [Ready] HiveMQ Platform is ready [updateloglevelit:test-hivemq-platform]
2025-01-30 04:03:42,228 INFO c.h.h.t.HelmChartContainer - [hivemq-test-hivemq-platform] [hivemq-platform-operator] [0a62c734] 04:03:42.226 [ReconcilerExecutor-hivemq-controller-132] DEBUG c.h.p.operator.event.EventSender - [updatelo] Updating K8s event hivemq-platform-ready: [Ready] HiveMQ Platform is ready
2025-01-30 04:03:42,228 INFO c.h.h.t.HelmChartContainer - [hivemq-test-hivemq-platform] [hivemq-platform-operator] [0a62c734] 04:03:42.227 [ReconcilerExecutor-hivemq-controller-132] INFO  c.h.p.o.h.AbstractHiveMQReconcilerStateHandler - [updatelo] Update HiveMQ Platform Status (SET_LOG_LEVEL [WAIT_FOR_LOG_LEVEL_UPDATE] -> RUNNING [READY]): HiveMQ Platform is ready (reconciliation requests: SCALING)
2025-01-30 04:03:42,236 DEBUG com.hivemq.helmcharts.util.K8sUtil - Comparing actual state 'RUNNING' and waiting for 'RUNNING'
2025-01-30 04:03:42,775 INFO c.h.h.t.HelmChartContainer - [test-hivemq-platform] [hivemq] [4b934008] WARN  - 
2025-01-30 04:03:42,776 INFO c.h.h.t.HelmChartContainer - [test-hivemq-platform] [hivemq] [4b934008] ################################################################################################################
2025-01-30 04:03:42,776 INFO c.h.h.t.HelmChartContainer - [test-hivemq-platform] [hivemq] [4b934008] # This HiveMQ deployment is not secure! You are lacking Authentication and Authorization.                      #
2025-01-30 04:03:42,776 INFO c.h.h.t.HelmChartContainer - [test-hivemq-platform] [hivemq] [4b934008] # Right now any MQTT client can connect to the broker with a full set of permissions.                          #
2025-01-30 04:03:42,776 INFO c.h.h.t.HelmChartContainer - [test-hivemq-platform] [hivemq] [4b934008] # For production usage, add an appropriate security extension and remove the hivemq-allow-all extension.       #
2025-01-30 04:03:42,776 INFO c.h.h.t.HelmChartContainer - [test-hivemq-platform] [hivemq] [4b934008] # You can download security extensions from the HiveMQ Marketplace (https://www.hivemq.com/extensions/).       #
2025-01-30 04:03:42,776 INFO c.h.h.t.HelmChartContainer - [test-hivemq-platform] [hivemq] [4b934008] ################################################################################################################
2025-01-30 04:03:44,238 INFO c.h.h.platform.UpdateLogLevelIT - Assert updated logback.xml in pods
2025-01-30 04:03:44,407 INFO c.h.h.t.HelmChartContainer - Uninstalling release 'test-hivemq-platform' in namespace 'updateloglevelit'...
2025-01-30 04:03:44,408 DEBUG c.h.h.t.HelmChartContainer - Executing helm command: /bin/helm --kubeconfig /etc/rancher/k3s/k3s.yaml uninstall test-hivemq-platform  --wait --timeout 5m0s --cascade foreground --namespace updateloglevelit
2025-01-30 04:03:44,636 INFO c.h.h.t.HelmChartContainer - [hivemq-test-hivemq-platform] [hivemq-platform-operator] [0a62c734] 04:03:44.631 [pool-6-thread-27] DEBUG c.h.p.o.d.PlatformServiceResource - [updatelo] Desired Platform services (3 services)
2025-01-30 04:03:44,636 INFO c.h.h.t.HelmChartContainer - [hivemq-test-hivemq-platform] [hivemq-platform-operator] [0a62c734] 04:03:44.631 [pool-6-thread-30] DEBUG c.h.p.o.dependants.PodInfoConfigMap - [updatelo] Desired PodInfo ConfigMap (1 extensions) (1 enabled)
2025-01-30 04:03:44,636 INFO c.h.h.t.HelmChartContainer - [hivemq-test-hivemq-platform] [hivemq-platform-operator] [0a62c734] 04:03:44.631 [pool-6-thread-30] DEBUG c.h.p.o.dependants.PodInfoConfigMap - [updatelo] Desired PodInfo ConfigMap (metrics port: 9399) (metrics path: /)
2025-01-30 04:03:44,636 INFO c.h.h.t.HelmChartContainer - [hivemq-test-hivemq-platform] [hivemq-platform-operator] [0a62c734] 04:03:44.631 [pool-6-thread-30] DEBUG c.h.p.o.dependants.PodInfoConfigMap - [updatelo] Desired PodInfo ConfigMap (extension state hash: -1817474005)
2025-01-30 04:03:44,636 INFO c.h.h.t.HelmChartContainer - [hivemq-test-hivemq-platform] [hivemq-platform-operator] [0a62c734] 04:03:44.632 [pool-6-thread-30] DEBUG c.h.p.o.dependants.PodInfoConfigMap - [updatelo] Update PodInfo ConfigMap
2025-01-30 04:03:44,637 INFO c.h.h.t.HelmChartContainer - [hivemq-test-hivemq-platform] [hivemq-platform-operator] [0a62c734] 04:03:44.635 [pool-6-thread-28] DEBUG c.h.p.o.d.PodServiceAccountResource - [updatelo] Desired PodServiceAccountResource (serviceAccountName: hivemq-platform-pod-test-hivemq-platform)
2025-01-30 04:03:44,687 INFO c.h.h.t.HelmChartContainer - [hivemq-test-hivemq-platform] [hivemq-platform-operator] [0a62c734] 04:03:44.682 [pool-6-thread-30] DEBUG c.h.p.o.d.StatefulSetResource - [updatelo] Desired StatefulSet (2 replicas) for status RUNNING (READY)
2025-01-30 04:03:44,728 INFO c.h.h.t.HelmChartContainer - [hivemq-test-hivemq-platform] [hivemq-platform-operator] [0a62c734] 04:03:44.726 [pool-6-thread-30] DEBUG c.h.p.o.d.StatefulSetResource - [updatelo] Update StatefulSet (replicas: 2 -> 2)
2025-01-30 04:03:44,728 INFO c.h.h.t.HelmChartContainer - [hivemq-test-hivemq-platform] [hivemq-platform-operator] [0a62c734] 04:03:44.726 [pool-6-thread-30] DEBUG c.h.p.o.d.StatefulSetResource - [updatelo] Detected change in StatefulSet specification (path: /template/metadata/annotations/kubernetes-resource-versions) (actual value: {broker-configuration-v2=-2089688360}) (target value: {broker-configuration-v2=0})
2025-01-30 04:03:44,774 INFO c.h.h.t.HelmChartContainer - [hivemq-test-hivemq-platform] [hivemq-platform-operator] [0a62c734] 04:03:44.772 [pool-6-thread-30] INFO  c.h.p.o.d.StatefulSetResource - [updatelo] StatefulSet spec was updated, triggering rolling restart
2025-01-30 04:03:44,823 INFO c.h.h.t.HelmChartContainer - [hivemq-test-hivemq-platform] [hivemq-platform-operator] [0a62c734] 04:03:44.820 [ReconcilerExecutor-hivemq-controller-133] INFO  c.h.p.o.HiveMQPlatformReconciler - [updatelo] Reconciling HiveMQ Platform 'test-hivemq-platform' in namespace 'updateloglevelit'
2025-01-30 04:03:44,823 INFO c.h.h.t.HelmChartContainer - [hivemq-test-hivemq-platform] [hivemq-platform-operator] [0a62c734] 04:03:44.821 [ReconcilerExecutor-hivemq-controller-133] DEBUG c.h.p.o.HiveMQPlatformReconciler - [updatelo] Custom Resource Status RUNNING - HiveMQ Platform is ready (READY) (reconciliation requests: REQUESTS_UPDATED, ROLLING_RESTART, SCALING)
2025-01-30 04:03:44,823 INFO c.h.h.t.HelmChartContainer - [hivemq-test-hivemq-platform] [hivemq-platform-operator] [0a62c734] 04:03:44.821 [ReconcilerExecutor-hivemq-controller-133] DEBUG c.h.p.o.HiveMQPlatformReconciler - [updatelo] Custom Resource Spec (replicas: 2) (extensions: 1)
2025-01-30 04:03:44,824 INFO c.h.h.t.HelmChartContainer - [hivemq-test-hivemq-platform] [hivemq-platform-operator] [0a62c734] 04:03:44.821 [ReconcilerExecutor-hivemq-controller-133] WARN  c.h.p.o.h.HiveMQPlatformReconcilerErrorHandler - [updatelo] Could not find ConfigMap 'hivemq-configuration-test-hivemq-platform' for HiveMQ Platform configuration
2025-01-30 04:03:44,928 INFO c.h.h.t.HelmChartContainer - [hivemq-test-hivemq-platform] [hivemq-platform-operator] [0a62c734] 04:03:44.926 [ReconcilerExecutor-hivemq-controller-133] DEBUG c.h.p.operator.event.EventSender - [updatelo] Creating K8s event hivemq-platform-invalid-configuration: [Start] Could not find ConfigMap 'hivemq-configuration-test-hivemq-platform' for HiveMQ Platform configuration
2025-01-30 04:03:44,931 INFO c.h.h.t.HelmChartContainer - [EVENT] Warning [Start] Could not find ConfigMap 'hivemq-configuration-test-hivemq-platform' for HiveMQ Platform configuration [updateloglevelit:test-hivemq-platform]
2025-01-30 04:03:44,932 INFO c.h.h.t.HelmChartContainer - [hivemq-test-hivemq-platform] [hivemq-platform-operator] [0a62c734] 04:03:44.931 [ReconcilerExecutor-hivemq-controller-133] INFO  c.h.p.o.h.AbstractHiveMQReconcilerStateHandler - [updatelo] Update HiveMQ Platform Status (RUNNING [READY] -> ERROR [INVALID_CONFIG_MAP]): Could not find ConfigMap 'hivemq-configuration-test-hivemq-platform' for HiveMQ Platform configuration (reconciliation requests: ROLLING_RESTART, SCALING)
2025-01-30 04:03:44,941 INFO c.h.h.t.HelmChartContainer - [hivemq-test-hivemq-platform] [hivemq-platform-operator] [0a62c734] 04:03:44.939 [ReconcilerExecutor-hivemq-controller-133] ERROR i.j.o.p.event.EventProcessor - Error during event processing ExecutionScope{ resource id: ResourceID{name='test-hivemq-platform', namespace='updateloglevelit'}, version: 949}
2025-01-30 04:03:44,941 INFO c.h.h.t.HelmChartContainer - [hivemq-test-hivemq-platform] [hivemq-platform-operator] [0a62c734] io.fabric8.kubernetes.client.KubernetesClientException: Failure executing: PUT at: https://10.43.0.1:443/apis/hivemq.com/v1/namespaces/updateloglevelit/hivemq-platforms/test-hivemq-platform/status. Message: Operation cannot be fulfilled on hivemq-platforms.hivemq.com "test-hivemq-platform": the object has been modified; please apply your changes to the latest version and try again. Received status: Status(apiVersion=v1, code=409, details=StatusDetails(causes=[], group=hivemq.com, kind=hivemq-platforms, name=test-hivemq-platform, retryAfterSeconds=null, uid=null, additionalProperties={}), kind=Status, message=Operation cannot be fulfilled on hivemq-platforms.hivemq.com "test-hivemq-platform": the object has been modified; please apply your changes to the latest version and try again, metadata=ListMeta(_continue=null, remainingItemCount=null, resourceVersion=null, selfLink=null, additionalProperties={}), reason=Conflict, status=Failure, additionalProperties={}).
2025-01-30 04:03:44,941 INFO c.h.h.t.HelmChartContainer - [hivemq-test-hivemq-platform] [hivemq-platform-operator] [0a62c734] 	at io.fabric8.kubernetes.client.KubernetesClientException.copyAsCause(KubernetesClientException.java:238)
2025-01-30 04:03:44,943 INFO c.h.h.t.HelmChartContainer - [hivemq-test-hivemq-platform] [hivemq-platform-operator] [0a62c734] 	at io.fabric8.kubernetes.client.dsl.internal.OperationSupport.waitForResult(OperationSupport.java:507)
2025-01-30 04:03:44,943 INFO c.h.h.t.HelmChartContainer - [hivemq-test-hivemq-platform] [hivemq-platform-operator] [0a62c734] 	at io.fabric8.kubernetes.client.dsl.internal.OperationSupport.handleResponse(OperationSupport.java:524)
2025-01-30 04:03:44,943 INFO c.h.h.t.HelmChartContainer - [hivemq-test-hivemq-platform] [hivemq-platform-operator] [0a62c734] 	at io.fabric8.kubernetes.client.dsl.internal.OperationSupport.handleUpdate(OperationSupport.java:358)
2025-01-30 04:03:44,943 INFO c.h.h.t.HelmChartContainer - [hivemq-test-hivemq-platform] [hivemq-platform-operator] [0a62c734] 	at io.fabric8.kubernetes.client.dsl.internal.BaseOperation.handleUpdate(BaseOperation.java:759)
2025-01-30 04:03:44,943 INFO c.h.h.t.HelmChartContainer - [hivemq-test-hivemq-platform] [hivemq-platform-operator] [0a62c734] 	at io.fabric8.kubernetes.client.dsl.internal.HasMetadataOperation.update(HasMetadataOperation.java:138)
2025-01-30 04:03:44,943 INFO c.h.h.t.HelmChartContainer - [hivemq-test-hivemq-platform] [hivemq-platform-operator] [0a62c734] 	at io.fabric8.kubernetes.client.dsl.internal.HasMetadataOperation.update(HasMetadataOperation.java:121)
2025-01-30 04:03:44,943 INFO c.h.h.t.HelmChartContainer - [hivemq-test-hivemq-platform] [hivemq-platform-operator] [0a62c734] 	at io.fabric8.kubernetes.client.dsl.internal.HasMetadataOperation.updateStatus(HasMetadataOperation.java:126)
2025-01-30 04:03:44,943 INFO c.h.h.t.HelmChartContainer - [hivemq-test-hivemq-platform] [hivemq-platform-operator] [0a62c734] 	at io.fabric8.kubernetes.client.dsl.internal.HasMetadataOperation.updateStatus(HasMetadataOperation.java:44)
2025-01-30 04:03:44,943 INFO c.h.h.t.HelmChartContainer - [hivemq-test-hivemq-platform] [hivemq-platform-operator] [0a62c734] 	at io.javaoperatorsdk.operator.processing.event.ReconciliationDispatcher$CustomResourceFacade.updateStatus(ReconciliationDispatcher.java:408)
2025-01-30 04:03:44,943 INFO c.h.h.t.HelmChartContainer - [hivemq-test-hivemq-platform] [hivemq-platform-operator] [0a62c734] 	at io.javaoperatorsdk.operator.processing.event.ReconciliationDispatcher.updateStatusGenerationAware(ReconciliationDispatcher.java:228)
2025-01-30 04:03:44,943 INFO c.h.h.t.HelmChartContainer - [hivemq-test-hivemq-platform] [hivemq-platform-operator] [0a62c734] 	at io.javaoperatorsdk.operator.processing.event.ReconciliationDispatcher.reconcileExecution(ReconciliationDispatcher.java:150)
2025-01-30 04:03:44,943 INFO c.h.h.t.HelmChartContainer - [hivemq-test-hivemq-platform] [hivemq-platform-operator] [0a62c734] 	at io.javaoperatorsdk.operator.processing.event.ReconciliationDispatcher.handleReconcile(ReconciliationDispatcher.java:117)
2025-01-30 04:03:44,943 INFO c.h.h.t.HelmChartContainer - [hivemq-test-hivemq-platform] [hivemq-platform-operator] [0a62c734] 	at io.javaoperatorsdk.operator.processing.event.ReconciliationDispatcher.handleDispatch(ReconciliationDispatcher.java:91)
2025-01-30 04:03:44,943 INFO c.h.h.t.HelmChartContainer - [hivemq-test-hivemq-platform] [hivemq-platform-operator] [0a62c734] 	at io.javaoperatorsdk.operator.processing.event.ReconciliationDispatcher.handleExecution(ReconciliationDispatcher.java:64)
2025-01-30 04:03:44,943 INFO c.h.h.t.HelmChartContainer - [hivemq-test-hivemq-platform] [hivemq-platform-operator] [0a62c734] 	at io.javaoperatorsdk.operator.processing.event.EventProcessor$ReconcilerExecutor.run(EventProcessor.java:452)
2025-01-30 04:03:44,943 INFO c.h.h.t.HelmChartContainer - [hivemq-test-hivemq-platform] [hivemq-platform-operator] [0a62c734] 	at java.base/java.util.concurrent.ThreadPoolExecutor.runWorker(Unknown Source)
2025-01-30 04:03:44,943 INFO c.h.h.t.HelmChartContainer - [hivemq-test-hivemq-platform] [hivemq-platform-operator] [0a62c734] 	at java.base/java.util.concurrent.ThreadPoolExecutor$Worker.run(Unknown Source)
2025-01-30 04:03:44,943 INFO c.h.h.t.HelmChartContainer - [hivemq-test-hivemq-platform] [hivemq-platform-operator] [0a62c734] 	at java.base/java.lang.Thread.run(Unknown Source)
2025-01-30 04:03:44,943 INFO c.h.h.t.HelmChartContainer - [hivemq-test-hivemq-platform] [hivemq-platform-operator] [0a62c734] Caused by: io.fabric8.kubernetes.client.KubernetesClientException: Failure executing: PUT at: https://10.43.0.1:443/apis/hivemq.com/v1/namespaces/updateloglevelit/hivemq-platforms/test-hivemq-platform/status. Message: Operation cannot be fulfilled on hivemq-platforms.hivemq.com "test-hivemq-platform": the object has been modified; please apply your changes to the latest version and try again. Received status: Status(apiVersion=v1, code=409, details=StatusDetails(causes=[], group=hivemq.com, kind=hivemq-platforms, name=test-hivemq-platform, retryAfterSeconds=null, uid=null, additionalProperties={}), kind=Status, message=Operation cannot be fulfilled on hivemq-platforms.hivemq.com "test-hivemq-platform": the object has been modified; please apply your changes to the latest version and try again, metadata=ListMeta(_continue=null, remainingItemCount=null, resourceVersion=null, selfLink=null, additionalProperties={}), reason=Conflict, status=Failure, additionalProperties={}).
2025-01-30 04:03:44,943 INFO c.h.h.t.HelmChartContainer - [hivemq-test-hivemq-platform] [hivemq-platform-operator] [0a62c734] 	at io.fabric8.kubernetes.client.dsl.internal.OperationSupport.requestFailure(OperationSupport.java:660)
2025-01-30 04:03:44,943 INFO c.h.h.t.HelmChartContainer - [hivemq-test-hivemq-platform] [hivemq-platform-operator] [0a62c734] 	at io.fabric8.kubernetes.client.dsl.internal.OperationSupport.requestFailure(OperationSupport.java:640)
2025-01-30 04:03:44,943 INFO c.h.h.t.HelmChartContainer - [hivemq-test-hivemq-platform] [hivemq-platform-operator] [0a62c734] 	at io.fabric8.kubernetes.client.dsl.internal.OperationSupport.assertResponseCode(OperationSupport.java:589)
2025-01-30 04:03:44,943 INFO c.h.h.t.HelmChartContainer - [hivemq-test-hivemq-platform] [hivemq-platform-operator] [0a62c734] 	at io.fabric8.kubernetes.client.dsl.internal.OperationSupport.lambda$handleResponse$0(OperationSupport.java:549)
2025-01-30 04:03:44,943 INFO c.h.h.t.HelmChartContainer - [hivemq-test-hivemq-platform] [hivemq-platform-operator] [0a62c734] 	at java.base/java.util.concurrent.CompletableFuture$UniApply.tryFire(Unknown Source)
2025-01-30 04:03:44,943 INFO c.h.h.t.HelmChartContainer - [hivemq-test-hivemq-platform] [hivemq-platform-operator] [0a62c734] 	at java.base/java.util.concurrent.CompletableFuture.postComplete(Unknown Source)
2025-01-30 04:03:44,943 INFO c.h.h.t.HelmChartContainer - [hivemq-test-hivemq-platform] [hivemq-platform-operator] [0a62c734] 	at java.base/java.util.concurrent.CompletableFuture.complete(Unknown Source)
2025-01-30 04:03:44,943 INFO c.h.h.t.HelmChartContainer - [hivemq-test-hivemq-platform] [hivemq-platform-operator] [0a62c734] 	at io.fabric8.kubernetes.client.http.StandardHttpClient.lambda$completeOrCancel$10(StandardHttpClient.java:141)
2025-01-30 04:03:44,943 INFO c.h.h.t.HelmChartContainer - [hivemq-test-hivemq-platform] [hivemq-platform-operator] [0a62c734] 	at java.base/java.util.concurrent.CompletableFuture.uniWhenComplete(Unknown Source)
2025-01-30 04:03:44,943 INFO c.h.h.t.HelmChartContainer - [hivemq-test-hivemq-platform] [hivemq-platform-operator] [0a62c734] 	at java.base/java.util.concurrent.CompletableFuture$UniWhenComplete.tryFire(Unknown Source)
2025-01-30 04:03:44,943 INFO c.h.h.t.HelmChartContainer - [hivemq-test-hivemq-platform] [hivemq-platform-operator] [0a62c734] 	at java.base/java.util.concurrent.CompletableFuture.postComplete(Unknown Source)
2025-01-30 04:03:44,943 INFO c.h.h.t.HelmChartContainer - [hivemq-test-hivemq-platform] [hivemq-platform-operator] [0a62c734] 	at java.base/java.util.concurrent.CompletableFuture.complete(Unknown Source)
2025-01-30 04:03:44,943 INFO c.h.h.t.HelmChartContainer - [hivemq-test-hivemq-platform] [hivemq-platform-operator] [0a62c734] 	at io.fabric8.kubernetes.client.http.ByteArrayBodyHandler.onBodyDone(ByteArrayBodyHandler.java:51)
2025-01-30 04:03:44,943 INFO c.h.h.t.HelmChartContainer - [hivemq-test-hivemq-platform] [hivemq-platform-operator] [0a62c734] 	at java.base/java.util.concurrent.CompletableFuture.uniWhenComplete(Unknown Source)
2025-01-30 04:03:44,943 INFO c.h.h.t.HelmChartContainer - [hivemq-test-hivemq-platform] [hivemq-platform-operator] [0a62c734] 	at java.base/java.util.concurrent.CompletableFuture$UniWhenComplete.tryFire(Unknown Source)
2025-01-30 04:03:44,943 INFO c.h.h.t.HelmChartContainer - [hivemq-test-hivemq-platform] [hivemq-platform-operator] [0a62c734] 	at java.base/java.util.concurrent.CompletableFuture.postComplete(Unknown Source)
2025-01-30 04:03:44,943 INFO c.h.h.t.HelmChartContainer - [hivemq-test-hivemq-platform] [hivemq-platform-operator] [0a62c734] 	at java.base/java.util.concurrent.CompletableFuture.complete(Unknown Source)
2025-01-30 04:03:44,943 INFO c.h.h.t.HelmChartContainer - [hivemq-test-hivemq-platform] [hivemq-platform-operator] [0a62c734] 	at io.fabric8.kubernetes.client.vertx.VertxHttpRequest.lambda$null$1(VertxHttpRequest.java:121)
2025-01-30 04:03:44,943 INFO c.h.h.t.HelmChartContainer - [hivemq-test-hivemq-platform] [hivemq-platform-operator] [0a62c734] 	at io.vertx.core.impl.ContextInternal.dispatch(ContextInternal.java:279)
2025-01-30 04:03:44,943 INFO c.h.h.t.HelmChartContainer - [hivemq-test-hivemq-platform] [hivemq-platform-operator] [0a62c734] 	at io.vertx.core.impl.ContextInternal.dispatch(ContextInternal.java:261)
2025-01-30 04:03:44,943 INFO c.h.h.t.HelmChartContainer - [hivemq-test-hivemq-platform] [hivemq-platform-operator] [0a62c734] 	at io.vertx.core.http.impl.HttpEventHandler.handleEnd(HttpEventHandler.java:76)
2025-01-30 04:03:44,943 INFO c.h.h.t.HelmChartContainer - [hivemq-test-hivemq-platform] [hivemq-platform-operator] [0a62c734] 	at io.vertx.core.http.impl.HttpClientResponseImpl.handleEnd(HttpClientResponseImpl.java:250)
2025-01-30 04:03:44,943 INFO c.h.h.t.HelmChartContainer - [hivemq-test-hivemq-platform] [hivemq-platform-operator] [0a62c734] 	at io.vertx.core.http.impl.Http1xClientConnection$StreamImpl.lambda$new$0(Http1xClientConnection.java:421)
2025-01-30 04:03:44,943 INFO c.h.h.t.HelmChartContainer - [hivemq-test-hivemq-platform] [hivemq-platform-operator] [0a62c734] 	at io.vertx.core.streams.impl.InboundBuffer.handleEvent(InboundBuffer.java:279)
2025-01-30 04:03:44,943 INFO c.h.h.t.HelmChartContainer - [hivemq-test-hivemq-platform] [hivemq-platform-operator] [0a62c734] 	at io.vertx.core.streams.impl.InboundBuffer.write(InboundBuffer.java:157)
2025-01-30 04:03:44,943 INFO c.h.h.t.HelmChartContainer - [hivemq-test-hivemq-platform] [hivemq-platform-operator] [0a62c734] 	at io.vertx.core.http.impl.Http1xClientConnection$StreamImpl.handleEnd(Http1xClientConnection.java:709)
2025-01-30 04:03:44,943 INFO c.h.h.t.HelmChartContainer - [hivemq-test-hivemq-platform] [hivemq-platform-operator] [0a62c734] 	at io.vertx.core.impl.ContextImpl.lambda$execute$4(ContextImpl.java:315)
2025-01-30 04:03:44,943 INFO c.h.h.t.HelmChartContainer - [hivemq-test-hivemq-platform] [hivemq-platform-operator] [0a62c734] 	at io.netty.util.concurrent.AbstractEventExecutor.runTask(AbstractEventExecutor.java:173)
2025-01-30 04:03:44,943 INFO c.h.h.t.HelmChartContainer - [hivemq-test-hivemq-platform] [hivemq-platform-operator] [0a62c734] 	at io.netty.util.concurrent.AbstractEventExecutor.safeExecute(AbstractEventExecutor.java:166)
2025-01-30 04:03:44,943 INFO c.h.h.t.HelmChartContainer - [hivemq-test-hivemq-platform] [hivemq-platform-operator] [0a62c734] 	at io.netty.util.concurrent.SingleThreadEventExecutor.runAllTasks(SingleThreadEventExecutor.java:472)
2025-01-30 04:03:44,943 INFO c.h.h.t.HelmChartContainer - [hivemq-test-hivemq-platform] [hivemq-platform-operator] [0a62c734] 	at io.netty.channel.nio.NioEventLoop.run(NioEventLoop.java:569)
2025-01-30 04:03:44,943 INFO c.h.h.t.HelmChartContainer - [hivemq-test-hivemq-platform] [hivemq-platform-operator] [0a62c734] 	at io.netty.util.concurrent.SingleThreadEventExecutor$4.run(SingleThreadEventExecutor.java:997)
2025-01-30 04:03:44,945 INFO c.h.h.t.HelmChartContainer - [hivemq-test-hivemq-platform] [hivemq-platform-operator] [0a62c734] 	at io.netty.util.internal.ThreadExecutorMap$2.run(ThreadExecutorMap.java:74)
2025-01-30 04:03:44,945 INFO c.h.h.t.HelmChartContainer - [hivemq-test-hivemq-platform] [hivemq-platform-operator] [0a62c734] 	at io.netty.util.concurrent.FastThreadLocalRunnable.run(FastThreadLocalRunnable.java:30)
2025-01-30 04:03:44,945 INFO c.h.h.t.HelmChartContainer - [hivemq-test-hivemq-platform] [hivemq-platform-operator] [0a62c734] 	... 1 common frames omitted
2025-01-30 04:03:44,976 INFO c.h.h.t.HelmChartContainer - [hivemq-test-hivemq-platform] [hivemq-platform-operator] [0a62c734] 04:03:44.973 [ReconcilerExecutor-hivemq-controller-138] INFO  c.h.p.o.HiveMQPlatformReconciler - [updatelo] Cleanup test-hivemq-platform - updateloglevelit HiveMQ Platform is shut down
2025-01-30 04:03:45,449 INFO c.h.h.t.HelmChartContainer - [POD] test-hivemq-platform-0 [24f4f965-ac4e-4dd0-87d3-9f802b8b71db] in updateloglevelit was MODIFIED
2025-01-30 04:03:45,451 INFO c.h.h.t.HelmChartContainer - [EVENT] Normal [Killing] Stopping container hivemq [updateloglevelit:test-hivemq-platform-0]
2025-01-30 04:03:45,452 INFO c.h.h.t.HelmChartContainer - Received Killing event for container hivemq in pod test-hivemq-platform-0 [24f4f965-ac4e-4dd0-87d3-9f802b8b71db]
2025-01-30 04:03:45,452 INFO c.h.h.t.HelmChartContainer - Container [test-hivemq-platform-0] [hivemq] [24f4f965-ac4e-4dd0-87d3-9f802b8b71db] was terminated
2025-01-30 04:03:45,452 INFO c.h.h.t.HelmChartContainer - Stopped log watcher for hivemq in pod test-hivemq-platform-0 [24f4f965-ac4e-4dd0-87d3-9f802b8b71db]
2025-01-30 04:03:45,465 INFO c.h.h.t.HelmChartContainer - [test-hivemq-platform] [hivemq] [24f4f965] INFO  - [HiveMQ Platform Operator Init App 1.7.0-SNAPSHOT] Shutting down
2025-01-30 04:03:45,465 INFO c.h.h.t.HelmChartContainer - [test-hivemq-platform] [hivemq] [24f4f965] INFO  - [HiveMQ Platform Operator Init App 1.7.0-SNAPSHOT] Stopping the HiveMQ Platform
2025-01-30 04:03:45,476 INFO c.h.h.t.HelmChartContainer - [POD] test-hivemq-platform-1 [4b934008-e97c-4022-993b-e29ac1061af8] in updateloglevelit was MODIFIED
2025-01-30 04:03:45,501 INFO c.h.h.t.HelmChartContainer - [test-hivemq-platform] [hivemq] [4b934008] INFO  - [HiveMQ Platform Operator Init App 1.7.0-SNAPSHOT] Shutting down
2025-01-30 04:03:45,501 INFO c.h.h.t.HelmChartContainer - [test-hivemq-platform] [hivemq] [4b934008] INFO  - [HiveMQ Platform Operator Init App 1.7.0-SNAPSHOT] Stopping the HiveMQ Platform
2025-01-30 04:03:45,503 INFO c.h.h.t.HelmChartContainer - [test-hivemq-platform] [hivemq] [4b934008] WARN  - No user for HiveMQ Control Center configured. Starting with default user
2025-01-30 04:03:45,503 INFO c.h.h.t.HelmChartContainer - [test-hivemq-platform] [hivemq] [4b934008] INFO  - [HiveMQ Platform Operator Init App 1.7.0-SNAPSHOT] Returning shutdown Health API response 503 for readiness
2025-01-30 04:03:45,513 INFO c.h.h.t.HelmChartContainer - [EVENT] Normal [Killing] Stopping container hivemq [updateloglevelit:test-hivemq-platform-1]
2025-01-30 04:03:45,515 INFO c.h.h.t.HelmChartContainer - Received Killing event for container hivemq in pod test-hivemq-platform-1 [4b934008-e97c-4022-993b-e29ac1061af8]
2025-01-30 04:03:45,515 INFO c.h.h.t.HelmChartContainer - Container [test-hivemq-platform-1] [hivemq] [4b934008-e97c-4022-993b-e29ac1061af8] was terminated
2025-01-30 04:03:45,515 INFO c.h.h.t.HelmChartContainer - Stopped log watcher for hivemq in pod test-hivemq-platform-1 [4b934008-e97c-4022-993b-e29ac1061af8]
2025-01-30 04:03:45,527 INFO c.h.h.t.HelmChartContainer - [EVENT] Warning [Unhealthy] Readiness probe failed: HTTP probe failed with statuscode: 503 [updateloglevelit:test-hivemq-platform-1]
2025-01-30 04:03:45,527 INFO c.h.h.t.HelmChartContainer - Received Unhealthy event for container hivemq in pod test-hivemq-platform-1 [4b934008-e97c-4022-993b-e29ac1061af8]
2025-01-30 04:03:46,695 INFO c.h.h.t.HelmChartContainer - [K3S] [authentication.go:74] "Unable to authenticate the request" err="[invalid bearer token, serviceaccounts \"hivemq-platform-pod-test-hivemq-platform\" not found]"
2025-01-30 04:03:46,728 INFO c.h.h.t.HelmChartContainer - [K3S] [authentication.go:74] "Unable to authenticate the request" err="[invalid bearer token, serviceaccounts \"hivemq-platform-pod-test-hivemq-platform\" not found]"
2025-01-30 04:03:46,743 INFO c.h.h.t.HelmChartContainer - Deleting namespace 'updateloglevelit'...
2025-01-30 04:03:46,787 INFO c.h.h.t.HelmChartContainer - [test-hivemq-platform] [hivemq] [4b934008] WARN  - [HiveMQ Platform Operator Init App 1.7.0-SNAPSHOT] Could not update Pod annotations: Failure executing: GET at: https://10.43.0.1:443/api/v1/namespaces/updateloglevelit/pods/test-hivemq-platform-1. Message: Unauthorized. Received status: Status(apiVersion=v1, code=401, details=null, kind=Status, message=Unauthorized, metadata=ListMeta(_continue=null, remainingItemCount=null, resourceVersion=null, selfLink=null, additionalProperties={}), reason=Unauthorized, status=Failure, additionalProperties={}).
2025-01-30 04:03:48,857 INFO c.h.h.t.HelmChartContainer - [test-hivemq-platform] [hivemq] [24f4f965] INFO  - [HiveMQ Platform Operator Init App 1.7.0-SNAPSHOT] Returning shutdown Health API response 503 for readiness
2025-01-30 04:03:48,861 INFO c.h.h.t.HelmChartContainer - [EVENT] Warning [Unhealthy] Readiness probe failed: HTTP probe failed with statuscode: 503 [updateloglevelit:test-hivemq-platform-0]
2025-01-30 04:03:48,861 INFO c.h.h.t.HelmChartContainer - Received Unhealthy event for container hivemq in pod test-hivemq-platform-0 [24f4f965-ac4e-4dd0-87d3-9f802b8b71db]
2025-01-30 04:03:49,371 INFO c.h.h.t.HelmChartContainer - [test-hivemq-platform] [hivemq] [24f4f965] WARN  - [HiveMQ Platform Operator Init App 1.7.0-SNAPSHOT] Could not update Pod annotations: Failure executing: GET at: https://10.43.0.1:443/api/v1/namespaces/updateloglevelit/pods/test-hivemq-platform-0. Message: pods "test-hivemq-platform-0" is forbidden: User "system:serviceaccount:updateloglevelit:hivemq-platform-pod-test-hivemq-platform" cannot get resource "pods" in API group "" in the namespace "updateloglevelit". Received status: Status(apiVersion=v1, code=403, details=StatusDetails(causes=[], group=null, kind=pods, name=test-hivemq-platform-0, retryAfterSeconds=null, uid=null, additionalProperties={}), kind=Status, message=pods "test-hivemq-platform-0" is forbidden: User "system:serviceaccount:updateloglevelit:hivemq-platform-pod-test-hivemq-platform" cannot get resource "pods" in API group "" in the namespace "updateloglevelit", metadata=ListMeta(_continue=null, remainingItemCount=null, resourceVersion=null, selfLink=null, additionalProperties={}), reason=Forbidden, status=Failure, additionalProperties={}).
2025-01-30 04:03:49,658 INFO c.h.h.t.HelmChartContainer - [test-hivemq-platform] [hivemq] [4b934008] INFO  - [HiveMQ Platform Operator Init App 1.7.0-SNAPSHOT] The HiveMQ Platform exited with code 143
2025-01-30 04:03:49,658 INFO c.h.h.t.HelmChartContainer - [test-hivemq-platform] [hivemq] [4b934008] INFO  - [HiveMQ Platform Operator Init App 1.7.0-SNAPSHOT] Stopping the REST API
2025-01-30 04:03:49,665 INFO c.h.h.t.HelmChartContainer - [test-hivemq-platform] [hivemq] [4b934008] INFO  - [HiveMQ Platform Operator Init App 1.7.0-SNAPSHOT] Shutdown complete
2025-01-30 04:03:50,145 INFO c.h.h.t.HelmChartContainer - [POD] test-hivemq-platform-1 [4b934008-e97c-4022-993b-e29ac1061af8] in updateloglevelit was MODIFIED
2025-01-30 04:03:50,147 INFO c.h.h.t.HelmChartContainer - [K3S] [stateful_set.go:438] "Unhandled Error" err="error syncing StatefulSet updateloglevelit/test-hivemq-platform, requeuing: controllerrevisions.apps \"test-hivemq-platform-85d864d846\" is forbidden: unable to create new content in namespace updateloglevelit because it is being terminated"
2025-01-30 04:03:50,155 INFO c.h.h.t.HelmChartContainer - [K3S] [stateful_set.go:438] "Unhandled Error" err="error syncing StatefulSet updateloglevelit/test-hivemq-platform, requeuing: controllerrevisions.apps \"test-hivemq-platform-85d864d846\" is forbidden: unable to create new content in namespace updateloglevelit because it is being terminated"
2025-01-30 04:03:50,162 INFO c.h.h.t.HelmChartContainer - [K3S] [reconciler_common.go:162] "operationExecutor.UnmountVolume started for volume \"broker-configuration\" (UniqueName: \"kubernetes.io/configmap/4b934008-e97c-4022-993b-e29ac1061af8-broker-configuration\") pod \"4b934008-e97c-4022-993b-e29ac1061af8\" (UID: \"4b934008-e97c-4022-993b-e29ac1061af8\") "
2025-01-30 04:03:50,162 INFO c.h.h.t.HelmChartContainer - [K3S] [reconciler_common.go:162] "operationExecutor.UnmountVolume started for volume \"operator-init\" (UniqueName: \"kubernetes.io/empty-dir/4b934008-e97c-4022-993b-e29ac1061af8-operator-init\") pod \"4b934008-e97c-4022-993b-e29ac1061af8\" (UID: \"4b934008-e97c-4022-993b-e29ac1061af8\") "
2025-01-30 04:03:50,163 INFO c.h.h.t.HelmChartContainer - [K3S] [reconciler_common.go:162] "operationExecutor.UnmountVolume started for volume \"kube-api-access-nr7vl\" (UniqueName: \"kubernetes.io/projected/4b934008-e97c-4022-993b-e29ac1061af8-kube-api-access-nr7vl\") pod \"4b934008-e97c-4022-993b-e29ac1061af8\" (UID: \"4b934008-e97c-4022-993b-e29ac1061af8\") "
2025-01-30 04:03:50,163 INFO c.h.h.t.HelmChartContainer - [K3S] [reconciler_common.go:162] "operationExecutor.UnmountVolume started for volume \"pod-info\" (UniqueName: \"kubernetes.io/configmap/4b934008-e97c-4022-993b-e29ac1061af8-pod-info\") pod \"4b934008-e97c-4022-993b-e29ac1061af8\" (UID: \"4b934008-e97c-4022-993b-e29ac1061af8\") "
2025-01-30 04:03:50,168 INFO c.h.h.t.HelmChartContainer - [K3S] [stateful_set.go:438] "Unhandled Error" err="error syncing StatefulSet updateloglevelit/test-hivemq-platform, requeuing: controllerrevisions.apps \"test-hivemq-platform-85d864d846\" is forbidden: unable to create new content in namespace updateloglevelit because it is being terminated"
2025-01-30 04:03:50,192 INFO c.h.h.t.HelmChartContainer - [K3S] [stateful_set.go:438] "Unhandled Error" err="error syncing StatefulSet updateloglevelit/test-hivemq-platform, requeuing: controllerrevisions.apps \"test-hivemq-platform-85d864d846\" is forbidden: unable to create new content in namespace updateloglevelit because it is being terminated"
2025-01-30 04:03:50,236 INFO c.h.h.t.HelmChartContainer - [K3S] [stateful_set.go:438] "Unhandled Error" err="error syncing StatefulSet updateloglevelit/test-hivemq-platform, requeuing: controllerrevisions.apps \"test-hivemq-platform-85d864d846\" is forbidden: unable to create new content in namespace updateloglevelit because it is being terminated"
2025-01-30 04:03:50,263 INFO c.h.h.t.HelmChartContainer - [K3S] [reconciler_common.go:299] "Volume detached for volume \"kube-api-access-nr7vl\" (UniqueName: \"kubernetes.io/projected/4b934008-e97c-4022-993b-e29ac1061af8-kube-api-access-nr7vl\") on node \"f66bc3b5d801\" DevicePath \"\""
2025-01-30 04:03:50,263 INFO c.h.h.t.HelmChartContainer - [K3S] [reconciler_common.go:299] "Volume detached for volume \"operator-init\" (UniqueName: \"kubernetes.io/empty-dir/4b934008-e97c-4022-993b-e29ac1061af8-operator-init\") on node \"f66bc3b5d801\" DevicePath \"\""
2025-01-30 04:03:50,263 INFO c.h.h.t.HelmChartContainer - [K3S] [reconciler_common.go:299] "Volume detached for volume \"pod-info\" (UniqueName: \"kubernetes.io/configmap/4b934008-e97c-4022-993b-e29ac1061af8-pod-info\") on node \"f66bc3b5d801\" DevicePath \"\""
2025-01-30 04:03:50,263 INFO c.h.h.t.HelmChartContainer - [K3S] [reconciler_common.go:299] "Volume detached for volume \"broker-configuration\" (UniqueName: \"kubernetes.io/configmap/4b934008-e97c-4022-993b-e29ac1061af8-broker-configuration\") on node \"f66bc3b5d801\" DevicePath \"\""
2025-01-30 04:03:50,319 INFO c.h.h.t.HelmChartContainer - [K3S] [stateful_set.go:438] "Unhandled Error" err="error syncing StatefulSet updateloglevelit/test-hivemq-platform, requeuing: controllerrevisions.apps \"test-hivemq-platform-85d864d846\" is forbidden: unable to create new content in namespace updateloglevelit because it is being terminated"
2025-01-30 04:03:50,462 INFO c.h.h.t.HelmChartContainer - [K3S] [scope.go:117] "RemoveContainer" containerID="c02596e78afe13ce54e82ce0837bcfc9720ecc63257cffd1585bf25e4346a7da"
2025-01-30 04:03:50,478 INFO c.h.h.t.HelmChartContainer - [K3S] [stateful_set.go:438] "Unhandled Error" err="error syncing StatefulSet updateloglevelit/test-hivemq-platform, requeuing: controllerrevisions.apps \"test-hivemq-platform-85d864d846\" is forbidden: unable to create new content in namespace updateloglevelit because it is being terminated"
2025-01-30 04:03:50,480 INFO c.h.h.t.HelmChartContainer - [POD] test-hivemq-platform-1 [4b934008-e97c-4022-993b-e29ac1061af8] in updateloglevelit was MODIFIED
2025-01-30 04:03:50,481 INFO c.h.h.t.HelmChartContainer - [K3S] [stateful_set.go:438] "Unhandled Error" err="error syncing StatefulSet updateloglevelit/test-hivemq-platform, requeuing: controllerrevisions.apps \"test-hivemq-platform-85d864d846\" is forbidden: unable to create new content in namespace updateloglevelit because it is being terminated"
2025-01-30 04:03:50,483 INFO c.h.h.t.HelmChartContainer - [POD] test-hivemq-platform-1 [4b934008-e97c-4022-993b-e29ac1061af8] in updateloglevelit was DELETED
2025-01-30 04:03:50,487 INFO c.h.h.t.HelmChartContainer - [K3S] [stateful_set.go:438] "Unhandled Error" err="error syncing StatefulSet updateloglevelit/test-hivemq-platform, requeuing: controllerrevisions.apps \"test-hivemq-platform-85d864d846\" is forbidden: unable to create new content in namespace updateloglevelit because it is being terminated"
2025-01-30 04:03:50,569 INFO c.h.h.t.HelmChartContainer - [K3S] [scope.go:117] "RemoveContainer" containerID="50a13dc0da714fbc6b7aa3094d1c7d4f82583f2339dcd072588d89dc4c7e02b2"
2025-01-30 04:03:50,572 INFO c.h.h.t.HelmChartContainer - [K3S] [scope.go:117] "RemoveContainer" containerID="c02596e78afe13ce54e82ce0837bcfc9720ecc63257cffd1585bf25e4346a7da"
2025-01-30 04:03:50,572 INFO c.h.h.t.HelmChartContainer - [K3S] [scope.go:117] "RemoveContainer" containerID="50a13dc0da714fbc6b7aa3094d1c7d4f82583f2339dcd072588d89dc4c7e02b2"
2025-01-30 04:03:51,127 INFO c.h.h.t.HelmChartContainer - [K3S] [stateful_set.go:438] "Unhandled Error" err="error syncing StatefulSet updateloglevelit/test-hivemq-platform, requeuing: controllerrevisions.apps \"test-hivemq-platform-85d864d846\" is forbidden: unable to create new content in namespace updateloglevelit because it is being terminated"
2025-01-30 04:03:51,915 INFO c.h.h.t.HelmChartContainer - [test-hivemq-platform] [hivemq] [24f4f965] INFO  - [HiveMQ Platform Operator Init App 1.7.0-SNAPSHOT] The HiveMQ Platform exited with code 143
2025-01-30 04:03:51,915 INFO c.h.h.t.HelmChartContainer - [test-hivemq-platform] [hivemq] [24f4f965] INFO  - [HiveMQ Platform Operator Init App 1.7.0-SNAPSHOT] Stopping the REST API
2025-01-30 04:03:51,929 INFO c.h.h.t.HelmChartContainer - [K3S] [stateful_set.go:466] "StatefulSet has been deleted" key="updateloglevelit/test-hivemq-platform"
2025-01-30 04:03:51,959 INFO c.h.h.t.HelmChartContainer - [test-hivemq-platform] [hivemq] [24f4f965] INFO  - [HiveMQ Platform Operator Init App 1.7.0-SNAPSHOT] Shutdown complete
2025-01-30 04:03:52,056 INFO c.h.h.t.HelmChartContainer - [K3S] [kubelet_volumes.go:163] "Cleaned up orphaned pod volumes dir" podUID="4b934008-e97c-4022-993b-e29ac1061af8" path="/var/lib/kubelet/pods/4b934008-e97c-4022-993b-e29ac1061af8/volumes"
2025-01-30 04:03:52,407 INFO c.h.h.t.HelmChartContainer - [POD] test-hivemq-platform-0 [24f4f965-ac4e-4dd0-87d3-9f802b8b71db] in updateloglevelit was MODIFIED
2025-01-30 04:03:52,468 INFO c.h.h.t.HelmChartContainer - [K3S] [scope.go:117] "RemoveContainer" containerID="7a4cc20fb56144572f6bdfcebd135706d6a255c69839fd05ee85ec906899fa0f"
2025-01-30 04:03:52,474 INFO c.h.h.t.HelmChartContainer - [K3S] [reconciler_common.go:162] "operationExecutor.UnmountVolume started for volume \"pod-info\" (UniqueName: \"kubernetes.io/configmap/24f4f965-ac4e-4dd0-87d3-9f802b8b71db-pod-info\") pod \"24f4f965-ac4e-4dd0-87d3-9f802b8b71db\" (UID: \"24f4f965-ac4e-4dd0-87d3-9f802b8b71db\") "
2025-01-30 04:03:52,474 INFO c.h.h.t.HelmChartContainer - [K3S] [reconciler_common.go:162] "operationExecutor.UnmountVolume started for volume \"broker-configuration\" (UniqueName: \"kubernetes.io/configmap/24f4f965-ac4e-4dd0-87d3-9f802b8b71db-broker-configuration\") pod \"24f4f965-ac4e-4dd0-87d3-9f802b8b71db\" (UID: \"24f4f965-ac4e-4dd0-87d3-9f802b8b71db\") "
2025-01-30 04:03:52,474 INFO c.h.h.t.HelmChartContainer - [K3S] [reconciler_common.go:162] "operationExecutor.UnmountVolume started for volume \"kube-api-access-qk4w4\" (UniqueName: \"kubernetes.io/projected/24f4f965-ac4e-4dd0-87d3-9f802b8b71db-kube-api-access-qk4w4\") pod \"24f4f965-ac4e-4dd0-87d3-9f802b8b71db\" (UID: \"24f4f965-ac4e-4dd0-87d3-9f802b8b71db\") "
2025-01-30 04:03:52,476 INFO c.h.h.t.HelmChartContainer - [K3S] [reconciler_common.go:162] "operationExecutor.UnmountVolume started for volume \"operator-init\" (UniqueName: \"kubernetes.io/empty-dir/24f4f965-ac4e-4dd0-87d3-9f802b8b71db-operator-init\") pod \"24f4f965-ac4e-4dd0-87d3-9f802b8b71db\" (UID: \"24f4f965-ac4e-4dd0-87d3-9f802b8b71db\") "
2025-01-30 04:03:52,562 INFO c.h.h.t.HelmChartContainer - [K3S] [scope.go:117] "RemoveContainer" containerID="45b1475e3908f710b4147b4cbb6faec5a82236612c49719d1a6ea8fac5e621ad"
2025-01-30 04:03:52,565 INFO c.h.h.t.HelmChartContainer - [K3S] [scope.go:117] "RemoveContainer" containerID="7a4cc20fb56144572f6bdfcebd135706d6a255c69839fd05ee85ec906899fa0f"
2025-01-30 04:03:52,566 INFO c.h.h.t.HelmChartContainer - [K3S] [scope.go:117] "RemoveContainer" containerID="45b1475e3908f710b4147b4cbb6faec5a82236612c49719d1a6ea8fac5e621ad"
2025-01-30 04:03:52,574 INFO c.h.h.t.HelmChartContainer - [K3S] [reconciler_common.go:299] "Volume detached for volume \"pod-info\" (UniqueName: \"kubernetes.io/configmap/24f4f965-ac4e-4dd0-87d3-9f802b8b71db-pod-info\") on node \"f66bc3b5d801\" DevicePath \"\""
2025-01-30 04:03:52,574 INFO c.h.h.t.HelmChartContainer - [K3S] [reconciler_common.go:299] "Volume detached for volume \"broker-configuration\" (UniqueName: \"kubernetes.io/configmap/24f4f965-ac4e-4dd0-87d3-9f802b8b71db-broker-configuration\") on node \"f66bc3b5d801\" DevicePath \"\""
2025-01-30 04:03:52,574 INFO c.h.h.t.HelmChartContainer - [K3S] [reconciler_common.go:299] "Volume detached for volume \"kube-api-access-qk4w4\" (UniqueName: \"kubernetes.io/projected/24f4f965-ac4e-4dd0-87d3-9f802b8b71db-kube-api-access-qk4w4\") on node \"f66bc3b5d801\" DevicePath \"\""
2025-01-30 04:03:52,574 INFO c.h.h.t.HelmChartContainer - [K3S] [reconciler_common.go:299] "Volume detached for volume \"operator-init\" (UniqueName: \"kubernetes.io/empty-dir/24f4f965-ac4e-4dd0-87d3-9f802b8b71db-operator-init\") on node \"f66bc3b5d801\" DevicePath \"\""
2025-01-30 04:03:52,781 INFO c.h.h.t.HelmChartContainer - [POD] test-hivemq-platform-0 [24f4f965-ac4e-4dd0-87d3-9f802b8b71db] in updateloglevelit was MODIFIED
2025-01-30 04:03:52,785 INFO c.h.h.t.HelmChartContainer - [POD] test-hivemq-platform-0 [24f4f965-ac4e-4dd0-87d3-9f802b8b71db] in updateloglevelit was DELETED
2025-01-30 04:03:53,689 INFO c.h.h.t.HelmChartContainer - [K3S] [stateful_set.go:466] "StatefulSet has been deleted" key="updateloglevelit/test-hivemq-platform"
2025-01-30 04:03:54,056 INFO c.h.h.t.HelmChartContainer - [K3S] [kubelet_volumes.go:163] "Cleaned up orphaned pod volumes dir" podUID="24f4f965-ac4e-4dd0-87d3-9f802b8b71db" path="/var/lib/kubelet/pods/24f4f965-ac4e-4dd0-87d3-9f802b8b71db/volumes"
2025-01-30 04:03:57,075 INFO c.h.h.t.HelmChartContainer - Namespace 'updateloglevelit' deleted
2025-01-30 04:03:57,075 INFO c.h.h.t.HelmChartContainer - Release 'test-hivemq-platform' in namespace 'updateloglevelit' is uninstalled
2025-01-30 04:03:57,075 INFO c.h.h.t.HelmChartContainer - Uninstalling release 'test-hivemq-platform-operator' in namespace 'updateloglevelit-operator'...
2025-01-30 04:03:57,075 DEBUG c.h.h.t.HelmChartContainer - Executing helm command: /bin/helm --kubeconfig /etc/rancher/k3s/k3s.yaml uninstall test-hivemq-platform-operator  --wait --timeout 5m0s --cascade foreground --namespace updateloglevelit-operator
2025-01-30 04:03:57,246 INFO c.h.h.t.HelmChartContainer - [K3S] [replica_set.go:679] "Finished syncing" kind="ReplicaSet" key="updateloglevelit-operator/hivemq-test-hivemq-platform-operator-7764645b48" duration="13.293054ms"
2025-01-30 04:03:57,246 INFO c.h.h.t.HelmChartContainer - [K3S] [replica_set.go:679] "Finished syncing" kind="ReplicaSet" key="updateloglevelit-operator/hivemq-test-hivemq-platform-operator-7764645b48" duration="45.264µs"
2025-01-30 04:03:57,253 INFO c.h.h.t.HelmChartContainer - [POD] hivemq-test-hivemq-platform-operator-7764645b48-lpr7c [0a62c734-cb67-4fcc-a6be-2c7f5d9a24ac] in updateloglevelit-operator was MODIFIED
2025-01-30 04:03:57,262 INFO c.h.h.t.HelmChartContainer - [EVENT] Normal [Killing] Stopping container hivemq-platform-operator [updateloglevelit-operator:hivemq-test-hivemq-platform-operator-7764645b48-lpr7c]
2025-01-30 04:03:57,262 INFO c.h.h.t.HelmChartContainer - Received Killing event for container hivemq-platform-operator in pod hivemq-test-hivemq-platform-operator-7764645b48-lpr7c [0a62c734-cb67-4fcc-a6be-2c7f5d9a24ac]
2025-01-30 04:03:57,262 INFO c.h.h.t.HelmChartContainer - Container [hivemq-test-hivemq-platform-operator-7764645b48-lpr7c] [hivemq-platform-operator] [0a62c734-cb67-4fcc-a6be-2c7f5d9a24ac] was terminated
2025-01-30 04:03:57,262 INFO c.h.h.t.HelmChartContainer - Stopped log watcher for hivemq-platform-operator in pod hivemq-test-hivemq-platform-operator-7764645b48-lpr7c [0a62c734-cb67-4fcc-a6be-2c7f5d9a24ac]
2025-01-30 04:03:57,271 INFO c.h.h.t.HelmChartContainer - [hivemq-test-hivemq-platform] [hivemq-platform-operator] [0a62c734] 04:03:57.265 [application-shutdown-thread] INFO  c.h.p.o.HiveMQPlatformOperatorApplication - HiveMQ Platform Operator is stopping...
2025-01-30 04:03:57,271 INFO c.h.h.t.HelmChartContainer - [hivemq-test-hivemq-platform] [hivemq-platform-operator] [0a62c734] 04:03:57.265 [application-shutdown-thread] INFO  i.javaoperatorsdk.operator.Operator - Operator SDK 4.9.7 is shutting down...
2025-01-30 04:03:57,287 INFO c.h.h.t.HelmChartContainer - [K3S] [replica_set.go:679] "Finished syncing" kind="ReplicaSet" key="updateloglevelit-operator/hivemq-test-hivemq-platform-operator-7764645b48" duration="15.846303ms"
2025-01-30 04:03:57,288 INFO c.h.h.t.HelmChartContainer - [K3S] [replica_set.go:679] "Finished syncing" kind="ReplicaSet" key="updateloglevelit-operator/hivemq-test-hivemq-platform-operator-7764645b48" duration="41.838µs"
2025-01-30 04:03:57,808 INFO c.h.h.t.HelmChartContainer - [K3S] [replica_set.go:679] "Finished syncing" kind="ReplicaSet" key="updateloglevelit-operator/hivemq-test-hivemq-platform-operator-7764645b48" duration="41.348µs"
2025-01-30 04:03:57,809 INFO c.h.h.t.HelmChartContainer - [POD] hivemq-test-hivemq-platform-operator-7764645b48-lpr7c [0a62c734-cb67-4fcc-a6be-2c7f5d9a24ac] in updateloglevelit-operator was MODIFIED
2025-01-30 04:03:57,905 INFO c.h.h.t.HelmChartContainer - [K3S] [reconciler_common.go:162] "operationExecutor.UnmountVolume started for volume \"kube-api-access-n89jq\" (UniqueName: \"kubernetes.io/projected/0a62c734-cb67-4fcc-a6be-2c7f5d9a24ac-kube-api-access-n89jq\") pod \"0a62c734-cb67-4fcc-a6be-2c7f5d9a24ac\" (UID: \"0a62c734-cb67-4fcc-a6be-2c7f5d9a24ac\") "
2025-01-30 04:03:58,006 INFO c.h.h.t.HelmChartContainer - [K3S] [reconciler_common.go:299] "Volume detached for volume \"kube-api-access-n89jq\" (UniqueName: \"kubernetes.io/projected/0a62c734-cb67-4fcc-a6be-2c7f5d9a24ac-kube-api-access-n89jq\") on node \"f66bc3b5d801\" DevicePath \"\""
2025-01-30 04:03:58,478 INFO c.h.h.t.HelmChartContainer - [K3S] [scope.go:117] "RemoveContainer" containerID="d7ead32ffd524ba68a543df281bb8f8301f0439ffa25ab4d40fcbd7ccc53a461"
2025-01-30 04:03:58,481 INFO c.h.h.t.HelmChartContainer - [K3S] [scope.go:117] "RemoveContainer" containerID="d7ead32ffd524ba68a543df281bb8f8301f0439ffa25ab4d40fcbd7ccc53a461"
2025-01-30 04:03:58,488 INFO c.h.h.t.HelmChartContainer - [K3S] [replica_set.go:679] "Finished syncing" kind="ReplicaSet" key="updateloglevelit-operator/hivemq-test-hivemq-platform-operator-7764645b48" duration="53.209µs"
2025-01-30 04:03:58,489 INFO c.h.h.t.HelmChartContainer - [POD] hivemq-test-hivemq-platform-operator-7764645b48-lpr7c [0a62c734-cb67-4fcc-a6be-2c7f5d9a24ac] in updateloglevelit-operator was MODIFIED
2025-01-30 04:03:58,490 INFO c.h.h.t.HelmChartContainer - [K3S] [replica_set.go:679] "Finished syncing" kind="ReplicaSet" key="updateloglevelit-operator/hivemq-test-hivemq-platform-operator-7764645b48" duration="27.421µs"
2025-01-30 04:03:58,491 INFO c.h.h.t.HelmChartContainer - [POD] hivemq-test-hivemq-platform-operator-7764645b48-lpr7c [0a62c734-cb67-4fcc-a6be-2c7f5d9a24ac] in updateloglevelit-operator was DELETED
2025-01-30 04:03:58,500 INFO c.h.h.t.HelmChartContainer - [K3S] [replica_set.go:679] "Finished syncing" kind="ReplicaSet" key="updateloglevelit-operator/hivemq-test-hivemq-platform-operator-7764645b48" duration="6.532µs"
2025-01-30 04:03:59,302 INFO c.h.h.t.HelmChartContainer - Deleting namespace 'updateloglevelit-operator'...
2025-01-30 04:04:00,057 INFO c.h.h.t.HelmChartContainer - [K3S] [kubelet_volumes.go:163] "Cleaned up orphaned pod volumes dir" podUID="0a62c734-cb67-4fcc-a6be-2c7f5d9a24ac" path="/var/lib/kubelet/pods/0a62c734-cb67-4fcc-a6be-2c7f5d9a24ac/volumes"
2025-01-30 04:04:02,028 INFO c.h.h.t.HelmChartContainer - [K3S] [namespace_controller.go:187] "Namespace has been deleted" namespace="updateloglevelit"
2025-01-30 04:04:04,519 INFO c.h.h.t.HelmChartContainer - Namespace 'updateloglevelit-operator' deleted
2025-01-30 04:04:04,519 INFO c.h.h.t.HelmChartContainer - Release 'test-hivemq-platform-operator' in namespace 'updateloglevelit-operator' is uninstalled
2025-01-30 04:04:05,323 INFO c.h.helmcharts.AbstractHelmChartIT - Removed unused containers:

2025-01-30 04:04:09,426 INFO c.h.h.t.HelmChartContainer - [K3S] [namespace_controller.go:187] "Namespace has been deleted" namespace="updateloglevelit-operator"
2025-01-30 04:04:13,201 INFO c.h.helmcharts.AbstractHelmChartIT - Removed unused snapshots:
Removing snapshot sha256:03af251906410714c5aef9fa705b63f6bbc39c4a5e787de7361eeb18886c2ed2
Removing snapshot sha256:0c46b3b43cce082ce5ec34ffc6c294e0417d17b9d1e6f366d114b6aadc4f96dc
Removing snapshot sha256:0ce761beee59082d6ed5bcebd3a805b8ddd9b3426b617e4809e7fb7c6587ffec
Removing snapshot sha256:0df91287303208332c8ff6ba40ae4710105201739addbfbddfb955f1ad593664
Removing snapshot sha256:1021ef88c7974bfff89c5a0ec4fd3160daac6c48a075f74cff721f85dd104e68
Removing snapshot sha256:10aba4953ddc18145dd38e3704709bc464aa20af60b56fe52caaff4b68411e62
Removing snapshot sha256:2573e0d8158209ed54ab25c87bcdcb00bd3d2539246960a3d592a1c599d70465
Removing snapshot sha256:362a8a37f8bbc31925a8146adcf7cf51f9882f5c1dcbef67c5baa03a297543c0
Removing snapshot sha256:3fa4ad33f0ddc8fd45b39b6b4640f82a3a83619606cd975bfe89d8710ad2d4cd
Removing snapshot sha256:43a7c979bbaba6838bc3102d6b10a1459f3ab050b87ccdfef84ef90cf43d3058
Removing snapshot sha256:4ab04491cdf0d3267f08206fe30bd48f49f94b9cab2f016d6739220f722a64af
Removing snapshot sha256:4b6068250e89c96f263060261819c7d912855bfbd64b3eb4c4a8483299b8c295
Removing snapshot sha256:580e69a0a8034ede1921139bbd2bfb72a69ebf276d008281896c32dd8bf74775
Removing snapshot sha256:5d30ba46b27fe37484567ccc5242cadc78217b8da605f3f195ef25cbf7487904
Removing snapshot sha256:63ca1fbb43ae5034640e5e6cb3e083e05c290072c5366fcaa9d62435a4cced85
Removing snapshot sha256:67f702c6baae873bceb19487c8b1f27bd2b86077e4f2f0e480e6d60ab508b8f5
Removing snapshot sha256:6864348dd42806d552efdec384f1274be15e2d0c10ce44c1f04347af004c10a9
Removing snapshot sha256:6c7dee8f2c39b84b7dc2711c01d33de93514d9055499173e9290176fbe484b6c
Removing snapshot sha256:7fe3fb4ba025fefbbf0a968cf0a00ca3343983347f718d99fc699883b378e497
Removing snapshot sha256:82753493a6d61ded36556292f02f31841a14c20d2f279f19eaad65afb661d5cd
Removing snapshot sha256:8a10d3db42c505ee0fcfa98417bdd7e39b304f6bcc0a06bb1b220797ff2cc63c
Removing snapshot sha256:a21e5b12dbac529ad45d976eb9ce45c881f3bedcc500fb30aba1e52aa1813418
Removing snapshot sha256:b921e6c28969094157f9b8e7244677780319637afd14450b7cb6b2fdea558a0c
Removing snapshot sha256:bc27ecb5769a00e309cf99ebc763c4a4b958b618d1decc96ffac5bc05f02f5b7
Removing snapshot sha256:be3ccb6627a5332e309d45ef461d09b4879dd870c7394d89323d0ebc6ca6aa8a
Removing snapshot sha256:c261f7cbbc64211ee175ee47273acdb7b1a36a4450b397a064a8f2c026490095
Removing snapshot sha256:c34d9393647eea0c9e3557ab988efaf59f61d10a2a5613b439ef0958cca5ec10
Removing snapshot sha256:c915c4a71af43a61b214c45bb0645e2cf7afc7a685118b24e3d9f844ae56ec6c
Removing snapshot sha256:ccf3c4a0fa967a41c1c83497a2ce6fa5787965859df0adb32c4ca2cf7490bc2b
Removing snapshot sha256:cf92d33f869417309692088c341cd0f223c178ea78a125f757317b22aa8f90e9
Removing snapshot sha256:d0037344cf2fb078884f1849f6a1f8cf9a33a3b6139b6a85833e5ee528e1f9a8
Removing snapshot sha256:d3b36d5b79273b1e98e7700470eaeff05a882e777124d84cebcc1505b85ecb36
Removing snapshot sha256:d65a44a37914602d12c611e5e22a50f11451d847e63015cc1c2aef92dee777a4
Removing snapshot sha256:e2dc0bae2455930f23ae570e019b7f32edc75c0f2d71cab084db837ff9051796
Removing snapshot sha256:eccbd24a99c60cd9e86ee5305dbfc4a4dc89f5ab4fb1f06c8d64797cecedef34
Removing snapshot sha256:f144bb4c7c7f0d2aa7eeffd36d934ec40db1ee167be727e326aad9fdc616f475

]]></system-out>
  </testcase>
  <testcase name="2 withNamespaces: false" classname="com.hivemq.helmcharts.platform.UpdateLogLevelIT" time="154.265">
    <system-out><![CDATA[2025-01-30 04:04:13,207 INFO c.h.h.t.HelmChartContainer - Creating namespace 'updateloglevelit-operator'...
2025-01-30 04:04:13,212 INFO c.h.h.t.HelmChartContainer - Namespace 'updateloglevelit-operator' created
2025-01-30 04:04:13,212 INFO c.h.h.t.HelmChartContainer - Creating namespace 'updateloglevelit'...
2025-01-30 04:04:13,220 INFO c.h.h.t.HelmChartContainer - Namespace 'updateloglevelit' created
2025-01-30 04:04:13,287 DEBUG c.h.h.t.HelmChartContainer - Executing helm command: /bin/helm --kubeconfig /etc/rancher/k3s/k3s.yaml install test-hivemq-platform-operator /charts/hivemq-platform-operator --wait --timeout 5m0s --set image.repository=docker.io/hivemq --set image.name=hivemq-platform-operator-test --set image.initImageName=hivemq-platform-operator-init-test --set image.tag=snapshot --set image.pullPolicy=Never --set logLevel=DEBUG --set resources.cpu=512m --namespace updateloglevelit-operator
2025-01-30 04:04:13,597 INFO c.h.h.t.HelmChartContainer - [K3S] [alloc.go:330] "allocated clusterIPs" service="updateloglevelit-operator/hivemq-platform-operator-test-hivemq-platform-operator" clusterIPs={"IPv4":"10.43.211.57"}
2025-01-30 04:04:13,615 INFO c.h.h.t.HelmChartContainer - [EVENT] Normal [ScalingReplicaSet] Scaled up replica set hivemq-test-hivemq-platform-operator-6966f96d65 from 0 to 1 [updateloglevelit-operator:hivemq-test-hivemq-platform-operator]
2025-01-30 04:04:13,623 INFO c.h.h.t.HelmChartContainer - [POD] hivemq-test-hivemq-platform-operator-6966f96d65-wl9kn [3d4445db-5810-4545-a411-3a5462b03613] in updateloglevelit-operator was ADDED
2025-01-30 04:04:13,628 INFO c.h.h.t.HelmChartContainer - [EVENT] Normal [SuccessfulCreate] Created pod: hivemq-test-hivemq-platform-operator-6966f96d65-wl9kn [updateloglevelit-operator:hivemq-test-hivemq-platform-operator-6966f96d65]
2025-01-30 04:04:13,630 INFO c.h.h.t.HelmChartContainer - [POD] hivemq-test-hivemq-platform-operator-6966f96d65-wl9kn [3d4445db-5810-4545-a411-3a5462b03613] in updateloglevelit-operator was MODIFIED
2025-01-30 04:04:13,631 INFO c.h.h.t.HelmChartContainer - [K3S] [memory_manager.go:355] "RemoveStaleState removing state" podUID="0a62c734-cb67-4fcc-a6be-2c7f5d9a24ac" containerName="hivemq-platform-operator"
2025-01-30 04:04:13,632 INFO c.h.h.t.HelmChartContainer - [K3S] [memory_manager.go:355] "RemoveStaleState removing state" podUID="24f4f965-ac4e-4dd0-87d3-9f802b8b71db" containerName="hivemq"
2025-01-30 04:04:13,632 INFO c.h.h.t.HelmChartContainer - [K3S] [memory_manager.go:355] "RemoveStaleState removing state" podUID="4b934008-e97c-4022-993b-e29ac1061af8" containerName="hivemq"
2025-01-30 04:04:13,632 INFO c.h.h.t.HelmChartContainer - [K3S] [replica_set.go:679] "Finished syncing" kind="ReplicaSet" key="updateloglevelit-operator/hivemq-test-hivemq-platform-operator-6966f96d65" duration="21.211722ms"
2025-01-30 04:04:13,643 INFO c.h.h.t.HelmChartContainer - [K3S] [replica_set.go:679] "Finished syncing" kind="ReplicaSet" key="updateloglevelit-operator/hivemq-test-hivemq-platform-operator-6966f96d65" duration="11.160179ms"
2025-01-30 04:04:13,645 INFO c.h.h.t.HelmChartContainer - [EVENT] Normal [Scheduled] Successfully assigned updateloglevelit-operator/hivemq-test-hivemq-platform-operator-6966f96d65-wl9kn to f66bc3b5d801 [updateloglevelit-operator:hivemq-test-hivemq-platform-operator-6966f96d65-wl9kn]
2025-01-30 04:04:13,652 INFO c.h.h.t.HelmChartContainer - [POD] hivemq-test-hivemq-platform-operator-6966f96d65-wl9kn [3d4445db-5810-4545-a411-3a5462b03613] in updateloglevelit-operator was MODIFIED
2025-01-30 04:04:13,666 INFO c.h.h.t.HelmChartContainer - [K3S] [replica_set.go:679] "Finished syncing" kind="ReplicaSet" key="updateloglevelit-operator/hivemq-test-hivemq-platform-operator-6966f96d65" duration="23.231562ms"
2025-01-30 04:04:13,666 INFO c.h.h.t.HelmChartContainer - [K3S] [replica_set.go:679] "Finished syncing" kind="ReplicaSet" key="updateloglevelit-operator/hivemq-test-hivemq-platform-operator-6966f96d65" duration="39.334µs"
2025-01-30 04:04:13,696 INFO c.h.h.t.HelmChartContainer - [K3S] [reconciler_common.go:251] "operationExecutor.VerifyControllerAttachedVolume started for volume \"kube-api-access-hxrnj\" (UniqueName: \"kubernetes.io/projected/3d4445db-5810-4545-a411-3a5462b03613-kube-api-access-hxrnj\") pod \"hivemq-test-hivemq-platform-operator-6966f96d65-wl9kn\" (UID: \"3d4445db-5810-4545-a411-3a5462b03613\") " pod="updateloglevelit-operator/hivemq-test-hivemq-platform-operator-6966f96d65-wl9kn"
2025-01-30 04:04:14,022 INFO c.h.h.t.HelmChartContainer - [EVENT] Normal [Pulled] Container image "docker.io/hivemq/hivemq-platform-operator-test:snapshot" already present on machine [updateloglevelit-operator:hivemq-test-hivemq-platform-operator-6966f96d65-wl9kn]
2025-01-30 04:04:14,022 INFO c.h.h.t.HelmChartContainer - Received Pulled event for container hivemq-platform-operator in pod hivemq-test-hivemq-platform-operator-6966f96d65-wl9kn [3d4445db-5810-4545-a411-3a5462b03613]
2025-01-30 04:04:15,261 INFO c.h.h.t.HelmChartContainer - [EVENT] Normal [Created] Created container: hivemq-platform-operator [updateloglevelit-operator:hivemq-test-hivemq-platform-operator-6966f96d65-wl9kn]
2025-01-30 04:04:15,261 INFO c.h.h.t.HelmChartContainer - Received Created event for container hivemq-platform-operator in pod hivemq-test-hivemq-platform-operator-6966f96d65-wl9kn [3d4445db-5810-4545-a411-3a5462b03613]
2025-01-30 04:04:15,517 INFO c.h.h.t.HelmChartContainer - [K3S] [replica_set.go:679] "Finished syncing" kind="ReplicaSet" key="updateloglevelit-operator/hivemq-test-hivemq-platform-operator-6966f96d65" duration="41.558µs"
2025-01-30 04:04:15,518 INFO c.h.h.t.HelmChartContainer - [POD] hivemq-test-hivemq-platform-operator-6966f96d65-wl9kn [3d4445db-5810-4545-a411-3a5462b03613] in updateloglevelit-operator was MODIFIED
2025-01-30 04:04:15,531 INFO c.h.h.t.HelmChartContainer - [EVENT] Normal [Started] Started container hivemq-platform-operator [updateloglevelit-operator:hivemq-test-hivemq-platform-operator-6966f96d65-wl9kn]
2025-01-30 04:04:15,531 INFO c.h.h.t.HelmChartContainer - Started log watcher for hivemq-platform-operator in pod hivemq-test-hivemq-platform-operator-6966f96d65-wl9kn [3d4445db-5810-4545-a411-3a5462b03613]
2025-01-30 04:04:15,531 INFO c.h.h.t.HelmChartContainer - Received Started event for container hivemq-platform-operator in pod hivemq-test-hivemq-platform-operator-6966f96d65-wl9kn [3d4445db-5810-4545-a411-3a5462b03613]
2025-01-30 04:04:15,534 INFO c.h.h.t.HelmChartContainer - [hivemq-test-hivemq-platform] [hivemq-platform-operator] [3d4445db] -------------------------------------------------------------------------
2025-01-30 04:04:15,534 INFO c.h.h.t.HelmChartContainer - [hivemq-test-hivemq-platform] [hivemq-platform-operator] [3d4445db] 
2025-01-30 04:04:15,534 INFO c.h.h.t.HelmChartContainer - [hivemq-test-hivemq-platform] [hivemq-platform-operator] [3d4445db]                   _    _  _              __  __   ____
2025-01-30 04:04:15,536 INFO c.h.h.t.HelmChartContainer - [hivemq-test-hivemq-platform] [hivemq-platform-operator] [3d4445db]                  | |  | |(_)            |  \/  | / __ \
2025-01-30 04:04:15,536 INFO c.h.h.t.HelmChartContainer - [hivemq-test-hivemq-platform] [hivemq-platform-operator] [3d4445db]                  | |__| | _ __   __ ___ | \  / || |  | |
2025-01-30 04:04:15,536 INFO c.h.h.t.HelmChartContainer - [hivemq-test-hivemq-platform] [hivemq-platform-operator] [3d4445db]                  |  __  || |\ \ / // _ \| |\/| || |  | |
2025-01-30 04:04:15,536 INFO c.h.h.t.HelmChartContainer - [hivemq-test-hivemq-platform] [hivemq-platform-operator] [3d4445db]                  | |  | || | \ V /|  __/| |  | || |__| |
2025-01-30 04:04:15,536 INFO c.h.h.t.HelmChartContainer - [hivemq-test-hivemq-platform] [hivemq-platform-operator] [3d4445db]                  |_|  |_||_|  \_/  \___||_|  |_| \___\_\
2025-01-30 04:04:15,536 INFO c.h.h.t.HelmChartContainer - [hivemq-test-hivemq-platform] [hivemq-platform-operator] [3d4445db] 
2025-01-30 04:04:15,536 INFO c.h.h.t.HelmChartContainer - [hivemq-test-hivemq-platform] [hivemq-platform-operator] [3d4445db] -------------------------------------------------------------------------
2025-01-30 04:04:15,536 INFO c.h.h.t.HelmChartContainer - [hivemq-test-hivemq-platform] [hivemq-platform-operator] [3d4445db] 
2025-01-30 04:04:15,536 INFO c.h.h.t.HelmChartContainer - [hivemq-test-hivemq-platform] [hivemq-platform-operator] [3d4445db]   HiveMQ Platform Operator Start Script v1.0
2025-01-30 04:04:15,536 INFO c.h.h.t.HelmChartContainer - [hivemq-test-hivemq-platform] [hivemq-platform-operator] [3d4445db] 
2025-01-30 04:04:15,536 INFO c.h.h.t.HelmChartContainer - [hivemq-test-hivemq-platform] [hivemq-platform-operator] [3d4445db] -------------------------------------------------------------------------
2025-01-30 04:04:15,536 INFO c.h.h.t.HelmChartContainer - [hivemq-test-hivemq-platform] [hivemq-platform-operator] [3d4445db] 
2025-01-30 04:04:15,536 INFO c.h.h.t.HelmChartContainer - [hivemq-test-hivemq-platform] [hivemq-platform-operator] [3d4445db]   JAVA_OPTS: -XX:+UnlockExperimentalVMOptions -XX:InitialRAMPercentage=75 -XX:MaxRAMPercentage=75 -Duser.language=en -Duser.region=US
2025-01-30 04:04:15,536 INFO c.h.h.t.HelmChartContainer - [hivemq-test-hivemq-platform] [hivemq-platform-operator] [3d4445db] 
2025-01-30 04:04:15,536 INFO c.h.h.t.HelmChartContainer - [hivemq-test-hivemq-platform] [hivemq-platform-operator] [3d4445db]   JAVA_VERSION: 21
2025-01-30 04:04:15,536 INFO c.h.h.t.HelmChartContainer - [hivemq-test-hivemq-platform] [hivemq-platform-operator] [3d4445db] 
2025-01-30 04:04:15,536 INFO c.h.h.t.HelmChartContainer - [hivemq-test-hivemq-platform] [hivemq-platform-operator] [3d4445db] -------------------------------------------------------------------------
2025-01-30 04:04:15,536 INFO c.h.h.t.HelmChartContainer - [hivemq-test-hivemq-platform] [hivemq-platform-operator] [3d4445db] 
2025-01-30 04:04:18,803 INFO c.h.h.t.HelmChartContainer - [hivemq-test-hivemq-platform] [hivemq-platform-operator] [3d4445db] 04:04:18.800 [main] DEBUG org.jboss.logging - Logging Provider: org.jboss.logging.Slf4jLoggerProvider
2025-01-30 04:04:18,907 INFO c.h.h.t.HelmChartContainer - [hivemq-test-hivemq-platform] [hivemq-platform-operator] [3d4445db] 04:04:18.906 [main] DEBUG io.smallrye.config - SRCFG01006: Loaded ConfigSource SysPropConfigSource with ordinal 400
2025-01-30 04:04:18,907 INFO c.h.h.t.HelmChartContainer - [hivemq-test-hivemq-platform] [hivemq-platform-operator] [3d4445db] 04:04:18.906 [main] DEBUG io.smallrye.config - SRCFG01006: Loaded ConfigSource EnvConfigSource with ordinal 300
2025-01-30 04:04:18,907 INFO c.h.h.t.HelmChartContainer - [hivemq-test-hivemq-platform] [hivemq-platform-operator] [3d4445db] 04:04:18.906 [main] DEBUG io.smallrye.config - SRCFG01006: Loaded ConfigSource PropertiesConfigSource[source=jar:file:///opt/hivemq-platform-operator/bin/hivemq-platform-operator.jar!/hivemq-platform-operator.properties] with ordinal 100
2025-01-30 04:04:18,922 INFO c.h.h.t.HelmChartContainer - [hivemq-test-hivemq-platform] [hivemq-platform-operator] [3d4445db] 04:04:18.921 [main] DEBUG io.smallrye.config - SRCFG01006: Loaded ConfigSource DefaultValuesConfigSource with ordinal -2147483648
2025-01-30 04:04:19,009 INFO c.h.h.t.HelmChartContainer - [hivemq-test-hivemq-platform] [hivemq-platform-operator] [3d4445db] 04:04:19.007 [main] DEBUG i.m.c.u.i.l.InternalLoggerFactory - Using SLF4J as the default logging framework
2025-01-30 04:04:19,131 INFO c.h.h.t.HelmChartContainer - [hivemq-test-hivemq-platform] [hivemq-platform-operator] [3d4445db] 04:04:19.123 [main] INFO  c.h.p.o.HiveMQPlatformOperatorApplication - HiveMQ Platform Operator 1.7.0-SNAPSHOT (commit: 47e3375 on branch: HEAD) built on Thu Jan 30 03:55:50 UTC 2025
2025-01-30 04:04:19,132 INFO c.h.h.t.HelmChartContainer - [hivemq-test-hivemq-platform] [hivemq-platform-operator] [3d4445db] 04:04:19.131 [main] INFO  c.h.p.o.HiveMQPlatformOperatorApplication - HiveMQ Platform Operator is running in namespace: updateloglevelit-operator
2025-01-30 04:04:19,132 INFO c.h.h.t.HelmChartContainer - [hivemq-test-hivemq-platform] [hivemq-platform-operator] [3d4445db] 04:04:19.131 [main] INFO  c.h.p.o.HiveMQPlatformOperatorApplication - Watching all namespaces
2025-01-30 04:04:19,133 INFO c.h.h.t.HelmChartContainer - [hivemq-test-hivemq-platform] [hivemq-platform-operator] [3d4445db] 04:04:19.131 [main] INFO  c.h.p.o.HiveMQPlatformOperatorApplication - Log level: DEBUG
2025-01-30 04:04:19,133 INFO c.h.h.t.HelmChartContainer - [hivemq-test-hivemq-platform] [hivemq-platform-operator] [3d4445db] 04:04:19.131 [main] INFO  c.h.p.o.HiveMQPlatformOperatorApplication - Release name: test-hivemq-platform-operator
2025-01-30 04:04:19,133 INFO c.h.h.t.HelmChartContainer - [hivemq-test-hivemq-platform] [hivemq-platform-operator] [3d4445db] 04:04:19.131 [main] INFO  c.h.p.o.HiveMQPlatformOperatorApplication - HiveMQ Platform Operator Init image: docker.io/hivemq/hivemq-platform-operator-init-test:snapshot
2025-01-30 04:04:19,133 INFO c.h.h.t.HelmChartContainer - [hivemq-test-hivemq-platform] [hivemq-platform-operator] [3d4445db] 04:04:19.131 [main] INFO  c.h.p.o.HiveMQPlatformOperatorApplication - HiveMQ Platform Operator Init App update URL: http://hivemq-platform-operator-test-hivemq-platform-operator.updateloglevelit-operator.svc:8080/initAppUpdate/hivemq-platform-operator-init-app-1.7.0-SNAPSHOT.jar
2025-01-30 04:04:19,133 INFO c.h.h.t.HelmChartContainer - [hivemq-test-hivemq-platform] [hivemq-platform-operator] [3d4445db] 04:04:19.131 [main] INFO  c.h.p.o.HiveMQPlatformOperatorApplication - Additional imagePullSecret for all Platform deployments: none
2025-01-30 04:04:19,133 INFO c.h.h.t.HelmChartContainer - [hivemq-test-hivemq-platform] [hivemq-platform-operator] [3d4445db] 04:04:19.131 [main] INFO  c.h.p.o.HiveMQPlatformOperatorApplication - Apply HiveMQ Platform CRD: true
2025-01-30 04:04:19,133 INFO c.h.h.t.HelmChartContainer - [hivemq-test-hivemq-platform] [hivemq-platform-operator] [3d4445db] 04:04:19.131 [main] INFO  c.h.p.o.HiveMQPlatformOperatorApplication - Create Platform ServiceAccount: true
2025-01-30 04:04:19,133 INFO c.h.h.t.HelmChartContainer - [hivemq-test-hivemq-platform] [hivemq-platform-operator] [3d4445db] 04:04:19.131 [main] INFO  c.h.p.o.HiveMQPlatformOperatorApplication - Create Platform ServiceAccount permissions: true
2025-01-30 04:04:19,133 INFO c.h.h.t.HelmChartContainer - [hivemq-test-hivemq-platform] [hivemq-platform-operator] [3d4445db] 04:04:19.131 [main] INFO  c.h.p.o.HiveMQPlatformOperatorApplication - Validate Platform ServiceAccount: true
2025-01-30 04:04:19,133 INFO c.h.h.t.HelmChartContainer - [hivemq-test-hivemq-platform] [hivemq-platform-operator] [3d4445db] 04:04:19.131 [main] INFO  c.h.p.o.HiveMQPlatformOperatorApplication - Validate Platform ServiceAccount permissions: true
2025-01-30 04:04:19,324 INFO c.h.h.t.HelmChartContainer - [hivemq-test-hivemq-platform] [hivemq-platform-operator] [3d4445db] 04:04:19.323 [main] INFO  c.h.platform.operator.util.CRDUtil - Verifying deployed HiveMQ Platform CRD...
2025-01-30 04:04:21,806 INFO c.h.h.t.HelmChartContainer - [hivemq-test-hivemq-platform] [hivemq-platform-operator] [3d4445db] 04:04:21.805 [main] DEBUG c.h.platform.operator.util.CRDUtil - HiveMQ Platform CRD version v1 is up to date
2025-01-30 04:04:21,806 INFO c.h.h.t.HelmChartContainer - [hivemq-test-hivemq-platform] [hivemq-platform-operator] [3d4445db] 04:04:21.805 [main] INFO  c.h.platform.operator.util.CRDUtil - HiveMQ Platform CRD is up to date (version: V1_6_0)
2025-01-30 04:04:21,806 INFO c.h.h.t.HelmChartContainer - [hivemq-test-hivemq-platform] [hivemq-platform-operator] [3d4445db] 04:04:21.805 [main] INFO  c.h.platform.operator.util.CRDUtil - Waiting 10000 ms for HiveMQ Platform CRD 'hivemq-platforms.hivemq.com' to become ready...
2025-01-30 04:04:22,130 INFO c.h.h.t.HelmChartContainer - [hivemq-test-hivemq-platform] [hivemq-platform-operator] [3d4445db] 04:04:22.129 [vert.x-eventloop-thread-1] DEBUG c.h.platform.operator.util.CRDUtil - Checking CRD condition 'NamesAccepted' (status: 'True')
2025-01-30 04:04:22,131 INFO c.h.h.t.HelmChartContainer - [hivemq-test-hivemq-platform] [hivemq-platform-operator] [3d4445db] 04:04:22.129 [vert.x-eventloop-thread-1] DEBUG c.h.platform.operator.util.CRDUtil - Checking CRD condition 'Established' (status: 'True')
2025-01-30 04:04:22,132 INFO c.h.h.t.HelmChartContainer - [hivemq-test-hivemq-platform] [hivemq-platform-operator] [3d4445db] 04:04:22.131 [main] INFO  c.h.platform.operator.util.CRDUtil - HiveMQ Platform CRD 'hivemq-platforms.hivemq.com' is ready
2025-01-30 04:04:22,331 INFO c.h.h.t.HelmChartContainer - [hivemq-test-hivemq-platform] [hivemq-platform-operator] [3d4445db] 04:04:22.330 [main] INFO  c.h.p.o.HiveMQPlatformReconciler - HiveMQ Platform Operator is starting...
2025-01-30 04:04:22,435 INFO c.h.h.t.HelmChartContainer - [hivemq-test-hivemq-platform] [hivemq-platform-operator] [3d4445db] 04:04:22.434 [main] WARN  Default ConfigurationService implementation - Configuration for reconciler 'hivemq-controller' was not found. Known reconcilers: None.
2025-01-30 04:04:22,506 INFO c.h.h.t.HelmChartContainer - [hivemq-test-hivemq-platform] [hivemq-platform-operator] [3d4445db] 04:04:22.505 [main] INFO  Default ConfigurationService implementation - Created configuration for reconciler com.hivemq.platform.operator.HiveMQPlatformReconciler with name hivemq-controller
2025-01-30 04:04:22,626 INFO c.h.h.t.HelmChartContainer - [hivemq-test-hivemq-platform] [hivemq-platform-operator] [3d4445db] 04:04:22.625 [main] DEBUG c.h.p.o.HiveMQPlatformReconciler - HiveMQ Platform Operator is preparing EventSources
2025-01-30 04:04:22,702 INFO c.h.h.t.HelmChartContainer - [hivemq-test-hivemq-platform] [hivemq-platform-operator] [3d4445db] 04:04:22.701 [main] INFO  i.javaoperatorsdk.operator.Operator - Registered reconciler: 'hivemq-controller' for resource: 'class com.hivemq.platform.operator.v1.HiveMQPlatform' for namespace(s): [all namespaces]
2025-01-30 04:04:23,308 INFO c.h.h.t.HelmChartContainer - [hivemq-test-hivemq-platform] [hivemq-platform-operator] [3d4445db] 04:04:23.306 [main] INFO  c.h.p.operator.webserver.JettyServer - Starting Jetty server on port 8080
2025-01-30 04:04:23,422 INFO c.h.h.t.HelmChartContainer - [hivemq-test-hivemq-platform] [hivemq-platform-operator] [3d4445db] 04:04:23.421 [main] INFO  i.javaoperatorsdk.operator.Operator - Operator SDK 4.9.7 (commit: 2133d28) built on Wed Nov 20 12:56:20 UTC 2024 starting...
2025-01-30 04:04:23,422 INFO c.h.h.t.HelmChartContainer - [hivemq-test-hivemq-platform] [hivemq-platform-operator] [3d4445db] 04:04:23.421 [main] INFO  i.javaoperatorsdk.operator.Operator - Client version: 6.13.5
2025-01-30 04:04:23,424 INFO c.h.h.t.HelmChartContainer - [hivemq-test-hivemq-platform] [hivemq-platform-operator] [3d4445db] 04:04:23.423 [Controller Starter for: hivemq-controller] INFO  i.j.operator.processing.Controller - Starting 'hivemq-controller' controller for reconciler: com.hivemq.platform.operator.HiveMQPlatformReconciler, resource: com.hivemq.platform.operator.v1.HiveMQPlatform
2025-01-30 04:04:25,902 INFO c.h.h.t.HelmChartContainer - [hivemq-test-hivemq-platform] [hivemq-platform-operator] [3d4445db] 04:04:25.900 [Controller Starter for: hivemq-controller] INFO  i.j.operator.processing.Controller - 'hivemq-controller' controller started
2025-01-30 04:04:25,902 INFO c.h.h.t.HelmChartContainer - [hivemq-test-hivemq-platform] [hivemq-platform-operator] [3d4445db] 04:04:25.901 [main] INFO  c.h.p.o.HiveMQPlatformOperatorApplication - HiveMQ Platform Operator 1.7.0-SNAPSHOT started in 6778 ms
2025-01-30 04:04:26,526 INFO c.h.h.t.HelmChartContainer - [POD] hivemq-test-hivemq-platform-operator-6966f96d65-wl9kn [3d4445db-5810-4545-a411-3a5462b03613] in updateloglevelit-operator was MODIFIED
2025-01-30 04:04:26,529 INFO c.h.h.t.HelmChartContainer - [K3S] [replica_set.go:679] "Finished syncing" kind="ReplicaSet" key="updateloglevelit-operator/hivemq-test-hivemq-platform-operator-6966f96d65" duration="7.091609ms"
2025-01-30 04:04:26,532 INFO c.h.h.t.HelmChartContainer - [K3S] [replica_set.go:679] "Finished syncing" kind="ReplicaSet" key="updateloglevelit-operator/hivemq-test-hivemq-platform-operator-6966f96d65" duration="30.637µs"
2025-01-30 04:04:27,680 INFO com.hivemq.helmcharts.util.K8sUtil - Pod 'hivemq-test-hivemq-platform-operator-6966f96d65-wl9kn' is ready
2025-01-30 04:04:27,740 DEBUG c.h.h.t.HelmChartContainer - Executing helm command: /bin/helm --kubeconfig /etc/rancher/k3s/k3s.yaml install test-hivemq-platform /charts/hivemq-platform --wait --timeout 5m0s --set image.repository=docker.io/hivemq --set image.tag=4.36.0 --set image.pullPolicy=Never --set nodes.resources.cpu=512m -f /files/platform-values.yaml --namespace updateloglevelit
2025-01-30 04:04:28,000 INFO c.h.h.t.HelmChartContainer - [hivemq-test-hivemq-platform] [hivemq-platform-operator] [3d4445db] 04:04:27.992 [-2082509879-pool-1-thread-3] WARN  i.m.p.PrometheusMeterRegistry - The meter (MeterId{name='operator.sdk.events.received', tags=[tag(action=ADDED),tag(event=ResourceEvent),tag(group=hivemq.com),tag(kind=HiveMQPlatform),tag(name=test-hivemq-platform),tag(namespace=updateloglevelit),tag(scope=namespace),tag(version=v1)]}) registration has failed: Prometheus requires that all meters with the same name have the same set of tag keys. There is already an existing meter named 'operator.sdk.events.received' containing tag keys [event, group, kind, name, namespace, scope, version]. The meter you are attempting to register has keys [action, event, group, kind, name, namespace, scope, version]. Note that subsequent logs will be logged at debug level.
2025-01-30 04:04:28,434 INFO c.h.h.t.HelmChartContainer - [hivemq-test-hivemq-platform] [hivemq-platform-operator] [3d4445db] 04:04:28.432 [pool-6-thread-3] DEBUG c.h.p.o.dependants.PodInfoConfigMap - [updatelo] Desired PodInfo ConfigMap (1 extensions) (1 enabled)
2025-01-30 04:04:28,435 INFO c.h.h.t.HelmChartContainer - [hivemq-test-hivemq-platform] [hivemq-platform-operator] [3d4445db] 04:04:28.433 [pool-6-thread-3] DEBUG c.h.p.o.dependants.PodInfoConfigMap - [updatelo] Desired PodInfo ConfigMap (metrics port: 9399) (metrics path: /)
2025-01-30 04:04:28,435 INFO c.h.h.t.HelmChartContainer - [hivemq-test-hivemq-platform] [hivemq-platform-operator] [3d4445db] 04:04:28.433 [pool-6-thread-3] DEBUG c.h.p.o.dependants.PodInfoConfigMap - [updatelo] Desired PodInfo ConfigMap (extension state hash: -1817474005)
2025-01-30 04:04:28,436 INFO c.h.h.t.HelmChartContainer - [hivemq-test-hivemq-platform] [hivemq-platform-operator] [3d4445db] 04:04:28.434 [pool-6-thread-3] DEBUG c.h.p.o.dependants.PodInfoConfigMap - [updatelo] Create PodInfo ConfigMap
2025-01-30 04:04:28,626 INFO c.h.h.t.HelmChartContainer - [hivemq-test-hivemq-platform] [hivemq-platform-operator] [3d4445db] 04:04:28.624 [pool-6-thread-5] DEBUG c.h.p.o.dependants.PodRoleResource - [updatelo] Create Role: Role(apiVersion=rbac.authorization.k8s.io/v1, kind=Role, metadata=ObjectMeta(annotations={meta.helm.sh/release-name=test-hivemq-platform, meta.helm.sh/release-namespace=updateloglevelit}, creationTimestamp=null, deletionGracePeriodSeconds=null, deletionTimestamp=null, finalizers=[], generateName=null, generation=null, labels={helm.sh/chart=hivemq-platform-0.2.32, app.kubernetes.io/managed-by=Helm, app.kubernetes.io/name=hivemq-platform, hivemq-platform=test-hivemq-platform, app.kubernetes.io/instance=test-hivemq-platform, app.kubernetes.io/version=4.36.0}, managedFields=[], name=hivemq-platform-role-test-hivemq-platform, namespace=updateloglevelit, ownerReferences=[OwnerReference(apiVersion=hivemq.com/v1, blockOwnerDeletion=null, controller=null, kind=HiveMQPlatform, name=test-hivemq-platform, uid=18f7e50c-6ae3-413d-b11c-c917578c8049, additionalProperties={})], resourceVersion=null, selfLink=null, uid=null, additionalProperties={}), rules=[PolicyRule(apiGroups=[], nonResourceURLs=[], resourceNames=[], resources=[pods], verbs=[get, patch, update], additionalProperties={})], additionalProperties={})
2025-01-30 04:04:28,730 INFO c.h.h.t.HelmChartContainer - [hivemq-test-hivemq-platform] [hivemq-platform-operator] [3d4445db] 04:04:28.725 [pool-6-thread-7] DEBUG c.h.p.o.d.PodServiceAccountResource - [updatelo] Desired PodServiceAccountResource (serviceAccountName: hivemq-platform-pod-test-hivemq-platform)
2025-01-30 04:04:28,730 INFO c.h.h.t.HelmChartContainer - [hivemq-test-hivemq-platform] [hivemq-platform-operator] [3d4445db] 04:04:28.726 [pool-6-thread-7] DEBUG c.h.p.o.d.PodServiceAccountResource - [updatelo] Create ServiceAccount 'hivemq-platform-pod-test-hivemq-platform'
2025-01-30 04:04:28,832 INFO c.h.h.t.HelmChartContainer - [hivemq-test-hivemq-platform] [hivemq-platform-operator] [3d4445db] 04:04:28.831 [pool-6-thread-10] DEBUG c.h.p.o.d.PodRoleBindingResource - [updatelo] Create RoleBinding: RoleBinding(apiVersion=rbac.authorization.k8s.io/v1, kind=RoleBinding, metadata=ObjectMeta(annotations={meta.helm.sh/release-name=test-hivemq-platform, meta.helm.sh/release-namespace=updateloglevelit}, creationTimestamp=null, deletionGracePeriodSeconds=null, deletionTimestamp=null, finalizers=[], generateName=null, generation=null, labels={helm.sh/chart=hivemq-platform-0.2.32, app.kubernetes.io/managed-by=Helm, app.kubernetes.io/name=hivemq-platform, hivemq-platform=test-hivemq-platform, app.kubernetes.io/instance=test-hivemq-platform, app.kubernetes.io/version=4.36.0}, managedFields=[], name=hivemq-platform-role-binding-test-hivemq-platform, namespace=updateloglevelit, ownerReferences=[OwnerReference(apiVersion=hivemq.com/v1, blockOwnerDeletion=null, controller=null, kind=HiveMQPlatform, name=test-hivemq-platform, uid=18f7e50c-6ae3-413d-b11c-c917578c8049, additionalProperties={})], resourceVersion=null, selfLink=null, uid=null, additionalProperties={}), roleRef=RoleRef(apiGroup=rbac.authorization.k8s.io, kind=Role, name=hivemq-platform-role-test-hivemq-platform, additionalProperties={}), subjects=[Subject(apiGroup=null, kind=ServiceAccount, name=hivemq-platform-pod-test-hivemq-platform, namespace=updateloglevelit, additionalProperties={})], additionalProperties={})
2025-01-30 04:04:28,926 INFO c.h.h.t.HelmChartContainer - [hivemq-test-hivemq-platform] [hivemq-platform-operator] [3d4445db] 04:04:28.925 [ReconcilerExecutor-hivemq-controller-53] INFO  c.h.p.o.HiveMQPlatformReconciler - [updatelo] Reconciling HiveMQ Platform 'test-hivemq-platform' in namespace 'updateloglevelit'
2025-01-30 04:04:28,926 INFO c.h.h.t.HelmChartContainer - [hivemq-test-hivemq-platform] [hivemq-platform-operator] [3d4445db] 04:04:28.925 [ReconcilerExecutor-hivemq-controller-53] DEBUG c.h.p.o.HiveMQPlatformReconciler - [updatelo] Custom Resource Status CREATED - HiveMQ Platform was created (READY)
2025-01-30 04:04:28,926 INFO c.h.h.t.HelmChartContainer - [hivemq-test-hivemq-platform] [hivemq-platform-operator] [3d4445db] 04:04:28.925 [ReconcilerExecutor-hivemq-controller-53] DEBUG c.h.p.o.HiveMQPlatformReconciler - [updatelo] Custom Resource Spec (replicas: 1) (extensions: 1)
2025-01-30 04:04:28,930 INFO c.h.h.t.HelmChartContainer - [hivemq-test-hivemq-platform] [hivemq-platform-operator] [3d4445db] 04:04:28.929 [ReconcilerExecutor-hivemq-controller-53] INFO  c.h.p.o.h.HiveMQPlatformReconcilerBaseHandler - [updatelo] HiveMQ Platform is starting
2025-01-30 04:04:29,039 INFO c.h.h.t.HelmChartContainer - [hivemq-test-hivemq-platform] [hivemq-platform-operator] [3d4445db] 04:04:29.037 [ReconcilerExecutor-hivemq-controller-53] DEBUG c.h.p.operator.event.EventSender - [updatelo] Creating K8s event hivemq-platform-starting: [Start] HiveMQ Platform is starting
2025-01-30 04:04:29,125 INFO c.h.h.t.HelmChartContainer - [EVENT] Normal [Start] HiveMQ Platform is starting [updateloglevelit:test-hivemq-platform]
2025-01-30 04:04:29,130 INFO c.h.h.t.HelmChartContainer - [hivemq-test-hivemq-platform] [hivemq-platform-operator] [3d4445db] 04:04:29.129 [ReconcilerExecutor-hivemq-controller-53] INFO  c.h.p.o.h.AbstractHiveMQReconcilerStateHandler - [updatelo] Update HiveMQ Platform Status (CREATED [READY] -> STARTING [READY]): HiveMQ Platform is starting
2025-01-30 04:04:29,142 DEBUG com.hivemq.helmcharts.util.K8sUtil - Comparing actual state 'STARTING' and waiting for 'RUNNING'
2025-01-30 04:04:32,535 INFO c.h.h.t.HelmChartContainer - [K3S] [INFO] COMPACT compactRev=0 targetCompactRev=2 currentRev=1161
2025-01-30 04:04:32,536 INFO c.h.h.t.HelmChartContainer - [K3S] [INFO] COMPACT deleted 0 rows from 2 revisions in 603.631µs - compacted to 2/1161
2025-01-30 04:04:32,536 INFO c.h.h.t.HelmChartContainer - [K3S] [INFO] COMPACT compacted from 0 to 2 in 1 transactions over 1ms
2025-01-30 04:04:36,070 INFO c.h.h.t.HelmChartContainer - [K3S] [info.go:53] Couldn't collect info from any of the files in "/etc/machine-id,/var/lib/dbus/machine-id"
2025-01-30 04:04:39,231 INFO c.h.h.t.HelmChartContainer - [hivemq-test-hivemq-platform] [hivemq-platform-operator] [3d4445db] 04:04:39.229 [pool-6-thread-12] DEBUG c.h.p.o.d.PlatformServiceResource - [updatelo] Desired Platform services (3 services)
2025-01-30 04:04:39,235 INFO c.h.h.t.HelmChartContainer - [hivemq-test-hivemq-platform] [hivemq-platform-operator] [3d4445db] 04:04:39.233 [pool-6-thread-13] DEBUG c.h.p.o.dependants.PodInfoConfigMap - [updatelo] Desired PodInfo ConfigMap (1 extensions) (1 enabled)
2025-01-30 04:04:39,235 INFO c.h.h.t.HelmChartContainer - [hivemq-test-hivemq-platform] [hivemq-platform-operator] [3d4445db] 04:04:39.233 [pool-6-thread-13] DEBUG c.h.p.o.dependants.PodInfoConfigMap - [updatelo] Desired PodInfo ConfigMap (metrics port: 9399) (metrics path: /)
2025-01-30 04:04:39,235 INFO c.h.h.t.HelmChartContainer - [hivemq-test-hivemq-platform] [hivemq-platform-operator] [3d4445db] 04:04:39.233 [pool-6-thread-13] DEBUG c.h.p.o.dependants.PodInfoConfigMap - [updatelo] Desired PodInfo ConfigMap (extension state hash: -1817474005)
2025-01-30 04:04:39,235 INFO c.h.h.t.HelmChartContainer - [hivemq-test-hivemq-platform] [hivemq-platform-operator] [3d4445db] 04:04:39.234 [pool-6-thread-17] DEBUG c.h.p.o.d.PodServiceAccountResource - [updatelo] Desired PodServiceAccountResource (serviceAccountName: hivemq-platform-pod-test-hivemq-platform)
2025-01-30 04:04:39,328 INFO c.h.h.t.HelmChartContainer - [hivemq-test-hivemq-platform] [hivemq-platform-operator] [3d4445db] 04:04:39.323 [pool-6-thread-13] DEBUG c.h.p.o.dependants.PodInfoConfigMap - [updatelo] Update PodInfo ConfigMap
2025-01-30 04:04:39,335 INFO c.h.h.t.HelmChartContainer - [K3S] [alloc.go:330] "allocated clusterIPs" service="updateloglevelit/hivemq-test-hivemq-platform-cc-8080" clusterIPs={"IPv4":"10.43.105.72"}
2025-01-30 04:04:39,430 INFO c.h.h.t.HelmChartContainer - [K3S] [alloc.go:330] "allocated clusterIPs" service="updateloglevelit/hivemq-test-hivemq-platform-metrics-9399" clusterIPs={"IPv4":"10.43.186.76"}
2025-01-30 04:04:39,443 INFO c.h.h.t.HelmChartContainer - [K3S] [alloc.go:330] "allocated clusterIPs" service="updateloglevelit/hivemq-test-hivemq-platform-mqtt-1883" clusterIPs={"IPv4":"10.43.16.192"}
2025-01-30 04:04:39,527 INFO c.h.h.t.HelmChartContainer - [hivemq-test-hivemq-platform] [hivemq-platform-operator] [3d4445db] 04:04:39.523 [pool-6-thread-20] DEBUG c.h.p.o.d.StatefulSetResource - [updatelo] Desired StatefulSet (1 replicas) for status STARTING (READY)
2025-01-30 04:04:39,541 INFO c.h.h.t.HelmChartContainer - [hivemq-test-hivemq-platform] [hivemq-platform-operator] [3d4445db] 04:04:39.540 [pool-6-thread-20] DEBUG c.h.p.o.d.StatefulSetResource - [updatelo] Create StatefulSet
2025-01-30 04:04:39,641 INFO c.h.h.t.HelmChartContainer - [hivemq-test-hivemq-platform] [hivemq-platform-operator] [3d4445db] 04:04:39.638 [ReconcilerExecutor-hivemq-controller-64] INFO  c.h.p.o.HiveMQPlatformReconciler - [updatelo] Reconciling HiveMQ Platform 'test-hivemq-platform' in namespace 'updateloglevelit'
2025-01-30 04:04:39,641 INFO c.h.h.t.HelmChartContainer - [hivemq-test-hivemq-platform] [hivemq-platform-operator] [3d4445db] 04:04:39.638 [ReconcilerExecutor-hivemq-controller-64] DEBUG c.h.p.o.HiveMQPlatformReconciler - [updatelo] Custom Resource Status STARTING - HiveMQ Platform is starting (READY)
2025-01-30 04:04:39,641 INFO c.h.h.t.HelmChartContainer - [hivemq-test-hivemq-platform] [hivemq-platform-operator] [3d4445db] 04:04:39.638 [ReconcilerExecutor-hivemq-controller-64] DEBUG c.h.p.o.HiveMQPlatformReconciler - [updatelo] Custom Resource Spec (replicas: 1) (extensions: 1)
2025-01-30 04:04:39,643 INFO c.h.h.t.HelmChartContainer - [hivemq-test-hivemq-platform] [hivemq-platform-operator] [3d4445db] 04:04:39.640 [ReconcilerExecutor-hivemq-controller-64] DEBUG c.h.p.o.HiveMQPlatformReconciler - [updatelo] StatefulSet Status (revision: null, replicas: 0, available: 0, ready: 0, current: 0, updated: 0)
2025-01-30 04:04:39,643 INFO c.h.h.t.HelmChartContainer - [hivemq-test-hivemq-platform] [hivemq-platform-operator] [3d4445db] 04:04:39.641 [ReconcilerExecutor-hivemq-controller-64] DEBUG c.h.p.o.HiveMQPlatformReconciler - [updatelo] StatefulSet Spec (replicas: 1, init containers: 1, containers: 1, volumes: 3)
2025-01-30 04:04:39,650 INFO c.h.h.t.HelmChartContainer - [EVENT] Normal [SuccessfulCreate] create Pod test-hivemq-platform-0 in StatefulSet test-hivemq-platform successful [updateloglevelit:test-hivemq-platform]
2025-01-30 04:04:39,651 INFO c.h.h.t.HelmChartContainer - [POD] test-hivemq-platform-0 [f951c347-dd04-42c2-a426-73025b6de5b1] in updateloglevelit was ADDED
2025-01-30 04:04:39,656 INFO c.h.h.t.HelmChartContainer - [POD] test-hivemq-platform-0 [f951c347-dd04-42c2-a426-73025b6de5b1] in updateloglevelit was MODIFIED
2025-01-30 04:04:39,657 INFO c.h.h.t.HelmChartContainer - [EVENT] Normal [Scheduled] Successfully assigned updateloglevelit/test-hivemq-platform-0 to f66bc3b5d801 [updateloglevelit:test-hivemq-platform-0]
2025-01-30 04:04:39,666 INFO c.h.h.t.HelmChartContainer - [POD] test-hivemq-platform-0 [f951c347-dd04-42c2-a426-73025b6de5b1] in updateloglevelit was MODIFIED
2025-01-30 04:04:39,724 INFO c.h.h.t.HelmChartContainer - [hivemq-test-hivemq-platform] [hivemq-platform-operator] [3d4445db] 04:04:39.723 [ReconcilerExecutor-hivemq-controller-64] INFO  c.h.p.o.h.HiveMQPlatformReconcilerBaseHandler - [updatelo] HiveMQ Platform is starting, 0 of 1 replicas are ready
2025-01-30 04:04:39,734 INFO c.h.h.t.HelmChartContainer - [hivemq-test-hivemq-platform] [hivemq-platform-operator] [3d4445db] 04:04:39.730 [pool-6-thread-22] DEBUG c.h.p.o.d.PlatformServiceResource - [updatelo] Desired Platform services (3 services)
2025-01-30 04:04:39,734 INFO c.h.h.t.HelmChartContainer - [hivemq-test-hivemq-platform] [hivemq-platform-operator] [3d4445db] 04:04:39.731 [pool-6-thread-23] DEBUG c.h.p.o.dependants.PodInfoConfigMap - [updatelo] Desired PodInfo ConfigMap (1 extensions) (1 enabled)
2025-01-30 04:04:39,734 INFO c.h.h.t.HelmChartContainer - [hivemq-test-hivemq-platform] [hivemq-platform-operator] [3d4445db] 04:04:39.731 [pool-6-thread-23] DEBUG c.h.p.o.dependants.PodInfoConfigMap - [updatelo] Desired PodInfo ConfigMap (metrics port: 9399) (metrics path: /)
2025-01-30 04:04:39,734 INFO c.h.h.t.HelmChartContainer - [hivemq-test-hivemq-platform] [hivemq-platform-operator] [3d4445db] 04:04:39.731 [pool-6-thread-23] DEBUG c.h.p.o.dependants.PodInfoConfigMap - [updatelo] Desired PodInfo ConfigMap (extension state hash: -1817474005)
2025-01-30 04:04:39,741 INFO c.h.h.t.HelmChartContainer - [K3S] [reconciler_common.go:251] "operationExecutor.VerifyControllerAttachedVolume started for volume \"broker-configuration\" (UniqueName: \"kubernetes.io/configmap/f951c347-dd04-42c2-a426-73025b6de5b1-broker-configuration\") pod \"test-hivemq-platform-0\" (UID: \"f951c347-dd04-42c2-a426-73025b6de5b1\") " pod="updateloglevelit/test-hivemq-platform-0"
2025-01-30 04:04:39,741 INFO c.h.h.t.HelmChartContainer - [K3S] [reconciler_common.go:251] "operationExecutor.VerifyControllerAttachedVolume started for volume \"pod-info\" (UniqueName: \"kubernetes.io/configmap/f951c347-dd04-42c2-a426-73025b6de5b1-pod-info\") pod \"test-hivemq-platform-0\" (UID: \"f951c347-dd04-42c2-a426-73025b6de5b1\") " pod="updateloglevelit/test-hivemq-platform-0"
2025-01-30 04:04:39,741 INFO c.h.h.t.HelmChartContainer - [K3S] [reconciler_common.go:251] "operationExecutor.VerifyControllerAttachedVolume started for volume \"kube-api-access-pgxrg\" (UniqueName: \"kubernetes.io/projected/f951c347-dd04-42c2-a426-73025b6de5b1-kube-api-access-pgxrg\") pod \"test-hivemq-platform-0\" (UID: \"f951c347-dd04-42c2-a426-73025b6de5b1\") " pod="updateloglevelit/test-hivemq-platform-0"
2025-01-30 04:04:39,741 INFO c.h.h.t.HelmChartContainer - [K3S] [reconciler_common.go:251] "operationExecutor.VerifyControllerAttachedVolume started for volume \"operator-init\" (UniqueName: \"kubernetes.io/empty-dir/f951c347-dd04-42c2-a426-73025b6de5b1-operator-init\") pod \"test-hivemq-platform-0\" (UID: \"f951c347-dd04-42c2-a426-73025b6de5b1\") " pod="updateloglevelit/test-hivemq-platform-0"
2025-01-30 04:04:39,826 INFO c.h.h.t.HelmChartContainer - [hivemq-test-hivemq-platform] [hivemq-platform-operator] [3d4445db] 04:04:39.823 [pool-6-thread-27] DEBUG c.h.p.o.d.PodServiceAccountResource - [updatelo] Desired PodServiceAccountResource (serviceAccountName: hivemq-platform-pod-test-hivemq-platform)
2025-01-30 04:04:39,836 INFO c.h.h.t.HelmChartContainer - [hivemq-test-hivemq-platform] [hivemq-platform-operator] [3d4445db] 04:04:39.835 [pool-6-thread-30] DEBUG c.h.p.o.d.StatefulSetResource - [updatelo] Desired StatefulSet (1 replicas) for status STARTING (READY)
2025-01-30 04:04:39,928 INFO c.h.h.t.HelmChartContainer - [hivemq-test-hivemq-platform] [hivemq-platform-operator] [3d4445db] 04:04:39.927 [ReconcilerExecutor-hivemq-controller-75] INFO  c.h.p.o.HiveMQPlatformReconciler - [updatelo] Reconciling HiveMQ Platform 'test-hivemq-platform' in namespace 'updateloglevelit'
2025-01-30 04:04:39,928 INFO c.h.h.t.HelmChartContainer - [hivemq-test-hivemq-platform] [hivemq-platform-operator] [3d4445db] 04:04:39.927 [ReconcilerExecutor-hivemq-controller-75] DEBUG c.h.p.o.HiveMQPlatformReconciler - [updatelo] Custom Resource Status STARTING - HiveMQ Platform is starting (READY)
2025-01-30 04:04:39,929 INFO c.h.h.t.HelmChartContainer - [hivemq-test-hivemq-platform] [hivemq-platform-operator] [3d4445db] 04:04:39.927 [ReconcilerExecutor-hivemq-controller-75] DEBUG c.h.p.o.HiveMQPlatformReconciler - [updatelo] Custom Resource Spec (replicas: 1) (extensions: 1)
2025-01-30 04:04:39,932 INFO c.h.h.t.HelmChartContainer - [hivemq-test-hivemq-platform] [hivemq-platform-operator] [3d4445db] 04:04:39.931 [ReconcilerExecutor-hivemq-controller-75] DEBUG c.h.p.o.HiveMQPlatformReconciler - [updatelo] StatefulSet Status (revision: test-hivemq-platform-b697f795f, replicas: 1, available: 0, ready: 0, current: 1, updated: 1)
2025-01-30 04:04:39,934 INFO c.h.h.t.HelmChartContainer - [hivemq-test-hivemq-platform] [hivemq-platform-operator] [3d4445db] 04:04:39.931 [ReconcilerExecutor-hivemq-controller-75] DEBUG c.h.p.o.HiveMQPlatformReconciler - [updatelo] StatefulSet Spec (replicas: 1, init containers: 1, containers: 1, volumes: 3)
2025-01-30 04:04:40,030 INFO c.h.h.t.HelmChartContainer - [hivemq-test-hivemq-platform] [hivemq-platform-operator] [3d4445db] 04:04:40.028 [ReconcilerExecutor-hivemq-controller-75] DEBUG c.h.p.o.h.HiveMQPlatformReconcilerErrorHandler - [updatelo] Pod 'test-hivemq-platform-0' phase Pending
2025-01-30 04:04:40,030 INFO c.h.h.t.HelmChartContainer - [hivemq-test-hivemq-platform] [hivemq-platform-operator] [3d4445db] 04:04:40.029 [ReconcilerExecutor-hivemq-controller-75] DEBUG c.h.p.o.h.HiveMQPlatformReconcilerErrorHandler - [updatelo] Pod 'test-hivemq-platform-0' condition 'PodReadyToStartContainers': False
2025-01-30 04:04:40,033 INFO c.h.h.t.HelmChartContainer - [hivemq-test-hivemq-platform] [hivemq-platform-operator] [3d4445db] 04:04:40.029 [ReconcilerExecutor-hivemq-controller-75] DEBUG c.h.p.o.h.HiveMQPlatformReconcilerErrorHandler - [updatelo] Pod 'test-hivemq-platform-0' condition 'Initialized': False
2025-01-30 04:04:40,035 INFO c.h.h.t.HelmChartContainer - [hivemq-test-hivemq-platform] [hivemq-platform-operator] [3d4445db] 04:04:40.029 [ReconcilerExecutor-hivemq-controller-75] DEBUG c.h.p.o.h.HiveMQPlatformReconcilerErrorHandler - [updatelo] Pod 'test-hivemq-platform-0' condition 'Ready': False
2025-01-30 04:04:40,035 INFO c.h.h.t.HelmChartContainer - [hivemq-test-hivemq-platform] [hivemq-platform-operator] [3d4445db] 04:04:40.029 [ReconcilerExecutor-hivemq-controller-75] DEBUG c.h.p.o.h.HiveMQPlatformReconcilerErrorHandler - [updatelo] Pod 'test-hivemq-platform-0' condition 'ContainersReady': False
2025-01-30 04:04:40,035 INFO c.h.h.t.HelmChartContainer - [hivemq-test-hivemq-platform] [hivemq-platform-operator] [3d4445db] 04:04:40.029 [ReconcilerExecutor-hivemq-controller-75] DEBUG c.h.p.o.h.HiveMQPlatformReconcilerErrorHandler - [updatelo] Pod 'test-hivemq-platform-0' condition 'PodScheduled': True
2025-01-30 04:04:40,035 INFO c.h.h.t.HelmChartContainer - [hivemq-test-hivemq-platform] [hivemq-platform-operator] [3d4445db] 04:04:40.029 [ReconcilerExecutor-hivemq-controller-75] DEBUG c.h.p.o.h.HiveMQPlatformReconcilerErrorHandler - [updatelo] Pod 'test-hivemq-platform-0' containerStatus 'hivemq' (started: false) (ready: false) (waiting: [PodInitializing] null)
2025-01-30 04:04:40,035 INFO c.h.h.t.HelmChartContainer - [hivemq-test-hivemq-platform] [hivemq-platform-operator] [3d4445db] 04:04:40.033 [ReconcilerExecutor-hivemq-controller-75] INFO  c.h.p.o.h.HiveMQPlatformReconcilerBaseHandler - [updatelo] HiveMQ Platform is starting, 0 of 1 replicas are ready
2025-01-30 04:04:40,052 INFO c.h.h.t.HelmChartContainer - [EVENT] Normal [Pulled] Container image "docker.io/hivemq/hivemq-platform-operator-init-test:snapshot" already present on machine [updateloglevelit:test-hivemq-platform-0]
2025-01-30 04:04:40,127 INFO c.h.h.t.HelmChartContainer - [hivemq-test-hivemq-platform] [hivemq-platform-operator] [3d4445db] 04:04:40.123 [pool-6-thread-32] DEBUG c.h.p.o.d.PlatformServiceResource - [updatelo] Desired Platform services (3 services)
2025-01-30 04:04:40,128 INFO c.h.h.t.HelmChartContainer - [hivemq-test-hivemq-platform] [hivemq-platform-operator] [3d4445db] 04:04:40.125 [pool-6-thread-33] DEBUG c.h.p.o.dependants.PodInfoConfigMap - [updatelo] Desired PodInfo ConfigMap (1 extensions) (1 enabled)
2025-01-30 04:04:40,128 INFO c.h.h.t.HelmChartContainer - [hivemq-test-hivemq-platform] [hivemq-platform-operator] [3d4445db] 04:04:40.125 [pool-6-thread-33] DEBUG c.h.p.o.dependants.PodInfoConfigMap - [updatelo] Desired PodInfo ConfigMap (metrics port: 9399) (metrics path: /)
2025-01-30 04:04:40,128 INFO c.h.h.t.HelmChartContainer - [hivemq-test-hivemq-platform] [hivemq-platform-operator] [3d4445db] 04:04:40.125 [pool-6-thread-33] DEBUG c.h.p.o.dependants.PodInfoConfigMap - [updatelo] Desired PodInfo ConfigMap (extension state hash: -1817474005)
2025-01-30 04:04:40,131 INFO c.h.h.t.HelmChartContainer - [hivemq-test-hivemq-platform] [hivemq-platform-operator] [3d4445db] 04:04:40.130 [pool-6-thread-37] DEBUG c.h.p.o.d.PodServiceAccountResource - [updatelo] Desired PodServiceAccountResource (serviceAccountName: hivemq-platform-pod-test-hivemq-platform)
2025-01-30 04:04:40,177 INFO c.h.h.t.HelmChartContainer - [EVENT] Normal [Created] Created container: hivemq-platform-operator-init [updateloglevelit:test-hivemq-platform-0]
2025-01-30 04:04:40,219 INFO c.h.h.t.HelmChartContainer - [EVENT] Normal [Started] Started container hivemq-platform-operator-init [updateloglevelit:test-hivemq-platform-0]
2025-01-30 04:04:40,225 INFO c.h.h.t.HelmChartContainer - [hivemq-test-hivemq-platform] [hivemq-platform-operator] [3d4445db] 04:04:40.222 [pool-6-thread-40] DEBUG c.h.p.o.d.StatefulSetResource - [updatelo] Desired StatefulSet (1 replicas) for status STARTING (READY)
2025-01-30 04:04:40,230 INFO c.h.h.t.HelmChartContainer - [hivemq-test-hivemq-platform] [hivemq-platform-operator] [3d4445db] 04:04:40.228 [ReconcilerExecutor-hivemq-controller-86] INFO  c.h.p.o.HiveMQPlatformReconciler - [updatelo] Reconciling HiveMQ Platform 'test-hivemq-platform' in namespace 'updateloglevelit'
2025-01-30 04:04:40,230 INFO c.h.h.t.HelmChartContainer - [hivemq-test-hivemq-platform] [hivemq-platform-operator] [3d4445db] 04:04:40.228 [ReconcilerExecutor-hivemq-controller-86] DEBUG c.h.p.o.HiveMQPlatformReconciler - [updatelo] Custom Resource Status STARTING - HiveMQ Platform is starting (READY)
2025-01-30 04:04:40,230 INFO c.h.h.t.HelmChartContainer - [hivemq-test-hivemq-platform] [hivemq-platform-operator] [3d4445db] 04:04:40.228 [ReconcilerExecutor-hivemq-controller-86] DEBUG c.h.p.o.HiveMQPlatformReconciler - [updatelo] Custom Resource Spec (replicas: 1) (extensions: 1)
2025-01-30 04:04:40,234 INFO c.h.h.t.HelmChartContainer - [hivemq-test-hivemq-platform] [hivemq-platform-operator] [3d4445db] 04:04:40.232 [ReconcilerExecutor-hivemq-controller-86] DEBUG c.h.p.o.HiveMQPlatformReconciler - [updatelo] StatefulSet Status (revision: test-hivemq-platform-b697f795f, replicas: 1, available: 0, ready: 0, current: 1, updated: 1)
2025-01-30 04:04:40,234 INFO c.h.h.t.HelmChartContainer - [hivemq-test-hivemq-platform] [hivemq-platform-operator] [3d4445db] 04:04:40.232 [ReconcilerExecutor-hivemq-controller-86] DEBUG c.h.p.o.HiveMQPlatformReconciler - [updatelo] StatefulSet Spec (replicas: 1, init containers: 1, containers: 1, volumes: 3)
2025-01-30 04:04:40,235 INFO c.h.h.t.HelmChartContainer - [hivemq-test-hivemq-platform] [hivemq-platform-operator] [3d4445db] 04:04:40.234 [ReconcilerExecutor-hivemq-controller-86] DEBUG c.h.p.o.h.HiveMQPlatformReconcilerErrorHandler - [updatelo] Pod 'test-hivemq-platform-0' phase Pending
2025-01-30 04:04:40,236 INFO c.h.h.t.HelmChartContainer - [hivemq-test-hivemq-platform] [hivemq-platform-operator] [3d4445db] 04:04:40.235 [ReconcilerExecutor-hivemq-controller-86] DEBUG c.h.p.o.h.HiveMQPlatformReconcilerErrorHandler - [updatelo] Pod 'test-hivemq-platform-0' condition 'PodReadyToStartContainers': False
2025-01-30 04:04:40,238 INFO c.h.h.t.HelmChartContainer - [hivemq-test-hivemq-platform] [hivemq-platform-operator] [3d4445db] 04:04:40.235 [ReconcilerExecutor-hivemq-controller-86] DEBUG c.h.p.o.h.HiveMQPlatformReconcilerErrorHandler - [updatelo] Pod 'test-hivemq-platform-0' condition 'Initialized': False
2025-01-30 04:04:40,238 INFO c.h.h.t.HelmChartContainer - [hivemq-test-hivemq-platform] [hivemq-platform-operator] [3d4445db] 04:04:40.235 [ReconcilerExecutor-hivemq-controller-86] DEBUG c.h.p.o.h.HiveMQPlatformReconcilerErrorHandler - [updatelo] Pod 'test-hivemq-platform-0' condition 'Ready': False
2025-01-30 04:04:40,238 INFO c.h.h.t.HelmChartContainer - [hivemq-test-hivemq-platform] [hivemq-platform-operator] [3d4445db] 04:04:40.235 [ReconcilerExecutor-hivemq-controller-86] DEBUG c.h.p.o.h.HiveMQPlatformReconcilerErrorHandler - [updatelo] Pod 'test-hivemq-platform-0' condition 'ContainersReady': False
2025-01-30 04:04:40,238 INFO c.h.h.t.HelmChartContainer - [hivemq-test-hivemq-platform] [hivemq-platform-operator] [3d4445db] 04:04:40.235 [ReconcilerExecutor-hivemq-controller-86] DEBUG c.h.p.o.h.HiveMQPlatformReconcilerErrorHandler - [updatelo] Pod 'test-hivemq-platform-0' condition 'PodScheduled': True
2025-01-30 04:04:40,238 INFO c.h.h.t.HelmChartContainer - [hivemq-test-hivemq-platform] [hivemq-platform-operator] [3d4445db] 04:04:40.235 [ReconcilerExecutor-hivemq-controller-86] DEBUG c.h.p.o.h.HiveMQPlatformReconcilerErrorHandler - [updatelo] Pod 'test-hivemq-platform-0' containerStatus 'hivemq' (started: false) (ready: false) (waiting: [PodInitializing] null)
2025-01-30 04:04:40,238 INFO c.h.h.t.HelmChartContainer - [hivemq-test-hivemq-platform] [hivemq-platform-operator] [3d4445db] 04:04:40.236 [ReconcilerExecutor-hivemq-controller-86] INFO  c.h.p.o.h.HiveMQPlatformReconcilerBaseHandler - [updatelo] HiveMQ Platform is starting, 0 of 1 replicas are ready
2025-01-30 04:04:40,556 INFO c.h.h.t.HelmChartContainer - [POD] test-hivemq-platform-0 [f951c347-dd04-42c2-a426-73025b6de5b1] in updateloglevelit was MODIFIED
2025-01-30 04:04:40,574 INFO c.h.h.t.HelmChartContainer - [hivemq-test-hivemq-platform] [hivemq-platform-operator] [3d4445db] 04:04:40.564 [pool-6-thread-42] DEBUG c.h.p.o.d.PlatformServiceResource - [updatelo] Desired Platform services (3 services)
2025-01-30 04:04:40,583 INFO c.h.h.t.HelmChartContainer - [hivemq-test-hivemq-platform] [hivemq-platform-operator] [3d4445db] 04:04:40.567 [pool-6-thread-43] DEBUG c.h.p.o.dependants.PodInfoConfigMap - [updatelo] Desired PodInfo ConfigMap (1 extensions) (1 enabled)
2025-01-30 04:04:40,583 INFO c.h.h.t.HelmChartContainer - [hivemq-test-hivemq-platform] [hivemq-platform-operator] [3d4445db] 04:04:40.567 [pool-6-thread-43] DEBUG c.h.p.o.dependants.PodInfoConfigMap - [updatelo] Desired PodInfo ConfigMap (metrics port: 9399) (metrics path: /)
2025-01-30 04:04:40,583 INFO c.h.h.t.HelmChartContainer - [hivemq-test-hivemq-platform] [hivemq-platform-operator] [3d4445db] 04:04:40.567 [pool-6-thread-43] DEBUG c.h.p.o.dependants.PodInfoConfigMap - [updatelo] Desired PodInfo ConfigMap (extension state hash: -1817474005)
2025-01-30 04:04:40,587 INFO c.h.h.t.HelmChartContainer - [hivemq-test-hivemq-platform] [hivemq-platform-operator] [3d4445db] 04:04:40.580 [pool-6-thread-47] DEBUG c.h.p.o.d.PodServiceAccountResource - [updatelo] Desired PodServiceAccountResource (serviceAccountName: hivemq-platform-pod-test-hivemq-platform)
2025-01-30 04:04:40,627 INFO c.h.h.t.HelmChartContainer - [hivemq-test-hivemq-platform] [hivemq-platform-operator] [3d4445db] 04:04:40.625 [pool-6-thread-50] DEBUG c.h.p.o.d.StatefulSetResource - [updatelo] Desired StatefulSet (1 replicas) for status STARTING (READY)
2025-01-30 04:04:40,631 INFO c.h.h.t.HelmChartContainer - [hivemq-test-hivemq-platform] [hivemq-platform-operator] [3d4445db] 04:04:40.630 [ReconcilerExecutor-hivemq-controller-97] INFO  c.h.p.o.HiveMQPlatformReconciler - [updatelo] Reconciling HiveMQ Platform 'test-hivemq-platform' in namespace 'updateloglevelit'
2025-01-30 04:04:40,632 INFO c.h.h.t.HelmChartContainer - [hivemq-test-hivemq-platform] [hivemq-platform-operator] [3d4445db] 04:04:40.630 [ReconcilerExecutor-hivemq-controller-97] DEBUG c.h.p.o.HiveMQPlatformReconciler - [updatelo] Custom Resource Status STARTING - HiveMQ Platform is starting (READY)
2025-01-30 04:04:40,632 INFO c.h.h.t.HelmChartContainer - [hivemq-test-hivemq-platform] [hivemq-platform-operator] [3d4445db] 04:04:40.630 [ReconcilerExecutor-hivemq-controller-97] DEBUG c.h.p.o.HiveMQPlatformReconciler - [updatelo] Custom Resource Spec (replicas: 1) (extensions: 1)
2025-01-30 04:04:40,633 INFO c.h.h.t.HelmChartContainer - [hivemq-test-hivemq-platform] [hivemq-platform-operator] [3d4445db] 04:04:40.632 [ReconcilerExecutor-hivemq-controller-97] DEBUG c.h.p.o.HiveMQPlatformReconciler - [updatelo] StatefulSet Status (revision: test-hivemq-platform-b697f795f, replicas: 1, available: 0, ready: 0, current: 1, updated: 1)
2025-01-30 04:04:40,634 INFO c.h.h.t.HelmChartContainer - [hivemq-test-hivemq-platform] [hivemq-platform-operator] [3d4445db] 04:04:40.633 [ReconcilerExecutor-hivemq-controller-97] DEBUG c.h.p.o.HiveMQPlatformReconciler - [updatelo] StatefulSet Spec (replicas: 1, init containers: 1, containers: 1, volumes: 3)
2025-01-30 04:04:40,637 INFO c.h.h.t.HelmChartContainer - [hivemq-test-hivemq-platform] [hivemq-platform-operator] [3d4445db] 04:04:40.636 [ReconcilerExecutor-hivemq-controller-97] DEBUG c.h.p.o.h.HiveMQPlatformReconcilerErrorHandler - [updatelo] Pod 'test-hivemq-platform-0' phase Pending
2025-01-30 04:04:40,638 INFO c.h.h.t.HelmChartContainer - [hivemq-test-hivemq-platform] [hivemq-platform-operator] [3d4445db] 04:04:40.636 [ReconcilerExecutor-hivemq-controller-97] DEBUG c.h.p.o.h.HiveMQPlatformReconcilerErrorHandler - [updatelo] Pod 'test-hivemq-platform-0' condition 'PodReadyToStartContainers': True
2025-01-30 04:04:40,638 INFO c.h.h.t.HelmChartContainer - [hivemq-test-hivemq-platform] [hivemq-platform-operator] [3d4445db] 04:04:40.636 [ReconcilerExecutor-hivemq-controller-97] DEBUG c.h.p.o.h.HiveMQPlatformReconcilerErrorHandler - [updatelo] Pod 'test-hivemq-platform-0' condition 'Initialized': False
2025-01-30 04:04:40,638 INFO c.h.h.t.HelmChartContainer - [hivemq-test-hivemq-platform] [hivemq-platform-operator] [3d4445db] 04:04:40.636 [ReconcilerExecutor-hivemq-controller-97] DEBUG c.h.p.o.h.HiveMQPlatformReconcilerErrorHandler - [updatelo] Pod 'test-hivemq-platform-0' condition 'Ready': False
2025-01-30 04:04:40,638 INFO c.h.h.t.HelmChartContainer - [hivemq-test-hivemq-platform] [hivemq-platform-operator] [3d4445db] 04:04:40.636 [ReconcilerExecutor-hivemq-controller-97] DEBUG c.h.p.o.h.HiveMQPlatformReconcilerErrorHandler - [updatelo] Pod 'test-hivemq-platform-0' condition 'ContainersReady': False
2025-01-30 04:04:40,638 INFO c.h.h.t.HelmChartContainer - [hivemq-test-hivemq-platform] [hivemq-platform-operator] [3d4445db] 04:04:40.636 [ReconcilerExecutor-hivemq-controller-97] DEBUG c.h.p.o.h.HiveMQPlatformReconcilerErrorHandler - [updatelo] Pod 'test-hivemq-platform-0' condition 'PodScheduled': True
2025-01-30 04:04:40,638 INFO c.h.h.t.HelmChartContainer - [hivemq-test-hivemq-platform] [hivemq-platform-operator] [3d4445db] 04:04:40.636 [ReconcilerExecutor-hivemq-controller-97] DEBUG c.h.p.o.h.HiveMQPlatformReconcilerErrorHandler - [updatelo] Pod 'test-hivemq-platform-0' containerStatus 'hivemq' (started: false) (ready: false) (waiting: [PodInitializing] null)
2025-01-30 04:04:40,639 INFO c.h.h.t.HelmChartContainer - [hivemq-test-hivemq-platform] [hivemq-platform-operator] [3d4445db] 04:04:40.637 [ReconcilerExecutor-hivemq-controller-97] INFO  c.h.p.o.h.HiveMQPlatformReconcilerBaseHandler - [updatelo] HiveMQ Platform is starting, 0 of 1 replicas are ready
2025-01-30 04:04:41,549 INFO c.h.h.t.HelmChartContainer - [EVENT] Normal [Pulled] Container image "docker.io/hivemq/hivemq4:4.36.0" already present on machine [updateloglevelit:test-hivemq-platform-0]
2025-01-30 04:04:41,549 INFO c.h.h.t.HelmChartContainer - Received Pulled event for container hivemq in pod test-hivemq-platform-0 [f951c347-dd04-42c2-a426-73025b6de5b1]
2025-01-30 04:04:41,559 INFO c.h.h.t.HelmChartContainer - [POD] test-hivemq-platform-0 [f951c347-dd04-42c2-a426-73025b6de5b1] in updateloglevelit was MODIFIED
2025-01-30 04:04:41,563 INFO c.h.h.t.HelmChartContainer - [hivemq-test-hivemq-platform] [hivemq-platform-operator] [3d4445db] 04:04:41.562 [pool-6-thread-6] DEBUG c.h.p.o.d.PlatformServiceResource - [updatelo] Desired Platform services (3 services)
2025-01-30 04:04:41,565 INFO c.h.h.t.HelmChartContainer - [hivemq-test-hivemq-platform] [hivemq-platform-operator] [3d4445db] 04:04:41.563 [pool-6-thread-3] DEBUG c.h.p.o.dependants.PodInfoConfigMap - [updatelo] Desired PodInfo ConfigMap (1 extensions) (1 enabled)
2025-01-30 04:04:41,566 INFO c.h.h.t.HelmChartContainer - [hivemq-test-hivemq-platform] [hivemq-platform-operator] [3d4445db] 04:04:41.563 [pool-6-thread-3] DEBUG c.h.p.o.dependants.PodInfoConfigMap - [updatelo] Desired PodInfo ConfigMap (metrics port: 9399) (metrics path: /)
2025-01-30 04:04:41,568 INFO c.h.h.t.HelmChartContainer - [hivemq-test-hivemq-platform] [hivemq-platform-operator] [3d4445db] 04:04:41.563 [pool-6-thread-3] DEBUG c.h.p.o.dependants.PodInfoConfigMap - [updatelo] Desired PodInfo ConfigMap (extension state hash: -1817474005)
2025-01-30 04:04:41,569 INFO c.h.h.t.HelmChartContainer - [hivemq-test-hivemq-platform] [hivemq-platform-operator] [3d4445db] 04:04:41.565 [pool-6-thread-4] DEBUG c.h.p.o.d.PodServiceAccountResource - [updatelo] Desired PodServiceAccountResource (serviceAccountName: hivemq-platform-pod-test-hivemq-platform)
2025-01-30 04:04:41,574 INFO c.h.h.t.HelmChartContainer - [hivemq-test-hivemq-platform] [hivemq-platform-operator] [3d4445db] 04:04:41.573 [pool-6-thread-6] DEBUG c.h.p.o.d.StatefulSetResource - [updatelo] Desired StatefulSet (1 replicas) for status STARTING (READY)
2025-01-30 04:04:41,630 INFO c.h.h.t.HelmChartContainer - [hivemq-test-hivemq-platform] [hivemq-platform-operator] [3d4445db] 04:04:41.624 [ReconcilerExecutor-hivemq-controller-108] INFO  c.h.p.o.HiveMQPlatformReconciler - [updatelo] Reconciling HiveMQ Platform 'test-hivemq-platform' in namespace 'updateloglevelit'
2025-01-30 04:04:41,630 INFO c.h.h.t.HelmChartContainer - [hivemq-test-hivemq-platform] [hivemq-platform-operator] [3d4445db] 04:04:41.624 [ReconcilerExecutor-hivemq-controller-108] DEBUG c.h.p.o.HiveMQPlatformReconciler - [updatelo] Custom Resource Status STARTING - HiveMQ Platform is starting (READY)
2025-01-30 04:04:41,630 INFO c.h.h.t.HelmChartContainer - [hivemq-test-hivemq-platform] [hivemq-platform-operator] [3d4445db] 04:04:41.624 [ReconcilerExecutor-hivemq-controller-108] DEBUG c.h.p.o.HiveMQPlatformReconciler - [updatelo] Custom Resource Spec (replicas: 1) (extensions: 1)
2025-01-30 04:04:41,630 INFO c.h.h.t.HelmChartContainer - [hivemq-test-hivemq-platform] [hivemq-platform-operator] [3d4445db] 04:04:41.627 [ReconcilerExecutor-hivemq-controller-108] DEBUG c.h.p.o.HiveMQPlatformReconciler - [updatelo] StatefulSet Status (revision: test-hivemq-platform-b697f795f, replicas: 1, available: 0, ready: 0, current: 1, updated: 1)
2025-01-30 04:04:41,630 INFO c.h.h.t.HelmChartContainer - [hivemq-test-hivemq-platform] [hivemq-platform-operator] [3d4445db] 04:04:41.627 [ReconcilerExecutor-hivemq-controller-108] DEBUG c.h.p.o.HiveMQPlatformReconciler - [updatelo] StatefulSet Spec (replicas: 1, init containers: 1, containers: 1, volumes: 3)
2025-01-30 04:04:41,631 INFO c.h.h.t.HelmChartContainer - [hivemq-test-hivemq-platform] [hivemq-platform-operator] [3d4445db] 04:04:41.629 [ReconcilerExecutor-hivemq-controller-108] DEBUG c.h.p.o.h.HiveMQPlatformReconcilerErrorHandler - [updatelo] Pod 'test-hivemq-platform-0' phase Pending
2025-01-30 04:04:41,633 INFO c.h.h.t.HelmChartContainer - [hivemq-test-hivemq-platform] [hivemq-platform-operator] [3d4445db] 04:04:41.630 [ReconcilerExecutor-hivemq-controller-108] DEBUG c.h.p.o.h.HiveMQPlatformReconcilerErrorHandler - [updatelo] Pod 'test-hivemq-platform-0' condition 'PodReadyToStartContainers': True
2025-01-30 04:04:41,634 INFO c.h.h.t.HelmChartContainer - [hivemq-test-hivemq-platform] [hivemq-platform-operator] [3d4445db] 04:04:41.630 [ReconcilerExecutor-hivemq-controller-108] DEBUG c.h.p.o.h.HiveMQPlatformReconcilerErrorHandler - [updatelo] Pod 'test-hivemq-platform-0' condition 'Initialized': True
2025-01-30 04:04:41,634 INFO c.h.h.t.HelmChartContainer - [hivemq-test-hivemq-platform] [hivemq-platform-operator] [3d4445db] 04:04:41.630 [ReconcilerExecutor-hivemq-controller-108] DEBUG c.h.p.o.h.HiveMQPlatformReconcilerErrorHandler - [updatelo] Pod 'test-hivemq-platform-0' condition 'Ready': False
2025-01-30 04:04:41,634 INFO c.h.h.t.HelmChartContainer - [hivemq-test-hivemq-platform] [hivemq-platform-operator] [3d4445db] 04:04:41.630 [ReconcilerExecutor-hivemq-controller-108] DEBUG c.h.p.o.h.HiveMQPlatformReconcilerErrorHandler - [updatelo] Pod 'test-hivemq-platform-0' condition 'ContainersReady': False
2025-01-30 04:04:41,634 INFO c.h.h.t.HelmChartContainer - [hivemq-test-hivemq-platform] [hivemq-platform-operator] [3d4445db] 04:04:41.630 [ReconcilerExecutor-hivemq-controller-108] DEBUG c.h.p.o.h.HiveMQPlatformReconcilerErrorHandler - [updatelo] Pod 'test-hivemq-platform-0' condition 'PodScheduled': True
2025-01-30 04:04:41,634 INFO c.h.h.t.HelmChartContainer - [hivemq-test-hivemq-platform] [hivemq-platform-operator] [3d4445db] 04:04:41.630 [ReconcilerExecutor-hivemq-controller-108] DEBUG c.h.p.o.h.HiveMQPlatformReconcilerErrorHandler - [updatelo] Pod 'test-hivemq-platform-0' containerStatus 'hivemq' (started: false) (ready: false) (waiting: [PodInitializing] null)
2025-01-30 04:04:41,634 INFO c.h.h.t.HelmChartContainer - [hivemq-test-hivemq-platform] [hivemq-platform-operator] [3d4445db] 04:04:41.631 [ReconcilerExecutor-hivemq-controller-108] INFO  c.h.p.o.h.HiveMQPlatformReconcilerBaseHandler - [updatelo] HiveMQ Platform is starting, 0 of 1 replicas are ready
2025-01-30 04:04:43,293 INFO c.h.h.t.HelmChartContainer - [EVENT] Normal [Created] Created container: hivemq [updateloglevelit:test-hivemq-platform-0]
2025-01-30 04:04:43,293 INFO c.h.h.t.HelmChartContainer - Received Created event for container hivemq in pod test-hivemq-platform-0 [f951c347-dd04-42c2-a426-73025b6de5b1]
2025-01-30 04:04:43,572 INFO c.h.h.t.HelmChartContainer - [POD] test-hivemq-platform-0 [f951c347-dd04-42c2-a426-73025b6de5b1] in updateloglevelit was MODIFIED
2025-01-30 04:04:43,576 INFO c.h.h.t.HelmChartContainer - [hivemq-test-hivemq-platform] [hivemq-platform-operator] [3d4445db] 04:04:43.572 [pool-6-thread-11] DEBUG c.h.p.o.d.PodServiceAccountResource - [updatelo] Desired PodServiceAccountResource (serviceAccountName: hivemq-platform-pod-test-hivemq-platform)
2025-01-30 04:04:43,578 INFO c.h.h.t.HelmChartContainer - [hivemq-test-hivemq-platform] [hivemq-platform-operator] [3d4445db] 04:04:43.572 [pool-6-thread-16] DEBUG c.h.p.o.dependants.PodInfoConfigMap - [updatelo] Desired PodInfo ConfigMap (1 extensions) (1 enabled)
2025-01-30 04:04:43,578 INFO c.h.h.t.HelmChartContainer - [hivemq-test-hivemq-platform] [hivemq-platform-operator] [3d4445db] 04:04:43.573 [pool-6-thread-16] DEBUG c.h.p.o.dependants.PodInfoConfigMap - [updatelo] Desired PodInfo ConfigMap (metrics port: 9399) (metrics path: /)
2025-01-30 04:04:43,578 INFO c.h.h.t.HelmChartContainer - [hivemq-test-hivemq-platform] [hivemq-platform-operator] [3d4445db] 04:04:43.573 [pool-6-thread-16] DEBUG c.h.p.o.dependants.PodInfoConfigMap - [updatelo] Desired PodInfo ConfigMap (extension state hash: -1817474005)
2025-01-30 04:04:43,578 INFO c.h.h.t.HelmChartContainer - [hivemq-test-hivemq-platform] [hivemq-platform-operator] [3d4445db] 04:04:43.577 [pool-6-thread-15] DEBUG c.h.p.o.d.PlatformServiceResource - [updatelo] Desired Platform services (3 services)
2025-01-30 04:04:43,583 INFO c.h.h.t.HelmChartContainer - [EVENT] Normal [Started] Started container hivemq [updateloglevelit:test-hivemq-platform-0]
2025-01-30 04:04:43,583 INFO c.h.h.t.HelmChartContainer - Received Started event for container hivemq in pod test-hivemq-platform-0 [f951c347-dd04-42c2-a426-73025b6de5b1]
2025-01-30 04:04:43,583 INFO c.h.h.t.HelmChartContainer - Started log watcher for hivemq in pod test-hivemq-platform-0 [f951c347-dd04-42c2-a426-73025b6de5b1]
2025-01-30 04:04:43,584 INFO c.h.h.t.HelmChartContainer - [test-hivemq-platform] [hivemq] [f951c347] Adding pre-installed HiveMQ Platform Operator extensions
2025-01-30 04:04:43,584 INFO c.h.h.t.HelmChartContainer - [test-hivemq-platform] [hivemq] [f951c347] Running as user 10000
2025-01-30 04:04:43,584 INFO c.h.h.t.HelmChartContainer - [test-hivemq-platform] [hivemq] [f951c347] Starting HiveMQ Platform Operator Init
2025-01-30 04:04:43,586 INFO c.h.h.t.HelmChartContainer - [hivemq-test-hivemq-platform] [hivemq-platform-operator] [3d4445db] 04:04:43.585 [pool-6-thread-15] DEBUG c.h.p.o.d.StatefulSetResource - [updatelo] Desired StatefulSet (1 replicas) for status STARTING (READY)
2025-01-30 04:04:43,589 INFO c.h.h.t.HelmChartContainer - [hivemq-test-hivemq-platform] [hivemq-platform-operator] [3d4445db] 04:04:43.589 [ReconcilerExecutor-hivemq-controller-109] INFO  c.h.p.o.HiveMQPlatformReconciler - [updatelo] Reconciling HiveMQ Platform 'test-hivemq-platform' in namespace 'updateloglevelit'
2025-01-30 04:04:43,590 INFO c.h.h.t.HelmChartContainer - [hivemq-test-hivemq-platform] [hivemq-platform-operator] [3d4445db] 04:04:43.589 [ReconcilerExecutor-hivemq-controller-109] DEBUG c.h.p.o.HiveMQPlatformReconciler - [updatelo] Custom Resource Status STARTING - HiveMQ Platform is starting (READY)
2025-01-30 04:04:43,590 INFO c.h.h.t.HelmChartContainer - [hivemq-test-hivemq-platform] [hivemq-platform-operator] [3d4445db] 04:04:43.589 [ReconcilerExecutor-hivemq-controller-109] DEBUG c.h.p.o.HiveMQPlatformReconciler - [updatelo] Custom Resource Spec (replicas: 1) (extensions: 1)
2025-01-30 04:04:43,623 INFO c.h.h.t.HelmChartContainer - [hivemq-test-hivemq-platform] [hivemq-platform-operator] [3d4445db] 04:04:43.621 [ReconcilerExecutor-hivemq-controller-109] DEBUG c.h.p.o.HiveMQPlatformReconciler - [updatelo] StatefulSet Status (revision: test-hivemq-platform-b697f795f, replicas: 1, available: 0, ready: 0, current: 1, updated: 1)
2025-01-30 04:04:43,623 INFO c.h.h.t.HelmChartContainer - [hivemq-test-hivemq-platform] [hivemq-platform-operator] [3d4445db] 04:04:43.621 [ReconcilerExecutor-hivemq-controller-109] DEBUG c.h.p.o.HiveMQPlatformReconciler - [updatelo] StatefulSet Spec (replicas: 1, init containers: 1, containers: 1, volumes: 3)
2025-01-30 04:04:43,625 INFO c.h.h.t.HelmChartContainer - [hivemq-test-hivemq-platform] [hivemq-platform-operator] [3d4445db] 04:04:43.624 [ReconcilerExecutor-hivemq-controller-109] DEBUG c.h.p.o.h.HiveMQPlatformReconcilerErrorHandler - [updatelo] Pod 'test-hivemq-platform-0' phase Running
2025-01-30 04:04:43,626 INFO c.h.h.t.HelmChartContainer - [hivemq-test-hivemq-platform] [hivemq-platform-operator] [3d4445db] 04:04:43.625 [ReconcilerExecutor-hivemq-controller-109] INFO  c.h.p.o.h.HiveMQPlatformReconcilerBaseHandler - [updatelo] HiveMQ Platform is starting, 0 of 1 replicas are ready
2025-01-30 04:04:44,555 INFO c.h.h.t.HelmChartContainer - [test-hivemq-platform] [hivemq] [f951c347] INFO  - [HiveMQ Platform Operator Init 1.7.0-SNAPSHOT] HiveMQ Platform Operator Init 1.7.0-SNAPSHOT (commit: 47e3375 on branch: HEAD) built on Thu Jan 30 03:55:50 UTC 2025
2025-01-30 04:04:45,772 INFO c.h.h.t.HelmChartContainer - [test-hivemq-platform] [hivemq] [f951c347] INFO  - [HiveMQ Platform Operator Init App 1.7.0-SNAPSHOT] Using bind address 10.42.0.12 from environment variable
2025-01-30 04:04:46,649 INFO c.h.h.t.HelmChartContainer - [test-hivemq-platform] [hivemq] [f951c347] INFO  - [HiveMQ Platform Operator Init App 1.7.0-SNAPSHOT] HiveMQ Platform Operator Init App 1.7.0-SNAPSHOT (commit: 47e3375 on branch: HEAD) built on Thu Jan 30 03:55:50 UTC 2025
2025-01-30 04:04:46,649 INFO c.h.h.t.HelmChartContainer - [test-hivemq-platform] [hivemq] [f951c347] INFO  - [HiveMQ Platform Operator Init App 1.7.0-SNAPSHOT] PodInfo ConfigMap directory: /etc/podinfo
2025-01-30 04:04:46,649 INFO c.h.h.t.HelmChartContainer - [test-hivemq-platform] [hivemq] [f951c347] INFO  - [HiveMQ Platform Operator Init App 1.7.0-SNAPSHOT] HiveMQ home directory: /opt/hivemq
2025-01-30 04:04:46,649 INFO c.h.h.t.HelmChartContainer - [test-hivemq-platform] [hivemq] [f951c347] INFO  - [HiveMQ Platform Operator Init App 1.7.0-SNAPSHOT] HiveMQ Logback folder: /opt/hivemq/conf
2025-01-30 04:04:46,649 INFO c.h.h.t.HelmChartContainer - [test-hivemq-platform] [hivemq] [f951c347] INFO  - [HiveMQ Platform Operator Init App 1.7.0-SNAPSHOT] HiveMQ Config folder: /opt/hivemq/conf-k8s
2025-01-30 04:04:46,650 INFO c.h.h.t.HelmChartContainer - [test-hivemq-platform] [hivemq] [f951c347] INFO  - [HiveMQ Platform Operator Init App 1.7.0-SNAPSHOT] Starting HiveMQ Platform Operator Init App
2025-01-30 04:04:46,651 INFO c.h.h.t.HelmChartContainer - [test-hivemq-platform] [hivemq] [f951c347] INFO  - [HiveMQ Platform Operator Init App 1.7.0-SNAPSHOT] Starting Pod reconciler
2025-01-30 04:04:47,849 INFO c.h.h.t.HelmChartContainer - [test-hivemq-platform] [hivemq] [f951c347] INFO  - [HiveMQ Platform Operator Init App 1.7.0-SNAPSHOT] Pod reconciler is scheduled (interval: 5000 ms)
2025-01-30 04:04:47,851 INFO c.h.h.t.HelmChartContainer - [test-hivemq-platform] [hivemq] [f951c347] INFO  - [HiveMQ Platform Operator Init App 1.7.0-SNAPSHOT] Starting the REST API on 10.42.0.12:7979
2025-01-30 04:04:47,854 INFO c.h.h.t.HelmChartContainer - [test-hivemq-platform] [hivemq] [f951c347] INFO  - [HiveMQ Platform Operator Init App 1.7.0-SNAPSHOT] Waiting up to 600s for at most 1 HiveMQ nodes in cluster service hivemq-test-hivemq-platform-cluster.updateloglevelit.svc
2025-01-30 04:04:48,255 INFO c.h.h.t.HelmChartContainer - [test-hivemq-platform] [hivemq] [f951c347] INFO  - [HiveMQ Platform Operator Init App 1.7.0-SNAPSHOT] Resolved 1 IP addresses: [10.42.0.12]
2025-01-30 04:04:48,255 INFO c.h.h.t.HelmChartContainer - [test-hivemq-platform] [hivemq] [f951c347] INFO  - [HiveMQ Platform Operator Init App 1.7.0-SNAPSHOT] HiveMQ node count of 1 is within threshold of 1
2025-01-30 04:04:48,255 INFO c.h.h.t.HelmChartContainer - [test-hivemq-platform] [hivemq] [f951c347] INFO  - [HiveMQ Platform Operator Init App 1.7.0-SNAPSHOT] Proceeding with container start
2025-01-30 04:04:48,345 INFO c.h.h.t.HelmChartContainer - [test-hivemq-platform] [hivemq] [f951c347] INFO  - [HiveMQ Platform Operator Init App 1.7.0-SNAPSHOT] Initializing HiveMQ Platform extensions with initial configuration: {hivemq-allow-all-extension={start-priority=-1, skip-https-hostname-verification=false, restart=true, config-version=0, header-version=0, c-uri=, priority=-1, uri=preinstalled, skip-https-certificate-validation=false, enabled=true}, hivemq-prometheus-extension={start-priority=-1, c-uri=, skip-https-hostname-verification=false, skip-https-certificate-validation=false, uri=preinstalled, request-header-path=no-request-headers, enabled=true, restart=true, priority=-1}}
2025-01-30 04:04:48,844 INFO c.h.h.t.HelmChartContainer - [test-hivemq-platform] [hivemq] [f951c347] INFO  - [HiveMQ Platform Operator Init App 1.7.0-SNAPSHOT] Extension hivemq-allow-all-extension was already enabled
2025-01-30 04:04:48,856 INFO c.h.h.t.HelmChartContainer - [test-hivemq-platform] [hivemq] [f951c347] INFO  - [HiveMQ Platform Operator Init App 1.7.0-SNAPSHOT] Successfully enabled extension hivemq-prometheus-extension
2025-01-30 04:04:48,858 INFO c.h.h.t.HelmChartContainer - [test-hivemq-platform] [hivemq] [f951c347] INFO  - [HiveMQ Platform Operator Init App 1.7.0-SNAPSHOT] Starting HiveMQ Platform version 4.36.0 (4.36.0)
2025-01-30 04:04:48,859 INFO c.h.h.t.HelmChartContainer - [test-hivemq-platform] [hivemq] [f951c347] INFO  - [HiveMQ Platform Operator Init App 1.7.0-SNAPSHOT] Configuring the HiveMQ Platform
2025-01-30 04:04:48,948 INFO c.h.h.t.HelmChartContainer - [test-hivemq-platform] [hivemq] [f951c347] INFO  - [HiveMQ Platform Operator Init App 1.7.0-SNAPSHOT] Changed logback.xml file scan period to 20 seconds
2025-01-30 04:04:48,960 INFO c.h.h.t.HelmChartContainer - [test-hivemq-platform] [hivemq] [f951c347] INFO  - [HiveMQ Platform Operator Init App 1.7.0-SNAPSHOT] Starting the HiveMQ Platform
2025-01-30 04:04:49,043 INFO c.h.h.t.HelmChartContainer - [test-hivemq-platform] [hivemq] [f951c347] -------------------------------------------------------------------------
2025-01-30 04:04:49,043 INFO c.h.h.t.HelmChartContainer - [test-hivemq-platform] [hivemq] [f951c347] 
2025-01-30 04:04:49,043 INFO c.h.h.t.HelmChartContainer - [test-hivemq-platform] [hivemq] [f951c347]                   _    _  _              __  __   ____
2025-01-30 04:04:49,043 INFO c.h.h.t.HelmChartContainer - [test-hivemq-platform] [hivemq] [f951c347]                  | |  | |(_)            |  \/  | / __ \
2025-01-30 04:04:49,043 INFO c.h.h.t.HelmChartContainer - [test-hivemq-platform] [hivemq] [f951c347]                  | |__| | _ __   __ ___ | \  / || |  | |
2025-01-30 04:04:49,043 INFO c.h.h.t.HelmChartContainer - [test-hivemq-platform] [hivemq] [f951c347]                  |  __  || |\ \ / // _ \| |\/| || |  | |
2025-01-30 04:04:49,043 INFO c.h.h.t.HelmChartContainer - [test-hivemq-platform] [hivemq] [f951c347]                  | |  | || | \ V /|  __/| |  | || |__| |
2025-01-30 04:04:49,043 INFO c.h.h.t.HelmChartContainer - [test-hivemq-platform] [hivemq] [f951c347]                  |_|  |_||_|  \_/  \___||_|  |_| \___\_\
2025-01-30 04:04:49,043 INFO c.h.h.t.HelmChartContainer - [test-hivemq-platform] [hivemq] [f951c347] 
2025-01-30 04:04:49,043 INFO c.h.h.t.HelmChartContainer - [test-hivemq-platform] [hivemq] [f951c347] -------------------------------------------------------------------------
2025-01-30 04:04:49,043 INFO c.h.h.t.HelmChartContainer - [test-hivemq-platform] [hivemq] [f951c347] 
2025-01-30 04:04:49,043 INFO c.h.h.t.HelmChartContainer - [test-hivemq-platform] [hivemq] [f951c347]   HiveMQ Start Script for Linux/Unix v1.14
2025-01-30 04:04:49,043 INFO c.h.h.t.HelmChartContainer - [test-hivemq-platform] [hivemq] [f951c347] 
2025-01-30 04:04:49,072 INFO c.h.h.t.HelmChartContainer - [test-hivemq-platform] [hivemq] [f951c347] -------------------------------------------------------------------------
2025-01-30 04:04:49,073 INFO c.h.h.t.HelmChartContainer - [test-hivemq-platform] [hivemq] [f951c347] 
2025-01-30 04:04:49,073 INFO c.h.h.t.HelmChartContainer - [test-hivemq-platform] [hivemq] [f951c347]   HIVEMQ_HOME: /opt/hivemq
2025-01-30 04:04:49,073 INFO c.h.h.t.HelmChartContainer - [test-hivemq-platform] [hivemq] [f951c347] 
2025-01-30 04:04:49,073 INFO c.h.h.t.HelmChartContainer - [test-hivemq-platform] [hivemq] [f951c347]   JAVA_OPTS: -XX:+UnlockExperimentalVMOptions -XX:InitialRAMPercentage=50 -XX:MaxRAMPercentage=50 -Djava.net.preferIPv4Stack=true --add-opens java.base/java.lang=ALL-UNNAMED --add-opens java.base/java.nio=ALL-UNNAMED --add-opens java.base/sun.nio.ch=ALL-UNNAMED --add-opens jdk.management/com.sun.management.internal=ALL-UNNAMED --add-exports java.base/jdk.internal.misc=ALL-UNNAMED -Djava.security.egd=file:/dev/./urandom -Dcom.sun.management.jmxremote -Dcom.sun.management.jmxremote.port=9010 -Dcom.sun.management.jmxremote.local.only=false -Dcom.sun.management.jmxremote.authenticate=false -Dcom.sun.management.jmxremote.ssl=false -Duser.language=en -Duser.region=US -XX:+CrashOnOutOfMemoryError -XX:+HeapDumpOnOutOfMemoryError
2025-01-30 04:04:49,073 INFO c.h.h.t.HelmChartContainer - [test-hivemq-platform] [hivemq] [f951c347] 
2025-01-30 04:04:49,073 INFO c.h.h.t.HelmChartContainer - [test-hivemq-platform] [hivemq] [f951c347]   JAVA_VERSION: 21
2025-01-30 04:04:49,073 INFO c.h.h.t.HelmChartContainer - [test-hivemq-platform] [hivemq] [f951c347] 
2025-01-30 04:04:49,073 INFO c.h.h.t.HelmChartContainer - [test-hivemq-platform] [hivemq] [f951c347] -------------------------------------------------------------------------
2025-01-30 04:04:49,073 INFO c.h.h.t.HelmChartContainer - [test-hivemq-platform] [hivemq] [f951c347] 
2025-01-30 04:04:49,562 INFO c.h.h.t.HelmChartContainer - [test-hivemq-platform] [hivemq] [f951c347] INFO  - [HiveMQ Platform Operator Init App 1.7.0-SNAPSHOT] Returning default Health API response 503 for readiness
2025-01-30 04:04:50,046 INFO c.h.h.t.HelmChartContainer - [EVENT] Warning [Unhealthy] Readiness probe failed: HTTP probe failed with statuscode: 503 [updateloglevelit:test-hivemq-platform-0]
2025-01-30 04:04:50,046 INFO c.h.h.t.HelmChartContainer - Received Unhealthy event for container hivemq in pod test-hivemq-platform-0 [f951c347-dd04-42c2-a426-73025b6de5b1]
2025-01-30 04:04:51,852 INFO c.h.h.t.HelmChartContainer - [test-hivemq-platform] [hivemq] [f951c347] INFO  - Starting HiveMQ Enterprise Server
2025-01-30 04:04:51,858 INFO c.h.h.t.HelmChartContainer - [test-hivemq-platform] [hivemq] [f951c347] INFO  - HiveMQ version: 4.36.0
2025-01-30 04:04:51,858 INFO c.h.h.t.HelmChartContainer - [test-hivemq-platform] [hivemq] [f951c347] INFO  - HiveMQ home directory: /opt/hivemq
2025-01-30 04:04:51,859 INFO c.h.h.t.HelmChartContainer - [test-hivemq-platform] [hivemq] [f951c347] INFO  - Log Configuration was overridden by /opt/hivemq/conf/logback.xml
2025-01-30 04:04:53,152 INFO c.h.h.t.HelmChartContainer - [test-hivemq-platform] [hivemq] [f951c347] INFO  - Successfully loaded configuration from '/opt/hivemq/conf-k8s/config.xml'.
2025-01-30 04:04:53,631 INFO c.h.h.t.HelmChartContainer - [hivemq-test-hivemq-platform] [hivemq-platform-operator] [3d4445db] 04:04:53.629 [pool-6-thread-27] DEBUG c.h.p.o.d.PlatformServiceResource - [updatelo] Desired Platform services (3 services)
2025-01-30 04:04:53,633 INFO c.h.h.t.HelmChartContainer - [hivemq-test-hivemq-platform] [hivemq-platform-operator] [3d4445db] 04:04:53.632 [pool-6-thread-26] DEBUG c.h.p.o.d.PodServiceAccountResource - [updatelo] Desired PodServiceAccountResource (serviceAccountName: hivemq-platform-pod-test-hivemq-platform)
2025-01-30 04:04:53,634 INFO c.h.h.t.HelmChartContainer - [hivemq-test-hivemq-platform] [hivemq-platform-operator] [3d4445db] 04:04:53.633 [pool-6-thread-25] DEBUG c.h.p.o.dependants.PodInfoConfigMap - [updatelo] Desired PodInfo ConfigMap (1 extensions) (1 enabled)
2025-01-30 04:04:53,635 INFO c.h.h.t.HelmChartContainer - [hivemq-test-hivemq-platform] [hivemq-platform-operator] [3d4445db] 04:04:53.633 [pool-6-thread-25] DEBUG c.h.p.o.dependants.PodInfoConfigMap - [updatelo] Desired PodInfo ConfigMap (metrics port: 9399) (metrics path: /)
2025-01-30 04:04:53,635 INFO c.h.h.t.HelmChartContainer - [hivemq-test-hivemq-platform] [hivemq-platform-operator] [3d4445db] 04:04:53.633 [pool-6-thread-25] DEBUG c.h.p.o.dependants.PodInfoConfigMap - [updatelo] Desired PodInfo ConfigMap (extension state hash: -1817474005)
2025-01-30 04:04:53,639 INFO c.h.h.t.HelmChartContainer - [hivemq-test-hivemq-platform] [hivemq-platform-operator] [3d4445db] 04:04:53.639 [pool-6-thread-27] DEBUG c.h.p.o.d.StatefulSetResource - [updatelo] Desired StatefulSet (1 replicas) for status STARTING (READY)
2025-01-30 04:04:53,724 INFO c.h.h.t.HelmChartContainer - [hivemq-test-hivemq-platform] [hivemq-platform-operator] [3d4445db] 04:04:53.722 [ReconcilerExecutor-hivemq-controller-110] INFO  c.h.p.o.HiveMQPlatformReconciler - [updatelo] Reconciling HiveMQ Platform 'test-hivemq-platform' in namespace 'updateloglevelit'
2025-01-30 04:04:53,724 INFO c.h.h.t.HelmChartContainer - [hivemq-test-hivemq-platform] [hivemq-platform-operator] [3d4445db] 04:04:53.723 [ReconcilerExecutor-hivemq-controller-110] DEBUG c.h.p.o.HiveMQPlatformReconciler - [updatelo] Custom Resource Status STARTING - HiveMQ Platform is starting (READY)
2025-01-30 04:04:53,726 INFO c.h.h.t.HelmChartContainer - [hivemq-test-hivemq-platform] [hivemq-platform-operator] [3d4445db] 04:04:53.723 [ReconcilerExecutor-hivemq-controller-110] DEBUG c.h.p.o.HiveMQPlatformReconciler - [updatelo] Custom Resource Spec (replicas: 1) (extensions: 1)
2025-01-30 04:04:53,727 INFO c.h.h.t.HelmChartContainer - [hivemq-test-hivemq-platform] [hivemq-platform-operator] [3d4445db] 04:04:53.726 [ReconcilerExecutor-hivemq-controller-110] DEBUG c.h.p.o.HiveMQPlatformReconciler - [updatelo] StatefulSet Status (revision: test-hivemq-platform-b697f795f, replicas: 1, available: 0, ready: 0, current: 1, updated: 1)
2025-01-30 04:04:53,728 INFO c.h.h.t.HelmChartContainer - [hivemq-test-hivemq-platform] [hivemq-platform-operator] [3d4445db] 04:04:53.726 [ReconcilerExecutor-hivemq-controller-110] DEBUG c.h.p.o.HiveMQPlatformReconciler - [updatelo] StatefulSet Spec (replicas: 1, init containers: 1, containers: 1, volumes: 3)
2025-01-30 04:04:53,728 INFO c.h.h.t.HelmChartContainer - [hivemq-test-hivemq-platform] [hivemq-platform-operator] [3d4445db] 04:04:53.727 [ReconcilerExecutor-hivemq-controller-110] DEBUG c.h.p.o.h.HiveMQPlatformReconcilerErrorHandler - [updatelo] Pod 'test-hivemq-platform-0' phase Running
2025-01-30 04:04:53,728 INFO c.h.h.t.HelmChartContainer - [hivemq-test-hivemq-platform] [hivemq-platform-operator] [3d4445db] 04:04:53.727 [ReconcilerExecutor-hivemq-controller-110] INFO  c.h.p.o.h.HiveMQPlatformReconcilerBaseHandler - [updatelo] HiveMQ Platform is starting, 0 of 1 replicas are ready
2025-01-30 04:04:53,957 INFO c.h.h.t.HelmChartContainer - [test-hivemq-platform] [hivemq] [f951c347] INFO  - This node's ID is VqJPz
2025-01-30 04:04:53,957 INFO c.h.h.t.HelmChartContainer - [test-hivemq-platform] [hivemq] [f951c347] INFO  - Clustering is enabled
2025-01-30 04:04:55,246 INFO c.h.h.t.HelmChartContainer - [test-hivemq-platform] [hivemq] [f951c347] WARN  - [HiveMQ Platform Operator Init App 1.7.0-SNAPSHOT] Cannot connect to Health API for readiness: null
2025-01-30 04:04:55,250 INFO c.h.h.t.HelmChartContainer - [EVENT] Warning [Unhealthy] Readiness probe failed: HTTP probe failed with statuscode: 503 [updateloglevelit:test-hivemq-platform-0]
2025-01-30 04:04:55,250 INFO c.h.h.t.HelmChartContainer - Received Unhealthy event for container hivemq in pod test-hivemq-platform-0 [f951c347-dd04-42c2-a426-73025b6de5b1]
2025-01-30 04:04:58,147 INFO c.h.h.t.HelmChartContainer - [test-hivemq-platform] [hivemq] [f951c347] Jan 30, 2025 4:04:58 AM io.vertx.core.impl.BlockedThreadChecker
2025-01-30 04:04:58,147 INFO c.h.h.t.HelmChartContainer - [test-hivemq-platform] [hivemq] [f951c347] WARNING: Thread Thread[vert.x-eventloop-thread-1,5,main] has been blocked for 2098 ms, time limit is 2000 ms
2025-01-30 04:04:59,145 INFO c.h.h.t.HelmChartContainer - [test-hivemq-platform] [hivemq] [f951c347] Jan 30, 2025 4:04:59 AM io.vertx.core.impl.BlockedThreadChecker
2025-01-30 04:04:59,146 INFO c.h.h.t.HelmChartContainer - [test-hivemq-platform] [hivemq] [f951c347] WARNING: Thread Thread[vert.x-eventloop-thread-1,5,main] has been blocked for 3101 ms, time limit is 2000 ms
2025-01-30 04:04:59,243 INFO c.h.h.t.HelmChartContainer - [test-hivemq-platform] [hivemq] [f951c347] INFO  - [HiveMQ Platform Operator Init App 1.7.0-SNAPSHOT] Updating Pod HiveMQ Platform Operator Init App version annotation (version: 1.7.0-SNAPSHOT)
2025-01-30 04:04:59,652 INFO c.h.h.t.HelmChartContainer - [test-hivemq-platform] [hivemq] [f951c347] WARN  - [HiveMQ Platform Operator Init App 1.7.0-SNAPSHOT] Cannot connect to Health API for readiness: null
2025-01-30 04:04:59,655 INFO c.h.h.t.HelmChartContainer - [EVENT] Warning [Unhealthy] Readiness probe failed: HTTP probe failed with statuscode: 503 [updateloglevelit:test-hivemq-platform-0]
2025-01-30 04:04:59,655 INFO c.h.h.t.HelmChartContainer - Received Unhealthy event for container hivemq in pod test-hivemq-platform-0 [f951c347-dd04-42c2-a426-73025b6de5b1]
2025-01-30 04:04:59,857 INFO c.h.h.t.HelmChartContainer - [POD] test-hivemq-platform-0 [f951c347-dd04-42c2-a426-73025b6de5b1] in updateloglevelit was MODIFIED
2025-01-30 04:04:59,865 INFO c.h.h.t.HelmChartContainer - [hivemq-test-hivemq-platform] [hivemq-platform-operator] [3d4445db] 04:04:59.862 [pool-6-thread-35] DEBUG c.h.p.o.d.PodServiceAccountResource - [updatelo] Desired PodServiceAccountResource (serviceAccountName: hivemq-platform-pod-test-hivemq-platform)
2025-01-30 04:04:59,865 INFO c.h.h.t.HelmChartContainer - [hivemq-test-hivemq-platform] [hivemq-platform-operator] [3d4445db] 04:04:59.862 [pool-6-thread-36] DEBUG c.h.p.o.d.PlatformServiceResource - [updatelo] Desired Platform services (3 services)
2025-01-30 04:04:59,867 INFO c.h.h.t.HelmChartContainer - [hivemq-test-hivemq-platform] [hivemq-platform-operator] [3d4445db] 04:04:59.866 [pool-6-thread-37] DEBUG c.h.p.o.dependants.PodInfoConfigMap - [updatelo] Desired PodInfo ConfigMap (1 extensions) (1 enabled)
2025-01-30 04:04:59,868 INFO c.h.h.t.HelmChartContainer - [hivemq-test-hivemq-platform] [hivemq-platform-operator] [3d4445db] 04:04:59.866 [pool-6-thread-37] DEBUG c.h.p.o.dependants.PodInfoConfigMap - [updatelo] Desired PodInfo ConfigMap (metrics port: 9399) (metrics path: /)
2025-01-30 04:04:59,868 INFO c.h.h.t.HelmChartContainer - [hivemq-test-hivemq-platform] [hivemq-platform-operator] [3d4445db] 04:04:59.866 [pool-6-thread-37] DEBUG c.h.p.o.dependants.PodInfoConfigMap - [updatelo] Desired PodInfo ConfigMap (extension state hash: -1817474005)
2025-01-30 04:04:59,870 INFO c.h.h.t.HelmChartContainer - [hivemq-test-hivemq-platform] [hivemq-platform-operator] [3d4445db] 04:04:59.869 [pool-6-thread-36] DEBUG c.h.p.o.d.StatefulSetResource - [updatelo] Desired StatefulSet (1 replicas) for status STARTING (READY)
2025-01-30 04:04:59,874 INFO c.h.h.t.HelmChartContainer - [hivemq-test-hivemq-platform] [hivemq-platform-operator] [3d4445db] 04:04:59.873 [ReconcilerExecutor-hivemq-controller-111] INFO  c.h.p.o.HiveMQPlatformReconciler - [updatelo] Reconciling HiveMQ Platform 'test-hivemq-platform' in namespace 'updateloglevelit'
2025-01-30 04:04:59,874 INFO c.h.h.t.HelmChartContainer - [hivemq-test-hivemq-platform] [hivemq-platform-operator] [3d4445db] 04:04:59.873 [ReconcilerExecutor-hivemq-controller-111] DEBUG c.h.p.o.HiveMQPlatformReconciler - [updatelo] Custom Resource Status STARTING - HiveMQ Platform is starting (READY)
2025-01-30 04:04:59,875 INFO c.h.h.t.HelmChartContainer - [hivemq-test-hivemq-platform] [hivemq-platform-operator] [3d4445db] 04:04:59.873 [ReconcilerExecutor-hivemq-controller-111] DEBUG c.h.p.o.HiveMQPlatformReconciler - [updatelo] Custom Resource Spec (replicas: 1) (extensions: 1)
2025-01-30 04:04:59,922 INFO c.h.h.t.HelmChartContainer - [hivemq-test-hivemq-platform] [hivemq-platform-operator] [3d4445db] 04:04:59.921 [ReconcilerExecutor-hivemq-controller-111] DEBUG c.h.p.o.HiveMQPlatformReconciler - [updatelo] StatefulSet Status (revision: test-hivemq-platform-b697f795f, replicas: 1, available: 0, ready: 0, current: 1, updated: 1)
2025-01-30 04:04:59,923 INFO c.h.h.t.HelmChartContainer - [hivemq-test-hivemq-platform] [hivemq-platform-operator] [3d4445db] 04:04:59.921 [ReconcilerExecutor-hivemq-controller-111] DEBUG c.h.p.o.HiveMQPlatformReconciler - [updatelo] StatefulSet Spec (replicas: 1, init containers: 1, containers: 1, volumes: 3)
2025-01-30 04:04:59,924 INFO c.h.h.t.HelmChartContainer - [hivemq-test-hivemq-platform] [hivemq-platform-operator] [3d4445db] 04:04:59.923 [ReconcilerExecutor-hivemq-controller-111] DEBUG c.h.p.o.h.HiveMQPlatformReconcilerErrorHandler - [updatelo] Pod 'test-hivemq-platform-0' phase Running
2025-01-30 04:04:59,925 INFO c.h.h.t.HelmChartContainer - [hivemq-test-hivemq-platform] [hivemq-platform-operator] [3d4445db] 04:04:59.924 [ReconcilerExecutor-hivemq-controller-111] INFO  c.h.p.o.h.HiveMQPlatformReconcilerBaseHandler - [updatelo] HiveMQ Platform is starting, 0 of 1 replicas are ready
2025-01-30 04:04:59,942 INFO c.h.h.t.HelmChartContainer - [test-hivemq-platform] [hivemq] [f951c347] INFO  - [HiveMQ Platform Operator Init App 1.7.0-SNAPSHOT] Successfully updated Pod HiveMQ Platform Operator Init App version annotation (version: 1.7.0-SNAPSHOT)
2025-01-30 04:04:59,945 INFO c.h.h.t.HelmChartContainer - [test-hivemq-platform] [hivemq] [f951c347] WARN  - [HiveMQ Platform Operator Init App 1.7.0-SNAPSHOT] Cannot connect to Health API for readiness: null
2025-01-30 04:04:59,956 INFO c.h.h.t.HelmChartContainer - [EVENT] Warning [Unhealthy] Readiness probe failed: HTTP probe failed with statuscode: 503 [updateloglevelit:test-hivemq-platform-0]
2025-01-30 04:04:59,957 INFO c.h.h.t.HelmChartContainer - Received Unhealthy event for container hivemq in pod test-hivemq-platform-0 [f951c347-dd04-42c2-a426-73025b6de5b1]
2025-01-30 04:05:04,858 INFO c.h.h.t.HelmChartContainer - [test-hivemq-platform] [hivemq] [f951c347] WARN  - [HiveMQ Platform Operator Init App 1.7.0-SNAPSHOT] Cannot connect to Health API for readiness: null
2025-01-30 04:05:04,864 INFO c.h.h.t.HelmChartContainer - [EVENT] Warning [Unhealthy] Readiness probe failed: HTTP probe failed with statuscode: 503 [updateloglevelit:test-hivemq-platform-0]
2025-01-30 04:05:04,864 INFO c.h.h.t.HelmChartContainer - Received Unhealthy event for container hivemq in pod test-hivemq-platform-0 [f951c347-dd04-42c2-a426-73025b6de5b1]
2025-01-30 04:05:09,858 INFO c.h.h.t.HelmChartContainer - [test-hivemq-platform] [hivemq] [f951c347] WARN  - [HiveMQ Platform Operator Init App 1.7.0-SNAPSHOT] Cannot connect to Health API for readiness: null
2025-01-30 04:05:09,863 INFO c.h.h.t.HelmChartContainer - [EVENT] Warning [Unhealthy] Readiness probe failed: HTTP probe failed with statuscode: 503 [updateloglevelit:test-hivemq-platform-0]
2025-01-30 04:05:09,863 INFO c.h.h.t.HelmChartContainer - Received Unhealthy event for container hivemq in pod test-hivemq-platform-0 [f951c347-dd04-42c2-a426-73025b6de5b1]
2025-01-30 04:05:09,931 INFO c.h.h.t.HelmChartContainer - [hivemq-test-hivemq-platform] [hivemq-platform-operator] [3d4445db] 04:05:09.927 [pool-6-thread-42] DEBUG c.h.p.o.d.PlatformServiceResource - [updatelo] Desired Platform services (3 services)
2025-01-30 04:05:09,931 INFO c.h.h.t.HelmChartContainer - [hivemq-test-hivemq-platform] [hivemq-platform-operator] [3d4445db] 04:05:09.928 [pool-6-thread-46] DEBUG c.h.p.o.dependants.PodInfoConfigMap - [updatelo] Desired PodInfo ConfigMap (1 extensions) (1 enabled)
2025-01-30 04:05:09,931 INFO c.h.h.t.HelmChartContainer - [hivemq-test-hivemq-platform] [hivemq-platform-operator] [3d4445db] 04:05:09.928 [pool-6-thread-46] DEBUG c.h.p.o.dependants.PodInfoConfigMap - [updatelo] Desired PodInfo ConfigMap (metrics port: 9399) (metrics path: /)
2025-01-30 04:05:09,931 INFO c.h.h.t.HelmChartContainer - [hivemq-test-hivemq-platform] [hivemq-platform-operator] [3d4445db] 04:05:09.928 [pool-6-thread-46] DEBUG c.h.p.o.dependants.PodInfoConfigMap - [updatelo] Desired PodInfo ConfigMap (extension state hash: -1817474005)
2025-01-30 04:05:09,931 INFO c.h.h.t.HelmChartContainer - [hivemq-test-hivemq-platform] [hivemq-platform-operator] [3d4445db] 04:05:09.930 [pool-6-thread-46] DEBUG c.h.p.o.d.PodServiceAccountResource - [updatelo] Desired PodServiceAccountResource (serviceAccountName: hivemq-platform-pod-test-hivemq-platform)
2025-01-30 04:05:09,935 INFO c.h.h.t.HelmChartContainer - [hivemq-test-hivemq-platform] [hivemq-platform-operator] [3d4445db] 04:05:09.934 [pool-6-thread-42] DEBUG c.h.p.o.d.StatefulSetResource - [updatelo] Desired StatefulSet (1 replicas) for status STARTING (READY)
2025-01-30 04:05:09,938 INFO c.h.h.t.HelmChartContainer - [hivemq-test-hivemq-platform] [hivemq-platform-operator] [3d4445db] 04:05:09.937 [ReconcilerExecutor-hivemq-controller-112] INFO  c.h.p.o.HiveMQPlatformReconciler - [updatelo] Reconciling HiveMQ Platform 'test-hivemq-platform' in namespace 'updateloglevelit'
2025-01-30 04:05:09,939 INFO c.h.h.t.HelmChartContainer - [hivemq-test-hivemq-platform] [hivemq-platform-operator] [3d4445db] 04:05:09.937 [ReconcilerExecutor-hivemq-controller-112] DEBUG c.h.p.o.HiveMQPlatformReconciler - [updatelo] Custom Resource Status STARTING - HiveMQ Platform is starting (READY)
2025-01-30 04:05:09,939 INFO c.h.h.t.HelmChartContainer - [hivemq-test-hivemq-platform] [hivemq-platform-operator] [3d4445db] 04:05:09.937 [ReconcilerExecutor-hivemq-controller-112] DEBUG c.h.p.o.HiveMQPlatformReconciler - [updatelo] Custom Resource Spec (replicas: 1) (extensions: 1)
2025-01-30 04:05:09,939 INFO c.h.h.t.HelmChartContainer - [hivemq-test-hivemq-platform] [hivemq-platform-operator] [3d4445db] 04:05:09.938 [ReconcilerExecutor-hivemq-controller-112] DEBUG c.h.p.o.HiveMQPlatformReconciler - [updatelo] StatefulSet Status (revision: test-hivemq-platform-b697f795f, replicas: 1, available: 0, ready: 0, current: 1, updated: 1)
2025-01-30 04:05:09,939 INFO c.h.h.t.HelmChartContainer - [hivemq-test-hivemq-platform] [hivemq-platform-operator] [3d4445db] 04:05:09.938 [ReconcilerExecutor-hivemq-controller-112] DEBUG c.h.p.o.HiveMQPlatformReconciler - [updatelo] StatefulSet Spec (replicas: 1, init containers: 1, containers: 1, volumes: 3)
2025-01-30 04:05:10,025 INFO c.h.h.t.HelmChartContainer - [hivemq-test-hivemq-platform] [hivemq-platform-operator] [3d4445db] 04:05:10.024 [ReconcilerExecutor-hivemq-controller-112] DEBUG c.h.p.o.h.HiveMQPlatformReconcilerErrorHandler - [updatelo] Pod 'test-hivemq-platform-0' phase Running
2025-01-30 04:05:10,026 INFO c.h.h.t.HelmChartContainer - [hivemq-test-hivemq-platform] [hivemq-platform-operator] [3d4445db] 04:05:10.025 [ReconcilerExecutor-hivemq-controller-112] INFO  c.h.p.o.h.HiveMQPlatformReconcilerBaseHandler - [updatelo] HiveMQ Platform is starting, 0 of 1 replicas are ready
2025-01-30 04:05:10,051 INFO c.h.h.t.HelmChartContainer - [test-hivemq-platform] [hivemq] [f951c347] WARN  - [HiveMQ Platform Operator Init App 1.7.0-SNAPSHOT] Cannot connect to Health API for liveness: null
2025-01-30 04:05:10,051 INFO c.h.h.t.HelmChartContainer - [test-hivemq-platform] [hivemq] [f951c347] INFO  - [HiveMQ Platform Operator Init App 1.7.0-SNAPSHOT] Returning default Health API response 200 for liveness
2025-01-30 04:05:11,762 INFO c.h.h.t.HelmChartContainer - [test-hivemq-platform] [hivemq] [f951c347] INFO  - No valid license file found. Using trial license, restricted to 25 connections.
2025-01-30 04:05:14,858 INFO c.h.h.t.HelmChartContainer - [test-hivemq-platform] [hivemq] [f951c347] WARN  - [HiveMQ Platform Operator Init App 1.7.0-SNAPSHOT] Cannot connect to Health API for readiness: null
2025-01-30 04:05:14,947 INFO c.h.h.t.HelmChartContainer - [EVENT] Warning [Unhealthy] Readiness probe failed: HTTP probe failed with statuscode: 503 [updateloglevelit:test-hivemq-platform-0]
2025-01-30 04:05:14,947 INFO c.h.h.t.HelmChartContainer - Received Unhealthy event for container hivemq in pod test-hivemq-platform-0 [f951c347-dd04-42c2-a426-73025b6de5b1]
2025-01-30 04:05:16,246 INFO c.h.h.t.HelmChartContainer - [test-hivemq-platform] [hivemq] [f951c347] INFO  - No valid license file for Data Hub found. Using free license, restricted to 1 policy.
2025-01-30 04:05:17,262 INFO c.h.h.t.HelmChartContainer - [test-hivemq-platform] [hivemq] [f951c347] INFO  - Audit Logger started.
2025-01-30 04:05:17,544 INFO c.h.h.t.HelmChartContainer - [test-hivemq-platform] [hivemq] [f951c347] INFO  - This node uses '1' CPU cores.
2025-01-30 04:05:17,549 INFO c.h.h.t.HelmChartContainer - [test-hivemq-platform] [hivemq] [f951c347] INFO  - Starting HiveMQ Health API on address 0.0.0.0 and port 8889
2025-01-30 04:05:18,357 INFO c.h.h.t.HelmChartContainer - [test-hivemq-platform] [hivemq] [f951c347] INFO  - Started HiveMQ Health API in 808ms
2025-01-30 04:05:18,783 INFO c.h.h.t.HelmChartContainer - [test-hivemq-platform] [hivemq] [f951c347] INFO  - Starting HiveMQ extension system.
2025-01-30 04:05:19,068 INFO c.h.h.t.HelmChartContainer - [test-hivemq-platform] [hivemq] [f951c347] INFO  - Starting extension with id "hivemq-dns-cluster-discovery" at /opt/hivemq/extensions/hivemq-dns-cluster-discovery
2025-01-30 04:05:19,452 INFO c.h.h.t.HelmChartContainer - [test-hivemq-platform] [hivemq] [f951c347] INFO  - Extension "DNS Cluster Discovery Extension" version 4.3.2 started successfully.
2025-01-30 04:05:19,452 INFO c.h.h.t.HelmChartContainer - [test-hivemq-platform] [hivemq] [f951c347] INFO  - Starting extension with id "hivemq-prometheus-extension" at /opt/hivemq/extensions/hivemq-prometheus-extension
2025-01-30 04:05:19,656 INFO c.h.h.t.HelmChartContainer - [test-hivemq-platform] [hivemq] [f951c347] INFO  - Using TCP cluster transport on address 10.42.0.12 and port 7000
2025-01-30 04:05:19,748 INFO c.h.h.t.HelmChartContainer - [test-hivemq-platform] [hivemq] [f951c347] INFO  - Using extension cluster discovery
2025-01-30 04:05:20,034 INFO c.h.h.t.HelmChartContainer - [hivemq-test-hivemq-platform] [hivemq-platform-operator] [3d4445db] 04:05:20.030 [pool-6-thread-3] DEBUG c.h.p.o.d.PlatformServiceResource - [updatelo] Desired Platform services (3 services)
2025-01-30 04:05:20,034 INFO c.h.h.t.HelmChartContainer - [hivemq-test-hivemq-platform] [hivemq-platform-operator] [3d4445db] 04:05:20.031 [pool-6-thread-4] DEBUG c.h.p.o.dependants.PodInfoConfigMap - [updatelo] Desired PodInfo ConfigMap (1 extensions) (1 enabled)
2025-01-30 04:05:20,034 INFO c.h.h.t.HelmChartContainer - [hivemq-test-hivemq-platform] [hivemq-platform-operator] [3d4445db] 04:05:20.031 [pool-6-thread-4] DEBUG c.h.p.o.dependants.PodInfoConfigMap - [updatelo] Desired PodInfo ConfigMap (metrics port: 9399) (metrics path: /)
2025-01-30 04:05:20,034 INFO c.h.h.t.HelmChartContainer - [hivemq-test-hivemq-platform] [hivemq-platform-operator] [3d4445db] 04:05:20.031 [pool-6-thread-4] DEBUG c.h.p.o.dependants.PodInfoConfigMap - [updatelo] Desired PodInfo ConfigMap (extension state hash: -1817474005)
2025-01-30 04:05:20,034 INFO c.h.h.t.HelmChartContainer - [hivemq-test-hivemq-platform] [hivemq-platform-operator] [3d4445db] 04:05:20.032 [pool-6-thread-4] DEBUG c.h.p.o.d.PodServiceAccountResource - [updatelo] Desired PodServiceAccountResource (serviceAccountName: hivemq-platform-pod-test-hivemq-platform)
2025-01-30 04:05:20,037 INFO c.h.h.t.HelmChartContainer - [hivemq-test-hivemq-platform] [hivemq-platform-operator] [3d4445db] 04:05:20.036 [pool-6-thread-6] DEBUG c.h.p.o.d.StatefulSetResource - [updatelo] Desired StatefulSet (1 replicas) for status STARTING (READY)
2025-01-30 04:05:20,048 INFO c.h.h.t.HelmChartContainer - [hivemq-test-hivemq-platform] [hivemq-platform-operator] [3d4445db] 04:05:20.044 [ReconcilerExecutor-hivemq-controller-113] INFO  c.h.p.o.HiveMQPlatformReconciler - [updatelo] Reconciling HiveMQ Platform 'test-hivemq-platform' in namespace 'updateloglevelit'
2025-01-30 04:05:20,048 INFO c.h.h.t.HelmChartContainer - [hivemq-test-hivemq-platform] [hivemq-platform-operator] [3d4445db] 04:05:20.044 [ReconcilerExecutor-hivemq-controller-113] DEBUG c.h.p.o.HiveMQPlatformReconciler - [updatelo] Custom Resource Status STARTING - HiveMQ Platform is starting (READY)
2025-01-30 04:05:20,048 INFO c.h.h.t.HelmChartContainer - [hivemq-test-hivemq-platform] [hivemq-platform-operator] [3d4445db] 04:05:20.044 [ReconcilerExecutor-hivemq-controller-113] DEBUG c.h.p.o.HiveMQPlatformReconciler - [updatelo] Custom Resource Spec (replicas: 1) (extensions: 1)
2025-01-30 04:05:20,048 INFO c.h.h.t.HelmChartContainer - [hivemq-test-hivemq-platform] [hivemq-platform-operator] [3d4445db] 04:05:20.046 [ReconcilerExecutor-hivemq-controller-113] DEBUG c.h.p.o.HiveMQPlatformReconciler - [updatelo] StatefulSet Status (revision: test-hivemq-platform-b697f795f, replicas: 1, available: 0, ready: 0, current: 1, updated: 1)
2025-01-30 04:05:20,048 INFO c.h.h.t.HelmChartContainer - [hivemq-test-hivemq-platform] [hivemq-platform-operator] [3d4445db] 04:05:20.046 [ReconcilerExecutor-hivemq-controller-113] DEBUG c.h.p.o.HiveMQPlatformReconciler - [updatelo] StatefulSet Spec (replicas: 1, init containers: 1, containers: 1, volumes: 3)
2025-01-30 04:05:20,049 INFO c.h.h.t.HelmChartContainer - [hivemq-test-hivemq-platform] [hivemq-platform-operator] [3d4445db] 04:05:20.047 [ReconcilerExecutor-hivemq-controller-113] DEBUG c.h.p.o.h.HiveMQPlatformReconcilerErrorHandler - [updatelo] Pod 'test-hivemq-platform-0' phase Running
2025-01-30 04:05:20,050 INFO c.h.h.t.HelmChartContainer - [hivemq-test-hivemq-platform] [hivemq-platform-operator] [3d4445db] 04:05:20.048 [ReconcilerExecutor-hivemq-controller-113] INFO  c.h.p.o.h.HiveMQPlatformReconcilerBaseHandler - [updatelo] HiveMQ Platform is starting, 0 of 1 replicas are ready
2025-01-30 04:05:20,647 INFO c.h.h.t.HelmChartContainer - [test-hivemq-platform] [hivemq] [f951c347] INFO  - Started Jetty Server exposing Prometheus Servlet on URI http://0.0.0.0:9399/
2025-01-30 04:05:20,650 INFO c.h.h.t.HelmChartContainer - [test-hivemq-platform] [hivemq] [f951c347] INFO  - Extension "Prometheus Monitoring Extension" version 4.0.12 started successfully.
2025-01-30 04:05:20,650 INFO c.h.h.t.HelmChartContainer - [test-hivemq-platform] [hivemq] [f951c347] INFO  - Starting extension with id "hivemq-allow-all-extension" at /opt/hivemq/extensions/hivemq-allow-all-extension
2025-01-30 04:05:20,650 INFO c.h.h.t.HelmChartContainer - [test-hivemq-platform] [hivemq] [f951c347] WARN  - 
2025-01-30 04:05:20,650 INFO c.h.h.t.HelmChartContainer - [test-hivemq-platform] [hivemq] [f951c347] ################################################################################################################
2025-01-30 04:05:20,650 INFO c.h.h.t.HelmChartContainer - [test-hivemq-platform] [hivemq] [f951c347] # This HiveMQ deployment is not secure! You are lacking Authentication and Authorization.                      #
2025-01-30 04:05:20,650 INFO c.h.h.t.HelmChartContainer - [test-hivemq-platform] [hivemq] [f951c347] # Right now any MQTT client can connect to the broker with a full set of permissions.                          #
2025-01-30 04:05:20,650 INFO c.h.h.t.HelmChartContainer - [test-hivemq-platform] [hivemq] [f951c347] # For production usage, add an appropriate security extension and remove the hivemq-allow-all extension.       #
2025-01-30 04:05:20,650 INFO c.h.h.t.HelmChartContainer - [test-hivemq-platform] [hivemq] [f951c347] # You can download security extensions from the HiveMQ Marketplace (https://www.hivemq.com/extensions/).       #
2025-01-30 04:05:20,650 INFO c.h.h.t.HelmChartContainer - [test-hivemq-platform] [hivemq] [f951c347] ################################################################################################################
2025-01-30 04:05:20,650 INFO c.h.h.t.HelmChartContainer - [test-hivemq-platform] [hivemq] [f951c347] INFO  - Extension "Allow All Extension" version 1.1.1 started successfully.
2025-01-30 04:05:20,897 INFO c.h.h.t.HelmChartContainer - [EVENT] Warning [Unhealthy] Readiness probe failed: Get "http://10.42.0.12:7979/readiness": context deadline exceeded (Client.Timeout exceeded while awaiting headers) [updateloglevelit:test-hivemq-platform-0]
2025-01-30 04:05:20,897 INFO c.h.h.t.HelmChartContainer - Received Unhealthy event for container hivemq in pod test-hivemq-platform-0 [f951c347-dd04-42c2-a426-73025b6de5b1]
2025-01-30 04:05:21,144 INFO c.h.h.t.HelmChartContainer - [test-hivemq-platform] [hivemq] [f951c347] INFO  - [HiveMQ Platform Operator Init App 1.7.0-SNAPSHOT] Returning Health API response 503 for readiness
2025-01-30 04:05:22,850 INFO c.h.h.t.HelmChartContainer - [test-hivemq-platform] [hivemq] [f951c347] INFO  - VqJPz: no members discovered after 2108 ms: creating cluster as first member
2025-01-30 04:05:22,856 INFO c.h.h.t.HelmChartContainer - [test-hivemq-platform] [hivemq] [f951c347] INFO  - Cluster nodes found by discovery: [VqJPz|0] (1) [VqJPz].
2025-01-30 04:05:22,943 INFO c.h.h.t.HelmChartContainer - [test-hivemq-platform] [hivemq] [f951c347] WARN  - No user for HiveMQ Control Center configured. Starting with default user
2025-01-30 04:05:22,943 INFO c.h.h.t.HelmChartContainer - [test-hivemq-platform] [hivemq] [f951c347] INFO  - Starting HiveMQ Control Center on address 0.0.0.0 and port 8080
2025-01-30 04:05:22,952 INFO c.h.h.t.HelmChartContainer - [test-hivemq-platform] [hivemq] [f951c347] INFO  - Mounting HiveMQ Control Center V2 Preview
2025-01-30 04:05:23,563 INFO c.h.h.t.HelmChartContainer - [test-hivemq-platform] [hivemq] [f951c347] INFO  - Started HiveMQ Control Center in 621ms
2025-01-30 04:05:23,655 INFO c.h.h.t.HelmChartContainer - [test-hivemq-platform] [hivemq] [f951c347] INFO  - Starting TCP listener on address 0.0.0.0 and port 1883
2025-01-30 04:05:23,742 INFO c.h.h.t.HelmChartContainer - [test-hivemq-platform] [hivemq] [f951c347] INFO  - Started TCP Listener on address 0.0.0.0 and on port 1883.
2025-01-30 04:05:23,743 INFO c.h.h.t.HelmChartContainer - [test-hivemq-platform] [hivemq] [f951c347] INFO  - Started HiveMQ in 32288ms
2025-01-30 04:05:24,859 INFO c.h.h.t.HelmChartContainer - [test-hivemq-platform] [hivemq] [f951c347] INFO  - [HiveMQ Platform Operator Init App 1.7.0-SNAPSHOT] Returning Health API response 200 for readiness
2025-01-30 04:05:24,872 INFO c.h.h.t.HelmChartContainer - [POD] test-hivemq-platform-0 [f951c347-dd04-42c2-a426-73025b6de5b1] in updateloglevelit was MODIFIED
2025-01-30 04:05:24,883 INFO c.h.h.t.HelmChartContainer - [hivemq-test-hivemq-platform] [hivemq-platform-operator] [3d4445db] 04:05:24.879 [pool-6-thread-19] DEBUG c.h.p.o.d.PlatformServiceResource - [updatelo] Desired Platform services (3 services)
2025-01-30 04:05:24,888 INFO c.h.h.t.HelmChartContainer - [hivemq-test-hivemq-platform] [hivemq-platform-operator] [3d4445db] 04:05:24.885 [pool-6-thread-18] DEBUG c.h.p.o.dependants.PodInfoConfigMap - [updatelo] Desired PodInfo ConfigMap (1 extensions) (1 enabled)
2025-01-30 04:05:24,894 INFO c.h.h.t.HelmChartContainer - [hivemq-test-hivemq-platform] [hivemq-platform-operator] [3d4445db] 04:05:24.893 [pool-6-thread-18] DEBUG c.h.p.o.dependants.PodInfoConfigMap - [updatelo] Desired PodInfo ConfigMap (metrics port: 9399) (metrics path: /)
2025-01-30 04:05:24,894 INFO c.h.h.t.HelmChartContainer - [hivemq-test-hivemq-platform] [hivemq-platform-operator] [3d4445db] 04:05:24.893 [pool-6-thread-18] DEBUG c.h.p.o.dependants.PodInfoConfigMap - [updatelo] Desired PodInfo ConfigMap (extension state hash: -1817474005)
2025-01-30 04:05:24,896 INFO c.h.h.t.HelmChartContainer - [hivemq-test-hivemq-platform] [hivemq-platform-operator] [3d4445db] 04:05:24.890 [pool-6-thread-17] DEBUG c.h.p.o.d.PodServiceAccountResource - [updatelo] Desired PodServiceAccountResource (serviceAccountName: hivemq-platform-pod-test-hivemq-platform)
2025-01-30 04:05:24,924 INFO c.h.h.t.HelmChartContainer - [hivemq-test-hivemq-platform] [hivemq-platform-operator] [3d4445db] 04:05:24.923 [pool-6-thread-18] DEBUG c.h.p.o.d.StatefulSetResource - [updatelo] Desired StatefulSet (1 replicas) for status STARTING (READY)
2025-01-30 04:05:24,929 INFO c.h.h.t.HelmChartContainer - [hivemq-test-hivemq-platform] [hivemq-platform-operator] [3d4445db] 04:05:24.926 [ReconcilerExecutor-hivemq-controller-114] INFO  c.h.p.o.HiveMQPlatformReconciler - [updatelo] Reconciling HiveMQ Platform 'test-hivemq-platform' in namespace 'updateloglevelit'
2025-01-30 04:05:24,929 INFO c.h.h.t.HelmChartContainer - [hivemq-test-hivemq-platform] [hivemq-platform-operator] [3d4445db] 04:05:24.926 [ReconcilerExecutor-hivemq-controller-114] DEBUG c.h.p.o.HiveMQPlatformReconciler - [updatelo] Custom Resource Status STARTING - HiveMQ Platform is starting (READY)
2025-01-30 04:05:24,929 INFO c.h.h.t.HelmChartContainer - [hivemq-test-hivemq-platform] [hivemq-platform-operator] [3d4445db] 04:05:24.926 [ReconcilerExecutor-hivemq-controller-114] DEBUG c.h.p.o.HiveMQPlatformReconciler - [updatelo] Custom Resource Spec (replicas: 1) (extensions: 1)
2025-01-30 04:05:24,930 INFO c.h.h.t.HelmChartContainer - [hivemq-test-hivemq-platform] [hivemq-platform-operator] [3d4445db] 04:05:24.927 [ReconcilerExecutor-hivemq-controller-114] DEBUG c.h.p.o.HiveMQPlatformReconciler - [updatelo] StatefulSet Status (revision: test-hivemq-platform-b697f795f, replicas: 1, available: 1, ready: 1, current: 1, updated: 1)
2025-01-30 04:05:24,930 INFO c.h.h.t.HelmChartContainer - [hivemq-test-hivemq-platform] [hivemq-platform-operator] [3d4445db] 04:05:24.927 [ReconcilerExecutor-hivemq-controller-114] DEBUG c.h.p.o.HiveMQPlatformReconciler - [updatelo] StatefulSet Spec (replicas: 1, init containers: 1, containers: 1, volumes: 3)
2025-01-30 04:05:24,930 INFO c.h.h.t.HelmChartContainer - [hivemq-test-hivemq-platform] [hivemq-platform-operator] [3d4445db] 04:05:24.928 [ReconcilerExecutor-hivemq-controller-114] DEBUG c.h.p.o.h.HiveMQPlatformReconcilerErrorHandler - [updatelo] Pod 'test-hivemq-platform-0' phase Running
2025-01-30 04:05:24,930 INFO c.h.h.t.HelmChartContainer - [hivemq-test-hivemq-platform] [hivemq-platform-operator] [3d4445db] 04:05:24.929 [ReconcilerExecutor-hivemq-controller-114] INFO  c.h.p.o.h.HiveMQPlatformReconcilerBaseHandler - [updatelo] HiveMQ Platform started successfully
2025-01-30 04:05:25,030 INFO c.h.h.t.HelmChartContainer - [hivemq-test-hivemq-platform] [hivemq-platform-operator] [3d4445db] 04:05:25.028 [ReconcilerExecutor-hivemq-controller-114] DEBUG c.h.p.operator.event.EventSender - [updatelo] Creating K8s event hivemq-platform-ready: [Ready] HiveMQ Platform is ready
2025-01-30 04:05:25,035 INFO c.h.h.t.HelmChartContainer - [EVENT] Normal [Ready] HiveMQ Platform is ready [updateloglevelit:test-hivemq-platform]
2025-01-30 04:05:25,036 INFO c.h.h.t.HelmChartContainer - [hivemq-test-hivemq-platform] [hivemq-platform-operator] [3d4445db] 04:05:25.034 [ReconcilerExecutor-hivemq-controller-114] INFO  c.h.p.o.h.AbstractHiveMQReconcilerStateHandler - [updatelo] Update HiveMQ Platform Status (STARTING [READY] -> RUNNING [READY]): HiveMQ Platform is ready
2025-01-30 04:05:25,044 DEBUG com.hivemq.helmcharts.util.K8sUtil - Comparing actual state 'RUNNING' and waiting for 'RUNNING'
2025-01-30 04:05:25,129 INFO c.h.h.t.HelmChartContainer - [hivemq-test-hivemq-platform] [hivemq-platform-operator] [3d4445db] 04:05:25.125 [pool-6-thread-23] DEBUG c.h.p.o.d.PlatformServiceResource - [updatelo] Desired Platform services (3 services)
2025-01-30 04:05:25,130 INFO c.h.h.t.HelmChartContainer - [hivemq-test-hivemq-platform] [hivemq-platform-operator] [3d4445db] 04:05:25.126 [pool-6-thread-24] DEBUG c.h.p.o.dependants.PodInfoConfigMap - [updatelo] Desired PodInfo ConfigMap (1 extensions) (1 enabled)
2025-01-30 04:05:25,130 INFO c.h.h.t.HelmChartContainer - [hivemq-test-hivemq-platform] [hivemq-platform-operator] [3d4445db] 04:05:25.126 [pool-6-thread-24] DEBUG c.h.p.o.dependants.PodInfoConfigMap - [updatelo] Desired PodInfo ConfigMap (metrics port: 9399) (metrics path: /)
2025-01-30 04:05:25,130 INFO c.h.h.t.HelmChartContainer - [hivemq-test-hivemq-platform] [hivemq-platform-operator] [3d4445db] 04:05:25.126 [pool-6-thread-24] DEBUG c.h.p.o.dependants.PodInfoConfigMap - [updatelo] Desired PodInfo ConfigMap (extension state hash: -1817474005)
2025-01-30 04:05:25,130 INFO c.h.h.t.HelmChartContainer - [hivemq-test-hivemq-platform] [hivemq-platform-operator] [3d4445db] 04:05:25.126 [pool-6-thread-24] DEBUG c.h.p.o.dependants.PodInfoConfigMap - [updatelo] Update PodInfo ConfigMap
2025-01-30 04:05:25,130 INFO c.h.h.t.HelmChartContainer - [hivemq-test-hivemq-platform] [hivemq-platform-operator] [3d4445db] 04:05:25.127 [pool-6-thread-26] DEBUG c.h.p.o.d.PodServiceAccountResource - [updatelo] Desired PodServiceAccountResource (serviceAccountName: hivemq-platform-pod-test-hivemq-platform)
2025-01-30 04:05:25,224 INFO c.h.h.t.HelmChartContainer - [hivemq-test-hivemq-platform] [hivemq-platform-operator] [3d4445db] 04:05:25.223 [pool-6-thread-24] DEBUG c.h.p.o.d.StatefulSetResource - [updatelo] Desired StatefulSet (1 replicas) for status RUNNING (READY)
2025-01-30 04:05:25,229 INFO c.h.h.t.HelmChartContainer - [hivemq-test-hivemq-platform] [hivemq-platform-operator] [3d4445db] 04:05:25.227 [ReconcilerExecutor-hivemq-controller-115] INFO  c.h.p.o.HiveMQPlatformReconciler - [updatelo] Reconciling HiveMQ Platform 'test-hivemq-platform' in namespace 'updateloglevelit'
2025-01-30 04:05:25,229 INFO c.h.h.t.HelmChartContainer - [hivemq-test-hivemq-platform] [hivemq-platform-operator] [3d4445db] 04:05:25.227 [ReconcilerExecutor-hivemq-controller-115] DEBUG c.h.p.o.HiveMQPlatformReconciler - [updatelo] Custom Resource Status RUNNING - HiveMQ Platform is ready (READY)
2025-01-30 04:05:25,229 INFO c.h.h.t.HelmChartContainer - [hivemq-test-hivemq-platform] [hivemq-platform-operator] [3d4445db] 04:05:25.227 [ReconcilerExecutor-hivemq-controller-115] DEBUG c.h.p.o.HiveMQPlatformReconciler - [updatelo] Custom Resource Spec (replicas: 1) (extensions: 1)
2025-01-30 04:05:25,231 INFO c.h.h.t.HelmChartContainer - [hivemq-test-hivemq-platform] [hivemq-platform-operator] [3d4445db] 04:05:25.229 [ReconcilerExecutor-hivemq-controller-115] DEBUG c.h.p.o.HiveMQPlatformReconciler - [updatelo] StatefulSet Status (revision: test-hivemq-platform-b697f795f, replicas: 1, available: 1, ready: 1, current: 1, updated: 1)
2025-01-30 04:05:25,232 INFO c.h.h.t.HelmChartContainer - [hivemq-test-hivemq-platform] [hivemq-platform-operator] [3d4445db] 04:05:25.230 [ReconcilerExecutor-hivemq-controller-115] DEBUG c.h.p.o.HiveMQPlatformReconciler - [updatelo] StatefulSet Spec (replicas: 1, init containers: 1, containers: 1, volumes: 3)
2025-01-30 04:05:25,233 INFO c.h.h.t.HelmChartContainer - [hivemq-test-hivemq-platform] [hivemq-platform-operator] [3d4445db] 04:05:25.231 [ReconcilerExecutor-hivemq-controller-115] DEBUG c.h.p.o.h.HiveMQPlatformReconcilerErrorHandler - [updatelo] Pod 'test-hivemq-platform-0' phase Running
2025-01-30 04:05:27,053 INFO c.h.h.platform.UpdateLogLevelIT - Assert original logback.xml in pods
2025-01-30 04:05:27,137 INFO c.h.h.platform.UpdateLogLevelIT - Trigger update of log level
2025-01-30 04:05:27,199 DEBUG c.h.h.t.HelmChartContainer - Executing helm command: /bin/helm --kubeconfig /etc/rancher/k3s/k3s.yaml upgrade test-hivemq-platform /charts/hivemq-platform --wait --timeout 5m0s --set image.repository=docker.io/hivemq --set image.tag=4.36.0 --set image.pullPolicy=Never --set nodes.resources.cpu=512m --set nodes.logLevel=WARN --namespace updateloglevelit
2025-01-30 04:05:27,539 INFO c.h.h.t.HelmChartContainer - [hivemq-test-hivemq-platform] [hivemq-platform-operator] [3d4445db] 04:05:27.535 [pool-6-thread-31] DEBUG c.h.p.o.d.PlatformServiceResource - [updatelo] Desired Platform services (3 services)
2025-01-30 04:05:27,539 INFO c.h.h.t.HelmChartContainer - [hivemq-test-hivemq-platform] [hivemq-platform-operator] [3d4445db] 04:05:27.537 [pool-6-thread-35] DEBUG c.h.p.o.dependants.PodInfoConfigMap - [updatelo] Desired PodInfo ConfigMap (1 extensions) (1 enabled)
2025-01-30 04:05:27,539 INFO c.h.h.t.HelmChartContainer - [hivemq-test-hivemq-platform] [hivemq-platform-operator] [3d4445db] 04:05:27.537 [pool-6-thread-35] DEBUG c.h.p.o.dependants.PodInfoConfigMap - [updatelo] Desired PodInfo ConfigMap (metrics port: 9399) (metrics path: /)
2025-01-30 04:05:27,539 INFO c.h.h.t.HelmChartContainer - [hivemq-test-hivemq-platform] [hivemq-platform-operator] [3d4445db] 04:05:27.537 [pool-6-thread-35] DEBUG c.h.p.o.dependants.PodInfoConfigMap - [updatelo] Desired PodInfo ConfigMap (extension state hash: -1817474005)
2025-01-30 04:05:27,540 INFO c.h.h.t.HelmChartContainer - [hivemq-test-hivemq-platform] [hivemq-platform-operator] [3d4445db] 04:05:27.538 [pool-6-thread-35] DEBUG c.h.p.o.dependants.PodInfoConfigMap - [updatelo] Update PodInfo ConfigMap
2025-01-30 04:05:27,541 INFO c.h.h.t.HelmChartContainer - [hivemq-test-hivemq-platform] [hivemq-platform-operator] [3d4445db] 04:05:27.540 [pool-6-thread-35] INFO  c.h.p.o.dependants.PodInfoConfigMap - [updatelo] Log level was updated, triggering set log level
2025-01-30 04:05:27,544 INFO c.h.h.t.HelmChartContainer - [hivemq-test-hivemq-platform] [hivemq-platform-operator] [3d4445db] 04:05:27.540 [pool-6-thread-34] DEBUG c.h.p.o.d.PodServiceAccountResource - [updatelo] Desired PodServiceAccountResource (serviceAccountName: hivemq-platform-pod-test-hivemq-platform)
2025-01-30 04:05:27,604 INFO c.h.h.t.HelmChartContainer - [hivemq-test-hivemq-platform] [hivemq-platform-operator] [3d4445db] 04:05:27.602 [pool-6-thread-36] DEBUG c.h.p.o.d.StatefulSetResource - [updatelo] Desired StatefulSet (2 replicas) for status RUNNING (READY)
2025-01-30 04:05:27,608 INFO c.h.h.t.HelmChartContainer - [hivemq-test-hivemq-platform] [hivemq-platform-operator] [3d4445db] 04:05:27.607 [pool-6-thread-36] DEBUG c.h.p.o.d.StatefulSetResource - [updatelo] Update StatefulSet (replicas: 1 -> 2)
2025-01-30 04:05:27,700 INFO c.h.h.t.HelmChartContainer - [hivemq-test-hivemq-platform] [hivemq-platform-operator] [3d4445db] 04:05:27.699 [pool-6-thread-36] INFO  c.h.p.o.d.StatefulSetResource - [updatelo] Replica count was updated, triggering scaling
2025-01-30 04:05:27,736 INFO c.h.h.t.HelmChartContainer - [POD] test-hivemq-platform-1 [59dfce82-5bb1-4d47-a385-3a5d8e070a29] in updateloglevelit was ADDED
2025-01-30 04:05:27,739 INFO c.h.h.t.HelmChartContainer - [EVENT] Normal [SuccessfulCreate] create Pod test-hivemq-platform-1 in StatefulSet test-hivemq-platform successful [updateloglevelit:test-hivemq-platform]
2025-01-30 04:05:27,741 DEBUG com.hivemq.helmcharts.util.K8sUtil - Comparing actual state 'RUNNING' and waiting for 'SET_LOG_LEVEL'
2025-01-30 04:05:27,748 INFO c.h.h.t.HelmChartContainer - [POD] test-hivemq-platform-1 [59dfce82-5bb1-4d47-a385-3a5d8e070a29] in updateloglevelit was MODIFIED
2025-01-30 04:05:27,748 INFO c.h.h.t.HelmChartContainer - [EVENT] Normal [Scheduled] Successfully assigned updateloglevelit/test-hivemq-platform-1 to f66bc3b5d801 [updateloglevelit:test-hivemq-platform-1]
2025-01-30 04:05:27,760 INFO c.h.h.t.HelmChartContainer - [POD] test-hivemq-platform-1 [59dfce82-5bb1-4d47-a385-3a5d8e070a29] in updateloglevelit was MODIFIED
2025-01-30 04:05:27,826 INFO c.h.h.t.HelmChartContainer - [K3S] [reconciler_common.go:251] "operationExecutor.VerifyControllerAttachedVolume started for volume \"kube-api-access-9l7vf\" (UniqueName: \"kubernetes.io/projected/59dfce82-5bb1-4d47-a385-3a5d8e070a29-kube-api-access-9l7vf\") pod \"test-hivemq-platform-1\" (UID: \"59dfce82-5bb1-4d47-a385-3a5d8e070a29\") " pod="updateloglevelit/test-hivemq-platform-1"
2025-01-30 04:05:27,826 INFO c.h.h.t.HelmChartContainer - [K3S] [reconciler_common.go:251] "operationExecutor.VerifyControllerAttachedVolume started for volume \"operator-init\" (UniqueName: \"kubernetes.io/empty-dir/59dfce82-5bb1-4d47-a385-3a5d8e070a29-operator-init\") pod \"test-hivemq-platform-1\" (UID: \"59dfce82-5bb1-4d47-a385-3a5d8e070a29\") " pod="updateloglevelit/test-hivemq-platform-1"
2025-01-30 04:05:27,826 INFO c.h.h.t.HelmChartContainer - [K3S] [reconciler_common.go:251] "operationExecutor.VerifyControllerAttachedVolume started for volume \"pod-info\" (UniqueName: \"kubernetes.io/configmap/59dfce82-5bb1-4d47-a385-3a5d8e070a29-pod-info\") pod \"test-hivemq-platform-1\" (UID: \"59dfce82-5bb1-4d47-a385-3a5d8e070a29\") " pod="updateloglevelit/test-hivemq-platform-1"
2025-01-30 04:05:27,826 INFO c.h.h.t.HelmChartContainer - [K3S] [reconciler_common.go:251] "operationExecutor.VerifyControllerAttachedVolume started for volume \"broker-configuration\" (UniqueName: \"kubernetes.io/configmap/59dfce82-5bb1-4d47-a385-3a5d8e070a29-broker-configuration\") pod \"test-hivemq-platform-1\" (UID: \"59dfce82-5bb1-4d47-a385-3a5d8e070a29\") " pod="updateloglevelit/test-hivemq-platform-1"
2025-01-30 04:05:27,826 INFO c.h.h.t.HelmChartContainer - [hivemq-test-hivemq-platform] [hivemq-platform-operator] [3d4445db] 04:05:27.824 [ReconcilerExecutor-hivemq-controller-116] INFO  c.h.p.o.HiveMQPlatformReconciler - [updatelo] Reconciling HiveMQ Platform 'test-hivemq-platform' in namespace 'updateloglevelit'
2025-01-30 04:05:27,826 INFO c.h.h.t.HelmChartContainer - [hivemq-test-hivemq-platform] [hivemq-platform-operator] [3d4445db] 04:05:27.824 [ReconcilerExecutor-hivemq-controller-116] DEBUG c.h.p.o.HiveMQPlatformReconciler - [updatelo] Custom Resource Status RUNNING - HiveMQ Platform is ready (READY) (reconciliation requests: REQUESTS_UPDATED, SCALING, SET_LOG_LEVEL)
2025-01-30 04:05:27,826 INFO c.h.h.t.HelmChartContainer - [hivemq-test-hivemq-platform] [hivemq-platform-operator] [3d4445db] 04:05:27.824 [ReconcilerExecutor-hivemq-controller-116] DEBUG c.h.p.o.HiveMQPlatformReconciler - [updatelo] Custom Resource Spec (replicas: 2) (extensions: 1)
2025-01-30 04:05:27,830 INFO c.h.h.t.HelmChartContainer - [hivemq-test-hivemq-platform] [hivemq-platform-operator] [3d4445db] 04:05:27.829 [ReconcilerExecutor-hivemq-controller-116] DEBUG c.h.p.o.HiveMQPlatformReconciler - [updatelo] StatefulSet Status (revision: test-hivemq-platform-b697f795f, replicas: 2, available: 1, ready: 1, current: 2, updated: 2)
2025-01-30 04:05:27,830 INFO c.h.h.t.HelmChartContainer - [hivemq-test-hivemq-platform] [hivemq-platform-operator] [3d4445db] 04:05:27.829 [ReconcilerExecutor-hivemq-controller-116] DEBUG c.h.p.o.HiveMQPlatformReconciler - [updatelo] StatefulSet Spec (replicas: 2, init containers: 1, containers: 1, volumes: 3)
2025-01-30 04:05:27,831 INFO c.h.h.t.HelmChartContainer - [hivemq-test-hivemq-platform] [hivemq-platform-operator] [3d4445db] 04:05:27.830 [ReconcilerExecutor-hivemq-controller-116] DEBUG c.h.p.o.h.HiveMQPlatformReconcilerErrorHandler - [updatelo] Pod 'test-hivemq-platform-1' phase Pending
2025-01-30 04:05:27,831 INFO c.h.h.t.HelmChartContainer - [hivemq-test-hivemq-platform] [hivemq-platform-operator] [3d4445db] 04:05:27.830 [ReconcilerExecutor-hivemq-controller-116] DEBUG c.h.p.o.h.HiveMQPlatformReconcilerErrorHandler - [updatelo] Pod 'test-hivemq-platform-1' condition 'PodReadyToStartContainers': False
2025-01-30 04:05:27,831 INFO c.h.h.t.HelmChartContainer - [hivemq-test-hivemq-platform] [hivemq-platform-operator] [3d4445db] 04:05:27.830 [ReconcilerExecutor-hivemq-controller-116] DEBUG c.h.p.o.h.HiveMQPlatformReconcilerErrorHandler - [updatelo] Pod 'test-hivemq-platform-1' condition 'Initialized': False
2025-01-30 04:05:27,831 INFO c.h.h.t.HelmChartContainer - [hivemq-test-hivemq-platform] [hivemq-platform-operator] [3d4445db] 04:05:27.830 [ReconcilerExecutor-hivemq-controller-116] DEBUG c.h.p.o.h.HiveMQPlatformReconcilerErrorHandler - [updatelo] Pod 'test-hivemq-platform-1' condition 'Ready': False
2025-01-30 04:05:27,832 INFO c.h.h.t.HelmChartContainer - [hivemq-test-hivemq-platform] [hivemq-platform-operator] [3d4445db] 04:05:27.830 [ReconcilerExecutor-hivemq-controller-116] DEBUG c.h.p.o.h.HiveMQPlatformReconcilerErrorHandler - [updatelo] Pod 'test-hivemq-platform-1' condition 'ContainersReady': False
2025-01-30 04:05:27,832 INFO c.h.h.t.HelmChartContainer - [hivemq-test-hivemq-platform] [hivemq-platform-operator] [3d4445db] 04:05:27.830 [ReconcilerExecutor-hivemq-controller-116] DEBUG c.h.p.o.h.HiveMQPlatformReconcilerErrorHandler - [updatelo] Pod 'test-hivemq-platform-1' condition 'PodScheduled': True
2025-01-30 04:05:27,832 INFO c.h.h.t.HelmChartContainer - [hivemq-test-hivemq-platform] [hivemq-platform-operator] [3d4445db] 04:05:27.831 [ReconcilerExecutor-hivemq-controller-116] DEBUG c.h.p.o.h.HiveMQPlatformReconcilerErrorHandler - [updatelo] Pod 'test-hivemq-platform-1' containerStatus 'hivemq' (started: false) (ready: false) (waiting: [PodInitializing] null)
2025-01-30 04:05:27,833 INFO c.h.h.t.HelmChartContainer - [hivemq-test-hivemq-platform] [hivemq-platform-operator] [3d4445db] 04:05:27.832 [ReconcilerExecutor-hivemq-controller-116] DEBUG c.h.p.o.h.HiveMQPlatformReconcilerErrorHandler - [updatelo] Pod 'test-hivemq-platform-0' phase Running
2025-01-30 04:05:27,900 INFO c.h.h.t.HelmChartContainer - [hivemq-test-hivemq-platform] [hivemq-platform-operator] [3d4445db] 04:05:27.899 [ReconcilerExecutor-hivemq-controller-116] INFO  c.h.p.o.h.HiveMQPlatformReconcilerBaseHandler - [updatelo] Started update of log level (changing to WARN)
2025-01-30 04:05:28,003 INFO c.h.h.t.HelmChartContainer - [hivemq-test-hivemq-platform] [hivemq-platform-operator] [3d4445db] 04:05:28.002 [ReconcilerExecutor-hivemq-controller-116] DEBUG c.h.p.operator.event.EventSender - [updatelo] Creating K8s event set-log-level-started: [SetLogLevel] HiveMQ Platform is updating the log level to WARN
2025-01-30 04:05:28,007 INFO c.h.h.t.HelmChartContainer - [EVENT] Normal [SetLogLevel] HiveMQ Platform is updating the log level to WARN [updateloglevelit:test-hivemq-platform]
2025-01-30 04:05:28,008 INFO c.h.h.t.HelmChartContainer - [hivemq-test-hivemq-platform] [hivemq-platform-operator] [3d4445db] 04:05:28.007 [ReconcilerExecutor-hivemq-controller-116] INFO  c.h.p.o.h.AbstractHiveMQReconcilerStateHandler - [updatelo] Update HiveMQ Platform Status (RUNNING [READY] -> SET_LOG_LEVEL [SET_LOG_LEVEL]): HiveMQ Platform is updating the log level to WARN (reconciliation requests: SCALING)
2025-01-30 04:05:28,016 DEBUG com.hivemq.helmcharts.util.K8sUtil - Comparing actual state 'SET_LOG_LEVEL' and waiting for 'SET_LOG_LEVEL'
2025-01-30 04:05:28,019 DEBUG com.hivemq.helmcharts.util.K8sUtil - Comparing actual state 'SET_LOG_LEVEL' and waiting for 'RUNNING'
2025-01-30 04:05:28,029 INFO c.h.h.t.HelmChartContainer - [hivemq-test-hivemq-platform] [hivemq-platform-operator] [3d4445db] 04:05:28.027 [pool-6-thread-45] DEBUG c.h.p.o.d.PlatformServiceResource - [updatelo] Desired Platform services (3 services)
2025-01-30 04:05:28,030 INFO c.h.h.t.HelmChartContainer - [hivemq-test-hivemq-platform] [hivemq-platform-operator] [3d4445db] 04:05:28.028 [pool-6-thread-47] DEBUG c.h.p.o.d.PodServiceAccountResource - [updatelo] Desired PodServiceAccountResource (serviceAccountName: hivemq-platform-pod-test-hivemq-platform)
2025-01-30 04:05:28,105 INFO c.h.h.t.HelmChartContainer - [hivemq-test-hivemq-platform] [hivemq-platform-operator] [3d4445db] 04:05:28.099 [pool-6-thread-44] DEBUG c.h.p.o.dependants.PodInfoConfigMap - [updatelo] Desired PodInfo ConfigMap (1 extensions) (1 enabled)
2025-01-30 04:05:28,105 INFO c.h.h.t.HelmChartContainer - [hivemq-test-hivemq-platform] [hivemq-platform-operator] [3d4445db] 04:05:28.099 [pool-6-thread-44] DEBUG c.h.p.o.dependants.PodInfoConfigMap - [updatelo] Desired PodInfo ConfigMap (metrics port: 9399) (metrics path: /)
2025-01-30 04:05:28,105 INFO c.h.h.t.HelmChartContainer - [hivemq-test-hivemq-platform] [hivemq-platform-operator] [3d4445db] 04:05:28.099 [pool-6-thread-44] DEBUG c.h.p.o.dependants.PodInfoConfigMap - [updatelo] Desired PodInfo ConfigMap (extension state hash: -1817474005)
2025-01-30 04:05:28,105 INFO c.h.h.t.HelmChartContainer - [hivemq-test-hivemq-platform] [hivemq-platform-operator] [3d4445db] 04:05:28.100 [pool-6-thread-44] DEBUG c.h.p.o.dependants.PodInfoConfigMap - [updatelo] Update PodInfo ConfigMap
2025-01-30 04:05:28,128 INFO c.h.h.t.HelmChartContainer - [hivemq-test-hivemq-platform] [hivemq-platform-operator] [3d4445db] 04:05:28.125 [pool-6-thread-44] DEBUG c.h.p.o.d.StatefulSetResource - [updatelo] Desired StatefulSet (2 replicas) for status SET_LOG_LEVEL (SET_LOG_LEVEL)
2025-01-30 04:05:28,132 INFO c.h.h.t.HelmChartContainer - [hivemq-test-hivemq-platform] [hivemq-platform-operator] [3d4445db] 04:05:28.130 [ReconcilerExecutor-hivemq-controller-117] INFO  c.h.p.o.HiveMQPlatformReconciler - [updatelo] Reconciling HiveMQ Platform 'test-hivemq-platform' in namespace 'updateloglevelit'
2025-01-30 04:05:28,132 INFO c.h.h.t.HelmChartContainer - [hivemq-test-hivemq-platform] [hivemq-platform-operator] [3d4445db] 04:05:28.130 [ReconcilerExecutor-hivemq-controller-117] DEBUG c.h.p.o.HiveMQPlatformReconciler - [updatelo] Custom Resource Status SET_LOG_LEVEL - HiveMQ Platform is updating the log level to WARN (SET_LOG_LEVEL) (reconciliation requests: SCALING)
2025-01-30 04:05:28,132 INFO c.h.h.t.HelmChartContainer - [hivemq-test-hivemq-platform] [hivemq-platform-operator] [3d4445db] 04:05:28.130 [ReconcilerExecutor-hivemq-controller-117] DEBUG c.h.p.o.HiveMQPlatformReconciler - [updatelo] Custom Resource Spec (replicas: 2) (extensions: 1)
2025-01-30 04:05:28,153 INFO c.h.h.t.HelmChartContainer - [EVENT] Normal [Pulled] Container image "docker.io/hivemq/hivemq-platform-operator-init-test:snapshot" already present on machine [updateloglevelit:test-hivemq-platform-1]
2025-01-30 04:05:28,160 INFO c.h.h.t.HelmChartContainer - [EVENT] Normal [Created] Created container: hivemq-platform-operator-init [updateloglevelit:test-hivemq-platform-1]
2025-01-30 04:05:28,200 INFO c.h.h.t.HelmChartContainer - [EVENT] Normal [Started] Started container hivemq-platform-operator-init [updateloglevelit:test-hivemq-platform-1]
2025-01-30 04:05:28,204 INFO c.h.h.t.HelmChartContainer - [hivemq-test-hivemq-platform] [hivemq-platform-operator] [3d4445db] 04:05:28.201 [ReconcilerExecutor-hivemq-controller-117] DEBUG c.h.p.o.HiveMQPlatformReconciler - [updatelo] StatefulSet Status (revision: test-hivemq-platform-b697f795f, replicas: 2, available: 1, ready: 1, current: 2, updated: 2)
2025-01-30 04:05:28,204 INFO c.h.h.t.HelmChartContainer - [hivemq-test-hivemq-platform] [hivemq-platform-operator] [3d4445db] 04:05:28.202 [ReconcilerExecutor-hivemq-controller-117] DEBUG c.h.p.o.HiveMQPlatformReconciler - [updatelo] StatefulSet Spec (replicas: 2, init containers: 1, containers: 1, volumes: 3)
2025-01-30 04:05:28,206 INFO c.h.h.t.HelmChartContainer - [hivemq-test-hivemq-platform] [hivemq-platform-operator] [3d4445db] 04:05:28.204 [ReconcilerExecutor-hivemq-controller-117] DEBUG c.h.p.o.h.HiveMQPlatformReconcilerErrorHandler - [updatelo] Pod 'test-hivemq-platform-1' phase Pending
2025-01-30 04:05:28,206 INFO c.h.h.t.HelmChartContainer - [hivemq-test-hivemq-platform] [hivemq-platform-operator] [3d4445db] 04:05:28.205 [ReconcilerExecutor-hivemq-controller-117] DEBUG c.h.p.o.h.HiveMQPlatformReconcilerErrorHandler - [updatelo] Pod 'test-hivemq-platform-1' condition 'PodReadyToStartContainers': False
2025-01-30 04:05:28,208 INFO c.h.h.t.HelmChartContainer - [hivemq-test-hivemq-platform] [hivemq-platform-operator] [3d4445db] 04:05:28.205 [ReconcilerExecutor-hivemq-controller-117] DEBUG c.h.p.o.h.HiveMQPlatformReconcilerErrorHandler - [updatelo] Pod 'test-hivemq-platform-1' condition 'Initialized': False
2025-01-30 04:05:28,209 INFO c.h.h.t.HelmChartContainer - [hivemq-test-hivemq-platform] [hivemq-platform-operator] [3d4445db] 04:05:28.205 [ReconcilerExecutor-hivemq-controller-117] DEBUG c.h.p.o.h.HiveMQPlatformReconcilerErrorHandler - [updatelo] Pod 'test-hivemq-platform-1' condition 'Ready': False
2025-01-30 04:05:28,209 INFO c.h.h.t.HelmChartContainer - [hivemq-test-hivemq-platform] [hivemq-platform-operator] [3d4445db] 04:05:28.205 [ReconcilerExecutor-hivemq-controller-117] DEBUG c.h.p.o.h.HiveMQPlatformReconcilerErrorHandler - [updatelo] Pod 'test-hivemq-platform-1' condition 'ContainersReady': False
2025-01-30 04:05:28,209 INFO c.h.h.t.HelmChartContainer - [hivemq-test-hivemq-platform] [hivemq-platform-operator] [3d4445db] 04:05:28.205 [ReconcilerExecutor-hivemq-controller-117] DEBUG c.h.p.o.h.HiveMQPlatformReconcilerErrorHandler - [updatelo] Pod 'test-hivemq-platform-1' condition 'PodScheduled': True
2025-01-30 04:05:28,209 INFO c.h.h.t.HelmChartContainer - [hivemq-test-hivemq-platform] [hivemq-platform-operator] [3d4445db] 04:05:28.205 [ReconcilerExecutor-hivemq-controller-117] DEBUG c.h.p.o.h.HiveMQPlatformReconcilerErrorHandler - [updatelo] Pod 'test-hivemq-platform-1' containerStatus 'hivemq' (started: false) (ready: false) (waiting: [PodInitializing] null)
2025-01-30 04:05:28,209 INFO c.h.h.t.HelmChartContainer - [hivemq-test-hivemq-platform] [hivemq-platform-operator] [3d4445db] 04:05:28.207 [ReconcilerExecutor-hivemq-controller-117] DEBUG c.h.p.o.h.HiveMQPlatformReconcilerErrorHandler - [updatelo] Pod 'test-hivemq-platform-0' phase Running
2025-01-30 04:05:28,303 INFO c.h.h.t.HelmChartContainer - [hivemq-test-hivemq-platform] [hivemq-platform-operator] [3d4445db] 04:05:28.300 [ReconcilerExecutor-hivemq-controller-117] DEBUG c.h.p.o.h.HiveMQPlatformReconcilerSetLogLevelHandler - [updatelo] Setting log level on Pod 'test-hivemq-platform-1'
2025-01-30 04:05:28,303 INFO c.h.h.t.HelmChartContainer - [hivemq-test-hivemq-platform] [hivemq-platform-operator] [3d4445db] 04:05:28.301 [ForkJoinPool.commonPool-worker-1] DEBUG c.h.p.o.h.HiveMQPlatformReconcilerSetLogLevelHandler - [updatelo] Setting log level on Pod 'test-hivemq-platform-0'
2025-01-30 04:05:28,323 INFO c.h.h.t.HelmChartContainer - [hivemq-test-hivemq-platform] [hivemq-platform-operator] [3d4445db] 04:05:28.322 [ReconcilerExecutor-hivemq-controller-117] DEBUG c.h.platform.operator.util.PodUtil - Pod 'test-hivemq-platform-1' is not running
2025-01-30 04:05:28,328 INFO c.h.h.t.HelmChartContainer - [hivemq-test-hivemq-platform] [hivemq-platform-operator] [3d4445db] 04:05:28.324 [ReconcilerExecutor-hivemq-controller-117] ERROR i.j.o.p.event.EventProcessor - Error during event processing ExecutionScope{ resource id: ResourceID{name='test-hivemq-platform', namespace='updateloglevelit'}, version: 1256}
2025-01-30 04:05:28,329 INFO c.h.h.t.HelmChartContainer - [hivemq-test-hivemq-platform] [hivemq-platform-operator] [3d4445db] io.javaoperatorsdk.operator.OperatorException: java.lang.IllegalStateException: Pod 'test-hivemq-platform-1' in namespace 'updateloglevelit' is not running, cannot execute command '[curl, -s, http://null:7979/setLogLevel?level=WARN]'
2025-01-30 04:05:28,329 INFO c.h.h.t.HelmChartContainer - [hivemq-test-hivemq-platform] [hivemq-platform-operator] [3d4445db] 	at io.javaoperatorsdk.operator.monitoring.micrometer.MicrometerMetrics.lambda$timeControllerExecution$0(MicrometerMetrics.java:165)
2025-01-30 04:05:28,329 INFO c.h.h.t.HelmChartContainer - [hivemq-test-hivemq-platform] [hivemq-platform-operator] [3d4445db] 	at io.micrometer.core.instrument.AbstractTimer.record(AbstractTimer.java:190)
2025-01-30 04:05:28,329 INFO c.h.h.t.HelmChartContainer - [hivemq-test-hivemq-platform] [hivemq-platform-operator] [3d4445db] 	at io.javaoperatorsdk.operator.monitoring.micrometer.MicrometerMetrics.timeControllerExecution(MicrometerMetrics.java:161)
2025-01-30 04:05:28,329 INFO c.h.h.t.HelmChartContainer - [hivemq-test-hivemq-platform] [hivemq-platform-operator] [3d4445db] 	at io.javaoperatorsdk.operator.processing.Controller.reconcile(Controller.java:109)
2025-01-30 04:05:28,329 INFO c.h.h.t.HelmChartContainer - [hivemq-test-hivemq-platform] [hivemq-platform-operator] [3d4445db] 	at io.javaoperatorsdk.operator.processing.event.ReconciliationDispatcher.reconcileExecution(ReconciliationDispatcher.java:136)
2025-01-30 04:05:28,329 INFO c.h.h.t.HelmChartContainer - [hivemq-test-hivemq-platform] [hivemq-platform-operator] [3d4445db] 	at io.javaoperatorsdk.operator.processing.event.ReconciliationDispatcher.handleReconcile(ReconciliationDispatcher.java:117)
2025-01-30 04:05:28,329 INFO c.h.h.t.HelmChartContainer - [hivemq-test-hivemq-platform] [hivemq-platform-operator] [3d4445db] 	at io.javaoperatorsdk.operator.processing.event.ReconciliationDispatcher.handleDispatch(ReconciliationDispatcher.java:91)
2025-01-30 04:05:28,329 INFO c.h.h.t.HelmChartContainer - [hivemq-test-hivemq-platform] [hivemq-platform-operator] [3d4445db] 	at io.javaoperatorsdk.operator.processing.event.ReconciliationDispatcher.handleExecution(ReconciliationDispatcher.java:64)
2025-01-30 04:05:28,329 INFO c.h.h.t.HelmChartContainer - [hivemq-test-hivemq-platform] [hivemq-platform-operator] [3d4445db] 	at io.javaoperatorsdk.operator.processing.event.EventProcessor$ReconcilerExecutor.run(EventProcessor.java:452)
2025-01-30 04:05:28,329 INFO c.h.h.t.HelmChartContainer - [hivemq-test-hivemq-platform] [hivemq-platform-operator] [3d4445db] 	at java.base/java.util.concurrent.ThreadPoolExecutor.runWorker(Unknown Source)
2025-01-30 04:05:28,329 INFO c.h.h.t.HelmChartContainer - [hivemq-test-hivemq-platform] [hivemq-platform-operator] [3d4445db] 	at java.base/java.util.concurrent.ThreadPoolExecutor$Worker.run(Unknown Source)
2025-01-30 04:05:28,329 INFO c.h.h.t.HelmChartContainer - [hivemq-test-hivemq-platform] [hivemq-platform-operator] [3d4445db] 	at java.base/java.lang.Thread.run(Unknown Source)
2025-01-30 04:05:28,329 INFO c.h.h.t.HelmChartContainer - [hivemq-test-hivemq-platform] [hivemq-platform-operator] [3d4445db] Caused by: java.lang.IllegalStateException: Pod 'test-hivemq-platform-1' in namespace 'updateloglevelit' is not running, cannot execute command '[curl, -s, http://null:7979/setLogLevel?level=WARN]'
2025-01-30 04:05:28,329 INFO c.h.h.t.HelmChartContainer - [hivemq-test-hivemq-platform] [hivemq-platform-operator] [3d4445db] 	at com.hivemq.platform.operator.util.PodUtil.execute(PodUtil.java:74)
2025-01-30 04:05:28,329 INFO c.h.h.t.HelmChartContainer - [hivemq-test-hivemq-platform] [hivemq-platform-operator] [3d4445db] 	at com.hivemq.platform.operator.util.RestApiUtil.lambda$callRestApi$1(RestApiUtil.java:44)
2025-01-30 04:05:28,330 INFO c.h.h.t.HelmChartContainer - [hivemq-test-hivemq-platform] [hivemq-platform-operator] [3d4445db] 	at java.base/java.util.stream.ForEachOps$ForEachOp$OfRef.accept(Unknown Source)
2025-01-30 04:05:28,330 INFO c.h.h.t.HelmChartContainer - [hivemq-test-hivemq-platform] [hivemq-platform-operator] [3d4445db] 	at java.base/java.util.stream.ReferencePipeline$2$1.accept(Unknown Source)
2025-01-30 04:05:28,330 INFO c.h.h.t.HelmChartContainer - [hivemq-test-hivemq-platform] [hivemq-platform-operator] [3d4445db] 	at java.base/java.util.ArrayList$ArrayListSpliterator.forEachRemaining(Unknown Source)
2025-01-30 04:05:28,330 INFO c.h.h.t.HelmChartContainer - [hivemq-test-hivemq-platform] [hivemq-platform-operator] [3d4445db] 	at java.base/java.util.stream.AbstractPipeline.copyInto(Unknown Source)
2025-01-30 04:05:28,330 INFO c.h.h.t.HelmChartContainer - [hivemq-test-hivemq-platform] [hivemq-platform-operator] [3d4445db] 	at java.base/java.util.stream.ForEachOps$ForEachTask.compute(Unknown Source)
2025-01-30 04:05:28,330 INFO c.h.h.t.HelmChartContainer - [hivemq-test-hivemq-platform] [hivemq-platform-operator] [3d4445db] 	at java.base/java.util.concurrent.CountedCompleter.exec(Unknown Source)
2025-01-30 04:05:28,330 INFO c.h.h.t.HelmChartContainer - [hivemq-test-hivemq-platform] [hivemq-platform-operator] [3d4445db] 	at java.base/java.util.concurrent.ForkJoinTask.doExec(Unknown Source)
2025-01-30 04:05:28,330 INFO c.h.h.t.HelmChartContainer - [hivemq-test-hivemq-platform] [hivemq-platform-operator] [3d4445db] 	at java.base/java.util.concurrent.ForkJoinTask.invoke(Unknown Source)
2025-01-30 04:05:28,330 INFO c.h.h.t.HelmChartContainer - [hivemq-test-hivemq-platform] [hivemq-platform-operator] [3d4445db] 	at java.base/java.util.stream.ForEachOps$ForEachOp.evaluateParallel(Unknown Source)
2025-01-30 04:05:28,330 INFO c.h.h.t.HelmChartContainer - [hivemq-test-hivemq-platform] [hivemq-platform-operator] [3d4445db] 	at java.base/java.util.stream.ForEachOps$ForEachOp$OfRef.evaluateParallel(Unknown Source)
2025-01-30 04:05:28,330 INFO c.h.h.t.HelmChartContainer - [hivemq-test-hivemq-platform] [hivemq-platform-operator] [3d4445db] 	at java.base/java.util.stream.AbstractPipeline.evaluate(Unknown Source)
2025-01-30 04:05:28,330 INFO c.h.h.t.HelmChartContainer - [hivemq-test-hivemq-platform] [hivemq-platform-operator] [3d4445db] 	at java.base/java.util.stream.ReferencePipeline.forEach(Unknown Source)
2025-01-30 04:05:28,330 INFO c.h.h.t.HelmChartContainer - [hivemq-test-hivemq-platform] [hivemq-platform-operator] [3d4445db] 	at com.hivemq.platform.operator.util.RestApiUtil.callRestApi(RestApiUtil.java:40)
2025-01-30 04:05:28,330 INFO c.h.h.t.HelmChartContainer - [hivemq-test-hivemq-platform] [hivemq-platform-operator] [3d4445db] 	at com.hivemq.platform.operator.http.RestApiService.callRestApi(RestApiService.java:63)
2025-01-30 04:05:28,330 INFO c.h.h.t.HelmChartContainer - [hivemq-test-hivemq-platform] [hivemq-platform-operator] [3d4445db] 	at com.hivemq.platform.operator.handler.HiveMQPlatformReconcilerSetLogLevelHandler.handleSetLogLevel(HiveMQPlatformReconcilerSetLogLevelHandler.java:49)
2025-01-30 04:05:28,330 INFO c.h.h.t.HelmChartContainer - [hivemq-test-hivemq-platform] [hivemq-platform-operator] [3d4445db] 	at com.hivemq.platform.operator.HiveMQPlatformReconciler.reconcile(HiveMQPlatformReconciler.java:243)
2025-01-30 04:05:28,330 INFO c.h.h.t.HelmChartContainer - [hivemq-test-hivemq-platform] [hivemq-platform-operator] [3d4445db] 	at com.hivemq.platform.operator.HiveMQPlatformReconciler.reconcile(HiveMQPlatformReconciler.java:227)
2025-01-30 04:05:28,330 INFO c.h.h.t.HelmChartContainer - [hivemq-test-hivemq-platform] [hivemq-platform-operator] [3d4445db] 	at com.hivemq.platform.operator.HiveMQPlatformReconciler.reconcile(HiveMQPlatformReconciler.java:71)
2025-01-30 04:05:28,330 INFO c.h.h.t.HelmChartContainer - [hivemq-test-hivemq-platform] [hivemq-platform-operator] [3d4445db] 	at io.javaoperatorsdk.operator.processing.Controller$1.execute(Controller.java:149)
2025-01-30 04:05:28,330 INFO c.h.h.t.HelmChartContainer - [hivemq-test-hivemq-platform] [hivemq-platform-operator] [3d4445db] 	at io.javaoperatorsdk.operator.processing.Controller$1.execute(Controller.java:110)
2025-01-30 04:05:28,330 INFO c.h.h.t.HelmChartContainer - [hivemq-test-hivemq-platform] [hivemq-platform-operator] [3d4445db] 	at io.javaoperatorsdk.operator.monitoring.micrometer.MicrometerMetrics.lambda$timeControllerExecution$0(MicrometerMetrics.java:163)
2025-01-30 04:05:28,330 INFO c.h.h.t.HelmChartContainer - [hivemq-test-hivemq-platform] [hivemq-platform-operator] [3d4445db] 	... 11 common frames omitted
2025-01-30 04:05:28,546 INFO c.h.h.t.HelmChartContainer - [test-hivemq-platform] [hivemq] [f951c347] INFO  - [HiveMQ Platform Operator Init App 1.7.0-SNAPSHOT] Set log level from ${HIVEMQ_LOG_LEVEL:-INFO} to WARN in logback.xml file
2025-01-30 04:05:28,557 INFO c.h.h.t.HelmChartContainer - [hivemq-test-hivemq-platform] [hivemq-platform-operator] [3d4445db] 04:05:28.556 [vert.x-eventloop-thread-1] DEBUG c.h.platform.operator.util.PodUtil - Received status for command '[curl, -s, http://10.42.0.12:7979/setLogLevel?level=WARN]' on Pod 'test-hivemq-platform-0' (exit code: 0)
2025-01-30 04:05:28,618 INFO c.h.h.t.HelmChartContainer - [EVENT] Normal [Pulled] Container image "docker.io/hivemq/hivemq4:4.36.0" already present on machine [updateloglevelit:test-hivemq-platform-1]
2025-01-30 04:05:28,618 INFO c.h.h.t.HelmChartContainer - Received Pulled event for container hivemq in pod test-hivemq-platform-1 [59dfce82-5bb1-4d47-a385-3a5d8e070a29]
2025-01-30 04:05:28,637 INFO c.h.h.t.HelmChartContainer - [POD] test-hivemq-platform-1 [59dfce82-5bb1-4d47-a385-3a5d8e070a29] in updateloglevelit was MODIFIED
2025-01-30 04:05:28,652 INFO c.h.h.t.HelmChartContainer - [hivemq-test-hivemq-platform] [hivemq-platform-operator] [3d4445db] 04:05:28.642 [pool-6-thread-4] DEBUG c.h.p.o.d.PlatformServiceResource - [updatelo] Desired Platform services (3 services)
2025-01-30 04:05:28,652 INFO c.h.h.t.HelmChartContainer - [hivemq-test-hivemq-platform] [hivemq-platform-operator] [3d4445db] 04:05:28.643 [pool-6-thread-2] DEBUG c.h.p.o.d.PodServiceAccountResource - [updatelo] Desired PodServiceAccountResource (serviceAccountName: hivemq-platform-pod-test-hivemq-platform)
2025-01-30 04:05:28,662 INFO c.h.h.t.HelmChartContainer - [EVENT] Normal [Created] Created container: hivemq [updateloglevelit:test-hivemq-platform-1]
2025-01-30 04:05:28,662 INFO c.h.h.t.HelmChartContainer - Received Created event for container hivemq in pod test-hivemq-platform-1 [59dfce82-5bb1-4d47-a385-3a5d8e070a29]
2025-01-30 04:05:28,664 INFO c.h.h.t.HelmChartContainer - [hivemq-test-hivemq-platform] [hivemq-platform-operator] [3d4445db] 04:05:28.654 [pool-6-thread-9] DEBUG c.h.p.o.dependants.PodInfoConfigMap - [updatelo] Desired PodInfo ConfigMap (1 extensions) (1 enabled)
2025-01-30 04:05:28,668 INFO c.h.h.t.HelmChartContainer - [hivemq-test-hivemq-platform] [hivemq-platform-operator] [3d4445db] 04:05:28.656 [pool-6-thread-9] DEBUG c.h.p.o.dependants.PodInfoConfigMap - [updatelo] Desired PodInfo ConfigMap (metrics port: 9399) (metrics path: /)
2025-01-30 04:05:28,668 INFO c.h.h.t.HelmChartContainer - [hivemq-test-hivemq-platform] [hivemq-platform-operator] [3d4445db] 04:05:28.658 [pool-6-thread-9] DEBUG c.h.p.o.dependants.PodInfoConfigMap - [updatelo] Desired PodInfo ConfigMap (extension state hash: -1817474005)
2025-01-30 04:05:28,668 INFO c.h.h.t.HelmChartContainer - [hivemq-test-hivemq-platform] [hivemq-platform-operator] [3d4445db] 04:05:28.660 [pool-6-thread-9] DEBUG c.h.p.o.d.StatefulSetResource - [updatelo] Desired StatefulSet (2 replicas) for status SET_LOG_LEVEL (SET_LOG_LEVEL)
2025-01-30 04:05:28,724 INFO c.h.h.t.HelmChartContainer - [hivemq-test-hivemq-platform] [hivemq-platform-operator] [3d4445db] 04:05:28.723 [ReconcilerExecutor-hivemq-controller-120] INFO  c.h.p.o.HiveMQPlatformReconciler - [updatelo] Reconciling HiveMQ Platform 'test-hivemq-platform' in namespace 'updateloglevelit'
2025-01-30 04:05:28,724 INFO c.h.h.t.HelmChartContainer - [hivemq-test-hivemq-platform] [hivemq-platform-operator] [3d4445db] 04:05:28.723 [ReconcilerExecutor-hivemq-controller-120] DEBUG c.h.p.o.HiveMQPlatformReconciler - [updatelo] Custom Resource Status SET_LOG_LEVEL - HiveMQ Platform is updating the log level to WARN (SET_LOG_LEVEL) (reconciliation requests: SCALING)
2025-01-30 04:05:28,724 INFO c.h.h.t.HelmChartContainer - [hivemq-test-hivemq-platform] [hivemq-platform-operator] [3d4445db] 04:05:28.723 [ReconcilerExecutor-hivemq-controller-120] DEBUG c.h.p.o.HiveMQPlatformReconciler - [updatelo] Custom Resource Spec (replicas: 2) (extensions: 1)
2025-01-30 04:05:28,728 INFO c.h.h.t.HelmChartContainer - [hivemq-test-hivemq-platform] [hivemq-platform-operator] [3d4445db] 04:05:28.726 [ReconcilerExecutor-hivemq-controller-120] DEBUG c.h.p.o.HiveMQPlatformReconciler - [updatelo] StatefulSet Status (revision: test-hivemq-platform-b697f795f, replicas: 2, available: 1, ready: 1, current: 2, updated: 2)
2025-01-30 04:05:28,730 INFO c.h.h.t.HelmChartContainer - [hivemq-test-hivemq-platform] [hivemq-platform-operator] [3d4445db] 04:05:28.726 [ReconcilerExecutor-hivemq-controller-120] DEBUG c.h.p.o.HiveMQPlatformReconciler - [updatelo] StatefulSet Spec (replicas: 2, init containers: 1, containers: 1, volumes: 3)
2025-01-30 04:05:28,731 INFO c.h.h.t.HelmChartContainer - [hivemq-test-hivemq-platform] [hivemq-platform-operator] [3d4445db] 04:05:28.728 [ReconcilerExecutor-hivemq-controller-120] DEBUG c.h.p.o.h.HiveMQPlatformReconcilerErrorHandler - [updatelo] Pod 'test-hivemq-platform-1' phase Pending
2025-01-30 04:05:28,733 INFO c.h.h.t.HelmChartContainer - [hivemq-test-hivemq-platform] [hivemq-platform-operator] [3d4445db] 04:05:28.728 [ReconcilerExecutor-hivemq-controller-120] DEBUG c.h.p.o.h.HiveMQPlatformReconcilerErrorHandler - [updatelo] Pod 'test-hivemq-platform-1' condition 'PodReadyToStartContainers': True
2025-01-30 04:05:28,734 INFO c.h.h.t.HelmChartContainer - [hivemq-test-hivemq-platform] [hivemq-platform-operator] [3d4445db] 04:05:28.728 [ReconcilerExecutor-hivemq-controller-120] DEBUG c.h.p.o.h.HiveMQPlatformReconcilerErrorHandler - [updatelo] Pod 'test-hivemq-platform-1' condition 'Initialized': True
2025-01-30 04:05:28,735 INFO c.h.h.t.HelmChartContainer - [hivemq-test-hivemq-platform] [hivemq-platform-operator] [3d4445db] 04:05:28.728 [ReconcilerExecutor-hivemq-controller-120] DEBUG c.h.p.o.h.HiveMQPlatformReconcilerErrorHandler - [updatelo] Pod 'test-hivemq-platform-1' condition 'Ready': False
2025-01-30 04:05:28,736 INFO c.h.h.t.HelmChartContainer - [hivemq-test-hivemq-platform] [hivemq-platform-operator] [3d4445db] 04:05:28.728 [ReconcilerExecutor-hivemq-controller-120] DEBUG c.h.p.o.h.HiveMQPlatformReconcilerErrorHandler - [updatelo] Pod 'test-hivemq-platform-1' condition 'ContainersReady': False
2025-01-30 04:05:28,736 INFO c.h.h.t.HelmChartContainer - [hivemq-test-hivemq-platform] [hivemq-platform-operator] [3d4445db] 04:05:28.728 [ReconcilerExecutor-hivemq-controller-120] DEBUG c.h.p.o.h.HiveMQPlatformReconcilerErrorHandler - [updatelo] Pod 'test-hivemq-platform-1' condition 'PodScheduled': True
2025-01-30 04:05:28,736 INFO c.h.h.t.HelmChartContainer - [hivemq-test-hivemq-platform] [hivemq-platform-operator] [3d4445db] 04:05:28.728 [ReconcilerExecutor-hivemq-controller-120] DEBUG c.h.p.o.h.HiveMQPlatformReconcilerErrorHandler - [updatelo] Pod 'test-hivemq-platform-1' containerStatus 'hivemq' (started: false) (ready: false) (waiting: [PodInitializing] null)
2025-01-30 04:05:28,736 INFO c.h.h.t.HelmChartContainer - [hivemq-test-hivemq-platform] [hivemq-platform-operator] [3d4445db] 04:05:28.729 [ReconcilerExecutor-hivemq-controller-120] DEBUG c.h.p.o.h.HiveMQPlatformReconcilerErrorHandler - [updatelo] Pod 'test-hivemq-platform-0' phase Running
2025-01-30 04:05:28,823 INFO c.h.h.t.HelmChartContainer - [hivemq-test-hivemq-platform] [hivemq-platform-operator] [3d4445db] 04:05:28.822 [ReconcilerExecutor-hivemq-controller-120] DEBUG c.h.p.o.h.HiveMQPlatformReconcilerSetLogLevelHandler - [updatelo] Setting log level on Pod 'test-hivemq-platform-1'
2025-01-30 04:05:28,825 INFO c.h.h.t.HelmChartContainer - [hivemq-test-hivemq-platform] [hivemq-platform-operator] [3d4445db] 04:05:28.822 [ForkJoinPool.commonPool-worker-1] DEBUG c.h.p.o.h.HiveMQPlatformReconcilerSetLogLevelHandler - [updatelo] Setting log level on Pod 'test-hivemq-platform-0'
2025-01-30 04:05:28,832 INFO c.h.h.t.HelmChartContainer - [hivemq-test-hivemq-platform] [hivemq-platform-operator] [3d4445db] 04:05:28.829 [ReconcilerExecutor-hivemq-controller-120] DEBUG c.h.platform.operator.util.PodUtil - Pod 'test-hivemq-platform-1' is not running
2025-01-30 04:05:28,832 INFO c.h.h.t.HelmChartContainer - [hivemq-test-hivemq-platform] [hivemq-platform-operator] [3d4445db] 04:05:28.830 [ReconcilerExecutor-hivemq-controller-120] ERROR i.j.o.p.event.EventProcessor - Error during event processing ExecutionScope{ resource id: ResourceID{name='test-hivemq-platform', namespace='updateloglevelit'}, version: 1256}
2025-01-30 04:05:28,832 INFO c.h.h.t.HelmChartContainer - [hivemq-test-hivemq-platform] [hivemq-platform-operator] [3d4445db] io.javaoperatorsdk.operator.OperatorException: java.lang.IllegalStateException: Pod 'test-hivemq-platform-1' in namespace 'updateloglevelit' is not running, cannot execute command '[curl, -s, http://10.42.0.13:7979/setLogLevel?level=WARN]'
2025-01-30 04:05:28,832 INFO c.h.h.t.HelmChartContainer - [hivemq-test-hivemq-platform] [hivemq-platform-operator] [3d4445db] 	at io.javaoperatorsdk.operator.monitoring.micrometer.MicrometerMetrics.lambda$timeControllerExecution$0(MicrometerMetrics.java:165)
2025-01-30 04:05:28,832 INFO c.h.h.t.HelmChartContainer - [hivemq-test-hivemq-platform] [hivemq-platform-operator] [3d4445db] 	at io.micrometer.core.instrument.AbstractTimer.record(AbstractTimer.java:190)
2025-01-30 04:05:28,832 INFO c.h.h.t.HelmChartContainer - [hivemq-test-hivemq-platform] [hivemq-platform-operator] [3d4445db] 	at io.javaoperatorsdk.operator.monitoring.micrometer.MicrometerMetrics.timeControllerExecution(MicrometerMetrics.java:161)
2025-01-30 04:05:28,832 INFO c.h.h.t.HelmChartContainer - [hivemq-test-hivemq-platform] [hivemq-platform-operator] [3d4445db] 	at io.javaoperatorsdk.operator.processing.Controller.reconcile(Controller.java:109)
2025-01-30 04:05:28,832 INFO c.h.h.t.HelmChartContainer - [hivemq-test-hivemq-platform] [hivemq-platform-operator] [3d4445db] 	at io.javaoperatorsdk.operator.processing.event.ReconciliationDispatcher.reconcileExecution(ReconciliationDispatcher.java:136)
2025-01-30 04:05:28,832 INFO c.h.h.t.HelmChartContainer - [hivemq-test-hivemq-platform] [hivemq-platform-operator] [3d4445db] 	at io.javaoperatorsdk.operator.processing.event.ReconciliationDispatcher.handleReconcile(ReconciliationDispatcher.java:117)
2025-01-30 04:05:28,832 INFO c.h.h.t.HelmChartContainer - [hivemq-test-hivemq-platform] [hivemq-platform-operator] [3d4445db] 	at io.javaoperatorsdk.operator.processing.event.ReconciliationDispatcher.handleDispatch(ReconciliationDispatcher.java:91)
2025-01-30 04:05:28,832 INFO c.h.h.t.HelmChartContainer - [hivemq-test-hivemq-platform] [hivemq-platform-operator] [3d4445db] 	at io.javaoperatorsdk.operator.processing.event.ReconciliationDispatcher.handleExecution(ReconciliationDispatcher.java:64)
2025-01-30 04:05:28,832 INFO c.h.h.t.HelmChartContainer - [hivemq-test-hivemq-platform] [hivemq-platform-operator] [3d4445db] 	at io.javaoperatorsdk.operator.processing.event.EventProcessor$ReconcilerExecutor.run(EventProcessor.java:452)
2025-01-30 04:05:28,832 INFO c.h.h.t.HelmChartContainer - [hivemq-test-hivemq-platform] [hivemq-platform-operator] [3d4445db] 	at java.base/java.util.concurrent.ThreadPoolExecutor.runWorker(Unknown Source)
2025-01-30 04:05:28,832 INFO c.h.h.t.HelmChartContainer - [hivemq-test-hivemq-platform] [hivemq-platform-operator] [3d4445db] 	at java.base/java.util.concurrent.ThreadPoolExecutor$Worker.run(Unknown Source)
2025-01-30 04:05:28,832 INFO c.h.h.t.HelmChartContainer - [hivemq-test-hivemq-platform] [hivemq-platform-operator] [3d4445db] 	at java.base/java.lang.Thread.run(Unknown Source)
2025-01-30 04:05:28,832 INFO c.h.h.t.HelmChartContainer - [hivemq-test-hivemq-platform] [hivemq-platform-operator] [3d4445db] Caused by: java.lang.IllegalStateException: Pod 'test-hivemq-platform-1' in namespace 'updateloglevelit' is not running, cannot execute command '[curl, -s, http://10.42.0.13:7979/setLogLevel?level=WARN]'
2025-01-30 04:05:28,832 INFO c.h.h.t.HelmChartContainer - [hivemq-test-hivemq-platform] [hivemq-platform-operator] [3d4445db] 	at com.hivemq.platform.operator.util.PodUtil.execute(PodUtil.java:74)
2025-01-30 04:05:28,832 INFO c.h.h.t.HelmChartContainer - [hivemq-test-hivemq-platform] [hivemq-platform-operator] [3d4445db] 	at com.hivemq.platform.operator.util.RestApiUtil.lambda$callRestApi$1(RestApiUtil.java:44)
2025-01-30 04:05:28,832 INFO c.h.h.t.HelmChartContainer - [hivemq-test-hivemq-platform] [hivemq-platform-operator] [3d4445db] 	at java.base/java.util.stream.ForEachOps$ForEachOp$OfRef.accept(Unknown Source)
2025-01-30 04:05:28,833 INFO c.h.h.t.HelmChartContainer - [hivemq-test-hivemq-platform] [hivemq-platform-operator] [3d4445db] 	at java.base/java.util.stream.ReferencePipeline$2$1.accept(Unknown Source)
2025-01-30 04:05:28,833 INFO c.h.h.t.HelmChartContainer - [hivemq-test-hivemq-platform] [hivemq-platform-operator] [3d4445db] 	at java.base/java.util.ArrayList$ArrayListSpliterator.forEachRemaining(Unknown Source)
2025-01-30 04:05:28,833 INFO c.h.h.t.HelmChartContainer - [hivemq-test-hivemq-platform] [hivemq-platform-operator] [3d4445db] 	at java.base/java.util.stream.AbstractPipeline.copyInto(Unknown Source)
2025-01-30 04:05:28,833 INFO c.h.h.t.HelmChartContainer - [hivemq-test-hivemq-platform] [hivemq-platform-operator] [3d4445db] 	at java.base/java.util.stream.ForEachOps$ForEachTask.compute(Unknown Source)
2025-01-30 04:05:28,833 INFO c.h.h.t.HelmChartContainer - [hivemq-test-hivemq-platform] [hivemq-platform-operator] [3d4445db] 	at java.base/java.util.concurrent.CountedCompleter.exec(Unknown Source)
2025-01-30 04:05:28,833 INFO c.h.h.t.HelmChartContainer - [hivemq-test-hivemq-platform] [hivemq-platform-operator] [3d4445db] 	at java.base/java.util.concurrent.ForkJoinTask.doExec(Unknown Source)
2025-01-30 04:05:28,833 INFO c.h.h.t.HelmChartContainer - [hivemq-test-hivemq-platform] [hivemq-platform-operator] [3d4445db] 	at java.base/java.util.concurrent.ForkJoinTask.invoke(Unknown Source)
2025-01-30 04:05:28,833 INFO c.h.h.t.HelmChartContainer - [hivemq-test-hivemq-platform] [hivemq-platform-operator] [3d4445db] 	at java.base/java.util.stream.ForEachOps$ForEachOp.evaluateParallel(Unknown Source)
2025-01-30 04:05:28,833 INFO c.h.h.t.HelmChartContainer - [hivemq-test-hivemq-platform] [hivemq-platform-operator] [3d4445db] 	at java.base/java.util.stream.ForEachOps$ForEachOp$OfRef.evaluateParallel(Unknown Source)
2025-01-30 04:05:28,833 INFO c.h.h.t.HelmChartContainer - [hivemq-test-hivemq-platform] [hivemq-platform-operator] [3d4445db] 	at java.base/java.util.stream.AbstractPipeline.evaluate(Unknown Source)
2025-01-30 04:05:28,833 INFO c.h.h.t.HelmChartContainer - [hivemq-test-hivemq-platform] [hivemq-platform-operator] [3d4445db] 	at java.base/java.util.stream.ReferencePipeline.forEach(Unknown Source)
2025-01-30 04:05:28,833 INFO c.h.h.t.HelmChartContainer - [hivemq-test-hivemq-platform] [hivemq-platform-operator] [3d4445db] 	at com.hivemq.platform.operator.util.RestApiUtil.callRestApi(RestApiUtil.java:40)
2025-01-30 04:05:28,833 INFO c.h.h.t.HelmChartContainer - [hivemq-test-hivemq-platform] [hivemq-platform-operator] [3d4445db] 	at com.hivemq.platform.operator.http.RestApiService.callRestApi(RestApiService.java:63)
2025-01-30 04:05:28,833 INFO c.h.h.t.HelmChartContainer - [hivemq-test-hivemq-platform] [hivemq-platform-operator] [3d4445db] 	at com.hivemq.platform.operator.handler.HiveMQPlatformReconcilerSetLogLevelHandler.handleSetLogLevel(HiveMQPlatformReconcilerSetLogLevelHandler.java:49)
2025-01-30 04:05:28,833 INFO c.h.h.t.HelmChartContainer - [hivemq-test-hivemq-platform] [hivemq-platform-operator] [3d4445db] 	at com.hivemq.platform.operator.HiveMQPlatformReconciler.reconcile(HiveMQPlatformReconciler.java:243)
2025-01-30 04:05:28,833 INFO c.h.h.t.HelmChartContainer - [hivemq-test-hivemq-platform] [hivemq-platform-operator] [3d4445db] 	at com.hivemq.platform.operator.HiveMQPlatformReconciler.reconcile(HiveMQPlatformReconciler.java:227)
2025-01-30 04:05:28,833 INFO c.h.h.t.HelmChartContainer - [hivemq-test-hivemq-platform] [hivemq-platform-operator] [3d4445db] 	at com.hivemq.platform.operator.HiveMQPlatformReconciler.reconcile(HiveMQPlatformReconciler.java:71)
2025-01-30 04:05:28,833 INFO c.h.h.t.HelmChartContainer - [hivemq-test-hivemq-platform] [hivemq-platform-operator] [3d4445db] 	at io.javaoperatorsdk.operator.processing.Controller$1.execute(Controller.java:149)
2025-01-30 04:05:28,833 INFO c.h.h.t.HelmChartContainer - [hivemq-test-hivemq-platform] [hivemq-platform-operator] [3d4445db] 	at io.javaoperatorsdk.operator.processing.Controller$1.execute(Controller.java:110)
2025-01-30 04:05:28,833 INFO c.h.h.t.HelmChartContainer - [hivemq-test-hivemq-platform] [hivemq-platform-operator] [3d4445db] 	at io.javaoperatorsdk.operator.monitoring.micrometer.MicrometerMetrics.lambda$timeControllerExecution$0(MicrometerMetrics.java:163)
2025-01-30 04:05:28,833 INFO c.h.h.t.HelmChartContainer - [hivemq-test-hivemq-platform] [hivemq-platform-operator] [3d4445db] 	... 11 common frames omitted
2025-01-30 04:05:28,945 INFO c.h.h.t.HelmChartContainer - [test-hivemq-platform] [hivemq] [f951c347] INFO  - [HiveMQ Platform Operator Init App 1.7.0-SNAPSHOT] Set log level from WARN to WARN in logback.xml file
2025-01-30 04:05:28,949 INFO c.h.h.t.HelmChartContainer - [hivemq-test-hivemq-platform] [hivemq-platform-operator] [3d4445db] 04:05:28.948 [vert.x-eventloop-thread-1] DEBUG c.h.platform.operator.util.PodUtil - Received status for command '[curl, -s, http://10.42.0.12:7979/setLogLevel?level=WARN]' on Pod 'test-hivemq-platform-0' (exit code: 0)
2025-01-30 04:05:29,626 INFO c.h.h.t.HelmChartContainer - [POD] test-hivemq-platform-1 [59dfce82-5bb1-4d47-a385-3a5d8e070a29] in updateloglevelit was MODIFIED
2025-01-30 04:05:29,636 INFO c.h.h.t.HelmChartContainer - [EVENT] Normal [Started] Started container hivemq [updateloglevelit:test-hivemq-platform-1]
2025-01-30 04:05:29,636 INFO c.h.h.t.HelmChartContainer - Started log watcher for hivemq in pod test-hivemq-platform-1 [59dfce82-5bb1-4d47-a385-3a5d8e070a29]
2025-01-30 04:05:29,636 INFO c.h.h.t.HelmChartContainer - Received Started event for container hivemq in pod test-hivemq-platform-1 [59dfce82-5bb1-4d47-a385-3a5d8e070a29]
2025-01-30 04:05:29,636 INFO c.h.h.t.HelmChartContainer - [test-hivemq-platform] [hivemq] [59dfce82] Adding pre-installed HiveMQ Platform Operator extensions
2025-01-30 04:05:29,636 INFO c.h.h.t.HelmChartContainer - [test-hivemq-platform] [hivemq] [59dfce82] Running as user 10000
2025-01-30 04:05:29,636 INFO c.h.h.t.HelmChartContainer - [test-hivemq-platform] [hivemq] [59dfce82] Starting HiveMQ Platform Operator Init
2025-01-30 04:05:29,638 INFO c.h.h.t.HelmChartContainer - [hivemq-test-hivemq-platform] [hivemq-platform-operator] [3d4445db] 04:05:29.636 [pool-6-thread-13] DEBUG c.h.p.o.d.PlatformServiceResource - [updatelo] Desired Platform services (3 services)
2025-01-30 04:05:29,645 INFO c.h.h.t.HelmChartContainer - [hivemq-test-hivemq-platform] [hivemq-platform-operator] [3d4445db] 04:05:29.640 [pool-6-thread-12] DEBUG c.h.p.o.d.PodServiceAccountResource - [updatelo] Desired PodServiceAccountResource (serviceAccountName: hivemq-platform-pod-test-hivemq-platform)
2025-01-30 04:05:29,649 INFO c.h.h.t.HelmChartContainer - [hivemq-test-hivemq-platform] [hivemq-platform-operator] [3d4445db] 04:05:29.642 [pool-6-thread-14] DEBUG c.h.p.o.dependants.PodInfoConfigMap - [updatelo] Desired PodInfo ConfigMap (1 extensions) (1 enabled)
2025-01-30 04:05:29,649 INFO c.h.h.t.HelmChartContainer - [hivemq-test-hivemq-platform] [hivemq-platform-operator] [3d4445db] 04:05:29.644 [pool-6-thread-14] DEBUG c.h.p.o.dependants.PodInfoConfigMap - [updatelo] Desired PodInfo ConfigMap (metrics port: 9399) (metrics path: /)
2025-01-30 04:05:29,649 INFO c.h.h.t.HelmChartContainer - [hivemq-test-hivemq-platform] [hivemq-platform-operator] [3d4445db] 04:05:29.644 [pool-6-thread-14] DEBUG c.h.p.o.dependants.PodInfoConfigMap - [updatelo] Desired PodInfo ConfigMap (extension state hash: -1817474005)
2025-01-30 04:05:29,650 INFO c.h.h.t.HelmChartContainer - [hivemq-test-hivemq-platform] [hivemq-platform-operator] [3d4445db] 04:05:29.649 [pool-6-thread-14] DEBUG c.h.p.o.d.StatefulSetResource - [updatelo] Desired StatefulSet (2 replicas) for status SET_LOG_LEVEL (SET_LOG_LEVEL)
2025-01-30 04:05:29,725 INFO c.h.h.t.HelmChartContainer - [hivemq-test-hivemq-platform] [hivemq-platform-operator] [3d4445db] 04:05:29.724 [ReconcilerExecutor-hivemq-controller-121] INFO  c.h.p.o.HiveMQPlatformReconciler - [updatelo] Reconciling HiveMQ Platform 'test-hivemq-platform' in namespace 'updateloglevelit'
2025-01-30 04:05:29,725 INFO c.h.h.t.HelmChartContainer - [hivemq-test-hivemq-platform] [hivemq-platform-operator] [3d4445db] 04:05:29.724 [ReconcilerExecutor-hivemq-controller-121] DEBUG c.h.p.o.HiveMQPlatformReconciler - [updatelo] Custom Resource Status SET_LOG_LEVEL - HiveMQ Platform is updating the log level to WARN (SET_LOG_LEVEL) (reconciliation requests: SCALING)
2025-01-30 04:05:29,725 INFO c.h.h.t.HelmChartContainer - [hivemq-test-hivemq-platform] [hivemq-platform-operator] [3d4445db] 04:05:29.724 [ReconcilerExecutor-hivemq-controller-121] DEBUG c.h.p.o.HiveMQPlatformReconciler - [updatelo] Custom Resource Spec (replicas: 2) (extensions: 1)
2025-01-30 04:05:29,728 INFO c.h.h.t.HelmChartContainer - [hivemq-test-hivemq-platform] [hivemq-platform-operator] [3d4445db] 04:05:29.727 [ReconcilerExecutor-hivemq-controller-121] DEBUG c.h.p.o.HiveMQPlatformReconciler - [updatelo] StatefulSet Status (revision: test-hivemq-platform-b697f795f, replicas: 2, available: 1, ready: 1, current: 2, updated: 2)
2025-01-30 04:05:29,728 INFO c.h.h.t.HelmChartContainer - [hivemq-test-hivemq-platform] [hivemq-platform-operator] [3d4445db] 04:05:29.727 [ReconcilerExecutor-hivemq-controller-121] DEBUG c.h.p.o.HiveMQPlatformReconciler - [updatelo] StatefulSet Spec (replicas: 2, init containers: 1, containers: 1, volumes: 3)
2025-01-30 04:05:29,729 INFO c.h.h.t.HelmChartContainer - [hivemq-test-hivemq-platform] [hivemq-platform-operator] [3d4445db] 04:05:29.729 [ReconcilerExecutor-hivemq-controller-121] DEBUG c.h.p.o.h.HiveMQPlatformReconcilerErrorHandler - [updatelo] Pod 'test-hivemq-platform-1' phase Running
2025-01-30 04:05:29,730 INFO c.h.h.t.HelmChartContainer - [hivemq-test-hivemq-platform] [hivemq-platform-operator] [3d4445db] 04:05:29.730 [ReconcilerExecutor-hivemq-controller-121] DEBUG c.h.p.o.h.HiveMQPlatformReconcilerErrorHandler - [updatelo] Pod 'test-hivemq-platform-0' phase Running
2025-01-30 04:05:29,738 INFO c.h.h.t.HelmChartContainer - [hivemq-test-hivemq-platform] [hivemq-platform-operator] [3d4445db] 04:05:29.736 [ReconcilerExecutor-hivemq-controller-121] DEBUG c.h.p.o.h.HiveMQPlatformReconcilerSetLogLevelHandler - [updatelo] Setting log level on Pod 'test-hivemq-platform-1'
2025-01-30 04:05:29,738 INFO c.h.h.t.HelmChartContainer - [hivemq-test-hivemq-platform] [hivemq-platform-operator] [3d4445db] 04:05:29.737 [ForkJoinPool.commonPool-worker-1] DEBUG c.h.p.o.h.HiveMQPlatformReconcilerSetLogLevelHandler - [updatelo] Setting log level on Pod 'test-hivemq-platform-0'
2025-01-30 04:05:29,968 INFO c.h.h.t.HelmChartContainer - [test-hivemq-platform] [hivemq] [f951c347] INFO  - [HiveMQ Platform Operator Init App 1.7.0-SNAPSHOT] Set log level from WARN to WARN in logback.xml file
2025-01-30 04:05:30,023 INFO c.h.h.t.HelmChartContainer - [hivemq-test-hivemq-platform] [hivemq-platform-operator] [3d4445db] 04:05:30.022 [vert.x-eventloop-thread-1] DEBUG c.h.platform.operator.util.PodUtil - Received status for command '[curl, -s, http://10.42.0.12:7979/setLogLevel?level=WARN]' on Pod 'test-hivemq-platform-0' (exit code: 0)
2025-01-30 04:05:30,025 INFO c.h.h.t.HelmChartContainer - [hivemq-test-hivemq-platform] [hivemq-platform-operator] [3d4445db] 04:05:30.024 [vert.x-eventloop-thread-1] DEBUG c.h.platform.operator.util.PodUtil - Received status for command '[curl, -s, http://10.42.0.13:7979/setLogLevel?level=WARN]' on Pod 'test-hivemq-platform-1' (exit code: 7)
2025-01-30 04:05:30,073 INFO c.h.h.t.HelmChartContainer - [test-hivemq-platform] [hivemq] [59dfce82] INFO  - [HiveMQ Platform Operator Init 1.7.0-SNAPSHOT] HiveMQ Platform Operator Init 1.7.0-SNAPSHOT (commit: 47e3375 on branch: HEAD) built on Thu Jan 30 03:55:50 UTC 2025
2025-01-30 04:05:30,948 INFO c.h.h.t.HelmChartContainer - [hivemq-test-hivemq-platform] [hivemq-platform-operator] [3d4445db] 04:05:30.946 [pool-6-thread-23] DEBUG c.h.p.o.d.PlatformServiceResource - [updatelo] Desired Platform services (3 services)
2025-01-30 04:05:30,949 INFO c.h.h.t.HelmChartContainer - [hivemq-test-hivemq-platform] [hivemq-platform-operator] [3d4445db] 04:05:30.947 [pool-6-thread-25] DEBUG c.h.p.o.dependants.PodInfoConfigMap - [updatelo] Desired PodInfo ConfigMap (1 extensions) (1 enabled)
2025-01-30 04:05:30,950 INFO c.h.h.t.HelmChartContainer - [hivemq-test-hivemq-platform] [hivemq-platform-operator] [3d4445db] 04:05:30.947 [pool-6-thread-25] DEBUG c.h.p.o.dependants.PodInfoConfigMap - [updatelo] Desired PodInfo ConfigMap (metrics port: 9399) (metrics path: /)
2025-01-30 04:05:30,950 INFO c.h.h.t.HelmChartContainer - [hivemq-test-hivemq-platform] [hivemq-platform-operator] [3d4445db] 04:05:30.947 [pool-6-thread-25] DEBUG c.h.p.o.dependants.PodInfoConfigMap - [updatelo] Desired PodInfo ConfigMap (extension state hash: -1817474005)
2025-01-30 04:05:30,950 INFO c.h.h.t.HelmChartContainer - [hivemq-test-hivemq-platform] [hivemq-platform-operator] [3d4445db] 04:05:30.947 [pool-6-thread-21] DEBUG c.h.p.o.d.PodServiceAccountResource - [updatelo] Desired PodServiceAccountResource (serviceAccountName: hivemq-platform-pod-test-hivemq-platform)
2025-01-30 04:05:30,952 INFO c.h.h.t.HelmChartContainer - [hivemq-test-hivemq-platform] [hivemq-platform-operator] [3d4445db] 04:05:30.951 [pool-6-thread-23] DEBUG c.h.p.o.d.StatefulSetResource - [updatelo] Desired StatefulSet (2 replicas) for status SET_LOG_LEVEL (SET_LOG_LEVEL)
2025-01-30 04:05:30,956 INFO c.h.h.t.HelmChartContainer - [hivemq-test-hivemq-platform] [hivemq-platform-operator] [3d4445db] 04:05:30.954 [ReconcilerExecutor-hivemq-controller-122] INFO  c.h.p.o.HiveMQPlatformReconciler - [updatelo] Reconciling HiveMQ Platform 'test-hivemq-platform' in namespace 'updateloglevelit'
2025-01-30 04:05:30,956 INFO c.h.h.t.HelmChartContainer - [hivemq-test-hivemq-platform] [hivemq-platform-operator] [3d4445db] 04:05:30.954 [ReconcilerExecutor-hivemq-controller-122] DEBUG c.h.p.o.HiveMQPlatformReconciler - [updatelo] Custom Resource Status SET_LOG_LEVEL - HiveMQ Platform is updating the log level to WARN (SET_LOG_LEVEL) (reconciliation requests: SCALING)
2025-01-30 04:05:30,956 INFO c.h.h.t.HelmChartContainer - [hivemq-test-hivemq-platform] [hivemq-platform-operator] [3d4445db] 04:05:30.954 [ReconcilerExecutor-hivemq-controller-122] DEBUG c.h.p.o.HiveMQPlatformReconciler - [updatelo] Custom Resource Spec (replicas: 2) (extensions: 1)
2025-01-30 04:05:30,957 INFO c.h.h.t.HelmChartContainer - [hivemq-test-hivemq-platform] [hivemq-platform-operator] [3d4445db] 04:05:30.956 [ReconcilerExecutor-hivemq-controller-122] DEBUG c.h.p.o.HiveMQPlatformReconciler - [updatelo] StatefulSet Status (revision: test-hivemq-platform-b697f795f, replicas: 2, available: 1, ready: 1, current: 2, updated: 2)
2025-01-30 04:05:30,958 INFO c.h.h.t.HelmChartContainer - [hivemq-test-hivemq-platform] [hivemq-platform-operator] [3d4445db] 04:05:30.956 [ReconcilerExecutor-hivemq-controller-122] DEBUG c.h.p.o.HiveMQPlatformReconciler - [updatelo] StatefulSet Spec (replicas: 2, init containers: 1, containers: 1, volumes: 3)
2025-01-30 04:05:30,959 INFO c.h.h.t.HelmChartContainer - [hivemq-test-hivemq-platform] [hivemq-platform-operator] [3d4445db] 04:05:30.957 [ReconcilerExecutor-hivemq-controller-122] DEBUG c.h.p.o.h.HiveMQPlatformReconcilerErrorHandler - [updatelo] Pod 'test-hivemq-platform-1' phase Running
2025-01-30 04:05:30,959 INFO c.h.h.t.HelmChartContainer - [hivemq-test-hivemq-platform] [hivemq-platform-operator] [3d4445db] 04:05:30.959 [ReconcilerExecutor-hivemq-controller-122] DEBUG c.h.p.o.h.HiveMQPlatformReconcilerErrorHandler - [updatelo] Pod 'test-hivemq-platform-0' phase Running
2025-01-30 04:05:31,024 INFO c.h.h.t.HelmChartContainer - [hivemq-test-hivemq-platform] [hivemq-platform-operator] [3d4445db] 04:05:31.023 [ReconcilerExecutor-hivemq-controller-122] WARN  c.h.p.operator.util.RestApiUtil - [updatelo] Set log level command on Pod 'test-hivemq-platform-1' returned an empty response
2025-01-30 04:05:31,181 INFO c.h.h.t.HelmChartContainer - [test-hivemq-platform] [hivemq] [59dfce82] INFO  - [HiveMQ Platform Operator Init App 1.7.0-SNAPSHOT] Using bind address 10.42.0.13 from environment variable
2025-01-30 04:05:32,165 INFO c.h.h.t.HelmChartContainer - [test-hivemq-platform] [hivemq] [59dfce82] INFO  - [HiveMQ Platform Operator Init App 1.7.0-SNAPSHOT] HiveMQ Platform Operator Init App 1.7.0-SNAPSHOT (commit: 47e3375 on branch: HEAD) built on Thu Jan 30 03:55:50 UTC 2025
2025-01-30 04:05:32,167 INFO c.h.h.t.HelmChartContainer - [test-hivemq-platform] [hivemq] [59dfce82] INFO  - [HiveMQ Platform Operator Init App 1.7.0-SNAPSHOT] PodInfo ConfigMap directory: /etc/podinfo
2025-01-30 04:05:32,167 INFO c.h.h.t.HelmChartContainer - [test-hivemq-platform] [hivemq] [59dfce82] INFO  - [HiveMQ Platform Operator Init App 1.7.0-SNAPSHOT] HiveMQ home directory: /opt/hivemq
2025-01-30 04:05:32,167 INFO c.h.h.t.HelmChartContainer - [test-hivemq-platform] [hivemq] [59dfce82] INFO  - [HiveMQ Platform Operator Init App 1.7.0-SNAPSHOT] HiveMQ Logback folder: /opt/hivemq/conf
2025-01-30 04:05:32,167 INFO c.h.h.t.HelmChartContainer - [test-hivemq-platform] [hivemq] [59dfce82] INFO  - [HiveMQ Platform Operator Init App 1.7.0-SNAPSHOT] HiveMQ Config folder: /opt/hivemq/conf-k8s
2025-01-30 04:05:32,167 INFO c.h.h.t.HelmChartContainer - [test-hivemq-platform] [hivemq] [59dfce82] INFO  - [HiveMQ Platform Operator Init App 1.7.0-SNAPSHOT] Starting HiveMQ Platform Operator Init App
2025-01-30 04:05:32,167 INFO c.h.h.t.HelmChartContainer - [test-hivemq-platform] [hivemq] [59dfce82] INFO  - [HiveMQ Platform Operator Init App 1.7.0-SNAPSHOT] Starting Pod reconciler
2025-01-30 04:05:33,367 INFO c.h.h.t.HelmChartContainer - [test-hivemq-platform] [hivemq] [59dfce82] INFO  - [HiveMQ Platform Operator Init App 1.7.0-SNAPSHOT] Pod reconciler is scheduled (interval: 5000 ms)
2025-01-30 04:05:33,368 INFO c.h.h.t.HelmChartContainer - [test-hivemq-platform] [hivemq] [59dfce82] INFO  - [HiveMQ Platform Operator Init App 1.7.0-SNAPSHOT] Starting the REST API on 10.42.0.13:7979
2025-01-30 04:05:33,371 INFO c.h.h.t.HelmChartContainer - [test-hivemq-platform] [hivemq] [59dfce82] INFO  - [HiveMQ Platform Operator Init App 1.7.0-SNAPSHOT] Waiting up to 600s for at most 2 HiveMQ nodes in cluster service hivemq-test-hivemq-platform-cluster.updateloglevelit.svc
2025-01-30 04:05:33,724 INFO c.h.h.t.HelmChartContainer - [K3S] [range_allocator.go:247] "Successfully synced" key="f66bc3b5d801"
2025-01-30 04:05:33,769 INFO c.h.h.t.HelmChartContainer - [test-hivemq-platform] [hivemq] [59dfce82] INFO  - [HiveMQ Platform Operator Init App 1.7.0-SNAPSHOT] Resolved 2 IP addresses: [10.42.0.13, 10.42.0.12]
2025-01-30 04:05:33,769 INFO c.h.h.t.HelmChartContainer - [test-hivemq-platform] [hivemq] [59dfce82] INFO  - [HiveMQ Platform Operator Init App 1.7.0-SNAPSHOT] HiveMQ node count of 2 is within threshold of 2
2025-01-30 04:05:33,769 INFO c.h.h.t.HelmChartContainer - [test-hivemq-platform] [hivemq] [59dfce82] INFO  - [HiveMQ Platform Operator Init App 1.7.0-SNAPSHOT] Waiting 15s for previous shutdown replication to finish...
2025-01-30 04:05:35,626 INFO c.h.h.t.HelmChartContainer - [test-hivemq-platform] [hivemq] [59dfce82] INFO  - [HiveMQ Platform Operator Init App 1.7.0-SNAPSHOT] Returning default Health API response 503 for readiness
2025-01-30 04:05:35,678 INFO c.h.h.t.HelmChartContainer - [EVENT] Warning [Unhealthy] Readiness probe failed: HTTP probe failed with statuscode: 503 [updateloglevelit:test-hivemq-platform-1]
2025-01-30 04:05:35,678 INFO c.h.h.t.HelmChartContainer - Received Unhealthy event for container hivemq in pod test-hivemq-platform-1 [59dfce82-5bb1-4d47-a385-3a5d8e070a29]
2025-01-30 04:05:39,967 INFO c.h.h.t.HelmChartContainer - [test-hivemq-platform] [hivemq] [f951c347] INFO  - [HiveMQ Platform Operator Init App 1.7.0-SNAPSHOT] Returning Health API response 200 for liveness
2025-01-30 04:05:40,670 INFO c.h.h.t.HelmChartContainer - [EVENT] Warning [Unhealthy] Readiness probe failed: HTTP probe failed with statuscode: 503 [updateloglevelit:test-hivemq-platform-1]
2025-01-30 04:05:40,670 INFO c.h.h.t.HelmChartContainer - Received Unhealthy event for container hivemq in pod test-hivemq-platform-1 [59dfce82-5bb1-4d47-a385-3a5d8e070a29]
2025-01-30 04:05:40,781 INFO c.h.h.t.HelmChartContainer - [test-hivemq-platform] [hivemq] [59dfce82] INFO  - [HiveMQ Platform Operator Init App 1.7.0-SNAPSHOT] Updating Pod HiveMQ Platform Operator Init App version annotation (version: 1.7.0-SNAPSHOT)
2025-01-30 04:05:41,028 INFO c.h.h.t.HelmChartContainer - [hivemq-test-hivemq-platform] [hivemq-platform-operator] [3d4445db] 04:05:41.027 [pool-6-thread-33] DEBUG c.h.p.o.d.PlatformServiceResource - [updatelo] Desired Platform services (3 services)
2025-01-30 04:05:41,028 INFO c.h.h.t.HelmChartContainer - [hivemq-test-hivemq-platform] [hivemq-platform-operator] [3d4445db] 04:05:41.027 [pool-6-thread-31] DEBUG c.h.p.o.dependants.PodInfoConfigMap - [updatelo] Desired PodInfo ConfigMap (1 extensions) (1 enabled)
2025-01-30 04:05:41,028 INFO c.h.h.t.HelmChartContainer - [hivemq-test-hivemq-platform] [hivemq-platform-operator] [3d4445db] 04:05:41.027 [pool-6-thread-31] DEBUG c.h.p.o.dependants.PodInfoConfigMap - [updatelo] Desired PodInfo ConfigMap (metrics port: 9399) (metrics path: /)
2025-01-30 04:05:41,028 INFO c.h.h.t.HelmChartContainer - [hivemq-test-hivemq-platform] [hivemq-platform-operator] [3d4445db] 04:05:41.027 [pool-6-thread-31] DEBUG c.h.p.o.dependants.PodInfoConfigMap - [updatelo] Desired PodInfo ConfigMap (extension state hash: -1817474005)
2025-01-30 04:05:41,030 INFO c.h.h.t.HelmChartContainer - [hivemq-test-hivemq-platform] [hivemq-platform-operator] [3d4445db] 04:05:41.029 [pool-6-thread-38] DEBUG c.h.p.o.d.PodServiceAccountResource - [updatelo] Desired PodServiceAccountResource (serviceAccountName: hivemq-platform-pod-test-hivemq-platform)
2025-01-30 04:05:41,032 INFO c.h.h.t.HelmChartContainer - [hivemq-test-hivemq-platform] [hivemq-platform-operator] [3d4445db] 04:05:41.032 [pool-6-thread-34] DEBUG c.h.p.o.d.StatefulSetResource - [updatelo] Desired StatefulSet (2 replicas) for status SET_LOG_LEVEL (SET_LOG_LEVEL)
2025-01-30 04:05:41,037 INFO c.h.h.t.HelmChartContainer - [hivemq-test-hivemq-platform] [hivemq-platform-operator] [3d4445db] 04:05:41.034 [ReconcilerExecutor-hivemq-controller-123] INFO  c.h.p.o.HiveMQPlatformReconciler - [updatelo] Reconciling HiveMQ Platform 'test-hivemq-platform' in namespace 'updateloglevelit'
2025-01-30 04:05:41,037 INFO c.h.h.t.HelmChartContainer - [hivemq-test-hivemq-platform] [hivemq-platform-operator] [3d4445db] 04:05:41.034 [ReconcilerExecutor-hivemq-controller-123] DEBUG c.h.p.o.HiveMQPlatformReconciler - [updatelo] Custom Resource Status SET_LOG_LEVEL - HiveMQ Platform is updating the log level to WARN (SET_LOG_LEVEL) (reconciliation requests: SCALING)
2025-01-30 04:05:41,037 INFO c.h.h.t.HelmChartContainer - [hivemq-test-hivemq-platform] [hivemq-platform-operator] [3d4445db] 04:05:41.035 [ReconcilerExecutor-hivemq-controller-123] DEBUG c.h.p.o.HiveMQPlatformReconciler - [updatelo] Custom Resource Spec (replicas: 2) (extensions: 1)
2025-01-30 04:05:41,037 INFO c.h.h.t.HelmChartContainer - [hivemq-test-hivemq-platform] [hivemq-platform-operator] [3d4445db] 04:05:41.036 [ReconcilerExecutor-hivemq-controller-123] DEBUG c.h.p.o.HiveMQPlatformReconciler - [updatelo] StatefulSet Status (revision: test-hivemq-platform-b697f795f, replicas: 2, available: 1, ready: 1, current: 2, updated: 2)
2025-01-30 04:05:41,037 INFO c.h.h.t.HelmChartContainer - [hivemq-test-hivemq-platform] [hivemq-platform-operator] [3d4445db] 04:05:41.036 [ReconcilerExecutor-hivemq-controller-123] DEBUG c.h.p.o.HiveMQPlatformReconciler - [updatelo] StatefulSet Spec (replicas: 2, init containers: 1, containers: 1, volumes: 3)
2025-01-30 04:05:41,039 INFO c.h.h.t.HelmChartContainer - [hivemq-test-hivemq-platform] [hivemq-platform-operator] [3d4445db] 04:05:41.039 [ReconcilerExecutor-hivemq-controller-123] DEBUG c.h.p.o.h.HiveMQPlatformReconcilerErrorHandler - [updatelo] Pod 'test-hivemq-platform-1' phase Running
2025-01-30 04:05:41,041 INFO c.h.h.t.HelmChartContainer - [hivemq-test-hivemq-platform] [hivemq-platform-operator] [3d4445db] 04:05:41.040 [ReconcilerExecutor-hivemq-controller-123] DEBUG c.h.p.o.h.HiveMQPlatformReconcilerErrorHandler - [updatelo] Pod 'test-hivemq-platform-0' phase Running
2025-01-30 04:05:41,047 INFO c.h.h.t.HelmChartContainer - [hivemq-test-hivemq-platform] [hivemq-platform-operator] [3d4445db] 04:05:41.046 [ReconcilerExecutor-hivemq-controller-123] DEBUG c.h.p.o.h.HiveMQPlatformReconcilerSetLogLevelHandler - [updatelo] Setting log level on Pod 'test-hivemq-platform-1'
2025-01-30 04:05:41,083 INFO c.h.h.t.HelmChartContainer - [POD] test-hivemq-platform-1 [59dfce82-5bb1-4d47-a385-3a5d8e070a29] in updateloglevelit was MODIFIED
2025-01-30 04:05:41,123 INFO c.h.h.t.HelmChartContainer - [hivemq-test-hivemq-platform] [hivemq-platform-operator] [3d4445db] 04:05:41.121 [ForkJoinPool.commonPool-worker-1] DEBUG c.h.p.o.h.HiveMQPlatformReconcilerSetLogLevelHandler - [updatelo] Setting log level on Pod 'test-hivemq-platform-0'
2025-01-30 04:05:41,170 INFO c.h.h.t.HelmChartContainer - [EVENT] Warning [Unhealthy] Readiness probe failed: HTTP probe failed with statuscode: 503 [updateloglevelit:test-hivemq-platform-1]
2025-01-30 04:05:41,170 INFO c.h.h.t.HelmChartContainer - Received Unhealthy event for container hivemq in pod test-hivemq-platform-1 [59dfce82-5bb1-4d47-a385-3a5d8e070a29]
2025-01-30 04:05:41,171 INFO c.h.h.t.HelmChartContainer - [test-hivemq-platform] [hivemq] [59dfce82] INFO  - [HiveMQ Platform Operator Init App 1.7.0-SNAPSHOT] Successfully updated Pod HiveMQ Platform Operator Init App version annotation (version: 1.7.0-SNAPSHOT)
2025-01-30 04:05:41,247 INFO c.h.h.t.HelmChartContainer - [hivemq-test-hivemq-platform] [hivemq-platform-operator] [3d4445db] 04:05:41.244 [pool-6-thread-49] DEBUG c.h.p.o.d.PlatformServiceResource - [updatelo] Desired Platform services (3 services)
2025-01-30 04:05:41,247 INFO c.h.h.t.HelmChartContainer - [hivemq-test-hivemq-platform] [hivemq-platform-operator] [3d4445db] 04:05:41.244 [pool-6-thread-48] DEBUG c.h.p.o.d.PodServiceAccountResource - [updatelo] Desired PodServiceAccountResource (serviceAccountName: hivemq-platform-pod-test-hivemq-platform)
2025-01-30 04:05:41,249 INFO c.h.h.t.HelmChartContainer - [hivemq-test-hivemq-platform] [hivemq-platform-operator] [3d4445db] 04:05:41.244 [pool-6-thread-41] DEBUG c.h.p.o.dependants.PodInfoConfigMap - [updatelo] Desired PodInfo ConfigMap (1 extensions) (1 enabled)
2025-01-30 04:05:41,249 INFO c.h.h.t.HelmChartContainer - [hivemq-test-hivemq-platform] [hivemq-platform-operator] [3d4445db] 04:05:41.247 [pool-6-thread-41] DEBUG c.h.p.o.dependants.PodInfoConfigMap - [updatelo] Desired PodInfo ConfigMap (metrics port: 9399) (metrics path: /)
2025-01-30 04:05:41,250 INFO c.h.h.t.HelmChartContainer - [hivemq-test-hivemq-platform] [hivemq-platform-operator] [3d4445db] 04:05:41.248 [pool-6-thread-41] DEBUG c.h.p.o.dependants.PodInfoConfigMap - [updatelo] Desired PodInfo ConfigMap (extension state hash: -1817474005)
2025-01-30 04:05:41,323 INFO c.h.h.t.HelmChartContainer - [hivemq-test-hivemq-platform] [hivemq-platform-operator] [3d4445db] 04:05:41.321 [pool-6-thread-49] DEBUG c.h.p.o.d.StatefulSetResource - [updatelo] Desired StatefulSet (2 replicas) for status SET_LOG_LEVEL (SET_LOG_LEVEL)
2025-01-30 04:05:41,326 INFO c.h.h.t.HelmChartContainer - [hivemq-test-hivemq-platform] [hivemq-platform-operator] [3d4445db] 04:05:41.325 [ReconcilerExecutor-hivemq-controller-124] INFO  c.h.p.o.HiveMQPlatformReconciler - [updatelo] Reconciling HiveMQ Platform 'test-hivemq-platform' in namespace 'updateloglevelit'
2025-01-30 04:05:41,326 INFO c.h.h.t.HelmChartContainer - [hivemq-test-hivemq-platform] [hivemq-platform-operator] [3d4445db] 04:05:41.325 [ReconcilerExecutor-hivemq-controller-124] DEBUG c.h.p.o.HiveMQPlatformReconciler - [updatelo] Custom Resource Status SET_LOG_LEVEL - HiveMQ Platform is updating the log level to WARN (SET_LOG_LEVEL) (reconciliation requests: SCALING)
2025-01-30 04:05:41,326 INFO c.h.h.t.HelmChartContainer - [hivemq-test-hivemq-platform] [hivemq-platform-operator] [3d4445db] 04:05:41.325 [ReconcilerExecutor-hivemq-controller-124] DEBUG c.h.p.o.HiveMQPlatformReconciler - [updatelo] Custom Resource Spec (replicas: 2) (extensions: 1)
2025-01-30 04:05:41,327 INFO c.h.h.t.HelmChartContainer - [hivemq-test-hivemq-platform] [hivemq-platform-operator] [3d4445db] 04:05:41.326 [ReconcilerExecutor-hivemq-controller-124] DEBUG c.h.p.o.HiveMQPlatformReconciler - [updatelo] StatefulSet Status (revision: test-hivemq-platform-b697f795f, replicas: 2, available: 1, ready: 1, current: 2, updated: 2)
2025-01-30 04:05:41,327 INFO c.h.h.t.HelmChartContainer - [hivemq-test-hivemq-platform] [hivemq-platform-operator] [3d4445db] 04:05:41.327 [ReconcilerExecutor-hivemq-controller-124] DEBUG c.h.p.o.HiveMQPlatformReconciler - [updatelo] StatefulSet Spec (replicas: 2, init containers: 1, containers: 1, volumes: 3)
2025-01-30 04:05:41,328 INFO c.h.h.t.HelmChartContainer - [hivemq-test-hivemq-platform] [hivemq-platform-operator] [3d4445db] 04:05:41.328 [ReconcilerExecutor-hivemq-controller-124] DEBUG c.h.p.o.h.HiveMQPlatformReconcilerErrorHandler - [updatelo] Pod 'test-hivemq-platform-1' phase Running
2025-01-30 04:05:41,330 INFO c.h.h.t.HelmChartContainer - [hivemq-test-hivemq-platform] [hivemq-platform-operator] [3d4445db] 04:05:41.329 [ReconcilerExecutor-hivemq-controller-124] DEBUG c.h.p.o.h.HiveMQPlatformReconcilerErrorHandler - [updatelo] Pod 'test-hivemq-platform-0' phase Running
2025-01-30 04:05:41,331 INFO c.h.h.t.HelmChartContainer - [hivemq-test-hivemq-platform] [hivemq-platform-operator] [3d4445db] 04:05:41.330 [ReconcilerExecutor-hivemq-controller-124] INFO  c.h.p.operator.http.RestApiService - [updatelo] Set log level command on Pod 'test-hivemq-platform-1' is not ready yet
2025-01-30 04:05:41,345 INFO c.h.h.t.HelmChartContainer - [test-hivemq-platform] [hivemq] [f951c347] INFO  - [HiveMQ Platform Operator Init App 1.7.0-SNAPSHOT] Set log level from WARN to WARN in logback.xml file
2025-01-30 04:05:41,351 INFO c.h.h.t.HelmChartContainer - [hivemq-test-hivemq-platform] [hivemq-platform-operator] [3d4445db] 04:05:41.350 [vert.x-eventloop-thread-1] DEBUG c.h.platform.operator.util.PodUtil - Received status for command '[curl, -s, http://10.42.0.12:7979/setLogLevel?level=WARN]' on Pod 'test-hivemq-platform-0' (exit code: 0)
2025-01-30 04:05:41,873 INFO c.h.h.t.HelmChartContainer - [test-hivemq-platform] [hivemq] [59dfce82] INFO  - [HiveMQ Platform Operator Init App 1.7.0-SNAPSHOT] Set log level from ${HIVEMQ_LOG_LEVEL:-INFO} to WARN in logback.xml file
2025-01-30 04:05:41,885 INFO c.h.h.t.HelmChartContainer - [hivemq-test-hivemq-platform] [hivemq-platform-operator] [3d4445db] 04:05:41.884 [vert.x-eventloop-thread-0] DEBUG c.h.platform.operator.util.PodUtil - Received status for command '[curl, -s, http://10.42.0.13:7979/setLogLevel?level=WARN]' on Pod 'test-hivemq-platform-1' (exit code: 0)
2025-01-30 04:05:42,336 INFO c.h.h.t.HelmChartContainer - [hivemq-test-hivemq-platform] [hivemq-platform-operator] [3d4445db] 04:05:42.333 [pool-6-thread-2] DEBUG c.h.p.o.d.PlatformServiceResource - [updatelo] Desired Platform services (3 services)
2025-01-30 04:05:42,336 INFO c.h.h.t.HelmChartContainer - [hivemq-test-hivemq-platform] [hivemq-platform-operator] [3d4445db] 04:05:42.333 [pool-6-thread-5] DEBUG c.h.p.o.d.PodServiceAccountResource - [updatelo] Desired PodServiceAccountResource (serviceAccountName: hivemq-platform-pod-test-hivemq-platform)
2025-01-30 04:05:42,336 INFO c.h.h.t.HelmChartContainer - [hivemq-test-hivemq-platform] [hivemq-platform-operator] [3d4445db] 04:05:42.334 [pool-6-thread-1] DEBUG c.h.p.o.dependants.PodInfoConfigMap - [updatelo] Desired PodInfo ConfigMap (1 extensions) (1 enabled)
2025-01-30 04:05:42,336 INFO c.h.h.t.HelmChartContainer - [hivemq-test-hivemq-platform] [hivemq-platform-operator] [3d4445db] 04:05:42.334 [pool-6-thread-1] DEBUG c.h.p.o.dependants.PodInfoConfigMap - [updatelo] Desired PodInfo ConfigMap (metrics port: 9399) (metrics path: /)
2025-01-30 04:05:42,336 INFO c.h.h.t.HelmChartContainer - [hivemq-test-hivemq-platform] [hivemq-platform-operator] [3d4445db] 04:05:42.334 [pool-6-thread-1] DEBUG c.h.p.o.dependants.PodInfoConfigMap - [updatelo] Desired PodInfo ConfigMap (extension state hash: -1817474005)
2025-01-30 04:05:42,339 INFO c.h.h.t.HelmChartContainer - [hivemq-test-hivemq-platform] [hivemq-platform-operator] [3d4445db] 04:05:42.337 [pool-6-thread-2] DEBUG c.h.p.o.d.StatefulSetResource - [updatelo] Desired StatefulSet (2 replicas) for status SET_LOG_LEVEL (SET_LOG_LEVEL)
2025-01-30 04:05:42,341 INFO c.h.h.t.HelmChartContainer - [hivemq-test-hivemq-platform] [hivemq-platform-operator] [3d4445db] 04:05:42.340 [ReconcilerExecutor-hivemq-controller-125] INFO  c.h.p.o.HiveMQPlatformReconciler - [updatelo] Reconciling HiveMQ Platform 'test-hivemq-platform' in namespace 'updateloglevelit'
2025-01-30 04:05:42,343 INFO c.h.h.t.HelmChartContainer - [hivemq-test-hivemq-platform] [hivemq-platform-operator] [3d4445db] 04:05:42.340 [ReconcilerExecutor-hivemq-controller-125] DEBUG c.h.p.o.HiveMQPlatformReconciler - [updatelo] Custom Resource Status SET_LOG_LEVEL - HiveMQ Platform is updating the log level to WARN (SET_LOG_LEVEL) (reconciliation requests: SCALING)
2025-01-30 04:05:42,343 INFO c.h.h.t.HelmChartContainer - [hivemq-test-hivemq-platform] [hivemq-platform-operator] [3d4445db] 04:05:42.340 [ReconcilerExecutor-hivemq-controller-125] DEBUG c.h.p.o.HiveMQPlatformReconciler - [updatelo] Custom Resource Spec (replicas: 2) (extensions: 1)
2025-01-30 04:05:42,343 INFO c.h.h.t.HelmChartContainer - [hivemq-test-hivemq-platform] [hivemq-platform-operator] [3d4445db] 04:05:42.341 [ReconcilerExecutor-hivemq-controller-125] DEBUG c.h.p.o.HiveMQPlatformReconciler - [updatelo] StatefulSet Status (revision: test-hivemq-platform-b697f795f, replicas: 2, available: 1, ready: 1, current: 2, updated: 2)
2025-01-30 04:05:42,345 INFO c.h.h.t.HelmChartContainer - [hivemq-test-hivemq-platform] [hivemq-platform-operator] [3d4445db] 04:05:42.341 [ReconcilerExecutor-hivemq-controller-125] DEBUG c.h.p.o.HiveMQPlatformReconciler - [updatelo] StatefulSet Spec (replicas: 2, init containers: 1, containers: 1, volumes: 3)
2025-01-30 04:05:42,346 INFO c.h.h.t.HelmChartContainer - [hivemq-test-hivemq-platform] [hivemq-platform-operator] [3d4445db] 04:05:42.343 [ReconcilerExecutor-hivemq-controller-125] DEBUG c.h.p.o.h.HiveMQPlatformReconcilerErrorHandler - [updatelo] Pod 'test-hivemq-platform-1' phase Running
2025-01-30 04:05:42,347 INFO c.h.h.t.HelmChartContainer - [hivemq-test-hivemq-platform] [hivemq-platform-operator] [3d4445db] 04:05:42.344 [ReconcilerExecutor-hivemq-controller-125] DEBUG c.h.p.o.h.HiveMQPlatformReconcilerErrorHandler - [updatelo] Pod 'test-hivemq-platform-0' phase Running
2025-01-30 04:05:42,347 INFO c.h.h.t.HelmChartContainer - [hivemq-test-hivemq-platform] [hivemq-platform-operator] [3d4445db] 04:05:42.345 [ReconcilerExecutor-hivemq-controller-125] INFO  c.h.p.o.h.HiveMQPlatformReconcilerSetLogLevelHandler - [updatelo] Successfully updated the log level on all Pods
2025-01-30 04:05:42,430 INFO c.h.h.t.HelmChartContainer - [hivemq-test-hivemq-platform] [hivemq-platform-operator] [3d4445db] 04:05:42.429 [ReconcilerExecutor-hivemq-controller-125] DEBUG c.h.p.operator.event.EventSender - [updatelo] Creating K8s event waiting-for-log-level-update: [SetLogLevel] HiveMQ Platform is updating the log level
2025-01-30 04:05:42,434 INFO c.h.h.t.HelmChartContainer - [EVENT] Normal [SetLogLevel] HiveMQ Platform is updating the log level [updateloglevelit:test-hivemq-platform]
2025-01-30 04:05:42,435 INFO c.h.h.t.HelmChartContainer - [hivemq-test-hivemq-platform] [hivemq-platform-operator] [3d4445db] 04:05:42.434 [ReconcilerExecutor-hivemq-controller-125] INFO  c.h.p.o.h.AbstractHiveMQReconcilerStateHandler - [updatelo] Update HiveMQ Platform Status (SET_LOG_LEVEL [SET_LOG_LEVEL] -> SET_LOG_LEVEL [WAIT_FOR_LOG_LEVEL_UPDATE]): HiveMQ Platform is updating the log level (reconciliation requests: SCALING)
2025-01-30 04:05:42,442 DEBUG com.hivemq.helmcharts.util.K8sUtil - Comparing actual state 'SET_LOG_LEVEL' and waiting for 'RUNNING'
2025-01-30 04:05:46,090 INFO c.h.h.t.HelmChartContainer - [EVENT] Warning [Unhealthy] Readiness probe failed: HTTP probe failed with statuscode: 503 [updateloglevelit:test-hivemq-platform-1]
2025-01-30 04:05:46,090 INFO c.h.h.t.HelmChartContainer - Received Unhealthy event for container hivemq in pod test-hivemq-platform-1 [59dfce82-5bb1-4d47-a385-3a5d8e070a29]
2025-01-30 04:05:48,770 INFO c.h.h.t.HelmChartContainer - [test-hivemq-platform] [hivemq] [59dfce82] INFO  - [HiveMQ Platform Operator Init App 1.7.0-SNAPSHOT] Proceeding with container start
2025-01-30 04:05:48,773 INFO c.h.h.t.HelmChartContainer - [test-hivemq-platform] [hivemq] [59dfce82] INFO  - [HiveMQ Platform Operator Init App 1.7.0-SNAPSHOT] Initializing HiveMQ Platform extensions with initial configuration: {hivemq-allow-all-extension={start-priority=-1, skip-https-hostname-verification=false, restart=true, config-version=0, header-version=0, c-uri=, priority=-1, uri=preinstalled, skip-https-certificate-validation=false, enabled=true}, hivemq-prometheus-extension={c-uri=, skip-https-hostname-verification=false, skip-https-certificate-validation=false, uri=preinstalled, request-header-path=no-request-headers, enabled=true, restart=true, priority=-1, start-priority=-1}}
2025-01-30 04:05:48,786 INFO c.h.h.t.HelmChartContainer - [test-hivemq-platform] [hivemq] [59dfce82] INFO  - [HiveMQ Platform Operator Init App 1.7.0-SNAPSHOT] Extension hivemq-allow-all-extension was already enabled
2025-01-30 04:05:48,872 INFO c.h.h.t.HelmChartContainer - [test-hivemq-platform] [hivemq] [59dfce82] INFO  - [HiveMQ Platform Operator Init App 1.7.0-SNAPSHOT] Successfully enabled extension hivemq-prometheus-extension
2025-01-30 04:05:48,874 INFO c.h.h.t.HelmChartContainer - [test-hivemq-platform] [hivemq] [59dfce82] INFO  - [HiveMQ Platform Operator Init App 1.7.0-SNAPSHOT] Starting HiveMQ Platform version 4.36.0 (4.36.0)
2025-01-30 04:05:48,874 INFO c.h.h.t.HelmChartContainer - [test-hivemq-platform] [hivemq] [59dfce82] INFO  - [HiveMQ Platform Operator Init App 1.7.0-SNAPSHOT] Configuring the HiveMQ Platform
2025-01-30 04:05:48,880 INFO c.h.h.t.HelmChartContainer - [test-hivemq-platform] [hivemq] [59dfce82] INFO  - [HiveMQ Platform Operator Init App 1.7.0-SNAPSHOT] Changed logback.xml file scan period to 20 seconds
2025-01-30 04:05:48,973 INFO c.h.h.t.HelmChartContainer - [test-hivemq-platform] [hivemq] [59dfce82] INFO  - [HiveMQ Platform Operator Init App 1.7.0-SNAPSHOT] Starting the HiveMQ Platform
2025-01-30 04:05:48,975 INFO c.h.h.t.HelmChartContainer - [test-hivemq-platform] [hivemq] [59dfce82] -------------------------------------------------------------------------
2025-01-30 04:05:48,975 INFO c.h.h.t.HelmChartContainer - [test-hivemq-platform] [hivemq] [59dfce82] 
2025-01-30 04:05:48,975 INFO c.h.h.t.HelmChartContainer - [test-hivemq-platform] [hivemq] [59dfce82]                   _    _  _              __  __   ____
2025-01-30 04:05:48,975 INFO c.h.h.t.HelmChartContainer - [test-hivemq-platform] [hivemq] [59dfce82]                  | |  | |(_)            |  \/  | / __ \
2025-01-30 04:05:48,975 INFO c.h.h.t.HelmChartContainer - [test-hivemq-platform] [hivemq] [59dfce82]                  | |__| | _ __   __ ___ | \  / || |  | |
2025-01-30 04:05:48,978 INFO c.h.h.t.HelmChartContainer - [test-hivemq-platform] [hivemq] [59dfce82]                  |  __  || |\ \ / // _ \| |\/| || |  | |
2025-01-30 04:05:48,978 INFO c.h.h.t.HelmChartContainer - [test-hivemq-platform] [hivemq] [59dfce82]                  | |  | || | \ V /|  __/| |  | || |__| |
2025-01-30 04:05:48,978 INFO c.h.h.t.HelmChartContainer - [test-hivemq-platform] [hivemq] [59dfce82]                  |_|  |_||_|  \_/  \___||_|  |_| \___\_\
2025-01-30 04:05:48,978 INFO c.h.h.t.HelmChartContainer - [test-hivemq-platform] [hivemq] [59dfce82] 
2025-01-30 04:05:48,978 INFO c.h.h.t.HelmChartContainer - [test-hivemq-platform] [hivemq] [59dfce82] -------------------------------------------------------------------------
2025-01-30 04:05:48,978 INFO c.h.h.t.HelmChartContainer - [test-hivemq-platform] [hivemq] [59dfce82] 
2025-01-30 04:05:48,978 INFO c.h.h.t.HelmChartContainer - [test-hivemq-platform] [hivemq] [59dfce82]   HiveMQ Start Script for Linux/Unix v1.14
2025-01-30 04:05:48,978 INFO c.h.h.t.HelmChartContainer - [test-hivemq-platform] [hivemq] [59dfce82] 
2025-01-30 04:05:49,075 INFO c.h.h.t.HelmChartContainer - [test-hivemq-platform] [hivemq] [59dfce82] -------------------------------------------------------------------------
2025-01-30 04:05:49,075 INFO c.h.h.t.HelmChartContainer - [test-hivemq-platform] [hivemq] [59dfce82] 
2025-01-30 04:05:49,075 INFO c.h.h.t.HelmChartContainer - [test-hivemq-platform] [hivemq] [59dfce82]   HIVEMQ_HOME: /opt/hivemq
2025-01-30 04:05:49,075 INFO c.h.h.t.HelmChartContainer - [test-hivemq-platform] [hivemq] [59dfce82] 
2025-01-30 04:05:49,075 INFO c.h.h.t.HelmChartContainer - [test-hivemq-platform] [hivemq] [59dfce82]   JAVA_OPTS: -XX:+UnlockExperimentalVMOptions -XX:InitialRAMPercentage=50 -XX:MaxRAMPercentage=50 -Djava.net.preferIPv4Stack=true --add-opens java.base/java.lang=ALL-UNNAMED --add-opens java.base/java.nio=ALL-UNNAMED --add-opens java.base/sun.nio.ch=ALL-UNNAMED --add-opens jdk.management/com.sun.management.internal=ALL-UNNAMED --add-exports java.base/jdk.internal.misc=ALL-UNNAMED -Djava.security.egd=file:/dev/./urandom -Dcom.sun.management.jmxremote -Dcom.sun.management.jmxremote.port=9010 -Dcom.sun.management.jmxremote.local.only=false -Dcom.sun.management.jmxremote.authenticate=false -Dcom.sun.management.jmxremote.ssl=false -Duser.language=en -Duser.region=US -XX:+CrashOnOutOfMemoryError -XX:+HeapDumpOnOutOfMemoryError
2025-01-30 04:05:49,076 INFO c.h.h.t.HelmChartContainer - [test-hivemq-platform] [hivemq] [59dfce82] 
2025-01-30 04:05:49,076 INFO c.h.h.t.HelmChartContainer - [test-hivemq-platform] [hivemq] [59dfce82]   JAVA_VERSION: 21
2025-01-30 04:05:49,076 INFO c.h.h.t.HelmChartContainer - [test-hivemq-platform] [hivemq] [59dfce82] 
2025-01-30 04:05:49,076 INFO c.h.h.t.HelmChartContainer - [test-hivemq-platform] [hivemq] [59dfce82] -------------------------------------------------------------------------
2025-01-30 04:05:49,076 INFO c.h.h.t.HelmChartContainer - [test-hivemq-platform] [hivemq] [59dfce82] 
2025-01-30 04:05:51,169 INFO c.h.h.t.HelmChartContainer - [EVENT] Warning [Unhealthy] Readiness probe failed: HTTP probe failed with statuscode: 503 [updateloglevelit:test-hivemq-platform-1]
2025-01-30 04:05:51,170 INFO c.h.h.t.HelmChartContainer - Received Unhealthy event for container hivemq in pod test-hivemq-platform-1 [59dfce82-5bb1-4d47-a385-3a5d8e070a29]
2025-01-30 04:05:51,672 INFO c.h.h.t.HelmChartContainer - [test-hivemq-platform] [hivemq] [59dfce82] INFO  - Starting HiveMQ Enterprise Server
2025-01-30 04:05:51,679 INFO c.h.h.t.HelmChartContainer - [test-hivemq-platform] [hivemq] [59dfce82] INFO  - HiveMQ version: 4.36.0
2025-01-30 04:05:51,679 INFO c.h.h.t.HelmChartContainer - [test-hivemq-platform] [hivemq] [59dfce82] INFO  - HiveMQ home directory: /opt/hivemq
2025-01-30 04:05:52,449 INFO c.h.h.t.HelmChartContainer - [hivemq-test-hivemq-platform] [hivemq-platform-operator] [3d4445db] 04:05:52.445 [pool-6-thread-16] DEBUG c.h.p.o.d.PlatformServiceResource - [updatelo] Desired Platform services (3 services)
2025-01-30 04:05:52,449 INFO c.h.h.t.HelmChartContainer - [hivemq-test-hivemq-platform] [hivemq-platform-operator] [3d4445db] 04:05:52.447 [pool-6-thread-15] DEBUG c.h.p.o.d.PodServiceAccountResource - [updatelo] Desired PodServiceAccountResource (serviceAccountName: hivemq-platform-pod-test-hivemq-platform)
2025-01-30 04:05:52,449 INFO c.h.h.t.HelmChartContainer - [hivemq-test-hivemq-platform] [hivemq-platform-operator] [3d4445db] 04:05:52.448 [pool-6-thread-13] DEBUG c.h.p.o.dependants.PodInfoConfigMap - [updatelo] Desired PodInfo ConfigMap (1 extensions) (1 enabled)
2025-01-30 04:05:52,450 INFO c.h.h.t.HelmChartContainer - [hivemq-test-hivemq-platform] [hivemq-platform-operator] [3d4445db] 04:05:52.448 [pool-6-thread-13] DEBUG c.h.p.o.dependants.PodInfoConfigMap - [updatelo] Desired PodInfo ConfigMap (metrics port: 9399) (metrics path: /)
2025-01-30 04:05:52,450 INFO c.h.h.t.HelmChartContainer - [hivemq-test-hivemq-platform] [hivemq-platform-operator] [3d4445db] 04:05:52.448 [pool-6-thread-13] DEBUG c.h.p.o.dependants.PodInfoConfigMap - [updatelo] Desired PodInfo ConfigMap (extension state hash: -1817474005)
2025-01-30 04:05:52,452 INFO c.h.h.t.HelmChartContainer - [hivemq-test-hivemq-platform] [hivemq-platform-operator] [3d4445db] 04:05:52.451 [pool-6-thread-13] DEBUG c.h.p.o.d.StatefulSetResource - [updatelo] Desired StatefulSet (2 replicas) for status SET_LOG_LEVEL (WAIT_FOR_LOG_LEVEL_UPDATE)
2025-01-30 04:05:52,459 INFO c.h.h.t.HelmChartContainer - [hivemq-test-hivemq-platform] [hivemq-platform-operator] [3d4445db] 04:05:52.454 [ReconcilerExecutor-hivemq-controller-126] INFO  c.h.p.o.HiveMQPlatformReconciler - [updatelo] Reconciling HiveMQ Platform 'test-hivemq-platform' in namespace 'updateloglevelit'
2025-01-30 04:05:52,459 INFO c.h.h.t.HelmChartContainer - [hivemq-test-hivemq-platform] [hivemq-platform-operator] [3d4445db] 04:05:52.454 [ReconcilerExecutor-hivemq-controller-126] DEBUG c.h.p.o.HiveMQPlatformReconciler - [updatelo] Custom Resource Status SET_LOG_LEVEL - HiveMQ Platform is updating the log level (WAIT_FOR_LOG_LEVEL_UPDATE) (reconciliation requests: SCALING)
2025-01-30 04:05:52,459 INFO c.h.h.t.HelmChartContainer - [hivemq-test-hivemq-platform] [hivemq-platform-operator] [3d4445db] 04:05:52.454 [ReconcilerExecutor-hivemq-controller-126] DEBUG c.h.p.o.HiveMQPlatformReconciler - [updatelo] Custom Resource Spec (replicas: 2) (extensions: 1)
2025-01-30 04:05:52,459 INFO c.h.h.t.HelmChartContainer - [hivemq-test-hivemq-platform] [hivemq-platform-operator] [3d4445db] 04:05:52.455 [ReconcilerExecutor-hivemq-controller-126] DEBUG c.h.p.o.HiveMQPlatformReconciler - [updatelo] StatefulSet Status (revision: test-hivemq-platform-b697f795f, replicas: 2, available: 1, ready: 1, current: 2, updated: 2)
2025-01-30 04:05:52,459 INFO c.h.h.t.HelmChartContainer - [hivemq-test-hivemq-platform] [hivemq-platform-operator] [3d4445db] 04:05:52.455 [ReconcilerExecutor-hivemq-controller-126] DEBUG c.h.p.o.HiveMQPlatformReconciler - [updatelo] StatefulSet Spec (replicas: 2, init containers: 1, containers: 1, volumes: 3)
2025-01-30 04:05:52,461 INFO c.h.h.t.HelmChartContainer - [hivemq-test-hivemq-platform] [hivemq-platform-operator] [3d4445db] 04:05:52.459 [ReconcilerExecutor-hivemq-controller-126] DEBUG c.h.p.o.h.HiveMQPlatformReconcilerErrorHandler - [updatelo] Pod 'test-hivemq-platform-1' phase Running
2025-01-30 04:05:52,464 INFO c.h.h.t.HelmChartContainer - [hivemq-test-hivemq-platform] [hivemq-platform-operator] [3d4445db] 04:05:52.461 [ReconcilerExecutor-hivemq-controller-126] DEBUG c.h.p.o.h.HiveMQPlatformReconcilerErrorHandler - [updatelo] Pod 'test-hivemq-platform-0' phase Running
2025-01-30 04:05:52,526 INFO c.h.h.t.HelmChartContainer - [hivemq-test-hivemq-platform] [hivemq-platform-operator] [3d4445db] 04:05:52.522 [ForkJoinPool.commonPool-worker-1] DEBUG c.h.p.o.h.HiveMQPlatformReconcilerSetLogLevelHandler - [updatelo] Checking log level on Pod 'test-hivemq-platform-0'
2025-01-30 04:05:52,527 INFO c.h.h.t.HelmChartContainer - [hivemq-test-hivemq-platform] [hivemq-platform-operator] [3d4445db] 04:05:52.522 [ReconcilerExecutor-hivemq-controller-126] DEBUG c.h.p.o.h.HiveMQPlatformReconcilerSetLogLevelHandler - [updatelo] Checking log level on Pod 'test-hivemq-platform-1'
2025-01-30 04:05:52,755 INFO c.h.h.t.HelmChartContainer - [hivemq-test-hivemq-platform] [hivemq-platform-operator] [3d4445db] 04:05:52.753 [vert.x-eventloop-thread-1] DEBUG c.h.platform.operator.util.PodUtil - Received status for command '[curl, -s, http://10.42.0.12:7979/logLevel]' on Pod 'test-hivemq-platform-0' (exit code: 0)
2025-01-30 04:05:53,181 INFO c.h.h.t.HelmChartContainer - [hivemq-test-hivemq-platform] [hivemq-platform-operator] [3d4445db] 04:05:53.180 [vert.x-eventloop-thread-0] DEBUG c.h.platform.operator.util.PodUtil - Received status for command '[curl, -s, http://10.42.0.13:7979/logLevel]' on Pod 'test-hivemq-platform-1' (exit code: 0)
2025-01-30 04:05:53,642 INFO c.h.h.t.HelmChartContainer - [hivemq-test-hivemq-platform] [hivemq-platform-operator] [3d4445db] 04:05:53.639 [pool-6-thread-21] DEBUG c.h.p.o.d.PlatformServiceResource - [updatelo] Desired Platform services (3 services)
2025-01-30 04:05:53,642 INFO c.h.h.t.HelmChartContainer - [hivemq-test-hivemq-platform] [hivemq-platform-operator] [3d4445db] 04:05:53.640 [pool-6-thread-22] DEBUG c.h.p.o.d.PodServiceAccountResource - [updatelo] Desired PodServiceAccountResource (serviceAccountName: hivemq-platform-pod-test-hivemq-platform)
2025-01-30 04:05:53,642 INFO c.h.h.t.HelmChartContainer - [hivemq-test-hivemq-platform] [hivemq-platform-operator] [3d4445db] 04:05:53.642 [pool-6-thread-26] DEBUG c.h.p.o.dependants.PodInfoConfigMap - [updatelo] Desired PodInfo ConfigMap (1 extensions) (1 enabled)
2025-01-30 04:05:53,643 INFO c.h.h.t.HelmChartContainer - [hivemq-test-hivemq-platform] [hivemq-platform-operator] [3d4445db] 04:05:53.642 [pool-6-thread-26] DEBUG c.h.p.o.dependants.PodInfoConfigMap - [updatelo] Desired PodInfo ConfigMap (metrics port: 9399) (metrics path: /)
2025-01-30 04:05:53,644 INFO c.h.h.t.HelmChartContainer - [hivemq-test-hivemq-platform] [hivemq-platform-operator] [3d4445db] 04:05:53.642 [pool-6-thread-26] DEBUG c.h.p.o.dependants.PodInfoConfigMap - [updatelo] Desired PodInfo ConfigMap (extension state hash: -1817474005)
2025-01-30 04:05:53,645 INFO c.h.h.t.HelmChartContainer - [hivemq-test-hivemq-platform] [hivemq-platform-operator] [3d4445db] 04:05:53.644 [pool-6-thread-26] DEBUG c.h.p.o.d.StatefulSetResource - [updatelo] Desired StatefulSet (2 replicas) for status SET_LOG_LEVEL (WAIT_FOR_LOG_LEVEL_UPDATE)
2025-01-30 04:05:53,648 INFO c.h.h.t.HelmChartContainer - [hivemq-test-hivemq-platform] [hivemq-platform-operator] [3d4445db] 04:05:53.647 [ReconcilerExecutor-hivemq-controller-127] INFO  c.h.p.o.HiveMQPlatformReconciler - [updatelo] Reconciling HiveMQ Platform 'test-hivemq-platform' in namespace 'updateloglevelit'
2025-01-30 04:05:53,648 INFO c.h.h.t.HelmChartContainer - [hivemq-test-hivemq-platform] [hivemq-platform-operator] [3d4445db] 04:05:53.647 [ReconcilerExecutor-hivemq-controller-127] DEBUG c.h.p.o.HiveMQPlatformReconciler - [updatelo] Custom Resource Status SET_LOG_LEVEL - HiveMQ Platform is updating the log level (WAIT_FOR_LOG_LEVEL_UPDATE) (reconciliation requests: SCALING)
2025-01-30 04:05:53,648 INFO c.h.h.t.HelmChartContainer - [hivemq-test-hivemq-platform] [hivemq-platform-operator] [3d4445db] 04:05:53.647 [ReconcilerExecutor-hivemq-controller-127] DEBUG c.h.p.o.HiveMQPlatformReconciler - [updatelo] Custom Resource Spec (replicas: 2) (extensions: 1)
2025-01-30 04:05:53,652 INFO c.h.h.t.HelmChartContainer - [hivemq-test-hivemq-platform] [hivemq-platform-operator] [3d4445db] 04:05:53.650 [ReconcilerExecutor-hivemq-controller-127] DEBUG c.h.p.o.HiveMQPlatformReconciler - [updatelo] StatefulSet Status (revision: test-hivemq-platform-b697f795f, replicas: 2, available: 1, ready: 1, current: 2, updated: 2)
2025-01-30 04:05:53,652 INFO c.h.h.t.HelmChartContainer - [hivemq-test-hivemq-platform] [hivemq-platform-operator] [3d4445db] 04:05:53.650 [ReconcilerExecutor-hivemq-controller-127] DEBUG c.h.p.o.HiveMQPlatformReconciler - [updatelo] StatefulSet Spec (replicas: 2, init containers: 1, containers: 1, volumes: 3)
2025-01-30 04:05:53,653 INFO c.h.h.t.HelmChartContainer - [hivemq-test-hivemq-platform] [hivemq-platform-operator] [3d4445db] 04:05:53.651 [ReconcilerExecutor-hivemq-controller-127] DEBUG c.h.p.o.h.HiveMQPlatformReconcilerErrorHandler - [updatelo] Pod 'test-hivemq-platform-1' phase Running
2025-01-30 04:05:53,654 INFO c.h.h.t.HelmChartContainer - [hivemq-test-hivemq-platform] [hivemq-platform-operator] [3d4445db] 04:05:53.653 [ReconcilerExecutor-hivemq-controller-127] DEBUG c.h.p.o.h.HiveMQPlatformReconcilerErrorHandler - [updatelo] Pod 'test-hivemq-platform-0' phase Running
2025-01-30 04:05:53,655 INFO c.h.h.t.HelmChartContainer - [hivemq-test-hivemq-platform] [hivemq-platform-operator] [3d4445db] 04:05:53.654 [ReconcilerExecutor-hivemq-controller-127] WARN  c.h.p.operator.util.RestApiUtil - [updatelo] Checking log level command on Pod 'test-hivemq-platform-1' returned a failure response: StatusResponse{status=INTERNAL_SERVER_ERROR, details={error=java.net.ConnectException}}
2025-01-30 04:05:56,157 INFO c.h.h.t.HelmChartContainer - [test-hivemq-platform] [hivemq] [59dfce82] WARN  - [HiveMQ Platform Operator Init App 1.7.0-SNAPSHOT] Cannot connect to Health API for readiness: null
2025-01-30 04:05:56,162 INFO c.h.h.t.HelmChartContainer - [EVENT] Warning [Unhealthy] Readiness probe failed: HTTP probe failed with statuscode: 503 [updateloglevelit:test-hivemq-platform-1]
2025-01-30 04:05:56,162 INFO c.h.h.t.HelmChartContainer - Received Unhealthy event for container hivemq in pod test-hivemq-platform-1 [59dfce82-5bb1-4d47-a385-3a5d8e070a29]
2025-01-30 04:05:58,064 INFO c.h.h.t.HelmChartContainer - [test-hivemq-platform] [hivemq] [59dfce82] WARN  - [HiveMQ Platform Operator Init App 1.7.0-SNAPSHOT] Cannot connect to Health API for liveness: null
2025-01-30 04:05:58,064 INFO c.h.h.t.HelmChartContainer - [test-hivemq-platform] [hivemq] [59dfce82] INFO  - [HiveMQ Platform Operator Init App 1.7.0-SNAPSHOT] Returning default Health API response 200 for liveness
2025-01-30 04:06:01,165 INFO c.h.h.t.HelmChartContainer - [test-hivemq-platform] [hivemq] [59dfce82] WARN  - [HiveMQ Platform Operator Init App 1.7.0-SNAPSHOT] Cannot connect to Health API for readiness: null
2025-01-30 04:06:01,169 INFO c.h.h.t.HelmChartContainer - [EVENT] Warning [Unhealthy] Readiness probe failed: HTTP probe failed with statuscode: 503 [updateloglevelit:test-hivemq-platform-1]
2025-01-30 04:06:01,169 INFO c.h.h.t.HelmChartContainer - Received Unhealthy event for container hivemq in pod test-hivemq-platform-1 [59dfce82-5bb1-4d47-a385-3a5d8e070a29]
2025-01-30 04:06:03,660 INFO c.h.h.t.HelmChartContainer - [hivemq-test-hivemq-platform] [hivemq-platform-operator] [3d4445db] 04:06:03.658 [pool-6-thread-31] DEBUG c.h.p.o.d.PlatformServiceResource - [updatelo] Desired Platform services (3 services)
2025-01-30 04:06:03,661 INFO c.h.h.t.HelmChartContainer - [hivemq-test-hivemq-platform] [hivemq-platform-operator] [3d4445db] 04:06:03.658 [pool-6-thread-37] DEBUG c.h.p.o.dependants.PodInfoConfigMap - [updatelo] Desired PodInfo ConfigMap (1 extensions) (1 enabled)
2025-01-30 04:06:03,661 INFO c.h.h.t.HelmChartContainer - [hivemq-test-hivemq-platform] [hivemq-platform-operator] [3d4445db] 04:06:03.659 [pool-6-thread-37] DEBUG c.h.p.o.dependants.PodInfoConfigMap - [updatelo] Desired PodInfo ConfigMap (metrics port: 9399) (metrics path: /)
2025-01-30 04:06:03,661 INFO c.h.h.t.HelmChartContainer - [hivemq-test-hivemq-platform] [hivemq-platform-operator] [3d4445db] 04:06:03.659 [pool-6-thread-37] DEBUG c.h.p.o.dependants.PodInfoConfigMap - [updatelo] Desired PodInfo ConfigMap (extension state hash: -1817474005)
2025-01-30 04:06:03,662 INFO c.h.h.t.HelmChartContainer - [hivemq-test-hivemq-platform] [hivemq-platform-operator] [3d4445db] 04:06:03.660 [pool-6-thread-39] DEBUG c.h.p.o.d.PodServiceAccountResource - [updatelo] Desired PodServiceAccountResource (serviceAccountName: hivemq-platform-pod-test-hivemq-platform)
2025-01-30 04:06:03,667 INFO c.h.h.t.HelmChartContainer - [hivemq-test-hivemq-platform] [hivemq-platform-operator] [3d4445db] 04:06:03.666 [pool-6-thread-31] DEBUG c.h.p.o.d.StatefulSetResource - [updatelo] Desired StatefulSet (2 replicas) for status SET_LOG_LEVEL (WAIT_FOR_LOG_LEVEL_UPDATE)
2025-01-30 04:06:03,672 INFO c.h.h.t.HelmChartContainer - [hivemq-test-hivemq-platform] [hivemq-platform-operator] [3d4445db] 04:06:03.670 [ReconcilerExecutor-hivemq-controller-128] INFO  c.h.p.o.HiveMQPlatformReconciler - [updatelo] Reconciling HiveMQ Platform 'test-hivemq-platform' in namespace 'updateloglevelit'
2025-01-30 04:06:03,672 INFO c.h.h.t.HelmChartContainer - [hivemq-test-hivemq-platform] [hivemq-platform-operator] [3d4445db] 04:06:03.670 [ReconcilerExecutor-hivemq-controller-128] DEBUG c.h.p.o.HiveMQPlatformReconciler - [updatelo] Custom Resource Status SET_LOG_LEVEL - HiveMQ Platform is updating the log level (WAIT_FOR_LOG_LEVEL_UPDATE) (reconciliation requests: SCALING)
2025-01-30 04:06:03,672 INFO c.h.h.t.HelmChartContainer - [hivemq-test-hivemq-platform] [hivemq-platform-operator] [3d4445db] 04:06:03.670 [ReconcilerExecutor-hivemq-controller-128] DEBUG c.h.p.o.HiveMQPlatformReconciler - [updatelo] Custom Resource Spec (replicas: 2) (extensions: 1)
2025-01-30 04:06:03,673 INFO c.h.h.t.HelmChartContainer - [hivemq-test-hivemq-platform] [hivemq-platform-operator] [3d4445db] 04:06:03.672 [ReconcilerExecutor-hivemq-controller-128] DEBUG c.h.p.o.HiveMQPlatformReconciler - [updatelo] StatefulSet Status (revision: test-hivemq-platform-b697f795f, replicas: 2, available: 1, ready: 1, current: 2, updated: 2)
2025-01-30 04:06:03,673 INFO c.h.h.t.HelmChartContainer - [hivemq-test-hivemq-platform] [hivemq-platform-operator] [3d4445db] 04:06:03.672 [ReconcilerExecutor-hivemq-controller-128] DEBUG c.h.p.o.HiveMQPlatformReconciler - [updatelo] StatefulSet Spec (replicas: 2, init containers: 1, containers: 1, volumes: 3)
2025-01-30 04:06:03,681 INFO c.h.h.t.HelmChartContainer - [hivemq-test-hivemq-platform] [hivemq-platform-operator] [3d4445db] 04:06:03.677 [ReconcilerExecutor-hivemq-controller-128] DEBUG c.h.p.o.h.HiveMQPlatformReconcilerErrorHandler - [updatelo] Pod 'test-hivemq-platform-1' phase Running
2025-01-30 04:06:03,681 INFO c.h.h.t.HelmChartContainer - [hivemq-test-hivemq-platform] [hivemq-platform-operator] [3d4445db] 04:06:03.678 [ReconcilerExecutor-hivemq-controller-128] DEBUG c.h.p.o.h.HiveMQPlatformReconcilerErrorHandler - [updatelo] Pod 'test-hivemq-platform-0' phase Running
2025-01-30 04:06:03,688 INFO c.h.h.t.HelmChartContainer - [hivemq-test-hivemq-platform] [hivemq-platform-operator] [3d4445db] 04:06:03.686 [ReconcilerExecutor-hivemq-controller-128] DEBUG c.h.p.o.h.HiveMQPlatformReconcilerSetLogLevelHandler - [updatelo] Checking log level on Pod 'test-hivemq-platform-1'
2025-01-30 04:06:03,724 INFO c.h.h.t.HelmChartContainer - [hivemq-test-hivemq-platform] [hivemq-platform-operator] [3d4445db] 04:06:03.721 [ForkJoinPool.commonPool-worker-1] DEBUG c.h.p.o.h.HiveMQPlatformReconcilerSetLogLevelHandler - [updatelo] Checking log level on Pod 'test-hivemq-platform-0'
2025-01-30 04:06:03,877 INFO c.h.h.t.HelmChartContainer - [hivemq-test-hivemq-platform] [hivemq-platform-operator] [3d4445db] 04:06:03.877 [vert.x-eventloop-thread-1] DEBUG c.h.platform.operator.util.PodUtil - Received status for command '[curl, -s, http://10.42.0.12:7979/logLevel]' on Pod 'test-hivemq-platform-0' (exit code: 0)
2025-01-30 04:06:03,970 INFO c.h.h.t.HelmChartContainer - [hivemq-test-hivemq-platform] [hivemq-platform-operator] [3d4445db] 04:06:03.968 [vert.x-eventloop-thread-1] DEBUG c.h.platform.operator.util.PodUtil - Received status for command '[curl, -s, http://10.42.0.13:7979/logLevel]' on Pod 'test-hivemq-platform-1' (exit code: 0)
2025-01-30 04:06:04,836 INFO c.h.h.t.HelmChartContainer - [hivemq-test-hivemq-platform] [hivemq-platform-operator] [3d4445db] 04:06:04.834 [pool-6-thread-47] DEBUG c.h.p.o.d.PlatformServiceResource - [updatelo] Desired Platform services (3 services)
2025-01-30 04:06:04,836 INFO c.h.h.t.HelmChartContainer - [hivemq-test-hivemq-platform] [hivemq-platform-operator] [3d4445db] 04:06:04.835 [pool-6-thread-45] DEBUG c.h.p.o.d.PodServiceAccountResource - [updatelo] Desired PodServiceAccountResource (serviceAccountName: hivemq-platform-pod-test-hivemq-platform)
2025-01-30 04:06:04,837 INFO c.h.h.t.HelmChartContainer - [hivemq-test-hivemq-platform] [hivemq-platform-operator] [3d4445db] 04:06:04.835 [pool-6-thread-46] DEBUG c.h.p.o.dependants.PodInfoConfigMap - [updatelo] Desired PodInfo ConfigMap (1 extensions) (1 enabled)
2025-01-30 04:06:04,838 INFO c.h.h.t.HelmChartContainer - [hivemq-test-hivemq-platform] [hivemq-platform-operator] [3d4445db] 04:06:04.835 [pool-6-thread-46] DEBUG c.h.p.o.dependants.PodInfoConfigMap - [updatelo] Desired PodInfo ConfigMap (metrics port: 9399) (metrics path: /)
2025-01-30 04:06:04,838 INFO c.h.h.t.HelmChartContainer - [hivemq-test-hivemq-platform] [hivemq-platform-operator] [3d4445db] 04:06:04.835 [pool-6-thread-46] DEBUG c.h.p.o.dependants.PodInfoConfigMap - [updatelo] Desired PodInfo ConfigMap (extension state hash: -1817474005)
2025-01-30 04:06:04,840 INFO c.h.h.t.HelmChartContainer - [hivemq-test-hivemq-platform] [hivemq-platform-operator] [3d4445db] 04:06:04.839 [pool-6-thread-42] DEBUG c.h.p.o.d.StatefulSetResource - [updatelo] Desired StatefulSet (2 replicas) for status SET_LOG_LEVEL (WAIT_FOR_LOG_LEVEL_UPDATE)
2025-01-30 04:06:04,844 INFO c.h.h.t.HelmChartContainer - [hivemq-test-hivemq-platform] [hivemq-platform-operator] [3d4445db] 04:06:04.843 [ReconcilerExecutor-hivemq-controller-129] INFO  c.h.p.o.HiveMQPlatformReconciler - [updatelo] Reconciling HiveMQ Platform 'test-hivemq-platform' in namespace 'updateloglevelit'
2025-01-30 04:06:04,844 INFO c.h.h.t.HelmChartContainer - [hivemq-test-hivemq-platform] [hivemq-platform-operator] [3d4445db] 04:06:04.843 [ReconcilerExecutor-hivemq-controller-129] DEBUG c.h.p.o.HiveMQPlatformReconciler - [updatelo] Custom Resource Status SET_LOG_LEVEL - HiveMQ Platform is updating the log level (WAIT_FOR_LOG_LEVEL_UPDATE) (reconciliation requests: SCALING)
2025-01-30 04:06:04,846 INFO c.h.h.t.HelmChartContainer - [hivemq-test-hivemq-platform] [hivemq-platform-operator] [3d4445db] 04:06:04.843 [ReconcilerExecutor-hivemq-controller-129] DEBUG c.h.p.o.HiveMQPlatformReconciler - [updatelo] Custom Resource Spec (replicas: 2) (extensions: 1)
2025-01-30 04:06:04,846 INFO c.h.h.t.HelmChartContainer - [hivemq-test-hivemq-platform] [hivemq-platform-operator] [3d4445db] 04:06:04.844 [ReconcilerExecutor-hivemq-controller-129] DEBUG c.h.p.o.HiveMQPlatformReconciler - [updatelo] StatefulSet Status (revision: test-hivemq-platform-b697f795f, replicas: 2, available: 1, ready: 1, current: 2, updated: 2)
2025-01-30 04:06:04,846 INFO c.h.h.t.HelmChartContainer - [hivemq-test-hivemq-platform] [hivemq-platform-operator] [3d4445db] 04:06:04.844 [ReconcilerExecutor-hivemq-controller-129] DEBUG c.h.p.o.HiveMQPlatformReconciler - [updatelo] StatefulSet Spec (replicas: 2, init containers: 1, containers: 1, volumes: 3)
2025-01-30 04:06:04,846 INFO c.h.h.t.HelmChartContainer - [hivemq-test-hivemq-platform] [hivemq-platform-operator] [3d4445db] 04:06:04.845 [ReconcilerExecutor-hivemq-controller-129] DEBUG c.h.p.o.h.HiveMQPlatformReconcilerErrorHandler - [updatelo] Pod 'test-hivemq-platform-1' phase Running
2025-01-30 04:06:04,848 INFO c.h.h.t.HelmChartContainer - [hivemq-test-hivemq-platform] [hivemq-platform-operator] [3d4445db] 04:06:04.846 [ReconcilerExecutor-hivemq-controller-129] DEBUG c.h.p.o.h.HiveMQPlatformReconcilerErrorHandler - [updatelo] Pod 'test-hivemq-platform-0' phase Running
2025-01-30 04:06:04,848 INFO c.h.h.t.HelmChartContainer - [hivemq-test-hivemq-platform] [hivemq-platform-operator] [3d4445db] 04:06:04.846 [ReconcilerExecutor-hivemq-controller-129] WARN  c.h.p.operator.util.RestApiUtil - [updatelo] Checking log level command on Pod 'test-hivemq-platform-1' returned a failure response: StatusResponse{status=INTERNAL_SERVER_ERROR, details={error=java.net.ConnectException}}
2025-01-30 04:06:06,164 INFO c.h.h.t.HelmChartContainer - [test-hivemq-platform] [hivemq] [59dfce82] WARN  - [HiveMQ Platform Operator Init App 1.7.0-SNAPSHOT] Cannot connect to Health API for readiness: null
2025-01-30 04:06:06,169 INFO c.h.h.t.HelmChartContainer - [EVENT] Warning [Unhealthy] Readiness probe failed: HTTP probe failed with statuscode: 503 [updateloglevelit:test-hivemq-platform-1]
2025-01-30 04:06:06,169 INFO c.h.h.t.HelmChartContainer - Received Unhealthy event for container hivemq in pod test-hivemq-platform-1 [59dfce82-5bb1-4d47-a385-3a5d8e070a29]
2025-01-30 04:06:11,165 INFO c.h.h.t.HelmChartContainer - [test-hivemq-platform] [hivemq] [59dfce82] WARN  - [HiveMQ Platform Operator Init App 1.7.0-SNAPSHOT] Cannot connect to Health API for readiness: null
2025-01-30 04:06:11,170 INFO c.h.h.t.HelmChartContainer - [EVENT] Warning [Unhealthy] Readiness probe failed: HTTP probe failed with statuscode: 503 [updateloglevelit:test-hivemq-platform-1]
2025-01-30 04:06:11,170 INFO c.h.h.t.HelmChartContainer - Received Unhealthy event for container hivemq in pod test-hivemq-platform-1 [59dfce82-5bb1-4d47-a385-3a5d8e070a29]
2025-01-30 04:06:14,852 INFO c.h.h.t.HelmChartContainer - [hivemq-test-hivemq-platform] [hivemq-platform-operator] [3d4445db] 04:06:14.849 [pool-6-thread-10] DEBUG c.h.p.o.d.PlatformServiceResource - [updatelo] Desired Platform services (3 services)
2025-01-30 04:06:14,853 INFO c.h.h.t.HelmChartContainer - [hivemq-test-hivemq-platform] [hivemq-platform-operator] [3d4445db] 04:06:14.849 [pool-6-thread-7] DEBUG c.h.p.o.dependants.PodInfoConfigMap - [updatelo] Desired PodInfo ConfigMap (1 extensions) (1 enabled)
2025-01-30 04:06:14,853 INFO c.h.h.t.HelmChartContainer - [hivemq-test-hivemq-platform] [hivemq-platform-operator] [3d4445db] 04:06:14.850 [pool-6-thread-7] DEBUG c.h.p.o.dependants.PodInfoConfigMap - [updatelo] Desired PodInfo ConfigMap (metrics port: 9399) (metrics path: /)
2025-01-30 04:06:14,853 INFO c.h.h.t.HelmChartContainer - [hivemq-test-hivemq-platform] [hivemq-platform-operator] [3d4445db] 04:06:14.850 [pool-6-thread-7] DEBUG c.h.p.o.dependants.PodInfoConfigMap - [updatelo] Desired PodInfo ConfigMap (extension state hash: -1817474005)
2025-01-30 04:06:14,854 INFO c.h.h.t.HelmChartContainer - [hivemq-test-hivemq-platform] [hivemq-platform-operator] [3d4445db] 04:06:14.850 [pool-6-thread-8] DEBUG c.h.p.o.d.PodServiceAccountResource - [updatelo] Desired PodServiceAccountResource (serviceAccountName: hivemq-platform-pod-test-hivemq-platform)
2025-01-30 04:06:14,854 INFO c.h.h.t.HelmChartContainer - [hivemq-test-hivemq-platform] [hivemq-platform-operator] [3d4445db] 04:06:14.854 [pool-6-thread-10] DEBUG c.h.p.o.d.StatefulSetResource - [updatelo] Desired StatefulSet (2 replicas) for status SET_LOG_LEVEL (WAIT_FOR_LOG_LEVEL_UPDATE)
2025-01-30 04:06:14,864 INFO c.h.h.t.HelmChartContainer - [hivemq-test-hivemq-platform] [hivemq-platform-operator] [3d4445db] 04:06:14.858 [ReconcilerExecutor-hivemq-controller-130] INFO  c.h.p.o.HiveMQPlatformReconciler - [updatelo] Reconciling HiveMQ Platform 'test-hivemq-platform' in namespace 'updateloglevelit'
2025-01-30 04:06:14,864 INFO c.h.h.t.HelmChartContainer - [hivemq-test-hivemq-platform] [hivemq-platform-operator] [3d4445db] 04:06:14.858 [ReconcilerExecutor-hivemq-controller-130] DEBUG c.h.p.o.HiveMQPlatformReconciler - [updatelo] Custom Resource Status SET_LOG_LEVEL - HiveMQ Platform is updating the log level (WAIT_FOR_LOG_LEVEL_UPDATE) (reconciliation requests: SCALING)
2025-01-30 04:06:14,864 INFO c.h.h.t.HelmChartContainer - [hivemq-test-hivemq-platform] [hivemq-platform-operator] [3d4445db] 04:06:14.859 [ReconcilerExecutor-hivemq-controller-130] DEBUG c.h.p.o.HiveMQPlatformReconciler - [updatelo] Custom Resource Spec (replicas: 2) (extensions: 1)
2025-01-30 04:06:14,864 INFO c.h.h.t.HelmChartContainer - [hivemq-test-hivemq-platform] [hivemq-platform-operator] [3d4445db] 04:06:14.860 [ReconcilerExecutor-hivemq-controller-130] DEBUG c.h.p.o.HiveMQPlatformReconciler - [updatelo] StatefulSet Status (revision: test-hivemq-platform-b697f795f, replicas: 2, available: 1, ready: 1, current: 2, updated: 2)
2025-01-30 04:06:14,864 INFO c.h.h.t.HelmChartContainer - [hivemq-test-hivemq-platform] [hivemq-platform-operator] [3d4445db] 04:06:14.860 [ReconcilerExecutor-hivemq-controller-130] DEBUG c.h.p.o.HiveMQPlatformReconciler - [updatelo] StatefulSet Spec (replicas: 2, init containers: 1, containers: 1, volumes: 3)
2025-01-30 04:06:14,866 INFO c.h.h.t.HelmChartContainer - [hivemq-test-hivemq-platform] [hivemq-platform-operator] [3d4445db] 04:06:14.865 [ReconcilerExecutor-hivemq-controller-130] DEBUG c.h.p.o.h.HiveMQPlatformReconcilerErrorHandler - [updatelo] Pod 'test-hivemq-platform-1' phase Running
2025-01-30 04:06:14,870 INFO c.h.h.t.HelmChartContainer - [hivemq-test-hivemq-platform] [hivemq-platform-operator] [3d4445db] 04:06:14.869 [ReconcilerExecutor-hivemq-controller-130] DEBUG c.h.p.o.h.HiveMQPlatformReconcilerErrorHandler - [updatelo] Pod 'test-hivemq-platform-0' phase Running
2025-01-30 04:06:14,880 INFO c.h.h.t.HelmChartContainer - [hivemq-test-hivemq-platform] [hivemq-platform-operator] [3d4445db] 04:06:14.878 [ReconcilerExecutor-hivemq-controller-130] DEBUG c.h.p.o.h.HiveMQPlatformReconcilerSetLogLevelHandler - [updatelo] Checking log level on Pod 'test-hivemq-platform-1'
2025-01-30 04:06:14,881 INFO c.h.h.t.HelmChartContainer - [hivemq-test-hivemq-platform] [hivemq-platform-operator] [3d4445db] 04:06:14.879 [ForkJoinPool.commonPool-worker-1] DEBUG c.h.p.o.h.HiveMQPlatformReconcilerSetLogLevelHandler - [updatelo] Checking log level on Pod 'test-hivemq-platform-0'
2025-01-30 04:06:14,987 INFO c.h.h.t.HelmChartContainer - [hivemq-test-hivemq-platform] [hivemq-platform-operator] [3d4445db] 04:06:14.986 [vert.x-eventloop-thread-1] DEBUG c.h.platform.operator.util.PodUtil - Received status for command '[curl, -s, http://10.42.0.12:7979/logLevel]' on Pod 'test-hivemq-platform-0' (exit code: 0)
2025-01-30 04:06:15,943 INFO c.h.h.t.HelmChartContainer - [hivemq-test-hivemq-platform] [hivemq-platform-operator] [3d4445db] 04:06:15.940 [pool-6-thread-20] DEBUG c.h.p.o.d.PlatformServiceResource - [updatelo] Desired Platform services (3 services)
2025-01-30 04:06:15,944 INFO c.h.h.t.HelmChartContainer - [hivemq-test-hivemq-platform] [hivemq-platform-operator] [3d4445db] 04:06:15.941 [pool-6-thread-15] DEBUG c.h.p.o.dependants.PodInfoConfigMap - [updatelo] Desired PodInfo ConfigMap (1 extensions) (1 enabled)
2025-01-30 04:06:15,944 INFO c.h.h.t.HelmChartContainer - [hivemq-test-hivemq-platform] [hivemq-platform-operator] [3d4445db] 04:06:15.941 [pool-6-thread-15] DEBUG c.h.p.o.dependants.PodInfoConfigMap - [updatelo] Desired PodInfo ConfigMap (metrics port: 9399) (metrics path: /)
2025-01-30 04:06:15,944 INFO c.h.h.t.HelmChartContainer - [hivemq-test-hivemq-platform] [hivemq-platform-operator] [3d4445db] 04:06:15.941 [pool-6-thread-15] DEBUG c.h.p.o.dependants.PodInfoConfigMap - [updatelo] Desired PodInfo ConfigMap (extension state hash: -1817474005)
2025-01-30 04:06:15,944 INFO c.h.h.t.HelmChartContainer - [hivemq-test-hivemq-platform] [hivemq-platform-operator] [3d4445db] 04:06:15.942 [pool-6-thread-15] DEBUG c.h.p.o.d.PodServiceAccountResource - [updatelo] Desired PodServiceAccountResource (serviceAccountName: hivemq-platform-pod-test-hivemq-platform)
2025-01-30 04:06:15,947 INFO c.h.h.t.HelmChartContainer - [hivemq-test-hivemq-platform] [hivemq-platform-operator] [3d4445db] 04:06:15.946 [pool-6-thread-20] DEBUG c.h.p.o.d.StatefulSetResource - [updatelo] Desired StatefulSet (2 replicas) for status SET_LOG_LEVEL (WAIT_FOR_LOG_LEVEL_UPDATE)
2025-01-30 04:06:15,949 INFO c.h.h.t.HelmChartContainer - [hivemq-test-hivemq-platform] [hivemq-platform-operator] [3d4445db] 04:06:15.948 [ReconcilerExecutor-hivemq-controller-131] INFO  c.h.p.o.HiveMQPlatformReconciler - [updatelo] Reconciling HiveMQ Platform 'test-hivemq-platform' in namespace 'updateloglevelit'
2025-01-30 04:06:15,949 INFO c.h.h.t.HelmChartContainer - [hivemq-test-hivemq-platform] [hivemq-platform-operator] [3d4445db] 04:06:15.948 [ReconcilerExecutor-hivemq-controller-131] DEBUG c.h.p.o.HiveMQPlatformReconciler - [updatelo] Custom Resource Status SET_LOG_LEVEL - HiveMQ Platform is updating the log level (WAIT_FOR_LOG_LEVEL_UPDATE) (reconciliation requests: SCALING)
2025-01-30 04:06:15,950 INFO c.h.h.t.HelmChartContainer - [hivemq-test-hivemq-platform] [hivemq-platform-operator] [3d4445db] 04:06:15.948 [ReconcilerExecutor-hivemq-controller-131] DEBUG c.h.p.o.HiveMQPlatformReconciler - [updatelo] Custom Resource Spec (replicas: 2) (extensions: 1)
2025-01-30 04:06:15,951 INFO c.h.h.t.HelmChartContainer - [hivemq-test-hivemq-platform] [hivemq-platform-operator] [3d4445db] 04:06:15.949 [ReconcilerExecutor-hivemq-controller-131] DEBUG c.h.p.o.HiveMQPlatformReconciler - [updatelo] StatefulSet Status (revision: test-hivemq-platform-b697f795f, replicas: 2, available: 1, ready: 1, current: 2, updated: 2)
2025-01-30 04:06:15,951 INFO c.h.h.t.HelmChartContainer - [hivemq-test-hivemq-platform] [hivemq-platform-operator] [3d4445db] 04:06:15.949 [ReconcilerExecutor-hivemq-controller-131] DEBUG c.h.p.o.HiveMQPlatformReconciler - [updatelo] StatefulSet Spec (replicas: 2, init containers: 1, containers: 1, volumes: 3)
2025-01-30 04:06:15,952 INFO c.h.h.t.HelmChartContainer - [hivemq-test-hivemq-platform] [hivemq-platform-operator] [3d4445db] 04:06:15.950 [ReconcilerExecutor-hivemq-controller-131] DEBUG c.h.p.o.h.HiveMQPlatformReconcilerErrorHandler - [updatelo] Pod 'test-hivemq-platform-1' phase Running
2025-01-30 04:06:15,952 INFO c.h.h.t.HelmChartContainer - [hivemq-test-hivemq-platform] [hivemq-platform-operator] [3d4445db] 04:06:15.951 [ReconcilerExecutor-hivemq-controller-131] DEBUG c.h.p.o.h.HiveMQPlatformReconcilerErrorHandler - [updatelo] Pod 'test-hivemq-platform-0' phase Running
2025-01-30 04:06:15,953 INFO c.h.h.t.HelmChartContainer - [hivemq-test-hivemq-platform] [hivemq-platform-operator] [3d4445db] 04:06:15.952 [ReconcilerExecutor-hivemq-controller-131] INFO  c.h.p.operator.http.RestApiService - [updatelo] Checking log level command on Pod 'test-hivemq-platform-1' is not ready yet
2025-01-30 04:06:16,265 INFO c.h.h.t.HelmChartContainer - [test-hivemq-platform] [hivemq] [59dfce82] WARN  - 
2025-01-30 04:06:16,265 INFO c.h.h.t.HelmChartContainer - [test-hivemq-platform] [hivemq] [59dfce82] ################################################################################################################
2025-01-30 04:06:16,265 INFO c.h.h.t.HelmChartContainer - [test-hivemq-platform] [hivemq] [59dfce82] # This HiveMQ deployment is not secure! You are lacking Authentication and Authorization.                      #
2025-01-30 04:06:16,265 INFO c.h.h.t.HelmChartContainer - [test-hivemq-platform] [hivemq] [59dfce82] # Right now any MQTT client can connect to the broker with a full set of permissions.                          #
2025-01-30 04:06:16,265 INFO c.h.h.t.HelmChartContainer - [test-hivemq-platform] [hivemq] [59dfce82] # For production usage, add an appropriate security extension and remove the hivemq-allow-all extension.       #
2025-01-30 04:06:16,265 INFO c.h.h.t.HelmChartContainer - [test-hivemq-platform] [hivemq] [59dfce82] # You can download security extensions from the HiveMQ Marketplace (https://www.hivemq.com/extensions/).       #
2025-01-30 04:06:16,265 INFO c.h.h.t.HelmChartContainer - [test-hivemq-platform] [hivemq] [59dfce82] ################################################################################################################
2025-01-30 04:06:16,772 INFO c.h.h.t.HelmChartContainer - [test-hivemq-platform] [hivemq] [59dfce82] INFO  - [HiveMQ Platform Operator Init App 1.7.0-SNAPSHOT] Returning Health API response 503 for readiness
2025-01-30 04:06:16,774 INFO c.h.h.t.HelmChartContainer - [EVENT] Warning [Unhealthy] Readiness probe failed: HTTP probe failed with statuscode: 503 [updateloglevelit:test-hivemq-platform-1]
2025-01-30 04:06:16,774 INFO c.h.h.t.HelmChartContainer - Received Unhealthy event for container hivemq in pod test-hivemq-platform-1 [59dfce82-5bb1-4d47-a385-3a5d8e070a29]
2025-01-30 04:06:16,867 INFO c.h.h.t.HelmChartContainer - [hivemq-test-hivemq-platform] [hivemq-platform-operator] [3d4445db] 04:06:16.865 [vert.x-eventloop-thread-0] DEBUG c.h.platform.operator.util.PodUtil - Received status for command '[curl, -s, http://10.42.0.13:7979/logLevel]' on Pod 'test-hivemq-platform-1' (exit code: 0)
2025-01-30 04:06:16,958 INFO c.h.h.t.HelmChartContainer - [hivemq-test-hivemq-platform] [hivemq-platform-operator] [3d4445db] 04:06:16.955 [pool-6-thread-30] DEBUG c.h.p.o.d.PlatformServiceResource - [updatelo] Desired Platform services (3 services)
2025-01-30 04:06:16,959 INFO c.h.h.t.HelmChartContainer - [hivemq-test-hivemq-platform] [hivemq-platform-operator] [3d4445db] 04:06:16.955 [pool-6-thread-29] DEBUG c.h.p.o.dependants.PodInfoConfigMap - [updatelo] Desired PodInfo ConfigMap (1 extensions) (1 enabled)
2025-01-30 04:06:16,960 INFO c.h.h.t.HelmChartContainer - [hivemq-test-hivemq-platform] [hivemq-platform-operator] [3d4445db] 04:06:16.955 [pool-6-thread-27] DEBUG c.h.p.o.d.PodServiceAccountResource - [updatelo] Desired PodServiceAccountResource (serviceAccountName: hivemq-platform-pod-test-hivemq-platform)
2025-01-30 04:06:16,960 INFO c.h.h.t.HelmChartContainer - [hivemq-test-hivemq-platform] [hivemq-platform-operator] [3d4445db] 04:06:16.958 [pool-6-thread-29] DEBUG c.h.p.o.dependants.PodInfoConfigMap - [updatelo] Desired PodInfo ConfigMap (metrics port: 9399) (metrics path: /)
2025-01-30 04:06:16,960 INFO c.h.h.t.HelmChartContainer - [hivemq-test-hivemq-platform] [hivemq-platform-operator] [3d4445db] 04:06:16.958 [pool-6-thread-29] DEBUG c.h.p.o.dependants.PodInfoConfigMap - [updatelo] Desired PodInfo ConfigMap (extension state hash: -1817474005)
2025-01-30 04:06:16,964 INFO c.h.h.t.HelmChartContainer - [hivemq-test-hivemq-platform] [hivemq-platform-operator] [3d4445db] 04:06:16.963 [pool-6-thread-30] DEBUG c.h.p.o.d.StatefulSetResource - [updatelo] Desired StatefulSet (2 replicas) for status SET_LOG_LEVEL (WAIT_FOR_LOG_LEVEL_UPDATE)
2025-01-30 04:06:16,967 INFO c.h.h.t.HelmChartContainer - [hivemq-test-hivemq-platform] [hivemq-platform-operator] [3d4445db] 04:06:16.966 [ReconcilerExecutor-hivemq-controller-132] INFO  c.h.p.o.HiveMQPlatformReconciler - [updatelo] Reconciling HiveMQ Platform 'test-hivemq-platform' in namespace 'updateloglevelit'
2025-01-30 04:06:16,967 INFO c.h.h.t.HelmChartContainer - [hivemq-test-hivemq-platform] [hivemq-platform-operator] [3d4445db] 04:06:16.966 [ReconcilerExecutor-hivemq-controller-132] DEBUG c.h.p.o.HiveMQPlatformReconciler - [updatelo] Custom Resource Status SET_LOG_LEVEL - HiveMQ Platform is updating the log level (WAIT_FOR_LOG_LEVEL_UPDATE) (reconciliation requests: SCALING)
2025-01-30 04:06:16,967 INFO c.h.h.t.HelmChartContainer - [hivemq-test-hivemq-platform] [hivemq-platform-operator] [3d4445db] 04:06:16.966 [ReconcilerExecutor-hivemq-controller-132] DEBUG c.h.p.o.HiveMQPlatformReconciler - [updatelo] Custom Resource Spec (replicas: 2) (extensions: 1)
2025-01-30 04:06:16,969 INFO c.h.h.t.HelmChartContainer - [hivemq-test-hivemq-platform] [hivemq-platform-operator] [3d4445db] 04:06:16.969 [ReconcilerExecutor-hivemq-controller-132] DEBUG c.h.p.o.HiveMQPlatformReconciler - [updatelo] StatefulSet Status (revision: test-hivemq-platform-b697f795f, replicas: 2, available: 1, ready: 1, current: 2, updated: 2)
2025-01-30 04:06:16,970 INFO c.h.h.t.HelmChartContainer - [hivemq-test-hivemq-platform] [hivemq-platform-operator] [3d4445db] 04:06:16.969 [ReconcilerExecutor-hivemq-controller-132] DEBUG c.h.p.o.HiveMQPlatformReconciler - [updatelo] StatefulSet Spec (replicas: 2, init containers: 1, containers: 1, volumes: 3)
2025-01-30 04:06:16,972 INFO c.h.h.t.HelmChartContainer - [hivemq-test-hivemq-platform] [hivemq-platform-operator] [3d4445db] 04:06:16.971 [ReconcilerExecutor-hivemq-controller-132] DEBUG c.h.p.o.h.HiveMQPlatformReconcilerErrorHandler - [updatelo] Pod 'test-hivemq-platform-1' phase Running
2025-01-30 04:06:16,974 INFO c.h.h.t.HelmChartContainer - [hivemq-test-hivemq-platform] [hivemq-platform-operator] [3d4445db] 04:06:16.973 [ReconcilerExecutor-hivemq-controller-132] DEBUG c.h.p.o.h.HiveMQPlatformReconcilerErrorHandler - [updatelo] Pod 'test-hivemq-platform-0' phase Running
2025-01-30 04:06:16,974 INFO c.h.h.t.HelmChartContainer - [hivemq-test-hivemq-platform] [hivemq-platform-operator] [3d4445db] 04:06:16.974 [ReconcilerExecutor-hivemq-controller-132] INFO  c.h.p.o.h.HiveMQPlatformReconcilerSetLogLevelHandler - [updatelo] Successfully updated log level on all Pods
2025-01-30 04:06:16,989 INFO c.h.h.t.HelmChartContainer - [EVENT] Normal [Ready] HiveMQ Platform is ready [updateloglevelit:test-hivemq-platform]
2025-01-30 04:06:16,991 INFO c.h.h.t.HelmChartContainer - [hivemq-test-hivemq-platform] [hivemq-platform-operator] [3d4445db] 04:06:16.989 [ReconcilerExecutor-hivemq-controller-132] DEBUG c.h.p.operator.event.EventSender - [updatelo] Updating K8s event hivemq-platform-ready: [Ready] HiveMQ Platform is ready
2025-01-30 04:06:16,991 INFO c.h.h.t.HelmChartContainer - [hivemq-test-hivemq-platform] [hivemq-platform-operator] [3d4445db] 04:06:16.989 [ReconcilerExecutor-hivemq-controller-132] INFO  c.h.p.o.h.AbstractHiveMQReconcilerStateHandler - [updatelo] Update HiveMQ Platform Status (SET_LOG_LEVEL [WAIT_FOR_LOG_LEVEL_UPDATE] -> RUNNING [READY]): HiveMQ Platform is ready (reconciliation requests: SCALING)
2025-01-30 04:06:17,000 DEBUG com.hivemq.helmcharts.util.K8sUtil - Comparing actual state 'RUNNING' and waiting for 'RUNNING'
2025-01-30 04:06:19,001 INFO c.h.h.platform.UpdateLogLevelIT - Assert updated logback.xml in pods
2025-01-30 04:06:19,179 INFO c.h.h.t.HelmChartContainer - Uninstalling release 'test-hivemq-platform' in namespace 'updateloglevelit'...
2025-01-30 04:06:19,179 DEBUG c.h.h.t.HelmChartContainer - Executing helm command: /bin/helm --kubeconfig /etc/rancher/k3s/k3s.yaml uninstall test-hivemq-platform  --wait --timeout 5m0s --cascade foreground --namespace updateloglevelit
2025-01-30 04:06:19,391 INFO c.h.h.t.HelmChartContainer - [hivemq-test-hivemq-platform] [hivemq-platform-operator] [3d4445db] 04:06:19.380 [pool-6-thread-40] DEBUG c.h.p.o.d.PlatformServiceResource - [updatelo] Desired Platform services (3 services)
2025-01-30 04:06:19,391 INFO c.h.h.t.HelmChartContainer - [hivemq-test-hivemq-platform] [hivemq-platform-operator] [3d4445db] 04:06:19.384 [pool-6-thread-32] DEBUG c.h.p.o.dependants.PodInfoConfigMap - [updatelo] Desired PodInfo ConfigMap (1 extensions) (1 enabled)
2025-01-30 04:06:19,391 INFO c.h.h.t.HelmChartContainer - [hivemq-test-hivemq-platform] [hivemq-platform-operator] [3d4445db] 04:06:19.385 [pool-6-thread-32] DEBUG c.h.p.o.dependants.PodInfoConfigMap - [updatelo] Desired PodInfo ConfigMap (metrics port: 9399) (metrics path: /)
2025-01-30 04:06:19,391 INFO c.h.h.t.HelmChartContainer - [hivemq-test-hivemq-platform] [hivemq-platform-operator] [3d4445db] 04:06:19.385 [pool-6-thread-32] DEBUG c.h.p.o.dependants.PodInfoConfigMap - [updatelo] Desired PodInfo ConfigMap (extension state hash: -1817474005)
2025-01-30 04:06:19,391 INFO c.h.h.t.HelmChartContainer - [hivemq-test-hivemq-platform] [hivemq-platform-operator] [3d4445db] 04:06:19.387 [pool-6-thread-32] DEBUG c.h.p.o.dependants.PodInfoConfigMap - [updatelo] Update PodInfo ConfigMap
2025-01-30 04:06:19,396 INFO c.h.h.t.HelmChartContainer - [hivemq-test-hivemq-platform] [hivemq-platform-operator] [3d4445db] 04:06:19.388 [pool-6-thread-39] DEBUG c.h.p.o.d.PodServiceAccountResource - [updatelo] Desired PodServiceAccountResource (serviceAccountName: hivemq-platform-pod-test-hivemq-platform)
2025-01-30 04:06:19,438 INFO c.h.h.t.HelmChartContainer - [hivemq-test-hivemq-platform] [hivemq-platform-operator] [3d4445db] 04:06:19.428 [pool-6-thread-32] DEBUG c.h.p.o.d.StatefulSetResource - [updatelo] Desired StatefulSet (2 replicas) for status RUNNING (READY)
2025-01-30 04:06:19,444 INFO c.h.h.t.HelmChartContainer - [test-hivemq-platform] [hivemq] [59dfce82] WARN  - No user for HiveMQ Control Center configured. Starting with default user
2025-01-30 04:06:19,449 INFO c.h.h.t.HelmChartContainer - [hivemq-test-hivemq-platform] [hivemq-platform-operator] [3d4445db] 04:06:19.448 [pool-6-thread-32] DEBUG c.h.p.o.d.StatefulSetResource - [updatelo] Update StatefulSet (replicas: 2 -> 2)
2025-01-30 04:06:19,459 INFO c.h.h.t.HelmChartContainer - [hivemq-test-hivemq-platform] [hivemq-platform-operator] [3d4445db] 04:06:19.454 [pool-6-thread-32] DEBUG c.h.p.o.d.StatefulSetResource - [updatelo] Detected change in StatefulSet specification (path: /template/metadata/annotations/kubernetes-resource-versions) (actual value: {broker-configuration-v2=-2089688360}) (target value: {broker-configuration-v2=0})
2025-01-30 04:06:19,459 INFO c.h.h.t.HelmChartContainer - [hivemq-test-hivemq-platform] [hivemq-platform-operator] [3d4445db] 04:06:19.454 [pool-6-thread-32] INFO  c.h.p.o.d.StatefulSetResource - [updatelo] StatefulSet spec was updated, triggering rolling restart
2025-01-30 04:06:19,528 INFO c.h.h.t.HelmChartContainer - [hivemq-test-hivemq-platform] [hivemq-platform-operator] [3d4445db] 04:06:19.526 [ReconcilerExecutor-hivemq-controller-133] INFO  c.h.p.o.HiveMQPlatformReconciler - [updatelo] Reconciling HiveMQ Platform 'test-hivemq-platform' in namespace 'updateloglevelit'
2025-01-30 04:06:19,528 INFO c.h.h.t.HelmChartContainer - [hivemq-test-hivemq-platform] [hivemq-platform-operator] [3d4445db] 04:06:19.527 [ReconcilerExecutor-hivemq-controller-133] DEBUG c.h.p.o.HiveMQPlatformReconciler - [updatelo] Custom Resource Status RUNNING - HiveMQ Platform is ready (READY) (reconciliation requests: SCALING, REQUESTS_UPDATED, ROLLING_RESTART)
2025-01-30 04:06:19,529 INFO c.h.h.t.HelmChartContainer - [hivemq-test-hivemq-platform] [hivemq-platform-operator] [3d4445db] 04:06:19.527 [ReconcilerExecutor-hivemq-controller-133] DEBUG c.h.p.o.HiveMQPlatformReconciler - [updatelo] Custom Resource Spec (replicas: 2) (extensions: 1)
2025-01-30 04:06:19,529 INFO c.h.h.t.HelmChartContainer - [hivemq-test-hivemq-platform] [hivemq-platform-operator] [3d4445db] 04:06:19.527 [ReconcilerExecutor-hivemq-controller-133] WARN  c.h.p.o.h.HiveMQPlatformReconcilerErrorHandler - [updatelo] Could not find ConfigMap 'hivemq-configuration-test-hivemq-platform' for HiveMQ Platform configuration
2025-01-30 04:06:19,602 INFO c.h.h.t.HelmChartContainer - [hivemq-test-hivemq-platform] [hivemq-platform-operator] [3d4445db] 04:06:19.601 [ReconcilerExecutor-hivemq-controller-133] DEBUG c.h.p.operator.event.EventSender - [updatelo] Creating K8s event hivemq-platform-invalid-configuration: [Start] Could not find ConfigMap 'hivemq-configuration-test-hivemq-platform' for HiveMQ Platform configuration
2025-01-30 04:06:19,607 INFO c.h.h.t.HelmChartContainer - [EVENT] Warning [Start] Could not find ConfigMap 'hivemq-configuration-test-hivemq-platform' for HiveMQ Platform configuration [updateloglevelit:test-hivemq-platform]
2025-01-30 04:06:19,608 INFO c.h.h.t.HelmChartContainer - [hivemq-test-hivemq-platform] [hivemq-platform-operator] [3d4445db] 04:06:19.607 [ReconcilerExecutor-hivemq-controller-133] INFO  c.h.p.o.h.AbstractHiveMQReconcilerStateHandler - [updatelo] Update HiveMQ Platform Status (RUNNING [READY] -> ERROR [INVALID_CONFIG_MAP]): Could not find ConfigMap 'hivemq-configuration-test-hivemq-platform' for HiveMQ Platform configuration (reconciliation requests: SCALING, ROLLING_RESTART)
2025-01-30 04:06:19,624 INFO c.h.h.t.HelmChartContainer - [hivemq-test-hivemq-platform] [hivemq-platform-operator] [3d4445db] 04:06:19.621 [ReconcilerExecutor-hivemq-controller-133] ERROR i.j.o.p.event.EventProcessor - Error during event processing ExecutionScope{ resource id: ResourceID{name='test-hivemq-platform', namespace='updateloglevelit'}, version: 1304}
2025-01-30 04:06:19,624 INFO c.h.h.t.HelmChartContainer - [hivemq-test-hivemq-platform] [hivemq-platform-operator] [3d4445db] io.fabric8.kubernetes.client.KubernetesClientException: Failure executing: PUT at: https://10.43.0.1:443/apis/hivemq.com/v1/namespaces/updateloglevelit/hivemq-platforms/test-hivemq-platform/status. Message: Operation cannot be fulfilled on hivemq-platforms.hivemq.com "test-hivemq-platform": the object has been modified; please apply your changes to the latest version and try again. Received status: Status(apiVersion=v1, code=409, details=StatusDetails(causes=[], group=hivemq.com, kind=hivemq-platforms, name=test-hivemq-platform, retryAfterSeconds=null, uid=null, additionalProperties={}), kind=Status, message=Operation cannot be fulfilled on hivemq-platforms.hivemq.com "test-hivemq-platform": the object has been modified; please apply your changes to the latest version and try again, metadata=ListMeta(_continue=null, remainingItemCount=null, resourceVersion=null, selfLink=null, additionalProperties={}), reason=Conflict, status=Failure, additionalProperties={}).
2025-01-30 04:06:19,624 INFO c.h.h.t.HelmChartContainer - [hivemq-test-hivemq-platform] [hivemq-platform-operator] [3d4445db] 	at io.fabric8.kubernetes.client.KubernetesClientException.copyAsCause(KubernetesClientException.java:238)
2025-01-30 04:06:19,624 INFO c.h.h.t.HelmChartContainer - [hivemq-test-hivemq-platform] [hivemq-platform-operator] [3d4445db] 	at io.fabric8.kubernetes.client.dsl.internal.OperationSupport.waitForResult(OperationSupport.java:507)
2025-01-30 04:06:19,624 INFO c.h.h.t.HelmChartContainer - [hivemq-test-hivemq-platform] [hivemq-platform-operator] [3d4445db] 	at io.fabric8.kubernetes.client.dsl.internal.OperationSupport.handleResponse(OperationSupport.java:524)
2025-01-30 04:06:19,624 INFO c.h.h.t.HelmChartContainer - [hivemq-test-hivemq-platform] [hivemq-platform-operator] [3d4445db] 	at io.fabric8.kubernetes.client.dsl.internal.OperationSupport.handleUpdate(OperationSupport.java:358)
2025-01-30 04:06:19,624 INFO c.h.h.t.HelmChartContainer - [hivemq-test-hivemq-platform] [hivemq-platform-operator] [3d4445db] 	at io.fabric8.kubernetes.client.dsl.internal.BaseOperation.handleUpdate(BaseOperation.java:759)
2025-01-30 04:06:19,624 INFO c.h.h.t.HelmChartContainer - [hivemq-test-hivemq-platform] [hivemq-platform-operator] [3d4445db] 	at io.fabric8.kubernetes.client.dsl.internal.HasMetadataOperation.update(HasMetadataOperation.java:138)
2025-01-30 04:06:19,624 INFO c.h.h.t.HelmChartContainer - [hivemq-test-hivemq-platform] [hivemq-platform-operator] [3d4445db] 	at io.fabric8.kubernetes.client.dsl.internal.HasMetadataOperation.update(HasMetadataOperation.java:121)
2025-01-30 04:06:19,624 INFO c.h.h.t.HelmChartContainer - [hivemq-test-hivemq-platform] [hivemq-platform-operator] [3d4445db] 	at io.fabric8.kubernetes.client.dsl.internal.HasMetadataOperation.updateStatus(HasMetadataOperation.java:126)
2025-01-30 04:06:19,624 INFO c.h.h.t.HelmChartContainer - [hivemq-test-hivemq-platform] [hivemq-platform-operator] [3d4445db] 	at io.fabric8.kubernetes.client.dsl.internal.HasMetadataOperation.updateStatus(HasMetadataOperation.java:44)
2025-01-30 04:06:19,624 INFO c.h.h.t.HelmChartContainer - [hivemq-test-hivemq-platform] [hivemq-platform-operator] [3d4445db] 	at io.javaoperatorsdk.operator.processing.event.ReconciliationDispatcher$CustomResourceFacade.updateStatus(ReconciliationDispatcher.java:408)
2025-01-30 04:06:19,624 INFO c.h.h.t.HelmChartContainer - [hivemq-test-hivemq-platform] [hivemq-platform-operator] [3d4445db] 	at io.javaoperatorsdk.operator.processing.event.ReconciliationDispatcher.updateStatusGenerationAware(ReconciliationDispatcher.java:228)
2025-01-30 04:06:19,624 INFO c.h.h.t.HelmChartContainer - [hivemq-test-hivemq-platform] [hivemq-platform-operator] [3d4445db] 	at io.javaoperatorsdk.operator.processing.event.ReconciliationDispatcher.reconcileExecution(ReconciliationDispatcher.java:150)
2025-01-30 04:06:19,624 INFO c.h.h.t.HelmChartContainer - [hivemq-test-hivemq-platform] [hivemq-platform-operator] [3d4445db] 	at io.javaoperatorsdk.operator.processing.event.ReconciliationDispatcher.handleReconcile(ReconciliationDispatcher.java:117)
2025-01-30 04:06:19,624 INFO c.h.h.t.HelmChartContainer - [hivemq-test-hivemq-platform] [hivemq-platform-operator] [3d4445db] 	at io.javaoperatorsdk.operator.processing.event.ReconciliationDispatcher.handleDispatch(ReconciliationDispatcher.java:91)
2025-01-30 04:06:19,624 INFO c.h.h.t.HelmChartContainer - [hivemq-test-hivemq-platform] [hivemq-platform-operator] [3d4445db] 	at io.javaoperatorsdk.operator.processing.event.ReconciliationDispatcher.handleExecution(ReconciliationDispatcher.java:64)
2025-01-30 04:06:19,624 INFO c.h.h.t.HelmChartContainer - [hivemq-test-hivemq-platform] [hivemq-platform-operator] [3d4445db] 	at io.javaoperatorsdk.operator.processing.event.EventProcessor$ReconcilerExecutor.run(EventProcessor.java:452)
2025-01-30 04:06:19,624 INFO c.h.h.t.HelmChartContainer - [hivemq-test-hivemq-platform] [hivemq-platform-operator] [3d4445db] 	at java.base/java.util.concurrent.ThreadPoolExecutor.runWorker(Unknown Source)
2025-01-30 04:06:19,624 INFO c.h.h.t.HelmChartContainer - [hivemq-test-hivemq-platform] [hivemq-platform-operator] [3d4445db] 	at java.base/java.util.concurrent.ThreadPoolExecutor$Worker.run(Unknown Source)
2025-01-30 04:06:19,624 INFO c.h.h.t.HelmChartContainer - [hivemq-test-hivemq-platform] [hivemq-platform-operator] [3d4445db] 	at java.base/java.lang.Thread.run(Unknown Source)
2025-01-30 04:06:19,624 INFO c.h.h.t.HelmChartContainer - [hivemq-test-hivemq-platform] [hivemq-platform-operator] [3d4445db] Caused by: io.fabric8.kubernetes.client.KubernetesClientException: Failure executing: PUT at: https://10.43.0.1:443/apis/hivemq.com/v1/namespaces/updateloglevelit/hivemq-platforms/test-hivemq-platform/status. Message: Operation cannot be fulfilled on hivemq-platforms.hivemq.com "test-hivemq-platform": the object has been modified; please apply your changes to the latest version and try again. Received status: Status(apiVersion=v1, code=409, details=StatusDetails(causes=[], group=hivemq.com, kind=hivemq-platforms, name=test-hivemq-platform, retryAfterSeconds=null, uid=null, additionalProperties={}), kind=Status, message=Operation cannot be fulfilled on hivemq-platforms.hivemq.com "test-hivemq-platform": the object has been modified; please apply your changes to the latest version and try again, metadata=ListMeta(_continue=null, remainingItemCount=null, resourceVersion=null, selfLink=null, additionalProperties={}), reason=Conflict, status=Failure, additionalProperties={}).
2025-01-30 04:06:19,624 INFO c.h.h.t.HelmChartContainer - [hivemq-test-hivemq-platform] [hivemq-platform-operator] [3d4445db] 	at io.fabric8.kubernetes.client.dsl.internal.OperationSupport.requestFailure(OperationSupport.java:660)
2025-01-30 04:06:19,624 INFO c.h.h.t.HelmChartContainer - [hivemq-test-hivemq-platform] [hivemq-platform-operator] [3d4445db] 	at io.fabric8.kubernetes.client.dsl.internal.OperationSupport.requestFailure(OperationSupport.java:640)
2025-01-30 04:06:19,624 INFO c.h.h.t.HelmChartContainer - [hivemq-test-hivemq-platform] [hivemq-platform-operator] [3d4445db] 	at io.fabric8.kubernetes.client.dsl.internal.OperationSupport.assertResponseCode(OperationSupport.java:589)
2025-01-30 04:06:19,624 INFO c.h.h.t.HelmChartContainer - [hivemq-test-hivemq-platform] [hivemq-platform-operator] [3d4445db] 	at io.fabric8.kubernetes.client.dsl.internal.OperationSupport.lambda$handleResponse$0(OperationSupport.java:549)
2025-01-30 04:06:19,624 INFO c.h.h.t.HelmChartContainer - [hivemq-test-hivemq-platform] [hivemq-platform-operator] [3d4445db] 	at java.base/java.util.concurrent.CompletableFuture$UniApply.tryFire(Unknown Source)
2025-01-30 04:06:19,624 INFO c.h.h.t.HelmChartContainer - [hivemq-test-hivemq-platform] [hivemq-platform-operator] [3d4445db] 	at java.base/java.util.concurrent.CompletableFuture.postComplete(Unknown Source)
2025-01-30 04:06:19,624 INFO c.h.h.t.HelmChartContainer - [hivemq-test-hivemq-platform] [hivemq-platform-operator] [3d4445db] 	at java.base/java.util.concurrent.CompletableFuture.complete(Unknown Source)
2025-01-30 04:06:19,624 INFO c.h.h.t.HelmChartContainer - [hivemq-test-hivemq-platform] [hivemq-platform-operator] [3d4445db] 	at io.fabric8.kubernetes.client.http.StandardHttpClient.lambda$completeOrCancel$10(StandardHttpClient.java:141)
2025-01-30 04:06:19,624 INFO c.h.h.t.HelmChartContainer - [hivemq-test-hivemq-platform] [hivemq-platform-operator] [3d4445db] 	at java.base/java.util.concurrent.CompletableFuture.uniWhenComplete(Unknown Source)
2025-01-30 04:06:19,624 INFO c.h.h.t.HelmChartContainer - [hivemq-test-hivemq-platform] [hivemq-platform-operator] [3d4445db] 	at java.base/java.util.concurrent.CompletableFuture$UniWhenComplete.tryFire(Unknown Source)
2025-01-30 04:06:19,624 INFO c.h.h.t.HelmChartContainer - [hivemq-test-hivemq-platform] [hivemq-platform-operator] [3d4445db] 	at java.base/java.util.concurrent.CompletableFuture.postComplete(Unknown Source)
2025-01-30 04:06:19,624 INFO c.h.h.t.HelmChartContainer - [hivemq-test-hivemq-platform] [hivemq-platform-operator] [3d4445db] 	at java.base/java.util.concurrent.CompletableFuture.complete(Unknown Source)
2025-01-30 04:06:19,624 INFO c.h.h.t.HelmChartContainer - [hivemq-test-hivemq-platform] [hivemq-platform-operator] [3d4445db] 	at io.fabric8.kubernetes.client.http.ByteArrayBodyHandler.onBodyDone(ByteArrayBodyHandler.java:51)
2025-01-30 04:06:19,624 INFO c.h.h.t.HelmChartContainer - [hivemq-test-hivemq-platform] [hivemq-platform-operator] [3d4445db] 	at java.base/java.util.concurrent.CompletableFuture.uniWhenComplete(Unknown Source)
2025-01-30 04:06:19,624 INFO c.h.h.t.HelmChartContainer - [hivemq-test-hivemq-platform] [hivemq-platform-operator] [3d4445db] 	at java.base/java.util.concurrent.CompletableFuture$UniWhenComplete.tryFire(Unknown Source)
2025-01-30 04:06:19,624 INFO c.h.h.t.HelmChartContainer - [hivemq-test-hivemq-platform] [hivemq-platform-operator] [3d4445db] 	at java.base/java.util.concurrent.CompletableFuture.postComplete(Unknown Source)
2025-01-30 04:06:19,624 INFO c.h.h.t.HelmChartContainer - [hivemq-test-hivemq-platform] [hivemq-platform-operator] [3d4445db] 	at java.base/java.util.concurrent.CompletableFuture.complete(Unknown Source)
2025-01-30 04:06:19,624 INFO c.h.h.t.HelmChartContainer - [hivemq-test-hivemq-platform] [hivemq-platform-operator] [3d4445db] 	at io.fabric8.kubernetes.client.vertx.VertxHttpRequest.lambda$null$1(VertxHttpRequest.java:121)
2025-01-30 04:06:19,624 INFO c.h.h.t.HelmChartContainer - [hivemq-test-hivemq-platform] [hivemq-platform-operator] [3d4445db] 	at io.vertx.core.impl.ContextInternal.dispatch(ContextInternal.java:279)
2025-01-30 04:06:19,624 INFO c.h.h.t.HelmChartContainer - [hivemq-test-hivemq-platform] [hivemq-platform-operator] [3d4445db] 	at io.vertx.core.impl.ContextInternal.dispatch(ContextInternal.java:261)
2025-01-30 04:06:19,624 INFO c.h.h.t.HelmChartContainer - [hivemq-test-hivemq-platform] [hivemq-platform-operator] [3d4445db] 	at io.vertx.core.http.impl.HttpEventHandler.handleEnd(HttpEventHandler.java:76)
2025-01-30 04:06:19,624 INFO c.h.h.t.HelmChartContainer - [hivemq-test-hivemq-platform] [hivemq-platform-operator] [3d4445db] 	at io.vertx.core.http.impl.HttpClientResponseImpl.handleEnd(HttpClientResponseImpl.java:250)
2025-01-30 04:06:19,624 INFO c.h.h.t.HelmChartContainer - [hivemq-test-hivemq-platform] [hivemq-platform-operator] [3d4445db] 	at io.vertx.core.http.impl.Http1xClientConnection$StreamImpl.lambda$new$0(Http1xClientConnection.java:421)
2025-01-30 04:06:19,625 INFO c.h.h.t.HelmChartContainer - [hivemq-test-hivemq-platform] [hivemq-platform-operator] [3d4445db] 	at io.vertx.core.streams.impl.InboundBuffer.handleEvent(InboundBuffer.java:279)
2025-01-30 04:06:19,625 INFO c.h.h.t.HelmChartContainer - [hivemq-test-hivemq-platform] [hivemq-platform-operator] [3d4445db] 	at io.vertx.core.streams.impl.InboundBuffer.write(InboundBuffer.java:157)
2025-01-30 04:06:19,625 INFO c.h.h.t.HelmChartContainer - [hivemq-test-hivemq-platform] [hivemq-platform-operator] [3d4445db] 	at io.vertx.core.http.impl.Http1xClientConnection$StreamImpl.handleEnd(Http1xClientConnection.java:709)
2025-01-30 04:06:19,625 INFO c.h.h.t.HelmChartContainer - [hivemq-test-hivemq-platform] [hivemq-platform-operator] [3d4445db] 	at io.vertx.core.impl.ContextImpl.lambda$execute$4(ContextImpl.java:315)
2025-01-30 04:06:19,625 INFO c.h.h.t.HelmChartContainer - [hivemq-test-hivemq-platform] [hivemq-platform-operator] [3d4445db] 	at io.netty.util.concurrent.AbstractEventExecutor.runTask(AbstractEventExecutor.java:173)
2025-01-30 04:06:19,625 INFO c.h.h.t.HelmChartContainer - [hivemq-test-hivemq-platform] [hivemq-platform-operator] [3d4445db] 	at io.netty.util.concurrent.AbstractEventExecutor.safeExecute(AbstractEventExecutor.java:166)
2025-01-30 04:06:19,625 INFO c.h.h.t.HelmChartContainer - [hivemq-test-hivemq-platform] [hivemq-platform-operator] [3d4445db] 	at io.netty.util.concurrent.SingleThreadEventExecutor.runAllTasks(SingleThreadEventExecutor.java:472)
2025-01-30 04:06:19,625 INFO c.h.h.t.HelmChartContainer - [hivemq-test-hivemq-platform] [hivemq-platform-operator] [3d4445db] 	at io.netty.channel.nio.NioEventLoop.run(NioEventLoop.java:569)
2025-01-30 04:06:19,625 INFO c.h.h.t.HelmChartContainer - [hivemq-test-hivemq-platform] [hivemq-platform-operator] [3d4445db] 	at io.netty.util.concurrent.SingleThreadEventExecutor$4.run(SingleThreadEventExecutor.java:997)
2025-01-30 04:06:19,625 INFO c.h.h.t.HelmChartContainer - [hivemq-test-hivemq-platform] [hivemq-platform-operator] [3d4445db] 	at io.netty.util.internal.ThreadExecutorMap$2.run(ThreadExecutorMap.java:74)
2025-01-30 04:06:19,625 INFO c.h.h.t.HelmChartContainer - [hivemq-test-hivemq-platform] [hivemq-platform-operator] [3d4445db] 	at io.netty.util.concurrent.FastThreadLocalRunnable.run(FastThreadLocalRunnable.java:30)
2025-01-30 04:06:19,625 INFO c.h.h.t.HelmChartContainer - [hivemq-test-hivemq-platform] [hivemq-platform-operator] [3d4445db] 	... 1 common frames omitted
2025-01-30 04:06:19,628 INFO c.h.h.t.HelmChartContainer - [hivemq-test-hivemq-platform] [hivemq-platform-operator] [3d4445db] 04:06:19.625 [ReconcilerExecutor-hivemq-controller-136] INFO  c.h.p.o.HiveMQPlatformReconciler - [updatelo] Cleanup test-hivemq-platform - updateloglevelit HiveMQ Platform is shut down
2025-01-30 04:06:20,209 INFO c.h.h.t.HelmChartContainer - [POD] test-hivemq-platform-0 [f951c347-dd04-42c2-a426-73025b6de5b1] in updateloglevelit was MODIFIED
2025-01-30 04:06:20,212 INFO c.h.h.t.HelmChartContainer - [EVENT] Normal [Killing] Stopping container hivemq [updateloglevelit:test-hivemq-platform-0]
2025-01-30 04:06:20,212 INFO c.h.h.t.HelmChartContainer - Received Killing event for container hivemq in pod test-hivemq-platform-0 [f951c347-dd04-42c2-a426-73025b6de5b1]
2025-01-30 04:06:20,213 INFO c.h.h.t.HelmChartContainer - Container [test-hivemq-platform-0] [hivemq] [f951c347-dd04-42c2-a426-73025b6de5b1] was terminated
2025-01-30 04:06:20,213 INFO c.h.h.t.HelmChartContainer - Stopped log watcher for hivemq in pod test-hivemq-platform-0 [f951c347-dd04-42c2-a426-73025b6de5b1]
2025-01-30 04:06:20,223 INFO c.h.h.t.HelmChartContainer - [test-hivemq-platform] [hivemq] [f951c347] INFO  - [HiveMQ Platform Operator Init App 1.7.0-SNAPSHOT] Shutting down
2025-01-30 04:06:20,225 INFO c.h.h.t.HelmChartContainer - [test-hivemq-platform] [hivemq] [f951c347] INFO  - [HiveMQ Platform Operator Init App 1.7.0-SNAPSHOT] Stopping the HiveMQ Platform
2025-01-30 04:06:20,234 INFO c.h.h.t.HelmChartContainer - [POD] test-hivemq-platform-1 [59dfce82-5bb1-4d47-a385-3a5d8e070a29] in updateloglevelit was MODIFIED
2025-01-30 04:06:20,241 INFO c.h.h.t.HelmChartContainer - [EVENT] Normal [Killing] Stopping container hivemq [updateloglevelit:test-hivemq-platform-1]
2025-01-30 04:06:20,241 INFO c.h.h.t.HelmChartContainer - Received Killing event for container hivemq in pod test-hivemq-platform-1 [59dfce82-5bb1-4d47-a385-3a5d8e070a29]
2025-01-30 04:06:20,241 INFO c.h.h.t.HelmChartContainer - Container [test-hivemq-platform-1] [hivemq] [59dfce82-5bb1-4d47-a385-3a5d8e070a29] was terminated
2025-01-30 04:06:20,241 INFO c.h.h.t.HelmChartContainer - Stopped log watcher for hivemq in pod test-hivemq-platform-1 [59dfce82-5bb1-4d47-a385-3a5d8e070a29]
2025-01-30 04:06:20,267 INFO c.h.h.t.HelmChartContainer - [test-hivemq-platform] [hivemq] [59dfce82] INFO  - [HiveMQ Platform Operator Init App 1.7.0-SNAPSHOT] Shutting down
2025-01-30 04:06:20,267 INFO c.h.h.t.HelmChartContainer - [test-hivemq-platform] [hivemq] [59dfce82] INFO  - [HiveMQ Platform Operator Init App 1.7.0-SNAPSHOT] Stopping the HiveMQ Platform
2025-01-30 04:06:20,282 INFO c.h.h.t.HelmChartContainer - [EVENT] Warning [Unhealthy] Readiness probe failed: HTTP probe failed with statuscode: 503 [updateloglevelit:test-hivemq-platform-1]
2025-01-30 04:06:20,283 INFO c.h.h.t.HelmChartContainer - Received Unhealthy event for container hivemq in pod test-hivemq-platform-1 [59dfce82-5bb1-4d47-a385-3a5d8e070a29]
2025-01-30 04:06:20,443 INFO c.h.h.t.HelmChartContainer - [K3S] [authentication.go:74] "Unable to authenticate the request" err="[invalid bearer token, serviceaccounts \"hivemq-platform-pod-test-hivemq-platform\" not found]"
2025-01-30 04:06:20,547 INFO c.h.h.t.HelmChartContainer - [K3S] [authentication.go:74] "Unable to authenticate the request" err="[invalid bearer token, serviceaccounts \"hivemq-platform-pod-test-hivemq-platform\" not found]"
2025-01-30 04:06:20,646 INFO c.h.h.t.HelmChartContainer - [test-hivemq-platform] [hivemq] [f951c347] WARN  - [HiveMQ Platform Operator Init App 1.7.0-SNAPSHOT] Could not update Pod annotations: Failure executing: GET at: https://10.43.0.1:443/api/v1/namespaces/updateloglevelit/pods/test-hivemq-platform-0. Message: Unauthorized. Received status: Status(apiVersion=v1, code=401, details=null, kind=Status, message=Unauthorized, metadata=ListMeta(_continue=null, remainingItemCount=null, resourceVersion=null, selfLink=null, additionalProperties={}), reason=Unauthorized, status=Failure, additionalProperties={}).
2025-01-30 04:06:21,469 INFO c.h.h.t.HelmChartContainer - Deleting namespace 'updateloglevelit'...
2025-01-30 04:06:21,667 INFO c.h.h.t.HelmChartContainer - [K3S] [authentication.go:74] "Unable to authenticate the request" err="[invalid bearer token, serviceaccounts \"hivemq-platform-pod-test-hivemq-platform\" not found]"
2025-01-30 04:06:21,688 INFO c.h.h.t.HelmChartContainer - [K3S] [authentication.go:74] "Unable to authenticate the request" err="[invalid bearer token, serviceaccounts \"hivemq-platform-pod-test-hivemq-platform\" not found]"
2025-01-30 04:06:21,773 INFO c.h.h.t.HelmChartContainer - [test-hivemq-platform] [hivemq] [59dfce82] WARN  - [HiveMQ Platform Operator Init App 1.7.0-SNAPSHOT] Could not update Pod annotations: Failure executing: GET at: https://10.43.0.1:443/api/v1/namespaces/updateloglevelit/pods/test-hivemq-platform-1. Message: Unauthorized. Received status: Status(apiVersion=v1, code=401, details=null, kind=Status, message=Unauthorized, metadata=ListMeta(_continue=null, remainingItemCount=null, resourceVersion=null, selfLink=null, additionalProperties={}), reason=Unauthorized, status=Failure, additionalProperties={}).
2025-01-30 04:06:24,854 INFO c.h.h.t.HelmChartContainer - [test-hivemq-platform] [hivemq] [f951c347] INFO  - [HiveMQ Platform Operator Init App 1.7.0-SNAPSHOT] Returning shutdown Health API response 503 for readiness
2025-01-30 04:06:24,858 INFO c.h.h.t.HelmChartContainer - [EVENT] Warning [Unhealthy] Readiness probe failed: HTTP probe failed with statuscode: 503 [updateloglevelit:test-hivemq-platform-0]
2025-01-30 04:06:24,859 INFO c.h.h.t.HelmChartContainer - Received Unhealthy event for container hivemq in pod test-hivemq-platform-0 [f951c347-dd04-42c2-a426-73025b6de5b1]
2025-01-30 04:06:25,237 INFO c.h.h.t.HelmChartContainer - [test-hivemq-platform] [hivemq] [59dfce82] INFO  - [HiveMQ Platform Operator Init App 1.7.0-SNAPSHOT] Returning shutdown Health API response 503 for readiness
2025-01-30 04:06:25,240 INFO c.h.h.t.HelmChartContainer - [EVENT] Warning [Unhealthy] Readiness probe failed: HTTP probe failed with statuscode: 503 [updateloglevelit:test-hivemq-platform-1]
2025-01-30 04:06:25,240 INFO c.h.h.t.HelmChartContainer - Received Unhealthy event for container hivemq in pod test-hivemq-platform-1 [59dfce82-5bb1-4d47-a385-3a5d8e070a29]
2025-01-30 04:06:25,649 INFO c.h.h.t.HelmChartContainer - [K3S] [authentication.go:74] "Unable to authenticate the request" err="[invalid bearer token, serviceaccounts \"hivemq-platform-pod-test-hivemq-platform\" not found]"
2025-01-30 04:06:25,662 INFO c.h.h.t.HelmChartContainer - [K3S] [authentication.go:74] "Unable to authenticate the request" err="[invalid bearer token, serviceaccounts \"hivemq-platform-pod-test-hivemq-platform\" not found]"
2025-01-30 04:06:25,664 INFO c.h.h.t.HelmChartContainer - [test-hivemq-platform] [hivemq] [f951c347] WARN  - [HiveMQ Platform Operator Init App 1.7.0-SNAPSHOT] Could not update Pod annotations: Failure executing: GET at: https://10.43.0.1:443/api/v1/namespaces/updateloglevelit/pods/test-hivemq-platform-0. Message: Unauthorized. Received status: Status(apiVersion=v1, code=401, details=null, kind=Status, message=Unauthorized, metadata=ListMeta(_continue=null, remainingItemCount=null, resourceVersion=null, selfLink=null, additionalProperties={}), reason=Unauthorized, status=Failure, additionalProperties={}).
2025-01-30 04:06:26,496 INFO c.h.h.t.HelmChartContainer - [K3S] [stateful_set.go:466] "StatefulSet has been deleted" key="updateloglevelit/test-hivemq-platform"
2025-01-30 04:06:26,508 INFO c.h.h.t.HelmChartContainer - [test-hivemq-platform] [hivemq] [f951c347] INFO  - [HiveMQ Platform Operator Init App 1.7.0-SNAPSHOT] The HiveMQ Platform exited with code 143
2025-01-30 04:06:26,508 INFO c.h.h.t.HelmChartContainer - [test-hivemq-platform] [hivemq] [f951c347] INFO  - [HiveMQ Platform Operator Init App 1.7.0-SNAPSHOT] Stopping the REST API
2025-01-30 04:06:26,542 INFO c.h.h.t.HelmChartContainer - [test-hivemq-platform] [hivemq] [f951c347] INFO  - [HiveMQ Platform Operator Init App 1.7.0-SNAPSHOT] Shutdown complete
2025-01-30 04:06:26,776 INFO c.h.h.t.HelmChartContainer - [K3S] [authentication.go:74] "Unable to authenticate the request" err="[invalid bearer token, serviceaccounts \"hivemq-platform-pod-test-hivemq-platform\" not found]"
2025-01-30 04:06:26,794 INFO c.h.h.t.HelmChartContainer - [K3S] [authentication.go:74] "Unable to authenticate the request" err="[invalid bearer token, serviceaccounts \"hivemq-platform-pod-test-hivemq-platform\" not found]"
2025-01-30 04:06:26,863 INFO c.h.h.t.HelmChartContainer - [test-hivemq-platform] [hivemq] [59dfce82] WARN  - [HiveMQ Platform Operator Init App 1.7.0-SNAPSHOT] Could not update Pod annotations: Failure executing: GET at: https://10.43.0.1:443/api/v1/namespaces/updateloglevelit/pods/test-hivemq-platform-1. Message: Unauthorized. Received status: Status(apiVersion=v1, code=401, details=null, kind=Status, message=Unauthorized, metadata=ListMeta(_continue=null, remainingItemCount=null, resourceVersion=null, selfLink=null, additionalProperties={}), reason=Unauthorized, status=Failure, additionalProperties={}).
2025-01-30 04:06:26,969 INFO c.h.h.t.HelmChartContainer - [test-hivemq-platform] [hivemq] [59dfce82] INFO  - [HiveMQ Platform Operator Init App 1.7.0-SNAPSHOT] The HiveMQ Platform exited with code 143
2025-01-30 04:06:26,970 INFO c.h.h.t.HelmChartContainer - [test-hivemq-platform] [hivemq] [59dfce82] INFO  - [HiveMQ Platform Operator Init App 1.7.0-SNAPSHOT] Stopping the REST API
2025-01-30 04:06:26,981 INFO c.h.h.t.HelmChartContainer - [test-hivemq-platform] [hivemq] [59dfce82] INFO  - [HiveMQ Platform Operator Init App 1.7.0-SNAPSHOT] Shutdown complete
2025-01-30 04:06:27,002 INFO c.h.h.t.HelmChartContainer - [POD] test-hivemq-platform-0 [f951c347-dd04-42c2-a426-73025b6de5b1] in updateloglevelit was MODIFIED
2025-01-30 04:06:27,112 INFO c.h.h.t.HelmChartContainer - [K3S] [reconciler_common.go:162] "operationExecutor.UnmountVolume started for volume \"kube-api-access-pgxrg\" (UniqueName: \"kubernetes.io/projected/f951c347-dd04-42c2-a426-73025b6de5b1-kube-api-access-pgxrg\") pod \"f951c347-dd04-42c2-a426-73025b6de5b1\" (UID: \"f951c347-dd04-42c2-a426-73025b6de5b1\") "
2025-01-30 04:06:27,112 INFO c.h.h.t.HelmChartContainer - [K3S] [reconciler_common.go:162] "operationExecutor.UnmountVolume started for volume \"broker-configuration\" (UniqueName: \"kubernetes.io/configmap/f951c347-dd04-42c2-a426-73025b6de5b1-broker-configuration\") pod \"f951c347-dd04-42c2-a426-73025b6de5b1\" (UID: \"f951c347-dd04-42c2-a426-73025b6de5b1\") "
2025-01-30 04:06:27,112 INFO c.h.h.t.HelmChartContainer - [K3S] [reconciler_common.go:162] "operationExecutor.UnmountVolume started for volume \"operator-init\" (UniqueName: \"kubernetes.io/empty-dir/f951c347-dd04-42c2-a426-73025b6de5b1-operator-init\") pod \"f951c347-dd04-42c2-a426-73025b6de5b1\" (UID: \"f951c347-dd04-42c2-a426-73025b6de5b1\") "
2025-01-30 04:06:27,112 INFO c.h.h.t.HelmChartContainer - [K3S] [reconciler_common.go:162] "operationExecutor.UnmountVolume started for volume \"pod-info\" (UniqueName: \"kubernetes.io/configmap/f951c347-dd04-42c2-a426-73025b6de5b1-pod-info\") pod \"f951c347-dd04-42c2-a426-73025b6de5b1\" (UID: \"f951c347-dd04-42c2-a426-73025b6de5b1\") "
2025-01-30 04:06:27,213 INFO c.h.h.t.HelmChartContainer - [K3S] [reconciler_common.go:299] "Volume detached for volume \"broker-configuration\" (UniqueName: \"kubernetes.io/configmap/f951c347-dd04-42c2-a426-73025b6de5b1-broker-configuration\") on node \"f66bc3b5d801\" DevicePath \"\""
2025-01-30 04:06:27,213 INFO c.h.h.t.HelmChartContainer - [K3S] [reconciler_common.go:299] "Volume detached for volume \"pod-info\" (UniqueName: \"kubernetes.io/configmap/f951c347-dd04-42c2-a426-73025b6de5b1-pod-info\") on node \"f66bc3b5d801\" DevicePath \"\""
2025-01-30 04:06:27,213 INFO c.h.h.t.HelmChartContainer - [K3S] [reconciler_common.go:299] "Volume detached for volume \"operator-init\" (UniqueName: \"kubernetes.io/empty-dir/f951c347-dd04-42c2-a426-73025b6de5b1-operator-init\") on node \"f66bc3b5d801\" DevicePath \"\""
2025-01-30 04:06:27,213 INFO c.h.h.t.HelmChartContainer - [K3S] [reconciler_common.go:299] "Volume detached for volume \"kube-api-access-pgxrg\" (UniqueName: \"kubernetes.io/projected/f951c347-dd04-42c2-a426-73025b6de5b1-kube-api-access-pgxrg\") on node \"f66bc3b5d801\" DevicePath \"\""
2025-01-30 04:06:27,402 INFO c.h.h.t.HelmChartContainer - [POD] test-hivemq-platform-1 [59dfce82-5bb1-4d47-a385-3a5d8e070a29] in updateloglevelit was MODIFIED
2025-01-30 04:06:27,515 INFO c.h.h.t.HelmChartContainer - [K3S] [reconciler_common.go:162] "operationExecutor.UnmountVolume started for volume \"kube-api-access-9l7vf\" (UniqueName: \"kubernetes.io/projected/59dfce82-5bb1-4d47-a385-3a5d8e070a29-kube-api-access-9l7vf\") pod \"59dfce82-5bb1-4d47-a385-3a5d8e070a29\" (UID: \"59dfce82-5bb1-4d47-a385-3a5d8e070a29\") "
2025-01-30 04:06:27,515 INFO c.h.h.t.HelmChartContainer - [K3S] [reconciler_common.go:162] "operationExecutor.UnmountVolume started for volume \"broker-configuration\" (UniqueName: \"kubernetes.io/configmap/59dfce82-5bb1-4d47-a385-3a5d8e070a29-broker-configuration\") pod \"59dfce82-5bb1-4d47-a385-3a5d8e070a29\" (UID: \"59dfce82-5bb1-4d47-a385-3a5d8e070a29\") "
2025-01-30 04:06:27,516 INFO c.h.h.t.HelmChartContainer - [K3S] [reconciler_common.go:162] "operationExecutor.UnmountVolume started for volume \"operator-init\" (UniqueName: \"kubernetes.io/empty-dir/59dfce82-5bb1-4d47-a385-3a5d8e070a29-operator-init\") pod \"59dfce82-5bb1-4d47-a385-3a5d8e070a29\" (UID: \"59dfce82-5bb1-4d47-a385-3a5d8e070a29\") "
2025-01-30 04:06:27,516 INFO c.h.h.t.HelmChartContainer - [K3S] [reconciler_common.go:162] "operationExecutor.UnmountVolume started for volume \"pod-info\" (UniqueName: \"kubernetes.io/configmap/59dfce82-5bb1-4d47-a385-3a5d8e070a29-pod-info\") pod \"59dfce82-5bb1-4d47-a385-3a5d8e070a29\" (UID: \"59dfce82-5bb1-4d47-a385-3a5d8e070a29\") "
2025-01-30 04:06:27,615 INFO c.h.h.t.HelmChartContainer - [K3S] [reconciler_common.go:299] "Volume detached for volume \"kube-api-access-9l7vf\" (UniqueName: \"kubernetes.io/projected/59dfce82-5bb1-4d47-a385-3a5d8e070a29-kube-api-access-9l7vf\") on node \"f66bc3b5d801\" DevicePath \"\""
2025-01-30 04:06:27,615 INFO c.h.h.t.HelmChartContainer - [K3S] [reconciler_common.go:299] "Volume detached for volume \"broker-configuration\" (UniqueName: \"kubernetes.io/configmap/59dfce82-5bb1-4d47-a385-3a5d8e070a29-broker-configuration\") on node \"f66bc3b5d801\" DevicePath \"\""
2025-01-30 04:06:27,615 INFO c.h.h.t.HelmChartContainer - [K3S] [reconciler_common.go:299] "Volume detached for volume \"operator-init\" (UniqueName: \"kubernetes.io/empty-dir/59dfce82-5bb1-4d47-a385-3a5d8e070a29-operator-init\") on node \"f66bc3b5d801\" DevicePath \"\""
2025-01-30 04:06:27,615 INFO c.h.h.t.HelmChartContainer - [K3S] [reconciler_common.go:299] "Volume detached for volume \"pod-info\" (UniqueName: \"kubernetes.io/configmap/59dfce82-5bb1-4d47-a385-3a5d8e070a29-pod-info\") on node \"f66bc3b5d801\" DevicePath \"\""
2025-01-30 04:06:27,700 INFO c.h.h.t.HelmChartContainer - [K3S] [scope.go:117] "RemoveContainer" containerID="208d578c450d200ab060073243a8de6431771fd194ee2ceba7b789a0b96c6b8c"
2025-01-30 04:06:27,716 INFO c.h.h.t.HelmChartContainer - [POD] test-hivemq-platform-0 [f951c347-dd04-42c2-a426-73025b6de5b1] in updateloglevelit was MODIFIED
2025-01-30 04:06:27,718 INFO c.h.h.t.HelmChartContainer - [POD] test-hivemq-platform-0 [f951c347-dd04-42c2-a426-73025b6de5b1] in updateloglevelit was DELETED
2025-01-30 04:06:27,730 INFO c.h.h.t.HelmChartContainer - [POD] test-hivemq-platform-1 [59dfce82-5bb1-4d47-a385-3a5d8e070a29] in updateloglevelit was MODIFIED
2025-01-30 04:06:27,734 INFO c.h.h.t.HelmChartContainer - [POD] test-hivemq-platform-1 [59dfce82-5bb1-4d47-a385-3a5d8e070a29] in updateloglevelit was DELETED
2025-01-30 04:06:27,812 INFO c.h.h.t.HelmChartContainer - [K3S] [scope.go:117] "RemoveContainer" containerID="5d512c9e78ca971b086739f0cd12fce067e107968a0271a8d5c590f331dfaa4f"
2025-01-30 04:06:27,815 INFO c.h.h.t.HelmChartContainer - [K3S] [scope.go:117] "RemoveContainer" containerID="208d578c450d200ab060073243a8de6431771fd194ee2ceba7b789a0b96c6b8c"
2025-01-30 04:06:27,816 INFO c.h.h.t.HelmChartContainer - [K3S] [scope.go:117] "RemoveContainer" containerID="5d512c9e78ca971b086739f0cd12fce067e107968a0271a8d5c590f331dfaa4f"
2025-01-30 04:06:27,816 INFO c.h.h.t.HelmChartContainer - [K3S] [scope.go:117] "RemoveContainer" containerID="1773e46c1dfdfb79e08c82ce3dcdb1243bd8fe9463f9fef6b45166b413456f98"
2025-01-30 04:06:27,913 INFO c.h.h.t.HelmChartContainer - [K3S] [scope.go:117] "RemoveContainer" containerID="9ca426b8877a5d7511e0fd0a3a88743e24cb0940be3e1d298a60ad4f4032c740"
2025-01-30 04:06:27,916 INFO c.h.h.t.HelmChartContainer - [K3S] [scope.go:117] "RemoveContainer" containerID="1773e46c1dfdfb79e08c82ce3dcdb1243bd8fe9463f9fef6b45166b413456f98"
2025-01-30 04:06:27,916 INFO c.h.h.t.HelmChartContainer - [K3S] [scope.go:117] "RemoveContainer" containerID="9ca426b8877a5d7511e0fd0a3a88743e24cb0940be3e1d298a60ad4f4032c740"
2025-01-30 04:06:28,057 INFO c.h.h.t.HelmChartContainer - [K3S] [kubelet_volumes.go:163] "Cleaned up orphaned pod volumes dir" podUID="59dfce82-5bb1-4d47-a385-3a5d8e070a29" path="/var/lib/kubelet/pods/59dfce82-5bb1-4d47-a385-3a5d8e070a29/volumes"
2025-01-30 04:06:28,057 INFO c.h.h.t.HelmChartContainer - [K3S] [kubelet_volumes.go:163] "Cleaned up orphaned pod volumes dir" podUID="f951c347-dd04-42c2-a426-73025b6de5b1" path="/var/lib/kubelet/pods/f951c347-dd04-42c2-a426-73025b6de5b1/volumes"
2025-01-30 04:06:31,896 INFO c.h.h.t.HelmChartContainer - Namespace 'updateloglevelit' deleted
2025-01-30 04:06:31,896 INFO c.h.h.t.HelmChartContainer - Release 'test-hivemq-platform' in namespace 'updateloglevelit' is uninstalled
2025-01-30 04:06:31,896 INFO c.h.h.t.HelmChartContainer - Uninstalling release 'test-hivemq-platform-operator' in namespace 'updateloglevelit-operator'...
2025-01-30 04:06:31,896 DEBUG c.h.h.t.HelmChartContainer - Executing helm command: /bin/helm --kubeconfig /etc/rancher/k3s/k3s.yaml uninstall test-hivemq-platform-operator  --wait --timeout 5m0s --cascade foreground --namespace updateloglevelit-operator
2025-01-30 04:06:32,052 INFO c.h.h.t.HelmChartContainer - [K3S] [replica_set.go:679] "Finished syncing" kind="ReplicaSet" key="updateloglevelit-operator/hivemq-test-hivemq-platform-operator-6966f96d65" duration="8.900978ms"
2025-01-30 04:06:32,052 INFO c.h.h.t.HelmChartContainer - [K3S] [replica_set.go:679] "Finished syncing" kind="ReplicaSet" key="updateloglevelit-operator/hivemq-test-hivemq-platform-operator-6966f96d65" duration="30.647µs"
2025-01-30 04:06:32,070 INFO c.h.h.t.HelmChartContainer - [POD] hivemq-test-hivemq-platform-operator-6966f96d65-wl9kn [3d4445db-5810-4545-a411-3a5462b03613] in updateloglevelit-operator was MODIFIED
2025-01-30 04:06:32,085 INFO c.h.h.t.HelmChartContainer - [hivemq-test-hivemq-platform] [hivemq-platform-operator] [3d4445db] 04:06:32.084 [application-shutdown-thread] INFO  c.h.p.o.HiveMQPlatformOperatorApplication - HiveMQ Platform Operator is stopping...
2025-01-30 04:06:32,085 INFO c.h.h.t.HelmChartContainer - [hivemq-test-hivemq-platform] [hivemq-platform-operator] [3d4445db] 04:06:32.084 [application-shutdown-thread] INFO  i.javaoperatorsdk.operator.Operator - Operator SDK 4.9.7 is shutting down...
2025-01-30 04:06:32,091 INFO c.h.h.t.HelmChartContainer - [K3S] [replica_set.go:679] "Finished syncing" kind="ReplicaSet" key="updateloglevelit-operator/hivemq-test-hivemq-platform-operator-6966f96d65" duration="21.822243ms"
2025-01-30 04:06:32,092 INFO c.h.h.t.HelmChartContainer - [K3S] [replica_set.go:679] "Finished syncing" kind="ReplicaSet" key="updateloglevelit-operator/hivemq-test-hivemq-platform-operator-6966f96d65" duration="34.054µs"
2025-01-30 04:06:32,093 INFO c.h.h.t.HelmChartContainer - [EVENT] Normal [Killing] Stopping container hivemq-platform-operator [updateloglevelit-operator:hivemq-test-hivemq-platform-operator-6966f96d65-wl9kn]
2025-01-30 04:06:32,093 INFO c.h.h.t.HelmChartContainer - Received Killing event for container hivemq-platform-operator in pod hivemq-test-hivemq-platform-operator-6966f96d65-wl9kn [3d4445db-5810-4545-a411-3a5462b03613]
2025-01-30 04:06:32,093 INFO c.h.h.t.HelmChartContainer - Container [hivemq-test-hivemq-platform-operator-6966f96d65-wl9kn] [hivemq-platform-operator] [3d4445db-5810-4545-a411-3a5462b03613] was terminated
2025-01-30 04:06:32,093 INFO c.h.h.t.HelmChartContainer - Stopped log watcher for hivemq-platform-operator in pod hivemq-test-hivemq-platform-operator-6966f96d65-wl9kn [3d4445db-5810-4545-a411-3a5462b03613]
2025-01-30 04:06:32,574 INFO c.h.h.t.HelmChartContainer - [K3S] [replica_set.go:679] "Finished syncing" kind="ReplicaSet" key="updateloglevelit-operator/hivemq-test-hivemq-platform-operator-6966f96d65" duration="40.015µs"
2025-01-30 04:06:32,574 INFO c.h.h.t.HelmChartContainer - [POD] hivemq-test-hivemq-platform-operator-6966f96d65-wl9kn [3d4445db-5810-4545-a411-3a5462b03613] in updateloglevelit-operator was MODIFIED
2025-01-30 04:06:32,641 INFO c.h.h.t.HelmChartContainer - [K3S] [reconciler_common.go:162] "operationExecutor.UnmountVolume started for volume \"kube-api-access-hxrnj\" (UniqueName: \"kubernetes.io/projected/3d4445db-5810-4545-a411-3a5462b03613-kube-api-access-hxrnj\") pod \"3d4445db-5810-4545-a411-3a5462b03613\" (UID: \"3d4445db-5810-4545-a411-3a5462b03613\") "
2025-01-30 04:06:32,713 INFO c.h.h.t.HelmChartContainer - [K3S] [scope.go:117] "RemoveContainer" containerID="0875208ab29bee713816bb9c24374a6c52a6fbbb4a13fc6014bca15f3119cc00"
2025-01-30 04:06:32,716 INFO c.h.h.t.HelmChartContainer - [K3S] [scope.go:117] "RemoveContainer" containerID="0875208ab29bee713816bb9c24374a6c52a6fbbb4a13fc6014bca15f3119cc00"
2025-01-30 04:06:32,724 INFO c.h.h.t.HelmChartContainer - [K3S] [replica_set.go:679] "Finished syncing" kind="ReplicaSet" key="updateloglevelit-operator/hivemq-test-hivemq-platform-operator-6966f96d65" duration="40.716µs"
2025-01-30 04:06:32,727 INFO c.h.h.t.HelmChartContainer - [K3S] [replica_set.go:679] "Finished syncing" kind="ReplicaSet" key="updateloglevelit-operator/hivemq-test-hivemq-platform-operator-6966f96d65" duration="36.028µs"
2025-01-30 04:06:32,728 INFO c.h.h.t.HelmChartContainer - [POD] hivemq-test-hivemq-platform-operator-6966f96d65-wl9kn [3d4445db-5810-4545-a411-3a5462b03613] in updateloglevelit-operator was MODIFIED
2025-01-30 04:06:32,728 INFO c.h.h.t.HelmChartContainer - [POD] hivemq-test-hivemq-platform-operator-6966f96d65-wl9kn [3d4445db-5810-4545-a411-3a5462b03613] in updateloglevelit-operator was DELETED
2025-01-30 04:06:32,737 INFO c.h.h.t.HelmChartContainer - [K3S] [replica_set.go:679] "Finished syncing" kind="ReplicaSet" key="updateloglevelit-operator/hivemq-test-hivemq-platform-operator-6966f96d65" duration="8.446µs"
2025-01-30 04:06:32,741 INFO c.h.h.t.HelmChartContainer - [K3S] [reconciler_common.go:299] "Volume detached for volume \"kube-api-access-hxrnj\" (UniqueName: \"kubernetes.io/projected/3d4445db-5810-4545-a411-3a5462b03613-kube-api-access-hxrnj\") on node \"f66bc3b5d801\" DevicePath \"\""
2025-01-30 04:06:34,056 INFO c.h.h.t.HelmChartContainer - [K3S] [kubelet_volumes.go:163] "Cleaned up orphaned pod volumes dir" podUID="3d4445db-5810-4545-a411-3a5462b03613" path="/var/lib/kubelet/pods/3d4445db-5810-4545-a411-3a5462b03613/volumes"
2025-01-30 04:06:34,102 INFO c.h.h.t.HelmChartContainer - Deleting namespace 'updateloglevelit-operator'...
2025-01-30 04:06:36,806 INFO c.h.h.t.HelmChartContainer - [K3S] [namespace_controller.go:187] "Namespace has been deleted" namespace="updateloglevelit"
2025-01-30 04:06:39,318 INFO c.h.h.t.HelmChartContainer - Namespace 'updateloglevelit-operator' deleted
2025-01-30 04:06:39,318 INFO c.h.h.t.HelmChartContainer - Release 'test-hivemq-platform-operator' in namespace 'updateloglevelit-operator' is uninstalled
2025-01-30 04:06:39,901 INFO c.h.helmcharts.AbstractHelmChartIT - Removed unused containers:

2025-01-30 04:06:44,229 INFO c.h.h.t.HelmChartContainer - [K3S] [namespace_controller.go:187] "Namespace has been deleted" namespace="updateloglevelit-operator"
2025-01-30 04:06:47,470 INFO c.h.helmcharts.AbstractHelmChartIT - Removed unused snapshots:
Removing snapshot sha256:03af251906410714c5aef9fa705b63f6bbc39c4a5e787de7361eeb18886c2ed2
Removing snapshot sha256:0c46b3b43cce082ce5ec34ffc6c294e0417d17b9d1e6f366d114b6aadc4f96dc
Removing snapshot sha256:0ce761beee59082d6ed5bcebd3a805b8ddd9b3426b617e4809e7fb7c6587ffec
Removing snapshot sha256:0df91287303208332c8ff6ba40ae4710105201739addbfbddfb955f1ad593664
Removing snapshot sha256:1021ef88c7974bfff89c5a0ec4fd3160daac6c48a075f74cff721f85dd104e68
Removing snapshot sha256:10aba4953ddc18145dd38e3704709bc464aa20af60b56fe52caaff4b68411e62
Removing snapshot sha256:2573e0d8158209ed54ab25c87bcdcb00bd3d2539246960a3d592a1c599d70465
Removing snapshot sha256:362a8a37f8bbc31925a8146adcf7cf51f9882f5c1dcbef67c5baa03a297543c0
Removing snapshot sha256:3fa4ad33f0ddc8fd45b39b6b4640f82a3a83619606cd975bfe89d8710ad2d4cd
Removing snapshot sha256:43a7c979bbaba6838bc3102d6b10a1459f3ab050b87ccdfef84ef90cf43d3058
Removing snapshot sha256:4ab04491cdf0d3267f08206fe30bd48f49f94b9cab2f016d6739220f722a64af
Removing snapshot sha256:4b6068250e89c96f263060261819c7d912855bfbd64b3eb4c4a8483299b8c295
Removing snapshot sha256:580e69a0a8034ede1921139bbd2bfb72a69ebf276d008281896c32dd8bf74775
Removing snapshot sha256:5d30ba46b27fe37484567ccc5242cadc78217b8da605f3f195ef25cbf7487904
Removing snapshot sha256:63ca1fbb43ae5034640e5e6cb3e083e05c290072c5366fcaa9d62435a4cced85
Removing snapshot sha256:67f702c6baae873bceb19487c8b1f27bd2b86077e4f2f0e480e6d60ab508b8f5
Removing snapshot sha256:6864348dd42806d552efdec384f1274be15e2d0c10ce44c1f04347af004c10a9
Removing snapshot sha256:6c7dee8f2c39b84b7dc2711c01d33de93514d9055499173e9290176fbe484b6c
Removing snapshot sha256:7fe3fb4ba025fefbbf0a968cf0a00ca3343983347f718d99fc699883b378e497
Removing snapshot sha256:82753493a6d61ded36556292f02f31841a14c20d2f279f19eaad65afb661d5cd
Removing snapshot sha256:8a10d3db42c505ee0fcfa98417bdd7e39b304f6bcc0a06bb1b220797ff2cc63c
Removing snapshot sha256:a21e5b12dbac529ad45d976eb9ce45c881f3bedcc500fb30aba1e52aa1813418
Removing snapshot sha256:b921e6c28969094157f9b8e7244677780319637afd14450b7cb6b2fdea558a0c
Removing snapshot sha256:bc27ecb5769a00e309cf99ebc763c4a4b958b618d1decc96ffac5bc05f02f5b7
Removing snapshot sha256:be3ccb6627a5332e309d45ef461d09b4879dd870c7394d89323d0ebc6ca6aa8a
Removing snapshot sha256:c261f7cbbc64211ee175ee47273acdb7b1a36a4450b397a064a8f2c026490095
Removing snapshot sha256:c34d9393647eea0c9e3557ab988efaf59f61d10a2a5613b439ef0958cca5ec10
Removing snapshot sha256:c915c4a71af43a61b214c45bb0645e2cf7afc7a685118b24e3d9f844ae56ec6c
Removing snapshot sha256:ccf3c4a0fa967a41c1c83497a2ce6fa5787965859df0adb32c4ca2cf7490bc2b
Removing snapshot sha256:cf92d33f869417309692088c341cd0f223c178ea78a125f757317b22aa8f90e9
Removing snapshot sha256:d0037344cf2fb078884f1849f6a1f8cf9a33a3b6139b6a85833e5ee528e1f9a8
Removing snapshot sha256:d3b36d5b79273b1e98e7700470eaeff05a882e777124d84cebcc1505b85ecb36
Removing snapshot sha256:d65a44a37914602d12c611e5e22a50f11451d847e63015cc1c2aef92dee777a4
Removing snapshot sha256:e2dc0bae2455930f23ae570e019b7f32edc75c0f2d71cab084db837ff9051796
Removing snapshot sha256:eccbd24a99c60cd9e86ee5305dbfc4a4dc89f5ab4fb1f06c8d64797cecedef34
Removing snapshot sha256:f144bb4c7c7f0d2aa7eeffd36d934ec40db1ee167be727e326aad9fdc616f475

]]></system-out>
  </testcase>
  <system-out><![CDATA[2025-01-30 04:01:37,502 INFO c.h.h.t.HelmChartContainerExtension - Using cached HelmChartContainer instance
]]></system-out>
  <system-err><![CDATA[]]></system-err>
</testsuite>
