<?xml version="1.0" encoding="UTF-8"?>
<testsuite name="com.hivemq.helmcharts.securitycontext.HelmPodSecurityContextUpgradeExtensionIT" tests="2" skipped="0" failures="0" errors="0" timestamp="2025-01-29T13:56:26" hostname="fv-az1721-924" time="374.687">
  <properties/>
  <testcase name="Operator values: (UID=0, GID=0, valuesFile='/files/operator-pod-security-context-root-user-values.yaml') and Platform values: (UID=0, GID=0, valuesFile='/files/platform-pod-security-context-root-user-with-tracing-extension-values.yaml')" classname="com.hivemq.helmcharts.securitycontext.HelmPodSecurityContextUpgradeExtensionIT" time="176.929">
    <system-out><![CDATA[2025-01-29 13:56:26,350 INFO c.h.h.t.HelmChartContainer - Creating namespace 'helmpodsecuritycontextupgradeextensionit-operator'...
2025-01-29 13:56:26,359 INFO c.h.h.t.HelmChartContainer - Namespace 'helmpodsecuritycontextupgradeextensionit-operator' created
2025-01-29 13:56:26,359 INFO c.h.h.t.HelmChartContainer - Creating namespace 'helmpodsecuritycontextupgradeextensionit'...
2025-01-29 13:56:26,368 INFO c.h.h.t.HelmChartContainer - Namespace 'helmpodsecuritycontextupgradeextensionit' created
2025-01-29 13:56:26,444 DEBUG c.h.h.t.HelmChartContainer - Executing helm command: /bin/helm --kubeconfig /etc/rancher/k3s/k3s.yaml install test-hivemq-platform-operator /charts/hivemq-platform-operator --wait --timeout 5m0s --set image.repository=docker.io/hivemq --set image.name=hivemq-platform-operator-test --set image.initImageName=hivemq-platform-operator-init-test --set image.tag=snapshot --set image.pullPolicy=Never --set logLevel=DEBUG --set resources.cpu=512m -f /files/operator-pod-security-context-root-user-values.yaml --namespace helmpodsecuritycontextupgradeextensionit-operator
2025-01-29 13:56:26,757 INFO c.h.h.t.HelmChartContainer - [K3S] [alloc.go:330] "allocated clusterIPs" service="helmpodsecuritycontextupgradeextensionit-operator/hivemq-platform-operator-test-hivemq-platform-operator" clusterIPs={"IPv4":"10.43.30.127"}
2025-01-29 13:56:26,769 INFO c.h.h.t.HelmChartContainer - [EVENT] Normal [ScalingReplicaSet] Scaled up replica set hivemq-test-hivemq-platform-operator-5dbf989d8c from 0 to 1 [helmpodsecuritycontextupgradeextensionit-operator:hivemq-test-hivemq-platform-operator]
2025-01-29 13:56:26,779 INFO c.h.h.t.HelmChartContainer - [POD] hivemq-test-hivemq-platform-operator-5dbf989d8c-rbsvp [218eabbf-1611-4bbc-b96a-ddfbb281a3eb] in helmpodsecuritycontextupgradeextensionit-operator was ADDED
2025-01-29 13:56:26,780 INFO c.h.h.t.HelmChartContainer - [EVENT] Normal [SuccessfulCreate] Created pod: hivemq-test-hivemq-platform-operator-5dbf989d8c-rbsvp [helmpodsecuritycontextupgradeextensionit-operator:hivemq-test-hivemq-platform-operator-5dbf989d8c]
2025-01-29 13:56:26,787 INFO c.h.h.t.HelmChartContainer - [K3S] [memory_manager.go:355] "RemoveStaleState removing state" podUID="915ee15e-3a69-44e1-91c3-8327160e6690" containerName="hivemq-platform-operator"
2025-01-29 13:56:26,789 INFO c.h.h.t.HelmChartContainer - [K3S] [memory_manager.go:355] "RemoveStaleState removing state" podUID="62e5e0ad-6ed7-4bc1-8cc3-9c9adfa7da9b" containerName="consul-template-container"
2025-01-29 13:56:26,789 INFO c.h.h.t.HelmChartContainer - [K3S] [memory_manager.go:355] "RemoveStaleState removing state" podUID="62e5e0ad-6ed7-4bc1-8cc3-9c9adfa7da9b" containerName="hivemq"
2025-01-29 13:56:26,789 INFO c.h.h.t.HelmChartContainer - [K3S] [replica_set.go:679] "Finished syncing" kind="ReplicaSet" key="helmpodsecuritycontextupgradeextensionit-operator/hivemq-test-hivemq-platform-operator-5dbf989d8c" duration="21.347205ms"
2025-01-29 13:56:26,792 INFO c.h.h.t.HelmChartContainer - [POD] hivemq-test-hivemq-platform-operator-5dbf989d8c-rbsvp [218eabbf-1611-4bbc-b96a-ddfbb281a3eb] in helmpodsecuritycontextupgradeextensionit-operator was MODIFIED
2025-01-29 13:56:26,795 INFO c.h.h.t.HelmChartContainer - [EVENT] Normal [Scheduled] Successfully assigned helmpodsecuritycontextupgradeextensionit-operator/hivemq-test-hivemq-platform-operator-5dbf989d8c-rbsvp to 9f0aeb600ff7 [helmpodsecuritycontextupgradeextensionit-operator:hivemq-test-hivemq-platform-operator-5dbf989d8c-rbsvp]
2025-01-29 13:56:26,801 INFO c.h.h.t.HelmChartContainer - [K3S] [replica_set.go:679] "Finished syncing" kind="ReplicaSet" key="helmpodsecuritycontextupgradeextensionit-operator/hivemq-test-hivemq-platform-operator-5dbf989d8c" duration="9.91253ms"
2025-01-29 13:56:26,802 INFO c.h.h.t.HelmChartContainer - [K3S] [replica_set.go:679] "Finished syncing" kind="ReplicaSet" key="helmpodsecuritycontextupgradeextensionit-operator/hivemq-test-hivemq-platform-operator-5dbf989d8c" duration="31.889µs"
2025-01-29 13:56:26,806 INFO c.h.h.t.HelmChartContainer - [K3S] [replica_set.go:679] "Finished syncing" kind="ReplicaSet" key="helmpodsecuritycontextupgradeextensionit-operator/hivemq-test-hivemq-platform-operator-5dbf989d8c" duration="30.927µs"
2025-01-29 13:56:26,807 INFO c.h.h.t.HelmChartContainer - [POD] hivemq-test-hivemq-platform-operator-5dbf989d8c-rbsvp [218eabbf-1611-4bbc-b96a-ddfbb281a3eb] in helmpodsecuritycontextupgradeextensionit-operator was MODIFIED
2025-01-29 13:56:26,925 INFO c.h.h.t.HelmChartContainer - [K3S] [reconciler_common.go:251] "operationExecutor.VerifyControllerAttachedVolume started for volume \"kube-api-access-n2cc5\" (UniqueName: \"kubernetes.io/projected/218eabbf-1611-4bbc-b96a-ddfbb281a3eb-kube-api-access-n2cc5\") pod \"hivemq-test-hivemq-platform-operator-5dbf989d8c-rbsvp\" (UID: \"218eabbf-1611-4bbc-b96a-ddfbb281a3eb\") " pod="helmpodsecuritycontextupgradeextensionit-operator/hivemq-test-hivemq-platform-operator-5dbf989d8c-rbsvp"
2025-01-29 13:56:27,183 INFO c.h.h.t.HelmChartContainer - [EVENT] Normal [Pulled] Container image "docker.io/hivemq/hivemq-platform-operator-test:snapshot" already present on machine [helmpodsecuritycontextupgradeextensionit-operator:hivemq-test-hivemq-platform-operator-5dbf989d8c-rbsvp]
2025-01-29 13:56:27,184 INFO c.h.h.t.HelmChartContainer - Received Pulled event for container hivemq-platform-operator in pod hivemq-test-hivemq-platform-operator-5dbf989d8c-rbsvp [218eabbf-1611-4bbc-b96a-ddfbb281a3eb]
2025-01-29 13:56:28,515 INFO c.h.h.t.HelmChartContainer - [EVENT] Normal [Created] Created container: hivemq-platform-operator [helmpodsecuritycontextupgradeextensionit-operator:hivemq-test-hivemq-platform-operator-5dbf989d8c-rbsvp]
2025-01-29 13:56:28,515 INFO c.h.h.t.HelmChartContainer - Received Created event for container hivemq-platform-operator in pod hivemq-test-hivemq-platform-operator-5dbf989d8c-rbsvp [218eabbf-1611-4bbc-b96a-ddfbb281a3eb]
2025-01-29 13:56:29,183 INFO c.h.h.t.HelmChartContainer - [K3S] [replica_set.go:679] "Finished syncing" kind="ReplicaSet" key="helmpodsecuritycontextupgradeextensionit-operator/hivemq-test-hivemq-platform-operator-5dbf989d8c" duration="53.009µs"
2025-01-29 13:56:29,187 INFO c.h.h.t.HelmChartContainer - [POD] hivemq-test-hivemq-platform-operator-5dbf989d8c-rbsvp [218eabbf-1611-4bbc-b96a-ddfbb281a3eb] in helmpodsecuritycontextupgradeextensionit-operator was MODIFIED
2025-01-29 13:56:29,195 INFO c.h.h.t.HelmChartContainer - Started log watcher for hivemq-platform-operator in pod hivemq-test-hivemq-platform-operator-5dbf989d8c-rbsvp [218eabbf-1611-4bbc-b96a-ddfbb281a3eb]
2025-01-29 13:56:29,197 INFO c.h.h.t.HelmChartContainer - [hivemq-test-hivemq-platform] [hivemq-platform-operator] [218eabbf] -------------------------------------------------------------------------
2025-01-29 13:56:29,197 INFO c.h.h.t.HelmChartContainer - [hivemq-test-hivemq-platform] [hivemq-platform-operator] [218eabbf] 
2025-01-29 13:56:29,197 INFO c.h.h.t.HelmChartContainer - [hivemq-test-hivemq-platform] [hivemq-platform-operator] [218eabbf]                   _    _  _              __  __   ____
2025-01-29 13:56:29,197 INFO c.h.h.t.HelmChartContainer - [hivemq-test-hivemq-platform] [hivemq-platform-operator] [218eabbf]                  | |  | |(_)            |  \/  | / __ \
2025-01-29 13:56:29,197 INFO c.h.h.t.HelmChartContainer - [hivemq-test-hivemq-platform] [hivemq-platform-operator] [218eabbf]                  | |__| | _ __   __ ___ | \  / || |  | |
2025-01-29 13:56:29,197 INFO c.h.h.t.HelmChartContainer - [hivemq-test-hivemq-platform] [hivemq-platform-operator] [218eabbf]                  |  __  || |\ \ / // _ \| |\/| || |  | |
2025-01-29 13:56:29,197 INFO c.h.h.t.HelmChartContainer - [hivemq-test-hivemq-platform] [hivemq-platform-operator] [218eabbf]                  | |  | || | \ V /|  __/| |  | || |__| |
2025-01-29 13:56:29,197 INFO c.h.h.t.HelmChartContainer - [hivemq-test-hivemq-platform] [hivemq-platform-operator] [218eabbf]                  |_|  |_||_|  \_/  \___||_|  |_| \___\_\
2025-01-29 13:56:29,197 INFO c.h.h.t.HelmChartContainer - [hivemq-test-hivemq-platform] [hivemq-platform-operator] [218eabbf] 
2025-01-29 13:56:29,197 INFO c.h.h.t.HelmChartContainer - [hivemq-test-hivemq-platform] [hivemq-platform-operator] [218eabbf] -------------------------------------------------------------------------
2025-01-29 13:56:29,197 INFO c.h.h.t.HelmChartContainer - [hivemq-test-hivemq-platform] [hivemq-platform-operator] [218eabbf] 
2025-01-29 13:56:29,197 INFO c.h.h.t.HelmChartContainer - [hivemq-test-hivemq-platform] [hivemq-platform-operator] [218eabbf]   HiveMQ Platform Operator Start Script v1.0
2025-01-29 13:56:29,197 INFO c.h.h.t.HelmChartContainer - [hivemq-test-hivemq-platform] [hivemq-platform-operator] [218eabbf] 
2025-01-29 13:56:29,197 INFO c.h.h.t.HelmChartContainer - [hivemq-test-hivemq-platform] [hivemq-platform-operator] [218eabbf] -------------------------------------------------------------------------
2025-01-29 13:56:29,197 INFO c.h.h.t.HelmChartContainer - [hivemq-test-hivemq-platform] [hivemq-platform-operator] [218eabbf] 
2025-01-29 13:56:29,197 INFO c.h.h.t.HelmChartContainer - [hivemq-test-hivemq-platform] [hivemq-platform-operator] [218eabbf]   JAVA_OPTS: -XX:+UnlockExperimentalVMOptions -XX:InitialRAMPercentage=75 -XX:MaxRAMPercentage=75 -Duser.language=en -Duser.region=US
2025-01-29 13:56:29,197 INFO c.h.h.t.HelmChartContainer - [hivemq-test-hivemq-platform] [hivemq-platform-operator] [218eabbf] 
2025-01-29 13:56:29,197 INFO c.h.h.t.HelmChartContainer - [hivemq-test-hivemq-platform] [hivemq-platform-operator] [218eabbf]   JAVA_VERSION: 21
2025-01-29 13:56:29,197 INFO c.h.h.t.HelmChartContainer - [hivemq-test-hivemq-platform] [hivemq-platform-operator] [218eabbf] 
2025-01-29 13:56:29,197 INFO c.h.h.t.HelmChartContainer - [hivemq-test-hivemq-platform] [hivemq-platform-operator] [218eabbf] -------------------------------------------------------------------------
2025-01-29 13:56:29,197 INFO c.h.h.t.HelmChartContainer - [hivemq-test-hivemq-platform] [hivemq-platform-operator] [218eabbf] 
2025-01-29 13:56:29,197 INFO c.h.h.t.HelmChartContainer - [EVENT] Normal [Started] Started container hivemq-platform-operator [helmpodsecuritycontextupgradeextensionit-operator:hivemq-test-hivemq-platform-operator-5dbf989d8c-rbsvp]
2025-01-29 13:56:29,197 INFO c.h.h.t.HelmChartContainer - Received Started event for container hivemq-platform-operator in pod hivemq-test-hivemq-platform-operator-5dbf989d8c-rbsvp [218eabbf-1611-4bbc-b96a-ddfbb281a3eb]
2025-01-29 13:56:31,913 INFO c.h.h.t.HelmChartContainer - [hivemq-test-hivemq-platform] [hivemq-platform-operator] [218eabbf] 13:56:31.911 [main] DEBUG org.jboss.logging - Logging Provider: org.jboss.logging.Slf4jLoggerProvider
2025-01-29 13:56:32,013 INFO c.h.h.t.HelmChartContainer - [hivemq-test-hivemq-platform] [hivemq-platform-operator] [218eabbf] 13:56:32.011 [main] DEBUG io.smallrye.config - SRCFG01006: Loaded ConfigSource SysPropConfigSource with ordinal 400
2025-01-29 13:56:32,013 INFO c.h.h.t.HelmChartContainer - [hivemq-test-hivemq-platform] [hivemq-platform-operator] [218eabbf] 13:56:32.012 [main] DEBUG io.smallrye.config - SRCFG01006: Loaded ConfigSource EnvConfigSource with ordinal 300
2025-01-29 13:56:32,013 INFO c.h.h.t.HelmChartContainer - [hivemq-test-hivemq-platform] [hivemq-platform-operator] [218eabbf] 13:56:32.012 [main] DEBUG io.smallrye.config - SRCFG01006: Loaded ConfigSource PropertiesConfigSource[source=jar:file:///opt/hivemq-platform-operator/bin/hivemq-platform-operator.jar!/hivemq-platform-operator.properties] with ordinal 100
2025-01-29 13:56:32,013 INFO c.h.h.t.HelmChartContainer - [hivemq-test-hivemq-platform] [hivemq-platform-operator] [218eabbf] 13:56:32.012 [main] DEBUG io.smallrye.config - SRCFG01006: Loaded ConfigSource DefaultValuesConfigSource with ordinal -2147483648
2025-01-29 13:56:32,101 INFO c.h.h.t.HelmChartContainer - [hivemq-test-hivemq-platform] [hivemq-platform-operator] [218eabbf] 13:56:32.100 [main] DEBUG i.m.c.u.i.l.InternalLoggerFactory - Using SLF4J as the default logging framework
2025-01-29 13:56:32,214 INFO c.h.h.t.HelmChartContainer - [hivemq-test-hivemq-platform] [hivemq-platform-operator] [218eabbf] 13:56:32.207 [main] INFO  c.h.p.o.HiveMQPlatformOperatorApplication - HiveMQ Platform Operator 1.7.0-SNAPSHOT (commit: bebf408 on branch: HEAD) built on Sun Jan 26 20:47:47 UTC 2025
2025-01-29 13:56:32,214 INFO c.h.h.t.HelmChartContainer - [hivemq-test-hivemq-platform] [hivemq-platform-operator] [218eabbf] 13:56:32.213 [main] INFO  c.h.p.o.HiveMQPlatformOperatorApplication - HiveMQ Platform Operator is running in namespace: helmpodsecuritycontextupgradeextensionit-operator
2025-01-29 13:56:32,215 INFO c.h.h.t.HelmChartContainer - [hivemq-test-hivemq-platform] [hivemq-platform-operator] [218eabbf] 13:56:32.213 [main] INFO  c.h.p.o.HiveMQPlatformOperatorApplication - Watching all namespaces
2025-01-29 13:56:32,216 INFO c.h.h.t.HelmChartContainer - [hivemq-test-hivemq-platform] [hivemq-platform-operator] [218eabbf] 13:56:32.213 [main] INFO  c.h.p.o.HiveMQPlatformOperatorApplication - Log level: DEBUG
2025-01-29 13:56:32,216 INFO c.h.h.t.HelmChartContainer - [hivemq-test-hivemq-platform] [hivemq-platform-operator] [218eabbf] 13:56:32.213 [main] INFO  c.h.p.o.HiveMQPlatformOperatorApplication - Release name: test-hivemq-platform-operator
2025-01-29 13:56:32,216 INFO c.h.h.t.HelmChartContainer - [hivemq-test-hivemq-platform] [hivemq-platform-operator] [218eabbf] 13:56:32.213 [main] INFO  c.h.p.o.HiveMQPlatformOperatorApplication - HiveMQ Platform Operator Init image: docker.io/hivemq/hivemq-platform-operator-init-test:snapshot
2025-01-29 13:56:32,216 INFO c.h.h.t.HelmChartContainer - [hivemq-test-hivemq-platform] [hivemq-platform-operator] [218eabbf] 13:56:32.213 [main] INFO  c.h.p.o.HiveMQPlatformOperatorApplication - HiveMQ Platform Operator Init App update URL: http://hivemq-platform-operator-test-hivemq-platform-operator.helmpodsecuritycontextupgradeextensionit-operator.svc:8080/initAppUpdate/hivemq-platform-operator-init-app-1.7.0-SNAPSHOT.jar
2025-01-29 13:56:32,216 INFO c.h.h.t.HelmChartContainer - [hivemq-test-hivemq-platform] [hivemq-platform-operator] [218eabbf] 13:56:32.213 [main] INFO  c.h.p.o.HiveMQPlatformOperatorApplication - Additional imagePullSecret for all Platform deployments: none
2025-01-29 13:56:32,216 INFO c.h.h.t.HelmChartContainer - [hivemq-test-hivemq-platform] [hivemq-platform-operator] [218eabbf] 13:56:32.213 [main] INFO  c.h.p.o.HiveMQPlatformOperatorApplication - Apply HiveMQ Platform CRD: true
2025-01-29 13:56:32,216 INFO c.h.h.t.HelmChartContainer - [hivemq-test-hivemq-platform] [hivemq-platform-operator] [218eabbf] 13:56:32.213 [main] INFO  c.h.p.o.HiveMQPlatformOperatorApplication - Create Platform ServiceAccount: true
2025-01-29 13:56:32,216 INFO c.h.h.t.HelmChartContainer - [hivemq-test-hivemq-platform] [hivemq-platform-operator] [218eabbf] 13:56:32.213 [main] INFO  c.h.p.o.HiveMQPlatformOperatorApplication - Create Platform ServiceAccount permissions: true
2025-01-29 13:56:32,216 INFO c.h.h.t.HelmChartContainer - [hivemq-test-hivemq-platform] [hivemq-platform-operator] [218eabbf] 13:56:32.213 [main] INFO  c.h.p.o.HiveMQPlatformOperatorApplication - Validate Platform ServiceAccount: true
2025-01-29 13:56:32,216 INFO c.h.h.t.HelmChartContainer - [hivemq-test-hivemq-platform] [hivemq-platform-operator] [218eabbf] 13:56:32.213 [main] INFO  c.h.p.o.HiveMQPlatformOperatorApplication - Validate Platform ServiceAccount permissions: true
2025-01-29 13:56:32,331 INFO c.h.h.t.HelmChartContainer - [hivemq-test-hivemq-platform] [hivemq-platform-operator] [218eabbf] 13:56:32.330 [main] INFO  c.h.platform.operator.util.CRDUtil - Verifying deployed HiveMQ Platform CRD...
2025-01-29 13:56:34,792 INFO c.h.h.t.HelmChartContainer - [hivemq-test-hivemq-platform] [hivemq-platform-operator] [218eabbf] 13:56:34.791 [main] DEBUG c.h.platform.operator.util.CRDUtil - HiveMQ Platform CRD version v1 is up to date
2025-01-29 13:56:34,792 INFO c.h.h.t.HelmChartContainer - [hivemq-test-hivemq-platform] [hivemq-platform-operator] [218eabbf] 13:56:34.791 [main] INFO  c.h.platform.operator.util.CRDUtil - HiveMQ Platform CRD is up to date (version: V1_6_0)
2025-01-29 13:56:34,792 INFO c.h.h.t.HelmChartContainer - [hivemq-test-hivemq-platform] [hivemq-platform-operator] [218eabbf] 13:56:34.791 [main] INFO  c.h.platform.operator.util.CRDUtil - Waiting 10000 ms for HiveMQ Platform CRD 'hivemq-platforms.hivemq.com' to become ready...
2025-01-29 13:56:35,009 INFO c.h.h.t.HelmChartContainer - [hivemq-test-hivemq-platform] [hivemq-platform-operator] [218eabbf] 13:56:35.008 [vert.x-eventloop-thread-1] DEBUG c.h.platform.operator.util.CRDUtil - Checking CRD condition 'NamesAccepted' (status: 'True')
2025-01-29 13:56:35,011 INFO c.h.h.t.HelmChartContainer - [hivemq-test-hivemq-platform] [hivemq-platform-operator] [218eabbf] 13:56:35.008 [vert.x-eventloop-thread-1] DEBUG c.h.platform.operator.util.CRDUtil - Checking CRD condition 'Established' (status: 'True')
2025-01-29 13:56:35,011 INFO c.h.h.t.HelmChartContainer - [hivemq-test-hivemq-platform] [hivemq-platform-operator] [218eabbf] 13:56:35.009 [main] INFO  c.h.platform.operator.util.CRDUtil - HiveMQ Platform CRD 'hivemq-platforms.hivemq.com' is ready
2025-01-29 13:56:35,212 INFO c.h.h.t.HelmChartContainer - [hivemq-test-hivemq-platform] [hivemq-platform-operator] [218eabbf] 13:56:35.211 [main] INFO  c.h.p.o.HiveMQPlatformReconciler - HiveMQ Platform Operator is starting...
2025-01-29 13:56:35,317 INFO c.h.h.t.HelmChartContainer - [hivemq-test-hivemq-platform] [hivemq-platform-operator] [218eabbf] 13:56:35.316 [main] WARN  Default ConfigurationService implementation - Configuration for reconciler 'hivemq-controller' was not found. Known reconcilers: None.
2025-01-29 13:56:35,394 INFO c.h.h.t.HelmChartContainer - [hivemq-test-hivemq-platform] [hivemq-platform-operator] [218eabbf] 13:56:35.393 [main] INFO  Default ConfigurationService implementation - Created configuration for reconciler com.hivemq.platform.operator.HiveMQPlatformReconciler with name hivemq-controller
2025-01-29 13:56:35,500 INFO c.h.h.t.HelmChartContainer - [hivemq-test-hivemq-platform] [hivemq-platform-operator] [218eabbf] 13:56:35.499 [main] DEBUG c.h.p.o.HiveMQPlatformReconciler - HiveMQ Platform Operator is preparing EventSources
2025-01-29 13:56:35,515 INFO c.h.h.t.HelmChartContainer - [hivemq-test-hivemq-platform] [hivemq-platform-operator] [218eabbf] 13:56:35.514 [main] INFO  i.javaoperatorsdk.operator.Operator - Registered reconciler: 'hivemq-controller' for resource: 'class com.hivemq.platform.operator.v1.HiveMQPlatform' for namespace(s): [all namespaces]
2025-01-29 13:56:36,110 INFO c.h.h.t.HelmChartContainer - [hivemq-test-hivemq-platform] [hivemq-platform-operator] [218eabbf] 13:56:36.108 [main] INFO  c.h.p.operator.webserver.JettyServer - Starting Jetty server on port 8080
2025-01-29 13:56:36,198 INFO c.h.h.t.HelmChartContainer - [hivemq-test-hivemq-platform] [hivemq-platform-operator] [218eabbf] 13:56:36.197 [main] INFO  i.javaoperatorsdk.operator.Operator - Operator SDK 4.9.7 (commit: 2133d28) built on Wed Nov 20 12:56:20 UTC 2024 starting...
2025-01-29 13:56:36,199 INFO c.h.h.t.HelmChartContainer - [hivemq-test-hivemq-platform] [hivemq-platform-operator] [218eabbf] 13:56:36.197 [main] INFO  i.javaoperatorsdk.operator.Operator - Client version: 6.13.4
2025-01-29 13:56:36,200 INFO c.h.h.t.HelmChartContainer - [hivemq-test-hivemq-platform] [hivemq-platform-operator] [218eabbf] 13:56:36.199 [Controller Starter for: hivemq-controller] INFO  i.j.operator.processing.Controller - Starting 'hivemq-controller' controller for reconciler: com.hivemq.platform.operator.HiveMQPlatformReconciler, resource: com.hivemq.platform.operator.v1.HiveMQPlatform
2025-01-29 13:56:38,309 INFO c.h.h.t.HelmChartContainer - [hivemq-test-hivemq-platform] [hivemq-platform-operator] [218eabbf] 13:56:38.308 [Controller Starter for: hivemq-controller] INFO  i.j.operator.processing.Controller - 'hivemq-controller' controller started
2025-01-29 13:56:38,310 INFO c.h.h.t.HelmChartContainer - [hivemq-test-hivemq-platform] [hivemq-platform-operator] [218eabbf] 13:56:38.309 [main] INFO  c.h.p.o.HiveMQPlatformOperatorApplication - HiveMQ Platform Operator 1.7.0-SNAPSHOT started in 6102 ms
2025-01-29 13:56:40,192 INFO c.h.h.t.HelmChartContainer - [POD] hivemq-test-hivemq-platform-operator-5dbf989d8c-rbsvp [218eabbf-1611-4bbc-b96a-ddfbb281a3eb] in helmpodsecuritycontextupgradeextensionit-operator was MODIFIED
2025-01-29 13:56:40,198 INFO c.h.h.t.HelmChartContainer - [K3S] [replica_set.go:679] "Finished syncing" kind="ReplicaSet" key="helmpodsecuritycontextupgradeextensionit-operator/hivemq-test-hivemq-platform-operator-5dbf989d8c" duration="10.43574ms"
2025-01-29 13:56:40,202 INFO c.h.h.t.HelmChartContainer - [K3S] [replica_set.go:679] "Finished syncing" kind="ReplicaSet" key="helmpodsecuritycontextupgradeextensionit-operator/hivemq-test-hivemq-platform-operator-5dbf989d8c" duration="43.721µs"
2025-01-29 13:56:40,830 INFO com.hivemq.helmcharts.util.K8sUtil - Pod 'hivemq-test-hivemq-platform-operator-5dbf989d8c-rbsvp' is ready
2025-01-29 13:56:40,926 DEBUG com.hivemq.helmcharts.util.PodUtil - Received status for command '[sh, -c, stat -c "%u:%g" /proc/1]' on pod 'hivemq-test-hivemq-platform-operator-5dbf989d8c-rbsvp' (exit code: 0)
2025-01-29 13:56:40,937 INFO c.h.h.testcontainer.LogWaiterUtil - TEST Waiting for log pattern on 'test-hivemq-platform-0': .*Extension "HiveMQ Enterprise Distributed Tracing Extension" version .* started successfully.
2025-01-29 13:56:41,003 DEBUG c.h.h.t.HelmChartContainer - Executing helm command: /bin/helm --kubeconfig /etc/rancher/k3s/k3s.yaml install test-hivemq-platform /charts/hivemq-platform --wait --timeout 5m0s --set image.repository=docker.io/hivemq --set image.tag=4.36.0 --set image.pullPolicy=Never --set nodes.resources.cpu=512m -f /files/platform-pod-security-context-root-user-with-tracing-extension-values.yaml --namespace helmpodsecuritycontextupgradeextensionit
2025-01-29 13:56:41,328 INFO c.h.h.t.HelmChartContainer - [hivemq-test-hivemq-platform] [hivemq-platform-operator] [218eabbf] 13:56:41.325 [-373097727-pool-1-thread-2] WARN  i.m.p.PrometheusMeterRegistry - The meter (MeterId{name='operator.sdk.events.received', tags=[tag(action=ADDED),tag(event=ResourceEvent),tag(group=hivemq.com),tag(kind=HiveMQPlatform),tag(name=test-hivemq-platform),tag(namespace=helmpodsecuritycontextupgradeextensionit),tag(scope=namespace),tag(version=v1)]}) registration has failed: Prometheus requires that all meters with the same name have the same set of tag keys. There is already an existing meter named 'operator.sdk.events.received' containing tag keys [event, group, kind, name, namespace, scope, version]. The meter you are attempting to register has keys [action, event, group, kind, name, namespace, scope, version]. Note that subsequent logs will be logged at debug level.
2025-01-29 13:56:41,817 INFO c.h.h.t.HelmChartContainer - [hivemq-test-hivemq-platform] [hivemq-platform-operator] [218eabbf] 13:56:41.816 [pool-6-thread-3] DEBUG c.h.p.o.dependants.PodInfoConfigMap - [helmpods] Desired PodInfo ConfigMap (1 extensions) (1 enabled)
2025-01-29 13:56:41,818 INFO c.h.h.t.HelmChartContainer - [hivemq-test-hivemq-platform] [hivemq-platform-operator] [218eabbf] 13:56:41.817 [pool-6-thread-3] DEBUG c.h.p.o.dependants.PodInfoConfigMap - [helmpods] Desired PodInfo ConfigMap (metrics port: 9399) (metrics path: /)
2025-01-29 13:56:41,818 INFO c.h.h.t.HelmChartContainer - [hivemq-test-hivemq-platform] [hivemq-platform-operator] [218eabbf] 13:56:41.817 [pool-6-thread-3] DEBUG c.h.p.o.dependants.PodInfoConfigMap - [helmpods] Desired PodInfo ConfigMap (extension state hash: -24870933)
2025-01-29 13:56:41,893 INFO c.h.h.t.HelmChartContainer - [hivemq-test-hivemq-platform] [hivemq-platform-operator] [218eabbf] 13:56:41.891 [pool-6-thread-3] DEBUG c.h.p.o.dependants.PodInfoConfigMap - [helmpods] Create PodInfo ConfigMap
2025-01-29 13:56:42,012 INFO c.h.h.t.HelmChartContainer - [hivemq-test-hivemq-platform] [hivemq-platform-operator] [218eabbf] 13:56:42.009 [pool-6-thread-5] DEBUG c.h.p.o.dependants.PodRoleResource - [helmpods] Create Role: Role(apiVersion=rbac.authorization.k8s.io/v1, kind=Role, metadata=ObjectMeta(annotations={meta.helm.sh/release-name=test-hivemq-platform, meta.helm.sh/release-namespace=helmpodsecuritycontextupgradeextensionit}, creationTimestamp=null, deletionGracePeriodSeconds=null, deletionTimestamp=null, finalizers=[], generateName=null, generation=null, labels={helm.sh/chart=hivemq-platform-0.2.32, app.kubernetes.io/managed-by=Helm, app.kubernetes.io/name=hivemq-platform, hivemq-platform=test-hivemq-platform, app.kubernetes.io/instance=test-hivemq-platform, app.kubernetes.io/version=4.36.0}, managedFields=[], name=hivemq-platform-role-test-hivemq-platform, namespace=helmpodsecuritycontextupgradeextensionit, ownerReferences=[OwnerReference(apiVersion=hivemq.com/v1, blockOwnerDeletion=null, controller=null, kind=HiveMQPlatform, name=test-hivemq-platform, uid=eca2ecbb-b163-4e19-9347-a2252860fec4, additionalProperties={})], resourceVersion=null, selfLink=null, uid=null, additionalProperties={}), rules=[PolicyRule(apiGroups=[], nonResourceURLs=[], resourceNames=[], resources=[pods], verbs=[get, patch, update], additionalProperties={})], additionalProperties={})
2025-01-29 13:56:42,113 INFO c.h.h.t.HelmChartContainer - [hivemq-test-hivemq-platform] [hivemq-platform-operator] [218eabbf] 13:56:42.111 [pool-6-thread-7] DEBUG c.h.p.o.d.PodServiceAccountResource - [helmpods] Desired PodServiceAccountResource (serviceAccountName: hivemq-platform-pod-test-hivemq-platform)
2025-01-29 13:56:42,113 INFO c.h.h.t.HelmChartContainer - [hivemq-test-hivemq-platform] [hivemq-platform-operator] [218eabbf] 13:56:42.112 [pool-6-thread-7] DEBUG c.h.p.o.d.PodServiceAccountResource - [helmpods] Create ServiceAccount 'hivemq-platform-pod-test-hivemq-platform'
2025-01-29 13:56:42,217 INFO c.h.h.t.HelmChartContainer - [hivemq-test-hivemq-platform] [hivemq-platform-operator] [218eabbf] 13:56:42.215 [pool-6-thread-10] DEBUG c.h.p.o.d.PodRoleBindingResource - [helmpods] Create RoleBinding: RoleBinding(apiVersion=rbac.authorization.k8s.io/v1, kind=RoleBinding, metadata=ObjectMeta(annotations={meta.helm.sh/release-name=test-hivemq-platform, meta.helm.sh/release-namespace=helmpodsecuritycontextupgradeextensionit}, creationTimestamp=null, deletionGracePeriodSeconds=null, deletionTimestamp=null, finalizers=[], generateName=null, generation=null, labels={helm.sh/chart=hivemq-platform-0.2.32, app.kubernetes.io/managed-by=Helm, app.kubernetes.io/name=hivemq-platform, hivemq-platform=test-hivemq-platform, app.kubernetes.io/instance=test-hivemq-platform, app.kubernetes.io/version=4.36.0}, managedFields=[], name=hivemq-platform-role-binding-test-hivemq-platform, namespace=helmpodsecuritycontextupgradeextensionit, ownerReferences=[OwnerReference(apiVersion=hivemq.com/v1, blockOwnerDeletion=null, controller=null, kind=HiveMQPlatform, name=test-hivemq-platform, uid=eca2ecbb-b163-4e19-9347-a2252860fec4, additionalProperties={})], resourceVersion=null, selfLink=null, uid=null, additionalProperties={}), roleRef=RoleRef(apiGroup=rbac.authorization.k8s.io, kind=Role, name=hivemq-platform-role-test-hivemq-platform, additionalProperties={}), subjects=[Subject(apiGroup=null, kind=ServiceAccount, name=hivemq-platform-pod-test-hivemq-platform, namespace=helmpodsecuritycontextupgradeextensionit, additionalProperties={})], additionalProperties={})
2025-01-29 13:56:42,311 INFO c.h.h.t.HelmChartContainer - [hivemq-test-hivemq-platform] [hivemq-platform-operator] [218eabbf] 13:56:42.310 [ReconcilerExecutor-hivemq-controller-54] INFO  c.h.p.o.HiveMQPlatformReconciler - [helmpods] Reconciling HiveMQ Platform 'test-hivemq-platform' in namespace 'helmpodsecuritycontextupgradeextensionit'
2025-01-29 13:56:42,312 INFO c.h.h.t.HelmChartContainer - [hivemq-test-hivemq-platform] [hivemq-platform-operator] [218eabbf] 13:56:42.310 [ReconcilerExecutor-hivemq-controller-54] DEBUG c.h.p.o.HiveMQPlatformReconciler - [helmpods] Custom Resource Status CREATED - HiveMQ Platform was created (READY)
2025-01-29 13:56:42,312 INFO c.h.h.t.HelmChartContainer - [hivemq-test-hivemq-platform] [hivemq-platform-operator] [218eabbf] 13:56:42.310 [ReconcilerExecutor-hivemq-controller-54] DEBUG c.h.p.o.HiveMQPlatformReconciler - [helmpods] Custom Resource Spec (replicas: 1) (extensions: 1)
2025-01-29 13:56:42,315 INFO c.h.h.t.HelmChartContainer - [hivemq-test-hivemq-platform] [hivemq-platform-operator] [218eabbf] 13:56:42.314 [ReconcilerExecutor-hivemq-controller-54] INFO  c.h.p.o.h.HiveMQPlatformReconcilerBaseHandler - [helmpods] HiveMQ Platform is starting
2025-01-29 13:56:42,423 INFO c.h.h.t.HelmChartContainer - [hivemq-test-hivemq-platform] [hivemq-platform-operator] [218eabbf] 13:56:42.422 [ReconcilerExecutor-hivemq-controller-54] DEBUG c.h.p.operator.event.EventSender - [helmpods] Creating K8s event hivemq-platform-starting: [Start] HiveMQ Platform is starting
2025-01-29 13:56:42,500 INFO c.h.h.t.HelmChartContainer - [EVENT] Normal [Start] HiveMQ Platform is starting [helmpodsecuritycontextupgradeextensionit:test-hivemq-platform]
2025-01-29 13:56:42,513 INFO c.h.h.t.HelmChartContainer - [hivemq-test-hivemq-platform] [hivemq-platform-operator] [218eabbf] 13:56:42.512 [ReconcilerExecutor-hivemq-controller-54] INFO  c.h.p.o.h.AbstractHiveMQReconcilerStateHandler - [helmpods] Update HiveMQ Platform Status (CREATED [READY] -> STARTING [READY]): HiveMQ Platform is starting
2025-01-29 13:56:42,598 DEBUG com.hivemq.helmcharts.util.K8sUtil - Comparing actual state 'STARTING' and waiting for 'RUNNING'
2025-01-29 13:56:52,618 INFO c.h.h.t.HelmChartContainer - [hivemq-test-hivemq-platform] [hivemq-platform-operator] [218eabbf] 13:56:52.615 [pool-6-thread-12] DEBUG c.h.p.o.d.PlatformServiceResource - [helmpods] Desired Platform services (3 services)
2025-01-29 13:56:52,632 INFO c.h.h.t.HelmChartContainer - [hivemq-test-hivemq-platform] [hivemq-platform-operator] [218eabbf] 13:56:52.617 [pool-6-thread-13] DEBUG c.h.p.o.dependants.PodInfoConfigMap - [helmpods] Desired PodInfo ConfigMap (1 extensions) (1 enabled)
2025-01-29 13:56:52,632 INFO c.h.h.t.HelmChartContainer - [hivemq-test-hivemq-platform] [hivemq-platform-operator] [218eabbf] 13:56:52.617 [pool-6-thread-13] DEBUG c.h.p.o.dependants.PodInfoConfigMap - [helmpods] Desired PodInfo ConfigMap (metrics port: 9399) (metrics path: /)
2025-01-29 13:56:52,632 INFO c.h.h.t.HelmChartContainer - [hivemq-test-hivemq-platform] [hivemq-platform-operator] [218eabbf] 13:56:52.617 [pool-6-thread-13] DEBUG c.h.p.o.dependants.PodInfoConfigMap - [helmpods] Desired PodInfo ConfigMap (extension state hash: -24870933)
2025-01-29 13:56:52,632 INFO c.h.h.t.HelmChartContainer - [hivemq-test-hivemq-platform] [hivemq-platform-operator] [218eabbf] 13:56:52.623 [pool-6-thread-13] DEBUG c.h.p.o.dependants.PodInfoConfigMap - [helmpods] Update PodInfo ConfigMap
2025-01-29 13:56:52,632 INFO c.h.h.t.HelmChartContainer - [hivemq-test-hivemq-platform] [hivemq-platform-operator] [218eabbf] 13:56:52.624 [pool-6-thread-17] DEBUG c.h.p.o.d.PodServiceAccountResource - [helmpods] Desired PodServiceAccountResource (serviceAccountName: hivemq-platform-pod-test-hivemq-platform)
2025-01-29 13:56:52,717 INFO c.h.h.t.HelmChartContainer - [K3S] [alloc.go:330] "allocated clusterIPs" service="helmpodsecuritycontextupgradeextensionit/hivemq-test-hivemq-platform-mqtt-1883" clusterIPs={"IPv4":"10.43.148.31"}
2025-01-29 13:56:52,740 INFO c.h.h.t.HelmChartContainer - [K3S] [alloc.go:330] "allocated clusterIPs" service="helmpodsecuritycontextupgradeextensionit/hivemq-test-hivemq-platform-cc-8080" clusterIPs={"IPv4":"10.43.170.228"}
2025-01-29 13:56:52,818 INFO c.h.h.t.HelmChartContainer - [K3S] [alloc.go:330] "allocated clusterIPs" service="helmpodsecuritycontextupgradeextensionit/hivemq-test-hivemq-platform-metrics-9399" clusterIPs={"IPv4":"10.43.65.78"}
2025-01-29 13:56:52,826 INFO c.h.h.t.HelmChartContainer - [hivemq-test-hivemq-platform] [hivemq-platform-operator] [218eabbf] 13:56:52.822 [pool-6-thread-20] DEBUG c.h.p.o.d.StatefulSetResource - [helmpods] Desired StatefulSet (1 replicas) for status STARTING (READY)
2025-01-29 13:56:52,917 INFO c.h.h.t.HelmChartContainer - [hivemq-test-hivemq-platform] [hivemq-platform-operator] [218eabbf] 13:56:52.916 [pool-6-thread-20] DEBUG c.h.p.o.d.StatefulSetResource - [helmpods] Create StatefulSet
2025-01-29 13:56:52,942 INFO c.h.h.t.HelmChartContainer - [POD] test-hivemq-platform-0 [aee7645b-e1c5-4397-8a9b-64081c6c9f6a] in helmpodsecuritycontextupgradeextensionit was ADDED
2025-01-29 13:56:52,943 INFO c.h.h.t.HelmChartContainer - [EVENT] Normal [SuccessfulCreate] create Pod test-hivemq-platform-0 in StatefulSet test-hivemq-platform successful [helmpodsecuritycontextupgradeextensionit:test-hivemq-platform]
2025-01-29 13:56:52,946 INFO c.h.h.t.HelmChartContainer - [POD] test-hivemq-platform-0 [aee7645b-e1c5-4397-8a9b-64081c6c9f6a] in helmpodsecuritycontextupgradeextensionit was MODIFIED
2025-01-29 13:56:52,947 INFO c.h.h.t.HelmChartContainer - [EVENT] Normal [Scheduled] Successfully assigned helmpodsecuritycontextupgradeextensionit/test-hivemq-platform-0 to 9f0aeb600ff7 [helmpodsecuritycontextupgradeextensionit:test-hivemq-platform-0]
2025-01-29 13:56:52,957 INFO c.h.h.t.HelmChartContainer - [POD] test-hivemq-platform-0 [aee7645b-e1c5-4397-8a9b-64081c6c9f6a] in helmpodsecuritycontextupgradeextensionit was MODIFIED
2025-01-29 13:56:53,079 INFO c.h.h.t.HelmChartContainer - [K3S] [reconciler_common.go:251] "operationExecutor.VerifyControllerAttachedVolume started for volume \"broker-configuration\" (UniqueName: \"kubernetes.io/configmap/aee7645b-e1c5-4397-8a9b-64081c6c9f6a-broker-configuration\") pod \"test-hivemq-platform-0\" (UID: \"aee7645b-e1c5-4397-8a9b-64081c6c9f6a\") " pod="helmpodsecuritycontextupgradeextensionit/test-hivemq-platform-0"
2025-01-29 13:56:53,079 INFO c.h.h.t.HelmChartContainer - [K3S] [reconciler_common.go:251] "operationExecutor.VerifyControllerAttachedVolume started for volume \"operator-init\" (UniqueName: \"kubernetes.io/empty-dir/aee7645b-e1c5-4397-8a9b-64081c6c9f6a-operator-init\") pod \"test-hivemq-platform-0\" (UID: \"aee7645b-e1c5-4397-8a9b-64081c6c9f6a\") " pod="helmpodsecuritycontextupgradeextensionit/test-hivemq-platform-0"
2025-01-29 13:56:53,079 INFO c.h.h.t.HelmChartContainer - [K3S] [reconciler_common.go:251] "operationExecutor.VerifyControllerAttachedVolume started for volume \"pod-info\" (UniqueName: \"kubernetes.io/configmap/aee7645b-e1c5-4397-8a9b-64081c6c9f6a-pod-info\") pod \"test-hivemq-platform-0\" (UID: \"aee7645b-e1c5-4397-8a9b-64081c6c9f6a\") " pod="helmpodsecuritycontextupgradeextensionit/test-hivemq-platform-0"
2025-01-29 13:56:53,079 INFO c.h.h.t.HelmChartContainer - [K3S] [reconciler_common.go:251] "operationExecutor.VerifyControllerAttachedVolume started for volume \"extension-configuration-hivemq-distributed-tracing-extension\" (UniqueName: \"kubernetes.io/configmap/aee7645b-e1c5-4397-8a9b-64081c6c9f6a-extension-configuration-hivemq-distributed-tracing-extension\") pod \"test-hivemq-platform-0\" (UID: \"aee7645b-e1c5-4397-8a9b-64081c6c9f6a\") " pod="helmpodsecuritycontextupgradeextensionit/test-hivemq-platform-0"
2025-01-29 13:56:53,079 INFO c.h.h.t.HelmChartContainer - [K3S] [reconciler_common.go:251] "operationExecutor.VerifyControllerAttachedVolume started for volume \"kube-api-access-pkzc4\" (UniqueName: \"kubernetes.io/projected/aee7645b-e1c5-4397-8a9b-64081c6c9f6a-kube-api-access-pkzc4\") pod \"test-hivemq-platform-0\" (UID: \"aee7645b-e1c5-4397-8a9b-64081c6c9f6a\") " pod="helmpodsecuritycontextupgradeextensionit/test-hivemq-platform-0"
2025-01-29 13:56:53,112 INFO c.h.h.t.HelmChartContainer - [hivemq-test-hivemq-platform] [hivemq-platform-operator] [218eabbf] 13:56:53.110 [ReconcilerExecutor-hivemq-controller-65] INFO  c.h.p.o.HiveMQPlatformReconciler - [helmpods] Reconciling HiveMQ Platform 'test-hivemq-platform' in namespace 'helmpodsecuritycontextupgradeextensionit'
2025-01-29 13:56:53,113 INFO c.h.h.t.HelmChartContainer - [hivemq-test-hivemq-platform] [hivemq-platform-operator] [218eabbf] 13:56:53.110 [ReconcilerExecutor-hivemq-controller-65] DEBUG c.h.p.o.HiveMQPlatformReconciler - [helmpods] Custom Resource Status STARTING - HiveMQ Platform is starting (READY)
2025-01-29 13:56:53,113 INFO c.h.h.t.HelmChartContainer - [hivemq-test-hivemq-platform] [hivemq-platform-operator] [218eabbf] 13:56:53.110 [ReconcilerExecutor-hivemq-controller-65] DEBUG c.h.p.o.HiveMQPlatformReconciler - [helmpods] Custom Resource Spec (replicas: 1) (extensions: 1)
2025-01-29 13:56:53,115 INFO c.h.h.t.HelmChartContainer - [hivemq-test-hivemq-platform] [hivemq-platform-operator] [218eabbf] 13:56:53.114 [ReconcilerExecutor-hivemq-controller-65] DEBUG c.h.p.o.HiveMQPlatformReconciler - [helmpods] StatefulSet Status (revision: test-hivemq-platform-6778d7488d, replicas: 1, available: 0, ready: 0, current: 1, updated: 1)
2025-01-29 13:56:53,116 INFO c.h.h.t.HelmChartContainer - [hivemq-test-hivemq-platform] [hivemq-platform-operator] [218eabbf] 13:56:53.114 [ReconcilerExecutor-hivemq-controller-65] DEBUG c.h.p.o.HiveMQPlatformReconciler - [helmpods] StatefulSet Spec (replicas: 1, init containers: 1, containers: 1, volumes: 4)
2025-01-29 13:56:53,211 INFO c.h.h.t.HelmChartContainer - [hivemq-test-hivemq-platform] [hivemq-platform-operator] [218eabbf] 13:56:53.210 [ReconcilerExecutor-hivemq-controller-65] DEBUG c.h.p.o.h.HiveMQPlatformReconcilerErrorHandler - [helmpods] Pod 'test-hivemq-platform-0' phase Pending
2025-01-29 13:56:53,212 INFO c.h.h.t.HelmChartContainer - [hivemq-test-hivemq-platform] [hivemq-platform-operator] [218eabbf] 13:56:53.210 [ReconcilerExecutor-hivemq-controller-65] DEBUG c.h.p.o.h.HiveMQPlatformReconcilerErrorHandler - [helmpods] Pod 'test-hivemq-platform-0' condition 'PodReadyToStartContainers': False
2025-01-29 13:56:53,212 INFO c.h.h.t.HelmChartContainer - [hivemq-test-hivemq-platform] [hivemq-platform-operator] [218eabbf] 13:56:53.211 [ReconcilerExecutor-hivemq-controller-65] DEBUG c.h.p.o.h.HiveMQPlatformReconcilerErrorHandler - [helmpods] Pod 'test-hivemq-platform-0' condition 'Initialized': False
2025-01-29 13:56:53,213 INFO c.h.h.t.HelmChartContainer - [hivemq-test-hivemq-platform] [hivemq-platform-operator] [218eabbf] 13:56:53.211 [ReconcilerExecutor-hivemq-controller-65] DEBUG c.h.p.o.h.HiveMQPlatformReconcilerErrorHandler - [helmpods] Pod 'test-hivemq-platform-0' condition 'Ready': False
2025-01-29 13:56:53,214 INFO c.h.h.t.HelmChartContainer - [hivemq-test-hivemq-platform] [hivemq-platform-operator] [218eabbf] 13:56:53.211 [ReconcilerExecutor-hivemq-controller-65] DEBUG c.h.p.o.h.HiveMQPlatformReconcilerErrorHandler - [helmpods] Pod 'test-hivemq-platform-0' condition 'ContainersReady': False
2025-01-29 13:56:53,215 INFO c.h.h.t.HelmChartContainer - [hivemq-test-hivemq-platform] [hivemq-platform-operator] [218eabbf] 13:56:53.211 [ReconcilerExecutor-hivemq-controller-65] DEBUG c.h.p.o.h.HiveMQPlatformReconcilerErrorHandler - [helmpods] Pod 'test-hivemq-platform-0' condition 'PodScheduled': True
2025-01-29 13:56:53,215 INFO c.h.h.t.HelmChartContainer - [hivemq-test-hivemq-platform] [hivemq-platform-operator] [218eabbf] 13:56:53.211 [ReconcilerExecutor-hivemq-controller-65] DEBUG c.h.p.o.h.HiveMQPlatformReconcilerErrorHandler - [helmpods] Pod 'test-hivemq-platform-0' containerStatus 'hivemq' (started: false) (ready: false) (waiting: [PodInitializing] null)
2025-01-29 13:56:53,215 INFO c.h.h.t.HelmChartContainer - [hivemq-test-hivemq-platform] [hivemq-platform-operator] [218eabbf] 13:56:53.214 [ReconcilerExecutor-hivemq-controller-65] INFO  c.h.p.o.h.HiveMQPlatformReconcilerBaseHandler - [helmpods] HiveMQ Platform is starting, 0 of 1 replicas are ready
2025-01-29 13:56:53,222 INFO c.h.h.t.HelmChartContainer - [hivemq-test-hivemq-platform] [hivemq-platform-operator] [218eabbf] 13:56:53.220 [pool-6-thread-22] DEBUG c.h.p.o.d.PlatformServiceResource - [helmpods] Desired Platform services (3 services)
2025-01-29 13:56:53,224 INFO c.h.h.t.HelmChartContainer - [hivemq-test-hivemq-platform] [hivemq-platform-operator] [218eabbf] 13:56:53.223 [pool-6-thread-23] DEBUG c.h.p.o.dependants.PodInfoConfigMap - [helmpods] Desired PodInfo ConfigMap (1 extensions) (1 enabled)
2025-01-29 13:56:53,225 INFO c.h.h.t.HelmChartContainer - [hivemq-test-hivemq-platform] [hivemq-platform-operator] [218eabbf] 13:56:53.225 [pool-6-thread-23] DEBUG c.h.p.o.dependants.PodInfoConfigMap - [helmpods] Desired PodInfo ConfigMap (metrics port: 9399) (metrics path: /)
2025-01-29 13:56:53,226 INFO c.h.h.t.HelmChartContainer - [hivemq-test-hivemq-platform] [hivemq-platform-operator] [218eabbf] 13:56:53.225 [pool-6-thread-23] DEBUG c.h.p.o.dependants.PodInfoConfigMap - [helmpods] Desired PodInfo ConfigMap (extension state hash: -24870933)
2025-01-29 13:56:53,311 INFO c.h.h.t.HelmChartContainer - [hivemq-test-hivemq-platform] [hivemq-platform-operator] [218eabbf] 13:56:53.309 [pool-6-thread-27] DEBUG c.h.p.o.d.PodServiceAccountResource - [helmpods] Desired PodServiceAccountResource (serviceAccountName: hivemq-platform-pod-test-hivemq-platform)
2025-01-29 13:56:53,319 INFO c.h.h.t.HelmChartContainer - [hivemq-test-hivemq-platform] [hivemq-platform-operator] [218eabbf] 13:56:53.316 [pool-6-thread-30] DEBUG c.h.p.o.d.StatefulSetResource - [helmpods] Desired StatefulSet (1 replicas) for status STARTING (READY)
2025-01-29 13:56:53,325 INFO c.h.h.t.HelmChartContainer - [hivemq-test-hivemq-platform] [hivemq-platform-operator] [218eabbf] 13:56:53.324 [ReconcilerExecutor-hivemq-controller-76] INFO  c.h.p.o.HiveMQPlatformReconciler - [helmpods] Reconciling HiveMQ Platform 'test-hivemq-platform' in namespace 'helmpodsecuritycontextupgradeextensionit'
2025-01-29 13:56:53,326 INFO c.h.h.t.HelmChartContainer - [hivemq-test-hivemq-platform] [hivemq-platform-operator] [218eabbf] 13:56:53.324 [ReconcilerExecutor-hivemq-controller-76] DEBUG c.h.p.o.HiveMQPlatformReconciler - [helmpods] Custom Resource Status STARTING - HiveMQ Platform is starting (READY)
2025-01-29 13:56:53,326 INFO c.h.h.t.HelmChartContainer - [hivemq-test-hivemq-platform] [hivemq-platform-operator] [218eabbf] 13:56:53.324 [ReconcilerExecutor-hivemq-controller-76] DEBUG c.h.p.o.HiveMQPlatformReconciler - [helmpods] Custom Resource Spec (replicas: 1) (extensions: 1)
2025-01-29 13:56:53,343 INFO c.h.h.t.HelmChartContainer - [EVENT] Normal [Pulled] Container image "docker.io/hivemq/hivemq-platform-operator-init-test:snapshot" already present on machine [helmpodsecuritycontextupgradeextensionit:test-hivemq-platform-0]
2025-01-29 13:56:53,412 INFO c.h.h.t.HelmChartContainer - [hivemq-test-hivemq-platform] [hivemq-platform-operator] [218eabbf] 13:56:53.410 [ReconcilerExecutor-hivemq-controller-76] DEBUG c.h.p.o.HiveMQPlatformReconciler - [helmpods] StatefulSet Status (revision: test-hivemq-platform-6778d7488d, replicas: 1, available: 0, ready: 0, current: 1, updated: 1)
2025-01-29 13:56:53,412 INFO c.h.h.t.HelmChartContainer - [hivemq-test-hivemq-platform] [hivemq-platform-operator] [218eabbf] 13:56:53.410 [ReconcilerExecutor-hivemq-controller-76] DEBUG c.h.p.o.HiveMQPlatformReconciler - [helmpods] StatefulSet Spec (replicas: 1, init containers: 1, containers: 1, volumes: 4)
2025-01-29 13:56:53,414 INFO c.h.h.t.HelmChartContainer - [hivemq-test-hivemq-platform] [hivemq-platform-operator] [218eabbf] 13:56:53.412 [ReconcilerExecutor-hivemq-controller-76] DEBUG c.h.p.o.h.HiveMQPlatformReconcilerErrorHandler - [helmpods] Pod 'test-hivemq-platform-0' phase Pending
2025-01-29 13:56:53,415 INFO c.h.h.t.HelmChartContainer - [hivemq-test-hivemq-platform] [hivemq-platform-operator] [218eabbf] 13:56:53.412 [ReconcilerExecutor-hivemq-controller-76] DEBUG c.h.p.o.h.HiveMQPlatformReconcilerErrorHandler - [helmpods] Pod 'test-hivemq-platform-0' condition 'PodReadyToStartContainers': False
2025-01-29 13:56:53,415 INFO c.h.h.t.HelmChartContainer - [hivemq-test-hivemq-platform] [hivemq-platform-operator] [218eabbf] 13:56:53.412 [ReconcilerExecutor-hivemq-controller-76] DEBUG c.h.p.o.h.HiveMQPlatformReconcilerErrorHandler - [helmpods] Pod 'test-hivemq-platform-0' condition 'Initialized': False
2025-01-29 13:56:53,415 INFO c.h.h.t.HelmChartContainer - [hivemq-test-hivemq-platform] [hivemq-platform-operator] [218eabbf] 13:56:53.412 [ReconcilerExecutor-hivemq-controller-76] DEBUG c.h.p.o.h.HiveMQPlatformReconcilerErrorHandler - [helmpods] Pod 'test-hivemq-platform-0' condition 'Ready': False
2025-01-29 13:56:53,415 INFO c.h.h.t.HelmChartContainer - [hivemq-test-hivemq-platform] [hivemq-platform-operator] [218eabbf] 13:56:53.412 [ReconcilerExecutor-hivemq-controller-76] DEBUG c.h.p.o.h.HiveMQPlatformReconcilerErrorHandler - [helmpods] Pod 'test-hivemq-platform-0' condition 'ContainersReady': False
2025-01-29 13:56:53,415 INFO c.h.h.t.HelmChartContainer - [hivemq-test-hivemq-platform] [hivemq-platform-operator] [218eabbf] 13:56:53.412 [ReconcilerExecutor-hivemq-controller-76] DEBUG c.h.p.o.h.HiveMQPlatformReconcilerErrorHandler - [helmpods] Pod 'test-hivemq-platform-0' condition 'PodScheduled': True
2025-01-29 13:56:53,415 INFO c.h.h.t.HelmChartContainer - [hivemq-test-hivemq-platform] [hivemq-platform-operator] [218eabbf] 13:56:53.412 [ReconcilerExecutor-hivemq-controller-76] DEBUG c.h.p.o.h.HiveMQPlatformReconcilerErrorHandler - [helmpods] Pod 'test-hivemq-platform-0' containerStatus 'hivemq' (started: false) (ready: false) (waiting: [PodInitializing] null)
2025-01-29 13:56:53,415 INFO c.h.h.t.HelmChartContainer - [hivemq-test-hivemq-platform] [hivemq-platform-operator] [218eabbf] 13:56:53.414 [ReconcilerExecutor-hivemq-controller-76] INFO  c.h.p.o.h.HiveMQPlatformReconcilerBaseHandler - [helmpods] HiveMQ Platform is starting, 0 of 1 replicas are ready
2025-01-29 13:56:53,491 INFO c.h.h.t.HelmChartContainer - [EVENT] Normal [Created] Created container: hivemq-platform-operator-init [helmpodsecuritycontextupgradeextensionit:test-hivemq-platform-0]
2025-01-29 13:56:53,532 INFO c.h.h.t.HelmChartContainer - [EVENT] Normal [Started] Started container hivemq-platform-operator-init [helmpodsecuritycontextupgradeextensionit:test-hivemq-platform-0]
2025-01-29 13:56:54,218 INFO c.h.h.t.HelmChartContainer - [POD] test-hivemq-platform-0 [aee7645b-e1c5-4397-8a9b-64081c6c9f6a] in helmpodsecuritycontextupgradeextensionit was MODIFIED
2025-01-29 13:56:54,236 INFO c.h.h.t.HelmChartContainer - [hivemq-test-hivemq-platform] [hivemq-platform-operator] [218eabbf] 13:56:54.231 [pool-6-thread-32] DEBUG c.h.p.o.d.PlatformServiceResource - [helmpods] Desired Platform services (3 services)
2025-01-29 13:56:54,243 INFO c.h.h.t.HelmChartContainer - [hivemq-test-hivemq-platform] [hivemq-platform-operator] [218eabbf] 13:56:54.240 [pool-6-thread-33] DEBUG c.h.p.o.dependants.PodInfoConfigMap - [helmpods] Desired PodInfo ConfigMap (1 extensions) (1 enabled)
2025-01-29 13:56:54,243 INFO c.h.h.t.HelmChartContainer - [hivemq-test-hivemq-platform] [hivemq-platform-operator] [218eabbf] 13:56:54.240 [pool-6-thread-33] DEBUG c.h.p.o.dependants.PodInfoConfigMap - [helmpods] Desired PodInfo ConfigMap (metrics port: 9399) (metrics path: /)
2025-01-29 13:56:54,243 INFO c.h.h.t.HelmChartContainer - [hivemq-test-hivemq-platform] [hivemq-platform-operator] [218eabbf] 13:56:54.240 [pool-6-thread-33] DEBUG c.h.p.o.dependants.PodInfoConfigMap - [helmpods] Desired PodInfo ConfigMap (extension state hash: -24870933)
2025-01-29 13:56:54,243 INFO c.h.h.t.HelmChartContainer - [hivemq-test-hivemq-platform] [hivemq-platform-operator] [218eabbf] 13:56:54.241 [pool-6-thread-37] DEBUG c.h.p.o.d.PodServiceAccountResource - [helmpods] Desired PodServiceAccountResource (serviceAccountName: hivemq-platform-pod-test-hivemq-platform)
2025-01-29 13:56:54,316 INFO c.h.h.t.HelmChartContainer - [hivemq-test-hivemq-platform] [hivemq-platform-operator] [218eabbf] 13:56:54.312 [pool-6-thread-40] DEBUG c.h.p.o.d.StatefulSetResource - [helmpods] Desired StatefulSet (1 replicas) for status STARTING (READY)
2025-01-29 13:56:54,319 INFO c.h.h.t.HelmChartContainer - [hivemq-test-hivemq-platform] [hivemq-platform-operator] [218eabbf] 13:56:54.318 [ReconcilerExecutor-hivemq-controller-87] INFO  c.h.p.o.HiveMQPlatformReconciler - [helmpods] Reconciling HiveMQ Platform 'test-hivemq-platform' in namespace 'helmpodsecuritycontextupgradeextensionit'
2025-01-29 13:56:54,320 INFO c.h.h.t.HelmChartContainer - [hivemq-test-hivemq-platform] [hivemq-platform-operator] [218eabbf] 13:56:54.319 [ReconcilerExecutor-hivemq-controller-87] DEBUG c.h.p.o.HiveMQPlatformReconciler - [helmpods] Custom Resource Status STARTING - HiveMQ Platform is starting (READY)
2025-01-29 13:56:54,320 INFO c.h.h.t.HelmChartContainer - [hivemq-test-hivemq-platform] [hivemq-platform-operator] [218eabbf] 13:56:54.319 [ReconcilerExecutor-hivemq-controller-87] DEBUG c.h.p.o.HiveMQPlatformReconciler - [helmpods] Custom Resource Spec (replicas: 1) (extensions: 1)
2025-01-29 13:56:54,324 INFO c.h.h.t.HelmChartContainer - [hivemq-test-hivemq-platform] [hivemq-platform-operator] [218eabbf] 13:56:54.323 [ReconcilerExecutor-hivemq-controller-87] DEBUG c.h.p.o.HiveMQPlatformReconciler - [helmpods] StatefulSet Status (revision: test-hivemq-platform-6778d7488d, replicas: 1, available: 0, ready: 0, current: 1, updated: 1)
2025-01-29 13:56:54,325 INFO c.h.h.t.HelmChartContainer - [hivemq-test-hivemq-platform] [hivemq-platform-operator] [218eabbf] 13:56:54.323 [ReconcilerExecutor-hivemq-controller-87] DEBUG c.h.p.o.HiveMQPlatformReconciler - [helmpods] StatefulSet Spec (replicas: 1, init containers: 1, containers: 1, volumes: 4)
2025-01-29 13:56:54,408 INFO c.h.h.t.HelmChartContainer - [hivemq-test-hivemq-platform] [hivemq-platform-operator] [218eabbf] 13:56:54.407 [ReconcilerExecutor-hivemq-controller-87] DEBUG c.h.p.o.h.HiveMQPlatformReconcilerErrorHandler - [helmpods] Pod 'test-hivemq-platform-0' phase Pending
2025-01-29 13:56:54,409 INFO c.h.h.t.HelmChartContainer - [hivemq-test-hivemq-platform] [hivemq-platform-operator] [218eabbf] 13:56:54.407 [ReconcilerExecutor-hivemq-controller-87] DEBUG c.h.p.o.h.HiveMQPlatformReconcilerErrorHandler - [helmpods] Pod 'test-hivemq-platform-0' condition 'PodReadyToStartContainers': True
2025-01-29 13:56:54,410 INFO c.h.h.t.HelmChartContainer - [hivemq-test-hivemq-platform] [hivemq-platform-operator] [218eabbf] 13:56:54.408 [ReconcilerExecutor-hivemq-controller-87] DEBUG c.h.p.o.h.HiveMQPlatformReconcilerErrorHandler - [helmpods] Pod 'test-hivemq-platform-0' condition 'Initialized': False
2025-01-29 13:56:54,410 INFO c.h.h.t.HelmChartContainer - [hivemq-test-hivemq-platform] [hivemq-platform-operator] [218eabbf] 13:56:54.408 [ReconcilerExecutor-hivemq-controller-87] DEBUG c.h.p.o.h.HiveMQPlatformReconcilerErrorHandler - [helmpods] Pod 'test-hivemq-platform-0' condition 'Ready': False
2025-01-29 13:56:54,410 INFO c.h.h.t.HelmChartContainer - [hivemq-test-hivemq-platform] [hivemq-platform-operator] [218eabbf] 13:56:54.408 [ReconcilerExecutor-hivemq-controller-87] DEBUG c.h.p.o.h.HiveMQPlatformReconcilerErrorHandler - [helmpods] Pod 'test-hivemq-platform-0' condition 'ContainersReady': False
2025-01-29 13:56:54,410 INFO c.h.h.t.HelmChartContainer - [hivemq-test-hivemq-platform] [hivemq-platform-operator] [218eabbf] 13:56:54.408 [ReconcilerExecutor-hivemq-controller-87] DEBUG c.h.p.o.h.HiveMQPlatformReconcilerErrorHandler - [helmpods] Pod 'test-hivemq-platform-0' condition 'PodScheduled': True
2025-01-29 13:56:54,410 INFO c.h.h.t.HelmChartContainer - [hivemq-test-hivemq-platform] [hivemq-platform-operator] [218eabbf] 13:56:54.408 [ReconcilerExecutor-hivemq-controller-87] DEBUG c.h.p.o.h.HiveMQPlatformReconcilerErrorHandler - [helmpods] Pod 'test-hivemq-platform-0' containerStatus 'hivemq' (started: false) (ready: false) (waiting: [PodInitializing] null)
2025-01-29 13:56:54,411 INFO c.h.h.t.HelmChartContainer - [hivemq-test-hivemq-platform] [hivemq-platform-operator] [218eabbf] 13:56:54.410 [ReconcilerExecutor-hivemq-controller-87] INFO  c.h.p.o.h.HiveMQPlatformReconcilerBaseHandler - [helmpods] HiveMQ Platform is starting, 0 of 1 replicas are ready
2025-01-29 13:56:55,214 INFO c.h.h.t.HelmChartContainer - [EVENT] Normal [Pulled] Container image "docker.io/hivemq/hivemq4:4.36.0" already present on machine [helmpodsecuritycontextupgradeextensionit:test-hivemq-platform-0]
2025-01-29 13:56:55,214 INFO c.h.h.t.HelmChartContainer - Received Pulled event for container hivemq in pod test-hivemq-platform-0 [aee7645b-e1c5-4397-8a9b-64081c6c9f6a]
2025-01-29 13:56:55,221 INFO c.h.h.t.HelmChartContainer - [POD] test-hivemq-platform-0 [aee7645b-e1c5-4397-8a9b-64081c6c9f6a] in helmpodsecuritycontextupgradeextensionit was MODIFIED
2025-01-29 13:56:55,235 INFO c.h.h.t.HelmChartContainer - [hivemq-test-hivemq-platform] [hivemq-platform-operator] [218eabbf] 13:56:55.233 [pool-6-thread-42] DEBUG c.h.p.o.d.PlatformServiceResource - [helmpods] Desired Platform services (3 services)
2025-01-29 13:56:55,237 INFO c.h.h.t.HelmChartContainer - [hivemq-test-hivemq-platform] [hivemq-platform-operator] [218eabbf] 13:56:55.236 [pool-6-thread-43] DEBUG c.h.p.o.dependants.PodInfoConfigMap - [helmpods] Desired PodInfo ConfigMap (1 extensions) (1 enabled)
2025-01-29 13:56:55,241 INFO c.h.h.t.HelmChartContainer - [hivemq-test-hivemq-platform] [hivemq-platform-operator] [218eabbf] 13:56:55.240 [pool-6-thread-47] DEBUG c.h.p.o.d.PodServiceAccountResource - [helmpods] Desired PodServiceAccountResource (serviceAccountName: hivemq-platform-pod-test-hivemq-platform)
2025-01-29 13:56:55,243 INFO c.h.h.t.HelmChartContainer - [hivemq-test-hivemq-platform] [hivemq-platform-operator] [218eabbf] 13:56:55.241 [pool-6-thread-43] DEBUG c.h.p.o.dependants.PodInfoConfigMap - [helmpods] Desired PodInfo ConfigMap (metrics port: 9399) (metrics path: /)
2025-01-29 13:56:55,243 INFO c.h.h.t.HelmChartContainer - [hivemq-test-hivemq-platform] [hivemq-platform-operator] [218eabbf] 13:56:55.241 [pool-6-thread-43] DEBUG c.h.p.o.dependants.PodInfoConfigMap - [helmpods] Desired PodInfo ConfigMap (extension state hash: -24870933)
2025-01-29 13:56:55,313 INFO c.h.h.t.HelmChartContainer - [hivemq-test-hivemq-platform] [hivemq-platform-operator] [218eabbf] 13:56:55.310 [pool-6-thread-50] DEBUG c.h.p.o.d.StatefulSetResource - [helmpods] Desired StatefulSet (1 replicas) for status STARTING (READY)
2025-01-29 13:56:55,317 INFO c.h.h.t.HelmChartContainer - [hivemq-test-hivemq-platform] [hivemq-platform-operator] [218eabbf] 13:56:55.315 [ReconcilerExecutor-hivemq-controller-98] INFO  c.h.p.o.HiveMQPlatformReconciler - [helmpods] Reconciling HiveMQ Platform 'test-hivemq-platform' in namespace 'helmpodsecuritycontextupgradeextensionit'
2025-01-29 13:56:55,318 INFO c.h.h.t.HelmChartContainer - [hivemq-test-hivemq-platform] [hivemq-platform-operator] [218eabbf] 13:56:55.316 [ReconcilerExecutor-hivemq-controller-98] DEBUG c.h.p.o.HiveMQPlatformReconciler - [helmpods] Custom Resource Status STARTING - HiveMQ Platform is starting (READY)
2025-01-29 13:56:55,318 INFO c.h.h.t.HelmChartContainer - [hivemq-test-hivemq-platform] [hivemq-platform-operator] [218eabbf] 13:56:55.316 [ReconcilerExecutor-hivemq-controller-98] DEBUG c.h.p.o.HiveMQPlatformReconciler - [helmpods] Custom Resource Spec (replicas: 1) (extensions: 1)
2025-01-29 13:56:55,319 INFO c.h.h.t.HelmChartContainer - [hivemq-test-hivemq-platform] [hivemq-platform-operator] [218eabbf] 13:56:55.319 [ReconcilerExecutor-hivemq-controller-98] DEBUG c.h.p.o.HiveMQPlatformReconciler - [helmpods] StatefulSet Status (revision: test-hivemq-platform-6778d7488d, replicas: 1, available: 0, ready: 0, current: 1, updated: 1)
2025-01-29 13:56:55,324 INFO c.h.h.t.HelmChartContainer - [hivemq-test-hivemq-platform] [hivemq-platform-operator] [218eabbf] 13:56:55.322 [ReconcilerExecutor-hivemq-controller-98] DEBUG c.h.p.o.HiveMQPlatformReconciler - [helmpods] StatefulSet Spec (replicas: 1, init containers: 1, containers: 1, volumes: 4)
2025-01-29 13:56:55,329 INFO c.h.h.t.HelmChartContainer - [hivemq-test-hivemq-platform] [hivemq-platform-operator] [218eabbf] 13:56:55.326 [ReconcilerExecutor-hivemq-controller-98] DEBUG c.h.p.o.h.HiveMQPlatformReconcilerErrorHandler - [helmpods] Pod 'test-hivemq-platform-0' phase Pending
2025-01-29 13:56:55,329 INFO c.h.h.t.HelmChartContainer - [hivemq-test-hivemq-platform] [hivemq-platform-operator] [218eabbf] 13:56:55.327 [ReconcilerExecutor-hivemq-controller-98] DEBUG c.h.p.o.h.HiveMQPlatformReconcilerErrorHandler - [helmpods] Pod 'test-hivemq-platform-0' condition 'PodReadyToStartContainers': True
2025-01-29 13:56:55,329 INFO c.h.h.t.HelmChartContainer - [hivemq-test-hivemq-platform] [hivemq-platform-operator] [218eabbf] 13:56:55.327 [ReconcilerExecutor-hivemq-controller-98] DEBUG c.h.p.o.h.HiveMQPlatformReconcilerErrorHandler - [helmpods] Pod 'test-hivemq-platform-0' condition 'Initialized': True
2025-01-29 13:56:55,329 INFO c.h.h.t.HelmChartContainer - [hivemq-test-hivemq-platform] [hivemq-platform-operator] [218eabbf] 13:56:55.327 [ReconcilerExecutor-hivemq-controller-98] DEBUG c.h.p.o.h.HiveMQPlatformReconcilerErrorHandler - [helmpods] Pod 'test-hivemq-platform-0' condition 'Ready': False
2025-01-29 13:56:55,329 INFO c.h.h.t.HelmChartContainer - [hivemq-test-hivemq-platform] [hivemq-platform-operator] [218eabbf] 13:56:55.327 [ReconcilerExecutor-hivemq-controller-98] DEBUG c.h.p.o.h.HiveMQPlatformReconcilerErrorHandler - [helmpods] Pod 'test-hivemq-platform-0' condition 'ContainersReady': False
2025-01-29 13:56:55,330 INFO c.h.h.t.HelmChartContainer - [hivemq-test-hivemq-platform] [hivemq-platform-operator] [218eabbf] 13:56:55.328 [ReconcilerExecutor-hivemq-controller-98] DEBUG c.h.p.o.h.HiveMQPlatformReconcilerErrorHandler - [helmpods] Pod 'test-hivemq-platform-0' condition 'PodScheduled': True
2025-01-29 13:56:55,330 INFO c.h.h.t.HelmChartContainer - [hivemq-test-hivemq-platform] [hivemq-platform-operator] [218eabbf] 13:56:55.328 [ReconcilerExecutor-hivemq-controller-98] DEBUG c.h.p.o.h.HiveMQPlatformReconcilerErrorHandler - [helmpods] Pod 'test-hivemq-platform-0' containerStatus 'hivemq' (started: false) (ready: false) (waiting: [PodInitializing] null)
2025-01-29 13:56:55,330 INFO c.h.h.t.HelmChartContainer - [hivemq-test-hivemq-platform] [hivemq-platform-operator] [218eabbf] 13:56:55.329 [ReconcilerExecutor-hivemq-controller-98] INFO  c.h.p.o.h.HiveMQPlatformReconcilerBaseHandler - [helmpods] HiveMQ Platform is starting, 0 of 1 replicas are ready
2025-01-29 13:56:56,613 INFO c.h.h.t.HelmChartContainer - [EVENT] Normal [Created] Created container: hivemq [helmpodsecuritycontextupgradeextensionit:test-hivemq-platform-0]
2025-01-29 13:56:56,613 INFO c.h.h.t.HelmChartContainer - Received Created event for container hivemq in pod test-hivemq-platform-0 [aee7645b-e1c5-4397-8a9b-64081c6c9f6a]
2025-01-29 13:56:57,225 INFO c.h.h.t.HelmChartContainer - [POD] test-hivemq-platform-0 [aee7645b-e1c5-4397-8a9b-64081c6c9f6a] in helmpodsecuritycontextupgradeextensionit was MODIFIED
2025-01-29 13:56:57,233 INFO c.h.h.t.HelmChartContainer - [EVENT] Normal [Started] Started container hivemq [helmpodsecuritycontextupgradeextensionit:test-hivemq-platform-0]
2025-01-29 13:56:57,233 INFO c.h.h.t.HelmChartContainer - Received Started event for container hivemq in pod test-hivemq-platform-0 [aee7645b-e1c5-4397-8a9b-64081c6c9f6a]
2025-01-29 13:56:57,234 INFO c.h.h.t.HelmChartContainer - Started log watcher for hivemq in pod test-hivemq-platform-0 [aee7645b-e1c5-4397-8a9b-64081c6c9f6a]
2025-01-29 13:56:57,234 INFO c.h.h.t.HelmChartContainer - [test-hivemq-platform] [hivemq] [aee7645b] Adding pre-installed HiveMQ Platform Operator extensions
2025-01-29 13:56:57,234 INFO c.h.h.t.HelmChartContainer - [test-hivemq-platform] [hivemq] [aee7645b] Running as user 0
2025-01-29 13:56:57,234 INFO c.h.h.t.HelmChartContainer - [test-hivemq-platform] [hivemq] [aee7645b] Starting HiveMQ Platform Operator Init
2025-01-29 13:56:57,239 INFO c.h.h.t.HelmChartContainer - [hivemq-test-hivemq-platform] [hivemq-platform-operator] [218eabbf] 13:56:57.235 [pool-6-thread-5] DEBUG c.h.p.o.dependants.PodInfoConfigMap - [helmpods] Desired PodInfo ConfigMap (1 extensions) (1 enabled)
2025-01-29 13:56:57,239 INFO c.h.h.t.HelmChartContainer - [hivemq-test-hivemq-platform] [hivemq-platform-operator] [218eabbf] 13:56:57.234 [pool-6-thread-6] DEBUG c.h.p.o.d.PlatformServiceResource - [helmpods] Desired Platform services (3 services)
2025-01-29 13:56:57,239 INFO c.h.h.t.HelmChartContainer - [hivemq-test-hivemq-platform] [hivemq-platform-operator] [218eabbf] 13:56:57.236 [pool-6-thread-5] DEBUG c.h.p.o.dependants.PodInfoConfigMap - [helmpods] Desired PodInfo ConfigMap (metrics port: 9399) (metrics path: /)
2025-01-29 13:56:57,239 INFO c.h.h.t.HelmChartContainer - [hivemq-test-hivemq-platform] [hivemq-platform-operator] [218eabbf] 13:56:57.236 [pool-6-thread-5] DEBUG c.h.p.o.dependants.PodInfoConfigMap - [helmpods] Desired PodInfo ConfigMap (extension state hash: -24870933)
2025-01-29 13:56:57,242 INFO c.h.h.t.HelmChartContainer - [hivemq-test-hivemq-platform] [hivemq-platform-operator] [218eabbf] 13:56:57.240 [pool-6-thread-2] DEBUG c.h.p.o.d.PodServiceAccountResource - [helmpods] Desired PodServiceAccountResource (serviceAccountName: hivemq-platform-pod-test-hivemq-platform)
2025-01-29 13:56:57,310 INFO c.h.h.t.HelmChartContainer - [hivemq-test-hivemq-platform] [hivemq-platform-operator] [218eabbf] 13:56:57.308 [pool-6-thread-6] DEBUG c.h.p.o.d.StatefulSetResource - [helmpods] Desired StatefulSet (1 replicas) for status STARTING (READY)
2025-01-29 13:56:57,315 INFO c.h.h.t.HelmChartContainer - [hivemq-test-hivemq-platform] [hivemq-platform-operator] [218eabbf] 13:56:57.313 [ReconcilerExecutor-hivemq-controller-109] INFO  c.h.p.o.HiveMQPlatformReconciler - [helmpods] Reconciling HiveMQ Platform 'test-hivemq-platform' in namespace 'helmpodsecuritycontextupgradeextensionit'
2025-01-29 13:56:57,315 INFO c.h.h.t.HelmChartContainer - [hivemq-test-hivemq-platform] [hivemq-platform-operator] [218eabbf] 13:56:57.313 [ReconcilerExecutor-hivemq-controller-109] DEBUG c.h.p.o.HiveMQPlatformReconciler - [helmpods] Custom Resource Status STARTING - HiveMQ Platform is starting (READY)
2025-01-29 13:56:57,315 INFO c.h.h.t.HelmChartContainer - [hivemq-test-hivemq-platform] [hivemq-platform-operator] [218eabbf] 13:56:57.313 [ReconcilerExecutor-hivemq-controller-109] DEBUG c.h.p.o.HiveMQPlatformReconciler - [helmpods] Custom Resource Spec (replicas: 1) (extensions: 1)
2025-01-29 13:56:57,318 INFO c.h.h.t.HelmChartContainer - [hivemq-test-hivemq-platform] [hivemq-platform-operator] [218eabbf] 13:56:57.316 [ReconcilerExecutor-hivemq-controller-109] DEBUG c.h.p.o.HiveMQPlatformReconciler - [helmpods] StatefulSet Status (revision: test-hivemq-platform-6778d7488d, replicas: 1, available: 0, ready: 0, current: 1, updated: 1)
2025-01-29 13:56:57,318 INFO c.h.h.t.HelmChartContainer - [hivemq-test-hivemq-platform] [hivemq-platform-operator] [218eabbf] 13:56:57.316 [ReconcilerExecutor-hivemq-controller-109] DEBUG c.h.p.o.HiveMQPlatformReconciler - [helmpods] StatefulSet Spec (replicas: 1, init containers: 1, containers: 1, volumes: 4)
2025-01-29 13:56:57,319 INFO c.h.h.t.HelmChartContainer - [hivemq-test-hivemq-platform] [hivemq-platform-operator] [218eabbf] 13:56:57.319 [ReconcilerExecutor-hivemq-controller-109] DEBUG c.h.p.o.h.HiveMQPlatformReconcilerErrorHandler - [helmpods] Pod 'test-hivemq-platform-0' phase Running
2025-01-29 13:56:57,320 INFO c.h.h.t.HelmChartContainer - [hivemq-test-hivemq-platform] [hivemq-platform-operator] [218eabbf] 13:56:57.320 [ReconcilerExecutor-hivemq-controller-109] INFO  c.h.p.o.h.HiveMQPlatformReconcilerBaseHandler - [helmpods] HiveMQ Platform is starting, 0 of 1 replicas are ready
2025-01-29 13:56:57,889 INFO c.h.h.t.HelmChartContainer - [test-hivemq-platform] [hivemq] [aee7645b] INFO  - [HiveMQ Platform Operator Init 1.7.0-SNAPSHOT] HiveMQ Platform Operator Init 1.7.0-SNAPSHOT (commit: bebf408 on branch: HEAD) built on Sun Jan 26 20:47:47 UTC 2025
2025-01-29 13:56:59,020 INFO c.h.h.t.HelmChartContainer - [test-hivemq-platform] [hivemq] [aee7645b] INFO  - [HiveMQ Platform Operator Init App 1.7.0-SNAPSHOT] Using bind address 10.42.0.8 from environment variable
2025-01-29 13:56:59,910 INFO c.h.h.t.HelmChartContainer - [test-hivemq-platform] [hivemq] [aee7645b] INFO  - [HiveMQ Platform Operator Init App 1.7.0-SNAPSHOT] HiveMQ Platform Operator Init App 1.7.0-SNAPSHOT (commit: bebf408 on branch: HEAD) built on Sun Jan 26 20:47:47 UTC 2025
2025-01-29 13:56:59,911 INFO c.h.h.t.HelmChartContainer - [test-hivemq-platform] [hivemq] [aee7645b] INFO  - [HiveMQ Platform Operator Init App 1.7.0-SNAPSHOT] PodInfo ConfigMap directory: /etc/podinfo
2025-01-29 13:56:59,911 INFO c.h.h.t.HelmChartContainer - [test-hivemq-platform] [hivemq] [aee7645b] INFO  - [HiveMQ Platform Operator Init App 1.7.0-SNAPSHOT] HiveMQ home directory: /opt/hivemq
2025-01-29 13:56:59,911 INFO c.h.h.t.HelmChartContainer - [test-hivemq-platform] [hivemq] [aee7645b] INFO  - [HiveMQ Platform Operator Init App 1.7.0-SNAPSHOT] HiveMQ Logback folder: /opt/hivemq/conf
2025-01-29 13:56:59,911 INFO c.h.h.t.HelmChartContainer - [test-hivemq-platform] [hivemq] [aee7645b] INFO  - [HiveMQ Platform Operator Init App 1.7.0-SNAPSHOT] HiveMQ Config folder: /opt/hivemq/conf-k8s
2025-01-29 13:56:59,980 INFO c.h.h.t.HelmChartContainer - [test-hivemq-platform] [hivemq] [aee7645b] INFO  - [HiveMQ Platform Operator Init App 1.7.0-SNAPSHOT] Starting HiveMQ Platform Operator Init App
2025-01-29 13:56:59,981 INFO c.h.h.t.HelmChartContainer - [test-hivemq-platform] [hivemq] [aee7645b] INFO  - [HiveMQ Platform Operator Init App 1.7.0-SNAPSHOT] Starting Pod reconciler
2025-01-29 13:57:01,113 INFO c.h.h.t.HelmChartContainer - [test-hivemq-platform] [hivemq] [aee7645b] INFO  - [HiveMQ Platform Operator Init App 1.7.0-SNAPSHOT] Pod reconciler is scheduled (interval: 5000 ms)
2025-01-29 13:57:01,114 INFO c.h.h.t.HelmChartContainer - [test-hivemq-platform] [hivemq] [aee7645b] INFO  - [HiveMQ Platform Operator Init App 1.7.0-SNAPSHOT] Starting the REST API on 10.42.0.8:7979
2025-01-29 13:57:01,117 INFO c.h.h.t.HelmChartContainer - [test-hivemq-platform] [hivemq] [aee7645b] INFO  - [HiveMQ Platform Operator Init App 1.7.0-SNAPSHOT] Waiting up to 600s for at most 1 HiveMQ nodes in cluster service hivemq-test-hivemq-platform-cluster.helmpodsecuritycontextupgradeextensionit.svc
2025-01-29 13:57:01,495 INFO c.h.h.t.HelmChartContainer - [test-hivemq-platform] [hivemq] [aee7645b] INFO  - [HiveMQ Platform Operator Init App 1.7.0-SNAPSHOT] Resolved 1 IP addresses: [10.42.0.8]
2025-01-29 13:57:01,495 INFO c.h.h.t.HelmChartContainer - [test-hivemq-platform] [hivemq] [aee7645b] INFO  - [HiveMQ Platform Operator Init App 1.7.0-SNAPSHOT] HiveMQ node count of 1 is within threshold of 1
2025-01-29 13:57:01,496 INFO c.h.h.t.HelmChartContainer - [test-hivemq-platform] [hivemq] [aee7645b] INFO  - [HiveMQ Platform Operator Init App 1.7.0-SNAPSHOT] Proceeding with container start
2025-01-29 13:57:01,583 INFO c.h.h.t.HelmChartContainer - [test-hivemq-platform] [hivemq] [aee7645b] INFO  - [HiveMQ Platform Operator Init App 1.7.0-SNAPSHOT] Initializing HiveMQ Platform extensions with initial configuration: {hivemq-distributed-tracing-extension={start-priority=-1, skip-https-hostname-verification=false, restart=false, config-version=783, header-version=0, c-uri=, priority=-1, uri=preinstalled, skip-https-certificate-validation=false, enabled=true}, hivemq-prometheus-extension={skip-https-hostname-verification=false, skip-https-certificate-validation=false, uri=preinstalled, request-header-path=no-request-headers, enabled=true, restart=true, priority=-1, start-priority=-1, c-uri=}}
2025-01-29 13:57:01,992 INFO c.h.h.t.HelmChartContainer - [test-hivemq-platform] [hivemq] [aee7645b] INFO  - [HiveMQ Platform Operator Init App 1.7.0-SNAPSHOT] Successfully enabled extension hivemq-distributed-tracing-extension
2025-01-29 13:57:02,082 INFO c.h.h.t.HelmChartContainer - [test-hivemq-platform] [hivemq] [aee7645b] INFO  - [HiveMQ Platform Operator Init App 1.7.0-SNAPSHOT] Successfully enabled extension hivemq-prometheus-extension
2025-01-29 13:57:02,084 INFO c.h.h.t.HelmChartContainer - [test-hivemq-platform] [hivemq] [aee7645b] INFO  - [HiveMQ Platform Operator Init App 1.7.0-SNAPSHOT] Starting HiveMQ Platform version 4.36.0 (4.36.0)
2025-01-29 13:57:02,085 INFO c.h.h.t.HelmChartContainer - [test-hivemq-platform] [hivemq] [aee7645b] INFO  - [HiveMQ Platform Operator Init App 1.7.0-SNAPSHOT] Configuring the HiveMQ Platform
2025-01-29 13:57:02,096 INFO c.h.h.t.HelmChartContainer - [test-hivemq-platform] [hivemq] [aee7645b] INFO  - [HiveMQ Platform Operator Init App 1.7.0-SNAPSHOT] Changed logback.xml file scan period to 20 seconds
2025-01-29 13:57:02,188 INFO c.h.h.t.HelmChartContainer - [test-hivemq-platform] [hivemq] [aee7645b] INFO  - [HiveMQ Platform Operator Init App 1.7.0-SNAPSHOT] Starting the HiveMQ Platform
2025-01-29 13:57:02,191 INFO c.h.h.t.HelmChartContainer - [test-hivemq-platform] [hivemq] [aee7645b] -------------------------------------------------------------------------
2025-01-29 13:57:02,191 INFO c.h.h.t.HelmChartContainer - [test-hivemq-platform] [hivemq] [aee7645b] 
2025-01-29 13:57:02,191 INFO c.h.h.t.HelmChartContainer - [test-hivemq-platform] [hivemq] [aee7645b]                   _    _  _              __  __   ____
2025-01-29 13:57:02,191 INFO c.h.h.t.HelmChartContainer - [test-hivemq-platform] [hivemq] [aee7645b]                  | |  | |(_)            |  \/  | / __ \
2025-01-29 13:57:02,191 INFO c.h.h.t.HelmChartContainer - [test-hivemq-platform] [hivemq] [aee7645b]                  | |__| | _ __   __ ___ | \  / || |  | |
2025-01-29 13:57:02,191 INFO c.h.h.t.HelmChartContainer - [test-hivemq-platform] [hivemq] [aee7645b]                  |  __  || |\ \ / // _ \| |\/| || |  | |
2025-01-29 13:57:02,191 INFO c.h.h.t.HelmChartContainer - [test-hivemq-platform] [hivemq] [aee7645b]                  | |  | || | \ V /|  __/| |  | || |__| |
2025-01-29 13:57:02,191 INFO c.h.h.t.HelmChartContainer - [test-hivemq-platform] [hivemq] [aee7645b]                  |_|  |_||_|  \_/  \___||_|  |_| \___\_\
2025-01-29 13:57:02,191 INFO c.h.h.t.HelmChartContainer - [test-hivemq-platform] [hivemq] [aee7645b] 
2025-01-29 13:57:02,192 INFO c.h.h.t.HelmChartContainer - [test-hivemq-platform] [hivemq] [aee7645b] -------------------------------------------------------------------------
2025-01-29 13:57:02,192 INFO c.h.h.t.HelmChartContainer - [test-hivemq-platform] [hivemq] [aee7645b] 
2025-01-29 13:57:02,192 INFO c.h.h.t.HelmChartContainer - [test-hivemq-platform] [hivemq] [aee7645b]   HiveMQ Start Script for Linux/Unix v1.14
2025-01-29 13:57:02,192 INFO c.h.h.t.HelmChartContainer - [test-hivemq-platform] [hivemq] [aee7645b] 
2025-01-29 13:57:02,295 INFO c.h.h.t.HelmChartContainer - [test-hivemq-platform] [hivemq] [aee7645b] -------------------------------------------------------------------------
2025-01-29 13:57:02,295 INFO c.h.h.t.HelmChartContainer - [test-hivemq-platform] [hivemq] [aee7645b] 
2025-01-29 13:57:02,295 INFO c.h.h.t.HelmChartContainer - [test-hivemq-platform] [hivemq] [aee7645b]   HIVEMQ_HOME: /opt/hivemq
2025-01-29 13:57:02,295 INFO c.h.h.t.HelmChartContainer - [test-hivemq-platform] [hivemq] [aee7645b] 
2025-01-29 13:57:02,295 INFO c.h.h.t.HelmChartContainer - [test-hivemq-platform] [hivemq] [aee7645b]   JAVA_OPTS: -XX:+UnlockExperimentalVMOptions -XX:InitialRAMPercentage=50 -XX:MaxRAMPercentage=50 -Djava.net.preferIPv4Stack=true --add-opens java.base/java.lang=ALL-UNNAMED --add-opens java.base/java.nio=ALL-UNNAMED --add-opens java.base/sun.nio.ch=ALL-UNNAMED --add-opens jdk.management/com.sun.management.internal=ALL-UNNAMED --add-exports java.base/jdk.internal.misc=ALL-UNNAMED -Djava.security.egd=file:/dev/./urandom -Dcom.sun.management.jmxremote -Dcom.sun.management.jmxremote.port=9010 -Dcom.sun.management.jmxremote.local.only=false -Dcom.sun.management.jmxremote.authenticate=false -Dcom.sun.management.jmxremote.ssl=false -Duser.language=en -Duser.region=US -XX:+CrashOnOutOfMemoryError -XX:+HeapDumpOnOutOfMemoryError
2025-01-29 13:57:02,295 INFO c.h.h.t.HelmChartContainer - [test-hivemq-platform] [hivemq] [aee7645b] 
2025-01-29 13:57:02,295 INFO c.h.h.t.HelmChartContainer - [test-hivemq-platform] [hivemq] [aee7645b]   JAVA_VERSION: 21
2025-01-29 13:57:02,295 INFO c.h.h.t.HelmChartContainer - [test-hivemq-platform] [hivemq] [aee7645b] 
2025-01-29 13:57:02,295 INFO c.h.h.t.HelmChartContainer - [test-hivemq-platform] [hivemq] [aee7645b] -------------------------------------------------------------------------
2025-01-29 13:57:02,295 INFO c.h.h.t.HelmChartContainer - [test-hivemq-platform] [hivemq] [aee7645b] 
2025-01-29 13:57:03,288 INFO c.h.h.t.HelmChartContainer - [test-hivemq-platform] [hivemq] [aee7645b] INFO  - [HiveMQ Platform Operator Init App 1.7.0-SNAPSHOT] Returning default Health API response 503 for readiness
2025-01-29 13:57:03,600 INFO c.h.h.t.HelmChartContainer - [EVENT] Warning [Unhealthy] Readiness probe failed: HTTP probe failed with statuscode: 503 [helmpodsecuritycontextupgradeextensionit:test-hivemq-platform-0]
2025-01-29 13:57:03,600 INFO c.h.h.t.HelmChartContainer - Received Unhealthy event for container hivemq in pod test-hivemq-platform-0 [aee7645b-e1c5-4397-8a9b-64081c6c9f6a]
2025-01-29 13:57:04,992 INFO c.h.h.t.HelmChartContainer - [test-hivemq-platform] [hivemq] [aee7645b] INFO  - Starting HiveMQ Enterprise Server
2025-01-29 13:57:04,998 INFO c.h.h.t.HelmChartContainer - [test-hivemq-platform] [hivemq] [aee7645b] INFO  - HiveMQ version: 4.36.0
2025-01-29 13:57:04,999 INFO c.h.h.t.HelmChartContainer - [test-hivemq-platform] [hivemq] [aee7645b] INFO  - HiveMQ home directory: /opt/hivemq
2025-01-29 13:57:04,999 INFO c.h.h.t.HelmChartContainer - [test-hivemq-platform] [hivemq] [aee7645b] INFO  - Log Configuration was overridden by /opt/hivemq/conf/logback.xml
2025-01-29 13:57:06,192 INFO c.h.h.t.HelmChartContainer - [test-hivemq-platform] [hivemq] [aee7645b] INFO  - Successfully loaded configuration from '/opt/hivemq/conf-k8s/config.xml'.
2025-01-29 13:57:06,791 INFO c.h.h.t.HelmChartContainer - [test-hivemq-platform] [hivemq] [aee7645b] INFO  - This node's ID is SonNh
2025-01-29 13:57:06,792 INFO c.h.h.t.HelmChartContainer - [test-hivemq-platform] [hivemq] [aee7645b] INFO  - Clustering is enabled
2025-01-29 13:57:07,328 INFO c.h.h.t.HelmChartContainer - [hivemq-test-hivemq-platform] [hivemq-platform-operator] [218eabbf] 13:57:07.323 [pool-6-thread-16] DEBUG c.h.p.o.d.PlatformServiceResource - [helmpods] Desired Platform services (3 services)
2025-01-29 13:57:07,328 INFO c.h.h.t.HelmChartContainer - [hivemq-test-hivemq-platform] [hivemq-platform-operator] [218eabbf] 13:57:07.325 [pool-6-thread-14] DEBUG c.h.p.o.d.PodServiceAccountResource - [helmpods] Desired PodServiceAccountResource (serviceAccountName: hivemq-platform-pod-test-hivemq-platform)
2025-01-29 13:57:07,330 INFO c.h.h.t.HelmChartContainer - [hivemq-test-hivemq-platform] [hivemq-platform-operator] [218eabbf] 13:57:07.328 [pool-6-thread-15] DEBUG c.h.p.o.dependants.PodInfoConfigMap - [helmpods] Desired PodInfo ConfigMap (1 extensions) (1 enabled)
2025-01-29 13:57:07,330 INFO c.h.h.t.HelmChartContainer - [hivemq-test-hivemq-platform] [hivemq-platform-operator] [218eabbf] 13:57:07.328 [pool-6-thread-15] DEBUG c.h.p.o.dependants.PodInfoConfigMap - [helmpods] Desired PodInfo ConfigMap (metrics port: 9399) (metrics path: /)
2025-01-29 13:57:07,330 INFO c.h.h.t.HelmChartContainer - [hivemq-test-hivemq-platform] [hivemq-platform-operator] [218eabbf] 13:57:07.328 [pool-6-thread-15] DEBUG c.h.p.o.dependants.PodInfoConfigMap - [helmpods] Desired PodInfo ConfigMap (extension state hash: -24870933)
2025-01-29 13:57:07,331 INFO c.h.h.t.HelmChartContainer - [hivemq-test-hivemq-platform] [hivemq-platform-operator] [218eabbf] 13:57:07.330 [pool-6-thread-15] DEBUG c.h.p.o.d.StatefulSetResource - [helmpods] Desired StatefulSet (1 replicas) for status STARTING (READY)
2025-01-29 13:57:07,336 INFO c.h.h.t.HelmChartContainer - [hivemq-test-hivemq-platform] [hivemq-platform-operator] [218eabbf] 13:57:07.334 [ReconcilerExecutor-hivemq-controller-110] INFO  c.h.p.o.HiveMQPlatformReconciler - [helmpods] Reconciling HiveMQ Platform 'test-hivemq-platform' in namespace 'helmpodsecuritycontextupgradeextensionit'
2025-01-29 13:57:07,336 INFO c.h.h.t.HelmChartContainer - [hivemq-test-hivemq-platform] [hivemq-platform-operator] [218eabbf] 13:57:07.334 [ReconcilerExecutor-hivemq-controller-110] DEBUG c.h.p.o.HiveMQPlatformReconciler - [helmpods] Custom Resource Status STARTING - HiveMQ Platform is starting (READY)
2025-01-29 13:57:07,336 INFO c.h.h.t.HelmChartContainer - [hivemq-test-hivemq-platform] [hivemq-platform-operator] [218eabbf] 13:57:07.334 [ReconcilerExecutor-hivemq-controller-110] DEBUG c.h.p.o.HiveMQPlatformReconciler - [helmpods] Custom Resource Spec (replicas: 1) (extensions: 1)
2025-01-29 13:57:07,339 INFO c.h.h.t.HelmChartContainer - [hivemq-test-hivemq-platform] [hivemq-platform-operator] [218eabbf] 13:57:07.337 [ReconcilerExecutor-hivemq-controller-110] DEBUG c.h.p.o.HiveMQPlatformReconciler - [helmpods] StatefulSet Status (revision: test-hivemq-platform-6778d7488d, replicas: 1, available: 0, ready: 0, current: 1, updated: 1)
2025-01-29 13:57:07,339 INFO c.h.h.t.HelmChartContainer - [hivemq-test-hivemq-platform] [hivemq-platform-operator] [218eabbf] 13:57:07.337 [ReconcilerExecutor-hivemq-controller-110] DEBUG c.h.p.o.HiveMQPlatformReconciler - [helmpods] StatefulSet Spec (replicas: 1, init containers: 1, containers: 1, volumes: 4)
2025-01-29 13:57:07,409 INFO c.h.h.t.HelmChartContainer - [hivemq-test-hivemq-platform] [hivemq-platform-operator] [218eabbf] 13:57:07.407 [ReconcilerExecutor-hivemq-controller-110] DEBUG c.h.p.o.h.HiveMQPlatformReconcilerErrorHandler - [helmpods] Pod 'test-hivemq-platform-0' phase Running
2025-01-29 13:57:07,409 INFO c.h.h.t.HelmChartContainer - [hivemq-test-hivemq-platform] [hivemq-platform-operator] [218eabbf] 13:57:07.409 [ReconcilerExecutor-hivemq-controller-110] INFO  c.h.p.o.h.HiveMQPlatformReconcilerBaseHandler - [helmpods] HiveMQ Platform is starting, 0 of 1 replicas are ready
2025-01-29 13:57:08,587 INFO c.h.h.t.HelmChartContainer - [test-hivemq-platform] [hivemq] [aee7645b] WARN  - [HiveMQ Platform Operator Init App 1.7.0-SNAPSHOT] Cannot connect to Health API for readiness: null
2025-01-29 13:57:08,593 INFO c.h.h.t.HelmChartContainer - [EVENT] Warning [Unhealthy] Readiness probe failed: HTTP probe failed with statuscode: 503 [helmpodsecuritycontextupgradeextensionit:test-hivemq-platform-0]
2025-01-29 13:57:08,593 INFO c.h.h.t.HelmChartContainer - Received Unhealthy event for container hivemq in pod test-hivemq-platform-0 [aee7645b-e1c5-4397-8a9b-64081c6c9f6a]
2025-01-29 13:57:11,490 INFO c.h.h.t.HelmChartContainer - [test-hivemq-platform] [hivemq] [aee7645b] Jan 29, 2025 1:57:11 PM io.vertx.core.impl.BlockedThreadChecker
2025-01-29 13:57:11,490 INFO c.h.h.t.HelmChartContainer - [test-hivemq-platform] [hivemq] [aee7645b] WARNING: Thread Thread[vert.x-eventloop-thread-1,5,main] has been blocked for 2302 ms, time limit is 2000 ms
2025-01-29 13:57:12,290 INFO c.h.h.t.HelmChartContainer - [test-hivemq-platform] [hivemq] [aee7645b] INFO  - [HiveMQ Platform Operator Init App 1.7.0-SNAPSHOT] Updating Pod HiveMQ Platform Operator Init App version annotation (version: 1.7.0-SNAPSHOT)
2025-01-29 13:57:12,997 INFO c.h.h.t.HelmChartContainer - [POD] test-hivemq-platform-0 [aee7645b-e1c5-4397-8a9b-64081c6c9f6a] in helmpodsecuritycontextupgradeextensionit was MODIFIED
2025-01-29 13:57:13,009 INFO c.h.h.t.HelmChartContainer - [hivemq-test-hivemq-platform] [hivemq-platform-operator] [218eabbf] 13:57:13.005 [pool-6-thread-22] DEBUG c.h.p.o.d.PlatformServiceResource - [helmpods] Desired Platform services (3 services)
2025-01-29 13:57:13,010 INFO c.h.h.t.HelmChartContainer - [hivemq-test-hivemq-platform] [hivemq-platform-operator] [218eabbf] 13:57:13.007 [pool-6-thread-24] DEBUG c.h.p.o.d.PodServiceAccountResource - [helmpods] Desired PodServiceAccountResource (serviceAccountName: hivemq-platform-pod-test-hivemq-platform)
2025-01-29 13:57:13,010 INFO c.h.h.t.HelmChartContainer - [hivemq-test-hivemq-platform] [hivemq-platform-operator] [218eabbf] 13:57:13.007 [pool-6-thread-27] DEBUG c.h.p.o.dependants.PodInfoConfigMap - [helmpods] Desired PodInfo ConfigMap (1 extensions) (1 enabled)
2025-01-29 13:57:13,010 INFO c.h.h.t.HelmChartContainer - [hivemq-test-hivemq-platform] [hivemq-platform-operator] [218eabbf] 13:57:13.007 [pool-6-thread-27] DEBUG c.h.p.o.dependants.PodInfoConfigMap - [helmpods] Desired PodInfo ConfigMap (metrics port: 9399) (metrics path: /)
2025-01-29 13:57:13,010 INFO c.h.h.t.HelmChartContainer - [hivemq-test-hivemq-platform] [hivemq-platform-operator] [218eabbf] 13:57:13.007 [pool-6-thread-27] DEBUG c.h.p.o.dependants.PodInfoConfigMap - [helmpods] Desired PodInfo ConfigMap (extension state hash: -24870933)
2025-01-29 13:57:13,011 INFO c.h.h.t.HelmChartContainer - [hivemq-test-hivemq-platform] [hivemq-platform-operator] [218eabbf] 13:57:13.011 [pool-6-thread-22] DEBUG c.h.p.o.d.StatefulSetResource - [helmpods] Desired StatefulSet (1 replicas) for status STARTING (READY)
2025-01-29 13:57:13,086 INFO c.h.h.t.HelmChartContainer - [test-hivemq-platform] [hivemq] [aee7645b] INFO  - [HiveMQ Platform Operator Init App 1.7.0-SNAPSHOT] Successfully updated Pod HiveMQ Platform Operator Init App version annotation (version: 1.7.0-SNAPSHOT)
2025-01-29 13:57:13,097 INFO c.h.h.t.HelmChartContainer - [test-hivemq-platform] [hivemq] [aee7645b] WARN  - [HiveMQ Platform Operator Init App 1.7.0-SNAPSHOT] Cannot connect to Health API for readiness: null
2025-01-29 13:57:13,102 INFO c.h.h.t.HelmChartContainer - [hivemq-test-hivemq-platform] [hivemq-platform-operator] [218eabbf] 13:57:13.099 [ReconcilerExecutor-hivemq-controller-111] INFO  c.h.p.o.HiveMQPlatformReconciler - [helmpods] Reconciling HiveMQ Platform 'test-hivemq-platform' in namespace 'helmpodsecuritycontextupgradeextensionit'
2025-01-29 13:57:13,102 INFO c.h.h.t.HelmChartContainer - [hivemq-test-hivemq-platform] [hivemq-platform-operator] [218eabbf] 13:57:13.099 [ReconcilerExecutor-hivemq-controller-111] DEBUG c.h.p.o.HiveMQPlatformReconciler - [helmpods] Custom Resource Status STARTING - HiveMQ Platform is starting (READY)
2025-01-29 13:57:13,103 INFO c.h.h.t.HelmChartContainer - [hivemq-test-hivemq-platform] [hivemq-platform-operator] [218eabbf] 13:57:13.100 [ReconcilerExecutor-hivemq-controller-111] DEBUG c.h.p.o.HiveMQPlatformReconciler - [helmpods] Custom Resource Spec (replicas: 1) (extensions: 1)
2025-01-29 13:57:13,179 INFO c.h.h.t.HelmChartContainer - [hivemq-test-hivemq-platform] [hivemq-platform-operator] [218eabbf] 13:57:13.104 [ReconcilerExecutor-hivemq-controller-111] DEBUG c.h.p.o.HiveMQPlatformReconciler - [helmpods] StatefulSet Status (revision: test-hivemq-platform-6778d7488d, replicas: 1, available: 0, ready: 0, current: 1, updated: 1)
2025-01-29 13:57:13,180 INFO c.h.h.t.HelmChartContainer - [hivemq-test-hivemq-platform] [hivemq-platform-operator] [218eabbf] 13:57:13.107 [ReconcilerExecutor-hivemq-controller-111] DEBUG c.h.p.o.HiveMQPlatformReconciler - [helmpods] StatefulSet Spec (replicas: 1, init containers: 1, containers: 1, volumes: 4)
2025-01-29 13:57:13,181 INFO c.h.h.t.HelmChartContainer - [hivemq-test-hivemq-platform] [hivemq-platform-operator] [218eabbf] 13:57:13.108 [ReconcilerExecutor-hivemq-controller-111] DEBUG c.h.p.o.h.HiveMQPlatformReconcilerErrorHandler - [helmpods] Pod 'test-hivemq-platform-0' phase Running
2025-01-29 13:57:13,181 INFO c.h.h.t.HelmChartContainer - [hivemq-test-hivemq-platform] [hivemq-platform-operator] [218eabbf] 13:57:13.109 [ReconcilerExecutor-hivemq-controller-111] INFO  c.h.p.o.h.HiveMQPlatformReconcilerBaseHandler - [helmpods] HiveMQ Platform is starting, 0 of 1 replicas are ready
2025-01-29 13:57:13,182 INFO c.h.h.t.HelmChartContainer - [EVENT] Warning [Unhealthy] Readiness probe failed: HTTP probe failed with statuscode: 503 [helmpodsecuritycontextupgradeextensionit:test-hivemq-platform-0]
2025-01-29 13:57:13,182 INFO c.h.h.t.HelmChartContainer - Received Unhealthy event for container hivemq in pod test-hivemq-platform-0 [aee7645b-e1c5-4397-8a9b-64081c6c9f6a]
2025-01-29 13:57:18,080 INFO c.h.h.t.HelmChartContainer - [test-hivemq-platform] [hivemq] [aee7645b] WARN  - [HiveMQ Platform Operator Init App 1.7.0-SNAPSHOT] Cannot connect to Health API for readiness: null
2025-01-29 13:57:18,085 INFO c.h.h.t.HelmChartContainer - [EVENT] Warning [Unhealthy] Readiness probe failed: HTTP probe failed with statuscode: 503 [helmpodsecuritycontextupgradeextensionit:test-hivemq-platform-0]
2025-01-29 13:57:18,085 INFO c.h.h.t.HelmChartContainer - Received Unhealthy event for container hivemq in pod test-hivemq-platform-0 [aee7645b-e1c5-4397-8a9b-64081c6c9f6a]
2025-01-29 13:57:23,084 INFO c.h.h.t.HelmChartContainer - [test-hivemq-platform] [hivemq] [aee7645b] WARN  - [HiveMQ Platform Operator Init App 1.7.0-SNAPSHOT] Cannot connect to Health API for readiness: null
2025-01-29 13:57:23,088 INFO c.h.h.t.HelmChartContainer - [EVENT] Warning [Unhealthy] Readiness probe failed: HTTP probe failed with statuscode: 503 [helmpodsecuritycontextupgradeextensionit:test-hivemq-platform-0]
2025-01-29 13:57:23,088 INFO c.h.h.t.HelmChartContainer - Received Unhealthy event for container hivemq in pod test-hivemq-platform-0 [aee7645b-e1c5-4397-8a9b-64081c6c9f6a]
2025-01-29 13:57:23,117 INFO c.h.h.t.HelmChartContainer - [hivemq-test-hivemq-platform] [hivemq-platform-operator] [218eabbf] 13:57:23.112 [pool-6-thread-31] DEBUG c.h.p.o.d.PlatformServiceResource - [helmpods] Desired Platform services (3 services)
2025-01-29 13:57:23,117 INFO c.h.h.t.HelmChartContainer - [hivemq-test-hivemq-platform] [hivemq-platform-operator] [218eabbf] 13:57:23.115 [pool-6-thread-32] DEBUG c.h.p.o.dependants.PodInfoConfigMap - [helmpods] Desired PodInfo ConfigMap (1 extensions) (1 enabled)
2025-01-29 13:57:23,117 INFO c.h.h.t.HelmChartContainer - [hivemq-test-hivemq-platform] [hivemq-platform-operator] [218eabbf] 13:57:23.115 [pool-6-thread-32] DEBUG c.h.p.o.dependants.PodInfoConfigMap - [helmpods] Desired PodInfo ConfigMap (metrics port: 9399) (metrics path: /)
2025-01-29 13:57:23,118 INFO c.h.h.t.HelmChartContainer - [hivemq-test-hivemq-platform] [hivemq-platform-operator] [218eabbf] 13:57:23.116 [pool-6-thread-32] DEBUG c.h.p.o.dependants.PodInfoConfigMap - [helmpods] Desired PodInfo ConfigMap (extension state hash: -24870933)
2025-01-29 13:57:23,120 INFO c.h.h.t.HelmChartContainer - [hivemq-test-hivemq-platform] [hivemq-platform-operator] [218eabbf] 13:57:23.117 [pool-6-thread-34] DEBUG c.h.p.o.d.PodServiceAccountResource - [helmpods] Desired PodServiceAccountResource (serviceAccountName: hivemq-platform-pod-test-hivemq-platform)
2025-01-29 13:57:23,122 INFO c.h.h.t.HelmChartContainer - [hivemq-test-hivemq-platform] [hivemq-platform-operator] [218eabbf] 13:57:23.121 [pool-6-thread-40] DEBUG c.h.p.o.d.StatefulSetResource - [helmpods] Desired StatefulSet (1 replicas) for status STARTING (READY)
2025-01-29 13:57:23,126 INFO c.h.h.t.HelmChartContainer - [hivemq-test-hivemq-platform] [hivemq-platform-operator] [218eabbf] 13:57:23.124 [ReconcilerExecutor-hivemq-controller-112] INFO  c.h.p.o.HiveMQPlatformReconciler - [helmpods] Reconciling HiveMQ Platform 'test-hivemq-platform' in namespace 'helmpodsecuritycontextupgradeextensionit'
2025-01-29 13:57:23,126 INFO c.h.h.t.HelmChartContainer - [hivemq-test-hivemq-platform] [hivemq-platform-operator] [218eabbf] 13:57:23.125 [ReconcilerExecutor-hivemq-controller-112] DEBUG c.h.p.o.HiveMQPlatformReconciler - [helmpods] Custom Resource Status STARTING - HiveMQ Platform is starting (READY)
2025-01-29 13:57:23,126 INFO c.h.h.t.HelmChartContainer - [hivemq-test-hivemq-platform] [hivemq-platform-operator] [218eabbf] 13:57:23.125 [ReconcilerExecutor-hivemq-controller-112] DEBUG c.h.p.o.HiveMQPlatformReconciler - [helmpods] Custom Resource Spec (replicas: 1) (extensions: 1)
2025-01-29 13:57:23,210 INFO c.h.h.t.HelmChartContainer - [hivemq-test-hivemq-platform] [hivemq-platform-operator] [218eabbf] 13:57:23.208 [ReconcilerExecutor-hivemq-controller-112] DEBUG c.h.p.o.HiveMQPlatformReconciler - [helmpods] StatefulSet Status (revision: test-hivemq-platform-6778d7488d, replicas: 1, available: 0, ready: 0, current: 1, updated: 1)
2025-01-29 13:57:23,211 INFO c.h.h.t.HelmChartContainer - [hivemq-test-hivemq-platform] [hivemq-platform-operator] [218eabbf] 13:57:23.208 [ReconcilerExecutor-hivemq-controller-112] DEBUG c.h.p.o.HiveMQPlatformReconciler - [helmpods] StatefulSet Spec (replicas: 1, init containers: 1, containers: 1, volumes: 4)
2025-01-29 13:57:23,212 INFO c.h.h.t.HelmChartContainer - [hivemq-test-hivemq-platform] [hivemq-platform-operator] [218eabbf] 13:57:23.211 [ReconcilerExecutor-hivemq-controller-112] DEBUG c.h.p.o.h.HiveMQPlatformReconcilerErrorHandler - [helmpods] Pod 'test-hivemq-platform-0' phase Running
2025-01-29 13:57:23,213 INFO c.h.h.t.HelmChartContainer - [hivemq-test-hivemq-platform] [hivemq-platform-operator] [218eabbf] 13:57:23.212 [ReconcilerExecutor-hivemq-controller-112] INFO  c.h.p.o.h.HiveMQPlatformReconcilerBaseHandler - [helmpods] HiveMQ Platform is starting, 0 of 1 replicas are ready
2025-01-29 13:57:23,285 INFO c.h.h.t.HelmChartContainer - [test-hivemq-platform] [hivemq] [aee7645b] WARN  - [HiveMQ Platform Operator Init App 1.7.0-SNAPSHOT] Cannot connect to Health API for liveness: null
2025-01-29 13:57:23,286 INFO c.h.h.t.HelmChartContainer - [test-hivemq-platform] [hivemq] [aee7645b] INFO  - [HiveMQ Platform Operator Init App 1.7.0-SNAPSHOT] Returning default Health API response 200 for liveness
2025-01-29 13:57:25,106 INFO c.h.h.t.HelmChartContainer - [test-hivemq-platform] [hivemq] [aee7645b] INFO  - No valid license file found. Using trial license, restricted to 25 connections.
2025-01-29 13:57:28,084 INFO c.h.h.t.HelmChartContainer - [test-hivemq-platform] [hivemq] [aee7645b] WARN  - [HiveMQ Platform Operator Init App 1.7.0-SNAPSHOT] Cannot connect to Health API for readiness: null
2025-01-29 13:57:28,088 INFO c.h.h.t.HelmChartContainer - [EVENT] Warning [Unhealthy] Readiness probe failed: HTTP probe failed with statuscode: 503 [helmpodsecuritycontextupgradeextensionit:test-hivemq-platform-0]
2025-01-29 13:57:28,088 INFO c.h.h.t.HelmChartContainer - Received Unhealthy event for container hivemq in pod test-hivemq-platform-0 [aee7645b-e1c5-4397-8a9b-64081c6c9f6a]
2025-01-29 13:57:29,586 INFO c.h.h.t.HelmChartContainer - [test-hivemq-platform] [hivemq] [aee7645b] INFO  - No valid license file for Data Hub found. Using free license, restricted to 1 policy.
2025-01-29 13:57:30,691 INFO c.h.h.t.HelmChartContainer - [test-hivemq-platform] [hivemq] [aee7645b] INFO  - Audit Logger started.
2025-01-29 13:57:30,993 INFO c.h.h.t.HelmChartContainer - [test-hivemq-platform] [hivemq] [aee7645b] INFO  - This node uses '1' CPU cores.
2025-01-29 13:57:30,998 INFO c.h.h.t.HelmChartContainer - [test-hivemq-platform] [hivemq] [aee7645b] INFO  - Starting HiveMQ Health API on address 0.0.0.0 and port 8889
2025-01-29 13:57:31,701 INFO c.h.h.t.HelmChartContainer - [test-hivemq-platform] [hivemq] [aee7645b] INFO  - Started HiveMQ Health API in 703ms
2025-01-29 13:57:32,324 INFO c.h.h.t.HelmChartContainer - [test-hivemq-platform] [hivemq] [aee7645b] INFO  - Starting HiveMQ extension system.
2025-01-29 13:57:33,218 INFO c.h.h.t.HelmChartContainer - [hivemq-test-hivemq-platform] [hivemq-platform-operator] [218eabbf] 13:57:33.215 [pool-6-thread-46] DEBUG c.h.p.o.d.PlatformServiceResource - [helmpods] Desired Platform services (3 services)
2025-01-29 13:57:33,218 INFO c.h.h.t.HelmChartContainer - [hivemq-test-hivemq-platform] [hivemq-platform-operator] [218eabbf] 13:57:33.216 [pool-6-thread-43] DEBUG c.h.p.o.dependants.PodInfoConfigMap - [helmpods] Desired PodInfo ConfigMap (1 extensions) (1 enabled)
2025-01-29 13:57:33,218 INFO c.h.h.t.HelmChartContainer - [hivemq-test-hivemq-platform] [hivemq-platform-operator] [218eabbf] 13:57:33.216 [pool-6-thread-43] DEBUG c.h.p.o.dependants.PodInfoConfigMap - [helmpods] Desired PodInfo ConfigMap (metrics port: 9399) (metrics path: /)
2025-01-29 13:57:33,218 INFO c.h.h.t.HelmChartContainer - [hivemq-test-hivemq-platform] [hivemq-platform-operator] [218eabbf] 13:57:33.216 [pool-6-thread-43] DEBUG c.h.p.o.dependants.PodInfoConfigMap - [helmpods] Desired PodInfo ConfigMap (extension state hash: -24870933)
2025-01-29 13:57:33,220 INFO c.h.h.t.HelmChartContainer - [hivemq-test-hivemq-platform] [hivemq-platform-operator] [218eabbf] 13:57:33.217 [pool-6-thread-45] DEBUG c.h.p.o.d.PodServiceAccountResource - [helmpods] Desired PodServiceAccountResource (serviceAccountName: hivemq-platform-pod-test-hivemq-platform)
2025-01-29 13:57:33,224 INFO c.h.h.t.HelmChartContainer - [hivemq-test-hivemq-platform] [hivemq-platform-operator] [218eabbf] 13:57:33.224 [pool-6-thread-46] DEBUG c.h.p.o.d.StatefulSetResource - [helmpods] Desired StatefulSet (1 replicas) for status STARTING (READY)
2025-01-29 13:57:33,232 INFO c.h.h.t.HelmChartContainer - [hivemq-test-hivemq-platform] [hivemq-platform-operator] [218eabbf] 13:57:33.231 [ReconcilerExecutor-hivemq-controller-113] INFO  c.h.p.o.HiveMQPlatformReconciler - [helmpods] Reconciling HiveMQ Platform 'test-hivemq-platform' in namespace 'helmpodsecuritycontextupgradeextensionit'
2025-01-29 13:57:33,233 INFO c.h.h.t.HelmChartContainer - [hivemq-test-hivemq-platform] [hivemq-platform-operator] [218eabbf] 13:57:33.231 [ReconcilerExecutor-hivemq-controller-113] DEBUG c.h.p.o.HiveMQPlatformReconciler - [helmpods] Custom Resource Status STARTING - HiveMQ Platform is starting (READY)
2025-01-29 13:57:33,233 INFO c.h.h.t.HelmChartContainer - [hivemq-test-hivemq-platform] [hivemq-platform-operator] [218eabbf] 13:57:33.231 [ReconcilerExecutor-hivemq-controller-113] DEBUG c.h.p.o.HiveMQPlatformReconciler - [helmpods] Custom Resource Spec (replicas: 1) (extensions: 1)
2025-01-29 13:57:33,311 INFO c.h.h.t.HelmChartContainer - [hivemq-test-hivemq-platform] [hivemq-platform-operator] [218eabbf] 13:57:33.310 [ReconcilerExecutor-hivemq-controller-113] DEBUG c.h.p.o.HiveMQPlatformReconciler - [helmpods] StatefulSet Status (revision: test-hivemq-platform-6778d7488d, replicas: 1, available: 0, ready: 0, current: 1, updated: 1)
2025-01-29 13:57:33,312 INFO c.h.h.t.HelmChartContainer - [hivemq-test-hivemq-platform] [hivemq-platform-operator] [218eabbf] 13:57:33.310 [ReconcilerExecutor-hivemq-controller-113] DEBUG c.h.p.o.HiveMQPlatformReconciler - [helmpods] StatefulSet Spec (replicas: 1, init containers: 1, containers: 1, volumes: 4)
2025-01-29 13:57:33,313 INFO c.h.h.t.HelmChartContainer - [hivemq-test-hivemq-platform] [hivemq-platform-operator] [218eabbf] 13:57:33.312 [ReconcilerExecutor-hivemq-controller-113] DEBUG c.h.p.o.h.HiveMQPlatformReconcilerErrorHandler - [helmpods] Pod 'test-hivemq-platform-0' phase Running
2025-01-29 13:57:33,314 INFO c.h.h.t.HelmChartContainer - [hivemq-test-hivemq-platform] [hivemq-platform-operator] [218eabbf] 13:57:33.313 [ReconcilerExecutor-hivemq-controller-113] INFO  c.h.p.o.h.HiveMQPlatformReconcilerBaseHandler - [helmpods] HiveMQ Platform is starting, 0 of 1 replicas are ready
2025-01-29 13:57:34,042 INFO c.h.h.t.HelmChartContainer - [EVENT] Warning [Unhealthy] Readiness probe failed: Get "http://10.42.0.8:7979/readiness": context deadline exceeded (Client.Timeout exceeded while awaiting headers) [helmpodsecuritycontextupgradeextensionit:test-hivemq-platform-0]
2025-01-29 13:57:34,042 INFO c.h.h.t.HelmChartContainer - Received Unhealthy event for container hivemq in pod test-hivemq-platform-0 [aee7645b-e1c5-4397-8a9b-64081c6c9f6a]
2025-01-29 13:57:34,092 INFO c.h.h.t.HelmChartContainer - [test-hivemq-platform] [hivemq] [aee7645b] INFO  - [HiveMQ Platform Operator Init App 1.7.0-SNAPSHOT] Returning Health API response 503 for readiness
2025-01-29 13:57:34,790 INFO c.h.h.t.HelmChartContainer - [test-hivemq-platform] [hivemq] [aee7645b] INFO  - No license found for enterprise extension with name "HiveMQ Enterprise Distributed Tracing Extension". Entering extension trial mode. "HiveMQ Enterprise Distributed Tracing Extension" will be disabled in 5 hours.
2025-01-29 13:57:34,982 INFO c.h.h.t.HelmChartContainer - [test-hivemq-platform] [hivemq] [aee7645b] INFO  - Starting extension with id "hivemq-dns-cluster-discovery" at /opt/hivemq/extensions/hivemq-dns-cluster-discovery
2025-01-29 13:57:35,394 INFO c.h.h.t.HelmChartContainer - [test-hivemq-platform] [hivemq] [aee7645b] INFO  - Using TCP cluster transport on address 10.42.0.8 and port 7000
2025-01-29 13:57:35,482 INFO c.h.h.t.HelmChartContainer - [test-hivemq-platform] [hivemq] [aee7645b] INFO  - Using extension cluster discovery
2025-01-29 13:57:35,486 INFO c.h.h.t.HelmChartContainer - [test-hivemq-platform] [hivemq] [aee7645b] INFO  - Extension "DNS Cluster Discovery Extension" version 4.3.2 started successfully.
2025-01-29 13:57:35,486 INFO c.h.h.t.HelmChartContainer - [test-hivemq-platform] [hivemq] [aee7645b] INFO  - Starting extension with id "hivemq-distributed-tracing-extension" at /opt/hivemq/extensions/hivemq-distributed-tracing-extension
2025-01-29 13:57:37,494 INFO c.h.h.t.HelmChartContainer - [test-hivemq-platform] [hivemq] [aee7645b] INFO  - HiveMQ Enterprise Distributed Tracing Extension: Successfully loaded configuration from '/opt/hivemq/extensions/hivemq-distributed-tracing-extension/conf/config.xml'.
2025-01-29 13:57:37,498 INFO c.h.h.t.HelmChartContainer - [test-hivemq-platform] [hivemq] [aee7645b] INFO  - HiveMQ Enterprise Distributed Tracing Extension: Configured OTLP gRPC exporter 'my-otlp-grpc-exporter'.
2025-01-29 13:57:37,585 INFO c.h.h.t.HelmChartContainer - [test-hivemq-platform] [hivemq] [aee7645b] INFO  - HiveMQ Enterprise Distributed Tracing Extension: Configured W3C trace propagation.
2025-01-29 13:57:37,588 INFO c.h.h.t.HelmChartContainer - [test-hivemq-platform] [hivemq] [aee7645b] INFO  - Extension "HiveMQ Enterprise Distributed Tracing Extension" version 4.36.0 started successfully.
2025-01-29 13:57:37,588 INFO c.h.h.testcontainer.LogWaiterUtil - TEST Found log pattern on 'test-hivemq-platform-0': .*Extension "HiveMQ Enterprise Distributed Tracing Extension" version .* started successfully.
2025-01-29 13:57:37,589 INFO c.h.h.t.HelmChartContainer - [test-hivemq-platform] [hivemq] [aee7645b] INFO  - Starting extension with id "hivemq-prometheus-extension" at /opt/hivemq/extensions/hivemq-prometheus-extension
2025-01-29 13:57:37,993 INFO c.h.h.t.HelmChartContainer - [test-hivemq-platform] [hivemq] [aee7645b] INFO  - Started Jetty Server exposing Prometheus Servlet on URI http://0.0.0.0:9399/
2025-01-29 13:57:37,993 INFO c.h.h.t.HelmChartContainer - [test-hivemq-platform] [hivemq] [aee7645b] INFO  - Extension "Prometheus Monitoring Extension" version 4.0.12 started successfully.
2025-01-29 13:57:37,993 INFO c.h.h.t.HelmChartContainer - [test-hivemq-platform] [hivemq] [aee7645b] INFO  - Starting extension with id "hivemq-allow-all-extension" at /opt/hivemq/extensions/hivemq-allow-all-extension
2025-01-29 13:57:37,994 INFO c.h.h.t.HelmChartContainer - [test-hivemq-platform] [hivemq] [aee7645b] WARN  - 
2025-01-29 13:57:37,994 INFO c.h.h.t.HelmChartContainer - [test-hivemq-platform] [hivemq] [aee7645b] ################################################################################################################
2025-01-29 13:57:37,994 INFO c.h.h.t.HelmChartContainer - [test-hivemq-platform] [hivemq] [aee7645b] # This HiveMQ deployment is not secure! You are lacking Authentication and Authorization.                      #
2025-01-29 13:57:37,994 INFO c.h.h.t.HelmChartContainer - [test-hivemq-platform] [hivemq] [aee7645b] # Right now any MQTT client can connect to the broker with a full set of permissions.                          #
2025-01-29 13:57:37,994 INFO c.h.h.t.HelmChartContainer - [test-hivemq-platform] [hivemq] [aee7645b] # For production usage, add an appropriate security extension and remove the hivemq-allow-all extension.       #
2025-01-29 13:57:37,994 INFO c.h.h.t.HelmChartContainer - [test-hivemq-platform] [hivemq] [aee7645b] # You can download security extensions from the HiveMQ Marketplace (https://www.hivemq.com/extensions/).       #
2025-01-29 13:57:37,994 INFO c.h.h.t.HelmChartContainer - [test-hivemq-platform] [hivemq] [aee7645b] ################################################################################################################
2025-01-29 13:57:37,994 INFO c.h.h.t.HelmChartContainer - [test-hivemq-platform] [hivemq] [aee7645b] INFO  - Extension "Allow All Extension" version 1.1.1 started successfully.
2025-01-29 13:57:38,007 INFO c.h.h.t.HelmChartContainer - [EVENT] Warning [Unhealthy] Readiness probe failed: HTTP probe failed with statuscode: 503 [helmpodsecuritycontextupgradeextensionit:test-hivemq-platform-0]
2025-01-29 13:57:38,007 INFO c.h.h.t.HelmChartContainer - Received Unhealthy event for container hivemq in pod test-hivemq-platform-0 [aee7645b-e1c5-4397-8a9b-64081c6c9f6a]
2025-01-29 13:57:38,483 INFO c.h.h.t.HelmChartContainer - [test-hivemq-platform] [hivemq] [aee7645b] INFO  - SonNh: no members discovered after 2501 ms: creating cluster as first member
2025-01-29 13:57:38,490 INFO c.h.h.t.HelmChartContainer - [test-hivemq-platform] [hivemq] [aee7645b] INFO  - Cluster nodes found by discovery: [SonNh|0] (1) [SonNh].
2025-01-29 13:57:38,584 INFO c.h.h.t.HelmChartContainer - [test-hivemq-platform] [hivemq] [aee7645b] INFO  - Updated rules for sampling and tracing propagation.
2025-01-29 13:57:38,584 INFO c.h.h.t.HelmChartContainer - [test-hivemq-platform] [hivemq] [aee7645b] INFO  - HiveMQ: Successfully loaded configuration from '/opt/hivemq/conf-k8s/tracing.xml'.
2025-01-29 13:57:38,585 INFO c.h.h.t.HelmChartContainer - [test-hivemq-platform] [hivemq] [aee7645b] WARN  - No user for HiveMQ Control Center configured. Starting with default user
2025-01-29 13:57:38,586 INFO c.h.h.t.HelmChartContainer - [test-hivemq-platform] [hivemq] [aee7645b] INFO  - Starting HiveMQ Control Center on address 0.0.0.0 and port 8080
2025-01-29 13:57:38,593 INFO c.h.h.t.HelmChartContainer - [test-hivemq-platform] [hivemq] [aee7645b] INFO  - Mounting HiveMQ Control Center V2 Preview
2025-01-29 13:57:39,281 INFO c.h.h.t.HelmChartContainer - [test-hivemq-platform] [hivemq] [aee7645b] INFO  - Started HiveMQ Control Center in 696ms
2025-01-29 13:57:39,299 INFO c.h.h.t.HelmChartContainer - [test-hivemq-platform] [hivemq] [aee7645b] INFO  - Starting TCP listener on address 0.0.0.0 and port 1883
2025-01-29 13:57:39,392 INFO c.h.h.t.HelmChartContainer - [test-hivemq-platform] [hivemq] [aee7645b] INFO  - Started TCP Listener on address 0.0.0.0 and on port 1883.
2025-01-29 13:57:39,392 INFO c.h.h.t.HelmChartContainer - [test-hivemq-platform] [hivemq] [aee7645b] INFO  - Started HiveMQ in 34801ms
2025-01-29 13:57:43,001 INFO c.h.h.t.HelmChartContainer - [test-hivemq-platform] [hivemq] [aee7645b] INFO  - [HiveMQ Platform Operator Init App 1.7.0-SNAPSHOT] Returning Health API response 200 for readiness
2025-01-29 13:57:43,023 INFO c.h.h.t.HelmChartContainer - [POD] test-hivemq-platform-0 [aee7645b-e1c5-4397-8a9b-64081c6c9f6a] in helmpodsecuritycontextupgradeextensionit was MODIFIED
2025-01-29 13:57:43,029 INFO c.h.h.t.HelmChartContainer - [hivemq-test-hivemq-platform] [hivemq-platform-operator] [218eabbf] 13:57:43.021 [pool-6-thread-1] DEBUG c.h.p.o.d.PlatformServiceResource - [helmpods] Desired Platform services (3 services)
2025-01-29 13:57:43,036 INFO c.h.h.t.HelmChartContainer - [hivemq-test-hivemq-platform] [hivemq-platform-operator] [218eabbf] 13:57:43.033 [pool-6-thread-7] DEBUG c.h.p.o.dependants.PodInfoConfigMap - [helmpods] Desired PodInfo ConfigMap (1 extensions) (1 enabled)
2025-01-29 13:57:43,048 INFO c.h.h.t.HelmChartContainer - [hivemq-test-hivemq-platform] [hivemq-platform-operator] [218eabbf] 13:57:43.033 [pool-6-thread-7] DEBUG c.h.p.o.dependants.PodInfoConfigMap - [helmpods] Desired PodInfo ConfigMap (metrics port: 9399) (metrics path: /)
2025-01-29 13:57:43,048 INFO c.h.h.t.HelmChartContainer - [hivemq-test-hivemq-platform] [hivemq-platform-operator] [218eabbf] 13:57:43.033 [pool-6-thread-7] DEBUG c.h.p.o.dependants.PodInfoConfigMap - [helmpods] Desired PodInfo ConfigMap (extension state hash: -24870933)
2025-01-29 13:57:43,048 INFO c.h.h.t.HelmChartContainer - [hivemq-test-hivemq-platform] [hivemq-platform-operator] [218eabbf] 13:57:43.037 [pool-6-thread-9] DEBUG c.h.p.o.d.PodServiceAccountResource - [helmpods] Desired PodServiceAccountResource (serviceAccountName: hivemq-platform-pod-test-hivemq-platform)
2025-01-29 13:57:43,048 INFO c.h.h.t.HelmChartContainer - [hivemq-test-hivemq-platform] [hivemq-platform-operator] [218eabbf] 13:57:43.041 [pool-6-thread-7] DEBUG c.h.p.o.d.StatefulSetResource - [helmpods] Desired StatefulSet (1 replicas) for status STARTING (READY)
2025-01-29 13:57:43,059 INFO c.h.h.t.HelmChartContainer - [hivemq-test-hivemq-platform] [hivemq-platform-operator] [218eabbf] 13:57:43.044 [ReconcilerExecutor-hivemq-controller-114] INFO  c.h.p.o.HiveMQPlatformReconciler - [helmpods] Reconciling HiveMQ Platform 'test-hivemq-platform' in namespace 'helmpodsecuritycontextupgradeextensionit'
2025-01-29 13:57:43,059 INFO c.h.h.t.HelmChartContainer - [hivemq-test-hivemq-platform] [hivemq-platform-operator] [218eabbf] 13:57:43.044 [ReconcilerExecutor-hivemq-controller-114] DEBUG c.h.p.o.HiveMQPlatformReconciler - [helmpods] Custom Resource Status STARTING - HiveMQ Platform is starting (READY)
2025-01-29 13:57:43,059 INFO c.h.h.t.HelmChartContainer - [hivemq-test-hivemq-platform] [hivemq-platform-operator] [218eabbf] 13:57:43.044 [ReconcilerExecutor-hivemq-controller-114] DEBUG c.h.p.o.HiveMQPlatformReconciler - [helmpods] Custom Resource Spec (replicas: 1) (extensions: 1)
2025-01-29 13:57:43,059 INFO c.h.h.t.HelmChartContainer - [hivemq-test-hivemq-platform] [hivemq-platform-operator] [218eabbf] 13:57:43.046 [ReconcilerExecutor-hivemq-controller-114] DEBUG c.h.p.o.HiveMQPlatformReconciler - [helmpods] StatefulSet Status (revision: test-hivemq-platform-6778d7488d, replicas: 1, available: 0, ready: 0, current: 1, updated: 1)
2025-01-29 13:57:43,059 INFO c.h.h.t.HelmChartContainer - [hivemq-test-hivemq-platform] [hivemq-platform-operator] [218eabbf] 13:57:43.046 [ReconcilerExecutor-hivemq-controller-114] DEBUG c.h.p.o.HiveMQPlatformReconciler - [helmpods] StatefulSet Spec (replicas: 1, init containers: 1, containers: 1, volumes: 4)
2025-01-29 13:57:43,059 INFO c.h.h.t.HelmChartContainer - [hivemq-test-hivemq-platform] [hivemq-platform-operator] [218eabbf] 13:57:43.047 [ReconcilerExecutor-hivemq-controller-114] DEBUG c.h.p.o.h.HiveMQPlatformReconcilerErrorHandler - [helmpods] Pod 'test-hivemq-platform-0' phase Running
2025-01-29 13:57:43,059 INFO c.h.h.t.HelmChartContainer - [hivemq-test-hivemq-platform] [hivemq-platform-operator] [218eabbf] 13:57:43.048 [ReconcilerExecutor-hivemq-controller-114] INFO  c.h.p.o.h.HiveMQPlatformReconcilerBaseHandler - [helmpods] HiveMQ Platform is starting, 0 of 1 replicas are ready
2025-01-29 13:57:43,114 INFO c.h.h.t.HelmChartContainer - [hivemq-test-hivemq-platform] [hivemq-platform-operator] [218eabbf] 13:57:43.111 [pool-6-thread-11] DEBUG c.h.p.o.d.PlatformServiceResource - [helmpods] Desired Platform services (3 services)
2025-01-29 13:57:43,114 INFO c.h.h.t.HelmChartContainer - [hivemq-test-hivemq-platform] [hivemq-platform-operator] [218eabbf] 13:57:43.112 [pool-6-thread-16] DEBUG c.h.p.o.dependants.PodInfoConfigMap - [helmpods] Desired PodInfo ConfigMap (1 extensions) (1 enabled)
2025-01-29 13:57:43,114 INFO c.h.h.t.HelmChartContainer - [hivemq-test-hivemq-platform] [hivemq-platform-operator] [218eabbf] 13:57:43.112 [pool-6-thread-16] DEBUG c.h.p.o.dependants.PodInfoConfigMap - [helmpods] Desired PodInfo ConfigMap (metrics port: 9399) (metrics path: /)
2025-01-29 13:57:43,114 INFO c.h.h.t.HelmChartContainer - [hivemq-test-hivemq-platform] [hivemq-platform-operator] [218eabbf] 13:57:43.112 [pool-6-thread-16] DEBUG c.h.p.o.dependants.PodInfoConfigMap - [helmpods] Desired PodInfo ConfigMap (extension state hash: -24870933)
2025-01-29 13:57:43,114 INFO c.h.h.t.HelmChartContainer - [hivemq-test-hivemq-platform] [hivemq-platform-operator] [218eabbf] 13:57:43.113 [pool-6-thread-17] DEBUG c.h.p.o.d.PodServiceAccountResource - [helmpods] Desired PodServiceAccountResource (serviceAccountName: hivemq-platform-pod-test-hivemq-platform)
2025-01-29 13:57:43,119 INFO c.h.h.t.HelmChartContainer - [hivemq-test-hivemq-platform] [hivemq-platform-operator] [218eabbf] 13:57:43.118 [pool-6-thread-11] DEBUG c.h.p.o.d.StatefulSetResource - [helmpods] Desired StatefulSet (1 replicas) for status STARTING (READY)
2025-01-29 13:57:43,123 INFO c.h.h.t.HelmChartContainer - [hivemq-test-hivemq-platform] [hivemq-platform-operator] [218eabbf] 13:57:43.122 [ReconcilerExecutor-hivemq-controller-115] INFO  c.h.p.o.HiveMQPlatformReconciler - [helmpods] Reconciling HiveMQ Platform 'test-hivemq-platform' in namespace 'helmpodsecuritycontextupgradeextensionit'
2025-01-29 13:57:43,123 INFO c.h.h.t.HelmChartContainer - [hivemq-test-hivemq-platform] [hivemq-platform-operator] [218eabbf] 13:57:43.122 [ReconcilerExecutor-hivemq-controller-115] DEBUG c.h.p.o.HiveMQPlatformReconciler - [helmpods] Custom Resource Status STARTING - HiveMQ Platform is starting (READY)
2025-01-29 13:57:43,124 INFO c.h.h.t.HelmChartContainer - [hivemq-test-hivemq-platform] [hivemq-platform-operator] [218eabbf] 13:57:43.122 [ReconcilerExecutor-hivemq-controller-115] DEBUG c.h.p.o.HiveMQPlatformReconciler - [helmpods] Custom Resource Spec (replicas: 1) (extensions: 1)
2025-01-29 13:57:43,209 INFO c.h.h.t.HelmChartContainer - [hivemq-test-hivemq-platform] [hivemq-platform-operator] [218eabbf] 13:57:43.208 [ReconcilerExecutor-hivemq-controller-115] DEBUG c.h.p.o.HiveMQPlatformReconciler - [helmpods] StatefulSet Status (revision: test-hivemq-platform-6778d7488d, replicas: 1, available: 1, ready: 1, current: 1, updated: 1)
2025-01-29 13:57:43,209 INFO c.h.h.t.HelmChartContainer - [hivemq-test-hivemq-platform] [hivemq-platform-operator] [218eabbf] 13:57:43.208 [ReconcilerExecutor-hivemq-controller-115] DEBUG c.h.p.o.HiveMQPlatformReconciler - [helmpods] StatefulSet Spec (replicas: 1, init containers: 1, containers: 1, volumes: 4)
2025-01-29 13:57:43,211 INFO c.h.h.t.HelmChartContainer - [hivemq-test-hivemq-platform] [hivemq-platform-operator] [218eabbf] 13:57:43.210 [ReconcilerExecutor-hivemq-controller-115] DEBUG c.h.p.o.h.HiveMQPlatformReconcilerErrorHandler - [helmpods] Pod 'test-hivemq-platform-0' phase Running
2025-01-29 13:57:43,212 INFO c.h.h.t.HelmChartContainer - [hivemq-test-hivemq-platform] [hivemq-platform-operator] [218eabbf] 13:57:43.211 [ReconcilerExecutor-hivemq-controller-115] INFO  c.h.p.o.h.HiveMQPlatformReconcilerBaseHandler - [helmpods] HiveMQ Platform started successfully
2025-01-29 13:57:43,230 INFO c.h.h.t.HelmChartContainer - [hivemq-test-hivemq-platform] [hivemq-platform-operator] [218eabbf] 13:57:43.229 [ReconcilerExecutor-hivemq-controller-115] DEBUG c.h.p.operator.event.EventSender - [helmpods] Creating K8s event hivemq-platform-ready: [Ready] HiveMQ Platform is ready
2025-01-29 13:57:43,313 INFO c.h.h.t.HelmChartContainer - [hivemq-test-hivemq-platform] [hivemq-platform-operator] [218eabbf] 13:57:43.312 [ReconcilerExecutor-hivemq-controller-115] INFO  c.h.p.o.h.AbstractHiveMQReconcilerStateHandler - [helmpods] Update HiveMQ Platform Status (STARTING [READY] -> RUNNING [READY]): HiveMQ Platform is ready
2025-01-29 13:57:43,314 INFO c.h.h.t.HelmChartContainer - [EVENT] Normal [Ready] HiveMQ Platform is ready [helmpodsecuritycontextupgradeextensionit:test-hivemq-platform]
2025-01-29 13:57:43,321 DEBUG com.hivemq.helmcharts.util.K8sUtil - Comparing actual state 'RUNNING' and waiting for 'RUNNING'
2025-01-29 13:57:43,472 DEBUG com.hivemq.helmcharts.util.PodUtil - Received status for command '[sh, -c, stat -c "%u:%g" /proc/1]' on pod 'test-hivemq-platform-0' (exit code: 0)
2025-01-29 13:57:45,485 INFO c.h.h.testcontainer.LogWaiterUtil - TEST Waiting for log pattern on 'test-hivemq-platform-0': .*HiveMQ Enterprise Distributed Tracing Extension: Successfully updated configuration from '/opt/hivemq/extensions/hivemq-distributed-tracing-extension/conf/config.xml'.
2025-01-29 13:57:45,489 DEBUG com.hivemq.helmcharts.util.K8sUtil - Comparing actual state 'RUNNING' and waiting for 'RESTART_EXTENSIONS'
2025-01-29 13:57:45,493 INFO c.h.h.t.HelmChartContainer - [hivemq-test-hivemq-platform] [hivemq-platform-operator] [218eabbf] 13:57:45.490 [pool-6-thread-27] DEBUG c.h.p.o.d.PlatformServiceResource - [helmpods] Desired Platform services (3 services)
2025-01-29 13:57:45,497 INFO c.h.h.t.HelmChartContainer - [hivemq-test-hivemq-platform] [hivemq-platform-operator] [218eabbf] 13:57:45.491 [pool-6-thread-24] DEBUG c.h.p.o.dependants.PodInfoConfigMap - [helmpods] Desired PodInfo ConfigMap (1 extensions) (1 enabled)
2025-01-29 13:57:45,497 INFO c.h.h.t.HelmChartContainer - [hivemq-test-hivemq-platform] [hivemq-platform-operator] [218eabbf] 13:57:45.492 [pool-6-thread-24] DEBUG c.h.p.o.dependants.PodInfoConfigMap - [helmpods] Desired PodInfo ConfigMap (metrics port: 9399) (metrics path: /)
2025-01-29 13:57:45,497 INFO c.h.h.t.HelmChartContainer - [hivemq-test-hivemq-platform] [hivemq-platform-operator] [218eabbf] 13:57:45.492 [pool-6-thread-24] DEBUG c.h.p.o.dependants.PodInfoConfigMap - [helmpods] Desired PodInfo ConfigMap (extension state hash: 663704205)
2025-01-29 13:57:45,497 INFO c.h.h.t.HelmChartContainer - [hivemq-test-hivemq-platform] [hivemq-platform-operator] [218eabbf] 13:57:45.492 [pool-6-thread-25] DEBUG c.h.p.o.d.PodServiceAccountResource - [helmpods] Desired PodServiceAccountResource (serviceAccountName: hivemq-platform-pod-test-hivemq-platform)
2025-01-29 13:57:45,497 INFO c.h.h.t.HelmChartContainer - [hivemq-test-hivemq-platform] [hivemq-platform-operator] [218eabbf] 13:57:45.492 [pool-6-thread-24] DEBUG c.h.p.o.dependants.PodInfoConfigMap - [helmpods] Update PodInfo ConfigMap
2025-01-29 13:57:45,497 INFO c.h.h.t.HelmChartContainer - [hivemq-test-hivemq-platform] [hivemq-platform-operator] [218eabbf] 13:57:45.493 [pool-6-thread-24] DEBUG c.h.p.o.dependants.PodInfoConfigMap - [helmpods] Detected change in configuration of extension 'hivemq-distributed-tracing-extension' ({skip-https-hostname-verification=false, restart=false, config-version=783, header-version=0, c-uri=, uri=preinstalled, skip-https-certificate-validation=false, enabled=true} -> {skip-https-hostname-verification=false, restart=false, config-version=878, header-version=0, c-uri=, uri=preinstalled, skip-https-certificate-validation=false, enabled=true})
2025-01-29 13:57:45,497 INFO c.h.h.t.HelmChartContainer - [hivemq-test-hivemq-platform] [hivemq-platform-operator] [218eabbf] 13:57:45.493 [pool-6-thread-24] INFO  c.h.p.o.dependants.PodInfoConfigMap - [helmpods] Extension configuration was updated, restarting extensions: [hivemq-distributed-tracing-extension]
2025-01-29 13:57:45,508 INFO c.h.h.t.HelmChartContainer - [hivemq-test-hivemq-platform] [hivemq-platform-operator] [218eabbf] 13:57:45.507 [pool-6-thread-24] DEBUG c.h.p.o.d.StatefulSetResource - [helmpods] Desired StatefulSet (1 replicas) for status RUNNING (READY)
2025-01-29 13:57:45,512 INFO c.h.h.t.HelmChartContainer - [hivemq-test-hivemq-platform] [hivemq-platform-operator] [218eabbf] 13:57:45.511 [ReconcilerExecutor-hivemq-controller-116] INFO  c.h.p.o.HiveMQPlatformReconciler - [helmpods] Reconciling HiveMQ Platform 'test-hivemq-platform' in namespace 'helmpodsecuritycontextupgradeextensionit'
2025-01-29 13:57:45,512 INFO c.h.h.t.HelmChartContainer - [hivemq-test-hivemq-platform] [hivemq-platform-operator] [218eabbf] 13:57:45.511 [ReconcilerExecutor-hivemq-controller-116] DEBUG c.h.p.o.HiveMQPlatformReconciler - [helmpods] Custom Resource Status RUNNING - HiveMQ Platform is ready (READY) (reconciliation requests: RESTART_EXTENSIONS, REQUESTS_UPDATED)
2025-01-29 13:57:45,513 INFO c.h.h.t.HelmChartContainer - [hivemq-test-hivemq-platform] [hivemq-platform-operator] [218eabbf] 13:57:45.511 [ReconcilerExecutor-hivemq-controller-116] DEBUG c.h.p.o.HiveMQPlatformReconciler - [helmpods] Custom Resource Spec (replicas: 1) (extensions: 1)
2025-01-29 13:57:45,593 INFO c.h.h.t.HelmChartContainer - [hivemq-test-hivemq-platform] [hivemq-platform-operator] [218eabbf] 13:57:45.591 [ReconcilerExecutor-hivemq-controller-116] DEBUG c.h.p.o.HiveMQPlatformReconciler - [helmpods] StatefulSet Status (revision: test-hivemq-platform-6778d7488d, replicas: 1, available: 1, ready: 1, current: 1, updated: 1)
2025-01-29 13:57:45,593 INFO c.h.h.t.HelmChartContainer - [hivemq-test-hivemq-platform] [hivemq-platform-operator] [218eabbf] 13:57:45.592 [ReconcilerExecutor-hivemq-controller-116] DEBUG c.h.p.o.HiveMQPlatformReconciler - [helmpods] StatefulSet Spec (replicas: 1, init containers: 1, containers: 1, volumes: 4)
2025-01-29 13:57:45,597 INFO c.h.h.t.HelmChartContainer - [hivemq-test-hivemq-platform] [hivemq-platform-operator] [218eabbf] 13:57:45.594 [ReconcilerExecutor-hivemq-controller-116] DEBUG c.h.p.o.h.HiveMQPlatformReconcilerErrorHandler - [helmpods] Pod 'test-hivemq-platform-0' phase Running
2025-01-29 13:57:45,692 INFO c.h.h.t.HelmChartContainer - [hivemq-test-hivemq-platform] [hivemq-platform-operator] [218eabbf] 13:57:45.691 [ReconcilerExecutor-hivemq-controller-116] DEBUG c.h.p.operator.event.EventSender - [helmpods] Creating K8s event restart-extension-started: [RestartExtension] HiveMQ Platform is restarting extensions (hivemq-distributed-tracing-extension)
2025-01-29 13:57:45,697 INFO c.h.h.t.HelmChartContainer - [EVENT] Normal [RestartExtension] HiveMQ Platform is restarting extensions (hivemq-distributed-tracing-extension) [helmpodsecuritycontextupgradeextensionit:test-hivemq-platform]
2025-01-29 13:57:45,698 INFO c.h.h.t.HelmChartContainer - [hivemq-test-hivemq-platform] [hivemq-platform-operator] [218eabbf] 13:57:45.697 [ReconcilerExecutor-hivemq-controller-116] INFO  c.h.p.o.h.AbstractHiveMQReconcilerStateHandler - [helmpods] Update HiveMQ Platform Status (RUNNING [READY] -> RESTART_EXTENSIONS [RESTART_EXTENSIONS]): HiveMQ Platform is restarting extensions (hivemq-distributed-tracing-extension)
2025-01-29 13:57:45,706 DEBUG com.hivemq.helmcharts.util.K8sUtil - Comparing actual state 'RESTART_EXTENSIONS' and waiting for 'RESTART_EXTENSIONS'
2025-01-29 13:57:45,713 DEBUG com.hivemq.helmcharts.util.K8sUtil - Comparing actual state 'RESTART_EXTENSIONS' and waiting for 'RUNNING'
2025-01-29 13:57:53,257 INFO c.h.h.t.HelmChartContainer - [test-hivemq-platform] [hivemq] [aee7645b] INFO  - [HiveMQ Platform Operator Init App 1.7.0-SNAPSHOT] Returning Health API response 200 for liveness
2025-01-29 13:57:55,712 INFO c.h.h.t.HelmChartContainer - [hivemq-test-hivemq-platform] [hivemq-platform-operator] [218eabbf] 13:57:55.710 [pool-6-thread-35] DEBUG c.h.p.o.d.PlatformServiceResource - [helmpods] Desired Platform services (3 services)
2025-01-29 13:57:55,712 INFO c.h.h.t.HelmChartContainer - [hivemq-test-hivemq-platform] [hivemq-platform-operator] [218eabbf] 13:57:55.711 [pool-6-thread-36] DEBUG c.h.p.o.d.PodServiceAccountResource - [helmpods] Desired PodServiceAccountResource (serviceAccountName: hivemq-platform-pod-test-hivemq-platform)
2025-01-29 13:57:55,715 INFO c.h.h.t.HelmChartContainer - [hivemq-test-hivemq-platform] [hivemq-platform-operator] [218eabbf] 13:57:55.713 [pool-6-thread-37] DEBUG c.h.p.o.dependants.PodInfoConfigMap - [helmpods] Desired PodInfo ConfigMap (1 extensions) (1 enabled)
2025-01-29 13:57:55,715 INFO c.h.h.t.HelmChartContainer - [hivemq-test-hivemq-platform] [hivemq-platform-operator] [218eabbf] 13:57:55.713 [pool-6-thread-37] DEBUG c.h.p.o.dependants.PodInfoConfigMap - [helmpods] Desired PodInfo ConfigMap (metrics port: 9399) (metrics path: /)
2025-01-29 13:57:55,715 INFO c.h.h.t.HelmChartContainer - [hivemq-test-hivemq-platform] [hivemq-platform-operator] [218eabbf] 13:57:55.713 [pool-6-thread-37] DEBUG c.h.p.o.dependants.PodInfoConfigMap - [helmpods] Desired PodInfo ConfigMap (extension state hash: 663704205)
2025-01-29 13:57:55,715 INFO c.h.h.t.HelmChartContainer - [hivemq-test-hivemq-platform] [hivemq-platform-operator] [218eabbf] 13:57:55.714 [pool-6-thread-37] DEBUG c.h.p.o.dependants.PodInfoConfigMap - [helmpods] Update PodInfo ConfigMap
2025-01-29 13:57:55,723 INFO c.h.h.t.HelmChartContainer - [hivemq-test-hivemq-platform] [hivemq-platform-operator] [218eabbf] 13:57:55.722 [pool-6-thread-37] DEBUG c.h.p.o.d.StatefulSetResource - [helmpods] Desired StatefulSet (1 replicas) for status RESTART_EXTENSIONS (RESTART_EXTENSIONS)
2025-01-29 13:57:55,727 INFO c.h.h.t.HelmChartContainer - [hivemq-test-hivemq-platform] [hivemq-platform-operator] [218eabbf] 13:57:55.726 [ReconcilerExecutor-hivemq-controller-117] INFO  c.h.p.o.HiveMQPlatformReconciler - [helmpods] Reconciling HiveMQ Platform 'test-hivemq-platform' in namespace 'helmpodsecuritycontextupgradeextensionit'
2025-01-29 13:57:55,728 INFO c.h.h.t.HelmChartContainer - [hivemq-test-hivemq-platform] [hivemq-platform-operator] [218eabbf] 13:57:55.726 [ReconcilerExecutor-hivemq-controller-117] DEBUG c.h.p.o.HiveMQPlatformReconciler - [helmpods] Custom Resource Status RESTART_EXTENSIONS - HiveMQ Platform is restarting extensions (hivemq-distributed-tracing-extension) (RESTART_EXTENSIONS)
2025-01-29 13:57:55,728 INFO c.h.h.t.HelmChartContainer - [hivemq-test-hivemq-platform] [hivemq-platform-operator] [218eabbf] 13:57:55.726 [ReconcilerExecutor-hivemq-controller-117] DEBUG c.h.p.o.HiveMQPlatformReconciler - [helmpods] Custom Resource Spec (replicas: 1) (extensions: 1)
2025-01-29 13:57:55,809 INFO c.h.h.t.HelmChartContainer - [hivemq-test-hivemq-platform] [hivemq-platform-operator] [218eabbf] 13:57:55.808 [ReconcilerExecutor-hivemq-controller-117] DEBUG c.h.p.o.HiveMQPlatformReconciler - [helmpods] StatefulSet Status (revision: test-hivemq-platform-6778d7488d, replicas: 1, available: 1, ready: 1, current: 1, updated: 1)
2025-01-29 13:57:55,809 INFO c.h.h.t.HelmChartContainer - [hivemq-test-hivemq-platform] [hivemq-platform-operator] [218eabbf] 13:57:55.808 [ReconcilerExecutor-hivemq-controller-117] DEBUG c.h.p.o.HiveMQPlatformReconciler - [helmpods] StatefulSet Spec (replicas: 1, init containers: 1, containers: 1, volumes: 4)
2025-01-29 13:57:55,812 INFO c.h.h.t.HelmChartContainer - [hivemq-test-hivemq-platform] [hivemq-platform-operator] [218eabbf] 13:57:55.811 [ReconcilerExecutor-hivemq-controller-117] DEBUG c.h.p.o.h.HiveMQPlatformReconcilerErrorHandler - [helmpods] Pod 'test-hivemq-platform-0' phase Running
2025-01-29 13:57:55,821 INFO c.h.h.t.HelmChartContainer - [hivemq-test-hivemq-platform] [hivemq-platform-operator] [218eabbf] 13:57:55.820 [ReconcilerExecutor-hivemq-controller-117] DEBUG c.h.p.o.h.HiveMQPlatformReconcilerRestartExtensionsHandler - [helmpods] Update extensions on Pod 'test-hivemq-platform-0'
2025-01-29 13:57:55,985 INFO c.h.h.t.HelmChartContainer - [test-hivemq-platform] [hivemq] [aee7645b] INFO  - [HiveMQ Platform Operator Init App 1.7.0-SNAPSHOT] Updating HiveMQ Platform extensions: [hivemq-distributed-tracing-extension]
2025-01-29 13:57:56,009 INFO c.h.h.t.HelmChartContainer - [hivemq-test-hivemq-platform] [hivemq-platform-operator] [218eabbf] 13:57:56.007 [vert.x-eventloop-thread-1] DEBUG c.h.platform.operator.util.PodUtil - Received status for command '[curl, -s, http://10.42.0.8:7979/updateExtension?hash=663704205&extensions=hivemq-distributed-tracing-extension]' on Pod 'test-hivemq-platform-0' (exit code: 0)
2025-01-29 13:57:56,943 INFO c.h.h.t.HelmChartContainer - [hivemq-test-hivemq-platform] [hivemq-platform-operator] [218eabbf] 13:57:56.938 [pool-6-thread-43] DEBUG c.h.p.o.d.PlatformServiceResource - [helmpods] Desired Platform services (3 services)
2025-01-29 13:57:56,943 INFO c.h.h.t.HelmChartContainer - [hivemq-test-hivemq-platform] [hivemq-platform-operator] [218eabbf] 13:57:56.939 [pool-6-thread-49] DEBUG c.h.p.o.d.PodServiceAccountResource - [helmpods] Desired PodServiceAccountResource (serviceAccountName: hivemq-platform-pod-test-hivemq-platform)
2025-01-29 13:57:56,943 INFO c.h.h.t.HelmChartContainer - [hivemq-test-hivemq-platform] [hivemq-platform-operator] [218eabbf] 13:57:56.940 [pool-6-thread-44] DEBUG c.h.p.o.dependants.PodInfoConfigMap - [helmpods] Desired PodInfo ConfigMap (1 extensions) (1 enabled)
2025-01-29 13:57:56,943 INFO c.h.h.t.HelmChartContainer - [hivemq-test-hivemq-platform] [hivemq-platform-operator] [218eabbf] 13:57:56.941 [pool-6-thread-44] DEBUG c.h.p.o.dependants.PodInfoConfigMap - [helmpods] Desired PodInfo ConfigMap (metrics port: 9399) (metrics path: /)
2025-01-29 13:57:56,943 INFO c.h.h.t.HelmChartContainer - [hivemq-test-hivemq-platform] [hivemq-platform-operator] [218eabbf] 13:57:56.941 [pool-6-thread-44] DEBUG c.h.p.o.dependants.PodInfoConfigMap - [helmpods] Desired PodInfo ConfigMap (extension state hash: 663704205)
2025-01-29 13:57:56,945 INFO c.h.h.t.HelmChartContainer - [hivemq-test-hivemq-platform] [hivemq-platform-operator] [218eabbf] 13:57:56.944 [pool-6-thread-43] DEBUG c.h.p.o.d.StatefulSetResource - [helmpods] Desired StatefulSet (1 replicas) for status RESTART_EXTENSIONS (RESTART_EXTENSIONS)
2025-01-29 13:57:56,948 INFO c.h.h.t.HelmChartContainer - [hivemq-test-hivemq-platform] [hivemq-platform-operator] [218eabbf] 13:57:56.946 [ReconcilerExecutor-hivemq-controller-118] INFO  c.h.p.o.HiveMQPlatformReconciler - [helmpods] Reconciling HiveMQ Platform 'test-hivemq-platform' in namespace 'helmpodsecuritycontextupgradeextensionit'
2025-01-29 13:57:56,948 INFO c.h.h.t.HelmChartContainer - [hivemq-test-hivemq-platform] [hivemq-platform-operator] [218eabbf] 13:57:56.947 [ReconcilerExecutor-hivemq-controller-118] DEBUG c.h.p.o.HiveMQPlatformReconciler - [helmpods] Custom Resource Status RESTART_EXTENSIONS - HiveMQ Platform is restarting extensions (hivemq-distributed-tracing-extension) (RESTART_EXTENSIONS)
2025-01-29 13:57:56,948 INFO c.h.h.t.HelmChartContainer - [hivemq-test-hivemq-platform] [hivemq-platform-operator] [218eabbf] 13:57:56.947 [ReconcilerExecutor-hivemq-controller-118] DEBUG c.h.p.o.HiveMQPlatformReconciler - [helmpods] Custom Resource Spec (replicas: 1) (extensions: 1)
2025-01-29 13:57:56,987 INFO c.h.h.t.HelmChartContainer - [test-hivemq-platform] [hivemq] [aee7645b] INFO  - [HiveMQ Platform Operator Init App 1.7.0-SNAPSHOT] Waiting for extension ConfigMap sync (expected hash: 663704205) (current hash: -24870933)
2025-01-29 13:57:57,008 INFO c.h.h.t.HelmChartContainer - [hivemq-test-hivemq-platform] [hivemq-platform-operator] [218eabbf] 13:57:57.007 [ReconcilerExecutor-hivemq-controller-118] DEBUG c.h.p.o.HiveMQPlatformReconciler - [helmpods] StatefulSet Status (revision: test-hivemq-platform-6778d7488d, replicas: 1, available: 1, ready: 1, current: 1, updated: 1)
2025-01-29 13:57:57,008 INFO c.h.h.t.HelmChartContainer - [hivemq-test-hivemq-platform] [hivemq-platform-operator] [218eabbf] 13:57:57.007 [ReconcilerExecutor-hivemq-controller-118] DEBUG c.h.p.o.HiveMQPlatformReconciler - [helmpods] StatefulSet Spec (replicas: 1, init containers: 1, containers: 1, volumes: 4)
2025-01-29 13:57:57,009 INFO c.h.h.t.HelmChartContainer - [hivemq-test-hivemq-platform] [hivemq-platform-operator] [218eabbf] 13:57:57.008 [ReconcilerExecutor-hivemq-controller-118] DEBUG c.h.p.o.h.HiveMQPlatformReconcilerErrorHandler - [helmpods] Pod 'test-hivemq-platform-0' phase Running
2025-01-29 13:57:57,109 INFO c.h.h.t.HelmChartContainer - [hivemq-test-hivemq-platform] [hivemq-platform-operator] [218eabbf] 13:57:57.108 [ReconcilerExecutor-hivemq-controller-118] DEBUG c.h.p.operator.event.EventSender - [helmpods] Creating K8s event restart-extension-in-progress: [RestartExtension] HiveMQ Platform is waiting for extension restart (hivemq-distributed-tracing-extension)
2025-01-29 13:57:57,113 INFO c.h.h.t.HelmChartContainer - [EVENT] Normal [RestartExtension] HiveMQ Platform is waiting for extension restart (hivemq-distributed-tracing-extension) [helmpodsecuritycontextupgradeextensionit:test-hivemq-platform]
2025-01-29 13:57:57,114 INFO c.h.h.t.HelmChartContainer - [hivemq-test-hivemq-platform] [hivemq-platform-operator] [218eabbf] 13:57:57.113 [ReconcilerExecutor-hivemq-controller-118] INFO  c.h.p.o.h.AbstractHiveMQReconcilerStateHandler - [helmpods] Update HiveMQ Platform Status (RESTART_EXTENSIONS [RESTART_EXTENSIONS] -> RESTART_EXTENSIONS [WAIT_FOR_EXTENSION_RESTART]): HiveMQ Platform is waiting for extension restart (hivemq-distributed-tracing-extension)
2025-01-29 13:57:57,121 DEBUG com.hivemq.helmcharts.util.K8sUtil - Comparing actual state 'RESTART_EXTENSIONS' and waiting for 'RUNNING'
2025-01-29 13:57:57,987 INFO c.h.h.t.HelmChartContainer - [test-hivemq-platform] [hivemq] [aee7645b] INFO  - [HiveMQ Platform Operator Init App 1.7.0-SNAPSHOT] Waiting for extension ConfigMap sync (expected hash: 663704205) (current hash: -24870933)
2025-01-29 13:57:58,988 INFO c.h.h.t.HelmChartContainer - [test-hivemq-platform] [hivemq] [aee7645b] INFO  - [HiveMQ Platform Operator Init App 1.7.0-SNAPSHOT] Waiting for extension ConfigMap sync (expected hash: 663704205) (current hash: -24870933)
2025-01-29 13:57:59,988 INFO c.h.h.t.HelmChartContainer - [test-hivemq-platform] [hivemq] [aee7645b] INFO  - [HiveMQ Platform Operator Init App 1.7.0-SNAPSHOT] Waiting for extension ConfigMap sync (expected hash: 663704205) (current hash: -24870933)
2025-01-29 13:58:00,989 INFO c.h.h.t.HelmChartContainer - [test-hivemq-platform] [hivemq] [aee7645b] INFO  - [HiveMQ Platform Operator Init App 1.7.0-SNAPSHOT] Waiting for extension ConfigMap sync (expected hash: 663704205) (current hash: -24870933)
2025-01-29 13:58:01,989 INFO c.h.h.t.HelmChartContainer - [test-hivemq-platform] [hivemq] [aee7645b] INFO  - [HiveMQ Platform Operator Init App 1.7.0-SNAPSHOT] Waiting for extension ConfigMap sync (expected hash: 663704205) (current hash: -24870933)
2025-01-29 13:58:02,990 INFO c.h.h.t.HelmChartContainer - [test-hivemq-platform] [hivemq] [aee7645b] INFO  - [HiveMQ Platform Operator Init App 1.7.0-SNAPSHOT] Waiting for extension ConfigMap sync (expected hash: 663704205) (current hash: -24870933)
2025-01-29 13:58:03,991 INFO c.h.h.t.HelmChartContainer - [test-hivemq-platform] [hivemq] [aee7645b] INFO  - [HiveMQ Platform Operator Init App 1.7.0-SNAPSHOT] Waiting for extension ConfigMap sync (expected hash: 663704205) (current hash: -24870933)
2025-01-29 13:58:04,991 INFO c.h.h.t.HelmChartContainer - [test-hivemq-platform] [hivemq] [aee7645b] INFO  - [HiveMQ Platform Operator Init App 1.7.0-SNAPSHOT] Waiting for extension ConfigMap sync (expected hash: 663704205) (current hash: -24870933)
2025-01-29 13:58:05,992 INFO c.h.h.t.HelmChartContainer - [test-hivemq-platform] [hivemq] [aee7645b] INFO  - [HiveMQ Platform Operator Init App 1.7.0-SNAPSHOT] Waiting for extension ConfigMap sync (expected hash: 663704205) (current hash: -24870933)
2025-01-29 13:58:06,992 INFO c.h.h.t.HelmChartContainer - [test-hivemq-platform] [hivemq] [aee7645b] INFO  - [HiveMQ Platform Operator Init App 1.7.0-SNAPSHOT] Waiting for extension ConfigMap sync (expected hash: 663704205) (current hash: -24870933)
2025-01-29 13:58:07,129 INFO c.h.h.t.HelmChartContainer - [hivemq-test-hivemq-platform] [hivemq-platform-operator] [218eabbf] 13:58:07.125 [pool-6-thread-9] DEBUG c.h.p.o.d.PlatformServiceResource - [helmpods] Desired Platform services (3 services)
2025-01-29 13:58:07,129 INFO c.h.h.t.HelmChartContainer - [hivemq-test-hivemq-platform] [hivemq-platform-operator] [218eabbf] 13:58:07.126 [pool-6-thread-8] DEBUG c.h.p.o.d.PodServiceAccountResource - [helmpods] Desired PodServiceAccountResource (serviceAccountName: hivemq-platform-pod-test-hivemq-platform)
2025-01-29 13:58:07,129 INFO c.h.h.t.HelmChartContainer - [hivemq-test-hivemq-platform] [hivemq-platform-operator] [218eabbf] 13:58:07.128 [pool-6-thread-5] DEBUG c.h.p.o.dependants.PodInfoConfigMap - [helmpods] Desired PodInfo ConfigMap (1 extensions) (1 enabled)
2025-01-29 13:58:07,130 INFO c.h.h.t.HelmChartContainer - [hivemq-test-hivemq-platform] [hivemq-platform-operator] [218eabbf] 13:58:07.129 [pool-6-thread-5] DEBUG c.h.p.o.dependants.PodInfoConfigMap - [helmpods] Desired PodInfo ConfigMap (metrics port: 9399) (metrics path: /)
2025-01-29 13:58:07,130 INFO c.h.h.t.HelmChartContainer - [hivemq-test-hivemq-platform] [hivemq-platform-operator] [218eabbf] 13:58:07.129 [pool-6-thread-5] DEBUG c.h.p.o.dependants.PodInfoConfigMap - [helmpods] Desired PodInfo ConfigMap (extension state hash: 663704205)
2025-01-29 13:58:07,133 INFO c.h.h.t.HelmChartContainer - [hivemq-test-hivemq-platform] [hivemq-platform-operator] [218eabbf] 13:58:07.133 [pool-6-thread-9] DEBUG c.h.p.o.d.StatefulSetResource - [helmpods] Desired StatefulSet (1 replicas) for status RESTART_EXTENSIONS (WAIT_FOR_EXTENSION_RESTART)
2025-01-29 13:58:07,140 INFO c.h.h.t.HelmChartContainer - [hivemq-test-hivemq-platform] [hivemq-platform-operator] [218eabbf] 13:58:07.138 [ReconcilerExecutor-hivemq-controller-119] INFO  c.h.p.o.HiveMQPlatformReconciler - [helmpods] Reconciling HiveMQ Platform 'test-hivemq-platform' in namespace 'helmpodsecuritycontextupgradeextensionit'
2025-01-29 13:58:07,140 INFO c.h.h.t.HelmChartContainer - [hivemq-test-hivemq-platform] [hivemq-platform-operator] [218eabbf] 13:58:07.138 [ReconcilerExecutor-hivemq-controller-119] DEBUG c.h.p.o.HiveMQPlatformReconciler - [helmpods] Custom Resource Status RESTART_EXTENSIONS - HiveMQ Platform is waiting for extension restart (hivemq-distributed-tracing-extension) (WAIT_FOR_EXTENSION_RESTART)
2025-01-29 13:58:07,140 INFO c.h.h.t.HelmChartContainer - [hivemq-test-hivemq-platform] [hivemq-platform-operator] [218eabbf] 13:58:07.138 [ReconcilerExecutor-hivemq-controller-119] DEBUG c.h.p.o.HiveMQPlatformReconciler - [helmpods] Custom Resource Spec (replicas: 1) (extensions: 1)
2025-01-29 13:58:07,141 INFO c.h.h.t.HelmChartContainer - [hivemq-test-hivemq-platform] [hivemq-platform-operator] [218eabbf] 13:58:07.141 [ReconcilerExecutor-hivemq-controller-119] DEBUG c.h.p.o.HiveMQPlatformReconciler - [helmpods] StatefulSet Status (revision: test-hivemq-platform-6778d7488d, replicas: 1, available: 1, ready: 1, current: 1, updated: 1)
2025-01-29 13:58:07,142 INFO c.h.h.t.HelmChartContainer - [hivemq-test-hivemq-platform] [hivemq-platform-operator] [218eabbf] 13:58:07.141 [ReconcilerExecutor-hivemq-controller-119] DEBUG c.h.p.o.HiveMQPlatformReconciler - [helmpods] StatefulSet Spec (replicas: 1, init containers: 1, containers: 1, volumes: 4)
2025-01-29 13:58:07,191 INFO c.h.h.t.HelmChartContainer - [hivemq-test-hivemq-platform] [hivemq-platform-operator] [218eabbf] 13:58:07.190 [ReconcilerExecutor-hivemq-controller-119] DEBUG c.h.p.o.h.HiveMQPlatformReconcilerErrorHandler - [helmpods] Pod 'test-hivemq-platform-0' phase Running
2025-01-29 13:58:07,213 INFO c.h.h.t.HelmChartContainer - [hivemq-test-hivemq-platform] [hivemq-platform-operator] [218eabbf] 13:58:07.213 [ReconcilerExecutor-hivemq-controller-119] DEBUG c.h.p.o.h.HiveMQPlatformReconcilerRestartExtensionsHandler - [helmpods] Checking update extension status on Pod 'test-hivemq-platform-0'
2025-01-29 13:58:07,345 INFO c.h.h.t.HelmChartContainer - [test-hivemq-platform] [hivemq] [aee7645b] INFO  - [HiveMQ Platform Operator Init App 1.7.0-SNAPSHOT] Extension update is pending (0 errors)
2025-01-29 13:58:07,350 INFO c.h.h.t.HelmChartContainer - [hivemq-test-hivemq-platform] [hivemq-platform-operator] [218eabbf] 13:58:07.349 [vert.x-eventloop-thread-1] DEBUG c.h.platform.operator.util.PodUtil - Received status for command '[curl, -s, http://10.42.0.8:7979/updateExtensionStatus]' on Pod 'test-hivemq-platform-0' (exit code: 0)
2025-01-29 13:58:07,993 INFO c.h.h.t.HelmChartContainer - [test-hivemq-platform] [hivemq] [aee7645b] INFO  - [HiveMQ Platform Operator Init App 1.7.0-SNAPSHOT] Waiting for extension ConfigMap sync (expected hash: 663704205) (current hash: -24870933)
2025-01-29 13:58:08,327 INFO c.h.h.t.HelmChartContainer - [hivemq-test-hivemq-platform] [hivemq-platform-operator] [218eabbf] 13:58:08.324 [pool-6-thread-13] DEBUG c.h.p.o.d.PlatformServiceResource - [helmpods] Desired Platform services (3 services)
2025-01-29 13:58:08,327 INFO c.h.h.t.HelmChartContainer - [hivemq-test-hivemq-platform] [hivemq-platform-operator] [218eabbf] 13:58:08.324 [pool-6-thread-18] DEBUG c.h.p.o.dependants.PodInfoConfigMap - [helmpods] Desired PodInfo ConfigMap (1 extensions) (1 enabled)
2025-01-29 13:58:08,327 INFO c.h.h.t.HelmChartContainer - [hivemq-test-hivemq-platform] [hivemq-platform-operator] [218eabbf] 13:58:08.324 [pool-6-thread-18] DEBUG c.h.p.o.dependants.PodInfoConfigMap - [helmpods] Desired PodInfo ConfigMap (metrics port: 9399) (metrics path: /)
2025-01-29 13:58:08,327 INFO c.h.h.t.HelmChartContainer - [hivemq-test-hivemq-platform] [hivemq-platform-operator] [218eabbf] 13:58:08.324 [pool-6-thread-18] DEBUG c.h.p.o.dependants.PodInfoConfigMap - [helmpods] Desired PodInfo ConfigMap (extension state hash: 663704205)
2025-01-29 13:58:08,327 INFO c.h.h.t.HelmChartContainer - [hivemq-test-hivemq-platform] [hivemq-platform-operator] [218eabbf] 13:58:08.325 [pool-6-thread-16] DEBUG c.h.p.o.d.PodServiceAccountResource - [helmpods] Desired PodServiceAccountResource (serviceAccountName: hivemq-platform-pod-test-hivemq-platform)
2025-01-29 13:58:08,330 INFO c.h.h.t.HelmChartContainer - [hivemq-test-hivemq-platform] [hivemq-platform-operator] [218eabbf] 13:58:08.328 [pool-6-thread-13] DEBUG c.h.p.o.d.StatefulSetResource - [helmpods] Desired StatefulSet (1 replicas) for status RESTART_EXTENSIONS (WAIT_FOR_EXTENSION_RESTART)
2025-01-29 13:58:08,332 INFO c.h.h.t.HelmChartContainer - [hivemq-test-hivemq-platform] [hivemq-platform-operator] [218eabbf] 13:58:08.331 [ReconcilerExecutor-hivemq-controller-120] INFO  c.h.p.o.HiveMQPlatformReconciler - [helmpods] Reconciling HiveMQ Platform 'test-hivemq-platform' in namespace 'helmpodsecuritycontextupgradeextensionit'
2025-01-29 13:58:08,333 INFO c.h.h.t.HelmChartContainer - [hivemq-test-hivemq-platform] [hivemq-platform-operator] [218eabbf] 13:58:08.331 [ReconcilerExecutor-hivemq-controller-120] DEBUG c.h.p.o.HiveMQPlatformReconciler - [helmpods] Custom Resource Status RESTART_EXTENSIONS - HiveMQ Platform is waiting for extension restart (hivemq-distributed-tracing-extension) (WAIT_FOR_EXTENSION_RESTART)
2025-01-29 13:58:08,333 INFO c.h.h.t.HelmChartContainer - [hivemq-test-hivemq-platform] [hivemq-platform-operator] [218eabbf] 13:58:08.331 [ReconcilerExecutor-hivemq-controller-120] DEBUG c.h.p.o.HiveMQPlatformReconciler - [helmpods] Custom Resource Spec (replicas: 1) (extensions: 1)
2025-01-29 13:58:08,335 INFO c.h.h.t.HelmChartContainer - [hivemq-test-hivemq-platform] [hivemq-platform-operator] [218eabbf] 13:58:08.333 [ReconcilerExecutor-hivemq-controller-120] DEBUG c.h.p.o.HiveMQPlatformReconciler - [helmpods] StatefulSet Status (revision: test-hivemq-platform-6778d7488d, replicas: 1, available: 1, ready: 1, current: 1, updated: 1)
2025-01-29 13:58:08,335 INFO c.h.h.t.HelmChartContainer - [hivemq-test-hivemq-platform] [hivemq-platform-operator] [218eabbf] 13:58:08.333 [ReconcilerExecutor-hivemq-controller-120] DEBUG c.h.p.o.HiveMQPlatformReconciler - [helmpods] StatefulSet Spec (replicas: 1, init containers: 1, containers: 1, volumes: 4)
2025-01-29 13:58:08,336 INFO c.h.h.t.HelmChartContainer - [hivemq-test-hivemq-platform] [hivemq-platform-operator] [218eabbf] 13:58:08.335 [ReconcilerExecutor-hivemq-controller-120] DEBUG c.h.p.o.h.HiveMQPlatformReconcilerErrorHandler - [helmpods] Pod 'test-hivemq-platform-0' phase Running
2025-01-29 13:58:08,337 INFO c.h.h.t.HelmChartContainer - [hivemq-test-hivemq-platform] [hivemq-platform-operator] [218eabbf] 13:58:08.336 [ReconcilerExecutor-hivemq-controller-120] INFO  c.h.p.o.h.HiveMQPlatformReconcilerRestartExtensionsHandler - [helmpods] Extension update on Pod 'test-hivemq-platform-0' is still pending
2025-01-29 13:58:08,993 INFO c.h.h.t.HelmChartContainer - [test-hivemq-platform] [hivemq] [aee7645b] INFO  - [HiveMQ Platform Operator Init App 1.7.0-SNAPSHOT] Waiting for extension ConfigMap sync (expected hash: 663704205) (current hash: -24870933)
2025-01-29 13:58:09,994 INFO c.h.h.t.HelmChartContainer - [test-hivemq-platform] [hivemq] [aee7645b] INFO  - [HiveMQ Platform Operator Init App 1.7.0-SNAPSHOT] Waiting for extension ConfigMap sync (expected hash: 663704205) (current hash: -24870933)
2025-01-29 13:58:10,994 INFO c.h.h.t.HelmChartContainer - [test-hivemq-platform] [hivemq] [aee7645b] INFO  - [HiveMQ Platform Operator Init App 1.7.0-SNAPSHOT] Waiting for extension ConfigMap sync (expected hash: 663704205) (current hash: -24870933)
2025-01-29 13:58:11,995 INFO c.h.h.t.HelmChartContainer - [test-hivemq-platform] [hivemq] [aee7645b] INFO  - [HiveMQ Platform Operator Init App 1.7.0-SNAPSHOT] Waiting for extension ConfigMap sync (expected hash: 663704205) (current hash: -24870933)
2025-01-29 13:58:12,995 INFO c.h.h.t.HelmChartContainer - [test-hivemq-platform] [hivemq] [aee7645b] INFO  - [HiveMQ Platform Operator Init App 1.7.0-SNAPSHOT] Waiting for extension ConfigMap sync (expected hash: 663704205) (current hash: -24870933)
2025-01-29 13:58:13,996 INFO c.h.h.t.HelmChartContainer - [test-hivemq-platform] [hivemq] [aee7645b] INFO  - [HiveMQ Platform Operator Init App 1.7.0-SNAPSHOT] Waiting for extension ConfigMap sync (expected hash: 663704205) (current hash: -24870933)
2025-01-29 13:58:14,996 INFO c.h.h.t.HelmChartContainer - [test-hivemq-platform] [hivemq] [aee7645b] INFO  - [HiveMQ Platform Operator Init App 1.7.0-SNAPSHOT] Waiting for extension ConfigMap sync (expected hash: 663704205) (current hash: -24870933)
2025-01-29 13:58:15,997 INFO c.h.h.t.HelmChartContainer - [test-hivemq-platform] [hivemq] [aee7645b] INFO  - [HiveMQ Platform Operator Init App 1.7.0-SNAPSHOT] Waiting for extension ConfigMap sync (expected hash: 663704205) (current hash: -24870933)
2025-01-29 13:58:16,997 INFO c.h.h.t.HelmChartContainer - [test-hivemq-platform] [hivemq] [aee7645b] INFO  - [HiveMQ Platform Operator Init App 1.7.0-SNAPSHOT] Waiting for extension ConfigMap sync (expected hash: 663704205) (current hash: -24870933)
2025-01-29 13:58:17,998 INFO c.h.h.t.HelmChartContainer - [test-hivemq-platform] [hivemq] [aee7645b] INFO  - [HiveMQ Platform Operator Init App 1.7.0-SNAPSHOT] Waiting for extension ConfigMap sync (expected hash: 663704205) (current hash: -24870933)
2025-01-29 13:58:18,343 INFO c.h.h.t.HelmChartContainer - [hivemq-test-hivemq-platform] [hivemq-platform-operator] [218eabbf] 13:58:18.340 [pool-6-thread-23] DEBUG c.h.p.o.d.PlatformServiceResource - [helmpods] Desired Platform services (3 services)
2025-01-29 13:58:18,343 INFO c.h.h.t.HelmChartContainer - [hivemq-test-hivemq-platform] [hivemq-platform-operator] [218eabbf] 13:58:18.341 [pool-6-thread-28] DEBUG c.h.p.o.dependants.PodInfoConfigMap - [helmpods] Desired PodInfo ConfigMap (1 extensions) (1 enabled)
2025-01-29 13:58:18,343 INFO c.h.h.t.HelmChartContainer - [hivemq-test-hivemq-platform] [hivemq-platform-operator] [218eabbf] 13:58:18.341 [pool-6-thread-28] DEBUG c.h.p.o.dependants.PodInfoConfigMap - [helmpods] Desired PodInfo ConfigMap (metrics port: 9399) (metrics path: /)
2025-01-29 13:58:18,344 INFO c.h.h.t.HelmChartContainer - [hivemq-test-hivemq-platform] [hivemq-platform-operator] [218eabbf] 13:58:18.341 [pool-6-thread-28] DEBUG c.h.p.o.dependants.PodInfoConfigMap - [helmpods] Desired PodInfo ConfigMap (extension state hash: 663704205)
2025-01-29 13:58:18,345 INFO c.h.h.t.HelmChartContainer - [hivemq-test-hivemq-platform] [hivemq-platform-operator] [218eabbf] 13:58:18.342 [pool-6-thread-30] DEBUG c.h.p.o.d.PodServiceAccountResource - [helmpods] Desired PodServiceAccountResource (serviceAccountName: hivemq-platform-pod-test-hivemq-platform)
2025-01-29 13:58:18,347 INFO c.h.h.t.HelmChartContainer - [hivemq-test-hivemq-platform] [hivemq-platform-operator] [218eabbf] 13:58:18.346 [pool-6-thread-30] DEBUG c.h.p.o.d.StatefulSetResource - [helmpods] Desired StatefulSet (1 replicas) for status RESTART_EXTENSIONS (WAIT_FOR_EXTENSION_RESTART)
2025-01-29 13:58:18,352 INFO c.h.h.t.HelmChartContainer - [hivemq-test-hivemq-platform] [hivemq-platform-operator] [218eabbf] 13:58:18.350 [ReconcilerExecutor-hivemq-controller-121] INFO  c.h.p.o.HiveMQPlatformReconciler - [helmpods] Reconciling HiveMQ Platform 'test-hivemq-platform' in namespace 'helmpodsecuritycontextupgradeextensionit'
2025-01-29 13:58:18,353 INFO c.h.h.t.HelmChartContainer - [hivemq-test-hivemq-platform] [hivemq-platform-operator] [218eabbf] 13:58:18.350 [ReconcilerExecutor-hivemq-controller-121] DEBUG c.h.p.o.HiveMQPlatformReconciler - [helmpods] Custom Resource Status RESTART_EXTENSIONS - HiveMQ Platform is waiting for extension restart (hivemq-distributed-tracing-extension) (WAIT_FOR_EXTENSION_RESTART)
2025-01-29 13:58:18,354 INFO c.h.h.t.HelmChartContainer - [hivemq-test-hivemq-platform] [hivemq-platform-operator] [218eabbf] 13:58:18.350 [ReconcilerExecutor-hivemq-controller-121] DEBUG c.h.p.o.HiveMQPlatformReconciler - [helmpods] Custom Resource Spec (replicas: 1) (extensions: 1)
2025-01-29 13:58:18,354 INFO c.h.h.t.HelmChartContainer - [hivemq-test-hivemq-platform] [hivemq-platform-operator] [218eabbf] 13:58:18.351 [ReconcilerExecutor-hivemq-controller-121] DEBUG c.h.p.o.HiveMQPlatformReconciler - [helmpods] StatefulSet Status (revision: test-hivemq-platform-6778d7488d, replicas: 1, available: 1, ready: 1, current: 1, updated: 1)
2025-01-29 13:58:18,354 INFO c.h.h.t.HelmChartContainer - [hivemq-test-hivemq-platform] [hivemq-platform-operator] [218eabbf] 13:58:18.351 [ReconcilerExecutor-hivemq-controller-121] DEBUG c.h.p.o.HiveMQPlatformReconciler - [helmpods] StatefulSet Spec (replicas: 1, init containers: 1, containers: 1, volumes: 4)
2025-01-29 13:58:18,354 INFO c.h.h.t.HelmChartContainer - [hivemq-test-hivemq-platform] [hivemq-platform-operator] [218eabbf] 13:58:18.352 [ReconcilerExecutor-hivemq-controller-121] DEBUG c.h.p.o.h.HiveMQPlatformReconcilerErrorHandler - [helmpods] Pod 'test-hivemq-platform-0' phase Running
2025-01-29 13:58:18,359 INFO c.h.h.t.HelmChartContainer - [hivemq-test-hivemq-platform] [hivemq-platform-operator] [218eabbf] 13:58:18.359 [ReconcilerExecutor-hivemq-controller-121] DEBUG c.h.p.o.h.HiveMQPlatformReconcilerRestartExtensionsHandler - [helmpods] Checking update extension status on Pod 'test-hivemq-platform-0'
2025-01-29 13:58:18,457 INFO c.h.h.t.HelmChartContainer - [test-hivemq-platform] [hivemq] [aee7645b] INFO  - [HiveMQ Platform Operator Init App 1.7.0-SNAPSHOT] Extension update is pending (0 errors)
2025-01-29 13:58:18,461 INFO c.h.h.t.HelmChartContainer - [hivemq-test-hivemq-platform] [hivemq-platform-operator] [218eabbf] 13:58:18.460 [vert.x-eventloop-thread-0] DEBUG c.h.platform.operator.util.PodUtil - Received status for command '[curl, -s, http://10.42.0.8:7979/updateExtensionStatus]' on Pod 'test-hivemq-platform-0' (exit code: 0)
2025-01-29 13:58:18,998 INFO c.h.h.t.HelmChartContainer - [test-hivemq-platform] [hivemq] [aee7645b] INFO  - [HiveMQ Platform Operator Init App 1.7.0-SNAPSHOT] Waiting for extension ConfigMap sync (expected hash: 663704205) (current hash: -24870933)
2025-01-29 13:58:19,435 INFO c.h.h.t.HelmChartContainer - [hivemq-test-hivemq-platform] [hivemq-platform-operator] [218eabbf] 13:58:19.432 [pool-6-thread-32] DEBUG c.h.p.o.d.PlatformServiceResource - [helmpods] Desired Platform services (3 services)
2025-01-29 13:58:19,436 INFO c.h.h.t.HelmChartContainer - [hivemq-test-hivemq-platform] [hivemq-platform-operator] [218eabbf] 13:58:19.432 [pool-6-thread-38] DEBUG c.h.p.o.d.PodServiceAccountResource - [helmpods] Desired PodServiceAccountResource (serviceAccountName: hivemq-platform-pod-test-hivemq-platform)
2025-01-29 13:58:19,436 INFO c.h.h.t.HelmChartContainer - [hivemq-test-hivemq-platform] [hivemq-platform-operator] [218eabbf] 13:58:19.433 [pool-6-thread-39] DEBUG c.h.p.o.dependants.PodInfoConfigMap - [helmpods] Desired PodInfo ConfigMap (1 extensions) (1 enabled)
2025-01-29 13:58:19,436 INFO c.h.h.t.HelmChartContainer - [hivemq-test-hivemq-platform] [hivemq-platform-operator] [218eabbf] 13:58:19.435 [pool-6-thread-39] DEBUG c.h.p.o.dependants.PodInfoConfigMap - [helmpods] Desired PodInfo ConfigMap (metrics port: 9399) (metrics path: /)
2025-01-29 13:58:19,437 INFO c.h.h.t.HelmChartContainer - [hivemq-test-hivemq-platform] [hivemq-platform-operator] [218eabbf] 13:58:19.436 [pool-6-thread-39] DEBUG c.h.p.o.dependants.PodInfoConfigMap - [helmpods] Desired PodInfo ConfigMap (extension state hash: 663704205)
2025-01-29 13:58:19,439 INFO c.h.h.t.HelmChartContainer - [hivemq-test-hivemq-platform] [hivemq-platform-operator] [218eabbf] 13:58:19.439 [pool-6-thread-32] DEBUG c.h.p.o.d.StatefulSetResource - [helmpods] Desired StatefulSet (1 replicas) for status RESTART_EXTENSIONS (WAIT_FOR_EXTENSION_RESTART)
2025-01-29 13:58:19,442 INFO c.h.h.t.HelmChartContainer - [hivemq-test-hivemq-platform] [hivemq-platform-operator] [218eabbf] 13:58:19.442 [ReconcilerExecutor-hivemq-controller-122] INFO  c.h.p.o.HiveMQPlatformReconciler - [helmpods] Reconciling HiveMQ Platform 'test-hivemq-platform' in namespace 'helmpodsecuritycontextupgradeextensionit'
2025-01-29 13:58:19,443 INFO c.h.h.t.HelmChartContainer - [hivemq-test-hivemq-platform] [hivemq-platform-operator] [218eabbf] 13:58:19.442 [ReconcilerExecutor-hivemq-controller-122] DEBUG c.h.p.o.HiveMQPlatformReconciler - [helmpods] Custom Resource Status RESTART_EXTENSIONS - HiveMQ Platform is waiting for extension restart (hivemq-distributed-tracing-extension) (WAIT_FOR_EXTENSION_RESTART)
2025-01-29 13:58:19,443 INFO c.h.h.t.HelmChartContainer - [hivemq-test-hivemq-platform] [hivemq-platform-operator] [218eabbf] 13:58:19.442 [ReconcilerExecutor-hivemq-controller-122] DEBUG c.h.p.o.HiveMQPlatformReconciler - [helmpods] Custom Resource Spec (replicas: 1) (extensions: 1)
2025-01-29 13:58:19,444 INFO c.h.h.t.HelmChartContainer - [hivemq-test-hivemq-platform] [hivemq-platform-operator] [218eabbf] 13:58:19.444 [ReconcilerExecutor-hivemq-controller-122] DEBUG c.h.p.o.HiveMQPlatformReconciler - [helmpods] StatefulSet Status (revision: test-hivemq-platform-6778d7488d, replicas: 1, available: 1, ready: 1, current: 1, updated: 1)
2025-01-29 13:58:19,445 INFO c.h.h.t.HelmChartContainer - [hivemq-test-hivemq-platform] [hivemq-platform-operator] [218eabbf] 13:58:19.444 [ReconcilerExecutor-hivemq-controller-122] DEBUG c.h.p.o.HiveMQPlatformReconciler - [helmpods] StatefulSet Spec (replicas: 1, init containers: 1, containers: 1, volumes: 4)
2025-01-29 13:58:19,446 INFO c.h.h.t.HelmChartContainer - [hivemq-test-hivemq-platform] [hivemq-platform-operator] [218eabbf] 13:58:19.445 [ReconcilerExecutor-hivemq-controller-122] DEBUG c.h.p.o.h.HiveMQPlatformReconcilerErrorHandler - [helmpods] Pod 'test-hivemq-platform-0' phase Running
2025-01-29 13:58:19,447 INFO c.h.h.t.HelmChartContainer - [hivemq-test-hivemq-platform] [hivemq-platform-operator] [218eabbf] 13:58:19.446 [ReconcilerExecutor-hivemq-controller-122] INFO  c.h.p.o.h.HiveMQPlatformReconcilerRestartExtensionsHandler - [helmpods] Extension update on Pod 'test-hivemq-platform-0' is still pending
2025-01-29 13:58:19,998 INFO c.h.h.t.HelmChartContainer - [test-hivemq-platform] [hivemq] [aee7645b] INFO  - [HiveMQ Platform Operator Init App 1.7.0-SNAPSHOT] Waiting for extension ConfigMap sync (expected hash: 663704205) (current hash: -24870933)
2025-01-29 13:58:20,999 INFO c.h.h.t.HelmChartContainer - [test-hivemq-platform] [hivemq] [aee7645b] INFO  - [HiveMQ Platform Operator Init App 1.7.0-SNAPSHOT] Waiting for extension ConfigMap sync (expected hash: 663704205) (current hash: -24870933)
2025-01-29 13:58:21,999 INFO c.h.h.t.HelmChartContainer - [test-hivemq-platform] [hivemq] [aee7645b] INFO  - [HiveMQ Platform Operator Init App 1.7.0-SNAPSHOT] Waiting for extension ConfigMap sync (expected hash: 663704205) (current hash: -24870933)
2025-01-29 13:58:23,000 INFO c.h.h.t.HelmChartContainer - [test-hivemq-platform] [hivemq] [aee7645b] INFO  - [HiveMQ Platform Operator Init App 1.7.0-SNAPSHOT] Waiting for extension ConfigMap sync (expected hash: 663704205) (current hash: -24870933)
2025-01-29 13:58:24,000 INFO c.h.h.t.HelmChartContainer - [test-hivemq-platform] [hivemq] [aee7645b] INFO  - [HiveMQ Platform Operator Init App 1.7.0-SNAPSHOT] Waiting for extension ConfigMap sync (expected hash: 663704205) (current hash: -24870933)
2025-01-29 13:58:25,001 INFO c.h.h.t.HelmChartContainer - [test-hivemq-platform] [hivemq] [aee7645b] INFO  - [HiveMQ Platform Operator Init App 1.7.0-SNAPSHOT] Waiting for extension ConfigMap sync (expected hash: 663704205) (current hash: -24870933)
2025-01-29 13:58:26,001 INFO c.h.h.t.HelmChartContainer - [test-hivemq-platform] [hivemq] [aee7645b] INFO  - [HiveMQ Platform Operator Init App 1.7.0-SNAPSHOT] Waiting for extension ConfigMap sync (expected hash: 663704205) (current hash: -24870933)
2025-01-29 13:58:27,002 INFO c.h.h.t.HelmChartContainer - [test-hivemq-platform] [hivemq] [aee7645b] INFO  - [HiveMQ Platform Operator Init App 1.7.0-SNAPSHOT] Waiting for extension ConfigMap sync (expected hash: 663704205) (current hash: -24870933)
2025-01-29 13:58:28,002 INFO c.h.h.t.HelmChartContainer - [test-hivemq-platform] [hivemq] [aee7645b] INFO  - [HiveMQ Platform Operator Init App 1.7.0-SNAPSHOT] Waiting for extension ConfigMap sync (expected hash: 663704205) (current hash: -24870933)
2025-01-29 13:58:29,003 INFO c.h.h.t.HelmChartContainer - [test-hivemq-platform] [hivemq] [aee7645b] INFO  - [HiveMQ Platform Operator Init App 1.7.0-SNAPSHOT] Waiting for extension ConfigMap sync (expected hash: 663704205) (current hash: -24870933)
2025-01-29 13:58:29,451 INFO c.h.h.t.HelmChartContainer - [hivemq-test-hivemq-platform] [hivemq-platform-operator] [218eabbf] 13:58:29.449 [pool-6-thread-47] DEBUG c.h.p.o.d.PlatformServiceResource - [helmpods] Desired Platform services (3 services)
2025-01-29 13:58:29,452 INFO c.h.h.t.HelmChartContainer - [hivemq-test-hivemq-platform] [hivemq-platform-operator] [218eabbf] 13:58:29.450 [pool-6-thread-49] DEBUG c.h.p.o.d.PodServiceAccountResource - [helmpods] Desired PodServiceAccountResource (serviceAccountName: hivemq-platform-pod-test-hivemq-platform)
2025-01-29 13:58:29,452 INFO c.h.h.t.HelmChartContainer - [hivemq-test-hivemq-platform] [hivemq-platform-operator] [218eabbf] 13:58:29.450 [pool-6-thread-48] DEBUG c.h.p.o.dependants.PodInfoConfigMap - [helmpods] Desired PodInfo ConfigMap (1 extensions) (1 enabled)
2025-01-29 13:58:29,453 INFO c.h.h.t.HelmChartContainer - [hivemq-test-hivemq-platform] [hivemq-platform-operator] [218eabbf] 13:58:29.451 [pool-6-thread-48] DEBUG c.h.p.o.dependants.PodInfoConfigMap - [helmpods] Desired PodInfo ConfigMap (metrics port: 9399) (metrics path: /)
2025-01-29 13:58:29,453 INFO c.h.h.t.HelmChartContainer - [hivemq-test-hivemq-platform] [hivemq-platform-operator] [218eabbf] 13:58:29.451 [pool-6-thread-48] DEBUG c.h.p.o.dependants.PodInfoConfigMap - [helmpods] Desired PodInfo ConfigMap (extension state hash: 663704205)
2025-01-29 13:58:29,456 INFO c.h.h.t.HelmChartContainer - [hivemq-test-hivemq-platform] [hivemq-platform-operator] [218eabbf] 13:58:29.455 [pool-6-thread-47] DEBUG c.h.p.o.d.StatefulSetResource - [helmpods] Desired StatefulSet (1 replicas) for status RESTART_EXTENSIONS (WAIT_FOR_EXTENSION_RESTART)
2025-01-29 13:58:29,459 INFO c.h.h.t.HelmChartContainer - [hivemq-test-hivemq-platform] [hivemq-platform-operator] [218eabbf] 13:58:29.458 [ReconcilerExecutor-hivemq-controller-123] INFO  c.h.p.o.HiveMQPlatformReconciler - [helmpods] Reconciling HiveMQ Platform 'test-hivemq-platform' in namespace 'helmpodsecuritycontextupgradeextensionit'
2025-01-29 13:58:29,459 INFO c.h.h.t.HelmChartContainer - [hivemq-test-hivemq-platform] [hivemq-platform-operator] [218eabbf] 13:58:29.458 [ReconcilerExecutor-hivemq-controller-123] DEBUG c.h.p.o.HiveMQPlatformReconciler - [helmpods] Custom Resource Status RESTART_EXTENSIONS - HiveMQ Platform is waiting for extension restart (hivemq-distributed-tracing-extension) (WAIT_FOR_EXTENSION_RESTART)
2025-01-29 13:58:29,459 INFO c.h.h.t.HelmChartContainer - [hivemq-test-hivemq-platform] [hivemq-platform-operator] [218eabbf] 13:58:29.458 [ReconcilerExecutor-hivemq-controller-123] DEBUG c.h.p.o.HiveMQPlatformReconciler - [helmpods] Custom Resource Spec (replicas: 1) (extensions: 1)
2025-01-29 13:58:29,460 INFO c.h.h.t.HelmChartContainer - [hivemq-test-hivemq-platform] [hivemq-platform-operator] [218eabbf] 13:58:29.459 [ReconcilerExecutor-hivemq-controller-123] DEBUG c.h.p.o.HiveMQPlatformReconciler - [helmpods] StatefulSet Status (revision: test-hivemq-platform-6778d7488d, replicas: 1, available: 1, ready: 1, current: 1, updated: 1)
2025-01-29 13:58:29,460 INFO c.h.h.t.HelmChartContainer - [hivemq-test-hivemq-platform] [hivemq-platform-operator] [218eabbf] 13:58:29.459 [ReconcilerExecutor-hivemq-controller-123] DEBUG c.h.p.o.HiveMQPlatformReconciler - [helmpods] StatefulSet Spec (replicas: 1, init containers: 1, containers: 1, volumes: 4)
2025-01-29 13:58:29,462 INFO c.h.h.t.HelmChartContainer - [hivemq-test-hivemq-platform] [hivemq-platform-operator] [218eabbf] 13:58:29.461 [ReconcilerExecutor-hivemq-controller-123] DEBUG c.h.p.o.h.HiveMQPlatformReconcilerErrorHandler - [helmpods] Pod 'test-hivemq-platform-0' phase Running
2025-01-29 13:58:29,468 INFO c.h.h.t.HelmChartContainer - [hivemq-test-hivemq-platform] [hivemq-platform-operator] [218eabbf] 13:58:29.467 [ReconcilerExecutor-hivemq-controller-123] DEBUG c.h.p.o.h.HiveMQPlatformReconcilerRestartExtensionsHandler - [helmpods] Checking update extension status on Pod 'test-hivemq-platform-0'
2025-01-29 13:58:29,546 INFO c.h.h.t.HelmChartContainer - [test-hivemq-platform] [hivemq] [aee7645b] INFO  - [HiveMQ Platform Operator Init App 1.7.0-SNAPSHOT] Extension update is pending (0 errors)
2025-01-29 13:58:29,549 INFO c.h.h.t.HelmChartContainer - [hivemq-test-hivemq-platform] [hivemq-platform-operator] [218eabbf] 13:58:29.548 [vert.x-eventloop-thread-1] DEBUG c.h.platform.operator.util.PodUtil - Received status for command '[curl, -s, http://10.42.0.8:7979/updateExtensionStatus]' on Pod 'test-hivemq-platform-0' (exit code: 0)
2025-01-29 13:58:30,003 INFO c.h.h.t.HelmChartContainer - [test-hivemq-platform] [hivemq] [aee7645b] INFO  - [HiveMQ Platform Operator Init App 1.7.0-SNAPSHOT] Waiting for extension ConfigMap sync (expected hash: 663704205) (current hash: -24870933)
2025-01-29 13:58:30,526 INFO c.h.h.t.HelmChartContainer - [hivemq-test-hivemq-platform] [hivemq-platform-operator] [218eabbf] 13:58:30.524 [pool-6-thread-3] DEBUG c.h.p.o.d.PlatformServiceResource - [helmpods] Desired Platform services (3 services)
2025-01-29 13:58:30,527 INFO c.h.h.t.HelmChartContainer - [hivemq-test-hivemq-platform] [hivemq-platform-operator] [218eabbf] 13:58:30.525 [pool-6-thread-1] DEBUG c.h.p.o.dependants.PodInfoConfigMap - [helmpods] Desired PodInfo ConfigMap (1 extensions) (1 enabled)
2025-01-29 13:58:30,527 INFO c.h.h.t.HelmChartContainer - [hivemq-test-hivemq-platform] [hivemq-platform-operator] [218eabbf] 13:58:30.526 [pool-6-thread-5] DEBUG c.h.p.o.d.PodServiceAccountResource - [helmpods] Desired PodServiceAccountResource (serviceAccountName: hivemq-platform-pod-test-hivemq-platform)
2025-01-29 13:58:30,527 INFO c.h.h.t.HelmChartContainer - [hivemq-test-hivemq-platform] [hivemq-platform-operator] [218eabbf] 13:58:30.526 [pool-6-thread-1] DEBUG c.h.p.o.dependants.PodInfoConfigMap - [helmpods] Desired PodInfo ConfigMap (metrics port: 9399) (metrics path: /)
2025-01-29 13:58:30,528 INFO c.h.h.t.HelmChartContainer - [hivemq-test-hivemq-platform] [hivemq-platform-operator] [218eabbf] 13:58:30.527 [pool-6-thread-1] DEBUG c.h.p.o.dependants.PodInfoConfigMap - [helmpods] Desired PodInfo ConfigMap (extension state hash: 663704205)
2025-01-29 13:58:30,530 INFO c.h.h.t.HelmChartContainer - [hivemq-test-hivemq-platform] [hivemq-platform-operator] [218eabbf] 13:58:30.530 [pool-6-thread-1] DEBUG c.h.p.o.d.StatefulSetResource - [helmpods] Desired StatefulSet (1 replicas) for status RESTART_EXTENSIONS (WAIT_FOR_EXTENSION_RESTART)
2025-01-29 13:58:30,534 INFO c.h.h.t.HelmChartContainer - [hivemq-test-hivemq-platform] [hivemq-platform-operator] [218eabbf] 13:58:30.534 [ReconcilerExecutor-hivemq-controller-124] INFO  c.h.p.o.HiveMQPlatformReconciler - [helmpods] Reconciling HiveMQ Platform 'test-hivemq-platform' in namespace 'helmpodsecuritycontextupgradeextensionit'
2025-01-29 13:58:30,535 INFO c.h.h.t.HelmChartContainer - [hivemq-test-hivemq-platform] [hivemq-platform-operator] [218eabbf] 13:58:30.534 [ReconcilerExecutor-hivemq-controller-124] DEBUG c.h.p.o.HiveMQPlatformReconciler - [helmpods] Custom Resource Status RESTART_EXTENSIONS - HiveMQ Platform is waiting for extension restart (hivemq-distributed-tracing-extension) (WAIT_FOR_EXTENSION_RESTART)
2025-01-29 13:58:30,535 INFO c.h.h.t.HelmChartContainer - [hivemq-test-hivemq-platform] [hivemq-platform-operator] [218eabbf] 13:58:30.534 [ReconcilerExecutor-hivemq-controller-124] DEBUG c.h.p.o.HiveMQPlatformReconciler - [helmpods] Custom Resource Spec (replicas: 1) (extensions: 1)
2025-01-29 13:58:30,539 INFO c.h.h.t.HelmChartContainer - [hivemq-test-hivemq-platform] [hivemq-platform-operator] [218eabbf] 13:58:30.536 [ReconcilerExecutor-hivemq-controller-124] DEBUG c.h.p.o.HiveMQPlatformReconciler - [helmpods] StatefulSet Status (revision: test-hivemq-platform-6778d7488d, replicas: 1, available: 1, ready: 1, current: 1, updated: 1)
2025-01-29 13:58:30,539 INFO c.h.h.t.HelmChartContainer - [hivemq-test-hivemq-platform] [hivemq-platform-operator] [218eabbf] 13:58:30.536 [ReconcilerExecutor-hivemq-controller-124] DEBUG c.h.p.o.HiveMQPlatformReconciler - [helmpods] StatefulSet Spec (replicas: 1, init containers: 1, containers: 1, volumes: 4)
2025-01-29 13:58:30,539 INFO c.h.h.t.HelmChartContainer - [hivemq-test-hivemq-platform] [hivemq-platform-operator] [218eabbf] 13:58:30.537 [ReconcilerExecutor-hivemq-controller-124] DEBUG c.h.p.o.h.HiveMQPlatformReconcilerErrorHandler - [helmpods] Pod 'test-hivemq-platform-0' phase Running
2025-01-29 13:58:30,539 INFO c.h.h.t.HelmChartContainer - [hivemq-test-hivemq-platform] [hivemq-platform-operator] [218eabbf] 13:58:30.538 [ReconcilerExecutor-hivemq-controller-124] INFO  c.h.p.o.h.HiveMQPlatformReconcilerRestartExtensionsHandler - [helmpods] Extension update on Pod 'test-hivemq-platform-0' is still pending
2025-01-29 13:58:31,003 INFO c.h.h.t.HelmChartContainer - [test-hivemq-platform] [hivemq] [aee7645b] INFO  - [HiveMQ Platform Operator Init App 1.7.0-SNAPSHOT] Waiting for extension ConfigMap sync (expected hash: 663704205) (current hash: -24870933)
2025-01-29 13:58:32,004 INFO c.h.h.t.HelmChartContainer - [test-hivemq-platform] [hivemq] [aee7645b] INFO  - [HiveMQ Platform Operator Init App 1.7.0-SNAPSHOT] Waiting for extension ConfigMap sync (expected hash: 663704205) (current hash: -24870933)
2025-01-29 13:58:33,004 INFO c.h.h.t.HelmChartContainer - [test-hivemq-platform] [hivemq] [aee7645b] INFO  - [HiveMQ Platform Operator Init App 1.7.0-SNAPSHOT] Waiting for extension ConfigMap sync (expected hash: 663704205) (current hash: -24870933)
2025-01-29 13:58:34,005 INFO c.h.h.t.HelmChartContainer - [test-hivemq-platform] [hivemq] [aee7645b] INFO  - [HiveMQ Platform Operator Init App 1.7.0-SNAPSHOT] Waiting for extension ConfigMap sync (expected hash: 663704205) (current hash: -24870933)
2025-01-29 13:58:35,005 INFO c.h.h.t.HelmChartContainer - [test-hivemq-platform] [hivemq] [aee7645b] INFO  - [HiveMQ Platform Operator Init App 1.7.0-SNAPSHOT] Waiting for extension ConfigMap sync (expected hash: 663704205) (current hash: -24870933)
2025-01-29 13:58:36,006 INFO c.h.h.t.HelmChartContainer - [test-hivemq-platform] [hivemq] [aee7645b] INFO  - [HiveMQ Platform Operator Init App 1.7.0-SNAPSHOT] Waiting for extension ConfigMap sync (expected hash: 663704205) (current hash: -24870933)
2025-01-29 13:58:37,006 INFO c.h.h.t.HelmChartContainer - [test-hivemq-platform] [hivemq] [aee7645b] INFO  - [HiveMQ Platform Operator Init App 1.7.0-SNAPSHOT] Waiting for extension ConfigMap sync (expected hash: 663704205) (current hash: -24870933)
2025-01-29 13:58:38,007 INFO c.h.h.t.HelmChartContainer - [test-hivemq-platform] [hivemq] [aee7645b] INFO  - [HiveMQ Platform Operator Init App 1.7.0-SNAPSHOT] Waiting for extension ConfigMap sync (expected hash: 663704205) (current hash: -24870933)
2025-01-29 13:58:39,007 INFO c.h.h.t.HelmChartContainer - [test-hivemq-platform] [hivemq] [aee7645b] INFO  - [HiveMQ Platform Operator Init App 1.7.0-SNAPSHOT] Waiting for extension ConfigMap sync (expected hash: 663704205) (current hash: -24870933)
2025-01-29 13:58:40,007 INFO c.h.h.t.HelmChartContainer - [test-hivemq-platform] [hivemq] [aee7645b] INFO  - [HiveMQ Platform Operator Init App 1.7.0-SNAPSHOT] Waiting for extension ConfigMap sync (expected hash: 663704205) (current hash: -24870933)
2025-01-29 13:58:40,543 INFO c.h.h.t.HelmChartContainer - [hivemq-test-hivemq-platform] [hivemq-platform-operator] [218eabbf] 13:58:40.541 [pool-6-thread-18] DEBUG c.h.p.o.d.PlatformServiceResource - [helmpods] Desired Platform services (3 services)
2025-01-29 13:58:40,543 INFO c.h.h.t.HelmChartContainer - [hivemq-test-hivemq-platform] [hivemq-platform-operator] [218eabbf] 13:58:40.541 [pool-6-thread-20] DEBUG c.h.p.o.d.PodServiceAccountResource - [helmpods] Desired PodServiceAccountResource (serviceAccountName: hivemq-platform-pod-test-hivemq-platform)
2025-01-29 13:58:40,544 INFO c.h.h.t.HelmChartContainer - [hivemq-test-hivemq-platform] [hivemq-platform-operator] [218eabbf] 13:58:40.543 [pool-6-thread-12] DEBUG c.h.p.o.dependants.PodInfoConfigMap - [helmpods] Desired PodInfo ConfigMap (1 extensions) (1 enabled)
2025-01-29 13:58:40,545 INFO c.h.h.t.HelmChartContainer - [hivemq-test-hivemq-platform] [hivemq-platform-operator] [218eabbf] 13:58:40.543 [pool-6-thread-12] DEBUG c.h.p.o.dependants.PodInfoConfigMap - [helmpods] Desired PodInfo ConfigMap (metrics port: 9399) (metrics path: /)
2025-01-29 13:58:40,545 INFO c.h.h.t.HelmChartContainer - [hivemq-test-hivemq-platform] [hivemq-platform-operator] [218eabbf] 13:58:40.544 [pool-6-thread-12] DEBUG c.h.p.o.dependants.PodInfoConfigMap - [helmpods] Desired PodInfo ConfigMap (extension state hash: 663704205)
2025-01-29 13:58:40,547 INFO c.h.h.t.HelmChartContainer - [hivemq-test-hivemq-platform] [hivemq-platform-operator] [218eabbf] 13:58:40.547 [pool-6-thread-18] DEBUG c.h.p.o.d.StatefulSetResource - [helmpods] Desired StatefulSet (1 replicas) for status RESTART_EXTENSIONS (WAIT_FOR_EXTENSION_RESTART)
2025-01-29 13:58:40,550 INFO c.h.h.t.HelmChartContainer - [hivemq-test-hivemq-platform] [hivemq-platform-operator] [218eabbf] 13:58:40.549 [ReconcilerExecutor-hivemq-controller-125] INFO  c.h.p.o.HiveMQPlatformReconciler - [helmpods] Reconciling HiveMQ Platform 'test-hivemq-platform' in namespace 'helmpodsecuritycontextupgradeextensionit'
2025-01-29 13:58:40,551 INFO c.h.h.t.HelmChartContainer - [hivemq-test-hivemq-platform] [hivemq-platform-operator] [218eabbf] 13:58:40.550 [ReconcilerExecutor-hivemq-controller-125] DEBUG c.h.p.o.HiveMQPlatformReconciler - [helmpods] Custom Resource Status RESTART_EXTENSIONS - HiveMQ Platform is waiting for extension restart (hivemq-distributed-tracing-extension) (WAIT_FOR_EXTENSION_RESTART)
2025-01-29 13:58:40,551 INFO c.h.h.t.HelmChartContainer - [hivemq-test-hivemq-platform] [hivemq-platform-operator] [218eabbf] 13:58:40.550 [ReconcilerExecutor-hivemq-controller-125] DEBUG c.h.p.o.HiveMQPlatformReconciler - [helmpods] Custom Resource Spec (replicas: 1) (extensions: 1)
2025-01-29 13:58:40,552 INFO c.h.h.t.HelmChartContainer - [hivemq-test-hivemq-platform] [hivemq-platform-operator] [218eabbf] 13:58:40.551 [ReconcilerExecutor-hivemq-controller-125] DEBUG c.h.p.o.HiveMQPlatformReconciler - [helmpods] StatefulSet Status (revision: test-hivemq-platform-6778d7488d, replicas: 1, available: 1, ready: 1, current: 1, updated: 1)
2025-01-29 13:58:40,552 INFO c.h.h.t.HelmChartContainer - [hivemq-test-hivemq-platform] [hivemq-platform-operator] [218eabbf] 13:58:40.551 [ReconcilerExecutor-hivemq-controller-125] DEBUG c.h.p.o.HiveMQPlatformReconciler - [helmpods] StatefulSet Spec (replicas: 1, init containers: 1, containers: 1, volumes: 4)
2025-01-29 13:58:40,553 INFO c.h.h.t.HelmChartContainer - [hivemq-test-hivemq-platform] [hivemq-platform-operator] [218eabbf] 13:58:40.552 [ReconcilerExecutor-hivemq-controller-125] DEBUG c.h.p.o.h.HiveMQPlatformReconcilerErrorHandler - [helmpods] Pod 'test-hivemq-platform-0' phase Running
2025-01-29 13:58:40,559 INFO c.h.h.t.HelmChartContainer - [hivemq-test-hivemq-platform] [hivemq-platform-operator] [218eabbf] 13:58:40.558 [ReconcilerExecutor-hivemq-controller-125] DEBUG c.h.p.o.h.HiveMQPlatformReconcilerRestartExtensionsHandler - [helmpods] Checking update extension status on Pod 'test-hivemq-platform-0'
2025-01-29 13:58:40,649 INFO c.h.h.t.HelmChartContainer - [test-hivemq-platform] [hivemq] [aee7645b] INFO  - [HiveMQ Platform Operator Init App 1.7.0-SNAPSHOT] Extension update is pending (0 errors)
2025-01-29 13:58:40,652 INFO c.h.h.t.HelmChartContainer - [hivemq-test-hivemq-platform] [hivemq-platform-operator] [218eabbf] 13:58:40.651 [vert.x-eventloop-thread-0] DEBUG c.h.platform.operator.util.PodUtil - Received status for command '[curl, -s, http://10.42.0.8:7979/updateExtensionStatus]' on Pod 'test-hivemq-platform-0' (exit code: 0)
2025-01-29 13:58:41,008 INFO c.h.h.t.HelmChartContainer - [test-hivemq-platform] [hivemq] [aee7645b] INFO  - [HiveMQ Platform Operator Init App 1.7.0-SNAPSHOT] Waiting for extension ConfigMap sync (expected hash: 663704205) (current hash: -24870933)
2025-01-29 13:58:41,630 INFO c.h.h.t.HelmChartContainer - [hivemq-test-hivemq-platform] [hivemq-platform-operator] [218eabbf] 13:58:41.628 [pool-6-thread-21] DEBUG c.h.p.o.d.PlatformServiceResource - [helmpods] Desired Platform services (3 services)
2025-01-29 13:58:41,630 INFO c.h.h.t.HelmChartContainer - [hivemq-test-hivemq-platform] [hivemq-platform-operator] [218eabbf] 13:58:41.628 [pool-6-thread-26] DEBUG c.h.p.o.d.PodServiceAccountResource - [helmpods] Desired PodServiceAccountResource (serviceAccountName: hivemq-platform-pod-test-hivemq-platform)
2025-01-29 13:58:41,632 INFO c.h.h.t.HelmChartContainer - [hivemq-test-hivemq-platform] [hivemq-platform-operator] [218eabbf] 13:58:41.628 [pool-6-thread-23] DEBUG c.h.p.o.dependants.PodInfoConfigMap - [helmpods] Desired PodInfo ConfigMap (1 extensions) (1 enabled)
2025-01-29 13:58:41,632 INFO c.h.h.t.HelmChartContainer - [hivemq-test-hivemq-platform] [hivemq-platform-operator] [218eabbf] 13:58:41.630 [pool-6-thread-23] DEBUG c.h.p.o.dependants.PodInfoConfigMap - [helmpods] Desired PodInfo ConfigMap (metrics port: 9399) (metrics path: /)
2025-01-29 13:58:41,633 INFO c.h.h.t.HelmChartContainer - [hivemq-test-hivemq-platform] [hivemq-platform-operator] [218eabbf] 13:58:41.630 [pool-6-thread-23] DEBUG c.h.p.o.dependants.PodInfoConfigMap - [helmpods] Desired PodInfo ConfigMap (extension state hash: 663704205)
2025-01-29 13:58:41,636 INFO c.h.h.t.HelmChartContainer - [hivemq-test-hivemq-platform] [hivemq-platform-operator] [218eabbf] 13:58:41.634 [pool-6-thread-21] DEBUG c.h.p.o.d.StatefulSetResource - [helmpods] Desired StatefulSet (1 replicas) for status RESTART_EXTENSIONS (WAIT_FOR_EXTENSION_RESTART)
2025-01-29 13:58:41,713 INFO c.h.h.t.HelmChartContainer - [hivemq-test-hivemq-platform] [hivemq-platform-operator] [218eabbf] 13:58:41.709 [ReconcilerExecutor-hivemq-controller-126] INFO  c.h.p.o.HiveMQPlatformReconciler - [helmpods] Reconciling HiveMQ Platform 'test-hivemq-platform' in namespace 'helmpodsecuritycontextupgradeextensionit'
2025-01-29 13:58:41,713 INFO c.h.h.t.HelmChartContainer - [hivemq-test-hivemq-platform] [hivemq-platform-operator] [218eabbf] 13:58:41.709 [ReconcilerExecutor-hivemq-controller-126] DEBUG c.h.p.o.HiveMQPlatformReconciler - [helmpods] Custom Resource Status RESTART_EXTENSIONS - HiveMQ Platform is waiting for extension restart (hivemq-distributed-tracing-extension) (WAIT_FOR_EXTENSION_RESTART)
2025-01-29 13:58:41,713 INFO c.h.h.t.HelmChartContainer - [hivemq-test-hivemq-platform] [hivemq-platform-operator] [218eabbf] 13:58:41.709 [ReconcilerExecutor-hivemq-controller-126] DEBUG c.h.p.o.HiveMQPlatformReconciler - [helmpods] Custom Resource Spec (replicas: 1) (extensions: 1)
2025-01-29 13:58:41,713 INFO c.h.h.t.HelmChartContainer - [hivemq-test-hivemq-platform] [hivemq-platform-operator] [218eabbf] 13:58:41.711 [ReconcilerExecutor-hivemq-controller-126] DEBUG c.h.p.o.HiveMQPlatformReconciler - [helmpods] StatefulSet Status (revision: test-hivemq-platform-6778d7488d, replicas: 1, available: 1, ready: 1, current: 1, updated: 1)
2025-01-29 13:58:41,713 INFO c.h.h.t.HelmChartContainer - [hivemq-test-hivemq-platform] [hivemq-platform-operator] [218eabbf] 13:58:41.711 [ReconcilerExecutor-hivemq-controller-126] DEBUG c.h.p.o.HiveMQPlatformReconciler - [helmpods] StatefulSet Spec (replicas: 1, init containers: 1, containers: 1, volumes: 4)
2025-01-29 13:58:41,713 INFO c.h.h.t.HelmChartContainer - [hivemq-test-hivemq-platform] [hivemq-platform-operator] [218eabbf] 13:58:41.712 [ReconcilerExecutor-hivemq-controller-126] DEBUG c.h.p.o.h.HiveMQPlatformReconcilerErrorHandler - [helmpods] Pod 'test-hivemq-platform-0' phase Running
2025-01-29 13:58:41,716 INFO c.h.h.t.HelmChartContainer - [hivemq-test-hivemq-platform] [hivemq-platform-operator] [218eabbf] 13:58:41.714 [ReconcilerExecutor-hivemq-controller-126] INFO  c.h.p.o.h.HiveMQPlatformReconcilerRestartExtensionsHandler - [helmpods] Extension update on Pod 'test-hivemq-platform-0' is still pending
2025-01-29 13:58:42,009 INFO c.h.h.t.HelmChartContainer - [test-hivemq-platform] [hivemq] [aee7645b] INFO  - [HiveMQ Platform Operator Init App 1.7.0-SNAPSHOT] Waiting for extension ConfigMap sync (expected hash: 663704205) (current hash: -24870933)
2025-01-29 13:58:43,009 INFO c.h.h.t.HelmChartContainer - [test-hivemq-platform] [hivemq] [aee7645b] INFO  - [HiveMQ Platform Operator Init App 1.7.0-SNAPSHOT] Waiting for extension ConfigMap sync (expected hash: 663704205) (current hash: -24870933)
2025-01-29 13:58:44,009 INFO c.h.h.t.HelmChartContainer - [test-hivemq-platform] [hivemq] [aee7645b] INFO  - [HiveMQ Platform Operator Init App 1.7.0-SNAPSHOT] Waiting for extension ConfigMap sync (expected hash: 663704205) (current hash: -24870933)
2025-01-29 13:58:45,010 INFO c.h.h.t.HelmChartContainer - [test-hivemq-platform] [hivemq] [aee7645b] INFO  - [HiveMQ Platform Operator Init App 1.7.0-SNAPSHOT] Waiting for extension ConfigMap sync (expected hash: 663704205) (current hash: -24870933)
2025-01-29 13:58:46,010 INFO c.h.h.t.HelmChartContainer - [test-hivemq-platform] [hivemq] [aee7645b] INFO  - [HiveMQ Platform Operator Init App 1.7.0-SNAPSHOT] Waiting for extension ConfigMap sync (expected hash: 663704205) (current hash: -24870933)
2025-01-29 13:58:47,011 INFO c.h.h.t.HelmChartContainer - [test-hivemq-platform] [hivemq] [aee7645b] INFO  - [HiveMQ Platform Operator Init App 1.7.0-SNAPSHOT] Waiting for extension ConfigMap sync (expected hash: 663704205) (current hash: -24870933)
2025-01-29 13:58:48,012 INFO c.h.h.t.HelmChartContainer - [test-hivemq-platform] [hivemq] [aee7645b] INFO  - [HiveMQ Platform Operator Init App 1.7.0-SNAPSHOT] Waiting for extension ConfigMap sync (expected hash: 663704205) (current hash: -24870933)
2025-01-29 13:58:49,012 INFO c.h.h.t.HelmChartContainer - [test-hivemq-platform] [hivemq] [aee7645b] INFO  - [HiveMQ Platform Operator Init App 1.7.0-SNAPSHOT] Waiting for extension ConfigMap sync (expected hash: 663704205) (current hash: 663704205)
2025-01-29 13:58:49,013 INFO c.h.h.t.HelmChartContainer - [test-hivemq-platform] [hivemq] [aee7645b] INFO  - [HiveMQ Platform Operator Init App 1.7.0-SNAPSHOT] Updating HiveMQ Platform extension: hivemq-distributed-tracing-extension
2025-01-29 13:58:49,013 INFO c.h.h.t.HelmChartContainer - [test-hivemq-platform] [hivemq] [aee7645b] INFO  - [HiveMQ Platform Operator Init App 1.7.0-SNAPSHOT] Updating preinstalled extension hivemq-distributed-tracing-extension
2025-01-29 13:58:49,188 INFO c.h.h.t.HelmChartContainer - [test-hivemq-platform] [hivemq] [aee7645b] INFO  - [HiveMQ Platform Operator Init App 1.7.0-SNAPSHOT] Successfully updated extension hivemq-distributed-tracing-extension
2025-01-29 13:58:51,720 INFO c.h.h.t.HelmChartContainer - [hivemq-test-hivemq-platform] [hivemq-platform-operator] [218eabbf] 13:58:51.717 [pool-6-thread-36] DEBUG c.h.p.o.d.PlatformServiceResource - [helmpods] Desired Platform services (3 services)
2025-01-29 13:58:51,720 INFO c.h.h.t.HelmChartContainer - [hivemq-test-hivemq-platform] [hivemq-platform-operator] [218eabbf] 13:58:51.717 [pool-6-thread-34] DEBUG c.h.p.o.d.PodServiceAccountResource - [helmpods] Desired PodServiceAccountResource (serviceAccountName: hivemq-platform-pod-test-hivemq-platform)
2025-01-29 13:58:51,720 INFO c.h.h.t.HelmChartContainer - [hivemq-test-hivemq-platform] [hivemq-platform-operator] [218eabbf] 13:58:51.718 [pool-6-thread-38] DEBUG c.h.p.o.dependants.PodInfoConfigMap - [helmpods] Desired PodInfo ConfigMap (1 extensions) (1 enabled)
2025-01-29 13:58:51,720 INFO c.h.h.t.HelmChartContainer - [hivemq-test-hivemq-platform] [hivemq-platform-operator] [218eabbf] 13:58:51.719 [pool-6-thread-38] DEBUG c.h.p.o.dependants.PodInfoConfigMap - [helmpods] Desired PodInfo ConfigMap (metrics port: 9399) (metrics path: /)
2025-01-29 13:58:51,720 INFO c.h.h.t.HelmChartContainer - [hivemq-test-hivemq-platform] [hivemq-platform-operator] [218eabbf] 13:58:51.719 [pool-6-thread-38] DEBUG c.h.p.o.dependants.PodInfoConfigMap - [helmpods] Desired PodInfo ConfigMap (extension state hash: 663704205)
2025-01-29 13:58:51,722 INFO c.h.h.t.HelmChartContainer - [hivemq-test-hivemq-platform] [hivemq-platform-operator] [218eabbf] 13:58:51.721 [pool-6-thread-36] DEBUG c.h.p.o.d.StatefulSetResource - [helmpods] Desired StatefulSet (1 replicas) for status RESTART_EXTENSIONS (WAIT_FOR_EXTENSION_RESTART)
2025-01-29 13:58:51,725 INFO c.h.h.t.HelmChartContainer - [hivemq-test-hivemq-platform] [hivemq-platform-operator] [218eabbf] 13:58:51.724 [ReconcilerExecutor-hivemq-controller-127] INFO  c.h.p.o.HiveMQPlatformReconciler - [helmpods] Reconciling HiveMQ Platform 'test-hivemq-platform' in namespace 'helmpodsecuritycontextupgradeextensionit'
2025-01-29 13:58:51,726 INFO c.h.h.t.HelmChartContainer - [hivemq-test-hivemq-platform] [hivemq-platform-operator] [218eabbf] 13:58:51.724 [ReconcilerExecutor-hivemq-controller-127] DEBUG c.h.p.o.HiveMQPlatformReconciler - [helmpods] Custom Resource Status RESTART_EXTENSIONS - HiveMQ Platform is waiting for extension restart (hivemq-distributed-tracing-extension) (WAIT_FOR_EXTENSION_RESTART)
2025-01-29 13:58:51,726 INFO c.h.h.t.HelmChartContainer - [hivemq-test-hivemq-platform] [hivemq-platform-operator] [218eabbf] 13:58:51.724 [ReconcilerExecutor-hivemq-controller-127] DEBUG c.h.p.o.HiveMQPlatformReconciler - [helmpods] Custom Resource Spec (replicas: 1) (extensions: 1)
2025-01-29 13:58:51,727 INFO c.h.h.t.HelmChartContainer - [hivemq-test-hivemq-platform] [hivemq-platform-operator] [218eabbf] 13:58:51.727 [ReconcilerExecutor-hivemq-controller-127] DEBUG c.h.p.o.HiveMQPlatformReconciler - [helmpods] StatefulSet Status (revision: test-hivemq-platform-6778d7488d, replicas: 1, available: 1, ready: 1, current: 1, updated: 1)
2025-01-29 13:58:51,727 INFO c.h.h.t.HelmChartContainer - [hivemq-test-hivemq-platform] [hivemq-platform-operator] [218eabbf] 13:58:51.727 [ReconcilerExecutor-hivemq-controller-127] DEBUG c.h.p.o.HiveMQPlatformReconciler - [helmpods] StatefulSet Spec (replicas: 1, init containers: 1, containers: 1, volumes: 4)
2025-01-29 13:58:51,729 INFO c.h.h.t.HelmChartContainer - [hivemq-test-hivemq-platform] [hivemq-platform-operator] [218eabbf] 13:58:51.728 [ReconcilerExecutor-hivemq-controller-127] DEBUG c.h.p.o.h.HiveMQPlatformReconcilerErrorHandler - [helmpods] Pod 'test-hivemq-platform-0' phase Running
2025-01-29 13:58:51,735 INFO c.h.h.t.HelmChartContainer - [hivemq-test-hivemq-platform] [hivemq-platform-operator] [218eabbf] 13:58:51.734 [ReconcilerExecutor-hivemq-controller-127] DEBUG c.h.p.o.h.HiveMQPlatformReconcilerRestartExtensionsHandler - [helmpods] Checking update extension status on Pod 'test-hivemq-platform-0'
2025-01-29 13:58:51,851 INFO c.h.h.t.HelmChartContainer - [test-hivemq-platform] [hivemq] [aee7645b] INFO  - [HiveMQ Platform Operator Init App 1.7.0-SNAPSHOT] Extension update is done (0 errors)
2025-01-29 13:58:51,909 INFO c.h.h.t.HelmChartContainer - [hivemq-test-hivemq-platform] [hivemq-platform-operator] [218eabbf] 13:58:51.908 [vert.x-eventloop-thread-1] DEBUG c.h.platform.operator.util.PodUtil - Received status for command '[curl, -s, http://10.42.0.8:7979/updateExtensionStatus]' on Pod 'test-hivemq-platform-0' (exit code: 0)
2025-01-29 13:58:52,502 INFO c.h.h.t.HelmChartContainer - [test-hivemq-platform] [hivemq] [aee7645b] INFO  - HiveMQ Enterprise Distributed Tracing Extension: Configured OTLP HTTP/protobuf exporter 'my-otlp-grpc-exporter'.
2025-01-29 13:58:52,507 INFO c.h.h.t.HelmChartContainer - [test-hivemq-platform] [hivemq] [aee7645b] INFO  - HiveMQ Enterprise Distributed Tracing Extension: Configured W3C trace propagation.
2025-01-29 13:58:52,508 INFO c.h.h.t.HelmChartContainer - [test-hivemq-platform] [hivemq] [aee7645b] INFO  - HiveMQ Enterprise Distributed Tracing Extension: Successfully updated configuration from '/opt/hivemq/extensions/hivemq-distributed-tracing-extension/conf/config.xml'.
2025-01-29 13:58:52,508 INFO c.h.h.testcontainer.LogWaiterUtil - TEST Found log pattern on 'test-hivemq-platform-0': .*HiveMQ Enterprise Distributed Tracing Extension: Successfully updated configuration from '/opt/hivemq/extensions/hivemq-distributed-tracing-extension/conf/config.xml'.
2025-01-29 13:58:52,831 INFO c.h.h.t.HelmChartContainer - [hivemq-test-hivemq-platform] [hivemq-platform-operator] [218eabbf] 13:58:52.828 [pool-6-thread-42] DEBUG c.h.p.o.d.PlatformServiceResource - [helmpods] Desired Platform services (3 services)
2025-01-29 13:58:52,831 INFO c.h.h.t.HelmChartContainer - [hivemq-test-hivemq-platform] [hivemq-platform-operator] [218eabbf] 13:58:52.828 [pool-6-thread-41] DEBUG c.h.p.o.dependants.PodInfoConfigMap - [helmpods] Desired PodInfo ConfigMap (1 extensions) (1 enabled)
2025-01-29 13:58:52,831 INFO c.h.h.t.HelmChartContainer - [hivemq-test-hivemq-platform] [hivemq-platform-operator] [218eabbf] 13:58:52.828 [pool-6-thread-41] DEBUG c.h.p.o.dependants.PodInfoConfigMap - [helmpods] Desired PodInfo ConfigMap (metrics port: 9399) (metrics path: /)
2025-01-29 13:58:52,831 INFO c.h.h.t.HelmChartContainer - [hivemq-test-hivemq-platform] [hivemq-platform-operator] [218eabbf] 13:58:52.828 [pool-6-thread-41] DEBUG c.h.p.o.dependants.PodInfoConfigMap - [helmpods] Desired PodInfo ConfigMap (extension state hash: 663704205)
2025-01-29 13:58:52,831 INFO c.h.h.t.HelmChartContainer - [hivemq-test-hivemq-platform] [hivemq-platform-operator] [218eabbf] 13:58:52.829 [pool-6-thread-44] DEBUG c.h.p.o.d.PodServiceAccountResource - [helmpods] Desired PodServiceAccountResource (serviceAccountName: hivemq-platform-pod-test-hivemq-platform)
2025-01-29 13:58:52,832 INFO c.h.h.t.HelmChartContainer - [hivemq-test-hivemq-platform] [hivemq-platform-operator] [218eabbf] 13:58:52.831 [pool-6-thread-42] DEBUG c.h.p.o.d.StatefulSetResource - [helmpods] Desired StatefulSet (1 replicas) for status RESTART_EXTENSIONS (WAIT_FOR_EXTENSION_RESTART)
2025-01-29 13:58:52,835 INFO c.h.h.t.HelmChartContainer - [hivemq-test-hivemq-platform] [hivemq-platform-operator] [218eabbf] 13:58:52.834 [ReconcilerExecutor-hivemq-controller-128] INFO  c.h.p.o.HiveMQPlatformReconciler - [helmpods] Reconciling HiveMQ Platform 'test-hivemq-platform' in namespace 'helmpodsecuritycontextupgradeextensionit'
2025-01-29 13:58:52,835 INFO c.h.h.t.HelmChartContainer - [hivemq-test-hivemq-platform] [hivemq-platform-operator] [218eabbf] 13:58:52.834 [ReconcilerExecutor-hivemq-controller-128] DEBUG c.h.p.o.HiveMQPlatformReconciler - [helmpods] Custom Resource Status RESTART_EXTENSIONS - HiveMQ Platform is waiting for extension restart (hivemq-distributed-tracing-extension) (WAIT_FOR_EXTENSION_RESTART)
2025-01-29 13:58:52,835 INFO c.h.h.t.HelmChartContainer - [hivemq-test-hivemq-platform] [hivemq-platform-operator] [218eabbf] 13:58:52.834 [ReconcilerExecutor-hivemq-controller-128] DEBUG c.h.p.o.HiveMQPlatformReconciler - [helmpods] Custom Resource Spec (replicas: 1) (extensions: 1)
2025-01-29 13:58:52,836 INFO c.h.h.t.HelmChartContainer - [hivemq-test-hivemq-platform] [hivemq-platform-operator] [218eabbf] 13:58:52.835 [ReconcilerExecutor-hivemq-controller-128] DEBUG c.h.p.o.HiveMQPlatformReconciler - [helmpods] StatefulSet Status (revision: test-hivemq-platform-6778d7488d, replicas: 1, available: 1, ready: 1, current: 1, updated: 1)
2025-01-29 13:58:52,836 INFO c.h.h.t.HelmChartContainer - [hivemq-test-hivemq-platform] [hivemq-platform-operator] [218eabbf] 13:58:52.835 [ReconcilerExecutor-hivemq-controller-128] DEBUG c.h.p.o.HiveMQPlatformReconciler - [helmpods] StatefulSet Spec (replicas: 1, init containers: 1, containers: 1, volumes: 4)
2025-01-29 13:58:52,837 INFO c.h.h.t.HelmChartContainer - [hivemq-test-hivemq-platform] [hivemq-platform-operator] [218eabbf] 13:58:52.836 [ReconcilerExecutor-hivemq-controller-128] DEBUG c.h.p.o.h.HiveMQPlatformReconcilerErrorHandler - [helmpods] Pod 'test-hivemq-platform-0' phase Running
2025-01-29 13:58:52,838 INFO c.h.h.t.HelmChartContainer - [hivemq-test-hivemq-platform] [hivemq-platform-operator] [218eabbf] 13:58:52.837 [ReconcilerExecutor-hivemq-controller-128] INFO  c.h.p.o.h.HiveMQPlatformReconcilerRestartExtensionsHandler - [helmpods] Successfully updated extensions on all Pods
2025-01-29 13:58:52,846 INFO c.h.h.t.HelmChartContainer - [EVENT] Normal [Ready] HiveMQ Platform is ready [helmpodsecuritycontextupgradeextensionit:test-hivemq-platform]
2025-01-29 13:58:52,846 INFO c.h.h.t.HelmChartContainer - [hivemq-test-hivemq-platform] [hivemq-platform-operator] [218eabbf] 13:58:52.846 [ReconcilerExecutor-hivemq-controller-128] DEBUG c.h.p.operator.event.EventSender - [helmpods] Updating K8s event hivemq-platform-ready: [Ready] HiveMQ Platform is ready
2025-01-29 13:58:52,847 INFO c.h.h.t.HelmChartContainer - [hivemq-test-hivemq-platform] [hivemq-platform-operator] [218eabbf] 13:58:52.846 [ReconcilerExecutor-hivemq-controller-128] INFO  c.h.p.o.h.AbstractHiveMQReconcilerStateHandler - [helmpods] Update HiveMQ Platform Status (RESTART_EXTENSIONS [WAIT_FOR_EXTENSION_RESTART] -> RUNNING [READY]): HiveMQ Platform is ready
2025-01-29 13:58:52,854 DEBUG com.hivemq.helmcharts.util.K8sUtil - Comparing actual state 'RUNNING' and waiting for 'RUNNING'
2025-01-29 13:58:54,857 INFO c.h.h.t.HelmChartContainer - Uninstalling release 'test-hivemq-platform' in namespace 'helmpodsecuritycontextupgradeextensionit'...
2025-01-29 13:58:54,857 DEBUG c.h.h.t.HelmChartContainer - Executing helm command: /bin/helm --kubeconfig /etc/rancher/k3s/k3s.yaml uninstall test-hivemq-platform  --wait --timeout 5m0s --cascade foreground --namespace helmpodsecuritycontextupgradeextensionit
2025-01-29 13:58:55,052 INFO c.h.h.t.HelmChartContainer - [hivemq-test-hivemq-platform] [hivemq-platform-operator] [218eabbf] 13:58:55.040 [pool-6-thread-6] DEBUG c.h.p.o.d.PlatformServiceResource - [helmpods] Desired Platform services (3 services)
2025-01-29 13:58:55,052 INFO c.h.h.t.HelmChartContainer - [hivemq-test-hivemq-platform] [hivemq-platform-operator] [218eabbf] 13:58:55.042 [pool-6-thread-8] DEBUG c.h.p.o.d.PodServiceAccountResource - [helmpods] Desired PodServiceAccountResource (serviceAccountName: hivemq-platform-pod-test-hivemq-platform)
2025-01-29 13:58:55,052 INFO c.h.h.t.HelmChartContainer - [hivemq-test-hivemq-platform] [hivemq-platform-operator] [218eabbf] 13:58:55.044 [pool-6-thread-2] DEBUG c.h.p.o.dependants.PodInfoConfigMap - [helmpods] Desired PodInfo ConfigMap (1 extensions) (1 enabled)
2025-01-29 13:58:55,052 INFO c.h.h.t.HelmChartContainer - [hivemq-test-hivemq-platform] [hivemq-platform-operator] [218eabbf] 13:58:55.044 [pool-6-thread-2] DEBUG c.h.p.o.dependants.PodInfoConfigMap - [helmpods] Desired PodInfo ConfigMap (metrics port: 9399) (metrics path: /)
2025-01-29 13:58:55,052 INFO c.h.h.t.HelmChartContainer - [hivemq-test-hivemq-platform] [hivemq-platform-operator] [218eabbf] 13:58:55.044 [pool-6-thread-2] DEBUG c.h.p.o.dependants.PodInfoConfigMap - [helmpods] Desired PodInfo ConfigMap (extension state hash: 663704205)
2025-01-29 13:58:55,052 INFO c.h.h.t.HelmChartContainer - [hivemq-test-hivemq-platform] [hivemq-platform-operator] [218eabbf] 13:58:55.045 [pool-6-thread-2] DEBUG c.h.p.o.dependants.PodInfoConfigMap - [helmpods] Update PodInfo ConfigMap
2025-01-29 13:58:55,062 INFO c.h.h.t.HelmChartContainer - [hivemq-test-hivemq-platform] [hivemq-platform-operator] [218eabbf] 13:58:55.060 [pool-6-thread-2] DEBUG c.h.p.o.d.StatefulSetResource - [helmpods] Desired StatefulSet (1 replicas) for status RUNNING (READY)
2025-01-29 13:58:55,116 INFO c.h.h.t.HelmChartContainer - [hivemq-test-hivemq-platform] [hivemq-platform-operator] [218eabbf] 13:58:55.113 [ReconcilerExecutor-hivemq-controller-129] INFO  c.h.p.o.HiveMQPlatformReconciler - [helmpods] Reconciling HiveMQ Platform 'test-hivemq-platform' in namespace 'helmpodsecuritycontextupgradeextensionit'
2025-01-29 13:58:55,116 INFO c.h.h.t.HelmChartContainer - [hivemq-test-hivemq-platform] [hivemq-platform-operator] [218eabbf] 13:58:55.113 [ReconcilerExecutor-hivemq-controller-129] DEBUG c.h.p.o.HiveMQPlatformReconciler - [helmpods] Custom Resource Status RUNNING - HiveMQ Platform is ready (READY)
2025-01-29 13:58:55,116 INFO c.h.h.t.HelmChartContainer - [hivemq-test-hivemq-platform] [hivemq-platform-operator] [218eabbf] 13:58:55.113 [ReconcilerExecutor-hivemq-controller-129] DEBUG c.h.p.o.HiveMQPlatformReconciler - [helmpods] Custom Resource Spec (replicas: 1) (extensions: 1)
2025-01-29 13:58:55,116 INFO c.h.h.t.HelmChartContainer - [hivemq-test-hivemq-platform] [hivemq-platform-operator] [218eabbf] 13:58:55.115 [ReconcilerExecutor-hivemq-controller-129] DEBUG c.h.p.o.HiveMQPlatformReconciler - [helmpods] StatefulSet Status (revision: test-hivemq-platform-6778d7488d, replicas: 1, available: 1, ready: 1, current: 1, updated: 1)
2025-01-29 13:58:55,116 INFO c.h.h.t.HelmChartContainer - [hivemq-test-hivemq-platform] [hivemq-platform-operator] [218eabbf] 13:58:55.115 [ReconcilerExecutor-hivemq-controller-129] DEBUG c.h.p.o.HiveMQPlatformReconciler - [helmpods] StatefulSet Spec (replicas: 1, init containers: 1, containers: 1, volumes: 4)
2025-01-29 13:58:55,118 INFO c.h.h.t.HelmChartContainer - [hivemq-test-hivemq-platform] [hivemq-platform-operator] [218eabbf] 13:58:55.116 [ReconcilerExecutor-hivemq-controller-129] DEBUG c.h.p.o.h.HiveMQPlatformReconcilerErrorHandler - [helmpods] Pod 'test-hivemq-platform-0' phase Running
2025-01-29 13:58:55,122 INFO c.h.h.t.HelmChartContainer - [hivemq-test-hivemq-platform] [hivemq-platform-operator] [218eabbf] 13:58:55.121 [ReconcilerExecutor-hivemq-controller-136] INFO  c.h.p.o.HiveMQPlatformReconciler - [helmpods] Cleanup test-hivemq-platform - helmpodsecuritycontextupgradeextensionit HiveMQ Platform is shut down
2025-01-29 13:58:55,946 INFO c.h.h.t.HelmChartContainer - [POD] test-hivemq-platform-0 [aee7645b-e1c5-4397-8a9b-64081c6c9f6a] in helmpodsecuritycontextupgradeextensionit was MODIFIED
2025-01-29 13:58:55,949 INFO c.h.h.t.HelmChartContainer - [EVENT] Normal [Killing] Stopping container hivemq [helmpodsecuritycontextupgradeextensionit:test-hivemq-platform-0]
2025-01-29 13:58:55,949 INFO c.h.h.t.HelmChartContainer - Received Killing event for container hivemq in pod test-hivemq-platform-0 [aee7645b-e1c5-4397-8a9b-64081c6c9f6a]
2025-01-29 13:58:55,949 INFO c.h.h.t.HelmChartContainer - Container [test-hivemq-platform-0] [hivemq] [aee7645b-e1c5-4397-8a9b-64081c6c9f6a] was terminated
2025-01-29 13:58:55,949 INFO c.h.h.t.HelmChartContainer - Stopped log watcher for hivemq in pod test-hivemq-platform-0 [aee7645b-e1c5-4397-8a9b-64081c6c9f6a]
2025-01-29 13:58:55,954 INFO c.h.h.t.HelmChartContainer - [test-hivemq-platform] [hivemq] [aee7645b] INFO  - [HiveMQ Platform Operator Init App 1.7.0-SNAPSHOT] Shutting down
2025-01-29 13:58:55,954 INFO c.h.h.t.HelmChartContainer - [test-hivemq-platform] [hivemq] [aee7645b] INFO  - [HiveMQ Platform Operator Init App 1.7.0-SNAPSHOT] Stopping the HiveMQ Platform
2025-01-29 13:58:55,996 INFO c.h.h.t.HelmChartContainer - [test-hivemq-platform] [hivemq] [aee7645b] INFO  - Shutting down HiveMQ. Please wait, this could take a while...
2025-01-29 13:58:56,082 INFO c.h.h.t.HelmChartContainer - [test-hivemq-platform] [hivemq] [aee7645b] INFO  - Shutting down listeners and clients
2025-01-29 13:58:56,084 INFO c.h.h.t.HelmChartContainer - [test-hivemq-platform] [hivemq] [aee7645b] INFO  - Shutdown of listeners is done
2025-01-29 13:58:56,084 INFO c.h.h.t.HelmChartContainer - [test-hivemq-platform] [hivemq] [aee7645b] INFO  - No clients are connected, proceeding with shutdown
2025-01-29 13:58:57,095 INFO c.h.h.t.HelmChartContainer - Deleting namespace 'helmpodsecuritycontextupgradeextensionit'...
2025-01-29 13:58:57,998 INFO c.h.h.t.HelmChartContainer - [test-hivemq-platform] [hivemq] [aee7645b] INFO  - [HiveMQ Platform Operator Init App 1.7.0-SNAPSHOT] Returning shutdown Health API response 503 for readiness
2025-01-29 13:58:58,002 INFO c.h.h.t.HelmChartContainer - [EVENT] Warning [Unhealthy] Readiness probe failed: HTTP probe failed with statuscode: 503 [helmpodsecuritycontextupgradeextensionit:test-hivemq-platform-0]
2025-01-29 13:58:58,002 INFO c.h.h.t.HelmChartContainer - Received Unhealthy event for container hivemq in pod test-hivemq-platform-0 [aee7645b-e1c5-4397-8a9b-64081c6c9f6a]
2025-01-29 13:58:58,515 INFO c.h.h.t.HelmChartContainer - [test-hivemq-platform] [hivemq] [aee7645b] WARN  - [HiveMQ Platform Operator Init App 1.7.0-SNAPSHOT] Could not update Pod annotations: Failure executing: GET at: https://10.43.0.1:443/api/v1/namespaces/helmpodsecuritycontextupgradeextensionit/pods/test-hivemq-platform-0. Message: pods "test-hivemq-platform-0" is forbidden: User "system:serviceaccount:helmpodsecuritycontextupgradeextensionit:hivemq-platform-pod-test-hivemq-platform" cannot get resource "pods" in API group "" in the namespace "helmpodsecuritycontextupgradeextensionit". Received status: Status(apiVersion=v1, code=403, details=StatusDetails(causes=[], group=null, kind=pods, name=test-hivemq-platform-0, retryAfterSeconds=null, uid=null, additionalProperties={}), kind=Status, message=pods "test-hivemq-platform-0" is forbidden: User "system:serviceaccount:helmpodsecuritycontextupgradeextensionit:hivemq-platform-pod-test-hivemq-platform" cannot get resource "pods" in API group "" in the namespace "helmpodsecuritycontextupgradeextensionit", metadata=ListMeta(_continue=null, remainingItemCount=null, resourceVersion=null, selfLink=null, additionalProperties={}), reason=Forbidden, status=Failure, additionalProperties={}).
2025-01-29 13:58:59,395 INFO c.h.h.t.HelmChartContainer - [test-hivemq-platform] [hivemq] [aee7645b] INFO  - Shutting down extension system
2025-01-29 13:58:59,398 INFO c.h.h.t.HelmChartContainer - [test-hivemq-platform] [hivemq] [aee7645b] INFO  - Stopping extension with id hivemq-dns-cluster-discovery
2025-01-29 13:58:59,399 INFO c.h.h.t.HelmChartContainer - [test-hivemq-platform] [hivemq] [aee7645b] INFO  - Extension "DNS Cluster Discovery Extension" version 4.3.2 stopped successfully.
2025-01-29 13:58:59,399 INFO c.h.h.t.HelmChartContainer - [test-hivemq-platform] [hivemq] [aee7645b] INFO  - Stopping extension with id hivemq-distributed-tracing-extension
2025-01-29 13:58:59,400 INFO c.h.h.t.HelmChartContainer - [test-hivemq-platform] [hivemq] [aee7645b] INFO  - Extension "HiveMQ Enterprise Distributed Tracing Extension" version 4.36.0 stopped successfully.
2025-01-29 13:58:59,401 INFO c.h.h.t.HelmChartContainer - [test-hivemq-platform] [hivemq] [aee7645b] INFO  - Stopping extension with id hivemq-prometheus-extension
2025-01-29 13:58:59,405 INFO c.h.h.t.HelmChartContainer - [test-hivemq-platform] [hivemq] [aee7645b] INFO  - Extension "Prometheus Monitoring Extension" version 4.0.12 stopped successfully.
2025-01-29 13:58:59,405 INFO c.h.h.t.HelmChartContainer - [test-hivemq-platform] [hivemq] [aee7645b] INFO  - Stopping extension with id hivemq-allow-all-extension
2025-01-29 13:58:59,405 INFO c.h.h.t.HelmChartContainer - [test-hivemq-platform] [hivemq] [aee7645b] INFO  - Extension "Allow All Extension" version 1.1.1 stopped successfully.
2025-01-29 13:59:01,685 INFO c.h.h.t.HelmChartContainer - [test-hivemq-platform] [hivemq] [aee7645b] INFO  - Shutdown completed.
2025-01-29 13:59:02,048 INFO c.h.h.t.HelmChartContainer - [test-hivemq-platform] [hivemq] [aee7645b] INFO  - [HiveMQ Platform Operator Init App 1.7.0-SNAPSHOT] The HiveMQ Platform exited with code 143
2025-01-29 13:59:02,048 INFO c.h.h.t.HelmChartContainer - [test-hivemq-platform] [hivemq] [aee7645b] INFO  - [HiveMQ Platform Operator Init App 1.7.0-SNAPSHOT] Stopping the REST API
2025-01-29 13:59:02,082 INFO c.h.h.t.HelmChartContainer - [test-hivemq-platform] [hivemq] [aee7645b] INFO  - [HiveMQ Platform Operator Init App 1.7.0-SNAPSHOT] Shutdown complete
2025-01-29 13:59:02,218 INFO c.h.h.t.HelmChartContainer - [K3S] [stateful_set.go:466] "StatefulSet has been deleted" key="helmpodsecuritycontextupgradeextensionit/test-hivemq-platform"
2025-01-29 13:59:02,561 INFO c.h.h.t.HelmChartContainer - [POD] test-hivemq-platform-0 [aee7645b-e1c5-4397-8a9b-64081c6c9f6a] in helmpodsecuritycontextupgradeextensionit was MODIFIED
2025-01-29 13:59:02,648 INFO c.h.h.t.HelmChartContainer - [K3S] [reconciler_common.go:162] "operationExecutor.UnmountVolume started for volume \"extension-configuration-hivemq-distributed-tracing-extension\" (UniqueName: \"kubernetes.io/configmap/aee7645b-e1c5-4397-8a9b-64081c6c9f6a-extension-configuration-hivemq-distributed-tracing-extension\") pod \"aee7645b-e1c5-4397-8a9b-64081c6c9f6a\" (UID: \"aee7645b-e1c5-4397-8a9b-64081c6c9f6a\") "
2025-01-29 13:59:02,649 INFO c.h.h.t.HelmChartContainer - [K3S] [reconciler_common.go:162] "operationExecutor.UnmountVolume started for volume \"broker-configuration\" (UniqueName: \"kubernetes.io/configmap/aee7645b-e1c5-4397-8a9b-64081c6c9f6a-broker-configuration\") pod \"aee7645b-e1c5-4397-8a9b-64081c6c9f6a\" (UID: \"aee7645b-e1c5-4397-8a9b-64081c6c9f6a\") "
2025-01-29 13:59:02,649 INFO c.h.h.t.HelmChartContainer - [K3S] [reconciler_common.go:162] "operationExecutor.UnmountVolume started for volume \"kube-api-access-pkzc4\" (UniqueName: \"kubernetes.io/projected/aee7645b-e1c5-4397-8a9b-64081c6c9f6a-kube-api-access-pkzc4\") pod \"aee7645b-e1c5-4397-8a9b-64081c6c9f6a\" (UID: \"aee7645b-e1c5-4397-8a9b-64081c6c9f6a\") "
2025-01-29 13:59:02,649 INFO c.h.h.t.HelmChartContainer - [K3S] [reconciler_common.go:162] "operationExecutor.UnmountVolume started for volume \"operator-init\" (UniqueName: \"kubernetes.io/empty-dir/aee7645b-e1c5-4397-8a9b-64081c6c9f6a-operator-init\") pod \"aee7645b-e1c5-4397-8a9b-64081c6c9f6a\" (UID: \"aee7645b-e1c5-4397-8a9b-64081c6c9f6a\") "
2025-01-29 13:59:02,649 INFO c.h.h.t.HelmChartContainer - [K3S] [reconciler_common.go:162] "operationExecutor.UnmountVolume started for volume \"pod-info\" (UniqueName: \"kubernetes.io/configmap/aee7645b-e1c5-4397-8a9b-64081c6c9f6a-pod-info\") pod \"aee7645b-e1c5-4397-8a9b-64081c6c9f6a\" (UID: \"aee7645b-e1c5-4397-8a9b-64081c6c9f6a\") "
2025-01-29 13:59:02,749 INFO c.h.h.t.HelmChartContainer - [K3S] [reconciler_common.go:299] "Volume detached for volume \"operator-init\" (UniqueName: \"kubernetes.io/empty-dir/aee7645b-e1c5-4397-8a9b-64081c6c9f6a-operator-init\") on node \"9f0aeb600ff7\" DevicePath \"\""
2025-01-29 13:59:02,749 INFO c.h.h.t.HelmChartContainer - [K3S] [reconciler_common.go:299] "Volume detached for volume \"pod-info\" (UniqueName: \"kubernetes.io/configmap/aee7645b-e1c5-4397-8a9b-64081c6c9f6a-pod-info\") on node \"9f0aeb600ff7\" DevicePath \"\""
2025-01-29 13:59:02,749 INFO c.h.h.t.HelmChartContainer - [K3S] [reconciler_common.go:299] "Volume detached for volume \"extension-configuration-hivemq-distributed-tracing-extension\" (UniqueName: \"kubernetes.io/configmap/aee7645b-e1c5-4397-8a9b-64081c6c9f6a-extension-configuration-hivemq-distributed-tracing-extension\") on node \"9f0aeb600ff7\" DevicePath \"\""
2025-01-29 13:59:02,749 INFO c.h.h.t.HelmChartContainer - [K3S] [reconciler_common.go:299] "Volume detached for volume \"broker-configuration\" (UniqueName: \"kubernetes.io/configmap/aee7645b-e1c5-4397-8a9b-64081c6c9f6a-broker-configuration\") on node \"9f0aeb600ff7\" DevicePath \"\""
2025-01-29 13:59:02,749 INFO c.h.h.t.HelmChartContainer - [K3S] [reconciler_common.go:299] "Volume detached for volume \"kube-api-access-pkzc4\" (UniqueName: \"kubernetes.io/projected/aee7645b-e1c5-4397-8a9b-64081c6c9f6a-kube-api-access-pkzc4\") on node \"9f0aeb600ff7\" DevicePath \"\""
2025-01-29 13:59:03,384 INFO c.h.h.t.HelmChartContainer - [K3S] [scope.go:117] "RemoveContainer" containerID="e0caa66ddde5ad04bb8b468e8053cb7c7e80d2aa805a36528dea3dc7b54a3fcc"
2025-01-29 13:59:03,404 INFO c.h.h.t.HelmChartContainer - [POD] test-hivemq-platform-0 [aee7645b-e1c5-4397-8a9b-64081c6c9f6a] in helmpodsecuritycontextupgradeextensionit was MODIFIED
2025-01-29 13:59:03,405 INFO c.h.h.t.HelmChartContainer - [POD] test-hivemq-platform-0 [aee7645b-e1c5-4397-8a9b-64081c6c9f6a] in helmpodsecuritycontextupgradeextensionit was DELETED
2025-01-29 13:59:03,482 INFO c.h.h.t.HelmChartContainer - [K3S] [scope.go:117] "RemoveContainer" containerID="ec5da5da2eb30a6336f9fe6c2ff939317f76d8acfabb47225f5d94fbe9138d80"
2025-01-29 13:59:03,485 INFO c.h.h.t.HelmChartContainer - [K3S] [scope.go:117] "RemoveContainer" containerID="e0caa66ddde5ad04bb8b468e8053cb7c7e80d2aa805a36528dea3dc7b54a3fcc"
2025-01-29 13:59:03,486 INFO c.h.h.t.HelmChartContainer - [K3S] [scope.go:117] "RemoveContainer" containerID="ec5da5da2eb30a6336f9fe6c2ff939317f76d8acfabb47225f5d94fbe9138d80"
2025-01-29 13:59:04,967 INFO c.h.h.t.HelmChartContainer - [K3S] [kubelet_volumes.go:163] "Cleaned up orphaned pod volumes dir" podUID="aee7645b-e1c5-4397-8a9b-64081c6c9f6a" path="/var/lib/kubelet/pods/aee7645b-e1c5-4397-8a9b-64081c6c9f6a/volumes"
2025-01-29 13:59:07,436 INFO c.h.h.t.HelmChartContainer - Namespace 'helmpodsecuritycontextupgradeextensionit' deleted
2025-01-29 13:59:07,436 INFO c.h.h.t.HelmChartContainer - Release 'test-hivemq-platform' in namespace 'helmpodsecuritycontextupgradeextensionit' is uninstalled
2025-01-29 13:59:07,436 INFO c.h.h.t.HelmChartContainer - Uninstalling release 'test-hivemq-platform-operator' in namespace 'helmpodsecuritycontextupgradeextensionit-operator'...
2025-01-29 13:59:07,436 DEBUG c.h.h.t.HelmChartContainer - Executing helm command: /bin/helm --kubeconfig /etc/rancher/k3s/k3s.yaml uninstall test-hivemq-platform-operator  --wait --timeout 5m0s --cascade foreground --namespace helmpodsecuritycontextupgradeextensionit-operator
2025-01-29 13:59:07,594 INFO c.h.h.t.HelmChartContainer - [K3S] [replica_set.go:679] "Finished syncing" kind="ReplicaSet" key="helmpodsecuritycontextupgradeextensionit-operator/hivemq-test-hivemq-platform-operator-5dbf989d8c" duration="9.294823ms"
2025-01-29 13:59:07,594 INFO c.h.h.t.HelmChartContainer - [K3S] [replica_set.go:679] "Finished syncing" kind="ReplicaSet" key="helmpodsecuritycontextupgradeextensionit-operator/hivemq-test-hivemq-platform-operator-5dbf989d8c" duration="34.414µs"
2025-01-29 13:59:07,606 INFO c.h.h.t.HelmChartContainer - [POD] hivemq-test-hivemq-platform-operator-5dbf989d8c-rbsvp [218eabbf-1611-4bbc-b96a-ddfbb281a3eb] in helmpodsecuritycontextupgradeextensionit-operator was MODIFIED
2025-01-29 13:59:07,615 INFO c.h.h.t.HelmChartContainer - [K3S] [replica_set.go:679] "Finished syncing" kind="ReplicaSet" key="helmpodsecuritycontextupgradeextensionit-operator/hivemq-test-hivemq-platform-operator-5dbf989d8c" duration="11.965232ms"
2025-01-29 13:59:07,616 INFO c.h.h.t.HelmChartContainer - [K3S] [replica_set.go:679] "Finished syncing" kind="ReplicaSet" key="helmpodsecuritycontextupgradeextensionit-operator/hivemq-test-hivemq-platform-operator-5dbf989d8c" duration="36.348µs"
2025-01-29 13:59:07,624 INFO c.h.h.t.HelmChartContainer - [EVENT] Normal [Killing] Stopping container hivemq-platform-operator [helmpodsecuritycontextupgradeextensionit-operator:hivemq-test-hivemq-platform-operator-5dbf989d8c-rbsvp]
2025-01-29 13:59:07,625 INFO c.h.h.t.HelmChartContainer - [hivemq-test-hivemq-platform] [hivemq-platform-operator] [218eabbf] 13:59:07.619 [application-shutdown-thread] INFO  c.h.p.o.HiveMQPlatformOperatorApplication - HiveMQ Platform Operator is stopping...
2025-01-29 13:59:07,625 INFO c.h.h.t.HelmChartContainer - [hivemq-test-hivemq-platform] [hivemq-platform-operator] [218eabbf] 13:59:07.619 [application-shutdown-thread] INFO  i.javaoperatorsdk.operator.Operator - Operator SDK 4.9.7 is shutting down...
2025-01-29 13:59:07,625 INFO c.h.h.t.HelmChartContainer - Received Killing event for container hivemq-platform-operator in pod hivemq-test-hivemq-platform-operator-5dbf989d8c-rbsvp [218eabbf-1611-4bbc-b96a-ddfbb281a3eb]
2025-01-29 13:59:07,625 INFO c.h.h.t.HelmChartContainer - Container [hivemq-test-hivemq-platform-operator-5dbf989d8c-rbsvp] [hivemq-platform-operator] [218eabbf-1611-4bbc-b96a-ddfbb281a3eb] was terminated
2025-01-29 13:59:07,625 INFO c.h.h.t.HelmChartContainer - Stopped log watcher for hivemq-platform-operator in pod hivemq-test-hivemq-platform-operator-5dbf989d8c-rbsvp [218eabbf-1611-4bbc-b96a-ddfbb281a3eb]
2025-01-29 13:59:08,155 INFO c.h.h.t.HelmChartContainer - [K3S] [replica_set.go:679] "Finished syncing" kind="ReplicaSet" key="helmpodsecuritycontextupgradeextensionit-operator/hivemq-test-hivemq-platform-operator-5dbf989d8c" duration="45.735µs"
2025-01-29 13:59:08,157 INFO c.h.h.t.HelmChartContainer - [POD] hivemq-test-hivemq-platform-operator-5dbf989d8c-rbsvp [218eabbf-1611-4bbc-b96a-ddfbb281a3eb] in helmpodsecuritycontextupgradeextensionit-operator was MODIFIED
2025-01-29 13:59:08,180 INFO c.h.h.t.HelmChartContainer - [K3S] [reconciler_common.go:162] "operationExecutor.UnmountVolume started for volume \"kube-api-access-n2cc5\" (UniqueName: \"kubernetes.io/projected/218eabbf-1611-4bbc-b96a-ddfbb281a3eb-kube-api-access-n2cc5\") pod \"218eabbf-1611-4bbc-b96a-ddfbb281a3eb\" (UID: \"218eabbf-1611-4bbc-b96a-ddfbb281a3eb\") "
2025-01-29 13:59:08,281 INFO c.h.h.t.HelmChartContainer - [K3S] [reconciler_common.go:299] "Volume detached for volume \"kube-api-access-n2cc5\" (UniqueName: \"kubernetes.io/projected/218eabbf-1611-4bbc-b96a-ddfbb281a3eb-kube-api-access-n2cc5\") on node \"9f0aeb600ff7\" DevicePath \"\""
2025-01-29 13:59:08,394 INFO c.h.h.t.HelmChartContainer - [K3S] [scope.go:117] "RemoveContainer" containerID="b8bcd930cc29795ad801a385ead68f5907564bcfbabee89e0f200506c4f1a1ec"
2025-01-29 13:59:08,402 INFO c.h.h.t.HelmChartContainer - [K3S] [scope.go:117] "RemoveContainer" containerID="b8bcd930cc29795ad801a385ead68f5907564bcfbabee89e0f200506c4f1a1ec"
2025-01-29 13:59:08,408 INFO c.h.h.t.HelmChartContainer - [K3S] [replica_set.go:679] "Finished syncing" kind="ReplicaSet" key="helmpodsecuritycontextupgradeextensionit-operator/hivemq-test-hivemq-platform-operator-5dbf989d8c" duration="47.639µs"
2025-01-29 13:59:08,409 INFO c.h.h.t.HelmChartContainer - [POD] hivemq-test-hivemq-platform-operator-5dbf989d8c-rbsvp [218eabbf-1611-4bbc-b96a-ddfbb281a3eb] in helmpodsecuritycontextupgradeextensionit-operator was MODIFIED
2025-01-29 13:59:08,410 INFO c.h.h.t.HelmChartContainer - [K3S] [replica_set.go:679] "Finished syncing" kind="ReplicaSet" key="helmpodsecuritycontextupgradeextensionit-operator/hivemq-test-hivemq-platform-operator-5dbf989d8c" duration="25.717µs"
2025-01-29 13:59:08,411 INFO c.h.h.t.HelmChartContainer - [POD] hivemq-test-hivemq-platform-operator-5dbf989d8c-rbsvp [218eabbf-1611-4bbc-b96a-ddfbb281a3eb] in helmpodsecuritycontextupgradeextensionit-operator was DELETED
2025-01-29 13:59:08,422 INFO c.h.h.t.HelmChartContainer - [K3S] [replica_set.go:679] "Finished syncing" kind="ReplicaSet" key="helmpodsecuritycontextupgradeextensionit-operator/hivemq-test-hivemq-platform-operator-5dbf989d8c" duration="5.42µs"
2025-01-29 13:59:08,967 INFO c.h.h.t.HelmChartContainer - [K3S] [kubelet_volumes.go:163] "Cleaned up orphaned pod volumes dir" podUID="218eabbf-1611-4bbc-b96a-ddfbb281a3eb" path="/var/lib/kubelet/pods/218eabbf-1611-4bbc-b96a-ddfbb281a3eb/volumes"
2025-01-29 13:59:09,642 INFO c.h.h.t.HelmChartContainer - Deleting namespace 'helmpodsecuritycontextupgradeextensionit-operator'...
2025-01-29 13:59:12,343 INFO c.h.h.t.HelmChartContainer - [K3S] [namespace_controller.go:187] "Namespace has been deleted" namespace="helmpodsecuritycontextupgradeextensionit"
2025-01-29 13:59:14,858 INFO c.h.h.t.HelmChartContainer - Namespace 'helmpodsecuritycontextupgradeextensionit-operator' deleted
2025-01-29 13:59:14,858 INFO c.h.h.t.HelmChartContainer - Release 'test-hivemq-platform-operator' in namespace 'helmpodsecuritycontextupgradeextensionit-operator' is uninstalled
2025-01-29 13:59:15,586 INFO c.h.helmcharts.AbstractHelmChartIT - Removed unused containers:

2025-01-29 13:59:19,761 INFO c.h.h.t.HelmChartContainer - [K3S] [namespace_controller.go:187] "Namespace has been deleted" namespace="helmpodsecuritycontextupgradeextensionit-operator"
2025-01-29 13:59:23,277 INFO c.h.helmcharts.AbstractHelmChartIT - Removed unused snapshots:
Removing snapshot sha256:03af251906410714c5aef9fa705b63f6bbc39c4a5e787de7361eeb18886c2ed2
Removing snapshot sha256:0c46b3b43cce082ce5ec34ffc6c294e0417d17b9d1e6f366d114b6aadc4f96dc
Removing snapshot sha256:0ce761beee59082d6ed5bcebd3a805b8ddd9b3426b617e4809e7fb7c6587ffec
Removing snapshot sha256:0df91287303208332c8ff6ba40ae4710105201739addbfbddfb955f1ad593664
Removing snapshot sha256:1021ef88c7974bfff89c5a0ec4fd3160daac6c48a075f74cff721f85dd104e68
Removing snapshot sha256:10aba4953ddc18145dd38e3704709bc464aa20af60b56fe52caaff4b68411e62
Removing snapshot sha256:2573e0d8158209ed54ab25c87bcdcb00bd3d2539246960a3d592a1c599d70465
Removing snapshot sha256:362a8a37f8bbc31925a8146adcf7cf51f9882f5c1dcbef67c5baa03a297543c0
Removing snapshot sha256:3fa4ad33f0ddc8fd45b39b6b4640f82a3a83619606cd975bfe89d8710ad2d4cd
Removing snapshot sha256:43a7c979bbaba6838bc3102d6b10a1459f3ab050b87ccdfef84ef90cf43d3058
Removing snapshot sha256:4ab04491cdf0d3267f08206fe30bd48f49f94b9cab2f016d6739220f722a64af
Removing snapshot sha256:4b6068250e89c96f263060261819c7d912855bfbd64b3eb4c4a8483299b8c295
Removing snapshot sha256:580e69a0a8034ede1921139bbd2bfb72a69ebf276d008281896c32dd8bf74775
Removing snapshot sha256:5d30ba46b27fe37484567ccc5242cadc78217b8da605f3f195ef25cbf7487904
Removing snapshot sha256:63ca1fbb43ae5034640e5e6cb3e083e05c290072c5366fcaa9d62435a4cced85
Removing snapshot sha256:67f702c6baae873bceb19487c8b1f27bd2b86077e4f2f0e480e6d60ab508b8f5
Removing snapshot sha256:6864348dd42806d552efdec384f1274be15e2d0c10ce44c1f04347af004c10a9
Removing snapshot sha256:6c7dee8f2c39b84b7dc2711c01d33de93514d9055499173e9290176fbe484b6c
Removing snapshot sha256:82753493a6d61ded36556292f02f31841a14c20d2f279f19eaad65afb661d5cd
Removing snapshot sha256:8a10d3db42c505ee0fcfa98417bdd7e39b304f6bcc0a06bb1b220797ff2cc63c
Removing snapshot sha256:a0904247e36a7726c03c71ee48f3e64462021c88dafeb13f37fdaf613b27f11c
Removing snapshot sha256:a21e5b12dbac529ad45d976eb9ce45c881f3bedcc500fb30aba1e52aa1813418
Removing snapshot sha256:a5c6dfdeabb7aff213910539a47e09bdbb7f2d5faf8419faae1d06f5ea6c3a31
Removing snapshot sha256:b921e6c28969094157f9b8e7244677780319637afd14450b7cb6b2fdea558a0c
Removing snapshot sha256:bc27ecb5769a00e309cf99ebc763c4a4b958b618d1decc96ffac5bc05f02f5b7
Removing snapshot sha256:be3ccb6627a5332e309d45ef461d09b4879dd870c7394d89323d0ebc6ca6aa8a
Removing snapshot sha256:c261f7cbbc64211ee175ee47273acdb7b1a36a4450b397a064a8f2c026490095
Removing snapshot sha256:c34d9393647eea0c9e3557ab988efaf59f61d10a2a5613b439ef0958cca5ec10
Removing snapshot sha256:ccf3c4a0fa967a41c1c83497a2ce6fa5787965859df0adb32c4ca2cf7490bc2b
Removing snapshot sha256:cf92d33f869417309692088c341cd0f223c178ea78a125f757317b22aa8f90e9
Removing snapshot sha256:d0037344cf2fb078884f1849f6a1f8cf9a33a3b6139b6a85833e5ee528e1f9a8
Removing snapshot sha256:d3b36d5b79273b1e98e7700470eaeff05a882e777124d84cebcc1505b85ecb36
Removing snapshot sha256:d65a44a37914602d12c611e5e22a50f11451d847e63015cc1c2aef92dee777a4
Removing snapshot sha256:e2dc0bae2455930f23ae570e019b7f32edc75c0f2d71cab084db837ff9051796
Removing snapshot sha256:eccbd24a99c60cd9e86ee5305dbfc4a4dc89f5ab4fb1f06c8d64797cecedef34
Removing snapshot sha256:f144bb4c7c7f0d2aa7eeffd36d934ec40db1ee167be727e326aad9fdc616f475
Removing snapshot sha256:fb70a1c03dbb2f2cb8fe5f60125cc4433963077acbed642a8abef69143ec45b1

]]></system-out>
  </testcase>
  <testcase name="Operator values: (UID=185, GID=0, valuesFile='/files/operator-pod-security-context-non-root-user-values.yaml') and Platform values: (UID=10000, GID=0, valuesFile='/files/platform-pod-security-context-non-root-user-with-tracing-extension-values.yaml')" classname="com.hivemq.helmcharts.securitycontext.HelmPodSecurityContextUpgradeExtensionIT" time="197.757">
    <system-out><![CDATA[2025-01-29 13:59:23,280 INFO c.h.h.t.HelmChartContainer - Creating namespace 'helmpodsecuritycontextupgradeextensionit-operator'...
2025-01-29 13:59:23,284 INFO c.h.h.t.HelmChartContainer - Namespace 'helmpodsecuritycontextupgradeextensionit-operator' created
2025-01-29 13:59:23,284 INFO c.h.h.t.HelmChartContainer - Creating namespace 'helmpodsecuritycontextupgradeextensionit'...
2025-01-29 13:59:23,292 INFO c.h.h.t.HelmChartContainer - Namespace 'helmpodsecuritycontextupgradeextensionit' created
2025-01-29 13:59:23,384 DEBUG c.h.h.t.HelmChartContainer - Executing helm command: /bin/helm --kubeconfig /etc/rancher/k3s/k3s.yaml install test-hivemq-platform-operator /charts/hivemq-platform-operator --wait --timeout 5m0s --set image.repository=docker.io/hivemq --set image.name=hivemq-platform-operator-test --set image.initImageName=hivemq-platform-operator-init-test --set image.tag=snapshot --set image.pullPolicy=Never --set logLevel=DEBUG --set resources.cpu=512m -f /files/operator-pod-security-context-non-root-user-values.yaml --namespace helmpodsecuritycontextupgradeextensionit-operator
2025-01-29 13:59:23,688 INFO c.h.h.t.HelmChartContainer - [K3S] [alloc.go:330] "allocated clusterIPs" service="helmpodsecuritycontextupgradeextensionit-operator/hivemq-platform-operator-test-hivemq-platform-operator" clusterIPs={"IPv4":"10.43.71.104"}
2025-01-29 13:59:23,706 INFO c.h.h.t.HelmChartContainer - [EVENT] Normal [ScalingReplicaSet] Scaled up replica set hivemq-test-hivemq-platform-operator-7ccc997bc4 from 0 to 1 [helmpodsecuritycontextupgradeextensionit-operator:hivemq-test-hivemq-platform-operator]
2025-01-29 13:59:23,712 INFO c.h.h.t.HelmChartContainer - [POD] hivemq-test-hivemq-platform-operator-7ccc997bc4-sqbvj [b7d503ad-94c6-4b67-bbc5-21e252e11378] in helmpodsecuritycontextupgradeextensionit-operator was ADDED
2025-01-29 13:59:23,723 INFO c.h.h.t.HelmChartContainer - [K3S] [memory_manager.go:355] "RemoveStaleState removing state" podUID="218eabbf-1611-4bbc-b96a-ddfbb281a3eb" containerName="hivemq-platform-operator"
2025-01-29 13:59:23,723 INFO c.h.h.t.HelmChartContainer - [K3S] [memory_manager.go:355] "RemoveStaleState removing state" podUID="aee7645b-e1c5-4397-8a9b-64081c6c9f6a" containerName="hivemq"
2025-01-29 13:59:23,723 INFO c.h.h.t.HelmChartContainer - [EVENT] Normal [SuccessfulCreate] Created pod: hivemq-test-hivemq-platform-operator-7ccc997bc4-sqbvj [helmpodsecuritycontextupgradeextensionit-operator:hivemq-test-hivemq-platform-operator-7ccc997bc4]
2025-01-29 13:59:23,724 INFO c.h.h.t.HelmChartContainer - [POD] hivemq-test-hivemq-platform-operator-7ccc997bc4-sqbvj [b7d503ad-94c6-4b67-bbc5-21e252e11378] in helmpodsecuritycontextupgradeextensionit-operator was MODIFIED
2025-01-29 13:59:23,727 INFO c.h.h.t.HelmChartContainer - [K3S] [replica_set.go:679] "Finished syncing" kind="ReplicaSet" key="helmpodsecuritycontextupgradeextensionit-operator/hivemq-test-hivemq-platform-operator-7ccc997bc4" duration="27.092666ms"
2025-01-29 13:59:23,730 INFO c.h.h.t.HelmChartContainer - [EVENT] Normal [Scheduled] Successfully assigned helmpodsecuritycontextupgradeextensionit-operator/hivemq-test-hivemq-platform-operator-7ccc997bc4-sqbvj to 9f0aeb600ff7 [helmpodsecuritycontextupgradeextensionit-operator:hivemq-test-hivemq-platform-operator-7ccc997bc4-sqbvj]
2025-01-29 13:59:23,738 INFO c.h.h.t.HelmChartContainer - [POD] hivemq-test-hivemq-platform-operator-7ccc997bc4-sqbvj [b7d503ad-94c6-4b67-bbc5-21e252e11378] in helmpodsecuritycontextupgradeextensionit-operator was MODIFIED
2025-01-29 13:59:23,745 INFO c.h.h.t.HelmChartContainer - [K3S] [replica_set.go:679] "Finished syncing" kind="ReplicaSet" key="helmpodsecuritycontextupgradeextensionit-operator/hivemq-test-hivemq-platform-operator-7ccc997bc4" duration="17.519045ms"
2025-01-29 13:59:23,745 INFO c.h.h.t.HelmChartContainer - [K3S] [replica_set.go:679] "Finished syncing" kind="ReplicaSet" key="helmpodsecuritycontextupgradeextensionit-operator/hivemq-test-hivemq-platform-operator-7ccc997bc4" duration="29.976µs"
2025-01-29 13:59:23,776 INFO c.h.h.t.HelmChartContainer - [K3S] [reconciler_common.go:251] "operationExecutor.VerifyControllerAttachedVolume started for volume \"kube-api-access-49rjf\" (UniqueName: \"kubernetes.io/projected/b7d503ad-94c6-4b67-bbc5-21e252e11378-kube-api-access-49rjf\") pod \"hivemq-test-hivemq-platform-operator-7ccc997bc4-sqbvj\" (UID: \"b7d503ad-94c6-4b67-bbc5-21e252e11378\") " pod="helmpodsecuritycontextupgradeextensionit-operator/hivemq-test-hivemq-platform-operator-7ccc997bc4-sqbvj"
2025-01-29 13:59:24,119 INFO c.h.h.t.HelmChartContainer - [EVENT] Normal [Pulled] Container image "docker.io/hivemq/hivemq-platform-operator-test:snapshot" already present on machine [helmpodsecuritycontextupgradeextensionit-operator:hivemq-test-hivemq-platform-operator-7ccc997bc4-sqbvj]
2025-01-29 13:59:24,120 INFO c.h.h.t.HelmChartContainer - Received Pulled event for container hivemq-platform-operator in pod hivemq-test-hivemq-platform-operator-7ccc997bc4-sqbvj [b7d503ad-94c6-4b67-bbc5-21e252e11378]
2025-01-29 13:59:25,425 INFO c.h.h.t.HelmChartContainer - [EVENT] Normal [Created] Created container: hivemq-platform-operator [helmpodsecuritycontextupgradeextensionit-operator:hivemq-test-hivemq-platform-operator-7ccc997bc4-sqbvj]
2025-01-29 13:59:25,426 INFO c.h.h.t.HelmChartContainer - Received Created event for container hivemq-platform-operator in pod hivemq-test-hivemq-platform-operator-7ccc997bc4-sqbvj [b7d503ad-94c6-4b67-bbc5-21e252e11378]
2025-01-29 13:59:26,439 INFO c.h.h.t.HelmChartContainer - [K3S] [replica_set.go:679] "Finished syncing" kind="ReplicaSet" key="helmpodsecuritycontextupgradeextensionit-operator/hivemq-test-hivemq-platform-operator-7ccc997bc4" duration="43.621µs"
2025-01-29 13:59:26,446 INFO c.h.h.t.HelmChartContainer - [POD] hivemq-test-hivemq-platform-operator-7ccc997bc4-sqbvj [b7d503ad-94c6-4b67-bbc5-21e252e11378] in helmpodsecuritycontextupgradeextensionit-operator was MODIFIED
2025-01-29 13:59:26,458 INFO c.h.h.t.HelmChartContainer - [EVENT] Normal [Started] Started container hivemq-platform-operator [helmpodsecuritycontextupgradeextensionit-operator:hivemq-test-hivemq-platform-operator-7ccc997bc4-sqbvj]
2025-01-29 13:59:26,458 INFO c.h.h.t.HelmChartContainer - Started log watcher for hivemq-platform-operator in pod hivemq-test-hivemq-platform-operator-7ccc997bc4-sqbvj [b7d503ad-94c6-4b67-bbc5-21e252e11378]
2025-01-29 13:59:26,458 INFO c.h.h.t.HelmChartContainer - Received Started event for container hivemq-platform-operator in pod hivemq-test-hivemq-platform-operator-7ccc997bc4-sqbvj [b7d503ad-94c6-4b67-bbc5-21e252e11378]
2025-01-29 13:59:26,459 INFO c.h.h.t.HelmChartContainer - [hivemq-test-hivemq-platform] [hivemq-platform-operator] [b7d503ad] -------------------------------------------------------------------------
2025-01-29 13:59:26,460 INFO c.h.h.t.HelmChartContainer - [hivemq-test-hivemq-platform] [hivemq-platform-operator] [b7d503ad] 
2025-01-29 13:59:26,460 INFO c.h.h.t.HelmChartContainer - [hivemq-test-hivemq-platform] [hivemq-platform-operator] [b7d503ad]                   _    _  _              __  __   ____
2025-01-29 13:59:26,460 INFO c.h.h.t.HelmChartContainer - [hivemq-test-hivemq-platform] [hivemq-platform-operator] [b7d503ad]                  | |  | |(_)            |  \/  | / __ \
2025-01-29 13:59:26,460 INFO c.h.h.t.HelmChartContainer - [hivemq-test-hivemq-platform] [hivemq-platform-operator] [b7d503ad]                  | |__| | _ __   __ ___ | \  / || |  | |
2025-01-29 13:59:26,460 INFO c.h.h.t.HelmChartContainer - [hivemq-test-hivemq-platform] [hivemq-platform-operator] [b7d503ad]                  |  __  || |\ \ / // _ \| |\/| || |  | |
2025-01-29 13:59:26,460 INFO c.h.h.t.HelmChartContainer - [hivemq-test-hivemq-platform] [hivemq-platform-operator] [b7d503ad]                  | |  | || | \ V /|  __/| |  | || |__| |
2025-01-29 13:59:26,460 INFO c.h.h.t.HelmChartContainer - [hivemq-test-hivemq-platform] [hivemq-platform-operator] [b7d503ad]                  |_|  |_||_|  \_/  \___||_|  |_| \___\_\
2025-01-29 13:59:26,460 INFO c.h.h.t.HelmChartContainer - [hivemq-test-hivemq-platform] [hivemq-platform-operator] [b7d503ad] 
2025-01-29 13:59:26,460 INFO c.h.h.t.HelmChartContainer - [hivemq-test-hivemq-platform] [hivemq-platform-operator] [b7d503ad] -------------------------------------------------------------------------
2025-01-29 13:59:26,460 INFO c.h.h.t.HelmChartContainer - [hivemq-test-hivemq-platform] [hivemq-platform-operator] [b7d503ad] 
2025-01-29 13:59:26,460 INFO c.h.h.t.HelmChartContainer - [hivemq-test-hivemq-platform] [hivemq-platform-operator] [b7d503ad]   HiveMQ Platform Operator Start Script v1.0
2025-01-29 13:59:26,460 INFO c.h.h.t.HelmChartContainer - [hivemq-test-hivemq-platform] [hivemq-platform-operator] [b7d503ad] 
2025-01-29 13:59:26,460 INFO c.h.h.t.HelmChartContainer - [hivemq-test-hivemq-platform] [hivemq-platform-operator] [b7d503ad] -------------------------------------------------------------------------
2025-01-29 13:59:26,460 INFO c.h.h.t.HelmChartContainer - [hivemq-test-hivemq-platform] [hivemq-platform-operator] [b7d503ad] 
2025-01-29 13:59:26,460 INFO c.h.h.t.HelmChartContainer - [hivemq-test-hivemq-platform] [hivemq-platform-operator] [b7d503ad]   JAVA_OPTS: -XX:+UnlockExperimentalVMOptions -XX:InitialRAMPercentage=75 -XX:MaxRAMPercentage=75 -Duser.language=en -Duser.region=US
2025-01-29 13:59:26,460 INFO c.h.h.t.HelmChartContainer - [hivemq-test-hivemq-platform] [hivemq-platform-operator] [b7d503ad] 
2025-01-29 13:59:26,460 INFO c.h.h.t.HelmChartContainer - [hivemq-test-hivemq-platform] [hivemq-platform-operator] [b7d503ad]   JAVA_VERSION: 21
2025-01-29 13:59:26,460 INFO c.h.h.t.HelmChartContainer - [hivemq-test-hivemq-platform] [hivemq-platform-operator] [b7d503ad] 
2025-01-29 13:59:26,460 INFO c.h.h.t.HelmChartContainer - [hivemq-test-hivemq-platform] [hivemq-platform-operator] [b7d503ad] -------------------------------------------------------------------------
2025-01-29 13:59:26,460 INFO c.h.h.t.HelmChartContainer - [hivemq-test-hivemq-platform] [hivemq-platform-operator] [b7d503ad] 
2025-01-29 13:59:27,517 INFO c.h.h.t.HelmChartContainer - [K3S] [INFO] COMPACT compactRev=0 targetCompactRev=2 currentRev=1061
2025-01-29 13:59:27,517 INFO c.h.h.t.HelmChartContainer - [K3S] [INFO] COMPACT deleted 0 rows from 2 revisions in 431.542µs - compacted to 2/1061
2025-01-29 13:59:27,517 INFO c.h.h.t.HelmChartContainer - [K3S] [INFO] COMPACT compacted from 0 to 2 in 1 transactions over 1ms
2025-01-29 13:59:28,757 INFO c.h.h.t.HelmChartContainer - [hivemq-test-hivemq-platform] [hivemq-platform-operator] [b7d503ad] 13:59:28.745 [main] DEBUG org.jboss.logging - Logging Provider: org.jboss.logging.Slf4jLoggerProvider
2025-01-29 13:59:28,848 INFO c.h.h.t.HelmChartContainer - [hivemq-test-hivemq-platform] [hivemq-platform-operator] [b7d503ad] 13:59:28.846 [main] DEBUG io.smallrye.config - SRCFG01006: Loaded ConfigSource SysPropConfigSource with ordinal 400
2025-01-29 13:59:28,848 INFO c.h.h.t.HelmChartContainer - [hivemq-test-hivemq-platform] [hivemq-platform-operator] [b7d503ad] 13:59:28.847 [main] DEBUG io.smallrye.config - SRCFG01006: Loaded ConfigSource EnvConfigSource with ordinal 300
2025-01-29 13:59:28,848 INFO c.h.h.t.HelmChartContainer - [hivemq-test-hivemq-platform] [hivemq-platform-operator] [b7d503ad] 13:59:28.847 [main] DEBUG io.smallrye.config - SRCFG01006: Loaded ConfigSource PropertiesConfigSource[source=jar:file:///opt/hivemq-platform-operator/bin/hivemq-platform-operator.jar!/hivemq-platform-operator.properties] with ordinal 100
2025-01-29 13:59:28,848 INFO c.h.h.t.HelmChartContainer - [hivemq-test-hivemq-platform] [hivemq-platform-operator] [b7d503ad] 13:59:28.847 [main] DEBUG io.smallrye.config - SRCFG01006: Loaded ConfigSource DefaultValuesConfigSource with ordinal -2147483648
2025-01-29 13:59:28,954 INFO c.h.h.t.HelmChartContainer - [hivemq-test-hivemq-platform] [hivemq-platform-operator] [b7d503ad] 13:59:28.953 [main] DEBUG i.m.c.u.i.l.InternalLoggerFactory - Using SLF4J as the default logging framework
2025-01-29 13:59:29,139 INFO c.h.h.t.HelmChartContainer - [hivemq-test-hivemq-platform] [hivemq-platform-operator] [b7d503ad] 13:59:29.054 [main] INFO  c.h.p.o.HiveMQPlatformOperatorApplication - HiveMQ Platform Operator 1.7.0-SNAPSHOT (commit: bebf408 on branch: HEAD) built on Sun Jan 26 20:47:47 UTC 2025
2025-01-29 13:59:29,139 INFO c.h.h.t.HelmChartContainer - [hivemq-test-hivemq-platform] [hivemq-platform-operator] [b7d503ad] 13:59:29.137 [main] INFO  c.h.p.o.HiveMQPlatformOperatorApplication - HiveMQ Platform Operator is running in namespace: helmpodsecuritycontextupgradeextensionit-operator
2025-01-29 13:59:29,139 INFO c.h.h.t.HelmChartContainer - [hivemq-test-hivemq-platform] [hivemq-platform-operator] [b7d503ad] 13:59:29.137 [main] INFO  c.h.p.o.HiveMQPlatformOperatorApplication - Watching all namespaces
2025-01-29 13:59:29,139 INFO c.h.h.t.HelmChartContainer - [hivemq-test-hivemq-platform] [hivemq-platform-operator] [b7d503ad] 13:59:29.137 [main] INFO  c.h.p.o.HiveMQPlatformOperatorApplication - Log level: DEBUG
2025-01-29 13:59:29,140 INFO c.h.h.t.HelmChartContainer - [hivemq-test-hivemq-platform] [hivemq-platform-operator] [b7d503ad] 13:59:29.138 [main] INFO  c.h.p.o.HiveMQPlatformOperatorApplication - Release name: test-hivemq-platform-operator
2025-01-29 13:59:29,140 INFO c.h.h.t.HelmChartContainer - [hivemq-test-hivemq-platform] [hivemq-platform-operator] [b7d503ad] 13:59:29.138 [main] INFO  c.h.p.o.HiveMQPlatformOperatorApplication - HiveMQ Platform Operator Init image: docker.io/hivemq/hivemq-platform-operator-init-test:snapshot
2025-01-29 13:59:29,140 INFO c.h.h.t.HelmChartContainer - [hivemq-test-hivemq-platform] [hivemq-platform-operator] [b7d503ad] 13:59:29.138 [main] INFO  c.h.p.o.HiveMQPlatformOperatorApplication - HiveMQ Platform Operator Init App update URL: http://hivemq-platform-operator-test-hivemq-platform-operator.helmpodsecuritycontextupgradeextensionit-operator.svc:8080/initAppUpdate/hivemq-platform-operator-init-app-1.7.0-SNAPSHOT.jar
2025-01-29 13:59:29,140 INFO c.h.h.t.HelmChartContainer - [hivemq-test-hivemq-platform] [hivemq-platform-operator] [b7d503ad] 13:59:29.138 [main] INFO  c.h.p.o.HiveMQPlatformOperatorApplication - Additional imagePullSecret for all Platform deployments: none
2025-01-29 13:59:29,140 INFO c.h.h.t.HelmChartContainer - [hivemq-test-hivemq-platform] [hivemq-platform-operator] [b7d503ad] 13:59:29.138 [main] INFO  c.h.p.o.HiveMQPlatformOperatorApplication - Apply HiveMQ Platform CRD: true
2025-01-29 13:59:29,140 INFO c.h.h.t.HelmChartContainer - [hivemq-test-hivemq-platform] [hivemq-platform-operator] [b7d503ad] 13:59:29.138 [main] INFO  c.h.p.o.HiveMQPlatformOperatorApplication - Create Platform ServiceAccount: true
2025-01-29 13:59:29,140 INFO c.h.h.t.HelmChartContainer - [hivemq-test-hivemq-platform] [hivemq-platform-operator] [b7d503ad] 13:59:29.138 [main] INFO  c.h.p.o.HiveMQPlatformOperatorApplication - Create Platform ServiceAccount permissions: true
2025-01-29 13:59:29,140 INFO c.h.h.t.HelmChartContainer - [hivemq-test-hivemq-platform] [hivemq-platform-operator] [b7d503ad] 13:59:29.138 [main] INFO  c.h.p.o.HiveMQPlatformOperatorApplication - Validate Platform ServiceAccount: true
2025-01-29 13:59:29,140 INFO c.h.h.t.HelmChartContainer - [hivemq-test-hivemq-platform] [hivemq-platform-operator] [b7d503ad] 13:59:29.138 [main] INFO  c.h.p.o.HiveMQPlatformOperatorApplication - Validate Platform ServiceAccount permissions: true
2025-01-29 13:59:29,154 INFO c.h.h.t.HelmChartContainer - [hivemq-test-hivemq-platform] [hivemq-platform-operator] [b7d503ad] 13:59:29.153 [main] INFO  c.h.platform.operator.util.CRDUtil - Verifying deployed HiveMQ Platform CRD...
2025-01-29 13:59:30,983 INFO c.h.h.t.HelmChartContainer - [K3S] [info.go:53] Couldn't collect info from any of the files in "/etc/machine-id,/var/lib/dbus/machine-id"
2025-01-29 13:59:31,643 INFO c.h.h.t.HelmChartContainer - [hivemq-test-hivemq-platform] [hivemq-platform-operator] [b7d503ad] 13:59:31.641 [main] DEBUG c.h.platform.operator.util.CRDUtil - HiveMQ Platform CRD version v1 is up to date
2025-01-29 13:59:31,644 INFO c.h.h.t.HelmChartContainer - [hivemq-test-hivemq-platform] [hivemq-platform-operator] [b7d503ad] 13:59:31.642 [main] INFO  c.h.platform.operator.util.CRDUtil - HiveMQ Platform CRD is up to date (version: V1_6_0)
2025-01-29 13:59:31,644 INFO c.h.h.t.HelmChartContainer - [hivemq-test-hivemq-platform] [hivemq-platform-operator] [b7d503ad] 13:59:31.642 [main] INFO  c.h.platform.operator.util.CRDUtil - Waiting 10000 ms for HiveMQ Platform CRD 'hivemq-platforms.hivemq.com' to become ready...
2025-01-29 13:59:32,036 INFO c.h.h.t.HelmChartContainer - [hivemq-test-hivemq-platform] [hivemq-platform-operator] [b7d503ad] 13:59:32.034 [vert.x-eventloop-thread-1] DEBUG c.h.platform.operator.util.CRDUtil - Checking CRD condition 'NamesAccepted' (status: 'True')
2025-01-29 13:59:32,037 INFO c.h.h.t.HelmChartContainer - [hivemq-test-hivemq-platform] [hivemq-platform-operator] [b7d503ad] 13:59:32.034 [vert.x-eventloop-thread-1] DEBUG c.h.platform.operator.util.CRDUtil - Checking CRD condition 'Established' (status: 'True')
2025-01-29 13:59:32,037 INFO c.h.h.t.HelmChartContainer - [hivemq-test-hivemq-platform] [hivemq-platform-operator] [b7d503ad] 13:59:32.035 [main] INFO  c.h.platform.operator.util.CRDUtil - HiveMQ Platform CRD 'hivemq-platforms.hivemq.com' is ready
2025-01-29 13:59:32,151 INFO c.h.h.t.HelmChartContainer - [hivemq-test-hivemq-platform] [hivemq-platform-operator] [b7d503ad] 13:59:32.150 [main] INFO  c.h.p.o.HiveMQPlatformReconciler - HiveMQ Platform Operator is starting...
2025-01-29 13:59:32,243 INFO c.h.h.t.HelmChartContainer - [hivemq-test-hivemq-platform] [hivemq-platform-operator] [b7d503ad] 13:59:32.242 [main] WARN  Default ConfigurationService implementation - Configuration for reconciler 'hivemq-controller' was not found. Known reconcilers: None.
2025-01-29 13:59:32,250 INFO c.h.h.t.HelmChartContainer - [hivemq-test-hivemq-platform] [hivemq-platform-operator] [b7d503ad] 13:59:32.249 [main] INFO  Default ConfigurationService implementation - Created configuration for reconciler com.hivemq.platform.operator.HiveMQPlatformReconciler with name hivemq-controller
2025-01-29 13:59:32,389 INFO c.h.h.t.HelmChartContainer - [hivemq-test-hivemq-platform] [hivemq-platform-operator] [b7d503ad] 13:59:32.388 [main] DEBUG c.h.p.o.HiveMQPlatformReconciler - HiveMQ Platform Operator is preparing EventSources
2025-01-29 13:59:32,442 INFO c.h.h.t.HelmChartContainer - [hivemq-test-hivemq-platform] [hivemq-platform-operator] [b7d503ad] 13:59:32.441 [main] INFO  i.javaoperatorsdk.operator.Operator - Registered reconciler: 'hivemq-controller' for resource: 'class com.hivemq.platform.operator.v1.HiveMQPlatform' for namespace(s): [all namespaces]
2025-01-29 13:59:32,954 INFO c.h.h.t.HelmChartContainer - [hivemq-test-hivemq-platform] [hivemq-platform-operator] [b7d503ad] 13:59:32.953 [main] INFO  c.h.p.operator.webserver.JettyServer - Starting Jetty server on port 8080
2025-01-29 13:59:33,050 INFO c.h.h.t.HelmChartContainer - [hivemq-test-hivemq-platform] [hivemq-platform-operator] [b7d503ad] 13:59:33.049 [main] INFO  i.javaoperatorsdk.operator.Operator - Operator SDK 4.9.7 (commit: 2133d28) built on Wed Nov 20 12:56:20 UTC 2024 starting...
2025-01-29 13:59:33,050 INFO c.h.h.t.HelmChartContainer - [hivemq-test-hivemq-platform] [hivemq-platform-operator] [b7d503ad] 13:59:33.049 [main] INFO  i.javaoperatorsdk.operator.Operator - Client version: 6.13.4
2025-01-29 13:59:33,051 INFO c.h.h.t.HelmChartContainer - [hivemq-test-hivemq-platform] [hivemq-platform-operator] [b7d503ad] 13:59:33.050 [Controller Starter for: hivemq-controller] INFO  i.j.operator.processing.Controller - Starting 'hivemq-controller' controller for reconciler: com.hivemq.platform.operator.HiveMQPlatformReconciler, resource: com.hivemq.platform.operator.v1.HiveMQPlatform
2025-01-29 13:59:35,450 INFO c.h.h.t.HelmChartContainer - [hivemq-test-hivemq-platform] [hivemq-platform-operator] [b7d503ad] 13:59:35.449 [Controller Starter for: hivemq-controller] INFO  i.j.operator.processing.Controller - 'hivemq-controller' controller started
2025-01-29 13:59:35,450 INFO c.h.h.t.HelmChartContainer - [hivemq-test-hivemq-platform] [hivemq-platform-operator] [b7d503ad] 13:59:35.449 [main] INFO  c.h.p.o.HiveMQPlatformOperatorApplication - HiveMQ Platform Operator 1.7.0-SNAPSHOT started in 6395 ms
2025-01-29 13:59:37,446 INFO c.h.h.t.HelmChartContainer - [POD] hivemq-test-hivemq-platform-operator-7ccc997bc4-sqbvj [b7d503ad-94c6-4b67-bbc5-21e252e11378] in helmpodsecuritycontextupgradeextensionit-operator was MODIFIED
2025-01-29 13:59:37,459 INFO c.h.h.t.HelmChartContainer - [K3S] [replica_set.go:679] "Finished syncing" kind="ReplicaSet" key="helmpodsecuritycontextupgradeextensionit-operator/hivemq-test-hivemq-platform-operator-7ccc997bc4" duration="14.83844ms"
2025-01-29 13:59:37,459 INFO c.h.h.t.HelmChartContainer - [K3S] [replica_set.go:679] "Finished syncing" kind="ReplicaSet" key="helmpodsecuritycontextupgradeextensionit-operator/hivemq-test-hivemq-platform-operator-7ccc997bc4" duration="40.205µs"
2025-01-29 13:59:37,769 INFO com.hivemq.helmcharts.util.K8sUtil - Pod 'hivemq-test-hivemq-platform-operator-7ccc997bc4-sqbvj' is ready
2025-01-29 13:59:37,941 DEBUG com.hivemq.helmcharts.util.PodUtil - Received status for command '[sh, -c, stat -c "%u:%g" /proc/1]' on pod 'hivemq-test-hivemq-platform-operator-7ccc997bc4-sqbvj' (exit code: 0)
2025-01-29 13:59:37,951 INFO c.h.h.testcontainer.LogWaiterUtil - TEST Waiting for log pattern on 'test-hivemq-platform-0': .*Extension "HiveMQ Enterprise Distributed Tracing Extension" version .* started successfully.
2025-01-29 13:59:38,014 DEBUG c.h.h.t.HelmChartContainer - Executing helm command: /bin/helm --kubeconfig /etc/rancher/k3s/k3s.yaml install test-hivemq-platform /charts/hivemq-platform --wait --timeout 5m0s --set image.repository=docker.io/hivemq --set image.tag=4.36.0 --set image.pullPolicy=Never --set nodes.resources.cpu=512m -f /files/platform-pod-security-context-non-root-user-with-tracing-extension-values.yaml --namespace helmpodsecuritycontextupgradeextensionit
2025-01-29 13:59:38,353 INFO c.h.h.t.HelmChartContainer - [hivemq-test-hivemq-platform] [hivemq-platform-operator] [b7d503ad] 13:59:38.348 [-373097727-pool-1-thread-2] WARN  i.m.p.PrometheusMeterRegistry - The meter (MeterId{name='operator.sdk.events.received', tags=[tag(action=ADDED),tag(event=ResourceEvent),tag(group=hivemq.com),tag(kind=HiveMQPlatform),tag(name=test-hivemq-platform),tag(namespace=helmpodsecuritycontextupgradeextensionit),tag(scope=namespace),tag(version=v1)]}) registration has failed: Prometheus requires that all meters with the same name have the same set of tag keys. There is already an existing meter named 'operator.sdk.events.received' containing tag keys [event, group, kind, name, namespace, scope, version]. The meter you are attempting to register has keys [action, event, group, kind, name, namespace, scope, version]. Note that subsequent logs will be logged at debug level.
2025-01-29 13:59:38,847 INFO c.h.h.t.HelmChartContainer - [hivemq-test-hivemq-platform] [hivemq-platform-operator] [b7d503ad] 13:59:38.846 [pool-6-thread-3] DEBUG c.h.p.o.dependants.PodInfoConfigMap - [helmpods] Desired PodInfo ConfigMap (1 extensions) (1 enabled)
2025-01-29 13:59:38,848 INFO c.h.h.t.HelmChartContainer - [hivemq-test-hivemq-platform] [hivemq-platform-operator] [b7d503ad] 13:59:38.847 [pool-6-thread-3] DEBUG c.h.p.o.dependants.PodInfoConfigMap - [helmpods] Desired PodInfo ConfigMap (metrics port: 9399) (metrics path: /)
2025-01-29 13:59:38,848 INFO c.h.h.t.HelmChartContainer - [hivemq-test-hivemq-platform] [hivemq-platform-operator] [b7d503ad] 13:59:38.847 [pool-6-thread-3] DEBUG c.h.p.o.dependants.PodInfoConfigMap - [helmpods] Desired PodInfo ConfigMap (extension state hash: -1845918640)
2025-01-29 13:59:38,850 INFO c.h.h.t.HelmChartContainer - [hivemq-test-hivemq-platform] [hivemq-platform-operator] [b7d503ad] 13:59:38.850 [pool-6-thread-3] DEBUG c.h.p.o.dependants.PodInfoConfigMap - [helmpods] Create PodInfo ConfigMap
2025-01-29 13:59:38,991 INFO c.h.h.t.HelmChartContainer - [hivemq-test-hivemq-platform] [hivemq-platform-operator] [b7d503ad] 13:59:38.990 [pool-6-thread-5] DEBUG c.h.p.o.dependants.PodRoleResource - [helmpods] Create Role: Role(apiVersion=rbac.authorization.k8s.io/v1, kind=Role, metadata=ObjectMeta(annotations={meta.helm.sh/release-name=test-hivemq-platform, meta.helm.sh/release-namespace=helmpodsecuritycontextupgradeextensionit}, creationTimestamp=null, deletionGracePeriodSeconds=null, deletionTimestamp=null, finalizers=[], generateName=null, generation=null, labels={helm.sh/chart=hivemq-platform-0.2.32, app.kubernetes.io/managed-by=Helm, app.kubernetes.io/name=hivemq-platform, hivemq-platform=test-hivemq-platform, app.kubernetes.io/instance=test-hivemq-platform, app.kubernetes.io/version=4.36.0}, managedFields=[], name=hivemq-platform-role-test-hivemq-platform, namespace=helmpodsecuritycontextupgradeextensionit, ownerReferences=[OwnerReference(apiVersion=hivemq.com/v1, blockOwnerDeletion=null, controller=null, kind=HiveMQPlatform, name=test-hivemq-platform, uid=ba58583e-b619-44a0-ad92-27f0e1de7c6e, additionalProperties={})], resourceVersion=null, selfLink=null, uid=null, additionalProperties={}), rules=[PolicyRule(apiGroups=[], nonResourceURLs=[], resourceNames=[], resources=[pods], verbs=[get, patch, update], additionalProperties={})], additionalProperties={})
2025-01-29 13:59:39,136 INFO c.h.h.t.HelmChartContainer - [hivemq-test-hivemq-platform] [hivemq-platform-operator] [b7d503ad] 13:59:39.134 [pool-6-thread-7] DEBUG c.h.p.o.d.PodServiceAccountResource - [helmpods] Desired PodServiceAccountResource (serviceAccountName: hivemq-platform-pod-test-hivemq-platform)
2025-01-29 13:59:39,138 INFO c.h.h.t.HelmChartContainer - [hivemq-test-hivemq-platform] [hivemq-platform-operator] [b7d503ad] 13:59:39.135 [pool-6-thread-7] DEBUG c.h.p.o.d.PodServiceAccountResource - [helmpods] Create ServiceAccount 'hivemq-platform-pod-test-hivemq-platform'
2025-01-29 13:59:39,240 INFO c.h.h.t.HelmChartContainer - [hivemq-test-hivemq-platform] [hivemq-platform-operator] [b7d503ad] 13:59:39.239 [pool-6-thread-10] DEBUG c.h.p.o.d.PodRoleBindingResource - [helmpods] Create RoleBinding: RoleBinding(apiVersion=rbac.authorization.k8s.io/v1, kind=RoleBinding, metadata=ObjectMeta(annotations={meta.helm.sh/release-name=test-hivemq-platform, meta.helm.sh/release-namespace=helmpodsecuritycontextupgradeextensionit}, creationTimestamp=null, deletionGracePeriodSeconds=null, deletionTimestamp=null, finalizers=[], generateName=null, generation=null, labels={helm.sh/chart=hivemq-platform-0.2.32, app.kubernetes.io/managed-by=Helm, app.kubernetes.io/name=hivemq-platform, hivemq-platform=test-hivemq-platform, app.kubernetes.io/instance=test-hivemq-platform, app.kubernetes.io/version=4.36.0}, managedFields=[], name=hivemq-platform-role-binding-test-hivemq-platform, namespace=helmpodsecuritycontextupgradeextensionit, ownerReferences=[OwnerReference(apiVersion=hivemq.com/v1, blockOwnerDeletion=null, controller=null, kind=HiveMQPlatform, name=test-hivemq-platform, uid=ba58583e-b619-44a0-ad92-27f0e1de7c6e, additionalProperties={})], resourceVersion=null, selfLink=null, uid=null, additionalProperties={}), roleRef=RoleRef(apiGroup=rbac.authorization.k8s.io, kind=Role, name=hivemq-platform-role-test-hivemq-platform, additionalProperties={}), subjects=[Subject(apiGroup=null, kind=ServiceAccount, name=hivemq-platform-pod-test-hivemq-platform, namespace=helmpodsecuritycontextupgradeextensionit, additionalProperties={})], additionalProperties={})
2025-01-29 13:59:39,291 INFO c.h.h.t.HelmChartContainer - [hivemq-test-hivemq-platform] [hivemq-platform-operator] [b7d503ad] 13:59:39.290 [ReconcilerExecutor-hivemq-controller-54] INFO  c.h.p.o.HiveMQPlatformReconciler - [helmpods] Reconciling HiveMQ Platform 'test-hivemq-platform' in namespace 'helmpodsecuritycontextupgradeextensionit'
2025-01-29 13:59:39,291 INFO c.h.h.t.HelmChartContainer - [hivemq-test-hivemq-platform] [hivemq-platform-operator] [b7d503ad] 13:59:39.290 [ReconcilerExecutor-hivemq-controller-54] DEBUG c.h.p.o.HiveMQPlatformReconciler - [helmpods] Custom Resource Status CREATED - HiveMQ Platform was created (READY)
2025-01-29 13:59:39,291 INFO c.h.h.t.HelmChartContainer - [hivemq-test-hivemq-platform] [hivemq-platform-operator] [b7d503ad] 13:59:39.290 [ReconcilerExecutor-hivemq-controller-54] DEBUG c.h.p.o.HiveMQPlatformReconciler - [helmpods] Custom Resource Spec (replicas: 1) (extensions: 1)
2025-01-29 13:59:39,335 INFO c.h.h.t.HelmChartContainer - [hivemq-test-hivemq-platform] [hivemq-platform-operator] [b7d503ad] 13:59:39.334 [ReconcilerExecutor-hivemq-controller-54] INFO  c.h.p.o.h.HiveMQPlatformReconcilerBaseHandler - [helmpods] HiveMQ Platform is starting
2025-01-29 13:59:39,444 INFO c.h.h.t.HelmChartContainer - [hivemq-test-hivemq-platform] [hivemq-platform-operator] [b7d503ad] 13:59:39.443 [ReconcilerExecutor-hivemq-controller-54] DEBUG c.h.p.operator.event.EventSender - [helmpods] Creating K8s event hivemq-platform-starting: [Start] HiveMQ Platform is starting
2025-01-29 13:59:39,452 INFO c.h.h.t.HelmChartContainer - [EVENT] Normal [Start] HiveMQ Platform is starting [helmpodsecuritycontextupgradeextensionit:test-hivemq-platform]
2025-01-29 13:59:39,535 INFO c.h.h.t.HelmChartContainer - [hivemq-test-hivemq-platform] [hivemq-platform-operator] [b7d503ad] 13:59:39.534 [ReconcilerExecutor-hivemq-controller-54] INFO  c.h.p.o.h.AbstractHiveMQReconcilerStateHandler - [helmpods] Update HiveMQ Platform Status (CREATED [READY] -> STARTING [READY]): HiveMQ Platform is starting
2025-01-29 13:59:39,547 DEBUG com.hivemq.helmcharts.util.K8sUtil - Comparing actual state 'STARTING' and waiting for 'RUNNING'
2025-01-29 13:59:49,643 INFO c.h.h.t.HelmChartContainer - [hivemq-test-hivemq-platform] [hivemq-platform-operator] [b7d503ad] 13:59:49.640 [pool-6-thread-12] DEBUG c.h.p.o.d.PlatformServiceResource - [helmpods] Desired Platform services (3 services)
2025-01-29 13:59:49,645 INFO c.h.h.t.HelmChartContainer - [hivemq-test-hivemq-platform] [hivemq-platform-operator] [b7d503ad] 13:59:49.643 [pool-6-thread-13] DEBUG c.h.p.o.dependants.PodInfoConfigMap - [helmpods] Desired PodInfo ConfigMap (1 extensions) (1 enabled)
2025-01-29 13:59:49,645 INFO c.h.h.t.HelmChartContainer - [hivemq-test-hivemq-platform] [hivemq-platform-operator] [b7d503ad] 13:59:49.643 [pool-6-thread-13] DEBUG c.h.p.o.dependants.PodInfoConfigMap - [helmpods] Desired PodInfo ConfigMap (metrics port: 9399) (metrics path: /)
2025-01-29 13:59:49,645 INFO c.h.h.t.HelmChartContainer - [hivemq-test-hivemq-platform] [hivemq-platform-operator] [b7d503ad] 13:59:49.643 [pool-6-thread-13] DEBUG c.h.p.o.dependants.PodInfoConfigMap - [helmpods] Desired PodInfo ConfigMap (extension state hash: -1845918640)
2025-01-29 13:59:49,645 INFO c.h.h.t.HelmChartContainer - [hivemq-test-hivemq-platform] [hivemq-platform-operator] [b7d503ad] 13:59:49.645 [pool-6-thread-17] DEBUG c.h.p.o.d.PodServiceAccountResource - [helmpods] Desired PodServiceAccountResource (serviceAccountName: hivemq-platform-pod-test-hivemq-platform)
2025-01-29 13:59:49,652 INFO c.h.h.t.HelmChartContainer - [hivemq-test-hivemq-platform] [hivemq-platform-operator] [b7d503ad] 13:59:49.651 [pool-6-thread-13] DEBUG c.h.p.o.dependants.PodInfoConfigMap - [helmpods] Update PodInfo ConfigMap
2025-01-29 13:59:49,748 INFO c.h.h.t.HelmChartContainer - [K3S] [alloc.go:330] "allocated clusterIPs" service="helmpodsecuritycontextupgradeextensionit/hivemq-test-hivemq-platform-mqtt-1883" clusterIPs={"IPv4":"10.43.200.193"}
2025-01-29 13:59:49,841 INFO c.h.h.t.HelmChartContainer - [K3S] [alloc.go:330] "allocated clusterIPs" service="helmpodsecuritycontextupgradeextensionit/hivemq-test-hivemq-platform-cc-8080" clusterIPs={"IPv4":"10.43.54.250"}
2025-01-29 13:59:49,854 INFO c.h.h.t.HelmChartContainer - [K3S] [alloc.go:330] "allocated clusterIPs" service="helmpodsecuritycontextupgradeextensionit/hivemq-test-hivemq-platform-metrics-9399" clusterIPs={"IPv4":"10.43.87.21"}
2025-01-29 13:59:49,937 INFO c.h.h.t.HelmChartContainer - [hivemq-test-hivemq-platform] [hivemq-platform-operator] [b7d503ad] 13:59:49.936 [pool-6-thread-20] DEBUG c.h.p.o.d.StatefulSetResource - [helmpods] Desired StatefulSet (1 replicas) for status STARTING (READY)
2025-01-29 13:59:49,949 INFO c.h.h.t.HelmChartContainer - [hivemq-test-hivemq-platform] [hivemq-platform-operator] [b7d503ad] 13:59:49.948 [pool-6-thread-20] DEBUG c.h.p.o.d.StatefulSetResource - [helmpods] Create StatefulSet
2025-01-29 13:59:50,047 INFO c.h.h.t.HelmChartContainer - [hivemq-test-hivemq-platform] [hivemq-platform-operator] [b7d503ad] 13:59:50.046 [ReconcilerExecutor-hivemq-controller-65] INFO  c.h.p.o.HiveMQPlatformReconciler - [helmpods] Reconciling HiveMQ Platform 'test-hivemq-platform' in namespace 'helmpodsecuritycontextupgradeextensionit'
2025-01-29 13:59:50,049 INFO c.h.h.t.HelmChartContainer - [hivemq-test-hivemq-platform] [hivemq-platform-operator] [b7d503ad] 13:59:50.046 [ReconcilerExecutor-hivemq-controller-65] DEBUG c.h.p.o.HiveMQPlatformReconciler - [helmpods] Custom Resource Status STARTING - HiveMQ Platform is starting (READY)
2025-01-29 13:59:50,049 INFO c.h.h.t.HelmChartContainer - [hivemq-test-hivemq-platform] [hivemq-platform-operator] [b7d503ad] 13:59:50.046 [ReconcilerExecutor-hivemq-controller-65] DEBUG c.h.p.o.HiveMQPlatformReconciler - [helmpods] Custom Resource Spec (replicas: 1) (extensions: 1)
2025-01-29 13:59:50,056 INFO c.h.h.t.HelmChartContainer - [POD] test-hivemq-platform-0 [ecde28f7-18af-40f1-9c7a-1ce07aef90f2] in helmpodsecuritycontextupgradeextensionit was ADDED
2025-01-29 13:59:50,057 INFO c.h.h.t.HelmChartContainer - [hivemq-test-hivemq-platform] [hivemq-platform-operator] [b7d503ad] 13:59:50.054 [ReconcilerExecutor-hivemq-controller-65] DEBUG c.h.p.o.HiveMQPlatformReconciler - [helmpods] StatefulSet Status (revision: null, replicas: 0, available: 0, ready: 0, current: 0, updated: 0)
2025-01-29 13:59:50,057 INFO c.h.h.t.HelmChartContainer - [hivemq-test-hivemq-platform] [hivemq-platform-operator] [b7d503ad] 13:59:50.055 [ReconcilerExecutor-hivemq-controller-65] DEBUG c.h.p.o.HiveMQPlatformReconciler - [helmpods] StatefulSet Spec (replicas: 1, init containers: 1, containers: 1, volumes: 4)
2025-01-29 13:59:50,058 INFO c.h.h.t.HelmChartContainer - [EVENT] Normal [SuccessfulCreate] create Pod test-hivemq-platform-0 in StatefulSet test-hivemq-platform successful [helmpodsecuritycontextupgradeextensionit:test-hivemq-platform]
2025-01-29 13:59:50,063 INFO c.h.h.t.HelmChartContainer - [EVENT] Normal [Scheduled] Successfully assigned helmpodsecuritycontextupgradeextensionit/test-hivemq-platform-0 to 9f0aeb600ff7 [helmpodsecuritycontextupgradeextensionit:test-hivemq-platform-0]
2025-01-29 13:59:50,064 INFO c.h.h.t.HelmChartContainer - [POD] test-hivemq-platform-0 [ecde28f7-18af-40f1-9c7a-1ce07aef90f2] in helmpodsecuritycontextupgradeextensionit was MODIFIED
2025-01-29 13:59:50,072 INFO c.h.h.t.HelmChartContainer - [POD] test-hivemq-platform-0 [ecde28f7-18af-40f1-9c7a-1ce07aef90f2] in helmpodsecuritycontextupgradeextensionit was MODIFIED
2025-01-29 13:59:50,133 INFO c.h.h.t.HelmChartContainer - [K3S] [reconciler_common.go:251] "operationExecutor.VerifyControllerAttachedVolume started for volume \"operator-init\" (UniqueName: \"kubernetes.io/empty-dir/ecde28f7-18af-40f1-9c7a-1ce07aef90f2-operator-init\") pod \"test-hivemq-platform-0\" (UID: \"ecde28f7-18af-40f1-9c7a-1ce07aef90f2\") " pod="helmpodsecuritycontextupgradeextensionit/test-hivemq-platform-0"
2025-01-29 13:59:50,134 INFO c.h.h.t.HelmChartContainer - [K3S] [reconciler_common.go:251] "operationExecutor.VerifyControllerAttachedVolume started for volume \"kube-api-access-p9p52\" (UniqueName: \"kubernetes.io/projected/ecde28f7-18af-40f1-9c7a-1ce07aef90f2-kube-api-access-p9p52\") pod \"test-hivemq-platform-0\" (UID: \"ecde28f7-18af-40f1-9c7a-1ce07aef90f2\") " pod="helmpodsecuritycontextupgradeextensionit/test-hivemq-platform-0"
2025-01-29 13:59:50,134 INFO c.h.h.t.HelmChartContainer - [K3S] [reconciler_common.go:251] "operationExecutor.VerifyControllerAttachedVolume started for volume \"extension-configuration-hivemq-distributed-tracing-extension\" (UniqueName: \"kubernetes.io/configmap/ecde28f7-18af-40f1-9c7a-1ce07aef90f2-extension-configuration-hivemq-distributed-tracing-extension\") pod \"test-hivemq-platform-0\" (UID: \"ecde28f7-18af-40f1-9c7a-1ce07aef90f2\") " pod="helmpodsecuritycontextupgradeextensionit/test-hivemq-platform-0"
2025-01-29 13:59:50,134 INFO c.h.h.t.HelmChartContainer - [K3S] [reconciler_common.go:251] "operationExecutor.VerifyControllerAttachedVolume started for volume \"pod-info\" (UniqueName: \"kubernetes.io/configmap/ecde28f7-18af-40f1-9c7a-1ce07aef90f2-pod-info\") pod \"test-hivemq-platform-0\" (UID: \"ecde28f7-18af-40f1-9c7a-1ce07aef90f2\") " pod="helmpodsecuritycontextupgradeextensionit/test-hivemq-platform-0"
2025-01-29 13:59:50,134 INFO c.h.h.t.HelmChartContainer - [K3S] [reconciler_common.go:251] "operationExecutor.VerifyControllerAttachedVolume started for volume \"broker-configuration\" (UniqueName: \"kubernetes.io/configmap/ecde28f7-18af-40f1-9c7a-1ce07aef90f2-broker-configuration\") pod \"test-hivemq-platform-0\" (UID: \"ecde28f7-18af-40f1-9c7a-1ce07aef90f2\") " pod="helmpodsecuritycontextupgradeextensionit/test-hivemq-platform-0"
2025-01-29 13:59:50,142 INFO c.h.h.t.HelmChartContainer - [hivemq-test-hivemq-platform] [hivemq-platform-operator] [b7d503ad] 13:59:50.141 [ReconcilerExecutor-hivemq-controller-65] INFO  c.h.p.o.h.HiveMQPlatformReconcilerBaseHandler - [helmpods] HiveMQ Platform is starting, 0 of 1 replicas are ready
2025-01-29 13:59:50,240 INFO c.h.h.t.HelmChartContainer - [hivemq-test-hivemq-platform] [hivemq-platform-operator] [b7d503ad] 13:59:50.236 [pool-6-thread-22] DEBUG c.h.p.o.d.PlatformServiceResource - [helmpods] Desired Platform services (3 services)
2025-01-29 13:59:50,242 INFO c.h.h.t.HelmChartContainer - [hivemq-test-hivemq-platform] [hivemq-platform-operator] [b7d503ad] 13:59:50.241 [pool-6-thread-23] DEBUG c.h.p.o.dependants.PodInfoConfigMap - [helmpods] Desired PodInfo ConfigMap (1 extensions) (1 enabled)
2025-01-29 13:59:50,243 INFO c.h.h.t.HelmChartContainer - [hivemq-test-hivemq-platform] [hivemq-platform-operator] [b7d503ad] 13:59:50.243 [pool-6-thread-23] DEBUG c.h.p.o.dependants.PodInfoConfigMap - [helmpods] Desired PodInfo ConfigMap (metrics port: 9399) (metrics path: /)
2025-01-29 13:59:50,244 INFO c.h.h.t.HelmChartContainer - [hivemq-test-hivemq-platform] [hivemq-platform-operator] [b7d503ad] 13:59:50.243 [pool-6-thread-23] DEBUG c.h.p.o.dependants.PodInfoConfigMap - [helmpods] Desired PodInfo ConfigMap (extension state hash: -1845918640)
2025-01-29 13:59:50,244 INFO c.h.h.t.HelmChartContainer - [hivemq-test-hivemq-platform] [hivemq-platform-operator] [b7d503ad] 13:59:50.243 [pool-6-thread-27] DEBUG c.h.p.o.d.PodServiceAccountResource - [helmpods] Desired PodServiceAccountResource (serviceAccountName: hivemq-platform-pod-test-hivemq-platform)
2025-01-29 13:59:50,339 INFO c.h.h.t.HelmChartContainer - [hivemq-test-hivemq-platform] [hivemq-platform-operator] [b7d503ad] 13:59:50.337 [pool-6-thread-30] DEBUG c.h.p.o.d.StatefulSetResource - [helmpods] Desired StatefulSet (1 replicas) for status STARTING (READY)
2025-01-29 13:59:50,347 INFO c.h.h.t.HelmChartContainer - [hivemq-test-hivemq-platform] [hivemq-platform-operator] [b7d503ad] 13:59:50.344 [ReconcilerExecutor-hivemq-controller-76] INFO  c.h.p.o.HiveMQPlatformReconciler - [helmpods] Reconciling HiveMQ Platform 'test-hivemq-platform' in namespace 'helmpodsecuritycontextupgradeextensionit'
2025-01-29 13:59:50,347 INFO c.h.h.t.HelmChartContainer - [hivemq-test-hivemq-platform] [hivemq-platform-operator] [b7d503ad] 13:59:50.345 [ReconcilerExecutor-hivemq-controller-76] DEBUG c.h.p.o.HiveMQPlatformReconciler - [helmpods] Custom Resource Status STARTING - HiveMQ Platform is starting (READY)
2025-01-29 13:59:50,347 INFO c.h.h.t.HelmChartContainer - [hivemq-test-hivemq-platform] [hivemq-platform-operator] [b7d503ad] 13:59:50.345 [ReconcilerExecutor-hivemq-controller-76] DEBUG c.h.p.o.HiveMQPlatformReconciler - [helmpods] Custom Resource Spec (replicas: 1) (extensions: 1)
2025-01-29 13:59:50,350 INFO c.h.h.t.HelmChartContainer - [hivemq-test-hivemq-platform] [hivemq-platform-operator] [b7d503ad] 13:59:50.348 [ReconcilerExecutor-hivemq-controller-76] DEBUG c.h.p.o.HiveMQPlatformReconciler - [helmpods] StatefulSet Status (revision: test-hivemq-platform-f6cdc458c, replicas: 1, available: 0, ready: 0, current: 1, updated: 1)
2025-01-29 13:59:50,350 INFO c.h.h.t.HelmChartContainer - [hivemq-test-hivemq-platform] [hivemq-platform-operator] [b7d503ad] 13:59:50.348 [ReconcilerExecutor-hivemq-controller-76] DEBUG c.h.p.o.HiveMQPlatformReconciler - [helmpods] StatefulSet Spec (replicas: 1, init containers: 1, containers: 1, volumes: 4)
2025-01-29 13:59:50,446 INFO c.h.h.t.HelmChartContainer - [hivemq-test-hivemq-platform] [hivemq-platform-operator] [b7d503ad] 13:59:50.444 [ReconcilerExecutor-hivemq-controller-76] DEBUG c.h.p.o.h.HiveMQPlatformReconcilerErrorHandler - [helmpods] Pod 'test-hivemq-platform-0' phase Pending
2025-01-29 13:59:50,448 INFO c.h.h.t.HelmChartContainer - [hivemq-test-hivemq-platform] [hivemq-platform-operator] [b7d503ad] 13:59:50.445 [ReconcilerExecutor-hivemq-controller-76] DEBUG c.h.p.o.h.HiveMQPlatformReconcilerErrorHandler - [helmpods] Pod 'test-hivemq-platform-0' condition 'PodReadyToStartContainers': False
2025-01-29 13:59:50,448 INFO c.h.h.t.HelmChartContainer - [hivemq-test-hivemq-platform] [hivemq-platform-operator] [b7d503ad] 13:59:50.446 [ReconcilerExecutor-hivemq-controller-76] DEBUG c.h.p.o.h.HiveMQPlatformReconcilerErrorHandler - [helmpods] Pod 'test-hivemq-platform-0' condition 'Initialized': False
2025-01-29 13:59:50,448 INFO c.h.h.t.HelmChartContainer - [hivemq-test-hivemq-platform] [hivemq-platform-operator] [b7d503ad] 13:59:50.446 [ReconcilerExecutor-hivemq-controller-76] DEBUG c.h.p.o.h.HiveMQPlatformReconcilerErrorHandler - [helmpods] Pod 'test-hivemq-platform-0' condition 'Ready': False
2025-01-29 13:59:50,450 INFO c.h.h.t.HelmChartContainer - [hivemq-test-hivemq-platform] [hivemq-platform-operator] [b7d503ad] 13:59:50.446 [ReconcilerExecutor-hivemq-controller-76] DEBUG c.h.p.o.h.HiveMQPlatformReconcilerErrorHandler - [helmpods] Pod 'test-hivemq-platform-0' condition 'ContainersReady': False
2025-01-29 13:59:50,451 INFO c.h.h.t.HelmChartContainer - [hivemq-test-hivemq-platform] [hivemq-platform-operator] [b7d503ad] 13:59:50.446 [ReconcilerExecutor-hivemq-controller-76] DEBUG c.h.p.o.h.HiveMQPlatformReconcilerErrorHandler - [helmpods] Pod 'test-hivemq-platform-0' condition 'PodScheduled': True
2025-01-29 13:59:50,451 INFO c.h.h.t.HelmChartContainer - [hivemq-test-hivemq-platform] [hivemq-platform-operator] [b7d503ad] 13:59:50.446 [ReconcilerExecutor-hivemq-controller-76] DEBUG c.h.p.o.h.HiveMQPlatformReconcilerErrorHandler - [helmpods] Pod 'test-hivemq-platform-0' containerStatus 'hivemq' (started: false) (ready: false) (waiting: [PodInitializing] null)
2025-01-29 13:59:50,451 INFO c.h.h.t.HelmChartContainer - [hivemq-test-hivemq-platform] [hivemq-platform-operator] [b7d503ad] 13:59:50.448 [ReconcilerExecutor-hivemq-controller-76] INFO  c.h.p.o.h.HiveMQPlatformReconcilerBaseHandler - [helmpods] HiveMQ Platform is starting, 0 of 1 replicas are ready
2025-01-29 13:59:50,458 INFO c.h.h.t.HelmChartContainer - [EVENT] Normal [Pulled] Container image "docker.io/hivemq/hivemq-platform-operator-init-test:snapshot" already present on machine [helmpodsecuritycontextupgradeextensionit:test-hivemq-platform-0]
2025-01-29 13:59:50,539 INFO c.h.h.t.HelmChartContainer - [hivemq-test-hivemq-platform] [hivemq-platform-operator] [b7d503ad] 13:59:50.535 [pool-6-thread-32] DEBUG c.h.p.o.d.PlatformServiceResource - [helmpods] Desired Platform services (3 services)
2025-01-29 13:59:50,541 INFO c.h.h.t.HelmChartContainer - [hivemq-test-hivemq-platform] [hivemq-platform-operator] [b7d503ad] 13:59:50.537 [pool-6-thread-33] DEBUG c.h.p.o.dependants.PodInfoConfigMap - [helmpods] Desired PodInfo ConfigMap (1 extensions) (1 enabled)
2025-01-29 13:59:50,541 INFO c.h.h.t.HelmChartContainer - [hivemq-test-hivemq-platform] [hivemq-platform-operator] [b7d503ad] 13:59:50.537 [pool-6-thread-33] DEBUG c.h.p.o.dependants.PodInfoConfigMap - [helmpods] Desired PodInfo ConfigMap (metrics port: 9399) (metrics path: /)
2025-01-29 13:59:50,541 INFO c.h.h.t.HelmChartContainer - [hivemq-test-hivemq-platform] [hivemq-platform-operator] [b7d503ad] 13:59:50.537 [pool-6-thread-33] DEBUG c.h.p.o.dependants.PodInfoConfigMap - [helmpods] Desired PodInfo ConfigMap (extension state hash: -1845918640)
2025-01-29 13:59:50,546 INFO c.h.h.t.HelmChartContainer - [hivemq-test-hivemq-platform] [hivemq-platform-operator] [b7d503ad] 13:59:50.545 [pool-6-thread-37] DEBUG c.h.p.o.d.PodServiceAccountResource - [helmpods] Desired PodServiceAccountResource (serviceAccountName: hivemq-platform-pod-test-hivemq-platform)
2025-01-29 13:59:50,570 INFO c.h.h.t.HelmChartContainer - [EVENT] Normal [Created] Created container: hivemq-platform-operator-init [helmpodsecuritycontextupgradeextensionit:test-hivemq-platform-0]
2025-01-29 13:59:50,604 INFO c.h.h.t.HelmChartContainer - [EVENT] Normal [Started] Started container hivemq-platform-operator-init [helmpodsecuritycontextupgradeextensionit:test-hivemq-platform-0]
2025-01-29 13:59:50,636 INFO c.h.h.t.HelmChartContainer - [hivemq-test-hivemq-platform] [hivemq-platform-operator] [b7d503ad] 13:59:50.635 [pool-6-thread-40] DEBUG c.h.p.o.d.StatefulSetResource - [helmpods] Desired StatefulSet (1 replicas) for status STARTING (READY)
2025-01-29 13:59:50,642 INFO c.h.h.t.HelmChartContainer - [hivemq-test-hivemq-platform] [hivemq-platform-operator] [b7d503ad] 13:59:50.641 [ReconcilerExecutor-hivemq-controller-87] INFO  c.h.p.o.HiveMQPlatformReconciler - [helmpods] Reconciling HiveMQ Platform 'test-hivemq-platform' in namespace 'helmpodsecuritycontextupgradeextensionit'
2025-01-29 13:59:50,642 INFO c.h.h.t.HelmChartContainer - [hivemq-test-hivemq-platform] [hivemq-platform-operator] [b7d503ad] 13:59:50.641 [ReconcilerExecutor-hivemq-controller-87] DEBUG c.h.p.o.HiveMQPlatformReconciler - [helmpods] Custom Resource Status STARTING - HiveMQ Platform is starting (READY)
2025-01-29 13:59:50,642 INFO c.h.h.t.HelmChartContainer - [hivemq-test-hivemq-platform] [hivemq-platform-operator] [b7d503ad] 13:59:50.641 [ReconcilerExecutor-hivemq-controller-87] DEBUG c.h.p.o.HiveMQPlatformReconciler - [helmpods] Custom Resource Spec (replicas: 1) (extensions: 1)
2025-01-29 13:59:50,647 INFO c.h.h.t.HelmChartContainer - [hivemq-test-hivemq-platform] [hivemq-platform-operator] [b7d503ad] 13:59:50.645 [ReconcilerExecutor-hivemq-controller-87] DEBUG c.h.p.o.HiveMQPlatformReconciler - [helmpods] StatefulSet Status (revision: test-hivemq-platform-f6cdc458c, replicas: 1, available: 0, ready: 0, current: 1, updated: 1)
2025-01-29 13:59:50,648 INFO c.h.h.t.HelmChartContainer - [hivemq-test-hivemq-platform] [hivemq-platform-operator] [b7d503ad] 13:59:50.645 [ReconcilerExecutor-hivemq-controller-87] DEBUG c.h.p.o.HiveMQPlatformReconciler - [helmpods] StatefulSet Spec (replicas: 1, init containers: 1, containers: 1, volumes: 4)
2025-01-29 13:59:50,649 INFO c.h.h.t.HelmChartContainer - [hivemq-test-hivemq-platform] [hivemq-platform-operator] [b7d503ad] 13:59:50.648 [ReconcilerExecutor-hivemq-controller-87] DEBUG c.h.p.o.h.HiveMQPlatformReconcilerErrorHandler - [helmpods] Pod 'test-hivemq-platform-0' phase Pending
2025-01-29 13:59:50,650 INFO c.h.h.t.HelmChartContainer - [hivemq-test-hivemq-platform] [hivemq-platform-operator] [b7d503ad] 13:59:50.648 [ReconcilerExecutor-hivemq-controller-87] DEBUG c.h.p.o.h.HiveMQPlatformReconcilerErrorHandler - [helmpods] Pod 'test-hivemq-platform-0' condition 'PodReadyToStartContainers': False
2025-01-29 13:59:50,651 INFO c.h.h.t.HelmChartContainer - [hivemq-test-hivemq-platform] [hivemq-platform-operator] [b7d503ad] 13:59:50.648 [ReconcilerExecutor-hivemq-controller-87] DEBUG c.h.p.o.h.HiveMQPlatformReconcilerErrorHandler - [helmpods] Pod 'test-hivemq-platform-0' condition 'Initialized': False
2025-01-29 13:59:50,651 INFO c.h.h.t.HelmChartContainer - [hivemq-test-hivemq-platform] [hivemq-platform-operator] [b7d503ad] 13:59:50.648 [ReconcilerExecutor-hivemq-controller-87] DEBUG c.h.p.o.h.HiveMQPlatformReconcilerErrorHandler - [helmpods] Pod 'test-hivemq-platform-0' condition 'Ready': False
2025-01-29 13:59:50,651 INFO c.h.h.t.HelmChartContainer - [hivemq-test-hivemq-platform] [hivemq-platform-operator] [b7d503ad] 13:59:50.649 [ReconcilerExecutor-hivemq-controller-87] DEBUG c.h.p.o.h.HiveMQPlatformReconcilerErrorHandler - [helmpods] Pod 'test-hivemq-platform-0' condition 'ContainersReady': False
2025-01-29 13:59:50,651 INFO c.h.h.t.HelmChartContainer - [hivemq-test-hivemq-platform] [hivemq-platform-operator] [b7d503ad] 13:59:50.649 [ReconcilerExecutor-hivemq-controller-87] DEBUG c.h.p.o.h.HiveMQPlatformReconcilerErrorHandler - [helmpods] Pod 'test-hivemq-platform-0' condition 'PodScheduled': True
2025-01-29 13:59:50,651 INFO c.h.h.t.HelmChartContainer - [hivemq-test-hivemq-platform] [hivemq-platform-operator] [b7d503ad] 13:59:50.649 [ReconcilerExecutor-hivemq-controller-87] DEBUG c.h.p.o.h.HiveMQPlatformReconcilerErrorHandler - [helmpods] Pod 'test-hivemq-platform-0' containerStatus 'hivemq' (started: false) (ready: false) (waiting: [PodInitializing] null)
2025-01-29 13:59:50,651 INFO c.h.h.t.HelmChartContainer - [hivemq-test-hivemq-platform] [hivemq-platform-operator] [b7d503ad] 13:59:50.650 [ReconcilerExecutor-hivemq-controller-87] INFO  c.h.p.o.h.HiveMQPlatformReconcilerBaseHandler - [helmpods] HiveMQ Platform is starting, 0 of 1 replicas are ready
2025-01-29 13:59:51,477 INFO c.h.h.t.HelmChartContainer - [EVENT] Normal [Pulled] Container image "docker.io/hivemq/hivemq4:4.36.0" already present on machine [helmpodsecuritycontextupgradeextensionit:test-hivemq-platform-0]
2025-01-29 13:59:51,477 INFO c.h.h.t.HelmChartContainer - Received Pulled event for container hivemq in pod test-hivemq-platform-0 [ecde28f7-18af-40f1-9c7a-1ce07aef90f2]
2025-01-29 13:59:51,485 INFO c.h.h.t.HelmChartContainer - [POD] test-hivemq-platform-0 [ecde28f7-18af-40f1-9c7a-1ce07aef90f2] in helmpodsecuritycontextupgradeextensionit was MODIFIED
2025-01-29 13:59:51,511 INFO c.h.h.t.HelmChartContainer - [hivemq-test-hivemq-platform] [hivemq-platform-operator] [b7d503ad] 13:59:51.505 [pool-6-thread-42] DEBUG c.h.p.o.d.PlatformServiceResource - [helmpods] Desired Platform services (3 services)
2025-01-29 13:59:51,515 INFO c.h.h.t.HelmChartContainer - [hivemq-test-hivemq-platform] [hivemq-platform-operator] [b7d503ad] 13:59:51.509 [pool-6-thread-43] DEBUG c.h.p.o.dependants.PodInfoConfigMap - [helmpods] Desired PodInfo ConfigMap (1 extensions) (1 enabled)
2025-01-29 13:59:51,515 INFO c.h.h.t.HelmChartContainer - [hivemq-test-hivemq-platform] [hivemq-platform-operator] [b7d503ad] 13:59:51.509 [pool-6-thread-43] DEBUG c.h.p.o.dependants.PodInfoConfigMap - [helmpods] Desired PodInfo ConfigMap (metrics port: 9399) (metrics path: /)
2025-01-29 13:59:51,515 INFO c.h.h.t.HelmChartContainer - [hivemq-test-hivemq-platform] [hivemq-platform-operator] [b7d503ad] 13:59:51.509 [pool-6-thread-43] DEBUG c.h.p.o.dependants.PodInfoConfigMap - [helmpods] Desired PodInfo ConfigMap (extension state hash: -1845918640)
2025-01-29 13:59:51,520 INFO c.h.h.t.HelmChartContainer - [hivemq-test-hivemq-platform] [hivemq-platform-operator] [b7d503ad] 13:59:51.519 [pool-6-thread-47] DEBUG c.h.p.o.d.PodServiceAccountResource - [helmpods] Desired PodServiceAccountResource (serviceAccountName: hivemq-platform-pod-test-hivemq-platform)
2025-01-29 13:59:51,595 INFO c.h.h.t.HelmChartContainer - [hivemq-test-hivemq-platform] [hivemq-platform-operator] [b7d503ad] 13:59:51.592 [pool-6-thread-50] DEBUG c.h.p.o.d.StatefulSetResource - [helmpods] Desired StatefulSet (1 replicas) for status STARTING (READY)
2025-01-29 13:59:51,599 INFO c.h.h.t.HelmChartContainer - [hivemq-test-hivemq-platform] [hivemq-platform-operator] [b7d503ad] 13:59:51.598 [ReconcilerExecutor-hivemq-controller-98] INFO  c.h.p.o.HiveMQPlatformReconciler - [helmpods] Reconciling HiveMQ Platform 'test-hivemq-platform' in namespace 'helmpodsecuritycontextupgradeextensionit'
2025-01-29 13:59:51,602 INFO c.h.h.t.HelmChartContainer - [hivemq-test-hivemq-platform] [hivemq-platform-operator] [b7d503ad] 13:59:51.599 [ReconcilerExecutor-hivemq-controller-98] DEBUG c.h.p.o.HiveMQPlatformReconciler - [helmpods] Custom Resource Status STARTING - HiveMQ Platform is starting (READY)
2025-01-29 13:59:51,604 INFO c.h.h.t.HelmChartContainer - [hivemq-test-hivemq-platform] [hivemq-platform-operator] [b7d503ad] 13:59:51.599 [ReconcilerExecutor-hivemq-controller-98] DEBUG c.h.p.o.HiveMQPlatformReconciler - [helmpods] Custom Resource Spec (replicas: 1) (extensions: 1)
2025-01-29 13:59:51,605 INFO c.h.h.t.HelmChartContainer - [hivemq-test-hivemq-platform] [hivemq-platform-operator] [b7d503ad] 13:59:51.602 [ReconcilerExecutor-hivemq-controller-98] DEBUG c.h.p.o.HiveMQPlatformReconciler - [helmpods] StatefulSet Status (revision: test-hivemq-platform-f6cdc458c, replicas: 1, available: 0, ready: 0, current: 1, updated: 1)
2025-01-29 13:59:51,605 INFO c.h.h.t.HelmChartContainer - [hivemq-test-hivemq-platform] [hivemq-platform-operator] [b7d503ad] 13:59:51.602 [ReconcilerExecutor-hivemq-controller-98] DEBUG c.h.p.o.HiveMQPlatformReconciler - [helmpods] StatefulSet Spec (replicas: 1, init containers: 1, containers: 1, volumes: 4)
2025-01-29 13:59:51,607 INFO c.h.h.t.HelmChartContainer - [hivemq-test-hivemq-platform] [hivemq-platform-operator] [b7d503ad] 13:59:51.605 [ReconcilerExecutor-hivemq-controller-98] DEBUG c.h.p.o.h.HiveMQPlatformReconcilerErrorHandler - [helmpods] Pod 'test-hivemq-platform-0' phase Pending
2025-01-29 13:59:51,608 INFO c.h.h.t.HelmChartContainer - [hivemq-test-hivemq-platform] [hivemq-platform-operator] [b7d503ad] 13:59:51.606 [ReconcilerExecutor-hivemq-controller-98] DEBUG c.h.p.o.h.HiveMQPlatformReconcilerErrorHandler - [helmpods] Pod 'test-hivemq-platform-0' condition 'PodReadyToStartContainers': True
2025-01-29 13:59:51,608 INFO c.h.h.t.HelmChartContainer - [hivemq-test-hivemq-platform] [hivemq-platform-operator] [b7d503ad] 13:59:51.606 [ReconcilerExecutor-hivemq-controller-98] DEBUG c.h.p.o.h.HiveMQPlatformReconcilerErrorHandler - [helmpods] Pod 'test-hivemq-platform-0' condition 'Initialized': True
2025-01-29 13:59:51,608 INFO c.h.h.t.HelmChartContainer - [hivemq-test-hivemq-platform] [hivemq-platform-operator] [b7d503ad] 13:59:51.606 [ReconcilerExecutor-hivemq-controller-98] DEBUG c.h.p.o.h.HiveMQPlatformReconcilerErrorHandler - [helmpods] Pod 'test-hivemq-platform-0' condition 'Ready': False
2025-01-29 13:59:51,608 INFO c.h.h.t.HelmChartContainer - [hivemq-test-hivemq-platform] [hivemq-platform-operator] [b7d503ad] 13:59:51.606 [ReconcilerExecutor-hivemq-controller-98] DEBUG c.h.p.o.h.HiveMQPlatformReconcilerErrorHandler - [helmpods] Pod 'test-hivemq-platform-0' condition 'ContainersReady': False
2025-01-29 13:59:51,608 INFO c.h.h.t.HelmChartContainer - [hivemq-test-hivemq-platform] [hivemq-platform-operator] [b7d503ad] 13:59:51.606 [ReconcilerExecutor-hivemq-controller-98] DEBUG c.h.p.o.h.HiveMQPlatformReconcilerErrorHandler - [helmpods] Pod 'test-hivemq-platform-0' condition 'PodScheduled': True
2025-01-29 13:59:51,608 INFO c.h.h.t.HelmChartContainer - [hivemq-test-hivemq-platform] [hivemq-platform-operator] [b7d503ad] 13:59:51.606 [ReconcilerExecutor-hivemq-controller-98] DEBUG c.h.p.o.h.HiveMQPlatformReconcilerErrorHandler - [helmpods] Pod 'test-hivemq-platform-0' containerStatus 'hivemq' (started: false) (ready: false) (waiting: [PodInitializing] null)
2025-01-29 13:59:51,609 INFO c.h.h.t.HelmChartContainer - [hivemq-test-hivemq-platform] [hivemq-platform-operator] [b7d503ad] 13:59:51.607 [ReconcilerExecutor-hivemq-controller-98] INFO  c.h.p.o.h.HiveMQPlatformReconcilerBaseHandler - [helmpods] HiveMQ Platform is starting, 0 of 1 replicas are ready
2025-01-29 13:59:52,705 INFO c.h.h.t.HelmChartContainer - [EVENT] Normal [Created] Created container: hivemq [helmpodsecuritycontextupgradeextensionit:test-hivemq-platform-0]
2025-01-29 13:59:52,705 INFO c.h.h.t.HelmChartContainer - Received Created event for container hivemq in pod test-hivemq-platform-0 [ecde28f7-18af-40f1-9c7a-1ce07aef90f2]
2025-01-29 13:59:53,491 INFO c.h.h.t.HelmChartContainer - [POD] test-hivemq-platform-0 [ecde28f7-18af-40f1-9c7a-1ce07aef90f2] in helmpodsecuritycontextupgradeextensionit was MODIFIED
2025-01-29 13:59:53,503 INFO c.h.h.t.HelmChartContainer - [hivemq-test-hivemq-platform] [hivemq-platform-operator] [b7d503ad] 13:59:53.498 [pool-6-thread-8] DEBUG c.h.p.o.d.PlatformServiceResource - [helmpods] Desired Platform services (3 services)
2025-01-29 13:59:53,507 INFO c.h.h.t.HelmChartContainer - [hivemq-test-hivemq-platform] [hivemq-platform-operator] [b7d503ad] 13:59:53.502 [pool-6-thread-6] DEBUG c.h.p.o.d.PodServiceAccountResource - [helmpods] Desired PodServiceAccountResource (serviceAccountName: hivemq-platform-pod-test-hivemq-platform)
2025-01-29 13:59:53,507 INFO c.h.h.t.HelmChartContainer - [EVENT] Normal [Started] Started container hivemq [helmpodsecuritycontextupgradeextensionit:test-hivemq-platform-0]
2025-01-29 13:59:53,508 INFO c.h.h.t.HelmChartContainer - Received Started event for container hivemq in pod test-hivemq-platform-0 [ecde28f7-18af-40f1-9c7a-1ce07aef90f2]
2025-01-29 13:59:53,508 INFO c.h.h.t.HelmChartContainer - Started log watcher for hivemq in pod test-hivemq-platform-0 [ecde28f7-18af-40f1-9c7a-1ce07aef90f2]
2025-01-29 13:59:53,509 INFO c.h.h.t.HelmChartContainer - [test-hivemq-platform] [hivemq] [ecde28f7] Adding pre-installed HiveMQ Platform Operator extensions
2025-01-29 13:59:53,509 INFO c.h.h.t.HelmChartContainer - [test-hivemq-platform] [hivemq] [ecde28f7] Running as user 10000
2025-01-29 13:59:53,509 INFO c.h.h.t.HelmChartContainer - [test-hivemq-platform] [hivemq] [ecde28f7] Starting HiveMQ Platform Operator Init
2025-01-29 13:59:53,514 INFO c.h.h.t.HelmChartContainer - [hivemq-test-hivemq-platform] [hivemq-platform-operator] [b7d503ad] 13:59:53.506 [pool-6-thread-5] DEBUG c.h.p.o.dependants.PodInfoConfigMap - [helmpods] Desired PodInfo ConfigMap (1 extensions) (1 enabled)
2025-01-29 13:59:53,515 INFO c.h.h.t.HelmChartContainer - [hivemq-test-hivemq-platform] [hivemq-platform-operator] [b7d503ad] 13:59:53.512 [pool-6-thread-5] DEBUG c.h.p.o.dependants.PodInfoConfigMap - [helmpods] Desired PodInfo ConfigMap (metrics port: 9399) (metrics path: /)
2025-01-29 13:59:53,515 INFO c.h.h.t.HelmChartContainer - [hivemq-test-hivemq-platform] [hivemq-platform-operator] [b7d503ad] 13:59:53.512 [pool-6-thread-5] DEBUG c.h.p.o.dependants.PodInfoConfigMap - [helmpods] Desired PodInfo ConfigMap (extension state hash: -1845918640)
2025-01-29 13:59:53,593 INFO c.h.h.t.HelmChartContainer - [hivemq-test-hivemq-platform] [hivemq-platform-operator] [b7d503ad] 13:59:53.592 [pool-6-thread-8] DEBUG c.h.p.o.d.StatefulSetResource - [helmpods] Desired StatefulSet (1 replicas) for status STARTING (READY)
2025-01-29 13:59:53,599 INFO c.h.h.t.HelmChartContainer - [hivemq-test-hivemq-platform] [hivemq-platform-operator] [b7d503ad] 13:59:53.597 [ReconcilerExecutor-hivemq-controller-109] INFO  c.h.p.o.HiveMQPlatformReconciler - [helmpods] Reconciling HiveMQ Platform 'test-hivemq-platform' in namespace 'helmpodsecuritycontextupgradeextensionit'
2025-01-29 13:59:53,600 INFO c.h.h.t.HelmChartContainer - [hivemq-test-hivemq-platform] [hivemq-platform-operator] [b7d503ad] 13:59:53.597 [ReconcilerExecutor-hivemq-controller-109] DEBUG c.h.p.o.HiveMQPlatformReconciler - [helmpods] Custom Resource Status STARTING - HiveMQ Platform is starting (READY)
2025-01-29 13:59:53,600 INFO c.h.h.t.HelmChartContainer - [hivemq-test-hivemq-platform] [hivemq-platform-operator] [b7d503ad] 13:59:53.597 [ReconcilerExecutor-hivemq-controller-109] DEBUG c.h.p.o.HiveMQPlatformReconciler - [helmpods] Custom Resource Spec (replicas: 1) (extensions: 1)
2025-01-29 13:59:53,602 INFO c.h.h.t.HelmChartContainer - [hivemq-test-hivemq-platform] [hivemq-platform-operator] [b7d503ad] 13:59:53.601 [ReconcilerExecutor-hivemq-controller-109] DEBUG c.h.p.o.HiveMQPlatformReconciler - [helmpods] StatefulSet Status (revision: test-hivemq-platform-f6cdc458c, replicas: 1, available: 0, ready: 0, current: 1, updated: 1)
2025-01-29 13:59:53,602 INFO c.h.h.t.HelmChartContainer - [hivemq-test-hivemq-platform] [hivemq-platform-operator] [b7d503ad] 13:59:53.602 [ReconcilerExecutor-hivemq-controller-109] DEBUG c.h.p.o.HiveMQPlatformReconciler - [helmpods] StatefulSet Spec (replicas: 1, init containers: 1, containers: 1, volumes: 4)
2025-01-29 13:59:53,605 INFO c.h.h.t.HelmChartContainer - [hivemq-test-hivemq-platform] [hivemq-platform-operator] [b7d503ad] 13:59:53.604 [ReconcilerExecutor-hivemq-controller-109] DEBUG c.h.p.o.h.HiveMQPlatformReconcilerErrorHandler - [helmpods] Pod 'test-hivemq-platform-0' phase Running
2025-01-29 13:59:53,606 INFO c.h.h.t.HelmChartContainer - [hivemq-test-hivemq-platform] [hivemq-platform-operator] [b7d503ad] 13:59:53.605 [ReconcilerExecutor-hivemq-controller-109] INFO  c.h.p.o.h.HiveMQPlatformReconcilerBaseHandler - [helmpods] HiveMQ Platform is starting, 0 of 1 replicas are ready
2025-01-29 13:59:53,948 INFO c.h.h.t.HelmChartContainer - [test-hivemq-platform] [hivemq] [ecde28f7] INFO  - [HiveMQ Platform Operator Init 1.7.0-SNAPSHOT] HiveMQ Platform Operator Init 1.7.0-SNAPSHOT (commit: bebf408 on branch: HEAD) built on Sun Jan 26 20:47:47 UTC 2025
2025-01-29 13:59:55,064 INFO c.h.h.t.HelmChartContainer - [test-hivemq-platform] [hivemq] [ecde28f7] INFO  - [HiveMQ Platform Operator Init App 1.7.0-SNAPSHOT] Using bind address 10.42.0.10 from environment variable
2025-01-29 13:59:55,966 INFO c.h.h.t.HelmChartContainer - [test-hivemq-platform] [hivemq] [ecde28f7] INFO  - [HiveMQ Platform Operator Init App 1.7.0-SNAPSHOT] HiveMQ Platform Operator Init App 1.7.0-SNAPSHOT (commit: bebf408 on branch: HEAD) built on Sun Jan 26 20:47:47 UTC 2025
2025-01-29 13:59:55,966 INFO c.h.h.t.HelmChartContainer - [test-hivemq-platform] [hivemq] [ecde28f7] INFO  - [HiveMQ Platform Operator Init App 1.7.0-SNAPSHOT] PodInfo ConfigMap directory: /etc/podinfo
2025-01-29 13:59:55,966 INFO c.h.h.t.HelmChartContainer - [test-hivemq-platform] [hivemq] [ecde28f7] INFO  - [HiveMQ Platform Operator Init App 1.7.0-SNAPSHOT] HiveMQ home directory: /opt/hivemq
2025-01-29 13:59:55,966 INFO c.h.h.t.HelmChartContainer - [test-hivemq-platform] [hivemq] [ecde28f7] INFO  - [HiveMQ Platform Operator Init App 1.7.0-SNAPSHOT] HiveMQ Logback folder: /opt/hivemq/conf
2025-01-29 13:59:55,966 INFO c.h.h.t.HelmChartContainer - [test-hivemq-platform] [hivemq] [ecde28f7] INFO  - [HiveMQ Platform Operator Init App 1.7.0-SNAPSHOT] HiveMQ Config folder: /opt/hivemq/conf-k8s
2025-01-29 13:59:55,966 INFO c.h.h.t.HelmChartContainer - [test-hivemq-platform] [hivemq] [ecde28f7] INFO  - [HiveMQ Platform Operator Init App 1.7.0-SNAPSHOT] Starting HiveMQ Platform Operator Init App
2025-01-29 13:59:55,966 INFO c.h.h.t.HelmChartContainer - [test-hivemq-platform] [hivemq] [ecde28f7] INFO  - [HiveMQ Platform Operator Init App 1.7.0-SNAPSHOT] Starting Pod reconciler
2025-01-29 13:59:57,145 INFO c.h.h.t.HelmChartContainer - [test-hivemq-platform] [hivemq] [ecde28f7] INFO  - [HiveMQ Platform Operator Init App 1.7.0-SNAPSHOT] Pod reconciler is scheduled (interval: 5000 ms)
2025-01-29 13:59:57,146 INFO c.h.h.t.HelmChartContainer - [test-hivemq-platform] [hivemq] [ecde28f7] INFO  - [HiveMQ Platform Operator Init App 1.7.0-SNAPSHOT] Starting the REST API on 10.42.0.10:7979
2025-01-29 13:59:57,148 INFO c.h.h.t.HelmChartContainer - [test-hivemq-platform] [hivemq] [ecde28f7] INFO  - [HiveMQ Platform Operator Init App 1.7.0-SNAPSHOT] Waiting up to 600s for at most 1 HiveMQ nodes in cluster service hivemq-test-hivemq-platform-cluster.helmpodsecuritycontextupgradeextensionit.svc
2025-01-29 13:59:57,461 INFO c.h.h.t.HelmChartContainer - [test-hivemq-platform] [hivemq] [ecde28f7] INFO  - [HiveMQ Platform Operator Init App 1.7.0-SNAPSHOT] Resolved 1 IP addresses: [10.42.0.10]
2025-01-29 13:59:57,461 INFO c.h.h.t.HelmChartContainer - [test-hivemq-platform] [hivemq] [ecde28f7] INFO  - [HiveMQ Platform Operator Init App 1.7.0-SNAPSHOT] HiveMQ node count of 1 is within threshold of 1
2025-01-29 13:59:57,461 INFO c.h.h.t.HelmChartContainer - [test-hivemq-platform] [hivemq] [ecde28f7] INFO  - [HiveMQ Platform Operator Init App 1.7.0-SNAPSHOT] Proceeding with container start
2025-01-29 13:59:57,560 INFO c.h.h.t.HelmChartContainer - [test-hivemq-platform] [hivemq] [ecde28f7] INFO  - [HiveMQ Platform Operator Init App 1.7.0-SNAPSHOT] Initializing HiveMQ Platform extensions with initial configuration: {hivemq-distributed-tracing-extension={start-priority=-1, skip-https-hostname-verification=false, restart=false, config-version=1071, header-version=0, c-uri=, priority=-1, uri=preinstalled, skip-https-certificate-validation=false, enabled=true}, hivemq-prometheus-extension={c-uri=, start-priority=-1, priority=-1, restart=true, enabled=true, request-header-path=no-request-headers, uri=preinstalled, skip-https-certificate-validation=false, skip-https-hostname-verification=false}}
2025-01-29 13:59:58,037 INFO c.h.h.t.HelmChartContainer - [test-hivemq-platform] [hivemq] [ecde28f7] INFO  - [HiveMQ Platform Operator Init App 1.7.0-SNAPSHOT] Successfully enabled extension hivemq-distributed-tracing-extension
2025-01-29 13:59:58,050 INFO c.h.h.t.HelmChartContainer - [test-hivemq-platform] [hivemq] [ecde28f7] INFO  - [HiveMQ Platform Operator Init App 1.7.0-SNAPSHOT] Successfully enabled extension hivemq-prometheus-extension
2025-01-29 13:59:58,051 INFO c.h.h.t.HelmChartContainer - [test-hivemq-platform] [hivemq] [ecde28f7] INFO  - [HiveMQ Platform Operator Init App 1.7.0-SNAPSHOT] Starting HiveMQ Platform version 4.36.0 (4.36.0)
2025-01-29 13:59:58,051 INFO c.h.h.t.HelmChartContainer - [test-hivemq-platform] [hivemq] [ecde28f7] INFO  - [HiveMQ Platform Operator Init App 1.7.0-SNAPSHOT] Configuring the HiveMQ Platform
2025-01-29 13:59:58,143 INFO c.h.h.t.HelmChartContainer - [test-hivemq-platform] [hivemq] [ecde28f7] INFO  - [HiveMQ Platform Operator Init App 1.7.0-SNAPSHOT] Changed logback.xml file scan period to 20 seconds
2025-01-29 13:59:58,238 INFO c.h.h.t.HelmChartContainer - [test-hivemq-platform] [hivemq] [ecde28f7] INFO  - [HiveMQ Platform Operator Init App 1.7.0-SNAPSHOT] Starting the HiveMQ Platform
2025-01-29 13:59:58,241 INFO c.h.h.t.HelmChartContainer - [test-hivemq-platform] [hivemq] [ecde28f7] -------------------------------------------------------------------------
2025-01-29 13:59:58,241 INFO c.h.h.t.HelmChartContainer - [test-hivemq-platform] [hivemq] [ecde28f7] 
2025-01-29 13:59:58,241 INFO c.h.h.t.HelmChartContainer - [test-hivemq-platform] [hivemq] [ecde28f7]                   _    _  _              __  __   ____
2025-01-29 13:59:58,241 INFO c.h.h.t.HelmChartContainer - [test-hivemq-platform] [hivemq] [ecde28f7]                  | |  | |(_)            |  \/  | / __ \
2025-01-29 13:59:58,242 INFO c.h.h.t.HelmChartContainer - [test-hivemq-platform] [hivemq] [ecde28f7]                  | |__| | _ __   __ ___ | \  / || |  | |
2025-01-29 13:59:58,242 INFO c.h.h.t.HelmChartContainer - [test-hivemq-platform] [hivemq] [ecde28f7]                  |  __  || |\ \ / // _ \| |\/| || |  | |
2025-01-29 13:59:58,242 INFO c.h.h.t.HelmChartContainer - [test-hivemq-platform] [hivemq] [ecde28f7]                  | |  | || | \ V /|  __/| |  | || |__| |
2025-01-29 13:59:58,242 INFO c.h.h.t.HelmChartContainer - [test-hivemq-platform] [hivemq] [ecde28f7]                  |_|  |_||_|  \_/  \___||_|  |_| \___\_\
2025-01-29 13:59:58,242 INFO c.h.h.t.HelmChartContainer - [test-hivemq-platform] [hivemq] [ecde28f7] 
2025-01-29 13:59:58,242 INFO c.h.h.t.HelmChartContainer - [test-hivemq-platform] [hivemq] [ecde28f7] -------------------------------------------------------------------------
2025-01-29 13:59:58,242 INFO c.h.h.t.HelmChartContainer - [test-hivemq-platform] [hivemq] [ecde28f7] 
2025-01-29 13:59:58,242 INFO c.h.h.t.HelmChartContainer - [test-hivemq-platform] [hivemq] [ecde28f7]   HiveMQ Start Script for Linux/Unix v1.14
2025-01-29 13:59:58,242 INFO c.h.h.t.HelmChartContainer - [test-hivemq-platform] [hivemq] [ecde28f7] 
2025-01-29 13:59:58,270 INFO c.h.h.t.HelmChartContainer - [test-hivemq-platform] [hivemq] [ecde28f7] -------------------------------------------------------------------------
2025-01-29 13:59:58,270 INFO c.h.h.t.HelmChartContainer - [test-hivemq-platform] [hivemq] [ecde28f7] 
2025-01-29 13:59:58,270 INFO c.h.h.t.HelmChartContainer - [test-hivemq-platform] [hivemq] [ecde28f7]   HIVEMQ_HOME: /opt/hivemq
2025-01-29 13:59:58,270 INFO c.h.h.t.HelmChartContainer - [test-hivemq-platform] [hivemq] [ecde28f7] 
2025-01-29 13:59:58,270 INFO c.h.h.t.HelmChartContainer - [test-hivemq-platform] [hivemq] [ecde28f7]   JAVA_OPTS: -XX:+UnlockExperimentalVMOptions -XX:InitialRAMPercentage=50 -XX:MaxRAMPercentage=50 -Djava.net.preferIPv4Stack=true --add-opens java.base/java.lang=ALL-UNNAMED --add-opens java.base/java.nio=ALL-UNNAMED --add-opens java.base/sun.nio.ch=ALL-UNNAMED --add-opens jdk.management/com.sun.management.internal=ALL-UNNAMED --add-exports java.base/jdk.internal.misc=ALL-UNNAMED -Djava.security.egd=file:/dev/./urandom -Dcom.sun.management.jmxremote -Dcom.sun.management.jmxremote.port=9010 -Dcom.sun.management.jmxremote.local.only=false -Dcom.sun.management.jmxremote.authenticate=false -Dcom.sun.management.jmxremote.ssl=false -Duser.language=en -Duser.region=US -XX:+CrashOnOutOfMemoryError -XX:+HeapDumpOnOutOfMemoryError
2025-01-29 13:59:58,270 INFO c.h.h.t.HelmChartContainer - [test-hivemq-platform] [hivemq] [ecde28f7] 
2025-01-29 13:59:58,270 INFO c.h.h.t.HelmChartContainer - [test-hivemq-platform] [hivemq] [ecde28f7]   JAVA_VERSION: 21
2025-01-29 13:59:58,270 INFO c.h.h.t.HelmChartContainer - [test-hivemq-platform] [hivemq] [ecde28f7] 
2025-01-29 13:59:58,270 INFO c.h.h.t.HelmChartContainer - [test-hivemq-platform] [hivemq] [ecde28f7] -------------------------------------------------------------------------
2025-01-29 13:59:58,270 INFO c.h.h.t.HelmChartContainer - [test-hivemq-platform] [hivemq] [ecde28f7] 
2025-01-29 13:59:59,550 INFO c.h.h.t.HelmChartContainer - [test-hivemq-platform] [hivemq] [ecde28f7] INFO  - [HiveMQ Platform Operator Init App 1.7.0-SNAPSHOT] Returning default Health API response 503 for readiness
2025-01-29 13:59:59,946 INFO c.h.h.t.HelmChartContainer - [EVENT] Warning [Unhealthy] Readiness probe failed: HTTP probe failed with statuscode: 503 [helmpodsecuritycontextupgradeextensionit:test-hivemq-platform-0]
2025-01-29 13:59:59,946 INFO c.h.h.t.HelmChartContainer - Received Unhealthy event for container hivemq in pod test-hivemq-platform-0 [ecde28f7-18af-40f1-9c7a-1ce07aef90f2]
2025-01-29 14:00:00,953 INFO c.h.h.t.HelmChartContainer - [test-hivemq-platform] [hivemq] [ecde28f7] INFO  - Starting HiveMQ Enterprise Server
2025-01-29 14:00:00,959 INFO c.h.h.t.HelmChartContainer - [test-hivemq-platform] [hivemq] [ecde28f7] INFO  - HiveMQ version: 4.36.0
2025-01-29 14:00:00,960 INFO c.h.h.t.HelmChartContainer - [test-hivemq-platform] [hivemq] [ecde28f7] INFO  - HiveMQ home directory: /opt/hivemq
2025-01-29 14:00:00,960 INFO c.h.h.t.HelmChartContainer - [test-hivemq-platform] [hivemq] [ecde28f7] INFO  - Log Configuration was overridden by /opt/hivemq/conf/logback.xml
2025-01-29 14:00:02,247 INFO c.h.h.t.HelmChartContainer - [test-hivemq-platform] [hivemq] [ecde28f7] INFO  - Successfully loaded configuration from '/opt/hivemq/conf-k8s/config.xml'.
2025-01-29 14:00:03,141 INFO c.h.h.t.HelmChartContainer - [test-hivemq-platform] [hivemq] [ecde28f7] INFO  - This node's ID is Huju5
2025-01-29 14:00:03,142 INFO c.h.h.t.HelmChartContainer - [test-hivemq-platform] [hivemq] [ecde28f7] INFO  - Clustering is enabled
2025-01-29 14:00:03,613 INFO c.h.h.t.HelmChartContainer - [hivemq-test-hivemq-platform] [hivemq-platform-operator] [b7d503ad] 14:00:03.610 [pool-6-thread-14] DEBUG c.h.p.o.d.PlatformServiceResource - [helmpods] Desired Platform services (3 services)
2025-01-29 14:00:03,613 INFO c.h.h.t.HelmChartContainer - [hivemq-test-hivemq-platform] [hivemq-platform-operator] [b7d503ad] 14:00:03.611 [pool-6-thread-16] DEBUG c.h.p.o.dependants.PodInfoConfigMap - [helmpods] Desired PodInfo ConfigMap (1 extensions) (1 enabled)
2025-01-29 14:00:03,613 INFO c.h.h.t.HelmChartContainer - [hivemq-test-hivemq-platform] [hivemq-platform-operator] [b7d503ad] 14:00:03.611 [pool-6-thread-16] DEBUG c.h.p.o.dependants.PodInfoConfigMap - [helmpods] Desired PodInfo ConfigMap (metrics port: 9399) (metrics path: /)
2025-01-29 14:00:03,613 INFO c.h.h.t.HelmChartContainer - [hivemq-test-hivemq-platform] [hivemq-platform-operator] [b7d503ad] 14:00:03.611 [pool-6-thread-16] DEBUG c.h.p.o.dependants.PodInfoConfigMap - [helmpods] Desired PodInfo ConfigMap (extension state hash: -1845918640)
2025-01-29 14:00:03,613 INFO c.h.h.t.HelmChartContainer - [hivemq-test-hivemq-platform] [hivemq-platform-operator] [b7d503ad] 14:00:03.612 [pool-6-thread-16] DEBUG c.h.p.o.d.PodServiceAccountResource - [helmpods] Desired PodServiceAccountResource (serviceAccountName: hivemq-platform-pod-test-hivemq-platform)
2025-01-29 14:00:03,617 INFO c.h.h.t.HelmChartContainer - [hivemq-test-hivemq-platform] [hivemq-platform-operator] [b7d503ad] 14:00:03.616 [pool-6-thread-14] DEBUG c.h.p.o.d.StatefulSetResource - [helmpods] Desired StatefulSet (1 replicas) for status STARTING (READY)
2025-01-29 14:00:03,623 INFO c.h.h.t.HelmChartContainer - [hivemq-test-hivemq-platform] [hivemq-platform-operator] [b7d503ad] 14:00:03.622 [ReconcilerExecutor-hivemq-controller-110] INFO  c.h.p.o.HiveMQPlatformReconciler - [helmpods] Reconciling HiveMQ Platform 'test-hivemq-platform' in namespace 'helmpodsecuritycontextupgradeextensionit'
2025-01-29 14:00:03,623 INFO c.h.h.t.HelmChartContainer - [hivemq-test-hivemq-platform] [hivemq-platform-operator] [b7d503ad] 14:00:03.622 [ReconcilerExecutor-hivemq-controller-110] DEBUG c.h.p.o.HiveMQPlatformReconciler - [helmpods] Custom Resource Status STARTING - HiveMQ Platform is starting (READY)
2025-01-29 14:00:03,623 INFO c.h.h.t.HelmChartContainer - [hivemq-test-hivemq-platform] [hivemq-platform-operator] [b7d503ad] 14:00:03.622 [ReconcilerExecutor-hivemq-controller-110] DEBUG c.h.p.o.HiveMQPlatformReconciler - [helmpods] Custom Resource Spec (replicas: 1) (extensions: 1)
2025-01-29 14:00:03,626 INFO c.h.h.t.HelmChartContainer - [hivemq-test-hivemq-platform] [hivemq-platform-operator] [b7d503ad] 14:00:03.625 [ReconcilerExecutor-hivemq-controller-110] DEBUG c.h.p.o.HiveMQPlatformReconciler - [helmpods] StatefulSet Status (revision: test-hivemq-platform-f6cdc458c, replicas: 1, available: 0, ready: 0, current: 1, updated: 1)
2025-01-29 14:00:03,626 INFO c.h.h.t.HelmChartContainer - [hivemq-test-hivemq-platform] [hivemq-platform-operator] [b7d503ad] 14:00:03.625 [ReconcilerExecutor-hivemq-controller-110] DEBUG c.h.p.o.HiveMQPlatformReconciler - [helmpods] StatefulSet Spec (replicas: 1, init containers: 1, containers: 1, volumes: 4)
2025-01-29 14:00:03,627 INFO c.h.h.t.HelmChartContainer - [hivemq-test-hivemq-platform] [hivemq-platform-operator] [b7d503ad] 14:00:03.627 [ReconcilerExecutor-hivemq-controller-110] DEBUG c.h.p.o.h.HiveMQPlatformReconcilerErrorHandler - [helmpods] Pod 'test-hivemq-platform-0' phase Running
2025-01-29 14:00:03,628 INFO c.h.h.t.HelmChartContainer - [hivemq-test-hivemq-platform] [hivemq-platform-operator] [b7d503ad] 14:00:03.627 [ReconcilerExecutor-hivemq-controller-110] INFO  c.h.p.o.h.HiveMQPlatformReconcilerBaseHandler - [helmpods] HiveMQ Platform is starting, 0 of 1 replicas are ready
2025-01-29 14:00:04,947 INFO c.h.h.t.HelmChartContainer - [test-hivemq-platform] [hivemq] [ecde28f7] WARN  - [HiveMQ Platform Operator Init App 1.7.0-SNAPSHOT] Cannot connect to Health API for readiness: null
2025-01-29 14:00:04,953 INFO c.h.h.t.HelmChartContainer - [EVENT] Warning [Unhealthy] Readiness probe failed: HTTP probe failed with statuscode: 503 [helmpodsecuritycontextupgradeextensionit:test-hivemq-platform-0]
2025-01-29 14:00:04,954 INFO c.h.h.t.HelmChartContainer - Received Unhealthy event for container hivemq in pod test-hivemq-platform-0 [ecde28f7-18af-40f1-9c7a-1ce07aef90f2]
2025-01-29 14:00:07,445 INFO c.h.h.t.HelmChartContainer - [test-hivemq-platform] [hivemq] [ecde28f7] Jan 29, 2025 2:00:07 PM io.vertx.core.impl.BlockedThreadChecker
2025-01-29 14:00:07,445 INFO c.h.h.t.HelmChartContainer - [test-hivemq-platform] [hivemq] [ecde28f7] WARNING: Thread Thread[vert.x-eventloop-thread-1,5,main] has been blocked for 2286 ms, time limit is 2000 ms
2025-01-29 14:00:08,038 INFO c.h.h.t.HelmChartContainer - [test-hivemq-platform] [hivemq] [ecde28f7] INFO  - [HiveMQ Platform Operator Init App 1.7.0-SNAPSHOT] Updating Pod HiveMQ Platform Operator Init App version annotation (version: 1.7.0-SNAPSHOT)
2025-01-29 14:00:08,754 INFO c.h.h.t.HelmChartContainer - [POD] test-hivemq-platform-0 [ecde28f7-18af-40f1-9c7a-1ce07aef90f2] in helmpodsecuritycontextupgradeextensionit was MODIFIED
2025-01-29 14:00:08,759 INFO c.h.h.t.HelmChartContainer - [hivemq-test-hivemq-platform] [hivemq-platform-operator] [b7d503ad] 14:00:08.758 [pool-6-thread-27] DEBUG c.h.p.o.d.PlatformServiceResource - [helmpods] Desired Platform services (3 services)
2025-01-29 14:00:08,762 INFO c.h.h.t.HelmChartContainer - [hivemq-test-hivemq-platform] [hivemq-platform-operator] [b7d503ad] 14:00:08.759 [pool-6-thread-25] DEBUG c.h.p.o.dependants.PodInfoConfigMap - [helmpods] Desired PodInfo ConfigMap (1 extensions) (1 enabled)
2025-01-29 14:00:08,762 INFO c.h.h.t.HelmChartContainer - [hivemq-test-hivemq-platform] [hivemq-platform-operator] [b7d503ad] 14:00:08.760 [pool-6-thread-25] DEBUG c.h.p.o.dependants.PodInfoConfigMap - [helmpods] Desired PodInfo ConfigMap (metrics port: 9399) (metrics path: /)
2025-01-29 14:00:08,762 INFO c.h.h.t.HelmChartContainer - [hivemq-test-hivemq-platform] [hivemq-platform-operator] [b7d503ad] 14:00:08.760 [pool-6-thread-25] DEBUG c.h.p.o.dependants.PodInfoConfigMap - [helmpods] Desired PodInfo ConfigMap (extension state hash: -1845918640)
2025-01-29 14:00:08,763 INFO c.h.h.t.HelmChartContainer - [hivemq-test-hivemq-platform] [hivemq-platform-operator] [b7d503ad] 14:00:08.763 [pool-6-thread-25] DEBUG c.h.p.o.d.PodServiceAccountResource - [helmpods] Desired PodServiceAccountResource (serviceAccountName: hivemq-platform-pod-test-hivemq-platform)
2025-01-29 14:00:08,766 INFO c.h.h.t.HelmChartContainer - [hivemq-test-hivemq-platform] [hivemq-platform-operator] [b7d503ad] 14:00:08.765 [pool-6-thread-23] DEBUG c.h.p.o.d.StatefulSetResource - [helmpods] Desired StatefulSet (1 replicas) for status STARTING (READY)
2025-01-29 14:00:08,770 INFO c.h.h.t.HelmChartContainer - [hivemq-test-hivemq-platform] [hivemq-platform-operator] [b7d503ad] 14:00:08.770 [ReconcilerExecutor-hivemq-controller-111] INFO  c.h.p.o.HiveMQPlatformReconciler - [helmpods] Reconciling HiveMQ Platform 'test-hivemq-platform' in namespace 'helmpodsecuritycontextupgradeextensionit'
2025-01-29 14:00:08,771 INFO c.h.h.t.HelmChartContainer - [hivemq-test-hivemq-platform] [hivemq-platform-operator] [b7d503ad] 14:00:08.770 [ReconcilerExecutor-hivemq-controller-111] DEBUG c.h.p.o.HiveMQPlatformReconciler - [helmpods] Custom Resource Status STARTING - HiveMQ Platform is starting (READY)
2025-01-29 14:00:08,771 INFO c.h.h.t.HelmChartContainer - [hivemq-test-hivemq-platform] [hivemq-platform-operator] [b7d503ad] 14:00:08.770 [ReconcilerExecutor-hivemq-controller-111] DEBUG c.h.p.o.HiveMQPlatformReconciler - [helmpods] Custom Resource Spec (replicas: 1) (extensions: 1)
2025-01-29 14:00:08,837 INFO c.h.h.t.HelmChartContainer - [hivemq-test-hivemq-platform] [hivemq-platform-operator] [b7d503ad] 14:00:08.835 [ReconcilerExecutor-hivemq-controller-111] DEBUG c.h.p.o.HiveMQPlatformReconciler - [helmpods] StatefulSet Status (revision: test-hivemq-platform-f6cdc458c, replicas: 1, available: 0, ready: 0, current: 1, updated: 1)
2025-01-29 14:00:08,837 INFO c.h.h.t.HelmChartContainer - [hivemq-test-hivemq-platform] [hivemq-platform-operator] [b7d503ad] 14:00:08.835 [ReconcilerExecutor-hivemq-controller-111] DEBUG c.h.p.o.HiveMQPlatformReconciler - [helmpods] StatefulSet Spec (replicas: 1, init containers: 1, containers: 1, volumes: 4)
2025-01-29 14:00:08,839 INFO c.h.h.t.HelmChartContainer - [hivemq-test-hivemq-platform] [hivemq-platform-operator] [b7d503ad] 14:00:08.837 [ReconcilerExecutor-hivemq-controller-111] DEBUG c.h.p.o.h.HiveMQPlatformReconcilerErrorHandler - [helmpods] Pod 'test-hivemq-platform-0' phase Running
2025-01-29 14:00:08,840 INFO c.h.h.t.HelmChartContainer - [hivemq-test-hivemq-platform] [hivemq-platform-operator] [b7d503ad] 14:00:08.838 [ReconcilerExecutor-hivemq-controller-111] INFO  c.h.p.o.h.HiveMQPlatformReconcilerBaseHandler - [helmpods] HiveMQ Platform is starting, 0 of 1 replicas are ready
2025-01-29 14:00:08,851 INFO c.h.h.t.HelmChartContainer - [test-hivemq-platform] [hivemq] [ecde28f7] WARN  - [HiveMQ Platform Operator Init App 1.7.0-SNAPSHOT] Cannot connect to Health API for readiness: null
2025-01-29 14:00:08,939 INFO c.h.h.t.HelmChartContainer - [EVENT] Warning [Unhealthy] Readiness probe failed: HTTP probe failed with statuscode: 503 [helmpodsecuritycontextupgradeextensionit:test-hivemq-platform-0]
2025-01-29 14:00:08,939 INFO c.h.h.t.HelmChartContainer - Received Unhealthy event for container hivemq in pod test-hivemq-platform-0 [ecde28f7-18af-40f1-9c7a-1ce07aef90f2]
2025-01-29 14:00:08,939 INFO c.h.h.t.HelmChartContainer - [test-hivemq-platform] [hivemq] [ecde28f7] INFO  - [HiveMQ Platform Operator Init App 1.7.0-SNAPSHOT] Successfully updated Pod HiveMQ Platform Operator Init App version annotation (version: 1.7.0-SNAPSHOT)
2025-01-29 14:00:13,839 INFO c.h.h.t.HelmChartContainer - [test-hivemq-platform] [hivemq] [ecde28f7] WARN  - [HiveMQ Platform Operator Init App 1.7.0-SNAPSHOT] Cannot connect to Health API for readiness: null
2025-01-29 14:00:13,846 INFO c.h.h.t.HelmChartContainer - [EVENT] Warning [Unhealthy] Readiness probe failed: HTTP probe failed with statuscode: 503 [helmpodsecuritycontextupgradeextensionit:test-hivemq-platform-0]
2025-01-29 14:00:13,846 INFO c.h.h.t.HelmChartContainer - Received Unhealthy event for container hivemq in pod test-hivemq-platform-0 [ecde28f7-18af-40f1-9c7a-1ce07aef90f2]
2025-01-29 14:00:18,840 INFO c.h.h.t.HelmChartContainer - [test-hivemq-platform] [hivemq] [ecde28f7] WARN  - [HiveMQ Platform Operator Init App 1.7.0-SNAPSHOT] Cannot connect to Health API for readiness: null
2025-01-29 14:00:18,848 INFO c.h.h.t.HelmChartContainer - [EVENT] Warning [Unhealthy] Readiness probe failed: HTTP probe failed with statuscode: 503 [helmpodsecuritycontextupgradeextensionit:test-hivemq-platform-0]
2025-01-29 14:00:18,849 INFO c.h.h.t.HelmChartContainer - Received Unhealthy event for container hivemq in pod test-hivemq-platform-0 [ecde28f7-18af-40f1-9c7a-1ce07aef90f2]
2025-01-29 14:00:18,850 INFO c.h.h.t.HelmChartContainer - [hivemq-test-hivemq-platform] [hivemq-platform-operator] [b7d503ad] 14:00:18.845 [pool-6-thread-36] DEBUG c.h.p.o.d.PlatformServiceResource - [helmpods] Desired Platform services (3 services)
2025-01-29 14:00:18,852 INFO c.h.h.t.HelmChartContainer - [hivemq-test-hivemq-platform] [hivemq-platform-operator] [b7d503ad] 14:00:18.851 [pool-6-thread-34] DEBUG c.h.p.o.dependants.PodInfoConfigMap - [helmpods] Desired PodInfo ConfigMap (1 extensions) (1 enabled)
2025-01-29 14:00:18,853 INFO c.h.h.t.HelmChartContainer - [hivemq-test-hivemq-platform] [hivemq-platform-operator] [b7d503ad] 14:00:18.851 [pool-6-thread-34] DEBUG c.h.p.o.dependants.PodInfoConfigMap - [helmpods] Desired PodInfo ConfigMap (metrics port: 9399) (metrics path: /)
2025-01-29 14:00:18,853 INFO c.h.h.t.HelmChartContainer - [hivemq-test-hivemq-platform] [hivemq-platform-operator] [b7d503ad] 14:00:18.851 [pool-6-thread-34] DEBUG c.h.p.o.dependants.PodInfoConfigMap - [helmpods] Desired PodInfo ConfigMap (extension state hash: -1845918640)
2025-01-29 14:00:18,855 INFO c.h.h.t.HelmChartContainer - [hivemq-test-hivemq-platform] [hivemq-platform-operator] [b7d503ad] 14:00:18.853 [pool-6-thread-34] DEBUG c.h.p.o.d.PodServiceAccountResource - [helmpods] Desired PodServiceAccountResource (serviceAccountName: hivemq-platform-pod-test-hivemq-platform)
2025-01-29 14:00:18,863 INFO c.h.h.t.HelmChartContainer - [hivemq-test-hivemq-platform] [hivemq-platform-operator] [b7d503ad] 14:00:18.861 [pool-6-thread-36] DEBUG c.h.p.o.d.StatefulSetResource - [helmpods] Desired StatefulSet (1 replicas) for status STARTING (READY)
2025-01-29 14:00:18,868 INFO c.h.h.t.HelmChartContainer - [hivemq-test-hivemq-platform] [hivemq-platform-operator] [b7d503ad] 14:00:18.867 [ReconcilerExecutor-hivemq-controller-112] INFO  c.h.p.o.HiveMQPlatformReconciler - [helmpods] Reconciling HiveMQ Platform 'test-hivemq-platform' in namespace 'helmpodsecuritycontextupgradeextensionit'
2025-01-29 14:00:18,868 INFO c.h.h.t.HelmChartContainer - [hivemq-test-hivemq-platform] [hivemq-platform-operator] [b7d503ad] 14:00:18.867 [ReconcilerExecutor-hivemq-controller-112] DEBUG c.h.p.o.HiveMQPlatformReconciler - [helmpods] Custom Resource Status STARTING - HiveMQ Platform is starting (READY)
2025-01-29 14:00:18,868 INFO c.h.h.t.HelmChartContainer - [hivemq-test-hivemq-platform] [hivemq-platform-operator] [b7d503ad] 14:00:18.867 [ReconcilerExecutor-hivemq-controller-112] DEBUG c.h.p.o.HiveMQPlatformReconciler - [helmpods] Custom Resource Spec (replicas: 1) (extensions: 1)
2025-01-29 14:00:18,870 INFO c.h.h.t.HelmChartContainer - [hivemq-test-hivemq-platform] [hivemq-platform-operator] [b7d503ad] 14:00:18.869 [ReconcilerExecutor-hivemq-controller-112] DEBUG c.h.p.o.HiveMQPlatformReconciler - [helmpods] StatefulSet Status (revision: test-hivemq-platform-f6cdc458c, replicas: 1, available: 0, ready: 0, current: 1, updated: 1)
2025-01-29 14:00:18,870 INFO c.h.h.t.HelmChartContainer - [hivemq-test-hivemq-platform] [hivemq-platform-operator] [b7d503ad] 14:00:18.869 [ReconcilerExecutor-hivemq-controller-112] DEBUG c.h.p.o.HiveMQPlatformReconciler - [helmpods] StatefulSet Spec (replicas: 1, init containers: 1, containers: 1, volumes: 4)
2025-01-29 14:00:18,939 INFO c.h.h.t.HelmChartContainer - [hivemq-test-hivemq-platform] [hivemq-platform-operator] [b7d503ad] 14:00:18.935 [ReconcilerExecutor-hivemq-controller-112] DEBUG c.h.p.o.h.HiveMQPlatformReconcilerErrorHandler - [helmpods] Pod 'test-hivemq-platform-0' phase Running
2025-01-29 14:00:18,939 INFO c.h.h.t.HelmChartContainer - [hivemq-test-hivemq-platform] [hivemq-platform-operator] [b7d503ad] 14:00:18.936 [ReconcilerExecutor-hivemq-controller-112] INFO  c.h.p.o.h.HiveMQPlatformReconcilerBaseHandler - [helmpods] HiveMQ Platform is starting, 0 of 1 replicas are ready
2025-01-29 14:00:19,640 INFO c.h.h.t.HelmChartContainer - [test-hivemq-platform] [hivemq] [ecde28f7] INFO  - No valid license file found. Using trial license, restricted to 25 connections.
2025-01-29 14:00:20,441 INFO c.h.h.t.HelmChartContainer - [test-hivemq-platform] [hivemq] [ecde28f7] WARN  - [HiveMQ Platform Operator Init App 1.7.0-SNAPSHOT] Cannot connect to Health API for liveness: null
2025-01-29 14:00:20,443 INFO c.h.h.t.HelmChartContainer - [test-hivemq-platform] [hivemq] [ecde28f7] INFO  - [HiveMQ Platform Operator Init App 1.7.0-SNAPSHOT] Returning default Health API response 200 for liveness
2025-01-29 14:00:23,739 INFO c.h.h.t.HelmChartContainer - [test-hivemq-platform] [hivemq] [ecde28f7] INFO  - No valid license file for Data Hub found. Using free license, restricted to 1 policy.
2025-01-29 14:00:23,841 INFO c.h.h.t.HelmChartContainer - [test-hivemq-platform] [hivemq] [ecde28f7] WARN  - [HiveMQ Platform Operator Init App 1.7.0-SNAPSHOT] Cannot connect to Health API for readiness: null
2025-01-29 14:00:23,845 INFO c.h.h.t.HelmChartContainer - [EVENT] Warning [Unhealthy] Readiness probe failed: HTTP probe failed with statuscode: 503 [helmpodsecuritycontextupgradeextensionit:test-hivemq-platform-0]
2025-01-29 14:00:23,845 INFO c.h.h.t.HelmChartContainer - Received Unhealthy event for container hivemq in pod test-hivemq-platform-0 [ecde28f7-18af-40f1-9c7a-1ce07aef90f2]
2025-01-29 14:00:24,949 INFO c.h.h.t.HelmChartContainer - [test-hivemq-platform] [hivemq] [ecde28f7] INFO  - Audit Logger started.
2025-01-29 14:00:25,239 INFO c.h.h.t.HelmChartContainer - [test-hivemq-platform] [hivemq] [ecde28f7] INFO  - This node uses '1' CPU cores.
2025-01-29 14:00:25,243 INFO c.h.h.t.HelmChartContainer - [test-hivemq-platform] [hivemq] [ecde28f7] INFO  - Starting HiveMQ Health API on address 0.0.0.0 and port 8889
2025-01-29 14:00:26,140 INFO c.h.h.t.HelmChartContainer - [test-hivemq-platform] [hivemq] [ecde28f7] INFO  - Started HiveMQ Health API in 896ms
2025-01-29 14:00:26,663 INFO c.h.h.t.HelmChartContainer - [test-hivemq-platform] [hivemq] [ecde28f7] INFO  - Starting HiveMQ extension system.
2025-01-29 14:00:28,942 INFO c.h.h.t.HelmChartContainer - [hivemq-test-hivemq-platform] [hivemq-platform-operator] [b7d503ad] 14:00:28.941 [pool-6-thread-45] DEBUG c.h.p.o.d.PlatformServiceResource - [helmpods] Desired Platform services (3 services)
2025-01-29 14:00:28,951 INFO c.h.h.t.HelmChartContainer - [hivemq-test-hivemq-platform] [hivemq-platform-operator] [b7d503ad] 14:00:28.949 [pool-6-thread-48] DEBUG c.h.p.o.dependants.PodInfoConfigMap - [helmpods] Desired PodInfo ConfigMap (1 extensions) (1 enabled)
2025-01-29 14:00:28,951 INFO c.h.h.t.HelmChartContainer - [hivemq-test-hivemq-platform] [hivemq-platform-operator] [b7d503ad] 14:00:28.949 [pool-6-thread-48] DEBUG c.h.p.o.dependants.PodInfoConfigMap - [helmpods] Desired PodInfo ConfigMap (metrics port: 9399) (metrics path: /)
2025-01-29 14:00:28,951 INFO c.h.h.t.HelmChartContainer - [hivemq-test-hivemq-platform] [hivemq-platform-operator] [b7d503ad] 14:00:28.949 [pool-6-thread-48] DEBUG c.h.p.o.dependants.PodInfoConfigMap - [helmpods] Desired PodInfo ConfigMap (extension state hash: -1845918640)
2025-01-29 14:00:28,953 INFO c.h.h.t.HelmChartContainer - [hivemq-test-hivemq-platform] [hivemq-platform-operator] [b7d503ad] 14:00:28.952 [pool-6-thread-41] DEBUG c.h.p.o.d.PodServiceAccountResource - [helmpods] Desired PodServiceAccountResource (serviceAccountName: hivemq-platform-pod-test-hivemq-platform)
2025-01-29 14:00:28,960 INFO c.h.h.t.HelmChartContainer - [hivemq-test-hivemq-platform] [hivemq-platform-operator] [b7d503ad] 14:00:28.960 [pool-6-thread-45] DEBUG c.h.p.o.d.StatefulSetResource - [helmpods] Desired StatefulSet (1 replicas) for status STARTING (READY)
2025-01-29 14:00:28,966 INFO c.h.h.t.HelmChartContainer - [hivemq-test-hivemq-platform] [hivemq-platform-operator] [b7d503ad] 14:00:28.964 [ReconcilerExecutor-hivemq-controller-113] INFO  c.h.p.o.HiveMQPlatformReconciler - [helmpods] Reconciling HiveMQ Platform 'test-hivemq-platform' in namespace 'helmpodsecuritycontextupgradeextensionit'
2025-01-29 14:00:28,966 INFO c.h.h.t.HelmChartContainer - [hivemq-test-hivemq-platform] [hivemq-platform-operator] [b7d503ad] 14:00:28.964 [ReconcilerExecutor-hivemq-controller-113] DEBUG c.h.p.o.HiveMQPlatformReconciler - [helmpods] Custom Resource Status STARTING - HiveMQ Platform is starting (READY)
2025-01-29 14:00:28,966 INFO c.h.h.t.HelmChartContainer - [hivemq-test-hivemq-platform] [hivemq-platform-operator] [b7d503ad] 14:00:28.964 [ReconcilerExecutor-hivemq-controller-113] DEBUG c.h.p.o.HiveMQPlatformReconciler - [helmpods] Custom Resource Spec (replicas: 1) (extensions: 1)
2025-01-29 14:00:29,042 INFO c.h.h.t.HelmChartContainer - [hivemq-test-hivemq-platform] [hivemq-platform-operator] [b7d503ad] 14:00:29.038 [ReconcilerExecutor-hivemq-controller-113] DEBUG c.h.p.o.HiveMQPlatformReconciler - [helmpods] StatefulSet Status (revision: test-hivemq-platform-f6cdc458c, replicas: 1, available: 0, ready: 0, current: 1, updated: 1)
2025-01-29 14:00:29,042 INFO c.h.h.t.HelmChartContainer - [hivemq-test-hivemq-platform] [hivemq-platform-operator] [b7d503ad] 14:00:29.038 [ReconcilerExecutor-hivemq-controller-113] DEBUG c.h.p.o.HiveMQPlatformReconciler - [helmpods] StatefulSet Spec (replicas: 1, init containers: 1, containers: 1, volumes: 4)
2025-01-29 14:00:29,042 INFO c.h.h.t.HelmChartContainer - [hivemq-test-hivemq-platform] [hivemq-platform-operator] [b7d503ad] 14:00:29.040 [ReconcilerExecutor-hivemq-controller-113] DEBUG c.h.p.o.h.HiveMQPlatformReconcilerErrorHandler - [helmpods] Pod 'test-hivemq-platform-0' phase Running
2025-01-29 14:00:29,044 INFO c.h.h.t.HelmChartContainer - [hivemq-test-hivemq-platform] [hivemq-platform-operator] [b7d503ad] 14:00:29.043 [ReconcilerExecutor-hivemq-controller-113] INFO  c.h.p.o.h.HiveMQPlatformReconcilerBaseHandler - [helmpods] HiveMQ Platform is starting, 0 of 1 replicas are ready
2025-01-29 14:00:29,138 INFO c.h.h.t.HelmChartContainer - [test-hivemq-platform] [hivemq] [ecde28f7] INFO  - No license found for enterprise extension with name "HiveMQ Enterprise Distributed Tracing Extension". Entering extension trial mode. "HiveMQ Enterprise Distributed Tracing Extension" will be disabled in 5 hours.
2025-01-29 14:00:29,442 INFO c.h.h.t.HelmChartContainer - [test-hivemq-platform] [hivemq] [ecde28f7] INFO  - Starting extension with id "hivemq-dns-cluster-discovery" at /opt/hivemq/extensions/hivemq-dns-cluster-discovery
2025-01-29 14:00:29,798 INFO c.h.h.t.HelmChartContainer - [EVENT] Warning [Unhealthy] Readiness probe failed: Get "http://10.42.0.10:7979/readiness": context deadline exceeded (Client.Timeout exceeded while awaiting headers) [helmpodsecuritycontextupgradeextensionit:test-hivemq-platform-0]
2025-01-29 14:00:29,798 INFO c.h.h.t.HelmChartContainer - Received Unhealthy event for container hivemq in pod test-hivemq-platform-0 [ecde28f7-18af-40f1-9c7a-1ce07aef90f2]
2025-01-29 14:00:30,044 INFO c.h.h.t.HelmChartContainer - [test-hivemq-platform] [hivemq] [ecde28f7] INFO  - [HiveMQ Platform Operator Init App 1.7.0-SNAPSHOT] Returning Health API response 503 for readiness
2025-01-29 14:00:30,147 INFO c.h.h.t.HelmChartContainer - [test-hivemq-platform] [hivemq] [ecde28f7] INFO  - Extension "DNS Cluster Discovery Extension" version 4.3.2 started successfully.
2025-01-29 14:00:30,147 INFO c.h.h.t.HelmChartContainer - [test-hivemq-platform] [hivemq] [ecde28f7] INFO  - Starting extension with id "hivemq-distributed-tracing-extension" at /opt/hivemq/extensions/hivemq-distributed-tracing-extension
2025-01-29 14:00:30,439 INFO c.h.h.t.HelmChartContainer - [test-hivemq-platform] [hivemq] [ecde28f7] INFO  - Using TCP cluster transport on address 10.42.0.10 and port 7000
2025-01-29 14:00:30,541 INFO c.h.h.t.HelmChartContainer - [test-hivemq-platform] [hivemq] [ecde28f7] INFO  - Using extension cluster discovery
2025-01-29 14:00:32,543 INFO c.h.h.t.HelmChartContainer - [test-hivemq-platform] [hivemq] [ecde28f7] INFO  - HiveMQ Enterprise Distributed Tracing Extension: Successfully loaded configuration from '/opt/hivemq/extensions/hivemq-distributed-tracing-extension/conf/config.xml'.
2025-01-29 14:00:32,547 INFO c.h.h.t.HelmChartContainer - [test-hivemq-platform] [hivemq] [ecde28f7] INFO  - HiveMQ Enterprise Distributed Tracing Extension: Configured OTLP gRPC exporter 'my-otlp-grpc-exporter'.
2025-01-29 14:00:32,643 INFO c.h.h.t.HelmChartContainer - [test-hivemq-platform] [hivemq] [ecde28f7] INFO  - HiveMQ Enterprise Distributed Tracing Extension: Configured W3C trace propagation.
2025-01-29 14:00:32,645 INFO c.h.h.t.HelmChartContainer - [test-hivemq-platform] [hivemq] [ecde28f7] INFO  - Extension "HiveMQ Enterprise Distributed Tracing Extension" version 4.36.0 started successfully.
2025-01-29 14:00:32,645 INFO c.h.h.testcontainer.LogWaiterUtil - TEST Found log pattern on 'test-hivemq-platform-0': .*Extension "HiveMQ Enterprise Distributed Tracing Extension" version .* started successfully.
2025-01-29 14:00:32,646 INFO c.h.h.t.HelmChartContainer - [test-hivemq-platform] [hivemq] [ecde28f7] INFO  - Starting extension with id "hivemq-prometheus-extension" at /opt/hivemq/extensions/hivemq-prometheus-extension
2025-01-29 14:00:33,038 INFO c.h.h.t.HelmChartContainer - [test-hivemq-platform] [hivemq] [ecde28f7] INFO  - Started Jetty Server exposing Prometheus Servlet on URI http://0.0.0.0:9399/
2025-01-29 14:00:33,038 INFO c.h.h.t.HelmChartContainer - [test-hivemq-platform] [hivemq] [ecde28f7] INFO  - Extension "Prometheus Monitoring Extension" version 4.0.12 started successfully.
2025-01-29 14:00:33,039 INFO c.h.h.t.HelmChartContainer - [test-hivemq-platform] [hivemq] [ecde28f7] INFO  - Starting extension with id "hivemq-allow-all-extension" at /opt/hivemq/extensions/hivemq-allow-all-extension
2025-01-29 14:00:33,039 INFO c.h.h.t.HelmChartContainer - [test-hivemq-platform] [hivemq] [ecde28f7] WARN  - 
2025-01-29 14:00:33,039 INFO c.h.h.t.HelmChartContainer - [test-hivemq-platform] [hivemq] [ecde28f7] ################################################################################################################
2025-01-29 14:00:33,039 INFO c.h.h.t.HelmChartContainer - [test-hivemq-platform] [hivemq] [ecde28f7] # This HiveMQ deployment is not secure! You are lacking Authentication and Authorization.                      #
2025-01-29 14:00:33,039 INFO c.h.h.t.HelmChartContainer - [test-hivemq-platform] [hivemq] [ecde28f7] # Right now any MQTT client can connect to the broker with a full set of permissions.                          #
2025-01-29 14:00:33,039 INFO c.h.h.t.HelmChartContainer - [test-hivemq-platform] [hivemq] [ecde28f7] # For production usage, add an appropriate security extension and remove the hivemq-allow-all extension.       #
2025-01-29 14:00:33,039 INFO c.h.h.t.HelmChartContainer - [test-hivemq-platform] [hivemq] [ecde28f7] # You can download security extensions from the HiveMQ Marketplace (https://www.hivemq.com/extensions/).       #
2025-01-29 14:00:33,039 INFO c.h.h.t.HelmChartContainer - [test-hivemq-platform] [hivemq] [ecde28f7] ################################################################################################################
2025-01-29 14:00:33,039 INFO c.h.h.t.HelmChartContainer - [test-hivemq-platform] [hivemq] [ecde28f7] INFO  - Extension "Allow All Extension" version 1.1.1 started successfully.
2025-01-29 14:00:33,539 INFO c.h.h.t.HelmChartContainer - [test-hivemq-platform] [hivemq] [ecde28f7] INFO  - Huju5: no members discovered after 2390 ms: creating cluster as first member
2025-01-29 14:00:33,546 INFO c.h.h.t.HelmChartContainer - [test-hivemq-platform] [hivemq] [ecde28f7] INFO  - Cluster nodes found by discovery: [Huju5|0] (1) [Huju5].
2025-01-29 14:00:33,651 INFO c.h.h.t.HelmChartContainer - [test-hivemq-platform] [hivemq] [ecde28f7] INFO  - Updated rules for sampling and tracing propagation.
2025-01-29 14:00:33,651 INFO c.h.h.t.HelmChartContainer - [test-hivemq-platform] [hivemq] [ecde28f7] INFO  - HiveMQ: Successfully loaded configuration from '/opt/hivemq/conf-k8s/tracing.xml'.
2025-01-29 14:00:33,652 INFO c.h.h.t.HelmChartContainer - [test-hivemq-platform] [hivemq] [ecde28f7] WARN  - No user for HiveMQ Control Center configured. Starting with default user
2025-01-29 14:00:33,652 INFO c.h.h.t.HelmChartContainer - [test-hivemq-platform] [hivemq] [ecde28f7] INFO  - Starting HiveMQ Control Center on address 0.0.0.0 and port 8080
2025-01-29 14:00:33,738 INFO c.h.h.t.HelmChartContainer - [test-hivemq-platform] [hivemq] [ecde28f7] INFO  - Mounting HiveMQ Control Center V2 Preview
2025-01-29 14:00:33,764 INFO c.h.h.t.HelmChartContainer - [EVENT] Warning [Unhealthy] Readiness probe failed: HTTP probe failed with statuscode: 503 [helmpodsecuritycontextupgradeextensionit:test-hivemq-platform-0]
2025-01-29 14:00:33,764 INFO c.h.h.t.HelmChartContainer - Received Unhealthy event for container hivemq in pod test-hivemq-platform-0 [ecde28f7-18af-40f1-9c7a-1ce07aef90f2]
2025-01-29 14:00:34,356 INFO c.h.h.t.HelmChartContainer - [test-hivemq-platform] [hivemq] [ecde28f7] INFO  - Started HiveMQ Control Center in 705ms
2025-01-29 14:00:34,450 INFO c.h.h.t.HelmChartContainer - [test-hivemq-platform] [hivemq] [ecde28f7] INFO  - Starting TCP listener on address 0.0.0.0 and port 1883
2025-01-29 14:00:34,539 INFO c.h.h.t.HelmChartContainer - [test-hivemq-platform] [hivemq] [ecde28f7] INFO  - Started TCP Listener on address 0.0.0.0 and on port 1883.
2025-01-29 14:00:34,540 INFO c.h.h.t.HelmChartContainer - [test-hivemq-platform] [hivemq] [ecde28f7] INFO  - Started HiveMQ in 33986ms
2025-01-29 14:00:38,759 INFO c.h.h.t.HelmChartContainer - [test-hivemq-platform] [hivemq] [ecde28f7] INFO  - [HiveMQ Platform Operator Init App 1.7.0-SNAPSHOT] Returning Health API response 200 for readiness
2025-01-29 14:00:38,774 INFO c.h.h.t.HelmChartContainer - [POD] test-hivemq-platform-0 [ecde28f7-18af-40f1-9c7a-1ce07aef90f2] in helmpodsecuritycontextupgradeextensionit was MODIFIED
2025-01-29 14:00:38,791 INFO c.h.h.t.HelmChartContainer - [hivemq-test-hivemq-platform] [hivemq-platform-operator] [b7d503ad] 14:00:38.784 [pool-6-thread-2] DEBUG c.h.p.o.d.PlatformServiceResource - [helmpods] Desired Platform services (3 services)
2025-01-29 14:00:38,791 INFO c.h.h.t.HelmChartContainer - [hivemq-test-hivemq-platform] [hivemq-platform-operator] [b7d503ad] 14:00:38.786 [pool-6-thread-7] DEBUG c.h.p.o.dependants.PodInfoConfigMap - [helmpods] Desired PodInfo ConfigMap (1 extensions) (1 enabled)
2025-01-29 14:00:38,791 INFO c.h.h.t.HelmChartContainer - [hivemq-test-hivemq-platform] [hivemq-platform-operator] [b7d503ad] 14:00:38.786 [pool-6-thread-7] DEBUG c.h.p.o.dependants.PodInfoConfigMap - [helmpods] Desired PodInfo ConfigMap (metrics port: 9399) (metrics path: /)
2025-01-29 14:00:38,791 INFO c.h.h.t.HelmChartContainer - [hivemq-test-hivemq-platform] [hivemq-platform-operator] [b7d503ad] 14:00:38.786 [pool-6-thread-7] DEBUG c.h.p.o.dependants.PodInfoConfigMap - [helmpods] Desired PodInfo ConfigMap (extension state hash: -1845918640)
2025-01-29 14:00:38,794 INFO c.h.h.t.HelmChartContainer - [hivemq-test-hivemq-platform] [hivemq-platform-operator] [b7d503ad] 14:00:38.792 [pool-6-thread-3] DEBUG c.h.p.o.d.PodServiceAccountResource - [helmpods] Desired PodServiceAccountResource (serviceAccountName: hivemq-platform-pod-test-hivemq-platform)
2025-01-29 14:00:38,803 INFO c.h.h.t.HelmChartContainer - [hivemq-test-hivemq-platform] [hivemq-platform-operator] [b7d503ad] 14:00:38.801 [pool-6-thread-2] DEBUG c.h.p.o.d.StatefulSetResource - [helmpods] Desired StatefulSet (1 replicas) for status STARTING (READY)
2025-01-29 14:00:38,839 INFO c.h.h.t.HelmChartContainer - [hivemq-test-hivemq-platform] [hivemq-platform-operator] [b7d503ad] 14:00:38.837 [ReconcilerExecutor-hivemq-controller-114] INFO  c.h.p.o.HiveMQPlatformReconciler - [helmpods] Reconciling HiveMQ Platform 'test-hivemq-platform' in namespace 'helmpodsecuritycontextupgradeextensionit'
2025-01-29 14:00:38,839 INFO c.h.h.t.HelmChartContainer - [hivemq-test-hivemq-platform] [hivemq-platform-operator] [b7d503ad] 14:00:38.837 [ReconcilerExecutor-hivemq-controller-114] DEBUG c.h.p.o.HiveMQPlatformReconciler - [helmpods] Custom Resource Status STARTING - HiveMQ Platform is starting (READY)
2025-01-29 14:00:38,839 INFO c.h.h.t.HelmChartContainer - [hivemq-test-hivemq-platform] [hivemq-platform-operator] [b7d503ad] 14:00:38.837 [ReconcilerExecutor-hivemq-controller-114] DEBUG c.h.p.o.HiveMQPlatformReconciler - [helmpods] Custom Resource Spec (replicas: 1) (extensions: 1)
2025-01-29 14:00:38,843 INFO c.h.h.t.HelmChartContainer - [hivemq-test-hivemq-platform] [hivemq-platform-operator] [b7d503ad] 14:00:38.840 [ReconcilerExecutor-hivemq-controller-114] DEBUG c.h.p.o.HiveMQPlatformReconciler - [helmpods] StatefulSet Status (revision: test-hivemq-platform-f6cdc458c, replicas: 1, available: 1, ready: 1, current: 1, updated: 1)
2025-01-29 14:00:38,843 INFO c.h.h.t.HelmChartContainer - [hivemq-test-hivemq-platform] [hivemq-platform-operator] [b7d503ad] 14:00:38.840 [ReconcilerExecutor-hivemq-controller-114] DEBUG c.h.p.o.HiveMQPlatformReconciler - [helmpods] StatefulSet Spec (replicas: 1, init containers: 1, containers: 1, volumes: 4)
2025-01-29 14:00:38,843 INFO c.h.h.t.HelmChartContainer - [hivemq-test-hivemq-platform] [hivemq-platform-operator] [b7d503ad] 14:00:38.841 [ReconcilerExecutor-hivemq-controller-114] DEBUG c.h.p.o.h.HiveMQPlatformReconcilerErrorHandler - [helmpods] Pod 'test-hivemq-platform-0' phase Running
2025-01-29 14:00:38,844 INFO c.h.h.t.HelmChartContainer - [hivemq-test-hivemq-platform] [hivemq-platform-operator] [b7d503ad] 14:00:38.842 [ReconcilerExecutor-hivemq-controller-114] INFO  c.h.p.o.h.HiveMQPlatformReconcilerBaseHandler - [helmpods] HiveMQ Platform started successfully
2025-01-29 14:00:38,945 INFO c.h.h.t.HelmChartContainer - [hivemq-test-hivemq-platform] [hivemq-platform-operator] [b7d503ad] 14:00:38.944 [ReconcilerExecutor-hivemq-controller-114] DEBUG c.h.p.operator.event.EventSender - [helmpods] Creating K8s event hivemq-platform-ready: [Ready] HiveMQ Platform is ready
2025-01-29 14:00:38,949 INFO c.h.h.t.HelmChartContainer - [EVENT] Normal [Ready] HiveMQ Platform is ready [helmpodsecuritycontextupgradeextensionit:test-hivemq-platform]
2025-01-29 14:00:38,991 INFO c.h.h.t.HelmChartContainer - [hivemq-test-hivemq-platform] [hivemq-platform-operator] [b7d503ad] 14:00:38.989 [ReconcilerExecutor-hivemq-controller-114] INFO  c.h.p.o.h.AbstractHiveMQReconcilerStateHandler - [helmpods] Update HiveMQ Platform Status (STARTING [READY] -> RUNNING [READY]): HiveMQ Platform is ready
2025-01-29 14:00:38,999 DEBUG com.hivemq.helmcharts.util.K8sUtil - Comparing actual state 'RUNNING' and waiting for 'RUNNING'
2025-01-29 14:00:39,047 INFO c.h.h.t.HelmChartContainer - [hivemq-test-hivemq-platform] [hivemq-platform-operator] [b7d503ad] 14:00:39.042 [pool-6-thread-13] DEBUG c.h.p.o.d.PlatformServiceResource - [helmpods] Desired Platform services (3 services)
2025-01-29 14:00:39,048 INFO c.h.h.t.HelmChartContainer - [hivemq-test-hivemq-platform] [hivemq-platform-operator] [b7d503ad] 14:00:39.043 [pool-6-thread-17] DEBUG c.h.p.o.dependants.PodInfoConfigMap - [helmpods] Desired PodInfo ConfigMap (1 extensions) (1 enabled)
2025-01-29 14:00:39,048 INFO c.h.h.t.HelmChartContainer - [hivemq-test-hivemq-platform] [hivemq-platform-operator] [b7d503ad] 14:00:39.043 [pool-6-thread-17] DEBUG c.h.p.o.dependants.PodInfoConfigMap - [helmpods] Desired PodInfo ConfigMap (metrics port: 9399) (metrics path: /)
2025-01-29 14:00:39,048 INFO c.h.h.t.HelmChartContainer - [hivemq-test-hivemq-platform] [hivemq-platform-operator] [b7d503ad] 14:00:39.044 [pool-6-thread-17] DEBUG c.h.p.o.dependants.PodInfoConfigMap - [helmpods] Desired PodInfo ConfigMap (extension state hash: -1845918640)
2025-01-29 14:00:39,050 INFO c.h.h.t.HelmChartContainer - [hivemq-test-hivemq-platform] [hivemq-platform-operator] [b7d503ad] 14:00:39.046 [pool-6-thread-19] DEBUG c.h.p.o.d.PodServiceAccountResource - [helmpods] Desired PodServiceAccountResource (serviceAccountName: hivemq-platform-pod-test-hivemq-platform)
2025-01-29 14:00:39,094 INFO c.h.h.t.HelmChartContainer - [hivemq-test-hivemq-platform] [hivemq-platform-operator] [b7d503ad] 14:00:39.046 [pool-6-thread-17] DEBUG c.h.p.o.dependants.PodInfoConfigMap - [helmpods] Update PodInfo ConfigMap
2025-01-29 14:00:39,111 DEBUG com.hivemq.helmcharts.util.PodUtil - Received status for command '[sh, -c, stat -c "%u:%g" /proc/1]' on pod 'test-hivemq-platform-0' (exit code: 0)
2025-01-29 14:00:39,138 INFO c.h.h.t.HelmChartContainer - [hivemq-test-hivemq-platform] [hivemq-platform-operator] [b7d503ad] 14:00:39.137 [pool-6-thread-14] DEBUG c.h.p.o.d.StatefulSetResource - [helmpods] Desired StatefulSet (1 replicas) for status RUNNING (READY)
2025-01-29 14:00:39,141 INFO c.h.h.t.HelmChartContainer - [hivemq-test-hivemq-platform] [hivemq-platform-operator] [b7d503ad] 14:00:39.140 [ReconcilerExecutor-hivemq-controller-115] INFO  c.h.p.o.HiveMQPlatformReconciler - [helmpods] Reconciling HiveMQ Platform 'test-hivemq-platform' in namespace 'helmpodsecuritycontextupgradeextensionit'
2025-01-29 14:00:39,142 INFO c.h.h.t.HelmChartContainer - [hivemq-test-hivemq-platform] [hivemq-platform-operator] [b7d503ad] 14:00:39.140 [ReconcilerExecutor-hivemq-controller-115] DEBUG c.h.p.o.HiveMQPlatformReconciler - [helmpods] Custom Resource Status RUNNING - HiveMQ Platform is ready (READY)
2025-01-29 14:00:39,142 INFO c.h.h.t.HelmChartContainer - [hivemq-test-hivemq-platform] [hivemq-platform-operator] [b7d503ad] 14:00:39.140 [ReconcilerExecutor-hivemq-controller-115] DEBUG c.h.p.o.HiveMQPlatformReconciler - [helmpods] Custom Resource Spec (replicas: 1) (extensions: 1)
2025-01-29 14:00:39,191 INFO c.h.h.t.HelmChartContainer - [hivemq-test-hivemq-platform] [hivemq-platform-operator] [b7d503ad] 14:00:39.190 [ReconcilerExecutor-hivemq-controller-115] DEBUG c.h.p.o.HiveMQPlatformReconciler - [helmpods] StatefulSet Status (revision: test-hivemq-platform-f6cdc458c, replicas: 1, available: 1, ready: 1, current: 1, updated: 1)
2025-01-29 14:00:39,191 INFO c.h.h.t.HelmChartContainer - [hivemq-test-hivemq-platform] [hivemq-platform-operator] [b7d503ad] 14:00:39.190 [ReconcilerExecutor-hivemq-controller-115] DEBUG c.h.p.o.HiveMQPlatformReconciler - [helmpods] StatefulSet Spec (replicas: 1, init containers: 1, containers: 1, volumes: 4)
2025-01-29 14:00:39,192 INFO c.h.h.t.HelmChartContainer - [hivemq-test-hivemq-platform] [hivemq-platform-operator] [b7d503ad] 14:00:39.192 [ReconcilerExecutor-hivemq-controller-115] DEBUG c.h.p.o.h.HiveMQPlatformReconcilerErrorHandler - [helmpods] Pod 'test-hivemq-platform-0' phase Running
2025-01-29 14:00:41,122 INFO c.h.h.testcontainer.LogWaiterUtil - TEST Waiting for log pattern on 'test-hivemq-platform-0': .*HiveMQ Enterprise Distributed Tracing Extension: Successfully updated configuration from '/opt/hivemq/extensions/hivemq-distributed-tracing-extension/conf/config.xml'.
2025-01-29 14:00:41,127 DEBUG com.hivemq.helmcharts.util.K8sUtil - Comparing actual state 'RUNNING' and waiting for 'RESTART_EXTENSIONS'
2025-01-29 14:00:41,130 INFO c.h.h.t.HelmChartContainer - [hivemq-test-hivemq-platform] [hivemq-platform-operator] [b7d503ad] 14:00:41.127 [pool-6-thread-29] DEBUG c.h.p.o.d.PlatformServiceResource - [helmpods] Desired Platform services (3 services)
2025-01-29 14:00:41,131 INFO c.h.h.t.HelmChartContainer - [hivemq-test-hivemq-platform] [hivemq-platform-operator] [b7d503ad] 14:00:41.130 [pool-6-thread-21] DEBUG c.h.p.o.d.PodServiceAccountResource - [helmpods] Desired PodServiceAccountResource (serviceAccountName: hivemq-platform-pod-test-hivemq-platform)
2025-01-29 14:00:41,133 INFO c.h.h.t.HelmChartContainer - [hivemq-test-hivemq-platform] [hivemq-platform-operator] [b7d503ad] 14:00:41.132 [pool-6-thread-27] DEBUG c.h.p.o.dependants.PodInfoConfigMap - [helmpods] Desired PodInfo ConfigMap (1 extensions) (1 enabled)
2025-01-29 14:00:41,133 INFO c.h.h.t.HelmChartContainer - [hivemq-test-hivemq-platform] [hivemq-platform-operator] [b7d503ad] 14:00:41.133 [pool-6-thread-27] DEBUG c.h.p.o.dependants.PodInfoConfigMap - [helmpods] Desired PodInfo ConfigMap (metrics port: 9399) (metrics path: /)
2025-01-29 14:00:41,133 INFO c.h.h.t.HelmChartContainer - [hivemq-test-hivemq-platform] [hivemq-platform-operator] [b7d503ad] 14:00:41.133 [pool-6-thread-27] DEBUG c.h.p.o.dependants.PodInfoConfigMap - [helmpods] Desired PodInfo ConfigMap (extension state hash: -2060082288)
2025-01-29 14:00:41,135 INFO c.h.h.t.HelmChartContainer - [hivemq-test-hivemq-platform] [hivemq-platform-operator] [b7d503ad] 14:00:41.135 [pool-6-thread-27] DEBUG c.h.p.o.dependants.PodInfoConfigMap - [helmpods] Update PodInfo ConfigMap
2025-01-29 14:00:41,136 INFO c.h.h.t.HelmChartContainer - [hivemq-test-hivemq-platform] [hivemq-platform-operator] [b7d503ad] 14:00:41.135 [pool-6-thread-27] DEBUG c.h.p.o.dependants.PodInfoConfigMap - [helmpods] Detected change in configuration of extension 'hivemq-distributed-tracing-extension' ({skip-https-hostname-verification=false, restart=false, config-version=1071, header-version=0, c-uri=, uri=preinstalled, skip-https-certificate-validation=false, enabled=true} -> {skip-https-hostname-verification=false, restart=false, config-version=1165, header-version=0, c-uri=, uri=preinstalled, skip-https-certificate-validation=false, enabled=true})
2025-01-29 14:00:41,138 INFO c.h.h.t.HelmChartContainer - [hivemq-test-hivemq-platform] [hivemq-platform-operator] [b7d503ad] 14:00:41.135 [pool-6-thread-27] INFO  c.h.p.o.dependants.PodInfoConfigMap - [helmpods] Extension configuration was updated, restarting extensions: [hivemq-distributed-tracing-extension]
2025-01-29 14:00:41,189 INFO c.h.h.t.HelmChartContainer - [hivemq-test-hivemq-platform] [hivemq-platform-operator] [b7d503ad] 14:00:41.188 [pool-6-thread-27] DEBUG c.h.p.o.d.StatefulSetResource - [helmpods] Desired StatefulSet (1 replicas) for status RUNNING (READY)
2025-01-29 14:00:41,195 INFO c.h.h.t.HelmChartContainer - [hivemq-test-hivemq-platform] [hivemq-platform-operator] [b7d503ad] 14:00:41.193 [ReconcilerExecutor-hivemq-controller-116] INFO  c.h.p.o.HiveMQPlatformReconciler - [helmpods] Reconciling HiveMQ Platform 'test-hivemq-platform' in namespace 'helmpodsecuritycontextupgradeextensionit'
2025-01-29 14:00:41,197 INFO c.h.h.t.HelmChartContainer - [hivemq-test-hivemq-platform] [hivemq-platform-operator] [b7d503ad] 14:00:41.194 [ReconcilerExecutor-hivemq-controller-116] DEBUG c.h.p.o.HiveMQPlatformReconciler - [helmpods] Custom Resource Status RUNNING - HiveMQ Platform is ready (READY) (reconciliation requests: RESTART_EXTENSIONS, REQUESTS_UPDATED)
2025-01-29 14:00:41,197 INFO c.h.h.t.HelmChartContainer - [hivemq-test-hivemq-platform] [hivemq-platform-operator] [b7d503ad] 14:00:41.194 [ReconcilerExecutor-hivemq-controller-116] DEBUG c.h.p.o.HiveMQPlatformReconciler - [helmpods] Custom Resource Spec (replicas: 1) (extensions: 1)
2025-01-29 14:00:41,197 INFO c.h.h.t.HelmChartContainer - [hivemq-test-hivemq-platform] [hivemq-platform-operator] [b7d503ad] 14:00:41.195 [ReconcilerExecutor-hivemq-controller-116] DEBUG c.h.p.o.HiveMQPlatformReconciler - [helmpods] StatefulSet Status (revision: test-hivemq-platform-f6cdc458c, replicas: 1, available: 1, ready: 1, current: 1, updated: 1)
2025-01-29 14:00:41,198 INFO c.h.h.t.HelmChartContainer - [hivemq-test-hivemq-platform] [hivemq-platform-operator] [b7d503ad] 14:00:41.196 [ReconcilerExecutor-hivemq-controller-116] DEBUG c.h.p.o.HiveMQPlatformReconciler - [helmpods] StatefulSet Spec (replicas: 1, init containers: 1, containers: 1, volumes: 4)
2025-01-29 14:00:41,198 INFO c.h.h.t.HelmChartContainer - [hivemq-test-hivemq-platform] [hivemq-platform-operator] [b7d503ad] 14:00:41.197 [ReconcilerExecutor-hivemq-controller-116] DEBUG c.h.p.o.h.HiveMQPlatformReconcilerErrorHandler - [helmpods] Pod 'test-hivemq-platform-0' phase Running
2025-01-29 14:00:41,294 INFO c.h.h.t.HelmChartContainer - [hivemq-test-hivemq-platform] [hivemq-platform-operator] [b7d503ad] 14:00:41.292 [ReconcilerExecutor-hivemq-controller-116] DEBUG c.h.p.operator.event.EventSender - [helmpods] Creating K8s event restart-extension-started: [RestartExtension] HiveMQ Platform is restarting extensions (hivemq-distributed-tracing-extension)
2025-01-29 14:00:41,298 INFO c.h.h.t.HelmChartContainer - [EVENT] Normal [RestartExtension] HiveMQ Platform is restarting extensions (hivemq-distributed-tracing-extension) [helmpodsecuritycontextupgradeextensionit:test-hivemq-platform]
2025-01-29 14:00:41,299 INFO c.h.h.t.HelmChartContainer - [hivemq-test-hivemq-platform] [hivemq-platform-operator] [b7d503ad] 14:00:41.298 [ReconcilerExecutor-hivemq-controller-116] INFO  c.h.p.o.h.AbstractHiveMQReconcilerStateHandler - [helmpods] Update HiveMQ Platform Status (RUNNING [READY] -> RESTART_EXTENSIONS [RESTART_EXTENSIONS]): HiveMQ Platform is restarting extensions (hivemq-distributed-tracing-extension)
2025-01-29 14:00:41,306 DEBUG com.hivemq.helmcharts.util.K8sUtil - Comparing actual state 'RESTART_EXTENSIONS' and waiting for 'RESTART_EXTENSIONS'
2025-01-29 14:00:41,310 DEBUG com.hivemq.helmcharts.util.K8sUtil - Comparing actual state 'RESTART_EXTENSIONS' and waiting for 'RUNNING'
2025-01-29 14:00:50,371 INFO c.h.h.t.HelmChartContainer - [test-hivemq-platform] [hivemq] [ecde28f7] INFO  - [HiveMQ Platform Operator Init App 1.7.0-SNAPSHOT] Returning Health API response 200 for liveness
2025-01-29 14:00:51,343 INFO c.h.h.t.HelmChartContainer - [hivemq-test-hivemq-platform] [hivemq-platform-operator] [b7d503ad] 14:00:51.342 [pool-6-thread-35] DEBUG c.h.p.o.d.PodServiceAccountResource - [helmpods] Desired PodServiceAccountResource (serviceAccountName: hivemq-platform-pod-test-hivemq-platform)
2025-01-29 14:00:51,347 INFO c.h.h.t.HelmChartContainer - [hivemq-test-hivemq-platform] [hivemq-platform-operator] [b7d503ad] 14:00:51.343 [pool-6-thread-33] DEBUG c.h.p.o.d.PlatformServiceResource - [helmpods] Desired Platform services (3 services)
2025-01-29 14:00:51,347 INFO c.h.h.t.HelmChartContainer - [hivemq-test-hivemq-platform] [hivemq-platform-operator] [b7d503ad] 14:00:51.344 [pool-6-thread-31] DEBUG c.h.p.o.dependants.PodInfoConfigMap - [helmpods] Desired PodInfo ConfigMap (1 extensions) (1 enabled)
2025-01-29 14:00:51,347 INFO c.h.h.t.HelmChartContainer - [hivemq-test-hivemq-platform] [hivemq-platform-operator] [b7d503ad] 14:00:51.344 [pool-6-thread-31] DEBUG c.h.p.o.dependants.PodInfoConfigMap - [helmpods] Desired PodInfo ConfigMap (metrics port: 9399) (metrics path: /)
2025-01-29 14:00:51,347 INFO c.h.h.t.HelmChartContainer - [hivemq-test-hivemq-platform] [hivemq-platform-operator] [b7d503ad] 14:00:51.344 [pool-6-thread-31] DEBUG c.h.p.o.dependants.PodInfoConfigMap - [helmpods] Desired PodInfo ConfigMap (extension state hash: -2060082288)
2025-01-29 14:00:51,347 INFO c.h.h.t.HelmChartContainer - [hivemq-test-hivemq-platform] [hivemq-platform-operator] [b7d503ad] 14:00:51.345 [pool-6-thread-31] DEBUG c.h.p.o.dependants.PodInfoConfigMap - [helmpods] Update PodInfo ConfigMap
2025-01-29 14:00:51,355 INFO c.h.h.t.HelmChartContainer - [hivemq-test-hivemq-platform] [hivemq-platform-operator] [b7d503ad] 14:00:51.354 [pool-6-thread-31] DEBUG c.h.p.o.d.StatefulSetResource - [helmpods] Desired StatefulSet (1 replicas) for status RESTART_EXTENSIONS (RESTART_EXTENSIONS)
2025-01-29 14:00:51,358 INFO c.h.h.t.HelmChartContainer - [hivemq-test-hivemq-platform] [hivemq-platform-operator] [b7d503ad] 14:00:51.357 [ReconcilerExecutor-hivemq-controller-117] INFO  c.h.p.o.HiveMQPlatformReconciler - [helmpods] Reconciling HiveMQ Platform 'test-hivemq-platform' in namespace 'helmpodsecuritycontextupgradeextensionit'
2025-01-29 14:00:51,359 INFO c.h.h.t.HelmChartContainer - [hivemq-test-hivemq-platform] [hivemq-platform-operator] [b7d503ad] 14:00:51.357 [ReconcilerExecutor-hivemq-controller-117] DEBUG c.h.p.o.HiveMQPlatformReconciler - [helmpods] Custom Resource Status RESTART_EXTENSIONS - HiveMQ Platform is restarting extensions (hivemq-distributed-tracing-extension) (RESTART_EXTENSIONS)
2025-01-29 14:00:51,359 INFO c.h.h.t.HelmChartContainer - [hivemq-test-hivemq-platform] [hivemq-platform-operator] [b7d503ad] 14:00:51.357 [ReconcilerExecutor-hivemq-controller-117] DEBUG c.h.p.o.HiveMQPlatformReconciler - [helmpods] Custom Resource Spec (replicas: 1) (extensions: 1)
2025-01-29 14:00:51,435 INFO c.h.h.t.HelmChartContainer - [hivemq-test-hivemq-platform] [hivemq-platform-operator] [b7d503ad] 14:00:51.434 [ReconcilerExecutor-hivemq-controller-117] DEBUG c.h.p.o.HiveMQPlatformReconciler - [helmpods] StatefulSet Status (revision: test-hivemq-platform-f6cdc458c, replicas: 1, available: 1, ready: 1, current: 1, updated: 1)
2025-01-29 14:00:51,435 INFO c.h.h.t.HelmChartContainer - [hivemq-test-hivemq-platform] [hivemq-platform-operator] [b7d503ad] 14:00:51.434 [ReconcilerExecutor-hivemq-controller-117] DEBUG c.h.p.o.HiveMQPlatformReconciler - [helmpods] StatefulSet Spec (replicas: 1, init containers: 1, containers: 1, volumes: 4)
2025-01-29 14:00:51,437 INFO c.h.h.t.HelmChartContainer - [hivemq-test-hivemq-platform] [hivemq-platform-operator] [b7d503ad] 14:00:51.436 [ReconcilerExecutor-hivemq-controller-117] DEBUG c.h.p.o.h.HiveMQPlatformReconcilerErrorHandler - [helmpods] Pod 'test-hivemq-platform-0' phase Running
2025-01-29 14:00:51,446 INFO c.h.h.t.HelmChartContainer - [hivemq-test-hivemq-platform] [hivemq-platform-operator] [b7d503ad] 14:00:51.445 [ReconcilerExecutor-hivemq-controller-117] DEBUG c.h.p.o.h.HiveMQPlatformReconcilerRestartExtensionsHandler - [helmpods] Update extensions on Pod 'test-hivemq-platform-0'
2025-01-29 14:00:51,578 INFO c.h.h.t.HelmChartContainer - [test-hivemq-platform] [hivemq] [ecde28f7] INFO  - [HiveMQ Platform Operator Init App 1.7.0-SNAPSHOT] Updating HiveMQ Platform extensions: [hivemq-distributed-tracing-extension]
2025-01-29 14:00:51,595 INFO c.h.h.t.HelmChartContainer - [hivemq-test-hivemq-platform] [hivemq-platform-operator] [b7d503ad] 14:00:51.594 [vert.x-eventloop-thread-0] DEBUG c.h.platform.operator.util.PodUtil - Received status for command '[curl, -s, http://10.42.0.10:7979/updateExtension?hash=-2060082288&extensions=hivemq-distributed-tracing-extension]' on Pod 'test-hivemq-platform-0' (exit code: 0)
2025-01-29 14:00:52,566 INFO c.h.h.t.HelmChartContainer - [hivemq-test-hivemq-platform] [hivemq-platform-operator] [b7d503ad] 14:00:52.563 [pool-6-thread-46] DEBUG c.h.p.o.d.PlatformServiceResource - [helmpods] Desired Platform services (3 services)
2025-01-29 14:00:52,566 INFO c.h.h.t.HelmChartContainer - [hivemq-test-hivemq-platform] [hivemq-platform-operator] [b7d503ad] 14:00:52.565 [pool-6-thread-42] DEBUG c.h.p.o.d.PodServiceAccountResource - [helmpods] Desired PodServiceAccountResource (serviceAccountName: hivemq-platform-pod-test-hivemq-platform)
2025-01-29 14:00:52,567 INFO c.h.h.t.HelmChartContainer - [hivemq-test-hivemq-platform] [hivemq-platform-operator] [b7d503ad] 14:00:52.566 [pool-6-thread-44] DEBUG c.h.p.o.dependants.PodInfoConfigMap - [helmpods] Desired PodInfo ConfigMap (1 extensions) (1 enabled)
2025-01-29 14:00:52,568 INFO c.h.h.t.HelmChartContainer - [hivemq-test-hivemq-platform] [hivemq-platform-operator] [b7d503ad] 14:00:52.566 [pool-6-thread-44] DEBUG c.h.p.o.dependants.PodInfoConfigMap - [helmpods] Desired PodInfo ConfigMap (metrics port: 9399) (metrics path: /)
2025-01-29 14:00:52,568 INFO c.h.h.t.HelmChartContainer - [hivemq-test-hivemq-platform] [hivemq-platform-operator] [b7d503ad] 14:00:52.566 [pool-6-thread-44] DEBUG c.h.p.o.dependants.PodInfoConfigMap - [helmpods] Desired PodInfo ConfigMap (extension state hash: -2060082288)
2025-01-29 14:00:52,571 INFO c.h.h.t.HelmChartContainer - [hivemq-test-hivemq-platform] [hivemq-platform-operator] [b7d503ad] 14:00:52.570 [pool-6-thread-46] DEBUG c.h.p.o.d.StatefulSetResource - [helmpods] Desired StatefulSet (1 replicas) for status RESTART_EXTENSIONS (RESTART_EXTENSIONS)
2025-01-29 14:00:52,580 INFO c.h.h.t.HelmChartContainer - [test-hivemq-platform] [hivemq] [ecde28f7] INFO  - [HiveMQ Platform Operator Init App 1.7.0-SNAPSHOT] Waiting for extension ConfigMap sync (expected hash: -2060082288) (current hash: -1845918640)
2025-01-29 14:00:52,637 INFO c.h.h.t.HelmChartContainer - [hivemq-test-hivemq-platform] [hivemq-platform-operator] [b7d503ad] 14:00:52.635 [ReconcilerExecutor-hivemq-controller-119] INFO  c.h.p.o.HiveMQPlatformReconciler - [helmpods] Reconciling HiveMQ Platform 'test-hivemq-platform' in namespace 'helmpodsecuritycontextupgradeextensionit'
2025-01-29 14:00:52,637 INFO c.h.h.t.HelmChartContainer - [hivemq-test-hivemq-platform] [hivemq-platform-operator] [b7d503ad] 14:00:52.636 [ReconcilerExecutor-hivemq-controller-119] DEBUG c.h.p.o.HiveMQPlatformReconciler - [helmpods] Custom Resource Status RESTART_EXTENSIONS - HiveMQ Platform is restarting extensions (hivemq-distributed-tracing-extension) (RESTART_EXTENSIONS)
2025-01-29 14:00:52,637 INFO c.h.h.t.HelmChartContainer - [hivemq-test-hivemq-platform] [hivemq-platform-operator] [b7d503ad] 14:00:52.636 [ReconcilerExecutor-hivemq-controller-119] DEBUG c.h.p.o.HiveMQPlatformReconciler - [helmpods] Custom Resource Spec (replicas: 1) (extensions: 1)
2025-01-29 14:00:52,639 INFO c.h.h.t.HelmChartContainer - [hivemq-test-hivemq-platform] [hivemq-platform-operator] [b7d503ad] 14:00:52.638 [ReconcilerExecutor-hivemq-controller-119] DEBUG c.h.p.o.HiveMQPlatformReconciler - [helmpods] StatefulSet Status (revision: test-hivemq-platform-f6cdc458c, replicas: 1, available: 1, ready: 1, current: 1, updated: 1)
2025-01-29 14:00:52,640 INFO c.h.h.t.HelmChartContainer - [hivemq-test-hivemq-platform] [hivemq-platform-operator] [b7d503ad] 14:00:52.638 [ReconcilerExecutor-hivemq-controller-119] DEBUG c.h.p.o.HiveMQPlatformReconciler - [helmpods] StatefulSet Spec (replicas: 1, init containers: 1, containers: 1, volumes: 4)
2025-01-29 14:00:52,641 INFO c.h.h.t.HelmChartContainer - [hivemq-test-hivemq-platform] [hivemq-platform-operator] [b7d503ad] 14:00:52.640 [ReconcilerExecutor-hivemq-controller-119] DEBUG c.h.p.o.h.HiveMQPlatformReconcilerErrorHandler - [helmpods] Pod 'test-hivemq-platform-0' phase Running
2025-01-29 14:00:52,753 INFO c.h.h.t.HelmChartContainer - [hivemq-test-hivemq-platform] [hivemq-platform-operator] [b7d503ad] 14:00:52.750 [ReconcilerExecutor-hivemq-controller-119] DEBUG c.h.p.operator.event.EventSender - [helmpods] Creating K8s event restart-extension-in-progress: [RestartExtension] HiveMQ Platform is waiting for extension restart (hivemq-distributed-tracing-extension)
2025-01-29 14:00:52,756 INFO c.h.h.t.HelmChartContainer - [EVENT] Normal [RestartExtension] HiveMQ Platform is waiting for extension restart (hivemq-distributed-tracing-extension) [helmpodsecuritycontextupgradeextensionit:test-hivemq-platform]
2025-01-29 14:00:52,757 INFO c.h.h.t.HelmChartContainer - [hivemq-test-hivemq-platform] [hivemq-platform-operator] [b7d503ad] 14:00:52.756 [ReconcilerExecutor-hivemq-controller-119] INFO  c.h.p.o.h.AbstractHiveMQReconcilerStateHandler - [helmpods] Update HiveMQ Platform Status (RESTART_EXTENSIONS [RESTART_EXTENSIONS] -> RESTART_EXTENSIONS [WAIT_FOR_EXTENSION_RESTART]): HiveMQ Platform is waiting for extension restart (hivemq-distributed-tracing-extension)
2025-01-29 14:00:52,843 DEBUG com.hivemq.helmcharts.util.K8sUtil - Comparing actual state 'RESTART_EXTENSIONS' and waiting for 'RUNNING'
2025-01-29 14:00:53,580 INFO c.h.h.t.HelmChartContainer - [test-hivemq-platform] [hivemq] [ecde28f7] INFO  - [HiveMQ Platform Operator Init App 1.7.0-SNAPSHOT] Waiting for extension ConfigMap sync (expected hash: -2060082288) (current hash: -1845918640)
2025-01-29 14:00:54,581 INFO c.h.h.t.HelmChartContainer - [test-hivemq-platform] [hivemq] [ecde28f7] INFO  - [HiveMQ Platform Operator Init App 1.7.0-SNAPSHOT] Waiting for extension ConfigMap sync (expected hash: -2060082288) (current hash: -1845918640)
2025-01-29 14:00:55,582 INFO c.h.h.t.HelmChartContainer - [test-hivemq-platform] [hivemq] [ecde28f7] INFO  - [HiveMQ Platform Operator Init App 1.7.0-SNAPSHOT] Waiting for extension ConfigMap sync (expected hash: -2060082288) (current hash: -1845918640)
2025-01-29 14:00:56,582 INFO c.h.h.t.HelmChartContainer - [test-hivemq-platform] [hivemq] [ecde28f7] INFO  - [HiveMQ Platform Operator Init App 1.7.0-SNAPSHOT] Waiting for extension ConfigMap sync (expected hash: -2060082288) (current hash: -1845918640)
2025-01-29 14:00:57,583 INFO c.h.h.t.HelmChartContainer - [test-hivemq-platform] [hivemq] [ecde28f7] INFO  - [HiveMQ Platform Operator Init App 1.7.0-SNAPSHOT] Waiting for extension ConfigMap sync (expected hash: -2060082288) (current hash: -1845918640)
2025-01-29 14:00:58,583 INFO c.h.h.t.HelmChartContainer - [test-hivemq-platform] [hivemq] [ecde28f7] INFO  - [HiveMQ Platform Operator Init App 1.7.0-SNAPSHOT] Waiting for extension ConfigMap sync (expected hash: -2060082288) (current hash: -1845918640)
2025-01-29 14:00:59,583 INFO c.h.h.t.HelmChartContainer - [test-hivemq-platform] [hivemq] [ecde28f7] INFO  - [HiveMQ Platform Operator Init App 1.7.0-SNAPSHOT] Waiting for extension ConfigMap sync (expected hash: -2060082288) (current hash: -1845918640)
2025-01-29 14:01:00,584 INFO c.h.h.t.HelmChartContainer - [test-hivemq-platform] [hivemq] [ecde28f7] INFO  - [HiveMQ Platform Operator Init App 1.7.0-SNAPSHOT] Waiting for extension ConfigMap sync (expected hash: -2060082288) (current hash: -1845918640)
2025-01-29 14:01:01,585 INFO c.h.h.t.HelmChartContainer - [test-hivemq-platform] [hivemq] [ecde28f7] INFO  - [HiveMQ Platform Operator Init App 1.7.0-SNAPSHOT] Waiting for extension ConfigMap sync (expected hash: -2060082288) (current hash: -1845918640)
2025-01-29 14:01:02,585 INFO c.h.h.t.HelmChartContainer - [test-hivemq-platform] [hivemq] [ecde28f7] INFO  - [HiveMQ Platform Operator Init App 1.7.0-SNAPSHOT] Waiting for extension ConfigMap sync (expected hash: -2060082288) (current hash: -1845918640)
2025-01-29 14:01:02,848 INFO c.h.h.t.HelmChartContainer - [hivemq-test-hivemq-platform] [hivemq-platform-operator] [b7d503ad] 14:01:02.846 [pool-6-thread-1] DEBUG c.h.p.o.d.PodServiceAccountResource - [helmpods] Desired PodServiceAccountResource (serviceAccountName: hivemq-platform-pod-test-hivemq-platform)
2025-01-29 14:01:02,851 INFO c.h.h.t.HelmChartContainer - [hivemq-test-hivemq-platform] [hivemq-platform-operator] [b7d503ad] 14:01:02.847 [pool-6-thread-7] DEBUG c.h.p.o.d.PlatformServiceResource - [helmpods] Desired Platform services (3 services)
2025-01-29 14:01:02,851 INFO c.h.h.t.HelmChartContainer - [hivemq-test-hivemq-platform] [hivemq-platform-operator] [b7d503ad] 14:01:02.847 [pool-6-thread-5] DEBUG c.h.p.o.dependants.PodInfoConfigMap - [helmpods] Desired PodInfo ConfigMap (1 extensions) (1 enabled)
2025-01-29 14:01:02,851 INFO c.h.h.t.HelmChartContainer - [hivemq-test-hivemq-platform] [hivemq-platform-operator] [b7d503ad] 14:01:02.848 [pool-6-thread-5] DEBUG c.h.p.o.dependants.PodInfoConfigMap - [helmpods] Desired PodInfo ConfigMap (metrics port: 9399) (metrics path: /)
2025-01-29 14:01:02,851 INFO c.h.h.t.HelmChartContainer - [hivemq-test-hivemq-platform] [hivemq-platform-operator] [b7d503ad] 14:01:02.848 [pool-6-thread-5] DEBUG c.h.p.o.dependants.PodInfoConfigMap - [helmpods] Desired PodInfo ConfigMap (extension state hash: -2060082288)
2025-01-29 14:01:02,854 INFO c.h.h.t.HelmChartContainer - [hivemq-test-hivemq-platform] [hivemq-platform-operator] [b7d503ad] 14:01:02.854 [pool-6-thread-7] DEBUG c.h.p.o.d.StatefulSetResource - [helmpods] Desired StatefulSet (1 replicas) for status RESTART_EXTENSIONS (WAIT_FOR_EXTENSION_RESTART)
2025-01-29 14:01:02,859 INFO c.h.h.t.HelmChartContainer - [hivemq-test-hivemq-platform] [hivemq-platform-operator] [b7d503ad] 14:01:02.858 [ReconcilerExecutor-hivemq-controller-120] INFO  c.h.p.o.HiveMQPlatformReconciler - [helmpods] Reconciling HiveMQ Platform 'test-hivemq-platform' in namespace 'helmpodsecuritycontextupgradeextensionit'
2025-01-29 14:01:02,860 INFO c.h.h.t.HelmChartContainer - [hivemq-test-hivemq-platform] [hivemq-platform-operator] [b7d503ad] 14:01:02.859 [ReconcilerExecutor-hivemq-controller-120] DEBUG c.h.p.o.HiveMQPlatformReconciler - [helmpods] Custom Resource Status RESTART_EXTENSIONS - HiveMQ Platform is waiting for extension restart (hivemq-distributed-tracing-extension) (WAIT_FOR_EXTENSION_RESTART)
2025-01-29 14:01:02,861 INFO c.h.h.t.HelmChartContainer - [hivemq-test-hivemq-platform] [hivemq-platform-operator] [b7d503ad] 14:01:02.859 [ReconcilerExecutor-hivemq-controller-120] DEBUG c.h.p.o.HiveMQPlatformReconciler - [helmpods] Custom Resource Spec (replicas: 1) (extensions: 1)
2025-01-29 14:01:02,861 INFO c.h.h.t.HelmChartContainer - [hivemq-test-hivemq-platform] [hivemq-platform-operator] [b7d503ad] 14:01:02.860 [ReconcilerExecutor-hivemq-controller-120] DEBUG c.h.p.o.HiveMQPlatformReconciler - [helmpods] StatefulSet Status (revision: test-hivemq-platform-f6cdc458c, replicas: 1, available: 1, ready: 1, current: 1, updated: 1)
2025-01-29 14:01:02,861 INFO c.h.h.t.HelmChartContainer - [hivemq-test-hivemq-platform] [hivemq-platform-operator] [b7d503ad] 14:01:02.860 [ReconcilerExecutor-hivemq-controller-120] DEBUG c.h.p.o.HiveMQPlatformReconciler - [helmpods] StatefulSet Spec (replicas: 1, init containers: 1, containers: 1, volumes: 4)
2025-01-29 14:01:02,862 INFO c.h.h.t.HelmChartContainer - [hivemq-test-hivemq-platform] [hivemq-platform-operator] [b7d503ad] 14:01:02.861 [ReconcilerExecutor-hivemq-controller-120] DEBUG c.h.p.o.h.HiveMQPlatformReconcilerErrorHandler - [helmpods] Pod 'test-hivemq-platform-0' phase Running
2025-01-29 14:01:02,941 INFO c.h.h.t.HelmChartContainer - [hivemq-test-hivemq-platform] [hivemq-platform-operator] [b7d503ad] 14:01:02.939 [ReconcilerExecutor-hivemq-controller-120] DEBUG c.h.p.o.h.HiveMQPlatformReconcilerRestartExtensionsHandler - [helmpods] Checking update extension status on Pod 'test-hivemq-platform-0'
2025-01-29 14:01:02,992 INFO c.h.h.t.HelmChartContainer - [test-hivemq-platform] [hivemq] [ecde28f7] INFO  - [HiveMQ Platform Operator Init App 1.7.0-SNAPSHOT] Extension update is pending (0 errors)
2025-01-29 14:01:03,035 INFO c.h.h.t.HelmChartContainer - [hivemq-test-hivemq-platform] [hivemq-platform-operator] [b7d503ad] 14:01:03.034 [vert.x-eventloop-thread-0] DEBUG c.h.platform.operator.util.PodUtil - Received status for command '[curl, -s, http://10.42.0.10:7979/updateExtensionStatus]' on Pod 'test-hivemq-platform-0' (exit code: 0)
2025-01-29 14:01:03,586 INFO c.h.h.t.HelmChartContainer - [test-hivemq-platform] [hivemq] [ecde28f7] INFO  - [HiveMQ Platform Operator Init App 1.7.0-SNAPSHOT] Waiting for extension ConfigMap sync (expected hash: -2060082288) (current hash: -1845918640)
2025-01-29 14:01:03,968 INFO c.h.h.t.HelmChartContainer - [hivemq-test-hivemq-platform] [hivemq-platform-operator] [b7d503ad] 14:01:03.967 [pool-6-thread-18] DEBUG c.h.p.o.d.PlatformServiceResource - [helmpods] Desired Platform services (3 services)
2025-01-29 14:01:03,971 INFO c.h.h.t.HelmChartContainer - [hivemq-test-hivemq-platform] [hivemq-platform-operator] [b7d503ad] 14:01:03.969 [pool-6-thread-20] DEBUG c.h.p.o.d.PodServiceAccountResource - [helmpods] Desired PodServiceAccountResource (serviceAccountName: hivemq-platform-pod-test-hivemq-platform)
2025-01-29 14:01:03,972 INFO c.h.h.t.HelmChartContainer - [hivemq-test-hivemq-platform] [hivemq-platform-operator] [b7d503ad] 14:01:03.969 [pool-6-thread-12] DEBUG c.h.p.o.dependants.PodInfoConfigMap - [helmpods] Desired PodInfo ConfigMap (1 extensions) (1 enabled)
2025-01-29 14:01:03,972 INFO c.h.h.t.HelmChartContainer - [hivemq-test-hivemq-platform] [hivemq-platform-operator] [b7d503ad] 14:01:03.969 [pool-6-thread-12] DEBUG c.h.p.o.dependants.PodInfoConfigMap - [helmpods] Desired PodInfo ConfigMap (metrics port: 9399) (metrics path: /)
2025-01-29 14:01:03,972 INFO c.h.h.t.HelmChartContainer - [hivemq-test-hivemq-platform] [hivemq-platform-operator] [b7d503ad] 14:01:03.969 [pool-6-thread-12] DEBUG c.h.p.o.dependants.PodInfoConfigMap - [helmpods] Desired PodInfo ConfigMap (extension state hash: -2060082288)
2025-01-29 14:01:03,974 INFO c.h.h.t.HelmChartContainer - [hivemq-test-hivemq-platform] [hivemq-platform-operator] [b7d503ad] 14:01:03.973 [pool-6-thread-18] DEBUG c.h.p.o.d.StatefulSetResource - [helmpods] Desired StatefulSet (1 replicas) for status RESTART_EXTENSIONS (WAIT_FOR_EXTENSION_RESTART)
2025-01-29 14:01:03,977 INFO c.h.h.t.HelmChartContainer - [hivemq-test-hivemq-platform] [hivemq-platform-operator] [b7d503ad] 14:01:03.977 [ReconcilerExecutor-hivemq-controller-121] INFO  c.h.p.o.HiveMQPlatformReconciler - [helmpods] Reconciling HiveMQ Platform 'test-hivemq-platform' in namespace 'helmpodsecuritycontextupgradeextensionit'
2025-01-29 14:01:03,977 INFO c.h.h.t.HelmChartContainer - [hivemq-test-hivemq-platform] [hivemq-platform-operator] [b7d503ad] 14:01:03.977 [ReconcilerExecutor-hivemq-controller-121] DEBUG c.h.p.o.HiveMQPlatformReconciler - [helmpods] Custom Resource Status RESTART_EXTENSIONS - HiveMQ Platform is waiting for extension restart (hivemq-distributed-tracing-extension) (WAIT_FOR_EXTENSION_RESTART)
2025-01-29 14:01:03,977 INFO c.h.h.t.HelmChartContainer - [hivemq-test-hivemq-platform] [hivemq-platform-operator] [b7d503ad] 14:01:03.977 [ReconcilerExecutor-hivemq-controller-121] DEBUG c.h.p.o.HiveMQPlatformReconciler - [helmpods] Custom Resource Spec (replicas: 1) (extensions: 1)
2025-01-29 14:01:03,979 INFO c.h.h.t.HelmChartContainer - [hivemq-test-hivemq-platform] [hivemq-platform-operator] [b7d503ad] 14:01:03.978 [ReconcilerExecutor-hivemq-controller-121] DEBUG c.h.p.o.HiveMQPlatformReconciler - [helmpods] StatefulSet Status (revision: test-hivemq-platform-f6cdc458c, replicas: 1, available: 1, ready: 1, current: 1, updated: 1)
2025-01-29 14:01:03,979 INFO c.h.h.t.HelmChartContainer - [hivemq-test-hivemq-platform] [hivemq-platform-operator] [b7d503ad] 14:01:03.978 [ReconcilerExecutor-hivemq-controller-121] DEBUG c.h.p.o.HiveMQPlatformReconciler - [helmpods] StatefulSet Spec (replicas: 1, init containers: 1, containers: 1, volumes: 4)
2025-01-29 14:01:03,980 INFO c.h.h.t.HelmChartContainer - [hivemq-test-hivemq-platform] [hivemq-platform-operator] [b7d503ad] 14:01:03.980 [ReconcilerExecutor-hivemq-controller-121] DEBUG c.h.p.o.h.HiveMQPlatformReconcilerErrorHandler - [helmpods] Pod 'test-hivemq-platform-0' phase Running
2025-01-29 14:01:03,982 INFO c.h.h.t.HelmChartContainer - [hivemq-test-hivemq-platform] [hivemq-platform-operator] [b7d503ad] 14:01:03.981 [ReconcilerExecutor-hivemq-controller-121] INFO  c.h.p.o.h.HiveMQPlatformReconcilerRestartExtensionsHandler - [helmpods] Extension update on Pod 'test-hivemq-platform-0' is still pending
2025-01-29 14:01:04,586 INFO c.h.h.t.HelmChartContainer - [test-hivemq-platform] [hivemq] [ecde28f7] INFO  - [HiveMQ Platform Operator Init App 1.7.0-SNAPSHOT] Waiting for extension ConfigMap sync (expected hash: -2060082288) (current hash: -1845918640)
2025-01-29 14:01:05,587 INFO c.h.h.t.HelmChartContainer - [test-hivemq-platform] [hivemq] [ecde28f7] INFO  - [HiveMQ Platform Operator Init App 1.7.0-SNAPSHOT] Waiting for extension ConfigMap sync (expected hash: -2060082288) (current hash: -1845918640)
2025-01-29 14:01:06,587 INFO c.h.h.t.HelmChartContainer - [test-hivemq-platform] [hivemq] [ecde28f7] INFO  - [HiveMQ Platform Operator Init App 1.7.0-SNAPSHOT] Waiting for extension ConfigMap sync (expected hash: -2060082288) (current hash: -1845918640)
2025-01-29 14:01:07,588 INFO c.h.h.t.HelmChartContainer - [test-hivemq-platform] [hivemq] [ecde28f7] INFO  - [HiveMQ Platform Operator Init App 1.7.0-SNAPSHOT] Waiting for extension ConfigMap sync (expected hash: -2060082288) (current hash: -1845918640)
2025-01-29 14:01:08,588 INFO c.h.h.t.HelmChartContainer - [test-hivemq-platform] [hivemq] [ecde28f7] INFO  - [HiveMQ Platform Operator Init App 1.7.0-SNAPSHOT] Waiting for extension ConfigMap sync (expected hash: -2060082288) (current hash: -1845918640)
2025-01-29 14:01:09,589 INFO c.h.h.t.HelmChartContainer - [test-hivemq-platform] [hivemq] [ecde28f7] INFO  - [HiveMQ Platform Operator Init App 1.7.0-SNAPSHOT] Waiting for extension ConfigMap sync (expected hash: -2060082288) (current hash: -1845918640)
2025-01-29 14:01:10,589 INFO c.h.h.t.HelmChartContainer - [test-hivemq-platform] [hivemq] [ecde28f7] INFO  - [HiveMQ Platform Operator Init App 1.7.0-SNAPSHOT] Waiting for extension ConfigMap sync (expected hash: -2060082288) (current hash: -1845918640)
2025-01-29 14:01:11,590 INFO c.h.h.t.HelmChartContainer - [test-hivemq-platform] [hivemq] [ecde28f7] INFO  - [HiveMQ Platform Operator Init App 1.7.0-SNAPSHOT] Waiting for extension ConfigMap sync (expected hash: -2060082288) (current hash: -1845918640)
2025-01-29 14:01:12,590 INFO c.h.h.t.HelmChartContainer - [test-hivemq-platform] [hivemq] [ecde28f7] INFO  - [HiveMQ Platform Operator Init App 1.7.0-SNAPSHOT] Waiting for extension ConfigMap sync (expected hash: -2060082288) (current hash: -1845918640)
2025-01-29 14:01:13,591 INFO c.h.h.t.HelmChartContainer - [test-hivemq-platform] [hivemq] [ecde28f7] INFO  - [HiveMQ Platform Operator Init App 1.7.0-SNAPSHOT] Waiting for extension ConfigMap sync (expected hash: -2060082288) (current hash: -1845918640)
2025-01-29 14:01:13,989 INFO c.h.h.t.HelmChartContainer - [hivemq-test-hivemq-platform] [hivemq-platform-operator] [b7d503ad] 14:01:13.984 [pool-6-thread-22] DEBUG c.h.p.o.d.PlatformServiceResource - [helmpods] Desired Platform services (3 services)
2025-01-29 14:01:13,990 INFO c.h.h.t.HelmChartContainer - [hivemq-test-hivemq-platform] [hivemq-platform-operator] [b7d503ad] 14:01:13.986 [pool-6-thread-29] DEBUG c.h.p.o.d.PodServiceAccountResource - [helmpods] Desired PodServiceAccountResource (serviceAccountName: hivemq-platform-pod-test-hivemq-platform)
2025-01-29 14:01:13,990 INFO c.h.h.t.HelmChartContainer - [hivemq-test-hivemq-platform] [hivemq-platform-operator] [b7d503ad] 14:01:13.988 [pool-6-thread-30] DEBUG c.h.p.o.dependants.PodInfoConfigMap - [helmpods] Desired PodInfo ConfigMap (1 extensions) (1 enabled)
2025-01-29 14:01:13,990 INFO c.h.h.t.HelmChartContainer - [hivemq-test-hivemq-platform] [hivemq-platform-operator] [b7d503ad] 14:01:13.988 [pool-6-thread-30] DEBUG c.h.p.o.dependants.PodInfoConfigMap - [helmpods] Desired PodInfo ConfigMap (metrics port: 9399) (metrics path: /)
2025-01-29 14:01:13,990 INFO c.h.h.t.HelmChartContainer - [hivemq-test-hivemq-platform] [hivemq-platform-operator] [b7d503ad] 14:01:13.988 [pool-6-thread-30] DEBUG c.h.p.o.dependants.PodInfoConfigMap - [helmpods] Desired PodInfo ConfigMap (extension state hash: -2060082288)
2025-01-29 14:01:13,992 INFO c.h.h.t.HelmChartContainer - [hivemq-test-hivemq-platform] [hivemq-platform-operator] [b7d503ad] 14:01:13.992 [pool-6-thread-22] DEBUG c.h.p.o.d.StatefulSetResource - [helmpods] Desired StatefulSet (1 replicas) for status RESTART_EXTENSIONS (WAIT_FOR_EXTENSION_RESTART)
2025-01-29 14:01:13,995 INFO c.h.h.t.HelmChartContainer - [hivemq-test-hivemq-platform] [hivemq-platform-operator] [b7d503ad] 14:01:13.995 [ReconcilerExecutor-hivemq-controller-122] INFO  c.h.p.o.HiveMQPlatformReconciler - [helmpods] Reconciling HiveMQ Platform 'test-hivemq-platform' in namespace 'helmpodsecuritycontextupgradeextensionit'
2025-01-29 14:01:13,996 INFO c.h.h.t.HelmChartContainer - [hivemq-test-hivemq-platform] [hivemq-platform-operator] [b7d503ad] 14:01:13.995 [ReconcilerExecutor-hivemq-controller-122] DEBUG c.h.p.o.HiveMQPlatformReconciler - [helmpods] Custom Resource Status RESTART_EXTENSIONS - HiveMQ Platform is waiting for extension restart (hivemq-distributed-tracing-extension) (WAIT_FOR_EXTENSION_RESTART)
2025-01-29 14:01:13,996 INFO c.h.h.t.HelmChartContainer - [hivemq-test-hivemq-platform] [hivemq-platform-operator] [b7d503ad] 14:01:13.995 [ReconcilerExecutor-hivemq-controller-122] DEBUG c.h.p.o.HiveMQPlatformReconciler - [helmpods] Custom Resource Spec (replicas: 1) (extensions: 1)
2025-01-29 14:01:13,997 INFO c.h.h.t.HelmChartContainer - [hivemq-test-hivemq-platform] [hivemq-platform-operator] [b7d503ad] 14:01:13.996 [ReconcilerExecutor-hivemq-controller-122] DEBUG c.h.p.o.HiveMQPlatformReconciler - [helmpods] StatefulSet Status (revision: test-hivemq-platform-f6cdc458c, replicas: 1, available: 1, ready: 1, current: 1, updated: 1)
2025-01-29 14:01:13,997 INFO c.h.h.t.HelmChartContainer - [hivemq-test-hivemq-platform] [hivemq-platform-operator] [b7d503ad] 14:01:13.996 [ReconcilerExecutor-hivemq-controller-122] DEBUG c.h.p.o.HiveMQPlatformReconciler - [helmpods] StatefulSet Spec (replicas: 1, init containers: 1, containers: 1, volumes: 4)
2025-01-29 14:01:13,998 INFO c.h.h.t.HelmChartContainer - [hivemq-test-hivemq-platform] [hivemq-platform-operator] [b7d503ad] 14:01:13.997 [ReconcilerExecutor-hivemq-controller-122] DEBUG c.h.p.o.h.HiveMQPlatformReconcilerErrorHandler - [helmpods] Pod 'test-hivemq-platform-0' phase Running
2025-01-29 14:01:14,003 INFO c.h.h.t.HelmChartContainer - [hivemq-test-hivemq-platform] [hivemq-platform-operator] [b7d503ad] 14:01:14.003 [ReconcilerExecutor-hivemq-controller-122] DEBUG c.h.p.o.h.HiveMQPlatformReconcilerRestartExtensionsHandler - [helmpods] Checking update extension status on Pod 'test-hivemq-platform-0'
2025-01-29 14:01:14,136 INFO c.h.h.t.HelmChartContainer - [test-hivemq-platform] [hivemq] [ecde28f7] INFO  - [HiveMQ Platform Operator Init App 1.7.0-SNAPSHOT] Extension update is pending (0 errors)
2025-01-29 14:01:14,139 INFO c.h.h.t.HelmChartContainer - [hivemq-test-hivemq-platform] [hivemq-platform-operator] [b7d503ad] 14:01:14.139 [vert.x-eventloop-thread-1] DEBUG c.h.platform.operator.util.PodUtil - Received status for command '[curl, -s, http://10.42.0.10:7979/updateExtensionStatus]' on Pod 'test-hivemq-platform-0' (exit code: 0)
2025-01-29 14:01:14,591 INFO c.h.h.t.HelmChartContainer - [test-hivemq-platform] [hivemq] [ecde28f7] INFO  - [HiveMQ Platform Operator Init App 1.7.0-SNAPSHOT] Waiting for extension ConfigMap sync (expected hash: -2060082288) (current hash: -1845918640)
2025-01-29 14:01:15,108 INFO c.h.h.t.HelmChartContainer - [hivemq-test-hivemq-platform] [hivemq-platform-operator] [b7d503ad] 14:01:15.106 [pool-6-thread-39] DEBUG c.h.p.o.d.PlatformServiceResource - [helmpods] Desired Platform services (3 services)
2025-01-29 14:01:15,108 INFO c.h.h.t.HelmChartContainer - [hivemq-test-hivemq-platform] [hivemq-platform-operator] [b7d503ad] 14:01:15.107 [pool-6-thread-38] DEBUG c.h.p.o.d.PodServiceAccountResource - [helmpods] Desired PodServiceAccountResource (serviceAccountName: hivemq-platform-pod-test-hivemq-platform)
2025-01-29 14:01:15,110 INFO c.h.h.t.HelmChartContainer - [hivemq-test-hivemq-platform] [hivemq-platform-operator] [b7d503ad] 14:01:15.109 [pool-6-thread-35] DEBUG c.h.p.o.dependants.PodInfoConfigMap - [helmpods] Desired PodInfo ConfigMap (1 extensions) (1 enabled)
2025-01-29 14:01:15,111 INFO c.h.h.t.HelmChartContainer - [hivemq-test-hivemq-platform] [hivemq-platform-operator] [b7d503ad] 14:01:15.110 [pool-6-thread-35] DEBUG c.h.p.o.dependants.PodInfoConfigMap - [helmpods] Desired PodInfo ConfigMap (metrics port: 9399) (metrics path: /)
2025-01-29 14:01:15,111 INFO c.h.h.t.HelmChartContainer - [hivemq-test-hivemq-platform] [hivemq-platform-operator] [b7d503ad] 14:01:15.110 [pool-6-thread-35] DEBUG c.h.p.o.dependants.PodInfoConfigMap - [helmpods] Desired PodInfo ConfigMap (extension state hash: -2060082288)
2025-01-29 14:01:15,113 INFO c.h.h.t.HelmChartContainer - [hivemq-test-hivemq-platform] [hivemq-platform-operator] [b7d503ad] 14:01:15.112 [pool-6-thread-40] DEBUG c.h.p.o.d.StatefulSetResource - [helmpods] Desired StatefulSet (1 replicas) for status RESTART_EXTENSIONS (WAIT_FOR_EXTENSION_RESTART)
2025-01-29 14:01:15,116 INFO c.h.h.t.HelmChartContainer - [hivemq-test-hivemq-platform] [hivemq-platform-operator] [b7d503ad] 14:01:15.115 [ReconcilerExecutor-hivemq-controller-123] INFO  c.h.p.o.HiveMQPlatformReconciler - [helmpods] Reconciling HiveMQ Platform 'test-hivemq-platform' in namespace 'helmpodsecuritycontextupgradeextensionit'
2025-01-29 14:01:15,116 INFO c.h.h.t.HelmChartContainer - [hivemq-test-hivemq-platform] [hivemq-platform-operator] [b7d503ad] 14:01:15.115 [ReconcilerExecutor-hivemq-controller-123] DEBUG c.h.p.o.HiveMQPlatformReconciler - [helmpods] Custom Resource Status RESTART_EXTENSIONS - HiveMQ Platform is waiting for extension restart (hivemq-distributed-tracing-extension) (WAIT_FOR_EXTENSION_RESTART)
2025-01-29 14:01:15,117 INFO c.h.h.t.HelmChartContainer - [hivemq-test-hivemq-platform] [hivemq-platform-operator] [b7d503ad] 14:01:15.115 [ReconcilerExecutor-hivemq-controller-123] DEBUG c.h.p.o.HiveMQPlatformReconciler - [helmpods] Custom Resource Spec (replicas: 1) (extensions: 1)
2025-01-29 14:01:15,118 INFO c.h.h.t.HelmChartContainer - [hivemq-test-hivemq-platform] [hivemq-platform-operator] [b7d503ad] 14:01:15.117 [ReconcilerExecutor-hivemq-controller-123] DEBUG c.h.p.o.HiveMQPlatformReconciler - [helmpods] StatefulSet Status (revision: test-hivemq-platform-f6cdc458c, replicas: 1, available: 1, ready: 1, current: 1, updated: 1)
2025-01-29 14:01:15,118 INFO c.h.h.t.HelmChartContainer - [hivemq-test-hivemq-platform] [hivemq-platform-operator] [b7d503ad] 14:01:15.117 [ReconcilerExecutor-hivemq-controller-123] DEBUG c.h.p.o.HiveMQPlatformReconciler - [helmpods] StatefulSet Spec (replicas: 1, init containers: 1, containers: 1, volumes: 4)
2025-01-29 14:01:15,119 INFO c.h.h.t.HelmChartContainer - [hivemq-test-hivemq-platform] [hivemq-platform-operator] [b7d503ad] 14:01:15.118 [ReconcilerExecutor-hivemq-controller-123] DEBUG c.h.p.o.h.HiveMQPlatformReconcilerErrorHandler - [helmpods] Pod 'test-hivemq-platform-0' phase Running
2025-01-29 14:01:15,120 INFO c.h.h.t.HelmChartContainer - [hivemq-test-hivemq-platform] [hivemq-platform-operator] [b7d503ad] 14:01:15.119 [ReconcilerExecutor-hivemq-controller-123] INFO  c.h.p.o.h.HiveMQPlatformReconcilerRestartExtensionsHandler - [helmpods] Extension update on Pod 'test-hivemq-platform-0' is still pending
2025-01-29 14:01:15,592 INFO c.h.h.t.HelmChartContainer - [test-hivemq-platform] [hivemq] [ecde28f7] INFO  - [HiveMQ Platform Operator Init App 1.7.0-SNAPSHOT] Waiting for extension ConfigMap sync (expected hash: -2060082288) (current hash: -1845918640)
2025-01-29 14:01:16,592 INFO c.h.h.t.HelmChartContainer - [test-hivemq-platform] [hivemq] [ecde28f7] INFO  - [HiveMQ Platform Operator Init App 1.7.0-SNAPSHOT] Waiting for extension ConfigMap sync (expected hash: -2060082288) (current hash: -1845918640)
2025-01-29 14:01:17,593 INFO c.h.h.t.HelmChartContainer - [test-hivemq-platform] [hivemq] [ecde28f7] INFO  - [HiveMQ Platform Operator Init App 1.7.0-SNAPSHOT] Waiting for extension ConfigMap sync (expected hash: -2060082288) (current hash: -1845918640)
2025-01-29 14:01:18,593 INFO c.h.h.t.HelmChartContainer - [test-hivemq-platform] [hivemq] [ecde28f7] INFO  - [HiveMQ Platform Operator Init App 1.7.0-SNAPSHOT] Waiting for extension ConfigMap sync (expected hash: -2060082288) (current hash: -1845918640)
2025-01-29 14:01:19,594 INFO c.h.h.t.HelmChartContainer - [test-hivemq-platform] [hivemq] [ecde28f7] INFO  - [HiveMQ Platform Operator Init App 1.7.0-SNAPSHOT] Waiting for extension ConfigMap sync (expected hash: -2060082288) (current hash: -1845918640)
2025-01-29 14:01:19,994 INFO c.h.h.t.HelmChartContainer - [K3S] [range_allocator.go:247] "Successfully synced" key="9f0aeb600ff7"
2025-01-29 14:01:20,594 INFO c.h.h.t.HelmChartContainer - [test-hivemq-platform] [hivemq] [ecde28f7] INFO  - [HiveMQ Platform Operator Init App 1.7.0-SNAPSHOT] Waiting for extension ConfigMap sync (expected hash: -2060082288) (current hash: -1845918640)
2025-01-29 14:01:21,595 INFO c.h.h.t.HelmChartContainer - [test-hivemq-platform] [hivemq] [ecde28f7] INFO  - [HiveMQ Platform Operator Init App 1.7.0-SNAPSHOT] Waiting for extension ConfigMap sync (expected hash: -2060082288) (current hash: -1845918640)
2025-01-29 14:01:22,595 INFO c.h.h.t.HelmChartContainer - [test-hivemq-platform] [hivemq] [ecde28f7] INFO  - [HiveMQ Platform Operator Init App 1.7.0-SNAPSHOT] Waiting for extension ConfigMap sync (expected hash: -2060082288) (current hash: -1845918640)
2025-01-29 14:01:23,596 INFO c.h.h.t.HelmChartContainer - [test-hivemq-platform] [hivemq] [ecde28f7] INFO  - [HiveMQ Platform Operator Init App 1.7.0-SNAPSHOT] Waiting for extension ConfigMap sync (expected hash: -2060082288) (current hash: -1845918640)
2025-01-29 14:01:24,596 INFO c.h.h.t.HelmChartContainer - [test-hivemq-platform] [hivemq] [ecde28f7] INFO  - [HiveMQ Platform Operator Init App 1.7.0-SNAPSHOT] Waiting for extension ConfigMap sync (expected hash: -2060082288) (current hash: -1845918640)
2025-01-29 14:01:25,126 INFO c.h.h.t.HelmChartContainer - [hivemq-test-hivemq-platform] [hivemq-platform-operator] [b7d503ad] 14:01:25.123 [pool-6-thread-42] DEBUG c.h.p.o.d.PlatformServiceResource - [helmpods] Desired Platform services (3 services)
2025-01-29 14:01:25,126 INFO c.h.h.t.HelmChartContainer - [hivemq-test-hivemq-platform] [hivemq-platform-operator] [b7d503ad] 14:01:25.124 [pool-6-thread-47] DEBUG c.h.p.o.d.PodServiceAccountResource - [helmpods] Desired PodServiceAccountResource (serviceAccountName: hivemq-platform-pod-test-hivemq-platform)
2025-01-29 14:01:25,126 INFO c.h.h.t.HelmChartContainer - [hivemq-test-hivemq-platform] [hivemq-platform-operator] [b7d503ad] 14:01:25.124 [pool-6-thread-44] DEBUG c.h.p.o.dependants.PodInfoConfigMap - [helmpods] Desired PodInfo ConfigMap (1 extensions) (1 enabled)
2025-01-29 14:01:25,127 INFO c.h.h.t.HelmChartContainer - [hivemq-test-hivemq-platform] [hivemq-platform-operator] [b7d503ad] 14:01:25.125 [pool-6-thread-44] DEBUG c.h.p.o.dependants.PodInfoConfigMap - [helmpods] Desired PodInfo ConfigMap (metrics port: 9399) (metrics path: /)
2025-01-29 14:01:25,127 INFO c.h.h.t.HelmChartContainer - [hivemq-test-hivemq-platform] [hivemq-platform-operator] [b7d503ad] 14:01:25.126 [pool-6-thread-44] DEBUG c.h.p.o.dependants.PodInfoConfigMap - [helmpods] Desired PodInfo ConfigMap (extension state hash: -2060082288)
2025-01-29 14:01:25,129 INFO c.h.h.t.HelmChartContainer - [hivemq-test-hivemq-platform] [hivemq-platform-operator] [b7d503ad] 14:01:25.128 [pool-6-thread-42] DEBUG c.h.p.o.d.StatefulSetResource - [helmpods] Desired StatefulSet (1 replicas) for status RESTART_EXTENSIONS (WAIT_FOR_EXTENSION_RESTART)
2025-01-29 14:01:25,132 INFO c.h.h.t.HelmChartContainer - [hivemq-test-hivemq-platform] [hivemq-platform-operator] [b7d503ad] 14:01:25.131 [ReconcilerExecutor-hivemq-controller-124] INFO  c.h.p.o.HiveMQPlatformReconciler - [helmpods] Reconciling HiveMQ Platform 'test-hivemq-platform' in namespace 'helmpodsecuritycontextupgradeextensionit'
2025-01-29 14:01:25,134 INFO c.h.h.t.HelmChartContainer - [hivemq-test-hivemq-platform] [hivemq-platform-operator] [b7d503ad] 14:01:25.131 [ReconcilerExecutor-hivemq-controller-124] DEBUG c.h.p.o.HiveMQPlatformReconciler - [helmpods] Custom Resource Status RESTART_EXTENSIONS - HiveMQ Platform is waiting for extension restart (hivemq-distributed-tracing-extension) (WAIT_FOR_EXTENSION_RESTART)
2025-01-29 14:01:25,134 INFO c.h.h.t.HelmChartContainer - [hivemq-test-hivemq-platform] [hivemq-platform-operator] [b7d503ad] 14:01:25.131 [ReconcilerExecutor-hivemq-controller-124] DEBUG c.h.p.o.HiveMQPlatformReconciler - [helmpods] Custom Resource Spec (replicas: 1) (extensions: 1)
2025-01-29 14:01:25,134 INFO c.h.h.t.HelmChartContainer - [hivemq-test-hivemq-platform] [hivemq-platform-operator] [b7d503ad] 14:01:25.132 [ReconcilerExecutor-hivemq-controller-124] DEBUG c.h.p.o.HiveMQPlatformReconciler - [helmpods] StatefulSet Status (revision: test-hivemq-platform-f6cdc458c, replicas: 1, available: 1, ready: 1, current: 1, updated: 1)
2025-01-29 14:01:25,135 INFO c.h.h.t.HelmChartContainer - [hivemq-test-hivemq-platform] [hivemq-platform-operator] [b7d503ad] 14:01:25.132 [ReconcilerExecutor-hivemq-controller-124] DEBUG c.h.p.o.HiveMQPlatformReconciler - [helmpods] StatefulSet Spec (replicas: 1, init containers: 1, containers: 1, volumes: 4)
2025-01-29 14:01:25,136 INFO c.h.h.t.HelmChartContainer - [hivemq-test-hivemq-platform] [hivemq-platform-operator] [b7d503ad] 14:01:25.134 [ReconcilerExecutor-hivemq-controller-124] DEBUG c.h.p.o.h.HiveMQPlatformReconcilerErrorHandler - [helmpods] Pod 'test-hivemq-platform-0' phase Running
2025-01-29 14:01:25,191 INFO c.h.h.t.HelmChartContainer - [hivemq-test-hivemq-platform] [hivemq-platform-operator] [b7d503ad] 14:01:25.189 [ReconcilerExecutor-hivemq-controller-124] DEBUG c.h.p.o.h.HiveMQPlatformReconcilerRestartExtensionsHandler - [helmpods] Checking update extension status on Pod 'test-hivemq-platform-0'
2025-01-29 14:01:25,238 INFO c.h.h.t.HelmChartContainer - [test-hivemq-platform] [hivemq] [ecde28f7] INFO  - [HiveMQ Platform Operator Init App 1.7.0-SNAPSHOT] Extension update is pending (0 errors)
2025-01-29 14:01:25,291 INFO c.h.h.t.HelmChartContainer - [hivemq-test-hivemq-platform] [hivemq-platform-operator] [b7d503ad] 14:01:25.290 [vert.x-eventloop-thread-0] DEBUG c.h.platform.operator.util.PodUtil - Received status for command '[curl, -s, http://10.42.0.10:7979/updateExtensionStatus]' on Pod 'test-hivemq-platform-0' (exit code: 0)
2025-01-29 14:01:25,596 INFO c.h.h.t.HelmChartContainer - [test-hivemq-platform] [hivemq] [ecde28f7] INFO  - [HiveMQ Platform Operator Init App 1.7.0-SNAPSHOT] Waiting for extension ConfigMap sync (expected hash: -2060082288) (current hash: -1845918640)
2025-01-29 14:01:26,296 INFO c.h.h.t.HelmChartContainer - [hivemq-test-hivemq-platform] [hivemq-platform-operator] [b7d503ad] 14:01:26.291 [pool-6-thread-10] DEBUG c.h.p.o.d.PlatformServiceResource - [helmpods] Desired Platform services (3 services)
2025-01-29 14:01:26,296 INFO c.h.h.t.HelmChartContainer - [hivemq-test-hivemq-platform] [hivemq-platform-operator] [b7d503ad] 14:01:26.292 [pool-6-thread-6] DEBUG c.h.p.o.dependants.PodInfoConfigMap - [helmpods] Desired PodInfo ConfigMap (1 extensions) (1 enabled)
2025-01-29 14:01:26,296 INFO c.h.h.t.HelmChartContainer - [hivemq-test-hivemq-platform] [hivemq-platform-operator] [b7d503ad] 14:01:26.292 [pool-6-thread-9] DEBUG c.h.p.o.d.PodServiceAccountResource - [helmpods] Desired PodServiceAccountResource (serviceAccountName: hivemq-platform-pod-test-hivemq-platform)
2025-01-29 14:01:26,296 INFO c.h.h.t.HelmChartContainer - [hivemq-test-hivemq-platform] [hivemq-platform-operator] [b7d503ad] 14:01:26.292 [pool-6-thread-6] DEBUG c.h.p.o.dependants.PodInfoConfigMap - [helmpods] Desired PodInfo ConfigMap (metrics port: 9399) (metrics path: /)
2025-01-29 14:01:26,296 INFO c.h.h.t.HelmChartContainer - [hivemq-test-hivemq-platform] [hivemq-platform-operator] [b7d503ad] 14:01:26.292 [pool-6-thread-6] DEBUG c.h.p.o.dependants.PodInfoConfigMap - [helmpods] Desired PodInfo ConfigMap (extension state hash: -2060082288)
2025-01-29 14:01:26,299 INFO c.h.h.t.HelmChartContainer - [hivemq-test-hivemq-platform] [hivemq-platform-operator] [b7d503ad] 14:01:26.296 [pool-6-thread-10] DEBUG c.h.p.o.d.StatefulSetResource - [helmpods] Desired StatefulSet (1 replicas) for status RESTART_EXTENSIONS (WAIT_FOR_EXTENSION_RESTART)
2025-01-29 14:01:26,303 INFO c.h.h.t.HelmChartContainer - [hivemq-test-hivemq-platform] [hivemq-platform-operator] [b7d503ad] 14:01:26.301 [ReconcilerExecutor-hivemq-controller-125] INFO  c.h.p.o.HiveMQPlatformReconciler - [helmpods] Reconciling HiveMQ Platform 'test-hivemq-platform' in namespace 'helmpodsecuritycontextupgradeextensionit'
2025-01-29 14:01:26,303 INFO c.h.h.t.HelmChartContainer - [hivemq-test-hivemq-platform] [hivemq-platform-operator] [b7d503ad] 14:01:26.301 [ReconcilerExecutor-hivemq-controller-125] DEBUG c.h.p.o.HiveMQPlatformReconciler - [helmpods] Custom Resource Status RESTART_EXTENSIONS - HiveMQ Platform is waiting for extension restart (hivemq-distributed-tracing-extension) (WAIT_FOR_EXTENSION_RESTART)
2025-01-29 14:01:26,304 INFO c.h.h.t.HelmChartContainer - [hivemq-test-hivemq-platform] [hivemq-platform-operator] [b7d503ad] 14:01:26.301 [ReconcilerExecutor-hivemq-controller-125] DEBUG c.h.p.o.HiveMQPlatformReconciler - [helmpods] Custom Resource Spec (replicas: 1) (extensions: 1)
2025-01-29 14:01:26,305 INFO c.h.h.t.HelmChartContainer - [hivemq-test-hivemq-platform] [hivemq-platform-operator] [b7d503ad] 14:01:26.303 [ReconcilerExecutor-hivemq-controller-125] DEBUG c.h.p.o.HiveMQPlatformReconciler - [helmpods] StatefulSet Status (revision: test-hivemq-platform-f6cdc458c, replicas: 1, available: 1, ready: 1, current: 1, updated: 1)
2025-01-29 14:01:26,305 INFO c.h.h.t.HelmChartContainer - [hivemq-test-hivemq-platform] [hivemq-platform-operator] [b7d503ad] 14:01:26.303 [ReconcilerExecutor-hivemq-controller-125] DEBUG c.h.p.o.HiveMQPlatformReconciler - [helmpods] StatefulSet Spec (replicas: 1, init containers: 1, containers: 1, volumes: 4)
2025-01-29 14:01:26,307 INFO c.h.h.t.HelmChartContainer - [hivemq-test-hivemq-platform] [hivemq-platform-operator] [b7d503ad] 14:01:26.305 [ReconcilerExecutor-hivemq-controller-125] DEBUG c.h.p.o.h.HiveMQPlatformReconcilerErrorHandler - [helmpods] Pod 'test-hivemq-platform-0' phase Running
2025-01-29 14:01:26,307 INFO c.h.h.t.HelmChartContainer - [hivemq-test-hivemq-platform] [hivemq-platform-operator] [b7d503ad] 14:01:26.306 [ReconcilerExecutor-hivemq-controller-125] INFO  c.h.p.o.h.HiveMQPlatformReconcilerRestartExtensionsHandler - [helmpods] Extension update on Pod 'test-hivemq-platform-0' is still pending
2025-01-29 14:01:26,597 INFO c.h.h.t.HelmChartContainer - [test-hivemq-platform] [hivemq] [ecde28f7] INFO  - [HiveMQ Platform Operator Init App 1.7.0-SNAPSHOT] Waiting for extension ConfigMap sync (expected hash: -2060082288) (current hash: -1845918640)
2025-01-29 14:01:27,597 INFO c.h.h.t.HelmChartContainer - [test-hivemq-platform] [hivemq] [ecde28f7] INFO  - [HiveMQ Platform Operator Init App 1.7.0-SNAPSHOT] Waiting for extension ConfigMap sync (expected hash: -2060082288) (current hash: -1845918640)
2025-01-29 14:01:28,598 INFO c.h.h.t.HelmChartContainer - [test-hivemq-platform] [hivemq] [ecde28f7] INFO  - [HiveMQ Platform Operator Init App 1.7.0-SNAPSHOT] Waiting for extension ConfigMap sync (expected hash: -2060082288) (current hash: -1845918640)
2025-01-29 14:01:29,598 INFO c.h.h.t.HelmChartContainer - [test-hivemq-platform] [hivemq] [ecde28f7] INFO  - [HiveMQ Platform Operator Init App 1.7.0-SNAPSHOT] Waiting for extension ConfigMap sync (expected hash: -2060082288) (current hash: -1845918640)
2025-01-29 14:01:30,599 INFO c.h.h.t.HelmChartContainer - [test-hivemq-platform] [hivemq] [ecde28f7] INFO  - [HiveMQ Platform Operator Init App 1.7.0-SNAPSHOT] Waiting for extension ConfigMap sync (expected hash: -2060082288) (current hash: -1845918640)
2025-01-29 14:01:31,599 INFO c.h.h.t.HelmChartContainer - [test-hivemq-platform] [hivemq] [ecde28f7] INFO  - [HiveMQ Platform Operator Init App 1.7.0-SNAPSHOT] Waiting for extension ConfigMap sync (expected hash: -2060082288) (current hash: -1845918640)
2025-01-29 14:01:32,600 INFO c.h.h.t.HelmChartContainer - [test-hivemq-platform] [hivemq] [ecde28f7] INFO  - [HiveMQ Platform Operator Init App 1.7.0-SNAPSHOT] Waiting for extension ConfigMap sync (expected hash: -2060082288) (current hash: -1845918640)
2025-01-29 14:01:33,600 INFO c.h.h.t.HelmChartContainer - [test-hivemq-platform] [hivemq] [ecde28f7] INFO  - [HiveMQ Platform Operator Init App 1.7.0-SNAPSHOT] Waiting for extension ConfigMap sync (expected hash: -2060082288) (current hash: -1845918640)
2025-01-29 14:01:34,601 INFO c.h.h.t.HelmChartContainer - [test-hivemq-platform] [hivemq] [ecde28f7] INFO  - [HiveMQ Platform Operator Init App 1.7.0-SNAPSHOT] Waiting for extension ConfigMap sync (expected hash: -2060082288) (current hash: -1845918640)
2025-01-29 14:01:35,601 INFO c.h.h.t.HelmChartContainer - [test-hivemq-platform] [hivemq] [ecde28f7] INFO  - [HiveMQ Platform Operator Init App 1.7.0-SNAPSHOT] Waiting for extension ConfigMap sync (expected hash: -2060082288) (current hash: -1845918640)
2025-01-29 14:01:36,311 INFO c.h.h.t.HelmChartContainer - [hivemq-test-hivemq-platform] [hivemq-platform-operator] [b7d503ad] 14:01:36.309 [pool-6-thread-12] DEBUG c.h.p.o.d.PlatformServiceResource - [helmpods] Desired Platform services (3 services)
2025-01-29 14:01:36,313 INFO c.h.h.t.HelmChartContainer - [hivemq-test-hivemq-platform] [hivemq-platform-operator] [b7d503ad] 14:01:36.310 [pool-6-thread-11] DEBUG c.h.p.o.dependants.PodInfoConfigMap - [helmpods] Desired PodInfo ConfigMap (1 extensions) (1 enabled)
2025-01-29 14:01:36,313 INFO c.h.h.t.HelmChartContainer - [hivemq-test-hivemq-platform] [hivemq-platform-operator] [b7d503ad] 14:01:36.310 [pool-6-thread-11] DEBUG c.h.p.o.dependants.PodInfoConfigMap - [helmpods] Desired PodInfo ConfigMap (metrics port: 9399) (metrics path: /)
2025-01-29 14:01:36,313 INFO c.h.h.t.HelmChartContainer - [hivemq-test-hivemq-platform] [hivemq-platform-operator] [b7d503ad] 14:01:36.310 [pool-6-thread-11] DEBUG c.h.p.o.dependants.PodInfoConfigMap - [helmpods] Desired PodInfo ConfigMap (extension state hash: -2060082288)
2025-01-29 14:01:36,313 INFO c.h.h.t.HelmChartContainer - [hivemq-test-hivemq-platform] [hivemq-platform-operator] [b7d503ad] 14:01:36.310 [pool-6-thread-15] DEBUG c.h.p.o.d.PodServiceAccountResource - [helmpods] Desired PodServiceAccountResource (serviceAccountName: hivemq-platform-pod-test-hivemq-platform)
2025-01-29 14:01:36,315 INFO c.h.h.t.HelmChartContainer - [hivemq-test-hivemq-platform] [hivemq-platform-operator] [b7d503ad] 14:01:36.314 [pool-6-thread-12] DEBUG c.h.p.o.d.StatefulSetResource - [helmpods] Desired StatefulSet (1 replicas) for status RESTART_EXTENSIONS (WAIT_FOR_EXTENSION_RESTART)
2025-01-29 14:01:36,389 INFO c.h.h.t.HelmChartContainer - [hivemq-test-hivemq-platform] [hivemq-platform-operator] [b7d503ad] 14:01:36.388 [ReconcilerExecutor-hivemq-controller-126] INFO  c.h.p.o.HiveMQPlatformReconciler - [helmpods] Reconciling HiveMQ Platform 'test-hivemq-platform' in namespace 'helmpodsecuritycontextupgradeextensionit'
2025-01-29 14:01:36,389 INFO c.h.h.t.HelmChartContainer - [hivemq-test-hivemq-platform] [hivemq-platform-operator] [b7d503ad] 14:01:36.388 [ReconcilerExecutor-hivemq-controller-126] DEBUG c.h.p.o.HiveMQPlatformReconciler - [helmpods] Custom Resource Status RESTART_EXTENSIONS - HiveMQ Platform is waiting for extension restart (hivemq-distributed-tracing-extension) (WAIT_FOR_EXTENSION_RESTART)
2025-01-29 14:01:36,389 INFO c.h.h.t.HelmChartContainer - [hivemq-test-hivemq-platform] [hivemq-platform-operator] [b7d503ad] 14:01:36.388 [ReconcilerExecutor-hivemq-controller-126] DEBUG c.h.p.o.HiveMQPlatformReconciler - [helmpods] Custom Resource Spec (replicas: 1) (extensions: 1)
2025-01-29 14:01:36,391 INFO c.h.h.t.HelmChartContainer - [hivemq-test-hivemq-platform] [hivemq-platform-operator] [b7d503ad] 14:01:36.390 [ReconcilerExecutor-hivemq-controller-126] DEBUG c.h.p.o.HiveMQPlatformReconciler - [helmpods] StatefulSet Status (revision: test-hivemq-platform-f6cdc458c, replicas: 1, available: 1, ready: 1, current: 1, updated: 1)
2025-01-29 14:01:36,391 INFO c.h.h.t.HelmChartContainer - [hivemq-test-hivemq-platform] [hivemq-platform-operator] [b7d503ad] 14:01:36.390 [ReconcilerExecutor-hivemq-controller-126] DEBUG c.h.p.o.HiveMQPlatformReconciler - [helmpods] StatefulSet Spec (replicas: 1, init containers: 1, containers: 1, volumes: 4)
2025-01-29 14:01:36,392 INFO c.h.h.t.HelmChartContainer - [hivemq-test-hivemq-platform] [hivemq-platform-operator] [b7d503ad] 14:01:36.391 [ReconcilerExecutor-hivemq-controller-126] DEBUG c.h.p.o.h.HiveMQPlatformReconcilerErrorHandler - [helmpods] Pod 'test-hivemq-platform-0' phase Running
2025-01-29 14:01:36,398 INFO c.h.h.t.HelmChartContainer - [hivemq-test-hivemq-platform] [hivemq-platform-operator] [b7d503ad] 14:01:36.398 [ReconcilerExecutor-hivemq-controller-126] DEBUG c.h.p.o.h.HiveMQPlatformReconcilerRestartExtensionsHandler - [helmpods] Checking update extension status on Pod 'test-hivemq-platform-0'
2025-01-29 14:01:36,472 INFO c.h.h.t.HelmChartContainer - [test-hivemq-platform] [hivemq] [ecde28f7] INFO  - [HiveMQ Platform Operator Init App 1.7.0-SNAPSHOT] Extension update is pending (0 errors)
2025-01-29 14:01:36,490 INFO c.h.h.t.HelmChartContainer - [hivemq-test-hivemq-platform] [hivemq-platform-operator] [b7d503ad] 14:01:36.489 [vert.x-eventloop-thread-1] DEBUG c.h.platform.operator.util.PodUtil - Received status for command '[curl, -s, http://10.42.0.10:7979/updateExtensionStatus]' on Pod 'test-hivemq-platform-0' (exit code: 0)
2025-01-29 14:01:36,602 INFO c.h.h.t.HelmChartContainer - [test-hivemq-platform] [hivemq] [ecde28f7] INFO  - [HiveMQ Platform Operator Init App 1.7.0-SNAPSHOT] Waiting for extension ConfigMap sync (expected hash: -2060082288) (current hash: -1845918640)
2025-01-29 14:01:37,451 INFO c.h.h.t.HelmChartContainer - [hivemq-test-hivemq-platform] [hivemq-platform-operator] [b7d503ad] 14:01:37.448 [pool-6-thread-24] DEBUG c.h.p.o.d.PlatformServiceResource - [helmpods] Desired Platform services (3 services)
2025-01-29 14:01:37,452 INFO c.h.h.t.HelmChartContainer - [hivemq-test-hivemq-platform] [hivemq-platform-operator] [b7d503ad] 14:01:37.449 [pool-6-thread-28] DEBUG c.h.p.o.dependants.PodInfoConfigMap - [helmpods] Desired PodInfo ConfigMap (1 extensions) (1 enabled)
2025-01-29 14:01:37,452 INFO c.h.h.t.HelmChartContainer - [hivemq-test-hivemq-platform] [hivemq-platform-operator] [b7d503ad] 14:01:37.449 [pool-6-thread-28] DEBUG c.h.p.o.dependants.PodInfoConfigMap - [helmpods] Desired PodInfo ConfigMap (metrics port: 9399) (metrics path: /)
2025-01-29 14:01:37,452 INFO c.h.h.t.HelmChartContainer - [hivemq-test-hivemq-platform] [hivemq-platform-operator] [b7d503ad] 14:01:37.449 [pool-6-thread-28] DEBUG c.h.p.o.dependants.PodInfoConfigMap - [helmpods] Desired PodInfo ConfigMap (extension state hash: -2060082288)
2025-01-29 14:01:37,452 INFO c.h.h.t.HelmChartContainer - [hivemq-test-hivemq-platform] [hivemq-platform-operator] [b7d503ad] 14:01:37.450 [pool-6-thread-23] DEBUG c.h.p.o.d.PodServiceAccountResource - [helmpods] Desired PodServiceAccountResource (serviceAccountName: hivemq-platform-pod-test-hivemq-platform)
2025-01-29 14:01:37,455 INFO c.h.h.t.HelmChartContainer - [hivemq-test-hivemq-platform] [hivemq-platform-operator] [b7d503ad] 14:01:37.454 [pool-6-thread-24] DEBUG c.h.p.o.d.StatefulSetResource - [helmpods] Desired StatefulSet (1 replicas) for status RESTART_EXTENSIONS (WAIT_FOR_EXTENSION_RESTART)
2025-01-29 14:01:37,458 INFO c.h.h.t.HelmChartContainer - [hivemq-test-hivemq-platform] [hivemq-platform-operator] [b7d503ad] 14:01:37.457 [ReconcilerExecutor-hivemq-controller-127] INFO  c.h.p.o.HiveMQPlatformReconciler - [helmpods] Reconciling HiveMQ Platform 'test-hivemq-platform' in namespace 'helmpodsecuritycontextupgradeextensionit'
2025-01-29 14:01:37,458 INFO c.h.h.t.HelmChartContainer - [hivemq-test-hivemq-platform] [hivemq-platform-operator] [b7d503ad] 14:01:37.457 [ReconcilerExecutor-hivemq-controller-127] DEBUG c.h.p.o.HiveMQPlatformReconciler - [helmpods] Custom Resource Status RESTART_EXTENSIONS - HiveMQ Platform is waiting for extension restart (hivemq-distributed-tracing-extension) (WAIT_FOR_EXTENSION_RESTART)
2025-01-29 14:01:37,458 INFO c.h.h.t.HelmChartContainer - [hivemq-test-hivemq-platform] [hivemq-platform-operator] [b7d503ad] 14:01:37.457 [ReconcilerExecutor-hivemq-controller-127] DEBUG c.h.p.o.HiveMQPlatformReconciler - [helmpods] Custom Resource Spec (replicas: 1) (extensions: 1)
2025-01-29 14:01:37,459 INFO c.h.h.t.HelmChartContainer - [hivemq-test-hivemq-platform] [hivemq-platform-operator] [b7d503ad] 14:01:37.458 [ReconcilerExecutor-hivemq-controller-127] DEBUG c.h.p.o.HiveMQPlatformReconciler - [helmpods] StatefulSet Status (revision: test-hivemq-platform-f6cdc458c, replicas: 1, available: 1, ready: 1, current: 1, updated: 1)
2025-01-29 14:01:37,460 INFO c.h.h.t.HelmChartContainer - [hivemq-test-hivemq-platform] [hivemq-platform-operator] [b7d503ad] 14:01:37.458 [ReconcilerExecutor-hivemq-controller-127] DEBUG c.h.p.o.HiveMQPlatformReconciler - [helmpods] StatefulSet Spec (replicas: 1, init containers: 1, containers: 1, volumes: 4)
2025-01-29 14:01:37,461 INFO c.h.h.t.HelmChartContainer - [hivemq-test-hivemq-platform] [hivemq-platform-operator] [b7d503ad] 14:01:37.460 [ReconcilerExecutor-hivemq-controller-127] DEBUG c.h.p.o.h.HiveMQPlatformReconcilerErrorHandler - [helmpods] Pod 'test-hivemq-platform-0' phase Running
2025-01-29 14:01:37,462 INFO c.h.h.t.HelmChartContainer - [hivemq-test-hivemq-platform] [hivemq-platform-operator] [b7d503ad] 14:01:37.461 [ReconcilerExecutor-hivemq-controller-127] INFO  c.h.p.o.h.HiveMQPlatformReconcilerRestartExtensionsHandler - [helmpods] Extension update on Pod 'test-hivemq-platform-0' is still pending
2025-01-29 14:01:37,602 INFO c.h.h.t.HelmChartContainer - [test-hivemq-platform] [hivemq] [ecde28f7] INFO  - [HiveMQ Platform Operator Init App 1.7.0-SNAPSHOT] Waiting for extension ConfigMap sync (expected hash: -2060082288) (current hash: -1845918640)
2025-01-29 14:01:38,603 INFO c.h.h.t.HelmChartContainer - [test-hivemq-platform] [hivemq] [ecde28f7] INFO  - [HiveMQ Platform Operator Init App 1.7.0-SNAPSHOT] Waiting for extension ConfigMap sync (expected hash: -2060082288) (current hash: -1845918640)
2025-01-29 14:01:39,603 INFO c.h.h.t.HelmChartContainer - [test-hivemq-platform] [hivemq] [ecde28f7] INFO  - [HiveMQ Platform Operator Init App 1.7.0-SNAPSHOT] Waiting for extension ConfigMap sync (expected hash: -2060082288) (current hash: -1845918640)
2025-01-29 14:01:40,604 INFO c.h.h.t.HelmChartContainer - [test-hivemq-platform] [hivemq] [ecde28f7] INFO  - [HiveMQ Platform Operator Init App 1.7.0-SNAPSHOT] Waiting for extension ConfigMap sync (expected hash: -2060082288) (current hash: -1845918640)
2025-01-29 14:01:41,604 INFO c.h.h.t.HelmChartContainer - [test-hivemq-platform] [hivemq] [ecde28f7] INFO  - [HiveMQ Platform Operator Init App 1.7.0-SNAPSHOT] Waiting for extension ConfigMap sync (expected hash: -2060082288) (current hash: -1845918640)
2025-01-29 14:01:42,604 INFO c.h.h.t.HelmChartContainer - [test-hivemq-platform] [hivemq] [ecde28f7] INFO  - [HiveMQ Platform Operator Init App 1.7.0-SNAPSHOT] Waiting for extension ConfigMap sync (expected hash: -2060082288) (current hash: -1845918640)
2025-01-29 14:01:43,605 INFO c.h.h.t.HelmChartContainer - [test-hivemq-platform] [hivemq] [ecde28f7] INFO  - [HiveMQ Platform Operator Init App 1.7.0-SNAPSHOT] Waiting for extension ConfigMap sync (expected hash: -2060082288) (current hash: -1845918640)
2025-01-29 14:01:44,606 INFO c.h.h.t.HelmChartContainer - [test-hivemq-platform] [hivemq] [ecde28f7] INFO  - [HiveMQ Platform Operator Init App 1.7.0-SNAPSHOT] Waiting for extension ConfigMap sync (expected hash: -2060082288) (current hash: -1845918640)
2025-01-29 14:01:45,606 INFO c.h.h.t.HelmChartContainer - [test-hivemq-platform] [hivemq] [ecde28f7] INFO  - [HiveMQ Platform Operator Init App 1.7.0-SNAPSHOT] Waiting for extension ConfigMap sync (expected hash: -2060082288) (current hash: -1845918640)
2025-01-29 14:01:46,606 INFO c.h.h.t.HelmChartContainer - [test-hivemq-platform] [hivemq] [ecde28f7] INFO  - [HiveMQ Platform Operator Init App 1.7.0-SNAPSHOT] Waiting for extension ConfigMap sync (expected hash: -2060082288) (current hash: -1845918640)
2025-01-29 14:01:47,467 INFO c.h.h.t.HelmChartContainer - [hivemq-test-hivemq-platform] [hivemq-platform-operator] [b7d503ad] 14:01:47.464 [pool-6-thread-39] DEBUG c.h.p.o.d.PodServiceAccountResource - [helmpods] Desired PodServiceAccountResource (serviceAccountName: hivemq-platform-pod-test-hivemq-platform)
2025-01-29 14:01:47,467 INFO c.h.h.t.HelmChartContainer - [hivemq-test-hivemq-platform] [hivemq-platform-operator] [b7d503ad] 14:01:47.464 [pool-6-thread-38] DEBUG c.h.p.o.d.PlatformServiceResource - [helmpods] Desired Platform services (3 services)
2025-01-29 14:01:47,467 INFO c.h.h.t.HelmChartContainer - [hivemq-test-hivemq-platform] [hivemq-platform-operator] [b7d503ad] 14:01:47.464 [pool-6-thread-37] DEBUG c.h.p.o.dependants.PodInfoConfigMap - [helmpods] Desired PodInfo ConfigMap (1 extensions) (1 enabled)
2025-01-29 14:01:47,467 INFO c.h.h.t.HelmChartContainer - [hivemq-test-hivemq-platform] [hivemq-platform-operator] [b7d503ad] 14:01:47.464 [pool-6-thread-37] DEBUG c.h.p.o.dependants.PodInfoConfigMap - [helmpods] Desired PodInfo ConfigMap (metrics port: 9399) (metrics path: /)
2025-01-29 14:01:47,467 INFO c.h.h.t.HelmChartContainer - [hivemq-test-hivemq-platform] [hivemq-platform-operator] [b7d503ad] 14:01:47.465 [pool-6-thread-37] DEBUG c.h.p.o.dependants.PodInfoConfigMap - [helmpods] Desired PodInfo ConfigMap (extension state hash: -2060082288)
2025-01-29 14:01:47,470 INFO c.h.h.t.HelmChartContainer - [hivemq-test-hivemq-platform] [hivemq-platform-operator] [b7d503ad] 14:01:47.469 [pool-6-thread-38] DEBUG c.h.p.o.d.StatefulSetResource - [helmpods] Desired StatefulSet (1 replicas) for status RESTART_EXTENSIONS (WAIT_FOR_EXTENSION_RESTART)
2025-01-29 14:01:47,473 INFO c.h.h.t.HelmChartContainer - [hivemq-test-hivemq-platform] [hivemq-platform-operator] [b7d503ad] 14:01:47.472 [ReconcilerExecutor-hivemq-controller-128] INFO  c.h.p.o.HiveMQPlatformReconciler - [helmpods] Reconciling HiveMQ Platform 'test-hivemq-platform' in namespace 'helmpodsecuritycontextupgradeextensionit'
2025-01-29 14:01:47,474 INFO c.h.h.t.HelmChartContainer - [hivemq-test-hivemq-platform] [hivemq-platform-operator] [b7d503ad] 14:01:47.472 [ReconcilerExecutor-hivemq-controller-128] DEBUG c.h.p.o.HiveMQPlatformReconciler - [helmpods] Custom Resource Status RESTART_EXTENSIONS - HiveMQ Platform is waiting for extension restart (hivemq-distributed-tracing-extension) (WAIT_FOR_EXTENSION_RESTART)
2025-01-29 14:01:47,475 INFO c.h.h.t.HelmChartContainer - [hivemq-test-hivemq-platform] [hivemq-platform-operator] [b7d503ad] 14:01:47.472 [ReconcilerExecutor-hivemq-controller-128] DEBUG c.h.p.o.HiveMQPlatformReconciler - [helmpods] Custom Resource Spec (replicas: 1) (extensions: 1)
2025-01-29 14:01:47,475 INFO c.h.h.t.HelmChartContainer - [hivemq-test-hivemq-platform] [hivemq-platform-operator] [b7d503ad] 14:01:47.473 [ReconcilerExecutor-hivemq-controller-128] DEBUG c.h.p.o.HiveMQPlatformReconciler - [helmpods] StatefulSet Status (revision: test-hivemq-platform-f6cdc458c, replicas: 1, available: 1, ready: 1, current: 1, updated: 1)
2025-01-29 14:01:47,476 INFO c.h.h.t.HelmChartContainer - [hivemq-test-hivemq-platform] [hivemq-platform-operator] [b7d503ad] 14:01:47.473 [ReconcilerExecutor-hivemq-controller-128] DEBUG c.h.p.o.HiveMQPlatformReconciler - [helmpods] StatefulSet Spec (replicas: 1, init containers: 1, containers: 1, volumes: 4)
2025-01-29 14:01:47,476 INFO c.h.h.t.HelmChartContainer - [hivemq-test-hivemq-platform] [hivemq-platform-operator] [b7d503ad] 14:01:47.475 [ReconcilerExecutor-hivemq-controller-128] DEBUG c.h.p.o.h.HiveMQPlatformReconcilerErrorHandler - [helmpods] Pod 'test-hivemq-platform-0' phase Running
2025-01-29 14:01:47,536 INFO c.h.h.t.HelmChartContainer - [hivemq-test-hivemq-platform] [hivemq-platform-operator] [b7d503ad] 14:01:47.535 [ReconcilerExecutor-hivemq-controller-128] DEBUG c.h.p.o.h.HiveMQPlatformReconcilerRestartExtensionsHandler - [helmpods] Checking update extension status on Pod 'test-hivemq-platform-0'
2025-01-29 14:01:47,584 INFO c.h.h.t.HelmChartContainer - [test-hivemq-platform] [hivemq] [ecde28f7] INFO  - [HiveMQ Platform Operator Init App 1.7.0-SNAPSHOT] Extension update is pending (0 errors)
2025-01-29 14:01:47,607 INFO c.h.h.t.HelmChartContainer - [test-hivemq-platform] [hivemq] [ecde28f7] INFO  - [HiveMQ Platform Operator Init App 1.7.0-SNAPSHOT] Waiting for extension ConfigMap sync (expected hash: -2060082288) (current hash: -1845918640)
2025-01-29 14:01:47,635 INFO c.h.h.t.HelmChartContainer - [hivemq-test-hivemq-platform] [hivemq-platform-operator] [b7d503ad] 14:01:47.634 [vert.x-eventloop-thread-0] DEBUG c.h.platform.operator.util.PodUtil - Received status for command '[curl, -s, http://10.42.0.10:7979/updateExtensionStatus]' on Pod 'test-hivemq-platform-0' (exit code: 0)
2025-01-29 14:01:48,564 INFO c.h.h.t.HelmChartContainer - [hivemq-test-hivemq-platform] [hivemq-platform-operator] [b7d503ad] 14:01:48.561 [pool-6-thread-45] DEBUG c.h.p.o.d.PodServiceAccountResource - [helmpods] Desired PodServiceAccountResource (serviceAccountName: hivemq-platform-pod-test-hivemq-platform)
2025-01-29 14:01:48,564 INFO c.h.h.t.HelmChartContainer - [hivemq-test-hivemq-platform] [hivemq-platform-operator] [b7d503ad] 14:01:48.562 [pool-6-thread-50] DEBUG c.h.p.o.d.PlatformServiceResource - [helmpods] Desired Platform services (3 services)
2025-01-29 14:01:48,564 INFO c.h.h.t.HelmChartContainer - [hivemq-test-hivemq-platform] [hivemq-platform-operator] [b7d503ad] 14:01:48.562 [pool-6-thread-48] DEBUG c.h.p.o.dependants.PodInfoConfigMap - [helmpods] Desired PodInfo ConfigMap (1 extensions) (1 enabled)
2025-01-29 14:01:48,564 INFO c.h.h.t.HelmChartContainer - [hivemq-test-hivemq-platform] [hivemq-platform-operator] [b7d503ad] 14:01:48.563 [pool-6-thread-48] DEBUG c.h.p.o.dependants.PodInfoConfigMap - [helmpods] Desired PodInfo ConfigMap (metrics port: 9399) (metrics path: /)
2025-01-29 14:01:48,564 INFO c.h.h.t.HelmChartContainer - [hivemq-test-hivemq-platform] [hivemq-platform-operator] [b7d503ad] 14:01:48.563 [pool-6-thread-48] DEBUG c.h.p.o.dependants.PodInfoConfigMap - [helmpods] Desired PodInfo ConfigMap (extension state hash: -2060082288)
2025-01-29 14:01:48,566 INFO c.h.h.t.HelmChartContainer - [hivemq-test-hivemq-platform] [hivemq-platform-operator] [b7d503ad] 14:01:48.565 [pool-6-thread-50] DEBUG c.h.p.o.d.StatefulSetResource - [helmpods] Desired StatefulSet (1 replicas) for status RESTART_EXTENSIONS (WAIT_FOR_EXTENSION_RESTART)
2025-01-29 14:01:48,569 INFO c.h.h.t.HelmChartContainer - [hivemq-test-hivemq-platform] [hivemq-platform-operator] [b7d503ad] 14:01:48.568 [ReconcilerExecutor-hivemq-controller-129] INFO  c.h.p.o.HiveMQPlatformReconciler - [helmpods] Reconciling HiveMQ Platform 'test-hivemq-platform' in namespace 'helmpodsecuritycontextupgradeextensionit'
2025-01-29 14:01:48,569 INFO c.h.h.t.HelmChartContainer - [hivemq-test-hivemq-platform] [hivemq-platform-operator] [b7d503ad] 14:01:48.568 [ReconcilerExecutor-hivemq-controller-129] DEBUG c.h.p.o.HiveMQPlatformReconciler - [helmpods] Custom Resource Status RESTART_EXTENSIONS - HiveMQ Platform is waiting for extension restart (hivemq-distributed-tracing-extension) (WAIT_FOR_EXTENSION_RESTART)
2025-01-29 14:01:48,569 INFO c.h.h.t.HelmChartContainer - [hivemq-test-hivemq-platform] [hivemq-platform-operator] [b7d503ad] 14:01:48.568 [ReconcilerExecutor-hivemq-controller-129] DEBUG c.h.p.o.HiveMQPlatformReconciler - [helmpods] Custom Resource Spec (replicas: 1) (extensions: 1)
2025-01-29 14:01:48,570 INFO c.h.h.t.HelmChartContainer - [hivemq-test-hivemq-platform] [hivemq-platform-operator] [b7d503ad] 14:01:48.570 [ReconcilerExecutor-hivemq-controller-129] DEBUG c.h.p.o.HiveMQPlatformReconciler - [helmpods] StatefulSet Status (revision: test-hivemq-platform-f6cdc458c, replicas: 1, available: 1, ready: 1, current: 1, updated: 1)
2025-01-29 14:01:48,571 INFO c.h.h.t.HelmChartContainer - [hivemq-test-hivemq-platform] [hivemq-platform-operator] [b7d503ad] 14:01:48.570 [ReconcilerExecutor-hivemq-controller-129] DEBUG c.h.p.o.HiveMQPlatformReconciler - [helmpods] StatefulSet Spec (replicas: 1, init containers: 1, containers: 1, volumes: 4)
2025-01-29 14:01:48,571 INFO c.h.h.t.HelmChartContainer - [hivemq-test-hivemq-platform] [hivemq-platform-operator] [b7d503ad] 14:01:48.571 [ReconcilerExecutor-hivemq-controller-129] DEBUG c.h.p.o.h.HiveMQPlatformReconcilerErrorHandler - [helmpods] Pod 'test-hivemq-platform-0' phase Running
2025-01-29 14:01:48,572 INFO c.h.h.t.HelmChartContainer - [hivemq-test-hivemq-platform] [hivemq-platform-operator] [b7d503ad] 14:01:48.571 [ReconcilerExecutor-hivemq-controller-129] INFO  c.h.p.o.h.HiveMQPlatformReconcilerRestartExtensionsHandler - [helmpods] Extension update on Pod 'test-hivemq-platform-0' is still pending
2025-01-29 14:01:48,607 INFO c.h.h.t.HelmChartContainer - [test-hivemq-platform] [hivemq] [ecde28f7] INFO  - [HiveMQ Platform Operator Init App 1.7.0-SNAPSHOT] Waiting for extension ConfigMap sync (expected hash: -2060082288) (current hash: -1845918640)
2025-01-29 14:01:49,608 INFO c.h.h.t.HelmChartContainer - [test-hivemq-platform] [hivemq] [ecde28f7] INFO  - [HiveMQ Platform Operator Init App 1.7.0-SNAPSHOT] Waiting for extension ConfigMap sync (expected hash: -2060082288) (current hash: -1845918640)
2025-01-29 14:01:50,608 INFO c.h.h.t.HelmChartContainer - [test-hivemq-platform] [hivemq] [ecde28f7] INFO  - [HiveMQ Platform Operator Init App 1.7.0-SNAPSHOT] Waiting for extension ConfigMap sync (expected hash: -2060082288) (current hash: -1845918640)
2025-01-29 14:01:51,608 INFO c.h.h.t.HelmChartContainer - [test-hivemq-platform] [hivemq] [ecde28f7] INFO  - [HiveMQ Platform Operator Init App 1.7.0-SNAPSHOT] Waiting for extension ConfigMap sync (expected hash: -2060082288) (current hash: -1845918640)
2025-01-29 14:01:52,609 INFO c.h.h.t.HelmChartContainer - [test-hivemq-platform] [hivemq] [ecde28f7] INFO  - [HiveMQ Platform Operator Init App 1.7.0-SNAPSHOT] Waiting for extension ConfigMap sync (expected hash: -2060082288) (current hash: -1845918640)
2025-01-29 14:01:53,609 INFO c.h.h.t.HelmChartContainer - [test-hivemq-platform] [hivemq] [ecde28f7] INFO  - [HiveMQ Platform Operator Init App 1.7.0-SNAPSHOT] Waiting for extension ConfigMap sync (expected hash: -2060082288) (current hash: -1845918640)
2025-01-29 14:01:54,610 INFO c.h.h.t.HelmChartContainer - [test-hivemq-platform] [hivemq] [ecde28f7] INFO  - [HiveMQ Platform Operator Init App 1.7.0-SNAPSHOT] Waiting for extension ConfigMap sync (expected hash: -2060082288) (current hash: -1845918640)
2025-01-29 14:01:55,610 INFO c.h.h.t.HelmChartContainer - [test-hivemq-platform] [hivemq] [ecde28f7] INFO  - [HiveMQ Platform Operator Init App 1.7.0-SNAPSHOT] Waiting for extension ConfigMap sync (expected hash: -2060082288) (current hash: -1845918640)
2025-01-29 14:01:56,611 INFO c.h.h.t.HelmChartContainer - [test-hivemq-platform] [hivemq] [ecde28f7] INFO  - [HiveMQ Platform Operator Init App 1.7.0-SNAPSHOT] Waiting for extension ConfigMap sync (expected hash: -2060082288) (current hash: -1845918640)
2025-01-29 14:01:57,611 INFO c.h.h.t.HelmChartContainer - [test-hivemq-platform] [hivemq] [ecde28f7] INFO  - [HiveMQ Platform Operator Init App 1.7.0-SNAPSHOT] Waiting for extension ConfigMap sync (expected hash: -2060082288) (current hash: -1845918640)
2025-01-29 14:01:58,576 INFO c.h.h.t.HelmChartContainer - [hivemq-test-hivemq-platform] [hivemq-platform-operator] [b7d503ad] 14:01:58.575 [pool-6-thread-6] DEBUG c.h.p.o.d.PodServiceAccountResource - [helmpods] Desired PodServiceAccountResource (serviceAccountName: hivemq-platform-pod-test-hivemq-platform)
2025-01-29 14:01:58,577 INFO c.h.h.t.HelmChartContainer - [hivemq-test-hivemq-platform] [hivemq-platform-operator] [b7d503ad] 14:01:58.575 [pool-6-thread-1] DEBUG c.h.p.o.dependants.PodInfoConfigMap - [helmpods] Desired PodInfo ConfigMap (1 extensions) (1 enabled)
2025-01-29 14:01:58,578 INFO c.h.h.t.HelmChartContainer - [hivemq-test-hivemq-platform] [hivemq-platform-operator] [b7d503ad] 14:01:58.576 [pool-6-thread-1] DEBUG c.h.p.o.dependants.PodInfoConfigMap - [helmpods] Desired PodInfo ConfigMap (metrics port: 9399) (metrics path: /)
2025-01-29 14:01:58,578 INFO c.h.h.t.HelmChartContainer - [hivemq-test-hivemq-platform] [hivemq-platform-operator] [b7d503ad] 14:01:58.576 [pool-6-thread-1] DEBUG c.h.p.o.dependants.PodInfoConfigMap - [helmpods] Desired PodInfo ConfigMap (extension state hash: -2060082288)
2025-01-29 14:01:58,578 INFO c.h.h.t.HelmChartContainer - [hivemq-test-hivemq-platform] [hivemq-platform-operator] [b7d503ad] 14:01:58.576 [pool-6-thread-9] DEBUG c.h.p.o.d.PlatformServiceResource - [helmpods] Desired Platform services (3 services)
2025-01-29 14:01:58,580 INFO c.h.h.t.HelmChartContainer - [hivemq-test-hivemq-platform] [hivemq-platform-operator] [b7d503ad] 14:01:58.580 [pool-6-thread-9] DEBUG c.h.p.o.d.StatefulSetResource - [helmpods] Desired StatefulSet (1 replicas) for status RESTART_EXTENSIONS (WAIT_FOR_EXTENSION_RESTART)
2025-01-29 14:01:58,583 INFO c.h.h.t.HelmChartContainer - [hivemq-test-hivemq-platform] [hivemq-platform-operator] [b7d503ad] 14:01:58.582 [ReconcilerExecutor-hivemq-controller-130] INFO  c.h.p.o.HiveMQPlatformReconciler - [helmpods] Reconciling HiveMQ Platform 'test-hivemq-platform' in namespace 'helmpodsecuritycontextupgradeextensionit'
2025-01-29 14:01:58,584 INFO c.h.h.t.HelmChartContainer - [hivemq-test-hivemq-platform] [hivemq-platform-operator] [b7d503ad] 14:01:58.583 [ReconcilerExecutor-hivemq-controller-130] DEBUG c.h.p.o.HiveMQPlatformReconciler - [helmpods] Custom Resource Status RESTART_EXTENSIONS - HiveMQ Platform is waiting for extension restart (hivemq-distributed-tracing-extension) (WAIT_FOR_EXTENSION_RESTART)
2025-01-29 14:01:58,585 INFO c.h.h.t.HelmChartContainer - [hivemq-test-hivemq-platform] [hivemq-platform-operator] [b7d503ad] 14:01:58.583 [ReconcilerExecutor-hivemq-controller-130] DEBUG c.h.p.o.HiveMQPlatformReconciler - [helmpods] Custom Resource Spec (replicas: 1) (extensions: 1)
2025-01-29 14:01:58,586 INFO c.h.h.t.HelmChartContainer - [hivemq-test-hivemq-platform] [hivemq-platform-operator] [b7d503ad] 14:01:58.584 [ReconcilerExecutor-hivemq-controller-130] DEBUG c.h.p.o.HiveMQPlatformReconciler - [helmpods] StatefulSet Status (revision: test-hivemq-platform-f6cdc458c, replicas: 1, available: 1, ready: 1, current: 1, updated: 1)
2025-01-29 14:01:58,586 INFO c.h.h.t.HelmChartContainer - [hivemq-test-hivemq-platform] [hivemq-platform-operator] [b7d503ad] 14:01:58.584 [ReconcilerExecutor-hivemq-controller-130] DEBUG c.h.p.o.HiveMQPlatformReconciler - [helmpods] StatefulSet Spec (replicas: 1, init containers: 1, containers: 1, volumes: 4)
2025-01-29 14:01:58,587 INFO c.h.h.t.HelmChartContainer - [hivemq-test-hivemq-platform] [hivemq-platform-operator] [b7d503ad] 14:01:58.585 [ReconcilerExecutor-hivemq-controller-130] DEBUG c.h.p.o.h.HiveMQPlatformReconcilerErrorHandler - [helmpods] Pod 'test-hivemq-platform-0' phase Running
2025-01-29 14:01:58,592 INFO c.h.h.t.HelmChartContainer - [hivemq-test-hivemq-platform] [hivemq-platform-operator] [b7d503ad] 14:01:58.591 [ReconcilerExecutor-hivemq-controller-130] DEBUG c.h.p.o.h.HiveMQPlatformReconcilerRestartExtensionsHandler - [helmpods] Checking update extension status on Pod 'test-hivemq-platform-0'
2025-01-29 14:01:58,612 INFO c.h.h.t.HelmChartContainer - [test-hivemq-platform] [hivemq] [ecde28f7] INFO  - [HiveMQ Platform Operator Init App 1.7.0-SNAPSHOT] Waiting for extension ConfigMap sync (expected hash: -2060082288) (current hash: -1845918640)
2025-01-29 14:01:58,675 INFO c.h.h.t.HelmChartContainer - [test-hivemq-platform] [hivemq] [ecde28f7] INFO  - [HiveMQ Platform Operator Init App 1.7.0-SNAPSHOT] Extension update is pending (0 errors)
2025-01-29 14:01:58,678 INFO c.h.h.t.HelmChartContainer - [hivemq-test-hivemq-platform] [hivemq-platform-operator] [b7d503ad] 14:01:58.677 [vert.x-eventloop-thread-1] DEBUG c.h.platform.operator.util.PodUtil - Received status for command '[curl, -s, http://10.42.0.10:7979/updateExtensionStatus]' on Pod 'test-hivemq-platform-0' (exit code: 0)
2025-01-29 14:01:59,612 INFO c.h.h.t.HelmChartContainer - [test-hivemq-platform] [hivemq] [ecde28f7] INFO  - [HiveMQ Platform Operator Init App 1.7.0-SNAPSHOT] Waiting for extension ConfigMap sync (expected hash: -2060082288) (current hash: -1845918640)
2025-01-29 14:01:59,656 INFO c.h.h.t.HelmChartContainer - [hivemq-test-hivemq-platform] [hivemq-platform-operator] [b7d503ad] 14:01:59.654 [pool-6-thread-15] DEBUG c.h.p.o.d.PlatformServiceResource - [helmpods] Desired Platform services (3 services)
2025-01-29 14:01:59,656 INFO c.h.h.t.HelmChartContainer - [hivemq-test-hivemq-platform] [hivemq-platform-operator] [b7d503ad] 14:01:59.655 [pool-6-thread-19] DEBUG c.h.p.o.dependants.PodInfoConfigMap - [helmpods] Desired PodInfo ConfigMap (1 extensions) (1 enabled)
2025-01-29 14:01:59,656 INFO c.h.h.t.HelmChartContainer - [hivemq-test-hivemq-platform] [hivemq-platform-operator] [b7d503ad] 14:01:59.655 [pool-6-thread-19] DEBUG c.h.p.o.dependants.PodInfoConfigMap - [helmpods] Desired PodInfo ConfigMap (metrics port: 9399) (metrics path: /)
2025-01-29 14:01:59,656 INFO c.h.h.t.HelmChartContainer - [hivemq-test-hivemq-platform] [hivemq-platform-operator] [b7d503ad] 14:01:59.655 [pool-6-thread-19] DEBUG c.h.p.o.dependants.PodInfoConfigMap - [helmpods] Desired PodInfo ConfigMap (extension state hash: -2060082288)
2025-01-29 14:01:59,657 INFO c.h.h.t.HelmChartContainer - [hivemq-test-hivemq-platform] [hivemq-platform-operator] [b7d503ad] 14:01:59.655 [pool-6-thread-19] DEBUG c.h.p.o.d.PodServiceAccountResource - [helmpods] Desired PodServiceAccountResource (serviceAccountName: hivemq-platform-pod-test-hivemq-platform)
2025-01-29 14:01:59,661 INFO c.h.h.t.HelmChartContainer - [hivemq-test-hivemq-platform] [hivemq-platform-operator] [b7d503ad] 14:01:59.660 [pool-6-thread-15] DEBUG c.h.p.o.d.StatefulSetResource - [helmpods] Desired StatefulSet (1 replicas) for status RESTART_EXTENSIONS (WAIT_FOR_EXTENSION_RESTART)
2025-01-29 14:01:59,664 INFO c.h.h.t.HelmChartContainer - [hivemq-test-hivemq-platform] [hivemq-platform-operator] [b7d503ad] 14:01:59.663 [ReconcilerExecutor-hivemq-controller-131] INFO  c.h.p.o.HiveMQPlatformReconciler - [helmpods] Reconciling HiveMQ Platform 'test-hivemq-platform' in namespace 'helmpodsecuritycontextupgradeextensionit'
2025-01-29 14:01:59,664 INFO c.h.h.t.HelmChartContainer - [hivemq-test-hivemq-platform] [hivemq-platform-operator] [b7d503ad] 14:01:59.663 [ReconcilerExecutor-hivemq-controller-131] DEBUG c.h.p.o.HiveMQPlatformReconciler - [helmpods] Custom Resource Status RESTART_EXTENSIONS - HiveMQ Platform is waiting for extension restart (hivemq-distributed-tracing-extension) (WAIT_FOR_EXTENSION_RESTART)
2025-01-29 14:01:59,664 INFO c.h.h.t.HelmChartContainer - [hivemq-test-hivemq-platform] [hivemq-platform-operator] [b7d503ad] 14:01:59.663 [ReconcilerExecutor-hivemq-controller-131] DEBUG c.h.p.o.HiveMQPlatformReconciler - [helmpods] Custom Resource Spec (replicas: 1) (extensions: 1)
2025-01-29 14:01:59,665 INFO c.h.h.t.HelmChartContainer - [hivemq-test-hivemq-platform] [hivemq-platform-operator] [b7d503ad] 14:01:59.664 [ReconcilerExecutor-hivemq-controller-131] DEBUG c.h.p.o.HiveMQPlatformReconciler - [helmpods] StatefulSet Status (revision: test-hivemq-platform-f6cdc458c, replicas: 1, available: 1, ready: 1, current: 1, updated: 1)
2025-01-29 14:01:59,665 INFO c.h.h.t.HelmChartContainer - [hivemq-test-hivemq-platform] [hivemq-platform-operator] [b7d503ad] 14:01:59.664 [ReconcilerExecutor-hivemq-controller-131] DEBUG c.h.p.o.HiveMQPlatformReconciler - [helmpods] StatefulSet Spec (replicas: 1, init containers: 1, containers: 1, volumes: 4)
2025-01-29 14:01:59,667 INFO c.h.h.t.HelmChartContainer - [hivemq-test-hivemq-platform] [hivemq-platform-operator] [b7d503ad] 14:01:59.665 [ReconcilerExecutor-hivemq-controller-131] DEBUG c.h.p.o.h.HiveMQPlatformReconcilerErrorHandler - [helmpods] Pod 'test-hivemq-platform-0' phase Running
2025-01-29 14:01:59,668 INFO c.h.h.t.HelmChartContainer - [hivemq-test-hivemq-platform] [hivemq-platform-operator] [b7d503ad] 14:01:59.666 [ReconcilerExecutor-hivemq-controller-131] INFO  c.h.p.o.h.HiveMQPlatformReconcilerRestartExtensionsHandler - [helmpods] Extension update on Pod 'test-hivemq-platform-0' is still pending
2025-01-29 14:02:00,613 INFO c.h.h.t.HelmChartContainer - [test-hivemq-platform] [hivemq] [ecde28f7] INFO  - [HiveMQ Platform Operator Init App 1.7.0-SNAPSHOT] Waiting for extension ConfigMap sync (expected hash: -2060082288) (current hash: -1845918640)
2025-01-29 14:02:01,614 INFO c.h.h.t.HelmChartContainer - [test-hivemq-platform] [hivemq] [ecde28f7] INFO  - [HiveMQ Platform Operator Init App 1.7.0-SNAPSHOT] Waiting for extension ConfigMap sync (expected hash: -2060082288) (current hash: -2060082288)
2025-01-29 14:02:01,614 INFO c.h.h.t.HelmChartContainer - [test-hivemq-platform] [hivemq] [ecde28f7] INFO  - [HiveMQ Platform Operator Init App 1.7.0-SNAPSHOT] Updating HiveMQ Platform extension: hivemq-distributed-tracing-extension
2025-01-29 14:02:01,614 INFO c.h.h.t.HelmChartContainer - [test-hivemq-platform] [hivemq] [ecde28f7] INFO  - [HiveMQ Platform Operator Init App 1.7.0-SNAPSHOT] Updating preinstalled extension hivemq-distributed-tracing-extension
2025-01-29 14:02:01,839 INFO c.h.h.t.HelmChartContainer - [test-hivemq-platform] [hivemq] [ecde28f7] INFO  - [HiveMQ Platform Operator Init App 1.7.0-SNAPSHOT] Successfully updated extension hivemq-distributed-tracing-extension
2025-01-29 14:02:02,553 INFO c.h.h.t.HelmChartContainer - [test-hivemq-platform] [hivemq] [ecde28f7] INFO  - HiveMQ Enterprise Distributed Tracing Extension: Configured OTLP HTTP/protobuf exporter 'my-otlp-grpc-exporter'.
2025-01-29 14:02:02,558 INFO c.h.h.t.HelmChartContainer - [test-hivemq-platform] [hivemq] [ecde28f7] INFO  - HiveMQ Enterprise Distributed Tracing Extension: Configured W3C trace propagation.
2025-01-29 14:02:02,559 INFO c.h.h.t.HelmChartContainer - [test-hivemq-platform] [hivemq] [ecde28f7] INFO  - HiveMQ Enterprise Distributed Tracing Extension: Successfully updated configuration from '/opt/hivemq/extensions/hivemq-distributed-tracing-extension/conf/config.xml'.
2025-01-29 14:02:02,559 INFO c.h.h.testcontainer.LogWaiterUtil - TEST Found log pattern on 'test-hivemq-platform-0': .*HiveMQ Enterprise Distributed Tracing Extension: Successfully updated configuration from '/opt/hivemq/extensions/hivemq-distributed-tracing-extension/conf/config.xml'.
2025-01-29 14:02:09,672 INFO c.h.h.t.HelmChartContainer - [hivemq-test-hivemq-platform] [hivemq-platform-operator] [b7d503ad] 14:02:09.669 [pool-6-thread-23] DEBUG c.h.p.o.d.PlatformServiceResource - [helmpods] Desired Platform services (3 services)
2025-01-29 14:02:09,672 INFO c.h.h.t.HelmChartContainer - [hivemq-test-hivemq-platform] [hivemq-platform-operator] [b7d503ad] 14:02:09.670 [pool-6-thread-21] DEBUG c.h.p.o.dependants.PodInfoConfigMap - [helmpods] Desired PodInfo ConfigMap (1 extensions) (1 enabled)
2025-01-29 14:02:09,672 INFO c.h.h.t.HelmChartContainer - [hivemq-test-hivemq-platform] [hivemq-platform-operator] [b7d503ad] 14:02:09.670 [pool-6-thread-21] DEBUG c.h.p.o.dependants.PodInfoConfigMap - [helmpods] Desired PodInfo ConfigMap (metrics port: 9399) (metrics path: /)
2025-01-29 14:02:09,672 INFO c.h.h.t.HelmChartContainer - [hivemq-test-hivemq-platform] [hivemq-platform-operator] [b7d503ad] 14:02:09.670 [pool-6-thread-21] DEBUG c.h.p.o.dependants.PodInfoConfigMap - [helmpods] Desired PodInfo ConfigMap (extension state hash: -2060082288)
2025-01-29 14:02:09,672 INFO c.h.h.t.HelmChartContainer - [hivemq-test-hivemq-platform] [hivemq-platform-operator] [b7d503ad] 14:02:09.671 [pool-6-thread-29] DEBUG c.h.p.o.d.PodServiceAccountResource - [helmpods] Desired PodServiceAccountResource (serviceAccountName: hivemq-platform-pod-test-hivemq-platform)
2025-01-29 14:02:09,675 INFO c.h.h.t.HelmChartContainer - [hivemq-test-hivemq-platform] [hivemq-platform-operator] [b7d503ad] 14:02:09.674 [pool-6-thread-23] DEBUG c.h.p.o.d.StatefulSetResource - [helmpods] Desired StatefulSet (1 replicas) for status RESTART_EXTENSIONS (WAIT_FOR_EXTENSION_RESTART)
2025-01-29 14:02:09,678 INFO c.h.h.t.HelmChartContainer - [hivemq-test-hivemq-platform] [hivemq-platform-operator] [b7d503ad] 14:02:09.677 [ReconcilerExecutor-hivemq-controller-132] INFO  c.h.p.o.HiveMQPlatformReconciler - [helmpods] Reconciling HiveMQ Platform 'test-hivemq-platform' in namespace 'helmpodsecuritycontextupgradeextensionit'
2025-01-29 14:02:09,678 INFO c.h.h.t.HelmChartContainer - [hivemq-test-hivemq-platform] [hivemq-platform-operator] [b7d503ad] 14:02:09.677 [ReconcilerExecutor-hivemq-controller-132] DEBUG c.h.p.o.HiveMQPlatformReconciler - [helmpods] Custom Resource Status RESTART_EXTENSIONS - HiveMQ Platform is waiting for extension restart (hivemq-distributed-tracing-extension) (WAIT_FOR_EXTENSION_RESTART)
2025-01-29 14:02:09,679 INFO c.h.h.t.HelmChartContainer - [hivemq-test-hivemq-platform] [hivemq-platform-operator] [b7d503ad] 14:02:09.677 [ReconcilerExecutor-hivemq-controller-132] DEBUG c.h.p.o.HiveMQPlatformReconciler - [helmpods] Custom Resource Spec (replicas: 1) (extensions: 1)
2025-01-29 14:02:09,679 INFO c.h.h.t.HelmChartContainer - [hivemq-test-hivemq-platform] [hivemq-platform-operator] [b7d503ad] 14:02:09.679 [ReconcilerExecutor-hivemq-controller-132] DEBUG c.h.p.o.HiveMQPlatformReconciler - [helmpods] StatefulSet Status (revision: test-hivemq-platform-f6cdc458c, replicas: 1, available: 1, ready: 1, current: 1, updated: 1)
2025-01-29 14:02:09,680 INFO c.h.h.t.HelmChartContainer - [hivemq-test-hivemq-platform] [hivemq-platform-operator] [b7d503ad] 14:02:09.679 [ReconcilerExecutor-hivemq-controller-132] DEBUG c.h.p.o.HiveMQPlatformReconciler - [helmpods] StatefulSet Spec (replicas: 1, init containers: 1, containers: 1, volumes: 4)
2025-01-29 14:02:09,681 INFO c.h.h.t.HelmChartContainer - [hivemq-test-hivemq-platform] [hivemq-platform-operator] [b7d503ad] 14:02:09.681 [ReconcilerExecutor-hivemq-controller-132] DEBUG c.h.p.o.h.HiveMQPlatformReconcilerErrorHandler - [helmpods] Pod 'test-hivemq-platform-0' phase Running
2025-01-29 14:02:09,688 INFO c.h.h.t.HelmChartContainer - [hivemq-test-hivemq-platform] [hivemq-platform-operator] [b7d503ad] 14:02:09.687 [ReconcilerExecutor-hivemq-controller-132] DEBUG c.h.p.o.h.HiveMQPlatformReconcilerRestartExtensionsHandler - [helmpods] Checking update extension status on Pod 'test-hivemq-platform-0'
2025-01-29 14:02:09,776 INFO c.h.h.t.HelmChartContainer - [test-hivemq-platform] [hivemq] [ecde28f7] INFO  - [HiveMQ Platform Operator Init App 1.7.0-SNAPSHOT] Extension update is done (0 errors)
2025-01-29 14:02:09,779 INFO c.h.h.t.HelmChartContainer - [hivemq-test-hivemq-platform] [hivemq-platform-operator] [b7d503ad] 14:02:09.779 [vert.x-eventloop-thread-0] DEBUG c.h.platform.operator.util.PodUtil - Received status for command '[curl, -s, http://10.42.0.10:7979/updateExtensionStatus]' on Pod 'test-hivemq-platform-0' (exit code: 0)
2025-01-29 14:02:10,756 INFO c.h.h.t.HelmChartContainer - [hivemq-test-hivemq-platform] [hivemq-platform-operator] [b7d503ad] 14:02:10.754 [pool-6-thread-35] DEBUG c.h.p.o.d.PlatformServiceResource - [helmpods] Desired Platform services (3 services)
2025-01-29 14:02:10,756 INFO c.h.h.t.HelmChartContainer - [hivemq-test-hivemq-platform] [hivemq-platform-operator] [b7d503ad] 14:02:10.754 [pool-6-thread-36] DEBUG c.h.p.o.d.PodServiceAccountResource - [helmpods] Desired PodServiceAccountResource (serviceAccountName: hivemq-platform-pod-test-hivemq-platform)
2025-01-29 14:02:10,756 INFO c.h.h.t.HelmChartContainer - [hivemq-test-hivemq-platform] [hivemq-platform-operator] [b7d503ad] 14:02:10.754 [pool-6-thread-33] DEBUG c.h.p.o.dependants.PodInfoConfigMap - [helmpods] Desired PodInfo ConfigMap (1 extensions) (1 enabled)
2025-01-29 14:02:10,756 INFO c.h.h.t.HelmChartContainer - [hivemq-test-hivemq-platform] [hivemq-platform-operator] [b7d503ad] 14:02:10.754 [pool-6-thread-33] DEBUG c.h.p.o.dependants.PodInfoConfigMap - [helmpods] Desired PodInfo ConfigMap (metrics port: 9399) (metrics path: /)
2025-01-29 14:02:10,757 INFO c.h.h.t.HelmChartContainer - [hivemq-test-hivemq-platform] [hivemq-platform-operator] [b7d503ad] 14:02:10.755 [pool-6-thread-33] DEBUG c.h.p.o.dependants.PodInfoConfigMap - [helmpods] Desired PodInfo ConfigMap (extension state hash: -2060082288)
2025-01-29 14:02:10,759 INFO c.h.h.t.HelmChartContainer - [hivemq-test-hivemq-platform] [hivemq-platform-operator] [b7d503ad] 14:02:10.758 [pool-6-thread-35] DEBUG c.h.p.o.d.StatefulSetResource - [helmpods] Desired StatefulSet (1 replicas) for status RESTART_EXTENSIONS (WAIT_FOR_EXTENSION_RESTART)
2025-01-29 14:02:10,762 INFO c.h.h.t.HelmChartContainer - [hivemq-test-hivemq-platform] [hivemq-platform-operator] [b7d503ad] 14:02:10.760 [ReconcilerExecutor-hivemq-controller-133] INFO  c.h.p.o.HiveMQPlatformReconciler - [helmpods] Reconciling HiveMQ Platform 'test-hivemq-platform' in namespace 'helmpodsecuritycontextupgradeextensionit'
2025-01-29 14:02:10,762 INFO c.h.h.t.HelmChartContainer - [hivemq-test-hivemq-platform] [hivemq-platform-operator] [b7d503ad] 14:02:10.760 [ReconcilerExecutor-hivemq-controller-133] DEBUG c.h.p.o.HiveMQPlatformReconciler - [helmpods] Custom Resource Status RESTART_EXTENSIONS - HiveMQ Platform is waiting for extension restart (hivemq-distributed-tracing-extension) (WAIT_FOR_EXTENSION_RESTART)
2025-01-29 14:02:10,762 INFO c.h.h.t.HelmChartContainer - [hivemq-test-hivemq-platform] [hivemq-platform-operator] [b7d503ad] 14:02:10.760 [ReconcilerExecutor-hivemq-controller-133] DEBUG c.h.p.o.HiveMQPlatformReconciler - [helmpods] Custom Resource Spec (replicas: 1) (extensions: 1)
2025-01-29 14:02:10,763 INFO c.h.h.t.HelmChartContainer - [hivemq-test-hivemq-platform] [hivemq-platform-operator] [b7d503ad] 14:02:10.762 [ReconcilerExecutor-hivemq-controller-133] DEBUG c.h.p.o.HiveMQPlatformReconciler - [helmpods] StatefulSet Status (revision: test-hivemq-platform-f6cdc458c, replicas: 1, available: 1, ready: 1, current: 1, updated: 1)
2025-01-29 14:02:10,763 INFO c.h.h.t.HelmChartContainer - [hivemq-test-hivemq-platform] [hivemq-platform-operator] [b7d503ad] 14:02:10.762 [ReconcilerExecutor-hivemq-controller-133] DEBUG c.h.p.o.HiveMQPlatformReconciler - [helmpods] StatefulSet Spec (replicas: 1, init containers: 1, containers: 1, volumes: 4)
2025-01-29 14:02:10,764 INFO c.h.h.t.HelmChartContainer - [hivemq-test-hivemq-platform] [hivemq-platform-operator] [b7d503ad] 14:02:10.763 [ReconcilerExecutor-hivemq-controller-133] DEBUG c.h.p.o.h.HiveMQPlatformReconcilerErrorHandler - [helmpods] Pod 'test-hivemq-platform-0' phase Running
2025-01-29 14:02:10,765 INFO c.h.h.t.HelmChartContainer - [hivemq-test-hivemq-platform] [hivemq-platform-operator] [b7d503ad] 14:02:10.764 [ReconcilerExecutor-hivemq-controller-133] INFO  c.h.p.o.h.HiveMQPlatformReconcilerRestartExtensionsHandler - [helmpods] Successfully updated extensions on all Pods
2025-01-29 14:02:10,774 INFO c.h.h.t.HelmChartContainer - [EVENT] Normal [Ready] HiveMQ Platform is ready [helmpodsecuritycontextupgradeextensionit:test-hivemq-platform]
2025-01-29 14:02:10,774 INFO c.h.h.t.HelmChartContainer - [hivemq-test-hivemq-platform] [hivemq-platform-operator] [b7d503ad] 14:02:10.773 [ReconcilerExecutor-hivemq-controller-133] DEBUG c.h.p.operator.event.EventSender - [helmpods] Updating K8s event hivemq-platform-ready: [Ready] HiveMQ Platform is ready
2025-01-29 14:02:10,775 INFO c.h.h.t.HelmChartContainer - [hivemq-test-hivemq-platform] [hivemq-platform-operator] [b7d503ad] 14:02:10.773 [ReconcilerExecutor-hivemq-controller-133] INFO  c.h.p.o.h.AbstractHiveMQReconcilerStateHandler - [helmpods] Update HiveMQ Platform Status (RESTART_EXTENSIONS [WAIT_FOR_EXTENSION_RESTART] -> RUNNING [READY]): HiveMQ Platform is ready
2025-01-29 14:02:10,841 DEBUG com.hivemq.helmcharts.util.K8sUtil - Comparing actual state 'RUNNING' and waiting for 'RUNNING'
2025-01-29 14:02:12,842 INFO c.h.h.t.HelmChartContainer - Uninstalling release 'test-hivemq-platform' in namespace 'helmpodsecuritycontextupgradeextensionit'...
2025-01-29 14:02:12,842 DEBUG c.h.h.t.HelmChartContainer - Executing helm command: /bin/helm --kubeconfig /etc/rancher/k3s/k3s.yaml uninstall test-hivemq-platform  --wait --timeout 5m0s --cascade foreground --namespace helmpodsecuritycontextupgradeextensionit
2025-01-29 14:02:13,023 INFO c.h.h.t.HelmChartContainer - [hivemq-test-hivemq-platform] [hivemq-platform-operator] [b7d503ad] 14:02:13.021 [pool-6-thread-47] DEBUG c.h.p.o.d.PlatformServiceResource - [helmpods] Desired Platform services (3 services)
2025-01-29 14:02:13,024 INFO c.h.h.t.HelmChartContainer - [hivemq-test-hivemq-platform] [hivemq-platform-operator] [b7d503ad] 14:02:13.023 [pool-6-thread-41] DEBUG c.h.p.o.dependants.PodInfoConfigMap - [helmpods] Desired PodInfo ConfigMap (1 extensions) (1 enabled)
2025-01-29 14:02:13,034 INFO c.h.h.t.HelmChartContainer - [hivemq-test-hivemq-platform] [hivemq-platform-operator] [b7d503ad] 14:02:13.023 [pool-6-thread-41] DEBUG c.h.p.o.dependants.PodInfoConfigMap - [helmpods] Desired PodInfo ConfigMap (metrics port: 9399) (metrics path: /)
2025-01-29 14:02:13,035 INFO c.h.h.t.HelmChartContainer - [hivemq-test-hivemq-platform] [hivemq-platform-operator] [b7d503ad] 14:02:13.028 [pool-6-thread-41] DEBUG c.h.p.o.dependants.PodInfoConfigMap - [helmpods] Desired PodInfo ConfigMap (extension state hash: -2060082288)
2025-01-29 14:02:13,035 INFO c.h.h.t.HelmChartContainer - [hivemq-test-hivemq-platform] [hivemq-platform-operator] [b7d503ad] 14:02:13.028 [pool-6-thread-41] DEBUG c.h.p.o.dependants.PodInfoConfigMap - [helmpods] Update PodInfo ConfigMap
2025-01-29 14:02:13,035 INFO c.h.h.t.HelmChartContainer - [hivemq-test-hivemq-platform] [hivemq-platform-operator] [b7d503ad] 14:02:13.026 [pool-6-thread-47] DEBUG c.h.p.o.d.PodServiceAccountResource - [helmpods] Desired PodServiceAccountResource (serviceAccountName: hivemq-platform-pod-test-hivemq-platform)
2025-01-29 14:02:13,057 INFO c.h.h.t.HelmChartContainer - [hivemq-test-hivemq-platform] [hivemq-platform-operator] [b7d503ad] 14:02:13.045 [pool-6-thread-41] DEBUG c.h.p.o.d.StatefulSetResource - [helmpods] Desired StatefulSet (1 replicas) for status RUNNING (READY)
2025-01-29 14:02:13,058 INFO c.h.h.t.HelmChartContainer - [hivemq-test-hivemq-platform] [hivemq-platform-operator] [b7d503ad] 14:02:13.048 [ReconcilerExecutor-hivemq-controller-135] INFO  c.h.p.o.HiveMQPlatformReconciler - [helmpods] Reconciling HiveMQ Platform 'test-hivemq-platform' in namespace 'helmpodsecuritycontextupgradeextensionit'
2025-01-29 14:02:13,058 INFO c.h.h.t.HelmChartContainer - [hivemq-test-hivemq-platform] [hivemq-platform-operator] [b7d503ad] 14:02:13.048 [ReconcilerExecutor-hivemq-controller-135] DEBUG c.h.p.o.HiveMQPlatformReconciler - [helmpods] Custom Resource Status RUNNING - HiveMQ Platform is ready (READY)
2025-01-29 14:02:13,058 INFO c.h.h.t.HelmChartContainer - [hivemq-test-hivemq-platform] [hivemq-platform-operator] [b7d503ad] 14:02:13.048 [ReconcilerExecutor-hivemq-controller-135] DEBUG c.h.p.o.HiveMQPlatformReconciler - [helmpods] Custom Resource Spec (replicas: 1) (extensions: 1)
2025-01-29 14:02:13,058 INFO c.h.h.t.HelmChartContainer - [hivemq-test-hivemq-platform] [hivemq-platform-operator] [b7d503ad] 14:02:13.051 [ReconcilerExecutor-hivemq-controller-135] DEBUG c.h.p.o.HiveMQPlatformReconciler - [helmpods] StatefulSet Status (revision: test-hivemq-platform-f6cdc458c, replicas: 1, available: 1, ready: 1, current: 1, updated: 1)
2025-01-29 14:02:13,059 INFO c.h.h.t.HelmChartContainer - [hivemq-test-hivemq-platform] [hivemq-platform-operator] [b7d503ad] 14:02:13.051 [ReconcilerExecutor-hivemq-controller-135] DEBUG c.h.p.o.HiveMQPlatformReconciler - [helmpods] StatefulSet Spec (replicas: 1, init containers: 1, containers: 1, volumes: 4)
2025-01-29 14:02:13,090 INFO c.h.h.t.HelmChartContainer - [hivemq-test-hivemq-platform] [hivemq-platform-operator] [b7d503ad] 14:02:13.088 [ReconcilerExecutor-hivemq-controller-135] DEBUG c.h.p.o.h.HiveMQPlatformReconcilerErrorHandler - [helmpods] Pod 'test-hivemq-platform-0' phase Running
2025-01-29 14:02:13,192 INFO c.h.h.t.HelmChartContainer - [hivemq-test-hivemq-platform] [hivemq-platform-operator] [b7d503ad] 14:02:13.191 [ReconcilerExecutor-hivemq-controller-144] INFO  c.h.p.o.HiveMQPlatformReconciler - [helmpods] Cleanup test-hivemq-platform - helmpodsecuritycontextupgradeextensionit HiveMQ Platform is shut down
2025-01-29 14:02:13,982 INFO c.h.h.t.HelmChartContainer - [POD] test-hivemq-platform-0 [ecde28f7-18af-40f1-9c7a-1ce07aef90f2] in helmpodsecuritycontextupgradeextensionit was MODIFIED
2025-01-29 14:02:13,984 INFO c.h.h.t.HelmChartContainer - [EVENT] Normal [Killing] Stopping container hivemq [helmpodsecuritycontextupgradeextensionit:test-hivemq-platform-0]
2025-01-29 14:02:13,985 INFO c.h.h.t.HelmChartContainer - Received Killing event for container hivemq in pod test-hivemq-platform-0 [ecde28f7-18af-40f1-9c7a-1ce07aef90f2]
2025-01-29 14:02:13,985 INFO c.h.h.t.HelmChartContainer - Container [test-hivemq-platform-0] [hivemq] [ecde28f7-18af-40f1-9c7a-1ce07aef90f2] was terminated
2025-01-29 14:02:13,985 INFO c.h.h.t.HelmChartContainer - Stopped log watcher for hivemq in pod test-hivemq-platform-0 [ecde28f7-18af-40f1-9c7a-1ce07aef90f2]
2025-01-29 14:02:13,993 INFO c.h.h.t.HelmChartContainer - [test-hivemq-platform] [hivemq] [ecde28f7] INFO  - [HiveMQ Platform Operator Init App 1.7.0-SNAPSHOT] Shutting down
2025-01-29 14:02:13,994 INFO c.h.h.t.HelmChartContainer - [test-hivemq-platform] [hivemq] [ecde28f7] INFO  - [HiveMQ Platform Operator Init App 1.7.0-SNAPSHOT] Stopping the HiveMQ Platform
2025-01-29 14:02:14,060 INFO c.h.h.t.HelmChartContainer - [test-hivemq-platform] [hivemq] [ecde28f7] INFO  - Shutting down HiveMQ. Please wait, this could take a while...
2025-01-29 14:02:14,140 INFO c.h.h.t.HelmChartContainer - [test-hivemq-platform] [hivemq] [ecde28f7] INFO  - Shutting down listeners and clients
2025-01-29 14:02:14,140 INFO c.h.h.t.HelmChartContainer - [test-hivemq-platform] [hivemq] [ecde28f7] INFO  - Shutdown of listeners is done
2025-01-29 14:02:14,140 INFO c.h.h.t.HelmChartContainer - [test-hivemq-platform] [hivemq] [ecde28f7] INFO  - No clients are connected, proceeding with shutdown
2025-01-29 14:02:14,482 INFO c.h.h.t.HelmChartContainer - [test-hivemq-platform] [hivemq] [ecde28f7] WARN  - [HiveMQ Platform Operator Init App 1.7.0-SNAPSHOT] Could not update Pod annotations: Failure executing: GET at: https://10.43.0.1:443/api/v1/namespaces/helmpodsecuritycontextupgradeextensionit/pods/test-hivemq-platform-0. Message: pods "test-hivemq-platform-0" is forbidden: User "system:serviceaccount:helmpodsecuritycontextupgradeextensionit:hivemq-platform-pod-test-hivemq-platform" cannot get resource "pods" in API group "" in the namespace "helmpodsecuritycontextupgradeextensionit". Received status: Status(apiVersion=v1, code=403, details=StatusDetails(causes=[], group=null, kind=pods, name=test-hivemq-platform-0, retryAfterSeconds=null, uid=null, additionalProperties={}), kind=Status, message=pods "test-hivemq-platform-0" is forbidden: User "system:serviceaccount:helmpodsecuritycontextupgradeextensionit:hivemq-platform-pod-test-hivemq-platform" cannot get resource "pods" in API group "" in the namespace "helmpodsecuritycontextupgradeextensionit", metadata=ListMeta(_continue=null, remainingItemCount=null, resourceVersion=null, selfLink=null, additionalProperties={}), reason=Forbidden, status=Failure, additionalProperties={}).
2025-01-29 14:02:15,075 INFO c.h.h.t.HelmChartContainer - Deleting namespace 'helmpodsecuritycontextupgradeextensionit'...
2025-01-29 14:02:17,755 INFO c.h.h.t.HelmChartContainer - [test-hivemq-platform] [hivemq] [ecde28f7] INFO  - Shutting down extension system
2025-01-29 14:02:17,757 INFO c.h.h.t.HelmChartContainer - [test-hivemq-platform] [hivemq] [ecde28f7] INFO  - Stopping extension with id hivemq-dns-cluster-discovery
2025-01-29 14:02:17,758 INFO c.h.h.t.HelmChartContainer - [test-hivemq-platform] [hivemq] [ecde28f7] INFO  - Extension "DNS Cluster Discovery Extension" version 4.3.2 stopped successfully.
2025-01-29 14:02:17,758 INFO c.h.h.t.HelmChartContainer - [test-hivemq-platform] [hivemq] [ecde28f7] INFO  - Stopping extension with id hivemq-distributed-tracing-extension
2025-01-29 14:02:17,760 INFO c.h.h.t.HelmChartContainer - [test-hivemq-platform] [hivemq] [ecde28f7] INFO  - Extension "HiveMQ Enterprise Distributed Tracing Extension" version 4.36.0 stopped successfully.
2025-01-29 14:02:17,760 INFO c.h.h.t.HelmChartContainer - [test-hivemq-platform] [hivemq] [ecde28f7] INFO  - Stopping extension with id hivemq-prometheus-extension
2025-01-29 14:02:17,764 INFO c.h.h.t.HelmChartContainer - [test-hivemq-platform] [hivemq] [ecde28f7] INFO  - Extension "Prometheus Monitoring Extension" version 4.0.12 stopped successfully.
2025-01-29 14:02:17,765 INFO c.h.h.t.HelmChartContainer - [test-hivemq-platform] [hivemq] [ecde28f7] INFO  - Stopping extension with id hivemq-allow-all-extension
2025-01-29 14:02:17,765 INFO c.h.h.t.HelmChartContainer - [test-hivemq-platform] [hivemq] [ecde28f7] INFO  - Extension "Allow All Extension" version 1.1.1 stopped successfully.
2025-01-29 14:02:18,754 INFO c.h.h.t.HelmChartContainer - [test-hivemq-platform] [hivemq] [ecde28f7] INFO  - [HiveMQ Platform Operator Init App 1.7.0-SNAPSHOT] Returning shutdown Health API response 503 for readiness
2025-01-29 14:02:18,759 INFO c.h.h.t.HelmChartContainer - [EVENT] Warning [Unhealthy] Readiness probe failed: HTTP probe failed with statuscode: 503 [helmpodsecuritycontextupgradeextensionit:test-hivemq-platform-0]
2025-01-29 14:02:18,759 INFO c.h.h.t.HelmChartContainer - Received Unhealthy event for container hivemq in pod test-hivemq-platform-0 [ecde28f7-18af-40f1-9c7a-1ce07aef90f2]
2025-01-29 14:02:19,485 INFO c.h.h.t.HelmChartContainer - [K3S] [authentication.go:74] "Unable to authenticate the request" err="[invalid bearer token, serviceaccounts \"hivemq-platform-pod-test-hivemq-platform\" not found]"
2025-01-29 14:02:19,505 INFO c.h.h.t.HelmChartContainer - [K3S] [authentication.go:74] "Unable to authenticate the request" err="[invalid bearer token, serviceaccounts \"hivemq-platform-pod-test-hivemq-platform\" not found]"
2025-01-29 14:02:19,507 INFO c.h.h.t.HelmChartContainer - [test-hivemq-platform] [hivemq] [ecde28f7] WARN  - [HiveMQ Platform Operator Init App 1.7.0-SNAPSHOT] Could not update Pod annotations: Failure executing: GET at: https://10.43.0.1:443/api/v1/namespaces/helmpodsecuritycontextupgradeextensionit/pods/test-hivemq-platform-0. Message: Unauthorized. Received status: Status(apiVersion=v1, code=401, details=null, kind=Status, message=Unauthorized, metadata=ListMeta(_continue=null, remainingItemCount=null, resourceVersion=null, selfLink=null, additionalProperties={}), reason=Unauthorized, status=Failure, additionalProperties={}).
2025-01-29 14:02:20,151 INFO c.h.h.t.HelmChartContainer - [test-hivemq-platform] [hivemq] [ecde28f7] INFO  - Shutdown completed.
2025-01-29 14:02:20,197 INFO c.h.h.t.HelmChartContainer - [K3S] [stateful_set.go:466] "StatefulSet has been deleted" key="helmpodsecuritycontextupgradeextensionit/test-hivemq-platform"
2025-01-29 14:02:20,513 INFO c.h.h.t.HelmChartContainer - [test-hivemq-platform] [hivemq] [ecde28f7] INFO  - [HiveMQ Platform Operator Init App 1.7.0-SNAPSHOT] The HiveMQ Platform exited with code 143
2025-01-29 14:02:20,513 INFO c.h.h.t.HelmChartContainer - [test-hivemq-platform] [hivemq] [ecde28f7] INFO  - [HiveMQ Platform Operator Init App 1.7.0-SNAPSHOT] Stopping the REST API
2025-01-29 14:02:20,541 INFO c.h.h.t.HelmChartContainer - [test-hivemq-platform] [hivemq] [ecde28f7] INFO  - [HiveMQ Platform Operator Init App 1.7.0-SNAPSHOT] Shutdown complete
2025-01-29 14:02:20,992 INFO c.h.h.t.HelmChartContainer - [POD] test-hivemq-platform-0 [ecde28f7-18af-40f1-9c7a-1ce07aef90f2] in helmpodsecuritycontextupgradeextensionit was MODIFIED
2025-01-29 14:02:21,124 INFO c.h.h.t.HelmChartContainer - [K3S] [reconciler_common.go:162] "operationExecutor.UnmountVolume started for volume \"broker-configuration\" (UniqueName: \"kubernetes.io/configmap/ecde28f7-18af-40f1-9c7a-1ce07aef90f2-broker-configuration\") pod \"ecde28f7-18af-40f1-9c7a-1ce07aef90f2\" (UID: \"ecde28f7-18af-40f1-9c7a-1ce07aef90f2\") "
2025-01-29 14:02:21,125 INFO c.h.h.t.HelmChartContainer - [K3S] [reconciler_common.go:162] "operationExecutor.UnmountVolume started for volume \"extension-configuration-hivemq-distributed-tracing-extension\" (UniqueName: \"kubernetes.io/configmap/ecde28f7-18af-40f1-9c7a-1ce07aef90f2-extension-configuration-hivemq-distributed-tracing-extension\") pod \"ecde28f7-18af-40f1-9c7a-1ce07aef90f2\" (UID: \"ecde28f7-18af-40f1-9c7a-1ce07aef90f2\") "
2025-01-29 14:02:21,125 INFO c.h.h.t.HelmChartContainer - [K3S] [reconciler_common.go:162] "operationExecutor.UnmountVolume started for volume \"pod-info\" (UniqueName: \"kubernetes.io/configmap/ecde28f7-18af-40f1-9c7a-1ce07aef90f2-pod-info\") pod \"ecde28f7-18af-40f1-9c7a-1ce07aef90f2\" (UID: \"ecde28f7-18af-40f1-9c7a-1ce07aef90f2\") "
2025-01-29 14:02:21,125 INFO c.h.h.t.HelmChartContainer - [K3S] [reconciler_common.go:162] "operationExecutor.UnmountVolume started for volume \"kube-api-access-p9p52\" (UniqueName: \"kubernetes.io/projected/ecde28f7-18af-40f1-9c7a-1ce07aef90f2-kube-api-access-p9p52\") pod \"ecde28f7-18af-40f1-9c7a-1ce07aef90f2\" (UID: \"ecde28f7-18af-40f1-9c7a-1ce07aef90f2\") "
2025-01-29 14:02:21,125 INFO c.h.h.t.HelmChartContainer - [K3S] [reconciler_common.go:162] "operationExecutor.UnmountVolume started for volume \"operator-init\" (UniqueName: \"kubernetes.io/empty-dir/ecde28f7-18af-40f1-9c7a-1ce07aef90f2-operator-init\") pod \"ecde28f7-18af-40f1-9c7a-1ce07aef90f2\" (UID: \"ecde28f7-18af-40f1-9c7a-1ce07aef90f2\") "
2025-01-29 14:02:21,224 INFO c.h.h.t.HelmChartContainer - [K3S] [reconciler_common.go:299] "Volume detached for volume \"broker-configuration\" (UniqueName: \"kubernetes.io/configmap/ecde28f7-18af-40f1-9c7a-1ce07aef90f2-broker-configuration\") on node \"9f0aeb600ff7\" DevicePath \"\""
2025-01-29 14:02:21,224 INFO c.h.h.t.HelmChartContainer - [K3S] [reconciler_common.go:299] "Volume detached for volume \"operator-init\" (UniqueName: \"kubernetes.io/empty-dir/ecde28f7-18af-40f1-9c7a-1ce07aef90f2-operator-init\") on node \"9f0aeb600ff7\" DevicePath \"\""
2025-01-29 14:02:21,224 INFO c.h.h.t.HelmChartContainer - [K3S] [reconciler_common.go:299] "Volume detached for volume \"extension-configuration-hivemq-distributed-tracing-extension\" (UniqueName: \"kubernetes.io/configmap/ecde28f7-18af-40f1-9c7a-1ce07aef90f2-extension-configuration-hivemq-distributed-tracing-extension\") on node \"9f0aeb600ff7\" DevicePath \"\""
2025-01-29 14:02:21,225 INFO c.h.h.t.HelmChartContainer - [K3S] [reconciler_common.go:299] "Volume detached for volume \"pod-info\" (UniqueName: \"kubernetes.io/configmap/ecde28f7-18af-40f1-9c7a-1ce07aef90f2-pod-info\") on node \"9f0aeb600ff7\" DevicePath \"\""
2025-01-29 14:02:21,225 INFO c.h.h.t.HelmChartContainer - [K3S] [reconciler_common.go:299] "Volume detached for volume \"kube-api-access-p9p52\" (UniqueName: \"kubernetes.io/projected/ecde28f7-18af-40f1-9c7a-1ce07aef90f2-kube-api-access-p9p52\") on node \"9f0aeb600ff7\" DevicePath \"\""
2025-01-29 14:02:21,687 INFO c.h.h.t.HelmChartContainer - [K3S] [scope.go:117] "RemoveContainer" containerID="a16b1df9a87e1f0fdd7d6f0dc6e9a8b1b6c4b692439d99412f7b4b94a300c7bf"
2025-01-29 14:02:21,701 INFO c.h.h.t.HelmChartContainer - [POD] test-hivemq-platform-0 [ecde28f7-18af-40f1-9c7a-1ce07aef90f2] in helmpodsecuritycontextupgradeextensionit was MODIFIED
2025-01-29 14:02:21,703 INFO c.h.h.t.HelmChartContainer - [POD] test-hivemq-platform-0 [ecde28f7-18af-40f1-9c7a-1ce07aef90f2] in helmpodsecuritycontextupgradeextensionit was DELETED
2025-01-29 14:02:21,789 INFO c.h.h.t.HelmChartContainer - [K3S] [scope.go:117] "RemoveContainer" containerID="ead8ac1913f6c3b3ff5ff15a4b53ac28d6d4de969509184aae4cf95f54e70164"
2025-01-29 14:02:21,791 INFO c.h.h.t.HelmChartContainer - [K3S] [scope.go:117] "RemoveContainer" containerID="a16b1df9a87e1f0fdd7d6f0dc6e9a8b1b6c4b692439d99412f7b4b94a300c7bf"
2025-01-29 14:02:21,792 INFO c.h.h.t.HelmChartContainer - [K3S] [scope.go:117] "RemoveContainer" containerID="ead8ac1913f6c3b3ff5ff15a4b53ac28d6d4de969509184aae4cf95f54e70164"
2025-01-29 14:02:22,967 INFO c.h.h.t.HelmChartContainer - [K3S] [kubelet_volumes.go:163] "Cleaned up orphaned pod volumes dir" podUID="ecde28f7-18af-40f1-9c7a-1ce07aef90f2" path="/var/lib/kubelet/pods/ecde28f7-18af-40f1-9c7a-1ce07aef90f2/volumes"
2025-01-29 14:02:25,400 INFO c.h.h.t.HelmChartContainer - Namespace 'helmpodsecuritycontextupgradeextensionit' deleted
2025-01-29 14:02:25,400 INFO c.h.h.t.HelmChartContainer - Release 'test-hivemq-platform' in namespace 'helmpodsecuritycontextupgradeextensionit' is uninstalled
2025-01-29 14:02:25,400 INFO c.h.h.t.HelmChartContainer - Uninstalling release 'test-hivemq-platform-operator' in namespace 'helmpodsecuritycontextupgradeextensionit-operator'...
2025-01-29 14:02:25,400 DEBUG c.h.h.t.HelmChartContainer - Executing helm command: /bin/helm --kubeconfig /etc/rancher/k3s/k3s.yaml uninstall test-hivemq-platform-operator  --wait --timeout 5m0s --cascade foreground --namespace helmpodsecuritycontextupgradeextensionit-operator
2025-01-29 14:02:25,566 INFO c.h.h.t.HelmChartContainer - [K3S] [replica_set.go:679] "Finished syncing" kind="ReplicaSet" key="helmpodsecuritycontextupgradeextensionit-operator/hivemq-test-hivemq-platform-operator-7ccc997bc4" duration="11.938839ms"
2025-01-29 14:02:25,566 INFO c.h.h.t.HelmChartContainer - [K3S] [replica_set.go:679] "Finished syncing" kind="ReplicaSet" key="helmpodsecuritycontextupgradeextensionit-operator/hivemq-test-hivemq-platform-operator-7ccc997bc4" duration="34.845µs"
2025-01-29 14:02:25,587 INFO c.h.h.t.HelmChartContainer - [POD] hivemq-test-hivemq-platform-operator-7ccc997bc4-sqbvj [b7d503ad-94c6-4b67-bbc5-21e252e11378] in helmpodsecuritycontextupgradeextensionit-operator was MODIFIED
2025-01-29 14:02:25,594 INFO c.h.h.t.HelmChartContainer - [EVENT] Normal [Killing] Stopping container hivemq-platform-operator [helmpodsecuritycontextupgradeextensionit-operator:hivemq-test-hivemq-platform-operator-7ccc997bc4-sqbvj]
2025-01-29 14:02:25,594 INFO c.h.h.t.HelmChartContainer - Received Killing event for container hivemq-platform-operator in pod hivemq-test-hivemq-platform-operator-7ccc997bc4-sqbvj [b7d503ad-94c6-4b67-bbc5-21e252e11378]
2025-01-29 14:02:25,594 INFO c.h.h.t.HelmChartContainer - Container [hivemq-test-hivemq-platform-operator-7ccc997bc4-sqbvj] [hivemq-platform-operator] [b7d503ad-94c6-4b67-bbc5-21e252e11378] was terminated
2025-01-29 14:02:25,594 INFO c.h.h.t.HelmChartContainer - Stopped log watcher for hivemq-platform-operator in pod hivemq-test-hivemq-platform-operator-7ccc997bc4-sqbvj [b7d503ad-94c6-4b67-bbc5-21e252e11378]
2025-01-29 14:02:25,603 INFO c.h.h.t.HelmChartContainer - [hivemq-test-hivemq-platform] [hivemq-platform-operator] [b7d503ad] 14:02:25.602 [application-shutdown-thread] INFO  c.h.p.o.HiveMQPlatformOperatorApplication - HiveMQ Platform Operator is stopping...
2025-01-29 14:02:25,605 INFO c.h.h.t.HelmChartContainer - [hivemq-test-hivemq-platform] [hivemq-platform-operator] [b7d503ad] 14:02:25.604 [application-shutdown-thread] INFO  i.javaoperatorsdk.operator.Operator - Operator SDK 4.9.7 is shutting down...
2025-01-29 14:02:25,611 INFO c.h.h.t.HelmChartContainer - [K3S] [replica_set.go:679] "Finished syncing" kind="ReplicaSet" key="helmpodsecuritycontextupgradeextensionit-operator/hivemq-test-hivemq-platform-operator-7ccc997bc4" duration="28.900669ms"
2025-01-29 14:02:25,612 INFO c.h.h.t.HelmChartContainer - [K3S] [replica_set.go:679] "Finished syncing" kind="ReplicaSet" key="helmpodsecuritycontextupgradeextensionit-operator/hivemq-test-hivemq-platform-operator-7ccc997bc4" duration="57.437µs"
2025-01-29 14:02:26,158 INFO c.h.h.t.HelmChartContainer - [K3S] [replica_set.go:679] "Finished syncing" kind="ReplicaSet" key="helmpodsecuritycontextupgradeextensionit-operator/hivemq-test-hivemq-platform-operator-7ccc997bc4" duration="41.417µs"
2025-01-29 14:02:26,160 INFO c.h.h.t.HelmChartContainer - [POD] hivemq-test-hivemq-platform-operator-7ccc997bc4-sqbvj [b7d503ad-94c6-4b67-bbc5-21e252e11378] in helmpodsecuritycontextupgradeextensionit-operator was MODIFIED
2025-01-29 14:02:26,252 INFO c.h.h.t.HelmChartContainer - [K3S] [reconciler_common.go:162] "operationExecutor.UnmountVolume started for volume \"kube-api-access-49rjf\" (UniqueName: \"kubernetes.io/projected/b7d503ad-94c6-4b67-bbc5-21e252e11378-kube-api-access-49rjf\") pod \"b7d503ad-94c6-4b67-bbc5-21e252e11378\" (UID: \"b7d503ad-94c6-4b67-bbc5-21e252e11378\") "
2025-01-29 14:02:26,353 INFO c.h.h.t.HelmChartContainer - [K3S] [reconciler_common.go:299] "Volume detached for volume \"kube-api-access-49rjf\" (UniqueName: \"kubernetes.io/projected/b7d503ad-94c6-4b67-bbc5-21e252e11378-kube-api-access-49rjf\") on node \"9f0aeb600ff7\" DevicePath \"\""
2025-01-29 14:02:26,698 INFO c.h.h.t.HelmChartContainer - [K3S] [scope.go:117] "RemoveContainer" containerID="a7dde44aab7a474dc16c259e2b7f636d6b14b34dace394c5f9b907f05eb9ddd9"
2025-01-29 14:02:26,700 INFO c.h.h.t.HelmChartContainer - [K3S] [scope.go:117] "RemoveContainer" containerID="a7dde44aab7a474dc16c259e2b7f636d6b14b34dace394c5f9b907f05eb9ddd9"
2025-01-29 14:02:26,709 INFO c.h.h.t.HelmChartContainer - [K3S] [replica_set.go:679] "Finished syncing" kind="ReplicaSet" key="helmpodsecuritycontextupgradeextensionit-operator/hivemq-test-hivemq-platform-operator-7ccc997bc4" duration="39.894µs"
2025-01-29 14:02:26,709 INFO c.h.h.t.HelmChartContainer - [POD] hivemq-test-hivemq-platform-operator-7ccc997bc4-sqbvj [b7d503ad-94c6-4b67-bbc5-21e252e11378] in helmpodsecuritycontextupgradeextensionit-operator was MODIFIED
2025-01-29 14:02:26,711 INFO c.h.h.t.HelmChartContainer - [POD] hivemq-test-hivemq-platform-operator-7ccc997bc4-sqbvj [b7d503ad-94c6-4b67-bbc5-21e252e11378] in helmpodsecuritycontextupgradeextensionit-operator was DELETED
2025-01-29 14:02:26,712 INFO c.h.h.t.HelmChartContainer - [K3S] [replica_set.go:679] "Finished syncing" kind="ReplicaSet" key="helmpodsecuritycontextupgradeextensionit-operator/hivemq-test-hivemq-platform-operator-7ccc997bc4" duration="30.357µs"
2025-01-29 14:02:26,721 INFO c.h.h.t.HelmChartContainer - [K3S] [replica_set.go:679] "Finished syncing" kind="ReplicaSet" key="helmpodsecuritycontextupgradeextensionit-operator/hivemq-test-hivemq-platform-operator-7ccc997bc4" duration="3.306µs"
2025-01-29 14:02:26,967 INFO c.h.h.t.HelmChartContainer - [K3S] [kubelet_volumes.go:163] "Cleaned up orphaned pod volumes dir" podUID="b7d503ad-94c6-4b67-bbc5-21e252e11378" path="/var/lib/kubelet/pods/b7d503ad-94c6-4b67-bbc5-21e252e11378/volumes"
2025-01-29 14:02:27,607 INFO c.h.h.t.HelmChartContainer - Deleting namespace 'helmpodsecuritycontextupgradeextensionit-operator'...
2025-01-29 14:02:30,323 INFO c.h.h.t.HelmChartContainer - [K3S] [namespace_controller.go:187] "Namespace has been deleted" namespace="helmpodsecuritycontextupgradeextensionit"
2025-01-29 14:02:32,823 INFO c.h.h.t.HelmChartContainer - Namespace 'helmpodsecuritycontextupgradeextensionit-operator' deleted
2025-01-29 14:02:32,823 INFO c.h.h.t.HelmChartContainer - Release 'test-hivemq-platform-operator' in namespace 'helmpodsecuritycontextupgradeextensionit-operator' is uninstalled
2025-01-29 14:02:33,405 INFO c.h.helmcharts.AbstractHelmChartIT - Removed unused containers:

2025-01-29 14:02:37,731 INFO c.h.h.t.HelmChartContainer - [K3S] [namespace_controller.go:187] "Namespace has been deleted" namespace="helmpodsecuritycontextupgradeextensionit-operator"
2025-01-29 14:02:41,036 INFO c.h.helmcharts.AbstractHelmChartIT - Removed unused snapshots:
Removing snapshot sha256:03af251906410714c5aef9fa705b63f6bbc39c4a5e787de7361eeb18886c2ed2
Removing snapshot sha256:0c46b3b43cce082ce5ec34ffc6c294e0417d17b9d1e6f366d114b6aadc4f96dc
Removing snapshot sha256:0ce761beee59082d6ed5bcebd3a805b8ddd9b3426b617e4809e7fb7c6587ffec
Removing snapshot sha256:0df91287303208332c8ff6ba40ae4710105201739addbfbddfb955f1ad593664
Removing snapshot sha256:1021ef88c7974bfff89c5a0ec4fd3160daac6c48a075f74cff721f85dd104e68
Removing snapshot sha256:10aba4953ddc18145dd38e3704709bc464aa20af60b56fe52caaff4b68411e62
Removing snapshot sha256:2573e0d8158209ed54ab25c87bcdcb00bd3d2539246960a3d592a1c599d70465
Removing snapshot sha256:362a8a37f8bbc31925a8146adcf7cf51f9882f5c1dcbef67c5baa03a297543c0
Removing snapshot sha256:3fa4ad33f0ddc8fd45b39b6b4640f82a3a83619606cd975bfe89d8710ad2d4cd
Removing snapshot sha256:43a7c979bbaba6838bc3102d6b10a1459f3ab050b87ccdfef84ef90cf43d3058
Removing snapshot sha256:4ab04491cdf0d3267f08206fe30bd48f49f94b9cab2f016d6739220f722a64af
Removing snapshot sha256:4b6068250e89c96f263060261819c7d912855bfbd64b3eb4c4a8483299b8c295
Removing snapshot sha256:580e69a0a8034ede1921139bbd2bfb72a69ebf276d008281896c32dd8bf74775
Removing snapshot sha256:5d30ba46b27fe37484567ccc5242cadc78217b8da605f3f195ef25cbf7487904
Removing snapshot sha256:63ca1fbb43ae5034640e5e6cb3e083e05c290072c5366fcaa9d62435a4cced85
Removing snapshot sha256:67f702c6baae873bceb19487c8b1f27bd2b86077e4f2f0e480e6d60ab508b8f5
Removing snapshot sha256:6864348dd42806d552efdec384f1274be15e2d0c10ce44c1f04347af004c10a9
Removing snapshot sha256:6c7dee8f2c39b84b7dc2711c01d33de93514d9055499173e9290176fbe484b6c
Removing snapshot sha256:82753493a6d61ded36556292f02f31841a14c20d2f279f19eaad65afb661d5cd
Removing snapshot sha256:8a10d3db42c505ee0fcfa98417bdd7e39b304f6bcc0a06bb1b220797ff2cc63c
Removing snapshot sha256:a0904247e36a7726c03c71ee48f3e64462021c88dafeb13f37fdaf613b27f11c
Removing snapshot sha256:a21e5b12dbac529ad45d976eb9ce45c881f3bedcc500fb30aba1e52aa1813418
Removing snapshot sha256:a5c6dfdeabb7aff213910539a47e09bdbb7f2d5faf8419faae1d06f5ea6c3a31
Removing snapshot sha256:b921e6c28969094157f9b8e7244677780319637afd14450b7cb6b2fdea558a0c
Removing snapshot sha256:bc27ecb5769a00e309cf99ebc763c4a4b958b618d1decc96ffac5bc05f02f5b7
Removing snapshot sha256:be3ccb6627a5332e309d45ef461d09b4879dd870c7394d89323d0ebc6ca6aa8a
Removing snapshot sha256:c261f7cbbc64211ee175ee47273acdb7b1a36a4450b397a064a8f2c026490095
Removing snapshot sha256:c34d9393647eea0c9e3557ab988efaf59f61d10a2a5613b439ef0958cca5ec10
Removing snapshot sha256:ccf3c4a0fa967a41c1c83497a2ce6fa5787965859df0adb32c4ca2cf7490bc2b
Removing snapshot sha256:cf92d33f869417309692088c341cd0f223c178ea78a125f757317b22aa8f90e9
Removing snapshot sha256:d0037344cf2fb078884f1849f6a1f8cf9a33a3b6139b6a85833e5ee528e1f9a8
Removing snapshot sha256:d3b36d5b79273b1e98e7700470eaeff05a882e777124d84cebcc1505b85ecb36
Removing snapshot sha256:d65a44a37914602d12c611e5e22a50f11451d847e63015cc1c2aef92dee777a4
Removing snapshot sha256:e2dc0bae2455930f23ae570e019b7f32edc75c0f2d71cab084db837ff9051796
Removing snapshot sha256:eccbd24a99c60cd9e86ee5305dbfc4a4dc89f5ab4fb1f06c8d64797cecedef34
Removing snapshot sha256:f144bb4c7c7f0d2aa7eeffd36d934ec40db1ee167be727e326aad9fdc616f475
Removing snapshot sha256:fb70a1c03dbb2f2cb8fe5f60125cc4433963077acbed642a8abef69143ec45b1

]]></system-out>
  </testcase>
  <system-out><![CDATA[2025-01-29 13:56:26,326 INFO c.h.h.t.HelmChartContainerExtension - Using cached HelmChartContainer instance
]]></system-out>
  <system-err><![CDATA[]]></system-err>
</testsuite>
