<?xml version="1.0" encoding="UTF-8"?>
<testsuite name="com.hivemq.helmcharts.platform.HelmUpgradePlatformIT" tests="1" skipped="0" failures="0" errors="0" timestamp="2025-02-23T14:37:44" hostname="fv-az1384-314" time="161.658">
  <properties/>
  <testcase name="withDeployedPlatform_upgradeIncreasingReplicaCount()" classname="com.hivemq.helmcharts.platform.HelmUpgradePlatformIT" time="161.658"/>
</testsuite>
