<?xml version="1.0" encoding="UTF-8"?>
<testsuite name="com.hivemq.helmcharts.EseExtensionInstallationIT" tests="1" skipped="0" failures="0" errors="0" timestamp="2025-01-29T00:57:41" hostname="fv-az1369-754" time="182.885">
  <properties/>
  <testcase name="withExtensionConfiguration_hivemqRunning()" classname="com.hivemq.helmcharts.EseExtensionInstallationIT" time="182.885">
    <system-out><![CDATA[2025-01-29 00:57:41,021 INFO t.localhost/testcontainers/4opwmf1x7i9i3siw:latest - Creating container for image: localhost/testcontainers/4opwmf1x7i9i3siw:latest
2025-01-29 00:57:41,024 INFO tc.alpine:3.17 - Pulling docker image: alpine:3.17. Please be patient; this may take some time but only needs to be done once.
2025-01-29 00:57:41,380 INFO tc.alpine:3.17 - Starting to pull image
2025-01-29 00:57:41,381 INFO tc.alpine:3.17 - Pulling image layers:  0 pending,  0 downloaded,  0 extracted, (0 bytes/0 bytes)
2025-01-29 00:57:41,617 INFO tc.alpine:3.17 - Pulling image layers:  0 pending,  1 downloaded,  0 extracted, (33 KB/3 MB)
2025-01-29 00:57:41,711 INFO tc.alpine:3.17 - Pulling image layers:  0 pending,  1 downloaded,  1 extracted, (3 MB/3 MB)
2025-01-29 00:57:41,718 INFO tc.alpine:3.17 - Image alpine:3.17 pull took PT0.6936409S
2025-01-29 00:57:42,079 INFO t.localhost/testcontainers/4opwmf1x7i9i3siw:latest - Container localhost/testcontainers/4opwmf1x7i9i3siw:latest is starting: 9dc6fffc3783dcfa9be24fd3e2d6263208e416891801650af408b3ea7c10c74e
2025-01-29 00:57:42,436 INFO c.h.h.t.OperatorHelmChartContainer - [K3S] [INFO] Starting k3s v1.32.1+k3s1 (6a322f12)
2025-01-29 00:57:42,439 INFO c.h.h.t.OperatorHelmChartContainer - [K3S] [INFO] Configuring sqlite3 database connection pooling: maxIdleConns=2, maxOpenConns=0, connMaxLifetime=0s
2025-01-29 00:57:42,439 INFO c.h.h.t.OperatorHelmChartContainer - [K3S] [INFO] Configuring database table schema and indexes, this may take a moment...
2025-01-29 00:57:42,442 INFO c.h.h.t.OperatorHelmChartContainer - [K3S] [INFO] Database tables and indexes are up to date
2025-01-29 00:57:42,444 INFO c.h.h.t.OperatorHelmChartContainer - [K3S] [INFO] Kine available at unix://kine.sock
2025-01-29 00:57:42,568 INFO c.h.h.t.OperatorHelmChartContainer - [K3S] [INFO] Saving cluster bootstrap data to datastore
2025-01-29 00:57:42,569 INFO c.h.h.t.OperatorHelmChartContainer - [K3S] [WARNING] dynamiclistener [::]:6443: no cached certificate available for preload - deferring certificate load until storage initialization or first client request
2025-01-29 00:57:42,569 INFO c.h.h.t.OperatorHelmChartContainer - [K3S] [INFO] Active TLS secret / (ver=) (count 10): map[listener.cattle.io/cn-10.43.0.1:10.43.0.1 listener.cattle.io/cn-127.0.0.1:127.0.0.1 listener.cattle.io/cn-172.17.0.3:172.17.0.3 listener.cattle.io/cn-9dc6fffc3783:9dc6fffc3783 listener.cattle.io/cn-__1-f16284:::1 listener.cattle.io/cn-kubernetes:kubernetes listener.cattle.io/cn-kubernetes.default:kubernetes.default listener.cattle.io/cn-kubernetes.default.svc:kubernetes.default.svc listener.cattle.io/cn-kubernetes.default.svc.cluster.local:kubernetes.default.svc.cluster.local listener.cattle.io/cn-localhost:localhost listener.cattle.io/fingerprint:SHA1=BFD62C68F0CBAE6B0AA3EE9599F02B62BB72E3B9]
2025-01-29 00:57:42,730 INFO c.h.h.t.OperatorHelmChartContainer - [K3S] [INFO] Running kube-apiserver --advertise-port=6443 --allow-privileged=true --anonymous-auth=false --api-audiences=https://kubernetes.default.svc.cluster.local,k3s --authorization-mode=Node,RBAC --bind-address=127.0.0.1 --cert-dir=/var/lib/rancher/k3s/server/tls/temporary-certs --client-ca-file=/var/lib/rancher/k3s/server/tls/client-ca.crt --egress-selector-config-file=/var/lib/rancher/k3s/server/etc/egress-selector-config.yaml --enable-admission-plugins=NodeRestriction --enable-aggregator-routing=true --enable-bootstrap-token-auth=true --etcd-servers=unix://kine.sock --kubelet-certificate-authority=/var/lib/rancher/k3s/server/tls/server-ca.crt --kubelet-client-certificate=/var/lib/rancher/k3s/server/tls/client-kube-apiserver.crt --kubelet-client-key=/var/lib/rancher/k3s/server/tls/client-kube-apiserver.key --kubelet-preferred-address-types=InternalIP,ExternalIP,Hostname --profiling=false --proxy-client-cert-file=/var/lib/rancher/k3s/server/tls/client-auth-proxy.crt --proxy-client-key-file=/var/lib/rancher/k3s/server/tls/client-auth-proxy.key --requestheader-allowed-names=system:auth-proxy --requestheader-client-ca-file=/var/lib/rancher/k3s/server/tls/request-header-ca.crt --requestheader-extra-headers-prefix=X-Remote-Extra- --requestheader-group-headers=X-Remote-Group --requestheader-username-headers=X-Remote-User --secure-port=6444 --service-account-issuer=https://kubernetes.default.svc.cluster.local --service-account-key-file=/var/lib/rancher/k3s/server/tls/service.key --service-account-signing-key-file=/var/lib/rancher/k3s/server/tls/service.current.key --service-cluster-ip-range=10.43.0.0/16 --service-node-port-range=30000-32767 --storage-backend=etcd3 --tls-cert-file=/var/lib/rancher/k3s/server/tls/serving-kube-apiserver.crt --tls-cipher-suites=TLS_ECDHE_ECDSA_WITH_AES_256_GCM_SHA384,TLS_ECDHE_RSA_WITH_AES_256_GCM_SHA384,TLS_ECDHE_ECDSA_WITH_AES_128_GCM_SHA256,TLS_ECDHE_RSA_WITH_AES_128_GCM_SHA256,TLS_ECDHE_ECDSA_WITH_CHACHA20_POLY1305,TLS_ECDHE_RSA_WITH_CHACHA20_POLY1305 --tls-private-key-file=/var/lib/rancher/k3s/server/tls/serving-kube-apiserver.key
2025-01-29 00:57:42,731 INFO c.h.h.t.OperatorHelmChartContainer - [K3S] [INFO] Running kube-scheduler --authentication-kubeconfig=/var/lib/rancher/k3s/server/cred/scheduler.kubeconfig --authorization-kubeconfig=/var/lib/rancher/k3s/server/cred/scheduler.kubeconfig --bind-address=127.0.0.1 --kubeconfig=/var/lib/rancher/k3s/server/cred/scheduler.kubeconfig --leader-elect=false --profiling=false --secure-port=10259
2025-01-29 00:57:42,732 INFO c.h.h.t.OperatorHelmChartContainer - [K3S] [registry.go:256] calling componentGlobalsRegistry.AddFlags more than once, the registry will be set by the latest flags
2025-01-29 00:57:42,733 INFO c.h.h.t.OperatorHelmChartContainer - [K3S] [INFO] Waiting for API server to become available
2025-01-29 00:57:42,737 INFO c.h.h.t.OperatorHelmChartContainer - [K3S] [INFO] Running kube-controller-manager --allocate-node-cidrs=true --authentication-kubeconfig=/var/lib/rancher/k3s/server/cred/controller.kubeconfig --authorization-kubeconfig=/var/lib/rancher/k3s/server/cred/controller.kubeconfig --bind-address=127.0.0.1 --cluster-cidr=10.42.0.0/16 --cluster-signing-kube-apiserver-client-cert-file=/var/lib/rancher/k3s/server/tls/client-ca.nochain.crt --cluster-signing-kube-apiserver-client-key-file=/var/lib/rancher/k3s/server/tls/client-ca.key --cluster-signing-kubelet-client-cert-file=/var/lib/rancher/k3s/server/tls/client-ca.nochain.crt --cluster-signing-kubelet-client-key-file=/var/lib/rancher/k3s/server/tls/client-ca.key --cluster-signing-kubelet-serving-cert-file=/var/lib/rancher/k3s/server/tls/server-ca.nochain.crt --cluster-signing-kubelet-serving-key-file=/var/lib/rancher/k3s/server/tls/server-ca.key --cluster-signing-legacy-unknown-cert-file=/var/lib/rancher/k3s/server/tls/server-ca.nochain.crt --cluster-signing-legacy-unknown-key-file=/var/lib/rancher/k3s/server/tls/server-ca.key --configure-cloud-routes=false --controllers=*,tokencleaner,-service,-route,-cloud-node-lifecycle --kubeconfig=/var/lib/rancher/k3s/server/cred/controller.kubeconfig --leader-elect=false --profiling=false --root-ca-file=/var/lib/rancher/k3s/server/tls/server-ca.crt --secure-port=10257 --service-account-private-key-file=/var/lib/rancher/k3s/server/tls/service.current.key --service-cluster-ip-range=10.43.0.0/16 --use-service-account-credentials=true
2025-01-29 00:57:42,737 INFO c.h.h.t.OperatorHelmChartContainer - [K3S] [options.go:299] unable to set WatchListClient feature gate, err: cannot override default for feature "WatchListClient": gates already added to a flag set
2025-01-29 00:57:42,737 INFO c.h.h.t.OperatorHelmChartContainer - [K3S] [registry.go:256] calling componentGlobalsRegistry.AddFlags more than once, the registry will be set by the latest flags
2025-01-29 00:57:42,738 INFO c.h.h.t.OperatorHelmChartContainer - [K3S] [INFO] Running cloud-controller-manager --allocate-node-cidrs=true --authentication-kubeconfig=/var/lib/rancher/k3s/server/cred/cloud-controller.kubeconfig --authorization-kubeconfig=/var/lib/rancher/k3s/server/cred/cloud-controller.kubeconfig --bind-address=127.0.0.1 --cloud-config=/var/lib/rancher/k3s/server/etc/cloud-config.yaml --cloud-provider=k3s --cluster-cidr=10.42.0.0/16 --configure-cloud-routes=false --controllers=*,-route --kubeconfig=/var/lib/rancher/k3s/server/cred/cloud-controller.kubeconfig --leader-elect=false --leader-elect-resource-name=k3s-cloud-controller-manager --node-status-update-frequency=1m0s --profiling=false
2025-01-29 00:57:42,741 INFO c.h.h.t.OperatorHelmChartContainer - [K3S] [INFO] Server node token is available at /var/lib/rancher/k3s/server/token
2025-01-29 00:57:42,742 INFO c.h.h.t.OperatorHelmChartContainer - [K3S] [INFO] To join server node to cluster: k3s server -s https://172.17.0.3:6443 -t ${SERVER_NODE_TOKEN}
2025-01-29 00:57:42,742 INFO c.h.h.t.OperatorHelmChartContainer - [K3S] [INFO] Agent node token is available at /var/lib/rancher/k3s/server/agent-token
2025-01-29 00:57:42,742 INFO c.h.h.t.OperatorHelmChartContainer - [K3S] [INFO] To join agent node to cluster: k3s agent -s https://172.17.0.3:6443 -t ${AGENT_NODE_TOKEN}
2025-01-29 00:57:42,742 INFO c.h.h.t.OperatorHelmChartContainer - [K3S] [INFO] Wrote kubeconfig /etc/rancher/k3s/k3s.yaml
2025-01-29 00:57:42,742 INFO c.h.h.t.OperatorHelmChartContainer - [K3S] [INFO] Run: k3s kubectl
2025-01-29 00:57:42,742 INFO c.h.h.t.OperatorHelmChartContainer - [K3S] [registry.go:256] calling componentGlobalsRegistry.AddFlags more than once, the registry will be set by the latest flags
2025-01-29 00:57:42,742 INFO c.h.h.t.OperatorHelmChartContainer - [K3S] [options.go:238] external host was not specified, using 172.17.0.3
2025-01-29 00:57:42,742 INFO c.h.h.t.OperatorHelmChartContainer - [K3S] [server.go:151] Version: v1.32.1+k3s1
2025-01-29 00:57:42,743 INFO c.h.h.t.OperatorHelmChartContainer - [K3S] [server.go:153] "Golang settings" GOGC="" GOMAXPROCS="" GOTRACEBACK=""
2025-01-29 00:57:42,993 INFO c.h.h.t.OperatorHelmChartContainer - [K3S] [plugins.go:157] Loaded 13 mutating admission controller(s) successfully in the following order: NamespaceLifecycle,LimitRanger,ServiceAccount,NodeRestriction,TaintNodesByCondition,Priority,DefaultTolerationSeconds,DefaultStorageClass,StorageObjectInUseProtection,RuntimeClass,DefaultIngressClass,MutatingAdmissionPolicy,MutatingAdmissionWebhook.
2025-01-29 00:57:42,993 INFO c.h.h.t.OperatorHelmChartContainer - [K3S] [plugins.go:160] Loaded 13 validating admission controller(s) successfully in the following order: LimitRanger,ServiceAccount,PodSecurity,Priority,PersistentVolumeClaimResize,RuntimeClass,CertificateApproval,CertificateSigning,ClusterTrustBundleAttest,CertificateSubjectRestriction,ValidatingAdmissionPolicy,ValidatingAdmissionWebhook,ResourceQuota.
2025-01-29 00:57:42,993 INFO c.h.h.t.OperatorHelmChartContainer - [K3S] [instance.go:233] Using reconciler: lease
2025-01-29 00:57:43,052 INFO c.h.h.t.OperatorHelmChartContainer - [K3S] [apis.go:106] API group "internal.apiserver.k8s.io" is not enabled, skipping.
2025-01-29 00:57:43,100 INFO c.h.h.t.OperatorHelmChartContainer - [K3S] [apis.go:106] API group "storagemigration.k8s.io" is not enabled, skipping.
2025-01-29 00:57:43,124 INFO c.h.h.t.OperatorHelmChartContainer - [K3S] [apis.go:106] API group "resource.k8s.io" is not enabled, skipping.
2025-01-29 00:57:43,334 INFO c.h.h.t.OperatorHelmChartContainer - [K3S] [INFO] Password verified locally for node 9dc6fffc3783
2025-01-29 00:57:43,473 INFO c.h.h.t.OperatorHelmChartContainer - [K3S] [secure_serving.go:213] Serving securely on 127.0.0.1:6444
2025-01-29 00:57:43,479 INFO c.h.h.t.OperatorHelmChartContainer - [K3S] [dynamic_cafile_content.go:161] "Starting controller" name="request-header::/var/lib/rancher/k3s/server/tls/request-header-ca.crt"
2025-01-29 00:57:43,479 INFO c.h.h.t.OperatorHelmChartContainer - [K3S] [dynamic_serving_content.go:135] "Starting controller" name="serving-cert::/var/lib/rancher/k3s/server/tls/serving-kube-apiserver.crt::/var/lib/rancher/k3s/server/tls/serving-kube-apiserver.key"
2025-01-29 00:57:43,479 INFO c.h.h.t.OperatorHelmChartContainer - [K3S] [tlsconfig.go:243] "Starting DynamicServingCertificateController"
2025-01-29 00:57:43,480 INFO c.h.h.t.OperatorHelmChartContainer - [K3S] [system_namespaces_controller.go:66] Starting system namespaces controller
2025-01-29 00:57:43,480 INFO c.h.h.t.OperatorHelmChartContainer - [K3S] [customresource_discovery_controller.go:292] Starting DiscoveryController
2025-01-29 00:57:43,480 INFO c.h.h.t.OperatorHelmChartContainer - [K3S] [controller.go:119] Starting legacy_token_tracking_controller
2025-01-29 00:57:43,480 INFO c.h.h.t.OperatorHelmChartContainer - [K3S] [controller.go:80] Starting OpenAPI V3 AggregationController
2025-01-29 00:57:43,480 INFO c.h.h.t.OperatorHelmChartContainer - [K3S] [controller.go:78] Starting OpenAPI AggregationController
2025-01-29 00:57:43,480 INFO c.h.h.t.OperatorHelmChartContainer - [K3S] [cluster_authentication_trust_controller.go:462] Starting cluster_authentication_trust_controller controller
2025-01-29 00:57:43,480 INFO c.h.h.t.OperatorHelmChartContainer - [K3S] [local_available_controller.go:156] Starting LocalAvailability controller
2025-01-29 00:57:43,480 INFO c.h.h.t.OperatorHelmChartContainer - [K3S] [remote_available_controller.go:411] Starting RemoteAvailability controller
2025-01-29 00:57:43,480 INFO c.h.h.t.OperatorHelmChartContainer - [K3S] [aggregator.go:169] waiting for initial CRD sync...
2025-01-29 00:57:43,480 INFO c.h.h.t.OperatorHelmChartContainer - [K3S] [dynamic_serving_content.go:135] "Starting controller" name="aggregator-proxy-cert::/var/lib/rancher/k3s/server/tls/client-auth-proxy.crt::/var/lib/rancher/k3s/server/tls/client-auth-proxy.key"
2025-01-29 00:57:43,481 INFO c.h.h.t.OperatorHelmChartContainer - [K3S] [gc_controller.go:78] Starting apiserver lease garbage collector
2025-01-29 00:57:43,481 INFO c.h.h.t.OperatorHelmChartContainer - [K3S] [apf_controller.go:377] Starting API Priority and Fairness config controller
2025-01-29 00:57:43,489 INFO c.h.h.t.OperatorHelmChartContainer - [K3S] [apiservice_controller.go:100] Starting APIServiceRegistrationController
2025-01-29 00:57:43,489 INFO c.h.h.t.OperatorHelmChartContainer - [K3S] [dynamic_cafile_content.go:161] "Starting controller" name="client-ca-bundle::/var/lib/rancher/k3s/server/tls/client-ca.crt"
2025-01-29 00:57:43,499 INFO c.h.h.t.OperatorHelmChartContainer - [K3S] [controller.go:142] Starting OpenAPI controller
2025-01-29 00:57:43,500 INFO c.h.h.t.OperatorHelmChartContainer - [K3S] [controller.go:90] Starting OpenAPI V3 controller
2025-01-29 00:57:43,500 INFO c.h.h.t.OperatorHelmChartContainer - [K3S] [naming_controller.go:294] Starting NamingConditionController
2025-01-29 00:57:43,501 INFO c.h.h.t.OperatorHelmChartContainer - [K3S] [establishing_controller.go:81] Starting EstablishingController
2025-01-29 00:57:43,502 INFO c.h.h.t.OperatorHelmChartContainer - [K3S] [nonstructuralschema_controller.go:195] Starting NonStructuralSchemaConditionController
2025-01-29 00:57:43,502 INFO c.h.h.t.OperatorHelmChartContainer - [K3S] [apiapproval_controller.go:189] Starting KubernetesAPIApprovalPolicyConformantConditionController
2025-01-29 00:57:43,503 INFO c.h.h.t.OperatorHelmChartContainer - [K3S] [crd_finalizer.go:269] Starting CRDFinalizer
2025-01-29 00:57:43,507 INFO c.h.h.t.OperatorHelmChartContainer - [K3S] [dynamic_cafile_content.go:161] "Starting controller" name="client-ca-bundle::/var/lib/rancher/k3s/server/tls/client-ca.crt"
2025-01-29 00:57:43,507 INFO c.h.h.t.OperatorHelmChartContainer - [K3S] [dynamic_cafile_content.go:161] "Starting controller" name="request-header::/var/lib/rancher/k3s/server/tls/request-header-ca.crt"
2025-01-29 00:57:43,507 INFO c.h.h.t.OperatorHelmChartContainer - [K3S] [crdregistration_controller.go:114] Starting crd-autoregister controller
2025-01-29 00:57:43,570 INFO c.h.h.t.OperatorHelmChartContainer - [K3S] [controller.go:145] "Failed to ensure lease exists, will retry" err="namespaces \"kube-system\" not found" interval="200ms"
2025-01-29 00:57:43,577 INFO c.h.h.t.OperatorHelmChartContainer - [K3S] [apf_controller.go:382] Running API Priority and Fairness config worker
2025-01-29 00:57:43,577 INFO c.h.h.t.OperatorHelmChartContainer - [K3S] [apf_controller.go:385] Running API Priority and Fairness periodic rebalancing process
2025-01-29 00:57:43,587 INFO c.h.h.t.OperatorHelmChartContainer - [K3S] [handler_discovery.go:451] Starting ResourceDiscoveryManager
2025-01-29 00:57:43,589 INFO c.h.h.t.OperatorHelmChartContainer - [K3S] [policy_source.go:240] refreshing policies
2025-01-29 00:57:43,610 INFO c.h.h.t.OperatorHelmChartContainer - [K3S] [aggregator.go:171] initial CRD sync complete...
2025-01-29 00:57:43,610 INFO c.h.h.t.OperatorHelmChartContainer - [K3S] [autoregister_controller.go:144] Starting autoregister controller
2025-01-29 00:57:43,632 INFO c.h.h.t.OperatorHelmChartContainer - [K3S] [controller.go:95] Unable to perform initial Kubernetes service initialization: namespaces "default" not found
2025-01-29 00:57:43,632 INFO c.h.h.t.OperatorHelmChartContainer - [K3S] [controller.go:148] "Unhandled Error" err="while syncing ConfigMap \"kube-system/kube-apiserver-legacy-service-account-token-tracking\", err: namespaces \"kube-system\" not found" logger="UnhandledError"
2025-01-29 00:57:43,838 INFO c.h.h.t.OperatorHelmChartContainer - [K3S] [INFO] Module overlay was already loaded
2025-01-29 00:57:43,838 INFO c.h.h.t.OperatorHelmChartContainer - [K3S] [INFO] Module nf_conntrack was already loaded
2025-01-29 00:57:43,838 INFO c.h.h.t.OperatorHelmChartContainer - [K3S] [INFO] Module br_netfilter was already loaded
2025-01-29 00:57:43,844 INFO c.h.h.t.OperatorHelmChartContainer - [K3S] [INFO] Set sysctl 'net/netfilter/nf_conntrack_tcp_timeout_established' to 86400
2025-01-29 00:57:43,844 INFO c.h.h.t.OperatorHelmChartContainer - [K3S] [INFO] Set sysctl 'net/netfilter/nf_conntrack_tcp_timeout_close_wait' to 3600
2025-01-29 00:57:43,844 INFO c.h.h.t.OperatorHelmChartContainer - [K3S] [INFO] Set sysctl 'net/netfilter/nf_conntrack_max' to 131072
2025-01-29 00:57:43,846 INFO c.h.h.t.OperatorHelmChartContainer - [K3S] [INFO] Logging containerd to /var/lib/rancher/k3s/agent/containerd/containerd.log
2025-01-29 00:57:43,847 INFO c.h.h.t.OperatorHelmChartContainer - [K3S] [INFO] Running containerd -c /var/lib/rancher/k3s/agent/etc/containerd/config.toml -a /run/k3s/containerd/containerd.sock --state /run/k3s/containerd --root /var/lib/rancher/k3s/agent/containerd
2025-01-29 00:57:44,480 INFO c.h.h.t.OperatorHelmChartContainer - [K3S] [storage_scheduling.go:95] created PriorityClass system-node-critical with value 2000001000
2025-01-29 00:57:44,482 INFO c.h.h.t.OperatorHelmChartContainer - [K3S] [storage_scheduling.go:95] created PriorityClass system-cluster-critical with value 2000000000
2025-01-29 00:57:44,482 INFO c.h.h.t.OperatorHelmChartContainer - [K3S] [storage_scheduling.go:111] all system priority classes are created successfully or already exist.
2025-01-29 00:57:44,851 INFO c.h.h.t.OperatorHelmChartContainer - [K3S] [INFO] containerd is now running
2025-01-29 00:57:44,855 INFO c.h.h.t.OperatorHelmChartContainer - [K3S] [INFO] Connecting to proxy" url="wss://127.0.0.1:6443/v1-k3s/connect
2025-01-29 00:57:44,856 INFO c.h.h.t.OperatorHelmChartContainer - [K3S] [INFO] Creating k3s-cert-monitor event broadcaster
2025-01-29 00:57:44,858 INFO c.h.h.t.OperatorHelmChartContainer - [K3S] [INFO] Running kubelet --cloud-provider=external --config-dir=/var/lib/rancher/k3s/agent/etc/kubelet.conf.d --containerd=/run/k3s/containerd/containerd.sock --hostname-override=9dc6fffc3783 --kubeconfig=/var/lib/rancher/k3s/agent/kubelet.kubeconfig --node-ip=172.17.0.3 --node-labels=
2025-01-29 00:57:44,862 INFO c.h.h.t.OperatorHelmChartContainer - [K3S] [INFO] Handling backend connection request [9dc6fffc3783]
2025-01-29 00:57:44,862 INFO c.h.h.t.OperatorHelmChartContainer - [K3S] [INFO] Remotedialer connected to proxy" url="wss://127.0.0.1:6443/v1-k3s/connect
2025-01-29 00:57:44,864 INFO c.h.h.t.OperatorHelmChartContainer - [K3S] Flag --containerd has been deprecated, This is a cadvisor flag that was mistakenly registered with the Kubelet. Due to legacy concerns, it will follow the standard CLI deprecation timeline before being removed.
2025-01-29 00:57:44,868 INFO c.h.h.t.OperatorHelmChartContainer - [K3S] [server.go:515] "Kubelet version" kubeletVersion="v1.32.1+k3s1"
2025-01-29 00:57:44,868 INFO c.h.h.t.OperatorHelmChartContainer - [K3S] [server.go:517] "Golang settings" GOGC="" GOMAXPROCS="" GOTRACEBACK=""
2025-01-29 00:57:44,870 INFO c.h.h.t.OperatorHelmChartContainer - [K3S] [dynamic_cafile_content.go:161] "Starting controller" name="client-ca-bundle::/var/lib/rancher/k3s/agent/client-ca.crt"
2025-01-29 00:57:44,873 INFO c.h.h.t.OperatorHelmChartContainer - [K3S] [log.go:32] "RuntimeConfig from runtime service failed" err="rpc error: code = Unimplemented desc = method RuntimeConfig not implemented"
2025-01-29 00:57:44,873 INFO c.h.h.t.OperatorHelmChartContainer - [K3S] [server.go:1416] "CRI implementation should be updated to support RuntimeConfig when KubeletCgroupDriverFromCRI feature gate has been enabled. Falling back to using cgroupDriver from kubelet config."
2025-01-29 00:57:44,877 INFO c.h.h.t.OperatorHelmChartContainer - [K3S] [info.go:53] Couldn't collect info from any of the files in "/etc/machine-id,/var/lib/dbus/machine-id"
2025-01-29 00:57:44,878 INFO c.h.h.t.OperatorHelmChartContainer - [K3S] [server.go:767] "--cgroups-per-qos enabled, but --cgroup-root was not specified.  defaulting to /"
2025-01-29 00:57:44,878 INFO c.h.h.t.OperatorHelmChartContainer - [K3S] [server.go:836] "NoSwap is set due to memorySwapBehavior not specified" memorySwapBehavior="" FailSwapOn=false
2025-01-29 00:57:44,878 INFO c.h.h.t.OperatorHelmChartContainer - [K3S] [swap_util.go:115] "Swap is on" /proc/swaps contents=<
2025-01-29 00:57:44,878 INFO c.h.h.t.OperatorHelmChartContainer - [K3S] 	Filename				Type		Size		Used		Priority
2025-01-29 00:57:44,878 INFO c.h.h.t.OperatorHelmChartContainer - [K3S] 	/mnt/swapfile                           file		4194300		0		-2
2025-01-29 00:57:44,878 INFO c.h.h.t.OperatorHelmChartContainer - [K3S]  >
2025-01-29 00:57:44,879 INFO c.h.h.t.OperatorHelmChartContainer - [K3S] [container_manager_linux.go:268] "Container manager verified user specified cgroup-root exists" cgroupRoot=[]
2025-01-29 00:57:44,880 INFO c.h.h.t.OperatorHelmChartContainer - [K3S] [container_manager_linux.go:273] "Creating Container Manager object based on Node Config" nodeConfig={"NodeName":"9dc6fffc3783","RuntimeCgroupsName":"","SystemCgroupsName":"","KubeletCgroupsName":"/k3s","KubeletOOMScoreAdj":-999,"ContainerRuntime":"","CgroupsPerQOS":true,"CgroupRoot":"/","CgroupDriver":"cgroupfs","KubeletRootDir":"/var/lib/kubelet","ProtectKernelDefaults":false,"KubeReservedCgroupName":"","SystemReservedCgroupName":"","ReservedSystemCPUs":{},"EnforceNodeAllocatable":{"pods":{}},"KubeReserved":null,"SystemReserved":null,"HardEvictionThresholds":[{"Signal":"imagefs.available","Operator":"LessThan","Value":{"Quantity":null,"Percentage":0.05},"GracePeriod":0,"MinReclaim":null},{"Signal":"nodefs.available","Operator":"LessThan","Value":{"Quantity":null,"Percentage":0.05},"GracePeriod":0,"MinReclaim":null}],"QOSReserved":{},"CPUManagerPolicy":"none","CPUManagerPolicyOptions":null,"TopologyManagerScope":"container","CPUManagerReconcilePeriod":10000000000,"ExperimentalMemoryManagerPolicy":"None","ExperimentalMemoryManagerReservedMemory":null,"PodPidsLimit":-1,"EnforceCPULimits":true,"CPUCFSQuotaPeriod":100000000,"TopologyManagerPolicy":"none","TopologyManagerPolicyOptions":null,"CgroupVersion":2}
2025-01-29 00:57:44,880 INFO c.h.h.t.OperatorHelmChartContainer - [K3S] [topology_manager.go:138] "Creating topology manager with none policy"
2025-01-29 00:57:44,880 INFO c.h.h.t.OperatorHelmChartContainer - [K3S] [container_manager_linux.go:304] "Creating device plugin manager"
2025-01-29 00:57:44,880 INFO c.h.h.t.OperatorHelmChartContainer - [K3S] [state_mem.go:36] "Initialized new in-memory state store"
2025-01-29 00:57:44,881 INFO c.h.h.t.OperatorHelmChartContainer - [K3S] [kubelet.go:446] "Attempting to sync node with API server"
2025-01-29 00:57:44,881 INFO c.h.h.t.OperatorHelmChartContainer - [K3S] [kubelet.go:341] "Adding static pod path" path="/var/lib/rancher/k3s/agent/pod-manifests"
2025-01-29 00:57:44,881 INFO c.h.h.t.OperatorHelmChartContainer - [K3S] [kubelet.go:352] "Adding apiserver pod source"
2025-01-29 00:57:44,881 INFO c.h.h.t.OperatorHelmChartContainer - [K3S] [apiserver.go:42] "Waiting for node sync before watching apiserver pods"
2025-01-29 00:57:44,882 INFO c.h.h.t.OperatorHelmChartContainer - [K3S] [kuberuntime_manager.go:269] "Container runtime initialized" containerRuntime="containerd" version="v1.7.23-k3s2" apiVersion="v1"
2025-01-29 00:57:44,883 INFO c.h.h.t.OperatorHelmChartContainer - [K3S] [kubelet.go:890] "Not starting ClusterTrustBundle informer because we are in static kubelet mode"
2025-01-29 00:57:44,884 INFO c.h.h.t.OperatorHelmChartContainer - [K3S] [probe.go:272] Flexvolume plugin directory at /usr/libexec/kubernetes/kubelet-plugins/volume/exec/ does not exist. Recreating.
2025-01-29 00:57:44,884 INFO c.h.h.t.OperatorHelmChartContainer - [K3S] [watchdog_linux.go:99] "Systemd watchdog is not enabled"
2025-01-29 00:57:44,884 INFO c.h.h.t.OperatorHelmChartContainer - [K3S] [server.go:1282] "Started kubelet"
2025-01-29 00:57:44,886 INFO c.h.h.t.OperatorHelmChartContainer - [K3S] [ratelimit.go:55] "Setting rate limiting for endpoint" service="podresources" qps=100 burstTokens=10
2025-01-29 00:57:44,890 INFO c.h.h.t.OperatorHelmChartContainer - [K3S] [server.go:243] "Starting to serve the podresources API" endpoint="unix:/var/lib/kubelet/pod-resources/kubelet.sock"
2025-01-29 00:57:44,890 INFO c.h.h.t.OperatorHelmChartContainer - [K3S] [server.go:169] "Starting to listen" address="0.0.0.0" port=10250
2025-01-29 00:57:44,890 INFO c.h.h.t.OperatorHelmChartContainer - [K3S] [server.go:490] "Adding debug handlers to kubelet server"
2025-01-29 00:57:44,890 INFO c.h.h.t.OperatorHelmChartContainer - [K3S] [server.go:208] "Starting to listen read-only" address="0.0.0.0" port=10255
2025-01-29 00:57:44,890 INFO c.h.h.t.OperatorHelmChartContainer - [K3S] [fs_resource_analyzer.go:67] "Starting FS ResourceAnalyzer"
2025-01-29 00:57:44,896 INFO c.h.h.t.OperatorHelmChartContainer - [K3S] [kubelet.go:1561] "Image garbage collection failed once. Stats initialization may not have completed yet" err="invalid capacity 0 on image filesystem"
2025-01-29 00:57:44,896 INFO c.h.h.t.OperatorHelmChartContainer - [K3S] [dynamic_serving_content.go:135] "Starting controller" name="kubelet-server-cert-files::/var/lib/rancher/k3s/agent/serving-kubelet.crt::/var/lib/rancher/k3s/agent/serving-kubelet.key"
2025-01-29 00:57:44,898 INFO c.h.h.t.OperatorHelmChartContainer - [K3S] [kubelet_node_status.go:467] "Error getting the current node from lister" err="node \"9dc6fffc3783\" not found"
2025-01-29 00:57:44,901 INFO c.h.h.t.OperatorHelmChartContainer - [K3S] [volume_manager.go:297] "Starting Kubelet Volume Manager"
2025-01-29 00:57:44,901 INFO c.h.h.t.OperatorHelmChartContainer - [K3S] [desired_state_of_world_populator.go:149] "Desired state populator starts to run"
2025-01-29 00:57:44,901 INFO c.h.h.t.OperatorHelmChartContainer - [K3S] [reconciler.go:26] "Reconciler: start to sync state"
2025-01-29 00:57:44,902 INFO c.h.h.t.OperatorHelmChartContainer - [K3S] [factory.go:219] Registration of the crio container factory failed: Get "http://%2Fvar%2Frun%2Fcrio%2Fcrio.sock/info": dial unix /var/run/crio/crio.sock: connect: no such file or directory
2025-01-29 00:57:44,905 INFO c.h.h.t.OperatorHelmChartContainer - [K3S] [factory.go:221] Registration of the containerd container factory successfully
2025-01-29 00:57:44,905 INFO c.h.h.t.OperatorHelmChartContainer - [K3S] [factory.go:221] Registration of the systemd container factory successfully
2025-01-29 00:57:44,909 INFO c.h.h.t.OperatorHelmChartContainer - [K3S] [nodelease.go:49] "Failed to get node when trying to set owner ref to the node lease" err="nodes \"9dc6fffc3783\" not found" node="9dc6fffc3783"
2025-01-29 00:57:44,915 INFO c.h.h.t.OperatorHelmChartContainer - [K3S] [kubelet_network_linux.go:50] "Initialized iptables rules." protocol="IPv4"
2025-01-29 00:57:44,916 INFO c.h.h.t.OperatorHelmChartContainer - [K3S] [kubelet_network_linux.go:50] "Initialized iptables rules." protocol="IPv6"
2025-01-29 00:57:44,916 INFO c.h.h.t.OperatorHelmChartContainer - [K3S] [status_manager.go:227] "Starting to sync pod status with apiserver"
2025-01-29 00:57:44,916 INFO c.h.h.t.OperatorHelmChartContainer - [K3S] [watchdog_linux.go:127] "Systemd watchdog is not enabled or the interval is invalid, so health checking will not be started."
2025-01-29 00:57:44,917 INFO c.h.h.t.OperatorHelmChartContainer - [K3S] [kubelet.go:2388] "Starting kubelet main sync loop"
2025-01-29 00:57:44,917 INFO c.h.h.t.OperatorHelmChartContainer - [K3S] [kubelet.go:2412] "Skipping pod synchronization" err="[container runtime status check may not have completed yet, PLEG is not healthy: pleg has yet to be successful]"
2025-01-29 00:57:44,930 INFO c.h.h.t.OperatorHelmChartContainer - [K3S] [cpu_manager.go:221] "Starting CPU manager" policy="none"
2025-01-29 00:57:44,930 INFO c.h.h.t.OperatorHelmChartContainer - [K3S] [cpu_manager.go:222] "Reconciling" reconcilePeriod="10s"
2025-01-29 00:57:44,930 INFO c.h.h.t.OperatorHelmChartContainer - [K3S] [state_mem.go:36] "Initialized new in-memory state store"
2025-01-29 00:57:44,931 INFO c.h.h.t.OperatorHelmChartContainer - [K3S] [policy_none.go:49] "None policy: Start"
2025-01-29 00:57:44,932 INFO c.h.h.t.OperatorHelmChartContainer - [K3S] [memory_manager.go:186] "Starting memorymanager" policy="None"
2025-01-29 00:57:44,932 INFO c.h.h.t.OperatorHelmChartContainer - [K3S] [state_mem.go:35] "Initializing new in-memory state store"
2025-01-29 00:57:44,935 INFO c.h.h.t.OperatorHelmChartContainer - [K3S] [manager.go:519] "Failed to read data from checkpoint" checkpoint="kubelet_internal_checkpoint" err="checkpoint is not found"
2025-01-29 00:57:44,935 INFO c.h.h.t.OperatorHelmChartContainer - [K3S] [eviction_manager.go:189] "Eviction manager: starting control loop"
2025-01-29 00:57:44,935 INFO c.h.h.t.OperatorHelmChartContainer - [K3S] [container_log_manager.go:189] "Initializing container log rotate workers" workers=1 monitorPeriod="10s"
2025-01-29 00:57:44,941 INFO c.h.h.t.OperatorHelmChartContainer - [K3S] [alloc.go:330] "allocated clusterIPs" service="default/kubernetes" clusterIPs={"IPv4":"10.43.0.1"}
2025-01-29 00:57:44,947 INFO c.h.h.t.OperatorHelmChartContainer - [K3S] [plugin_manager.go:118] "Starting Kubelet Plugin Manager"
2025-01-29 00:57:44,949 INFO c.h.h.t.OperatorHelmChartContainer - [K3S] [eviction_manager.go:267] "eviction manager: failed to check if we have separate container filesystem. Ignoring." err="no imagefs label for configured runtime"
2025-01-29 00:57:44,949 INFO c.h.h.t.OperatorHelmChartContainer - [K3S] [lease.go:265] Resetting endpoints for master service "kubernetes" to [172.17.0.3]
2025-01-29 00:57:44,951 INFO c.h.h.t.OperatorHelmChartContainer - [K3S] [eviction_manager.go:292] "Eviction manager: failed to get summary stats" err="failed to get node info: node \"9dc6fffc3783\" not found"
2025-01-29 00:57:44,989 INFO c.h.h.t.OperatorHelmChartContainer - [K3S] [ERROR] Sending HTTP/1.1 503 response to 127.0.0.1:57904: runtime core not ready
2025-01-29 00:57:45,038 INFO c.h.h.t.OperatorHelmChartContainer - [K3S] [kubelet_node_status.go:76] "Attempting to register node" node="9dc6fffc3783"
2025-01-29 00:57:45,045 INFO c.h.h.t.OperatorHelmChartContainer - [K3S] [kubelet_node_status.go:79] "Successfully registered node" node="9dc6fffc3783"
2025-01-29 00:57:45,046 INFO c.h.h.t.OperatorHelmChartContainer - [K3S] [kubelet_node_status.go:549] "Error updating node status, will retry" err="error getting node \"9dc6fffc3783\": node \"9dc6fffc3783\" not found"
2025-01-29 00:57:45,046 INFO c.h.h.t.OperatorHelmChartContainer - [K3S] [kubelet_node_status.go:467] "Error getting the current node from lister" err="node \"9dc6fffc3783\" not found"
2025-01-29 00:57:45,051 INFO c.h.h.t.OperatorHelmChartContainer - [K3S] [INFO] Annotations and labels have been set successfully on node: 9dc6fffc3783
2025-01-29 00:57:45,052 INFO c.h.h.t.OperatorHelmChartContainer - [K3S] [INFO] Starting flannel with backend vxlan
2025-01-29 00:57:45,102 INFO c.h.h.t.OperatorHelmChartContainer - [K3S] [INFO] Running kube-proxy --cluster-cidr=10.42.0.0/16 --conntrack-max-per-core=0 --conntrack-tcp-timeout-close-wait=0s --conntrack-tcp-timeout-established=0s --healthz-bind-address=127.0.0.1 --hostname-override=9dc6fffc3783 --kubeconfig=/var/lib/rancher/k3s/agent/kubeproxy.kubeconfig --proxy-mode=iptables
2025-01-29 00:57:45,141 INFO c.h.h.t.OperatorHelmChartContainer - [K3S] [server.go:698] "Successfully retrieved node IP(s)" IPs=["172.17.0.3"]
2025-01-29 00:57:45,141 INFO c.h.h.t.OperatorHelmChartContainer - [K3S] [server.go:234] "Kube-proxy configuration may be incomplete or incorrect" err="nodePortAddresses is unset; NodePort connections will be accepted on all local IPs. Consider using `--nodeport-addresses primary`"
2025-01-29 00:57:45,143 INFO c.h.h.t.OperatorHelmChartContainer - [K3S] [server.go:243] "kube-proxy running in dual-stack mode" primary ipFamily="IPv4"
2025-01-29 00:57:45,143 INFO c.h.h.t.OperatorHelmChartContainer - [K3S] [server_linux.go:170] "Using iptables Proxier"
2025-01-29 00:57:45,144 INFO c.h.h.t.OperatorHelmChartContainer - [K3S] [proxier.go:255] "Setting route_localnet=1 to allow node-ports on localhost; to change this either disable iptables.localhostNodePorts (--iptables-localhost-nodeports) or set nodePortAddresses (--nodeport-addresses) to filter loopback addresses"
2025-01-29 00:57:45,148 INFO c.h.h.t.OperatorHelmChartContainer - [K3S] [server.go:497] "Version info" version="v1.32.1+k3s1"
2025-01-29 00:57:45,148 INFO c.h.h.t.OperatorHelmChartContainer - [K3S] [server.go:499] "Golang settings" GOGC="" GOMAXPROCS="" GOTRACEBACK=""
2025-01-29 00:57:45,149 INFO c.h.h.t.OperatorHelmChartContainer - [K3S] [config.go:199] "Starting service config controller"
2025-01-29 00:57:45,150 INFO c.h.h.t.OperatorHelmChartContainer - [K3S] [config.go:105] "Starting endpoint slice config controller"
2025-01-29 00:57:45,150 INFO c.h.h.t.OperatorHelmChartContainer - [K3S] [config.go:329] "Starting node config controller"
2025-01-29 00:57:45,249 INFO c.h.h.t.OperatorHelmChartContainer - [K3S] [kubelet_node_status.go:502] "Fast updating node status as it just became ready"
2025-01-29 00:57:45,736 INFO c.h.h.t.OperatorHelmChartContainer - [K3S] [INFO] Waiting for untainted node
2025-01-29 00:57:45,738 INFO c.h.h.t.OperatorHelmChartContainer - [K3S] [INFO] Waiting for cloud-controller-manager privileges to become available
2025-01-29 00:57:45,738 INFO c.h.h.t.OperatorHelmChartContainer - [K3S] [INFO] Kube API server is now running
2025-01-29 00:57:45,738 INFO c.h.h.t.OperatorHelmChartContainer - [K3S] [INFO] ETCD server is now running
2025-01-29 00:57:45,738 INFO c.h.h.t.OperatorHelmChartContainer - [K3S] [INFO] k3s is up and running
2025-01-29 00:57:45,738 INFO c.h.h.t.OperatorHelmChartContainer - [K3S] [INFO] Creating k3s-supervisor event broadcaster
2025-01-29 00:57:45,743 INFO c.h.h.t.OperatorHelmChartContainer - [K3S] [INFO] Applying CRD addons.k3s.cattle.io
2025-01-29 00:57:45,755 INFO c.h.h.t.OperatorHelmChartContainer - [K3S] [INFO] Applying CRD etcdsnapshotfiles.k3s.cattle.io
2025-01-29 00:57:45,774 INFO c.h.h.t.OperatorHelmChartContainer - [K3S] [INFO] Applying CRD helmcharts.helm.cattle.io
2025-01-29 00:57:45,786 INFO c.h.h.t.OperatorHelmChartContainer - [K3S] [INFO] Applying CRD helmchartconfigs.helm.cattle.io
2025-01-29 00:57:45,799 INFO c.h.h.t.OperatorHelmChartContainer - [K3S] [INFO] Waiting for CRD helmcharts.helm.cattle.io to become available
2025-01-29 00:57:45,879 INFO c.h.h.t.OperatorHelmChartContainer - [K3S] [apiserver.go:52] "Watching apiserver"
2025-01-29 00:57:45,901 INFO c.h.h.t.OperatorHelmChartContainer - [K3S] [desired_state_of_world_populator.go:157] "Finished populating initial desired state of world"
2025-01-29 00:57:46,043 INFO c.h.h.t.OperatorHelmChartContainer - [K3S] [serving.go:392] Generated self-signed cert in-memory
2025-01-29 00:57:46,196 INFO c.h.h.t.OperatorHelmChartContainer - [K3S] [controllermanager.go:185] "Starting" version="v1.32.1+k3s1"
2025-01-29 00:57:46,196 INFO c.h.h.t.OperatorHelmChartContainer - [K3S] [controllermanager.go:187] "Golang settings" GOGC="" GOMAXPROCS="" GOTRACEBACK=""
2025-01-29 00:57:46,199 INFO c.h.h.t.OperatorHelmChartContainer - [K3S] [configmap_cafile_content.go:205] "Starting controller" name="client-ca::kube-system::extension-apiserver-authentication::client-ca-file"
2025-01-29 00:57:46,199 INFO c.h.h.t.OperatorHelmChartContainer - [K3S] [configmap_cafile_content.go:205] "Starting controller" name="client-ca::kube-system::extension-apiserver-authentication::requestheader-client-ca-file"
2025-01-29 00:57:46,199 INFO c.h.h.t.OperatorHelmChartContainer - [K3S] [requestheader_controller.go:180] Starting RequestHeaderAuthRequestController
2025-01-29 00:57:46,199 INFO c.h.h.t.OperatorHelmChartContainer - [K3S] [secure_serving.go:213] Serving securely on 127.0.0.1:10257
2025-01-29 00:57:46,199 INFO c.h.h.t.OperatorHelmChartContainer - [K3S] [tlsconfig.go:243] "Starting DynamicServingCertificateController"
2025-01-29 00:57:46,202 INFO c.h.h.t.OperatorHelmChartContainer - [K3S] [controllermanager.go:765] "Started controller" controller="serviceaccount-token-controller"
2025-01-29 00:57:46,212 INFO c.h.h.t.OperatorHelmChartContainer - [K3S] [graph_builder.go:351] "Running" component="GraphBuilder"
2025-01-29 00:57:46,212 INFO c.h.h.t.OperatorHelmChartContainer - [K3S] [controllermanager.go:765] "Started controller" controller="garbage-collector-controller"
2025-01-29 00:57:46,218 INFO c.h.h.t.OperatorHelmChartContainer - [K3S] [controllermanager.go:765] "Started controller" controller="certificatesigningrequest-approving-controller"
2025-01-29 00:57:46,218 INFO c.h.h.t.OperatorHelmChartContainer - [K3S] [controllermanager.go:723] "Skipping a cloud provider controller" controller="service-lb-controller"
2025-01-29 00:57:46,218 INFO c.h.h.t.OperatorHelmChartContainer - [K3S] [certificate_controller.go:120] "Starting certificate controller" name="csrapproving"
2025-01-29 00:57:46,223 INFO c.h.h.t.OperatorHelmChartContainer - [K3S] [controllermanager.go:765] "Started controller" controller="persistentvolume-protection-controller"
2025-01-29 00:57:46,224 INFO c.h.h.t.OperatorHelmChartContainer - [K3S] [controllermanager.go:717] "Controller is disabled by a feature gate" controller="storageversion-garbage-collector-controller" requiredFeatureGates=["APIServerIdentity","StorageVersionAPI"]
2025-01-29 00:57:46,224 INFO c.h.h.t.OperatorHelmChartContainer - [K3S] [pv_protection_controller.go:81] "Starting PV protection controller"
2025-01-29 00:57:46,229 INFO c.h.h.t.OperatorHelmChartContainer - [K3S] [controllermanager.go:765] "Started controller" controller="replicationcontroller-controller"
2025-01-29 00:57:46,229 INFO c.h.h.t.OperatorHelmChartContainer - [K3S] [replica_set.go:217] "Starting controller" name="replicationcontroller"
2025-01-29 00:57:46,234 INFO c.h.h.t.OperatorHelmChartContainer - [K3S] [node_lifecycle_controller.go:432] "Controller will reconcile labels"
2025-01-29 00:57:46,234 INFO c.h.h.t.OperatorHelmChartContainer - [K3S] [controllermanager.go:765] "Started controller" controller="node-lifecycle-controller"
2025-01-29 00:57:46,234 INFO c.h.h.t.OperatorHelmChartContainer - [K3S] [node_lifecycle_controller.go:466] "Sending events to api server"
2025-01-29 00:57:46,234 INFO c.h.h.t.OperatorHelmChartContainer - [K3S] [node_lifecycle_controller.go:477] "Starting node controller"
2025-01-29 00:57:46,239 INFO c.h.h.t.OperatorHelmChartContainer - [K3S] [controllermanager.go:765] "Started controller" controller="legacy-serviceaccount-token-cleaner-controller"
2025-01-29 00:57:46,239 INFO c.h.h.t.OperatorHelmChartContainer - [K3S] [controllermanager.go:717] "Controller is disabled by a feature gate" controller="service-cidr-controller" requiredFeatureGates=["MultiCIDRServiceAllocator"]
2025-01-29 00:57:46,240 INFO c.h.h.t.OperatorHelmChartContainer - [K3S] [legacy_serviceaccount_token_cleaner.go:103] "Starting legacy service account token cleaner controller"
2025-01-29 00:57:46,245 INFO c.h.h.t.OperatorHelmChartContainer - [K3S] [controllermanager.go:765] "Started controller" controller="persistentvolume-attach-detach-controller"
2025-01-29 00:57:46,245 INFO c.h.h.t.OperatorHelmChartContainer - [K3S] [controllermanager.go:717] "Controller is disabled by a feature gate" controller="resourceclaim-controller" requiredFeatureGates=["DynamicResourceAllocation"]
2025-01-29 00:57:46,245 INFO c.h.h.t.OperatorHelmChartContainer - [K3S] [attach_detach_controller.go:338] "Starting attach detach controller"
2025-01-29 00:57:46,250 INFO c.h.h.t.OperatorHelmChartContainer - [K3S] [controllermanager.go:765] "Started controller" controller="job-controller"
2025-01-29 00:57:46,250 INFO c.h.h.t.OperatorHelmChartContainer - [K3S] [job_controller.go:243] "Starting job controller"
2025-01-29 00:57:46,255 INFO c.h.h.t.OperatorHelmChartContainer - [K3S] [controllermanager.go:765] "Started controller" controller="deployment-controller"
2025-01-29 00:57:46,255 INFO c.h.h.t.OperatorHelmChartContainer - [K3S] [deployment_controller.go:173] "Starting controller" controller="deployment"
2025-01-29 00:57:46,303 INFO c.h.h.t.OperatorHelmChartContainer - [K3S] [INFO] Done waiting for CRD helmcharts.helm.cattle.io to become available
2025-01-29 00:57:46,303 INFO c.h.h.t.OperatorHelmChartContainer - [K3S] [INFO] Waiting for CRD helmchartconfigs.helm.cattle.io to become available
2025-01-29 00:57:46,405 INFO c.h.h.t.OperatorHelmChartContainer - [K3S] [controllermanager.go:765] "Started controller" controller="ttl-controller"
2025-01-29 00:57:46,405 INFO c.h.h.t.OperatorHelmChartContainer - [K3S] [ttl_controller.go:127] "Starting TTL controller"
2025-01-29 00:57:46,555 INFO c.h.h.t.OperatorHelmChartContainer - [K3S] [controllermanager.go:765] "Started controller" controller="token-cleaner-controller"
2025-01-29 00:57:46,555 INFO c.h.h.t.OperatorHelmChartContainer - [K3S] [tokencleaner.go:117] "Starting token cleaner controller"
2025-01-29 00:57:46,704 INFO c.h.h.t.OperatorHelmChartContainer - [K3S] [controllermanager.go:765] "Started controller" controller="persistentvolume-expander-controller"
2025-01-29 00:57:46,705 INFO c.h.h.t.OperatorHelmChartContainer - [K3S] [expand_controller.go:329] "Starting expand controller"
2025-01-29 00:57:46,806 INFO c.h.h.t.OperatorHelmChartContainer - [K3S] [INFO] Done waiting for CRD helmchartconfigs.helm.cattle.io to become available
2025-01-29 00:57:46,806 INFO c.h.h.t.OperatorHelmChartContainer - [K3S] [INFO] Writing static file: /var/lib/rancher/k3s/server/static/charts/traefik-27.0.201+up27.0.2.tgz
2025-01-29 00:57:46,807 INFO c.h.h.t.OperatorHelmChartContainer - [K3S] [INFO] Writing static file: /var/lib/rancher/k3s/server/static/charts/traefik-crd-27.0.201+up27.0.2.tgz
2025-01-29 00:57:46,807 INFO c.h.h.t.OperatorHelmChartContainer - [K3S] [INFO] Writing manifest: /var/lib/rancher/k3s/server/manifests/metrics-server/aggregated-metrics-reader.yaml
2025-01-29 00:57:46,807 INFO c.h.h.t.OperatorHelmChartContainer - [K3S] [INFO] Writing manifest: /var/lib/rancher/k3s/server/manifests/metrics-server/auth-delegator.yaml
2025-01-29 00:57:46,807 INFO c.h.h.t.OperatorHelmChartContainer - [K3S] [INFO] Writing manifest: /var/lib/rancher/k3s/server/manifests/metrics-server/auth-reader.yaml
2025-01-29 00:57:46,807 INFO c.h.h.t.OperatorHelmChartContainer - [K3S] [INFO] Writing manifest: /var/lib/rancher/k3s/server/manifests/metrics-server/metrics-server-service.yaml
2025-01-29 00:57:46,807 INFO c.h.h.t.OperatorHelmChartContainer - [K3S] [INFO] Writing manifest: /var/lib/rancher/k3s/server/manifests/metrics-server/resource-reader.yaml
2025-01-29 00:57:46,808 INFO c.h.h.t.OperatorHelmChartContainer - [K3S] [INFO] Writing manifest: /var/lib/rancher/k3s/server/manifests/runtimes.yaml
2025-01-29 00:57:46,808 INFO c.h.h.t.OperatorHelmChartContainer - [K3S] [INFO] Writing manifest: /var/lib/rancher/k3s/server/manifests/ccm.yaml
2025-01-29 00:57:46,808 INFO c.h.h.t.OperatorHelmChartContainer - [K3S] [INFO] Writing manifest: /var/lib/rancher/k3s/server/manifests/coredns.yaml
2025-01-29 00:57:46,808 INFO c.h.h.t.OperatorHelmChartContainer - [K3S] [INFO] Writing manifest: /var/lib/rancher/k3s/server/manifests/local-storage.yaml
2025-01-29 00:57:46,808 INFO c.h.h.t.OperatorHelmChartContainer - [K3S] [INFO] Writing manifest: /var/lib/rancher/k3s/server/manifests/metrics-server/metrics-apiservice.yaml
2025-01-29 00:57:46,808 INFO c.h.h.t.OperatorHelmChartContainer - [K3S] [INFO] Writing manifest: /var/lib/rancher/k3s/server/manifests/metrics-server/metrics-server-deployment.yaml
2025-01-29 00:57:46,809 INFO c.h.h.t.OperatorHelmChartContainer - [K3S] [INFO] Writing manifest: /var/lib/rancher/k3s/server/manifests/rolebindings.yaml
2025-01-29 00:57:46,809 INFO c.h.h.t.OperatorHelmChartContainer - [K3S] [INFO] Starting dynamiclistener CN filter node controller with SANs: [localhost 127.0.0.1 ::1 localhost 9dc6fffc3783 172.17.0.3 10.43.0.1 kubernetes kubernetes.default kubernetes.default.svc kubernetes.default.svc.cluster.local]
2025-01-29 00:57:46,809 INFO c.h.h.t.OperatorHelmChartContainer - [K3S] [INFO] Tunnel server egress proxy mode: agent
2025-01-29 00:57:46,855 INFO c.h.h.t.OperatorHelmChartContainer - [K3S] [controllermanager.go:765] "Started controller" controller="persistentvolumeclaim-protection-controller"
2025-01-29 00:57:46,855 INFO c.h.h.t.OperatorHelmChartContainer - [K3S] [controllermanager.go:717] "Controller is disabled by a feature gate" controller="volumeattributesclass-protection-controller" requiredFeatureGates=["VolumeAttributesClass"]
2025-01-29 00:57:46,855 INFO c.h.h.t.OperatorHelmChartContainer - [K3S] [pvc_protection_controller.go:168] "Starting PVC protection controller"
2025-01-29 00:57:46,914 INFO c.h.h.t.OperatorHelmChartContainer - [K3S] [INFO] Starting k3s.cattle.io/v1, Kind=Addon controller
2025-01-29 00:57:46,914 INFO c.h.h.t.OperatorHelmChartContainer - [K3S] [INFO] Creating deploy event broadcaster
2025-01-29 00:57:47,010 INFO c.h.h.t.OperatorHelmChartContainer - [K3S] [controllermanager.go:765] "Started controller" controller="root-ca-certificate-publisher-controller"
2025-01-29 00:57:47,011 INFO c.h.h.t.OperatorHelmChartContainer - [K3S] [publisher.go:107] "Starting root CA cert publisher controller"
2025-01-29 00:57:47,016 INFO c.h.h.t.OperatorHelmChartContainer - [K3S] [INFO] Starting /v1, Kind=Node controller
2025-01-29 00:57:47,017 INFO c.h.h.t.OperatorHelmChartContainer - [K3S] [INFO] Creating helm-controller event broadcaster
2025-01-29 00:57:47,026 INFO c.h.h.t.OperatorHelmChartContainer - [K3S] [INFO] Cluster dns configmap has been set successfully
2025-01-29 00:57:47,028 INFO c.h.h.t.OperatorHelmChartContainer - [K3S] [INFO] Labels and annotations have been set successfully on node: 9dc6fffc3783
2025-01-29 00:57:47,123 INFO c.h.h.t.OperatorHelmChartContainer - [K3S] [INFO] Starting helm.cattle.io/v1, Kind=HelmChart controller
2025-01-29 00:57:47,123 INFO c.h.h.t.OperatorHelmChartContainer - [K3S] [INFO] Starting helm.cattle.io/v1, Kind=HelmChartConfig controller
2025-01-29 00:57:47,126 INFO c.h.h.t.OperatorHelmChartContainer - [K3S] [INFO] Starting rbac.authorization.k8s.io/v1, Kind=ClusterRoleBinding controller
2025-01-29 00:57:47,128 INFO c.h.h.t.OperatorHelmChartContainer - [K3S] [INFO] Starting batch/v1, Kind=Job controller
2025-01-29 00:57:47,128 INFO c.h.h.t.OperatorHelmChartContainer - [K3S] [INFO] Starting /v1, Kind=ServiceAccount controller
2025-01-29 00:57:47,128 INFO c.h.h.t.OperatorHelmChartContainer - [K3S] [INFO] Starting /v1, Kind=ConfigMap controller
2025-01-29 00:57:47,128 INFO c.h.h.t.OperatorHelmChartContainer - [K3S] [INFO] Starting /v1, Kind=Secret controller
2025-01-29 00:57:47,155 INFO c.h.h.t.OperatorHelmChartContainer - [K3S] [controllermanager.go:765] "Started controller" controller="ephemeral-volume-controller"
2025-01-29 00:57:47,155 INFO c.h.h.t.OperatorHelmChartContainer - [K3S] [controller.go:173] "Starting ephemeral volume controller"
2025-01-29 00:57:47,305 INFO c.h.h.t.OperatorHelmChartContainer - [K3S] [controllermanager.go:765] "Started controller" controller="endpointslice-controller"
2025-01-29 00:57:47,305 INFO c.h.h.t.OperatorHelmChartContainer - [K3S] [endpointslice_controller.go:281] "Starting endpoint slice controller"
2025-01-29 00:57:47,455 INFO c.h.h.t.OperatorHelmChartContainer - [K3S] [controllermanager.go:765] "Started controller" controller="pod-garbage-collector-controller"
2025-01-29 00:57:47,455 INFO c.h.h.t.OperatorHelmChartContainer - [K3S] [gc_controller.go:99] "Starting GC controller"
2025-01-29 00:57:47,574 INFO c.h.h.t.OperatorHelmChartContainer - [K3S] [INFO] Updating TLS secret for kube-system/k3s-serving (count: 10): map[listener.cattle.io/cn-10.43.0.1:10.43.0.1 listener.cattle.io/cn-127.0.0.1:127.0.0.1 listener.cattle.io/cn-172.17.0.3:172.17.0.3 listener.cattle.io/cn-9dc6fffc3783:9dc6fffc3783 listener.cattle.io/cn-__1-f16284:::1 listener.cattle.io/cn-kubernetes:kubernetes listener.cattle.io/cn-kubernetes.default:kubernetes.default listener.cattle.io/cn-kubernetes.default.svc:kubernetes.default.svc listener.cattle.io/cn-kubernetes.default.svc.cluster.local:kubernetes.default.svc.cluster.local listener.cattle.io/cn-localhost:localhost listener.cattle.io/fingerprint:SHA1=BFD62C68F0CBAE6B0AA3EE9599F02B62BB72E3B9]
2025-01-29 00:57:47,576 INFO c.h.h.t.OperatorHelmChartContainer - [K3S] [INFO] Active TLS secret kube-system/k3s-serving (ver=247) (count 10): map[listener.cattle.io/cn-10.43.0.1:10.43.0.1 listener.cattle.io/cn-127.0.0.1:127.0.0.1 listener.cattle.io/cn-172.17.0.3:172.17.0.3 listener.cattle.io/cn-9dc6fffc3783:9dc6fffc3783 listener.cattle.io/cn-__1-f16284:::1 listener.cattle.io/cn-kubernetes:kubernetes listener.cattle.io/cn-kubernetes.default:kubernetes.default listener.cattle.io/cn-kubernetes.default.svc:kubernetes.default.svc listener.cattle.io/cn-kubernetes.default.svc.cluster.local:kubernetes.default.svc.cluster.local listener.cattle.io/cn-localhost:localhost listener.cattle.io/fingerprint:SHA1=BFD62C68F0CBAE6B0AA3EE9599F02B62BB72E3B9]
2025-01-29 00:57:47,605 INFO c.h.h.t.OperatorHelmChartContainer - [K3S] [controllermanager.go:765] "Started controller" controller="serviceaccount-controller"
2025-01-29 00:57:47,605 INFO c.h.h.t.OperatorHelmChartContainer - [K3S] [serviceaccounts_controller.go:114] "Starting service account controller"
2025-01-29 00:57:47,671 INFO c.h.h.t.OperatorHelmChartContainer - [K3S] [INFO] Updating TLS secret for kube-system/k3s-serving (count: 10): map[listener.cattle.io/cn-10.43.0.1:10.43.0.1 listener.cattle.io/cn-127.0.0.1:127.0.0.1 listener.cattle.io/cn-172.17.0.3:172.17.0.3 listener.cattle.io/cn-9dc6fffc3783:9dc6fffc3783 listener.cattle.io/cn-__1-f16284:::1 listener.cattle.io/cn-kubernetes:kubernetes listener.cattle.io/cn-kubernetes.default:kubernetes.default listener.cattle.io/cn-kubernetes.default.svc:kubernetes.default.svc listener.cattle.io/cn-kubernetes.default.svc.cluster.local:kubernetes.default.svc.cluster.local listener.cattle.io/cn-localhost:localhost listener.cattle.io/fingerprint:SHA1=BFD62C68F0CBAE6B0AA3EE9599F02B62BB72E3B9]
2025-01-29 00:57:47,905 INFO c.h.h.t.OperatorHelmChartContainer - [K3S] [controllermanager.go:765] "Started controller" controller="horizontal-pod-autoscaler-controller"
2025-01-29 00:57:47,905 INFO c.h.h.t.OperatorHelmChartContainer - [K3S] [horizontal.go:201] "Starting HPA controller"
2025-01-29 00:57:48,058 INFO c.h.h.t.OperatorHelmChartContainer - [K3S] [range_allocator.go:112] "No Secondary Service CIDR provided. Skipping filtering out secondary service addresses"
2025-01-29 00:57:48,058 INFO c.h.h.t.OperatorHelmChartContainer - [K3S] [controllermanager.go:765] "Started controller" controller="node-ipam-controller"
2025-01-29 00:57:48,058 INFO c.h.h.t.OperatorHelmChartContainer - [K3S] [controllermanager.go:717] "Controller is disabled by a feature gate" controller="kube-apiserver-serving-clustertrustbundle-publisher-controller" requiredFeatureGates=["ClusterTrustBundle"]
2025-01-29 00:57:48,058 INFO c.h.h.t.OperatorHelmChartContainer - [K3S] [node_ipam_controller.go:141] "Starting ipam controller"
2025-01-29 00:57:48,205 INFO c.h.h.t.OperatorHelmChartContainer - [K3S] [controllermanager.go:765] "Started controller" controller="endpoints-controller"
2025-01-29 00:57:48,205 INFO c.h.h.t.OperatorHelmChartContainer - [K3S] [endpoints_controller.go:182] "Starting endpoint controller"
2025-01-29 00:57:48,361 INFO c.h.h.t.OperatorHelmChartContainer - [K3S] [controllermanager.go:765] "Started controller" controller="endpointslice-mirroring-controller"
2025-01-29 00:57:48,361 INFO c.h.h.t.OperatorHelmChartContainer - [K3S] [endpointslicemirroring_controller.go:227] "Starting EndpointSliceMirroring controller"
2025-01-29 00:57:48,406 INFO c.h.h.t.OperatorHelmChartContainer - [K3S] [controllermanager.go:765] "Started controller" controller="certificatesigningrequest-cleaner-controller"
2025-01-29 00:57:48,406 INFO c.h.h.t.OperatorHelmChartContainer - [K3S] [controllermanager.go:728] "Warning: controller is disabled" controller="bootstrap-signer-controller"
2025-01-29 00:57:48,406 INFO c.h.h.t.OperatorHelmChartContainer - [K3S] [cleaner.go:83] "Starting CSR cleaner controller"
2025-01-29 00:57:48,431 INFO c.h.h.t.OperatorHelmChartContainer - [K3S] [event.go:389] "Event occurred" object="9dc6fffc3783" fieldPath="" kind="Node" apiVersion="" type="Normal" reason="NodePasswordValidationComplete" message="Deferred node password secret validation complete"
2025-01-29 00:57:48,605 INFO c.h.h.t.OperatorHelmChartContainer - [K3S] [controllermanager.go:765] "Started controller" controller="validatingadmissionpolicy-status-controller"
2025-01-29 00:57:48,654 INFO c.h.h.t.OperatorHelmChartContainer - [K3S] [controllermanager.go:765] "Started controller" controller="taint-eviction-controller"
2025-01-29 00:57:48,654 INFO c.h.h.t.OperatorHelmChartContainer - [K3S] [controllermanager.go:717] "Controller is disabled by a feature gate" controller="selinux-warning-controller" requiredFeatureGates=["SELinuxChangePolicy"]
2025-01-29 00:57:48,654 INFO c.h.h.t.OperatorHelmChartContainer - [K3S] [taint_eviction.go:281] "Starting" controller="taint-eviction-controller"
2025-01-29 00:57:48,654 INFO c.h.h.t.OperatorHelmChartContainer - [K3S] [taint_eviction.go:287] "Sending events to api server"
2025-01-29 00:57:48,805 INFO c.h.h.t.OperatorHelmChartContainer - [K3S] [controllermanager.go:765] "Started controller" controller="replicaset-controller"
2025-01-29 00:57:48,805 INFO c.h.h.t.OperatorHelmChartContainer - [K3S] [replica_set.go:217] "Starting controller" name="replicaset"
2025-01-29 00:57:48,918 INFO c.h.h.t.OperatorHelmChartContainer - [K3S] [event.go:389] "Event occurred" object="kube-system/ccm" fieldPath="" kind="Addon" apiVersion="k3s.cattle.io/v1" type="Normal" reason="ApplyingManifest" message="Applying manifest at \"/var/lib/rancher/k3s/server/manifests/ccm.yaml\""
2025-01-29 00:57:48,936 INFO c.h.h.t.OperatorHelmChartContainer - [K3S] [event.go:389] "Event occurred" object="kube-system/ccm" fieldPath="" kind="Addon" apiVersion="k3s.cattle.io/v1" type="Normal" reason="AppliedManifest" message="Applied manifest at \"/var/lib/rancher/k3s/server/manifests/ccm.yaml\""
2025-01-29 00:57:48,944 INFO c.h.h.t.OperatorHelmChartContainer - [K3S] [event.go:389] "Event occurred" object="kube-system/coredns" fieldPath="" kind="Addon" apiVersion="k3s.cattle.io/v1" type="Normal" reason="ApplyingManifest" message="Applying manifest at \"/var/lib/rancher/k3s/server/manifests/coredns.yaml\""
2025-01-29 00:57:48,955 INFO c.h.h.t.OperatorHelmChartContainer - [K3S] [controllermanager.go:765] "Started controller" controller="statefulset-controller"
2025-01-29 00:57:48,955 INFO c.h.h.t.OperatorHelmChartContainer - [K3S] [controllermanager.go:723] "Skipping a cloud provider controller" controller="node-route-controller"
2025-01-29 00:57:48,955 INFO c.h.h.t.OperatorHelmChartContainer - [K3S] [controllermanager.go:723] "Skipping a cloud provider controller" controller="cloud-node-lifecycle-controller"
2025-01-29 00:57:48,955 INFO c.h.h.t.OperatorHelmChartContainer - [K3S] [stateful_set.go:166] "Starting stateful set controller"
2025-01-29 00:57:49,048 INFO c.h.h.t.OperatorHelmChartContainer - [K3S] [alloc.go:330] "allocated clusterIPs" service="kube-system/kube-dns" clusterIPs={"IPv4":"10.43.0.10"}
2025-01-29 00:57:49,049 INFO c.h.h.t.OperatorHelmChartContainer - [K3S] [event.go:389] "Event occurred" object="kube-system/coredns" fieldPath="" kind="Addon" apiVersion="k3s.cattle.io/v1" type="Normal" reason="AppliedManifest" message="Applied manifest at \"/var/lib/rancher/k3s/server/manifests/coredns.yaml\""
2025-01-29 00:57:49,055 INFO c.h.h.t.OperatorHelmChartContainer - [K3S] [event.go:389] "Event occurred" object="kube-system/local-storage" fieldPath="" kind="Addon" apiVersion="k3s.cattle.io/v1" type="Normal" reason="ApplyingManifest" message="Applying manifest at \"/var/lib/rancher/k3s/server/manifests/local-storage.yaml\""
2025-01-29 00:57:49,149 INFO c.h.h.t.OperatorHelmChartContainer - [K3S] [event.go:389] "Event occurred" object="kube-system/local-storage" fieldPath="" kind="Addon" apiVersion="k3s.cattle.io/v1" type="Normal" reason="AppliedManifest" message="Applied manifest at \"/var/lib/rancher/k3s/server/manifests/local-storage.yaml\""
2025-01-29 00:57:49,154 INFO c.h.h.t.OperatorHelmChartContainer - [K3S] [event.go:389] "Event occurred" object="kube-system/aggregated-metrics-reader" fieldPath="" kind="Addon" apiVersion="k3s.cattle.io/v1" type="Normal" reason="ApplyingManifest" message="Applying manifest at \"/var/lib/rancher/k3s/server/manifests/metrics-server/aggregated-metrics-reader.yaml\""
2025-01-29 00:57:49,225 INFO c.h.h.t.OperatorHelmChartContainer - [K3S] [event.go:389] "Event occurred" object="kube-system/aggregated-metrics-reader" fieldPath="" kind="Addon" apiVersion="k3s.cattle.io/v1" type="Normal" reason="AppliedManifest" message="Applied manifest at \"/var/lib/rancher/k3s/server/manifests/metrics-server/aggregated-metrics-reader.yaml\""
2025-01-29 00:57:49,230 INFO c.h.h.t.OperatorHelmChartContainer - [K3S] [event.go:389] "Event occurred" object="kube-system/auth-delegator" fieldPath="" kind="Addon" apiVersion="k3s.cattle.io/v1" type="Normal" reason="ApplyingManifest" message="Applying manifest at \"/var/lib/rancher/k3s/server/manifests/metrics-server/auth-delegator.yaml\""
2025-01-29 00:57:49,235 INFO c.h.h.t.OperatorHelmChartContainer - [K3S] [event.go:389] "Event occurred" object="kube-system/auth-delegator" fieldPath="" kind="Addon" apiVersion="k3s.cattle.io/v1" type="Normal" reason="AppliedManifest" message="Applied manifest at \"/var/lib/rancher/k3s/server/manifests/metrics-server/auth-delegator.yaml\""
2025-01-29 00:57:49,240 INFO c.h.h.t.OperatorHelmChartContainer - [K3S] [event.go:389] "Event occurred" object="kube-system/auth-reader" fieldPath="" kind="Addon" apiVersion="k3s.cattle.io/v1" type="Normal" reason="ApplyingManifest" message="Applying manifest at \"/var/lib/rancher/k3s/server/manifests/metrics-server/auth-reader.yaml\""
2025-01-29 00:57:49,245 INFO c.h.h.t.OperatorHelmChartContainer - [K3S] [event.go:389] "Event occurred" object="kube-system/auth-reader" fieldPath="" kind="Addon" apiVersion="k3s.cattle.io/v1" type="Normal" reason="AppliedManifest" message="Applied manifest at \"/var/lib/rancher/k3s/server/manifests/metrics-server/auth-reader.yaml\""
2025-01-29 00:57:49,256 INFO c.h.h.t.OperatorHelmChartContainer - [K3S] [event.go:389] "Event occurred" object="kube-system/metrics-apiservice" fieldPath="" kind="Addon" apiVersion="k3s.cattle.io/v1" type="Normal" reason="ApplyingManifest" message="Applying manifest at \"/var/lib/rancher/k3s/server/manifests/metrics-server/metrics-apiservice.yaml\""
2025-01-29 00:57:49,260 INFO c.h.h.t.OperatorHelmChartContainer - [K3S] [controllermanager.go:765] "Started controller" controller="resourcequota-controller"
2025-01-29 00:57:49,260 INFO c.h.h.t.OperatorHelmChartContainer - [K3S] [resource_quota_controller.go:300] "Starting resource quota controller"
2025-01-29 00:57:49,262 INFO c.h.h.t.OperatorHelmChartContainer - [K3S] [event.go:389] "Event occurred" object="kube-system/metrics-apiservice" fieldPath="" kind="Addon" apiVersion="k3s.cattle.io/v1" type="Normal" reason="AppliedManifest" message="Applied manifest at \"/var/lib/rancher/k3s/server/manifests/metrics-server/metrics-apiservice.yaml\""
2025-01-29 00:57:49,265 INFO c.h.h.t.OperatorHelmChartContainer - [K3S] [handler_proxy.go:99] no RequestInfo found in the context
2025-01-29 00:57:49,266 INFO c.h.h.t.OperatorHelmChartContainer - [K3S] [controller.go:146] "Unhandled Error" err=<
2025-01-29 00:57:49,266 INFO c.h.h.t.OperatorHelmChartContainer - [K3S] 	, Header: map[Content-Type:[text/plain; charset=utf-8] X-Content-Type-Options:[nosniff]]
2025-01-29 00:57:49,266 INFO c.h.h.t.OperatorHelmChartContainer - [K3S]  >
2025-01-29 00:57:49,267 INFO c.h.h.t.OperatorHelmChartContainer - [K3S] [handler_proxy.go:143] error resolving kube-system/metrics-server: service "metrics-server" not found
2025-01-29 00:57:49,267 INFO c.h.h.t.OperatorHelmChartContainer - [K3S] [event.go:389] "Event occurred" object="kube-system/metrics-server-deployment" fieldPath="" kind="Addon" apiVersion="k3s.cattle.io/v1" type="Normal" reason="ApplyingManifest" message="Applying manifest at \"/var/lib/rancher/k3s/server/manifests/metrics-server/metrics-server-deployment.yaml\""
2025-01-29 00:57:49,276 INFO c.h.h.t.OperatorHelmChartContainer - [K3S] [event.go:389] "Event occurred" object="kube-system/metrics-server-deployment" fieldPath="" kind="Addon" apiVersion="k3s.cattle.io/v1" type="Normal" reason="AppliedManifest" message="Applied manifest at \"/var/lib/rancher/k3s/server/manifests/metrics-server/metrics-server-deployment.yaml\""
2025-01-29 00:57:49,281 INFO c.h.h.t.OperatorHelmChartContainer - [K3S] [event.go:389] "Event occurred" object="kube-system/metrics-server-service" fieldPath="" kind="Addon" apiVersion="k3s.cattle.io/v1" type="Normal" reason="ApplyingManifest" message="Applying manifest at \"/var/lib/rancher/k3s/server/manifests/metrics-server/metrics-server-service.yaml\""
2025-01-29 00:57:49,286 INFO c.h.h.t.OperatorHelmChartContainer - [K3S] [alloc.go:330] "allocated clusterIPs" service="kube-system/metrics-server" clusterIPs={"IPv4":"10.43.49.111"}
2025-01-29 00:57:49,287 INFO c.h.h.t.OperatorHelmChartContainer - [K3S] [event.go:389] "Event occurred" object="kube-system/metrics-server-service" fieldPath="" kind="Addon" apiVersion="k3s.cattle.io/v1" type="Normal" reason="AppliedManifest" message="Applied manifest at \"/var/lib/rancher/k3s/server/manifests/metrics-server/metrics-server-service.yaml\""
2025-01-29 00:57:49,292 INFO c.h.h.t.OperatorHelmChartContainer - [K3S] [handler_proxy.go:99] no RequestInfo found in the context
2025-01-29 00:57:49,293 INFO c.h.h.t.OperatorHelmChartContainer - [K3S] [controller.go:146] "Unhandled Error" err=<
2025-01-29 00:57:49,293 INFO c.h.h.t.OperatorHelmChartContainer - [K3S] 	, Header: map[Content-Type:[text/plain; charset=utf-8] X-Content-Type-Options:[nosniff]]
2025-01-29 00:57:49,293 INFO c.h.h.t.OperatorHelmChartContainer - [K3S]  >
2025-01-29 00:57:49,294 INFO c.h.h.t.OperatorHelmChartContainer - [K3S] [handler_proxy.go:143] error resolving kube-system/metrics-server: endpoints "metrics-server" not found
2025-01-29 00:57:49,295 INFO c.h.h.t.OperatorHelmChartContainer - [K3S] [event.go:389] "Event occurred" object="kube-system/resource-reader" fieldPath="" kind="Addon" apiVersion="k3s.cattle.io/v1" type="Normal" reason="ApplyingManifest" message="Applying manifest at \"/var/lib/rancher/k3s/server/manifests/metrics-server/resource-reader.yaml\""
2025-01-29 00:57:49,336 INFO c.h.h.t.OperatorHelmChartContainer - [K3S] [event.go:389] "Event occurred" object="kube-system/resource-reader" fieldPath="" kind="Addon" apiVersion="k3s.cattle.io/v1" type="Normal" reason="AppliedManifest" message="Applied manifest at \"/var/lib/rancher/k3s/server/manifests/metrics-server/resource-reader.yaml\""
2025-01-29 00:57:49,342 INFO c.h.h.t.OperatorHelmChartContainer - [K3S] [event.go:389] "Event occurred" object="kube-system/rolebindings" fieldPath="" kind="Addon" apiVersion="k3s.cattle.io/v1" type="Normal" reason="ApplyingManifest" message="Applying manifest at \"/var/lib/rancher/k3s/server/manifests/rolebindings.yaml\""
2025-01-29 00:57:49,446 INFO c.h.h.t.OperatorHelmChartContainer - [K3S] [event.go:389] "Event occurred" object="kube-system/rolebindings" fieldPath="" kind="Addon" apiVersion="k3s.cattle.io/v1" type="Normal" reason="AppliedManifest" message="Applied manifest at \"/var/lib/rancher/k3s/server/manifests/rolebindings.yaml\""
2025-01-29 00:57:49,453 INFO c.h.h.t.OperatorHelmChartContainer - [K3S] [event.go:389] "Event occurred" object="kube-system/runtimes" fieldPath="" kind="Addon" apiVersion="k3s.cattle.io/v1" type="Normal" reason="ApplyingManifest" message="Applying manifest at \"/var/lib/rancher/k3s/server/manifests/runtimes.yaml\""
2025-01-29 00:57:49,477 INFO c.h.h.t.OperatorHelmChartContainer - [K3S] [event.go:389] "Event occurred" object="kube-system/runtimes" fieldPath="" kind="Addon" apiVersion="k3s.cattle.io/v1" type="Normal" reason="AppliedManifest" message="Applied manifest at \"/var/lib/rancher/k3s/server/manifests/runtimes.yaml\""
2025-01-29 00:57:49,509 INFO c.h.h.t.OperatorHelmChartContainer - [K3S] [controllermanager.go:765] "Started controller" controller="namespace-controller"
2025-01-29 00:57:49,510 INFO c.h.h.t.OperatorHelmChartContainer - [K3S] [namespace_controller.go:202] "Starting namespace controller"
2025-01-29 00:57:49,655 INFO c.h.h.t.OperatorHelmChartContainer - [K3S] [controllermanager.go:765] "Started controller" controller="daemonset-controller"
2025-01-29 00:57:49,655 INFO c.h.h.t.OperatorHelmChartContainer - [K3S] [daemon_controller.go:294] "Starting daemon sets controller"
2025-01-29 00:57:49,855 INFO c.h.h.t.OperatorHelmChartContainer - [K3S] [controllermanager.go:765] "Started controller" controller="disruption-controller"
2025-01-29 00:57:49,855 INFO c.h.h.t.OperatorHelmChartContainer - [K3S] [disruption.go:452] "Sending events to api server."
2025-01-29 00:57:49,856 INFO c.h.h.t.OperatorHelmChartContainer - [K3S] [disruption.go:463] "Starting disruption controller"
2025-01-29 00:57:49,870 INFO c.h.h.t.OperatorHelmChartContainer - [K3S] [INFO] Tunnel authorizer set Kubelet Port 0.0.0.0:10250
2025-01-29 00:57:50,005 INFO c.h.h.t.OperatorHelmChartContainer - [K3S] [controllermanager.go:765] "Started controller" controller="cronjob-controller"
2025-01-29 00:57:50,006 INFO c.h.h.t.OperatorHelmChartContainer - [K3S] [cronjob_controllerv2.go:145] "Starting cronjob controller v2"
2025-01-29 00:57:50,006 INFO c.h.h.t.OperatorHelmChartContainer - [K3S] [serving.go:392] Generated self-signed cert in-memory
2025-01-29 00:57:50,056 INFO c.h.h.t.OperatorHelmChartContainer - [K3S] [certificate_controller.go:120] "Starting certificate controller" name="csrsigning-kubelet-serving"
2025-01-29 00:57:50,056 INFO c.h.h.t.OperatorHelmChartContainer - [K3S] [dynamic_serving_content.go:135] "Starting controller" name="csr-controller::/var/lib/rancher/k3s/server/tls/server-ca.nochain.crt::/var/lib/rancher/k3s/server/tls/server-ca.key"
2025-01-29 00:57:50,056 INFO c.h.h.t.OperatorHelmChartContainer - [K3S] [certificate_controller.go:120] "Starting certificate controller" name="csrsigning-kubelet-client"
2025-01-29 00:57:50,056 INFO c.h.h.t.OperatorHelmChartContainer - [K3S] [dynamic_serving_content.go:135] "Starting controller" name="csr-controller::/var/lib/rancher/k3s/server/tls/client-ca.nochain.crt::/var/lib/rancher/k3s/server/tls/client-ca.key"
2025-01-29 00:57:50,056 INFO c.h.h.t.OperatorHelmChartContainer - [K3S] [controllermanager.go:765] "Started controller" controller="certificatesigningrequest-signing-controller"
2025-01-29 00:57:50,056 INFO c.h.h.t.OperatorHelmChartContainer - [K3S] [certificate_controller.go:120] "Starting certificate controller" name="csrsigning-kube-apiserver-client"
2025-01-29 00:57:50,056 INFO c.h.h.t.OperatorHelmChartContainer - [K3S] [dynamic_serving_content.go:135] "Starting controller" name="csr-controller::/var/lib/rancher/k3s/server/tls/client-ca.nochain.crt::/var/lib/rancher/k3s/server/tls/client-ca.key"
2025-01-29 00:57:50,056 INFO c.h.h.t.OperatorHelmChartContainer - [K3S] [certificate_controller.go:120] "Starting certificate controller" name="csrsigning-legacy-unknown"
2025-01-29 00:57:50,056 INFO c.h.h.t.OperatorHelmChartContainer - [K3S] [dynamic_serving_content.go:135] "Starting controller" name="csr-controller::/var/lib/rancher/k3s/server/tls/server-ca.nochain.crt::/var/lib/rancher/k3s/server/tls/server-ca.key"
2025-01-29 00:57:50,211 INFO c.h.h.t.OperatorHelmChartContainer - [K3S] [controllermanager.go:765] "Started controller" controller="persistentvolume-binder-controller"
2025-01-29 00:57:50,211 INFO c.h.h.t.OperatorHelmChartContainer - [K3S] [pv_controller_base.go:308] "Starting persistent volume controller"
2025-01-29 00:57:50,261 INFO c.h.h.t.OperatorHelmChartContainer - [K3S] [handler_proxy.go:99] no RequestInfo found in the context
2025-01-29 00:57:50,261 INFO c.h.h.t.OperatorHelmChartContainer - [K3S] [handler_proxy.go:99] no RequestInfo found in the context
2025-01-29 00:57:50,262 INFO c.h.h.t.OperatorHelmChartContainer - [K3S] [controller.go:102] "Unhandled Error" err=<
2025-01-29 00:57:50,262 INFO c.h.h.t.OperatorHelmChartContainer - [K3S] 	, Header: map[Content-Type:[text/plain; charset=utf-8] X-Content-Type-Options:[nosniff]]
2025-01-29 00:57:50,262 INFO c.h.h.t.OperatorHelmChartContainer - [K3S]  >
2025-01-29 00:57:50,344 INFO c.h.h.t.OperatorHelmChartContainer - [K3S] [serving.go:392] Generated self-signed cert in-memory
2025-01-29 00:57:50,356 INFO c.h.h.t.OperatorHelmChartContainer - [K3S] [controllermanager.go:765] "Started controller" controller="clusterrole-aggregation-controller"
2025-01-29 00:57:50,356 INFO c.h.h.t.OperatorHelmChartContainer - [K3S] [clusterroleaggregation_controller.go:194] "Starting ClusterRoleAggregator controller"
2025-01-29 00:57:50,505 INFO c.h.h.t.OperatorHelmChartContainer - [K3S] [controllermanager.go:765] "Started controller" controller="ttl-after-finished-controller"
2025-01-29 00:57:50,506 INFO c.h.h.t.OperatorHelmChartContainer - [K3S] [controllermanager.go:743] "Warning: skipping controller" controller="storage-version-migrator-controller"
2025-01-29 00:57:50,506 INFO c.h.h.t.OperatorHelmChartContainer - [K3S] [ttlafterfinished_controller.go:112] "Starting TTL after finished controller"
2025-01-29 00:57:50,518 INFO c.h.h.t.OperatorHelmChartContainer - [K3S] [actual_state_of_world.go:541] "Failed to update statusUpdateNeeded field in actual state of world" err="Failed to set statusUpdateNeeded to needed true, because nodeName=\"9dc6fffc3783\" does not exist"
2025-01-29 00:57:50,535 INFO c.h.h.t.OperatorHelmChartContainer - [K3S] [node_lifecycle_controller.go:1234] "Initializing eviction metric for zone" zone=""
2025-01-29 00:57:50,535 INFO c.h.h.t.OperatorHelmChartContainer - [K3S] [node_lifecycle_controller.go:886] "Missing timestamp for Node. Assuming now as a timestamp" node="9dc6fffc3783"
2025-01-29 00:57:50,536 INFO c.h.h.t.OperatorHelmChartContainer - [K3S] [node_lifecycle_controller.go:1080] "Controller detected that zone is now in new state" zone="" newState="Normal"
2025-01-29 00:57:50,558 INFO c.h.h.t.OperatorHelmChartContainer - [K3S] [range_allocator.go:177] "Sending events to api server"
2025-01-29 00:57:50,559 INFO c.h.h.t.OperatorHelmChartContainer - [K3S] [range_allocator.go:183] "Starting range CIDR allocator"
2025-01-29 00:57:50,566 INFO c.h.h.t.OperatorHelmChartContainer - [K3S] [INFO] Updated coredns NodeHosts entry for 9dc6fffc3783
2025-01-29 00:57:50,567 INFO c.h.h.t.OperatorHelmChartContainer - [K3S] [INFO] Flannel found PodCIDR assigned for node 9dc6fffc3783
2025-01-29 00:57:50,570 INFO c.h.h.t.OperatorHelmChartContainer - [K3S] [range_allocator.go:428] "Set node PodCIDR" node="9dc6fffc3783" podCIDRs=["10.42.0.0/24"]
2025-01-29 00:57:50,570 INFO c.h.h.t.OperatorHelmChartContainer - [K3S] [range_allocator.go:247] "Successfully synced" key="9dc6fffc3783"
2025-01-29 00:57:50,570 INFO c.h.h.t.OperatorHelmChartContainer - [K3S] [range_allocator.go:247] "Successfully synced" key="9dc6fffc3783"
2025-01-29 00:57:50,571 INFO c.h.h.t.OperatorHelmChartContainer - [K3S] [INFO] The interface eth0 with ipv4 address 172.17.0.3 will be used by flannel
2025-01-29 00:57:50,578 INFO c.h.h.t.OperatorHelmChartContainer - [K3S] [kube.go:139] Waiting 10m0s for node controller to sync
2025-01-29 00:57:50,578 INFO c.h.h.t.OperatorHelmChartContainer - [K3S] [kube.go:469] Starting kube subnet manager
2025-01-29 00:57:50,579 INFO c.h.h.t.OperatorHelmChartContainer - [K3S] [INFO] Network policy controller waiting for removal of node.cloudprovider.kubernetes.io/uninitialized taint
2025-01-29 00:57:50,658 INFO c.h.h.t.OperatorHelmChartContainer - [K3S] [controllermanager.go:160] Version: v1.32.1+k3s1
2025-01-29 00:57:50,661 INFO c.h.h.t.OperatorHelmChartContainer - [K3S] [requestheader_controller.go:180] Starting RequestHeaderAuthRequestController
2025-01-29 00:57:50,661 INFO c.h.h.t.OperatorHelmChartContainer - [K3S] [configmap_cafile_content.go:205] "Starting controller" name="client-ca::kube-system::extension-apiserver-authentication::client-ca-file"
2025-01-29 00:57:50,661 INFO c.h.h.t.OperatorHelmChartContainer - [K3S] [configmap_cafile_content.go:205] "Starting controller" name="client-ca::kube-system::extension-apiserver-authentication::requestheader-client-ca-file"
2025-01-29 00:57:50,661 INFO c.h.h.t.OperatorHelmChartContainer - [K3S] [secure_serving.go:213] Serving securely on 127.0.0.1:10258
2025-01-29 00:57:50,661 INFO c.h.h.t.OperatorHelmChartContainer - [K3S] [tlsconfig.go:243] "Starting DynamicServingCertificateController"
2025-01-29 00:57:50,665 INFO c.h.h.t.OperatorHelmChartContainer - [K3S] [INFO] Creating service-lb-controller event broadcaster
2025-01-29 00:57:50,776 INFO c.h.h.t.OperatorHelmChartContainer - [K3S] [INFO] Starting /v1, Kind=Node controller
2025-01-29 00:57:50,779 INFO c.h.h.t.OperatorHelmChartContainer - [K3S] [INFO] Starting /v1, Kind=Pod controller
2025-01-29 00:57:50,781 INFO c.h.h.t.OperatorHelmChartContainer - [K3S] [INFO] Starting apps/v1, Kind=DaemonSet controller
2025-01-29 00:57:50,784 INFO c.h.h.t.OperatorHelmChartContainer - [K3S] [INFO] Starting discovery.k8s.io/v1, Kind=EndpointSlice controller
2025-01-29 00:57:50,784 INFO c.h.h.t.OperatorHelmChartContainer - [K3S] [controllermanager.go:329] Started "cloud-node-lifecycle-controller"
2025-01-29 00:57:50,784 INFO c.h.h.t.OperatorHelmChartContainer - [K3S] [node_lifecycle_controller.go:112] Sending events to api server
2025-01-29 00:57:50,784 INFO c.h.h.t.OperatorHelmChartContainer - [K3S] [controllermanager.go:329] Started "service-lb-controller"
2025-01-29 00:57:50,784 INFO c.h.h.t.OperatorHelmChartContainer - [K3S] [controllermanager.go:306] "node-route-controller" is disabled
2025-01-29 00:57:50,785 INFO c.h.h.t.OperatorHelmChartContainer - [K3S] [controller.go:234] Starting service controller
2025-01-29 00:57:50,785 INFO c.h.h.t.OperatorHelmChartContainer - [K3S] [controllermanager.go:329] Started "cloud-node-controller"
2025-01-29 00:57:50,785 INFO c.h.h.t.OperatorHelmChartContainer - [K3S] [node_controller.go:176] Sending events to api server.
2025-01-29 00:57:50,785 INFO c.h.h.t.OperatorHelmChartContainer - [K3S] [node_controller.go:185] Waiting for informer caches to sync
2025-01-29 00:57:50,870 INFO c.h.h.t.OperatorHelmChartContainer - [K3S] [INFO] Started tunnel to 172.17.0.3:6443
2025-01-29 00:57:50,871 INFO c.h.h.t.OperatorHelmChartContainer - [K3S] [INFO] Connecting to proxy" url="wss://172.17.0.3:6443/v1-k3s/connect
2025-01-29 00:57:50,871 INFO c.h.h.t.OperatorHelmChartContainer - [K3S] [INFO] Stopped tunnel to 127.0.0.1:6443
2025-01-29 00:57:50,871 INFO c.h.h.t.OperatorHelmChartContainer - [K3S] [INFO] Proxy done" err="context canceled" url="wss://127.0.0.1:6443/v1-k3s/connect
2025-01-29 00:57:50,871 INFO c.h.h.t.OperatorHelmChartContainer - [K3S] [INFO] error in remotedialer server [400]: websocket: close 1006 (abnormal closure): unexpected EOF
2025-01-29 00:57:50,873 INFO c.h.h.t.OperatorHelmChartContainer - [K3S] [INFO] Handling backend connection request [9dc6fffc3783]
2025-01-29 00:57:50,873 INFO c.h.h.t.OperatorHelmChartContainer - [K3S] [INFO] Remotedialer connected to proxy" url="wss://172.17.0.3:6443/v1-k3s/connect
2025-01-29 00:57:50,886 INFO c.h.h.t.OperatorHelmChartContainer - [K3S] [node_controller.go:429] Initializing node 9dc6fffc3783 with cloud provider
2025-01-29 00:57:50,890 INFO c.h.h.t.OperatorHelmChartContainer - [K3S] [node_controller.go:474] Successfully initialized node 9dc6fffc3783 with cloud provider
2025-01-29 00:57:50,890 INFO c.h.h.t.OperatorHelmChartContainer - [K3S] [event.go:389] "Event occurred" object="9dc6fffc3783" fieldPath="" kind="Node" apiVersion="v1" type="Normal" reason="Synced" message="Node synced successfully"
2025-01-29 00:57:50,890 INFO c.h.h.t.OperatorHelmChartContainer - [K3S] [range_allocator.go:247] "Successfully synced" key="9dc6fffc3783"
2025-01-29 00:57:51,161 INFO c.h.h.t.OperatorHelmChartContainer - [K3S] [handler_proxy.go:99] no RequestInfo found in the context
2025-01-29 00:57:51,161 INFO c.h.h.t.OperatorHelmChartContainer - [K3S] [controller.go:146] "Unhandled Error" err=<
2025-01-29 00:57:51,161 INFO c.h.h.t.OperatorHelmChartContainer - [K3S] 	, Header: map[Content-Type:[text/plain; charset=utf-8] X-Content-Type-Options:[nosniff]]
2025-01-29 00:57:51,161 INFO c.h.h.t.OperatorHelmChartContainer - [K3S]  >
2025-01-29 00:57:51,162 INFO c.h.h.t.OperatorHelmChartContainer - [K3S] [handler_proxy.go:143] error resolving kube-system/metrics-server: no endpoints available for service "metrics-server"
2025-01-29 00:57:51,260 INFO c.h.h.t.OperatorHelmChartContainer - [K3S] [range_allocator.go:247] "Successfully synced" key="9dc6fffc3783"
2025-01-29 00:57:51,421 INFO c.h.h.t.OperatorHelmChartContainer - [K3S] [replica_set.go:679] "Finished syncing" kind="ReplicaSet" key="kube-system/metrics-server-8584b5786c" duration="348.410074ms"
2025-01-29 00:57:51,430 INFO c.h.h.t.OperatorHelmChartContainer - [K3S] [replica_set.go:679] "Finished syncing" kind="ReplicaSet" key="kube-system/coredns-ff8999cc5" duration="366.608613ms"
2025-01-29 00:57:51,430 INFO c.h.h.t.OperatorHelmChartContainer - [K3S] [replica_set.go:679] "Finished syncing" kind="ReplicaSet" key="kube-system/metrics-server-8584b5786c" duration="8.202534ms"
2025-01-29 00:57:51,430 INFO c.h.h.t.OperatorHelmChartContainer - [K3S] [replica_set.go:679] "Finished syncing" kind="ReplicaSet" key="kube-system/metrics-server-8584b5786c" duration="21.58µs"
2025-01-29 00:57:51,437 INFO c.h.h.t.OperatorHelmChartContainer - [K3S] [replica_set.go:679] "Finished syncing" kind="ReplicaSet" key="kube-system/local-path-provisioner-698b58967b" duration="360.415799ms"
2025-01-29 00:57:51,437 INFO c.h.h.t.OperatorHelmChartContainer - [K3S] [replica_set.go:679] "Finished syncing" kind="ReplicaSet" key="kube-system/coredns-ff8999cc5" duration="6.324947ms"
2025-01-29 00:57:51,437 INFO c.h.h.t.OperatorHelmChartContainer - [K3S] [replica_set.go:679] "Finished syncing" kind="ReplicaSet" key="kube-system/coredns-ff8999cc5" duration="40.364µs"
2025-01-29 00:57:51,443 INFO c.h.h.t.OperatorHelmChartContainer - [K3S] [replica_set.go:679] "Finished syncing" kind="ReplicaSet" key="kube-system/local-path-provisioner-698b58967b" duration="9.580519ms"
2025-01-29 00:57:51,450 INFO c.h.h.t.OperatorHelmChartContainer - [K3S] [replica_set.go:679] "Finished syncing" kind="ReplicaSet" key="kube-system/local-path-provisioner-698b58967b" duration="7.546836ms"
2025-01-29 00:57:51,451 INFO c.h.h.t.OperatorHelmChartContainer - [K3S] [replica_set.go:679] "Finished syncing" kind="ReplicaSet" key="kube-system/local-path-provisioner-698b58967b" duration="26.188µs"
2025-01-29 00:57:51,563 INFO c.h.h.t.OperatorHelmChartContainer - [K3S] [serving.go:392] Generated self-signed cert in-memory
2025-01-29 00:57:51,577 INFO c.h.h.t.OperatorHelmChartContainer - [K3S] [kube.go:146] Node controller sync successful
2025-01-29 00:57:51,578 INFO c.h.h.t.OperatorHelmChartContainer - [K3S] [vxlan.go:141] VXLAN config: VNI=1 Port=0 GBP=false Learning=false DirectRouting=false
2025-01-29 00:57:51,580 INFO c.h.h.t.OperatorHelmChartContainer - [K3S] [kube.go:636] List of node(9dc6fffc3783) annotations: map[string]string{"alpha.kubernetes.io/provided-node-ip":"172.17.0.3", "k3s.io/hostname":"9dc6fffc3783", "k3s.io/internal-ip":"172.17.0.3", "k3s.io/node-args":"[\"server\",\"--disable\",\"traefik\",\"--tls-san\",\"localhost\"]", "k3s.io/node-config-hash":"JO7YSLDHXFTIIPZLLVI7GVGPULZK5EY6PYXUBKR6RNNG4QMX5FBQ====", "k3s.io/node-env":"{}", "node.alpha.kubernetes.io/ttl":"0", "volumes.kubernetes.io/controller-managed-attach-detach":"true"}
2025-01-29 00:57:51,586 INFO c.h.h.t.OperatorHelmChartContainer - [K3S] [kube.go:490] Creating the node lease for IPv4. This is the n.Spec.PodCIDRs: [10.42.0.0/24]
2025-01-29 00:57:51,587 INFO c.h.h.t.OperatorHelmChartContainer - [K3S] [range_allocator.go:247] "Successfully synced" key="9dc6fffc3783"
2025-01-29 00:57:51,587 INFO c.h.h.t.OperatorHelmChartContainer - [K3S] [iptables.go:51] Starting flannel in iptables mode...
2025-01-29 00:57:51,587 INFO c.h.h.t.OperatorHelmChartContainer - [K3S] [WARNING] no subnet found for key: FLANNEL_NETWORK in file: /run/flannel/subnet.env
2025-01-29 00:57:51,587 INFO c.h.h.t.OperatorHelmChartContainer - [K3S] [WARNING] no subnet found for key: FLANNEL_SUBNET in file: /run/flannel/subnet.env
2025-01-29 00:57:51,588 INFO c.h.h.t.OperatorHelmChartContainer - [K3S] [WARNING] no subnet found for key: FLANNEL_IPV6_NETWORK in file: /run/flannel/subnet.env
2025-01-29 00:57:51,588 INFO c.h.h.t.OperatorHelmChartContainer - [K3S] [WARNING] no subnet found for key: FLANNEL_IPV6_SUBNET in file: /run/flannel/subnet.env
2025-01-29 00:57:51,588 INFO c.h.h.t.OperatorHelmChartContainer - [K3S] [iptables.go:115] Current network or subnet (10.42.0.0/16, 10.42.0.0/24) is not equal to previous one (0.0.0.0/0, 0.0.0.0/0), trying to recycle old iptables rules
2025-01-29 00:57:51,595 INFO c.h.h.t.OperatorHelmChartContainer - [K3S] [iptables.go:125] Setting up masking rules
2025-01-29 00:57:51,597 INFO c.h.h.t.OperatorHelmChartContainer - [K3S] [iptables.go:226] Changing default FORWARD chain policy to ACCEPT
2025-01-29 00:57:51,599 INFO c.h.h.t.OperatorHelmChartContainer - [K3S] [INFO] Wrote flannel subnet file to /run/flannel/subnet.env
2025-01-29 00:57:51,600 INFO c.h.h.t.OperatorHelmChartContainer - [K3S] [INFO] Running flannel backend.
2025-01-29 00:57:51,600 INFO c.h.h.t.OperatorHelmChartContainer - [K3S] [vxlan_network.go:65] watching for new subnet leases
2025-01-29 00:57:51,610 INFO c.h.h.t.OperatorHelmChartContainer - [K3S] [iptables.go:372] bootstrap done
2025-01-29 00:57:51,617 INFO c.h.h.t.OperatorHelmChartContainer - [K3S] [iptables.go:372] bootstrap done
2025-01-29 00:57:51,833 INFO c.h.h.t.OperatorHelmChartContainer - [K3S] [server.go:164] "Starting Kubernetes Scheduler" version="v1.32.1+k3s1"
2025-01-29 00:57:51,833 INFO c.h.h.t.OperatorHelmChartContainer - [K3S] [server.go:166] "Golang settings" GOGC="" GOMAXPROCS="" GOTRACEBACK=""
2025-01-29 00:57:51,835 INFO c.h.h.t.OperatorHelmChartContainer - [K3S] [secure_serving.go:213] Serving securely on 127.0.0.1:10259
2025-01-29 00:57:51,837 INFO c.h.h.t.OperatorHelmChartContainer - [K3S] [requestheader_controller.go:180] Starting RequestHeaderAuthRequestController
2025-01-29 00:57:51,838 INFO c.h.h.t.OperatorHelmChartContainer - [K3S] [tlsconfig.go:243] "Starting DynamicServingCertificateController"
2025-01-29 00:57:51,838 INFO c.h.h.t.OperatorHelmChartContainer - [K3S] [configmap_cafile_content.go:205] "Starting controller" name="client-ca::kube-system::extension-apiserver-authentication::client-ca-file"
2025-01-29 00:57:51,840 INFO c.h.h.t.OperatorHelmChartContainer - [K3S] [configmap_cafile_content.go:205] "Starting controller" name="client-ca::kube-system::extension-apiserver-authentication::requestheader-client-ca-file"
2025-01-29 00:57:51,944 INFO c.h.h.t.OperatorHelmChartContainer - [K3S] [replica_set.go:679] "Finished syncing" kind="ReplicaSet" key="kube-system/coredns-ff8999cc5" duration="38.522µs"
2025-01-29 00:57:51,947 INFO c.h.h.t.OperatorHelmChartContainer - [K3S] [replica_set.go:679] "Finished syncing" kind="ReplicaSet" key="kube-system/local-path-provisioner-698b58967b" duration="27.001µs"
2025-01-29 00:57:51,947 INFO c.h.h.t.OperatorHelmChartContainer - [K3S] [replica_set.go:679] "Finished syncing" kind="ReplicaSet" key="kube-system/metrics-server-8584b5786c" duration="25.468µs"
2025-01-29 00:57:51,971 INFO c.h.h.t.OperatorHelmChartContainer - [K3S] [replica_set.go:679] "Finished syncing" kind="ReplicaSet" key="kube-system/coredns-ff8999cc5" duration="41.628µs"
2025-01-29 00:57:51,979 INFO c.h.h.t.OperatorHelmChartContainer - [K3S] [replica_set.go:679] "Finished syncing" kind="ReplicaSet" key="kube-system/local-path-provisioner-698b58967b" duration="49.131µs"
2025-01-29 00:57:51,990 INFO c.h.h.t.OperatorHelmChartContainer - [K3S] [replica_set.go:679] "Finished syncing" kind="ReplicaSet" key="kube-system/metrics-server-8584b5786c" duration="44.433µs"
2025-01-29 00:57:52,047 INFO c.h.h.t.OperatorHelmChartContainer - [K3S] [reconciler_common.go:251] "operationExecutor.VerifyControllerAttachedVolume started for volume \"custom-config-volume\" (UniqueName: \"kubernetes.io/configmap/fafc0b2d-be54-4055-a795-d62f096ee48f-custom-config-volume\") pod \"coredns-ff8999cc5-76tlf\" (UID: \"fafc0b2d-be54-4055-a795-d62f096ee48f\") " pod="kube-system/coredns-ff8999cc5-76tlf"
2025-01-29 00:57:52,047 INFO c.h.h.t.OperatorHelmChartContainer - [K3S] [reconciler_common.go:251] "operationExecutor.VerifyControllerAttachedVolume started for volume \"kube-api-access-fdc4w\" (UniqueName: \"kubernetes.io/projected/fafc0b2d-be54-4055-a795-d62f096ee48f-kube-api-access-fdc4w\") pod \"coredns-ff8999cc5-76tlf\" (UID: \"fafc0b2d-be54-4055-a795-d62f096ee48f\") " pod="kube-system/coredns-ff8999cc5-76tlf"
2025-01-29 00:57:52,047 INFO c.h.h.t.OperatorHelmChartContainer - [K3S] [reconciler_common.go:251] "operationExecutor.VerifyControllerAttachedVolume started for volume \"config-volume\" (UniqueName: \"kubernetes.io/configmap/60812178-db82-4cce-8d1e-52b81d3cfe6b-config-volume\") pod \"local-path-provisioner-698b58967b-79n4k\" (UID: \"60812178-db82-4cce-8d1e-52b81d3cfe6b\") " pod="kube-system/local-path-provisioner-698b58967b-79n4k"
2025-01-29 00:57:52,048 INFO c.h.h.t.OperatorHelmChartContainer - [K3S] [reconciler_common.go:251] "operationExecutor.VerifyControllerAttachedVolume started for volume \"kube-api-access-sjhhv\" (UniqueName: \"kubernetes.io/projected/60812178-db82-4cce-8d1e-52b81d3cfe6b-kube-api-access-sjhhv\") pod \"local-path-provisioner-698b58967b-79n4k\" (UID: \"60812178-db82-4cce-8d1e-52b81d3cfe6b\") " pod="kube-system/local-path-provisioner-698b58967b-79n4k"
2025-01-29 00:57:52,048 INFO c.h.h.t.OperatorHelmChartContainer - [K3S] [reconciler_common.go:251] "operationExecutor.VerifyControllerAttachedVolume started for volume \"tmp-dir\" (UniqueName: \"kubernetes.io/empty-dir/3c5f2f8a-b346-4db6-b79b-8aff912d6acf-tmp-dir\") pod \"metrics-server-8584b5786c-zx9ht\" (UID: \"3c5f2f8a-b346-4db6-b79b-8aff912d6acf\") " pod="kube-system/metrics-server-8584b5786c-zx9ht"
2025-01-29 00:57:52,048 INFO c.h.h.t.OperatorHelmChartContainer - [K3S] [reconciler_common.go:251] "operationExecutor.VerifyControllerAttachedVolume started for volume \"kube-api-access-z8drn\" (UniqueName: \"kubernetes.io/projected/3c5f2f8a-b346-4db6-b79b-8aff912d6acf-kube-api-access-z8drn\") pod \"metrics-server-8584b5786c-zx9ht\" (UID: \"3c5f2f8a-b346-4db6-b79b-8aff912d6acf\") " pod="kube-system/metrics-server-8584b5786c-zx9ht"
2025-01-29 00:57:52,048 INFO c.h.h.t.OperatorHelmChartContainer - [K3S] [reconciler_common.go:251] "operationExecutor.VerifyControllerAttachedVolume started for volume \"config-volume\" (UniqueName: \"kubernetes.io/configmap/fafc0b2d-be54-4055-a795-d62f096ee48f-config-volume\") pod \"coredns-ff8999cc5-76tlf\" (UID: \"fafc0b2d-be54-4055-a795-d62f096ee48f\") " pod="kube-system/coredns-ff8999cc5-76tlf"
2025-01-29 00:57:52,162 INFO c.h.h.t.OperatorHelmChartContainer - [K3S] [handler_proxy.go:99] no RequestInfo found in the context
2025-01-29 00:57:52,163 INFO c.h.h.t.OperatorHelmChartContainer - [K3S] [controller.go:102] "Unhandled Error" err=<
2025-01-29 00:57:52,163 INFO c.h.h.t.OperatorHelmChartContainer - [K3S] 	, Header: map[Content-Type:[text/plain; charset=utf-8] X-Content-Type-Options:[nosniff]]
2025-01-29 00:57:52,163 INFO c.h.h.t.OperatorHelmChartContainer - [K3S]  >
2025-01-29 00:57:52,163 INFO c.h.h.t.OperatorHelmChartContainer - [K3S] [handler_proxy.go:99] no RequestInfo found in the context
2025-01-29 00:57:52,684 INFO c.h.h.t.OperatorHelmChartContainer - [K3S] [INFO] Starting network policy controller version v2.2.1, built on 2025-01-28T18:27:08Z, go1.23.4
2025-01-29 00:57:52,685 INFO c.h.h.t.OperatorHelmChartContainer - [K3S] [network_policy_controller.go:164] Starting network policy controller
2025-01-29 00:57:52,718 INFO c.h.h.t.OperatorHelmChartContainer - [K3S] [network_policy_controller.go:176] Starting network policy controller full sync goroutine
2025-01-29 00:57:55,332 INFO c.h.h.t.OperatorHelmChartContainer - [K3S] [kuberuntime_manager.go:1702] "Updating runtime config through cri with podcidr" CIDR="10.42.0.0/24"
2025-01-29 00:57:55,333 INFO c.h.h.t.OperatorHelmChartContainer - [K3S] [kubelet_network.go:61] "Updating Pod CIDR" originalPodCIDR="" newPodCIDR="10.42.0.0/24"
2025-01-29 00:57:55,343 INFO c.h.h.t.OperatorHelmChartContainer - [K3S] [range_allocator.go:247] "Successfully synced" key="9dc6fffc3783"
2025-01-29 00:57:55,963 INFO c.h.h.t.OperatorHelmChartContainer - [K3S] [replica_set.go:679] "Finished syncing" kind="ReplicaSet" key="kube-system/local-path-provisioner-698b58967b" duration="5.837534ms"
2025-01-29 00:57:55,964 INFO c.h.h.t.OperatorHelmChartContainer - [K3S] [replica_set.go:679] "Finished syncing" kind="ReplicaSet" key="kube-system/local-path-provisioner-698b58967b" duration="27.791µs"
2025-01-29 00:57:55,979 INFO c.h.h.t.OperatorHelmChartContainer - [K3S] [replica_set.go:679] "Finished syncing" kind="ReplicaSet" key="kube-system/coredns-ff8999cc5" duration="9.251256ms"
2025-01-29 00:57:55,991 INFO c.h.h.t.OperatorHelmChartContainer - [K3S] [replica_set.go:679] "Finished syncing" kind="ReplicaSet" key="kube-system/coredns-ff8999cc5" duration="31.318µs"
2025-01-29 00:57:55,997 INFO c.h.h.t.OperatorHelmChartContainer - [K3S] [replica_set.go:679] "Finished syncing" kind="ReplicaSet" key="kube-system/metrics-server-8584b5786c" duration="31.829µs"
2025-01-29 00:58:08,696 INFO c.h.h.t.OperatorHelmChartContainer - [K3S] [alloc.go:330] "allocated clusterIPs" service="default/local-hivemq-hivemq-operator-operator" clusterIPs={"IPv4":"10.43.137.1"}
2025-01-29 00:58:08,727 INFO c.h.h.t.OperatorHelmChartContainer - [K3S] [replica_set.go:679] "Finished syncing" kind="ReplicaSet" key="default/local-hivemq-hivemq-operator-operator-6b564f6db4" duration="19.990729ms"
2025-01-29 00:58:08,730 INFO c.h.h.t.OperatorHelmChartContainer - [K3S] [replica_set.go:679] "Finished syncing" kind="ReplicaSet" key="default/local-hivemq-hivemq-operator-operator-6b564f6db4" duration="4.769781ms"
2025-01-29 00:58:08,730 INFO c.h.h.t.OperatorHelmChartContainer - [K3S] [replica_set.go:679] "Finished syncing" kind="ReplicaSet" key="default/local-hivemq-hivemq-operator-operator-6b564f6db4" duration="26.259µs"
2025-01-29 00:58:08,736 INFO c.h.h.t.OperatorHelmChartContainer - [K3S] [replica_set.go:679] "Finished syncing" kind="ReplicaSet" key="default/local-hivemq-hivemq-operator-operator-6b564f6db4" duration="22.202µs"
2025-01-29 00:58:08,747 INFO c.h.h.t.OperatorHelmChartContainer - [K3S] [reconciler_common.go:251] "operationExecutor.VerifyControllerAttachedVolume started for volume \"templates\" (UniqueName: \"kubernetes.io/configmap/be369b04-d8ca-47de-8c88-5a5ecc16bf36-templates\") pod \"local-hivemq-hivemq-operator-operator-6b564f6db4-lv7h8\" (UID: \"be369b04-d8ca-47de-8c88-5a5ecc16bf36\") " pod="default/local-hivemq-hivemq-operator-operator-6b564f6db4-lv7h8"
2025-01-29 00:58:08,747 INFO c.h.h.t.OperatorHelmChartContainer - [K3S] [reconciler_common.go:251] "operationExecutor.VerifyControllerAttachedVolume started for volume \"kube-api-access-hhqtp\" (UniqueName: \"kubernetes.io/projected/be369b04-d8ca-47de-8c88-5a5ecc16bf36-kube-api-access-hhqtp\") pod \"local-hivemq-hivemq-operator-operator-6b564f6db4-lv7h8\" (UID: \"be369b04-d8ca-47de-8c88-5a5ecc16bf36\") " pod="default/local-hivemq-hivemq-operator-operator-6b564f6db4-lv7h8"
2025-01-29 00:58:08,821 DEBUG c.h.h.t.OperatorHelmChartContainer - Chart 'local-hivemq' installed or upgraded
2025-01-29 00:58:09,985 INFO c.h.h.t.OperatorHelmChartContainer - [K3S] [replica_set.go:679] "Finished syncing" kind="ReplicaSet" key="default/local-hivemq-hivemq-operator-operator-6b564f6db4" duration="13.193631ms"
2025-01-29 00:58:09,986 INFO c.h.h.t.OperatorHelmChartContainer - [K3S] [replica_set.go:679] "Finished syncing" kind="ReplicaSet" key="default/local-hivemq-hivemq-operator-operator-6b564f6db4" duration="40.004µs"
2025-01-29 00:58:13,992 INFO c.h.h.t.OperatorHelmChartContainer - [K3S] [replica_set.go:679] "Finished syncing" kind="ReplicaSet" key="kube-system/metrics-server-8584b5786c" duration="28.979764ms"
2025-01-29 00:58:13,992 INFO c.h.h.t.OperatorHelmChartContainer - [K3S] [replica_set.go:679] "Finished syncing" kind="ReplicaSet" key="kube-system/metrics-server-8584b5786c" duration="34.283µs"
2025-01-29 00:58:15,749 INFO c.h.h.t.OperatorHelmChartContainer - [K3S] [range_allocator.go:247] "Successfully synced" key="9dc6fffc3783"
2025-01-29 00:58:16,818 INFO c.h.h.t.OperatorHelmChartContainer - [K3S] [alloc.go:330] "allocated clusterIPs" service="default/hivemq-local-hivemq-mqtt" clusterIPs={"IPv4":"10.43.109.199"}
2025-01-29 00:58:16,822 INFO c.h.h.t.OperatorHelmChartContainer - [K3S] [event.go:389] "Event occurred" object="default/hivemq-local-hivemq-mqtt" fieldPath="" kind="Service" apiVersion="v1" type="Normal" reason="EnsuringLoadBalancer" message="Ensuring load balancer"
2025-01-29 00:58:16,830 INFO c.h.h.t.OperatorHelmChartContainer - [K3S] [alloc.go:330] "allocated clusterIPs" service="default/hivemq-local-hivemq-cc" clusterIPs={"IPv4":"10.43.44.73"}
2025-01-29 00:58:16,840 INFO c.h.h.t.OperatorHelmChartContainer - [K3S] [endpointslice_controller.go:344] "Error syncing endpoint slices for service, retrying" key="default/hivemq-local-hivemq-mqtt" err="EndpointSlice informer cache is out of date"
2025-01-29 00:58:16,921 INFO c.h.h.t.OperatorHelmChartContainer - [K3S] [event.go:389] "Event occurred" object="default/hivemq-local-hivemq-mqtt" fieldPath="" kind="Service" apiVersion="v1" type="Normal" reason="AppliedDaemonSet" message="Applied LoadBalancer DaemonSet kube-system/svclb-hivemq-local-hivemq-mqtt-26b6f6ff"
2025-01-29 00:58:17,990 INFO c.h.h.t.OperatorHelmChartContainer - [K3S] [event.go:389] "Event occurred" object="default/hivemq-local-hivemq-mqtt" fieldPath="" kind="Service" apiVersion="v1" type="Normal" reason="UpdatedLoadBalancer" message="Updated LoadBalancer with new IPs: [] -> [172.17.0.3]"
2025-01-29 00:58:18,143 DEBUG com.hivemq.helmcharts.util.K8sUtil - State to compare Pending and waiting for Running
2025-01-29 00:58:18,324 DEBUG com.hivemq.helmcharts.util.K8sUtil - State to compare Pending and waiting for Running
2025-01-29 00:58:19,391 DEBUG com.hivemq.helmcharts.util.K8sUtil - State to compare Pending and waiting for Running
2025-01-29 00:58:19,728 DEBUG com.hivemq.helmcharts.util.K8sUtil - State to compare Pending and waiting for Running
2025-01-29 00:58:20,029 DEBUG com.hivemq.helmcharts.util.K8sUtil - State to compare Updating and waiting for Running
2025-01-29 00:58:20,342 INFO c.h.h.t.OperatorHelmChartContainer - [K3S] [replica_set.go:679] "Finished syncing" kind="ReplicaSet" key="default/local-hivemq-6f4d548d79" duration="11.382387ms"
2025-01-29 00:58:20,352 INFO c.h.h.t.OperatorHelmChartContainer - [K3S] [replica_set.go:679] "Finished syncing" kind="ReplicaSet" key="default/local-hivemq-6f4d548d79" duration="10.427082ms"
2025-01-29 00:58:20,353 INFO c.h.h.t.OperatorHelmChartContainer - [K3S] [replica_set.go:679] "Finished syncing" kind="ReplicaSet" key="default/local-hivemq-6f4d548d79" duration="39.554µs"
2025-01-29 00:58:20,355 INFO c.h.h.t.OperatorHelmChartContainer - [K3S] [replica_set.go:679] "Finished syncing" kind="ReplicaSet" key="default/local-hivemq-6f4d548d79" duration="34.565µs"
2025-01-29 00:58:20,434 DEBUG com.hivemq.helmcharts.util.K8sUtil - State to compare Updating and waiting for Running
2025-01-29 00:58:20,515 INFO c.h.h.t.OperatorHelmChartContainer - [K3S] [reconciler_common.go:251] "operationExecutor.VerifyControllerAttachedVolume started for volume \"audit\" (UniqueName: \"kubernetes.io/empty-dir/f1f69c8b-7b28-4ee6-9671-09c85307a6fe-audit\") pod \"local-hivemq-6f4d548d79-cs9jc\" (UID: \"f1f69c8b-7b28-4ee6-9671-09c85307a6fe\") " pod="default/local-hivemq-6f4d548d79-cs9jc"
2025-01-29 00:58:20,515 INFO c.h.h.t.OperatorHelmChartContainer - [K3S] [reconciler_common.go:251] "operationExecutor.VerifyControllerAttachedVolume started for volume \"live-info\" (UniqueName: \"kubernetes.io/configmap/f1f69c8b-7b28-4ee6-9671-09c85307a6fe-live-info\") pod \"local-hivemq-6f4d548d79-cs9jc\" (UID: \"f1f69c8b-7b28-4ee6-9671-09c85307a6fe\") " pod="default/local-hivemq-6f4d548d79-cs9jc"
2025-01-29 00:58:20,515 INFO c.h.h.t.OperatorHelmChartContainer - [K3S] [reconciler_common.go:251] "operationExecutor.VerifyControllerAttachedVolume started for volume \"kube-api-access-2qwdn\" (UniqueName: \"kubernetes.io/projected/f1f69c8b-7b28-4ee6-9671-09c85307a6fe-kube-api-access-2qwdn\") pod \"local-hivemq-6f4d548d79-cs9jc\" (UID: \"f1f69c8b-7b28-4ee6-9671-09c85307a6fe\") " pod="default/local-hivemq-6f4d548d79-cs9jc"
2025-01-29 00:58:20,515 INFO c.h.h.t.OperatorHelmChartContainer - [K3S] [reconciler_common.go:251] "operationExecutor.VerifyControllerAttachedVolume started for volume \"data\" (UniqueName: \"kubernetes.io/empty-dir/f1f69c8b-7b28-4ee6-9671-09c85307a6fe-data\") pod \"local-hivemq-6f4d548d79-cs9jc\" (UID: \"f1f69c8b-7b28-4ee6-9671-09c85307a6fe\") " pod="default/local-hivemq-6f4d548d79-cs9jc"
2025-01-29 00:58:20,515 INFO c.h.h.t.OperatorHelmChartContainer - [K3S] [reconciler_common.go:251] "operationExecutor.VerifyControllerAttachedVolume started for volume \"shared-data\" (UniqueName: \"kubernetes.io/empty-dir/f1f69c8b-7b28-4ee6-9671-09c85307a6fe-shared-data\") pod \"local-hivemq-6f4d548d79-cs9jc\" (UID: \"f1f69c8b-7b28-4ee6-9671-09c85307a6fe\") " pod="default/local-hivemq-6f4d548d79-cs9jc"
2025-01-29 00:58:20,515 INFO c.h.h.t.OperatorHelmChartContainer - [K3S] [reconciler_common.go:251] "operationExecutor.VerifyControllerAttachedVolume started for volume \"conf-override\" (UniqueName: \"kubernetes.io/empty-dir/f1f69c8b-7b28-4ee6-9671-09c85307a6fe-conf-override\") pod \"local-hivemq-6f4d548d79-cs9jc\" (UID: \"f1f69c8b-7b28-4ee6-9671-09c85307a6fe\") " pod="default/local-hivemq-6f4d548d79-cs9jc"
2025-01-29 00:58:20,516 INFO c.h.h.t.OperatorHelmChartContainer - [K3S] [reconciler_common.go:251] "operationExecutor.VerifyControllerAttachedVolume started for volume \"backup\" (UniqueName: \"kubernetes.io/empty-dir/f1f69c8b-7b28-4ee6-9671-09c85307a6fe-backup\") pod \"local-hivemq-6f4d548d79-cs9jc\" (UID: \"f1f69c8b-7b28-4ee6-9671-09c85307a6fe\") " pod="default/local-hivemq-6f4d548d79-cs9jc"
2025-01-29 00:58:20,516 INFO c.h.h.t.OperatorHelmChartContainer - [K3S] [reconciler_common.go:251] "operationExecutor.VerifyControllerAttachedVolume started for volume \"heap-dumps\" (UniqueName: \"kubernetes.io/empty-dir/f1f69c8b-7b28-4ee6-9671-09c85307a6fe-heap-dumps\") pod \"local-hivemq-6f4d548d79-cs9jc\" (UID: \"f1f69c8b-7b28-4ee6-9671-09c85307a6fe\") " pod="default/local-hivemq-6f4d548d79-cs9jc"
2025-01-29 00:58:20,516 INFO c.h.h.t.OperatorHelmChartContainer - [K3S] [reconciler_common.go:251] "operationExecutor.VerifyControllerAttachedVolume started for volume \"dns-wait-config\" (UniqueName: \"kubernetes.io/configmap/f1f69c8b-7b28-4ee6-9671-09c85307a6fe-dns-wait-config\") pod \"local-hivemq-6f4d548d79-cs9jc\" (UID: \"f1f69c8b-7b28-4ee6-9671-09c85307a6fe\") " pod="default/local-hivemq-6f4d548d79-cs9jc"
2025-01-29 00:58:20,516 INFO c.h.h.t.OperatorHelmChartContainer - [K3S] [reconciler_common.go:251] "operationExecutor.VerifyControllerAttachedVolume started for volume \"log\" (UniqueName: \"kubernetes.io/empty-dir/f1f69c8b-7b28-4ee6-9671-09c85307a6fe-log\") pod \"local-hivemq-6f4d548d79-cs9jc\" (UID: \"f1f69c8b-7b28-4ee6-9671-09c85307a6fe\") " pod="default/local-hivemq-6f4d548d79-cs9jc"
2025-01-29 00:58:20,589 DEBUG com.hivemq.helmcharts.util.K8sUtil - State to compare Updating and waiting for Running
2025-01-29 00:58:20,726 DEBUG com.hivemq.helmcharts.util.K8sUtil - State to compare Updating and waiting for Running
2025-01-29 00:58:21,046 INFO c.h.h.t.OperatorHelmChartContainer - [K3S] [replica_set.go:679] "Finished syncing" kind="ReplicaSet" key="default/local-hivemq-6f4d548d79" duration="43.631µs"
2025-01-29 00:58:21,135 DEBUG com.hivemq.helmcharts.util.K8sUtil - State to compare Updating and waiting for Running
2025-01-29 00:58:21,997 INFO c.h.h.t.OperatorHelmChartContainer - [K3S] [replica_set.go:679] "Finished syncing" kind="ReplicaSet" key="default/local-hivemq-6f4d548d79" duration="47.919µs"
2025-01-29 00:58:22,009 INFO c.h.h.t.OperatorHelmChartContainer - [K3S] [event.go:389] "Event occurred" object="default/hivemq-local-hivemq-mqtt" fieldPath="" kind="Service" apiVersion="v1" type="Normal" reason="UpdatedLoadBalancer" message="Updated LoadBalancer with new IPs: [172.17.0.3] -> [172.17.0.3]"
2025-01-29 00:58:23,001 INFO c.h.h.t.OperatorHelmChartContainer - [K3S] [replica_set.go:679] "Finished syncing" kind="ReplicaSet" key="default/local-hivemq-6f4d548d79" duration="64.81µs"
2025-01-29 00:58:24,001 INFO c.h.h.t.OperatorHelmChartContainer - [K3S] [replica_set.go:679] "Finished syncing" kind="ReplicaSet" key="default/local-hivemq-6f4d548d79" duration="70.241µs"
2025-01-29 00:58:34,020 INFO c.h.h.t.OperatorHelmChartContainer - [K3S] [replica_set.go:679] "Finished syncing" kind="ReplicaSet" key="default/local-hivemq-6f4d548d79" duration="54.571µs"
2025-01-29 00:58:35,018 INFO c.h.h.t.OperatorHelmChartContainer - [K3S] [replica_set.go:679] "Finished syncing" kind="ReplicaSet" key="default/local-hivemq-6f4d548d79" duration="53.38µs"
2025-01-29 00:58:46,085 INFO c.h.h.t.OperatorHelmChartContainer - [K3S] [range_allocator.go:247] "Successfully synced" key="9dc6fffc3783"
2025-01-29 00:59:01,067 INFO c.h.h.t.OperatorHelmChartContainer - [K3S] [replica_set.go:679] "Finished syncing" kind="ReplicaSet" key="default/local-hivemq-6f4d548d79" duration="20.835554ms"
2025-01-29 00:59:01,070 INFO c.h.h.t.OperatorHelmChartContainer - [K3S] [replica_set.go:679] "Finished syncing" kind="ReplicaSet" key="default/local-hivemq-6f4d548d79" duration="77.013µs"
2025-01-29 00:59:01,073 INFO c.h.h.t.OperatorHelmChartContainer - [K3S] [event.go:389] "Event occurred" object="default/hivemq-local-hivemq-mqtt" fieldPath="" kind="Service" apiVersion="v1" type="Normal" reason="UpdatedLoadBalancer" message="Updated LoadBalancer with new IPs: [172.17.0.3] -> [172.17.0.3]"
2025-01-29 00:59:31,074 INFO c.h.h.t.OperatorHelmChartContainer - [K3S] [replica_set.go:679] "Finished syncing" kind="ReplicaSet" key="default/local-hivemq-6f4d548d79" duration="6.576523ms"
2025-01-29 00:59:31,074 INFO c.h.h.t.OperatorHelmChartContainer - [K3S] [replica_set.go:679] "Finished syncing" kind="ReplicaSet" key="default/local-hivemq-6f4d548d79" duration="38.932µs"
2025-01-29 00:59:31,112 DEBUG com.hivemq.helmcharts.util.K8sUtil - State to compare Updating and waiting for Running
2025-01-29 00:59:31,401 DEBUG com.hivemq.helmcharts.util.K8sUtil - State to compare Updating and waiting for Running
2025-01-29 00:59:31,495 DEBUG com.hivemq.helmcharts.util.K8sUtil - State to compare Updating and waiting for Running
2025-01-29 00:59:31,595 DEBUG com.hivemq.helmcharts.util.K8sUtil - State to compare Updating and waiting for Running
2025-01-29 00:59:31,694 DEBUG com.hivemq.helmcharts.util.K8sUtil - State to compare Updating and waiting for Running
2025-01-29 00:59:31,798 DEBUG com.hivemq.helmcharts.util.K8sUtil - State to compare Running and waiting for Running
2025-01-29 00:59:32,118 INFO t.localhost/testcontainers/4opwmf1x7i9i3siw:latest - Container localhost/testcontainers/4opwmf1x7i9i3siw:latest started in PT1M51.096686919S
2025-01-29 00:59:32,208 INFO c.h.h.t.OperatorHelmChartContainer - [EVENT] Normal [Starting] Starting kubelet. [null:9dc6fffc3783]
2025-01-29 00:59:32,208 INFO c.h.h.t.OperatorHelmChartContainer - [EVENT] Warning [InvalidDiskCapacity] invalid capacity 0 on image filesystem [null:9dc6fffc3783]
2025-01-29 00:59:32,210 INFO c.h.h.t.OperatorHelmChartContainer - [EVENT] Normal [NodeHasSufficientMemory] Node 9dc6fffc3783 status is now: NodeHasSufficientMemory [null:9dc6fffc3783]
2025-01-29 00:59:32,210 INFO c.h.h.t.OperatorHelmChartContainer - [EVENT] Normal [NodeHasNoDiskPressure] Node 9dc6fffc3783 status is now: NodeHasNoDiskPressure [null:9dc6fffc3783]
2025-01-29 00:59:32,210 INFO c.h.h.t.OperatorHelmChartContainer - [EVENT] Normal [NodeHasSufficientPID] Node 9dc6fffc3783 status is now: NodeHasSufficientPID [null:9dc6fffc3783]
2025-01-29 00:59:32,210 INFO c.h.h.t.OperatorHelmChartContainer - [EVENT] Normal [NodeAllocatableEnforced] Updated Node Allocatable limit across pods [null:9dc6fffc3783]
2025-01-29 00:59:32,210 INFO c.h.h.t.OperatorHelmChartContainer - [EVENT] Normal [NodeReady] Node 9dc6fffc3783 status is now: NodeReady [null:9dc6fffc3783]
2025-01-29 00:59:32,210 INFO c.h.h.t.OperatorHelmChartContainer - [EVENT] Normal [NodePasswordValidationComplete] Deferred node password secret validation complete [null:9dc6fffc3783]
2025-01-29 00:59:32,211 INFO c.h.h.t.OperatorHelmChartContainer - [EVENT] Normal [RegisteredNode] Node 9dc6fffc3783 event: Registered Node 9dc6fffc3783 in Controller [null:9dc6fffc3783]
2025-01-29 00:59:32,211 INFO c.h.h.t.OperatorHelmChartContainer - [EVENT] Normal [Synced] Node synced successfully [null:9dc6fffc3783]
2025-01-29 00:59:32,214 INFO c.h.h.t.OperatorHelmChartContainer - [EVENT] Normal [EnsuringLoadBalancer] Ensuring load balancer [default:hivemq-local-hivemq-mqtt]
2025-01-29 00:59:32,214 INFO c.h.h.t.OperatorHelmChartContainer - [EVENT] Normal [AppliedDaemonSet] Applied LoadBalancer DaemonSet kube-system/svclb-hivemq-local-hivemq-mqtt-26b6f6ff [default:hivemq-local-hivemq-mqtt]
2025-01-29 00:59:32,214 INFO c.h.h.t.OperatorHelmChartContainer - [EVENT] Normal [UpdatedLoadBalancer] Updated LoadBalancer with new IPs: [] -> [172.17.0.3] [default:hivemq-local-hivemq-mqtt]
2025-01-29 00:59:32,214 INFO c.h.h.t.OperatorHelmChartContainer - [EVENT] Normal [UpdatedLoadBalancer] Updated LoadBalancer with new IPs: [172.17.0.3] -> [172.17.0.3] [default:hivemq-local-hivemq-mqtt]
2025-01-29 00:59:32,214 INFO c.h.h.t.OperatorHelmChartContainer - [EVENT] Normal [Scheduled] Successfully assigned default/local-hivemq-6f4d548d79-cs9jc to 9dc6fffc3783 [default:local-hivemq-6f4d548d79-cs9jc]
2025-01-29 00:59:32,214 INFO c.h.h.t.OperatorHelmChartContainer - [EVENT] Normal [Pulling] Pulling image "busybox:latest" [default:local-hivemq-6f4d548d79-cs9jc]
2025-01-29 00:59:32,214 INFO c.h.h.t.OperatorHelmChartContainer - [EVENT] Normal [Pulled] Successfully pulled image "busybox:latest" in 692ms (692ms including waiting). Image size: 2167089 bytes. [default:local-hivemq-6f4d548d79-cs9jc]
2025-01-29 00:59:32,215 INFO c.h.h.t.OperatorHelmChartContainer - [EVENT] Normal [Created] Created container: init-shared [default:local-hivemq-6f4d548d79-cs9jc]
2025-01-29 00:59:32,215 INFO c.h.h.t.OperatorHelmChartContainer - [EVENT] Normal [Started] Started container init-shared [default:local-hivemq-6f4d548d79-cs9jc]
2025-01-29 00:59:32,215 INFO c.h.h.t.OperatorHelmChartContainer - [EVENT] Normal [Pulled] Container image "hivemq/init-dns-wait:snapshot" already present on machine [default:local-hivemq-6f4d548d79-cs9jc]
2025-01-29 00:59:32,216 INFO c.h.h.t.OperatorHelmChartContainer - [EVENT] Normal [Created] Created container: dns-wait [default:local-hivemq-6f4d548d79-cs9jc]
2025-01-29 00:59:32,216 INFO c.h.h.t.OperatorHelmChartContainer - [EVENT] Normal [Started] Started container dns-wait [default:local-hivemq-6f4d548d79-cs9jc]
2025-01-29 00:59:32,217 INFO c.h.h.t.OperatorHelmChartContainer - [EVENT] Normal [Pulled] Container image "hivemq/hivemq4:k8s-4.36.0" already present on machine [default:local-hivemq-6f4d548d79-cs9jc]
2025-01-29 00:59:32,217 INFO c.h.h.t.OperatorHelmChartContainer - Received Pulled event for container hivemq in pod local-hivemq-6f4d548d79-cs9jc [f1f69c8b-7b28-4ee6-9671-09c85307a6fe]
2025-01-29 00:59:32,218 INFO c.h.h.t.OperatorHelmChartContainer - [EVENT] Normal [Created] Created container: hivemq [default:local-hivemq-6f4d548d79-cs9jc]
2025-01-29 00:59:32,218 INFO c.h.h.t.OperatorHelmChartContainer - Received Created event for container hivemq in pod local-hivemq-6f4d548d79-cs9jc [f1f69c8b-7b28-4ee6-9671-09c85307a6fe]
2025-01-29 00:59:32,255 INFO c.h.h.t.OperatorHelmChartContainer - Started log watcher for hivemq in pod local-hivemq-6f4d548d79-cs9jc [f1f69c8b-7b28-4ee6-9671-09c85307a6fe]
2025-01-29 00:59:32,257 INFO c.h.h.t.OperatorHelmChartContainer - [local-hivemq-6f4d548d79] [hivemq] [f1f69c8b] Copying external files
2025-01-29 00:59:32,257 INFO c.h.h.t.OperatorHelmChartContainer - [local-hivemq-6f4d548d79] [hivemq] [f1f69c8b] Rewriting config.xml...
2025-01-29 00:59:32,257 INFO c.h.h.t.OperatorHelmChartContainer - [local-hivemq-6f4d548d79] [hivemq] [f1f69c8b] Creating initial lastUpdate files...
2025-01-29 00:59:32,257 INFO c.h.h.t.OperatorHelmChartContainer - [local-hivemq-6f4d548d79] [hivemq] [f1f69c8b] Disabling Prometheus
2025-01-29 00:59:32,257 INFO c.h.h.t.OperatorHelmChartContainer - [local-hivemq-6f4d548d79] [hivemq] [f1f69c8b] Pod info:
2025-01-29 00:59:32,257 INFO c.h.h.t.OperatorHelmChartContainer - [local-hivemq-6f4d548d79] [hivemq] [f1f69c8b] extension-names=hivemq-kafka-extension hivemq-google-cloud-pubsub-extension hivemq-bridge-extension hivemq-enterprise-security-extension hivemq-distributed-tracing-extension hivemq-amazon-kinesis-extension
2025-01-29 00:59:32,257 INFO c.h.h.t.OperatorHelmChartContainer - [local-hivemq-6f4d548d79] [hivemq] [f1f69c8b] extension-uris=preinstalled preinstalled preinstalled preinstalled preinstalled preinstalled
2025-01-29 00:59:32,257 INFO c.h.h.t.OperatorHelmChartContainer - [local-hivemq-6f4d548d79] [hivemq] [f1f69c8b] extension-states=false false false false false false
2025-01-29 00:59:32,257 INFO c.h.h.t.OperatorHelmChartContainer - [local-hivemq-6f4d548d79] [hivemq] [f1f69c8b] extensions-static=false false false false false false
2025-01-29 00:59:32,257 INFO c.h.h.t.OperatorHelmChartContainer - [local-hivemq-6f4d548d79] [hivemq] [f1f69c8b] Installing extension #0 with name: hivemq-kafka-extension, URI: preinstalled, enabled state: false
2025-01-29 00:59:32,257 INFO c.h.h.t.OperatorHelmChartContainer - [local-hivemq-6f4d548d79] [hivemq] [f1f69c8b] + [[ 3 != 3 ]]
2025-01-29 00:59:32,257 INFO c.h.h.t.OperatorHelmChartContainer - [local-hivemq-6f4d548d79] [hivemq] [f1f69c8b] + EXTENSION_URI=preinstalled
2025-01-29 00:59:32,257 INFO c.h.h.t.OperatorHelmChartContainer - [local-hivemq-6f4d548d79] [hivemq] [f1f69c8b] + EXTENSION_NAME=hivemq-kafka-extension
2025-01-29 00:59:32,257 INFO c.h.h.t.OperatorHelmChartContainer - [local-hivemq-6f4d548d79] [hivemq] [f1f69c8b] + TARGET_STATE=false
2025-01-29 00:59:32,257 INFO c.h.h.t.OperatorHelmChartContainer - [local-hivemq-6f4d548d79] [hivemq] [f1f69c8b] + TARGET_DIR=/opt/hivemq/extensions/hivemq-kafka-extension
2025-01-29 00:59:32,257 INFO c.h.h.t.OperatorHelmChartContainer - [local-hivemq-6f4d548d79] [hivemq] [f1f69c8b] ++ mktemp -d
2025-01-29 00:59:32,257 INFO c.h.h.t.OperatorHelmChartContainer - [local-hivemq-6f4d548d79] [hivemq] [f1f69c8b] + install_dir=/tmp/tmp.zPQRXC7tQa
2025-01-29 00:59:32,257 INFO c.h.h.t.OperatorHelmChartContainer - [local-hivemq-6f4d548d79] [hivemq] [f1f69c8b] + set +e
2025-01-29 00:59:32,257 INFO c.h.h.t.OperatorHelmChartContainer - [local-hivemq-6f4d548d79] [hivemq] [f1f69c8b] + [[ -f /opt/hivemq/extensions/hivemq-kafka-extension/DISABLED ]]
2025-01-29 00:59:32,257 INFO c.h.h.t.OperatorHelmChartContainer - [local-hivemq-6f4d548d79] [hivemq] [f1f69c8b] + was_enabled=0
2025-01-29 00:59:32,257 INFO c.h.h.t.OperatorHelmChartContainer - [local-hivemq-6f4d548d79] [hivemq] [f1f69c8b] + set -e
2025-01-29 00:59:32,257 INFO c.h.h.t.OperatorHelmChartContainer - [local-hivemq-6f4d548d79] [hivemq] [f1f69c8b] + [[ preinstalled != \p\r\e\i\n\s\t\a\l\l\e\d ]]
2025-01-29 00:59:32,257 INFO c.h.h.t.OperatorHelmChartContainer - [local-hivemq-6f4d548d79] [hivemq] [f1f69c8b] + [[ false == \f\a\l\s\e ]]
2025-01-29 00:59:32,257 INFO c.h.h.t.OperatorHelmChartContainer - [local-hivemq-6f4d548d79] [hivemq] [f1f69c8b] + touch /opt/hivemq/extensions/hivemq-kafka-extension/DISABLED
2025-01-29 00:59:32,257 INFO c.h.h.t.OperatorHelmChartContainer - [local-hivemq-6f4d548d79] [hivemq] [f1f69c8b] + was_enabled=0
2025-01-29 00:59:32,257 INFO c.h.h.t.OperatorHelmChartContainer - [local-hivemq-6f4d548d79] [hivemq] [f1f69c8b] + [[ preinstalled != \p\r\e\i\n\s\t\a\l\l\e\d ]]
2025-01-29 00:59:32,257 INFO c.h.h.t.OperatorHelmChartContainer - [local-hivemq-6f4d548d79] [hivemq] [f1f69c8b] + /opt/hivemq/bin/run_initialization.sh hivemq-kafka-extension
2025-01-29 00:59:32,257 INFO c.h.h.t.OperatorHelmChartContainer - [local-hivemq-6f4d548d79] [hivemq] [f1f69c8b] + EXTENSION_NAME=hivemq-kafka-extension
2025-01-29 00:59:32,257 INFO c.h.h.t.OperatorHelmChartContainer - [local-hivemq-6f4d548d79] [hivemq] [f1f69c8b] + TARGET_DIR=/opt/hivemq/extensions/hivemq-kafka-extension
2025-01-29 00:59:32,257 INFO c.h.h.t.OperatorHelmChartContainer - [local-hivemq-6f4d548d79] [hivemq] [f1f69c8b] + cd /opt/hivemq/extensions/hivemq-kafka-extension
2025-01-29 00:59:32,257 INFO c.h.h.t.OperatorHelmChartContainer - [local-hivemq-6f4d548d79] [hivemq] [f1f69c8b] + [[ -f init_tmp ]]
2025-01-29 00:59:32,257 INFO c.h.h.t.OperatorHelmChartContainer - [local-hivemq-6f4d548d79] [hivemq] [f1f69c8b] + [[ -f /etc/podinfo/init-extension-hivemq-kafka-extension ]]
2025-01-29 00:59:32,257 INFO c.h.h.t.OperatorHelmChartContainer - [local-hivemq-6f4d548d79] [hivemq] [f1f69c8b] Installing extension #1 with name: hivemq-google-cloud-pubsub-extension, URI: preinstalled, enabled state: false
2025-01-29 00:59:32,257 INFO c.h.h.t.OperatorHelmChartContainer - [local-hivemq-6f4d548d79] [hivemq] [f1f69c8b] + [[ 3 != 3 ]]
2025-01-29 00:59:32,257 INFO c.h.h.t.OperatorHelmChartContainer - [local-hivemq-6f4d548d79] [hivemq] [f1f69c8b] + EXTENSION_URI=preinstalled
2025-01-29 00:59:32,257 INFO c.h.h.t.OperatorHelmChartContainer - [local-hivemq-6f4d548d79] [hivemq] [f1f69c8b] + EXTENSION_NAME=hivemq-google-cloud-pubsub-extension
2025-01-29 00:59:32,257 INFO c.h.h.t.OperatorHelmChartContainer - [local-hivemq-6f4d548d79] [hivemq] [f1f69c8b] + TARGET_STATE=false
2025-01-29 00:59:32,257 INFO c.h.h.t.OperatorHelmChartContainer - [local-hivemq-6f4d548d79] [hivemq] [f1f69c8b] + TARGET_DIR=/opt/hivemq/extensions/hivemq-google-cloud-pubsub-extension
2025-01-29 00:59:32,257 INFO c.h.h.t.OperatorHelmChartContainer - [local-hivemq-6f4d548d79] [hivemq] [f1f69c8b] ++ mktemp -d
2025-01-29 00:59:32,257 INFO c.h.h.t.OperatorHelmChartContainer - [local-hivemq-6f4d548d79] [hivemq] [f1f69c8b] + install_dir=/tmp/tmp.zzBw7z60bq
2025-01-29 00:59:32,257 INFO c.h.h.t.OperatorHelmChartContainer - [local-hivemq-6f4d548d79] [hivemq] [f1f69c8b] + set +e
2025-01-29 00:59:32,257 INFO c.h.h.t.OperatorHelmChartContainer - [local-hivemq-6f4d548d79] [hivemq] [f1f69c8b] + [[ -f /opt/hivemq/extensions/hivemq-google-cloud-pubsub-extension/DISABLED ]]
2025-01-29 00:59:32,258 INFO c.h.h.t.OperatorHelmChartContainer - [EVENT] Normal [Started] Started container hivemq [default:local-hivemq-6f4d548d79-cs9jc]
2025-01-29 00:59:32,258 INFO c.h.h.t.OperatorHelmChartContainer - Received Started event for container hivemq in pod local-hivemq-6f4d548d79-cs9jc [f1f69c8b-7b28-4ee6-9671-09c85307a6fe]
2025-01-29 00:59:32,257 INFO c.h.h.t.OperatorHelmChartContainer - [local-hivemq-6f4d548d79] [hivemq] [f1f69c8b] + was_enabled=0
2025-01-29 00:59:32,261 INFO c.h.h.t.OperatorHelmChartContainer - [POD] local-hivemq-6f4d548d79-cs9jc [f1f69c8b-7b28-4ee6-9671-09c85307a6fe] in default was ADDED
2025-01-29 00:59:32,261 INFO c.h.h.t.OperatorHelmChartContainer - [EVENT] Warning [Unhealthy] Readiness probe failed: Log statement not present (yet)
 [default:local-hivemq-6f4d548d79-cs9jc]
2025-01-29 00:59:32,261 INFO c.h.h.t.OperatorHelmChartContainer - Received Unhealthy event for container hivemq in pod local-hivemq-6f4d548d79-cs9jc [f1f69c8b-7b28-4ee6-9671-09c85307a6fe]
2025-01-29 00:59:32,261 INFO c.h.h.t.OperatorHelmChartContainer - [EVENT] Warning [Unhealthy] Liveness probe failed: dial tcp 10.42.0.7:1883: connect: connection refused [default:local-hivemq-6f4d548d79-cs9jc]
2025-01-29 00:59:32,261 INFO c.h.h.t.OperatorHelmChartContainer - Received Unhealthy event for container hivemq in pod local-hivemq-6f4d548d79-cs9jc [f1f69c8b-7b28-4ee6-9671-09c85307a6fe]
2025-01-29 00:59:32,261 INFO c.h.h.t.OperatorHelmChartContainer - [EVENT] Normal [SuccessfulCreate] Created pod: local-hivemq-6f4d548d79-cs9jc [default:local-hivemq-6f4d548d79]
2025-01-29 00:59:32,261 INFO c.h.h.t.OperatorHelmChartContainer - [EVENT] Normal [Scheduled] Successfully assigned default/local-hivemq-hivemq-operator-operator-6b564f6db4-lv7h8 to 9dc6fffc3783 [default:local-hivemq-hivemq-operator-operator-6b564f6db4-lv7h8]
2025-01-29 00:59:32,261 INFO c.h.h.t.OperatorHelmChartContainer - [EVENT] Normal [Pulled] Container image "hivemq/hivemq-operator:snapshot" already present on machine [default:local-hivemq-hivemq-operator-operator-6b564f6db4-lv7h8]
2025-01-29 00:59:32,261 INFO c.h.h.t.OperatorHelmChartContainer - Received Pulled event for container operator in pod local-hivemq-hivemq-operator-operator-6b564f6db4-lv7h8 [be369b04-d8ca-47de-8c88-5a5ecc16bf36]
2025-01-29 00:59:32,261 INFO c.h.h.t.OperatorHelmChartContainer - [EVENT] Normal [Created] Created container: operator [default:local-hivemq-hivemq-operator-operator-6b564f6db4-lv7h8]
2025-01-29 00:59:32,261 INFO c.h.h.t.OperatorHelmChartContainer - Received Created event for container operator in pod local-hivemq-hivemq-operator-operator-6b564f6db4-lv7h8 [be369b04-d8ca-47de-8c88-5a5ecc16bf36]
2025-01-29 00:59:32,261 INFO c.h.h.t.OperatorHelmChartContainer - [POD] local-hivemq-hivemq-operator-operator-6b564f6db4-lv7h8 [be369b04-d8ca-47de-8c88-5a5ecc16bf36] in default was ADDED
2025-01-29 00:59:32,265 INFO c.h.h.t.OperatorHelmChartContainer - [POD] coredns-ff8999cc5-76tlf [fafc0b2d-be54-4055-a795-d62f096ee48f] in kube-system was ADDED
2025-01-29 00:59:32,265 INFO c.h.h.t.OperatorHelmChartContainer - [POD] local-path-provisioner-698b58967b-79n4k [60812178-db82-4cce-8d1e-52b81d3cfe6b] in kube-system was ADDED
2025-01-29 00:59:32,261 INFO c.h.h.t.OperatorHelmChartContainer - [local-hivemq-6f4d548d79] [hivemq] [f1f69c8b] + set -e
2025-01-29 00:59:32,265 INFO c.h.h.t.OperatorHelmChartContainer - [local-hivemq-6f4d548d79] [hivemq] [f1f69c8b] + [[ preinstalled != \p\r\e\i\n\s\t\a\l\l\e\d ]]
2025-01-29 00:59:32,266 INFO c.h.h.t.OperatorHelmChartContainer - [local-hivemq-6f4d548d79] [hivemq] [f1f69c8b] + [[ false == \f\a\l\s\e ]]
2025-01-29 00:59:32,266 INFO c.h.h.t.OperatorHelmChartContainer - [local-hivemq-6f4d548d79] [hivemq] [f1f69c8b] + touch /opt/hivemq/extensions/hivemq-google-cloud-pubsub-extension/DISABLED
2025-01-29 00:59:32,266 INFO c.h.h.t.OperatorHelmChartContainer - [local-hivemq-6f4d548d79] [hivemq] [f1f69c8b] + was_enabled=0
2025-01-29 00:59:32,266 INFO c.h.h.t.OperatorHelmChartContainer - [local-hivemq-6f4d548d79] [hivemq] [f1f69c8b] + [[ preinstalled != \p\r\e\i\n\s\t\a\l\l\e\d ]]
2025-01-29 00:59:32,266 INFO c.h.h.t.OperatorHelmChartContainer - [local-hivemq-6f4d548d79] [hivemq] [f1f69c8b] + /opt/hivemq/bin/run_initialization.sh hivemq-google-cloud-pubsub-extension
2025-01-29 00:59:32,266 INFO c.h.h.t.OperatorHelmChartContainer - [local-hivemq-6f4d548d79] [hivemq] [f1f69c8b] + EXTENSION_NAME=hivemq-google-cloud-pubsub-extension
2025-01-29 00:59:32,266 INFO c.h.h.t.OperatorHelmChartContainer - [local-hivemq-6f4d548d79] [hivemq] [f1f69c8b] + TARGET_DIR=/opt/hivemq/extensions/hivemq-google-cloud-pubsub-extension
2025-01-29 00:59:32,266 INFO c.h.h.t.OperatorHelmChartContainer - [local-hivemq-6f4d548d79] [hivemq] [f1f69c8b] + cd /opt/hivemq/extensions/hivemq-google-cloud-pubsub-extension
2025-01-29 00:59:32,266 INFO c.h.h.t.OperatorHelmChartContainer - [local-hivemq-6f4d548d79] [hivemq] [f1f69c8b] + [[ -f init_tmp ]]
2025-01-29 00:59:32,266 INFO c.h.h.t.OperatorHelmChartContainer - [local-hivemq-6f4d548d79] [hivemq] [f1f69c8b] + [[ -f /etc/podinfo/init-extension-hivemq-google-cloud-pubsub-extension ]]
2025-01-29 00:59:32,266 INFO c.h.h.t.OperatorHelmChartContainer - [local-hivemq-6f4d548d79] [hivemq] [f1f69c8b] Installing extension #2 with name: hivemq-bridge-extension, URI: preinstalled, enabled state: false
2025-01-29 00:59:32,266 INFO c.h.h.t.OperatorHelmChartContainer - [local-hivemq-6f4d548d79] [hivemq] [f1f69c8b] + [[ 3 != 3 ]]
2025-01-29 00:59:32,266 INFO c.h.h.t.OperatorHelmChartContainer - [local-hivemq-6f4d548d79] [hivemq] [f1f69c8b] + EXTENSION_URI=preinstalled
2025-01-29 00:59:32,266 INFO c.h.h.t.OperatorHelmChartContainer - [local-hivemq-6f4d548d79] [hivemq] [f1f69c8b] + EXTENSION_NAME=hivemq-bridge-extension
2025-01-29 00:59:32,266 INFO c.h.h.t.OperatorHelmChartContainer - [local-hivemq-6f4d548d79] [hivemq] [f1f69c8b] + TARGET_STATE=false
2025-01-29 00:59:32,266 INFO c.h.h.t.OperatorHelmChartContainer - [local-hivemq-6f4d548d79] [hivemq] [f1f69c8b] + TARGET_DIR=/opt/hivemq/extensions/hivemq-bridge-extension
2025-01-29 00:59:32,266 INFO c.h.h.t.OperatorHelmChartContainer - [local-hivemq-6f4d548d79] [hivemq] [f1f69c8b] ++ mktemp -d
2025-01-29 00:59:32,266 INFO c.h.h.t.OperatorHelmChartContainer - [local-hivemq-6f4d548d79] [hivemq] [f1f69c8b] + install_dir=/tmp/tmp.fkzZvVBsUi
2025-01-29 00:59:32,266 INFO c.h.h.t.OperatorHelmChartContainer - [local-hivemq-6f4d548d79] [hivemq] [f1f69c8b] + set +e
2025-01-29 00:59:32,266 INFO c.h.h.t.OperatorHelmChartContainer - [local-hivemq-6f4d548d79] [hivemq] [f1f69c8b] + [[ -f /opt/hivemq/extensions/hivemq-bridge-extension/DISABLED ]]
2025-01-29 00:59:32,266 INFO c.h.h.t.OperatorHelmChartContainer - [local-hivemq-6f4d548d79] [hivemq] [f1f69c8b] + was_enabled=0
2025-01-29 00:59:32,266 INFO c.h.h.t.OperatorHelmChartContainer - [local-hivemq-6f4d548d79] [hivemq] [f1f69c8b] + set -e
2025-01-29 00:59:32,266 INFO c.h.h.t.OperatorHelmChartContainer - [local-hivemq-6f4d548d79] [hivemq] [f1f69c8b] + [[ preinstalled != \p\r\e\i\n\s\t\a\l\l\e\d ]]
2025-01-29 00:59:32,266 INFO c.h.h.t.OperatorHelmChartContainer - [local-hivemq-6f4d548d79] [hivemq] [f1f69c8b] + [[ false == \f\a\l\s\e ]]
2025-01-29 00:59:32,266 INFO c.h.h.t.OperatorHelmChartContainer - [local-hivemq-6f4d548d79] [hivemq] [f1f69c8b] + touch /opt/hivemq/extensions/hivemq-bridge-extension/DISABLED
2025-01-29 00:59:32,266 INFO c.h.h.t.OperatorHelmChartContainer - [local-hivemq-6f4d548d79] [hivemq] [f1f69c8b] + was_enabled=0
2025-01-29 00:59:32,266 INFO c.h.h.t.OperatorHelmChartContainer - [local-hivemq-6f4d548d79] [hivemq] [f1f69c8b] + [[ preinstalled != \p\r\e\i\n\s\t\a\l\l\e\d ]]
2025-01-29 00:59:32,266 INFO c.h.h.t.OperatorHelmChartContainer - [local-hivemq-6f4d548d79] [hivemq] [f1f69c8b] + /opt/hivemq/bin/run_initialization.sh hivemq-bridge-extension
2025-01-29 00:59:32,266 INFO c.h.h.t.OperatorHelmChartContainer - [local-hivemq-6f4d548d79] [hivemq] [f1f69c8b] + EXTENSION_NAME=hivemq-bridge-extension
2025-01-29 00:59:32,266 INFO c.h.h.t.OperatorHelmChartContainer - [local-hivemq-6f4d548d79] [hivemq] [f1f69c8b] + TARGET_DIR=/opt/hivemq/extensions/hivemq-bridge-extension
2025-01-29 00:59:32,266 INFO c.h.h.t.OperatorHelmChartContainer - [local-hivemq-6f4d548d79] [hivemq] [f1f69c8b] + cd /opt/hivemq/extensions/hivemq-bridge-extension
2025-01-29 00:59:32,266 INFO c.h.h.t.OperatorHelmChartContainer - [local-hivemq-6f4d548d79] [hivemq] [f1f69c8b] + [[ -f init_tmp ]]
2025-01-29 00:59:32,266 INFO c.h.h.t.OperatorHelmChartContainer - [local-hivemq-6f4d548d79] [hivemq] [f1f69c8b] + [[ -f /etc/podinfo/init-extension-hivemq-bridge-extension ]]
2025-01-29 00:59:32,266 INFO c.h.h.t.OperatorHelmChartContainer - [local-hivemq-6f4d548d79] [hivemq] [f1f69c8b] Installing extension #3 with name: hivemq-enterprise-security-extension, URI: preinstalled, enabled state: false
2025-01-29 00:59:32,266 INFO c.h.h.t.OperatorHelmChartContainer - [local-hivemq-6f4d548d79] [hivemq] [f1f69c8b] + [[ 3 != 3 ]]
2025-01-29 00:59:32,266 INFO c.h.h.t.OperatorHelmChartContainer - [local-hivemq-6f4d548d79] [hivemq] [f1f69c8b] + EXTENSION_URI=preinstalled
2025-01-29 00:59:32,266 INFO c.h.h.t.OperatorHelmChartContainer - [local-hivemq-6f4d548d79] [hivemq] [f1f69c8b] + EXTENSION_NAME=hivemq-enterprise-security-extension
2025-01-29 00:59:32,266 INFO c.h.h.t.OperatorHelmChartContainer - [local-hivemq-6f4d548d79] [hivemq] [f1f69c8b] + TARGET_STATE=false
2025-01-29 00:59:32,266 INFO c.h.h.t.OperatorHelmChartContainer - [local-hivemq-6f4d548d79] [hivemq] [f1f69c8b] + TARGET_DIR=/opt/hivemq/extensions/hivemq-enterprise-security-extension
2025-01-29 00:59:32,266 INFO c.h.h.t.OperatorHelmChartContainer - [local-hivemq-6f4d548d79] [hivemq] [f1f69c8b] ++ mktemp -d
2025-01-29 00:59:32,266 INFO c.h.h.t.OperatorHelmChartContainer - [local-hivemq-6f4d548d79] [hivemq] [f1f69c8b] + install_dir=/tmp/tmp.SC7fujlJUI
2025-01-29 00:59:32,266 INFO c.h.h.t.OperatorHelmChartContainer - [local-hivemq-6f4d548d79] [hivemq] [f1f69c8b] + set +e
2025-01-29 00:59:32,266 INFO c.h.h.t.OperatorHelmChartContainer - [local-hivemq-6f4d548d79] [hivemq] [f1f69c8b] + [[ -f /opt/hivemq/extensions/hivemq-enterprise-security-extension/DISABLED ]]
2025-01-29 00:59:32,266 INFO c.h.h.t.OperatorHelmChartContainer - [local-hivemq-6f4d548d79] [hivemq] [f1f69c8b] + was_enabled=0
2025-01-29 00:59:32,266 INFO c.h.h.t.OperatorHelmChartContainer - [local-hivemq-6f4d548d79] [hivemq] [f1f69c8b] + set -e
2025-01-29 00:59:32,266 INFO c.h.h.t.OperatorHelmChartContainer - [local-hivemq-6f4d548d79] [hivemq] [f1f69c8b] + [[ preinstalled != \p\r\e\i\n\s\t\a\l\l\e\d ]]
2025-01-29 00:59:32,266 INFO c.h.h.t.OperatorHelmChartContainer - [local-hivemq-6f4d548d79] [hivemq] [f1f69c8b] + [[ false == \f\a\l\s\e ]]
2025-01-29 00:59:32,266 INFO c.h.h.t.OperatorHelmChartContainer - [local-hivemq-6f4d548d79] [hivemq] [f1f69c8b] + touch /opt/hivemq/extensions/hivemq-enterprise-security-extension/DISABLED
2025-01-29 00:59:32,266 INFO c.h.h.t.OperatorHelmChartContainer - [local-hivemq-6f4d548d79] [hivemq] [f1f69c8b] + was_enabled=0
2025-01-29 00:59:32,266 INFO c.h.h.t.OperatorHelmChartContainer - [local-hivemq-6f4d548d79] [hivemq] [f1f69c8b] + [[ preinstalled != \p\r\e\i\n\s\t\a\l\l\e\d ]]
2025-01-29 00:59:32,266 INFO c.h.h.t.OperatorHelmChartContainer - [local-hivemq-6f4d548d79] [hivemq] [f1f69c8b] + /opt/hivemq/bin/run_initialization.sh hivemq-enterprise-security-extension
2025-01-29 00:59:32,266 INFO c.h.h.t.OperatorHelmChartContainer - [local-hivemq-6f4d548d79] [hivemq] [f1f69c8b] + EXTENSION_NAME=hivemq-enterprise-security-extension
2025-01-29 00:59:32,266 INFO c.h.h.t.OperatorHelmChartContainer - [local-hivemq-6f4d548d79] [hivemq] [f1f69c8b] + TARGET_DIR=/opt/hivemq/extensions/hivemq-enterprise-security-extension
2025-01-29 00:59:32,266 INFO c.h.h.t.OperatorHelmChartContainer - [local-hivemq-6f4d548d79] [hivemq] [f1f69c8b] + cd /opt/hivemq/extensions/hivemq-enterprise-security-extension
2025-01-29 00:59:32,266 INFO c.h.h.t.OperatorHelmChartContainer - [local-hivemq-6f4d548d79] [hivemq] [f1f69c8b] + [[ -f init_tmp ]]
2025-01-29 00:59:32,266 INFO c.h.h.t.OperatorHelmChartContainer - [local-hivemq-6f4d548d79] [hivemq] [f1f69c8b] + [[ -f /etc/podinfo/init-extension-hivemq-enterprise-security-extension ]]
2025-01-29 00:59:32,266 INFO c.h.h.t.OperatorHelmChartContainer - [local-hivemq-6f4d548d79] [hivemq] [f1f69c8b] Using init script from config map
2025-01-29 00:59:32,266 INFO c.h.h.t.OperatorHelmChartContainer - [local-hivemq-6f4d548d79] [hivemq] [f1f69c8b] + echo 'Using init script from config map'
2025-01-29 00:59:32,266 INFO c.h.h.t.OperatorHelmChartContainer - [local-hivemq-6f4d548d79] [hivemq] [f1f69c8b] + cat /etc/podinfo/init-extension-hivemq-enterprise-security-extension
2025-01-29 00:59:32,266 INFO c.h.h.t.OperatorHelmChartContainer - [local-hivemq-6f4d548d79] [hivemq] [f1f69c8b] Executing initialization script
2025-01-29 00:59:32,266 INFO c.h.h.t.OperatorHelmChartContainer - [local-hivemq-6f4d548d79] [hivemq] [f1f69c8b] + echo 'Executing initialization script'
2025-01-29 00:59:32,266 INFO c.h.h.t.OperatorHelmChartContainer - [local-hivemq-6f4d548d79] [hivemq] [f1f69c8b] + chmod +x init
2025-01-29 00:59:32,266 INFO c.h.h.t.OperatorHelmChartContainer - [local-hivemq-6f4d548d79] [hivemq] [f1f69c8b] + ./init
2025-01-29 00:59:32,266 INFO c.h.h.t.OperatorHelmChartContainer - [local-hivemq-6f4d548d79] [hivemq] [f1f69c8b]   % Total    % Received % Xferd  Average Speed   Time    Time     Time  Current
2025-01-29 00:59:32,266 INFO c.h.h.t.OperatorHelmChartContainer - [local-hivemq-6f4d548d79] [hivemq] [f1f69c8b]                                  Dload  Upload   Total   Spent    Left  Speed
2025-01-29 00:59:32,266 INFO c.h.h.t.OperatorHelmChartContainer - [local-hivemq-6f4d548d79] [hivemq] [f1f69c8b] 
2025-01-29 00:59:32,266 INFO c.h.h.t.OperatorHelmChartContainer - [local-hivemq-6f4d548d79] [hivemq] [f1f69c8b]   0     0    0     0    0     0      0      0 --:--:-- --:--:-- --:--:--     0
2025-01-29 00:59:32,266 INFO c.h.h.t.OperatorHelmChartContainer - [local-hivemq-6f4d548d79] [hivemq] [f1f69c8b]   0     0    0     0    0     0      0      0 --:--:-- --:--:-- --:--:--     0
2025-01-29 00:59:32,266 INFO c.h.h.t.OperatorHelmChartContainer - [local-hivemq-6f4d548d79] [hivemq] [f1f69c8b] 100  910k  100  910k    0     0  2368k      0 --:--:-- --:--:-- --:--:-- 2366k
2025-01-29 00:59:32,266 INFO c.h.h.t.OperatorHelmChartContainer - [local-hivemq-6f4d548d79] [hivemq] [f1f69c8b] Installing extension #4 with name: hivemq-distributed-tracing-extension, URI: preinstalled, enabled state: false
2025-01-29 00:59:32,266 INFO c.h.h.t.OperatorHelmChartContainer - [local-hivemq-6f4d548d79] [hivemq] [f1f69c8b] + [[ 3 != 3 ]]
2025-01-29 00:59:32,267 INFO c.h.h.t.OperatorHelmChartContainer - [local-hivemq-6f4d548d79] [hivemq] [f1f69c8b] + EXTENSION_URI=preinstalled
2025-01-29 00:59:32,267 INFO c.h.h.t.OperatorHelmChartContainer - [local-hivemq-6f4d548d79] [hivemq] [f1f69c8b] + EXTENSION_NAME=hivemq-distributed-tracing-extension
2025-01-29 00:59:32,267 INFO c.h.h.t.OperatorHelmChartContainer - [local-hivemq-6f4d548d79] [hivemq] [f1f69c8b] + TARGET_STATE=false
2025-01-29 00:59:32,267 INFO c.h.h.t.OperatorHelmChartContainer - [local-hivemq-6f4d548d79] [hivemq] [f1f69c8b] + TARGET_DIR=/opt/hivemq/extensions/hivemq-distributed-tracing-extension
2025-01-29 00:59:32,267 INFO c.h.h.t.OperatorHelmChartContainer - [local-hivemq-6f4d548d79] [hivemq] [f1f69c8b] ++ mktemp -d
2025-01-29 00:59:32,267 INFO c.h.h.t.OperatorHelmChartContainer - [local-hivemq-6f4d548d79] [hivemq] [f1f69c8b] + install_dir=/tmp/tmp.xmEUqNMwNi
2025-01-29 00:59:32,267 INFO c.h.h.t.OperatorHelmChartContainer - [local-hivemq-6f4d548d79] [hivemq] [f1f69c8b] + set +e
2025-01-29 00:59:32,267 INFO c.h.h.t.OperatorHelmChartContainer - [local-hivemq-6f4d548d79] [hivemq] [f1f69c8b] + [[ -f /opt/hivemq/extensions/hivemq-distributed-tracing-extension/DISABLED ]]
2025-01-29 00:59:32,267 INFO c.h.h.t.OperatorHelmChartContainer - [local-hivemq-6f4d548d79] [hivemq] [f1f69c8b] + was_enabled=0
2025-01-29 00:59:32,267 INFO c.h.h.t.OperatorHelmChartContainer - [local-hivemq-6f4d548d79] [hivemq] [f1f69c8b] + set -e
2025-01-29 00:59:32,267 INFO c.h.h.t.OperatorHelmChartContainer - [local-hivemq-6f4d548d79] [hivemq] [f1f69c8b] + [[ preinstalled != \p\r\e\i\n\s\t\a\l\l\e\d ]]
2025-01-29 00:59:32,267 INFO c.h.h.t.OperatorHelmChartContainer - [local-hivemq-6f4d548d79] [hivemq] [f1f69c8b] + [[ false == \f\a\l\s\e ]]
2025-01-29 00:59:32,267 INFO c.h.h.t.OperatorHelmChartContainer - [local-hivemq-6f4d548d79] [hivemq] [f1f69c8b] + touch /opt/hivemq/extensions/hivemq-distributed-tracing-extension/DISABLED
2025-01-29 00:59:32,267 INFO c.h.h.t.OperatorHelmChartContainer - [local-hivemq-6f4d548d79] [hivemq] [f1f69c8b] + was_enabled=0
2025-01-29 00:59:32,267 INFO c.h.h.t.OperatorHelmChartContainer - [local-hivemq-6f4d548d79] [hivemq] [f1f69c8b] + [[ preinstalled != \p\r\e\i\n\s\t\a\l\l\e\d ]]
2025-01-29 00:59:32,267 INFO c.h.h.t.OperatorHelmChartContainer - [local-hivemq-6f4d548d79] [hivemq] [f1f69c8b] + /opt/hivemq/bin/run_initialization.sh hivemq-distributed-tracing-extension
2025-01-29 00:59:32,267 INFO c.h.h.t.OperatorHelmChartContainer - [local-hivemq-6f4d548d79] [hivemq] [f1f69c8b] + EXTENSION_NAME=hivemq-distributed-tracing-extension
2025-01-29 00:59:32,267 INFO c.h.h.t.OperatorHelmChartContainer - [local-hivemq-6f4d548d79] [hivemq] [f1f69c8b] + TARGET_DIR=/opt/hivemq/extensions/hivemq-distributed-tracing-extension
2025-01-29 00:59:32,267 INFO c.h.h.t.OperatorHelmChartContainer - [local-hivemq-6f4d548d79] [hivemq] [f1f69c8b] + cd /opt/hivemq/extensions/hivemq-distributed-tracing-extension
2025-01-29 00:59:32,269 INFO c.h.h.t.OperatorHelmChartContainer - [local-hivemq-6f4d548d79] [hivemq] [f1f69c8b] + [[ -f init_tmp ]]
2025-01-29 00:59:32,269 INFO c.h.h.t.OperatorHelmChartContainer - [local-hivemq-6f4d548d79] [hivemq] [f1f69c8b] + [[ -f /etc/podinfo/init-extension-hivemq-distributed-tracing-extension ]]
2025-01-29 00:59:32,269 INFO c.h.h.t.OperatorHelmChartContainer - [local-hivemq-6f4d548d79] [hivemq] [f1f69c8b] Installing extension #5 with name: hivemq-amazon-kinesis-extension, URI: preinstalled, enabled state: false
2025-01-29 00:59:32,269 INFO c.h.h.t.OperatorHelmChartContainer - [local-hivemq-6f4d548d79] [hivemq] [f1f69c8b] + [[ 3 != 3 ]]
2025-01-29 00:59:32,269 INFO c.h.h.t.OperatorHelmChartContainer - [local-hivemq-6f4d548d79] [hivemq] [f1f69c8b] + EXTENSION_URI=preinstalled
2025-01-29 00:59:32,269 INFO c.h.h.t.OperatorHelmChartContainer - [local-hivemq-6f4d548d79] [hivemq] [f1f69c8b] + EXTENSION_NAME=hivemq-amazon-kinesis-extension
2025-01-29 00:59:32,269 INFO c.h.h.t.OperatorHelmChartContainer - [local-hivemq-6f4d548d79] [hivemq] [f1f69c8b] + TARGET_STATE=false
2025-01-29 00:59:32,270 INFO c.h.h.t.OperatorHelmChartContainer - [local-hivemq-6f4d548d79] [hivemq] [f1f69c8b] + TARGET_DIR=/opt/hivemq/extensions/hivemq-amazon-kinesis-extension
2025-01-29 00:59:32,270 INFO c.h.h.t.OperatorHelmChartContainer - [local-hivemq-6f4d548d79] [hivemq] [f1f69c8b] ++ mktemp -d
2025-01-29 00:59:32,270 INFO c.h.h.t.OperatorHelmChartContainer - [local-hivemq-6f4d548d79] [hivemq] [f1f69c8b] + install_dir=/tmp/tmp.Z8abmjqIKu
2025-01-29 00:59:32,270 INFO c.h.h.t.OperatorHelmChartContainer - [local-hivemq-6f4d548d79] [hivemq] [f1f69c8b] + set +e
2025-01-29 00:59:32,270 INFO c.h.h.t.OperatorHelmChartContainer - [local-hivemq-6f4d548d79] [hivemq] [f1f69c8b] + [[ -f /opt/hivemq/extensions/hivemq-amazon-kinesis-extension/DISABLED ]]
2025-01-29 00:59:32,270 INFO c.h.h.t.OperatorHelmChartContainer - [local-hivemq-6f4d548d79] [hivemq] [f1f69c8b] + was_enabled=0
2025-01-29 00:59:32,270 INFO c.h.h.t.OperatorHelmChartContainer - [local-hivemq-6f4d548d79] [hivemq] [f1f69c8b] + set -e
2025-01-29 00:59:32,270 INFO c.h.h.t.OperatorHelmChartContainer - [local-hivemq-6f4d548d79] [hivemq] [f1f69c8b] + [[ preinstalled != \p\r\e\i\n\s\t\a\l\l\e\d ]]
2025-01-29 00:59:32,270 INFO c.h.h.t.OperatorHelmChartContainer - [local-hivemq-6f4d548d79] [hivemq] [f1f69c8b] + [[ false == \f\a\l\s\e ]]
2025-01-29 00:59:32,270 INFO c.h.h.t.OperatorHelmChartContainer - [local-hivemq-6f4d548d79] [hivemq] [f1f69c8b] + touch /opt/hivemq/extensions/hivemq-amazon-kinesis-extension/DISABLED
2025-01-29 00:59:32,270 INFO c.h.h.t.OperatorHelmChartContainer - [local-hivemq-6f4d548d79] [hivemq] [f1f69c8b] + was_enabled=0
2025-01-29 00:59:32,270 INFO c.h.h.t.OperatorHelmChartContainer - [local-hivemq-6f4d548d79] [hivemq] [f1f69c8b] + [[ preinstalled != \p\r\e\i\n\s\t\a\l\l\e\d ]]
2025-01-29 00:59:32,270 INFO c.h.h.t.OperatorHelmChartContainer - [local-hivemq-6f4d548d79] [hivemq] [f1f69c8b] + /opt/hivemq/bin/run_initialization.sh hivemq-amazon-kinesis-extension
2025-01-29 00:59:32,270 INFO c.h.h.t.OperatorHelmChartContainer - [local-hivemq-6f4d548d79] [hivemq] [f1f69c8b] + EXTENSION_NAME=hivemq-amazon-kinesis-extension
2025-01-29 00:59:32,270 INFO c.h.h.t.OperatorHelmChartContainer - [local-hivemq-6f4d548d79] [hivemq] [f1f69c8b] + TARGET_DIR=/opt/hivemq/extensions/hivemq-amazon-kinesis-extension
2025-01-29 00:59:32,270 INFO c.h.h.t.OperatorHelmChartContainer - [local-hivemq-6f4d548d79] [hivemq] [f1f69c8b] + cd /opt/hivemq/extensions/hivemq-amazon-kinesis-extension
2025-01-29 00:59:32,270 INFO c.h.h.t.OperatorHelmChartContainer - [local-hivemq-6f4d548d79] [hivemq] [f1f69c8b] + [[ -f init_tmp ]]
2025-01-29 00:59:32,270 INFO c.h.h.t.OperatorHelmChartContainer - [local-hivemq-6f4d548d79] [hivemq] [f1f69c8b] + [[ -f /etc/podinfo/init-extension-hivemq-amazon-kinesis-extension ]]
2025-01-29 00:59:32,270 INFO c.h.h.t.OperatorHelmChartContainer - [local-hivemq-6f4d548d79] [hivemq] [f1f69c8b] -------------------------------------------------------------------------
2025-01-29 00:59:32,270 INFO c.h.h.t.OperatorHelmChartContainer - [local-hivemq-6f4d548d79] [hivemq] [f1f69c8b] 
2025-01-29 00:59:32,270 INFO c.h.h.t.OperatorHelmChartContainer - [local-hivemq-6f4d548d79] [hivemq] [f1f69c8b]                   _    _  _              __  __   ____
2025-01-29 00:59:32,270 INFO c.h.h.t.OperatorHelmChartContainer - [local-hivemq-6f4d548d79] [hivemq] [f1f69c8b]                  | |  | |(_)            |  \/  | / __ \
2025-01-29 00:59:32,270 INFO c.h.h.t.OperatorHelmChartContainer - [local-hivemq-6f4d548d79] [hivemq] [f1f69c8b]                  | |__| | _ __   __ ___ | \  / || |  | |
2025-01-29 00:59:32,270 INFO c.h.h.t.OperatorHelmChartContainer - [local-hivemq-6f4d548d79] [hivemq] [f1f69c8b]                  |  __  || |\ \ / // _ \| |\/| || |  | |
2025-01-29 00:59:32,270 INFO c.h.h.t.OperatorHelmChartContainer - [local-hivemq-6f4d548d79] [hivemq] [f1f69c8b]                  | |  | || | \ V /|  __/| |  | || |__| |
2025-01-29 00:59:32,270 INFO c.h.h.t.OperatorHelmChartContainer - [local-hivemq-6f4d548d79] [hivemq] [f1f69c8b]                  |_|  |_||_|  \_/  \___||_|  |_| \___\_\
2025-01-29 00:59:32,270 INFO c.h.h.t.OperatorHelmChartContainer - [local-hivemq-6f4d548d79] [hivemq] [f1f69c8b] 
2025-01-29 00:59:32,270 INFO c.h.h.t.OperatorHelmChartContainer - [local-hivemq-6f4d548d79] [hivemq] [f1f69c8b] -------------------------------------------------------------------------
2025-01-29 00:59:32,270 INFO c.h.h.t.OperatorHelmChartContainer - [local-hivemq-6f4d548d79] [hivemq] [f1f69c8b] 
2025-01-29 00:59:32,270 INFO c.h.h.t.OperatorHelmChartContainer - [local-hivemq-6f4d548d79] [hivemq] [f1f69c8b]   HiveMQ Start Script for Linux/Unix v1.14
2025-01-29 00:59:32,270 INFO c.h.h.t.OperatorHelmChartContainer - [local-hivemq-6f4d548d79] [hivemq] [f1f69c8b] 
2025-01-29 00:59:32,270 INFO c.h.h.t.OperatorHelmChartContainer - [local-hivemq-6f4d548d79] [hivemq] [f1f69c8b] -------------------------------------------------------------------------
2025-01-29 00:59:32,270 INFO c.h.h.t.OperatorHelmChartContainer - [local-hivemq-6f4d548d79] [hivemq] [f1f69c8b] 
2025-01-29 00:59:32,270 INFO c.h.h.t.OperatorHelmChartContainer - [local-hivemq-6f4d548d79] [hivemq] [f1f69c8b]   HIVEMQ_HOME: /opt/hivemq
2025-01-29 00:59:32,270 INFO c.h.h.t.OperatorHelmChartContainer - [local-hivemq-6f4d548d79] [hivemq] [f1f69c8b] 
2025-01-29 00:59:32,272 INFO c.h.h.t.OperatorHelmChartContainer - [POD] metrics-server-8584b5786c-zx9ht [3c5f2f8a-b346-4db6-b79b-8aff912d6acf] in kube-system was ADDED
2025-01-29 00:59:32,272 INFO c.h.h.t.OperatorHelmChartContainer - [local-hivemq-6f4d548d79] [hivemq] [f1f69c8b]   JAVA_OPTS: -XX:+UnlockExperimentalVMOptions -XX:InitialRAMPercentage=40 -XX:MaxRAMPercentage=50 -XX:MinRAMPercentage=30 -Djava.net.preferIPv4Stack=true --add-opens java.base/java.lang=ALL-UNNAMED --add-opens java.base/java.nio=ALL-UNNAMED --add-opens java.base/sun.nio.ch=ALL-UNNAMED --add-opens jdk.management/com.sun.management.internal=ALL-UNNAMED --add-exports java.base/jdk.internal.misc=ALL-UNNAMED -Djava.security.egd=file:/dev/./urandom -Dcom.sun.management.jmxremote -Dcom.sun.management.jmxremote.port=9010 -Dcom.sun.management.jmxremote.local.only=false -Dcom.sun.management.jmxremote.authenticate=false -Dcom.sun.management.jmxremote.ssl=false -Duser.language=en -Duser.region=US -XX:+CrashOnOutOfMemoryError -XX:+HeapDumpOnOutOfMemoryError
2025-01-29 00:59:32,272 INFO c.h.h.t.OperatorHelmChartContainer - [local-hivemq-6f4d548d79] [hivemq] [f1f69c8b] 
2025-01-29 00:59:32,272 INFO c.h.h.t.OperatorHelmChartContainer - [local-hivemq-6f4d548d79] [hivemq] [f1f69c8b]   JAVA_VERSION: 21
2025-01-29 00:59:32,272 INFO c.h.h.t.OperatorHelmChartContainer - [local-hivemq-6f4d548d79] [hivemq] [f1f69c8b] 
2025-01-29 00:59:32,272 INFO c.h.h.t.OperatorHelmChartContainer - [local-hivemq-6f4d548d79] [hivemq] [f1f69c8b] -------------------------------------------------------------------------
2025-01-29 00:59:32,272 INFO c.h.h.t.OperatorHelmChartContainer - [local-hivemq-6f4d548d79] [hivemq] [f1f69c8b] 
2025-01-29 00:59:32,272 INFO c.h.h.t.OperatorHelmChartContainer - [local-hivemq-6f4d548d79] [hivemq] [f1f69c8b] INFO  - Starting HiveMQ Enterprise Server
2025-01-29 00:59:32,272 INFO c.h.h.t.OperatorHelmChartContainer - [local-hivemq-6f4d548d79] [hivemq] [f1f69c8b] INFO  - HiveMQ version: 4.36.0
2025-01-29 00:59:32,272 INFO c.h.h.t.OperatorHelmChartContainer - [local-hivemq-6f4d548d79] [hivemq] [f1f69c8b] INFO  - HiveMQ home directory: /opt/hivemq
2025-01-29 00:59:32,272 INFO c.h.h.t.OperatorHelmChartContainer - [local-hivemq-6f4d548d79] [hivemq] [f1f69c8b] INFO  - Log Configuration was overridden by /opt/hivemq/conf/logback.xml
2025-01-29 00:59:32,272 INFO c.h.h.t.OperatorHelmChartContainer - [local-hivemq-6f4d548d79] [hivemq] [f1f69c8b] DEBUG - Adding TCP Listener on bind address 0.0.0.0 and port 1883. Name: tcp-listener-1883. Proxy Protocol supported: false
2025-01-29 00:59:32,272 INFO c.h.h.t.OperatorHelmChartContainer - [local-hivemq-6f4d548d79] [hivemq] [f1f69c8b] DEBUG - Setting retained messages enabled to true
2025-01-29 00:59:32,272 INFO c.h.h.t.OperatorHelmChartContainer - [local-hivemq-6f4d548d79] [hivemq] [f1f69c8b] DEBUG - Setting wildcard subscriptions enabled to true
2025-01-29 00:59:32,272 INFO c.h.h.t.OperatorHelmChartContainer - [local-hivemq-6f4d548d79] [hivemq] [f1f69c8b] DEBUG - Setting subscription identifier enabled to true
2025-01-29 00:59:32,272 INFO c.h.h.t.OperatorHelmChartContainer - [local-hivemq-6f4d548d79] [hivemq] [f1f69c8b] DEBUG - Setting shared subscriptions enabled to true
2025-01-29 00:59:32,272 INFO c.h.h.t.OperatorHelmChartContainer - [local-hivemq-6f4d548d79] [hivemq] [f1f69c8b] DEBUG - Setting maximum qos to EXACTLY_ONCE 
2025-01-29 00:59:32,272 INFO c.h.h.t.OperatorHelmChartContainer - [local-hivemq-6f4d548d79] [hivemq] [f1f69c8b] DEBUG - Setting topic alias enabled to true
2025-01-29 00:59:32,272 INFO c.h.h.t.OperatorHelmChartContainer - [local-hivemq-6f4d548d79] [hivemq] [f1f69c8b] DEBUG - Setting topic alias maximum per client to 5
2025-01-29 00:59:32,272 INFO c.h.h.t.OperatorHelmChartContainer - [local-hivemq-6f4d548d79] [hivemq] [f1f69c8b] DEBUG - Setting the number of max queued messages  per client to 1000 entries
2025-01-29 00:59:32,272 INFO c.h.h.t.OperatorHelmChartContainer - [local-hivemq-6f4d548d79] [hivemq] [f1f69c8b] DEBUG - Setting queued messages strategy for each client to DISCARD
2025-01-29 00:59:32,273 INFO c.h.h.t.OperatorHelmChartContainer - [local-hivemq-6f4d548d79] [hivemq] [f1f69c8b] DEBUG - Setting the expiry interval for client sessions to 4294967295 seconds
2025-01-29 00:59:32,273 INFO c.h.h.t.OperatorHelmChartContainer - [local-hivemq-6f4d548d79] [hivemq] [f1f69c8b] DEBUG - Setting the expiry interval for publish messages to 4294967296 seconds
2025-01-29 00:59:32,273 INFO c.h.h.t.OperatorHelmChartContainer - [local-hivemq-6f4d548d79] [hivemq] [f1f69c8b] DEBUG - Setting the server receive maximum to 10
2025-01-29 00:59:32,273 INFO c.h.h.t.OperatorHelmChartContainer - [local-hivemq-6f4d548d79] [hivemq] [f1f69c8b] DEBUG - Setting keep alive maximum to 65535 seconds
2025-01-29 00:59:32,273 INFO c.h.h.t.OperatorHelmChartContainer - [local-hivemq-6f4d548d79] [hivemq] [f1f69c8b] DEBUG - Setting keep alive allow zero to true
2025-01-29 00:59:32,273 INFO c.h.h.t.OperatorHelmChartContainer - [local-hivemq-6f4d548d79] [hivemq] [f1f69c8b] DEBUG - Setting the maximum packet size for mqtt messages 268435460 bytes
2025-01-29 00:59:32,273 INFO c.h.h.t.OperatorHelmChartContainer - [local-hivemq-6f4d548d79] [hivemq] [f1f69c8b] DEBUG - Setting global maximum allowed connections to -1
2025-01-29 00:59:32,273 INFO c.h.h.t.OperatorHelmChartContainer - [local-hivemq-6f4d548d79] [hivemq] [f1f69c8b] DEBUG - Setting the maximum client id length to 65535
2025-01-29 00:59:32,273 INFO c.h.h.t.OperatorHelmChartContainer - [local-hivemq-6f4d548d79] [hivemq] [f1f69c8b] DEBUG - Setting the timeout for disconnecting idle tcp connections before a connect message was received to 10000 milliseconds
2025-01-29 00:59:32,273 INFO c.h.h.t.OperatorHelmChartContainer - [local-hivemq-6f4d548d79] [hivemq] [f1f69c8b] DEBUG - Throttling the global incoming traffic limit 0 bytes/second
2025-01-29 00:59:32,273 INFO c.h.h.t.OperatorHelmChartContainer - [local-hivemq-6f4d548d79] [hivemq] [f1f69c8b] DEBUG - Setting the maximum topic length to 65535
2025-01-29 00:59:32,273 INFO c.h.h.t.OperatorHelmChartContainer - [local-hivemq-6f4d548d79] [hivemq] [f1f69c8b] DEBUG - Setting allow server assigned client identifier to true
2025-01-29 00:59:32,273 INFO c.h.h.t.OperatorHelmChartContainer - [local-hivemq-6f4d548d79] [hivemq] [f1f69c8b] DEBUG - Setting validate UTF-8 to true
2025-01-29 00:59:32,273 INFO c.h.h.t.OperatorHelmChartContainer - [local-hivemq-6f4d548d79] [hivemq] [f1f69c8b] DEBUG - Setting payload format validation to false
2025-01-29 00:59:32,273 INFO c.h.h.t.OperatorHelmChartContainer - [local-hivemq-6f4d548d79] [hivemq] [f1f69c8b] DEBUG - Setting allow-problem-information to true
2025-01-29 00:59:32,273 INFO c.h.h.t.OperatorHelmChartContainer - [local-hivemq-6f4d548d79] [hivemq] [f1f69c8b] DEBUG - Setting control-center audit log enabled to true
2025-01-29 00:59:32,273 INFO c.h.h.t.OperatorHelmChartContainer - [local-hivemq-6f4d548d79] [hivemq] [f1f69c8b] DEBUG - Setting rest-api audit log enabled to true
2025-01-29 00:59:32,273 INFO c.h.h.t.OperatorHelmChartContainer - [local-hivemq-6f4d548d79] [hivemq] [f1f69c8b] DEBUG - Setting HiveMQ Control Center enabled to true 
2025-01-29 00:59:32,273 INFO c.h.h.t.OperatorHelmChartContainer - [local-hivemq-6f4d548d79] [hivemq] [f1f69c8b] DEBUG - Setting HiveMQ Control Center default login enabled to true 
2025-01-29 00:59:32,273 INFO c.h.h.t.OperatorHelmChartContainer - [local-hivemq-6f4d548d79] [hivemq] [f1f69c8b] DEBUG - Setting HiveMQ Control Center session idle time to 14400 seconds
2025-01-29 00:59:32,273 INFO c.h.h.t.OperatorHelmChartContainer - [local-hivemq-6f4d548d79] [hivemq] [f1f69c8b] DEBUG - Adding Http-Listener to HiveMQ Control Center Config
2025-01-29 00:59:32,273 INFO c.h.h.t.OperatorHelmChartContainer - [local-hivemq-6f4d548d79] [hivemq] [f1f69c8b] DEBUG - Set TLS to disabled for cluster TCP transport
2025-01-29 00:59:32,273 INFO c.h.h.t.OperatorHelmChartContainer - [local-hivemq-6f4d548d79] [hivemq] [f1f69c8b] DEBUG - Setting replica count to 2 
2025-01-29 00:59:32,273 INFO c.h.h.t.OperatorHelmChartContainer - [local-hivemq-6f4d548d79] [hivemq] [f1f69c8b] DEBUG - Setting cluster TCP health-check enabled
2025-01-29 00:59:32,273 INFO c.h.h.t.OperatorHelmChartContainer - [local-hivemq-6f4d548d79] [hivemq] [f1f69c8b] DEBUG - Setting cluster TCP health-check bind-address to 10.42.0.7
2025-01-29 00:59:32,273 INFO c.h.h.t.OperatorHelmChartContainer - [local-hivemq-6f4d548d79] [hivemq] [f1f69c8b] DEBUG - Setting cluster TCP health-check bind-address to 9000
2025-01-29 00:59:32,273 INFO c.h.h.t.OperatorHelmChartContainer - [local-hivemq-6f4d548d79] [hivemq] [f1f69c8b] DEBUG - Setting cluster TCP health-check bind-port to 9000
2025-01-29 00:59:32,273 INFO c.h.h.t.OperatorHelmChartContainer - [local-hivemq-6f4d548d79] [hivemq] [f1f69c8b] DEBUG - Setting cluster TCP health-check external-address to default
2025-01-29 00:59:32,273 INFO c.h.h.t.OperatorHelmChartContainer - [local-hivemq-6f4d548d79] [hivemq] [f1f69c8b] DEBUG - Setting cluster TCP health-check external-port to 0
2025-01-29 00:59:32,273 INFO c.h.h.t.OperatorHelmChartContainer - [local-hivemq-6f4d548d79] [hivemq] [f1f69c8b] DEBUG - Setting cluster heartbeat enabled
2025-01-29 00:59:32,273 INFO c.h.h.t.OperatorHelmChartContainer - [local-hivemq-6f4d548d79] [hivemq] [f1f69c8b] DEBUG - Setting cluster heartbeat interval to 4000 ms
2025-01-29 00:59:32,273 INFO c.h.h.t.OperatorHelmChartContainer - [local-hivemq-6f4d548d79] [hivemq] [f1f69c8b] DEBUG - Setting the cluster heartbeat timeout to 30000 ms
2025-01-29 00:59:32,273 INFO c.h.h.t.OperatorHelmChartContainer - [local-hivemq-6f4d548d79] [hivemq] [f1f69c8b] DEBUG - Setting HiveMQ REST API enabled to false 
2025-01-29 00:59:32,273 INFO c.h.h.t.OperatorHelmChartContainer - [local-hivemq-6f4d548d79] [hivemq] [f1f69c8b] DEBUG - Setting HiveMQ REST API authentication enabled to false 
2025-01-29 00:59:32,273 INFO c.h.h.t.OperatorHelmChartContainer - [local-hivemq-6f4d548d79] [hivemq] [f1f69c8b] DEBUG - Setting HiveMQ Health API enabled to false 
2025-01-29 00:59:32,273 INFO c.h.h.t.OperatorHelmChartContainer - [local-hivemq-6f4d548d79] [hivemq] [f1f69c8b] DEBUG - Setting client event history enabled to false
2025-01-29 00:59:32,273 INFO c.h.h.t.OperatorHelmChartContainer - [local-hivemq-6f4d548d79] [hivemq] [f1f69c8b] DEBUG - Setting client event history lifetime to 604800000 ms
2025-01-29 00:59:32,273 INFO c.h.h.t.OperatorHelmChartContainer - [local-hivemq-6f4d548d79] [hivemq] [f1f69c8b] DEBUG - Setting overload protection enabled to true 
2025-01-29 00:59:32,273 INFO c.h.h.t.OperatorHelmChartContainer - [local-hivemq-6f4d548d79] [hivemq] [f1f69c8b] DEBUG - Setting anonymous usage statistics enabled to false 
2025-01-29 00:59:32,273 INFO c.h.h.t.OperatorHelmChartContainer - [local-hivemq-6f4d548d79] [hivemq] [f1f69c8b] DEBUG - Setting expired messages topic enabled to false
2025-01-29 00:59:32,273 INFO c.h.h.t.OperatorHelmChartContainer - [local-hivemq-6f4d548d79] [hivemq] [f1f69c8b] DEBUG - Setting dropped messages topic enabled to false
2025-01-29 00:59:32,273 INFO c.h.h.t.OperatorHelmChartContainer - [local-hivemq-6f4d548d79] [hivemq] [f1f69c8b] DEBUG - Setting dead messages topic enabled to false
2025-01-29 00:59:32,273 INFO c.h.h.t.OperatorHelmChartContainer - [local-hivemq-6f4d548d79] [hivemq] [f1f69c8b] INFO  - Successfully loaded configuration from '/opt/hivemq/conf/config.xml'.
2025-01-29 00:59:32,273 INFO c.h.h.t.OperatorHelmChartContainer - [local-hivemq-6f4d548d79] [hivemq] [f1f69c8b] DEBUG - Performing sanity checks.
2025-01-29 00:59:32,273 INFO c.h.h.t.OperatorHelmChartContainer - [local-hivemq-6f4d548d79] [hivemq] [f1f69c8b] DEBUG - Soft limit for open files (1048576) satisfies the recommended limit (1000000).
2025-01-29 00:59:32,273 INFO c.h.h.t.OperatorHelmChartContainer - [local-hivemq-6f4d548d79] [hivemq] [f1f69c8b] DEBUG - Hard limit for open files (1048576) satisfies the recommended limit (1000000).
2025-01-29 00:59:32,273 INFO c.h.h.t.OperatorHelmChartContainer - [local-hivemq-6f4d548d79] [hivemq] [f1f69c8b] DEBUG - HiveMQ license directory (/opt/hivemq/license) satisfies all required file-system permissions.
2025-01-29 00:59:32,273 INFO c.h.h.t.OperatorHelmChartContainer - [local-hivemq-6f4d548d79] [hivemq] [f1f69c8b] DEBUG - HiveMQ data directory (/opt/hivemq/data) satisfies all required file-system permissions.
2025-01-29 00:59:32,273 INFO c.h.h.t.OperatorHelmChartContainer - [local-hivemq-6f4d548d79] [hivemq] [f1f69c8b] DEBUG - HiveMQ log directory (/opt/hivemq/log) satisfies all required file-system permissions.
2025-01-29 00:59:32,273 INFO c.h.h.t.OperatorHelmChartContainer - [local-hivemq-6f4d548d79] [hivemq] [f1f69c8b] DEBUG - HiveMQ backup directory (/opt/hivemq/backup) satisfies all required file-system permissions.
2025-01-29 00:59:32,275 INFO c.h.h.t.OperatorHelmChartContainer - [POD] svclb-hivemq-local-hivemq-mqtt-26b6f6ff-hr79v [365f2e47-0354-415f-8bcb-bad5de295410] in kube-system was ADDED
2025-01-29 00:59:32,277 INFO c.h.h.t.OperatorHelmChartContainer - [local-hivemq-6f4d548d79] [hivemq] [f1f69c8b] DEBUG - HiveMQ audit directory (/opt/hivemq/audit) satisfies all required file-system permissions.
2025-01-29 00:59:32,277 INFO c.h.h.t.OperatorHelmChartContainer - [local-hivemq-6f4d548d79] [hivemq] [f1f69c8b] DEBUG - HiveMQ extensions directory (/opt/hivemq/extensions) satisfies all required file-system permissions.
2025-01-29 00:59:32,277 INFO c.h.h.t.OperatorHelmChartContainer - [local-hivemq-6f4d548d79] [hivemq] [f1f69c8b] DEBUG - Extension directory hivemq-allow-all-extension (/opt/hivemq/extensions/hivemq-allow-all-extension) satisfies all required file-system permissions.
2025-01-29 00:59:32,277 INFO c.h.h.t.OperatorHelmChartContainer - [local-hivemq-6f4d548d79] [hivemq] [f1f69c8b] DEBUG - Extension directory hivemq-google-cloud-pubsub-extension (/opt/hivemq/extensions/hivemq-google-cloud-pubsub-extension) satisfies all required file-system permissions.
2025-01-29 00:59:32,277 INFO c.h.h.t.OperatorHelmChartContainer - [local-hivemq-6f4d548d79] [hivemq] [f1f69c8b] DEBUG - Extension directory hivemq-enterprise-security-extension (/opt/hivemq/extensions/hivemq-enterprise-security-extension) satisfies all required file-system permissions.
2025-01-29 00:59:32,277 INFO c.h.h.t.OperatorHelmChartContainer - [local-hivemq-6f4d548d79] [hivemq] [f1f69c8b] DEBUG - Extension directory hivemq-bridge-extension (/opt/hivemq/extensions/hivemq-bridge-extension) satisfies all required file-system permissions.
2025-01-29 00:59:32,277 INFO c.h.h.t.OperatorHelmChartContainer - [local-hivemq-6f4d548d79] [hivemq] [f1f69c8b] DEBUG - Extension directory hivemq-kafka-extension (/opt/hivemq/extensions/hivemq-kafka-extension) satisfies all required file-system permissions.
2025-01-29 00:59:32,277 INFO c.h.h.t.OperatorHelmChartContainer - [local-hivemq-6f4d548d79] [hivemq] [f1f69c8b] DEBUG - Extension directory hivemq-distributed-tracing-extension (/opt/hivemq/extensions/hivemq-distributed-tracing-extension) satisfies all required file-system permissions.
2025-01-29 00:59:32,277 INFO c.h.h.t.OperatorHelmChartContainer - [local-hivemq-6f4d548d79] [hivemq] [f1f69c8b] DEBUG - Extension directory hivemq-prometheus-extension (/opt/hivemq/extensions/hivemq-prometheus-extension) satisfies all required file-system permissions.
2025-01-29 00:59:32,277 INFO c.h.h.t.OperatorHelmChartContainer - [local-hivemq-6f4d548d79] [hivemq] [f1f69c8b] DEBUG - Extension directory hivemq-amazon-kinesis-extension (/opt/hivemq/extensions/hivemq-amazon-kinesis-extension) satisfies all required file-system permissions.
2025-01-29 00:59:32,277 INFO c.h.h.t.OperatorHelmChartContainer - [local-hivemq-6f4d548d79] [hivemq] [f1f69c8b] DEBUG - Extension directory hivemq-k8s-sync-extension (/opt/hivemq/extensions/hivemq-k8s-sync-extension) satisfies all required file-system permissions.
2025-01-29 00:59:32,277 INFO c.h.h.t.OperatorHelmChartContainer - [local-hivemq-6f4d548d79] [hivemq] [f1f69c8b] DEBUG - Extension directory hivemq-dns-cluster-discovery (/opt/hivemq/extensions/hivemq-dns-cluster-discovery) satisfies all required file-system permissions.
2025-01-29 00:59:32,278 INFO c.h.h.t.OperatorHelmChartContainer - [local-hivemq-6f4d548d79] [hivemq] [f1f69c8b] DEBUG - Extension directory hivemq-snowflake-extension (/opt/hivemq/extensions/hivemq-snowflake-extension) satisfies all required file-system permissions.
2025-01-29 00:59:32,278 INFO c.h.h.t.OperatorHelmChartContainer - [local-hivemq-6f4d548d79] [hivemq] [f1f69c8b] DEBUG - Extension directory hivemq-postgresql-extension (/opt/hivemq/extensions/hivemq-postgresql-extension) satisfies all required file-system permissions.
2025-01-29 00:59:32,278 INFO c.h.h.t.OperatorHelmChartContainer - [local-hivemq-6f4d548d79] [hivemq] [f1f69c8b] DEBUG - Extension directory hivemq-mysql-extension (/opt/hivemq/extensions/hivemq-mysql-extension) satisfies all required file-system permissions.
2025-01-29 00:59:32,278 INFO c.h.h.t.OperatorHelmChartContainer - [local-hivemq-6f4d548d79] [hivemq] [f1f69c8b] DEBUG - Extension directory hivemq-mongodb-extension (/opt/hivemq/extensions/hivemq-mongodb-extension) satisfies all required file-system permissions.
2025-01-29 00:59:32,278 INFO c.h.h.t.OperatorHelmChartContainer - [local-hivemq-6f4d548d79] [hivemq] [f1f69c8b] DEBUG - Extension directory hivemq-data-lake-extension (/opt/hivemq/extensions/hivemq-data-lake-extension) satisfies all required file-system permissions.
2025-01-29 00:59:32,278 INFO c.h.h.t.OperatorHelmChartContainer - [local-hivemq-6f4d548d79] [hivemq] [f1f69c8b] DEBUG - Extension directory hivemq-microsoft-sql-server-extension (/opt/hivemq/extensions/hivemq-microsoft-sql-server-extension) satisfies all required file-system permissions.
2025-01-29 00:59:32,278 INFO c.h.h.t.OperatorHelmChartContainer - [local-hivemq-6f4d548d79] [hivemq] [f1f69c8b] DEBUG - Temporary directory (/tmp) satisfies all required file-system permissions.
2025-01-29 00:59:32,278 INFO c.h.h.t.OperatorHelmChartContainer - [local-hivemq-6f4d548d79] [hivemq] [f1f69c8b] DEBUG - Heap dump directory (/opt/hivemq/dumps) satisfies all required file-system permissions.
2025-01-29 00:59:32,278 INFO c.h.h.t.OperatorHelmChartContainer - [local-hivemq-6f4d548d79] [hivemq] [f1f69c8b] DEBUG - Performed all sanity checks in 92ms. All sanity checks passed successfully.
2025-01-29 00:59:32,278 INFO c.h.h.t.OperatorHelmChartContainer - [local-hivemq-6f4d548d79] [hivemq] [f1f69c8b] INFO  - This node's ID is i7JZ2
2025-01-29 00:59:32,278 INFO c.h.h.t.OperatorHelmChartContainer - [local-hivemq-6f4d548d79] [hivemq] [f1f69c8b] INFO  - Clustering is enabled
2025-01-29 00:59:32,278 INFO c.h.h.t.OperatorHelmChartContainer - [local-hivemq-6f4d548d79] [hivemq] [f1f69c8b] DEBUG - Configured WriteBufferManager with size for memtables 311023370 and for the block cache 466535055
2025-01-29 00:59:32,278 INFO c.h.h.t.OperatorHelmChartContainer - [local-hivemq-6f4d548d79] [hivemq] [f1f69c8b] DEBUG - Starting RocksDBMemoryUsageWatchdog.
2025-01-29 00:59:32,278 INFO c.h.h.t.OperatorHelmChartContainer - [local-hivemq-6f4d548d79] [hivemq] [f1f69c8b] DEBUG - RocksDBMemoryUsageWatchdog is running.
2025-01-29 00:59:32,278 INFO c.h.h.t.OperatorHelmChartContainer - [local-hivemq-6f4d548d79] [hivemq] [f1f69c8b] DEBUG - Folder /opt/hivemq/data/persistence does not exist, trying to create it
2025-01-29 00:59:32,278 INFO c.h.h.t.OperatorHelmChartContainer - [local-hivemq-6f4d548d79] [hivemq] [f1f69c8b] DEBUG - Created folder /opt/hivemq/data
2025-01-29 00:59:32,278 INFO c.h.h.t.OperatorHelmChartContainer - [local-hivemq-6f4d548d79] [hivemq] [f1f69c8b] DEBUG - Folder /opt/hivemq/data/persistence/publish_payload_store/040500_R does not exist, trying to create it
2025-01-29 00:59:32,278 INFO c.h.h.t.OperatorHelmChartContainer - [local-hivemq-6f4d548d79] [hivemq] [f1f69c8b] DEBUG - Folder /opt/hivemq/data/persistence/client_queue/042800_R does not exist, trying to create it
2025-01-29 00:59:32,278 INFO c.h.h.t.OperatorHelmChartContainer - [local-hivemq-6f4d548d79] [hivemq] [f1f69c8b] DEBUG - Folder /opt/hivemq/data/persistence/client_session_subscriptions/043200_R does not exist, trying to create it
2025-01-29 00:59:32,278 INFO c.h.h.t.OperatorHelmChartContainer - [local-hivemq-6f4d548d79] [hivemq] [f1f69c8b] DEBUG - Folder /opt/hivemq/data/persistence/attribute/043100_R does not exist, trying to create it
2025-01-29 00:59:32,278 INFO c.h.h.t.OperatorHelmChartContainer - [local-hivemq-6f4d548d79] [hivemq] [f1f69c8b] DEBUG - Folder /opt/hivemq/data/persistence/retained_messages/040800_R does not exist, trying to create it
2025-01-29 00:59:32,278 INFO c.h.h.t.OperatorHelmChartContainer - [local-hivemq-6f4d548d79] [hivemq] [f1f69c8b] DEBUG - Folder /opt/hivemq/data/persistence/client_session_store/040100_R does not exist, trying to create it
2025-01-29 00:59:32,278 INFO c.h.h.t.OperatorHelmChartContainer - [local-hivemq-6f4d548d79] [hivemq] [f1f69c8b] DEBUG - Folder /opt/hivemq/data/persistence/incoming_message_flow/043000_R does not exist, trying to create it
2025-01-29 00:59:32,278 INFO c.h.h.t.OperatorHelmChartContainer - [local-hivemq-6f4d548d79] [hivemq] [f1f69c8b] DEBUG - Folder /opt/hivemq/data/persistence/data_hub_modules/043000_R does not exist, trying to create it
2025-01-29 00:59:32,278 INFO c.h.h.t.OperatorHelmChartContainer - [local-hivemq-6f4d548d79] [hivemq] [f1f69c8b] DEBUG - Folder /opt/hivemq/data/persistence/data_hub_schemas/042000_R does not exist, trying to create it
2025-01-29 00:59:32,278 INFO c.h.h.t.OperatorHelmChartContainer - [local-hivemq-6f4d548d79] [hivemq] [f1f69c8b] DEBUG - Folder /opt/hivemq/data/persistence/data_hub_scripts/042300_R does not exist, trying to create it
2025-01-29 00:59:32,278 INFO c.h.h.t.OperatorHelmChartContainer - [local-hivemq-6f4d548d79] [hivemq] [f1f69c8b] DEBUG - Folder /opt/hivemq/data/persistence/data_hub_policies/042000_R does not exist, trying to create it
2025-01-29 00:59:32,278 INFO c.h.h.t.OperatorHelmChartContainer - [local-hivemq-6f4d548d79] [hivemq] [f1f69c8b] DEBUG - Diagnostic mode is disabled
2025-01-29 00:59:32,278 INFO c.h.h.t.OperatorHelmChartContainer - [local-hivemq-6f4d548d79] [hivemq] [f1f69c8b] INFO  - No valid license file found. Using trial license, restricted to 25 connections.
2025-01-29 00:59:32,278 INFO c.h.h.t.OperatorHelmChartContainer - [local-hivemq-6f4d548d79] [hivemq] [f1f69c8b] DEBUG - Native Epoll is available on this platform
2025-01-29 00:59:32,278 INFO c.h.h.t.OperatorHelmChartContainer - [local-hivemq-6f4d548d79] [hivemq] [f1f69c8b] DEBUG - Set extension executor thread pool size to 1
2025-01-29 00:59:32,278 INFO c.h.h.t.OperatorHelmChartContainer - [local-hivemq-6f4d548d79] [hivemq] [f1f69c8b] DEBUG - Set extension executor thread pool keep-alive to 30 seconds
2025-01-29 00:59:32,278 INFO c.h.h.t.OperatorHelmChartContainer - [local-hivemq-6f4d548d79] [hivemq] [f1f69c8b] DEBUG - initializing RSA key
2025-01-29 00:59:32,278 INFO c.h.h.t.OperatorHelmChartContainer - [local-hivemq-6f4d548d79] [hivemq] [f1f69c8b] DEBUG - finished initializing RSA key in 809ms
2025-01-29 00:59:32,282 INFO c.h.h.t.OperatorHelmChartContainer - [local-hivemq-6f4d548d79] [hivemq] [f1f69c8b] DEBUG - Unable to provide size and free metrics for disk /dev/sda: Could not find the corresponding FileStore (OSHI/Java).
2025-01-29 00:59:32,282 INFO c.h.h.t.OperatorHelmChartContainer - [local-hivemq-6f4d548d79] [hivemq] [f1f69c8b] DEBUG - Unable to provide size and free metrics for disk /dev/sdb: Could not find the corresponding FileStore (OSHI/Java).
2025-01-29 00:59:32,282 INFO c.h.h.t.OperatorHelmChartContainer - [local-hivemq-6f4d548d79] [hivemq] [f1f69c8b] DEBUG - Throttling incoming traffic to 0 B/s
2025-01-29 00:59:32,282 INFO c.h.h.t.OperatorHelmChartContainer - [local-hivemq-6f4d548d79] [hivemq] [f1f69c8b] DEBUG - Throttling outgoing traffic to 0 B/s
2025-01-29 00:59:32,282 INFO c.h.h.t.OperatorHelmChartContainer - [local-hivemq-6f4d548d79] [hivemq] [f1f69c8b] INFO  - No valid license file for Data Hub found. Using free license, restricted to 1 policy.
2025-01-29 00:59:32,282 INFO c.h.h.t.OperatorHelmChartContainer - [local-hivemq-6f4d548d79] [hivemq] [f1f69c8b] DEBUG - Building initial topic tree
2025-01-29 00:59:32,282 INFO c.h.h.t.OperatorHelmChartContainer - [local-hivemq-6f4d548d79] [hivemq] [f1f69c8b] DEBUG - Started JMX Metrics Reporting.
2025-01-29 00:59:32,282 INFO c.h.h.t.OperatorHelmChartContainer - [local-hivemq-6f4d548d79] [hivemq] [f1f69c8b] DEBUG - Registered JVM metrics with prefix com.hivemq.jvm.
2025-01-29 00:59:32,282 INFO c.h.h.t.OperatorHelmChartContainer - [local-hivemq-6f4d548d79] [hivemq] [f1f69c8b] DEBUG - Registered HiveMQ Health API metrics.
2025-01-29 00:59:32,282 INFO c.h.h.t.OperatorHelmChartContainer - [local-hivemq-6f4d548d79] [hivemq] [f1f69c8b] INFO  - Audit Logger started.
2025-01-29 00:59:32,282 INFO c.h.h.t.OperatorHelmChartContainer - [local-hivemq-6f4d548d79] [hivemq] [f1f69c8b] INFO  - This node uses '1' CPU cores.
2025-01-29 00:59:32,282 INFO c.h.h.t.OperatorHelmChartContainer - [local-hivemq-6f4d548d79] [hivemq] [f1f69c8b] INFO  - Starting HiveMQ extension system.
2025-01-29 00:59:32,282 INFO c.h.h.t.OperatorHelmChartContainer - [local-hivemq-6f4d548d79] [hivemq] [f1f69c8b] INFO  - Starting extension with id "hivemq-dns-cluster-discovery" at /opt/hivemq/extensions/hivemq-dns-cluster-discovery
2025-01-29 00:59:32,282 INFO c.h.h.t.OperatorHelmChartContainer - [local-hivemq-6f4d548d79] [hivemq] [f1f69c8b] DEBUG - HiveMQ DNS Cluster Discovery Extension: No DNS server address was set in the configuration file or environment variable.
2025-01-29 00:59:32,282 INFO c.h.h.t.OperatorHelmChartContainer - [local-hivemq-6f4d548d79] [hivemq] [f1f69c8b] DEBUG - HiveMQ DNS Cluster Discovery Extension: No reload interval was set in the configuration file or environment variable. Defaulting to 30.
2025-01-29 00:59:32,282 INFO c.h.h.t.OperatorHelmChartContainer - [local-hivemq-6f4d548d79] [hivemq] [f1f69c8b] INFO  - Extension "DNS Cluster Discovery Extension" version 4.3.3 started successfully.
2025-01-29 00:59:32,282 INFO c.h.h.t.OperatorHelmChartContainer - [local-hivemq-6f4d548d79] [hivemq] [f1f69c8b] INFO  - Starting extension with id "hivemq-k8s-sync-extension" at /opt/hivemq/extensions/hivemq-k8s-sync-extension
2025-01-29 00:59:32,282 INFO c.h.h.t.OperatorHelmChartContainer - [local-hivemq-6f4d548d79] [hivemq] [f1f69c8b] INFO  - Using TCP cluster transport on address 10.42.0.7 and port 7000
2025-01-29 00:59:32,282 INFO c.h.h.t.OperatorHelmChartContainer - [local-hivemq-6f4d548d79] [hivemq] [f1f69c8b] INFO  - Using extension cluster discovery
2025-01-29 00:59:32,282 INFO c.h.h.t.OperatorHelmChartContainer - [local-hivemq-6f4d548d79] [hivemq] [f1f69c8b] DEBUG - Could not get configMap modification timestamp for source /hivemq-data/conf/..data, likely no ConfigMap mounted
2025-01-29 00:59:32,282 INFO c.h.h.t.OperatorHelmChartContainer - [local-hivemq-6f4d548d79] [hivemq] [f1f69c8b] DEBUG - Could not get configMap modification timestamp for source /hivemq-data/extensions/..data, likely no ConfigMap mounted
2025-01-29 00:59:32,282 INFO c.h.h.t.OperatorHelmChartContainer - [local-hivemq-6f4d548d79] [hivemq] [f1f69c8b] DEBUG - Could not get configMap modification timestamp for source /hivemq-data/bin/..data, likely no ConfigMap mounted
2025-01-29 00:59:32,282 INFO c.h.h.t.OperatorHelmChartContainer - [local-hivemq-6f4d548d79] [hivemq] [f1f69c8b] INFO  - Started HiveMQ Kubernetes State Synchronization Extension:1.0.3
2025-01-29 00:59:32,282 INFO c.h.h.t.OperatorHelmChartContainer - [local-hivemq-6f4d548d79] [hivemq] [f1f69c8b] INFO  - Extension "HiveMQ Kubernetes State Synchronization Extension" version 1.0.3 started successfully.
2025-01-29 00:59:32,282 INFO c.h.h.t.OperatorHelmChartContainer - [local-hivemq-6f4d548d79] [hivemq] [f1f69c8b] INFO  - Starting extension with id "hivemq-allow-all-extension" at /opt/hivemq/extensions/hivemq-allow-all-extension
2025-01-29 00:59:32,282 INFO c.h.h.t.OperatorHelmChartContainer - [local-hivemq-6f4d548d79] [hivemq] [f1f69c8b] WARN  - 
2025-01-29 00:59:32,282 INFO c.h.h.t.OperatorHelmChartContainer - [local-hivemq-6f4d548d79] [hivemq] [f1f69c8b] ################################################################################################################
2025-01-29 00:59:32,282 INFO c.h.h.t.OperatorHelmChartContainer - [local-hivemq-6f4d548d79] [hivemq] [f1f69c8b] # This HiveMQ deployment is not secure! You are lacking Authentication and Authorization.                      #
2025-01-29 00:59:32,282 INFO c.h.h.t.OperatorHelmChartContainer - [local-hivemq-6f4d548d79] [hivemq] [f1f69c8b] # Right now any MQTT client can connect to the broker with a full set of permissions.                          #
2025-01-29 00:59:32,282 INFO c.h.h.t.OperatorHelmChartContainer - [local-hivemq-6f4d548d79] [hivemq] [f1f69c8b] # For production usage, add an appropriate security extension and remove the hivemq-allow-all extension.       #
2025-01-29 00:59:32,282 INFO c.h.h.t.OperatorHelmChartContainer - [local-hivemq-6f4d548d79] [hivemq] [f1f69c8b] # You can download security extensions from the HiveMQ Marketplace (https://www.hivemq.com/extensions/).       #
2025-01-29 00:59:32,282 INFO c.h.h.t.OperatorHelmChartContainer - [local-hivemq-6f4d548d79] [hivemq] [f1f69c8b] ################################################################################################################
2025-01-29 00:59:32,282 INFO c.h.h.t.OperatorHelmChartContainer - [local-hivemq-6f4d548d79] [hivemq] [f1f69c8b] DEBUG - Simple authenticator added by extension 'hivemq-allow-all-extension'.
2025-01-29 00:59:32,282 INFO c.h.h.t.OperatorHelmChartContainer - [local-hivemq-6f4d548d79] [hivemq] [f1f69c8b] INFO  - Extension "Allow All Extension" version 1.1.1 started successfully.
2025-01-29 00:59:32,282 INFO c.h.h.t.OperatorHelmChartContainer - [local-hivemq-6f4d548d79] [hivemq] [f1f69c8b] DEBUG - HiveMQ DNS Cluster Discovery Extension: Discovered new address '10.42.0.7'.
2025-01-29 00:59:32,282 INFO c.h.h.t.OperatorHelmChartContainer - [local-hivemq-6f4d548d79] [hivemq] [f1f69c8b] INFO  - i7JZ2: no members discovered after 2202 ms: creating cluster as first member
2025-01-29 00:59:32,282 INFO c.h.h.t.OperatorHelmChartContainer - [local-hivemq-6f4d548d79] [hivemq] [f1f69c8b] INFO  - Cluster nodes found by discovery: [i7JZ2|0] (1) [i7JZ2].
2025-01-29 00:59:32,282 INFO c.h.h.t.OperatorHelmChartContainer - [local-hivemq-6f4d548d79] [hivemq] [f1f69c8b] DEBUG - State of node i7JZ2 changed to UNKNOWN was null. Current cluster node states: {i7JZ2=UNKNOWN}
2025-01-29 00:59:32,282 INFO c.h.h.t.OperatorHelmChartContainer - [local-hivemq-6f4d548d79] [hivemq] [f1f69c8b] DEBUG - State of node i7JZ2 set to RUNNING. Current cluster node states: {i7JZ2=RUNNING}
2025-01-29 00:59:32,282 INFO c.h.h.t.OperatorHelmChartContainer - [local-hivemq-6f4d548d79] [hivemq] [f1f69c8b] WARN  - No user for HiveMQ Control Center configured. Starting with default user
2025-01-29 00:59:32,282 INFO c.h.h.t.OperatorHelmChartContainer - [local-hivemq-6f4d548d79] [hivemq] [f1f69c8b] INFO  - Starting HiveMQ Control Center on address 0.0.0.0 and port 8080
2025-01-29 00:59:32,283 INFO c.h.h.t.OperatorHelmChartContainer - [local-hivemq-6f4d548d79] [hivemq] [f1f69c8b] INFO  - Mounting HiveMQ Control Center V2 Preview
2025-01-29 00:59:32,283 INFO c.h.h.t.OperatorHelmChartContainer - [local-hivemq-6f4d548d79] [hivemq] [f1f69c8b] INFO  - Started HiveMQ Control Center in 1199ms
2025-01-29 00:59:32,283 INFO c.h.h.t.OperatorHelmChartContainer - [local-hivemq-6f4d548d79] [hivemq] [f1f69c8b] INFO  - Starting TCP listener on address 0.0.0.0 and port 1883
2025-01-29 00:59:32,283 INFO c.h.h.t.OperatorHelmChartContainer - [local-hivemq-6f4d548d79] [hivemq] [f1f69c8b] INFO  - Started TCP Listener on address 0.0.0.0 and on port 1883.
2025-01-29 00:59:32,283 INFO c.h.h.t.OperatorHelmChartContainer - [local-hivemq-6f4d548d79] [hivemq] [f1f69c8b] INFO  - Started HiveMQ in 23787ms
2025-01-29 00:59:32,302 INFO c.h.h.t.OperatorHelmChartContainer - Started log watcher for operator in pod local-hivemq-hivemq-operator-operator-6b564f6db4-lv7h8 [be369b04-d8ca-47de-8c88-5a5ecc16bf36]
2025-01-29 00:59:32,302 INFO c.h.h.t.OperatorHelmChartContainer - [local-hivemq-hivemq-operator] [operator] [be369b04] Picked up JAVA_TOOL_OPTIONS: -XX:+UnlockExperimentalVMOptions -XX:InitialRAMPercentage=75 -XX:MaxRAMPercentage=75
2025-01-29 00:59:32,302 INFO c.h.h.t.OperatorHelmChartContainer - [local-hivemq-hivemq-operator] [operator] [be369b04]  __  __ _                                  _   
2025-01-29 00:59:32,302 INFO c.h.h.t.OperatorHelmChartContainer - [local-hivemq-hivemq-operator] [operator] [be369b04] |  \/  (_) ___ _ __ ___  _ __   __ _ _   _| |_ 
2025-01-29 00:59:32,302 INFO c.h.h.t.OperatorHelmChartContainer - [local-hivemq-hivemq-operator] [operator] [be369b04] | |\/| | |/ __| '__/ _ \| '_ \ / _` | | | | __|
2025-01-29 00:59:32,302 INFO c.h.h.t.OperatorHelmChartContainer - [local-hivemq-hivemq-operator] [operator] [be369b04] | |  | | | (__| | | (_) | | | | (_| | |_| | |_ 
2025-01-29 00:59:32,302 INFO c.h.h.t.OperatorHelmChartContainer - [local-hivemq-hivemq-operator] [operator] [be369b04] |_|  |_|_|\___|_|  \___/|_| |_|\__,_|\__,_|\__|
2025-01-29 00:59:32,302 INFO c.h.h.t.OperatorHelmChartContainer - [local-hivemq-hivemq-operator] [operator] [be369b04]   Micronaut (v3.5.2)
2025-01-29 00:59:32,302 INFO c.h.h.t.OperatorHelmChartContainer - [local-hivemq-hivemq-operator] [operator] [be369b04] 
2025-01-29 00:59:32,302 INFO c.h.h.t.OperatorHelmChartContainer - [local-hivemq-hivemq-operator] [operator] [be369b04] ?[36m00:58:13.318?[0;39m ?[1;30m[main]?[0;39m ?[34mINFO ?[0;39m ?[35mio.micronaut.runtime.Micronaut?[0;39m - Startup completed in 2193ms. Server Running: http://local-hivemq-hivemq-operator-operator-6b564f6db4-lv7h8:8443
2025-01-29 00:59:32,302 INFO c.h.h.t.OperatorHelmChartContainer - [local-hivemq-hivemq-operator] [operator] [be369b04] ?[36m00:58:14.412?[0;39m ?[1;30m[main]?[0;39m ?[34mINFO ?[0;39m ?[35mcom.hivemq.Operator?[0;39m - Initializing HiveMQ operator
2025-01-29 00:59:32,302 INFO c.h.h.t.OperatorHelmChartContainer - [local-hivemq-hivemq-operator] [operator] [be369b04] ?[36m00:58:15.512?[0;39m ?[1;30m[main]?[0;39m ?[34mINFO ?[0;39m ?[35mcom.hivemq.Operator?[0;39m - Operating from namespace 'default'
2025-01-29 00:59:32,302 INFO c.h.h.t.OperatorHelmChartContainer - [local-hivemq-hivemq-operator] [operator] [be369b04] ?[36m00:58:15.709?[0;39m ?[1;30m[pool-3-thread-1]?[0;39m ?[34mINFO ?[0;39m ?[35mcom.hivemq.AbstractWatcher?[0;39m - CustomResource watcher running for kinds HiveMQCluster
2025-01-29 00:59:32,302 INFO c.h.h.t.OperatorHelmChartContainer - [local-hivemq-hivemq-operator] [operator] [be369b04] ?[36m00:58:16.219?[0;39m ?[1;30m[main]?[0;39m ?[34mINFO ?[0;39m ?[35mcom.hivemq.Operator?[0;39m - Operator started in 1807ms
2025-01-29 00:59:32,302 INFO c.h.h.t.OperatorHelmChartContainer - [local-hivemq-hivemq-operator] [operator] [be369b04] ?[36m00:58:16.518?[0;39m ?[1;30m[pool-3-thread-2]?[0;39m ?[34mINFO ?[0;39m ?[35mcom.hivemq.Operator?[0;39m - Syncing state for cluster 'local-hivemq' in namespace 'default'
2025-01-29 00:59:32,302 INFO c.h.h.t.OperatorHelmChartContainer - [local-hivemq-hivemq-operator] [operator] [be369b04] ?[36m00:58:19.604?[0;39m ?[1;30m[pool-3-thread-7]?[0;39m ?[34mINFO ?[0;39m ?[35mcom.hivemq.Operator?[0;39m - Syncing state for cluster 'local-hivemq' in namespace 'default'
2025-01-29 00:59:32,302 INFO c.h.h.t.OperatorHelmChartContainer - [local-hivemq-hivemq-operator] [operator] [be369b04] ?[36m00:58:20.379?[0;39m ?[1;30m[pool-3-thread-2]?[0;39m ?[34mINFO ?[0;39m ?[35mcom.hivemq.util.DeploymentUtil?[0;39m - Waiting for deployment local-hivemq to roll out...
2025-01-29 00:59:32,302 INFO c.h.h.t.OperatorHelmChartContainer - [local-hivemq-hivemq-operator] [operator] [be369b04] ?[36m00:58:21.076?[0;39m ?[1;30m[pool-3-thread-7]?[0;39m ?[34mINFO ?[0;39m ?[35mcom.hivemq.util.DeploymentUtil?[0;39m - Waiting for deployment local-hivemq to roll out...
2025-01-29 00:59:32,302 INFO c.h.h.t.OperatorHelmChartContainer - [local-hivemq-hivemq-operator] [operator] [be369b04] ?[36m00:59:31.798?[0;39m ?[1;30m[pool-3-thread-7]?[0;39m ?[34mINFO ?[0;39m ?[35mcom.hivemq.Operator?[0;39m - State synchronization complete for cluster 'local-hivemq' in namespace 'default' in 72194ms
2025-01-29 00:59:32,302 INFO c.h.h.t.OperatorHelmChartContainer - [local-hivemq-hivemq-operator] [operator] [be369b04] ?[36m00:59:32.175?[0;39m ?[1;30m[pool-3-thread-2]?[0;39m ?[34mINFO ?[0;39m ?[35mcom.hivemq.Operator?[0;39m - State synchronization complete for cluster 'local-hivemq' in namespace 'default' in 75657ms
2025-01-29 00:59:32,301 INFO c.h.h.t.OperatorHelmChartContainer - [EVENT] Normal [Started] Started container operator [default:local-hivemq-hivemq-operator-operator-6b564f6db4-lv7h8]
2025-01-29 00:59:32,302 INFO c.h.h.t.OperatorHelmChartContainer - Received Started event for container operator in pod local-hivemq-hivemq-operator-operator-6b564f6db4-lv7h8 [be369b04-d8ca-47de-8c88-5a5ecc16bf36]
2025-01-29 00:59:32,303 INFO c.h.h.t.OperatorHelmChartContainer - [EVENT] Normal [SuccessfulCreate] Created pod: local-hivemq-hivemq-operator-operator-6b564f6db4-lv7h8 [default:local-hivemq-hivemq-operator-operator-6b564f6db4]
2025-01-29 00:59:32,303 INFO c.h.h.t.OperatorHelmChartContainer - [EVENT] Normal [ScalingReplicaSet] Scaled up replica set local-hivemq-hivemq-operator-operator-6b564f6db4 from 0 to 1 [default:local-hivemq-hivemq-operator-operator]
2025-01-29 00:59:32,303 INFO c.h.h.t.OperatorHelmChartContainer - [EVENT] Normal [ScalingReplicaSet] Scaled up replica set local-hivemq-6f4d548d79 from 0 to 1 [default:local-hivemq]
2025-01-29 00:59:35,013 INFO c.h.h.t.OperatorHelmChartContainer - [local-hivemq-hivemq-operator] [operator] [be369b04] ?[36m00:59:35.010?[0;39m ?[1;30m[pool-3-thread-12]?[0;39m ?[34mINFO ?[0;39m ?[35mcom.hivemq.Operator?[0;39m - Syncing state for cluster 'local-hivemq' in namespace 'default'
2025-01-29 00:59:35,116 INFO c.h.h.t.OperatorHelmChartContainer - [K3S] [event.go:389] "Event occurred" object="default/hivemq-local-hivemq-mqtt" fieldPath="" kind="Service" apiVersion="v1" type="Normal" reason="DeletingLoadBalancer" message="Deleting load balancer"
2025-01-29 00:59:35,127 INFO c.h.h.t.OperatorHelmChartContainer - [K3S] [event.go:389] "Event occurred" object="default/hivemq-local-hivemq-mqtt" fieldPath="" kind="Service" apiVersion="v1" type="Normal" reason="DeletedLoadBalancer" message="Deleted load balancer"
2025-01-29 00:59:35,130 INFO c.h.h.t.OperatorHelmChartContainer - [K3S] [event.go:389] "Event occurred" object="default/hivemq-local-hivemq-mqtt" fieldPath="" kind="Service" apiVersion="v1" type="Normal" reason="DeletedDaemonSet" message="Deleted LoadBalancer DaemonSet kube-system/svclb-hivemq-local-hivemq-mqtt-26b6f6ff"
2025-01-29 00:59:35,130 INFO c.h.h.t.OperatorHelmChartContainer - [EVENT] Normal [DeletingLoadBalancer] Deleting load balancer [default:hivemq-local-hivemq-mqtt]
2025-01-29 00:59:35,142 INFO c.h.h.t.OperatorHelmChartContainer - [EVENT] Normal [DeletedDaemonSet] Deleted LoadBalancer DaemonSet kube-system/svclb-hivemq-local-hivemq-mqtt-26b6f6ff [default:hivemq-local-hivemq-mqtt]
2025-01-29 00:59:35,144 INFO c.h.h.t.OperatorHelmChartContainer - [EVENT] Normal [DeletedLoadBalancer] Deleted load balancer [default:hivemq-local-hivemq-mqtt]
2025-01-29 00:59:35,175 INFO c.h.h.t.OperatorHelmChartContainer - [POD] svclb-hivemq-local-hivemq-mqtt-26b6f6ff-hr79v [365f2e47-0354-415f-8bcb-bad5de295410] in kube-system was MODIFIED
2025-01-29 00:59:35,203 DEBUG c.h.h.t.OperatorHelmChartContainer - Chart 'local-hivemq' installed or upgraded
2025-01-29 00:59:35,227 DEBUG com.hivemq.helmcharts.util.K8sUtil - State to compare Running and waiting for Updating
2025-01-29 00:59:35,390 INFO c.h.h.t.OperatorHelmChartContainer - [POD] svclb-hivemq-local-hivemq-mqtt-26b6f6ff-hr79v [365f2e47-0354-415f-8bcb-bad5de295410] in kube-system was MODIFIED
2025-01-29 00:59:35,493 DEBUG com.hivemq.helmcharts.util.K8sUtil - State to compare Running and waiting for Updating
2025-01-29 00:59:35,593 DEBUG com.hivemq.helmcharts.util.K8sUtil - State to compare Updating and waiting for Updating
2025-01-29 00:59:35,603 DEBUG com.hivemq.helmcharts.util.K8sUtil - State to compare Updating and waiting for Running
2025-01-29 00:59:35,728 INFO c.h.h.t.OperatorHelmChartContainer - [EVENT] Normal [ScalingReplicaSet] Scaled up replica set local-hivemq-5fcc877b5c from 0 to 1 [default:local-hivemq]
2025-01-29 00:59:35,738 INFO c.h.h.t.OperatorHelmChartContainer - [POD] local-hivemq-5fcc877b5c-lkd56 [a69f60b0-db25-4154-9a12-f9101a1d838f] in default was ADDED
2025-01-29 00:59:35,739 INFO c.h.h.t.OperatorHelmChartContainer - [EVENT] Normal [SuccessfulCreate] Created pod: local-hivemq-5fcc877b5c-lkd56 [default:local-hivemq-5fcc877b5c]
2025-01-29 00:59:35,745 INFO c.h.h.t.OperatorHelmChartContainer - [K3S] [replica_set.go:679] "Finished syncing" kind="ReplicaSet" key="default/local-hivemq-5fcc877b5c" duration="18.768781ms"
2025-01-29 00:59:35,746 INFO c.h.h.t.OperatorHelmChartContainer - [K3S] [memory_manager.go:355] "RemoveStaleState removing state" podUID="365f2e47-0354-415f-8bcb-bad5de295410" containerName="lb-tcp-1883"
2025-01-29 00:59:35,747 INFO c.h.h.t.OperatorHelmChartContainer - [POD] local-hivemq-5fcc877b5c-lkd56 [a69f60b0-db25-4154-9a12-f9101a1d838f] in default was MODIFIED
2025-01-29 00:59:35,749 INFO c.h.h.t.OperatorHelmChartContainer - [EVENT] Normal [Scheduled] Successfully assigned default/local-hivemq-5fcc877b5c-lkd56 to 9dc6fffc3783 [default:local-hivemq-5fcc877b5c-lkd56]
2025-01-29 00:59:35,757 INFO c.h.h.t.OperatorHelmChartContainer - [K3S] [replica_set.go:679] "Finished syncing" kind="ReplicaSet" key="default/local-hivemq-5fcc877b5c" duration="12.579631ms"
2025-01-29 00:59:35,757 INFO c.h.h.t.OperatorHelmChartContainer - [K3S] [replica_set.go:679] "Finished syncing" kind="ReplicaSet" key="default/local-hivemq-5fcc877b5c" duration="61.173µs"
2025-01-29 00:59:35,757 INFO c.h.h.t.OperatorHelmChartContainer - [K3S] [replica_set.go:679] "Finished syncing" kind="ReplicaSet" key="default/local-hivemq-5fcc877b5c" duration="56.525µs"
2025-01-29 00:59:35,765 INFO c.h.h.t.OperatorHelmChartContainer - [K3S] [replica_set.go:679] "Finished syncing" kind="ReplicaSet" key="default/local-hivemq-5fcc877b5c" duration="36.047µs"
2025-01-29 00:59:35,767 INFO c.h.h.t.OperatorHelmChartContainer - [POD] local-hivemq-5fcc877b5c-lkd56 [a69f60b0-db25-4154-9a12-f9101a1d838f] in default was MODIFIED
2025-01-29 00:59:35,782 INFO c.h.h.t.OperatorHelmChartContainer - [local-hivemq-hivemq-operator] [operator] [be369b04] ?[36m00:59:35.777?[0;39m ?[1;30m[pool-3-thread-12]?[0;39m ?[34mINFO ?[0;39m ?[35mcom.hivemq.util.DeploymentUtil?[0;39m - Waiting for deployment local-hivemq to roll out...
2025-01-29 00:59:35,794 INFO c.h.h.t.OperatorHelmChartContainer - [K3S] [reconciler_common.go:251] "operationExecutor.VerifyControllerAttachedVolume started for volume \"log\" (UniqueName: \"kubernetes.io/empty-dir/a69f60b0-db25-4154-9a12-f9101a1d838f-log\") pod \"local-hivemq-5fcc877b5c-lkd56\" (UID: \"a69f60b0-db25-4154-9a12-f9101a1d838f\") " pod="default/local-hivemq-5fcc877b5c-lkd56"
2025-01-29 00:59:35,796 INFO c.h.h.t.OperatorHelmChartContainer - [K3S] [reconciler_common.go:251] "operationExecutor.VerifyControllerAttachedVolume started for volume \"ese-extension-config\" (UniqueName: \"kubernetes.io/configmap/a69f60b0-db25-4154-9a12-f9101a1d838f-ese-extension-config\") pod \"local-hivemq-5fcc877b5c-lkd56\" (UID: \"a69f60b0-db25-4154-9a12-f9101a1d838f\") " pod="default/local-hivemq-5fcc877b5c-lkd56"
2025-01-29 00:59:35,796 INFO c.h.h.t.OperatorHelmChartContainer - [K3S] [reconciler_common.go:251] "operationExecutor.VerifyControllerAttachedVolume started for volume \"kube-api-access-rzvft\" (UniqueName: \"kubernetes.io/projected/a69f60b0-db25-4154-9a12-f9101a1d838f-kube-api-access-rzvft\") pod \"local-hivemq-5fcc877b5c-lkd56\" (UID: \"a69f60b0-db25-4154-9a12-f9101a1d838f\") " pod="default/local-hivemq-5fcc877b5c-lkd56"
2025-01-29 00:59:35,796 INFO c.h.h.t.OperatorHelmChartContainer - [K3S] [reconciler_common.go:251] "operationExecutor.VerifyControllerAttachedVolume started for volume \"audit\" (UniqueName: \"kubernetes.io/empty-dir/a69f60b0-db25-4154-9a12-f9101a1d838f-audit\") pod \"local-hivemq-5fcc877b5c-lkd56\" (UID: \"a69f60b0-db25-4154-9a12-f9101a1d838f\") " pod="default/local-hivemq-5fcc877b5c-lkd56"
2025-01-29 00:59:35,796 INFO c.h.h.t.OperatorHelmChartContainer - [K3S] [reconciler_common.go:251] "operationExecutor.VerifyControllerAttachedVolume started for volume \"data\" (UniqueName: \"kubernetes.io/empty-dir/a69f60b0-db25-4154-9a12-f9101a1d838f-data\") pod \"local-hivemq-5fcc877b5c-lkd56\" (UID: \"a69f60b0-db25-4154-9a12-f9101a1d838f\") " pod="default/local-hivemq-5fcc877b5c-lkd56"
2025-01-29 00:59:35,796 INFO c.h.h.t.OperatorHelmChartContainer - [K3S] [reconciler_common.go:251] "operationExecutor.VerifyControllerAttachedVolume started for volume \"conf-override\" (UniqueName: \"kubernetes.io/empty-dir/a69f60b0-db25-4154-9a12-f9101a1d838f-conf-override\") pod \"local-hivemq-5fcc877b5c-lkd56\" (UID: \"a69f60b0-db25-4154-9a12-f9101a1d838f\") " pod="default/local-hivemq-5fcc877b5c-lkd56"
2025-01-29 00:59:35,796 INFO c.h.h.t.OperatorHelmChartContainer - [K3S] [reconciler_common.go:251] "operationExecutor.VerifyControllerAttachedVolume started for volume \"backup\" (UniqueName: \"kubernetes.io/empty-dir/a69f60b0-db25-4154-9a12-f9101a1d838f-backup\") pod \"local-hivemq-5fcc877b5c-lkd56\" (UID: \"a69f60b0-db25-4154-9a12-f9101a1d838f\") " pod="default/local-hivemq-5fcc877b5c-lkd56"
2025-01-29 00:59:35,797 INFO c.h.h.t.OperatorHelmChartContainer - [K3S] [reconciler_common.go:251] "operationExecutor.VerifyControllerAttachedVolume started for volume \"live-info\" (UniqueName: \"kubernetes.io/configmap/a69f60b0-db25-4154-9a12-f9101a1d838f-live-info\") pod \"local-hivemq-5fcc877b5c-lkd56\" (UID: \"a69f60b0-db25-4154-9a12-f9101a1d838f\") " pod="default/local-hivemq-5fcc877b5c-lkd56"
2025-01-29 00:59:35,797 INFO c.h.h.t.OperatorHelmChartContainer - [K3S] [reconciler_common.go:251] "operationExecutor.VerifyControllerAttachedVolume started for volume \"dns-wait-config\" (UniqueName: \"kubernetes.io/configmap/a69f60b0-db25-4154-9a12-f9101a1d838f-dns-wait-config\") pod \"local-hivemq-5fcc877b5c-lkd56\" (UID: \"a69f60b0-db25-4154-9a12-f9101a1d838f\") " pod="default/local-hivemq-5fcc877b5c-lkd56"
2025-01-29 00:59:35,797 INFO c.h.h.t.OperatorHelmChartContainer - [K3S] [reconciler_common.go:251] "operationExecutor.VerifyControllerAttachedVolume started for volume \"shared-data\" (UniqueName: \"kubernetes.io/empty-dir/a69f60b0-db25-4154-9a12-f9101a1d838f-shared-data\") pod \"local-hivemq-5fcc877b5c-lkd56\" (UID: \"a69f60b0-db25-4154-9a12-f9101a1d838f\") " pod="default/local-hivemq-5fcc877b5c-lkd56"
2025-01-29 00:59:35,797 INFO c.h.h.t.OperatorHelmChartContainer - [K3S] [reconciler_common.go:251] "operationExecutor.VerifyControllerAttachedVolume started for volume \"heap-dumps\" (UniqueName: \"kubernetes.io/empty-dir/a69f60b0-db25-4154-9a12-f9101a1d838f-heap-dumps\") pod \"local-hivemq-5fcc877b5c-lkd56\" (UID: \"a69f60b0-db25-4154-9a12-f9101a1d838f\") " pod="default/local-hivemq-5fcc877b5c-lkd56"
2025-01-29 00:59:35,815 DEBUG com.hivemq.helmcharts.util.K8sUtil - State to compare Updating and waiting for Running
2025-01-29 00:59:35,892 DEBUG com.hivemq.helmcharts.util.K8sUtil - State to compare Updating and waiting for Running
2025-01-29 00:59:36,096 INFO c.h.h.t.OperatorHelmChartContainer - [K3S] [scope.go:117] "RemoveContainer" containerID="07e2f869d105b3a271446f0da85f14d6eaa7c3f63d0522cd3dafcfb4df61fdc2"
2025-01-29 00:59:36,102 INFO c.h.h.t.OperatorHelmChartContainer - [K3S] [scope.go:117] "RemoveContainer" containerID="07e2f869d105b3a271446f0da85f14d6eaa7c3f63d0522cd3dafcfb4df61fdc2"
2025-01-29 00:59:36,117 INFO c.h.h.t.OperatorHelmChartContainer - [POD] svclb-hivemq-local-hivemq-mqtt-26b6f6ff-hr79v [365f2e47-0354-415f-8bcb-bad5de295410] in kube-system was MODIFIED
2025-01-29 00:59:36,117 INFO c.h.h.t.OperatorHelmChartContainer - [POD] svclb-hivemq-local-hivemq-mqtt-26b6f6ff-hr79v [365f2e47-0354-415f-8bcb-bad5de295410] in kube-system was DELETED
2025-01-29 00:59:36,153 INFO c.h.h.t.OperatorHelmChartContainer - [EVENT] Normal [Pulling] Pulling image "busybox:latest" [default:local-hivemq-5fcc877b5c-lkd56]
2025-01-29 00:59:36,357 INFO c.h.h.t.OperatorHelmChartContainer - [EVENT] Normal [Pulled] Successfully pulled image "busybox:latest" in 205ms (205ms including waiting). Image size: 2167089 bytes. [default:local-hivemq-5fcc877b5c-lkd56]
2025-01-29 00:59:36,363 INFO c.h.h.t.OperatorHelmChartContainer - [EVENT] Normal [Created] Created container: init-shared [default:local-hivemq-5fcc877b5c-lkd56]
2025-01-29 00:59:36,403 INFO c.h.h.t.OperatorHelmChartContainer - [EVENT] Normal [Started] Started container init-shared [default:local-hivemq-5fcc877b5c-lkd56]
2025-01-29 00:59:36,918 INFO c.h.h.t.OperatorHelmChartContainer - [K3S] [kubelet_volumes.go:163] "Cleaned up orphaned pod volumes dir" podUID="365f2e47-0354-415f-8bcb-bad5de295410" path="/var/lib/kubelet/pods/365f2e47-0354-415f-8bcb-bad5de295410/volumes"
2025-01-29 00:59:37,103 INFO c.h.h.t.OperatorHelmChartContainer - [EVENT] Normal [Pulled] Container image "hivemq/init-dns-wait:snapshot" already present on machine [default:local-hivemq-5fcc877b5c-lkd56]
2025-01-29 00:59:37,113 INFO c.h.h.t.OperatorHelmChartContainer - [EVENT] Normal [Created] Created container: dns-wait [default:local-hivemq-5fcc877b5c-lkd56]
2025-01-29 00:59:37,118 INFO c.h.h.t.OperatorHelmChartContainer - [POD] local-hivemq-5fcc877b5c-lkd56 [a69f60b0-db25-4154-9a12-f9101a1d838f] in default was MODIFIED
2025-01-29 00:59:37,121 INFO c.h.h.t.OperatorHelmChartContainer - [K3S] [replica_set.go:679] "Finished syncing" kind="ReplicaSet" key="default/local-hivemq-5fcc877b5c" duration="64.591µs"
2025-01-29 00:59:37,163 INFO c.h.h.t.OperatorHelmChartContainer - [EVENT] Normal [Started] Started container dns-wait [default:local-hivemq-5fcc877b5c-lkd56]
2025-01-29 00:59:38,115 INFO c.h.h.t.OperatorHelmChartContainer - [K3S] [replica_set.go:679] "Finished syncing" kind="ReplicaSet" key="default/local-hivemq-5fcc877b5c" duration="50.283µs"
2025-01-29 00:59:38,118 INFO c.h.h.t.OperatorHelmChartContainer - [POD] local-hivemq-5fcc877b5c-lkd56 [a69f60b0-db25-4154-9a12-f9101a1d838f] in default was MODIFIED
2025-01-29 00:59:48,121 INFO c.h.h.t.OperatorHelmChartContainer - [EVENT] Normal [Pulled] Container image "hivemq/hivemq4:k8s-4.36.0" already present on machine [default:local-hivemq-5fcc877b5c-lkd56]
2025-01-29 00:59:48,121 INFO c.h.h.t.OperatorHelmChartContainer - Received Pulled event for container hivemq in pod local-hivemq-5fcc877b5c-lkd56 [a69f60b0-db25-4154-9a12-f9101a1d838f]
2025-01-29 00:59:48,130 INFO c.h.h.t.OperatorHelmChartContainer - [K3S] [replica_set.go:679] "Finished syncing" kind="ReplicaSet" key="default/local-hivemq-5fcc877b5c" duration="57.236µs"
2025-01-29 00:59:48,132 INFO c.h.h.t.OperatorHelmChartContainer - [EVENT] Normal [Created] Created container: hivemq [default:local-hivemq-5fcc877b5c-lkd56]
2025-01-29 00:59:48,132 INFO c.h.h.t.OperatorHelmChartContainer - Received Created event for container hivemq in pod local-hivemq-5fcc877b5c-lkd56 [a69f60b0-db25-4154-9a12-f9101a1d838f]
2025-01-29 00:59:48,133 INFO c.h.h.t.OperatorHelmChartContainer - [POD] local-hivemq-5fcc877b5c-lkd56 [a69f60b0-db25-4154-9a12-f9101a1d838f] in default was MODIFIED
2025-01-29 00:59:49,131 INFO c.h.h.t.OperatorHelmChartContainer - [K3S] [replica_set.go:679] "Finished syncing" kind="ReplicaSet" key="default/local-hivemq-5fcc877b5c" duration="53.018µs"
2025-01-29 00:59:49,134 INFO c.h.h.t.OperatorHelmChartContainer - [POD] local-hivemq-5fcc877b5c-lkd56 [a69f60b0-db25-4154-9a12-f9101a1d838f] in default was MODIFIED
2025-01-29 00:59:49,147 INFO c.h.h.t.OperatorHelmChartContainer - Started log watcher for hivemq in pod local-hivemq-5fcc877b5c-lkd56 [a69f60b0-db25-4154-9a12-f9101a1d838f]
2025-01-29 00:59:49,148 INFO c.h.h.t.OperatorHelmChartContainer - [EVENT] Normal [Started] Started container hivemq [default:local-hivemq-5fcc877b5c-lkd56]
2025-01-29 00:59:49,148 INFO c.h.h.t.OperatorHelmChartContainer - Received Started event for container hivemq in pod local-hivemq-5fcc877b5c-lkd56 [a69f60b0-db25-4154-9a12-f9101a1d838f]
2025-01-29 00:59:49,148 INFO c.h.h.t.OperatorHelmChartContainer - [local-hivemq-5fcc877b5c] [hivemq] [a69f60b0] Copying external files
2025-01-29 00:59:49,148 INFO c.h.h.t.OperatorHelmChartContainer - [local-hivemq-5fcc877b5c] [hivemq] [a69f60b0] '/conf-override/extensions/hivemq-enterprise-security-extension/..2025_01_29_00_59_35.3925233761' -> '/opt/hivemq/extensions/hivemq-enterprise-security-extension/..2025_01_29_00_59_35.3925233761'
2025-01-29 00:59:49,148 INFO c.h.h.t.OperatorHelmChartContainer - [local-hivemq-5fcc877b5c] [hivemq] [a69f60b0] '/conf-override/extensions/hivemq-enterprise-security-extension/..2025_01_29_00_59_35.3925233761/hivemq-enterprise-security-extension.xml' -> '/opt/hivemq/extensions/hivemq-enterprise-security-extension/..2025_01_29_00_59_35.3925233761/hivemq-enterprise-security-extension.xml'
2025-01-29 00:59:49,148 INFO c.h.h.t.OperatorHelmChartContainer - [local-hivemq-5fcc877b5c] [hivemq] [a69f60b0] '/conf-override/extensions/hivemq-enterprise-security-extension/..data' -> '/opt/hivemq/extensions/hivemq-enterprise-security-extension/..data'
2025-01-29 00:59:49,148 INFO c.h.h.t.OperatorHelmChartContainer - [local-hivemq-5fcc877b5c] [hivemq] [a69f60b0] '/conf-override/extensions/hivemq-enterprise-security-extension/hivemq-enterprise-security-extension.xml' -> '/opt/hivemq/extensions/hivemq-enterprise-security-extension/hivemq-enterprise-security-extension.xml'
2025-01-29 00:59:49,148 INFO c.h.h.t.OperatorHelmChartContainer - [local-hivemq-5fcc877b5c] [hivemq] [a69f60b0] Rewriting config.xml...
2025-01-29 00:59:49,148 INFO c.h.h.t.OperatorHelmChartContainer - [local-hivemq-5fcc877b5c] [hivemq] [a69f60b0] Creating initial lastUpdate files...
2025-01-29 00:59:49,148 INFO c.h.h.t.OperatorHelmChartContainer - [local-hivemq-5fcc877b5c] [hivemq] [a69f60b0] '/conf-override/extensions/hivemq-enterprise-security-extension/..2025_01_29_00_59_35.3925233761/hivemq-enterprise-security-extension.xml' -> '/opt/hivemq/extensions/hivemq-enterprise-security-extension/..2025_01_29_00_59_35.3925233761/hivemq-enterprise-security-extension.xml.lastUpdate'
2025-01-29 00:59:49,148 INFO c.h.h.t.OperatorHelmChartContainer - [local-hivemq-5fcc877b5c] [hivemq] [a69f60b0] Disabling Prometheus
2025-01-29 00:59:49,148 INFO c.h.h.t.OperatorHelmChartContainer - [local-hivemq-5fcc877b5c] [hivemq] [a69f60b0] Pod info:
2025-01-29 00:59:49,149 INFO c.h.h.t.OperatorHelmChartContainer - [local-hivemq-5fcc877b5c] [hivemq] [a69f60b0] extension-names=hivemq-enterprise-security-extension
2025-01-29 00:59:49,149 INFO c.h.h.t.OperatorHelmChartContainer - [local-hivemq-5fcc877b5c] [hivemq] [a69f60b0] extension-uris=preinstalled
2025-01-29 00:59:49,149 INFO c.h.h.t.OperatorHelmChartContainer - [local-hivemq-5fcc877b5c] [hivemq] [a69f60b0] extension-states=true
2025-01-29 00:59:49,149 INFO c.h.h.t.OperatorHelmChartContainer - [local-hivemq-5fcc877b5c] [hivemq] [a69f60b0] extensions-static=false
2025-01-29 00:59:49,149 INFO c.h.h.t.OperatorHelmChartContainer - [local-hivemq-5fcc877b5c] [hivemq] [a69f60b0] Installing extension #0 with name: hivemq-enterprise-security-extension, URI: preinstalled, enabled state: true
2025-01-29 00:59:49,149 INFO c.h.h.t.OperatorHelmChartContainer - [local-hivemq-5fcc877b5c] [hivemq] [a69f60b0] + [[ 3 != 3 ]]
2025-01-29 00:59:49,152 INFO c.h.h.t.OperatorHelmChartContainer - [local-hivemq-5fcc877b5c] [hivemq] [a69f60b0] + EXTENSION_URI=preinstalled
2025-01-29 00:59:49,152 INFO c.h.h.t.OperatorHelmChartContainer - [local-hivemq-5fcc877b5c] [hivemq] [a69f60b0] + EXTENSION_NAME=hivemq-enterprise-security-extension
2025-01-29 00:59:49,152 INFO c.h.h.t.OperatorHelmChartContainer - [local-hivemq-5fcc877b5c] [hivemq] [a69f60b0] + TARGET_STATE=true
2025-01-29 00:59:49,152 INFO c.h.h.t.OperatorHelmChartContainer - [local-hivemq-5fcc877b5c] [hivemq] [a69f60b0] + TARGET_DIR=/opt/hivemq/extensions/hivemq-enterprise-security-extension
2025-01-29 00:59:49,152 INFO c.h.h.t.OperatorHelmChartContainer - [local-hivemq-5fcc877b5c] [hivemq] [a69f60b0] ++ mktemp -d
2025-01-29 00:59:49,152 INFO c.h.h.t.OperatorHelmChartContainer - [local-hivemq-5fcc877b5c] [hivemq] [a69f60b0] + install_dir=/tmp/tmp.lhOW66N9f4
2025-01-29 00:59:49,152 INFO c.h.h.t.OperatorHelmChartContainer - [local-hivemq-5fcc877b5c] [hivemq] [a69f60b0] + set +e
2025-01-29 00:59:49,152 INFO c.h.h.t.OperatorHelmChartContainer - [local-hivemq-5fcc877b5c] [hivemq] [a69f60b0] + [[ -f /opt/hivemq/extensions/hivemq-enterprise-security-extension/DISABLED ]]
2025-01-29 00:59:49,152 INFO c.h.h.t.OperatorHelmChartContainer - [local-hivemq-5fcc877b5c] [hivemq] [a69f60b0] + was_enabled=0
2025-01-29 00:59:49,152 INFO c.h.h.t.OperatorHelmChartContainer - [local-hivemq-5fcc877b5c] [hivemq] [a69f60b0] + set -e
2025-01-29 00:59:49,152 INFO c.h.h.t.OperatorHelmChartContainer - [local-hivemq-5fcc877b5c] [hivemq] [a69f60b0] + [[ preinstalled != \p\r\e\i\n\s\t\a\l\l\e\d ]]
2025-01-29 00:59:49,152 INFO c.h.h.t.OperatorHelmChartContainer - [local-hivemq-5fcc877b5c] [hivemq] [a69f60b0] + [[ true == \f\a\l\s\e ]]
2025-01-29 00:59:49,152 INFO c.h.h.t.OperatorHelmChartContainer - [local-hivemq-5fcc877b5c] [hivemq] [a69f60b0] + [[ -f /opt/hivemq/extensions/hivemq-enterprise-security-extension/DISABLED ]]
2025-01-29 00:59:49,152 INFO c.h.h.t.OperatorHelmChartContainer - [local-hivemq-5fcc877b5c] [hivemq] [a69f60b0] + rm -f /opt/hivemq/extensions/hivemq-enterprise-security-extension/DISABLED
2025-01-29 00:59:49,152 INFO c.h.h.t.OperatorHelmChartContainer - [local-hivemq-5fcc877b5c] [hivemq] [a69f60b0] + was_enabled=0
2025-01-29 00:59:49,152 INFO c.h.h.t.OperatorHelmChartContainer - [local-hivemq-5fcc877b5c] [hivemq] [a69f60b0] + [[ preinstalled != \p\r\e\i\n\s\t\a\l\l\e\d ]]
2025-01-29 00:59:49,152 INFO c.h.h.t.OperatorHelmChartContainer - [local-hivemq-5fcc877b5c] [hivemq] [a69f60b0] + /opt/hivemq/bin/run_initialization.sh hivemq-enterprise-security-extension
2025-01-29 00:59:49,152 INFO c.h.h.t.OperatorHelmChartContainer - [local-hivemq-5fcc877b5c] [hivemq] [a69f60b0] + EXTENSION_NAME=hivemq-enterprise-security-extension
2025-01-29 00:59:49,152 INFO c.h.h.t.OperatorHelmChartContainer - [local-hivemq-5fcc877b5c] [hivemq] [a69f60b0] + TARGET_DIR=/opt/hivemq/extensions/hivemq-enterprise-security-extension
2025-01-29 00:59:49,152 INFO c.h.h.t.OperatorHelmChartContainer - [local-hivemq-5fcc877b5c] [hivemq] [a69f60b0] + cd /opt/hivemq/extensions/hivemq-enterprise-security-extension
2025-01-29 00:59:49,152 INFO c.h.h.t.OperatorHelmChartContainer - [local-hivemq-5fcc877b5c] [hivemq] [a69f60b0] + [[ -f init_tmp ]]
2025-01-29 00:59:49,152 INFO c.h.h.t.OperatorHelmChartContainer - [local-hivemq-5fcc877b5c] [hivemq] [a69f60b0] + [[ -f /etc/podinfo/init-extension-hivemq-enterprise-security-extension ]]
2025-01-29 00:59:49,152 INFO c.h.h.t.OperatorHelmChartContainer - [local-hivemq-5fcc877b5c] [hivemq] [a69f60b0] /conf-override/extensions/hivemq-enterprise-security-extension/:/opt/hivemq/extensions/hivemq-enterprise-security-extension
2025-01-29 00:59:49,152 INFO c.h.h.t.OperatorHelmChartContainer - [local-hivemq-5fcc877b5c] [hivemq] [a69f60b0] -------------------------------------------------------------------------
2025-01-29 00:59:49,152 INFO c.h.h.t.OperatorHelmChartContainer - [local-hivemq-5fcc877b5c] [hivemq] [a69f60b0] 
2025-01-29 00:59:49,152 INFO c.h.h.t.OperatorHelmChartContainer - [local-hivemq-5fcc877b5c] [hivemq] [a69f60b0]                   _    _  _              __  __   ____
2025-01-29 00:59:49,152 INFO c.h.h.t.OperatorHelmChartContainer - [local-hivemq-5fcc877b5c] [hivemq] [a69f60b0]                  | |  | |(_)            |  \/  | / __ \
2025-01-29 00:59:49,152 INFO c.h.h.t.OperatorHelmChartContainer - [local-hivemq-5fcc877b5c] [hivemq] [a69f60b0]                  | |__| | _ __   __ ___ | \  / || |  | |
2025-01-29 00:59:49,152 INFO c.h.h.t.OperatorHelmChartContainer - [local-hivemq-5fcc877b5c] [hivemq] [a69f60b0]                  |  __  || |\ \ / // _ \| |\/| || |  | |
2025-01-29 00:59:49,152 INFO c.h.h.t.OperatorHelmChartContainer - [local-hivemq-5fcc877b5c] [hivemq] [a69f60b0]                  | |  | || | \ V /|  __/| |  | || |__| |
2025-01-29 00:59:49,152 INFO c.h.h.t.OperatorHelmChartContainer - [local-hivemq-5fcc877b5c] [hivemq] [a69f60b0]                  |_|  |_||_|  \_/  \___||_|  |_| \___\_\
2025-01-29 00:59:49,152 INFO c.h.h.t.OperatorHelmChartContainer - [local-hivemq-5fcc877b5c] [hivemq] [a69f60b0] 
2025-01-29 00:59:49,152 INFO c.h.h.t.OperatorHelmChartContainer - [local-hivemq-5fcc877b5c] [hivemq] [a69f60b0] -------------------------------------------------------------------------
2025-01-29 00:59:49,152 INFO c.h.h.t.OperatorHelmChartContainer - [local-hivemq-5fcc877b5c] [hivemq] [a69f60b0] 
2025-01-29 00:59:49,152 INFO c.h.h.t.OperatorHelmChartContainer - [local-hivemq-5fcc877b5c] [hivemq] [a69f60b0]   HiveMQ Start Script for Linux/Unix v1.14
2025-01-29 00:59:49,152 INFO c.h.h.t.OperatorHelmChartContainer - [local-hivemq-5fcc877b5c] [hivemq] [a69f60b0] 
2025-01-29 00:59:49,152 INFO c.h.h.t.OperatorHelmChartContainer - [local-hivemq-5fcc877b5c] [hivemq] [a69f60b0] -------------------------------------------------------------------------
2025-01-29 00:59:49,152 INFO c.h.h.t.OperatorHelmChartContainer - [local-hivemq-5fcc877b5c] [hivemq] [a69f60b0] 
2025-01-29 00:59:49,152 INFO c.h.h.t.OperatorHelmChartContainer - [local-hivemq-5fcc877b5c] [hivemq] [a69f60b0]   HIVEMQ_HOME: /opt/hivemq
2025-01-29 00:59:49,152 INFO c.h.h.t.OperatorHelmChartContainer - [local-hivemq-5fcc877b5c] [hivemq] [a69f60b0] 
2025-01-29 00:59:49,152 INFO c.h.h.t.OperatorHelmChartContainer - [local-hivemq-5fcc877b5c] [hivemq] [a69f60b0]   JAVA_OPTS: -XX:+UnlockExperimentalVMOptions -XX:InitialRAMPercentage=40 -XX:MaxRAMPercentage=50 -XX:MinRAMPercentage=30 -Djava.net.preferIPv4Stack=true --add-opens java.base/java.lang=ALL-UNNAMED --add-opens java.base/java.nio=ALL-UNNAMED --add-opens java.base/sun.nio.ch=ALL-UNNAMED --add-opens jdk.management/com.sun.management.internal=ALL-UNNAMED --add-exports java.base/jdk.internal.misc=ALL-UNNAMED -Djava.security.egd=file:/dev/./urandom -Dcom.sun.management.jmxremote -Dcom.sun.management.jmxremote.port=9010 -Dcom.sun.management.jmxremote.local.only=false -Dcom.sun.management.jmxremote.authenticate=false -Dcom.sun.management.jmxremote.ssl=false -Duser.language=en -Duser.region=US -XX:+CrashOnOutOfMemoryError -XX:+HeapDumpOnOutOfMemoryError
2025-01-29 00:59:49,152 INFO c.h.h.t.OperatorHelmChartContainer - [local-hivemq-5fcc877b5c] [hivemq] [a69f60b0] 
2025-01-29 00:59:49,153 INFO c.h.h.t.OperatorHelmChartContainer - [local-hivemq-5fcc877b5c] [hivemq] [a69f60b0]   JAVA_VERSION: 21
2025-01-29 00:59:49,154 INFO c.h.h.t.OperatorHelmChartContainer - [local-hivemq-5fcc877b5c] [hivemq] [a69f60b0] 
2025-01-29 00:59:49,154 INFO c.h.h.t.OperatorHelmChartContainer - [local-hivemq-5fcc877b5c] [hivemq] [a69f60b0] -------------------------------------------------------------------------
2025-01-29 00:59:49,154 INFO c.h.h.t.OperatorHelmChartContainer - [local-hivemq-5fcc877b5c] [hivemq] [a69f60b0] 
2025-01-29 00:59:49,469 INFO c.h.h.t.OperatorHelmChartContainer - [local-hivemq-5fcc877b5c] [hivemq] [a69f60b0] INFO  - Starting HiveMQ Enterprise Server
2025-01-29 00:59:49,476 INFO c.h.h.t.OperatorHelmChartContainer - [local-hivemq-5fcc877b5c] [hivemq] [a69f60b0] INFO  - HiveMQ version: 4.36.0
2025-01-29 00:59:49,476 INFO c.h.h.t.OperatorHelmChartContainer - [local-hivemq-5fcc877b5c] [hivemq] [a69f60b0] INFO  - HiveMQ home directory: /opt/hivemq
2025-01-29 00:59:49,476 INFO c.h.h.t.OperatorHelmChartContainer - [local-hivemq-5fcc877b5c] [hivemq] [a69f60b0] INFO  - Log Configuration was overridden by /opt/hivemq/conf/logback.xml
2025-01-29 00:59:50,142 INFO c.h.h.t.OperatorHelmChartContainer - [local-hivemq-5fcc877b5c] [hivemq] [a69f60b0] DEBUG - Adding TCP Listener on bind address 0.0.0.0 and port 1883. Name: tcp-listener-1883. Proxy Protocol supported: false
2025-01-29 00:59:50,143 INFO c.h.h.t.OperatorHelmChartContainer - [local-hivemq-5fcc877b5c] [hivemq] [a69f60b0] DEBUG - Setting retained messages enabled to true
2025-01-29 00:59:50,143 INFO c.h.h.t.OperatorHelmChartContainer - [local-hivemq-5fcc877b5c] [hivemq] [a69f60b0] DEBUG - Setting wildcard subscriptions enabled to true
2025-01-29 00:59:50,143 INFO c.h.h.t.OperatorHelmChartContainer - [local-hivemq-5fcc877b5c] [hivemq] [a69f60b0] DEBUG - Setting subscription identifier enabled to true
2025-01-29 00:59:50,143 INFO c.h.h.t.OperatorHelmChartContainer - [local-hivemq-5fcc877b5c] [hivemq] [a69f60b0] DEBUG - Setting shared subscriptions enabled to true
2025-01-29 00:59:50,144 INFO c.h.h.t.OperatorHelmChartContainer - [local-hivemq-5fcc877b5c] [hivemq] [a69f60b0] DEBUG - Setting maximum qos to EXACTLY_ONCE 
2025-01-29 00:59:50,145 INFO c.h.h.t.OperatorHelmChartContainer - [local-hivemq-5fcc877b5c] [hivemq] [a69f60b0] DEBUG - Setting topic alias enabled to true
2025-01-29 00:59:50,145 INFO c.h.h.t.OperatorHelmChartContainer - [local-hivemq-5fcc877b5c] [hivemq] [a69f60b0] DEBUG - Setting topic alias maximum per client to 5
2025-01-29 00:59:50,145 INFO c.h.h.t.OperatorHelmChartContainer - [local-hivemq-5fcc877b5c] [hivemq] [a69f60b0] DEBUG - Setting the number of max queued messages  per client to 1000 entries
2025-01-29 00:59:50,145 INFO c.h.h.t.OperatorHelmChartContainer - [local-hivemq-5fcc877b5c] [hivemq] [a69f60b0] DEBUG - Setting queued messages strategy for each client to DISCARD
2025-01-29 00:59:50,145 INFO c.h.h.t.OperatorHelmChartContainer - [local-hivemq-5fcc877b5c] [hivemq] [a69f60b0] DEBUG - Setting the expiry interval for client sessions to 4294967295 seconds
2025-01-29 00:59:50,145 INFO c.h.h.t.OperatorHelmChartContainer - [local-hivemq-5fcc877b5c] [hivemq] [a69f60b0] DEBUG - Setting the expiry interval for publish messages to 4294967296 seconds
2025-01-29 00:59:50,145 INFO c.h.h.t.OperatorHelmChartContainer - [local-hivemq-5fcc877b5c] [hivemq] [a69f60b0] DEBUG - Setting the server receive maximum to 10
2025-01-29 00:59:50,145 INFO c.h.h.t.OperatorHelmChartContainer - [local-hivemq-5fcc877b5c] [hivemq] [a69f60b0] DEBUG - Setting keep alive maximum to 65535 seconds
2025-01-29 00:59:50,145 INFO c.h.h.t.OperatorHelmChartContainer - [local-hivemq-5fcc877b5c] [hivemq] [a69f60b0] DEBUG - Setting keep alive allow zero to true
2025-01-29 00:59:50,145 INFO c.h.h.t.OperatorHelmChartContainer - [local-hivemq-5fcc877b5c] [hivemq] [a69f60b0] DEBUG - Setting the maximum packet size for mqtt messages 268435460 bytes
2025-01-29 00:59:50,145 INFO c.h.h.t.OperatorHelmChartContainer - [local-hivemq-5fcc877b5c] [hivemq] [a69f60b0] DEBUG - Setting global maximum allowed connections to -1
2025-01-29 00:59:50,145 INFO c.h.h.t.OperatorHelmChartContainer - [local-hivemq-5fcc877b5c] [hivemq] [a69f60b0] DEBUG - Setting the maximum client id length to 65535
2025-01-29 00:59:50,145 INFO c.h.h.t.OperatorHelmChartContainer - [local-hivemq-5fcc877b5c] [hivemq] [a69f60b0] DEBUG - Setting the timeout for disconnecting idle tcp connections before a connect message was received to 10000 milliseconds
2025-01-29 00:59:50,145 INFO c.h.h.t.OperatorHelmChartContainer - [local-hivemq-5fcc877b5c] [hivemq] [a69f60b0] DEBUG - Throttling the global incoming traffic limit 0 bytes/second
2025-01-29 00:59:50,145 INFO c.h.h.t.OperatorHelmChartContainer - [local-hivemq-5fcc877b5c] [hivemq] [a69f60b0] DEBUG - Setting the maximum topic length to 65535
2025-01-29 00:59:50,146 INFO c.h.h.t.OperatorHelmChartContainer - [local-hivemq-5fcc877b5c] [hivemq] [a69f60b0] DEBUG - Setting allow server assigned client identifier to true
2025-01-29 00:59:50,146 INFO c.h.h.t.OperatorHelmChartContainer - [local-hivemq-5fcc877b5c] [hivemq] [a69f60b0] DEBUG - Setting validate UTF-8 to true
2025-01-29 00:59:50,146 INFO c.h.h.t.OperatorHelmChartContainer - [local-hivemq-5fcc877b5c] [hivemq] [a69f60b0] DEBUG - Setting payload format validation to false
2025-01-29 00:59:50,146 INFO c.h.h.t.OperatorHelmChartContainer - [local-hivemq-5fcc877b5c] [hivemq] [a69f60b0] DEBUG - Setting allow-problem-information to true
2025-01-29 00:59:50,155 INFO c.h.h.t.OperatorHelmChartContainer - [local-hivemq-5fcc877b5c] [hivemq] [a69f60b0] DEBUG - Setting control-center audit log enabled to true
2025-01-29 00:59:50,155 INFO c.h.h.t.OperatorHelmChartContainer - [local-hivemq-5fcc877b5c] [hivemq] [a69f60b0] DEBUG - Setting rest-api audit log enabled to true
2025-01-29 00:59:50,159 INFO c.h.h.t.OperatorHelmChartContainer - [local-hivemq-5fcc877b5c] [hivemq] [a69f60b0] DEBUG - Setting HiveMQ Control Center enabled to true 
2025-01-29 00:59:50,159 INFO c.h.h.t.OperatorHelmChartContainer - [local-hivemq-5fcc877b5c] [hivemq] [a69f60b0] DEBUG - Setting HiveMQ Control Center default login enabled to true 
2025-01-29 00:59:50,159 INFO c.h.h.t.OperatorHelmChartContainer - [local-hivemq-5fcc877b5c] [hivemq] [a69f60b0] DEBUG - Setting HiveMQ Control Center session idle time to 14400 seconds
2025-01-29 00:59:50,159 INFO c.h.h.t.OperatorHelmChartContainer - [local-hivemq-5fcc877b5c] [hivemq] [a69f60b0] DEBUG - Adding Http-Listener to HiveMQ Control Center Config
2025-01-29 00:59:50,162 INFO c.h.h.t.OperatorHelmChartContainer - [local-hivemq-5fcc877b5c] [hivemq] [a69f60b0] DEBUG - Set TLS to disabled for cluster TCP transport
2025-01-29 00:59:50,162 INFO c.h.h.t.OperatorHelmChartContainer - [local-hivemq-5fcc877b5c] [hivemq] [a69f60b0] DEBUG - Setting replica count to 2 
2025-01-29 00:59:50,162 INFO c.h.h.t.OperatorHelmChartContainer - [local-hivemq-5fcc877b5c] [hivemq] [a69f60b0] DEBUG - Setting cluster TCP health-check enabled
2025-01-29 00:59:50,162 INFO c.h.h.t.OperatorHelmChartContainer - [local-hivemq-5fcc877b5c] [hivemq] [a69f60b0] DEBUG - Setting cluster TCP health-check bind-address to 10.42.0.8
2025-01-29 00:59:50,162 INFO c.h.h.t.OperatorHelmChartContainer - [local-hivemq-5fcc877b5c] [hivemq] [a69f60b0] DEBUG - Setting cluster TCP health-check bind-address to 9000
2025-01-29 00:59:50,162 INFO c.h.h.t.OperatorHelmChartContainer - [local-hivemq-5fcc877b5c] [hivemq] [a69f60b0] DEBUG - Setting cluster TCP health-check bind-port to 9000
2025-01-29 00:59:50,162 INFO c.h.h.t.OperatorHelmChartContainer - [local-hivemq-5fcc877b5c] [hivemq] [a69f60b0] DEBUG - Setting cluster TCP health-check external-address to default
2025-01-29 00:59:50,162 INFO c.h.h.t.OperatorHelmChartContainer - [local-hivemq-5fcc877b5c] [hivemq] [a69f60b0] DEBUG - Setting cluster TCP health-check external-port to 0
2025-01-29 00:59:50,165 INFO c.h.h.t.OperatorHelmChartContainer - [local-hivemq-5fcc877b5c] [hivemq] [a69f60b0] DEBUG - Setting cluster heartbeat enabled
2025-01-29 00:59:50,165 INFO c.h.h.t.OperatorHelmChartContainer - [local-hivemq-5fcc877b5c] [hivemq] [a69f60b0] DEBUG - Setting cluster heartbeat interval to 4000 ms
2025-01-29 00:59:50,165 INFO c.h.h.t.OperatorHelmChartContainer - [local-hivemq-5fcc877b5c] [hivemq] [a69f60b0] DEBUG - Setting the cluster heartbeat timeout to 30000 ms
2025-01-29 00:59:50,165 INFO c.h.h.t.OperatorHelmChartContainer - [local-hivemq-5fcc877b5c] [hivemq] [a69f60b0] DEBUG - Setting HiveMQ REST API enabled to false 
2025-01-29 00:59:50,165 INFO c.h.h.t.OperatorHelmChartContainer - [local-hivemq-5fcc877b5c] [hivemq] [a69f60b0] DEBUG - Setting HiveMQ REST API authentication enabled to false 
2025-01-29 00:59:50,165 INFO c.h.h.t.OperatorHelmChartContainer - [local-hivemq-5fcc877b5c] [hivemq] [a69f60b0] DEBUG - Setting HiveMQ Health API enabled to false 
2025-01-29 00:59:50,170 INFO c.h.h.t.OperatorHelmChartContainer - [local-hivemq-5fcc877b5c] [hivemq] [a69f60b0] DEBUG - Setting client event history enabled to false
2025-01-29 00:59:50,171 INFO c.h.h.t.OperatorHelmChartContainer - [local-hivemq-5fcc877b5c] [hivemq] [a69f60b0] DEBUG - Setting client event history lifetime to 604800000 ms
2025-01-29 00:59:50,171 INFO c.h.h.t.OperatorHelmChartContainer - [local-hivemq-5fcc877b5c] [hivemq] [a69f60b0] DEBUG - Setting overload protection enabled to true 
2025-01-29 00:59:50,171 INFO c.h.h.t.OperatorHelmChartContainer - [local-hivemq-5fcc877b5c] [hivemq] [a69f60b0] DEBUG - Setting anonymous usage statistics enabled to false 
2025-01-29 00:59:50,171 INFO c.h.h.t.OperatorHelmChartContainer - [local-hivemq-5fcc877b5c] [hivemq] [a69f60b0] DEBUG - Setting expired messages topic enabled to false
2025-01-29 00:59:50,171 INFO c.h.h.t.OperatorHelmChartContainer - [local-hivemq-5fcc877b5c] [hivemq] [a69f60b0] DEBUG - Setting dropped messages topic enabled to false
2025-01-29 00:59:50,171 INFO c.h.h.t.OperatorHelmChartContainer - [local-hivemq-5fcc877b5c] [hivemq] [a69f60b0] DEBUG - Setting dead messages topic enabled to false
2025-01-29 00:59:50,176 INFO c.h.h.t.OperatorHelmChartContainer - [local-hivemq-5fcc877b5c] [hivemq] [a69f60b0] INFO  - Successfully loaded configuration from '/opt/hivemq/conf/config.xml'.
2025-01-29 00:59:50,287 INFO c.h.h.t.OperatorHelmChartContainer - [local-hivemq-5fcc877b5c] [hivemq] [a69f60b0] DEBUG - Performing sanity checks.
2025-01-29 00:59:50,357 INFO c.h.h.t.OperatorHelmChartContainer - [local-hivemq-5fcc877b5c] [hivemq] [a69f60b0] DEBUG - Soft limit for open files (1048576) satisfies the recommended limit (1000000).
2025-01-29 00:59:50,357 INFO c.h.h.t.OperatorHelmChartContainer - [local-hivemq-5fcc877b5c] [hivemq] [a69f60b0] DEBUG - Hard limit for open files (1048576) satisfies the recommended limit (1000000).
2025-01-29 00:59:50,357 INFO c.h.h.t.OperatorHelmChartContainer - [local-hivemq-5fcc877b5c] [hivemq] [a69f60b0] DEBUG - HiveMQ license directory (/opt/hivemq/license) satisfies all required file-system permissions.
2025-01-29 00:59:50,357 INFO c.h.h.t.OperatorHelmChartContainer - [local-hivemq-5fcc877b5c] [hivemq] [a69f60b0] DEBUG - HiveMQ data directory (/opt/hivemq/data) satisfies all required file-system permissions.
2025-01-29 00:59:50,359 INFO c.h.h.t.OperatorHelmChartContainer - [local-hivemq-5fcc877b5c] [hivemq] [a69f60b0] DEBUG - HiveMQ log directory (/opt/hivemq/log) satisfies all required file-system permissions.
2025-01-29 00:59:50,359 INFO c.h.h.t.OperatorHelmChartContainer - [local-hivemq-5fcc877b5c] [hivemq] [a69f60b0] DEBUG - HiveMQ backup directory (/opt/hivemq/backup) satisfies all required file-system permissions.
2025-01-29 00:59:50,359 INFO c.h.h.t.OperatorHelmChartContainer - [local-hivemq-5fcc877b5c] [hivemq] [a69f60b0] DEBUG - HiveMQ audit directory (/opt/hivemq/audit) satisfies all required file-system permissions.
2025-01-29 00:59:50,359 INFO c.h.h.t.OperatorHelmChartContainer - [local-hivemq-5fcc877b5c] [hivemq] [a69f60b0] DEBUG - HiveMQ extensions directory (/opt/hivemq/extensions) satisfies all required file-system permissions.
2025-01-29 00:59:50,361 INFO c.h.h.t.OperatorHelmChartContainer - [local-hivemq-5fcc877b5c] [hivemq] [a69f60b0] DEBUG - Extension directory hivemq-allow-all-extension (/opt/hivemq/extensions/hivemq-allow-all-extension) satisfies all required file-system permissions.
2025-01-29 00:59:50,367 INFO c.h.h.t.OperatorHelmChartContainer - [local-hivemq-5fcc877b5c] [hivemq] [a69f60b0] DEBUG - Extension directory hivemq-enterprise-security-extension (/opt/hivemq/extensions/hivemq-enterprise-security-extension) satisfies all required file-system permissions.
2025-01-29 00:59:50,367 INFO c.h.h.t.OperatorHelmChartContainer - [local-hivemq-5fcc877b5c] [hivemq] [a69f60b0] DEBUG - Extension directory hivemq-prometheus-extension (/opt/hivemq/extensions/hivemq-prometheus-extension) satisfies all required file-system permissions.
2025-01-29 00:59:50,367 INFO c.h.h.t.OperatorHelmChartContainer - [local-hivemq-5fcc877b5c] [hivemq] [a69f60b0] DEBUG - Extension directory hivemq-k8s-sync-extension (/opt/hivemq/extensions/hivemq-k8s-sync-extension) satisfies all required file-system permissions.
2025-01-29 00:59:50,367 INFO c.h.h.t.OperatorHelmChartContainer - [local-hivemq-5fcc877b5c] [hivemq] [a69f60b0] DEBUG - Extension directory hivemq-dns-cluster-discovery (/opt/hivemq/extensions/hivemq-dns-cluster-discovery) satisfies all required file-system permissions.
2025-01-29 00:59:50,367 INFO c.h.h.t.OperatorHelmChartContainer - [local-hivemq-5fcc877b5c] [hivemq] [a69f60b0] DEBUG - Extension directory hivemq-google-cloud-pubsub-extension (/opt/hivemq/extensions/hivemq-google-cloud-pubsub-extension) satisfies all required file-system permissions.
2025-01-29 00:59:50,367 INFO c.h.h.t.OperatorHelmChartContainer - [local-hivemq-5fcc877b5c] [hivemq] [a69f60b0] DEBUG - Extension directory hivemq-snowflake-extension (/opt/hivemq/extensions/hivemq-snowflake-extension) satisfies all required file-system permissions.
2025-01-29 00:59:50,367 INFO c.h.h.t.OperatorHelmChartContainer - [local-hivemq-5fcc877b5c] [hivemq] [a69f60b0] DEBUG - Extension directory hivemq-postgresql-extension (/opt/hivemq/extensions/hivemq-postgresql-extension) satisfies all required file-system permissions.
2025-01-29 00:59:50,367 INFO c.h.h.t.OperatorHelmChartContainer - [local-hivemq-5fcc877b5c] [hivemq] [a69f60b0] DEBUG - Extension directory hivemq-mysql-extension (/opt/hivemq/extensions/hivemq-mysql-extension) satisfies all required file-system permissions.
2025-01-29 00:59:50,367 INFO c.h.h.t.OperatorHelmChartContainer - [local-hivemq-5fcc877b5c] [hivemq] [a69f60b0] DEBUG - Extension directory hivemq-bridge-extension (/opt/hivemq/extensions/hivemq-bridge-extension) satisfies all required file-system permissions.
2025-01-29 00:59:50,367 INFO c.h.h.t.OperatorHelmChartContainer - [local-hivemq-5fcc877b5c] [hivemq] [a69f60b0] DEBUG - Extension directory hivemq-kafka-extension (/opt/hivemq/extensions/hivemq-kafka-extension) satisfies all required file-system permissions.
2025-01-29 00:59:50,367 INFO c.h.h.t.OperatorHelmChartContainer - [local-hivemq-5fcc877b5c] [hivemq] [a69f60b0] DEBUG - Extension directory hivemq-distributed-tracing-extension (/opt/hivemq/extensions/hivemq-distributed-tracing-extension) satisfies all required file-system permissions.
2025-01-29 00:59:50,367 INFO c.h.h.t.OperatorHelmChartContainer - [local-hivemq-5fcc877b5c] [hivemq] [a69f60b0] DEBUG - Extension directory hivemq-mongodb-extension (/opt/hivemq/extensions/hivemq-mongodb-extension) satisfies all required file-system permissions.
2025-01-29 00:59:50,367 INFO c.h.h.t.OperatorHelmChartContainer - [local-hivemq-5fcc877b5c] [hivemq] [a69f60b0] DEBUG - Extension directory hivemq-data-lake-extension (/opt/hivemq/extensions/hivemq-data-lake-extension) satisfies all required file-system permissions.
2025-01-29 00:59:50,367 INFO c.h.h.t.OperatorHelmChartContainer - [local-hivemq-5fcc877b5c] [hivemq] [a69f60b0] DEBUG - Extension directory hivemq-amazon-kinesis-extension (/opt/hivemq/extensions/hivemq-amazon-kinesis-extension) satisfies all required file-system permissions.
2025-01-29 00:59:50,367 INFO c.h.h.t.OperatorHelmChartContainer - [local-hivemq-5fcc877b5c] [hivemq] [a69f60b0] DEBUG - Extension directory hivemq-microsoft-sql-server-extension (/opt/hivemq/extensions/hivemq-microsoft-sql-server-extension) satisfies all required file-system permissions.
2025-01-29 00:59:50,367 INFO c.h.h.t.OperatorHelmChartContainer - [local-hivemq-5fcc877b5c] [hivemq] [a69f60b0] DEBUG - Temporary directory (/tmp) satisfies all required file-system permissions.
2025-01-29 00:59:50,367 INFO c.h.h.t.OperatorHelmChartContainer - [local-hivemq-5fcc877b5c] [hivemq] [a69f60b0] DEBUG - Heap dump directory (/opt/hivemq/dumps) satisfies all required file-system permissions.
2025-01-29 00:59:50,367 INFO c.h.h.t.OperatorHelmChartContainer - [local-hivemq-5fcc877b5c] [hivemq] [a69f60b0] DEBUG - Performed all sanity checks in 75ms. All sanity checks passed successfully.
2025-01-29 00:59:50,367 INFO c.h.h.t.OperatorHelmChartContainer - [local-hivemq-5fcc877b5c] [hivemq] [a69f60b0] INFO  - This node's ID is ZZZ5r
2025-01-29 00:59:50,367 INFO c.h.h.t.OperatorHelmChartContainer - [local-hivemq-5fcc877b5c] [hivemq] [a69f60b0] INFO  - Clustering is enabled
2025-01-29 00:59:51,162 INFO c.h.h.t.OperatorHelmChartContainer - [local-hivemq-5fcc877b5c] [hivemq] [a69f60b0] DEBUG - Configured WriteBufferManager with size for memtables 311023370 and for the block cache 466535055
2025-01-29 00:59:51,163 INFO c.h.h.t.OperatorHelmChartContainer - [local-hivemq-5fcc877b5c] [hivemq] [a69f60b0] DEBUG - Starting RocksDBMemoryUsageWatchdog.
2025-01-29 00:59:51,164 INFO c.h.h.t.OperatorHelmChartContainer - [local-hivemq-5fcc877b5c] [hivemq] [a69f60b0] DEBUG - RocksDBMemoryUsageWatchdog is running.
2025-01-29 00:59:51,195 INFO c.h.h.t.OperatorHelmChartContainer - [local-hivemq-5fcc877b5c] [hivemq] [a69f60b0] DEBUG - Folder /opt/hivemq/data/persistence does not exist, trying to create it
2025-01-29 00:59:51,195 INFO c.h.h.t.OperatorHelmChartContainer - [local-hivemq-5fcc877b5c] [hivemq] [a69f60b0] DEBUG - Created folder /opt/hivemq/data
2025-01-29 00:59:51,195 INFO c.h.h.t.OperatorHelmChartContainer - [local-hivemq-5fcc877b5c] [hivemq] [a69f60b0] DEBUG - Folder /opt/hivemq/data/persistence/publish_payload_store/040500_R does not exist, trying to create it
2025-01-29 00:59:51,237 INFO c.h.h.t.OperatorHelmChartContainer - [local-hivemq-5fcc877b5c] [hivemq] [a69f60b0] DEBUG - Folder /opt/hivemq/data/persistence/client_queue/042800_R does not exist, trying to create it
2025-01-29 00:59:51,257 INFO c.h.h.t.OperatorHelmChartContainer - [local-hivemq-5fcc877b5c] [hivemq] [a69f60b0] DEBUG - Folder /opt/hivemq/data/persistence/client_session_store/040100_R does not exist, trying to create it
2025-01-29 00:59:51,258 INFO c.h.h.t.OperatorHelmChartContainer - [local-hivemq-5fcc877b5c] [hivemq] [a69f60b0] DEBUG - Folder /opt/hivemq/data/persistence/attribute/043100_R does not exist, trying to create it
2025-01-29 00:59:51,259 INFO c.h.h.t.OperatorHelmChartContainer - [local-hivemq-5fcc877b5c] [hivemq] [a69f60b0] DEBUG - Folder /opt/hivemq/data/persistence/retained_messages/040800_R does not exist, trying to create it
2025-01-29 00:59:51,263 INFO c.h.h.t.OperatorHelmChartContainer - [local-hivemq-5fcc877b5c] [hivemq] [a69f60b0] DEBUG - Folder /opt/hivemq/data/persistence/client_session_subscriptions/043200_R does not exist, trying to create it
2025-01-29 00:59:51,263 INFO c.h.h.t.OperatorHelmChartContainer - [local-hivemq-5fcc877b5c] [hivemq] [a69f60b0] DEBUG - Folder /opt/hivemq/data/persistence/incoming_message_flow/043000_R does not exist, trying to create it
2025-01-29 00:59:51,443 INFO c.h.h.t.OperatorHelmChartContainer - [local-hivemq-5fcc877b5c] [hivemq] [a69f60b0] DEBUG - Folder /opt/hivemq/data/persistence/data_hub_modules/043000_R does not exist, trying to create it
2025-01-29 00:59:51,453 INFO c.h.h.t.OperatorHelmChartContainer - [local-hivemq-5fcc877b5c] [hivemq] [a69f60b0] DEBUG - Folder /opt/hivemq/data/persistence/data_hub_schemas/042000_R does not exist, trying to create it
2025-01-29 00:59:51,455 INFO c.h.h.t.OperatorHelmChartContainer - [local-hivemq-5fcc877b5c] [hivemq] [a69f60b0] DEBUG - Folder /opt/hivemq/data/persistence/data_hub_policies/042000_R does not exist, trying to create it
2025-01-29 00:59:51,456 INFO c.h.h.t.OperatorHelmChartContainer - [local-hivemq-5fcc877b5c] [hivemq] [a69f60b0] DEBUG - Folder /opt/hivemq/data/persistence/data_hub_scripts/042300_R does not exist, trying to create it
2025-01-29 00:59:53,940 INFO c.h.h.t.OperatorHelmChartContainer - [local-hivemq-5fcc877b5c] [hivemq] [a69f60b0] DEBUG - Diagnostic mode is disabled
2025-01-29 00:59:55,171 INFO c.h.h.t.OperatorHelmChartContainer - [EVENT] Warning [Unhealthy] Readiness probe failed: Log statement not present (yet)
 [default:local-hivemq-5fcc877b5c-lkd56]
2025-01-29 00:59:55,172 INFO c.h.h.t.OperatorHelmChartContainer - Received Unhealthy event for container hivemq in pod local-hivemq-5fcc877b5c-lkd56 [a69f60b0-db25-4154-9a12-f9101a1d838f]
2025-01-29 00:59:56,689 INFO c.h.h.t.OperatorHelmChartContainer - [local-hivemq-5fcc877b5c] [hivemq] [a69f60b0] INFO  - No valid license file found. Using trial license, restricted to 25 connections.
2025-01-29 00:59:56,880 INFO c.h.h.t.OperatorHelmChartContainer - [local-hivemq-5fcc877b5c] [hivemq] [a69f60b0] DEBUG - Native Epoll is available on this platform
2025-01-29 00:59:56,942 INFO c.h.h.t.OperatorHelmChartContainer - [local-hivemq-5fcc877b5c] [hivemq] [a69f60b0] DEBUG - Set extension executor thread pool size to 1
2025-01-29 00:59:56,942 INFO c.h.h.t.OperatorHelmChartContainer - [local-hivemq-5fcc877b5c] [hivemq] [a69f60b0] DEBUG - Set extension executor thread pool keep-alive to 30 seconds
2025-01-29 00:59:56,955 INFO c.h.h.t.OperatorHelmChartContainer - [local-hivemq-5fcc877b5c] [hivemq] [a69f60b0] DEBUG - initializing RSA key
2025-01-29 00:59:57,069 INFO c.h.h.t.OperatorHelmChartContainer - [local-hivemq-6f4d548d79] [hivemq] [f1f69c8b] DEBUG - HiveMQ DNS Cluster Discovery Extension: Discovered new address '10.42.0.8'.
2025-01-29 00:59:57,587 INFO c.h.h.t.OperatorHelmChartContainer - [local-hivemq-5fcc877b5c] [hivemq] [a69f60b0] DEBUG - finished initializing RSA key in 631ms
2025-01-29 00:59:58,173 INFO c.h.h.t.OperatorHelmChartContainer - [local-hivemq-5fcc877b5c] [hivemq] [a69f60b0] DEBUG - Unable to provide size and free metrics for disk /dev/sda: Could not find the corresponding FileStore (OSHI/Java).
2025-01-29 00:59:58,174 INFO c.h.h.t.OperatorHelmChartContainer - [local-hivemq-5fcc877b5c] [hivemq] [a69f60b0] DEBUG - Unable to provide size and free metrics for disk /dev/sdb: Could not find the corresponding FileStore (OSHI/Java).
2025-01-29 00:59:58,176 INFO c.h.h.t.OperatorHelmChartContainer - [local-hivemq-5fcc877b5c] [hivemq] [a69f60b0] DEBUG - Throttling incoming traffic to 0 B/s
2025-01-29 00:59:58,176 INFO c.h.h.t.OperatorHelmChartContainer - [local-hivemq-5fcc877b5c] [hivemq] [a69f60b0] DEBUG - Throttling outgoing traffic to 0 B/s
2025-01-29 00:59:58,279 INFO c.h.h.t.OperatorHelmChartContainer - [local-hivemq-5fcc877b5c] [hivemq] [a69f60b0] INFO  - No valid license file for Data Hub found. Using free license, restricted to 1 policy.
2025-01-29 00:59:58,286 INFO c.h.h.t.OperatorHelmChartContainer - [local-hivemq-5fcc877b5c] [hivemq] [a69f60b0] DEBUG - Building initial topic tree
2025-01-29 00:59:58,438 INFO c.h.h.t.OperatorHelmChartContainer - [local-hivemq-5fcc877b5c] [hivemq] [a69f60b0] DEBUG - Started JMX Metrics Reporting.
2025-01-29 00:59:58,465 INFO c.h.h.t.OperatorHelmChartContainer - [local-hivemq-5fcc877b5c] [hivemq] [a69f60b0] DEBUG - Registered JVM metrics with prefix com.hivemq.jvm.
2025-01-29 00:59:58,469 INFO c.h.h.t.OperatorHelmChartContainer - [local-hivemq-5fcc877b5c] [hivemq] [a69f60b0] DEBUG - Registered HiveMQ Health API metrics.
2025-01-29 00:59:58,882 INFO c.h.h.t.OperatorHelmChartContainer - [local-hivemq-5fcc877b5c] [hivemq] [a69f60b0] INFO  - Audit Logger started.
2025-01-29 00:59:59,043 INFO c.h.h.t.OperatorHelmChartContainer - [local-hivemq-5fcc877b5c] [hivemq] [a69f60b0] INFO  - This node uses '1' CPU cores.
2025-01-29 00:59:59,282 INFO c.h.h.t.OperatorHelmChartContainer - [local-hivemq-5fcc877b5c] [hivemq] [a69f60b0] INFO  - Starting HiveMQ extension system.
2025-01-29 01:00:00,164 INFO c.h.h.t.OperatorHelmChartContainer - [EVENT] Warning [Unhealthy] Readiness probe failed: Log statement not present (yet)
 [default:local-hivemq-5fcc877b5c-lkd56]
2025-01-29 01:00:00,164 INFO c.h.h.t.OperatorHelmChartContainer - Received Unhealthy event for container hivemq in pod local-hivemq-5fcc877b5c-lkd56 [a69f60b0-db25-4154-9a12-f9101a1d838f]
2025-01-29 01:00:00,585 INFO c.h.h.t.OperatorHelmChartContainer - [local-hivemq-5fcc877b5c] [hivemq] [a69f60b0] INFO  - No license found for enterprise extension with name "HiveMQ Enterprise Security Extension". Entering extension trial mode. "HiveMQ Enterprise Security Extension" will be disabled in 5 hours.
2025-01-29 01:00:00,735 INFO c.h.h.t.OperatorHelmChartContainer - [local-hivemq-5fcc877b5c] [hivemq] [a69f60b0] INFO  - Starting extension with id "hivemq-dns-cluster-discovery" at /opt/hivemq/extensions/hivemq-dns-cluster-discovery
2025-01-29 01:00:00,765 INFO c.h.h.t.OperatorHelmChartContainer - [local-hivemq-5fcc877b5c] [hivemq] [a69f60b0] DEBUG - HiveMQ DNS Cluster Discovery Extension: No DNS server address was set in the configuration file or environment variable.
2025-01-29 01:00:00,770 INFO c.h.h.t.OperatorHelmChartContainer - [local-hivemq-5fcc877b5c] [hivemq] [a69f60b0] DEBUG - HiveMQ DNS Cluster Discovery Extension: No reload interval was set in the configuration file or environment variable. Defaulting to 30.
2025-01-29 01:00:00,959 INFO c.h.h.t.OperatorHelmChartContainer - [local-hivemq-5fcc877b5c] [hivemq] [a69f60b0] INFO  - Using TCP cluster transport on address 10.42.0.8 and port 7000
2025-01-29 01:00:00,962 INFO c.h.h.t.OperatorHelmChartContainer - [local-hivemq-5fcc877b5c] [hivemq] [a69f60b0] INFO  - Using extension cluster discovery
2025-01-29 01:00:00,962 INFO c.h.h.t.OperatorHelmChartContainer - [local-hivemq-5fcc877b5c] [hivemq] [a69f60b0] INFO  - Extension "DNS Cluster Discovery Extension" version 4.3.3 started successfully.
2025-01-29 01:00:00,962 INFO c.h.h.t.OperatorHelmChartContainer - [local-hivemq-5fcc877b5c] [hivemq] [a69f60b0] INFO  - Starting extension with id "hivemq-enterprise-security-extension" at /opt/hivemq/extensions/hivemq-enterprise-security-extension
2025-01-29 01:00:01,468 INFO c.h.h.t.OperatorHelmChartContainer - [local-hivemq-5fcc877b5c] [hivemq] [a69f60b0] DEBUG - HiveMQ DNS Cluster Discovery Extension: Discovered new address '10.42.0.8'.
2025-01-29 01:00:01,469 INFO c.h.h.t.OperatorHelmChartContainer - [local-hivemq-5fcc877b5c] [hivemq] [a69f60b0] DEBUG - HiveMQ DNS Cluster Discovery Extension: Discovered new address '10.42.0.7'.
2025-01-29 01:00:01,579 INFO c.h.h.t.OperatorHelmChartContainer - [local-hivemq-6f4d548d79] [hivemq] [f1f69c8b] INFO  - Cluster nodes found by discovery: [i7JZ2|1] (2) [i7JZ2, ZZZ5r].
2025-01-29 01:00:01,580 INFO c.h.h.t.OperatorHelmChartContainer - [local-hivemq-6f4d548d79] [hivemq] [f1f69c8b] DEBUG - New node discovered: 'ZZZ5r'
2025-01-29 01:00:01,582 INFO c.h.h.t.OperatorHelmChartContainer - [local-hivemq-6f4d548d79] [hivemq] [f1f69c8b] DEBUG - State of node ZZZ5r changed to UNKNOWN was null. Current cluster node states: {i7JZ2=RUNNING, ZZZ5r=UNKNOWN}
2025-01-29 01:00:01,659 INFO c.h.h.t.OperatorHelmChartContainer - [local-hivemq-5fcc877b5c] [hivemq] [a69f60b0] INFO  - Cluster nodes found by discovery: [i7JZ2|1] (2) [i7JZ2, ZZZ5r].
2025-01-29 01:00:01,660 INFO c.h.h.t.OperatorHelmChartContainer - [local-hivemq-5fcc877b5c] [hivemq] [a69f60b0] DEBUG - New node discovered: 'i7JZ2'
2025-01-29 01:00:01,661 INFO c.h.h.t.OperatorHelmChartContainer - [local-hivemq-5fcc877b5c] [hivemq] [a69f60b0] DEBUG - State of node i7JZ2 changed to UNKNOWN was null. Current cluster node states: {i7JZ2=UNKNOWN}
2025-01-29 01:00:01,663 INFO c.h.h.t.OperatorHelmChartContainer - [local-hivemq-5fcc877b5c] [hivemq] [a69f60b0] DEBUG - State of node ZZZ5r changed to UNKNOWN was null. Current cluster node states: {i7JZ2=UNKNOWN, ZZZ5r=UNKNOWN}
2025-01-29 01:00:01,741 INFO c.h.h.t.OperatorHelmChartContainer - [local-hivemq-5fcc877b5c] [hivemq] [a69f60b0] WARN  - HiveMQ Enterprise Security Extension: Cannot load the configuration from '/opt/hivemq/extensions/hivemq-enterprise-security-extension/conf/config.xml' because of the following error: java.nio.file.NoSuchFileException: /opt/hivemq/extensions/hivemq-enterprise-security-extension/conf/config.xml
2025-01-29 01:00:01,756 INFO c.h.h.t.OperatorHelmChartContainer - [local-hivemq-5fcc877b5c] [hivemq] [a69f60b0] INFO  - Startup of extension with id "hivemq-enterprise-security-extension" was prevented by the extension itself, reason: Not able to start HiveMQ Enterprise Security Extension, reason: Cannot load the configuration from '/opt/hivemq/extensions/hivemq-enterprise-security-extension/conf/config.xml' because of the following error: java.nio.file.NoSuchFileException: /opt/hivemq/extensions/hivemq-enterprise-security-extension/conf/config.xml. Extension will be disabled.
2025-01-29 01:00:01,756 INFO c.h.h.t.OperatorHelmChartContainer - [local-hivemq-5fcc877b5c] [hivemq] [a69f60b0] INFO  - Starting extension with id "hivemq-k8s-sync-extension" at /opt/hivemq/extensions/hivemq-k8s-sync-extension
2025-01-29 01:00:01,838 INFO c.h.h.t.OperatorHelmChartContainer - [local-hivemq-5fcc877b5c] [hivemq] [a69f60b0] DEBUG - State of node i7JZ2 changed to RUNNING was UNKNOWN. Current cluster node states: {i7JZ2=RUNNING, ZZZ5r=UNKNOWN}
2025-01-29 01:00:01,840 INFO c.h.h.t.OperatorHelmChartContainer - [local-hivemq-5fcc877b5c] [hivemq] [a69f60b0] INFO  - Cluster size = 1, members : [i7JZ2].
2025-01-29 01:00:01,961 INFO c.h.h.t.OperatorHelmChartContainer - [local-hivemq-5fcc877b5c] [hivemq] [a69f60b0] DEBUG - Sending NOT_JOINED state request to i7JZ2.
2025-01-29 01:00:01,988 INFO c.h.h.t.OperatorHelmChartContainer - [local-hivemq-5fcc877b5c] [hivemq] [a69f60b0] DEBUG - Using global cluster id 'tusEp' (1738112316668). Previous was 'FShtB' (1738112389269).
2025-01-29 01:00:02,049 INFO c.h.h.t.OperatorHelmChartContainer - [local-hivemq-6f4d548d79] [hivemq] [f1f69c8b] DEBUG - State of node ZZZ5r changed to NOT_JOINED was UNKNOWN. Current cluster node states: {i7JZ2=RUNNING, ZZZ5r=NOT_JOINED}
2025-01-29 01:00:02,050 INFO c.h.h.t.OperatorHelmChartContainer - [local-hivemq-6f4d548d79] [hivemq] [f1f69c8b] DEBUG - Sending NOT_JOINED state notification for ZZZ5r to all nodes.
2025-01-29 01:00:02,058 INFO c.h.h.t.OperatorHelmChartContainer - [local-hivemq-5fcc877b5c] [hivemq] [a69f60b0] DEBUG - State of node ZZZ5r changed to NOT_JOINED was UNKNOWN. Current cluster node states: {i7JZ2=RUNNING, ZZZ5r=NOT_JOINED}
2025-01-29 01:00:02,067 INFO c.h.h.t.OperatorHelmChartContainer - [local-hivemq-5fcc877b5c] [hivemq] [a69f60b0] DEBUG - Could not get configMap modification timestamp for source /hivemq-data/extensions/..data, likely no ConfigMap mounted
2025-01-29 01:00:02,068 INFO c.h.h.t.OperatorHelmChartContainer - [local-hivemq-5fcc877b5c] [hivemq] [a69f60b0] DEBUG - Could not get configMap modification timestamp for source /hivemq-data/conf/..data, likely no ConfigMap mounted
2025-01-29 01:00:02,069 INFO c.h.h.t.OperatorHelmChartContainer - [local-hivemq-5fcc877b5c] [hivemq] [a69f60b0] DEBUG - Could not get configMap modification timestamp for source /hivemq-data/bin/..data, likely no ConfigMap mounted
2025-01-29 01:00:02,070 INFO c.h.h.t.OperatorHelmChartContainer - [local-hivemq-5fcc877b5c] [hivemq] [a69f60b0] INFO  - Started HiveMQ Kubernetes State Synchronization Extension:1.0.3
2025-01-29 01:00:02,072 INFO c.h.h.t.OperatorHelmChartContainer - [local-hivemq-5fcc877b5c] [hivemq] [a69f60b0] INFO  - Extension "HiveMQ Kubernetes State Synchronization Extension" version 1.0.3 started successfully.
2025-01-29 01:00:02,072 INFO c.h.h.t.OperatorHelmChartContainer - [local-hivemq-5fcc877b5c] [hivemq] [a69f60b0] INFO  - Starting extension with id "hivemq-allow-all-extension" at /opt/hivemq/extensions/hivemq-allow-all-extension
2025-01-29 01:00:02,072 INFO c.h.h.t.OperatorHelmChartContainer - [local-hivemq-5fcc877b5c] [hivemq] [a69f60b0] WARN  - 
2025-01-29 01:00:02,072 INFO c.h.h.t.OperatorHelmChartContainer - [local-hivemq-5fcc877b5c] [hivemq] [a69f60b0] ################################################################################################################
2025-01-29 01:00:02,072 INFO c.h.h.t.OperatorHelmChartContainer - [local-hivemq-5fcc877b5c] [hivemq] [a69f60b0] # This HiveMQ deployment is not secure! You are lacking Authentication and Authorization.                      #
2025-01-29 01:00:02,072 INFO c.h.h.t.OperatorHelmChartContainer - [local-hivemq-5fcc877b5c] [hivemq] [a69f60b0] # Right now any MQTT client can connect to the broker with a full set of permissions.                          #
2025-01-29 01:00:02,072 INFO c.h.h.t.OperatorHelmChartContainer - [local-hivemq-5fcc877b5c] [hivemq] [a69f60b0] # For production usage, add an appropriate security extension and remove the hivemq-allow-all extension.       #
2025-01-29 01:00:02,072 INFO c.h.h.t.OperatorHelmChartContainer - [local-hivemq-5fcc877b5c] [hivemq] [a69f60b0] # You can download security extensions from the HiveMQ Marketplace (https://www.hivemq.com/extensions/).       #
2025-01-29 01:00:02,072 INFO c.h.h.t.OperatorHelmChartContainer - [local-hivemq-5fcc877b5c] [hivemq] [a69f60b0] ################################################################################################################
2025-01-29 01:00:02,072 INFO c.h.h.t.OperatorHelmChartContainer - [local-hivemq-5fcc877b5c] [hivemq] [a69f60b0] DEBUG - Simple authenticator added by extension 'hivemq-allow-all-extension'.
2025-01-29 01:00:02,072 INFO c.h.h.t.OperatorHelmChartContainer - [local-hivemq-5fcc877b5c] [hivemq] [a69f60b0] INFO  - Extension "Allow All Extension" version 1.1.1 started successfully.
2025-01-29 01:00:02,074 INFO c.h.h.t.OperatorHelmChartContainer - [local-hivemq-5fcc877b5c] [hivemq] [a69f60b0] DEBUG - Sending JOINING state request to i7JZ2.
2025-01-29 01:00:02,078 INFO c.h.h.t.OperatorHelmChartContainer - [local-hivemq-6f4d548d79] [hivemq] [f1f69c8b] DEBUG - Allowing JOIN request for node ZZZ5r.
2025-01-29 01:00:02,079 INFO c.h.h.t.OperatorHelmChartContainer - [local-hivemq-6f4d548d79] [hivemq] [f1f69c8b] DEBUG - State of node ZZZ5r changed to JOINING was NOT_JOINED. Current cluster node states: {i7JZ2=RUNNING, ZZZ5r=JOINING}
2025-01-29 01:00:02,155 INFO c.h.h.t.OperatorHelmChartContainer - [local-hivemq-6f4d548d79] [hivemq] [f1f69c8b] DEBUG - Sending JOINING state notification for ZZZ5r to all nodes.
2025-01-29 01:00:02,162 INFO c.h.h.t.OperatorHelmChartContainer - [local-hivemq-5fcc877b5c] [hivemq] [a69f60b0] DEBUG - State of node ZZZ5r changed to JOINING was NOT_JOINED. Current cluster node states: {i7JZ2=RUNNING, ZZZ5r=JOINING}
2025-01-29 01:00:02,258 INFO c.h.h.t.OperatorHelmChartContainer - [local-hivemq-5fcc877b5c] [hivemq] [a69f60b0] INFO  - Starting cluster join process. This may take a while. Please do not shut down HiveMQ.
2025-01-29 01:00:02,258 INFO c.h.h.t.OperatorHelmChartContainer - [local-hivemq-5fcc877b5c] [hivemq] [a69f60b0] DEBUG - Join started. Disabling WAL: true
2025-01-29 01:00:02,259 INFO c.h.h.t.OperatorHelmChartContainer - [local-hivemq-5fcc877b5c] [hivemq] [a69f60b0] DEBUG - Replicating data from nodes [i7JZ2].
2025-01-29 01:00:02,260 INFO c.h.h.t.OperatorHelmChartContainer - [local-hivemq-5fcc877b5c] [hivemq] [a69f60b0] INFO  - Cluster join process is still ongoing. Please do not shut down HiveMQ.
2025-01-29 01:00:02,263 INFO c.h.h.t.OperatorHelmChartContainer - [local-hivemq-6f4d548d79] [hivemq] [f1f69c8b] DEBUG - Received replication finished request from ZZZ5r. Response is false.
2025-01-29 01:00:02,448 INFO c.h.h.t.OperatorHelmChartContainer - [local-hivemq-6f4d548d79] [hivemq] [f1f69c8b] DEBUG - Replication of data to nodes [ZZZ5r] finished.
2025-01-29 01:00:03,259 INFO c.h.h.t.OperatorHelmChartContainer - [local-hivemq-6f4d548d79] [hivemq] [f1f69c8b] DEBUG - Received replication finished request from ZZZ5r. Response is true.
2025-01-29 01:00:03,260 INFO c.h.h.t.OperatorHelmChartContainer - [local-hivemq-5fcc877b5c] [hivemq] [a69f60b0] DEBUG - Replication of data from node i7JZ2 finished.
2025-01-29 01:00:04,259 INFO c.h.h.t.OperatorHelmChartContainer - [local-hivemq-5fcc877b5c] [hivemq] [a69f60b0] DEBUG - Join finished. Flushing RocksDBs.
2025-01-29 01:00:04,259 INFO c.h.h.t.OperatorHelmChartContainer - [local-hivemq-5fcc877b5c] [hivemq] [a69f60b0] DEBUG - Flushing: /opt/hivemq/data/persistence/publish_payload_store/040500_R/publish_payload_store_1
2025-01-29 01:00:04,261 INFO c.h.h.t.OperatorHelmChartContainer - [local-hivemq-5fcc877b5c] [hivemq] [a69f60b0] DEBUG - Flushing: /opt/hivemq/data/persistence/client_queue/042800_R/client_queue_0
2025-01-29 01:00:04,261 INFO c.h.h.t.OperatorHelmChartContainer - [local-hivemq-5fcc877b5c] [hivemq] [a69f60b0] DEBUG - Flushing: /opt/hivemq/data/persistence/publish_payload_store/040500_R/publish_payload_store_0
2025-01-29 01:00:04,261 INFO c.h.h.t.OperatorHelmChartContainer - [local-hivemq-5fcc877b5c] [hivemq] [a69f60b0] DEBUG - Flushing: /opt/hivemq/data/persistence/client_queue/042800_R/client_queue_1
2025-01-29 01:00:04,261 INFO c.h.h.t.OperatorHelmChartContainer - [local-hivemq-5fcc877b5c] [hivemq] [a69f60b0] DEBUG - Flushing: /opt/hivemq/data/persistence/publish_payload_store/040500_R/publish_payload_store_2
2025-01-29 01:00:04,261 INFO c.h.h.t.OperatorHelmChartContainer - [local-hivemq-5fcc877b5c] [hivemq] [a69f60b0] DEBUG - Flushing: /opt/hivemq/data/persistence/publish_payload_store/040500_R/publish_payload_store_4
2025-01-29 01:00:04,261 INFO c.h.h.t.OperatorHelmChartContainer - [local-hivemq-5fcc877b5c] [hivemq] [a69f60b0] DEBUG - Flushing: /opt/hivemq/data/persistence/publish_payload_store/040500_R/publish_payload_store_3
2025-01-29 01:00:04,261 INFO c.h.h.t.OperatorHelmChartContainer - [local-hivemq-5fcc877b5c] [hivemq] [a69f60b0] DEBUG - Flushing: /opt/hivemq/data/persistence/publish_payload_store/040500_R/publish_payload_store_5
2025-01-29 01:00:04,261 INFO c.h.h.t.OperatorHelmChartContainer - [local-hivemq-5fcc877b5c] [hivemq] [a69f60b0] DEBUG - Flushing: /opt/hivemq/data/persistence/publish_payload_store/040500_R/publish_payload_store_6
2025-01-29 01:00:04,261 INFO c.h.h.t.OperatorHelmChartContainer - [local-hivemq-5fcc877b5c] [hivemq] [a69f60b0] DEBUG - Flushing: /opt/hivemq/data/persistence/publish_payload_store/040500_R/publish_payload_store_7
2025-01-29 01:00:04,261 INFO c.h.h.t.OperatorHelmChartContainer - [local-hivemq-5fcc877b5c] [hivemq] [a69f60b0] DEBUG - Flushing: /opt/hivemq/data/persistence/publish_payload_store/040500_R/publish_payload_store_8
2025-01-29 01:00:04,261 INFO c.h.h.t.OperatorHelmChartContainer - [local-hivemq-5fcc877b5c] [hivemq] [a69f60b0] DEBUG - Flushing: /opt/hivemq/data/persistence/publish_payload_store/040500_R/publish_payload_store_9
2025-01-29 01:00:04,261 INFO c.h.h.t.OperatorHelmChartContainer - [local-hivemq-5fcc877b5c] [hivemq] [a69f60b0] DEBUG - Flushing: /opt/hivemq/data/persistence/publish_payload_store/040500_R/publish_payload_store_10
2025-01-29 01:00:04,261 INFO c.h.h.t.OperatorHelmChartContainer - [local-hivemq-5fcc877b5c] [hivemq] [a69f60b0] DEBUG - Flushing: /opt/hivemq/data/persistence/publish_payload_store/040500_R/publish_payload_store_11
2025-01-29 01:00:04,261 INFO c.h.h.t.OperatorHelmChartContainer - [local-hivemq-5fcc877b5c] [hivemq] [a69f60b0] DEBUG - Flushing: /opt/hivemq/data/persistence/publish_payload_store/040500_R/publish_payload_store_12
2025-01-29 01:00:04,261 INFO c.h.h.t.OperatorHelmChartContainer - [local-hivemq-5fcc877b5c] [hivemq] [a69f60b0] DEBUG - Flushing: /opt/hivemq/data/persistence/publish_payload_store/040500_R/publish_payload_store_14
2025-01-29 01:00:04,261 INFO c.h.h.t.OperatorHelmChartContainer - [local-hivemq-5fcc877b5c] [hivemq] [a69f60b0] DEBUG - Flushing: /opt/hivemq/data/persistence/publish_payload_store/040500_R/publish_payload_store_13
2025-01-29 01:00:04,261 INFO c.h.h.t.OperatorHelmChartContainer - [local-hivemq-5fcc877b5c] [hivemq] [a69f60b0] DEBUG - Flushing: /opt/hivemq/data/persistence/publish_payload_store/040500_R/publish_payload_store_15
2025-01-29 01:00:04,262 INFO c.h.h.t.OperatorHelmChartContainer - [local-hivemq-5fcc877b5c] [hivemq] [a69f60b0] DEBUG - Flushing: /opt/hivemq/data/persistence/publish_payload_store/040500_R/publish_payload_store_16
2025-01-29 01:00:04,263 INFO c.h.h.t.OperatorHelmChartContainer - [local-hivemq-5fcc877b5c] [hivemq] [a69f60b0] DEBUG - Flushing: /opt/hivemq/data/persistence/publish_payload_store/040500_R/publish_payload_store_17
2025-01-29 01:00:04,263 INFO c.h.h.t.OperatorHelmChartContainer - [local-hivemq-5fcc877b5c] [hivemq] [a69f60b0] DEBUG - Flushing: /opt/hivemq/data/persistence/publish_payload_store/040500_R/publish_payload_store_18
2025-01-29 01:00:04,263 INFO c.h.h.t.OperatorHelmChartContainer - [local-hivemq-5fcc877b5c] [hivemq] [a69f60b0] DEBUG - Flushing: /opt/hivemq/data/persistence/publish_payload_store/040500_R/publish_payload_store_19
2025-01-29 01:00:04,263 INFO c.h.h.t.OperatorHelmChartContainer - [local-hivemq-5fcc877b5c] [hivemq] [a69f60b0] DEBUG - Flushing: /opt/hivemq/data/persistence/publish_payload_store/040500_R/publish_payload_store_20
2025-01-29 01:00:04,264 INFO c.h.h.t.OperatorHelmChartContainer - [local-hivemq-5fcc877b5c] [hivemq] [a69f60b0] DEBUG - Flushing: /opt/hivemq/data/persistence/publish_payload_store/040500_R/publish_payload_store_21
2025-01-29 01:00:04,264 INFO c.h.h.t.OperatorHelmChartContainer - [local-hivemq-5fcc877b5c] [hivemq] [a69f60b0] DEBUG - Flushing: /opt/hivemq/data/persistence/publish_payload_store/040500_R/publish_payload_store_22
2025-01-29 01:00:04,264 INFO c.h.h.t.OperatorHelmChartContainer - [local-hivemq-5fcc877b5c] [hivemq] [a69f60b0] DEBUG - Flushing: /opt/hivemq/data/persistence/publish_payload_store/040500_R/publish_payload_store_23
2025-01-29 01:00:04,266 INFO c.h.h.t.OperatorHelmChartContainer - [local-hivemq-5fcc877b5c] [hivemq] [a69f60b0] DEBUG - Flushing: /opt/hivemq/data/persistence/publish_payload_store/040500_R/publish_payload_store_24
2025-01-29 01:00:04,266 INFO c.h.h.t.OperatorHelmChartContainer - [local-hivemq-5fcc877b5c] [hivemq] [a69f60b0] DEBUG - Flushing: /opt/hivemq/data/persistence/publish_payload_store/040500_R/publish_payload_store_25
2025-01-29 01:00:04,266 INFO c.h.h.t.OperatorHelmChartContainer - [local-hivemq-5fcc877b5c] [hivemq] [a69f60b0] DEBUG - Flushing: /opt/hivemq/data/persistence/publish_payload_store/040500_R/publish_payload_store_26
2025-01-29 01:00:04,266 INFO c.h.h.t.OperatorHelmChartContainer - [local-hivemq-5fcc877b5c] [hivemq] [a69f60b0] DEBUG - Flushing: /opt/hivemq/data/persistence/publish_payload_store/040500_R/publish_payload_store_27
2025-01-29 01:00:04,266 INFO c.h.h.t.OperatorHelmChartContainer - [local-hivemq-5fcc877b5c] [hivemq] [a69f60b0] DEBUG - Flushing: /opt/hivemq/data/persistence/publish_payload_store/040500_R/publish_payload_store_29
2025-01-29 01:00:04,267 INFO c.h.h.t.OperatorHelmChartContainer - [local-hivemq-5fcc877b5c] [hivemq] [a69f60b0] DEBUG - Flushing: /opt/hivemq/data/persistence/publish_payload_store/040500_R/publish_payload_store_28
2025-01-29 01:00:04,267 INFO c.h.h.t.OperatorHelmChartContainer - [local-hivemq-5fcc877b5c] [hivemq] [a69f60b0] DEBUG - Flushing: /opt/hivemq/data/persistence/publish_payload_store/040500_R/publish_payload_store_30
2025-01-29 01:00:04,267 INFO c.h.h.t.OperatorHelmChartContainer - [local-hivemq-5fcc877b5c] [hivemq] [a69f60b0] DEBUG - Flushing: /opt/hivemq/data/persistence/publish_payload_store/040500_R/publish_payload_store_31
2025-01-29 01:00:04,267 INFO c.h.h.t.OperatorHelmChartContainer - [local-hivemq-5fcc877b5c] [hivemq] [a69f60b0] DEBUG - Flushing: /opt/hivemq/data/persistence/publish_payload_store/040500_R/publish_payload_store_32
2025-01-29 01:00:04,267 INFO c.h.h.t.OperatorHelmChartContainer - [local-hivemq-5fcc877b5c] [hivemq] [a69f60b0] DEBUG - Flushing: /opt/hivemq/data/persistence/publish_payload_store/040500_R/publish_payload_store_33
2025-01-29 01:00:04,267 INFO c.h.h.t.OperatorHelmChartContainer - [local-hivemq-5fcc877b5c] [hivemq] [a69f60b0] DEBUG - Flushing: /opt/hivemq/data/persistence/publish_payload_store/040500_R/publish_payload_store_34
2025-01-29 01:00:04,269 INFO c.h.h.t.OperatorHelmChartContainer - [local-hivemq-5fcc877b5c] [hivemq] [a69f60b0] DEBUG - Flushing: /opt/hivemq/data/persistence/publish_payload_store/040500_R/publish_payload_store_35
2025-01-29 01:00:04,269 INFO c.h.h.t.OperatorHelmChartContainer - [local-hivemq-5fcc877b5c] [hivemq] [a69f60b0] DEBUG - Flushing: /opt/hivemq/data/persistence/publish_payload_store/040500_R/publish_payload_store_36
2025-01-29 01:00:04,269 INFO c.h.h.t.OperatorHelmChartContainer - [local-hivemq-5fcc877b5c] [hivemq] [a69f60b0] DEBUG - Flushing: /opt/hivemq/data/persistence/publish_payload_store/040500_R/publish_payload_store_37
2025-01-29 01:00:04,269 INFO c.h.h.t.OperatorHelmChartContainer - [local-hivemq-5fcc877b5c] [hivemq] [a69f60b0] DEBUG - Flushing: /opt/hivemq/data/persistence/publish_payload_store/040500_R/publish_payload_store_38
2025-01-29 01:00:04,269 INFO c.h.h.t.OperatorHelmChartContainer - [local-hivemq-5fcc877b5c] [hivemq] [a69f60b0] DEBUG - Flushing: /opt/hivemq/data/persistence/publish_payload_store/040500_R/publish_payload_store_39
2025-01-29 01:00:04,269 INFO c.h.h.t.OperatorHelmChartContainer - [local-hivemq-5fcc877b5c] [hivemq] [a69f60b0] DEBUG - Flushing: /opt/hivemq/data/persistence/publish_payload_store/040500_R/publish_payload_store_40
2025-01-29 01:00:04,269 INFO c.h.h.t.OperatorHelmChartContainer - [local-hivemq-5fcc877b5c] [hivemq] [a69f60b0] DEBUG - Flushing: /opt/hivemq/data/persistence/publish_payload_store/040500_R/publish_payload_store_41
2025-01-29 01:00:04,269 INFO c.h.h.t.OperatorHelmChartContainer - [local-hivemq-5fcc877b5c] [hivemq] [a69f60b0] DEBUG - Flushing: /opt/hivemq/data/persistence/publish_payload_store/040500_R/publish_payload_store_42
2025-01-29 01:00:04,269 INFO c.h.h.t.OperatorHelmChartContainer - [local-hivemq-5fcc877b5c] [hivemq] [a69f60b0] DEBUG - Flushing: /opt/hivemq/data/persistence/publish_payload_store/040500_R/publish_payload_store_43
2025-01-29 01:00:04,269 INFO c.h.h.t.OperatorHelmChartContainer - [local-hivemq-5fcc877b5c] [hivemq] [a69f60b0] DEBUG - Flushing: /opt/hivemq/data/persistence/publish_payload_store/040500_R/publish_payload_store_44
2025-01-29 01:00:04,269 INFO c.h.h.t.OperatorHelmChartContainer - [local-hivemq-5fcc877b5c] [hivemq] [a69f60b0] DEBUG - Flushing: /opt/hivemq/data/persistence/publish_payload_store/040500_R/publish_payload_store_45
2025-01-29 01:00:04,269 INFO c.h.h.t.OperatorHelmChartContainer - [local-hivemq-5fcc877b5c] [hivemq] [a69f60b0] DEBUG - Flushing: /opt/hivemq/data/persistence/publish_payload_store/040500_R/publish_payload_store_48
2025-01-29 01:00:04,269 INFO c.h.h.t.OperatorHelmChartContainer - [local-hivemq-5fcc877b5c] [hivemq] [a69f60b0] DEBUG - Flushing: /opt/hivemq/data/persistence/publish_payload_store/040500_R/publish_payload_store_47
2025-01-29 01:00:04,269 INFO c.h.h.t.OperatorHelmChartContainer - [local-hivemq-5fcc877b5c] [hivemq] [a69f60b0] DEBUG - Flushing: /opt/hivemq/data/persistence/publish_payload_store/040500_R/publish_payload_store_46
2025-01-29 01:00:04,269 INFO c.h.h.t.OperatorHelmChartContainer - [local-hivemq-5fcc877b5c] [hivemq] [a69f60b0] DEBUG - Flushing: /opt/hivemq/data/persistence/publish_payload_store/040500_R/publish_payload_store_49
2025-01-29 01:00:04,269 INFO c.h.h.t.OperatorHelmChartContainer - [local-hivemq-5fcc877b5c] [hivemq] [a69f60b0] DEBUG - Flushing: /opt/hivemq/data/persistence/publish_payload_store/040500_R/publish_payload_store_50
2025-01-29 01:00:04,269 INFO c.h.h.t.OperatorHelmChartContainer - [local-hivemq-5fcc877b5c] [hivemq] [a69f60b0] DEBUG - Flushing: /opt/hivemq/data/persistence/publish_payload_store/040500_R/publish_payload_store_51
2025-01-29 01:00:04,269 INFO c.h.h.t.OperatorHelmChartContainer - [local-hivemq-5fcc877b5c] [hivemq] [a69f60b0] DEBUG - Flushing: /opt/hivemq/data/persistence/publish_payload_store/040500_R/publish_payload_store_52
2025-01-29 01:00:04,269 INFO c.h.h.t.OperatorHelmChartContainer - [local-hivemq-5fcc877b5c] [hivemq] [a69f60b0] DEBUG - Flushing: /opt/hivemq/data/persistence/publish_payload_store/040500_R/publish_payload_store_53
2025-01-29 01:00:04,269 INFO c.h.h.t.OperatorHelmChartContainer - [local-hivemq-5fcc877b5c] [hivemq] [a69f60b0] DEBUG - Flushing: /opt/hivemq/data/persistence/publish_payload_store/040500_R/publish_payload_store_54
2025-01-29 01:00:04,269 INFO c.h.h.t.OperatorHelmChartContainer - [local-hivemq-5fcc877b5c] [hivemq] [a69f60b0] DEBUG - Flushing: /opt/hivemq/data/persistence/publish_payload_store/040500_R/publish_payload_store_55
2025-01-29 01:00:04,269 INFO c.h.h.t.OperatorHelmChartContainer - [local-hivemq-5fcc877b5c] [hivemq] [a69f60b0] DEBUG - Flushing: /opt/hivemq/data/persistence/publish_payload_store/040500_R/publish_payload_store_56
2025-01-29 01:00:04,269 INFO c.h.h.t.OperatorHelmChartContainer - [local-hivemq-5fcc877b5c] [hivemq] [a69f60b0] DEBUG - Flushing: /opt/hivemq/data/persistence/publish_payload_store/040500_R/publish_payload_store_57
2025-01-29 01:00:04,269 INFO c.h.h.t.OperatorHelmChartContainer - [local-hivemq-5fcc877b5c] [hivemq] [a69f60b0] DEBUG - Flushing: /opt/hivemq/data/persistence/publish_payload_store/040500_R/publish_payload_store_58
2025-01-29 01:00:04,269 INFO c.h.h.t.OperatorHelmChartContainer - [local-hivemq-5fcc877b5c] [hivemq] [a69f60b0] DEBUG - Flushing: /opt/hivemq/data/persistence/publish_payload_store/040500_R/publish_payload_store_59
2025-01-29 01:00:04,269 INFO c.h.h.t.OperatorHelmChartContainer - [local-hivemq-5fcc877b5c] [hivemq] [a69f60b0] DEBUG - Flushing: /opt/hivemq/data/persistence/publish_payload_store/040500_R/publish_payload_store_60
2025-01-29 01:00:04,269 INFO c.h.h.t.OperatorHelmChartContainer - [local-hivemq-5fcc877b5c] [hivemq] [a69f60b0] DEBUG - Flushing: /opt/hivemq/data/persistence/publish_payload_store/040500_R/publish_payload_store_61
2025-01-29 01:00:04,269 INFO c.h.h.t.OperatorHelmChartContainer - [local-hivemq-5fcc877b5c] [hivemq] [a69f60b0] DEBUG - Flushing: /opt/hivemq/data/persistence/publish_payload_store/040500_R/publish_payload_store_62
2025-01-29 01:00:04,269 INFO c.h.h.t.OperatorHelmChartContainer - [local-hivemq-5fcc877b5c] [hivemq] [a69f60b0] DEBUG - Flushing: /opt/hivemq/data/persistence/publish_payload_store/040500_R/publish_payload_store_63
2025-01-29 01:00:04,269 INFO c.h.h.t.OperatorHelmChartContainer - [local-hivemq-5fcc877b5c] [hivemq] [a69f60b0] DEBUG - Flushing: /opt/hivemq/data/persistence/client_queue/042800_R/client_queue_2
2025-01-29 01:00:04,269 INFO c.h.h.t.OperatorHelmChartContainer - [local-hivemq-5fcc877b5c] [hivemq] [a69f60b0] DEBUG - Flushing: /opt/hivemq/data/persistence/client_queue/042800_R/client_queue_3
2025-01-29 01:00:04,269 INFO c.h.h.t.OperatorHelmChartContainer - [local-hivemq-5fcc877b5c] [hivemq] [a69f60b0] DEBUG - Flushing: /opt/hivemq/data/persistence/client_queue/042800_R/client_queue_4
2025-01-29 01:00:04,269 INFO c.h.h.t.OperatorHelmChartContainer - [local-hivemq-5fcc877b5c] [hivemq] [a69f60b0] DEBUG - Flushing: /opt/hivemq/data/persistence/client_queue/042800_R/client_queue_5
2025-01-29 01:00:04,269 INFO c.h.h.t.OperatorHelmChartContainer - [local-hivemq-5fcc877b5c] [hivemq] [a69f60b0] DEBUG - Flushing: /opt/hivemq/data/persistence/client_queue/042800_R/client_queue_6
2025-01-29 01:00:04,269 INFO c.h.h.t.OperatorHelmChartContainer - [local-hivemq-5fcc877b5c] [hivemq] [a69f60b0] DEBUG - Flushing: /opt/hivemq/data/persistence/client_queue/042800_R/client_queue_7
2025-01-29 01:00:04,269 INFO c.h.h.t.OperatorHelmChartContainer - [local-hivemq-5fcc877b5c] [hivemq] [a69f60b0] DEBUG - Flushing: /opt/hivemq/data/persistence/client_queue/042800_R/client_queue_8
2025-01-29 01:00:04,269 INFO c.h.h.t.OperatorHelmChartContainer - [local-hivemq-5fcc877b5c] [hivemq] [a69f60b0] DEBUG - Flushing: /opt/hivemq/data/persistence/client_queue/042800_R/client_queue_9
2025-01-29 01:00:04,269 INFO c.h.h.t.OperatorHelmChartContainer - [local-hivemq-5fcc877b5c] [hivemq] [a69f60b0] DEBUG - Flushing: /opt/hivemq/data/persistence/client_queue/042800_R/client_queue_10
2025-01-29 01:00:04,270 INFO c.h.h.t.OperatorHelmChartContainer - [local-hivemq-5fcc877b5c] [hivemq] [a69f60b0] DEBUG - Flushing: /opt/hivemq/data/persistence/client_queue/042800_R/client_queue_11
2025-01-29 01:00:04,270 INFO c.h.h.t.OperatorHelmChartContainer - [local-hivemq-5fcc877b5c] [hivemq] [a69f60b0] DEBUG - Flushing: /opt/hivemq/data/persistence/client_queue/042800_R/client_queue_12
2025-01-29 01:00:04,276 INFO c.h.h.t.OperatorHelmChartContainer - [local-hivemq-5fcc877b5c] [hivemq] [a69f60b0] DEBUG - Flushing: /opt/hivemq/data/persistence/client_queue/042800_R/client_queue_13
2025-01-29 01:00:04,276 INFO c.h.h.t.OperatorHelmChartContainer - [local-hivemq-5fcc877b5c] [hivemq] [a69f60b0] DEBUG - Flushing: /opt/hivemq/data/persistence/client_queue/042800_R/client_queue_14
2025-01-29 01:00:04,276 INFO c.h.h.t.OperatorHelmChartContainer - [local-hivemq-5fcc877b5c] [hivemq] [a69f60b0] DEBUG - Flushing: /opt/hivemq/data/persistence/client_queue/042800_R/client_queue_15
2025-01-29 01:00:04,276 INFO c.h.h.t.OperatorHelmChartContainer - [local-hivemq-5fcc877b5c] [hivemq] [a69f60b0] DEBUG - Flushing: /opt/hivemq/data/persistence/client_queue/042800_R/client_queue_16
2025-01-29 01:00:04,276 INFO c.h.h.t.OperatorHelmChartContainer - [local-hivemq-5fcc877b5c] [hivemq] [a69f60b0] DEBUG - Flushing: /opt/hivemq/data/persistence/client_queue/042800_R/client_queue_17
2025-01-29 01:00:04,276 INFO c.h.h.t.OperatorHelmChartContainer - [local-hivemq-5fcc877b5c] [hivemq] [a69f60b0] DEBUG - Flushing: /opt/hivemq/data/persistence/client_queue/042800_R/client_queue_18
2025-01-29 01:00:04,277 INFO c.h.h.t.OperatorHelmChartContainer - [local-hivemq-5fcc877b5c] [hivemq] [a69f60b0] DEBUG - Flushing: /opt/hivemq/data/persistence/client_queue/042800_R/client_queue_19
2025-01-29 01:00:04,277 INFO c.h.h.t.OperatorHelmChartContainer - [local-hivemq-5fcc877b5c] [hivemq] [a69f60b0] DEBUG - Flushing: /opt/hivemq/data/persistence/client_queue/042800_R/client_queue_20
2025-01-29 01:00:04,277 INFO c.h.h.t.OperatorHelmChartContainer - [local-hivemq-5fcc877b5c] [hivemq] [a69f60b0] DEBUG - Flushing: /opt/hivemq/data/persistence/client_queue/042800_R/client_queue_21
2025-01-29 01:00:04,277 INFO c.h.h.t.OperatorHelmChartContainer - [local-hivemq-5fcc877b5c] [hivemq] [a69f60b0] DEBUG - Flushing: /opt/hivemq/data/persistence/client_queue/042800_R/client_queue_22
2025-01-29 01:00:04,277 INFO c.h.h.t.OperatorHelmChartContainer - [local-hivemq-5fcc877b5c] [hivemq] [a69f60b0] DEBUG - Flushing: /opt/hivemq/data/persistence/client_queue/042800_R/client_queue_23
2025-01-29 01:00:04,277 INFO c.h.h.t.OperatorHelmChartContainer - [local-hivemq-5fcc877b5c] [hivemq] [a69f60b0] DEBUG - Flushing: /opt/hivemq/data/persistence/client_queue/042800_R/client_queue_24
2025-01-29 01:00:04,277 INFO c.h.h.t.OperatorHelmChartContainer - [local-hivemq-5fcc877b5c] [hivemq] [a69f60b0] DEBUG - Flushing: /opt/hivemq/data/persistence/client_queue/042800_R/client_queue_25
2025-01-29 01:00:04,277 INFO c.h.h.t.OperatorHelmChartContainer - [local-hivemq-5fcc877b5c] [hivemq] [a69f60b0] DEBUG - Flushing: /opt/hivemq/data/persistence/client_queue/042800_R/client_queue_26
2025-01-29 01:00:04,277 INFO c.h.h.t.OperatorHelmChartContainer - [local-hivemq-5fcc877b5c] [hivemq] [a69f60b0] DEBUG - Flushing: /opt/hivemq/data/persistence/client_queue/042800_R/client_queue_27
2025-01-29 01:00:04,277 INFO c.h.h.t.OperatorHelmChartContainer - [local-hivemq-5fcc877b5c] [hivemq] [a69f60b0] DEBUG - Flushing: /opt/hivemq/data/persistence/client_queue/042800_R/client_queue_28
2025-01-29 01:00:04,277 INFO c.h.h.t.OperatorHelmChartContainer - [local-hivemq-5fcc877b5c] [hivemq] [a69f60b0] DEBUG - Flushing: /opt/hivemq/data/persistence/client_queue/042800_R/client_queue_29
2025-01-29 01:00:04,277 INFO c.h.h.t.OperatorHelmChartContainer - [local-hivemq-5fcc877b5c] [hivemq] [a69f60b0] DEBUG - Flushing: /opt/hivemq/data/persistence/client_queue/042800_R/client_queue_30
2025-01-29 01:00:04,277 INFO c.h.h.t.OperatorHelmChartContainer - [local-hivemq-5fcc877b5c] [hivemq] [a69f60b0] DEBUG - Flushing: /opt/hivemq/data/persistence/client_queue/042800_R/client_queue_31
2025-01-29 01:00:04,277 INFO c.h.h.t.OperatorHelmChartContainer - [local-hivemq-5fcc877b5c] [hivemq] [a69f60b0] DEBUG - Flushing: /opt/hivemq/data/persistence/client_queue/042800_R/client_queue_32
2025-01-29 01:00:04,277 INFO c.h.h.t.OperatorHelmChartContainer - [local-hivemq-5fcc877b5c] [hivemq] [a69f60b0] DEBUG - Flushing: /opt/hivemq/data/persistence/client_queue/042800_R/client_queue_33
2025-01-29 01:00:04,277 INFO c.h.h.t.OperatorHelmChartContainer - [local-hivemq-5fcc877b5c] [hivemq] [a69f60b0] DEBUG - Flushing: /opt/hivemq/data/persistence/client_queue/042800_R/client_queue_34
2025-01-29 01:00:04,277 INFO c.h.h.t.OperatorHelmChartContainer - [local-hivemq-5fcc877b5c] [hivemq] [a69f60b0] DEBUG - Flushing: /opt/hivemq/data/persistence/client_queue/042800_R/client_queue_35
2025-01-29 01:00:04,277 INFO c.h.h.t.OperatorHelmChartContainer - [local-hivemq-5fcc877b5c] [hivemq] [a69f60b0] DEBUG - Flushing: /opt/hivemq/data/persistence/client_queue/042800_R/client_queue_36
2025-01-29 01:00:04,277 INFO c.h.h.t.OperatorHelmChartContainer - [local-hivemq-5fcc877b5c] [hivemq] [a69f60b0] DEBUG - Flushing: /opt/hivemq/data/persistence/client_queue/042800_R/client_queue_37
2025-01-29 01:00:04,277 INFO c.h.h.t.OperatorHelmChartContainer - [local-hivemq-5fcc877b5c] [hivemq] [a69f60b0] DEBUG - Flushing: /opt/hivemq/data/persistence/client_queue/042800_R/client_queue_38
2025-01-29 01:00:04,277 INFO c.h.h.t.OperatorHelmChartContainer - [local-hivemq-5fcc877b5c] [hivemq] [a69f60b0] DEBUG - Flushing: /opt/hivemq/data/persistence/client_queue/042800_R/client_queue_39
2025-01-29 01:00:04,277 INFO c.h.h.t.OperatorHelmChartContainer - [local-hivemq-5fcc877b5c] [hivemq] [a69f60b0] DEBUG - Flushing: /opt/hivemq/data/persistence/client_queue/042800_R/client_queue_40
2025-01-29 01:00:04,277 INFO c.h.h.t.OperatorHelmChartContainer - [local-hivemq-5fcc877b5c] [hivemq] [a69f60b0] DEBUG - Flushing: /opt/hivemq/data/persistence/client_queue/042800_R/client_queue_41
2025-01-29 01:00:04,277 INFO c.h.h.t.OperatorHelmChartContainer - [local-hivemq-5fcc877b5c] [hivemq] [a69f60b0] DEBUG - Flushing: /opt/hivemq/data/persistence/client_queue/042800_R/client_queue_42
2025-01-29 01:00:04,277 INFO c.h.h.t.OperatorHelmChartContainer - [local-hivemq-5fcc877b5c] [hivemq] [a69f60b0] DEBUG - Flushing: /opt/hivemq/data/persistence/client_queue/042800_R/client_queue_43
2025-01-29 01:00:04,277 INFO c.h.h.t.OperatorHelmChartContainer - [local-hivemq-5fcc877b5c] [hivemq] [a69f60b0] DEBUG - Flushing: /opt/hivemq/data/persistence/client_queue/042800_R/client_queue_44
2025-01-29 01:00:04,277 INFO c.h.h.t.OperatorHelmChartContainer - [local-hivemq-5fcc877b5c] [hivemq] [a69f60b0] DEBUG - Flushing: /opt/hivemq/data/persistence/client_queue/042800_R/client_queue_45
2025-01-29 01:00:04,277 INFO c.h.h.t.OperatorHelmChartContainer - [local-hivemq-5fcc877b5c] [hivemq] [a69f60b0] DEBUG - Flushing: /opt/hivemq/data/persistence/client_queue/042800_R/client_queue_46
2025-01-29 01:00:04,277 INFO c.h.h.t.OperatorHelmChartContainer - [local-hivemq-5fcc877b5c] [hivemq] [a69f60b0] DEBUG - Flushing: /opt/hivemq/data/persistence/client_queue/042800_R/client_queue_47
2025-01-29 01:00:04,277 INFO c.h.h.t.OperatorHelmChartContainer - [local-hivemq-5fcc877b5c] [hivemq] [a69f60b0] DEBUG - Flushing: /opt/hivemq/data/persistence/client_queue/042800_R/client_queue_48
2025-01-29 01:00:04,277 INFO c.h.h.t.OperatorHelmChartContainer - [local-hivemq-5fcc877b5c] [hivemq] [a69f60b0] DEBUG - Flushing: /opt/hivemq/data/persistence/client_queue/042800_R/client_queue_49
2025-01-29 01:00:04,277 INFO c.h.h.t.OperatorHelmChartContainer - [local-hivemq-5fcc877b5c] [hivemq] [a69f60b0] DEBUG - Flushing: /opt/hivemq/data/persistence/client_queue/042800_R/client_queue_50
2025-01-29 01:00:04,277 INFO c.h.h.t.OperatorHelmChartContainer - [local-hivemq-5fcc877b5c] [hivemq] [a69f60b0] DEBUG - Flushing: /opt/hivemq/data/persistence/client_queue/042800_R/client_queue_51
2025-01-29 01:00:04,277 INFO c.h.h.t.OperatorHelmChartContainer - [local-hivemq-5fcc877b5c] [hivemq] [a69f60b0] DEBUG - Flushing: /opt/hivemq/data/persistence/client_queue/042800_R/client_queue_52
2025-01-29 01:00:04,277 INFO c.h.h.t.OperatorHelmChartContainer - [local-hivemq-5fcc877b5c] [hivemq] [a69f60b0] DEBUG - Flushing: /opt/hivemq/data/persistence/client_queue/042800_R/client_queue_53
2025-01-29 01:00:04,277 INFO c.h.h.t.OperatorHelmChartContainer - [local-hivemq-5fcc877b5c] [hivemq] [a69f60b0] DEBUG - Flushing: /opt/hivemq/data/persistence/client_queue/042800_R/client_queue_54
2025-01-29 01:00:04,277 INFO c.h.h.t.OperatorHelmChartContainer - [local-hivemq-5fcc877b5c] [hivemq] [a69f60b0] DEBUG - Flushing: /opt/hivemq/data/persistence/client_queue/042800_R/client_queue_55
2025-01-29 01:00:04,277 INFO c.h.h.t.OperatorHelmChartContainer - [local-hivemq-5fcc877b5c] [hivemq] [a69f60b0] DEBUG - Flushing: /opt/hivemq/data/persistence/client_queue/042800_R/client_queue_56
2025-01-29 01:00:04,277 INFO c.h.h.t.OperatorHelmChartContainer - [local-hivemq-5fcc877b5c] [hivemq] [a69f60b0] DEBUG - Flushing: /opt/hivemq/data/persistence/client_queue/042800_R/client_queue_57
2025-01-29 01:00:04,277 INFO c.h.h.t.OperatorHelmChartContainer - [local-hivemq-5fcc877b5c] [hivemq] [a69f60b0] DEBUG - Flushing: /opt/hivemq/data/persistence/client_queue/042800_R/client_queue_59
2025-01-29 01:00:04,277 INFO c.h.h.t.OperatorHelmChartContainer - [local-hivemq-5fcc877b5c] [hivemq] [a69f60b0] DEBUG - Flushing: /opt/hivemq/data/persistence/client_queue/042800_R/client_queue_58
2025-01-29 01:00:04,277 INFO c.h.h.t.OperatorHelmChartContainer - [local-hivemq-5fcc877b5c] [hivemq] [a69f60b0] DEBUG - Flushing: /opt/hivemq/data/persistence/client_queue/042800_R/client_queue_60
2025-01-29 01:00:04,277 INFO c.h.h.t.OperatorHelmChartContainer - [local-hivemq-5fcc877b5c] [hivemq] [a69f60b0] DEBUG - Flushing: /opt/hivemq/data/persistence/client_queue/042800_R/client_queue_61
2025-01-29 01:00:04,277 INFO c.h.h.t.OperatorHelmChartContainer - [local-hivemq-5fcc877b5c] [hivemq] [a69f60b0] DEBUG - Flushing: /opt/hivemq/data/persistence/client_queue/042800_R/client_queue_62
2025-01-29 01:00:04,277 INFO c.h.h.t.OperatorHelmChartContainer - [local-hivemq-5fcc877b5c] [hivemq] [a69f60b0] DEBUG - Flushing: /opt/hivemq/data/persistence/client_session_store/040100_R/client_session_store_0
2025-01-29 01:00:04,277 INFO c.h.h.t.OperatorHelmChartContainer - [local-hivemq-5fcc877b5c] [hivemq] [a69f60b0] DEBUG - Flushing: /opt/hivemq/data/persistence/client_queue/042800_R/client_queue_63
2025-01-29 01:00:04,277 INFO c.h.h.t.OperatorHelmChartContainer - [local-hivemq-5fcc877b5c] [hivemq] [a69f60b0] DEBUG - Flushing: /opt/hivemq/data/persistence/client_session_store/040100_R/client_session_store_1
2025-01-29 01:00:04,277 INFO c.h.h.t.OperatorHelmChartContainer - [local-hivemq-5fcc877b5c] [hivemq] [a69f60b0] DEBUG - Flushing: /opt/hivemq/data/persistence/client_session_store/040100_R/client_session_store_2
2025-01-29 01:00:04,277 INFO c.h.h.t.OperatorHelmChartContainer - [local-hivemq-5fcc877b5c] [hivemq] [a69f60b0] DEBUG - Flushing: /opt/hivemq/data/persistence/client_session_store/040100_R/client_session_store_3
2025-01-29 01:00:04,277 INFO c.h.h.t.OperatorHelmChartContainer - [local-hivemq-5fcc877b5c] [hivemq] [a69f60b0] DEBUG - Flushing: /opt/hivemq/data/persistence/client_session_store/040100_R/client_session_store_4
2025-01-29 01:00:04,277 INFO c.h.h.t.OperatorHelmChartContainer - [local-hivemq-5fcc877b5c] [hivemq] [a69f60b0] DEBUG - Flushing: /opt/hivemq/data/persistence/client_session_store/040100_R/client_session_store_5
2025-01-29 01:00:04,277 INFO c.h.h.t.OperatorHelmChartContainer - [local-hivemq-5fcc877b5c] [hivemq] [a69f60b0] DEBUG - Flushing: /opt/hivemq/data/persistence/client_session_store/040100_R/client_session_store_6
2025-01-29 01:00:04,277 INFO c.h.h.t.OperatorHelmChartContainer - [local-hivemq-5fcc877b5c] [hivemq] [a69f60b0] DEBUG - Flushing: /opt/hivemq/data/persistence/client_session_store/040100_R/client_session_store_7
2025-01-29 01:00:04,278 INFO c.h.h.t.OperatorHelmChartContainer - [local-hivemq-5fcc877b5c] [hivemq] [a69f60b0] DEBUG - Flushing: /opt/hivemq/data/persistence/client_session_store/040100_R/client_session_store_8
2025-01-29 01:00:04,278 INFO c.h.h.t.OperatorHelmChartContainer - [local-hivemq-5fcc877b5c] [hivemq] [a69f60b0] DEBUG - Flushing: /opt/hivemq/data/persistence/client_session_store/040100_R/client_session_store_9
2025-01-29 01:00:04,278 INFO c.h.h.t.OperatorHelmChartContainer - [local-hivemq-5fcc877b5c] [hivemq] [a69f60b0] DEBUG - Flushing: /opt/hivemq/data/persistence/client_session_store/040100_R/client_session_store_10
2025-01-29 01:00:04,278 INFO c.h.h.t.OperatorHelmChartContainer - [local-hivemq-5fcc877b5c] [hivemq] [a69f60b0] DEBUG - Flushing: /opt/hivemq/data/persistence/client_session_store/040100_R/client_session_store_11
2025-01-29 01:00:04,278 INFO c.h.h.t.OperatorHelmChartContainer - [local-hivemq-5fcc877b5c] [hivemq] [a69f60b0] DEBUG - Flushing: /opt/hivemq/data/persistence/client_session_store/040100_R/client_session_store_13
2025-01-29 01:00:04,278 INFO c.h.h.t.OperatorHelmChartContainer - [local-hivemq-5fcc877b5c] [hivemq] [a69f60b0] DEBUG - Flushing: /opt/hivemq/data/persistence/client_session_store/040100_R/client_session_store_12
2025-01-29 01:00:04,278 INFO c.h.h.t.OperatorHelmChartContainer - [local-hivemq-5fcc877b5c] [hivemq] [a69f60b0] DEBUG - Flushing: /opt/hivemq/data/persistence/client_session_store/040100_R/client_session_store_14
2025-01-29 01:00:04,278 INFO c.h.h.t.OperatorHelmChartContainer - [local-hivemq-5fcc877b5c] [hivemq] [a69f60b0] DEBUG - Flushing: /opt/hivemq/data/persistence/client_session_store/040100_R/client_session_store_15
2025-01-29 01:00:04,278 INFO c.h.h.t.OperatorHelmChartContainer - [local-hivemq-5fcc877b5c] [hivemq] [a69f60b0] DEBUG - Flushing: /opt/hivemq/data/persistence/client_session_store/040100_R/client_session_store_16
2025-01-29 01:00:04,278 INFO c.h.h.t.OperatorHelmChartContainer - [local-hivemq-5fcc877b5c] [hivemq] [a69f60b0] DEBUG - Flushing: /opt/hivemq/data/persistence/client_session_store/040100_R/client_session_store_17
2025-01-29 01:00:04,278 INFO c.h.h.t.OperatorHelmChartContainer - [local-hivemq-5fcc877b5c] [hivemq] [a69f60b0] DEBUG - Flushing: /opt/hivemq/data/persistence/client_session_store/040100_R/client_session_store_18
2025-01-29 01:00:04,278 INFO c.h.h.t.OperatorHelmChartContainer - [local-hivemq-5fcc877b5c] [hivemq] [a69f60b0] DEBUG - Flushing: /opt/hivemq/data/persistence/client_session_store/040100_R/client_session_store_20
2025-01-29 01:00:04,278 INFO c.h.h.t.OperatorHelmChartContainer - [local-hivemq-5fcc877b5c] [hivemq] [a69f60b0] DEBUG - Flushing: /opt/hivemq/data/persistence/client_session_store/040100_R/client_session_store_19
2025-01-29 01:00:04,280 INFO c.h.h.t.OperatorHelmChartContainer - [local-hivemq-5fcc877b5c] [hivemq] [a69f60b0] DEBUG - Flushing: /opt/hivemq/data/persistence/client_session_store/040100_R/client_session_store_21
2025-01-29 01:00:04,280 INFO c.h.h.t.OperatorHelmChartContainer - [local-hivemq-5fcc877b5c] [hivemq] [a69f60b0] DEBUG - Flushing: /opt/hivemq/data/persistence/client_session_store/040100_R/client_session_store_22
2025-01-29 01:00:04,280 INFO c.h.h.t.OperatorHelmChartContainer - [local-hivemq-5fcc877b5c] [hivemq] [a69f60b0] DEBUG - Flushing: /opt/hivemq/data/persistence/client_session_store/040100_R/client_session_store_23
2025-01-29 01:00:04,281 INFO c.h.h.t.OperatorHelmChartContainer - [local-hivemq-5fcc877b5c] [hivemq] [a69f60b0] DEBUG - Flushing: /opt/hivemq/data/persistence/client_session_store/040100_R/client_session_store_24
2025-01-29 01:00:04,281 INFO c.h.h.t.OperatorHelmChartContainer - [local-hivemq-5fcc877b5c] [hivemq] [a69f60b0] DEBUG - Flushing: /opt/hivemq/data/persistence/client_session_store/040100_R/client_session_store_25
2025-01-29 01:00:04,281 INFO c.h.h.t.OperatorHelmChartContainer - [local-hivemq-5fcc877b5c] [hivemq] [a69f60b0] DEBUG - Flushing: /opt/hivemq/data/persistence/client_session_store/040100_R/client_session_store_26
2025-01-29 01:00:04,281 INFO c.h.h.t.OperatorHelmChartContainer - [local-hivemq-5fcc877b5c] [hivemq] [a69f60b0] DEBUG - Flushing: /opt/hivemq/data/persistence/client_session_store/040100_R/client_session_store_27
2025-01-29 01:00:04,281 INFO c.h.h.t.OperatorHelmChartContainer - [local-hivemq-5fcc877b5c] [hivemq] [a69f60b0] DEBUG - Flushing: /opt/hivemq/data/persistence/client_session_store/040100_R/client_session_store_28
2025-01-29 01:00:04,281 INFO c.h.h.t.OperatorHelmChartContainer - [local-hivemq-5fcc877b5c] [hivemq] [a69f60b0] DEBUG - Flushing: /opt/hivemq/data/persistence/client_session_store/040100_R/client_session_store_29
2025-01-29 01:00:04,281 INFO c.h.h.t.OperatorHelmChartContainer - [local-hivemq-5fcc877b5c] [hivemq] [a69f60b0] DEBUG - Flushing: /opt/hivemq/data/persistence/client_session_store/040100_R/client_session_store_30
2025-01-29 01:00:04,282 INFO c.h.h.t.OperatorHelmChartContainer - [local-hivemq-5fcc877b5c] [hivemq] [a69f60b0] DEBUG - Flushing: /opt/hivemq/data/persistence/client_session_store/040100_R/client_session_store_31
2025-01-29 01:00:04,282 INFO c.h.h.t.OperatorHelmChartContainer - [local-hivemq-5fcc877b5c] [hivemq] [a69f60b0] DEBUG - Flushing: /opt/hivemq/data/persistence/client_session_store/040100_R/client_session_store_32
2025-01-29 01:00:04,282 INFO c.h.h.t.OperatorHelmChartContainer - [local-hivemq-5fcc877b5c] [hivemq] [a69f60b0] DEBUG - Flushing: /opt/hivemq/data/persistence/client_session_store/040100_R/client_session_store_33
2025-01-29 01:00:04,282 INFO c.h.h.t.OperatorHelmChartContainer - [local-hivemq-5fcc877b5c] [hivemq] [a69f60b0] DEBUG - Flushing: /opt/hivemq/data/persistence/client_session_store/040100_R/client_session_store_34
2025-01-29 01:00:04,282 INFO c.h.h.t.OperatorHelmChartContainer - [local-hivemq-5fcc877b5c] [hivemq] [a69f60b0] DEBUG - Flushing: /opt/hivemq/data/persistence/client_session_store/040100_R/client_session_store_36
2025-01-29 01:00:04,282 INFO c.h.h.t.OperatorHelmChartContainer - [local-hivemq-5fcc877b5c] [hivemq] [a69f60b0] DEBUG - Flushing: /opt/hivemq/data/persistence/client_session_store/040100_R/client_session_store_35
2025-01-29 01:00:04,282 INFO c.h.h.t.OperatorHelmChartContainer - [local-hivemq-5fcc877b5c] [hivemq] [a69f60b0] DEBUG - Flushing: /opt/hivemq/data/persistence/client_session_store/040100_R/client_session_store_37
2025-01-29 01:00:04,282 INFO c.h.h.t.OperatorHelmChartContainer - [local-hivemq-5fcc877b5c] [hivemq] [a69f60b0] DEBUG - Flushing: /opt/hivemq/data/persistence/client_session_store/040100_R/client_session_store_38
2025-01-29 01:00:04,282 INFO c.h.h.t.OperatorHelmChartContainer - [local-hivemq-5fcc877b5c] [hivemq] [a69f60b0] DEBUG - Flushing: /opt/hivemq/data/persistence/client_session_store/040100_R/client_session_store_39
2025-01-29 01:00:04,283 INFO c.h.h.t.OperatorHelmChartContainer - [local-hivemq-5fcc877b5c] [hivemq] [a69f60b0] DEBUG - Flushing: /opt/hivemq/data/persistence/client_session_store/040100_R/client_session_store_40
2025-01-29 01:00:04,283 INFO c.h.h.t.OperatorHelmChartContainer - [local-hivemq-5fcc877b5c] [hivemq] [a69f60b0] DEBUG - Flushing: /opt/hivemq/data/persistence/client_session_store/040100_R/client_session_store_41
2025-01-29 01:00:04,283 INFO c.h.h.t.OperatorHelmChartContainer - [local-hivemq-5fcc877b5c] [hivemq] [a69f60b0] DEBUG - Flushing: /opt/hivemq/data/persistence/client_session_store/040100_R/client_session_store_42
2025-01-29 01:00:04,283 INFO c.h.h.t.OperatorHelmChartContainer - [local-hivemq-5fcc877b5c] [hivemq] [a69f60b0] DEBUG - Flushing: /opt/hivemq/data/persistence/client_session_store/040100_R/client_session_store_43
2025-01-29 01:00:04,283 INFO c.h.h.t.OperatorHelmChartContainer - [local-hivemq-5fcc877b5c] [hivemq] [a69f60b0] DEBUG - Flushing: /opt/hivemq/data/persistence/client_session_store/040100_R/client_session_store_44
2025-01-29 01:00:04,283 INFO c.h.h.t.OperatorHelmChartContainer - [local-hivemq-5fcc877b5c] [hivemq] [a69f60b0] DEBUG - Flushing: /opt/hivemq/data/persistence/client_session_store/040100_R/client_session_store_45
2025-01-29 01:00:04,283 INFO c.h.h.t.OperatorHelmChartContainer - [local-hivemq-5fcc877b5c] [hivemq] [a69f60b0] DEBUG - Flushing: /opt/hivemq/data/persistence/client_session_store/040100_R/client_session_store_46
2025-01-29 01:00:04,284 INFO c.h.h.t.OperatorHelmChartContainer - [local-hivemq-5fcc877b5c] [hivemq] [a69f60b0] DEBUG - Flushing: /opt/hivemq/data/persistence/client_session_store/040100_R/client_session_store_47
2025-01-29 01:00:04,284 INFO c.h.h.t.OperatorHelmChartContainer - [local-hivemq-5fcc877b5c] [hivemq] [a69f60b0] DEBUG - Flushing: /opt/hivemq/data/persistence/client_session_store/040100_R/client_session_store_48
2025-01-29 01:00:04,285 INFO c.h.h.t.OperatorHelmChartContainer - [local-hivemq-5fcc877b5c] [hivemq] [a69f60b0] DEBUG - Flushing: /opt/hivemq/data/persistence/client_session_store/040100_R/client_session_store_49
2025-01-29 01:00:04,285 INFO c.h.h.t.OperatorHelmChartContainer - [local-hivemq-5fcc877b5c] [hivemq] [a69f60b0] DEBUG - Flushing: /opt/hivemq/data/persistence/client_session_store/040100_R/client_session_store_50
2025-01-29 01:00:04,288 INFO c.h.h.t.OperatorHelmChartContainer - [local-hivemq-5fcc877b5c] [hivemq] [a69f60b0] DEBUG - Flushing: /opt/hivemq/data/persistence/client_session_store/040100_R/client_session_store_51
2025-01-29 01:00:04,288 INFO c.h.h.t.OperatorHelmChartContainer - [local-hivemq-5fcc877b5c] [hivemq] [a69f60b0] DEBUG - Flushing: /opt/hivemq/data/persistence/client_session_store/040100_R/client_session_store_53
2025-01-29 01:00:04,288 INFO c.h.h.t.OperatorHelmChartContainer - [local-hivemq-5fcc877b5c] [hivemq] [a69f60b0] DEBUG - Flushing: /opt/hivemq/data/persistence/client_session_store/040100_R/client_session_store_52
2025-01-29 01:00:04,289 INFO c.h.h.t.OperatorHelmChartContainer - [local-hivemq-5fcc877b5c] [hivemq] [a69f60b0] DEBUG - Flushing: /opt/hivemq/data/persistence/client_session_store/040100_R/client_session_store_54
2025-01-29 01:00:04,289 INFO c.h.h.t.OperatorHelmChartContainer - [local-hivemq-5fcc877b5c] [hivemq] [a69f60b0] DEBUG - Flushing: /opt/hivemq/data/persistence/client_session_store/040100_R/client_session_store_55
2025-01-29 01:00:04,289 INFO c.h.h.t.OperatorHelmChartContainer - [local-hivemq-5fcc877b5c] [hivemq] [a69f60b0] DEBUG - Flushing: /opt/hivemq/data/persistence/client_session_store/040100_R/client_session_store_56
2025-01-29 01:00:04,289 INFO c.h.h.t.OperatorHelmChartContainer - [local-hivemq-5fcc877b5c] [hivemq] [a69f60b0] DEBUG - Flushing: /opt/hivemq/data/persistence/client_session_store/040100_R/client_session_store_57
2025-01-29 01:00:04,290 INFO c.h.h.t.OperatorHelmChartContainer - [local-hivemq-5fcc877b5c] [hivemq] [a69f60b0] DEBUG - Flushing: /opt/hivemq/data/persistence/client_session_store/040100_R/client_session_store_59
2025-01-29 01:00:04,290 INFO c.h.h.t.OperatorHelmChartContainer - [local-hivemq-5fcc877b5c] [hivemq] [a69f60b0] DEBUG - Flushing: /opt/hivemq/data/persistence/client_session_store/040100_R/client_session_store_58
2025-01-29 01:00:04,290 INFO c.h.h.t.OperatorHelmChartContainer - [local-hivemq-5fcc877b5c] [hivemq] [a69f60b0] DEBUG - Flushing: /opt/hivemq/data/persistence/client_session_store/040100_R/client_session_store_60
2025-01-29 01:00:04,291 INFO c.h.h.t.OperatorHelmChartContainer - [local-hivemq-5fcc877b5c] [hivemq] [a69f60b0] DEBUG - Flushing: /opt/hivemq/data/persistence/client_session_store/040100_R/client_session_store_62
2025-01-29 01:00:04,291 INFO c.h.h.t.OperatorHelmChartContainer - [local-hivemq-5fcc877b5c] [hivemq] [a69f60b0] DEBUG - Flushing: /opt/hivemq/data/persistence/client_session_store/040100_R/client_session_store_63
2025-01-29 01:00:04,291 INFO c.h.h.t.OperatorHelmChartContainer - [local-hivemq-5fcc877b5c] [hivemq] [a69f60b0] DEBUG - Flushing: /opt/hivemq/data/persistence/client_session_store/040100_R/client_session_store_61
2025-01-29 01:00:04,291 INFO c.h.h.t.OperatorHelmChartContainer - [local-hivemq-5fcc877b5c] [hivemq] [a69f60b0] DEBUG - Flushing: /opt/hivemq/data/persistence/attribute/043100_R/attribute_0
2025-01-29 01:00:04,291 INFO c.h.h.t.OperatorHelmChartContainer - [local-hivemq-5fcc877b5c] [hivemq] [a69f60b0] DEBUG - Flushing: /opt/hivemq/data/persistence/attribute/043100_R/attribute_1
2025-01-29 01:00:04,291 INFO c.h.h.t.OperatorHelmChartContainer - [local-hivemq-5fcc877b5c] [hivemq] [a69f60b0] DEBUG - Flushing: /opt/hivemq/data/persistence/attribute/043100_R/attribute_3
2025-01-29 01:00:04,291 INFO c.h.h.t.OperatorHelmChartContainer - [local-hivemq-5fcc877b5c] [hivemq] [a69f60b0] DEBUG - Flushing: /opt/hivemq/data/persistence/attribute/043100_R/attribute_2
2025-01-29 01:00:04,291 INFO c.h.h.t.OperatorHelmChartContainer - [local-hivemq-5fcc877b5c] [hivemq] [a69f60b0] DEBUG - Flushing: /opt/hivemq/data/persistence/attribute/043100_R/attribute_4
2025-01-29 01:00:04,291 INFO c.h.h.t.OperatorHelmChartContainer - [local-hivemq-5fcc877b5c] [hivemq] [a69f60b0] DEBUG - Flushing: /opt/hivemq/data/persistence/attribute/043100_R/attribute_5
2025-01-29 01:00:04,291 INFO c.h.h.t.OperatorHelmChartContainer - [local-hivemq-5fcc877b5c] [hivemq] [a69f60b0] DEBUG - Flushing: /opt/hivemq/data/persistence/attribute/043100_R/attribute_7
2025-01-29 01:00:04,291 INFO c.h.h.t.OperatorHelmChartContainer - [local-hivemq-5fcc877b5c] [hivemq] [a69f60b0] DEBUG - Flushing: /opt/hivemq/data/persistence/attribute/043100_R/attribute_6
2025-01-29 01:00:04,291 INFO c.h.h.t.OperatorHelmChartContainer - [local-hivemq-5fcc877b5c] [hivemq] [a69f60b0] DEBUG - Flushing: /opt/hivemq/data/persistence/attribute/043100_R/attribute_8
2025-01-29 01:00:04,291 INFO c.h.h.t.OperatorHelmChartContainer - [local-hivemq-5fcc877b5c] [hivemq] [a69f60b0] DEBUG - Flushing: /opt/hivemq/data/persistence/attribute/043100_R/attribute_9
2025-01-29 01:00:04,291 INFO c.h.h.t.OperatorHelmChartContainer - [local-hivemq-5fcc877b5c] [hivemq] [a69f60b0] DEBUG - Flushing: /opt/hivemq/data/persistence/attribute/043100_R/attribute_10
2025-01-29 01:00:04,291 INFO c.h.h.t.OperatorHelmChartContainer - [local-hivemq-5fcc877b5c] [hivemq] [a69f60b0] DEBUG - Flushing: /opt/hivemq/data/persistence/attribute/043100_R/attribute_11
2025-01-29 01:00:04,291 INFO c.h.h.t.OperatorHelmChartContainer - [local-hivemq-5fcc877b5c] [hivemq] [a69f60b0] DEBUG - Flushing: /opt/hivemq/data/persistence/attribute/043100_R/attribute_13
2025-01-29 01:00:04,291 INFO c.h.h.t.OperatorHelmChartContainer - [local-hivemq-5fcc877b5c] [hivemq] [a69f60b0] DEBUG - Flushing: /opt/hivemq/data/persistence/attribute/043100_R/attribute_12
2025-01-29 01:00:04,291 INFO c.h.h.t.OperatorHelmChartContainer - [local-hivemq-5fcc877b5c] [hivemq] [a69f60b0] DEBUG - Flushing: /opt/hivemq/data/persistence/attribute/043100_R/attribute_14
2025-01-29 01:00:04,291 INFO c.h.h.t.OperatorHelmChartContainer - [local-hivemq-5fcc877b5c] [hivemq] [a69f60b0] DEBUG - Flushing: /opt/hivemq/data/persistence/attribute/043100_R/attribute_15
2025-01-29 01:00:04,291 INFO c.h.h.t.OperatorHelmChartContainer - [local-hivemq-5fcc877b5c] [hivemq] [a69f60b0] DEBUG - Flushing: /opt/hivemq/data/persistence/attribute/043100_R/attribute_16
2025-01-29 01:00:04,291 INFO c.h.h.t.OperatorHelmChartContainer - [local-hivemq-5fcc877b5c] [hivemq] [a69f60b0] DEBUG - Flushing: /opt/hivemq/data/persistence/attribute/043100_R/attribute_17
2025-01-29 01:00:04,291 INFO c.h.h.t.OperatorHelmChartContainer - [local-hivemq-5fcc877b5c] [hivemq] [a69f60b0] DEBUG - Flushing: /opt/hivemq/data/persistence/attribute/043100_R/attribute_18
2025-01-29 01:00:04,291 INFO c.h.h.t.OperatorHelmChartContainer - [local-hivemq-5fcc877b5c] [hivemq] [a69f60b0] DEBUG - Flushing: /opt/hivemq/data/persistence/attribute/043100_R/attribute_19
2025-01-29 01:00:04,291 INFO c.h.h.t.OperatorHelmChartContainer - [local-hivemq-5fcc877b5c] [hivemq] [a69f60b0] DEBUG - Flushing: /opt/hivemq/data/persistence/attribute/043100_R/attribute_20
2025-01-29 01:00:04,291 INFO c.h.h.t.OperatorHelmChartContainer - [local-hivemq-5fcc877b5c] [hivemq] [a69f60b0] DEBUG - Flushing: /opt/hivemq/data/persistence/attribute/043100_R/attribute_21
2025-01-29 01:00:04,291 INFO c.h.h.t.OperatorHelmChartContainer - [local-hivemq-5fcc877b5c] [hivemq] [a69f60b0] DEBUG - Flushing: /opt/hivemq/data/persistence/attribute/043100_R/attribute_22
2025-01-29 01:00:04,291 INFO c.h.h.t.OperatorHelmChartContainer - [local-hivemq-5fcc877b5c] [hivemq] [a69f60b0] DEBUG - Flushing: /opt/hivemq/data/persistence/attribute/043100_R/attribute_23
2025-01-29 01:00:04,291 INFO c.h.h.t.OperatorHelmChartContainer - [local-hivemq-5fcc877b5c] [hivemq] [a69f60b0] DEBUG - Flushing: /opt/hivemq/data/persistence/attribute/043100_R/attribute_25
2025-01-29 01:00:04,291 INFO c.h.h.t.OperatorHelmChartContainer - [local-hivemq-5fcc877b5c] [hivemq] [a69f60b0] DEBUG - Flushing: /opt/hivemq/data/persistence/attribute/043100_R/attribute_24
2025-01-29 01:00:04,291 INFO c.h.h.t.OperatorHelmChartContainer - [local-hivemq-5fcc877b5c] [hivemq] [a69f60b0] DEBUG - Flushing: /opt/hivemq/data/persistence/attribute/043100_R/attribute_26
2025-01-29 01:00:04,291 INFO c.h.h.t.OperatorHelmChartContainer - [local-hivemq-5fcc877b5c] [hivemq] [a69f60b0] DEBUG - Flushing: /opt/hivemq/data/persistence/attribute/043100_R/attribute_27
2025-01-29 01:00:04,291 INFO c.h.h.t.OperatorHelmChartContainer - [local-hivemq-5fcc877b5c] [hivemq] [a69f60b0] DEBUG - Flushing: /opt/hivemq/data/persistence/attribute/043100_R/attribute_28
2025-01-29 01:00:04,291 INFO c.h.h.t.OperatorHelmChartContainer - [local-hivemq-5fcc877b5c] [hivemq] [a69f60b0] DEBUG - Flushing: /opt/hivemq/data/persistence/attribute/043100_R/attribute_29
2025-01-29 01:00:04,291 INFO c.h.h.t.OperatorHelmChartContainer - [local-hivemq-5fcc877b5c] [hivemq] [a69f60b0] DEBUG - Flushing: /opt/hivemq/data/persistence/attribute/043100_R/attribute_30
2025-01-29 01:00:04,293 INFO c.h.h.t.OperatorHelmChartContainer - [local-hivemq-5fcc877b5c] [hivemq] [a69f60b0] DEBUG - Flushing: /opt/hivemq/data/persistence/attribute/043100_R/attribute_31
2025-01-29 01:00:04,293 INFO c.h.h.t.OperatorHelmChartContainer - [local-hivemq-5fcc877b5c] [hivemq] [a69f60b0] DEBUG - Flushing: /opt/hivemq/data/persistence/attribute/043100_R/attribute_34
2025-01-29 01:00:04,293 INFO c.h.h.t.OperatorHelmChartContainer - [local-hivemq-5fcc877b5c] [hivemq] [a69f60b0] DEBUG - Flushing: /opt/hivemq/data/persistence/attribute/043100_R/attribute_33
2025-01-29 01:00:04,294 INFO c.h.h.t.OperatorHelmChartContainer - [local-hivemq-5fcc877b5c] [hivemq] [a69f60b0] DEBUG - Flushing: /opt/hivemq/data/persistence/attribute/043100_R/attribute_32
2025-01-29 01:00:04,294 INFO c.h.h.t.OperatorHelmChartContainer - [local-hivemq-5fcc877b5c] [hivemq] [a69f60b0] DEBUG - Flushing: /opt/hivemq/data/persistence/attribute/043100_R/attribute_35
2025-01-29 01:00:04,294 INFO c.h.h.t.OperatorHelmChartContainer - [local-hivemq-5fcc877b5c] [hivemq] [a69f60b0] DEBUG - Flushing: /opt/hivemq/data/persistence/attribute/043100_R/attribute_36
2025-01-29 01:00:04,294 INFO c.h.h.t.OperatorHelmChartContainer - [local-hivemq-5fcc877b5c] [hivemq] [a69f60b0] DEBUG - Flushing: /opt/hivemq/data/persistence/attribute/043100_R/attribute_37
2025-01-29 01:00:04,294 INFO c.h.h.t.OperatorHelmChartContainer - [local-hivemq-5fcc877b5c] [hivemq] [a69f60b0] DEBUG - Flushing: /opt/hivemq/data/persistence/attribute/043100_R/attribute_38
2025-01-29 01:00:04,294 INFO c.h.h.t.OperatorHelmChartContainer - [local-hivemq-5fcc877b5c] [hivemq] [a69f60b0] DEBUG - Flushing: /opt/hivemq/data/persistence/attribute/043100_R/attribute_39
2025-01-29 01:00:04,294 INFO c.h.h.t.OperatorHelmChartContainer - [local-hivemq-5fcc877b5c] [hivemq] [a69f60b0] DEBUG - Flushing: /opt/hivemq/data/persistence/attribute/043100_R/attribute_40
2025-01-29 01:00:04,294 INFO c.h.h.t.OperatorHelmChartContainer - [local-hivemq-5fcc877b5c] [hivemq] [a69f60b0] DEBUG - Flushing: /opt/hivemq/data/persistence/attribute/043100_R/attribute_41
2025-01-29 01:00:04,294 INFO c.h.h.t.OperatorHelmChartContainer - [local-hivemq-5fcc877b5c] [hivemq] [a69f60b0] DEBUG - Flushing: /opt/hivemq/data/persistence/attribute/043100_R/attribute_42
2025-01-29 01:00:04,294 INFO c.h.h.t.OperatorHelmChartContainer - [local-hivemq-5fcc877b5c] [hivemq] [a69f60b0] DEBUG - Flushing: /opt/hivemq/data/persistence/attribute/043100_R/attribute_43
2025-01-29 01:00:04,294 INFO c.h.h.t.OperatorHelmChartContainer - [local-hivemq-5fcc877b5c] [hivemq] [a69f60b0] DEBUG - Flushing: /opt/hivemq/data/persistence/attribute/043100_R/attribute_44
2025-01-29 01:00:04,295 INFO c.h.h.t.OperatorHelmChartContainer - [local-hivemq-5fcc877b5c] [hivemq] [a69f60b0] DEBUG - Flushing: /opt/hivemq/data/persistence/attribute/043100_R/attribute_45
2025-01-29 01:00:04,295 INFO c.h.h.t.OperatorHelmChartContainer - [local-hivemq-5fcc877b5c] [hivemq] [a69f60b0] DEBUG - Flushing: /opt/hivemq/data/persistence/attribute/043100_R/attribute_46
2025-01-29 01:00:04,295 INFO c.h.h.t.OperatorHelmChartContainer - [local-hivemq-5fcc877b5c] [hivemq] [a69f60b0] DEBUG - Flushing: /opt/hivemq/data/persistence/attribute/043100_R/attribute_47
2025-01-29 01:00:04,295 INFO c.h.h.t.OperatorHelmChartContainer - [local-hivemq-5fcc877b5c] [hivemq] [a69f60b0] DEBUG - Flushing: /opt/hivemq/data/persistence/attribute/043100_R/attribute_48
2025-01-29 01:00:04,295 INFO c.h.h.t.OperatorHelmChartContainer - [local-hivemq-5fcc877b5c] [hivemq] [a69f60b0] DEBUG - Flushing: /opt/hivemq/data/persistence/attribute/043100_R/attribute_51
2025-01-29 01:00:04,295 INFO c.h.h.t.OperatorHelmChartContainer - [local-hivemq-5fcc877b5c] [hivemq] [a69f60b0] DEBUG - Flushing: /opt/hivemq/data/persistence/attribute/043100_R/attribute_49
2025-01-29 01:00:04,295 INFO c.h.h.t.OperatorHelmChartContainer - [local-hivemq-5fcc877b5c] [hivemq] [a69f60b0] DEBUG - Flushing: /opt/hivemq/data/persistence/attribute/043100_R/attribute_50
2025-01-29 01:00:04,295 INFO c.h.h.t.OperatorHelmChartContainer - [local-hivemq-5fcc877b5c] [hivemq] [a69f60b0] DEBUG - Flushing: /opt/hivemq/data/persistence/attribute/043100_R/attribute_52
2025-01-29 01:00:04,295 INFO c.h.h.t.OperatorHelmChartContainer - [local-hivemq-5fcc877b5c] [hivemq] [a69f60b0] DEBUG - Flushing: /opt/hivemq/data/persistence/attribute/043100_R/attribute_53
2025-01-29 01:00:04,295 INFO c.h.h.t.OperatorHelmChartContainer - [local-hivemq-5fcc877b5c] [hivemq] [a69f60b0] DEBUG - Flushing: /opt/hivemq/data/persistence/attribute/043100_R/attribute_54
2025-01-29 01:00:04,295 INFO c.h.h.t.OperatorHelmChartContainer - [local-hivemq-5fcc877b5c] [hivemq] [a69f60b0] DEBUG - Flushing: /opt/hivemq/data/persistence/attribute/043100_R/attribute_55
2025-01-29 01:00:04,295 INFO c.h.h.t.OperatorHelmChartContainer - [local-hivemq-5fcc877b5c] [hivemq] [a69f60b0] DEBUG - Flushing: /opt/hivemq/data/persistence/attribute/043100_R/attribute_57
2025-01-29 01:00:04,295 INFO c.h.h.t.OperatorHelmChartContainer - [local-hivemq-5fcc877b5c] [hivemq] [a69f60b0] DEBUG - Flushing: /opt/hivemq/data/persistence/attribute/043100_R/attribute_56
2025-01-29 01:00:04,295 INFO c.h.h.t.OperatorHelmChartContainer - [local-hivemq-5fcc877b5c] [hivemq] [a69f60b0] DEBUG - Flushing: /opt/hivemq/data/persistence/attribute/043100_R/attribute_58
2025-01-29 01:00:04,295 INFO c.h.h.t.OperatorHelmChartContainer - [local-hivemq-5fcc877b5c] [hivemq] [a69f60b0] DEBUG - Flushing: /opt/hivemq/data/persistence/attribute/043100_R/attribute_59
2025-01-29 01:00:04,295 INFO c.h.h.t.OperatorHelmChartContainer - [local-hivemq-5fcc877b5c] [hivemq] [a69f60b0] DEBUG - Flushing: /opt/hivemq/data/persistence/attribute/043100_R/attribute_60
2025-01-29 01:00:04,295 INFO c.h.h.t.OperatorHelmChartContainer - [local-hivemq-5fcc877b5c] [hivemq] [a69f60b0] DEBUG - Flushing: /opt/hivemq/data/persistence/attribute/043100_R/attribute_61
2025-01-29 01:00:04,295 INFO c.h.h.t.OperatorHelmChartContainer - [local-hivemq-5fcc877b5c] [hivemq] [a69f60b0] DEBUG - Flushing: /opt/hivemq/data/persistence/attribute/043100_R/attribute_62
2025-01-29 01:00:04,295 INFO c.h.h.t.OperatorHelmChartContainer - [local-hivemq-5fcc877b5c] [hivemq] [a69f60b0] DEBUG - Flushing: /opt/hivemq/data/persistence/attribute/043100_R/attribute_63
2025-01-29 01:00:04,295 INFO c.h.h.t.OperatorHelmChartContainer - [local-hivemq-5fcc877b5c] [hivemq] [a69f60b0] DEBUG - Flushing: /opt/hivemq/data/persistence/retained_messages/040800_R/retained_messages_1
2025-01-29 01:00:04,295 INFO c.h.h.t.OperatorHelmChartContainer - [local-hivemq-5fcc877b5c] [hivemq] [a69f60b0] DEBUG - Flushing: /opt/hivemq/data/persistence/retained_messages/040800_R/retained_messages_2
2025-01-29 01:00:04,295 INFO c.h.h.t.OperatorHelmChartContainer - [local-hivemq-5fcc877b5c] [hivemq] [a69f60b0] DEBUG - Flushing: /opt/hivemq/data/persistence/retained_messages/040800_R/retained_messages_0
2025-01-29 01:00:04,295 INFO c.h.h.t.OperatorHelmChartContainer - [local-hivemq-5fcc877b5c] [hivemq] [a69f60b0] DEBUG - Flushing: /opt/hivemq/data/persistence/retained_messages/040800_R/retained_messages_4
2025-01-29 01:00:04,295 INFO c.h.h.t.OperatorHelmChartContainer - [local-hivemq-5fcc877b5c] [hivemq] [a69f60b0] DEBUG - Flushing: /opt/hivemq/data/persistence/retained_messages/040800_R/retained_messages_5
2025-01-29 01:00:04,295 INFO c.h.h.t.OperatorHelmChartContainer - [local-hivemq-5fcc877b5c] [hivemq] [a69f60b0] DEBUG - Flushing: /opt/hivemq/data/persistence/retained_messages/040800_R/retained_messages_3
2025-01-29 01:00:04,295 INFO c.h.h.t.OperatorHelmChartContainer - [local-hivemq-5fcc877b5c] [hivemq] [a69f60b0] DEBUG - Flushing: /opt/hivemq/data/persistence/retained_messages/040800_R/retained_messages_6
2025-01-29 01:00:04,295 INFO c.h.h.t.OperatorHelmChartContainer - [local-hivemq-5fcc877b5c] [hivemq] [a69f60b0] DEBUG - Flushing: /opt/hivemq/data/persistence/retained_messages/040800_R/retained_messages_7
2025-01-29 01:00:04,295 INFO c.h.h.t.OperatorHelmChartContainer - [local-hivemq-5fcc877b5c] [hivemq] [a69f60b0] DEBUG - Flushing: /opt/hivemq/data/persistence/retained_messages/040800_R/retained_messages_8
2025-01-29 01:00:04,295 INFO c.h.h.t.OperatorHelmChartContainer - [local-hivemq-5fcc877b5c] [hivemq] [a69f60b0] DEBUG - Flushing: /opt/hivemq/data/persistence/retained_messages/040800_R/retained_messages_9
2025-01-29 01:00:04,295 INFO c.h.h.t.OperatorHelmChartContainer - [local-hivemq-5fcc877b5c] [hivemq] [a69f60b0] DEBUG - Flushing: /opt/hivemq/data/persistence/retained_messages/040800_R/retained_messages_10
2025-01-29 01:00:04,295 INFO c.h.h.t.OperatorHelmChartContainer - [local-hivemq-5fcc877b5c] [hivemq] [a69f60b0] DEBUG - Flushing: /opt/hivemq/data/persistence/retained_messages/040800_R/retained_messages_11
2025-01-29 01:00:04,295 INFO c.h.h.t.OperatorHelmChartContainer - [local-hivemq-5fcc877b5c] [hivemq] [a69f60b0] DEBUG - Flushing: /opt/hivemq/data/persistence/retained_messages/040800_R/retained_messages_12
2025-01-29 01:00:04,295 INFO c.h.h.t.OperatorHelmChartContainer - [local-hivemq-5fcc877b5c] [hivemq] [a69f60b0] DEBUG - Flushing: /opt/hivemq/data/persistence/retained_messages/040800_R/retained_messages_14
2025-01-29 01:00:04,295 INFO c.h.h.t.OperatorHelmChartContainer - [local-hivemq-5fcc877b5c] [hivemq] [a69f60b0] DEBUG - Flushing: /opt/hivemq/data/persistence/retained_messages/040800_R/retained_messages_13
2025-01-29 01:00:04,295 INFO c.h.h.t.OperatorHelmChartContainer - [local-hivemq-5fcc877b5c] [hivemq] [a69f60b0] DEBUG - Flushing: /opt/hivemq/data/persistence/retained_messages/040800_R/retained_messages_15
2025-01-29 01:00:04,295 INFO c.h.h.t.OperatorHelmChartContainer - [local-hivemq-5fcc877b5c] [hivemq] [a69f60b0] DEBUG - Flushing: /opt/hivemq/data/persistence/retained_messages/040800_R/retained_messages_16
2025-01-29 01:00:04,295 INFO c.h.h.t.OperatorHelmChartContainer - [local-hivemq-5fcc877b5c] [hivemq] [a69f60b0] DEBUG - Flushing: /opt/hivemq/data/persistence/retained_messages/040800_R/retained_messages_17
2025-01-29 01:00:04,295 INFO c.h.h.t.OperatorHelmChartContainer - [local-hivemq-5fcc877b5c] [hivemq] [a69f60b0] DEBUG - Flushing: /opt/hivemq/data/persistence/retained_messages/040800_R/retained_messages_18
2025-01-29 01:00:04,295 INFO c.h.h.t.OperatorHelmChartContainer - [local-hivemq-5fcc877b5c] [hivemq] [a69f60b0] DEBUG - Flushing: /opt/hivemq/data/persistence/retained_messages/040800_R/retained_messages_19
2025-01-29 01:00:04,295 INFO c.h.h.t.OperatorHelmChartContainer - [local-hivemq-5fcc877b5c] [hivemq] [a69f60b0] DEBUG - Flushing: /opt/hivemq/data/persistence/retained_messages/040800_R/retained_messages_20
2025-01-29 01:00:04,295 INFO c.h.h.t.OperatorHelmChartContainer - [local-hivemq-5fcc877b5c] [hivemq] [a69f60b0] DEBUG - Flushing: /opt/hivemq/data/persistence/retained_messages/040800_R/retained_messages_21
2025-01-29 01:00:04,295 INFO c.h.h.t.OperatorHelmChartContainer - [local-hivemq-5fcc877b5c] [hivemq] [a69f60b0] DEBUG - Flushing: /opt/hivemq/data/persistence/retained_messages/040800_R/retained_messages_22
2025-01-29 01:00:04,295 INFO c.h.h.t.OperatorHelmChartContainer - [local-hivemq-5fcc877b5c] [hivemq] [a69f60b0] DEBUG - Flushing: /opt/hivemq/data/persistence/retained_messages/040800_R/retained_messages_23
2025-01-29 01:00:04,295 INFO c.h.h.t.OperatorHelmChartContainer - [local-hivemq-5fcc877b5c] [hivemq] [a69f60b0] DEBUG - Flushing: /opt/hivemq/data/persistence/retained_messages/040800_R/retained_messages_24
2025-01-29 01:00:04,295 INFO c.h.h.t.OperatorHelmChartContainer - [local-hivemq-5fcc877b5c] [hivemq] [a69f60b0] DEBUG - Flushing: /opt/hivemq/data/persistence/retained_messages/040800_R/retained_messages_25
2025-01-29 01:00:04,295 INFO c.h.h.t.OperatorHelmChartContainer - [local-hivemq-5fcc877b5c] [hivemq] [a69f60b0] DEBUG - Flushing: /opt/hivemq/data/persistence/retained_messages/040800_R/retained_messages_27
2025-01-29 01:00:04,295 INFO c.h.h.t.OperatorHelmChartContainer - [local-hivemq-5fcc877b5c] [hivemq] [a69f60b0] DEBUG - Flushing: /opt/hivemq/data/persistence/retained_messages/040800_R/retained_messages_26
2025-01-29 01:00:04,295 INFO c.h.h.t.OperatorHelmChartContainer - [local-hivemq-5fcc877b5c] [hivemq] [a69f60b0] DEBUG - Flushing: /opt/hivemq/data/persistence/retained_messages/040800_R/retained_messages_28
2025-01-29 01:00:04,295 INFO c.h.h.t.OperatorHelmChartContainer - [local-hivemq-5fcc877b5c] [hivemq] [a69f60b0] DEBUG - Flushing: /opt/hivemq/data/persistence/retained_messages/040800_R/retained_messages_29
2025-01-29 01:00:04,295 INFO c.h.h.t.OperatorHelmChartContainer - [local-hivemq-5fcc877b5c] [hivemq] [a69f60b0] DEBUG - Flushing: /opt/hivemq/data/persistence/retained_messages/040800_R/retained_messages_30
2025-01-29 01:00:04,295 INFO c.h.h.t.OperatorHelmChartContainer - [local-hivemq-5fcc877b5c] [hivemq] [a69f60b0] DEBUG - Flushing: /opt/hivemq/data/persistence/retained_messages/040800_R/retained_messages_31
2025-01-29 01:00:04,295 INFO c.h.h.t.OperatorHelmChartContainer - [local-hivemq-5fcc877b5c] [hivemq] [a69f60b0] DEBUG - Flushing: /opt/hivemq/data/persistence/retained_messages/040800_R/retained_messages_32
2025-01-29 01:00:04,295 INFO c.h.h.t.OperatorHelmChartContainer - [local-hivemq-5fcc877b5c] [hivemq] [a69f60b0] DEBUG - Flushing: /opt/hivemq/data/persistence/retained_messages/040800_R/retained_messages_33
2025-01-29 01:00:04,295 INFO c.h.h.t.OperatorHelmChartContainer - [local-hivemq-5fcc877b5c] [hivemq] [a69f60b0] DEBUG - Flushing: /opt/hivemq/data/persistence/retained_messages/040800_R/retained_messages_34
2025-01-29 01:00:04,295 INFO c.h.h.t.OperatorHelmChartContainer - [local-hivemq-5fcc877b5c] [hivemq] [a69f60b0] DEBUG - Flushing: /opt/hivemq/data/persistence/retained_messages/040800_R/retained_messages_35
2025-01-29 01:00:04,295 INFO c.h.h.t.OperatorHelmChartContainer - [local-hivemq-5fcc877b5c] [hivemq] [a69f60b0] DEBUG - Flushing: /opt/hivemq/data/persistence/retained_messages/040800_R/retained_messages_36
2025-01-29 01:00:04,297 INFO c.h.h.t.OperatorHelmChartContainer - [local-hivemq-5fcc877b5c] [hivemq] [a69f60b0] DEBUG - Flushing: /opt/hivemq/data/persistence/retained_messages/040800_R/retained_messages_37
2025-01-29 01:00:04,297 INFO c.h.h.t.OperatorHelmChartContainer - [local-hivemq-5fcc877b5c] [hivemq] [a69f60b0] DEBUG - Flushing: /opt/hivemq/data/persistence/retained_messages/040800_R/retained_messages_39
2025-01-29 01:00:04,297 INFO c.h.h.t.OperatorHelmChartContainer - [local-hivemq-5fcc877b5c] [hivemq] [a69f60b0] DEBUG - Flushing: /opt/hivemq/data/persistence/retained_messages/040800_R/retained_messages_38
2025-01-29 01:00:04,302 INFO c.h.h.t.OperatorHelmChartContainer - [local-hivemq-5fcc877b5c] [hivemq] [a69f60b0] DEBUG - Flushing: /opt/hivemq/data/persistence/retained_messages/040800_R/retained_messages_40
2025-01-29 01:00:04,302 INFO c.h.h.t.OperatorHelmChartContainer - [local-hivemq-5fcc877b5c] [hivemq] [a69f60b0] DEBUG - Flushing: /opt/hivemq/data/persistence/retained_messages/040800_R/retained_messages_41
2025-01-29 01:00:04,302 INFO c.h.h.t.OperatorHelmChartContainer - [local-hivemq-5fcc877b5c] [hivemq] [a69f60b0] DEBUG - Flushing: /opt/hivemq/data/persistence/retained_messages/040800_R/retained_messages_42
2025-01-29 01:00:04,303 INFO c.h.h.t.OperatorHelmChartContainer - [local-hivemq-5fcc877b5c] [hivemq] [a69f60b0] DEBUG - Flushing: /opt/hivemq/data/persistence/retained_messages/040800_R/retained_messages_43
2025-01-29 01:00:04,303 INFO c.h.h.t.OperatorHelmChartContainer - [local-hivemq-5fcc877b5c] [hivemq] [a69f60b0] DEBUG - Flushing: /opt/hivemq/data/persistence/retained_messages/040800_R/retained_messages_44
2025-01-29 01:00:04,303 INFO c.h.h.t.OperatorHelmChartContainer - [local-hivemq-5fcc877b5c] [hivemq] [a69f60b0] DEBUG - Flushing: /opt/hivemq/data/persistence/retained_messages/040800_R/retained_messages_46
2025-01-29 01:00:04,307 INFO c.h.h.t.OperatorHelmChartContainer - [local-hivemq-5fcc877b5c] [hivemq] [a69f60b0] DEBUG - Flushing: /opt/hivemq/data/persistence/retained_messages/040800_R/retained_messages_45
2025-01-29 01:00:04,307 INFO c.h.h.t.OperatorHelmChartContainer - [local-hivemq-5fcc877b5c] [hivemq] [a69f60b0] DEBUG - Flushing: /opt/hivemq/data/persistence/retained_messages/040800_R/retained_messages_47
2025-01-29 01:00:04,307 INFO c.h.h.t.OperatorHelmChartContainer - [local-hivemq-5fcc877b5c] [hivemq] [a69f60b0] DEBUG - Flushing: /opt/hivemq/data/persistence/retained_messages/040800_R/retained_messages_48
2025-01-29 01:00:04,307 INFO c.h.h.t.OperatorHelmChartContainer - [local-hivemq-5fcc877b5c] [hivemq] [a69f60b0] DEBUG - Flushing: /opt/hivemq/data/persistence/retained_messages/040800_R/retained_messages_49
2025-01-29 01:00:04,307 INFO c.h.h.t.OperatorHelmChartContainer - [local-hivemq-5fcc877b5c] [hivemq] [a69f60b0] DEBUG - Flushing: /opt/hivemq/data/persistence/retained_messages/040800_R/retained_messages_51
2025-01-29 01:00:04,307 INFO c.h.h.t.OperatorHelmChartContainer - [local-hivemq-5fcc877b5c] [hivemq] [a69f60b0] DEBUG - Flushing: /opt/hivemq/data/persistence/retained_messages/040800_R/retained_messages_50
2025-01-29 01:00:04,307 INFO c.h.h.t.OperatorHelmChartContainer - [local-hivemq-5fcc877b5c] [hivemq] [a69f60b0] DEBUG - Flushing: /opt/hivemq/data/persistence/retained_messages/040800_R/retained_messages_52
2025-01-29 01:00:04,307 INFO c.h.h.t.OperatorHelmChartContainer - [local-hivemq-5fcc877b5c] [hivemq] [a69f60b0] DEBUG - Flushing: /opt/hivemq/data/persistence/retained_messages/040800_R/retained_messages_53
2025-01-29 01:00:04,307 INFO c.h.h.t.OperatorHelmChartContainer - [local-hivemq-5fcc877b5c] [hivemq] [a69f60b0] DEBUG - Flushing: /opt/hivemq/data/persistence/retained_messages/040800_R/retained_messages_55
2025-01-29 01:00:04,307 INFO c.h.h.t.OperatorHelmChartContainer - [local-hivemq-5fcc877b5c] [hivemq] [a69f60b0] DEBUG - Flushing: /opt/hivemq/data/persistence/retained_messages/040800_R/retained_messages_56
2025-01-29 01:00:04,307 INFO c.h.h.t.OperatorHelmChartContainer - [local-hivemq-5fcc877b5c] [hivemq] [a69f60b0] DEBUG - Flushing: /opt/hivemq/data/persistence/retained_messages/040800_R/retained_messages_54
2025-01-29 01:00:04,307 INFO c.h.h.t.OperatorHelmChartContainer - [local-hivemq-5fcc877b5c] [hivemq] [a69f60b0] DEBUG - Flushing: /opt/hivemq/data/persistence/retained_messages/040800_R/retained_messages_57
2025-01-29 01:00:04,307 INFO c.h.h.t.OperatorHelmChartContainer - [local-hivemq-5fcc877b5c] [hivemq] [a69f60b0] DEBUG - Flushing: /opt/hivemq/data/persistence/retained_messages/040800_R/retained_messages_58
2025-01-29 01:00:04,307 INFO c.h.h.t.OperatorHelmChartContainer - [local-hivemq-5fcc877b5c] [hivemq] [a69f60b0] DEBUG - Flushing: /opt/hivemq/data/persistence/retained_messages/040800_R/retained_messages_59
2025-01-29 01:00:04,307 INFO c.h.h.t.OperatorHelmChartContainer - [local-hivemq-5fcc877b5c] [hivemq] [a69f60b0] DEBUG - Flushing: /opt/hivemq/data/persistence/retained_messages/040800_R/retained_messages_60
2025-01-29 01:00:04,307 INFO c.h.h.t.OperatorHelmChartContainer - [local-hivemq-5fcc877b5c] [hivemq] [a69f60b0] DEBUG - Flushing: /opt/hivemq/data/persistence/retained_messages/040800_R/retained_messages_61
2025-01-29 01:00:04,307 INFO c.h.h.t.OperatorHelmChartContainer - [local-hivemq-5fcc877b5c] [hivemq] [a69f60b0] DEBUG - Flushing: /opt/hivemq/data/persistence/retained_messages/040800_R/retained_messages_63
2025-01-29 01:00:04,307 INFO c.h.h.t.OperatorHelmChartContainer - [local-hivemq-5fcc877b5c] [hivemq] [a69f60b0] DEBUG - Flushing: /opt/hivemq/data/persistence/retained_messages/040800_R/retained_messages_62
2025-01-29 01:00:04,307 INFO c.h.h.t.OperatorHelmChartContainer - [local-hivemq-5fcc877b5c] [hivemq] [a69f60b0] DEBUG - Flushing: /opt/hivemq/data/persistence/client_session_subscriptions/043200_R/client_session_subscriptions_0
2025-01-29 01:00:04,307 INFO c.h.h.t.OperatorHelmChartContainer - [local-hivemq-5fcc877b5c] [hivemq] [a69f60b0] DEBUG - Flushing: /opt/hivemq/data/persistence/client_session_subscriptions/043200_R/client_session_subscriptions_1
2025-01-29 01:00:04,307 INFO c.h.h.t.OperatorHelmChartContainer - [local-hivemq-5fcc877b5c] [hivemq] [a69f60b0] DEBUG - Flushing: /opt/hivemq/data/persistence/client_session_subscriptions/043200_R/client_session_subscriptions_2
2025-01-29 01:00:04,307 INFO c.h.h.t.OperatorHelmChartContainer - [local-hivemq-5fcc877b5c] [hivemq] [a69f60b0] DEBUG - Flushing: /opt/hivemq/data/persistence/client_session_subscriptions/043200_R/client_session_subscriptions_3
2025-01-29 01:00:04,307 INFO c.h.h.t.OperatorHelmChartContainer - [local-hivemq-5fcc877b5c] [hivemq] [a69f60b0] DEBUG - Flushing: /opt/hivemq/data/persistence/client_session_subscriptions/043200_R/client_session_subscriptions_4
2025-01-29 01:00:04,307 INFO c.h.h.t.OperatorHelmChartContainer - [local-hivemq-5fcc877b5c] [hivemq] [a69f60b0] DEBUG - Flushing: /opt/hivemq/data/persistence/client_session_subscriptions/043200_R/client_session_subscriptions_5
2025-01-29 01:00:04,307 INFO c.h.h.t.OperatorHelmChartContainer - [local-hivemq-5fcc877b5c] [hivemq] [a69f60b0] DEBUG - Flushing: /opt/hivemq/data/persistence/client_session_subscriptions/043200_R/client_session_subscriptions_6
2025-01-29 01:00:04,307 INFO c.h.h.t.OperatorHelmChartContainer - [local-hivemq-5fcc877b5c] [hivemq] [a69f60b0] DEBUG - Flushing: /opt/hivemq/data/persistence/client_session_subscriptions/043200_R/client_session_subscriptions_7
2025-01-29 01:00:04,307 INFO c.h.h.t.OperatorHelmChartContainer - [local-hivemq-5fcc877b5c] [hivemq] [a69f60b0] DEBUG - Flushing: /opt/hivemq/data/persistence/client_session_subscriptions/043200_R/client_session_subscriptions_8
2025-01-29 01:00:04,307 INFO c.h.h.t.OperatorHelmChartContainer - [local-hivemq-5fcc877b5c] [hivemq] [a69f60b0] DEBUG - Flushing: /opt/hivemq/data/persistence/client_session_subscriptions/043200_R/client_session_subscriptions_10
2025-01-29 01:00:04,307 INFO c.h.h.t.OperatorHelmChartContainer - [local-hivemq-5fcc877b5c] [hivemq] [a69f60b0] DEBUG - Flushing: /opt/hivemq/data/persistence/client_session_subscriptions/043200_R/client_session_subscriptions_9
2025-01-29 01:00:04,307 INFO c.h.h.t.OperatorHelmChartContainer - [local-hivemq-5fcc877b5c] [hivemq] [a69f60b0] DEBUG - Flushing: /opt/hivemq/data/persistence/client_session_subscriptions/043200_R/client_session_subscriptions_11
2025-01-29 01:00:04,307 INFO c.h.h.t.OperatorHelmChartContainer - [local-hivemq-5fcc877b5c] [hivemq] [a69f60b0] DEBUG - Flushing: /opt/hivemq/data/persistence/client_session_subscriptions/043200_R/client_session_subscriptions_12
2025-01-29 01:00:04,307 INFO c.h.h.t.OperatorHelmChartContainer - [local-hivemq-5fcc877b5c] [hivemq] [a69f60b0] DEBUG - Flushing: /opt/hivemq/data/persistence/client_session_subscriptions/043200_R/client_session_subscriptions_13
2025-01-29 01:00:04,307 INFO c.h.h.t.OperatorHelmChartContainer - [local-hivemq-5fcc877b5c] [hivemq] [a69f60b0] DEBUG - Flushing: /opt/hivemq/data/persistence/client_session_subscriptions/043200_R/client_session_subscriptions_14
2025-01-29 01:00:04,307 INFO c.h.h.t.OperatorHelmChartContainer - [local-hivemq-5fcc877b5c] [hivemq] [a69f60b0] DEBUG - Flushing: /opt/hivemq/data/persistence/client_session_subscriptions/043200_R/client_session_subscriptions_16
2025-01-29 01:00:04,307 INFO c.h.h.t.OperatorHelmChartContainer - [local-hivemq-5fcc877b5c] [hivemq] [a69f60b0] DEBUG - Flushing: /opt/hivemq/data/persistence/client_session_subscriptions/043200_R/client_session_subscriptions_15
2025-01-29 01:00:04,307 INFO c.h.h.t.OperatorHelmChartContainer - [local-hivemq-5fcc877b5c] [hivemq] [a69f60b0] DEBUG - Flushing: /opt/hivemq/data/persistence/client_session_subscriptions/043200_R/client_session_subscriptions_17
2025-01-29 01:00:04,307 INFO c.h.h.t.OperatorHelmChartContainer - [local-hivemq-5fcc877b5c] [hivemq] [a69f60b0] DEBUG - Flushing: /opt/hivemq/data/persistence/client_session_subscriptions/043200_R/client_session_subscriptions_18
2025-01-29 01:00:04,307 INFO c.h.h.t.OperatorHelmChartContainer - [local-hivemq-5fcc877b5c] [hivemq] [a69f60b0] DEBUG - Flushing: /opt/hivemq/data/persistence/client_session_subscriptions/043200_R/client_session_subscriptions_20
2025-01-29 01:00:04,307 INFO c.h.h.t.OperatorHelmChartContainer - [local-hivemq-5fcc877b5c] [hivemq] [a69f60b0] DEBUG - Flushing: /opt/hivemq/data/persistence/client_session_subscriptions/043200_R/client_session_subscriptions_19
2025-01-29 01:00:04,307 INFO c.h.h.t.OperatorHelmChartContainer - [local-hivemq-5fcc877b5c] [hivemq] [a69f60b0] DEBUG - Flushing: /opt/hivemq/data/persistence/client_session_subscriptions/043200_R/client_session_subscriptions_21
2025-01-29 01:00:04,307 INFO c.h.h.t.OperatorHelmChartContainer - [local-hivemq-5fcc877b5c] [hivemq] [a69f60b0] DEBUG - Flushing: /opt/hivemq/data/persistence/client_session_subscriptions/043200_R/client_session_subscriptions_23
2025-01-29 01:00:04,307 INFO c.h.h.t.OperatorHelmChartContainer - [local-hivemq-5fcc877b5c] [hivemq] [a69f60b0] DEBUG - Flushing: /opt/hivemq/data/persistence/client_session_subscriptions/043200_R/client_session_subscriptions_22
2025-01-29 01:00:04,307 INFO c.h.h.t.OperatorHelmChartContainer - [local-hivemq-5fcc877b5c] [hivemq] [a69f60b0] DEBUG - Flushing: /opt/hivemq/data/persistence/client_session_subscriptions/043200_R/client_session_subscriptions_24
2025-01-29 01:00:04,307 INFO c.h.h.t.OperatorHelmChartContainer - [local-hivemq-5fcc877b5c] [hivemq] [a69f60b0] DEBUG - Flushing: /opt/hivemq/data/persistence/client_session_subscriptions/043200_R/client_session_subscriptions_27
2025-01-29 01:00:04,307 INFO c.h.h.t.OperatorHelmChartContainer - [local-hivemq-5fcc877b5c] [hivemq] [a69f60b0] DEBUG - Flushing: /opt/hivemq/data/persistence/client_session_subscriptions/043200_R/client_session_subscriptions_25
2025-01-29 01:00:04,307 INFO c.h.h.t.OperatorHelmChartContainer - [local-hivemq-5fcc877b5c] [hivemq] [a69f60b0] DEBUG - Flushing: /opt/hivemq/data/persistence/client_session_subscriptions/043200_R/client_session_subscriptions_26
2025-01-29 01:00:04,307 INFO c.h.h.t.OperatorHelmChartContainer - [local-hivemq-5fcc877b5c] [hivemq] [a69f60b0] DEBUG - Flushing: /opt/hivemq/data/persistence/client_session_subscriptions/043200_R/client_session_subscriptions_28
2025-01-29 01:00:04,307 INFO c.h.h.t.OperatorHelmChartContainer - [local-hivemq-5fcc877b5c] [hivemq] [a69f60b0] DEBUG - Flushing: /opt/hivemq/data/persistence/client_session_subscriptions/043200_R/client_session_subscriptions_30
2025-01-29 01:00:04,307 INFO c.h.h.t.OperatorHelmChartContainer - [local-hivemq-5fcc877b5c] [hivemq] [a69f60b0] DEBUG - Flushing: /opt/hivemq/data/persistence/client_session_subscriptions/043200_R/client_session_subscriptions_29
2025-01-29 01:00:04,307 INFO c.h.h.t.OperatorHelmChartContainer - [local-hivemq-5fcc877b5c] [hivemq] [a69f60b0] DEBUG - Flushing: /opt/hivemq/data/persistence/client_session_subscriptions/043200_R/client_session_subscriptions_31
2025-01-29 01:00:04,307 INFO c.h.h.t.OperatorHelmChartContainer - [local-hivemq-5fcc877b5c] [hivemq] [a69f60b0] DEBUG - Flushing: /opt/hivemq/data/persistence/client_session_subscriptions/043200_R/client_session_subscriptions_32
2025-01-29 01:00:04,307 INFO c.h.h.t.OperatorHelmChartContainer - [local-hivemq-5fcc877b5c] [hivemq] [a69f60b0] DEBUG - Flushing: /opt/hivemq/data/persistence/client_session_subscriptions/043200_R/client_session_subscriptions_33
2025-01-29 01:00:04,307 INFO c.h.h.t.OperatorHelmChartContainer - [local-hivemq-5fcc877b5c] [hivemq] [a69f60b0] DEBUG - Flushing: /opt/hivemq/data/persistence/client_session_subscriptions/043200_R/client_session_subscriptions_34
2025-01-29 01:00:04,307 INFO c.h.h.t.OperatorHelmChartContainer - [local-hivemq-5fcc877b5c] [hivemq] [a69f60b0] DEBUG - Flushing: /opt/hivemq/data/persistence/client_session_subscriptions/043200_R/client_session_subscriptions_36
2025-01-29 01:00:04,307 INFO c.h.h.t.OperatorHelmChartContainer - [local-hivemq-5fcc877b5c] [hivemq] [a69f60b0] DEBUG - Flushing: /opt/hivemq/data/persistence/client_session_subscriptions/043200_R/client_session_subscriptions_35
2025-01-29 01:00:04,307 INFO c.h.h.t.OperatorHelmChartContainer - [local-hivemq-5fcc877b5c] [hivemq] [a69f60b0] DEBUG - Flushing: /opt/hivemq/data/persistence/client_session_subscriptions/043200_R/client_session_subscriptions_37
2025-01-29 01:00:04,308 INFO c.h.h.t.OperatorHelmChartContainer - [local-hivemq-5fcc877b5c] [hivemq] [a69f60b0] DEBUG - Flushing: /opt/hivemq/data/persistence/client_session_subscriptions/043200_R/client_session_subscriptions_38
2025-01-29 01:00:04,308 INFO c.h.h.t.OperatorHelmChartContainer - [local-hivemq-5fcc877b5c] [hivemq] [a69f60b0] DEBUG - Flushing: /opt/hivemq/data/persistence/client_session_subscriptions/043200_R/client_session_subscriptions_39
2025-01-29 01:00:04,308 INFO c.h.h.t.OperatorHelmChartContainer - [local-hivemq-5fcc877b5c] [hivemq] [a69f60b0] DEBUG - Flushing: /opt/hivemq/data/persistence/client_session_subscriptions/043200_R/client_session_subscriptions_40
2025-01-29 01:00:04,308 INFO c.h.h.t.OperatorHelmChartContainer - [local-hivemq-5fcc877b5c] [hivemq] [a69f60b0] DEBUG - Flushing: /opt/hivemq/data/persistence/client_session_subscriptions/043200_R/client_session_subscriptions_41
2025-01-29 01:00:04,308 INFO c.h.h.t.OperatorHelmChartContainer - [local-hivemq-5fcc877b5c] [hivemq] [a69f60b0] DEBUG - Flushing: /opt/hivemq/data/persistence/client_session_subscriptions/043200_R/client_session_subscriptions_42
2025-01-29 01:00:04,308 INFO c.h.h.t.OperatorHelmChartContainer - [local-hivemq-5fcc877b5c] [hivemq] [a69f60b0] DEBUG - Flushing: /opt/hivemq/data/persistence/client_session_subscriptions/043200_R/client_session_subscriptions_43
2025-01-29 01:00:04,308 INFO c.h.h.t.OperatorHelmChartContainer - [local-hivemq-5fcc877b5c] [hivemq] [a69f60b0] DEBUG - Flushing: /opt/hivemq/data/persistence/client_session_subscriptions/043200_R/client_session_subscriptions_44
2025-01-29 01:00:04,308 INFO c.h.h.t.OperatorHelmChartContainer - [local-hivemq-5fcc877b5c] [hivemq] [a69f60b0] DEBUG - Flushing: /opt/hivemq/data/persistence/client_session_subscriptions/043200_R/client_session_subscriptions_45
2025-01-29 01:00:04,308 INFO c.h.h.t.OperatorHelmChartContainer - [local-hivemq-5fcc877b5c] [hivemq] [a69f60b0] DEBUG - Flushing: /opt/hivemq/data/persistence/client_session_subscriptions/043200_R/client_session_subscriptions_47
2025-01-29 01:00:04,308 INFO c.h.h.t.OperatorHelmChartContainer - [local-hivemq-5fcc877b5c] [hivemq] [a69f60b0] DEBUG - Flushing: /opt/hivemq/data/persistence/client_session_subscriptions/043200_R/client_session_subscriptions_46
2025-01-29 01:00:04,308 INFO c.h.h.t.OperatorHelmChartContainer - [local-hivemq-5fcc877b5c] [hivemq] [a69f60b0] DEBUG - Flushing: /opt/hivemq/data/persistence/client_session_subscriptions/043200_R/client_session_subscriptions_48
2025-01-29 01:00:04,308 INFO c.h.h.t.OperatorHelmChartContainer - [local-hivemq-5fcc877b5c] [hivemq] [a69f60b0] DEBUG - Flushing: /opt/hivemq/data/persistence/client_session_subscriptions/043200_R/client_session_subscriptions_49
2025-01-29 01:00:04,308 INFO c.h.h.t.OperatorHelmChartContainer - [local-hivemq-5fcc877b5c] [hivemq] [a69f60b0] DEBUG - Flushing: /opt/hivemq/data/persistence/client_session_subscriptions/043200_R/client_session_subscriptions_51
2025-01-29 01:00:04,308 INFO c.h.h.t.OperatorHelmChartContainer - [local-hivemq-5fcc877b5c] [hivemq] [a69f60b0] DEBUG - Flushing: /opt/hivemq/data/persistence/client_session_subscriptions/043200_R/client_session_subscriptions_50
2025-01-29 01:00:04,308 INFO c.h.h.t.OperatorHelmChartContainer - [local-hivemq-5fcc877b5c] [hivemq] [a69f60b0] DEBUG - Flushing: /opt/hivemq/data/persistence/client_session_subscriptions/043200_R/client_session_subscriptions_52
2025-01-29 01:00:04,308 INFO c.h.h.t.OperatorHelmChartContainer - [local-hivemq-5fcc877b5c] [hivemq] [a69f60b0] DEBUG - Flushing: /opt/hivemq/data/persistence/client_session_subscriptions/043200_R/client_session_subscriptions_53
2025-01-29 01:00:04,308 INFO c.h.h.t.OperatorHelmChartContainer - [local-hivemq-5fcc877b5c] [hivemq] [a69f60b0] DEBUG - Flushing: /opt/hivemq/data/persistence/client_session_subscriptions/043200_R/client_session_subscriptions_55
2025-01-29 01:00:04,308 INFO c.h.h.t.OperatorHelmChartContainer - [local-hivemq-5fcc877b5c] [hivemq] [a69f60b0] DEBUG - Flushing: /opt/hivemq/data/persistence/client_session_subscriptions/043200_R/client_session_subscriptions_54
2025-01-29 01:00:04,308 INFO c.h.h.t.OperatorHelmChartContainer - [local-hivemq-5fcc877b5c] [hivemq] [a69f60b0] DEBUG - Flushing: /opt/hivemq/data/persistence/client_session_subscriptions/043200_R/client_session_subscriptions_57
2025-01-29 01:00:04,308 INFO c.h.h.t.OperatorHelmChartContainer - [local-hivemq-5fcc877b5c] [hivemq] [a69f60b0] DEBUG - Flushing: /opt/hivemq/data/persistence/client_session_subscriptions/043200_R/client_session_subscriptions_56
2025-01-29 01:00:04,308 INFO c.h.h.t.OperatorHelmChartContainer - [local-hivemq-5fcc877b5c] [hivemq] [a69f60b0] DEBUG - Flushing: /opt/hivemq/data/persistence/client_session_subscriptions/043200_R/client_session_subscriptions_58
2025-01-29 01:00:04,308 INFO c.h.h.t.OperatorHelmChartContainer - [local-hivemq-5fcc877b5c] [hivemq] [a69f60b0] DEBUG - Flushing: /opt/hivemq/data/persistence/client_session_subscriptions/043200_R/client_session_subscriptions_59
2025-01-29 01:00:04,308 INFO c.h.h.t.OperatorHelmChartContainer - [local-hivemq-5fcc877b5c] [hivemq] [a69f60b0] DEBUG - Flushing: /opt/hivemq/data/persistence/client_session_subscriptions/043200_R/client_session_subscriptions_60
2025-01-29 01:00:04,308 INFO c.h.h.t.OperatorHelmChartContainer - [local-hivemq-5fcc877b5c] [hivemq] [a69f60b0] DEBUG - Flushing: /opt/hivemq/data/persistence/client_session_subscriptions/043200_R/client_session_subscriptions_61
2025-01-29 01:00:04,308 INFO c.h.h.t.OperatorHelmChartContainer - [local-hivemq-5fcc877b5c] [hivemq] [a69f60b0] DEBUG - Flushing: /opt/hivemq/data/persistence/client_session_subscriptions/043200_R/client_session_subscriptions_63
2025-01-29 01:00:04,308 INFO c.h.h.t.OperatorHelmChartContainer - [local-hivemq-5fcc877b5c] [hivemq] [a69f60b0] DEBUG - Flushing: /opt/hivemq/data/persistence/client_session_subscriptions/043200_R/client_session_subscriptions_62
2025-01-29 01:00:04,308 INFO c.h.h.t.OperatorHelmChartContainer - [local-hivemq-5fcc877b5c] [hivemq] [a69f60b0] DEBUG - Flushing: /opt/hivemq/data/persistence/incoming_message_flow/043000_R/incoming_message_flow_1
2025-01-29 01:00:04,308 INFO c.h.h.t.OperatorHelmChartContainer - [local-hivemq-5fcc877b5c] [hivemq] [a69f60b0] DEBUG - Flushing: /opt/hivemq/data/persistence/incoming_message_flow/043000_R/incoming_message_flow_0
2025-01-29 01:00:04,308 INFO c.h.h.t.OperatorHelmChartContainer - [local-hivemq-5fcc877b5c] [hivemq] [a69f60b0] DEBUG - Flushing: /opt/hivemq/data/persistence/incoming_message_flow/043000_R/incoming_message_flow_2
2025-01-29 01:00:04,308 INFO c.h.h.t.OperatorHelmChartContainer - [local-hivemq-5fcc877b5c] [hivemq] [a69f60b0] DEBUG - Flushing: /opt/hivemq/data/persistence/incoming_message_flow/043000_R/incoming_message_flow_4
2025-01-29 01:00:04,308 INFO c.h.h.t.OperatorHelmChartContainer - [local-hivemq-5fcc877b5c] [hivemq] [a69f60b0] DEBUG - Flushing: /opt/hivemq/data/persistence/incoming_message_flow/043000_R/incoming_message_flow_5
2025-01-29 01:00:04,308 INFO c.h.h.t.OperatorHelmChartContainer - [local-hivemq-5fcc877b5c] [hivemq] [a69f60b0] DEBUG - Flushing: /opt/hivemq/data/persistence/incoming_message_flow/043000_R/incoming_message_flow_3
2025-01-29 01:00:04,308 INFO c.h.h.t.OperatorHelmChartContainer - [local-hivemq-5fcc877b5c] [hivemq] [a69f60b0] DEBUG - Flushing: /opt/hivemq/data/persistence/incoming_message_flow/043000_R/incoming_message_flow_6
2025-01-29 01:00:04,308 INFO c.h.h.t.OperatorHelmChartContainer - [local-hivemq-5fcc877b5c] [hivemq] [a69f60b0] DEBUG - Flushing: /opt/hivemq/data/persistence/incoming_message_flow/043000_R/incoming_message_flow_9
2025-01-29 01:00:04,308 INFO c.h.h.t.OperatorHelmChartContainer - [local-hivemq-5fcc877b5c] [hivemq] [a69f60b0] DEBUG - Flushing: /opt/hivemq/data/persistence/incoming_message_flow/043000_R/incoming_message_flow_8
2025-01-29 01:00:04,308 INFO c.h.h.t.OperatorHelmChartContainer - [local-hivemq-5fcc877b5c] [hivemq] [a69f60b0] DEBUG - Flushing: /opt/hivemq/data/persistence/incoming_message_flow/043000_R/incoming_message_flow_7
2025-01-29 01:00:04,312 INFO c.h.h.t.OperatorHelmChartContainer - [local-hivemq-5fcc877b5c] [hivemq] [a69f60b0] DEBUG - Flushing: /opt/hivemq/data/persistence/incoming_message_flow/043000_R/incoming_message_flow_10
2025-01-29 01:00:04,312 INFO c.h.h.t.OperatorHelmChartContainer - [local-hivemq-5fcc877b5c] [hivemq] [a69f60b0] DEBUG - Flushing: /opt/hivemq/data/persistence/incoming_message_flow/043000_R/incoming_message_flow_11
2025-01-29 01:00:04,312 INFO c.h.h.t.OperatorHelmChartContainer - [local-hivemq-5fcc877b5c] [hivemq] [a69f60b0] DEBUG - Flushing: /opt/hivemq/data/persistence/incoming_message_flow/043000_R/incoming_message_flow_13
2025-01-29 01:00:04,312 INFO c.h.h.t.OperatorHelmChartContainer - [local-hivemq-5fcc877b5c] [hivemq] [a69f60b0] DEBUG - Flushing: /opt/hivemq/data/persistence/incoming_message_flow/043000_R/incoming_message_flow_12
2025-01-29 01:00:04,312 INFO c.h.h.t.OperatorHelmChartContainer - [local-hivemq-5fcc877b5c] [hivemq] [a69f60b0] DEBUG - Flushing: /opt/hivemq/data/persistence/incoming_message_flow/043000_R/incoming_message_flow_14
2025-01-29 01:00:04,312 INFO c.h.h.t.OperatorHelmChartContainer - [local-hivemq-5fcc877b5c] [hivemq] [a69f60b0] DEBUG - Flushing: /opt/hivemq/data/persistence/incoming_message_flow/043000_R/incoming_message_flow_15
2025-01-29 01:00:04,312 INFO c.h.h.t.OperatorHelmChartContainer - [local-hivemq-5fcc877b5c] [hivemq] [a69f60b0] DEBUG - Flushing: /opt/hivemq/data/persistence/incoming_message_flow/043000_R/incoming_message_flow_16
2025-01-29 01:00:04,312 INFO c.h.h.t.OperatorHelmChartContainer - [local-hivemq-5fcc877b5c] [hivemq] [a69f60b0] DEBUG - Flushing: /opt/hivemq/data/persistence/incoming_message_flow/043000_R/incoming_message_flow_17
2025-01-29 01:00:04,312 INFO c.h.h.t.OperatorHelmChartContainer - [local-hivemq-5fcc877b5c] [hivemq] [a69f60b0] DEBUG - Flushing: /opt/hivemq/data/persistence/incoming_message_flow/043000_R/incoming_message_flow_18
2025-01-29 01:00:04,312 INFO c.h.h.t.OperatorHelmChartContainer - [local-hivemq-5fcc877b5c] [hivemq] [a69f60b0] DEBUG - Flushing: /opt/hivemq/data/persistence/incoming_message_flow/043000_R/incoming_message_flow_19
2025-01-29 01:00:04,312 INFO c.h.h.t.OperatorHelmChartContainer - [local-hivemq-5fcc877b5c] [hivemq] [a69f60b0] DEBUG - Flushing: /opt/hivemq/data/persistence/incoming_message_flow/043000_R/incoming_message_flow_21
2025-01-29 01:00:04,312 INFO c.h.h.t.OperatorHelmChartContainer - [local-hivemq-5fcc877b5c] [hivemq] [a69f60b0] DEBUG - Flushing: /opt/hivemq/data/persistence/incoming_message_flow/043000_R/incoming_message_flow_20
2025-01-29 01:00:04,312 INFO c.h.h.t.OperatorHelmChartContainer - [local-hivemq-5fcc877b5c] [hivemq] [a69f60b0] DEBUG - Flushing: /opt/hivemq/data/persistence/incoming_message_flow/043000_R/incoming_message_flow_22
2025-01-29 01:00:04,312 INFO c.h.h.t.OperatorHelmChartContainer - [local-hivemq-5fcc877b5c] [hivemq] [a69f60b0] DEBUG - Flushing: /opt/hivemq/data/persistence/incoming_message_flow/043000_R/incoming_message_flow_23
2025-01-29 01:00:04,312 INFO c.h.h.t.OperatorHelmChartContainer - [local-hivemq-5fcc877b5c] [hivemq] [a69f60b0] DEBUG - Flushing: /opt/hivemq/data/persistence/incoming_message_flow/043000_R/incoming_message_flow_24
2025-01-29 01:00:04,312 INFO c.h.h.t.OperatorHelmChartContainer - [local-hivemq-5fcc877b5c] [hivemq] [a69f60b0] DEBUG - Flushing: /opt/hivemq/data/persistence/incoming_message_flow/043000_R/incoming_message_flow_25
2025-01-29 01:00:04,312 INFO c.h.h.t.OperatorHelmChartContainer - [local-hivemq-5fcc877b5c] [hivemq] [a69f60b0] DEBUG - Flushing: /opt/hivemq/data/persistence/incoming_message_flow/043000_R/incoming_message_flow_26
2025-01-29 01:00:04,312 INFO c.h.h.t.OperatorHelmChartContainer - [local-hivemq-5fcc877b5c] [hivemq] [a69f60b0] DEBUG - Flushing: /opt/hivemq/data/persistence/incoming_message_flow/043000_R/incoming_message_flow_28
2025-01-29 01:00:04,312 INFO c.h.h.t.OperatorHelmChartContainer - [local-hivemq-5fcc877b5c] [hivemq] [a69f60b0] DEBUG - Flushing: /opt/hivemq/data/persistence/incoming_message_flow/043000_R/incoming_message_flow_27
2025-01-29 01:00:04,312 INFO c.h.h.t.OperatorHelmChartContainer - [local-hivemq-5fcc877b5c] [hivemq] [a69f60b0] DEBUG - Flushing: /opt/hivemq/data/persistence/incoming_message_flow/043000_R/incoming_message_flow_29
2025-01-29 01:00:04,312 INFO c.h.h.t.OperatorHelmChartContainer - [local-hivemq-5fcc877b5c] [hivemq] [a69f60b0] DEBUG - Flushing: /opt/hivemq/data/persistence/incoming_message_flow/043000_R/incoming_message_flow_30
2025-01-29 01:00:04,312 INFO c.h.h.t.OperatorHelmChartContainer - [local-hivemq-5fcc877b5c] [hivemq] [a69f60b0] DEBUG - Flushing: /opt/hivemq/data/persistence/incoming_message_flow/043000_R/incoming_message_flow_31
2025-01-29 01:00:04,312 INFO c.h.h.t.OperatorHelmChartContainer - [local-hivemq-5fcc877b5c] [hivemq] [a69f60b0] DEBUG - Flushing: /opt/hivemq/data/persistence/incoming_message_flow/043000_R/incoming_message_flow_32
2025-01-29 01:00:04,312 INFO c.h.h.t.OperatorHelmChartContainer - [local-hivemq-5fcc877b5c] [hivemq] [a69f60b0] DEBUG - Flushing: /opt/hivemq/data/persistence/incoming_message_flow/043000_R/incoming_message_flow_33
2025-01-29 01:00:04,312 INFO c.h.h.t.OperatorHelmChartContainer - [local-hivemq-5fcc877b5c] [hivemq] [a69f60b0] DEBUG - Flushing: /opt/hivemq/data/persistence/incoming_message_flow/043000_R/incoming_message_flow_34
2025-01-29 01:00:04,316 INFO c.h.h.t.OperatorHelmChartContainer - [local-hivemq-6f4d548d79] [hivemq] [f1f69c8b] DEBUG - Starting After-Join-Cleanup for node ZZZ5r.
2025-01-29 01:00:04,317 INFO c.h.h.t.OperatorHelmChartContainer - [local-hivemq-5fcc877b5c] [hivemq] [a69f60b0] DEBUG - Flushing: /opt/hivemq/data/persistence/incoming_message_flow/043000_R/incoming_message_flow_36
2025-01-29 01:00:04,317 INFO c.h.h.t.OperatorHelmChartContainer - [local-hivemq-5fcc877b5c] [hivemq] [a69f60b0] DEBUG - Flushing: /opt/hivemq/data/persistence/incoming_message_flow/043000_R/incoming_message_flow_35
2025-01-29 01:00:04,317 INFO c.h.h.t.OperatorHelmChartContainer - [local-hivemq-5fcc877b5c] [hivemq] [a69f60b0] DEBUG - Flushing: /opt/hivemq/data/persistence/incoming_message_flow/043000_R/incoming_message_flow_37
2025-01-29 01:00:04,317 INFO c.h.h.t.OperatorHelmChartContainer - [local-hivemq-5fcc877b5c] [hivemq] [a69f60b0] DEBUG - Flushing: /opt/hivemq/data/persistence/incoming_message_flow/043000_R/incoming_message_flow_38
2025-01-29 01:00:04,317 INFO c.h.h.t.OperatorHelmChartContainer - [local-hivemq-5fcc877b5c] [hivemq] [a69f60b0] DEBUG - Flushing: /opt/hivemq/data/persistence/incoming_message_flow/043000_R/incoming_message_flow_40
2025-01-29 01:00:04,317 INFO c.h.h.t.OperatorHelmChartContainer - [local-hivemq-5fcc877b5c] [hivemq] [a69f60b0] DEBUG - Flushing: /opt/hivemq/data/persistence/incoming_message_flow/043000_R/incoming_message_flow_39
2025-01-29 01:00:04,317 INFO c.h.h.t.OperatorHelmChartContainer - [local-hivemq-5fcc877b5c] [hivemq] [a69f60b0] DEBUG - Flushing: /opt/hivemq/data/persistence/incoming_message_flow/043000_R/incoming_message_flow_41
2025-01-29 01:00:04,317 INFO c.h.h.t.OperatorHelmChartContainer - [local-hivemq-5fcc877b5c] [hivemq] [a69f60b0] DEBUG - Flushing: /opt/hivemq/data/persistence/incoming_message_flow/043000_R/incoming_message_flow_42
2025-01-29 01:00:04,317 INFO c.h.h.t.OperatorHelmChartContainer - [local-hivemq-5fcc877b5c] [hivemq] [a69f60b0] DEBUG - Flushing: /opt/hivemq/data/persistence/incoming_message_flow/043000_R/incoming_message_flow_43
2025-01-29 01:00:04,317 INFO c.h.h.t.OperatorHelmChartContainer - [local-hivemq-5fcc877b5c] [hivemq] [a69f60b0] DEBUG - Flushing: /opt/hivemq/data/persistence/incoming_message_flow/043000_R/incoming_message_flow_44
2025-01-29 01:00:04,317 INFO c.h.h.t.OperatorHelmChartContainer - [local-hivemq-5fcc877b5c] [hivemq] [a69f60b0] DEBUG - Flushing: /opt/hivemq/data/persistence/incoming_message_flow/043000_R/incoming_message_flow_45
2025-01-29 01:00:04,317 INFO c.h.h.t.OperatorHelmChartContainer - [local-hivemq-5fcc877b5c] [hivemq] [a69f60b0] DEBUG - Flushing: /opt/hivemq/data/persistence/incoming_message_flow/043000_R/incoming_message_flow_46
2025-01-29 01:00:04,317 INFO c.h.h.t.OperatorHelmChartContainer - [local-hivemq-5fcc877b5c] [hivemq] [a69f60b0] DEBUG - Flushing: /opt/hivemq/data/persistence/incoming_message_flow/043000_R/incoming_message_flow_48
2025-01-29 01:00:04,317 INFO c.h.h.t.OperatorHelmChartContainer - [local-hivemq-5fcc877b5c] [hivemq] [a69f60b0] DEBUG - Flushing: /opt/hivemq/data/persistence/incoming_message_flow/043000_R/incoming_message_flow_47
2025-01-29 01:00:04,317 INFO c.h.h.t.OperatorHelmChartContainer - [local-hivemq-5fcc877b5c] [hivemq] [a69f60b0] DEBUG - Flushing: /opt/hivemq/data/persistence/incoming_message_flow/043000_R/incoming_message_flow_49
2025-01-29 01:00:04,317 INFO c.h.h.t.OperatorHelmChartContainer - [local-hivemq-5fcc877b5c] [hivemq] [a69f60b0] DEBUG - Flushing: /opt/hivemq/data/persistence/incoming_message_flow/043000_R/incoming_message_flow_50
2025-01-29 01:00:04,317 INFO c.h.h.t.OperatorHelmChartContainer - [local-hivemq-5fcc877b5c] [hivemq] [a69f60b0] DEBUG - Flushing: /opt/hivemq/data/persistence/incoming_message_flow/043000_R/incoming_message_flow_51
2025-01-29 01:00:04,317 INFO c.h.h.t.OperatorHelmChartContainer - [local-hivemq-5fcc877b5c] [hivemq] [a69f60b0] DEBUG - Flushing: /opt/hivemq/data/persistence/incoming_message_flow/043000_R/incoming_message_flow_53
2025-01-29 01:00:04,317 INFO c.h.h.t.OperatorHelmChartContainer - [local-hivemq-5fcc877b5c] [hivemq] [a69f60b0] DEBUG - Flushing: /opt/hivemq/data/persistence/incoming_message_flow/043000_R/incoming_message_flow_52
2025-01-29 01:00:04,317 INFO c.h.h.t.OperatorHelmChartContainer - [local-hivemq-5fcc877b5c] [hivemq] [a69f60b0] DEBUG - Flushing: /opt/hivemq/data/persistence/incoming_message_flow/043000_R/incoming_message_flow_54
2025-01-29 01:00:04,317 INFO c.h.h.t.OperatorHelmChartContainer - [local-hivemq-5fcc877b5c] [hivemq] [a69f60b0] DEBUG - Flushing: /opt/hivemq/data/persistence/incoming_message_flow/043000_R/incoming_message_flow_55
2025-01-29 01:00:04,317 INFO c.h.h.t.OperatorHelmChartContainer - [local-hivemq-5fcc877b5c] [hivemq] [a69f60b0] DEBUG - Flushing: /opt/hivemq/data/persistence/incoming_message_flow/043000_R/incoming_message_flow_56
2025-01-29 01:00:04,317 INFO c.h.h.t.OperatorHelmChartContainer - [local-hivemq-5fcc877b5c] [hivemq] [a69f60b0] DEBUG - Flushing: /opt/hivemq/data/persistence/incoming_message_flow/043000_R/incoming_message_flow_57
2025-01-29 01:00:04,317 INFO c.h.h.t.OperatorHelmChartContainer - [local-hivemq-5fcc877b5c] [hivemq] [a69f60b0] DEBUG - Flushing: /opt/hivemq/data/persistence/incoming_message_flow/043000_R/incoming_message_flow_58
2025-01-29 01:00:04,317 INFO c.h.h.t.OperatorHelmChartContainer - [local-hivemq-5fcc877b5c] [hivemq] [a69f60b0] DEBUG - Flushing: /opt/hivemq/data/persistence/incoming_message_flow/043000_R/incoming_message_flow_59
2025-01-29 01:00:04,317 INFO c.h.h.t.OperatorHelmChartContainer - [local-hivemq-5fcc877b5c] [hivemq] [a69f60b0] DEBUG - Flushing: /opt/hivemq/data/persistence/incoming_message_flow/043000_R/incoming_message_flow_61
2025-01-29 01:00:04,317 INFO c.h.h.t.OperatorHelmChartContainer - [local-hivemq-5fcc877b5c] [hivemq] [a69f60b0] DEBUG - Flushing: /opt/hivemq/data/persistence/incoming_message_flow/043000_R/incoming_message_flow_60
2025-01-29 01:00:04,317 INFO c.h.h.t.OperatorHelmChartContainer - [local-hivemq-5fcc877b5c] [hivemq] [a69f60b0] DEBUG - Flushing: /opt/hivemq/data/persistence/incoming_message_flow/043000_R/incoming_message_flow_62
2025-01-29 01:00:04,317 INFO c.h.h.t.OperatorHelmChartContainer - [local-hivemq-5fcc877b5c] [hivemq] [a69f60b0] DEBUG - Flushing: /opt/hivemq/data/persistence/data_hub_modules/043000_R/data_hub_modules_0
2025-01-29 01:00:04,317 INFO c.h.h.t.OperatorHelmChartContainer - [local-hivemq-5fcc877b5c] [hivemq] [a69f60b0] DEBUG - Flushing: /opt/hivemq/data/persistence/incoming_message_flow/043000_R/incoming_message_flow_63
2025-01-29 01:00:04,317 INFO c.h.h.t.OperatorHelmChartContainer - [local-hivemq-5fcc877b5c] [hivemq] [a69f60b0] DEBUG - Flushing: /opt/hivemq/data/persistence/data_hub_schemas/042000_R/data_hub_schemas_0
2025-01-29 01:00:04,317 INFO c.h.h.t.OperatorHelmChartContainer - [local-hivemq-5fcc877b5c] [hivemq] [a69f60b0] DEBUG - Flushing: /opt/hivemq/data/persistence/data_hub_scripts/042300_R/data_hub_scripts_0
2025-01-29 01:00:04,317 INFO c.h.h.t.OperatorHelmChartContainer - [local-hivemq-5fcc877b5c] [hivemq] [a69f60b0] DEBUG - Flushing: /opt/hivemq/data/persistence/data_hub_policies/042000_R/data_hub_policies_0
2025-01-29 01:00:04,317 INFO c.h.h.t.OperatorHelmChartContainer - [local-hivemq-5fcc877b5c] [hivemq] [a69f60b0] DEBUG - Enabling WAL.
2025-01-29 01:00:04,317 INFO c.h.h.t.OperatorHelmChartContainer - [local-hivemq-5fcc877b5c] [hivemq] [a69f60b0] DEBUG - Sending RUNNING state request to i7JZ2.
2025-01-29 01:00:04,318 INFO c.h.h.t.OperatorHelmChartContainer - [local-hivemq-6f4d548d79] [hivemq] [f1f69c8b] DEBUG - State of node ZZZ5r changed to RUNNING was JOINING. Current cluster node states: {i7JZ2=RUNNING, ZZZ5r=RUNNING}
2025-01-29 01:00:04,327 INFO c.h.h.t.OperatorHelmChartContainer - [local-hivemq-6f4d548d79] [hivemq] [f1f69c8b] INFO  - Cluster size = 2, members : [i7JZ2, ZZZ5r].
2025-01-29 01:00:04,327 INFO c.h.h.t.OperatorHelmChartContainer - [local-hivemq-6f4d548d79] [hivemq] [f1f69c8b] DEBUG - Sending RUNNING state notification for ZZZ5r to all nodes.
2025-01-29 01:00:04,339 INFO c.h.h.t.OperatorHelmChartContainer - [local-hivemq-5fcc877b5c] [hivemq] [a69f60b0] DEBUG - Starting After-Join-Cleanup for node ZZZ5r.
2025-01-29 01:00:04,340 INFO c.h.h.t.OperatorHelmChartContainer - [local-hivemq-5fcc877b5c] [hivemq] [a69f60b0] DEBUG - State of node ZZZ5r changed to RUNNING was JOINING. Current cluster node states: {i7JZ2=RUNNING, ZZZ5r=RUNNING}
2025-01-29 01:00:04,344 INFO c.h.h.t.OperatorHelmChartContainer - [local-hivemq-5fcc877b5c] [hivemq] [a69f60b0] INFO  - Cluster size = 2, members : [i7JZ2, ZZZ5r].
2025-01-29 01:00:04,362 INFO c.h.h.t.OperatorHelmChartContainer - [local-hivemq-5fcc877b5c] [hivemq] [a69f60b0] INFO  - Finished cluster join process successfully.
2025-01-29 01:00:04,364 INFO c.h.h.t.OperatorHelmChartContainer - [local-hivemq-5fcc877b5c] [hivemq] [a69f60b0] WARN  - No user for HiveMQ Control Center configured. Starting with default user
2025-01-29 01:00:04,365 INFO c.h.h.t.OperatorHelmChartContainer - [local-hivemq-5fcc877b5c] [hivemq] [a69f60b0] INFO  - Starting HiveMQ Control Center on address 0.0.0.0 and port 8080
2025-01-29 01:00:04,373 INFO c.h.h.t.OperatorHelmChartContainer - [local-hivemq-6f4d548d79] [hivemq] [f1f69c8b] DEBUG - Finished After-Join-Cleanup for node ZZZ5r in 63ms.
2025-01-29 01:00:04,403 INFO c.h.h.t.OperatorHelmChartContainer - [local-hivemq-5fcc877b5c] [hivemq] [a69f60b0] DEBUG - Finished After-Join-Cleanup for node ZZZ5r in 66ms.
2025-01-29 01:00:04,469 INFO c.h.h.t.OperatorHelmChartContainer - [local-hivemq-5fcc877b5c] [hivemq] [a69f60b0] INFO  - Mounting HiveMQ Control Center V2 Preview
2025-01-29 01:00:05,071 INFO c.h.h.t.OperatorHelmChartContainer - [local-hivemq-5fcc877b5c] [hivemq] [a69f60b0] INFO  - Started HiveMQ Control Center in 707ms
2025-01-29 01:00:05,085 INFO c.h.h.t.OperatorHelmChartContainer - [local-hivemq-5fcc877b5c] [hivemq] [a69f60b0] INFO  - Starting TCP listener on address 0.0.0.0 and port 1883
2025-01-29 01:00:05,139 INFO c.h.h.t.OperatorHelmChartContainer - [local-hivemq-5fcc877b5c] [hivemq] [a69f60b0] INFO  - Started TCP Listener on address 0.0.0.0 and on port 1883.
2025-01-29 01:00:05,139 INFO c.h.h.t.OperatorHelmChartContainer - [local-hivemq-5fcc877b5c] [hivemq] [a69f60b0] INFO  - Started HiveMQ in 15867ms
2025-01-29 01:00:05,187 INFO c.h.h.t.OperatorHelmChartContainer - [POD] local-hivemq-5fcc877b5c-lkd56 [a69f60b0-db25-4154-9a12-f9101a1d838f] in default was MODIFIED
2025-01-29 01:00:05,235 INFO c.h.h.t.OperatorHelmChartContainer - [K3S] [replica_set.go:679] "Finished syncing" kind="ReplicaSet" key="default/local-hivemq-5fcc877b5c" duration="45.764708ms"
2025-01-29 01:00:05,239 INFO c.h.h.t.OperatorHelmChartContainer - [K3S] [replica_set.go:679] "Finished syncing" kind="ReplicaSet" key="default/local-hivemq-5fcc877b5c" duration="77.674µs"
2025-01-29 01:00:35,242 INFO c.h.h.t.OperatorHelmChartContainer - [K3S] [replica_set.go:679] "Finished syncing" kind="ReplicaSet" key="default/local-hivemq-5fcc877b5c" duration="6.374943ms"
2025-01-29 01:00:35,242 INFO c.h.h.t.OperatorHelmChartContainer - [K3S] [replica_set.go:679] "Finished syncing" kind="ReplicaSet" key="default/local-hivemq-5fcc877b5c" duration="46.737µs"
2025-01-29 01:00:35,259 INFO c.h.h.t.OperatorHelmChartContainer - [EVENT] Normal [ScalingReplicaSet] Scaled down replica set local-hivemq-6f4d548d79 from 1 to 0 [default:local-hivemq]
2025-01-29 01:00:35,259 INFO c.h.h.t.OperatorHelmChartContainer - [POD] local-hivemq-6f4d548d79-cs9jc [f1f69c8b-7b28-4ee6-9671-09c85307a6fe] in default was MODIFIED
2025-01-29 01:00:35,272 INFO c.h.h.t.OperatorHelmChartContainer - [EVENT] Normal [SuccessfulDelete] Deleted pod: local-hivemq-6f4d548d79-cs9jc [default:local-hivemq-6f4d548d79]
2025-01-29 01:00:35,273 INFO c.h.h.t.OperatorHelmChartContainer - [EVENT] Normal [Killing] Stopping container hivemq [default:local-hivemq-6f4d548d79-cs9jc]
2025-01-29 01:00:35,273 INFO c.h.h.t.OperatorHelmChartContainer - Received Killing event for container hivemq in pod local-hivemq-6f4d548d79-cs9jc [f1f69c8b-7b28-4ee6-9671-09c85307a6fe]
2025-01-29 01:00:35,273 INFO c.h.h.t.OperatorHelmChartContainer - Stopped log watcher for hivemq in pod local-hivemq-6f4d548d79-cs9jc [f1f69c8b-7b28-4ee6-9671-09c85307a6fe]
2025-01-29 01:00:35,282 INFO c.h.h.t.OperatorHelmChartContainer - [K3S] [replica_set.go:679] "Finished syncing" kind="ReplicaSet" key="default/local-hivemq-6f4d548d79" duration="31.589844ms"
2025-01-29 01:00:35,292 INFO c.h.h.t.OperatorHelmChartContainer - [K3S] [replica_set.go:679] "Finished syncing" kind="ReplicaSet" key="default/local-hivemq-6f4d548d79" duration="10.178526ms"
2025-01-29 01:00:35,315 DEBUG com.hivemq.helmcharts.util.K8sUtil - State to compare Updating and waiting for Running
2025-01-29 01:00:35,334 INFO c.h.h.t.OperatorHelmChartContainer - [K3S] [replica_set.go:679] "Finished syncing" kind="ReplicaSet" key="default/local-hivemq-6f4d548d79" duration="39.081289ms"
2025-01-29 01:00:35,335 INFO c.h.h.t.OperatorHelmChartContainer - [K3S] [replica_set.go:679] "Finished syncing" kind="ReplicaSet" key="default/local-hivemq-6f4d548d79" duration="78.135µs"
2025-01-29 01:00:35,364 INFO c.h.h.t.OperatorHelmChartContainer - [local-hivemq-6f4d548d79] [hivemq] [f1f69c8b] INFO  - Shutting down HiveMQ. Please wait, this could take a while...
2025-01-29 01:00:35,452 INFO c.h.h.t.OperatorHelmChartContainer - [local-hivemq-6f4d548d79] [hivemq] [f1f69c8b] INFO  - Shutting down listeners and clients
2025-01-29 01:00:35,454 INFO c.h.h.t.OperatorHelmChartContainer - [local-hivemq-6f4d548d79] [hivemq] [f1f69c8b] DEBUG - Closed channel of listener with name 'tcp-listener-1883'
2025-01-29 01:00:35,455 INFO c.h.h.t.OperatorHelmChartContainer - [local-hivemq-6f4d548d79] [hivemq] [f1f69c8b] INFO  - Shutdown of listeners is done
2025-01-29 01:00:35,455 INFO c.h.h.t.OperatorHelmChartContainer - [local-hivemq-6f4d548d79] [hivemq] [f1f69c8b] INFO  - No clients are connected, proceeding with shutdown
2025-01-29 01:00:35,455 INFO c.h.h.t.OperatorHelmChartContainer - [local-hivemq-6f4d548d79] [hivemq] [f1f69c8b] DEBUG - Shutting down worker and boss threads
2025-01-29 01:00:35,494 DEBUG com.hivemq.helmcharts.util.K8sUtil - State to compare Updating and waiting for Running
2025-01-29 01:00:37,462 INFO c.h.h.t.OperatorHelmChartContainer - [local-hivemq-6f4d548d79] [hivemq] [f1f69c8b] DEBUG - Shutting down Data Hub
2025-01-29 01:00:38,368 INFO c.h.h.t.OperatorHelmChartContainer - [local-hivemq-6f4d548d79] [hivemq] [f1f69c8b] DEBUG - Data Hub shut down successfully in 906ms
2025-01-29 01:00:38,368 INFO c.h.h.t.OperatorHelmChartContainer - [local-hivemq-6f4d548d79] [hivemq] [f1f69c8b] DEBUG - Stopping RocksDBMemoryUsageWatchdog.
2025-01-29 01:00:38,369 INFO c.h.h.t.OperatorHelmChartContainer - [local-hivemq-6f4d548d79] [hivemq] [f1f69c8b] DEBUG - Terminating thread rocksdb-memory-usage-watchdog.
2025-01-29 01:00:38,370 INFO c.h.h.t.OperatorHelmChartContainer - [local-hivemq-6f4d548d79] [hivemq] [f1f69c8b] DEBUG - Stopped RocksDBMemoryUsageWatchdog.
2025-01-29 01:00:38,370 INFO c.h.h.t.OperatorHelmChartContainer - [local-hivemq-6f4d548d79] [hivemq] [f1f69c8b] INFO  - Shutting down extension system
2025-01-29 01:00:38,371 INFO c.h.h.t.OperatorHelmChartContainer - [local-hivemq-6f4d548d79] [hivemq] [f1f69c8b] INFO  - Stopping extension with id hivemq-dns-cluster-discovery
2025-01-29 01:00:38,372 INFO c.h.h.t.OperatorHelmChartContainer - [local-hivemq-6f4d548d79] [hivemq] [f1f69c8b] INFO  - Extension "DNS Cluster Discovery Extension" version 4.3.3 stopped successfully.
2025-01-29 01:00:38,373 INFO c.h.h.t.OperatorHelmChartContainer - [local-hivemq-6f4d548d79] [hivemq] [f1f69c8b] INFO  - Stopping extension with id hivemq-k8s-sync-extension
2025-01-29 01:00:38,373 INFO c.h.h.t.OperatorHelmChartContainer - [local-hivemq-6f4d548d79] [hivemq] [f1f69c8b] INFO  - Stopped HiveMQ Kubernetes State Synchronization Extension:1.0.3
2025-01-29 01:00:38,374 INFO c.h.h.t.OperatorHelmChartContainer - [local-hivemq-6f4d548d79] [hivemq] [f1f69c8b] INFO  - Extension "HiveMQ Kubernetes State Synchronization Extension" version 1.0.3 stopped successfully.
2025-01-29 01:00:38,374 INFO c.h.h.t.OperatorHelmChartContainer - [local-hivemq-6f4d548d79] [hivemq] [f1f69c8b] INFO  - Stopping extension with id hivemq-allow-all-extension
2025-01-29 01:00:38,374 INFO c.h.h.t.OperatorHelmChartContainer - [local-hivemq-6f4d548d79] [hivemq] [f1f69c8b] INFO  - Extension "Allow All Extension" version 1.1.1 stopped successfully.
2025-01-29 01:00:38,374 INFO c.h.h.t.OperatorHelmChartContainer - [local-hivemq-6f4d548d79] [hivemq] [f1f69c8b] DEBUG - Simple authenticator of extension 'hivemq-allow-all-extension' removed.
2025-01-29 01:00:38,375 INFO c.h.h.t.OperatorHelmChartContainer - [local-hivemq-6f4d548d79] [hivemq] [f1f69c8b] DEBUG - Running cluster shutdown hooks
2025-01-29 01:00:38,381 INFO c.h.h.t.OperatorHelmChartContainer - [local-hivemq-5fcc877b5c] [hivemq] [a69f60b0] INFO  - Cluster nodes found by discovery: [ZZZ5r|2] (1) [ZZZ5r].
2025-01-29 01:00:38,384 INFO c.h.h.t.OperatorHelmChartContainer - [local-hivemq-5fcc877b5c] [hivemq] [a69f60b0] DEBUG - Previous running nodes [i7JZ2, ZZZ5r]
2025-01-29 01:00:38,387 INFO c.h.h.t.OperatorHelmChartContainer - [local-hivemq-5fcc877b5c] [hivemq] [a69f60b0] INFO  - Cluster size = 1, members : [ZZZ5r].
2025-01-29 01:00:38,387 INFO c.h.h.t.OperatorHelmChartContainer - [local-hivemq-6f4d548d79] [hivemq] [f1f69c8b] DEBUG - Shutting down managed extension executor service
2025-01-29 01:00:38,388 INFO c.h.h.t.OperatorHelmChartContainer - [local-hivemq-5fcc877b5c] [hivemq] [a69f60b0] DEBUG - Removed state of node i7JZ2.
2025-01-29 01:00:38,389 INFO c.h.h.t.OperatorHelmChartContainer - [local-hivemq-5fcc877b5c] [hivemq] [a69f60b0] DEBUG - Node left cluster: 'i7JZ2'
2025-01-29 01:00:38,390 INFO c.h.h.t.OperatorHelmChartContainer - [local-hivemq-6f4d548d79] [hivemq] [f1f69c8b] DEBUG - Stopped Trace Recording Event Loop gracefully
2025-01-29 01:00:38,393 INFO c.h.h.t.OperatorHelmChartContainer - [local-hivemq-6f4d548d79] [hivemq] [f1f69c8b] DEBUG - The Event Loop for Trace Recordings is shutting down and is not available anymore
2025-01-29 01:00:40,668 INFO c.h.h.t.OperatorHelmChartContainer - [local-hivemq-6f4d548d79] [hivemq] [f1f69c8b] INFO  - Shutdown completed.
2025-01-29 01:00:41,188 INFO c.h.h.t.OperatorHelmChartContainer - [K3S] [pod_container_deletor.go:80] "Container not found in pod's containers" containerID="5da9a69c123541c84dfd4cba579671c57e80742e8af3131fd8143952dab08e27"
2025-01-29 01:00:41,232 INFO c.h.h.t.OperatorHelmChartContainer - [K3S] [replica_set.go:679] "Finished syncing" kind="ReplicaSet" key="default/local-hivemq-6f4d548d79" duration="45.454µs"
2025-01-29 01:00:41,234 INFO c.h.h.t.OperatorHelmChartContainer - [POD] local-hivemq-6f4d548d79-cs9jc [f1f69c8b-7b28-4ee6-9671-09c85307a6fe] in default was MODIFIED
2025-01-29 01:00:41,292 INFO c.h.h.t.OperatorHelmChartContainer - [K3S] [reconciler_common.go:162] "operationExecutor.UnmountVolume started for volume \"heap-dumps\" (UniqueName: \"kubernetes.io/empty-dir/f1f69c8b-7b28-4ee6-9671-09c85307a6fe-heap-dumps\") pod \"f1f69c8b-7b28-4ee6-9671-09c85307a6fe\" (UID: \"f1f69c8b-7b28-4ee6-9671-09c85307a6fe\") "
2025-01-29 01:00:41,292 INFO c.h.h.t.OperatorHelmChartContainer - [K3S] [reconciler_common.go:162] "operationExecutor.UnmountVolume started for volume \"live-info\" (UniqueName: \"kubernetes.io/configmap/f1f69c8b-7b28-4ee6-9671-09c85307a6fe-live-info\") pod \"f1f69c8b-7b28-4ee6-9671-09c85307a6fe\" (UID: \"f1f69c8b-7b28-4ee6-9671-09c85307a6fe\") "
2025-01-29 01:00:41,292 INFO c.h.h.t.OperatorHelmChartContainer - [K3S] [reconciler_common.go:162] "operationExecutor.UnmountVolume started for volume \"dns-wait-config\" (UniqueName: \"kubernetes.io/configmap/f1f69c8b-7b28-4ee6-9671-09c85307a6fe-dns-wait-config\") pod \"f1f69c8b-7b28-4ee6-9671-09c85307a6fe\" (UID: \"f1f69c8b-7b28-4ee6-9671-09c85307a6fe\") "
2025-01-29 01:00:41,293 INFO c.h.h.t.OperatorHelmChartContainer - [K3S] [reconciler_common.go:162] "operationExecutor.UnmountVolume started for volume \"conf-override\" (UniqueName: \"kubernetes.io/empty-dir/f1f69c8b-7b28-4ee6-9671-09c85307a6fe-conf-override\") pod \"f1f69c8b-7b28-4ee6-9671-09c85307a6fe\" (UID: \"f1f69c8b-7b28-4ee6-9671-09c85307a6fe\") "
2025-01-29 01:00:41,293 INFO c.h.h.t.OperatorHelmChartContainer - [K3S] [reconciler_common.go:162] "operationExecutor.UnmountVolume started for volume \"shared-data\" (UniqueName: \"kubernetes.io/empty-dir/f1f69c8b-7b28-4ee6-9671-09c85307a6fe-shared-data\") pod \"f1f69c8b-7b28-4ee6-9671-09c85307a6fe\" (UID: \"f1f69c8b-7b28-4ee6-9671-09c85307a6fe\") "
2025-01-29 01:00:41,294 INFO c.h.h.t.OperatorHelmChartContainer - [K3S] [reconciler_common.go:162] "operationExecutor.UnmountVolume started for volume \"audit\" (UniqueName: \"kubernetes.io/empty-dir/f1f69c8b-7b28-4ee6-9671-09c85307a6fe-audit\") pod \"f1f69c8b-7b28-4ee6-9671-09c85307a6fe\" (UID: \"f1f69c8b-7b28-4ee6-9671-09c85307a6fe\") "
2025-01-29 01:00:41,294 INFO c.h.h.t.OperatorHelmChartContainer - [K3S] [reconciler_common.go:162] "operationExecutor.UnmountVolume started for volume \"data\" (UniqueName: \"kubernetes.io/empty-dir/f1f69c8b-7b28-4ee6-9671-09c85307a6fe-data\") pod \"f1f69c8b-7b28-4ee6-9671-09c85307a6fe\" (UID: \"f1f69c8b-7b28-4ee6-9671-09c85307a6fe\") "
2025-01-29 01:00:41,294 INFO c.h.h.t.OperatorHelmChartContainer - [K3S] [reconciler_common.go:162] "operationExecutor.UnmountVolume started for volume \"kube-api-access-2qwdn\" (UniqueName: \"kubernetes.io/projected/f1f69c8b-7b28-4ee6-9671-09c85307a6fe-kube-api-access-2qwdn\") pod \"f1f69c8b-7b28-4ee6-9671-09c85307a6fe\" (UID: \"f1f69c8b-7b28-4ee6-9671-09c85307a6fe\") "
2025-01-29 01:00:41,295 INFO c.h.h.t.OperatorHelmChartContainer - [K3S] [reconciler_common.go:162] "operationExecutor.UnmountVolume started for volume \"backup\" (UniqueName: \"kubernetes.io/empty-dir/f1f69c8b-7b28-4ee6-9671-09c85307a6fe-backup\") pod \"f1f69c8b-7b28-4ee6-9671-09c85307a6fe\" (UID: \"f1f69c8b-7b28-4ee6-9671-09c85307a6fe\") "
2025-01-29 01:00:41,295 INFO c.h.h.t.OperatorHelmChartContainer - [K3S] [reconciler_common.go:162] "operationExecutor.UnmountVolume started for volume \"log\" (UniqueName: \"kubernetes.io/empty-dir/f1f69c8b-7b28-4ee6-9671-09c85307a6fe-log\") pod \"f1f69c8b-7b28-4ee6-9671-09c85307a6fe\" (UID: \"f1f69c8b-7b28-4ee6-9671-09c85307a6fe\") "
2025-01-29 01:00:41,390 INFO c.h.h.t.OperatorHelmChartContainer - [K3S] [reconciler_common.go:299] "Volume detached for volume \"shared-data\" (UniqueName: \"kubernetes.io/empty-dir/f1f69c8b-7b28-4ee6-9671-09c85307a6fe-shared-data\") on node \"9dc6fffc3783\" DevicePath \"\""
2025-01-29 01:00:41,390 INFO c.h.h.t.OperatorHelmChartContainer - [K3S] [reconciler_common.go:299] "Volume detached for volume \"audit\" (UniqueName: \"kubernetes.io/empty-dir/f1f69c8b-7b28-4ee6-9671-09c85307a6fe-audit\") on node \"9dc6fffc3783\" DevicePath \"\""
2025-01-29 01:00:41,390 INFO c.h.h.t.OperatorHelmChartContainer - [K3S] [reconciler_common.go:299] "Volume detached for volume \"data\" (UniqueName: \"kubernetes.io/empty-dir/f1f69c8b-7b28-4ee6-9671-09c85307a6fe-data\") on node \"9dc6fffc3783\" DevicePath \"\""
2025-01-29 01:00:41,390 INFO c.h.h.t.OperatorHelmChartContainer - [K3S] [reconciler_common.go:299] "Volume detached for volume \"backup\" (UniqueName: \"kubernetes.io/empty-dir/f1f69c8b-7b28-4ee6-9671-09c85307a6fe-backup\") on node \"9dc6fffc3783\" DevicePath \"\""
2025-01-29 01:00:41,390 INFO c.h.h.t.OperatorHelmChartContainer - [K3S] [reconciler_common.go:299] "Volume detached for volume \"kube-api-access-2qwdn\" (UniqueName: \"kubernetes.io/projected/f1f69c8b-7b28-4ee6-9671-09c85307a6fe-kube-api-access-2qwdn\") on node \"9dc6fffc3783\" DevicePath \"\""
2025-01-29 01:00:41,391 INFO c.h.h.t.OperatorHelmChartContainer - [K3S] [reconciler_common.go:299] "Volume detached for volume \"log\" (UniqueName: \"kubernetes.io/empty-dir/f1f69c8b-7b28-4ee6-9671-09c85307a6fe-log\") on node \"9dc6fffc3783\" DevicePath \"\""
2025-01-29 01:00:41,391 INFO c.h.h.t.OperatorHelmChartContainer - [K3S] [reconciler_common.go:299] "Volume detached for volume \"heap-dumps\" (UniqueName: \"kubernetes.io/empty-dir/f1f69c8b-7b28-4ee6-9671-09c85307a6fe-heap-dumps\") on node \"9dc6fffc3783\" DevicePath \"\""
2025-01-29 01:00:41,391 INFO c.h.h.t.OperatorHelmChartContainer - [K3S] [reconciler_common.go:299] "Volume detached for volume \"live-info\" (UniqueName: \"kubernetes.io/configmap/f1f69c8b-7b28-4ee6-9671-09c85307a6fe-live-info\") on node \"9dc6fffc3783\" DevicePath \"\""
2025-01-29 01:00:41,391 INFO c.h.h.t.OperatorHelmChartContainer - [K3S] [reconciler_common.go:299] "Volume detached for volume \"conf-override\" (UniqueName: \"kubernetes.io/empty-dir/f1f69c8b-7b28-4ee6-9671-09c85307a6fe-conf-override\") on node \"9dc6fffc3783\" DevicePath \"\""
2025-01-29 01:00:41,391 INFO c.h.h.t.OperatorHelmChartContainer - [K3S] [reconciler_common.go:299] "Volume detached for volume \"dns-wait-config\" (UniqueName: \"kubernetes.io/configmap/f1f69c8b-7b28-4ee6-9671-09c85307a6fe-dns-wait-config\") on node \"9dc6fffc3783\" DevicePath \"\""
2025-01-29 01:00:42,202 INFO c.h.h.t.OperatorHelmChartContainer - [K3S] [replica_set.go:679] "Finished syncing" kind="ReplicaSet" key="default/local-hivemq-6f4d548d79" duration="47.087µs"
2025-01-29 01:00:42,205 INFO c.h.h.t.OperatorHelmChartContainer - [K3S] [replica_set.go:679] "Finished syncing" kind="ReplicaSet" key="default/local-hivemq-6f4d548d79" duration="42.669µs"
2025-01-29 01:00:42,207 INFO c.h.h.t.OperatorHelmChartContainer - [POD] local-hivemq-6f4d548d79-cs9jc [f1f69c8b-7b28-4ee6-9671-09c85307a6fe] in default was MODIFIED
2025-01-29 01:00:42,209 INFO c.h.h.t.OperatorHelmChartContainer - [POD] local-hivemq-6f4d548d79-cs9jc [f1f69c8b-7b28-4ee6-9671-09c85307a6fe] in default was DELETED
2025-01-29 01:00:42,253 DEBUG com.hivemq.helmcharts.util.K8sUtil - State to compare Updating and waiting for Running
2025-01-29 01:00:42,318 DEBUG com.hivemq.helmcharts.util.K8sUtil - State to compare Updating and waiting for Running
2025-01-29 01:00:42,433 INFO c.h.h.t.OperatorHelmChartContainer - [local-hivemq-hivemq-operator] [operator] [be369b04] ?[36m01:00:42.432?[0;39m ?[1;30m[pool-3-thread-12]?[0;39m ?[34mINFO ?[0;39m ?[35mcom.hivemq.Operator?[0;39m - State synchronization complete for cluster 'local-hivemq' in namespace 'default' in 67422ms
2025-01-29 01:00:42,434 DEBUG com.hivemq.helmcharts.util.K8sUtil - State to compare Running and waiting for Running
2025-01-29 01:00:42,481 INFO c.h.h.t.OperatorHelmChartContainer - Stopped log watcher for hivemq in pod local-hivemq-5fcc877b5c-lkd56 [a69f60b0-db25-4154-9a12-f9101a1d838f]
2025-01-29 01:00:42,482 INFO c.h.h.t.OperatorHelmChartContainer - Stopped log watcher for operator in pod local-hivemq-hivemq-operator-operator-6b564f6db4-lv7h8 [be369b04-d8ca-47de-8c88-5a5ecc16bf36]
2025-01-29 01:00:42,497 INFO c.h.h.t.OperatorHelmChartContainer - [K3S] [WARNING] signal received: \"terminated\", canceling context...
2025-01-29 01:00:42,642 INFO c.h.h.t.OperatorHelmChartContainer - [K3S] 
2025-01-29 01:00:42,642 INFO c.h.h.t.OperatorHelmChartContainer - [K3S] 
]]></system-out>
  </testcase>
  <system-out><![CDATA[2025-01-29 00:57:18,110 INFO o.testcontainers.DockerClientFactory - Testcontainers version: 1.20.4
2025-01-29 00:57:18,627 INFO o.t.d.DockerClientProviderStrategy - Found Docker environment with local Unix socket (unix:///var/run/docker.sock)
2025-01-29 00:57:18,693 INFO o.testcontainers.DockerClientFactory - Docker host IP address is localhost
2025-01-29 00:57:18,706 INFO o.testcontainers.DockerClientFactory - Connected to docker: 
  Server Version: 26.1.3
  API Version: 1.45
  Operating System: Ubuntu 24.04.1 LTS
  Total Memory: 15990 MB
2025-01-29 00:57:18,712 INFO o.testcontainers.images.PullPolicy - Image pull policy will be performed by: DefaultPullPolicy()
2025-01-29 00:57:18,714 INFO o.t.utility.ImageNameSubstitutor - Image name substitution will be performed by: DefaultImageNameSubstitutor (composite of 'ConfigurationFileImageNameSubstitutor' and 'PrefixingImageNameSubstitutor')
2025-01-29 00:57:18,748 INFO tc.testcontainers/ryuk:0.11.0 - Pulling docker image: testcontainers/ryuk:0.11.0. Please be patient; this may take some time but only needs to be done once.
2025-01-29 00:57:19,685 INFO tc.testcontainers/ryuk:0.11.0 - Starting to pull image
2025-01-29 00:57:19,698 INFO tc.testcontainers/ryuk:0.11.0 - Pulling image layers:  0 pending,  0 downloaded,  0 extracted, (0 bytes/0 bytes)
2025-01-29 00:57:19,891 INFO tc.testcontainers/ryuk:0.11.0 - Pulling image layers:  2 pending,  1 downloaded,  0 extracted, (45 KB/? MB)
2025-01-29 00:57:19,922 INFO tc.testcontainers/ryuk:0.11.0 - Pulling image layers:  1 pending,  2 downloaded,  0 extracted, (117 KB/? MB)
2025-01-29 00:57:19,929 INFO tc.testcontainers/ryuk:0.11.0 - Pulling image layers:  0 pending,  3 downloaded,  0 extracted, (117 KB/10 MB)
2025-01-29 00:57:20,031 INFO tc.testcontainers/ryuk:0.11.0 - Pulling image layers:  0 pending,  3 downloaded,  1 extracted, (3 MB/10 MB)
2025-01-29 00:57:20,139 INFO tc.testcontainers/ryuk:0.11.0 - Pulling image layers:  0 pending,  3 downloaded,  2 extracted, (4 MB/10 MB)
2025-01-29 00:57:20,184 INFO tc.testcontainers/ryuk:0.11.0 - Pulling image layers:  0 pending,  3 downloaded,  3 extracted, (10 MB/10 MB)
2025-01-29 00:57:20,194 INFO tc.testcontainers/ryuk:0.11.0 - Image testcontainers/ryuk:0.11.0 pull took PT1.445416424S
2025-01-29 00:57:20,220 INFO tc.testcontainers/ryuk:0.11.0 - Creating container for image: testcontainers/ryuk:0.11.0
2025-01-29 00:57:20,282 INFO tc.testcontainers/ryuk:0.11.0 - Container testcontainers/ryuk:0.11.0 is starting: 38a0da7b493d72d5628c059905f12498f497d672d6956880ee65c9cda8efc606
2025-01-29 00:57:20,825 INFO tc.testcontainers/ryuk:0.11.0 - Container testcontainers/ryuk:0.11.0 started in PT0.605231475S
2025-01-29 00:57:20,829 INFO o.t.utility.RyukResourceReaper - Ryuk started - will monitor and terminate Testcontainers containers on JVM exit
2025-01-29 00:57:20,829 INFO o.testcontainers.DockerClientFactory - Checking the system...
2025-01-29 00:57:20,829 INFO o.testcontainers.DockerClientFactory - ✔︎ Docker server version should be at least 1.6.0
2025-01-29 00:57:20,852 INFO o.t.i.builder.ImageFromDockerfile - Pre-emptively checking local images for 'ubuntu:noble-20241118.1@sha256:80dd3c3b9c6cecb9f1667e9290b3bc61b78c2678c02cbdae5f0fea92cc6734ab', referenced via a Dockerfile. If not available, it will be pulled.
2025-01-29 00:57:20,854 INFO t.u.1@sha256:80dd3c... - Pulling docker image: ubuntu:noble-20241118.1@sha256:80dd3c3b9c6cecb9f1667e9290b3bc61b78c2678c02cbdae5f0fea92cc6734ab. Please be patient; this may take some time but only needs to be done once.
2025-01-29 00:57:21,130 INFO t.u.1@sha256:80dd3c... - Starting to pull image
2025-01-29 00:57:21,131 INFO t.u.1@sha256:80dd3c... - Pulling image layers:  0 pending,  0 downloaded,  0 extracted, (0 bytes/0 bytes)
2025-01-29 00:57:21,585 INFO t.u.1@sha256:80dd3c... - Pulling image layers:  0 pending,  1 downloaded,  0 extracted, (26 MB/28 MB)
2025-01-29 00:57:22,591 INFO t.u.1@sha256:80dd3c... - Pulling image layers:  0 pending,  1 downloaded,  1 extracted, (28 MB/28 MB)
2025-01-29 00:57:22,599 INFO t.u.1@sha256:80dd3c... - Image ubuntu:noble-20241118.1@sha256:80dd3c3b9c6cecb9f1667e9290b3bc61b78c2678c02cbdae5f0fea92cc6734ab pull took PT1.744452232S
2025-01-29 00:57:22,599 INFO t.u.1@sha256:80dd3c... - Pull complete. 1 layers, pulled in 1s (downloaded 28 MB at 28 MB/s)
2025-01-29 00:57:22,602 INFO o.t.i.builder.ImageFromDockerfile - Pre-emptively checking local images for 'rancher/k3s:v1.32.1-k3s1', referenced via a Dockerfile. If not available, it will be pulled.
2025-01-29 00:57:22,604 INFO tc.rancher/k3s:v1.32.1-k3s1 - Pulling docker image: rancher/k3s:v1.32.1-k3s1. Please be patient; this may take some time but only needs to be done once.
2025-01-29 00:57:23,002 INFO tc.rancher/k3s:v1.32.1-k3s1 - Starting to pull image
2025-01-29 00:57:23,003 INFO tc.rancher/k3s:v1.32.1-k3s1 - Pulling image layers:  0 pending,  0 downloaded,  0 extracted, (0 bytes/0 bytes)
2025-01-29 00:57:23,884 INFO tc.rancher/k3s:v1.32.1-k3s1 - Pulling image layers:  0 pending,  1 downloaded,  0 extracted, (58 MB/71 MB)
2025-01-29 00:57:24,923 INFO tc.rancher/k3s:v1.32.1-k3s1 - Pulling image layers:  0 pending,  1 downloaded,  1 extracted, (71 MB/71 MB)
2025-01-29 00:57:24,930 INFO tc.rancher/k3s:v1.32.1-k3s1 - Pull complete. 1 layers, pulled in 1s (downloaded 71 MB at 71 MB/s)
2025-01-29 00:57:24,930 INFO tc.rancher/k3s:v1.32.1-k3s1 - Image rancher/k3s:v1.32.1-k3s1 pull took PT2.325938926S
2025-01-29 00:57:24,936 INFO o.t.i.builder.ImageFromDockerfile - Transferred 0 bytes to Docker daemon
]]></system-out>
  <system-err><![CDATA[]]></system-err>
</testsuite>
