<?xml version="1.0" encoding="UTF-8"?>
<testsuite name="com.hivemq.helmcharts.services.HelmControlCenterIT" tests="6" skipped="0" failures="0" errors="0" timestamp="2025-09-13T04:26:20" hostname="runnervmf4ws1" time="611.796">
  <properties/>
  <testcase name="platformChart_withCustomControlCenterCredentialsSecret_thenAbleToLogin()" classname="com.hivemq.helmcharts.services.HelmControlCenterIT" time="105.557"/>
  <testcase name="platformChart_withCustomControlCenterUsernameAndPassword_thenAbleToLogin()" classname="com.hivemq.helmcharts.services.HelmControlCenterIT" time="92.11"/>
  <testcase name="platformChart_withCustomServiceName_thenAbleToLogin()" classname="com.hivemq.helmcharts.services.HelmControlCenterIT" time="100.805"/>
  <testcase name="platformChart_whenTlsEnabledWithDifferentPrivateKey_thenAbleToLogin()" classname="com.hivemq.helmcharts.services.HelmControlCenterIT" time="114.538"/>
  <testcase name="platformChart_whenTlsEnabled_thenAbleToLogin()" classname="com.hivemq.helmcharts.services.HelmControlCenterIT" time="106.474"/>
  <testcase name="platformChart_whenControlCenterEnabled_thenAbleToLogin()" classname="com.hivemq.helmcharts.services.HelmControlCenterIT" time="92.311"/>
</testsuite>
