<?xml version="1.0" encoding="UTF-8"?>
<testsuite name="com.hivemq.helmcharts.platform.HelmCustomSecretConfigIT" tests="2" skipped="0" failures="0" errors="0" timestamp="2025-06-18T15:04:19" hostname="fv-az1624-254" time="267.864">
  <properties/>
  <testcase name="withExistingSecret_hivemqRunning()" classname="com.hivemq.helmcharts.platform.HelmCustomSecretConfigIT" time="127.266"/>
  <testcase name="withSecretConfig_hivemqRunning()" classname="com.hivemq.helmcharts.platform.HelmCustomSecretConfigIT" time="140.598"/>
</testsuite>
