<?xml version="1.0" encoding="UTF-8"?>
<testsuite name="com.hivemq.helmcharts.migration.HelmLegacyStatefulSetMigrationIT" tests="1" skipped="0" failures="0" errors="0" timestamp="2025-05-08T12:39:08" hostname="fv-az810-589" time="300.241">
  <properties/>
  <testcase name="migrateToCurrentPlatformOperator()" classname="com.hivemq.helmcharts.migration.HelmLegacyStatefulSetMigrationIT" time="300.241"/>
</testsuite>
