<?xml version="1.0" encoding="UTF-8"?>
<testsuite name="com.hivemq.helmcharts.license.HelmAdditionalBrokerLicensesIT" tests="2" skipped="0" failures="0" errors="0" timestamp="2025-04-14T07:05:19" hostname="fv-az1369-532" time="204.926">
  <properties/>
  <testcase name="withExistingAdditionalBrokerLicenseFileContent_statefulSetWithLicenseSecretMounted()" classname="com.hivemq.helmcharts.license.HelmAdditionalBrokerLicensesIT" time="105.197"/>
  <testcase name="withAdditionalBrokerLicenseFileContent_statefulSetWithLicenseSecretMounted()" classname="com.hivemq.helmcharts.license.HelmAdditionalBrokerLicensesIT" time="99.728"/>
</testsuite>
