<?xml version="1.0" encoding="UTF-8"?>
<testsuite name="com.hivemq.helmcharts.monitoring.HelmMonitoringPlatformIT" tests="1" skipped="0" failures="0" errors="0" timestamp="2025-02-06T03:17:05" hostname="fv-az1779-378" time="226.288">
  <properties/>
  <testcase name="withPlatformMonitoringEnabled_metricsAndDashboardAvailable()" classname="com.hivemq.helmcharts.monitoring.HelmMonitoringPlatformIT" time="226.288"/>
</testsuite>
