<?xml version="1.0" encoding="UTF-8"?>
<testsuite name="com.hivemq.helmcharts.platform.HelmCustomServiceAccountIT" tests="4" skipped="0" failures="0" errors="0" timestamp="2025-07-23T14:06:19" hostname="pkrvmq0rgcvqdmg" time="388.078">
  <properties/>
  <testcase name="platformCharts_withCreateAndValidateDisabled_hivemqRunning()" classname="com.hivemq.helmcharts.platform.HelmCustomServiceAccountIT" time="94.161"/>
  <testcase name="platformCharts_withNonExistingCustomServiceAccountThenCreate_hivemqRunning()" classname="com.hivemq.helmcharts.platform.HelmCustomServiceAccountIT" time="105.762"/>
  <testcase name="platformCharts_withCreationAndValidationDisabled_withCorrectExternalPermissions_hivemqRunning()" classname="com.hivemq.helmcharts.platform.HelmCustomServiceAccountIT" time="83.859"/>
  <testcase name="platformCharts_withNonExistingPermissionsThenCreate_hivemqRunning()" classname="com.hivemq.helmcharts.platform.HelmCustomServiceAccountIT" time="104.295"/>
</testsuite>
