<?xml version="1.0" encoding="UTF-8"?>
<testsuite name="com.hivemq.helmcharts.CompatibilityHelmChartDeploymentIT" tests="1" skipped="0" failures="0" errors="0" timestamp="2025-01-29T18:36:03" hostname="fv-az1673-509" time="140.577">
  <properties/>
  <testcase name="withHelmLocalVersionDeployment_mqttMessagePublishedReceived()" classname="com.hivemq.helmcharts.CompatibilityHelmChartDeploymentIT" time="140.577">
    <system-out><![CDATA[2025-01-29 18:36:03,813 INFO o.testcontainers.DockerClientFactory - Testcontainers version: 1.20.4
2025-01-29 18:36:04,196 INFO o.t.d.DockerClientProviderStrategy - Found Docker environment with local Unix socket (unix:///var/run/docker.sock)
2025-01-29 18:36:04,206 INFO o.testcontainers.DockerClientFactory - Docker host IP address is localhost
2025-01-29 18:36:04,226 INFO o.testcontainers.DockerClientFactory - Connected to docker: 
  Server Version: 26.1.3
  API Version: 1.45
  Operating System: Ubuntu 24.04.1 LTS
  Total Memory: 15990 MB
2025-01-29 18:36:04,233 INFO o.testcontainers.images.PullPolicy - Image pull policy will be performed by: DefaultPullPolicy()
2025-01-29 18:36:04,235 INFO o.t.utility.ImageNameSubstitutor - Image name substitution will be performed by: DefaultImageNameSubstitutor (composite of 'ConfigurationFileImageNameSubstitutor' and 'PrefixingImageNameSubstitutor')
2025-01-29 18:36:04,262 INFO tc.testcontainers/ryuk:0.11.0 - Pulling docker image: testcontainers/ryuk:0.11.0. Please be patient; this may take some time but only needs to be done once.
2025-01-29 18:36:05,974 INFO tc.testcontainers/ryuk:0.11.0 - Starting to pull image
2025-01-29 18:36:05,988 INFO tc.testcontainers/ryuk:0.11.0 - Pulling image layers:  0 pending,  0 downloaded,  0 extracted, (0 bytes/0 bytes)
2025-01-29 18:36:06,421 INFO tc.testcontainers/ryuk:0.11.0 - Pulling image layers:  2 pending,  1 downloaded,  0 extracted, (2 MB/? MB)
2025-01-29 18:36:06,517 INFO tc.testcontainers/ryuk:0.11.0 - Pulling image layers:  2 pending,  1 downloaded,  1 extracted, (3 MB/? MB)
2025-01-29 18:36:07,283 INFO tc.testcontainers/ryuk:0.11.0 - Pulling image layers:  1 pending,  2 downloaded,  1 extracted, (4 MB/? MB)
2025-01-29 18:36:07,413 INFO tc.testcontainers/ryuk:0.11.0 - Pulling image layers:  1 pending,  2 downloaded,  2 extracted, (5 MB/? MB)
2025-01-29 18:36:07,592 INFO tc.testcontainers/ryuk:0.11.0 - Pulling image layers:  0 pending,  3 downloaded,  2 extracted, (6 MB/10 MB)
2025-01-29 18:36:07,631 INFO tc.testcontainers/ryuk:0.11.0 - Pulling image layers:  0 pending,  3 downloaded,  3 extracted, (10 MB/10 MB)
2025-01-29 18:36:07,639 INFO tc.testcontainers/ryuk:0.11.0 - Pull complete. 3 layers, pulled in 1s (downloaded 10 MB at 10 MB/s)
2025-01-29 18:36:07,639 INFO tc.testcontainers/ryuk:0.11.0 - Image testcontainers/ryuk:0.11.0 pull took PT3.376758035S
2025-01-29 18:36:07,664 INFO tc.testcontainers/ryuk:0.11.0 - Creating container for image: testcontainers/ryuk:0.11.0
2025-01-29 18:36:07,729 INFO tc.testcontainers/ryuk:0.11.0 - Container testcontainers/ryuk:0.11.0 is starting: 5762a861681b41878cb9c52573fbac805e4bbcbd22abe5d9dbd02f8817a9917c
2025-01-29 18:36:08,013 INFO tc.testcontainers/ryuk:0.11.0 - Container testcontainers/ryuk:0.11.0 started in PT0.348749541S
2025-01-29 18:36:08,018 INFO o.t.utility.RyukResourceReaper - Ryuk started - will monitor and terminate Testcontainers containers on JVM exit
2025-01-29 18:36:08,018 INFO o.testcontainers.DockerClientFactory - Checking the system...
2025-01-29 18:36:08,019 INFO o.testcontainers.DockerClientFactory - ✔︎ Docker server version should be at least 1.6.0
2025-01-29 18:36:08,045 INFO o.t.i.builder.ImageFromDockerfile - Pre-emptively checking local images for 'ubuntu:noble-20241118.1@sha256:80dd3c3b9c6cecb9f1667e9290b3bc61b78c2678c02cbdae5f0fea92cc6734ab', referenced via a Dockerfile. If not available, it will be pulled.
2025-01-29 18:36:08,047 INFO t.u.1@sha256:80dd3c... - Pulling docker image: ubuntu:noble-20241118.1@sha256:80dd3c3b9c6cecb9f1667e9290b3bc61b78c2678c02cbdae5f0fea92cc6734ab. Please be patient; this may take some time but only needs to be done once.
2025-01-29 18:36:08,209 INFO t.u.1@sha256:80dd3c... - Starting to pull image
2025-01-29 18:36:08,210 INFO t.u.1@sha256:80dd3c... - Pulling image layers:  0 pending,  0 downloaded,  0 extracted, (0 bytes/0 bytes)
2025-01-29 18:36:08,969 INFO t.u.1@sha256:80dd3c... - Pulling image layers:  0 pending,  1 downloaded,  0 extracted, (25 MB/28 MB)
2025-01-29 18:36:09,989 INFO t.u.1@sha256:80dd3c... - Pulling image layers:  0 pending,  1 downloaded,  1 extracted, (28 MB/28 MB)
2025-01-29 18:36:09,997 INFO t.u.1@sha256:80dd3c... - Image ubuntu:noble-20241118.1@sha256:80dd3c3b9c6cecb9f1667e9290b3bc61b78c2678c02cbdae5f0fea92cc6734ab pull took PT1.949972298S
2025-01-29 18:36:09,997 INFO t.u.1@sha256:80dd3c... - Pull complete. 1 layers, pulled in 1s (downloaded 28 MB at 28 MB/s)
2025-01-29 18:36:10,000 INFO o.t.i.builder.ImageFromDockerfile - Pre-emptively checking local images for 'rancher/k3s:v1.32.1-k3s1', referenced via a Dockerfile. If not available, it will be pulled.
2025-01-29 18:36:10,001 INFO tc.rancher/k3s:v1.32.1-k3s1 - Pulling docker image: rancher/k3s:v1.32.1-k3s1. Please be patient; this may take some time but only needs to be done once.
2025-01-29 18:36:10,242 INFO tc.rancher/k3s:v1.32.1-k3s1 - Starting to pull image
2025-01-29 18:36:10,243 INFO tc.rancher/k3s:v1.32.1-k3s1 - Pulling image layers:  0 pending,  0 downloaded,  0 extracted, (0 bytes/0 bytes)
2025-01-29 18:36:12,374 INFO tc.rancher/k3s:v1.32.1-k3s1 - Pulling image layers:  0 pending,  1 downloaded,  0 extracted, (70 MB/71 MB)
2025-01-29 18:36:13,421 INFO tc.rancher/k3s:v1.32.1-k3s1 - Pulling image layers:  0 pending,  1 downloaded,  1 extracted, (71 MB/71 MB)
2025-01-29 18:36:13,428 INFO tc.rancher/k3s:v1.32.1-k3s1 - Pull complete. 1 layers, pulled in 3s (downloaded 71 MB at 23 MB/s)
2025-01-29 18:36:13,428 INFO tc.rancher/k3s:v1.32.1-k3s1 - Image rancher/k3s:v1.32.1-k3s1 pull took PT3.42622406S
2025-01-29 18:36:13,433 INFO o.t.i.builder.ImageFromDockerfile - Transferred 0 bytes to Docker daemon
2025-01-29 18:36:26,017 INFO t.localhost/testcontainers/x8uqxpl9wsxaiwc5:latest - Creating container for image: localhost/testcontainers/x8uqxpl9wsxaiwc5:latest
2025-01-29 18:36:26,019 INFO tc.alpine:3.17 - Pulling docker image: alpine:3.17. Please be patient; this may take some time but only needs to be done once.
2025-01-29 18:36:26,260 INFO tc.alpine:3.17 - Starting to pull image
2025-01-29 18:36:26,260 INFO tc.alpine:3.17 - Pulling image layers:  0 pending,  0 downloaded,  0 extracted, (0 bytes/0 bytes)
2025-01-29 18:36:26,490 INFO tc.alpine:3.17 - Pulling image layers:  0 pending,  1 downloaded,  0 extracted, (3 MB/3 MB)
2025-01-29 18:36:26,589 INFO tc.alpine:3.17 - Pulling image layers:  0 pending,  1 downloaded,  1 extracted, (3 MB/3 MB)
2025-01-29 18:36:26,595 INFO tc.alpine:3.17 - Image alpine:3.17 pull took PT0.575611548S
2025-01-29 18:36:26,975 INFO t.localhost/testcontainers/x8uqxpl9wsxaiwc5:latest - Container localhost/testcontainers/x8uqxpl9wsxaiwc5:latest is starting: f24e59ddbf704b86a1c3c401c331bb662112075e1eb251afe619c2ba225b4816
2025-01-29 18:36:27,349 INFO c.h.h.t.OperatorHelmChartContainer - [K3S] [INFO] Starting k3s v1.32.1+k3s1 (6a322f12)
2025-01-29 18:36:27,351 INFO c.h.h.t.OperatorHelmChartContainer - [K3S] [INFO] Configuring sqlite3 database connection pooling: maxIdleConns=2, maxOpenConns=0, connMaxLifetime=0s
2025-01-29 18:36:27,352 INFO c.h.h.t.OperatorHelmChartContainer - [K3S] [INFO] Configuring database table schema and indexes, this may take a moment...
2025-01-29 18:36:27,355 INFO c.h.h.t.OperatorHelmChartContainer - [K3S] [INFO] Database tables and indexes are up to date
2025-01-29 18:36:27,358 INFO c.h.h.t.OperatorHelmChartContainer - [K3S] [INFO] Kine available at unix://kine.sock
2025-01-29 18:36:27,405 INFO c.h.h.t.OperatorHelmChartContainer - [K3S] [INFO] Saving cluster bootstrap data to datastore
2025-01-29 18:36:27,406 INFO c.h.h.t.OperatorHelmChartContainer - [K3S] [WARNING] dynamiclistener [::]:6443: no cached certificate available for preload - deferring certificate load until storage initialization or first client request
2025-01-29 18:36:27,407 INFO c.h.h.t.OperatorHelmChartContainer - [K3S] [INFO] Active TLS secret / (ver=) (count 10): map[listener.cattle.io/cn-10.43.0.1:10.43.0.1 listener.cattle.io/cn-127.0.0.1:127.0.0.1 listener.cattle.io/cn-172.17.0.3:172.17.0.3 listener.cattle.io/cn-__1-f16284:::1 listener.cattle.io/cn-f24e59ddbf70:f24e59ddbf70 listener.cattle.io/cn-kubernetes:kubernetes listener.cattle.io/cn-kubernetes.default:kubernetes.default listener.cattle.io/cn-kubernetes.default.svc:kubernetes.default.svc listener.cattle.io/cn-kubernetes.default.svc.cluster.local:kubernetes.default.svc.cluster.local listener.cattle.io/cn-localhost:localhost listener.cattle.io/fingerprint:SHA1=7F74A45C48A4ED388860A5599331DB9FF22AD9BD]
2025-01-29 18:36:27,567 INFO c.h.h.t.OperatorHelmChartContainer - [K3S] [INFO] Running kube-apiserver --advertise-port=6443 --allow-privileged=true --anonymous-auth=false --api-audiences=https://kubernetes.default.svc.cluster.local,k3s --authorization-mode=Node,RBAC --bind-address=127.0.0.1 --cert-dir=/var/lib/rancher/k3s/server/tls/temporary-certs --client-ca-file=/var/lib/rancher/k3s/server/tls/client-ca.crt --egress-selector-config-file=/var/lib/rancher/k3s/server/etc/egress-selector-config.yaml --enable-admission-plugins=NodeRestriction --enable-aggregator-routing=true --enable-bootstrap-token-auth=true --etcd-servers=unix://kine.sock --kubelet-certificate-authority=/var/lib/rancher/k3s/server/tls/server-ca.crt --kubelet-client-certificate=/var/lib/rancher/k3s/server/tls/client-kube-apiserver.crt --kubelet-client-key=/var/lib/rancher/k3s/server/tls/client-kube-apiserver.key --kubelet-preferred-address-types=InternalIP,ExternalIP,Hostname --profiling=false --proxy-client-cert-file=/var/lib/rancher/k3s/server/tls/client-auth-proxy.crt --proxy-client-key-file=/var/lib/rancher/k3s/server/tls/client-auth-proxy.key --requestheader-allowed-names=system:auth-proxy --requestheader-client-ca-file=/var/lib/rancher/k3s/server/tls/request-header-ca.crt --requestheader-extra-headers-prefix=X-Remote-Extra- --requestheader-group-headers=X-Remote-Group --requestheader-username-headers=X-Remote-User --secure-port=6444 --service-account-issuer=https://kubernetes.default.svc.cluster.local --service-account-key-file=/var/lib/rancher/k3s/server/tls/service.key --service-account-signing-key-file=/var/lib/rancher/k3s/server/tls/service.current.key --service-cluster-ip-range=10.43.0.0/16 --service-node-port-range=30000-32767 --storage-backend=etcd3 --tls-cert-file=/var/lib/rancher/k3s/server/tls/serving-kube-apiserver.crt --tls-cipher-suites=TLS_ECDHE_ECDSA_WITH_AES_256_GCM_SHA384,TLS_ECDHE_RSA_WITH_AES_256_GCM_SHA384,TLS_ECDHE_ECDSA_WITH_AES_128_GCM_SHA256,TLS_ECDHE_RSA_WITH_AES_128_GCM_SHA256,TLS_ECDHE_ECDSA_WITH_CHACHA20_POLY1305,TLS_ECDHE_RSA_WITH_CHACHA20_POLY1305 --tls-private-key-file=/var/lib/rancher/k3s/server/tls/serving-kube-apiserver.key
2025-01-29 18:36:27,569 INFO c.h.h.t.OperatorHelmChartContainer - [K3S] [INFO] Running kube-scheduler --authentication-kubeconfig=/var/lib/rancher/k3s/server/cred/scheduler.kubeconfig --authorization-kubeconfig=/var/lib/rancher/k3s/server/cred/scheduler.kubeconfig --bind-address=127.0.0.1 --kubeconfig=/var/lib/rancher/k3s/server/cred/scheduler.kubeconfig --leader-elect=false --profiling=false --secure-port=10259
2025-01-29 18:36:27,569 INFO c.h.h.t.OperatorHelmChartContainer - [K3S] [registry.go:256] calling componentGlobalsRegistry.AddFlags more than once, the registry will be set by the latest flags
2025-01-29 18:36:27,571 INFO c.h.h.t.OperatorHelmChartContainer - [K3S] [INFO] Waiting for API server to become available
2025-01-29 18:36:27,573 INFO c.h.h.t.OperatorHelmChartContainer - [K3S] [INFO] Running kube-controller-manager --allocate-node-cidrs=true --authentication-kubeconfig=/var/lib/rancher/k3s/server/cred/controller.kubeconfig --authorization-kubeconfig=/var/lib/rancher/k3s/server/cred/controller.kubeconfig --bind-address=127.0.0.1 --cluster-cidr=10.42.0.0/16 --cluster-signing-kube-apiserver-client-cert-file=/var/lib/rancher/k3s/server/tls/client-ca.nochain.crt --cluster-signing-kube-apiserver-client-key-file=/var/lib/rancher/k3s/server/tls/client-ca.key --cluster-signing-kubelet-client-cert-file=/var/lib/rancher/k3s/server/tls/client-ca.nochain.crt --cluster-signing-kubelet-client-key-file=/var/lib/rancher/k3s/server/tls/client-ca.key --cluster-signing-kubelet-serving-cert-file=/var/lib/rancher/k3s/server/tls/server-ca.nochain.crt --cluster-signing-kubelet-serving-key-file=/var/lib/rancher/k3s/server/tls/server-ca.key --cluster-signing-legacy-unknown-cert-file=/var/lib/rancher/k3s/server/tls/server-ca.nochain.crt --cluster-signing-legacy-unknown-key-file=/var/lib/rancher/k3s/server/tls/server-ca.key --configure-cloud-routes=false --controllers=*,tokencleaner,-service,-route,-cloud-node-lifecycle --kubeconfig=/var/lib/rancher/k3s/server/cred/controller.kubeconfig --leader-elect=false --profiling=false --root-ca-file=/var/lib/rancher/k3s/server/tls/server-ca.crt --secure-port=10257 --service-account-private-key-file=/var/lib/rancher/k3s/server/tls/service.current.key --service-cluster-ip-range=10.43.0.0/16 --use-service-account-credentials=true
2025-01-29 18:36:27,573 INFO c.h.h.t.OperatorHelmChartContainer - [K3S] [options.go:299] unable to set WatchListClient feature gate, err: cannot override default for feature "WatchListClient": gates already added to a flag set
2025-01-29 18:36:27,574 INFO c.h.h.t.OperatorHelmChartContainer - [K3S] [registry.go:256] calling componentGlobalsRegistry.AddFlags more than once, the registry will be set by the latest flags
2025-01-29 18:36:27,574 INFO c.h.h.t.OperatorHelmChartContainer - [K3S] [INFO] Running cloud-controller-manager --allocate-node-cidrs=true --authentication-kubeconfig=/var/lib/rancher/k3s/server/cred/cloud-controller.kubeconfig --authorization-kubeconfig=/var/lib/rancher/k3s/server/cred/cloud-controller.kubeconfig --bind-address=127.0.0.1 --cloud-config=/var/lib/rancher/k3s/server/etc/cloud-config.yaml --cloud-provider=k3s --cluster-cidr=10.42.0.0/16 --configure-cloud-routes=false --controllers=*,-route --kubeconfig=/var/lib/rancher/k3s/server/cred/cloud-controller.kubeconfig --leader-elect=false --leader-elect-resource-name=k3s-cloud-controller-manager --node-status-update-frequency=1m0s --profiling=false
2025-01-29 18:36:27,575 INFO c.h.h.t.OperatorHelmChartContainer - [K3S] [INFO] Server node token is available at /var/lib/rancher/k3s/server/token
2025-01-29 18:36:27,575 INFO c.h.h.t.OperatorHelmChartContainer - [K3S] [registry.go:256] calling componentGlobalsRegistry.AddFlags more than once, the registry will be set by the latest flags
2025-01-29 18:36:27,575 INFO c.h.h.t.OperatorHelmChartContainer - [K3S] [INFO] To join server node to cluster: k3s server -s https://172.17.0.3:6443 -t ${SERVER_NODE_TOKEN}
2025-01-29 18:36:27,575 INFO c.h.h.t.OperatorHelmChartContainer - [K3S] [INFO] Agent node token is available at /var/lib/rancher/k3s/server/agent-token
2025-01-29 18:36:27,575 INFO c.h.h.t.OperatorHelmChartContainer - [K3S] [INFO] To join agent node to cluster: k3s agent -s https://172.17.0.3:6443 -t ${AGENT_NODE_TOKEN}
2025-01-29 18:36:27,575 INFO c.h.h.t.OperatorHelmChartContainer - [K3S] [options.go:238] external host was not specified, using 172.17.0.3
2025-01-29 18:36:27,578 INFO c.h.h.t.OperatorHelmChartContainer - [K3S] [INFO] Wrote kubeconfig /etc/rancher/k3s/k3s.yaml
2025-01-29 18:36:27,578 INFO c.h.h.t.OperatorHelmChartContainer - [K3S] [INFO] Run: k3s kubectl
2025-01-29 18:36:27,578 INFO c.h.h.t.OperatorHelmChartContainer - [K3S] [server.go:151] Version: v1.32.1+k3s1
2025-01-29 18:36:27,578 INFO c.h.h.t.OperatorHelmChartContainer - [K3S] [server.go:153] "Golang settings" GOGC="" GOMAXPROCS="" GOTRACEBACK=""
2025-01-29 18:36:27,792 INFO c.h.h.t.OperatorHelmChartContainer - [K3S] [plugins.go:157] Loaded 13 mutating admission controller(s) successfully in the following order: NamespaceLifecycle,LimitRanger,ServiceAccount,NodeRestriction,TaintNodesByCondition,Priority,DefaultTolerationSeconds,DefaultStorageClass,StorageObjectInUseProtection,RuntimeClass,DefaultIngressClass,MutatingAdmissionPolicy,MutatingAdmissionWebhook.
2025-01-29 18:36:27,793 INFO c.h.h.t.OperatorHelmChartContainer - [K3S] [plugins.go:160] Loaded 13 validating admission controller(s) successfully in the following order: LimitRanger,ServiceAccount,PodSecurity,Priority,PersistentVolumeClaimResize,RuntimeClass,CertificateApproval,CertificateSigning,ClusterTrustBundleAttest,CertificateSubjectRestriction,ValidatingAdmissionPolicy,ValidatingAdmissionWebhook,ResourceQuota.
2025-01-29 18:36:27,793 INFO c.h.h.t.OperatorHelmChartContainer - [K3S] [instance.go:233] Using reconciler: lease
2025-01-29 18:36:27,847 INFO c.h.h.t.OperatorHelmChartContainer - [K3S] [apis.go:106] API group "internal.apiserver.k8s.io" is not enabled, skipping.
2025-01-29 18:36:27,905 INFO c.h.h.t.OperatorHelmChartContainer - [K3S] [apis.go:106] API group "storagemigration.k8s.io" is not enabled, skipping.
2025-01-29 18:36:27,932 INFO c.h.h.t.OperatorHelmChartContainer - [K3S] [apis.go:106] API group "resource.k8s.io" is not enabled, skipping.
2025-01-29 18:36:28,198 INFO c.h.h.t.OperatorHelmChartContainer - [K3S] [INFO] Password verified locally for node f24e59ddbf70
2025-01-29 18:36:28,266 INFO c.h.h.t.OperatorHelmChartContainer - [K3S] [dynamic_cafile_content.go:161] "Starting controller" name="request-header::/var/lib/rancher/k3s/server/tls/request-header-ca.crt"
2025-01-29 18:36:28,266 INFO c.h.h.t.OperatorHelmChartContainer - [K3S] [dynamic_cafile_content.go:161] "Starting controller" name="client-ca-bundle::/var/lib/rancher/k3s/server/tls/client-ca.crt"
2025-01-29 18:36:28,268 INFO c.h.h.t.OperatorHelmChartContainer - [K3S] [dynamic_serving_content.go:135] "Starting controller" name="serving-cert::/var/lib/rancher/k3s/server/tls/serving-kube-apiserver.crt::/var/lib/rancher/k3s/server/tls/serving-kube-apiserver.key"
2025-01-29 18:36:28,268 INFO c.h.h.t.OperatorHelmChartContainer - [K3S] [secure_serving.go:213] Serving securely on 127.0.0.1:6444
2025-01-29 18:36:28,268 INFO c.h.h.t.OperatorHelmChartContainer - [K3S] [tlsconfig.go:243] "Starting DynamicServingCertificateController"
2025-01-29 18:36:28,268 INFO c.h.h.t.OperatorHelmChartContainer - [K3S] [system_namespaces_controller.go:66] Starting system namespaces controller
2025-01-29 18:36:28,269 INFO c.h.h.t.OperatorHelmChartContainer - [K3S] [gc_controller.go:78] Starting apiserver lease garbage collector
2025-01-29 18:36:28,269 INFO c.h.h.t.OperatorHelmChartContainer - [K3S] [cluster_authentication_trust_controller.go:462] Starting cluster_authentication_trust_controller controller
2025-01-29 18:36:28,269 INFO c.h.h.t.OperatorHelmChartContainer - [K3S] [apiservice_controller.go:100] Starting APIServiceRegistrationController
2025-01-29 18:36:28,269 INFO c.h.h.t.OperatorHelmChartContainer - [K3S] [aggregator.go:169] waiting for initial CRD sync...
2025-01-29 18:36:28,269 INFO c.h.h.t.OperatorHelmChartContainer - [K3S] [controller.go:80] Starting OpenAPI V3 AggregationController
2025-01-29 18:36:28,269 INFO c.h.h.t.OperatorHelmChartContainer - [K3S] [apf_controller.go:377] Starting API Priority and Fairness config controller
2025-01-29 18:36:28,269 INFO c.h.h.t.OperatorHelmChartContainer - [K3S] [local_available_controller.go:156] Starting LocalAvailability controller
2025-01-29 18:36:28,269 INFO c.h.h.t.OperatorHelmChartContainer - [K3S] [controller.go:119] Starting legacy_token_tracking_controller
2025-01-29 18:36:28,270 INFO c.h.h.t.OperatorHelmChartContainer - [K3S] [controller.go:78] Starting OpenAPI AggregationController
2025-01-29 18:36:28,271 INFO c.h.h.t.OperatorHelmChartContainer - [K3S] [customresource_discovery_controller.go:292] Starting DiscoveryController
2025-01-29 18:36:28,271 INFO c.h.h.t.OperatorHelmChartContainer - [K3S] [dynamic_serving_content.go:135] "Starting controller" name="aggregator-proxy-cert::/var/lib/rancher/k3s/server/tls/client-auth-proxy.crt::/var/lib/rancher/k3s/server/tls/client-auth-proxy.key"
2025-01-29 18:36:28,271 INFO c.h.h.t.OperatorHelmChartContainer - [K3S] [remote_available_controller.go:411] Starting RemoteAvailability controller
2025-01-29 18:36:28,271 INFO c.h.h.t.OperatorHelmChartContainer - [K3S] [controller.go:142] Starting OpenAPI controller
2025-01-29 18:36:28,272 INFO c.h.h.t.OperatorHelmChartContainer - [K3S] [controller.go:90] Starting OpenAPI V3 controller
2025-01-29 18:36:28,272 INFO c.h.h.t.OperatorHelmChartContainer - [K3S] [naming_controller.go:294] Starting NamingConditionController
2025-01-29 18:36:28,273 INFO c.h.h.t.OperatorHelmChartContainer - [K3S] [establishing_controller.go:81] Starting EstablishingController
2025-01-29 18:36:28,273 INFO c.h.h.t.OperatorHelmChartContainer - [K3S] [nonstructuralschema_controller.go:195] Starting NonStructuralSchemaConditionController
2025-01-29 18:36:28,273 INFO c.h.h.t.OperatorHelmChartContainer - [K3S] [apiapproval_controller.go:189] Starting KubernetesAPIApprovalPolicyConformantConditionController
2025-01-29 18:36:28,275 INFO c.h.h.t.OperatorHelmChartContainer - [K3S] [crd_finalizer.go:269] Starting CRDFinalizer
2025-01-29 18:36:28,277 INFO c.h.h.t.OperatorHelmChartContainer - [K3S] [dynamic_cafile_content.go:161] "Starting controller" name="client-ca-bundle::/var/lib/rancher/k3s/server/tls/client-ca.crt"
2025-01-29 18:36:28,277 INFO c.h.h.t.OperatorHelmChartContainer - [K3S] [dynamic_cafile_content.go:161] "Starting controller" name="request-header::/var/lib/rancher/k3s/server/tls/request-header-ca.crt"
2025-01-29 18:36:28,277 INFO c.h.h.t.OperatorHelmChartContainer - [K3S] [crdregistration_controller.go:114] Starting crd-autoregister controller
2025-01-29 18:36:28,368 INFO c.h.h.t.OperatorHelmChartContainer - [K3S] [apf_controller.go:382] Running API Priority and Fairness config worker
2025-01-29 18:36:28,369 INFO c.h.h.t.OperatorHelmChartContainer - [K3S] [apf_controller.go:385] Running API Priority and Fairness periodic rebalancing process
2025-01-29 18:36:28,369 INFO c.h.h.t.OperatorHelmChartContainer - [K3S] [handler_discovery.go:451] Starting ResourceDiscoveryManager
2025-01-29 18:36:28,375 INFO c.h.h.t.OperatorHelmChartContainer - [K3S] [controller.go:145] "Failed to ensure lease exists, will retry" err="namespaces \"kube-system\" not found" interval="200ms"
2025-01-29 18:36:28,377 INFO c.h.h.t.OperatorHelmChartContainer - [K3S] [aggregator.go:171] initial CRD sync complete...
2025-01-29 18:36:28,378 INFO c.h.h.t.OperatorHelmChartContainer - [K3S] [autoregister_controller.go:144] Starting autoregister controller
2025-01-29 18:36:28,387 INFO c.h.h.t.OperatorHelmChartContainer - [K3S] [policy_source.go:240] refreshing policies
2025-01-29 18:36:28,422 INFO c.h.h.t.OperatorHelmChartContainer - [K3S] [controller.go:95] Unable to perform initial Kubernetes service initialization: namespaces "default" not found
2025-01-29 18:36:28,423 INFO c.h.h.t.OperatorHelmChartContainer - [K3S] [controller.go:148] "Unhandled Error" err="while syncing ConfigMap \"kube-system/kube-apiserver-legacy-service-account-token-tracking\", err: namespaces \"kube-system\" not found" logger="UnhandledError"
2025-01-29 18:36:28,728 INFO c.h.h.t.OperatorHelmChartContainer - [K3S] [INFO] Module overlay was already loaded
2025-01-29 18:36:28,729 INFO c.h.h.t.OperatorHelmChartContainer - [K3S] [INFO] Module nf_conntrack was already loaded
2025-01-29 18:36:28,729 INFO c.h.h.t.OperatorHelmChartContainer - [K3S] [INFO] Module br_netfilter was already loaded
2025-01-29 18:36:28,733 INFO c.h.h.t.OperatorHelmChartContainer - [K3S] [INFO] Set sysctl 'net/netfilter/nf_conntrack_tcp_timeout_close_wait' to 3600
2025-01-29 18:36:28,734 INFO c.h.h.t.OperatorHelmChartContainer - [K3S] [INFO] Set sysctl 'net/netfilter/nf_conntrack_max' to 131072
2025-01-29 18:36:28,734 INFO c.h.h.t.OperatorHelmChartContainer - [K3S] [INFO] Set sysctl 'net/netfilter/nf_conntrack_tcp_timeout_established' to 86400
2025-01-29 18:36:28,735 INFO c.h.h.t.OperatorHelmChartContainer - [K3S] [INFO] Logging containerd to /var/lib/rancher/k3s/agent/containerd/containerd.log
2025-01-29 18:36:28,736 INFO c.h.h.t.OperatorHelmChartContainer - [K3S] [INFO] Running containerd -c /var/lib/rancher/k3s/agent/etc/containerd/config.toml -a /run/k3s/containerd/containerd.sock --state /run/k3s/containerd --root /var/lib/rancher/k3s/agent/containerd
2025-01-29 18:36:29,270 INFO c.h.h.t.OperatorHelmChartContainer - [K3S] [storage_scheduling.go:95] created PriorityClass system-node-critical with value 2000001000
2025-01-29 18:36:29,273 INFO c.h.h.t.OperatorHelmChartContainer - [K3S] [storage_scheduling.go:95] created PriorityClass system-cluster-critical with value 2000000000
2025-01-29 18:36:29,274 INFO c.h.h.t.OperatorHelmChartContainer - [K3S] [storage_scheduling.go:111] all system priority classes are created successfully or already exist.
2025-01-29 18:36:29,727 INFO c.h.h.t.OperatorHelmChartContainer - [K3S] [alloc.go:330] "allocated clusterIPs" service="default/kubernetes" clusterIPs={"IPv4":"10.43.0.1"}
2025-01-29 18:36:29,731 INFO c.h.h.t.OperatorHelmChartContainer - [K3S] [lease.go:265] Resetting endpoints for master service "kubernetes" to [172.17.0.3]
2025-01-29 18:36:29,739 INFO c.h.h.t.OperatorHelmChartContainer - [K3S] [INFO] containerd is now running
2025-01-29 18:36:29,743 INFO c.h.h.t.OperatorHelmChartContainer - [K3S] [INFO] Connecting to proxy" url="wss://127.0.0.1:6443/v1-k3s/connect
2025-01-29 18:36:29,743 INFO c.h.h.t.OperatorHelmChartContainer - [K3S] [INFO] Creating k3s-cert-monitor event broadcaster
2025-01-29 18:36:29,745 INFO c.h.h.t.OperatorHelmChartContainer - [K3S] [INFO] Running kubelet --cloud-provider=external --config-dir=/var/lib/rancher/k3s/agent/etc/kubelet.conf.d --containerd=/run/k3s/containerd/containerd.sock --hostname-override=f24e59ddbf70 --kubeconfig=/var/lib/rancher/k3s/agent/kubelet.kubeconfig --node-ip=172.17.0.3 --node-labels=
2025-01-29 18:36:29,745 INFO c.h.h.t.OperatorHelmChartContainer - [K3S] [INFO] Handling backend connection request [f24e59ddbf70]
2025-01-29 18:36:29,746 INFO c.h.h.t.OperatorHelmChartContainer - [K3S] [INFO] Remotedialer connected to proxy" url="wss://127.0.0.1:6443/v1-k3s/connect
2025-01-29 18:36:29,751 INFO c.h.h.t.OperatorHelmChartContainer - [K3S] Flag --containerd has been deprecated, This is a cadvisor flag that was mistakenly registered with the Kubelet. Due to legacy concerns, it will follow the standard CLI deprecation timeline before being removed.
2025-01-29 18:36:29,754 INFO c.h.h.t.OperatorHelmChartContainer - [K3S] [server.go:515] "Kubelet version" kubeletVersion="v1.32.1+k3s1"
2025-01-29 18:36:29,755 INFO c.h.h.t.OperatorHelmChartContainer - [K3S] [server.go:517] "Golang settings" GOGC="" GOMAXPROCS="" GOTRACEBACK=""
2025-01-29 18:36:29,756 INFO c.h.h.t.OperatorHelmChartContainer - [K3S] [dynamic_cafile_content.go:161] "Starting controller" name="client-ca-bundle::/var/lib/rancher/k3s/agent/client-ca.crt"
2025-01-29 18:36:29,759 INFO c.h.h.t.OperatorHelmChartContainer - [K3S] [log.go:32] "RuntimeConfig from runtime service failed" err="rpc error: code = Unimplemented desc = method RuntimeConfig not implemented"
2025-01-29 18:36:29,759 INFO c.h.h.t.OperatorHelmChartContainer - [K3S] [server.go:1416] "CRI implementation should be updated to support RuntimeConfig when KubeletCgroupDriverFromCRI feature gate has been enabled. Falling back to using cgroupDriver from kubelet config."
2025-01-29 18:36:29,762 INFO c.h.h.t.OperatorHelmChartContainer - [K3S] [info.go:53] Couldn't collect info from any of the files in "/etc/machine-id,/var/lib/dbus/machine-id"
2025-01-29 18:36:29,763 INFO c.h.h.t.OperatorHelmChartContainer - [K3S] [server.go:767] "--cgroups-per-qos enabled, but --cgroup-root was not specified.  defaulting to /"
2025-01-29 18:36:29,763 INFO c.h.h.t.OperatorHelmChartContainer - [K3S] [server.go:836] "NoSwap is set due to memorySwapBehavior not specified" memorySwapBehavior="" FailSwapOn=false
2025-01-29 18:36:29,763 INFO c.h.h.t.OperatorHelmChartContainer - [K3S] [swap_util.go:115] "Swap is on" /proc/swaps contents=<
2025-01-29 18:36:29,764 INFO c.h.h.t.OperatorHelmChartContainer - [K3S] 	Filename				Type		Size		Used		Priority
2025-01-29 18:36:29,764 INFO c.h.h.t.OperatorHelmChartContainer - [K3S] 	/mnt/swapfile                           file		4194300		0		-2
2025-01-29 18:36:29,764 INFO c.h.h.t.OperatorHelmChartContainer - [K3S]  >
2025-01-29 18:36:29,764 INFO c.h.h.t.OperatorHelmChartContainer - [K3S] [container_manager_linux.go:268] "Container manager verified user specified cgroup-root exists" cgroupRoot=[]
2025-01-29 18:36:29,765 INFO c.h.h.t.OperatorHelmChartContainer - [K3S] [container_manager_linux.go:273] "Creating Container Manager object based on Node Config" nodeConfig={"NodeName":"f24e59ddbf70","RuntimeCgroupsName":"","SystemCgroupsName":"","KubeletCgroupsName":"/k3s","KubeletOOMScoreAdj":-999,"ContainerRuntime":"","CgroupsPerQOS":true,"CgroupRoot":"/","CgroupDriver":"cgroupfs","KubeletRootDir":"/var/lib/kubelet","ProtectKernelDefaults":false,"KubeReservedCgroupName":"","SystemReservedCgroupName":"","ReservedSystemCPUs":{},"EnforceNodeAllocatable":{"pods":{}},"KubeReserved":null,"SystemReserved":null,"HardEvictionThresholds":[{"Signal":"imagefs.available","Operator":"LessThan","Value":{"Quantity":null,"Percentage":0.05},"GracePeriod":0,"MinReclaim":null},{"Signal":"nodefs.available","Operator":"LessThan","Value":{"Quantity":null,"Percentage":0.05},"GracePeriod":0,"MinReclaim":null}],"QOSReserved":{},"CPUManagerPolicy":"none","CPUManagerPolicyOptions":null,"TopologyManagerScope":"container","CPUManagerReconcilePeriod":10000000000,"ExperimentalMemoryManagerPolicy":"None","ExperimentalMemoryManagerReservedMemory":null,"PodPidsLimit":-1,"EnforceCPULimits":true,"CPUCFSQuotaPeriod":100000000,"TopologyManagerPolicy":"none","TopologyManagerPolicyOptions":null,"CgroupVersion":2}
2025-01-29 18:36:29,765 INFO c.h.h.t.OperatorHelmChartContainer - [K3S] [topology_manager.go:138] "Creating topology manager with none policy"
2025-01-29 18:36:29,765 INFO c.h.h.t.OperatorHelmChartContainer - [K3S] [container_manager_linux.go:304] "Creating device plugin manager"
2025-01-29 18:36:29,766 INFO c.h.h.t.OperatorHelmChartContainer - [K3S] [state_mem.go:36] "Initialized new in-memory state store"
2025-01-29 18:36:29,766 INFO c.h.h.t.OperatorHelmChartContainer - [K3S] [kubelet.go:446] "Attempting to sync node with API server"
2025-01-29 18:36:29,766 INFO c.h.h.t.OperatorHelmChartContainer - [K3S] [kubelet.go:341] "Adding static pod path" path="/var/lib/rancher/k3s/agent/pod-manifests"
2025-01-29 18:36:29,766 INFO c.h.h.t.OperatorHelmChartContainer - [K3S] [kubelet.go:352] "Adding apiserver pod source"
2025-01-29 18:36:29,771 INFO c.h.h.t.OperatorHelmChartContainer - [K3S] [apiserver.go:42] "Waiting for node sync before watching apiserver pods"
2025-01-29 18:36:29,772 INFO c.h.h.t.OperatorHelmChartContainer - [K3S] [kuberuntime_manager.go:269] "Container runtime initialized" containerRuntime="containerd" version="v1.7.23-k3s2" apiVersion="v1"
2025-01-29 18:36:29,772 INFO c.h.h.t.OperatorHelmChartContainer - [K3S] [kubelet.go:890] "Not starting ClusterTrustBundle informer because we are in static kubelet mode"
2025-01-29 18:36:29,772 INFO c.h.h.t.OperatorHelmChartContainer - [K3S] [probe.go:272] Flexvolume plugin directory at /usr/libexec/kubernetes/kubelet-plugins/volume/exec/ does not exist. Recreating.
2025-01-29 18:36:29,772 INFO c.h.h.t.OperatorHelmChartContainer - [K3S] [watchdog_linux.go:99] "Systemd watchdog is not enabled"
2025-01-29 18:36:29,772 INFO c.h.h.t.OperatorHelmChartContainer - [K3S] [server.go:1282] "Started kubelet"
2025-01-29 18:36:29,772 INFO c.h.h.t.OperatorHelmChartContainer - [K3S] [server.go:169] "Starting to listen" address="0.0.0.0" port=10250
2025-01-29 18:36:29,772 INFO c.h.h.t.OperatorHelmChartContainer - [K3S] [server.go:490] "Adding debug handlers to kubelet server"
2025-01-29 18:36:29,773 INFO c.h.h.t.OperatorHelmChartContainer - [K3S] [server.go:208] "Starting to listen read-only" address="0.0.0.0" port=10255
2025-01-29 18:36:29,775 INFO c.h.h.t.OperatorHelmChartContainer - [K3S] [fs_resource_analyzer.go:67] "Starting FS ResourceAnalyzer"
2025-01-29 18:36:29,779 INFO c.h.h.t.OperatorHelmChartContainer - [K3S] [volume_manager.go:297] "Starting Kubelet Volume Manager"
2025-01-29 18:36:29,779 INFO c.h.h.t.OperatorHelmChartContainer - [K3S] [kubelet.go:1561] "Image garbage collection failed once. Stats initialization may not have completed yet" err="invalid capacity 0 on image filesystem"
2025-01-29 18:36:29,779 INFO c.h.h.t.OperatorHelmChartContainer - [K3S] [kubelet_node_status.go:467] "Error getting the current node from lister" err="node \"f24e59ddbf70\" not found"
2025-01-29 18:36:29,780 INFO c.h.h.t.OperatorHelmChartContainer - [K3S] [dynamic_serving_content.go:135] "Starting controller" name="kubelet-server-cert-files::/var/lib/rancher/k3s/agent/serving-kubelet.crt::/var/lib/rancher/k3s/agent/serving-kubelet.key"
2025-01-29 18:36:29,782 INFO c.h.h.t.OperatorHelmChartContainer - [K3S] [ratelimit.go:55] "Setting rate limiting for endpoint" service="podresources" qps=100 burstTokens=10
2025-01-29 18:36:29,784 INFO c.h.h.t.OperatorHelmChartContainer - [K3S] [server.go:243] "Starting to serve the podresources API" endpoint="unix:/var/lib/kubelet/pod-resources/kubelet.sock"
2025-01-29 18:36:29,784 INFO c.h.h.t.OperatorHelmChartContainer - [K3S] [desired_state_of_world_populator.go:149] "Desired state populator starts to run"
2025-01-29 18:36:29,784 INFO c.h.h.t.OperatorHelmChartContainer - [K3S] [reconciler.go:26] "Reconciler: start to sync state"
2025-01-29 18:36:29,784 INFO c.h.h.t.OperatorHelmChartContainer - [K3S] [factory.go:221] Registration of the systemd container factory successfully
2025-01-29 18:36:29,784 INFO c.h.h.t.OperatorHelmChartContainer - [K3S] [factory.go:219] Registration of the crio container factory failed: Get "http://%2Fvar%2Frun%2Fcrio%2Fcrio.sock/info": dial unix /var/run/crio/crio.sock: connect: no such file or directory
2025-01-29 18:36:29,788 INFO c.h.h.t.OperatorHelmChartContainer - [K3S] [factory.go:221] Registration of the containerd container factory successfully
2025-01-29 18:36:29,820 INFO c.h.h.t.OperatorHelmChartContainer - [K3S] [nodelease.go:49] "Failed to get node when trying to set owner ref to the node lease" err="nodes \"f24e59ddbf70\" not found" node="f24e59ddbf70"
2025-01-29 18:36:29,826 INFO c.h.h.t.OperatorHelmChartContainer - [K3S] [kubelet_network_linux.go:50] "Initialized iptables rules." protocol="IPv4"
2025-01-29 18:36:29,826 INFO c.h.h.t.OperatorHelmChartContainer - [K3S] [kubelet_network_linux.go:50] "Initialized iptables rules." protocol="IPv6"
2025-01-29 18:36:29,826 INFO c.h.h.t.OperatorHelmChartContainer - [K3S] [status_manager.go:227] "Starting to sync pod status with apiserver"
2025-01-29 18:36:29,827 INFO c.h.h.t.OperatorHelmChartContainer - [K3S] [watchdog_linux.go:127] "Systemd watchdog is not enabled or the interval is invalid, so health checking will not be started."
2025-01-29 18:36:29,827 INFO c.h.h.t.OperatorHelmChartContainer - [K3S] [kubelet.go:2388] "Starting kubelet main sync loop"
2025-01-29 18:36:29,827 INFO c.h.h.t.OperatorHelmChartContainer - [K3S] [kubelet.go:2412] "Skipping pod synchronization" err="[container runtime status check may not have completed yet, PLEG is not healthy: pleg has yet to be successful]"
2025-01-29 18:36:29,833 INFO c.h.h.t.OperatorHelmChartContainer - [K3S] [cpu_manager.go:221] "Starting CPU manager" policy="none"
2025-01-29 18:36:29,834 INFO c.h.h.t.OperatorHelmChartContainer - [K3S] [cpu_manager.go:222] "Reconciling" reconcilePeriod="10s"
2025-01-29 18:36:29,834 INFO c.h.h.t.OperatorHelmChartContainer - [K3S] [state_mem.go:36] "Initialized new in-memory state store"
2025-01-29 18:36:29,837 INFO c.h.h.t.OperatorHelmChartContainer - [K3S] [policy_none.go:49] "None policy: Start"
2025-01-29 18:36:29,837 INFO c.h.h.t.OperatorHelmChartContainer - [K3S] [memory_manager.go:186] "Starting memorymanager" policy="None"
2025-01-29 18:36:29,837 INFO c.h.h.t.OperatorHelmChartContainer - [K3S] [state_mem.go:35] "Initializing new in-memory state store"
2025-01-29 18:36:29,841 INFO c.h.h.t.OperatorHelmChartContainer - [K3S] [manager.go:519] "Failed to read data from checkpoint" checkpoint="kubelet_internal_checkpoint" err="checkpoint is not found"
2025-01-29 18:36:29,842 INFO c.h.h.t.OperatorHelmChartContainer - [K3S] [eviction_manager.go:189] "Eviction manager: starting control loop"
2025-01-29 18:36:29,842 INFO c.h.h.t.OperatorHelmChartContainer - [K3S] [container_log_manager.go:189] "Initializing container log rotate workers" workers=1 monitorPeriod="10s"
2025-01-29 18:36:29,850 INFO c.h.h.t.OperatorHelmChartContainer - [K3S] [plugin_manager.go:118] "Starting Kubelet Plugin Manager"
2025-01-29 18:36:29,851 INFO c.h.h.t.OperatorHelmChartContainer - [K3S] [eviction_manager.go:267] "eviction manager: failed to check if we have separate container filesystem. Ignoring." err="no imagefs label for configured runtime"
2025-01-29 18:36:29,852 INFO c.h.h.t.OperatorHelmChartContainer - [K3S] [eviction_manager.go:292] "Eviction manager: failed to get summary stats" err="failed to get node info: node \"f24e59ddbf70\" not found"
2025-01-29 18:36:29,888 INFO c.h.h.t.OperatorHelmChartContainer - [K3S] [ERROR] Sending HTTP/1.1 503 response to 127.0.0.1:47368: runtime core not ready
2025-01-29 18:36:29,943 INFO c.h.h.t.OperatorHelmChartContainer - [K3S] [kubelet_node_status.go:76] "Attempting to register node" node="f24e59ddbf70"
2025-01-29 18:36:29,948 INFO c.h.h.t.OperatorHelmChartContainer - [K3S] [kubelet_node_status.go:79] "Successfully registered node" node="f24e59ddbf70"
2025-01-29 18:36:29,948 INFO c.h.h.t.OperatorHelmChartContainer - [K3S] [kubelet_node_status.go:549] "Error updating node status, will retry" err="error getting node \"f24e59ddbf70\": node \"f24e59ddbf70\" not found"
2025-01-29 18:36:29,951 INFO c.h.h.t.OperatorHelmChartContainer - [K3S] [INFO] Annotations and labels have been set successfully on node: f24e59ddbf70
2025-01-29 18:36:29,952 INFO c.h.h.t.OperatorHelmChartContainer - [K3S] [INFO] Starting flannel with backend vxlan
2025-01-29 18:36:29,998 INFO c.h.h.t.OperatorHelmChartContainer - [K3S] [INFO] Running kube-proxy --cluster-cidr=10.42.0.0/16 --conntrack-max-per-core=0 --conntrack-tcp-timeout-close-wait=0s --conntrack-tcp-timeout-established=0s --healthz-bind-address=127.0.0.1 --hostname-override=f24e59ddbf70 --kubeconfig=/var/lib/rancher/k3s/agent/kubeproxy.kubeconfig --proxy-mode=iptables
2025-01-29 18:36:30,041 INFO c.h.h.t.OperatorHelmChartContainer - [K3S] [server.go:698] "Successfully retrieved node IP(s)" IPs=["172.17.0.3"]
2025-01-29 18:36:30,042 INFO c.h.h.t.OperatorHelmChartContainer - [K3S] [server.go:234] "Kube-proxy configuration may be incomplete or incorrect" err="nodePortAddresses is unset; NodePort connections will be accepted on all local IPs. Consider using `--nodeport-addresses primary`"
2025-01-29 18:36:30,044 INFO c.h.h.t.OperatorHelmChartContainer - [K3S] [server.go:243] "kube-proxy running in dual-stack mode" primary ipFamily="IPv4"
2025-01-29 18:36:30,044 INFO c.h.h.t.OperatorHelmChartContainer - [K3S] [server_linux.go:170] "Using iptables Proxier"
2025-01-29 18:36:30,045 INFO c.h.h.t.OperatorHelmChartContainer - [K3S] [proxier.go:255] "Setting route_localnet=1 to allow node-ports on localhost; to change this either disable iptables.localhostNodePorts (--iptables-localhost-nodeports) or set nodePortAddresses (--nodeport-addresses) to filter loopback addresses"
2025-01-29 18:36:30,052 INFO c.h.h.t.OperatorHelmChartContainer - [K3S] [server.go:497] "Version info" version="v1.32.1+k3s1"
2025-01-29 18:36:30,052 INFO c.h.h.t.OperatorHelmChartContainer - [K3S] [server.go:499] "Golang settings" GOGC="" GOMAXPROCS="" GOTRACEBACK=""
2025-01-29 18:36:30,052 INFO c.h.h.t.OperatorHelmChartContainer - [K3S] [config.go:329] "Starting node config controller"
2025-01-29 18:36:30,053 INFO c.h.h.t.OperatorHelmChartContainer - [K3S] [config.go:199] "Starting service config controller"
2025-01-29 18:36:30,053 INFO c.h.h.t.OperatorHelmChartContainer - [K3S] [config.go:105] "Starting endpoint slice config controller"
2025-01-29 18:36:30,154 INFO c.h.h.t.OperatorHelmChartContainer - [K3S] [kubelet_node_status.go:502] "Fast updating node status as it just became ready"
2025-01-29 18:36:30,573 INFO c.h.h.t.OperatorHelmChartContainer - [K3S] [INFO] Waiting for untainted node
2025-01-29 18:36:30,574 INFO c.h.h.t.OperatorHelmChartContainer - [K3S] [INFO] Kube API server is now running
2025-01-29 18:36:30,574 INFO c.h.h.t.OperatorHelmChartContainer - [K3S] [INFO] ETCD server is now running
2025-01-29 18:36:30,574 INFO c.h.h.t.OperatorHelmChartContainer - [K3S] [INFO] k3s is up and running
2025-01-29 18:36:30,574 INFO c.h.h.t.OperatorHelmChartContainer - [K3S] [INFO] Waiting for cloud-controller-manager privileges to become available
2025-01-29 18:36:30,574 INFO c.h.h.t.OperatorHelmChartContainer - [K3S] [INFO] Creating k3s-supervisor event broadcaster
2025-01-29 18:36:30,581 INFO c.h.h.t.OperatorHelmChartContainer - [K3S] [INFO] Applying CRD addons.k3s.cattle.io
2025-01-29 18:36:30,590 INFO c.h.h.t.OperatorHelmChartContainer - [K3S] [INFO] Applying CRD etcdsnapshotfiles.k3s.cattle.io
2025-01-29 18:36:30,601 INFO c.h.h.t.OperatorHelmChartContainer - [K3S] [INFO] Applying CRD helmcharts.helm.cattle.io
2025-01-29 18:36:30,614 INFO c.h.h.t.OperatorHelmChartContainer - [K3S] [INFO] Applying CRD helmchartconfigs.helm.cattle.io
2025-01-29 18:36:30,627 INFO c.h.h.t.OperatorHelmChartContainer - [K3S] [INFO] Waiting for CRD helmcharts.helm.cattle.io to become available
2025-01-29 18:36:30,713 INFO c.h.h.t.OperatorHelmChartContainer - [K3S] [serving.go:392] Generated self-signed cert in-memory
2025-01-29 18:36:30,766 INFO c.h.h.t.OperatorHelmChartContainer - [K3S] [apiserver.go:52] "Watching apiserver"
2025-01-29 18:36:30,785 INFO c.h.h.t.OperatorHelmChartContainer - [K3S] [desired_state_of_world_populator.go:157] "Finished populating initial desired state of world"
2025-01-29 18:36:30,975 INFO c.h.h.t.OperatorHelmChartContainer - [K3S] [controllermanager.go:185] "Starting" version="v1.32.1+k3s1"
2025-01-29 18:36:30,975 INFO c.h.h.t.OperatorHelmChartContainer - [K3S] [controllermanager.go:187] "Golang settings" GOGC="" GOMAXPROCS="" GOTRACEBACK=""
2025-01-29 18:36:30,978 INFO c.h.h.t.OperatorHelmChartContainer - [K3S] [requestheader_controller.go:180] Starting RequestHeaderAuthRequestController
2025-01-29 18:36:30,978 INFO c.h.h.t.OperatorHelmChartContainer - [K3S] [configmap_cafile_content.go:205] "Starting controller" name="client-ca::kube-system::extension-apiserver-authentication::requestheader-client-ca-file"
2025-01-29 18:36:30,978 INFO c.h.h.t.OperatorHelmChartContainer - [K3S] [configmap_cafile_content.go:205] "Starting controller" name="client-ca::kube-system::extension-apiserver-authentication::client-ca-file"
2025-01-29 18:36:30,978 INFO c.h.h.t.OperatorHelmChartContainer - [K3S] [secure_serving.go:213] Serving securely on 127.0.0.1:10257
2025-01-29 18:36:30,978 INFO c.h.h.t.OperatorHelmChartContainer - [K3S] [tlsconfig.go:243] "Starting DynamicServingCertificateController"
2025-01-29 18:36:30,983 INFO c.h.h.t.OperatorHelmChartContainer - [K3S] [controllermanager.go:765] "Started controller" controller="serviceaccount-token-controller"
2025-01-29 18:36:30,983 INFO c.h.h.t.OperatorHelmChartContainer - [K3S] [controllermanager.go:717] "Controller is disabled by a feature gate" controller="storageversion-garbage-collector-controller" requiredFeatureGates=["APIServerIdentity","StorageVersionAPI"]
2025-01-29 18:36:30,996 INFO c.h.h.t.OperatorHelmChartContainer - [K3S] [controllermanager.go:765] "Started controller" controller="validatingadmissionpolicy-status-controller"
2025-01-29 18:36:31,002 INFO c.h.h.t.OperatorHelmChartContainer - [K3S] [controllermanager.go:765] "Started controller" controller="taint-eviction-controller"
2025-01-29 18:36:31,002 INFO c.h.h.t.OperatorHelmChartContainer - [K3S] [taint_eviction.go:281] "Starting" controller="taint-eviction-controller"
2025-01-29 18:36:31,002 INFO c.h.h.t.OperatorHelmChartContainer - [K3S] [taint_eviction.go:287] "Sending events to api server"
2025-01-29 18:36:31,008 INFO c.h.h.t.OperatorHelmChartContainer - [K3S] [controllermanager.go:765] "Started controller" controller="cronjob-controller"
2025-01-29 18:36:31,008 INFO c.h.h.t.OperatorHelmChartContainer - [K3S] [controllermanager.go:723] "Skipping a cloud provider controller" controller="cloud-node-lifecycle-controller"
2025-01-29 18:36:31,008 INFO c.h.h.t.OperatorHelmChartContainer - [K3S] [cronjob_controllerv2.go:145] "Starting cronjob controller v2"
2025-01-29 18:36:31,015 INFO c.h.h.t.OperatorHelmChartContainer - [K3S] [controllermanager.go:765] "Started controller" controller="clusterrole-aggregation-controller"
2025-01-29 18:36:31,015 INFO c.h.h.t.OperatorHelmChartContainer - [K3S] [controllermanager.go:717] "Controller is disabled by a feature gate" controller="volumeattributesclass-protection-controller" requiredFeatureGates=["VolumeAttributesClass"]
2025-01-29 18:36:31,016 INFO c.h.h.t.OperatorHelmChartContainer - [K3S] [clusterroleaggregation_controller.go:194] "Starting ClusterRoleAggregator controller"
2025-01-29 18:36:31,021 INFO c.h.h.t.OperatorHelmChartContainer - [K3S] [controllermanager.go:765] "Started controller" controller="certificatesigningrequest-approving-controller"
2025-01-29 18:36:31,021 INFO c.h.h.t.OperatorHelmChartContainer - [K3S] [controllermanager.go:728] "Warning: controller is disabled" controller="bootstrap-signer-controller"
2025-01-29 18:36:31,021 INFO c.h.h.t.OperatorHelmChartContainer - [K3S] [certificate_controller.go:120] "Starting certificate controller" name="csrapproving"
2025-01-29 18:36:31,026 INFO c.h.h.t.OperatorHelmChartContainer - [K3S] [controllermanager.go:765] "Started controller" controller="persistentvolume-binder-controller"
2025-01-29 18:36:31,026 INFO c.h.h.t.OperatorHelmChartContainer - [K3S] [pv_controller_base.go:308] "Starting persistent volume controller"
2025-01-29 18:36:31,031 INFO c.h.h.t.OperatorHelmChartContainer - [K3S] [controllermanager.go:765] "Started controller" controller="persistentvolume-expander-controller"
2025-01-29 18:36:31,031 INFO c.h.h.t.OperatorHelmChartContainer - [K3S] [expand_controller.go:329] "Starting expand controller"
2025-01-29 18:36:31,036 INFO c.h.h.t.OperatorHelmChartContainer - [K3S] [controllermanager.go:765] "Started controller" controller="pod-garbage-collector-controller"
2025-01-29 18:36:31,037 INFO c.h.h.t.OperatorHelmChartContainer - [K3S] [gc_controller.go:99] "Starting GC controller"
2025-01-29 18:36:31,052 INFO c.h.h.t.OperatorHelmChartContainer - [K3S] [controllermanager.go:765] "Started controller" controller="resourcequota-controller"
2025-01-29 18:36:31,052 INFO c.h.h.t.OperatorHelmChartContainer - [K3S] [resource_quota_controller.go:300] "Starting resource quota controller"
2025-01-29 18:36:31,130 INFO c.h.h.t.OperatorHelmChartContainer - [K3S] [INFO] Done waiting for CRD helmcharts.helm.cattle.io to become available
2025-01-29 18:36:31,130 INFO c.h.h.t.OperatorHelmChartContainer - [K3S] [INFO] Waiting for CRD helmchartconfigs.helm.cattle.io to become available
2025-01-29 18:36:31,193 INFO c.h.h.t.OperatorHelmChartContainer - [K3S] [controllermanager.go:765] "Started controller" controller="statefulset-controller"
2025-01-29 18:36:31,193 INFO c.h.h.t.OperatorHelmChartContainer - [K3S] [stateful_set.go:166] "Starting stateful set controller"
2025-01-29 18:36:31,242 INFO c.h.h.t.OperatorHelmChartContainer - [K3S] [certificate_controller.go:120] "Starting certificate controller" name="csrsigning-kubelet-serving"
2025-01-29 18:36:31,242 INFO c.h.h.t.OperatorHelmChartContainer - [K3S] [dynamic_serving_content.go:135] "Starting controller" name="csr-controller::/var/lib/rancher/k3s/server/tls/server-ca.nochain.crt::/var/lib/rancher/k3s/server/tls/server-ca.key"
2025-01-29 18:36:31,243 INFO c.h.h.t.OperatorHelmChartContainer - [K3S] [certificate_controller.go:120] "Starting certificate controller" name="csrsigning-kubelet-client"
2025-01-29 18:36:31,243 INFO c.h.h.t.OperatorHelmChartContainer - [K3S] [dynamic_serving_content.go:135] "Starting controller" name="csr-controller::/var/lib/rancher/k3s/server/tls/client-ca.nochain.crt::/var/lib/rancher/k3s/server/tls/client-ca.key"
2025-01-29 18:36:31,243 INFO c.h.h.t.OperatorHelmChartContainer - [K3S] [certificate_controller.go:120] "Starting certificate controller" name="csrsigning-kube-apiserver-client"
2025-01-29 18:36:31,244 INFO c.h.h.t.OperatorHelmChartContainer - [K3S] [dynamic_serving_content.go:135] "Starting controller" name="csr-controller::/var/lib/rancher/k3s/server/tls/client-ca.nochain.crt::/var/lib/rancher/k3s/server/tls/client-ca.key"
2025-01-29 18:36:31,244 INFO c.h.h.t.OperatorHelmChartContainer - [K3S] [controllermanager.go:765] "Started controller" controller="certificatesigningrequest-signing-controller"
2025-01-29 18:36:31,244 INFO c.h.h.t.OperatorHelmChartContainer - [K3S] [controllermanager.go:717] "Controller is disabled by a feature gate" controller="kube-apiserver-serving-clustertrustbundle-publisher-controller" requiredFeatureGates=["ClusterTrustBundle"]
2025-01-29 18:36:31,244 INFO c.h.h.t.OperatorHelmChartContainer - [K3S] [controllermanager.go:717] "Controller is disabled by a feature gate" controller="resourceclaim-controller" requiredFeatureGates=["DynamicResourceAllocation"]
2025-01-29 18:36:31,244 INFO c.h.h.t.OperatorHelmChartContainer - [K3S] [dynamic_serving_content.go:135] "Starting controller" name="csr-controller::/var/lib/rancher/k3s/server/tls/server-ca.nochain.crt::/var/lib/rancher/k3s/server/tls/server-ca.key"
2025-01-29 18:36:31,244 INFO c.h.h.t.OperatorHelmChartContainer - [K3S] [certificate_controller.go:120] "Starting certificate controller" name="csrsigning-legacy-unknown"
2025-01-29 18:36:31,392 INFO c.h.h.t.OperatorHelmChartContainer - [K3S] [controllermanager.go:765] "Started controller" controller="legacy-serviceaccount-token-cleaner-controller"
2025-01-29 18:36:31,392 INFO c.h.h.t.OperatorHelmChartContainer - [K3S] [legacy_serviceaccount_token_cleaner.go:103] "Starting legacy service account token cleaner controller"
2025-01-29 18:36:31,543 INFO c.h.h.t.OperatorHelmChartContainer - [K3S] [controllermanager.go:765] "Started controller" controller="deployment-controller"
2025-01-29 18:36:31,543 INFO c.h.h.t.OperatorHelmChartContainer - [K3S] [deployment_controller.go:173] "Starting controller" controller="deployment"
2025-01-29 18:36:31,632 INFO c.h.h.t.OperatorHelmChartContainer - [K3S] [INFO] Done waiting for CRD helmchartconfigs.helm.cattle.io to become available
2025-01-29 18:36:31,633 INFO c.h.h.t.OperatorHelmChartContainer - [K3S] [INFO] Writing static file: /var/lib/rancher/k3s/server/static/charts/traefik-27.0.201+up27.0.2.tgz
2025-01-29 18:36:31,634 INFO c.h.h.t.OperatorHelmChartContainer - [K3S] [INFO] Writing static file: /var/lib/rancher/k3s/server/static/charts/traefik-crd-27.0.201+up27.0.2.tgz
2025-01-29 18:36:31,634 INFO c.h.h.t.OperatorHelmChartContainer - [K3S] [INFO] Writing manifest: /var/lib/rancher/k3s/server/manifests/ccm.yaml
2025-01-29 18:36:31,634 INFO c.h.h.t.OperatorHelmChartContainer - [K3S] [INFO] Writing manifest: /var/lib/rancher/k3s/server/manifests/coredns.yaml
2025-01-29 18:36:31,634 INFO c.h.h.t.OperatorHelmChartContainer - [K3S] [INFO] Writing manifest: /var/lib/rancher/k3s/server/manifests/local-storage.yaml
2025-01-29 18:36:31,637 INFO c.h.h.t.OperatorHelmChartContainer - [K3S] [INFO] Writing manifest: /var/lib/rancher/k3s/server/manifests/metrics-server/aggregated-metrics-reader.yaml
2025-01-29 18:36:31,637 INFO c.h.h.t.OperatorHelmChartContainer - [K3S] [INFO] Writing manifest: /var/lib/rancher/k3s/server/manifests/metrics-server/auth-reader.yaml
2025-01-29 18:36:31,637 INFO c.h.h.t.OperatorHelmChartContainer - [K3S] [INFO] Writing manifest: /var/lib/rancher/k3s/server/manifests/metrics-server/metrics-apiservice.yaml
2025-01-29 18:36:31,637 INFO c.h.h.t.OperatorHelmChartContainer - [K3S] [INFO] Writing manifest: /var/lib/rancher/k3s/server/manifests/metrics-server/metrics-server-deployment.yaml
2025-01-29 18:36:31,637 INFO c.h.h.t.OperatorHelmChartContainer - [K3S] [INFO] Writing manifest: /var/lib/rancher/k3s/server/manifests/metrics-server/resource-reader.yaml
2025-01-29 18:36:31,637 INFO c.h.h.t.OperatorHelmChartContainer - [K3S] [INFO] Writing manifest: /var/lib/rancher/k3s/server/manifests/rolebindings.yaml
2025-01-29 18:36:31,638 INFO c.h.h.t.OperatorHelmChartContainer - [K3S] [INFO] Writing manifest: /var/lib/rancher/k3s/server/manifests/runtimes.yaml
2025-01-29 18:36:31,638 INFO c.h.h.t.OperatorHelmChartContainer - [K3S] [INFO] Writing manifest: /var/lib/rancher/k3s/server/manifests/metrics-server/auth-delegator.yaml
2025-01-29 18:36:31,638 INFO c.h.h.t.OperatorHelmChartContainer - [K3S] [INFO] Writing manifest: /var/lib/rancher/k3s/server/manifests/metrics-server/metrics-server-service.yaml
2025-01-29 18:36:31,638 INFO c.h.h.t.OperatorHelmChartContainer - [K3S] [INFO] Starting dynamiclistener CN filter node controller with SANs: [localhost 127.0.0.1 ::1 localhost f24e59ddbf70 172.17.0.3 10.43.0.1 kubernetes kubernetes.default kubernetes.default.svc kubernetes.default.svc.cluster.local]
2025-01-29 18:36:31,638 INFO c.h.h.t.OperatorHelmChartContainer - [K3S] [INFO] Tunnel server egress proxy mode: agent
2025-01-29 18:36:31,692 INFO c.h.h.t.OperatorHelmChartContainer - [K3S] [controllermanager.go:765] "Started controller" controller="replicaset-controller"
2025-01-29 18:36:31,692 INFO c.h.h.t.OperatorHelmChartContainer - [K3S] [replica_set.go:217] "Starting controller" name="replicaset"
2025-01-29 18:36:31,741 INFO c.h.h.t.OperatorHelmChartContainer - [K3S] [INFO] Starting k3s.cattle.io/v1, Kind=Addon controller
2025-01-29 18:36:31,741 INFO c.h.h.t.OperatorHelmChartContainer - [K3S] [INFO] Creating deploy event broadcaster
2025-01-29 18:36:31,842 INFO c.h.h.t.OperatorHelmChartContainer - [K3S] [controllermanager.go:765] "Started controller" controller="persistentvolume-attach-detach-controller"
2025-01-29 18:36:31,842 INFO c.h.h.t.OperatorHelmChartContainer - [K3S] [attach_detach_controller.go:338] "Starting attach detach controller"
2025-01-29 18:36:31,844 INFO c.h.h.t.OperatorHelmChartContainer - [K3S] [INFO] Starting /v1, Kind=Node controller
2025-01-29 18:36:31,846 INFO c.h.h.t.OperatorHelmChartContainer - [K3S] [INFO] Creating helm-controller event broadcaster
2025-01-29 18:36:31,861 INFO c.h.h.t.OperatorHelmChartContainer - [K3S] [INFO] Labels and annotations have been set successfully on node: f24e59ddbf70
2025-01-29 18:36:31,861 INFO c.h.h.t.OperatorHelmChartContainer - [K3S] [INFO] Cluster dns configmap has been set successfully
2025-01-29 18:36:31,954 INFO c.h.h.t.OperatorHelmChartContainer - [K3S] [INFO] Starting helm.cattle.io/v1, Kind=HelmChartConfig controller
2025-01-29 18:36:31,954 INFO c.h.h.t.OperatorHelmChartContainer - [K3S] [INFO] Starting helm.cattle.io/v1, Kind=HelmChart controller
2025-01-29 18:36:31,956 INFO c.h.h.t.OperatorHelmChartContainer - [K3S] [INFO] Starting rbac.authorization.k8s.io/v1, Kind=ClusterRoleBinding controller
2025-01-29 18:36:31,959 INFO c.h.h.t.OperatorHelmChartContainer - [K3S] [INFO] Starting batch/v1, Kind=Job controller
2025-01-29 18:36:31,959 INFO c.h.h.t.OperatorHelmChartContainer - [K3S] [INFO] Starting /v1, Kind=ConfigMap controller
2025-01-29 18:36:31,959 INFO c.h.h.t.OperatorHelmChartContainer - [K3S] [INFO] Starting /v1, Kind=ServiceAccount controller
2025-01-29 18:36:31,959 INFO c.h.h.t.OperatorHelmChartContainer - [K3S] [INFO] Starting /v1, Kind=Secret controller
2025-01-29 18:36:31,992 INFO c.h.h.t.OperatorHelmChartContainer - [K3S] [controllermanager.go:765] "Started controller" controller="persistentvolume-protection-controller"
2025-01-29 18:36:31,992 INFO c.h.h.t.OperatorHelmChartContainer - [K3S] [pv_protection_controller.go:81] "Starting PV protection controller"
2025-01-29 18:36:32,042 INFO c.h.h.t.OperatorHelmChartContainer - [K3S] [controllermanager.go:765] "Started controller" controller="certificatesigningrequest-cleaner-controller"
2025-01-29 18:36:32,042 INFO c.h.h.t.OperatorHelmChartContainer - [K3S] [cleaner.go:83] "Starting CSR cleaner controller"
2025-01-29 18:36:32,192 INFO c.h.h.t.OperatorHelmChartContainer - [K3S] [controllermanager.go:765] "Started controller" controller="token-cleaner-controller"
2025-01-29 18:36:32,192 INFO c.h.h.t.OperatorHelmChartContainer - [K3S] [tokencleaner.go:117] "Starting token cleaner controller"
2025-01-29 18:36:32,342 INFO c.h.h.t.OperatorHelmChartContainer - [K3S] [controllermanager.go:765] "Started controller" controller="root-ca-certificate-publisher-controller"
2025-01-29 18:36:32,342 INFO c.h.h.t.OperatorHelmChartContainer - [K3S] [publisher.go:107] "Starting root CA cert publisher controller"
2025-01-29 18:36:32,411 INFO c.h.h.t.OperatorHelmChartContainer - [K3S] [INFO] Updating TLS secret for kube-system/k3s-serving (count: 10): map[listener.cattle.io/cn-10.43.0.1:10.43.0.1 listener.cattle.io/cn-127.0.0.1:127.0.0.1 listener.cattle.io/cn-172.17.0.3:172.17.0.3 listener.cattle.io/cn-__1-f16284:::1 listener.cattle.io/cn-f24e59ddbf70:f24e59ddbf70 listener.cattle.io/cn-kubernetes:kubernetes listener.cattle.io/cn-kubernetes.default:kubernetes.default listener.cattle.io/cn-kubernetes.default.svc:kubernetes.default.svc listener.cattle.io/cn-kubernetes.default.svc.cluster.local:kubernetes.default.svc.cluster.local listener.cattle.io/cn-localhost:localhost listener.cattle.io/fingerprint:SHA1=7F74A45C48A4ED388860A5599331DB9FF22AD9BD]
2025-01-29 18:36:32,414 INFO c.h.h.t.OperatorHelmChartContainer - [K3S] [INFO] Active TLS secret kube-system/k3s-serving (ver=247) (count 10): map[listener.cattle.io/cn-10.43.0.1:10.43.0.1 listener.cattle.io/cn-127.0.0.1:127.0.0.1 listener.cattle.io/cn-172.17.0.3:172.17.0.3 listener.cattle.io/cn-__1-f16284:::1 listener.cattle.io/cn-f24e59ddbf70:f24e59ddbf70 listener.cattle.io/cn-kubernetes:kubernetes listener.cattle.io/cn-kubernetes.default:kubernetes.default listener.cattle.io/cn-kubernetes.default.svc:kubernetes.default.svc listener.cattle.io/cn-kubernetes.default.svc.cluster.local:kubernetes.default.svc.cluster.local listener.cattle.io/cn-localhost:localhost listener.cattle.io/fingerprint:SHA1=7F74A45C48A4ED388860A5599331DB9FF22AD9BD]
2025-01-29 18:36:32,510 INFO c.h.h.t.OperatorHelmChartContainer - [K3S] [INFO] Updating TLS secret for kube-system/k3s-serving (count: 10): map[listener.cattle.io/cn-10.43.0.1:10.43.0.1 listener.cattle.io/cn-127.0.0.1:127.0.0.1 listener.cattle.io/cn-172.17.0.3:172.17.0.3 listener.cattle.io/cn-__1-f16284:::1 listener.cattle.io/cn-f24e59ddbf70:f24e59ddbf70 listener.cattle.io/cn-kubernetes:kubernetes listener.cattle.io/cn-kubernetes.default:kubernetes.default listener.cattle.io/cn-kubernetes.default.svc:kubernetes.default.svc listener.cattle.io/cn-kubernetes.default.svc.cluster.local:kubernetes.default.svc.cluster.local listener.cattle.io/cn-localhost:localhost listener.cattle.io/fingerprint:SHA1=7F74A45C48A4ED388860A5599331DB9FF22AD9BD]
2025-01-29 18:36:32,597 INFO c.h.h.t.OperatorHelmChartContainer - [K3S] [controllermanager.go:765] "Started controller" controller="namespace-controller"
2025-01-29 18:36:32,597 INFO c.h.h.t.OperatorHelmChartContainer - [K3S] [namespace_controller.go:202] "Starting namespace controller"
2025-01-29 18:36:32,742 INFO c.h.h.t.OperatorHelmChartContainer - [K3S] [controllermanager.go:765] "Started controller" controller="serviceaccount-controller"
2025-01-29 18:36:32,742 INFO c.h.h.t.OperatorHelmChartContainer - [K3S] [serviceaccounts_controller.go:114] "Starting service account controller"
2025-01-29 18:36:32,892 INFO c.h.h.t.OperatorHelmChartContainer - [K3S] [controllermanager.go:765] "Started controller" controller="daemonset-controller"
2025-01-29 18:36:32,892 INFO c.h.h.t.OperatorHelmChartContainer - [K3S] [daemon_controller.go:294] "Starting daemon sets controller"
2025-01-29 18:36:33,091 INFO c.h.h.t.OperatorHelmChartContainer - [K3S] [controllermanager.go:765] "Started controller" controller="disruption-controller"
2025-01-29 18:36:33,092 INFO c.h.h.t.OperatorHelmChartContainer - [K3S] [controllermanager.go:723] "Skipping a cloud provider controller" controller="node-route-controller"
2025-01-29 18:36:33,092 INFO c.h.h.t.OperatorHelmChartContainer - [K3S] [disruption.go:452] "Sending events to api server."
2025-01-29 18:36:33,092 INFO c.h.h.t.OperatorHelmChartContainer - [K3S] [disruption.go:463] "Starting disruption controller"
2025-01-29 18:36:33,243 INFO c.h.h.t.OperatorHelmChartContainer - [K3S] [controllermanager.go:765] "Started controller" controller="endpointslice-mirroring-controller"
2025-01-29 18:36:33,244 INFO c.h.h.t.OperatorHelmChartContainer - [K3S] [endpointslicemirroring_controller.go:227] "Starting EndpointSliceMirroring controller"
2025-01-29 18:36:33,281 INFO c.h.h.t.OperatorHelmChartContainer - [K3S] [event.go:389] "Event occurred" object="f24e59ddbf70" fieldPath="" kind="Node" apiVersion="" type="Normal" reason="NodePasswordValidationComplete" message="Deferred node password secret validation complete"
2025-01-29 18:36:33,393 INFO c.h.h.t.OperatorHelmChartContainer - [K3S] [controllermanager.go:765] "Started controller" controller="ttl-controller"
2025-01-29 18:36:33,393 INFO c.h.h.t.OperatorHelmChartContainer - [K3S] [ttl_controller.go:127] "Starting TTL controller"
2025-01-29 18:36:33,546 INFO c.h.h.t.OperatorHelmChartContainer - [K3S] [range_allocator.go:112] "No Secondary Service CIDR provided. Skipping filtering out secondary service addresses"
2025-01-29 18:36:33,546 INFO c.h.h.t.OperatorHelmChartContainer - [K3S] [controllermanager.go:765] "Started controller" controller="node-ipam-controller"
2025-01-29 18:36:33,546 INFO c.h.h.t.OperatorHelmChartContainer - [K3S] [controllermanager.go:723] "Skipping a cloud provider controller" controller="service-lb-controller"
2025-01-29 18:36:33,546 INFO c.h.h.t.OperatorHelmChartContainer - [K3S] [controllermanager.go:743] "Warning: skipping controller" controller="storage-version-migrator-controller"
2025-01-29 18:36:33,546 INFO c.h.h.t.OperatorHelmChartContainer - [K3S] [node_ipam_controller.go:141] "Starting ipam controller"
2025-01-29 18:36:33,692 INFO c.h.h.t.OperatorHelmChartContainer - [K3S] [controllermanager.go:765] "Started controller" controller="replicationcontroller-controller"
2025-01-29 18:36:33,692 INFO c.h.h.t.OperatorHelmChartContainer - [K3S] [replica_set.go:217] "Starting controller" name="replicationcontroller"
2025-01-29 18:36:33,745 INFO c.h.h.t.OperatorHelmChartContainer - [K3S] [event.go:389] "Event occurred" object="kube-system/ccm" fieldPath="" kind="Addon" apiVersion="k3s.cattle.io/v1" type="Normal" reason="ApplyingManifest" message="Applying manifest at \"/var/lib/rancher/k3s/server/manifests/ccm.yaml\""
2025-01-29 18:36:33,763 INFO c.h.h.t.OperatorHelmChartContainer - [K3S] [event.go:389] "Event occurred" object="kube-system/ccm" fieldPath="" kind="Addon" apiVersion="k3s.cattle.io/v1" type="Normal" reason="AppliedManifest" message="Applied manifest at \"/var/lib/rancher/k3s/server/manifests/ccm.yaml\""
2025-01-29 18:36:33,771 INFO c.h.h.t.OperatorHelmChartContainer - [K3S] [event.go:389] "Event occurred" object="kube-system/coredns" fieldPath="" kind="Addon" apiVersion="k3s.cattle.io/v1" type="Normal" reason="ApplyingManifest" message="Applying manifest at \"/var/lib/rancher/k3s/server/manifests/coredns.yaml\""
2025-01-29 18:36:33,876 INFO c.h.h.t.OperatorHelmChartContainer - [K3S] [alloc.go:330] "allocated clusterIPs" service="kube-system/kube-dns" clusterIPs={"IPv4":"10.43.0.10"}
2025-01-29 18:36:33,877 INFO c.h.h.t.OperatorHelmChartContainer - [K3S] [event.go:389] "Event occurred" object="kube-system/coredns" fieldPath="" kind="Addon" apiVersion="k3s.cattle.io/v1" type="Normal" reason="AppliedManifest" message="Applied manifest at \"/var/lib/rancher/k3s/server/manifests/coredns.yaml\""
2025-01-29 18:36:33,884 INFO c.h.h.t.OperatorHelmChartContainer - [K3S] [event.go:389] "Event occurred" object="kube-system/local-storage" fieldPath="" kind="Addon" apiVersion="k3s.cattle.io/v1" type="Normal" reason="ApplyingManifest" message="Applying manifest at \"/var/lib/rancher/k3s/server/manifests/local-storage.yaml\""
2025-01-29 18:36:33,942 INFO c.h.h.t.OperatorHelmChartContainer - [K3S] [graph_builder.go:351] "Running" component="GraphBuilder"
2025-01-29 18:36:33,942 INFO c.h.h.t.OperatorHelmChartContainer - [K3S] [controllermanager.go:765] "Started controller" controller="garbage-collector-controller"
2025-01-29 18:36:33,978 INFO c.h.h.t.OperatorHelmChartContainer - [K3S] [event.go:389] "Event occurred" object="kube-system/local-storage" fieldPath="" kind="Addon" apiVersion="k3s.cattle.io/v1" type="Normal" reason="AppliedManifest" message="Applied manifest at \"/var/lib/rancher/k3s/server/manifests/local-storage.yaml\""
2025-01-29 18:36:33,983 INFO c.h.h.t.OperatorHelmChartContainer - [K3S] [event.go:389] "Event occurred" object="kube-system/aggregated-metrics-reader" fieldPath="" kind="Addon" apiVersion="k3s.cattle.io/v1" type="Normal" reason="ApplyingManifest" message="Applying manifest at \"/var/lib/rancher/k3s/server/manifests/metrics-server/aggregated-metrics-reader.yaml\""
2025-01-29 18:36:34,052 INFO c.h.h.t.OperatorHelmChartContainer - [K3S] [event.go:389] "Event occurred" object="kube-system/aggregated-metrics-reader" fieldPath="" kind="Addon" apiVersion="k3s.cattle.io/v1" type="Normal" reason="AppliedManifest" message="Applied manifest at \"/var/lib/rancher/k3s/server/manifests/metrics-server/aggregated-metrics-reader.yaml\""
2025-01-29 18:36:34,057 INFO c.h.h.t.OperatorHelmChartContainer - [K3S] [event.go:389] "Event occurred" object="kube-system/auth-delegator" fieldPath="" kind="Addon" apiVersion="k3s.cattle.io/v1" type="Normal" reason="ApplyingManifest" message="Applying manifest at \"/var/lib/rancher/k3s/server/manifests/metrics-server/auth-delegator.yaml\""
2025-01-29 18:36:34,063 INFO c.h.h.t.OperatorHelmChartContainer - [K3S] [event.go:389] "Event occurred" object="kube-system/auth-delegator" fieldPath="" kind="Addon" apiVersion="k3s.cattle.io/v1" type="Normal" reason="AppliedManifest" message="Applied manifest at \"/var/lib/rancher/k3s/server/manifests/metrics-server/auth-delegator.yaml\""
2025-01-29 18:36:34,068 INFO c.h.h.t.OperatorHelmChartContainer - [K3S] [event.go:389] "Event occurred" object="kube-system/auth-reader" fieldPath="" kind="Addon" apiVersion="k3s.cattle.io/v1" type="Normal" reason="ApplyingManifest" message="Applying manifest at \"/var/lib/rancher/k3s/server/manifests/metrics-server/auth-reader.yaml\""
2025-01-29 18:36:34,073 INFO c.h.h.t.OperatorHelmChartContainer - [K3S] [event.go:389] "Event occurred" object="kube-system/auth-reader" fieldPath="" kind="Addon" apiVersion="k3s.cattle.io/v1" type="Normal" reason="AppliedManifest" message="Applied manifest at \"/var/lib/rancher/k3s/server/manifests/metrics-server/auth-reader.yaml\""
2025-01-29 18:36:34,079 INFO c.h.h.t.OperatorHelmChartContainer - [K3S] [event.go:389] "Event occurred" object="kube-system/metrics-apiservice" fieldPath="" kind="Addon" apiVersion="k3s.cattle.io/v1" type="Normal" reason="ApplyingManifest" message="Applying manifest at \"/var/lib/rancher/k3s/server/manifests/metrics-server/metrics-apiservice.yaml\""
2025-01-29 18:36:34,085 INFO c.h.h.t.OperatorHelmChartContainer - [K3S] [event.go:389] "Event occurred" object="kube-system/metrics-apiservice" fieldPath="" kind="Addon" apiVersion="k3s.cattle.io/v1" type="Normal" reason="AppliedManifest" message="Applied manifest at \"/var/lib/rancher/k3s/server/manifests/metrics-server/metrics-apiservice.yaml\""
2025-01-29 18:36:34,088 INFO c.h.h.t.OperatorHelmChartContainer - [K3S] [handler_proxy.go:99] no RequestInfo found in the context
2025-01-29 18:36:34,088 INFO c.h.h.t.OperatorHelmChartContainer - [K3S] [controller.go:146] "Unhandled Error" err=<
2025-01-29 18:36:34,089 INFO c.h.h.t.OperatorHelmChartContainer - [K3S] 	, Header: map[Content-Type:[text/plain; charset=utf-8] X-Content-Type-Options:[nosniff]]
2025-01-29 18:36:34,089 INFO c.h.h.t.OperatorHelmChartContainer - [K3S]  >
2025-01-29 18:36:34,090 INFO c.h.h.t.OperatorHelmChartContainer - [K3S] [handler_proxy.go:143] error resolving kube-system/metrics-server: service "metrics-server" not found
2025-01-29 18:36:34,092 INFO c.h.h.t.OperatorHelmChartContainer - [K3S] [event.go:389] "Event occurred" object="kube-system/metrics-server-deployment" fieldPath="" kind="Addon" apiVersion="k3s.cattle.io/v1" type="Normal" reason="ApplyingManifest" message="Applying manifest at \"/var/lib/rancher/k3s/server/manifests/metrics-server/metrics-server-deployment.yaml\""
2025-01-29 18:36:34,102 INFO c.h.h.t.OperatorHelmChartContainer - [K3S] [event.go:389] "Event occurred" object="kube-system/metrics-server-deployment" fieldPath="" kind="Addon" apiVersion="k3s.cattle.io/v1" type="Normal" reason="AppliedManifest" message="Applied manifest at \"/var/lib/rancher/k3s/server/manifests/metrics-server/metrics-server-deployment.yaml\""
2025-01-29 18:36:34,108 INFO c.h.h.t.OperatorHelmChartContainer - [K3S] [event.go:389] "Event occurred" object="kube-system/metrics-server-service" fieldPath="" kind="Addon" apiVersion="k3s.cattle.io/v1" type="Normal" reason="ApplyingManifest" message="Applying manifest at \"/var/lib/rancher/k3s/server/manifests/metrics-server/metrics-server-service.yaml\""
2025-01-29 18:36:34,114 INFO c.h.h.t.OperatorHelmChartContainer - [K3S] [alloc.go:330] "allocated clusterIPs" service="kube-system/metrics-server" clusterIPs={"IPv4":"10.43.226.170"}
2025-01-29 18:36:34,117 INFO c.h.h.t.OperatorHelmChartContainer - [K3S] [event.go:389] "Event occurred" object="kube-system/metrics-server-service" fieldPath="" kind="Addon" apiVersion="k3s.cattle.io/v1" type="Normal" reason="AppliedManifest" message="Applied manifest at \"/var/lib/rancher/k3s/server/manifests/metrics-server/metrics-server-service.yaml\""
2025-01-29 18:36:34,121 INFO c.h.h.t.OperatorHelmChartContainer - [K3S] [handler_proxy.go:99] no RequestInfo found in the context
2025-01-29 18:36:34,121 INFO c.h.h.t.OperatorHelmChartContainer - [K3S] [controller.go:146] "Unhandled Error" err=<
2025-01-29 18:36:34,121 INFO c.h.h.t.OperatorHelmChartContainer - [K3S] 	, Header: map[Content-Type:[text/plain; charset=utf-8] X-Content-Type-Options:[nosniff]]
2025-01-29 18:36:34,121 INFO c.h.h.t.OperatorHelmChartContainer - [K3S]  >
2025-01-29 18:36:34,122 INFO c.h.h.t.OperatorHelmChartContainer - [K3S] [handler_proxy.go:143] error resolving kube-system/metrics-server: endpoints "metrics-server" not found
2025-01-29 18:36:34,126 INFO c.h.h.t.OperatorHelmChartContainer - [K3S] [event.go:389] "Event occurred" object="kube-system/resource-reader" fieldPath="" kind="Addon" apiVersion="k3s.cattle.io/v1" type="Normal" reason="ApplyingManifest" message="Applying manifest at \"/var/lib/rancher/k3s/server/manifests/metrics-server/resource-reader.yaml\""
2025-01-29 18:36:34,178 INFO c.h.h.t.OperatorHelmChartContainer - [K3S] [event.go:389] "Event occurred" object="kube-system/resource-reader" fieldPath="" kind="Addon" apiVersion="k3s.cattle.io/v1" type="Normal" reason="AppliedManifest" message="Applied manifest at \"/var/lib/rancher/k3s/server/manifests/metrics-server/resource-reader.yaml\""
2025-01-29 18:36:34,186 INFO c.h.h.t.OperatorHelmChartContainer - [K3S] [event.go:389] "Event occurred" object="kube-system/rolebindings" fieldPath="" kind="Addon" apiVersion="k3s.cattle.io/v1" type="Normal" reason="ApplyingManifest" message="Applying manifest at \"/var/lib/rancher/k3s/server/manifests/rolebindings.yaml\""
2025-01-29 18:36:34,196 INFO c.h.h.t.OperatorHelmChartContainer - [K3S] [controllermanager.go:765] "Started controller" controller="ttl-after-finished-controller"
2025-01-29 18:36:34,196 INFO c.h.h.t.OperatorHelmChartContainer - [K3S] [controllermanager.go:717] "Controller is disabled by a feature gate" controller="service-cidr-controller" requiredFeatureGates=["MultiCIDRServiceAllocator"]
2025-01-29 18:36:34,196 INFO c.h.h.t.OperatorHelmChartContainer - [K3S] [ttlafterfinished_controller.go:112] "Starting TTL after finished controller"
2025-01-29 18:36:34,242 INFO c.h.h.t.OperatorHelmChartContainer - [K3S] [node_lifecycle_controller.go:432] "Controller will reconcile labels"
2025-01-29 18:36:34,242 INFO c.h.h.t.OperatorHelmChartContainer - [K3S] [controllermanager.go:765] "Started controller" controller="node-lifecycle-controller"
2025-01-29 18:36:34,242 INFO c.h.h.t.OperatorHelmChartContainer - [K3S] [node_lifecycle_controller.go:466] "Sending events to api server"
2025-01-29 18:36:34,242 INFO c.h.h.t.OperatorHelmChartContainer - [K3S] [node_lifecycle_controller.go:477] "Starting node controller"
2025-01-29 18:36:34,289 INFO c.h.h.t.OperatorHelmChartContainer - [K3S] [event.go:389] "Event occurred" object="kube-system/rolebindings" fieldPath="" kind="Addon" apiVersion="k3s.cattle.io/v1" type="Normal" reason="AppliedManifest" message="Applied manifest at \"/var/lib/rancher/k3s/server/manifests/rolebindings.yaml\""
2025-01-29 18:36:34,296 INFO c.h.h.t.OperatorHelmChartContainer - [K3S] [event.go:389] "Event occurred" object="kube-system/runtimes" fieldPath="" kind="Addon" apiVersion="k3s.cattle.io/v1" type="Normal" reason="ApplyingManifest" message="Applying manifest at \"/var/lib/rancher/k3s/server/manifests/runtimes.yaml\""
2025-01-29 18:36:34,320 INFO c.h.h.t.OperatorHelmChartContainer - [K3S] [event.go:389] "Event occurred" object="kube-system/runtimes" fieldPath="" kind="Addon" apiVersion="k3s.cattle.io/v1" type="Normal" reason="AppliedManifest" message="Applied manifest at \"/var/lib/rancher/k3s/server/manifests/runtimes.yaml\""
2025-01-29 18:36:34,392 INFO c.h.h.t.OperatorHelmChartContainer - [K3S] [controllermanager.go:765] "Started controller" controller="persistentvolumeclaim-protection-controller"
2025-01-29 18:36:34,392 INFO c.h.h.t.OperatorHelmChartContainer - [K3S] [pvc_protection_controller.go:168] "Starting PVC protection controller"
2025-01-29 18:36:34,543 INFO c.h.h.t.OperatorHelmChartContainer - [K3S] [controllermanager.go:765] "Started controller" controller="ephemeral-volume-controller"
2025-01-29 18:36:34,543 INFO c.h.h.t.OperatorHelmChartContainer - [K3S] [controllermanager.go:717] "Controller is disabled by a feature gate" controller="selinux-warning-controller" requiredFeatureGates=["SELinuxChangePolicy"]
2025-01-29 18:36:34,543 INFO c.h.h.t.OperatorHelmChartContainer - [K3S] [controller.go:173] "Starting ephemeral volume controller"
2025-01-29 18:36:34,692 INFO c.h.h.t.OperatorHelmChartContainer - [K3S] [serving.go:392] Generated self-signed cert in-memory
2025-01-29 18:36:34,692 INFO c.h.h.t.OperatorHelmChartContainer - [K3S] [controllermanager.go:765] "Started controller" controller="endpoints-controller"
2025-01-29 18:36:34,692 INFO c.h.h.t.OperatorHelmChartContainer - [K3S] [endpoints_controller.go:182] "Starting endpoint controller"
2025-01-29 18:36:34,755 INFO c.h.h.t.OperatorHelmChartContainer - [K3S] [INFO] Tunnel authorizer set Kubelet Port 0.0.0.0:10250
2025-01-29 18:36:34,850 INFO c.h.h.t.OperatorHelmChartContainer - [K3S] [controllermanager.go:765] "Started controller" controller="endpointslice-controller"
2025-01-29 18:36:34,850 INFO c.h.h.t.OperatorHelmChartContainer - [K3S] [endpointslice_controller.go:281] "Starting endpoint slice controller"
2025-01-29 18:36:34,962 INFO c.h.h.t.OperatorHelmChartContainer - [K3S] [serving.go:392] Generated self-signed cert in-memory
2025-01-29 18:36:34,993 INFO c.h.h.t.OperatorHelmChartContainer - [K3S] [controllermanager.go:765] "Started controller" controller="job-controller"
2025-01-29 18:36:34,993 INFO c.h.h.t.OperatorHelmChartContainer - [K3S] [job_controller.go:243] "Starting job controller"
2025-01-29 18:36:35,085 INFO c.h.h.t.OperatorHelmChartContainer - [K3S] [handler_proxy.go:99] no RequestInfo found in the context
2025-01-29 18:36:35,086 INFO c.h.h.t.OperatorHelmChartContainer - [K3S] [handler_proxy.go:99] no RequestInfo found in the context
2025-01-29 18:36:35,086 INFO c.h.h.t.OperatorHelmChartContainer - [K3S] [controller.go:102] "Unhandled Error" err=<
2025-01-29 18:36:35,086 INFO c.h.h.t.OperatorHelmChartContainer - [K3S] 	, Header: map[Content-Type:[text/plain; charset=utf-8] X-Content-Type-Options:[nosniff]]
2025-01-29 18:36:35,086 INFO c.h.h.t.OperatorHelmChartContainer - [K3S]  >
2025-01-29 18:36:35,292 INFO c.h.h.t.OperatorHelmChartContainer - [K3S] [controllermanager.go:765] "Started controller" controller="horizontal-pod-autoscaler-controller"
2025-01-29 18:36:35,292 INFO c.h.h.t.OperatorHelmChartContainer - [K3S] [horizontal.go:201] "Starting HPA controller"
2025-01-29 18:36:35,316 INFO c.h.h.t.OperatorHelmChartContainer - [K3S] [actual_state_of_world.go:541] "Failed to update statusUpdateNeeded field in actual state of world" err="Failed to set statusUpdateNeeded to needed true, because nodeName=\"f24e59ddbf70\" does not exist"
2025-01-29 18:36:35,340 INFO c.h.h.t.OperatorHelmChartContainer - [K3S] [controllermanager.go:160] Version: v1.32.1+k3s1
2025-01-29 18:36:35,343 INFO c.h.h.t.OperatorHelmChartContainer - [K3S] [requestheader_controller.go:180] Starting RequestHeaderAuthRequestController
2025-01-29 18:36:35,343 INFO c.h.h.t.OperatorHelmChartContainer - [K3S] [configmap_cafile_content.go:205] "Starting controller" name="client-ca::kube-system::extension-apiserver-authentication::client-ca-file"
2025-01-29 18:36:35,343 INFO c.h.h.t.OperatorHelmChartContainer - [K3S] [configmap_cafile_content.go:205] "Starting controller" name="client-ca::kube-system::extension-apiserver-authentication::requestheader-client-ca-file"
2025-01-29 18:36:35,343 INFO c.h.h.t.OperatorHelmChartContainer - [K3S] [secure_serving.go:213] Serving securely on 127.0.0.1:10258
2025-01-29 18:36:35,344 INFO c.h.h.t.OperatorHelmChartContainer - [K3S] [tlsconfig.go:243] "Starting DynamicServingCertificateController"
2025-01-29 18:36:35,348 INFO c.h.h.t.OperatorHelmChartContainer - [K3S] [range_allocator.go:177] "Sending events to api server"
2025-01-29 18:36:35,348 INFO c.h.h.t.OperatorHelmChartContainer - [K3S] [range_allocator.go:183] "Starting range CIDR allocator"
2025-01-29 18:36:35,350 INFO c.h.h.t.OperatorHelmChartContainer - [K3S] [INFO] Creating service-lb-controller event broadcaster
2025-01-29 18:36:35,352 INFO c.h.h.t.OperatorHelmChartContainer - [K3S] [range_allocator.go:428] "Set node PodCIDR" node="f24e59ddbf70" podCIDRs=["10.42.0.0/24"]
2025-01-29 18:36:35,353 INFO c.h.h.t.OperatorHelmChartContainer - [K3S] [range_allocator.go:247] "Successfully synced" key="f24e59ddbf70"
2025-01-29 18:36:35,353 INFO c.h.h.t.OperatorHelmChartContainer - [K3S] [range_allocator.go:247] "Successfully synced" key="f24e59ddbf70"
2025-01-29 18:36:35,353 INFO c.h.h.t.OperatorHelmChartContainer - [K3S] [INFO] Flannel found PodCIDR assigned for node f24e59ddbf70
2025-01-29 18:36:35,354 INFO c.h.h.t.OperatorHelmChartContainer - [K3S] [INFO] The interface eth0 with ipv4 address 172.17.0.3 will be used by flannel
2025-01-29 18:36:35,357 INFO c.h.h.t.OperatorHelmChartContainer - [K3S] [kube.go:139] Waiting 10m0s for node controller to sync
2025-01-29 18:36:35,357 INFO c.h.h.t.OperatorHelmChartContainer - [K3S] [kube.go:469] Starting kube subnet manager
2025-01-29 18:36:35,359 INFO c.h.h.t.OperatorHelmChartContainer - [K3S] [INFO] Updated coredns NodeHosts entry for f24e59ddbf70
2025-01-29 18:36:35,375 INFO c.h.h.t.OperatorHelmChartContainer - [K3S] [INFO] Network policy controller waiting for removal of node.cloudprovider.kubernetes.io/uninitialized taint
2025-01-29 18:36:35,443 INFO c.h.h.t.OperatorHelmChartContainer - [K3S] [node_lifecycle_controller.go:1234] "Initializing eviction metric for zone" zone=""
2025-01-29 18:36:35,444 INFO c.h.h.t.OperatorHelmChartContainer - [K3S] [node_lifecycle_controller.go:886] "Missing timestamp for Node. Assuming now as a timestamp" node="f24e59ddbf70"
2025-01-29 18:36:35,444 INFO c.h.h.t.OperatorHelmChartContainer - [K3S] [node_lifecycle_controller.go:1080] "Controller detected that zone is now in new state" zone="" newState="Normal"
2025-01-29 18:36:35,449 INFO c.h.h.t.OperatorHelmChartContainer - [K3S] [range_allocator.go:247] "Successfully synced" key="f24e59ddbf70"
2025-01-29 18:36:35,472 INFO c.h.h.t.OperatorHelmChartContainer - [K3S] [INFO] Starting /v1, Kind=Node controller
2025-01-29 18:36:35,475 INFO c.h.h.t.OperatorHelmChartContainer - [K3S] [INFO] Starting /v1, Kind=Pod controller
2025-01-29 18:36:35,477 INFO c.h.h.t.OperatorHelmChartContainer - [K3S] [INFO] Starting apps/v1, Kind=DaemonSet controller
2025-01-29 18:36:35,480 INFO c.h.h.t.OperatorHelmChartContainer - [K3S] [INFO] Starting discovery.k8s.io/v1, Kind=EndpointSlice controller
2025-01-29 18:36:35,481 INFO c.h.h.t.OperatorHelmChartContainer - [K3S] [controllermanager.go:329] Started "cloud-node-lifecycle-controller"
2025-01-29 18:36:35,481 INFO c.h.h.t.OperatorHelmChartContainer - [K3S] [node_lifecycle_controller.go:112] Sending events to api server
2025-01-29 18:36:35,481 INFO c.h.h.t.OperatorHelmChartContainer - [K3S] [controllermanager.go:329] Started "service-lb-controller"
2025-01-29 18:36:35,481 INFO c.h.h.t.OperatorHelmChartContainer - [K3S] [controllermanager.go:306] "node-route-controller" is disabled
2025-01-29 18:36:35,481 INFO c.h.h.t.OperatorHelmChartContainer - [K3S] [controller.go:234] Starting service controller
2025-01-29 18:36:35,482 INFO c.h.h.t.OperatorHelmChartContainer - [K3S] [controllermanager.go:329] Started "cloud-node-controller"
2025-01-29 18:36:35,482 INFO c.h.h.t.OperatorHelmChartContainer - [K3S] [node_controller.go:176] Sending events to api server.
2025-01-29 18:36:35,482 INFO c.h.h.t.OperatorHelmChartContainer - [K3S] [node_controller.go:185] Waiting for informer caches to sync
2025-01-29 18:36:35,582 INFO c.h.h.t.OperatorHelmChartContainer - [K3S] [node_controller.go:429] Initializing node f24e59ddbf70 with cloud provider
2025-01-29 18:36:35,585 INFO c.h.h.t.OperatorHelmChartContainer - [K3S] [node_controller.go:474] Successfully initialized node f24e59ddbf70 with cloud provider
2025-01-29 18:36:35,585 INFO c.h.h.t.OperatorHelmChartContainer - [K3S] [event.go:389] "Event occurred" object="f24e59ddbf70" fieldPath="" kind="Node" apiVersion="v1" type="Normal" reason="Synced" message="Node synced successfully"
2025-01-29 18:36:35,586 INFO c.h.h.t.OperatorHelmChartContainer - [K3S] [range_allocator.go:247] "Successfully synced" key="f24e59ddbf70"
2025-01-29 18:36:35,755 INFO c.h.h.t.OperatorHelmChartContainer - [K3S] [INFO] Started tunnel to 172.17.0.3:6443
2025-01-29 18:36:35,755 INFO c.h.h.t.OperatorHelmChartContainer - [K3S] [INFO] Stopped tunnel to 127.0.0.1:6443
2025-01-29 18:36:35,755 INFO c.h.h.t.OperatorHelmChartContainer - [K3S] [INFO] Connecting to proxy" url="wss://172.17.0.3:6443/v1-k3s/connect
2025-01-29 18:36:35,755 INFO c.h.h.t.OperatorHelmChartContainer - [K3S] [INFO] Proxy done" err="context canceled" url="wss://127.0.0.1:6443/v1-k3s/connect
2025-01-29 18:36:35,755 INFO c.h.h.t.OperatorHelmChartContainer - [K3S] [INFO] error in remotedialer server [400]: websocket: close 1006 (abnormal closure): unexpected EOF
2025-01-29 18:36:35,757 INFO c.h.h.t.OperatorHelmChartContainer - [K3S] [INFO] Handling backend connection request [f24e59ddbf70]
2025-01-29 18:36:35,757 INFO c.h.h.t.OperatorHelmChartContainer - [K3S] [INFO] Remotedialer connected to proxy" url="wss://172.17.0.3:6443/v1-k3s/connect
2025-01-29 18:36:35,777 INFO c.h.h.t.OperatorHelmChartContainer - [K3S] [serving.go:392] Generated self-signed cert in-memory
2025-01-29 18:36:35,904 INFO c.h.h.t.OperatorHelmChartContainer - [K3S] [range_allocator.go:247] "Successfully synced" key="f24e59ddbf70"
2025-01-29 18:36:35,980 INFO c.h.h.t.OperatorHelmChartContainer - [K3S] [server.go:164] "Starting Kubernetes Scheduler" version="v1.32.1+k3s1"
2025-01-29 18:36:35,980 INFO c.h.h.t.OperatorHelmChartContainer - [K3S] [server.go:166] "Golang settings" GOGC="" GOMAXPROCS="" GOTRACEBACK=""
2025-01-29 18:36:35,982 INFO c.h.h.t.OperatorHelmChartContainer - [K3S] [secure_serving.go:213] Serving securely on 127.0.0.1:10259
2025-01-29 18:36:35,982 INFO c.h.h.t.OperatorHelmChartContainer - [K3S] [requestheader_controller.go:180] Starting RequestHeaderAuthRequestController
2025-01-29 18:36:35,982 INFO c.h.h.t.OperatorHelmChartContainer - [K3S] [tlsconfig.go:243] "Starting DynamicServingCertificateController"
2025-01-29 18:36:35,986 INFO c.h.h.t.OperatorHelmChartContainer - [K3S] [configmap_cafile_content.go:205] "Starting controller" name="client-ca::kube-system::extension-apiserver-authentication::client-ca-file"
2025-01-29 18:36:35,986 INFO c.h.h.t.OperatorHelmChartContainer - [K3S] [configmap_cafile_content.go:205] "Starting controller" name="client-ca::kube-system::extension-apiserver-authentication::requestheader-client-ca-file"
2025-01-29 18:36:36,099 INFO c.h.h.t.OperatorHelmChartContainer - [K3S] [handler_proxy.go:99] no RequestInfo found in the context
2025-01-29 18:36:36,099 INFO c.h.h.t.OperatorHelmChartContainer - [K3S] [controller.go:146] "Unhandled Error" err=<
2025-01-29 18:36:36,099 INFO c.h.h.t.OperatorHelmChartContainer - [K3S] 	, Header: map[Content-Type:[text/plain; charset=utf-8] X-Content-Type-Options:[nosniff]]
2025-01-29 18:36:36,099 INFO c.h.h.t.OperatorHelmChartContainer - [K3S]  >
2025-01-29 18:36:36,100 INFO c.h.h.t.OperatorHelmChartContainer - [K3S] [handler_proxy.go:143] error resolving kube-system/metrics-server: no endpoints available for service "metrics-server"
2025-01-29 18:36:36,207 INFO c.h.h.t.OperatorHelmChartContainer - [K3S] [replica_set.go:679] "Finished syncing" kind="ReplicaSet" key="kube-system/local-path-provisioner-698b58967b" duration="255.755223ms"
2025-01-29 18:36:36,219 INFO c.h.h.t.OperatorHelmChartContainer - [K3S] [reconciler_common.go:251] "operationExecutor.VerifyControllerAttachedVolume started for volume \"tmp-dir\" (UniqueName: \"kubernetes.io/empty-dir/147be630-26a7-47c0-b278-58ed2a8c2677-tmp-dir\") pod \"metrics-server-8584b5786c-5lx92\" (UID: \"147be630-26a7-47c0-b278-58ed2a8c2677\") " pod="kube-system/metrics-server-8584b5786c-5lx92"
2025-01-29 18:36:36,219 INFO c.h.h.t.OperatorHelmChartContainer - [K3S] [reconciler_common.go:251] "operationExecutor.VerifyControllerAttachedVolume started for volume \"kube-api-access-cwfgl\" (UniqueName: \"kubernetes.io/projected/147be630-26a7-47c0-b278-58ed2a8c2677-kube-api-access-cwfgl\") pod \"metrics-server-8584b5786c-5lx92\" (UID: \"147be630-26a7-47c0-b278-58ed2a8c2677\") " pod="kube-system/metrics-server-8584b5786c-5lx92"
2025-01-29 18:36:36,219 INFO c.h.h.t.OperatorHelmChartContainer - [K3S] [reconciler_common.go:251] "operationExecutor.VerifyControllerAttachedVolume started for volume \"config-volume\" (UniqueName: \"kubernetes.io/configmap/5f8a3cc5-d0c1-4bcb-9ae5-6c5e058985e9-config-volume\") pod \"local-path-provisioner-698b58967b-jp2ps\" (UID: \"5f8a3cc5-d0c1-4bcb-9ae5-6c5e058985e9\") " pod="kube-system/local-path-provisioner-698b58967b-jp2ps"
2025-01-29 18:36:36,219 INFO c.h.h.t.OperatorHelmChartContainer - [K3S] [reconciler_common.go:251] "operationExecutor.VerifyControllerAttachedVolume started for volume \"kube-api-access-ltfqh\" (UniqueName: \"kubernetes.io/projected/5f8a3cc5-d0c1-4bcb-9ae5-6c5e058985e9-kube-api-access-ltfqh\") pod \"local-path-provisioner-698b58967b-jp2ps\" (UID: \"5f8a3cc5-d0c1-4bcb-9ae5-6c5e058985e9\") " pod="kube-system/local-path-provisioner-698b58967b-jp2ps"
2025-01-29 18:36:36,219 INFO c.h.h.t.OperatorHelmChartContainer - [K3S] [reconciler_common.go:251] "operationExecutor.VerifyControllerAttachedVolume started for volume \"config-volume\" (UniqueName: \"kubernetes.io/configmap/58881d2d-2b28-4880-9309-c7be737dd9db-config-volume\") pod \"coredns-ff8999cc5-lftmv\" (UID: \"58881d2d-2b28-4880-9309-c7be737dd9db\") " pod="kube-system/coredns-ff8999cc5-lftmv"
2025-01-29 18:36:36,219 INFO c.h.h.t.OperatorHelmChartContainer - [K3S] [reconciler_common.go:251] "operationExecutor.VerifyControllerAttachedVolume started for volume \"custom-config-volume\" (UniqueName: \"kubernetes.io/configmap/58881d2d-2b28-4880-9309-c7be737dd9db-custom-config-volume\") pod \"coredns-ff8999cc5-lftmv\" (UID: \"58881d2d-2b28-4880-9309-c7be737dd9db\") " pod="kube-system/coredns-ff8999cc5-lftmv"
2025-01-29 18:36:36,219 INFO c.h.h.t.OperatorHelmChartContainer - [K3S] [reconciler_common.go:251] "operationExecutor.VerifyControllerAttachedVolume started for volume \"kube-api-access-tbj22\" (UniqueName: \"kubernetes.io/projected/58881d2d-2b28-4880-9309-c7be737dd9db-kube-api-access-tbj22\") pod \"coredns-ff8999cc5-lftmv\" (UID: \"58881d2d-2b28-4880-9309-c7be737dd9db\") " pod="kube-system/coredns-ff8999cc5-lftmv"
2025-01-29 18:36:36,221 INFO c.h.h.t.OperatorHelmChartContainer - [K3S] [replica_set.go:679] "Finished syncing" kind="ReplicaSet" key="kube-system/local-path-provisioner-698b58967b" duration="14.873727ms"
2025-01-29 18:36:36,222 INFO c.h.h.t.OperatorHelmChartContainer - [K3S] [replica_set.go:679] "Finished syncing" kind="ReplicaSet" key="kube-system/coredns-ff8999cc5" duration="270.68254ms"
2025-01-29 18:36:36,222 INFO c.h.h.t.OperatorHelmChartContainer - [K3S] [reflector.go:569] object-"kube-system"/"local-path-config": failed to list *v1.ConfigMap: configmaps "local-path-config" is forbidden: User "system:node:f24e59ddbf70" cannot list resource "configmaps" in API group "" in the namespace "kube-system": no relationship found between node 'f24e59ddbf70' and this object
2025-01-29 18:36:36,222 INFO c.h.h.t.OperatorHelmChartContainer - [K3S] [reflector.go:166] "Unhandled Error" err="object-\"kube-system\"/\"local-path-config\": Failed to watch *v1.ConfigMap: failed to list *v1.ConfigMap: configmaps \"local-path-config\" is forbidden: User \"system:node:f24e59ddbf70\" cannot list resource \"configmaps\" in API group \"\" in the namespace \"kube-system\": no relationship found between node 'f24e59ddbf70' and this object"
2025-01-29 18:36:36,222 INFO c.h.h.t.OperatorHelmChartContainer - [K3S] [reflector.go:569] object-"kube-system"/"coredns": failed to list *v1.ConfigMap: configmaps "coredns" is forbidden: User "system:node:f24e59ddbf70" cannot list resource "configmaps" in API group "" in the namespace "kube-system": no relationship found between node 'f24e59ddbf70' and this object
2025-01-29 18:36:36,222 INFO c.h.h.t.OperatorHelmChartContainer - [K3S] [reflector.go:166] "Unhandled Error" err="object-\"kube-system\"/\"coredns\": Failed to watch *v1.ConfigMap: failed to list *v1.ConfigMap: configmaps \"coredns\" is forbidden: User \"system:node:f24e59ddbf70\" cannot list resource \"configmaps\" in API group \"\" in the namespace \"kube-system\": no relationship found between node 'f24e59ddbf70' and this object"
2025-01-29 18:36:36,222 INFO c.h.h.t.OperatorHelmChartContainer - [K3S] [reflector.go:569] object-"kube-system"/"coredns-custom": failed to list *v1.ConfigMap: configmaps "coredns-custom" is forbidden: User "system:node:f24e59ddbf70" cannot list resource "configmaps" in API group "" in the namespace "kube-system": no relationship found between node 'f24e59ddbf70' and this object
2025-01-29 18:36:36,222 INFO c.h.h.t.OperatorHelmChartContainer - [K3S] [reflector.go:166] "Unhandled Error" err="object-\"kube-system\"/\"coredns-custom\": Failed to watch *v1.ConfigMap: failed to list *v1.ConfigMap: configmaps \"coredns-custom\" is forbidden: User \"system:node:f24e59ddbf70\" cannot list resource \"configmaps\" in API group \"\" in the namespace \"kube-system\": no relationship found between node 'f24e59ddbf70' and this object"
2025-01-29 18:36:36,223 INFO c.h.h.t.OperatorHelmChartContainer - [K3S] [replica_set.go:679] "Finished syncing" kind="ReplicaSet" key="kube-system/metrics-server-8584b5786c" duration="266.777442ms"
2025-01-29 18:36:36,230 INFO c.h.h.t.OperatorHelmChartContainer - [K3S] [replica_set.go:679] "Finished syncing" kind="ReplicaSet" key="kube-system/metrics-server-8584b5786c" duration="7.54145ms"
2025-01-29 18:36:36,231 INFO c.h.h.t.OperatorHelmChartContainer - [K3S] [replica_set.go:679] "Finished syncing" kind="ReplicaSet" key="kube-system/metrics-server-8584b5786c" duration="44.383µs"
2025-01-29 18:36:36,237 INFO c.h.h.t.OperatorHelmChartContainer - [K3S] [replica_set.go:679] "Finished syncing" kind="ReplicaSet" key="kube-system/coredns-ff8999cc5" duration="13.391534ms"
2025-01-29 18:36:36,248 INFO c.h.h.t.OperatorHelmChartContainer - [K3S] [replica_set.go:679] "Finished syncing" kind="ReplicaSet" key="kube-system/coredns-ff8999cc5" duration="29.184µs"
2025-01-29 18:36:36,248 INFO c.h.h.t.OperatorHelmChartContainer - [K3S] [replica_set.go:679] "Finished syncing" kind="ReplicaSet" key="kube-system/metrics-server-8584b5786c" duration="25.358µs"
2025-01-29 18:36:36,249 INFO c.h.h.t.OperatorHelmChartContainer - [K3S] [replica_set.go:679] "Finished syncing" kind="ReplicaSet" key="kube-system/local-path-provisioner-698b58967b" duration="28.210004ms"
2025-01-29 18:36:36,249 INFO c.h.h.t.OperatorHelmChartContainer - [K3S] [replica_set.go:679] "Finished syncing" kind="ReplicaSet" key="kube-system/local-path-provisioner-698b58967b" duration="28.153µs"
2025-01-29 18:36:36,252 INFO c.h.h.t.OperatorHelmChartContainer - [K3S] [replica_set.go:679] "Finished syncing" kind="ReplicaSet" key="kube-system/local-path-provisioner-698b58967b" duration="22.352µs"
2025-01-29 18:36:36,259 INFO c.h.h.t.OperatorHelmChartContainer - [K3S] [replica_set.go:679] "Finished syncing" kind="ReplicaSet" key="kube-system/coredns-ff8999cc5" duration="32.982µs"
2025-01-29 18:36:36,356 INFO c.h.h.t.OperatorHelmChartContainer - [K3S] [kube.go:146] Node controller sync successful
2025-01-29 18:36:36,357 INFO c.h.h.t.OperatorHelmChartContainer - [K3S] [vxlan.go:141] VXLAN config: VNI=1 Port=0 GBP=false Learning=false DirectRouting=false
2025-01-29 18:36:36,358 INFO c.h.h.t.OperatorHelmChartContainer - [K3S] [kube.go:636] List of node(f24e59ddbf70) annotations: map[string]string{"alpha.kubernetes.io/provided-node-ip":"172.17.0.3", "k3s.io/hostname":"f24e59ddbf70", "k3s.io/internal-ip":"172.17.0.3", "k3s.io/node-args":"[\"server\",\"--disable\",\"traefik\",\"--tls-san\",\"localhost\"]", "k3s.io/node-config-hash":"JO7YSLDHXFTIIPZLLVI7GVGPULZK5EY6PYXUBKR6RNNG4QMX5FBQ====", "k3s.io/node-env":"{}", "node.alpha.kubernetes.io/ttl":"0", "volumes.kubernetes.io/controller-managed-attach-detach":"true"}
2025-01-29 18:36:36,365 INFO c.h.h.t.OperatorHelmChartContainer - [K3S] [kube.go:490] Creating the node lease for IPv4. This is the n.Spec.PodCIDRs: [10.42.0.0/24]
2025-01-29 18:36:36,365 INFO c.h.h.t.OperatorHelmChartContainer - [K3S] [range_allocator.go:247] "Successfully synced" key="f24e59ddbf70"
2025-01-29 18:36:36,365 INFO c.h.h.t.OperatorHelmChartContainer - [K3S] [iptables.go:51] Starting flannel in iptables mode...
2025-01-29 18:36:36,365 INFO c.h.h.t.OperatorHelmChartContainer - [K3S] [WARNING] no subnet found for key: FLANNEL_NETWORK in file: /run/flannel/subnet.env
2025-01-29 18:36:36,365 INFO c.h.h.t.OperatorHelmChartContainer - [K3S] [WARNING] no subnet found for key: FLANNEL_SUBNET in file: /run/flannel/subnet.env
2025-01-29 18:36:36,366 INFO c.h.h.t.OperatorHelmChartContainer - [K3S] [WARNING] no subnet found for key: FLANNEL_IPV6_NETWORK in file: /run/flannel/subnet.env
2025-01-29 18:36:36,366 INFO c.h.h.t.OperatorHelmChartContainer - [K3S] [WARNING] no subnet found for key: FLANNEL_IPV6_SUBNET in file: /run/flannel/subnet.env
2025-01-29 18:36:36,366 INFO c.h.h.t.OperatorHelmChartContainer - [K3S] [iptables.go:115] Current network or subnet (10.42.0.0/16, 10.42.0.0/24) is not equal to previous one (0.0.0.0/0, 0.0.0.0/0), trying to recycle old iptables rules
2025-01-29 18:36:36,373 INFO c.h.h.t.OperatorHelmChartContainer - [K3S] [iptables.go:125] Setting up masking rules
2025-01-29 18:36:36,375 INFO c.h.h.t.OperatorHelmChartContainer - [K3S] [iptables.go:226] Changing default FORWARD chain policy to ACCEPT
2025-01-29 18:36:36,377 INFO c.h.h.t.OperatorHelmChartContainer - [K3S] [INFO] Wrote flannel subnet file to /run/flannel/subnet.env
2025-01-29 18:36:36,377 INFO c.h.h.t.OperatorHelmChartContainer - [K3S] [INFO] Running flannel backend.
2025-01-29 18:36:36,377 INFO c.h.h.t.OperatorHelmChartContainer - [K3S] [vxlan_network.go:65] watching for new subnet leases
2025-01-29 18:36:36,385 INFO c.h.h.t.OperatorHelmChartContainer - [K3S] [iptables.go:372] bootstrap done
2025-01-29 18:36:36,392 INFO c.h.h.t.OperatorHelmChartContainer - [K3S] [iptables.go:372] bootstrap done
2025-01-29 18:36:37,102 INFO c.h.h.t.OperatorHelmChartContainer - [K3S] [handler_proxy.go:99] no RequestInfo found in the context
2025-01-29 18:36:37,102 INFO c.h.h.t.OperatorHelmChartContainer - [K3S] [handler_proxy.go:99] no RequestInfo found in the context
2025-01-29 18:36:37,102 INFO c.h.h.t.OperatorHelmChartContainer - [K3S] [controller.go:102] "Unhandled Error" err=<
2025-01-29 18:36:37,102 INFO c.h.h.t.OperatorHelmChartContainer - [K3S] 	, Header: map[Content-Type:[text/plain; charset=utf-8] X-Content-Type-Options:[nosniff]]
2025-01-29 18:36:37,102 INFO c.h.h.t.OperatorHelmChartContainer - [K3S]  >
2025-01-29 18:36:37,320 INFO c.h.h.t.OperatorHelmChartContainer - [K3S] [configmap.go:193] Couldn't get configMap kube-system/coredns: failed to sync configmap cache: timed out waiting for the condition
2025-01-29 18:36:37,321 INFO c.h.h.t.OperatorHelmChartContainer - [K3S] [nestedpendingoperations.go:348] Operation for "{volumeName:kubernetes.io/configmap/58881d2d-2b28-4880-9309-c7be737dd9db-config-volume podName:58881d2d-2b28-4880-9309-c7be737dd9db nodeName:}" failed. No retries permitted until 2025-01-29 18:36:37.820210091 +0000 UTC m=+10.545920524 (durationBeforeRetry 500ms). Error: MountVolume.SetUp failed for volume "config-volume" (UniqueName: "kubernetes.io/configmap/58881d2d-2b28-4880-9309-c7be737dd9db-config-volume") pod "coredns-ff8999cc5-lftmv" (UID: "58881d2d-2b28-4880-9309-c7be737dd9db") : failed to sync configmap cache: timed out waiting for the condition
2025-01-29 18:36:37,477 INFO c.h.h.t.OperatorHelmChartContainer - [K3S] [INFO] Starting network policy controller version v2.2.1, built on 2025-01-28T18:27:08Z, go1.23.4
2025-01-29 18:36:37,478 INFO c.h.h.t.OperatorHelmChartContainer - [K3S] [network_policy_controller.go:164] Starting network policy controller
2025-01-29 18:36:37,824 INFO c.h.h.t.OperatorHelmChartContainer - [K3S] [network_policy_controller.go:176] Starting network policy controller full sync goroutine
2025-01-29 18:36:39,878 INFO c.h.h.t.OperatorHelmChartContainer - [K3S] [replica_set.go:679] "Finished syncing" kind="ReplicaSet" key="kube-system/local-path-provisioner-698b58967b" duration="6.357954ms"
2025-01-29 18:36:39,882 INFO c.h.h.t.OperatorHelmChartContainer - [K3S] [replica_set.go:679] "Finished syncing" kind="ReplicaSet" key="kube-system/local-path-provisioner-698b58967b" duration="28.844µs"
2025-01-29 18:36:39,882 INFO c.h.h.t.OperatorHelmChartContainer - [K3S] [replica_set.go:679] "Finished syncing" kind="ReplicaSet" key="kube-system/metrics-server-8584b5786c" duration="27.201µs"
2025-01-29 18:36:40,255 INFO c.h.h.t.OperatorHelmChartContainer - [K3S] [kuberuntime_manager.go:1702] "Updating runtime config through cri with podcidr" CIDR="10.42.0.0/24"
2025-01-29 18:36:40,255 INFO c.h.h.t.OperatorHelmChartContainer - [K3S] [kubelet_network.go:61] "Updating Pod CIDR" originalPodCIDR="" newPodCIDR="10.42.0.0/24"
2025-01-29 18:36:40,265 INFO c.h.h.t.OperatorHelmChartContainer - [K3S] [range_allocator.go:247] "Successfully synced" key="f24e59ddbf70"
2025-01-29 18:36:40,869 INFO c.h.h.t.OperatorHelmChartContainer - [K3S] [replica_set.go:679] "Finished syncing" kind="ReplicaSet" key="kube-system/coredns-ff8999cc5" duration="42.34µs"
2025-01-29 18:36:40,892 INFO c.h.h.t.OperatorHelmChartContainer - [K3S] [replica_set.go:679] "Finished syncing" kind="ReplicaSet" key="kube-system/coredns-ff8999cc5" duration="7.661627ms"
2025-01-29 18:36:40,893 INFO c.h.h.t.OperatorHelmChartContainer - [K3S] [replica_set.go:679] "Finished syncing" kind="ReplicaSet" key="kube-system/coredns-ff8999cc5" duration="30.658µs"
2025-01-29 18:36:54,049 INFO c.h.h.t.OperatorHelmChartContainer - [K3S] [alloc.go:330] "allocated clusterIPs" service="default/test-hivemq-hivemq-operator-operator" clusterIPs={"IPv4":"10.43.218.193"}
2025-01-29 18:36:54,083 INFO c.h.h.t.OperatorHelmChartContainer - [K3S] [replica_set.go:679] "Finished syncing" kind="ReplicaSet" key="default/test-hivemq-hivemq-operator-operator-bc4cbf748" duration="23.064412ms"
2025-01-29 18:36:54,099 INFO c.h.h.t.OperatorHelmChartContainer - [K3S] [replica_set.go:679] "Finished syncing" kind="ReplicaSet" key="default/test-hivemq-hivemq-operator-operator-bc4cbf748" duration="17.045748ms"
2025-01-29 18:36:54,108 INFO c.h.h.t.OperatorHelmChartContainer - [K3S] [replica_set.go:679] "Finished syncing" kind="ReplicaSet" key="default/test-hivemq-hivemq-operator-operator-bc4cbf748" duration="8.995678ms"
2025-01-29 18:36:54,108 INFO c.h.h.t.OperatorHelmChartContainer - [K3S] [replica_set.go:679] "Finished syncing" kind="ReplicaSet" key="default/test-hivemq-hivemq-operator-operator-bc4cbf748" duration="28.103µs"
2025-01-29 18:36:54,130 INFO c.h.h.t.OperatorHelmChartContainer - [K3S] [reconciler_common.go:251] "operationExecutor.VerifyControllerAttachedVolume started for volume \"templates\" (UniqueName: \"kubernetes.io/configmap/3caffcfb-1d4b-4306-bedf-4284ccb3e535-templates\") pod \"test-hivemq-hivemq-operator-operator-bc4cbf748-cj6kb\" (UID: \"3caffcfb-1d4b-4306-bedf-4284ccb3e535\") " pod="default/test-hivemq-hivemq-operator-operator-bc4cbf748-cj6kb"
2025-01-29 18:36:54,130 INFO c.h.h.t.OperatorHelmChartContainer - [K3S] [reconciler_common.go:251] "operationExecutor.VerifyControllerAttachedVolume started for volume \"kube-api-access-twglh\" (UniqueName: \"kubernetes.io/projected/3caffcfb-1d4b-4306-bedf-4284ccb3e535-kube-api-access-twglh\") pod \"test-hivemq-hivemq-operator-operator-bc4cbf748-cj6kb\" (UID: \"3caffcfb-1d4b-4306-bedf-4284ccb3e535\") " pod="default/test-hivemq-hivemq-operator-operator-bc4cbf748-cj6kb"
2025-01-29 18:36:54,167 DEBUG c.h.h.t.OperatorHelmChartContainer - Chart 'test-hivemq' installed or upgraded
2025-01-29 18:36:55,879 INFO c.h.h.t.OperatorHelmChartContainer - [K3S] [replica_set.go:679] "Finished syncing" kind="ReplicaSet" key="kube-system/metrics-server-8584b5786c" duration="6.289635ms"
2025-01-29 18:36:55,879 INFO c.h.h.t.OperatorHelmChartContainer - [K3S] [replica_set.go:679] "Finished syncing" kind="ReplicaSet" key="kube-system/metrics-server-8584b5786c" duration="30.517µs"
2025-01-29 18:36:55,896 INFO c.h.h.t.OperatorHelmChartContainer - [K3S] [replica_set.go:679] "Finished syncing" kind="ReplicaSet" key="default/test-hivemq-hivemq-operator-operator-bc4cbf748" duration="8.011687ms"
2025-01-29 18:36:55,905 INFO c.h.h.t.OperatorHelmChartContainer - [K3S] [replica_set.go:679] "Finished syncing" kind="ReplicaSet" key="default/test-hivemq-hivemq-operator-operator-bc4cbf748" duration="27.842µs"
2025-01-29 18:37:00,810 INFO c.h.h.t.OperatorHelmChartContainer - [K3S] [range_allocator.go:247] "Successfully synced" key="f24e59ddbf70"
2025-01-29 18:37:01,834 INFO c.h.h.t.OperatorHelmChartContainer - [K3S] [alloc.go:330] "allocated clusterIPs" service="default/hivemq-test-hivemq-cc" clusterIPs={"IPv4":"10.43.22.225"}
2025-01-29 18:37:01,843 INFO c.h.h.t.OperatorHelmChartContainer - [K3S] [alloc.go:330] "allocated clusterIPs" service="default/hivemq-test-hivemq-mqtt" clusterIPs={"IPv4":"10.43.3.42"}
2025-01-29 18:37:01,844 INFO c.h.h.t.OperatorHelmChartContainer - [K3S] [event.go:389] "Event occurred" object="default/hivemq-test-hivemq-mqtt" fieldPath="" kind="Service" apiVersion="v1" type="Normal" reason="EnsuringLoadBalancer" message="Ensuring load balancer"
2025-01-29 18:37:01,927 INFO c.h.h.t.OperatorHelmChartContainer - [K3S] [event.go:389] "Event occurred" object="default/hivemq-test-hivemq-mqtt" fieldPath="" kind="Service" apiVersion="v1" type="Normal" reason="AppliedDaemonSet" message="Applied LoadBalancer DaemonSet kube-system/svclb-hivemq-test-hivemq-mqtt-1ff132a7"
2025-01-29 18:37:02,899 INFO c.h.h.t.OperatorHelmChartContainer - [K3S] [event.go:389] "Event occurred" object="default/hivemq-test-hivemq-mqtt" fieldPath="" kind="Service" apiVersion="v1" type="Normal" reason="UpdatedLoadBalancer" message="Updated LoadBalancer with new IPs: [] -> [172.17.0.3]"
2025-01-29 18:37:03,051 DEBUG com.hivemq.helmcharts.util.K8sUtil - State to compare Pending and waiting for Running
2025-01-29 18:37:03,232 DEBUG com.hivemq.helmcharts.util.K8sUtil - State to compare Pending and waiting for Running
2025-01-29 18:37:04,333 DEBUG com.hivemq.helmcharts.util.K8sUtil - State to compare Pending and waiting for Running
2025-01-29 18:37:04,580 DEBUG com.hivemq.helmcharts.util.K8sUtil - State to compare Pending and waiting for Running
2025-01-29 18:37:04,877 DEBUG com.hivemq.helmcharts.util.K8sUtil - State to compare Updating and waiting for Running
2025-01-29 18:37:05,292 INFO c.h.h.t.OperatorHelmChartContainer - [K3S] [replica_set.go:679] "Finished syncing" kind="ReplicaSet" key="default/test-hivemq-6ff45d747b" duration="16.721714ms"
2025-01-29 18:37:05,304 INFO c.h.h.t.OperatorHelmChartContainer - [K3S] [reconciler_common.go:251] "operationExecutor.VerifyControllerAttachedVolume started for volume \"heap-dumps\" (UniqueName: \"kubernetes.io/empty-dir/51a6e698-0492-4049-a142-a6f0165a829a-heap-dumps\") pod \"test-hivemq-6ff45d747b-qzlzh\" (UID: \"51a6e698-0492-4049-a142-a6f0165a829a\") " pod="default/test-hivemq-6ff45d747b-qzlzh"
2025-01-29 18:37:05,305 INFO c.h.h.t.OperatorHelmChartContainer - [K3S] [reconciler_common.go:251] "operationExecutor.VerifyControllerAttachedVolume started for volume \"data\" (UniqueName: \"kubernetes.io/empty-dir/51a6e698-0492-4049-a142-a6f0165a829a-data\") pod \"test-hivemq-6ff45d747b-qzlzh\" (UID: \"51a6e698-0492-4049-a142-a6f0165a829a\") " pod="default/test-hivemq-6ff45d747b-qzlzh"
2025-01-29 18:37:05,306 INFO c.h.h.t.OperatorHelmChartContainer - [K3S] [reconciler_common.go:251] "operationExecutor.VerifyControllerAttachedVolume started for volume \"shared-data\" (UniqueName: \"kubernetes.io/empty-dir/51a6e698-0492-4049-a142-a6f0165a829a-shared-data\") pod \"test-hivemq-6ff45d747b-qzlzh\" (UID: \"51a6e698-0492-4049-a142-a6f0165a829a\") " pod="default/test-hivemq-6ff45d747b-qzlzh"
2025-01-29 18:37:05,306 INFO c.h.h.t.OperatorHelmChartContainer - [K3S] [reconciler_common.go:251] "operationExecutor.VerifyControllerAttachedVolume started for volume \"audit\" (UniqueName: \"kubernetes.io/empty-dir/51a6e698-0492-4049-a142-a6f0165a829a-audit\") pod \"test-hivemq-6ff45d747b-qzlzh\" (UID: \"51a6e698-0492-4049-a142-a6f0165a829a\") " pod="default/test-hivemq-6ff45d747b-qzlzh"
2025-01-29 18:37:05,306 INFO c.h.h.t.OperatorHelmChartContainer - [K3S] [reconciler_common.go:251] "operationExecutor.VerifyControllerAttachedVolume started for volume \"live-info\" (UniqueName: \"kubernetes.io/configmap/51a6e698-0492-4049-a142-a6f0165a829a-live-info\") pod \"test-hivemq-6ff45d747b-qzlzh\" (UID: \"51a6e698-0492-4049-a142-a6f0165a829a\") " pod="default/test-hivemq-6ff45d747b-qzlzh"
2025-01-29 18:37:05,306 INFO c.h.h.t.OperatorHelmChartContainer - [K3S] [reconciler_common.go:251] "operationExecutor.VerifyControllerAttachedVolume started for volume \"dns-wait-config\" (UniqueName: \"kubernetes.io/configmap/51a6e698-0492-4049-a142-a6f0165a829a-dns-wait-config\") pod \"test-hivemq-6ff45d747b-qzlzh\" (UID: \"51a6e698-0492-4049-a142-a6f0165a829a\") " pod="default/test-hivemq-6ff45d747b-qzlzh"
2025-01-29 18:37:05,306 INFO c.h.h.t.OperatorHelmChartContainer - [K3S] [reconciler_common.go:251] "operationExecutor.VerifyControllerAttachedVolume started for volume \"kube-api-access-6hkzb\" (UniqueName: \"kubernetes.io/projected/51a6e698-0492-4049-a142-a6f0165a829a-kube-api-access-6hkzb\") pod \"test-hivemq-6ff45d747b-qzlzh\" (UID: \"51a6e698-0492-4049-a142-a6f0165a829a\") " pod="default/test-hivemq-6ff45d747b-qzlzh"
2025-01-29 18:37:05,306 INFO c.h.h.t.OperatorHelmChartContainer - [K3S] [reconciler_common.go:251] "operationExecutor.VerifyControllerAttachedVolume started for volume \"log\" (UniqueName: \"kubernetes.io/empty-dir/51a6e698-0492-4049-a142-a6f0165a829a-log\") pod \"test-hivemq-6ff45d747b-qzlzh\" (UID: \"51a6e698-0492-4049-a142-a6f0165a829a\") " pod="default/test-hivemq-6ff45d747b-qzlzh"
2025-01-29 18:37:05,306 INFO c.h.h.t.OperatorHelmChartContainer - [K3S] [reconciler_common.go:251] "operationExecutor.VerifyControllerAttachedVolume started for volume \"conf-override\" (UniqueName: \"kubernetes.io/empty-dir/51a6e698-0492-4049-a142-a6f0165a829a-conf-override\") pod \"test-hivemq-6ff45d747b-qzlzh\" (UID: \"51a6e698-0492-4049-a142-a6f0165a829a\") " pod="default/test-hivemq-6ff45d747b-qzlzh"
2025-01-29 18:37:05,306 INFO c.h.h.t.OperatorHelmChartContainer - [K3S] [reconciler_common.go:251] "operationExecutor.VerifyControllerAttachedVolume started for volume \"backup\" (UniqueName: \"kubernetes.io/empty-dir/51a6e698-0492-4049-a142-a6f0165a829a-backup\") pod \"test-hivemq-6ff45d747b-qzlzh\" (UID: \"51a6e698-0492-4049-a142-a6f0165a829a\") " pod="default/test-hivemq-6ff45d747b-qzlzh"
2025-01-29 18:37:05,317 INFO c.h.h.t.OperatorHelmChartContainer - [K3S] [replica_set.go:679] "Finished syncing" kind="ReplicaSet" key="default/test-hivemq-6ff45d747b" duration="21.600306ms"
2025-01-29 18:37:05,317 INFO c.h.h.t.OperatorHelmChartContainer - [K3S] [replica_set.go:679] "Finished syncing" kind="ReplicaSet" key="default/test-hivemq-6ff45d747b" duration="37.741µs"
2025-01-29 18:37:05,379 DEBUG com.hivemq.helmcharts.util.K8sUtil - State to compare Updating and waiting for Running
2025-01-29 18:37:05,574 DEBUG com.hivemq.helmcharts.util.K8sUtil - State to compare Updating and waiting for Running
2025-01-29 18:37:05,731 DEBUG com.hivemq.helmcharts.util.K8sUtil - State to compare Updating and waiting for Running
2025-01-29 18:37:06,044 INFO c.h.h.t.OperatorHelmChartContainer - [K3S] [replica_set.go:679] "Finished syncing" kind="ReplicaSet" key="default/test-hivemq-6ff45d747b" duration="49.203µs"
2025-01-29 18:37:06,172 DEBUG com.hivemq.helmcharts.util.K8sUtil - State to compare Updating and waiting for Running
2025-01-29 18:37:06,905 INFO c.h.h.t.OperatorHelmChartContainer - [K3S] [replica_set.go:679] "Finished syncing" kind="ReplicaSet" key="default/test-hivemq-6ff45d747b" duration="52.157µs"
2025-01-29 18:37:06,916 INFO c.h.h.t.OperatorHelmChartContainer - [K3S] [event.go:389] "Event occurred" object="default/hivemq-test-hivemq-mqtt" fieldPath="" kind="Service" apiVersion="v1" type="Normal" reason="UpdatedLoadBalancer" message="Updated LoadBalancer with new IPs: [172.17.0.3] -> [172.17.0.3]"
2025-01-29 18:37:07,909 INFO c.h.h.t.OperatorHelmChartContainer - [K3S] [replica_set.go:679] "Finished syncing" kind="ReplicaSet" key="default/test-hivemq-6ff45d747b" duration="87.273µs"
2025-01-29 18:37:08,909 INFO c.h.h.t.OperatorHelmChartContainer - [K3S] [replica_set.go:679] "Finished syncing" kind="ReplicaSet" key="default/test-hivemq-6ff45d747b" duration="61.475µs"
2025-01-29 18:37:18,928 INFO c.h.h.t.OperatorHelmChartContainer - [K3S] [replica_set.go:679] "Finished syncing" kind="ReplicaSet" key="default/test-hivemq-6ff45d747b" duration="63.218µs"
2025-01-29 18:37:19,932 INFO c.h.h.t.OperatorHelmChartContainer - [K3S] [replica_set.go:679] "Finished syncing" kind="ReplicaSet" key="default/test-hivemq-6ff45d747b" duration="62.377µs"
2025-01-29 18:37:31,503 INFO c.h.h.t.OperatorHelmChartContainer - [K3S] [range_allocator.go:247] "Successfully synced" key="f24e59ddbf70"
2025-01-29 18:37:50,965 INFO c.h.h.t.OperatorHelmChartContainer - [K3S] [replica_set.go:679] "Finished syncing" kind="ReplicaSet" key="default/test-hivemq-6ff45d747b" duration="9.026732ms"
2025-01-29 18:37:50,966 INFO c.h.h.t.OperatorHelmChartContainer - [K3S] [replica_set.go:679] "Finished syncing" kind="ReplicaSet" key="default/test-hivemq-6ff45d747b" duration="37.06µs"
2025-01-29 18:37:50,968 INFO c.h.h.t.OperatorHelmChartContainer - [K3S] [event.go:389] "Event occurred" object="default/hivemq-test-hivemq-mqtt" fieldPath="" kind="Service" apiVersion="v1" type="Normal" reason="UpdatedLoadBalancer" message="Updated LoadBalancer with new IPs: [172.17.0.3] -> [172.17.0.3]"
2025-01-29 18:38:20,972 INFO c.h.h.t.OperatorHelmChartContainer - [K3S] [replica_set.go:679] "Finished syncing" kind="ReplicaSet" key="default/test-hivemq-6ff45d747b" duration="6.639361ms"
2025-01-29 18:38:20,973 INFO c.h.h.t.OperatorHelmChartContainer - [K3S] [replica_set.go:679] "Finished syncing" kind="ReplicaSet" key="default/test-hivemq-6ff45d747b" duration="59.302µs"
2025-01-29 18:38:21,016 DEBUG com.hivemq.helmcharts.util.K8sUtil - State to compare Updating and waiting for Running
2025-01-29 18:38:21,287 DEBUG com.hivemq.helmcharts.util.K8sUtil - State to compare Updating and waiting for Running
2025-01-29 18:38:21,478 DEBUG com.hivemq.helmcharts.util.K8sUtil - State to compare Updating and waiting for Running
2025-01-29 18:38:21,583 DEBUG com.hivemq.helmcharts.util.K8sUtil - State to compare Updating and waiting for Running
2025-01-29 18:38:21,676 DEBUG com.hivemq.helmcharts.util.K8sUtil - State to compare Updating and waiting for Running
2025-01-29 18:38:21,795 DEBUG com.hivemq.helmcharts.util.K8sUtil - State to compare Running and waiting for Running
2025-01-29 18:38:22,089 INFO t.localhost/testcontainers/x8uqxpl9wsxaiwc5:latest - Container localhost/testcontainers/x8uqxpl9wsxaiwc5:latest started in PT1M56.072103476S
2025-01-29 18:38:22,166 INFO c.h.h.t.OperatorHelmChartContainer - [EVENT] Normal [Starting] Starting kubelet. [null:f24e59ddbf70]
2025-01-29 18:38:22,167 INFO c.h.h.t.OperatorHelmChartContainer - [EVENT] Warning [InvalidDiskCapacity] invalid capacity 0 on image filesystem [null:f24e59ddbf70]
2025-01-29 18:38:22,167 INFO c.h.h.t.OperatorHelmChartContainer - [EVENT] Normal [NodeHasSufficientMemory] Node f24e59ddbf70 status is now: NodeHasSufficientMemory [null:f24e59ddbf70]
2025-01-29 18:38:22,167 INFO c.h.h.t.OperatorHelmChartContainer - [EVENT] Normal [NodeHasNoDiskPressure] Node f24e59ddbf70 status is now: NodeHasNoDiskPressure [null:f24e59ddbf70]
2025-01-29 18:38:22,168 INFO c.h.h.t.OperatorHelmChartContainer - [EVENT] Normal [NodeHasSufficientPID] Node f24e59ddbf70 status is now: NodeHasSufficientPID [null:f24e59ddbf70]
2025-01-29 18:38:22,170 INFO c.h.h.t.OperatorHelmChartContainer - [EVENT] Normal [NodeAllocatableEnforced] Updated Node Allocatable limit across pods [null:f24e59ddbf70]
2025-01-29 18:38:22,171 INFO c.h.h.t.OperatorHelmChartContainer - [EVENT] Normal [NodeReady] Node f24e59ddbf70 status is now: NodeReady [null:f24e59ddbf70]
2025-01-29 18:38:22,171 INFO c.h.h.t.OperatorHelmChartContainer - [EVENT] Normal [NodePasswordValidationComplete] Deferred node password secret validation complete [null:f24e59ddbf70]
2025-01-29 18:38:22,171 INFO c.h.h.t.OperatorHelmChartContainer - [EVENT] Normal [RegisteredNode] Node f24e59ddbf70 event: Registered Node f24e59ddbf70 in Controller [null:f24e59ddbf70]
2025-01-29 18:38:22,171 INFO c.h.h.t.OperatorHelmChartContainer - [EVENT] Normal [Synced] Node synced successfully [null:f24e59ddbf70]
2025-01-29 18:38:22,171 INFO c.h.h.t.OperatorHelmChartContainer - [EVENT] Normal [EnsuringLoadBalancer] Ensuring load balancer [default:hivemq-test-hivemq-mqtt]
2025-01-29 18:38:22,172 INFO c.h.h.t.OperatorHelmChartContainer - [EVENT] Normal [AppliedDaemonSet] Applied LoadBalancer DaemonSet kube-system/svclb-hivemq-test-hivemq-mqtt-1ff132a7 [default:hivemq-test-hivemq-mqtt]
2025-01-29 18:38:22,172 INFO c.h.h.t.OperatorHelmChartContainer - [EVENT] Normal [UpdatedLoadBalancer] Updated LoadBalancer with new IPs: [] -> [172.17.0.3] [default:hivemq-test-hivemq-mqtt]
2025-01-29 18:38:22,173 INFO c.h.h.t.OperatorHelmChartContainer - [EVENT] Normal [UpdatedLoadBalancer] Updated LoadBalancer with new IPs: [172.17.0.3] -> [172.17.0.3] [default:hivemq-test-hivemq-mqtt]
2025-01-29 18:38:22,174 INFO c.h.h.t.OperatorHelmChartContainer - [EVENT] Normal [Scheduled] Successfully assigned default/test-hivemq-6ff45d747b-qzlzh to f24e59ddbf70 [default:test-hivemq-6ff45d747b-qzlzh]
2025-01-29 18:38:22,174 INFO c.h.h.t.OperatorHelmChartContainer - [EVENT] Normal [Pulling] Pulling image "busybox:latest" [default:test-hivemq-6ff45d747b-qzlzh]
2025-01-29 18:38:22,175 INFO c.h.h.t.OperatorHelmChartContainer - [EVENT] Normal [Pulled] Successfully pulled image "busybox:latest" in 713ms (713ms including waiting). Image size: 2167089 bytes. [default:test-hivemq-6ff45d747b-qzlzh]
2025-01-29 18:38:22,176 INFO c.h.h.t.OperatorHelmChartContainer - [EVENT] Normal [Created] Created container: init-shared [default:test-hivemq-6ff45d747b-qzlzh]
2025-01-29 18:38:22,176 INFO c.h.h.t.OperatorHelmChartContainer - [EVENT] Normal [Started] Started container init-shared [default:test-hivemq-6ff45d747b-qzlzh]
2025-01-29 18:38:22,176 INFO c.h.h.t.OperatorHelmChartContainer - [EVENT] Normal [Pulled] Container image "hivemq/init-dns-wait:snapshot" already present on machine [default:test-hivemq-6ff45d747b-qzlzh]
2025-01-29 18:38:22,177 INFO c.h.h.t.OperatorHelmChartContainer - [EVENT] Normal [Created] Created container: dns-wait [default:test-hivemq-6ff45d747b-qzlzh]
2025-01-29 18:38:22,179 INFO c.h.h.t.OperatorHelmChartContainer - [EVENT] Normal [Started] Started container dns-wait [default:test-hivemq-6ff45d747b-qzlzh]
2025-01-29 18:38:22,180 INFO c.h.h.t.OperatorHelmChartContainer - [EVENT] Normal [Pulled] Container image "hivemq/hivemq4:k8s-4.36.0" already present on machine [default:test-hivemq-6ff45d747b-qzlzh]
2025-01-29 18:38:22,180 INFO c.h.h.t.OperatorHelmChartContainer - Received Pulled event for container hivemq in pod test-hivemq-6ff45d747b-qzlzh [51a6e698-0492-4049-a142-a6f0165a829a]
2025-01-29 18:38:22,180 INFO c.h.h.t.OperatorHelmChartContainer - [EVENT] Normal [Created] Created container: hivemq [default:test-hivemq-6ff45d747b-qzlzh]
2025-01-29 18:38:22,180 INFO c.h.h.t.OperatorHelmChartContainer - Received Created event for container hivemq in pod test-hivemq-6ff45d747b-qzlzh [51a6e698-0492-4049-a142-a6f0165a829a]
2025-01-29 18:38:22,223 INFO c.h.h.t.OperatorHelmChartContainer - [POD] test-hivemq-6ff45d747b-qzlzh [51a6e698-0492-4049-a142-a6f0165a829a] in default was ADDED
2025-01-29 18:38:22,227 INFO c.h.h.t.OperatorHelmChartContainer - [POD] test-hivemq-hivemq-operator-operator-bc4cbf748-cj6kb [3caffcfb-1d4b-4306-bedf-4284ccb3e535] in default was ADDED
2025-01-29 18:38:22,233 INFO c.h.h.t.OperatorHelmChartContainer - Started log watcher for hivemq in pod test-hivemq-6ff45d747b-qzlzh [51a6e698-0492-4049-a142-a6f0165a829a]
2025-01-29 18:38:22,234 INFO c.h.h.t.OperatorHelmChartContainer - [POD] coredns-ff8999cc5-lftmv [58881d2d-2b28-4880-9309-c7be737dd9db] in kube-system was ADDED
2025-01-29 18:38:22,234 INFO c.h.h.t.OperatorHelmChartContainer - [EVENT] Normal [Started] Started container hivemq [default:test-hivemq-6ff45d747b-qzlzh]
2025-01-29 18:38:22,234 INFO c.h.h.t.OperatorHelmChartContainer - Received Started event for container hivemq in pod test-hivemq-6ff45d747b-qzlzh [51a6e698-0492-4049-a142-a6f0165a829a]
2025-01-29 18:38:22,234 INFO c.h.h.t.OperatorHelmChartContainer - [POD] local-path-provisioner-698b58967b-jp2ps [5f8a3cc5-d0c1-4bcb-9ae5-6c5e058985e9] in kube-system was ADDED
2025-01-29 18:38:22,237 INFO c.h.h.t.OperatorHelmChartContainer - [EVENT] Warning [Unhealthy] Readiness probe failed: Log statement not present (yet)
 [default:test-hivemq-6ff45d747b-qzlzh]
2025-01-29 18:38:22,237 INFO c.h.h.t.OperatorHelmChartContainer - Received Unhealthy event for container hivemq in pod test-hivemq-6ff45d747b-qzlzh [51a6e698-0492-4049-a142-a6f0165a829a]
2025-01-29 18:38:22,237 INFO c.h.h.t.OperatorHelmChartContainer - [POD] metrics-server-8584b5786c-5lx92 [147be630-26a7-47c0-b278-58ed2a8c2677] in kube-system was ADDED
2025-01-29 18:38:22,234 INFO c.h.h.t.OperatorHelmChartContainer - [test-hivemq-6ff45d747b] [hivemq] [51a6e698] Copying external files
2025-01-29 18:38:22,237 INFO c.h.h.t.OperatorHelmChartContainer - [test-hivemq-6ff45d747b] [hivemq] [51a6e698] Rewriting config.xml...
2025-01-29 18:38:22,237 INFO c.h.h.t.OperatorHelmChartContainer - [test-hivemq-6ff45d747b] [hivemq] [51a6e698] Creating initial lastUpdate files...
2025-01-29 18:38:22,237 INFO c.h.h.t.OperatorHelmChartContainer - [test-hivemq-6ff45d747b] [hivemq] [51a6e698] Disabling Prometheus
2025-01-29 18:38:22,237 INFO c.h.h.t.OperatorHelmChartContainer - [test-hivemq-6ff45d747b] [hivemq] [51a6e698] Pod info:
2025-01-29 18:38:22,237 INFO c.h.h.t.OperatorHelmChartContainer - [test-hivemq-6ff45d747b] [hivemq] [51a6e698] extension-names=hivemq-kafka-extension hivemq-google-cloud-pubsub-extension hivemq-bridge-extension hivemq-enterprise-security-extension hivemq-distributed-tracing-extension hivemq-amazon-kinesis-extension
2025-01-29 18:38:22,238 INFO c.h.h.t.OperatorHelmChartContainer - [test-hivemq-6ff45d747b] [hivemq] [51a6e698] extension-uris=preinstalled preinstalled preinstalled preinstalled preinstalled preinstalled
2025-01-29 18:38:22,238 INFO c.h.h.t.OperatorHelmChartContainer - [test-hivemq-6ff45d747b] [hivemq] [51a6e698] extension-states=false false false false false false
2025-01-29 18:38:22,238 INFO c.h.h.t.OperatorHelmChartContainer - [test-hivemq-6ff45d747b] [hivemq] [51a6e698] extensions-static=false false false false false false
2025-01-29 18:38:22,238 INFO c.h.h.t.OperatorHelmChartContainer - [test-hivemq-6ff45d747b] [hivemq] [51a6e698] Installing extension #0 with name: hivemq-kafka-extension, URI: preinstalled, enabled state: false
2025-01-29 18:38:22,238 INFO c.h.h.t.OperatorHelmChartContainer - [test-hivemq-6ff45d747b] [hivemq] [51a6e698] + [[ 3 != 3 ]]
2025-01-29 18:38:22,238 INFO c.h.h.t.OperatorHelmChartContainer - [test-hivemq-6ff45d747b] [hivemq] [51a6e698] + EXTENSION_URI=preinstalled
2025-01-29 18:38:22,238 INFO c.h.h.t.OperatorHelmChartContainer - [test-hivemq-6ff45d747b] [hivemq] [51a6e698] + EXTENSION_NAME=hivemq-kafka-extension
2025-01-29 18:38:22,238 INFO c.h.h.t.OperatorHelmChartContainer - [test-hivemq-6ff45d747b] [hivemq] [51a6e698] + TARGET_STATE=false
2025-01-29 18:38:22,238 INFO c.h.h.t.OperatorHelmChartContainer - [test-hivemq-6ff45d747b] [hivemq] [51a6e698] + TARGET_DIR=/opt/hivemq/extensions/hivemq-kafka-extension
2025-01-29 18:38:22,238 INFO c.h.h.t.OperatorHelmChartContainer - [test-hivemq-6ff45d747b] [hivemq] [51a6e698] ++ mktemp -d
2025-01-29 18:38:22,238 INFO c.h.h.t.OperatorHelmChartContainer - [test-hivemq-6ff45d747b] [hivemq] [51a6e698] + install_dir=/tmp/tmp.UiBHw5ldbt
2025-01-29 18:38:22,238 INFO c.h.h.t.OperatorHelmChartContainer - [test-hivemq-6ff45d747b] [hivemq] [51a6e698] + set +e
2025-01-29 18:38:22,238 INFO c.h.h.t.OperatorHelmChartContainer - [test-hivemq-6ff45d747b] [hivemq] [51a6e698] + [[ -f /opt/hivemq/extensions/hivemq-kafka-extension/DISABLED ]]
2025-01-29 18:38:22,238 INFO c.h.h.t.OperatorHelmChartContainer - [test-hivemq-6ff45d747b] [hivemq] [51a6e698] + was_enabled=0
2025-01-29 18:38:22,238 INFO c.h.h.t.OperatorHelmChartContainer - [test-hivemq-6ff45d747b] [hivemq] [51a6e698] + set -e
2025-01-29 18:38:22,238 INFO c.h.h.t.OperatorHelmChartContainer - [test-hivemq-6ff45d747b] [hivemq] [51a6e698] + [[ preinstalled != \p\r\e\i\n\s\t\a\l\l\e\d ]]
2025-01-29 18:38:22,238 INFO c.h.h.t.OperatorHelmChartContainer - [test-hivemq-6ff45d747b] [hivemq] [51a6e698] + [[ false == \f\a\l\s\e ]]
2025-01-29 18:38:22,238 INFO c.h.h.t.OperatorHelmChartContainer - [test-hivemq-6ff45d747b] [hivemq] [51a6e698] + touch /opt/hivemq/extensions/hivemq-kafka-extension/DISABLED
2025-01-29 18:38:22,238 INFO c.h.h.t.OperatorHelmChartContainer - [test-hivemq-6ff45d747b] [hivemq] [51a6e698] + was_enabled=0
2025-01-29 18:38:22,238 INFO c.h.h.t.OperatorHelmChartContainer - [test-hivemq-6ff45d747b] [hivemq] [51a6e698] + [[ preinstalled != \p\r\e\i\n\s\t\a\l\l\e\d ]]
2025-01-29 18:38:22,238 INFO c.h.h.t.OperatorHelmChartContainer - [test-hivemq-6ff45d747b] [hivemq] [51a6e698] + /opt/hivemq/bin/run_initialization.sh hivemq-kafka-extension
2025-01-29 18:38:22,238 INFO c.h.h.t.OperatorHelmChartContainer - [test-hivemq-6ff45d747b] [hivemq] [51a6e698] + EXTENSION_NAME=hivemq-kafka-extension
2025-01-29 18:38:22,238 INFO c.h.h.t.OperatorHelmChartContainer - [test-hivemq-6ff45d747b] [hivemq] [51a6e698] + TARGET_DIR=/opt/hivemq/extensions/hivemq-kafka-extension
2025-01-29 18:38:22,240 INFO c.h.h.t.OperatorHelmChartContainer - [test-hivemq-6ff45d747b] [hivemq] [51a6e698] + cd /opt/hivemq/extensions/hivemq-kafka-extension
2025-01-29 18:38:22,241 INFO c.h.h.t.OperatorHelmChartContainer - [test-hivemq-6ff45d747b] [hivemq] [51a6e698] + [[ -f init_tmp ]]
2025-01-29 18:38:22,241 INFO c.h.h.t.OperatorHelmChartContainer - [test-hivemq-6ff45d747b] [hivemq] [51a6e698] + [[ -f /etc/podinfo/init-extension-hivemq-kafka-extension ]]
2025-01-29 18:38:22,241 INFO c.h.h.t.OperatorHelmChartContainer - [test-hivemq-6ff45d747b] [hivemq] [51a6e698] Installing extension #1 with name: hivemq-google-cloud-pubsub-extension, URI: preinstalled, enabled state: false
2025-01-29 18:38:22,241 INFO c.h.h.t.OperatorHelmChartContainer - [test-hivemq-6ff45d747b] [hivemq] [51a6e698] + [[ 3 != 3 ]]
2025-01-29 18:38:22,241 INFO c.h.h.t.OperatorHelmChartContainer - [test-hivemq-6ff45d747b] [hivemq] [51a6e698] + EXTENSION_URI=preinstalled
2025-01-29 18:38:22,241 INFO c.h.h.t.OperatorHelmChartContainer - [test-hivemq-6ff45d747b] [hivemq] [51a6e698] + EXTENSION_NAME=hivemq-google-cloud-pubsub-extension
2025-01-29 18:38:22,241 INFO c.h.h.t.OperatorHelmChartContainer - [test-hivemq-6ff45d747b] [hivemq] [51a6e698] + TARGET_STATE=false
2025-01-29 18:38:22,241 INFO c.h.h.t.OperatorHelmChartContainer - [test-hivemq-6ff45d747b] [hivemq] [51a6e698] + TARGET_DIR=/opt/hivemq/extensions/hivemq-google-cloud-pubsub-extension
2025-01-29 18:38:22,241 INFO c.h.h.t.OperatorHelmChartContainer - [test-hivemq-6ff45d747b] [hivemq] [51a6e698] ++ mktemp -d
2025-01-29 18:38:22,241 INFO c.h.h.t.OperatorHelmChartContainer - [test-hivemq-6ff45d747b] [hivemq] [51a6e698] + install_dir=/tmp/tmp.Lq8F5UwG3N
2025-01-29 18:38:22,241 INFO c.h.h.t.OperatorHelmChartContainer - [test-hivemq-6ff45d747b] [hivemq] [51a6e698] + set +e
2025-01-29 18:38:22,241 INFO c.h.h.t.OperatorHelmChartContainer - [test-hivemq-6ff45d747b] [hivemq] [51a6e698] + [[ -f /opt/hivemq/extensions/hivemq-google-cloud-pubsub-extension/DISABLED ]]
2025-01-29 18:38:22,241 INFO c.h.h.t.OperatorHelmChartContainer - [test-hivemq-6ff45d747b] [hivemq] [51a6e698] + was_enabled=0
2025-01-29 18:38:22,241 INFO c.h.h.t.OperatorHelmChartContainer - [test-hivemq-6ff45d747b] [hivemq] [51a6e698] + set -e
2025-01-29 18:38:22,241 INFO c.h.h.t.OperatorHelmChartContainer - [test-hivemq-6ff45d747b] [hivemq] [51a6e698] + [[ preinstalled != \p\r\e\i\n\s\t\a\l\l\e\d ]]
2025-01-29 18:38:22,241 INFO c.h.h.t.OperatorHelmChartContainer - [test-hivemq-6ff45d747b] [hivemq] [51a6e698] + [[ false == \f\a\l\s\e ]]
2025-01-29 18:38:22,241 INFO c.h.h.t.OperatorHelmChartContainer - [test-hivemq-6ff45d747b] [hivemq] [51a6e698] + touch /opt/hivemq/extensions/hivemq-google-cloud-pubsub-extension/DISABLED
2025-01-29 18:38:22,241 INFO c.h.h.t.OperatorHelmChartContainer - [test-hivemq-6ff45d747b] [hivemq] [51a6e698] + was_enabled=0
2025-01-29 18:38:22,241 INFO c.h.h.t.OperatorHelmChartContainer - [test-hivemq-6ff45d747b] [hivemq] [51a6e698] + [[ preinstalled != \p\r\e\i\n\s\t\a\l\l\e\d ]]
2025-01-29 18:38:22,241 INFO c.h.h.t.OperatorHelmChartContainer - [test-hivemq-6ff45d747b] [hivemq] [51a6e698] + /opt/hivemq/bin/run_initialization.sh hivemq-google-cloud-pubsub-extension
2025-01-29 18:38:22,241 INFO c.h.h.t.OperatorHelmChartContainer - [test-hivemq-6ff45d747b] [hivemq] [51a6e698] + EXTENSION_NAME=hivemq-google-cloud-pubsub-extension
2025-01-29 18:38:22,241 INFO c.h.h.t.OperatorHelmChartContainer - [test-hivemq-6ff45d747b] [hivemq] [51a6e698] + TARGET_DIR=/opt/hivemq/extensions/hivemq-google-cloud-pubsub-extension
2025-01-29 18:38:22,241 INFO c.h.h.t.OperatorHelmChartContainer - [test-hivemq-6ff45d747b] [hivemq] [51a6e698] + cd /opt/hivemq/extensions/hivemq-google-cloud-pubsub-extension
2025-01-29 18:38:22,241 INFO c.h.h.t.OperatorHelmChartContainer - [POD] svclb-hivemq-test-hivemq-mqtt-1ff132a7-8q7br [7989c5d5-1b58-4f42-a508-c9c3606cafab] in kube-system was ADDED
2025-01-29 18:38:22,241 INFO c.h.h.t.OperatorHelmChartContainer - [test-hivemq-6ff45d747b] [hivemq] [51a6e698] + [[ -f init_tmp ]]
2025-01-29 18:38:22,241 INFO c.h.h.t.OperatorHelmChartContainer - [test-hivemq-6ff45d747b] [hivemq] [51a6e698] + [[ -f /etc/podinfo/init-extension-hivemq-google-cloud-pubsub-extension ]]
2025-01-29 18:38:22,241 INFO c.h.h.t.OperatorHelmChartContainer - [test-hivemq-6ff45d747b] [hivemq] [51a6e698] Installing extension #2 with name: hivemq-bridge-extension, URI: preinstalled, enabled state: false
2025-01-29 18:38:22,241 INFO c.h.h.t.OperatorHelmChartContainer - [test-hivemq-6ff45d747b] [hivemq] [51a6e698] + [[ 3 != 3 ]]
2025-01-29 18:38:22,241 INFO c.h.h.t.OperatorHelmChartContainer - [test-hivemq-6ff45d747b] [hivemq] [51a6e698] + EXTENSION_URI=preinstalled
2025-01-29 18:38:22,241 INFO c.h.h.t.OperatorHelmChartContainer - [test-hivemq-6ff45d747b] [hivemq] [51a6e698] + EXTENSION_NAME=hivemq-bridge-extension
2025-01-29 18:38:22,241 INFO c.h.h.t.OperatorHelmChartContainer - [test-hivemq-6ff45d747b] [hivemq] [51a6e698] + TARGET_STATE=false
2025-01-29 18:38:22,241 INFO c.h.h.t.OperatorHelmChartContainer - [test-hivemq-6ff45d747b] [hivemq] [51a6e698] + TARGET_DIR=/opt/hivemq/extensions/hivemq-bridge-extension
2025-01-29 18:38:22,241 INFO c.h.h.t.OperatorHelmChartContainer - [test-hivemq-6ff45d747b] [hivemq] [51a6e698] ++ mktemp -d
2025-01-29 18:38:22,241 INFO c.h.h.t.OperatorHelmChartContainer - [test-hivemq-6ff45d747b] [hivemq] [51a6e698] + install_dir=/tmp/tmp.qVtPHYUpfA
2025-01-29 18:38:22,241 INFO c.h.h.t.OperatorHelmChartContainer - [test-hivemq-6ff45d747b] [hivemq] [51a6e698] + set +e
2025-01-29 18:38:22,241 INFO c.h.h.t.OperatorHelmChartContainer - [test-hivemq-6ff45d747b] [hivemq] [51a6e698] + [[ -f /opt/hivemq/extensions/hivemq-bridge-extension/DISABLED ]]
2025-01-29 18:38:22,241 INFO c.h.h.t.OperatorHelmChartContainer - [test-hivemq-6ff45d747b] [hivemq] [51a6e698] + was_enabled=0
2025-01-29 18:38:22,241 INFO c.h.h.t.OperatorHelmChartContainer - [test-hivemq-6ff45d747b] [hivemq] [51a6e698] + set -e
2025-01-29 18:38:22,241 INFO c.h.h.t.OperatorHelmChartContainer - [test-hivemq-6ff45d747b] [hivemq] [51a6e698] + [[ preinstalled != \p\r\e\i\n\s\t\a\l\l\e\d ]]
2025-01-29 18:38:22,242 INFO c.h.h.t.OperatorHelmChartContainer - [test-hivemq-6ff45d747b] [hivemq] [51a6e698] + [[ false == \f\a\l\s\e ]]
2025-01-29 18:38:22,242 INFO c.h.h.t.OperatorHelmChartContainer - [test-hivemq-6ff45d747b] [hivemq] [51a6e698] + touch /opt/hivemq/extensions/hivemq-bridge-extension/DISABLED
2025-01-29 18:38:22,242 INFO c.h.h.t.OperatorHelmChartContainer - [test-hivemq-6ff45d747b] [hivemq] [51a6e698] + was_enabled=0
2025-01-29 18:38:22,242 INFO c.h.h.t.OperatorHelmChartContainer - [test-hivemq-6ff45d747b] [hivemq] [51a6e698] + [[ preinstalled != \p\r\e\i\n\s\t\a\l\l\e\d ]]
2025-01-29 18:38:22,242 INFO c.h.h.t.OperatorHelmChartContainer - [test-hivemq-6ff45d747b] [hivemq] [51a6e698] + /opt/hivemq/bin/run_initialization.sh hivemq-bridge-extension
2025-01-29 18:38:22,242 INFO c.h.h.t.OperatorHelmChartContainer - [test-hivemq-6ff45d747b] [hivemq] [51a6e698] + EXTENSION_NAME=hivemq-bridge-extension
2025-01-29 18:38:22,242 INFO c.h.h.t.OperatorHelmChartContainer - [test-hivemq-6ff45d747b] [hivemq] [51a6e698] + TARGET_DIR=/opt/hivemq/extensions/hivemq-bridge-extension
2025-01-29 18:38:22,242 INFO c.h.h.t.OperatorHelmChartContainer - [test-hivemq-6ff45d747b] [hivemq] [51a6e698] + cd /opt/hivemq/extensions/hivemq-bridge-extension
2025-01-29 18:38:22,242 INFO c.h.h.t.OperatorHelmChartContainer - [test-hivemq-6ff45d747b] [hivemq] [51a6e698] + [[ -f init_tmp ]]
2025-01-29 18:38:22,244 INFO c.h.h.t.OperatorHelmChartContainer - [test-hivemq-6ff45d747b] [hivemq] [51a6e698] + [[ -f /etc/podinfo/init-extension-hivemq-bridge-extension ]]
2025-01-29 18:38:22,244 INFO c.h.h.t.OperatorHelmChartContainer - [test-hivemq-6ff45d747b] [hivemq] [51a6e698] Installing extension #3 with name: hivemq-enterprise-security-extension, URI: preinstalled, enabled state: false
2025-01-29 18:38:22,244 INFO c.h.h.t.OperatorHelmChartContainer - [test-hivemq-6ff45d747b] [hivemq] [51a6e698] + [[ 3 != 3 ]]
2025-01-29 18:38:22,244 INFO c.h.h.t.OperatorHelmChartContainer - [test-hivemq-6ff45d747b] [hivemq] [51a6e698] + EXTENSION_URI=preinstalled
2025-01-29 18:38:22,244 INFO c.h.h.t.OperatorHelmChartContainer - [test-hivemq-6ff45d747b] [hivemq] [51a6e698] + EXTENSION_NAME=hivemq-enterprise-security-extension
2025-01-29 18:38:22,244 INFO c.h.h.t.OperatorHelmChartContainer - [test-hivemq-6ff45d747b] [hivemq] [51a6e698] + TARGET_STATE=false
2025-01-29 18:38:22,244 INFO c.h.h.t.OperatorHelmChartContainer - [test-hivemq-6ff45d747b] [hivemq] [51a6e698] + TARGET_DIR=/opt/hivemq/extensions/hivemq-enterprise-security-extension
2025-01-29 18:38:22,244 INFO c.h.h.t.OperatorHelmChartContainer - [test-hivemq-6ff45d747b] [hivemq] [51a6e698] ++ mktemp -d
2025-01-29 18:38:22,244 INFO c.h.h.t.OperatorHelmChartContainer - [test-hivemq-6ff45d747b] [hivemq] [51a6e698] + install_dir=/tmp/tmp.utKYwaMMYk
2025-01-29 18:38:22,244 INFO c.h.h.t.OperatorHelmChartContainer - [test-hivemq-6ff45d747b] [hivemq] [51a6e698] + set +e
2025-01-29 18:38:22,244 INFO c.h.h.t.OperatorHelmChartContainer - [test-hivemq-6ff45d747b] [hivemq] [51a6e698] + [[ -f /opt/hivemq/extensions/hivemq-enterprise-security-extension/DISABLED ]]
2025-01-29 18:38:22,244 INFO c.h.h.t.OperatorHelmChartContainer - [test-hivemq-6ff45d747b] [hivemq] [51a6e698] + was_enabled=0
2025-01-29 18:38:22,244 INFO c.h.h.t.OperatorHelmChartContainer - [test-hivemq-6ff45d747b] [hivemq] [51a6e698] + set -e
2025-01-29 18:38:22,244 INFO c.h.h.t.OperatorHelmChartContainer - [test-hivemq-6ff45d747b] [hivemq] [51a6e698] + [[ preinstalled != \p\r\e\i\n\s\t\a\l\l\e\d ]]
2025-01-29 18:38:22,244 INFO c.h.h.t.OperatorHelmChartContainer - [test-hivemq-6ff45d747b] [hivemq] [51a6e698] + [[ false == \f\a\l\s\e ]]
2025-01-29 18:38:22,244 INFO c.h.h.t.OperatorHelmChartContainer - [test-hivemq-6ff45d747b] [hivemq] [51a6e698] + touch /opt/hivemq/extensions/hivemq-enterprise-security-extension/DISABLED
2025-01-29 18:38:22,244 INFO c.h.h.t.OperatorHelmChartContainer - [test-hivemq-6ff45d747b] [hivemq] [51a6e698] + was_enabled=0
2025-01-29 18:38:22,244 INFO c.h.h.t.OperatorHelmChartContainer - [test-hivemq-6ff45d747b] [hivemq] [51a6e698] + [[ preinstalled != \p\r\e\i\n\s\t\a\l\l\e\d ]]
2025-01-29 18:38:22,244 INFO c.h.h.t.OperatorHelmChartContainer - [test-hivemq-6ff45d747b] [hivemq] [51a6e698] + /opt/hivemq/bin/run_initialization.sh hivemq-enterprise-security-extension
2025-01-29 18:38:22,244 INFO c.h.h.t.OperatorHelmChartContainer - [test-hivemq-6ff45d747b] [hivemq] [51a6e698] + EXTENSION_NAME=hivemq-enterprise-security-extension
2025-01-29 18:38:22,244 INFO c.h.h.t.OperatorHelmChartContainer - [test-hivemq-6ff45d747b] [hivemq] [51a6e698] + TARGET_DIR=/opt/hivemq/extensions/hivemq-enterprise-security-extension
2025-01-29 18:38:22,244 INFO c.h.h.t.OperatorHelmChartContainer - [test-hivemq-6ff45d747b] [hivemq] [51a6e698] + cd /opt/hivemq/extensions/hivemq-enterprise-security-extension
2025-01-29 18:38:22,244 INFO c.h.h.t.OperatorHelmChartContainer - [test-hivemq-6ff45d747b] [hivemq] [51a6e698] + [[ -f init_tmp ]]
2025-01-29 18:38:22,244 INFO c.h.h.t.OperatorHelmChartContainer - [test-hivemq-6ff45d747b] [hivemq] [51a6e698] + [[ -f /etc/podinfo/init-extension-hivemq-enterprise-security-extension ]]
2025-01-29 18:38:22,244 INFO c.h.h.t.OperatorHelmChartContainer - [test-hivemq-6ff45d747b] [hivemq] [51a6e698] + echo 'Using init script from config map'
2025-01-29 18:38:22,244 INFO c.h.h.t.OperatorHelmChartContainer - [test-hivemq-6ff45d747b] [hivemq] [51a6e698] + cat /etc/podinfo/init-extension-hivemq-enterprise-security-extension
2025-01-29 18:38:22,244 INFO c.h.h.t.OperatorHelmChartContainer - [test-hivemq-6ff45d747b] [hivemq] [51a6e698] Using init script from config map
2025-01-29 18:38:22,244 INFO c.h.h.t.OperatorHelmChartContainer - [test-hivemq-6ff45d747b] [hivemq] [51a6e698] + echo 'Executing initialization script'
2025-01-29 18:38:22,244 INFO c.h.h.t.OperatorHelmChartContainer - [test-hivemq-6ff45d747b] [hivemq] [51a6e698] + chmod +x init
2025-01-29 18:38:22,244 INFO c.h.h.t.OperatorHelmChartContainer - [test-hivemq-6ff45d747b] [hivemq] [51a6e698] Executing initialization script
2025-01-29 18:38:22,244 INFO c.h.h.t.OperatorHelmChartContainer - [test-hivemq-6ff45d747b] [hivemq] [51a6e698] + ./init
2025-01-29 18:38:22,244 INFO c.h.h.t.OperatorHelmChartContainer - [test-hivemq-6ff45d747b] [hivemq] [51a6e698]   % Total    % Received % Xferd  Average Speed   Time    Time     Time  Current
2025-01-29 18:38:22,244 INFO c.h.h.t.OperatorHelmChartContainer - [test-hivemq-6ff45d747b] [hivemq] [51a6e698]                                  Dload  Upload   Total   Spent    Left  Speed
2025-01-29 18:38:22,244 INFO c.h.h.t.OperatorHelmChartContainer - [test-hivemq-6ff45d747b] [hivemq] [51a6e698] 
2025-01-29 18:38:22,245 INFO c.h.h.t.OperatorHelmChartContainer - [test-hivemq-6ff45d747b] [hivemq] [51a6e698]   0     0    0     0    0     0      0      0 --:--:-- --:--:-- --:--:--     0
2025-01-29 18:38:22,245 INFO c.h.h.t.OperatorHelmChartContainer - [test-hivemq-6ff45d747b] [hivemq] [51a6e698] 100  910k  100  910k    0     0  1463k      0 --:--:-- --:--:-- --:--:-- 1464k
2025-01-29 18:38:22,245 INFO c.h.h.t.OperatorHelmChartContainer - [test-hivemq-6ff45d747b] [hivemq] [51a6e698] Installing extension #4 with name: hivemq-distributed-tracing-extension, URI: preinstalled, enabled state: false
2025-01-29 18:38:22,245 INFO c.h.h.t.OperatorHelmChartContainer - [test-hivemq-6ff45d747b] [hivemq] [51a6e698] + [[ 3 != 3 ]]
2025-01-29 18:38:22,245 INFO c.h.h.t.OperatorHelmChartContainer - [test-hivemq-6ff45d747b] [hivemq] [51a6e698] + EXTENSION_URI=preinstalled
2025-01-29 18:38:22,245 INFO c.h.h.t.OperatorHelmChartContainer - [test-hivemq-6ff45d747b] [hivemq] [51a6e698] + EXTENSION_NAME=hivemq-distributed-tracing-extension
2025-01-29 18:38:22,245 INFO c.h.h.t.OperatorHelmChartContainer - [test-hivemq-6ff45d747b] [hivemq] [51a6e698] + TARGET_STATE=false
2025-01-29 18:38:22,245 INFO c.h.h.t.OperatorHelmChartContainer - [test-hivemq-6ff45d747b] [hivemq] [51a6e698] + TARGET_DIR=/opt/hivemq/extensions/hivemq-distributed-tracing-extension
2025-01-29 18:38:22,245 INFO c.h.h.t.OperatorHelmChartContainer - [test-hivemq-6ff45d747b] [hivemq] [51a6e698] ++ mktemp -d
2025-01-29 18:38:22,245 INFO c.h.h.t.OperatorHelmChartContainer - [test-hivemq-6ff45d747b] [hivemq] [51a6e698] + install_dir=/tmp/tmp.UfBlz6ioSk
2025-01-29 18:38:22,245 INFO c.h.h.t.OperatorHelmChartContainer - [test-hivemq-6ff45d747b] [hivemq] [51a6e698] + set +e
2025-01-29 18:38:22,245 INFO c.h.h.t.OperatorHelmChartContainer - [test-hivemq-6ff45d747b] [hivemq] [51a6e698] + [[ -f /opt/hivemq/extensions/hivemq-distributed-tracing-extension/DISABLED ]]
2025-01-29 18:38:22,245 INFO c.h.h.t.OperatorHelmChartContainer - [test-hivemq-6ff45d747b] [hivemq] [51a6e698] + was_enabled=0
2025-01-29 18:38:22,245 INFO c.h.h.t.OperatorHelmChartContainer - [test-hivemq-6ff45d747b] [hivemq] [51a6e698] + set -e
2025-01-29 18:38:22,245 INFO c.h.h.t.OperatorHelmChartContainer - [test-hivemq-6ff45d747b] [hivemq] [51a6e698] + [[ preinstalled != \p\r\e\i\n\s\t\a\l\l\e\d ]]
2025-01-29 18:38:22,245 INFO c.h.h.t.OperatorHelmChartContainer - [test-hivemq-6ff45d747b] [hivemq] [51a6e698] + [[ false == \f\a\l\s\e ]]
2025-01-29 18:38:22,245 INFO c.h.h.t.OperatorHelmChartContainer - [test-hivemq-6ff45d747b] [hivemq] [51a6e698] + touch /opt/hivemq/extensions/hivemq-distributed-tracing-extension/DISABLED
2025-01-29 18:38:22,245 INFO c.h.h.t.OperatorHelmChartContainer - [test-hivemq-6ff45d747b] [hivemq] [51a6e698] + was_enabled=0
2025-01-29 18:38:22,245 INFO c.h.h.t.OperatorHelmChartContainer - [test-hivemq-6ff45d747b] [hivemq] [51a6e698] + [[ preinstalled != \p\r\e\i\n\s\t\a\l\l\e\d ]]
2025-01-29 18:38:22,245 INFO c.h.h.t.OperatorHelmChartContainer - [test-hivemq-6ff45d747b] [hivemq] [51a6e698] + /opt/hivemq/bin/run_initialization.sh hivemq-distributed-tracing-extension
2025-01-29 18:38:22,245 INFO c.h.h.t.OperatorHelmChartContainer - [test-hivemq-6ff45d747b] [hivemq] [51a6e698] + EXTENSION_NAME=hivemq-distributed-tracing-extension
2025-01-29 18:38:22,245 INFO c.h.h.t.OperatorHelmChartContainer - [test-hivemq-6ff45d747b] [hivemq] [51a6e698] + TARGET_DIR=/opt/hivemq/extensions/hivemq-distributed-tracing-extension
2025-01-29 18:38:22,245 INFO c.h.h.t.OperatorHelmChartContainer - [test-hivemq-6ff45d747b] [hivemq] [51a6e698] + cd /opt/hivemq/extensions/hivemq-distributed-tracing-extension
2025-01-29 18:38:22,245 INFO c.h.h.t.OperatorHelmChartContainer - [test-hivemq-6ff45d747b] [hivemq] [51a6e698] + [[ -f init_tmp ]]
2025-01-29 18:38:22,245 INFO c.h.h.t.OperatorHelmChartContainer - [test-hivemq-6ff45d747b] [hivemq] [51a6e698] + [[ -f /etc/podinfo/init-extension-hivemq-distributed-tracing-extension ]]
2025-01-29 18:38:22,245 INFO c.h.h.t.OperatorHelmChartContainer - [test-hivemq-6ff45d747b] [hivemq] [51a6e698] Installing extension #5 with name: hivemq-amazon-kinesis-extension, URI: preinstalled, enabled state: false
2025-01-29 18:38:22,245 INFO c.h.h.t.OperatorHelmChartContainer - [test-hivemq-6ff45d747b] [hivemq] [51a6e698] + [[ 3 != 3 ]]
2025-01-29 18:38:22,245 INFO c.h.h.t.OperatorHelmChartContainer - [test-hivemq-6ff45d747b] [hivemq] [51a6e698] + EXTENSION_URI=preinstalled
2025-01-29 18:38:22,245 INFO c.h.h.t.OperatorHelmChartContainer - [test-hivemq-6ff45d747b] [hivemq] [51a6e698] + EXTENSION_NAME=hivemq-amazon-kinesis-extension
2025-01-29 18:38:22,245 INFO c.h.h.t.OperatorHelmChartContainer - [test-hivemq-6ff45d747b] [hivemq] [51a6e698] + TARGET_STATE=false
2025-01-29 18:38:22,245 INFO c.h.h.t.OperatorHelmChartContainer - [test-hivemq-6ff45d747b] [hivemq] [51a6e698] + TARGET_DIR=/opt/hivemq/extensions/hivemq-amazon-kinesis-extension
2025-01-29 18:38:22,245 INFO c.h.h.t.OperatorHelmChartContainer - [test-hivemq-6ff45d747b] [hivemq] [51a6e698] ++ mktemp -d
2025-01-29 18:38:22,245 INFO c.h.h.t.OperatorHelmChartContainer - [test-hivemq-6ff45d747b] [hivemq] [51a6e698] + install_dir=/tmp/tmp.TsxmrXF2EQ
2025-01-29 18:38:22,245 INFO c.h.h.t.OperatorHelmChartContainer - [test-hivemq-6ff45d747b] [hivemq] [51a6e698] + set +e
2025-01-29 18:38:22,245 INFO c.h.h.t.OperatorHelmChartContainer - [test-hivemq-6ff45d747b] [hivemq] [51a6e698] + [[ -f /opt/hivemq/extensions/hivemq-amazon-kinesis-extension/DISABLED ]]
2025-01-29 18:38:22,245 INFO c.h.h.t.OperatorHelmChartContainer - [test-hivemq-6ff45d747b] [hivemq] [51a6e698] + was_enabled=0
2025-01-29 18:38:22,245 INFO c.h.h.t.OperatorHelmChartContainer - [test-hivemq-6ff45d747b] [hivemq] [51a6e698] + set -e
2025-01-29 18:38:22,245 INFO c.h.h.t.OperatorHelmChartContainer - [test-hivemq-6ff45d747b] [hivemq] [51a6e698] + [[ preinstalled != \p\r\e\i\n\s\t\a\l\l\e\d ]]
2025-01-29 18:38:22,245 INFO c.h.h.t.OperatorHelmChartContainer - [test-hivemq-6ff45d747b] [hivemq] [51a6e698] + [[ false == \f\a\l\s\e ]]
2025-01-29 18:38:22,245 INFO c.h.h.t.OperatorHelmChartContainer - [test-hivemq-6ff45d747b] [hivemq] [51a6e698] + touch /opt/hivemq/extensions/hivemq-amazon-kinesis-extension/DISABLED
2025-01-29 18:38:22,245 INFO c.h.h.t.OperatorHelmChartContainer - [test-hivemq-6ff45d747b] [hivemq] [51a6e698] + was_enabled=0
2025-01-29 18:38:22,245 INFO c.h.h.t.OperatorHelmChartContainer - [test-hivemq-6ff45d747b] [hivemq] [51a6e698] + [[ preinstalled != \p\r\e\i\n\s\t\a\l\l\e\d ]]
2025-01-29 18:38:22,245 INFO c.h.h.t.OperatorHelmChartContainer - [test-hivemq-6ff45d747b] [hivemq] [51a6e698] + /opt/hivemq/bin/run_initialization.sh hivemq-amazon-kinesis-extension
2025-01-29 18:38:22,245 INFO c.h.h.t.OperatorHelmChartContainer - [test-hivemq-6ff45d747b] [hivemq] [51a6e698] + EXTENSION_NAME=hivemq-amazon-kinesis-extension
2025-01-29 18:38:22,245 INFO c.h.h.t.OperatorHelmChartContainer - [test-hivemq-6ff45d747b] [hivemq] [51a6e698] + TARGET_DIR=/opt/hivemq/extensions/hivemq-amazon-kinesis-extension
2025-01-29 18:38:22,245 INFO c.h.h.t.OperatorHelmChartContainer - [test-hivemq-6ff45d747b] [hivemq] [51a6e698] + cd /opt/hivemq/extensions/hivemq-amazon-kinesis-extension
2025-01-29 18:38:22,245 INFO c.h.h.t.OperatorHelmChartContainer - [test-hivemq-6ff45d747b] [hivemq] [51a6e698] + [[ -f init_tmp ]]
2025-01-29 18:38:22,245 INFO c.h.h.t.OperatorHelmChartContainer - [test-hivemq-6ff45d747b] [hivemq] [51a6e698] + [[ -f /etc/podinfo/init-extension-hivemq-amazon-kinesis-extension ]]
2025-01-29 18:38:22,245 INFO c.h.h.t.OperatorHelmChartContainer - [test-hivemq-6ff45d747b] [hivemq] [51a6e698] -------------------------------------------------------------------------
2025-01-29 18:38:22,245 INFO c.h.h.t.OperatorHelmChartContainer - [test-hivemq-6ff45d747b] [hivemq] [51a6e698] 
2025-01-29 18:38:22,245 INFO c.h.h.t.OperatorHelmChartContainer - [test-hivemq-6ff45d747b] [hivemq] [51a6e698]                   _    _  _              __  __   ____
2025-01-29 18:38:22,245 INFO c.h.h.t.OperatorHelmChartContainer - [test-hivemq-6ff45d747b] [hivemq] [51a6e698]                  | |  | |(_)            |  \/  | / __ \
2025-01-29 18:38:22,246 INFO c.h.h.t.OperatorHelmChartContainer - [test-hivemq-6ff45d747b] [hivemq] [51a6e698]                  | |__| | _ __   __ ___ | \  / || |  | |
2025-01-29 18:38:22,246 INFO c.h.h.t.OperatorHelmChartContainer - [test-hivemq-6ff45d747b] [hivemq] [51a6e698]                  |  __  || |\ \ / // _ \| |\/| || |  | |
2025-01-29 18:38:22,246 INFO c.h.h.t.OperatorHelmChartContainer - [test-hivemq-6ff45d747b] [hivemq] [51a6e698]                  | |  | || | \ V /|  __/| |  | || |__| |
2025-01-29 18:38:22,246 INFO c.h.h.t.OperatorHelmChartContainer - [test-hivemq-6ff45d747b] [hivemq] [51a6e698]                  |_|  |_||_|  \_/  \___||_|  |_| \___\_\
2025-01-29 18:38:22,246 INFO c.h.h.t.OperatorHelmChartContainer - [test-hivemq-6ff45d747b] [hivemq] [51a6e698] 
2025-01-29 18:38:22,246 INFO c.h.h.t.OperatorHelmChartContainer - [test-hivemq-6ff45d747b] [hivemq] [51a6e698] -------------------------------------------------------------------------
2025-01-29 18:38:22,246 INFO c.h.h.t.OperatorHelmChartContainer - [test-hivemq-6ff45d747b] [hivemq] [51a6e698] 
2025-01-29 18:38:22,246 INFO c.h.h.t.OperatorHelmChartContainer - [test-hivemq-6ff45d747b] [hivemq] [51a6e698]   HiveMQ Start Script for Linux/Unix v1.14
2025-01-29 18:38:22,246 INFO c.h.h.t.OperatorHelmChartContainer - [test-hivemq-6ff45d747b] [hivemq] [51a6e698] 
2025-01-29 18:38:22,246 INFO c.h.h.t.OperatorHelmChartContainer - [test-hivemq-6ff45d747b] [hivemq] [51a6e698] -------------------------------------------------------------------------
2025-01-29 18:38:22,246 INFO c.h.h.t.OperatorHelmChartContainer - [test-hivemq-6ff45d747b] [hivemq] [51a6e698] 
2025-01-29 18:38:22,246 INFO c.h.h.t.OperatorHelmChartContainer - [test-hivemq-6ff45d747b] [hivemq] [51a6e698]   HIVEMQ_HOME: /opt/hivemq
2025-01-29 18:38:22,246 INFO c.h.h.t.OperatorHelmChartContainer - [test-hivemq-6ff45d747b] [hivemq] [51a6e698] 
2025-01-29 18:38:22,242 INFO c.h.h.t.OperatorHelmChartContainer - [EVENT] Warning [Unhealthy] Liveness probe failed: dial tcp 10.42.0.7:1883: connect: connection refused [default:test-hivemq-6ff45d747b-qzlzh]
2025-01-29 18:38:22,246 INFO c.h.h.t.OperatorHelmChartContainer - Received Unhealthy event for container hivemq in pod test-hivemq-6ff45d747b-qzlzh [51a6e698-0492-4049-a142-a6f0165a829a]
2025-01-29 18:38:22,246 INFO c.h.h.t.OperatorHelmChartContainer - [EVENT] Normal [SuccessfulCreate] Created pod: test-hivemq-6ff45d747b-qzlzh [default:test-hivemq-6ff45d747b]
2025-01-29 18:38:22,247 INFO c.h.h.t.OperatorHelmChartContainer - [EVENT] Normal [Scheduled] Successfully assigned default/test-hivemq-hivemq-operator-operator-bc4cbf748-cj6kb to f24e59ddbf70 [default:test-hivemq-hivemq-operator-operator-bc4cbf748-cj6kb]
2025-01-29 18:38:22,248 INFO c.h.h.t.OperatorHelmChartContainer - [EVENT] Normal [Pulled] Container image "hivemq/hivemq-operator:snapshot" already present on machine [default:test-hivemq-hivemq-operator-operator-bc4cbf748-cj6kb]
2025-01-29 18:38:22,248 INFO c.h.h.t.OperatorHelmChartContainer - Received Pulled event for container operator in pod test-hivemq-hivemq-operator-operator-bc4cbf748-cj6kb [3caffcfb-1d4b-4306-bedf-4284ccb3e535]
2025-01-29 18:38:22,248 INFO c.h.h.t.OperatorHelmChartContainer - [EVENT] Normal [Created] Created container: operator [default:test-hivemq-hivemq-operator-operator-bc4cbf748-cj6kb]
2025-01-29 18:38:22,248 INFO c.h.h.t.OperatorHelmChartContainer - Received Created event for container operator in pod test-hivemq-hivemq-operator-operator-bc4cbf748-cj6kb [3caffcfb-1d4b-4306-bedf-4284ccb3e535]
2025-01-29 18:38:22,249 INFO c.h.h.t.OperatorHelmChartContainer - [test-hivemq-6ff45d747b] [hivemq] [51a6e698]   JAVA_OPTS: -XX:+UnlockExperimentalVMOptions -XX:InitialRAMPercentage=40 -XX:MaxRAMPercentage=50 -XX:MinRAMPercentage=30 -Djava.net.preferIPv4Stack=true --add-opens java.base/java.lang=ALL-UNNAMED --add-opens java.base/java.nio=ALL-UNNAMED --add-opens java.base/sun.nio.ch=ALL-UNNAMED --add-opens jdk.management/com.sun.management.internal=ALL-UNNAMED --add-exports java.base/jdk.internal.misc=ALL-UNNAMED -Djava.security.egd=file:/dev/./urandom -Dcom.sun.management.jmxremote -Dcom.sun.management.jmxremote.port=9010 -Dcom.sun.management.jmxremote.local.only=false -Dcom.sun.management.jmxremote.authenticate=false -Dcom.sun.management.jmxremote.ssl=false -Duser.language=en -Duser.region=US -XX:+CrashOnOutOfMemoryError -XX:+HeapDumpOnOutOfMemoryError
2025-01-29 18:38:22,249 INFO c.h.h.t.OperatorHelmChartContainer - [test-hivemq-6ff45d747b] [hivemq] [51a6e698] 
2025-01-29 18:38:22,249 INFO c.h.h.t.OperatorHelmChartContainer - [test-hivemq-6ff45d747b] [hivemq] [51a6e698]   JAVA_VERSION: 21
2025-01-29 18:38:22,249 INFO c.h.h.t.OperatorHelmChartContainer - [test-hivemq-6ff45d747b] [hivemq] [51a6e698] 
2025-01-29 18:38:22,250 INFO c.h.h.t.OperatorHelmChartContainer - [test-hivemq-6ff45d747b] [hivemq] [51a6e698] -------------------------------------------------------------------------
2025-01-29 18:38:22,250 INFO c.h.h.t.OperatorHelmChartContainer - [test-hivemq-6ff45d747b] [hivemq] [51a6e698] 
2025-01-29 18:38:22,250 INFO c.h.h.t.OperatorHelmChartContainer - [test-hivemq-6ff45d747b] [hivemq] [51a6e698] INFO  - Starting HiveMQ Enterprise Server
2025-01-29 18:38:22,250 INFO c.h.h.t.OperatorHelmChartContainer - [test-hivemq-6ff45d747b] [hivemq] [51a6e698] INFO  - HiveMQ version: 4.36.0
2025-01-29 18:38:22,250 INFO c.h.h.t.OperatorHelmChartContainer - [test-hivemq-6ff45d747b] [hivemq] [51a6e698] INFO  - HiveMQ home directory: /opt/hivemq
2025-01-29 18:38:22,250 INFO c.h.h.t.OperatorHelmChartContainer - [test-hivemq-6ff45d747b] [hivemq] [51a6e698] INFO  - Log Configuration was overridden by /opt/hivemq/conf/logback.xml
2025-01-29 18:38:22,250 INFO c.h.h.t.OperatorHelmChartContainer - [test-hivemq-6ff45d747b] [hivemq] [51a6e698] DEBUG - Adding TCP Listener on bind address 0.0.0.0 and port 1883. Name: tcp-listener-1883. Proxy Protocol supported: false
2025-01-29 18:38:22,250 INFO c.h.h.t.OperatorHelmChartContainer - [test-hivemq-6ff45d747b] [hivemq] [51a6e698] DEBUG - Setting retained messages enabled to true
2025-01-29 18:38:22,250 INFO c.h.h.t.OperatorHelmChartContainer - [test-hivemq-6ff45d747b] [hivemq] [51a6e698] DEBUG - Setting wildcard subscriptions enabled to true
2025-01-29 18:38:22,250 INFO c.h.h.t.OperatorHelmChartContainer - [test-hivemq-6ff45d747b] [hivemq] [51a6e698] DEBUG - Setting subscription identifier enabled to true
2025-01-29 18:38:22,250 INFO c.h.h.t.OperatorHelmChartContainer - [test-hivemq-6ff45d747b] [hivemq] [51a6e698] DEBUG - Setting shared subscriptions enabled to true
2025-01-29 18:38:22,250 INFO c.h.h.t.OperatorHelmChartContainer - [test-hivemq-6ff45d747b] [hivemq] [51a6e698] DEBUG - Setting maximum qos to EXACTLY_ONCE 
2025-01-29 18:38:22,250 INFO c.h.h.t.OperatorHelmChartContainer - [test-hivemq-6ff45d747b] [hivemq] [51a6e698] DEBUG - Setting topic alias enabled to true
2025-01-29 18:38:22,250 INFO c.h.h.t.OperatorHelmChartContainer - [test-hivemq-6ff45d747b] [hivemq] [51a6e698] DEBUG - Setting topic alias maximum per client to 5
2025-01-29 18:38:22,250 INFO c.h.h.t.OperatorHelmChartContainer - [test-hivemq-6ff45d747b] [hivemq] [51a6e698] DEBUG - Setting the number of max queued messages  per client to 1000 entries
2025-01-29 18:38:22,250 INFO c.h.h.t.OperatorHelmChartContainer - [test-hivemq-6ff45d747b] [hivemq] [51a6e698] DEBUG - Setting queued messages strategy for each client to DISCARD
2025-01-29 18:38:22,250 INFO c.h.h.t.OperatorHelmChartContainer - [test-hivemq-6ff45d747b] [hivemq] [51a6e698] DEBUG - Setting the expiry interval for client sessions to 4294967295 seconds
2025-01-29 18:38:22,250 INFO c.h.h.t.OperatorHelmChartContainer - [test-hivemq-6ff45d747b] [hivemq] [51a6e698] DEBUG - Setting the expiry interval for publish messages to 4294967296 seconds
2025-01-29 18:38:22,250 INFO c.h.h.t.OperatorHelmChartContainer - [test-hivemq-6ff45d747b] [hivemq] [51a6e698] DEBUG - Setting the server receive maximum to 10
2025-01-29 18:38:22,250 INFO c.h.h.t.OperatorHelmChartContainer - [test-hivemq-6ff45d747b] [hivemq] [51a6e698] DEBUG - Setting keep alive maximum to 65535 seconds
2025-01-29 18:38:22,250 INFO c.h.h.t.OperatorHelmChartContainer - [test-hivemq-6ff45d747b] [hivemq] [51a6e698] DEBUG - Setting keep alive allow zero to true
2025-01-29 18:38:22,250 INFO c.h.h.t.OperatorHelmChartContainer - [test-hivemq-6ff45d747b] [hivemq] [51a6e698] DEBUG - Setting the maximum packet size for mqtt messages 268435460 bytes
2025-01-29 18:38:22,250 INFO c.h.h.t.OperatorHelmChartContainer - [test-hivemq-6ff45d747b] [hivemq] [51a6e698] DEBUG - Setting global maximum allowed connections to -1
2025-01-29 18:38:22,250 INFO c.h.h.t.OperatorHelmChartContainer - [test-hivemq-6ff45d747b] [hivemq] [51a6e698] DEBUG - Setting the maximum client id length to 65535
2025-01-29 18:38:22,250 INFO c.h.h.t.OperatorHelmChartContainer - [test-hivemq-6ff45d747b] [hivemq] [51a6e698] DEBUG - Setting the timeout for disconnecting idle tcp connections before a connect message was received to 10000 milliseconds
2025-01-29 18:38:22,250 INFO c.h.h.t.OperatorHelmChartContainer - [test-hivemq-6ff45d747b] [hivemq] [51a6e698] DEBUG - Throttling the global incoming traffic limit 0 bytes/second
2025-01-29 18:38:22,250 INFO c.h.h.t.OperatorHelmChartContainer - [test-hivemq-6ff45d747b] [hivemq] [51a6e698] DEBUG - Setting the maximum topic length to 65535
2025-01-29 18:38:22,250 INFO c.h.h.t.OperatorHelmChartContainer - [test-hivemq-6ff45d747b] [hivemq] [51a6e698] DEBUG - Setting allow server assigned client identifier to true
2025-01-29 18:38:22,250 INFO c.h.h.t.OperatorHelmChartContainer - [test-hivemq-6ff45d747b] [hivemq] [51a6e698] DEBUG - Setting validate UTF-8 to true
2025-01-29 18:38:22,250 INFO c.h.h.t.OperatorHelmChartContainer - [test-hivemq-6ff45d747b] [hivemq] [51a6e698] DEBUG - Setting payload format validation to false
2025-01-29 18:38:22,250 INFO c.h.h.t.OperatorHelmChartContainer - [test-hivemq-6ff45d747b] [hivemq] [51a6e698] DEBUG - Setting allow-problem-information to true
2025-01-29 18:38:22,250 INFO c.h.h.t.OperatorHelmChartContainer - [test-hivemq-6ff45d747b] [hivemq] [51a6e698] DEBUG - Setting control-center audit log enabled to true
2025-01-29 18:38:22,250 INFO c.h.h.t.OperatorHelmChartContainer - [test-hivemq-6ff45d747b] [hivemq] [51a6e698] DEBUG - Setting rest-api audit log enabled to true
2025-01-29 18:38:22,253 INFO c.h.h.t.OperatorHelmChartContainer - [test-hivemq-6ff45d747b] [hivemq] [51a6e698] DEBUG - Setting HiveMQ Control Center enabled to true 
2025-01-29 18:38:22,253 INFO c.h.h.t.OperatorHelmChartContainer - [test-hivemq-6ff45d747b] [hivemq] [51a6e698] DEBUG - Setting HiveMQ Control Center default login enabled to true 
2025-01-29 18:38:22,253 INFO c.h.h.t.OperatorHelmChartContainer - [test-hivemq-6ff45d747b] [hivemq] [51a6e698] DEBUG - Setting HiveMQ Control Center session idle time to 14400 seconds
2025-01-29 18:38:22,253 INFO c.h.h.t.OperatorHelmChartContainer - [test-hivemq-6ff45d747b] [hivemq] [51a6e698] DEBUG - Adding Http-Listener to HiveMQ Control Center Config
2025-01-29 18:38:22,253 INFO c.h.h.t.OperatorHelmChartContainer - [test-hivemq-6ff45d747b] [hivemq] [51a6e698] DEBUG - Set TLS to disabled for cluster TCP transport
2025-01-29 18:38:22,253 INFO c.h.h.t.OperatorHelmChartContainer - [test-hivemq-6ff45d747b] [hivemq] [51a6e698] DEBUG - Setting replica count to 2 
2025-01-29 18:38:22,253 INFO c.h.h.t.OperatorHelmChartContainer - [test-hivemq-6ff45d747b] [hivemq] [51a6e698] DEBUG - Setting cluster TCP health-check enabled
2025-01-29 18:38:22,253 INFO c.h.h.t.OperatorHelmChartContainer - [test-hivemq-6ff45d747b] [hivemq] [51a6e698] DEBUG - Setting cluster TCP health-check bind-address to 10.42.0.7
2025-01-29 18:38:22,254 INFO c.h.h.t.OperatorHelmChartContainer - [test-hivemq-6ff45d747b] [hivemq] [51a6e698] DEBUG - Setting cluster TCP health-check bind-address to 9000
2025-01-29 18:38:22,254 INFO c.h.h.t.OperatorHelmChartContainer - [test-hivemq-6ff45d747b] [hivemq] [51a6e698] DEBUG - Setting cluster TCP health-check bind-port to 9000
2025-01-29 18:38:22,254 INFO c.h.h.t.OperatorHelmChartContainer - [test-hivemq-6ff45d747b] [hivemq] [51a6e698] DEBUG - Setting cluster TCP health-check external-address to default
2025-01-29 18:38:22,254 INFO c.h.h.t.OperatorHelmChartContainer - [test-hivemq-6ff45d747b] [hivemq] [51a6e698] DEBUG - Setting cluster TCP health-check external-port to 0
2025-01-29 18:38:22,254 INFO c.h.h.t.OperatorHelmChartContainer - [test-hivemq-6ff45d747b] [hivemq] [51a6e698] DEBUG - Setting cluster heartbeat enabled
2025-01-29 18:38:22,254 INFO c.h.h.t.OperatorHelmChartContainer - [test-hivemq-6ff45d747b] [hivemq] [51a6e698] DEBUG - Setting cluster heartbeat interval to 4000 ms
2025-01-29 18:38:22,254 INFO c.h.h.t.OperatorHelmChartContainer - [test-hivemq-6ff45d747b] [hivemq] [51a6e698] DEBUG - Setting the cluster heartbeat timeout to 30000 ms
2025-01-29 18:38:22,254 INFO c.h.h.t.OperatorHelmChartContainer - [test-hivemq-6ff45d747b] [hivemq] [51a6e698] DEBUG - Setting HiveMQ REST API enabled to false 
2025-01-29 18:38:22,254 INFO c.h.h.t.OperatorHelmChartContainer - [test-hivemq-6ff45d747b] [hivemq] [51a6e698] DEBUG - Setting HiveMQ REST API authentication enabled to false 
2025-01-29 18:38:22,254 INFO c.h.h.t.OperatorHelmChartContainer - [test-hivemq-6ff45d747b] [hivemq] [51a6e698] DEBUG - Setting HiveMQ Health API enabled to false 
2025-01-29 18:38:22,254 INFO c.h.h.t.OperatorHelmChartContainer - [test-hivemq-6ff45d747b] [hivemq] [51a6e698] DEBUG - Setting client event history enabled to false
2025-01-29 18:38:22,254 INFO c.h.h.t.OperatorHelmChartContainer - [test-hivemq-6ff45d747b] [hivemq] [51a6e698] DEBUG - Setting client event history lifetime to 604800000 ms
2025-01-29 18:38:22,254 INFO c.h.h.t.OperatorHelmChartContainer - [test-hivemq-6ff45d747b] [hivemq] [51a6e698] DEBUG - Setting overload protection enabled to true 
2025-01-29 18:38:22,254 INFO c.h.h.t.OperatorHelmChartContainer - [test-hivemq-6ff45d747b] [hivemq] [51a6e698] DEBUG - Setting anonymous usage statistics enabled to false 
2025-01-29 18:38:22,254 INFO c.h.h.t.OperatorHelmChartContainer - [test-hivemq-6ff45d747b] [hivemq] [51a6e698] DEBUG - Setting expired messages topic enabled to false
2025-01-29 18:38:22,254 INFO c.h.h.t.OperatorHelmChartContainer - [test-hivemq-6ff45d747b] [hivemq] [51a6e698] DEBUG - Setting dropped messages topic enabled to false
2025-01-29 18:38:22,254 INFO c.h.h.t.OperatorHelmChartContainer - [test-hivemq-6ff45d747b] [hivemq] [51a6e698] DEBUG - Setting dead messages topic enabled to false
2025-01-29 18:38:22,254 INFO c.h.h.t.OperatorHelmChartContainer - [test-hivemq-6ff45d747b] [hivemq] [51a6e698] INFO  - Successfully loaded configuration from '/opt/hivemq/conf/config.xml'.
2025-01-29 18:38:22,254 INFO c.h.h.t.OperatorHelmChartContainer - [test-hivemq-6ff45d747b] [hivemq] [51a6e698] DEBUG - Performing sanity checks.
2025-01-29 18:38:22,254 INFO c.h.h.t.OperatorHelmChartContainer - [test-hivemq-6ff45d747b] [hivemq] [51a6e698] DEBUG - Soft limit for open files (1048576) satisfies the recommended limit (1000000).
2025-01-29 18:38:22,254 INFO c.h.h.t.OperatorHelmChartContainer - [test-hivemq-6ff45d747b] [hivemq] [51a6e698] DEBUG - Hard limit for open files (1048576) satisfies the recommended limit (1000000).
2025-01-29 18:38:22,254 INFO c.h.h.t.OperatorHelmChartContainer - [test-hivemq-6ff45d747b] [hivemq] [51a6e698] DEBUG - HiveMQ license directory (/opt/hivemq/license) satisfies all required file-system permissions.
2025-01-29 18:38:22,254 INFO c.h.h.t.OperatorHelmChartContainer - [test-hivemq-6ff45d747b] [hivemq] [51a6e698] DEBUG - HiveMQ data directory (/opt/hivemq/data) satisfies all required file-system permissions.
2025-01-29 18:38:22,254 INFO c.h.h.t.OperatorHelmChartContainer - [test-hivemq-6ff45d747b] [hivemq] [51a6e698] DEBUG - HiveMQ log directory (/opt/hivemq/log) satisfies all required file-system permissions.
2025-01-29 18:38:22,254 INFO c.h.h.t.OperatorHelmChartContainer - [test-hivemq-6ff45d747b] [hivemq] [51a6e698] DEBUG - HiveMQ backup directory (/opt/hivemq/backup) satisfies all required file-system permissions.
2025-01-29 18:38:22,254 INFO c.h.h.t.OperatorHelmChartContainer - [test-hivemq-6ff45d747b] [hivemq] [51a6e698] DEBUG - HiveMQ audit directory (/opt/hivemq/audit) satisfies all required file-system permissions.
2025-01-29 18:38:22,254 INFO c.h.h.t.OperatorHelmChartContainer - [test-hivemq-6ff45d747b] [hivemq] [51a6e698] DEBUG - HiveMQ extensions directory (/opt/hivemq/extensions) satisfies all required file-system permissions.
2025-01-29 18:38:22,254 INFO c.h.h.t.OperatorHelmChartContainer - [test-hivemq-6ff45d747b] [hivemq] [51a6e698] DEBUG - Extension directory hivemq-allow-all-extension (/opt/hivemq/extensions/hivemq-allow-all-extension) satisfies all required file-system permissions.
2025-01-29 18:38:22,254 INFO c.h.h.t.OperatorHelmChartContainer - [test-hivemq-6ff45d747b] [hivemq] [51a6e698] DEBUG - Extension directory hivemq-google-cloud-pubsub-extension (/opt/hivemq/extensions/hivemq-google-cloud-pubsub-extension) satisfies all required file-system permissions.
2025-01-29 18:38:22,254 INFO c.h.h.t.OperatorHelmChartContainer - [test-hivemq-6ff45d747b] [hivemq] [51a6e698] DEBUG - Extension directory hivemq-enterprise-security-extension (/opt/hivemq/extensions/hivemq-enterprise-security-extension) satisfies all required file-system permissions.
2025-01-29 18:38:22,254 INFO c.h.h.t.OperatorHelmChartContainer - [test-hivemq-6ff45d747b] [hivemq] [51a6e698] DEBUG - Extension directory hivemq-bridge-extension (/opt/hivemq/extensions/hivemq-bridge-extension) satisfies all required file-system permissions.
2025-01-29 18:38:22,256 INFO c.h.h.t.OperatorHelmChartContainer - [test-hivemq-6ff45d747b] [hivemq] [51a6e698] DEBUG - Extension directory hivemq-kafka-extension (/opt/hivemq/extensions/hivemq-kafka-extension) satisfies all required file-system permissions.
2025-01-29 18:38:22,256 INFO c.h.h.t.OperatorHelmChartContainer - [test-hivemq-6ff45d747b] [hivemq] [51a6e698] DEBUG - Extension directory hivemq-distributed-tracing-extension (/opt/hivemq/extensions/hivemq-distributed-tracing-extension) satisfies all required file-system permissions.
2025-01-29 18:38:22,256 INFO c.h.h.t.OperatorHelmChartContainer - [test-hivemq-6ff45d747b] [hivemq] [51a6e698] DEBUG - Extension directory hivemq-prometheus-extension (/opt/hivemq/extensions/hivemq-prometheus-extension) satisfies all required file-system permissions.
2025-01-29 18:38:22,256 INFO c.h.h.t.OperatorHelmChartContainer - [test-hivemq-6ff45d747b] [hivemq] [51a6e698] DEBUG - Extension directory hivemq-amazon-kinesis-extension (/opt/hivemq/extensions/hivemq-amazon-kinesis-extension) satisfies all required file-system permissions.
2025-01-29 18:38:22,263 INFO c.h.h.t.OperatorHelmChartContainer - [test-hivemq-6ff45d747b] [hivemq] [51a6e698] DEBUG - Extension directory hivemq-k8s-sync-extension (/opt/hivemq/extensions/hivemq-k8s-sync-extension) satisfies all required file-system permissions.
2025-01-29 18:38:22,263 INFO c.h.h.t.OperatorHelmChartContainer - [test-hivemq-6ff45d747b] [hivemq] [51a6e698] DEBUG - Extension directory hivemq-dns-cluster-discovery (/opt/hivemq/extensions/hivemq-dns-cluster-discovery) satisfies all required file-system permissions.
2025-01-29 18:38:22,263 INFO c.h.h.t.OperatorHelmChartContainer - [test-hivemq-6ff45d747b] [hivemq] [51a6e698] DEBUG - Extension directory hivemq-snowflake-extension (/opt/hivemq/extensions/hivemq-snowflake-extension) satisfies all required file-system permissions.
2025-01-29 18:38:22,267 INFO c.h.h.t.OperatorHelmChartContainer - [test-hivemq-6ff45d747b] [hivemq] [51a6e698] DEBUG - Extension directory hivemq-postgresql-extension (/opt/hivemq/extensions/hivemq-postgresql-extension) satisfies all required file-system permissions.
2025-01-29 18:38:22,267 INFO c.h.h.t.OperatorHelmChartContainer - [test-hivemq-6ff45d747b] [hivemq] [51a6e698] DEBUG - Extension directory hivemq-mysql-extension (/opt/hivemq/extensions/hivemq-mysql-extension) satisfies all required file-system permissions.
2025-01-29 18:38:22,267 INFO c.h.h.t.OperatorHelmChartContainer - [test-hivemq-6ff45d747b] [hivemq] [51a6e698] DEBUG - Extension directory hivemq-mongodb-extension (/opt/hivemq/extensions/hivemq-mongodb-extension) satisfies all required file-system permissions.
2025-01-29 18:38:22,267 INFO c.h.h.t.OperatorHelmChartContainer - [test-hivemq-6ff45d747b] [hivemq] [51a6e698] DEBUG - Extension directory hivemq-data-lake-extension (/opt/hivemq/extensions/hivemq-data-lake-extension) satisfies all required file-system permissions.
2025-01-29 18:38:22,267 INFO c.h.h.t.OperatorHelmChartContainer - [test-hivemq-6ff45d747b] [hivemq] [51a6e698] DEBUG - Extension directory hivemq-microsoft-sql-server-extension (/opt/hivemq/extensions/hivemq-microsoft-sql-server-extension) satisfies all required file-system permissions.
2025-01-29 18:38:22,267 INFO c.h.h.t.OperatorHelmChartContainer - [test-hivemq-6ff45d747b] [hivemq] [51a6e698] DEBUG - Temporary directory (/tmp) satisfies all required file-system permissions.
2025-01-29 18:38:22,267 INFO c.h.h.t.OperatorHelmChartContainer - [test-hivemq-6ff45d747b] [hivemq] [51a6e698] DEBUG - Heap dump directory (/opt/hivemq/dumps) satisfies all required file-system permissions.
2025-01-29 18:38:22,267 INFO c.h.h.t.OperatorHelmChartContainer - [test-hivemq-6ff45d747b] [hivemq] [51a6e698] DEBUG - Performed all sanity checks in 91ms. All sanity checks passed successfully.
2025-01-29 18:38:22,267 INFO c.h.h.t.OperatorHelmChartContainer - [test-hivemq-6ff45d747b] [hivemq] [51a6e698] INFO  - This node's ID is Nvvp6
2025-01-29 18:38:22,267 INFO c.h.h.t.OperatorHelmChartContainer - [test-hivemq-6ff45d747b] [hivemq] [51a6e698] INFO  - Clustering is enabled
2025-01-29 18:38:22,267 INFO c.h.h.t.OperatorHelmChartContainer - [test-hivemq-6ff45d747b] [hivemq] [51a6e698] DEBUG - Configured WriteBufferManager with size for memtables 311023370 and for the block cache 466535055
2025-01-29 18:38:22,267 INFO c.h.h.t.OperatorHelmChartContainer - [test-hivemq-6ff45d747b] [hivemq] [51a6e698] DEBUG - Starting RocksDBMemoryUsageWatchdog.
2025-01-29 18:38:22,267 INFO c.h.h.t.OperatorHelmChartContainer - [test-hivemq-6ff45d747b] [hivemq] [51a6e698] DEBUG - RocksDBMemoryUsageWatchdog is running.
2025-01-29 18:38:22,267 INFO c.h.h.t.OperatorHelmChartContainer - [test-hivemq-6ff45d747b] [hivemq] [51a6e698] DEBUG - Folder /opt/hivemq/data/persistence does not exist, trying to create it
2025-01-29 18:38:22,268 INFO c.h.h.t.OperatorHelmChartContainer - [test-hivemq-6ff45d747b] [hivemq] [51a6e698] DEBUG - Created folder /opt/hivemq/data
2025-01-29 18:38:22,268 INFO c.h.h.t.OperatorHelmChartContainer - [test-hivemq-6ff45d747b] [hivemq] [51a6e698] DEBUG - Folder /opt/hivemq/data/persistence/publish_payload_store/040500_R does not exist, trying to create it
2025-01-29 18:38:22,268 INFO c.h.h.t.OperatorHelmChartContainer - [test-hivemq-6ff45d747b] [hivemq] [51a6e698] DEBUG - Folder /opt/hivemq/data/persistence/client_queue/042800_R does not exist, trying to create it
2025-01-29 18:38:22,268 INFO c.h.h.t.OperatorHelmChartContainer - [test-hivemq-6ff45d747b] [hivemq] [51a6e698] DEBUG - Folder /opt/hivemq/data/persistence/client_session_store/040100_R does not exist, trying to create it
2025-01-29 18:38:22,268 INFO c.h.h.t.OperatorHelmChartContainer - [test-hivemq-6ff45d747b] [hivemq] [51a6e698] DEBUG - Folder /opt/hivemq/data/persistence/client_session_subscriptions/043200_R does not exist, trying to create it
2025-01-29 18:38:22,268 INFO c.h.h.t.OperatorHelmChartContainer - [test-hivemq-6ff45d747b] [hivemq] [51a6e698] DEBUG - Folder /opt/hivemq/data/persistence/retained_messages/040800_R does not exist, trying to create it
2025-01-29 18:38:22,268 INFO c.h.h.t.OperatorHelmChartContainer - [test-hivemq-6ff45d747b] [hivemq] [51a6e698] DEBUG - Folder /opt/hivemq/data/persistence/attribute/043100_R does not exist, trying to create it
2025-01-29 18:38:22,268 INFO c.h.h.t.OperatorHelmChartContainer - [test-hivemq-6ff45d747b] [hivemq] [51a6e698] DEBUG - Folder /opt/hivemq/data/persistence/incoming_message_flow/043000_R does not exist, trying to create it
2025-01-29 18:38:22,268 INFO c.h.h.t.OperatorHelmChartContainer - [test-hivemq-6ff45d747b] [hivemq] [51a6e698] DEBUG - Folder /opt/hivemq/data/persistence/data_hub_modules/043000_R does not exist, trying to create it
2025-01-29 18:38:22,268 INFO c.h.h.t.OperatorHelmChartContainer - [test-hivemq-6ff45d747b] [hivemq] [51a6e698] DEBUG - Folder /opt/hivemq/data/persistence/data_hub_scripts/042300_R does not exist, trying to create it
2025-01-29 18:38:22,268 INFO c.h.h.t.OperatorHelmChartContainer - [test-hivemq-6ff45d747b] [hivemq] [51a6e698] DEBUG - Folder /opt/hivemq/data/persistence/data_hub_schemas/042000_R does not exist, trying to create it
2025-01-29 18:38:22,268 INFO c.h.h.t.OperatorHelmChartContainer - [test-hivemq-6ff45d747b] [hivemq] [51a6e698] DEBUG - Folder /opt/hivemq/data/persistence/data_hub_policies/042000_R does not exist, trying to create it
2025-01-29 18:38:22,268 INFO c.h.h.t.OperatorHelmChartContainer - [test-hivemq-6ff45d747b] [hivemq] [51a6e698] DEBUG - Diagnostic mode is disabled
2025-01-29 18:38:22,268 INFO c.h.h.t.OperatorHelmChartContainer - [test-hivemq-6ff45d747b] [hivemq] [51a6e698] INFO  - No valid license file found. Using trial license, restricted to 25 connections.
2025-01-29 18:38:22,268 INFO c.h.h.t.OperatorHelmChartContainer - [test-hivemq-6ff45d747b] [hivemq] [51a6e698] DEBUG - Native Epoll is available on this platform
2025-01-29 18:38:22,268 INFO c.h.h.t.OperatorHelmChartContainer - [test-hivemq-6ff45d747b] [hivemq] [51a6e698] DEBUG - Set extension executor thread pool size to 1
2025-01-29 18:38:22,268 INFO c.h.h.t.OperatorHelmChartContainer - [test-hivemq-6ff45d747b] [hivemq] [51a6e698] DEBUG - Set extension executor thread pool keep-alive to 30 seconds
2025-01-29 18:38:22,268 INFO c.h.h.t.OperatorHelmChartContainer - [test-hivemq-6ff45d747b] [hivemq] [51a6e698] DEBUG - initializing RSA key
2025-01-29 18:38:22,268 INFO c.h.h.t.OperatorHelmChartContainer - [test-hivemq-6ff45d747b] [hivemq] [51a6e698] DEBUG - finished initializing RSA key in 2196ms
2025-01-29 18:38:22,268 INFO c.h.h.t.OperatorHelmChartContainer - [test-hivemq-6ff45d747b] [hivemq] [51a6e698] DEBUG - Unable to provide size and free metrics for disk /dev/sda: Could not find the corresponding FileStore (OSHI/Java).
2025-01-29 18:38:22,268 INFO c.h.h.t.OperatorHelmChartContainer - [test-hivemq-6ff45d747b] [hivemq] [51a6e698] DEBUG - Unable to provide size and free metrics for disk /dev/sdb: Could not find the corresponding FileStore (OSHI/Java).
2025-01-29 18:38:22,268 INFO c.h.h.t.OperatorHelmChartContainer - [test-hivemq-6ff45d747b] [hivemq] [51a6e698] DEBUG - Throttling incoming traffic to 0 B/s
2025-01-29 18:38:22,268 INFO c.h.h.t.OperatorHelmChartContainer - [test-hivemq-6ff45d747b] [hivemq] [51a6e698] DEBUG - Throttling outgoing traffic to 0 B/s
2025-01-29 18:38:22,268 INFO c.h.h.t.OperatorHelmChartContainer - [test-hivemq-6ff45d747b] [hivemq] [51a6e698] INFO  - No valid license file for Data Hub found. Using free license, restricted to 1 policy.
2025-01-29 18:38:22,268 INFO c.h.h.t.OperatorHelmChartContainer - [test-hivemq-6ff45d747b] [hivemq] [51a6e698] DEBUG - Building initial topic tree
2025-01-29 18:38:22,268 INFO c.h.h.t.OperatorHelmChartContainer - [test-hivemq-6ff45d747b] [hivemq] [51a6e698] DEBUG - Started JMX Metrics Reporting.
2025-01-29 18:38:22,268 INFO c.h.h.t.OperatorHelmChartContainer - [test-hivemq-6ff45d747b] [hivemq] [51a6e698] DEBUG - Registered JVM metrics with prefix com.hivemq.jvm.
2025-01-29 18:38:22,268 INFO c.h.h.t.OperatorHelmChartContainer - [test-hivemq-6ff45d747b] [hivemq] [51a6e698] DEBUG - Registered HiveMQ Health API metrics.
2025-01-29 18:38:22,268 INFO c.h.h.t.OperatorHelmChartContainer - [test-hivemq-6ff45d747b] [hivemq] [51a6e698] INFO  - Audit Logger started.
2025-01-29 18:38:22,268 INFO c.h.h.t.OperatorHelmChartContainer - [test-hivemq-6ff45d747b] [hivemq] [51a6e698] INFO  - This node uses '1' CPU cores.
2025-01-29 18:38:22,268 INFO c.h.h.t.OperatorHelmChartContainer - [test-hivemq-6ff45d747b] [hivemq] [51a6e698] INFO  - Starting HiveMQ extension system.
2025-01-29 18:38:22,268 INFO c.h.h.t.OperatorHelmChartContainer - [test-hivemq-6ff45d747b] [hivemq] [51a6e698] INFO  - Starting extension with id "hivemq-dns-cluster-discovery" at /opt/hivemq/extensions/hivemq-dns-cluster-discovery
2025-01-29 18:38:22,268 INFO c.h.h.t.OperatorHelmChartContainer - [test-hivemq-6ff45d747b] [hivemq] [51a6e698] DEBUG - HiveMQ DNS Cluster Discovery Extension: No DNS server address was set in the configuration file or environment variable.
2025-01-29 18:38:22,268 INFO c.h.h.t.OperatorHelmChartContainer - [test-hivemq-6ff45d747b] [hivemq] [51a6e698] DEBUG - HiveMQ DNS Cluster Discovery Extension: No reload interval was set in the configuration file or environment variable. Defaulting to 30.
2025-01-29 18:38:22,268 INFO c.h.h.t.OperatorHelmChartContainer - [test-hivemq-6ff45d747b] [hivemq] [51a6e698] INFO  - Extension "DNS Cluster Discovery Extension" version 4.3.3 started successfully.
2025-01-29 18:38:22,268 INFO c.h.h.t.OperatorHelmChartContainer - [test-hivemq-6ff45d747b] [hivemq] [51a6e698] INFO  - Starting extension with id "hivemq-k8s-sync-extension" at /opt/hivemq/extensions/hivemq-k8s-sync-extension
2025-01-29 18:38:22,268 INFO c.h.h.t.OperatorHelmChartContainer - [test-hivemq-6ff45d747b] [hivemq] [51a6e698] INFO  - Using TCP cluster transport on address 10.42.0.7 and port 7000
2025-01-29 18:38:22,268 INFO c.h.h.t.OperatorHelmChartContainer - [test-hivemq-6ff45d747b] [hivemq] [51a6e698] INFO  - Using extension cluster discovery
2025-01-29 18:38:22,268 INFO c.h.h.t.OperatorHelmChartContainer - [test-hivemq-6ff45d747b] [hivemq] [51a6e698] DEBUG - Could not get configMap modification timestamp for source /hivemq-data/conf/..data, likely no ConfigMap mounted
2025-01-29 18:38:22,268 INFO c.h.h.t.OperatorHelmChartContainer - [test-hivemq-6ff45d747b] [hivemq] [51a6e698] DEBUG - Could not get configMap modification timestamp for source /hivemq-data/extensions/..data, likely no ConfigMap mounted
2025-01-29 18:38:22,268 INFO c.h.h.t.OperatorHelmChartContainer - [test-hivemq-6ff45d747b] [hivemq] [51a6e698] DEBUG - Could not get configMap modification timestamp for source /hivemq-data/bin/..data, likely no ConfigMap mounted
2025-01-29 18:38:22,268 INFO c.h.h.t.OperatorHelmChartContainer - [test-hivemq-6ff45d747b] [hivemq] [51a6e698] INFO  - Started HiveMQ Kubernetes State Synchronization Extension:1.0.3
2025-01-29 18:38:22,268 INFO c.h.h.t.OperatorHelmChartContainer - [test-hivemq-6ff45d747b] [hivemq] [51a6e698] INFO  - Extension "HiveMQ Kubernetes State Synchronization Extension" version 1.0.3 started successfully.
2025-01-29 18:38:22,268 INFO c.h.h.t.OperatorHelmChartContainer - [test-hivemq-6ff45d747b] [hivemq] [51a6e698] INFO  - Starting extension with id "hivemq-allow-all-extension" at /opt/hivemq/extensions/hivemq-allow-all-extension
2025-01-29 18:38:22,268 INFO c.h.h.t.OperatorHelmChartContainer - [test-hivemq-6ff45d747b] [hivemq] [51a6e698] WARN  - 
2025-01-29 18:38:22,268 INFO c.h.h.t.OperatorHelmChartContainer - [test-hivemq-6ff45d747b] [hivemq] [51a6e698] ################################################################################################################
2025-01-29 18:38:22,268 INFO c.h.h.t.OperatorHelmChartContainer - [test-hivemq-6ff45d747b] [hivemq] [51a6e698] # This HiveMQ deployment is not secure! You are lacking Authentication and Authorization.                      #
2025-01-29 18:38:22,268 INFO c.h.h.t.OperatorHelmChartContainer - [test-hivemq-6ff45d747b] [hivemq] [51a6e698] # Right now any MQTT client can connect to the broker with a full set of permissions.                          #
2025-01-29 18:38:22,268 INFO c.h.h.t.OperatorHelmChartContainer - [test-hivemq-6ff45d747b] [hivemq] [51a6e698] # For production usage, add an appropriate security extension and remove the hivemq-allow-all extension.       #
2025-01-29 18:38:22,268 INFO c.h.h.t.OperatorHelmChartContainer - [test-hivemq-6ff45d747b] [hivemq] [51a6e698] # You can download security extensions from the HiveMQ Marketplace (https://www.hivemq.com/extensions/).       #
2025-01-29 18:38:22,268 INFO c.h.h.t.OperatorHelmChartContainer - [test-hivemq-6ff45d747b] [hivemq] [51a6e698] ################################################################################################################
2025-01-29 18:38:22,268 INFO c.h.h.t.OperatorHelmChartContainer - [test-hivemq-6ff45d747b] [hivemq] [51a6e698] DEBUG - Simple authenticator added by extension 'hivemq-allow-all-extension'.
2025-01-29 18:38:22,268 INFO c.h.h.t.OperatorHelmChartContainer - [test-hivemq-6ff45d747b] [hivemq] [51a6e698] INFO  - Extension "Allow All Extension" version 1.1.1 started successfully.
2025-01-29 18:38:22,268 INFO c.h.h.t.OperatorHelmChartContainer - [test-hivemq-6ff45d747b] [hivemq] [51a6e698] DEBUG - HiveMQ DNS Cluster Discovery Extension: Discovered new address '10.42.0.7'.
2025-01-29 18:38:22,268 INFO c.h.h.t.OperatorHelmChartContainer - [test-hivemq-6ff45d747b] [hivemq] [51a6e698] INFO  - Nvvp6: no members discovered after 2209 ms: creating cluster as first member
2025-01-29 18:38:22,268 INFO c.h.h.t.OperatorHelmChartContainer - [test-hivemq-6ff45d747b] [hivemq] [51a6e698] INFO  - Cluster nodes found by discovery: [Nvvp6|0] (1) [Nvvp6].
2025-01-29 18:38:22,268 INFO c.h.h.t.OperatorHelmChartContainer - [test-hivemq-6ff45d747b] [hivemq] [51a6e698] DEBUG - State of node Nvvp6 changed to UNKNOWN was null. Current cluster node states: {Nvvp6=UNKNOWN}
2025-01-29 18:38:22,268 INFO c.h.h.t.OperatorHelmChartContainer - [test-hivemq-6ff45d747b] [hivemq] [51a6e698] DEBUG - State of node Nvvp6 set to RUNNING. Current cluster node states: {Nvvp6=RUNNING}
2025-01-29 18:38:22,268 INFO c.h.h.t.OperatorHelmChartContainer - [test-hivemq-6ff45d747b] [hivemq] [51a6e698] WARN  - No user for HiveMQ Control Center configured. Starting with default user
2025-01-29 18:38:22,268 INFO c.h.h.t.OperatorHelmChartContainer - [test-hivemq-6ff45d747b] [hivemq] [51a6e698] INFO  - Starting HiveMQ Control Center on address 0.0.0.0 and port 8080
2025-01-29 18:38:22,268 INFO c.h.h.t.OperatorHelmChartContainer - [test-hivemq-6ff45d747b] [hivemq] [51a6e698] INFO  - Mounting HiveMQ Control Center V2 Preview
2025-01-29 18:38:22,278 INFO c.h.h.t.OperatorHelmChartContainer - Started log watcher for operator in pod test-hivemq-hivemq-operator-operator-bc4cbf748-cj6kb [3caffcfb-1d4b-4306-bedf-4284ccb3e535]
2025-01-29 18:38:22,278 INFO c.h.h.t.OperatorHelmChartContainer - [EVENT] Normal [Started] Started container operator [default:test-hivemq-hivemq-operator-operator-bc4cbf748-cj6kb]
2025-01-29 18:38:22,278 INFO c.h.h.t.OperatorHelmChartContainer - Received Started event for container operator in pod test-hivemq-hivemq-operator-operator-bc4cbf748-cj6kb [3caffcfb-1d4b-4306-bedf-4284ccb3e535]
2025-01-29 18:38:22,278 INFO c.h.h.t.OperatorHelmChartContainer - [test-hivemq-hivemq-operator] [operator] [3caffcfb] Picked up JAVA_TOOL_OPTIONS: -XX:+UnlockExperimentalVMOptions -XX:InitialRAMPercentage=75 -XX:MaxRAMPercentage=75
2025-01-29 18:38:22,278 INFO c.h.h.t.OperatorHelmChartContainer - [test-hivemq-hivemq-operator] [operator] [3caffcfb]  __  __ _                                  _   
2025-01-29 18:38:22,278 INFO c.h.h.t.OperatorHelmChartContainer - [test-hivemq-hivemq-operator] [operator] [3caffcfb] |  \/  (_) ___ _ __ ___  _ __   __ _ _   _| |_ 
2025-01-29 18:38:22,278 INFO c.h.h.t.OperatorHelmChartContainer - [test-hivemq-hivemq-operator] [operator] [3caffcfb] | |\/| | |/ __| '__/ _ \| '_ \ / _` | | | | __|
2025-01-29 18:38:22,278 INFO c.h.h.t.OperatorHelmChartContainer - [EVENT] Normal [SuccessfulCreate] Created pod: test-hivemq-hivemq-operator-operator-bc4cbf748-cj6kb [default:test-hivemq-hivemq-operator-operator-bc4cbf748]
2025-01-29 18:38:22,278 INFO c.h.h.t.OperatorHelmChartContainer - [test-hivemq-hivemq-operator] [operator] [3caffcfb] | |  | | | (__| | | (_) | | | | (_| | |_| | |_ 
2025-01-29 18:38:22,278 INFO c.h.h.t.OperatorHelmChartContainer - [test-hivemq-hivemq-operator] [operator] [3caffcfb] |_|  |_|_|\___|_|  \___/|_| |_|\__,_|\__,_|\__|
2025-01-29 18:38:22,278 INFO c.h.h.t.OperatorHelmChartContainer - [test-hivemq-hivemq-operator] [operator] [3caffcfb]   Micronaut (v3.5.2)
2025-01-29 18:38:22,278 INFO c.h.h.t.OperatorHelmChartContainer - [test-hivemq-hivemq-operator] [operator] [3caffcfb] 
2025-01-29 18:38:22,278 INFO c.h.h.t.OperatorHelmChartContainer - [test-hivemq-hivemq-operator] [operator] [3caffcfb] ?[36m18:36:58.522?[0;39m ?[1;30m[main]?[0;39m ?[34mINFO ?[0;39m ?[35mio.micronaut.runtime.Micronaut?[0;39m - Startup completed in 2063ms. Server Running: http://test-hivemq-hivemq-operator-operator-bc4cbf748-cj6kb:8443
2025-01-29 18:38:22,278 INFO c.h.h.t.OperatorHelmChartContainer - [test-hivemq-hivemq-operator] [operator] [3caffcfb] ?[36m18:36:59.518?[0;39m ?[1;30m[main]?[0;39m ?[34mINFO ?[0;39m ?[35mcom.hivemq.Operator?[0;39m - Initializing HiveMQ operator
2025-01-29 18:38:22,278 INFO c.h.h.t.OperatorHelmChartContainer - [test-hivemq-hivemq-operator] [operator] [3caffcfb] ?[36m18:37:00.563?[0;39m ?[1;30m[main]?[0;39m ?[34mINFO ?[0;39m ?[35mcom.hivemq.Operator?[0;39m - Operating from namespace 'default'
2025-01-29 18:38:22,278 INFO c.h.h.t.OperatorHelmChartContainer - [EVENT] Normal [ScalingReplicaSet] Scaled up replica set test-hivemq-hivemq-operator-operator-bc4cbf748 from 0 to 1 [default:test-hivemq-hivemq-operator-operator]
2025-01-29 18:38:22,278 INFO c.h.h.t.OperatorHelmChartContainer - [test-hivemq-hivemq-operator] [operator] [3caffcfb] ?[36m18:37:00.718?[0;39m ?[1;30m[pool-3-thread-1]?[0;39m ?[34mINFO ?[0;39m ?[35mcom.hivemq.AbstractWatcher?[0;39m - CustomResource watcher running for kinds HiveMQCluster
2025-01-29 18:38:22,278 INFO c.h.h.t.OperatorHelmChartContainer - [test-hivemq-hivemq-operator] [operator] [3caffcfb] ?[36m18:37:01.261?[0;39m ?[1;30m[main]?[0;39m ?[34mINFO ?[0;39m ?[35mcom.hivemq.Operator?[0;39m - Operator started in 1743ms
2025-01-29 18:38:22,278 INFO c.h.h.t.OperatorHelmChartContainer - [test-hivemq-hivemq-operator] [operator] [3caffcfb] ?[36m18:37:01.524?[0;39m ?[1;30m[pool-3-thread-2]?[0;39m ?[34mINFO ?[0;39m ?[35mcom.hivemq.Operator?[0;39m - Syncing state for cluster 'test-hivemq' in namespace 'default'
2025-01-29 18:38:22,278 INFO c.h.h.t.OperatorHelmChartContainer - [test-hivemq-hivemq-operator] [operator] [3caffcfb] ?[36m18:37:04.517?[0;39m ?[1;30m[pool-3-thread-7]?[0;39m ?[34mINFO ?[0;39m ?[35mcom.hivemq.Operator?[0;39m - Syncing state for cluster 'test-hivemq' in namespace 'default'
2025-01-29 18:38:22,278 INFO c.h.h.t.OperatorHelmChartContainer - [EVENT] Normal [ScalingReplicaSet] Scaled up replica set test-hivemq-6ff45d747b from 0 to 1 [default:test-hivemq]
2025-01-29 18:38:22,278 INFO c.h.h.t.OperatorHelmChartContainer - [test-hivemq-hivemq-operator] [operator] [3caffcfb] ?[36m18:37:05.323?[0;39m ?[1;30m[pool-3-thread-2]?[0;39m ?[34mINFO ?[0;39m ?[35mcom.hivemq.util.DeploymentUtil?[0;39m - Waiting for deployment test-hivemq to roll out...
2025-01-29 18:38:22,279 INFO c.h.h.t.OperatorHelmChartContainer - [test-hivemq-hivemq-operator] [operator] [3caffcfb] ?[36m18:37:06.062?[0;39m ?[1;30m[pool-3-thread-7]?[0;39m ?[34mINFO ?[0;39m ?[35mcom.hivemq.util.DeploymentUtil?[0;39m - Waiting for deployment test-hivemq to roll out...
2025-01-29 18:38:22,280 INFO c.h.h.t.OperatorHelmChartContainer - [test-hivemq-hivemq-operator] [operator] [3caffcfb] ?[36m18:38:21.860?[0;39m ?[1;30m[pool-3-thread-2]?[0;39m ?[34mINFO ?[0;39m ?[35mcom.hivemq.Operator?[0;39m - State synchronization complete for cluster 'test-hivemq' in namespace 'default' in 80336ms
2025-01-29 18:38:22,280 INFO c.h.h.t.OperatorHelmChartContainer - [test-hivemq-hivemq-operator] [operator] [3caffcfb] ?[36m18:38:21.901?[0;39m ?[1;30m[pool-3-thread-7]?[0;39m ?[34mINFO ?[0;39m ?[35mcom.hivemq.Operator?[0;39m - State synchronization complete for cluster 'test-hivemq' in namespace 'default' in 77384ms
2025-01-29 18:38:22,279 INFO c.h.h.t.OperatorHelmChartContainer - [test-hivemq-6ff45d747b] [hivemq] [51a6e698] INFO  - Started HiveMQ Control Center in 1401ms
2025-01-29 18:38:22,280 INFO c.h.h.t.OperatorHelmChartContainer - [test-hivemq-6ff45d747b] [hivemq] [51a6e698] INFO  - Starting TCP listener on address 0.0.0.0 and port 1883
2025-01-29 18:38:22,280 INFO c.h.h.t.OperatorHelmChartContainer - [test-hivemq-6ff45d747b] [hivemq] [51a6e698] INFO  - Started TCP Listener on address 0.0.0.0 and on port 1883.
2025-01-29 18:38:22,280 INFO c.h.h.t.OperatorHelmChartContainer - [test-hivemq-6ff45d747b] [hivemq] [51a6e698] INFO  - Started HiveMQ in 26012ms
2025-01-29 18:38:22,800 INFO c.h.h.t.OperatorHelmChartContainer - Stopped log watcher for operator in pod test-hivemq-hivemq-operator-operator-bc4cbf748-cj6kb [3caffcfb-1d4b-4306-bedf-4284ccb3e535]
2025-01-29 18:38:22,801 INFO c.h.h.t.OperatorHelmChartContainer - Stopped log watcher for hivemq in pod test-hivemq-6ff45d747b-qzlzh [51a6e698-0492-4049-a142-a6f0165a829a]
2025-01-29 18:38:22,812 INFO c.h.h.t.OperatorHelmChartContainer - [K3S] [WARNING] signal received: \"terminated\", canceling context...
2025-01-29 18:38:22,812 INFO c.h.h.t.OperatorHelmChartContainer - [K3S] [health_controller.go:224] Shutting down HealthController RunCheck
2025-01-29 18:38:22,812 INFO c.h.h.t.OperatorHelmChartContainer - [K3S] [secure_serving.go:258] Stopped listening on 127.0.0.1:10258
2025-01-29 18:38:22,812 INFO c.h.h.t.OperatorHelmChartContainer - [K3S] [INFO] Shutting down /v1, Kind=Secret workers
2025-01-29 18:38:22,929 INFO c.h.h.t.OperatorHelmChartContainer - [K3S] 
2025-01-29 18:38:22,929 INFO c.h.h.t.OperatorHelmChartContainer - [K3S] 
]]></system-out>
  </testcase>
  <system-out><![CDATA[]]></system-out>
  <system-err><![CDATA[]]></system-err>
</testsuite>
