<?xml version="1.0" encoding="UTF-8"?>
<testsuite name="com.hivemq.helmcharts.license.HelmAdditionalBrokerLicensesIT" tests="2" skipped="0" failures="0" errors="0" timestamp="2025-01-29T18:39:01" hostname="fv-az1657-290" time="202.927">
  <properties/>
  <testcase name="withExistingAdditionalBrokerLicenseFileContent_statefulSetWithLicenseSecretMounted()" classname="com.hivemq.helmcharts.license.HelmAdditionalBrokerLicensesIT" time="103.959">
    <system-out><![CDATA[2025-01-29 18:39:01,345 INFO c.h.h.t.HelmChartContainer - Creating namespace 'helmadditionalbrokerlicensesit-operator'...
2025-01-29 18:39:01,352 INFO c.h.h.t.HelmChartContainer - Namespace 'helmadditionalbrokerlicensesit-operator' created
2025-01-29 18:39:01,352 INFO c.h.h.t.HelmChartContainer - Creating namespace 'helmadditionalbrokerlicensesit'...
2025-01-29 18:39:01,454 INFO c.h.h.t.HelmChartContainer - Namespace 'helmadditionalbrokerlicensesit' created
2025-01-29 18:39:01,518 DEBUG c.h.h.t.HelmChartContainer - Executing helm command: /bin/helm --kubeconfig /etc/rancher/k3s/k3s.yaml install test-hivemq-platform-operator /charts/hivemq-platform-operator --wait --timeout 5m0s --set image.repository=docker.io/hivemq --set image.name=hivemq-platform-operator-test --set image.initImageName=hivemq-platform-operator-init-test --set image.tag=snapshot --set image.pullPolicy=Never --set logLevel=DEBUG --set resources.cpu=512m --namespace helmadditionalbrokerlicensesit-operator
2025-01-29 18:39:01,822 INFO c.h.h.t.HelmChartContainer - [K3S] [alloc.go:330] "allocated clusterIPs" service="helmadditionalbrokerlicensesit-operator/hivemq-platform-operator-test-hivemq-platform-operator" clusterIPs={"IPv4":"10.43.140.167"}
2025-01-29 18:39:01,841 INFO c.h.h.t.HelmChartContainer - [POD] hivemq-test-hivemq-platform-operator-6966f96d65-x62dp [8fc6e4e0-d4cb-40b3-8609-b4a33413f31b] in helmadditionalbrokerlicensesit-operator was ADDED
2025-01-29 18:39:01,842 INFO c.h.h.t.HelmChartContainer - [EVENT] Normal [ScalingReplicaSet] Scaled up replica set hivemq-test-hivemq-platform-operator-6966f96d65 from 0 to 1 [helmadditionalbrokerlicensesit-operator:hivemq-test-hivemq-platform-operator]
2025-01-29 18:39:01,848 INFO c.h.h.t.HelmChartContainer - [K3S] [memory_manager.go:355] "RemoveStaleState removing state" podUID="422f903c-a6fd-4138-94d1-e814ea4fc002" containerName="hivemq-platform-operator"
2025-01-29 18:39:01,848 INFO c.h.h.t.HelmChartContainer - [K3S] [memory_manager.go:355] "RemoveStaleState removing state" podUID="f3a87d55-0020-495d-b27f-a6db4c1fa974" containerName="consul-template-container"
2025-01-29 18:39:01,848 INFO c.h.h.t.HelmChartContainer - [K3S] [memory_manager.go:355] "RemoveStaleState removing state" podUID="f3a87d55-0020-495d-b27f-a6db4c1fa974" containerName="hivemq"
2025-01-29 18:39:01,849 INFO c.h.h.t.HelmChartContainer - [POD] hivemq-test-hivemq-platform-operator-6966f96d65-x62dp [8fc6e4e0-d4cb-40b3-8609-b4a33413f31b] in helmadditionalbrokerlicensesit-operator was MODIFIED
2025-01-29 18:39:01,853 INFO c.h.h.t.HelmChartContainer - [EVENT] Normal [Scheduled] Successfully assigned helmadditionalbrokerlicensesit-operator/hivemq-test-hivemq-platform-operator-6966f96d65-x62dp to 7f5f25f78dbe [helmadditionalbrokerlicensesit-operator:hivemq-test-hivemq-platform-operator-6966f96d65-x62dp]
2025-01-29 18:39:01,853 INFO c.h.h.t.HelmChartContainer - [EVENT] Normal [SuccessfulCreate] Created pod: hivemq-test-hivemq-platform-operator-6966f96d65-x62dp [helmadditionalbrokerlicensesit-operator:hivemq-test-hivemq-platform-operator-6966f96d65]
2025-01-29 18:39:01,855 INFO c.h.h.t.HelmChartContainer - [K3S] [replica_set.go:679] "Finished syncing" kind="ReplicaSet" key="helmadditionalbrokerlicensesit-operator/hivemq-test-hivemq-platform-operator-6966f96d65" duration="23.98713ms"
2025-01-29 18:39:01,862 INFO c.h.h.t.HelmChartContainer - [K3S] [replica_set.go:679] "Finished syncing" kind="ReplicaSet" key="helmadditionalbrokerlicensesit-operator/hivemq-test-hivemq-platform-operator-6966f96d65" duration="6.930602ms"
2025-01-29 18:39:01,863 INFO c.h.h.t.HelmChartContainer - [K3S] [replica_set.go:679] "Finished syncing" kind="ReplicaSet" key="helmadditionalbrokerlicensesit-operator/hivemq-test-hivemq-platform-operator-6966f96d65" duration="160.44µs"
2025-01-29 18:39:01,865 INFO c.h.h.t.HelmChartContainer - [K3S] [replica_set.go:679] "Finished syncing" kind="ReplicaSet" key="helmadditionalbrokerlicensesit-operator/hivemq-test-hivemq-platform-operator-6966f96d65" duration="33.342µs"
2025-01-29 18:39:01,868 INFO c.h.h.t.HelmChartContainer - [POD] hivemq-test-hivemq-platform-operator-6966f96d65-x62dp [8fc6e4e0-d4cb-40b3-8609-b4a33413f31b] in helmadditionalbrokerlicensesit-operator was MODIFIED
2025-01-29 18:39:01,880 INFO c.h.h.t.HelmChartContainer - [K3S] [reconciler_common.go:251] "operationExecutor.VerifyControllerAttachedVolume started for volume \"kube-api-access-w2wsz\" (UniqueName: \"kubernetes.io/projected/8fc6e4e0-d4cb-40b3-8609-b4a33413f31b-kube-api-access-w2wsz\") pod \"hivemq-test-hivemq-platform-operator-6966f96d65-x62dp\" (UID: \"8fc6e4e0-d4cb-40b3-8609-b4a33413f31b\") " pod="helmadditionalbrokerlicensesit-operator/hivemq-test-hivemq-platform-operator-6966f96d65-x62dp"
2025-01-29 18:39:02,245 INFO c.h.h.t.HelmChartContainer - [EVENT] Normal [Pulled] Container image "docker.io/hivemq/hivemq-platform-operator-test:snapshot" already present on machine [helmadditionalbrokerlicensesit-operator:hivemq-test-hivemq-platform-operator-6966f96d65-x62dp]
2025-01-29 18:39:02,245 INFO c.h.h.t.HelmChartContainer - Received Pulled event for container hivemq-platform-operator in pod hivemq-test-hivemq-platform-operator-6966f96d65-x62dp [8fc6e4e0-d4cb-40b3-8609-b4a33413f31b]
2025-01-29 18:39:03,512 INFO c.h.h.t.HelmChartContainer - [EVENT] Normal [Created] Created container: hivemq-platform-operator [helmadditionalbrokerlicensesit-operator:hivemq-test-hivemq-platform-operator-6966f96d65-x62dp]
2025-01-29 18:39:03,512 INFO c.h.h.t.HelmChartContainer - Received Created event for container hivemq-platform-operator in pod hivemq-test-hivemq-platform-operator-6966f96d65-x62dp [8fc6e4e0-d4cb-40b3-8609-b4a33413f31b]
2025-01-29 18:39:04,350 INFO c.h.h.t.HelmChartContainer - [POD] hivemq-test-hivemq-platform-operator-6966f96d65-x62dp [8fc6e4e0-d4cb-40b3-8609-b4a33413f31b] in helmadditionalbrokerlicensesit-operator was MODIFIED
2025-01-29 18:39:04,351 INFO c.h.h.t.HelmChartContainer - [K3S] [replica_set.go:679] "Finished syncing" kind="ReplicaSet" key="helmadditionalbrokerlicensesit-operator/hivemq-test-hivemq-platform-operator-6966f96d65" duration="49.833µs"
2025-01-29 18:39:04,368 INFO c.h.h.t.HelmChartContainer - [EVENT] Normal [Started] Started container hivemq-platform-operator [helmadditionalbrokerlicensesit-operator:hivemq-test-hivemq-platform-operator-6966f96d65-x62dp]
2025-01-29 18:39:04,368 INFO c.h.h.t.HelmChartContainer - Received Started event for container hivemq-platform-operator in pod hivemq-test-hivemq-platform-operator-6966f96d65-x62dp [8fc6e4e0-d4cb-40b3-8609-b4a33413f31b]
2025-01-29 18:39:04,368 INFO c.h.h.t.HelmChartContainer - Started log watcher for hivemq-platform-operator in pod hivemq-test-hivemq-platform-operator-6966f96d65-x62dp [8fc6e4e0-d4cb-40b3-8609-b4a33413f31b]
2025-01-29 18:39:04,369 INFO c.h.h.t.HelmChartContainer - [hivemq-test-hivemq-platform] [hivemq-platform-operator] [8fc6e4e0] -------------------------------------------------------------------------
2025-01-29 18:39:04,369 INFO c.h.h.t.HelmChartContainer - [hivemq-test-hivemq-platform] [hivemq-platform-operator] [8fc6e4e0] 
2025-01-29 18:39:04,369 INFO c.h.h.t.HelmChartContainer - [hivemq-test-hivemq-platform] [hivemq-platform-operator] [8fc6e4e0]                   _    _  _              __  __   ____
2025-01-29 18:39:04,369 INFO c.h.h.t.HelmChartContainer - [hivemq-test-hivemq-platform] [hivemq-platform-operator] [8fc6e4e0]                  | |  | |(_)            |  \/  | / __ \
2025-01-29 18:39:04,369 INFO c.h.h.t.HelmChartContainer - [hivemq-test-hivemq-platform] [hivemq-platform-operator] [8fc6e4e0]                  | |__| | _ __   __ ___ | \  / || |  | |
2025-01-29 18:39:04,369 INFO c.h.h.t.HelmChartContainer - [hivemq-test-hivemq-platform] [hivemq-platform-operator] [8fc6e4e0]                  |  __  || |\ \ / // _ \| |\/| || |  | |
2025-01-29 18:39:04,369 INFO c.h.h.t.HelmChartContainer - [hivemq-test-hivemq-platform] [hivemq-platform-operator] [8fc6e4e0]                  | |  | || | \ V /|  __/| |  | || |__| |
2025-01-29 18:39:04,369 INFO c.h.h.t.HelmChartContainer - [hivemq-test-hivemq-platform] [hivemq-platform-operator] [8fc6e4e0]                  |_|  |_||_|  \_/  \___||_|  |_| \___\_\
2025-01-29 18:39:04,369 INFO c.h.h.t.HelmChartContainer - [hivemq-test-hivemq-platform] [hivemq-platform-operator] [8fc6e4e0] 
2025-01-29 18:39:04,369 INFO c.h.h.t.HelmChartContainer - [hivemq-test-hivemq-platform] [hivemq-platform-operator] [8fc6e4e0] -------------------------------------------------------------------------
2025-01-29 18:39:04,369 INFO c.h.h.t.HelmChartContainer - [hivemq-test-hivemq-platform] [hivemq-platform-operator] [8fc6e4e0] 
2025-01-29 18:39:04,369 INFO c.h.h.t.HelmChartContainer - [hivemq-test-hivemq-platform] [hivemq-platform-operator] [8fc6e4e0]   HiveMQ Platform Operator Start Script v1.0
2025-01-29 18:39:04,369 INFO c.h.h.t.HelmChartContainer - [hivemq-test-hivemq-platform] [hivemq-platform-operator] [8fc6e4e0] 
2025-01-29 18:39:04,369 INFO c.h.h.t.HelmChartContainer - [hivemq-test-hivemq-platform] [hivemq-platform-operator] [8fc6e4e0] -------------------------------------------------------------------------
2025-01-29 18:39:04,369 INFO c.h.h.t.HelmChartContainer - [hivemq-test-hivemq-platform] [hivemq-platform-operator] [8fc6e4e0] 
2025-01-29 18:39:04,369 INFO c.h.h.t.HelmChartContainer - [hivemq-test-hivemq-platform] [hivemq-platform-operator] [8fc6e4e0]   JAVA_OPTS: -XX:+UnlockExperimentalVMOptions -XX:InitialRAMPercentage=75 -XX:MaxRAMPercentage=75 -Duser.language=en -Duser.region=US
2025-01-29 18:39:04,369 INFO c.h.h.t.HelmChartContainer - [hivemq-test-hivemq-platform] [hivemq-platform-operator] [8fc6e4e0] 
2025-01-29 18:39:04,369 INFO c.h.h.t.HelmChartContainer - [hivemq-test-hivemq-platform] [hivemq-platform-operator] [8fc6e4e0]   JAVA_VERSION: 21
2025-01-29 18:39:04,369 INFO c.h.h.t.HelmChartContainer - [hivemq-test-hivemq-platform] [hivemq-platform-operator] [8fc6e4e0] 
2025-01-29 18:39:04,369 INFO c.h.h.t.HelmChartContainer - [hivemq-test-hivemq-platform] [hivemq-platform-operator] [8fc6e4e0] -------------------------------------------------------------------------
2025-01-29 18:39:04,369 INFO c.h.h.t.HelmChartContainer - [hivemq-test-hivemq-platform] [hivemq-platform-operator] [8fc6e4e0] 
2025-01-29 18:39:06,932 INFO c.h.h.t.HelmChartContainer - [hivemq-test-hivemq-platform] [hivemq-platform-operator] [8fc6e4e0] 18:39:06.929 [main] DEBUG org.jboss.logging - Logging Provider: org.jboss.logging.Slf4jLoggerProvider
2025-01-29 18:39:07,034 INFO c.h.h.t.HelmChartContainer - [hivemq-test-hivemq-platform] [hivemq-platform-operator] [8fc6e4e0] 18:39:07.032 [main] DEBUG io.smallrye.config - SRCFG01006: Loaded ConfigSource SysPropConfigSource with ordinal 400
2025-01-29 18:39:07,034 INFO c.h.h.t.HelmChartContainer - [hivemq-test-hivemq-platform] [hivemq-platform-operator] [8fc6e4e0] 18:39:07.032 [main] DEBUG io.smallrye.config - SRCFG01006: Loaded ConfigSource EnvConfigSource with ordinal 300
2025-01-29 18:39:07,034 INFO c.h.h.t.HelmChartContainer - [hivemq-test-hivemq-platform] [hivemq-platform-operator] [8fc6e4e0] 18:39:07.032 [main] DEBUG io.smallrye.config - SRCFG01006: Loaded ConfigSource PropertiesConfigSource[source=jar:file:///opt/hivemq-platform-operator/bin/hivemq-platform-operator.jar!/hivemq-platform-operator.properties] with ordinal 100
2025-01-29 18:39:07,034 INFO c.h.h.t.HelmChartContainer - [hivemq-test-hivemq-platform] [hivemq-platform-operator] [8fc6e4e0] 18:39:07.033 [main] DEBUG io.smallrye.config - SRCFG01006: Loaded ConfigSource DefaultValuesConfigSource with ordinal -2147483648
2025-01-29 18:39:07,131 INFO c.h.h.t.HelmChartContainer - [hivemq-test-hivemq-platform] [hivemq-platform-operator] [8fc6e4e0] 18:39:07.130 [main] DEBUG i.m.c.u.i.l.InternalLoggerFactory - Using SLF4J as the default logging framework
2025-01-29 18:39:07,248 INFO c.h.h.t.HelmChartContainer - [hivemq-test-hivemq-platform] [hivemq-platform-operator] [8fc6e4e0] 18:39:07.239 [main] INFO  c.h.p.o.HiveMQPlatformOperatorApplication - HiveMQ Platform Operator 1.7.0-SNAPSHOT (commit: b1b9591 on branch: HEAD) built on Wed Jan 29 18:32:18 UTC 2025
2025-01-29 18:39:07,250 INFO c.h.h.t.HelmChartContainer - [hivemq-test-hivemq-platform] [hivemq-platform-operator] [8fc6e4e0] 18:39:07.247 [main] INFO  c.h.p.o.HiveMQPlatformOperatorApplication - HiveMQ Platform Operator is running in namespace: helmadditionalbrokerlicensesit-operator
2025-01-29 18:39:07,250 INFO c.h.h.t.HelmChartContainer - [hivemq-test-hivemq-platform] [hivemq-platform-operator] [8fc6e4e0] 18:39:07.247 [main] INFO  c.h.p.o.HiveMQPlatformOperatorApplication - Watching all namespaces
2025-01-29 18:39:07,250 INFO c.h.h.t.HelmChartContainer - [hivemq-test-hivemq-platform] [hivemq-platform-operator] [8fc6e4e0] 18:39:07.247 [main] INFO  c.h.p.o.HiveMQPlatformOperatorApplication - Log level: DEBUG
2025-01-29 18:39:07,250 INFO c.h.h.t.HelmChartContainer - [hivemq-test-hivemq-platform] [hivemq-platform-operator] [8fc6e4e0] 18:39:07.247 [main] INFO  c.h.p.o.HiveMQPlatformOperatorApplication - Release name: test-hivemq-platform-operator
2025-01-29 18:39:07,250 INFO c.h.h.t.HelmChartContainer - [hivemq-test-hivemq-platform] [hivemq-platform-operator] [8fc6e4e0] 18:39:07.247 [main] INFO  c.h.p.o.HiveMQPlatformOperatorApplication - HiveMQ Platform Operator Init image: docker.io/hivemq/hivemq-platform-operator-init-test:snapshot
2025-01-29 18:39:07,250 INFO c.h.h.t.HelmChartContainer - [hivemq-test-hivemq-platform] [hivemq-platform-operator] [8fc6e4e0] 18:39:07.247 [main] INFO  c.h.p.o.HiveMQPlatformOperatorApplication - HiveMQ Platform Operator Init App update URL: http://hivemq-platform-operator-test-hivemq-platform-operator.helmadditionalbrokerlicensesit-operator.svc:8080/initAppUpdate/hivemq-platform-operator-init-app-1.7.0-SNAPSHOT.jar
2025-01-29 18:39:07,250 INFO c.h.h.t.HelmChartContainer - [hivemq-test-hivemq-platform] [hivemq-platform-operator] [8fc6e4e0] 18:39:07.247 [main] INFO  c.h.p.o.HiveMQPlatformOperatorApplication - Additional imagePullSecret for all Platform deployments: none
2025-01-29 18:39:07,250 INFO c.h.h.t.HelmChartContainer - [hivemq-test-hivemq-platform] [hivemq-platform-operator] [8fc6e4e0] 18:39:07.247 [main] INFO  c.h.p.o.HiveMQPlatformOperatorApplication - Apply HiveMQ Platform CRD: true
2025-01-29 18:39:07,250 INFO c.h.h.t.HelmChartContainer - [hivemq-test-hivemq-platform] [hivemq-platform-operator] [8fc6e4e0] 18:39:07.247 [main] INFO  c.h.p.o.HiveMQPlatformOperatorApplication - Create Platform ServiceAccount: true
2025-01-29 18:39:07,250 INFO c.h.h.t.HelmChartContainer - [hivemq-test-hivemq-platform] [hivemq-platform-operator] [8fc6e4e0] 18:39:07.247 [main] INFO  c.h.p.o.HiveMQPlatformOperatorApplication - Create Platform ServiceAccount permissions: true
2025-01-29 18:39:07,250 INFO c.h.h.t.HelmChartContainer - [hivemq-test-hivemq-platform] [hivemq-platform-operator] [8fc6e4e0] 18:39:07.248 [main] INFO  c.h.p.o.HiveMQPlatformOperatorApplication - Validate Platform ServiceAccount: true
2025-01-29 18:39:07,250 INFO c.h.h.t.HelmChartContainer - [hivemq-test-hivemq-platform] [hivemq-platform-operator] [8fc6e4e0] 18:39:07.248 [main] INFO  c.h.p.o.HiveMQPlatformOperatorApplication - Validate Platform ServiceAccount permissions: true
2025-01-29 18:39:07,432 INFO c.h.h.t.HelmChartContainer - [hivemq-test-hivemq-platform] [hivemq-platform-operator] [8fc6e4e0] 18:39:07.431 [main] INFO  c.h.platform.operator.util.CRDUtil - Verifying deployed HiveMQ Platform CRD...
2025-01-29 18:39:09,930 INFO c.h.h.t.HelmChartContainer - [hivemq-test-hivemq-platform] [hivemq-platform-operator] [8fc6e4e0] 18:39:09.929 [main] DEBUG c.h.platform.operator.util.CRDUtil - HiveMQ Platform CRD version v1 is up to date
2025-01-29 18:39:09,930 INFO c.h.h.t.HelmChartContainer - [hivemq-test-hivemq-platform] [hivemq-platform-operator] [8fc6e4e0] 18:39:09.929 [main] INFO  c.h.platform.operator.util.CRDUtil - HiveMQ Platform CRD is up to date (version: V1_6_0)
2025-01-29 18:39:09,930 INFO c.h.h.t.HelmChartContainer - [hivemq-test-hivemq-platform] [hivemq-platform-operator] [8fc6e4e0] 18:39:09.929 [main] INFO  c.h.platform.operator.util.CRDUtil - Waiting 10000 ms for HiveMQ Platform CRD 'hivemq-platforms.hivemq.com' to become ready...
2025-01-29 18:39:10,231 INFO c.h.h.t.HelmChartContainer - [hivemq-test-hivemq-platform] [hivemq-platform-operator] [8fc6e4e0] 18:39:10.230 [vert.x-eventloop-thread-1] DEBUG c.h.platform.operator.util.CRDUtil - Checking CRD condition 'NamesAccepted' (status: 'True')
2025-01-29 18:39:10,232 INFO c.h.h.t.HelmChartContainer - [hivemq-test-hivemq-platform] [hivemq-platform-operator] [8fc6e4e0] 18:39:10.230 [vert.x-eventloop-thread-1] DEBUG c.h.platform.operator.util.CRDUtil - Checking CRD condition 'Established' (status: 'True')
2025-01-29 18:39:10,233 INFO c.h.h.t.HelmChartContainer - [hivemq-test-hivemq-platform] [hivemq-platform-operator] [8fc6e4e0] 18:39:10.231 [main] INFO  c.h.platform.operator.util.CRDUtil - HiveMQ Platform CRD 'hivemq-platforms.hivemq.com' is ready
2025-01-29 18:39:10,340 INFO c.h.h.t.HelmChartContainer - [hivemq-test-hivemq-platform] [hivemq-platform-operator] [8fc6e4e0] 18:39:10.339 [main] INFO  c.h.p.o.HiveMQPlatformReconciler - HiveMQ Platform Operator is starting...
2025-01-29 18:39:10,435 INFO c.h.h.t.HelmChartContainer - [hivemq-test-hivemq-platform] [hivemq-platform-operator] [8fc6e4e0] 18:39:10.434 [main] WARN  Default ConfigurationService implementation - Configuration for reconciler 'hivemq-controller' was not found. Known reconcilers: None.
2025-01-29 18:39:10,443 INFO c.h.h.t.HelmChartContainer - [hivemq-test-hivemq-platform] [hivemq-platform-operator] [8fc6e4e0] 18:39:10.442 [main] INFO  Default ConfigurationService implementation - Created configuration for reconciler com.hivemq.platform.operator.HiveMQPlatformReconciler with name hivemq-controller
2025-01-29 18:39:10,545 INFO c.h.h.t.HelmChartContainer - [hivemq-test-hivemq-platform] [hivemq-platform-operator] [8fc6e4e0] 18:39:10.544 [main] DEBUG c.h.p.o.HiveMQPlatformReconciler - HiveMQ Platform Operator is preparing EventSources
2025-01-29 18:39:10,636 INFO c.h.h.t.HelmChartContainer - [hivemq-test-hivemq-platform] [hivemq-platform-operator] [8fc6e4e0] 18:39:10.635 [main] INFO  i.javaoperatorsdk.operator.Operator - Registered reconciler: 'hivemq-controller' for resource: 'class com.hivemq.platform.operator.v1.HiveMQPlatform' for namespace(s): [all namespaces]
2025-01-29 18:39:11,151 INFO c.h.h.t.HelmChartContainer - [hivemq-test-hivemq-platform] [hivemq-platform-operator] [8fc6e4e0] 18:39:11.150 [main] INFO  c.h.p.operator.webserver.JettyServer - Starting Jetty server on port 8080
2025-01-29 18:39:11,243 INFO c.h.h.t.HelmChartContainer - [hivemq-test-hivemq-platform] [hivemq-platform-operator] [8fc6e4e0] 18:39:11.242 [main] INFO  i.javaoperatorsdk.operator.Operator - Operator SDK 4.9.7 (commit: 2133d28) built on Wed Nov 20 12:56:20 UTC 2024 starting...
2025-01-29 18:39:11,243 INFO c.h.h.t.HelmChartContainer - [hivemq-test-hivemq-platform] [hivemq-platform-operator] [8fc6e4e0] 18:39:11.242 [main] INFO  i.javaoperatorsdk.operator.Operator - Client version: 6.13.5
2025-01-29 18:39:11,245 INFO c.h.h.t.HelmChartContainer - [hivemq-test-hivemq-platform] [hivemq-platform-operator] [8fc6e4e0] 18:39:11.245 [Controller Starter for: hivemq-controller] INFO  i.j.operator.processing.Controller - Starting 'hivemq-controller' controller for reconciler: com.hivemq.platform.operator.HiveMQPlatformReconciler, resource: com.hivemq.platform.operator.v1.HiveMQPlatform
2025-01-29 18:39:13,737 INFO c.h.h.t.HelmChartContainer - [hivemq-test-hivemq-platform] [hivemq-platform-operator] [8fc6e4e0] 18:39:13.736 [Controller Starter for: hivemq-controller] INFO  i.j.operator.processing.Controller - 'hivemq-controller' controller started
2025-01-29 18:39:13,738 INFO c.h.h.t.HelmChartContainer - [hivemq-test-hivemq-platform] [hivemq-platform-operator] [8fc6e4e0] 18:39:13.737 [main] INFO  c.h.p.o.HiveMQPlatformOperatorApplication - HiveMQ Platform Operator 1.7.0-SNAPSHOT started in 6497 ms
2025-01-29 18:39:15,356 INFO c.h.h.t.HelmChartContainer - [POD] hivemq-test-hivemq-platform-operator-6966f96d65-x62dp [8fc6e4e0-d4cb-40b3-8609-b4a33413f31b] in helmadditionalbrokerlicensesit-operator was MODIFIED
2025-01-29 18:39:15,360 INFO c.h.h.t.HelmChartContainer - [K3S] [replica_set.go:679] "Finished syncing" kind="ReplicaSet" key="helmadditionalbrokerlicensesit-operator/hivemq-test-hivemq-platform-operator-6966f96d65" duration="6.613657ms"
2025-01-29 18:39:15,360 INFO c.h.h.t.HelmChartContainer - [K3S] [replica_set.go:679] "Finished syncing" kind="ReplicaSet" key="helmadditionalbrokerlicensesit-operator/hivemq-test-hivemq-platform-operator-6966f96d65" duration="38.753µs"
2025-01-29 18:39:15,888 INFO c.h.h.testcontainer.LogWaiterUtil - TEST Waiting for log pattern on 'test-hivemq-platform-0': .*License file license.lic is corrupt.
2025-01-29 18:39:15,963 DEBUG c.h.h.t.HelmChartContainer - Executing helm command: /bin/helm --kubeconfig /etc/rancher/k3s/k3s.yaml install test-hivemq-platform /charts/hivemq-platform --wait --timeout 5m0s --set image.repository=docker.io/hivemq --set image.tag=4.36.0 --set image.pullPolicy=Never --set nodes.resources.cpu=512m --set nodes.replicaCount=1 --set license.name=test-additional-broker-license --namespace helmadditionalbrokerlicensesit
2025-01-29 18:39:16,201 INFO c.h.h.t.HelmChartContainer - [hivemq-test-hivemq-platform] [hivemq-platform-operator] [8fc6e4e0] 18:39:16.200 [-2082509879-pool-1-thread-3] WARN  i.m.p.PrometheusMeterRegistry - The meter (MeterId{name='operator.sdk.events.received', tags=[tag(action=ADDED),tag(event=ResourceEvent),tag(group=hivemq.com),tag(kind=HiveMQPlatform),tag(name=test-hivemq-platform),tag(namespace=helmadditionalbrokerlicensesit),tag(scope=namespace),tag(version=v1)]}) registration has failed: Prometheus requires that all meters with the same name have the same set of tag keys. There is already an existing meter named 'operator.sdk.events.received' containing tag keys [event, group, kind, name, namespace, scope, version]. The meter you are attempting to register has keys [action, event, group, kind, name, namespace, scope, version]. Note that subsequent logs will be logged at debug level.
2025-01-29 18:39:16,692 INFO c.h.h.t.HelmChartContainer - [hivemq-test-hivemq-platform] [hivemq-platform-operator] [8fc6e4e0] 18:39:16.691 [pool-6-thread-3] DEBUG c.h.p.o.dependants.PodInfoConfigMap - [helmaddi] Desired PodInfo ConfigMap (1 extensions) (1 enabled)
2025-01-29 18:39:16,693 INFO c.h.h.t.HelmChartContainer - [hivemq-test-hivemq-platform] [hivemq-platform-operator] [8fc6e4e0] 18:39:16.692 [pool-6-thread-3] DEBUG c.h.p.o.dependants.PodInfoConfigMap - [helmaddi] Desired PodInfo ConfigMap (metrics port: 9399) (metrics path: /)
2025-01-29 18:39:16,694 INFO c.h.h.t.HelmChartContainer - [hivemq-test-hivemq-platform] [hivemq-platform-operator] [8fc6e4e0] 18:39:16.692 [pool-6-thread-3] DEBUG c.h.p.o.dependants.PodInfoConfigMap - [helmaddi] Desired PodInfo ConfigMap (extension state hash: -1817474005)
2025-01-29 18:39:16,731 INFO c.h.h.t.HelmChartContainer - [hivemq-test-hivemq-platform] [hivemq-platform-operator] [8fc6e4e0] 18:39:16.729 [pool-6-thread-3] DEBUG c.h.p.o.dependants.PodInfoConfigMap - [helmaddi] Create PodInfo ConfigMap
2025-01-29 18:39:16,835 INFO c.h.h.t.HelmChartContainer - [hivemq-test-hivemq-platform] [hivemq-platform-operator] [8fc6e4e0] 18:39:16.831 [pool-6-thread-5] DEBUG c.h.p.o.dependants.PodRoleResource - [helmaddi] Create Role: Role(apiVersion=rbac.authorization.k8s.io/v1, kind=Role, metadata=ObjectMeta(annotations={meta.helm.sh/release-name=test-hivemq-platform, meta.helm.sh/release-namespace=helmadditionalbrokerlicensesit}, creationTimestamp=null, deletionGracePeriodSeconds=null, deletionTimestamp=null, finalizers=[], generateName=null, generation=null, labels={helm.sh/chart=hivemq-platform-0.2.32, app.kubernetes.io/managed-by=Helm, app.kubernetes.io/name=hivemq-platform, hivemq-platform=test-hivemq-platform, app.kubernetes.io/instance=test-hivemq-platform, app.kubernetes.io/version=4.36.0}, managedFields=[], name=hivemq-platform-role-test-hivemq-platform, namespace=helmadditionalbrokerlicensesit, ownerReferences=[OwnerReference(apiVersion=hivemq.com/v1, blockOwnerDeletion=null, controller=null, kind=HiveMQPlatform, name=test-hivemq-platform, uid=1b3d5d88-07bc-48b6-bc7d-7ba016d807c5, additionalProperties={})], resourceVersion=null, selfLink=null, uid=null, additionalProperties={}), rules=[PolicyRule(apiGroups=[], nonResourceURLs=[], resourceNames=[], resources=[pods], verbs=[get, patch, update], additionalProperties={})], additionalProperties={})
2025-01-29 18:39:16,987 INFO c.h.h.t.HelmChartContainer - [hivemq-test-hivemq-platform] [hivemq-platform-operator] [8fc6e4e0] 18:39:16.985 [pool-6-thread-7] DEBUG c.h.p.o.d.PodServiceAccountResource - [helmaddi] Desired PodServiceAccountResource (serviceAccountName: hivemq-platform-pod-test-hivemq-platform)
2025-01-29 18:39:16,989 INFO c.h.h.t.HelmChartContainer - [hivemq-test-hivemq-platform] [hivemq-platform-operator] [8fc6e4e0] 18:39:16.986 [pool-6-thread-7] DEBUG c.h.p.o.d.PodServiceAccountResource - [helmaddi] Create ServiceAccount 'hivemq-platform-pod-test-hivemq-platform'
2025-01-29 18:39:17,132 INFO c.h.h.t.HelmChartContainer - [hivemq-test-hivemq-platform] [hivemq-platform-operator] [8fc6e4e0] 18:39:17.130 [pool-6-thread-9] DEBUG c.h.p.o.d.PodRoleBindingResource - [helmaddi] Create RoleBinding: RoleBinding(apiVersion=rbac.authorization.k8s.io/v1, kind=RoleBinding, metadata=ObjectMeta(annotations={meta.helm.sh/release-name=test-hivemq-platform, meta.helm.sh/release-namespace=helmadditionalbrokerlicensesit}, creationTimestamp=null, deletionGracePeriodSeconds=null, deletionTimestamp=null, finalizers=[], generateName=null, generation=null, labels={helm.sh/chart=hivemq-platform-0.2.32, app.kubernetes.io/managed-by=Helm, app.kubernetes.io/name=hivemq-platform, hivemq-platform=test-hivemq-platform, app.kubernetes.io/instance=test-hivemq-platform, app.kubernetes.io/version=4.36.0}, managedFields=[], name=hivemq-platform-role-binding-test-hivemq-platform, namespace=helmadditionalbrokerlicensesit, ownerReferences=[OwnerReference(apiVersion=hivemq.com/v1, blockOwnerDeletion=null, controller=null, kind=HiveMQPlatform, name=test-hivemq-platform, uid=1b3d5d88-07bc-48b6-bc7d-7ba016d807c5, additionalProperties={})], resourceVersion=null, selfLink=null, uid=null, additionalProperties={}), roleRef=RoleRef(apiGroup=rbac.authorization.k8s.io, kind=Role, name=hivemq-platform-role-test-hivemq-platform, additionalProperties={}), subjects=[Subject(apiGroup=null, kind=ServiceAccount, name=hivemq-platform-pod-test-hivemq-platform, namespace=helmadditionalbrokerlicensesit, additionalProperties={})], additionalProperties={})
2025-01-29 18:39:17,189 INFO c.h.h.t.HelmChartContainer - [hivemq-test-hivemq-platform] [hivemq-platform-operator] [8fc6e4e0] 18:39:17.188 [ReconcilerExecutor-hivemq-controller-55] INFO  c.h.p.o.HiveMQPlatformReconciler - [helmaddi] Reconciling HiveMQ Platform 'test-hivemq-platform' in namespace 'helmadditionalbrokerlicensesit'
2025-01-29 18:39:17,189 INFO c.h.h.t.HelmChartContainer - [hivemq-test-hivemq-platform] [hivemq-platform-operator] [8fc6e4e0] 18:39:17.188 [ReconcilerExecutor-hivemq-controller-55] DEBUG c.h.p.o.HiveMQPlatformReconciler - [helmaddi] Custom Resource Status CREATED - HiveMQ Platform was created (READY)
2025-01-29 18:39:17,189 INFO c.h.h.t.HelmChartContainer - [hivemq-test-hivemq-platform] [hivemq-platform-operator] [8fc6e4e0] 18:39:17.188 [ReconcilerExecutor-hivemq-controller-55] DEBUG c.h.p.o.HiveMQPlatformReconciler - [helmaddi] Custom Resource Spec (replicas: 1) (extensions: 1)
2025-01-29 18:39:17,193 INFO c.h.h.t.HelmChartContainer - [hivemq-test-hivemq-platform] [hivemq-platform-operator] [8fc6e4e0] 18:39:17.192 [ReconcilerExecutor-hivemq-controller-55] INFO  c.h.p.o.h.HiveMQPlatformReconcilerBaseHandler - [helmaddi] HiveMQ Platform is starting
2025-01-29 18:39:17,299 INFO c.h.h.t.HelmChartContainer - [hivemq-test-hivemq-platform] [hivemq-platform-operator] [8fc6e4e0] 18:39:17.298 [ReconcilerExecutor-hivemq-controller-55] DEBUG c.h.p.operator.event.EventSender - [helmaddi] Creating K8s event hivemq-platform-starting: [Start] HiveMQ Platform is starting
2025-01-29 18:39:17,336 INFO c.h.h.t.HelmChartContainer - [EVENT] Normal [Start] HiveMQ Platform is starting [helmadditionalbrokerlicensesit:test-hivemq-platform]
2025-01-29 18:39:17,388 INFO c.h.h.t.HelmChartContainer - [hivemq-test-hivemq-platform] [hivemq-platform-operator] [8fc6e4e0] 18:39:17.385 [ReconcilerExecutor-hivemq-controller-55] INFO  c.h.p.o.h.AbstractHiveMQReconcilerStateHandler - [helmaddi] Update HiveMQ Platform Status (CREATED [READY] -> STARTING [READY]): HiveMQ Platform is starting
2025-01-29 18:39:17,437 DEBUG com.hivemq.helmcharts.util.K8sUtil - Comparing actual state 'STARTING' and waiting for 'RUNNING'
2025-01-29 18:39:27,494 INFO c.h.h.t.HelmChartContainer - [hivemq-test-hivemq-platform] [hivemq-platform-operator] [8fc6e4e0] 18:39:27.490 [pool-6-thread-12] DEBUG c.h.p.o.d.PlatformServiceResource - [helmaddi] Desired Platform services (3 services)
2025-01-29 18:39:27,494 INFO c.h.h.t.HelmChartContainer - [hivemq-test-hivemq-platform] [hivemq-platform-operator] [8fc6e4e0] 18:39:27.492 [pool-6-thread-13] DEBUG c.h.p.o.dependants.PodInfoConfigMap - [helmaddi] Desired PodInfo ConfigMap (1 extensions) (1 enabled)
2025-01-29 18:39:27,494 INFO c.h.h.t.HelmChartContainer - [hivemq-test-hivemq-platform] [hivemq-platform-operator] [8fc6e4e0] 18:39:27.492 [pool-6-thread-13] DEBUG c.h.p.o.dependants.PodInfoConfigMap - [helmaddi] Desired PodInfo ConfigMap (metrics port: 9399) (metrics path: /)
2025-01-29 18:39:27,494 INFO c.h.h.t.HelmChartContainer - [hivemq-test-hivemq-platform] [hivemq-platform-operator] [8fc6e4e0] 18:39:27.492 [pool-6-thread-13] DEBUG c.h.p.o.dependants.PodInfoConfigMap - [helmaddi] Desired PodInfo ConfigMap (extension state hash: -1817474005)
2025-01-29 18:39:27,496 INFO c.h.h.t.HelmChartContainer - [hivemq-test-hivemq-platform] [hivemq-platform-operator] [8fc6e4e0] 18:39:27.494 [pool-6-thread-17] DEBUG c.h.p.o.d.PodServiceAccountResource - [helmaddi] Desired PodServiceAccountResource (serviceAccountName: hivemq-platform-pod-test-hivemq-platform)
2025-01-29 18:39:27,505 INFO c.h.h.t.HelmChartContainer - [hivemq-test-hivemq-platform] [hivemq-platform-operator] [8fc6e4e0] 18:39:27.503 [pool-6-thread-13] DEBUG c.h.p.o.dependants.PodInfoConfigMap - [helmaddi] Update PodInfo ConfigMap
2025-01-29 18:39:27,595 INFO c.h.h.t.HelmChartContainer - [K3S] [alloc.go:330] "allocated clusterIPs" service="helmadditionalbrokerlicensesit/hivemq-test-hivemq-platform-mqtt-1883" clusterIPs={"IPv4":"10.43.234.69"}
2025-01-29 18:39:27,609 INFO c.h.h.t.HelmChartContainer - [K3S] [alloc.go:330] "allocated clusterIPs" service="helmadditionalbrokerlicensesit/hivemq-test-hivemq-platform-cc-8080" clusterIPs={"IPv4":"10.43.151.21"}
2025-01-29 18:39:27,695 INFO c.h.h.t.HelmChartContainer - [K3S] [alloc.go:330] "allocated clusterIPs" service="helmadditionalbrokerlicensesit/hivemq-test-hivemq-platform-metrics-9399" clusterIPs={"IPv4":"10.43.33.212"}
2025-01-29 18:39:27,706 INFO c.h.h.t.HelmChartContainer - [hivemq-test-hivemq-platform] [hivemq-platform-operator] [8fc6e4e0] 18:39:27.702 [pool-6-thread-20] DEBUG c.h.p.o.d.StatefulSetResource - [helmaddi] Desired StatefulSet (1 replicas) for status STARTING (READY)
2025-01-29 18:39:27,795 INFO c.h.h.t.HelmChartContainer - [hivemq-test-hivemq-platform] [hivemq-platform-operator] [8fc6e4e0] 18:39:27.793 [pool-6-thread-20] DEBUG c.h.p.o.d.StatefulSetResource - [helmaddi] Create StatefulSet
2025-01-29 18:39:27,818 INFO c.h.h.t.HelmChartContainer - [POD] test-hivemq-platform-0 [dfade23a-e7fb-4d10-bd49-b4c9e5ca026a] in helmadditionalbrokerlicensesit was ADDED
2025-01-29 18:39:27,819 INFO c.h.h.t.HelmChartContainer - [EVENT] Normal [SuccessfulCreate] create Pod test-hivemq-platform-0 in StatefulSet test-hivemq-platform successful [helmadditionalbrokerlicensesit:test-hivemq-platform]
2025-01-29 18:39:27,823 INFO c.h.h.t.HelmChartContainer - [POD] test-hivemq-platform-0 [dfade23a-e7fb-4d10-bd49-b4c9e5ca026a] in helmadditionalbrokerlicensesit was MODIFIED
2025-01-29 18:39:27,825 INFO c.h.h.t.HelmChartContainer - [EVENT] Normal [Scheduled] Successfully assigned helmadditionalbrokerlicensesit/test-hivemq-platform-0 to 7f5f25f78dbe [helmadditionalbrokerlicensesit:test-hivemq-platform-0]
2025-01-29 18:39:27,832 INFO c.h.h.t.HelmChartContainer - [POD] test-hivemq-platform-0 [dfade23a-e7fb-4d10-bd49-b4c9e5ca026a] in helmadditionalbrokerlicensesit was MODIFIED
2025-01-29 18:39:27,887 INFO c.h.h.t.HelmChartContainer - [hivemq-test-hivemq-platform] [hivemq-platform-operator] [8fc6e4e0] 18:39:27.885 [ReconcilerExecutor-hivemq-controller-66] INFO  c.h.p.o.HiveMQPlatformReconciler - [helmaddi] Reconciling HiveMQ Platform 'test-hivemq-platform' in namespace 'helmadditionalbrokerlicensesit'
2025-01-29 18:39:27,888 INFO c.h.h.t.HelmChartContainer - [hivemq-test-hivemq-platform] [hivemq-platform-operator] [8fc6e4e0] 18:39:27.886 [ReconcilerExecutor-hivemq-controller-66] DEBUG c.h.p.o.HiveMQPlatformReconciler - [helmaddi] Custom Resource Status STARTING - HiveMQ Platform is starting (READY)
2025-01-29 18:39:27,891 INFO c.h.h.t.HelmChartContainer - [hivemq-test-hivemq-platform] [hivemq-platform-operator] [8fc6e4e0] 18:39:27.886 [ReconcilerExecutor-hivemq-controller-66] DEBUG c.h.p.o.HiveMQPlatformReconciler - [helmaddi] Custom Resource Spec (replicas: 1) (extensions: 1)
2025-01-29 18:39:27,897 INFO c.h.h.t.HelmChartContainer - [hivemq-test-hivemq-platform] [hivemq-platform-operator] [8fc6e4e0] 18:39:27.896 [ReconcilerExecutor-hivemq-controller-66] DEBUG c.h.p.o.HiveMQPlatformReconciler - [helmaddi] StatefulSet Status (revision: test-hivemq-platform-7d45f7f7f4, replicas: 1, available: 0, ready: 0, current: 1, updated: 1)
2025-01-29 18:39:27,897 INFO c.h.h.t.HelmChartContainer - [hivemq-test-hivemq-platform] [hivemq-platform-operator] [8fc6e4e0] 18:39:27.896 [ReconcilerExecutor-hivemq-controller-66] DEBUG c.h.p.o.HiveMQPlatformReconciler - [helmaddi] StatefulSet Spec (replicas: 1, init containers: 1, containers: 1, volumes: 4)
2025-01-29 18:39:27,936 INFO c.h.h.t.HelmChartContainer - [K3S] [reconciler_common.go:251] "operationExecutor.VerifyControllerAttachedVolume started for volume \"pod-info\" (UniqueName: \"kubernetes.io/configmap/dfade23a-e7fb-4d10-bd49-b4c9e5ca026a-pod-info\") pod \"test-hivemq-platform-0\" (UID: \"dfade23a-e7fb-4d10-bd49-b4c9e5ca026a\") " pod="helmadditionalbrokerlicensesit/test-hivemq-platform-0"
2025-01-29 18:39:27,936 INFO c.h.h.t.HelmChartContainer - [K3S] [reconciler_common.go:251] "operationExecutor.VerifyControllerAttachedVolume started for volume \"kube-api-access-9zppl\" (UniqueName: \"kubernetes.io/projected/dfade23a-e7fb-4d10-bd49-b4c9e5ca026a-kube-api-access-9zppl\") pod \"test-hivemq-platform-0\" (UID: \"dfade23a-e7fb-4d10-bd49-b4c9e5ca026a\") " pod="helmadditionalbrokerlicensesit/test-hivemq-platform-0"
2025-01-29 18:39:27,936 INFO c.h.h.t.HelmChartContainer - [K3S] [reconciler_common.go:251] "operationExecutor.VerifyControllerAttachedVolume started for volume \"broker-configuration\" (UniqueName: \"kubernetes.io/configmap/dfade23a-e7fb-4d10-bd49-b4c9e5ca026a-broker-configuration\") pod \"test-hivemq-platform-0\" (UID: \"dfade23a-e7fb-4d10-bd49-b4c9e5ca026a\") " pod="helmadditionalbrokerlicensesit/test-hivemq-platform-0"
2025-01-29 18:39:27,936 INFO c.h.h.t.HelmChartContainer - [K3S] [reconciler_common.go:251] "operationExecutor.VerifyControllerAttachedVolume started for volume \"operator-init\" (UniqueName: \"kubernetes.io/empty-dir/dfade23a-e7fb-4d10-bd49-b4c9e5ca026a-operator-init\") pod \"test-hivemq-platform-0\" (UID: \"dfade23a-e7fb-4d10-bd49-b4c9e5ca026a\") " pod="helmadditionalbrokerlicensesit/test-hivemq-platform-0"
2025-01-29 18:39:27,936 INFO c.h.h.t.HelmChartContainer - [K3S] [reconciler_common.go:251] "operationExecutor.VerifyControllerAttachedVolume started for volume \"licenses\" (UniqueName: \"kubernetes.io/secret/dfade23a-e7fb-4d10-bd49-b4c9e5ca026a-licenses\") pod \"test-hivemq-platform-0\" (UID: \"dfade23a-e7fb-4d10-bd49-b4c9e5ca026a\") " pod="helmadditionalbrokerlicensesit/test-hivemq-platform-0"
2025-01-29 18:39:27,998 INFO c.h.h.t.HelmChartContainer - [hivemq-test-hivemq-platform] [hivemq-platform-operator] [8fc6e4e0] 18:39:27.996 [ReconcilerExecutor-hivemq-controller-66] DEBUG c.h.p.o.h.HiveMQPlatformReconcilerErrorHandler - [helmaddi] Pod 'test-hivemq-platform-0' phase Pending
2025-01-29 18:39:27,999 INFO c.h.h.t.HelmChartContainer - [hivemq-test-hivemq-platform] [hivemq-platform-operator] [8fc6e4e0] 18:39:27.997 [ReconcilerExecutor-hivemq-controller-66] DEBUG c.h.p.o.h.HiveMQPlatformReconcilerErrorHandler - [helmaddi] Pod 'test-hivemq-platform-0' condition 'PodReadyToStartContainers': False
2025-01-29 18:39:27,999 INFO c.h.h.t.HelmChartContainer - [hivemq-test-hivemq-platform] [hivemq-platform-operator] [8fc6e4e0] 18:39:27.998 [ReconcilerExecutor-hivemq-controller-66] DEBUG c.h.p.o.h.HiveMQPlatformReconcilerErrorHandler - [helmaddi] Pod 'test-hivemq-platform-0' condition 'Initialized': False
2025-01-29 18:39:27,999 INFO c.h.h.t.HelmChartContainer - [hivemq-test-hivemq-platform] [hivemq-platform-operator] [8fc6e4e0] 18:39:27.998 [ReconcilerExecutor-hivemq-controller-66] DEBUG c.h.p.o.h.HiveMQPlatformReconcilerErrorHandler - [helmaddi] Pod 'test-hivemq-platform-0' condition 'Ready': False
2025-01-29 18:39:27,999 INFO c.h.h.t.HelmChartContainer - [hivemq-test-hivemq-platform] [hivemq-platform-operator] [8fc6e4e0] 18:39:27.998 [ReconcilerExecutor-hivemq-controller-66] DEBUG c.h.p.o.h.HiveMQPlatformReconcilerErrorHandler - [helmaddi] Pod 'test-hivemq-platform-0' condition 'ContainersReady': False
2025-01-29 18:39:27,999 INFO c.h.h.t.HelmChartContainer - [hivemq-test-hivemq-platform] [hivemq-platform-operator] [8fc6e4e0] 18:39:27.998 [ReconcilerExecutor-hivemq-controller-66] DEBUG c.h.p.o.h.HiveMQPlatformReconcilerErrorHandler - [helmaddi] Pod 'test-hivemq-platform-0' condition 'PodScheduled': True
2025-01-29 18:39:28,000 INFO c.h.h.t.HelmChartContainer - [hivemq-test-hivemq-platform] [hivemq-platform-operator] [8fc6e4e0] 18:39:27.998 [ReconcilerExecutor-hivemq-controller-66] DEBUG c.h.p.o.h.HiveMQPlatformReconcilerErrorHandler - [helmaddi] Pod 'test-hivemq-platform-0' containerStatus 'hivemq' (started: false) (ready: false) (waiting: [PodInitializing] null)
2025-01-29 18:39:28,002 INFO c.h.h.t.HelmChartContainer - [hivemq-test-hivemq-platform] [hivemq-platform-operator] [8fc6e4e0] 18:39:28.001 [ReconcilerExecutor-hivemq-controller-66] INFO  c.h.p.o.h.HiveMQPlatformReconcilerBaseHandler - [helmaddi] HiveMQ Platform is starting, 0 of 1 replicas are ready
2025-01-29 18:39:28,093 INFO c.h.h.t.HelmChartContainer - [hivemq-test-hivemq-platform] [hivemq-platform-operator] [8fc6e4e0] 18:39:28.088 [pool-6-thread-22] DEBUG c.h.p.o.d.PlatformServiceResource - [helmaddi] Desired Platform services (3 services)
2025-01-29 18:39:28,093 INFO c.h.h.t.HelmChartContainer - [hivemq-test-hivemq-platform] [hivemq-platform-operator] [8fc6e4e0] 18:39:28.089 [pool-6-thread-23] DEBUG c.h.p.o.dependants.PodInfoConfigMap - [helmaddi] Desired PodInfo ConfigMap (1 extensions) (1 enabled)
2025-01-29 18:39:28,093 INFO c.h.h.t.HelmChartContainer - [hivemq-test-hivemq-platform] [hivemq-platform-operator] [8fc6e4e0] 18:39:28.089 [pool-6-thread-23] DEBUG c.h.p.o.dependants.PodInfoConfigMap - [helmaddi] Desired PodInfo ConfigMap (metrics port: 9399) (metrics path: /)
2025-01-29 18:39:28,093 INFO c.h.h.t.HelmChartContainer - [hivemq-test-hivemq-platform] [hivemq-platform-operator] [8fc6e4e0] 18:39:28.089 [pool-6-thread-23] DEBUG c.h.p.o.dependants.PodInfoConfigMap - [helmaddi] Desired PodInfo ConfigMap (extension state hash: -1817474005)
2025-01-29 18:39:28,098 INFO c.h.h.t.HelmChartContainer - [hivemq-test-hivemq-platform] [hivemq-platform-operator] [8fc6e4e0] 18:39:28.096 [pool-6-thread-27] DEBUG c.h.p.o.d.PodServiceAccountResource - [helmaddi] Desired PodServiceAccountResource (serviceAccountName: hivemq-platform-pod-test-hivemq-platform)
2025-01-29 18:39:28,189 INFO c.h.h.t.HelmChartContainer - [hivemq-test-hivemq-platform] [hivemq-platform-operator] [8fc6e4e0] 18:39:28.187 [pool-6-thread-30] DEBUG c.h.p.o.d.StatefulSetResource - [helmaddi] Desired StatefulSet (1 replicas) for status STARTING (READY)
2025-01-29 18:39:28,195 INFO c.h.h.t.HelmChartContainer - [hivemq-test-hivemq-platform] [hivemq-platform-operator] [8fc6e4e0] 18:39:28.194 [ReconcilerExecutor-hivemq-controller-77] INFO  c.h.p.o.HiveMQPlatformReconciler - [helmaddi] Reconciling HiveMQ Platform 'test-hivemq-platform' in namespace 'helmadditionalbrokerlicensesit'
2025-01-29 18:39:28,196 INFO c.h.h.t.HelmChartContainer - [hivemq-test-hivemq-platform] [hivemq-platform-operator] [8fc6e4e0] 18:39:28.195 [ReconcilerExecutor-hivemq-controller-77] DEBUG c.h.p.o.HiveMQPlatformReconciler - [helmaddi] Custom Resource Status STARTING - HiveMQ Platform is starting (READY)
2025-01-29 18:39:28,196 INFO c.h.h.t.HelmChartContainer - [hivemq-test-hivemq-platform] [hivemq-platform-operator] [8fc6e4e0] 18:39:28.195 [ReconcilerExecutor-hivemq-controller-77] DEBUG c.h.p.o.HiveMQPlatformReconciler - [helmaddi] Custom Resource Spec (replicas: 1) (extensions: 1)
2025-01-29 18:39:28,204 INFO c.h.h.t.HelmChartContainer - [hivemq-test-hivemq-platform] [hivemq-platform-operator] [8fc6e4e0] 18:39:28.201 [ReconcilerExecutor-hivemq-controller-77] DEBUG c.h.p.o.HiveMQPlatformReconciler - [helmaddi] StatefulSet Status (revision: test-hivemq-platform-7d45f7f7f4, replicas: 1, available: 0, ready: 0, current: 1, updated: 1)
2025-01-29 18:39:28,205 INFO c.h.h.t.HelmChartContainer - [hivemq-test-hivemq-platform] [hivemq-platform-operator] [8fc6e4e0] 18:39:28.201 [ReconcilerExecutor-hivemq-controller-77] DEBUG c.h.p.o.HiveMQPlatformReconciler - [helmaddi] StatefulSet Spec (replicas: 1, init containers: 1, containers: 1, volumes: 4)
2025-01-29 18:39:28,223 INFO c.h.h.t.HelmChartContainer - [EVENT] Normal [Pulled] Container image "docker.io/hivemq/hivemq-platform-operator-init-test:snapshot" already present on machine [helmadditionalbrokerlicensesit:test-hivemq-platform-0]
2025-01-29 18:39:28,286 INFO c.h.h.t.HelmChartContainer - [hivemq-test-hivemq-platform] [hivemq-platform-operator] [8fc6e4e0] 18:39:28.204 [ReconcilerExecutor-hivemq-controller-77] DEBUG c.h.p.o.h.HiveMQPlatformReconcilerErrorHandler - [helmaddi] Pod 'test-hivemq-platform-0' phase Pending
2025-01-29 18:39:28,286 INFO c.h.h.t.HelmChartContainer - [hivemq-test-hivemq-platform] [hivemq-platform-operator] [8fc6e4e0] 18:39:28.284 [ReconcilerExecutor-hivemq-controller-77] DEBUG c.h.p.o.h.HiveMQPlatformReconcilerErrorHandler - [helmaddi] Pod 'test-hivemq-platform-0' condition 'PodReadyToStartContainers': False
2025-01-29 18:39:28,286 INFO c.h.h.t.HelmChartContainer - [hivemq-test-hivemq-platform] [hivemq-platform-operator] [8fc6e4e0] 18:39:28.284 [ReconcilerExecutor-hivemq-controller-77] DEBUG c.h.p.o.h.HiveMQPlatformReconcilerErrorHandler - [helmaddi] Pod 'test-hivemq-platform-0' condition 'Initialized': False
2025-01-29 18:39:28,287 INFO c.h.h.t.HelmChartContainer - [hivemq-test-hivemq-platform] [hivemq-platform-operator] [8fc6e4e0] 18:39:28.284 [ReconcilerExecutor-hivemq-controller-77] DEBUG c.h.p.o.h.HiveMQPlatformReconcilerErrorHandler - [helmaddi] Pod 'test-hivemq-platform-0' condition 'Ready': False
2025-01-29 18:39:28,287 INFO c.h.h.t.HelmChartContainer - [hivemq-test-hivemq-platform] [hivemq-platform-operator] [8fc6e4e0] 18:39:28.284 [ReconcilerExecutor-hivemq-controller-77] DEBUG c.h.p.o.h.HiveMQPlatformReconcilerErrorHandler - [helmaddi] Pod 'test-hivemq-platform-0' condition 'ContainersReady': False
2025-01-29 18:39:28,287 INFO c.h.h.t.HelmChartContainer - [hivemq-test-hivemq-platform] [hivemq-platform-operator] [8fc6e4e0] 18:39:28.284 [ReconcilerExecutor-hivemq-controller-77] DEBUG c.h.p.o.h.HiveMQPlatformReconcilerErrorHandler - [helmaddi] Pod 'test-hivemq-platform-0' condition 'PodScheduled': True
2025-01-29 18:39:28,287 INFO c.h.h.t.HelmChartContainer - [hivemq-test-hivemq-platform] [hivemq-platform-operator] [8fc6e4e0] 18:39:28.284 [ReconcilerExecutor-hivemq-controller-77] DEBUG c.h.p.o.h.HiveMQPlatformReconcilerErrorHandler - [helmaddi] Pod 'test-hivemq-platform-0' containerStatus 'hivemq' (started: false) (ready: false) (waiting: [PodInitializing] null)
2025-01-29 18:39:28,287 INFO c.h.h.t.HelmChartContainer - [hivemq-test-hivemq-platform] [hivemq-platform-operator] [8fc6e4e0] 18:39:28.286 [ReconcilerExecutor-hivemq-controller-77] INFO  c.h.p.o.h.HiveMQPlatformReconcilerBaseHandler - [helmaddi] HiveMQ Platform is starting, 0 of 1 replicas are ready
2025-01-29 18:39:28,376 INFO c.h.h.t.HelmChartContainer - [EVENT] Normal [Created] Created container: hivemq-platform-operator-init [helmadditionalbrokerlicensesit:test-hivemq-platform-0]
2025-01-29 18:39:28,415 INFO c.h.h.t.HelmChartContainer - [EVENT] Normal [Started] Started container hivemq-platform-operator-init [helmadditionalbrokerlicensesit:test-hivemq-platform-0]
2025-01-29 18:39:29,383 INFO c.h.h.t.HelmChartContainer - [EVENT] Normal [Pulled] Container image "docker.io/hivemq/hivemq4:4.36.0" already present on machine [helmadditionalbrokerlicensesit:test-hivemq-platform-0]
2025-01-29 18:39:29,383 INFO c.h.h.t.HelmChartContainer - Received Pulled event for container hivemq in pod test-hivemq-platform-0 [dfade23a-e7fb-4d10-bd49-b4c9e5ca026a]
2025-01-29 18:39:29,393 INFO c.h.h.t.HelmChartContainer - [POD] test-hivemq-platform-0 [dfade23a-e7fb-4d10-bd49-b4c9e5ca026a] in helmadditionalbrokerlicensesit was MODIFIED
2025-01-29 18:39:29,424 INFO c.h.h.t.HelmChartContainer - [hivemq-test-hivemq-platform] [hivemq-platform-operator] [8fc6e4e0] 18:39:29.416 [pool-6-thread-32] DEBUG c.h.p.o.d.PlatformServiceResource - [helmaddi] Desired Platform services (3 services)
2025-01-29 18:39:29,425 INFO c.h.h.t.HelmChartContainer - [hivemq-test-hivemq-platform] [hivemq-platform-operator] [8fc6e4e0] 18:39:29.420 [pool-6-thread-33] DEBUG c.h.p.o.dependants.PodInfoConfigMap - [helmaddi] Desired PodInfo ConfigMap (1 extensions) (1 enabled)
2025-01-29 18:39:29,425 INFO c.h.h.t.HelmChartContainer - [hivemq-test-hivemq-platform] [hivemq-platform-operator] [8fc6e4e0] 18:39:29.420 [pool-6-thread-33] DEBUG c.h.p.o.dependants.PodInfoConfigMap - [helmaddi] Desired PodInfo ConfigMap (metrics port: 9399) (metrics path: /)
2025-01-29 18:39:29,425 INFO c.h.h.t.HelmChartContainer - [hivemq-test-hivemq-platform] [hivemq-platform-operator] [8fc6e4e0] 18:39:29.420 [pool-6-thread-33] DEBUG c.h.p.o.dependants.PodInfoConfigMap - [helmaddi] Desired PodInfo ConfigMap (extension state hash: -1817474005)
2025-01-29 18:39:29,431 INFO c.h.h.t.HelmChartContainer - [hivemq-test-hivemq-platform] [hivemq-platform-operator] [8fc6e4e0] 18:39:29.428 [pool-6-thread-37] DEBUG c.h.p.o.d.PodServiceAccountResource - [helmaddi] Desired PodServiceAccountResource (serviceAccountName: hivemq-platform-pod-test-hivemq-platform)
2025-01-29 18:39:29,492 INFO c.h.h.t.HelmChartContainer - [hivemq-test-hivemq-platform] [hivemq-platform-operator] [8fc6e4e0] 18:39:29.490 [pool-6-thread-40] DEBUG c.h.p.o.d.StatefulSetResource - [helmaddi] Desired StatefulSet (1 replicas) for status STARTING (READY)
2025-01-29 18:39:29,496 INFO c.h.h.t.HelmChartContainer - [hivemq-test-hivemq-platform] [hivemq-platform-operator] [8fc6e4e0] 18:39:29.495 [ReconcilerExecutor-hivemq-controller-88] INFO  c.h.p.o.HiveMQPlatformReconciler - [helmaddi] Reconciling HiveMQ Platform 'test-hivemq-platform' in namespace 'helmadditionalbrokerlicensesit'
2025-01-29 18:39:29,499 INFO c.h.h.t.HelmChartContainer - [hivemq-test-hivemq-platform] [hivemq-platform-operator] [8fc6e4e0] 18:39:29.495 [ReconcilerExecutor-hivemq-controller-88] DEBUG c.h.p.o.HiveMQPlatformReconciler - [helmaddi] Custom Resource Status STARTING - HiveMQ Platform is starting (READY)
2025-01-29 18:39:29,499 INFO c.h.h.t.HelmChartContainer - [hivemq-test-hivemq-platform] [hivemq-platform-operator] [8fc6e4e0] 18:39:29.495 [ReconcilerExecutor-hivemq-controller-88] DEBUG c.h.p.o.HiveMQPlatformReconciler - [helmaddi] Custom Resource Spec (replicas: 1) (extensions: 1)
2025-01-29 18:39:29,500 INFO c.h.h.t.HelmChartContainer - [hivemq-test-hivemq-platform] [hivemq-platform-operator] [8fc6e4e0] 18:39:29.498 [ReconcilerExecutor-hivemq-controller-88] DEBUG c.h.p.o.HiveMQPlatformReconciler - [helmaddi] StatefulSet Status (revision: test-hivemq-platform-7d45f7f7f4, replicas: 1, available: 0, ready: 0, current: 1, updated: 1)
2025-01-29 18:39:29,500 INFO c.h.h.t.HelmChartContainer - [hivemq-test-hivemq-platform] [hivemq-platform-operator] [8fc6e4e0] 18:39:29.498 [ReconcilerExecutor-hivemq-controller-88] DEBUG c.h.p.o.HiveMQPlatformReconciler - [helmaddi] StatefulSet Spec (replicas: 1, init containers: 1, containers: 1, volumes: 4)
2025-01-29 18:39:29,502 INFO c.h.h.t.HelmChartContainer - [hivemq-test-hivemq-platform] [hivemq-platform-operator] [8fc6e4e0] 18:39:29.501 [ReconcilerExecutor-hivemq-controller-88] DEBUG c.h.p.o.h.HiveMQPlatformReconcilerErrorHandler - [helmaddi] Pod 'test-hivemq-platform-0' phase Pending
2025-01-29 18:39:29,503 INFO c.h.h.t.HelmChartContainer - [hivemq-test-hivemq-platform] [hivemq-platform-operator] [8fc6e4e0] 18:39:29.501 [ReconcilerExecutor-hivemq-controller-88] DEBUG c.h.p.o.h.HiveMQPlatformReconcilerErrorHandler - [helmaddi] Pod 'test-hivemq-platform-0' condition 'PodReadyToStartContainers': True
2025-01-29 18:39:29,503 INFO c.h.h.t.HelmChartContainer - [hivemq-test-hivemq-platform] [hivemq-platform-operator] [8fc6e4e0] 18:39:29.502 [ReconcilerExecutor-hivemq-controller-88] DEBUG c.h.p.o.h.HiveMQPlatformReconcilerErrorHandler - [helmaddi] Pod 'test-hivemq-platform-0' condition 'Initialized': True
2025-01-29 18:39:29,503 INFO c.h.h.t.HelmChartContainer - [hivemq-test-hivemq-platform] [hivemq-platform-operator] [8fc6e4e0] 18:39:29.502 [ReconcilerExecutor-hivemq-controller-88] DEBUG c.h.p.o.h.HiveMQPlatformReconcilerErrorHandler - [helmaddi] Pod 'test-hivemq-platform-0' condition 'Ready': False
2025-01-29 18:39:29,503 INFO c.h.h.t.HelmChartContainer - [hivemq-test-hivemq-platform] [hivemq-platform-operator] [8fc6e4e0] 18:39:29.502 [ReconcilerExecutor-hivemq-controller-88] DEBUG c.h.p.o.h.HiveMQPlatformReconcilerErrorHandler - [helmaddi] Pod 'test-hivemq-platform-0' condition 'ContainersReady': False
2025-01-29 18:39:29,503 INFO c.h.h.t.HelmChartContainer - [hivemq-test-hivemq-platform] [hivemq-platform-operator] [8fc6e4e0] 18:39:29.502 [ReconcilerExecutor-hivemq-controller-88] DEBUG c.h.p.o.h.HiveMQPlatformReconcilerErrorHandler - [helmaddi] Pod 'test-hivemq-platform-0' condition 'PodScheduled': True
2025-01-29 18:39:29,503 INFO c.h.h.t.HelmChartContainer - [hivemq-test-hivemq-platform] [hivemq-platform-operator] [8fc6e4e0] 18:39:29.502 [ReconcilerExecutor-hivemq-controller-88] DEBUG c.h.p.o.h.HiveMQPlatformReconcilerErrorHandler - [helmaddi] Pod 'test-hivemq-platform-0' containerStatus 'hivemq' (started: false) (ready: false) (waiting: [PodInitializing] null)
2025-01-29 18:39:29,505 INFO c.h.h.t.HelmChartContainer - [hivemq-test-hivemq-platform] [hivemq-platform-operator] [8fc6e4e0] 18:39:29.504 [ReconcilerExecutor-hivemq-controller-88] INFO  c.h.p.o.h.HiveMQPlatformReconcilerBaseHandler - [helmaddi] HiveMQ Platform is starting, 0 of 1 replicas are ready
2025-01-29 18:39:30,914 INFO c.h.h.t.HelmChartContainer - [EVENT] Normal [Created] Created container: hivemq [helmadditionalbrokerlicensesit:test-hivemq-platform-0]
2025-01-29 18:39:30,914 INFO c.h.h.t.HelmChartContainer - Received Created event for container hivemq in pod test-hivemq-platform-0 [dfade23a-e7fb-4d10-bd49-b4c9e5ca026a]
2025-01-29 18:39:31,398 INFO c.h.h.t.HelmChartContainer - [POD] test-hivemq-platform-0 [dfade23a-e7fb-4d10-bd49-b4c9e5ca026a] in helmadditionalbrokerlicensesit was MODIFIED
2025-01-29 18:39:31,406 INFO c.h.h.t.HelmChartContainer - [EVENT] Normal [Started] Started container hivemq [helmadditionalbrokerlicensesit:test-hivemq-platform-0]
2025-01-29 18:39:31,406 INFO c.h.h.t.HelmChartContainer - Received Started event for container hivemq in pod test-hivemq-platform-0 [dfade23a-e7fb-4d10-bd49-b4c9e5ca026a]
2025-01-29 18:39:31,407 INFO c.h.h.t.HelmChartContainer - Started log watcher for hivemq in pod test-hivemq-platform-0 [dfade23a-e7fb-4d10-bd49-b4c9e5ca026a]
2025-01-29 18:39:31,407 INFO c.h.h.t.HelmChartContainer - [test-hivemq-platform] [hivemq] [dfade23a] Adding pre-installed HiveMQ Platform Operator extensions
2025-01-29 18:39:31,407 INFO c.h.h.t.HelmChartContainer - [test-hivemq-platform] [hivemq] [dfade23a] Running as user 10000
2025-01-29 18:39:31,407 INFO c.h.h.t.HelmChartContainer - [test-hivemq-platform] [hivemq] [dfade23a] Starting HiveMQ Platform Operator Init
2025-01-29 18:39:31,416 INFO c.h.h.t.HelmChartContainer - [hivemq-test-hivemq-platform] [hivemq-platform-operator] [8fc6e4e0] 18:39:31.411 [pool-6-thread-42] DEBUG c.h.p.o.d.PlatformServiceResource - [helmaddi] Desired Platform services (3 services)
2025-01-29 18:39:31,417 INFO c.h.h.t.HelmChartContainer - [hivemq-test-hivemq-platform] [hivemq-platform-operator] [8fc6e4e0] 18:39:31.413 [pool-6-thread-43] DEBUG c.h.p.o.dependants.PodInfoConfigMap - [helmaddi] Desired PodInfo ConfigMap (1 extensions) (1 enabled)
2025-01-29 18:39:31,419 INFO c.h.h.t.HelmChartContainer - [hivemq-test-hivemq-platform] [hivemq-platform-operator] [8fc6e4e0] 18:39:31.416 [pool-6-thread-43] DEBUG c.h.p.o.dependants.PodInfoConfigMap - [helmaddi] Desired PodInfo ConfigMap (metrics port: 9399) (metrics path: /)
2025-01-29 18:39:31,419 INFO c.h.h.t.HelmChartContainer - [hivemq-test-hivemq-platform] [hivemq-platform-operator] [8fc6e4e0] 18:39:31.418 [pool-6-thread-43] DEBUG c.h.p.o.dependants.PodInfoConfigMap - [helmaddi] Desired PodInfo ConfigMap (extension state hash: -1817474005)
2025-01-29 18:39:31,488 INFO c.h.h.t.HelmChartContainer - [hivemq-test-hivemq-platform] [hivemq-platform-operator] [8fc6e4e0] 18:39:31.485 [pool-6-thread-47] DEBUG c.h.p.o.d.PodServiceAccountResource - [helmaddi] Desired PodServiceAccountResource (serviceAccountName: hivemq-platform-pod-test-hivemq-platform)
2025-01-29 18:39:31,492 INFO c.h.h.t.HelmChartContainer - [hivemq-test-hivemq-platform] [hivemq-platform-operator] [8fc6e4e0] 18:39:31.491 [pool-6-thread-50] DEBUG c.h.p.o.d.StatefulSetResource - [helmaddi] Desired StatefulSet (1 replicas) for status STARTING (READY)
2025-01-29 18:39:31,497 INFO c.h.h.t.HelmChartContainer - [hivemq-test-hivemq-platform] [hivemq-platform-operator] [8fc6e4e0] 18:39:31.496 [ReconcilerExecutor-hivemq-controller-99] INFO  c.h.p.o.HiveMQPlatformReconciler - [helmaddi] Reconciling HiveMQ Platform 'test-hivemq-platform' in namespace 'helmadditionalbrokerlicensesit'
2025-01-29 18:39:31,497 INFO c.h.h.t.HelmChartContainer - [hivemq-test-hivemq-platform] [hivemq-platform-operator] [8fc6e4e0] 18:39:31.497 [ReconcilerExecutor-hivemq-controller-99] DEBUG c.h.p.o.HiveMQPlatformReconciler - [helmaddi] Custom Resource Status STARTING - HiveMQ Platform is starting (READY)
2025-01-29 18:39:31,498 INFO c.h.h.t.HelmChartContainer - [hivemq-test-hivemq-platform] [hivemq-platform-operator] [8fc6e4e0] 18:39:31.497 [ReconcilerExecutor-hivemq-controller-99] DEBUG c.h.p.o.HiveMQPlatformReconciler - [helmaddi] Custom Resource Spec (replicas: 1) (extensions: 1)
2025-01-29 18:39:31,501 INFO c.h.h.t.HelmChartContainer - [hivemq-test-hivemq-platform] [hivemq-platform-operator] [8fc6e4e0] 18:39:31.500 [ReconcilerExecutor-hivemq-controller-99] DEBUG c.h.p.o.HiveMQPlatformReconciler - [helmaddi] StatefulSet Status (revision: test-hivemq-platform-7d45f7f7f4, replicas: 1, available: 0, ready: 0, current: 1, updated: 1)
2025-01-29 18:39:31,501 INFO c.h.h.t.HelmChartContainer - [hivemq-test-hivemq-platform] [hivemq-platform-operator] [8fc6e4e0] 18:39:31.500 [ReconcilerExecutor-hivemq-controller-99] DEBUG c.h.p.o.HiveMQPlatformReconciler - [helmaddi] StatefulSet Spec (replicas: 1, init containers: 1, containers: 1, volumes: 4)
2025-01-29 18:39:31,586 INFO c.h.h.t.HelmChartContainer - [hivemq-test-hivemq-platform] [hivemq-platform-operator] [8fc6e4e0] 18:39:31.585 [ReconcilerExecutor-hivemq-controller-99] DEBUG c.h.p.o.h.HiveMQPlatformReconcilerErrorHandler - [helmaddi] Pod 'test-hivemq-platform-0' phase Running
2025-01-29 18:39:31,587 INFO c.h.h.t.HelmChartContainer - [hivemq-test-hivemq-platform] [hivemq-platform-operator] [8fc6e4e0] 18:39:31.586 [ReconcilerExecutor-hivemq-controller-99] INFO  c.h.p.o.h.HiveMQPlatformReconcilerBaseHandler - [helmaddi] HiveMQ Platform is starting, 0 of 1 replicas are ready
2025-01-29 18:39:32,157 INFO c.h.h.t.HelmChartContainer - [test-hivemq-platform] [hivemq] [dfade23a] INFO  - [HiveMQ Platform Operator Init 1.7.0-SNAPSHOT] HiveMQ Platform Operator Init 1.7.0-SNAPSHOT (commit: b1b9591 on branch: HEAD) built on Wed Jan 29 18:32:18 UTC 2025
2025-01-29 18:39:33,266 INFO c.h.h.t.HelmChartContainer - [test-hivemq-platform] [hivemq] [dfade23a] INFO  - [HiveMQ Platform Operator Init App 1.7.0-SNAPSHOT] Using bind address 10.42.0.8 from environment variable
2025-01-29 18:39:34,163 INFO c.h.h.t.HelmChartContainer - [test-hivemq-platform] [hivemq] [dfade23a] INFO  - [HiveMQ Platform Operator Init App 1.7.0-SNAPSHOT] HiveMQ Platform Operator Init App 1.7.0-SNAPSHOT (commit: b1b9591 on branch: HEAD) built on Wed Jan 29 18:32:18 UTC 2025
2025-01-29 18:39:34,163 INFO c.h.h.t.HelmChartContainer - [test-hivemq-platform] [hivemq] [dfade23a] INFO  - [HiveMQ Platform Operator Init App 1.7.0-SNAPSHOT] PodInfo ConfigMap directory: /etc/podinfo
2025-01-29 18:39:34,163 INFO c.h.h.t.HelmChartContainer - [test-hivemq-platform] [hivemq] [dfade23a] INFO  - [HiveMQ Platform Operator Init App 1.7.0-SNAPSHOT] HiveMQ home directory: /opt/hivemq
2025-01-29 18:39:34,163 INFO c.h.h.t.HelmChartContainer - [test-hivemq-platform] [hivemq] [dfade23a] INFO  - [HiveMQ Platform Operator Init App 1.7.0-SNAPSHOT] HiveMQ Logback folder: /opt/hivemq/conf
2025-01-29 18:39:34,164 INFO c.h.h.t.HelmChartContainer - [test-hivemq-platform] [hivemq] [dfade23a] INFO  - [HiveMQ Platform Operator Init App 1.7.0-SNAPSHOT] HiveMQ Config folder: /opt/hivemq/conf-k8s
2025-01-29 18:39:34,165 INFO c.h.h.t.HelmChartContainer - [test-hivemq-platform] [hivemq] [dfade23a] INFO  - [HiveMQ Platform Operator Init App 1.7.0-SNAPSHOT] Starting HiveMQ Platform Operator Init App
2025-01-29 18:39:34,165 INFO c.h.h.t.HelmChartContainer - [test-hivemq-platform] [hivemq] [dfade23a] INFO  - [HiveMQ Platform Operator Init App 1.7.0-SNAPSHOT] Starting Pod reconciler
2025-01-29 18:39:35,348 INFO c.h.h.t.HelmChartContainer - [test-hivemq-platform] [hivemq] [dfade23a] INFO  - [HiveMQ Platform Operator Init App 1.7.0-SNAPSHOT] Pod reconciler is scheduled (interval: 5000 ms)
2025-01-29 18:39:35,348 INFO c.h.h.t.HelmChartContainer - [test-hivemq-platform] [hivemq] [dfade23a] INFO  - [HiveMQ Platform Operator Init App 1.7.0-SNAPSHOT] Starting the REST API on 10.42.0.8:7979
2025-01-29 18:39:35,350 INFO c.h.h.t.HelmChartContainer - [test-hivemq-platform] [hivemq] [dfade23a] INFO  - [HiveMQ Platform Operator Init App 1.7.0-SNAPSHOT] Waiting up to 600s for at most 1 HiveMQ nodes in cluster service hivemq-test-hivemq-platform-cluster.helmadditionalbrokerlicensesit.svc
2025-01-29 18:39:35,665 INFO c.h.h.t.HelmChartContainer - [test-hivemq-platform] [hivemq] [dfade23a] INFO  - [HiveMQ Platform Operator Init App 1.7.0-SNAPSHOT] Resolved 1 IP addresses: [10.42.0.8]
2025-01-29 18:39:35,665 INFO c.h.h.t.HelmChartContainer - [test-hivemq-platform] [hivemq] [dfade23a] INFO  - [HiveMQ Platform Operator Init App 1.7.0-SNAPSHOT] HiveMQ node count of 1 is within threshold of 1
2025-01-29 18:39:35,665 INFO c.h.h.t.HelmChartContainer - [test-hivemq-platform] [hivemq] [dfade23a] INFO  - [HiveMQ Platform Operator Init App 1.7.0-SNAPSHOT] Proceeding with container start
2025-01-29 18:39:35,767 INFO c.h.h.t.HelmChartContainer - [test-hivemq-platform] [hivemq] [dfade23a] INFO  - [HiveMQ Platform Operator Init App 1.7.0-SNAPSHOT] Initializing HiveMQ Platform extensions with initial configuration: {hivemq-allow-all-extension={start-priority=-1, skip-https-hostname-verification=false, restart=true, config-version=0, header-version=0, c-uri=, priority=-1, uri=preinstalled, skip-https-certificate-validation=false, enabled=true}, hivemq-prometheus-extension={enabled=true, request-header-path=no-request-headers, uri=preinstalled, skip-https-certificate-validation=false, skip-https-hostname-verification=false, c-uri=, start-priority=-1, priority=-1, restart=true}}
2025-01-29 18:39:36,251 INFO c.h.h.t.HelmChartContainer - [test-hivemq-platform] [hivemq] [dfade23a] INFO  - [HiveMQ Platform Operator Init App 1.7.0-SNAPSHOT] Extension hivemq-allow-all-extension was already enabled
2025-01-29 18:39:36,342 INFO c.h.h.t.HelmChartContainer - [test-hivemq-platform] [hivemq] [dfade23a] INFO  - [HiveMQ Platform Operator Init App 1.7.0-SNAPSHOT] Successfully enabled extension hivemq-prometheus-extension
2025-01-29 18:39:36,344 INFO c.h.h.t.HelmChartContainer - [test-hivemq-platform] [hivemq] [dfade23a] INFO  - [HiveMQ Platform Operator Init App 1.7.0-SNAPSHOT] Starting HiveMQ Platform version 4.36.0 (4.36.0)
2025-01-29 18:39:36,346 INFO c.h.h.t.HelmChartContainer - [test-hivemq-platform] [hivemq] [dfade23a] INFO  - [HiveMQ Platform Operator Init App 1.7.0-SNAPSHOT] Configuring the HiveMQ Platform
2025-01-29 18:39:36,359 INFO c.h.h.t.HelmChartContainer - [test-hivemq-platform] [hivemq] [dfade23a] INFO  - [HiveMQ Platform Operator Init App 1.7.0-SNAPSHOT] Changed logback.xml file scan period to 20 seconds
2025-01-29 18:39:36,455 INFO c.h.h.t.HelmChartContainer - [test-hivemq-platform] [hivemq] [dfade23a] INFO  - [HiveMQ Platform Operator Init App 1.7.0-SNAPSHOT] Starting the HiveMQ Platform
2025-01-29 18:39:36,458 INFO c.h.h.t.HelmChartContainer - [test-hivemq-platform] [hivemq] [dfade23a] -------------------------------------------------------------------------
2025-01-29 18:39:36,458 INFO c.h.h.t.HelmChartContainer - [test-hivemq-platform] [hivemq] [dfade23a] 
2025-01-29 18:39:36,458 INFO c.h.h.t.HelmChartContainer - [test-hivemq-platform] [hivemq] [dfade23a]                   _    _  _              __  __   ____
2025-01-29 18:39:36,458 INFO c.h.h.t.HelmChartContainer - [test-hivemq-platform] [hivemq] [dfade23a]                  | |  | |(_)            |  \/  | / __ \
2025-01-29 18:39:36,459 INFO c.h.h.t.HelmChartContainer - [test-hivemq-platform] [hivemq] [dfade23a]                  | |__| | _ __   __ ___ | \  / || |  | |
2025-01-29 18:39:36,459 INFO c.h.h.t.HelmChartContainer - [test-hivemq-platform] [hivemq] [dfade23a]                  |  __  || |\ \ / // _ \| |\/| || |  | |
2025-01-29 18:39:36,459 INFO c.h.h.t.HelmChartContainer - [test-hivemq-platform] [hivemq] [dfade23a]                  | |  | || | \ V /|  __/| |  | || |__| |
2025-01-29 18:39:36,459 INFO c.h.h.t.HelmChartContainer - [test-hivemq-platform] [hivemq] [dfade23a]                  |_|  |_||_|  \_/  \___||_|  |_| \___\_\
2025-01-29 18:39:36,459 INFO c.h.h.t.HelmChartContainer - [test-hivemq-platform] [hivemq] [dfade23a] 
2025-01-29 18:39:36,459 INFO c.h.h.t.HelmChartContainer - [test-hivemq-platform] [hivemq] [dfade23a] -------------------------------------------------------------------------
2025-01-29 18:39:36,459 INFO c.h.h.t.HelmChartContainer - [test-hivemq-platform] [hivemq] [dfade23a] 
2025-01-29 18:39:36,459 INFO c.h.h.t.HelmChartContainer - [test-hivemq-platform] [hivemq] [dfade23a]   HiveMQ Start Script for Linux/Unix v1.14
2025-01-29 18:39:36,459 INFO c.h.h.t.HelmChartContainer - [test-hivemq-platform] [hivemq] [dfade23a] 
2025-01-29 18:39:36,567 INFO c.h.h.t.HelmChartContainer - [test-hivemq-platform] [hivemq] [dfade23a] -------------------------------------------------------------------------
2025-01-29 18:39:36,567 INFO c.h.h.t.HelmChartContainer - [test-hivemq-platform] [hivemq] [dfade23a] 
2025-01-29 18:39:36,567 INFO c.h.h.t.HelmChartContainer - [test-hivemq-platform] [hivemq] [dfade23a]   HIVEMQ_HOME: /opt/hivemq
2025-01-29 18:39:36,567 INFO c.h.h.t.HelmChartContainer - [test-hivemq-platform] [hivemq] [dfade23a] 
2025-01-29 18:39:36,567 INFO c.h.h.t.HelmChartContainer - [test-hivemq-platform] [hivemq] [dfade23a]   JAVA_OPTS: -XX:+UnlockExperimentalVMOptions -XX:InitialRAMPercentage=50 -XX:MaxRAMPercentage=50 -Djava.net.preferIPv4Stack=true --add-opens java.base/java.lang=ALL-UNNAMED --add-opens java.base/java.nio=ALL-UNNAMED --add-opens java.base/sun.nio.ch=ALL-UNNAMED --add-opens jdk.management/com.sun.management.internal=ALL-UNNAMED --add-exports java.base/jdk.internal.misc=ALL-UNNAMED -Djava.security.egd=file:/dev/./urandom -Dcom.sun.management.jmxremote -Dcom.sun.management.jmxremote.port=9010 -Dcom.sun.management.jmxremote.local.only=false -Dcom.sun.management.jmxremote.authenticate=false -Dcom.sun.management.jmxremote.ssl=false -Duser.language=en -Duser.region=US -XX:+CrashOnOutOfMemoryError -XX:+HeapDumpOnOutOfMemoryError
2025-01-29 18:39:36,567 INFO c.h.h.t.HelmChartContainer - [test-hivemq-platform] [hivemq] [dfade23a] 
2025-01-29 18:39:36,567 INFO c.h.h.t.HelmChartContainer - [test-hivemq-platform] [hivemq] [dfade23a]   JAVA_VERSION: 21
2025-01-29 18:39:36,567 INFO c.h.h.t.HelmChartContainer - [test-hivemq-platform] [hivemq] [dfade23a] 
2025-01-29 18:39:36,567 INFO c.h.h.t.HelmChartContainer - [test-hivemq-platform] [hivemq] [dfade23a] -------------------------------------------------------------------------
2025-01-29 18:39:36,567 INFO c.h.h.t.HelmChartContainer - [test-hivemq-platform] [hivemq] [dfade23a] 
2025-01-29 18:39:37,452 INFO c.h.h.t.HelmChartContainer - [test-hivemq-platform] [hivemq] [dfade23a] INFO  - [HiveMQ Platform Operator Init App 1.7.0-SNAPSHOT] Returning default Health API response 503 for readiness
2025-01-29 18:39:37,948 INFO c.h.h.t.HelmChartContainer - [EVENT] Warning [Unhealthy] Readiness probe failed: HTTP probe failed with statuscode: 503 [helmadditionalbrokerlicensesit:test-hivemq-platform-0]
2025-01-29 18:39:37,949 INFO c.h.h.t.HelmChartContainer - Received Unhealthy event for container hivemq in pod test-hivemq-platform-0 [dfade23a-e7fb-4d10-bd49-b4c9e5ca026a]
2025-01-29 18:39:39,256 INFO c.h.h.t.HelmChartContainer - [test-hivemq-platform] [hivemq] [dfade23a] INFO  - Starting HiveMQ Enterprise Server
2025-01-29 18:39:39,345 INFO c.h.h.t.HelmChartContainer - [test-hivemq-platform] [hivemq] [dfade23a] INFO  - HiveMQ version: 4.36.0
2025-01-29 18:39:39,345 INFO c.h.h.t.HelmChartContainer - [test-hivemq-platform] [hivemq] [dfade23a] INFO  - HiveMQ home directory: /opt/hivemq
2025-01-29 18:39:39,347 INFO c.h.h.t.HelmChartContainer - [test-hivemq-platform] [hivemq] [dfade23a] INFO  - Log Configuration was overridden by /opt/hivemq/conf/logback.xml
2025-01-29 18:39:40,744 INFO c.h.h.t.HelmChartContainer - [test-hivemq-platform] [hivemq] [dfade23a] INFO  - Successfully loaded configuration from '/opt/hivemq/conf-k8s/config.xml'.
2025-01-29 18:39:41,449 INFO c.h.h.t.HelmChartContainer - [test-hivemq-platform] [hivemq] [dfade23a] INFO  - This node's ID is yy95G
2025-01-29 18:39:41,449 INFO c.h.h.t.HelmChartContainer - [test-hivemq-platform] [hivemq] [dfade23a] INFO  - Clustering is enabled
2025-01-29 18:39:41,594 INFO c.h.h.t.HelmChartContainer - [hivemq-test-hivemq-platform] [hivemq-platform-operator] [8fc6e4e0] 18:39:41.590 [pool-6-thread-6] DEBUG c.h.p.o.d.PlatformServiceResource - [helmaddi] Desired Platform services (3 services)
2025-01-29 18:39:41,595 INFO c.h.h.t.HelmChartContainer - [hivemq-test-hivemq-platform] [hivemq-platform-operator] [8fc6e4e0] 18:39:41.591 [pool-6-thread-3] DEBUG c.h.p.o.dependants.PodInfoConfigMap - [helmaddi] Desired PodInfo ConfigMap (1 extensions) (1 enabled)
2025-01-29 18:39:41,596 INFO c.h.h.t.HelmChartContainer - [hivemq-test-hivemq-platform] [hivemq-platform-operator] [8fc6e4e0] 18:39:41.594 [pool-6-thread-3] DEBUG c.h.p.o.dependants.PodInfoConfigMap - [helmaddi] Desired PodInfo ConfigMap (metrics port: 9399) (metrics path: /)
2025-01-29 18:39:41,596 INFO c.h.h.t.HelmChartContainer - [hivemq-test-hivemq-platform] [hivemq-platform-operator] [8fc6e4e0] 18:39:41.594 [pool-6-thread-3] DEBUG c.h.p.o.dependants.PodInfoConfigMap - [helmaddi] Desired PodInfo ConfigMap (extension state hash: -1817474005)
2025-01-29 18:39:41,598 INFO c.h.h.t.HelmChartContainer - [hivemq-test-hivemq-platform] [hivemq-platform-operator] [8fc6e4e0] 18:39:41.597 [pool-6-thread-2] DEBUG c.h.p.o.d.PodServiceAccountResource - [helmaddi] Desired PodServiceAccountResource (serviceAccountName: hivemq-platform-pod-test-hivemq-platform)
2025-01-29 18:39:41,603 INFO c.h.h.t.HelmChartContainer - [hivemq-test-hivemq-platform] [hivemq-platform-operator] [8fc6e4e0] 18:39:41.602 [pool-6-thread-6] DEBUG c.h.p.o.d.StatefulSetResource - [helmaddi] Desired StatefulSet (1 replicas) for status STARTING (READY)
2025-01-29 18:39:41,608 INFO c.h.h.t.HelmChartContainer - [hivemq-test-hivemq-platform] [hivemq-platform-operator] [8fc6e4e0] 18:39:41.607 [ReconcilerExecutor-hivemq-controller-110] INFO  c.h.p.o.HiveMQPlatformReconciler - [helmaddi] Reconciling HiveMQ Platform 'test-hivemq-platform' in namespace 'helmadditionalbrokerlicensesit'
2025-01-29 18:39:41,609 INFO c.h.h.t.HelmChartContainer - [hivemq-test-hivemq-platform] [hivemq-platform-operator] [8fc6e4e0] 18:39:41.607 [ReconcilerExecutor-hivemq-controller-110] DEBUG c.h.p.o.HiveMQPlatformReconciler - [helmaddi] Custom Resource Status STARTING - HiveMQ Platform is starting (READY)
2025-01-29 18:39:41,609 INFO c.h.h.t.HelmChartContainer - [hivemq-test-hivemq-platform] [hivemq-platform-operator] [8fc6e4e0] 18:39:41.607 [ReconcilerExecutor-hivemq-controller-110] DEBUG c.h.p.o.HiveMQPlatformReconciler - [helmaddi] Custom Resource Spec (replicas: 1) (extensions: 1)
2025-01-29 18:39:41,686 INFO c.h.h.t.HelmChartContainer - [hivemq-test-hivemq-platform] [hivemq-platform-operator] [8fc6e4e0] 18:39:41.684 [ReconcilerExecutor-hivemq-controller-110] DEBUG c.h.p.o.HiveMQPlatformReconciler - [helmaddi] StatefulSet Status (revision: test-hivemq-platform-7d45f7f7f4, replicas: 1, available: 0, ready: 0, current: 1, updated: 1)
2025-01-29 18:39:41,686 INFO c.h.h.t.HelmChartContainer - [hivemq-test-hivemq-platform] [hivemq-platform-operator] [8fc6e4e0] 18:39:41.685 [ReconcilerExecutor-hivemq-controller-110] DEBUG c.h.p.o.HiveMQPlatformReconciler - [helmaddi] StatefulSet Spec (replicas: 1, init containers: 1, containers: 1, volumes: 4)
2025-01-29 18:39:41,691 INFO c.h.h.t.HelmChartContainer - [hivemq-test-hivemq-platform] [hivemq-platform-operator] [8fc6e4e0] 18:39:41.690 [ReconcilerExecutor-hivemq-controller-110] DEBUG c.h.p.o.h.HiveMQPlatformReconcilerErrorHandler - [helmaddi] Pod 'test-hivemq-platform-0' phase Running
2025-01-29 18:39:41,693 INFO c.h.h.t.HelmChartContainer - [hivemq-test-hivemq-platform] [hivemq-platform-operator] [8fc6e4e0] 18:39:41.691 [ReconcilerExecutor-hivemq-controller-110] INFO  c.h.p.o.h.HiveMQPlatformReconcilerBaseHandler - [helmaddi] HiveMQ Platform is starting, 0 of 1 replicas are ready
2025-01-29 18:39:42,892 INFO c.h.h.t.HelmChartContainer - [test-hivemq-platform] [hivemq] [dfade23a] WARN  - [HiveMQ Platform Operator Init App 1.7.0-SNAPSHOT] Cannot connect to Health API for readiness: null
2025-01-29 18:39:42,954 INFO c.h.h.t.HelmChartContainer - [EVENT] Warning [Unhealthy] Readiness probe failed: HTTP probe failed with statuscode: 503 [helmadditionalbrokerlicensesit:test-hivemq-platform-0]
2025-01-29 18:39:42,954 INFO c.h.h.t.HelmChartContainer - Received Unhealthy event for container hivemq in pod test-hivemq-platform-0 [dfade23a-e7fb-4d10-bd49-b4c9e5ca026a]
2025-01-29 18:39:45,650 INFO c.h.h.t.HelmChartContainer - [test-hivemq-platform] [hivemq] [dfade23a] Jan 29, 2025 6:39:45 PM io.vertx.core.impl.BlockedThreadChecker
2025-01-29 18:39:45,651 INFO c.h.h.t.HelmChartContainer - [test-hivemq-platform] [hivemq] [dfade23a] WARNING: Thread Thread[vert.x-eventloop-thread-1,5,main] has been blocked for 2391 ms, time limit is 2000 ms
2025-01-29 18:39:46,545 INFO c.h.h.t.HelmChartContainer - [test-hivemq-platform] [hivemq] [dfade23a] INFO  - [HiveMQ Platform Operator Init App 1.7.0-SNAPSHOT] Updating Pod HiveMQ Platform Operator Init App version annotation (version: 1.7.0-SNAPSHOT)
2025-01-29 18:39:47,359 INFO c.h.h.t.HelmChartContainer - [POD] test-hivemq-platform-0 [dfade23a-e7fb-4d10-bd49-b4c9e5ca026a] in helmadditionalbrokerlicensesit was MODIFIED
2025-01-29 18:39:47,366 INFO c.h.h.t.HelmChartContainer - [hivemq-test-hivemq-platform] [hivemq-platform-operator] [8fc6e4e0] 18:39:47.364 [pool-6-thread-14] DEBUG c.h.p.o.d.PlatformServiceResource - [helmaddi] Desired Platform services (3 services)
2025-01-29 18:39:47,366 INFO c.h.h.t.HelmChartContainer - [hivemq-test-hivemq-platform] [hivemq-platform-operator] [8fc6e4e0] 18:39:47.365 [pool-6-thread-16] DEBUG c.h.p.o.dependants.PodInfoConfigMap - [helmaddi] Desired PodInfo ConfigMap (1 extensions) (1 enabled)
2025-01-29 18:39:47,367 INFO c.h.h.t.HelmChartContainer - [hivemq-test-hivemq-platform] [hivemq-platform-operator] [8fc6e4e0] 18:39:47.365 [pool-6-thread-16] DEBUG c.h.p.o.dependants.PodInfoConfigMap - [helmaddi] Desired PodInfo ConfigMap (metrics port: 9399) (metrics path: /)
2025-01-29 18:39:47,367 INFO c.h.h.t.HelmChartContainer - [hivemq-test-hivemq-platform] [hivemq-platform-operator] [8fc6e4e0] 18:39:47.365 [pool-6-thread-16] DEBUG c.h.p.o.dependants.PodInfoConfigMap - [helmaddi] Desired PodInfo ConfigMap (extension state hash: -1817474005)
2025-01-29 18:39:47,369 INFO c.h.h.t.HelmChartContainer - [hivemq-test-hivemq-platform] [hivemq-platform-operator] [8fc6e4e0] 18:39:47.367 [pool-6-thread-11] DEBUG c.h.p.o.d.PodServiceAccountResource - [helmaddi] Desired PodServiceAccountResource (serviceAccountName: hivemq-platform-pod-test-hivemq-platform)
2025-01-29 18:39:47,373 INFO c.h.h.t.HelmChartContainer - [hivemq-test-hivemq-platform] [hivemq-platform-operator] [8fc6e4e0] 18:39:47.372 [pool-6-thread-14] DEBUG c.h.p.o.d.StatefulSetResource - [helmaddi] Desired StatefulSet (1 replicas) for status STARTING (READY)
2025-01-29 18:39:47,381 INFO c.h.h.t.HelmChartContainer - [hivemq-test-hivemq-platform] [hivemq-platform-operator] [8fc6e4e0] 18:39:47.379 [ReconcilerExecutor-hivemq-controller-111] INFO  c.h.p.o.HiveMQPlatformReconciler - [helmaddi] Reconciling HiveMQ Platform 'test-hivemq-platform' in namespace 'helmadditionalbrokerlicensesit'
2025-01-29 18:39:47,382 INFO c.h.h.t.HelmChartContainer - [hivemq-test-hivemq-platform] [hivemq-platform-operator] [8fc6e4e0] 18:39:47.379 [ReconcilerExecutor-hivemq-controller-111] DEBUG c.h.p.o.HiveMQPlatformReconciler - [helmaddi] Custom Resource Status STARTING - HiveMQ Platform is starting (READY)
2025-01-29 18:39:47,382 INFO c.h.h.t.HelmChartContainer - [hivemq-test-hivemq-platform] [hivemq-platform-operator] [8fc6e4e0] 18:39:47.379 [ReconcilerExecutor-hivemq-controller-111] DEBUG c.h.p.o.HiveMQPlatformReconciler - [helmaddi] Custom Resource Spec (replicas: 1) (extensions: 1)
2025-01-29 18:39:47,383 INFO c.h.h.t.HelmChartContainer - [hivemq-test-hivemq-platform] [hivemq-platform-operator] [8fc6e4e0] 18:39:47.382 [ReconcilerExecutor-hivemq-controller-111] DEBUG c.h.p.o.HiveMQPlatformReconciler - [helmaddi] StatefulSet Status (revision: test-hivemq-platform-7d45f7f7f4, replicas: 1, available: 0, ready: 0, current: 1, updated: 1)
2025-01-29 18:39:47,383 INFO c.h.h.t.HelmChartContainer - [hivemq-test-hivemq-platform] [hivemq-platform-operator] [8fc6e4e0] 18:39:47.382 [ReconcilerExecutor-hivemq-controller-111] DEBUG c.h.p.o.HiveMQPlatformReconciler - [helmaddi] StatefulSet Spec (replicas: 1, init containers: 1, containers: 1, volumes: 4)
2025-01-29 18:39:47,432 INFO c.h.h.t.HelmChartContainer - [hivemq-test-hivemq-platform] [hivemq-platform-operator] [8fc6e4e0] 18:39:47.430 [ReconcilerExecutor-hivemq-controller-111] DEBUG c.h.p.o.h.HiveMQPlatformReconcilerErrorHandler - [helmaddi] Pod 'test-hivemq-platform-0' phase Running
2025-01-29 18:39:47,432 INFO c.h.h.t.HelmChartContainer - [hivemq-test-hivemq-platform] [hivemq-platform-operator] [8fc6e4e0] 18:39:47.431 [ReconcilerExecutor-hivemq-controller-111] INFO  c.h.p.o.h.HiveMQPlatformReconcilerBaseHandler - [helmaddi] HiveMQ Platform is starting, 0 of 1 replicas are ready
2025-01-29 18:39:47,446 INFO c.h.h.t.HelmChartContainer - [test-hivemq-platform] [hivemq] [dfade23a] WARN  - [HiveMQ Platform Operator Init App 1.7.0-SNAPSHOT] Cannot connect to Health API for readiness: null
2025-01-29 18:39:47,455 INFO c.h.h.t.HelmChartContainer - [EVENT] Warning [Unhealthy] Readiness probe failed: HTTP probe failed with statuscode: 503 [helmadditionalbrokerlicensesit:test-hivemq-platform-0]
2025-01-29 18:39:47,455 INFO c.h.h.t.HelmChartContainer - Received Unhealthy event for container hivemq in pod test-hivemq-platform-0 [dfade23a-e7fb-4d10-bd49-b4c9e5ca026a]
2025-01-29 18:39:47,455 INFO c.h.h.t.HelmChartContainer - [test-hivemq-platform] [hivemq] [dfade23a] INFO  - [HiveMQ Platform Operator Init App 1.7.0-SNAPSHOT] Successfully updated Pod HiveMQ Platform Operator Init App version annotation (version: 1.7.0-SNAPSHOT)
2025-01-29 18:39:52,444 INFO c.h.h.t.HelmChartContainer - [test-hivemq-platform] [hivemq] [dfade23a] WARN  - [HiveMQ Platform Operator Init App 1.7.0-SNAPSHOT] Cannot connect to Health API for readiness: null
2025-01-29 18:39:52,455 INFO c.h.h.t.HelmChartContainer - [EVENT] Warning [Unhealthy] Readiness probe failed: HTTP probe failed with statuscode: 503 [helmadditionalbrokerlicensesit:test-hivemq-platform-0]
2025-01-29 18:39:52,455 INFO c.h.h.t.HelmChartContainer - Received Unhealthy event for container hivemq in pod test-hivemq-platform-0 [dfade23a-e7fb-4d10-bd49-b4c9e5ca026a]
2025-01-29 18:39:57,439 INFO c.h.h.t.HelmChartContainer - [hivemq-test-hivemq-platform] [hivemq-platform-operator] [8fc6e4e0] 18:39:57.436 [pool-6-thread-24] DEBUG c.h.p.o.d.PlatformServiceResource - [helmaddi] Desired Platform services (3 services)
2025-01-29 18:39:57,439 INFO c.h.h.t.HelmChartContainer - [hivemq-test-hivemq-platform] [hivemq-platform-operator] [8fc6e4e0] 18:39:57.437 [pool-6-thread-21] DEBUG c.h.p.o.d.PodServiceAccountResource - [helmaddi] Desired PodServiceAccountResource (serviceAccountName: hivemq-platform-pod-test-hivemq-platform)
2025-01-29 18:39:57,442 INFO c.h.h.t.HelmChartContainer - [hivemq-test-hivemq-platform] [hivemq-platform-operator] [8fc6e4e0] 18:39:57.439 [pool-6-thread-26] DEBUG c.h.p.o.dependants.PodInfoConfigMap - [helmaddi] Desired PodInfo ConfigMap (1 extensions) (1 enabled)
2025-01-29 18:39:57,442 INFO c.h.h.t.HelmChartContainer - [hivemq-test-hivemq-platform] [hivemq-platform-operator] [8fc6e4e0] 18:39:57.439 [pool-6-thread-26] DEBUG c.h.p.o.dependants.PodInfoConfigMap - [helmaddi] Desired PodInfo ConfigMap (metrics port: 9399) (metrics path: /)
2025-01-29 18:39:57,442 INFO c.h.h.t.HelmChartContainer - [hivemq-test-hivemq-platform] [hivemq-platform-operator] [8fc6e4e0] 18:39:57.439 [pool-6-thread-26] DEBUG c.h.p.o.dependants.PodInfoConfigMap - [helmaddi] Desired PodInfo ConfigMap (extension state hash: -1817474005)
2025-01-29 18:39:57,445 INFO c.h.h.t.HelmChartContainer - [test-hivemq-platform] [hivemq] [dfade23a] WARN  - [HiveMQ Platform Operator Init App 1.7.0-SNAPSHOT] Cannot connect to Health API for readiness: null
2025-01-29 18:39:57,457 INFO c.h.h.t.HelmChartContainer - [EVENT] Warning [Unhealthy] Readiness probe failed: HTTP probe failed with statuscode: 503 [helmadditionalbrokerlicensesit:test-hivemq-platform-0]
2025-01-29 18:39:57,457 INFO c.h.h.t.HelmChartContainer - Received Unhealthy event for container hivemq in pod test-hivemq-platform-0 [dfade23a-e7fb-4d10-bd49-b4c9e5ca026a]
2025-01-29 18:39:57,463 INFO c.h.h.t.HelmChartContainer - [hivemq-test-hivemq-platform] [hivemq-platform-operator] [8fc6e4e0] 18:39:57.459 [pool-6-thread-27] DEBUG c.h.p.o.d.StatefulSetResource - [helmaddi] Desired StatefulSet (1 replicas) for status STARTING (READY)
2025-01-29 18:39:57,466 INFO c.h.h.t.HelmChartContainer - [hivemq-test-hivemq-platform] [hivemq-platform-operator] [8fc6e4e0] 18:39:57.465 [ReconcilerExecutor-hivemq-controller-112] INFO  c.h.p.o.HiveMQPlatformReconciler - [helmaddi] Reconciling HiveMQ Platform 'test-hivemq-platform' in namespace 'helmadditionalbrokerlicensesit'
2025-01-29 18:39:57,466 INFO c.h.h.t.HelmChartContainer - [hivemq-test-hivemq-platform] [hivemq-platform-operator] [8fc6e4e0] 18:39:57.465 [ReconcilerExecutor-hivemq-controller-112] DEBUG c.h.p.o.HiveMQPlatformReconciler - [helmaddi] Custom Resource Status STARTING - HiveMQ Platform is starting (READY)
2025-01-29 18:39:57,466 INFO c.h.h.t.HelmChartContainer - [hivemq-test-hivemq-platform] [hivemq-platform-operator] [8fc6e4e0] 18:39:57.465 [ReconcilerExecutor-hivemq-controller-112] DEBUG c.h.p.o.HiveMQPlatformReconciler - [helmaddi] Custom Resource Spec (replicas: 1) (extensions: 1)
2025-01-29 18:39:57,530 INFO c.h.h.t.HelmChartContainer - [hivemq-test-hivemq-platform] [hivemq-platform-operator] [8fc6e4e0] 18:39:57.529 [ReconcilerExecutor-hivemq-controller-112] DEBUG c.h.p.o.HiveMQPlatformReconciler - [helmaddi] StatefulSet Status (revision: test-hivemq-platform-7d45f7f7f4, replicas: 1, available: 0, ready: 0, current: 1, updated: 1)
2025-01-29 18:39:57,530 INFO c.h.h.t.HelmChartContainer - [hivemq-test-hivemq-platform] [hivemq-platform-operator] [8fc6e4e0] 18:39:57.529 [ReconcilerExecutor-hivemq-controller-112] DEBUG c.h.p.o.HiveMQPlatformReconciler - [helmaddi] StatefulSet Spec (replicas: 1, init containers: 1, containers: 1, volumes: 4)
2025-01-29 18:39:57,532 INFO c.h.h.t.HelmChartContainer - [hivemq-test-hivemq-platform] [hivemq-platform-operator] [8fc6e4e0] 18:39:57.531 [ReconcilerExecutor-hivemq-controller-112] DEBUG c.h.p.o.h.HiveMQPlatformReconcilerErrorHandler - [helmaddi] Pod 'test-hivemq-platform-0' phase Running
2025-01-29 18:39:57,532 INFO c.h.h.t.HelmChartContainer - [hivemq-test-hivemq-platform] [hivemq-platform-operator] [8fc6e4e0] 18:39:57.532 [ReconcilerExecutor-hivemq-controller-112] INFO  c.h.p.o.h.HiveMQPlatformReconcilerBaseHandler - [helmaddi] HiveMQ Platform is starting, 0 of 1 replicas are ready
2025-01-29 18:39:58,144 INFO c.h.h.t.HelmChartContainer - [test-hivemq-platform] [hivemq] [dfade23a] WARN  - [HiveMQ Platform Operator Init App 1.7.0-SNAPSHOT] Cannot connect to Health API for liveness: null
2025-01-29 18:39:58,144 INFO c.h.h.t.HelmChartContainer - [test-hivemq-platform] [hivemq] [dfade23a] INFO  - [HiveMQ Platform Operator Init App 1.7.0-SNAPSHOT] Returning default Health API response 200 for liveness
2025-01-29 18:39:59,469 INFO c.h.h.t.HelmChartContainer - [test-hivemq-platform] [hivemq] [dfade23a] WARN  - License file license.lic is corrupt.
2025-01-29 18:39:59,469 INFO c.h.h.testcontainer.LogWaiterUtil - TEST Found log pattern on 'test-hivemq-platform-0': .*License file license.lic is corrupt.
2025-01-29 18:39:59,470 INFO c.h.h.t.HelmChartContainer - [test-hivemq-platform] [hivemq] [dfade23a] INFO  - No valid license file found. Using trial license, restricted to 25 connections.
2025-01-29 18:40:02,358 INFO c.h.h.t.HelmChartContainer - [test-hivemq-platform] [hivemq] [dfade23a] INFO  - No valid license file for Data Hub found. Using free license, restricted to 1 policy.
2025-01-29 18:40:02,445 INFO c.h.h.t.HelmChartContainer - [test-hivemq-platform] [hivemq] [dfade23a] WARN  - [HiveMQ Platform Operator Init App 1.7.0-SNAPSHOT] Cannot connect to Health API for readiness: null
2025-01-29 18:40:02,451 INFO c.h.h.t.HelmChartContainer - [EVENT] Warning [Unhealthy] Readiness probe failed: HTTP probe failed with statuscode: 503 [helmadditionalbrokerlicensesit:test-hivemq-platform-0]
2025-01-29 18:40:02,451 INFO c.h.h.t.HelmChartContainer - Received Unhealthy event for container hivemq in pod test-hivemq-platform-0 [dfade23a-e7fb-4d10-bd49-b4c9e5ca026a]
2025-01-29 18:40:03,559 INFO c.h.h.t.HelmChartContainer - [test-hivemq-platform] [hivemq] [dfade23a] INFO  - Audit Logger started.
2025-01-29 18:40:03,864 INFO c.h.h.t.HelmChartContainer - [test-hivemq-platform] [hivemq] [dfade23a] INFO  - This node uses '1' CPU cores.
2025-01-29 18:40:03,868 INFO c.h.h.t.HelmChartContainer - [test-hivemq-platform] [hivemq] [dfade23a] INFO  - Starting HiveMQ Health API on address 0.0.0.0 and port 8889
2025-01-29 18:40:04,652 INFO c.h.h.t.HelmChartContainer - [test-hivemq-platform] [hivemq] [dfade23a] INFO  - Started HiveMQ Health API in 783ms
2025-01-29 18:40:05,056 INFO c.h.h.t.HelmChartContainer - [test-hivemq-platform] [hivemq] [dfade23a] INFO  - Starting HiveMQ extension system.
2025-01-29 18:40:05,256 INFO c.h.h.t.HelmChartContainer - [test-hivemq-platform] [hivemq] [dfade23a] INFO  - Starting extension with id "hivemq-dns-cluster-discovery" at /opt/hivemq/extensions/hivemq-dns-cluster-discovery
2025-01-29 18:40:05,743 INFO c.h.h.t.HelmChartContainer - [test-hivemq-platform] [hivemq] [dfade23a] INFO  - Extension "DNS Cluster Discovery Extension" version 4.3.2 started successfully.
2025-01-29 18:40:05,743 INFO c.h.h.t.HelmChartContainer - [test-hivemq-platform] [hivemq] [dfade23a] INFO  - Starting extension with id "hivemq-prometheus-extension" at /opt/hivemq/extensions/hivemq-prometheus-extension
2025-01-29 18:40:05,951 INFO c.h.h.t.HelmChartContainer - [test-hivemq-platform] [hivemq] [dfade23a] INFO  - Using TCP cluster transport on address 10.42.0.8 and port 7000
2025-01-29 18:40:06,045 INFO c.h.h.t.HelmChartContainer - [test-hivemq-platform] [hivemq] [dfade23a] INFO  - Using extension cluster discovery
2025-01-29 18:40:06,749 INFO c.h.h.t.HelmChartContainer - [test-hivemq-platform] [hivemq] [dfade23a] INFO  - Started Jetty Server exposing Prometheus Servlet on URI http://0.0.0.0:9399/
2025-01-29 18:40:06,750 INFO c.h.h.t.HelmChartContainer - [test-hivemq-platform] [hivemq] [dfade23a] INFO  - Extension "Prometheus Monitoring Extension" version 4.0.12 started successfully.
2025-01-29 18:40:06,750 INFO c.h.h.t.HelmChartContainer - [test-hivemq-platform] [hivemq] [dfade23a] INFO  - Starting extension with id "hivemq-allow-all-extension" at /opt/hivemq/extensions/hivemq-allow-all-extension
2025-01-29 18:40:06,750 INFO c.h.h.t.HelmChartContainer - [test-hivemq-platform] [hivemq] [dfade23a] WARN  - 
2025-01-29 18:40:06,751 INFO c.h.h.t.HelmChartContainer - [test-hivemq-platform] [hivemq] [dfade23a] ################################################################################################################
2025-01-29 18:40:06,752 INFO c.h.h.t.HelmChartContainer - [test-hivemq-platform] [hivemq] [dfade23a] # This HiveMQ deployment is not secure! You are lacking Authentication and Authorization.                      #
2025-01-29 18:40:06,752 INFO c.h.h.t.HelmChartContainer - [test-hivemq-platform] [hivemq] [dfade23a] # Right now any MQTT client can connect to the broker with a full set of permissions.                          #
2025-01-29 18:40:06,752 INFO c.h.h.t.HelmChartContainer - [test-hivemq-platform] [hivemq] [dfade23a] # For production usage, add an appropriate security extension and remove the hivemq-allow-all extension.       #
2025-01-29 18:40:06,752 INFO c.h.h.t.HelmChartContainer - [test-hivemq-platform] [hivemq] [dfade23a] # You can download security extensions from the HiveMQ Marketplace (https://www.hivemq.com/extensions/).       #
2025-01-29 18:40:06,752 INFO c.h.h.t.HelmChartContainer - [test-hivemq-platform] [hivemq] [dfade23a] ################################################################################################################
2025-01-29 18:40:06,752 INFO c.h.h.t.HelmChartContainer - [test-hivemq-platform] [hivemq] [dfade23a] INFO  - Extension "Allow All Extension" version 1.1.1 started successfully.
2025-01-29 18:40:07,541 INFO c.h.h.t.HelmChartContainer - [hivemq-test-hivemq-platform] [hivemq-platform-operator] [8fc6e4e0] 18:40:07.537 [pool-6-thread-37] DEBUG c.h.p.o.d.PlatformServiceResource - [helmaddi] Desired Platform services (3 services)
2025-01-29 18:40:07,541 INFO c.h.h.t.HelmChartContainer - [hivemq-test-hivemq-platform] [hivemq-platform-operator] [8fc6e4e0] 18:40:07.537 [pool-6-thread-36] DEBUG c.h.p.o.dependants.PodInfoConfigMap - [helmaddi] Desired PodInfo ConfigMap (1 extensions) (1 enabled)
2025-01-29 18:40:07,541 INFO c.h.h.t.HelmChartContainer - [hivemq-test-hivemq-platform] [hivemq-platform-operator] [8fc6e4e0] 18:40:07.537 [pool-6-thread-36] DEBUG c.h.p.o.dependants.PodInfoConfigMap - [helmaddi] Desired PodInfo ConfigMap (metrics port: 9399) (metrics path: /)
2025-01-29 18:40:07,541 INFO c.h.h.t.HelmChartContainer - [hivemq-test-hivemq-platform] [hivemq-platform-operator] [8fc6e4e0] 18:40:07.538 [pool-6-thread-36] DEBUG c.h.p.o.dependants.PodInfoConfigMap - [helmaddi] Desired PodInfo ConfigMap (extension state hash: -1817474005)
2025-01-29 18:40:07,541 INFO c.h.h.t.HelmChartContainer - [hivemq-test-hivemq-platform] [hivemq-platform-operator] [8fc6e4e0] 18:40:07.538 [pool-6-thread-33] DEBUG c.h.p.o.d.PodServiceAccountResource - [helmaddi] Desired PodServiceAccountResource (serviceAccountName: hivemq-platform-pod-test-hivemq-platform)
2025-01-29 18:40:07,544 INFO c.h.h.t.HelmChartContainer - [hivemq-test-hivemq-platform] [hivemq-platform-operator] [8fc6e4e0] 18:40:07.543 [pool-6-thread-31] DEBUG c.h.p.o.d.StatefulSetResource - [helmaddi] Desired StatefulSet (1 replicas) for status STARTING (READY)
2025-01-29 18:40:07,554 INFO c.h.h.t.HelmChartContainer - [hivemq-test-hivemq-platform] [hivemq-platform-operator] [8fc6e4e0] 18:40:07.553 [ReconcilerExecutor-hivemq-controller-113] INFO  c.h.p.o.HiveMQPlatformReconciler - [helmaddi] Reconciling HiveMQ Platform 'test-hivemq-platform' in namespace 'helmadditionalbrokerlicensesit'
2025-01-29 18:40:07,630 INFO c.h.h.t.HelmChartContainer - [hivemq-test-hivemq-platform] [hivemq-platform-operator] [8fc6e4e0] 18:40:07.553 [ReconcilerExecutor-hivemq-controller-113] DEBUG c.h.p.o.HiveMQPlatformReconciler - [helmaddi] Custom Resource Status STARTING - HiveMQ Platform is starting (READY)
2025-01-29 18:40:07,630 INFO c.h.h.t.HelmChartContainer - [hivemq-test-hivemq-platform] [hivemq-platform-operator] [8fc6e4e0] 18:40:07.629 [ReconcilerExecutor-hivemq-controller-113] DEBUG c.h.p.o.HiveMQPlatformReconciler - [helmaddi] Custom Resource Spec (replicas: 1) (extensions: 1)
2025-01-29 18:40:07,633 INFO c.h.h.t.HelmChartContainer - [hivemq-test-hivemq-platform] [hivemq-platform-operator] [8fc6e4e0] 18:40:07.631 [ReconcilerExecutor-hivemq-controller-113] DEBUG c.h.p.o.HiveMQPlatformReconciler - [helmaddi] StatefulSet Status (revision: test-hivemq-platform-7d45f7f7f4, replicas: 1, available: 0, ready: 0, current: 1, updated: 1)
2025-01-29 18:40:07,633 INFO c.h.h.t.HelmChartContainer - [hivemq-test-hivemq-platform] [hivemq-platform-operator] [8fc6e4e0] 18:40:07.631 [ReconcilerExecutor-hivemq-controller-113] DEBUG c.h.p.o.HiveMQPlatformReconciler - [helmaddi] StatefulSet Spec (replicas: 1, init containers: 1, containers: 1, volumes: 4)
2025-01-29 18:40:07,635 INFO c.h.h.t.HelmChartContainer - [hivemq-test-hivemq-platform] [hivemq-platform-operator] [8fc6e4e0] 18:40:07.633 [ReconcilerExecutor-hivemq-controller-113] DEBUG c.h.p.o.h.HiveMQPlatformReconcilerErrorHandler - [helmaddi] Pod 'test-hivemq-platform-0' phase Running
2025-01-29 18:40:07,635 INFO c.h.h.t.HelmChartContainer - [hivemq-test-hivemq-platform] [hivemq-platform-operator] [8fc6e4e0] 18:40:07.634 [ReconcilerExecutor-hivemq-controller-113] INFO  c.h.p.o.h.HiveMQPlatformReconcilerBaseHandler - [helmaddi] HiveMQ Platform is starting, 0 of 1 replicas are ready
2025-01-29 18:40:07,756 INFO c.h.h.t.HelmChartContainer - [test-hivemq-platform] [hivemq] [dfade23a] INFO  - [HiveMQ Platform Operator Init App 1.7.0-SNAPSHOT] Returning Health API response 503 for readiness
2025-01-29 18:40:07,761 INFO c.h.h.t.HelmChartContainer - [EVENT] Warning [Unhealthy] Readiness probe failed: HTTP probe failed with statuscode: 503 [helmadditionalbrokerlicensesit:test-hivemq-platform-0]
2025-01-29 18:40:07,761 INFO c.h.h.t.HelmChartContainer - Received Unhealthy event for container hivemq in pod test-hivemq-platform-0 [dfade23a-e7fb-4d10-bd49-b4c9e5ca026a]
2025-01-29 18:40:08,855 INFO c.h.h.t.HelmChartContainer - [test-hivemq-platform] [hivemq] [dfade23a] INFO  - yy95G: no members discovered after 2111 ms: creating cluster as first member
2025-01-29 18:40:08,861 INFO c.h.h.t.HelmChartContainer - [test-hivemq-platform] [hivemq] [dfade23a] INFO  - Cluster nodes found by discovery: [yy95G|0] (1) [yy95G].
2025-01-29 18:40:08,943 INFO c.h.h.t.HelmChartContainer - [test-hivemq-platform] [hivemq] [dfade23a] WARN  - No user for HiveMQ Control Center configured. Starting with default user
2025-01-29 18:40:08,943 INFO c.h.h.t.HelmChartContainer - [test-hivemq-platform] [hivemq] [dfade23a] INFO  - Starting HiveMQ Control Center on address 0.0.0.0 and port 8080
2025-01-29 18:40:08,950 INFO c.h.h.t.HelmChartContainer - [test-hivemq-platform] [hivemq] [dfade23a] INFO  - Mounting HiveMQ Control Center V2 Preview
2025-01-29 18:40:09,558 INFO c.h.h.t.HelmChartContainer - [test-hivemq-platform] [hivemq] [dfade23a] INFO  - Started HiveMQ Control Center in 616ms
2025-01-29 18:40:09,648 INFO c.h.h.t.HelmChartContainer - [test-hivemq-platform] [hivemq] [dfade23a] INFO  - Starting TCP listener on address 0.0.0.0 and port 1883
2025-01-29 18:40:09,664 INFO c.h.h.t.HelmChartContainer - [test-hivemq-platform] [hivemq] [dfade23a] INFO  - Started TCP Listener on address 0.0.0.0 and on port 1883.
2025-01-29 18:40:09,665 INFO c.h.h.t.HelmChartContainer - [test-hivemq-platform] [hivemq] [dfade23a] INFO  - Started HiveMQ in 30719ms
2025-01-29 18:40:12,364 INFO c.h.h.t.HelmChartContainer - [test-hivemq-platform] [hivemq] [dfade23a] INFO  - [HiveMQ Platform Operator Init App 1.7.0-SNAPSHOT] Returning Health API response 200 for readiness
2025-01-29 18:40:12,377 INFO c.h.h.t.HelmChartContainer - [POD] test-hivemq-platform-0 [dfade23a-e7fb-4d10-bd49-b4c9e5ca026a] in helmadditionalbrokerlicensesit was MODIFIED
2025-01-29 18:40:12,386 INFO c.h.h.t.HelmChartContainer - [hivemq-test-hivemq-platform] [hivemq-platform-operator] [8fc6e4e0] 18:40:12.380 [pool-6-thread-47] DEBUG c.h.p.o.d.PlatformServiceResource - [helmaddi] Desired Platform services (3 services)
2025-01-29 18:40:12,387 INFO c.h.h.t.HelmChartContainer - [hivemq-test-hivemq-platform] [hivemq-platform-operator] [8fc6e4e0] 18:40:12.383 [pool-6-thread-45] DEBUG c.h.p.o.dependants.PodInfoConfigMap - [helmaddi] Desired PodInfo ConfigMap (1 extensions) (1 enabled)
2025-01-29 18:40:12,387 INFO c.h.h.t.HelmChartContainer - [hivemq-test-hivemq-platform] [hivemq-platform-operator] [8fc6e4e0] 18:40:12.384 [pool-6-thread-45] DEBUG c.h.p.o.dependants.PodInfoConfigMap - [helmaddi] Desired PodInfo ConfigMap (metrics port: 9399) (metrics path: /)
2025-01-29 18:40:12,387 INFO c.h.h.t.HelmChartContainer - [hivemq-test-hivemq-platform] [hivemq-platform-operator] [8fc6e4e0] 18:40:12.384 [pool-6-thread-45] DEBUG c.h.p.o.dependants.PodInfoConfigMap - [helmaddi] Desired PodInfo ConfigMap (extension state hash: -1817474005)
2025-01-29 18:40:12,396 INFO c.h.h.t.HelmChartContainer - [hivemq-test-hivemq-platform] [hivemq-platform-operator] [8fc6e4e0] 18:40:12.385 [pool-6-thread-45] DEBUG c.h.p.o.d.PodServiceAccountResource - [helmaddi] Desired PodServiceAccountResource (serviceAccountName: hivemq-platform-pod-test-hivemq-platform)
2025-01-29 18:40:12,398 INFO c.h.h.t.HelmChartContainer - [hivemq-test-hivemq-platform] [hivemq-platform-operator] [8fc6e4e0] 18:40:12.397 [pool-6-thread-47] DEBUG c.h.p.o.d.StatefulSetResource - [helmaddi] Desired StatefulSet (1 replicas) for status STARTING (READY)
2025-01-29 18:40:12,435 INFO c.h.h.t.HelmChartContainer - [hivemq-test-hivemq-platform] [hivemq-platform-operator] [8fc6e4e0] 18:40:12.434 [ReconcilerExecutor-hivemq-controller-114] INFO  c.h.p.o.HiveMQPlatformReconciler - [helmaddi] Reconciling HiveMQ Platform 'test-hivemq-platform' in namespace 'helmadditionalbrokerlicensesit'
2025-01-29 18:40:12,436 INFO c.h.h.t.HelmChartContainer - [hivemq-test-hivemq-platform] [hivemq-platform-operator] [8fc6e4e0] 18:40:12.434 [ReconcilerExecutor-hivemq-controller-114] DEBUG c.h.p.o.HiveMQPlatformReconciler - [helmaddi] Custom Resource Status STARTING - HiveMQ Platform is starting (READY)
2025-01-29 18:40:12,436 INFO c.h.h.t.HelmChartContainer - [hivemq-test-hivemq-platform] [hivemq-platform-operator] [8fc6e4e0] 18:40:12.434 [ReconcilerExecutor-hivemq-controller-114] DEBUG c.h.p.o.HiveMQPlatformReconciler - [helmaddi] Custom Resource Spec (replicas: 1) (extensions: 1)
2025-01-29 18:40:12,487 INFO c.h.h.t.HelmChartContainer - [hivemq-test-hivemq-platform] [hivemq-platform-operator] [8fc6e4e0] 18:40:12.486 [ReconcilerExecutor-hivemq-controller-114] DEBUG c.h.p.o.HiveMQPlatformReconciler - [helmaddi] StatefulSet Status (revision: test-hivemq-platform-7d45f7f7f4, replicas: 1, available: 1, ready: 1, current: 1, updated: 1)
2025-01-29 18:40:12,487 INFO c.h.h.t.HelmChartContainer - [hivemq-test-hivemq-platform] [hivemq-platform-operator] [8fc6e4e0] 18:40:12.486 [ReconcilerExecutor-hivemq-controller-114] DEBUG c.h.p.o.HiveMQPlatformReconciler - [helmaddi] StatefulSet Spec (replicas: 1, init containers: 1, containers: 1, volumes: 4)
2025-01-29 18:40:12,492 INFO c.h.h.t.HelmChartContainer - [hivemq-test-hivemq-platform] [hivemq-platform-operator] [8fc6e4e0] 18:40:12.488 [ReconcilerExecutor-hivemq-controller-114] DEBUG c.h.p.o.h.HiveMQPlatformReconcilerErrorHandler - [helmaddi] Pod 'test-hivemq-platform-0' phase Running
2025-01-29 18:40:12,492 INFO c.h.h.t.HelmChartContainer - [hivemq-test-hivemq-platform] [hivemq-platform-operator] [8fc6e4e0] 18:40:12.489 [ReconcilerExecutor-hivemq-controller-114] INFO  c.h.p.o.h.HiveMQPlatformReconcilerBaseHandler - [helmaddi] HiveMQ Platform started successfully
2025-01-29 18:40:12,592 INFO c.h.h.t.HelmChartContainer - [hivemq-test-hivemq-platform] [hivemq-platform-operator] [8fc6e4e0] 18:40:12.590 [ReconcilerExecutor-hivemq-controller-114] DEBUG c.h.p.operator.event.EventSender - [helmaddi] Creating K8s event hivemq-platform-ready: [Ready] HiveMQ Platform is ready
2025-01-29 18:40:12,595 INFO c.h.h.t.HelmChartContainer - [EVENT] Normal [Ready] HiveMQ Platform is ready [helmadditionalbrokerlicensesit:test-hivemq-platform]
2025-01-29 18:40:12,596 INFO c.h.h.t.HelmChartContainer - [hivemq-test-hivemq-platform] [hivemq-platform-operator] [8fc6e4e0] 18:40:12.596 [ReconcilerExecutor-hivemq-controller-114] INFO  c.h.p.o.h.AbstractHiveMQReconcilerStateHandler - [helmaddi] Update HiveMQ Platform Status (STARTING [READY] -> RUNNING [READY]): HiveMQ Platform is ready
2025-01-29 18:40:12,606 DEBUG com.hivemq.helmcharts.util.K8sUtil - Comparing actual state 'RUNNING' and waiting for 'RUNNING'
2025-01-29 18:40:12,634 INFO c.h.h.t.HelmChartContainer - [hivemq-test-hivemq-platform] [hivemq-platform-operator] [8fc6e4e0] 18:40:12.631 [pool-6-thread-10] DEBUG c.h.p.o.d.PlatformServiceResource - [helmaddi] Desired Platform services (3 services)
2025-01-29 18:40:12,634 INFO c.h.h.t.HelmChartContainer - [hivemq-test-hivemq-platform] [hivemq-platform-operator] [8fc6e4e0] 18:40:12.632 [pool-6-thread-7] DEBUG c.h.p.o.dependants.PodInfoConfigMap - [helmaddi] Desired PodInfo ConfigMap (1 extensions) (1 enabled)
2025-01-29 18:40:12,634 INFO c.h.h.t.HelmChartContainer - [hivemq-test-hivemq-platform] [hivemq-platform-operator] [8fc6e4e0] 18:40:12.632 [pool-6-thread-7] DEBUG c.h.p.o.dependants.PodInfoConfigMap - [helmaddi] Desired PodInfo ConfigMap (metrics port: 9399) (metrics path: /)
2025-01-29 18:40:12,634 INFO c.h.h.t.HelmChartContainer - [hivemq-test-hivemq-platform] [hivemq-platform-operator] [8fc6e4e0] 18:40:12.632 [pool-6-thread-7] DEBUG c.h.p.o.dependants.PodInfoConfigMap - [helmaddi] Desired PodInfo ConfigMap (extension state hash: -1817474005)
2025-01-29 18:40:12,634 INFO c.h.h.t.HelmChartContainer - [hivemq-test-hivemq-platform] [hivemq-platform-operator] [8fc6e4e0] 18:40:12.632 [pool-6-thread-7] DEBUG c.h.p.o.dependants.PodInfoConfigMap - [helmaddi] Update PodInfo ConfigMap
2025-01-29 18:40:12,635 INFO c.h.h.t.HelmChartContainer - [hivemq-test-hivemq-platform] [hivemq-platform-operator] [8fc6e4e0] 18:40:12.633 [pool-6-thread-4] DEBUG c.h.p.o.d.PodServiceAccountResource - [helmaddi] Desired PodServiceAccountResource (serviceAccountName: hivemq-platform-pod-test-hivemq-platform)
2025-01-29 18:40:12,694 INFO c.h.h.t.HelmChartContainer - [hivemq-test-hivemq-platform] [hivemq-platform-operator] [8fc6e4e0] 18:40:12.692 [pool-6-thread-7] DEBUG c.h.p.o.d.StatefulSetResource - [helmaddi] Desired StatefulSet (1 replicas) for status RUNNING (READY)
2025-01-29 18:40:12,731 INFO c.h.h.t.HelmChartContainer - [hivemq-test-hivemq-platform] [hivemq-platform-operator] [8fc6e4e0] 18:40:12.729 [ReconcilerExecutor-hivemq-controller-115] INFO  c.h.p.o.HiveMQPlatformReconciler - [helmaddi] Reconciling HiveMQ Platform 'test-hivemq-platform' in namespace 'helmadditionalbrokerlicensesit'
2025-01-29 18:40:12,731 INFO c.h.h.t.HelmChartContainer - [hivemq-test-hivemq-platform] [hivemq-platform-operator] [8fc6e4e0] 18:40:12.729 [ReconcilerExecutor-hivemq-controller-115] DEBUG c.h.p.o.HiveMQPlatformReconciler - [helmaddi] Custom Resource Status RUNNING - HiveMQ Platform is ready (READY)
2025-01-29 18:40:12,731 INFO c.h.h.t.HelmChartContainer - [hivemq-test-hivemq-platform] [hivemq-platform-operator] [8fc6e4e0] 18:40:12.730 [ReconcilerExecutor-hivemq-controller-115] DEBUG c.h.p.o.HiveMQPlatformReconciler - [helmaddi] Custom Resource Spec (replicas: 1) (extensions: 1)
2025-01-29 18:40:12,733 INFO c.h.h.t.HelmChartContainer - [hivemq-test-hivemq-platform] [hivemq-platform-operator] [8fc6e4e0] 18:40:12.732 [ReconcilerExecutor-hivemq-controller-115] DEBUG c.h.p.o.HiveMQPlatformReconciler - [helmaddi] StatefulSet Status (revision: test-hivemq-platform-7d45f7f7f4, replicas: 1, available: 1, ready: 1, current: 1, updated: 1)
2025-01-29 18:40:12,734 INFO c.h.h.t.HelmChartContainer - [hivemq-test-hivemq-platform] [hivemq-platform-operator] [8fc6e4e0] 18:40:12.732 [ReconcilerExecutor-hivemq-controller-115] DEBUG c.h.p.o.HiveMQPlatformReconciler - [helmaddi] StatefulSet Spec (replicas: 1, init containers: 1, containers: 1, volumes: 4)
2025-01-29 18:40:12,785 INFO c.h.h.t.HelmChartContainer - [hivemq-test-hivemq-platform] [hivemq-platform-operator] [8fc6e4e0] 18:40:12.784 [ReconcilerExecutor-hivemq-controller-115] DEBUG c.h.p.o.h.HiveMQPlatformReconcilerErrorHandler - [helmaddi] Pod 'test-hivemq-platform-0' phase Running
2025-01-29 18:40:16,622 INFO c.h.h.t.HelmChartContainer - Uninstalling release 'test-hivemq-platform' in namespace 'helmadditionalbrokerlicensesit'...
2025-01-29 18:40:16,622 DEBUG c.h.h.t.HelmChartContainer - Executing helm command: /bin/helm --kubeconfig /etc/rancher/k3s/k3s.yaml uninstall test-hivemq-platform  --wait --timeout 5m0s --cascade foreground --namespace helmadditionalbrokerlicensesit
2025-01-29 18:40:16,807 INFO c.h.h.t.HelmChartContainer - [hivemq-test-hivemq-platform] [hivemq-platform-operator] [8fc6e4e0] 18:40:16.802 [pool-6-thread-11] DEBUG c.h.p.o.d.PlatformServiceResource - [helmaddi] Desired Platform services (3 services)
2025-01-29 18:40:16,815 INFO c.h.h.t.HelmChartContainer - [hivemq-test-hivemq-platform] [hivemq-platform-operator] [8fc6e4e0] 18:40:16.803 [pool-6-thread-19] DEBUG c.h.p.o.d.PodServiceAccountResource - [helmaddi] Desired PodServiceAccountResource (serviceAccountName: hivemq-platform-pod-test-hivemq-platform)
2025-01-29 18:40:16,816 INFO c.h.h.t.HelmChartContainer - [hivemq-test-hivemq-platform] [hivemq-platform-operator] [8fc6e4e0] 18:40:16.803 [pool-6-thread-17] DEBUG c.h.p.o.dependants.PodInfoConfigMap - [helmaddi] Desired PodInfo ConfigMap (1 extensions) (1 enabled)
2025-01-29 18:40:16,816 INFO c.h.h.t.HelmChartContainer - [hivemq-test-hivemq-platform] [hivemq-platform-operator] [8fc6e4e0] 18:40:16.803 [pool-6-thread-17] DEBUG c.h.p.o.dependants.PodInfoConfigMap - [helmaddi] Desired PodInfo ConfigMap (metrics port: 9399) (metrics path: /)
2025-01-29 18:40:16,816 INFO c.h.h.t.HelmChartContainer - [hivemq-test-hivemq-platform] [hivemq-platform-operator] [8fc6e4e0] 18:40:16.803 [pool-6-thread-17] DEBUG c.h.p.o.dependants.PodInfoConfigMap - [helmaddi] Desired PodInfo ConfigMap (extension state hash: -1817474005)
2025-01-29 18:40:16,894 INFO c.h.h.t.HelmChartContainer - [hivemq-test-hivemq-platform] [hivemq-platform-operator] [8fc6e4e0] 18:40:16.890 [pool-6-thread-11] DEBUG c.h.p.o.d.StatefulSetResource - [helmaddi] Desired StatefulSet (1 replicas) for status RUNNING (READY)
2025-01-29 18:40:16,987 INFO c.h.h.t.HelmChartContainer - [hivemq-test-hivemq-platform] [hivemq-platform-operator] [8fc6e4e0] 18:40:16.986 [pool-6-thread-11] DEBUG c.h.p.o.d.StatefulSetResource - [helmaddi] Update StatefulSet (replicas: 1 -> 1)
2025-01-29 18:40:16,989 INFO c.h.h.t.HelmChartContainer - [hivemq-test-hivemq-platform] [hivemq-platform-operator] [8fc6e4e0] 18:40:16.988 [pool-6-thread-11] DEBUG c.h.p.o.d.StatefulSetResource - [helmaddi] Detected change in StatefulSet specification (path: /template/metadata/annotations/kubernetes-resource-versions) (actual value: {broker-configuration-v2=-2089688360}) (target value: {broker-configuration-v2=0})
2025-01-29 18:40:16,990 INFO c.h.h.t.HelmChartContainer - [hivemq-test-hivemq-platform] [hivemq-platform-operator] [8fc6e4e0] 18:40:16.988 [pool-6-thread-11] INFO  c.h.p.o.d.StatefulSetResource - [helmaddi] StatefulSet spec was updated, triggering rolling restart
2025-01-29 18:40:17,087 INFO c.h.h.t.HelmChartContainer - [hivemq-test-hivemq-platform] [hivemq-platform-operator] [8fc6e4e0] 18:40:17.086 [ReconcilerExecutor-hivemq-controller-116] INFO  c.h.p.o.HiveMQPlatformReconciler - [helmaddi] Reconciling HiveMQ Platform 'test-hivemq-platform' in namespace 'helmadditionalbrokerlicensesit'
2025-01-29 18:40:17,087 INFO c.h.h.t.HelmChartContainer - [hivemq-test-hivemq-platform] [hivemq-platform-operator] [8fc6e4e0] 18:40:17.086 [ReconcilerExecutor-hivemq-controller-116] DEBUG c.h.p.o.HiveMQPlatformReconciler - [helmaddi] Custom Resource Status RUNNING - HiveMQ Platform is ready (READY) (reconciliation requests: ROLLING_RESTART, REQUESTS_UPDATED)
2025-01-29 18:40:17,087 INFO c.h.h.t.HelmChartContainer - [hivemq-test-hivemq-platform] [hivemq-platform-operator] [8fc6e4e0] 18:40:17.086 [ReconcilerExecutor-hivemq-controller-116] DEBUG c.h.p.o.HiveMQPlatformReconciler - [helmaddi] Custom Resource Spec (replicas: 1) (extensions: 1)
2025-01-29 18:40:17,087 INFO c.h.h.t.HelmChartContainer - [hivemq-test-hivemq-platform] [hivemq-platform-operator] [8fc6e4e0] 18:40:17.086 [ReconcilerExecutor-hivemq-controller-116] WARN  c.h.p.o.h.HiveMQPlatformReconcilerErrorHandler - [helmaddi] Could not find ConfigMap 'hivemq-configuration-test-hivemq-platform' for HiveMQ Platform configuration
2025-01-29 18:40:17,134 INFO c.h.h.t.HelmChartContainer - [hivemq-test-hivemq-platform] [hivemq-platform-operator] [8fc6e4e0] 18:40:17.133 [ReconcilerExecutor-hivemq-controller-116] DEBUG c.h.p.operator.event.EventSender - [helmaddi] Creating K8s event hivemq-platform-invalid-configuration: [Start] Could not find ConfigMap 'hivemq-configuration-test-hivemq-platform' for HiveMQ Platform configuration
2025-01-29 18:40:17,137 INFO c.h.h.t.HelmChartContainer - [EVENT] Warning [Start] Could not find ConfigMap 'hivemq-configuration-test-hivemq-platform' for HiveMQ Platform configuration [helmadditionalbrokerlicensesit:test-hivemq-platform]
2025-01-29 18:40:17,186 INFO c.h.h.t.HelmChartContainer - [hivemq-test-hivemq-platform] [hivemq-platform-operator] [8fc6e4e0] 18:40:17.185 [ReconcilerExecutor-hivemq-controller-116] INFO  c.h.p.o.h.AbstractHiveMQReconcilerStateHandler - [helmaddi] Update HiveMQ Platform Status (RUNNING [READY] -> ERROR [INVALID_CONFIG_MAP]): Could not find ConfigMap 'hivemq-configuration-test-hivemq-platform' for HiveMQ Platform configuration (reconciliation requests: ROLLING_RESTART)
2025-01-29 18:40:17,197 INFO c.h.h.t.HelmChartContainer - [hivemq-test-hivemq-platform] [hivemq-platform-operator] [8fc6e4e0] 18:40:17.195 [ReconcilerExecutor-hivemq-controller-116] ERROR i.j.o.p.event.EventProcessor - Error during event processing ExecutionScope{ resource id: ResourceID{name='test-hivemq-platform', namespace='helmadditionalbrokerlicensesit'}, version: 874}
2025-01-29 18:40:17,200 INFO c.h.h.t.HelmChartContainer - [hivemq-test-hivemq-platform] [hivemq-platform-operator] [8fc6e4e0] io.fabric8.kubernetes.client.KubernetesClientException: Failure executing: PUT at: https://10.43.0.1:443/apis/hivemq.com/v1/namespaces/helmadditionalbrokerlicensesit/hivemq-platforms/test-hivemq-platform/status. Message: Operation cannot be fulfilled on hivemq-platforms.hivemq.com "test-hivemq-platform": the object has been modified; please apply your changes to the latest version and try again. Received status: Status(apiVersion=v1, code=409, details=StatusDetails(causes=[], group=hivemq.com, kind=hivemq-platforms, name=test-hivemq-platform, retryAfterSeconds=null, uid=null, additionalProperties={}), kind=Status, message=Operation cannot be fulfilled on hivemq-platforms.hivemq.com "test-hivemq-platform": the object has been modified; please apply your changes to the latest version and try again, metadata=ListMeta(_continue=null, remainingItemCount=null, resourceVersion=null, selfLink=null, additionalProperties={}), reason=Conflict, status=Failure, additionalProperties={}).
2025-01-29 18:40:17,200 INFO c.h.h.t.HelmChartContainer - [hivemq-test-hivemq-platform] [hivemq-platform-operator] [8fc6e4e0] 	at io.fabric8.kubernetes.client.KubernetesClientException.copyAsCause(KubernetesClientException.java:238)
2025-01-29 18:40:17,200 INFO c.h.h.t.HelmChartContainer - [hivemq-test-hivemq-platform] [hivemq-platform-operator] [8fc6e4e0] 	at io.fabric8.kubernetes.client.dsl.internal.OperationSupport.waitForResult(OperationSupport.java:507)
2025-01-29 18:40:17,200 INFO c.h.h.t.HelmChartContainer - [hivemq-test-hivemq-platform] [hivemq-platform-operator] [8fc6e4e0] 	at io.fabric8.kubernetes.client.dsl.internal.OperationSupport.handleResponse(OperationSupport.java:524)
2025-01-29 18:40:17,200 INFO c.h.h.t.HelmChartContainer - [hivemq-test-hivemq-platform] [hivemq-platform-operator] [8fc6e4e0] 	at io.fabric8.kubernetes.client.dsl.internal.OperationSupport.handleUpdate(OperationSupport.java:358)
2025-01-29 18:40:17,200 INFO c.h.h.t.HelmChartContainer - [hivemq-test-hivemq-platform] [hivemq-platform-operator] [8fc6e4e0] 	at io.fabric8.kubernetes.client.dsl.internal.BaseOperation.handleUpdate(BaseOperation.java:759)
2025-01-29 18:40:17,200 INFO c.h.h.t.HelmChartContainer - [hivemq-test-hivemq-platform] [hivemq-platform-operator] [8fc6e4e0] 	at io.fabric8.kubernetes.client.dsl.internal.HasMetadataOperation.update(HasMetadataOperation.java:138)
2025-01-29 18:40:17,200 INFO c.h.h.t.HelmChartContainer - [hivemq-test-hivemq-platform] [hivemq-platform-operator] [8fc6e4e0] 	at io.fabric8.kubernetes.client.dsl.internal.HasMetadataOperation.update(HasMetadataOperation.java:121)
2025-01-29 18:40:17,200 INFO c.h.h.t.HelmChartContainer - [hivemq-test-hivemq-platform] [hivemq-platform-operator] [8fc6e4e0] 	at io.fabric8.kubernetes.client.dsl.internal.HasMetadataOperation.updateStatus(HasMetadataOperation.java:126)
2025-01-29 18:40:17,200 INFO c.h.h.t.HelmChartContainer - [hivemq-test-hivemq-platform] [hivemq-platform-operator] [8fc6e4e0] 	at io.fabric8.kubernetes.client.dsl.internal.HasMetadataOperation.updateStatus(HasMetadataOperation.java:44)
2025-01-29 18:40:17,200 INFO c.h.h.t.HelmChartContainer - [hivemq-test-hivemq-platform] [hivemq-platform-operator] [8fc6e4e0] 	at io.javaoperatorsdk.operator.processing.event.ReconciliationDispatcher$CustomResourceFacade.updateStatus(ReconciliationDispatcher.java:408)
2025-01-29 18:40:17,200 INFO c.h.h.t.HelmChartContainer - [hivemq-test-hivemq-platform] [hivemq-platform-operator] [8fc6e4e0] 	at io.javaoperatorsdk.operator.processing.event.ReconciliationDispatcher.updateStatusGenerationAware(ReconciliationDispatcher.java:228)
2025-01-29 18:40:17,200 INFO c.h.h.t.HelmChartContainer - [hivemq-test-hivemq-platform] [hivemq-platform-operator] [8fc6e4e0] 	at io.javaoperatorsdk.operator.processing.event.ReconciliationDispatcher.reconcileExecution(ReconciliationDispatcher.java:150)
2025-01-29 18:40:17,200 INFO c.h.h.t.HelmChartContainer - [hivemq-test-hivemq-platform] [hivemq-platform-operator] [8fc6e4e0] 	at io.javaoperatorsdk.operator.processing.event.ReconciliationDispatcher.handleReconcile(ReconciliationDispatcher.java:117)
2025-01-29 18:40:17,200 INFO c.h.h.t.HelmChartContainer - [hivemq-test-hivemq-platform] [hivemq-platform-operator] [8fc6e4e0] 	at io.javaoperatorsdk.operator.processing.event.ReconciliationDispatcher.handleDispatch(ReconciliationDispatcher.java:91)
2025-01-29 18:40:17,200 INFO c.h.h.t.HelmChartContainer - [hivemq-test-hivemq-platform] [hivemq-platform-operator] [8fc6e4e0] 	at io.javaoperatorsdk.operator.processing.event.ReconciliationDispatcher.handleExecution(ReconciliationDispatcher.java:64)
2025-01-29 18:40:17,200 INFO c.h.h.t.HelmChartContainer - [hivemq-test-hivemq-platform] [hivemq-platform-operator] [8fc6e4e0] 	at io.javaoperatorsdk.operator.processing.event.EventProcessor$ReconcilerExecutor.run(EventProcessor.java:452)
2025-01-29 18:40:17,200 INFO c.h.h.t.HelmChartContainer - [hivemq-test-hivemq-platform] [hivemq-platform-operator] [8fc6e4e0] 	at java.base/java.util.concurrent.ThreadPoolExecutor.runWorker(Unknown Source)
2025-01-29 18:40:17,200 INFO c.h.h.t.HelmChartContainer - [hivemq-test-hivemq-platform] [hivemq-platform-operator] [8fc6e4e0] 	at java.base/java.util.concurrent.ThreadPoolExecutor$Worker.run(Unknown Source)
2025-01-29 18:40:17,200 INFO c.h.h.t.HelmChartContainer - [hivemq-test-hivemq-platform] [hivemq-platform-operator] [8fc6e4e0] 	at java.base/java.lang.Thread.run(Unknown Source)
2025-01-29 18:40:17,200 INFO c.h.h.t.HelmChartContainer - [hivemq-test-hivemq-platform] [hivemq-platform-operator] [8fc6e4e0] Caused by: io.fabric8.kubernetes.client.KubernetesClientException: Failure executing: PUT at: https://10.43.0.1:443/apis/hivemq.com/v1/namespaces/helmadditionalbrokerlicensesit/hivemq-platforms/test-hivemq-platform/status. Message: Operation cannot be fulfilled on hivemq-platforms.hivemq.com "test-hivemq-platform": the object has been modified; please apply your changes to the latest version and try again. Received status: Status(apiVersion=v1, code=409, details=StatusDetails(causes=[], group=hivemq.com, kind=hivemq-platforms, name=test-hivemq-platform, retryAfterSeconds=null, uid=null, additionalProperties={}), kind=Status, message=Operation cannot be fulfilled on hivemq-platforms.hivemq.com "test-hivemq-platform": the object has been modified; please apply your changes to the latest version and try again, metadata=ListMeta(_continue=null, remainingItemCount=null, resourceVersion=null, selfLink=null, additionalProperties={}), reason=Conflict, status=Failure, additionalProperties={}).
2025-01-29 18:40:17,200 INFO c.h.h.t.HelmChartContainer - [hivemq-test-hivemq-platform] [hivemq-platform-operator] [8fc6e4e0] 	at io.fabric8.kubernetes.client.dsl.internal.OperationSupport.requestFailure(OperationSupport.java:660)
2025-01-29 18:40:17,200 INFO c.h.h.t.HelmChartContainer - [hivemq-test-hivemq-platform] [hivemq-platform-operator] [8fc6e4e0] 	at io.fabric8.kubernetes.client.dsl.internal.OperationSupport.requestFailure(OperationSupport.java:640)
2025-01-29 18:40:17,200 INFO c.h.h.t.HelmChartContainer - [hivemq-test-hivemq-platform] [hivemq-platform-operator] [8fc6e4e0] 	at io.fabric8.kubernetes.client.dsl.internal.OperationSupport.assertResponseCode(OperationSupport.java:589)
2025-01-29 18:40:17,200 INFO c.h.h.t.HelmChartContainer - [hivemq-test-hivemq-platform] [hivemq-platform-operator] [8fc6e4e0] 	at io.fabric8.kubernetes.client.dsl.internal.OperationSupport.lambda$handleResponse$0(OperationSupport.java:549)
2025-01-29 18:40:17,200 INFO c.h.h.t.HelmChartContainer - [hivemq-test-hivemq-platform] [hivemq-platform-operator] [8fc6e4e0] 	at java.base/java.util.concurrent.CompletableFuture$UniApply.tryFire(Unknown Source)
2025-01-29 18:40:17,200 INFO c.h.h.t.HelmChartContainer - [hivemq-test-hivemq-platform] [hivemq-platform-operator] [8fc6e4e0] 	at java.base/java.util.concurrent.CompletableFuture.postComplete(Unknown Source)
2025-01-29 18:40:17,200 INFO c.h.h.t.HelmChartContainer - [hivemq-test-hivemq-platform] [hivemq-platform-operator] [8fc6e4e0] 	at java.base/java.util.concurrent.CompletableFuture.complete(Unknown Source)
2025-01-29 18:40:17,200 INFO c.h.h.t.HelmChartContainer - [hivemq-test-hivemq-platform] [hivemq-platform-operator] [8fc6e4e0] 	at io.fabric8.kubernetes.client.http.StandardHttpClient.lambda$completeOrCancel$10(StandardHttpClient.java:141)
2025-01-29 18:40:17,200 INFO c.h.h.t.HelmChartContainer - [hivemq-test-hivemq-platform] [hivemq-platform-operator] [8fc6e4e0] 	at java.base/java.util.concurrent.CompletableFuture.uniWhenComplete(Unknown Source)
2025-01-29 18:40:17,200 INFO c.h.h.t.HelmChartContainer - [hivemq-test-hivemq-platform] [hivemq-platform-operator] [8fc6e4e0] 	at java.base/java.util.concurrent.CompletableFuture$UniWhenComplete.tryFire(Unknown Source)
2025-01-29 18:40:17,200 INFO c.h.h.t.HelmChartContainer - [hivemq-test-hivemq-platform] [hivemq-platform-operator] [8fc6e4e0] 	at java.base/java.util.concurrent.CompletableFuture.postComplete(Unknown Source)
2025-01-29 18:40:17,200 INFO c.h.h.t.HelmChartContainer - [hivemq-test-hivemq-platform] [hivemq-platform-operator] [8fc6e4e0] 	at java.base/java.util.concurrent.CompletableFuture.complete(Unknown Source)
2025-01-29 18:40:17,200 INFO c.h.h.t.HelmChartContainer - [hivemq-test-hivemq-platform] [hivemq-platform-operator] [8fc6e4e0] 	at io.fabric8.kubernetes.client.http.ByteArrayBodyHandler.onBodyDone(ByteArrayBodyHandler.java:51)
2025-01-29 18:40:17,200 INFO c.h.h.t.HelmChartContainer - [hivemq-test-hivemq-platform] [hivemq-platform-operator] [8fc6e4e0] 	at java.base/java.util.concurrent.CompletableFuture.uniWhenComplete(Unknown Source)
2025-01-29 18:40:17,200 INFO c.h.h.t.HelmChartContainer - [hivemq-test-hivemq-platform] [hivemq-platform-operator] [8fc6e4e0] 	at java.base/java.util.concurrent.CompletableFuture$UniWhenComplete.tryFire(Unknown Source)
2025-01-29 18:40:17,200 INFO c.h.h.t.HelmChartContainer - [hivemq-test-hivemq-platform] [hivemq-platform-operator] [8fc6e4e0] 	at java.base/java.util.concurrent.CompletableFuture.postComplete(Unknown Source)
2025-01-29 18:40:17,200 INFO c.h.h.t.HelmChartContainer - [hivemq-test-hivemq-platform] [hivemq-platform-operator] [8fc6e4e0] 	at java.base/java.util.concurrent.CompletableFuture.complete(Unknown Source)
2025-01-29 18:40:17,200 INFO c.h.h.t.HelmChartContainer - [hivemq-test-hivemq-platform] [hivemq-platform-operator] [8fc6e4e0] 	at io.fabric8.kubernetes.client.vertx.VertxHttpRequest.lambda$null$1(VertxHttpRequest.java:121)
2025-01-29 18:40:17,200 INFO c.h.h.t.HelmChartContainer - [hivemq-test-hivemq-platform] [hivemq-platform-operator] [8fc6e4e0] 	at io.vertx.core.impl.ContextInternal.dispatch(ContextInternal.java:279)
2025-01-29 18:40:17,200 INFO c.h.h.t.HelmChartContainer - [hivemq-test-hivemq-platform] [hivemq-platform-operator] [8fc6e4e0] 	at io.vertx.core.impl.ContextInternal.dispatch(ContextInternal.java:261)
2025-01-29 18:40:17,200 INFO c.h.h.t.HelmChartContainer - [hivemq-test-hivemq-platform] [hivemq-platform-operator] [8fc6e4e0] 	at io.vertx.core.http.impl.HttpEventHandler.handleEnd(HttpEventHandler.java:76)
2025-01-29 18:40:17,200 INFO c.h.h.t.HelmChartContainer - [hivemq-test-hivemq-platform] [hivemq-platform-operator] [8fc6e4e0] 	at io.vertx.core.http.impl.HttpClientResponseImpl.handleEnd(HttpClientResponseImpl.java:250)
2025-01-29 18:40:17,200 INFO c.h.h.t.HelmChartContainer - [hivemq-test-hivemq-platform] [hivemq-platform-operator] [8fc6e4e0] 	at io.vertx.core.http.impl.Http1xClientConnection$StreamImpl.lambda$new$0(Http1xClientConnection.java:421)
2025-01-29 18:40:17,200 INFO c.h.h.t.HelmChartContainer - [hivemq-test-hivemq-platform] [hivemq-platform-operator] [8fc6e4e0] 	at io.vertx.core.streams.impl.InboundBuffer.handleEvent(InboundBuffer.java:279)
2025-01-29 18:40:17,200 INFO c.h.h.t.HelmChartContainer - [hivemq-test-hivemq-platform] [hivemq-platform-operator] [8fc6e4e0] 	at io.vertx.core.streams.impl.InboundBuffer.write(InboundBuffer.java:157)
2025-01-29 18:40:17,200 INFO c.h.h.t.HelmChartContainer - [hivemq-test-hivemq-platform] [hivemq-platform-operator] [8fc6e4e0] 	at io.vertx.core.http.impl.Http1xClientConnection$StreamImpl.handleEnd(Http1xClientConnection.java:709)
2025-01-29 18:40:17,200 INFO c.h.h.t.HelmChartContainer - [hivemq-test-hivemq-platform] [hivemq-platform-operator] [8fc6e4e0] 	at io.vertx.core.impl.ContextImpl.lambda$execute$4(ContextImpl.java:315)
2025-01-29 18:40:17,200 INFO c.h.h.t.HelmChartContainer - [hivemq-test-hivemq-platform] [hivemq-platform-operator] [8fc6e4e0] 	at io.netty.util.concurrent.AbstractEventExecutor.runTask(AbstractEventExecutor.java:173)
2025-01-29 18:40:17,200 INFO c.h.h.t.HelmChartContainer - [hivemq-test-hivemq-platform] [hivemq-platform-operator] [8fc6e4e0] 	at io.netty.util.concurrent.AbstractEventExecutor.safeExecute(AbstractEventExecutor.java:166)
2025-01-29 18:40:17,200 INFO c.h.h.t.HelmChartContainer - [hivemq-test-hivemq-platform] [hivemq-platform-operator] [8fc6e4e0] 	at io.netty.util.concurrent.SingleThreadEventExecutor.runAllTasks(SingleThreadEventExecutor.java:472)
2025-01-29 18:40:17,200 INFO c.h.h.t.HelmChartContainer - [hivemq-test-hivemq-platform] [hivemq-platform-operator] [8fc6e4e0] 	at io.netty.channel.nio.NioEventLoop.run(NioEventLoop.java:569)
2025-01-29 18:40:17,200 INFO c.h.h.t.HelmChartContainer - [hivemq-test-hivemq-platform] [hivemq-platform-operator] [8fc6e4e0] 	at io.netty.util.concurrent.SingleThreadEventExecutor$4.run(SingleThreadEventExecutor.java:997)
2025-01-29 18:40:17,201 INFO c.h.h.t.HelmChartContainer - [hivemq-test-hivemq-platform] [hivemq-platform-operator] [8fc6e4e0] 	at io.netty.util.internal.ThreadExecutorMap$2.run(ThreadExecutorMap.java:74)
2025-01-29 18:40:17,201 INFO c.h.h.t.HelmChartContainer - [hivemq-test-hivemq-platform] [hivemq-platform-operator] [8fc6e4e0] 	at io.netty.util.concurrent.FastThreadLocalRunnable.run(FastThreadLocalRunnable.java:30)
2025-01-29 18:40:17,201 INFO c.h.h.t.HelmChartContainer - [hivemq-test-hivemq-platform] [hivemq-platform-operator] [8fc6e4e0] 	... 1 common frames omitted
2025-01-29 18:40:17,285 INFO c.h.h.t.HelmChartContainer - [hivemq-test-hivemq-platform] [hivemq-platform-operator] [8fc6e4e0] 18:40:17.284 [ReconcilerExecutor-hivemq-controller-122] INFO  c.h.p.o.HiveMQPlatformReconciler - [helmaddi] Cleanup test-hivemq-platform - helmadditionalbrokerlicensesit HiveMQ Platform is shut down
2025-01-29 18:40:17,436 INFO c.h.h.t.HelmChartContainer - [POD] test-hivemq-platform-0 [dfade23a-e7fb-4d10-bd49-b4c9e5ca026a] in helmadditionalbrokerlicensesit was MODIFIED
2025-01-29 18:40:17,450 INFO c.h.h.t.HelmChartContainer - [test-hivemq-platform] [hivemq] [dfade23a] INFO  - [HiveMQ Platform Operator Init App 1.7.0-SNAPSHOT] Shutting down
2025-01-29 18:40:17,450 INFO c.h.h.t.HelmChartContainer - [test-hivemq-platform] [hivemq] [dfade23a] INFO  - [HiveMQ Platform Operator Init App 1.7.0-SNAPSHOT] Stopping the HiveMQ Platform
2025-01-29 18:40:17,451 INFO c.h.h.t.HelmChartContainer - [EVENT] Normal [Killing] Stopping container hivemq [helmadditionalbrokerlicensesit:test-hivemq-platform-0]
2025-01-29 18:40:17,451 INFO c.h.h.t.HelmChartContainer - Received Killing event for container hivemq in pod test-hivemq-platform-0 [dfade23a-e7fb-4d10-bd49-b4c9e5ca026a]
2025-01-29 18:40:17,451 INFO c.h.h.t.HelmChartContainer - Container [test-hivemq-platform-0] [hivemq] [dfade23a-e7fb-4d10-bd49-b4c9e5ca026a] was terminated
2025-01-29 18:40:17,451 INFO c.h.h.t.HelmChartContainer - Stopped log watcher for hivemq in pod test-hivemq-platform-0 [dfade23a-e7fb-4d10-bd49-b4c9e5ca026a]
2025-01-29 18:40:17,457 INFO c.h.h.t.HelmChartContainer - [K3S] [endpointslice_controller.go:344] "Error syncing endpoint slices for service, retrying" key="helmadditionalbrokerlicensesit/hivemq-test-hivemq-platform-metrics-9399" err="failed to update hivemq-test-hivemq-platform-metrics-9399-s7cwz EndpointSlice for Service helmadditionalbrokerlicensesit/hivemq-test-hivemq-platform-metrics-9399: Operation cannot be fulfilled on endpointslices.discovery.k8s.io \"hivemq-test-hivemq-platform-metrics-9399-s7cwz\": StorageError: invalid object, Code: 4, Key: /registry/endpointslices/helmadditionalbrokerlicensesit/hivemq-test-hivemq-platform-metrics-9399-s7cwz, ResourceVersion: 0, AdditionalErrorMsg: Precondition failed: UID in precondition: 0ca8a66b-c8ea-4594-a098-0f6436202c0a, UID in object meta: "
2025-01-29 18:40:17,457 INFO c.h.h.t.HelmChartContainer - [K3S] [event.go:377] Event(v1.ObjectReference{Kind:"Service", Namespace:"helmadditionalbrokerlicensesit", Name:"hivemq-test-hivemq-platform-metrics-9399", UID:"b73ff2da-5a0e-478c-aa1a-8273ac5adfb8", APIVersion:"v1", ResourceVersion:"885", FieldPath:""}): type: 'Warning' reason: 'FailedToUpdateEndpointSlices' Error updating Endpoint Slices for Service helmadditionalbrokerlicensesit/hivemq-test-hivemq-platform-metrics-9399: failed to update hivemq-test-hivemq-platform-metrics-9399-s7cwz EndpointSlice for Service helmadditionalbrokerlicensesit/hivemq-test-hivemq-platform-metrics-9399: Operation cannot be fulfilled on endpointslices.discovery.k8s.io "hivemq-test-hivemq-platform-metrics-9399-s7cwz": StorageError: invalid object, Code: 4, Key: /registry/endpointslices/helmadditionalbrokerlicensesit/hivemq-test-hivemq-platform-metrics-9399-s7cwz, ResourceVersion: 0, AdditionalErrorMsg: Precondition failed: UID in precondition: 0ca8a66b-c8ea-4594-a098-0f6436202c0a, UID in object meta: 
2025-01-29 18:40:17,476 INFO c.h.h.t.HelmChartContainer - [EVENT] Warning [FailedToUpdateEndpointSlices] Error updating Endpoint Slices for Service helmadditionalbrokerlicensesit/hivemq-test-hivemq-platform-metrics-9399: failed to update hivemq-test-hivemq-platform-metrics-9399-s7cwz EndpointSlice for Service helmadditionalbrokerlicensesit/hivemq-test-hivemq-platform-metrics-9399: Operation cannot be fulfilled on endpointslices.discovery.k8s.io "hivemq-test-hivemq-platform-metrics-9399-s7cwz": StorageError: invalid object, Code: 4, Key: /registry/endpointslices/helmadditionalbrokerlicensesit/hivemq-test-hivemq-platform-metrics-9399-s7cwz, ResourceVersion: 0, AdditionalErrorMsg: Precondition failed: UID in precondition: 0ca8a66b-c8ea-4594-a098-0f6436202c0a, UID in object meta:  [helmadditionalbrokerlicensesit:hivemq-test-hivemq-platform-metrics-9399]
2025-01-29 18:40:17,563 INFO c.h.h.t.HelmChartContainer - [test-hivemq-platform] [hivemq] [dfade23a] INFO  - Shutting down HiveMQ. Please wait, this could take a while...
2025-01-29 18:40:17,644 INFO c.h.h.t.HelmChartContainer - [test-hivemq-platform] [hivemq] [dfade23a] INFO  - Shutting down listeners and clients
2025-01-29 18:40:17,645 INFO c.h.h.t.HelmChartContainer - [test-hivemq-platform] [hivemq] [dfade23a] INFO  - Shutdown of listeners is done
2025-01-29 18:40:17,646 INFO c.h.h.t.HelmChartContainer - [test-hivemq-platform] [hivemq] [dfade23a] INFO  - No clients are connected, proceeding with shutdown
2025-01-29 18:40:17,854 INFO c.h.h.t.HelmChartContainer - [K3S] [authentication.go:74] "Unable to authenticate the request" err="[invalid bearer token, serviceaccounts \"hivemq-platform-pod-test-hivemq-platform\" not found]"
2025-01-29 18:40:17,869 INFO c.h.h.t.HelmChartContainer - [K3S] [authentication.go:74] "Unable to authenticate the request" err="[invalid bearer token, serviceaccounts \"hivemq-platform-pod-test-hivemq-platform\" not found]"
2025-01-29 18:40:17,948 INFO c.h.h.t.HelmChartContainer - [test-hivemq-platform] [hivemq] [dfade23a] WARN  - [HiveMQ Platform Operator Init App 1.7.0-SNAPSHOT] Could not update Pod annotations: Failure executing: GET at: https://10.43.0.1:443/api/v1/namespaces/helmadditionalbrokerlicensesit/pods/test-hivemq-platform-0. Message: Unauthorized. Received status: Status(apiVersion=v1, code=401, details=null, kind=Status, message=Unauthorized, metadata=ListMeta(_continue=null, remainingItemCount=null, resourceVersion=null, selfLink=null, additionalProperties={}), reason=Unauthorized, status=Failure, additionalProperties={}).
2025-01-29 18:40:18,858 INFO c.h.h.t.HelmChartContainer - Deleting namespace 'helmadditionalbrokerlicensesit'...
2025-01-29 18:40:21,148 INFO c.h.h.t.HelmChartContainer - [test-hivemq-platform] [hivemq] [dfade23a] INFO  - Shutting down extension system
2025-01-29 18:40:21,150 INFO c.h.h.t.HelmChartContainer - [test-hivemq-platform] [hivemq] [dfade23a] INFO  - Stopping extension with id hivemq-dns-cluster-discovery
2025-01-29 18:40:21,151 INFO c.h.h.t.HelmChartContainer - [test-hivemq-platform] [hivemq] [dfade23a] INFO  - Extension "DNS Cluster Discovery Extension" version 4.3.2 stopped successfully.
2025-01-29 18:40:21,152 INFO c.h.h.t.HelmChartContainer - [test-hivemq-platform] [hivemq] [dfade23a] INFO  - Stopping extension with id hivemq-prometheus-extension
2025-01-29 18:40:21,156 INFO c.h.h.t.HelmChartContainer - [test-hivemq-platform] [hivemq] [dfade23a] INFO  - Extension "Prometheus Monitoring Extension" version 4.0.12 stopped successfully.
2025-01-29 18:40:21,157 INFO c.h.h.t.HelmChartContainer - [test-hivemq-platform] [hivemq] [dfade23a] INFO  - Stopping extension with id hivemq-allow-all-extension
2025-01-29 18:40:21,157 INFO c.h.h.t.HelmChartContainer - [test-hivemq-platform] [hivemq] [dfade23a] INFO  - Extension "Allow All Extension" version 1.1.1 stopped successfully.
2025-01-29 18:40:22,360 INFO c.h.h.t.HelmChartContainer - [test-hivemq-platform] [hivemq] [dfade23a] INFO  - [HiveMQ Platform Operator Init App 1.7.0-SNAPSHOT] Returning shutdown Health API response 503 for readiness
2025-01-29 18:40:22,364 INFO c.h.h.t.HelmChartContainer - [EVENT] Warning [Unhealthy] Readiness probe failed: HTTP probe failed with statuscode: 503 [helmadditionalbrokerlicensesit:test-hivemq-platform-0]
2025-01-29 18:40:22,364 INFO c.h.h.t.HelmChartContainer - Received Unhealthy event for container hivemq in pod test-hivemq-platform-0 [dfade23a-e7fb-4d10-bd49-b4c9e5ca026a]
2025-01-29 18:40:22,952 INFO c.h.h.t.HelmChartContainer - [K3S] [authentication.go:74] "Unable to authenticate the request" err="[invalid bearer token, serviceaccounts \"hivemq-platform-pod-test-hivemq-platform\" not found]"
2025-01-29 18:40:22,965 INFO c.h.h.t.HelmChartContainer - [K3S] [authentication.go:74] "Unable to authenticate the request" err="[invalid bearer token, serviceaccounts \"hivemq-platform-pod-test-hivemq-platform\" not found]"
2025-01-29 18:40:22,966 INFO c.h.h.t.HelmChartContainer - [test-hivemq-platform] [hivemq] [dfade23a] WARN  - [HiveMQ Platform Operator Init App 1.7.0-SNAPSHOT] Could not update Pod annotations: Failure executing: GET at: https://10.43.0.1:443/api/v1/namespaces/helmadditionalbrokerlicensesit/pods/test-hivemq-platform-0. Message: Unauthorized. Received status: Status(apiVersion=v1, code=401, details=null, kind=Status, message=Unauthorized, metadata=ListMeta(_continue=null, remainingItemCount=null, resourceVersion=null, selfLink=null, additionalProperties={}), reason=Unauthorized, status=Failure, additionalProperties={}).
2025-01-29 18:40:23,494 INFO c.h.h.t.HelmChartContainer - [test-hivemq-platform] [hivemq] [dfade23a] INFO  - Shutdown completed.
2025-01-29 18:40:23,843 INFO c.h.h.t.HelmChartContainer - [test-hivemq-platform] [hivemq] [dfade23a] INFO  - [HiveMQ Platform Operator Init App 1.7.0-SNAPSHOT] The HiveMQ Platform exited with code 143
2025-01-29 18:40:23,844 INFO c.h.h.t.HelmChartContainer - [test-hivemq-platform] [hivemq] [dfade23a] INFO  - [HiveMQ Platform Operator Init App 1.7.0-SNAPSHOT] Stopping the REST API
2025-01-29 18:40:23,852 INFO c.h.h.t.HelmChartContainer - [test-hivemq-platform] [hivemq] [dfade23a] INFO  - [HiveMQ Platform Operator Init App 1.7.0-SNAPSHOT] Shutdown complete
2025-01-29 18:40:23,950 INFO c.h.h.t.HelmChartContainer - [K3S] [stateful_set.go:466] "StatefulSet has been deleted" key="helmadditionalbrokerlicensesit/test-hivemq-platform"
2025-01-29 18:40:24,294 INFO c.h.h.t.HelmChartContainer - [POD] test-hivemq-platform-0 [dfade23a-e7fb-4d10-bd49-b4c9e5ca026a] in helmadditionalbrokerlicensesit was MODIFIED
2025-01-29 18:40:24,379 INFO c.h.h.t.HelmChartContainer - [K3S] [reconciler_common.go:162] "operationExecutor.UnmountVolume started for volume \"kube-api-access-9zppl\" (UniqueName: \"kubernetes.io/projected/dfade23a-e7fb-4d10-bd49-b4c9e5ca026a-kube-api-access-9zppl\") pod \"dfade23a-e7fb-4d10-bd49-b4c9e5ca026a\" (UID: \"dfade23a-e7fb-4d10-bd49-b4c9e5ca026a\") "
2025-01-29 18:40:24,379 INFO c.h.h.t.HelmChartContainer - [K3S] [reconciler_common.go:162] "operationExecutor.UnmountVolume started for volume \"licenses\" (UniqueName: \"kubernetes.io/secret/dfade23a-e7fb-4d10-bd49-b4c9e5ca026a-licenses\") pod \"dfade23a-e7fb-4d10-bd49-b4c9e5ca026a\" (UID: \"dfade23a-e7fb-4d10-bd49-b4c9e5ca026a\") "
2025-01-29 18:40:24,379 INFO c.h.h.t.HelmChartContainer - [K3S] [reconciler_common.go:162] "operationExecutor.UnmountVolume started for volume \"operator-init\" (UniqueName: \"kubernetes.io/empty-dir/dfade23a-e7fb-4d10-bd49-b4c9e5ca026a-operator-init\") pod \"dfade23a-e7fb-4d10-bd49-b4c9e5ca026a\" (UID: \"dfade23a-e7fb-4d10-bd49-b4c9e5ca026a\") "
2025-01-29 18:40:24,379 INFO c.h.h.t.HelmChartContainer - [K3S] [reconciler_common.go:162] "operationExecutor.UnmountVolume started for volume \"pod-info\" (UniqueName: \"kubernetes.io/configmap/dfade23a-e7fb-4d10-bd49-b4c9e5ca026a-pod-info\") pod \"dfade23a-e7fb-4d10-bd49-b4c9e5ca026a\" (UID: \"dfade23a-e7fb-4d10-bd49-b4c9e5ca026a\") "
2025-01-29 18:40:24,380 INFO c.h.h.t.HelmChartContainer - [K3S] [reconciler_common.go:162] "operationExecutor.UnmountVolume started for volume \"broker-configuration\" (UniqueName: \"kubernetes.io/configmap/dfade23a-e7fb-4d10-bd49-b4c9e5ca026a-broker-configuration\") pod \"dfade23a-e7fb-4d10-bd49-b4c9e5ca026a\" (UID: \"dfade23a-e7fb-4d10-bd49-b4c9e5ca026a\") "
2025-01-29 18:40:24,466 INFO c.h.h.t.HelmChartContainer - [K3S] [scope.go:117] "RemoveContainer" containerID="d2a28ae6d860a230e2bb6647e4fbc9a4430f1d6aa3a54007e2ca53fa6a73811a"
2025-01-29 18:40:24,482 INFO c.h.h.t.HelmChartContainer - [K3S] [reconciler_common.go:299] "Volume detached for volume \"kube-api-access-9zppl\" (UniqueName: \"kubernetes.io/projected/dfade23a-e7fb-4d10-bd49-b4c9e5ca026a-kube-api-access-9zppl\") on node \"7f5f25f78dbe\" DevicePath \"\""
2025-01-29 18:40:24,482 INFO c.h.h.t.HelmChartContainer - [K3S] [reconciler_common.go:299] "Volume detached for volume \"licenses\" (UniqueName: \"kubernetes.io/secret/dfade23a-e7fb-4d10-bd49-b4c9e5ca026a-licenses\") on node \"7f5f25f78dbe\" DevicePath \"\""
2025-01-29 18:40:24,482 INFO c.h.h.t.HelmChartContainer - [K3S] [reconciler_common.go:299] "Volume detached for volume \"operator-init\" (UniqueName: \"kubernetes.io/empty-dir/dfade23a-e7fb-4d10-bd49-b4c9e5ca026a-operator-init\") on node \"7f5f25f78dbe\" DevicePath \"\""
2025-01-29 18:40:24,482 INFO c.h.h.t.HelmChartContainer - [K3S] [reconciler_common.go:299] "Volume detached for volume \"pod-info\" (UniqueName: \"kubernetes.io/configmap/dfade23a-e7fb-4d10-bd49-b4c9e5ca026a-pod-info\") on node \"7f5f25f78dbe\" DevicePath \"\""
2025-01-29 18:40:24,482 INFO c.h.h.t.HelmChartContainer - [K3S] [reconciler_common.go:299] "Volume detached for volume \"broker-configuration\" (UniqueName: \"kubernetes.io/configmap/dfade23a-e7fb-4d10-bd49-b4c9e5ca026a-broker-configuration\") on node \"7f5f25f78dbe\" DevicePath \"\""
2025-01-29 18:40:24,484 INFO c.h.h.t.HelmChartContainer - [POD] test-hivemq-platform-0 [dfade23a-e7fb-4d10-bd49-b4c9e5ca026a] in helmadditionalbrokerlicensesit was MODIFIED
2025-01-29 18:40:24,485 INFO c.h.h.t.HelmChartContainer - [POD] test-hivemq-platform-0 [dfade23a-e7fb-4d10-bd49-b4c9e5ca026a] in helmadditionalbrokerlicensesit was DELETED
2025-01-29 18:40:24,570 INFO c.h.h.t.HelmChartContainer - [K3S] [scope.go:117] "RemoveContainer" containerID="a29b87757f8003d740fce8762017e6fae7d3454ff26566734eb468dfba89bb76"
2025-01-29 18:40:24,573 INFO c.h.h.t.HelmChartContainer - [K3S] [scope.go:117] "RemoveContainer" containerID="d2a28ae6d860a230e2bb6647e4fbc9a4430f1d6aa3a54007e2ca53fa6a73811a"
2025-01-29 18:40:24,573 INFO c.h.h.t.HelmChartContainer - [K3S] [scope.go:117] "RemoveContainer" containerID="a29b87757f8003d740fce8762017e6fae7d3454ff26566734eb468dfba89bb76"
2025-01-29 18:40:26,109 INFO c.h.h.t.HelmChartContainer - [K3S] [kubelet_volumes.go:163] "Cleaned up orphaned pod volumes dir" podUID="dfade23a-e7fb-4d10-bd49-b4c9e5ca026a" path="/var/lib/kubelet/pods/dfade23a-e7fb-4d10-bd49-b4c9e5ca026a/volumes"
2025-01-29 18:40:29,195 INFO c.h.h.t.HelmChartContainer - Namespace 'helmadditionalbrokerlicensesit' deleted
2025-01-29 18:40:29,196 INFO c.h.h.t.HelmChartContainer - Release 'test-hivemq-platform' in namespace 'helmadditionalbrokerlicensesit' is uninstalled
2025-01-29 18:40:29,196 INFO c.h.h.t.HelmChartContainer - Uninstalling release 'test-hivemq-platform-operator' in namespace 'helmadditionalbrokerlicensesit-operator'...
2025-01-29 18:40:29,196 DEBUG c.h.h.t.HelmChartContainer - Executing helm command: /bin/helm --kubeconfig /etc/rancher/k3s/k3s.yaml uninstall test-hivemq-platform-operator  --wait --timeout 5m0s --cascade foreground --namespace helmadditionalbrokerlicensesit-operator
2025-01-29 18:40:29,353 INFO c.h.h.t.HelmChartContainer - [K3S] [replica_set.go:679] "Finished syncing" kind="ReplicaSet" key="helmadditionalbrokerlicensesit-operator/hivemq-test-hivemq-platform-operator-6966f96d65" duration="6.408187ms"
2025-01-29 18:40:29,357 INFO c.h.h.t.HelmChartContainer - [K3S] [replica_set.go:679] "Finished syncing" kind="ReplicaSet" key="helmadditionalbrokerlicensesit-operator/hivemq-test-hivemq-platform-operator-6966f96d65" duration="29.244µs"
2025-01-29 18:40:29,374 INFO c.h.h.t.HelmChartContainer - [POD] hivemq-test-hivemq-platform-operator-6966f96d65-x62dp [8fc6e4e0-d4cb-40b3-8609-b4a33413f31b] in helmadditionalbrokerlicensesit-operator was MODIFIED
2025-01-29 18:40:29,383 INFO c.h.h.t.HelmChartContainer - [EVENT] Normal [Killing] Stopping container hivemq-platform-operator [helmadditionalbrokerlicensesit-operator:hivemq-test-hivemq-platform-operator-6966f96d65-x62dp]
2025-01-29 18:40:29,383 INFO c.h.h.t.HelmChartContainer - Received Killing event for container hivemq-platform-operator in pod hivemq-test-hivemq-platform-operator-6966f96d65-x62dp [8fc6e4e0-d4cb-40b3-8609-b4a33413f31b]
2025-01-29 18:40:29,384 INFO c.h.h.t.HelmChartContainer - Container [hivemq-test-hivemq-platform-operator-6966f96d65-x62dp] [hivemq-platform-operator] [8fc6e4e0-d4cb-40b3-8609-b4a33413f31b] was terminated
2025-01-29 18:40:29,384 INFO c.h.h.t.HelmChartContainer - Stopped log watcher for hivemq-platform-operator in pod hivemq-test-hivemq-platform-operator-6966f96d65-x62dp [8fc6e4e0-d4cb-40b3-8609-b4a33413f31b]
2025-01-29 18:40:29,386 INFO c.h.h.t.HelmChartContainer - [K3S] [replica_set.go:679] "Finished syncing" kind="ReplicaSet" key="helmadditionalbrokerlicensesit-operator/hivemq-test-hivemq-platform-operator-6966f96d65" duration="15.687863ms"
2025-01-29 18:40:29,387 INFO c.h.h.t.HelmChartContainer - [K3S] [replica_set.go:679] "Finished syncing" kind="ReplicaSet" key="helmadditionalbrokerlicensesit-operator/hivemq-test-hivemq-platform-operator-6966f96d65" duration="42.89µs"
2025-01-29 18:40:29,388 INFO c.h.h.t.HelmChartContainer - [hivemq-test-hivemq-platform] [hivemq-platform-operator] [8fc6e4e0] 18:40:29.386 [application-shutdown-thread] INFO  c.h.p.o.HiveMQPlatformOperatorApplication - HiveMQ Platform Operator is stopping...
2025-01-29 18:40:29,388 INFO c.h.h.t.HelmChartContainer - [hivemq-test-hivemq-platform] [hivemq-platform-operator] [8fc6e4e0] 18:40:29.386 [application-shutdown-thread] INFO  i.javaoperatorsdk.operator.Operator - Operator SDK 4.9.7 is shutting down...
2025-01-29 18:40:29,711 INFO c.h.h.t.HelmChartContainer - [K3S] [replica_set.go:679] "Finished syncing" kind="ReplicaSet" key="helmadditionalbrokerlicensesit-operator/hivemq-test-hivemq-platform-operator-6966f96d65" duration="40.135µs"
2025-01-29 18:40:29,713 INFO c.h.h.t.HelmChartContainer - [POD] hivemq-test-hivemq-platform-operator-6966f96d65-x62dp [8fc6e4e0-d4cb-40b3-8609-b4a33413f31b] in helmadditionalbrokerlicensesit-operator was MODIFIED
2025-01-29 18:40:29,810 INFO c.h.h.t.HelmChartContainer - [K3S] [reconciler_common.go:162] "operationExecutor.UnmountVolume started for volume \"kube-api-access-w2wsz\" (UniqueName: \"kubernetes.io/projected/8fc6e4e0-d4cb-40b3-8609-b4a33413f31b-kube-api-access-w2wsz\") pod \"8fc6e4e0-d4cb-40b3-8609-b4a33413f31b\" (UID: \"8fc6e4e0-d4cb-40b3-8609-b4a33413f31b\") "
2025-01-29 18:40:29,911 INFO c.h.h.t.HelmChartContainer - [K3S] [reconciler_common.go:299] "Volume detached for volume \"kube-api-access-w2wsz\" (UniqueName: \"kubernetes.io/projected/8fc6e4e0-d4cb-40b3-8609-b4a33413f31b-kube-api-access-w2wsz\") on node \"7f5f25f78dbe\" DevicePath \"\""
2025-01-29 18:40:30,476 INFO c.h.h.t.HelmChartContainer - [K3S] [scope.go:117] "RemoveContainer" containerID="c084ca1ed790ef08ae10e92350257028ba0e518e747ab2b2d3622955fe81965b"
2025-01-29 18:40:30,479 INFO c.h.h.t.HelmChartContainer - [K3S] [scope.go:117] "RemoveContainer" containerID="c084ca1ed790ef08ae10e92350257028ba0e518e747ab2b2d3622955fe81965b"
2025-01-29 18:40:30,485 INFO c.h.h.t.HelmChartContainer - [K3S] [replica_set.go:679] "Finished syncing" kind="ReplicaSet" key="helmadditionalbrokerlicensesit-operator/hivemq-test-hivemq-platform-operator-6966f96d65" duration="42.348µs"
2025-01-29 18:40:30,486 INFO c.h.h.t.HelmChartContainer - [POD] hivemq-test-hivemq-platform-operator-6966f96d65-x62dp [8fc6e4e0-d4cb-40b3-8609-b4a33413f31b] in helmadditionalbrokerlicensesit-operator was MODIFIED
2025-01-29 18:40:30,488 INFO c.h.h.t.HelmChartContainer - [POD] hivemq-test-hivemq-platform-operator-6966f96d65-x62dp [8fc6e4e0-d4cb-40b3-8609-b4a33413f31b] in helmadditionalbrokerlicensesit-operator was DELETED
2025-01-29 18:40:30,489 INFO c.h.h.t.HelmChartContainer - [K3S] [replica_set.go:679] "Finished syncing" kind="ReplicaSet" key="helmadditionalbrokerlicensesit-operator/hivemq-test-hivemq-platform-operator-6966f96d65" duration="30.837µs"
2025-01-29 18:40:30,500 INFO c.h.h.t.HelmChartContainer - [K3S] [replica_set.go:679] "Finished syncing" kind="ReplicaSet" key="helmadditionalbrokerlicensesit-operator/hivemq-test-hivemq-platform-operator-6966f96d65" duration="5.38µs"
2025-01-29 18:40:31,401 INFO c.h.h.t.HelmChartContainer - Deleting namespace 'helmadditionalbrokerlicensesit-operator'...
2025-01-29 18:40:32,109 INFO c.h.h.t.HelmChartContainer - [K3S] [kubelet_volumes.go:163] "Cleaned up orphaned pod volumes dir" podUID="8fc6e4e0-d4cb-40b3-8609-b4a33413f31b" path="/var/lib/kubelet/pods/8fc6e4e0-d4cb-40b3-8609-b4a33413f31b/volumes"
2025-01-29 18:40:34,095 INFO c.h.h.t.HelmChartContainer - [K3S] [namespace_controller.go:187] "Namespace has been deleted" namespace="helmadditionalbrokerlicensesit"
2025-01-29 18:40:36,621 INFO c.h.h.t.HelmChartContainer - Namespace 'helmadditionalbrokerlicensesit-operator' deleted
2025-01-29 18:40:36,621 INFO c.h.h.t.HelmChartContainer - Release 'test-hivemq-platform-operator' in namespace 'helmadditionalbrokerlicensesit-operator' is uninstalled
2025-01-29 18:40:37,353 INFO c.h.helmcharts.AbstractHelmChartIT - Removed unused containers:

2025-01-29 18:40:41,520 INFO c.h.h.t.HelmChartContainer - [K3S] [namespace_controller.go:187] "Namespace has been deleted" namespace="helmadditionalbrokerlicensesit-operator"
2025-01-29 18:40:45,296 INFO c.h.helmcharts.AbstractHelmChartIT - Removed unused snapshots:
Removing snapshot sha256:03af251906410714c5aef9fa705b63f6bbc39c4a5e787de7361eeb18886c2ed2
Removing snapshot sha256:0c46b3b43cce082ce5ec34ffc6c294e0417d17b9d1e6f366d114b6aadc4f96dc
Removing snapshot sha256:0ce761beee59082d6ed5bcebd3a805b8ddd9b3426b617e4809e7fb7c6587ffec
Removing snapshot sha256:0df91287303208332c8ff6ba40ae4710105201739addbfbddfb955f1ad593664
Removing snapshot sha256:1021ef88c7974bfff89c5a0ec4fd3160daac6c48a075f74cff721f85dd104e68
Removing snapshot sha256:10aba4953ddc18145dd38e3704709bc464aa20af60b56fe52caaff4b68411e62
Removing snapshot sha256:2573e0d8158209ed54ab25c87bcdcb00bd3d2539246960a3d592a1c599d70465
Removing snapshot sha256:362a8a37f8bbc31925a8146adcf7cf51f9882f5c1dcbef67c5baa03a297543c0
Removing snapshot sha256:3fa4ad33f0ddc8fd45b39b6b4640f82a3a83619606cd975bfe89d8710ad2d4cd
Removing snapshot sha256:43a7c979bbaba6838bc3102d6b10a1459f3ab050b87ccdfef84ef90cf43d3058
Removing snapshot sha256:4ab04491cdf0d3267f08206fe30bd48f49f94b9cab2f016d6739220f722a64af
Removing snapshot sha256:4b6068250e89c96f263060261819c7d912855bfbd64b3eb4c4a8483299b8c295
Removing snapshot sha256:580e69a0a8034ede1921139bbd2bfb72a69ebf276d008281896c32dd8bf74775
Removing snapshot sha256:5d30ba46b27fe37484567ccc5242cadc78217b8da605f3f195ef25cbf7487904
Removing snapshot sha256:63ca1fbb43ae5034640e5e6cb3e083e05c290072c5366fcaa9d62435a4cced85
Removing snapshot sha256:67f702c6baae873bceb19487c8b1f27bd2b86077e4f2f0e480e6d60ab508b8f5
Removing snapshot sha256:6864348dd42806d552efdec384f1274be15e2d0c10ce44c1f04347af004c10a9
Removing snapshot sha256:6c7dee8f2c39b84b7dc2711c01d33de93514d9055499173e9290176fbe484b6c
Removing snapshot sha256:7b6ce2622c1e4d873c9ee2a82bf0c7bce0e20b8eead6a14bd1552b540aa9a355
Removing snapshot sha256:82753493a6d61ded36556292f02f31841a14c20d2f279f19eaad65afb661d5cd
Removing snapshot sha256:8a10d3db42c505ee0fcfa98417bdd7e39b304f6bcc0a06bb1b220797ff2cc63c
Removing snapshot sha256:a0904247e36a7726c03c71ee48f3e64462021c88dafeb13f37fdaf613b27f11c
Removing snapshot sha256:a21e5b12dbac529ad45d976eb9ce45c881f3bedcc500fb30aba1e52aa1813418
Removing snapshot sha256:b921e6c28969094157f9b8e7244677780319637afd14450b7cb6b2fdea558a0c
Removing snapshot sha256:bc27ecb5769a00e309cf99ebc763c4a4b958b618d1decc96ffac5bc05f02f5b7
Removing snapshot sha256:be3ccb6627a5332e309d45ef461d09b4879dd870c7394d89323d0ebc6ca6aa8a
Removing snapshot sha256:c261f7cbbc64211ee175ee47273acdb7b1a36a4450b397a064a8f2c026490095
Removing snapshot sha256:c34d9393647eea0c9e3557ab988efaf59f61d10a2a5613b439ef0958cca5ec10
Removing snapshot sha256:c455eae3b5694b3fffecf6e48962b93e6a692d4df95a96f8706bcdc614ee1dbc
Removing snapshot sha256:ccf3c4a0fa967a41c1c83497a2ce6fa5787965859df0adb32c4ca2cf7490bc2b
Removing snapshot sha256:cf92d33f869417309692088c341cd0f223c178ea78a125f757317b22aa8f90e9
Removing snapshot sha256:d0037344cf2fb078884f1849f6a1f8cf9a33a3b6139b6a85833e5ee528e1f9a8
Removing snapshot sha256:d3b36d5b79273b1e98e7700470eaeff05a882e777124d84cebcc1505b85ecb36
Removing snapshot sha256:d65a44a37914602d12c611e5e22a50f11451d847e63015cc1c2aef92dee777a4
Removing snapshot sha256:e2dc0bae2455930f23ae570e019b7f32edc75c0f2d71cab084db837ff9051796
Removing snapshot sha256:eccbd24a99c60cd9e86ee5305dbfc4a4dc89f5ab4fb1f06c8d64797cecedef34
Removing snapshot sha256:f144bb4c7c7f0d2aa7eeffd36d934ec40db1ee167be727e326aad9fdc616f475

]]></system-out>
  </testcase>
  <testcase name="withAdditionalBrokerLicenseFileContent_statefulSetWithLicenseSecretMounted()" classname="com.hivemq.helmcharts.license.HelmAdditionalBrokerLicensesIT" time="98.968">
    <system-out><![CDATA[2025-01-29 18:40:45,298 INFO c.h.h.t.HelmChartContainer - Creating namespace 'helmadditionalbrokerlicensesit-operator'...
2025-01-29 18:40:45,303 INFO c.h.h.t.HelmChartContainer - Namespace 'helmadditionalbrokerlicensesit-operator' created
2025-01-29 18:40:45,303 INFO c.h.h.t.HelmChartContainer - Creating namespace 'helmadditionalbrokerlicensesit'...
2025-01-29 18:40:45,309 INFO c.h.h.t.HelmChartContainer - Namespace 'helmadditionalbrokerlicensesit' created
2025-01-29 18:40:45,373 DEBUG c.h.h.t.HelmChartContainer - Executing helm command: /bin/helm --kubeconfig /etc/rancher/k3s/k3s.yaml install test-hivemq-platform-operator /charts/hivemq-platform-operator --wait --timeout 5m0s --set image.repository=docker.io/hivemq --set image.name=hivemq-platform-operator-test --set image.initImageName=hivemq-platform-operator-init-test --set image.tag=snapshot --set image.pullPolicy=Never --set logLevel=DEBUG --set resources.cpu=512m --namespace helmadditionalbrokerlicensesit-operator
2025-01-29 18:40:45,701 INFO c.h.h.t.HelmChartContainer - [K3S] [alloc.go:330] "allocated clusterIPs" service="helmadditionalbrokerlicensesit-operator/hivemq-platform-operator-test-hivemq-platform-operator" clusterIPs={"IPv4":"10.43.135.74"}
2025-01-29 18:40:45,721 INFO c.h.h.t.HelmChartContainer - [EVENT] Normal [ScalingReplicaSet] Scaled up replica set hivemq-test-hivemq-platform-operator-6966f96d65 from 0 to 1 [helmadditionalbrokerlicensesit-operator:hivemq-test-hivemq-platform-operator]
2025-01-29 18:40:45,728 INFO c.h.h.t.HelmChartContainer - [POD] hivemq-test-hivemq-platform-operator-6966f96d65-4ldmz [af61637f-b8fc-4e10-b83e-fdaa8f4d1cb6] in helmadditionalbrokerlicensesit-operator was ADDED
2025-01-29 18:40:45,738 INFO c.h.h.t.HelmChartContainer - [EVENT] Normal [SuccessfulCreate] Created pod: hivemq-test-hivemq-platform-operator-6966f96d65-4ldmz [helmadditionalbrokerlicensesit-operator:hivemq-test-hivemq-platform-operator-6966f96d65]
2025-01-29 18:40:45,738 INFO c.h.h.t.HelmChartContainer - [K3S] [memory_manager.go:355] "RemoveStaleState removing state" podUID="dfade23a-e7fb-4d10-bd49-b4c9e5ca026a" containerName="hivemq"
2025-01-29 18:40:45,738 INFO c.h.h.t.HelmChartContainer - [K3S] [memory_manager.go:355] "RemoveStaleState removing state" podUID="8fc6e4e0-d4cb-40b3-8609-b4a33413f31b" containerName="hivemq-platform-operator"
2025-01-29 18:40:45,738 INFO c.h.h.t.HelmChartContainer - [K3S] [replica_set.go:679] "Finished syncing" kind="ReplicaSet" key="helmadditionalbrokerlicensesit-operator/hivemq-test-hivemq-platform-operator-6966f96d65" duration="23.304833ms"
2025-01-29 18:40:45,742 INFO c.h.h.t.HelmChartContainer - [POD] hivemq-test-hivemq-platform-operator-6966f96d65-4ldmz [af61637f-b8fc-4e10-b83e-fdaa8f4d1cb6] in helmadditionalbrokerlicensesit-operator was MODIFIED
2025-01-29 18:40:45,744 INFO c.h.h.t.HelmChartContainer - [EVENT] Normal [Scheduled] Successfully assigned helmadditionalbrokerlicensesit-operator/hivemq-test-hivemq-platform-operator-6966f96d65-4ldmz to 7f5f25f78dbe [helmadditionalbrokerlicensesit-operator:hivemq-test-hivemq-platform-operator-6966f96d65-4ldmz]
2025-01-29 18:40:45,748 INFO c.h.h.t.HelmChartContainer - [K3S] [replica_set.go:679] "Finished syncing" kind="ReplicaSet" key="helmadditionalbrokerlicensesit-operator/hivemq-test-hivemq-platform-operator-6966f96d65" duration="9.493313ms"
2025-01-29 18:40:45,748 INFO c.h.h.t.HelmChartContainer - [K3S] [replica_set.go:679] "Finished syncing" kind="ReplicaSet" key="helmadditionalbrokerlicensesit-operator/hivemq-test-hivemq-platform-operator-6966f96d65" duration="37.6µs"
2025-01-29 18:40:45,752 INFO c.h.h.t.HelmChartContainer - [K3S] [replica_set.go:679] "Finished syncing" kind="ReplicaSet" key="helmadditionalbrokerlicensesit-operator/hivemq-test-hivemq-platform-operator-6966f96d65" duration="39.253µs"
2025-01-29 18:40:45,753 INFO c.h.h.t.HelmChartContainer - [POD] hivemq-test-hivemq-platform-operator-6966f96d65-4ldmz [af61637f-b8fc-4e10-b83e-fdaa8f4d1cb6] in helmadditionalbrokerlicensesit-operator was MODIFIED
2025-01-29 18:40:45,902 INFO c.h.h.t.HelmChartContainer - [K3S] [reconciler_common.go:251] "operationExecutor.VerifyControllerAttachedVolume started for volume \"kube-api-access-4nb8c\" (UniqueName: \"kubernetes.io/projected/af61637f-b8fc-4e10-b83e-fdaa8f4d1cb6-kube-api-access-4nb8c\") pod \"hivemq-test-hivemq-platform-operator-6966f96d65-4ldmz\" (UID: \"af61637f-b8fc-4e10-b83e-fdaa8f4d1cb6\") " pod="helmadditionalbrokerlicensesit-operator/hivemq-test-hivemq-platform-operator-6966f96d65-4ldmz"
2025-01-29 18:40:46,133 INFO c.h.h.t.HelmChartContainer - [EVENT] Normal [Pulled] Container image "docker.io/hivemq/hivemq-platform-operator-test:snapshot" already present on machine [helmadditionalbrokerlicensesit-operator:hivemq-test-hivemq-platform-operator-6966f96d65-4ldmz]
2025-01-29 18:40:46,133 INFO c.h.h.t.HelmChartContainer - Received Pulled event for container hivemq-platform-operator in pod hivemq-test-hivemq-platform-operator-6966f96d65-4ldmz [af61637f-b8fc-4e10-b83e-fdaa8f4d1cb6]
2025-01-29 18:40:47,385 INFO c.h.h.t.HelmChartContainer - [EVENT] Normal [Created] Created container: hivemq-platform-operator [helmadditionalbrokerlicensesit-operator:hivemq-test-hivemq-platform-operator-6966f96d65-4ldmz]
2025-01-29 18:40:47,385 INFO c.h.h.t.HelmChartContainer - Received Created event for container hivemq-platform-operator in pod hivemq-test-hivemq-platform-operator-6966f96d65-4ldmz [af61637f-b8fc-4e10-b83e-fdaa8f4d1cb6]
2025-01-29 18:40:47,518 INFO c.h.h.t.HelmChartContainer - [K3S] [replica_set.go:679] "Finished syncing" kind="ReplicaSet" key="helmadditionalbrokerlicensesit-operator/hivemq-test-hivemq-platform-operator-6966f96d65" duration="42.64µs"
2025-01-29 18:40:47,521 INFO c.h.h.t.HelmChartContainer - [POD] hivemq-test-hivemq-platform-operator-6966f96d65-4ldmz [af61637f-b8fc-4e10-b83e-fdaa8f4d1cb6] in helmadditionalbrokerlicensesit-operator was MODIFIED
2025-01-29 18:40:47,531 INFO c.h.h.t.HelmChartContainer - [EVENT] Normal [Started] Started container hivemq-platform-operator [helmadditionalbrokerlicensesit-operator:hivemq-test-hivemq-platform-operator-6966f96d65-4ldmz]
2025-01-29 18:40:47,531 INFO c.h.h.t.HelmChartContainer - Started log watcher for hivemq-platform-operator in pod hivemq-test-hivemq-platform-operator-6966f96d65-4ldmz [af61637f-b8fc-4e10-b83e-fdaa8f4d1cb6]
2025-01-29 18:40:47,531 INFO c.h.h.t.HelmChartContainer - Received Started event for container hivemq-platform-operator in pod hivemq-test-hivemq-platform-operator-6966f96d65-4ldmz [af61637f-b8fc-4e10-b83e-fdaa8f4d1cb6]
2025-01-29 18:40:47,531 INFO c.h.h.t.HelmChartContainer - [hivemq-test-hivemq-platform] [hivemq-platform-operator] [af61637f] -------------------------------------------------------------------------
2025-01-29 18:40:47,531 INFO c.h.h.t.HelmChartContainer - [hivemq-test-hivemq-platform] [hivemq-platform-operator] [af61637f] 
2025-01-29 18:40:47,531 INFO c.h.h.t.HelmChartContainer - [hivemq-test-hivemq-platform] [hivemq-platform-operator] [af61637f]                   _    _  _              __  __   ____
2025-01-29 18:40:47,531 INFO c.h.h.t.HelmChartContainer - [hivemq-test-hivemq-platform] [hivemq-platform-operator] [af61637f]                  | |  | |(_)            |  \/  | / __ \
2025-01-29 18:40:47,531 INFO c.h.h.t.HelmChartContainer - [hivemq-test-hivemq-platform] [hivemq-platform-operator] [af61637f]                  | |__| | _ __   __ ___ | \  / || |  | |
2025-01-29 18:40:47,531 INFO c.h.h.t.HelmChartContainer - [hivemq-test-hivemq-platform] [hivemq-platform-operator] [af61637f]                  |  __  || |\ \ / // _ \| |\/| || |  | |
2025-01-29 18:40:47,532 INFO c.h.h.t.HelmChartContainer - [hivemq-test-hivemq-platform] [hivemq-platform-operator] [af61637f]                  | |  | || | \ V /|  __/| |  | || |__| |
2025-01-29 18:40:47,532 INFO c.h.h.t.HelmChartContainer - [hivemq-test-hivemq-platform] [hivemq-platform-operator] [af61637f]                  |_|  |_||_|  \_/  \___||_|  |_| \___\_\
2025-01-29 18:40:47,532 INFO c.h.h.t.HelmChartContainer - [hivemq-test-hivemq-platform] [hivemq-platform-operator] [af61637f] 
2025-01-29 18:40:47,532 INFO c.h.h.t.HelmChartContainer - [hivemq-test-hivemq-platform] [hivemq-platform-operator] [af61637f] -------------------------------------------------------------------------
2025-01-29 18:40:47,532 INFO c.h.h.t.HelmChartContainer - [hivemq-test-hivemq-platform] [hivemq-platform-operator] [af61637f] 
2025-01-29 18:40:47,532 INFO c.h.h.t.HelmChartContainer - [hivemq-test-hivemq-platform] [hivemq-platform-operator] [af61637f]   HiveMQ Platform Operator Start Script v1.0
2025-01-29 18:40:47,532 INFO c.h.h.t.HelmChartContainer - [hivemq-test-hivemq-platform] [hivemq-platform-operator] [af61637f] 
2025-01-29 18:40:47,532 INFO c.h.h.t.HelmChartContainer - [hivemq-test-hivemq-platform] [hivemq-platform-operator] [af61637f] -------------------------------------------------------------------------
2025-01-29 18:40:47,532 INFO c.h.h.t.HelmChartContainer - [hivemq-test-hivemq-platform] [hivemq-platform-operator] [af61637f] 
2025-01-29 18:40:47,532 INFO c.h.h.t.HelmChartContainer - [hivemq-test-hivemq-platform] [hivemq-platform-operator] [af61637f]   JAVA_OPTS: -XX:+UnlockExperimentalVMOptions -XX:InitialRAMPercentage=75 -XX:MaxRAMPercentage=75 -Duser.language=en -Duser.region=US
2025-01-29 18:40:47,532 INFO c.h.h.t.HelmChartContainer - [hivemq-test-hivemq-platform] [hivemq-platform-operator] [af61637f] 
2025-01-29 18:40:47,532 INFO c.h.h.t.HelmChartContainer - [hivemq-test-hivemq-platform] [hivemq-platform-operator] [af61637f]   JAVA_VERSION: 21
2025-01-29 18:40:47,532 INFO c.h.h.t.HelmChartContainer - [hivemq-test-hivemq-platform] [hivemq-platform-operator] [af61637f] 
2025-01-29 18:40:47,532 INFO c.h.h.t.HelmChartContainer - [hivemq-test-hivemq-platform] [hivemq-platform-operator] [af61637f] -------------------------------------------------------------------------
2025-01-29 18:40:47,532 INFO c.h.h.t.HelmChartContainer - [hivemq-test-hivemq-platform] [hivemq-platform-operator] [af61637f] 
2025-01-29 18:40:50,705 INFO c.h.h.t.HelmChartContainer - [hivemq-test-hivemq-platform] [hivemq-platform-operator] [af61637f] 18:40:50.702 [main] DEBUG org.jboss.logging - Logging Provider: org.jboss.logging.Slf4jLoggerProvider
2025-01-29 18:40:50,803 INFO c.h.h.t.HelmChartContainer - [hivemq-test-hivemq-platform] [hivemq-platform-operator] [af61637f] 18:40:50.802 [main] DEBUG io.smallrye.config - SRCFG01006: Loaded ConfigSource SysPropConfigSource with ordinal 400
2025-01-29 18:40:50,804 INFO c.h.h.t.HelmChartContainer - [hivemq-test-hivemq-platform] [hivemq-platform-operator] [af61637f] 18:40:50.803 [main] DEBUG io.smallrye.config - SRCFG01006: Loaded ConfigSource EnvConfigSource with ordinal 300
2025-01-29 18:40:50,804 INFO c.h.h.t.HelmChartContainer - [hivemq-test-hivemq-platform] [hivemq-platform-operator] [af61637f] 18:40:50.803 [main] DEBUG io.smallrye.config - SRCFG01006: Loaded ConfigSource PropertiesConfigSource[source=jar:file:///opt/hivemq-platform-operator/bin/hivemq-platform-operator.jar!/hivemq-platform-operator.properties] with ordinal 100
2025-01-29 18:40:50,804 INFO c.h.h.t.HelmChartContainer - [hivemq-test-hivemq-platform] [hivemq-platform-operator] [af61637f] 18:40:50.803 [main] DEBUG io.smallrye.config - SRCFG01006: Loaded ConfigSource DefaultValuesConfigSource with ordinal -2147483648
2025-01-29 18:40:50,914 INFO c.h.h.t.HelmChartContainer - [hivemq-test-hivemq-platform] [hivemq-platform-operator] [af61637f] 18:40:50.912 [main] DEBUG i.m.c.u.i.l.InternalLoggerFactory - Using SLF4J as the default logging framework
2025-01-29 18:40:51,098 INFO c.h.h.t.HelmChartContainer - [hivemq-test-hivemq-platform] [hivemq-platform-operator] [af61637f] 18:40:51.056 [main] INFO  c.h.p.o.HiveMQPlatformOperatorApplication - HiveMQ Platform Operator 1.7.0-SNAPSHOT (commit: b1b9591 on branch: HEAD) built on Wed Jan 29 18:32:18 UTC 2025
2025-01-29 18:40:51,098 INFO c.h.h.t.HelmChartContainer - [hivemq-test-hivemq-platform] [hivemq-platform-operator] [af61637f] 18:40:51.097 [main] INFO  c.h.p.o.HiveMQPlatformOperatorApplication - HiveMQ Platform Operator is running in namespace: helmadditionalbrokerlicensesit-operator
2025-01-29 18:40:51,098 INFO c.h.h.t.HelmChartContainer - [hivemq-test-hivemq-platform] [hivemq-platform-operator] [af61637f] 18:40:51.097 [main] INFO  c.h.p.o.HiveMQPlatformOperatorApplication - Watching all namespaces
2025-01-29 18:40:51,099 INFO c.h.h.t.HelmChartContainer - [hivemq-test-hivemq-platform] [hivemq-platform-operator] [af61637f] 18:40:51.097 [main] INFO  c.h.p.o.HiveMQPlatformOperatorApplication - Log level: DEBUG
2025-01-29 18:40:51,099 INFO c.h.h.t.HelmChartContainer - [hivemq-test-hivemq-platform] [hivemq-platform-operator] [af61637f] 18:40:51.097 [main] INFO  c.h.p.o.HiveMQPlatformOperatorApplication - Release name: test-hivemq-platform-operator
2025-01-29 18:40:51,099 INFO c.h.h.t.HelmChartContainer - [hivemq-test-hivemq-platform] [hivemq-platform-operator] [af61637f] 18:40:51.097 [main] INFO  c.h.p.o.HiveMQPlatformOperatorApplication - HiveMQ Platform Operator Init image: docker.io/hivemq/hivemq-platform-operator-init-test:snapshot
2025-01-29 18:40:51,099 INFO c.h.h.t.HelmChartContainer - [hivemq-test-hivemq-platform] [hivemq-platform-operator] [af61637f] 18:40:51.097 [main] INFO  c.h.p.o.HiveMQPlatformOperatorApplication - HiveMQ Platform Operator Init App update URL: http://hivemq-platform-operator-test-hivemq-platform-operator.helmadditionalbrokerlicensesit-operator.svc:8080/initAppUpdate/hivemq-platform-operator-init-app-1.7.0-SNAPSHOT.jar
2025-01-29 18:40:51,099 INFO c.h.h.t.HelmChartContainer - [hivemq-test-hivemq-platform] [hivemq-platform-operator] [af61637f] 18:40:51.098 [main] INFO  c.h.p.o.HiveMQPlatformOperatorApplication - Additional imagePullSecret for all Platform deployments: none
2025-01-29 18:40:51,099 INFO c.h.h.t.HelmChartContainer - [hivemq-test-hivemq-platform] [hivemq-platform-operator] [af61637f] 18:40:51.098 [main] INFO  c.h.p.o.HiveMQPlatformOperatorApplication - Apply HiveMQ Platform CRD: true
2025-01-29 18:40:51,099 INFO c.h.h.t.HelmChartContainer - [hivemq-test-hivemq-platform] [hivemq-platform-operator] [af61637f] 18:40:51.098 [main] INFO  c.h.p.o.HiveMQPlatformOperatorApplication - Create Platform ServiceAccount: true
2025-01-29 18:40:51,100 INFO c.h.h.t.HelmChartContainer - [hivemq-test-hivemq-platform] [hivemq-platform-operator] [af61637f] 18:40:51.098 [main] INFO  c.h.p.o.HiveMQPlatformOperatorApplication - Create Platform ServiceAccount permissions: true
2025-01-29 18:40:51,100 INFO c.h.h.t.HelmChartContainer - [hivemq-test-hivemq-platform] [hivemq-platform-operator] [af61637f] 18:40:51.098 [main] INFO  c.h.p.o.HiveMQPlatformOperatorApplication - Validate Platform ServiceAccount: true
2025-01-29 18:40:51,100 INFO c.h.h.t.HelmChartContainer - [hivemq-test-hivemq-platform] [hivemq-platform-operator] [af61637f] 18:40:51.098 [main] INFO  c.h.p.o.HiveMQPlatformOperatorApplication - Validate Platform ServiceAccount permissions: true
2025-01-29 18:40:51,220 INFO c.h.h.t.HelmChartContainer - [hivemq-test-hivemq-platform] [hivemq-platform-operator] [af61637f] 18:40:51.220 [main] INFO  c.h.platform.operator.util.CRDUtil - Verifying deployed HiveMQ Platform CRD...
2025-01-29 18:40:53,596 INFO c.h.h.t.HelmChartContainer - [hivemq-test-hivemq-platform] [hivemq-platform-operator] [af61637f] 18:40:53.594 [main] DEBUG c.h.platform.operator.util.CRDUtil - HiveMQ Platform CRD version v1 is up to date
2025-01-29 18:40:53,596 INFO c.h.h.t.HelmChartContainer - [hivemq-test-hivemq-platform] [hivemq-platform-operator] [af61637f] 18:40:53.594 [main] INFO  c.h.platform.operator.util.CRDUtil - HiveMQ Platform CRD is up to date (version: V1_6_0)
2025-01-29 18:40:53,596 INFO c.h.h.t.HelmChartContainer - [hivemq-test-hivemq-platform] [hivemq-platform-operator] [af61637f] 18:40:53.594 [main] INFO  c.h.platform.operator.util.CRDUtil - Waiting 10000 ms for HiveMQ Platform CRD 'hivemq-platforms.hivemq.com' to become ready...
2025-01-29 18:40:53,896 INFO c.h.h.t.HelmChartContainer - [hivemq-test-hivemq-platform] [hivemq-platform-operator] [af61637f] 18:40:53.895 [vert.x-eventloop-thread-1] DEBUG c.h.platform.operator.util.CRDUtil - Checking CRD condition 'NamesAccepted' (status: 'True')
2025-01-29 18:40:53,898 INFO c.h.h.t.HelmChartContainer - [hivemq-test-hivemq-platform] [hivemq-platform-operator] [af61637f] 18:40:53.896 [vert.x-eventloop-thread-1] DEBUG c.h.platform.operator.util.CRDUtil - Checking CRD condition 'Established' (status: 'True')
2025-01-29 18:40:53,898 INFO c.h.h.t.HelmChartContainer - [hivemq-test-hivemq-platform] [hivemq-platform-operator] [af61637f] 18:40:53.897 [main] INFO  c.h.platform.operator.util.CRDUtil - HiveMQ Platform CRD 'hivemq-platforms.hivemq.com' is ready
2025-01-29 18:40:54,016 INFO c.h.h.t.HelmChartContainer - [hivemq-test-hivemq-platform] [hivemq-platform-operator] [af61637f] 18:40:54.015 [main] INFO  c.h.p.o.HiveMQPlatformReconciler - HiveMQ Platform Operator is starting...
2025-01-29 18:40:54,113 INFO c.h.h.t.HelmChartContainer - [hivemq-test-hivemq-platform] [hivemq-platform-operator] [af61637f] 18:40:54.112 [main] WARN  Default ConfigurationService implementation - Configuration for reconciler 'hivemq-controller' was not found. Known reconcilers: None.
2025-01-29 18:40:54,194 INFO c.h.h.t.HelmChartContainer - [hivemq-test-hivemq-platform] [hivemq-platform-operator] [af61637f] 18:40:54.193 [main] INFO  Default ConfigurationService implementation - Created configuration for reconciler com.hivemq.platform.operator.HiveMQPlatformReconciler with name hivemq-controller
2025-01-29 18:40:54,301 INFO c.h.h.t.HelmChartContainer - [hivemq-test-hivemq-platform] [hivemq-platform-operator] [af61637f] 18:40:54.300 [main] DEBUG c.h.p.o.HiveMQPlatformReconciler - HiveMQ Platform Operator is preparing EventSources
2025-01-29 18:40:54,354 INFO c.h.h.t.HelmChartContainer - [hivemq-test-hivemq-platform] [hivemq-platform-operator] [af61637f] 18:40:54.353 [main] INFO  i.javaoperatorsdk.operator.Operator - Registered reconciler: 'hivemq-controller' for resource: 'class com.hivemq.platform.operator.v1.HiveMQPlatform' for namespace(s): [all namespaces]
2025-01-29 18:40:54,903 INFO c.h.h.t.HelmChartContainer - [hivemq-test-hivemq-platform] [hivemq-platform-operator] [af61637f] 18:40:54.902 [main] INFO  c.h.p.operator.webserver.JettyServer - Starting Jetty server on port 8080
2025-01-29 18:40:55,000 INFO c.h.h.t.HelmChartContainer - [hivemq-test-hivemq-platform] [hivemq-platform-operator] [af61637f] 18:40:54.999 [main] INFO  i.javaoperatorsdk.operator.Operator - Operator SDK 4.9.7 (commit: 2133d28) built on Wed Nov 20 12:56:20 UTC 2024 starting...
2025-01-29 18:40:55,000 INFO c.h.h.t.HelmChartContainer - [hivemq-test-hivemq-platform] [hivemq-platform-operator] [af61637f] 18:40:54.999 [main] INFO  i.javaoperatorsdk.operator.Operator - Client version: 6.13.5
2025-01-29 18:40:55,001 INFO c.h.h.t.HelmChartContainer - [hivemq-test-hivemq-platform] [hivemq-platform-operator] [af61637f] 18:40:55.000 [Controller Starter for: hivemq-controller] INFO  i.j.operator.processing.Controller - Starting 'hivemq-controller' controller for reconciler: com.hivemq.platform.operator.HiveMQPlatformReconciler, resource: com.hivemq.platform.operator.v1.HiveMQPlatform
2025-01-29 18:40:57,552 INFO c.h.h.t.HelmChartContainer - [hivemq-test-hivemq-platform] [hivemq-platform-operator] [af61637f] 18:40:57.551 [Controller Starter for: hivemq-controller] INFO  i.j.operator.processing.Controller - 'hivemq-controller' controller started
2025-01-29 18:40:57,552 INFO c.h.h.t.HelmChartContainer - [hivemq-test-hivemq-platform] [hivemq-platform-operator] [af61637f] 18:40:57.551 [main] INFO  c.h.p.o.HiveMQPlatformOperatorApplication - HiveMQ Platform Operator 1.7.0-SNAPSHOT started in 6494 ms
2025-01-29 18:40:58,524 INFO c.h.h.t.HelmChartContainer - [POD] hivemq-test-hivemq-platform-operator-6966f96d65-4ldmz [af61637f-b8fc-4e10-b83e-fdaa8f4d1cb6] in helmadditionalbrokerlicensesit-operator was MODIFIED
2025-01-29 18:40:58,534 INFO c.h.h.t.HelmChartContainer - [K3S] [replica_set.go:679] "Finished syncing" kind="ReplicaSet" key="helmadditionalbrokerlicensesit-operator/hivemq-test-hivemq-platform-operator-6966f96d65" duration="13.938161ms"
2025-01-29 18:40:58,534 INFO c.h.h.t.HelmChartContainer - [K3S] [replica_set.go:679] "Finished syncing" kind="ReplicaSet" key="helmadditionalbrokerlicensesit-operator/hivemq-test-hivemq-platform-operator-6966f96d65" duration="71.063µs"
2025-01-29 18:40:59,770 INFO c.h.h.testcontainer.LogWaiterUtil - TEST Waiting for log pattern on 'test-hivemq-platform-0': .*License file broker.lic is corrupt.
2025-01-29 18:40:59,831 DEBUG c.h.h.t.HelmChartContainer - Executing helm command: /bin/helm --kubeconfig /etc/rancher/k3s/k3s.yaml install test-hivemq-platform /charts/hivemq-platform --wait --timeout 5m0s --set image.repository=docker.io/hivemq --set image.tag=4.36.0 --set image.pullPolicy=Never --set nodes.resources.cpu=512m --set nodes.replicaCount=1 --set license.create=true --set-file license.additionalLicenses.broker.overrideLicense=/files/mock-additional-license.lic --namespace helmadditionalbrokerlicensesit
2025-01-29 18:41:00,151 INFO c.h.h.t.HelmChartContainer - [hivemq-test-hivemq-platform] [hivemq-platform-operator] [af61637f] 18:41:00.110 [-2082509879-pool-1-thread-2] WARN  i.m.p.PrometheusMeterRegistry - The meter (MeterId{name='operator.sdk.events.received', tags=[tag(action=ADDED),tag(event=ResourceEvent),tag(group=hivemq.com),tag(kind=HiveMQPlatform),tag(name=test-hivemq-platform),tag(namespace=helmadditionalbrokerlicensesit),tag(scope=namespace),tag(version=v1)]}) registration has failed: Prometheus requires that all meters with the same name have the same set of tag keys. There is already an existing meter named 'operator.sdk.events.received' containing tag keys [event, group, kind, name, namespace, scope, version]. The meter you are attempting to register has keys [action, event, group, kind, name, namespace, scope, version]. Note that subsequent logs will be logged at debug level.
2025-01-29 18:41:00,558 INFO c.h.h.t.HelmChartContainer - [hivemq-test-hivemq-platform] [hivemq-platform-operator] [af61637f] 18:41:00.557 [pool-6-thread-3] DEBUG c.h.p.o.dependants.PodInfoConfigMap - [helmaddi] Desired PodInfo ConfigMap (1 extensions) (1 enabled)
2025-01-29 18:41:00,559 INFO c.h.h.t.HelmChartContainer - [hivemq-test-hivemq-platform] [hivemq-platform-operator] [af61637f] 18:41:00.558 [pool-6-thread-3] DEBUG c.h.p.o.dependants.PodInfoConfigMap - [helmaddi] Desired PodInfo ConfigMap (metrics port: 9399) (metrics path: /)
2025-01-29 18:41:00,591 INFO c.h.h.t.HelmChartContainer - [hivemq-test-hivemq-platform] [hivemq-platform-operator] [af61637f] 18:41:00.589 [pool-6-thread-3] DEBUG c.h.p.o.dependants.PodInfoConfigMap - [helmaddi] Desired PodInfo ConfigMap (extension state hash: -1817474005)
2025-01-29 18:41:00,593 INFO c.h.h.t.HelmChartContainer - [hivemq-test-hivemq-platform] [hivemq-platform-operator] [af61637f] 18:41:00.591 [pool-6-thread-3] DEBUG c.h.p.o.dependants.PodInfoConfigMap - [helmaddi] Create PodInfo ConfigMap
2025-01-29 18:41:00,755 INFO c.h.h.t.HelmChartContainer - [hivemq-test-hivemq-platform] [hivemq-platform-operator] [af61637f] 18:41:00.750 [pool-6-thread-5] DEBUG c.h.p.o.dependants.PodRoleResource - [helmaddi] Create Role: Role(apiVersion=rbac.authorization.k8s.io/v1, kind=Role, metadata=ObjectMeta(annotations={meta.helm.sh/release-name=test-hivemq-platform, meta.helm.sh/release-namespace=helmadditionalbrokerlicensesit}, creationTimestamp=null, deletionGracePeriodSeconds=null, deletionTimestamp=null, finalizers=[], generateName=null, generation=null, labels={helm.sh/chart=hivemq-platform-0.2.32, app.kubernetes.io/managed-by=Helm, app.kubernetes.io/name=hivemq-platform, hivemq-platform=test-hivemq-platform, app.kubernetes.io/instance=test-hivemq-platform, app.kubernetes.io/version=4.36.0}, managedFields=[], name=hivemq-platform-role-test-hivemq-platform, namespace=helmadditionalbrokerlicensesit, ownerReferences=[OwnerReference(apiVersion=hivemq.com/v1, blockOwnerDeletion=null, controller=null, kind=HiveMQPlatform, name=test-hivemq-platform, uid=f87931e2-d6f0-4e09-81d8-b07da60d4c31, additionalProperties={})], resourceVersion=null, selfLink=null, uid=null, additionalProperties={}), rules=[PolicyRule(apiGroups=[], nonResourceURLs=[], resourceNames=[], resources=[pods], verbs=[get, patch, update], additionalProperties={})], additionalProperties={})
2025-01-29 18:41:00,853 INFO c.h.h.t.HelmChartContainer - [hivemq-test-hivemq-platform] [hivemq-platform-operator] [af61637f] 18:41:00.850 [pool-6-thread-7] DEBUG c.h.p.o.d.PodServiceAccountResource - [helmaddi] Desired PodServiceAccountResource (serviceAccountName: hivemq-platform-pod-test-hivemq-platform)
2025-01-29 18:41:00,855 INFO c.h.h.t.HelmChartContainer - [hivemq-test-hivemq-platform] [hivemq-platform-operator] [af61637f] 18:41:00.851 [pool-6-thread-7] DEBUG c.h.p.o.d.PodServiceAccountResource - [helmaddi] Create ServiceAccount 'hivemq-platform-pod-test-hivemq-platform'
2025-01-29 18:41:00,958 INFO c.h.h.t.HelmChartContainer - [hivemq-test-hivemq-platform] [hivemq-platform-operator] [af61637f] 18:41:00.956 [pool-6-thread-10] DEBUG c.h.p.o.d.PodRoleBindingResource - [helmaddi] Create RoleBinding: RoleBinding(apiVersion=rbac.authorization.k8s.io/v1, kind=RoleBinding, metadata=ObjectMeta(annotations={meta.helm.sh/release-name=test-hivemq-platform, meta.helm.sh/release-namespace=helmadditionalbrokerlicensesit}, creationTimestamp=null, deletionGracePeriodSeconds=null, deletionTimestamp=null, finalizers=[], generateName=null, generation=null, labels={helm.sh/chart=hivemq-platform-0.2.32, app.kubernetes.io/managed-by=Helm, app.kubernetes.io/name=hivemq-platform, hivemq-platform=test-hivemq-platform, app.kubernetes.io/instance=test-hivemq-platform, app.kubernetes.io/version=4.36.0}, managedFields=[], name=hivemq-platform-role-binding-test-hivemq-platform, namespace=helmadditionalbrokerlicensesit, ownerReferences=[OwnerReference(apiVersion=hivemq.com/v1, blockOwnerDeletion=null, controller=null, kind=HiveMQPlatform, name=test-hivemq-platform, uid=f87931e2-d6f0-4e09-81d8-b07da60d4c31, additionalProperties={})], resourceVersion=null, selfLink=null, uid=null, additionalProperties={}), roleRef=RoleRef(apiGroup=rbac.authorization.k8s.io, kind=Role, name=hivemq-platform-role-test-hivemq-platform, additionalProperties={}), subjects=[Subject(apiGroup=null, kind=ServiceAccount, name=hivemq-platform-pod-test-hivemq-platform, namespace=helmadditionalbrokerlicensesit, additionalProperties={})], additionalProperties={})
2025-01-29 18:41:01,006 INFO c.h.h.t.HelmChartContainer - [hivemq-test-hivemq-platform] [hivemq-platform-operator] [af61637f] 18:41:01.005 [ReconcilerExecutor-hivemq-controller-53] INFO  c.h.p.o.HiveMQPlatformReconciler - [helmaddi] Reconciling HiveMQ Platform 'test-hivemq-platform' in namespace 'helmadditionalbrokerlicensesit'
2025-01-29 18:41:01,006 INFO c.h.h.t.HelmChartContainer - [hivemq-test-hivemq-platform] [hivemq-platform-operator] [af61637f] 18:41:01.005 [ReconcilerExecutor-hivemq-controller-53] DEBUG c.h.p.o.HiveMQPlatformReconciler - [helmaddi] Custom Resource Status CREATED - HiveMQ Platform was created (READY)
2025-01-29 18:41:01,006 INFO c.h.h.t.HelmChartContainer - [hivemq-test-hivemq-platform] [hivemq-platform-operator] [af61637f] 18:41:01.005 [ReconcilerExecutor-hivemq-controller-53] DEBUG c.h.p.o.HiveMQPlatformReconciler - [helmaddi] Custom Resource Spec (replicas: 1) (extensions: 1)
2025-01-29 18:41:01,054 INFO c.h.h.t.HelmChartContainer - [hivemq-test-hivemq-platform] [hivemq-platform-operator] [af61637f] 18:41:01.052 [ReconcilerExecutor-hivemq-controller-53] INFO  c.h.p.o.h.HiveMQPlatformReconcilerBaseHandler - [helmaddi] HiveMQ Platform is starting
2025-01-29 18:41:01,192 INFO c.h.h.t.HelmChartContainer - [hivemq-test-hivemq-platform] [hivemq-platform-operator] [af61637f] 18:41:01.191 [ReconcilerExecutor-hivemq-controller-53] DEBUG c.h.p.operator.event.EventSender - [helmaddi] Creating K8s event hivemq-platform-starting: [Start] HiveMQ Platform is starting
2025-01-29 18:41:01,202 INFO c.h.h.t.HelmChartContainer - [EVENT] Normal [Start] HiveMQ Platform is starting [helmadditionalbrokerlicensesit:test-hivemq-platform]
2025-01-29 18:41:01,257 INFO c.h.h.t.HelmChartContainer - [hivemq-test-hivemq-platform] [hivemq-platform-operator] [af61637f] 18:41:01.255 [ReconcilerExecutor-hivemq-controller-53] INFO  c.h.p.o.h.AbstractHiveMQReconcilerStateHandler - [helmaddi] Update HiveMQ Platform Status (CREATED [READY] -> STARTING [READY]): HiveMQ Platform is starting
2025-01-29 18:41:01,300 DEBUG com.hivemq.helmcharts.util.K8sUtil - Comparing actual state 'STARTING' and waiting for 'RUNNING'
2025-01-29 18:41:11,364 INFO c.h.h.t.HelmChartContainer - [hivemq-test-hivemq-platform] [hivemq-platform-operator] [af61637f] 18:41:11.361 [pool-6-thread-12] DEBUG c.h.p.o.d.PlatformServiceResource - [helmaddi] Desired Platform services (3 services)
2025-01-29 18:41:11,365 INFO c.h.h.t.HelmChartContainer - [hivemq-test-hivemq-platform] [hivemq-platform-operator] [af61637f] 18:41:11.362 [pool-6-thread-17] DEBUG c.h.p.o.d.PodServiceAccountResource - [helmaddi] Desired PodServiceAccountResource (serviceAccountName: hivemq-platform-pod-test-hivemq-platform)
2025-01-29 18:41:11,368 INFO c.h.h.t.HelmChartContainer - [hivemq-test-hivemq-platform] [hivemq-platform-operator] [af61637f] 18:41:11.363 [pool-6-thread-13] DEBUG c.h.p.o.dependants.PodInfoConfigMap - [helmaddi] Desired PodInfo ConfigMap (1 extensions) (1 enabled)
2025-01-29 18:41:11,369 INFO c.h.h.t.HelmChartContainer - [hivemq-test-hivemq-platform] [hivemq-platform-operator] [af61637f] 18:41:11.363 [pool-6-thread-13] DEBUG c.h.p.o.dependants.PodInfoConfigMap - [helmaddi] Desired PodInfo ConfigMap (metrics port: 9399) (metrics path: /)
2025-01-29 18:41:11,369 INFO c.h.h.t.HelmChartContainer - [hivemq-test-hivemq-platform] [hivemq-platform-operator] [af61637f] 18:41:11.363 [pool-6-thread-13] DEBUG c.h.p.o.dependants.PodInfoConfigMap - [helmaddi] Desired PodInfo ConfigMap (extension state hash: -1817474005)
2025-01-29 18:41:11,373 INFO c.h.h.t.HelmChartContainer - [hivemq-test-hivemq-platform] [hivemq-platform-operator] [af61637f] 18:41:11.370 [pool-6-thread-13] DEBUG c.h.p.o.dependants.PodInfoConfigMap - [helmaddi] Update PodInfo ConfigMap
2025-01-29 18:41:11,376 INFO c.h.h.t.HelmChartContainer - [K3S] [alloc.go:330] "allocated clusterIPs" service="helmadditionalbrokerlicensesit/hivemq-test-hivemq-platform-mqtt-1883" clusterIPs={"IPv4":"10.43.200.201"}
2025-01-29 18:41:11,464 INFO c.h.h.t.HelmChartContainer - [K3S] [alloc.go:330] "allocated clusterIPs" service="helmadditionalbrokerlicensesit/hivemq-test-hivemq-platform-cc-8080" clusterIPs={"IPv4":"10.43.23.74"}
2025-01-29 18:41:11,480 INFO c.h.h.t.HelmChartContainer - [K3S] [alloc.go:330] "allocated clusterIPs" service="helmadditionalbrokerlicensesit/hivemq-test-hivemq-platform-metrics-9399" clusterIPs={"IPv4":"10.43.154.198"}
2025-01-29 18:41:11,553 INFO c.h.h.t.HelmChartContainer - [hivemq-test-hivemq-platform] [hivemq-platform-operator] [af61637f] 18:41:11.552 [pool-6-thread-20] DEBUG c.h.p.o.d.StatefulSetResource - [helmaddi] Desired StatefulSet (1 replicas) for status STARTING (READY)
2025-01-29 18:41:11,565 INFO c.h.h.t.HelmChartContainer - [hivemq-test-hivemq-platform] [hivemq-platform-operator] [af61637f] 18:41:11.564 [pool-6-thread-20] DEBUG c.h.p.o.d.StatefulSetResource - [helmaddi] Create StatefulSet
2025-01-29 18:41:11,662 INFO c.h.h.t.HelmChartContainer - [hivemq-test-hivemq-platform] [hivemq-platform-operator] [af61637f] 18:41:11.660 [ReconcilerExecutor-hivemq-controller-64] INFO  c.h.p.o.HiveMQPlatformReconciler - [helmaddi] Reconciling HiveMQ Platform 'test-hivemq-platform' in namespace 'helmadditionalbrokerlicensesit'
2025-01-29 18:41:11,662 INFO c.h.h.t.HelmChartContainer - [hivemq-test-hivemq-platform] [hivemq-platform-operator] [af61637f] 18:41:11.660 [ReconcilerExecutor-hivemq-controller-64] DEBUG c.h.p.o.HiveMQPlatformReconciler - [helmaddi] Custom Resource Status STARTING - HiveMQ Platform is starting (READY)
2025-01-29 18:41:11,662 INFO c.h.h.t.HelmChartContainer - [hivemq-test-hivemq-platform] [hivemq-platform-operator] [af61637f] 18:41:11.660 [ReconcilerExecutor-hivemq-controller-64] DEBUG c.h.p.o.HiveMQPlatformReconciler - [helmaddi] Custom Resource Spec (replicas: 1) (extensions: 1)
2025-01-29 18:41:11,665 INFO c.h.h.t.HelmChartContainer - [hivemq-test-hivemq-platform] [hivemq-platform-operator] [af61637f] 18:41:11.663 [ReconcilerExecutor-hivemq-controller-64] DEBUG c.h.p.o.HiveMQPlatformReconciler - [helmaddi] StatefulSet Status (revision: null, replicas: 0, available: 0, ready: 0, current: 0, updated: 0)
2025-01-29 18:41:11,665 INFO c.h.h.t.HelmChartContainer - [hivemq-test-hivemq-platform] [hivemq-platform-operator] [af61637f] 18:41:11.663 [ReconcilerExecutor-hivemq-controller-64] DEBUG c.h.p.o.HiveMQPlatformReconciler - [helmaddi] StatefulSet Spec (replicas: 1, init containers: 1, containers: 1, volumes: 4)
2025-01-29 18:41:11,668 INFO c.h.h.t.HelmChartContainer - [hivemq-test-hivemq-platform] [hivemq-platform-operator] [af61637f] 18:41:11.667 [ReconcilerExecutor-hivemq-controller-64] INFO  c.h.p.o.h.HiveMQPlatformReconcilerBaseHandler - [helmaddi] HiveMQ Platform is starting, 0 of 1 replicas are ready
2025-01-29 18:41:11,675 INFO c.h.h.t.HelmChartContainer - [POD] test-hivemq-platform-0 [ba29d04a-3e53-4f3c-ae96-4e1b7655b9d4] in helmadditionalbrokerlicensesit was ADDED
2025-01-29 18:41:11,675 INFO c.h.h.t.HelmChartContainer - [EVENT] Normal [SuccessfulCreate] create Pod test-hivemq-platform-0 in StatefulSet test-hivemq-platform successful [helmadditionalbrokerlicensesit:test-hivemq-platform]
2025-01-29 18:41:11,680 INFO c.h.h.t.HelmChartContainer - [POD] test-hivemq-platform-0 [ba29d04a-3e53-4f3c-ae96-4e1b7655b9d4] in helmadditionalbrokerlicensesit was MODIFIED
2025-01-29 18:41:11,682 INFO c.h.h.t.HelmChartContainer - [EVENT] Normal [Scheduled] Successfully assigned helmadditionalbrokerlicensesit/test-hivemq-platform-0 to 7f5f25f78dbe [helmadditionalbrokerlicensesit:test-hivemq-platform-0]
2025-01-29 18:41:11,691 INFO c.h.h.t.HelmChartContainer - [POD] test-hivemq-platform-0 [ba29d04a-3e53-4f3c-ae96-4e1b7655b9d4] in helmadditionalbrokerlicensesit was MODIFIED
2025-01-29 18:41:11,753 INFO c.h.h.t.HelmChartContainer - [K3S] [reconciler_common.go:251] "operationExecutor.VerifyControllerAttachedVolume started for volume \"kube-api-access-mrf6g\" (UniqueName: \"kubernetes.io/projected/ba29d04a-3e53-4f3c-ae96-4e1b7655b9d4-kube-api-access-mrf6g\") pod \"test-hivemq-platform-0\" (UID: \"ba29d04a-3e53-4f3c-ae96-4e1b7655b9d4\") " pod="helmadditionalbrokerlicensesit/test-hivemq-platform-0"
2025-01-29 18:41:11,753 INFO c.h.h.t.HelmChartContainer - [K3S] [reconciler_common.go:251] "operationExecutor.VerifyControllerAttachedVolume started for volume \"broker-configuration\" (UniqueName: \"kubernetes.io/configmap/ba29d04a-3e53-4f3c-ae96-4e1b7655b9d4-broker-configuration\") pod \"test-hivemq-platform-0\" (UID: \"ba29d04a-3e53-4f3c-ae96-4e1b7655b9d4\") " pod="helmadditionalbrokerlicensesit/test-hivemq-platform-0"
2025-01-29 18:41:11,753 INFO c.h.h.t.HelmChartContainer - [K3S] [reconciler_common.go:251] "operationExecutor.VerifyControllerAttachedVolume started for volume \"licenses\" (UniqueName: \"kubernetes.io/secret/ba29d04a-3e53-4f3c-ae96-4e1b7655b9d4-licenses\") pod \"test-hivemq-platform-0\" (UID: \"ba29d04a-3e53-4f3c-ae96-4e1b7655b9d4\") " pod="helmadditionalbrokerlicensesit/test-hivemq-platform-0"
2025-01-29 18:41:11,753 INFO c.h.h.t.HelmChartContainer - [K3S] [reconciler_common.go:251] "operationExecutor.VerifyControllerAttachedVolume started for volume \"operator-init\" (UniqueName: \"kubernetes.io/empty-dir/ba29d04a-3e53-4f3c-ae96-4e1b7655b9d4-operator-init\") pod \"test-hivemq-platform-0\" (UID: \"ba29d04a-3e53-4f3c-ae96-4e1b7655b9d4\") " pod="helmadditionalbrokerlicensesit/test-hivemq-platform-0"
2025-01-29 18:41:11,753 INFO c.h.h.t.HelmChartContainer - [K3S] [reconciler_common.go:251] "operationExecutor.VerifyControllerAttachedVolume started for volume \"pod-info\" (UniqueName: \"kubernetes.io/configmap/ba29d04a-3e53-4f3c-ae96-4e1b7655b9d4-pod-info\") pod \"test-hivemq-platform-0\" (UID: \"ba29d04a-3e53-4f3c-ae96-4e1b7655b9d4\") " pod="helmadditionalbrokerlicensesit/test-hivemq-platform-0"
2025-01-29 18:41:11,754 INFO c.h.h.t.HelmChartContainer - [hivemq-test-hivemq-platform] [hivemq-platform-operator] [af61637f] 18:41:11.752 [pool-6-thread-22] DEBUG c.h.p.o.d.PlatformServiceResource - [helmaddi] Desired Platform services (3 services)
2025-01-29 18:41:11,758 INFO c.h.h.t.HelmChartContainer - [hivemq-test-hivemq-platform] [hivemq-platform-operator] [af61637f] 18:41:11.755 [pool-6-thread-23] DEBUG c.h.p.o.dependants.PodInfoConfigMap - [helmaddi] Desired PodInfo ConfigMap (1 extensions) (1 enabled)
2025-01-29 18:41:11,758 INFO c.h.h.t.HelmChartContainer - [hivemq-test-hivemq-platform] [hivemq-platform-operator] [af61637f] 18:41:11.755 [pool-6-thread-23] DEBUG c.h.p.o.dependants.PodInfoConfigMap - [helmaddi] Desired PodInfo ConfigMap (metrics port: 9399) (metrics path: /)
2025-01-29 18:41:11,759 INFO c.h.h.t.HelmChartContainer - [hivemq-test-hivemq-platform] [hivemq-platform-operator] [af61637f] 18:41:11.755 [pool-6-thread-23] DEBUG c.h.p.o.dependants.PodInfoConfigMap - [helmaddi] Desired PodInfo ConfigMap (extension state hash: -1817474005)
2025-01-29 18:41:11,767 INFO c.h.h.t.HelmChartContainer - [hivemq-test-hivemq-platform] [hivemq-platform-operator] [af61637f] 18:41:11.766 [pool-6-thread-27] DEBUG c.h.p.o.d.PodServiceAccountResource - [helmaddi] Desired PodServiceAccountResource (serviceAccountName: hivemq-platform-pod-test-hivemq-platform)
2025-01-29 18:41:11,860 INFO c.h.h.t.HelmChartContainer - [hivemq-test-hivemq-platform] [hivemq-platform-operator] [af61637f] 18:41:11.858 [pool-6-thread-30] DEBUG c.h.p.o.d.StatefulSetResource - [helmaddi] Desired StatefulSet (1 replicas) for status STARTING (READY)
2025-01-29 18:41:11,867 INFO c.h.h.t.HelmChartContainer - [hivemq-test-hivemq-platform] [hivemq-platform-operator] [af61637f] 18:41:11.866 [ReconcilerExecutor-hivemq-controller-75] INFO  c.h.p.o.HiveMQPlatformReconciler - [helmaddi] Reconciling HiveMQ Platform 'test-hivemq-platform' in namespace 'helmadditionalbrokerlicensesit'
2025-01-29 18:41:11,867 INFO c.h.h.t.HelmChartContainer - [hivemq-test-hivemq-platform] [hivemq-platform-operator] [af61637f] 18:41:11.866 [ReconcilerExecutor-hivemq-controller-75] DEBUG c.h.p.o.HiveMQPlatformReconciler - [helmaddi] Custom Resource Status STARTING - HiveMQ Platform is starting (READY)
2025-01-29 18:41:11,868 INFO c.h.h.t.HelmChartContainer - [hivemq-test-hivemq-platform] [hivemq-platform-operator] [af61637f] 18:41:11.866 [ReconcilerExecutor-hivemq-controller-75] DEBUG c.h.p.o.HiveMQPlatformReconciler - [helmaddi] Custom Resource Spec (replicas: 1) (extensions: 1)
2025-01-29 18:41:11,870 INFO c.h.h.t.HelmChartContainer - [hivemq-test-hivemq-platform] [hivemq-platform-operator] [af61637f] 18:41:11.869 [ReconcilerExecutor-hivemq-controller-75] DEBUG c.h.p.o.HiveMQPlatformReconciler - [helmaddi] StatefulSet Status (revision: test-hivemq-platform-74bd755ffb, replicas: 1, available: 0, ready: 0, current: 1, updated: 1)
2025-01-29 18:41:11,870 INFO c.h.h.t.HelmChartContainer - [hivemq-test-hivemq-platform] [hivemq-platform-operator] [af61637f] 18:41:11.869 [ReconcilerExecutor-hivemq-controller-75] DEBUG c.h.p.o.HiveMQPlatformReconciler - [helmaddi] StatefulSet Spec (replicas: 1, init containers: 1, containers: 1, volumes: 4)
2025-01-29 18:41:11,961 INFO c.h.h.t.HelmChartContainer - [hivemq-test-hivemq-platform] [hivemq-platform-operator] [af61637f] 18:41:11.960 [ReconcilerExecutor-hivemq-controller-75] DEBUG c.h.p.o.h.HiveMQPlatformReconcilerErrorHandler - [helmaddi] Pod 'test-hivemq-platform-0' phase Pending
2025-01-29 18:41:11,963 INFO c.h.h.t.HelmChartContainer - [hivemq-test-hivemq-platform] [hivemq-platform-operator] [af61637f] 18:41:11.960 [ReconcilerExecutor-hivemq-controller-75] DEBUG c.h.p.o.h.HiveMQPlatformReconcilerErrorHandler - [helmaddi] Pod 'test-hivemq-platform-0' condition 'PodReadyToStartContainers': False
2025-01-29 18:41:11,963 INFO c.h.h.t.HelmChartContainer - [hivemq-test-hivemq-platform] [hivemq-platform-operator] [af61637f] 18:41:11.961 [ReconcilerExecutor-hivemq-controller-75] DEBUG c.h.p.o.h.HiveMQPlatformReconcilerErrorHandler - [helmaddi] Pod 'test-hivemq-platform-0' condition 'Initialized': False
2025-01-29 18:41:11,963 INFO c.h.h.t.HelmChartContainer - [hivemq-test-hivemq-platform] [hivemq-platform-operator] [af61637f] 18:41:11.961 [ReconcilerExecutor-hivemq-controller-75] DEBUG c.h.p.o.h.HiveMQPlatformReconcilerErrorHandler - [helmaddi] Pod 'test-hivemq-platform-0' condition 'Ready': False
2025-01-29 18:41:11,963 INFO c.h.h.t.HelmChartContainer - [hivemq-test-hivemq-platform] [hivemq-platform-operator] [af61637f] 18:41:11.961 [ReconcilerExecutor-hivemq-controller-75] DEBUG c.h.p.o.h.HiveMQPlatformReconcilerErrorHandler - [helmaddi] Pod 'test-hivemq-platform-0' condition 'ContainersReady': False
2025-01-29 18:41:11,964 INFO c.h.h.t.HelmChartContainer - [hivemq-test-hivemq-platform] [hivemq-platform-operator] [af61637f] 18:41:11.961 [ReconcilerExecutor-hivemq-controller-75] DEBUG c.h.p.o.h.HiveMQPlatformReconcilerErrorHandler - [helmaddi] Pod 'test-hivemq-platform-0' condition 'PodScheduled': True
2025-01-29 18:41:11,964 INFO c.h.h.t.HelmChartContainer - [hivemq-test-hivemq-platform] [hivemq-platform-operator] [af61637f] 18:41:11.961 [ReconcilerExecutor-hivemq-controller-75] DEBUG c.h.p.o.h.HiveMQPlatformReconcilerErrorHandler - [helmaddi] Pod 'test-hivemq-platform-0' containerStatus 'hivemq' (started: false) (ready: false) (waiting: [PodInitializing] null)
2025-01-29 18:41:11,966 INFO c.h.h.t.HelmChartContainer - [hivemq-test-hivemq-platform] [hivemq-platform-operator] [af61637f] 18:41:11.963 [ReconcilerExecutor-hivemq-controller-75] INFO  c.h.p.o.h.HiveMQPlatformReconcilerBaseHandler - [helmaddi] HiveMQ Platform is starting, 0 of 1 replicas are ready
2025-01-29 18:41:12,057 INFO c.h.h.t.HelmChartContainer - [hivemq-test-hivemq-platform] [hivemq-platform-operator] [af61637f] 18:41:12.054 [pool-6-thread-32] DEBUG c.h.p.o.d.PlatformServiceResource - [helmaddi] Desired Platform services (3 services)
2025-01-29 18:41:12,058 INFO c.h.h.t.HelmChartContainer - [hivemq-test-hivemq-platform] [hivemq-platform-operator] [af61637f] 18:41:12.055 [pool-6-thread-33] DEBUG c.h.p.o.dependants.PodInfoConfigMap - [helmaddi] Desired PodInfo ConfigMap (1 extensions) (1 enabled)
2025-01-29 18:41:12,058 INFO c.h.h.t.HelmChartContainer - [hivemq-test-hivemq-platform] [hivemq-platform-operator] [af61637f] 18:41:12.055 [pool-6-thread-33] DEBUG c.h.p.o.dependants.PodInfoConfigMap - [helmaddi] Desired PodInfo ConfigMap (metrics port: 9399) (metrics path: /)
2025-01-29 18:41:12,058 INFO c.h.h.t.HelmChartContainer - [hivemq-test-hivemq-platform] [hivemq-platform-operator] [af61637f] 18:41:12.055 [pool-6-thread-33] DEBUG c.h.p.o.dependants.PodInfoConfigMap - [helmaddi] Desired PodInfo ConfigMap (extension state hash: -1817474005)
2025-01-29 18:41:12,065 INFO c.h.h.t.HelmChartContainer - [hivemq-test-hivemq-platform] [hivemq-platform-operator] [af61637f] 18:41:12.062 [pool-6-thread-37] DEBUG c.h.p.o.d.PodServiceAccountResource - [helmaddi] Desired PodServiceAccountResource (serviceAccountName: hivemq-platform-pod-test-hivemq-platform)
2025-01-29 18:41:12,078 INFO c.h.h.t.HelmChartContainer - [EVENT] Normal [Pulled] Container image "docker.io/hivemq/hivemq-platform-operator-init-test:snapshot" already present on machine [helmadditionalbrokerlicensesit:test-hivemq-platform-0]
2025-01-29 18:41:12,154 INFO c.h.h.t.HelmChartContainer - [hivemq-test-hivemq-platform] [hivemq-platform-operator] [af61637f] 18:41:12.150 [pool-6-thread-40] DEBUG c.h.p.o.d.StatefulSetResource - [helmaddi] Desired StatefulSet (1 replicas) for status STARTING (READY)
2025-01-29 18:41:12,162 INFO c.h.h.t.HelmChartContainer - [hivemq-test-hivemq-platform] [hivemq-platform-operator] [af61637f] 18:41:12.159 [ReconcilerExecutor-hivemq-controller-86] INFO  c.h.p.o.HiveMQPlatformReconciler - [helmaddi] Reconciling HiveMQ Platform 'test-hivemq-platform' in namespace 'helmadditionalbrokerlicensesit'
2025-01-29 18:41:12,162 INFO c.h.h.t.HelmChartContainer - [hivemq-test-hivemq-platform] [hivemq-platform-operator] [af61637f] 18:41:12.159 [ReconcilerExecutor-hivemq-controller-86] DEBUG c.h.p.o.HiveMQPlatformReconciler - [helmaddi] Custom Resource Status STARTING - HiveMQ Platform is starting (READY)
2025-01-29 18:41:12,162 INFO c.h.h.t.HelmChartContainer - [hivemq-test-hivemq-platform] [hivemq-platform-operator] [af61637f] 18:41:12.159 [ReconcilerExecutor-hivemq-controller-86] DEBUG c.h.p.o.HiveMQPlatformReconciler - [helmaddi] Custom Resource Spec (replicas: 1) (extensions: 1)
2025-01-29 18:41:12,164 INFO c.h.h.t.HelmChartContainer - [hivemq-test-hivemq-platform] [hivemq-platform-operator] [af61637f] 18:41:12.162 [ReconcilerExecutor-hivemq-controller-86] DEBUG c.h.p.o.HiveMQPlatformReconciler - [helmaddi] StatefulSet Status (revision: test-hivemq-platform-74bd755ffb, replicas: 1, available: 0, ready: 0, current: 1, updated: 1)
2025-01-29 18:41:12,165 INFO c.h.h.t.HelmChartContainer - [hivemq-test-hivemq-platform] [hivemq-platform-operator] [af61637f] 18:41:12.162 [ReconcilerExecutor-hivemq-controller-86] DEBUG c.h.p.o.HiveMQPlatformReconciler - [helmaddi] StatefulSet Spec (replicas: 1, init containers: 1, containers: 1, volumes: 4)
2025-01-29 18:41:12,166 INFO c.h.h.t.HelmChartContainer - [hivemq-test-hivemq-platform] [hivemq-platform-operator] [af61637f] 18:41:12.164 [ReconcilerExecutor-hivemq-controller-86] DEBUG c.h.p.o.h.HiveMQPlatformReconcilerErrorHandler - [helmaddi] Pod 'test-hivemq-platform-0' phase Pending
2025-01-29 18:41:12,166 INFO c.h.h.t.HelmChartContainer - [hivemq-test-hivemq-platform] [hivemq-platform-operator] [af61637f] 18:41:12.164 [ReconcilerExecutor-hivemq-controller-86] DEBUG c.h.p.o.h.HiveMQPlatformReconcilerErrorHandler - [helmaddi] Pod 'test-hivemq-platform-0' condition 'PodReadyToStartContainers': False
2025-01-29 18:41:12,166 INFO c.h.h.t.HelmChartContainer - [hivemq-test-hivemq-platform] [hivemq-platform-operator] [af61637f] 18:41:12.164 [ReconcilerExecutor-hivemq-controller-86] DEBUG c.h.p.o.h.HiveMQPlatformReconcilerErrorHandler - [helmaddi] Pod 'test-hivemq-platform-0' condition 'Initialized': False
2025-01-29 18:41:12,166 INFO c.h.h.t.HelmChartContainer - [hivemq-test-hivemq-platform] [hivemq-platform-operator] [af61637f] 18:41:12.164 [ReconcilerExecutor-hivemq-controller-86] DEBUG c.h.p.o.h.HiveMQPlatformReconcilerErrorHandler - [helmaddi] Pod 'test-hivemq-platform-0' condition 'Ready': False
2025-01-29 18:41:12,166 INFO c.h.h.t.HelmChartContainer - [hivemq-test-hivemq-platform] [hivemq-platform-operator] [af61637f] 18:41:12.164 [ReconcilerExecutor-hivemq-controller-86] DEBUG c.h.p.o.h.HiveMQPlatformReconcilerErrorHandler - [helmaddi] Pod 'test-hivemq-platform-0' condition 'ContainersReady': False
2025-01-29 18:41:12,166 INFO c.h.h.t.HelmChartContainer - [hivemq-test-hivemq-platform] [hivemq-platform-operator] [af61637f] 18:41:12.164 [ReconcilerExecutor-hivemq-controller-86] DEBUG c.h.p.o.h.HiveMQPlatformReconcilerErrorHandler - [helmaddi] Pod 'test-hivemq-platform-0' condition 'PodScheduled': True
2025-01-29 18:41:12,166 INFO c.h.h.t.HelmChartContainer - [hivemq-test-hivemq-platform] [hivemq-platform-operator] [af61637f] 18:41:12.164 [ReconcilerExecutor-hivemq-controller-86] DEBUG c.h.p.o.h.HiveMQPlatformReconcilerErrorHandler - [helmaddi] Pod 'test-hivemq-platform-0' containerStatus 'hivemq' (started: false) (ready: false) (waiting: [PodInitializing] null)
2025-01-29 18:41:12,167 INFO c.h.h.t.HelmChartContainer - [hivemq-test-hivemq-platform] [hivemq-platform-operator] [af61637f] 18:41:12.165 [ReconcilerExecutor-hivemq-controller-86] INFO  c.h.p.o.h.HiveMQPlatformReconcilerBaseHandler - [helmaddi] HiveMQ Platform is starting, 0 of 1 replicas are ready
2025-01-29 18:41:12,199 INFO c.h.h.t.HelmChartContainer - [EVENT] Normal [Created] Created container: hivemq-platform-operator-init [helmadditionalbrokerlicensesit:test-hivemq-platform-0]
2025-01-29 18:41:12,237 INFO c.h.h.t.HelmChartContainer - [EVENT] Normal [Started] Started container hivemq-platform-operator-init [helmadditionalbrokerlicensesit:test-hivemq-platform-0]
2025-01-29 18:41:12,559 INFO c.h.h.t.HelmChartContainer - [POD] test-hivemq-platform-0 [ba29d04a-3e53-4f3c-ae96-4e1b7655b9d4] in helmadditionalbrokerlicensesit was MODIFIED
2025-01-29 18:41:12,565 INFO c.h.h.t.HelmChartContainer - [hivemq-test-hivemq-platform] [hivemq-platform-operator] [af61637f] 18:41:12.558 [pool-6-thread-42] DEBUG c.h.p.o.d.PlatformServiceResource - [helmaddi] Desired Platform services (3 services)
2025-01-29 18:41:12,571 INFO c.h.h.t.HelmChartContainer - [hivemq-test-hivemq-platform] [hivemq-platform-operator] [af61637f] 18:41:12.562 [pool-6-thread-43] DEBUG c.h.p.o.dependants.PodInfoConfigMap - [helmaddi] Desired PodInfo ConfigMap (1 extensions) (1 enabled)
2025-01-29 18:41:12,571 INFO c.h.h.t.HelmChartContainer - [hivemq-test-hivemq-platform] [hivemq-platform-operator] [af61637f] 18:41:12.562 [pool-6-thread-43] DEBUG c.h.p.o.dependants.PodInfoConfigMap - [helmaddi] Desired PodInfo ConfigMap (metrics port: 9399) (metrics path: /)
2025-01-29 18:41:12,571 INFO c.h.h.t.HelmChartContainer - [hivemq-test-hivemq-platform] [hivemq-platform-operator] [af61637f] 18:41:12.562 [pool-6-thread-43] DEBUG c.h.p.o.dependants.PodInfoConfigMap - [helmaddi] Desired PodInfo ConfigMap (extension state hash: -1817474005)
2025-01-29 18:41:12,577 INFO c.h.h.t.HelmChartContainer - [hivemq-test-hivemq-platform] [hivemq-platform-operator] [af61637f] 18:41:12.574 [pool-6-thread-47] DEBUG c.h.p.o.d.PodServiceAccountResource - [helmaddi] Desired PodServiceAccountResource (serviceAccountName: hivemq-platform-pod-test-hivemq-platform)
2025-01-29 18:41:12,653 INFO c.h.h.t.HelmChartContainer - [hivemq-test-hivemq-platform] [hivemq-platform-operator] [af61637f] 18:41:12.652 [pool-6-thread-49] DEBUG c.h.p.o.d.StatefulSetResource - [helmaddi] Desired StatefulSet (1 replicas) for status STARTING (READY)
2025-01-29 18:41:12,657 INFO c.h.h.t.HelmChartContainer - [hivemq-test-hivemq-platform] [hivemq-platform-operator] [af61637f] 18:41:12.656 [ReconcilerExecutor-hivemq-controller-97] INFO  c.h.p.o.HiveMQPlatformReconciler - [helmaddi] Reconciling HiveMQ Platform 'test-hivemq-platform' in namespace 'helmadditionalbrokerlicensesit'
2025-01-29 18:41:12,658 INFO c.h.h.t.HelmChartContainer - [hivemq-test-hivemq-platform] [hivemq-platform-operator] [af61637f] 18:41:12.657 [ReconcilerExecutor-hivemq-controller-97] DEBUG c.h.p.o.HiveMQPlatformReconciler - [helmaddi] Custom Resource Status STARTING - HiveMQ Platform is starting (READY)
2025-01-29 18:41:12,661 INFO c.h.h.t.HelmChartContainer - [hivemq-test-hivemq-platform] [hivemq-platform-operator] [af61637f] 18:41:12.657 [ReconcilerExecutor-hivemq-controller-97] DEBUG c.h.p.o.HiveMQPlatformReconciler - [helmaddi] Custom Resource Spec (replicas: 1) (extensions: 1)
2025-01-29 18:41:12,662 INFO c.h.h.t.HelmChartContainer - [hivemq-test-hivemq-platform] [hivemq-platform-operator] [af61637f] 18:41:12.659 [ReconcilerExecutor-hivemq-controller-97] DEBUG c.h.p.o.HiveMQPlatformReconciler - [helmaddi] StatefulSet Status (revision: test-hivemq-platform-74bd755ffb, replicas: 1, available: 0, ready: 0, current: 1, updated: 1)
2025-01-29 18:41:12,662 INFO c.h.h.t.HelmChartContainer - [hivemq-test-hivemq-platform] [hivemq-platform-operator] [af61637f] 18:41:12.659 [ReconcilerExecutor-hivemq-controller-97] DEBUG c.h.p.o.HiveMQPlatformReconciler - [helmaddi] StatefulSet Spec (replicas: 1, init containers: 1, containers: 1, volumes: 4)
2025-01-29 18:41:12,665 INFO c.h.h.t.HelmChartContainer - [hivemq-test-hivemq-platform] [hivemq-platform-operator] [af61637f] 18:41:12.663 [ReconcilerExecutor-hivemq-controller-97] DEBUG c.h.p.o.h.HiveMQPlatformReconcilerErrorHandler - [helmaddi] Pod 'test-hivemq-platform-0' phase Pending
2025-01-29 18:41:12,666 INFO c.h.h.t.HelmChartContainer - [hivemq-test-hivemq-platform] [hivemq-platform-operator] [af61637f] 18:41:12.663 [ReconcilerExecutor-hivemq-controller-97] DEBUG c.h.p.o.h.HiveMQPlatformReconcilerErrorHandler - [helmaddi] Pod 'test-hivemq-platform-0' condition 'PodReadyToStartContainers': True
2025-01-29 18:41:12,666 INFO c.h.h.t.HelmChartContainer - [hivemq-test-hivemq-platform] [hivemq-platform-operator] [af61637f] 18:41:12.663 [ReconcilerExecutor-hivemq-controller-97] DEBUG c.h.p.o.h.HiveMQPlatformReconcilerErrorHandler - [helmaddi] Pod 'test-hivemq-platform-0' condition 'Initialized': False
2025-01-29 18:41:12,666 INFO c.h.h.t.HelmChartContainer - [hivemq-test-hivemq-platform] [hivemq-platform-operator] [af61637f] 18:41:12.663 [ReconcilerExecutor-hivemq-controller-97] DEBUG c.h.p.o.h.HiveMQPlatformReconcilerErrorHandler - [helmaddi] Pod 'test-hivemq-platform-0' condition 'Ready': False
2025-01-29 18:41:12,666 INFO c.h.h.t.HelmChartContainer - [hivemq-test-hivemq-platform] [hivemq-platform-operator] [af61637f] 18:41:12.663 [ReconcilerExecutor-hivemq-controller-97] DEBUG c.h.p.o.h.HiveMQPlatformReconcilerErrorHandler - [helmaddi] Pod 'test-hivemq-platform-0' condition 'ContainersReady': False
2025-01-29 18:41:12,666 INFO c.h.h.t.HelmChartContainer - [hivemq-test-hivemq-platform] [hivemq-platform-operator] [af61637f] 18:41:12.663 [ReconcilerExecutor-hivemq-controller-97] DEBUG c.h.p.o.h.HiveMQPlatformReconcilerErrorHandler - [helmaddi] Pod 'test-hivemq-platform-0' condition 'PodScheduled': True
2025-01-29 18:41:12,666 INFO c.h.h.t.HelmChartContainer - [hivemq-test-hivemq-platform] [hivemq-platform-operator] [af61637f] 18:41:12.663 [ReconcilerExecutor-hivemq-controller-97] DEBUG c.h.p.o.h.HiveMQPlatformReconcilerErrorHandler - [helmaddi] Pod 'test-hivemq-platform-0' containerStatus 'hivemq' (started: false) (ready: false) (waiting: [PodInitializing] null)
2025-01-29 18:41:12,666 INFO c.h.h.t.HelmChartContainer - [hivemq-test-hivemq-platform] [hivemq-platform-operator] [af61637f] 18:41:12.664 [ReconcilerExecutor-hivemq-controller-97] INFO  c.h.p.o.h.HiveMQPlatformReconcilerBaseHandler - [helmaddi] HiveMQ Platform is starting, 0 of 1 replicas are ready
2025-01-29 18:41:13,544 INFO c.h.h.t.HelmChartContainer - [EVENT] Normal [Pulled] Container image "docker.io/hivemq/hivemq4:4.36.0" already present on machine [helmadditionalbrokerlicensesit:test-hivemq-platform-0]
2025-01-29 18:41:13,544 INFO c.h.h.t.HelmChartContainer - Received Pulled event for container hivemq in pod test-hivemq-platform-0 [ba29d04a-3e53-4f3c-ae96-4e1b7655b9d4]
2025-01-29 18:41:13,551 INFO c.h.h.t.HelmChartContainer - [POD] test-hivemq-platform-0 [ba29d04a-3e53-4f3c-ae96-4e1b7655b9d4] in helmadditionalbrokerlicensesit was MODIFIED
2025-01-29 18:41:13,560 INFO c.h.h.t.HelmChartContainer - [hivemq-test-hivemq-platform] [hivemq-platform-operator] [af61637f] 18:41:13.557 [pool-6-thread-6] DEBUG c.h.p.o.d.PlatformServiceResource - [helmaddi] Desired Platform services (3 services)
2025-01-29 18:41:13,562 INFO c.h.h.t.HelmChartContainer - [hivemq-test-hivemq-platform] [hivemq-platform-operator] [af61637f] 18:41:13.560 [pool-6-thread-9] DEBUG c.h.p.o.dependants.PodInfoConfigMap - [helmaddi] Desired PodInfo ConfigMap (1 extensions) (1 enabled)
2025-01-29 18:41:13,562 INFO c.h.h.t.HelmChartContainer - [hivemq-test-hivemq-platform] [hivemq-platform-operator] [af61637f] 18:41:13.561 [pool-6-thread-9] DEBUG c.h.p.o.dependants.PodInfoConfigMap - [helmaddi] Desired PodInfo ConfigMap (metrics port: 9399) (metrics path: /)
2025-01-29 18:41:13,565 INFO c.h.h.t.HelmChartContainer - [hivemq-test-hivemq-platform] [hivemq-platform-operator] [af61637f] 18:41:13.559 [pool-6-thread-8] DEBUG c.h.p.o.d.PodServiceAccountResource - [helmaddi] Desired PodServiceAccountResource (serviceAccountName: hivemq-platform-pod-test-hivemq-platform)
2025-01-29 18:41:13,567 INFO c.h.h.t.HelmChartContainer - [hivemq-test-hivemq-platform] [hivemq-platform-operator] [af61637f] 18:41:13.566 [pool-6-thread-9] DEBUG c.h.p.o.dependants.PodInfoConfigMap - [helmaddi] Desired PodInfo ConfigMap (extension state hash: -1817474005)
2025-01-29 18:41:13,571 INFO c.h.h.t.HelmChartContainer - [hivemq-test-hivemq-platform] [hivemq-platform-operator] [af61637f] 18:41:13.570 [pool-6-thread-9] DEBUG c.h.p.o.d.StatefulSetResource - [helmaddi] Desired StatefulSet (1 replicas) for status STARTING (READY)
2025-01-29 18:41:13,655 INFO c.h.h.t.HelmChartContainer - [hivemq-test-hivemq-platform] [hivemq-platform-operator] [af61637f] 18:41:13.654 [ReconcilerExecutor-hivemq-controller-108] INFO  c.h.p.o.HiveMQPlatformReconciler - [helmaddi] Reconciling HiveMQ Platform 'test-hivemq-platform' in namespace 'helmadditionalbrokerlicensesit'
2025-01-29 18:41:13,657 INFO c.h.h.t.HelmChartContainer - [hivemq-test-hivemq-platform] [hivemq-platform-operator] [af61637f] 18:41:13.654 [ReconcilerExecutor-hivemq-controller-108] DEBUG c.h.p.o.HiveMQPlatformReconciler - [helmaddi] Custom Resource Status STARTING - HiveMQ Platform is starting (READY)
2025-01-29 18:41:13,657 INFO c.h.h.t.HelmChartContainer - [hivemq-test-hivemq-platform] [hivemq-platform-operator] [af61637f] 18:41:13.654 [ReconcilerExecutor-hivemq-controller-108] DEBUG c.h.p.o.HiveMQPlatformReconciler - [helmaddi] Custom Resource Spec (replicas: 1) (extensions: 1)
2025-01-29 18:41:13,659 INFO c.h.h.t.HelmChartContainer - [hivemq-test-hivemq-platform] [hivemq-platform-operator] [af61637f] 18:41:13.658 [ReconcilerExecutor-hivemq-controller-108] DEBUG c.h.p.o.HiveMQPlatformReconciler - [helmaddi] StatefulSet Status (revision: test-hivemq-platform-74bd755ffb, replicas: 1, available: 0, ready: 0, current: 1, updated: 1)
2025-01-29 18:41:13,660 INFO c.h.h.t.HelmChartContainer - [hivemq-test-hivemq-platform] [hivemq-platform-operator] [af61637f] 18:41:13.658 [ReconcilerExecutor-hivemq-controller-108] DEBUG c.h.p.o.HiveMQPlatformReconciler - [helmaddi] StatefulSet Spec (replicas: 1, init containers: 1, containers: 1, volumes: 4)
2025-01-29 18:41:13,664 INFO c.h.h.t.HelmChartContainer - [hivemq-test-hivemq-platform] [hivemq-platform-operator] [af61637f] 18:41:13.662 [ReconcilerExecutor-hivemq-controller-108] DEBUG c.h.p.o.h.HiveMQPlatformReconcilerErrorHandler - [helmaddi] Pod 'test-hivemq-platform-0' phase Pending
2025-01-29 18:41:13,665 INFO c.h.h.t.HelmChartContainer - [hivemq-test-hivemq-platform] [hivemq-platform-operator] [af61637f] 18:41:13.662 [ReconcilerExecutor-hivemq-controller-108] DEBUG c.h.p.o.h.HiveMQPlatformReconcilerErrorHandler - [helmaddi] Pod 'test-hivemq-platform-0' condition 'PodReadyToStartContainers': True
2025-01-29 18:41:13,665 INFO c.h.h.t.HelmChartContainer - [hivemq-test-hivemq-platform] [hivemq-platform-operator] [af61637f] 18:41:13.662 [ReconcilerExecutor-hivemq-controller-108] DEBUG c.h.p.o.h.HiveMQPlatformReconcilerErrorHandler - [helmaddi] Pod 'test-hivemq-platform-0' condition 'Initialized': True
2025-01-29 18:41:13,666 INFO c.h.h.t.HelmChartContainer - [hivemq-test-hivemq-platform] [hivemq-platform-operator] [af61637f] 18:41:13.662 [ReconcilerExecutor-hivemq-controller-108] DEBUG c.h.p.o.h.HiveMQPlatformReconcilerErrorHandler - [helmaddi] Pod 'test-hivemq-platform-0' condition 'Ready': False
2025-01-29 18:41:13,666 INFO c.h.h.t.HelmChartContainer - [hivemq-test-hivemq-platform] [hivemq-platform-operator] [af61637f] 18:41:13.662 [ReconcilerExecutor-hivemq-controller-108] DEBUG c.h.p.o.h.HiveMQPlatformReconcilerErrorHandler - [helmaddi] Pod 'test-hivemq-platform-0' condition 'ContainersReady': False
2025-01-29 18:41:13,666 INFO c.h.h.t.HelmChartContainer - [hivemq-test-hivemq-platform] [hivemq-platform-operator] [af61637f] 18:41:13.662 [ReconcilerExecutor-hivemq-controller-108] DEBUG c.h.p.o.h.HiveMQPlatformReconcilerErrorHandler - [helmaddi] Pod 'test-hivemq-platform-0' condition 'PodScheduled': True
2025-01-29 18:41:13,666 INFO c.h.h.t.HelmChartContainer - [hivemq-test-hivemq-platform] [hivemq-platform-operator] [af61637f] 18:41:13.662 [ReconcilerExecutor-hivemq-controller-108] DEBUG c.h.p.o.h.HiveMQPlatformReconcilerErrorHandler - [helmaddi] Pod 'test-hivemq-platform-0' containerStatus 'hivemq' (started: false) (ready: false) (waiting: [PodInitializing] null)
2025-01-29 18:41:13,666 INFO c.h.h.t.HelmChartContainer - [hivemq-test-hivemq-platform] [hivemq-platform-operator] [af61637f] 18:41:13.663 [ReconcilerExecutor-hivemq-controller-108] INFO  c.h.p.o.h.HiveMQPlatformReconcilerBaseHandler - [helmaddi] HiveMQ Platform is starting, 0 of 1 replicas are ready
2025-01-29 18:41:14,847 INFO c.h.h.t.HelmChartContainer - [EVENT] Normal [Created] Created container: hivemq [helmadditionalbrokerlicensesit:test-hivemq-platform-0]
2025-01-29 18:41:14,847 INFO c.h.h.t.HelmChartContainer - Received Created event for container hivemq in pod test-hivemq-platform-0 [ba29d04a-3e53-4f3c-ae96-4e1b7655b9d4]
2025-01-29 18:41:15,559 INFO c.h.h.t.HelmChartContainer - [POD] test-hivemq-platform-0 [ba29d04a-3e53-4f3c-ae96-4e1b7655b9d4] in helmadditionalbrokerlicensesit was MODIFIED
2025-01-29 18:41:15,577 INFO c.h.h.t.HelmChartContainer - [EVENT] Normal [Started] Started container hivemq [helmadditionalbrokerlicensesit:test-hivemq-platform-0]
2025-01-29 18:41:15,578 INFO c.h.h.t.HelmChartContainer - [hivemq-test-hivemq-platform] [hivemq-platform-operator] [af61637f] 18:41:15.575 [pool-6-thread-11] DEBUG c.h.p.o.d.PlatformServiceResource - [helmaddi] Desired Platform services (3 services)
2025-01-29 18:41:15,578 INFO c.h.h.t.HelmChartContainer - [hivemq-test-hivemq-platform] [hivemq-platform-operator] [af61637f] 18:41:15.576 [pool-6-thread-16] DEBUG c.h.p.o.dependants.PodInfoConfigMap - [helmaddi] Desired PodInfo ConfigMap (1 extensions) (1 enabled)
2025-01-29 18:41:15,578 INFO c.h.h.t.HelmChartContainer - [hivemq-test-hivemq-platform] [hivemq-platform-operator] [af61637f] 18:41:15.576 [pool-6-thread-16] DEBUG c.h.p.o.dependants.PodInfoConfigMap - [helmaddi] Desired PodInfo ConfigMap (metrics port: 9399) (metrics path: /)
2025-01-29 18:41:15,578 INFO c.h.h.t.HelmChartContainer - [hivemq-test-hivemq-platform] [hivemq-platform-operator] [af61637f] 18:41:15.576 [pool-6-thread-16] DEBUG c.h.p.o.dependants.PodInfoConfigMap - [helmaddi] Desired PodInfo ConfigMap (extension state hash: -1817474005)
2025-01-29 18:41:15,578 INFO c.h.h.t.HelmChartContainer - Received Started event for container hivemq in pod test-hivemq-platform-0 [ba29d04a-3e53-4f3c-ae96-4e1b7655b9d4]
2025-01-29 18:41:15,577 INFO c.h.h.t.HelmChartContainer - Started log watcher for hivemq in pod test-hivemq-platform-0 [ba29d04a-3e53-4f3c-ae96-4e1b7655b9d4]
2025-01-29 18:41:15,579 INFO c.h.h.t.HelmChartContainer - [test-hivemq-platform] [hivemq] [ba29d04a] Adding pre-installed HiveMQ Platform Operator extensions
2025-01-29 18:41:15,579 INFO c.h.h.t.HelmChartContainer - [test-hivemq-platform] [hivemq] [ba29d04a] Running as user 10000
2025-01-29 18:41:15,579 INFO c.h.h.t.HelmChartContainer - [test-hivemq-platform] [hivemq] [ba29d04a] Starting HiveMQ Platform Operator Init
2025-01-29 18:41:15,581 INFO c.h.h.t.HelmChartContainer - [hivemq-test-hivemq-platform] [hivemq-platform-operator] [af61637f] 18:41:15.580 [pool-6-thread-15] DEBUG c.h.p.o.d.PodServiceAccountResource - [helmaddi] Desired PodServiceAccountResource (serviceAccountName: hivemq-platform-pod-test-hivemq-platform)
2025-01-29 18:41:15,590 INFO c.h.h.t.HelmChartContainer - [hivemq-test-hivemq-platform] [hivemq-platform-operator] [af61637f] 18:41:15.589 [pool-6-thread-14] DEBUG c.h.p.o.d.StatefulSetResource - [helmaddi] Desired StatefulSet (1 replicas) for status STARTING (READY)
2025-01-29 18:41:15,658 INFO c.h.h.t.HelmChartContainer - [hivemq-test-hivemq-platform] [hivemq-platform-operator] [af61637f] 18:41:15.655 [ReconcilerExecutor-hivemq-controller-109] INFO  c.h.p.o.HiveMQPlatformReconciler - [helmaddi] Reconciling HiveMQ Platform 'test-hivemq-platform' in namespace 'helmadditionalbrokerlicensesit'
2025-01-29 18:41:15,658 INFO c.h.h.t.HelmChartContainer - [hivemq-test-hivemq-platform] [hivemq-platform-operator] [af61637f] 18:41:15.655 [ReconcilerExecutor-hivemq-controller-109] DEBUG c.h.p.o.HiveMQPlatformReconciler - [helmaddi] Custom Resource Status STARTING - HiveMQ Platform is starting (READY)
2025-01-29 18:41:15,658 INFO c.h.h.t.HelmChartContainer - [hivemq-test-hivemq-platform] [hivemq-platform-operator] [af61637f] 18:41:15.656 [ReconcilerExecutor-hivemq-controller-109] DEBUG c.h.p.o.HiveMQPlatformReconciler - [helmaddi] Custom Resource Spec (replicas: 1) (extensions: 1)
2025-01-29 18:41:15,662 INFO c.h.h.t.HelmChartContainer - [hivemq-test-hivemq-platform] [hivemq-platform-operator] [af61637f] 18:41:15.659 [ReconcilerExecutor-hivemq-controller-109] DEBUG c.h.p.o.HiveMQPlatformReconciler - [helmaddi] StatefulSet Status (revision: test-hivemq-platform-74bd755ffb, replicas: 1, available: 0, ready: 0, current: 1, updated: 1)
2025-01-29 18:41:15,663 INFO c.h.h.t.HelmChartContainer - [hivemq-test-hivemq-platform] [hivemq-platform-operator] [af61637f] 18:41:15.659 [ReconcilerExecutor-hivemq-controller-109] DEBUG c.h.p.o.HiveMQPlatformReconciler - [helmaddi] StatefulSet Spec (replicas: 1, init containers: 1, containers: 1, volumes: 4)
2025-01-29 18:41:15,665 INFO c.h.h.t.HelmChartContainer - [hivemq-test-hivemq-platform] [hivemq-platform-operator] [af61637f] 18:41:15.664 [ReconcilerExecutor-hivemq-controller-109] DEBUG c.h.p.o.h.HiveMQPlatformReconcilerErrorHandler - [helmaddi] Pod 'test-hivemq-platform-0' phase Running
2025-01-29 18:41:15,666 INFO c.h.h.t.HelmChartContainer - [hivemq-test-hivemq-platform] [hivemq-platform-operator] [af61637f] 18:41:15.665 [ReconcilerExecutor-hivemq-controller-109] INFO  c.h.p.o.h.HiveMQPlatformReconcilerBaseHandler - [helmaddi] HiveMQ Platform is starting, 0 of 1 replicas are ready
2025-01-29 18:41:16,158 INFO c.h.h.t.HelmChartContainer - [test-hivemq-platform] [hivemq] [ba29d04a] INFO  - [HiveMQ Platform Operator Init 1.7.0-SNAPSHOT] HiveMQ Platform Operator Init 1.7.0-SNAPSHOT (commit: b1b9591 on branch: HEAD) built on Wed Jan 29 18:32:18 UTC 2025
2025-01-29 18:41:17,272 INFO c.h.h.t.HelmChartContainer - [test-hivemq-platform] [hivemq] [ba29d04a] INFO  - [HiveMQ Platform Operator Init App 1.7.0-SNAPSHOT] Using bind address 10.42.0.10 from environment variable
2025-01-29 18:41:18,251 INFO c.h.h.t.HelmChartContainer - [test-hivemq-platform] [hivemq] [ba29d04a] INFO  - [HiveMQ Platform Operator Init App 1.7.0-SNAPSHOT] HiveMQ Platform Operator Init App 1.7.0-SNAPSHOT (commit: b1b9591 on branch: HEAD) built on Wed Jan 29 18:32:18 UTC 2025
2025-01-29 18:41:18,251 INFO c.h.h.t.HelmChartContainer - [test-hivemq-platform] [hivemq] [ba29d04a] INFO  - [HiveMQ Platform Operator Init App 1.7.0-SNAPSHOT] PodInfo ConfigMap directory: /etc/podinfo
2025-01-29 18:41:18,251 INFO c.h.h.t.HelmChartContainer - [test-hivemq-platform] [hivemq] [ba29d04a] INFO  - [HiveMQ Platform Operator Init App 1.7.0-SNAPSHOT] HiveMQ home directory: /opt/hivemq
2025-01-29 18:41:18,252 INFO c.h.h.t.HelmChartContainer - [test-hivemq-platform] [hivemq] [ba29d04a] INFO  - [HiveMQ Platform Operator Init App 1.7.0-SNAPSHOT] HiveMQ Logback folder: /opt/hivemq/conf
2025-01-29 18:41:18,252 INFO c.h.h.t.HelmChartContainer - [test-hivemq-platform] [hivemq] [ba29d04a] INFO  - [HiveMQ Platform Operator Init App 1.7.0-SNAPSHOT] HiveMQ Config folder: /opt/hivemq/conf-k8s
2025-01-29 18:41:18,252 INFO c.h.h.t.HelmChartContainer - [test-hivemq-platform] [hivemq] [ba29d04a] INFO  - [HiveMQ Platform Operator Init App 1.7.0-SNAPSHOT] Starting HiveMQ Platform Operator Init App
2025-01-29 18:41:18,252 INFO c.h.h.t.HelmChartContainer - [test-hivemq-platform] [hivemq] [ba29d04a] INFO  - [HiveMQ Platform Operator Init App 1.7.0-SNAPSHOT] Starting Pod reconciler
2025-01-29 18:41:19,546 INFO c.h.h.t.HelmChartContainer - [test-hivemq-platform] [hivemq] [ba29d04a] INFO  - [HiveMQ Platform Operator Init App 1.7.0-SNAPSHOT] Pod reconciler is scheduled (interval: 5000 ms)
2025-01-29 18:41:19,547 INFO c.h.h.t.HelmChartContainer - [test-hivemq-platform] [hivemq] [ba29d04a] INFO  - [HiveMQ Platform Operator Init App 1.7.0-SNAPSHOT] Starting the REST API on 10.42.0.10:7979
2025-01-29 18:41:19,551 INFO c.h.h.t.HelmChartContainer - [test-hivemq-platform] [hivemq] [ba29d04a] INFO  - [HiveMQ Platform Operator Init App 1.7.0-SNAPSHOT] Waiting up to 600s for at most 1 HiveMQ nodes in cluster service hivemq-test-hivemq-platform-cluster.helmadditionalbrokerlicensesit.svc
2025-01-29 18:41:19,866 INFO c.h.h.t.HelmChartContainer - [test-hivemq-platform] [hivemq] [ba29d04a] INFO  - [HiveMQ Platform Operator Init App 1.7.0-SNAPSHOT] Resolved 1 IP addresses: [10.42.0.10]
2025-01-29 18:41:19,866 INFO c.h.h.t.HelmChartContainer - [test-hivemq-platform] [hivemq] [ba29d04a] INFO  - [HiveMQ Platform Operator Init App 1.7.0-SNAPSHOT] HiveMQ node count of 1 is within threshold of 1
2025-01-29 18:41:19,870 INFO c.h.h.t.HelmChartContainer - [test-hivemq-platform] [hivemq] [ba29d04a] INFO  - [HiveMQ Platform Operator Init App 1.7.0-SNAPSHOT] Proceeding with container start
2025-01-29 18:41:19,963 INFO c.h.h.t.HelmChartContainer - [test-hivemq-platform] [hivemq] [ba29d04a] INFO  - [HiveMQ Platform Operator Init App 1.7.0-SNAPSHOT] Initializing HiveMQ Platform extensions with initial configuration: {hivemq-allow-all-extension={start-priority=-1, skip-https-hostname-verification=false, restart=true, config-version=0, header-version=0, c-uri=, priority=-1, uri=preinstalled, skip-https-certificate-validation=false, enabled=true}, hivemq-prometheus-extension={priority=-1, start-priority=-1, c-uri=, skip-https-hostname-verification=false, skip-https-certificate-validation=false, uri=preinstalled, request-header-path=no-request-headers, enabled=true, restart=true}}
2025-01-29 18:41:20,447 INFO c.h.h.t.HelmChartContainer - [test-hivemq-platform] [hivemq] [ba29d04a] INFO  - [HiveMQ Platform Operator Init App 1.7.0-SNAPSHOT] Extension hivemq-allow-all-extension was already enabled
2025-01-29 18:41:20,459 INFO c.h.h.t.HelmChartContainer - [test-hivemq-platform] [hivemq] [ba29d04a] INFO  - [HiveMQ Platform Operator Init App 1.7.0-SNAPSHOT] Successfully enabled extension hivemq-prometheus-extension
2025-01-29 18:41:20,462 INFO c.h.h.t.HelmChartContainer - [test-hivemq-platform] [hivemq] [ba29d04a] INFO  - [HiveMQ Platform Operator Init App 1.7.0-SNAPSHOT] Starting HiveMQ Platform version 4.36.0 (4.36.0)
2025-01-29 18:41:20,462 INFO c.h.h.t.HelmChartContainer - [test-hivemq-platform] [hivemq] [ba29d04a] INFO  - [HiveMQ Platform Operator Init App 1.7.0-SNAPSHOT] Configuring the HiveMQ Platform
2025-01-29 18:41:20,552 INFO c.h.h.t.HelmChartContainer - [test-hivemq-platform] [hivemq] [ba29d04a] INFO  - [HiveMQ Platform Operator Init App 1.7.0-SNAPSHOT] Changed logback.xml file scan period to 20 seconds
2025-01-29 18:41:20,562 INFO c.h.h.t.HelmChartContainer - [test-hivemq-platform] [hivemq] [ba29d04a] INFO  - [HiveMQ Platform Operator Init App 1.7.0-SNAPSHOT] Starting the HiveMQ Platform
2025-01-29 18:41:20,647 INFO c.h.h.t.HelmChartContainer - [test-hivemq-platform] [hivemq] [ba29d04a] -------------------------------------------------------------------------
2025-01-29 18:41:20,647 INFO c.h.h.t.HelmChartContainer - [test-hivemq-platform] [hivemq] [ba29d04a] 
2025-01-29 18:41:20,647 INFO c.h.h.t.HelmChartContainer - [test-hivemq-platform] [hivemq] [ba29d04a]                   _    _  _              __  __   ____
2025-01-29 18:41:20,647 INFO c.h.h.t.HelmChartContainer - [test-hivemq-platform] [hivemq] [ba29d04a]                  | |  | |(_)            |  \/  | / __ \
2025-01-29 18:41:20,647 INFO c.h.h.t.HelmChartContainer - [test-hivemq-platform] [hivemq] [ba29d04a]                  | |__| | _ __   __ ___ | \  / || |  | |
2025-01-29 18:41:20,647 INFO c.h.h.t.HelmChartContainer - [test-hivemq-platform] [hivemq] [ba29d04a]                  |  __  || |\ \ / // _ \| |\/| || |  | |
2025-01-29 18:41:20,647 INFO c.h.h.t.HelmChartContainer - [test-hivemq-platform] [hivemq] [ba29d04a]                  | |  | || | \ V /|  __/| |  | || |__| |
2025-01-29 18:41:20,648 INFO c.h.h.t.HelmChartContainer - [test-hivemq-platform] [hivemq] [ba29d04a]                  |_|  |_||_|  \_/  \___||_|  |_| \___\_\
2025-01-29 18:41:20,648 INFO c.h.h.t.HelmChartContainer - [test-hivemq-platform] [hivemq] [ba29d04a] 
2025-01-29 18:41:20,648 INFO c.h.h.t.HelmChartContainer - [test-hivemq-platform] [hivemq] [ba29d04a] -------------------------------------------------------------------------
2025-01-29 18:41:20,648 INFO c.h.h.t.HelmChartContainer - [test-hivemq-platform] [hivemq] [ba29d04a] 
2025-01-29 18:41:20,648 INFO c.h.h.t.HelmChartContainer - [test-hivemq-platform] [hivemq] [ba29d04a]   HiveMQ Start Script for Linux/Unix v1.14
2025-01-29 18:41:20,648 INFO c.h.h.t.HelmChartContainer - [test-hivemq-platform] [hivemq] [ba29d04a] 
2025-01-29 18:41:20,676 INFO c.h.h.t.HelmChartContainer - [test-hivemq-platform] [hivemq] [ba29d04a] -------------------------------------------------------------------------
2025-01-29 18:41:20,677 INFO c.h.h.t.HelmChartContainer - [test-hivemq-platform] [hivemq] [ba29d04a] 
2025-01-29 18:41:20,677 INFO c.h.h.t.HelmChartContainer - [test-hivemq-platform] [hivemq] [ba29d04a]   HIVEMQ_HOME: /opt/hivemq
2025-01-29 18:41:20,677 INFO c.h.h.t.HelmChartContainer - [test-hivemq-platform] [hivemq] [ba29d04a] 
2025-01-29 18:41:20,677 INFO c.h.h.t.HelmChartContainer - [test-hivemq-platform] [hivemq] [ba29d04a]   JAVA_OPTS: -XX:+UnlockExperimentalVMOptions -XX:InitialRAMPercentage=50 -XX:MaxRAMPercentage=50 -Djava.net.preferIPv4Stack=true --add-opens java.base/java.lang=ALL-UNNAMED --add-opens java.base/java.nio=ALL-UNNAMED --add-opens java.base/sun.nio.ch=ALL-UNNAMED --add-opens jdk.management/com.sun.management.internal=ALL-UNNAMED --add-exports java.base/jdk.internal.misc=ALL-UNNAMED -Djava.security.egd=file:/dev/./urandom -Dcom.sun.management.jmxremote -Dcom.sun.management.jmxremote.port=9010 -Dcom.sun.management.jmxremote.local.only=false -Dcom.sun.management.jmxremote.authenticate=false -Dcom.sun.management.jmxremote.ssl=false -Duser.language=en -Duser.region=US -XX:+CrashOnOutOfMemoryError -XX:+HeapDumpOnOutOfMemoryError
2025-01-29 18:41:20,677 INFO c.h.h.t.HelmChartContainer - [test-hivemq-platform] [hivemq] [ba29d04a] 
2025-01-29 18:41:20,677 INFO c.h.h.t.HelmChartContainer - [test-hivemq-platform] [hivemq] [ba29d04a]   JAVA_VERSION: 21
2025-01-29 18:41:20,677 INFO c.h.h.t.HelmChartContainer - [test-hivemq-platform] [hivemq] [ba29d04a] 
2025-01-29 18:41:20,677 INFO c.h.h.t.HelmChartContainer - [test-hivemq-platform] [hivemq] [ba29d04a] -------------------------------------------------------------------------
2025-01-29 18:41:20,677 INFO c.h.h.t.HelmChartContainer - [test-hivemq-platform] [hivemq] [ba29d04a] 
2025-01-29 18:41:21,561 INFO c.h.h.t.HelmChartContainer - [test-hivemq-platform] [hivemq] [ba29d04a] INFO  - [HiveMQ Platform Operator Init App 1.7.0-SNAPSHOT] Returning default Health API response 503 for readiness
2025-01-29 18:41:22,052 INFO c.h.h.t.HelmChartContainer - [EVENT] Warning [Unhealthy] Readiness probe failed: HTTP probe failed with statuscode: 503 [helmadditionalbrokerlicensesit:test-hivemq-platform-0]
2025-01-29 18:41:22,053 INFO c.h.h.t.HelmChartContainer - Received Unhealthy event for container hivemq in pod test-hivemq-platform-0 [ba29d04a-3e53-4f3c-ae96-4e1b7655b9d4]
2025-01-29 18:41:23,361 INFO c.h.h.t.HelmChartContainer - [test-hivemq-platform] [hivemq] [ba29d04a] INFO  - Starting HiveMQ Enterprise Server
2025-01-29 18:41:23,366 INFO c.h.h.t.HelmChartContainer - [test-hivemq-platform] [hivemq] [ba29d04a] INFO  - HiveMQ version: 4.36.0
2025-01-29 18:41:23,367 INFO c.h.h.t.HelmChartContainer - [test-hivemq-platform] [hivemq] [ba29d04a] INFO  - HiveMQ home directory: /opt/hivemq
2025-01-29 18:41:23,367 INFO c.h.h.t.HelmChartContainer - [test-hivemq-platform] [hivemq] [ba29d04a] INFO  - Log Configuration was overridden by /opt/hivemq/conf/logback.xml
2025-01-29 18:41:23,467 INFO c.h.h.t.HelmChartContainer - [K3S] [range_allocator.go:247] "Successfully synced" key="7f5f25f78dbe"
2025-01-29 18:41:24,659 INFO c.h.h.t.HelmChartContainer - [test-hivemq-platform] [hivemq] [ba29d04a] INFO  - Successfully loaded configuration from '/opt/hivemq/conf-k8s/config.xml'.
2025-01-29 18:41:25,456 INFO c.h.h.t.HelmChartContainer - [test-hivemq-platform] [hivemq] [ba29d04a] INFO  - This node's ID is uNC4m
2025-01-29 18:41:25,456 INFO c.h.h.t.HelmChartContainer - [test-hivemq-platform] [hivemq] [ba29d04a] INFO  - Clustering is enabled
2025-01-29 18:41:25,673 INFO c.h.h.t.HelmChartContainer - [hivemq-test-hivemq-platform] [hivemq-platform-operator] [af61637f] 18:41:25.669 [pool-6-thread-22] DEBUG c.h.p.o.d.PlatformServiceResource - [helmaddi] Desired Platform services (3 services)
2025-01-29 18:41:25,673 INFO c.h.h.t.HelmChartContainer - [hivemq-test-hivemq-platform] [hivemq-platform-operator] [af61637f] 18:41:25.671 [pool-6-thread-26] DEBUG c.h.p.o.dependants.PodInfoConfigMap - [helmaddi] Desired PodInfo ConfigMap (1 extensions) (1 enabled)
2025-01-29 18:41:25,673 INFO c.h.h.t.HelmChartContainer - [hivemq-test-hivemq-platform] [hivemq-platform-operator] [af61637f] 18:41:25.671 [pool-6-thread-26] DEBUG c.h.p.o.dependants.PodInfoConfigMap - [helmaddi] Desired PodInfo ConfigMap (metrics port: 9399) (metrics path: /)
2025-01-29 18:41:25,674 INFO c.h.h.t.HelmChartContainer - [hivemq-test-hivemq-platform] [hivemq-platform-operator] [af61637f] 18:41:25.672 [pool-6-thread-26] DEBUG c.h.p.o.dependants.PodInfoConfigMap - [helmaddi] Desired PodInfo ConfigMap (extension state hash: -1817474005)
2025-01-29 18:41:25,676 INFO c.h.h.t.HelmChartContainer - [hivemq-test-hivemq-platform] [hivemq-platform-operator] [af61637f] 18:41:25.674 [pool-6-thread-26] DEBUG c.h.p.o.d.PodServiceAccountResource - [helmaddi] Desired PodServiceAccountResource (serviceAccountName: hivemq-platform-pod-test-hivemq-platform)
2025-01-29 18:41:25,681 INFO c.h.h.t.HelmChartContainer - [hivemq-test-hivemq-platform] [hivemq-platform-operator] [af61637f] 18:41:25.681 [pool-6-thread-30] DEBUG c.h.p.o.d.StatefulSetResource - [helmaddi] Desired StatefulSet (1 replicas) for status STARTING (READY)
2025-01-29 18:41:25,754 INFO c.h.h.t.HelmChartContainer - [hivemq-test-hivemq-platform] [hivemq-platform-operator] [af61637f] 18:41:25.752 [ReconcilerExecutor-hivemq-controller-110] INFO  c.h.p.o.HiveMQPlatformReconciler - [helmaddi] Reconciling HiveMQ Platform 'test-hivemq-platform' in namespace 'helmadditionalbrokerlicensesit'
2025-01-29 18:41:25,755 INFO c.h.h.t.HelmChartContainer - [hivemq-test-hivemq-platform] [hivemq-platform-operator] [af61637f] 18:41:25.752 [ReconcilerExecutor-hivemq-controller-110] DEBUG c.h.p.o.HiveMQPlatformReconciler - [helmaddi] Custom Resource Status STARTING - HiveMQ Platform is starting (READY)
2025-01-29 18:41:25,755 INFO c.h.h.t.HelmChartContainer - [hivemq-test-hivemq-platform] [hivemq-platform-operator] [af61637f] 18:41:25.752 [ReconcilerExecutor-hivemq-controller-110] DEBUG c.h.p.o.HiveMQPlatformReconciler - [helmaddi] Custom Resource Spec (replicas: 1) (extensions: 1)
2025-01-29 18:41:25,763 INFO c.h.h.t.HelmChartContainer - [hivemq-test-hivemq-platform] [hivemq-platform-operator] [af61637f] 18:41:25.762 [ReconcilerExecutor-hivemq-controller-110] DEBUG c.h.p.o.HiveMQPlatformReconciler - [helmaddi] StatefulSet Status (revision: test-hivemq-platform-74bd755ffb, replicas: 1, available: 0, ready: 0, current: 1, updated: 1)
2025-01-29 18:41:25,766 INFO c.h.h.t.HelmChartContainer - [hivemq-test-hivemq-platform] [hivemq-platform-operator] [af61637f] 18:41:25.763 [ReconcilerExecutor-hivemq-controller-110] DEBUG c.h.p.o.HiveMQPlatformReconciler - [helmaddi] StatefulSet Spec (replicas: 1, init containers: 1, containers: 1, volumes: 4)
2025-01-29 18:41:25,768 INFO c.h.h.t.HelmChartContainer - [hivemq-test-hivemq-platform] [hivemq-platform-operator] [af61637f] 18:41:25.765 [ReconcilerExecutor-hivemq-controller-110] DEBUG c.h.p.o.h.HiveMQPlatformReconcilerErrorHandler - [helmaddi] Pod 'test-hivemq-platform-0' phase Running
2025-01-29 18:41:25,768 INFO c.h.h.t.HelmChartContainer - [hivemq-test-hivemq-platform] [hivemq-platform-operator] [af61637f] 18:41:25.766 [ReconcilerExecutor-hivemq-controller-110] INFO  c.h.p.o.h.HiveMQPlatformReconcilerBaseHandler - [helmaddi] HiveMQ Platform is starting, 0 of 1 replicas are ready
2025-01-29 18:41:27,055 INFO c.h.h.t.HelmChartContainer - [test-hivemq-platform] [hivemq] [ba29d04a] WARN  - [HiveMQ Platform Operator Init App 1.7.0-SNAPSHOT] Cannot connect to Health API for readiness: null
2025-01-29 18:41:27,059 INFO c.h.h.t.HelmChartContainer - [EVENT] Warning [Unhealthy] Readiness probe failed: HTTP probe failed with statuscode: 503 [helmadditionalbrokerlicensesit:test-hivemq-platform-0]
2025-01-29 18:41:27,059 INFO c.h.h.t.HelmChartContainer - Received Unhealthy event for container hivemq in pod test-hivemq-platform-0 [ba29d04a-3e53-4f3c-ae96-4e1b7655b9d4]
2025-01-29 18:41:29,752 INFO c.h.h.t.HelmChartContainer - [test-hivemq-platform] [hivemq] [ba29d04a] Jan 29, 2025 6:41:29 PM io.vertx.core.impl.BlockedThreadChecker
2025-01-29 18:41:29,752 INFO c.h.h.t.HelmChartContainer - [test-hivemq-platform] [hivemq] [ba29d04a] WARNING: Thread Thread[vert.x-eventloop-thread-1,5,main] has been blocked for 2294 ms, time limit is 2000 ms
2025-01-29 18:41:30,555 INFO c.h.h.t.HelmChartContainer - [test-hivemq-platform] [hivemq] [ba29d04a] INFO  - [HiveMQ Platform Operator Init App 1.7.0-SNAPSHOT] Updating Pod HiveMQ Platform Operator Init App version annotation (version: 1.7.0-SNAPSHOT)
2025-01-29 18:41:31,264 INFO c.h.h.t.HelmChartContainer - [POD] test-hivemq-platform-0 [ba29d04a-3e53-4f3c-ae96-4e1b7655b9d4] in helmadditionalbrokerlicensesit was MODIFIED
2025-01-29 18:41:31,274 INFO c.h.h.t.HelmChartContainer - [test-hivemq-platform] [hivemq] [ba29d04a] WARN  - [HiveMQ Platform Operator Init App 1.7.0-SNAPSHOT] Cannot connect to Health API for readiness: null
2025-01-29 18:41:31,274 INFO c.h.h.t.HelmChartContainer - [hivemq-test-hivemq-platform] [hivemq-platform-operator] [af61637f] 18:41:31.271 [pool-6-thread-37] DEBUG c.h.p.o.d.PlatformServiceResource - [helmaddi] Desired Platform services (3 services)
2025-01-29 18:41:31,282 INFO c.h.h.t.HelmChartContainer - [hivemq-test-hivemq-platform] [hivemq-platform-operator] [af61637f] 18:41:31.279 [pool-6-thread-35] DEBUG c.h.p.o.d.PodServiceAccountResource - [helmaddi] Desired PodServiceAccountResource (serviceAccountName: hivemq-platform-pod-test-hivemq-platform)
2025-01-29 18:41:31,282 INFO c.h.h.t.HelmChartContainer - [hivemq-test-hivemq-platform] [hivemq-platform-operator] [af61637f] 18:41:31.273 [pool-6-thread-36] DEBUG c.h.p.o.dependants.PodInfoConfigMap - [helmaddi] Desired PodInfo ConfigMap (1 extensions) (1 enabled)
2025-01-29 18:41:31,282 INFO c.h.h.t.HelmChartContainer - [hivemq-test-hivemq-platform] [hivemq-platform-operator] [af61637f] 18:41:31.280 [pool-6-thread-36] DEBUG c.h.p.o.dependants.PodInfoConfigMap - [helmaddi] Desired PodInfo ConfigMap (metrics port: 9399) (metrics path: /)
2025-01-29 18:41:31,282 INFO c.h.h.t.HelmChartContainer - [hivemq-test-hivemq-platform] [hivemq-platform-operator] [af61637f] 18:41:31.280 [pool-6-thread-36] DEBUG c.h.p.o.dependants.PodInfoConfigMap - [helmaddi] Desired PodInfo ConfigMap (extension state hash: -1817474005)
2025-01-29 18:41:31,283 INFO c.h.h.t.HelmChartContainer - [hivemq-test-hivemq-platform] [hivemq-platform-operator] [af61637f] 18:41:31.282 [pool-6-thread-36] DEBUG c.h.p.o.d.StatefulSetResource - [helmaddi] Desired StatefulSet (1 replicas) for status STARTING (READY)
2025-01-29 18:41:31,284 INFO c.h.h.t.HelmChartContainer - [EVENT] Warning [Unhealthy] Readiness probe failed: HTTP probe failed with statuscode: 503 [helmadditionalbrokerlicensesit:test-hivemq-platform-0]
2025-01-29 18:41:31,284 INFO c.h.h.t.HelmChartContainer - Received Unhealthy event for container hivemq in pod test-hivemq-platform-0 [ba29d04a-3e53-4f3c-ae96-4e1b7655b9d4]
2025-01-29 18:41:31,356 INFO c.h.h.t.HelmChartContainer - [test-hivemq-platform] [hivemq] [ba29d04a] INFO  - [HiveMQ Platform Operator Init App 1.7.0-SNAPSHOT] Successfully updated Pod HiveMQ Platform Operator Init App version annotation (version: 1.7.0-SNAPSHOT)
2025-01-29 18:41:31,356 INFO c.h.h.t.HelmChartContainer - [hivemq-test-hivemq-platform] [hivemq-platform-operator] [af61637f] 18:41:31.353 [ReconcilerExecutor-hivemq-controller-111] INFO  c.h.p.o.HiveMQPlatformReconciler - [helmaddi] Reconciling HiveMQ Platform 'test-hivemq-platform' in namespace 'helmadditionalbrokerlicensesit'
2025-01-29 18:41:31,356 INFO c.h.h.t.HelmChartContainer - [hivemq-test-hivemq-platform] [hivemq-platform-operator] [af61637f] 18:41:31.353 [ReconcilerExecutor-hivemq-controller-111] DEBUG c.h.p.o.HiveMQPlatformReconciler - [helmaddi] Custom Resource Status STARTING - HiveMQ Platform is starting (READY)
2025-01-29 18:41:31,356 INFO c.h.h.t.HelmChartContainer - [hivemq-test-hivemq-platform] [hivemq-platform-operator] [af61637f] 18:41:31.353 [ReconcilerExecutor-hivemq-controller-111] DEBUG c.h.p.o.HiveMQPlatformReconciler - [helmaddi] Custom Resource Spec (replicas: 1) (extensions: 1)
2025-01-29 18:41:31,358 INFO c.h.h.t.HelmChartContainer - [hivemq-test-hivemq-platform] [hivemq-platform-operator] [af61637f] 18:41:31.356 [ReconcilerExecutor-hivemq-controller-111] DEBUG c.h.p.o.HiveMQPlatformReconciler - [helmaddi] StatefulSet Status (revision: test-hivemq-platform-74bd755ffb, replicas: 1, available: 0, ready: 0, current: 1, updated: 1)
2025-01-29 18:41:31,358 INFO c.h.h.t.HelmChartContainer - [hivemq-test-hivemq-platform] [hivemq-platform-operator] [af61637f] 18:41:31.356 [ReconcilerExecutor-hivemq-controller-111] DEBUG c.h.p.o.HiveMQPlatformReconciler - [helmaddi] StatefulSet Spec (replicas: 1, init containers: 1, containers: 1, volumes: 4)
2025-01-29 18:41:31,363 INFO c.h.h.t.HelmChartContainer - [hivemq-test-hivemq-platform] [hivemq-platform-operator] [af61637f] 18:41:31.359 [ReconcilerExecutor-hivemq-controller-111] DEBUG c.h.p.o.h.HiveMQPlatformReconcilerErrorHandler - [helmaddi] Pod 'test-hivemq-platform-0' phase Running
2025-01-29 18:41:31,363 INFO c.h.h.t.HelmChartContainer - [hivemq-test-hivemq-platform] [hivemq-platform-operator] [af61637f] 18:41:31.361 [ReconcilerExecutor-hivemq-controller-111] INFO  c.h.p.o.h.HiveMQPlatformReconcilerBaseHandler - [helmaddi] HiveMQ Platform is starting, 0 of 1 replicas are ready
2025-01-29 18:41:36,352 INFO c.h.h.t.HelmChartContainer - [test-hivemq-platform] [hivemq] [ba29d04a] WARN  - [HiveMQ Platform Operator Init App 1.7.0-SNAPSHOT] Cannot connect to Health API for readiness: null
2025-01-29 18:41:36,356 INFO c.h.h.t.HelmChartContainer - [EVENT] Warning [Unhealthy] Readiness probe failed: HTTP probe failed with statuscode: 503 [helmadditionalbrokerlicensesit:test-hivemq-platform-0]
2025-01-29 18:41:36,356 INFO c.h.h.t.HelmChartContainer - Received Unhealthy event for container hivemq in pod test-hivemq-platform-0 [ba29d04a-3e53-4f3c-ae96-4e1b7655b9d4]
2025-01-29 18:41:41,348 INFO c.h.h.t.HelmChartContainer - [test-hivemq-platform] [hivemq] [ba29d04a] WARN  - [HiveMQ Platform Operator Init App 1.7.0-SNAPSHOT] Cannot connect to Health API for readiness: null
2025-01-29 18:41:41,354 INFO c.h.h.t.HelmChartContainer - [EVENT] Warning [Unhealthy] Readiness probe failed: HTTP probe failed with statuscode: 503 [helmadditionalbrokerlicensesit:test-hivemq-platform-0]
2025-01-29 18:41:41,355 INFO c.h.h.t.HelmChartContainer - Received Unhealthy event for container hivemq in pod test-hivemq-platform-0 [ba29d04a-3e53-4f3c-ae96-4e1b7655b9d4]
2025-01-29 18:41:41,369 INFO c.h.h.t.HelmChartContainer - [hivemq-test-hivemq-platform] [hivemq-platform-operator] [af61637f] 18:41:41.365 [pool-6-thread-46] DEBUG c.h.p.o.d.PlatformServiceResource - [helmaddi] Desired Platform services (3 services)
2025-01-29 18:41:41,369 INFO c.h.h.t.HelmChartContainer - [hivemq-test-hivemq-platform] [hivemq-platform-operator] [af61637f] 18:41:41.367 [pool-6-thread-42] DEBUG c.h.p.o.dependants.PodInfoConfigMap - [helmaddi] Desired PodInfo ConfigMap (1 extensions) (1 enabled)
2025-01-29 18:41:41,370 INFO c.h.h.t.HelmChartContainer - [hivemq-test-hivemq-platform] [hivemq-platform-operator] [af61637f] 18:41:41.367 [pool-6-thread-42] DEBUG c.h.p.o.dependants.PodInfoConfigMap - [helmaddi] Desired PodInfo ConfigMap (metrics port: 9399) (metrics path: /)
2025-01-29 18:41:41,370 INFO c.h.h.t.HelmChartContainer - [hivemq-test-hivemq-platform] [hivemq-platform-operator] [af61637f] 18:41:41.367 [pool-6-thread-42] DEBUG c.h.p.o.dependants.PodInfoConfigMap - [helmaddi] Desired PodInfo ConfigMap (extension state hash: -1817474005)
2025-01-29 18:41:41,370 INFO c.h.h.t.HelmChartContainer - [hivemq-test-hivemq-platform] [hivemq-platform-operator] [af61637f] 18:41:41.368 [pool-6-thread-48] DEBUG c.h.p.o.d.PodServiceAccountResource - [helmaddi] Desired PodServiceAccountResource (serviceAccountName: hivemq-platform-pod-test-hivemq-platform)
2025-01-29 18:41:41,375 INFO c.h.h.t.HelmChartContainer - [hivemq-test-hivemq-platform] [hivemq-platform-operator] [af61637f] 18:41:41.374 [pool-6-thread-48] DEBUG c.h.p.o.d.StatefulSetResource - [helmaddi] Desired StatefulSet (1 replicas) for status STARTING (READY)
2025-01-29 18:41:41,378 INFO c.h.h.t.HelmChartContainer - [hivemq-test-hivemq-platform] [hivemq-platform-operator] [af61637f] 18:41:41.377 [ReconcilerExecutor-hivemq-controller-112] INFO  c.h.p.o.HiveMQPlatformReconciler - [helmaddi] Reconciling HiveMQ Platform 'test-hivemq-platform' in namespace 'helmadditionalbrokerlicensesit'
2025-01-29 18:41:41,379 INFO c.h.h.t.HelmChartContainer - [hivemq-test-hivemq-platform] [hivemq-platform-operator] [af61637f] 18:41:41.377 [ReconcilerExecutor-hivemq-controller-112] DEBUG c.h.p.o.HiveMQPlatformReconciler - [helmaddi] Custom Resource Status STARTING - HiveMQ Platform is starting (READY)
2025-01-29 18:41:41,380 INFO c.h.h.t.HelmChartContainer - [hivemq-test-hivemq-platform] [hivemq-platform-operator] [af61637f] 18:41:41.377 [ReconcilerExecutor-hivemq-controller-112] DEBUG c.h.p.o.HiveMQPlatformReconciler - [helmaddi] Custom Resource Spec (replicas: 1) (extensions: 1)
2025-01-29 18:41:41,381 INFO c.h.h.t.HelmChartContainer - [hivemq-test-hivemq-platform] [hivemq-platform-operator] [af61637f] 18:41:41.379 [ReconcilerExecutor-hivemq-controller-112] DEBUG c.h.p.o.HiveMQPlatformReconciler - [helmaddi] StatefulSet Status (revision: test-hivemq-platform-74bd755ffb, replicas: 1, available: 0, ready: 0, current: 1, updated: 1)
2025-01-29 18:41:41,381 INFO c.h.h.t.HelmChartContainer - [hivemq-test-hivemq-platform] [hivemq-platform-operator] [af61637f] 18:41:41.379 [ReconcilerExecutor-hivemq-controller-112] DEBUG c.h.p.o.HiveMQPlatformReconciler - [helmaddi] StatefulSet Spec (replicas: 1, init containers: 1, containers: 1, volumes: 4)
2025-01-29 18:41:41,384 INFO c.h.h.t.HelmChartContainer - [hivemq-test-hivemq-platform] [hivemq-platform-operator] [af61637f] 18:41:41.383 [ReconcilerExecutor-hivemq-controller-112] DEBUG c.h.p.o.h.HiveMQPlatformReconcilerErrorHandler - [helmaddi] Pod 'test-hivemq-platform-0' phase Running
2025-01-29 18:41:41,385 INFO c.h.h.t.HelmChartContainer - [hivemq-test-hivemq-platform] [hivemq-platform-operator] [af61637f] 18:41:41.384 [ReconcilerExecutor-hivemq-controller-112] INFO  c.h.p.o.h.HiveMQPlatformReconcilerBaseHandler - [helmaddi] HiveMQ Platform is starting, 0 of 1 replicas are ready
2025-01-29 18:41:42,050 INFO c.h.h.t.HelmChartContainer - [test-hivemq-platform] [hivemq] [ba29d04a] WARN  - [HiveMQ Platform Operator Init App 1.7.0-SNAPSHOT] Cannot connect to Health API for liveness: null
2025-01-29 18:41:42,050 INFO c.h.h.t.HelmChartContainer - [test-hivemq-platform] [hivemq] [ba29d04a] INFO  - [HiveMQ Platform Operator Init App 1.7.0-SNAPSHOT] Returning default Health API response 200 for liveness
2025-01-29 18:41:42,756 INFO c.h.h.t.HelmChartContainer - [test-hivemq-platform] [hivemq] [ba29d04a] WARN  - License file broker.lic is corrupt.
2025-01-29 18:41:42,756 INFO c.h.h.testcontainer.LogWaiterUtil - TEST Found log pattern on 'test-hivemq-platform-0': .*License file broker.lic is corrupt.
2025-01-29 18:41:42,758 INFO c.h.h.t.HelmChartContainer - [test-hivemq-platform] [hivemq] [ba29d04a] INFO  - No valid license file found. Using trial license, restricted to 25 connections.
2025-01-29 18:41:46,065 INFO c.h.h.t.HelmChartContainer - [test-hivemq-platform] [hivemq] [ba29d04a] INFO  - No valid license file for Data Hub found. Using free license, restricted to 1 policy.
2025-01-29 18:41:46,355 INFO c.h.h.t.HelmChartContainer - [test-hivemq-platform] [hivemq] [ba29d04a] WARN  - [HiveMQ Platform Operator Init App 1.7.0-SNAPSHOT] Cannot connect to Health API for readiness: null
2025-01-29 18:41:46,358 INFO c.h.h.t.HelmChartContainer - [EVENT] Warning [Unhealthy] Readiness probe failed: HTTP probe failed with statuscode: 503 [helmadditionalbrokerlicensesit:test-hivemq-platform-0]
2025-01-29 18:41:46,358 INFO c.h.h.t.HelmChartContainer - Received Unhealthy event for container hivemq in pod test-hivemq-platform-0 [ba29d04a-3e53-4f3c-ae96-4e1b7655b9d4]
2025-01-29 18:41:47,372 INFO c.h.h.t.HelmChartContainer - [test-hivemq-platform] [hivemq] [ba29d04a] INFO  - Audit Logger started.
2025-01-29 18:41:47,668 INFO c.h.h.t.HelmChartContainer - [test-hivemq-platform] [hivemq] [ba29d04a] INFO  - This node uses '1' CPU cores.
2025-01-29 18:41:47,673 INFO c.h.h.t.HelmChartContainer - [test-hivemq-platform] [hivemq] [ba29d04a] INFO  - Starting HiveMQ Health API on address 0.0.0.0 and port 8889
2025-01-29 18:41:48,547 INFO c.h.h.t.HelmChartContainer - [test-hivemq-platform] [hivemq] [ba29d04a] INFO  - Started HiveMQ Health API in 874ms
2025-01-29 18:41:49,161 INFO c.h.h.t.HelmChartContainer - [test-hivemq-platform] [hivemq] [ba29d04a] INFO  - Starting HiveMQ extension system.
2025-01-29 18:41:49,460 INFO c.h.h.t.HelmChartContainer - [test-hivemq-platform] [hivemq] [ba29d04a] INFO  - Starting extension with id "hivemq-dns-cluster-discovery" at /opt/hivemq/extensions/hivemq-dns-cluster-discovery
2025-01-29 18:41:49,961 INFO c.h.h.t.HelmChartContainer - [test-hivemq-platform] [hivemq] [ba29d04a] INFO  - Using TCP cluster transport on address 10.42.0.10 and port 7000
2025-01-29 18:41:50,048 INFO c.h.h.t.HelmChartContainer - [test-hivemq-platform] [hivemq] [ba29d04a] INFO  - Using extension cluster discovery
2025-01-29 18:41:50,049 INFO c.h.h.t.HelmChartContainer - [test-hivemq-platform] [hivemq] [ba29d04a] INFO  - Extension "DNS Cluster Discovery Extension" version 4.3.2 started successfully.
2025-01-29 18:41:50,050 INFO c.h.h.t.HelmChartContainer - [test-hivemq-platform] [hivemq] [ba29d04a] INFO  - Starting extension with id "hivemq-prometheus-extension" at /opt/hivemq/extensions/hivemq-prometheus-extension
2025-01-29 18:41:51,052 INFO c.h.h.t.HelmChartContainer - [test-hivemq-platform] [hivemq] [ba29d04a] INFO  - Started Jetty Server exposing Prometheus Servlet on URI http://0.0.0.0:9399/
2025-01-29 18:41:51,052 INFO c.h.h.t.HelmChartContainer - [test-hivemq-platform] [hivemq] [ba29d04a] INFO  - Extension "Prometheus Monitoring Extension" version 4.0.12 started successfully.
2025-01-29 18:41:51,053 INFO c.h.h.t.HelmChartContainer - [test-hivemq-platform] [hivemq] [ba29d04a] INFO  - Starting extension with id "hivemq-allow-all-extension" at /opt/hivemq/extensions/hivemq-allow-all-extension
2025-01-29 18:41:51,053 INFO c.h.h.t.HelmChartContainer - [test-hivemq-platform] [hivemq] [ba29d04a] WARN  - 
2025-01-29 18:41:51,053 INFO c.h.h.t.HelmChartContainer - [test-hivemq-platform] [hivemq] [ba29d04a] ################################################################################################################
2025-01-29 18:41:51,053 INFO c.h.h.t.HelmChartContainer - [test-hivemq-platform] [hivemq] [ba29d04a] # This HiveMQ deployment is not secure! You are lacking Authentication and Authorization.                      #
2025-01-29 18:41:51,053 INFO c.h.h.t.HelmChartContainer - [test-hivemq-platform] [hivemq] [ba29d04a] # Right now any MQTT client can connect to the broker with a full set of permissions.                          #
2025-01-29 18:41:51,053 INFO c.h.h.t.HelmChartContainer - [test-hivemq-platform] [hivemq] [ba29d04a] # For production usage, add an appropriate security extension and remove the hivemq-allow-all extension.       #
2025-01-29 18:41:51,053 INFO c.h.h.t.HelmChartContainer - [test-hivemq-platform] [hivemq] [ba29d04a] # You can download security extensions from the HiveMQ Marketplace (https://www.hivemq.com/extensions/).       #
2025-01-29 18:41:51,053 INFO c.h.h.t.HelmChartContainer - [test-hivemq-platform] [hivemq] [ba29d04a] ################################################################################################################
2025-01-29 18:41:51,054 INFO c.h.h.t.HelmChartContainer - [test-hivemq-platform] [hivemq] [ba29d04a] INFO  - Extension "Allow All Extension" version 1.1.1 started successfully.
2025-01-29 18:41:51,459 INFO c.h.h.t.HelmChartContainer - [hivemq-test-hivemq-platform] [hivemq-platform-operator] [af61637f] 18:41:51.455 [pool-6-thread-4] DEBUG c.h.p.o.d.PlatformServiceResource - [helmaddi] Desired Platform services (3 services)
2025-01-29 18:41:51,460 INFO c.h.h.t.HelmChartContainer - [hivemq-test-hivemq-platform] [hivemq-platform-operator] [af61637f] 18:41:51.456 [pool-6-thread-2] DEBUG c.h.p.o.dependants.PodInfoConfigMap - [helmaddi] Desired PodInfo ConfigMap (1 extensions) (1 enabled)
2025-01-29 18:41:51,460 INFO c.h.h.t.HelmChartContainer - [hivemq-test-hivemq-platform] [hivemq-platform-operator] [af61637f] 18:41:51.456 [pool-6-thread-2] DEBUG c.h.p.o.dependants.PodInfoConfigMap - [helmaddi] Desired PodInfo ConfigMap (metrics port: 9399) (metrics path: /)
2025-01-29 18:41:51,460 INFO c.h.h.t.HelmChartContainer - [hivemq-test-hivemq-platform] [hivemq-platform-operator] [af61637f] 18:41:51.456 [pool-6-thread-2] DEBUG c.h.p.o.dependants.PodInfoConfigMap - [helmaddi] Desired PodInfo ConfigMap (extension state hash: -1817474005)
2025-01-29 18:41:51,461 INFO c.h.h.t.HelmChartContainer - [hivemq-test-hivemq-platform] [hivemq-platform-operator] [af61637f] 18:41:51.458 [pool-6-thread-5] DEBUG c.h.p.o.d.PodServiceAccountResource - [helmaddi] Desired PodServiceAccountResource (serviceAccountName: hivemq-platform-pod-test-hivemq-platform)
2025-01-29 18:41:51,468 INFO c.h.h.t.HelmChartContainer - [hivemq-test-hivemq-platform] [hivemq-platform-operator] [af61637f] 18:41:51.467 [pool-6-thread-4] DEBUG c.h.p.o.d.StatefulSetResource - [helmaddi] Desired StatefulSet (1 replicas) for status STARTING (READY)
2025-01-29 18:41:51,474 INFO c.h.h.t.HelmChartContainer - [hivemq-test-hivemq-platform] [hivemq-platform-operator] [af61637f] 18:41:51.473 [ReconcilerExecutor-hivemq-controller-113] INFO  c.h.p.o.HiveMQPlatformReconciler - [helmaddi] Reconciling HiveMQ Platform 'test-hivemq-platform' in namespace 'helmadditionalbrokerlicensesit'
2025-01-29 18:41:51,475 INFO c.h.h.t.HelmChartContainer - [hivemq-test-hivemq-platform] [hivemq-platform-operator] [af61637f] 18:41:51.474 [ReconcilerExecutor-hivemq-controller-113] DEBUG c.h.p.o.HiveMQPlatformReconciler - [helmaddi] Custom Resource Status STARTING - HiveMQ Platform is starting (READY)
2025-01-29 18:41:51,475 INFO c.h.h.t.HelmChartContainer - [hivemq-test-hivemq-platform] [hivemq-platform-operator] [af61637f] 18:41:51.474 [ReconcilerExecutor-hivemq-controller-113] DEBUG c.h.p.o.HiveMQPlatformReconciler - [helmaddi] Custom Resource Spec (replicas: 1) (extensions: 1)
2025-01-29 18:41:51,477 INFO c.h.h.t.HelmChartContainer - [hivemq-test-hivemq-platform] [hivemq-platform-operator] [af61637f] 18:41:51.476 [ReconcilerExecutor-hivemq-controller-113] DEBUG c.h.p.o.HiveMQPlatformReconciler - [helmaddi] StatefulSet Status (revision: test-hivemq-platform-74bd755ffb, replicas: 1, available: 0, ready: 0, current: 1, updated: 1)
2025-01-29 18:41:51,477 INFO c.h.h.t.HelmChartContainer - [hivemq-test-hivemq-platform] [hivemq-platform-operator] [af61637f] 18:41:51.476 [ReconcilerExecutor-hivemq-controller-113] DEBUG c.h.p.o.HiveMQPlatformReconciler - [helmaddi] StatefulSet Spec (replicas: 1, init containers: 1, containers: 1, volumes: 4)
2025-01-29 18:41:51,478 INFO c.h.h.t.HelmChartContainer - [hivemq-test-hivemq-platform] [hivemq-platform-operator] [af61637f] 18:41:51.477 [ReconcilerExecutor-hivemq-controller-113] DEBUG c.h.p.o.h.HiveMQPlatformReconcilerErrorHandler - [helmaddi] Pod 'test-hivemq-platform-0' phase Running
2025-01-29 18:41:51,479 INFO c.h.h.t.HelmChartContainer - [hivemq-test-hivemq-platform] [hivemq-platform-operator] [af61637f] 18:41:51.478 [ReconcilerExecutor-hivemq-controller-113] INFO  c.h.p.o.h.HiveMQPlatformReconcilerBaseHandler - [helmaddi] HiveMQ Platform is starting, 0 of 1 replicas are ready
2025-01-29 18:41:51,850 INFO c.h.h.t.HelmChartContainer - [test-hivemq-platform] [hivemq] [ba29d04a] INFO  - [HiveMQ Platform Operator Init App 1.7.0-SNAPSHOT] Returning Health API response 503 for readiness
2025-01-29 18:41:51,855 INFO c.h.h.t.HelmChartContainer - [EVENT] Warning [Unhealthy] Readiness probe failed: HTTP probe failed with statuscode: 503 [helmadditionalbrokerlicensesit:test-hivemq-platform-0]
2025-01-29 18:41:51,855 INFO c.h.h.t.HelmChartContainer - Received Unhealthy event for container hivemq in pod test-hivemq-platform-0 [ba29d04a-3e53-4f3c-ae96-4e1b7655b9d4]
2025-01-29 18:41:53,158 INFO c.h.h.t.HelmChartContainer - [test-hivemq-platform] [hivemq] [ba29d04a] INFO  - uNC4m: no members discovered after 2507 ms: creating cluster as first member
2025-01-29 18:41:53,164 INFO c.h.h.t.HelmChartContainer - [test-hivemq-platform] [hivemq] [ba29d04a] INFO  - Cluster nodes found by discovery: [uNC4m|0] (1) [uNC4m].
2025-01-29 18:41:53,255 INFO c.h.h.t.HelmChartContainer - [test-hivemq-platform] [hivemq] [ba29d04a] WARN  - No user for HiveMQ Control Center configured. Starting with default user
2025-01-29 18:41:53,256 INFO c.h.h.t.HelmChartContainer - [test-hivemq-platform] [hivemq] [ba29d04a] INFO  - Starting HiveMQ Control Center on address 0.0.0.0 and port 8080
2025-01-29 18:41:53,262 INFO c.h.h.t.HelmChartContainer - [test-hivemq-platform] [hivemq] [ba29d04a] INFO  - Mounting HiveMQ Control Center V2 Preview
2025-01-29 18:41:53,962 INFO c.h.h.t.HelmChartContainer - [test-hivemq-platform] [hivemq] [ba29d04a] INFO  - Started HiveMQ Control Center in 708ms
2025-01-29 18:41:54,061 INFO c.h.h.t.HelmChartContainer - [test-hivemq-platform] [hivemq] [ba29d04a] INFO  - Starting TCP listener on address 0.0.0.0 and port 1883
2025-01-29 18:41:54,157 INFO c.h.h.t.HelmChartContainer - [test-hivemq-platform] [hivemq] [ba29d04a] INFO  - Started TCP Listener on address 0.0.0.0 and on port 1883.
2025-01-29 18:41:54,158 INFO c.h.h.t.HelmChartContainer - [test-hivemq-platform] [hivemq] [ba29d04a] INFO  - Started HiveMQ in 31195ms
2025-01-29 18:41:55,517 INFO c.h.h.t.HelmChartContainer - [K3S] [INFO] COMPACT compactRev=0 targetCompactRev=2 currentRev=1124
2025-01-29 18:41:55,518 INFO c.h.h.t.HelmChartContainer - [K3S] [INFO] COMPACT deleted 0 rows from 2 revisions in 921.354µs - compacted to 2/1124
2025-01-29 18:41:55,518 INFO c.h.h.t.HelmChartContainer - [K3S] [INFO] COMPACT compacted from 0 to 2 in 1 transactions over 1ms
2025-01-29 18:41:56,268 INFO c.h.h.t.HelmChartContainer - [test-hivemq-platform] [hivemq] [ba29d04a] INFO  - [HiveMQ Platform Operator Init App 1.7.0-SNAPSHOT] Returning Health API response 200 for readiness
2025-01-29 18:41:56,282 INFO c.h.h.t.HelmChartContainer - [POD] test-hivemq-platform-0 [ba29d04a-3e53-4f3c-ae96-4e1b7655b9d4] in helmadditionalbrokerlicensesit was MODIFIED
2025-01-29 18:41:56,289 INFO c.h.h.t.HelmChartContainer - [hivemq-test-hivemq-platform] [hivemq-platform-operator] [af61637f] 18:41:56.285 [pool-6-thread-17] DEBUG c.h.p.o.d.PlatformServiceResource - [helmaddi] Desired Platform services (3 services)
2025-01-29 18:41:56,291 INFO c.h.h.t.HelmChartContainer - [hivemq-test-hivemq-platform] [hivemq-platform-operator] [af61637f] 18:41:56.286 [pool-6-thread-15] DEBUG c.h.p.o.dependants.PodInfoConfigMap - [helmaddi] Desired PodInfo ConfigMap (1 extensions) (1 enabled)
2025-01-29 18:41:56,291 INFO c.h.h.t.HelmChartContainer - [hivemq-test-hivemq-platform] [hivemq-platform-operator] [af61637f] 18:41:56.287 [pool-6-thread-15] DEBUG c.h.p.o.dependants.PodInfoConfigMap - [helmaddi] Desired PodInfo ConfigMap (metrics port: 9399) (metrics path: /)
2025-01-29 18:41:56,291 INFO c.h.h.t.HelmChartContainer - [hivemq-test-hivemq-platform] [hivemq-platform-operator] [af61637f] 18:41:56.288 [pool-6-thread-15] DEBUG c.h.p.o.dependants.PodInfoConfigMap - [helmaddi] Desired PodInfo ConfigMap (extension state hash: -1817474005)
2025-01-29 18:41:56,298 INFO c.h.h.t.HelmChartContainer - [hivemq-test-hivemq-platform] [hivemq-platform-operator] [af61637f] 18:41:56.288 [pool-6-thread-13] DEBUG c.h.p.o.d.PodServiceAccountResource - [helmaddi] Desired PodServiceAccountResource (serviceAccountName: hivemq-platform-pod-test-hivemq-platform)
2025-01-29 18:41:56,302 INFO c.h.h.t.HelmChartContainer - [hivemq-test-hivemq-platform] [hivemq-platform-operator] [af61637f] 18:41:56.301 [pool-6-thread-17] DEBUG c.h.p.o.d.StatefulSetResource - [helmaddi] Desired StatefulSet (1 replicas) for status STARTING (READY)
2025-01-29 18:41:56,353 INFO c.h.h.t.HelmChartContainer - [hivemq-test-hivemq-platform] [hivemq-platform-operator] [af61637f] 18:41:56.352 [ReconcilerExecutor-hivemq-controller-114] INFO  c.h.p.o.HiveMQPlatformReconciler - [helmaddi] Reconciling HiveMQ Platform 'test-hivemq-platform' in namespace 'helmadditionalbrokerlicensesit'
2025-01-29 18:41:56,354 INFO c.h.h.t.HelmChartContainer - [hivemq-test-hivemq-platform] [hivemq-platform-operator] [af61637f] 18:41:56.352 [ReconcilerExecutor-hivemq-controller-114] DEBUG c.h.p.o.HiveMQPlatformReconciler - [helmaddi] Custom Resource Status STARTING - HiveMQ Platform is starting (READY)
2025-01-29 18:41:56,354 INFO c.h.h.t.HelmChartContainer - [hivemq-test-hivemq-platform] [hivemq-platform-operator] [af61637f] 18:41:56.352 [ReconcilerExecutor-hivemq-controller-114] DEBUG c.h.p.o.HiveMQPlatformReconciler - [helmaddi] Custom Resource Spec (replicas: 1) (extensions: 1)
2025-01-29 18:41:56,355 INFO c.h.h.t.HelmChartContainer - [hivemq-test-hivemq-platform] [hivemq-platform-operator] [af61637f] 18:41:56.354 [ReconcilerExecutor-hivemq-controller-114] DEBUG c.h.p.o.HiveMQPlatformReconciler - [helmaddi] StatefulSet Status (revision: test-hivemq-platform-74bd755ffb, replicas: 1, available: 1, ready: 1, current: 1, updated: 1)
2025-01-29 18:41:56,355 INFO c.h.h.t.HelmChartContainer - [hivemq-test-hivemq-platform] [hivemq-platform-operator] [af61637f] 18:41:56.354 [ReconcilerExecutor-hivemq-controller-114] DEBUG c.h.p.o.HiveMQPlatformReconciler - [helmaddi] StatefulSet Spec (replicas: 1, init containers: 1, containers: 1, volumes: 4)
2025-01-29 18:41:56,356 INFO c.h.h.t.HelmChartContainer - [hivemq-test-hivemq-platform] [hivemq-platform-operator] [af61637f] 18:41:56.355 [ReconcilerExecutor-hivemq-controller-114] DEBUG c.h.p.o.h.HiveMQPlatformReconcilerErrorHandler - [helmaddi] Pod 'test-hivemq-platform-0' phase Running
2025-01-29 18:41:56,359 INFO c.h.h.t.HelmChartContainer - [hivemq-test-hivemq-platform] [hivemq-platform-operator] [af61637f] 18:41:56.356 [ReconcilerExecutor-hivemq-controller-114] INFO  c.h.p.o.h.HiveMQPlatformReconcilerBaseHandler - [helmaddi] HiveMQ Platform started successfully
2025-01-29 18:41:56,460 INFO c.h.h.t.HelmChartContainer - [hivemq-test-hivemq-platform] [hivemq-platform-operator] [af61637f] 18:41:56.459 [ReconcilerExecutor-hivemq-controller-114] DEBUG c.h.p.operator.event.EventSender - [helmaddi] Creating K8s event hivemq-platform-ready: [Ready] HiveMQ Platform is ready
2025-01-29 18:41:56,464 INFO c.h.h.t.HelmChartContainer - [EVENT] Normal [Ready] HiveMQ Platform is ready [helmadditionalbrokerlicensesit:test-hivemq-platform]
2025-01-29 18:41:56,466 INFO c.h.h.t.HelmChartContainer - [hivemq-test-hivemq-platform] [hivemq-platform-operator] [af61637f] 18:41:56.465 [ReconcilerExecutor-hivemq-controller-114] INFO  c.h.p.o.h.AbstractHiveMQReconcilerStateHandler - [helmaddi] Update HiveMQ Platform Status (STARTING [READY] -> RUNNING [READY]): HiveMQ Platform is ready
2025-01-29 18:41:56,498 DEBUG com.hivemq.helmcharts.util.K8sUtil - Comparing actual state 'RUNNING' and waiting for 'RUNNING'
2025-01-29 18:41:56,557 INFO c.h.h.t.HelmChartContainer - [hivemq-test-hivemq-platform] [hivemq-platform-operator] [af61637f] 18:41:56.553 [pool-6-thread-26] DEBUG c.h.p.o.d.PlatformServiceResource - [helmaddi] Desired Platform services (3 services)
2025-01-29 18:41:56,557 INFO c.h.h.t.HelmChartContainer - [hivemq-test-hivemq-platform] [hivemq-platform-operator] [af61637f] 18:41:56.554 [pool-6-thread-24] DEBUG c.h.p.o.dependants.PodInfoConfigMap - [helmaddi] Desired PodInfo ConfigMap (1 extensions) (1 enabled)
2025-01-29 18:41:56,557 INFO c.h.h.t.HelmChartContainer - [hivemq-test-hivemq-platform] [hivemq-platform-operator] [af61637f] 18:41:56.555 [pool-6-thread-24] DEBUG c.h.p.o.dependants.PodInfoConfigMap - [helmaddi] Desired PodInfo ConfigMap (metrics port: 9399) (metrics path: /)
2025-01-29 18:41:56,557 INFO c.h.h.t.HelmChartContainer - [hivemq-test-hivemq-platform] [hivemq-platform-operator] [af61637f] 18:41:56.555 [pool-6-thread-24] DEBUG c.h.p.o.dependants.PodInfoConfigMap - [helmaddi] Desired PodInfo ConfigMap (extension state hash: -1817474005)
2025-01-29 18:41:56,557 INFO c.h.h.t.HelmChartContainer - [hivemq-test-hivemq-platform] [hivemq-platform-operator] [af61637f] 18:41:56.555 [pool-6-thread-24] DEBUG c.h.p.o.dependants.PodInfoConfigMap - [helmaddi] Update PodInfo ConfigMap
2025-01-29 18:41:56,559 INFO c.h.h.t.HelmChartContainer - [hivemq-test-hivemq-platform] [hivemq-platform-operator] [af61637f] 18:41:56.558 [pool-6-thread-23] DEBUG c.h.p.o.d.PodServiceAccountResource - [helmaddi] Desired PodServiceAccountResource (serviceAccountName: hivemq-platform-pod-test-hivemq-platform)
2025-01-29 18:41:56,599 INFO c.h.h.t.HelmChartContainer - [hivemq-test-hivemq-platform] [hivemq-platform-operator] [af61637f] 18:41:56.598 [pool-6-thread-24] DEBUG c.h.p.o.d.StatefulSetResource - [helmaddi] Desired StatefulSet (1 replicas) for status RUNNING (READY)
2025-01-29 18:41:56,653 INFO c.h.h.t.HelmChartContainer - [hivemq-test-hivemq-platform] [hivemq-platform-operator] [af61637f] 18:41:56.651 [ReconcilerExecutor-hivemq-controller-115] INFO  c.h.p.o.HiveMQPlatformReconciler - [helmaddi] Reconciling HiveMQ Platform 'test-hivemq-platform' in namespace 'helmadditionalbrokerlicensesit'
2025-01-29 18:41:56,653 INFO c.h.h.t.HelmChartContainer - [hivemq-test-hivemq-platform] [hivemq-platform-operator] [af61637f] 18:41:56.651 [ReconcilerExecutor-hivemq-controller-115] DEBUG c.h.p.o.HiveMQPlatformReconciler - [helmaddi] Custom Resource Status RUNNING - HiveMQ Platform is ready (READY)
2025-01-29 18:41:56,653 INFO c.h.h.t.HelmChartContainer - [hivemq-test-hivemq-platform] [hivemq-platform-operator] [af61637f] 18:41:56.651 [ReconcilerExecutor-hivemq-controller-115] DEBUG c.h.p.o.HiveMQPlatformReconciler - [helmaddi] Custom Resource Spec (replicas: 1) (extensions: 1)
2025-01-29 18:41:56,655 INFO c.h.h.t.HelmChartContainer - [hivemq-test-hivemq-platform] [hivemq-platform-operator] [af61637f] 18:41:56.654 [ReconcilerExecutor-hivemq-controller-115] DEBUG c.h.p.o.HiveMQPlatformReconciler - [helmaddi] StatefulSet Status (revision: test-hivemq-platform-74bd755ffb, replicas: 1, available: 1, ready: 1, current: 1, updated: 1)
2025-01-29 18:41:56,655 INFO c.h.h.t.HelmChartContainer - [hivemq-test-hivemq-platform] [hivemq-platform-operator] [af61637f] 18:41:56.654 [ReconcilerExecutor-hivemq-controller-115] DEBUG c.h.p.o.HiveMQPlatformReconciler - [helmaddi] StatefulSet Spec (replicas: 1, init containers: 1, containers: 1, volumes: 4)
2025-01-29 18:41:56,657 INFO c.h.h.t.HelmChartContainer - [hivemq-test-hivemq-platform] [hivemq-platform-operator] [af61637f] 18:41:56.657 [ReconcilerExecutor-hivemq-controller-115] DEBUG c.h.p.o.h.HiveMQPlatformReconcilerErrorHandler - [helmaddi] Pod 'test-hivemq-platform-0' phase Running
2025-01-29 18:41:58,091 INFO c.h.h.t.HelmChartContainer - [K3S] [info.go:53] Couldn't collect info from any of the files in "/etc/machine-id,/var/lib/dbus/machine-id"
2025-01-29 18:42:00,513 INFO c.h.h.t.HelmChartContainer - Uninstalling release 'test-hivemq-platform' in namespace 'helmadditionalbrokerlicensesit'...
2025-01-29 18:42:00,513 DEBUG c.h.h.t.HelmChartContainer - Executing helm command: /bin/helm --kubeconfig /etc/rancher/k3s/k3s.yaml uninstall test-hivemq-platform  --wait --timeout 5m0s --cascade foreground --namespace helmadditionalbrokerlicensesit
2025-01-29 18:42:00,718 INFO c.h.h.t.HelmChartContainer - [hivemq-test-hivemq-platform] [hivemq-platform-operator] [af61637f] 18:42:00.715 [pool-6-thread-39] DEBUG c.h.p.o.d.PlatformServiceResource - [helmaddi] Desired Platform services (3 services)
2025-01-29 18:42:00,721 INFO c.h.h.t.HelmChartContainer - [hivemq-test-hivemq-platform] [hivemq-platform-operator] [af61637f] 18:42:00.719 [pool-6-thread-31] DEBUG c.h.p.o.d.PodServiceAccountResource - [helmaddi] Desired PodServiceAccountResource (serviceAccountName: hivemq-platform-pod-test-hivemq-platform)
2025-01-29 18:42:00,793 INFO c.h.h.t.HelmChartContainer - [hivemq-test-hivemq-platform] [hivemq-platform-operator] [af61637f] 18:42:00.789 [pool-6-thread-33] DEBUG c.h.p.o.dependants.PodInfoConfigMap - [helmaddi] Desired PodInfo ConfigMap (1 extensions) (1 enabled)
2025-01-29 18:42:00,793 INFO c.h.h.t.HelmChartContainer - [hivemq-test-hivemq-platform] [hivemq-platform-operator] [af61637f] 18:42:00.789 [pool-6-thread-33] DEBUG c.h.p.o.dependants.PodInfoConfigMap - [helmaddi] Desired PodInfo ConfigMap (metrics port: 9399) (metrics path: /)
2025-01-29 18:42:00,793 INFO c.h.h.t.HelmChartContainer - [hivemq-test-hivemq-platform] [hivemq-platform-operator] [af61637f] 18:42:00.790 [pool-6-thread-33] DEBUG c.h.p.o.dependants.PodInfoConfigMap - [helmaddi] Desired PodInfo ConfigMap (extension state hash: -1817474005)
2025-01-29 18:42:00,797 INFO c.h.h.t.HelmChartContainer - [hivemq-test-hivemq-platform] [hivemq-platform-operator] [af61637f] 18:42:00.795 [pool-6-thread-39] DEBUG c.h.p.o.d.StatefulSetResource - [helmaddi] Desired StatefulSet (1 replicas) for status RUNNING (READY)
2025-01-29 18:42:00,804 INFO c.h.h.t.HelmChartContainer - [hivemq-test-hivemq-platform] [hivemq-platform-operator] [af61637f] 18:42:00.803 [pool-6-thread-39] DEBUG c.h.p.o.d.StatefulSetResource - [helmaddi] Update StatefulSet (replicas: 1 -> 1)
2025-01-29 18:42:00,806 INFO c.h.h.t.HelmChartContainer - [hivemq-test-hivemq-platform] [hivemq-platform-operator] [af61637f] 18:42:00.804 [pool-6-thread-39] DEBUG c.h.p.o.d.StatefulSetResource - [helmaddi] Detected change in StatefulSet specification (path: /template/metadata/annotations/kubernetes-resource-versions) (actual value: {broker-configuration-v2=-2089688360}) (target value: {broker-configuration-v2=0})
2025-01-29 18:42:00,807 INFO c.h.h.t.HelmChartContainer - [hivemq-test-hivemq-platform] [hivemq-platform-operator] [af61637f] 18:42:00.804 [pool-6-thread-39] INFO  c.h.p.o.d.StatefulSetResource - [helmaddi] StatefulSet spec was updated, triggering rolling restart
2025-01-29 18:42:00,899 INFO c.h.h.t.HelmChartContainer - [hivemq-test-hivemq-platform] [hivemq-platform-operator] [af61637f] 18:42:00.897 [ReconcilerExecutor-hivemq-controller-116] INFO  c.h.p.o.HiveMQPlatformReconciler - [helmaddi] Reconciling HiveMQ Platform 'test-hivemq-platform' in namespace 'helmadditionalbrokerlicensesit'
2025-01-29 18:42:00,900 INFO c.h.h.t.HelmChartContainer - [hivemq-test-hivemq-platform] [hivemq-platform-operator] [af61637f] 18:42:00.899 [ReconcilerExecutor-hivemq-controller-116] DEBUG c.h.p.o.HiveMQPlatformReconciler - [helmaddi] Custom Resource Status RUNNING - HiveMQ Platform is ready (READY) (reconciliation requests: ROLLING_RESTART, REQUESTS_UPDATED)
2025-01-29 18:42:00,900 INFO c.h.h.t.HelmChartContainer - [hivemq-test-hivemq-platform] [hivemq-platform-operator] [af61637f] 18:42:00.899 [ReconcilerExecutor-hivemq-controller-116] DEBUG c.h.p.o.HiveMQPlatformReconciler - [helmaddi] Custom Resource Spec (replicas: 1) (extensions: 1)
2025-01-29 18:42:00,902 INFO c.h.h.t.HelmChartContainer - [hivemq-test-hivemq-platform] [hivemq-platform-operator] [af61637f] 18:42:00.901 [ReconcilerExecutor-hivemq-controller-116] WARN  c.h.p.o.h.HiveMQPlatformReconcilerErrorHandler - [helmaddi] Could not find ConfigMap 'hivemq-configuration-test-hivemq-platform' for HiveMQ Platform configuration
2025-01-29 18:42:01,005 INFO c.h.h.t.HelmChartContainer - [hivemq-test-hivemq-platform] [hivemq-platform-operator] [af61637f] 18:42:01.004 [ReconcilerExecutor-hivemq-controller-116] DEBUG c.h.p.operator.event.EventSender - [helmaddi] Creating K8s event hivemq-platform-invalid-configuration: [Start] Could not find ConfigMap 'hivemq-configuration-test-hivemq-platform' for HiveMQ Platform configuration
2025-01-29 18:42:01,055 INFO c.h.h.t.HelmChartContainer - [EVENT] Warning [Start] Could not find ConfigMap 'hivemq-configuration-test-hivemq-platform' for HiveMQ Platform configuration [helmadditionalbrokerlicensesit:test-hivemq-platform]
2025-01-29 18:42:01,091 INFO c.h.h.t.HelmChartContainer - [hivemq-test-hivemq-platform] [hivemq-platform-operator] [af61637f] 18:42:01.090 [ReconcilerExecutor-hivemq-controller-116] INFO  c.h.p.o.h.AbstractHiveMQReconcilerStateHandler - [helmaddi] Update HiveMQ Platform Status (RUNNING [READY] -> ERROR [INVALID_CONFIG_MAP]): Could not find ConfigMap 'hivemq-configuration-test-hivemq-platform' for HiveMQ Platform configuration (reconciliation requests: ROLLING_RESTART)
2025-01-29 18:42:01,103 INFO c.h.h.t.HelmChartContainer - [hivemq-test-hivemq-platform] [hivemq-platform-operator] [af61637f] 18:42:01.099 [ReconcilerExecutor-hivemq-controller-116] ERROR i.j.o.p.event.EventProcessor - Error during event processing ExecutionScope{ resource id: ResourceID{name='test-hivemq-platform', namespace='helmadditionalbrokerlicensesit'}, version: 1135}
2025-01-29 18:42:01,103 INFO c.h.h.t.HelmChartContainer - [hivemq-test-hivemq-platform] [hivemq-platform-operator] [af61637f] io.fabric8.kubernetes.client.KubernetesClientException: Failure executing: PUT at: https://10.43.0.1:443/apis/hivemq.com/v1/namespaces/helmadditionalbrokerlicensesit/hivemq-platforms/test-hivemq-platform/status. Message: Operation cannot be fulfilled on hivemq-platforms.hivemq.com "test-hivemq-platform": the object has been modified; please apply your changes to the latest version and try again. Received status: Status(apiVersion=v1, code=409, details=StatusDetails(causes=[], group=hivemq.com, kind=hivemq-platforms, name=test-hivemq-platform, retryAfterSeconds=null, uid=null, additionalProperties={}), kind=Status, message=Operation cannot be fulfilled on hivemq-platforms.hivemq.com "test-hivemq-platform": the object has been modified; please apply your changes to the latest version and try again, metadata=ListMeta(_continue=null, remainingItemCount=null, resourceVersion=null, selfLink=null, additionalProperties={}), reason=Conflict, status=Failure, additionalProperties={}).
2025-01-29 18:42:01,103 INFO c.h.h.t.HelmChartContainer - [hivemq-test-hivemq-platform] [hivemq-platform-operator] [af61637f] 	at io.fabric8.kubernetes.client.KubernetesClientException.copyAsCause(KubernetesClientException.java:238)
2025-01-29 18:42:01,103 INFO c.h.h.t.HelmChartContainer - [hivemq-test-hivemq-platform] [hivemq-platform-operator] [af61637f] 	at io.fabric8.kubernetes.client.dsl.internal.OperationSupport.waitForResult(OperationSupport.java:507)
2025-01-29 18:42:01,103 INFO c.h.h.t.HelmChartContainer - [hivemq-test-hivemq-platform] [hivemq-platform-operator] [af61637f] 	at io.fabric8.kubernetes.client.dsl.internal.OperationSupport.handleResponse(OperationSupport.java:524)
2025-01-29 18:42:01,103 INFO c.h.h.t.HelmChartContainer - [hivemq-test-hivemq-platform] [hivemq-platform-operator] [af61637f] 	at io.fabric8.kubernetes.client.dsl.internal.OperationSupport.handleUpdate(OperationSupport.java:358)
2025-01-29 18:42:01,103 INFO c.h.h.t.HelmChartContainer - [hivemq-test-hivemq-platform] [hivemq-platform-operator] [af61637f] 	at io.fabric8.kubernetes.client.dsl.internal.BaseOperation.handleUpdate(BaseOperation.java:759)
2025-01-29 18:42:01,103 INFO c.h.h.t.HelmChartContainer - [hivemq-test-hivemq-platform] [hivemq-platform-operator] [af61637f] 	at io.fabric8.kubernetes.client.dsl.internal.HasMetadataOperation.update(HasMetadataOperation.java:138)
2025-01-29 18:42:01,103 INFO c.h.h.t.HelmChartContainer - [hivemq-test-hivemq-platform] [hivemq-platform-operator] [af61637f] 	at io.fabric8.kubernetes.client.dsl.internal.HasMetadataOperation.update(HasMetadataOperation.java:121)
2025-01-29 18:42:01,103 INFO c.h.h.t.HelmChartContainer - [hivemq-test-hivemq-platform] [hivemq-platform-operator] [af61637f] 	at io.fabric8.kubernetes.client.dsl.internal.HasMetadataOperation.updateStatus(HasMetadataOperation.java:126)
2025-01-29 18:42:01,103 INFO c.h.h.t.HelmChartContainer - [hivemq-test-hivemq-platform] [hivemq-platform-operator] [af61637f] 	at io.fabric8.kubernetes.client.dsl.internal.HasMetadataOperation.updateStatus(HasMetadataOperation.java:44)
2025-01-29 18:42:01,103 INFO c.h.h.t.HelmChartContainer - [hivemq-test-hivemq-platform] [hivemq-platform-operator] [af61637f] 	at io.javaoperatorsdk.operator.processing.event.ReconciliationDispatcher$CustomResourceFacade.updateStatus(ReconciliationDispatcher.java:408)
2025-01-29 18:42:01,103 INFO c.h.h.t.HelmChartContainer - [hivemq-test-hivemq-platform] [hivemq-platform-operator] [af61637f] 	at io.javaoperatorsdk.operator.processing.event.ReconciliationDispatcher.updateStatusGenerationAware(ReconciliationDispatcher.java:228)
2025-01-29 18:42:01,103 INFO c.h.h.t.HelmChartContainer - [hivemq-test-hivemq-platform] [hivemq-platform-operator] [af61637f] 	at io.javaoperatorsdk.operator.processing.event.ReconciliationDispatcher.reconcileExecution(ReconciliationDispatcher.java:150)
2025-01-29 18:42:01,103 INFO c.h.h.t.HelmChartContainer - [hivemq-test-hivemq-platform] [hivemq-platform-operator] [af61637f] 	at io.javaoperatorsdk.operator.processing.event.ReconciliationDispatcher.handleReconcile(ReconciliationDispatcher.java:117)
2025-01-29 18:42:01,103 INFO c.h.h.t.HelmChartContainer - [hivemq-test-hivemq-platform] [hivemq-platform-operator] [af61637f] 	at io.javaoperatorsdk.operator.processing.event.ReconciliationDispatcher.handleDispatch(ReconciliationDispatcher.java:91)
2025-01-29 18:42:01,104 INFO c.h.h.t.HelmChartContainer - [hivemq-test-hivemq-platform] [hivemq-platform-operator] [af61637f] 	at io.javaoperatorsdk.operator.processing.event.ReconciliationDispatcher.handleExecution(ReconciliationDispatcher.java:64)
2025-01-29 18:42:01,104 INFO c.h.h.t.HelmChartContainer - [hivemq-test-hivemq-platform] [hivemq-platform-operator] [af61637f] 	at io.javaoperatorsdk.operator.processing.event.EventProcessor$ReconcilerExecutor.run(EventProcessor.java:452)
2025-01-29 18:42:01,104 INFO c.h.h.t.HelmChartContainer - [hivemq-test-hivemq-platform] [hivemq-platform-operator] [af61637f] 	at java.base/java.util.concurrent.ThreadPoolExecutor.runWorker(Unknown Source)
2025-01-29 18:42:01,104 INFO c.h.h.t.HelmChartContainer - [hivemq-test-hivemq-platform] [hivemq-platform-operator] [af61637f] 	at java.base/java.util.concurrent.ThreadPoolExecutor$Worker.run(Unknown Source)
2025-01-29 18:42:01,104 INFO c.h.h.t.HelmChartContainer - [hivemq-test-hivemq-platform] [hivemq-platform-operator] [af61637f] 	at java.base/java.lang.Thread.run(Unknown Source)
2025-01-29 18:42:01,104 INFO c.h.h.t.HelmChartContainer - [hivemq-test-hivemq-platform] [hivemq-platform-operator] [af61637f] Caused by: io.fabric8.kubernetes.client.KubernetesClientException: Failure executing: PUT at: https://10.43.0.1:443/apis/hivemq.com/v1/namespaces/helmadditionalbrokerlicensesit/hivemq-platforms/test-hivemq-platform/status. Message: Operation cannot be fulfilled on hivemq-platforms.hivemq.com "test-hivemq-platform": the object has been modified; please apply your changes to the latest version and try again. Received status: Status(apiVersion=v1, code=409, details=StatusDetails(causes=[], group=hivemq.com, kind=hivemq-platforms, name=test-hivemq-platform, retryAfterSeconds=null, uid=null, additionalProperties={}), kind=Status, message=Operation cannot be fulfilled on hivemq-platforms.hivemq.com "test-hivemq-platform": the object has been modified; please apply your changes to the latest version and try again, metadata=ListMeta(_continue=null, remainingItemCount=null, resourceVersion=null, selfLink=null, additionalProperties={}), reason=Conflict, status=Failure, additionalProperties={}).
2025-01-29 18:42:01,104 INFO c.h.h.t.HelmChartContainer - [hivemq-test-hivemq-platform] [hivemq-platform-operator] [af61637f] 	at io.fabric8.kubernetes.client.dsl.internal.OperationSupport.requestFailure(OperationSupport.java:660)
2025-01-29 18:42:01,104 INFO c.h.h.t.HelmChartContainer - [hivemq-test-hivemq-platform] [hivemq-platform-operator] [af61637f] 	at io.fabric8.kubernetes.client.dsl.internal.OperationSupport.requestFailure(OperationSupport.java:640)
2025-01-29 18:42:01,104 INFO c.h.h.t.HelmChartContainer - [hivemq-test-hivemq-platform] [hivemq-platform-operator] [af61637f] 	at io.fabric8.kubernetes.client.dsl.internal.OperationSupport.assertResponseCode(OperationSupport.java:589)
2025-01-29 18:42:01,104 INFO c.h.h.t.HelmChartContainer - [hivemq-test-hivemq-platform] [hivemq-platform-operator] [af61637f] 	at io.fabric8.kubernetes.client.dsl.internal.OperationSupport.lambda$handleResponse$0(OperationSupport.java:549)
2025-01-29 18:42:01,104 INFO c.h.h.t.HelmChartContainer - [hivemq-test-hivemq-platform] [hivemq-platform-operator] [af61637f] 	at java.base/java.util.concurrent.CompletableFuture$UniApply.tryFire(Unknown Source)
2025-01-29 18:42:01,104 INFO c.h.h.t.HelmChartContainer - [hivemq-test-hivemq-platform] [hivemq-platform-operator] [af61637f] 	at java.base/java.util.concurrent.CompletableFuture.postComplete(Unknown Source)
2025-01-29 18:42:01,104 INFO c.h.h.t.HelmChartContainer - [hivemq-test-hivemq-platform] [hivemq-platform-operator] [af61637f] 	at java.base/java.util.concurrent.CompletableFuture.complete(Unknown Source)
2025-01-29 18:42:01,104 INFO c.h.h.t.HelmChartContainer - [hivemq-test-hivemq-platform] [hivemq-platform-operator] [af61637f] 	at io.fabric8.kubernetes.client.http.StandardHttpClient.lambda$completeOrCancel$10(StandardHttpClient.java:141)
2025-01-29 18:42:01,104 INFO c.h.h.t.HelmChartContainer - [hivemq-test-hivemq-platform] [hivemq-platform-operator] [af61637f] 	at java.base/java.util.concurrent.CompletableFuture.uniWhenComplete(Unknown Source)
2025-01-29 18:42:01,104 INFO c.h.h.t.HelmChartContainer - [hivemq-test-hivemq-platform] [hivemq-platform-operator] [af61637f] 	at java.base/java.util.concurrent.CompletableFuture$UniWhenComplete.tryFire(Unknown Source)
2025-01-29 18:42:01,104 INFO c.h.h.t.HelmChartContainer - [hivemq-test-hivemq-platform] [hivemq-platform-operator] [af61637f] 	at java.base/java.util.concurrent.CompletableFuture.postComplete(Unknown Source)
2025-01-29 18:42:01,104 INFO c.h.h.t.HelmChartContainer - [hivemq-test-hivemq-platform] [hivemq-platform-operator] [af61637f] 	at java.base/java.util.concurrent.CompletableFuture.complete(Unknown Source)
2025-01-29 18:42:01,104 INFO c.h.h.t.HelmChartContainer - [hivemq-test-hivemq-platform] [hivemq-platform-operator] [af61637f] 	at io.fabric8.kubernetes.client.http.ByteArrayBodyHandler.onBodyDone(ByteArrayBodyHandler.java:51)
2025-01-29 18:42:01,104 INFO c.h.h.t.HelmChartContainer - [hivemq-test-hivemq-platform] [hivemq-platform-operator] [af61637f] 	at java.base/java.util.concurrent.CompletableFuture.uniWhenComplete(Unknown Source)
2025-01-29 18:42:01,104 INFO c.h.h.t.HelmChartContainer - [hivemq-test-hivemq-platform] [hivemq-platform-operator] [af61637f] 	at java.base/java.util.concurrent.CompletableFuture$UniWhenComplete.tryFire(Unknown Source)
2025-01-29 18:42:01,104 INFO c.h.h.t.HelmChartContainer - [hivemq-test-hivemq-platform] [hivemq-platform-operator] [af61637f] 	at java.base/java.util.concurrent.CompletableFuture.postComplete(Unknown Source)
2025-01-29 18:42:01,104 INFO c.h.h.t.HelmChartContainer - [hivemq-test-hivemq-platform] [hivemq-platform-operator] [af61637f] 	at java.base/java.util.concurrent.CompletableFuture.complete(Unknown Source)
2025-01-29 18:42:01,104 INFO c.h.h.t.HelmChartContainer - [hivemq-test-hivemq-platform] [hivemq-platform-operator] [af61637f] 	at io.fabric8.kubernetes.client.vertx.VertxHttpRequest.lambda$null$1(VertxHttpRequest.java:121)
2025-01-29 18:42:01,104 INFO c.h.h.t.HelmChartContainer - [hivemq-test-hivemq-platform] [hivemq-platform-operator] [af61637f] 	at io.vertx.core.impl.ContextInternal.dispatch(ContextInternal.java:279)
2025-01-29 18:42:01,104 INFO c.h.h.t.HelmChartContainer - [hivemq-test-hivemq-platform] [hivemq-platform-operator] [af61637f] 	at io.vertx.core.impl.ContextInternal.dispatch(ContextInternal.java:261)
2025-01-29 18:42:01,104 INFO c.h.h.t.HelmChartContainer - [hivemq-test-hivemq-platform] [hivemq-platform-operator] [af61637f] 	at io.vertx.core.http.impl.HttpEventHandler.handleEnd(HttpEventHandler.java:76)
2025-01-29 18:42:01,104 INFO c.h.h.t.HelmChartContainer - [hivemq-test-hivemq-platform] [hivemq-platform-operator] [af61637f] 	at io.vertx.core.http.impl.HttpClientResponseImpl.handleEnd(HttpClientResponseImpl.java:250)
2025-01-29 18:42:01,104 INFO c.h.h.t.HelmChartContainer - [hivemq-test-hivemq-platform] [hivemq-platform-operator] [af61637f] 	at io.vertx.core.http.impl.Http1xClientConnection$StreamImpl.lambda$new$0(Http1xClientConnection.java:421)
2025-01-29 18:42:01,104 INFO c.h.h.t.HelmChartContainer - [hivemq-test-hivemq-platform] [hivemq-platform-operator] [af61637f] 	at io.vertx.core.streams.impl.InboundBuffer.handleEvent(InboundBuffer.java:279)
2025-01-29 18:42:01,104 INFO c.h.h.t.HelmChartContainer - [hivemq-test-hivemq-platform] [hivemq-platform-operator] [af61637f] 	at io.vertx.core.streams.impl.InboundBuffer.write(InboundBuffer.java:157)
2025-01-29 18:42:01,104 INFO c.h.h.t.HelmChartContainer - [hivemq-test-hivemq-platform] [hivemq-platform-operator] [af61637f] 	at io.vertx.core.http.impl.Http1xClientConnection$StreamImpl.handleEnd(Http1xClientConnection.java:709)
2025-01-29 18:42:01,104 INFO c.h.h.t.HelmChartContainer - [hivemq-test-hivemq-platform] [hivemq-platform-operator] [af61637f] 	at io.vertx.core.impl.ContextImpl.lambda$execute$4(ContextImpl.java:315)
2025-01-29 18:42:01,104 INFO c.h.h.t.HelmChartContainer - [hivemq-test-hivemq-platform] [hivemq-platform-operator] [af61637f] 	at io.netty.util.concurrent.AbstractEventExecutor.runTask(AbstractEventExecutor.java:173)
2025-01-29 18:42:01,104 INFO c.h.h.t.HelmChartContainer - [hivemq-test-hivemq-platform] [hivemq-platform-operator] [af61637f] 	at io.netty.util.concurrent.AbstractEventExecutor.safeExecute(AbstractEventExecutor.java:166)
2025-01-29 18:42:01,104 INFO c.h.h.t.HelmChartContainer - [hivemq-test-hivemq-platform] [hivemq-platform-operator] [af61637f] 	at io.netty.util.concurrent.SingleThreadEventExecutor.runAllTasks(SingleThreadEventExecutor.java:472)
2025-01-29 18:42:01,104 INFO c.h.h.t.HelmChartContainer - [hivemq-test-hivemq-platform] [hivemq-platform-operator] [af61637f] 	at io.netty.channel.nio.NioEventLoop.run(NioEventLoop.java:569)
2025-01-29 18:42:01,104 INFO c.h.h.t.HelmChartContainer - [hivemq-test-hivemq-platform] [hivemq-platform-operator] [af61637f] 	at io.netty.util.concurrent.SingleThreadEventExecutor$4.run(SingleThreadEventExecutor.java:997)
2025-01-29 18:42:01,104 INFO c.h.h.t.HelmChartContainer - [hivemq-test-hivemq-platform] [hivemq-platform-operator] [af61637f] 	at io.netty.util.internal.ThreadExecutorMap$2.run(ThreadExecutorMap.java:74)
2025-01-29 18:42:01,104 INFO c.h.h.t.HelmChartContainer - [hivemq-test-hivemq-platform] [hivemq-platform-operator] [af61637f] 	at io.netty.util.concurrent.FastThreadLocalRunnable.run(FastThreadLocalRunnable.java:30)
2025-01-29 18:42:01,104 INFO c.h.h.t.HelmChartContainer - [hivemq-test-hivemq-platform] [hivemq-platform-operator] [af61637f] 	... 1 common frames omitted
2025-01-29 18:42:01,110 INFO c.h.h.t.HelmChartContainer - [hivemq-test-hivemq-platform] [hivemq-platform-operator] [af61637f] 18:42:01.106 [ReconcilerExecutor-hivemq-controller-123] INFO  c.h.p.o.HiveMQPlatformReconciler - [helmaddi] Cleanup test-hivemq-platform - helmadditionalbrokerlicensesit HiveMQ Platform is shut down
2025-01-29 18:42:01,599 INFO c.h.h.t.HelmChartContainer - [POD] test-hivemq-platform-0 [ba29d04a-3e53-4f3c-ae96-4e1b7655b9d4] in helmadditionalbrokerlicensesit was MODIFIED
2025-01-29 18:42:01,601 INFO c.h.h.t.HelmChartContainer - [EVENT] Normal [Killing] Stopping container hivemq [helmadditionalbrokerlicensesit:test-hivemq-platform-0]
2025-01-29 18:42:01,602 INFO c.h.h.t.HelmChartContainer - Received Killing event for container hivemq in pod test-hivemq-platform-0 [ba29d04a-3e53-4f3c-ae96-4e1b7655b9d4]
2025-01-29 18:42:01,602 INFO c.h.h.t.HelmChartContainer - Container [test-hivemq-platform-0] [hivemq] [ba29d04a-3e53-4f3c-ae96-4e1b7655b9d4] was terminated
2025-01-29 18:42:01,602 INFO c.h.h.t.HelmChartContainer - Stopped log watcher for hivemq in pod test-hivemq-platform-0 [ba29d04a-3e53-4f3c-ae96-4e1b7655b9d4]
2025-01-29 18:42:01,611 INFO c.h.h.t.HelmChartContainer - [test-hivemq-platform] [hivemq] [ba29d04a] INFO  - [HiveMQ Platform Operator Init App 1.7.0-SNAPSHOT] Shutting down
2025-01-29 18:42:01,612 INFO c.h.h.t.HelmChartContainer - [test-hivemq-platform] [hivemq] [ba29d04a] INFO  - [HiveMQ Platform Operator Init App 1.7.0-SNAPSHOT] Stopping the HiveMQ Platform
2025-01-29 18:42:01,661 INFO c.h.h.t.HelmChartContainer - [test-hivemq-platform] [hivemq] [ba29d04a] INFO  - Shutting down HiveMQ. Please wait, this could take a while...
2025-01-29 18:42:01,664 INFO c.h.h.t.HelmChartContainer - [test-hivemq-platform] [hivemq] [ba29d04a] INFO  - Shutting down listeners and clients
2025-01-29 18:42:01,747 INFO c.h.h.t.HelmChartContainer - [test-hivemq-platform] [hivemq] [ba29d04a] INFO  - Shutdown of listeners is done
2025-01-29 18:42:01,747 INFO c.h.h.t.HelmChartContainer - [test-hivemq-platform] [hivemq] [ba29d04a] INFO  - No clients are connected, proceeding with shutdown
2025-01-29 18:42:01,764 INFO c.h.h.t.HelmChartContainer - [K3S] [authentication.go:74] "Unable to authenticate the request" err="[invalid bearer token, serviceaccounts \"hivemq-platform-pod-test-hivemq-platform\" not found]"
2025-01-29 18:42:01,850 INFO c.h.h.t.HelmChartContainer - [K3S] [authentication.go:74] "Unable to authenticate the request" err="[invalid bearer token, serviceaccounts \"hivemq-platform-pod-test-hivemq-platform\" not found]"
2025-01-29 18:42:01,948 INFO c.h.h.t.HelmChartContainer - [test-hivemq-platform] [hivemq] [ba29d04a] WARN  - [HiveMQ Platform Operator Init App 1.7.0-SNAPSHOT] Could not update Pod annotations: Failure executing: GET at: https://10.43.0.1:443/api/v1/namespaces/helmadditionalbrokerlicensesit/pods/test-hivemq-platform-0. Message: Unauthorized. Received status: Status(apiVersion=v1, code=401, details=null, kind=Status, message=Unauthorized, metadata=ListMeta(_continue=null, remainingItemCount=null, resourceVersion=null, selfLink=null, additionalProperties={}), reason=Unauthorized, status=Failure, additionalProperties={}).
2025-01-29 18:42:02,792 INFO c.h.h.t.HelmChartContainer - Deleting namespace 'helmadditionalbrokerlicensesit'...
2025-01-29 18:42:04,169 INFO c.h.h.t.HelmChartContainer - [test-hivemq-platform] [hivemq] [ba29d04a] INFO  - Shutting down extension system
2025-01-29 18:42:04,175 INFO c.h.h.t.HelmChartContainer - [test-hivemq-platform] [hivemq] [ba29d04a] INFO  - Stopping extension with id hivemq-dns-cluster-discovery
2025-01-29 18:42:04,176 INFO c.h.h.t.HelmChartContainer - [test-hivemq-platform] [hivemq] [ba29d04a] INFO  - Extension "DNS Cluster Discovery Extension" version 4.3.2 stopped successfully.
2025-01-29 18:42:04,177 INFO c.h.h.t.HelmChartContainer - [test-hivemq-platform] [hivemq] [ba29d04a] INFO  - Stopping extension with id hivemq-prometheus-extension
2025-01-29 18:42:04,180 INFO c.h.h.t.HelmChartContainer - [test-hivemq-platform] [hivemq] [ba29d04a] INFO  - Extension "Prometheus Monitoring Extension" version 4.0.12 stopped successfully.
2025-01-29 18:42:04,181 INFO c.h.h.t.HelmChartContainer - [test-hivemq-platform] [hivemq] [ba29d04a] INFO  - Stopping extension with id hivemq-allow-all-extension
2025-01-29 18:42:04,181 INFO c.h.h.t.HelmChartContainer - [test-hivemq-platform] [hivemq] [ba29d04a] INFO  - Extension "Allow All Extension" version 1.1.1 stopped successfully.
2025-01-29 18:42:06,266 INFO c.h.h.t.HelmChartContainer - [test-hivemq-platform] [hivemq] [ba29d04a] INFO  - [HiveMQ Platform Operator Init App 1.7.0-SNAPSHOT] Returning shutdown Health API response 503 for readiness
2025-01-29 18:42:06,270 INFO c.h.h.t.HelmChartContainer - [EVENT] Warning [Unhealthy] Readiness probe failed: HTTP probe failed with statuscode: 503 [helmadditionalbrokerlicensesit:test-hivemq-platform-0]
2025-01-29 18:42:06,270 INFO c.h.h.t.HelmChartContainer - Received Unhealthy event for container hivemq in pod test-hivemq-platform-0 [ba29d04a-3e53-4f3c-ae96-4e1b7655b9d4]
2025-01-29 18:42:06,462 INFO c.h.h.t.HelmChartContainer - [test-hivemq-platform] [hivemq] [ba29d04a] INFO  - Shutdown completed.
2025-01-29 18:42:06,810 INFO c.h.h.t.HelmChartContainer - [test-hivemq-platform] [hivemq] [ba29d04a] INFO  - [HiveMQ Platform Operator Init App 1.7.0-SNAPSHOT] The HiveMQ Platform exited with code 143
2025-01-29 18:42:06,810 INFO c.h.h.t.HelmChartContainer - [test-hivemq-platform] [hivemq] [ba29d04a] INFO  - [HiveMQ Platform Operator Init App 1.7.0-SNAPSHOT] Stopping the REST API
2025-01-29 18:42:06,817 INFO c.h.h.t.HelmChartContainer - [test-hivemq-platform] [hivemq] [ba29d04a] INFO  - [HiveMQ Platform Operator Init App 1.7.0-SNAPSHOT] Shutdown complete
2025-01-29 18:42:07,291 INFO c.h.h.t.HelmChartContainer - [K3S] [stateful_set.go:438] "Unhandled Error" err="error syncing StatefulSet helmadditionalbrokerlicensesit/test-hivemq-platform, requeuing: controllerrevisions.apps \"test-hivemq-platform-98cf55665\" is forbidden: unable to create new content in namespace helmadditionalbrokerlicensesit because it is being terminated"
2025-01-29 18:42:07,292 INFO c.h.h.t.HelmChartContainer - [POD] test-hivemq-platform-0 [ba29d04a-3e53-4f3c-ae96-4e1b7655b9d4] in helmadditionalbrokerlicensesit was MODIFIED
2025-01-29 18:42:07,298 INFO c.h.h.t.HelmChartContainer - [K3S] [stateful_set.go:438] "Unhandled Error" err="error syncing StatefulSet helmadditionalbrokerlicensesit/test-hivemq-platform, requeuing: controllerrevisions.apps \"test-hivemq-platform-98cf55665\" is forbidden: unable to create new content in namespace helmadditionalbrokerlicensesit because it is being terminated"
2025-01-29 18:42:07,312 INFO c.h.h.t.HelmChartContainer - [K3S] [stateful_set.go:438] "Unhandled Error" err="error syncing StatefulSet helmadditionalbrokerlicensesit/test-hivemq-platform, requeuing: controllerrevisions.apps \"test-hivemq-platform-98cf55665\" is forbidden: unable to create new content in namespace helmadditionalbrokerlicensesit because it is being terminated"
2025-01-29 18:42:07,335 INFO c.h.h.t.HelmChartContainer - [K3S] [stateful_set.go:438] "Unhandled Error" err="error syncing StatefulSet helmadditionalbrokerlicensesit/test-hivemq-platform, requeuing: controllerrevisions.apps \"test-hivemq-platform-98cf55665\" is forbidden: unable to create new content in namespace helmadditionalbrokerlicensesit because it is being terminated"
2025-01-29 18:42:07,374 INFO c.h.h.t.HelmChartContainer - [K3S] [reconciler_common.go:162] "operationExecutor.UnmountVolume started for volume \"licenses\" (UniqueName: \"kubernetes.io/secret/ba29d04a-3e53-4f3c-ae96-4e1b7655b9d4-licenses\") pod \"ba29d04a-3e53-4f3c-ae96-4e1b7655b9d4\" (UID: \"ba29d04a-3e53-4f3c-ae96-4e1b7655b9d4\") "
2025-01-29 18:42:07,374 INFO c.h.h.t.HelmChartContainer - [K3S] [reconciler_common.go:162] "operationExecutor.UnmountVolume started for volume \"operator-init\" (UniqueName: \"kubernetes.io/empty-dir/ba29d04a-3e53-4f3c-ae96-4e1b7655b9d4-operator-init\") pod \"ba29d04a-3e53-4f3c-ae96-4e1b7655b9d4\" (UID: \"ba29d04a-3e53-4f3c-ae96-4e1b7655b9d4\") "
2025-01-29 18:42:07,374 INFO c.h.h.t.HelmChartContainer - [K3S] [reconciler_common.go:162] "operationExecutor.UnmountVolume started for volume \"broker-configuration\" (UniqueName: \"kubernetes.io/configmap/ba29d04a-3e53-4f3c-ae96-4e1b7655b9d4-broker-configuration\") pod \"ba29d04a-3e53-4f3c-ae96-4e1b7655b9d4\" (UID: \"ba29d04a-3e53-4f3c-ae96-4e1b7655b9d4\") "
2025-01-29 18:42:07,374 INFO c.h.h.t.HelmChartContainer - [K3S] [reconciler_common.go:162] "operationExecutor.UnmountVolume started for volume \"pod-info\" (UniqueName: \"kubernetes.io/configmap/ba29d04a-3e53-4f3c-ae96-4e1b7655b9d4-pod-info\") pod \"ba29d04a-3e53-4f3c-ae96-4e1b7655b9d4\" (UID: \"ba29d04a-3e53-4f3c-ae96-4e1b7655b9d4\") "
2025-01-29 18:42:07,378 INFO c.h.h.t.HelmChartContainer - [K3S] [stateful_set.go:438] "Unhandled Error" err="error syncing StatefulSet helmadditionalbrokerlicensesit/test-hivemq-platform, requeuing: controllerrevisions.apps \"test-hivemq-platform-98cf55665\" is forbidden: unable to create new content in namespace helmadditionalbrokerlicensesit because it is being terminated"
2025-01-29 18:42:07,462 INFO c.h.h.t.HelmChartContainer - [K3S] [stateful_set.go:438] "Unhandled Error" err="error syncing StatefulSet helmadditionalbrokerlicensesit/test-hivemq-platform, requeuing: controllerrevisions.apps \"test-hivemq-platform-98cf55665\" is forbidden: unable to create new content in namespace helmadditionalbrokerlicensesit because it is being terminated"
2025-01-29 18:42:07,475 INFO c.h.h.t.HelmChartContainer - [K3S] [reconciler_common.go:162] "operationExecutor.UnmountVolume started for volume \"kube-api-access-mrf6g\" (UniqueName: \"kubernetes.io/projected/ba29d04a-3e53-4f3c-ae96-4e1b7655b9d4-kube-api-access-mrf6g\") pod \"ba29d04a-3e53-4f3c-ae96-4e1b7655b9d4\" (UID: \"ba29d04a-3e53-4f3c-ae96-4e1b7655b9d4\") "
2025-01-29 18:42:07,475 INFO c.h.h.t.HelmChartContainer - [K3S] [reconciler_common.go:299] "Volume detached for volume \"licenses\" (UniqueName: \"kubernetes.io/secret/ba29d04a-3e53-4f3c-ae96-4e1b7655b9d4-licenses\") on node \"7f5f25f78dbe\" DevicePath \"\""
2025-01-29 18:42:07,475 INFO c.h.h.t.HelmChartContainer - [K3S] [reconciler_common.go:299] "Volume detached for volume \"operator-init\" (UniqueName: \"kubernetes.io/empty-dir/ba29d04a-3e53-4f3c-ae96-4e1b7655b9d4-operator-init\") on node \"7f5f25f78dbe\" DevicePath \"\""
2025-01-29 18:42:07,475 INFO c.h.h.t.HelmChartContainer - [K3S] [reconciler_common.go:299] "Volume detached for volume \"broker-configuration\" (UniqueName: \"kubernetes.io/configmap/ba29d04a-3e53-4f3c-ae96-4e1b7655b9d4-broker-configuration\") on node \"7f5f25f78dbe\" DevicePath \"\""
2025-01-29 18:42:07,475 INFO c.h.h.t.HelmChartContainer - [K3S] [reconciler_common.go:299] "Volume detached for volume \"pod-info\" (UniqueName: \"kubernetes.io/configmap/ba29d04a-3e53-4f3c-ae96-4e1b7655b9d4-pod-info\") on node \"7f5f25f78dbe\" DevicePath \"\""
2025-01-29 18:42:07,576 INFO c.h.h.t.HelmChartContainer - [K3S] [reconciler_common.go:299] "Volume detached for volume \"kube-api-access-mrf6g\" (UniqueName: \"kubernetes.io/projected/ba29d04a-3e53-4f3c-ae96-4e1b7655b9d4-kube-api-access-mrf6g\") on node \"7f5f25f78dbe\" DevicePath \"\""
2025-01-29 18:42:07,626 INFO c.h.h.t.HelmChartContainer - [K3S] [scope.go:117] "RemoveContainer" containerID="548d300877e593563faef212fb9f42f0222cc0f0b7332865389fa7ce79dabc9d"
2025-01-29 18:42:07,627 INFO c.h.h.t.HelmChartContainer - [K3S] [stateful_set.go:438] "Unhandled Error" err="error syncing StatefulSet helmadditionalbrokerlicensesit/test-hivemq-platform, requeuing: controllerrevisions.apps \"test-hivemq-platform-98cf55665\" is forbidden: unable to create new content in namespace helmadditionalbrokerlicensesit because it is being terminated"
2025-01-29 18:42:07,660 INFO c.h.h.t.HelmChartContainer - [K3S] [stateful_set.go:438] "Unhandled Error" err="error syncing StatefulSet helmadditionalbrokerlicensesit/test-hivemq-platform, requeuing: controllerrevisions.apps \"test-hivemq-platform-98cf55665\" is forbidden: unable to create new content in namespace helmadditionalbrokerlicensesit because it is being terminated"
2025-01-29 18:42:07,661 INFO c.h.h.t.HelmChartContainer - [K3S] [stateful_set.go:438] "Unhandled Error" err="error syncing StatefulSet helmadditionalbrokerlicensesit/test-hivemq-platform, requeuing: controllerrevisions.apps \"test-hivemq-platform-98cf55665\" is forbidden: unable to create new content in namespace helmadditionalbrokerlicensesit because it is being terminated"
2025-01-29 18:42:07,670 INFO c.h.h.t.HelmChartContainer - [POD] test-hivemq-platform-0 [ba29d04a-3e53-4f3c-ae96-4e1b7655b9d4] in helmadditionalbrokerlicensesit was MODIFIED
2025-01-29 18:42:07,670 INFO c.h.h.t.HelmChartContainer - [POD] test-hivemq-platform-0 [ba29d04a-3e53-4f3c-ae96-4e1b7655b9d4] in helmadditionalbrokerlicensesit was DELETED
2025-01-29 18:42:07,679 INFO c.h.h.t.HelmChartContainer - [K3S] [stateful_set.go:466] "StatefulSet has been deleted" key="helmadditionalbrokerlicensesit/test-hivemq-platform"
2025-01-29 18:42:07,751 INFO c.h.h.t.HelmChartContainer - [K3S] [scope.go:117] "RemoveContainer" containerID="9019bc2df821b2f8daa23c5152d9a6c5a29bc61964e1a42435f5b93fa6e786ca"
2025-01-29 18:42:07,753 INFO c.h.h.t.HelmChartContainer - [K3S] [scope.go:117] "RemoveContainer" containerID="548d300877e593563faef212fb9f42f0222cc0f0b7332865389fa7ce79dabc9d"
2025-01-29 18:42:07,754 INFO c.h.h.t.HelmChartContainer - [K3S] [scope.go:117] "RemoveContainer" containerID="9019bc2df821b2f8daa23c5152d9a6c5a29bc61964e1a42435f5b93fa6e786ca"
2025-01-29 18:42:07,948 INFO c.h.h.t.HelmChartContainer - [K3S] [stateful_set.go:466] "StatefulSet has been deleted" key="helmadditionalbrokerlicensesit/test-hivemq-platform"
2025-01-29 18:42:08,014 INFO c.h.h.t.HelmChartContainer - Namespace 'helmadditionalbrokerlicensesit' deleted
2025-01-29 18:42:08,014 INFO c.h.h.t.HelmChartContainer - Release 'test-hivemq-platform' in namespace 'helmadditionalbrokerlicensesit' is uninstalled
2025-01-29 18:42:08,014 INFO c.h.h.t.HelmChartContainer - Uninstalling release 'test-hivemq-platform-operator' in namespace 'helmadditionalbrokerlicensesit-operator'...
2025-01-29 18:42:08,014 DEBUG c.h.h.t.HelmChartContainer - Executing helm command: /bin/helm --kubeconfig /etc/rancher/k3s/k3s.yaml uninstall test-hivemq-platform-operator  --wait --timeout 5m0s --cascade foreground --namespace helmadditionalbrokerlicensesit-operator
2025-01-29 18:42:08,109 INFO c.h.h.t.HelmChartContainer - [K3S] [kubelet_volumes.go:163] "Cleaned up orphaned pod volumes dir" podUID="ba29d04a-3e53-4f3c-ae96-4e1b7655b9d4" path="/var/lib/kubelet/pods/ba29d04a-3e53-4f3c-ae96-4e1b7655b9d4/volumes"
2025-01-29 18:42:08,184 INFO c.h.h.t.HelmChartContainer - [K3S] [replica_set.go:679] "Finished syncing" kind="ReplicaSet" key="helmadditionalbrokerlicensesit-operator/hivemq-test-hivemq-platform-operator-6966f96d65" duration="7.902449ms"
2025-01-29 18:42:08,185 INFO c.h.h.t.HelmChartContainer - [K3S] [replica_set.go:679] "Finished syncing" kind="ReplicaSet" key="helmadditionalbrokerlicensesit-operator/hivemq-test-hivemq-platform-operator-6966f96d65" duration="33.383µs"
2025-01-29 18:42:08,206 INFO c.h.h.t.HelmChartContainer - [POD] hivemq-test-hivemq-platform-operator-6966f96d65-4ldmz [af61637f-b8fc-4e10-b83e-fdaa8f4d1cb6] in helmadditionalbrokerlicensesit-operator was MODIFIED
2025-01-29 18:42:08,227 INFO c.h.h.t.HelmChartContainer - [EVENT] Normal [Killing] Stopping container hivemq-platform-operator [helmadditionalbrokerlicensesit-operator:hivemq-test-hivemq-platform-operator-6966f96d65-4ldmz]
2025-01-29 18:42:08,227 INFO c.h.h.t.HelmChartContainer - Received Killing event for container hivemq-platform-operator in pod hivemq-test-hivemq-platform-operator-6966f96d65-4ldmz [af61637f-b8fc-4e10-b83e-fdaa8f4d1cb6]
2025-01-29 18:42:08,227 INFO c.h.h.t.HelmChartContainer - Container [hivemq-test-hivemq-platform-operator-6966f96d65-4ldmz] [hivemq-platform-operator] [af61637f-b8fc-4e10-b83e-fdaa8f4d1cb6] was terminated
2025-01-29 18:42:08,227 INFO c.h.h.t.HelmChartContainer - Stopped log watcher for hivemq-platform-operator in pod hivemq-test-hivemq-platform-operator-6966f96d65-4ldmz [af61637f-b8fc-4e10-b83e-fdaa8f4d1cb6]
2025-01-29 18:42:08,230 INFO c.h.h.t.HelmChartContainer - [hivemq-test-hivemq-platform] [hivemq-platform-operator] [af61637f] 18:42:08.226 [application-shutdown-thread] INFO  c.h.p.o.HiveMQPlatformOperatorApplication - HiveMQ Platform Operator is stopping...
2025-01-29 18:42:08,231 INFO c.h.h.t.HelmChartContainer - [hivemq-test-hivemq-platform] [hivemq-platform-operator] [af61637f] 18:42:08.226 [application-shutdown-thread] INFO  i.javaoperatorsdk.operator.Operator - Operator SDK 4.9.7 is shutting down...
2025-01-29 18:42:08,232 INFO c.h.h.t.HelmChartContainer - [EVENT] Warning [FailedToUpdateEndpoint] Failed to update endpoint helmadditionalbrokerlicensesit-operator/hivemq-platform-operator-test-hivemq-platform-operator: Operation cannot be fulfilled on endpoints "hivemq-platform-operator-test-hivemq-platform-operator": StorageError: invalid object, Code: 4, Key: /registry/services/endpoints/helmadditionalbrokerlicensesit-operator/hivemq-platform-operator-test-hivemq-platform-operator, ResourceVersion: 0, AdditionalErrorMsg: Precondition failed: UID in precondition: d8eca955-c632-4e6b-a56c-dfcff02e3d03, UID in object meta:  [helmadditionalbrokerlicensesit-operator:hivemq-platform-operator-test-hivemq-platform-operator]
2025-01-29 18:42:08,235 INFO c.h.h.t.HelmChartContainer - [K3S] [replica_set.go:679] "Finished syncing" kind="ReplicaSet" key="helmadditionalbrokerlicensesit-operator/hivemq-test-hivemq-platform-operator-6966f96d65" duration="28.739487ms"
2025-01-29 18:42:08,235 INFO c.h.h.t.HelmChartContainer - [K3S] [replica_set.go:679] "Finished syncing" kind="ReplicaSet" key="helmadditionalbrokerlicensesit-operator/hivemq-test-hivemq-platform-operator-6966f96d65" duration="37.41µs"
2025-01-29 18:42:08,507 INFO c.h.h.t.HelmChartContainer - [EVENT] Warning [Unhealthy] Readiness probe failed: Get "http://10.42.0.9:8080/health/readiness": dial tcp 10.42.0.9:8080: connect: connection refused [helmadditionalbrokerlicensesit-operator:hivemq-test-hivemq-platform-operator-6966f96d65-4ldmz]
2025-01-29 18:42:08,508 INFO c.h.h.t.HelmChartContainer - Received Unhealthy event for container hivemq-platform-operator in pod hivemq-test-hivemq-platform-operator-6966f96d65-4ldmz [af61637f-b8fc-4e10-b83e-fdaa8f4d1cb6]
2025-01-29 18:42:08,839 INFO c.h.h.t.HelmChartContainer - [K3S] [replica_set.go:679] "Finished syncing" kind="ReplicaSet" key="helmadditionalbrokerlicensesit-operator/hivemq-test-hivemq-platform-operator-6966f96d65" duration="41.537µs"
2025-01-29 18:42:08,839 INFO c.h.h.t.HelmChartContainer - [POD] hivemq-test-hivemq-platform-operator-6966f96d65-4ldmz [af61637f-b8fc-4e10-b83e-fdaa8f4d1cb6] in helmadditionalbrokerlicensesit-operator was MODIFIED
2025-01-29 18:42:08,883 INFO c.h.h.t.HelmChartContainer - [K3S] [reconciler_common.go:162] "operationExecutor.UnmountVolume started for volume \"kube-api-access-4nb8c\" (UniqueName: \"kubernetes.io/projected/af61637f-b8fc-4e10-b83e-fdaa8f4d1cb6-kube-api-access-4nb8c\") pod \"af61637f-b8fc-4e10-b83e-fdaa8f4d1cb6\" (UID: \"af61637f-b8fc-4e10-b83e-fdaa8f4d1cb6\") "
2025-01-29 18:42:08,984 INFO c.h.h.t.HelmChartContainer - [K3S] [reconciler_common.go:299] "Volume detached for volume \"kube-api-access-4nb8c\" (UniqueName: \"kubernetes.io/projected/af61637f-b8fc-4e10-b83e-fdaa8f4d1cb6-kube-api-access-4nb8c\") on node \"7f5f25f78dbe\" DevicePath \"\""
2025-01-29 18:42:09,631 INFO c.h.h.t.HelmChartContainer - [K3S] [scope.go:117] "RemoveContainer" containerID="4f61ba11017de46588ac015ea312d0de49e2eb1cc0361f91499a488426035633"
2025-01-29 18:42:09,635 INFO c.h.h.t.HelmChartContainer - [K3S] [scope.go:117] "RemoveContainer" containerID="4f61ba11017de46588ac015ea312d0de49e2eb1cc0361f91499a488426035633"
2025-01-29 18:42:09,644 INFO c.h.h.t.HelmChartContainer - [K3S] [replica_set.go:679] "Finished syncing" kind="ReplicaSet" key="helmadditionalbrokerlicensesit-operator/hivemq-test-hivemq-platform-operator-6966f96d65" duration="44.032µs"
2025-01-29 18:42:09,644 INFO c.h.h.t.HelmChartContainer - [POD] hivemq-test-hivemq-platform-operator-6966f96d65-4ldmz [af61637f-b8fc-4e10-b83e-fdaa8f4d1cb6] in helmadditionalbrokerlicensesit-operator was MODIFIED
2025-01-29 18:42:09,646 INFO c.h.h.t.HelmChartContainer - [K3S] [replica_set.go:679] "Finished syncing" kind="ReplicaSet" key="helmadditionalbrokerlicensesit-operator/hivemq-test-hivemq-platform-operator-6966f96d65" duration="32.822µs"
2025-01-29 18:42:09,646 INFO c.h.h.t.HelmChartContainer - [POD] hivemq-test-hivemq-platform-operator-6966f96d65-4ldmz [af61637f-b8fc-4e10-b83e-fdaa8f4d1cb6] in helmadditionalbrokerlicensesit-operator was DELETED
2025-01-29 18:42:09,657 INFO c.h.h.t.HelmChartContainer - [K3S] [replica_set.go:679] "Finished syncing" kind="ReplicaSet" key="helmadditionalbrokerlicensesit-operator/hivemq-test-hivemq-platform-operator-6966f96d65" duration="6.121µs"
2025-01-29 18:42:10,109 INFO c.h.h.t.HelmChartContainer - [K3S] [kubelet_volumes.go:163] "Cleaned up orphaned pod volumes dir" podUID="af61637f-b8fc-4e10-b83e-fdaa8f4d1cb6" path="/var/lib/kubelet/pods/af61637f-b8fc-4e10-b83e-fdaa8f4d1cb6/volumes"
2025-01-29 18:42:10,229 INFO c.h.h.t.HelmChartContainer - Deleting namespace 'helmadditionalbrokerlicensesit-operator'...
2025-01-29 18:42:12,932 INFO c.h.h.t.HelmChartContainer - [K3S] [namespace_controller.go:187] "Namespace has been deleted" namespace="helmadditionalbrokerlicensesit"
2025-01-29 18:42:15,447 INFO c.h.h.t.HelmChartContainer - Namespace 'helmadditionalbrokerlicensesit-operator' deleted
2025-01-29 18:42:15,447 INFO c.h.h.t.HelmChartContainer - Release 'test-hivemq-platform-operator' in namespace 'helmadditionalbrokerlicensesit-operator' is uninstalled
2025-01-29 18:42:16,215 INFO c.h.helmcharts.AbstractHelmChartIT - Removed unused containers:

2025-01-29 18:42:20,367 INFO c.h.h.t.HelmChartContainer - [K3S] [namespace_controller.go:187] "Namespace has been deleted" namespace="helmadditionalbrokerlicensesit-operator"
2025-01-29 18:42:24,264 INFO c.h.helmcharts.AbstractHelmChartIT - Removed unused snapshots:
Removing snapshot sha256:03af251906410714c5aef9fa705b63f6bbc39c4a5e787de7361eeb18886c2ed2
Removing snapshot sha256:0c46b3b43cce082ce5ec34ffc6c294e0417d17b9d1e6f366d114b6aadc4f96dc
Removing snapshot sha256:0ce761beee59082d6ed5bcebd3a805b8ddd9b3426b617e4809e7fb7c6587ffec
Removing snapshot sha256:0df91287303208332c8ff6ba40ae4710105201739addbfbddfb955f1ad593664
Removing snapshot sha256:1021ef88c7974bfff89c5a0ec4fd3160daac6c48a075f74cff721f85dd104e68
Removing snapshot sha256:10aba4953ddc18145dd38e3704709bc464aa20af60b56fe52caaff4b68411e62
Removing snapshot sha256:2573e0d8158209ed54ab25c87bcdcb00bd3d2539246960a3d592a1c599d70465
Removing snapshot sha256:362a8a37f8bbc31925a8146adcf7cf51f9882f5c1dcbef67c5baa03a297543c0
Removing snapshot sha256:3fa4ad33f0ddc8fd45b39b6b4640f82a3a83619606cd975bfe89d8710ad2d4cd
Removing snapshot sha256:43a7c979bbaba6838bc3102d6b10a1459f3ab050b87ccdfef84ef90cf43d3058
Removing snapshot sha256:4ab04491cdf0d3267f08206fe30bd48f49f94b9cab2f016d6739220f722a64af
Removing snapshot sha256:4b6068250e89c96f263060261819c7d912855bfbd64b3eb4c4a8483299b8c295
Removing snapshot sha256:580e69a0a8034ede1921139bbd2bfb72a69ebf276d008281896c32dd8bf74775
Removing snapshot sha256:5d30ba46b27fe37484567ccc5242cadc78217b8da605f3f195ef25cbf7487904
Removing snapshot sha256:63ca1fbb43ae5034640e5e6cb3e083e05c290072c5366fcaa9d62435a4cced85
Removing snapshot sha256:67f702c6baae873bceb19487c8b1f27bd2b86077e4f2f0e480e6d60ab508b8f5
Removing snapshot sha256:6864348dd42806d552efdec384f1274be15e2d0c10ce44c1f04347af004c10a9
Removing snapshot sha256:6c7dee8f2c39b84b7dc2711c01d33de93514d9055499173e9290176fbe484b6c
Removing snapshot sha256:7b6ce2622c1e4d873c9ee2a82bf0c7bce0e20b8eead6a14bd1552b540aa9a355
Removing snapshot sha256:82753493a6d61ded36556292f02f31841a14c20d2f279f19eaad65afb661d5cd
Removing snapshot sha256:8a10d3db42c505ee0fcfa98417bdd7e39b304f6bcc0a06bb1b220797ff2cc63c
Removing snapshot sha256:a0904247e36a7726c03c71ee48f3e64462021c88dafeb13f37fdaf613b27f11c
Removing snapshot sha256:a21e5b12dbac529ad45d976eb9ce45c881f3bedcc500fb30aba1e52aa1813418
Removing snapshot sha256:b921e6c28969094157f9b8e7244677780319637afd14450b7cb6b2fdea558a0c
Removing snapshot sha256:bc27ecb5769a00e309cf99ebc763c4a4b958b618d1decc96ffac5bc05f02f5b7
Removing snapshot sha256:be3ccb6627a5332e309d45ef461d09b4879dd870c7394d89323d0ebc6ca6aa8a
Removing snapshot sha256:c261f7cbbc64211ee175ee47273acdb7b1a36a4450b397a064a8f2c026490095
Removing snapshot sha256:c34d9393647eea0c9e3557ab988efaf59f61d10a2a5613b439ef0958cca5ec10
Removing snapshot sha256:c455eae3b5694b3fffecf6e48962b93e6a692d4df95a96f8706bcdc614ee1dbc
Removing snapshot sha256:ccf3c4a0fa967a41c1c83497a2ce6fa5787965859df0adb32c4ca2cf7490bc2b
Removing snapshot sha256:cf92d33f869417309692088c341cd0f223c178ea78a125f757317b22aa8f90e9
Removing snapshot sha256:d0037344cf2fb078884f1849f6a1f8cf9a33a3b6139b6a85833e5ee528e1f9a8
Removing snapshot sha256:d3b36d5b79273b1e98e7700470eaeff05a882e777124d84cebcc1505b85ecb36
Removing snapshot sha256:d65a44a37914602d12c611e5e22a50f11451d847e63015cc1c2aef92dee777a4
Removing snapshot sha256:e2dc0bae2455930f23ae570e019b7f32edc75c0f2d71cab084db837ff9051796
Removing snapshot sha256:eccbd24a99c60cd9e86ee5305dbfc4a4dc89f5ab4fb1f06c8d64797cecedef34
Removing snapshot sha256:f144bb4c7c7f0d2aa7eeffd36d934ec40db1ee167be727e326aad9fdc616f475

]]></system-out>
  </testcase>
  <system-out><![CDATA[2025-01-29 18:39:01,337 INFO c.h.h.t.HelmChartContainerExtension - Using cached HelmChartContainer instance
]]></system-out>
  <system-err><![CDATA[]]></system-err>
</testsuite>
