<?xml version="1.0" encoding="UTF-8"?>
<testsuite name="com.hivemq.helmcharts.platform.HelmUpgradePlatformIT" tests="1" skipped="0" failures="0" errors="0" timestamp="2025-03-11T05:54:33" hostname="fv-az1676-596" time="155.878">
  <properties/>
  <testcase name="withDeployedPlatform_upgradeIncreasingReplicaCount()" classname="com.hivemq.helmcharts.platform.HelmUpgradePlatformIT" time="155.878"/>
</testsuite>
