<?xml version="1.0" encoding="UTF-8"?>
<testsuite name="com.hivemq.helmcharts.services.HelmControlCenterIT" tests="6" skipped="0" failures="0" errors="0" timestamp="2025-07-28T08:10:24" hostname="pkrvmpptgkbjq6m" time="608.595">
  <properties/>
  <testcase name="platformChart_withCustomControlCenterCredentialsSecret_thenAbleToLogin()" classname="com.hivemq.helmcharts.services.HelmControlCenterIT" time="109.808"/>
  <testcase name="platformChart_withCustomControlCenterUsernameAndPassword_thenAbleToLogin()" classname="com.hivemq.helmcharts.services.HelmControlCenterIT" time="95.589"/>
  <testcase name="platformChart_withCustomServiceName_thenAbleToLogin()" classname="com.hivemq.helmcharts.services.HelmControlCenterIT" time="96.726"/>
  <testcase name="platformChart_whenTlsEnabledWithDifferentPrivateKey_thenAbleToLogin()" classname="com.hivemq.helmcharts.services.HelmControlCenterIT" time="111.384"/>
  <testcase name="platformChart_whenTlsEnabled_thenAbleToLogin()" classname="com.hivemq.helmcharts.services.HelmControlCenterIT" time="104.211"/>
  <testcase name="platformChart_whenControlCenterEnabled_thenAbleToLogin()" classname="com.hivemq.helmcharts.services.HelmControlCenterIT" time="90.876"/>
</testsuite>
