<?xml version="1.0" encoding="UTF-8"?>
<testsuite name="com.hivemq.helmcharts.license.HelmBrokerLicensesIT" tests="2" skipped="0" failures="0" errors="0" timestamp="2025-01-29T13:58:48" hostname="fv-az1921-904" time="203.252">
  <properties/>
  <testcase name="withExistingBrokerLicenseSecret_statefulSetWithLicenseSecretMounted()" classname="com.hivemq.helmcharts.license.HelmBrokerLicensesIT" time="98.454">
    <system-out><![CDATA[2025-01-29 13:58:48,188 INFO c.h.h.t.HelmChartContainer - Creating namespace 'helmbrokerlicensesit-operator'...
2025-01-29 13:58:48,195 INFO c.h.h.t.HelmChartContainer - Namespace 'helmbrokerlicensesit-operator' created
2025-01-29 13:58:48,195 INFO c.h.h.t.HelmChartContainer - Creating namespace 'helmbrokerlicensesit'...
2025-01-29 13:58:48,201 INFO c.h.h.t.HelmChartContainer - Namespace 'helmbrokerlicensesit' created
2025-01-29 13:58:48,265 DEBUG c.h.h.t.HelmChartContainer - Executing helm command: /bin/helm --kubeconfig /etc/rancher/k3s/k3s.yaml install test-hivemq-platform-operator /charts/hivemq-platform-operator --wait --timeout 5m0s --set image.repository=docker.io/hivemq --set image.name=hivemq-platform-operator-test --set image.initImageName=hivemq-platform-operator-init-test --set image.tag=snapshot --set image.pullPolicy=Never --set logLevel=DEBUG --set resources.cpu=512m --namespace helmbrokerlicensesit-operator
2025-01-29 13:58:48,568 INFO c.h.h.t.HelmChartContainer - [K3S] [alloc.go:330] "allocated clusterIPs" service="helmbrokerlicensesit-operator/hivemq-platform-operator-test-hivemq-platform-operator" clusterIPs={"IPv4":"10.43.13.244"}
2025-01-29 13:58:48,580 INFO c.h.h.t.HelmChartContainer - [EVENT] Normal [ScalingReplicaSet] Scaled up replica set hivemq-test-hivemq-platform-operator-6966f96d65 from 0 to 1 [helmbrokerlicensesit-operator:hivemq-test-hivemq-platform-operator]
2025-01-29 13:58:48,587 INFO c.h.h.t.HelmChartContainer - [POD] hivemq-test-hivemq-platform-operator-6966f96d65-4f2fq [7951d5bf-5505-4b3d-b391-32416410595b] in helmbrokerlicensesit-operator was ADDED
2025-01-29 13:58:48,589 INFO c.h.h.t.HelmChartContainer - [EVENT] Normal [SuccessfulCreate] Created pod: hivemq-test-hivemq-platform-operator-6966f96d65-4f2fq [helmbrokerlicensesit-operator:hivemq-test-hivemq-platform-operator-6966f96d65]
2025-01-29 13:58:48,592 INFO c.h.h.t.HelmChartContainer - [K3S] [replica_set.go:679] "Finished syncing" kind="ReplicaSet" key="helmbrokerlicensesit-operator/hivemq-test-hivemq-platform-operator-6966f96d65" duration="14.335346ms"
2025-01-29 13:58:48,597 INFO c.h.h.t.HelmChartContainer - [POD] hivemq-test-hivemq-platform-operator-6966f96d65-4f2fq [7951d5bf-5505-4b3d-b391-32416410595b] in helmbrokerlicensesit-operator was MODIFIED
2025-01-29 13:58:48,597 INFO c.h.h.t.HelmChartContainer - [K3S] [memory_manager.go:355] "RemoveStaleState removing state" podUID="affe0e31-607f-45d1-9046-2741a8cb67a3" containerName="hivemq"
2025-01-29 13:58:48,597 INFO c.h.h.t.HelmChartContainer - [K3S] [memory_manager.go:355] "RemoveStaleState removing state" podUID="173bb7cc-8c61-4c40-8efd-4f8c32044db1" containerName="hivemq-platform-operator"
2025-01-29 13:58:48,602 INFO c.h.h.t.HelmChartContainer - [K3S] [replica_set.go:679] "Finished syncing" kind="ReplicaSet" key="helmbrokerlicensesit-operator/hivemq-test-hivemq-platform-operator-6966f96d65" duration="9.872469ms"
2025-01-29 13:58:48,606 INFO c.h.h.t.HelmChartContainer - [EVENT] Normal [Scheduled] Successfully assigned helmbrokerlicensesit-operator/hivemq-test-hivemq-platform-operator-6966f96d65-4f2fq to a5210c6ce14a [helmbrokerlicensesit-operator:hivemq-test-hivemq-platform-operator-6966f96d65-4f2fq]
2025-01-29 13:58:48,614 INFO c.h.h.t.HelmChartContainer - [POD] hivemq-test-hivemq-platform-operator-6966f96d65-4f2fq [7951d5bf-5505-4b3d-b391-32416410595b] in helmbrokerlicensesit-operator was MODIFIED
2025-01-29 13:58:48,616 INFO c.h.h.t.HelmChartContainer - [K3S] [replica_set.go:679] "Finished syncing" kind="ReplicaSet" key="helmbrokerlicensesit-operator/hivemq-test-hivemq-platform-operator-6966f96d65" duration="14.692692ms"
2025-01-29 13:58:48,617 INFO c.h.h.t.HelmChartContainer - [K3S] [replica_set.go:679] "Finished syncing" kind="ReplicaSet" key="helmbrokerlicensesit-operator/hivemq-test-hivemq-platform-operator-6966f96d65" duration="217.074µs"
2025-01-29 13:58:48,671 INFO c.h.h.t.HelmChartContainer - [K3S] [reconciler_common.go:251] "operationExecutor.VerifyControllerAttachedVolume started for volume \"kube-api-access-z97vk\" (UniqueName: \"kubernetes.io/projected/7951d5bf-5505-4b3d-b391-32416410595b-kube-api-access-z97vk\") pod \"hivemq-test-hivemq-platform-operator-6966f96d65-4f2fq\" (UID: \"7951d5bf-5505-4b3d-b391-32416410595b\") " pod="helmbrokerlicensesit-operator/hivemq-test-hivemq-platform-operator-6966f96d65-4f2fq"
2025-01-29 13:58:48,994 INFO c.h.h.t.HelmChartContainer - [EVENT] Normal [Pulled] Container image "docker.io/hivemq/hivemq-platform-operator-test:snapshot" already present on machine [helmbrokerlicensesit-operator:hivemq-test-hivemq-platform-operator-6966f96d65-4f2fq]
2025-01-29 13:58:48,994 INFO c.h.h.t.HelmChartContainer - Received Pulled event for container hivemq-platform-operator in pod hivemq-test-hivemq-platform-operator-6966f96d65-4f2fq [7951d5bf-5505-4b3d-b391-32416410595b]
2025-01-29 13:58:50,243 INFO c.h.h.t.HelmChartContainer - [EVENT] Normal [Created] Created container: hivemq-platform-operator [helmbrokerlicensesit-operator:hivemq-test-hivemq-platform-operator-6966f96d65-4f2fq]
2025-01-29 13:58:50,243 INFO c.h.h.t.HelmChartContainer - Received Created event for container hivemq-platform-operator in pod hivemq-test-hivemq-platform-operator-6966f96d65-4f2fq [7951d5bf-5505-4b3d-b391-32416410595b]
2025-01-29 13:58:50,393 INFO c.h.h.t.HelmChartContainer - [K3S] [replica_set.go:679] "Finished syncing" kind="ReplicaSet" key="helmbrokerlicensesit-operator/hivemq-test-hivemq-platform-operator-6966f96d65" duration="46.547µs"
2025-01-29 13:58:50,395 INFO c.h.h.t.HelmChartContainer - [POD] hivemq-test-hivemq-platform-operator-6966f96d65-4f2fq [7951d5bf-5505-4b3d-b391-32416410595b] in helmbrokerlicensesit-operator was MODIFIED
2025-01-29 13:58:50,401 INFO c.h.h.t.HelmChartContainer - [EVENT] Normal [Started] Started container hivemq-platform-operator [helmbrokerlicensesit-operator:hivemq-test-hivemq-platform-operator-6966f96d65-4f2fq]
2025-01-29 13:58:50,402 INFO c.h.h.t.HelmChartContainer - Received Started event for container hivemq-platform-operator in pod hivemq-test-hivemq-platform-operator-6966f96d65-4f2fq [7951d5bf-5505-4b3d-b391-32416410595b]
2025-01-29 13:58:50,401 INFO c.h.h.t.HelmChartContainer - Started log watcher for hivemq-platform-operator in pod hivemq-test-hivemq-platform-operator-6966f96d65-4f2fq [7951d5bf-5505-4b3d-b391-32416410595b]
2025-01-29 13:58:50,404 INFO c.h.h.t.HelmChartContainer - [hivemq-test-hivemq-platform] [hivemq-platform-operator] [7951d5bf] -------------------------------------------------------------------------
2025-01-29 13:58:50,404 INFO c.h.h.t.HelmChartContainer - [hivemq-test-hivemq-platform] [hivemq-platform-operator] [7951d5bf] 
2025-01-29 13:58:50,404 INFO c.h.h.t.HelmChartContainer - [hivemq-test-hivemq-platform] [hivemq-platform-operator] [7951d5bf]                   _    _  _              __  __   ____
2025-01-29 13:58:50,404 INFO c.h.h.t.HelmChartContainer - [hivemq-test-hivemq-platform] [hivemq-platform-operator] [7951d5bf]                  | |  | |(_)            |  \/  | / __ \
2025-01-29 13:58:50,404 INFO c.h.h.t.HelmChartContainer - [hivemq-test-hivemq-platform] [hivemq-platform-operator] [7951d5bf]                  | |__| | _ __   __ ___ | \  / || |  | |
2025-01-29 13:58:50,404 INFO c.h.h.t.HelmChartContainer - [hivemq-test-hivemq-platform] [hivemq-platform-operator] [7951d5bf]                  |  __  || |\ \ / // _ \| |\/| || |  | |
2025-01-29 13:58:50,404 INFO c.h.h.t.HelmChartContainer - [hivemq-test-hivemq-platform] [hivemq-platform-operator] [7951d5bf]                  | |  | || | \ V /|  __/| |  | || |__| |
2025-01-29 13:58:50,404 INFO c.h.h.t.HelmChartContainer - [hivemq-test-hivemq-platform] [hivemq-platform-operator] [7951d5bf]                  |_|  |_||_|  \_/  \___||_|  |_| \___\_\
2025-01-29 13:58:50,404 INFO c.h.h.t.HelmChartContainer - [hivemq-test-hivemq-platform] [hivemq-platform-operator] [7951d5bf] 
2025-01-29 13:58:50,404 INFO c.h.h.t.HelmChartContainer - [hivemq-test-hivemq-platform] [hivemq-platform-operator] [7951d5bf] -------------------------------------------------------------------------
2025-01-29 13:58:50,404 INFO c.h.h.t.HelmChartContainer - [hivemq-test-hivemq-platform] [hivemq-platform-operator] [7951d5bf] 
2025-01-29 13:58:50,404 INFO c.h.h.t.HelmChartContainer - [hivemq-test-hivemq-platform] [hivemq-platform-operator] [7951d5bf]   HiveMQ Platform Operator Start Script v1.0
2025-01-29 13:58:50,404 INFO c.h.h.t.HelmChartContainer - [hivemq-test-hivemq-platform] [hivemq-platform-operator] [7951d5bf] 
2025-01-29 13:58:50,404 INFO c.h.h.t.HelmChartContainer - [hivemq-test-hivemq-platform] [hivemq-platform-operator] [7951d5bf] -------------------------------------------------------------------------
2025-01-29 13:58:50,404 INFO c.h.h.t.HelmChartContainer - [hivemq-test-hivemq-platform] [hivemq-platform-operator] [7951d5bf] 
2025-01-29 13:58:50,404 INFO c.h.h.t.HelmChartContainer - [hivemq-test-hivemq-platform] [hivemq-platform-operator] [7951d5bf]   JAVA_OPTS: -XX:+UnlockExperimentalVMOptions -XX:InitialRAMPercentage=75 -XX:MaxRAMPercentage=75 -Duser.language=en -Duser.region=US
2025-01-29 13:58:50,404 INFO c.h.h.t.HelmChartContainer - [hivemq-test-hivemq-platform] [hivemq-platform-operator] [7951d5bf] 
2025-01-29 13:58:50,404 INFO c.h.h.t.HelmChartContainer - [hivemq-test-hivemq-platform] [hivemq-platform-operator] [7951d5bf]   JAVA_VERSION: 21
2025-01-29 13:58:50,404 INFO c.h.h.t.HelmChartContainer - [hivemq-test-hivemq-platform] [hivemq-platform-operator] [7951d5bf] 
2025-01-29 13:58:50,405 INFO c.h.h.t.HelmChartContainer - [hivemq-test-hivemq-platform] [hivemq-platform-operator] [7951d5bf] -------------------------------------------------------------------------
2025-01-29 13:58:50,405 INFO c.h.h.t.HelmChartContainer - [hivemq-test-hivemq-platform] [hivemq-platform-operator] [7951d5bf] 
2025-01-29 13:58:53,475 INFO c.h.h.t.HelmChartContainer - [hivemq-test-hivemq-platform] [hivemq-platform-operator] [7951d5bf] 13:58:53.473 [main] DEBUG org.jboss.logging - Logging Provider: org.jboss.logging.Slf4jLoggerProvider
2025-01-29 13:58:53,575 INFO c.h.h.t.HelmChartContainer - [hivemq-test-hivemq-platform] [hivemq-platform-operator] [7951d5bf] 13:58:53.574 [main] DEBUG io.smallrye.config - SRCFG01006: Loaded ConfigSource SysPropConfigSource with ordinal 400
2025-01-29 13:58:53,576 INFO c.h.h.t.HelmChartContainer - [hivemq-test-hivemq-platform] [hivemq-platform-operator] [7951d5bf] 13:58:53.574 [main] DEBUG io.smallrye.config - SRCFG01006: Loaded ConfigSource EnvConfigSource with ordinal 300
2025-01-29 13:58:53,576 INFO c.h.h.t.HelmChartContainer - [hivemq-test-hivemq-platform] [hivemq-platform-operator] [7951d5bf] 13:58:53.574 [main] DEBUG io.smallrye.config - SRCFG01006: Loaded ConfigSource PropertiesConfigSource[source=jar:file:///opt/hivemq-platform-operator/bin/hivemq-platform-operator.jar!/hivemq-platform-operator.properties] with ordinal 100
2025-01-29 13:58:53,576 INFO c.h.h.t.HelmChartContainer - [hivemq-test-hivemq-platform] [hivemq-platform-operator] [7951d5bf] 13:58:53.574 [main] DEBUG io.smallrye.config - SRCFG01006: Loaded ConfigSource DefaultValuesConfigSource with ordinal -2147483648
2025-01-29 13:58:53,686 INFO c.h.h.t.HelmChartContainer - [hivemq-test-hivemq-platform] [hivemq-platform-operator] [7951d5bf] 13:58:53.686 [main] DEBUG i.m.c.u.i.l.InternalLoggerFactory - Using SLF4J as the default logging framework
2025-01-29 13:58:53,868 INFO c.h.h.t.HelmChartContainer - [hivemq-test-hivemq-platform] [hivemq-platform-operator] [7951d5bf] 13:58:53.782 [main] INFO  c.h.p.o.HiveMQPlatformOperatorApplication - HiveMQ Platform Operator 1.7.0-SNAPSHOT (commit: bebf408 on branch: HEAD) built on Sun Jan 26 20:47:47 UTC 2025
2025-01-29 13:58:53,869 INFO c.h.h.t.HelmChartContainer - [hivemq-test-hivemq-platform] [hivemq-platform-operator] [7951d5bf] 13:58:53.867 [main] INFO  c.h.p.o.HiveMQPlatformOperatorApplication - HiveMQ Platform Operator is running in namespace: helmbrokerlicensesit-operator
2025-01-29 13:58:53,869 INFO c.h.h.t.HelmChartContainer - [hivemq-test-hivemq-platform] [hivemq-platform-operator] [7951d5bf] 13:58:53.867 [main] INFO  c.h.p.o.HiveMQPlatformOperatorApplication - Watching all namespaces
2025-01-29 13:58:53,869 INFO c.h.h.t.HelmChartContainer - [hivemq-test-hivemq-platform] [hivemq-platform-operator] [7951d5bf] 13:58:53.867 [main] INFO  c.h.p.o.HiveMQPlatformOperatorApplication - Log level: DEBUG
2025-01-29 13:58:53,869 INFO c.h.h.t.HelmChartContainer - [hivemq-test-hivemq-platform] [hivemq-platform-operator] [7951d5bf] 13:58:53.867 [main] INFO  c.h.p.o.HiveMQPlatformOperatorApplication - Release name: test-hivemq-platform-operator
2025-01-29 13:58:53,869 INFO c.h.h.t.HelmChartContainer - [hivemq-test-hivemq-platform] [hivemq-platform-operator] [7951d5bf] 13:58:53.867 [main] INFO  c.h.p.o.HiveMQPlatformOperatorApplication - HiveMQ Platform Operator Init image: docker.io/hivemq/hivemq-platform-operator-init-test:snapshot
2025-01-29 13:58:53,869 INFO c.h.h.t.HelmChartContainer - [hivemq-test-hivemq-platform] [hivemq-platform-operator] [7951d5bf] 13:58:53.867 [main] INFO  c.h.p.o.HiveMQPlatformOperatorApplication - HiveMQ Platform Operator Init App update URL: http://hivemq-platform-operator-test-hivemq-platform-operator.helmbrokerlicensesit-operator.svc:8080/initAppUpdate/hivemq-platform-operator-init-app-1.7.0-SNAPSHOT.jar
2025-01-29 13:58:53,869 INFO c.h.h.t.HelmChartContainer - [hivemq-test-hivemq-platform] [hivemq-platform-operator] [7951d5bf] 13:58:53.867 [main] INFO  c.h.p.o.HiveMQPlatformOperatorApplication - Additional imagePullSecret for all Platform deployments: none
2025-01-29 13:58:53,869 INFO c.h.h.t.HelmChartContainer - [hivemq-test-hivemq-platform] [hivemq-platform-operator] [7951d5bf] 13:58:53.867 [main] INFO  c.h.p.o.HiveMQPlatformOperatorApplication - Apply HiveMQ Platform CRD: true
2025-01-29 13:58:53,870 INFO c.h.h.t.HelmChartContainer - [hivemq-test-hivemq-platform] [hivemq-platform-operator] [7951d5bf] 13:58:53.867 [main] INFO  c.h.p.o.HiveMQPlatformOperatorApplication - Create Platform ServiceAccount: true
2025-01-29 13:58:53,870 INFO c.h.h.t.HelmChartContainer - [hivemq-test-hivemq-platform] [hivemq-platform-operator] [7951d5bf] 13:58:53.867 [main] INFO  c.h.p.o.HiveMQPlatformOperatorApplication - Create Platform ServiceAccount permissions: true
2025-01-29 13:58:53,870 INFO c.h.h.t.HelmChartContainer - [hivemq-test-hivemq-platform] [hivemq-platform-operator] [7951d5bf] 13:58:53.867 [main] INFO  c.h.p.o.HiveMQPlatformOperatorApplication - Validate Platform ServiceAccount: true
2025-01-29 13:58:53,870 INFO c.h.h.t.HelmChartContainer - [hivemq-test-hivemq-platform] [hivemq-platform-operator] [7951d5bf] 13:58:53.867 [main] INFO  c.h.p.o.HiveMQPlatformOperatorApplication - Validate Platform ServiceAccount permissions: true
2025-01-29 13:58:53,979 INFO c.h.h.t.HelmChartContainer - [hivemq-test-hivemq-platform] [hivemq-platform-operator] [7951d5bf] 13:58:53.978 [main] INFO  c.h.platform.operator.util.CRDUtil - Verifying deployed HiveMQ Platform CRD...
2025-01-29 13:58:56,468 INFO c.h.h.t.HelmChartContainer - [hivemq-test-hivemq-platform] [hivemq-platform-operator] [7951d5bf] 13:58:56.467 [main] DEBUG c.h.platform.operator.util.CRDUtil - HiveMQ Platform CRD version v1 is up to date
2025-01-29 13:58:56,468 INFO c.h.h.t.HelmChartContainer - [hivemq-test-hivemq-platform] [hivemq-platform-operator] [7951d5bf] 13:58:56.467 [main] INFO  c.h.platform.operator.util.CRDUtil - HiveMQ Platform CRD is up to date (version: V1_6_0)
2025-01-29 13:58:56,469 INFO c.h.h.t.HelmChartContainer - [hivemq-test-hivemq-platform] [hivemq-platform-operator] [7951d5bf] 13:58:56.467 [main] INFO  c.h.platform.operator.util.CRDUtil - Waiting 10000 ms for HiveMQ Platform CRD 'hivemq-platforms.hivemq.com' to become ready...
2025-01-29 13:58:56,775 INFO c.h.h.t.HelmChartContainer - [hivemq-test-hivemq-platform] [hivemq-platform-operator] [7951d5bf] 13:58:56.774 [vert.x-eventloop-thread-1] DEBUG c.h.platform.operator.util.CRDUtil - Checking CRD condition 'NamesAccepted' (status: 'True')
2025-01-29 13:58:56,776 INFO c.h.h.t.HelmChartContainer - [hivemq-test-hivemq-platform] [hivemq-platform-operator] [7951d5bf] 13:58:56.774 [vert.x-eventloop-thread-1] DEBUG c.h.platform.operator.util.CRDUtil - Checking CRD condition 'Established' (status: 'True')
2025-01-29 13:58:56,777 INFO c.h.h.t.HelmChartContainer - [hivemq-test-hivemq-platform] [hivemq-platform-operator] [7951d5bf] 13:58:56.776 [main] INFO  c.h.platform.operator.util.CRDUtil - HiveMQ Platform CRD 'hivemq-platforms.hivemq.com' is ready
2025-01-29 13:58:56,976 INFO c.h.h.t.HelmChartContainer - [hivemq-test-hivemq-platform] [hivemq-platform-operator] [7951d5bf] 13:58:56.975 [main] INFO  c.h.p.o.HiveMQPlatformReconciler - HiveMQ Platform Operator is starting...
2025-01-29 13:58:57,080 INFO c.h.h.t.HelmChartContainer - [hivemq-test-hivemq-platform] [hivemq-platform-operator] [7951d5bf] 13:58:57.079 [main] WARN  Default ConfigurationService implementation - Configuration for reconciler 'hivemq-controller' was not found. Known reconcilers: None.
2025-01-29 13:58:57,167 INFO c.h.h.t.HelmChartContainer - [hivemq-test-hivemq-platform] [hivemq-platform-operator] [7951d5bf] 13:58:57.166 [main] INFO  Default ConfigurationService implementation - Created configuration for reconciler com.hivemq.platform.operator.HiveMQPlatformReconciler with name hivemq-controller
2025-01-29 13:58:57,264 INFO c.h.h.t.HelmChartContainer - [hivemq-test-hivemq-platform] [hivemq-platform-operator] [7951d5bf] 13:58:57.263 [main] DEBUG c.h.p.o.HiveMQPlatformReconciler - HiveMQ Platform Operator is preparing EventSources
2025-01-29 13:58:57,275 INFO c.h.h.t.HelmChartContainer - [hivemq-test-hivemq-platform] [hivemq-platform-operator] [7951d5bf] 13:58:57.274 [main] INFO  i.javaoperatorsdk.operator.Operator - Registered reconciler: 'hivemq-controller' for resource: 'class com.hivemq.platform.operator.v1.HiveMQPlatform' for namespace(s): [all namespaces]
2025-01-29 13:58:57,879 INFO c.h.h.t.HelmChartContainer - [hivemq-test-hivemq-platform] [hivemq-platform-operator] [7951d5bf] 13:58:57.878 [main] INFO  c.h.p.operator.webserver.JettyServer - Starting Jetty server on port 8080
2025-01-29 13:58:57,975 INFO c.h.h.t.HelmChartContainer - [hivemq-test-hivemq-platform] [hivemq-platform-operator] [7951d5bf] 13:58:57.974 [main] INFO  i.javaoperatorsdk.operator.Operator - Operator SDK 4.9.7 (commit: 2133d28) built on Wed Nov 20 12:56:20 UTC 2024 starting...
2025-01-29 13:58:57,975 INFO c.h.h.t.HelmChartContainer - [hivemq-test-hivemq-platform] [hivemq-platform-operator] [7951d5bf] 13:58:57.974 [main] INFO  i.javaoperatorsdk.operator.Operator - Client version: 6.13.4
2025-01-29 13:58:57,976 INFO c.h.h.t.HelmChartContainer - [hivemq-test-hivemq-platform] [hivemq-platform-operator] [7951d5bf] 13:58:57.976 [Controller Starter for: hivemq-controller] INFO  i.j.operator.processing.Controller - Starting 'hivemq-controller' controller for reconciler: com.hivemq.platform.operator.HiveMQPlatformReconciler, resource: com.hivemq.platform.operator.v1.HiveMQPlatform
2025-01-29 13:59:00,275 INFO c.h.h.t.HelmChartContainer - [hivemq-test-hivemq-platform] [hivemq-platform-operator] [7951d5bf] 13:59:00.273 [Controller Starter for: hivemq-controller] INFO  i.j.operator.processing.Controller - 'hivemq-controller' controller started
2025-01-29 13:59:00,275 INFO c.h.h.t.HelmChartContainer - [hivemq-test-hivemq-platform] [hivemq-platform-operator] [7951d5bf] 13:59:00.273 [main] INFO  c.h.p.o.HiveMQPlatformOperatorApplication - HiveMQ Platform Operator 1.7.0-SNAPSHOT started in 6491 ms
2025-01-29 13:59:02,405 INFO c.h.h.t.HelmChartContainer - [POD] hivemq-test-hivemq-platform-operator-6966f96d65-4f2fq [7951d5bf-5505-4b3d-b391-32416410595b] in helmbrokerlicensesit-operator was MODIFIED
2025-01-29 13:59:02,408 INFO c.h.h.t.HelmChartContainer - [K3S] [replica_set.go:679] "Finished syncing" kind="ReplicaSet" key="helmbrokerlicensesit-operator/hivemq-test-hivemq-platform-operator-6966f96d65" duration="7.6439ms"
2025-01-29 13:59:02,409 INFO c.h.h.t.HelmChartContainer - [K3S] [replica_set.go:679] "Finished syncing" kind="ReplicaSet" key="helmbrokerlicensesit-operator/hivemq-test-hivemq-platform-operator-6966f96d65" duration="36.769µs"
2025-01-29 13:59:02,636 INFO c.h.h.testcontainer.LogWaiterUtil - TEST Waiting for log pattern on 'test-hivemq-platform-0': .*License file license.lic is corrupt.
2025-01-29 13:59:02,711 DEBUG c.h.h.t.HelmChartContainer - Executing helm command: /bin/helm --kubeconfig /etc/rancher/k3s/k3s.yaml install test-hivemq-platform /charts/hivemq-platform --wait --timeout 5m0s --set image.repository=docker.io/hivemq --set image.tag=4.36.0 --set image.pullPolicy=Never --set nodes.resources.cpu=512m --set nodes.replicaCount=1 --set license.name=test-license --namespace helmbrokerlicensesit
2025-01-29 13:59:03,077 INFO c.h.h.t.HelmChartContainer - [hivemq-test-hivemq-platform] [hivemq-platform-operator] [7951d5bf] 13:59:03.076 [-373097727-pool-1-thread-3] WARN  i.m.p.PrometheusMeterRegistry - The meter (MeterId{name='operator.sdk.events.received', tags=[tag(action=ADDED),tag(event=ResourceEvent),tag(group=hivemq.com),tag(kind=HiveMQPlatform),tag(name=test-hivemq-platform),tag(namespace=helmbrokerlicensesit),tag(scope=namespace),tag(version=v1)]}) registration has failed: Prometheus requires that all meters with the same name have the same set of tag keys. There is already an existing meter named 'operator.sdk.events.received' containing tag keys [event, group, kind, name, namespace, scope, version]. The meter you are attempting to register has keys [action, event, group, kind, name, namespace, scope, version]. Note that subsequent logs will be logged at debug level.
2025-01-29 13:59:03,575 INFO c.h.h.t.HelmChartContainer - [hivemq-test-hivemq-platform] [hivemq-platform-operator] [7951d5bf] 13:59:03.574 [pool-6-thread-3] DEBUG c.h.p.o.dependants.PodInfoConfigMap - [helmbrok] Desired PodInfo ConfigMap (1 extensions) (1 enabled)
2025-01-29 13:59:03,576 INFO c.h.h.t.HelmChartContainer - [hivemq-test-hivemq-platform] [hivemq-platform-operator] [7951d5bf] 13:59:03.574 [pool-6-thread-3] DEBUG c.h.p.o.dependants.PodInfoConfigMap - [helmbrok] Desired PodInfo ConfigMap (metrics port: 9399) (metrics path: /)
2025-01-29 13:59:03,576 INFO c.h.h.t.HelmChartContainer - [hivemq-test-hivemq-platform] [hivemq-platform-operator] [7951d5bf] 13:59:03.574 [pool-6-thread-3] DEBUG c.h.p.o.dependants.PodInfoConfigMap - [helmbrok] Desired PodInfo ConfigMap (extension state hash: -1817474005)
2025-01-29 13:59:03,577 INFO c.h.h.t.HelmChartContainer - [hivemq-test-hivemq-platform] [hivemq-platform-operator] [7951d5bf] 13:59:03.576 [pool-6-thread-3] DEBUG c.h.p.o.dependants.PodInfoConfigMap - [helmbrok] Create PodInfo ConfigMap
2025-01-29 13:59:03,675 INFO c.h.h.t.HelmChartContainer - [hivemq-test-hivemq-platform] [hivemq-platform-operator] [7951d5bf] 13:59:03.673 [pool-6-thread-5] DEBUG c.h.p.o.dependants.PodRoleResource - [helmbrok] Create Role: Role(apiVersion=rbac.authorization.k8s.io/v1, kind=Role, metadata=ObjectMeta(annotations={meta.helm.sh/release-name=test-hivemq-platform, meta.helm.sh/release-namespace=helmbrokerlicensesit}, creationTimestamp=null, deletionGracePeriodSeconds=null, deletionTimestamp=null, finalizers=[], generateName=null, generation=null, labels={helm.sh/chart=hivemq-platform-0.2.32, app.kubernetes.io/managed-by=Helm, app.kubernetes.io/name=hivemq-platform, hivemq-platform=test-hivemq-platform, app.kubernetes.io/instance=test-hivemq-platform, app.kubernetes.io/version=4.36.0}, managedFields=[], name=hivemq-platform-role-test-hivemq-platform, namespace=helmbrokerlicensesit, ownerReferences=[OwnerReference(apiVersion=hivemq.com/v1, blockOwnerDeletion=null, controller=null, kind=HiveMQPlatform, name=test-hivemq-platform, uid=80144f65-f8b0-4f65-b988-4ff73fb8e10c, additionalProperties={})], resourceVersion=null, selfLink=null, uid=null, additionalProperties={}), rules=[PolicyRule(apiGroups=[], nonResourceURLs=[], resourceNames=[], resources=[pods], verbs=[get, patch, update], additionalProperties={})], additionalProperties={})
2025-01-29 13:59:03,780 INFO c.h.h.t.HelmChartContainer - [hivemq-test-hivemq-platform] [hivemq-platform-operator] [7951d5bf] 13:59:03.778 [pool-6-thread-7] DEBUG c.h.p.o.d.PodServiceAccountResource - [helmbrok] Desired PodServiceAccountResource (serviceAccountName: hivemq-platform-pod-test-hivemq-platform)
2025-01-29 13:59:03,780 INFO c.h.h.t.HelmChartContainer - [hivemq-test-hivemq-platform] [hivemq-platform-operator] [7951d5bf] 13:59:03.779 [pool-6-thread-7] DEBUG c.h.p.o.d.PodServiceAccountResource - [helmbrok] Create ServiceAccount 'hivemq-platform-pod-test-hivemq-platform'
2025-01-29 13:59:03,967 INFO c.h.h.t.HelmChartContainer - [hivemq-test-hivemq-platform] [hivemq-platform-operator] [7951d5bf] 13:59:03.966 [pool-6-thread-10] DEBUG c.h.p.o.d.PodRoleBindingResource - [helmbrok] Create RoleBinding: RoleBinding(apiVersion=rbac.authorization.k8s.io/v1, kind=RoleBinding, metadata=ObjectMeta(annotations={meta.helm.sh/release-name=test-hivemq-platform, meta.helm.sh/release-namespace=helmbrokerlicensesit}, creationTimestamp=null, deletionGracePeriodSeconds=null, deletionTimestamp=null, finalizers=[], generateName=null, generation=null, labels={helm.sh/chart=hivemq-platform-0.2.32, app.kubernetes.io/managed-by=Helm, app.kubernetes.io/name=hivemq-platform, hivemq-platform=test-hivemq-platform, app.kubernetes.io/instance=test-hivemq-platform, app.kubernetes.io/version=4.36.0}, managedFields=[], name=hivemq-platform-role-binding-test-hivemq-platform, namespace=helmbrokerlicensesit, ownerReferences=[OwnerReference(apiVersion=hivemq.com/v1, blockOwnerDeletion=null, controller=null, kind=HiveMQPlatform, name=test-hivemq-platform, uid=80144f65-f8b0-4f65-b988-4ff73fb8e10c, additionalProperties={})], resourceVersion=null, selfLink=null, uid=null, additionalProperties={}), roleRef=RoleRef(apiGroup=rbac.authorization.k8s.io, kind=Role, name=hivemq-platform-role-test-hivemq-platform, additionalProperties={}), subjects=[Subject(apiGroup=null, kind=ServiceAccount, name=hivemq-platform-pod-test-hivemq-platform, namespace=helmbrokerlicensesit, additionalProperties={})], additionalProperties={})
2025-01-29 13:59:03,985 INFO c.h.h.t.HelmChartContainer - [hivemq-test-hivemq-platform] [hivemq-platform-operator] [7951d5bf] 13:59:03.984 [ReconcilerExecutor-hivemq-controller-53] INFO  c.h.p.o.HiveMQPlatformReconciler - [helmbrok] Reconciling HiveMQ Platform 'test-hivemq-platform' in namespace 'helmbrokerlicensesit'
2025-01-29 13:59:03,985 INFO c.h.h.t.HelmChartContainer - [hivemq-test-hivemq-platform] [hivemq-platform-operator] [7951d5bf] 13:59:03.984 [ReconcilerExecutor-hivemq-controller-53] DEBUG c.h.p.o.HiveMQPlatformReconciler - [helmbrok] Custom Resource Status CREATED - HiveMQ Platform was created (READY)
2025-01-29 13:59:03,985 INFO c.h.h.t.HelmChartContainer - [hivemq-test-hivemq-platform] [hivemq-platform-operator] [7951d5bf] 13:59:03.984 [ReconcilerExecutor-hivemq-controller-53] DEBUG c.h.p.o.HiveMQPlatformReconciler - [helmbrok] Custom Resource Spec (replicas: 1) (extensions: 1)
2025-01-29 13:59:03,989 INFO c.h.h.t.HelmChartContainer - [hivemq-test-hivemq-platform] [hivemq-platform-operator] [7951d5bf] 13:59:03.988 [ReconcilerExecutor-hivemq-controller-53] INFO  c.h.p.o.h.HiveMQPlatformReconcilerBaseHandler - [helmbrok] HiveMQ Platform is starting
2025-01-29 13:59:04,084 INFO c.h.h.t.HelmChartContainer - [hivemq-test-hivemq-platform] [hivemq-platform-operator] [7951d5bf] 13:59:04.083 [ReconcilerExecutor-hivemq-controller-53] DEBUG c.h.p.operator.event.EventSender - [helmbrok] Creating K8s event hivemq-platform-starting: [Start] HiveMQ Platform is starting
2025-01-29 13:59:04,171 INFO c.h.h.t.HelmChartContainer - [EVENT] Normal [Start] HiveMQ Platform is starting [helmbrokerlicensesit:test-hivemq-platform]
2025-01-29 13:59:04,176 INFO c.h.h.t.HelmChartContainer - [hivemq-test-hivemq-platform] [hivemq-platform-operator] [7951d5bf] 13:59:04.174 [ReconcilerExecutor-hivemq-controller-53] INFO  c.h.p.o.h.AbstractHiveMQReconcilerStateHandler - [helmbrok] Update HiveMQ Platform Status (CREATED [READY] -> STARTING [READY]): HiveMQ Platform is starting
2025-01-29 13:59:04,187 DEBUG com.hivemq.helmcharts.util.K8sUtil - Comparing actual state 'STARTING' and waiting for 'RUNNING'
2025-01-29 13:59:14,275 INFO c.h.h.t.HelmChartContainer - [hivemq-test-hivemq-platform] [hivemq-platform-operator] [7951d5bf] 13:59:14.272 [pool-6-thread-12] DEBUG c.h.p.o.d.PlatformServiceResource - [helmbrok] Desired Platform services (3 services)
2025-01-29 13:59:14,276 INFO c.h.h.t.HelmChartContainer - [hivemq-test-hivemq-platform] [hivemq-platform-operator] [7951d5bf] 13:59:14.274 [pool-6-thread-13] DEBUG c.h.p.o.dependants.PodInfoConfigMap - [helmbrok] Desired PodInfo ConfigMap (1 extensions) (1 enabled)
2025-01-29 13:59:14,276 INFO c.h.h.t.HelmChartContainer - [hivemq-test-hivemq-platform] [hivemq-platform-operator] [7951d5bf] 13:59:14.274 [pool-6-thread-13] DEBUG c.h.p.o.dependants.PodInfoConfigMap - [helmbrok] Desired PodInfo ConfigMap (metrics port: 9399) (metrics path: /)
2025-01-29 13:59:14,276 INFO c.h.h.t.HelmChartContainer - [hivemq-test-hivemq-platform] [hivemq-platform-operator] [7951d5bf] 13:59:14.274 [pool-6-thread-13] DEBUG c.h.p.o.dependants.PodInfoConfigMap - [helmbrok] Desired PodInfo ConfigMap (extension state hash: -1817474005)
2025-01-29 13:59:14,282 INFO c.h.h.t.HelmChartContainer - [hivemq-test-hivemq-platform] [hivemq-platform-operator] [7951d5bf] 13:59:14.281 [pool-6-thread-13] DEBUG c.h.p.o.dependants.PodInfoConfigMap - [helmbrok] Update PodInfo ConfigMap
2025-01-29 13:59:14,364 INFO c.h.h.t.HelmChartContainer - [hivemq-test-hivemq-platform] [hivemq-platform-operator] [7951d5bf] 13:59:14.279 [pool-6-thread-17] DEBUG c.h.p.o.d.PodServiceAccountResource - [helmbrok] Desired PodServiceAccountResource (serviceAccountName: hivemq-platform-pod-test-hivemq-platform)
2025-01-29 13:59:14,378 INFO c.h.h.t.HelmChartContainer - [K3S] [alloc.go:330] "allocated clusterIPs" service="helmbrokerlicensesit/hivemq-test-hivemq-platform-metrics-9399" clusterIPs={"IPv4":"10.43.44.53"}
2025-01-29 13:59:14,472 INFO c.h.h.t.HelmChartContainer - [K3S] [alloc.go:330] "allocated clusterIPs" service="helmbrokerlicensesit/hivemq-test-hivemq-platform-cc-8080" clusterIPs={"IPv4":"10.43.201.20"}
2025-01-29 13:59:14,484 INFO c.h.h.t.HelmChartContainer - [K3S] [alloc.go:330] "allocated clusterIPs" service="helmbrokerlicensesit/hivemq-test-hivemq-platform-mqtt-1883" clusterIPs={"IPv4":"10.43.1.127"}
2025-01-29 13:59:14,566 INFO c.h.h.t.HelmChartContainer - [hivemq-test-hivemq-platform] [hivemq-platform-operator] [7951d5bf] 13:59:14.564 [pool-6-thread-20] DEBUG c.h.p.o.d.StatefulSetResource - [helmbrok] Desired StatefulSet (1 replicas) for status STARTING (READY)
2025-01-29 13:59:14,578 INFO c.h.h.t.HelmChartContainer - [hivemq-test-hivemq-platform] [hivemq-platform-operator] [7951d5bf] 13:59:14.578 [pool-6-thread-20] DEBUG c.h.p.o.d.StatefulSetResource - [helmbrok] Create StatefulSet
2025-01-29 13:59:14,689 INFO c.h.h.t.HelmChartContainer - [hivemq-test-hivemq-platform] [hivemq-platform-operator] [7951d5bf] 13:59:14.686 [ReconcilerExecutor-hivemq-controller-64] INFO  c.h.p.o.HiveMQPlatformReconciler - [helmbrok] Reconciling HiveMQ Platform 'test-hivemq-platform' in namespace 'helmbrokerlicensesit'
2025-01-29 13:59:14,690 INFO c.h.h.t.HelmChartContainer - [POD] test-hivemq-platform-0 [0cf018e1-30bb-498b-9419-4598724c0265] in helmbrokerlicensesit was ADDED
2025-01-29 13:59:14,696 INFO c.h.h.t.HelmChartContainer - [EVENT] Normal [SuccessfulCreate] create Pod test-hivemq-platform-0 in StatefulSet test-hivemq-platform successful [helmbrokerlicensesit:test-hivemq-platform]
2025-01-29 13:59:14,696 INFO c.h.h.t.HelmChartContainer - [POD] test-hivemq-platform-0 [0cf018e1-30bb-498b-9419-4598724c0265] in helmbrokerlicensesit was MODIFIED
2025-01-29 13:59:14,707 INFO c.h.h.t.HelmChartContainer - [EVENT] Normal [Scheduled] Successfully assigned helmbrokerlicensesit/test-hivemq-platform-0 to a5210c6ce14a [helmbrokerlicensesit:test-hivemq-platform-0]
2025-01-29 13:59:14,713 INFO c.h.h.t.HelmChartContainer - [POD] test-hivemq-platform-0 [0cf018e1-30bb-498b-9419-4598724c0265] in helmbrokerlicensesit was MODIFIED
2025-01-29 13:59:14,750 INFO c.h.h.t.HelmChartContainer - [hivemq-test-hivemq-platform] [hivemq-platform-operator] [7951d5bf] 13:59:14.749 [ReconcilerExecutor-hivemq-controller-64] DEBUG c.h.p.o.HiveMQPlatformReconciler - [helmbrok] Custom Resource Status STARTING - HiveMQ Platform is starting (READY)
2025-01-29 13:59:14,751 INFO c.h.h.t.HelmChartContainer - [hivemq-test-hivemq-platform] [hivemq-platform-operator] [7951d5bf] 13:59:14.750 [ReconcilerExecutor-hivemq-controller-64] DEBUG c.h.p.o.HiveMQPlatformReconciler - [helmbrok] Custom Resource Spec (replicas: 1) (extensions: 1)
2025-01-29 13:59:14,769 INFO c.h.h.t.HelmChartContainer - [hivemq-test-hivemq-platform] [hivemq-platform-operator] [7951d5bf] 13:59:14.766 [ReconcilerExecutor-hivemq-controller-64] DEBUG c.h.p.o.HiveMQPlatformReconciler - [helmbrok] StatefulSet Status (revision: null, replicas: 0, available: 0, ready: 0, current: 0, updated: 0)
2025-01-29 13:59:14,770 INFO c.h.h.t.HelmChartContainer - [hivemq-test-hivemq-platform] [hivemq-platform-operator] [7951d5bf] 13:59:14.767 [ReconcilerExecutor-hivemq-controller-64] DEBUG c.h.p.o.HiveMQPlatformReconciler - [helmbrok] StatefulSet Spec (replicas: 1, init containers: 1, containers: 1, volumes: 4)
2025-01-29 13:59:14,810 INFO c.h.h.t.HelmChartContainer - [K3S] [reconciler_common.go:251] "operationExecutor.VerifyControllerAttachedVolume started for volume \"licenses\" (UniqueName: \"kubernetes.io/secret/0cf018e1-30bb-498b-9419-4598724c0265-licenses\") pod \"test-hivemq-platform-0\" (UID: \"0cf018e1-30bb-498b-9419-4598724c0265\") " pod="helmbrokerlicensesit/test-hivemq-platform-0"
2025-01-29 13:59:14,810 INFO c.h.h.t.HelmChartContainer - [K3S] [reconciler_common.go:251] "operationExecutor.VerifyControllerAttachedVolume started for volume \"operator-init\" (UniqueName: \"kubernetes.io/empty-dir/0cf018e1-30bb-498b-9419-4598724c0265-operator-init\") pod \"test-hivemq-platform-0\" (UID: \"0cf018e1-30bb-498b-9419-4598724c0265\") " pod="helmbrokerlicensesit/test-hivemq-platform-0"
2025-01-29 13:59:14,810 INFO c.h.h.t.HelmChartContainer - [K3S] [reconciler_common.go:251] "operationExecutor.VerifyControllerAttachedVolume started for volume \"kube-api-access-rj5kn\" (UniqueName: \"kubernetes.io/projected/0cf018e1-30bb-498b-9419-4598724c0265-kube-api-access-rj5kn\") pod \"test-hivemq-platform-0\" (UID: \"0cf018e1-30bb-498b-9419-4598724c0265\") " pod="helmbrokerlicensesit/test-hivemq-platform-0"
2025-01-29 13:59:14,810 INFO c.h.h.t.HelmChartContainer - [K3S] [reconciler_common.go:251] "operationExecutor.VerifyControllerAttachedVolume started for volume \"pod-info\" (UniqueName: \"kubernetes.io/configmap/0cf018e1-30bb-498b-9419-4598724c0265-pod-info\") pod \"test-hivemq-platform-0\" (UID: \"0cf018e1-30bb-498b-9419-4598724c0265\") " pod="helmbrokerlicensesit/test-hivemq-platform-0"
2025-01-29 13:59:14,810 INFO c.h.h.t.HelmChartContainer - [K3S] [reconciler_common.go:251] "operationExecutor.VerifyControllerAttachedVolume started for volume \"broker-configuration\" (UniqueName: \"kubernetes.io/configmap/0cf018e1-30bb-498b-9419-4598724c0265-broker-configuration\") pod \"test-hivemq-platform-0\" (UID: \"0cf018e1-30bb-498b-9419-4598724c0265\") " pod="helmbrokerlicensesit/test-hivemq-platform-0"
2025-01-29 13:59:14,868 INFO c.h.h.t.HelmChartContainer - [hivemq-test-hivemq-platform] [hivemq-platform-operator] [7951d5bf] 13:59:14.867 [ReconcilerExecutor-hivemq-controller-64] DEBUG c.h.p.o.h.HiveMQPlatformReconcilerErrorHandler - [helmbrok] Pod 'test-hivemq-platform-0' phase Pending
2025-01-29 13:59:14,869 INFO c.h.h.t.HelmChartContainer - [hivemq-test-hivemq-platform] [hivemq-platform-operator] [7951d5bf] 13:59:14.867 [ReconcilerExecutor-hivemq-controller-64] DEBUG c.h.p.o.h.HiveMQPlatformReconcilerErrorHandler - [helmbrok] Pod 'test-hivemq-platform-0' condition 'PodScheduled': True
2025-01-29 13:59:14,870 INFO c.h.h.t.HelmChartContainer - [hivemq-test-hivemq-platform] [hivemq-platform-operator] [7951d5bf] 13:59:14.869 [ReconcilerExecutor-hivemq-controller-64] INFO  c.h.p.o.h.HiveMQPlatformReconcilerBaseHandler - [helmbrok] HiveMQ Platform is starting, 0 of 1 replicas are ready
2025-01-29 13:59:14,876 INFO c.h.h.t.HelmChartContainer - [hivemq-test-hivemq-platform] [hivemq-platform-operator] [7951d5bf] 13:59:14.874 [pool-6-thread-22] DEBUG c.h.p.o.d.PlatformServiceResource - [helmbrok] Desired Platform services (3 services)
2025-01-29 13:59:14,878 INFO c.h.h.t.HelmChartContainer - [hivemq-test-hivemq-platform] [hivemq-platform-operator] [7951d5bf] 13:59:14.877 [pool-6-thread-23] DEBUG c.h.p.o.dependants.PodInfoConfigMap - [helmbrok] Desired PodInfo ConfigMap (1 extensions) (1 enabled)
2025-01-29 13:59:14,878 INFO c.h.h.t.HelmChartContainer - [hivemq-test-hivemq-platform] [hivemq-platform-operator] [7951d5bf] 13:59:14.877 [pool-6-thread-23] DEBUG c.h.p.o.dependants.PodInfoConfigMap - [helmbrok] Desired PodInfo ConfigMap (metrics port: 9399) (metrics path: /)
2025-01-29 13:59:14,880 INFO c.h.h.t.HelmChartContainer - [hivemq-test-hivemq-platform] [hivemq-platform-operator] [7951d5bf] 13:59:14.880 [pool-6-thread-23] DEBUG c.h.p.o.dependants.PodInfoConfigMap - [helmbrok] Desired PodInfo ConfigMap (extension state hash: -1817474005)
2025-01-29 13:59:14,951 INFO c.h.h.t.HelmChartContainer - [hivemq-test-hivemq-platform] [hivemq-platform-operator] [7951d5bf] 13:59:14.950 [pool-6-thread-27] DEBUG c.h.p.o.d.PodServiceAccountResource - [helmbrok] Desired PodServiceAccountResource (serviceAccountName: hivemq-platform-pod-test-hivemq-platform)
2025-01-29 13:59:14,970 INFO c.h.h.t.HelmChartContainer - [hivemq-test-hivemq-platform] [hivemq-platform-operator] [7951d5bf] 13:59:14.969 [pool-6-thread-30] DEBUG c.h.p.o.d.StatefulSetResource - [helmbrok] Desired StatefulSet (1 replicas) for status STARTING (READY)
2025-01-29 13:59:14,975 INFO c.h.h.t.HelmChartContainer - [hivemq-test-hivemq-platform] [hivemq-platform-operator] [7951d5bf] 13:59:14.975 [ReconcilerExecutor-hivemq-controller-75] INFO  c.h.p.o.HiveMQPlatformReconciler - [helmbrok] Reconciling HiveMQ Platform 'test-hivemq-platform' in namespace 'helmbrokerlicensesit'
2025-01-29 13:59:14,976 INFO c.h.h.t.HelmChartContainer - [hivemq-test-hivemq-platform] [hivemq-platform-operator] [7951d5bf] 13:59:14.975 [ReconcilerExecutor-hivemq-controller-75] DEBUG c.h.p.o.HiveMQPlatformReconciler - [helmbrok] Custom Resource Status STARTING - HiveMQ Platform is starting (READY)
2025-01-29 13:59:14,976 INFO c.h.h.t.HelmChartContainer - [hivemq-test-hivemq-platform] [hivemq-platform-operator] [7951d5bf] 13:59:14.976 [ReconcilerExecutor-hivemq-controller-75] DEBUG c.h.p.o.HiveMQPlatformReconciler - [helmbrok] Custom Resource Spec (replicas: 1) (extensions: 1)
2025-01-29 13:59:15,067 INFO c.h.h.t.HelmChartContainer - [hivemq-test-hivemq-platform] [hivemq-platform-operator] [7951d5bf] 13:59:15.065 [ReconcilerExecutor-hivemq-controller-75] DEBUG c.h.p.o.HiveMQPlatformReconciler - [helmbrok] StatefulSet Status (revision: test-hivemq-platform-5c857ddf4c, replicas: 1, available: 0, ready: 0, current: 1, updated: 1)
2025-01-29 13:59:15,068 INFO c.h.h.t.HelmChartContainer - [hivemq-test-hivemq-platform] [hivemq-platform-operator] [7951d5bf] 13:59:15.065 [ReconcilerExecutor-hivemq-controller-75] DEBUG c.h.p.o.HiveMQPlatformReconciler - [helmbrok] StatefulSet Spec (replicas: 1, init containers: 1, containers: 1, volumes: 4)
2025-01-29 13:59:15,075 INFO c.h.h.t.HelmChartContainer - [hivemq-test-hivemq-platform] [hivemq-platform-operator] [7951d5bf] 13:59:15.072 [ReconcilerExecutor-hivemq-controller-75] DEBUG c.h.p.o.h.HiveMQPlatformReconcilerErrorHandler - [helmbrok] Pod 'test-hivemq-platform-0' phase Pending
2025-01-29 13:59:15,075 INFO c.h.h.t.HelmChartContainer - [hivemq-test-hivemq-platform] [hivemq-platform-operator] [7951d5bf] 13:59:15.073 [ReconcilerExecutor-hivemq-controller-75] DEBUG c.h.p.o.h.HiveMQPlatformReconcilerErrorHandler - [helmbrok] Pod 'test-hivemq-platform-0' condition 'PodReadyToStartContainers': False
2025-01-29 13:59:15,077 INFO c.h.h.t.HelmChartContainer - [hivemq-test-hivemq-platform] [hivemq-platform-operator] [7951d5bf] 13:59:15.073 [ReconcilerExecutor-hivemq-controller-75] DEBUG c.h.p.o.h.HiveMQPlatformReconcilerErrorHandler - [helmbrok] Pod 'test-hivemq-platform-0' condition 'Initialized': False
2025-01-29 13:59:15,077 INFO c.h.h.t.HelmChartContainer - [hivemq-test-hivemq-platform] [hivemq-platform-operator] [7951d5bf] 13:59:15.073 [ReconcilerExecutor-hivemq-controller-75] DEBUG c.h.p.o.h.HiveMQPlatformReconcilerErrorHandler - [helmbrok] Pod 'test-hivemq-platform-0' condition 'Ready': False
2025-01-29 13:59:15,077 INFO c.h.h.t.HelmChartContainer - [hivemq-test-hivemq-platform] [hivemq-platform-operator] [7951d5bf] 13:59:15.073 [ReconcilerExecutor-hivemq-controller-75] DEBUG c.h.p.o.h.HiveMQPlatformReconcilerErrorHandler - [helmbrok] Pod 'test-hivemq-platform-0' condition 'ContainersReady': False
2025-01-29 13:59:15,077 INFO c.h.h.t.HelmChartContainer - [hivemq-test-hivemq-platform] [hivemq-platform-operator] [7951d5bf] 13:59:15.073 [ReconcilerExecutor-hivemq-controller-75] DEBUG c.h.p.o.h.HiveMQPlatformReconcilerErrorHandler - [helmbrok] Pod 'test-hivemq-platform-0' condition 'PodScheduled': True
2025-01-29 13:59:15,077 INFO c.h.h.t.HelmChartContainer - [hivemq-test-hivemq-platform] [hivemq-platform-operator] [7951d5bf] 13:59:15.073 [ReconcilerExecutor-hivemq-controller-75] DEBUG c.h.p.o.h.HiveMQPlatformReconcilerErrorHandler - [helmbrok] Pod 'test-hivemq-platform-0' containerStatus 'hivemq' (started: false) (ready: false) (waiting: [PodInitializing] null)
2025-01-29 13:59:15,077 INFO c.h.h.t.HelmChartContainer - [hivemq-test-hivemq-platform] [hivemq-platform-operator] [7951d5bf] 13:59:15.075 [ReconcilerExecutor-hivemq-controller-75] INFO  c.h.p.o.h.HiveMQPlatformReconcilerBaseHandler - [helmbrok] HiveMQ Platform is starting, 0 of 1 replicas are ready
2025-01-29 13:59:15,089 INFO c.h.h.t.HelmChartContainer - [EVENT] Normal [Pulled] Container image "docker.io/hivemq/hivemq-platform-operator-init-test:snapshot" already present on machine [helmbrokerlicensesit:test-hivemq-platform-0]
2025-01-29 13:59:15,202 INFO c.h.h.t.HelmChartContainer - [EVENT] Normal [Created] Created container: hivemq-platform-operator-init [helmbrokerlicensesit:test-hivemq-platform-0]
2025-01-29 13:59:15,242 INFO c.h.h.t.HelmChartContainer - [EVENT] Normal [Started] Started container hivemq-platform-operator-init [helmbrokerlicensesit:test-hivemq-platform-0]
2025-01-29 13:59:15,435 INFO c.h.h.t.HelmChartContainer - [POD] test-hivemq-platform-0 [0cf018e1-30bb-498b-9419-4598724c0265] in helmbrokerlicensesit was MODIFIED
2025-01-29 13:59:15,476 INFO c.h.h.t.HelmChartContainer - [hivemq-test-hivemq-platform] [hivemq-platform-operator] [7951d5bf] 13:59:15.473 [pool-6-thread-32] DEBUG c.h.p.o.d.PlatformServiceResource - [helmbrok] Desired Platform services (3 services)
2025-01-29 13:59:15,477 INFO c.h.h.t.HelmChartContainer - [hivemq-test-hivemq-platform] [hivemq-platform-operator] [7951d5bf] 13:59:15.477 [pool-6-thread-33] DEBUG c.h.p.o.dependants.PodInfoConfigMap - [helmbrok] Desired PodInfo ConfigMap (1 extensions) (1 enabled)
2025-01-29 13:59:15,479 INFO c.h.h.t.HelmChartContainer - [hivemq-test-hivemq-platform] [hivemq-platform-operator] [7951d5bf] 13:59:15.479 [pool-6-thread-33] DEBUG c.h.p.o.dependants.PodInfoConfigMap - [helmbrok] Desired PodInfo ConfigMap (metrics port: 9399) (metrics path: /)
2025-01-29 13:59:15,482 INFO c.h.h.t.HelmChartContainer - [hivemq-test-hivemq-platform] [hivemq-platform-operator] [7951d5bf] 13:59:15.480 [pool-6-thread-33] DEBUG c.h.p.o.dependants.PodInfoConfigMap - [helmbrok] Desired PodInfo ConfigMap (extension state hash: -1817474005)
2025-01-29 13:59:15,482 INFO c.h.h.t.HelmChartContainer - [hivemq-test-hivemq-platform] [hivemq-platform-operator] [7951d5bf] 13:59:15.481 [pool-6-thread-37] DEBUG c.h.p.o.d.PodServiceAccountResource - [helmbrok] Desired PodServiceAccountResource (serviceAccountName: hivemq-platform-pod-test-hivemq-platform)
2025-01-29 13:59:15,567 INFO c.h.h.t.HelmChartContainer - [hivemq-test-hivemq-platform] [hivemq-platform-operator] [7951d5bf] 13:59:15.565 [pool-6-thread-40] DEBUG c.h.p.o.d.StatefulSetResource - [helmbrok] Desired StatefulSet (1 replicas) for status STARTING (READY)
2025-01-29 13:59:15,570 INFO c.h.h.t.HelmChartContainer - [hivemq-test-hivemq-platform] [hivemq-platform-operator] [7951d5bf] 13:59:15.569 [ReconcilerExecutor-hivemq-controller-86] INFO  c.h.p.o.HiveMQPlatformReconciler - [helmbrok] Reconciling HiveMQ Platform 'test-hivemq-platform' in namespace 'helmbrokerlicensesit'
2025-01-29 13:59:15,571 INFO c.h.h.t.HelmChartContainer - [hivemq-test-hivemq-platform] [hivemq-platform-operator] [7951d5bf] 13:59:15.569 [ReconcilerExecutor-hivemq-controller-86] DEBUG c.h.p.o.HiveMQPlatformReconciler - [helmbrok] Custom Resource Status STARTING - HiveMQ Platform is starting (READY)
2025-01-29 13:59:15,571 INFO c.h.h.t.HelmChartContainer - [hivemq-test-hivemq-platform] [hivemq-platform-operator] [7951d5bf] 13:59:15.569 [ReconcilerExecutor-hivemq-controller-86] DEBUG c.h.p.o.HiveMQPlatformReconciler - [helmbrok] Custom Resource Spec (replicas: 1) (extensions: 1)
2025-01-29 13:59:15,573 INFO c.h.h.t.HelmChartContainer - [hivemq-test-hivemq-platform] [hivemq-platform-operator] [7951d5bf] 13:59:15.572 [ReconcilerExecutor-hivemq-controller-86] DEBUG c.h.p.o.HiveMQPlatformReconciler - [helmbrok] StatefulSet Status (revision: test-hivemq-platform-5c857ddf4c, replicas: 1, available: 0, ready: 0, current: 1, updated: 1)
2025-01-29 13:59:15,573 INFO c.h.h.t.HelmChartContainer - [hivemq-test-hivemq-platform] [hivemq-platform-operator] [7951d5bf] 13:59:15.572 [ReconcilerExecutor-hivemq-controller-86] DEBUG c.h.p.o.HiveMQPlatformReconciler - [helmbrok] StatefulSet Spec (replicas: 1, init containers: 1, containers: 1, volumes: 4)
2025-01-29 13:59:15,577 INFO c.h.h.t.HelmChartContainer - [hivemq-test-hivemq-platform] [hivemq-platform-operator] [7951d5bf] 13:59:15.575 [ReconcilerExecutor-hivemq-controller-86] DEBUG c.h.p.o.h.HiveMQPlatformReconcilerErrorHandler - [helmbrok] Pod 'test-hivemq-platform-0' phase Pending
2025-01-29 13:59:15,577 INFO c.h.h.t.HelmChartContainer - [hivemq-test-hivemq-platform] [hivemq-platform-operator] [7951d5bf] 13:59:15.575 [ReconcilerExecutor-hivemq-controller-86] DEBUG c.h.p.o.h.HiveMQPlatformReconcilerErrorHandler - [helmbrok] Pod 'test-hivemq-platform-0' condition 'PodReadyToStartContainers': True
2025-01-29 13:59:15,577 INFO c.h.h.t.HelmChartContainer - [hivemq-test-hivemq-platform] [hivemq-platform-operator] [7951d5bf] 13:59:15.575 [ReconcilerExecutor-hivemq-controller-86] DEBUG c.h.p.o.h.HiveMQPlatformReconcilerErrorHandler - [helmbrok] Pod 'test-hivemq-platform-0' condition 'Initialized': False
2025-01-29 13:59:15,578 INFO c.h.h.t.HelmChartContainer - [hivemq-test-hivemq-platform] [hivemq-platform-operator] [7951d5bf] 13:59:15.575 [ReconcilerExecutor-hivemq-controller-86] DEBUG c.h.p.o.h.HiveMQPlatformReconcilerErrorHandler - [helmbrok] Pod 'test-hivemq-platform-0' condition 'Ready': False
2025-01-29 13:59:15,578 INFO c.h.h.t.HelmChartContainer - [hivemq-test-hivemq-platform] [hivemq-platform-operator] [7951d5bf] 13:59:15.576 [ReconcilerExecutor-hivemq-controller-86] DEBUG c.h.p.o.h.HiveMQPlatformReconcilerErrorHandler - [helmbrok] Pod 'test-hivemq-platform-0' condition 'ContainersReady': False
2025-01-29 13:59:15,578 INFO c.h.h.t.HelmChartContainer - [hivemq-test-hivemq-platform] [hivemq-platform-operator] [7951d5bf] 13:59:15.576 [ReconcilerExecutor-hivemq-controller-86] DEBUG c.h.p.o.h.HiveMQPlatformReconcilerErrorHandler - [helmbrok] Pod 'test-hivemq-platform-0' condition 'PodScheduled': True
2025-01-29 13:59:15,578 INFO c.h.h.t.HelmChartContainer - [hivemq-test-hivemq-platform] [hivemq-platform-operator] [7951d5bf] 13:59:15.576 [ReconcilerExecutor-hivemq-controller-86] DEBUG c.h.p.o.h.HiveMQPlatformReconcilerErrorHandler - [helmbrok] Pod 'test-hivemq-platform-0' containerStatus 'hivemq' (started: false) (ready: false) (waiting: [PodInitializing] null)
2025-01-29 13:59:15,578 INFO c.h.h.t.HelmChartContainer - [hivemq-test-hivemq-platform] [hivemq-platform-operator] [7951d5bf] 13:59:15.577 [ReconcilerExecutor-hivemq-controller-86] INFO  c.h.p.o.h.HiveMQPlatformReconcilerBaseHandler - [helmbrok] HiveMQ Platform is starting, 0 of 1 replicas are ready
2025-01-29 13:59:16,431 INFO c.h.h.t.HelmChartContainer - [EVENT] Normal [Pulled] Container image "docker.io/hivemq/hivemq4:4.36.0" already present on machine [helmbrokerlicensesit:test-hivemq-platform-0]
2025-01-29 13:59:16,431 INFO c.h.h.t.HelmChartContainer - Received Pulled event for container hivemq in pod test-hivemq-platform-0 [0cf018e1-30bb-498b-9419-4598724c0265]
2025-01-29 13:59:16,437 INFO c.h.h.t.HelmChartContainer - [POD] test-hivemq-platform-0 [0cf018e1-30bb-498b-9419-4598724c0265] in helmbrokerlicensesit was MODIFIED
2025-01-29 13:59:16,460 INFO c.h.h.t.HelmChartContainer - [hivemq-test-hivemq-platform] [hivemq-platform-operator] [7951d5bf] 13:59:16.453 [pool-6-thread-42] DEBUG c.h.p.o.d.PlatformServiceResource - [helmbrok] Desired Platform services (3 services)
2025-01-29 13:59:16,460 INFO c.h.h.t.HelmChartContainer - [hivemq-test-hivemq-platform] [hivemq-platform-operator] [7951d5bf] 13:59:16.457 [pool-6-thread-43] DEBUG c.h.p.o.dependants.PodInfoConfigMap - [helmbrok] Desired PodInfo ConfigMap (1 extensions) (1 enabled)
2025-01-29 13:59:16,460 INFO c.h.h.t.HelmChartContainer - [hivemq-test-hivemq-platform] [hivemq-platform-operator] [7951d5bf] 13:59:16.458 [pool-6-thread-43] DEBUG c.h.p.o.dependants.PodInfoConfigMap - [helmbrok] Desired PodInfo ConfigMap (metrics port: 9399) (metrics path: /)
2025-01-29 13:59:16,460 INFO c.h.h.t.HelmChartContainer - [hivemq-test-hivemq-platform] [hivemq-platform-operator] [7951d5bf] 13:59:16.459 [pool-6-thread-43] DEBUG c.h.p.o.dependants.PodInfoConfigMap - [helmbrok] Desired PodInfo ConfigMap (extension state hash: -1817474005)
2025-01-29 13:59:16,468 INFO c.h.h.t.HelmChartContainer - [hivemq-test-hivemq-platform] [hivemq-platform-operator] [7951d5bf] 13:59:16.466 [pool-6-thread-47] DEBUG c.h.p.o.d.PodServiceAccountResource - [helmbrok] Desired PodServiceAccountResource (serviceAccountName: hivemq-platform-pod-test-hivemq-platform)
2025-01-29 13:59:16,472 INFO c.h.h.t.HelmChartContainer - [hivemq-test-hivemq-platform] [hivemq-platform-operator] [7951d5bf] 13:59:16.469 [pool-6-thread-49] DEBUG c.h.p.o.d.StatefulSetResource - [helmbrok] Desired StatefulSet (1 replicas) for status STARTING (READY)
2025-01-29 13:59:16,551 INFO c.h.h.t.HelmChartContainer - [hivemq-test-hivemq-platform] [hivemq-platform-operator] [7951d5bf] 13:59:16.549 [ReconcilerExecutor-hivemq-controller-97] INFO  c.h.p.o.HiveMQPlatformReconciler - [helmbrok] Reconciling HiveMQ Platform 'test-hivemq-platform' in namespace 'helmbrokerlicensesit'
2025-01-29 13:59:16,552 INFO c.h.h.t.HelmChartContainer - [hivemq-test-hivemq-platform] [hivemq-platform-operator] [7951d5bf] 13:59:16.550 [ReconcilerExecutor-hivemq-controller-97] DEBUG c.h.p.o.HiveMQPlatformReconciler - [helmbrok] Custom Resource Status STARTING - HiveMQ Platform is starting (READY)
2025-01-29 13:59:16,552 INFO c.h.h.t.HelmChartContainer - [hivemq-test-hivemq-platform] [hivemq-platform-operator] [7951d5bf] 13:59:16.550 [ReconcilerExecutor-hivemq-controller-97] DEBUG c.h.p.o.HiveMQPlatformReconciler - [helmbrok] Custom Resource Spec (replicas: 1) (extensions: 1)
2025-01-29 13:59:16,555 INFO c.h.h.t.HelmChartContainer - [hivemq-test-hivemq-platform] [hivemq-platform-operator] [7951d5bf] 13:59:16.553 [ReconcilerExecutor-hivemq-controller-97] DEBUG c.h.p.o.HiveMQPlatformReconciler - [helmbrok] StatefulSet Status (revision: test-hivemq-platform-5c857ddf4c, replicas: 1, available: 0, ready: 0, current: 1, updated: 1)
2025-01-29 13:59:16,555 INFO c.h.h.t.HelmChartContainer - [hivemq-test-hivemq-platform] [hivemq-platform-operator] [7951d5bf] 13:59:16.553 [ReconcilerExecutor-hivemq-controller-97] DEBUG c.h.p.o.HiveMQPlatformReconciler - [helmbrok] StatefulSet Spec (replicas: 1, init containers: 1, containers: 1, volumes: 4)
2025-01-29 13:59:16,564 INFO c.h.h.t.HelmChartContainer - [hivemq-test-hivemq-platform] [hivemq-platform-operator] [7951d5bf] 13:59:16.563 [ReconcilerExecutor-hivemq-controller-97] DEBUG c.h.p.o.h.HiveMQPlatformReconcilerErrorHandler - [helmbrok] Pod 'test-hivemq-platform-0' phase Pending
2025-01-29 13:59:16,566 INFO c.h.h.t.HelmChartContainer - [hivemq-test-hivemq-platform] [hivemq-platform-operator] [7951d5bf] 13:59:16.563 [ReconcilerExecutor-hivemq-controller-97] DEBUG c.h.p.o.h.HiveMQPlatformReconcilerErrorHandler - [helmbrok] Pod 'test-hivemq-platform-0' condition 'PodReadyToStartContainers': True
2025-01-29 13:59:16,566 INFO c.h.h.t.HelmChartContainer - [hivemq-test-hivemq-platform] [hivemq-platform-operator] [7951d5bf] 13:59:16.563 [ReconcilerExecutor-hivemq-controller-97] DEBUG c.h.p.o.h.HiveMQPlatformReconcilerErrorHandler - [helmbrok] Pod 'test-hivemq-platform-0' condition 'Initialized': True
2025-01-29 13:59:16,566 INFO c.h.h.t.HelmChartContainer - [hivemq-test-hivemq-platform] [hivemq-platform-operator] [7951d5bf] 13:59:16.564 [ReconcilerExecutor-hivemq-controller-97] DEBUG c.h.p.o.h.HiveMQPlatformReconcilerErrorHandler - [helmbrok] Pod 'test-hivemq-platform-0' condition 'Ready': False
2025-01-29 13:59:16,566 INFO c.h.h.t.HelmChartContainer - [hivemq-test-hivemq-platform] [hivemq-platform-operator] [7951d5bf] 13:59:16.564 [ReconcilerExecutor-hivemq-controller-97] DEBUG c.h.p.o.h.HiveMQPlatformReconcilerErrorHandler - [helmbrok] Pod 'test-hivemq-platform-0' condition 'ContainersReady': False
2025-01-29 13:59:16,566 INFO c.h.h.t.HelmChartContainer - [hivemq-test-hivemq-platform] [hivemq-platform-operator] [7951d5bf] 13:59:16.564 [ReconcilerExecutor-hivemq-controller-97] DEBUG c.h.p.o.h.HiveMQPlatformReconcilerErrorHandler - [helmbrok] Pod 'test-hivemq-platform-0' condition 'PodScheduled': True
2025-01-29 13:59:16,566 INFO c.h.h.t.HelmChartContainer - [hivemq-test-hivemq-platform] [hivemq-platform-operator] [7951d5bf] 13:59:16.564 [ReconcilerExecutor-hivemq-controller-97] DEBUG c.h.p.o.h.HiveMQPlatformReconcilerErrorHandler - [helmbrok] Pod 'test-hivemq-platform-0' containerStatus 'hivemq' (started: false) (ready: false) (waiting: [PodInitializing] null)
2025-01-29 13:59:16,566 INFO c.h.h.t.HelmChartContainer - [hivemq-test-hivemq-platform] [hivemq-platform-operator] [7951d5bf] 13:59:16.565 [ReconcilerExecutor-hivemq-controller-97] INFO  c.h.p.o.h.HiveMQPlatformReconcilerBaseHandler - [helmbrok] HiveMQ Platform is starting, 0 of 1 replicas are ready
2025-01-29 13:59:17,734 INFO c.h.h.t.HelmChartContainer - [EVENT] Normal [Created] Created container: hivemq [helmbrokerlicensesit:test-hivemq-platform-0]
2025-01-29 13:59:17,735 INFO c.h.h.t.HelmChartContainer - Received Created event for container hivemq in pod test-hivemq-platform-0 [0cf018e1-30bb-498b-9419-4598724c0265]
2025-01-29 13:59:18,439 INFO c.h.h.t.HelmChartContainer - [POD] test-hivemq-platform-0 [0cf018e1-30bb-498b-9419-4598724c0265] in helmbrokerlicensesit was MODIFIED
2025-01-29 13:59:18,447 INFO c.h.h.t.HelmChartContainer - [hivemq-test-hivemq-platform] [hivemq-platform-operator] [7951d5bf] 13:59:18.445 [pool-6-thread-6] DEBUG c.h.p.o.d.PlatformServiceResource - [helmbrok] Desired Platform services (3 services)
2025-01-29 13:59:18,450 INFO c.h.h.t.HelmChartContainer - Started log watcher for hivemq in pod test-hivemq-platform-0 [0cf018e1-30bb-498b-9419-4598724c0265]
2025-01-29 13:59:18,450 INFO c.h.h.t.HelmChartContainer - [EVENT] Normal [Started] Started container hivemq [helmbrokerlicensesit:test-hivemq-platform-0]
2025-01-29 13:59:18,450 INFO c.h.h.t.HelmChartContainer - [hivemq-test-hivemq-platform] [hivemq-platform-operator] [7951d5bf] 13:59:18.446 [pool-6-thread-8] DEBUG c.h.p.o.dependants.PodInfoConfigMap - [helmbrok] Desired PodInfo ConfigMap (1 extensions) (1 enabled)
2025-01-29 13:59:18,451 INFO c.h.h.t.HelmChartContainer - [hivemq-test-hivemq-platform] [hivemq-platform-operator] [7951d5bf] 13:59:18.448 [pool-6-thread-9] DEBUG c.h.p.o.d.PodServiceAccountResource - [helmbrok] Desired PodServiceAccountResource (serviceAccountName: hivemq-platform-pod-test-hivemq-platform)
2025-01-29 13:59:18,451 INFO c.h.h.t.HelmChartContainer - Received Started event for container hivemq in pod test-hivemq-platform-0 [0cf018e1-30bb-498b-9419-4598724c0265]
2025-01-29 13:59:18,451 INFO c.h.h.t.HelmChartContainer - [test-hivemq-platform] [hivemq] [0cf018e1] Adding pre-installed HiveMQ Platform Operator extensions
2025-01-29 13:59:18,451 INFO c.h.h.t.HelmChartContainer - [test-hivemq-platform] [hivemq] [0cf018e1] Running as user 10000
2025-01-29 13:59:18,451 INFO c.h.h.t.HelmChartContainer - [test-hivemq-platform] [hivemq] [0cf018e1] Starting HiveMQ Platform Operator Init
2025-01-29 13:59:18,451 INFO c.h.h.t.HelmChartContainer - [hivemq-test-hivemq-platform] [hivemq-platform-operator] [7951d5bf] 13:59:18.447 [pool-6-thread-8] DEBUG c.h.p.o.dependants.PodInfoConfigMap - [helmbrok] Desired PodInfo ConfigMap (metrics port: 9399) (metrics path: /)
2025-01-29 13:59:18,452 INFO c.h.h.t.HelmChartContainer - [hivemq-test-hivemq-platform] [hivemq-platform-operator] [7951d5bf] 13:59:18.451 [pool-6-thread-8] DEBUG c.h.p.o.dependants.PodInfoConfigMap - [helmbrok] Desired PodInfo ConfigMap (extension state hash: -1817474005)
2025-01-29 13:59:18,464 INFO c.h.h.t.HelmChartContainer - [hivemq-test-hivemq-platform] [hivemq-platform-operator] [7951d5bf] 13:59:18.462 [pool-6-thread-6] DEBUG c.h.p.o.d.StatefulSetResource - [helmbrok] Desired StatefulSet (1 replicas) for status STARTING (READY)
2025-01-29 13:59:18,470 INFO c.h.h.t.HelmChartContainer - [hivemq-test-hivemq-platform] [hivemq-platform-operator] [7951d5bf] 13:59:18.469 [ReconcilerExecutor-hivemq-controller-108] INFO  c.h.p.o.HiveMQPlatformReconciler - [helmbrok] Reconciling HiveMQ Platform 'test-hivemq-platform' in namespace 'helmbrokerlicensesit'
2025-01-29 13:59:18,470 INFO c.h.h.t.HelmChartContainer - [hivemq-test-hivemq-platform] [hivemq-platform-operator] [7951d5bf] 13:59:18.469 [ReconcilerExecutor-hivemq-controller-108] DEBUG c.h.p.o.HiveMQPlatformReconciler - [helmbrok] Custom Resource Status STARTING - HiveMQ Platform is starting (READY)
2025-01-29 13:59:18,470 INFO c.h.h.t.HelmChartContainer - [hivemq-test-hivemq-platform] [hivemq-platform-operator] [7951d5bf] 13:59:18.469 [ReconcilerExecutor-hivemq-controller-108] DEBUG c.h.p.o.HiveMQPlatformReconciler - [helmbrok] Custom Resource Spec (replicas: 1) (extensions: 1)
2025-01-29 13:59:18,480 INFO c.h.h.t.HelmChartContainer - [hivemq-test-hivemq-platform] [hivemq-platform-operator] [7951d5bf] 13:59:18.478 [ReconcilerExecutor-hivemq-controller-108] DEBUG c.h.p.o.HiveMQPlatformReconciler - [helmbrok] StatefulSet Status (revision: test-hivemq-platform-5c857ddf4c, replicas: 1, available: 0, ready: 0, current: 1, updated: 1)
2025-01-29 13:59:18,481 INFO c.h.h.t.HelmChartContainer - [hivemq-test-hivemq-platform] [hivemq-platform-operator] [7951d5bf] 13:59:18.478 [ReconcilerExecutor-hivemq-controller-108] DEBUG c.h.p.o.HiveMQPlatformReconciler - [helmbrok] StatefulSet Spec (replicas: 1, init containers: 1, containers: 1, volumes: 4)
2025-01-29 13:59:18,551 INFO c.h.h.t.HelmChartContainer - [hivemq-test-hivemq-platform] [hivemq-platform-operator] [7951d5bf] 13:59:18.550 [ReconcilerExecutor-hivemq-controller-108] DEBUG c.h.p.o.h.HiveMQPlatformReconcilerErrorHandler - [helmbrok] Pod 'test-hivemq-platform-0' phase Running
2025-01-29 13:59:18,553 INFO c.h.h.t.HelmChartContainer - [hivemq-test-hivemq-platform] [hivemq-platform-operator] [7951d5bf] 13:59:18.551 [ReconcilerExecutor-hivemq-controller-108] INFO  c.h.p.o.h.HiveMQPlatformReconcilerBaseHandler - [helmbrok] HiveMQ Platform is starting, 0 of 1 replicas are ready
2025-01-29 13:59:18,987 INFO c.h.h.t.HelmChartContainer - [test-hivemq-platform] [hivemq] [0cf018e1] INFO  - [HiveMQ Platform Operator Init 1.7.0-SNAPSHOT] HiveMQ Platform Operator Init 1.7.0-SNAPSHOT (commit: bebf408 on branch: HEAD) built on Sun Jan 26 20:47:47 UTC 2025
2025-01-29 13:59:20,101 INFO c.h.h.t.HelmChartContainer - [test-hivemq-platform] [hivemq] [0cf018e1] INFO  - [HiveMQ Platform Operator Init App 1.7.0-SNAPSHOT] Using bind address 10.42.0.10 from environment variable
2025-01-29 13:59:20,986 INFO c.h.h.t.HelmChartContainer - [test-hivemq-platform] [hivemq] [0cf018e1] INFO  - [HiveMQ Platform Operator Init App 1.7.0-SNAPSHOT] HiveMQ Platform Operator Init App 1.7.0-SNAPSHOT (commit: bebf408 on branch: HEAD) built on Sun Jan 26 20:47:47 UTC 2025
2025-01-29 13:59:20,986 INFO c.h.h.t.HelmChartContainer - [test-hivemq-platform] [hivemq] [0cf018e1] INFO  - [HiveMQ Platform Operator Init App 1.7.0-SNAPSHOT] PodInfo ConfigMap directory: /etc/podinfo
2025-01-29 13:59:20,987 INFO c.h.h.t.HelmChartContainer - [test-hivemq-platform] [hivemq] [0cf018e1] INFO  - [HiveMQ Platform Operator Init App 1.7.0-SNAPSHOT] HiveMQ home directory: /opt/hivemq
2025-01-29 13:59:20,987 INFO c.h.h.t.HelmChartContainer - [test-hivemq-platform] [hivemq] [0cf018e1] INFO  - [HiveMQ Platform Operator Init App 1.7.0-SNAPSHOT] HiveMQ Logback folder: /opt/hivemq/conf
2025-01-29 13:59:20,987 INFO c.h.h.t.HelmChartContainer - [test-hivemq-platform] [hivemq] [0cf018e1] INFO  - [HiveMQ Platform Operator Init App 1.7.0-SNAPSHOT] HiveMQ Config folder: /opt/hivemq/conf-k8s
2025-01-29 13:59:20,987 INFO c.h.h.t.HelmChartContainer - [test-hivemq-platform] [hivemq] [0cf018e1] INFO  - [HiveMQ Platform Operator Init App 1.7.0-SNAPSHOT] Starting HiveMQ Platform Operator Init App
2025-01-29 13:59:20,987 INFO c.h.h.t.HelmChartContainer - [test-hivemq-platform] [hivemq] [0cf018e1] INFO  - [HiveMQ Platform Operator Init App 1.7.0-SNAPSHOT] Starting Pod reconciler
2025-01-29 13:59:22,110 INFO c.h.h.t.HelmChartContainer - [test-hivemq-platform] [hivemq] [0cf018e1] INFO  - [HiveMQ Platform Operator Init App 1.7.0-SNAPSHOT] Pod reconciler is scheduled (interval: 5000 ms)
2025-01-29 13:59:22,152 INFO c.h.h.t.HelmChartContainer - [test-hivemq-platform] [hivemq] [0cf018e1] INFO  - [HiveMQ Platform Operator Init App 1.7.0-SNAPSHOT] Starting the REST API on 10.42.0.10:7979
2025-01-29 13:59:22,181 INFO c.h.h.t.HelmChartContainer - [test-hivemq-platform] [hivemq] [0cf018e1] INFO  - [HiveMQ Platform Operator Init App 1.7.0-SNAPSHOT] Waiting up to 600s for at most 1 HiveMQ nodes in cluster service hivemq-test-hivemq-platform-cluster.helmbrokerlicensesit.svc
2025-01-29 13:59:22,496 INFO c.h.h.t.HelmChartContainer - [test-hivemq-platform] [hivemq] [0cf018e1] INFO  - [HiveMQ Platform Operator Init App 1.7.0-SNAPSHOT] Resolved 1 IP addresses: [10.42.0.10]
2025-01-29 13:59:22,496 INFO c.h.h.t.HelmChartContainer - [test-hivemq-platform] [hivemq] [0cf018e1] INFO  - [HiveMQ Platform Operator Init App 1.7.0-SNAPSHOT] HiveMQ node count of 1 is within threshold of 1
2025-01-29 13:59:22,496 INFO c.h.h.t.HelmChartContainer - [test-hivemq-platform] [hivemq] [0cf018e1] INFO  - [HiveMQ Platform Operator Init App 1.7.0-SNAPSHOT] Proceeding with container start
2025-01-29 13:59:22,590 INFO c.h.h.t.HelmChartContainer - [test-hivemq-platform] [hivemq] [0cf018e1] INFO  - [HiveMQ Platform Operator Init App 1.7.0-SNAPSHOT] Initializing HiveMQ Platform extensions with initial configuration: {hivemq-allow-all-extension={start-priority=-1, skip-https-hostname-verification=false, restart=true, config-version=0, header-version=0, c-uri=, priority=-1, uri=preinstalled, skip-https-certificate-validation=false, enabled=true}, hivemq-prometheus-extension={restart=true, enabled=true, request-header-path=no-request-headers, uri=preinstalled, skip-https-certificate-validation=false, skip-https-hostname-verification=false, c-uri=, start-priority=-1, priority=-1}}
2025-01-29 13:59:23,081 INFO c.h.h.t.HelmChartContainer - [test-hivemq-platform] [hivemq] [0cf018e1] INFO  - [HiveMQ Platform Operator Init App 1.7.0-SNAPSHOT] Extension hivemq-allow-all-extension was already enabled
2025-01-29 13:59:23,094 INFO c.h.h.t.HelmChartContainer - [test-hivemq-platform] [hivemq] [0cf018e1] INFO  - [HiveMQ Platform Operator Init App 1.7.0-SNAPSHOT] Successfully enabled extension hivemq-prometheus-extension
2025-01-29 13:59:23,095 INFO c.h.h.t.HelmChartContainer - [test-hivemq-platform] [hivemq] [0cf018e1] INFO  - [HiveMQ Platform Operator Init App 1.7.0-SNAPSHOT] Starting HiveMQ Platform version 4.36.0 (4.36.0)
2025-01-29 13:59:23,095 INFO c.h.h.t.HelmChartContainer - [test-hivemq-platform] [hivemq] [0cf018e1] INFO  - [HiveMQ Platform Operator Init App 1.7.0-SNAPSHOT] Configuring the HiveMQ Platform
2025-01-29 13:59:23,191 INFO c.h.h.t.HelmChartContainer - [test-hivemq-platform] [hivemq] [0cf018e1] INFO  - [HiveMQ Platform Operator Init App 1.7.0-SNAPSHOT] Changed logback.xml file scan period to 20 seconds
2025-01-29 13:59:23,285 INFO c.h.h.t.HelmChartContainer - [test-hivemq-platform] [hivemq] [0cf018e1] INFO  - [HiveMQ Platform Operator Init App 1.7.0-SNAPSHOT] Starting the HiveMQ Platform
2025-01-29 13:59:23,289 INFO c.h.h.t.HelmChartContainer - [test-hivemq-platform] [hivemq] [0cf018e1] -------------------------------------------------------------------------
2025-01-29 13:59:23,289 INFO c.h.h.t.HelmChartContainer - [test-hivemq-platform] [hivemq] [0cf018e1] 
2025-01-29 13:59:23,289 INFO c.h.h.t.HelmChartContainer - [test-hivemq-platform] [hivemq] [0cf018e1]                   _    _  _              __  __   ____
2025-01-29 13:59:23,289 INFO c.h.h.t.HelmChartContainer - [test-hivemq-platform] [hivemq] [0cf018e1]                  | |  | |(_)            |  \/  | / __ \
2025-01-29 13:59:23,289 INFO c.h.h.t.HelmChartContainer - [test-hivemq-platform] [hivemq] [0cf018e1]                  | |__| | _ __   __ ___ | \  / || |  | |
2025-01-29 13:59:23,289 INFO c.h.h.t.HelmChartContainer - [test-hivemq-platform] [hivemq] [0cf018e1]                  |  __  || |\ \ / // _ \| |\/| || |  | |
2025-01-29 13:59:23,289 INFO c.h.h.t.HelmChartContainer - [test-hivemq-platform] [hivemq] [0cf018e1]                  | |  | || | \ V /|  __/| |  | || |__| |
2025-01-29 13:59:23,289 INFO c.h.h.t.HelmChartContainer - [test-hivemq-platform] [hivemq] [0cf018e1]                  |_|  |_||_|  \_/  \___||_|  |_| \___\_\
2025-01-29 13:59:23,289 INFO c.h.h.t.HelmChartContainer - [test-hivemq-platform] [hivemq] [0cf018e1] 
2025-01-29 13:59:23,289 INFO c.h.h.t.HelmChartContainer - [test-hivemq-platform] [hivemq] [0cf018e1] -------------------------------------------------------------------------
2025-01-29 13:59:23,289 INFO c.h.h.t.HelmChartContainer - [test-hivemq-platform] [hivemq] [0cf018e1] 
2025-01-29 13:59:23,289 INFO c.h.h.t.HelmChartContainer - [test-hivemq-platform] [hivemq] [0cf018e1]   HiveMQ Start Script for Linux/Unix v1.14
2025-01-29 13:59:23,289 INFO c.h.h.t.HelmChartContainer - [test-hivemq-platform] [hivemq] [0cf018e1] 
2025-01-29 13:59:23,392 INFO c.h.h.t.HelmChartContainer - [test-hivemq-platform] [hivemq] [0cf018e1] -------------------------------------------------------------------------
2025-01-29 13:59:23,392 INFO c.h.h.t.HelmChartContainer - [test-hivemq-platform] [hivemq] [0cf018e1] 
2025-01-29 13:59:23,392 INFO c.h.h.t.HelmChartContainer - [test-hivemq-platform] [hivemq] [0cf018e1]   HIVEMQ_HOME: /opt/hivemq
2025-01-29 13:59:23,392 INFO c.h.h.t.HelmChartContainer - [test-hivemq-platform] [hivemq] [0cf018e1] 
2025-01-29 13:59:23,392 INFO c.h.h.t.HelmChartContainer - [test-hivemq-platform] [hivemq] [0cf018e1]   JAVA_OPTS: -XX:+UnlockExperimentalVMOptions -XX:InitialRAMPercentage=50 -XX:MaxRAMPercentage=50 -Djava.net.preferIPv4Stack=true --add-opens java.base/java.lang=ALL-UNNAMED --add-opens java.base/java.nio=ALL-UNNAMED --add-opens java.base/sun.nio.ch=ALL-UNNAMED --add-opens jdk.management/com.sun.management.internal=ALL-UNNAMED --add-exports java.base/jdk.internal.misc=ALL-UNNAMED -Djava.security.egd=file:/dev/./urandom -Dcom.sun.management.jmxremote -Dcom.sun.management.jmxremote.port=9010 -Dcom.sun.management.jmxremote.local.only=false -Dcom.sun.management.jmxremote.authenticate=false -Dcom.sun.management.jmxremote.ssl=false -Duser.language=en -Duser.region=US -XX:+CrashOnOutOfMemoryError -XX:+HeapDumpOnOutOfMemoryError
2025-01-29 13:59:23,392 INFO c.h.h.t.HelmChartContainer - [test-hivemq-platform] [hivemq] [0cf018e1] 
2025-01-29 13:59:23,392 INFO c.h.h.t.HelmChartContainer - [test-hivemq-platform] [hivemq] [0cf018e1]   JAVA_VERSION: 21
2025-01-29 13:59:23,392 INFO c.h.h.t.HelmChartContainer - [test-hivemq-platform] [hivemq] [0cf018e1] 
2025-01-29 13:59:23,392 INFO c.h.h.t.HelmChartContainer - [test-hivemq-platform] [hivemq] [0cf018e1] -------------------------------------------------------------------------
2025-01-29 13:59:23,392 INFO c.h.h.t.HelmChartContainer - [test-hivemq-platform] [hivemq] [0cf018e1] 
2025-01-29 13:59:24,491 INFO c.h.h.t.HelmChartContainer - [test-hivemq-platform] [hivemq] [0cf018e1] INFO  - [HiveMQ Platform Operator Init App 1.7.0-SNAPSHOT] Returning default Health API response 503 for readiness
2025-01-29 13:59:24,892 INFO c.h.h.t.HelmChartContainer - [EVENT] Warning [Unhealthy] Readiness probe failed: HTTP probe failed with statuscode: 503 [helmbrokerlicensesit:test-hivemq-platform-0]
2025-01-29 13:59:24,892 INFO c.h.h.t.HelmChartContainer - Received Unhealthy event for container hivemq in pod test-hivemq-platform-0 [0cf018e1-30bb-498b-9419-4598724c0265]
2025-01-29 13:59:26,085 INFO c.h.h.t.HelmChartContainer - [test-hivemq-platform] [hivemq] [0cf018e1] INFO  - Starting HiveMQ Enterprise Server
2025-01-29 13:59:26,092 INFO c.h.h.t.HelmChartContainer - [test-hivemq-platform] [hivemq] [0cf018e1] INFO  - HiveMQ version: 4.36.0
2025-01-29 13:59:26,092 INFO c.h.h.t.HelmChartContainer - [test-hivemq-platform] [hivemq] [0cf018e1] INFO  - HiveMQ home directory: /opt/hivemq
2025-01-29 13:59:26,092 INFO c.h.h.t.HelmChartContainer - [test-hivemq-platform] [hivemq] [0cf018e1] INFO  - Log Configuration was overridden by /opt/hivemq/conf/logback.xml
2025-01-29 13:59:27,587 INFO c.h.h.t.HelmChartContainer - [test-hivemq-platform] [hivemq] [0cf018e1] INFO  - Successfully loaded configuration from '/opt/hivemq/conf-k8s/config.xml'.
2025-01-29 13:59:28,287 INFO c.h.h.t.HelmChartContainer - [test-hivemq-platform] [hivemq] [0cf018e1] INFO  - This node's ID is G1YUa
2025-01-29 13:59:28,287 INFO c.h.h.t.HelmChartContainer - [test-hivemq-platform] [hivemq] [0cf018e1] INFO  - Clustering is enabled
2025-01-29 13:59:28,558 INFO c.h.h.t.HelmChartContainer - [hivemq-test-hivemq-platform] [hivemq-platform-operator] [7951d5bf] 13:59:28.556 [pool-6-thread-11] DEBUG c.h.p.o.d.PlatformServiceResource - [helmbrok] Desired Platform services (3 services)
2025-01-29 13:59:28,559 INFO c.h.h.t.HelmChartContainer - [hivemq-test-hivemq-platform] [hivemq-platform-operator] [7951d5bf] 13:59:28.556 [pool-6-thread-16] DEBUG c.h.p.o.dependants.PodInfoConfigMap - [helmbrok] Desired PodInfo ConfigMap (1 extensions) (1 enabled)
2025-01-29 13:59:28,559 INFO c.h.h.t.HelmChartContainer - [hivemq-test-hivemq-platform] [hivemq-platform-operator] [7951d5bf] 13:59:28.556 [pool-6-thread-16] DEBUG c.h.p.o.dependants.PodInfoConfigMap - [helmbrok] Desired PodInfo ConfigMap (metrics port: 9399) (metrics path: /)
2025-01-29 13:59:28,559 INFO c.h.h.t.HelmChartContainer - [hivemq-test-hivemq-platform] [hivemq-platform-operator] [7951d5bf] 13:59:28.557 [pool-6-thread-16] DEBUG c.h.p.o.dependants.PodInfoConfigMap - [helmbrok] Desired PodInfo ConfigMap (extension state hash: -1817474005)
2025-01-29 13:59:28,560 INFO c.h.h.t.HelmChartContainer - [hivemq-test-hivemq-platform] [hivemq-platform-operator] [7951d5bf] 13:59:28.559 [pool-6-thread-14] DEBUG c.h.p.o.d.PodServiceAccountResource - [helmbrok] Desired PodServiceAccountResource (serviceAccountName: hivemq-platform-pod-test-hivemq-platform)
2025-01-29 13:59:28,564 INFO c.h.h.t.HelmChartContainer - [hivemq-test-hivemq-platform] [hivemq-platform-operator] [7951d5bf] 13:59:28.563 [pool-6-thread-11] DEBUG c.h.p.o.d.StatefulSetResource - [helmbrok] Desired StatefulSet (1 replicas) for status STARTING (READY)
2025-01-29 13:59:28,569 INFO c.h.h.t.HelmChartContainer - [hivemq-test-hivemq-platform] [hivemq-platform-operator] [7951d5bf] 13:59:28.568 [ReconcilerExecutor-hivemq-controller-109] INFO  c.h.p.o.HiveMQPlatformReconciler - [helmbrok] Reconciling HiveMQ Platform 'test-hivemq-platform' in namespace 'helmbrokerlicensesit'
2025-01-29 13:59:28,569 INFO c.h.h.t.HelmChartContainer - [hivemq-test-hivemq-platform] [hivemq-platform-operator] [7951d5bf] 13:59:28.568 [ReconcilerExecutor-hivemq-controller-109] DEBUG c.h.p.o.HiveMQPlatformReconciler - [helmbrok] Custom Resource Status STARTING - HiveMQ Platform is starting (READY)
2025-01-29 13:59:28,569 INFO c.h.h.t.HelmChartContainer - [hivemq-test-hivemq-platform] [hivemq-platform-operator] [7951d5bf] 13:59:28.568 [ReconcilerExecutor-hivemq-controller-109] DEBUG c.h.p.o.HiveMQPlatformReconciler - [helmbrok] Custom Resource Spec (replicas: 1) (extensions: 1)
2025-01-29 13:59:28,571 INFO c.h.h.t.HelmChartContainer - [hivemq-test-hivemq-platform] [hivemq-platform-operator] [7951d5bf] 13:59:28.570 [ReconcilerExecutor-hivemq-controller-109] DEBUG c.h.p.o.HiveMQPlatformReconciler - [helmbrok] StatefulSet Status (revision: test-hivemq-platform-5c857ddf4c, replicas: 1, available: 0, ready: 0, current: 1, updated: 1)
2025-01-29 13:59:28,571 INFO c.h.h.t.HelmChartContainer - [hivemq-test-hivemq-platform] [hivemq-platform-operator] [7951d5bf] 13:59:28.570 [ReconcilerExecutor-hivemq-controller-109] DEBUG c.h.p.o.HiveMQPlatformReconciler - [helmbrok] StatefulSet Spec (replicas: 1, init containers: 1, containers: 1, volumes: 4)
2025-01-29 13:59:28,572 INFO c.h.h.t.HelmChartContainer - [hivemq-test-hivemq-platform] [hivemq-platform-operator] [7951d5bf] 13:59:28.571 [ReconcilerExecutor-hivemq-controller-109] DEBUG c.h.p.o.h.HiveMQPlatformReconcilerErrorHandler - [helmbrok] Pod 'test-hivemq-platform-0' phase Running
2025-01-29 13:59:28,573 INFO c.h.h.t.HelmChartContainer - [hivemq-test-hivemq-platform] [hivemq-platform-operator] [7951d5bf] 13:59:28.572 [ReconcilerExecutor-hivemq-controller-109] INFO  c.h.p.o.h.HiveMQPlatformReconcilerBaseHandler - [helmbrok] HiveMQ Platform is starting, 0 of 1 replicas are ready
2025-01-29 13:59:29,890 INFO c.h.h.t.HelmChartContainer - [test-hivemq-platform] [hivemq] [0cf018e1] WARN  - [HiveMQ Platform Operator Init App 1.7.0-SNAPSHOT] Cannot connect to Health API for readiness: null
2025-01-29 13:59:29,994 INFO c.h.h.t.HelmChartContainer - [EVENT] Warning [Unhealthy] Readiness probe failed: HTTP probe failed with statuscode: 503 [helmbrokerlicensesit:test-hivemq-platform-0]
2025-01-29 13:59:29,994 INFO c.h.h.t.HelmChartContainer - Received Unhealthy event for container hivemq in pod test-hivemq-platform-0 [0cf018e1-30bb-498b-9419-4598724c0265]
2025-01-29 13:59:32,488 INFO c.h.h.t.HelmChartContainer - [test-hivemq-platform] [hivemq] [0cf018e1] Jan 29, 2025 1:59:32 PM io.vertx.core.impl.BlockedThreadChecker
2025-01-29 13:59:32,488 INFO c.h.h.t.HelmChartContainer - [test-hivemq-platform] [hivemq] [0cf018e1] WARNING: Thread Thread[vert.x-eventloop-thread-1,5,main] has been blocked for 2101 ms, time limit is 2000 ms
2025-01-29 13:59:33,291 INFO c.h.h.t.HelmChartContainer - [test-hivemq-platform] [hivemq] [0cf018e1] INFO  - [HiveMQ Platform Operator Init App 1.7.0-SNAPSHOT] Updating Pod HiveMQ Platform Operator Init App version annotation (version: 1.7.0-SNAPSHOT)
2025-01-29 13:59:34,212 INFO c.h.h.t.HelmChartContainer - [POD] test-hivemq-platform-0 [0cf018e1-30bb-498b-9419-4598724c0265] in helmbrokerlicensesit was MODIFIED
2025-01-29 13:59:34,226 INFO c.h.h.t.HelmChartContainer - [hivemq-test-hivemq-platform] [hivemq-platform-operator] [7951d5bf] 13:59:34.225 [pool-6-thread-27] DEBUG c.h.p.o.d.PlatformServiceResource - [helmbrok] Desired Platform services (3 services)
2025-01-29 13:59:34,232 INFO c.h.h.t.HelmChartContainer - [hivemq-test-hivemq-platform] [hivemq-platform-operator] [7951d5bf] 13:59:34.226 [pool-6-thread-23] DEBUG c.h.p.o.dependants.PodInfoConfigMap - [helmbrok] Desired PodInfo ConfigMap (1 extensions) (1 enabled)
2025-01-29 13:59:34,232 INFO c.h.h.t.HelmChartContainer - [hivemq-test-hivemq-platform] [hivemq-platform-operator] [7951d5bf] 13:59:34.227 [pool-6-thread-23] DEBUG c.h.p.o.dependants.PodInfoConfigMap - [helmbrok] Desired PodInfo ConfigMap (metrics port: 9399) (metrics path: /)
2025-01-29 13:59:34,232 INFO c.h.h.t.HelmChartContainer - [hivemq-test-hivemq-platform] [hivemq-platform-operator] [7951d5bf] 13:59:34.227 [pool-6-thread-23] DEBUG c.h.p.o.dependants.PodInfoConfigMap - [helmbrok] Desired PodInfo ConfigMap (extension state hash: -1817474005)
2025-01-29 13:59:34,243 INFO c.h.h.t.HelmChartContainer - [hivemq-test-hivemq-platform] [hivemq-platform-operator] [7951d5bf] 13:59:34.241 [pool-6-thread-25] DEBUG c.h.p.o.d.PodServiceAccountResource - [helmbrok] Desired PodServiceAccountResource (serviceAccountName: hivemq-platform-pod-test-hivemq-platform)
2025-01-29 13:59:34,250 INFO c.h.h.t.HelmChartContainer - [hivemq-test-hivemq-platform] [hivemq-platform-operator] [7951d5bf] 13:59:34.248 [pool-6-thread-25] DEBUG c.h.p.o.d.StatefulSetResource - [helmbrok] Desired StatefulSet (1 replicas) for status STARTING (READY)
2025-01-29 13:59:34,271 INFO c.h.h.t.HelmChartContainer - [hivemq-test-hivemq-platform] [hivemq-platform-operator] [7951d5bf] 13:59:34.268 [ReconcilerExecutor-hivemq-controller-110] INFO  c.h.p.o.HiveMQPlatformReconciler - [helmbrok] Reconciling HiveMQ Platform 'test-hivemq-platform' in namespace 'helmbrokerlicensesit'
2025-01-29 13:59:34,272 INFO c.h.h.t.HelmChartContainer - [hivemq-test-hivemq-platform] [hivemq-platform-operator] [7951d5bf] 13:59:34.268 [ReconcilerExecutor-hivemq-controller-110] DEBUG c.h.p.o.HiveMQPlatformReconciler - [helmbrok] Custom Resource Status STARTING - HiveMQ Platform is starting (READY)
2025-01-29 13:59:34,272 INFO c.h.h.t.HelmChartContainer - [hivemq-test-hivemq-platform] [hivemq-platform-operator] [7951d5bf] 13:59:34.268 [ReconcilerExecutor-hivemq-controller-110] DEBUG c.h.p.o.HiveMQPlatformReconciler - [helmbrok] Custom Resource Spec (replicas: 1) (extensions: 1)
2025-01-29 13:59:34,272 INFO c.h.h.t.HelmChartContainer - [hivemq-test-hivemq-platform] [hivemq-platform-operator] [7951d5bf] 13:59:34.270 [ReconcilerExecutor-hivemq-controller-110] DEBUG c.h.p.o.HiveMQPlatformReconciler - [helmbrok] StatefulSet Status (revision: test-hivemq-platform-5c857ddf4c, replicas: 1, available: 0, ready: 0, current: 1, updated: 1)
2025-01-29 13:59:34,272 INFO c.h.h.t.HelmChartContainer - [hivemq-test-hivemq-platform] [hivemq-platform-operator] [7951d5bf] 13:59:34.270 [ReconcilerExecutor-hivemq-controller-110] DEBUG c.h.p.o.HiveMQPlatformReconciler - [helmbrok] StatefulSet Spec (replicas: 1, init containers: 1, containers: 1, volumes: 4)
2025-01-29 13:59:34,273 INFO c.h.h.t.HelmChartContainer - [hivemq-test-hivemq-platform] [hivemq-platform-operator] [7951d5bf] 13:59:34.272 [ReconcilerExecutor-hivemq-controller-110] DEBUG c.h.p.o.h.HiveMQPlatformReconcilerErrorHandler - [helmbrok] Pod 'test-hivemq-platform-0' phase Running
2025-01-29 13:59:34,273 INFO c.h.h.t.HelmChartContainer - [hivemq-test-hivemq-platform] [hivemq-platform-operator] [7951d5bf] 13:59:34.272 [ReconcilerExecutor-hivemq-controller-110] INFO  c.h.p.o.h.HiveMQPlatformReconcilerBaseHandler - [helmbrok] HiveMQ Platform is starting, 0 of 1 replicas are ready
2025-01-29 13:59:34,291 INFO c.h.h.t.HelmChartContainer - [test-hivemq-platform] [hivemq] [0cf018e1] INFO  - [HiveMQ Platform Operator Init App 1.7.0-SNAPSHOT] Successfully updated Pod HiveMQ Platform Operator Init App version annotation (version: 1.7.0-SNAPSHOT)
2025-01-29 13:59:34,295 INFO c.h.h.t.HelmChartContainer - [test-hivemq-platform] [hivemq] [0cf018e1] WARN  - [HiveMQ Platform Operator Init App 1.7.0-SNAPSHOT] Cannot connect to Health API for readiness: null
2025-01-29 13:59:34,302 INFO c.h.h.t.HelmChartContainer - [EVENT] Warning [Unhealthy] Readiness probe failed: HTTP probe failed with statuscode: 503 [helmbrokerlicensesit:test-hivemq-platform-0]
2025-01-29 13:59:34,302 INFO c.h.h.t.HelmChartContainer - Received Unhealthy event for container hivemq in pod test-hivemq-platform-0 [0cf018e1-30bb-498b-9419-4598724c0265]
2025-01-29 13:59:39,282 INFO c.h.h.t.HelmChartContainer - [test-hivemq-platform] [hivemq] [0cf018e1] WARN  - [HiveMQ Platform Operator Init App 1.7.0-SNAPSHOT] Cannot connect to Health API for readiness: null
2025-01-29 13:59:39,289 INFO c.h.h.t.HelmChartContainer - [EVENT] Warning [Unhealthy] Readiness probe failed: HTTP probe failed with statuscode: 503 [helmbrokerlicensesit:test-hivemq-platform-0]
2025-01-29 13:59:39,289 INFO c.h.h.t.HelmChartContainer - Received Unhealthy event for container hivemq in pod test-hivemq-platform-0 [0cf018e1-30bb-498b-9419-4598724c0265]
2025-01-29 13:59:44,280 INFO c.h.h.t.HelmChartContainer - [hivemq-test-hivemq-platform] [hivemq-platform-operator] [7951d5bf] 13:59:44.276 [pool-6-thread-37] DEBUG c.h.p.o.d.PlatformServiceResource - [helmbrok] Desired Platform services (3 services)
2025-01-29 13:59:44,281 INFO c.h.h.t.HelmChartContainer - [hivemq-test-hivemq-platform] [hivemq-platform-operator] [7951d5bf] 13:59:44.277 [pool-6-thread-33] DEBUG c.h.p.o.dependants.PodInfoConfigMap - [helmbrok] Desired PodInfo ConfigMap (1 extensions) (1 enabled)
2025-01-29 13:59:44,281 INFO c.h.h.t.HelmChartContainer - [hivemq-test-hivemq-platform] [hivemq-platform-operator] [7951d5bf] 13:59:44.277 [pool-6-thread-33] DEBUG c.h.p.o.dependants.PodInfoConfigMap - [helmbrok] Desired PodInfo ConfigMap (metrics port: 9399) (metrics path: /)
2025-01-29 13:59:44,281 INFO c.h.h.t.HelmChartContainer - [hivemq-test-hivemq-platform] [hivemq-platform-operator] [7951d5bf] 13:59:44.277 [pool-6-thread-33] DEBUG c.h.p.o.dependants.PodInfoConfigMap - [helmbrok] Desired PodInfo ConfigMap (extension state hash: -1817474005)
2025-01-29 13:59:44,281 INFO c.h.h.t.HelmChartContainer - [hivemq-test-hivemq-platform] [hivemq-platform-operator] [7951d5bf] 13:59:44.278 [pool-6-thread-39] DEBUG c.h.p.o.d.PodServiceAccountResource - [helmbrok] Desired PodServiceAccountResource (serviceAccountName: hivemq-platform-pod-test-hivemq-platform)
2025-01-29 13:59:44,288 INFO c.h.h.t.HelmChartContainer - [hivemq-test-hivemq-platform] [hivemq-platform-operator] [7951d5bf] 13:59:44.286 [pool-6-thread-39] DEBUG c.h.p.o.d.StatefulSetResource - [helmbrok] Desired StatefulSet (1 replicas) for status STARTING (READY)
2025-01-29 13:59:44,297 INFO c.h.h.t.HelmChartContainer - [test-hivemq-platform] [hivemq] [0cf018e1] WARN  - [HiveMQ Platform Operator Init App 1.7.0-SNAPSHOT] Cannot connect to Health API for readiness: null
2025-01-29 13:59:44,304 INFO c.h.h.t.HelmChartContainer - [EVENT] Warning [Unhealthy] Readiness probe failed: HTTP probe failed with statuscode: 503 [helmbrokerlicensesit:test-hivemq-platform-0]
2025-01-29 13:59:44,304 INFO c.h.h.t.HelmChartContainer - Received Unhealthy event for container hivemq in pod test-hivemq-platform-0 [0cf018e1-30bb-498b-9419-4598724c0265]
2025-01-29 13:59:44,364 INFO c.h.h.t.HelmChartContainer - [hivemq-test-hivemq-platform] [hivemq-platform-operator] [7951d5bf] 13:59:44.363 [ReconcilerExecutor-hivemq-controller-111] INFO  c.h.p.o.HiveMQPlatformReconciler - [helmbrok] Reconciling HiveMQ Platform 'test-hivemq-platform' in namespace 'helmbrokerlicensesit'
2025-01-29 13:59:44,365 INFO c.h.h.t.HelmChartContainer - [hivemq-test-hivemq-platform] [hivemq-platform-operator] [7951d5bf] 13:59:44.363 [ReconcilerExecutor-hivemq-controller-111] DEBUG c.h.p.o.HiveMQPlatformReconciler - [helmbrok] Custom Resource Status STARTING - HiveMQ Platform is starting (READY)
2025-01-29 13:59:44,365 INFO c.h.h.t.HelmChartContainer - [hivemq-test-hivemq-platform] [hivemq-platform-operator] [7951d5bf] 13:59:44.363 [ReconcilerExecutor-hivemq-controller-111] DEBUG c.h.p.o.HiveMQPlatformReconciler - [helmbrok] Custom Resource Spec (replicas: 1) (extensions: 1)
2025-01-29 13:59:44,367 INFO c.h.h.t.HelmChartContainer - [hivemq-test-hivemq-platform] [hivemq-platform-operator] [7951d5bf] 13:59:44.365 [ReconcilerExecutor-hivemq-controller-111] DEBUG c.h.p.o.HiveMQPlatformReconciler - [helmbrok] StatefulSet Status (revision: test-hivemq-platform-5c857ddf4c, replicas: 1, available: 0, ready: 0, current: 1, updated: 1)
2025-01-29 13:59:44,367 INFO c.h.h.t.HelmChartContainer - [hivemq-test-hivemq-platform] [hivemq-platform-operator] [7951d5bf] 13:59:44.365 [ReconcilerExecutor-hivemq-controller-111] DEBUG c.h.p.o.HiveMQPlatformReconciler - [helmbrok] StatefulSet Spec (replicas: 1, init containers: 1, containers: 1, volumes: 4)
2025-01-29 13:59:44,368 INFO c.h.h.t.HelmChartContainer - [hivemq-test-hivemq-platform] [hivemq-platform-operator] [7951d5bf] 13:59:44.367 [ReconcilerExecutor-hivemq-controller-111] DEBUG c.h.p.o.h.HiveMQPlatformReconcilerErrorHandler - [helmbrok] Pod 'test-hivemq-platform-0' phase Running
2025-01-29 13:59:44,369 INFO c.h.h.t.HelmChartContainer - [hivemq-test-hivemq-platform] [hivemq-platform-operator] [7951d5bf] 13:59:44.367 [ReconcilerExecutor-hivemq-controller-111] INFO  c.h.p.o.h.HiveMQPlatformReconcilerBaseHandler - [helmbrok] HiveMQ Platform is starting, 0 of 1 replicas are ready
2025-01-29 13:59:45,083 INFO c.h.h.t.HelmChartContainer - [test-hivemq-platform] [hivemq] [0cf018e1] WARN  - [HiveMQ Platform Operator Init App 1.7.0-SNAPSHOT] Cannot connect to Health API for liveness: null
2025-01-29 13:59:45,083 INFO c.h.h.t.HelmChartContainer - [test-hivemq-platform] [hivemq] [0cf018e1] INFO  - [HiveMQ Platform Operator Init App 1.7.0-SNAPSHOT] Returning default Health API response 200 for liveness
2025-01-29 13:59:46,282 INFO c.h.h.t.HelmChartContainer - [test-hivemq-platform] [hivemq] [0cf018e1] WARN  - License file license.lic is corrupt.
2025-01-29 13:59:46,282 INFO c.h.h.testcontainer.LogWaiterUtil - TEST Found log pattern on 'test-hivemq-platform-0': .*License file license.lic is corrupt.
2025-01-29 13:59:46,283 INFO c.h.h.t.HelmChartContainer - [test-hivemq-platform] [hivemq] [0cf018e1] INFO  - No valid license file found. Using trial license, restricted to 25 connections.
2025-01-29 13:59:49,283 INFO c.h.h.t.HelmChartContainer - [test-hivemq-platform] [hivemq] [0cf018e1] WARN  - [HiveMQ Platform Operator Init App 1.7.0-SNAPSHOT] Cannot connect to Health API for readiness: null
2025-01-29 13:59:49,288 INFO c.h.h.t.HelmChartContainer - [EVENT] Warning [Unhealthy] Readiness probe failed: HTTP probe failed with statuscode: 503 [helmbrokerlicensesit:test-hivemq-platform-0]
2025-01-29 13:59:49,288 INFO c.h.h.t.HelmChartContainer - Received Unhealthy event for container hivemq in pod test-hivemq-platform-0 [0cf018e1-30bb-498b-9419-4598724c0265]
2025-01-29 13:59:50,091 INFO c.h.h.t.HelmChartContainer - [test-hivemq-platform] [hivemq] [0cf018e1] INFO  - No valid license file for Data Hub found. Using free license, restricted to 1 policy.
2025-01-29 13:59:51,293 INFO c.h.h.t.HelmChartContainer - [test-hivemq-platform] [hivemq] [0cf018e1] INFO  - Audit Logger started.
2025-01-29 13:59:51,593 INFO c.h.h.t.HelmChartContainer - [test-hivemq-platform] [hivemq] [0cf018e1] INFO  - This node uses '1' CPU cores.
2025-01-29 13:59:51,598 INFO c.h.h.t.HelmChartContainer - [test-hivemq-platform] [hivemq] [0cf018e1] INFO  - Starting HiveMQ Health API on address 0.0.0.0 and port 8889
2025-01-29 13:59:52,488 INFO c.h.h.t.HelmChartContainer - [test-hivemq-platform] [hivemq] [0cf018e1] INFO  - Started HiveMQ Health API in 890ms
2025-01-29 13:59:52,499 INFO c.h.h.t.HelmChartContainer - [K3S] [INFO] COMPACT compactRev=0 targetCompactRev=2 currentRev=1113
2025-01-29 13:59:52,499 INFO c.h.h.t.HelmChartContainer - [K3S] [INFO] COMPACT deleted 0 rows from 2 revisions in 517.424µs - compacted to 2/1113
2025-01-29 13:59:52,499 INFO c.h.h.t.HelmChartContainer - [K3S] [INFO] COMPACT compacted from 0 to 2 in 1 transactions over 1ms
2025-01-29 13:59:53,013 INFO c.h.h.t.HelmChartContainer - [test-hivemq-platform] [hivemq] [0cf018e1] INFO  - Starting HiveMQ extension system.
2025-01-29 13:59:53,290 INFO c.h.h.t.HelmChartContainer - [test-hivemq-platform] [hivemq] [0cf018e1] INFO  - Starting extension with id "hivemq-dns-cluster-discovery" at /opt/hivemq/extensions/hivemq-dns-cluster-discovery
2025-01-29 13:59:53,782 INFO c.h.h.t.HelmChartContainer - [test-hivemq-platform] [hivemq] [0cf018e1] INFO  - Extension "DNS Cluster Discovery Extension" version 4.3.2 started successfully.
2025-01-29 13:59:53,783 INFO c.h.h.t.HelmChartContainer - [test-hivemq-platform] [hivemq] [0cf018e1] INFO  - Starting extension with id "hivemq-prometheus-extension" at /opt/hivemq/extensions/hivemq-prometheus-extension
2025-01-29 13:59:53,885 INFO c.h.h.t.HelmChartContainer - [test-hivemq-platform] [hivemq] [0cf018e1] INFO  - Using TCP cluster transport on address 10.42.0.10 and port 7000
2025-01-29 13:59:53,952 INFO c.h.h.t.HelmChartContainer - [test-hivemq-platform] [hivemq] [0cf018e1] INFO  - Using extension cluster discovery
2025-01-29 13:59:54,375 INFO c.h.h.t.HelmChartContainer - [hivemq-test-hivemq-platform] [hivemq-platform-operator] [7951d5bf] 13:59:54.374 [pool-6-thread-46] DEBUG c.h.p.o.d.PlatformServiceResource - [helmbrok] Desired Platform services (3 services)
2025-01-29 13:59:54,377 INFO c.h.h.t.HelmChartContainer - [hivemq-test-hivemq-platform] [hivemq-platform-operator] [7951d5bf] 13:59:54.374 [pool-6-thread-48] DEBUG c.h.p.o.dependants.PodInfoConfigMap - [helmbrok] Desired PodInfo ConfigMap (1 extensions) (1 enabled)
2025-01-29 13:59:54,378 INFO c.h.h.t.HelmChartContainer - [hivemq-test-hivemq-platform] [hivemq-platform-operator] [7951d5bf] 13:59:54.375 [pool-6-thread-48] DEBUG c.h.p.o.dependants.PodInfoConfigMap - [helmbrok] Desired PodInfo ConfigMap (metrics port: 9399) (metrics path: /)
2025-01-29 13:59:54,378 INFO c.h.h.t.HelmChartContainer - [hivemq-test-hivemq-platform] [hivemq-platform-operator] [7951d5bf] 13:59:54.375 [pool-6-thread-48] DEBUG c.h.p.o.dependants.PodInfoConfigMap - [helmbrok] Desired PodInfo ConfigMap (extension state hash: -1817474005)
2025-01-29 13:59:54,378 INFO c.h.h.t.HelmChartContainer - [hivemq-test-hivemq-platform] [hivemq-platform-operator] [7951d5bf] 13:59:54.376 [pool-6-thread-42] DEBUG c.h.p.o.d.PodServiceAccountResource - [helmbrok] Desired PodServiceAccountResource (serviceAccountName: hivemq-platform-pod-test-hivemq-platform)
2025-01-29 13:59:54,385 INFO c.h.h.t.HelmChartContainer - [hivemq-test-hivemq-platform] [hivemq-platform-operator] [7951d5bf] 13:59:54.384 [pool-6-thread-46] DEBUG c.h.p.o.d.StatefulSetResource - [helmbrok] Desired StatefulSet (1 replicas) for status STARTING (READY)
2025-01-29 13:59:54,465 INFO c.h.h.t.HelmChartContainer - [hivemq-test-hivemq-platform] [hivemq-platform-operator] [7951d5bf] 13:59:54.463 [ReconcilerExecutor-hivemq-controller-112] INFO  c.h.p.o.HiveMQPlatformReconciler - [helmbrok] Reconciling HiveMQ Platform 'test-hivemq-platform' in namespace 'helmbrokerlicensesit'
2025-01-29 13:59:54,466 INFO c.h.h.t.HelmChartContainer - [hivemq-test-hivemq-platform] [hivemq-platform-operator] [7951d5bf] 13:59:54.464 [ReconcilerExecutor-hivemq-controller-112] DEBUG c.h.p.o.HiveMQPlatformReconciler - [helmbrok] Custom Resource Status STARTING - HiveMQ Platform is starting (READY)
2025-01-29 13:59:54,466 INFO c.h.h.t.HelmChartContainer - [hivemq-test-hivemq-platform] [hivemq-platform-operator] [7951d5bf] 13:59:54.464 [ReconcilerExecutor-hivemq-controller-112] DEBUG c.h.p.o.HiveMQPlatformReconciler - [helmbrok] Custom Resource Spec (replicas: 1) (extensions: 1)
2025-01-29 13:59:54,471 INFO c.h.h.t.HelmChartContainer - [hivemq-test-hivemq-platform] [hivemq-platform-operator] [7951d5bf] 13:59:54.467 [ReconcilerExecutor-hivemq-controller-112] DEBUG c.h.p.o.HiveMQPlatformReconciler - [helmbrok] StatefulSet Status (revision: test-hivemq-platform-5c857ddf4c, replicas: 1, available: 0, ready: 0, current: 1, updated: 1)
2025-01-29 13:59:54,471 INFO c.h.h.t.HelmChartContainer - [hivemq-test-hivemq-platform] [hivemq-platform-operator] [7951d5bf] 13:59:54.467 [ReconcilerExecutor-hivemq-controller-112] DEBUG c.h.p.o.HiveMQPlatformReconciler - [helmbrok] StatefulSet Spec (replicas: 1, init containers: 1, containers: 1, volumes: 4)
2025-01-29 13:59:54,471 INFO c.h.h.t.HelmChartContainer - [hivemq-test-hivemq-platform] [hivemq-platform-operator] [7951d5bf] 13:59:54.469 [ReconcilerExecutor-hivemq-controller-112] DEBUG c.h.p.o.h.HiveMQPlatformReconcilerErrorHandler - [helmbrok] Pod 'test-hivemq-platform-0' phase Running
2025-01-29 13:59:54,472 INFO c.h.h.t.HelmChartContainer - [hivemq-test-hivemq-platform] [hivemq-platform-operator] [7951d5bf] 13:59:54.471 [ReconcilerExecutor-hivemq-controller-112] INFO  c.h.p.o.h.HiveMQPlatformReconcilerBaseHandler - [helmbrok] HiveMQ Platform is starting, 0 of 1 replicas are ready
2025-01-29 13:59:55,154 INFO c.h.h.t.HelmChartContainer - [test-hivemq-platform] [hivemq] [0cf018e1] INFO  - Started Jetty Server exposing Prometheus Servlet on URI http://0.0.0.0:9399/
2025-01-29 13:59:55,154 INFO c.h.h.t.HelmChartContainer - [test-hivemq-platform] [hivemq] [0cf018e1] INFO  - Extension "Prometheus Monitoring Extension" version 4.0.12 started successfully.
2025-01-29 13:59:55,155 INFO c.h.h.t.HelmChartContainer - [test-hivemq-platform] [hivemq] [0cf018e1] INFO  - Starting extension with id "hivemq-allow-all-extension" at /opt/hivemq/extensions/hivemq-allow-all-extension
2025-01-29 13:59:55,155 INFO c.h.h.t.HelmChartContainer - [test-hivemq-platform] [hivemq] [0cf018e1] WARN  - 
2025-01-29 13:59:55,155 INFO c.h.h.t.HelmChartContainer - [test-hivemq-platform] [hivemq] [0cf018e1] ################################################################################################################
2025-01-29 13:59:55,155 INFO c.h.h.t.HelmChartContainer - [test-hivemq-platform] [hivemq] [0cf018e1] # This HiveMQ deployment is not secure! You are lacking Authentication and Authorization.                      #
2025-01-29 13:59:55,155 INFO c.h.h.t.HelmChartContainer - [test-hivemq-platform] [hivemq] [0cf018e1] # Right now any MQTT client can connect to the broker with a full set of permissions.                          #
2025-01-29 13:59:55,155 INFO c.h.h.t.HelmChartContainer - [test-hivemq-platform] [hivemq] [0cf018e1] # For production usage, add an appropriate security extension and remove the hivemq-allow-all extension.       #
2025-01-29 13:59:55,155 INFO c.h.h.t.HelmChartContainer - [test-hivemq-platform] [hivemq] [0cf018e1] # You can download security extensions from the HiveMQ Marketplace (https://www.hivemq.com/extensions/).       #
2025-01-29 13:59:55,155 INFO c.h.h.t.HelmChartContainer - [test-hivemq-platform] [hivemq] [0cf018e1] ################################################################################################################
2025-01-29 13:59:55,155 INFO c.h.h.t.HelmChartContainer - [test-hivemq-platform] [hivemq] [0cf018e1] INFO  - Extension "Allow All Extension" version 1.1.1 started successfully.
2025-01-29 13:59:55,250 INFO c.h.h.t.HelmChartContainer - [EVENT] Warning [Unhealthy] Readiness probe failed: Get "http://10.42.0.10:7979/readiness": context deadline exceeded (Client.Timeout exceeded while awaiting headers) [helmbrokerlicensesit:test-hivemq-platform-0]
2025-01-29 13:59:55,251 INFO c.h.h.t.HelmChartContainer - Received Unhealthy event for container hivemq in pod test-hivemq-platform-0 [0cf018e1-30bb-498b-9419-4598724c0265]
2025-01-29 13:59:55,490 INFO c.h.h.t.HelmChartContainer - [test-hivemq-platform] [hivemq] [0cf018e1] INFO  - [HiveMQ Platform Operator Init App 1.7.0-SNAPSHOT] Returning Health API response 503 for readiness
2025-01-29 13:59:55,996 INFO c.h.h.t.HelmChartContainer - [K3S] [info.go:53] Couldn't collect info from any of the files in "/etc/machine-id,/var/lib/dbus/machine-id"
2025-01-29 13:59:57,182 INFO c.h.h.t.HelmChartContainer - [test-hivemq-platform] [hivemq] [0cf018e1] INFO  - G1YUa: no members discovered after 2595 ms: creating cluster as first member
2025-01-29 13:59:57,188 INFO c.h.h.t.HelmChartContainer - [test-hivemq-platform] [hivemq] [0cf018e1] INFO  - Cluster nodes found by discovery: [G1YUa|0] (1) [G1YUa].
2025-01-29 13:59:57,287 INFO c.h.h.t.HelmChartContainer - [test-hivemq-platform] [hivemq] [0cf018e1] WARN  - No user for HiveMQ Control Center configured. Starting with default user
2025-01-29 13:59:57,288 INFO c.h.h.t.HelmChartContainer - [test-hivemq-platform] [hivemq] [0cf018e1] INFO  - Starting HiveMQ Control Center on address 0.0.0.0 and port 8080
2025-01-29 13:59:57,290 INFO c.h.h.t.HelmChartContainer - [test-hivemq-platform] [hivemq] [0cf018e1] INFO  - Mounting HiveMQ Control Center V2 Preview
2025-01-29 13:59:57,893 INFO c.h.h.t.HelmChartContainer - [test-hivemq-platform] [hivemq] [0cf018e1] INFO  - Started HiveMQ Control Center in 607ms
2025-01-29 13:59:57,989 INFO c.h.h.t.HelmChartContainer - [test-hivemq-platform] [hivemq] [0cf018e1] INFO  - Starting TCP listener on address 0.0.0.0 and port 1883
2025-01-29 13:59:58,081 INFO c.h.h.t.HelmChartContainer - [test-hivemq-platform] [hivemq] [0cf018e1] INFO  - Started TCP Listener on address 0.0.0.0 and on port 1883.
2025-01-29 13:59:58,081 INFO c.h.h.t.HelmChartContainer - [test-hivemq-platform] [hivemq] [0cf018e1] INFO  - Started HiveMQ in 32386ms
2025-01-29 13:59:59,212 INFO c.h.h.t.HelmChartContainer - [test-hivemq-platform] [hivemq] [0cf018e1] INFO  - [HiveMQ Platform Operator Init App 1.7.0-SNAPSHOT] Returning Health API response 200 for readiness
2025-01-29 13:59:59,228 INFO c.h.h.t.HelmChartContainer - [POD] test-hivemq-platform-0 [0cf018e1-30bb-498b-9419-4598724c0265] in helmbrokerlicensesit was MODIFIED
2025-01-29 13:59:59,235 INFO c.h.h.t.HelmChartContainer - [hivemq-test-hivemq-platform] [hivemq-platform-operator] [7951d5bf] 13:59:59.228 [pool-6-thread-4] DEBUG c.h.p.o.d.PlatformServiceResource - [helmbrok] Desired Platform services (3 services)
2025-01-29 13:59:59,235 INFO c.h.h.t.HelmChartContainer - [hivemq-test-hivemq-platform] [hivemq-platform-operator] [7951d5bf] 13:59:59.229 [pool-6-thread-1] DEBUG c.h.p.o.dependants.PodInfoConfigMap - [helmbrok] Desired PodInfo ConfigMap (1 extensions) (1 enabled)
2025-01-29 13:59:59,235 INFO c.h.h.t.HelmChartContainer - [hivemq-test-hivemq-platform] [hivemq-platform-operator] [7951d5bf] 13:59:59.229 [pool-6-thread-1] DEBUG c.h.p.o.dependants.PodInfoConfigMap - [helmbrok] Desired PodInfo ConfigMap (metrics port: 9399) (metrics path: /)
2025-01-29 13:59:59,235 INFO c.h.h.t.HelmChartContainer - [hivemq-test-hivemq-platform] [hivemq-platform-operator] [7951d5bf] 13:59:59.229 [pool-6-thread-1] DEBUG c.h.p.o.dependants.PodInfoConfigMap - [helmbrok] Desired PodInfo ConfigMap (extension state hash: -1817474005)
2025-01-29 13:59:59,235 INFO c.h.h.t.HelmChartContainer - [hivemq-test-hivemq-platform] [hivemq-platform-operator] [7951d5bf] 13:59:59.231 [pool-6-thread-1] DEBUG c.h.p.o.d.PodServiceAccountResource - [helmbrok] Desired PodServiceAccountResource (serviceAccountName: hivemq-platform-pod-test-hivemq-platform)
2025-01-29 13:59:59,239 INFO c.h.h.t.HelmChartContainer - [hivemq-test-hivemq-platform] [hivemq-platform-operator] [7951d5bf] 13:59:59.238 [pool-6-thread-4] DEBUG c.h.p.o.d.StatefulSetResource - [helmbrok] Desired StatefulSet (1 replicas) for status STARTING (READY)
2025-01-29 13:59:59,246 INFO c.h.h.t.HelmChartContainer - [hivemq-test-hivemq-platform] [hivemq-platform-operator] [7951d5bf] 13:59:59.244 [ReconcilerExecutor-hivemq-controller-113] INFO  c.h.p.o.HiveMQPlatformReconciler - [helmbrok] Reconciling HiveMQ Platform 'test-hivemq-platform' in namespace 'helmbrokerlicensesit'
2025-01-29 13:59:59,247 INFO c.h.h.t.HelmChartContainer - [hivemq-test-hivemq-platform] [hivemq-platform-operator] [7951d5bf] 13:59:59.245 [ReconcilerExecutor-hivemq-controller-113] DEBUG c.h.p.o.HiveMQPlatformReconciler - [helmbrok] Custom Resource Status STARTING - HiveMQ Platform is starting (READY)
2025-01-29 13:59:59,247 INFO c.h.h.t.HelmChartContainer - [hivemq-test-hivemq-platform] [hivemq-platform-operator] [7951d5bf] 13:59:59.245 [ReconcilerExecutor-hivemq-controller-113] DEBUG c.h.p.o.HiveMQPlatformReconciler - [helmbrok] Custom Resource Spec (replicas: 1) (extensions: 1)
2025-01-29 13:59:59,265 INFO c.h.h.t.HelmChartContainer - [hivemq-test-hivemq-platform] [hivemq-platform-operator] [7951d5bf] 13:59:59.263 [ReconcilerExecutor-hivemq-controller-113] DEBUG c.h.p.o.HiveMQPlatformReconciler - [helmbrok] StatefulSet Status (revision: test-hivemq-platform-5c857ddf4c, replicas: 1, available: 1, ready: 1, current: 1, updated: 1)
2025-01-29 13:59:59,265 INFO c.h.h.t.HelmChartContainer - [hivemq-test-hivemq-platform] [hivemq-platform-operator] [7951d5bf] 13:59:59.263 [ReconcilerExecutor-hivemq-controller-113] DEBUG c.h.p.o.HiveMQPlatformReconciler - [helmbrok] StatefulSet Spec (replicas: 1, init containers: 1, containers: 1, volumes: 4)
2025-01-29 13:59:59,268 INFO c.h.h.t.HelmChartContainer - [hivemq-test-hivemq-platform] [hivemq-platform-operator] [7951d5bf] 13:59:59.265 [ReconcilerExecutor-hivemq-controller-113] DEBUG c.h.p.o.h.HiveMQPlatformReconcilerErrorHandler - [helmbrok] Pod 'test-hivemq-platform-0' phase Running
2025-01-29 13:59:59,268 INFO c.h.h.t.HelmChartContainer - [hivemq-test-hivemq-platform] [hivemq-platform-operator] [7951d5bf] 13:59:59.265 [ReconcilerExecutor-hivemq-controller-113] INFO  c.h.p.o.h.HiveMQPlatformReconcilerBaseHandler - [helmbrok] HiveMQ Platform started successfully
2025-01-29 13:59:59,365 INFO c.h.h.t.HelmChartContainer - [hivemq-test-hivemq-platform] [hivemq-platform-operator] [7951d5bf] 13:59:59.364 [ReconcilerExecutor-hivemq-controller-113] DEBUG c.h.p.operator.event.EventSender - [helmbrok] Creating K8s event hivemq-platform-ready: [Ready] HiveMQ Platform is ready
2025-01-29 13:59:59,369 INFO c.h.h.t.HelmChartContainer - [EVENT] Normal [Ready] HiveMQ Platform is ready [helmbrokerlicensesit:test-hivemq-platform]
2025-01-29 13:59:59,370 INFO c.h.h.t.HelmChartContainer - [hivemq-test-hivemq-platform] [hivemq-platform-operator] [7951d5bf] 13:59:59.369 [ReconcilerExecutor-hivemq-controller-113] INFO  c.h.p.o.h.AbstractHiveMQReconcilerStateHandler - [helmbrok] Update HiveMQ Platform Status (STARTING [READY] -> RUNNING [READY]): HiveMQ Platform is ready
2025-01-29 13:59:59,380 DEBUG com.hivemq.helmcharts.util.K8sUtil - Comparing actual state 'RUNNING' and waiting for 'RUNNING'
2025-01-29 13:59:59,384 INFO c.h.h.t.HelmChartContainer - [hivemq-test-hivemq-platform] [hivemq-platform-operator] [7951d5bf] 13:59:59.383 [pool-6-thread-14] DEBUG c.h.p.o.d.PlatformServiceResource - [helmbrok] Desired Platform services (3 services)
2025-01-29 13:59:59,385 INFO c.h.h.t.HelmChartContainer - [hivemq-test-hivemq-platform] [hivemq-platform-operator] [7951d5bf] 13:59:59.384 [pool-6-thread-15] DEBUG c.h.p.o.dependants.PodInfoConfigMap - [helmbrok] Desired PodInfo ConfigMap (1 extensions) (1 enabled)
2025-01-29 13:59:59,466 INFO c.h.h.t.HelmChartContainer - [hivemq-test-hivemq-platform] [hivemq-platform-operator] [7951d5bf] 13:59:59.385 [pool-6-thread-17] DEBUG c.h.p.o.d.PodServiceAccountResource - [helmbrok] Desired PodServiceAccountResource (serviceAccountName: hivemq-platform-pod-test-hivemq-platform)
2025-01-29 13:59:59,467 INFO c.h.h.t.HelmChartContainer - [hivemq-test-hivemq-platform] [hivemq-platform-operator] [7951d5bf] 13:59:59.465 [pool-6-thread-15] DEBUG c.h.p.o.dependants.PodInfoConfigMap - [helmbrok] Desired PodInfo ConfigMap (metrics port: 9399) (metrics path: /)
2025-01-29 13:59:59,468 INFO c.h.h.t.HelmChartContainer - [hivemq-test-hivemq-platform] [hivemq-platform-operator] [7951d5bf] 13:59:59.465 [pool-6-thread-15] DEBUG c.h.p.o.dependants.PodInfoConfigMap - [helmbrok] Desired PodInfo ConfigMap (extension state hash: -1817474005)
2025-01-29 13:59:59,469 INFO c.h.h.t.HelmChartContainer - [hivemq-test-hivemq-platform] [hivemq-platform-operator] [7951d5bf] 13:59:59.467 [pool-6-thread-15] DEBUG c.h.p.o.dependants.PodInfoConfigMap - [helmbrok] Update PodInfo ConfigMap
2025-01-29 13:59:59,477 INFO c.h.h.t.HelmChartContainer - [hivemq-test-hivemq-platform] [hivemq-platform-operator] [7951d5bf] 13:59:59.476 [pool-6-thread-15] DEBUG c.h.p.o.d.StatefulSetResource - [helmbrok] Desired StatefulSet (1 replicas) for status RUNNING (READY)
2025-01-29 13:59:59,481 INFO c.h.h.t.HelmChartContainer - [hivemq-test-hivemq-platform] [hivemq-platform-operator] [7951d5bf] 13:59:59.479 [ReconcilerExecutor-hivemq-controller-114] INFO  c.h.p.o.HiveMQPlatformReconciler - [helmbrok] Reconciling HiveMQ Platform 'test-hivemq-platform' in namespace 'helmbrokerlicensesit'
2025-01-29 13:59:59,481 INFO c.h.h.t.HelmChartContainer - [hivemq-test-hivemq-platform] [hivemq-platform-operator] [7951d5bf] 13:59:59.479 [ReconcilerExecutor-hivemq-controller-114] DEBUG c.h.p.o.HiveMQPlatformReconciler - [helmbrok] Custom Resource Status RUNNING - HiveMQ Platform is ready (READY)
2025-01-29 13:59:59,481 INFO c.h.h.t.HelmChartContainer - [hivemq-test-hivemq-platform] [hivemq-platform-operator] [7951d5bf] 13:59:59.479 [ReconcilerExecutor-hivemq-controller-114] DEBUG c.h.p.o.HiveMQPlatformReconciler - [helmbrok] Custom Resource Spec (replicas: 1) (extensions: 1)
2025-01-29 13:59:59,566 INFO c.h.h.t.HelmChartContainer - [hivemq-test-hivemq-platform] [hivemq-platform-operator] [7951d5bf] 13:59:59.564 [ReconcilerExecutor-hivemq-controller-114] DEBUG c.h.p.o.HiveMQPlatformReconciler - [helmbrok] StatefulSet Status (revision: test-hivemq-platform-5c857ddf4c, replicas: 1, available: 1, ready: 1, current: 1, updated: 1)
2025-01-29 13:59:59,566 INFO c.h.h.t.HelmChartContainer - [hivemq-test-hivemq-platform] [hivemq-platform-operator] [7951d5bf] 13:59:59.565 [ReconcilerExecutor-hivemq-controller-114] DEBUG c.h.p.o.HiveMQPlatformReconciler - [helmbrok] StatefulSet Spec (replicas: 1, init containers: 1, containers: 1, volumes: 4)
2025-01-29 13:59:59,567 INFO c.h.h.t.HelmChartContainer - [hivemq-test-hivemq-platform] [hivemq-platform-operator] [7951d5bf] 13:59:59.566 [ReconcilerExecutor-hivemq-controller-114] DEBUG c.h.p.o.h.HiveMQPlatformReconcilerErrorHandler - [helmbrok] Pod 'test-hivemq-platform-0' phase Running
2025-01-29 14:00:03,418 INFO c.h.h.t.HelmChartContainer - Uninstalling release 'test-hivemq-platform' in namespace 'helmbrokerlicensesit'...
2025-01-29 14:00:03,418 DEBUG c.h.h.t.HelmChartContainer - Executing helm command: /bin/helm --kubeconfig /etc/rancher/k3s/k3s.yaml uninstall test-hivemq-platform  --wait --timeout 5m0s --cascade foreground --namespace helmbrokerlicensesit
2025-01-29 14:00:03,599 INFO c.h.h.t.HelmChartContainer - [hivemq-test-hivemq-platform] [hivemq-platform-operator] [7951d5bf] 14:00:03.594 [pool-6-thread-29] DEBUG c.h.p.o.d.PlatformServiceResource - [helmbrok] Desired Platform services (3 services)
2025-01-29 14:00:03,599 INFO c.h.h.t.HelmChartContainer - [hivemq-test-hivemq-platform] [hivemq-platform-operator] [7951d5bf] 14:00:03.596 [pool-6-thread-27] DEBUG c.h.p.o.dependants.PodInfoConfigMap - [helmbrok] Desired PodInfo ConfigMap (1 extensions) (1 enabled)
2025-01-29 14:00:03,599 INFO c.h.h.t.HelmChartContainer - [hivemq-test-hivemq-platform] [hivemq-platform-operator] [7951d5bf] 14:00:03.596 [pool-6-thread-27] DEBUG c.h.p.o.dependants.PodInfoConfigMap - [helmbrok] Desired PodInfo ConfigMap (metrics port: 9399) (metrics path: /)
2025-01-29 14:00:03,599 INFO c.h.h.t.HelmChartContainer - [hivemq-test-hivemq-platform] [hivemq-platform-operator] [7951d5bf] 14:00:03.596 [pool-6-thread-27] DEBUG c.h.p.o.dependants.PodInfoConfigMap - [helmbrok] Desired PodInfo ConfigMap (extension state hash: -1817474005)
2025-01-29 14:00:03,612 INFO c.h.h.t.HelmChartContainer - [hivemq-test-hivemq-platform] [hivemq-platform-operator] [7951d5bf] 14:00:03.598 [pool-6-thread-24] DEBUG c.h.p.o.d.PodServiceAccountResource - [helmbrok] Desired PodServiceAccountResource (serviceAccountName: hivemq-platform-pod-test-hivemq-platform)
2025-01-29 14:00:03,612 INFO c.h.h.t.HelmChartContainer - [hivemq-test-hivemq-platform] [hivemq-platform-operator] [7951d5bf] 14:00:03.601 [pool-6-thread-27] DEBUG c.h.p.o.d.StatefulSetResource - [helmbrok] Desired StatefulSet (1 replicas) for status RUNNING (READY)
2025-01-29 14:00:03,612 INFO c.h.h.t.HelmChartContainer - [hivemq-test-hivemq-platform] [hivemq-platform-operator] [7951d5bf] 14:00:03.605 [ReconcilerExecutor-hivemq-controller-115] INFO  c.h.p.o.HiveMQPlatformReconciler - [helmbrok] Reconciling HiveMQ Platform 'test-hivemq-platform' in namespace 'helmbrokerlicensesit'
2025-01-29 14:00:03,612 INFO c.h.h.t.HelmChartContainer - [hivemq-test-hivemq-platform] [hivemq-platform-operator] [7951d5bf] 14:00:03.605 [ReconcilerExecutor-hivemq-controller-115] DEBUG c.h.p.o.HiveMQPlatformReconciler - [helmbrok] Custom Resource Status RUNNING - HiveMQ Platform is ready (READY)
2025-01-29 14:00:03,612 INFO c.h.h.t.HelmChartContainer - [hivemq-test-hivemq-platform] [hivemq-platform-operator] [7951d5bf] 14:00:03.605 [ReconcilerExecutor-hivemq-controller-115] DEBUG c.h.p.o.HiveMQPlatformReconciler - [helmbrok] Custom Resource Spec (replicas: 1) (extensions: 1)
2025-01-29 14:00:03,612 INFO c.h.h.t.HelmChartContainer - [hivemq-test-hivemq-platform] [hivemq-platform-operator] [7951d5bf] 14:00:03.606 [ReconcilerExecutor-hivemq-controller-115] DEBUG c.h.p.o.HiveMQPlatformReconciler - [helmbrok] StatefulSet Status (revision: test-hivemq-platform-5c857ddf4c, replicas: 1, available: 1, ready: 1, current: 1, updated: 1)
2025-01-29 14:00:03,612 INFO c.h.h.t.HelmChartContainer - [hivemq-test-hivemq-platform] [hivemq-platform-operator] [7951d5bf] 14:00:03.606 [ReconcilerExecutor-hivemq-controller-115] DEBUG c.h.p.o.HiveMQPlatformReconciler - [helmbrok] StatefulSet Spec (replicas: 1, init containers: 1, containers: 1, volumes: 4)
2025-01-29 14:00:03,668 INFO c.h.h.t.HelmChartContainer - [hivemq-test-hivemq-platform] [hivemq-platform-operator] [7951d5bf] 14:00:03.664 [ReconcilerExecutor-hivemq-controller-115] DEBUG c.h.p.o.h.HiveMQPlatformReconcilerErrorHandler - [helmbrok] Pod 'test-hivemq-platform-0' phase Running
2025-01-29 14:00:03,671 INFO c.h.h.t.HelmChartContainer - [hivemq-test-hivemq-platform] [hivemq-platform-operator] [7951d5bf] 14:00:03.669 [ReconcilerExecutor-hivemq-controller-116] INFO  c.h.p.o.HiveMQPlatformReconciler - [helmbrok] Cleanup test-hivemq-platform - helmbrokerlicensesit HiveMQ Platform is shut down
2025-01-29 14:00:04,357 INFO c.h.h.t.HelmChartContainer - [POD] test-hivemq-platform-0 [0cf018e1-30bb-498b-9419-4598724c0265] in helmbrokerlicensesit was MODIFIED
2025-01-29 14:00:04,364 INFO c.h.h.t.HelmChartContainer - [EVENT] Normal [Killing] Stopping container hivemq [helmbrokerlicensesit:test-hivemq-platform-0]
2025-01-29 14:00:04,364 INFO c.h.h.t.HelmChartContainer - Received Killing event for container hivemq in pod test-hivemq-platform-0 [0cf018e1-30bb-498b-9419-4598724c0265]
2025-01-29 14:00:04,364 INFO c.h.h.t.HelmChartContainer - Container [test-hivemq-platform-0] [hivemq] [0cf018e1-30bb-498b-9419-4598724c0265] was terminated
2025-01-29 14:00:04,364 INFO c.h.h.t.HelmChartContainer - Stopped log watcher for hivemq in pod test-hivemq-platform-0 [0cf018e1-30bb-498b-9419-4598724c0265]
2025-01-29 14:00:04,374 INFO c.h.h.t.HelmChartContainer - [test-hivemq-platform] [hivemq] [0cf018e1] INFO  - [HiveMQ Platform Operator Init App 1.7.0-SNAPSHOT] Shutting down
2025-01-29 14:00:04,375 INFO c.h.h.t.HelmChartContainer - [test-hivemq-platform] [hivemq] [0cf018e1] INFO  - [HiveMQ Platform Operator Init App 1.7.0-SNAPSHOT] Stopping the HiveMQ Platform
2025-01-29 14:00:04,489 INFO c.h.h.t.HelmChartContainer - [test-hivemq-platform] [hivemq] [0cf018e1] INFO  - Shutting down HiveMQ. Please wait, this could take a while...
2025-01-29 14:00:04,553 INFO c.h.h.t.HelmChartContainer - [test-hivemq-platform] [hivemq] [0cf018e1] INFO  - Shutting down listeners and clients
2025-01-29 14:00:04,553 INFO c.h.h.t.HelmChartContainer - [test-hivemq-platform] [hivemq] [0cf018e1] INFO  - Shutdown of listeners is done
2025-01-29 14:00:04,554 INFO c.h.h.t.HelmChartContainer - [test-hivemq-platform] [hivemq] [0cf018e1] INFO  - No clients are connected, proceeding with shutdown
2025-01-29 14:00:04,689 INFO c.h.h.t.HelmChartContainer - [K3S] [authentication.go:74] "Unable to authenticate the request" err="[invalid bearer token, serviceaccounts \"hivemq-platform-pod-test-hivemq-platform\" not found]"
2025-01-29 14:00:04,707 INFO c.h.h.t.HelmChartContainer - [K3S] [authentication.go:74] "Unable to authenticate the request" err="[invalid bearer token, serviceaccounts \"hivemq-platform-pod-test-hivemq-platform\" not found]"
2025-01-29 14:00:04,788 INFO c.h.h.t.HelmChartContainer - [test-hivemq-platform] [hivemq] [0cf018e1] WARN  - [HiveMQ Platform Operator Init App 1.7.0-SNAPSHOT] Could not update Pod annotations: Failure executing: GET at: https://10.43.0.1:443/api/v1/namespaces/helmbrokerlicensesit/pods/test-hivemq-platform-0. Message: Unauthorized. Received status: Status(apiVersion=v1, code=401, details=null, kind=Status, message=Unauthorized, metadata=ListMeta(_continue=null, remainingItemCount=null, resourceVersion=null, selfLink=null, additionalProperties={}), reason=Unauthorized, status=Failure, additionalProperties={}).
2025-01-29 14:00:05,646 INFO c.h.h.t.HelmChartContainer - Deleting namespace 'helmbrokerlicensesit'...
2025-01-29 14:00:07,087 INFO c.h.h.t.HelmChartContainer - [test-hivemq-platform] [hivemq] [0cf018e1] INFO  - Shutting down extension system
2025-01-29 14:00:07,094 INFO c.h.h.t.HelmChartContainer - [test-hivemq-platform] [hivemq] [0cf018e1] INFO  - Stopping extension with id hivemq-dns-cluster-discovery
2025-01-29 14:00:07,094 INFO c.h.h.t.HelmChartContainer - [test-hivemq-platform] [hivemq] [0cf018e1] INFO  - Extension "DNS Cluster Discovery Extension" version 4.3.2 stopped successfully.
2025-01-29 14:00:07,095 INFO c.h.h.t.HelmChartContainer - [test-hivemq-platform] [hivemq] [0cf018e1] INFO  - Stopping extension with id hivemq-prometheus-extension
2025-01-29 14:00:07,099 INFO c.h.h.t.HelmChartContainer - [test-hivemq-platform] [hivemq] [0cf018e1] INFO  - Extension "Prometheus Monitoring Extension" version 4.0.12 stopped successfully.
2025-01-29 14:00:07,099 INFO c.h.h.t.HelmChartContainer - [test-hivemq-platform] [hivemq] [0cf018e1] INFO  - Stopping extension with id hivemq-allow-all-extension
2025-01-29 14:00:07,099 INFO c.h.h.t.HelmChartContainer - [test-hivemq-platform] [hivemq] [0cf018e1] INFO  - Extension "Allow All Extension" version 1.1.1 stopped successfully.
2025-01-29 14:00:09,208 INFO c.h.h.t.HelmChartContainer - [test-hivemq-platform] [hivemq] [0cf018e1] INFO  - [HiveMQ Platform Operator Init App 1.7.0-SNAPSHOT] Returning shutdown Health API response 503 for readiness
2025-01-29 14:00:09,262 INFO c.h.h.t.HelmChartContainer - [EVENT] Warning [Unhealthy] Readiness probe failed: HTTP probe failed with statuscode: 503 [helmbrokerlicensesit:test-hivemq-platform-0]
2025-01-29 14:00:09,262 INFO c.h.h.t.HelmChartContainer - Received Unhealthy event for container hivemq in pod test-hivemq-platform-0 [0cf018e1-30bb-498b-9419-4598724c0265]
2025-01-29 14:00:09,461 INFO c.h.h.t.HelmChartContainer - [test-hivemq-platform] [hivemq] [0cf018e1] INFO  - Shutdown completed.
2025-01-29 14:00:09,791 INFO c.h.h.t.HelmChartContainer - [K3S] [authentication.go:74] "Unable to authenticate the request" err="[invalid bearer token, serviceaccounts \"hivemq-platform-pod-test-hivemq-platform\" not found]"
2025-01-29 14:00:09,855 INFO c.h.h.t.HelmChartContainer - [K3S] [authentication.go:74] "Unable to authenticate the request" err="[invalid bearer token, serviceaccounts \"hivemq-platform-pod-test-hivemq-platform\" not found]"
2025-01-29 14:00:09,881 INFO c.h.h.t.HelmChartContainer - [test-hivemq-platform] [hivemq] [0cf018e1] WARN  - [HiveMQ Platform Operator Init App 1.7.0-SNAPSHOT] Could not update Pod annotations: Failure executing: GET at: https://10.43.0.1:443/api/v1/namespaces/helmbrokerlicensesit/pods/test-hivemq-platform-0. Message: Unauthorized. Received status: Status(apiVersion=v1, code=401, details=null, kind=Status, message=Unauthorized, metadata=ListMeta(_continue=null, remainingItemCount=null, resourceVersion=null, selfLink=null, additionalProperties={}), reason=Unauthorized, status=Failure, additionalProperties={}).
2025-01-29 14:00:09,889 INFO c.h.h.t.HelmChartContainer - [test-hivemq-platform] [hivemq] [0cf018e1] INFO  - [HiveMQ Platform Operator Init App 1.7.0-SNAPSHOT] The HiveMQ Platform exited with code 143
2025-01-29 14:00:09,889 INFO c.h.h.t.HelmChartContainer - [test-hivemq-platform] [hivemq] [0cf018e1] INFO  - [HiveMQ Platform Operator Init App 1.7.0-SNAPSHOT] Stopping the REST API
2025-01-29 14:00:09,892 INFO c.h.h.t.HelmChartContainer - [test-hivemq-platform] [hivemq] [0cf018e1] INFO  - [HiveMQ Platform Operator Init App 1.7.0-SNAPSHOT] Shutdown complete
2025-01-29 14:00:10,343 INFO c.h.h.t.HelmChartContainer - [POD] test-hivemq-platform-0 [0cf018e1-30bb-498b-9419-4598724c0265] in helmbrokerlicensesit was MODIFIED
2025-01-29 14:00:10,344 INFO c.h.h.t.HelmChartContainer - [K3S] [stateful_set.go:438] "Unhandled Error" err="error syncing StatefulSet helmbrokerlicensesit/test-hivemq-platform, requeuing: controllerrevisions.apps \"test-hivemq-platform-5c857ddf4c\" is forbidden: unable to create new content in namespace helmbrokerlicensesit because it is being terminated"
2025-01-29 14:00:10,353 INFO c.h.h.t.HelmChartContainer - [K3S] [stateful_set.go:438] "Unhandled Error" err="error syncing StatefulSet helmbrokerlicensesit/test-hivemq-platform, requeuing: controllerrevisions.apps \"test-hivemq-platform-5c857ddf4c\" is forbidden: unable to create new content in namespace helmbrokerlicensesit because it is being terminated"
2025-01-29 14:00:10,366 INFO c.h.h.t.HelmChartContainer - [K3S] [stateful_set.go:438] "Unhandled Error" err="error syncing StatefulSet helmbrokerlicensesit/test-hivemq-platform, requeuing: controllerrevisions.apps \"test-hivemq-platform-5c857ddf4c\" is forbidden: unable to create new content in namespace helmbrokerlicensesit because it is being terminated"
2025-01-29 14:00:10,388 INFO c.h.h.t.HelmChartContainer - [K3S] [stateful_set.go:438] "Unhandled Error" err="error syncing StatefulSet helmbrokerlicensesit/test-hivemq-platform, requeuing: controllerrevisions.apps \"test-hivemq-platform-5c857ddf4c\" is forbidden: unable to create new content in namespace helmbrokerlicensesit because it is being terminated"
2025-01-29 14:00:10,431 INFO c.h.h.t.HelmChartContainer - [K3S] [reconciler_common.go:162] "operationExecutor.UnmountVolume started for volume \"licenses\" (UniqueName: \"kubernetes.io/secret/0cf018e1-30bb-498b-9419-4598724c0265-licenses\") pod \"0cf018e1-30bb-498b-9419-4598724c0265\" (UID: \"0cf018e1-30bb-498b-9419-4598724c0265\") "
2025-01-29 14:00:10,431 INFO c.h.h.t.HelmChartContainer - [K3S] [reconciler_common.go:162] "operationExecutor.UnmountVolume started for volume \"operator-init\" (UniqueName: \"kubernetes.io/empty-dir/0cf018e1-30bb-498b-9419-4598724c0265-operator-init\") pod \"0cf018e1-30bb-498b-9419-4598724c0265\" (UID: \"0cf018e1-30bb-498b-9419-4598724c0265\") "
2025-01-29 14:00:10,431 INFO c.h.h.t.HelmChartContainer - [K3S] [reconciler_common.go:162] "operationExecutor.UnmountVolume started for volume \"broker-configuration\" (UniqueName: \"kubernetes.io/configmap/0cf018e1-30bb-498b-9419-4598724c0265-broker-configuration\") pod \"0cf018e1-30bb-498b-9419-4598724c0265\" (UID: \"0cf018e1-30bb-498b-9419-4598724c0265\") "
2025-01-29 14:00:10,432 INFO c.h.h.t.HelmChartContainer - [K3S] [reconciler_common.go:162] "operationExecutor.UnmountVolume started for volume \"kube-api-access-rj5kn\" (UniqueName: \"kubernetes.io/projected/0cf018e1-30bb-498b-9419-4598724c0265-kube-api-access-rj5kn\") pod \"0cf018e1-30bb-498b-9419-4598724c0265\" (UID: \"0cf018e1-30bb-498b-9419-4598724c0265\") "
2025-01-29 14:00:10,433 INFO c.h.h.t.HelmChartContainer - [K3S] [reconciler_common.go:162] "operationExecutor.UnmountVolume started for volume \"pod-info\" (UniqueName: \"kubernetes.io/configmap/0cf018e1-30bb-498b-9419-4598724c0265-pod-info\") pod \"0cf018e1-30bb-498b-9419-4598724c0265\" (UID: \"0cf018e1-30bb-498b-9419-4598724c0265\") "
2025-01-29 14:00:10,433 INFO c.h.h.t.HelmChartContainer - [K3S] [stateful_set.go:438] "Unhandled Error" err="error syncing StatefulSet helmbrokerlicensesit/test-hivemq-platform, requeuing: controllerrevisions.apps \"test-hivemq-platform-5c857ddf4c\" is forbidden: unable to create new content in namespace helmbrokerlicensesit because it is being terminated"
2025-01-29 14:00:10,508 INFO c.h.h.t.HelmChartContainer - [K3S] [scope.go:117] "RemoveContainer" containerID="2a35795516f7905266920e2b6274bb23953caf09d7d72cfac80b778ad5bc1349"
2025-01-29 14:00:10,516 INFO c.h.h.t.HelmChartContainer - [K3S] [stateful_set.go:438] "Unhandled Error" err="error syncing StatefulSet helmbrokerlicensesit/test-hivemq-platform, requeuing: controllerrevisions.apps \"test-hivemq-platform-5c857ddf4c\" is forbidden: unable to create new content in namespace helmbrokerlicensesit because it is being terminated"
2025-01-29 14:00:10,524 INFO c.h.h.t.HelmChartContainer - [POD] test-hivemq-platform-0 [0cf018e1-30bb-498b-9419-4598724c0265] in helmbrokerlicensesit was MODIFIED
2025-01-29 14:00:10,530 INFO c.h.h.t.HelmChartContainer - [POD] test-hivemq-platform-0 [0cf018e1-30bb-498b-9419-4598724c0265] in helmbrokerlicensesit was DELETED
2025-01-29 14:00:10,536 INFO c.h.h.t.HelmChartContainer - [K3S] [stateful_set.go:438] "Unhandled Error" err="error syncing StatefulSet helmbrokerlicensesit/test-hivemq-platform, requeuing: controllerrevisions.apps \"test-hivemq-platform-5c857ddf4c\" is forbidden: unable to create new content in namespace helmbrokerlicensesit because it is being terminated"
2025-01-29 14:00:10,537 INFO c.h.h.t.HelmChartContainer - [K3S] [reconciler_common.go:299] "Volume detached for volume \"licenses\" (UniqueName: \"kubernetes.io/secret/0cf018e1-30bb-498b-9419-4598724c0265-licenses\") on node \"a5210c6ce14a\" DevicePath \"\""
2025-01-29 14:00:10,538 INFO c.h.h.t.HelmChartContainer - [K3S] [reconciler_common.go:299] "Volume detached for volume \"operator-init\" (UniqueName: \"kubernetes.io/empty-dir/0cf018e1-30bb-498b-9419-4598724c0265-operator-init\") on node \"a5210c6ce14a\" DevicePath \"\""
2025-01-29 14:00:10,539 INFO c.h.h.t.HelmChartContainer - [K3S] [reconciler_common.go:299] "Volume detached for volume \"kube-api-access-rj5kn\" (UniqueName: \"kubernetes.io/projected/0cf018e1-30bb-498b-9419-4598724c0265-kube-api-access-rj5kn\") on node \"a5210c6ce14a\" DevicePath \"\""
2025-01-29 14:00:10,540 INFO c.h.h.t.HelmChartContainer - [K3S] [reconciler_common.go:299] "Volume detached for volume \"pod-info\" (UniqueName: \"kubernetes.io/configmap/0cf018e1-30bb-498b-9419-4598724c0265-pod-info\") on node \"a5210c6ce14a\" DevicePath \"\""
2025-01-29 14:00:10,540 INFO c.h.h.t.HelmChartContainer - [K3S] [reconciler_common.go:299] "Volume detached for volume \"broker-configuration\" (UniqueName: \"kubernetes.io/configmap/0cf018e1-30bb-498b-9419-4598724c0265-broker-configuration\") on node \"a5210c6ce14a\" DevicePath \"\""
2025-01-29 14:00:10,540 INFO c.h.h.t.HelmChartContainer - [K3S] [stateful_set.go:438] "Unhandled Error" err="error syncing StatefulSet helmbrokerlicensesit/test-hivemq-platform, requeuing: controllerrevisions.apps \"test-hivemq-platform-5c857ddf4c\" is forbidden: unable to create new content in namespace helmbrokerlicensesit because it is being terminated"
2025-01-29 14:00:10,566 INFO c.h.h.t.HelmChartContainer - [K3S] [stateful_set.go:466] "StatefulSet has been deleted" key="helmbrokerlicensesit/test-hivemq-platform"
2025-01-29 14:00:10,631 INFO c.h.h.t.HelmChartContainer - [K3S] [scope.go:117] "RemoveContainer" containerID="af6bb147e5f09d9857a379fb27df99d6f7c2dca4209d6d415215ae3ac2a483ec"
2025-01-29 14:00:10,634 INFO c.h.h.t.HelmChartContainer - [K3S] [scope.go:117] "RemoveContainer" containerID="2a35795516f7905266920e2b6274bb23953caf09d7d72cfac80b778ad5bc1349"
2025-01-29 14:00:10,634 INFO c.h.h.t.HelmChartContainer - [K3S] [scope.go:117] "RemoveContainer" containerID="af6bb147e5f09d9857a379fb27df99d6f7c2dca4209d6d415215ae3ac2a483ec"
2025-01-29 14:00:10,677 INFO c.h.h.t.HelmChartContainer - [K3S] [stateful_set.go:466] "StatefulSet has been deleted" key="helmbrokerlicensesit/test-hivemq-platform"
2025-01-29 14:00:10,872 INFO c.h.h.t.HelmChartContainer - Namespace 'helmbrokerlicensesit' deleted
2025-01-29 14:00:10,872 INFO c.h.h.t.HelmChartContainer - Release 'test-hivemq-platform' in namespace 'helmbrokerlicensesit' is uninstalled
2025-01-29 14:00:10,872 INFO c.h.h.t.HelmChartContainer - Uninstalling release 'test-hivemq-platform-operator' in namespace 'helmbrokerlicensesit-operator'...
2025-01-29 14:00:10,872 DEBUG c.h.h.t.HelmChartContainer - Executing helm command: /bin/helm --kubeconfig /etc/rancher/k3s/k3s.yaml uninstall test-hivemq-platform-operator  --wait --timeout 5m0s --cascade foreground --namespace helmbrokerlicensesit-operator
2025-01-29 14:00:11,039 INFO c.h.h.t.HelmChartContainer - [K3S] [replica_set.go:679] "Finished syncing" kind="ReplicaSet" key="helmbrokerlicensesit-operator/hivemq-test-hivemq-platform-operator-6966f96d65" duration="6.704334ms"
2025-01-29 14:00:11,046 INFO c.h.h.t.HelmChartContainer - [K3S] [replica_set.go:679] "Finished syncing" kind="ReplicaSet" key="helmbrokerlicensesit-operator/hivemq-test-hivemq-platform-operator-6966f96d65" duration="39.634µs"
2025-01-29 14:00:11,060 INFO c.h.h.t.HelmChartContainer - [POD] hivemq-test-hivemq-platform-operator-6966f96d65-4f2fq [7951d5bf-5505-4b3d-b391-32416410595b] in helmbrokerlicensesit-operator was MODIFIED
2025-01-29 14:00:11,071 INFO c.h.h.t.HelmChartContainer - [EVENT] Normal [Killing] Stopping container hivemq-platform-operator [helmbrokerlicensesit-operator:hivemq-test-hivemq-platform-operator-6966f96d65-4f2fq]
2025-01-29 14:00:11,071 INFO c.h.h.t.HelmChartContainer - Received Killing event for container hivemq-platform-operator in pod hivemq-test-hivemq-platform-operator-6966f96d65-4f2fq [7951d5bf-5505-4b3d-b391-32416410595b]
2025-01-29 14:00:11,071 INFO c.h.h.t.HelmChartContainer - Container [hivemq-test-hivemq-platform-operator-6966f96d65-4f2fq] [hivemq-platform-operator] [7951d5bf-5505-4b3d-b391-32416410595b] was terminated
2025-01-29 14:00:11,071 INFO c.h.h.t.HelmChartContainer - Stopped log watcher for hivemq-platform-operator in pod hivemq-test-hivemq-platform-operator-6966f96d65-4f2fq [7951d5bf-5505-4b3d-b391-32416410595b]
2025-01-29 14:00:11,072 INFO c.h.h.t.HelmChartContainer - [K3S] [replica_set.go:679] "Finished syncing" kind="ReplicaSet" key="helmbrokerlicensesit-operator/hivemq-test-hivemq-platform-operator-6966f96d65" duration="14.377162ms"
2025-01-29 14:00:11,075 INFO c.h.h.t.HelmChartContainer - [K3S] [replica_set.go:679] "Finished syncing" kind="ReplicaSet" key="helmbrokerlicensesit-operator/hivemq-test-hivemq-platform-operator-6966f96d65" duration="36.388µs"
2025-01-29 14:00:11,102 INFO c.h.h.t.HelmChartContainer - [hivemq-test-hivemq-platform] [hivemq-platform-operator] [7951d5bf] 14:00:11.100 [application-shutdown-thread] INFO  c.h.p.o.HiveMQPlatformOperatorApplication - HiveMQ Platform Operator is stopping...
2025-01-29 14:00:11,102 INFO c.h.h.t.HelmChartContainer - [hivemq-test-hivemq-platform] [hivemq-platform-operator] [7951d5bf] 14:00:11.100 [application-shutdown-thread] INFO  i.javaoperatorsdk.operator.Operator - Operator SDK 4.9.7 is shutting down...
2025-01-29 14:00:11,705 INFO c.h.h.t.HelmChartContainer - [K3S] [replica_set.go:679] "Finished syncing" kind="ReplicaSet" key="helmbrokerlicensesit-operator/hivemq-test-hivemq-platform-operator-6966f96d65" duration="42.509µs"
2025-01-29 14:00:11,706 INFO c.h.h.t.HelmChartContainer - [POD] hivemq-test-hivemq-platform-operator-6966f96d65-4f2fq [7951d5bf-5505-4b3d-b391-32416410595b] in helmbrokerlicensesit-operator was MODIFIED
2025-01-29 14:00:11,837 INFO c.h.h.t.HelmChartContainer - [K3S] [reconciler_common.go:162] "operationExecutor.UnmountVolume started for volume \"kube-api-access-z97vk\" (UniqueName: \"kubernetes.io/projected/7951d5bf-5505-4b3d-b391-32416410595b-kube-api-access-z97vk\") pod \"7951d5bf-5505-4b3d-b391-32416410595b\" (UID: \"7951d5bf-5505-4b3d-b391-32416410595b\") "
2025-01-29 14:00:11,938 INFO c.h.h.t.HelmChartContainer - [K3S] [reconciler_common.go:299] "Volume detached for volume \"kube-api-access-z97vk\" (UniqueName: \"kubernetes.io/projected/7951d5bf-5505-4b3d-b391-32416410595b-kube-api-access-z97vk\") on node \"a5210c6ce14a\" DevicePath \"\""
2025-01-29 14:00:12,007 INFO c.h.h.t.HelmChartContainer - [K3S] [kubelet_volumes.go:163] "Cleaned up orphaned pod volumes dir" podUID="0cf018e1-30bb-498b-9419-4598724c0265" path="/var/lib/kubelet/pods/0cf018e1-30bb-498b-9419-4598724c0265/volumes"
2025-01-29 14:00:12,511 INFO c.h.h.t.HelmChartContainer - [K3S] [scope.go:117] "RemoveContainer" containerID="0148cc61b3f54e9751960fb2195cef46cb2f21ac6d6bf8b194b24cc385d9e3c6"
2025-01-29 14:00:12,513 INFO c.h.h.t.HelmChartContainer - [K3S] [scope.go:117] "RemoveContainer" containerID="0148cc61b3f54e9751960fb2195cef46cb2f21ac6d6bf8b194b24cc385d9e3c6"
2025-01-29 14:00:12,520 INFO c.h.h.t.HelmChartContainer - [K3S] [replica_set.go:679] "Finished syncing" kind="ReplicaSet" key="helmbrokerlicensesit-operator/hivemq-test-hivemq-platform-operator-6966f96d65" duration="36.047µs"
2025-01-29 14:00:12,520 INFO c.h.h.t.HelmChartContainer - [POD] hivemq-test-hivemq-platform-operator-6966f96d65-4f2fq [7951d5bf-5505-4b3d-b391-32416410595b] in helmbrokerlicensesit-operator was MODIFIED
2025-01-29 14:00:12,523 INFO c.h.h.t.HelmChartContainer - [K3S] [replica_set.go:679] "Finished syncing" kind="ReplicaSet" key="helmbrokerlicensesit-operator/hivemq-test-hivemq-platform-operator-6966f96d65" duration="52.948µs"
2025-01-29 14:00:12,523 INFO c.h.h.t.HelmChartContainer - [POD] hivemq-test-hivemq-platform-operator-6966f96d65-4f2fq [7951d5bf-5505-4b3d-b391-32416410595b] in helmbrokerlicensesit-operator was DELETED
2025-01-29 14:00:12,532 INFO c.h.h.t.HelmChartContainer - [K3S] [replica_set.go:679] "Finished syncing" kind="ReplicaSet" key="helmbrokerlicensesit-operator/hivemq-test-hivemq-platform-operator-6966f96d65" duration="3.997µs"
2025-01-29 14:00:13,082 INFO c.h.h.t.HelmChartContainer - Deleting namespace 'helmbrokerlicensesit-operator'...
2025-01-29 14:00:14,007 INFO c.h.h.t.HelmChartContainer - [K3S] [kubelet_volumes.go:163] "Cleaned up orphaned pod volumes dir" podUID="7951d5bf-5505-4b3d-b391-32416410595b" path="/var/lib/kubelet/pods/7951d5bf-5505-4b3d-b391-32416410595b/volumes"
2025-01-29 14:00:15,805 INFO c.h.h.t.HelmChartContainer - [K3S] [namespace_controller.go:187] "Namespace has been deleted" namespace="helmbrokerlicensesit"
2025-01-29 14:00:18,298 INFO c.h.h.t.HelmChartContainer - Namespace 'helmbrokerlicensesit-operator' deleted
2025-01-29 14:00:18,298 INFO c.h.h.t.HelmChartContainer - Release 'test-hivemq-platform-operator' in namespace 'helmbrokerlicensesit-operator' is uninstalled
2025-01-29 14:00:19,020 INFO c.h.helmcharts.AbstractHelmChartIT - Removed unused containers:

2025-01-29 14:00:23,201 INFO c.h.h.t.HelmChartContainer - [K3S] [namespace_controller.go:187] "Namespace has been deleted" namespace="helmbrokerlicensesit-operator"
2025-01-29 14:00:26,641 INFO c.h.helmcharts.AbstractHelmChartIT - Removed unused snapshots:
Removing snapshot sha256:03af251906410714c5aef9fa705b63f6bbc39c4a5e787de7361eeb18886c2ed2
Removing snapshot sha256:0c46b3b43cce082ce5ec34ffc6c294e0417d17b9d1e6f366d114b6aadc4f96dc
Removing snapshot sha256:0ce761beee59082d6ed5bcebd3a805b8ddd9b3426b617e4809e7fb7c6587ffec
Removing snapshot sha256:0df91287303208332c8ff6ba40ae4710105201739addbfbddfb955f1ad593664
Removing snapshot sha256:1021ef88c7974bfff89c5a0ec4fd3160daac6c48a075f74cff721f85dd104e68
Removing snapshot sha256:10aba4953ddc18145dd38e3704709bc464aa20af60b56fe52caaff4b68411e62
Removing snapshot sha256:22d517e7ed57985f91e4d8da7972e94ca108e2b3f948dfec85474f560410a8a7
Removing snapshot sha256:2573e0d8158209ed54ab25c87bcdcb00bd3d2539246960a3d592a1c599d70465
Removing snapshot sha256:362a8a37f8bbc31925a8146adcf7cf51f9882f5c1dcbef67c5baa03a297543c0
Removing snapshot sha256:3fa4ad33f0ddc8fd45b39b6b4640f82a3a83619606cd975bfe89d8710ad2d4cd
Removing snapshot sha256:43a7c979bbaba6838bc3102d6b10a1459f3ab050b87ccdfef84ef90cf43d3058
Removing snapshot sha256:4ab04491cdf0d3267f08206fe30bd48f49f94b9cab2f016d6739220f722a64af
Removing snapshot sha256:4b6068250e89c96f263060261819c7d912855bfbd64b3eb4c4a8483299b8c295
Removing snapshot sha256:580e69a0a8034ede1921139bbd2bfb72a69ebf276d008281896c32dd8bf74775
Removing snapshot sha256:5d30ba46b27fe37484567ccc5242cadc78217b8da605f3f195ef25cbf7487904
Removing snapshot sha256:63ca1fbb43ae5034640e5e6cb3e083e05c290072c5366fcaa9d62435a4cced85
Removing snapshot sha256:67f702c6baae873bceb19487c8b1f27bd2b86077e4f2f0e480e6d60ab508b8f5
Removing snapshot sha256:6864348dd42806d552efdec384f1274be15e2d0c10ce44c1f04347af004c10a9
Removing snapshot sha256:6c7dee8f2c39b84b7dc2711c01d33de93514d9055499173e9290176fbe484b6c
Removing snapshot sha256:82753493a6d61ded36556292f02f31841a14c20d2f279f19eaad65afb661d5cd
Removing snapshot sha256:8a10d3db42c505ee0fcfa98417bdd7e39b304f6bcc0a06bb1b220797ff2cc63c
Removing snapshot sha256:a21e5b12dbac529ad45d976eb9ce45c881f3bedcc500fb30aba1e52aa1813418
Removing snapshot sha256:a6cdd4dcbb03b31de5fc648104373636a4162a5e70eb98869f426bb76e30df4b
Removing snapshot sha256:b921e6c28969094157f9b8e7244677780319637afd14450b7cb6b2fdea558a0c
Removing snapshot sha256:bc27ecb5769a00e309cf99ebc763c4a4b958b618d1decc96ffac5bc05f02f5b7
Removing snapshot sha256:be3ccb6627a5332e309d45ef461d09b4879dd870c7394d89323d0ebc6ca6aa8a
Removing snapshot sha256:c261f7cbbc64211ee175ee47273acdb7b1a36a4450b397a064a8f2c026490095
Removing snapshot sha256:c34d9393647eea0c9e3557ab988efaf59f61d10a2a5613b439ef0958cca5ec10
Removing snapshot sha256:ccf3c4a0fa967a41c1c83497a2ce6fa5787965859df0adb32c4ca2cf7490bc2b
Removing snapshot sha256:cf92d33f869417309692088c341cd0f223c178ea78a125f757317b22aa8f90e9
Removing snapshot sha256:d0037344cf2fb078884f1849f6a1f8cf9a33a3b6139b6a85833e5ee528e1f9a8
Removing snapshot sha256:d3b36d5b79273b1e98e7700470eaeff05a882e777124d84cebcc1505b85ecb36
Removing snapshot sha256:d65a44a37914602d12c611e5e22a50f11451d847e63015cc1c2aef92dee777a4
Removing snapshot sha256:e2dc0bae2455930f23ae570e019b7f32edc75c0f2d71cab084db837ff9051796
Removing snapshot sha256:eccbd24a99c60cd9e86ee5305dbfc4a4dc89f5ab4fb1f06c8d64797cecedef34
Removing snapshot sha256:f144bb4c7c7f0d2aa7eeffd36d934ec40db1ee167be727e326aad9fdc616f475

]]></system-out>
  </testcase>
  <testcase name="withBrokerLicenseFileContent_statefulSetWithLicenseSecretMounted()" classname="com.hivemq.helmcharts.license.HelmBrokerLicensesIT" time="104.798">
    <system-out><![CDATA[2025-01-29 14:00:26,642 INFO c.h.h.t.HelmChartContainer - Creating namespace 'helmbrokerlicensesit-operator'...
2025-01-29 14:00:26,652 INFO c.h.h.t.HelmChartContainer - Namespace 'helmbrokerlicensesit-operator' created
2025-01-29 14:00:26,652 INFO c.h.h.t.HelmChartContainer - Creating namespace 'helmbrokerlicensesit'...
2025-01-29 14:00:26,656 INFO c.h.h.t.HelmChartContainer - Namespace 'helmbrokerlicensesit' created
2025-01-29 14:00:26,721 DEBUG c.h.h.t.HelmChartContainer - Executing helm command: /bin/helm --kubeconfig /etc/rancher/k3s/k3s.yaml install test-hivemq-platform-operator /charts/hivemq-platform-operator --wait --timeout 5m0s --set image.repository=docker.io/hivemq --set image.name=hivemq-platform-operator-test --set image.initImageName=hivemq-platform-operator-init-test --set image.tag=snapshot --set image.pullPolicy=Never --set logLevel=DEBUG --set resources.cpu=512m --namespace helmbrokerlicensesit-operator
2025-01-29 14:00:27,024 INFO c.h.h.t.HelmChartContainer - [K3S] [alloc.go:330] "allocated clusterIPs" service="helmbrokerlicensesit-operator/hivemq-platform-operator-test-hivemq-platform-operator" clusterIPs={"IPv4":"10.43.180.202"}
2025-01-29 14:00:27,044 INFO c.h.h.t.HelmChartContainer - [EVENT] Normal [ScalingReplicaSet] Scaled up replica set hivemq-test-hivemq-platform-operator-6966f96d65 from 0 to 1 [helmbrokerlicensesit-operator:hivemq-test-hivemq-platform-operator]
2025-01-29 14:00:27,048 INFO c.h.h.t.HelmChartContainer - [POD] hivemq-test-hivemq-platform-operator-6966f96d65-hf6kw [77f8e5a1-cf53-4828-9c2a-db49df4d03ed] in helmbrokerlicensesit-operator was ADDED
2025-01-29 14:00:27,059 INFO c.h.h.t.HelmChartContainer - [POD] hivemq-test-hivemq-platform-operator-6966f96d65-hf6kw [77f8e5a1-cf53-4828-9c2a-db49df4d03ed] in helmbrokerlicensesit-operator was MODIFIED
2025-01-29 14:00:27,061 INFO c.h.h.t.HelmChartContainer - [K3S] [memory_manager.go:355] "RemoveStaleState removing state" podUID="0cf018e1-30bb-498b-9419-4598724c0265" containerName="hivemq"
2025-01-29 14:00:27,061 INFO c.h.h.t.HelmChartContainer - [K3S] [memory_manager.go:355] "RemoveStaleState removing state" podUID="7951d5bf-5505-4b3d-b391-32416410595b" containerName="hivemq-platform-operator"
2025-01-29 14:00:27,061 INFO c.h.h.t.HelmChartContainer - [K3S] [reflector.go:569] object-"helmbrokerlicensesit-operator"/"kube-root-ca.crt": failed to list *v1.ConfigMap: configmaps "kube-root-ca.crt" is forbidden: User "system:node:a5210c6ce14a" cannot list resource "configmaps" in API group "" in the namespace "helmbrokerlicensesit-operator": no relationship found between node 'a5210c6ce14a' and this object
2025-01-29 14:00:27,061 INFO c.h.h.t.HelmChartContainer - [K3S] [reflector.go:166] "Unhandled Error" err="object-\"helmbrokerlicensesit-operator\"/\"kube-root-ca.crt\": Failed to watch *v1.ConfigMap: failed to list *v1.ConfigMap: configmaps \"kube-root-ca.crt\" is forbidden: User \"system:node:a5210c6ce14a\" cannot list resource \"configmaps\" in API group \"\" in the namespace \"helmbrokerlicensesit-operator\": no relationship found between node 'a5210c6ce14a' and this object"
2025-01-29 14:00:27,061 INFO c.h.h.t.HelmChartContainer - [K3S] [status_manager.go:890] "Failed to get status for pod" podUID="77f8e5a1-cf53-4828-9c2a-db49df4d03ed" pod="helmbrokerlicensesit-operator/hivemq-test-hivemq-platform-operator-6966f96d65-hf6kw" err="pods \"hivemq-test-hivemq-platform-operator-6966f96d65-hf6kw\" is forbidden: User \"system:node:a5210c6ce14a\" cannot get resource \"pods\" in API group \"\" in the namespace \"helmbrokerlicensesit-operator\": no relationship found between node 'a5210c6ce14a' and this object"
2025-01-29 14:00:27,063 INFO c.h.h.t.HelmChartContainer - [K3S] [replica_set.go:679] "Finished syncing" kind="ReplicaSet" key="helmbrokerlicensesit-operator/hivemq-test-hivemq-platform-operator-6966f96d65" duration="25.685041ms"
2025-01-29 14:00:27,063 INFO c.h.h.t.HelmChartContainer - [EVENT] Normal [SuccessfulCreate] Created pod: hivemq-test-hivemq-platform-operator-6966f96d65-hf6kw [helmbrokerlicensesit-operator:hivemq-test-hivemq-platform-operator-6966f96d65]
2025-01-29 14:00:27,065 INFO c.h.h.t.HelmChartContainer - [EVENT] Normal [Scheduled] Successfully assigned helmbrokerlicensesit-operator/hivemq-test-hivemq-platform-operator-6966f96d65-hf6kw to a5210c6ce14a [helmbrokerlicensesit-operator:hivemq-test-hivemq-platform-operator-6966f96d65-hf6kw]
2025-01-29 14:00:27,076 INFO c.h.h.t.HelmChartContainer - [K3S] [replica_set.go:679] "Finished syncing" kind="ReplicaSet" key="helmbrokerlicensesit-operator/hivemq-test-hivemq-platform-operator-6966f96d65" duration="14.372625ms"
2025-01-29 14:00:27,089 INFO c.h.h.t.HelmChartContainer - [K3S] [replica_set.go:679] "Finished syncing" kind="ReplicaSet" key="helmbrokerlicensesit-operator/hivemq-test-hivemq-platform-operator-6966f96d65" duration="12.538207ms"
2025-01-29 14:00:27,089 INFO c.h.h.t.HelmChartContainer - [K3S] [replica_set.go:679] "Finished syncing" kind="ReplicaSet" key="helmbrokerlicensesit-operator/hivemq-test-hivemq-platform-operator-6966f96d65" duration="34.986µs"
2025-01-29 14:00:27,125 INFO c.h.h.t.HelmChartContainer - [K3S] [reconciler_common.go:251] "operationExecutor.VerifyControllerAttachedVolume started for volume \"kube-api-access-fgbfj\" (UniqueName: \"kubernetes.io/projected/77f8e5a1-cf53-4828-9c2a-db49df4d03ed-kube-api-access-fgbfj\") pod \"hivemq-test-hivemq-platform-operator-6966f96d65-hf6kw\" (UID: \"77f8e5a1-cf53-4828-9c2a-db49df4d03ed\") " pod="helmbrokerlicensesit-operator/hivemq-test-hivemq-platform-operator-6966f96d65-hf6kw"
2025-01-29 14:00:28,232 INFO c.h.h.t.HelmChartContainer - [K3S] [projected.go:288] Couldn't get configMap helmbrokerlicensesit-operator/kube-root-ca.crt: failed to sync configmap cache: timed out waiting for the condition
2025-01-29 14:00:28,232 INFO c.h.h.t.HelmChartContainer - [K3S] [projected.go:194] Error preparing data for projected volume kube-api-access-fgbfj for pod helmbrokerlicensesit-operator/hivemq-test-hivemq-platform-operator-6966f96d65-hf6kw: failed to sync configmap cache: timed out waiting for the condition
2025-01-29 14:00:28,232 INFO c.h.h.t.HelmChartContainer - [K3S] [nestedpendingoperations.go:348] Operation for "{volumeName:kubernetes.io/projected/77f8e5a1-cf53-4828-9c2a-db49df4d03ed-kube-api-access-fgbfj podName:77f8e5a1-cf53-4828-9c2a-db49df4d03ed nodeName:}" failed. No retries permitted until 2025-01-29 14:00:28.732284578 +0000 UTC m=+336.315087090 (durationBeforeRetry 500ms). Error: MountVolume.SetUp failed for volume "kube-api-access-fgbfj" (UniqueName: "kubernetes.io/projected/77f8e5a1-cf53-4828-9c2a-db49df4d03ed-kube-api-access-fgbfj") pod "hivemq-test-hivemq-platform-operator-6966f96d65-hf6kw" (UID: "77f8e5a1-cf53-4828-9c2a-db49df4d03ed") : failed to sync configmap cache: timed out waiting for the condition
2025-01-29 14:00:28,237 INFO c.h.h.t.HelmChartContainer - [EVENT] Warning [FailedMount] MountVolume.SetUp failed for volume "kube-api-access-fgbfj" : failed to sync configmap cache: timed out waiting for the condition [helmbrokerlicensesit-operator:hivemq-test-hivemq-platform-operator-6966f96d65-hf6kw]
2025-01-29 14:00:28,945 INFO c.h.h.t.HelmChartContainer - [EVENT] Normal [Pulled] Container image "docker.io/hivemq/hivemq-platform-operator-test:snapshot" already present on machine [helmbrokerlicensesit-operator:hivemq-test-hivemq-platform-operator-6966f96d65-hf6kw]
2025-01-29 14:00:28,945 INFO c.h.h.t.HelmChartContainer - Received Pulled event for container hivemq-platform-operator in pod hivemq-test-hivemq-platform-operator-6966f96d65-hf6kw [77f8e5a1-cf53-4828-9c2a-db49df4d03ed]
2025-01-29 14:00:30,190 INFO c.h.h.t.HelmChartContainer - [EVENT] Normal [Created] Created container: hivemq-platform-operator [helmbrokerlicensesit-operator:hivemq-test-hivemq-platform-operator-6966f96d65-hf6kw]
2025-01-29 14:00:30,190 INFO c.h.h.t.HelmChartContainer - Received Created event for container hivemq-platform-operator in pod hivemq-test-hivemq-platform-operator-6966f96d65-hf6kw [77f8e5a1-cf53-4828-9c2a-db49df4d03ed]
2025-01-29 14:00:30,548 INFO c.h.h.t.HelmChartContainer - [K3S] [replica_set.go:679] "Finished syncing" kind="ReplicaSet" key="helmbrokerlicensesit-operator/hivemq-test-hivemq-platform-operator-6966f96d65" duration="46.146µs"
2025-01-29 14:00:30,551 INFO c.h.h.t.HelmChartContainer - [POD] hivemq-test-hivemq-platform-operator-6966f96d65-hf6kw [77f8e5a1-cf53-4828-9c2a-db49df4d03ed] in helmbrokerlicensesit-operator was MODIFIED
2025-01-29 14:00:30,565 INFO c.h.h.t.HelmChartContainer - [EVENT] Normal [Started] Started container hivemq-platform-operator [helmbrokerlicensesit-operator:hivemq-test-hivemq-platform-operator-6966f96d65-hf6kw]
2025-01-29 14:00:30,565 INFO c.h.h.t.HelmChartContainer - Received Started event for container hivemq-platform-operator in pod hivemq-test-hivemq-platform-operator-6966f96d65-hf6kw [77f8e5a1-cf53-4828-9c2a-db49df4d03ed]
2025-01-29 14:00:30,566 INFO c.h.h.t.HelmChartContainer - Started log watcher for hivemq-platform-operator in pod hivemq-test-hivemq-platform-operator-6966f96d65-hf6kw [77f8e5a1-cf53-4828-9c2a-db49df4d03ed]
2025-01-29 14:00:30,566 INFO c.h.h.t.HelmChartContainer - [hivemq-test-hivemq-platform] [hivemq-platform-operator] [77f8e5a1] -------------------------------------------------------------------------
2025-01-29 14:00:30,566 INFO c.h.h.t.HelmChartContainer - [hivemq-test-hivemq-platform] [hivemq-platform-operator] [77f8e5a1] 
2025-01-29 14:00:30,566 INFO c.h.h.t.HelmChartContainer - [hivemq-test-hivemq-platform] [hivemq-platform-operator] [77f8e5a1]                   _    _  _              __  __   ____
2025-01-29 14:00:30,566 INFO c.h.h.t.HelmChartContainer - [hivemq-test-hivemq-platform] [hivemq-platform-operator] [77f8e5a1]                  | |  | |(_)            |  \/  | / __ \
2025-01-29 14:00:30,566 INFO c.h.h.t.HelmChartContainer - [hivemq-test-hivemq-platform] [hivemq-platform-operator] [77f8e5a1]                  | |__| | _ __   __ ___ | \  / || |  | |
2025-01-29 14:00:30,566 INFO c.h.h.t.HelmChartContainer - [hivemq-test-hivemq-platform] [hivemq-platform-operator] [77f8e5a1]                  |  __  || |\ \ / // _ \| |\/| || |  | |
2025-01-29 14:00:30,566 INFO c.h.h.t.HelmChartContainer - [hivemq-test-hivemq-platform] [hivemq-platform-operator] [77f8e5a1]                  | |  | || | \ V /|  __/| |  | || |__| |
2025-01-29 14:00:30,566 INFO c.h.h.t.HelmChartContainer - [hivemq-test-hivemq-platform] [hivemq-platform-operator] [77f8e5a1]                  |_|  |_||_|  \_/  \___||_|  |_| \___\_\
2025-01-29 14:00:30,566 INFO c.h.h.t.HelmChartContainer - [hivemq-test-hivemq-platform] [hivemq-platform-operator] [77f8e5a1] 
2025-01-29 14:00:30,566 INFO c.h.h.t.HelmChartContainer - [hivemq-test-hivemq-platform] [hivemq-platform-operator] [77f8e5a1] -------------------------------------------------------------------------
2025-01-29 14:00:30,566 INFO c.h.h.t.HelmChartContainer - [hivemq-test-hivemq-platform] [hivemq-platform-operator] [77f8e5a1] 
2025-01-29 14:00:30,566 INFO c.h.h.t.HelmChartContainer - [hivemq-test-hivemq-platform] [hivemq-platform-operator] [77f8e5a1]   HiveMQ Platform Operator Start Script v1.0
2025-01-29 14:00:30,566 INFO c.h.h.t.HelmChartContainer - [hivemq-test-hivemq-platform] [hivemq-platform-operator] [77f8e5a1] 
2025-01-29 14:00:30,566 INFO c.h.h.t.HelmChartContainer - [hivemq-test-hivemq-platform] [hivemq-platform-operator] [77f8e5a1] -------------------------------------------------------------------------
2025-01-29 14:00:30,566 INFO c.h.h.t.HelmChartContainer - [hivemq-test-hivemq-platform] [hivemq-platform-operator] [77f8e5a1] 
2025-01-29 14:00:30,566 INFO c.h.h.t.HelmChartContainer - [hivemq-test-hivemq-platform] [hivemq-platform-operator] [77f8e5a1]   JAVA_OPTS: -XX:+UnlockExperimentalVMOptions -XX:InitialRAMPercentage=75 -XX:MaxRAMPercentage=75 -Duser.language=en -Duser.region=US
2025-01-29 14:00:30,566 INFO c.h.h.t.HelmChartContainer - [hivemq-test-hivemq-platform] [hivemq-platform-operator] [77f8e5a1] 
2025-01-29 14:00:30,566 INFO c.h.h.t.HelmChartContainer - [hivemq-test-hivemq-platform] [hivemq-platform-operator] [77f8e5a1]   JAVA_VERSION: 21
2025-01-29 14:00:30,566 INFO c.h.h.t.HelmChartContainer - [hivemq-test-hivemq-platform] [hivemq-platform-operator] [77f8e5a1] 
2025-01-29 14:00:30,566 INFO c.h.h.t.HelmChartContainer - [hivemq-test-hivemq-platform] [hivemq-platform-operator] [77f8e5a1] -------------------------------------------------------------------------
2025-01-29 14:00:30,566 INFO c.h.h.t.HelmChartContainer - [hivemq-test-hivemq-platform] [hivemq-platform-operator] [77f8e5a1] 
2025-01-29 14:00:33,466 INFO c.h.h.t.HelmChartContainer - [hivemq-test-hivemq-platform] [hivemq-platform-operator] [77f8e5a1] 14:00:33.463 [main] DEBUG org.jboss.logging - Logging Provider: org.jboss.logging.Slf4jLoggerProvider
2025-01-29 14:00:33,571 INFO c.h.h.t.HelmChartContainer - [hivemq-test-hivemq-platform] [hivemq-platform-operator] [77f8e5a1] 14:00:33.570 [main] DEBUG io.smallrye.config - SRCFG01006: Loaded ConfigSource SysPropConfigSource with ordinal 400
2025-01-29 14:00:33,571 INFO c.h.h.t.HelmChartContainer - [hivemq-test-hivemq-platform] [hivemq-platform-operator] [77f8e5a1] 14:00:33.570 [main] DEBUG io.smallrye.config - SRCFG01006: Loaded ConfigSource EnvConfigSource with ordinal 300
2025-01-29 14:00:33,571 INFO c.h.h.t.HelmChartContainer - [hivemq-test-hivemq-platform] [hivemq-platform-operator] [77f8e5a1] 14:00:33.570 [main] DEBUG io.smallrye.config - SRCFG01006: Loaded ConfigSource PropertiesConfigSource[source=jar:file:///opt/hivemq-platform-operator/bin/hivemq-platform-operator.jar!/hivemq-platform-operator.properties] with ordinal 100
2025-01-29 14:00:33,572 INFO c.h.h.t.HelmChartContainer - [hivemq-test-hivemq-platform] [hivemq-platform-operator] [77f8e5a1] 14:00:33.570 [main] DEBUG io.smallrye.config - SRCFG01006: Loaded ConfigSource DefaultValuesConfigSource with ordinal -2147483648
2025-01-29 14:00:33,754 INFO c.h.h.t.HelmChartContainer - [hivemq-test-hivemq-platform] [hivemq-platform-operator] [77f8e5a1] 14:00:33.753 [main] DEBUG i.m.c.u.i.l.InternalLoggerFactory - Using SLF4J as the default logging framework
2025-01-29 14:00:33,878 INFO c.h.h.t.HelmChartContainer - [hivemq-test-hivemq-platform] [hivemq-platform-operator] [77f8e5a1] 14:00:33.871 [main] INFO  c.h.p.o.HiveMQPlatformOperatorApplication - HiveMQ Platform Operator 1.7.0-SNAPSHOT (commit: bebf408 on branch: HEAD) built on Sun Jan 26 20:47:47 UTC 2025
2025-01-29 14:00:33,878 INFO c.h.h.t.HelmChartContainer - [hivemq-test-hivemq-platform] [hivemq-platform-operator] [77f8e5a1] 14:00:33.877 [main] INFO  c.h.p.o.HiveMQPlatformOperatorApplication - HiveMQ Platform Operator is running in namespace: helmbrokerlicensesit-operator
2025-01-29 14:00:33,878 INFO c.h.h.t.HelmChartContainer - [hivemq-test-hivemq-platform] [hivemq-platform-operator] [77f8e5a1] 14:00:33.877 [main] INFO  c.h.p.o.HiveMQPlatformOperatorApplication - Watching all namespaces
2025-01-29 14:00:33,878 INFO c.h.h.t.HelmChartContainer - [hivemq-test-hivemq-platform] [hivemq-platform-operator] [77f8e5a1] 14:00:33.878 [main] INFO  c.h.p.o.HiveMQPlatformOperatorApplication - Log level: DEBUG
2025-01-29 14:00:33,879 INFO c.h.h.t.HelmChartContainer - [hivemq-test-hivemq-platform] [hivemq-platform-operator] [77f8e5a1] 14:00:33.878 [main] INFO  c.h.p.o.HiveMQPlatformOperatorApplication - Release name: test-hivemq-platform-operator
2025-01-29 14:00:33,879 INFO c.h.h.t.HelmChartContainer - [hivemq-test-hivemq-platform] [hivemq-platform-operator] [77f8e5a1] 14:00:33.878 [main] INFO  c.h.p.o.HiveMQPlatformOperatorApplication - HiveMQ Platform Operator Init image: docker.io/hivemq/hivemq-platform-operator-init-test:snapshot
2025-01-29 14:00:33,879 INFO c.h.h.t.HelmChartContainer - [hivemq-test-hivemq-platform] [hivemq-platform-operator] [77f8e5a1] 14:00:33.878 [main] INFO  c.h.p.o.HiveMQPlatformOperatorApplication - HiveMQ Platform Operator Init App update URL: http://hivemq-platform-operator-test-hivemq-platform-operator.helmbrokerlicensesit-operator.svc:8080/initAppUpdate/hivemq-platform-operator-init-app-1.7.0-SNAPSHOT.jar
2025-01-29 14:00:33,879 INFO c.h.h.t.HelmChartContainer - [hivemq-test-hivemq-platform] [hivemq-platform-operator] [77f8e5a1] 14:00:33.878 [main] INFO  c.h.p.o.HiveMQPlatformOperatorApplication - Additional imagePullSecret for all Platform deployments: none
2025-01-29 14:00:33,879 INFO c.h.h.t.HelmChartContainer - [hivemq-test-hivemq-platform] [hivemq-platform-operator] [77f8e5a1] 14:00:33.878 [main] INFO  c.h.p.o.HiveMQPlatformOperatorApplication - Apply HiveMQ Platform CRD: true
2025-01-29 14:00:33,879 INFO c.h.h.t.HelmChartContainer - [hivemq-test-hivemq-platform] [hivemq-platform-operator] [77f8e5a1] 14:00:33.878 [main] INFO  c.h.p.o.HiveMQPlatformOperatorApplication - Create Platform ServiceAccount: true
2025-01-29 14:00:33,879 INFO c.h.h.t.HelmChartContainer - [hivemq-test-hivemq-platform] [hivemq-platform-operator] [77f8e5a1] 14:00:33.878 [main] INFO  c.h.p.o.HiveMQPlatformOperatorApplication - Create Platform ServiceAccount permissions: true
2025-01-29 14:00:33,879 INFO c.h.h.t.HelmChartContainer - [hivemq-test-hivemq-platform] [hivemq-platform-operator] [77f8e5a1] 14:00:33.878 [main] INFO  c.h.p.o.HiveMQPlatformOperatorApplication - Validate Platform ServiceAccount: true
2025-01-29 14:00:33,879 INFO c.h.h.t.HelmChartContainer - [hivemq-test-hivemq-platform] [hivemq-platform-operator] [77f8e5a1] 14:00:33.878 [main] INFO  c.h.p.o.HiveMQPlatformOperatorApplication - Validate Platform ServiceAccount permissions: true
2025-01-29 14:00:34,066 INFO c.h.h.t.HelmChartContainer - [hivemq-test-hivemq-platform] [hivemq-platform-operator] [77f8e5a1] 14:00:34.065 [main] INFO  c.h.platform.operator.util.CRDUtil - Verifying deployed HiveMQ Platform CRD...
2025-01-29 14:00:36,462 INFO c.h.h.t.HelmChartContainer - [hivemq-test-hivemq-platform] [hivemq-platform-operator] [77f8e5a1] 14:00:36.461 [main] DEBUG c.h.platform.operator.util.CRDUtil - HiveMQ Platform CRD version v1 is up to date
2025-01-29 14:00:36,463 INFO c.h.h.t.HelmChartContainer - [hivemq-test-hivemq-platform] [hivemq-platform-operator] [77f8e5a1] 14:00:36.461 [main] INFO  c.h.platform.operator.util.CRDUtil - HiveMQ Platform CRD is up to date (version: V1_6_0)
2025-01-29 14:00:36,463 INFO c.h.h.t.HelmChartContainer - [hivemq-test-hivemq-platform] [hivemq-platform-operator] [77f8e5a1] 14:00:36.461 [main] INFO  c.h.platform.operator.util.CRDUtil - Waiting 10000 ms for HiveMQ Platform CRD 'hivemq-platforms.hivemq.com' to become ready...
2025-01-29 14:00:36,765 INFO c.h.h.t.HelmChartContainer - [hivemq-test-hivemq-platform] [hivemq-platform-operator] [77f8e5a1] 14:00:36.764 [vert.x-eventloop-thread-1] DEBUG c.h.platform.operator.util.CRDUtil - Checking CRD condition 'NamesAccepted' (status: 'True')
2025-01-29 14:00:36,767 INFO c.h.h.t.HelmChartContainer - [hivemq-test-hivemq-platform] [hivemq-platform-operator] [77f8e5a1] 14:00:36.765 [vert.x-eventloop-thread-1] DEBUG c.h.platform.operator.util.CRDUtil - Checking CRD condition 'Established' (status: 'True')
2025-01-29 14:00:36,767 INFO c.h.h.t.HelmChartContainer - [hivemq-test-hivemq-platform] [hivemq-platform-operator] [77f8e5a1] 14:00:36.765 [main] INFO  c.h.platform.operator.util.CRDUtil - HiveMQ Platform CRD 'hivemq-platforms.hivemq.com' is ready
2025-01-29 14:00:36,875 INFO c.h.h.t.HelmChartContainer - [hivemq-test-hivemq-platform] [hivemq-platform-operator] [77f8e5a1] 14:00:36.874 [main] INFO  c.h.p.o.HiveMQPlatformReconciler - HiveMQ Platform Operator is starting...
2025-01-29 14:00:36,969 INFO c.h.h.t.HelmChartContainer - [hivemq-test-hivemq-platform] [hivemq-platform-operator] [77f8e5a1] 14:00:36.968 [main] WARN  Default ConfigurationService implementation - Configuration for reconciler 'hivemq-controller' was not found. Known reconcilers: None.
2025-01-29 14:00:36,976 INFO c.h.h.t.HelmChartContainer - [hivemq-test-hivemq-platform] [hivemq-platform-operator] [77f8e5a1] 14:00:36.975 [main] INFO  Default ConfigurationService implementation - Created configuration for reconciler com.hivemq.platform.operator.HiveMQPlatformReconciler with name hivemq-controller
2025-01-29 14:00:37,150 INFO c.h.h.t.HelmChartContainer - [hivemq-test-hivemq-platform] [hivemq-platform-operator] [77f8e5a1] 14:00:37.149 [main] DEBUG c.h.p.o.HiveMQPlatformReconciler - HiveMQ Platform Operator is preparing EventSources
2025-01-29 14:00:37,164 INFO c.h.h.t.HelmChartContainer - [hivemq-test-hivemq-platform] [hivemq-platform-operator] [77f8e5a1] 14:00:37.163 [main] INFO  i.javaoperatorsdk.operator.Operator - Registered reconciler: 'hivemq-controller' for resource: 'class com.hivemq.platform.operator.v1.HiveMQPlatform' for namespace(s): [all namespaces]
2025-01-29 14:00:37,673 INFO c.h.h.t.HelmChartContainer - [hivemq-test-hivemq-platform] [hivemq-platform-operator] [77f8e5a1] 14:00:37.672 [main] INFO  c.h.p.operator.webserver.JettyServer - Starting Jetty server on port 8080
2025-01-29 14:00:37,763 INFO c.h.h.t.HelmChartContainer - [hivemq-test-hivemq-platform] [hivemq-platform-operator] [77f8e5a1] 14:00:37.762 [main] INFO  i.javaoperatorsdk.operator.Operator - Operator SDK 4.9.7 (commit: 2133d28) built on Wed Nov 20 12:56:20 UTC 2024 starting...
2025-01-29 14:00:37,764 INFO c.h.h.t.HelmChartContainer - [hivemq-test-hivemq-platform] [hivemq-platform-operator] [77f8e5a1] 14:00:37.762 [main] INFO  i.javaoperatorsdk.operator.Operator - Client version: 6.13.4
2025-01-29 14:00:37,764 INFO c.h.h.t.HelmChartContainer - [hivemq-test-hivemq-platform] [hivemq-platform-operator] [77f8e5a1] 14:00:37.763 [Controller Starter for: hivemq-controller] INFO  i.j.operator.processing.Controller - Starting 'hivemq-controller' controller for reconciler: com.hivemq.platform.operator.HiveMQPlatformReconciler, resource: com.hivemq.platform.operator.v1.HiveMQPlatform
2025-01-29 14:00:40,248 INFO c.h.h.t.HelmChartContainer - [hivemq-test-hivemq-platform] [hivemq-platform-operator] [77f8e5a1] 14:00:40.246 [Controller Starter for: hivemq-controller] INFO  i.j.operator.processing.Controller - 'hivemq-controller' controller started
2025-01-29 14:00:40,248 INFO c.h.h.t.HelmChartContainer - [hivemq-test-hivemq-platform] [hivemq-platform-operator] [77f8e5a1] 14:00:40.247 [main] INFO  c.h.p.o.HiveMQPlatformOperatorApplication - HiveMQ Platform Operator 1.7.0-SNAPSHOT started in 6375 ms
2025-01-29 14:00:41,556 INFO c.h.h.t.HelmChartContainer - [POD] hivemq-test-hivemq-platform-operator-6966f96d65-hf6kw [77f8e5a1-cf53-4828-9c2a-db49df4d03ed] in helmbrokerlicensesit-operator was MODIFIED
2025-01-29 14:00:41,561 INFO c.h.h.t.HelmChartContainer - [K3S] [replica_set.go:679] "Finished syncing" kind="ReplicaSet" key="helmbrokerlicensesit-operator/hivemq-test-hivemq-platform-operator-6966f96d65" duration="10.152436ms"
2025-01-29 14:00:41,562 INFO c.h.h.t.HelmChartContainer - [K3S] [replica_set.go:679] "Finished syncing" kind="ReplicaSet" key="helmbrokerlicensesit-operator/hivemq-test-hivemq-platform-operator-6966f96d65" duration="44.362µs"
2025-01-29 14:00:43,093 INFO c.h.h.testcontainer.LogWaiterUtil - TEST Waiting for log pattern on 'test-hivemq-platform-0': .*License file license.lic is corrupt.
2025-01-29 14:00:43,157 DEBUG c.h.h.t.HelmChartContainer - Executing helm command: /bin/helm --kubeconfig /etc/rancher/k3s/k3s.yaml install test-hivemq-platform /charts/hivemq-platform --wait --timeout 5m0s --set image.repository=docker.io/hivemq --set image.tag=4.36.0 --set image.pullPolicy=Never --set nodes.resources.cpu=512m --set nodes.replicaCount=1 --set license.create=true --set-file license.overrideLicense=/files/mock-license.lic --namespace helmbrokerlicensesit
2025-01-29 14:00:43,463 INFO c.h.h.t.HelmChartContainer - [hivemq-test-hivemq-platform] [hivemq-platform-operator] [77f8e5a1] 14:00:43.461 [-373097727-pool-1-thread-4] WARN  i.m.p.PrometheusMeterRegistry - The meter (MeterId{name='operator.sdk.events.received', tags=[tag(action=ADDED),tag(event=ResourceEvent),tag(group=hivemq.com),tag(kind=HiveMQPlatform),tag(name=test-hivemq-platform),tag(namespace=helmbrokerlicensesit),tag(scope=namespace),tag(version=v1)]}) registration has failed: Prometheus requires that all meters with the same name have the same set of tag keys. There is already an existing meter named 'operator.sdk.events.received' containing tag keys [event, group, kind, name, namespace, scope, version]. The meter you are attempting to register has keys [action, event, group, kind, name, namespace, scope, version]. Note that subsequent logs will be logged at debug level.
2025-01-29 14:00:43,962 INFO c.h.h.t.HelmChartContainer - [hivemq-test-hivemq-platform] [hivemq-platform-operator] [77f8e5a1] 14:00:43.959 [pool-6-thread-3] DEBUG c.h.p.o.dependants.PodInfoConfigMap - [helmbrok] Desired PodInfo ConfigMap (1 extensions) (1 enabled)
2025-01-29 14:00:43,962 INFO c.h.h.t.HelmChartContainer - [hivemq-test-hivemq-platform] [hivemq-platform-operator] [77f8e5a1] 14:00:43.960 [pool-6-thread-3] DEBUG c.h.p.o.dependants.PodInfoConfigMap - [helmbrok] Desired PodInfo ConfigMap (metrics port: 9399) (metrics path: /)
2025-01-29 14:00:43,962 INFO c.h.h.t.HelmChartContainer - [hivemq-test-hivemq-platform] [hivemq-platform-operator] [77f8e5a1] 14:00:43.960 [pool-6-thread-3] DEBUG c.h.p.o.dependants.PodInfoConfigMap - [helmbrok] Desired PodInfo ConfigMap (extension state hash: -1817474005)
2025-01-29 14:00:43,963 INFO c.h.h.t.HelmChartContainer - [hivemq-test-hivemq-platform] [hivemq-platform-operator] [77f8e5a1] 14:00:43.961 [pool-6-thread-3] DEBUG c.h.p.o.dependants.PodInfoConfigMap - [helmbrok] Create PodInfo ConfigMap
2025-01-29 14:00:44,067 INFO c.h.h.t.HelmChartContainer - [hivemq-test-hivemq-platform] [hivemq-platform-operator] [77f8e5a1] 14:00:44.064 [pool-6-thread-5] DEBUG c.h.p.o.dependants.PodRoleResource - [helmbrok] Create Role: Role(apiVersion=rbac.authorization.k8s.io/v1, kind=Role, metadata=ObjectMeta(annotations={meta.helm.sh/release-name=test-hivemq-platform, meta.helm.sh/release-namespace=helmbrokerlicensesit}, creationTimestamp=null, deletionGracePeriodSeconds=null, deletionTimestamp=null, finalizers=[], generateName=null, generation=null, labels={helm.sh/chart=hivemq-platform-0.2.32, app.kubernetes.io/managed-by=Helm, app.kubernetes.io/name=hivemq-platform, hivemq-platform=test-hivemq-platform, app.kubernetes.io/instance=test-hivemq-platform, app.kubernetes.io/version=4.36.0}, managedFields=[], name=hivemq-platform-role-test-hivemq-platform, namespace=helmbrokerlicensesit, ownerReferences=[OwnerReference(apiVersion=hivemq.com/v1, blockOwnerDeletion=null, controller=null, kind=HiveMQPlatform, name=test-hivemq-platform, uid=12861125-a394-4d45-a7b9-fa5d253736e4, additionalProperties={})], resourceVersion=null, selfLink=null, uid=null, additionalProperties={}), rules=[PolicyRule(apiGroups=[], nonResourceURLs=[], resourceNames=[], resources=[pods], verbs=[get, patch, update], additionalProperties={})], additionalProperties={})
2025-01-29 14:00:44,168 INFO c.h.h.t.HelmChartContainer - [hivemq-test-hivemq-platform] [hivemq-platform-operator] [77f8e5a1] 14:00:44.165 [pool-6-thread-7] DEBUG c.h.p.o.d.PodServiceAccountResource - [helmbrok] Desired PodServiceAccountResource (serviceAccountName: hivemq-platform-pod-test-hivemq-platform)
2025-01-29 14:00:44,168 INFO c.h.h.t.HelmChartContainer - [hivemq-test-hivemq-platform] [hivemq-platform-operator] [77f8e5a1] 14:00:44.166 [pool-6-thread-7] DEBUG c.h.p.o.d.PodServiceAccountResource - [helmbrok] Create ServiceAccount 'hivemq-platform-pod-test-hivemq-platform'
2025-01-29 14:00:44,273 INFO c.h.h.t.HelmChartContainer - [hivemq-test-hivemq-platform] [hivemq-platform-operator] [77f8e5a1] 14:00:44.271 [pool-6-thread-9] DEBUG c.h.p.o.d.PodRoleBindingResource - [helmbrok] Create RoleBinding: RoleBinding(apiVersion=rbac.authorization.k8s.io/v1, kind=RoleBinding, metadata=ObjectMeta(annotations={meta.helm.sh/release-name=test-hivemq-platform, meta.helm.sh/release-namespace=helmbrokerlicensesit}, creationTimestamp=null, deletionGracePeriodSeconds=null, deletionTimestamp=null, finalizers=[], generateName=null, generation=null, labels={helm.sh/chart=hivemq-platform-0.2.32, app.kubernetes.io/managed-by=Helm, app.kubernetes.io/name=hivemq-platform, hivemq-platform=test-hivemq-platform, app.kubernetes.io/instance=test-hivemq-platform, app.kubernetes.io/version=4.36.0}, managedFields=[], name=hivemq-platform-role-binding-test-hivemq-platform, namespace=helmbrokerlicensesit, ownerReferences=[OwnerReference(apiVersion=hivemq.com/v1, blockOwnerDeletion=null, controller=null, kind=HiveMQPlatform, name=test-hivemq-platform, uid=12861125-a394-4d45-a7b9-fa5d253736e4, additionalProperties={})], resourceVersion=null, selfLink=null, uid=null, additionalProperties={}), roleRef=RoleRef(apiGroup=rbac.authorization.k8s.io, kind=Role, name=hivemq-platform-role-test-hivemq-platform, additionalProperties={}), subjects=[Subject(apiGroup=null, kind=ServiceAccount, name=hivemq-platform-pod-test-hivemq-platform, namespace=helmbrokerlicensesit, additionalProperties={})], additionalProperties={})
2025-01-29 14:00:44,363 INFO c.h.h.t.HelmChartContainer - [hivemq-test-hivemq-platform] [hivemq-platform-operator] [77f8e5a1] 14:00:44.361 [ReconcilerExecutor-hivemq-controller-53] INFO  c.h.p.o.HiveMQPlatformReconciler - [helmbrok] Reconciling HiveMQ Platform 'test-hivemq-platform' in namespace 'helmbrokerlicensesit'
2025-01-29 14:00:44,363 INFO c.h.h.t.HelmChartContainer - [hivemq-test-hivemq-platform] [hivemq-platform-operator] [77f8e5a1] 14:00:44.362 [ReconcilerExecutor-hivemq-controller-53] DEBUG c.h.p.o.HiveMQPlatformReconciler - [helmbrok] Custom Resource Status CREATED - HiveMQ Platform was created (READY)
2025-01-29 14:00:44,363 INFO c.h.h.t.HelmChartContainer - [hivemq-test-hivemq-platform] [hivemq-platform-operator] [77f8e5a1] 14:00:44.362 [ReconcilerExecutor-hivemq-controller-53] DEBUG c.h.p.o.HiveMQPlatformReconciler - [helmbrok] Custom Resource Spec (replicas: 1) (extensions: 1)
2025-01-29 14:00:44,366 INFO c.h.h.t.HelmChartContainer - [hivemq-test-hivemq-platform] [hivemq-platform-operator] [77f8e5a1] 14:00:44.365 [ReconcilerExecutor-hivemq-controller-53] INFO  c.h.p.o.h.HiveMQPlatformReconcilerBaseHandler - [helmbrok] HiveMQ Platform is starting
2025-01-29 14:00:44,464 INFO c.h.h.t.HelmChartContainer - [hivemq-test-hivemq-platform] [hivemq-platform-operator] [77f8e5a1] 14:00:44.463 [ReconcilerExecutor-hivemq-controller-53] DEBUG c.h.p.operator.event.EventSender - [helmbrok] Creating K8s event hivemq-platform-starting: [Start] HiveMQ Platform is starting
2025-01-29 14:00:44,473 INFO c.h.h.t.HelmChartContainer - [EVENT] Normal [Start] HiveMQ Platform is starting [helmbrokerlicensesit:test-hivemq-platform]
2025-01-29 14:00:44,478 INFO c.h.h.t.HelmChartContainer - [hivemq-test-hivemq-platform] [hivemq-platform-operator] [77f8e5a1] 14:00:44.477 [ReconcilerExecutor-hivemq-controller-53] INFO  c.h.p.o.h.AbstractHiveMQReconcilerStateHandler - [helmbrok] Update HiveMQ Platform Status (CREATED [READY] -> STARTING [READY]): HiveMQ Platform is starting
2025-01-29 14:00:44,570 DEBUG com.hivemq.helmcharts.util.K8sUtil - Comparing actual state 'STARTING' and waiting for 'RUNNING'
2025-01-29 14:00:53,395 INFO c.h.h.t.HelmChartContainer - [K3S] [range_allocator.go:247] "Successfully synced" key="a5210c6ce14a"
2025-01-29 14:00:54,582 INFO c.h.h.t.HelmChartContainer - [hivemq-test-hivemq-platform] [hivemq-platform-operator] [77f8e5a1] 14:00:54.580 [pool-6-thread-12] DEBUG c.h.p.o.d.PlatformServiceResource - [helmbrok] Desired Platform services (3 services)
2025-01-29 14:00:54,583 INFO c.h.h.t.HelmChartContainer - [hivemq-test-hivemq-platform] [hivemq-platform-operator] [77f8e5a1] 14:00:54.583 [pool-6-thread-13] DEBUG c.h.p.o.dependants.PodInfoConfigMap - [helmbrok] Desired PodInfo ConfigMap (1 extensions) (1 enabled)
2025-01-29 14:00:54,584 INFO c.h.h.t.HelmChartContainer - [hivemq-test-hivemq-platform] [hivemq-platform-operator] [77f8e5a1] 14:00:54.583 [pool-6-thread-13] DEBUG c.h.p.o.dependants.PodInfoConfigMap - [helmbrok] Desired PodInfo ConfigMap (metrics port: 9399) (metrics path: /)
2025-01-29 14:00:54,584 INFO c.h.h.t.HelmChartContainer - [hivemq-test-hivemq-platform] [hivemq-platform-operator] [77f8e5a1] 14:00:54.583 [pool-6-thread-13] DEBUG c.h.p.o.dependants.PodInfoConfigMap - [helmbrok] Desired PodInfo ConfigMap (extension state hash: -1817474005)
2025-01-29 14:00:54,586 INFO c.h.h.t.HelmChartContainer - [hivemq-test-hivemq-platform] [hivemq-platform-operator] [77f8e5a1] 14:00:54.585 [pool-6-thread-17] DEBUG c.h.p.o.d.PodServiceAccountResource - [helmbrok] Desired PodServiceAccountResource (serviceAccountName: hivemq-platform-pod-test-hivemq-platform)
2025-01-29 14:00:54,592 INFO c.h.h.t.HelmChartContainer - [hivemq-test-hivemq-platform] [hivemq-platform-operator] [77f8e5a1] 14:00:54.591 [pool-6-thread-13] DEBUG c.h.p.o.dependants.PodInfoConfigMap - [helmbrok] Update PodInfo ConfigMap
2025-01-29 14:00:54,672 INFO c.h.h.t.HelmChartContainer - [K3S] [alloc.go:330] "allocated clusterIPs" service="helmbrokerlicensesit/hivemq-test-hivemq-platform-metrics-9399" clusterIPs={"IPv4":"10.43.195.212"}
2025-01-29 14:00:54,765 INFO c.h.h.t.HelmChartContainer - [K3S] [alloc.go:330] "allocated clusterIPs" service="helmbrokerlicensesit/hivemq-test-hivemq-platform-cc-8080" clusterIPs={"IPv4":"10.43.22.185"}
2025-01-29 14:00:54,777 INFO c.h.h.t.HelmChartContainer - [K3S] [alloc.go:330] "allocated clusterIPs" service="helmbrokerlicensesit/hivemq-test-hivemq-platform-mqtt-1883" clusterIPs={"IPv4":"10.43.92.207"}
2025-01-29 14:00:54,862 INFO c.h.h.t.HelmChartContainer - [hivemq-test-hivemq-platform] [hivemq-platform-operator] [77f8e5a1] 14:00:54.860 [pool-6-thread-20] DEBUG c.h.p.o.d.StatefulSetResource - [helmbrok] Desired StatefulSet (1 replicas) for status STARTING (READY)
2025-01-29 14:00:54,873 INFO c.h.h.t.HelmChartContainer - [hivemq-test-hivemq-platform] [hivemq-platform-operator] [77f8e5a1] 14:00:54.872 [pool-6-thread-20] DEBUG c.h.p.o.d.StatefulSetResource - [helmbrok] Create StatefulSet
2025-01-29 14:00:54,972 INFO c.h.h.t.HelmChartContainer - [hivemq-test-hivemq-platform] [hivemq-platform-operator] [77f8e5a1] 14:00:54.968 [ReconcilerExecutor-hivemq-controller-64] INFO  c.h.p.o.HiveMQPlatformReconciler - [helmbrok] Reconciling HiveMQ Platform 'test-hivemq-platform' in namespace 'helmbrokerlicensesit'
2025-01-29 14:00:54,972 INFO c.h.h.t.HelmChartContainer - [hivemq-test-hivemq-platform] [hivemq-platform-operator] [77f8e5a1] 14:00:54.969 [ReconcilerExecutor-hivemq-controller-64] DEBUG c.h.p.o.HiveMQPlatformReconciler - [helmbrok] Custom Resource Status STARTING - HiveMQ Platform is starting (READY)
2025-01-29 14:00:54,972 INFO c.h.h.t.HelmChartContainer - [hivemq-test-hivemq-platform] [hivemq-platform-operator] [77f8e5a1] 14:00:54.969 [ReconcilerExecutor-hivemq-controller-64] DEBUG c.h.p.o.HiveMQPlatformReconciler - [helmbrok] Custom Resource Spec (replicas: 1) (extensions: 1)
2025-01-29 14:00:54,982 INFO c.h.h.t.HelmChartContainer - [hivemq-test-hivemq-platform] [hivemq-platform-operator] [77f8e5a1] 14:00:54.978 [ReconcilerExecutor-hivemq-controller-64] DEBUG c.h.p.o.HiveMQPlatformReconciler - [helmbrok] StatefulSet Status (revision: null, replicas: 0, available: 0, ready: 0, current: 0, updated: 0)
2025-01-29 14:00:54,983 INFO c.h.h.t.HelmChartContainer - [EVENT] Normal [SuccessfulCreate] create Pod test-hivemq-platform-0 in StatefulSet test-hivemq-platform successful [helmbrokerlicensesit:test-hivemq-platform]
2025-01-29 14:00:54,984 INFO c.h.h.t.HelmChartContainer - [hivemq-test-hivemq-platform] [hivemq-platform-operator] [77f8e5a1] 14:00:54.978 [ReconcilerExecutor-hivemq-controller-64] DEBUG c.h.p.o.HiveMQPlatformReconciler - [helmbrok] StatefulSet Spec (replicas: 1, init containers: 1, containers: 1, volumes: 4)
2025-01-29 14:00:54,985 INFO c.h.h.t.HelmChartContainer - [POD] test-hivemq-platform-0 [d24a37ec-97d6-48dc-8147-cc9b5c1786ac] in helmbrokerlicensesit was ADDED
2025-01-29 14:00:54,986 INFO c.h.h.t.HelmChartContainer - [POD] test-hivemq-platform-0 [d24a37ec-97d6-48dc-8147-cc9b5c1786ac] in helmbrokerlicensesit was MODIFIED
2025-01-29 14:00:54,992 INFO c.h.h.t.HelmChartContainer - [EVENT] Normal [Scheduled] Successfully assigned helmbrokerlicensesit/test-hivemq-platform-0 to a5210c6ce14a [helmbrokerlicensesit:test-hivemq-platform-0]
2025-01-29 14:00:54,998 INFO c.h.h.t.HelmChartContainer - [POD] test-hivemq-platform-0 [d24a37ec-97d6-48dc-8147-cc9b5c1786ac] in helmbrokerlicensesit was MODIFIED
2025-01-29 14:00:55,063 INFO c.h.h.t.HelmChartContainer - [hivemq-test-hivemq-platform] [hivemq-platform-operator] [77f8e5a1] 14:00:54.983 [ReconcilerExecutor-hivemq-controller-64] INFO  c.h.p.o.h.HiveMQPlatformReconcilerBaseHandler - [helmbrok] HiveMQ Platform is starting, 0 of 1 replicas are ready
2025-01-29 14:00:55,068 INFO c.h.h.t.HelmChartContainer - [hivemq-test-hivemq-platform] [hivemq-platform-operator] [77f8e5a1] 14:00:55.067 [pool-6-thread-22] DEBUG c.h.p.o.d.PlatformServiceResource - [helmbrok] Desired Platform services (3 services)
2025-01-29 14:00:55,071 INFO c.h.h.t.HelmChartContainer - [hivemq-test-hivemq-platform] [hivemq-platform-operator] [77f8e5a1] 14:00:55.069 [pool-6-thread-23] DEBUG c.h.p.o.dependants.PodInfoConfigMap - [helmbrok] Desired PodInfo ConfigMap (1 extensions) (1 enabled)
2025-01-29 14:00:55,073 INFO c.h.h.t.HelmChartContainer - [hivemq-test-hivemq-platform] [hivemq-platform-operator] [77f8e5a1] 14:00:55.071 [pool-6-thread-27] DEBUG c.h.p.o.d.PodServiceAccountResource - [helmbrok] Desired PodServiceAccountResource (serviceAccountName: hivemq-platform-pod-test-hivemq-platform)
2025-01-29 14:00:55,073 INFO c.h.h.t.HelmChartContainer - [hivemq-test-hivemq-platform] [hivemq-platform-operator] [77f8e5a1] 14:00:55.072 [pool-6-thread-23] DEBUG c.h.p.o.dependants.PodInfoConfigMap - [helmbrok] Desired PodInfo ConfigMap (metrics port: 9399) (metrics path: /)
2025-01-29 14:00:55,074 INFO c.h.h.t.HelmChartContainer - [hivemq-test-hivemq-platform] [hivemq-platform-operator] [77f8e5a1] 14:00:55.073 [pool-6-thread-23] DEBUG c.h.p.o.dependants.PodInfoConfigMap - [helmbrok] Desired PodInfo ConfigMap (extension state hash: -1817474005)
2025-01-29 14:00:55,092 INFO c.h.h.t.HelmChartContainer - [K3S] [reconciler_common.go:251] "operationExecutor.VerifyControllerAttachedVolume started for volume \"operator-init\" (UniqueName: \"kubernetes.io/empty-dir/d24a37ec-97d6-48dc-8147-cc9b5c1786ac-operator-init\") pod \"test-hivemq-platform-0\" (UID: \"d24a37ec-97d6-48dc-8147-cc9b5c1786ac\") " pod="helmbrokerlicensesit/test-hivemq-platform-0"
2025-01-29 14:00:55,092 INFO c.h.h.t.HelmChartContainer - [K3S] [reconciler_common.go:251] "operationExecutor.VerifyControllerAttachedVolume started for volume \"licenses\" (UniqueName: \"kubernetes.io/secret/d24a37ec-97d6-48dc-8147-cc9b5c1786ac-licenses\") pod \"test-hivemq-platform-0\" (UID: \"d24a37ec-97d6-48dc-8147-cc9b5c1786ac\") " pod="helmbrokerlicensesit/test-hivemq-platform-0"
2025-01-29 14:00:55,093 INFO c.h.h.t.HelmChartContainer - [K3S] [reconciler_common.go:251] "operationExecutor.VerifyControllerAttachedVolume started for volume \"broker-configuration\" (UniqueName: \"kubernetes.io/configmap/d24a37ec-97d6-48dc-8147-cc9b5c1786ac-broker-configuration\") pod \"test-hivemq-platform-0\" (UID: \"d24a37ec-97d6-48dc-8147-cc9b5c1786ac\") " pod="helmbrokerlicensesit/test-hivemq-platform-0"
2025-01-29 14:00:55,093 INFO c.h.h.t.HelmChartContainer - [K3S] [reconciler_common.go:251] "operationExecutor.VerifyControllerAttachedVolume started for volume \"pod-info\" (UniqueName: \"kubernetes.io/configmap/d24a37ec-97d6-48dc-8147-cc9b5c1786ac-pod-info\") pod \"test-hivemq-platform-0\" (UID: \"d24a37ec-97d6-48dc-8147-cc9b5c1786ac\") " pod="helmbrokerlicensesit/test-hivemq-platform-0"
2025-01-29 14:00:55,093 INFO c.h.h.t.HelmChartContainer - [K3S] [reconciler_common.go:251] "operationExecutor.VerifyControllerAttachedVolume started for volume \"kube-api-access-tmfcq\" (UniqueName: \"kubernetes.io/projected/d24a37ec-97d6-48dc-8147-cc9b5c1786ac-kube-api-access-tmfcq\") pod \"test-hivemq-platform-0\" (UID: \"d24a37ec-97d6-48dc-8147-cc9b5c1786ac\") " pod="helmbrokerlicensesit/test-hivemq-platform-0"
2025-01-29 14:00:55,167 INFO c.h.h.t.HelmChartContainer - [hivemq-test-hivemq-platform] [hivemq-platform-operator] [77f8e5a1] 14:00:55.165 [pool-6-thread-30] DEBUG c.h.p.o.d.StatefulSetResource - [helmbrok] Desired StatefulSet (1 replicas) for status STARTING (READY)
2025-01-29 14:00:55,171 INFO c.h.h.t.HelmChartContainer - [hivemq-test-hivemq-platform] [hivemq-platform-operator] [77f8e5a1] 14:00:55.170 [ReconcilerExecutor-hivemq-controller-75] INFO  c.h.p.o.HiveMQPlatformReconciler - [helmbrok] Reconciling HiveMQ Platform 'test-hivemq-platform' in namespace 'helmbrokerlicensesit'
2025-01-29 14:00:55,171 INFO c.h.h.t.HelmChartContainer - [hivemq-test-hivemq-platform] [hivemq-platform-operator] [77f8e5a1] 14:00:55.170 [ReconcilerExecutor-hivemq-controller-75] DEBUG c.h.p.o.HiveMQPlatformReconciler - [helmbrok] Custom Resource Status STARTING - HiveMQ Platform is starting (READY)
2025-01-29 14:00:55,172 INFO c.h.h.t.HelmChartContainer - [hivemq-test-hivemq-platform] [hivemq-platform-operator] [77f8e5a1] 14:00:55.170 [ReconcilerExecutor-hivemq-controller-75] DEBUG c.h.p.o.HiveMQPlatformReconciler - [helmbrok] Custom Resource Spec (replicas: 1) (extensions: 1)
2025-01-29 14:00:55,261 INFO c.h.h.t.HelmChartContainer - [hivemq-test-hivemq-platform] [hivemq-platform-operator] [77f8e5a1] 14:00:55.259 [ReconcilerExecutor-hivemq-controller-75] DEBUG c.h.p.o.HiveMQPlatformReconciler - [helmbrok] StatefulSet Status (revision: test-hivemq-platform-6994fc54f5, replicas: 1, available: 0, ready: 0, current: 1, updated: 1)
2025-01-29 14:00:55,261 INFO c.h.h.t.HelmChartContainer - [hivemq-test-hivemq-platform] [hivemq-platform-operator] [77f8e5a1] 14:00:55.259 [ReconcilerExecutor-hivemq-controller-75] DEBUG c.h.p.o.HiveMQPlatformReconciler - [helmbrok] StatefulSet Spec (replicas: 1, init containers: 1, containers: 1, volumes: 4)
2025-01-29 14:00:55,271 INFO c.h.h.t.HelmChartContainer - [hivemq-test-hivemq-platform] [hivemq-platform-operator] [77f8e5a1] 14:00:55.270 [ReconcilerExecutor-hivemq-controller-75] DEBUG c.h.p.o.h.HiveMQPlatformReconcilerErrorHandler - [helmbrok] Pod 'test-hivemq-platform-0' phase Pending
2025-01-29 14:00:55,272 INFO c.h.h.t.HelmChartContainer - [hivemq-test-hivemq-platform] [hivemq-platform-operator] [77f8e5a1] 14:00:55.271 [ReconcilerExecutor-hivemq-controller-75] DEBUG c.h.p.o.h.HiveMQPlatformReconcilerErrorHandler - [helmbrok] Pod 'test-hivemq-platform-0' condition 'PodReadyToStartContainers': False
2025-01-29 14:00:55,273 INFO c.h.h.t.HelmChartContainer - [hivemq-test-hivemq-platform] [hivemq-platform-operator] [77f8e5a1] 14:00:55.272 [ReconcilerExecutor-hivemq-controller-75] DEBUG c.h.p.o.h.HiveMQPlatformReconcilerErrorHandler - [helmbrok] Pod 'test-hivemq-platform-0' condition 'Initialized': False
2025-01-29 14:00:55,273 INFO c.h.h.t.HelmChartContainer - [hivemq-test-hivemq-platform] [hivemq-platform-operator] [77f8e5a1] 14:00:55.272 [ReconcilerExecutor-hivemq-controller-75] DEBUG c.h.p.o.h.HiveMQPlatformReconcilerErrorHandler - [helmbrok] Pod 'test-hivemq-platform-0' condition 'Ready': False
2025-01-29 14:00:55,273 INFO c.h.h.t.HelmChartContainer - [hivemq-test-hivemq-platform] [hivemq-platform-operator] [77f8e5a1] 14:00:55.272 [ReconcilerExecutor-hivemq-controller-75] DEBUG c.h.p.o.h.HiveMQPlatformReconcilerErrorHandler - [helmbrok] Pod 'test-hivemq-platform-0' condition 'ContainersReady': False
2025-01-29 14:00:55,273 INFO c.h.h.t.HelmChartContainer - [hivemq-test-hivemq-platform] [hivemq-platform-operator] [77f8e5a1] 14:00:55.272 [ReconcilerExecutor-hivemq-controller-75] DEBUG c.h.p.o.h.HiveMQPlatformReconcilerErrorHandler - [helmbrok] Pod 'test-hivemq-platform-0' condition 'PodScheduled': True
2025-01-29 14:00:55,273 INFO c.h.h.t.HelmChartContainer - [hivemq-test-hivemq-platform] [hivemq-platform-operator] [77f8e5a1] 14:00:55.272 [ReconcilerExecutor-hivemq-controller-75] DEBUG c.h.p.o.h.HiveMQPlatformReconcilerErrorHandler - [helmbrok] Pod 'test-hivemq-platform-0' containerStatus 'hivemq' (started: false) (ready: false) (waiting: [PodInitializing] null)
2025-01-29 14:00:55,275 INFO c.h.h.t.HelmChartContainer - [hivemq-test-hivemq-platform] [hivemq-platform-operator] [77f8e5a1] 14:00:55.274 [ReconcilerExecutor-hivemq-controller-75] INFO  c.h.p.o.h.HiveMQPlatformReconcilerBaseHandler - [helmbrok] HiveMQ Platform is starting, 0 of 1 replicas are ready
2025-01-29 14:00:55,365 INFO c.h.h.t.HelmChartContainer - [hivemq-test-hivemq-platform] [hivemq-platform-operator] [77f8e5a1] 14:00:55.360 [pool-6-thread-32] DEBUG c.h.p.o.d.PlatformServiceResource - [helmbrok] Desired Platform services (3 services)
2025-01-29 14:00:55,365 INFO c.h.h.t.HelmChartContainer - [hivemq-test-hivemq-platform] [hivemq-platform-operator] [77f8e5a1] 14:00:55.364 [pool-6-thread-33] DEBUG c.h.p.o.dependants.PodInfoConfigMap - [helmbrok] Desired PodInfo ConfigMap (1 extensions) (1 enabled)
2025-01-29 14:00:55,365 INFO c.h.h.t.HelmChartContainer - [hivemq-test-hivemq-platform] [hivemq-platform-operator] [77f8e5a1] 14:00:55.364 [pool-6-thread-33] DEBUG c.h.p.o.dependants.PodInfoConfigMap - [helmbrok] Desired PodInfo ConfigMap (metrics port: 9399) (metrics path: /)
2025-01-29 14:00:55,367 INFO c.h.h.t.HelmChartContainer - [hivemq-test-hivemq-platform] [hivemq-platform-operator] [77f8e5a1] 14:00:55.364 [pool-6-thread-33] DEBUG c.h.p.o.dependants.PodInfoConfigMap - [helmbrok] Desired PodInfo ConfigMap (extension state hash: -1817474005)
2025-01-29 14:00:55,373 INFO c.h.h.t.HelmChartContainer - [hivemq-test-hivemq-platform] [hivemq-platform-operator] [77f8e5a1] 14:00:55.371 [pool-6-thread-37] DEBUG c.h.p.o.d.PodServiceAccountResource - [helmbrok] Desired PodServiceAccountResource (serviceAccountName: hivemq-platform-pod-test-hivemq-platform)
2025-01-29 14:00:55,396 INFO c.h.h.t.HelmChartContainer - [EVENT] Normal [Pulled] Container image "docker.io/hivemq/hivemq-platform-operator-init-test:snapshot" already present on machine [helmbrokerlicensesit:test-hivemq-platform-0]
2025-01-29 14:00:55,461 INFO c.h.h.t.HelmChartContainer - [hivemq-test-hivemq-platform] [hivemq-platform-operator] [77f8e5a1] 14:00:55.458 [pool-6-thread-40] DEBUG c.h.p.o.d.StatefulSetResource - [helmbrok] Desired StatefulSet (1 replicas) for status STARTING (READY)
2025-01-29 14:00:55,464 INFO c.h.h.t.HelmChartContainer - [hivemq-test-hivemq-platform] [hivemq-platform-operator] [77f8e5a1] 14:00:55.464 [ReconcilerExecutor-hivemq-controller-86] INFO  c.h.p.o.HiveMQPlatformReconciler - [helmbrok] Reconciling HiveMQ Platform 'test-hivemq-platform' in namespace 'helmbrokerlicensesit'
2025-01-29 14:00:55,466 INFO c.h.h.t.HelmChartContainer - [hivemq-test-hivemq-platform] [hivemq-platform-operator] [77f8e5a1] 14:00:55.464 [ReconcilerExecutor-hivemq-controller-86] DEBUG c.h.p.o.HiveMQPlatformReconciler - [helmbrok] Custom Resource Status STARTING - HiveMQ Platform is starting (READY)
2025-01-29 14:00:55,466 INFO c.h.h.t.HelmChartContainer - [hivemq-test-hivemq-platform] [hivemq-platform-operator] [77f8e5a1] 14:00:55.464 [ReconcilerExecutor-hivemq-controller-86] DEBUG c.h.p.o.HiveMQPlatformReconciler - [helmbrok] Custom Resource Spec (replicas: 1) (extensions: 1)
2025-01-29 14:00:55,467 INFO c.h.h.t.HelmChartContainer - [hivemq-test-hivemq-platform] [hivemq-platform-operator] [77f8e5a1] 14:00:55.467 [ReconcilerExecutor-hivemq-controller-86] DEBUG c.h.p.o.HiveMQPlatformReconciler - [helmbrok] StatefulSet Status (revision: test-hivemq-platform-6994fc54f5, replicas: 1, available: 0, ready: 0, current: 1, updated: 1)
2025-01-29 14:00:55,469 INFO c.h.h.t.HelmChartContainer - [hivemq-test-hivemq-platform] [hivemq-platform-operator] [77f8e5a1] 14:00:55.467 [ReconcilerExecutor-hivemq-controller-86] DEBUG c.h.p.o.HiveMQPlatformReconciler - [helmbrok] StatefulSet Spec (replicas: 1, init containers: 1, containers: 1, volumes: 4)
2025-01-29 14:00:55,469 INFO c.h.h.t.HelmChartContainer - [hivemq-test-hivemq-platform] [hivemq-platform-operator] [77f8e5a1] 14:00:55.468 [ReconcilerExecutor-hivemq-controller-86] DEBUG c.h.p.o.h.HiveMQPlatformReconcilerErrorHandler - [helmbrok] Pod 'test-hivemq-platform-0' phase Pending
2025-01-29 14:00:55,470 INFO c.h.h.t.HelmChartContainer - [hivemq-test-hivemq-platform] [hivemq-platform-operator] [77f8e5a1] 14:00:55.468 [ReconcilerExecutor-hivemq-controller-86] DEBUG c.h.p.o.h.HiveMQPlatformReconcilerErrorHandler - [helmbrok] Pod 'test-hivemq-platform-0' condition 'PodReadyToStartContainers': False
2025-01-29 14:00:55,470 INFO c.h.h.t.HelmChartContainer - [hivemq-test-hivemq-platform] [hivemq-platform-operator] [77f8e5a1] 14:00:55.468 [ReconcilerExecutor-hivemq-controller-86] DEBUG c.h.p.o.h.HiveMQPlatformReconcilerErrorHandler - [helmbrok] Pod 'test-hivemq-platform-0' condition 'Initialized': False
2025-01-29 14:00:55,470 INFO c.h.h.t.HelmChartContainer - [hivemq-test-hivemq-platform] [hivemq-platform-operator] [77f8e5a1] 14:00:55.468 [ReconcilerExecutor-hivemq-controller-86] DEBUG c.h.p.o.h.HiveMQPlatformReconcilerErrorHandler - [helmbrok] Pod 'test-hivemq-platform-0' condition 'Ready': False
2025-01-29 14:00:55,470 INFO c.h.h.t.HelmChartContainer - [hivemq-test-hivemq-platform] [hivemq-platform-operator] [77f8e5a1] 14:00:55.468 [ReconcilerExecutor-hivemq-controller-86] DEBUG c.h.p.o.h.HiveMQPlatformReconcilerErrorHandler - [helmbrok] Pod 'test-hivemq-platform-0' condition 'ContainersReady': False
2025-01-29 14:00:55,470 INFO c.h.h.t.HelmChartContainer - [hivemq-test-hivemq-platform] [hivemq-platform-operator] [77f8e5a1] 14:00:55.468 [ReconcilerExecutor-hivemq-controller-86] DEBUG c.h.p.o.h.HiveMQPlatformReconcilerErrorHandler - [helmbrok] Pod 'test-hivemq-platform-0' condition 'PodScheduled': True
2025-01-29 14:00:55,471 INFO c.h.h.t.HelmChartContainer - [hivemq-test-hivemq-platform] [hivemq-platform-operator] [77f8e5a1] 14:00:55.468 [ReconcilerExecutor-hivemq-controller-86] DEBUG c.h.p.o.h.HiveMQPlatformReconcilerErrorHandler - [helmbrok] Pod 'test-hivemq-platform-0' containerStatus 'hivemq' (started: false) (ready: false) (waiting: [PodInitializing] null)
2025-01-29 14:00:55,471 INFO c.h.h.t.HelmChartContainer - [hivemq-test-hivemq-platform] [hivemq-platform-operator] [77f8e5a1] 14:00:55.469 [ReconcilerExecutor-hivemq-controller-86] INFO  c.h.p.o.h.HiveMQPlatformReconcilerBaseHandler - [helmbrok] HiveMQ Platform is starting, 0 of 1 replicas are ready
2025-01-29 14:00:55,502 INFO c.h.h.t.HelmChartContainer - [EVENT] Normal [Created] Created container: hivemq-platform-operator-init [helmbrokerlicensesit:test-hivemq-platform-0]
2025-01-29 14:00:55,540 INFO c.h.h.t.HelmChartContainer - [EVENT] Normal [Started] Started container hivemq-platform-operator-init [helmbrokerlicensesit:test-hivemq-platform-0]
2025-01-29 14:00:55,586 INFO c.h.h.t.HelmChartContainer - [POD] test-hivemq-platform-0 [d24a37ec-97d6-48dc-8147-cc9b5c1786ac] in helmbrokerlicensesit was MODIFIED
2025-01-29 14:00:55,664 INFO c.h.h.t.HelmChartContainer - [hivemq-test-hivemq-platform] [hivemq-platform-operator] [77f8e5a1] 14:00:55.661 [pool-6-thread-42] DEBUG c.h.p.o.d.PlatformServiceResource - [helmbrok] Desired Platform services (3 services)
2025-01-29 14:00:55,664 INFO c.h.h.t.HelmChartContainer - [hivemq-test-hivemq-platform] [hivemq-platform-operator] [77f8e5a1] 14:00:55.663 [pool-6-thread-43] DEBUG c.h.p.o.dependants.PodInfoConfigMap - [helmbrok] Desired PodInfo ConfigMap (1 extensions) (1 enabled)
2025-01-29 14:00:55,665 INFO c.h.h.t.HelmChartContainer - [hivemq-test-hivemq-platform] [hivemq-platform-operator] [77f8e5a1] 14:00:55.663 [pool-6-thread-43] DEBUG c.h.p.o.dependants.PodInfoConfigMap - [helmbrok] Desired PodInfo ConfigMap (metrics port: 9399) (metrics path: /)
2025-01-29 14:00:55,665 INFO c.h.h.t.HelmChartContainer - [hivemq-test-hivemq-platform] [hivemq-platform-operator] [77f8e5a1] 14:00:55.663 [pool-6-thread-43] DEBUG c.h.p.o.dependants.PodInfoConfigMap - [helmbrok] Desired PodInfo ConfigMap (extension state hash: -1817474005)
2025-01-29 14:00:55,668 INFO c.h.h.t.HelmChartContainer - [hivemq-test-hivemq-platform] [hivemq-platform-operator] [77f8e5a1] 14:00:55.668 [pool-6-thread-47] DEBUG c.h.p.o.d.PodServiceAccountResource - [helmbrok] Desired PodServiceAccountResource (serviceAccountName: hivemq-platform-pod-test-hivemq-platform)
2025-01-29 14:00:55,677 INFO c.h.h.t.HelmChartContainer - [hivemq-test-hivemq-platform] [hivemq-platform-operator] [77f8e5a1] 14:00:55.676 [pool-6-thread-50] DEBUG c.h.p.o.d.StatefulSetResource - [helmbrok] Desired StatefulSet (1 replicas) for status STARTING (READY)
2025-01-29 14:00:55,766 INFO c.h.h.t.HelmChartContainer - [hivemq-test-hivemq-platform] [hivemq-platform-operator] [77f8e5a1] 14:00:55.762 [ReconcilerExecutor-hivemq-controller-97] INFO  c.h.p.o.HiveMQPlatformReconciler - [helmbrok] Reconciling HiveMQ Platform 'test-hivemq-platform' in namespace 'helmbrokerlicensesit'
2025-01-29 14:00:55,766 INFO c.h.h.t.HelmChartContainer - [hivemq-test-hivemq-platform] [hivemq-platform-operator] [77f8e5a1] 14:00:55.763 [ReconcilerExecutor-hivemq-controller-97] DEBUG c.h.p.o.HiveMQPlatformReconciler - [helmbrok] Custom Resource Status STARTING - HiveMQ Platform is starting (READY)
2025-01-29 14:00:55,766 INFO c.h.h.t.HelmChartContainer - [hivemq-test-hivemq-platform] [hivemq-platform-operator] [77f8e5a1] 14:00:55.763 [ReconcilerExecutor-hivemq-controller-97] DEBUG c.h.p.o.HiveMQPlatformReconciler - [helmbrok] Custom Resource Spec (replicas: 1) (extensions: 1)
2025-01-29 14:00:55,768 INFO c.h.h.t.HelmChartContainer - [hivemq-test-hivemq-platform] [hivemq-platform-operator] [77f8e5a1] 14:00:55.765 [ReconcilerExecutor-hivemq-controller-97] DEBUG c.h.p.o.HiveMQPlatformReconciler - [helmbrok] StatefulSet Status (revision: test-hivemq-platform-6994fc54f5, replicas: 1, available: 0, ready: 0, current: 1, updated: 1)
2025-01-29 14:00:55,768 INFO c.h.h.t.HelmChartContainer - [hivemq-test-hivemq-platform] [hivemq-platform-operator] [77f8e5a1] 14:00:55.765 [ReconcilerExecutor-hivemq-controller-97] DEBUG c.h.p.o.HiveMQPlatformReconciler - [helmbrok] StatefulSet Spec (replicas: 1, init containers: 1, containers: 1, volumes: 4)
2025-01-29 14:00:55,769 INFO c.h.h.t.HelmChartContainer - [hivemq-test-hivemq-platform] [hivemq-platform-operator] [77f8e5a1] 14:00:55.768 [ReconcilerExecutor-hivemq-controller-97] DEBUG c.h.p.o.h.HiveMQPlatformReconcilerErrorHandler - [helmbrok] Pod 'test-hivemq-platform-0' phase Pending
2025-01-29 14:00:55,771 INFO c.h.h.t.HelmChartContainer - [hivemq-test-hivemq-platform] [hivemq-platform-operator] [77f8e5a1] 14:00:55.769 [ReconcilerExecutor-hivemq-controller-97] DEBUG c.h.p.o.h.HiveMQPlatformReconcilerErrorHandler - [helmbrok] Pod 'test-hivemq-platform-0' condition 'PodReadyToStartContainers': True
2025-01-29 14:00:55,772 INFO c.h.h.t.HelmChartContainer - [hivemq-test-hivemq-platform] [hivemq-platform-operator] [77f8e5a1] 14:00:55.770 [ReconcilerExecutor-hivemq-controller-97] DEBUG c.h.p.o.h.HiveMQPlatformReconcilerErrorHandler - [helmbrok] Pod 'test-hivemq-platform-0' condition 'Initialized': False
2025-01-29 14:00:55,772 INFO c.h.h.t.HelmChartContainer - [hivemq-test-hivemq-platform] [hivemq-platform-operator] [77f8e5a1] 14:00:55.770 [ReconcilerExecutor-hivemq-controller-97] DEBUG c.h.p.o.h.HiveMQPlatformReconcilerErrorHandler - [helmbrok] Pod 'test-hivemq-platform-0' condition 'Ready': False
2025-01-29 14:00:55,772 INFO c.h.h.t.HelmChartContainer - [hivemq-test-hivemq-platform] [hivemq-platform-operator] [77f8e5a1] 14:00:55.770 [ReconcilerExecutor-hivemq-controller-97] DEBUG c.h.p.o.h.HiveMQPlatformReconcilerErrorHandler - [helmbrok] Pod 'test-hivemq-platform-0' condition 'ContainersReady': False
2025-01-29 14:00:55,772 INFO c.h.h.t.HelmChartContainer - [hivemq-test-hivemq-platform] [hivemq-platform-operator] [77f8e5a1] 14:00:55.770 [ReconcilerExecutor-hivemq-controller-97] DEBUG c.h.p.o.h.HiveMQPlatformReconcilerErrorHandler - [helmbrok] Pod 'test-hivemq-platform-0' condition 'PodScheduled': True
2025-01-29 14:00:55,772 INFO c.h.h.t.HelmChartContainer - [hivemq-test-hivemq-platform] [hivemq-platform-operator] [77f8e5a1] 14:00:55.770 [ReconcilerExecutor-hivemq-controller-97] DEBUG c.h.p.o.h.HiveMQPlatformReconcilerErrorHandler - [helmbrok] Pod 'test-hivemq-platform-0' containerStatus 'hivemq' (started: false) (ready: false) (waiting: [PodInitializing] null)
2025-01-29 14:00:55,772 INFO c.h.h.t.HelmChartContainer - [hivemq-test-hivemq-platform] [hivemq-platform-operator] [77f8e5a1] 14:00:55.771 [ReconcilerExecutor-hivemq-controller-97] INFO  c.h.p.o.h.HiveMQPlatformReconcilerBaseHandler - [helmbrok] HiveMQ Platform is starting, 0 of 1 replicas are ready
2025-01-29 14:00:56,581 INFO c.h.h.t.HelmChartContainer - [EVENT] Normal [Pulled] Container image "docker.io/hivemq/hivemq4:4.36.0" already present on machine [helmbrokerlicensesit:test-hivemq-platform-0]
2025-01-29 14:00:56,581 INFO c.h.h.t.HelmChartContainer - Received Pulled event for container hivemq in pod test-hivemq-platform-0 [d24a37ec-97d6-48dc-8147-cc9b5c1786ac]
2025-01-29 14:00:56,588 INFO c.h.h.t.HelmChartContainer - [POD] test-hivemq-platform-0 [d24a37ec-97d6-48dc-8147-cc9b5c1786ac] in helmbrokerlicensesit was MODIFIED
2025-01-29 14:00:56,600 INFO c.h.h.t.HelmChartContainer - [hivemq-test-hivemq-platform] [hivemq-platform-operator] [77f8e5a1] 14:00:56.596 [pool-6-thread-5] DEBUG c.h.p.o.dependants.PodInfoConfigMap - [helmbrok] Desired PodInfo ConfigMap (1 extensions) (1 enabled)
2025-01-29 14:00:56,600 INFO c.h.h.t.HelmChartContainer - [hivemq-test-hivemq-platform] [hivemq-platform-operator] [77f8e5a1] 14:00:56.596 [pool-6-thread-5] DEBUG c.h.p.o.dependants.PodInfoConfigMap - [helmbrok] Desired PodInfo ConfigMap (metrics port: 9399) (metrics path: /)
2025-01-29 14:00:56,600 INFO c.h.h.t.HelmChartContainer - [hivemq-test-hivemq-platform] [hivemq-platform-operator] [77f8e5a1] 14:00:56.596 [pool-6-thread-5] DEBUG c.h.p.o.dependants.PodInfoConfigMap - [helmbrok] Desired PodInfo ConfigMap (extension state hash: -1817474005)
2025-01-29 14:00:56,600 INFO c.h.h.t.HelmChartContainer - [hivemq-test-hivemq-platform] [hivemq-platform-operator] [77f8e5a1] 14:00:56.597 [pool-6-thread-6] DEBUG c.h.p.o.d.PlatformServiceResource - [helmbrok] Desired Platform services (3 services)
2025-01-29 14:00:56,600 INFO c.h.h.t.HelmChartContainer - [hivemq-test-hivemq-platform] [hivemq-platform-operator] [77f8e5a1] 14:00:56.597 [pool-6-thread-5] DEBUG c.h.p.o.d.PodServiceAccountResource - [helmbrok] Desired PodServiceAccountResource (serviceAccountName: hivemq-platform-pod-test-hivemq-platform)
2025-01-29 14:00:56,609 INFO c.h.h.t.HelmChartContainer - [hivemq-test-hivemq-platform] [hivemq-platform-operator] [77f8e5a1] 14:00:56.607 [pool-6-thread-9] DEBUG c.h.p.o.d.StatefulSetResource - [helmbrok] Desired StatefulSet (1 replicas) for status STARTING (READY)
2025-01-29 14:00:56,664 INFO c.h.h.t.HelmChartContainer - [hivemq-test-hivemq-platform] [hivemq-platform-operator] [77f8e5a1] 14:00:56.662 [ReconcilerExecutor-hivemq-controller-108] INFO  c.h.p.o.HiveMQPlatformReconciler - [helmbrok] Reconciling HiveMQ Platform 'test-hivemq-platform' in namespace 'helmbrokerlicensesit'
2025-01-29 14:00:56,664 INFO c.h.h.t.HelmChartContainer - [hivemq-test-hivemq-platform] [hivemq-platform-operator] [77f8e5a1] 14:00:56.662 [ReconcilerExecutor-hivemq-controller-108] DEBUG c.h.p.o.HiveMQPlatformReconciler - [helmbrok] Custom Resource Status STARTING - HiveMQ Platform is starting (READY)
2025-01-29 14:00:56,664 INFO c.h.h.t.HelmChartContainer - [hivemq-test-hivemq-platform] [hivemq-platform-operator] [77f8e5a1] 14:00:56.662 [ReconcilerExecutor-hivemq-controller-108] DEBUG c.h.p.o.HiveMQPlatformReconciler - [helmbrok] Custom Resource Spec (replicas: 1) (extensions: 1)
2025-01-29 14:00:56,665 INFO c.h.h.t.HelmChartContainer - [hivemq-test-hivemq-platform] [hivemq-platform-operator] [77f8e5a1] 14:00:56.664 [ReconcilerExecutor-hivemq-controller-108] DEBUG c.h.p.o.HiveMQPlatformReconciler - [helmbrok] StatefulSet Status (revision: test-hivemq-platform-6994fc54f5, replicas: 1, available: 0, ready: 0, current: 1, updated: 1)
2025-01-29 14:00:56,665 INFO c.h.h.t.HelmChartContainer - [hivemq-test-hivemq-platform] [hivemq-platform-operator] [77f8e5a1] 14:00:56.664 [ReconcilerExecutor-hivemq-controller-108] DEBUG c.h.p.o.HiveMQPlatformReconciler - [helmbrok] StatefulSet Spec (replicas: 1, init containers: 1, containers: 1, volumes: 4)
2025-01-29 14:00:56,669 INFO c.h.h.t.HelmChartContainer - [hivemq-test-hivemq-platform] [hivemq-platform-operator] [77f8e5a1] 14:00:56.667 [ReconcilerExecutor-hivemq-controller-108] DEBUG c.h.p.o.h.HiveMQPlatformReconcilerErrorHandler - [helmbrok] Pod 'test-hivemq-platform-0' phase Pending
2025-01-29 14:00:56,669 INFO c.h.h.t.HelmChartContainer - [hivemq-test-hivemq-platform] [hivemq-platform-operator] [77f8e5a1] 14:00:56.668 [ReconcilerExecutor-hivemq-controller-108] DEBUG c.h.p.o.h.HiveMQPlatformReconcilerErrorHandler - [helmbrok] Pod 'test-hivemq-platform-0' condition 'PodReadyToStartContainers': True
2025-01-29 14:00:56,670 INFO c.h.h.t.HelmChartContainer - [hivemq-test-hivemq-platform] [hivemq-platform-operator] [77f8e5a1] 14:00:56.668 [ReconcilerExecutor-hivemq-controller-108] DEBUG c.h.p.o.h.HiveMQPlatformReconcilerErrorHandler - [helmbrok] Pod 'test-hivemq-platform-0' condition 'Initialized': True
2025-01-29 14:00:56,670 INFO c.h.h.t.HelmChartContainer - [hivemq-test-hivemq-platform] [hivemq-platform-operator] [77f8e5a1] 14:00:56.668 [ReconcilerExecutor-hivemq-controller-108] DEBUG c.h.p.o.h.HiveMQPlatformReconcilerErrorHandler - [helmbrok] Pod 'test-hivemq-platform-0' condition 'Ready': False
2025-01-29 14:00:56,670 INFO c.h.h.t.HelmChartContainer - [hivemq-test-hivemq-platform] [hivemq-platform-operator] [77f8e5a1] 14:00:56.668 [ReconcilerExecutor-hivemq-controller-108] DEBUG c.h.p.o.h.HiveMQPlatformReconcilerErrorHandler - [helmbrok] Pod 'test-hivemq-platform-0' condition 'ContainersReady': False
2025-01-29 14:00:56,670 INFO c.h.h.t.HelmChartContainer - [hivemq-test-hivemq-platform] [hivemq-platform-operator] [77f8e5a1] 14:00:56.668 [ReconcilerExecutor-hivemq-controller-108] DEBUG c.h.p.o.h.HiveMQPlatformReconcilerErrorHandler - [helmbrok] Pod 'test-hivemq-platform-0' condition 'PodScheduled': True
2025-01-29 14:00:56,670 INFO c.h.h.t.HelmChartContainer - [hivemq-test-hivemq-platform] [hivemq-platform-operator] [77f8e5a1] 14:00:56.668 [ReconcilerExecutor-hivemq-controller-108] DEBUG c.h.p.o.h.HiveMQPlatformReconcilerErrorHandler - [helmbrok] Pod 'test-hivemq-platform-0' containerStatus 'hivemq' (started: false) (ready: false) (waiting: [PodInitializing] null)
2025-01-29 14:00:56,670 INFO c.h.h.t.HelmChartContainer - [hivemq-test-hivemq-platform] [hivemq-platform-operator] [77f8e5a1] 14:00:56.669 [ReconcilerExecutor-hivemq-controller-108] INFO  c.h.p.o.h.HiveMQPlatformReconcilerBaseHandler - [helmbrok] HiveMQ Platform is starting, 0 of 1 replicas are ready
2025-01-29 14:00:57,639 INFO c.h.h.t.HelmChartContainer - [EVENT] Normal [Created] Created container: hivemq [helmbrokerlicensesit:test-hivemq-platform-0]
2025-01-29 14:00:57,640 INFO c.h.h.t.HelmChartContainer - Received Created event for container hivemq in pod test-hivemq-platform-0 [d24a37ec-97d6-48dc-8147-cc9b5c1786ac]
2025-01-29 14:00:58,599 INFO c.h.h.t.HelmChartContainer - [POD] test-hivemq-platform-0 [d24a37ec-97d6-48dc-8147-cc9b5c1786ac] in helmbrokerlicensesit was MODIFIED
2025-01-29 14:00:58,607 INFO c.h.h.t.HelmChartContainer - [EVENT] Normal [Started] Started container hivemq [helmbrokerlicensesit:test-hivemq-platform-0]
2025-01-29 14:00:58,607 INFO c.h.h.t.HelmChartContainer - Received Started event for container hivemq in pod test-hivemq-platform-0 [d24a37ec-97d6-48dc-8147-cc9b5c1786ac]
2025-01-29 14:00:58,607 INFO c.h.h.t.HelmChartContainer - Started log watcher for hivemq in pod test-hivemq-platform-0 [d24a37ec-97d6-48dc-8147-cc9b5c1786ac]
2025-01-29 14:00:58,609 INFO c.h.h.t.HelmChartContainer - [test-hivemq-platform] [hivemq] [d24a37ec] Adding pre-installed HiveMQ Platform Operator extensions
2025-01-29 14:00:58,610 INFO c.h.h.t.HelmChartContainer - [test-hivemq-platform] [hivemq] [d24a37ec] Running as user 10000
2025-01-29 14:00:58,610 INFO c.h.h.t.HelmChartContainer - [test-hivemq-platform] [hivemq] [d24a37ec] Starting HiveMQ Platform Operator Init
2025-01-29 14:00:58,611 INFO c.h.h.t.HelmChartContainer - [hivemq-test-hivemq-platform] [hivemq-platform-operator] [77f8e5a1] 14:00:58.610 [pool-6-thread-11] DEBUG c.h.p.o.d.PlatformServiceResource - [helmbrok] Desired Platform services (3 services)
2025-01-29 14:00:58,613 INFO c.h.h.t.HelmChartContainer - [hivemq-test-hivemq-platform] [hivemq-platform-operator] [77f8e5a1] 14:00:58.612 [pool-6-thread-14] DEBUG c.h.p.o.dependants.PodInfoConfigMap - [helmbrok] Desired PodInfo ConfigMap (1 extensions) (1 enabled)
2025-01-29 14:00:58,615 INFO c.h.h.t.HelmChartContainer - [hivemq-test-hivemq-platform] [hivemq-platform-operator] [77f8e5a1] 14:00:58.612 [pool-6-thread-14] DEBUG c.h.p.o.dependants.PodInfoConfigMap - [helmbrok] Desired PodInfo ConfigMap (metrics port: 9399) (metrics path: /)
2025-01-29 14:00:58,615 INFO c.h.h.t.HelmChartContainer - [hivemq-test-hivemq-platform] [hivemq-platform-operator] [77f8e5a1] 14:00:58.613 [pool-6-thread-14] DEBUG c.h.p.o.dependants.PodInfoConfigMap - [helmbrok] Desired PodInfo ConfigMap (extension state hash: -1817474005)
2025-01-29 14:00:58,618 INFO c.h.h.t.HelmChartContainer - [hivemq-test-hivemq-platform] [hivemq-platform-operator] [77f8e5a1] 14:00:58.617 [pool-6-thread-16] DEBUG c.h.p.o.d.PodServiceAccountResource - [helmbrok] Desired PodServiceAccountResource (serviceAccountName: hivemq-platform-pod-test-hivemq-platform)
2025-01-29 14:00:58,621 INFO c.h.h.t.HelmChartContainer - [hivemq-test-hivemq-platform] [hivemq-platform-operator] [77f8e5a1] 14:00:58.620 [pool-6-thread-19] DEBUG c.h.p.o.d.StatefulSetResource - [helmbrok] Desired StatefulSet (1 replicas) for status STARTING (READY)
2025-01-29 14:00:58,661 INFO c.h.h.t.HelmChartContainer - [hivemq-test-hivemq-platform] [hivemq-platform-operator] [77f8e5a1] 14:00:58.659 [ReconcilerExecutor-hivemq-controller-109] INFO  c.h.p.o.HiveMQPlatformReconciler - [helmbrok] Reconciling HiveMQ Platform 'test-hivemq-platform' in namespace 'helmbrokerlicensesit'
2025-01-29 14:00:58,661 INFO c.h.h.t.HelmChartContainer - [hivemq-test-hivemq-platform] [hivemq-platform-operator] [77f8e5a1] 14:00:58.659 [ReconcilerExecutor-hivemq-controller-109] DEBUG c.h.p.o.HiveMQPlatformReconciler - [helmbrok] Custom Resource Status STARTING - HiveMQ Platform is starting (READY)
2025-01-29 14:00:58,661 INFO c.h.h.t.HelmChartContainer - [hivemq-test-hivemq-platform] [hivemq-platform-operator] [77f8e5a1] 14:00:58.659 [ReconcilerExecutor-hivemq-controller-109] DEBUG c.h.p.o.HiveMQPlatformReconciler - [helmbrok] Custom Resource Spec (replicas: 1) (extensions: 1)
2025-01-29 14:00:58,662 INFO c.h.h.t.HelmChartContainer - [hivemq-test-hivemq-platform] [hivemq-platform-operator] [77f8e5a1] 14:00:58.661 [ReconcilerExecutor-hivemq-controller-109] DEBUG c.h.p.o.HiveMQPlatformReconciler - [helmbrok] StatefulSet Status (revision: test-hivemq-platform-6994fc54f5, replicas: 1, available: 0, ready: 0, current: 1, updated: 1)
2025-01-29 14:00:58,662 INFO c.h.h.t.HelmChartContainer - [hivemq-test-hivemq-platform] [hivemq-platform-operator] [77f8e5a1] 14:00:58.662 [ReconcilerExecutor-hivemq-controller-109] DEBUG c.h.p.o.HiveMQPlatformReconciler - [helmbrok] StatefulSet Spec (replicas: 1, init containers: 1, containers: 1, volumes: 4)
2025-01-29 14:00:58,663 INFO c.h.h.t.HelmChartContainer - [hivemq-test-hivemq-platform] [hivemq-platform-operator] [77f8e5a1] 14:00:58.663 [ReconcilerExecutor-hivemq-controller-109] DEBUG c.h.p.o.h.HiveMQPlatformReconcilerErrorHandler - [helmbrok] Pod 'test-hivemq-platform-0' phase Running
2025-01-29 14:00:58,664 INFO c.h.h.t.HelmChartContainer - [hivemq-test-hivemq-platform] [hivemq-platform-operator] [77f8e5a1] 14:00:58.664 [ReconcilerExecutor-hivemq-controller-109] INFO  c.h.p.o.h.HiveMQPlatformReconcilerBaseHandler - [helmbrok] HiveMQ Platform is starting, 0 of 1 replicas are ready
2025-01-29 14:00:58,875 INFO c.h.h.t.HelmChartContainer - [test-hivemq-platform] [hivemq] [d24a37ec] INFO  - [HiveMQ Platform Operator Init 1.7.0-SNAPSHOT] HiveMQ Platform Operator Init 1.7.0-SNAPSHOT (commit: bebf408 on branch: HEAD) built on Sun Jan 26 20:47:47 UTC 2025
2025-01-29 14:00:59,993 INFO c.h.h.t.HelmChartContainer - [test-hivemq-platform] [hivemq] [d24a37ec] INFO  - [HiveMQ Platform Operator Init App 1.7.0-SNAPSHOT] Using bind address 10.42.0.12 from environment variable
2025-01-29 14:01:00,978 INFO c.h.h.t.HelmChartContainer - [test-hivemq-platform] [hivemq] [d24a37ec] INFO  - [HiveMQ Platform Operator Init App 1.7.0-SNAPSHOT] HiveMQ Platform Operator Init App 1.7.0-SNAPSHOT (commit: bebf408 on branch: HEAD) built on Sun Jan 26 20:47:47 UTC 2025
2025-01-29 14:01:00,979 INFO c.h.h.t.HelmChartContainer - [test-hivemq-platform] [hivemq] [d24a37ec] INFO  - [HiveMQ Platform Operator Init App 1.7.0-SNAPSHOT] PodInfo ConfigMap directory: /etc/podinfo
2025-01-29 14:01:00,980 INFO c.h.h.t.HelmChartContainer - [test-hivemq-platform] [hivemq] [d24a37ec] INFO  - [HiveMQ Platform Operator Init App 1.7.0-SNAPSHOT] HiveMQ home directory: /opt/hivemq
2025-01-29 14:01:00,980 INFO c.h.h.t.HelmChartContainer - [test-hivemq-platform] [hivemq] [d24a37ec] INFO  - [HiveMQ Platform Operator Init App 1.7.0-SNAPSHOT] HiveMQ Logback folder: /opt/hivemq/conf
2025-01-29 14:01:00,980 INFO c.h.h.t.HelmChartContainer - [test-hivemq-platform] [hivemq] [d24a37ec] INFO  - [HiveMQ Platform Operator Init App 1.7.0-SNAPSHOT] HiveMQ Config folder: /opt/hivemq/conf-k8s
2025-01-29 14:01:00,980 INFO c.h.h.t.HelmChartContainer - [test-hivemq-platform] [hivemq] [d24a37ec] INFO  - [HiveMQ Platform Operator Init App 1.7.0-SNAPSHOT] Starting HiveMQ Platform Operator Init App
2025-01-29 14:01:00,980 INFO c.h.h.t.HelmChartContainer - [test-hivemq-platform] [hivemq] [d24a37ec] INFO  - [HiveMQ Platform Operator Init App 1.7.0-SNAPSHOT] Starting Pod reconciler
2025-01-29 14:01:02,178 INFO c.h.h.t.HelmChartContainer - [test-hivemq-platform] [hivemq] [d24a37ec] INFO  - [HiveMQ Platform Operator Init App 1.7.0-SNAPSHOT] Pod reconciler is scheduled (interval: 5000 ms)
2025-01-29 14:01:02,179 INFO c.h.h.t.HelmChartContainer - [test-hivemq-platform] [hivemq] [d24a37ec] INFO  - [HiveMQ Platform Operator Init App 1.7.0-SNAPSHOT] Starting the REST API on 10.42.0.12:7979
2025-01-29 14:01:02,181 INFO c.h.h.t.HelmChartContainer - [test-hivemq-platform] [hivemq] [d24a37ec] INFO  - [HiveMQ Platform Operator Init App 1.7.0-SNAPSHOT] Waiting up to 600s for at most 1 HiveMQ nodes in cluster service hivemq-test-hivemq-platform-cluster.helmbrokerlicensesit.svc
2025-01-29 14:01:02,491 INFO c.h.h.t.HelmChartContainer - [test-hivemq-platform] [hivemq] [d24a37ec] INFO  - [HiveMQ Platform Operator Init App 1.7.0-SNAPSHOT] Resolved 1 IP addresses: [10.42.0.12]
2025-01-29 14:01:02,491 INFO c.h.h.t.HelmChartContainer - [test-hivemq-platform] [hivemq] [d24a37ec] INFO  - [HiveMQ Platform Operator Init App 1.7.0-SNAPSHOT] HiveMQ node count of 1 is within threshold of 1
2025-01-29 14:01:02,491 INFO c.h.h.t.HelmChartContainer - [test-hivemq-platform] [hivemq] [d24a37ec] INFO  - [HiveMQ Platform Operator Init App 1.7.0-SNAPSHOT] Proceeding with container start
2025-01-29 14:01:02,585 INFO c.h.h.t.HelmChartContainer - [test-hivemq-platform] [hivemq] [d24a37ec] INFO  - [HiveMQ Platform Operator Init App 1.7.0-SNAPSHOT] Initializing HiveMQ Platform extensions with initial configuration: {hivemq-allow-all-extension={start-priority=-1, skip-https-hostname-verification=false, restart=true, config-version=0, header-version=0, c-uri=, priority=-1, uri=preinstalled, skip-https-certificate-validation=false, enabled=true}, hivemq-prometheus-extension={priority=-1, start-priority=-1, c-uri=, skip-https-hostname-verification=false, skip-https-certificate-validation=false, uri=preinstalled, request-header-path=no-request-headers, enabled=true, restart=true}}
2025-01-29 14:01:02,997 INFO c.h.h.t.HelmChartContainer - [test-hivemq-platform] [hivemq] [d24a37ec] INFO  - [HiveMQ Platform Operator Init App 1.7.0-SNAPSHOT] Extension hivemq-allow-all-extension was already enabled
2025-01-29 14:01:03,087 INFO c.h.h.t.HelmChartContainer - [test-hivemq-platform] [hivemq] [d24a37ec] INFO  - [HiveMQ Platform Operator Init App 1.7.0-SNAPSHOT] Successfully enabled extension hivemq-prometheus-extension
2025-01-29 14:01:03,089 INFO c.h.h.t.HelmChartContainer - [test-hivemq-platform] [hivemq] [d24a37ec] INFO  - [HiveMQ Platform Operator Init App 1.7.0-SNAPSHOT] Starting HiveMQ Platform version 4.36.0 (4.36.0)
2025-01-29 14:01:03,090 INFO c.h.h.t.HelmChartContainer - [test-hivemq-platform] [hivemq] [d24a37ec] INFO  - [HiveMQ Platform Operator Init App 1.7.0-SNAPSHOT] Configuring the HiveMQ Platform
2025-01-29 14:01:03,180 INFO c.h.h.t.HelmChartContainer - [test-hivemq-platform] [hivemq] [d24a37ec] INFO  - [HiveMQ Platform Operator Init App 1.7.0-SNAPSHOT] Changed logback.xml file scan period to 20 seconds
2025-01-29 14:01:03,277 INFO c.h.h.t.HelmChartContainer - [test-hivemq-platform] [hivemq] [d24a37ec] INFO  - [HiveMQ Platform Operator Init App 1.7.0-SNAPSHOT] Starting the HiveMQ Platform
2025-01-29 14:01:03,280 INFO c.h.h.t.HelmChartContainer - [test-hivemq-platform] [hivemq] [d24a37ec] -------------------------------------------------------------------------
2025-01-29 14:01:03,280 INFO c.h.h.t.HelmChartContainer - [test-hivemq-platform] [hivemq] [d24a37ec] 
2025-01-29 14:01:03,280 INFO c.h.h.t.HelmChartContainer - [test-hivemq-platform] [hivemq] [d24a37ec]                   _    _  _              __  __   ____
2025-01-29 14:01:03,280 INFO c.h.h.t.HelmChartContainer - [test-hivemq-platform] [hivemq] [d24a37ec]                  | |  | |(_)            |  \/  | / __ \
2025-01-29 14:01:03,280 INFO c.h.h.t.HelmChartContainer - [test-hivemq-platform] [hivemq] [d24a37ec]                  | |__| | _ __   __ ___ | \  / || |  | |
2025-01-29 14:01:03,280 INFO c.h.h.t.HelmChartContainer - [test-hivemq-platform] [hivemq] [d24a37ec]                  |  __  || |\ \ / // _ \| |\/| || |  | |
2025-01-29 14:01:03,280 INFO c.h.h.t.HelmChartContainer - [test-hivemq-platform] [hivemq] [d24a37ec]                  | |  | || | \ V /|  __/| |  | || |__| |
2025-01-29 14:01:03,280 INFO c.h.h.t.HelmChartContainer - [test-hivemq-platform] [hivemq] [d24a37ec]                  |_|  |_||_|  \_/  \___||_|  |_| \___\_\
2025-01-29 14:01:03,280 INFO c.h.h.t.HelmChartContainer - [test-hivemq-platform] [hivemq] [d24a37ec] 
2025-01-29 14:01:03,280 INFO c.h.h.t.HelmChartContainer - [test-hivemq-platform] [hivemq] [d24a37ec] -------------------------------------------------------------------------
2025-01-29 14:01:03,280 INFO c.h.h.t.HelmChartContainer - [test-hivemq-platform] [hivemq] [d24a37ec] 
2025-01-29 14:01:03,280 INFO c.h.h.t.HelmChartContainer - [test-hivemq-platform] [hivemq] [d24a37ec]   HiveMQ Start Script for Linux/Unix v1.14
2025-01-29 14:01:03,281 INFO c.h.h.t.HelmChartContainer - [test-hivemq-platform] [hivemq] [d24a37ec] 
2025-01-29 14:01:03,312 INFO c.h.h.t.HelmChartContainer - [test-hivemq-platform] [hivemq] [d24a37ec] -------------------------------------------------------------------------
2025-01-29 14:01:03,312 INFO c.h.h.t.HelmChartContainer - [test-hivemq-platform] [hivemq] [d24a37ec] 
2025-01-29 14:01:03,312 INFO c.h.h.t.HelmChartContainer - [test-hivemq-platform] [hivemq] [d24a37ec]   HIVEMQ_HOME: /opt/hivemq
2025-01-29 14:01:03,312 INFO c.h.h.t.HelmChartContainer - [test-hivemq-platform] [hivemq] [d24a37ec] 
2025-01-29 14:01:03,312 INFO c.h.h.t.HelmChartContainer - [test-hivemq-platform] [hivemq] [d24a37ec]   JAVA_OPTS: -XX:+UnlockExperimentalVMOptions -XX:InitialRAMPercentage=50 -XX:MaxRAMPercentage=50 -Djava.net.preferIPv4Stack=true --add-opens java.base/java.lang=ALL-UNNAMED --add-opens java.base/java.nio=ALL-UNNAMED --add-opens java.base/sun.nio.ch=ALL-UNNAMED --add-opens jdk.management/com.sun.management.internal=ALL-UNNAMED --add-exports java.base/jdk.internal.misc=ALL-UNNAMED -Djava.security.egd=file:/dev/./urandom -Dcom.sun.management.jmxremote -Dcom.sun.management.jmxremote.port=9010 -Dcom.sun.management.jmxremote.local.only=false -Dcom.sun.management.jmxremote.authenticate=false -Dcom.sun.management.jmxremote.ssl=false -Duser.language=en -Duser.region=US -XX:+CrashOnOutOfMemoryError -XX:+HeapDumpOnOutOfMemoryError
2025-01-29 14:01:03,312 INFO c.h.h.t.HelmChartContainer - [test-hivemq-platform] [hivemq] [d24a37ec] 
2025-01-29 14:01:03,312 INFO c.h.h.t.HelmChartContainer - [test-hivemq-platform] [hivemq] [d24a37ec]   JAVA_VERSION: 21
2025-01-29 14:01:03,312 INFO c.h.h.t.HelmChartContainer - [test-hivemq-platform] [hivemq] [d24a37ec] 
2025-01-29 14:01:03,312 INFO c.h.h.t.HelmChartContainer - [test-hivemq-platform] [hivemq] [d24a37ec] -------------------------------------------------------------------------
2025-01-29 14:01:03,312 INFO c.h.h.t.HelmChartContainer - [test-hivemq-platform] [hivemq] [d24a37ec] 
2025-01-29 14:01:04,593 INFO c.h.h.t.HelmChartContainer - [test-hivemq-platform] [hivemq] [d24a37ec] INFO  - [HiveMQ Platform Operator Init App 1.7.0-SNAPSHOT] Returning default Health API response 503 for readiness
2025-01-29 14:01:05,083 INFO c.h.h.t.HelmChartContainer - [EVENT] Warning [Unhealthy] Readiness probe failed: HTTP probe failed with statuscode: 503 [helmbrokerlicensesit:test-hivemq-platform-0]
2025-01-29 14:01:05,083 INFO c.h.h.t.HelmChartContainer - Received Unhealthy event for container hivemq in pod test-hivemq-platform-0 [d24a37ec-97d6-48dc-8147-cc9b5c1786ac]
2025-01-29 14:01:05,991 INFO c.h.h.t.HelmChartContainer - [test-hivemq-platform] [hivemq] [d24a37ec] INFO  - Starting HiveMQ Enterprise Server
2025-01-29 14:01:06,079 INFO c.h.h.t.HelmChartContainer - [test-hivemq-platform] [hivemq] [d24a37ec] INFO  - HiveMQ version: 4.36.0
2025-01-29 14:01:06,079 INFO c.h.h.t.HelmChartContainer - [test-hivemq-platform] [hivemq] [d24a37ec] INFO  - HiveMQ home directory: /opt/hivemq
2025-01-29 14:01:06,079 INFO c.h.h.t.HelmChartContainer - [test-hivemq-platform] [hivemq] [d24a37ec] INFO  - Log Configuration was overridden by /opt/hivemq/conf/logback.xml
2025-01-29 14:01:07,379 INFO c.h.h.t.HelmChartContainer - [test-hivemq-platform] [hivemq] [d24a37ec] INFO  - Successfully loaded configuration from '/opt/hivemq/conf-k8s/config.xml'.
2025-01-29 14:01:08,081 INFO c.h.h.t.HelmChartContainer - [test-hivemq-platform] [hivemq] [d24a37ec] INFO  - This node's ID is CpGHf
2025-01-29 14:01:08,082 INFO c.h.h.t.HelmChartContainer - [test-hivemq-platform] [hivemq] [d24a37ec] INFO  - Clustering is enabled
2025-01-29 14:01:08,672 INFO c.h.h.t.HelmChartContainer - [hivemq-test-hivemq-platform] [hivemq-platform-operator] [77f8e5a1] 14:01:08.668 [pool-6-thread-24] DEBUG c.h.p.o.dependants.PodInfoConfigMap - [helmbrok] Desired PodInfo ConfigMap (1 extensions) (1 enabled)
2025-01-29 14:01:08,673 INFO c.h.h.t.HelmChartContainer - [hivemq-test-hivemq-platform] [hivemq-platform-operator] [77f8e5a1] 14:01:08.669 [pool-6-thread-23] DEBUG c.h.p.o.d.PlatformServiceResource - [helmbrok] Desired Platform services (3 services)
2025-01-29 14:01:08,673 INFO c.h.h.t.HelmChartContainer - [hivemq-test-hivemq-platform] [hivemq-platform-operator] [77f8e5a1] 14:01:08.671 [pool-6-thread-24] DEBUG c.h.p.o.dependants.PodInfoConfigMap - [helmbrok] Desired PodInfo ConfigMap (metrics port: 9399) (metrics path: /)
2025-01-29 14:01:08,673 INFO c.h.h.t.HelmChartContainer - [hivemq-test-hivemq-platform] [hivemq-platform-operator] [77f8e5a1] 14:01:08.671 [pool-6-thread-24] DEBUG c.h.p.o.dependants.PodInfoConfigMap - [helmbrok] Desired PodInfo ConfigMap (extension state hash: -1817474005)
2025-01-29 14:01:08,673 INFO c.h.h.t.HelmChartContainer - [hivemq-test-hivemq-platform] [hivemq-platform-operator] [77f8e5a1] 14:01:08.669 [pool-6-thread-21] DEBUG c.h.p.o.d.PodServiceAccountResource - [helmbrok] Desired PodServiceAccountResource (serviceAccountName: hivemq-platform-pod-test-hivemq-platform)
2025-01-29 14:01:08,682 INFO c.h.h.t.HelmChartContainer - [hivemq-test-hivemq-platform] [hivemq-platform-operator] [77f8e5a1] 14:01:08.679 [pool-6-thread-23] DEBUG c.h.p.o.d.StatefulSetResource - [helmbrok] Desired StatefulSet (1 replicas) for status STARTING (READY)
2025-01-29 14:01:08,760 INFO c.h.h.t.HelmChartContainer - [hivemq-test-hivemq-platform] [hivemq-platform-operator] [77f8e5a1] 14:01:08.758 [ReconcilerExecutor-hivemq-controller-110] INFO  c.h.p.o.HiveMQPlatformReconciler - [helmbrok] Reconciling HiveMQ Platform 'test-hivemq-platform' in namespace 'helmbrokerlicensesit'
2025-01-29 14:01:08,760 INFO c.h.h.t.HelmChartContainer - [hivemq-test-hivemq-platform] [hivemq-platform-operator] [77f8e5a1] 14:01:08.758 [ReconcilerExecutor-hivemq-controller-110] DEBUG c.h.p.o.HiveMQPlatformReconciler - [helmbrok] Custom Resource Status STARTING - HiveMQ Platform is starting (READY)
2025-01-29 14:01:08,760 INFO c.h.h.t.HelmChartContainer - [hivemq-test-hivemq-platform] [hivemq-platform-operator] [77f8e5a1] 14:01:08.758 [ReconcilerExecutor-hivemq-controller-110] DEBUG c.h.p.o.HiveMQPlatformReconciler - [helmbrok] Custom Resource Spec (replicas: 1) (extensions: 1)
2025-01-29 14:01:08,768 INFO c.h.h.t.HelmChartContainer - [hivemq-test-hivemq-platform] [hivemq-platform-operator] [77f8e5a1] 14:01:08.761 [ReconcilerExecutor-hivemq-controller-110] DEBUG c.h.p.o.HiveMQPlatformReconciler - [helmbrok] StatefulSet Status (revision: test-hivemq-platform-6994fc54f5, replicas: 1, available: 0, ready: 0, current: 1, updated: 1)
2025-01-29 14:01:08,768 INFO c.h.h.t.HelmChartContainer - [hivemq-test-hivemq-platform] [hivemq-platform-operator] [77f8e5a1] 14:01:08.761 [ReconcilerExecutor-hivemq-controller-110] DEBUG c.h.p.o.HiveMQPlatformReconciler - [helmbrok] StatefulSet Spec (replicas: 1, init containers: 1, containers: 1, volumes: 4)
2025-01-29 14:01:08,768 INFO c.h.h.t.HelmChartContainer - [hivemq-test-hivemq-platform] [hivemq-platform-operator] [77f8e5a1] 14:01:08.762 [ReconcilerExecutor-hivemq-controller-110] DEBUG c.h.p.o.h.HiveMQPlatformReconcilerErrorHandler - [helmbrok] Pod 'test-hivemq-platform-0' phase Running
2025-01-29 14:01:08,768 INFO c.h.h.t.HelmChartContainer - [hivemq-test-hivemq-platform] [hivemq-platform-operator] [77f8e5a1] 14:01:08.763 [ReconcilerExecutor-hivemq-controller-110] INFO  c.h.p.o.h.HiveMQPlatformReconcilerBaseHandler - [helmbrok] HiveMQ Platform is starting, 0 of 1 replicas are ready
2025-01-29 14:01:09,987 INFO c.h.h.t.HelmChartContainer - [test-hivemq-platform] [hivemq] [d24a37ec] WARN  - [HiveMQ Platform Operator Init App 1.7.0-SNAPSHOT] Cannot connect to Health API for readiness: null
2025-01-29 14:01:09,992 INFO c.h.h.t.HelmChartContainer - [EVENT] Warning [Unhealthy] Readiness probe failed: HTTP probe failed with statuscode: 503 [helmbrokerlicensesit:test-hivemq-platform-0]
2025-01-29 14:01:09,992 INFO c.h.h.t.HelmChartContainer - Received Unhealthy event for container hivemq in pod test-hivemq-platform-0 [d24a37ec-97d6-48dc-8147-cc9b5c1786ac]
2025-01-29 14:01:12,478 INFO c.h.h.t.HelmChartContainer - [test-hivemq-platform] [hivemq] [d24a37ec] Jan 29, 2025 2:01:12 PM io.vertx.core.impl.BlockedThreadChecker
2025-01-29 14:01:12,478 INFO c.h.h.t.HelmChartContainer - [test-hivemq-platform] [hivemq] [d24a37ec] WARNING: Thread Thread[vert.x-eventloop-thread-1,5,main] has been blocked for 2198 ms, time limit is 2000 ms
2025-01-29 14:01:13,190 INFO c.h.h.t.HelmChartContainer - [test-hivemq-platform] [hivemq] [d24a37ec] INFO  - [HiveMQ Platform Operator Init App 1.7.0-SNAPSHOT] Updating Pod HiveMQ Platform Operator Init App version annotation (version: 1.7.0-SNAPSHOT)
2025-01-29 14:01:13,991 INFO c.h.h.t.HelmChartContainer - [POD] test-hivemq-platform-0 [d24a37ec-97d6-48dc-8147-cc9b5c1786ac] in helmbrokerlicensesit was MODIFIED
2025-01-29 14:01:14,082 INFO c.h.h.t.HelmChartContainer - [hivemq-test-hivemq-platform] [hivemq-platform-operator] [77f8e5a1] 14:01:14.001 [pool-6-thread-35] DEBUG c.h.p.o.d.PlatformServiceResource - [helmbrok] Desired Platform services (3 services)
2025-01-29 14:01:14,082 INFO c.h.h.t.HelmChartContainer - [hivemq-test-hivemq-platform] [hivemq-platform-operator] [77f8e5a1] 14:01:14.001 [pool-6-thread-32] DEBUG c.h.p.o.dependants.PodInfoConfigMap - [helmbrok] Desired PodInfo ConfigMap (1 extensions) (1 enabled)
2025-01-29 14:01:14,082 INFO c.h.h.t.HelmChartContainer - [hivemq-test-hivemq-platform] [hivemq-platform-operator] [77f8e5a1] 14:01:14.001 [pool-6-thread-32] DEBUG c.h.p.o.dependants.PodInfoConfigMap - [helmbrok] Desired PodInfo ConfigMap (metrics port: 9399) (metrics path: /)
2025-01-29 14:01:14,085 INFO c.h.h.t.HelmChartContainer - [test-hivemq-platform] [hivemq] [d24a37ec] WARN  - [HiveMQ Platform Operator Init App 1.7.0-SNAPSHOT] Cannot connect to Health API for readiness: null
2025-01-29 14:01:14,085 INFO c.h.h.t.HelmChartContainer - [hivemq-test-hivemq-platform] [hivemq-platform-operator] [77f8e5a1] 14:01:14.001 [pool-6-thread-32] DEBUG c.h.p.o.dependants.PodInfoConfigMap - [helmbrok] Desired PodInfo ConfigMap (extension state hash: -1817474005)
2025-01-29 14:01:14,085 INFO c.h.h.t.HelmChartContainer - [hivemq-test-hivemq-platform] [hivemq-platform-operator] [77f8e5a1] 14:01:14.003 [pool-6-thread-39] DEBUG c.h.p.o.d.PodServiceAccountResource - [helmbrok] Desired PodServiceAccountResource (serviceAccountName: hivemq-platform-pod-test-hivemq-platform)
2025-01-29 14:01:14,085 INFO c.h.h.t.HelmChartContainer - [hivemq-test-hivemq-platform] [hivemq-platform-operator] [77f8e5a1] 14:01:14.008 [pool-6-thread-35] DEBUG c.h.p.o.d.StatefulSetResource - [helmbrok] Desired StatefulSet (1 replicas) for status STARTING (READY)
2025-01-29 14:01:14,085 INFO c.h.h.t.HelmChartContainer - [hivemq-test-hivemq-platform] [hivemq-platform-operator] [77f8e5a1] 14:01:14.059 [ReconcilerExecutor-hivemq-controller-111] INFO  c.h.p.o.HiveMQPlatformReconciler - [helmbrok] Reconciling HiveMQ Platform 'test-hivemq-platform' in namespace 'helmbrokerlicensesit'
2025-01-29 14:01:14,085 INFO c.h.h.t.HelmChartContainer - [hivemq-test-hivemq-platform] [hivemq-platform-operator] [77f8e5a1] 14:01:14.059 [ReconcilerExecutor-hivemq-controller-111] DEBUG c.h.p.o.HiveMQPlatformReconciler - [helmbrok] Custom Resource Status STARTING - HiveMQ Platform is starting (READY)
2025-01-29 14:01:14,085 INFO c.h.h.t.HelmChartContainer - [hivemq-test-hivemq-platform] [hivemq-platform-operator] [77f8e5a1] 14:01:14.059 [ReconcilerExecutor-hivemq-controller-111] DEBUG c.h.p.o.HiveMQPlatformReconciler - [helmbrok] Custom Resource Spec (replicas: 1) (extensions: 1)
2025-01-29 14:01:14,085 INFO c.h.h.t.HelmChartContainer - [hivemq-test-hivemq-platform] [hivemq-platform-operator] [77f8e5a1] 14:01:14.061 [ReconcilerExecutor-hivemq-controller-111] DEBUG c.h.p.o.HiveMQPlatformReconciler - [helmbrok] StatefulSet Status (revision: test-hivemq-platform-6994fc54f5, replicas: 1, available: 0, ready: 0, current: 1, updated: 1)
2025-01-29 14:01:14,085 INFO c.h.h.t.HelmChartContainer - [hivemq-test-hivemq-platform] [hivemq-platform-operator] [77f8e5a1] 14:01:14.061 [ReconcilerExecutor-hivemq-controller-111] DEBUG c.h.p.o.HiveMQPlatformReconciler - [helmbrok] StatefulSet Spec (replicas: 1, init containers: 1, containers: 1, volumes: 4)
2025-01-29 14:01:14,085 INFO c.h.h.t.HelmChartContainer - [hivemq-test-hivemq-platform] [hivemq-platform-operator] [77f8e5a1] 14:01:14.063 [ReconcilerExecutor-hivemq-controller-111] DEBUG c.h.p.o.h.HiveMQPlatformReconcilerErrorHandler - [helmbrok] Pod 'test-hivemq-platform-0' phase Running
2025-01-29 14:01:14,085 INFO c.h.h.t.HelmChartContainer - [hivemq-test-hivemq-platform] [hivemq-platform-operator] [77f8e5a1] 14:01:14.063 [ReconcilerExecutor-hivemq-controller-111] INFO  c.h.p.o.h.HiveMQPlatformReconcilerBaseHandler - [helmbrok] HiveMQ Platform is starting, 0 of 1 replicas are ready
2025-01-29 14:01:14,089 INFO c.h.h.t.HelmChartContainer - [test-hivemq-platform] [hivemq] [d24a37ec] INFO  - [HiveMQ Platform Operator Init App 1.7.0-SNAPSHOT] Successfully updated Pod HiveMQ Platform Operator Init App version annotation (version: 1.7.0-SNAPSHOT)
2025-01-29 14:01:14,093 INFO c.h.h.t.HelmChartContainer - [EVENT] Warning [Unhealthy] Readiness probe failed: HTTP probe failed with statuscode: 503 [helmbrokerlicensesit:test-hivemq-platform-0]
2025-01-29 14:01:14,093 INFO c.h.h.t.HelmChartContainer - Received Unhealthy event for container hivemq in pod test-hivemq-platform-0 [d24a37ec-97d6-48dc-8147-cc9b5c1786ac]
2025-01-29 14:01:19,079 INFO c.h.h.t.HelmChartContainer - [test-hivemq-platform] [hivemq] [d24a37ec] WARN  - [HiveMQ Platform Operator Init App 1.7.0-SNAPSHOT] Cannot connect to Health API for readiness: null
2025-01-29 14:01:19,085 INFO c.h.h.t.HelmChartContainer - [EVENT] Warning [Unhealthy] Readiness probe failed: HTTP probe failed with statuscode: 503 [helmbrokerlicensesit:test-hivemq-platform-0]
2025-01-29 14:01:19,085 INFO c.h.h.t.HelmChartContainer - Received Unhealthy event for container hivemq in pod test-hivemq-platform-0 [d24a37ec-97d6-48dc-8147-cc9b5c1786ac]
2025-01-29 14:01:24,070 INFO c.h.h.t.HelmChartContainer - [hivemq-test-hivemq-platform] [hivemq-platform-operator] [77f8e5a1] 14:01:24.068 [pool-6-thread-44] DEBUG c.h.p.o.d.PlatformServiceResource - [helmbrok] Desired Platform services (3 services)
2025-01-29 14:01:24,071 INFO c.h.h.t.HelmChartContainer - [hivemq-test-hivemq-platform] [hivemq-platform-operator] [77f8e5a1] 14:01:24.069 [pool-6-thread-49] DEBUG c.h.p.o.d.PodServiceAccountResource - [helmbrok] Desired PodServiceAccountResource (serviceAccountName: hivemq-platform-pod-test-hivemq-platform)
2025-01-29 14:01:24,071 INFO c.h.h.t.HelmChartContainer - [hivemq-test-hivemq-platform] [hivemq-platform-operator] [77f8e5a1] 14:01:24.069 [pool-6-thread-41] DEBUG c.h.p.o.dependants.PodInfoConfigMap - [helmbrok] Desired PodInfo ConfigMap (1 extensions) (1 enabled)
2025-01-29 14:01:24,073 INFO c.h.h.t.HelmChartContainer - [hivemq-test-hivemq-platform] [hivemq-platform-operator] [77f8e5a1] 14:01:24.071 [pool-6-thread-41] DEBUG c.h.p.o.dependants.PodInfoConfigMap - [helmbrok] Desired PodInfo ConfigMap (metrics port: 9399) (metrics path: /)
2025-01-29 14:01:24,073 INFO c.h.h.t.HelmChartContainer - [hivemq-test-hivemq-platform] [hivemq-platform-operator] [77f8e5a1] 14:01:24.071 [pool-6-thread-41] DEBUG c.h.p.o.dependants.PodInfoConfigMap - [helmbrok] Desired PodInfo ConfigMap (extension state hash: -1817474005)
2025-01-29 14:01:24,076 INFO c.h.h.t.HelmChartContainer - [hivemq-test-hivemq-platform] [hivemq-platform-operator] [77f8e5a1] 14:01:24.075 [pool-6-thread-44] DEBUG c.h.p.o.d.StatefulSetResource - [helmbrok] Desired StatefulSet (1 replicas) for status STARTING (READY)
2025-01-29 14:01:24,077 INFO c.h.h.t.HelmChartContainer - [test-hivemq-platform] [hivemq] [d24a37ec] WARN  - [HiveMQ Platform Operator Init App 1.7.0-SNAPSHOT] Cannot connect to Health API for readiness: null
2025-01-29 14:01:24,091 INFO c.h.h.t.HelmChartContainer - [EVENT] Warning [Unhealthy] Readiness probe failed: HTTP probe failed with statuscode: 503 [helmbrokerlicensesit:test-hivemq-platform-0]
2025-01-29 14:01:24,091 INFO c.h.h.t.HelmChartContainer - Received Unhealthy event for container hivemq in pod test-hivemq-platform-0 [d24a37ec-97d6-48dc-8147-cc9b5c1786ac]
2025-01-29 14:01:24,097 INFO c.h.h.t.HelmChartContainer - [hivemq-test-hivemq-platform] [hivemq-platform-operator] [77f8e5a1] 14:01:24.096 [ReconcilerExecutor-hivemq-controller-112] INFO  c.h.p.o.HiveMQPlatformReconciler - [helmbrok] Reconciling HiveMQ Platform 'test-hivemq-platform' in namespace 'helmbrokerlicensesit'
2025-01-29 14:01:24,097 INFO c.h.h.t.HelmChartContainer - [hivemq-test-hivemq-platform] [hivemq-platform-operator] [77f8e5a1] 14:01:24.096 [ReconcilerExecutor-hivemq-controller-112] DEBUG c.h.p.o.HiveMQPlatformReconciler - [helmbrok] Custom Resource Status STARTING - HiveMQ Platform is starting (READY)
2025-01-29 14:01:24,098 INFO c.h.h.t.HelmChartContainer - [hivemq-test-hivemq-platform] [hivemq-platform-operator] [77f8e5a1] 14:01:24.096 [ReconcilerExecutor-hivemq-controller-112] DEBUG c.h.p.o.HiveMQPlatformReconciler - [helmbrok] Custom Resource Spec (replicas: 1) (extensions: 1)
2025-01-29 14:01:24,162 INFO c.h.h.t.HelmChartContainer - [hivemq-test-hivemq-platform] [hivemq-platform-operator] [77f8e5a1] 14:01:24.161 [ReconcilerExecutor-hivemq-controller-112] DEBUG c.h.p.o.HiveMQPlatformReconciler - [helmbrok] StatefulSet Status (revision: test-hivemq-platform-6994fc54f5, replicas: 1, available: 0, ready: 0, current: 1, updated: 1)
2025-01-29 14:01:24,162 INFO c.h.h.t.HelmChartContainer - [hivemq-test-hivemq-platform] [hivemq-platform-operator] [77f8e5a1] 14:01:24.162 [ReconcilerExecutor-hivemq-controller-112] DEBUG c.h.p.o.HiveMQPlatformReconciler - [helmbrok] StatefulSet Spec (replicas: 1, init containers: 1, containers: 1, volumes: 4)
2025-01-29 14:01:24,164 INFO c.h.h.t.HelmChartContainer - [hivemq-test-hivemq-platform] [hivemq-platform-operator] [77f8e5a1] 14:01:24.163 [ReconcilerExecutor-hivemq-controller-112] DEBUG c.h.p.o.h.HiveMQPlatformReconcilerErrorHandler - [helmbrok] Pod 'test-hivemq-platform-0' phase Running
2025-01-29 14:01:24,165 INFO c.h.h.t.HelmChartContainer - [hivemq-test-hivemq-platform] [hivemq-platform-operator] [77f8e5a1] 14:01:24.164 [ReconcilerExecutor-hivemq-controller-112] INFO  c.h.p.o.h.HiveMQPlatformReconcilerBaseHandler - [helmbrok] HiveMQ Platform is starting, 0 of 1 replicas are ready
2025-01-29 14:01:25,291 INFO c.h.h.t.HelmChartContainer - [test-hivemq-platform] [hivemq] [d24a37ec] WARN  - [HiveMQ Platform Operator Init App 1.7.0-SNAPSHOT] Cannot connect to Health API for liveness: null
2025-01-29 14:01:25,291 INFO c.h.h.t.HelmChartContainer - [test-hivemq-platform] [hivemq] [d24a37ec] INFO  - [HiveMQ Platform Operator Init App 1.7.0-SNAPSHOT] Returning default Health API response 200 for liveness
2025-01-29 14:01:25,481 INFO c.h.h.t.HelmChartContainer - [test-hivemq-platform] [hivemq] [d24a37ec] WARN  - License file license.lic is corrupt.
2025-01-29 14:01:25,482 INFO c.h.h.testcontainer.LogWaiterUtil - TEST Found log pattern on 'test-hivemq-platform-0': .*License file license.lic is corrupt.
2025-01-29 14:01:25,483 INFO c.h.h.t.HelmChartContainer - [test-hivemq-platform] [hivemq] [d24a37ec] INFO  - No valid license file found. Using trial license, restricted to 25 connections.
2025-01-29 14:01:29,002 INFO c.h.h.t.HelmChartContainer - [test-hivemq-platform] [hivemq] [d24a37ec] WARN  - [HiveMQ Platform Operator Init App 1.7.0-SNAPSHOT] Cannot connect to Health API for readiness: null
2025-01-29 14:01:29,007 INFO c.h.h.t.HelmChartContainer - [EVENT] Warning [Unhealthy] Readiness probe failed: HTTP probe failed with statuscode: 503 [helmbrokerlicensesit:test-hivemq-platform-0]
2025-01-29 14:01:29,007 INFO c.h.h.t.HelmChartContainer - Received Unhealthy event for container hivemq in pod test-hivemq-platform-0 [d24a37ec-97d6-48dc-8147-cc9b5c1786ac]
2025-01-29 14:01:29,699 INFO c.h.h.t.HelmChartContainer - [test-hivemq-platform] [hivemq] [d24a37ec] INFO  - No valid license file for Data Hub found. Using free license, restricted to 1 policy.
2025-01-29 14:01:30,882 INFO c.h.h.t.HelmChartContainer - [test-hivemq-platform] [hivemq] [d24a37ec] INFO  - Audit Logger started.
2025-01-29 14:01:31,179 INFO c.h.h.t.HelmChartContainer - [test-hivemq-platform] [hivemq] [d24a37ec] INFO  - This node uses '1' CPU cores.
2025-01-29 14:01:31,185 INFO c.h.h.t.HelmChartContainer - [test-hivemq-platform] [hivemq] [d24a37ec] INFO  - Starting HiveMQ Health API on address 0.0.0.0 and port 8889
2025-01-29 14:01:31,990 INFO c.h.h.t.HelmChartContainer - [test-hivemq-platform] [hivemq] [d24a37ec] INFO  - Started HiveMQ Health API in 804ms
2025-01-29 14:01:32,611 INFO c.h.h.t.HelmChartContainer - [test-hivemq-platform] [hivemq] [d24a37ec] INFO  - Starting HiveMQ extension system.
2025-01-29 14:01:32,879 INFO c.h.h.t.HelmChartContainer - [test-hivemq-platform] [hivemq] [d24a37ec] INFO  - Starting extension with id "hivemq-dns-cluster-discovery" at /opt/hivemq/extensions/hivemq-dns-cluster-discovery
2025-01-29 14:01:33,292 INFO c.h.h.t.HelmChartContainer - [test-hivemq-platform] [hivemq] [d24a37ec] INFO  - Using TCP cluster transport on address 10.42.0.12 and port 7000
2025-01-29 14:01:33,294 INFO c.h.h.t.HelmChartContainer - [test-hivemq-platform] [hivemq] [d24a37ec] INFO  - Extension "DNS Cluster Discovery Extension" version 4.3.2 started successfully.
2025-01-29 14:01:33,294 INFO c.h.h.t.HelmChartContainer - [test-hivemq-platform] [hivemq] [d24a37ec] INFO  - Starting extension with id "hivemq-prometheus-extension" at /opt/hivemq/extensions/hivemq-prometheus-extension
2025-01-29 14:01:33,383 INFO c.h.h.t.HelmChartContainer - [test-hivemq-platform] [hivemq] [d24a37ec] INFO  - Using extension cluster discovery
2025-01-29 14:01:34,172 INFO c.h.h.t.HelmChartContainer - [hivemq-test-hivemq-platform] [hivemq-platform-operator] [77f8e5a1] 14:01:34.169 [pool-6-thread-4] DEBUG c.h.p.o.d.PlatformServiceResource - [helmbrok] Desired Platform services (3 services)
2025-01-29 14:01:34,174 INFO c.h.h.t.HelmChartContainer - [hivemq-test-hivemq-platform] [hivemq-platform-operator] [77f8e5a1] 14:01:34.172 [pool-6-thread-2] DEBUG c.h.p.o.dependants.PodInfoConfigMap - [helmbrok] Desired PodInfo ConfigMap (1 extensions) (1 enabled)
2025-01-29 14:01:34,174 INFO c.h.h.t.HelmChartContainer - [hivemq-test-hivemq-platform] [hivemq-platform-operator] [77f8e5a1] 14:01:34.172 [pool-6-thread-2] DEBUG c.h.p.o.dependants.PodInfoConfigMap - [helmbrok] Desired PodInfo ConfigMap (metrics port: 9399) (metrics path: /)
2025-01-29 14:01:34,174 INFO c.h.h.t.HelmChartContainer - [hivemq-test-hivemq-platform] [hivemq-platform-operator] [77f8e5a1] 14:01:34.172 [pool-6-thread-2] DEBUG c.h.p.o.dependants.PodInfoConfigMap - [helmbrok] Desired PodInfo ConfigMap (extension state hash: -1817474005)
2025-01-29 14:01:34,174 INFO c.h.h.t.HelmChartContainer - [hivemq-test-hivemq-platform] [hivemq-platform-operator] [77f8e5a1] 14:01:34.172 [pool-6-thread-7] DEBUG c.h.p.o.d.PodServiceAccountResource - [helmbrok] Desired PodServiceAccountResource (serviceAccountName: hivemq-platform-pod-test-hivemq-platform)
2025-01-29 14:01:34,179 INFO c.h.h.t.HelmChartContainer - [hivemq-test-hivemq-platform] [hivemq-platform-operator] [77f8e5a1] 14:01:34.176 [pool-6-thread-1] DEBUG c.h.p.o.d.StatefulSetResource - [helmbrok] Desired StatefulSet (1 replicas) for status STARTING (READY)
2025-01-29 14:01:34,186 INFO c.h.h.t.HelmChartContainer - [hivemq-test-hivemq-platform] [hivemq-platform-operator] [77f8e5a1] 14:01:34.185 [ReconcilerExecutor-hivemq-controller-113] INFO  c.h.p.o.HiveMQPlatformReconciler - [helmbrok] Reconciling HiveMQ Platform 'test-hivemq-platform' in namespace 'helmbrokerlicensesit'
2025-01-29 14:01:34,188 INFO c.h.h.t.HelmChartContainer - [hivemq-test-hivemq-platform] [hivemq-platform-operator] [77f8e5a1] 14:01:34.185 [ReconcilerExecutor-hivemq-controller-113] DEBUG c.h.p.o.HiveMQPlatformReconciler - [helmbrok] Custom Resource Status STARTING - HiveMQ Platform is starting (READY)
2025-01-29 14:01:34,188 INFO c.h.h.t.HelmChartContainer - [hivemq-test-hivemq-platform] [hivemq-platform-operator] [77f8e5a1] 14:01:34.185 [ReconcilerExecutor-hivemq-controller-113] DEBUG c.h.p.o.HiveMQPlatformReconciler - [helmbrok] Custom Resource Spec (replicas: 1) (extensions: 1)
2025-01-29 14:01:34,189 INFO c.h.h.t.HelmChartContainer - [hivemq-test-hivemq-platform] [hivemq-platform-operator] [77f8e5a1] 14:01:34.187 [ReconcilerExecutor-hivemq-controller-113] DEBUG c.h.p.o.HiveMQPlatformReconciler - [helmbrok] StatefulSet Status (revision: test-hivemq-platform-6994fc54f5, replicas: 1, available: 0, ready: 0, current: 1, updated: 1)
2025-01-29 14:01:34,189 INFO c.h.h.t.HelmChartContainer - [hivemq-test-hivemq-platform] [hivemq-platform-operator] [77f8e5a1] 14:01:34.187 [ReconcilerExecutor-hivemq-controller-113] DEBUG c.h.p.o.HiveMQPlatformReconciler - [helmbrok] StatefulSet Spec (replicas: 1, init containers: 1, containers: 1, volumes: 4)
2025-01-29 14:01:34,191 INFO c.h.h.t.HelmChartContainer - [hivemq-test-hivemq-platform] [hivemq-platform-operator] [77f8e5a1] 14:01:34.188 [ReconcilerExecutor-hivemq-controller-113] DEBUG c.h.p.o.h.HiveMQPlatformReconcilerErrorHandler - [helmbrok] Pod 'test-hivemq-platform-0' phase Running
2025-01-29 14:01:34,191 INFO c.h.h.t.HelmChartContainer - [hivemq-test-hivemq-platform] [hivemq-platform-operator] [77f8e5a1] 14:01:34.189 [ReconcilerExecutor-hivemq-controller-113] INFO  c.h.p.o.h.HiveMQPlatformReconcilerBaseHandler - [helmbrok] HiveMQ Platform is starting, 0 of 1 replicas are ready
2025-01-29 14:01:34,580 INFO c.h.h.t.HelmChartContainer - [test-hivemq-platform] [hivemq] [d24a37ec] INFO  - Started Jetty Server exposing Prometheus Servlet on URI http://0.0.0.0:9399/
2025-01-29 14:01:34,581 INFO c.h.h.t.HelmChartContainer - [test-hivemq-platform] [hivemq] [d24a37ec] INFO  - Extension "Prometheus Monitoring Extension" version 4.0.12 started successfully.
2025-01-29 14:01:34,582 INFO c.h.h.t.HelmChartContainer - [test-hivemq-platform] [hivemq] [d24a37ec] INFO  - Starting extension with id "hivemq-allow-all-extension" at /opt/hivemq/extensions/hivemq-allow-all-extension
2025-01-29 14:01:34,582 INFO c.h.h.t.HelmChartContainer - [test-hivemq-platform] [hivemq] [d24a37ec] WARN  - 
2025-01-29 14:01:34,582 INFO c.h.h.t.HelmChartContainer - [test-hivemq-platform] [hivemq] [d24a37ec] ################################################################################################################
2025-01-29 14:01:34,582 INFO c.h.h.t.HelmChartContainer - [test-hivemq-platform] [hivemq] [d24a37ec] # This HiveMQ deployment is not secure! You are lacking Authentication and Authorization.                      #
2025-01-29 14:01:34,582 INFO c.h.h.t.HelmChartContainer - [test-hivemq-platform] [hivemq] [d24a37ec] # Right now any MQTT client can connect to the broker with a full set of permissions.                          #
2025-01-29 14:01:34,582 INFO c.h.h.t.HelmChartContainer - [test-hivemq-platform] [hivemq] [d24a37ec] # For production usage, add an appropriate security extension and remove the hivemq-allow-all extension.       #
2025-01-29 14:01:34,582 INFO c.h.h.t.HelmChartContainer - [test-hivemq-platform] [hivemq] [d24a37ec] # You can download security extensions from the HiveMQ Marketplace (https://www.hivemq.com/extensions/).       #
2025-01-29 14:01:34,582 INFO c.h.h.t.HelmChartContainer - [test-hivemq-platform] [hivemq] [d24a37ec] ################################################################################################################
2025-01-29 14:01:34,582 INFO c.h.h.t.HelmChartContainer - [test-hivemq-platform] [hivemq] [d24a37ec] INFO  - Extension "Allow All Extension" version 1.1.1 started successfully.
2025-01-29 14:01:34,893 INFO c.h.h.t.HelmChartContainer - [test-hivemq-platform] [hivemq] [d24a37ec] INFO  - [HiveMQ Platform Operator Init App 1.7.0-SNAPSHOT] Returning Health API response 503 for readiness
2025-01-29 14:01:34,897 INFO c.h.h.t.HelmChartContainer - [EVENT] Warning [Unhealthy] Readiness probe failed: HTTP probe failed with statuscode: 503 [helmbrokerlicensesit:test-hivemq-platform-0]
2025-01-29 14:01:34,897 INFO c.h.h.t.HelmChartContainer - Received Unhealthy event for container hivemq in pod test-hivemq-platform-0 [d24a37ec-97d6-48dc-8147-cc9b5c1786ac]
2025-01-29 14:01:36,678 INFO c.h.h.t.HelmChartContainer - [test-hivemq-platform] [hivemq] [d24a37ec] INFO  - CpGHf: no members discovered after 2484 ms: creating cluster as first member
2025-01-29 14:01:36,685 INFO c.h.h.t.HelmChartContainer - [test-hivemq-platform] [hivemq] [d24a37ec] INFO  - Cluster nodes found by discovery: [CpGHf|0] (1) [CpGHf].
2025-01-29 14:01:36,781 INFO c.h.h.t.HelmChartContainer - [test-hivemq-platform] [hivemq] [d24a37ec] WARN  - No user for HiveMQ Control Center configured. Starting with default user
2025-01-29 14:01:36,781 INFO c.h.h.t.HelmChartContainer - [test-hivemq-platform] [hivemq] [d24a37ec] INFO  - Starting HiveMQ Control Center on address 0.0.0.0 and port 8080
2025-01-29 14:01:36,785 INFO c.h.h.t.HelmChartContainer - [test-hivemq-platform] [hivemq] [d24a37ec] INFO  - Mounting HiveMQ Control Center V2 Preview
2025-01-29 14:01:37,390 INFO c.h.h.t.HelmChartContainer - [test-hivemq-platform] [hivemq] [d24a37ec] INFO  - Started HiveMQ Control Center in 609ms
2025-01-29 14:01:37,483 INFO c.h.h.t.HelmChartContainer - [test-hivemq-platform] [hivemq] [d24a37ec] INFO  - Starting TCP listener on address 0.0.0.0 and port 1883
2025-01-29 14:01:37,498 INFO c.h.h.t.HelmChartContainer - [test-hivemq-platform] [hivemq] [d24a37ec] INFO  - Started TCP Listener on address 0.0.0.0 and on port 1883.
2025-01-29 14:01:37,499 INFO c.h.h.t.HelmChartContainer - [test-hivemq-platform] [hivemq] [d24a37ec] INFO  - Started HiveMQ in 31819ms
2025-01-29 14:01:38,996 INFO c.h.h.t.HelmChartContainer - [test-hivemq-platform] [hivemq] [d24a37ec] INFO  - [HiveMQ Platform Operator Init App 1.7.0-SNAPSHOT] Returning Health API response 200 for readiness
2025-01-29 14:01:39,005 INFO c.h.h.t.HelmChartContainer - [POD] test-hivemq-platform-0 [d24a37ec-97d6-48dc-8147-cc9b5c1786ac] in helmbrokerlicensesit was MODIFIED
2025-01-29 14:01:39,028 INFO c.h.h.t.HelmChartContainer - [hivemq-test-hivemq-platform] [hivemq-platform-operator] [77f8e5a1] 14:01:39.012 [pool-6-thread-11] DEBUG c.h.p.o.d.PlatformServiceResource - [helmbrok] Desired Platform services (3 services)
2025-01-29 14:01:39,028 INFO c.h.h.t.HelmChartContainer - [hivemq-test-hivemq-platform] [hivemq-platform-operator] [77f8e5a1] 14:01:39.014 [pool-6-thread-14] DEBUG c.h.p.o.d.PodServiceAccountResource - [helmbrok] Desired PodServiceAccountResource (serviceAccountName: hivemq-platform-pod-test-hivemq-platform)
2025-01-29 14:01:39,028 INFO c.h.h.t.HelmChartContainer - [hivemq-test-hivemq-platform] [hivemq-platform-operator] [77f8e5a1] 14:01:39.016 [pool-6-thread-16] DEBUG c.h.p.o.dependants.PodInfoConfigMap - [helmbrok] Desired PodInfo ConfigMap (1 extensions) (1 enabled)
2025-01-29 14:01:39,028 INFO c.h.h.t.HelmChartContainer - [hivemq-test-hivemq-platform] [hivemq-platform-operator] [77f8e5a1] 14:01:39.016 [pool-6-thread-16] DEBUG c.h.p.o.dependants.PodInfoConfigMap - [helmbrok] Desired PodInfo ConfigMap (metrics port: 9399) (metrics path: /)
2025-01-29 14:01:39,028 INFO c.h.h.t.HelmChartContainer - [hivemq-test-hivemq-platform] [hivemq-platform-operator] [77f8e5a1] 14:01:39.016 [pool-6-thread-16] DEBUG c.h.p.o.dependants.PodInfoConfigMap - [helmbrok] Desired PodInfo ConfigMap (extension state hash: -1817474005)
2025-01-29 14:01:39,060 INFO c.h.h.t.HelmChartContainer - [hivemq-test-hivemq-platform] [hivemq-platform-operator] [77f8e5a1] 14:01:39.058 [pool-6-thread-14] DEBUG c.h.p.o.d.StatefulSetResource - [helmbrok] Desired StatefulSet (1 replicas) for status STARTING (READY)
2025-01-29 14:01:39,063 INFO c.h.h.t.HelmChartContainer - [hivemq-test-hivemq-platform] [hivemq-platform-operator] [77f8e5a1] 14:01:39.062 [ReconcilerExecutor-hivemq-controller-114] INFO  c.h.p.o.HiveMQPlatformReconciler - [helmbrok] Reconciling HiveMQ Platform 'test-hivemq-platform' in namespace 'helmbrokerlicensesit'
2025-01-29 14:01:39,064 INFO c.h.h.t.HelmChartContainer - [hivemq-test-hivemq-platform] [hivemq-platform-operator] [77f8e5a1] 14:01:39.062 [ReconcilerExecutor-hivemq-controller-114] DEBUG c.h.p.o.HiveMQPlatformReconciler - [helmbrok] Custom Resource Status STARTING - HiveMQ Platform is starting (READY)
2025-01-29 14:01:39,064 INFO c.h.h.t.HelmChartContainer - [hivemq-test-hivemq-platform] [hivemq-platform-operator] [77f8e5a1] 14:01:39.062 [ReconcilerExecutor-hivemq-controller-114] DEBUG c.h.p.o.HiveMQPlatformReconciler - [helmbrok] Custom Resource Spec (replicas: 1) (extensions: 1)
2025-01-29 14:01:39,065 INFO c.h.h.t.HelmChartContainer - [hivemq-test-hivemq-platform] [hivemq-platform-operator] [77f8e5a1] 14:01:39.064 [ReconcilerExecutor-hivemq-controller-114] DEBUG c.h.p.o.HiveMQPlatformReconciler - [helmbrok] StatefulSet Status (revision: test-hivemq-platform-6994fc54f5, replicas: 1, available: 1, ready: 1, current: 1, updated: 1)
2025-01-29 14:01:39,066 INFO c.h.h.t.HelmChartContainer - [hivemq-test-hivemq-platform] [hivemq-platform-operator] [77f8e5a1] 14:01:39.064 [ReconcilerExecutor-hivemq-controller-114] DEBUG c.h.p.o.HiveMQPlatformReconciler - [helmbrok] StatefulSet Spec (replicas: 1, init containers: 1, containers: 1, volumes: 4)
2025-01-29 14:01:39,067 INFO c.h.h.t.HelmChartContainer - [hivemq-test-hivemq-platform] [hivemq-platform-operator] [77f8e5a1] 14:01:39.065 [ReconcilerExecutor-hivemq-controller-114] DEBUG c.h.p.o.h.HiveMQPlatformReconcilerErrorHandler - [helmbrok] Pod 'test-hivemq-platform-0' phase Running
2025-01-29 14:01:39,068 INFO c.h.h.t.HelmChartContainer - [hivemq-test-hivemq-platform] [hivemq-platform-operator] [77f8e5a1] 14:01:39.066 [ReconcilerExecutor-hivemq-controller-114] INFO  c.h.p.o.h.HiveMQPlatformReconcilerBaseHandler - [helmbrok] HiveMQ Platform started successfully
2025-01-29 14:01:39,181 INFO c.h.h.t.HelmChartContainer - [hivemq-test-hivemq-platform] [hivemq-platform-operator] [77f8e5a1] 14:01:39.179 [ReconcilerExecutor-hivemq-controller-114] DEBUG c.h.p.operator.event.EventSender - [helmbrok] Creating K8s event hivemq-platform-ready: [Ready] HiveMQ Platform is ready
2025-01-29 14:01:39,188 INFO c.h.h.t.HelmChartContainer - [EVENT] Normal [Ready] HiveMQ Platform is ready [helmbrokerlicensesit:test-hivemq-platform]
2025-01-29 14:01:39,193 INFO c.h.h.t.HelmChartContainer - [hivemq-test-hivemq-platform] [hivemq-platform-operator] [77f8e5a1] 14:01:39.191 [ReconcilerExecutor-hivemq-controller-114] INFO  c.h.p.o.h.AbstractHiveMQReconcilerStateHandler - [helmbrok] Update HiveMQ Platform Status (STARTING [READY] -> RUNNING [READY]): HiveMQ Platform is ready
2025-01-29 14:01:39,204 DEBUG com.hivemq.helmcharts.util.K8sUtil - Comparing actual state 'RUNNING' and waiting for 'RUNNING'
2025-01-29 14:01:39,266 INFO c.h.h.t.HelmChartContainer - [hivemq-test-hivemq-platform] [hivemq-platform-operator] [77f8e5a1] 14:01:39.262 [pool-6-thread-27] DEBUG c.h.p.o.d.PlatformServiceResource - [helmbrok] Desired Platform services (3 services)
2025-01-29 14:01:39,266 INFO c.h.h.t.HelmChartContainer - [hivemq-test-hivemq-platform] [hivemq-platform-operator] [77f8e5a1] 14:01:39.263 [pool-6-thread-26] DEBUG c.h.p.o.d.PodServiceAccountResource - [helmbrok] Desired PodServiceAccountResource (serviceAccountName: hivemq-platform-pod-test-hivemq-platform)
2025-01-29 14:01:39,266 INFO c.h.h.t.HelmChartContainer - [hivemq-test-hivemq-platform] [hivemq-platform-operator] [77f8e5a1] 14:01:39.264 [pool-6-thread-28] DEBUG c.h.p.o.dependants.PodInfoConfigMap - [helmbrok] Desired PodInfo ConfigMap (1 extensions) (1 enabled)
2025-01-29 14:01:39,266 INFO c.h.h.t.HelmChartContainer - [hivemq-test-hivemq-platform] [hivemq-platform-operator] [77f8e5a1] 14:01:39.264 [pool-6-thread-28] DEBUG c.h.p.o.dependants.PodInfoConfigMap - [helmbrok] Desired PodInfo ConfigMap (metrics port: 9399) (metrics path: /)
2025-01-29 14:01:39,266 INFO c.h.h.t.HelmChartContainer - [hivemq-test-hivemq-platform] [hivemq-platform-operator] [77f8e5a1] 14:01:39.264 [pool-6-thread-28] DEBUG c.h.p.o.dependants.PodInfoConfigMap - [helmbrok] Desired PodInfo ConfigMap (extension state hash: -1817474005)
2025-01-29 14:01:39,266 INFO c.h.h.t.HelmChartContainer - [hivemq-test-hivemq-platform] [hivemq-platform-operator] [77f8e5a1] 14:01:39.265 [pool-6-thread-28] DEBUG c.h.p.o.dependants.PodInfoConfigMap - [helmbrok] Update PodInfo ConfigMap
2025-01-29 14:01:39,276 INFO c.h.h.t.HelmChartContainer - [hivemq-test-hivemq-platform] [hivemq-platform-operator] [77f8e5a1] 14:01:39.276 [pool-6-thread-28] DEBUG c.h.p.o.d.StatefulSetResource - [helmbrok] Desired StatefulSet (1 replicas) for status RUNNING (READY)
2025-01-29 14:01:39,279 INFO c.h.h.t.HelmChartContainer - [hivemq-test-hivemq-platform] [hivemq-platform-operator] [77f8e5a1] 14:01:39.278 [ReconcilerExecutor-hivemq-controller-115] INFO  c.h.p.o.HiveMQPlatformReconciler - [helmbrok] Reconciling HiveMQ Platform 'test-hivemq-platform' in namespace 'helmbrokerlicensesit'
2025-01-29 14:01:39,280 INFO c.h.h.t.HelmChartContainer - [hivemq-test-hivemq-platform] [hivemq-platform-operator] [77f8e5a1] 14:01:39.279 [ReconcilerExecutor-hivemq-controller-115] DEBUG c.h.p.o.HiveMQPlatformReconciler - [helmbrok] Custom Resource Status RUNNING - HiveMQ Platform is ready (READY)
2025-01-29 14:01:39,280 INFO c.h.h.t.HelmChartContainer - [hivemq-test-hivemq-platform] [hivemq-platform-operator] [77f8e5a1] 14:01:39.279 [ReconcilerExecutor-hivemq-controller-115] DEBUG c.h.p.o.HiveMQPlatformReconciler - [helmbrok] Custom Resource Spec (replicas: 1) (extensions: 1)
2025-01-29 14:01:39,360 INFO c.h.h.t.HelmChartContainer - [hivemq-test-hivemq-platform] [hivemq-platform-operator] [77f8e5a1] 14:01:39.358 [ReconcilerExecutor-hivemq-controller-115] DEBUG c.h.p.o.HiveMQPlatformReconciler - [helmbrok] StatefulSet Status (revision: test-hivemq-platform-6994fc54f5, replicas: 1, available: 1, ready: 1, current: 1, updated: 1)
2025-01-29 14:01:39,360 INFO c.h.h.t.HelmChartContainer - [hivemq-test-hivemq-platform] [hivemq-platform-operator] [77f8e5a1] 14:01:39.358 [ReconcilerExecutor-hivemq-controller-115] DEBUG c.h.p.o.HiveMQPlatformReconciler - [helmbrok] StatefulSet Spec (replicas: 1, init containers: 1, containers: 1, volumes: 4)
2025-01-29 14:01:39,362 INFO c.h.h.t.HelmChartContainer - [hivemq-test-hivemq-platform] [hivemq-platform-operator] [77f8e5a1] 14:01:39.361 [ReconcilerExecutor-hivemq-controller-115] DEBUG c.h.p.o.h.HiveMQPlatformReconcilerErrorHandler - [helmbrok] Pod 'test-hivemq-platform-0' phase Running
2025-01-29 14:01:43,225 INFO c.h.h.t.HelmChartContainer - Uninstalling release 'test-hivemq-platform' in namespace 'helmbrokerlicensesit'...
2025-01-29 14:01:43,225 DEBUG c.h.h.t.HelmChartContainer - Executing helm command: /bin/helm --kubeconfig /etc/rancher/k3s/k3s.yaml uninstall test-hivemq-platform  --wait --timeout 5m0s --cascade foreground --namespace helmbrokerlicensesit
2025-01-29 14:01:43,407 INFO c.h.h.t.HelmChartContainer - [hivemq-test-hivemq-platform] [hivemq-platform-operator] [77f8e5a1] 14:01:43.403 [pool-6-thread-31] DEBUG c.h.p.o.d.PlatformServiceResource - [helmbrok] Desired Platform services (3 services)
2025-01-29 14:01:43,408 INFO c.h.h.t.HelmChartContainer - [hivemq-test-hivemq-platform] [hivemq-platform-operator] [77f8e5a1] 14:01:43.403 [pool-6-thread-33] DEBUG c.h.p.o.dependants.PodInfoConfigMap - [helmbrok] Desired PodInfo ConfigMap (1 extensions) (1 enabled)
2025-01-29 14:01:43,408 INFO c.h.h.t.HelmChartContainer - [hivemq-test-hivemq-platform] [hivemq-platform-operator] [77f8e5a1] 14:01:43.404 [pool-6-thread-33] DEBUG c.h.p.o.dependants.PodInfoConfigMap - [helmbrok] Desired PodInfo ConfigMap (metrics port: 9399) (metrics path: /)
2025-01-29 14:01:43,408 INFO c.h.h.t.HelmChartContainer - [hivemq-test-hivemq-platform] [hivemq-platform-operator] [77f8e5a1] 14:01:43.404 [pool-6-thread-33] DEBUG c.h.p.o.dependants.PodInfoConfigMap - [helmbrok] Desired PodInfo ConfigMap (extension state hash: -1817474005)
2025-01-29 14:01:43,408 INFO c.h.h.t.HelmChartContainer - [hivemq-test-hivemq-platform] [hivemq-platform-operator] [77f8e5a1] 14:01:43.406 [pool-6-thread-33] DEBUG c.h.p.o.d.PodServiceAccountResource - [helmbrok] Desired PodServiceAccountResource (serviceAccountName: hivemq-platform-pod-test-hivemq-platform)
2025-01-29 14:01:43,411 INFO c.h.h.t.HelmChartContainer - [hivemq-test-hivemq-platform] [hivemq-platform-operator] [77f8e5a1] 14:01:43.410 [pool-6-thread-31] DEBUG c.h.p.o.d.StatefulSetResource - [helmbrok] Desired StatefulSet (1 replicas) for status RUNNING (READY)
2025-01-29 14:01:43,467 INFO c.h.h.t.HelmChartContainer - [hivemq-test-hivemq-platform] [hivemq-platform-operator] [77f8e5a1] 14:01:43.460 [ReconcilerExecutor-hivemq-controller-116] INFO  c.h.p.o.HiveMQPlatformReconciler - [helmbrok] Reconciling HiveMQ Platform 'test-hivemq-platform' in namespace 'helmbrokerlicensesit'
2025-01-29 14:01:43,467 INFO c.h.h.t.HelmChartContainer - [hivemq-test-hivemq-platform] [hivemq-platform-operator] [77f8e5a1] 14:01:43.460 [ReconcilerExecutor-hivemq-controller-116] DEBUG c.h.p.o.HiveMQPlatformReconciler - [helmbrok] Custom Resource Status RUNNING - HiveMQ Platform is ready (READY)
2025-01-29 14:01:43,467 INFO c.h.h.t.HelmChartContainer - [hivemq-test-hivemq-platform] [hivemq-platform-operator] [77f8e5a1] 14:01:43.460 [ReconcilerExecutor-hivemq-controller-116] DEBUG c.h.p.o.HiveMQPlatformReconciler - [helmbrok] Custom Resource Spec (replicas: 1) (extensions: 1)
2025-01-29 14:01:43,467 INFO c.h.h.t.HelmChartContainer - [hivemq-test-hivemq-platform] [hivemq-platform-operator] [77f8e5a1] 14:01:43.462 [ReconcilerExecutor-hivemq-controller-116] DEBUG c.h.p.o.HiveMQPlatformReconciler - [helmbrok] StatefulSet Status (revision: test-hivemq-platform-6994fc54f5, replicas: 1, available: 1, ready: 1, current: 1, updated: 1)
2025-01-29 14:01:43,467 INFO c.h.h.t.HelmChartContainer - [hivemq-test-hivemq-platform] [hivemq-platform-operator] [77f8e5a1] 14:01:43.462 [ReconcilerExecutor-hivemq-controller-116] DEBUG c.h.p.o.HiveMQPlatformReconciler - [helmbrok] StatefulSet Spec (replicas: 1, init containers: 1, containers: 1, volumes: 4)
2025-01-29 14:01:43,467 INFO c.h.h.t.HelmChartContainer - [hivemq-test-hivemq-platform] [hivemq-platform-operator] [77f8e5a1] 14:01:43.463 [ReconcilerExecutor-hivemq-controller-116] DEBUG c.h.p.o.h.HiveMQPlatformReconcilerErrorHandler - [helmbrok] Pod 'test-hivemq-platform-0' phase Running
2025-01-29 14:01:43,473 INFO c.h.h.t.HelmChartContainer - [hivemq-test-hivemq-platform] [hivemq-platform-operator] [77f8e5a1] 14:01:43.472 [ReconcilerExecutor-hivemq-controller-117] INFO  c.h.p.o.HiveMQPlatformReconciler - [helmbrok] Cleanup test-hivemq-platform - helmbrokerlicensesit HiveMQ Platform is shut down
2025-01-29 14:01:44,262 INFO c.h.h.t.HelmChartContainer - [POD] test-hivemq-platform-0 [d24a37ec-97d6-48dc-8147-cc9b5c1786ac] in helmbrokerlicensesit was MODIFIED
2025-01-29 14:01:44,270 INFO c.h.h.t.HelmChartContainer - [EVENT] Normal [Killing] Stopping container hivemq [helmbrokerlicensesit:test-hivemq-platform-0]
2025-01-29 14:01:44,271 INFO c.h.h.t.HelmChartContainer - Received Killing event for container hivemq in pod test-hivemq-platform-0 [d24a37ec-97d6-48dc-8147-cc9b5c1786ac]
2025-01-29 14:01:44,271 INFO c.h.h.t.HelmChartContainer - Container [test-hivemq-platform-0] [hivemq] [d24a37ec-97d6-48dc-8147-cc9b5c1786ac] was terminated
2025-01-29 14:01:44,271 INFO c.h.h.t.HelmChartContainer - Stopped log watcher for hivemq in pod test-hivemq-platform-0 [d24a37ec-97d6-48dc-8147-cc9b5c1786ac]
2025-01-29 14:01:44,275 INFO c.h.h.t.HelmChartContainer - [test-hivemq-platform] [hivemq] [d24a37ec] INFO  - [HiveMQ Platform Operator Init App 1.7.0-SNAPSHOT] Shutting down
2025-01-29 14:01:44,276 INFO c.h.h.t.HelmChartContainer - [test-hivemq-platform] [hivemq] [d24a37ec] INFO  - [HiveMQ Platform Operator Init App 1.7.0-SNAPSHOT] Stopping the HiveMQ Platform
2025-01-29 14:01:44,388 INFO c.h.h.t.HelmChartContainer - [test-hivemq-platform] [hivemq] [d24a37ec] INFO  - Shutting down HiveMQ. Please wait, this could take a while...
2025-01-29 14:01:44,393 INFO c.h.h.t.HelmChartContainer - [test-hivemq-platform] [hivemq] [d24a37ec] INFO  - Shutting down listeners and clients
2025-01-29 14:01:44,393 INFO c.h.h.t.HelmChartContainer - [test-hivemq-platform] [hivemq] [d24a37ec] INFO  - Shutdown of listeners is done
2025-01-29 14:01:44,394 INFO c.h.h.t.HelmChartContainer - [test-hivemq-platform] [hivemq] [d24a37ec] INFO  - No clients are connected, proceeding with shutdown
2025-01-29 14:01:44,479 INFO c.h.h.t.HelmChartContainer - [K3S] [authentication.go:74] "Unable to authenticate the request" err="[invalid bearer token, serviceaccounts \"hivemq-platform-pod-test-hivemq-platform\" not found]"
2025-01-29 14:01:44,496 INFO c.h.h.t.HelmChartContainer - [K3S] [authentication.go:74] "Unable to authenticate the request" err="[invalid bearer token, serviceaccounts \"hivemq-platform-pod-test-hivemq-platform\" not found]"
2025-01-29 14:01:44,586 INFO c.h.h.t.HelmChartContainer - [test-hivemq-platform] [hivemq] [d24a37ec] WARN  - [HiveMQ Platform Operator Init App 1.7.0-SNAPSHOT] Could not update Pod annotations: Failure executing: GET at: https://10.43.0.1:443/api/v1/namespaces/helmbrokerlicensesit/pods/test-hivemq-platform-0. Message: Unauthorized. Received status: Status(apiVersion=v1, code=401, details=null, kind=Status, message=Unauthorized, metadata=ListMeta(_continue=null, remainingItemCount=null, resourceVersion=null, selfLink=null, additionalProperties={}), reason=Unauthorized, status=Failure, additionalProperties={}).
2025-01-29 14:01:45,471 INFO c.h.h.t.HelmChartContainer - Deleting namespace 'helmbrokerlicensesit'...
2025-01-29 14:01:47,684 INFO c.h.h.t.HelmChartContainer - [test-hivemq-platform] [hivemq] [d24a37ec] INFO  - Shutting down extension system
2025-01-29 14:01:47,686 INFO c.h.h.t.HelmChartContainer - [test-hivemq-platform] [hivemq] [d24a37ec] INFO  - Stopping extension with id hivemq-dns-cluster-discovery
2025-01-29 14:01:47,687 INFO c.h.h.t.HelmChartContainer - [test-hivemq-platform] [hivemq] [d24a37ec] INFO  - Extension "DNS Cluster Discovery Extension" version 4.3.2 stopped successfully.
2025-01-29 14:01:47,687 INFO c.h.h.t.HelmChartContainer - [test-hivemq-platform] [hivemq] [d24a37ec] INFO  - Stopping extension with id hivemq-prometheus-extension
2025-01-29 14:01:47,691 INFO c.h.h.t.HelmChartContainer - [test-hivemq-platform] [hivemq] [d24a37ec] INFO  - Extension "Prometheus Monitoring Extension" version 4.0.12 stopped successfully.
2025-01-29 14:01:47,691 INFO c.h.h.t.HelmChartContainer - [test-hivemq-platform] [hivemq] [d24a37ec] INFO  - Stopping extension with id hivemq-allow-all-extension
2025-01-29 14:01:47,691 INFO c.h.h.t.HelmChartContainer - [test-hivemq-platform] [hivemq] [d24a37ec] INFO  - Extension "Allow All Extension" version 1.1.1 stopped successfully.
2025-01-29 14:01:48,993 INFO c.h.h.t.HelmChartContainer - [test-hivemq-platform] [hivemq] [d24a37ec] INFO  - [HiveMQ Platform Operator Init App 1.7.0-SNAPSHOT] Returning shutdown Health API response 503 for readiness
2025-01-29 14:01:48,997 INFO c.h.h.t.HelmChartContainer - [EVENT] Warning [Unhealthy] Readiness probe failed: HTTP probe failed with statuscode: 503 [helmbrokerlicensesit:test-hivemq-platform-0]
2025-01-29 14:01:48,997 INFO c.h.h.t.HelmChartContainer - Received Unhealthy event for container hivemq in pod test-hivemq-platform-0 [d24a37ec-97d6-48dc-8147-cc9b5c1786ac]
2025-01-29 14:01:49,590 INFO c.h.h.t.HelmChartContainer - [K3S] [authentication.go:74] "Unable to authenticate the request" err="[invalid bearer token, serviceaccounts \"hivemq-platform-pod-test-hivemq-platform\" not found]"
2025-01-29 14:01:49,600 INFO c.h.h.t.HelmChartContainer - [K3S] [authentication.go:74] "Unable to authenticate the request" err="[invalid bearer token, serviceaccounts \"hivemq-platform-pod-test-hivemq-platform\" not found]"
2025-01-29 14:01:49,602 INFO c.h.h.t.HelmChartContainer - [test-hivemq-platform] [hivemq] [d24a37ec] WARN  - [HiveMQ Platform Operator Init App 1.7.0-SNAPSHOT] Could not update Pod annotations: Failure executing: GET at: https://10.43.0.1:443/api/v1/namespaces/helmbrokerlicensesit/pods/test-hivemq-platform-0. Message: Unauthorized. Received status: Status(apiVersion=v1, code=401, details=null, kind=Status, message=Unauthorized, metadata=ListMeta(_continue=null, remainingItemCount=null, resourceVersion=null, selfLink=null, additionalProperties={}), reason=Unauthorized, status=Failure, additionalProperties={}).
2025-01-29 14:01:49,977 INFO c.h.h.t.HelmChartContainer - [test-hivemq-platform] [hivemq] [d24a37ec] INFO  - Shutdown completed.
2025-01-29 14:01:50,325 INFO c.h.h.t.HelmChartContainer - [test-hivemq-platform] [hivemq] [d24a37ec] INFO  - [HiveMQ Platform Operator Init App 1.7.0-SNAPSHOT] The HiveMQ Platform exited with code 143
2025-01-29 14:01:50,325 INFO c.h.h.t.HelmChartContainer - [test-hivemq-platform] [hivemq] [d24a37ec] INFO  - [HiveMQ Platform Operator Init App 1.7.0-SNAPSHOT] Stopping the REST API
2025-01-29 14:01:50,331 INFO c.h.h.t.HelmChartContainer - [test-hivemq-platform] [hivemq] [d24a37ec] INFO  - [HiveMQ Platform Operator Init App 1.7.0-SNAPSHOT] Shutdown complete
2025-01-29 14:01:50,573 INFO c.h.h.t.HelmChartContainer - [K3S] [stateful_set.go:466] "StatefulSet has been deleted" key="helmbrokerlicensesit/test-hivemq-platform"
2025-01-29 14:01:50,786 INFO c.h.h.t.HelmChartContainer - [POD] test-hivemq-platform-0 [d24a37ec-97d6-48dc-8147-cc9b5c1786ac] in helmbrokerlicensesit was MODIFIED
2025-01-29 14:01:50,925 INFO c.h.h.t.HelmChartContainer - [K3S] [reconciler_common.go:162] "operationExecutor.UnmountVolume started for volume \"kube-api-access-tmfcq\" (UniqueName: \"kubernetes.io/projected/d24a37ec-97d6-48dc-8147-cc9b5c1786ac-kube-api-access-tmfcq\") pod \"d24a37ec-97d6-48dc-8147-cc9b5c1786ac\" (UID: \"d24a37ec-97d6-48dc-8147-cc9b5c1786ac\") "
2025-01-29 14:01:50,926 INFO c.h.h.t.HelmChartContainer - [K3S] [reconciler_common.go:162] "operationExecutor.UnmountVolume started for volume \"broker-configuration\" (UniqueName: \"kubernetes.io/configmap/d24a37ec-97d6-48dc-8147-cc9b5c1786ac-broker-configuration\") pod \"d24a37ec-97d6-48dc-8147-cc9b5c1786ac\" (UID: \"d24a37ec-97d6-48dc-8147-cc9b5c1786ac\") "
2025-01-29 14:01:50,926 INFO c.h.h.t.HelmChartContainer - [K3S] [reconciler_common.go:162] "operationExecutor.UnmountVolume started for volume \"pod-info\" (UniqueName: \"kubernetes.io/configmap/d24a37ec-97d6-48dc-8147-cc9b5c1786ac-pod-info\") pod \"d24a37ec-97d6-48dc-8147-cc9b5c1786ac\" (UID: \"d24a37ec-97d6-48dc-8147-cc9b5c1786ac\") "
2025-01-29 14:01:50,926 INFO c.h.h.t.HelmChartContainer - [K3S] [reconciler_common.go:162] "operationExecutor.UnmountVolume started for volume \"operator-init\" (UniqueName: \"kubernetes.io/empty-dir/d24a37ec-97d6-48dc-8147-cc9b5c1786ac-operator-init\") pod \"d24a37ec-97d6-48dc-8147-cc9b5c1786ac\" (UID: \"d24a37ec-97d6-48dc-8147-cc9b5c1786ac\") "
2025-01-29 14:01:50,926 INFO c.h.h.t.HelmChartContainer - [K3S] [reconciler_common.go:162] "operationExecutor.UnmountVolume started for volume \"licenses\" (UniqueName: \"kubernetes.io/secret/d24a37ec-97d6-48dc-8147-cc9b5c1786ac-licenses\") pod \"d24a37ec-97d6-48dc-8147-cc9b5c1786ac\" (UID: \"d24a37ec-97d6-48dc-8147-cc9b5c1786ac\") "
2025-01-29 14:01:51,026 INFO c.h.h.t.HelmChartContainer - [K3S] [reconciler_common.go:299] "Volume detached for volume \"kube-api-access-tmfcq\" (UniqueName: \"kubernetes.io/projected/d24a37ec-97d6-48dc-8147-cc9b5c1786ac-kube-api-access-tmfcq\") on node \"a5210c6ce14a\" DevicePath \"\""
2025-01-29 14:01:51,026 INFO c.h.h.t.HelmChartContainer - [K3S] [reconciler_common.go:299] "Volume detached for volume \"broker-configuration\" (UniqueName: \"kubernetes.io/configmap/d24a37ec-97d6-48dc-8147-cc9b5c1786ac-broker-configuration\") on node \"a5210c6ce14a\" DevicePath \"\""
2025-01-29 14:01:51,026 INFO c.h.h.t.HelmChartContainer - [K3S] [reconciler_common.go:299] "Volume detached for volume \"operator-init\" (UniqueName: \"kubernetes.io/empty-dir/d24a37ec-97d6-48dc-8147-cc9b5c1786ac-operator-init\") on node \"a5210c6ce14a\" DevicePath \"\""
2025-01-29 14:01:51,026 INFO c.h.h.t.HelmChartContainer - [K3S] [reconciler_common.go:299] "Volume detached for volume \"licenses\" (UniqueName: \"kubernetes.io/secret/d24a37ec-97d6-48dc-8147-cc9b5c1786ac-licenses\") on node \"a5210c6ce14a\" DevicePath \"\""
2025-01-29 14:01:51,026 INFO c.h.h.t.HelmChartContainer - [K3S] [reconciler_common.go:299] "Volume detached for volume \"pod-info\" (UniqueName: \"kubernetes.io/configmap/d24a37ec-97d6-48dc-8147-cc9b5c1786ac-pod-info\") on node \"a5210c6ce14a\" DevicePath \"\""
2025-01-29 14:01:51,654 INFO c.h.h.t.HelmChartContainer - [K3S] [scope.go:117] "RemoveContainer" containerID="b179f9ff3236b3aab08b23bbf9bf17c5ed5befee8d9902c5d7e1fa507a427bc9"
2025-01-29 14:01:51,674 INFO c.h.h.t.HelmChartContainer - [POD] test-hivemq-platform-0 [d24a37ec-97d6-48dc-8147-cc9b5c1786ac] in helmbrokerlicensesit was MODIFIED
2025-01-29 14:01:51,674 INFO c.h.h.t.HelmChartContainer - [POD] test-hivemq-platform-0 [d24a37ec-97d6-48dc-8147-cc9b5c1786ac] in helmbrokerlicensesit was DELETED
2025-01-29 14:01:51,758 INFO c.h.h.t.HelmChartContainer - [K3S] [scope.go:117] "RemoveContainer" containerID="04e46aa13674610e73693fe47164e40442d2606db672af9c1cc5adbdef948a47"
2025-01-29 14:01:51,761 INFO c.h.h.t.HelmChartContainer - [K3S] [scope.go:117] "RemoveContainer" containerID="b179f9ff3236b3aab08b23bbf9bf17c5ed5befee8d9902c5d7e1fa507a427bc9"
2025-01-29 14:01:51,761 INFO c.h.h.t.HelmChartContainer - [K3S] [scope.go:117] "RemoveContainer" containerID="04e46aa13674610e73693fe47164e40442d2606db672af9c1cc5adbdef948a47"
2025-01-29 14:01:52,006 INFO c.h.h.t.HelmChartContainer - [K3S] [kubelet_volumes.go:163] "Cleaned up orphaned pod volumes dir" podUID="d24a37ec-97d6-48dc-8147-cc9b5c1786ac" path="/var/lib/kubelet/pods/d24a37ec-97d6-48dc-8147-cc9b5c1786ac/volumes"
2025-01-29 14:01:55,803 INFO c.h.h.t.HelmChartContainer - Namespace 'helmbrokerlicensesit' deleted
2025-01-29 14:01:55,803 INFO c.h.h.t.HelmChartContainer - Release 'test-hivemq-platform' in namespace 'helmbrokerlicensesit' is uninstalled
2025-01-29 14:01:55,803 INFO c.h.h.t.HelmChartContainer - Uninstalling release 'test-hivemq-platform-operator' in namespace 'helmbrokerlicensesit-operator'...
2025-01-29 14:01:55,804 DEBUG c.h.h.t.HelmChartContainer - Executing helm command: /bin/helm --kubeconfig /etc/rancher/k3s/k3s.yaml uninstall test-hivemq-platform-operator  --wait --timeout 5m0s --cascade foreground --namespace helmbrokerlicensesit-operator
2025-01-29 14:01:55,956 INFO c.h.h.t.HelmChartContainer - [K3S] [replica_set.go:679] "Finished syncing" kind="ReplicaSet" key="helmbrokerlicensesit-operator/hivemq-test-hivemq-platform-operator-6966f96d65" duration="9.366435ms"
2025-01-29 14:01:55,957 INFO c.h.h.t.HelmChartContainer - [K3S] [replica_set.go:679] "Finished syncing" kind="ReplicaSet" key="helmbrokerlicensesit-operator/hivemq-test-hivemq-platform-operator-6966f96d65" duration="30.878µs"
2025-01-29 14:01:55,970 INFO c.h.h.t.HelmChartContainer - [POD] hivemq-test-hivemq-platform-operator-6966f96d65-hf6kw [77f8e5a1-cf53-4828-9c2a-db49df4d03ed] in helmbrokerlicensesit-operator was MODIFIED
2025-01-29 14:01:55,977 INFO c.h.h.t.HelmChartContainer - [EVENT] Normal [Killing] Stopping container hivemq-platform-operator [helmbrokerlicensesit-operator:hivemq-test-hivemq-platform-operator-6966f96d65-hf6kw]
2025-01-29 14:01:55,977 INFO c.h.h.t.HelmChartContainer - Received Killing event for container hivemq-platform-operator in pod hivemq-test-hivemq-platform-operator-6966f96d65-hf6kw [77f8e5a1-cf53-4828-9c2a-db49df4d03ed]
2025-01-29 14:01:55,977 INFO c.h.h.t.HelmChartContainer - Container [hivemq-test-hivemq-platform-operator-6966f96d65-hf6kw] [hivemq-platform-operator] [77f8e5a1-cf53-4828-9c2a-db49df4d03ed] was terminated
2025-01-29 14:01:55,977 INFO c.h.h.t.HelmChartContainer - Stopped log watcher for hivemq-platform-operator in pod hivemq-test-hivemq-platform-operator-6966f96d65-hf6kw [77f8e5a1-cf53-4828-9c2a-db49df4d03ed]
2025-01-29 14:01:55,984 INFO c.h.h.t.HelmChartContainer - [K3S] [replica_set.go:679] "Finished syncing" kind="ReplicaSet" key="helmbrokerlicensesit-operator/hivemq-test-hivemq-platform-operator-6966f96d65" duration="11.141233ms"
2025-01-29 14:01:55,984 INFO c.h.h.t.HelmChartContainer - [K3S] [replica_set.go:679] "Finished syncing" kind="ReplicaSet" key="helmbrokerlicensesit-operator/hivemq-test-hivemq-platform-operator-6966f96d65" duration="29.595µs"
2025-01-29 14:01:56,024 INFO c.h.h.t.HelmChartContainer - [hivemq-test-hivemq-platform] [hivemq-platform-operator] [77f8e5a1] 14:01:56.022 [application-shutdown-thread] INFO  c.h.p.o.HiveMQPlatformOperatorApplication - HiveMQ Platform Operator is stopping...
2025-01-29 14:01:56,024 INFO c.h.h.t.HelmChartContainer - [hivemq-test-hivemq-platform] [hivemq-platform-operator] [77f8e5a1] 14:01:56.022 [application-shutdown-thread] INFO  i.javaoperatorsdk.operator.Operator - Operator SDK 4.9.7 is shutting down...
2025-01-29 14:01:56,595 INFO c.h.h.t.HelmChartContainer - [K3S] [replica_set.go:679] "Finished syncing" kind="ReplicaSet" key="helmbrokerlicensesit-operator/hivemq-test-hivemq-platform-operator-6966f96d65" duration="40.235µs"
2025-01-29 14:01:56,595 INFO c.h.h.t.HelmChartContainer - [POD] hivemq-test-hivemq-platform-operator-6966f96d65-hf6kw [77f8e5a1-cf53-4828-9c2a-db49df4d03ed] in helmbrokerlicensesit-operator was MODIFIED
2025-01-29 14:01:56,661 INFO c.h.h.t.HelmChartContainer - [K3S] [scope.go:117] "RemoveContainer" containerID="b13fab62dbefadb3620fa7f5b0135c85fa083c34703b719210ab604c452c29c7"
2025-01-29 14:01:56,664 INFO c.h.h.t.HelmChartContainer - [K3S] [scope.go:117] "RemoveContainer" containerID="b13fab62dbefadb3620fa7f5b0135c85fa083c34703b719210ab604c452c29c7"
2025-01-29 14:01:56,759 INFO c.h.h.t.HelmChartContainer - [K3S] [reconciler_common.go:162] "operationExecutor.UnmountVolume started for volume \"kube-api-access-fgbfj\" (UniqueName: \"kubernetes.io/projected/77f8e5a1-cf53-4828-9c2a-db49df4d03ed-kube-api-access-fgbfj\") pod \"77f8e5a1-cf53-4828-9c2a-db49df4d03ed\" (UID: \"77f8e5a1-cf53-4828-9c2a-db49df4d03ed\") "
2025-01-29 14:01:56,859 INFO c.h.h.t.HelmChartContainer - [K3S] [reconciler_common.go:299] "Volume detached for volume \"kube-api-access-fgbfj\" (UniqueName: \"kubernetes.io/projected/77f8e5a1-cf53-4828-9c2a-db49df4d03ed-kube-api-access-fgbfj\") on node \"a5210c6ce14a\" DevicePath \"\""
2025-01-29 14:01:56,973 INFO c.h.h.t.HelmChartContainer - [K3S] [replica_set.go:679] "Finished syncing" kind="ReplicaSet" key="helmbrokerlicensesit-operator/hivemq-test-hivemq-platform-operator-6966f96d65" duration="40.996µs"
2025-01-29 14:01:56,973 INFO c.h.h.t.HelmChartContainer - [POD] hivemq-test-hivemq-platform-operator-6966f96d65-hf6kw [77f8e5a1-cf53-4828-9c2a-db49df4d03ed] in helmbrokerlicensesit-operator was MODIFIED
2025-01-29 14:01:56,975 INFO c.h.h.t.HelmChartContainer - [K3S] [replica_set.go:679] "Finished syncing" kind="ReplicaSet" key="helmbrokerlicensesit-operator/hivemq-test-hivemq-platform-operator-6966f96d65" duration="30.136µs"
2025-01-29 14:01:56,975 INFO c.h.h.t.HelmChartContainer - [POD] hivemq-test-hivemq-platform-operator-6966f96d65-hf6kw [77f8e5a1-cf53-4828-9c2a-db49df4d03ed] in helmbrokerlicensesit-operator was DELETED
2025-01-29 14:01:56,988 INFO c.h.h.t.HelmChartContainer - [K3S] [replica_set.go:679] "Finished syncing" kind="ReplicaSet" key="helmbrokerlicensesit-operator/hivemq-test-hivemq-platform-operator-6966f96d65" duration="6.562µs"
2025-01-29 14:01:57,996 INFO c.h.h.t.HelmChartContainer - Deleting namespace 'helmbrokerlicensesit-operator'...
2025-01-29 14:01:58,006 INFO c.h.h.t.HelmChartContainer - [K3S] [kubelet_volumes.go:163] "Cleaned up orphaned pod volumes dir" podUID="77f8e5a1-cf53-4828-9c2a-db49df4d03ed" path="/var/lib/kubelet/pods/77f8e5a1-cf53-4828-9c2a-db49df4d03ed/volumes"
2025-01-29 14:02:00,711 INFO c.h.h.t.HelmChartContainer - [K3S] [namespace_controller.go:187] "Namespace has been deleted" namespace="helmbrokerlicensesit"
2025-01-29 14:02:03,213 INFO c.h.h.t.HelmChartContainer - Namespace 'helmbrokerlicensesit-operator' deleted
2025-01-29 14:02:03,213 INFO c.h.h.t.HelmChartContainer - Release 'test-hivemq-platform-operator' in namespace 'helmbrokerlicensesit-operator' is uninstalled
2025-01-29 14:02:03,854 INFO c.h.helmcharts.AbstractHelmChartIT - Removed unused containers:

2025-01-29 14:02:08,128 INFO c.h.h.t.HelmChartContainer - [K3S] [namespace_controller.go:187] "Namespace has been deleted" namespace="helmbrokerlicensesit-operator"
2025-01-29 14:02:11,439 INFO c.h.helmcharts.AbstractHelmChartIT - Removed unused snapshots:
Removing snapshot sha256:03af251906410714c5aef9fa705b63f6bbc39c4a5e787de7361eeb18886c2ed2
Removing snapshot sha256:0c46b3b43cce082ce5ec34ffc6c294e0417d17b9d1e6f366d114b6aadc4f96dc
Removing snapshot sha256:0ce761beee59082d6ed5bcebd3a805b8ddd9b3426b617e4809e7fb7c6587ffec
Removing snapshot sha256:0df91287303208332c8ff6ba40ae4710105201739addbfbddfb955f1ad593664
Removing snapshot sha256:1021ef88c7974bfff89c5a0ec4fd3160daac6c48a075f74cff721f85dd104e68
Removing snapshot sha256:10aba4953ddc18145dd38e3704709bc464aa20af60b56fe52caaff4b68411e62
Removing snapshot sha256:22d517e7ed57985f91e4d8da7972e94ca108e2b3f948dfec85474f560410a8a7
Removing snapshot sha256:2573e0d8158209ed54ab25c87bcdcb00bd3d2539246960a3d592a1c599d70465
Removing snapshot sha256:362a8a37f8bbc31925a8146adcf7cf51f9882f5c1dcbef67c5baa03a297543c0
Removing snapshot sha256:3fa4ad33f0ddc8fd45b39b6b4640f82a3a83619606cd975bfe89d8710ad2d4cd
Removing snapshot sha256:43a7c979bbaba6838bc3102d6b10a1459f3ab050b87ccdfef84ef90cf43d3058
Removing snapshot sha256:4ab04491cdf0d3267f08206fe30bd48f49f94b9cab2f016d6739220f722a64af
Removing snapshot sha256:4b6068250e89c96f263060261819c7d912855bfbd64b3eb4c4a8483299b8c295
Removing snapshot sha256:580e69a0a8034ede1921139bbd2bfb72a69ebf276d008281896c32dd8bf74775
Removing snapshot sha256:5d30ba46b27fe37484567ccc5242cadc78217b8da605f3f195ef25cbf7487904
Removing snapshot sha256:63ca1fbb43ae5034640e5e6cb3e083e05c290072c5366fcaa9d62435a4cced85
Removing snapshot sha256:67f702c6baae873bceb19487c8b1f27bd2b86077e4f2f0e480e6d60ab508b8f5
Removing snapshot sha256:6864348dd42806d552efdec384f1274be15e2d0c10ce44c1f04347af004c10a9
Removing snapshot sha256:6c7dee8f2c39b84b7dc2711c01d33de93514d9055499173e9290176fbe484b6c
Removing snapshot sha256:82753493a6d61ded36556292f02f31841a14c20d2f279f19eaad65afb661d5cd
Removing snapshot sha256:8a10d3db42c505ee0fcfa98417bdd7e39b304f6bcc0a06bb1b220797ff2cc63c
Removing snapshot sha256:a21e5b12dbac529ad45d976eb9ce45c881f3bedcc500fb30aba1e52aa1813418
Removing snapshot sha256:a6cdd4dcbb03b31de5fc648104373636a4162a5e70eb98869f426bb76e30df4b
Removing snapshot sha256:b921e6c28969094157f9b8e7244677780319637afd14450b7cb6b2fdea558a0c
Removing snapshot sha256:bc27ecb5769a00e309cf99ebc763c4a4b958b618d1decc96ffac5bc05f02f5b7
Removing snapshot sha256:be3ccb6627a5332e309d45ef461d09b4879dd870c7394d89323d0ebc6ca6aa8a
Removing snapshot sha256:c261f7cbbc64211ee175ee47273acdb7b1a36a4450b397a064a8f2c026490095
Removing snapshot sha256:c34d9393647eea0c9e3557ab988efaf59f61d10a2a5613b439ef0958cca5ec10
Removing snapshot sha256:ccf3c4a0fa967a41c1c83497a2ce6fa5787965859df0adb32c4ca2cf7490bc2b
Removing snapshot sha256:cf92d33f869417309692088c341cd0f223c178ea78a125f757317b22aa8f90e9
Removing snapshot sha256:d0037344cf2fb078884f1849f6a1f8cf9a33a3b6139b6a85833e5ee528e1f9a8
Removing snapshot sha256:d3b36d5b79273b1e98e7700470eaeff05a882e777124d84cebcc1505b85ecb36
Removing snapshot sha256:d65a44a37914602d12c611e5e22a50f11451d847e63015cc1c2aef92dee777a4
Removing snapshot sha256:e2dc0bae2455930f23ae570e019b7f32edc75c0f2d71cab084db837ff9051796
Removing snapshot sha256:eccbd24a99c60cd9e86ee5305dbfc4a4dc89f5ab4fb1f06c8d64797cecedef34
Removing snapshot sha256:f144bb4c7c7f0d2aa7eeffd36d934ec40db1ee167be727e326aad9fdc616f475

]]></system-out>
  </testcase>
  <system-out><![CDATA[2025-01-29 13:58:48,188 INFO c.h.h.t.HelmChartContainerExtension - Using cached HelmChartContainer instance
]]></system-out>
  <system-err><![CDATA[]]></system-err>
</testsuite>
