<?xml version="1.0" encoding="UTF-8"?>
<testsuite name="com.hivemq.helmcharts.platform.HelmPlatformMutualTlsIT" tests="1" skipped="0" failures="0" errors="0" timestamp="2025-09-25T12:31:41" hostname="runnervm3ublj" time="107.543">
  <properties/>
  <testcase name="withMutualTls_hivemqRunning()" classname="com.hivemq.helmcharts.platform.HelmPlatformMutualTlsIT" time="107.543"/>
</testsuite>
