<?xml version="1.0" encoding="UTF-8"?>
<testsuite name="com.hivemq.helmcharts.extensions.HelmDataHubIT" tests="1" skipped="0" failures="0" errors="0" timestamp="2025-01-30T04:00:02" hostname="fv-az1665-783" time="101.583">
  <properties/>
  <testcase name="withDataHubEnabled_messagesValidated()" classname="com.hivemq.helmcharts.extensions.HelmDataHubIT" time="101.583">
    <system-out><![CDATA[2025-01-30 04:00:02,249 INFO c.h.h.t.HelmChartContainer - Creating namespace 'helmdatahubit-operator'...
2025-01-30 04:00:02,439 INFO c.h.h.t.HelmChartContainer - Namespace 'helmdatahubit-operator' created
2025-01-30 04:00:02,439 INFO c.h.h.t.HelmChartContainer - Creating namespace 'helmdatahubit'...
2025-01-30 04:00:02,440 INFO c.h.h.t.HelmChartContainer - [POD] coredns-ff8999cc5-j6q7d [a08040f4-a3a4-4475-9d9d-8e639ad988d3] in kube-system was ADDED
2025-01-30 04:00:02,443 INFO c.h.h.t.HelmChartContainer - [POD] local-path-provisioner-698b58967b-lw4b5 [63df2c08-c80e-45e0-8b53-cf0b50de45ae] in kube-system was ADDED
2025-01-30 04:00:02,445 INFO c.h.h.t.HelmChartContainer - [POD] metrics-server-8584b5786c-zttlw [b90864c5-3ebd-46c0-bb59-c56cd1b42162] in kube-system was ADDED
2025-01-30 04:00:02,450 INFO c.h.h.t.HelmChartContainer - Namespace 'helmdatahubit' created
2025-01-30 04:00:02,517 DEBUG c.h.h.t.HelmChartContainer - Executing helm command: /bin/helm --kubeconfig /etc/rancher/k3s/k3s.yaml install test-hivemq-platform-operator /charts/hivemq-platform-operator --wait --timeout 5m0s --set image.repository=docker.io/hivemq --set image.name=hivemq-platform-operator-test --set image.initImageName=hivemq-platform-operator-init-test --set image.tag=snapshot --set image.pullPolicy=Never --set logLevel=DEBUG --set resources.cpu=512m --namespace helmdatahubit-operator
2025-01-30 04:00:04,930 INFO c.h.h.t.HelmChartContainer - [K3S] [alloc.go:330] "allocated clusterIPs" service="helmdatahubit-operator/hivemq-platform-operator-test-hivemq-platform-operator" clusterIPs={"IPv4":"10.43.183.228"}
2025-01-30 04:00:04,945 INFO c.h.h.t.HelmChartContainer - [EVENT] Normal [ScalingReplicaSet] Scaled up replica set hivemq-test-hivemq-platform-operator-6966f96d65 from 0 to 1 [helmdatahubit-operator:hivemq-test-hivemq-platform-operator]
2025-01-30 04:00:04,958 INFO c.h.h.t.HelmChartContainer - [POD] hivemq-test-hivemq-platform-operator-6966f96d65-w69km [b13a794d-22dc-4836-8e82-04999ab48891] in helmdatahubit-operator was ADDED
2025-01-30 04:00:04,968 INFO c.h.h.t.HelmChartContainer - [POD] hivemq-test-hivemq-platform-operator-6966f96d65-w69km [b13a794d-22dc-4836-8e82-04999ab48891] in helmdatahubit-operator was MODIFIED
2025-01-30 04:00:04,972 INFO c.h.h.t.HelmChartContainer - [EVENT] Normal [SuccessfulCreate] Created pod: hivemq-test-hivemq-platform-operator-6966f96d65-w69km [helmdatahubit-operator:hivemq-test-hivemq-platform-operator-6966f96d65]
2025-01-30 04:00:04,974 INFO c.h.h.t.HelmChartContainer - [EVENT] Normal [Scheduled] Successfully assigned helmdatahubit-operator/hivemq-test-hivemq-platform-operator-6966f96d65-w69km to c9034f6d1fe7 [helmdatahubit-operator:hivemq-test-hivemq-platform-operator-6966f96d65-w69km]
2025-01-30 04:00:04,980 INFO c.h.h.t.HelmChartContainer - [K3S] [replica_set.go:679] "Finished syncing" kind="ReplicaSet" key="helmdatahubit-operator/hivemq-test-hivemq-platform-operator-6966f96d65" duration="39.231899ms"
2025-01-30 04:00:04,982 INFO c.h.h.t.HelmChartContainer - [POD] hivemq-test-hivemq-platform-operator-6966f96d65-w69km [b13a794d-22dc-4836-8e82-04999ab48891] in helmdatahubit-operator was MODIFIED
2025-01-30 04:00:04,990 INFO c.h.h.t.HelmChartContainer - [K3S] [replica_set.go:679] "Finished syncing" kind="ReplicaSet" key="helmdatahubit-operator/hivemq-test-hivemq-platform-operator-6966f96d65" duration="11.074175ms"
2025-01-30 04:00:05,002 INFO c.h.h.t.HelmChartContainer - [K3S] [replica_set.go:679] "Finished syncing" kind="ReplicaSet" key="helmdatahubit-operator/hivemq-test-hivemq-platform-operator-6966f96d65" duration="11.435856ms"
2025-01-30 04:00:05,002 INFO c.h.h.t.HelmChartContainer - [K3S] [replica_set.go:679] "Finished syncing" kind="ReplicaSet" key="helmdatahubit-operator/hivemq-test-hivemq-platform-operator-6966f96d65" duration="35.566µs"
2025-01-30 04:00:05,021 INFO c.h.h.t.HelmChartContainer - [K3S] [reconciler_common.go:251] "operationExecutor.VerifyControllerAttachedVolume started for volume \"kube-api-access-6dl98\" (UniqueName: \"kubernetes.io/projected/b13a794d-22dc-4836-8e82-04999ab48891-kube-api-access-6dl98\") pod \"hivemq-test-hivemq-platform-operator-6966f96d65-w69km\" (UID: \"b13a794d-22dc-4836-8e82-04999ab48891\") " pod="helmdatahubit-operator/hivemq-test-hivemq-platform-operator-6966f96d65-w69km"
2025-01-30 04:00:05,353 INFO c.h.h.t.HelmChartContainer - [EVENT] Normal [Pulled] Container image "docker.io/hivemq/hivemq-platform-operator-test:snapshot" already present on machine [helmdatahubit-operator:hivemq-test-hivemq-platform-operator-6966f96d65-w69km]
2025-01-30 04:00:05,354 INFO c.h.h.t.HelmChartContainer - Received Pulled event for container hivemq-platform-operator in pod hivemq-test-hivemq-platform-operator-6966f96d65-w69km [b13a794d-22dc-4836-8e82-04999ab48891]
2025-01-30 04:00:05,360 INFO c.h.h.t.HelmChartContainer - [EVENT] Normal [Created] Created container: hivemq-platform-operator [helmdatahubit-operator:hivemq-test-hivemq-platform-operator-6966f96d65-w69km]
2025-01-30 04:00:05,361 INFO c.h.h.t.HelmChartContainer - Received Created event for container hivemq-platform-operator in pod hivemq-test-hivemq-platform-operator-6966f96d65-w69km [b13a794d-22dc-4836-8e82-04999ab48891]
2025-01-30 04:00:06,687 INFO c.h.h.t.HelmChartContainer - [K3S] [replica_set.go:679] "Finished syncing" kind="ReplicaSet" key="helmdatahubit-operator/hivemq-test-hivemq-platform-operator-6966f96d65" duration="48.921µs"
2025-01-30 04:00:06,693 INFO c.h.h.t.HelmChartContainer - [POD] hivemq-test-hivemq-platform-operator-6966f96d65-w69km [b13a794d-22dc-4836-8e82-04999ab48891] in helmdatahubit-operator was MODIFIED
2025-01-30 04:00:06,727 INFO c.h.h.t.HelmChartContainer - Started log watcher for hivemq-platform-operator in pod hivemq-test-hivemq-platform-operator-6966f96d65-w69km [b13a794d-22dc-4836-8e82-04999ab48891]
2025-01-30 04:00:06,727 INFO c.h.h.t.HelmChartContainer - [EVENT] Normal [Started] Started container hivemq-platform-operator [helmdatahubit-operator:hivemq-test-hivemq-platform-operator-6966f96d65-w69km]
2025-01-30 04:00:06,727 INFO c.h.h.t.HelmChartContainer - Received Started event for container hivemq-platform-operator in pod hivemq-test-hivemq-platform-operator-6966f96d65-w69km [b13a794d-22dc-4836-8e82-04999ab48891]
2025-01-30 04:00:06,727 INFO c.h.h.t.HelmChartContainer - [hivemq-test-hivemq-platform] [hivemq-platform-operator] [b13a794d] -------------------------------------------------------------------------
2025-01-30 04:00:06,727 INFO c.h.h.t.HelmChartContainer - [hivemq-test-hivemq-platform] [hivemq-platform-operator] [b13a794d] 
2025-01-30 04:00:06,727 INFO c.h.h.t.HelmChartContainer - [hivemq-test-hivemq-platform] [hivemq-platform-operator] [b13a794d]                   _    _  _              __  __   ____
2025-01-30 04:00:06,727 INFO c.h.h.t.HelmChartContainer - [hivemq-test-hivemq-platform] [hivemq-platform-operator] [b13a794d]                  | |  | |(_)            |  \/  | / __ \
2025-01-30 04:00:06,727 INFO c.h.h.t.HelmChartContainer - [hivemq-test-hivemq-platform] [hivemq-platform-operator] [b13a794d]                  | |__| | _ __   __ ___ | \  / || |  | |
2025-01-30 04:00:06,727 INFO c.h.h.t.HelmChartContainer - [hivemq-test-hivemq-platform] [hivemq-platform-operator] [b13a794d]                  |  __  || |\ \ / // _ \| |\/| || |  | |
2025-01-30 04:00:06,727 INFO c.h.h.t.HelmChartContainer - [hivemq-test-hivemq-platform] [hivemq-platform-operator] [b13a794d]                  | |  | || | \ V /|  __/| |  | || |__| |
2025-01-30 04:00:06,727 INFO c.h.h.t.HelmChartContainer - [hivemq-test-hivemq-platform] [hivemq-platform-operator] [b13a794d]                  |_|  |_||_|  \_/  \___||_|  |_| \___\_\
2025-01-30 04:00:06,727 INFO c.h.h.t.HelmChartContainer - [hivemq-test-hivemq-platform] [hivemq-platform-operator] [b13a794d] 
2025-01-30 04:00:06,728 INFO c.h.h.t.HelmChartContainer - [hivemq-test-hivemq-platform] [hivemq-platform-operator] [b13a794d] -------------------------------------------------------------------------
2025-01-30 04:00:06,728 INFO c.h.h.t.HelmChartContainer - [hivemq-test-hivemq-platform] [hivemq-platform-operator] [b13a794d] 
2025-01-30 04:00:06,728 INFO c.h.h.t.HelmChartContainer - [hivemq-test-hivemq-platform] [hivemq-platform-operator] [b13a794d]   HiveMQ Platform Operator Start Script v1.0
2025-01-30 04:00:06,728 INFO c.h.h.t.HelmChartContainer - [hivemq-test-hivemq-platform] [hivemq-platform-operator] [b13a794d] 
2025-01-30 04:00:06,728 INFO c.h.h.t.HelmChartContainer - [hivemq-test-hivemq-platform] [hivemq-platform-operator] [b13a794d] -------------------------------------------------------------------------
2025-01-30 04:00:06,728 INFO c.h.h.t.HelmChartContainer - [hivemq-test-hivemq-platform] [hivemq-platform-operator] [b13a794d] 
2025-01-30 04:00:06,728 INFO c.h.h.t.HelmChartContainer - [hivemq-test-hivemq-platform] [hivemq-platform-operator] [b13a794d]   JAVA_OPTS: -XX:+UnlockExperimentalVMOptions -XX:InitialRAMPercentage=75 -XX:MaxRAMPercentage=75 -Duser.language=en -Duser.region=US
2025-01-30 04:00:06,728 INFO c.h.h.t.HelmChartContainer - [hivemq-test-hivemq-platform] [hivemq-platform-operator] [b13a794d] 
2025-01-30 04:00:06,728 INFO c.h.h.t.HelmChartContainer - [hivemq-test-hivemq-platform] [hivemq-platform-operator] [b13a794d]   JAVA_VERSION: 21
2025-01-30 04:00:06,728 INFO c.h.h.t.HelmChartContainer - [hivemq-test-hivemq-platform] [hivemq-platform-operator] [b13a794d] 
2025-01-30 04:00:06,728 INFO c.h.h.t.HelmChartContainer - [hivemq-test-hivemq-platform] [hivemq-platform-operator] [b13a794d] -------------------------------------------------------------------------
2025-01-30 04:00:06,728 INFO c.h.h.t.HelmChartContainer - [hivemq-test-hivemq-platform] [hivemq-platform-operator] [b13a794d] 
2025-01-30 04:00:08,716 INFO c.h.h.t.HelmChartContainer - [hivemq-test-hivemq-platform] [hivemq-platform-operator] [b13a794d] 04:00:08.714 [main] DEBUG org.jboss.logging - Logging Provider: org.jboss.logging.Slf4jLoggerProvider
2025-01-30 04:00:08,898 INFO c.h.h.t.HelmChartContainer - [hivemq-test-hivemq-platform] [hivemq-platform-operator] [b13a794d] 04:00:08.897 [main] DEBUG io.smallrye.config - SRCFG01006: Loaded ConfigSource SysPropConfigSource with ordinal 400
2025-01-30 04:00:08,899 INFO c.h.h.t.HelmChartContainer - [hivemq-test-hivemq-platform] [hivemq-platform-operator] [b13a794d] 04:00:08.897 [main] DEBUG io.smallrye.config - SRCFG01006: Loaded ConfigSource EnvConfigSource with ordinal 300
2025-01-30 04:00:08,899 INFO c.h.h.t.HelmChartContainer - [hivemq-test-hivemq-platform] [hivemq-platform-operator] [b13a794d] 04:00:08.897 [main] DEBUG io.smallrye.config - SRCFG01006: Loaded ConfigSource PropertiesConfigSource[source=jar:file:///opt/hivemq-platform-operator/bin/hivemq-platform-operator.jar!/hivemq-platform-operator.properties] with ordinal 100
2025-01-30 04:00:08,899 INFO c.h.h.t.HelmChartContainer - [hivemq-test-hivemq-platform] [hivemq-platform-operator] [b13a794d] 04:00:08.897 [main] DEBUG io.smallrye.config - SRCFG01006: Loaded ConfigSource DefaultValuesConfigSource with ordinal -2147483648
2025-01-30 04:00:08,996 INFO c.h.h.t.HelmChartContainer - [hivemq-test-hivemq-platform] [hivemq-platform-operator] [b13a794d] 04:00:08.995 [main] DEBUG i.m.c.u.i.l.InternalLoggerFactory - Using SLF4J as the default logging framework
2025-01-30 04:00:09,109 INFO c.h.h.t.HelmChartContainer - [hivemq-test-hivemq-platform] [hivemq-platform-operator] [b13a794d] 04:00:09.101 [main] INFO  c.h.p.o.HiveMQPlatformOperatorApplication - HiveMQ Platform Operator 1.7.0-SNAPSHOT (commit: 47e3375 on branch: HEAD) built on Thu Jan 30 03:55:50 UTC 2025
2025-01-30 04:00:09,110 INFO c.h.h.t.HelmChartContainer - [hivemq-test-hivemq-platform] [hivemq-platform-operator] [b13a794d] 04:00:09.108 [main] INFO  c.h.p.o.HiveMQPlatformOperatorApplication - HiveMQ Platform Operator is running in namespace: helmdatahubit-operator
2025-01-30 04:00:09,111 INFO c.h.h.t.HelmChartContainer - [hivemq-test-hivemq-platform] [hivemq-platform-operator] [b13a794d] 04:00:09.108 [main] INFO  c.h.p.o.HiveMQPlatformOperatorApplication - Watching all namespaces
2025-01-30 04:00:09,111 INFO c.h.h.t.HelmChartContainer - [hivemq-test-hivemq-platform] [hivemq-platform-operator] [b13a794d] 04:00:09.108 [main] INFO  c.h.p.o.HiveMQPlatformOperatorApplication - Log level: DEBUG
2025-01-30 04:00:09,111 INFO c.h.h.t.HelmChartContainer - [hivemq-test-hivemq-platform] [hivemq-platform-operator] [b13a794d] 04:00:09.108 [main] INFO  c.h.p.o.HiveMQPlatformOperatorApplication - Release name: test-hivemq-platform-operator
2025-01-30 04:00:09,111 INFO c.h.h.t.HelmChartContainer - [hivemq-test-hivemq-platform] [hivemq-platform-operator] [b13a794d] 04:00:09.108 [main] INFO  c.h.p.o.HiveMQPlatformOperatorApplication - HiveMQ Platform Operator Init image: docker.io/hivemq/hivemq-platform-operator-init-test:snapshot
2025-01-30 04:00:09,111 INFO c.h.h.t.HelmChartContainer - [hivemq-test-hivemq-platform] [hivemq-platform-operator] [b13a794d] 04:00:09.108 [main] INFO  c.h.p.o.HiveMQPlatformOperatorApplication - HiveMQ Platform Operator Init App update URL: http://hivemq-platform-operator-test-hivemq-platform-operator.helmdatahubit-operator.svc:8080/initAppUpdate/hivemq-platform-operator-init-app-1.7.0-SNAPSHOT.jar
2025-01-30 04:00:09,111 INFO c.h.h.t.HelmChartContainer - [hivemq-test-hivemq-platform] [hivemq-platform-operator] [b13a794d] 04:00:09.109 [main] INFO  c.h.p.o.HiveMQPlatformOperatorApplication - Additional imagePullSecret for all Platform deployments: none
2025-01-30 04:00:09,111 INFO c.h.h.t.HelmChartContainer - [hivemq-test-hivemq-platform] [hivemq-platform-operator] [b13a794d] 04:00:09.109 [main] INFO  c.h.p.o.HiveMQPlatformOperatorApplication - Apply HiveMQ Platform CRD: true
2025-01-30 04:00:09,111 INFO c.h.h.t.HelmChartContainer - [hivemq-test-hivemq-platform] [hivemq-platform-operator] [b13a794d] 04:00:09.109 [main] INFO  c.h.p.o.HiveMQPlatformOperatorApplication - Create Platform ServiceAccount: true
2025-01-30 04:00:09,112 INFO c.h.h.t.HelmChartContainer - [hivemq-test-hivemq-platform] [hivemq-platform-operator] [b13a794d] 04:00:09.109 [main] INFO  c.h.p.o.HiveMQPlatformOperatorApplication - Create Platform ServiceAccount permissions: true
2025-01-30 04:00:09,112 INFO c.h.h.t.HelmChartContainer - [hivemq-test-hivemq-platform] [hivemq-platform-operator] [b13a794d] 04:00:09.109 [main] INFO  c.h.p.o.HiveMQPlatformOperatorApplication - Validate Platform ServiceAccount: true
2025-01-30 04:00:09,112 INFO c.h.h.t.HelmChartContainer - [hivemq-test-hivemq-platform] [hivemq-platform-operator] [b13a794d] 04:00:09.109 [main] INFO  c.h.p.o.HiveMQPlatformOperatorApplication - Validate Platform ServiceAccount permissions: true
2025-01-30 04:00:09,257 INFO c.h.h.t.HelmChartContainer - [hivemq-test-hivemq-platform] [hivemq-platform-operator] [b13a794d] 04:00:09.256 [main] INFO  c.h.platform.operator.util.CRDUtil - Verifying deployed HiveMQ Platform CRD...
2025-01-30 04:00:11,238 INFO c.h.h.t.HelmChartContainer - [POD] metrics-server-8584b5786c-zttlw [b90864c5-3ebd-46c0-bb59-c56cd1b42162] in kube-system was MODIFIED
2025-01-30 04:00:11,245 INFO c.h.h.t.HelmChartContainer - [K3S] [replica_set.go:679] "Finished syncing" kind="ReplicaSet" key="kube-system/metrics-server-8584b5786c" duration="9.730012ms"
2025-01-30 04:00:11,245 INFO c.h.h.t.HelmChartContainer - [K3S] [replica_set.go:679] "Finished syncing" kind="ReplicaSet" key="kube-system/metrics-server-8584b5786c" duration="32.461µs"
2025-01-30 04:00:11,607 INFO c.h.h.t.HelmChartContainer - [hivemq-test-hivemq-platform] [hivemq-platform-operator] [b13a794d] 04:00:11.606 [main] DEBUG c.h.platform.operator.util.CRDUtil - HiveMQ Platform CRD version v1 is up to date
2025-01-30 04:00:11,607 INFO c.h.h.t.HelmChartContainer - [hivemq-test-hivemq-platform] [hivemq-platform-operator] [b13a794d] 04:00:11.606 [main] INFO  c.h.platform.operator.util.CRDUtil - HiveMQ Platform CRD is up to date (version: V1_6_0)
2025-01-30 04:00:11,607 INFO c.h.h.t.HelmChartContainer - [hivemq-test-hivemq-platform] [hivemq-platform-operator] [b13a794d] 04:00:11.606 [main] INFO  c.h.platform.operator.util.CRDUtil - Waiting 10000 ms for HiveMQ Platform CRD 'hivemq-platforms.hivemq.com' to become ready...
2025-01-30 04:00:11,902 INFO c.h.h.t.HelmChartContainer - [hivemq-test-hivemq-platform] [hivemq-platform-operator] [b13a794d] 04:00:11.900 [vert.x-eventloop-thread-1] DEBUG c.h.platform.operator.util.CRDUtil - Checking CRD condition 'NamesAccepted' (status: 'True')
2025-01-30 04:00:11,904 INFO c.h.h.t.HelmChartContainer - [hivemq-test-hivemq-platform] [hivemq-platform-operator] [b13a794d] 04:00:11.900 [vert.x-eventloop-thread-1] DEBUG c.h.platform.operator.util.CRDUtil - Checking CRD condition 'Established' (status: 'True')
2025-01-30 04:00:11,904 INFO c.h.h.t.HelmChartContainer - [hivemq-test-hivemq-platform] [hivemq-platform-operator] [b13a794d] 04:00:11.902 [main] INFO  c.h.platform.operator.util.CRDUtil - HiveMQ Platform CRD 'hivemq-platforms.hivemq.com' is ready
2025-01-30 04:00:12,058 INFO c.h.h.t.HelmChartContainer - [hivemq-test-hivemq-platform] [hivemq-platform-operator] [b13a794d] 04:00:12.057 [main] INFO  c.h.p.o.HiveMQPlatformReconciler - HiveMQ Platform Operator is starting...
2025-01-30 04:00:12,115 INFO c.h.h.t.HelmChartContainer - [hivemq-test-hivemq-platform] [hivemq-platform-operator] [b13a794d] 04:00:12.114 [main] WARN  Default ConfigurationService implementation - Configuration for reconciler 'hivemq-controller' was not found. Known reconcilers: None.
2025-01-30 04:00:12,196 INFO c.h.h.t.HelmChartContainer - [hivemq-test-hivemq-platform] [hivemq-platform-operator] [b13a794d] 04:00:12.195 [main] INFO  Default ConfigurationService implementation - Created configuration for reconciler com.hivemq.platform.operator.HiveMQPlatformReconciler with name hivemq-controller
2025-01-30 04:00:12,259 INFO c.h.h.t.HelmChartContainer - [hivemq-test-hivemq-platform] [hivemq-platform-operator] [b13a794d] 04:00:12.258 [main] DEBUG c.h.p.o.HiveMQPlatformReconciler - HiveMQ Platform Operator is preparing EventSources
2025-01-30 04:00:12,304 INFO c.h.h.t.HelmChartContainer - [hivemq-test-hivemq-platform] [hivemq-platform-operator] [b13a794d] 04:00:12.303 [main] INFO  i.javaoperatorsdk.operator.Operator - Registered reconciler: 'hivemq-controller' for resource: 'class com.hivemq.platform.operator.v1.HiveMQPlatform' for namespace(s): [all namespaces]
2025-01-30 04:00:12,799 INFO c.h.h.t.HelmChartContainer - [hivemq-test-hivemq-platform] [hivemq-platform-operator] [b13a794d] 04:00:12.797 [main] INFO  c.h.p.operator.webserver.JettyServer - Starting Jetty server on port 8080
2025-01-30 04:00:12,897 INFO c.h.h.t.HelmChartContainer - [hivemq-test-hivemq-platform] [hivemq-platform-operator] [b13a794d] 04:00:12.896 [main] INFO  i.javaoperatorsdk.operator.Operator - Operator SDK 4.9.7 (commit: 2133d28) built on Wed Nov 20 12:56:20 UTC 2024 starting...
2025-01-30 04:00:12,897 INFO c.h.h.t.HelmChartContainer - [hivemq-test-hivemq-platform] [hivemq-platform-operator] [b13a794d] 04:00:12.896 [main] INFO  i.javaoperatorsdk.operator.Operator - Client version: 6.13.5
2025-01-30 04:00:12,898 INFO c.h.h.t.HelmChartContainer - [hivemq-test-hivemq-platform] [hivemq-platform-operator] [b13a794d] 04:00:12.897 [Controller Starter for: hivemq-controller] INFO  i.j.operator.processing.Controller - Starting 'hivemq-controller' controller for reconciler: com.hivemq.platform.operator.HiveMQPlatformReconciler, resource: com.hivemq.platform.operator.v1.HiveMQPlatform
2025-01-30 04:00:15,203 INFO c.h.h.t.HelmChartContainer - [hivemq-test-hivemq-platform] [hivemq-platform-operator] [b13a794d] 04:00:15.202 [Controller Starter for: hivemq-controller] INFO  i.j.operator.processing.Controller - 'hivemq-controller' controller started
2025-01-30 04:00:15,203 INFO c.h.h.t.HelmChartContainer - [hivemq-test-hivemq-platform] [hivemq-platform-operator] [b13a794d] 04:00:15.202 [main] INFO  c.h.p.o.HiveMQPlatformOperatorApplication - HiveMQ Platform Operator 1.7.0-SNAPSHOT started in 6101 ms
2025-01-30 04:00:16,341 INFO c.h.h.t.HelmChartContainer - [K3S] [range_allocator.go:247] "Successfully synced" key="c9034f6d1fe7"
2025-01-30 04:00:17,254 INFO c.h.h.t.HelmChartContainer - [POD] hivemq-test-hivemq-platform-operator-6966f96d65-w69km [b13a794d-22dc-4836-8e82-04999ab48891] in helmdatahubit-operator was MODIFIED
2025-01-30 04:00:17,259 INFO c.h.h.t.HelmChartContainer - [K3S] [replica_set.go:679] "Finished syncing" kind="ReplicaSet" key="helmdatahubit-operator/hivemq-test-hivemq-platform-operator-6966f96d65" duration="10.306605ms"
2025-01-30 04:00:17,259 INFO c.h.h.t.HelmChartContainer - [K3S] [replica_set.go:679] "Finished syncing" kind="ReplicaSet" key="helmdatahubit-operator/hivemq-test-hivemq-platform-operator-6966f96d65" duration="40.366µs"
2025-01-30 04:00:19,061 DEBUG c.h.h.t.HelmChartContainer - Executing helm command: /bin/helm --kubeconfig /etc/rancher/k3s/k3s.yaml install test-hivemq-platform /charts/hivemq-platform --wait --timeout 5m0s --set image.repository=docker.io/hivemq --set image.tag=4.36.0 --set image.pullPolicy=Never --set nodes.resources.cpu=512m -f /files/data-hub-values.yaml --namespace helmdatahubit
2025-01-30 04:00:19,302 INFO c.h.h.t.HelmChartContainer - [hivemq-test-hivemq-platform] [hivemq-platform-operator] [b13a794d] 04:00:19.301 [-2082509879-pool-1-thread-1] WARN  i.m.p.PrometheusMeterRegistry - The meter (MeterId{name='operator.sdk.events.received', tags=[tag(action=ADDED),tag(event=ResourceEvent),tag(group=hivemq.com),tag(kind=HiveMQPlatform),tag(name=test-hivemq-platform),tag(namespace=helmdatahubit),tag(scope=namespace),tag(version=v1)]}) registration has failed: Prometheus requires that all meters with the same name have the same set of tag keys. There is already an existing meter named 'operator.sdk.events.received' containing tag keys [event, group, kind, name, namespace, scope, version]. The meter you are attempting to register has keys [action, event, group, kind, name, namespace, scope, version]. Note that subsequent logs will be logged at debug level.
2025-01-30 04:00:19,766 INFO c.h.h.t.HelmChartContainer - [hivemq-test-hivemq-platform] [hivemq-platform-operator] [b13a794d] 04:00:19.763 [pool-6-thread-3] DEBUG c.h.p.o.dependants.PodInfoConfigMap - [helmdata] Desired PodInfo ConfigMap (1 extensions) (1 enabled)
2025-01-30 04:00:19,766 INFO c.h.h.t.HelmChartContainer - [hivemq-test-hivemq-platform] [hivemq-platform-operator] [b13a794d] 04:00:19.763 [pool-6-thread-3] DEBUG c.h.p.o.dependants.PodInfoConfigMap - [helmdata] Desired PodInfo ConfigMap (metrics port: 9399) (metrics path: /)
2025-01-30 04:00:19,766 INFO c.h.h.t.HelmChartContainer - [hivemq-test-hivemq-platform] [hivemq-platform-operator] [b13a794d] 04:00:19.763 [pool-6-thread-3] DEBUG c.h.p.o.dependants.PodInfoConfigMap - [helmdata] Desired PodInfo ConfigMap (extension state hash: -1817474005)
2025-01-30 04:00:19,796 INFO c.h.h.t.HelmChartContainer - [hivemq-test-hivemq-platform] [hivemq-platform-operator] [b13a794d] 04:00:19.795 [pool-6-thread-3] DEBUG c.h.p.o.dependants.PodInfoConfigMap - [helmdata] Create PodInfo ConfigMap
2025-01-30 04:00:19,867 INFO c.h.h.t.HelmChartContainer - [hivemq-test-hivemq-platform] [hivemq-platform-operator] [b13a794d] 04:00:19.861 [pool-6-thread-5] DEBUG c.h.p.o.dependants.PodRoleResource - [helmdata] Create Role: Role(apiVersion=rbac.authorization.k8s.io/v1, kind=Role, metadata=ObjectMeta(annotations={meta.helm.sh/release-name=test-hivemq-platform, meta.helm.sh/release-namespace=helmdatahubit}, creationTimestamp=null, deletionGracePeriodSeconds=null, deletionTimestamp=null, finalizers=[], generateName=null, generation=null, labels={helm.sh/chart=hivemq-platform-0.2.32, app.kubernetes.io/managed-by=Helm, app.kubernetes.io/name=hivemq-platform, hivemq-platform=test-hivemq-platform, app.kubernetes.io/instance=test-hivemq-platform, app.kubernetes.io/version=4.36.0}, managedFields=[], name=hivemq-platform-role-test-hivemq-platform, namespace=helmdatahubit, ownerReferences=[OwnerReference(apiVersion=hivemq.com/v1, blockOwnerDeletion=null, controller=null, kind=HiveMQPlatform, name=test-hivemq-platform, uid=d7838bb2-a8bf-47d5-8963-c3d5258faa0b, additionalProperties={})], resourceVersion=null, selfLink=null, uid=null, additionalProperties={}), rules=[PolicyRule(apiGroups=[], nonResourceURLs=[], resourceNames=[], resources=[pods], verbs=[get, patch, update], additionalProperties={})], additionalProperties={})
2025-01-30 04:00:19,963 INFO c.h.h.t.HelmChartContainer - [hivemq-test-hivemq-platform] [hivemq-platform-operator] [b13a794d] 04:00:19.962 [pool-6-thread-7] DEBUG c.h.p.o.d.PodServiceAccountResource - [helmdata] Desired PodServiceAccountResource (serviceAccountName: hivemq-platform-pod-test-hivemq-platform)
2025-01-30 04:00:19,964 INFO c.h.h.t.HelmChartContainer - [hivemq-test-hivemq-platform] [hivemq-platform-operator] [b13a794d] 04:00:19.963 [pool-6-thread-7] DEBUG c.h.p.o.d.PodServiceAccountResource - [helmdata] Create ServiceAccount 'hivemq-platform-pod-test-hivemq-platform'
2025-01-30 04:00:20,067 INFO c.h.h.t.HelmChartContainer - [hivemq-test-hivemq-platform] [hivemq-platform-operator] [b13a794d] 04:00:20.065 [pool-6-thread-10] DEBUG c.h.p.o.d.PodRoleBindingResource - [helmdata] Create RoleBinding: RoleBinding(apiVersion=rbac.authorization.k8s.io/v1, kind=RoleBinding, metadata=ObjectMeta(annotations={meta.helm.sh/release-name=test-hivemq-platform, meta.helm.sh/release-namespace=helmdatahubit}, creationTimestamp=null, deletionGracePeriodSeconds=null, deletionTimestamp=null, finalizers=[], generateName=null, generation=null, labels={helm.sh/chart=hivemq-platform-0.2.32, app.kubernetes.io/managed-by=Helm, app.kubernetes.io/name=hivemq-platform, hivemq-platform=test-hivemq-platform, app.kubernetes.io/instance=test-hivemq-platform, app.kubernetes.io/version=4.36.0}, managedFields=[], name=hivemq-platform-role-binding-test-hivemq-platform, namespace=helmdatahubit, ownerReferences=[OwnerReference(apiVersion=hivemq.com/v1, blockOwnerDeletion=null, controller=null, kind=HiveMQPlatform, name=test-hivemq-platform, uid=d7838bb2-a8bf-47d5-8963-c3d5258faa0b, additionalProperties={})], resourceVersion=null, selfLink=null, uid=null, additionalProperties={}), roleRef=RoleRef(apiGroup=rbac.authorization.k8s.io, kind=Role, name=hivemq-platform-role-test-hivemq-platform, additionalProperties={}), subjects=[Subject(apiGroup=null, kind=ServiceAccount, name=hivemq-platform-pod-test-hivemq-platform, namespace=helmdatahubit, additionalProperties={})], additionalProperties={})
2025-01-30 04:00:20,097 INFO c.h.h.t.HelmChartContainer - [hivemq-test-hivemq-platform] [hivemq-platform-operator] [b13a794d] 04:00:20.096 [ReconcilerExecutor-hivemq-controller-54] INFO  c.h.p.o.HiveMQPlatformReconciler - [helmdata] Reconciling HiveMQ Platform 'test-hivemq-platform' in namespace 'helmdatahubit'
2025-01-30 04:00:20,157 INFO c.h.h.t.HelmChartContainer - [hivemq-test-hivemq-platform] [hivemq-platform-operator] [b13a794d] 04:00:20.155 [ReconcilerExecutor-hivemq-controller-54] DEBUG c.h.p.o.HiveMQPlatformReconciler - [helmdata] Custom Resource Status CREATED - HiveMQ Platform was created (READY)
2025-01-30 04:00:20,157 INFO c.h.h.t.HelmChartContainer - [hivemq-test-hivemq-platform] [hivemq-platform-operator] [b13a794d] 04:00:20.156 [ReconcilerExecutor-hivemq-controller-54] DEBUG c.h.p.o.HiveMQPlatformReconciler - [helmdata] Custom Resource Spec (replicas: 1) (extensions: 1)
2025-01-30 04:00:20,162 INFO c.h.h.t.HelmChartContainer - [hivemq-test-hivemq-platform] [hivemq-platform-operator] [b13a794d] 04:00:20.161 [ReconcilerExecutor-hivemq-controller-54] INFO  c.h.p.o.h.HiveMQPlatformReconcilerBaseHandler - [helmdata] HiveMQ Platform is starting
2025-01-30 04:00:20,264 INFO c.h.h.t.HelmChartContainer - [hivemq-test-hivemq-platform] [hivemq-platform-operator] [b13a794d] 04:00:20.263 [ReconcilerExecutor-hivemq-controller-54] DEBUG c.h.p.operator.event.EventSender - [helmdata] Creating K8s event hivemq-platform-starting: [Start] HiveMQ Platform is starting
2025-01-30 04:00:20,273 INFO c.h.h.t.HelmChartContainer - [EVENT] Normal [Start] HiveMQ Platform is starting [helmdatahubit:test-hivemq-platform]
2025-01-30 04:00:20,296 INFO c.h.h.t.HelmChartContainer - [hivemq-test-hivemq-platform] [hivemq-platform-operator] [b13a794d] 04:00:20.295 [ReconcilerExecutor-hivemq-controller-54] INFO  c.h.p.o.h.AbstractHiveMQReconcilerStateHandler - [helmdata] Update HiveMQ Platform Status (CREATED [READY] -> STARTING [READY]): HiveMQ Platform is starting
2025-01-30 04:00:20,382 DEBUG com.hivemq.helmcharts.util.K8sUtil - Comparing actual state 'STARTING' and waiting for 'RUNNING'
2025-01-30 04:00:30,466 INFO c.h.h.t.HelmChartContainer - [hivemq-test-hivemq-platform] [hivemq-platform-operator] [b13a794d] 04:00:30.463 [pool-6-thread-12] DEBUG c.h.p.o.d.PlatformServiceResource - [helmdata] Desired Platform services (3 services)
2025-01-30 04:00:30,467 INFO c.h.h.t.HelmChartContainer - [hivemq-test-hivemq-platform] [hivemq-platform-operator] [b13a794d] 04:00:30.466 [pool-6-thread-13] DEBUG c.h.p.o.dependants.PodInfoConfigMap - [helmdata] Desired PodInfo ConfigMap (1 extensions) (1 enabled)
2025-01-30 04:00:30,467 INFO c.h.h.t.HelmChartContainer - [hivemq-test-hivemq-platform] [hivemq-platform-operator] [b13a794d] 04:00:30.466 [pool-6-thread-13] DEBUG c.h.p.o.dependants.PodInfoConfigMap - [helmdata] Desired PodInfo ConfigMap (metrics port: 9399) (metrics path: /)
2025-01-30 04:00:30,467 INFO c.h.h.t.HelmChartContainer - [hivemq-test-hivemq-platform] [hivemq-platform-operator] [b13a794d] 04:00:30.466 [pool-6-thread-13] DEBUG c.h.p.o.dependants.PodInfoConfigMap - [helmdata] Desired PodInfo ConfigMap (extension state hash: -1817474005)
2025-01-30 04:00:30,471 INFO c.h.h.t.HelmChartContainer - [hivemq-test-hivemq-platform] [hivemq-platform-operator] [b13a794d] 04:00:30.471 [pool-6-thread-17] DEBUG c.h.p.o.d.PodServiceAccountResource - [helmdata] Desired PodServiceAccountResource (serviceAccountName: hivemq-platform-pod-test-hivemq-platform)
2025-01-30 04:00:30,479 INFO c.h.h.t.HelmChartContainer - [hivemq-test-hivemq-platform] [hivemq-platform-operator] [b13a794d] 04:00:30.477 [pool-6-thread-13] DEBUG c.h.p.o.dependants.PodInfoConfigMap - [helmdata] Update PodInfo ConfigMap
2025-01-30 04:00:30,566 INFO c.h.h.t.HelmChartContainer - [K3S] [alloc.go:330] "allocated clusterIPs" service="helmdatahubit/hivemq-test-hivemq-platform-rest-8890" clusterIPs={"IPv4":"10.43.10.45"}
2025-01-30 04:00:30,579 INFO c.h.h.t.HelmChartContainer - [K3S] [alloc.go:330] "allocated clusterIPs" service="helmdatahubit/hivemq-test-hivemq-platform-mqtt-1883" clusterIPs={"IPv4":"10.43.56.222"}
2025-01-30 04:00:30,662 INFO c.h.h.t.HelmChartContainer - [K3S] [alloc.go:330] "allocated clusterIPs" service="helmdatahubit/hivemq-test-hivemq-platform-metrics-9399" clusterIPs={"IPv4":"10.43.168.162"}
2025-01-30 04:00:30,671 INFO c.h.h.t.HelmChartContainer - [hivemq-test-hivemq-platform] [hivemq-platform-operator] [b13a794d] 04:00:30.669 [pool-6-thread-20] DEBUG c.h.p.o.d.StatefulSetResource - [helmdata] Desired StatefulSet (1 replicas) for status STARTING (READY)
2025-01-30 04:00:30,758 INFO c.h.h.t.HelmChartContainer - [hivemq-test-hivemq-platform] [hivemq-platform-operator] [b13a794d] 04:00:30.757 [pool-6-thread-20] DEBUG c.h.p.o.d.StatefulSetResource - [helmdata] Create StatefulSet
2025-01-30 04:00:30,794 INFO c.h.h.t.HelmChartContainer - [POD] test-hivemq-platform-0 [ad5bc0ee-7ce3-4e2f-a5cc-b9d3d36bf427] in helmdatahubit was ADDED
2025-01-30 04:00:30,798 INFO c.h.h.t.HelmChartContainer - [EVENT] Normal [SuccessfulCreate] create Pod test-hivemq-platform-0 in StatefulSet test-hivemq-platform successful [helmdatahubit:test-hivemq-platform]
2025-01-30 04:00:30,800 INFO c.h.h.t.HelmChartContainer - [POD] test-hivemq-platform-0 [ad5bc0ee-7ce3-4e2f-a5cc-b9d3d36bf427] in helmdatahubit was MODIFIED
2025-01-30 04:00:30,804 INFO c.h.h.t.HelmChartContainer - [EVENT] Normal [Scheduled] Successfully assigned helmdatahubit/test-hivemq-platform-0 to c9034f6d1fe7 [helmdatahubit:test-hivemq-platform-0]
2025-01-30 04:00:30,810 INFO c.h.h.t.HelmChartContainer - [POD] test-hivemq-platform-0 [ad5bc0ee-7ce3-4e2f-a5cc-b9d3d36bf427] in helmdatahubit was MODIFIED
2025-01-30 04:00:30,868 INFO c.h.h.t.HelmChartContainer - [K3S] [reconciler_common.go:251] "operationExecutor.VerifyControllerAttachedVolume started for volume \"broker-configuration\" (UniqueName: \"kubernetes.io/configmap/ad5bc0ee-7ce3-4e2f-a5cc-b9d3d36bf427-broker-configuration\") pod \"test-hivemq-platform-0\" (UID: \"ad5bc0ee-7ce3-4e2f-a5cc-b9d3d36bf427\") " pod="helmdatahubit/test-hivemq-platform-0"
2025-01-30 04:00:30,868 INFO c.h.h.t.HelmChartContainer - [K3S] [reconciler_common.go:251] "operationExecutor.VerifyControllerAttachedVolume started for volume \"pod-info\" (UniqueName: \"kubernetes.io/configmap/ad5bc0ee-7ce3-4e2f-a5cc-b9d3d36bf427-pod-info\") pod \"test-hivemq-platform-0\" (UID: \"ad5bc0ee-7ce3-4e2f-a5cc-b9d3d36bf427\") " pod="helmdatahubit/test-hivemq-platform-0"
2025-01-30 04:00:30,868 INFO c.h.h.t.HelmChartContainer - [K3S] [reconciler_common.go:251] "operationExecutor.VerifyControllerAttachedVolume started for volume \"operator-init\" (UniqueName: \"kubernetes.io/empty-dir/ad5bc0ee-7ce3-4e2f-a5cc-b9d3d36bf427-operator-init\") pod \"test-hivemq-platform-0\" (UID: \"ad5bc0ee-7ce3-4e2f-a5cc-b9d3d36bf427\") " pod="helmdatahubit/test-hivemq-platform-0"
2025-01-30 04:00:30,868 INFO c.h.h.t.HelmChartContainer - [K3S] [reconciler_common.go:251] "operationExecutor.VerifyControllerAttachedVolume started for volume \"kube-api-access-kdw25\" (UniqueName: \"kubernetes.io/projected/ad5bc0ee-7ce3-4e2f-a5cc-b9d3d36bf427-kube-api-access-kdw25\") pod \"test-hivemq-platform-0\" (UID: \"ad5bc0ee-7ce3-4e2f-a5cc-b9d3d36bf427\") " pod="helmdatahubit/test-hivemq-platform-0"
2025-01-30 04:00:30,958 INFO c.h.h.t.HelmChartContainer - [hivemq-test-hivemq-platform] [hivemq-platform-operator] [b13a794d] 04:00:30.956 [ReconcilerExecutor-hivemq-controller-65] INFO  c.h.p.o.HiveMQPlatformReconciler - [helmdata] Reconciling HiveMQ Platform 'test-hivemq-platform' in namespace 'helmdatahubit'
2025-01-30 04:00:30,958 INFO c.h.h.t.HelmChartContainer - [hivemq-test-hivemq-platform] [hivemq-platform-operator] [b13a794d] 04:00:30.956 [ReconcilerExecutor-hivemq-controller-65] DEBUG c.h.p.o.HiveMQPlatformReconciler - [helmdata] Custom Resource Status STARTING - HiveMQ Platform is starting (READY)
2025-01-30 04:00:30,958 INFO c.h.h.t.HelmChartContainer - [hivemq-test-hivemq-platform] [hivemq-platform-operator] [b13a794d] 04:00:30.956 [ReconcilerExecutor-hivemq-controller-65] DEBUG c.h.p.o.HiveMQPlatformReconciler - [helmdata] Custom Resource Spec (replicas: 1) (extensions: 1)
2025-01-30 04:00:30,960 INFO c.h.h.t.HelmChartContainer - [hivemq-test-hivemq-platform] [hivemq-platform-operator] [b13a794d] 04:00:30.959 [ReconcilerExecutor-hivemq-controller-65] DEBUG c.h.p.o.HiveMQPlatformReconciler - [helmdata] StatefulSet Status (revision: test-hivemq-platform-7bf9498d96, replicas: 1, available: 0, ready: 0, current: 1, updated: 1)
2025-01-30 04:00:30,961 INFO c.h.h.t.HelmChartContainer - [hivemq-test-hivemq-platform] [hivemq-platform-operator] [b13a794d] 04:00:30.959 [ReconcilerExecutor-hivemq-controller-65] DEBUG c.h.p.o.HiveMQPlatformReconciler - [helmdata] StatefulSet Spec (replicas: 1, init containers: 1, containers: 1, volumes: 3)
2025-01-30 04:00:30,974 INFO c.h.h.t.HelmChartContainer - [hivemq-test-hivemq-platform] [hivemq-platform-operator] [b13a794d] 04:00:30.972 [ReconcilerExecutor-hivemq-controller-65] DEBUG c.h.p.o.h.HiveMQPlatformReconcilerErrorHandler - [helmdata] Pod 'test-hivemq-platform-0' phase Pending
2025-01-30 04:00:30,974 INFO c.h.h.t.HelmChartContainer - [hivemq-test-hivemq-platform] [hivemq-platform-operator] [b13a794d] 04:00:30.973 [ReconcilerExecutor-hivemq-controller-65] DEBUG c.h.p.o.h.HiveMQPlatformReconcilerErrorHandler - [helmdata] Pod 'test-hivemq-platform-0' condition 'PodReadyToStartContainers': False
2025-01-30 04:00:30,975 INFO c.h.h.t.HelmChartContainer - [hivemq-test-hivemq-platform] [hivemq-platform-operator] [b13a794d] 04:00:30.973 [ReconcilerExecutor-hivemq-controller-65] DEBUG c.h.p.o.h.HiveMQPlatformReconcilerErrorHandler - [helmdata] Pod 'test-hivemq-platform-0' condition 'Initialized': False
2025-01-30 04:00:30,975 INFO c.h.h.t.HelmChartContainer - [hivemq-test-hivemq-platform] [hivemq-platform-operator] [b13a794d] 04:00:30.973 [ReconcilerExecutor-hivemq-controller-65] DEBUG c.h.p.o.h.HiveMQPlatformReconcilerErrorHandler - [helmdata] Pod 'test-hivemq-platform-0' condition 'Ready': False
2025-01-30 04:00:30,975 INFO c.h.h.t.HelmChartContainer - [hivemq-test-hivemq-platform] [hivemq-platform-operator] [b13a794d] 04:00:30.973 [ReconcilerExecutor-hivemq-controller-65] DEBUG c.h.p.o.h.HiveMQPlatformReconcilerErrorHandler - [helmdata] Pod 'test-hivemq-platform-0' condition 'ContainersReady': False
2025-01-30 04:00:30,976 INFO c.h.h.t.HelmChartContainer - [hivemq-test-hivemq-platform] [hivemq-platform-operator] [b13a794d] 04:00:30.974 [ReconcilerExecutor-hivemq-controller-65] DEBUG c.h.p.o.h.HiveMQPlatformReconcilerErrorHandler - [helmdata] Pod 'test-hivemq-platform-0' condition 'PodScheduled': True
2025-01-30 04:00:30,996 INFO c.h.h.t.HelmChartContainer - [hivemq-test-hivemq-platform] [hivemq-platform-operator] [b13a794d] 04:00:30.974 [ReconcilerExecutor-hivemq-controller-65] DEBUG c.h.p.o.h.HiveMQPlatformReconcilerErrorHandler - [helmdata] Pod 'test-hivemq-platform-0' containerStatus 'hivemq' (started: false) (ready: false) (waiting: [PodInitializing] null)
2025-01-30 04:00:31,057 INFO c.h.h.t.HelmChartContainer - [hivemq-test-hivemq-platform] [hivemq-platform-operator] [b13a794d] 04:00:31.056 [ReconcilerExecutor-hivemq-controller-65] INFO  c.h.p.o.h.HiveMQPlatformReconcilerBaseHandler - [helmdata] HiveMQ Platform is starting, 0 of 1 replicas are ready
2025-01-30 04:00:31,063 INFO c.h.h.t.HelmChartContainer - [hivemq-test-hivemq-platform] [hivemq-platform-operator] [b13a794d] 04:00:31.060 [pool-6-thread-22] DEBUG c.h.p.o.d.PlatformServiceResource - [helmdata] Desired Platform services (3 services)
2025-01-30 04:00:31,063 INFO c.h.h.t.HelmChartContainer - [hivemq-test-hivemq-platform] [hivemq-platform-operator] [b13a794d] 04:00:31.061 [pool-6-thread-23] DEBUG c.h.p.o.dependants.PodInfoConfigMap - [helmdata] Desired PodInfo ConfigMap (1 extensions) (1 enabled)
2025-01-30 04:00:31,063 INFO c.h.h.t.HelmChartContainer - [hivemq-test-hivemq-platform] [hivemq-platform-operator] [b13a794d] 04:00:31.062 [pool-6-thread-23] DEBUG c.h.p.o.dependants.PodInfoConfigMap - [helmdata] Desired PodInfo ConfigMap (metrics port: 9399) (metrics path: /)
2025-01-30 04:00:31,063 INFO c.h.h.t.HelmChartContainer - [hivemq-test-hivemq-platform] [hivemq-platform-operator] [b13a794d] 04:00:31.062 [pool-6-thread-23] DEBUG c.h.p.o.dependants.PodInfoConfigMap - [helmdata] Desired PodInfo ConfigMap (extension state hash: -1817474005)
2025-01-30 04:00:31,067 INFO c.h.h.t.HelmChartContainer - [hivemq-test-hivemq-platform] [hivemq-platform-operator] [b13a794d] 04:00:31.066 [pool-6-thread-27] DEBUG c.h.p.o.d.PodServiceAccountResource - [helmdata] Desired PodServiceAccountResource (serviceAccountName: hivemq-platform-pod-test-hivemq-platform)
2025-01-30 04:00:31,158 INFO c.h.h.t.HelmChartContainer - [hivemq-test-hivemq-platform] [hivemq-platform-operator] [b13a794d] 04:00:31.157 [pool-6-thread-30] DEBUG c.h.p.o.d.StatefulSetResource - [helmdata] Desired StatefulSet (1 replicas) for status STARTING (READY)
2025-01-30 04:00:31,166 INFO c.h.h.t.HelmChartContainer - [hivemq-test-hivemq-platform] [hivemq-platform-operator] [b13a794d] 04:00:31.165 [ReconcilerExecutor-hivemq-controller-76] INFO  c.h.p.o.HiveMQPlatformReconciler - [helmdata] Reconciling HiveMQ Platform 'test-hivemq-platform' in namespace 'helmdatahubit'
2025-01-30 04:00:31,168 INFO c.h.h.t.HelmChartContainer - [hivemq-test-hivemq-platform] [hivemq-platform-operator] [b13a794d] 04:00:31.165 [ReconcilerExecutor-hivemq-controller-76] DEBUG c.h.p.o.HiveMQPlatformReconciler - [helmdata] Custom Resource Status STARTING - HiveMQ Platform is starting (READY)
2025-01-30 04:00:31,168 INFO c.h.h.t.HelmChartContainer - [hivemq-test-hivemq-platform] [hivemq-platform-operator] [b13a794d] 04:00:31.165 [ReconcilerExecutor-hivemq-controller-76] DEBUG c.h.p.o.HiveMQPlatformReconciler - [helmdata] Custom Resource Spec (replicas: 1) (extensions: 1)
2025-01-30 04:00:31,171 INFO c.h.h.t.HelmChartContainer - [hivemq-test-hivemq-platform] [hivemq-platform-operator] [b13a794d] 04:00:31.170 [ReconcilerExecutor-hivemq-controller-76] DEBUG c.h.p.o.HiveMQPlatformReconciler - [helmdata] StatefulSet Status (revision: test-hivemq-platform-7bf9498d96, replicas: 1, available: 0, ready: 0, current: 1, updated: 1)
2025-01-30 04:00:31,173 INFO c.h.h.t.HelmChartContainer - [hivemq-test-hivemq-platform] [hivemq-platform-operator] [b13a794d] 04:00:31.170 [ReconcilerExecutor-hivemq-controller-76] DEBUG c.h.p.o.HiveMQPlatformReconciler - [helmdata] StatefulSet Spec (replicas: 1, init containers: 1, containers: 1, volumes: 3)
2025-01-30 04:00:31,176 INFO c.h.h.t.HelmChartContainer - [hivemq-test-hivemq-platform] [hivemq-platform-operator] [b13a794d] 04:00:31.173 [ReconcilerExecutor-hivemq-controller-76] DEBUG c.h.p.o.h.HiveMQPlatformReconcilerErrorHandler - [helmdata] Pod 'test-hivemq-platform-0' phase Pending
2025-01-30 04:00:31,177 INFO c.h.h.t.HelmChartContainer - [hivemq-test-hivemq-platform] [hivemq-platform-operator] [b13a794d] 04:00:31.173 [ReconcilerExecutor-hivemq-controller-76] DEBUG c.h.p.o.h.HiveMQPlatformReconcilerErrorHandler - [helmdata] Pod 'test-hivemq-platform-0' condition 'PodReadyToStartContainers': False
2025-01-30 04:00:31,177 INFO c.h.h.t.HelmChartContainer - [hivemq-test-hivemq-platform] [hivemq-platform-operator] [b13a794d] 04:00:31.173 [ReconcilerExecutor-hivemq-controller-76] DEBUG c.h.p.o.h.HiveMQPlatformReconcilerErrorHandler - [helmdata] Pod 'test-hivemq-platform-0' condition 'Initialized': False
2025-01-30 04:00:31,179 INFO c.h.h.t.HelmChartContainer - [hivemq-test-hivemq-platform] [hivemq-platform-operator] [b13a794d] 04:00:31.173 [ReconcilerExecutor-hivemq-controller-76] DEBUG c.h.p.o.h.HiveMQPlatformReconcilerErrorHandler - [helmdata] Pod 'test-hivemq-platform-0' condition 'Ready': False
2025-01-30 04:00:31,179 INFO c.h.h.t.HelmChartContainer - [hivemq-test-hivemq-platform] [hivemq-platform-operator] [b13a794d] 04:00:31.173 [ReconcilerExecutor-hivemq-controller-76] DEBUG c.h.p.o.h.HiveMQPlatformReconcilerErrorHandler - [helmdata] Pod 'test-hivemq-platform-0' condition 'ContainersReady': False
2025-01-30 04:00:31,179 INFO c.h.h.t.HelmChartContainer - [hivemq-test-hivemq-platform] [hivemq-platform-operator] [b13a794d] 04:00:31.174 [ReconcilerExecutor-hivemq-controller-76] DEBUG c.h.p.o.h.HiveMQPlatformReconcilerErrorHandler - [helmdata] Pod 'test-hivemq-platform-0' condition 'PodScheduled': True
2025-01-30 04:00:31,179 INFO c.h.h.t.HelmChartContainer - [hivemq-test-hivemq-platform] [hivemq-platform-operator] [b13a794d] 04:00:31.174 [ReconcilerExecutor-hivemq-controller-76] DEBUG c.h.p.o.h.HiveMQPlatformReconcilerErrorHandler - [helmdata] Pod 'test-hivemq-platform-0' containerStatus 'hivemq' (started: false) (ready: false) (waiting: [PodInitializing] null)
2025-01-30 04:00:31,179 INFO c.h.h.t.HelmChartContainer - [hivemq-test-hivemq-platform] [hivemq-platform-operator] [b13a794d] 04:00:31.175 [ReconcilerExecutor-hivemq-controller-76] INFO  c.h.p.o.h.HiveMQPlatformReconcilerBaseHandler - [helmdata] HiveMQ Platform is starting, 0 of 1 replicas are ready
2025-01-30 04:00:31,193 INFO c.h.h.t.HelmChartContainer - [EVENT] Normal [Pulled] Container image "docker.io/hivemq/hivemq-platform-operator-init-test:snapshot" already present on machine [helmdatahubit:test-hivemq-platform-0]
2025-01-30 04:00:31,200 INFO c.h.h.t.HelmChartContainer - [EVENT] Normal [Created] Created container: hivemq-platform-operator-init [helmdatahubit:test-hivemq-platform-0]
2025-01-30 04:00:31,241 INFO c.h.h.t.HelmChartContainer - [EVENT] Normal [Started] Started container hivemq-platform-operator-init [helmdatahubit:test-hivemq-platform-0]
2025-01-30 04:00:31,292 INFO c.h.h.t.HelmChartContainer - [POD] test-hivemq-platform-0 [ad5bc0ee-7ce3-4e2f-a5cc-b9d3d36bf427] in helmdatahubit was MODIFIED
2025-01-30 04:00:31,299 INFO c.h.h.t.HelmChartContainer - [hivemq-test-hivemq-platform] [hivemq-platform-operator] [b13a794d] 04:00:31.297 [pool-6-thread-32] DEBUG c.h.p.o.d.PlatformServiceResource - [helmdata] Desired Platform services (3 services)
2025-01-30 04:00:31,308 INFO c.h.h.t.HelmChartContainer - [hivemq-test-hivemq-platform] [hivemq-platform-operator] [b13a794d] 04:00:31.302 [pool-6-thread-33] DEBUG c.h.p.o.dependants.PodInfoConfigMap - [helmdata] Desired PodInfo ConfigMap (1 extensions) (1 enabled)
2025-01-30 04:00:31,308 INFO c.h.h.t.HelmChartContainer - [hivemq-test-hivemq-platform] [hivemq-platform-operator] [b13a794d] 04:00:31.303 [pool-6-thread-33] DEBUG c.h.p.o.dependants.PodInfoConfigMap - [helmdata] Desired PodInfo ConfigMap (metrics port: 9399) (metrics path: /)
2025-01-30 04:00:31,308 INFO c.h.h.t.HelmChartContainer - [hivemq-test-hivemq-platform] [hivemq-platform-operator] [b13a794d] 04:00:31.303 [pool-6-thread-33] DEBUG c.h.p.o.dependants.PodInfoConfigMap - [helmdata] Desired PodInfo ConfigMap (extension state hash: -1817474005)
2025-01-30 04:00:31,311 INFO c.h.h.t.HelmChartContainer - [hivemq-test-hivemq-platform] [hivemq-platform-operator] [b13a794d] 04:00:31.308 [pool-6-thread-37] DEBUG c.h.p.o.d.PodServiceAccountResource - [helmdata] Desired PodServiceAccountResource (serviceAccountName: hivemq-platform-pod-test-hivemq-platform)
2025-01-30 04:00:31,362 INFO c.h.h.t.HelmChartContainer - [hivemq-test-hivemq-platform] [hivemq-platform-operator] [b13a794d] 04:00:31.361 [pool-6-thread-40] DEBUG c.h.p.o.d.StatefulSetResource - [helmdata] Desired StatefulSet (1 replicas) for status STARTING (READY)
2025-01-30 04:00:31,395 INFO c.h.h.t.HelmChartContainer - [hivemq-test-hivemq-platform] [hivemq-platform-operator] [b13a794d] 04:00:31.394 [ReconcilerExecutor-hivemq-controller-87] INFO  c.h.p.o.HiveMQPlatformReconciler - [helmdata] Reconciling HiveMQ Platform 'test-hivemq-platform' in namespace 'helmdatahubit'
2025-01-30 04:00:31,395 INFO c.h.h.t.HelmChartContainer - [hivemq-test-hivemq-platform] [hivemq-platform-operator] [b13a794d] 04:00:31.394 [ReconcilerExecutor-hivemq-controller-87] DEBUG c.h.p.o.HiveMQPlatformReconciler - [helmdata] Custom Resource Status STARTING - HiveMQ Platform is starting (READY)
2025-01-30 04:00:31,396 INFO c.h.h.t.HelmChartContainer - [hivemq-test-hivemq-platform] [hivemq-platform-operator] [b13a794d] 04:00:31.394 [ReconcilerExecutor-hivemq-controller-87] DEBUG c.h.p.o.HiveMQPlatformReconciler - [helmdata] Custom Resource Spec (replicas: 1) (extensions: 1)
2025-01-30 04:00:31,398 INFO c.h.h.t.HelmChartContainer - [hivemq-test-hivemq-platform] [hivemq-platform-operator] [b13a794d] 04:00:31.397 [ReconcilerExecutor-hivemq-controller-87] DEBUG c.h.p.o.HiveMQPlatformReconciler - [helmdata] StatefulSet Status (revision: test-hivemq-platform-7bf9498d96, replicas: 1, available: 0, ready: 0, current: 1, updated: 1)
2025-01-30 04:00:31,399 INFO c.h.h.t.HelmChartContainer - [hivemq-test-hivemq-platform] [hivemq-platform-operator] [b13a794d] 04:00:31.397 [ReconcilerExecutor-hivemq-controller-87] DEBUG c.h.p.o.HiveMQPlatformReconciler - [helmdata] StatefulSet Spec (replicas: 1, init containers: 1, containers: 1, volumes: 3)
2025-01-30 04:00:31,402 INFO c.h.h.t.HelmChartContainer - [hivemq-test-hivemq-platform] [hivemq-platform-operator] [b13a794d] 04:00:31.400 [ReconcilerExecutor-hivemq-controller-87] DEBUG c.h.p.o.h.HiveMQPlatformReconcilerErrorHandler - [helmdata] Pod 'test-hivemq-platform-0' phase Pending
2025-01-30 04:00:31,402 INFO c.h.h.t.HelmChartContainer - [hivemq-test-hivemq-platform] [hivemq-platform-operator] [b13a794d] 04:00:31.400 [ReconcilerExecutor-hivemq-controller-87] DEBUG c.h.p.o.h.HiveMQPlatformReconcilerErrorHandler - [helmdata] Pod 'test-hivemq-platform-0' condition 'PodReadyToStartContainers': True
2025-01-30 04:00:31,404 INFO c.h.h.t.HelmChartContainer - [hivemq-test-hivemq-platform] [hivemq-platform-operator] [b13a794d] 04:00:31.400 [ReconcilerExecutor-hivemq-controller-87] DEBUG c.h.p.o.h.HiveMQPlatformReconcilerErrorHandler - [helmdata] Pod 'test-hivemq-platform-0' condition 'Initialized': False
2025-01-30 04:00:31,404 INFO c.h.h.t.HelmChartContainer - [hivemq-test-hivemq-platform] [hivemq-platform-operator] [b13a794d] 04:00:31.400 [ReconcilerExecutor-hivemq-controller-87] DEBUG c.h.p.o.h.HiveMQPlatformReconcilerErrorHandler - [helmdata] Pod 'test-hivemq-platform-0' condition 'Ready': False
2025-01-30 04:00:31,404 INFO c.h.h.t.HelmChartContainer - [hivemq-test-hivemq-platform] [hivemq-platform-operator] [b13a794d] 04:00:31.400 [ReconcilerExecutor-hivemq-controller-87] DEBUG c.h.p.o.h.HiveMQPlatformReconcilerErrorHandler - [helmdata] Pod 'test-hivemq-platform-0' condition 'ContainersReady': False
2025-01-30 04:00:31,404 INFO c.h.h.t.HelmChartContainer - [hivemq-test-hivemq-platform] [hivemq-platform-operator] [b13a794d] 04:00:31.400 [ReconcilerExecutor-hivemq-controller-87] DEBUG c.h.p.o.h.HiveMQPlatformReconcilerErrorHandler - [helmdata] Pod 'test-hivemq-platform-0' condition 'PodScheduled': True
2025-01-30 04:00:31,404 INFO c.h.h.t.HelmChartContainer - [hivemq-test-hivemq-platform] [hivemq-platform-operator] [b13a794d] 04:00:31.400 [ReconcilerExecutor-hivemq-controller-87] DEBUG c.h.p.o.h.HiveMQPlatformReconcilerErrorHandler - [helmdata] Pod 'test-hivemq-platform-0' containerStatus 'hivemq' (started: false) (ready: false) (waiting: [PodInitializing] null)
2025-01-30 04:00:31,404 INFO c.h.h.t.HelmChartContainer - [hivemq-test-hivemq-platform] [hivemq-platform-operator] [b13a794d] 04:00:31.401 [ReconcilerExecutor-hivemq-controller-87] INFO  c.h.p.o.h.HiveMQPlatformReconcilerBaseHandler - [helmdata] HiveMQ Platform is starting, 0 of 1 replicas are ready
2025-01-30 04:00:32,281 INFO c.h.h.t.HelmChartContainer - [EVENT] Normal [Pulled] Container image "docker.io/hivemq/hivemq4:4.36.0" already present on machine [helmdatahubit:test-hivemq-platform-0]
2025-01-30 04:00:32,282 INFO c.h.h.t.HelmChartContainer - Received Pulled event for container hivemq in pod test-hivemq-platform-0 [ad5bc0ee-7ce3-4e2f-a5cc-b9d3d36bf427]
2025-01-30 04:00:32,291 INFO c.h.h.t.HelmChartContainer - [EVENT] Normal [Created] Created container: hivemq [helmdatahubit:test-hivemq-platform-0]
2025-01-30 04:00:32,291 INFO c.h.h.t.HelmChartContainer - Received Created event for container hivemq in pod test-hivemq-platform-0 [ad5bc0ee-7ce3-4e2f-a5cc-b9d3d36bf427]
2025-01-30 04:00:32,293 INFO c.h.h.t.HelmChartContainer - [POD] test-hivemq-platform-0 [ad5bc0ee-7ce3-4e2f-a5cc-b9d3d36bf427] in helmdatahubit was MODIFIED
2025-01-30 04:00:32,320 INFO c.h.h.t.HelmChartContainer - [hivemq-test-hivemq-platform] [hivemq-platform-operator] [b13a794d] 04:00:32.317 [pool-6-thread-42] DEBUG c.h.p.o.d.PlatformServiceResource - [helmdata] Desired Platform services (3 services)
2025-01-30 04:00:32,320 INFO c.h.h.t.HelmChartContainer - [hivemq-test-hivemq-platform] [hivemq-platform-operator] [b13a794d] 04:00:32.317 [pool-6-thread-43] DEBUG c.h.p.o.dependants.PodInfoConfigMap - [helmdata] Desired PodInfo ConfigMap (1 extensions) (1 enabled)
2025-01-30 04:00:32,321 INFO c.h.h.t.HelmChartContainer - [hivemq-test-hivemq-platform] [hivemq-platform-operator] [b13a794d] 04:00:32.318 [pool-6-thread-43] DEBUG c.h.p.o.dependants.PodInfoConfigMap - [helmdata] Desired PodInfo ConfigMap (metrics port: 9399) (metrics path: /)
2025-01-30 04:00:32,321 INFO c.h.h.t.HelmChartContainer - [hivemq-test-hivemq-platform] [hivemq-platform-operator] [b13a794d] 04:00:32.318 [pool-6-thread-43] DEBUG c.h.p.o.dependants.PodInfoConfigMap - [helmdata] Desired PodInfo ConfigMap (extension state hash: -1817474005)
2025-01-30 04:00:32,359 INFO c.h.h.t.HelmChartContainer - [hivemq-test-hivemq-platform] [hivemq-platform-operator] [b13a794d] 04:00:32.358 [pool-6-thread-47] DEBUG c.h.p.o.d.PodServiceAccountResource - [helmdata] Desired PodServiceAccountResource (serviceAccountName: hivemq-platform-pod-test-hivemq-platform)
2025-01-30 04:00:32,403 INFO c.h.h.t.HelmChartContainer - [hivemq-test-hivemq-platform] [hivemq-platform-operator] [b13a794d] 04:00:32.399 [pool-6-thread-50] DEBUG c.h.p.o.d.StatefulSetResource - [helmdata] Desired StatefulSet (1 replicas) for status STARTING (READY)
2025-01-30 04:00:32,405 INFO c.h.h.t.HelmChartContainer - [hivemq-test-hivemq-platform] [hivemq-platform-operator] [b13a794d] 04:00:32.403 [ReconcilerExecutor-hivemq-controller-98] INFO  c.h.p.o.HiveMQPlatformReconciler - [helmdata] Reconciling HiveMQ Platform 'test-hivemq-platform' in namespace 'helmdatahubit'
2025-01-30 04:00:32,407 INFO c.h.h.t.HelmChartContainer - [hivemq-test-hivemq-platform] [hivemq-platform-operator] [b13a794d] 04:00:32.404 [ReconcilerExecutor-hivemq-controller-98] DEBUG c.h.p.o.HiveMQPlatformReconciler - [helmdata] Custom Resource Status STARTING - HiveMQ Platform is starting (READY)
2025-01-30 04:00:32,409 INFO c.h.h.t.HelmChartContainer - [hivemq-test-hivemq-platform] [hivemq-platform-operator] [b13a794d] 04:00:32.404 [ReconcilerExecutor-hivemq-controller-98] DEBUG c.h.p.o.HiveMQPlatformReconciler - [helmdata] Custom Resource Spec (replicas: 1) (extensions: 1)
2025-01-30 04:00:32,409 INFO c.h.h.t.HelmChartContainer - [hivemq-test-hivemq-platform] [hivemq-platform-operator] [b13a794d] 04:00:32.405 [ReconcilerExecutor-hivemq-controller-98] DEBUG c.h.p.o.HiveMQPlatformReconciler - [helmdata] StatefulSet Status (revision: test-hivemq-platform-7bf9498d96, replicas: 1, available: 0, ready: 0, current: 1, updated: 1)
2025-01-30 04:00:32,409 INFO c.h.h.t.HelmChartContainer - [hivemq-test-hivemq-platform] [hivemq-platform-operator] [b13a794d] 04:00:32.405 [ReconcilerExecutor-hivemq-controller-98] DEBUG c.h.p.o.HiveMQPlatformReconciler - [helmdata] StatefulSet Spec (replicas: 1, init containers: 1, containers: 1, volumes: 3)
2025-01-30 04:00:32,411 INFO c.h.h.t.HelmChartContainer - [hivemq-test-hivemq-platform] [hivemq-platform-operator] [b13a794d] 04:00:32.410 [ReconcilerExecutor-hivemq-controller-98] DEBUG c.h.p.o.h.HiveMQPlatformReconcilerErrorHandler - [helmdata] Pod 'test-hivemq-platform-0' phase Pending
2025-01-30 04:00:32,411 INFO c.h.h.t.HelmChartContainer - [hivemq-test-hivemq-platform] [hivemq-platform-operator] [b13a794d] 04:00:32.410 [ReconcilerExecutor-hivemq-controller-98] DEBUG c.h.p.o.h.HiveMQPlatformReconcilerErrorHandler - [helmdata] Pod 'test-hivemq-platform-0' condition 'PodReadyToStartContainers': True
2025-01-30 04:00:32,411 INFO c.h.h.t.HelmChartContainer - [hivemq-test-hivemq-platform] [hivemq-platform-operator] [b13a794d] 04:00:32.410 [ReconcilerExecutor-hivemq-controller-98] DEBUG c.h.p.o.h.HiveMQPlatformReconcilerErrorHandler - [helmdata] Pod 'test-hivemq-platform-0' condition 'Initialized': True
2025-01-30 04:00:32,412 INFO c.h.h.t.HelmChartContainer - [hivemq-test-hivemq-platform] [hivemq-platform-operator] [b13a794d] 04:00:32.410 [ReconcilerExecutor-hivemq-controller-98] DEBUG c.h.p.o.h.HiveMQPlatformReconcilerErrorHandler - [helmdata] Pod 'test-hivemq-platform-0' condition 'Ready': False
2025-01-30 04:00:32,412 INFO c.h.h.t.HelmChartContainer - [hivemq-test-hivemq-platform] [hivemq-platform-operator] [b13a794d] 04:00:32.410 [ReconcilerExecutor-hivemq-controller-98] DEBUG c.h.p.o.h.HiveMQPlatformReconcilerErrorHandler - [helmdata] Pod 'test-hivemq-platform-0' condition 'ContainersReady': False
2025-01-30 04:00:32,412 INFO c.h.h.t.HelmChartContainer - [hivemq-test-hivemq-platform] [hivemq-platform-operator] [b13a794d] 04:00:32.411 [ReconcilerExecutor-hivemq-controller-98] DEBUG c.h.p.o.h.HiveMQPlatformReconcilerErrorHandler - [helmdata] Pod 'test-hivemq-platform-0' condition 'PodScheduled': True
2025-01-30 04:00:32,413 INFO c.h.h.t.HelmChartContainer - [hivemq-test-hivemq-platform] [hivemq-platform-operator] [b13a794d] 04:00:32.411 [ReconcilerExecutor-hivemq-controller-98] DEBUG c.h.p.o.h.HiveMQPlatformReconcilerErrorHandler - [helmdata] Pod 'test-hivemq-platform-0' containerStatus 'hivemq' (started: false) (ready: false) (waiting: [PodInitializing] null)
2025-01-30 04:00:32,413 INFO c.h.h.t.HelmChartContainer - [hivemq-test-hivemq-platform] [hivemq-platform-operator] [b13a794d] 04:00:32.412 [ReconcilerExecutor-hivemq-controller-98] INFO  c.h.p.o.h.HiveMQPlatformReconcilerBaseHandler - [helmdata] HiveMQ Platform is starting, 0 of 1 replicas are ready
2025-01-30 04:00:33,290 INFO c.h.h.t.HelmChartContainer - [POD] test-hivemq-platform-0 [ad5bc0ee-7ce3-4e2f-a5cc-b9d3d36bf427] in helmdatahubit was MODIFIED
2025-01-30 04:00:33,301 INFO c.h.h.t.HelmChartContainer - [hivemq-test-hivemq-platform] [hivemq-platform-operator] [b13a794d] 04:00:33.298 [pool-6-thread-5] DEBUG c.h.p.o.d.PlatformServiceResource - [helmdata] Desired Platform services (3 services)
2025-01-30 04:00:33,301 INFO c.h.h.t.HelmChartContainer - [hivemq-test-hivemq-platform] [hivemq-platform-operator] [b13a794d] 04:00:33.299 [pool-6-thread-8] DEBUG c.h.p.o.dependants.PodInfoConfigMap - [helmdata] Desired PodInfo ConfigMap (1 extensions) (1 enabled)
2025-01-30 04:00:33,307 INFO c.h.h.t.HelmChartContainer - [hivemq-test-hivemq-platform] [hivemq-platform-operator] [b13a794d] 04:00:33.303 [pool-6-thread-8] DEBUG c.h.p.o.dependants.PodInfoConfigMap - [helmdata] Desired PodInfo ConfigMap (metrics port: 9399) (metrics path: /)
2025-01-30 04:00:33,307 INFO c.h.h.t.HelmChartContainer - [hivemq-test-hivemq-platform] [hivemq-platform-operator] [b13a794d] 04:00:33.303 [pool-6-thread-8] DEBUG c.h.p.o.dependants.PodInfoConfigMap - [helmdata] Desired PodInfo ConfigMap (extension state hash: -1817474005)
2025-01-30 04:00:33,308 INFO c.h.h.t.HelmChartContainer - Started log watcher for hivemq in pod test-hivemq-platform-0 [ad5bc0ee-7ce3-4e2f-a5cc-b9d3d36bf427]
2025-01-30 04:00:33,309 INFO c.h.h.t.HelmChartContainer - [hivemq-test-hivemq-platform] [hivemq-platform-operator] [b13a794d] 04:00:33.300 [pool-6-thread-6] DEBUG c.h.p.o.d.PodServiceAccountResource - [helmdata] Desired PodServiceAccountResource (serviceAccountName: hivemq-platform-pod-test-hivemq-platform)
2025-01-30 04:00:33,309 INFO c.h.h.t.HelmChartContainer - [test-hivemq-platform] [hivemq] [ad5bc0ee] Adding pre-installed HiveMQ Platform Operator extensions
2025-01-30 04:00:33,309 INFO c.h.h.t.HelmChartContainer - [test-hivemq-platform] [hivemq] [ad5bc0ee] Running as user 10000
2025-01-30 04:00:33,309 INFO c.h.h.t.HelmChartContainer - [test-hivemq-platform] [hivemq] [ad5bc0ee] Starting HiveMQ Platform Operator Init
2025-01-30 04:00:33,310 INFO c.h.h.t.HelmChartContainer - [EVENT] Normal [Started] Started container hivemq [helmdatahubit:test-hivemq-platform-0]
2025-01-30 04:00:33,313 INFO c.h.h.t.HelmChartContainer - Received Started event for container hivemq in pod test-hivemq-platform-0 [ad5bc0ee-7ce3-4e2f-a5cc-b9d3d36bf427]
2025-01-30 04:00:33,317 INFO c.h.h.t.HelmChartContainer - [hivemq-test-hivemq-platform] [hivemq-platform-operator] [b13a794d] 04:00:33.315 [pool-6-thread-1] DEBUG c.h.p.o.d.StatefulSetResource - [helmdata] Desired StatefulSet (1 replicas) for status STARTING (READY)
2025-01-30 04:00:33,322 INFO c.h.h.t.HelmChartContainer - [hivemq-test-hivemq-platform] [hivemq-platform-operator] [b13a794d] 04:00:33.321 [ReconcilerExecutor-hivemq-controller-109] INFO  c.h.p.o.HiveMQPlatformReconciler - [helmdata] Reconciling HiveMQ Platform 'test-hivemq-platform' in namespace 'helmdatahubit'
2025-01-30 04:00:33,323 INFO c.h.h.t.HelmChartContainer - [hivemq-test-hivemq-platform] [hivemq-platform-operator] [b13a794d] 04:00:33.321 [ReconcilerExecutor-hivemq-controller-109] DEBUG c.h.p.o.HiveMQPlatformReconciler - [helmdata] Custom Resource Status STARTING - HiveMQ Platform is starting (READY)
2025-01-30 04:00:33,323 INFO c.h.h.t.HelmChartContainer - [hivemq-test-hivemq-platform] [hivemq-platform-operator] [b13a794d] 04:00:33.321 [ReconcilerExecutor-hivemq-controller-109] DEBUG c.h.p.o.HiveMQPlatformReconciler - [helmdata] Custom Resource Spec (replicas: 1) (extensions: 1)
2025-01-30 04:00:33,362 INFO c.h.h.t.HelmChartContainer - [hivemq-test-hivemq-platform] [hivemq-platform-operator] [b13a794d] 04:00:33.357 [ReconcilerExecutor-hivemq-controller-109] DEBUG c.h.p.o.HiveMQPlatformReconciler - [helmdata] StatefulSet Status (revision: test-hivemq-platform-7bf9498d96, replicas: 1, available: 0, ready: 0, current: 1, updated: 1)
2025-01-30 04:00:33,363 INFO c.h.h.t.HelmChartContainer - [hivemq-test-hivemq-platform] [hivemq-platform-operator] [b13a794d] 04:00:33.358 [ReconcilerExecutor-hivemq-controller-109] DEBUG c.h.p.o.HiveMQPlatformReconciler - [helmdata] StatefulSet Spec (replicas: 1, init containers: 1, containers: 1, volumes: 3)
2025-01-30 04:00:33,363 INFO c.h.h.t.HelmChartContainer - [hivemq-test-hivemq-platform] [hivemq-platform-operator] [b13a794d] 04:00:33.360 [ReconcilerExecutor-hivemq-controller-109] DEBUG c.h.p.o.h.HiveMQPlatformReconcilerErrorHandler - [helmdata] Pod 'test-hivemq-platform-0' phase Running
2025-01-30 04:00:33,363 INFO c.h.h.t.HelmChartContainer - [hivemq-test-hivemq-platform] [hivemq-platform-operator] [b13a794d] 04:00:33.361 [ReconcilerExecutor-hivemq-controller-109] INFO  c.h.p.o.h.HiveMQPlatformReconcilerBaseHandler - [helmdata] HiveMQ Platform is starting, 0 of 1 replicas are ready
2025-01-30 04:00:33,565 INFO c.h.h.t.HelmChartContainer - [test-hivemq-platform] [hivemq] [ad5bc0ee] INFO  - [HiveMQ Platform Operator Init 1.7.0-SNAPSHOT] HiveMQ Platform Operator Init 1.7.0-SNAPSHOT (commit: 47e3375 on branch: HEAD) built on Thu Jan 30 03:55:50 UTC 2025
2025-01-30 04:00:34,666 INFO c.h.h.t.HelmChartContainer - [test-hivemq-platform] [hivemq] [ad5bc0ee] INFO  - [HiveMQ Platform Operator Init App 1.7.0-SNAPSHOT] Using bind address 10.42.0.6 from environment variable
2025-01-30 04:00:35,551 INFO c.h.h.t.HelmChartContainer - [test-hivemq-platform] [hivemq] [ad5bc0ee] INFO  - [HiveMQ Platform Operator Init App 1.7.0-SNAPSHOT] HiveMQ Platform Operator Init App 1.7.0-SNAPSHOT (commit: 47e3375 on branch: HEAD) built on Thu Jan 30 03:55:50 UTC 2025
2025-01-30 04:00:35,552 INFO c.h.h.t.HelmChartContainer - [test-hivemq-platform] [hivemq] [ad5bc0ee] INFO  - [HiveMQ Platform Operator Init App 1.7.0-SNAPSHOT] PodInfo ConfigMap directory: /etc/podinfo
2025-01-30 04:00:35,552 INFO c.h.h.t.HelmChartContainer - [test-hivemq-platform] [hivemq] [ad5bc0ee] INFO  - [HiveMQ Platform Operator Init App 1.7.0-SNAPSHOT] HiveMQ home directory: /opt/hivemq
2025-01-30 04:00:35,552 INFO c.h.h.t.HelmChartContainer - [test-hivemq-platform] [hivemq] [ad5bc0ee] INFO  - [HiveMQ Platform Operator Init App 1.7.0-SNAPSHOT] HiveMQ Logback folder: /opt/hivemq/conf
2025-01-30 04:00:35,552 INFO c.h.h.t.HelmChartContainer - [test-hivemq-platform] [hivemq] [ad5bc0ee] INFO  - [HiveMQ Platform Operator Init App 1.7.0-SNAPSHOT] HiveMQ Config folder: /opt/hivemq/conf-k8s
2025-01-30 04:00:35,552 INFO c.h.h.t.HelmChartContainer - [test-hivemq-platform] [hivemq] [ad5bc0ee] INFO  - [HiveMQ Platform Operator Init App 1.7.0-SNAPSHOT] Starting HiveMQ Platform Operator Init App
2025-01-30 04:00:35,552 INFO c.h.h.t.HelmChartContainer - [test-hivemq-platform] [hivemq] [ad5bc0ee] INFO  - [HiveMQ Platform Operator Init App 1.7.0-SNAPSHOT] Starting Pod reconciler
2025-01-30 04:00:36,667 INFO c.h.h.t.HelmChartContainer - [test-hivemq-platform] [hivemq] [ad5bc0ee] INFO  - [HiveMQ Platform Operator Init App 1.7.0-SNAPSHOT] Pod reconciler is scheduled (interval: 5000 ms)
2025-01-30 04:00:36,668 INFO c.h.h.t.HelmChartContainer - [test-hivemq-platform] [hivemq] [ad5bc0ee] INFO  - [HiveMQ Platform Operator Init App 1.7.0-SNAPSHOT] Starting the REST API on 10.42.0.6:7979
2025-01-30 04:00:36,670 INFO c.h.h.t.HelmChartContainer - [test-hivemq-platform] [hivemq] [ad5bc0ee] INFO  - [HiveMQ Platform Operator Init App 1.7.0-SNAPSHOT] Waiting up to 600s for at most 1 HiveMQ nodes in cluster service hivemq-test-hivemq-platform-cluster.helmdatahubit.svc
2025-01-30 04:00:37,052 INFO c.h.h.t.HelmChartContainer - [test-hivemq-platform] [hivemq] [ad5bc0ee] INFO  - [HiveMQ Platform Operator Init App 1.7.0-SNAPSHOT] Resolved 1 IP addresses: [10.42.0.6]
2025-01-30 04:00:37,053 INFO c.h.h.t.HelmChartContainer - [test-hivemq-platform] [hivemq] [ad5bc0ee] INFO  - [HiveMQ Platform Operator Init App 1.7.0-SNAPSHOT] HiveMQ node count of 1 is within threshold of 1
2025-01-30 04:00:37,053 INFO c.h.h.t.HelmChartContainer - [test-hivemq-platform] [hivemq] [ad5bc0ee] INFO  - [HiveMQ Platform Operator Init App 1.7.0-SNAPSHOT] Proceeding with container start
2025-01-30 04:00:37,152 INFO c.h.h.t.HelmChartContainer - [test-hivemq-platform] [hivemq] [ad5bc0ee] INFO  - [HiveMQ Platform Operator Init App 1.7.0-SNAPSHOT] Initializing HiveMQ Platform extensions with initial configuration: {hivemq-allow-all-extension={start-priority=-1, skip-https-hostname-verification=false, restart=true, config-version=0, header-version=0, c-uri=, priority=-1, uri=preinstalled, skip-https-certificate-validation=false, enabled=true}, hivemq-prometheus-extension={priority=-1, start-priority=-1, c-uri=, skip-https-hostname-verification=false, skip-https-certificate-validation=false, uri=preinstalled, request-header-path=no-request-headers, enabled=true, restart=true}}
2025-01-30 04:00:37,771 INFO c.h.h.t.HelmChartContainer - [test-hivemq-platform] [hivemq] [ad5bc0ee] INFO  - [HiveMQ Platform Operator Init App 1.7.0-SNAPSHOT] Extension hivemq-allow-all-extension was already enabled
2025-01-30 04:00:37,854 INFO c.h.h.t.HelmChartContainer - [test-hivemq-platform] [hivemq] [ad5bc0ee] INFO  - [HiveMQ Platform Operator Init App 1.7.0-SNAPSHOT] Successfully enabled extension hivemq-prometheus-extension
2025-01-30 04:00:37,856 INFO c.h.h.t.HelmChartContainer - [test-hivemq-platform] [hivemq] [ad5bc0ee] INFO  - [HiveMQ Platform Operator Init App 1.7.0-SNAPSHOT] Starting HiveMQ Platform version 4.36.0 (4.36.0)
2025-01-30 04:00:37,856 INFO c.h.h.t.HelmChartContainer - [test-hivemq-platform] [hivemq] [ad5bc0ee] INFO  - [HiveMQ Platform Operator Init App 1.7.0-SNAPSHOT] Configuring the HiveMQ Platform
2025-01-30 04:00:37,865 INFO c.h.h.t.HelmChartContainer - [test-hivemq-platform] [hivemq] [ad5bc0ee] INFO  - [HiveMQ Platform Operator Init App 1.7.0-SNAPSHOT] Changed logback.xml file scan period to 20 seconds
2025-01-30 04:00:37,958 INFO c.h.h.t.HelmChartContainer - [test-hivemq-platform] [hivemq] [ad5bc0ee] INFO  - [HiveMQ Platform Operator Init App 1.7.0-SNAPSHOT] Starting the HiveMQ Platform
2025-01-30 04:00:37,961 INFO c.h.h.t.HelmChartContainer - [test-hivemq-platform] [hivemq] [ad5bc0ee] -------------------------------------------------------------------------
2025-01-30 04:00:37,962 INFO c.h.h.t.HelmChartContainer - [test-hivemq-platform] [hivemq] [ad5bc0ee] 
2025-01-30 04:00:37,962 INFO c.h.h.t.HelmChartContainer - [test-hivemq-platform] [hivemq] [ad5bc0ee]                   _    _  _              __  __   ____
2025-01-30 04:00:37,962 INFO c.h.h.t.HelmChartContainer - [test-hivemq-platform] [hivemq] [ad5bc0ee]                  | |  | |(_)            |  \/  | / __ \
2025-01-30 04:00:37,962 INFO c.h.h.t.HelmChartContainer - [test-hivemq-platform] [hivemq] [ad5bc0ee]                  | |__| | _ __   __ ___ | \  / || |  | |
2025-01-30 04:00:37,962 INFO c.h.h.t.HelmChartContainer - [test-hivemq-platform] [hivemq] [ad5bc0ee]                  |  __  || |\ \ / // _ \| |\/| || |  | |
2025-01-30 04:00:37,962 INFO c.h.h.t.HelmChartContainer - [test-hivemq-platform] [hivemq] [ad5bc0ee]                  | |  | || | \ V /|  __/| |  | || |__| |
2025-01-30 04:00:37,962 INFO c.h.h.t.HelmChartContainer - [test-hivemq-platform] [hivemq] [ad5bc0ee]                  |_|  |_||_|  \_/  \___||_|  |_| \___\_\
2025-01-30 04:00:37,962 INFO c.h.h.t.HelmChartContainer - [test-hivemq-platform] [hivemq] [ad5bc0ee] 
2025-01-30 04:00:37,962 INFO c.h.h.t.HelmChartContainer - [test-hivemq-platform] [hivemq] [ad5bc0ee] -------------------------------------------------------------------------
2025-01-30 04:00:37,962 INFO c.h.h.t.HelmChartContainer - [test-hivemq-platform] [hivemq] [ad5bc0ee] 
2025-01-30 04:00:37,962 INFO c.h.h.t.HelmChartContainer - [test-hivemq-platform] [hivemq] [ad5bc0ee]   HiveMQ Start Script for Linux/Unix v1.14
2025-01-30 04:00:37,962 INFO c.h.h.t.HelmChartContainer - [test-hivemq-platform] [hivemq] [ad5bc0ee] 
2025-01-30 04:00:38,062 INFO c.h.h.t.HelmChartContainer - [test-hivemq-platform] [hivemq] [ad5bc0ee] -------------------------------------------------------------------------
2025-01-30 04:00:38,063 INFO c.h.h.t.HelmChartContainer - [test-hivemq-platform] [hivemq] [ad5bc0ee] 
2025-01-30 04:00:38,063 INFO c.h.h.t.HelmChartContainer - [test-hivemq-platform] [hivemq] [ad5bc0ee]   HIVEMQ_HOME: /opt/hivemq
2025-01-30 04:00:38,063 INFO c.h.h.t.HelmChartContainer - [test-hivemq-platform] [hivemq] [ad5bc0ee] 
2025-01-30 04:00:38,063 INFO c.h.h.t.HelmChartContainer - [test-hivemq-platform] [hivemq] [ad5bc0ee]   JAVA_OPTS: -XX:+UnlockExperimentalVMOptions -XX:InitialRAMPercentage=50 -XX:MaxRAMPercentage=50 -Djava.net.preferIPv4Stack=true --add-opens java.base/java.lang=ALL-UNNAMED --add-opens java.base/java.nio=ALL-UNNAMED --add-opens java.base/sun.nio.ch=ALL-UNNAMED --add-opens jdk.management/com.sun.management.internal=ALL-UNNAMED --add-exports java.base/jdk.internal.misc=ALL-UNNAMED -Djava.security.egd=file:/dev/./urandom -Dcom.sun.management.jmxremote -Dcom.sun.management.jmxremote.port=9010 -Dcom.sun.management.jmxremote.local.only=false -Dcom.sun.management.jmxremote.authenticate=false -Dcom.sun.management.jmxremote.ssl=false -Duser.language=en -Duser.region=US -XX:+CrashOnOutOfMemoryError -XX:+HeapDumpOnOutOfMemoryError
2025-01-30 04:00:38,063 INFO c.h.h.t.HelmChartContainer - [test-hivemq-platform] [hivemq] [ad5bc0ee] 
2025-01-30 04:00:38,063 INFO c.h.h.t.HelmChartContainer - [test-hivemq-platform] [hivemq] [ad5bc0ee]   JAVA_VERSION: 21
2025-01-30 04:00:38,063 INFO c.h.h.t.HelmChartContainer - [test-hivemq-platform] [hivemq] [ad5bc0ee] 
2025-01-30 04:00:38,063 INFO c.h.h.t.HelmChartContainer - [test-hivemq-platform] [hivemq] [ad5bc0ee] -------------------------------------------------------------------------
2025-01-30 04:00:38,063 INFO c.h.h.t.HelmChartContainer - [test-hivemq-platform] [hivemq] [ad5bc0ee] 
2025-01-30 04:00:39,363 INFO c.h.h.t.HelmChartContainer - [test-hivemq-platform] [hivemq] [ad5bc0ee] INFO  - [HiveMQ Platform Operator Init App 1.7.0-SNAPSHOT] Returning default Health API response 503 for readiness
2025-01-30 04:00:39,760 INFO c.h.h.t.HelmChartContainer - [EVENT] Warning [Unhealthy] Readiness probe failed: HTTP probe failed with statuscode: 503 [helmdatahubit:test-hivemq-platform-0]
2025-01-30 04:00:39,761 INFO c.h.h.t.HelmChartContainer - Received Unhealthy event for container hivemq in pod test-hivemq-platform-0 [ad5bc0ee-7ce3-4e2f-a5cc-b9d3d36bf427]
2025-01-30 04:00:40,659 INFO c.h.h.t.HelmChartContainer - [test-hivemq-platform] [hivemq] [ad5bc0ee] INFO  - Starting HiveMQ Enterprise Server
2025-01-30 04:00:40,666 INFO c.h.h.t.HelmChartContainer - [test-hivemq-platform] [hivemq] [ad5bc0ee] INFO  - HiveMQ version: 4.36.0
2025-01-30 04:00:40,666 INFO c.h.h.t.HelmChartContainer - [test-hivemq-platform] [hivemq] [ad5bc0ee] INFO  - HiveMQ home directory: /opt/hivemq
2025-01-30 04:00:40,666 INFO c.h.h.t.HelmChartContainer - [test-hivemq-platform] [hivemq] [ad5bc0ee] INFO  - Log Configuration was overridden by /opt/hivemq/conf/logback.xml
2025-01-30 04:00:41,952 INFO c.h.h.t.HelmChartContainer - [test-hivemq-platform] [hivemq] [ad5bc0ee] INFO  - Successfully loaded configuration from '/opt/hivemq/conf-k8s/config.xml'.
2025-01-30 04:00:42,554 INFO c.h.h.t.HelmChartContainer - [test-hivemq-platform] [hivemq] [ad5bc0ee] INFO  - This node's ID is gRmGi
2025-01-30 04:00:42,555 INFO c.h.h.t.HelmChartContainer - [test-hivemq-platform] [hivemq] [ad5bc0ee] INFO  - Clustering is enabled
2025-01-30 04:00:43,401 INFO c.h.h.t.HelmChartContainer - [hivemq-test-hivemq-platform] [hivemq-platform-operator] [b13a794d] 04:00:43.397 [pool-6-thread-11] DEBUG c.h.p.o.d.PlatformServiceResource - [helmdata] Desired Platform services (3 services)
2025-01-30 04:00:43,401 INFO c.h.h.t.HelmChartContainer - [hivemq-test-hivemq-platform] [hivemq-platform-operator] [b13a794d] 04:00:43.398 [pool-6-thread-14] DEBUG c.h.p.o.dependants.PodInfoConfigMap - [helmdata] Desired PodInfo ConfigMap (1 extensions) (1 enabled)
2025-01-30 04:00:43,401 INFO c.h.h.t.HelmChartContainer - [hivemq-test-hivemq-platform] [hivemq-platform-operator] [b13a794d] 04:00:43.398 [pool-6-thread-14] DEBUG c.h.p.o.dependants.PodInfoConfigMap - [helmdata] Desired PodInfo ConfigMap (metrics port: 9399) (metrics path: /)
2025-01-30 04:00:43,401 INFO c.h.h.t.HelmChartContainer - [hivemq-test-hivemq-platform] [hivemq-platform-operator] [b13a794d] 04:00:43.398 [pool-6-thread-14] DEBUG c.h.p.o.dependants.PodInfoConfigMap - [helmdata] Desired PodInfo ConfigMap (extension state hash: -1817474005)
2025-01-30 04:00:43,401 INFO c.h.h.t.HelmChartContainer - [hivemq-test-hivemq-platform] [hivemq-platform-operator] [b13a794d] 04:00:43.398 [pool-6-thread-15] DEBUG c.h.p.o.d.PodServiceAccountResource - [helmdata] Desired PodServiceAccountResource (serviceAccountName: hivemq-platform-pod-test-hivemq-platform)
2025-01-30 04:00:43,403 INFO c.h.h.t.HelmChartContainer - [hivemq-test-hivemq-platform] [hivemq-platform-operator] [b13a794d] 04:00:43.402 [pool-6-thread-11] DEBUG c.h.p.o.d.StatefulSetResource - [helmdata] Desired StatefulSet (1 replicas) for status STARTING (READY)
2025-01-30 04:00:43,407 INFO c.h.h.t.HelmChartContainer - [hivemq-test-hivemq-platform] [hivemq-platform-operator] [b13a794d] 04:00:43.406 [ReconcilerExecutor-hivemq-controller-110] INFO  c.h.p.o.HiveMQPlatformReconciler - [helmdata] Reconciling HiveMQ Platform 'test-hivemq-platform' in namespace 'helmdatahubit'
2025-01-30 04:00:43,409 INFO c.h.h.t.HelmChartContainer - [hivemq-test-hivemq-platform] [hivemq-platform-operator] [b13a794d] 04:00:43.406 [ReconcilerExecutor-hivemq-controller-110] DEBUG c.h.p.o.HiveMQPlatformReconciler - [helmdata] Custom Resource Status STARTING - HiveMQ Platform is starting (READY)
2025-01-30 04:00:43,409 INFO c.h.h.t.HelmChartContainer - [hivemq-test-hivemq-platform] [hivemq-platform-operator] [b13a794d] 04:00:43.406 [ReconcilerExecutor-hivemq-controller-110] DEBUG c.h.p.o.HiveMQPlatformReconciler - [helmdata] Custom Resource Spec (replicas: 1) (extensions: 1)
2025-01-30 04:00:43,409 INFO c.h.h.t.HelmChartContainer - [hivemq-test-hivemq-platform] [hivemq-platform-operator] [b13a794d] 04:00:43.408 [ReconcilerExecutor-hivemq-controller-110] DEBUG c.h.p.o.HiveMQPlatformReconciler - [helmdata] StatefulSet Status (revision: test-hivemq-platform-7bf9498d96, replicas: 1, available: 0, ready: 0, current: 1, updated: 1)
2025-01-30 04:00:43,409 INFO c.h.h.t.HelmChartContainer - [hivemq-test-hivemq-platform] [hivemq-platform-operator] [b13a794d] 04:00:43.408 [ReconcilerExecutor-hivemq-controller-110] DEBUG c.h.p.o.HiveMQPlatformReconciler - [helmdata] StatefulSet Spec (replicas: 1, init containers: 1, containers: 1, volumes: 3)
2025-01-30 04:00:43,413 INFO c.h.h.t.HelmChartContainer - [hivemq-test-hivemq-platform] [hivemq-platform-operator] [b13a794d] 04:00:43.410 [ReconcilerExecutor-hivemq-controller-110] DEBUG c.h.p.o.h.HiveMQPlatformReconcilerErrorHandler - [helmdata] Pod 'test-hivemq-platform-0' phase Running
2025-01-30 04:00:43,413 INFO c.h.h.t.HelmChartContainer - [hivemq-test-hivemq-platform] [hivemq-platform-operator] [b13a794d] 04:00:43.411 [ReconcilerExecutor-hivemq-controller-110] INFO  c.h.p.o.h.HiveMQPlatformReconcilerBaseHandler - [helmdata] HiveMQ Platform is starting, 0 of 1 replicas are ready
2025-01-30 04:00:44,752 INFO c.h.h.t.HelmChartContainer - [test-hivemq-platform] [hivemq] [ad5bc0ee] WARN  - [HiveMQ Platform Operator Init App 1.7.0-SNAPSHOT] Cannot connect to Health API for readiness: null
2025-01-30 04:00:44,758 INFO c.h.h.t.HelmChartContainer - [EVENT] Warning [Unhealthy] Readiness probe failed: HTTP probe failed with statuscode: 503 [helmdatahubit:test-hivemq-platform-0]
2025-01-30 04:00:44,758 INFO c.h.h.t.HelmChartContainer - Received Unhealthy event for container hivemq in pod test-hivemq-platform-0 [ad5bc0ee-7ce3-4e2f-a5cc-b9d3d36bf427]
2025-01-30 04:00:47,061 INFO c.h.h.t.HelmChartContainer - [test-hivemq-platform] [hivemq] [ad5bc0ee] Jan 30, 2025 4:00:47 AM io.vertx.core.impl.BlockedThreadChecker
2025-01-30 04:00:47,061 INFO c.h.h.t.HelmChartContainer - [test-hivemq-platform] [hivemq] [ad5bc0ee] WARNING: Thread Thread[vert.x-eventloop-thread-1,5,main] has been blocked for 2798 ms, time limit is 2000 ms
2025-01-30 04:00:47,554 INFO c.h.h.t.HelmChartContainer - [test-hivemq-platform] [hivemq] [ad5bc0ee] INFO  - [HiveMQ Platform Operator Init App 1.7.0-SNAPSHOT] Updating Pod HiveMQ Platform Operator Init App version annotation (version: 1.7.0-SNAPSHOT)
2025-01-30 04:00:48,171 INFO c.h.h.t.HelmChartContainer - [POD] test-hivemq-platform-0 [ad5bc0ee-7ce3-4e2f-a5cc-b9d3d36bf427] in helmdatahubit was MODIFIED
2025-01-30 04:00:48,183 INFO c.h.h.t.HelmChartContainer - [hivemq-test-hivemq-platform] [hivemq-platform-operator] [b13a794d] 04:00:48.176 [pool-6-thread-23] DEBUG c.h.p.o.d.PlatformServiceResource - [helmdata] Desired Platform services (3 services)
2025-01-30 04:00:48,183 INFO c.h.h.t.HelmChartContainer - [hivemq-test-hivemq-platform] [hivemq-platform-operator] [b13a794d] 04:00:48.177 [pool-6-thread-24] DEBUG c.h.p.o.dependants.PodInfoConfigMap - [helmdata] Desired PodInfo ConfigMap (1 extensions) (1 enabled)
2025-01-30 04:00:48,183 INFO c.h.h.t.HelmChartContainer - [hivemq-test-hivemq-platform] [hivemq-platform-operator] [b13a794d] 04:00:48.177 [pool-6-thread-24] DEBUG c.h.p.o.dependants.PodInfoConfigMap - [helmdata] Desired PodInfo ConfigMap (metrics port: 9399) (metrics path: /)
2025-01-30 04:00:48,183 INFO c.h.h.t.HelmChartContainer - [hivemq-test-hivemq-platform] [hivemq-platform-operator] [b13a794d] 04:00:48.177 [pool-6-thread-24] DEBUG c.h.p.o.dependants.PodInfoConfigMap - [helmdata] Desired PodInfo ConfigMap (extension state hash: -1817474005)
2025-01-30 04:00:48,183 INFO c.h.h.t.HelmChartContainer - [hivemq-test-hivemq-platform] [hivemq-platform-operator] [b13a794d] 04:00:48.179 [pool-6-thread-21] DEBUG c.h.p.o.d.PodServiceAccountResource - [helmdata] Desired PodServiceAccountResource (serviceAccountName: hivemq-platform-pod-test-hivemq-platform)
2025-01-30 04:00:48,187 INFO c.h.h.t.HelmChartContainer - [hivemq-test-hivemq-platform] [hivemq-platform-operator] [b13a794d] 04:00:48.185 [pool-6-thread-26] DEBUG c.h.p.o.d.StatefulSetResource - [helmdata] Desired StatefulSet (1 replicas) for status STARTING (READY)
2025-01-30 04:00:48,191 INFO c.h.h.t.HelmChartContainer - [hivemq-test-hivemq-platform] [hivemq-platform-operator] [b13a794d] 04:00:48.190 [ReconcilerExecutor-hivemq-controller-111] INFO  c.h.p.o.HiveMQPlatformReconciler - [helmdata] Reconciling HiveMQ Platform 'test-hivemq-platform' in namespace 'helmdatahubit'
2025-01-30 04:00:48,191 INFO c.h.h.t.HelmChartContainer - [hivemq-test-hivemq-platform] [hivemq-platform-operator] [b13a794d] 04:00:48.190 [ReconcilerExecutor-hivemq-controller-111] DEBUG c.h.p.o.HiveMQPlatformReconciler - [helmdata] Custom Resource Status STARTING - HiveMQ Platform is starting (READY)
2025-01-30 04:00:48,191 INFO c.h.h.t.HelmChartContainer - [hivemq-test-hivemq-platform] [hivemq-platform-operator] [b13a794d] 04:00:48.190 [ReconcilerExecutor-hivemq-controller-111] DEBUG c.h.p.o.HiveMQPlatformReconciler - [helmdata] Custom Resource Spec (replicas: 1) (extensions: 1)
2025-01-30 04:00:48,193 INFO c.h.h.t.HelmChartContainer - [hivemq-test-hivemq-platform] [hivemq-platform-operator] [b13a794d] 04:00:48.192 [ReconcilerExecutor-hivemq-controller-111] DEBUG c.h.p.o.HiveMQPlatformReconciler - [helmdata] StatefulSet Status (revision: test-hivemq-platform-7bf9498d96, replicas: 1, available: 0, ready: 0, current: 1, updated: 1)
2025-01-30 04:00:48,193 INFO c.h.h.t.HelmChartContainer - [hivemq-test-hivemq-platform] [hivemq-platform-operator] [b13a794d] 04:00:48.192 [ReconcilerExecutor-hivemq-controller-111] DEBUG c.h.p.o.HiveMQPlatformReconciler - [helmdata] StatefulSet Spec (replicas: 1, init containers: 1, containers: 1, volumes: 3)
2025-01-30 04:00:48,256 INFO c.h.h.t.HelmChartContainer - [test-hivemq-platform] [hivemq] [ad5bc0ee] WARN  - [HiveMQ Platform Operator Init App 1.7.0-SNAPSHOT] Cannot connect to Health API for readiness: null
2025-01-30 04:00:48,259 INFO c.h.h.t.HelmChartContainer - [test-hivemq-platform] [hivemq] [ad5bc0ee] INFO  - [HiveMQ Platform Operator Init App 1.7.0-SNAPSHOT] Successfully updated Pod HiveMQ Platform Operator Init App version annotation (version: 1.7.0-SNAPSHOT)
2025-01-30 04:00:48,262 INFO c.h.h.t.HelmChartContainer - [EVENT] Warning [Unhealthy] Readiness probe failed: HTTP probe failed with statuscode: 503 [helmdatahubit:test-hivemq-platform-0]
2025-01-30 04:00:48,262 INFO c.h.h.t.HelmChartContainer - Received Unhealthy event for container hivemq in pod test-hivemq-platform-0 [ad5bc0ee-7ce3-4e2f-a5cc-b9d3d36bf427]
2025-01-30 04:00:48,263 INFO c.h.h.t.HelmChartContainer - [hivemq-test-hivemq-platform] [hivemq-platform-operator] [b13a794d] 04:00:48.261 [ReconcilerExecutor-hivemq-controller-111] DEBUG c.h.p.o.h.HiveMQPlatformReconcilerErrorHandler - [helmdata] Pod 'test-hivemq-platform-0' phase Running
2025-01-30 04:00:48,265 INFO c.h.h.t.HelmChartContainer - [hivemq-test-hivemq-platform] [hivemq-platform-operator] [b13a794d] 04:00:48.263 [ReconcilerExecutor-hivemq-controller-111] INFO  c.h.p.o.h.HiveMQPlatformReconcilerBaseHandler - [helmdata] HiveMQ Platform is starting, 0 of 1 replicas are ready
2025-01-30 04:00:53,207 INFO c.h.h.t.HelmChartContainer - [test-hivemq-platform] [hivemq] [ad5bc0ee] WARN  - [HiveMQ Platform Operator Init App 1.7.0-SNAPSHOT] Cannot connect to Health API for readiness: null
2025-01-30 04:00:53,211 INFO c.h.h.t.HelmChartContainer - [EVENT] Warning [Unhealthy] Readiness probe failed: HTTP probe failed with statuscode: 503 [helmdatahubit:test-hivemq-platform-0]
2025-01-30 04:00:53,212 INFO c.h.h.t.HelmChartContainer - Received Unhealthy event for container hivemq in pod test-hivemq-platform-0 [ad5bc0ee-7ce3-4e2f-a5cc-b9d3d36bf427]
2025-01-30 04:00:58,254 INFO c.h.h.t.HelmChartContainer - [test-hivemq-platform] [hivemq] [ad5bc0ee] WARN  - [HiveMQ Platform Operator Init App 1.7.0-SNAPSHOT] Cannot connect to Health API for readiness: null
2025-01-30 04:00:58,259 INFO c.h.h.t.HelmChartContainer - [EVENT] Warning [Unhealthy] Readiness probe failed: HTTP probe failed with statuscode: 503 [helmdatahubit:test-hivemq-platform-0]
2025-01-30 04:00:58,259 INFO c.h.h.t.HelmChartContainer - Received Unhealthy event for container hivemq in pod test-hivemq-platform-0 [ad5bc0ee-7ce3-4e2f-a5cc-b9d3d36bf427]
2025-01-30 04:00:58,270 INFO c.h.h.t.HelmChartContainer - [hivemq-test-hivemq-platform] [hivemq-platform-operator] [b13a794d] 04:00:58.268 [pool-6-thread-36] DEBUG c.h.p.o.d.PlatformServiceResource - [helmdata] Desired Platform services (3 services)
2025-01-30 04:00:58,273 INFO c.h.h.t.HelmChartContainer - [hivemq-test-hivemq-platform] [hivemq-platform-operator] [b13a794d] 04:00:58.269 [pool-6-thread-37] DEBUG c.h.p.o.dependants.PodInfoConfigMap - [helmdata] Desired PodInfo ConfigMap (1 extensions) (1 enabled)
2025-01-30 04:00:58,273 INFO c.h.h.t.HelmChartContainer - [hivemq-test-hivemq-platform] [hivemq-platform-operator] [b13a794d] 04:00:58.269 [pool-6-thread-37] DEBUG c.h.p.o.dependants.PodInfoConfigMap - [helmdata] Desired PodInfo ConfigMap (metrics port: 9399) (metrics path: /)
2025-01-30 04:00:58,273 INFO c.h.h.t.HelmChartContainer - [hivemq-test-hivemq-platform] [hivemq-platform-operator] [b13a794d] 04:00:58.269 [pool-6-thread-37] DEBUG c.h.p.o.dependants.PodInfoConfigMap - [helmdata] Desired PodInfo ConfigMap (extension state hash: -1817474005)
2025-01-30 04:00:58,273 INFO c.h.h.t.HelmChartContainer - [hivemq-test-hivemq-platform] [hivemq-platform-operator] [b13a794d] 04:00:58.271 [pool-6-thread-37] DEBUG c.h.p.o.d.PodServiceAccountResource - [helmdata] Desired PodServiceAccountResource (serviceAccountName: hivemq-platform-pod-test-hivemq-platform)
2025-01-30 04:00:58,277 INFO c.h.h.t.HelmChartContainer - [hivemq-test-hivemq-platform] [hivemq-platform-operator] [b13a794d] 04:00:58.276 [pool-6-thread-36] DEBUG c.h.p.o.d.StatefulSetResource - [helmdata] Desired StatefulSet (1 replicas) for status STARTING (READY)
2025-01-30 04:00:58,281 INFO c.h.h.t.HelmChartContainer - [hivemq-test-hivemq-platform] [hivemq-platform-operator] [b13a794d] 04:00:58.279 [ReconcilerExecutor-hivemq-controller-112] INFO  c.h.p.o.HiveMQPlatformReconciler - [helmdata] Reconciling HiveMQ Platform 'test-hivemq-platform' in namespace 'helmdatahubit'
2025-01-30 04:00:58,281 INFO c.h.h.t.HelmChartContainer - [hivemq-test-hivemq-platform] [hivemq-platform-operator] [b13a794d] 04:00:58.279 [ReconcilerExecutor-hivemq-controller-112] DEBUG c.h.p.o.HiveMQPlatformReconciler - [helmdata] Custom Resource Status STARTING - HiveMQ Platform is starting (READY)
2025-01-30 04:00:58,281 INFO c.h.h.t.HelmChartContainer - [hivemq-test-hivemq-platform] [hivemq-platform-operator] [b13a794d] 04:00:58.279 [ReconcilerExecutor-hivemq-controller-112] DEBUG c.h.p.o.HiveMQPlatformReconciler - [helmdata] Custom Resource Spec (replicas: 1) (extensions: 1)
2025-01-30 04:00:58,282 INFO c.h.h.t.HelmChartContainer - [hivemq-test-hivemq-platform] [hivemq-platform-operator] [b13a794d] 04:00:58.280 [ReconcilerExecutor-hivemq-controller-112] DEBUG c.h.p.o.HiveMQPlatformReconciler - [helmdata] StatefulSet Status (revision: test-hivemq-platform-7bf9498d96, replicas: 1, available: 0, ready: 0, current: 1, updated: 1)
2025-01-30 04:00:58,282 INFO c.h.h.t.HelmChartContainer - [hivemq-test-hivemq-platform] [hivemq-platform-operator] [b13a794d] 04:00:58.280 [ReconcilerExecutor-hivemq-controller-112] DEBUG c.h.p.o.HiveMQPlatformReconciler - [helmdata] StatefulSet Spec (replicas: 1, init containers: 1, containers: 1, volumes: 3)
2025-01-30 04:00:58,360 INFO c.h.h.t.HelmChartContainer - [hivemq-test-hivemq-platform] [hivemq-platform-operator] [b13a794d] 04:00:58.358 [ReconcilerExecutor-hivemq-controller-112] DEBUG c.h.p.o.h.HiveMQPlatformReconcilerErrorHandler - [helmdata] Pod 'test-hivemq-platform-0' phase Running
2025-01-30 04:00:58,360 INFO c.h.h.t.HelmChartContainer - [hivemq-test-hivemq-platform] [hivemq-platform-operator] [b13a794d] 04:00:58.359 [ReconcilerExecutor-hivemq-controller-112] INFO  c.h.p.o.h.HiveMQPlatformReconcilerBaseHandler - [helmdata] HiveMQ Platform is starting, 0 of 1 replicas are ready
2025-01-30 04:00:59,352 INFO c.h.h.t.HelmChartContainer - [test-hivemq-platform] [hivemq] [ad5bc0ee] INFO  - No valid license file found. Using trial license, restricted to 25 connections.
2025-01-30 04:01:01,153 INFO c.h.h.t.HelmChartContainer - [test-hivemq-platform] [hivemq] [ad5bc0ee] WARN  - [HiveMQ Platform Operator Init App 1.7.0-SNAPSHOT] Cannot connect to Health API for liveness: null
2025-01-30 04:01:01,154 INFO c.h.h.t.HelmChartContainer - [test-hivemq-platform] [hivemq] [ad5bc0ee] INFO  - [HiveMQ Platform Operator Init App 1.7.0-SNAPSHOT] Returning default Health API response 200 for liveness
2025-01-30 04:01:03,251 INFO c.h.h.t.HelmChartContainer - [test-hivemq-platform] [hivemq] [ad5bc0ee] WARN  - [HiveMQ Platform Operator Init App 1.7.0-SNAPSHOT] Cannot connect to Health API for readiness: null
2025-01-30 04:01:03,258 INFO c.h.h.t.HelmChartContainer - [EVENT] Warning [Unhealthy] Readiness probe failed: HTTP probe failed with statuscode: 503 [helmdatahubit:test-hivemq-platform-0]
2025-01-30 04:01:03,258 INFO c.h.h.t.HelmChartContainer - Received Unhealthy event for container hivemq in pod test-hivemq-platform-0 [ad5bc0ee-7ce3-4e2f-a5cc-b9d3d36bf427]
2025-01-30 04:01:03,662 INFO c.h.h.t.HelmChartContainer - [test-hivemq-platform] [hivemq] [ad5bc0ee] INFO  - No valid license file for Data Hub found. Using free license, restricted to 1 policy.
2025-01-30 04:01:04,760 INFO c.h.h.t.HelmChartContainer - [test-hivemq-platform] [hivemq] [ad5bc0ee] INFO  - Audit Logger started.
2025-01-30 04:01:04,979 INFO c.h.h.t.HelmChartContainer - [test-hivemq-platform] [hivemq] [ad5bc0ee] INFO  - This node uses '1' CPU cores.
2025-01-30 04:01:04,983 INFO c.h.h.t.HelmChartContainer - [test-hivemq-platform] [hivemq] [ad5bc0ee] INFO  - Starting HiveMQ Health API on address 0.0.0.0 and port 8889
2025-01-30 04:01:05,667 INFO c.h.h.t.HelmChartContainer - [test-hivemq-platform] [hivemq] [ad5bc0ee] INFO  - Started HiveMQ Health API in 683ms
2025-01-30 04:01:06,357 INFO c.h.h.t.HelmChartContainer - [test-hivemq-platform] [hivemq] [ad5bc0ee] INFO  - Starting HiveMQ extension system.
2025-01-30 04:01:06,559 INFO c.h.h.t.HelmChartContainer - [test-hivemq-platform] [hivemq] [ad5bc0ee] INFO  - Starting extension with id "hivemq-dns-cluster-discovery" at /opt/hivemq/extensions/hivemq-dns-cluster-discovery
2025-01-30 04:01:07,055 INFO c.h.h.t.HelmChartContainer - [test-hivemq-platform] [hivemq] [ad5bc0ee] INFO  - Using TCP cluster transport on address 10.42.0.6 and port 7000
2025-01-30 04:01:07,062 INFO c.h.h.t.HelmChartContainer - [test-hivemq-platform] [hivemq] [ad5bc0ee] INFO  - Using extension cluster discovery
2025-01-30 04:01:07,157 INFO c.h.h.t.HelmChartContainer - [test-hivemq-platform] [hivemq] [ad5bc0ee] INFO  - Extension "DNS Cluster Discovery Extension" version 4.3.2 started successfully.
2025-01-30 04:01:07,158 INFO c.h.h.t.HelmChartContainer - [test-hivemq-platform] [hivemq] [ad5bc0ee] INFO  - Starting extension with id "hivemq-prometheus-extension" at /opt/hivemq/extensions/hivemq-prometheus-extension
2025-01-30 04:01:07,952 INFO c.h.h.t.HelmChartContainer - [test-hivemq-platform] [hivemq] [ad5bc0ee] INFO  - Started Jetty Server exposing Prometheus Servlet on URI http://0.0.0.0:9399/
2025-01-30 04:01:07,953 INFO c.h.h.t.HelmChartContainer - [test-hivemq-platform] [hivemq] [ad5bc0ee] INFO  - Extension "Prometheus Monitoring Extension" version 4.0.12 started successfully.
2025-01-30 04:01:07,953 INFO c.h.h.t.HelmChartContainer - [test-hivemq-platform] [hivemq] [ad5bc0ee] INFO  - Starting extension with id "hivemq-allow-all-extension" at /opt/hivemq/extensions/hivemq-allow-all-extension
2025-01-30 04:01:07,953 INFO c.h.h.t.HelmChartContainer - [test-hivemq-platform] [hivemq] [ad5bc0ee] WARN  - 
2025-01-30 04:01:07,953 INFO c.h.h.t.HelmChartContainer - [test-hivemq-platform] [hivemq] [ad5bc0ee] ################################################################################################################
2025-01-30 04:01:07,953 INFO c.h.h.t.HelmChartContainer - [test-hivemq-platform] [hivemq] [ad5bc0ee] # This HiveMQ deployment is not secure! You are lacking Authentication and Authorization.                      #
2025-01-30 04:01:07,953 INFO c.h.h.t.HelmChartContainer - [test-hivemq-platform] [hivemq] [ad5bc0ee] # Right now any MQTT client can connect to the broker with a full set of permissions.                          #
2025-01-30 04:01:07,953 INFO c.h.h.t.HelmChartContainer - [test-hivemq-platform] [hivemq] [ad5bc0ee] # For production usage, add an appropriate security extension and remove the hivemq-allow-all extension.       #
2025-01-30 04:01:07,953 INFO c.h.h.t.HelmChartContainer - [test-hivemq-platform] [hivemq] [ad5bc0ee] # You can download security extensions from the HiveMQ Marketplace (https://www.hivemq.com/extensions/).       #
2025-01-30 04:01:07,953 INFO c.h.h.t.HelmChartContainer - [test-hivemq-platform] [hivemq] [ad5bc0ee] ################################################################################################################
2025-01-30 04:01:07,953 INFO c.h.h.t.HelmChartContainer - [test-hivemq-platform] [hivemq] [ad5bc0ee] INFO  - Extension "Allow All Extension" version 1.1.1 started successfully.
2025-01-30 04:01:08,366 INFO c.h.h.t.HelmChartContainer - [hivemq-test-hivemq-platform] [hivemq-platform-operator] [b13a794d] 04:01:08.363 [pool-6-thread-47] DEBUG c.h.p.o.d.PlatformServiceResource - [helmdata] Desired Platform services (3 services)
2025-01-30 04:01:08,368 INFO c.h.h.t.HelmChartContainer - [hivemq-test-hivemq-platform] [hivemq-platform-operator] [b13a794d] 04:01:08.365 [pool-6-thread-46] DEBUG c.h.p.o.dependants.PodInfoConfigMap - [helmdata] Desired PodInfo ConfigMap (1 extensions) (1 enabled)
2025-01-30 04:01:08,371 INFO c.h.h.t.HelmChartContainer - [hivemq-test-hivemq-platform] [hivemq-platform-operator] [b13a794d] 04:01:08.370 [pool-6-thread-46] DEBUG c.h.p.o.dependants.PodInfoConfigMap - [helmdata] Desired PodInfo ConfigMap (metrics port: 9399) (metrics path: /)
2025-01-30 04:01:08,372 INFO c.h.h.t.HelmChartContainer - [hivemq-test-hivemq-platform] [hivemq-platform-operator] [b13a794d] 04:01:08.371 [pool-6-thread-46] DEBUG c.h.p.o.dependants.PodInfoConfigMap - [helmdata] Desired PodInfo ConfigMap (extension state hash: -1817474005)
2025-01-30 04:01:08,375 INFO c.h.h.t.HelmChartContainer - [hivemq-test-hivemq-platform] [hivemq-platform-operator] [b13a794d] 04:01:08.374 [pool-6-thread-45] DEBUG c.h.p.o.d.PodServiceAccountResource - [helmdata] Desired PodServiceAccountResource (serviceAccountName: hivemq-platform-pod-test-hivemq-platform)
2025-01-30 04:01:08,381 INFO c.h.h.t.HelmChartContainer - [hivemq-test-hivemq-platform] [hivemq-platform-operator] [b13a794d] 04:01:08.379 [pool-6-thread-46] DEBUG c.h.p.o.d.StatefulSetResource - [helmdata] Desired StatefulSet (1 replicas) for status STARTING (READY)
2025-01-30 04:01:08,469 INFO c.h.h.t.HelmChartContainer - [hivemq-test-hivemq-platform] [hivemq-platform-operator] [b13a794d] 04:01:08.464 [ReconcilerExecutor-hivemq-controller-113] INFO  c.h.p.o.HiveMQPlatformReconciler - [helmdata] Reconciling HiveMQ Platform 'test-hivemq-platform' in namespace 'helmdatahubit'
2025-01-30 04:01:08,469 INFO c.h.h.t.HelmChartContainer - [hivemq-test-hivemq-platform] [hivemq-platform-operator] [b13a794d] 04:01:08.464 [ReconcilerExecutor-hivemq-controller-113] DEBUG c.h.p.o.HiveMQPlatformReconciler - [helmdata] Custom Resource Status STARTING - HiveMQ Platform is starting (READY)
2025-01-30 04:01:08,469 INFO c.h.h.t.HelmChartContainer - [hivemq-test-hivemq-platform] [hivemq-platform-operator] [b13a794d] 04:01:08.464 [ReconcilerExecutor-hivemq-controller-113] DEBUG c.h.p.o.HiveMQPlatformReconciler - [helmdata] Custom Resource Spec (replicas: 1) (extensions: 1)
2025-01-30 04:01:08,470 INFO c.h.h.t.HelmChartContainer - [hivemq-test-hivemq-platform] [hivemq-platform-operator] [b13a794d] 04:01:08.468 [ReconcilerExecutor-hivemq-controller-113] DEBUG c.h.p.o.HiveMQPlatformReconciler - [helmdata] StatefulSet Status (revision: test-hivemq-platform-7bf9498d96, replicas: 1, available: 0, ready: 0, current: 1, updated: 1)
2025-01-30 04:01:08,470 INFO c.h.h.t.HelmChartContainer - [hivemq-test-hivemq-platform] [hivemq-platform-operator] [b13a794d] 04:01:08.470 [ReconcilerExecutor-hivemq-controller-113] DEBUG c.h.p.o.HiveMQPlatformReconciler - [helmdata] StatefulSet Spec (replicas: 1, init containers: 1, containers: 1, volumes: 3)
2025-01-30 04:01:08,475 INFO c.h.h.t.HelmChartContainer - [hivemq-test-hivemq-platform] [hivemq-platform-operator] [b13a794d] 04:01:08.473 [ReconcilerExecutor-hivemq-controller-113] DEBUG c.h.p.o.h.HiveMQPlatformReconcilerErrorHandler - [helmdata] Pod 'test-hivemq-platform-0' phase Running
2025-01-30 04:01:08,476 INFO c.h.h.t.HelmChartContainer - [hivemq-test-hivemq-platform] [hivemq-platform-operator] [b13a794d] 04:01:08.475 [ReconcilerExecutor-hivemq-controller-113] INFO  c.h.p.o.h.HiveMQPlatformReconcilerBaseHandler - [helmdata] HiveMQ Platform is starting, 0 of 1 replicas are ready
2025-01-30 04:01:08,855 INFO c.h.h.t.HelmChartContainer - [test-hivemq-platform] [hivemq] [ad5bc0ee] INFO  - [HiveMQ Platform Operator Init App 1.7.0-SNAPSHOT] Returning Health API response 503 for readiness
2025-01-30 04:01:08,860 INFO c.h.h.t.HelmChartContainer - [EVENT] Warning [Unhealthy] Readiness probe failed: HTTP probe failed with statuscode: 503 [helmdatahubit:test-hivemq-platform-0]
2025-01-30 04:01:08,860 INFO c.h.h.t.HelmChartContainer - Received Unhealthy event for container hivemq in pod test-hivemq-platform-0 [ad5bc0ee-7ce3-4e2f-a5cc-b9d3d36bf427]
2025-01-30 04:01:10,156 INFO c.h.h.t.HelmChartContainer - [test-hivemq-platform] [hivemq] [ad5bc0ee] INFO  - gRmGi: no members discovered after 2505 ms: creating cluster as first member
2025-01-30 04:01:10,162 INFO c.h.h.t.HelmChartContainer - [test-hivemq-platform] [hivemq] [ad5bc0ee] INFO  - Cluster nodes found by discovery: [gRmGi|0] (1) [gRmGi].
2025-01-30 04:01:10,251 INFO c.h.h.t.HelmChartContainer - [test-hivemq-platform] [hivemq] [ad5bc0ee] INFO  - Starting HiveMQ REST API on address 0.0.0.0 and port 8890
2025-01-30 04:01:10,657 INFO c.h.h.t.HelmChartContainer - [test-hivemq-platform] [hivemq] [ad5bc0ee] INFO  - Started HiveMQ REST API in 405ms
2025-01-30 04:01:10,657 INFO c.h.h.t.HelmChartContainer - [test-hivemq-platform] [hivemq] [ad5bc0ee] WARN  - No user for HiveMQ Control Center configured. Starting with default user
2025-01-30 04:01:10,657 INFO c.h.h.t.HelmChartContainer - [test-hivemq-platform] [hivemq] [ad5bc0ee] INFO  - Starting HiveMQ Control Center on address 127.0.0.1 and port 8080
2025-01-30 04:01:10,658 INFO c.h.h.t.HelmChartContainer - [test-hivemq-platform] [hivemq] [ad5bc0ee] INFO  - Mounting HiveMQ Control Center V2 Preview
2025-01-30 04:01:11,165 INFO c.h.h.t.HelmChartContainer - [test-hivemq-platform] [hivemq] [ad5bc0ee] INFO  - Started HiveMQ Control Center in 508ms
2025-01-30 04:01:11,258 INFO c.h.h.t.HelmChartContainer - [test-hivemq-platform] [hivemq] [ad5bc0ee] INFO  - Starting TCP listener on address 0.0.0.0 and port 1883
2025-01-30 04:01:11,272 INFO c.h.h.t.HelmChartContainer - [test-hivemq-platform] [hivemq] [ad5bc0ee] INFO  - Started TCP Listener on address 0.0.0.0 and on port 1883.
2025-01-30 04:01:11,272 INFO c.h.h.t.HelmChartContainer - [test-hivemq-platform] [hivemq] [ad5bc0ee] INFO  - Started HiveMQ in 31006ms
2025-01-30 04:01:13,175 INFO c.h.h.t.HelmChartContainer - [test-hivemq-platform] [hivemq] [ad5bc0ee] INFO  - [HiveMQ Platform Operator Init App 1.7.0-SNAPSHOT] Returning Health API response 200 for readiness
2025-01-30 04:01:13,189 INFO c.h.h.t.HelmChartContainer - [POD] test-hivemq-platform-0 [ad5bc0ee-7ce3-4e2f-a5cc-b9d3d36bf427] in helmdatahubit was MODIFIED
2025-01-30 04:01:13,203 INFO c.h.h.t.HelmChartContainer - [hivemq-test-hivemq-platform] [hivemq-platform-operator] [b13a794d] 04:01:13.194 [pool-6-thread-4] DEBUG c.h.p.o.d.PlatformServiceResource - [helmdata] Desired Platform services (3 services)
2025-01-30 04:01:13,206 INFO c.h.h.t.HelmChartContainer - [hivemq-test-hivemq-platform] [hivemq-platform-operator] [b13a794d] 04:01:13.198 [pool-6-thread-3] DEBUG c.h.p.o.dependants.PodInfoConfigMap - [helmdata] Desired PodInfo ConfigMap (1 extensions) (1 enabled)
2025-01-30 04:01:13,206 INFO c.h.h.t.HelmChartContainer - [hivemq-test-hivemq-platform] [hivemq-platform-operator] [b13a794d] 04:01:13.198 [pool-6-thread-3] DEBUG c.h.p.o.dependants.PodInfoConfigMap - [helmdata] Desired PodInfo ConfigMap (metrics port: 9399) (metrics path: /)
2025-01-30 04:01:13,206 INFO c.h.h.t.HelmChartContainer - [hivemq-test-hivemq-platform] [hivemq-platform-operator] [b13a794d] 04:01:13.198 [pool-6-thread-3] DEBUG c.h.p.o.dependants.PodInfoConfigMap - [helmdata] Desired PodInfo ConfigMap (extension state hash: -1817474005)
2025-01-30 04:01:13,206 INFO c.h.h.t.HelmChartContainer - [hivemq-test-hivemq-platform] [hivemq-platform-operator] [b13a794d] 04:01:13.199 [pool-6-thread-5] DEBUG c.h.p.o.d.PodServiceAccountResource - [helmdata] Desired PodServiceAccountResource (serviceAccountName: hivemq-platform-pod-test-hivemq-platform)
2025-01-30 04:01:13,215 INFO c.h.h.t.HelmChartContainer - [hivemq-test-hivemq-platform] [hivemq-platform-operator] [b13a794d] 04:01:13.213 [pool-6-thread-5] DEBUG c.h.p.o.d.StatefulSetResource - [helmdata] Desired StatefulSet (1 replicas) for status STARTING (READY)
2025-01-30 04:01:13,259 INFO c.h.h.t.HelmChartContainer - [hivemq-test-hivemq-platform] [hivemq-platform-operator] [b13a794d] 04:01:13.257 [ReconcilerExecutor-hivemq-controller-114] INFO  c.h.p.o.HiveMQPlatformReconciler - [helmdata] Reconciling HiveMQ Platform 'test-hivemq-platform' in namespace 'helmdatahubit'
2025-01-30 04:01:13,259 INFO c.h.h.t.HelmChartContainer - [hivemq-test-hivemq-platform] [hivemq-platform-operator] [b13a794d] 04:01:13.257 [ReconcilerExecutor-hivemq-controller-114] DEBUG c.h.p.o.HiveMQPlatformReconciler - [helmdata] Custom Resource Status STARTING - HiveMQ Platform is starting (READY)
2025-01-30 04:01:13,260 INFO c.h.h.t.HelmChartContainer - [hivemq-test-hivemq-platform] [hivemq-platform-operator] [b13a794d] 04:01:13.257 [ReconcilerExecutor-hivemq-controller-114] DEBUG c.h.p.o.HiveMQPlatformReconciler - [helmdata] Custom Resource Spec (replicas: 1) (extensions: 1)
2025-01-30 04:01:13,261 INFO c.h.h.t.HelmChartContainer - [hivemq-test-hivemq-platform] [hivemq-platform-operator] [b13a794d] 04:01:13.259 [ReconcilerExecutor-hivemq-controller-114] DEBUG c.h.p.o.HiveMQPlatformReconciler - [helmdata] StatefulSet Status (revision: test-hivemq-platform-7bf9498d96, replicas: 1, available: 1, ready: 1, current: 1, updated: 1)
2025-01-30 04:01:13,261 INFO c.h.h.t.HelmChartContainer - [hivemq-test-hivemq-platform] [hivemq-platform-operator] [b13a794d] 04:01:13.259 [ReconcilerExecutor-hivemq-controller-114] DEBUG c.h.p.o.HiveMQPlatformReconciler - [helmdata] StatefulSet Spec (replicas: 1, init containers: 1, containers: 1, volumes: 3)
2025-01-30 04:01:13,261 INFO c.h.h.t.HelmChartContainer - [hivemq-test-hivemq-platform] [hivemq-platform-operator] [b13a794d] 04:01:13.261 [ReconcilerExecutor-hivemq-controller-114] DEBUG c.h.p.o.h.HiveMQPlatformReconcilerErrorHandler - [helmdata] Pod 'test-hivemq-platform-0' phase Running
2025-01-30 04:01:13,296 INFO c.h.h.t.HelmChartContainer - [hivemq-test-hivemq-platform] [hivemq-platform-operator] [b13a794d] 04:01:13.294 [ReconcilerExecutor-hivemq-controller-114] INFO  c.h.p.o.h.HiveMQPlatformReconcilerBaseHandler - [helmdata] HiveMQ Platform started successfully
2025-01-30 04:01:13,358 INFO c.h.h.t.HelmChartContainer - [hivemq-test-hivemq-platform] [hivemq-platform-operator] [b13a794d] 04:01:13.357 [ReconcilerExecutor-hivemq-controller-114] DEBUG c.h.p.operator.event.EventSender - [helmdata] Creating K8s event hivemq-platform-ready: [Ready] HiveMQ Platform is ready
2025-01-30 04:01:13,362 INFO c.h.h.t.HelmChartContainer - [EVENT] Normal [Ready] HiveMQ Platform is ready [helmdatahubit:test-hivemq-platform]
2025-01-30 04:01:13,362 INFO c.h.h.t.HelmChartContainer - [hivemq-test-hivemq-platform] [hivemq-platform-operator] [b13a794d] 04:01:13.362 [ReconcilerExecutor-hivemq-controller-114] INFO  c.h.p.o.h.AbstractHiveMQReconcilerStateHandler - [helmdata] Update HiveMQ Platform Status (STARTING [READY] -> RUNNING [READY]): HiveMQ Platform is ready
2025-01-30 04:01:13,403 DEBUG com.hivemq.helmcharts.util.K8sUtil - Comparing actual state 'RUNNING' and waiting for 'RUNNING'
2025-01-30 04:01:13,413 INFO c.h.h.t.HelmChartContainer - [hivemq-test-hivemq-platform] [hivemq-platform-operator] [b13a794d] 04:01:13.407 [pool-6-thread-16] DEBUG c.h.p.o.d.PlatformServiceResource - [helmdata] Desired Platform services (3 services)
2025-01-30 04:01:13,413 INFO c.h.h.t.HelmChartContainer - [hivemq-test-hivemq-platform] [hivemq-platform-operator] [b13a794d] 04:01:13.409 [pool-6-thread-14] DEBUG c.h.p.o.d.PodServiceAccountResource - [helmdata] Desired PodServiceAccountResource (serviceAccountName: hivemq-platform-pod-test-hivemq-platform)
2025-01-30 04:01:13,414 INFO c.h.h.t.HelmChartContainer - [hivemq-test-hivemq-platform] [hivemq-platform-operator] [b13a794d] 04:01:13.413 [pool-6-thread-15] DEBUG c.h.p.o.dependants.PodInfoConfigMap - [helmdata] Desired PodInfo ConfigMap (1 extensions) (1 enabled)
2025-01-30 04:01:13,415 INFO c.h.h.t.HelmChartContainer - [hivemq-test-hivemq-platform] [hivemq-platform-operator] [b13a794d] 04:01:13.413 [pool-6-thread-15] DEBUG c.h.p.o.dependants.PodInfoConfigMap - [helmdata] Desired PodInfo ConfigMap (metrics port: 9399) (metrics path: /)
2025-01-30 04:01:13,415 INFO c.h.h.t.HelmChartContainer - [hivemq-test-hivemq-platform] [hivemq-platform-operator] [b13a794d] 04:01:13.413 [pool-6-thread-15] DEBUG c.h.p.o.dependants.PodInfoConfigMap - [helmdata] Desired PodInfo ConfigMap (extension state hash: -1817474005)
2025-01-30 04:01:13,416 INFO c.h.h.t.HelmChartContainer - [hivemq-test-hivemq-platform] [hivemq-platform-operator] [b13a794d] 04:01:13.414 [pool-6-thread-15] DEBUG c.h.p.o.dependants.PodInfoConfigMap - [helmdata] Update PodInfo ConfigMap
2025-01-30 04:01:13,498 INFO c.h.h.t.HelmChartContainer - [hivemq-test-hivemq-platform] [hivemq-platform-operator] [b13a794d] 04:01:13.495 [pool-6-thread-15] DEBUG c.h.p.o.d.StatefulSetResource - [helmdata] Desired StatefulSet (1 replicas) for status RUNNING (READY)
2025-01-30 04:01:13,504 INFO c.h.h.t.HelmChartContainer - [hivemq-test-hivemq-platform] [hivemq-platform-operator] [b13a794d] 04:01:13.502 [ReconcilerExecutor-hivemq-controller-115] INFO  c.h.p.o.HiveMQPlatformReconciler - [helmdata] Reconciling HiveMQ Platform 'test-hivemq-platform' in namespace 'helmdatahubit'
2025-01-30 04:01:13,504 INFO c.h.h.t.HelmChartContainer - [hivemq-test-hivemq-platform] [hivemq-platform-operator] [b13a794d] 04:01:13.502 [ReconcilerExecutor-hivemq-controller-115] DEBUG c.h.p.o.HiveMQPlatformReconciler - [helmdata] Custom Resource Status RUNNING - HiveMQ Platform is ready (READY)
2025-01-30 04:01:13,504 INFO c.h.h.t.HelmChartContainer - [hivemq-test-hivemq-platform] [hivemq-platform-operator] [b13a794d] 04:01:13.502 [ReconcilerExecutor-hivemq-controller-115] DEBUG c.h.p.o.HiveMQPlatformReconciler - [helmdata] Custom Resource Spec (replicas: 1) (extensions: 1)
2025-01-30 04:01:13,505 INFO c.h.h.t.HelmChartContainer - [hivemq-test-hivemq-platform] [hivemq-platform-operator] [b13a794d] 04:01:13.504 [ReconcilerExecutor-hivemq-controller-115] DEBUG c.h.p.o.HiveMQPlatformReconciler - [helmdata] StatefulSet Status (revision: test-hivemq-platform-7bf9498d96, replicas: 1, available: 1, ready: 1, current: 1, updated: 1)
2025-01-30 04:01:13,505 INFO c.h.h.t.HelmChartContainer - [hivemq-test-hivemq-platform] [hivemq-platform-operator] [b13a794d] 04:01:13.505 [ReconcilerExecutor-hivemq-controller-115] DEBUG c.h.p.o.HiveMQPlatformReconciler - [helmdata] StatefulSet Spec (replicas: 1, init containers: 1, containers: 1, volumes: 3)
2025-01-30 04:01:13,509 INFO c.h.h.t.HelmChartContainer - [hivemq-test-hivemq-platform] [hivemq-platform-operator] [b13a794d] 04:01:13.506 [ReconcilerExecutor-hivemq-controller-115] DEBUG c.h.p.o.h.HiveMQPlatformReconcilerErrorHandler - [helmdata] Pod 'test-hivemq-platform-0' phase Running
2025-01-30 04:01:15,572 INFO c.h.h.t.HelmChartContainer - Uninstalling release 'test-hivemq-platform' in namespace 'helmdatahubit'...
2025-01-30 04:01:15,572 DEBUG c.h.h.t.HelmChartContainer - Executing helm command: /bin/helm --kubeconfig /etc/rancher/k3s/k3s.yaml uninstall test-hivemq-platform  --wait --timeout 5m0s --cascade foreground --namespace helmdatahubit
2025-01-30 04:01:15,768 INFO c.h.h.t.HelmChartContainer - [hivemq-test-hivemq-platform] [hivemq-platform-operator] [b13a794d] 04:01:15.762 [pool-6-thread-25] DEBUG c.h.p.o.d.PlatformServiceResource - [helmdata] Desired Platform services (3 services)
2025-01-30 04:01:15,768 INFO c.h.h.t.HelmChartContainer - [hivemq-test-hivemq-platform] [hivemq-platform-operator] [b13a794d] 04:01:15.765 [pool-6-thread-22] DEBUG c.h.p.o.dependants.PodInfoConfigMap - [helmdata] Desired PodInfo ConfigMap (1 extensions) (1 enabled)
2025-01-30 04:01:15,768 INFO c.h.h.t.HelmChartContainer - [hivemq-test-hivemq-platform] [hivemq-platform-operator] [b13a794d] 04:01:15.765 [pool-6-thread-22] DEBUG c.h.p.o.dependants.PodInfoConfigMap - [helmdata] Desired PodInfo ConfigMap (metrics port: 9399) (metrics path: /)
2025-01-30 04:01:15,768 INFO c.h.h.t.HelmChartContainer - [hivemq-test-hivemq-platform] [hivemq-platform-operator] [b13a794d] 04:01:15.765 [pool-6-thread-22] DEBUG c.h.p.o.dependants.PodInfoConfigMap - [helmdata] Desired PodInfo ConfigMap (extension state hash: -1817474005)
2025-01-30 04:01:15,768 INFO c.h.h.t.HelmChartContainer - [hivemq-test-hivemq-platform] [hivemq-platform-operator] [b13a794d] 04:01:15.766 [pool-6-thread-22] DEBUG c.h.p.o.d.PodServiceAccountResource - [helmdata] Desired PodServiceAccountResource (serviceAccountName: hivemq-platform-pod-test-hivemq-platform)
2025-01-30 04:01:15,800 INFO c.h.h.t.HelmChartContainer - [hivemq-test-hivemq-platform] [hivemq-platform-operator] [b13a794d] 04:01:15.797 [pool-6-thread-25] DEBUG c.h.p.o.d.StatefulSetResource - [helmdata] Desired StatefulSet (1 replicas) for status RUNNING (READY)
2025-01-30 04:01:15,807 INFO c.h.h.t.HelmChartContainer - [hivemq-test-hivemq-platform] [hivemq-platform-operator] [b13a794d] 04:01:15.803 [ReconcilerExecutor-hivemq-controller-116] INFO  c.h.p.o.HiveMQPlatformReconciler - [helmdata] Reconciling HiveMQ Platform 'test-hivemq-platform' in namespace 'helmdatahubit'
2025-01-30 04:01:15,808 INFO c.h.h.t.HelmChartContainer - [hivemq-test-hivemq-platform] [hivemq-platform-operator] [b13a794d] 04:01:15.803 [ReconcilerExecutor-hivemq-controller-116] DEBUG c.h.p.o.HiveMQPlatformReconciler - [helmdata] Custom Resource Status RUNNING - HiveMQ Platform is ready (READY)
2025-01-30 04:01:15,808 INFO c.h.h.t.HelmChartContainer - [hivemq-test-hivemq-platform] [hivemq-platform-operator] [b13a794d] 04:01:15.803 [ReconcilerExecutor-hivemq-controller-116] DEBUG c.h.p.o.HiveMQPlatformReconciler - [helmdata] Custom Resource Spec (replicas: 1) (extensions: 1)
2025-01-30 04:01:15,808 INFO c.h.h.t.HelmChartContainer - [hivemq-test-hivemq-platform] [hivemq-platform-operator] [b13a794d] 04:01:15.805 [ReconcilerExecutor-hivemq-controller-116] DEBUG c.h.p.o.HiveMQPlatformReconciler - [helmdata] StatefulSet Status (revision: test-hivemq-platform-7bf9498d96, replicas: 1, available: 1, ready: 1, current: 1, updated: 1)
2025-01-30 04:01:15,808 INFO c.h.h.t.HelmChartContainer - [hivemq-test-hivemq-platform] [hivemq-platform-operator] [b13a794d] 04:01:15.805 [ReconcilerExecutor-hivemq-controller-116] DEBUG c.h.p.o.HiveMQPlatformReconciler - [helmdata] StatefulSet Spec (replicas: 1, init containers: 1, containers: 1, volumes: 3)
2025-01-30 04:01:15,808 INFO c.h.h.t.HelmChartContainer - [hivemq-test-hivemq-platform] [hivemq-platform-operator] [b13a794d] 04:01:15.806 [ReconcilerExecutor-hivemq-controller-116] DEBUG c.h.p.o.h.HiveMQPlatformReconcilerErrorHandler - [helmdata] Pod 'test-hivemq-platform-0' phase Running
2025-01-30 04:01:15,861 INFO c.h.h.t.HelmChartContainer - [hivemq-test-hivemq-platform] [hivemq-platform-operator] [b13a794d] 04:01:15.859 [ReconcilerExecutor-hivemq-controller-117] INFO  c.h.p.o.HiveMQPlatformReconciler - [helmdata] Cleanup test-hivemq-platform - helmdatahubit HiveMQ Platform is shut down
2025-01-30 04:01:16,498 INFO c.h.h.t.HelmChartContainer - [POD] test-hivemq-platform-0 [ad5bc0ee-7ce3-4e2f-a5cc-b9d3d36bf427] in helmdatahubit was MODIFIED
2025-01-30 04:01:16,510 INFO c.h.h.t.HelmChartContainer - [EVENT] Normal [Killing] Stopping container hivemq [helmdatahubit:test-hivemq-platform-0]
2025-01-30 04:01:16,511 INFO c.h.h.t.HelmChartContainer - Received Killing event for container hivemq in pod test-hivemq-platform-0 [ad5bc0ee-7ce3-4e2f-a5cc-b9d3d36bf427]
2025-01-30 04:01:16,511 INFO c.h.h.t.HelmChartContainer - Container [test-hivemq-platform-0] [hivemq] [ad5bc0ee-7ce3-4e2f-a5cc-b9d3d36bf427] was terminated
2025-01-30 04:01:16,512 INFO c.h.h.t.HelmChartContainer - Stopped log watcher for hivemq in pod test-hivemq-platform-0 [ad5bc0ee-7ce3-4e2f-a5cc-b9d3d36bf427]
2025-01-30 04:01:16,520 INFO c.h.h.t.HelmChartContainer - [test-hivemq-platform] [hivemq] [ad5bc0ee] INFO  - [HiveMQ Platform Operator Init App 1.7.0-SNAPSHOT] Shutting down
2025-01-30 04:01:16,520 INFO c.h.h.t.HelmChartContainer - [test-hivemq-platform] [hivemq] [ad5bc0ee] INFO  - [HiveMQ Platform Operator Init App 1.7.0-SNAPSHOT] Stopping the HiveMQ Platform
2025-01-30 04:01:16,706 INFO c.h.h.t.HelmChartContainer - [test-hivemq-platform] [hivemq] [ad5bc0ee] INFO  - Shutting down HiveMQ. Please wait, this could take a while...
2025-01-30 04:01:16,715 INFO c.h.h.t.HelmChartContainer - [test-hivemq-platform] [hivemq] [ad5bc0ee] INFO  - Shutting down listeners and clients
2025-01-30 04:01:16,717 INFO c.h.h.t.HelmChartContainer - [test-hivemq-platform] [hivemq] [ad5bc0ee] INFO  - Shutdown of listeners is done
2025-01-30 04:01:16,717 INFO c.h.h.t.HelmChartContainer - [test-hivemq-platform] [hivemq] [ad5bc0ee] INFO  - No clients are connected, proceeding with shutdown
2025-01-30 04:01:17,812 INFO c.h.h.t.HelmChartContainer - Deleting namespace 'helmdatahubit'...
2025-01-30 04:01:18,171 INFO c.h.h.t.HelmChartContainer - [test-hivemq-platform] [hivemq] [ad5bc0ee] INFO  - [HiveMQ Platform Operator Init App 1.7.0-SNAPSHOT] Returning shutdown Health API response 503 for readiness
2025-01-30 04:01:18,175 INFO c.h.h.t.HelmChartContainer - [EVENT] Warning [Unhealthy] Readiness probe failed: HTTP probe failed with statuscode: 503 [helmdatahubit:test-hivemq-platform-0]
2025-01-30 04:01:18,175 INFO c.h.h.t.HelmChartContainer - Received Unhealthy event for container hivemq in pod test-hivemq-platform-0 [ad5bc0ee-7ce3-4e2f-a5cc-b9d3d36bf427]
2025-01-30 04:01:18,664 INFO c.h.h.t.HelmChartContainer - [K3S] [authentication.go:74] "Unable to authenticate the request" err="[invalid bearer token, serviceaccounts \"hivemq-platform-pod-test-hivemq-platform\" not found]"
2025-01-30 04:01:18,679 INFO c.h.h.t.HelmChartContainer - [K3S] [authentication.go:74] "Unable to authenticate the request" err="[invalid bearer token, serviceaccounts \"hivemq-platform-pod-test-hivemq-platform\" not found]"
2025-01-30 04:01:18,753 INFO c.h.h.t.HelmChartContainer - [test-hivemq-platform] [hivemq] [ad5bc0ee] WARN  - [HiveMQ Platform Operator Init App 1.7.0-SNAPSHOT] Could not update Pod annotations: Failure executing: GET at: https://10.43.0.1:443/api/v1/namespaces/helmdatahubit/pods/test-hivemq-platform-0. Message: Unauthorized. Received status: Status(apiVersion=v1, code=401, details=null, kind=Status, message=Unauthorized, metadata=ListMeta(_continue=null, remainingItemCount=null, resourceVersion=null, selfLink=null, additionalProperties={}), reason=Unauthorized, status=Failure, additionalProperties={}).
2025-01-30 04:01:20,409 INFO c.h.h.t.HelmChartContainer - [test-hivemq-platform] [hivemq] [ad5bc0ee] INFO  - Shutting down extension system
2025-01-30 04:01:20,414 INFO c.h.h.t.HelmChartContainer - [test-hivemq-platform] [hivemq] [ad5bc0ee] INFO  - Stopping extension with id hivemq-dns-cluster-discovery
2025-01-30 04:01:20,415 INFO c.h.h.t.HelmChartContainer - [test-hivemq-platform] [hivemq] [ad5bc0ee] INFO  - Extension "DNS Cluster Discovery Extension" version 4.3.2 stopped successfully.
2025-01-30 04:01:20,416 INFO c.h.h.t.HelmChartContainer - [test-hivemq-platform] [hivemq] [ad5bc0ee] INFO  - Stopping extension with id hivemq-prometheus-extension
2025-01-30 04:01:20,421 INFO c.h.h.t.HelmChartContainer - [test-hivemq-platform] [hivemq] [ad5bc0ee] INFO  - Extension "Prometheus Monitoring Extension" version 4.0.12 stopped successfully.
2025-01-30 04:01:20,422 INFO c.h.h.t.HelmChartContainer - [test-hivemq-platform] [hivemq] [ad5bc0ee] INFO  - Stopping extension with id hivemq-allow-all-extension
2025-01-30 04:01:20,422 INFO c.h.h.t.HelmChartContainer - [test-hivemq-platform] [hivemq] [ad5bc0ee] INFO  - Extension "Allow All Extension" version 1.1.1 stopped successfully.
2025-01-30 04:01:22,751 INFO c.h.h.t.HelmChartContainer - [test-hivemq-platform] [hivemq] [ad5bc0ee] INFO  - Shutdown completed.
2025-01-30 04:01:22,951 INFO c.h.h.t.HelmChartContainer - [K3S] [stateful_set.go:466] "StatefulSet has been deleted" key="helmdatahubit/test-hivemq-platform"
2025-01-30 04:01:23,098 INFO c.h.h.t.HelmChartContainer - [test-hivemq-platform] [hivemq] [ad5bc0ee] INFO  - [HiveMQ Platform Operator Init App 1.7.0-SNAPSHOT] The HiveMQ Platform exited with code 143
2025-01-30 04:01:23,098 INFO c.h.h.t.HelmChartContainer - [test-hivemq-platform] [hivemq] [ad5bc0ee] INFO  - [HiveMQ Platform Operator Init App 1.7.0-SNAPSHOT] Stopping the REST API
2025-01-30 04:01:23,107 INFO c.h.h.t.HelmChartContainer - [test-hivemq-platform] [hivemq] [ad5bc0ee] INFO  - [HiveMQ Platform Operator Init App 1.7.0-SNAPSHOT] Shutdown complete
2025-01-30 04:01:23,546 INFO c.h.h.t.HelmChartContainer - [POD] test-hivemq-platform-0 [ad5bc0ee-7ce3-4e2f-a5cc-b9d3d36bf427] in helmdatahubit was MODIFIED
2025-01-30 04:01:23,670 INFO c.h.h.t.HelmChartContainer - [K3S] [reconciler_common.go:162] "operationExecutor.UnmountVolume started for volume \"broker-configuration\" (UniqueName: \"kubernetes.io/configmap/ad5bc0ee-7ce3-4e2f-a5cc-b9d3d36bf427-broker-configuration\") pod \"ad5bc0ee-7ce3-4e2f-a5cc-b9d3d36bf427\" (UID: \"ad5bc0ee-7ce3-4e2f-a5cc-b9d3d36bf427\") "
2025-01-30 04:01:23,670 INFO c.h.h.t.HelmChartContainer - [K3S] [reconciler_common.go:162] "operationExecutor.UnmountVolume started for volume \"pod-info\" (UniqueName: \"kubernetes.io/configmap/ad5bc0ee-7ce3-4e2f-a5cc-b9d3d36bf427-pod-info\") pod \"ad5bc0ee-7ce3-4e2f-a5cc-b9d3d36bf427\" (UID: \"ad5bc0ee-7ce3-4e2f-a5cc-b9d3d36bf427\") "
2025-01-30 04:01:23,670 INFO c.h.h.t.HelmChartContainer - [K3S] [reconciler_common.go:162] "operationExecutor.UnmountVolume started for volume \"operator-init\" (UniqueName: \"kubernetes.io/empty-dir/ad5bc0ee-7ce3-4e2f-a5cc-b9d3d36bf427-operator-init\") pod \"ad5bc0ee-7ce3-4e2f-a5cc-b9d3d36bf427\" (UID: \"ad5bc0ee-7ce3-4e2f-a5cc-b9d3d36bf427\") "
2025-01-30 04:01:23,671 INFO c.h.h.t.HelmChartContainer - [K3S] [reconciler_common.go:162] "operationExecutor.UnmountVolume started for volume \"kube-api-access-kdw25\" (UniqueName: \"kubernetes.io/projected/ad5bc0ee-7ce3-4e2f-a5cc-b9d3d36bf427-kube-api-access-kdw25\") pod \"ad5bc0ee-7ce3-4e2f-a5cc-b9d3d36bf427\" (UID: \"ad5bc0ee-7ce3-4e2f-a5cc-b9d3d36bf427\") "
2025-01-30 04:01:23,771 INFO c.h.h.t.HelmChartContainer - [K3S] [reconciler_common.go:299] "Volume detached for volume \"pod-info\" (UniqueName: \"kubernetes.io/configmap/ad5bc0ee-7ce3-4e2f-a5cc-b9d3d36bf427-pod-info\") on node \"c9034f6d1fe7\" DevicePath \"\""
2025-01-30 04:01:23,771 INFO c.h.h.t.HelmChartContainer - [K3S] [reconciler_common.go:299] "Volume detached for volume \"operator-init\" (UniqueName: \"kubernetes.io/empty-dir/ad5bc0ee-7ce3-4e2f-a5cc-b9d3d36bf427-operator-init\") on node \"c9034f6d1fe7\" DevicePath \"\""
2025-01-30 04:01:23,771 INFO c.h.h.t.HelmChartContainer - [K3S] [reconciler_common.go:299] "Volume detached for volume \"kube-api-access-kdw25\" (UniqueName: \"kubernetes.io/projected/ad5bc0ee-7ce3-4e2f-a5cc-b9d3d36bf427-kube-api-access-kdw25\") on node \"c9034f6d1fe7\" DevicePath \"\""
2025-01-30 04:01:23,771 INFO c.h.h.t.HelmChartContainer - [K3S] [reconciler_common.go:299] "Volume detached for volume \"broker-configuration\" (UniqueName: \"kubernetes.io/configmap/ad5bc0ee-7ce3-4e2f-a5cc-b9d3d36bf427-broker-configuration\") on node \"c9034f6d1fe7\" DevicePath \"\""
2025-01-30 04:01:24,349 INFO c.h.h.t.HelmChartContainer - [K3S] [scope.go:117] "RemoveContainer" containerID="e866a284452a9ca31b357723585fdd5cf7b51ef8e554177bcd7bb7e319a8db15"
2025-01-30 04:01:24,372 INFO c.h.h.t.HelmChartContainer - [POD] test-hivemq-platform-0 [ad5bc0ee-7ce3-4e2f-a5cc-b9d3d36bf427] in helmdatahubit was MODIFIED
2025-01-30 04:01:24,375 INFO c.h.h.t.HelmChartContainer - [POD] test-hivemq-platform-0 [ad5bc0ee-7ce3-4e2f-a5cc-b9d3d36bf427] in helmdatahubit was DELETED
2025-01-30 04:01:24,456 INFO c.h.h.t.HelmChartContainer - [K3S] [scope.go:117] "RemoveContainer" containerID="6df31b1b377b6f96dcb2df3ff3910b5eed7590a9a720d49c593b8f2703f270f3"
2025-01-30 04:01:24,459 INFO c.h.h.t.HelmChartContainer - [K3S] [scope.go:117] "RemoveContainer" containerID="e866a284452a9ca31b357723585fdd5cf7b51ef8e554177bcd7bb7e319a8db15"
2025-01-30 04:01:24,460 INFO c.h.h.t.HelmChartContainer - [K3S] [scope.go:117] "RemoveContainer" containerID="6df31b1b377b6f96dcb2df3ff3910b5eed7590a9a720d49c593b8f2703f270f3"
2025-01-30 04:01:25,193 INFO c.h.h.t.HelmChartContainer - [K3S] [kubelet_volumes.go:163] "Cleaned up orphaned pod volumes dir" podUID="ad5bc0ee-7ce3-4e2f-a5cc-b9d3d36bf427" path="/var/lib/kubelet/pods/ad5bc0ee-7ce3-4e2f-a5cc-b9d3d36bf427/volumes"
2025-01-30 04:01:28,051 INFO c.h.h.t.HelmChartContainer - Namespace 'helmdatahubit' deleted
2025-01-30 04:01:28,051 INFO c.h.h.t.HelmChartContainer - Release 'test-hivemq-platform' in namespace 'helmdatahubit' is uninstalled
2025-01-30 04:01:28,051 INFO c.h.h.t.HelmChartContainer - Uninstalling release 'test-hivemq-platform-operator' in namespace 'helmdatahubit-operator'...
2025-01-30 04:01:28,051 DEBUG c.h.h.t.HelmChartContainer - Executing helm command: /bin/helm --kubeconfig /etc/rancher/k3s/k3s.yaml uninstall test-hivemq-platform-operator  --wait --timeout 5m0s --cascade foreground --namespace helmdatahubit-operator
2025-01-30 04:01:28,247 INFO c.h.h.t.HelmChartContainer - [K3S] [replica_set.go:679] "Finished syncing" kind="ReplicaSet" key="helmdatahubit-operator/hivemq-test-hivemq-platform-operator-6966f96d65" duration="14.676376ms"
2025-01-30 04:01:28,247 INFO c.h.h.t.HelmChartContainer - [K3S] [replica_set.go:679] "Finished syncing" kind="ReplicaSet" key="helmdatahubit-operator/hivemq-test-hivemq-platform-operator-6966f96d65" duration="72.375µs"
2025-01-30 04:01:28,259 INFO c.h.h.t.HelmChartContainer - [POD] hivemq-test-hivemq-platform-operator-6966f96d65-w69km [b13a794d-22dc-4836-8e82-04999ab48891] in helmdatahubit-operator was MODIFIED
2025-01-30 04:01:28,275 INFO c.h.h.t.HelmChartContainer - [EVENT] Normal [Killing] Stopping container hivemq-platform-operator [helmdatahubit-operator:hivemq-test-hivemq-platform-operator-6966f96d65-w69km]
2025-01-30 04:01:28,275 INFO c.h.h.t.HelmChartContainer - Received Killing event for container hivemq-platform-operator in pod hivemq-test-hivemq-platform-operator-6966f96d65-w69km [b13a794d-22dc-4836-8e82-04999ab48891]
2025-01-30 04:01:28,276 INFO c.h.h.t.HelmChartContainer - Container [hivemq-test-hivemq-platform-operator-6966f96d65-w69km] [hivemq-platform-operator] [b13a794d-22dc-4836-8e82-04999ab48891] was terminated
2025-01-30 04:01:28,276 INFO c.h.h.t.HelmChartContainer - Stopped log watcher for hivemq-platform-operator in pod hivemq-test-hivemq-platform-operator-6966f96d65-w69km [b13a794d-22dc-4836-8e82-04999ab48891]
2025-01-30 04:01:28,274 INFO c.h.h.t.HelmChartContainer - [K3S] [replica_set.go:679] "Finished syncing" kind="ReplicaSet" key="helmdatahubit-operator/hivemq-test-hivemq-platform-operator-6966f96d65" duration="6.697504ms"
2025-01-30 04:01:28,276 INFO c.h.h.t.HelmChartContainer - [K3S] [replica_set.go:679] "Finished syncing" kind="ReplicaSet" key="helmdatahubit-operator/hivemq-test-hivemq-platform-operator-6966f96d65" duration="33.071µs"
2025-01-30 04:01:28,281 INFO c.h.h.t.HelmChartContainer - [hivemq-test-hivemq-platform] [hivemq-platform-operator] [b13a794d] 04:01:28.279 [application-shutdown-thread] INFO  c.h.p.o.HiveMQPlatformOperatorApplication - HiveMQ Platform Operator is stopping...
2025-01-30 04:01:28,282 INFO c.h.h.t.HelmChartContainer - [hivemq-test-hivemq-platform] [hivemq-platform-operator] [b13a794d] 04:01:28.279 [application-shutdown-thread] INFO  i.javaoperatorsdk.operator.Operator - Operator SDK 4.9.7 is shutting down...
2025-01-30 04:01:28,918 INFO c.h.h.t.HelmChartContainer - [K3S] [replica_set.go:679] "Finished syncing" kind="ReplicaSet" key="helmdatahubit-operator/hivemq-test-hivemq-platform-operator-6966f96d65" duration="42.72µs"
2025-01-30 04:01:28,919 INFO c.h.h.t.HelmChartContainer - [POD] hivemq-test-hivemq-platform-operator-6966f96d65-w69km [b13a794d-22dc-4836-8e82-04999ab48891] in helmdatahubit-operator was MODIFIED
2025-01-30 04:01:28,998 INFO c.h.h.t.HelmChartContainer - [K3S] [reconciler_common.go:162] "operationExecutor.UnmountVolume started for volume \"kube-api-access-6dl98\" (UniqueName: \"kubernetes.io/projected/b13a794d-22dc-4836-8e82-04999ab48891-kube-api-access-6dl98\") pod \"b13a794d-22dc-4836-8e82-04999ab48891\" (UID: \"b13a794d-22dc-4836-8e82-04999ab48891\") "
2025-01-30 04:01:29,098 INFO c.h.h.t.HelmChartContainer - [K3S] [reconciler_common.go:299] "Volume detached for volume \"kube-api-access-6dl98\" (UniqueName: \"kubernetes.io/projected/b13a794d-22dc-4836-8e82-04999ab48891-kube-api-access-6dl98\") on node \"c9034f6d1fe7\" DevicePath \"\""
2025-01-30 04:01:29,357 INFO c.h.h.t.HelmChartContainer - [K3S] [scope.go:117] "RemoveContainer" containerID="92a058f64473e2c2d07eac4903ee73154ee331452e4fa6533072855a3a34df23"
2025-01-30 04:01:29,360 INFO c.h.h.t.HelmChartContainer - [K3S] [scope.go:117] "RemoveContainer" containerID="92a058f64473e2c2d07eac4903ee73154ee331452e4fa6533072855a3a34df23"
2025-01-30 04:01:29,366 INFO c.h.h.t.HelmChartContainer - [K3S] [replica_set.go:679] "Finished syncing" kind="ReplicaSet" key="helmdatahubit-operator/hivemq-test-hivemq-platform-operator-6966f96d65" duration="59.461µs"
2025-01-30 04:01:29,368 INFO c.h.h.t.HelmChartContainer - [POD] hivemq-test-hivemq-platform-operator-6966f96d65-w69km [b13a794d-22dc-4836-8e82-04999ab48891] in helmdatahubit-operator was MODIFIED
2025-01-30 04:01:29,368 INFO c.h.h.t.HelmChartContainer - [K3S] [replica_set.go:679] "Finished syncing" kind="ReplicaSet" key="helmdatahubit-operator/hivemq-test-hivemq-platform-operator-6966f96d65" duration="39.023µs"
2025-01-30 04:01:29,372 INFO c.h.h.t.HelmChartContainer - [POD] hivemq-test-hivemq-platform-operator-6966f96d65-w69km [b13a794d-22dc-4836-8e82-04999ab48891] in helmdatahubit-operator was DELETED
2025-01-30 04:01:29,381 INFO c.h.h.t.HelmChartContainer - [K3S] [replica_set.go:679] "Finished syncing" kind="ReplicaSet" key="helmdatahubit-operator/hivemq-test-hivemq-platform-operator-6966f96d65" duration="6.523µs"
2025-01-30 04:01:30,277 INFO c.h.h.t.HelmChartContainer - Deleting namespace 'helmdatahubit-operator'...
2025-01-30 04:01:31,193 INFO c.h.h.t.HelmChartContainer - [K3S] [kubelet_volumes.go:163] "Cleaned up orphaned pod volumes dir" podUID="b13a794d-22dc-4836-8e82-04999ab48891" path="/var/lib/kubelet/pods/b13a794d-22dc-4836-8e82-04999ab48891/volumes"
2025-01-30 04:01:33,044 INFO c.h.h.t.HelmChartContainer - [K3S] [namespace_controller.go:187] "Namespace has been deleted" namespace="helmdatahubit"
2025-01-30 04:01:35,498 INFO c.h.h.t.HelmChartContainer - Namespace 'helmdatahubit-operator' deleted
2025-01-30 04:01:35,498 INFO c.h.h.t.HelmChartContainer - Release 'test-hivemq-platform-operator' in namespace 'helmdatahubit-operator' is uninstalled
2025-01-30 04:01:36,193 INFO c.h.helmcharts.AbstractHelmChartIT - Removed unused containers:

2025-01-30 04:01:40,395 INFO c.h.h.t.HelmChartContainer - [K3S] [namespace_controller.go:187] "Namespace has been deleted" namespace="helmdatahubit-operator"
2025-01-30 04:01:43,818 INFO c.h.helmcharts.AbstractHelmChartIT - Removed unused snapshots:
Removing snapshot sha256:03af251906410714c5aef9fa705b63f6bbc39c4a5e787de7361eeb18886c2ed2
Removing snapshot sha256:07bd891dd47fd56d6766478dec587fd50574fbff21d52bbac1989140252c2ad1
Removing snapshot sha256:0c46b3b43cce082ce5ec34ffc6c294e0417d17b9d1e6f366d114b6aadc4f96dc
Removing snapshot sha256:0ce761beee59082d6ed5bcebd3a805b8ddd9b3426b617e4809e7fb7c6587ffec
Removing snapshot sha256:0df91287303208332c8ff6ba40ae4710105201739addbfbddfb955f1ad593664
Removing snapshot sha256:1021ef88c7974bfff89c5a0ec4fd3160daac6c48a075f74cff721f85dd104e68
Removing snapshot sha256:10aba4953ddc18145dd38e3704709bc464aa20af60b56fe52caaff4b68411e62
Removing snapshot sha256:362a8a37f8bbc31925a8146adcf7cf51f9882f5c1dcbef67c5baa03a297543c0
Removing snapshot sha256:43a7c979bbaba6838bc3102d6b10a1459f3ab050b87ccdfef84ef90cf43d3058
Removing snapshot sha256:4ab04491cdf0d3267f08206fe30bd48f49f94b9cab2f016d6739220f722a64af
Removing snapshot sha256:4b6068250e89c96f263060261819c7d912855bfbd64b3eb4c4a8483299b8c295
Removing snapshot sha256:580e69a0a8034ede1921139bbd2bfb72a69ebf276d008281896c32dd8bf74775
Removing snapshot sha256:5d30ba46b27fe37484567ccc5242cadc78217b8da605f3f195ef25cbf7487904
Removing snapshot sha256:63ca1fbb43ae5034640e5e6cb3e083e05c290072c5366fcaa9d62435a4cced85
Removing snapshot sha256:67f702c6baae873bceb19487c8b1f27bd2b86077e4f2f0e480e6d60ab508b8f5
Removing snapshot sha256:6864348dd42806d552efdec384f1274be15e2d0c10ce44c1f04347af004c10a9
Removing snapshot sha256:6c7dee8f2c39b84b7dc2711c01d33de93514d9055499173e9290176fbe484b6c
Removing snapshot sha256:82753493a6d61ded36556292f02f31841a14c20d2f279f19eaad65afb661d5cd
Removing snapshot sha256:8a10d3db42c505ee0fcfa98417bdd7e39b304f6bcc0a06bb1b220797ff2cc63c
Removing snapshot sha256:a0904247e36a7726c03c71ee48f3e64462021c88dafeb13f37fdaf613b27f11c
Removing snapshot sha256:a21e5b12dbac529ad45d976eb9ce45c881f3bedcc500fb30aba1e52aa1813418
Removing snapshot sha256:b921e6c28969094157f9b8e7244677780319637afd14450b7cb6b2fdea558a0c
Removing snapshot sha256:bc27ecb5769a00e309cf99ebc763c4a4b958b618d1decc96ffac5bc05f02f5b7
Removing snapshot sha256:be3ccb6627a5332e309d45ef461d09b4879dd870c7394d89323d0ebc6ca6aa8a
Removing snapshot sha256:c261f7cbbc64211ee175ee47273acdb7b1a36a4450b397a064a8f2c026490095
Removing snapshot sha256:c34d9393647eea0c9e3557ab988efaf59f61d10a2a5613b439ef0958cca5ec10
Removing snapshot sha256:ccf3c4a0fa967a41c1c83497a2ce6fa5787965859df0adb32c4ca2cf7490bc2b
Removing snapshot sha256:cf92d33f869417309692088c341cd0f223c178ea78a125f757317b22aa8f90e9
Removing snapshot sha256:d0037344cf2fb078884f1849f6a1f8cf9a33a3b6139b6a85833e5ee528e1f9a8
Removing snapshot sha256:d3b36d5b79273b1e98e7700470eaeff05a882e777124d84cebcc1505b85ecb36
Removing snapshot sha256:d65a44a37914602d12c611e5e22a50f11451d847e63015cc1c2aef92dee777a4
Removing snapshot sha256:db04b66539c2e325d2e17e5ee5a52b09c95416d881937fb7c3893e9cbea6890f
Removing snapshot sha256:e2dc0bae2455930f23ae570e019b7f32edc75c0f2d71cab084db837ff9051796
Removing snapshot sha256:eccbd24a99c60cd9e86ee5305dbfc4a4dc89f5ab4fb1f06c8d64797cecedef34
Removing snapshot sha256:f144bb4c7c7f0d2aa7eeffd36d934ec40db1ee167be727e326aad9fdc616f475

]]></system-out>
  </testcase>
  <system-out><![CDATA[2025-01-30 03:59:19,226 INFO c.h.h.t.HelmChartContainerExtension - Using cached HelmChartContainer instance
2025-01-30 03:59:19,232 INFO c.h.h.t.HelmChartContainerExtension - Creating cached HelmChartContainer instance
2025-01-30 03:59:19,251 INFO o.testcontainers.DockerClientFactory - Testcontainers version: 1.20.4
2025-01-30 03:59:19,653 INFO o.t.d.DockerClientProviderStrategy - Found Docker environment with local Unix socket (unix:///var/run/docker.sock)
2025-01-30 03:59:19,662 INFO o.testcontainers.DockerClientFactory - Docker host IP address is localhost
2025-01-30 03:59:19,677 INFO o.testcontainers.DockerClientFactory - Connected to docker: 
  Server Version: 26.1.3
  API Version: 1.45
  Operating System: Ubuntu 24.04.1 LTS
  Total Memory: 15990 MB
2025-01-30 03:59:19,684 INFO o.testcontainers.images.PullPolicy - Image pull policy will be performed by: DefaultPullPolicy()
2025-01-30 03:59:19,686 INFO o.t.utility.ImageNameSubstitutor - Image name substitution will be performed by: DefaultImageNameSubstitutor (composite of 'ConfigurationFileImageNameSubstitutor' and 'PrefixingImageNameSubstitutor')
2025-01-30 03:59:19,713 INFO tc.testcontainers/ryuk:0.11.0 - Pulling docker image: testcontainers/ryuk:0.11.0. Please be patient; this may take some time but only needs to be done once.
2025-01-30 03:59:20,109 INFO tc.testcontainers/ryuk:0.11.0 - Starting to pull image
2025-01-30 03:59:20,124 INFO tc.testcontainers/ryuk:0.11.0 - Pulling image layers:  0 pending,  0 downloaded,  0 extracted, (0 bytes/0 bytes)
2025-01-30 03:59:20,347 INFO tc.testcontainers/ryuk:0.11.0 - Pulling image layers:  2 pending,  1 downloaded,  0 extracted, (116 KB/? MB)
2025-01-30 03:59:20,350 INFO tc.testcontainers/ryuk:0.11.0 - Pulling image layers:  1 pending,  2 downloaded,  0 extracted, (3 MB/? MB)
2025-01-30 03:59:20,366 INFO tc.testcontainers/ryuk:0.11.0 - Pulling image layers:  0 pending,  3 downloaded,  0 extracted, (3 MB/10 MB)
2025-01-30 03:59:20,450 INFO tc.testcontainers/ryuk:0.11.0 - Pulling image layers:  0 pending,  3 downloaded,  1 extracted, (3 MB/10 MB)
2025-01-30 03:59:20,595 INFO tc.testcontainers/ryuk:0.11.0 - Pulling image layers:  0 pending,  3 downloaded,  2 extracted, (4 MB/10 MB)
2025-01-30 03:59:20,634 INFO tc.testcontainers/ryuk:0.11.0 - Pulling image layers:  0 pending,  3 downloaded,  3 extracted, (10 MB/10 MB)
2025-01-30 03:59:20,639 INFO tc.testcontainers/ryuk:0.11.0 - Image testcontainers/ryuk:0.11.0 pull took PT0.925369899S
2025-01-30 03:59:20,658 INFO tc.testcontainers/ryuk:0.11.0 - Creating container for image: testcontainers/ryuk:0.11.0
2025-01-30 03:59:20,718 INFO tc.testcontainers/ryuk:0.11.0 - Container testcontainers/ryuk:0.11.0 is starting: 721ae505ec98d6ae5f1636def7c62212e6fa19b096255eb38e376a66401fa6b8
2025-01-30 03:59:21,012 INFO tc.testcontainers/ryuk:0.11.0 - Container testcontainers/ryuk:0.11.0 started in PT0.353261285S
2025-01-30 03:59:21,015 INFO o.t.utility.RyukResourceReaper - Ryuk started - will monitor and terminate Testcontainers containers on JVM exit
2025-01-30 03:59:21,015 INFO o.testcontainers.DockerClientFactory - Checking the system...
2025-01-30 03:59:21,016 INFO o.testcontainers.DockerClientFactory - ✔︎ Docker server version should be at least 1.6.0
2025-01-30 03:59:21,090 INFO o.t.i.builder.ImageFromDockerfile - Pre-emptively checking local images for 'ubuntu:noble-20241118.1@sha256:80dd3c3b9c6cecb9f1667e9290b3bc61b78c2678c02cbdae5f0fea92cc6734ab', referenced via a Dockerfile. If not available, it will be pulled.
2025-01-30 03:59:21,092 INFO t.u.1@sha256:80dd3c... - Pulling docker image: ubuntu:noble-20241118.1@sha256:80dd3c3b9c6cecb9f1667e9290b3bc61b78c2678c02cbdae5f0fea92cc6734ab. Please be patient; this may take some time but only needs to be done once.
2025-01-30 03:59:21,345 INFO t.u.1@sha256:80dd3c... - Starting to pull image
2025-01-30 03:59:21,346 INFO t.u.1@sha256:80dd3c... - Pulling image layers:  0 pending,  0 downloaded,  0 extracted, (0 bytes/0 bytes)
2025-01-30 03:59:21,652 INFO t.u.1@sha256:80dd3c... - Pulling image layers:  0 pending,  1 downloaded,  0 extracted, (304 KB/28 MB)
2025-01-30 03:59:22,563 INFO t.u.1@sha256:80dd3c... - Pulling image layers:  0 pending,  1 downloaded,  1 extracted, (28 MB/28 MB)
2025-01-30 03:59:22,567 INFO t.u.1@sha256:80dd3c... - Image ubuntu:noble-20241118.1@sha256:80dd3c3b9c6cecb9f1667e9290b3bc61b78c2678c02cbdae5f0fea92cc6734ab pull took PT1.47465917S
2025-01-30 03:59:22,567 INFO t.u.1@sha256:80dd3c... - Pull complete. 1 layers, pulled in 1s (downloaded 28 MB at 28 MB/s)
2025-01-30 03:59:22,570 INFO o.t.i.builder.ImageFromDockerfile - Pre-emptively checking local images for 'rancher/k3s:v1.32.1-k3s1', referenced via a Dockerfile. If not available, it will be pulled.
2025-01-30 03:59:22,571 INFO tc.rancher/k3s:v1.32.1-k3s1 - Pulling docker image: rancher/k3s:v1.32.1-k3s1. Please be patient; this may take some time but only needs to be done once.
2025-01-30 03:59:22,923 INFO tc.rancher/k3s:v1.32.1-k3s1 - Starting to pull image
2025-01-30 03:59:22,923 INFO tc.rancher/k3s:v1.32.1-k3s1 - Pulling image layers:  0 pending,  0 downloaded,  0 extracted, (0 bytes/0 bytes)
2025-01-30 03:59:23,458 INFO tc.rancher/k3s:v1.32.1-k3s1 - Pulling image layers:  0 pending,  1 downloaded,  0 extracted, (47 MB/71 MB)
2025-01-30 03:59:24,500 INFO tc.rancher/k3s:v1.32.1-k3s1 - Pulling image layers:  0 pending,  1 downloaded,  1 extracted, (71 MB/71 MB)
2025-01-30 03:59:24,506 INFO tc.rancher/k3s:v1.32.1-k3s1 - Image rancher/k3s:v1.32.1-k3s1 pull took PT1.934197095S
2025-01-30 03:59:24,506 INFO tc.rancher/k3s:v1.32.1-k3s1 - Pull complete. 1 layers, pulled in 1s (downloaded 71 MB at 71 MB/s)
2025-01-30 03:59:24,511 INFO o.t.i.builder.ImageFromDockerfile - Transferred 0 bytes to Docker daemon
2025-01-30 03:59:40,017 INFO c.h.h.t.HelmChartContainer - Starting HelmChartContainer...
2025-01-30 03:59:40,019 INFO t.localhost/testcontainers/et971dn3zuqxqgq4:latest - Creating container for image: localhost/testcontainers/et971dn3zuqxqgq4:latest
2025-01-30 03:59:40,090 INFO tc.alpine:3.17 - Pulling docker image: alpine:3.17. Please be patient; this may take some time but only needs to be done once.
2025-01-30 03:59:40,476 INFO tc.alpine:3.17 - Starting to pull image
2025-01-30 03:59:40,477 INFO tc.alpine:3.17 - Pulling image layers:  0 pending,  0 downloaded,  0 extracted, (0 bytes/0 bytes)
2025-01-30 03:59:40,711 INFO tc.alpine:3.17 - Pulling image layers:  0 pending,  1 downloaded,  0 extracted, (33 KB/3 MB)
2025-01-30 03:59:40,811 INFO tc.alpine:3.17 - Pulling image layers:  0 pending,  1 downloaded,  1 extracted, (3 MB/3 MB)
2025-01-30 03:59:40,816 INFO tc.alpine:3.17 - Image alpine:3.17 pull took PT0.725767384S
2025-01-30 03:59:41,387 INFO t.localhost/testcontainers/et971dn3zuqxqgq4:latest - Container localhost/testcontainers/et971dn3zuqxqgq4:latest is starting: c9034f6d1fe72ece4763a4f850cb67bd9f4e01234bd4e82325230396804e5704
2025-01-30 03:59:41,748 INFO c.h.h.t.HelmChartContainer - [K3S] [INFO] Starting k3s v1.32.1+k3s1 (6a322f12)
2025-01-30 03:59:41,751 INFO c.h.h.t.HelmChartContainer - [K3S] [INFO] Configuring sqlite3 database connection pooling: maxIdleConns=2, maxOpenConns=0, connMaxLifetime=0s
2025-01-30 03:59:41,751 INFO c.h.h.t.HelmChartContainer - [K3S] [INFO] Configuring database table schema and indexes, this may take a moment...
2025-01-30 03:59:41,754 INFO c.h.h.t.HelmChartContainer - [K3S] [INFO] Database tables and indexes are up to date
2025-01-30 03:59:41,757 INFO c.h.h.t.HelmChartContainer - [K3S] [INFO] Kine available at unix://kine.sock
2025-01-30 03:59:41,841 INFO c.h.h.t.HelmChartContainer - [K3S] [INFO] Saving cluster bootstrap data to datastore
2025-01-30 03:59:41,842 INFO c.h.h.t.HelmChartContainer - [K3S] [WARNING] dynamiclistener [::]:6443: no cached certificate available for preload - deferring certificate load until storage initialization or first client request
2025-01-30 03:59:41,842 INFO c.h.h.t.HelmChartContainer - [K3S] [INFO] Active TLS secret / (ver=) (count 10): map[listener.cattle.io/cn-10.43.0.1:10.43.0.1 listener.cattle.io/cn-127.0.0.1:127.0.0.1 listener.cattle.io/cn-172.18.0.2:172.18.0.2 listener.cattle.io/cn-__1-f16284:::1 listener.cattle.io/cn-c9034f6d1fe7:c9034f6d1fe7 listener.cattle.io/cn-kubernetes:kubernetes listener.cattle.io/cn-kubernetes.default:kubernetes.default listener.cattle.io/cn-kubernetes.default.svc:kubernetes.default.svc listener.cattle.io/cn-kubernetes.default.svc.cluster.local:kubernetes.default.svc.cluster.local listener.cattle.io/cn-localhost:localhost listener.cattle.io/fingerprint:SHA1=A0CD67A41AF1B288140A78FD7990CB0147C78C28]
2025-01-30 03:59:41,999 INFO c.h.h.t.HelmChartContainer - [K3S] [INFO] Running kube-apiserver --advertise-port=6443 --allow-privileged=true --anonymous-auth=false --api-audiences=https://kubernetes.default.svc.cluster.local,k3s --authorization-mode=Node,RBAC --bind-address=127.0.0.1 --cert-dir=/var/lib/rancher/k3s/server/tls/temporary-certs --client-ca-file=/var/lib/rancher/k3s/server/tls/client-ca.crt --egress-selector-config-file=/var/lib/rancher/k3s/server/etc/egress-selector-config.yaml --enable-admission-plugins=NodeRestriction --enable-aggregator-routing=true --enable-bootstrap-token-auth=true --etcd-compaction-interval=0s --etcd-servers=unix://kine.sock --kubelet-certificate-authority=/var/lib/rancher/k3s/server/tls/server-ca.crt --kubelet-client-certificate=/var/lib/rancher/k3s/server/tls/client-kube-apiserver.crt --kubelet-client-key=/var/lib/rancher/k3s/server/tls/client-kube-apiserver.key --kubelet-preferred-address-types=InternalIP,ExternalIP,Hostname --profiling=false --proxy-client-cert-file=/var/lib/rancher/k3s/server/tls/client-auth-proxy.crt --proxy-client-key-file=/var/lib/rancher/k3s/server/tls/client-auth-proxy.key --requestheader-allowed-names=system:auth-proxy --requestheader-client-ca-file=/var/lib/rancher/k3s/server/tls/request-header-ca.crt --requestheader-extra-headers-prefix=X-Remote-Extra- --requestheader-group-headers=X-Remote-Group --requestheader-username-headers=X-Remote-User --secure-port=6444 --service-account-issuer=https://kubernetes.default.svc.cluster.local --service-account-key-file=/var/lib/rancher/k3s/server/tls/service.key --service-account-signing-key-file=/var/lib/rancher/k3s/server/tls/service.current.key --service-cluster-ip-range=10.43.0.0/16 --service-node-port-range=30000-32767 --storage-backend=etcd3 --tls-cert-file=/var/lib/rancher/k3s/server/tls/serving-kube-apiserver.crt --tls-cipher-suites=TLS_ECDHE_ECDSA_WITH_AES_256_GCM_SHA384,TLS_ECDHE_RSA_WITH_AES_256_GCM_SHA384,TLS_ECDHE_ECDSA_WITH_AES_128_GCM_SHA256,TLS_ECDHE_RSA_WITH_AES_128_GCM_SHA256,TLS_ECDHE_ECDSA_WITH_CHACHA20_POLY1305,TLS_ECDHE_RSA_WITH_CHACHA20_POLY1305 --tls-private-key-file=/var/lib/rancher/k3s/server/tls/serving-kube-apiserver.key
2025-01-30 03:59:42,003 INFO c.h.h.t.HelmChartContainer - [K3S] [INFO] Running kube-scheduler --authentication-kubeconfig=/var/lib/rancher/k3s/server/cred/scheduler.kubeconfig --authorization-kubeconfig=/var/lib/rancher/k3s/server/cred/scheduler.kubeconfig --bind-address=127.0.0.1 --kubeconfig=/var/lib/rancher/k3s/server/cred/scheduler.kubeconfig --leader-elect=false --profiling=false --secure-port=10259
2025-01-30 03:59:42,003 INFO c.h.h.t.HelmChartContainer - [K3S] [registry.go:256] calling componentGlobalsRegistry.AddFlags more than once, the registry will be set by the latest flags
2025-01-30 03:59:42,004 INFO c.h.h.t.HelmChartContainer - [K3S] [INFO] Running kube-controller-manager --allocate-node-cidrs=true --authentication-kubeconfig=/var/lib/rancher/k3s/server/cred/controller.kubeconfig --authorization-kubeconfig=/var/lib/rancher/k3s/server/cred/controller.kubeconfig --bind-address=127.0.0.1 --cluster-cidr=10.42.0.0/16 --cluster-signing-kube-apiserver-client-cert-file=/var/lib/rancher/k3s/server/tls/client-ca.nochain.crt --cluster-signing-kube-apiserver-client-key-file=/var/lib/rancher/k3s/server/tls/client-ca.key --cluster-signing-kubelet-client-cert-file=/var/lib/rancher/k3s/server/tls/client-ca.nochain.crt --cluster-signing-kubelet-client-key-file=/var/lib/rancher/k3s/server/tls/client-ca.key --cluster-signing-kubelet-serving-cert-file=/var/lib/rancher/k3s/server/tls/server-ca.nochain.crt --cluster-signing-kubelet-serving-key-file=/var/lib/rancher/k3s/server/tls/server-ca.key --cluster-signing-legacy-unknown-cert-file=/var/lib/rancher/k3s/server/tls/server-ca.nochain.crt --cluster-signing-legacy-unknown-key-file=/var/lib/rancher/k3s/server/tls/server-ca.key --configure-cloud-routes=false --controllers=*,tokencleaner,-service,-route,-cloud-node-lifecycle --kubeconfig=/var/lib/rancher/k3s/server/cred/controller.kubeconfig --leader-elect=false --profiling=false --root-ca-file=/var/lib/rancher/k3s/server/tls/server-ca.crt --secure-port=10257 --service-account-private-key-file=/var/lib/rancher/k3s/server/tls/service.current.key --service-cluster-ip-range=10.43.0.0/16 --use-service-account-credentials=true
2025-01-30 03:59:42,004 INFO c.h.h.t.HelmChartContainer - [K3S] [INFO] Waiting for API server to become available
2025-01-30 03:59:42,004 INFO c.h.h.t.HelmChartContainer - [K3S] [options.go:299] unable to set WatchListClient feature gate, err: cannot override default for feature "WatchListClient": gates already added to a flag set
2025-01-30 03:59:42,004 INFO c.h.h.t.HelmChartContainer - [K3S] [registry.go:256] calling componentGlobalsRegistry.AddFlags more than once, the registry will be set by the latest flags
2025-01-30 03:59:42,005 INFO c.h.h.t.HelmChartContainer - [K3S] [INFO] Running cloud-controller-manager --allocate-node-cidrs=true --authentication-kubeconfig=/var/lib/rancher/k3s/server/cred/cloud-controller.kubeconfig --authorization-kubeconfig=/var/lib/rancher/k3s/server/cred/cloud-controller.kubeconfig --bind-address=127.0.0.1 --cloud-config=/var/lib/rancher/k3s/server/etc/cloud-config.yaml --cloud-provider=k3s --cluster-cidr=10.42.0.0/16 --configure-cloud-routes=false --controllers=*,-route --kubeconfig=/var/lib/rancher/k3s/server/cred/cloud-controller.kubeconfig --leader-elect=false --leader-elect-resource-name=k3s-cloud-controller-manager --node-status-update-frequency=1m0s --profiling=false
2025-01-30 03:59:42,005 INFO c.h.h.t.HelmChartContainer - [K3S] [registry.go:256] calling componentGlobalsRegistry.AddFlags more than once, the registry will be set by the latest flags
2025-01-30 03:59:42,005 INFO c.h.h.t.HelmChartContainer - [K3S] [INFO] Server node token is available at /var/lib/rancher/k3s/server/token
2025-01-30 03:59:42,005 INFO c.h.h.t.HelmChartContainer - [K3S] [options.go:238] external host was not specified, using 172.18.0.2
2025-01-30 03:59:42,006 INFO c.h.h.t.HelmChartContainer - [K3S] [INFO] To join server node to cluster: k3s server -s https://172.18.0.2:6443 -t ${SERVER_NODE_TOKEN}
2025-01-30 03:59:42,006 INFO c.h.h.t.HelmChartContainer - [K3S] [INFO] Agent node token is available at /var/lib/rancher/k3s/server/agent-token
2025-01-30 03:59:42,006 INFO c.h.h.t.HelmChartContainer - [K3S] [INFO] To join agent node to cluster: k3s agent -s https://172.18.0.2:6443 -t ${AGENT_NODE_TOKEN}
2025-01-30 03:59:42,007 INFO c.h.h.t.HelmChartContainer - [K3S] [INFO] Wrote kubeconfig /etc/rancher/k3s/k3s.yaml
2025-01-30 03:59:42,007 INFO c.h.h.t.HelmChartContainer - [K3S] [INFO] Run: k3s kubectl
2025-01-30 03:59:42,007 INFO c.h.h.t.HelmChartContainer - [K3S] [server.go:151] Version: v1.32.1+k3s1
2025-01-30 03:59:42,007 INFO c.h.h.t.HelmChartContainer - [K3S] [server.go:153] "Golang settings" GOGC="" GOMAXPROCS="" GOTRACEBACK=""
2025-01-30 03:59:42,392 INFO c.h.h.t.HelmChartContainer - [K3S] [plugins.go:157] Loaded 13 mutating admission controller(s) successfully in the following order: NamespaceLifecycle,LimitRanger,ServiceAccount,NodeRestriction,TaintNodesByCondition,Priority,DefaultTolerationSeconds,DefaultStorageClass,StorageObjectInUseProtection,RuntimeClass,DefaultIngressClass,MutatingAdmissionPolicy,MutatingAdmissionWebhook.
2025-01-30 03:59:42,392 INFO c.h.h.t.HelmChartContainer - [K3S] [plugins.go:160] Loaded 13 validating admission controller(s) successfully in the following order: LimitRanger,ServiceAccount,PodSecurity,Priority,PersistentVolumeClaimResize,RuntimeClass,CertificateApproval,CertificateSigning,ClusterTrustBundleAttest,CertificateSubjectRestriction,ValidatingAdmissionPolicy,ValidatingAdmissionWebhook,ResourceQuota.
2025-01-30 03:59:42,392 INFO c.h.h.t.HelmChartContainer - [K3S] [instance.go:233] Using reconciler: lease
2025-01-30 03:59:42,450 INFO c.h.h.t.HelmChartContainer - [K3S] [apis.go:106] API group "internal.apiserver.k8s.io" is not enabled, skipping.
2025-01-30 03:59:42,499 INFO c.h.h.t.HelmChartContainer - [K3S] [apis.go:106] API group "storagemigration.k8s.io" is not enabled, skipping.
2025-01-30 03:59:42,527 INFO c.h.h.t.HelmChartContainer - [K3S] [apis.go:106] API group "resource.k8s.io" is not enabled, skipping.
2025-01-30 03:59:42,564 INFO c.h.h.t.HelmChartContainer - [K3S] [INFO] Password verified locally for node c9034f6d1fe7
2025-01-30 03:59:42,849 INFO c.h.h.t.HelmChartContainer - [K3S] [dynamic_cafile_content.go:161] "Starting controller" name="client-ca-bundle::/var/lib/rancher/k3s/server/tls/client-ca.crt"
2025-01-30 03:59:42,850 INFO c.h.h.t.HelmChartContainer - [K3S] [secure_serving.go:213] Serving securely on 127.0.0.1:6444
2025-01-30 03:59:42,851 INFO c.h.h.t.HelmChartContainer - [K3S] [dynamic_serving_content.go:135] "Starting controller" name="serving-cert::/var/lib/rancher/k3s/server/tls/serving-kube-apiserver.crt::/var/lib/rancher/k3s/server/tls/serving-kube-apiserver.key"
2025-01-30 03:59:42,851 INFO c.h.h.t.HelmChartContainer - [K3S] [tlsconfig.go:243] "Starting DynamicServingCertificateController"
2025-01-30 03:59:42,851 INFO c.h.h.t.HelmChartContainer - [K3S] [apiservice_controller.go:100] Starting APIServiceRegistrationController
2025-01-30 03:59:42,851 INFO c.h.h.t.HelmChartContainer - [K3S] [cluster_authentication_trust_controller.go:462] Starting cluster_authentication_trust_controller controller
2025-01-30 03:59:42,851 INFO c.h.h.t.HelmChartContainer - [K3S] [apf_controller.go:377] Starting API Priority and Fairness config controller
2025-01-30 03:59:42,854 INFO c.h.h.t.HelmChartContainer - [K3S] [aggregator.go:169] waiting for initial CRD sync...
2025-01-30 03:59:42,855 INFO c.h.h.t.HelmChartContainer - [K3S] [dynamic_serving_content.go:135] "Starting controller" name="aggregator-proxy-cert::/var/lib/rancher/k3s/server/tls/client-auth-proxy.crt::/var/lib/rancher/k3s/server/tls/client-auth-proxy.key"
2025-01-30 03:59:42,855 INFO c.h.h.t.HelmChartContainer - [K3S] [remote_available_controller.go:411] Starting RemoteAvailability controller
2025-01-30 03:59:42,855 INFO c.h.h.t.HelmChartContainer - [K3S] [gc_controller.go:78] Starting apiserver lease garbage collector
2025-01-30 03:59:42,855 INFO c.h.h.t.HelmChartContainer - [K3S] [controller.go:80] Starting OpenAPI V3 AggregationController
2025-01-30 03:59:42,855 INFO c.h.h.t.HelmChartContainer - [K3S] [controller.go:78] Starting OpenAPI AggregationController
2025-01-30 03:59:42,855 INFO c.h.h.t.HelmChartContainer - [K3S] [local_available_controller.go:156] Starting LocalAvailability controller
2025-01-30 03:59:42,855 INFO c.h.h.t.HelmChartContainer - [K3S] [system_namespaces_controller.go:66] Starting system namespaces controller
2025-01-30 03:59:42,855 INFO c.h.h.t.HelmChartContainer - [K3S] [controller.go:119] Starting legacy_token_tracking_controller
2025-01-30 03:59:42,855 INFO c.h.h.t.HelmChartContainer - [K3S] [dynamic_cafile_content.go:161] "Starting controller" name="client-ca-bundle::/var/lib/rancher/k3s/server/tls/client-ca.crt"
2025-01-30 03:59:42,856 INFO c.h.h.t.HelmChartContainer - [K3S] [dynamic_cafile_content.go:161] "Starting controller" name="request-header::/var/lib/rancher/k3s/server/tls/request-header-ca.crt"
2025-01-30 03:59:42,856 INFO c.h.h.t.HelmChartContainer - [K3S] [crdregistration_controller.go:114] Starting crd-autoregister controller
2025-01-30 03:59:42,856 INFO c.h.h.t.HelmChartContainer - [K3S] [controller.go:142] Starting OpenAPI controller
2025-01-30 03:59:42,856 INFO c.h.h.t.HelmChartContainer - [K3S] [controller.go:90] Starting OpenAPI V3 controller
2025-01-30 03:59:42,856 INFO c.h.h.t.HelmChartContainer - [K3S] [naming_controller.go:294] Starting NamingConditionController
2025-01-30 03:59:42,856 INFO c.h.h.t.HelmChartContainer - [K3S] [establishing_controller.go:81] Starting EstablishingController
2025-01-30 03:59:42,856 INFO c.h.h.t.HelmChartContainer - [K3S] [nonstructuralschema_controller.go:195] Starting NonStructuralSchemaConditionController
2025-01-30 03:59:42,856 INFO c.h.h.t.HelmChartContainer - [K3S] [apiapproval_controller.go:189] Starting KubernetesAPIApprovalPolicyConformantConditionController
2025-01-30 03:59:42,857 INFO c.h.h.t.HelmChartContainer - [K3S] [crd_finalizer.go:269] Starting CRDFinalizer
2025-01-30 03:59:42,857 INFO c.h.h.t.HelmChartContainer - [K3S] [customresource_discovery_controller.go:292] Starting DiscoveryController
2025-01-30 03:59:42,857 INFO c.h.h.t.HelmChartContainer - [K3S] [dynamic_cafile_content.go:161] "Starting controller" name="request-header::/var/lib/rancher/k3s/server/tls/request-header-ca.crt"
2025-01-30 03:59:42,884 INFO c.h.h.t.HelmChartContainer - [K3S] [policy_source.go:240] refreshing policies
2025-01-30 03:59:42,935 INFO c.h.h.t.HelmChartContainer - [K3S] [controller.go:145] "Failed to ensure lease exists, will retry" err="namespaces \"kube-system\" not found" interval="200ms"
2025-01-30 03:59:42,947 INFO c.h.h.t.HelmChartContainer - [K3S] [apf_controller.go:382] Running API Priority and Fairness config worker
2025-01-30 03:59:42,947 INFO c.h.h.t.HelmChartContainer - [K3S] [apf_controller.go:385] Running API Priority and Fairness periodic rebalancing process
2025-01-30 03:59:42,947 INFO c.h.h.t.HelmChartContainer - [K3S] [handler_discovery.go:451] Starting ResourceDiscoveryManager
2025-01-30 03:59:42,949 INFO c.h.h.t.HelmChartContainer - [K3S] [aggregator.go:171] initial CRD sync complete...
2025-01-30 03:59:42,950 INFO c.h.h.t.HelmChartContainer - [K3S] [autoregister_controller.go:144] Starting autoregister controller
2025-01-30 03:59:43,000 INFO c.h.h.t.HelmChartContainer - [K3S] [controller.go:95] Unable to perform initial Kubernetes service initialization: namespaces "default" not found
2025-01-30 03:59:43,108 INFO c.h.h.t.HelmChartContainer - [K3S] [WARNING] Host resolv.conf includes loopback or multicast nameservers - kubelet will use autogenerated resolv.conf with nameserver 8.8.8.8
2025-01-30 03:59:43,116 INFO c.h.h.t.HelmChartContainer - [K3S] [INFO] Module overlay was already loaded
2025-01-30 03:59:43,117 INFO c.h.h.t.HelmChartContainer - [K3S] [INFO] Module nf_conntrack was already loaded
2025-01-30 03:59:43,117 INFO c.h.h.t.HelmChartContainer - [K3S] [INFO] Module br_netfilter was already loaded
2025-01-30 03:59:43,120 INFO c.h.h.t.HelmChartContainer - [K3S] [INFO] Set sysctl 'net/netfilter/nf_conntrack_max' to 131072
2025-01-30 03:59:43,121 INFO c.h.h.t.HelmChartContainer - [K3S] [INFO] Set sysctl 'net/netfilter/nf_conntrack_tcp_timeout_established' to 86400
2025-01-30 03:59:43,121 INFO c.h.h.t.HelmChartContainer - [K3S] [INFO] Set sysctl 'net/netfilter/nf_conntrack_tcp_timeout_close_wait' to 3600
2025-01-30 03:59:43,122 INFO c.h.h.t.HelmChartContainer - [K3S] [INFO] Logging containerd to /var/lib/rancher/k3s/agent/containerd/containerd.log
2025-01-30 03:59:43,122 INFO c.h.h.t.HelmChartContainer - [K3S] [INFO] Running containerd -c /var/lib/rancher/k3s/agent/etc/containerd/config.toml -a /run/k3s/containerd/containerd.sock --state /run/k3s/containerd --root /var/lib/rancher/k3s/agent/containerd
2025-01-30 03:59:43,851 INFO c.h.h.t.HelmChartContainer - [K3S] [storage_scheduling.go:95] created PriorityClass system-node-critical with value 2000001000
2025-01-30 03:59:43,855 INFO c.h.h.t.HelmChartContainer - [K3S] [storage_scheduling.go:95] created PriorityClass system-cluster-critical with value 2000000000
2025-01-30 03:59:43,855 INFO c.h.h.t.HelmChartContainer - [K3S] [storage_scheduling.go:111] all system priority classes are created successfully or already exist.
2025-01-30 03:59:44,125 INFO c.h.h.t.HelmChartContainer - [K3S] [INFO] containerd is now running
2025-01-30 03:59:44,130 INFO c.h.h.t.HelmChartContainer - [K3S] [INFO] Connecting to proxy" url="wss://127.0.0.1:6443/v1-k3s/connect
2025-01-30 03:59:44,133 INFO c.h.h.t.HelmChartContainer - [K3S] [INFO] Creating k3s-cert-monitor event broadcaster
2025-01-30 03:59:44,133 INFO c.h.h.t.HelmChartContainer - [K3S] [INFO] Running kubelet --cloud-provider=external --config-dir=/var/lib/rancher/k3s/agent/etc/kubelet.conf.d --containerd=/run/k3s/containerd/containerd.sock --hostname-override=c9034f6d1fe7 --kubeconfig=/var/lib/rancher/k3s/agent/kubelet.kubeconfig --node-ip=172.18.0.2 --node-labels=
2025-01-30 03:59:44,133 INFO c.h.h.t.HelmChartContainer - [K3S] [INFO] Handling backend connection request [c9034f6d1fe7]
2025-01-30 03:59:44,134 INFO c.h.h.t.HelmChartContainer - [K3S] [INFO] Remotedialer connected to proxy" url="wss://127.0.0.1:6443/v1-k3s/connect
2025-01-30 03:59:44,205 INFO c.h.h.t.HelmChartContainer - [K3S] [alloc.go:330] "allocated clusterIPs" service="default/kubernetes" clusterIPs={"IPv4":"10.43.0.1"}
2025-01-30 03:59:44,209 INFO c.h.h.t.HelmChartContainer - [K3S] [lease.go:265] Resetting endpoints for master service "kubernetes" to [172.18.0.2]
2025-01-30 03:59:44,242 INFO c.h.h.t.HelmChartContainer - [K3S] [ERROR] Sending HTTP/1.1 503 response to 127.0.0.1:43148: runtime core not ready
2025-01-30 03:59:44,318 INFO c.h.h.t.HelmChartContainer - [K3S] [INFO] Running kube-proxy --cluster-cidr=10.42.0.0/16 --conntrack-max-per-core=0 --conntrack-tcp-timeout-close-wait=0s --conntrack-tcp-timeout-established=0s --healthz-bind-address=127.0.0.1 --hostname-override=c9034f6d1fe7 --kubeconfig=/var/lib/rancher/k3s/agent/kubeproxy.kubeconfig --proxy-mode=iptables
2025-01-30 03:59:44,356 INFO c.h.h.t.HelmChartContainer - [K3S] [server.go:687] "Failed to retrieve node info" err="nodes \"c9034f6d1fe7\" not found"
2025-01-30 03:59:45,013 INFO c.h.h.t.HelmChartContainer - [K3S] [INFO] Waiting for untainted node
2025-01-30 03:59:45,014 INFO c.h.h.t.HelmChartContainer - [K3S] [INFO] Waiting for cloud-controller-manager privileges to become available
2025-01-30 03:59:45,015 INFO c.h.h.t.HelmChartContainer - [K3S] [INFO] Creating k3s-supervisor event broadcaster
2025-01-30 03:59:45,015 INFO c.h.h.t.HelmChartContainer - [K3S] [INFO] Kube API server is now running
2025-01-30 03:59:45,015 INFO c.h.h.t.HelmChartContainer - [K3S] [INFO] ETCD server is now running
2025-01-30 03:59:45,016 INFO c.h.h.t.HelmChartContainer - [K3S] [INFO] k3s is up and running
2025-01-30 03:59:45,017 INFO c.h.h.t.HelmChartContainer - [K3S] [INFO] Applying CRD addons.k3s.cattle.io
2025-01-30 03:59:45,030 INFO c.h.h.t.HelmChartContainer - [K3S] [INFO] Applying CRD etcdsnapshotfiles.k3s.cattle.io
2025-01-30 03:59:45,043 INFO c.h.h.t.HelmChartContainer - [K3S] [INFO] Applying CRD helmcharts.helm.cattle.io
2025-01-30 03:59:45,057 INFO c.h.h.t.HelmChartContainer - [K3S] [INFO] Applying CRD helmchartconfigs.helm.cattle.io
2025-01-30 03:59:45,069 INFO c.h.h.t.HelmChartContainer - [K3S] [INFO] Waiting for CRD helmchartconfigs.helm.cattle.io to become available
2025-01-30 03:59:45,141 INFO c.h.h.t.HelmChartContainer - [K3S] Flag --containerd has been deprecated, This is a cadvisor flag that was mistakenly registered with the Kubelet. Due to legacy concerns, it will follow the standard CLI deprecation timeline before being removed.
2025-01-30 03:59:45,148 INFO c.h.h.t.HelmChartContainer - [K3S] [server.go:515] "Kubelet version" kubeletVersion="v1.32.1+k3s1"
2025-01-30 03:59:45,148 INFO c.h.h.t.HelmChartContainer - [K3S] [server.go:517] "Golang settings" GOGC="" GOMAXPROCS="" GOTRACEBACK=""
2025-01-30 03:59:45,149 INFO c.h.h.t.HelmChartContainer - [K3S] [dynamic_cafile_content.go:161] "Starting controller" name="client-ca-bundle::/var/lib/rancher/k3s/agent/client-ca.crt"
2025-01-30 03:59:45,150 INFO c.h.h.t.HelmChartContainer - [K3S] [log.go:32] "RuntimeConfig from runtime service failed" err="rpc error: code = Unimplemented desc = method RuntimeConfig not implemented"
2025-01-30 03:59:45,151 INFO c.h.h.t.HelmChartContainer - [K3S] [server.go:1416] "CRI implementation should be updated to support RuntimeConfig when KubeletCgroupDriverFromCRI feature gate has been enabled. Falling back to using cgroupDriver from kubelet config."
2025-01-30 03:59:45,155 INFO c.h.h.t.HelmChartContainer - [K3S] [info.go:53] Couldn't collect info from any of the files in "/etc/machine-id,/var/lib/dbus/machine-id"
2025-01-30 03:59:45,155 INFO c.h.h.t.HelmChartContainer - [K3S] [server.go:767] "--cgroups-per-qos enabled, but --cgroup-root was not specified.  defaulting to /"
2025-01-30 03:59:45,156 INFO c.h.h.t.HelmChartContainer - [K3S] [server.go:836] "NoSwap is set due to memorySwapBehavior not specified" memorySwapBehavior="" FailSwapOn=false
2025-01-30 03:59:45,156 INFO c.h.h.t.HelmChartContainer - [K3S] [swap_util.go:115] "Swap is on" /proc/swaps contents=<
2025-01-30 03:59:45,156 INFO c.h.h.t.HelmChartContainer - [K3S] 	Filename				Type		Size		Used		Priority
2025-01-30 03:59:45,156 INFO c.h.h.t.HelmChartContainer - [K3S] 	/mnt/swapfile                           file		4194300		0		-2
2025-01-30 03:59:45,156 INFO c.h.h.t.HelmChartContainer - [K3S]  >
2025-01-30 03:59:45,157 INFO c.h.h.t.HelmChartContainer - [K3S] [container_manager_linux.go:268] "Container manager verified user specified cgroup-root exists" cgroupRoot=[]
2025-01-30 03:59:45,157 INFO c.h.h.t.HelmChartContainer - [K3S] [container_manager_linux.go:273] "Creating Container Manager object based on Node Config" nodeConfig={"NodeName":"c9034f6d1fe7","RuntimeCgroupsName":"","SystemCgroupsName":"","KubeletCgroupsName":"/k3s","KubeletOOMScoreAdj":-999,"ContainerRuntime":"","CgroupsPerQOS":true,"CgroupRoot":"/","CgroupDriver":"cgroupfs","KubeletRootDir":"/var/lib/kubelet","ProtectKernelDefaults":false,"KubeReservedCgroupName":"","SystemReservedCgroupName":"","ReservedSystemCPUs":{},"EnforceNodeAllocatable":{"pods":{}},"KubeReserved":null,"SystemReserved":null,"HardEvictionThresholds":[{"Signal":"imagefs.available","Operator":"LessThan","Value":{"Quantity":null,"Percentage":0.05},"GracePeriod":0,"MinReclaim":null},{"Signal":"nodefs.available","Operator":"LessThan","Value":{"Quantity":null,"Percentage":0.05},"GracePeriod":0,"MinReclaim":null}],"QOSReserved":{},"CPUManagerPolicy":"none","CPUManagerPolicyOptions":null,"TopologyManagerScope":"container","CPUManagerReconcilePeriod":10000000000,"ExperimentalMemoryManagerPolicy":"None","ExperimentalMemoryManagerReservedMemory":null,"PodPidsLimit":-1,"EnforceCPULimits":true,"CPUCFSQuotaPeriod":100000000,"TopologyManagerPolicy":"none","TopologyManagerPolicyOptions":null,"CgroupVersion":2}
2025-01-30 03:59:45,157 INFO c.h.h.t.HelmChartContainer - [K3S] [topology_manager.go:138] "Creating topology manager with none policy"
2025-01-30 03:59:45,157 INFO c.h.h.t.HelmChartContainer - [K3S] [container_manager_linux.go:304] "Creating device plugin manager"
2025-01-30 03:59:45,157 INFO c.h.h.t.HelmChartContainer - [K3S] [state_mem.go:36] "Initialized new in-memory state store"
2025-01-30 03:59:45,157 INFO c.h.h.t.HelmChartContainer - [K3S] [kubelet.go:446] "Attempting to sync node with API server"
2025-01-30 03:59:45,157 INFO c.h.h.t.HelmChartContainer - [K3S] [kubelet.go:341] "Adding static pod path" path="/var/lib/rancher/k3s/agent/pod-manifests"
2025-01-30 03:59:45,158 INFO c.h.h.t.HelmChartContainer - [K3S] [kubelet.go:352] "Adding apiserver pod source"
2025-01-30 03:59:45,158 INFO c.h.h.t.HelmChartContainer - [K3S] [apiserver.go:42] "Waiting for node sync before watching apiserver pods"
2025-01-30 03:59:45,160 INFO c.h.h.t.HelmChartContainer - [K3S] [kuberuntime_manager.go:269] "Container runtime initialized" containerRuntime="containerd" version="v1.7.23-k3s2" apiVersion="v1"
2025-01-30 03:59:45,161 INFO c.h.h.t.HelmChartContainer - [K3S] [kubelet.go:890] "Not starting ClusterTrustBundle informer because we are in static kubelet mode"
2025-01-30 03:59:45,162 INFO c.h.h.t.HelmChartContainer - [K3S] [probe.go:272] Flexvolume plugin directory at /usr/libexec/kubernetes/kubelet-plugins/volume/exec/ does not exist. Recreating.
2025-01-30 03:59:45,163 INFO c.h.h.t.HelmChartContainer - [K3S] [watchdog_linux.go:99] "Systemd watchdog is not enabled"
2025-01-30 03:59:45,163 INFO c.h.h.t.HelmChartContainer - [K3S] [server.go:1282] "Started kubelet"
2025-01-30 03:59:45,164 INFO c.h.h.t.HelmChartContainer - [K3S] [ratelimit.go:55] "Setting rate limiting for endpoint" service="podresources" qps=100 burstTokens=10
2025-01-30 03:59:45,165 INFO c.h.h.t.HelmChartContainer - [K3S] [server.go:243] "Starting to serve the podresources API" endpoint="unix:/var/lib/kubelet/pod-resources/kubelet.sock"
2025-01-30 03:59:45,165 INFO c.h.h.t.HelmChartContainer - [K3S] [server.go:169] "Starting to listen" address="0.0.0.0" port=10250
2025-01-30 03:59:45,165 INFO c.h.h.t.HelmChartContainer - [K3S] [fs_resource_analyzer.go:67] "Starting FS ResourceAnalyzer"
2025-01-30 03:59:45,165 INFO c.h.h.t.HelmChartContainer - [K3S] [server.go:490] "Adding debug handlers to kubelet server"
2025-01-30 03:59:45,168 INFO c.h.h.t.HelmChartContainer - [K3S] [server.go:208] "Starting to listen read-only" address="0.0.0.0" port=10255
2025-01-30 03:59:45,168 INFO c.h.h.t.HelmChartContainer - [K3S] [dynamic_serving_content.go:135] "Starting controller" name="kubelet-server-cert-files::/var/lib/rancher/k3s/agent/serving-kubelet.crt::/var/lib/rancher/k3s/agent/serving-kubelet.key"
2025-01-30 03:59:45,171 INFO c.h.h.t.HelmChartContainer - [K3S] [kubelet_node_status.go:467] "Error getting the current node from lister" err="node \"c9034f6d1fe7\" not found"
2025-01-30 03:59:45,172 INFO c.h.h.t.HelmChartContainer - [K3S] [desired_state_of_world_populator.go:149] "Desired state populator starts to run"
2025-01-30 03:59:45,172 INFO c.h.h.t.HelmChartContainer - [K3S] [volume_manager.go:297] "Starting Kubelet Volume Manager"
2025-01-30 03:59:45,174 INFO c.h.h.t.HelmChartContainer - [K3S] [reconciler.go:26] "Reconciler: start to sync state"
2025-01-30 03:59:45,177 INFO c.h.h.t.HelmChartContainer - [K3S] [factory.go:221] Registration of the systemd container factory successfully
2025-01-30 03:59:45,177 INFO c.h.h.t.HelmChartContainer - [K3S] [factory.go:219] Registration of the crio container factory failed: Get "http://%2Fvar%2Frun%2Fcrio%2Fcrio.sock/info": dial unix /var/run/crio/crio.sock: connect: no such file or directory
2025-01-30 03:59:45,177 INFO c.h.h.t.HelmChartContainer - [K3S] [kubelet.go:1561] "Image garbage collection failed once. Stats initialization may not have completed yet" err="invalid capacity 0 on image filesystem"
2025-01-30 03:59:45,178 INFO c.h.h.t.HelmChartContainer - [K3S] [factory.go:221] Registration of the containerd container factory successfully
2025-01-30 03:59:45,180 INFO c.h.h.t.HelmChartContainer - [K3S] [nodelease.go:49] "Failed to get node when trying to set owner ref to the node lease" err="nodes \"c9034f6d1fe7\" not found" node="c9034f6d1fe7"
2025-01-30 03:59:45,189 INFO c.h.h.t.HelmChartContainer - [K3S] [kubelet_network_linux.go:50] "Initialized iptables rules." protocol="IPv4"
2025-01-30 03:59:45,191 INFO c.h.h.t.HelmChartContainer - [K3S] [kubelet_network_linux.go:50] "Initialized iptables rules." protocol="IPv6"
2025-01-30 03:59:45,191 INFO c.h.h.t.HelmChartContainer - [K3S] [status_manager.go:227] "Starting to sync pod status with apiserver"
2025-01-30 03:59:45,191 INFO c.h.h.t.HelmChartContainer - [K3S] [watchdog_linux.go:127] "Systemd watchdog is not enabled or the interval is invalid, so health checking will not be started."
2025-01-30 03:59:45,191 INFO c.h.h.t.HelmChartContainer - [K3S] [kubelet.go:2388] "Starting kubelet main sync loop"
2025-01-30 03:59:45,192 INFO c.h.h.t.HelmChartContainer - [K3S] [kubelet.go:2412] "Skipping pod synchronization" err="[container runtime status check may not have completed yet, PLEG is not healthy: pleg has yet to be successful]"
2025-01-30 03:59:45,216 INFO c.h.h.t.HelmChartContainer - [K3S] [cpu_manager.go:221] "Starting CPU manager" policy="none"
2025-01-30 03:59:45,217 INFO c.h.h.t.HelmChartContainer - [K3S] [cpu_manager.go:222] "Reconciling" reconcilePeriod="10s"
2025-01-30 03:59:45,217 INFO c.h.h.t.HelmChartContainer - [K3S] [state_mem.go:36] "Initialized new in-memory state store"
2025-01-30 03:59:45,224 INFO c.h.h.t.HelmChartContainer - [K3S] [policy_none.go:49] "None policy: Start"
2025-01-30 03:59:45,224 INFO c.h.h.t.HelmChartContainer - [K3S] [memory_manager.go:186] "Starting memorymanager" policy="None"
2025-01-30 03:59:45,224 INFO c.h.h.t.HelmChartContainer - [K3S] [state_mem.go:35] "Initializing new in-memory state store"
2025-01-30 03:59:45,228 INFO c.h.h.t.HelmChartContainer - [K3S] [manager.go:519] "Failed to read data from checkpoint" checkpoint="kubelet_internal_checkpoint" err="checkpoint is not found"
2025-01-30 03:59:45,228 INFO c.h.h.t.HelmChartContainer - [K3S] [eviction_manager.go:189] "Eviction manager: starting control loop"
2025-01-30 03:59:45,228 INFO c.h.h.t.HelmChartContainer - [K3S] [container_log_manager.go:189] "Initializing container log rotate workers" workers=1 monitorPeriod="10s"
2025-01-30 03:59:45,228 INFO c.h.h.t.HelmChartContainer - [K3S] [plugin_manager.go:118] "Starting Kubelet Plugin Manager"
2025-01-30 03:59:45,232 INFO c.h.h.t.HelmChartContainer - [K3S] [eviction_manager.go:267] "eviction manager: failed to check if we have separate container filesystem. Ignoring." err="no imagefs label for configured runtime"
2025-01-30 03:59:45,234 INFO c.h.h.t.HelmChartContainer - [K3S] [eviction_manager.go:292] "Eviction manager: failed to get summary stats" err="failed to get node info: node \"c9034f6d1fe7\" not found"
2025-01-30 03:59:45,290 INFO c.h.h.t.HelmChartContainer - [K3S] [serving.go:392] Generated self-signed cert in-memory
2025-01-30 03:59:45,330 INFO c.h.h.t.HelmChartContainer - [K3S] [kubelet_node_status.go:76] "Attempting to register node" node="c9034f6d1fe7"
2025-01-30 03:59:45,333 INFO c.h.h.t.HelmChartContainer - [K3S] [kubelet_node_status.go:79] "Successfully registered node" node="c9034f6d1fe7"
2025-01-30 03:59:45,333 INFO c.h.h.t.HelmChartContainer - [K3S] [kubelet_node_status.go:549] "Error updating node status, will retry" err="error getting node \"c9034f6d1fe7\": node \"c9034f6d1fe7\" not found"
2025-01-30 03:59:45,343 INFO c.h.h.t.HelmChartContainer - [K3S] [INFO] Annotations and labels have been set successfully on node: c9034f6d1fe7
2025-01-30 03:59:45,343 INFO c.h.h.t.HelmChartContainer - [K3S] [INFO] Starting flannel with backend vxlan
2025-01-30 03:59:45,442 INFO c.h.h.t.HelmChartContainer - [K3S] [server.go:698] "Successfully retrieved node IP(s)" IPs=["172.18.0.2"]
2025-01-30 03:59:45,443 INFO c.h.h.t.HelmChartContainer - [K3S] [server.go:234] "Kube-proxy configuration may be incomplete or incorrect" err="nodePortAddresses is unset; NodePort connections will be accepted on all local IPs. Consider using `--nodeport-addresses primary`"
2025-01-30 03:59:45,447 INFO c.h.h.t.HelmChartContainer - [K3S] [server.go:243] "kube-proxy running in dual-stack mode" primary ipFamily="IPv4"
2025-01-30 03:59:45,447 INFO c.h.h.t.HelmChartContainer - [K3S] [server_linux.go:170] "Using iptables Proxier"
2025-01-30 03:59:45,448 INFO c.h.h.t.HelmChartContainer - [K3S] [proxier.go:255] "Setting route_localnet=1 to allow node-ports on localhost; to change this either disable iptables.localhostNodePorts (--iptables-localhost-nodeports) or set nodePortAddresses (--nodeport-addresses) to filter loopback addresses"
2025-01-30 03:59:45,452 INFO c.h.h.t.HelmChartContainer - [K3S] [server.go:497] "Version info" version="v1.32.1+k3s1"
2025-01-30 03:59:45,453 INFO c.h.h.t.HelmChartContainer - [K3S] [server.go:499] "Golang settings" GOGC="" GOMAXPROCS="" GOTRACEBACK=""
2025-01-30 03:59:45,456 INFO c.h.h.t.HelmChartContainer - [K3S] [config.go:199] "Starting service config controller"
2025-01-30 03:59:45,456 INFO c.h.h.t.HelmChartContainer - [K3S] [config.go:105] "Starting endpoint slice config controller"
2025-01-30 03:59:45,459 INFO c.h.h.t.HelmChartContainer - [K3S] [config.go:329] "Starting node config controller"
2025-01-30 03:59:45,542 INFO c.h.h.t.HelmChartContainer - [K3S] [kubelet_node_status.go:502] "Fast updating node status as it just became ready"
2025-01-30 03:59:45,572 INFO c.h.h.t.HelmChartContainer - [K3S] [INFO] Done waiting for CRD helmchartconfigs.helm.cattle.io to become available
2025-01-30 03:59:45,572 INFO c.h.h.t.HelmChartContainer - [K3S] [INFO] Writing static file: /var/lib/rancher/k3s/server/static/charts/traefik-27.0.201+up27.0.2.tgz
2025-01-30 03:59:45,574 INFO c.h.h.t.HelmChartContainer - [K3S] [INFO] Writing static file: /var/lib/rancher/k3s/server/static/charts/traefik-crd-27.0.201+up27.0.2.tgz
2025-01-30 03:59:45,574 INFO c.h.h.t.HelmChartContainer - [K3S] [INFO] Writing manifest: /var/lib/rancher/k3s/server/manifests/ccm.yaml
2025-01-30 03:59:45,574 INFO c.h.h.t.HelmChartContainer - [K3S] [INFO] Writing manifest: /var/lib/rancher/k3s/server/manifests/metrics-server/auth-delegator.yaml
2025-01-30 03:59:45,576 INFO c.h.h.t.HelmChartContainer - [K3S] [INFO] Writing manifest: /var/lib/rancher/k3s/server/manifests/metrics-server/metrics-server-service.yaml
2025-01-30 03:59:45,576 INFO c.h.h.t.HelmChartContainer - [K3S] [INFO] Writing manifest: /var/lib/rancher/k3s/server/manifests/metrics-server/resource-reader.yaml
2025-01-30 03:59:45,577 INFO c.h.h.t.HelmChartContainer - [K3S] [INFO] Writing manifest: /var/lib/rancher/k3s/server/manifests/metrics-server/metrics-apiservice.yaml
2025-01-30 03:59:45,578 INFO c.h.h.t.HelmChartContainer - [K3S] [INFO] Writing manifest: /var/lib/rancher/k3s/server/manifests/metrics-server/metrics-server-deployment.yaml
2025-01-30 03:59:45,578 INFO c.h.h.t.HelmChartContainer - [K3S] [INFO] Writing manifest: /var/lib/rancher/k3s/server/manifests/rolebindings.yaml
2025-01-30 03:59:45,578 INFO c.h.h.t.HelmChartContainer - [K3S] [INFO] Writing manifest: /var/lib/rancher/k3s/server/manifests/runtimes.yaml
2025-01-30 03:59:45,578 INFO c.h.h.t.HelmChartContainer - [K3S] [INFO] Writing manifest: /var/lib/rancher/k3s/server/manifests/coredns.yaml
2025-01-30 03:59:45,578 INFO c.h.h.t.HelmChartContainer - [K3S] [INFO] Writing manifest: /var/lib/rancher/k3s/server/manifests/local-storage.yaml
2025-01-30 03:59:45,578 INFO c.h.h.t.HelmChartContainer - [K3S] [INFO] Writing manifest: /var/lib/rancher/k3s/server/manifests/metrics-server/aggregated-metrics-reader.yaml
2025-01-30 03:59:45,578 INFO c.h.h.t.HelmChartContainer - [K3S] [INFO] Writing manifest: /var/lib/rancher/k3s/server/manifests/metrics-server/auth-reader.yaml
2025-01-30 03:59:45,579 INFO c.h.h.t.HelmChartContainer - [K3S] [INFO] Starting dynamiclistener CN filter node controller with SANs: [localhost 127.0.0.1 ::1 localhost c9034f6d1fe7 172.18.0.2 10.43.0.1 kubernetes kubernetes.default kubernetes.default.svc kubernetes.default.svc.cluster.local]
2025-01-30 03:59:45,579 INFO c.h.h.t.HelmChartContainer - [K3S] [INFO] Tunnel server egress proxy mode: agent
2025-01-30 03:59:45,688 INFO c.h.h.t.HelmChartContainer - [K3S] [INFO] Starting k3s.cattle.io/v1, Kind=Addon controller
2025-01-30 03:59:45,689 INFO c.h.h.t.HelmChartContainer - [K3S] [INFO] Creating deploy event broadcaster
2025-01-30 03:59:45,689 INFO c.h.h.t.HelmChartContainer - [K3S] [controllermanager.go:185] "Starting" version="v1.32.1+k3s1"
2025-01-30 03:59:45,689 INFO c.h.h.t.HelmChartContainer - [K3S] [controllermanager.go:187] "Golang settings" GOGC="" GOMAXPROCS="" GOTRACEBACK=""
2025-01-30 03:59:45,691 INFO c.h.h.t.HelmChartContainer - [K3S] [requestheader_controller.go:180] Starting RequestHeaderAuthRequestController
2025-01-30 03:59:45,691 INFO c.h.h.t.HelmChartContainer - [K3S] [configmap_cafile_content.go:205] "Starting controller" name="client-ca::kube-system::extension-apiserver-authentication::client-ca-file"
2025-01-30 03:59:45,691 INFO c.h.h.t.HelmChartContainer - [K3S] [configmap_cafile_content.go:205] "Starting controller" name="client-ca::kube-system::extension-apiserver-authentication::requestheader-client-ca-file"
2025-01-30 03:59:45,694 INFO c.h.h.t.HelmChartContainer - [K3S] [secure_serving.go:213] Serving securely on 127.0.0.1:10257
2025-01-30 03:59:45,695 INFO c.h.h.t.HelmChartContainer - [K3S] [tlsconfig.go:243] "Starting DynamicServingCertificateController"
2025-01-30 03:59:45,701 INFO c.h.h.t.HelmChartContainer - [K3S] [controllermanager.go:765] "Started controller" controller="serviceaccount-token-controller"
2025-01-30 03:59:45,708 INFO c.h.h.t.HelmChartContainer - [K3S] [controllermanager.go:765] "Started controller" controller="certificatesigningrequest-approving-controller"
2025-01-30 03:59:45,709 INFO c.h.h.t.HelmChartContainer - [K3S] [certificate_controller.go:120] "Starting certificate controller" name="csrapproving"
2025-01-30 03:59:45,726 INFO c.h.h.t.HelmChartContainer - [K3S] [controllermanager.go:765] "Started controller" controller="validatingadmissionpolicy-status-controller"
2025-01-30 03:59:45,726 INFO c.h.h.t.HelmChartContainer - [K3S] [controllermanager.go:743] "Warning: skipping controller" controller="storage-version-migrator-controller"
2025-01-30 03:59:45,731 INFO c.h.h.t.HelmChartContainer - [K3S] [controllermanager.go:765] "Started controller" controller="endpointslice-controller"
2025-01-30 03:59:45,732 INFO c.h.h.t.HelmChartContainer - [K3S] [endpointslice_controller.go:281] "Starting endpoint slice controller"
2025-01-30 03:59:45,737 INFO c.h.h.t.HelmChartContainer - [K3S] [controllermanager.go:765] "Started controller" controller="deployment-controller"
2025-01-30 03:59:45,738 INFO c.h.h.t.HelmChartContainer - [K3S] [deployment_controller.go:173] "Starting controller" controller="deployment"
2025-01-30 03:59:45,744 INFO c.h.h.t.HelmChartContainer - [K3S] [controllermanager.go:765] "Started controller" controller="statefulset-controller"
2025-01-30 03:59:45,744 INFO c.h.h.t.HelmChartContainer - [K3S] [stateful_set.go:166] "Starting stateful set controller"
2025-01-30 03:59:45,750 INFO c.h.h.t.HelmChartContainer - [K3S] [controllermanager.go:765] "Started controller" controller="token-cleaner-controller"
2025-01-30 03:59:45,750 INFO c.h.h.t.HelmChartContainer - [K3S] [tokencleaner.go:117] "Starting token cleaner controller"
2025-01-30 03:59:45,766 INFO c.h.h.t.HelmChartContainer - [K3S] [range_allocator.go:112] "No Secondary Service CIDR provided. Skipping filtering out secondary service addresses"
2025-01-30 03:59:45,766 INFO c.h.h.t.HelmChartContainer - [K3S] [controllermanager.go:765] "Started controller" controller="node-ipam-controller"
2025-01-30 03:59:45,766 INFO c.h.h.t.HelmChartContainer - [K3S] [controllermanager.go:723] "Skipping a cloud provider controller" controller="service-lb-controller"
2025-01-30 03:59:45,767 INFO c.h.h.t.HelmChartContainer - [K3S] [node_ipam_controller.go:141] "Starting ipam controller"
2025-01-30 03:59:45,784 INFO c.h.h.t.HelmChartContainer - [K3S] [controllermanager.go:765] "Started controller" controller="namespace-controller"
2025-01-30 03:59:45,785 INFO c.h.h.t.HelmChartContainer - [K3S] [namespace_controller.go:202] "Starting namespace controller"
2025-01-30 03:59:45,791 INFO c.h.h.t.HelmChartContainer - [K3S] [INFO] Starting /v1, Kind=Node controller
2025-01-30 03:59:45,791 INFO c.h.h.t.HelmChartContainer - [K3S] [INFO] Creating helm-controller event broadcaster
2025-01-30 03:59:45,812 INFO c.h.h.t.HelmChartContainer - [K3S] [INFO] Labels and annotations have been set successfully on node: c9034f6d1fe7
2025-01-30 03:59:45,814 INFO c.h.h.t.HelmChartContainer - [K3S] [INFO] Cluster dns configmap has been set successfully
2025-01-30 03:59:45,843 INFO c.h.h.t.HelmChartContainer - [K3S] [INFO] Starting /v1, Kind=Secret controller
2025-01-30 03:59:45,843 INFO c.h.h.t.HelmChartContainer - [K3S] [INFO] Starting /v1, Kind=ConfigMap controller
2025-01-30 03:59:45,843 INFO c.h.h.t.HelmChartContainer - [K3S] [INFO] Starting /v1, Kind=ServiceAccount controller
2025-01-30 03:59:45,849 INFO c.h.h.t.HelmChartContainer - [K3S] [INFO] Updating TLS secret for kube-system/k3s-serving (count: 10): map[listener.cattle.io/cn-10.43.0.1:10.43.0.1 listener.cattle.io/cn-127.0.0.1:127.0.0.1 listener.cattle.io/cn-172.18.0.2:172.18.0.2 listener.cattle.io/cn-__1-f16284:::1 listener.cattle.io/cn-c9034f6d1fe7:c9034f6d1fe7 listener.cattle.io/cn-kubernetes:kubernetes listener.cattle.io/cn-kubernetes.default:kubernetes.default listener.cattle.io/cn-kubernetes.default.svc:kubernetes.default.svc listener.cattle.io/cn-kubernetes.default.svc.cluster.local:kubernetes.default.svc.cluster.local listener.cattle.io/cn-localhost:localhost listener.cattle.io/fingerprint:SHA1=A0CD67A41AF1B288140A78FD7990CB0147C78C28]
2025-01-30 03:59:45,852 INFO c.h.h.t.HelmChartContainer - [K3S] [INFO] Active TLS secret kube-system/k3s-serving (ver=239) (count 10): map[listener.cattle.io/cn-10.43.0.1:10.43.0.1 listener.cattle.io/cn-127.0.0.1:127.0.0.1 listener.cattle.io/cn-172.18.0.2:172.18.0.2 listener.cattle.io/cn-__1-f16284:::1 listener.cattle.io/cn-c9034f6d1fe7:c9034f6d1fe7 listener.cattle.io/cn-kubernetes:kubernetes listener.cattle.io/cn-kubernetes.default:kubernetes.default listener.cattle.io/cn-kubernetes.default.svc:kubernetes.default.svc listener.cattle.io/cn-kubernetes.default.svc.cluster.local:kubernetes.default.svc.cluster.local listener.cattle.io/cn-localhost:localhost listener.cattle.io/fingerprint:SHA1=A0CD67A41AF1B288140A78FD7990CB0147C78C28]
2025-01-30 03:59:45,855 INFO c.h.h.t.HelmChartContainer - [K3S] [controllermanager.go:765] "Started controller" controller="disruption-controller"
2025-01-30 03:59:45,855 INFO c.h.h.t.HelmChartContainer - [K3S] [controllermanager.go:717] "Controller is disabled by a feature gate" controller="storageversion-garbage-collector-controller" requiredFeatureGates=["APIServerIdentity","StorageVersionAPI"]
2025-01-30 03:59:45,855 INFO c.h.h.t.HelmChartContainer - [K3S] [disruption.go:452] "Sending events to api server."
2025-01-30 03:59:45,855 INFO c.h.h.t.HelmChartContainer - [K3S] [disruption.go:463] "Starting disruption controller"
2025-01-30 03:59:45,908 INFO c.h.h.t.HelmChartContainer - [K3S] [INFO] Starting helm.cattle.io/v1, Kind=HelmChartConfig controller
2025-01-30 03:59:45,908 INFO c.h.h.t.HelmChartContainer - [K3S] [INFO] Starting helm.cattle.io/v1, Kind=HelmChart controller
2025-01-30 03:59:45,913 INFO c.h.h.t.HelmChartContainer - [K3S] [INFO] Starting rbac.authorization.k8s.io/v1, Kind=ClusterRoleBinding controller
2025-01-30 03:59:45,915 INFO c.h.h.t.HelmChartContainer - [K3S] [INFO] Starting batch/v1, Kind=Job controller
2025-01-30 03:59:45,945 INFO c.h.h.t.HelmChartContainer - [K3S] [INFO] Updating TLS secret for kube-system/k3s-serving (count: 10): map[listener.cattle.io/cn-10.43.0.1:10.43.0.1 listener.cattle.io/cn-127.0.0.1:127.0.0.1 listener.cattle.io/cn-172.18.0.2:172.18.0.2 listener.cattle.io/cn-__1-f16284:::1 listener.cattle.io/cn-c9034f6d1fe7:c9034f6d1fe7 listener.cattle.io/cn-kubernetes:kubernetes listener.cattle.io/cn-kubernetes.default:kubernetes.default listener.cattle.io/cn-kubernetes.default.svc:kubernetes.default.svc listener.cattle.io/cn-kubernetes.default.svc.cluster.local:kubernetes.default.svc.cluster.local listener.cattle.io/cn-localhost:localhost listener.cattle.io/fingerprint:SHA1=A0CD67A41AF1B288140A78FD7990CB0147C78C28]
2025-01-30 03:59:46,003 INFO c.h.h.t.HelmChartContainer - [K3S] [controllermanager.go:765] "Started controller" controller="job-controller"
2025-01-30 03:59:46,004 INFO c.h.h.t.HelmChartContainer - [K3S] [job_controller.go:243] "Starting job controller"
2025-01-30 03:59:46,153 INFO c.h.h.t.HelmChartContainer - [K3S] [controllermanager.go:765] "Started controller" controller="pod-garbage-collector-controller"
2025-01-30 03:59:46,153 INFO c.h.h.t.HelmChartContainer - [K3S] [gc_controller.go:99] "Starting GC controller"
2025-01-30 03:59:46,157 INFO c.h.h.t.HelmChartContainer - [K3S] [apiserver.go:52] "Watching apiserver"
2025-01-30 03:59:46,171 INFO c.h.h.t.HelmChartContainer - [K3S] [desired_state_of_world_populator.go:157] "Finished populating initial desired state of world"
2025-01-30 03:59:46,457 INFO c.h.h.t.HelmChartContainer - [K3S] [controllermanager.go:765] "Started controller" controller="resourcequota-controller"
2025-01-30 03:59:46,458 INFO c.h.h.t.HelmChartContainer - [K3S] [resource_quota_controller.go:300] "Starting resource quota controller"
2025-01-30 03:59:46,610 INFO c.h.h.t.HelmChartContainer - [K3S] [controllermanager.go:765] "Started controller" controller="serviceaccount-controller"
2025-01-30 03:59:46,610 INFO c.h.h.t.HelmChartContainer - [K3S] [serviceaccounts_controller.go:114] "Starting service account controller"
2025-01-30 03:59:46,902 INFO c.h.h.t.HelmChartContainer - [K3S] [controllermanager.go:765] "Started controller" controller="horizontal-pod-autoscaler-controller"
2025-01-30 03:59:46,902 INFO c.h.h.t.HelmChartContainer - [K3S] [horizontal.go:201] "Starting HPA controller"
2025-01-30 03:59:46,953 INFO c.h.h.t.HelmChartContainer - [K3S] [certificate_controller.go:120] "Starting certificate controller" name="csrsigning-kubelet-serving"
2025-01-30 03:59:46,953 INFO c.h.h.t.HelmChartContainer - [K3S] [dynamic_serving_content.go:135] "Starting controller" name="csr-controller::/var/lib/rancher/k3s/server/tls/server-ca.nochain.crt::/var/lib/rancher/k3s/server/tls/server-ca.key"
2025-01-30 03:59:46,954 INFO c.h.h.t.HelmChartContainer - [K3S] [certificate_controller.go:120] "Starting certificate controller" name="csrsigning-kubelet-client"
2025-01-30 03:59:46,954 INFO c.h.h.t.HelmChartContainer - [K3S] [dynamic_serving_content.go:135] "Starting controller" name="csr-controller::/var/lib/rancher/k3s/server/tls/client-ca.nochain.crt::/var/lib/rancher/k3s/server/tls/client-ca.key"
2025-01-30 03:59:46,954 INFO c.h.h.t.HelmChartContainer - [K3S] [certificate_controller.go:120] "Starting certificate controller" name="csrsigning-kube-apiserver-client"
2025-01-30 03:59:46,954 INFO c.h.h.t.HelmChartContainer - [K3S] [dynamic_serving_content.go:135] "Starting controller" name="csr-controller::/var/lib/rancher/k3s/server/tls/client-ca.nochain.crt::/var/lib/rancher/k3s/server/tls/client-ca.key"
2025-01-30 03:59:46,954 INFO c.h.h.t.HelmChartContainer - [K3S] [controllermanager.go:765] "Started controller" controller="certificatesigningrequest-signing-controller"
2025-01-30 03:59:46,954 INFO c.h.h.t.HelmChartContainer - [K3S] [controllermanager.go:723] "Skipping a cloud provider controller" controller="node-route-controller"
2025-01-30 03:59:46,954 INFO c.h.h.t.HelmChartContainer - [K3S] [controllermanager.go:723] "Skipping a cloud provider controller" controller="cloud-node-lifecycle-controller"
2025-01-30 03:59:46,954 INFO c.h.h.t.HelmChartContainer - [K3S] [certificate_controller.go:120] "Starting certificate controller" name="csrsigning-legacy-unknown"
2025-01-30 03:59:46,954 INFO c.h.h.t.HelmChartContainer - [K3S] [dynamic_serving_content.go:135] "Starting controller" name="csr-controller::/var/lib/rancher/k3s/server/tls/server-ca.nochain.crt::/var/lib/rancher/k3s/server/tls/server-ca.key"
2025-01-30 03:59:47,103 INFO c.h.h.t.HelmChartContainer - [K3S] [controllermanager.go:765] "Started controller" controller="clusterrole-aggregation-controller"
2025-01-30 03:59:47,103 INFO c.h.h.t.HelmChartContainer - [K3S] [clusterroleaggregation_controller.go:194] "Starting ClusterRoleAggregator controller"
2025-01-30 03:59:47,253 INFO c.h.h.t.HelmChartContainer - [K3S] [controllermanager.go:765] "Started controller" controller="root-ca-certificate-publisher-controller"
2025-01-30 03:59:47,253 INFO c.h.h.t.HelmChartContainer - [K3S] [publisher.go:107] "Starting root CA cert publisher controller"
2025-01-30 03:59:47,404 INFO c.h.h.t.HelmChartContainer - [K3S] [controllermanager.go:765] "Started controller" controller="persistentvolume-binder-controller"
2025-01-30 03:59:47,404 INFO c.h.h.t.HelmChartContainer - [K3S] [pv_controller_base.go:308] "Starting persistent volume controller"
2025-01-30 03:59:47,452 INFO c.h.h.t.HelmChartContainer - [K3S] [node_lifecycle_controller.go:432] "Controller will reconcile labels"
2025-01-30 03:59:47,452 INFO c.h.h.t.HelmChartContainer - [K3S] [controllermanager.go:765] "Started controller" controller="node-lifecycle-controller"
2025-01-30 03:59:47,452 INFO c.h.h.t.HelmChartContainer - [K3S] [node_lifecycle_controller.go:466] "Sending events to api server"
2025-01-30 03:59:47,452 INFO c.h.h.t.HelmChartContainer - [K3S] [node_lifecycle_controller.go:477] "Starting node controller"
2025-01-30 03:59:47,610 INFO c.h.h.t.HelmChartContainer - [K3S] [controllermanager.go:765] "Started controller" controller="replicaset-controller"
2025-01-30 03:59:47,610 INFO c.h.h.t.HelmChartContainer - [K3S] [replica_set.go:217] "Starting controller" name="replicaset"
2025-01-30 03:59:47,684 INFO c.h.h.t.HelmChartContainer - [K3S] [event.go:389] "Event occurred" object="c9034f6d1fe7" fieldPath="" kind="Node" apiVersion="" type="Normal" reason="NodePasswordValidationComplete" message="Deferred node password secret validation complete"
2025-01-30 03:59:47,691 INFO c.h.h.t.HelmChartContainer - [K3S] [event.go:389] "Event occurred" object="kube-system/ccm" fieldPath="" kind="Addon" apiVersion="k3s.cattle.io/v1" type="Normal" reason="ApplyingManifest" message="Applying manifest at \"/var/lib/rancher/k3s/server/manifests/ccm.yaml\""
2025-01-30 03:59:47,714 INFO c.h.h.t.HelmChartContainer - [K3S] [event.go:389] "Event occurred" object="kube-system/ccm" fieldPath="" kind="Addon" apiVersion="k3s.cattle.io/v1" type="Normal" reason="AppliedManifest" message="Applied manifest at \"/var/lib/rancher/k3s/server/manifests/ccm.yaml\""
2025-01-30 03:59:47,723 INFO c.h.h.t.HelmChartContainer - [K3S] [event.go:389] "Event occurred" object="kube-system/coredns" fieldPath="" kind="Addon" apiVersion="k3s.cattle.io/v1" type="Normal" reason="ApplyingManifest" message="Applying manifest at \"/var/lib/rancher/k3s/server/manifests/coredns.yaml\""
2025-01-30 03:59:47,753 INFO c.h.h.t.HelmChartContainer - [K3S] [controllermanager.go:765] "Started controller" controller="daemonset-controller"
2025-01-30 03:59:47,753 INFO c.h.h.t.HelmChartContainer - [K3S] [daemon_controller.go:294] "Starting daemon sets controller"
2025-01-30 03:59:47,802 INFO c.h.h.t.HelmChartContainer - [K3S] [controllermanager.go:765] "Started controller" controller="certificatesigningrequest-cleaner-controller"
2025-01-30 03:59:47,802 INFO c.h.h.t.HelmChartContainer - [K3S] [controllermanager.go:717] "Controller is disabled by a feature gate" controller="volumeattributesclass-protection-controller" requiredFeatureGates=["VolumeAttributesClass"]
2025-01-30 03:59:47,802 INFO c.h.h.t.HelmChartContainer - [K3S] [cleaner.go:83] "Starting CSR cleaner controller"
2025-01-30 03:59:47,828 INFO c.h.h.t.HelmChartContainer - [K3S] [alloc.go:330] "allocated clusterIPs" service="kube-system/kube-dns" clusterIPs={"IPv4":"10.43.0.10"}
2025-01-30 03:59:47,829 INFO c.h.h.t.HelmChartContainer - [K3S] [event.go:389] "Event occurred" object="kube-system/coredns" fieldPath="" kind="Addon" apiVersion="k3s.cattle.io/v1" type="Normal" reason="AppliedManifest" message="Applied manifest at \"/var/lib/rancher/k3s/server/manifests/coredns.yaml\""
2025-01-30 03:59:47,834 INFO c.h.h.t.HelmChartContainer - [K3S] [event.go:389] "Event occurred" object="kube-system/local-storage" fieldPath="" kind="Addon" apiVersion="k3s.cattle.io/v1" type="Normal" reason="ApplyingManifest" message="Applying manifest at \"/var/lib/rancher/k3s/server/manifests/local-storage.yaml\""
2025-01-30 03:59:47,924 INFO c.h.h.t.HelmChartContainer - [K3S] [event.go:389] "Event occurred" object="kube-system/local-storage" fieldPath="" kind="Addon" apiVersion="k3s.cattle.io/v1" type="Normal" reason="AppliedManifest" message="Applied manifest at \"/var/lib/rancher/k3s/server/manifests/local-storage.yaml\""
2025-01-30 03:59:47,929 INFO c.h.h.t.HelmChartContainer - [K3S] [event.go:389] "Event occurred" object="kube-system/aggregated-metrics-reader" fieldPath="" kind="Addon" apiVersion="k3s.cattle.io/v1" type="Normal" reason="ApplyingManifest" message="Applying manifest at \"/var/lib/rancher/k3s/server/manifests/metrics-server/aggregated-metrics-reader.yaml\""
2025-01-30 03:59:47,954 INFO c.h.h.t.HelmChartContainer - [K3S] [controllermanager.go:765] "Started controller" controller="ephemeral-volume-controller"
2025-01-30 03:59:47,954 INFO c.h.h.t.HelmChartContainer - [K3S] [controller.go:173] "Starting ephemeral volume controller"
2025-01-30 03:59:48,000 INFO c.h.h.t.HelmChartContainer - [K3S] [event.go:389] "Event occurred" object="kube-system/aggregated-metrics-reader" fieldPath="" kind="Addon" apiVersion="k3s.cattle.io/v1" type="Normal" reason="AppliedManifest" message="Applied manifest at \"/var/lib/rancher/k3s/server/manifests/metrics-server/aggregated-metrics-reader.yaml\""
2025-01-30 03:59:48,019 INFO c.h.h.t.HelmChartContainer - [K3S] [event.go:389] "Event occurred" object="kube-system/auth-delegator" fieldPath="" kind="Addon" apiVersion="k3s.cattle.io/v1" type="Normal" reason="ApplyingManifest" message="Applying manifest at \"/var/lib/rancher/k3s/server/manifests/metrics-server/auth-delegator.yaml\""
2025-01-30 03:59:48,031 INFO c.h.h.t.HelmChartContainer - [K3S] [event.go:389] "Event occurred" object="kube-system/auth-delegator" fieldPath="" kind="Addon" apiVersion="k3s.cattle.io/v1" type="Normal" reason="AppliedManifest" message="Applied manifest at \"/var/lib/rancher/k3s/server/manifests/metrics-server/auth-delegator.yaml\""
2025-01-30 03:59:48,039 INFO c.h.h.t.HelmChartContainer - [K3S] [event.go:389] "Event occurred" object="kube-system/auth-reader" fieldPath="" kind="Addon" apiVersion="k3s.cattle.io/v1" type="Normal" reason="ApplyingManifest" message="Applying manifest at \"/var/lib/rancher/k3s/server/manifests/metrics-server/auth-reader.yaml\""
2025-01-30 03:59:48,044 INFO c.h.h.t.HelmChartContainer - [K3S] [event.go:389] "Event occurred" object="kube-system/auth-reader" fieldPath="" kind="Addon" apiVersion="k3s.cattle.io/v1" type="Normal" reason="AppliedManifest" message="Applied manifest at \"/var/lib/rancher/k3s/server/manifests/metrics-server/auth-reader.yaml\""
2025-01-30 03:59:48,052 INFO c.h.h.t.HelmChartContainer - [K3S] [event.go:389] "Event occurred" object="kube-system/metrics-apiservice" fieldPath="" kind="Addon" apiVersion="k3s.cattle.io/v1" type="Normal" reason="ApplyingManifest" message="Applying manifest at \"/var/lib/rancher/k3s/server/manifests/metrics-server/metrics-apiservice.yaml\""
2025-01-30 03:59:48,061 INFO c.h.h.t.HelmChartContainer - [K3S] [event.go:389] "Event occurred" object="kube-system/metrics-apiservice" fieldPath="" kind="Addon" apiVersion="k3s.cattle.io/v1" type="Normal" reason="AppliedManifest" message="Applied manifest at \"/var/lib/rancher/k3s/server/manifests/metrics-server/metrics-apiservice.yaml\""
2025-01-30 03:59:48,067 INFO c.h.h.t.HelmChartContainer - [K3S] [handler_proxy.go:99] no RequestInfo found in the context
2025-01-30 03:59:48,068 INFO c.h.h.t.HelmChartContainer - [K3S] [controller.go:146] "Unhandled Error" err=<
2025-01-30 03:59:48,068 INFO c.h.h.t.HelmChartContainer - [K3S] 	, Header: map[Content-Type:[text/plain; charset=utf-8] X-Content-Type-Options:[nosniff]]
2025-01-30 03:59:48,068 INFO c.h.h.t.HelmChartContainer - [K3S]  >
2025-01-30 03:59:48,068 INFO c.h.h.t.HelmChartContainer - [K3S] [handler_proxy.go:143] error resolving kube-system/metrics-server: service "metrics-server" not found
2025-01-30 03:59:48,069 INFO c.h.h.t.HelmChartContainer - [K3S] [event.go:389] "Event occurred" object="kube-system/metrics-server-deployment" fieldPath="" kind="Addon" apiVersion="k3s.cattle.io/v1" type="Normal" reason="ApplyingManifest" message="Applying manifest at \"/var/lib/rancher/k3s/server/manifests/metrics-server/metrics-server-deployment.yaml\""
2025-01-30 03:59:48,082 INFO c.h.h.t.HelmChartContainer - [K3S] [event.go:389] "Event occurred" object="kube-system/metrics-server-deployment" fieldPath="" kind="Addon" apiVersion="k3s.cattle.io/v1" type="Normal" reason="AppliedManifest" message="Applied manifest at \"/var/lib/rancher/k3s/server/manifests/metrics-server/metrics-server-deployment.yaml\""
2025-01-30 03:59:48,087 INFO c.h.h.t.HelmChartContainer - [K3S] [event.go:389] "Event occurred" object="kube-system/metrics-server-service" fieldPath="" kind="Addon" apiVersion="k3s.cattle.io/v1" type="Normal" reason="ApplyingManifest" message="Applying manifest at \"/var/lib/rancher/k3s/server/manifests/metrics-server/metrics-server-service.yaml\""
2025-01-30 03:59:48,094 INFO c.h.h.t.HelmChartContainer - [K3S] [alloc.go:330] "allocated clusterIPs" service="kube-system/metrics-server" clusterIPs={"IPv4":"10.43.119.122"}
2025-01-30 03:59:48,094 INFO c.h.h.t.HelmChartContainer - [K3S] [event.go:389] "Event occurred" object="kube-system/metrics-server-service" fieldPath="" kind="Addon" apiVersion="k3s.cattle.io/v1" type="Normal" reason="AppliedManifest" message="Applied manifest at \"/var/lib/rancher/k3s/server/manifests/metrics-server/metrics-server-service.yaml\""
2025-01-30 03:59:48,099 INFO c.h.h.t.HelmChartContainer - [K3S] [handler_proxy.go:99] no RequestInfo found in the context
2025-01-30 03:59:48,099 INFO c.h.h.t.HelmChartContainer - [K3S] [controller.go:146] "Unhandled Error" err=<
2025-01-30 03:59:48,099 INFO c.h.h.t.HelmChartContainer - [K3S] 	, Header: map[Content-Type:[text/plain; charset=utf-8] X-Content-Type-Options:[nosniff]]
2025-01-30 03:59:48,099 INFO c.h.h.t.HelmChartContainer - [K3S]  >
2025-01-30 03:59:48,100 INFO c.h.h.t.HelmChartContainer - [K3S] [handler_proxy.go:143] error resolving kube-system/metrics-server: endpoints "metrics-server" not found
2025-01-30 03:59:48,104 INFO c.h.h.t.HelmChartContainer - [K3S] [controllermanager.go:765] "Started controller" controller="legacy-serviceaccount-token-cleaner-controller"
2025-01-30 03:59:48,104 INFO c.h.h.t.HelmChartContainer - [K3S] [legacy_serviceaccount_token_cleaner.go:103] "Starting legacy service account token cleaner controller"
2025-01-30 03:59:48,105 INFO c.h.h.t.HelmChartContainer - [K3S] [event.go:389] "Event occurred" object="kube-system/resource-reader" fieldPath="" kind="Addon" apiVersion="k3s.cattle.io/v1" type="Normal" reason="ApplyingManifest" message="Applying manifest at \"/var/lib/rancher/k3s/server/manifests/metrics-server/resource-reader.yaml\""
2025-01-30 03:59:48,126 INFO c.h.h.t.HelmChartContainer - [K3S] [event.go:389] "Event occurred" object="kube-system/resource-reader" fieldPath="" kind="Addon" apiVersion="k3s.cattle.io/v1" type="Normal" reason="AppliedManifest" message="Applied manifest at \"/var/lib/rancher/k3s/server/manifests/metrics-server/resource-reader.yaml\""
2025-01-30 03:59:48,130 INFO c.h.h.t.HelmChartContainer - [K3S] [event.go:389] "Event occurred" object="kube-system/rolebindings" fieldPath="" kind="Addon" apiVersion="k3s.cattle.io/v1" type="Normal" reason="ApplyingManifest" message="Applying manifest at \"/var/lib/rancher/k3s/server/manifests/rolebindings.yaml\""
2025-01-30 03:59:48,235 INFO c.h.h.t.HelmChartContainer - [K3S] [event.go:389] "Event occurred" object="kube-system/rolebindings" fieldPath="" kind="Addon" apiVersion="k3s.cattle.io/v1" type="Normal" reason="AppliedManifest" message="Applied manifest at \"/var/lib/rancher/k3s/server/manifests/rolebindings.yaml\""
2025-01-30 03:59:48,243 INFO c.h.h.t.HelmChartContainer - [K3S] [event.go:389] "Event occurred" object="kube-system/runtimes" fieldPath="" kind="Addon" apiVersion="k3s.cattle.io/v1" type="Normal" reason="ApplyingManifest" message="Applying manifest at \"/var/lib/rancher/k3s/server/manifests/runtimes.yaml\""
2025-01-30 03:59:48,273 INFO c.h.h.t.HelmChartContainer - [K3S] [event.go:389] "Event occurred" object="kube-system/runtimes" fieldPath="" kind="Addon" apiVersion="k3s.cattle.io/v1" type="Normal" reason="AppliedManifest" message="Applied manifest at \"/var/lib/rancher/k3s/server/manifests/runtimes.yaml\""
2025-01-30 03:59:48,353 INFO c.h.h.t.HelmChartContainer - [K3S] [graph_builder.go:351] "Running" component="GraphBuilder"
2025-01-30 03:59:48,353 INFO c.h.h.t.HelmChartContainer - [K3S] [controllermanager.go:765] "Started controller" controller="garbage-collector-controller"
2025-01-30 03:59:48,414 INFO c.h.h.t.HelmChartContainer - [K3S] [serving.go:392] Generated self-signed cert in-memory
2025-01-30 03:59:48,603 INFO c.h.h.t.HelmChartContainer - [K3S] [controllermanager.go:765] "Started controller" controller="endpointslice-mirroring-controller"
2025-01-30 03:59:48,603 INFO c.h.h.t.HelmChartContainer - [K3S] [controllermanager.go:728] "Warning: controller is disabled" controller="bootstrap-signer-controller"
2025-01-30 03:59:48,603 INFO c.h.h.t.HelmChartContainer - [K3S] [endpointslicemirroring_controller.go:227] "Starting EndpointSliceMirroring controller"
2025-01-30 03:59:48,727 INFO c.h.h.t.HelmChartContainer - [K3S] [serving.go:392] Generated self-signed cert in-memory
2025-01-30 03:59:48,757 INFO c.h.h.t.HelmChartContainer - [K3S] [controllermanager.go:765] "Started controller" controller="persistentvolume-attach-detach-controller"
2025-01-30 03:59:48,758 INFO c.h.h.t.HelmChartContainer - [K3S] [attach_detach_controller.go:338] "Starting attach detach controller"
2025-01-30 03:59:48,903 INFO c.h.h.t.HelmChartContainer - [K3S] [controllermanager.go:765] "Started controller" controller="persistentvolume-expander-controller"
2025-01-30 03:59:48,903 INFO c.h.h.t.HelmChartContainer - [K3S] [expand_controller.go:329] "Starting expand controller"
2025-01-30 03:59:49,054 INFO c.h.h.t.HelmChartContainer - [K3S] [controllermanager.go:765] "Started controller" controller="persistentvolume-protection-controller"
2025-01-30 03:59:49,054 INFO c.h.h.t.HelmChartContainer - [K3S] [controllermanager.go:717] "Controller is disabled by a feature gate" controller="kube-apiserver-serving-clustertrustbundle-publisher-controller" requiredFeatureGates=["ClusterTrustBundle"]
2025-01-30 03:59:49,054 INFO c.h.h.t.HelmChartContainer - [K3S] [controllermanager.go:717] "Controller is disabled by a feature gate" controller="resourceclaim-controller" requiredFeatureGates=["DynamicResourceAllocation"]
2025-01-30 03:59:49,054 INFO c.h.h.t.HelmChartContainer - [K3S] [pv_protection_controller.go:81] "Starting PV protection controller"
2025-01-30 03:59:49,059 INFO c.h.h.t.HelmChartContainer - [K3S] [handler_proxy.go:99] no RequestInfo found in the context
2025-01-30 03:59:49,059 INFO c.h.h.t.HelmChartContainer - [K3S] [handler_proxy.go:99] no RequestInfo found in the context
2025-01-30 03:59:49,059 INFO c.h.h.t.HelmChartContainer - [K3S] [controller.go:102] "Unhandled Error" err=<
2025-01-30 03:59:49,060 INFO c.h.h.t.HelmChartContainer - [K3S] 	, Header: map[Content-Type:[text/plain; charset=utf-8] X-Content-Type-Options:[nosniff]]
2025-01-30 03:59:49,060 INFO c.h.h.t.HelmChartContainer - [K3S]  >
2025-01-30 03:59:49,138 INFO c.h.h.t.HelmChartContainer - [K3S] [INFO] Tunnel authorizer set Kubelet Port 0.0.0.0:10250
2025-01-30 03:59:49,206 INFO c.h.h.t.HelmChartContainer - [K3S] [controllermanager.go:765] "Started controller" controller="endpoints-controller"
2025-01-30 03:59:49,206 INFO c.h.h.t.HelmChartContainer - [K3S] [endpoints_controller.go:182] "Starting endpoint controller"
2025-01-30 03:59:49,253 INFO c.h.h.t.HelmChartContainer - [K3S] [controllermanager.go:765] "Started controller" controller="taint-eviction-controller"
2025-01-30 03:59:49,255 INFO c.h.h.t.HelmChartContainer - [K3S] [taint_eviction.go:281] "Starting" controller="taint-eviction-controller"
2025-01-30 03:59:49,255 INFO c.h.h.t.HelmChartContainer - [K3S] [taint_eviction.go:287] "Sending events to api server"
2025-01-30 03:59:49,380 INFO c.h.h.t.HelmChartContainer - [K3S] [controllermanager.go:160] Version: v1.32.1+k3s1
2025-01-30 03:59:49,383 INFO c.h.h.t.HelmChartContainer - [K3S] [requestheader_controller.go:180] Starting RequestHeaderAuthRequestController
2025-01-30 03:59:49,383 INFO c.h.h.t.HelmChartContainer - [K3S] [configmap_cafile_content.go:205] "Starting controller" name="client-ca::kube-system::extension-apiserver-authentication::client-ca-file"
2025-01-30 03:59:49,385 INFO c.h.h.t.HelmChartContainer - [K3S] [configmap_cafile_content.go:205] "Starting controller" name="client-ca::kube-system::extension-apiserver-authentication::requestheader-client-ca-file"
2025-01-30 03:59:49,385 INFO c.h.h.t.HelmChartContainer - [K3S] [secure_serving.go:213] Serving securely on 127.0.0.1:10258
2025-01-30 03:59:49,385 INFO c.h.h.t.HelmChartContainer - [K3S] [tlsconfig.go:243] "Starting DynamicServingCertificateController"
2025-01-30 03:59:49,387 INFO c.h.h.t.HelmChartContainer - [K3S] [INFO] Creating service-lb-controller event broadcaster
2025-01-30 03:59:49,402 INFO c.h.h.t.HelmChartContainer - [K3S] [controllermanager.go:765] "Started controller" controller="cronjob-controller"
2025-01-30 03:59:49,402 INFO c.h.h.t.HelmChartContainer - [K3S] [cronjob_controllerv2.go:145] "Starting cronjob controller v2"
2025-01-30 03:59:49,499 INFO c.h.h.t.HelmChartContainer - [K3S] [INFO] Starting /v1, Kind=Node controller
2025-01-30 03:59:49,502 INFO c.h.h.t.HelmChartContainer - [K3S] [INFO] Starting /v1, Kind=Pod controller
2025-01-30 03:59:49,504 INFO c.h.h.t.HelmChartContainer - [K3S] [INFO] Starting apps/v1, Kind=DaemonSet controller
2025-01-30 03:59:49,507 INFO c.h.h.t.HelmChartContainer - [K3S] [INFO] Starting discovery.k8s.io/v1, Kind=EndpointSlice controller
2025-01-30 03:59:49,507 INFO c.h.h.t.HelmChartContainer - [K3S] [controllermanager.go:329] Started "cloud-node-controller"
2025-01-30 03:59:49,507 INFO c.h.h.t.HelmChartContainer - [K3S] [controllermanager.go:329] Started "cloud-node-lifecycle-controller"
2025-01-30 03:59:49,508 INFO c.h.h.t.HelmChartContainer - [K3S] [controllermanager.go:329] Started "service-lb-controller"
2025-01-30 03:59:49,508 INFO c.h.h.t.HelmChartContainer - [K3S] [controllermanager.go:306] "node-route-controller" is disabled
2025-01-30 03:59:49,508 INFO c.h.h.t.HelmChartContainer - [K3S] [node_lifecycle_controller.go:112] Sending events to api server
2025-01-30 03:59:49,509 INFO c.h.h.t.HelmChartContainer - [K3S] [node_controller.go:176] Sending events to api server.
2025-01-30 03:59:49,509 INFO c.h.h.t.HelmChartContainer - [K3S] [node_controller.go:185] Waiting for informer caches to sync
2025-01-30 03:59:49,509 INFO c.h.h.t.HelmChartContainer - [K3S] [controller.go:234] Starting service controller
2025-01-30 03:59:49,552 INFO c.h.h.t.HelmChartContainer - [K3S] [controllermanager.go:765] "Started controller" controller="ttl-controller"
2025-01-30 03:59:49,552 INFO c.h.h.t.HelmChartContainer - [K3S] [ttl_controller.go:127] "Starting TTL controller"
2025-01-30 03:59:49,609 INFO c.h.h.t.HelmChartContainer - [K3S] [node_controller.go:429] Initializing node c9034f6d1fe7 with cloud provider
2025-01-30 03:59:49,612 INFO c.h.h.t.HelmChartContainer - [K3S] [node_controller.go:474] Successfully initialized node c9034f6d1fe7 with cloud provider
2025-01-30 03:59:49,612 INFO c.h.h.t.HelmChartContainer - [K3S] [event.go:389] "Event occurred" object="c9034f6d1fe7" fieldPath="" kind="Node" apiVersion="v1" type="Normal" reason="Synced" message="Node synced successfully"
2025-01-30 03:59:49,628 INFO c.h.h.t.HelmChartContainer - [K3S] [INFO] Updated coredns NodeHosts entry for c9034f6d1fe7
2025-01-30 03:59:49,703 INFO c.h.h.t.HelmChartContainer - [K3S] [controllermanager.go:765] "Started controller" controller="persistentvolumeclaim-protection-controller"
2025-01-30 03:59:49,703 INFO c.h.h.t.HelmChartContainer - [K3S] [pvc_protection_controller.go:168] "Starting PVC protection controller"
2025-01-30 03:59:49,853 INFO c.h.h.t.HelmChartContainer - [K3S] [controllermanager.go:765] "Started controller" controller="ttl-after-finished-controller"
2025-01-30 03:59:49,853 INFO c.h.h.t.HelmChartContainer - [K3S] [controllermanager.go:717] "Controller is disabled by a feature gate" controller="service-cidr-controller" requiredFeatureGates=["MultiCIDRServiceAllocator"]
2025-01-30 03:59:49,853 INFO c.h.h.t.HelmChartContainer - [K3S] [controllermanager.go:717] "Controller is disabled by a feature gate" controller="selinux-warning-controller" requiredFeatureGates=["SELinuxChangePolicy"]
2025-01-30 03:59:49,853 INFO c.h.h.t.HelmChartContainer - [K3S] [ttlafterfinished_controller.go:112] "Starting TTL after finished controller"
2025-01-30 03:59:49,867 INFO c.h.h.t.HelmChartContainer - [K3S] [serving.go:392] Generated self-signed cert in-memory
2025-01-30 03:59:50,003 INFO c.h.h.t.HelmChartContainer - [K3S] [controllermanager.go:765] "Started controller" controller="replicationcontroller-controller"
2025-01-30 03:59:50,003 INFO c.h.h.t.HelmChartContainer - [K3S] [replica_set.go:217] "Starting controller" name="replicationcontroller"
2025-01-30 03:59:50,022 INFO c.h.h.t.HelmChartContainer - [K3S] [actual_state_of_world.go:541] "Failed to update statusUpdateNeeded field in actual state of world" err="Failed to set statusUpdateNeeded to needed true, because nodeName=\"c9034f6d1fe7\" does not exist"
2025-01-30 03:59:50,053 INFO c.h.h.t.HelmChartContainer - [K3S] [node_lifecycle_controller.go:1234] "Initializing eviction metric for zone" zone=""
2025-01-30 03:59:50,053 INFO c.h.h.t.HelmChartContainer - [K3S] [node_lifecycle_controller.go:886] "Missing timestamp for Node. Assuming now as a timestamp" node="c9034f6d1fe7"
2025-01-30 03:59:50,053 INFO c.h.h.t.HelmChartContainer - [K3S] [node_lifecycle_controller.go:1080] "Controller detected that zone is now in new state" zone="" newState="Normal"
2025-01-30 03:59:50,069 INFO c.h.h.t.HelmChartContainer - [K3S] [range_allocator.go:177] "Sending events to api server"
2025-01-30 03:59:50,069 INFO c.h.h.t.HelmChartContainer - [K3S] [range_allocator.go:183] "Starting range CIDR allocator"
2025-01-30 03:59:50,072 INFO c.h.h.t.HelmChartContainer - [K3S] [range_allocator.go:428] "Set node PodCIDR" node="c9034f6d1fe7" podCIDRs=["10.42.0.0/24"]
2025-01-30 03:59:50,072 INFO c.h.h.t.HelmChartContainer - [K3S] [range_allocator.go:247] "Successfully synced" key="c9034f6d1fe7"
2025-01-30 03:59:50,072 INFO c.h.h.t.HelmChartContainer - [K3S] [INFO] Flannel found PodCIDR assigned for node c9034f6d1fe7
2025-01-30 03:59:50,072 INFO c.h.h.t.HelmChartContainer - [K3S] [range_allocator.go:247] "Successfully synced" key="c9034f6d1fe7"
2025-01-30 03:59:50,072 INFO c.h.h.t.HelmChartContainer - [K3S] [INFO] The interface eth0 with ipv4 address 172.18.0.2 will be used by flannel
2025-01-30 03:59:50,073 INFO c.h.h.t.HelmChartContainer - [K3S] [kube.go:139] Waiting 10m0s for node controller to sync
2025-01-30 03:59:50,073 INFO c.h.h.t.HelmChartContainer - [K3S] [kube.go:469] Starting kube subnet manager
2025-01-30 03:59:50,110 INFO c.h.h.t.HelmChartContainer - [K3S] [server.go:164] "Starting Kubernetes Scheduler" version="v1.32.1+k3s1"
2025-01-30 03:59:50,112 INFO c.h.h.t.HelmChartContainer - [K3S] [server.go:166] "Golang settings" GOGC="" GOMAXPROCS="" GOTRACEBACK=""
2025-01-30 03:59:50,117 INFO c.h.h.t.HelmChartContainer - [K3S] [secure_serving.go:213] Serving securely on 127.0.0.1:10259
2025-01-30 03:59:50,117 INFO c.h.h.t.HelmChartContainer - [K3S] [requestheader_controller.go:180] Starting RequestHeaderAuthRequestController
2025-01-30 03:59:50,118 INFO c.h.h.t.HelmChartContainer - [K3S] [tlsconfig.go:243] "Starting DynamicServingCertificateController"
2025-01-30 03:59:50,119 INFO c.h.h.t.HelmChartContainer - [K3S] [configmap_cafile_content.go:205] "Starting controller" name="client-ca::kube-system::extension-apiserver-authentication::client-ca-file"
2025-01-30 03:59:50,120 INFO c.h.h.t.HelmChartContainer - [K3S] [configmap_cafile_content.go:205] "Starting controller" name="client-ca::kube-system::extension-apiserver-authentication::requestheader-client-ca-file"
2025-01-30 03:59:50,137 INFO c.h.h.t.HelmChartContainer - [K3S] [INFO] Started tunnel to 172.18.0.2:6443
2025-01-30 03:59:50,138 INFO c.h.h.t.HelmChartContainer - [K3S] [INFO] Stopped tunnel to 127.0.0.1:6443
2025-01-30 03:59:50,138 INFO c.h.h.t.HelmChartContainer - [K3S] [INFO] Connecting to proxy" url="wss://172.18.0.2:6443/v1-k3s/connect
2025-01-30 03:59:50,138 INFO c.h.h.t.HelmChartContainer - [K3S] [INFO] Proxy done" err="context canceled" url="wss://127.0.0.1:6443/v1-k3s/connect
2025-01-30 03:59:50,138 INFO c.h.h.t.HelmChartContainer - [K3S] [INFO] error in remotedialer server [400]: websocket: close 1006 (abnormal closure): unexpected EOF
2025-01-30 03:59:50,141 INFO c.h.h.t.HelmChartContainer - [K3S] [INFO] Handling backend connection request [c9034f6d1fe7]
2025-01-30 03:59:50,141 INFO c.h.h.t.HelmChartContainer - [K3S] [INFO] Remotedialer connected to proxy" url="wss://172.18.0.2:6443/v1-k3s/connect
2025-01-30 03:59:50,184 INFO c.h.h.t.HelmChartContainer - [K3S] [INFO] Starting network policy controller version v2.2.1, built on 2025-01-28T18:27:08Z, go1.23.4
2025-01-30 03:59:50,184 INFO c.h.h.t.HelmChartContainer - [K3S] [network_policy_controller.go:164] Starting network policy controller
2025-01-30 03:59:50,209 INFO c.h.h.t.HelmChartContainer - [K3S] [network_policy_controller.go:176] Starting network policy controller full sync goroutine
2025-01-30 03:59:50,606 INFO c.h.h.t.HelmChartContainer - [K3S] [range_allocator.go:247] "Successfully synced" key="c9034f6d1fe7"
2025-01-30 03:59:50,758 INFO c.h.h.t.HelmChartContainer - [K3S] [handler_proxy.go:99] no RequestInfo found in the context
2025-01-30 03:59:50,758 INFO c.h.h.t.HelmChartContainer - [K3S] [controller.go:146] "Unhandled Error" err=<
2025-01-30 03:59:50,758 INFO c.h.h.t.HelmChartContainer - [K3S] 	, Header: map[Content-Type:[text/plain; charset=utf-8] X-Content-Type-Options:[nosniff]]
2025-01-30 03:59:50,758 INFO c.h.h.t.HelmChartContainer - [K3S]  >
2025-01-30 03:59:50,759 INFO c.h.h.t.HelmChartContainer - [K3S] [handler_proxy.go:143] error resolving kube-system/metrics-server: no endpoints available for service "metrics-server"
2025-01-30 03:59:50,868 INFO c.h.h.t.HelmChartContainer - [K3S] [replica_set.go:679] "Finished syncing" kind="ReplicaSet" key="kube-system/metrics-server-8584b5786c" duration="755.801318ms"
2025-01-30 03:59:50,872 INFO c.h.h.t.HelmChartContainer - [K3S] [replica_set.go:679] "Finished syncing" kind="ReplicaSet" key="kube-system/coredns-ff8999cc5" duration="758.139187ms"
2025-01-30 03:59:50,873 INFO c.h.h.t.HelmChartContainer - [K3S] [replica_set.go:679] "Finished syncing" kind="ReplicaSet" key="kube-system/local-path-provisioner-698b58967b" duration="758.615866ms"
2025-01-30 03:59:50,876 INFO c.h.h.t.HelmChartContainer - [K3S] [replica_set.go:679] "Finished syncing" kind="ReplicaSet" key="kube-system/metrics-server-8584b5786c" duration="8.473981ms"
2025-01-30 03:59:50,879 INFO c.h.h.t.HelmChartContainer - [K3S] [replica_set.go:679] "Finished syncing" kind="ReplicaSet" key="kube-system/metrics-server-8584b5786c" duration="31.148µs"
2025-01-30 03:59:50,879 INFO c.h.h.t.HelmChartContainer - [K3S] [replica_set.go:679] "Finished syncing" kind="ReplicaSet" key="kube-system/local-path-provisioner-698b58967b" duration="8.860141ms"
2025-01-30 03:59:50,885 INFO c.h.h.t.HelmChartContainer - [K3S] [replica_set.go:679] "Finished syncing" kind="ReplicaSet" key="kube-system/coredns-ff8999cc5" duration="14.575949ms"
2025-01-30 03:59:50,885 INFO c.h.h.t.HelmChartContainer - [K3S] [replica_set.go:679] "Finished syncing" kind="ReplicaSet" key="kube-system/coredns-ff8999cc5" duration="29.755µs"
2025-01-30 03:59:50,891 INFO c.h.h.t.HelmChartContainer - [K3S] [replica_set.go:679] "Finished syncing" kind="ReplicaSet" key="kube-system/local-path-provisioner-698b58967b" duration="11.483873ms"
2025-01-30 03:59:50,891 INFO c.h.h.t.HelmChartContainer - [K3S] [replica_set.go:679] "Finished syncing" kind="ReplicaSet" key="kube-system/local-path-provisioner-698b58967b" duration="25.868µs"
2025-01-30 03:59:50,892 INFO c.h.h.t.HelmChartContainer - [K3S] [replica_set.go:679] "Finished syncing" kind="ReplicaSet" key="kube-system/metrics-server-8584b5786c" duration="24.035µs"
2025-01-30 03:59:50,898 INFO c.h.h.t.HelmChartContainer - [K3S] [replica_set.go:679] "Finished syncing" kind="ReplicaSet" key="kube-system/local-path-provisioner-698b58967b" duration="25.989µs"
2025-01-30 03:59:50,908 INFO c.h.h.t.HelmChartContainer - [K3S] [replica_set.go:679] "Finished syncing" kind="ReplicaSet" key="kube-system/coredns-ff8999cc5" duration="30.377µs"
2025-01-30 03:59:50,908 INFO c.h.h.t.HelmChartContainer - [K3S] [endpointslice_controller.go:344] "Error syncing endpoint slices for service, retrying" key="kube-system/metrics-server" err="EndpointSlice informer cache is out of date"
2025-01-30 03:59:50,929 INFO c.h.h.t.HelmChartContainer - [K3S] [reconciler_common.go:251] "operationExecutor.VerifyControllerAttachedVolume started for volume \"tmp-dir\" (UniqueName: \"kubernetes.io/empty-dir/b90864c5-3ebd-46c0-bb59-c56cd1b42162-tmp-dir\") pod \"metrics-server-8584b5786c-zttlw\" (UID: \"b90864c5-3ebd-46c0-bb59-c56cd1b42162\") " pod="kube-system/metrics-server-8584b5786c-zttlw"
2025-01-30 03:59:50,929 INFO c.h.h.t.HelmChartContainer - [K3S] [reconciler_common.go:251] "operationExecutor.VerifyControllerAttachedVolume started for volume \"kube-api-access-cqqv9\" (UniqueName: \"kubernetes.io/projected/b90864c5-3ebd-46c0-bb59-c56cd1b42162-kube-api-access-cqqv9\") pod \"metrics-server-8584b5786c-zttlw\" (UID: \"b90864c5-3ebd-46c0-bb59-c56cd1b42162\") " pod="kube-system/metrics-server-8584b5786c-zttlw"
2025-01-30 03:59:50,930 INFO c.h.h.t.HelmChartContainer - [K3S] [reconciler_common.go:251] "operationExecutor.VerifyControllerAttachedVolume started for volume \"config-volume\" (UniqueName: \"kubernetes.io/configmap/63df2c08-c80e-45e0-8b53-cf0b50de45ae-config-volume\") pod \"local-path-provisioner-698b58967b-lw4b5\" (UID: \"63df2c08-c80e-45e0-8b53-cf0b50de45ae\") " pod="kube-system/local-path-provisioner-698b58967b-lw4b5"
2025-01-30 03:59:50,930 INFO c.h.h.t.HelmChartContainer - [K3S] [reconciler_common.go:251] "operationExecutor.VerifyControllerAttachedVolume started for volume \"kube-api-access-5wm5n\" (UniqueName: \"kubernetes.io/projected/63df2c08-c80e-45e0-8b53-cf0b50de45ae-kube-api-access-5wm5n\") pod \"local-path-provisioner-698b58967b-lw4b5\" (UID: \"63df2c08-c80e-45e0-8b53-cf0b50de45ae\") " pod="kube-system/local-path-provisioner-698b58967b-lw4b5"
2025-01-30 03:59:50,930 INFO c.h.h.t.HelmChartContainer - [K3S] [reconciler_common.go:251] "operationExecutor.VerifyControllerAttachedVolume started for volume \"config-volume\" (UniqueName: \"kubernetes.io/configmap/a08040f4-a3a4-4475-9d9d-8e639ad988d3-config-volume\") pod \"coredns-ff8999cc5-j6q7d\" (UID: \"a08040f4-a3a4-4475-9d9d-8e639ad988d3\") " pod="kube-system/coredns-ff8999cc5-j6q7d"
2025-01-30 03:59:50,930 INFO c.h.h.t.HelmChartContainer - [K3S] [reconciler_common.go:251] "operationExecutor.VerifyControllerAttachedVolume started for volume \"custom-config-volume\" (UniqueName: \"kubernetes.io/configmap/a08040f4-a3a4-4475-9d9d-8e639ad988d3-custom-config-volume\") pod \"coredns-ff8999cc5-j6q7d\" (UID: \"a08040f4-a3a4-4475-9d9d-8e639ad988d3\") " pod="kube-system/coredns-ff8999cc5-j6q7d"
2025-01-30 03:59:50,930 INFO c.h.h.t.HelmChartContainer - [K3S] [reconciler_common.go:251] "operationExecutor.VerifyControllerAttachedVolume started for volume \"kube-api-access-sddmt\" (UniqueName: \"kubernetes.io/projected/a08040f4-a3a4-4475-9d9d-8e639ad988d3-kube-api-access-sddmt\") pod \"coredns-ff8999cc5-j6q7d\" (UID: \"a08040f4-a3a4-4475-9d9d-8e639ad988d3\") " pod="kube-system/coredns-ff8999cc5-j6q7d"
2025-01-30 03:59:51,073 INFO c.h.h.t.HelmChartContainer - [K3S] [kube.go:146] Node controller sync successful
2025-01-30 03:59:51,073 INFO c.h.h.t.HelmChartContainer - [K3S] [vxlan.go:141] VXLAN config: VNI=1 Port=0 GBP=false Learning=false DirectRouting=false
2025-01-30 03:59:51,075 INFO c.h.h.t.HelmChartContainer - [K3S] [kube.go:636] List of node(c9034f6d1fe7) annotations: map[string]string{"alpha.kubernetes.io/provided-node-ip":"172.18.0.2", "k3s.io/hostname":"c9034f6d1fe7", "k3s.io/internal-ip":"172.18.0.2", "k3s.io/node-args":"[\"server\",\"--etcd-arg\",\"unsafe-no-fsync\",\"--etcd-arg\",\"snapshot-count=10000\",\"--etcd-arg\",\"auto-compaction-mode=revision\",\"--etcd-arg\",\"auto-compaction-retention=1000000\",\"--kube-apiserver-arg\",\"etcd-compaction-interval=0s\",\"--disable\",\"traefik\",\"--tls-san\",\"localhost\"]", "k3s.io/node-config-hash":"2QNNT5M5XUBFOLO5XPGEVGOM5UDLHHTIVMSRUPAUHE5DU3HUYQUQ====", "k3s.io/node-env":"{}", "node.alpha.kubernetes.io/ttl":"0", "volumes.kubernetes.io/controller-managed-attach-detach":"true"}
2025-01-30 03:59:51,080 INFO c.h.h.t.HelmChartContainer - [K3S] [kube.go:490] Creating the node lease for IPv4. This is the n.Spec.PodCIDRs: [10.42.0.0/24]
2025-01-30 03:59:51,080 INFO c.h.h.t.HelmChartContainer - [K3S] [range_allocator.go:247] "Successfully synced" key="c9034f6d1fe7"
2025-01-30 03:59:51,080 INFO c.h.h.t.HelmChartContainer - [K3S] [iptables.go:51] Starting flannel in iptables mode...
2025-01-30 03:59:51,080 INFO c.h.h.t.HelmChartContainer - [K3S] [WARNING] no subnet found for key: FLANNEL_NETWORK in file: /run/flannel/subnet.env
2025-01-30 03:59:51,080 INFO c.h.h.t.HelmChartContainer - [K3S] [WARNING] no subnet found for key: FLANNEL_SUBNET in file: /run/flannel/subnet.env
2025-01-30 03:59:51,080 INFO c.h.h.t.HelmChartContainer - [K3S] [WARNING] no subnet found for key: FLANNEL_IPV6_NETWORK in file: /run/flannel/subnet.env
2025-01-30 03:59:51,080 INFO c.h.h.t.HelmChartContainer - [K3S] [WARNING] no subnet found for key: FLANNEL_IPV6_SUBNET in file: /run/flannel/subnet.env
2025-01-30 03:59:51,080 INFO c.h.h.t.HelmChartContainer - [K3S] [iptables.go:115] Current network or subnet (10.42.0.0/16, 10.42.0.0/24) is not equal to previous one (0.0.0.0/0, 0.0.0.0/0), trying to recycle old iptables rules
2025-01-30 03:59:51,087 INFO c.h.h.t.HelmChartContainer - [K3S] [iptables.go:125] Setting up masking rules
2025-01-30 03:59:51,089 INFO c.h.h.t.HelmChartContainer - [K3S] [iptables.go:226] Changing default FORWARD chain policy to ACCEPT
2025-01-30 03:59:51,091 INFO c.h.h.t.HelmChartContainer - [K3S] [INFO] Wrote flannel subnet file to /run/flannel/subnet.env
2025-01-30 03:59:51,091 INFO c.h.h.t.HelmChartContainer - [K3S] [INFO] Running flannel backend.
2025-01-30 03:59:51,091 INFO c.h.h.t.HelmChartContainer - [K3S] [vxlan_network.go:65] watching for new subnet leases
2025-01-30 03:59:51,100 INFO c.h.h.t.HelmChartContainer - [K3S] [iptables.go:372] bootstrap done
2025-01-30 03:59:51,104 INFO c.h.h.t.HelmChartContainer - [K3S] [iptables.go:372] bootstrap done
2025-01-30 03:59:51,760 INFO c.h.h.t.HelmChartContainer - [K3S] [handler_proxy.go:99] no RequestInfo found in the context
2025-01-30 03:59:51,760 INFO c.h.h.t.HelmChartContainer - [K3S] [handler_proxy.go:99] no RequestInfo found in the context
2025-01-30 03:59:51,760 INFO c.h.h.t.HelmChartContainer - [K3S] [controller.go:102] "Unhandled Error" err=<
2025-01-30 03:59:51,760 INFO c.h.h.t.HelmChartContainer - [K3S] 	, Header: map[Content-Type:[text/plain; charset=utf-8] X-Content-Type-Options:[nosniff]]
2025-01-30 03:59:51,760 INFO c.h.h.t.HelmChartContainer - [K3S]  >
2025-01-30 03:59:54,233 INFO c.h.h.t.HelmChartContainer - [K3S] [replica_set.go:679] "Finished syncing" kind="ReplicaSet" key="kube-system/metrics-server-8584b5786c" duration="31.91µs"
2025-01-30 03:59:54,265 INFO c.h.h.t.HelmChartContainer - [K3S] [replica_set.go:679] "Finished syncing" kind="ReplicaSet" key="kube-system/local-path-provisioner-698b58967b" duration="5.438212ms"
2025-01-30 03:59:54,265 INFO c.h.h.t.HelmChartContainer - [K3S] [replica_set.go:679] "Finished syncing" kind="ReplicaSet" key="kube-system/local-path-provisioner-698b58967b" duration="41.438µs"
2025-01-30 03:59:54,277 INFO c.h.h.t.HelmChartContainer - [K3S] [replica_set.go:679] "Finished syncing" kind="ReplicaSet" key="kube-system/coredns-ff8999cc5" duration="5.797901ms"
2025-01-30 03:59:54,279 INFO c.h.h.t.HelmChartContainer - [K3S] [replica_set.go:679] "Finished syncing" kind="ReplicaSet" key="kube-system/coredns-ff8999cc5" duration="48.881µs"
2025-01-30 03:59:54,738 DEBUG c.h.h.t.HelmChartContainer - Image file loaded 'hivemq-platform-operator.tar'
2025-01-30 03:59:55,148 DEBUG c.h.h.t.HelmChartContainer - Image file loaded 'hivemq-platform-operator-init.tar'
2025-01-30 03:59:55,644 INFO c.h.h.t.HelmChartContainer - [K3S] [kuberuntime_manager.go:1702] "Updating runtime config through cri with podcidr" CIDR="10.42.0.0/24"
2025-01-30 03:59:55,646 INFO c.h.h.t.HelmChartContainer - [K3S] [kubelet_network.go:61] "Updating Pod CIDR" originalPodCIDR="" newPodCIDR="10.42.0.0/24"
2025-01-30 03:59:55,652 INFO c.h.h.t.HelmChartContainer - [K3S] [range_allocator.go:247] "Successfully synced" key="c9034f6d1fe7"
2025-01-30 04:00:00,883 DEBUG c.h.h.t.HelmChartContainer - Image file loaded 'hivemq-platform.tar'
2025-01-30 04:00:00,883 DEBUG c.h.h.t.HelmChartContainer - Successful Helm chart Container startup
2025-01-30 04:00:00,896 INFO t.localhost/testcontainers/et971dn3zuqxqgq4:latest - Container localhost/testcontainers/et971dn3zuqxqgq4:latest started in PT20.877090288S
2025-01-30 04:00:00,906 DEBUG c.h.h.t.HelmChartContainer - Executing helm command: /bin/helm --kubeconfig /etc/rancher/k3s/k3s.yaml repo add hivemq https://hivemq.github.io/helm-charts
2025-01-30 04:00:02,203 INFO c.h.h.t.HelmChartContainer - [EVENT] Normal [Starting] Starting kubelet. [null:c9034f6d1fe7]
2025-01-30 04:00:02,204 INFO c.h.h.t.HelmChartContainer - [EVENT] Warning [InvalidDiskCapacity] invalid capacity 0 on image filesystem [null:c9034f6d1fe7]
2025-01-30 04:00:02,204 INFO c.h.h.t.HelmChartContainer - [EVENT] Normal [NodeHasSufficientMemory] Node c9034f6d1fe7 status is now: NodeHasSufficientMemory [null:c9034f6d1fe7]
2025-01-30 04:00:02,205 INFO c.h.h.t.HelmChartContainer - [EVENT] Normal [NodeHasNoDiskPressure] Node c9034f6d1fe7 status is now: NodeHasNoDiskPressure [null:c9034f6d1fe7]
2025-01-30 04:00:02,206 INFO c.h.h.t.HelmChartContainer - [EVENT] Normal [NodeHasSufficientPID] Node c9034f6d1fe7 status is now: NodeHasSufficientPID [null:c9034f6d1fe7]
2025-01-30 04:00:02,207 INFO c.h.h.t.HelmChartContainer - [EVENT] Normal [NodeAllocatableEnforced] Updated Node Allocatable limit across pods [null:c9034f6d1fe7]
2025-01-30 04:00:02,208 INFO c.h.h.t.HelmChartContainer - [EVENT] Normal [NodeReady] Node c9034f6d1fe7 status is now: NodeReady [null:c9034f6d1fe7]
2025-01-30 04:00:02,209 INFO c.h.h.t.HelmChartContainer - [EVENT] Normal [NodePasswordValidationComplete] Deferred node password secret validation complete [null:c9034f6d1fe7]
2025-01-30 04:00:02,210 INFO c.h.h.t.HelmChartContainer - [EVENT] Normal [Synced] Node synced successfully [null:c9034f6d1fe7]
2025-01-30 04:00:02,211 INFO c.h.h.t.HelmChartContainer - [EVENT] Normal [RegisteredNode] Node c9034f6d1fe7 event: Registered Node c9034f6d1fe7 in Controller [null:c9034f6d1fe7]
2025-01-30 04:00:02,216 INFO c.h.h.t.HelmChartContainer - Saved kubeconfig file on /tmp/kubeconfig-235432067900845547.yaml
2025-01-30 04:00:02,216 INFO c.h.h.t.HelmChartContainer - HelmChartContainer is started
]]></system-out>
  <system-err><![CDATA[]]></system-err>
</testsuite>
