<?xml version="1.0" encoding="UTF-8"?>
<testsuite name="com.hivemq.helmcharts.operator.CustomOperatorSelectorsIT" tests="1" skipped="0" failures="0" errors="0" timestamp="2025-01-29T18:42:30" hostname="fv-az1333-232" time="99.331">
  <properties/>
  <testcase name="whenOperatorSelectorIsConfigured_thenOnlyMatchingCustomResourcesAreReconciled()" classname="com.hivemq.helmcharts.operator.CustomOperatorSelectorsIT" time="99.331">
    <system-out><![CDATA[2025-01-29 18:42:30,395 INFO c.h.h.t.HelmChartContainer - Creating namespace 'customoperatorselectorsit-operator'...
2025-01-29 18:42:30,403 INFO c.h.h.t.HelmChartContainer - Namespace 'customoperatorselectorsit-operator' created
2025-01-29 18:42:30,403 INFO c.h.h.t.HelmChartContainer - Creating namespace 'customoperatorselectorsit'...
2025-01-29 18:42:30,505 INFO c.h.h.t.HelmChartContainer - Namespace 'customoperatorselectorsit' created
2025-01-29 18:42:30,577 DEBUG c.h.h.t.HelmChartContainer - Executing helm command: /bin/helm --kubeconfig /etc/rancher/k3s/k3s.yaml install test-hivemq-platform-operator /charts/hivemq-platform-operator --wait --timeout 5m0s --set image.repository=docker.io/hivemq --set image.name=hivemq-platform-operator-test --set image.initImageName=hivemq-platform-operator-init-test --set image.tag=snapshot --set image.pullPolicy=Never --set logLevel=DEBUG --set resources.cpu=512m --set selectors=group=alpha\,tier!=one --namespace customoperatorselectorsit-operator
2025-01-29 18:42:30,900 INFO c.h.h.t.HelmChartContainer - [K3S] [alloc.go:330] "allocated clusterIPs" service="customoperatorselectorsit-operator/hivemq-platform-operator-test-hivemq-platform-operator" clusterIPs={"IPv4":"10.43.102.31"}
2025-01-29 18:42:30,913 INFO c.h.h.t.HelmChartContainer - [EVENT] Normal [ScalingReplicaSet] Scaled up replica set hivemq-test-hivemq-platform-operator-7bd74f84c from 0 to 1 [customoperatorselectorsit-operator:hivemq-test-hivemq-platform-operator]
2025-01-29 18:42:30,919 INFO c.h.h.t.HelmChartContainer - [POD] hivemq-test-hivemq-platform-operator-7bd74f84c-lwhvj [f4b9e550-dc10-47ca-8616-33c9f0950ba8] in customoperatorselectorsit-operator was ADDED
2025-01-29 18:42:30,923 INFO c.h.h.t.HelmChartContainer - [EVENT] Normal [SuccessfulCreate] Created pod: hivemq-test-hivemq-platform-operator-7bd74f84c-lwhvj [customoperatorselectorsit-operator:hivemq-test-hivemq-platform-operator-7bd74f84c]
2025-01-29 18:42:30,925 INFO c.h.h.t.HelmChartContainer - [K3S] [replica_set.go:679] "Finished syncing" kind="ReplicaSet" key="customoperatorselectorsit-operator/hivemq-test-hivemq-platform-operator-7bd74f84c" duration="15.990554ms"
2025-01-29 18:42:30,930 INFO c.h.h.t.HelmChartContainer - [K3S] [memory_manager.go:355] "RemoveStaleState removing state" podUID="75347323-ced0-4e55-a0d4-b12b65dc5c87" containerName="hivemq-platform-operator"
2025-01-29 18:42:30,931 INFO c.h.h.t.HelmChartContainer - [K3S] [memory_manager.go:355] "RemoveStaleState removing state" podUID="f4ff3559-4379-4113-a954-b3a977b43bcd" containerName="nginx"
2025-01-29 18:42:30,931 INFO c.h.h.t.HelmChartContainer - [K3S] [memory_manager.go:355] "RemoveStaleState removing state" podUID="161e266f-e591-4351-a0f3-cea0d067f91b" containerName="hivemq"
2025-01-29 18:42:30,931 INFO c.h.h.t.HelmChartContainer - [POD] hivemq-test-hivemq-platform-operator-7bd74f84c-lwhvj [f4b9e550-dc10-47ca-8616-33c9f0950ba8] in customoperatorselectorsit-operator was MODIFIED
2025-01-29 18:42:30,936 INFO c.h.h.t.HelmChartContainer - [EVENT] Normal [Scheduled] Successfully assigned customoperatorselectorsit-operator/hivemq-test-hivemq-platform-operator-7bd74f84c-lwhvj to 90e6ebb001dc [customoperatorselectorsit-operator:hivemq-test-hivemq-platform-operator-7bd74f84c-lwhvj]
2025-01-29 18:42:30,941 INFO c.h.h.t.HelmChartContainer - [K3S] [replica_set.go:679] "Finished syncing" kind="ReplicaSet" key="customoperatorselectorsit-operator/hivemq-test-hivemq-platform-operator-7bd74f84c" duration="15.77643ms"
2025-01-29 18:42:30,943 INFO c.h.h.t.HelmChartContainer - [POD] hivemq-test-hivemq-platform-operator-7bd74f84c-lwhvj [f4b9e550-dc10-47ca-8616-33c9f0950ba8] in customoperatorselectorsit-operator was MODIFIED
2025-01-29 18:42:30,953 INFO c.h.h.t.HelmChartContainer - [K3S] [replica_set.go:679] "Finished syncing" kind="ReplicaSet" key="customoperatorselectorsit-operator/hivemq-test-hivemq-platform-operator-7bd74f84c" duration="11.675215ms"
2025-01-29 18:42:30,953 INFO c.h.h.t.HelmChartContainer - [K3S] [replica_set.go:679] "Finished syncing" kind="ReplicaSet" key="customoperatorselectorsit-operator/hivemq-test-hivemq-platform-operator-7bd74f84c" duration="36.769µs"
2025-01-29 18:42:31,021 INFO c.h.h.t.HelmChartContainer - [K3S] [reconciler_common.go:251] "operationExecutor.VerifyControllerAttachedVolume started for volume \"kube-api-access-jr6xn\" (UniqueName: \"kubernetes.io/projected/f4b9e550-dc10-47ca-8616-33c9f0950ba8-kube-api-access-jr6xn\") pod \"hivemq-test-hivemq-platform-operator-7bd74f84c-lwhvj\" (UID: \"f4b9e550-dc10-47ca-8616-33c9f0950ba8\") " pod="customoperatorselectorsit-operator/hivemq-test-hivemq-platform-operator-7bd74f84c-lwhvj"
2025-01-29 18:42:31,327 INFO c.h.h.t.HelmChartContainer - [EVENT] Normal [Pulled] Container image "docker.io/hivemq/hivemq-platform-operator-test:snapshot" already present on machine [customoperatorselectorsit-operator:hivemq-test-hivemq-platform-operator-7bd74f84c-lwhvj]
2025-01-29 18:42:31,328 INFO c.h.h.t.HelmChartContainer - Received Pulled event for container hivemq-platform-operator in pod hivemq-test-hivemq-platform-operator-7bd74f84c-lwhvj [f4b9e550-dc10-47ca-8616-33c9f0950ba8]
2025-01-29 18:42:31,339 INFO c.h.h.t.HelmChartContainer - [EVENT] Normal [Created] Created container: hivemq-platform-operator [customoperatorselectorsit-operator:hivemq-test-hivemq-platform-operator-7bd74f84c-lwhvj]
2025-01-29 18:42:31,339 INFO c.h.h.t.HelmChartContainer - Received Created event for container hivemq-platform-operator in pod hivemq-test-hivemq-platform-operator-7bd74f84c-lwhvj [f4b9e550-dc10-47ca-8616-33c9f0950ba8]
2025-01-29 18:42:31,784 INFO c.h.h.t.HelmChartContainer - [K3S] [replica_set.go:679] "Finished syncing" kind="ReplicaSet" key="customoperatorselectorsit-operator/hivemq-test-hivemq-platform-operator-7bd74f84c" duration="50.394µs"
2025-01-29 18:42:31,786 INFO c.h.h.t.HelmChartContainer - [POD] hivemq-test-hivemq-platform-operator-7bd74f84c-lwhvj [f4b9e550-dc10-47ca-8616-33c9f0950ba8] in customoperatorselectorsit-operator was MODIFIED
2025-01-29 18:42:31,793 INFO c.h.h.t.HelmChartContainer - Started log watcher for hivemq-platform-operator in pod hivemq-test-hivemq-platform-operator-7bd74f84c-lwhvj [f4b9e550-dc10-47ca-8616-33c9f0950ba8]
2025-01-29 18:42:31,793 INFO c.h.h.t.HelmChartContainer - [EVENT] Normal [Started] Started container hivemq-platform-operator [customoperatorselectorsit-operator:hivemq-test-hivemq-platform-operator-7bd74f84c-lwhvj]
2025-01-29 18:42:31,794 INFO c.h.h.t.HelmChartContainer - Received Started event for container hivemq-platform-operator in pod hivemq-test-hivemq-platform-operator-7bd74f84c-lwhvj [f4b9e550-dc10-47ca-8616-33c9f0950ba8]
2025-01-29 18:42:31,794 INFO c.h.h.t.HelmChartContainer - [hivemq-test-hivemq-platform] [hivemq-platform-operator] [f4b9e550] -------------------------------------------------------------------------
2025-01-29 18:42:31,794 INFO c.h.h.t.HelmChartContainer - [hivemq-test-hivemq-platform] [hivemq-platform-operator] [f4b9e550] 
2025-01-29 18:42:31,794 INFO c.h.h.t.HelmChartContainer - [hivemq-test-hivemq-platform] [hivemq-platform-operator] [f4b9e550]                   _    _  _              __  __   ____
2025-01-29 18:42:31,794 INFO c.h.h.t.HelmChartContainer - [hivemq-test-hivemq-platform] [hivemq-platform-operator] [f4b9e550]                  | |  | |(_)            |  \/  | / __ \
2025-01-29 18:42:31,794 INFO c.h.h.t.HelmChartContainer - [hivemq-test-hivemq-platform] [hivemq-platform-operator] [f4b9e550]                  | |__| | _ __   __ ___ | \  / || |  | |
2025-01-29 18:42:31,794 INFO c.h.h.t.HelmChartContainer - [hivemq-test-hivemq-platform] [hivemq-platform-operator] [f4b9e550]                  |  __  || |\ \ / // _ \| |\/| || |  | |
2025-01-29 18:42:31,794 INFO c.h.h.t.HelmChartContainer - [hivemq-test-hivemq-platform] [hivemq-platform-operator] [f4b9e550]                  | |  | || | \ V /|  __/| |  | || |__| |
2025-01-29 18:42:31,794 INFO c.h.h.t.HelmChartContainer - [hivemq-test-hivemq-platform] [hivemq-platform-operator] [f4b9e550]                  |_|  |_||_|  \_/  \___||_|  |_| \___\_\
2025-01-29 18:42:31,794 INFO c.h.h.t.HelmChartContainer - [hivemq-test-hivemq-platform] [hivemq-platform-operator] [f4b9e550] 
2025-01-29 18:42:31,794 INFO c.h.h.t.HelmChartContainer - [hivemq-test-hivemq-platform] [hivemq-platform-operator] [f4b9e550] -------------------------------------------------------------------------
2025-01-29 18:42:31,794 INFO c.h.h.t.HelmChartContainer - [hivemq-test-hivemq-platform] [hivemq-platform-operator] [f4b9e550] 
2025-01-29 18:42:31,794 INFO c.h.h.t.HelmChartContainer - [hivemq-test-hivemq-platform] [hivemq-platform-operator] [f4b9e550]   HiveMQ Platform Operator Start Script v1.0
2025-01-29 18:42:31,794 INFO c.h.h.t.HelmChartContainer - [hivemq-test-hivemq-platform] [hivemq-platform-operator] [f4b9e550] 
2025-01-29 18:42:31,794 INFO c.h.h.t.HelmChartContainer - [hivemq-test-hivemq-platform] [hivemq-platform-operator] [f4b9e550] -------------------------------------------------------------------------
2025-01-29 18:42:31,794 INFO c.h.h.t.HelmChartContainer - [hivemq-test-hivemq-platform] [hivemq-platform-operator] [f4b9e550] 
2025-01-29 18:42:31,794 INFO c.h.h.t.HelmChartContainer - [hivemq-test-hivemq-platform] [hivemq-platform-operator] [f4b9e550]   JAVA_OPTS: -XX:+UnlockExperimentalVMOptions -XX:InitialRAMPercentage=75 -XX:MaxRAMPercentage=75 -Duser.language=en -Duser.region=US
2025-01-29 18:42:31,794 INFO c.h.h.t.HelmChartContainer - [hivemq-test-hivemq-platform] [hivemq-platform-operator] [f4b9e550] 
2025-01-29 18:42:31,794 INFO c.h.h.t.HelmChartContainer - [hivemq-test-hivemq-platform] [hivemq-platform-operator] [f4b9e550]   JAVA_VERSION: 21
2025-01-29 18:42:31,794 INFO c.h.h.t.HelmChartContainer - [hivemq-test-hivemq-platform] [hivemq-platform-operator] [f4b9e550] 
2025-01-29 18:42:31,794 INFO c.h.h.t.HelmChartContainer - [hivemq-test-hivemq-platform] [hivemq-platform-operator] [f4b9e550] -------------------------------------------------------------------------
2025-01-29 18:42:31,794 INFO c.h.h.t.HelmChartContainer - [hivemq-test-hivemq-platform] [hivemq-platform-operator] [f4b9e550] 
2025-01-29 18:42:34,768 INFO c.h.h.t.HelmChartContainer - [hivemq-test-hivemq-platform] [hivemq-platform-operator] [f4b9e550] 18:42:34.764 [main] DEBUG org.jboss.logging - Logging Provider: org.jboss.logging.Slf4jLoggerProvider
2025-01-29 18:42:34,876 INFO c.h.h.t.HelmChartContainer - [hivemq-test-hivemq-platform] [hivemq-platform-operator] [f4b9e550] 18:42:34.874 [main] DEBUG io.smallrye.config - SRCFG01006: Loaded ConfigSource SysPropConfigSource with ordinal 400
2025-01-29 18:42:34,876 INFO c.h.h.t.HelmChartContainer - [hivemq-test-hivemq-platform] [hivemq-platform-operator] [f4b9e550] 18:42:34.874 [main] DEBUG io.smallrye.config - SRCFG01006: Loaded ConfigSource EnvConfigSource with ordinal 300
2025-01-29 18:42:34,876 INFO c.h.h.t.HelmChartContainer - [hivemq-test-hivemq-platform] [hivemq-platform-operator] [f4b9e550] 18:42:34.874 [main] DEBUG io.smallrye.config - SRCFG01006: Loaded ConfigSource PropertiesConfigSource[source=jar:file:///opt/hivemq-platform-operator/bin/hivemq-platform-operator.jar!/hivemq-platform-operator.properties] with ordinal 100
2025-01-29 18:42:34,876 INFO c.h.h.t.HelmChartContainer - [hivemq-test-hivemq-platform] [hivemq-platform-operator] [f4b9e550] 18:42:34.874 [main] DEBUG io.smallrye.config - SRCFG01006: Loaded ConfigSource DefaultValuesConfigSource with ordinal -2147483648
2025-01-29 18:42:35,009 INFO c.h.h.t.HelmChartContainer - [hivemq-test-hivemq-platform] [hivemq-platform-operator] [f4b9e550] 18:42:35.008 [main] DEBUG i.m.c.u.i.l.InternalLoggerFactory - Using SLF4J as the default logging framework
2025-01-29 18:42:35,167 INFO c.h.h.t.HelmChartContainer - [hivemq-test-hivemq-platform] [hivemq-platform-operator] [f4b9e550] 18:42:35.111 [main] INFO  c.h.p.o.HiveMQPlatformOperatorApplication - HiveMQ Platform Operator 1.7.0-SNAPSHOT (commit: b1b9591 on branch: HEAD) built on Wed Jan 29 18:32:18 UTC 2025
2025-01-29 18:42:35,168 INFO c.h.h.t.HelmChartContainer - [hivemq-test-hivemq-platform] [hivemq-platform-operator] [f4b9e550] 18:42:35.166 [main] INFO  c.h.p.o.HiveMQPlatformOperatorApplication - HiveMQ Platform Operator is running in namespace: customoperatorselectorsit-operator
2025-01-29 18:42:35,169 INFO c.h.h.t.HelmChartContainer - [hivemq-test-hivemq-platform] [hivemq-platform-operator] [f4b9e550] 18:42:35.166 [main] INFO  c.h.p.o.HiveMQPlatformOperatorApplication - Watching all namespaces
2025-01-29 18:42:35,169 INFO c.h.h.t.HelmChartContainer - [hivemq-test-hivemq-platform] [hivemq-platform-operator] [f4b9e550] 18:42:35.167 [main] INFO  c.h.p.o.HiveMQPlatformOperatorApplication - Label selector for HiveMQPlatform resources: group=alpha,tier!=one
2025-01-29 18:42:35,169 INFO c.h.h.t.HelmChartContainer - [hivemq-test-hivemq-platform] [hivemq-platform-operator] [f4b9e550] 18:42:35.167 [main] INFO  c.h.p.o.HiveMQPlatformOperatorApplication - Log level: DEBUG
2025-01-29 18:42:35,169 INFO c.h.h.t.HelmChartContainer - [hivemq-test-hivemq-platform] [hivemq-platform-operator] [f4b9e550] 18:42:35.167 [main] INFO  c.h.p.o.HiveMQPlatformOperatorApplication - Release name: test-hivemq-platform-operator
2025-01-29 18:42:35,169 INFO c.h.h.t.HelmChartContainer - [hivemq-test-hivemq-platform] [hivemq-platform-operator] [f4b9e550] 18:42:35.167 [main] INFO  c.h.p.o.HiveMQPlatformOperatorApplication - HiveMQ Platform Operator Init image: docker.io/hivemq/hivemq-platform-operator-init-test:snapshot
2025-01-29 18:42:35,169 INFO c.h.h.t.HelmChartContainer - [hivemq-test-hivemq-platform] [hivemq-platform-operator] [f4b9e550] 18:42:35.167 [main] INFO  c.h.p.o.HiveMQPlatformOperatorApplication - HiveMQ Platform Operator Init App update URL: http://hivemq-platform-operator-test-hivemq-platform-operator.customoperatorselectorsit-operator.svc:8080/initAppUpdate/hivemq-platform-operator-init-app-1.7.0-SNAPSHOT.jar
2025-01-29 18:42:35,169 INFO c.h.h.t.HelmChartContainer - [hivemq-test-hivemq-platform] [hivemq-platform-operator] [f4b9e550] 18:42:35.167 [main] INFO  c.h.p.o.HiveMQPlatformOperatorApplication - Additional imagePullSecret for all Platform deployments: none
2025-01-29 18:42:35,169 INFO c.h.h.t.HelmChartContainer - [hivemq-test-hivemq-platform] [hivemq-platform-operator] [f4b9e550] 18:42:35.167 [main] INFO  c.h.p.o.HiveMQPlatformOperatorApplication - Apply HiveMQ Platform CRD: true
2025-01-29 18:42:35,169 INFO c.h.h.t.HelmChartContainer - [hivemq-test-hivemq-platform] [hivemq-platform-operator] [f4b9e550] 18:42:35.167 [main] INFO  c.h.p.o.HiveMQPlatformOperatorApplication - Create Platform ServiceAccount: true
2025-01-29 18:42:35,169 INFO c.h.h.t.HelmChartContainer - [hivemq-test-hivemq-platform] [hivemq-platform-operator] [f4b9e550] 18:42:35.167 [main] INFO  c.h.p.o.HiveMQPlatformOperatorApplication - Create Platform ServiceAccount permissions: true
2025-01-29 18:42:35,169 INFO c.h.h.t.HelmChartContainer - [hivemq-test-hivemq-platform] [hivemq-platform-operator] [f4b9e550] 18:42:35.167 [main] INFO  c.h.p.o.HiveMQPlatformOperatorApplication - Validate Platform ServiceAccount: true
2025-01-29 18:42:35,169 INFO c.h.h.t.HelmChartContainer - [hivemq-test-hivemq-platform] [hivemq-platform-operator] [f4b9e550] 18:42:35.167 [main] INFO  c.h.p.o.HiveMQPlatformOperatorApplication - Validate Platform ServiceAccount permissions: true
2025-01-29 18:42:35,280 INFO c.h.h.t.HelmChartContainer - [hivemq-test-hivemq-platform] [hivemq-platform-operator] [f4b9e550] 18:42:35.279 [main] INFO  c.h.platform.operator.util.CRDUtil - Verifying deployed HiveMQ Platform CRD...
2025-01-29 18:42:37,910 INFO c.h.h.t.HelmChartContainer - [hivemq-test-hivemq-platform] [hivemq-platform-operator] [f4b9e550] 18:42:37.908 [main] DEBUG c.h.platform.operator.util.CRDUtil - HiveMQ Platform CRD version v1 is up to date
2025-01-29 18:42:37,910 INFO c.h.h.t.HelmChartContainer - [hivemq-test-hivemq-platform] [hivemq-platform-operator] [f4b9e550] 18:42:37.908 [main] INFO  c.h.platform.operator.util.CRDUtil - HiveMQ Platform CRD is up to date (version: V1_6_0)
2025-01-29 18:42:37,910 INFO c.h.h.t.HelmChartContainer - [hivemq-test-hivemq-platform] [hivemq-platform-operator] [f4b9e550] 18:42:37.908 [main] INFO  c.h.platform.operator.util.CRDUtil - Waiting 10000 ms for HiveMQ Platform CRD 'hivemq-platforms.hivemq.com' to become ready...
2025-01-29 18:42:38,210 INFO c.h.h.t.HelmChartContainer - [hivemq-test-hivemq-platform] [hivemq-platform-operator] [f4b9e550] 18:42:38.207 [vert.x-eventloop-thread-1] DEBUG c.h.platform.operator.util.CRDUtil - Checking CRD condition 'NamesAccepted' (status: 'True')
2025-01-29 18:42:38,210 INFO c.h.h.t.HelmChartContainer - [hivemq-test-hivemq-platform] [hivemq-platform-operator] [f4b9e550] 18:42:38.208 [vert.x-eventloop-thread-1] DEBUG c.h.platform.operator.util.CRDUtil - Checking CRD condition 'Established' (status: 'True')
2025-01-29 18:42:38,211 INFO c.h.h.t.HelmChartContainer - [hivemq-test-hivemq-platform] [hivemq-platform-operator] [f4b9e550] 18:42:38.210 [main] INFO  c.h.platform.operator.util.CRDUtil - HiveMQ Platform CRD 'hivemq-platforms.hivemq.com' is ready
2025-01-29 18:42:38,376 INFO c.h.h.t.HelmChartContainer - [hivemq-test-hivemq-platform] [hivemq-platform-operator] [f4b9e550] 18:42:38.376 [main] INFO  c.h.p.o.HiveMQPlatformReconciler - HiveMQ Platform Operator is starting...
2025-01-29 18:42:38,508 INFO c.h.h.t.HelmChartContainer - [hivemq-test-hivemq-platform] [hivemq-platform-operator] [f4b9e550] 18:42:38.507 [main] WARN  Default ConfigurationService implementation - Configuration for reconciler 'hivemq-controller' was not found. Known reconcilers: None.
2025-01-29 18:42:38,516 INFO c.h.h.t.HelmChartContainer - [hivemq-test-hivemq-platform] [hivemq-platform-operator] [f4b9e550] 18:42:38.515 [main] INFO  Default ConfigurationService implementation - Created configuration for reconciler com.hivemq.platform.operator.HiveMQPlatformReconciler with name hivemq-controller
2025-01-29 18:42:38,670 INFO c.h.h.t.HelmChartContainer - [hivemq-test-hivemq-platform] [hivemq-platform-operator] [f4b9e550] 18:42:38.668 [main] DEBUG c.h.p.o.HiveMQPlatformReconciler - HiveMQ Platform Operator is preparing EventSources
2025-01-29 18:42:38,709 INFO c.h.h.t.HelmChartContainer - [hivemq-test-hivemq-platform] [hivemq-platform-operator] [f4b9e550] 18:42:38.708 [main] INFO  i.javaoperatorsdk.operator.Operator - Registered reconciler: 'hivemq-controller' for resource: 'class com.hivemq.platform.operator.v1.HiveMQPlatform' for namespace(s): [all namespaces]
2025-01-29 18:42:39,367 INFO c.h.h.t.HelmChartContainer - [hivemq-test-hivemq-platform] [hivemq-platform-operator] [f4b9e550] 18:42:39.366 [main] INFO  c.h.p.operator.webserver.JettyServer - Starting Jetty server on port 8080
2025-01-29 18:42:39,418 INFO c.h.h.t.HelmChartContainer - [hivemq-test-hivemq-platform] [hivemq-platform-operator] [f4b9e550] 18:42:39.417 [main] INFO  i.javaoperatorsdk.operator.Operator - Operator SDK 4.9.7 (commit: 2133d28) built on Wed Nov 20 12:56:20 UTC 2024 starting...
2025-01-29 18:42:39,418 INFO c.h.h.t.HelmChartContainer - [hivemq-test-hivemq-platform] [hivemq-platform-operator] [f4b9e550] 18:42:39.417 [main] INFO  i.javaoperatorsdk.operator.Operator - Client version: 6.13.5
2025-01-29 18:42:39,466 INFO c.h.h.t.HelmChartContainer - [hivemq-test-hivemq-platform] [hivemq-platform-operator] [f4b9e550] 18:42:39.465 [Controller Starter for: hivemq-controller] INFO  i.j.operator.processing.Controller - Starting 'hivemq-controller' controller for reconciler: com.hivemq.platform.operator.HiveMQPlatformReconciler, resource: com.hivemq.platform.operator.v1.HiveMQPlatform
2025-01-29 18:42:41,975 INFO c.h.h.t.HelmChartContainer - [hivemq-test-hivemq-platform] [hivemq-platform-operator] [f4b9e550] 18:42:41.974 [Controller Starter for: hivemq-controller] INFO  i.j.operator.processing.Controller - 'hivemq-controller' controller started
2025-01-29 18:42:41,975 INFO c.h.h.t.HelmChartContainer - [hivemq-test-hivemq-platform] [hivemq-platform-operator] [f4b9e550] 18:42:41.974 [main] INFO  c.h.p.o.HiveMQPlatformOperatorApplication - HiveMQ Platform Operator 1.7.0-SNAPSHOT started in 6863 ms
2025-01-29 18:42:42,789 INFO c.h.h.t.HelmChartContainer - [POD] hivemq-test-hivemq-platform-operator-7bd74f84c-lwhvj [f4b9e550-dc10-47ca-8616-33c9f0950ba8] in customoperatorselectorsit-operator was MODIFIED
2025-01-29 18:42:42,791 INFO c.h.h.t.HelmChartContainer - [K3S] [replica_set.go:679] "Finished syncing" kind="ReplicaSet" key="customoperatorselectorsit-operator/hivemq-test-hivemq-platform-operator-7bd74f84c" duration="5.499537ms"
2025-01-29 18:42:42,792 INFO c.h.h.t.HelmChartContainer - [K3S] [replica_set.go:679] "Finished syncing" kind="ReplicaSet" key="customoperatorselectorsit-operator/hivemq-test-hivemq-platform-operator-7bd74f84c" duration="39.895µs"
2025-01-29 18:42:42,979 INFO com.hivemq.helmcharts.util.K8sUtil - Pod 'hivemq-test-hivemq-platform-operator-7bd74f84c-lwhvj' is ready
2025-01-29 18:42:43,041 DEBUG c.h.h.t.HelmChartContainer - Executing helm command: /bin/helm --kubeconfig /etc/rancher/k3s/k3s.yaml install test-hivemq-platform-alpha-tier1 /charts/hivemq-platform --wait --timeout 5m0s --set image.repository=docker.io/hivemq --set image.tag=4.36.0 --set image.pullPolicy=Never --set nodes.resources.cpu=512m --set nodes.replicaCount=1 --set operator.labels.group=alpha,operator.labels.tier=one --namespace customoperatorselectorsit
2025-01-29 18:42:43,440 DEBUG c.h.h.t.HelmChartContainer - Executing helm command: /bin/helm --kubeconfig /etc/rancher/k3s/k3s.yaml install test-hivemq-platform-alpha-tier2 /charts/hivemq-platform --wait --timeout 5m0s --set image.repository=docker.io/hivemq --set image.tag=4.36.0 --set image.pullPolicy=Never --set nodes.resources.cpu=512m --set nodes.replicaCount=1 --set operator.labels.group=alpha,operator.labels.tier=two --namespace customoperatorselectorsit
2025-01-29 18:42:43,776 INFO c.h.h.t.HelmChartContainer - [hivemq-test-hivemq-platform] [hivemq-platform-operator] [f4b9e550] 18:42:43.769 [-2082509879-pool-1-thread-1] WARN  i.m.p.PrometheusMeterRegistry - The meter (MeterId{name='operator.sdk.events.received', tags=[tag(action=ADDED),tag(event=ResourceEvent),tag(group=hivemq.com),tag(kind=HiveMQPlatform),tag(name=test-hivemq-platform-alpha-tier2),tag(namespace=customoperatorselectorsit),tag(scope=namespace),tag(version=v1)]}) registration has failed: Prometheus requires that all meters with the same name have the same set of tag keys. There is already an existing meter named 'operator.sdk.events.received' containing tag keys [event, group, kind, name, namespace, scope, version]. The meter you are attempting to register has keys [action, event, group, kind, name, namespace, scope, version]. Note that subsequent logs will be logged at debug level.
2025-01-29 18:42:43,843 DEBUG c.h.h.t.HelmChartContainer - Executing helm command: /bin/helm --kubeconfig /etc/rancher/k3s/k3s.yaml install test-hivemq-platform-alpha-tier3 /charts/hivemq-platform --wait --timeout 5m0s --set image.repository=docker.io/hivemq --set image.tag=4.36.0 --set image.pullPolicy=Never --set nodes.resources.cpu=512m --set nodes.replicaCount=1 --set operator.labels.group=alpha,operator.labels.tier=three --namespace customoperatorselectorsit
2025-01-29 18:42:44,469 INFO c.h.h.t.HelmChartContainer - [hivemq-test-hivemq-platform] [hivemq-platform-operator] [f4b9e550] 18:42:44.468 [pool-6-thread-7] DEBUG c.h.p.o.dependants.PodInfoConfigMap - [customop] Desired PodInfo ConfigMap (1 extensions) (1 enabled)
2025-01-29 18:42:44,471 INFO c.h.h.t.HelmChartContainer - [hivemq-test-hivemq-platform] [hivemq-platform-operator] [f4b9e550] 18:42:44.468 [pool-6-thread-3] DEBUG c.h.p.o.dependants.PodInfoConfigMap - [customop] Desired PodInfo ConfigMap (1 extensions) (1 enabled)
2025-01-29 18:42:44,471 INFO c.h.h.t.HelmChartContainer - [hivemq-test-hivemq-platform] [hivemq-platform-operator] [f4b9e550] 18:42:44.469 [pool-6-thread-3] DEBUG c.h.p.o.dependants.PodInfoConfigMap - [customop] Desired PodInfo ConfigMap (metrics port: 9399) (metrics path: /)
2025-01-29 18:42:44,471 INFO c.h.h.t.HelmChartContainer - [hivemq-test-hivemq-platform] [hivemq-platform-operator] [f4b9e550] 18:42:44.469 [pool-6-thread-3] DEBUG c.h.p.o.dependants.PodInfoConfigMap - [customop] Desired PodInfo ConfigMap (extension state hash: -1817474005)
2025-01-29 18:42:44,471 INFO c.h.h.t.HelmChartContainer - [hivemq-test-hivemq-platform] [hivemq-platform-operator] [f4b9e550] 18:42:44.470 [pool-6-thread-7] DEBUG c.h.p.o.dependants.PodInfoConfigMap - [customop] Desired PodInfo ConfigMap (metrics port: 9399) (metrics path: /)
2025-01-29 18:42:44,472 INFO c.h.h.t.HelmChartContainer - [hivemq-test-hivemq-platform] [hivemq-platform-operator] [f4b9e550] 18:42:44.470 [pool-6-thread-7] DEBUG c.h.p.o.dependants.PodInfoConfigMap - [customop] Desired PodInfo ConfigMap (extension state hash: -1817474005)
2025-01-29 18:42:44,473 INFO c.h.h.t.HelmChartContainer - [hivemq-test-hivemq-platform] [hivemq-platform-operator] [f4b9e550] 18:42:44.473 [pool-6-thread-3] DEBUG c.h.p.o.dependants.PodInfoConfigMap - [customop] Create PodInfo ConfigMap
2025-01-29 18:42:44,475 INFO c.h.h.t.HelmChartContainer - [hivemq-test-hivemq-platform] [hivemq-platform-operator] [f4b9e550] 18:42:44.473 [pool-6-thread-7] DEBUG c.h.p.o.dependants.PodInfoConfigMap - [customop] Create PodInfo ConfigMap
2025-01-29 18:42:44,666 INFO c.h.h.t.HelmChartContainer - [hivemq-test-hivemq-platform] [hivemq-platform-operator] [f4b9e550] 18:42:44.609 [pool-6-thread-9] DEBUG c.h.p.o.dependants.PodRoleResource - [customop] Create Role: Role(apiVersion=rbac.authorization.k8s.io/v1, kind=Role, metadata=ObjectMeta(annotations={meta.helm.sh/release-name=test-hivemq-platform-alpha-tier3, meta.helm.sh/release-namespace=customoperatorselectorsit}, creationTimestamp=null, deletionGracePeriodSeconds=null, deletionTimestamp=null, finalizers=[], generateName=null, generation=null, labels={helm.sh/chart=hivemq-platform-0.2.32, app.kubernetes.io/managed-by=Helm, app.kubernetes.io/name=hivemq-platform, tier=three, hivemq-platform=test-hivemq-platform-alpha-tier3, app.kubernetes.io/instance=test-hivemq-platform-alpha-tier3, app.kubernetes.io/version=4.36.0, group=alpha}, managedFields=[], name=hivemq-platform-role-test-hivemq-platform-alpha-tier3, namespace=customoperatorselectorsit, ownerReferences=[OwnerReference(apiVersion=hivemq.com/v1, blockOwnerDeletion=null, controller=null, kind=HiveMQPlatform, name=test-hivemq-platform-alpha-tier3, uid=b6b59a95-8641-41e2-9e7f-5161e2646ded, additionalProperties={})], resourceVersion=null, selfLink=null, uid=null, additionalProperties={}), rules=[PolicyRule(apiGroups=[], nonResourceURLs=[], resourceNames=[], resources=[pods], verbs=[get, patch, update], additionalProperties={})], additionalProperties={})
2025-01-29 18:42:44,667 INFO c.h.h.t.HelmChartContainer - [hivemq-test-hivemq-platform] [hivemq-platform-operator] [f4b9e550] 18:42:44.664 [pool-6-thread-10] DEBUG c.h.p.o.dependants.PodRoleResource - [customop] Create Role: Role(apiVersion=rbac.authorization.k8s.io/v1, kind=Role, metadata=ObjectMeta(annotations={meta.helm.sh/release-name=test-hivemq-platform-alpha-tier2, meta.helm.sh/release-namespace=customoperatorselectorsit}, creationTimestamp=null, deletionGracePeriodSeconds=null, deletionTimestamp=null, finalizers=[], generateName=null, generation=null, labels={helm.sh/chart=hivemq-platform-0.2.32, app.kubernetes.io/managed-by=Helm, app.kubernetes.io/name=hivemq-platform, tier=two, hivemq-platform=test-hivemq-platform-alpha-tier2, app.kubernetes.io/instance=test-hivemq-platform-alpha-tier2, app.kubernetes.io/version=4.36.0, group=alpha}, managedFields=[], name=hivemq-platform-role-test-hivemq-platform-alpha-tier2, namespace=customoperatorselectorsit, ownerReferences=[OwnerReference(apiVersion=hivemq.com/v1, blockOwnerDeletion=null, controller=null, kind=HiveMQPlatform, name=test-hivemq-platform-alpha-tier2, uid=509b14a6-f187-47d3-a4a2-a10805ee4e71, additionalProperties={})], resourceVersion=null, selfLink=null, uid=null, additionalProperties={}), rules=[PolicyRule(apiGroups=[], nonResourceURLs=[], resourceNames=[], resources=[pods], verbs=[get, patch, update], additionalProperties={})], additionalProperties={})
2025-01-29 18:42:44,772 INFO c.h.h.t.HelmChartContainer - [hivemq-test-hivemq-platform] [hivemq-platform-operator] [f4b9e550] 18:42:44.769 [pool-6-thread-13] DEBUG c.h.p.o.d.PodServiceAccountResource - [customop] Desired PodServiceAccountResource (serviceAccountName: hivemq-platform-pod-test-hivemq-platform-alpha-tier3)
2025-01-29 18:42:44,772 INFO c.h.h.t.HelmChartContainer - [hivemq-test-hivemq-platform] [hivemq-platform-operator] [f4b9e550] 18:42:44.770 [pool-6-thread-13] DEBUG c.h.p.o.d.PodServiceAccountResource - [customop] Create ServiceAccount 'hivemq-platform-pod-test-hivemq-platform-alpha-tier3'
2025-01-29 18:42:44,775 INFO c.h.h.t.HelmChartContainer - [hivemq-test-hivemq-platform] [hivemq-platform-operator] [f4b9e550] 18:42:44.772 [pool-6-thread-14] DEBUG c.h.p.o.d.PodServiceAccountResource - [customop] Desired PodServiceAccountResource (serviceAccountName: hivemq-platform-pod-test-hivemq-platform-alpha-tier2)
2025-01-29 18:42:44,775 INFO c.h.h.t.HelmChartContainer - [hivemq-test-hivemq-platform] [hivemq-platform-operator] [f4b9e550] 18:42:44.772 [pool-6-thread-14] DEBUG c.h.p.o.d.PodServiceAccountResource - [customop] Create ServiceAccount 'hivemq-platform-pod-test-hivemq-platform-alpha-tier2'
2025-01-29 18:42:44,911 INFO c.h.h.t.HelmChartContainer - [hivemq-test-hivemq-platform] [hivemq-platform-operator] [f4b9e550] 18:42:44.910 [pool-6-thread-20] DEBUG c.h.p.o.d.PodRoleBindingResource - [customop] Create RoleBinding: RoleBinding(apiVersion=rbac.authorization.k8s.io/v1, kind=RoleBinding, metadata=ObjectMeta(annotations={meta.helm.sh/release-name=test-hivemq-platform-alpha-tier2, meta.helm.sh/release-namespace=customoperatorselectorsit}, creationTimestamp=null, deletionGracePeriodSeconds=null, deletionTimestamp=null, finalizers=[], generateName=null, generation=null, labels={helm.sh/chart=hivemq-platform-0.2.32, app.kubernetes.io/managed-by=Helm, app.kubernetes.io/name=hivemq-platform, tier=two, hivemq-platform=test-hivemq-platform-alpha-tier2, app.kubernetes.io/instance=test-hivemq-platform-alpha-tier2, app.kubernetes.io/version=4.36.0, group=alpha}, managedFields=[], name=hivemq-platform-role-binding-test-hivemq-platform-alpha-tier2, namespace=customoperatorselectorsit, ownerReferences=[OwnerReference(apiVersion=hivemq.com/v1, blockOwnerDeletion=null, controller=null, kind=HiveMQPlatform, name=test-hivemq-platform-alpha-tier2, uid=509b14a6-f187-47d3-a4a2-a10805ee4e71, additionalProperties={})], resourceVersion=null, selfLink=null, uid=null, additionalProperties={}), roleRef=RoleRef(apiGroup=rbac.authorization.k8s.io, kind=Role, name=hivemq-platform-role-test-hivemq-platform-alpha-tier2, additionalProperties={}), subjects=[Subject(apiGroup=null, kind=ServiceAccount, name=hivemq-platform-pod-test-hivemq-platform-alpha-tier2, namespace=customoperatorselectorsit, additionalProperties={})], additionalProperties={})
2025-01-29 18:42:44,911 INFO c.h.h.t.HelmChartContainer - [hivemq-test-hivemq-platform] [hivemq-platform-operator] [f4b9e550] 18:42:44.910 [pool-6-thread-19] DEBUG c.h.p.o.d.PodRoleBindingResource - [customop] Create RoleBinding: RoleBinding(apiVersion=rbac.authorization.k8s.io/v1, kind=RoleBinding, metadata=ObjectMeta(annotations={meta.helm.sh/release-name=test-hivemq-platform-alpha-tier3, meta.helm.sh/release-namespace=customoperatorselectorsit}, creationTimestamp=null, deletionGracePeriodSeconds=null, deletionTimestamp=null, finalizers=[], generateName=null, generation=null, labels={helm.sh/chart=hivemq-platform-0.2.32, app.kubernetes.io/managed-by=Helm, app.kubernetes.io/name=hivemq-platform, tier=three, hivemq-platform=test-hivemq-platform-alpha-tier3, app.kubernetes.io/instance=test-hivemq-platform-alpha-tier3, app.kubernetes.io/version=4.36.0, group=alpha}, managedFields=[], name=hivemq-platform-role-binding-test-hivemq-platform-alpha-tier3, namespace=customoperatorselectorsit, ownerReferences=[OwnerReference(apiVersion=hivemq.com/v1, blockOwnerDeletion=null, controller=null, kind=HiveMQPlatform, name=test-hivemq-platform-alpha-tier3, uid=b6b59a95-8641-41e2-9e7f-5161e2646ded, additionalProperties={})], resourceVersion=null, selfLink=null, uid=null, additionalProperties={}), roleRef=RoleRef(apiGroup=rbac.authorization.k8s.io, kind=Role, name=hivemq-platform-role-test-hivemq-platform-alpha-tier3, additionalProperties={}), subjects=[Subject(apiGroup=null, kind=ServiceAccount, name=hivemq-platform-pod-test-hivemq-platform-alpha-tier3, namespace=customoperatorselectorsit, additionalProperties={})], additionalProperties={})
2025-01-29 18:42:45,012 INFO c.h.h.t.HelmChartContainer - [hivemq-test-hivemq-platform] [hivemq-platform-operator] [f4b9e550] 18:42:45.011 [ReconcilerExecutor-hivemq-controller-60] INFO  c.h.p.o.HiveMQPlatformReconciler - [customop] Reconciling HiveMQ Platform 'test-hivemq-platform-alpha-tier3' in namespace 'customoperatorselectorsit'
2025-01-29 18:42:45,012 INFO c.h.h.t.HelmChartContainer - [hivemq-test-hivemq-platform] [hivemq-platform-operator] [f4b9e550] 18:42:45.011 [ReconcilerExecutor-hivemq-controller-56] INFO  c.h.p.o.HiveMQPlatformReconciler - [customop] Reconciling HiveMQ Platform 'test-hivemq-platform-alpha-tier2' in namespace 'customoperatorselectorsit'
2025-01-29 18:42:45,065 INFO c.h.h.t.HelmChartContainer - [hivemq-test-hivemq-platform] [hivemq-platform-operator] [f4b9e550] 18:42:45.064 [ReconcilerExecutor-hivemq-controller-60] DEBUG c.h.p.o.HiveMQPlatformReconciler - [customop] Custom Resource Status CREATED - HiveMQ Platform was created (READY)
2025-01-29 18:42:45,065 INFO c.h.h.t.HelmChartContainer - [hivemq-test-hivemq-platform] [hivemq-platform-operator] [f4b9e550] 18:42:45.064 [ReconcilerExecutor-hivemq-controller-60] DEBUG c.h.p.o.HiveMQPlatformReconciler - [customop] Custom Resource Spec (replicas: 1) (extensions: 1)
2025-01-29 18:42:45,066 INFO c.h.h.t.HelmChartContainer - [hivemq-test-hivemq-platform] [hivemq-platform-operator] [f4b9e550] 18:42:45.012 [ReconcilerExecutor-hivemq-controller-56] DEBUG c.h.p.o.HiveMQPlatformReconciler - [customop] Custom Resource Status CREATED - HiveMQ Platform was created (READY)
2025-01-29 18:42:45,066 INFO c.h.h.t.HelmChartContainer - [hivemq-test-hivemq-platform] [hivemq-platform-operator] [f4b9e550] 18:42:45.065 [ReconcilerExecutor-hivemq-controller-56] DEBUG c.h.p.o.HiveMQPlatformReconciler - [customop] Custom Resource Spec (replicas: 1) (extensions: 1)
2025-01-29 18:42:45,071 INFO c.h.h.t.HelmChartContainer - [hivemq-test-hivemq-platform] [hivemq-platform-operator] [f4b9e550] 18:42:45.070 [ReconcilerExecutor-hivemq-controller-60] INFO  c.h.p.o.h.HiveMQPlatformReconcilerBaseHandler - [customop] HiveMQ Platform is starting
2025-01-29 18:42:45,072 INFO c.h.h.t.HelmChartContainer - [hivemq-test-hivemq-platform] [hivemq-platform-operator] [f4b9e550] 18:42:45.070 [ReconcilerExecutor-hivemq-controller-56] INFO  c.h.p.o.h.HiveMQPlatformReconcilerBaseHandler - [customop] HiveMQ Platform is starting
2025-01-29 18:42:45,275 INFO c.h.h.t.HelmChartContainer - [hivemq-test-hivemq-platform] [hivemq-platform-operator] [f4b9e550] 18:42:45.274 [ReconcilerExecutor-hivemq-controller-56] DEBUG c.h.p.operator.event.EventSender - [customop] Creating K8s event hivemq-platform-starting: [Start] HiveMQ Platform is starting
2025-01-29 18:42:45,275 INFO c.h.h.t.HelmChartContainer - [hivemq-test-hivemq-platform] [hivemq-platform-operator] [f4b9e550] 18:42:45.274 [ReconcilerExecutor-hivemq-controller-60] DEBUG c.h.p.operator.event.EventSender - [customop] Creating K8s event hivemq-platform-starting: [Start] HiveMQ Platform is starting
2025-01-29 18:42:45,283 INFO c.h.h.t.HelmChartContainer - [EVENT] Normal [Start] HiveMQ Platform is starting [customoperatorselectorsit:test-hivemq-platform-alpha-tier3]
2025-01-29 18:42:45,313 INFO c.h.h.t.HelmChartContainer - [EVENT] Normal [Start] HiveMQ Platform is starting [customoperatorselectorsit:test-hivemq-platform-alpha-tier2]
2025-01-29 18:42:45,330 INFO c.h.h.t.HelmChartContainer - [K3S] [scope.go:117] "RemoveContainer" containerID="29dec6e2ef035866fb275786d0ace4a0920b15a8321865afdd9f2c5a06808d8d"
2025-01-29 18:42:45,370 INFO c.h.h.t.HelmChartContainer - [hivemq-test-hivemq-platform] [hivemq-platform-operator] [f4b9e550] 18:42:45.369 [ReconcilerExecutor-hivemq-controller-56] INFO  c.h.p.o.h.AbstractHiveMQReconcilerStateHandler - [customop] Update HiveMQ Platform Status (CREATED [READY] -> STARTING [READY]): HiveMQ Platform is starting
2025-01-29 18:42:45,372 INFO c.h.h.t.HelmChartContainer - [hivemq-test-hivemq-platform] [hivemq-platform-operator] [f4b9e550] 18:42:45.370 [ReconcilerExecutor-hivemq-controller-60] INFO  c.h.p.o.h.AbstractHiveMQReconcilerStateHandler - [customop] Update HiveMQ Platform Status (CREATED [READY] -> STARTING [READY]): HiveMQ Platform is starting
2025-01-29 18:42:45,477 DEBUG com.hivemq.helmcharts.util.K8sUtil - Comparing actual state 'STARTING' and waiting for 'RUNNING'
2025-01-29 18:42:55,488 INFO c.h.h.t.HelmChartContainer - [hivemq-test-hivemq-platform] [hivemq-platform-operator] [f4b9e550] 18:42:55.484 [pool-6-thread-22] DEBUG c.h.p.o.d.PlatformServiceResource - [customop] Desired Platform services (3 services)
2025-01-29 18:42:55,489 INFO c.h.h.t.HelmChartContainer - [hivemq-test-hivemq-platform] [hivemq-platform-operator] [f4b9e550] 18:42:55.485 [pool-6-thread-23] DEBUG c.h.p.o.dependants.PodInfoConfigMap - [customop] Desired PodInfo ConfigMap (1 extensions) (1 enabled)
2025-01-29 18:42:55,489 INFO c.h.h.t.HelmChartContainer - [hivemq-test-hivemq-platform] [hivemq-platform-operator] [f4b9e550] 18:42:55.485 [pool-6-thread-23] DEBUG c.h.p.o.dependants.PodInfoConfigMap - [customop] Desired PodInfo ConfigMap (metrics port: 9399) (metrics path: /)
2025-01-29 18:42:55,489 INFO c.h.h.t.HelmChartContainer - [hivemq-test-hivemq-platform] [hivemq-platform-operator] [f4b9e550] 18:42:55.485 [pool-6-thread-23] DEBUG c.h.p.o.dependants.PodInfoConfigMap - [customop] Desired PodInfo ConfigMap (extension state hash: -1817474005)
2025-01-29 18:42:55,492 INFO c.h.h.t.HelmChartContainer - [hivemq-test-hivemq-platform] [hivemq-platform-operator] [f4b9e550] 18:42:55.490 [pool-6-thread-27] DEBUG c.h.p.o.d.PodServiceAccountResource - [customop] Desired PodServiceAccountResource (serviceAccountName: hivemq-platform-pod-test-hivemq-platform-alpha-tier2)
2025-01-29 18:42:55,492 INFO c.h.h.t.HelmChartContainer - [hivemq-test-hivemq-platform] [hivemq-platform-operator] [f4b9e550] 18:42:55.491 [pool-6-thread-23] DEBUG c.h.p.o.dependants.PodInfoConfigMap - [customop] Update PodInfo ConfigMap
2025-01-29 18:42:55,577 INFO c.h.h.t.HelmChartContainer - [K3S] [alloc.go:330] "allocated clusterIPs" service="customoperatorselectorsit/hivemq-test-hivemq-platform-alpha-tier2-metrics-9399" clusterIPs={"IPv4":"10.43.108.83"}
2025-01-29 18:42:55,577 INFO c.h.h.t.HelmChartContainer - [hivemq-test-hivemq-platform] [hivemq-platform-operator] [f4b9e550] 18:42:55.576 [pool-6-thread-31] DEBUG c.h.p.o.d.PlatformServiceResource - [customop] Desired Platform services (3 services)
2025-01-29 18:42:55,583 INFO c.h.h.t.HelmChartContainer - [hivemq-test-hivemq-platform] [hivemq-platform-operator] [f4b9e550] 18:42:55.579 [pool-6-thread-32] DEBUG c.h.p.o.dependants.PodInfoConfigMap - [customop] Desired PodInfo ConfigMap (1 extensions) (1 enabled)
2025-01-29 18:42:55,589 INFO c.h.h.t.HelmChartContainer - [hivemq-test-hivemq-platform] [hivemq-platform-operator] [f4b9e550] 18:42:55.582 [pool-6-thread-32] DEBUG c.h.p.o.dependants.PodInfoConfigMap - [customop] Desired PodInfo ConfigMap (metrics port: 9399) (metrics path: /)
2025-01-29 18:42:55,589 INFO c.h.h.t.HelmChartContainer - [hivemq-test-hivemq-platform] [hivemq-platform-operator] [f4b9e550] 18:42:55.583 [pool-6-thread-32] DEBUG c.h.p.o.dependants.PodInfoConfigMap - [customop] Desired PodInfo ConfigMap (extension state hash: -1817474005)
2025-01-29 18:42:55,589 INFO c.h.h.t.HelmChartContainer - [hivemq-test-hivemq-platform] [hivemq-platform-operator] [f4b9e550] 18:42:55.585 [pool-6-thread-32] DEBUG c.h.p.o.dependants.PodInfoConfigMap - [customop] Update PodInfo ConfigMap
2025-01-29 18:42:55,671 INFO c.h.h.t.HelmChartContainer - [hivemq-test-hivemq-platform] [hivemq-platform-operator] [f4b9e550] 18:42:55.667 [pool-6-thread-36] DEBUG c.h.p.o.d.PodServiceAccountResource - [customop] Desired PodServiceAccountResource (serviceAccountName: hivemq-platform-pod-test-hivemq-platform-alpha-tier3)
2025-01-29 18:42:55,683 INFO c.h.h.t.HelmChartContainer - [K3S] [alloc.go:330] "allocated clusterIPs" service="customoperatorselectorsit/hivemq-test-hivemq-platform-alpha-tier3-cc-8080" clusterIPs={"IPv4":"10.43.81.195"}
2025-01-29 18:42:55,688 INFO c.h.h.t.HelmChartContainer - [K3S] [alloc.go:330] "allocated clusterIPs" service="customoperatorselectorsit/hivemq-test-hivemq-platform-alpha-tier2-mqtt-1883" clusterIPs={"IPv4":"10.43.167.43"}
2025-01-29 18:42:55,776 INFO c.h.h.t.HelmChartContainer - [K3S] [alloc.go:330] "allocated clusterIPs" service="customoperatorselectorsit/hivemq-test-hivemq-platform-alpha-tier2-cc-8080" clusterIPs={"IPv4":"10.43.219.223"}
2025-01-29 18:42:55,782 INFO c.h.h.t.HelmChartContainer - [K3S] [alloc.go:330] "allocated clusterIPs" service="customoperatorselectorsit/hivemq-test-hivemq-platform-alpha-tier3-mqtt-1883" clusterIPs={"IPv4":"10.43.233.142"}
2025-01-29 18:42:55,869 INFO c.h.h.t.HelmChartContainer - [hivemq-test-hivemq-platform] [hivemq-platform-operator] [f4b9e550] 18:42:55.866 [pool-6-thread-39] DEBUG c.h.p.o.d.StatefulSetResource - [customop] Desired StatefulSet (1 replicas) for status STARTING (READY)
2025-01-29 18:42:55,876 INFO c.h.h.t.HelmChartContainer - [K3S] [alloc.go:330] "allocated clusterIPs" service="customoperatorselectorsit/hivemq-test-hivemq-platform-alpha-tier3-metrics-9399" clusterIPs={"IPv4":"10.43.12.28"}
2025-01-29 18:42:55,968 INFO c.h.h.t.HelmChartContainer - [hivemq-test-hivemq-platform] [hivemq-platform-operator] [f4b9e550] 18:42:55.965 [pool-6-thread-39] DEBUG c.h.p.o.d.StatefulSetResource - [customop] Create StatefulSet
2025-01-29 18:42:55,968 INFO c.h.h.t.HelmChartContainer - [hivemq-test-hivemq-platform] [hivemq-platform-operator] [f4b9e550] 18:42:55.966 [pool-6-thread-40] DEBUG c.h.p.o.d.StatefulSetResource - [customop] Desired StatefulSet (1 replicas) for status STARTING (READY)
2025-01-29 18:42:55,972 INFO c.h.h.t.HelmChartContainer - [hivemq-test-hivemq-platform] [hivemq-platform-operator] [f4b9e550] 18:42:55.970 [pool-6-thread-40] DEBUG c.h.p.o.d.StatefulSetResource - [customop] Create StatefulSet
2025-01-29 18:42:56,023 INFO c.h.h.t.HelmChartContainer - [POD] test-hivemq-platform-alpha-tier2-0 [0909fff3-79bb-4a7a-8fd5-8dfbd83ca8d5] in customoperatorselectorsit was ADDED
2025-01-29 18:42:56,023 INFO c.h.h.t.HelmChartContainer - [EVENT] Normal [SuccessfulCreate] create Pod test-hivemq-platform-alpha-tier2-0 in StatefulSet test-hivemq-platform-alpha-tier2 successful [customoperatorselectorsit:test-hivemq-platform-alpha-tier2]
2025-01-29 18:42:56,028 INFO c.h.h.t.HelmChartContainer - [EVENT] Normal [Scheduled] Successfully assigned customoperatorselectorsit/test-hivemq-platform-alpha-tier2-0 to 90e6ebb001dc [customoperatorselectorsit:test-hivemq-platform-alpha-tier2-0]
2025-01-29 18:42:56,029 INFO c.h.h.t.HelmChartContainer - [POD] test-hivemq-platform-alpha-tier2-0 [0909fff3-79bb-4a7a-8fd5-8dfbd83ca8d5] in customoperatorselectorsit was MODIFIED
2025-01-29 18:42:56,037 INFO c.h.h.t.HelmChartContainer - [POD] test-hivemq-platform-alpha-tier2-0 [0909fff3-79bb-4a7a-8fd5-8dfbd83ca8d5] in customoperatorselectorsit was MODIFIED
2025-01-29 18:42:56,061 INFO c.h.h.t.HelmChartContainer - [K3S] [reconciler_common.go:251] "operationExecutor.VerifyControllerAttachedVolume started for volume \"operator-init\" (UniqueName: \"kubernetes.io/empty-dir/0909fff3-79bb-4a7a-8fd5-8dfbd83ca8d5-operator-init\") pod \"test-hivemq-platform-alpha-tier2-0\" (UID: \"0909fff3-79bb-4a7a-8fd5-8dfbd83ca8d5\") " pod="customoperatorselectorsit/test-hivemq-platform-alpha-tier2-0"
2025-01-29 18:42:56,061 INFO c.h.h.t.HelmChartContainer - [K3S] [reconciler_common.go:251] "operationExecutor.VerifyControllerAttachedVolume started for volume \"pod-info\" (UniqueName: \"kubernetes.io/configmap/0909fff3-79bb-4a7a-8fd5-8dfbd83ca8d5-pod-info\") pod \"test-hivemq-platform-alpha-tier2-0\" (UID: \"0909fff3-79bb-4a7a-8fd5-8dfbd83ca8d5\") " pod="customoperatorselectorsit/test-hivemq-platform-alpha-tier2-0"
2025-01-29 18:42:56,061 INFO c.h.h.t.HelmChartContainer - [K3S] [reconciler_common.go:251] "operationExecutor.VerifyControllerAttachedVolume started for volume \"broker-configuration\" (UniqueName: \"kubernetes.io/configmap/0909fff3-79bb-4a7a-8fd5-8dfbd83ca8d5-broker-configuration\") pod \"test-hivemq-platform-alpha-tier2-0\" (UID: \"0909fff3-79bb-4a7a-8fd5-8dfbd83ca8d5\") " pod="customoperatorselectorsit/test-hivemq-platform-alpha-tier2-0"
2025-01-29 18:42:56,061 INFO c.h.h.t.HelmChartContainer - [K3S] [reconciler_common.go:251] "operationExecutor.VerifyControllerAttachedVolume started for volume \"kube-api-access-x2882\" (UniqueName: \"kubernetes.io/projected/0909fff3-79bb-4a7a-8fd5-8dfbd83ca8d5-kube-api-access-x2882\") pod \"test-hivemq-platform-alpha-tier2-0\" (UID: \"0909fff3-79bb-4a7a-8fd5-8dfbd83ca8d5\") " pod="customoperatorselectorsit/test-hivemq-platform-alpha-tier2-0"
2025-01-29 18:42:56,070 INFO c.h.h.t.HelmChartContainer - [hivemq-test-hivemq-platform] [hivemq-platform-operator] [f4b9e550] 18:42:56.067 [ReconcilerExecutor-hivemq-controller-78] INFO  c.h.p.o.HiveMQPlatformReconciler - [customop] Reconciling HiveMQ Platform 'test-hivemq-platform-alpha-tier2' in namespace 'customoperatorselectorsit'
2025-01-29 18:42:56,070 INFO c.h.h.t.HelmChartContainer - [hivemq-test-hivemq-platform] [hivemq-platform-operator] [f4b9e550] 18:42:56.067 [ReconcilerExecutor-hivemq-controller-78] DEBUG c.h.p.o.HiveMQPlatformReconciler - [customop] Custom Resource Status STARTING - HiveMQ Platform is starting (READY)
2025-01-29 18:42:56,070 INFO c.h.h.t.HelmChartContainer - [hivemq-test-hivemq-platform] [hivemq-platform-operator] [f4b9e550] 18:42:56.067 [ReconcilerExecutor-hivemq-controller-78] DEBUG c.h.p.o.HiveMQPlatformReconciler - [customop] Custom Resource Spec (replicas: 1) (extensions: 1)
2025-01-29 18:42:56,078 INFO c.h.h.t.HelmChartContainer - [hivemq-test-hivemq-platform] [hivemq-platform-operator] [f4b9e550] 18:42:56.077 [ReconcilerExecutor-hivemq-controller-78] DEBUG c.h.p.o.HiveMQPlatformReconciler - [customop] StatefulSet Status (revision: null, replicas: 0, available: 0, ready: 0, current: 0, updated: 0)
2025-01-29 18:42:56,079 INFO c.h.h.t.HelmChartContainer - [hivemq-test-hivemq-platform] [hivemq-platform-operator] [f4b9e550] 18:42:56.078 [ReconcilerExecutor-hivemq-controller-78] DEBUG c.h.p.o.HiveMQPlatformReconciler - [customop] StatefulSet Spec (replicas: 1, init containers: 1, containers: 1, volumes: 3)
2025-01-29 18:42:56,091 INFO c.h.h.t.HelmChartContainer - [POD] test-hivemq-platform-alpha-tier3-0 [c953a0b7-1dea-43c3-91a8-311e0eac6098] in customoperatorselectorsit was ADDED
2025-01-29 18:42:56,092 INFO c.h.h.t.HelmChartContainer - [EVENT] Normal [SuccessfulCreate] create Pod test-hivemq-platform-alpha-tier3-0 in StatefulSet test-hivemq-platform-alpha-tier3 successful [customoperatorselectorsit:test-hivemq-platform-alpha-tier3]
2025-01-29 18:42:56,098 INFO c.h.h.t.HelmChartContainer - [EVENT] Normal [Scheduled] Successfully assigned customoperatorselectorsit/test-hivemq-platform-alpha-tier3-0 to 90e6ebb001dc [customoperatorselectorsit:test-hivemq-platform-alpha-tier3-0]
2025-01-29 18:42:56,099 INFO c.h.h.t.HelmChartContainer - [POD] test-hivemq-platform-alpha-tier3-0 [c953a0b7-1dea-43c3-91a8-311e0eac6098] in customoperatorselectorsit was MODIFIED
2025-01-29 18:42:56,108 INFO c.h.h.t.HelmChartContainer - [POD] test-hivemq-platform-alpha-tier3-0 [c953a0b7-1dea-43c3-91a8-311e0eac6098] in customoperatorselectorsit was MODIFIED
2025-01-29 18:42:56,162 INFO c.h.h.t.HelmChartContainer - [K3S] [reconciler_common.go:251] "operationExecutor.VerifyControllerAttachedVolume started for volume \"broker-configuration\" (UniqueName: \"kubernetes.io/configmap/c953a0b7-1dea-43c3-91a8-311e0eac6098-broker-configuration\") pod \"test-hivemq-platform-alpha-tier3-0\" (UID: \"c953a0b7-1dea-43c3-91a8-311e0eac6098\") " pod="customoperatorselectorsit/test-hivemq-platform-alpha-tier3-0"
2025-01-29 18:42:56,162 INFO c.h.h.t.HelmChartContainer - [K3S] [reconciler_common.go:251] "operationExecutor.VerifyControllerAttachedVolume started for volume \"kube-api-access-2dp97\" (UniqueName: \"kubernetes.io/projected/c953a0b7-1dea-43c3-91a8-311e0eac6098-kube-api-access-2dp97\") pod \"test-hivemq-platform-alpha-tier3-0\" (UID: \"c953a0b7-1dea-43c3-91a8-311e0eac6098\") " pod="customoperatorselectorsit/test-hivemq-platform-alpha-tier3-0"
2025-01-29 18:42:56,162 INFO c.h.h.t.HelmChartContainer - [K3S] [reconciler_common.go:251] "operationExecutor.VerifyControllerAttachedVolume started for volume \"pod-info\" (UniqueName: \"kubernetes.io/configmap/c953a0b7-1dea-43c3-91a8-311e0eac6098-pod-info\") pod \"test-hivemq-platform-alpha-tier3-0\" (UID: \"c953a0b7-1dea-43c3-91a8-311e0eac6098\") " pod="customoperatorselectorsit/test-hivemq-platform-alpha-tier3-0"
2025-01-29 18:42:56,162 INFO c.h.h.t.HelmChartContainer - [K3S] [reconciler_common.go:251] "operationExecutor.VerifyControllerAttachedVolume started for volume \"operator-init\" (UniqueName: \"kubernetes.io/empty-dir/c953a0b7-1dea-43c3-91a8-311e0eac6098-operator-init\") pod \"test-hivemq-platform-alpha-tier3-0\" (UID: \"c953a0b7-1dea-43c3-91a8-311e0eac6098\") " pod="customoperatorselectorsit/test-hivemq-platform-alpha-tier3-0"
2025-01-29 18:42:56,169 INFO c.h.h.t.HelmChartContainer - [hivemq-test-hivemq-platform] [hivemq-platform-operator] [f4b9e550] 18:42:56.166 [ReconcilerExecutor-hivemq-controller-88] INFO  c.h.p.o.HiveMQPlatformReconciler - [customop] Reconciling HiveMQ Platform 'test-hivemq-platform-alpha-tier3' in namespace 'customoperatorselectorsit'
2025-01-29 18:42:56,169 INFO c.h.h.t.HelmChartContainer - [hivemq-test-hivemq-platform] [hivemq-platform-operator] [f4b9e550] 18:42:56.166 [ReconcilerExecutor-hivemq-controller-88] DEBUG c.h.p.o.HiveMQPlatformReconciler - [customop] Custom Resource Status STARTING - HiveMQ Platform is starting (READY)
2025-01-29 18:42:56,169 INFO c.h.h.t.HelmChartContainer - [hivemq-test-hivemq-platform] [hivemq-platform-operator] [f4b9e550] 18:42:56.166 [ReconcilerExecutor-hivemq-controller-88] DEBUG c.h.p.o.HiveMQPlatformReconciler - [customop] Custom Resource Spec (replicas: 1) (extensions: 1)
2025-01-29 18:42:56,169 INFO c.h.h.t.HelmChartContainer - [hivemq-test-hivemq-platform] [hivemq-platform-operator] [f4b9e550] 18:42:56.167 [ReconcilerExecutor-hivemq-controller-88] DEBUG c.h.p.o.HiveMQPlatformReconciler - [customop] StatefulSet Status (revision: null, replicas: 0, available: 0, ready: 0, current: 0, updated: 0)
2025-01-29 18:42:56,169 INFO c.h.h.t.HelmChartContainer - [hivemq-test-hivemq-platform] [hivemq-platform-operator] [f4b9e550] 18:42:56.167 [ReconcilerExecutor-hivemq-controller-88] DEBUG c.h.p.o.HiveMQPlatformReconciler - [customop] StatefulSet Spec (replicas: 1, init containers: 1, containers: 1, volumes: 3)
2025-01-29 18:42:56,172 INFO c.h.h.t.HelmChartContainer - [hivemq-test-hivemq-platform] [hivemq-platform-operator] [f4b9e550] 18:42:56.168 [ReconcilerExecutor-hivemq-controller-88] INFO  c.h.p.o.h.HiveMQPlatformReconcilerBaseHandler - [customop] HiveMQ Platform is starting, 0 of 1 replicas are ready
2025-01-29 18:42:56,181 INFO c.h.h.t.HelmChartContainer - [hivemq-test-hivemq-platform] [hivemq-platform-operator] [f4b9e550] 18:42:56.177 [ReconcilerExecutor-hivemq-controller-78] DEBUG c.h.p.o.h.HiveMQPlatformReconcilerErrorHandler - [customop] Pod 'test-hivemq-platform-alpha-tier2-0' phase Pending
2025-01-29 18:42:56,181 INFO c.h.h.t.HelmChartContainer - [hivemq-test-hivemq-platform] [hivemq-platform-operator] [f4b9e550] 18:42:56.178 [ReconcilerExecutor-hivemq-controller-78] DEBUG c.h.p.o.h.HiveMQPlatformReconcilerErrorHandler - [customop] Pod 'test-hivemq-platform-alpha-tier2-0' condition 'PodReadyToStartContainers': False
2025-01-29 18:42:56,181 INFO c.h.h.t.HelmChartContainer - [hivemq-test-hivemq-platform] [hivemq-platform-operator] [f4b9e550] 18:42:56.178 [ReconcilerExecutor-hivemq-controller-78] DEBUG c.h.p.o.h.HiveMQPlatformReconcilerErrorHandler - [customop] Pod 'test-hivemq-platform-alpha-tier2-0' condition 'Initialized': False
2025-01-29 18:42:56,181 INFO c.h.h.t.HelmChartContainer - [hivemq-test-hivemq-platform] [hivemq-platform-operator] [f4b9e550] 18:42:56.178 [ReconcilerExecutor-hivemq-controller-78] DEBUG c.h.p.o.h.HiveMQPlatformReconcilerErrorHandler - [customop] Pod 'test-hivemq-platform-alpha-tier2-0' condition 'Ready': False
2025-01-29 18:42:56,181 INFO c.h.h.t.HelmChartContainer - [hivemq-test-hivemq-platform] [hivemq-platform-operator] [f4b9e550] 18:42:56.178 [ReconcilerExecutor-hivemq-controller-78] DEBUG c.h.p.o.h.HiveMQPlatformReconcilerErrorHandler - [customop] Pod 'test-hivemq-platform-alpha-tier2-0' condition 'ContainersReady': False
2025-01-29 18:42:56,181 INFO c.h.h.t.HelmChartContainer - [hivemq-test-hivemq-platform] [hivemq-platform-operator] [f4b9e550] 18:42:56.179 [ReconcilerExecutor-hivemq-controller-78] DEBUG c.h.p.o.h.HiveMQPlatformReconcilerErrorHandler - [customop] Pod 'test-hivemq-platform-alpha-tier2-0' condition 'PodScheduled': True
2025-01-29 18:42:56,181 INFO c.h.h.t.HelmChartContainer - [hivemq-test-hivemq-platform] [hivemq-platform-operator] [f4b9e550] 18:42:56.179 [ReconcilerExecutor-hivemq-controller-78] DEBUG c.h.p.o.h.HiveMQPlatformReconcilerErrorHandler - [customop] Pod 'test-hivemq-platform-alpha-tier2-0' containerStatus 'hivemq' (started: false) (ready: false) (waiting: [PodInitializing] null)
2025-01-29 18:42:56,181 INFO c.h.h.t.HelmChartContainer - [hivemq-test-hivemq-platform] [hivemq-platform-operator] [f4b9e550] 18:42:56.180 [pool-6-thread-42] DEBUG c.h.p.o.d.PlatformServiceResource - [customop] Desired Platform services (3 services)
2025-01-29 18:42:56,182 INFO c.h.h.t.HelmChartContainer - [hivemq-test-hivemq-platform] [hivemq-platform-operator] [f4b9e550] 18:42:56.181 [ReconcilerExecutor-hivemq-controller-78] INFO  c.h.p.o.h.HiveMQPlatformReconcilerBaseHandler - [customop] HiveMQ Platform is starting, 0 of 1 replicas are ready
2025-01-29 18:42:56,268 INFO c.h.h.t.HelmChartContainer - [hivemq-test-hivemq-platform] [hivemq-platform-operator] [f4b9e550] 18:42:56.266 [pool-6-thread-43] DEBUG c.h.p.o.dependants.PodInfoConfigMap - [customop] Desired PodInfo ConfigMap (1 extensions) (1 enabled)
2025-01-29 18:42:56,268 INFO c.h.h.t.HelmChartContainer - [hivemq-test-hivemq-platform] [hivemq-platform-operator] [f4b9e550] 18:42:56.267 [pool-6-thread-43] DEBUG c.h.p.o.dependants.PodInfoConfigMap - [customop] Desired PodInfo ConfigMap (metrics port: 9399) (metrics path: /)
2025-01-29 18:42:56,268 INFO c.h.h.t.HelmChartContainer - [hivemq-test-hivemq-platform] [hivemq-platform-operator] [f4b9e550] 18:42:56.267 [pool-6-thread-43] DEBUG c.h.p.o.dependants.PodInfoConfigMap - [customop] Desired PodInfo ConfigMap (extension state hash: -1817474005)
2025-01-29 18:42:56,272 INFO c.h.h.t.HelmChartContainer - [hivemq-test-hivemq-platform] [hivemq-platform-operator] [f4b9e550] 18:42:56.271 [pool-6-thread-48] DEBUG c.h.p.o.d.PodServiceAccountResource - [customop] Desired PodServiceAccountResource (serviceAccountName: hivemq-platform-pod-test-hivemq-platform-alpha-tier3)
2025-01-29 18:42:56,274 INFO c.h.h.t.HelmChartContainer - [hivemq-test-hivemq-platform] [hivemq-platform-operator] [f4b9e550] 18:42:56.272 [pool-6-thread-50] DEBUG c.h.p.o.d.PlatformServiceResource - [customop] Desired Platform services (3 services)
2025-01-29 18:42:56,280 INFO c.h.h.t.HelmChartContainer - [hivemq-test-hivemq-platform] [hivemq-platform-operator] [f4b9e550] 18:42:56.276 [pool-6-thread-48] DEBUG c.h.p.o.dependants.PodInfoConfigMap - [customop] Desired PodInfo ConfigMap (1 extensions) (1 enabled)
2025-01-29 18:42:56,281 INFO c.h.h.t.HelmChartContainer - [hivemq-test-hivemq-platform] [hivemq-platform-operator] [f4b9e550] 18:42:56.277 [pool-6-thread-48] DEBUG c.h.p.o.dependants.PodInfoConfigMap - [customop] Desired PodInfo ConfigMap (metrics port: 9399) (metrics path: /)
2025-01-29 18:42:56,281 INFO c.h.h.t.HelmChartContainer - [hivemq-test-hivemq-platform] [hivemq-platform-operator] [f4b9e550] 18:42:56.277 [pool-6-thread-16] DEBUG c.h.p.o.d.PodServiceAccountResource - [customop] Desired PodServiceAccountResource (serviceAccountName: hivemq-platform-pod-test-hivemq-platform-alpha-tier2)
2025-01-29 18:42:56,282 INFO c.h.h.t.HelmChartContainer - [hivemq-test-hivemq-platform] [hivemq-platform-operator] [f4b9e550] 18:42:56.280 [pool-6-thread-48] DEBUG c.h.p.o.dependants.PodInfoConfigMap - [customop] Desired PodInfo ConfigMap (extension state hash: -1817474005)
2025-01-29 18:42:56,370 INFO c.h.h.t.HelmChartContainer - [hivemq-test-hivemq-platform] [hivemq-platform-operator] [f4b9e550] 18:42:56.367 [pool-6-thread-49] DEBUG c.h.p.o.d.StatefulSetResource - [customop] Desired StatefulSet (1 replicas) for status STARTING (READY)
2025-01-29 18:42:56,372 INFO c.h.h.t.HelmChartContainer - [hivemq-test-hivemq-platform] [hivemq-platform-operator] [f4b9e550] 18:42:56.369 [pool-6-thread-50] DEBUG c.h.p.o.d.StatefulSetResource - [customop] Desired StatefulSet (1 replicas) for status STARTING (READY)
2025-01-29 18:42:56,376 INFO c.h.h.t.HelmChartContainer - [hivemq-test-hivemq-platform] [hivemq-platform-operator] [f4b9e550] 18:42:56.375 [ReconcilerExecutor-hivemq-controller-103] INFO  c.h.p.o.HiveMQPlatformReconciler - [customop] Reconciling HiveMQ Platform 'test-hivemq-platform-alpha-tier2' in namespace 'customoperatorselectorsit'
2025-01-29 18:42:56,377 INFO c.h.h.t.HelmChartContainer - [hivemq-test-hivemq-platform] [hivemq-platform-operator] [f4b9e550] 18:42:56.376 [ReconcilerExecutor-hivemq-controller-103] DEBUG c.h.p.o.HiveMQPlatformReconciler - [customop] Custom Resource Status STARTING - HiveMQ Platform is starting (READY)
2025-01-29 18:42:56,377 INFO c.h.h.t.HelmChartContainer - [hivemq-test-hivemq-platform] [hivemq-platform-operator] [f4b9e550] 18:42:56.376 [ReconcilerExecutor-hivemq-controller-103] DEBUG c.h.p.o.HiveMQPlatformReconciler - [customop] Custom Resource Spec (replicas: 1) (extensions: 1)
2025-01-29 18:42:56,380 INFO c.h.h.t.HelmChartContainer - [hivemq-test-hivemq-platform] [hivemq-platform-operator] [f4b9e550] 18:42:56.378 [ReconcilerExecutor-hivemq-controller-100] INFO  c.h.p.o.HiveMQPlatformReconciler - [customop] Reconciling HiveMQ Platform 'test-hivemq-platform-alpha-tier3' in namespace 'customoperatorselectorsit'
2025-01-29 18:42:56,383 INFO c.h.h.t.HelmChartContainer - [hivemq-test-hivemq-platform] [hivemq-platform-operator] [f4b9e550] 18:42:56.379 [ReconcilerExecutor-hivemq-controller-100] DEBUG c.h.p.o.HiveMQPlatformReconciler - [customop] Custom Resource Status STARTING - HiveMQ Platform is starting (READY)
2025-01-29 18:42:56,383 INFO c.h.h.t.HelmChartContainer - [hivemq-test-hivemq-platform] [hivemq-platform-operator] [f4b9e550] 18:42:56.379 [ReconcilerExecutor-hivemq-controller-100] DEBUG c.h.p.o.HiveMQPlatformReconciler - [customop] Custom Resource Spec (replicas: 1) (extensions: 1)
2025-01-29 18:42:56,383 INFO c.h.h.t.HelmChartContainer - [hivemq-test-hivemq-platform] [hivemq-platform-operator] [f4b9e550] 18:42:56.381 [ReconcilerExecutor-hivemq-controller-103] DEBUG c.h.p.o.HiveMQPlatformReconciler - [customop] StatefulSet Status (revision: test-hivemq-platform-alpha-tier2-5888b5495b, replicas: 1, available: 0, ready: 0, current: 1, updated: 1)
2025-01-29 18:42:56,383 INFO c.h.h.t.HelmChartContainer - [hivemq-test-hivemq-platform] [hivemq-platform-operator] [f4b9e550] 18:42:56.381 [ReconcilerExecutor-hivemq-controller-103] DEBUG c.h.p.o.HiveMQPlatformReconciler - [customop] StatefulSet Spec (replicas: 1, init containers: 1, containers: 1, volumes: 3)
2025-01-29 18:42:56,384 INFO c.h.h.t.HelmChartContainer - [hivemq-test-hivemq-platform] [hivemq-platform-operator] [f4b9e550] 18:42:56.383 [ReconcilerExecutor-hivemq-controller-100] DEBUG c.h.p.o.HiveMQPlatformReconciler - [customop] StatefulSet Status (revision: test-hivemq-platform-alpha-tier3-7ccdb49877, replicas: 1, available: 0, ready: 0, current: 1, updated: 1)
2025-01-29 18:42:56,440 INFO c.h.h.t.HelmChartContainer - [EVENT] Normal [Pulled] Container image "docker.io/hivemq/hivemq-platform-operator-init-test:snapshot" already present on machine [customoperatorselectorsit:test-hivemq-platform-alpha-tier2-0]
2025-01-29 18:42:56,472 INFO c.h.h.t.HelmChartContainer - [hivemq-test-hivemq-platform] [hivemq-platform-operator] [f4b9e550] 18:42:56.384 [ReconcilerExecutor-hivemq-controller-103] DEBUG c.h.p.o.h.HiveMQPlatformReconcilerErrorHandler - [customop] Pod 'test-hivemq-platform-alpha-tier2-0' phase Pending
2025-01-29 18:42:56,472 INFO c.h.h.t.HelmChartContainer - [hivemq-test-hivemq-platform] [hivemq-platform-operator] [f4b9e550] 18:42:56.464 [ReconcilerExecutor-hivemq-controller-100] DEBUG c.h.p.o.HiveMQPlatformReconciler - [customop] StatefulSet Spec (replicas: 1, init containers: 1, containers: 1, volumes: 3)
2025-01-29 18:42:56,472 INFO c.h.h.t.HelmChartContainer - [hivemq-test-hivemq-platform] [hivemq-platform-operator] [f4b9e550] 18:42:56.464 [ReconcilerExecutor-hivemq-controller-103] DEBUG c.h.p.o.h.HiveMQPlatformReconcilerErrorHandler - [customop] Pod 'test-hivemq-platform-alpha-tier2-0' condition 'PodReadyToStartContainers': False
2025-01-29 18:42:56,472 INFO c.h.h.t.HelmChartContainer - [hivemq-test-hivemq-platform] [hivemq-platform-operator] [f4b9e550] 18:42:56.464 [ReconcilerExecutor-hivemq-controller-103] DEBUG c.h.p.o.h.HiveMQPlatformReconcilerErrorHandler - [customop] Pod 'test-hivemq-platform-alpha-tier2-0' condition 'Initialized': False
2025-01-29 18:42:56,472 INFO c.h.h.t.HelmChartContainer - [hivemq-test-hivemq-platform] [hivemq-platform-operator] [f4b9e550] 18:42:56.464 [ReconcilerExecutor-hivemq-controller-103] DEBUG c.h.p.o.h.HiveMQPlatformReconcilerErrorHandler - [customop] Pod 'test-hivemq-platform-alpha-tier2-0' condition 'Ready': False
2025-01-29 18:42:56,472 INFO c.h.h.t.HelmChartContainer - [hivemq-test-hivemq-platform] [hivemq-platform-operator] [f4b9e550] 18:42:56.464 [ReconcilerExecutor-hivemq-controller-103] DEBUG c.h.p.o.h.HiveMQPlatformReconcilerErrorHandler - [customop] Pod 'test-hivemq-platform-alpha-tier2-0' condition 'ContainersReady': False
2025-01-29 18:42:56,472 INFO c.h.h.t.HelmChartContainer - [hivemq-test-hivemq-platform] [hivemq-platform-operator] [f4b9e550] 18:42:56.464 [ReconcilerExecutor-hivemq-controller-103] DEBUG c.h.p.o.h.HiveMQPlatformReconcilerErrorHandler - [customop] Pod 'test-hivemq-platform-alpha-tier2-0' condition 'PodScheduled': True
2025-01-29 18:42:56,472 INFO c.h.h.t.HelmChartContainer - [hivemq-test-hivemq-platform] [hivemq-platform-operator] [f4b9e550] 18:42:56.464 [ReconcilerExecutor-hivemq-controller-103] DEBUG c.h.p.o.h.HiveMQPlatformReconcilerErrorHandler - [customop] Pod 'test-hivemq-platform-alpha-tier2-0' containerStatus 'hivemq' (started: false) (ready: false) (waiting: [PodInitializing] null)
2025-01-29 18:42:56,473 INFO c.h.h.t.HelmChartContainer - [hivemq-test-hivemq-platform] [hivemq-platform-operator] [f4b9e550] 18:42:56.470 [ReconcilerExecutor-hivemq-controller-100] DEBUG c.h.p.o.h.HiveMQPlatformReconcilerErrorHandler - [customop] Pod 'test-hivemq-platform-alpha-tier3-0' phase Pending
2025-01-29 18:42:56,473 INFO c.h.h.t.HelmChartContainer - [hivemq-test-hivemq-platform] [hivemq-platform-operator] [f4b9e550] 18:42:56.470 [ReconcilerExecutor-hivemq-controller-100] DEBUG c.h.p.o.h.HiveMQPlatformReconcilerErrorHandler - [customop] Pod 'test-hivemq-platform-alpha-tier3-0' condition 'PodReadyToStartContainers': False
2025-01-29 18:42:56,473 INFO c.h.h.t.HelmChartContainer - [hivemq-test-hivemq-platform] [hivemq-platform-operator] [f4b9e550] 18:42:56.470 [ReconcilerExecutor-hivemq-controller-100] DEBUG c.h.p.o.h.HiveMQPlatformReconcilerErrorHandler - [customop] Pod 'test-hivemq-platform-alpha-tier3-0' condition 'Initialized': False
2025-01-29 18:42:56,473 INFO c.h.h.t.HelmChartContainer - [hivemq-test-hivemq-platform] [hivemq-platform-operator] [f4b9e550] 18:42:56.470 [ReconcilerExecutor-hivemq-controller-100] DEBUG c.h.p.o.h.HiveMQPlatformReconcilerErrorHandler - [customop] Pod 'test-hivemq-platform-alpha-tier3-0' condition 'Ready': False
2025-01-29 18:42:56,473 INFO c.h.h.t.HelmChartContainer - [hivemq-test-hivemq-platform] [hivemq-platform-operator] [f4b9e550] 18:42:56.470 [ReconcilerExecutor-hivemq-controller-100] DEBUG c.h.p.o.h.HiveMQPlatformReconcilerErrorHandler - [customop] Pod 'test-hivemq-platform-alpha-tier3-0' condition 'ContainersReady': False
2025-01-29 18:42:56,473 INFO c.h.h.t.HelmChartContainer - [hivemq-test-hivemq-platform] [hivemq-platform-operator] [f4b9e550] 18:42:56.470 [ReconcilerExecutor-hivemq-controller-100] DEBUG c.h.p.o.h.HiveMQPlatformReconcilerErrorHandler - [customop] Pod 'test-hivemq-platform-alpha-tier3-0' condition 'PodScheduled': True
2025-01-29 18:42:56,473 INFO c.h.h.t.HelmChartContainer - [hivemq-test-hivemq-platform] [hivemq-platform-operator] [f4b9e550] 18:42:56.470 [ReconcilerExecutor-hivemq-controller-100] DEBUG c.h.p.o.h.HiveMQPlatformReconcilerErrorHandler - [customop] Pod 'test-hivemq-platform-alpha-tier3-0' containerStatus 'hivemq' (started: false) (ready: false) (waiting: [PodInitializing] null)
2025-01-29 18:42:56,473 INFO c.h.h.t.HelmChartContainer - [hivemq-test-hivemq-platform] [hivemq-platform-operator] [f4b9e550] 18:42:56.471 [ReconcilerExecutor-hivemq-controller-100] INFO  c.h.p.o.h.HiveMQPlatformReconcilerBaseHandler - [customop] HiveMQ Platform is starting, 0 of 1 replicas are ready
2025-01-29 18:42:56,473 INFO c.h.h.t.HelmChartContainer - [hivemq-test-hivemq-platform] [hivemq-platform-operator] [f4b9e550] 18:42:56.471 [ReconcilerExecutor-hivemq-controller-103] INFO  c.h.p.o.h.HiveMQPlatformReconcilerBaseHandler - [customop] HiveMQ Platform is starting, 0 of 1 replicas are ready
2025-01-29 18:42:56,484 INFO c.h.h.t.HelmChartContainer - [hivemq-test-hivemq-platform] [hivemq-platform-operator] [f4b9e550] 18:42:56.483 [pool-6-thread-13] DEBUG c.h.p.o.d.PlatformServiceResource - [customop] Desired Platform services (3 services)
2025-01-29 18:42:56,487 INFO c.h.h.t.HelmChartContainer - [hivemq-test-hivemq-platform] [hivemq-platform-operator] [f4b9e550] 18:42:56.487 [pool-6-thread-4] DEBUG c.h.p.o.d.PodServiceAccountResource - [customop] Desired PodServiceAccountResource (serviceAccountName: hivemq-platform-pod-test-hivemq-platform-alpha-tier3)
2025-01-29 18:42:56,493 INFO c.h.h.t.HelmChartContainer - [hivemq-test-hivemq-platform] [hivemq-platform-operator] [f4b9e550] 18:42:56.490 [pool-6-thread-3] DEBUG c.h.p.o.dependants.PodInfoConfigMap - [customop] Desired PodInfo ConfigMap (1 extensions) (1 enabled)
2025-01-29 18:42:56,495 INFO c.h.h.t.HelmChartContainer - [hivemq-test-hivemq-platform] [hivemq-platform-operator] [f4b9e550] 18:42:56.491 [pool-6-thread-3] DEBUG c.h.p.o.dependants.PodInfoConfigMap - [customop] Desired PodInfo ConfigMap (metrics port: 9399) (metrics path: /)
2025-01-29 18:42:56,495 INFO c.h.h.t.HelmChartContainer - [hivemq-test-hivemq-platform] [hivemq-platform-operator] [f4b9e550] 18:42:56.491 [pool-6-thread-3] DEBUG c.h.p.o.dependants.PodInfoConfigMap - [customop] Desired PodInfo ConfigMap (extension state hash: -1817474005)
2025-01-29 18:42:56,527 INFO c.h.h.t.HelmChartContainer - [EVENT] Normal [Pulled] Container image "docker.io/hivemq/hivemq-platform-operator-init-test:snapshot" already present on machine [customoperatorselectorsit:test-hivemq-platform-alpha-tier3-0]
2025-01-29 18:42:56,570 INFO c.h.h.t.HelmChartContainer - [hivemq-test-hivemq-platform] [hivemq-platform-operator] [f4b9e550] 18:42:56.567 [pool-6-thread-20] DEBUG c.h.p.o.d.StatefulSetResource - [customop] Desired StatefulSet (1 replicas) for status STARTING (READY)
2025-01-29 18:42:56,578 INFO c.h.h.t.HelmChartContainer - [hivemq-test-hivemq-platform] [hivemq-platform-operator] [f4b9e550] 18:42:56.574 [ReconcilerExecutor-hivemq-controller-112] INFO  c.h.p.o.HiveMQPlatformReconciler - [customop] Reconciling HiveMQ Platform 'test-hivemq-platform-alpha-tier3' in namespace 'customoperatorselectorsit'
2025-01-29 18:42:56,578 INFO c.h.h.t.HelmChartContainer - [hivemq-test-hivemq-platform] [hivemq-platform-operator] [f4b9e550] 18:42:56.575 [ReconcilerExecutor-hivemq-controller-112] DEBUG c.h.p.o.HiveMQPlatformReconciler - [customop] Custom Resource Status STARTING - HiveMQ Platform is starting (READY)
2025-01-29 18:42:56,578 INFO c.h.h.t.HelmChartContainer - [hivemq-test-hivemq-platform] [hivemq-platform-operator] [f4b9e550] 18:42:56.575 [ReconcilerExecutor-hivemq-controller-112] DEBUG c.h.p.o.HiveMQPlatformReconciler - [customop] Custom Resource Spec (replicas: 1) (extensions: 1)
2025-01-29 18:42:56,583 INFO c.h.h.t.HelmChartContainer - [hivemq-test-hivemq-platform] [hivemq-platform-operator] [f4b9e550] 18:42:56.577 [ReconcilerExecutor-hivemq-controller-112] DEBUG c.h.p.o.HiveMQPlatformReconciler - [customop] StatefulSet Status (revision: test-hivemq-platform-alpha-tier3-7ccdb49877, replicas: 1, available: 0, ready: 0, current: 1, updated: 1)
2025-01-29 18:42:56,583 INFO c.h.h.t.HelmChartContainer - [hivemq-test-hivemq-platform] [hivemq-platform-operator] [f4b9e550] 18:42:56.579 [ReconcilerExecutor-hivemq-controller-112] DEBUG c.h.p.o.HiveMQPlatformReconciler - [customop] StatefulSet Spec (replicas: 1, init containers: 1, containers: 1, volumes: 3)
2025-01-29 18:42:56,583 INFO c.h.h.t.HelmChartContainer - [hivemq-test-hivemq-platform] [hivemq-platform-operator] [f4b9e550] 18:42:56.581 [ReconcilerExecutor-hivemq-controller-112] DEBUG c.h.p.o.h.HiveMQPlatformReconcilerErrorHandler - [customop] Pod 'test-hivemq-platform-alpha-tier3-0' phase Pending
2025-01-29 18:42:56,583 INFO c.h.h.t.HelmChartContainer - [hivemq-test-hivemq-platform] [hivemq-platform-operator] [f4b9e550] 18:42:56.581 [ReconcilerExecutor-hivemq-controller-112] DEBUG c.h.p.o.h.HiveMQPlatformReconcilerErrorHandler - [customop] Pod 'test-hivemq-platform-alpha-tier3-0' condition 'PodReadyToStartContainers': False
2025-01-29 18:42:56,583 INFO c.h.h.t.HelmChartContainer - [hivemq-test-hivemq-platform] [hivemq-platform-operator] [f4b9e550] 18:42:56.581 [ReconcilerExecutor-hivemq-controller-112] DEBUG c.h.p.o.h.HiveMQPlatformReconcilerErrorHandler - [customop] Pod 'test-hivemq-platform-alpha-tier3-0' condition 'Initialized': False
2025-01-29 18:42:56,583 INFO c.h.h.t.HelmChartContainer - [hivemq-test-hivemq-platform] [hivemq-platform-operator] [f4b9e550] 18:42:56.582 [ReconcilerExecutor-hivemq-controller-112] DEBUG c.h.p.o.h.HiveMQPlatformReconcilerErrorHandler - [customop] Pod 'test-hivemq-platform-alpha-tier3-0' condition 'Ready': False
2025-01-29 18:42:56,583 INFO c.h.h.t.HelmChartContainer - [hivemq-test-hivemq-platform] [hivemq-platform-operator] [f4b9e550] 18:42:56.582 [ReconcilerExecutor-hivemq-controller-112] DEBUG c.h.p.o.h.HiveMQPlatformReconcilerErrorHandler - [customop] Pod 'test-hivemq-platform-alpha-tier3-0' condition 'ContainersReady': False
2025-01-29 18:42:56,583 INFO c.h.h.t.HelmChartContainer - [hivemq-test-hivemq-platform] [hivemq-platform-operator] [f4b9e550] 18:42:56.582 [ReconcilerExecutor-hivemq-controller-112] DEBUG c.h.p.o.h.HiveMQPlatformReconcilerErrorHandler - [customop] Pod 'test-hivemq-platform-alpha-tier3-0' condition 'PodScheduled': True
2025-01-29 18:42:56,583 INFO c.h.h.t.HelmChartContainer - [hivemq-test-hivemq-platform] [hivemq-platform-operator] [f4b9e550] 18:42:56.582 [ReconcilerExecutor-hivemq-controller-112] DEBUG c.h.p.o.h.HiveMQPlatformReconcilerErrorHandler - [customop] Pod 'test-hivemq-platform-alpha-tier3-0' containerStatus 'hivemq' (started: false) (ready: false) (waiting: [PodInitializing] null)
2025-01-29 18:42:56,590 INFO c.h.h.t.HelmChartContainer - [hivemq-test-hivemq-platform] [hivemq-platform-operator] [f4b9e550] 18:42:56.586 [ReconcilerExecutor-hivemq-controller-112] INFO  c.h.p.o.h.HiveMQPlatformReconcilerBaseHandler - [customop] HiveMQ Platform is starting, 0 of 1 replicas are ready
2025-01-29 18:42:56,639 INFO c.h.h.t.HelmChartContainer - [EVENT] Normal [Created] Created container: hivemq-platform-operator-init [customoperatorselectorsit:test-hivemq-platform-alpha-tier3-0]
2025-01-29 18:42:56,641 INFO c.h.h.t.HelmChartContainer - [EVENT] Normal [Created] Created container: hivemq-platform-operator-init [customoperatorselectorsit:test-hivemq-platform-alpha-tier2-0]
2025-01-29 18:42:56,683 INFO c.h.h.t.HelmChartContainer - [EVENT] Normal [Started] Started container hivemq-platform-operator-init [customoperatorselectorsit:test-hivemq-platform-alpha-tier2-0]
2025-01-29 18:42:56,687 INFO c.h.h.t.HelmChartContainer - [EVENT] Normal [Started] Started container hivemq-platform-operator-init [customoperatorselectorsit:test-hivemq-platform-alpha-tier3-0]
2025-01-29 18:42:56,831 INFO c.h.h.t.HelmChartContainer - [POD] test-hivemq-platform-alpha-tier3-0 [c953a0b7-1dea-43c3-91a8-311e0eac6098] in customoperatorselectorsit was MODIFIED
2025-01-29 18:42:56,844 INFO c.h.h.t.HelmChartContainer - [POD] test-hivemq-platform-alpha-tier2-0 [0909fff3-79bb-4a7a-8fd5-8dfbd83ca8d5] in customoperatorselectorsit was MODIFIED
2025-01-29 18:42:56,886 INFO c.h.h.t.HelmChartContainer - [hivemq-test-hivemq-platform] [hivemq-platform-operator] [f4b9e550] 18:42:56.881 [pool-6-thread-25] DEBUG c.h.p.o.d.PlatformServiceResource - [customop] Desired Platform services (3 services)
2025-01-29 18:42:56,886 INFO c.h.h.t.HelmChartContainer - [hivemq-test-hivemq-platform] [hivemq-platform-operator] [f4b9e550] 18:42:56.884 [pool-6-thread-26] DEBUG c.h.p.o.dependants.PodInfoConfigMap - [customop] Desired PodInfo ConfigMap (1 extensions) (1 enabled)
2025-01-29 18:42:56,886 INFO c.h.h.t.HelmChartContainer - [hivemq-test-hivemq-platform] [hivemq-platform-operator] [f4b9e550] 18:42:56.884 [pool-6-thread-26] DEBUG c.h.p.o.dependants.PodInfoConfigMap - [customop] Desired PodInfo ConfigMap (metrics port: 9399) (metrics path: /)
2025-01-29 18:42:56,886 INFO c.h.h.t.HelmChartContainer - [hivemq-test-hivemq-platform] [hivemq-platform-operator] [f4b9e550] 18:42:56.884 [pool-6-thread-26] DEBUG c.h.p.o.dependants.PodInfoConfigMap - [customop] Desired PodInfo ConfigMap (extension state hash: -1817474005)
2025-01-29 18:42:56,890 INFO c.h.h.t.HelmChartContainer - [hivemq-test-hivemq-platform] [hivemq-platform-operator] [f4b9e550] 18:42:56.888 [pool-6-thread-24] DEBUG c.h.p.o.d.PodServiceAccountResource - [customop] Desired PodServiceAccountResource (serviceAccountName: hivemq-platform-pod-test-hivemq-platform-alpha-tier3)
2025-01-29 18:42:56,968 INFO c.h.h.t.HelmChartContainer - [hivemq-test-hivemq-platform] [hivemq-platform-operator] [f4b9e550] 18:42:56.966 [pool-6-thread-33] DEBUG c.h.p.o.d.PlatformServiceResource - [customop] Desired Platform services (3 services)
2025-01-29 18:42:56,971 INFO c.h.h.t.HelmChartContainer - [hivemq-test-hivemq-platform] [hivemq-platform-operator] [f4b9e550] 18:42:56.967 [pool-6-thread-38] DEBUG c.h.p.o.dependants.PodInfoConfigMap - [customop] Desired PodInfo ConfigMap (1 extensions) (1 enabled)
2025-01-29 18:42:56,971 INFO c.h.h.t.HelmChartContainer - [hivemq-test-hivemq-platform] [hivemq-platform-operator] [f4b9e550] 18:42:56.967 [pool-6-thread-38] DEBUG c.h.p.o.dependants.PodInfoConfigMap - [customop] Desired PodInfo ConfigMap (metrics port: 9399) (metrics path: /)
2025-01-29 18:42:56,971 INFO c.h.h.t.HelmChartContainer - [hivemq-test-hivemq-platform] [hivemq-platform-operator] [f4b9e550] 18:42:56.968 [pool-6-thread-38] DEBUG c.h.p.o.dependants.PodInfoConfigMap - [customop] Desired PodInfo ConfigMap (extension state hash: -1817474005)
2025-01-29 18:42:56,971 INFO c.h.h.t.HelmChartContainer - [hivemq-test-hivemq-platform] [hivemq-platform-operator] [f4b9e550] 18:42:56.969 [pool-6-thread-25] DEBUG c.h.p.o.d.StatefulSetResource - [customop] Desired StatefulSet (1 replicas) for status STARTING (READY)
2025-01-29 18:42:56,971 INFO c.h.h.t.HelmChartContainer - [hivemq-test-hivemq-platform] [hivemq-platform-operator] [f4b9e550] 18:42:56.970 [pool-6-thread-23] DEBUG c.h.p.o.d.PodServiceAccountResource - [customop] Desired PodServiceAccountResource (serviceAccountName: hivemq-platform-pod-test-hivemq-platform-alpha-tier2)
2025-01-29 18:42:56,977 INFO c.h.h.t.HelmChartContainer - [hivemq-test-hivemq-platform] [hivemq-platform-operator] [f4b9e550] 18:42:56.976 [ReconcilerExecutor-hivemq-controller-113] INFO  c.h.p.o.HiveMQPlatformReconciler - [customop] Reconciling HiveMQ Platform 'test-hivemq-platform-alpha-tier3' in namespace 'customoperatorselectorsit'
2025-01-29 18:42:56,977 INFO c.h.h.t.HelmChartContainer - [hivemq-test-hivemq-platform] [hivemq-platform-operator] [f4b9e550] 18:42:56.976 [ReconcilerExecutor-hivemq-controller-113] DEBUG c.h.p.o.HiveMQPlatformReconciler - [customop] Custom Resource Status STARTING - HiveMQ Platform is starting (READY)
2025-01-29 18:42:56,977 INFO c.h.h.t.HelmChartContainer - [hivemq-test-hivemq-platform] [hivemq-platform-operator] [f4b9e550] 18:42:56.976 [ReconcilerExecutor-hivemq-controller-113] DEBUG c.h.p.o.HiveMQPlatformReconciler - [customop] Custom Resource Spec (replicas: 1) (extensions: 1)
2025-01-29 18:42:56,978 INFO c.h.h.t.HelmChartContainer - [hivemq-test-hivemq-platform] [hivemq-platform-operator] [f4b9e550] 18:42:56.978 [ReconcilerExecutor-hivemq-controller-113] DEBUG c.h.p.o.HiveMQPlatformReconciler - [customop] StatefulSet Status (revision: test-hivemq-platform-alpha-tier3-7ccdb49877, replicas: 1, available: 0, ready: 0, current: 1, updated: 1)
2025-01-29 18:42:56,978 INFO c.h.h.t.HelmChartContainer - [hivemq-test-hivemq-platform] [hivemq-platform-operator] [f4b9e550] 18:42:56.978 [ReconcilerExecutor-hivemq-controller-113] DEBUG c.h.p.o.HiveMQPlatformReconciler - [customop] StatefulSet Spec (replicas: 1, init containers: 1, containers: 1, volumes: 3)
2025-01-29 18:42:56,979 INFO c.h.h.t.HelmChartContainer - [hivemq-test-hivemq-platform] [hivemq-platform-operator] [f4b9e550] 18:42:56.978 [pool-6-thread-33] DEBUG c.h.p.o.d.StatefulSetResource - [customop] Desired StatefulSet (1 replicas) for status STARTING (READY)
2025-01-29 18:42:57,067 INFO c.h.h.t.HelmChartContainer - [hivemq-test-hivemq-platform] [hivemq-platform-operator] [f4b9e550] 18:42:57.064 [ReconcilerExecutor-hivemq-controller-114] INFO  c.h.p.o.HiveMQPlatformReconciler - [customop] Reconciling HiveMQ Platform 'test-hivemq-platform-alpha-tier2' in namespace 'customoperatorselectorsit'
2025-01-29 18:42:57,068 INFO c.h.h.t.HelmChartContainer - [hivemq-test-hivemq-platform] [hivemq-platform-operator] [f4b9e550] 18:42:57.064 [ReconcilerExecutor-hivemq-controller-114] DEBUG c.h.p.o.HiveMQPlatformReconciler - [customop] Custom Resource Status STARTING - HiveMQ Platform is starting (READY)
2025-01-29 18:42:57,068 INFO c.h.h.t.HelmChartContainer - [hivemq-test-hivemq-platform] [hivemq-platform-operator] [f4b9e550] 18:42:57.065 [ReconcilerExecutor-hivemq-controller-114] DEBUG c.h.p.o.HiveMQPlatformReconciler - [customop] Custom Resource Spec (replicas: 1) (extensions: 1)
2025-01-29 18:42:57,068 INFO c.h.h.t.HelmChartContainer - [hivemq-test-hivemq-platform] [hivemq-platform-operator] [f4b9e550] 18:42:57.067 [ReconcilerExecutor-hivemq-controller-114] DEBUG c.h.p.o.HiveMQPlatformReconciler - [customop] StatefulSet Status (revision: test-hivemq-platform-alpha-tier2-5888b5495b, replicas: 1, available: 0, ready: 0, current: 1, updated: 1)
2025-01-29 18:42:57,069 INFO c.h.h.t.HelmChartContainer - [hivemq-test-hivemq-platform] [hivemq-platform-operator] [f4b9e550] 18:42:57.067 [ReconcilerExecutor-hivemq-controller-114] DEBUG c.h.p.o.HiveMQPlatformReconciler - [customop] StatefulSet Spec (replicas: 1, init containers: 1, containers: 1, volumes: 3)
2025-01-29 18:42:57,070 INFO c.h.h.t.HelmChartContainer - [hivemq-test-hivemq-platform] [hivemq-platform-operator] [f4b9e550] 18:42:57.069 [ReconcilerExecutor-hivemq-controller-113] DEBUG c.h.p.o.h.HiveMQPlatformReconcilerErrorHandler - [customop] Pod 'test-hivemq-platform-alpha-tier3-0' phase Pending
2025-01-29 18:42:57,071 INFO c.h.h.t.HelmChartContainer - [hivemq-test-hivemq-platform] [hivemq-platform-operator] [f4b9e550] 18:42:57.069 [ReconcilerExecutor-hivemq-controller-114] DEBUG c.h.p.o.h.HiveMQPlatformReconcilerErrorHandler - [customop] Pod 'test-hivemq-platform-alpha-tier2-0' phase Pending
2025-01-29 18:42:57,072 INFO c.h.h.t.HelmChartContainer - [hivemq-test-hivemq-platform] [hivemq-platform-operator] [f4b9e550] 18:42:57.070 [ReconcilerExecutor-hivemq-controller-113] DEBUG c.h.p.o.h.HiveMQPlatformReconcilerErrorHandler - [customop] Pod 'test-hivemq-platform-alpha-tier3-0' condition 'PodReadyToStartContainers': True
2025-01-29 18:42:57,072 INFO c.h.h.t.HelmChartContainer - [hivemq-test-hivemq-platform] [hivemq-platform-operator] [f4b9e550] 18:42:57.070 [ReconcilerExecutor-hivemq-controller-113] DEBUG c.h.p.o.h.HiveMQPlatformReconcilerErrorHandler - [customop] Pod 'test-hivemq-platform-alpha-tier3-0' condition 'Initialized': False
2025-01-29 18:42:57,072 INFO c.h.h.t.HelmChartContainer - [hivemq-test-hivemq-platform] [hivemq-platform-operator] [f4b9e550] 18:42:57.070 [ReconcilerExecutor-hivemq-controller-113] DEBUG c.h.p.o.h.HiveMQPlatformReconcilerErrorHandler - [customop] Pod 'test-hivemq-platform-alpha-tier3-0' condition 'Ready': False
2025-01-29 18:42:57,072 INFO c.h.h.t.HelmChartContainer - [hivemq-test-hivemq-platform] [hivemq-platform-operator] [f4b9e550] 18:42:57.070 [ReconcilerExecutor-hivemq-controller-113] DEBUG c.h.p.o.h.HiveMQPlatformReconcilerErrorHandler - [customop] Pod 'test-hivemq-platform-alpha-tier3-0' condition 'ContainersReady': False
2025-01-29 18:42:57,072 INFO c.h.h.t.HelmChartContainer - [hivemq-test-hivemq-platform] [hivemq-platform-operator] [f4b9e550] 18:42:57.070 [ReconcilerExecutor-hivemq-controller-113] DEBUG c.h.p.o.h.HiveMQPlatformReconcilerErrorHandler - [customop] Pod 'test-hivemq-platform-alpha-tier3-0' condition 'PodScheduled': True
2025-01-29 18:42:57,072 INFO c.h.h.t.HelmChartContainer - [hivemq-test-hivemq-platform] [hivemq-platform-operator] [f4b9e550] 18:42:57.070 [ReconcilerExecutor-hivemq-controller-113] DEBUG c.h.p.o.h.HiveMQPlatformReconcilerErrorHandler - [customop] Pod 'test-hivemq-platform-alpha-tier3-0' containerStatus 'hivemq' (started: false) (ready: false) (waiting: [PodInitializing] null)
2025-01-29 18:42:57,075 INFO c.h.h.t.HelmChartContainer - [hivemq-test-hivemq-platform] [hivemq-platform-operator] [f4b9e550] 18:42:57.071 [ReconcilerExecutor-hivemq-controller-114] DEBUG c.h.p.o.h.HiveMQPlatformReconcilerErrorHandler - [customop] Pod 'test-hivemq-platform-alpha-tier2-0' condition 'PodReadyToStartContainers': True
2025-01-29 18:42:57,075 INFO c.h.h.t.HelmChartContainer - [hivemq-test-hivemq-platform] [hivemq-platform-operator] [f4b9e550] 18:42:57.071 [ReconcilerExecutor-hivemq-controller-114] DEBUG c.h.p.o.h.HiveMQPlatformReconcilerErrorHandler - [customop] Pod 'test-hivemq-platform-alpha-tier2-0' condition 'Initialized': False
2025-01-29 18:42:57,075 INFO c.h.h.t.HelmChartContainer - [hivemq-test-hivemq-platform] [hivemq-platform-operator] [f4b9e550] 18:42:57.071 [ReconcilerExecutor-hivemq-controller-114] DEBUG c.h.p.o.h.HiveMQPlatformReconcilerErrorHandler - [customop] Pod 'test-hivemq-platform-alpha-tier2-0' condition 'Ready': False
2025-01-29 18:42:57,075 INFO c.h.h.t.HelmChartContainer - [hivemq-test-hivemq-platform] [hivemq-platform-operator] [f4b9e550] 18:42:57.071 [ReconcilerExecutor-hivemq-controller-114] DEBUG c.h.p.o.h.HiveMQPlatformReconcilerErrorHandler - [customop] Pod 'test-hivemq-platform-alpha-tier2-0' condition 'ContainersReady': False
2025-01-29 18:42:57,075 INFO c.h.h.t.HelmChartContainer - [hivemq-test-hivemq-platform] [hivemq-platform-operator] [f4b9e550] 18:42:57.071 [ReconcilerExecutor-hivemq-controller-114] DEBUG c.h.p.o.h.HiveMQPlatformReconcilerErrorHandler - [customop] Pod 'test-hivemq-platform-alpha-tier2-0' condition 'PodScheduled': True
2025-01-29 18:42:57,075 INFO c.h.h.t.HelmChartContainer - [hivemq-test-hivemq-platform] [hivemq-platform-operator] [f4b9e550] 18:42:57.071 [ReconcilerExecutor-hivemq-controller-114] DEBUG c.h.p.o.h.HiveMQPlatformReconcilerErrorHandler - [customop] Pod 'test-hivemq-platform-alpha-tier2-0' containerStatus 'hivemq' (started: false) (ready: false) (waiting: [PodInitializing] null)
2025-01-29 18:42:57,075 INFO c.h.h.t.HelmChartContainer - [hivemq-test-hivemq-platform] [hivemq-platform-operator] [f4b9e550] 18:42:57.072 [ReconcilerExecutor-hivemq-controller-114] INFO  c.h.p.o.h.HiveMQPlatformReconcilerBaseHandler - [customop] HiveMQ Platform is starting, 0 of 1 replicas are ready
2025-01-29 18:42:57,075 INFO c.h.h.t.HelmChartContainer - [hivemq-test-hivemq-platform] [hivemq-platform-operator] [f4b9e550] 18:42:57.073 [ReconcilerExecutor-hivemq-controller-113] INFO  c.h.p.o.h.HiveMQPlatformReconcilerBaseHandler - [customop] HiveMQ Platform is starting, 0 of 1 replicas are ready
2025-01-29 18:42:57,819 INFO c.h.h.t.HelmChartContainer - [EVENT] Normal [Pulled] Container image "docker.io/hivemq/hivemq4:4.36.0" already present on machine [customoperatorselectorsit:test-hivemq-platform-alpha-tier3-0]
2025-01-29 18:42:57,819 INFO c.h.h.t.HelmChartContainer - Received Pulled event for container hivemq in pod test-hivemq-platform-alpha-tier3-0 [c953a0b7-1dea-43c3-91a8-311e0eac6098]
2025-01-29 18:42:57,821 INFO c.h.h.t.HelmChartContainer - [EVENT] Normal [Pulled] Container image "docker.io/hivemq/hivemq4:4.36.0" already present on machine [customoperatorselectorsit:test-hivemq-platform-alpha-tier2-0]
2025-01-29 18:42:57,821 INFO c.h.h.t.HelmChartContainer - Received Pulled event for container hivemq in pod test-hivemq-platform-alpha-tier2-0 [0909fff3-79bb-4a7a-8fd5-8dfbd83ca8d5]
2025-01-29 18:42:57,828 INFO c.h.h.t.HelmChartContainer - [POD] test-hivemq-platform-alpha-tier3-0 [c953a0b7-1dea-43c3-91a8-311e0eac6098] in customoperatorselectorsit was MODIFIED
2025-01-29 18:42:57,839 INFO c.h.h.t.HelmChartContainer - [hivemq-test-hivemq-platform] [hivemq-platform-operator] [f4b9e550] 18:42:57.837 [pool-6-thread-43] DEBUG c.h.p.o.d.PlatformServiceResource - [customop] Desired Platform services (3 services)
2025-01-29 18:42:57,848 INFO c.h.h.t.HelmChartContainer - [hivemq-test-hivemq-platform] [hivemq-platform-operator] [f4b9e550] 18:42:57.838 [pool-6-thread-15] DEBUG c.h.p.o.dependants.PodInfoConfigMap - [customop] Desired PodInfo ConfigMap (1 extensions) (1 enabled)
2025-01-29 18:42:57,849 INFO c.h.h.t.HelmChartContainer - [hivemq-test-hivemq-platform] [hivemq-platform-operator] [f4b9e550] 18:42:57.842 [pool-6-thread-15] DEBUG c.h.p.o.dependants.PodInfoConfigMap - [customop] Desired PodInfo ConfigMap (metrics port: 9399) (metrics path: /)
2025-01-29 18:42:57,849 INFO c.h.h.t.HelmChartContainer - [hivemq-test-hivemq-platform] [hivemq-platform-operator] [f4b9e550] 18:42:57.843 [pool-6-thread-15] DEBUG c.h.p.o.dependants.PodInfoConfigMap - [customop] Desired PodInfo ConfigMap (extension state hash: -1817474005)
2025-01-29 18:42:57,849 INFO c.h.h.t.HelmChartContainer - [hivemq-test-hivemq-platform] [hivemq-platform-operator] [f4b9e550] 18:42:57.844 [pool-6-thread-9] DEBUG c.h.p.o.d.PodServiceAccountResource - [customop] Desired PodServiceAccountResource (serviceAccountName: hivemq-platform-pod-test-hivemq-platform-alpha-tier3)
2025-01-29 18:42:57,853 INFO c.h.h.t.HelmChartContainer - [POD] test-hivemq-platform-alpha-tier2-0 [0909fff3-79bb-4a7a-8fd5-8dfbd83ca8d5] in customoperatorselectorsit was MODIFIED
2025-01-29 18:42:57,913 INFO c.h.h.t.HelmChartContainer - [hivemq-test-hivemq-platform] [hivemq-platform-operator] [f4b9e550] 18:42:57.911 [pool-6-thread-6] DEBUG c.h.p.o.d.PlatformServiceResource - [customop] Desired Platform services (3 services)
2025-01-29 18:42:57,916 INFO c.h.h.t.HelmChartContainer - [hivemq-test-hivemq-platform] [hivemq-platform-operator] [f4b9e550] 18:42:57.915 [pool-6-thread-47] DEBUG c.h.p.o.d.PodServiceAccountResource - [customop] Desired PodServiceAccountResource (serviceAccountName: hivemq-platform-pod-test-hivemq-platform-alpha-tier2)
2025-01-29 18:42:57,918 INFO c.h.h.t.HelmChartContainer - [hivemq-test-hivemq-platform] [hivemq-platform-operator] [f4b9e550] 18:42:57.917 [pool-6-thread-5] DEBUG c.h.p.o.dependants.PodInfoConfigMap - [customop] Desired PodInfo ConfigMap (1 extensions) (1 enabled)
2025-01-29 18:42:57,918 INFO c.h.h.t.HelmChartContainer - [hivemq-test-hivemq-platform] [hivemq-platform-operator] [f4b9e550] 18:42:57.917 [pool-6-thread-5] DEBUG c.h.p.o.dependants.PodInfoConfigMap - [customop] Desired PodInfo ConfigMap (metrics port: 9399) (metrics path: /)
2025-01-29 18:42:57,918 INFO c.h.h.t.HelmChartContainer - [hivemq-test-hivemq-platform] [hivemq-platform-operator] [f4b9e550] 18:42:57.917 [pool-6-thread-5] DEBUG c.h.p.o.dependants.PodInfoConfigMap - [customop] Desired PodInfo ConfigMap (extension state hash: -1817474005)
2025-01-29 18:42:57,921 INFO c.h.h.t.HelmChartContainer - [hivemq-test-hivemq-platform] [hivemq-platform-operator] [f4b9e550] 18:42:57.919 [pool-6-thread-7] DEBUG c.h.p.o.d.StatefulSetResource - [customop] Desired StatefulSet (1 replicas) for status STARTING (READY)
2025-01-29 18:42:58,013 INFO c.h.h.t.HelmChartContainer - [hivemq-test-hivemq-platform] [hivemq-platform-operator] [f4b9e550] 18:42:58.008 [pool-6-thread-5] DEBUG c.h.p.o.d.StatefulSetResource - [customop] Desired StatefulSet (1 replicas) for status STARTING (READY)
2025-01-29 18:42:58,013 INFO c.h.h.t.HelmChartContainer - [hivemq-test-hivemq-platform] [hivemq-platform-operator] [f4b9e550] 18:42:58.009 [ReconcilerExecutor-hivemq-controller-115] INFO  c.h.p.o.HiveMQPlatformReconciler - [customop] Reconciling HiveMQ Platform 'test-hivemq-platform-alpha-tier3' in namespace 'customoperatorselectorsit'
2025-01-29 18:42:58,013 INFO c.h.h.t.HelmChartContainer - [hivemq-test-hivemq-platform] [hivemq-platform-operator] [f4b9e550] 18:42:58.009 [ReconcilerExecutor-hivemq-controller-115] DEBUG c.h.p.o.HiveMQPlatformReconciler - [customop] Custom Resource Status STARTING - HiveMQ Platform is starting (READY)
2025-01-29 18:42:58,013 INFO c.h.h.t.HelmChartContainer - [hivemq-test-hivemq-platform] [hivemq-platform-operator] [f4b9e550] 18:42:58.009 [ReconcilerExecutor-hivemq-controller-115] DEBUG c.h.p.o.HiveMQPlatformReconciler - [customop] Custom Resource Spec (replicas: 1) (extensions: 1)
2025-01-29 18:42:58,014 INFO c.h.h.t.HelmChartContainer - [hivemq-test-hivemq-platform] [hivemq-platform-operator] [f4b9e550] 18:42:58.011 [ReconcilerExecutor-hivemq-controller-115] DEBUG c.h.p.o.HiveMQPlatformReconciler - [customop] StatefulSet Status (revision: test-hivemq-platform-alpha-tier3-7ccdb49877, replicas: 1, available: 0, ready: 0, current: 1, updated: 1)
2025-01-29 18:42:58,014 INFO c.h.h.t.HelmChartContainer - [hivemq-test-hivemq-platform] [hivemq-platform-operator] [f4b9e550] 18:42:58.011 [ReconcilerExecutor-hivemq-controller-115] DEBUG c.h.p.o.HiveMQPlatformReconciler - [customop] StatefulSet Spec (replicas: 1, init containers: 1, containers: 1, volumes: 3)
2025-01-29 18:42:58,018 INFO c.h.h.t.HelmChartContainer - [hivemq-test-hivemq-platform] [hivemq-platform-operator] [f4b9e550] 18:42:58.016 [ReconcilerExecutor-hivemq-controller-115] DEBUG c.h.p.o.h.HiveMQPlatformReconcilerErrorHandler - [customop] Pod 'test-hivemq-platform-alpha-tier3-0' phase Pending
2025-01-29 18:42:58,019 INFO c.h.h.t.HelmChartContainer - [hivemq-test-hivemq-platform] [hivemq-platform-operator] [f4b9e550] 18:42:58.016 [ReconcilerExecutor-hivemq-controller-115] DEBUG c.h.p.o.h.HiveMQPlatformReconcilerErrorHandler - [customop] Pod 'test-hivemq-platform-alpha-tier3-0' condition 'PodReadyToStartContainers': True
2025-01-29 18:42:58,019 INFO c.h.h.t.HelmChartContainer - [hivemq-test-hivemq-platform] [hivemq-platform-operator] [f4b9e550] 18:42:58.016 [ReconcilerExecutor-hivemq-controller-115] DEBUG c.h.p.o.h.HiveMQPlatformReconcilerErrorHandler - [customop] Pod 'test-hivemq-platform-alpha-tier3-0' condition 'Initialized': True
2025-01-29 18:42:58,019 INFO c.h.h.t.HelmChartContainer - [hivemq-test-hivemq-platform] [hivemq-platform-operator] [f4b9e550] 18:42:58.016 [ReconcilerExecutor-hivemq-controller-115] DEBUG c.h.p.o.h.HiveMQPlatformReconcilerErrorHandler - [customop] Pod 'test-hivemq-platform-alpha-tier3-0' condition 'Ready': False
2025-01-29 18:42:58,019 INFO c.h.h.t.HelmChartContainer - [hivemq-test-hivemq-platform] [hivemq-platform-operator] [f4b9e550] 18:42:58.016 [ReconcilerExecutor-hivemq-controller-115] DEBUG c.h.p.o.h.HiveMQPlatformReconcilerErrorHandler - [customop] Pod 'test-hivemq-platform-alpha-tier3-0' condition 'ContainersReady': False
2025-01-29 18:42:58,019 INFO c.h.h.t.HelmChartContainer - [hivemq-test-hivemq-platform] [hivemq-platform-operator] [f4b9e550] 18:42:58.016 [ReconcilerExecutor-hivemq-controller-115] DEBUG c.h.p.o.h.HiveMQPlatformReconcilerErrorHandler - [customop] Pod 'test-hivemq-platform-alpha-tier3-0' condition 'PodScheduled': True
2025-01-29 18:42:58,022 INFO c.h.h.t.HelmChartContainer - [hivemq-test-hivemq-platform] [hivemq-platform-operator] [f4b9e550] 18:42:58.016 [ReconcilerExecutor-hivemq-controller-115] DEBUG c.h.p.o.h.HiveMQPlatformReconcilerErrorHandler - [customop] Pod 'test-hivemq-platform-alpha-tier3-0' containerStatus 'hivemq' (started: false) (ready: false) (waiting: [PodInitializing] null)
2025-01-29 18:42:58,023 INFO c.h.h.t.HelmChartContainer - [hivemq-test-hivemq-platform] [hivemq-platform-operator] [f4b9e550] 18:42:58.021 [ReconcilerExecutor-hivemq-controller-115] INFO  c.h.p.o.h.HiveMQPlatformReconcilerBaseHandler - [customop] HiveMQ Platform is starting, 0 of 1 replicas are ready
2025-01-29 18:42:58,024 INFO c.h.h.t.HelmChartContainer - [hivemq-test-hivemq-platform] [hivemq-platform-operator] [f4b9e550] 18:42:58.023 [ReconcilerExecutor-hivemq-controller-116] INFO  c.h.p.o.HiveMQPlatformReconciler - [customop] Reconciling HiveMQ Platform 'test-hivemq-platform-alpha-tier2' in namespace 'customoperatorselectorsit'
2025-01-29 18:42:58,026 INFO c.h.h.t.HelmChartContainer - [hivemq-test-hivemq-platform] [hivemq-platform-operator] [f4b9e550] 18:42:58.023 [ReconcilerExecutor-hivemq-controller-116] DEBUG c.h.p.o.HiveMQPlatformReconciler - [customop] Custom Resource Status STARTING - HiveMQ Platform is starting (READY)
2025-01-29 18:42:58,027 INFO c.h.h.t.HelmChartContainer - [hivemq-test-hivemq-platform] [hivemq-platform-operator] [f4b9e550] 18:42:58.023 [ReconcilerExecutor-hivemq-controller-116] DEBUG c.h.p.o.HiveMQPlatformReconciler - [customop] Custom Resource Spec (replicas: 1) (extensions: 1)
2025-01-29 18:42:58,030 INFO c.h.h.t.HelmChartContainer - [hivemq-test-hivemq-platform] [hivemq-platform-operator] [f4b9e550] 18:42:58.029 [ReconcilerExecutor-hivemq-controller-116] DEBUG c.h.p.o.HiveMQPlatformReconciler - [customop] StatefulSet Status (revision: test-hivemq-platform-alpha-tier2-5888b5495b, replicas: 1, available: 0, ready: 0, current: 1, updated: 1)
2025-01-29 18:42:58,030 INFO c.h.h.t.HelmChartContainer - [hivemq-test-hivemq-platform] [hivemq-platform-operator] [f4b9e550] 18:42:58.029 [ReconcilerExecutor-hivemq-controller-116] DEBUG c.h.p.o.HiveMQPlatformReconciler - [customop] StatefulSet Spec (replicas: 1, init containers: 1, containers: 1, volumes: 3)
2025-01-29 18:42:58,111 INFO c.h.h.t.HelmChartContainer - [hivemq-test-hivemq-platform] [hivemq-platform-operator] [f4b9e550] 18:42:58.109 [ReconcilerExecutor-hivemq-controller-116] DEBUG c.h.p.o.h.HiveMQPlatformReconcilerErrorHandler - [customop] Pod 'test-hivemq-platform-alpha-tier2-0' phase Pending
2025-01-29 18:42:58,112 INFO c.h.h.t.HelmChartContainer - [hivemq-test-hivemq-platform] [hivemq-platform-operator] [f4b9e550] 18:42:58.109 [ReconcilerExecutor-hivemq-controller-116] DEBUG c.h.p.o.h.HiveMQPlatformReconcilerErrorHandler - [customop] Pod 'test-hivemq-platform-alpha-tier2-0' condition 'PodReadyToStartContainers': True
2025-01-29 18:42:58,112 INFO c.h.h.t.HelmChartContainer - [hivemq-test-hivemq-platform] [hivemq-platform-operator] [f4b9e550] 18:42:58.109 [ReconcilerExecutor-hivemq-controller-116] DEBUG c.h.p.o.h.HiveMQPlatformReconcilerErrorHandler - [customop] Pod 'test-hivemq-platform-alpha-tier2-0' condition 'Initialized': True
2025-01-29 18:42:58,112 INFO c.h.h.t.HelmChartContainer - [hivemq-test-hivemq-platform] [hivemq-platform-operator] [f4b9e550] 18:42:58.109 [ReconcilerExecutor-hivemq-controller-116] DEBUG c.h.p.o.h.HiveMQPlatformReconcilerErrorHandler - [customop] Pod 'test-hivemq-platform-alpha-tier2-0' condition 'Ready': False
2025-01-29 18:42:58,112 INFO c.h.h.t.HelmChartContainer - [hivemq-test-hivemq-platform] [hivemq-platform-operator] [f4b9e550] 18:42:58.109 [ReconcilerExecutor-hivemq-controller-116] DEBUG c.h.p.o.h.HiveMQPlatformReconcilerErrorHandler - [customop] Pod 'test-hivemq-platform-alpha-tier2-0' condition 'ContainersReady': False
2025-01-29 18:42:58,112 INFO c.h.h.t.HelmChartContainer - [hivemq-test-hivemq-platform] [hivemq-platform-operator] [f4b9e550] 18:42:58.109 [ReconcilerExecutor-hivemq-controller-116] DEBUG c.h.p.o.h.HiveMQPlatformReconcilerErrorHandler - [customop] Pod 'test-hivemq-platform-alpha-tier2-0' condition 'PodScheduled': True
2025-01-29 18:42:58,112 INFO c.h.h.t.HelmChartContainer - [hivemq-test-hivemq-platform] [hivemq-platform-operator] [f4b9e550] 18:42:58.109 [ReconcilerExecutor-hivemq-controller-116] DEBUG c.h.p.o.h.HiveMQPlatformReconcilerErrorHandler - [customop] Pod 'test-hivemq-platform-alpha-tier2-0' containerStatus 'hivemq' (started: false) (ready: false) (waiting: [PodInitializing] null)
2025-01-29 18:42:58,112 INFO c.h.h.t.HelmChartContainer - [hivemq-test-hivemq-platform] [hivemq-platform-operator] [f4b9e550] 18:42:58.110 [ReconcilerExecutor-hivemq-controller-116] INFO  c.h.p.o.h.HiveMQPlatformReconcilerBaseHandler - [customop] HiveMQ Platform is starting, 0 of 1 replicas are ready
2025-01-29 18:42:59,105 INFO c.h.h.t.HelmChartContainer - [EVENT] Normal [Created] Created container: hivemq [customoperatorselectorsit:test-hivemq-platform-alpha-tier2-0]
2025-01-29 18:42:59,106 INFO c.h.h.t.HelmChartContainer - Received Created event for container hivemq in pod test-hivemq-platform-alpha-tier2-0 [0909fff3-79bb-4a7a-8fd5-8dfbd83ca8d5]
2025-01-29 18:42:59,837 INFO c.h.h.t.HelmChartContainer - [POD] test-hivemq-platform-alpha-tier3-0 [c953a0b7-1dea-43c3-91a8-311e0eac6098] in customoperatorselectorsit was MODIFIED
2025-01-29 18:42:59,844 INFO c.h.h.t.HelmChartContainer - [hivemq-test-hivemq-platform] [hivemq-platform-operator] [f4b9e550] 18:42:59.843 [pool-6-thread-10] DEBUG c.h.p.o.d.PlatformServiceResource - [customop] Desired Platform services (3 services)
2025-01-29 18:42:59,864 INFO c.h.h.t.HelmChartContainer - [POD] test-hivemq-platform-alpha-tier2-0 [0909fff3-79bb-4a7a-8fd5-8dfbd83ca8d5] in customoperatorselectorsit was MODIFIED
2025-01-29 18:42:59,873 INFO c.h.h.t.HelmChartContainer - [hivemq-test-hivemq-platform] [hivemq-platform-operator] [f4b9e550] 18:42:59.864 [pool-6-thread-17] DEBUG c.h.p.o.dependants.PodInfoConfigMap - [customop] Desired PodInfo ConfigMap (1 extensions) (1 enabled)
2025-01-29 18:42:59,876 INFO c.h.h.t.HelmChartContainer - [hivemq-test-hivemq-platform] [hivemq-platform-operator] [f4b9e550] 18:42:59.870 [pool-6-thread-17] DEBUG c.h.p.o.dependants.PodInfoConfigMap - [customop] Desired PodInfo ConfigMap (metrics port: 9399) (metrics path: /)
2025-01-29 18:42:59,876 INFO c.h.h.t.HelmChartContainer - [hivemq-test-hivemq-platform] [hivemq-platform-operator] [f4b9e550] 18:42:59.870 [pool-6-thread-17] DEBUG c.h.p.o.dependants.PodInfoConfigMap - [customop] Desired PodInfo ConfigMap (extension state hash: -1817474005)
2025-01-29 18:42:59,885 INFO c.h.h.t.HelmChartContainer - Started log watcher for hivemq in pod test-hivemq-platform-alpha-tier2-0 [0909fff3-79bb-4a7a-8fd5-8dfbd83ca8d5]
2025-01-29 18:42:59,885 INFO c.h.h.t.HelmChartContainer - [EVENT] Normal [Created] Created container: hivemq [customoperatorselectorsit:test-hivemq-platform-alpha-tier3-0]
2025-01-29 18:42:59,886 INFO c.h.h.t.HelmChartContainer - Received Created event for container hivemq in pod test-hivemq-platform-alpha-tier3-0 [c953a0b7-1dea-43c3-91a8-311e0eac6098]
2025-01-29 18:42:59,886 INFO c.h.h.t.HelmChartContainer - [test-hivemq-platform] [hivemq] [0909fff3] Adding pre-installed HiveMQ Platform Operator extensions
2025-01-29 18:42:59,887 INFO c.h.h.t.HelmChartContainer - [test-hivemq-platform] [hivemq] [0909fff3] Running as user 10000
2025-01-29 18:42:59,887 INFO c.h.h.t.HelmChartContainer - [test-hivemq-platform] [hivemq] [0909fff3] Starting HiveMQ Platform Operator Init
2025-01-29 18:42:59,900 INFO c.h.h.t.HelmChartContainer - Started log watcher for hivemq in pod test-hivemq-platform-alpha-tier3-0 [c953a0b7-1dea-43c3-91a8-311e0eac6098]
2025-01-29 18:42:59,900 INFO c.h.h.t.HelmChartContainer - [EVENT] Normal [Started] Started container hivemq [customoperatorselectorsit:test-hivemq-platform-alpha-tier2-0]
2025-01-29 18:42:59,900 INFO c.h.h.t.HelmChartContainer - Received Started event for container hivemq in pod test-hivemq-platform-alpha-tier2-0 [0909fff3-79bb-4a7a-8fd5-8dfbd83ca8d5]
2025-01-29 18:42:59,900 INFO c.h.h.t.HelmChartContainer - [EVENT] Normal [Started] Started container hivemq [customoperatorselectorsit:test-hivemq-platform-alpha-tier3-0]
2025-01-29 18:42:59,900 INFO c.h.h.t.HelmChartContainer - Received Started event for container hivemq in pod test-hivemq-platform-alpha-tier3-0 [c953a0b7-1dea-43c3-91a8-311e0eac6098]
2025-01-29 18:42:59,901 INFO c.h.h.t.HelmChartContainer - [test-hivemq-platform] [hivemq] [c953a0b7] Adding pre-installed HiveMQ Platform Operator extensions
2025-01-29 18:42:59,901 INFO c.h.h.t.HelmChartContainer - [test-hivemq-platform] [hivemq] [c953a0b7] Running as user 10000
2025-01-29 18:42:59,901 INFO c.h.h.t.HelmChartContainer - [test-hivemq-platform] [hivemq] [c953a0b7] Starting HiveMQ Platform Operator Init
2025-01-29 18:42:59,911 INFO c.h.h.t.HelmChartContainer - [hivemq-test-hivemq-platform] [hivemq-platform-operator] [f4b9e550] 18:42:59.871 [pool-6-thread-17] DEBUG c.h.p.o.d.PodServiceAccountResource - [customop] Desired PodServiceAccountResource (serviceAccountName: hivemq-platform-pod-test-hivemq-platform-alpha-tier3)
2025-01-29 18:42:59,913 INFO c.h.h.t.HelmChartContainer - [hivemq-test-hivemq-platform] [hivemq-platform-operator] [f4b9e550] 18:42:59.913 [pool-6-thread-19] DEBUG c.h.p.o.d.StatefulSetResource - [customop] Desired StatefulSet (1 replicas) for status STARTING (READY)
2025-01-29 18:42:59,917 INFO c.h.h.t.HelmChartContainer - [hivemq-test-hivemq-platform] [hivemq-platform-operator] [f4b9e550] 18:42:59.915 [pool-6-thread-28] DEBUG c.h.p.o.d.PlatformServiceResource - [customop] Desired Platform services (3 services)
2025-01-29 18:42:59,919 INFO c.h.h.t.HelmChartContainer - [hivemq-test-hivemq-platform] [hivemq-platform-operator] [f4b9e550] 18:42:59.918 [pool-6-thread-35] DEBUG c.h.p.o.d.PodServiceAccountResource - [customop] Desired PodServiceAccountResource (serviceAccountName: hivemq-platform-pod-test-hivemq-platform-alpha-tier2)
2025-01-29 18:42:59,969 INFO c.h.h.t.HelmChartContainer - [hivemq-test-hivemq-platform] [hivemq-platform-operator] [f4b9e550] 18:42:59.920 [pool-6-thread-36] DEBUG c.h.p.o.dependants.PodInfoConfigMap - [customop] Desired PodInfo ConfigMap (1 extensions) (1 enabled)
2025-01-29 18:42:59,973 INFO c.h.h.t.HelmChartContainer - [hivemq-test-hivemq-platform] [hivemq-platform-operator] [f4b9e550] 18:42:59.967 [pool-6-thread-36] DEBUG c.h.p.o.dependants.PodInfoConfigMap - [customop] Desired PodInfo ConfigMap (metrics port: 9399) (metrics path: /)
2025-01-29 18:42:59,973 INFO c.h.h.t.HelmChartContainer - [hivemq-test-hivemq-platform] [hivemq-platform-operator] [f4b9e550] 18:42:59.969 [pool-6-thread-36] DEBUG c.h.p.o.dependants.PodInfoConfigMap - [customop] Desired PodInfo ConfigMap (extension state hash: -1817474005)
2025-01-29 18:43:00,011 INFO c.h.h.t.HelmChartContainer - [hivemq-test-hivemq-platform] [hivemq-platform-operator] [f4b9e550] 18:43:00.008 [pool-6-thread-32] DEBUG c.h.p.o.d.StatefulSetResource - [customop] Desired StatefulSet (1 replicas) for status STARTING (READY)
2025-01-29 18:43:00,012 INFO c.h.h.t.HelmChartContainer - [hivemq-test-hivemq-platform] [hivemq-platform-operator] [f4b9e550] 18:43:00.009 [ReconcilerExecutor-hivemq-controller-117] INFO  c.h.p.o.HiveMQPlatformReconciler - [customop] Reconciling HiveMQ Platform 'test-hivemq-platform-alpha-tier3' in namespace 'customoperatorselectorsit'
2025-01-29 18:43:00,012 INFO c.h.h.t.HelmChartContainer - [hivemq-test-hivemq-platform] [hivemq-platform-operator] [f4b9e550] 18:43:00.010 [ReconcilerExecutor-hivemq-controller-117] DEBUG c.h.p.o.HiveMQPlatformReconciler - [customop] Custom Resource Status STARTING - HiveMQ Platform is starting (READY)
2025-01-29 18:43:00,012 INFO c.h.h.t.HelmChartContainer - [hivemq-test-hivemq-platform] [hivemq-platform-operator] [f4b9e550] 18:43:00.010 [ReconcilerExecutor-hivemq-controller-117] DEBUG c.h.p.o.HiveMQPlatformReconciler - [customop] Custom Resource Spec (replicas: 1) (extensions: 1)
2025-01-29 18:43:00,013 INFO c.h.h.t.HelmChartContainer - [hivemq-test-hivemq-platform] [hivemq-platform-operator] [f4b9e550] 18:43:00.012 [ReconcilerExecutor-hivemq-controller-117] DEBUG c.h.p.o.HiveMQPlatformReconciler - [customop] StatefulSet Status (revision: test-hivemq-platform-alpha-tier3-7ccdb49877, replicas: 1, available: 0, ready: 0, current: 1, updated: 1)
2025-01-29 18:43:00,013 INFO c.h.h.t.HelmChartContainer - [hivemq-test-hivemq-platform] [hivemq-platform-operator] [f4b9e550] 18:43:00.013 [ReconcilerExecutor-hivemq-controller-117] DEBUG c.h.p.o.HiveMQPlatformReconciler - [customop] StatefulSet Spec (replicas: 1, init containers: 1, containers: 1, volumes: 3)
2025-01-29 18:43:00,015 INFO c.h.h.t.HelmChartContainer - [hivemq-test-hivemq-platform] [hivemq-platform-operator] [f4b9e550] 18:43:00.014 [ReconcilerExecutor-hivemq-controller-117] DEBUG c.h.p.o.h.HiveMQPlatformReconcilerErrorHandler - [customop] Pod 'test-hivemq-platform-alpha-tier3-0' phase Running
2025-01-29 18:43:00,016 INFO c.h.h.t.HelmChartContainer - [hivemq-test-hivemq-platform] [hivemq-platform-operator] [f4b9e550] 18:43:00.015 [ReconcilerExecutor-hivemq-controller-117] INFO  c.h.p.o.h.HiveMQPlatformReconcilerBaseHandler - [customop] HiveMQ Platform is starting, 0 of 1 replicas are ready
2025-01-29 18:43:00,017 INFO c.h.h.t.HelmChartContainer - [hivemq-test-hivemq-platform] [hivemq-platform-operator] [f4b9e550] 18:43:00.016 [ReconcilerExecutor-hivemq-controller-118] INFO  c.h.p.o.HiveMQPlatformReconciler - [customop] Reconciling HiveMQ Platform 'test-hivemq-platform-alpha-tier2' in namespace 'customoperatorselectorsit'
2025-01-29 18:43:00,017 INFO c.h.h.t.HelmChartContainer - [hivemq-test-hivemq-platform] [hivemq-platform-operator] [f4b9e550] 18:43:00.016 [ReconcilerExecutor-hivemq-controller-118] DEBUG c.h.p.o.HiveMQPlatformReconciler - [customop] Custom Resource Status STARTING - HiveMQ Platform is starting (READY)
2025-01-29 18:43:00,017 INFO c.h.h.t.HelmChartContainer - [hivemq-test-hivemq-platform] [hivemq-platform-operator] [f4b9e550] 18:43:00.016 [ReconcilerExecutor-hivemq-controller-118] DEBUG c.h.p.o.HiveMQPlatformReconciler - [customop] Custom Resource Spec (replicas: 1) (extensions: 1)
2025-01-29 18:43:00,019 INFO c.h.h.t.HelmChartContainer - [hivemq-test-hivemq-platform] [hivemq-platform-operator] [f4b9e550] 18:43:00.018 [ReconcilerExecutor-hivemq-controller-118] DEBUG c.h.p.o.HiveMQPlatformReconciler - [customop] StatefulSet Status (revision: test-hivemq-platform-alpha-tier2-5888b5495b, replicas: 1, available: 0, ready: 0, current: 1, updated: 1)
2025-01-29 18:43:00,021 INFO c.h.h.t.HelmChartContainer - [hivemq-test-hivemq-platform] [hivemq-platform-operator] [f4b9e550] 18:43:00.019 [ReconcilerExecutor-hivemq-controller-118] DEBUG c.h.p.o.HiveMQPlatformReconciler - [customop] StatefulSet Spec (replicas: 1, init containers: 1, containers: 1, volumes: 3)
2025-01-29 18:43:00,022 INFO c.h.h.t.HelmChartContainer - [hivemq-test-hivemq-platform] [hivemq-platform-operator] [f4b9e550] 18:43:00.020 [ReconcilerExecutor-hivemq-controller-118] DEBUG c.h.p.o.h.HiveMQPlatformReconcilerErrorHandler - [customop] Pod 'test-hivemq-platform-alpha-tier2-0' phase Running
2025-01-29 18:43:00,022 INFO c.h.h.t.HelmChartContainer - [hivemq-test-hivemq-platform] [hivemq-platform-operator] [f4b9e550] 18:43:00.021 [ReconcilerExecutor-hivemq-controller-118] INFO  c.h.p.o.h.HiveMQPlatformReconcilerBaseHandler - [customop] HiveMQ Platform is starting, 0 of 1 replicas are ready
2025-01-29 18:43:00,395 INFO c.h.h.t.HelmChartContainer - [test-hivemq-platform] [hivemq] [0909fff3] INFO  - [HiveMQ Platform Operator Init 1.7.0-SNAPSHOT] HiveMQ Platform Operator Init 1.7.0-SNAPSHOT (commit: b1b9591 on branch: HEAD) built on Wed Jan 29 18:32:18 UTC 2025
2025-01-29 18:43:00,443 INFO c.h.h.t.HelmChartContainer - [test-hivemq-platform] [hivemq] [c953a0b7] INFO  - [HiveMQ Platform Operator Init 1.7.0-SNAPSHOT] HiveMQ Platform Operator Init 1.7.0-SNAPSHOT (commit: b1b9591 on branch: HEAD) built on Wed Jan 29 18:32:18 UTC 2025
2025-01-29 18:43:01,559 INFO c.h.h.t.HelmChartContainer - [test-hivemq-platform] [hivemq] [0909fff3] INFO  - [HiveMQ Platform Operator Init App 1.7.0-SNAPSHOT] Using bind address 10.42.0.15 from environment variable
2025-01-29 18:43:01,657 INFO c.h.h.t.HelmChartContainer - [test-hivemq-platform] [hivemq] [c953a0b7] INFO  - [HiveMQ Platform Operator Init App 1.7.0-SNAPSHOT] Using bind address 10.42.0.16 from environment variable
2025-01-29 18:43:02,396 INFO c.h.h.t.HelmChartContainer - [test-hivemq-platform] [hivemq] [0909fff3] INFO  - [HiveMQ Platform Operator Init App 1.7.0-SNAPSHOT] HiveMQ Platform Operator Init App 1.7.0-SNAPSHOT (commit: b1b9591 on branch: HEAD) built on Wed Jan 29 18:32:18 UTC 2025
2025-01-29 18:43:02,396 INFO c.h.h.t.HelmChartContainer - [test-hivemq-platform] [hivemq] [0909fff3] INFO  - [HiveMQ Platform Operator Init App 1.7.0-SNAPSHOT] PodInfo ConfigMap directory: /etc/podinfo
2025-01-29 18:43:02,396 INFO c.h.h.t.HelmChartContainer - [test-hivemq-platform] [hivemq] [0909fff3] INFO  - [HiveMQ Platform Operator Init App 1.7.0-SNAPSHOT] HiveMQ home directory: /opt/hivemq
2025-01-29 18:43:02,396 INFO c.h.h.t.HelmChartContainer - [test-hivemq-platform] [hivemq] [0909fff3] INFO  - [HiveMQ Platform Operator Init App 1.7.0-SNAPSHOT] HiveMQ Logback folder: /opt/hivemq/conf
2025-01-29 18:43:02,396 INFO c.h.h.t.HelmChartContainer - [test-hivemq-platform] [hivemq] [0909fff3] INFO  - [HiveMQ Platform Operator Init App 1.7.0-SNAPSHOT] HiveMQ Config folder: /opt/hivemq/conf-k8s
2025-01-29 18:43:02,397 INFO c.h.h.t.HelmChartContainer - [test-hivemq-platform] [hivemq] [0909fff3] INFO  - [HiveMQ Platform Operator Init App 1.7.0-SNAPSHOT] Starting HiveMQ Platform Operator Init App
2025-01-29 18:43:02,397 INFO c.h.h.t.HelmChartContainer - [test-hivemq-platform] [hivemq] [0909fff3] INFO  - [HiveMQ Platform Operator Init App 1.7.0-SNAPSHOT] Starting Pod reconciler
2025-01-29 18:43:02,552 INFO c.h.h.t.HelmChartContainer - [test-hivemq-platform] [hivemq] [c953a0b7] INFO  - [HiveMQ Platform Operator Init App 1.7.0-SNAPSHOT] HiveMQ Platform Operator Init App 1.7.0-SNAPSHOT (commit: b1b9591 on branch: HEAD) built on Wed Jan 29 18:32:18 UTC 2025
2025-01-29 18:43:02,552 INFO c.h.h.t.HelmChartContainer - [test-hivemq-platform] [hivemq] [c953a0b7] INFO  - [HiveMQ Platform Operator Init App 1.7.0-SNAPSHOT] PodInfo ConfigMap directory: /etc/podinfo
2025-01-29 18:43:02,553 INFO c.h.h.t.HelmChartContainer - [test-hivemq-platform] [hivemq] [c953a0b7] INFO  - [HiveMQ Platform Operator Init App 1.7.0-SNAPSHOT] HiveMQ home directory: /opt/hivemq
2025-01-29 18:43:02,553 INFO c.h.h.t.HelmChartContainer - [test-hivemq-platform] [hivemq] [c953a0b7] INFO  - [HiveMQ Platform Operator Init App 1.7.0-SNAPSHOT] HiveMQ Logback folder: /opt/hivemq/conf
2025-01-29 18:43:02,553 INFO c.h.h.t.HelmChartContainer - [test-hivemq-platform] [hivemq] [c953a0b7] INFO  - [HiveMQ Platform Operator Init App 1.7.0-SNAPSHOT] HiveMQ Config folder: /opt/hivemq/conf-k8s
2025-01-29 18:43:02,554 INFO c.h.h.t.HelmChartContainer - [test-hivemq-platform] [hivemq] [c953a0b7] INFO  - [HiveMQ Platform Operator Init App 1.7.0-SNAPSHOT] Starting HiveMQ Platform Operator Init App
2025-01-29 18:43:02,554 INFO c.h.h.t.HelmChartContainer - [test-hivemq-platform] [hivemq] [c953a0b7] INFO  - [HiveMQ Platform Operator Init App 1.7.0-SNAPSHOT] Starting Pod reconciler
2025-01-29 18:43:03,591 INFO c.h.h.t.HelmChartContainer - [test-hivemq-platform] [hivemq] [0909fff3] INFO  - [HiveMQ Platform Operator Init App 1.7.0-SNAPSHOT] Pod reconciler is scheduled (interval: 5000 ms)
2025-01-29 18:43:03,592 INFO c.h.h.t.HelmChartContainer - [test-hivemq-platform] [hivemq] [0909fff3] INFO  - [HiveMQ Platform Operator Init App 1.7.0-SNAPSHOT] Starting the REST API on 10.42.0.15:7979
2025-01-29 18:43:03,594 INFO c.h.h.t.HelmChartContainer - [test-hivemq-platform] [hivemq] [0909fff3] INFO  - [HiveMQ Platform Operator Init App 1.7.0-SNAPSHOT] Waiting up to 600s for at most 1 HiveMQ nodes in cluster service hivemq-test-hivemq-platform-alpha-tier2-cluster.customoperatorselectorsit.svc
2025-01-29 18:43:03,750 INFO c.h.h.t.HelmChartContainer - [test-hivemq-platform] [hivemq] [c953a0b7] INFO  - [HiveMQ Platform Operator Init App 1.7.0-SNAPSHOT] Pod reconciler is scheduled (interval: 5000 ms)
2025-01-29 18:43:03,751 INFO c.h.h.t.HelmChartContainer - [test-hivemq-platform] [hivemq] [c953a0b7] INFO  - [HiveMQ Platform Operator Init App 1.7.0-SNAPSHOT] Starting the REST API on 10.42.0.16:7979
2025-01-29 18:43:03,753 INFO c.h.h.t.HelmChartContainer - [test-hivemq-platform] [hivemq] [c953a0b7] INFO  - [HiveMQ Platform Operator Init App 1.7.0-SNAPSHOT] Waiting up to 600s for at most 1 HiveMQ nodes in cluster service hivemq-test-hivemq-platform-alpha-tier3-cluster.customoperatorselectorsit.svc
2025-01-29 18:43:03,967 INFO c.h.h.t.HelmChartContainer - [test-hivemq-platform] [hivemq] [0909fff3] INFO  - [HiveMQ Platform Operator Init App 1.7.0-SNAPSHOT] Resolved 1 IP addresses: [10.42.0.15]
2025-01-29 18:43:03,967 INFO c.h.h.t.HelmChartContainer - [test-hivemq-platform] [hivemq] [0909fff3] INFO  - [HiveMQ Platform Operator Init App 1.7.0-SNAPSHOT] HiveMQ node count of 1 is within threshold of 1
2025-01-29 18:43:03,968 INFO c.h.h.t.HelmChartContainer - [test-hivemq-platform] [hivemq] [0909fff3] INFO  - [HiveMQ Platform Operator Init App 1.7.0-SNAPSHOT] Proceeding with container start
2025-01-29 18:43:04,062 INFO c.h.h.t.HelmChartContainer - [test-hivemq-platform] [hivemq] [0909fff3] INFO  - [HiveMQ Platform Operator Init App 1.7.0-SNAPSHOT] Initializing HiveMQ Platform extensions with initial configuration: {hivemq-allow-all-extension={start-priority=-1, skip-https-hostname-verification=false, restart=true, config-version=0, header-version=0, c-uri=, priority=-1, uri=preinstalled, skip-https-certificate-validation=false, enabled=true}, hivemq-prometheus-extension={start-priority=-1, c-uri=, skip-https-hostname-verification=false, skip-https-certificate-validation=false, uri=preinstalled, request-header-path=no-request-headers, enabled=true, restart=true, priority=-1}}
2025-01-29 18:43:04,136 INFO c.h.h.t.HelmChartContainer - [test-hivemq-platform] [hivemq] [c953a0b7] INFO  - [HiveMQ Platform Operator Init App 1.7.0-SNAPSHOT] Resolved 1 IP addresses: [10.42.0.16]
2025-01-29 18:43:04,136 INFO c.h.h.t.HelmChartContainer - [test-hivemq-platform] [hivemq] [c953a0b7] INFO  - [HiveMQ Platform Operator Init App 1.7.0-SNAPSHOT] HiveMQ node count of 1 is within threshold of 1
2025-01-29 18:43:04,136 INFO c.h.h.t.HelmChartContainer - [test-hivemq-platform] [hivemq] [c953a0b7] INFO  - [HiveMQ Platform Operator Init App 1.7.0-SNAPSHOT] Proceeding with container start
2025-01-29 18:43:04,163 INFO c.h.h.t.HelmChartContainer - [test-hivemq-platform] [hivemq] [c953a0b7] INFO  - [HiveMQ Platform Operator Init App 1.7.0-SNAPSHOT] Initializing HiveMQ Platform extensions with initial configuration: {hivemq-allow-all-extension={start-priority=-1, skip-https-hostname-verification=false, restart=true, config-version=0, header-version=0, c-uri=, priority=-1, uri=preinstalled, skip-https-certificate-validation=false, enabled=true}, hivemq-prometheus-extension={priority=-1, start-priority=-1, c-uri=, skip-https-hostname-verification=false, skip-https-certificate-validation=false, uri=preinstalled, request-header-path=no-request-headers, enabled=true, restart=true}}
2025-01-29 18:43:04,498 INFO c.h.h.t.HelmChartContainer - [test-hivemq-platform] [hivemq] [0909fff3] INFO  - [HiveMQ Platform Operator Init App 1.7.0-SNAPSHOT] Extension hivemq-allow-all-extension was already enabled
2025-01-29 18:43:04,563 INFO c.h.h.t.HelmChartContainer - [test-hivemq-platform] [hivemq] [0909fff3] INFO  - [HiveMQ Platform Operator Init App 1.7.0-SNAPSHOT] Successfully enabled extension hivemq-prometheus-extension
2025-01-29 18:43:04,565 INFO c.h.h.t.HelmChartContainer - [test-hivemq-platform] [hivemq] [0909fff3] INFO  - [HiveMQ Platform Operator Init App 1.7.0-SNAPSHOT] Starting HiveMQ Platform version 4.36.0 (4.36.0)
2025-01-29 18:43:04,565 INFO c.h.h.t.HelmChartContainer - [test-hivemq-platform] [hivemq] [0909fff3] INFO  - [HiveMQ Platform Operator Init App 1.7.0-SNAPSHOT] Configuring the HiveMQ Platform
2025-01-29 18:43:04,636 INFO c.h.h.t.HelmChartContainer - [test-hivemq-platform] [hivemq] [c953a0b7] INFO  - [HiveMQ Platform Operator Init App 1.7.0-SNAPSHOT] Extension hivemq-allow-all-extension was already enabled
2025-01-29 18:43:04,644 INFO c.h.h.t.HelmChartContainer - [test-hivemq-platform] [hivemq] [c953a0b7] INFO  - [HiveMQ Platform Operator Init App 1.7.0-SNAPSHOT] Successfully enabled extension hivemq-prometheus-extension
2025-01-29 18:43:04,647 INFO c.h.h.t.HelmChartContainer - [test-hivemq-platform] [hivemq] [c953a0b7] INFO  - [HiveMQ Platform Operator Init App 1.7.0-SNAPSHOT] Starting HiveMQ Platform version 4.36.0 (4.36.0)
2025-01-29 18:43:04,647 INFO c.h.h.t.HelmChartContainer - [test-hivemq-platform] [hivemq] [c953a0b7] INFO  - [HiveMQ Platform Operator Init App 1.7.0-SNAPSHOT] Configuring the HiveMQ Platform
2025-01-29 18:43:04,659 INFO c.h.h.t.HelmChartContainer - [test-hivemq-platform] [hivemq] [0909fff3] INFO  - [HiveMQ Platform Operator Init App 1.7.0-SNAPSHOT] Changed logback.xml file scan period to 20 seconds
2025-01-29 18:43:04,735 INFO c.h.h.t.HelmChartContainer - [test-hivemq-platform] [hivemq] [c953a0b7] INFO  - [HiveMQ Platform Operator Init App 1.7.0-SNAPSHOT] Changed logback.xml file scan period to 20 seconds
2025-01-29 18:43:04,746 INFO c.h.h.t.HelmChartContainer - [test-hivemq-platform] [hivemq] [c953a0b7] INFO  - [HiveMQ Platform Operator Init App 1.7.0-SNAPSHOT] Starting the HiveMQ Platform
2025-01-29 18:43:04,748 INFO c.h.h.t.HelmChartContainer - [test-hivemq-platform] [hivemq] [c953a0b7] -------------------------------------------------------------------------
2025-01-29 18:43:04,749 INFO c.h.h.t.HelmChartContainer - [test-hivemq-platform] [hivemq] [c953a0b7] 
2025-01-29 18:43:04,749 INFO c.h.h.t.HelmChartContainer - [test-hivemq-platform] [hivemq] [c953a0b7]                   _    _  _              __  __   ____
2025-01-29 18:43:04,749 INFO c.h.h.t.HelmChartContainer - [test-hivemq-platform] [hivemq] [c953a0b7]                  | |  | |(_)            |  \/  | / __ \
2025-01-29 18:43:04,749 INFO c.h.h.t.HelmChartContainer - [test-hivemq-platform] [hivemq] [c953a0b7]                  | |__| | _ __   __ ___ | \  / || |  | |
2025-01-29 18:43:04,749 INFO c.h.h.t.HelmChartContainer - [test-hivemq-platform] [hivemq] [c953a0b7]                  |  __  || |\ \ / // _ \| |\/| || |  | |
2025-01-29 18:43:04,749 INFO c.h.h.t.HelmChartContainer - [test-hivemq-platform] [hivemq] [c953a0b7]                  | |  | || | \ V /|  __/| |  | || |__| |
2025-01-29 18:43:04,749 INFO c.h.h.t.HelmChartContainer - [test-hivemq-platform] [hivemq] [c953a0b7]                  |_|  |_||_|  \_/  \___||_|  |_| \___\_\
2025-01-29 18:43:04,749 INFO c.h.h.t.HelmChartContainer - [test-hivemq-platform] [hivemq] [c953a0b7] 
2025-01-29 18:43:04,749 INFO c.h.h.t.HelmChartContainer - [test-hivemq-platform] [hivemq] [c953a0b7] -------------------------------------------------------------------------
2025-01-29 18:43:04,750 INFO c.h.h.t.HelmChartContainer - [test-hivemq-platform] [hivemq] [c953a0b7] 
2025-01-29 18:43:04,750 INFO c.h.h.t.HelmChartContainer - [test-hivemq-platform] [hivemq] [c953a0b7]   HiveMQ Start Script for Linux/Unix v1.14
2025-01-29 18:43:04,750 INFO c.h.h.t.HelmChartContainer - [test-hivemq-platform] [hivemq] [c953a0b7] 
2025-01-29 18:43:04,759 INFO c.h.h.t.HelmChartContainer - [test-hivemq-platform] [hivemq] [0909fff3] INFO  - [HiveMQ Platform Operator Init App 1.7.0-SNAPSHOT] Starting the HiveMQ Platform
2025-01-29 18:43:04,762 INFO c.h.h.t.HelmChartContainer - [test-hivemq-platform] [hivemq] [0909fff3] -------------------------------------------------------------------------
2025-01-29 18:43:04,762 INFO c.h.h.t.HelmChartContainer - [test-hivemq-platform] [hivemq] [0909fff3] 
2025-01-29 18:43:04,762 INFO c.h.h.t.HelmChartContainer - [test-hivemq-platform] [hivemq] [0909fff3]                   _    _  _              __  __   ____
2025-01-29 18:43:04,762 INFO c.h.h.t.HelmChartContainer - [test-hivemq-platform] [hivemq] [0909fff3]                  | |  | |(_)            |  \/  | / __ \
2025-01-29 18:43:04,762 INFO c.h.h.t.HelmChartContainer - [test-hivemq-platform] [hivemq] [0909fff3]                  | |__| | _ __   __ ___ | \  / || |  | |
2025-01-29 18:43:04,763 INFO c.h.h.t.HelmChartContainer - [test-hivemq-platform] [hivemq] [0909fff3]                  |  __  || |\ \ / // _ \| |\/| || |  | |
2025-01-29 18:43:04,763 INFO c.h.h.t.HelmChartContainer - [test-hivemq-platform] [hivemq] [0909fff3]                  | |  | || | \ V /|  __/| |  | || |__| |
2025-01-29 18:43:04,763 INFO c.h.h.t.HelmChartContainer - [test-hivemq-platform] [hivemq] [0909fff3]                  |_|  |_||_|  \_/  \___||_|  |_| \___\_\
2025-01-29 18:43:04,764 INFO c.h.h.t.HelmChartContainer - [test-hivemq-platform] [hivemq] [0909fff3] 
2025-01-29 18:43:04,764 INFO c.h.h.t.HelmChartContainer - [test-hivemq-platform] [hivemq] [0909fff3] -------------------------------------------------------------------------
2025-01-29 18:43:04,764 INFO c.h.h.t.HelmChartContainer - [test-hivemq-platform] [hivemq] [0909fff3] 
2025-01-29 18:43:04,764 INFO c.h.h.t.HelmChartContainer - [test-hivemq-platform] [hivemq] [0909fff3]   HiveMQ Start Script for Linux/Unix v1.14
2025-01-29 18:43:04,764 INFO c.h.h.t.HelmChartContainer - [test-hivemq-platform] [hivemq] [0909fff3] 
2025-01-29 18:43:04,804 INFO c.h.h.t.HelmChartContainer - [test-hivemq-platform] [hivemq] [0909fff3] -------------------------------------------------------------------------
2025-01-29 18:43:04,804 INFO c.h.h.t.HelmChartContainer - [test-hivemq-platform] [hivemq] [0909fff3] 
2025-01-29 18:43:04,804 INFO c.h.h.t.HelmChartContainer - [test-hivemq-platform] [hivemq] [0909fff3]   HIVEMQ_HOME: /opt/hivemq
2025-01-29 18:43:04,804 INFO c.h.h.t.HelmChartContainer - [test-hivemq-platform] [hivemq] [0909fff3] 
2025-01-29 18:43:04,804 INFO c.h.h.t.HelmChartContainer - [test-hivemq-platform] [hivemq] [0909fff3]   JAVA_OPTS: -XX:+UnlockExperimentalVMOptions -XX:InitialRAMPercentage=50 -XX:MaxRAMPercentage=50 -Djava.net.preferIPv4Stack=true --add-opens java.base/java.lang=ALL-UNNAMED --add-opens java.base/java.nio=ALL-UNNAMED --add-opens java.base/sun.nio.ch=ALL-UNNAMED --add-opens jdk.management/com.sun.management.internal=ALL-UNNAMED --add-exports java.base/jdk.internal.misc=ALL-UNNAMED -Djava.security.egd=file:/dev/./urandom -Dcom.sun.management.jmxremote -Dcom.sun.management.jmxremote.port=9010 -Dcom.sun.management.jmxremote.local.only=false -Dcom.sun.management.jmxremote.authenticate=false -Dcom.sun.management.jmxremote.ssl=false -Duser.language=en -Duser.region=US -XX:+CrashOnOutOfMemoryError -XX:+HeapDumpOnOutOfMemoryError
2025-01-29 18:43:04,804 INFO c.h.h.t.HelmChartContainer - [test-hivemq-platform] [hivemq] [0909fff3] 
2025-01-29 18:43:04,804 INFO c.h.h.t.HelmChartContainer - [test-hivemq-platform] [hivemq] [0909fff3]   JAVA_VERSION: 21
2025-01-29 18:43:04,805 INFO c.h.h.t.HelmChartContainer - [test-hivemq-platform] [hivemq] [0909fff3] 
2025-01-29 18:43:04,805 INFO c.h.h.t.HelmChartContainer - [test-hivemq-platform] [hivemq] [0909fff3] -------------------------------------------------------------------------
2025-01-29 18:43:04,805 INFO c.h.h.t.HelmChartContainer - [test-hivemq-platform] [hivemq] [0909fff3] 
2025-01-29 18:43:04,859 INFO c.h.h.t.HelmChartContainer - [test-hivemq-platform] [hivemq] [c953a0b7] -------------------------------------------------------------------------
2025-01-29 18:43:04,859 INFO c.h.h.t.HelmChartContainer - [test-hivemq-platform] [hivemq] [c953a0b7] 
2025-01-29 18:43:04,859 INFO c.h.h.t.HelmChartContainer - [test-hivemq-platform] [hivemq] [c953a0b7]   HIVEMQ_HOME: /opt/hivemq
2025-01-29 18:43:04,859 INFO c.h.h.t.HelmChartContainer - [test-hivemq-platform] [hivemq] [c953a0b7] 
2025-01-29 18:43:04,859 INFO c.h.h.t.HelmChartContainer - [test-hivemq-platform] [hivemq] [c953a0b7]   JAVA_OPTS: -XX:+UnlockExperimentalVMOptions -XX:InitialRAMPercentage=50 -XX:MaxRAMPercentage=50 -Djava.net.preferIPv4Stack=true --add-opens java.base/java.lang=ALL-UNNAMED --add-opens java.base/java.nio=ALL-UNNAMED --add-opens java.base/sun.nio.ch=ALL-UNNAMED --add-opens jdk.management/com.sun.management.internal=ALL-UNNAMED --add-exports java.base/jdk.internal.misc=ALL-UNNAMED -Djava.security.egd=file:/dev/./urandom -Dcom.sun.management.jmxremote -Dcom.sun.management.jmxremote.port=9010 -Dcom.sun.management.jmxremote.local.only=false -Dcom.sun.management.jmxremote.authenticate=false -Dcom.sun.management.jmxremote.ssl=false -Duser.language=en -Duser.region=US -XX:+CrashOnOutOfMemoryError -XX:+HeapDumpOnOutOfMemoryError
2025-01-29 18:43:04,859 INFO c.h.h.t.HelmChartContainer - [test-hivemq-platform] [hivemq] [c953a0b7] 
2025-01-29 18:43:04,859 INFO c.h.h.t.HelmChartContainer - [test-hivemq-platform] [hivemq] [c953a0b7]   JAVA_VERSION: 21
2025-01-29 18:43:04,859 INFO c.h.h.t.HelmChartContainer - [test-hivemq-platform] [hivemq] [c953a0b7] 
2025-01-29 18:43:04,859 INFO c.h.h.t.HelmChartContainer - [test-hivemq-platform] [hivemq] [c953a0b7] -------------------------------------------------------------------------
2025-01-29 18:43:04,859 INFO c.h.h.t.HelmChartContainer - [test-hivemq-platform] [hivemq] [c953a0b7] 
2025-01-29 18:43:05,844 INFO c.h.h.t.HelmChartContainer - [test-hivemq-platform] [hivemq] [c953a0b7] INFO  - [HiveMQ Platform Operator Init App 1.7.0-SNAPSHOT] Returning default Health API response 503 for readiness
2025-01-29 18:43:05,893 INFO c.h.h.t.HelmChartContainer - [test-hivemq-platform] [hivemq] [0909fff3] INFO  - [HiveMQ Platform Operator Init App 1.7.0-SNAPSHOT] Returning default Health API response 503 for readiness
2025-01-29 18:43:06,150 INFO c.h.h.t.HelmChartContainer - [EVENT] Warning [Unhealthy] Readiness probe failed: HTTP probe failed with statuscode: 503 [customoperatorselectorsit:test-hivemq-platform-alpha-tier3-0]
2025-01-29 18:43:06,150 INFO c.h.h.t.HelmChartContainer - Received Unhealthy event for container hivemq in pod test-hivemq-platform-alpha-tier3-0 [c953a0b7-1dea-43c3-91a8-311e0eac6098]
2025-01-29 18:43:06,197 INFO c.h.h.t.HelmChartContainer - [EVENT] Warning [Unhealthy] Readiness probe failed: HTTP probe failed with statuscode: 503 [customoperatorselectorsit:test-hivemq-platform-alpha-tier2-0]
2025-01-29 18:43:06,197 INFO c.h.h.t.HelmChartContainer - Received Unhealthy event for container hivemq in pod test-hivemq-platform-alpha-tier2-0 [0909fff3-79bb-4a7a-8fd5-8dfbd83ca8d5]
2025-01-29 18:43:07,490 INFO c.h.h.t.HelmChartContainer - [test-hivemq-platform] [hivemq] [0909fff3] INFO  - Starting HiveMQ Enterprise Server
2025-01-29 18:43:07,496 INFO c.h.h.t.HelmChartContainer - [test-hivemq-platform] [hivemq] [0909fff3] INFO  - HiveMQ version: 4.36.0
2025-01-29 18:43:07,496 INFO c.h.h.t.HelmChartContainer - [test-hivemq-platform] [hivemq] [0909fff3] INFO  - HiveMQ home directory: /opt/hivemq
2025-01-29 18:43:07,496 INFO c.h.h.t.HelmChartContainer - [test-hivemq-platform] [hivemq] [0909fff3] INFO  - Log Configuration was overridden by /opt/hivemq/conf/logback.xml
2025-01-29 18:43:07,639 INFO c.h.h.t.HelmChartContainer - [test-hivemq-platform] [hivemq] [c953a0b7] INFO  - Starting HiveMQ Enterprise Server
2025-01-29 18:43:07,644 INFO c.h.h.t.HelmChartContainer - [test-hivemq-platform] [hivemq] [c953a0b7] INFO  - HiveMQ version: 4.36.0
2025-01-29 18:43:07,644 INFO c.h.h.t.HelmChartContainer - [test-hivemq-platform] [hivemq] [c953a0b7] INFO  - HiveMQ home directory: /opt/hivemq
2025-01-29 18:43:07,645 INFO c.h.h.t.HelmChartContainer - [test-hivemq-platform] [hivemq] [c953a0b7] INFO  - Log Configuration was overridden by /opt/hivemq/conf/logback.xml
2025-01-29 18:43:08,692 INFO c.h.h.t.HelmChartContainer - [test-hivemq-platform] [hivemq] [0909fff3] INFO  - Successfully loaded configuration from '/opt/hivemq/conf-k8s/config.xml'.
2025-01-29 18:43:09,040 INFO c.h.h.t.HelmChartContainer - [test-hivemq-platform] [hivemq] [c953a0b7] INFO  - Successfully loaded configuration from '/opt/hivemq/conf-k8s/config.xml'.
2025-01-29 18:43:09,295 INFO c.h.h.t.HelmChartContainer - [test-hivemq-platform] [hivemq] [0909fff3] INFO  - This node's ID is IrU5X
2025-01-29 18:43:09,296 INFO c.h.h.t.HelmChartContainer - [test-hivemq-platform] [hivemq] [0909fff3] INFO  - Clustering is enabled
2025-01-29 18:43:09,744 INFO c.h.h.t.HelmChartContainer - [test-hivemq-platform] [hivemq] [c953a0b7] INFO  - This node's ID is F3ipw
2025-01-29 18:43:09,744 INFO c.h.h.t.HelmChartContainer - [test-hivemq-platform] [hivemq] [c953a0b7] INFO  - Clustering is enabled
2025-01-29 18:43:10,021 INFO c.h.h.t.HelmChartContainer - [hivemq-test-hivemq-platform] [hivemq-platform-operator] [f4b9e550] 18:43:10.020 [pool-6-thread-23] DEBUG c.h.p.o.d.PlatformServiceResource - [customop] Desired Platform services (3 services)
2025-01-29 18:43:10,026 INFO c.h.h.t.HelmChartContainer - [hivemq-test-hivemq-platform] [hivemq-platform-operator] [f4b9e550] 18:43:10.021 [pool-6-thread-37] DEBUG c.h.p.o.dependants.PodInfoConfigMap - [customop] Desired PodInfo ConfigMap (1 extensions) (1 enabled)
2025-01-29 18:43:10,027 INFO c.h.h.t.HelmChartContainer - [hivemq-test-hivemq-platform] [hivemq-platform-operator] [f4b9e550] 18:43:10.022 [pool-6-thread-37] DEBUG c.h.p.o.dependants.PodInfoConfigMap - [customop] Desired PodInfo ConfigMap (metrics port: 9399) (metrics path: /)
2025-01-29 18:43:10,027 INFO c.h.h.t.HelmChartContainer - [hivemq-test-hivemq-platform] [hivemq-platform-operator] [f4b9e550] 18:43:10.022 [pool-6-thread-37] DEBUG c.h.p.o.dependants.PodInfoConfigMap - [customop] Desired PodInfo ConfigMap (extension state hash: -1817474005)
2025-01-29 18:43:10,027 INFO c.h.h.t.HelmChartContainer - [hivemq-test-hivemq-platform] [hivemq-platform-operator] [f4b9e550] 18:43:10.023 [pool-6-thread-37] DEBUG c.h.p.o.d.PodServiceAccountResource - [customop] Desired PodServiceAccountResource (serviceAccountName: hivemq-platform-pod-test-hivemq-platform-alpha-tier3)
2025-01-29 18:43:10,031 INFO c.h.h.t.HelmChartContainer - [hivemq-test-hivemq-platform] [hivemq-platform-operator] [f4b9e550] 18:43:10.030 [pool-6-thread-45] DEBUG c.h.p.o.d.PlatformServiceResource - [customop] Desired Platform services (3 services)
2025-01-29 18:43:10,033 INFO c.h.h.t.HelmChartContainer - [hivemq-test-hivemq-platform] [hivemq-platform-operator] [f4b9e550] 18:43:10.032 [pool-6-thread-15] DEBUG c.h.p.o.dependants.PodInfoConfigMap - [customop] Desired PodInfo ConfigMap (1 extensions) (1 enabled)
2025-01-29 18:43:10,034 INFO c.h.h.t.HelmChartContainer - [hivemq-test-hivemq-platform] [hivemq-platform-operator] [f4b9e550] 18:43:10.033 [pool-6-thread-15] DEBUG c.h.p.o.dependants.PodInfoConfigMap - [customop] Desired PodInfo ConfigMap (metrics port: 9399) (metrics path: /)
2025-01-29 18:43:10,035 INFO c.h.h.t.HelmChartContainer - [hivemq-test-hivemq-platform] [hivemq-platform-operator] [f4b9e550] 18:43:10.034 [pool-6-thread-15] DEBUG c.h.p.o.dependants.PodInfoConfigMap - [customop] Desired PodInfo ConfigMap (extension state hash: -1817474005)
2025-01-29 18:43:10,113 INFO c.h.h.t.HelmChartContainer - [hivemq-test-hivemq-platform] [hivemq-platform-operator] [f4b9e550] 18:43:10.107 [pool-6-thread-23] DEBUG c.h.p.o.d.StatefulSetResource - [customop] Desired StatefulSet (1 replicas) for status STARTING (READY)
2025-01-29 18:43:10,113 INFO c.h.h.t.HelmChartContainer - [hivemq-test-hivemq-platform] [hivemq-platform-operator] [f4b9e550] 18:43:10.108 [pool-6-thread-11] DEBUG c.h.p.o.d.PodServiceAccountResource - [customop] Desired PodServiceAccountResource (serviceAccountName: hivemq-platform-pod-test-hivemq-platform-alpha-tier2)
2025-01-29 18:43:10,114 INFO c.h.h.t.HelmChartContainer - [hivemq-test-hivemq-platform] [hivemq-platform-operator] [f4b9e550] 18:43:10.113 [pool-6-thread-12] DEBUG c.h.p.o.d.StatefulSetResource - [customop] Desired StatefulSet (1 replicas) for status STARTING (READY)
2025-01-29 18:43:10,116 INFO c.h.h.t.HelmChartContainer - [hivemq-test-hivemq-platform] [hivemq-platform-operator] [f4b9e550] 18:43:10.113 [ReconcilerExecutor-hivemq-controller-119] INFO  c.h.p.o.HiveMQPlatformReconciler - [customop] Reconciling HiveMQ Platform 'test-hivemq-platform-alpha-tier3' in namespace 'customoperatorselectorsit'
2025-01-29 18:43:10,116 INFO c.h.h.t.HelmChartContainer - [hivemq-test-hivemq-platform] [hivemq-platform-operator] [f4b9e550] 18:43:10.115 [ReconcilerExecutor-hivemq-controller-119] DEBUG c.h.p.o.HiveMQPlatformReconciler - [customop] Custom Resource Status STARTING - HiveMQ Platform is starting (READY)
2025-01-29 18:43:10,116 INFO c.h.h.t.HelmChartContainer - [hivemq-test-hivemq-platform] [hivemq-platform-operator] [f4b9e550] 18:43:10.115 [ReconcilerExecutor-hivemq-controller-119] DEBUG c.h.p.o.HiveMQPlatformReconciler - [customop] Custom Resource Spec (replicas: 1) (extensions: 1)
2025-01-29 18:43:10,120 INFO c.h.h.t.HelmChartContainer - [hivemq-test-hivemq-platform] [hivemq-platform-operator] [f4b9e550] 18:43:10.119 [ReconcilerExecutor-hivemq-controller-119] DEBUG c.h.p.o.HiveMQPlatformReconciler - [customop] StatefulSet Status (revision: test-hivemq-platform-alpha-tier3-7ccdb49877, replicas: 1, available: 0, ready: 0, current: 1, updated: 1)
2025-01-29 18:43:10,120 INFO c.h.h.t.HelmChartContainer - [hivemq-test-hivemq-platform] [hivemq-platform-operator] [f4b9e550] 18:43:10.119 [ReconcilerExecutor-hivemq-controller-119] DEBUG c.h.p.o.HiveMQPlatformReconciler - [customop] StatefulSet Spec (replicas: 1, init containers: 1, containers: 1, volumes: 3)
2025-01-29 18:43:10,123 INFO c.h.h.t.HelmChartContainer - [hivemq-test-hivemq-platform] [hivemq-platform-operator] [f4b9e550] 18:43:10.122 [ReconcilerExecutor-hivemq-controller-120] INFO  c.h.p.o.HiveMQPlatformReconciler - [customop] Reconciling HiveMQ Platform 'test-hivemq-platform-alpha-tier2' in namespace 'customoperatorselectorsit'
2025-01-29 18:43:10,123 INFO c.h.h.t.HelmChartContainer - [hivemq-test-hivemq-platform] [hivemq-platform-operator] [f4b9e550] 18:43:10.122 [ReconcilerExecutor-hivemq-controller-120] DEBUG c.h.p.o.HiveMQPlatformReconciler - [customop] Custom Resource Status STARTING - HiveMQ Platform is starting (READY)
2025-01-29 18:43:10,123 INFO c.h.h.t.HelmChartContainer - [hivemq-test-hivemq-platform] [hivemq-platform-operator] [f4b9e550] 18:43:10.122 [ReconcilerExecutor-hivemq-controller-120] DEBUG c.h.p.o.HiveMQPlatformReconciler - [customop] Custom Resource Spec (replicas: 1) (extensions: 1)
2025-01-29 18:43:10,124 INFO c.h.h.t.HelmChartContainer - [hivemq-test-hivemq-platform] [hivemq-platform-operator] [f4b9e550] 18:43:10.123 [ReconcilerExecutor-hivemq-controller-119] DEBUG c.h.p.o.h.HiveMQPlatformReconcilerErrorHandler - [customop] Pod 'test-hivemq-platform-alpha-tier3-0' phase Running
2025-01-29 18:43:10,124 INFO c.h.h.t.HelmChartContainer - [hivemq-test-hivemq-platform] [hivemq-platform-operator] [f4b9e550] 18:43:10.123 [ReconcilerExecutor-hivemq-controller-120] DEBUG c.h.p.o.HiveMQPlatformReconciler - [customop] StatefulSet Status (revision: test-hivemq-platform-alpha-tier2-5888b5495b, replicas: 1, available: 0, ready: 0, current: 1, updated: 1)
2025-01-29 18:43:10,124 INFO c.h.h.t.HelmChartContainer - [hivemq-test-hivemq-platform] [hivemq-platform-operator] [f4b9e550] 18:43:10.123 [ReconcilerExecutor-hivemq-controller-120] DEBUG c.h.p.o.HiveMQPlatformReconciler - [customop] StatefulSet Spec (replicas: 1, init containers: 1, containers: 1, volumes: 3)
2025-01-29 18:43:10,166 INFO c.h.h.t.HelmChartContainer - [hivemq-test-hivemq-platform] [hivemq-platform-operator] [f4b9e550] 18:43:10.164 [ReconcilerExecutor-hivemq-controller-120] DEBUG c.h.p.o.h.HiveMQPlatformReconcilerErrorHandler - [customop] Pod 'test-hivemq-platform-alpha-tier2-0' phase Running
2025-01-29 18:43:10,166 INFO c.h.h.t.HelmChartContainer - [hivemq-test-hivemq-platform] [hivemq-platform-operator] [f4b9e550] 18:43:10.166 [ReconcilerExecutor-hivemq-controller-120] INFO  c.h.p.o.h.HiveMQPlatformReconcilerBaseHandler - [customop] HiveMQ Platform is starting, 0 of 1 replicas are ready
2025-01-29 18:43:10,209 INFO c.h.h.t.HelmChartContainer - [hivemq-test-hivemq-platform] [hivemq-platform-operator] [f4b9e550] 18:43:10.208 [ReconcilerExecutor-hivemq-controller-119] INFO  c.h.p.o.h.HiveMQPlatformReconcilerBaseHandler - [customop] HiveMQ Platform is starting, 0 of 1 replicas are ready
2025-01-29 18:43:11,137 INFO c.h.h.t.HelmChartContainer - [test-hivemq-platform] [hivemq] [c953a0b7] WARN  - [HiveMQ Platform Operator Init App 1.7.0-SNAPSHOT] Cannot connect to Health API for readiness: null
2025-01-29 18:43:11,143 INFO c.h.h.t.HelmChartContainer - [EVENT] Warning [Unhealthy] Readiness probe failed: HTTP probe failed with statuscode: 503 [customoperatorselectorsit:test-hivemq-platform-alpha-tier3-0]
2025-01-29 18:43:11,143 INFO c.h.h.t.HelmChartContainer - Received Unhealthy event for container hivemq in pod test-hivemq-platform-alpha-tier3-0 [c953a0b7-1dea-43c3-91a8-311e0eac6098]
2025-01-29 18:43:11,394 INFO c.h.h.t.HelmChartContainer - [test-hivemq-platform] [hivemq] [0909fff3] WARN  - [HiveMQ Platform Operator Init App 1.7.0-SNAPSHOT] Cannot connect to Health API for readiness: null
2025-01-29 18:43:11,398 INFO c.h.h.t.HelmChartContainer - [EVENT] Warning [Unhealthy] Readiness probe failed: HTTP probe failed with statuscode: 503 [customoperatorselectorsit:test-hivemq-platform-alpha-tier2-0]
2025-01-29 18:43:11,399 INFO c.h.h.t.HelmChartContainer - Received Unhealthy event for container hivemq in pod test-hivemq-platform-alpha-tier2-0 [0909fff3-79bb-4a7a-8fd5-8dfbd83ca8d5]
2025-01-29 18:43:13,895 INFO c.h.h.t.HelmChartContainer - [test-hivemq-platform] [hivemq] [0909fff3] Jan 29, 2025 6:43:13 PM io.vertx.core.impl.BlockedThreadChecker
2025-01-29 18:43:13,895 INFO c.h.h.t.HelmChartContainer - [test-hivemq-platform] [hivemq] [0909fff3] WARNING: Thread Thread[vert.x-eventloop-thread-1,5,main] has been blocked for 2163 ms, time limit is 2000 ms
2025-01-29 18:43:14,043 INFO c.h.h.t.HelmChartContainer - [test-hivemq-platform] [hivemq] [c953a0b7] Jan 29, 2025 6:43:14 PM io.vertx.core.impl.BlockedThreadChecker
2025-01-29 18:43:14,043 INFO c.h.h.t.HelmChartContainer - [test-hivemq-platform] [hivemq] [c953a0b7] WARNING: Thread Thread[vert.x-eventloop-thread-1,5,main] has been blocked for 2595 ms, time limit is 2000 ms
2025-01-29 18:43:14,735 INFO c.h.h.t.HelmChartContainer - [test-hivemq-platform] [hivemq] [c953a0b7] INFO  - [HiveMQ Platform Operator Init App 1.7.0-SNAPSHOT] Updating Pod HiveMQ Platform Operator Init App version annotation (version: 1.7.0-SNAPSHOT)
2025-01-29 18:43:14,861 INFO c.h.h.t.HelmChartContainer - [test-hivemq-platform] [hivemq] [0909fff3] Jan 29, 2025 6:43:14 PM io.vertx.core.impl.BlockedThreadChecker
2025-01-29 18:43:14,861 INFO c.h.h.t.HelmChartContainer - [test-hivemq-platform] [hivemq] [0909fff3] WARNING: Thread Thread[vert.x-eventloop-thread-1,5,main] has been blocked for 3164 ms, time limit is 2000 ms
2025-01-29 18:43:15,062 INFO c.h.h.t.HelmChartContainer - [test-hivemq-platform] [hivemq] [0909fff3] INFO  - [HiveMQ Platform Operator Init App 1.7.0-SNAPSHOT] Updating Pod HiveMQ Platform Operator Init App version annotation (version: 1.7.0-SNAPSHOT)
2025-01-29 18:43:15,551 INFO c.h.h.t.HelmChartContainer - [POD] test-hivemq-platform-alpha-tier3-0 [c953a0b7-1dea-43c3-91a8-311e0eac6098] in customoperatorselectorsit was MODIFIED
2025-01-29 18:43:15,563 INFO c.h.h.t.HelmChartContainer - [hivemq-test-hivemq-platform] [hivemq-platform-operator] [f4b9e550] 18:43:15.562 [pool-6-thread-18] DEBUG c.h.p.o.d.PodServiceAccountResource - [customop] Desired PodServiceAccountResource (serviceAccountName: hivemq-platform-pod-test-hivemq-platform-alpha-tier3)
2025-01-29 18:43:15,566 INFO c.h.h.t.HelmChartContainer - [hivemq-test-hivemq-platform] [hivemq-platform-operator] [f4b9e550] 18:43:15.564 [pool-6-thread-46] DEBUG c.h.p.o.d.PlatformServiceResource - [customop] Desired Platform services (3 services)
2025-01-29 18:43:15,569 INFO c.h.h.t.HelmChartContainer - [hivemq-test-hivemq-platform] [hivemq-platform-operator] [f4b9e550] 18:43:15.567 [pool-6-thread-48] DEBUG c.h.p.o.dependants.PodInfoConfigMap - [customop] Desired PodInfo ConfigMap (1 extensions) (1 enabled)
2025-01-29 18:43:15,572 INFO c.h.h.t.HelmChartContainer - [hivemq-test-hivemq-platform] [hivemq-platform-operator] [f4b9e550] 18:43:15.567 [pool-6-thread-48] DEBUG c.h.p.o.dependants.PodInfoConfigMap - [customop] Desired PodInfo ConfigMap (metrics port: 9399) (metrics path: /)
2025-01-29 18:43:15,572 INFO c.h.h.t.HelmChartContainer - [hivemq-test-hivemq-platform] [hivemq-platform-operator] [f4b9e550] 18:43:15.568 [pool-6-thread-48] DEBUG c.h.p.o.dependants.PodInfoConfigMap - [customop] Desired PodInfo ConfigMap (extension state hash: -1817474005)
2025-01-29 18:43:15,577 INFO c.h.h.t.HelmChartContainer - [hivemq-test-hivemq-platform] [hivemq-platform-operator] [f4b9e550] 18:43:15.574 [pool-6-thread-46] DEBUG c.h.p.o.d.StatefulSetResource - [customop] Desired StatefulSet (1 replicas) for status STARTING (READY)
2025-01-29 18:43:15,578 INFO c.h.h.t.HelmChartContainer - [hivemq-test-hivemq-platform] [hivemq-platform-operator] [f4b9e550] 18:43:15.577 [ReconcilerExecutor-hivemq-controller-121] INFO  c.h.p.o.HiveMQPlatformReconciler - [customop] Reconciling HiveMQ Platform 'test-hivemq-platform-alpha-tier3' in namespace 'customoperatorselectorsit'
2025-01-29 18:43:15,579 INFO c.h.h.t.HelmChartContainer - [hivemq-test-hivemq-platform] [hivemq-platform-operator] [f4b9e550] 18:43:15.578 [ReconcilerExecutor-hivemq-controller-121] DEBUG c.h.p.o.HiveMQPlatformReconciler - [customop] Custom Resource Status STARTING - HiveMQ Platform is starting (READY)
2025-01-29 18:43:15,579 INFO c.h.h.t.HelmChartContainer - [hivemq-test-hivemq-platform] [hivemq-platform-operator] [f4b9e550] 18:43:15.578 [ReconcilerExecutor-hivemq-controller-121] DEBUG c.h.p.o.HiveMQPlatformReconciler - [customop] Custom Resource Spec (replicas: 1) (extensions: 1)
2025-01-29 18:43:15,609 INFO c.h.h.t.HelmChartContainer - [hivemq-test-hivemq-platform] [hivemq-platform-operator] [f4b9e550] 18:43:15.608 [ReconcilerExecutor-hivemq-controller-121] DEBUG c.h.p.o.HiveMQPlatformReconciler - [customop] StatefulSet Status (revision: test-hivemq-platform-alpha-tier3-7ccdb49877, replicas: 1, available: 0, ready: 0, current: 1, updated: 1)
2025-01-29 18:43:15,609 INFO c.h.h.t.HelmChartContainer - [hivemq-test-hivemq-platform] [hivemq-platform-operator] [f4b9e550] 18:43:15.608 [ReconcilerExecutor-hivemq-controller-121] DEBUG c.h.p.o.HiveMQPlatformReconciler - [customop] StatefulSet Spec (replicas: 1, init containers: 1, containers: 1, volumes: 3)
2025-01-29 18:43:15,611 INFO c.h.h.t.HelmChartContainer - [hivemq-test-hivemq-platform] [hivemq-platform-operator] [f4b9e550] 18:43:15.610 [ReconcilerExecutor-hivemq-controller-121] DEBUG c.h.p.o.h.HiveMQPlatformReconcilerErrorHandler - [customop] Pod 'test-hivemq-platform-alpha-tier3-0' phase Running
2025-01-29 18:43:15,611 INFO c.h.h.t.HelmChartContainer - [hivemq-test-hivemq-platform] [hivemq-platform-operator] [f4b9e550] 18:43:15.611 [ReconcilerExecutor-hivemq-controller-121] INFO  c.h.p.o.h.HiveMQPlatformReconcilerBaseHandler - [customop] HiveMQ Platform is starting, 0 of 1 replicas are ready
2025-01-29 18:43:15,644 INFO c.h.h.t.HelmChartContainer - [test-hivemq-platform] [hivemq] [c953a0b7] INFO  - [HiveMQ Platform Operator Init App 1.7.0-SNAPSHOT] Successfully updated Pod HiveMQ Platform Operator Init App version annotation (version: 1.7.0-SNAPSHOT)
2025-01-29 18:43:15,644 INFO c.h.h.t.HelmChartContainer - [test-hivemq-platform] [hivemq] [c953a0b7] WARN  - [HiveMQ Platform Operator Init App 1.7.0-SNAPSHOT] Cannot connect to Health API for readiness: null
2025-01-29 18:43:15,648 INFO c.h.h.t.HelmChartContainer - [EVENT] Warning [Unhealthy] Readiness probe failed: HTTP probe failed with statuscode: 503 [customoperatorselectorsit:test-hivemq-platform-alpha-tier3-0]
2025-01-29 18:43:15,648 INFO c.h.h.t.HelmChartContainer - Received Unhealthy event for container hivemq in pod test-hivemq-platform-alpha-tier3-0 [c953a0b7-1dea-43c3-91a8-311e0eac6098]
2025-01-29 18:43:15,839 INFO c.h.h.t.HelmChartContainer - [POD] test-hivemq-platform-alpha-tier2-0 [0909fff3-79bb-4a7a-8fd5-8dfbd83ca8d5] in customoperatorselectorsit was MODIFIED
2025-01-29 18:43:15,846 INFO c.h.h.t.HelmChartContainer - [hivemq-test-hivemq-platform] [hivemq-platform-operator] [f4b9e550] 18:43:15.844 [pool-6-thread-14] DEBUG c.h.p.o.d.PlatformServiceResource - [customop] Desired Platform services (3 services)
2025-01-29 18:43:15,847 INFO c.h.h.t.HelmChartContainer - [hivemq-test-hivemq-platform] [hivemq-platform-operator] [f4b9e550] 18:43:15.846 [pool-6-thread-1] DEBUG c.h.p.o.dependants.PodInfoConfigMap - [customop] Desired PodInfo ConfigMap (1 extensions) (1 enabled)
2025-01-29 18:43:15,847 INFO c.h.h.t.HelmChartContainer - [hivemq-test-hivemq-platform] [hivemq-platform-operator] [f4b9e550] 18:43:15.846 [pool-6-thread-1] DEBUG c.h.p.o.dependants.PodInfoConfigMap - [customop] Desired PodInfo ConfigMap (metrics port: 9399) (metrics path: /)
2025-01-29 18:43:15,847 INFO c.h.h.t.HelmChartContainer - [hivemq-test-hivemq-platform] [hivemq-platform-operator] [f4b9e550] 18:43:15.846 [pool-6-thread-1] DEBUG c.h.p.o.dependants.PodInfoConfigMap - [customop] Desired PodInfo ConfigMap (extension state hash: -1817474005)
2025-01-29 18:43:15,849 INFO c.h.h.t.HelmChartContainer - [hivemq-test-hivemq-platform] [hivemq-platform-operator] [f4b9e550] 18:43:15.848 [pool-6-thread-13] DEBUG c.h.p.o.d.PodServiceAccountResource - [customop] Desired PodServiceAccountResource (serviceAccountName: hivemq-platform-pod-test-hivemq-platform-alpha-tier2)
2025-01-29 18:43:15,867 INFO c.h.h.t.HelmChartContainer - [hivemq-test-hivemq-platform] [hivemq-platform-operator] [f4b9e550] 18:43:15.865 [pool-6-thread-27] DEBUG c.h.p.o.d.StatefulSetResource - [customop] Desired StatefulSet (1 replicas) for status STARTING (READY)
2025-01-29 18:43:15,921 INFO c.h.h.t.HelmChartContainer - [EVENT] Warning [Unhealthy] Readiness probe failed: HTTP probe failed with statuscode: 503 [customoperatorselectorsit:test-hivemq-platform-alpha-tier2-0]
2025-01-29 18:43:15,921 INFO c.h.h.t.HelmChartContainer - Received Unhealthy event for container hivemq in pod test-hivemq-platform-alpha-tier2-0 [0909fff3-79bb-4a7a-8fd5-8dfbd83ca8d5]
2025-01-29 18:43:15,921 INFO c.h.h.t.HelmChartContainer - [test-hivemq-platform] [hivemq] [0909fff3] WARN  - [HiveMQ Platform Operator Init App 1.7.0-SNAPSHOT] Cannot connect to Health API for readiness: null
2025-01-29 18:43:15,921 INFO c.h.h.t.HelmChartContainer - [test-hivemq-platform] [hivemq] [0909fff3] INFO  - [HiveMQ Platform Operator Init App 1.7.0-SNAPSHOT] Successfully updated Pod HiveMQ Platform Operator Init App version annotation (version: 1.7.0-SNAPSHOT)
2025-01-29 18:43:15,921 INFO c.h.h.t.HelmChartContainer - [test-hivemq-platform] [hivemq] [0909fff3] WARN  - [HiveMQ Platform Operator Init App 1.7.0-SNAPSHOT] Cannot connect to Health API for readiness: null
2025-01-29 18:43:15,923 INFO c.h.h.t.HelmChartContainer - [hivemq-test-hivemq-platform] [hivemq-platform-operator] [f4b9e550] 18:43:15.910 [ReconcilerExecutor-hivemq-controller-122] INFO  c.h.p.o.HiveMQPlatformReconciler - [customop] Reconciling HiveMQ Platform 'test-hivemq-platform-alpha-tier2' in namespace 'customoperatorselectorsit'
2025-01-29 18:43:15,923 INFO c.h.h.t.HelmChartContainer - [hivemq-test-hivemq-platform] [hivemq-platform-operator] [f4b9e550] 18:43:15.910 [ReconcilerExecutor-hivemq-controller-122] DEBUG c.h.p.o.HiveMQPlatformReconciler - [customop] Custom Resource Status STARTING - HiveMQ Platform is starting (READY)
2025-01-29 18:43:15,923 INFO c.h.h.t.HelmChartContainer - [hivemq-test-hivemq-platform] [hivemq-platform-operator] [f4b9e550] 18:43:15.910 [ReconcilerExecutor-hivemq-controller-122] DEBUG c.h.p.o.HiveMQPlatformReconciler - [customop] Custom Resource Spec (replicas: 1) (extensions: 1)
2025-01-29 18:43:15,923 INFO c.h.h.t.HelmChartContainer - [hivemq-test-hivemq-platform] [hivemq-platform-operator] [f4b9e550] 18:43:15.912 [ReconcilerExecutor-hivemq-controller-122] DEBUG c.h.p.o.HiveMQPlatformReconciler - [customop] StatefulSet Status (revision: test-hivemq-platform-alpha-tier2-5888b5495b, replicas: 1, available: 0, ready: 0, current: 1, updated: 1)
2025-01-29 18:43:15,923 INFO c.h.h.t.HelmChartContainer - [hivemq-test-hivemq-platform] [hivemq-platform-operator] [f4b9e550] 18:43:15.912 [ReconcilerExecutor-hivemq-controller-122] DEBUG c.h.p.o.HiveMQPlatformReconciler - [customop] StatefulSet Spec (replicas: 1, init containers: 1, containers: 1, volumes: 3)
2025-01-29 18:43:15,923 INFO c.h.h.t.HelmChartContainer - [hivemq-test-hivemq-platform] [hivemq-platform-operator] [f4b9e550] 18:43:15.914 [ReconcilerExecutor-hivemq-controller-122] DEBUG c.h.p.o.h.HiveMQPlatformReconcilerErrorHandler - [customop] Pod 'test-hivemq-platform-alpha-tier2-0' phase Running
2025-01-29 18:43:15,923 INFO c.h.h.t.HelmChartContainer - [hivemq-test-hivemq-platform] [hivemq-platform-operator] [f4b9e550] 18:43:15.914 [ReconcilerExecutor-hivemq-controller-122] INFO  c.h.p.o.h.HiveMQPlatformReconcilerBaseHandler - [customop] HiveMQ Platform is starting, 0 of 1 replicas are ready
2025-01-29 18:43:15,926 INFO c.h.h.t.HelmChartContainer - [EVENT] Warning [Unhealthy] Readiness probe failed: HTTP probe failed with statuscode: 503 [customoperatorselectorsit:test-hivemq-platform-alpha-tier2-0]
2025-01-29 18:43:15,926 INFO c.h.h.t.HelmChartContainer - Received Unhealthy event for container hivemq in pod test-hivemq-platform-alpha-tier2-0 [0909fff3-79bb-4a7a-8fd5-8dfbd83ca8d5]
2025-01-29 18:43:20,557 INFO c.h.h.t.HelmChartContainer - [test-hivemq-platform] [hivemq] [c953a0b7] WARN  - [HiveMQ Platform Operator Init App 1.7.0-SNAPSHOT] Cannot connect to Health API for readiness: null
2025-01-29 18:43:20,620 INFO c.h.h.t.HelmChartContainer - [EVENT] Warning [Unhealthy] Readiness probe failed: HTTP probe failed with statuscode: 503 [customoperatorselectorsit:test-hivemq-platform-alpha-tier3-0]
2025-01-29 18:43:20,620 INFO c.h.h.t.HelmChartContainer - Received Unhealthy event for container hivemq in pod test-hivemq-platform-alpha-tier3-0 [c953a0b7-1dea-43c3-91a8-311e0eac6098]
2025-01-29 18:43:20,900 INFO c.h.h.t.HelmChartContainer - [test-hivemq-platform] [hivemq] [0909fff3] WARN  - [HiveMQ Platform Operator Init App 1.7.0-SNAPSHOT] Cannot connect to Health API for readiness: null
2025-01-29 18:43:21,021 INFO c.h.h.t.HelmChartContainer - [EVENT] Warning [Unhealthy] Readiness probe failed: HTTP probe failed with statuscode: 503 [customoperatorselectorsit:test-hivemq-platform-alpha-tier2-0]
2025-01-29 18:43:21,021 INFO c.h.h.t.HelmChartContainer - Received Unhealthy event for container hivemq in pod test-hivemq-platform-alpha-tier2-0 [0909fff3-79bb-4a7a-8fd5-8dfbd83ca8d5]
2025-01-29 18:43:25,617 INFO c.h.h.t.HelmChartContainer - [hivemq-test-hivemq-platform] [hivemq-platform-operator] [f4b9e550] 18:43:25.615 [pool-6-thread-21] DEBUG c.h.p.o.d.PlatformServiceResource - [customop] Desired Platform services (3 services)
2025-01-29 18:43:25,618 INFO c.h.h.t.HelmChartContainer - [hivemq-test-hivemq-platform] [hivemq-platform-operator] [f4b9e550] 18:43:25.616 [pool-6-thread-26] DEBUG c.h.p.o.dependants.PodInfoConfigMap - [customop] Desired PodInfo ConfigMap (1 extensions) (1 enabled)
2025-01-29 18:43:25,618 INFO c.h.h.t.HelmChartContainer - [hivemq-test-hivemq-platform] [hivemq-platform-operator] [f4b9e550] 18:43:25.616 [pool-6-thread-26] DEBUG c.h.p.o.dependants.PodInfoConfigMap - [customop] Desired PodInfo ConfigMap (metrics port: 9399) (metrics path: /)
2025-01-29 18:43:25,618 INFO c.h.h.t.HelmChartContainer - [hivemq-test-hivemq-platform] [hivemq-platform-operator] [f4b9e550] 18:43:25.616 [pool-6-thread-26] DEBUG c.h.p.o.dependants.PodInfoConfigMap - [customop] Desired PodInfo ConfigMap (extension state hash: -1817474005)
2025-01-29 18:43:25,620 INFO c.h.h.t.HelmChartContainer - [hivemq-test-hivemq-platform] [hivemq-platform-operator] [f4b9e550] 18:43:25.617 [pool-6-thread-34] DEBUG c.h.p.o.d.PodServiceAccountResource - [customop] Desired PodServiceAccountResource (serviceAccountName: hivemq-platform-pod-test-hivemq-platform-alpha-tier3)
2025-01-29 18:43:25,625 INFO c.h.h.t.HelmChartContainer - [hivemq-test-hivemq-platform] [hivemq-platform-operator] [f4b9e550] 18:43:25.624 [pool-6-thread-21] DEBUG c.h.p.o.d.StatefulSetResource - [customop] Desired StatefulSet (1 replicas) for status STARTING (READY)
2025-01-29 18:43:25,628 INFO c.h.h.t.HelmChartContainer - [hivemq-test-hivemq-platform] [hivemq-platform-operator] [f4b9e550] 18:43:25.627 [ReconcilerExecutor-hivemq-controller-123] INFO  c.h.p.o.HiveMQPlatformReconciler - [customop] Reconciling HiveMQ Platform 'test-hivemq-platform-alpha-tier3' in namespace 'customoperatorselectorsit'
2025-01-29 18:43:25,629 INFO c.h.h.t.HelmChartContainer - [hivemq-test-hivemq-platform] [hivemq-platform-operator] [f4b9e550] 18:43:25.627 [ReconcilerExecutor-hivemq-controller-123] DEBUG c.h.p.o.HiveMQPlatformReconciler - [customop] Custom Resource Status STARTING - HiveMQ Platform is starting (READY)
2025-01-29 18:43:25,629 INFO c.h.h.t.HelmChartContainer - [hivemq-test-hivemq-platform] [hivemq-platform-operator] [f4b9e550] 18:43:25.628 [ReconcilerExecutor-hivemq-controller-123] DEBUG c.h.p.o.HiveMQPlatformReconciler - [customop] Custom Resource Spec (replicas: 1) (extensions: 1)
2025-01-29 18:43:25,631 INFO c.h.h.t.HelmChartContainer - [hivemq-test-hivemq-platform] [hivemq-platform-operator] [f4b9e550] 18:43:25.629 [ReconcilerExecutor-hivemq-controller-123] DEBUG c.h.p.o.HiveMQPlatformReconciler - [customop] StatefulSet Status (revision: test-hivemq-platform-alpha-tier3-7ccdb49877, replicas: 1, available: 0, ready: 0, current: 1, updated: 1)
2025-01-29 18:43:25,631 INFO c.h.h.t.HelmChartContainer - [hivemq-test-hivemq-platform] [hivemq-platform-operator] [f4b9e550] 18:43:25.629 [ReconcilerExecutor-hivemq-controller-123] DEBUG c.h.p.o.HiveMQPlatformReconciler - [customop] StatefulSet Spec (replicas: 1, init containers: 1, containers: 1, volumes: 3)
2025-01-29 18:43:25,632 INFO c.h.h.t.HelmChartContainer - [hivemq-test-hivemq-platform] [hivemq-platform-operator] [f4b9e550] 18:43:25.630 [ReconcilerExecutor-hivemq-controller-123] DEBUG c.h.p.o.h.HiveMQPlatformReconcilerErrorHandler - [customop] Pod 'test-hivemq-platform-alpha-tier3-0' phase Running
2025-01-29 18:43:25,632 INFO c.h.h.t.HelmChartContainer - [hivemq-test-hivemq-platform] [hivemq-platform-operator] [f4b9e550] 18:43:25.631 [ReconcilerExecutor-hivemq-controller-123] INFO  c.h.p.o.h.HiveMQPlatformReconcilerBaseHandler - [customop] HiveMQ Platform is starting, 0 of 1 replicas are ready
2025-01-29 18:43:25,642 INFO c.h.h.t.HelmChartContainer - [test-hivemq-platform] [hivemq] [c953a0b7] WARN  - [HiveMQ Platform Operator Init App 1.7.0-SNAPSHOT] Cannot connect to Health API for readiness: null
2025-01-29 18:43:25,648 INFO c.h.h.t.HelmChartContainer - [EVENT] Warning [Unhealthy] Readiness probe failed: HTTP probe failed with statuscode: 503 [customoperatorselectorsit:test-hivemq-platform-alpha-tier3-0]
2025-01-29 18:43:25,649 INFO c.h.h.t.HelmChartContainer - Received Unhealthy event for container hivemq in pod test-hivemq-platform-alpha-tier3-0 [c953a0b7-1dea-43c3-91a8-311e0eac6098]
2025-01-29 18:43:25,899 INFO c.h.h.t.HelmChartContainer - [test-hivemq-platform] [hivemq] [0909fff3] WARN  - [HiveMQ Platform Operator Init App 1.7.0-SNAPSHOT] Cannot connect to Health API for readiness: null
2025-01-29 18:43:25,902 INFO c.h.h.t.HelmChartContainer - [EVENT] Warning [Unhealthy] Readiness probe failed: HTTP probe failed with statuscode: 503 [customoperatorselectorsit:test-hivemq-platform-alpha-tier2-0]
2025-01-29 18:43:25,902 INFO c.h.h.t.HelmChartContainer - Received Unhealthy event for container hivemq in pod test-hivemq-platform-alpha-tier2-0 [0909fff3-79bb-4a7a-8fd5-8dfbd83ca8d5]
2025-01-29 18:43:25,919 INFO c.h.h.t.HelmChartContainer - [hivemq-test-hivemq-platform] [hivemq-platform-operator] [f4b9e550] 18:43:25.917 [pool-6-thread-38] DEBUG c.h.p.o.d.PlatformServiceResource - [customop] Desired Platform services (3 services)
2025-01-29 18:43:25,920 INFO c.h.h.t.HelmChartContainer - [hivemq-test-hivemq-platform] [hivemq-platform-operator] [f4b9e550] 18:43:25.918 [pool-6-thread-30] DEBUG c.h.p.o.d.PodServiceAccountResource - [customop] Desired PodServiceAccountResource (serviceAccountName: hivemq-platform-pod-test-hivemq-platform-alpha-tier2)
2025-01-29 18:43:25,959 INFO c.h.h.t.HelmChartContainer - [hivemq-test-hivemq-platform] [hivemq-platform-operator] [f4b9e550] 18:43:25.957 [pool-6-thread-37] DEBUG c.h.p.o.dependants.PodInfoConfigMap - [customop] Desired PodInfo ConfigMap (1 extensions) (1 enabled)
2025-01-29 18:43:25,959 INFO c.h.h.t.HelmChartContainer - [hivemq-test-hivemq-platform] [hivemq-platform-operator] [f4b9e550] 18:43:25.957 [pool-6-thread-37] DEBUG c.h.p.o.dependants.PodInfoConfigMap - [customop] Desired PodInfo ConfigMap (metrics port: 9399) (metrics path: /)
2025-01-29 18:43:25,959 INFO c.h.h.t.HelmChartContainer - [hivemq-test-hivemq-platform] [hivemq-platform-operator] [f4b9e550] 18:43:25.957 [pool-6-thread-37] DEBUG c.h.p.o.dependants.PodInfoConfigMap - [customop] Desired PodInfo ConfigMap (extension state hash: -1817474005)
2025-01-29 18:43:26,014 INFO c.h.h.t.HelmChartContainer - [hivemq-test-hivemq-platform] [hivemq-platform-operator] [f4b9e550] 18:43:26.012 [pool-6-thread-44] DEBUG c.h.p.o.d.StatefulSetResource - [customop] Desired StatefulSet (1 replicas) for status STARTING (READY)
2025-01-29 18:43:26,018 INFO c.h.h.t.HelmChartContainer - [hivemq-test-hivemq-platform] [hivemq-platform-operator] [f4b9e550] 18:43:26.018 [ReconcilerExecutor-hivemq-controller-124] INFO  c.h.p.o.HiveMQPlatformReconciler - [customop] Reconciling HiveMQ Platform 'test-hivemq-platform-alpha-tier2' in namespace 'customoperatorselectorsit'
2025-01-29 18:43:26,019 INFO c.h.h.t.HelmChartContainer - [hivemq-test-hivemq-platform] [hivemq-platform-operator] [f4b9e550] 18:43:26.018 [ReconcilerExecutor-hivemq-controller-124] DEBUG c.h.p.o.HiveMQPlatformReconciler - [customop] Custom Resource Status STARTING - HiveMQ Platform is starting (READY)
2025-01-29 18:43:26,019 INFO c.h.h.t.HelmChartContainer - [hivemq-test-hivemq-platform] [hivemq-platform-operator] [f4b9e550] 18:43:26.018 [ReconcilerExecutor-hivemq-controller-124] DEBUG c.h.p.o.HiveMQPlatformReconciler - [customop] Custom Resource Spec (replicas: 1) (extensions: 1)
2025-01-29 18:43:26,021 INFO c.h.h.t.HelmChartContainer - [hivemq-test-hivemq-platform] [hivemq-platform-operator] [f4b9e550] 18:43:26.020 [ReconcilerExecutor-hivemq-controller-124] DEBUG c.h.p.o.HiveMQPlatformReconciler - [customop] StatefulSet Status (revision: test-hivemq-platform-alpha-tier2-5888b5495b, replicas: 1, available: 0, ready: 0, current: 1, updated: 1)
2025-01-29 18:43:26,021 INFO c.h.h.t.HelmChartContainer - [hivemq-test-hivemq-platform] [hivemq-platform-operator] [f4b9e550] 18:43:26.020 [ReconcilerExecutor-hivemq-controller-124] DEBUG c.h.p.o.HiveMQPlatformReconciler - [customop] StatefulSet Spec (replicas: 1, init containers: 1, containers: 1, volumes: 3)
2025-01-29 18:43:26,023 INFO c.h.h.t.HelmChartContainer - [hivemq-test-hivemq-platform] [hivemq-platform-operator] [f4b9e550] 18:43:26.022 [ReconcilerExecutor-hivemq-controller-124] DEBUG c.h.p.o.h.HiveMQPlatformReconcilerErrorHandler - [customop] Pod 'test-hivemq-platform-alpha-tier2-0' phase Running
2025-01-29 18:43:26,024 INFO c.h.h.t.HelmChartContainer - [hivemq-test-hivemq-platform] [hivemq-platform-operator] [f4b9e550] 18:43:26.022 [ReconcilerExecutor-hivemq-controller-124] INFO  c.h.p.o.h.HiveMQPlatformReconcilerBaseHandler - [customop] HiveMQ Platform is starting, 0 of 1 replicas are ready
2025-01-29 18:43:26,362 INFO c.h.h.t.HelmChartContainer - [test-hivemq-platform] [hivemq] [0909fff3] WARN  - [HiveMQ Platform Operator Init App 1.7.0-SNAPSHOT] Cannot connect to Health API for liveness: null
2025-01-29 18:43:26,364 INFO c.h.h.t.HelmChartContainer - [test-hivemq-platform] [hivemq] [0909fff3] INFO  - [HiveMQ Platform Operator Init App 1.7.0-SNAPSHOT] Returning default Health API response 200 for liveness
2025-01-29 18:43:26,438 INFO c.h.h.t.HelmChartContainer - [test-hivemq-platform] [hivemq] [c953a0b7] WARN  - [HiveMQ Platform Operator Init App 1.7.0-SNAPSHOT] Cannot connect to Health API for liveness: null
2025-01-29 18:43:26,438 INFO c.h.h.t.HelmChartContainer - [test-hivemq-platform] [hivemq] [c953a0b7] INFO  - [HiveMQ Platform Operator Init App 1.7.0-SNAPSHOT] Returning default Health API response 200 for liveness
2025-01-29 18:43:26,761 INFO c.h.h.t.HelmChartContainer - [test-hivemq-platform] [hivemq] [0909fff3] INFO  - No valid license file found. Using trial license, restricted to 25 connections.
2025-01-29 18:43:27,633 INFO c.h.h.t.HelmChartContainer - [test-hivemq-platform] [hivemq] [c953a0b7] INFO  - No valid license file found. Using trial license, restricted to 25 connections.
2025-01-29 18:43:30,637 INFO c.h.h.t.HelmChartContainer - [test-hivemq-platform] [hivemq] [c953a0b7] WARN  - [HiveMQ Platform Operator Init App 1.7.0-SNAPSHOT] Cannot connect to Health API for readiness: null
2025-01-29 18:43:30,643 INFO c.h.h.t.HelmChartContainer - [EVENT] Warning [Unhealthy] Readiness probe failed: HTTP probe failed with statuscode: 503 [customoperatorselectorsit:test-hivemq-platform-alpha-tier3-0]
2025-01-29 18:43:30,643 INFO c.h.h.t.HelmChartContainer - Received Unhealthy event for container hivemq in pod test-hivemq-platform-alpha-tier3-0 [c953a0b7-1dea-43c3-91a8-311e0eac6098]
2025-01-29 18:43:30,960 INFO c.h.h.t.HelmChartContainer - [test-hivemq-platform] [hivemq] [0909fff3] WARN  - [HiveMQ Platform Operator Init App 1.7.0-SNAPSHOT] Cannot connect to Health API for readiness: null
2025-01-29 18:43:30,965 INFO c.h.h.t.HelmChartContainer - [EVENT] Warning [Unhealthy] Readiness probe failed: HTTP probe failed with statuscode: 503 [customoperatorselectorsit:test-hivemq-platform-alpha-tier2-0]
2025-01-29 18:43:30,965 INFO c.h.h.t.HelmChartContainer - Received Unhealthy event for container hivemq in pod test-hivemq-platform-alpha-tier2-0 [0909fff3-79bb-4a7a-8fd5-8dfbd83ca8d5]
2025-01-29 18:43:31,046 INFO c.h.h.t.HelmChartContainer - [test-hivemq-platform] [hivemq] [c953a0b7] INFO  - No valid license file for Data Hub found. Using free license, restricted to 1 policy.
2025-01-29 18:43:31,258 INFO c.h.h.t.HelmChartContainer - [test-hivemq-platform] [hivemq] [0909fff3] INFO  - No valid license file for Data Hub found. Using free license, restricted to 1 policy.
2025-01-29 18:43:32,257 INFO c.h.h.t.HelmChartContainer - [test-hivemq-platform] [hivemq] [c953a0b7] INFO  - Audit Logger started.
2025-01-29 18:43:32,580 INFO c.h.h.t.HelmChartContainer - [test-hivemq-platform] [hivemq] [c953a0b7] INFO  - This node uses '1' CPU cores.
2025-01-29 18:43:32,599 INFO c.h.h.t.HelmChartContainer - [test-hivemq-platform] [hivemq] [0909fff3] INFO  - Audit Logger started.
2025-01-29 18:43:32,636 INFO c.h.h.t.HelmChartContainer - [test-hivemq-platform] [hivemq] [c953a0b7] INFO  - Starting HiveMQ Health API on address 0.0.0.0 and port 8889
2025-01-29 18:43:32,902 INFO c.h.h.t.HelmChartContainer - [test-hivemq-platform] [hivemq] [0909fff3] INFO  - This node uses '1' CPU cores.
2025-01-29 18:43:32,906 INFO c.h.h.t.HelmChartContainer - [test-hivemq-platform] [hivemq] [0909fff3] INFO  - Starting HiveMQ Health API on address 0.0.0.0 and port 8889
2025-01-29 18:43:33,538 INFO c.h.h.t.HelmChartContainer - [test-hivemq-platform] [hivemq] [c953a0b7] INFO  - Started HiveMQ Health API in 902ms
2025-01-29 18:43:33,799 INFO c.h.h.t.HelmChartContainer - [test-hivemq-platform] [hivemq] [0909fff3] INFO  - Started HiveMQ Health API in 892ms
2025-01-29 18:43:34,154 INFO c.h.h.t.HelmChartContainer - [test-hivemq-platform] [hivemq] [c953a0b7] INFO  - Starting HiveMQ extension system.
2025-01-29 18:43:34,448 INFO c.h.h.t.HelmChartContainer - [test-hivemq-platform] [hivemq] [c953a0b7] INFO  - Starting extension with id "hivemq-dns-cluster-discovery" at /opt/hivemq/extensions/hivemq-dns-cluster-discovery
2025-01-29 18:43:34,603 INFO c.h.h.t.HelmChartContainer - [test-hivemq-platform] [hivemq] [0909fff3] INFO  - Starting HiveMQ extension system.
2025-01-29 18:43:34,892 INFO c.h.h.t.HelmChartContainer - [test-hivemq-platform] [hivemq] [0909fff3] INFO  - Starting extension with id "hivemq-dns-cluster-discovery" at /opt/hivemq/extensions/hivemq-dns-cluster-discovery
2025-01-29 18:43:34,941 INFO c.h.h.t.HelmChartContainer - [test-hivemq-platform] [hivemq] [c953a0b7] INFO  - Using TCP cluster transport on address 10.42.0.16 and port 7000
2025-01-29 18:43:34,947 INFO c.h.h.t.HelmChartContainer - [test-hivemq-platform] [hivemq] [c953a0b7] INFO  - Using extension cluster discovery
2025-01-29 18:43:35,040 INFO c.h.h.t.HelmChartContainer - [test-hivemq-platform] [hivemq] [c953a0b7] INFO  - Extension "DNS Cluster Discovery Extension" version 4.3.2 started successfully.
2025-01-29 18:43:35,040 INFO c.h.h.t.HelmChartContainer - [test-hivemq-platform] [hivemq] [c953a0b7] INFO  - Starting extension with id "hivemq-prometheus-extension" at /opt/hivemq/extensions/hivemq-prometheus-extension
2025-01-29 18:43:35,391 INFO c.h.h.t.HelmChartContainer - [test-hivemq-platform] [hivemq] [0909fff3] INFO  - Using TCP cluster transport on address 10.42.0.15 and port 7000
2025-01-29 18:43:35,397 INFO c.h.h.t.HelmChartContainer - [test-hivemq-platform] [hivemq] [0909fff3] INFO  - Using extension cluster discovery
2025-01-29 18:43:35,595 INFO c.h.h.t.HelmChartContainer - [test-hivemq-platform] [hivemq] [0909fff3] INFO  - Extension "DNS Cluster Discovery Extension" version 4.3.2 started successfully.
2025-01-29 18:43:35,597 INFO c.h.h.t.HelmChartContainer - [test-hivemq-platform] [hivemq] [0909fff3] INFO  - Starting extension with id "hivemq-prometheus-extension" at /opt/hivemq/extensions/hivemq-prometheus-extension
2025-01-29 18:43:35,637 INFO c.h.h.t.HelmChartContainer - [hivemq-test-hivemq-platform] [hivemq-platform-operator] [f4b9e550] 18:43:35.636 [pool-6-thread-42] DEBUG c.h.p.o.dependants.PodInfoConfigMap - [customop] Desired PodInfo ConfigMap (1 extensions) (1 enabled)
2025-01-29 18:43:35,641 INFO c.h.h.t.HelmChartContainer - [hivemq-test-hivemq-platform] [hivemq-platform-operator] [f4b9e550] 18:43:35.635 [pool-6-thread-11] DEBUG c.h.p.o.d.PlatformServiceResource - [customop] Desired Platform services (3 services)
2025-01-29 18:43:35,642 INFO c.h.h.t.HelmChartContainer - [hivemq-test-hivemq-platform] [hivemq-platform-operator] [f4b9e550] 18:43:35.638 [pool-6-thread-9] DEBUG c.h.p.o.d.PodServiceAccountResource - [customop] Desired PodServiceAccountResource (serviceAccountName: hivemq-platform-pod-test-hivemq-platform-alpha-tier3)
2025-01-29 18:43:35,643 INFO c.h.h.t.HelmChartContainer - [hivemq-test-hivemq-platform] [hivemq-platform-operator] [f4b9e550] 18:43:35.639 [pool-6-thread-42] DEBUG c.h.p.o.dependants.PodInfoConfigMap - [customop] Desired PodInfo ConfigMap (metrics port: 9399) (metrics path: /)
2025-01-29 18:43:35,644 INFO c.h.h.t.HelmChartContainer - [hivemq-test-hivemq-platform] [hivemq-platform-operator] [f4b9e550] 18:43:35.642 [pool-6-thread-42] DEBUG c.h.p.o.dependants.PodInfoConfigMap - [customop] Desired PodInfo ConfigMap (extension state hash: -1817474005)
2025-01-29 18:43:35,655 INFO c.h.h.t.HelmChartContainer - [hivemq-test-hivemq-platform] [hivemq-platform-operator] [f4b9e550] 18:43:35.652 [pool-6-thread-11] DEBUG c.h.p.o.d.StatefulSetResource - [customop] Desired StatefulSet (1 replicas) for status STARTING (READY)
2025-01-29 18:43:35,665 INFO c.h.h.t.HelmChartContainer - [hivemq-test-hivemq-platform] [hivemq-platform-operator] [f4b9e550] 18:43:35.663 [ReconcilerExecutor-hivemq-controller-125] INFO  c.h.p.o.HiveMQPlatformReconciler - [customop] Reconciling HiveMQ Platform 'test-hivemq-platform-alpha-tier3' in namespace 'customoperatorselectorsit'
2025-01-29 18:43:35,667 INFO c.h.h.t.HelmChartContainer - [hivemq-test-hivemq-platform] [hivemq-platform-operator] [f4b9e550] 18:43:35.665 [ReconcilerExecutor-hivemq-controller-125] DEBUG c.h.p.o.HiveMQPlatformReconciler - [customop] Custom Resource Status STARTING - HiveMQ Platform is starting (READY)
2025-01-29 18:43:35,667 INFO c.h.h.t.HelmChartContainer - [hivemq-test-hivemq-platform] [hivemq-platform-operator] [f4b9e550] 18:43:35.665 [ReconcilerExecutor-hivemq-controller-125] DEBUG c.h.p.o.HiveMQPlatformReconciler - [customop] Custom Resource Spec (replicas: 1) (extensions: 1)
2025-01-29 18:43:35,672 INFO c.h.h.t.HelmChartContainer - [hivemq-test-hivemq-platform] [hivemq-platform-operator] [f4b9e550] 18:43:35.670 [ReconcilerExecutor-hivemq-controller-125] DEBUG c.h.p.o.HiveMQPlatformReconciler - [customop] StatefulSet Status (revision: test-hivemq-platform-alpha-tier3-7ccdb49877, replicas: 1, available: 0, ready: 0, current: 1, updated: 1)
2025-01-29 18:43:35,672 INFO c.h.h.t.HelmChartContainer - [hivemq-test-hivemq-platform] [hivemq-platform-operator] [f4b9e550] 18:43:35.670 [ReconcilerExecutor-hivemq-controller-125] DEBUG c.h.p.o.HiveMQPlatformReconciler - [customop] StatefulSet Spec (replicas: 1, init containers: 1, containers: 1, volumes: 3)
2025-01-29 18:43:35,673 INFO c.h.h.t.HelmChartContainer - [hivemq-test-hivemq-platform] [hivemq-platform-operator] [f4b9e550] 18:43:35.671 [ReconcilerExecutor-hivemq-controller-125] DEBUG c.h.p.o.h.HiveMQPlatformReconcilerErrorHandler - [customop] Pod 'test-hivemq-platform-alpha-tier3-0' phase Running
2025-01-29 18:43:35,674 INFO c.h.h.t.HelmChartContainer - [hivemq-test-hivemq-platform] [hivemq-platform-operator] [f4b9e550] 18:43:35.673 [ReconcilerExecutor-hivemq-controller-125] INFO  c.h.p.o.h.HiveMQPlatformReconcilerBaseHandler - [customop] HiveMQ Platform is starting, 0 of 1 replicas are ready
2025-01-29 18:43:36,113 INFO c.h.h.t.HelmChartContainer - [hivemq-test-hivemq-platform] [hivemq-platform-operator] [f4b9e550] 18:43:36.111 [pool-6-thread-16] DEBUG c.h.p.o.d.PlatformServiceResource - [customop] Desired Platform services (3 services)
2025-01-29 18:43:36,114 INFO c.h.h.t.HelmChartContainer - [hivemq-test-hivemq-platform] [hivemq-platform-operator] [f4b9e550] 18:43:36.111 [pool-6-thread-6] DEBUG c.h.p.o.dependants.PodInfoConfigMap - [customop] Desired PodInfo ConfigMap (1 extensions) (1 enabled)
2025-01-29 18:43:36,115 INFO c.h.h.t.HelmChartContainer - [hivemq-test-hivemq-platform] [hivemq-platform-operator] [f4b9e550] 18:43:36.113 [pool-6-thread-6] DEBUG c.h.p.o.dependants.PodInfoConfigMap - [customop] Desired PodInfo ConfigMap (metrics port: 9399) (metrics path: /)
2025-01-29 18:43:36,115 INFO c.h.h.t.HelmChartContainer - [hivemq-test-hivemq-platform] [hivemq-platform-operator] [f4b9e550] 18:43:36.113 [pool-6-thread-6] DEBUG c.h.p.o.dependants.PodInfoConfigMap - [customop] Desired PodInfo ConfigMap (extension state hash: -1817474005)
2025-01-29 18:43:36,115 INFO c.h.h.t.HelmChartContainer - [hivemq-test-hivemq-platform] [hivemq-platform-operator] [f4b9e550] 18:43:36.112 [pool-6-thread-18] DEBUG c.h.p.o.d.PodServiceAccountResource - [customop] Desired PodServiceAccountResource (serviceAccountName: hivemq-platform-pod-test-hivemq-platform-alpha-tier2)
2025-01-29 18:43:36,120 INFO c.h.h.t.HelmChartContainer - [hivemq-test-hivemq-platform] [hivemq-platform-operator] [f4b9e550] 18:43:36.119 [pool-6-thread-16] DEBUG c.h.p.o.d.StatefulSetResource - [customop] Desired StatefulSet (1 replicas) for status STARTING (READY)
2025-01-29 18:43:36,123 INFO c.h.h.t.HelmChartContainer - [hivemq-test-hivemq-platform] [hivemq-platform-operator] [f4b9e550] 18:43:36.122 [ReconcilerExecutor-hivemq-controller-126] INFO  c.h.p.o.HiveMQPlatformReconciler - [customop] Reconciling HiveMQ Platform 'test-hivemq-platform-alpha-tier2' in namespace 'customoperatorselectorsit'
2025-01-29 18:43:36,124 INFO c.h.h.t.HelmChartContainer - [hivemq-test-hivemq-platform] [hivemq-platform-operator] [f4b9e550] 18:43:36.122 [ReconcilerExecutor-hivemq-controller-126] DEBUG c.h.p.o.HiveMQPlatformReconciler - [customop] Custom Resource Status STARTING - HiveMQ Platform is starting (READY)
2025-01-29 18:43:36,125 INFO c.h.h.t.HelmChartContainer - [hivemq-test-hivemq-platform] [hivemq-platform-operator] [f4b9e550] 18:43:36.122 [ReconcilerExecutor-hivemq-controller-126] DEBUG c.h.p.o.HiveMQPlatformReconciler - [customop] Custom Resource Spec (replicas: 1) (extensions: 1)
2025-01-29 18:43:36,125 INFO c.h.h.t.HelmChartContainer - [hivemq-test-hivemq-platform] [hivemq-platform-operator] [f4b9e550] 18:43:36.123 [ReconcilerExecutor-hivemq-controller-126] DEBUG c.h.p.o.HiveMQPlatformReconciler - [customop] StatefulSet Status (revision: test-hivemq-platform-alpha-tier2-5888b5495b, replicas: 1, available: 0, ready: 0, current: 1, updated: 1)
2025-01-29 18:43:36,126 INFO c.h.h.t.HelmChartContainer - [hivemq-test-hivemq-platform] [hivemq-platform-operator] [f4b9e550] 18:43:36.123 [ReconcilerExecutor-hivemq-controller-126] DEBUG c.h.p.o.HiveMQPlatformReconciler - [customop] StatefulSet Spec (replicas: 1, init containers: 1, containers: 1, volumes: 3)
2025-01-29 18:43:36,127 INFO c.h.h.t.HelmChartContainer - [hivemq-test-hivemq-platform] [hivemq-platform-operator] [f4b9e550] 18:43:36.125 [ReconcilerExecutor-hivemq-controller-126] DEBUG c.h.p.o.h.HiveMQPlatformReconcilerErrorHandler - [customop] Pod 'test-hivemq-platform-alpha-tier2-0' phase Running
2025-01-29 18:43:36,127 INFO c.h.h.t.HelmChartContainer - [hivemq-test-hivemq-platform] [hivemq-platform-operator] [f4b9e550] 18:43:36.125 [ReconcilerExecutor-hivemq-controller-126] INFO  c.h.p.o.h.HiveMQPlatformReconcilerBaseHandler - [customop] HiveMQ Platform is starting, 0 of 1 replicas are ready
2025-01-29 18:43:36,448 INFO c.h.h.t.HelmChartContainer - [test-hivemq-platform] [hivemq] [c953a0b7] INFO  - Started Jetty Server exposing Prometheus Servlet on URI http://0.0.0.0:9399/
2025-01-29 18:43:36,448 INFO c.h.h.t.HelmChartContainer - [test-hivemq-platform] [hivemq] [c953a0b7] INFO  - Extension "Prometheus Monitoring Extension" version 4.0.12 started successfully.
2025-01-29 18:43:36,448 INFO c.h.h.t.HelmChartContainer - [test-hivemq-platform] [hivemq] [c953a0b7] INFO  - Starting extension with id "hivemq-allow-all-extension" at /opt/hivemq/extensions/hivemq-allow-all-extension
2025-01-29 18:43:36,448 INFO c.h.h.t.HelmChartContainer - [test-hivemq-platform] [hivemq] [c953a0b7] WARN  - 
2025-01-29 18:43:36,448 INFO c.h.h.t.HelmChartContainer - [test-hivemq-platform] [hivemq] [c953a0b7] ################################################################################################################
2025-01-29 18:43:36,448 INFO c.h.h.t.HelmChartContainer - [test-hivemq-platform] [hivemq] [c953a0b7] # This HiveMQ deployment is not secure! You are lacking Authentication and Authorization.                      #
2025-01-29 18:43:36,448 INFO c.h.h.t.HelmChartContainer - [test-hivemq-platform] [hivemq] [c953a0b7] # Right now any MQTT client can connect to the broker with a full set of permissions.                          #
2025-01-29 18:43:36,448 INFO c.h.h.t.HelmChartContainer - [test-hivemq-platform] [hivemq] [c953a0b7] # For production usage, add an appropriate security extension and remove the hivemq-allow-all extension.       #
2025-01-29 18:43:36,448 INFO c.h.h.t.HelmChartContainer - [test-hivemq-platform] [hivemq] [c953a0b7] # You can download security extensions from the HiveMQ Marketplace (https://www.hivemq.com/extensions/).       #
2025-01-29 18:43:36,448 INFO c.h.h.t.HelmChartContainer - [test-hivemq-platform] [hivemq] [c953a0b7] ################################################################################################################
2025-01-29 18:43:36,536 INFO c.h.h.t.HelmChartContainer - [test-hivemq-platform] [hivemq] [c953a0b7] INFO  - Extension "Allow All Extension" version 1.1.1 started successfully.
2025-01-29 18:43:36,599 INFO c.h.h.t.HelmChartContainer - [EVENT] Warning [Unhealthy] Readiness probe failed: Get "http://10.42.0.16:7979/readiness": context deadline exceeded (Client.Timeout exceeded while awaiting headers) [customoperatorselectorsit:test-hivemq-platform-alpha-tier3-0]
2025-01-29 18:43:36,599 INFO c.h.h.t.HelmChartContainer - Received Unhealthy event for container hivemq in pod test-hivemq-platform-alpha-tier3-0 [c953a0b7-1dea-43c3-91a8-311e0eac6098]
2025-01-29 18:43:36,643 INFO c.h.h.t.HelmChartContainer - [test-hivemq-platform] [hivemq] [c953a0b7] INFO  - [HiveMQ Platform Operator Init App 1.7.0-SNAPSHOT] Returning Health API response 503 for readiness
2025-01-29 18:43:36,939 INFO c.h.h.t.HelmChartContainer - [EVENT] Warning [Unhealthy] Readiness probe failed: Get "http://10.42.0.15:7979/readiness": context deadline exceeded (Client.Timeout exceeded while awaiting headers) [customoperatorselectorsit:test-hivemq-platform-alpha-tier2-0]
2025-01-29 18:43:36,939 INFO c.h.h.t.HelmChartContainer - Received Unhealthy event for container hivemq in pod test-hivemq-platform-alpha-tier2-0 [0909fff3-79bb-4a7a-8fd5-8dfbd83ca8d5]
2025-01-29 18:43:36,992 INFO c.h.h.t.HelmChartContainer - [test-hivemq-platform] [hivemq] [0909fff3] INFO  - [HiveMQ Platform Operator Init App 1.7.0-SNAPSHOT] Returning Health API response 503 for readiness
2025-01-29 18:43:37,060 INFO c.h.h.t.HelmChartContainer - [test-hivemq-platform] [hivemq] [0909fff3] INFO  - Started Jetty Server exposing Prometheus Servlet on URI http://0.0.0.0:9399/
2025-01-29 18:43:37,061 INFO c.h.h.t.HelmChartContainer - [test-hivemq-platform] [hivemq] [0909fff3] INFO  - Extension "Prometheus Monitoring Extension" version 4.0.12 started successfully.
2025-01-29 18:43:37,062 INFO c.h.h.t.HelmChartContainer - [test-hivemq-platform] [hivemq] [0909fff3] INFO  - Starting extension with id "hivemq-allow-all-extension" at /opt/hivemq/extensions/hivemq-allow-all-extension
2025-01-29 18:43:37,064 INFO c.h.h.t.HelmChartContainer - [test-hivemq-platform] [hivemq] [0909fff3] WARN  - 
2025-01-29 18:43:37,064 INFO c.h.h.t.HelmChartContainer - [test-hivemq-platform] [hivemq] [0909fff3] ################################################################################################################
2025-01-29 18:43:37,064 INFO c.h.h.t.HelmChartContainer - [test-hivemq-platform] [hivemq] [0909fff3] # This HiveMQ deployment is not secure! You are lacking Authentication and Authorization.                      #
2025-01-29 18:43:37,064 INFO c.h.h.t.HelmChartContainer - [test-hivemq-platform] [hivemq] [0909fff3] # Right now any MQTT client can connect to the broker with a full set of permissions.                          #
2025-01-29 18:43:37,064 INFO c.h.h.t.HelmChartContainer - [test-hivemq-platform] [hivemq] [0909fff3] # For production usage, add an appropriate security extension and remove the hivemq-allow-all extension.       #
2025-01-29 18:43:37,064 INFO c.h.h.t.HelmChartContainer - [test-hivemq-platform] [hivemq] [0909fff3] # You can download security extensions from the HiveMQ Marketplace (https://www.hivemq.com/extensions/).       #
2025-01-29 18:43:37,064 INFO c.h.h.t.HelmChartContainer - [test-hivemq-platform] [hivemq] [0909fff3] ################################################################################################################
2025-01-29 18:43:37,064 INFO c.h.h.t.HelmChartContainer - [test-hivemq-platform] [hivemq] [0909fff3] INFO  - Extension "Allow All Extension" version 1.1.1 started successfully.
2025-01-29 18:43:38,436 INFO c.h.h.t.HelmChartContainer - [test-hivemq-platform] [hivemq] [c953a0b7] INFO  - F3ipw: no members discovered after 2900 ms: creating cluster as first member
2025-01-29 18:43:38,443 INFO c.h.h.t.HelmChartContainer - [test-hivemq-platform] [hivemq] [c953a0b7] INFO  - Cluster nodes found by discovery: [F3ipw|0] (1) [F3ipw].
2025-01-29 18:43:38,463 INFO c.h.h.t.HelmChartContainer - [test-hivemq-platform] [hivemq] [c953a0b7] WARN  - No user for HiveMQ Control Center configured. Starting with default user
2025-01-29 18:43:38,463 INFO c.h.h.t.HelmChartContainer - [test-hivemq-platform] [hivemq] [c953a0b7] INFO  - Starting HiveMQ Control Center on address 0.0.0.0 and port 8080
2025-01-29 18:43:38,535 INFO c.h.h.t.HelmChartContainer - [test-hivemq-platform] [hivemq] [c953a0b7] INFO  - Mounting HiveMQ Control Center V2 Preview
2025-01-29 18:43:39,059 INFO c.h.h.t.HelmChartContainer - [test-hivemq-platform] [hivemq] [0909fff3] INFO  - IrU5X: no members discovered after 3268 ms: creating cluster as first member
2025-01-29 18:43:39,066 INFO c.h.h.t.HelmChartContainer - [test-hivemq-platform] [hivemq] [0909fff3] INFO  - Cluster nodes found by discovery: [IrU5X|0] (1) [IrU5X].
2025-01-29 18:43:39,163 INFO c.h.h.t.HelmChartContainer - [test-hivemq-platform] [hivemq] [0909fff3] WARN  - No user for HiveMQ Control Center configured. Starting with default user
2025-01-29 18:43:39,164 INFO c.h.h.t.HelmChartContainer - [test-hivemq-platform] [hivemq] [0909fff3] INFO  - Starting HiveMQ Control Center on address 0.0.0.0 and port 8080
2025-01-29 18:43:39,164 INFO c.h.h.t.HelmChartContainer - [test-hivemq-platform] [hivemq] [0909fff3] INFO  - Mounting HiveMQ Control Center V2 Preview
2025-01-29 18:43:39,237 INFO c.h.h.t.HelmChartContainer - [test-hivemq-platform] [hivemq] [c953a0b7] INFO  - Started HiveMQ Control Center in 774ms
2025-01-29 18:43:39,252 INFO c.h.h.t.HelmChartContainer - [test-hivemq-platform] [hivemq] [c953a0b7] INFO  - Starting TCP listener on address 0.0.0.0 and port 1883
2025-01-29 18:43:39,269 INFO c.h.h.t.HelmChartContainer - [test-hivemq-platform] [hivemq] [c953a0b7] INFO  - Started TCP Listener on address 0.0.0.0 and on port 1883.
2025-01-29 18:43:39,269 INFO c.h.h.t.HelmChartContainer - [test-hivemq-platform] [hivemq] [c953a0b7] INFO  - Started HiveMQ in 32024ms
2025-01-29 18:43:39,865 INFO c.h.h.t.HelmChartContainer - [test-hivemq-platform] [hivemq] [0909fff3] INFO  - Started HiveMQ Control Center in 703ms
2025-01-29 18:43:39,882 INFO c.h.h.t.HelmChartContainer - [test-hivemq-platform] [hivemq] [0909fff3] INFO  - Starting TCP listener on address 0.0.0.0 and port 1883
2025-01-29 18:43:39,969 INFO c.h.h.t.HelmChartContainer - [test-hivemq-platform] [hivemq] [0909fff3] INFO  - Started TCP Listener on address 0.0.0.0 and on port 1883.
2025-01-29 18:43:39,969 INFO c.h.h.t.HelmChartContainer - [test-hivemq-platform] [hivemq] [0909fff3] INFO  - Started HiveMQ in 32901ms
2025-01-29 18:43:40,557 INFO c.h.h.t.HelmChartContainer - [test-hivemq-platform] [hivemq] [c953a0b7] INFO  - [HiveMQ Platform Operator Init App 1.7.0-SNAPSHOT] Returning Health API response 200 for readiness
2025-01-29 18:43:40,568 INFO c.h.h.t.HelmChartContainer - [POD] test-hivemq-platform-alpha-tier3-0 [c953a0b7-1dea-43c3-91a8-311e0eac6098] in customoperatorselectorsit was MODIFIED
2025-01-29 18:43:40,581 INFO c.h.h.t.HelmChartContainer - [hivemq-test-hivemq-platform] [hivemq-platform-operator] [f4b9e550] 18:43:40.577 [pool-6-thread-17] DEBUG c.h.p.o.d.PlatformServiceResource - [customop] Desired Platform services (3 services)
2025-01-29 18:43:40,585 INFO c.h.h.t.HelmChartContainer - [hivemq-test-hivemq-platform] [hivemq-platform-operator] [f4b9e550] 18:43:40.578 [pool-6-thread-10] DEBUG c.h.p.o.dependants.PodInfoConfigMap - [customop] Desired PodInfo ConfigMap (1 extensions) (1 enabled)
2025-01-29 18:43:40,585 INFO c.h.h.t.HelmChartContainer - [hivemq-test-hivemq-platform] [hivemq-platform-operator] [f4b9e550] 18:43:40.578 [pool-6-thread-10] DEBUG c.h.p.o.dependants.PodInfoConfigMap - [customop] Desired PodInfo ConfigMap (metrics port: 9399) (metrics path: /)
2025-01-29 18:43:40,585 INFO c.h.h.t.HelmChartContainer - [hivemq-test-hivemq-platform] [hivemq-platform-operator] [f4b9e550] 18:43:40.578 [pool-6-thread-10] DEBUG c.h.p.o.dependants.PodInfoConfigMap - [customop] Desired PodInfo ConfigMap (extension state hash: -1817474005)
2025-01-29 18:43:40,585 INFO c.h.h.t.HelmChartContainer - [hivemq-test-hivemq-platform] [hivemq-platform-operator] [f4b9e550] 18:43:40.582 [pool-6-thread-4] DEBUG c.h.p.o.d.PodServiceAccountResource - [customop] Desired PodServiceAccountResource (serviceAccountName: hivemq-platform-pod-test-hivemq-platform-alpha-tier3)
2025-01-29 18:43:40,591 INFO c.h.h.t.HelmChartContainer - [hivemq-test-hivemq-platform] [hivemq-platform-operator] [f4b9e550] 18:43:40.589 [pool-6-thread-17] DEBUG c.h.p.o.d.StatefulSetResource - [customop] Desired StatefulSet (1 replicas) for status STARTING (READY)
2025-01-29 18:43:40,594 INFO c.h.h.t.HelmChartContainer - [hivemq-test-hivemq-platform] [hivemq-platform-operator] [f4b9e550] 18:43:40.593 [ReconcilerExecutor-hivemq-controller-127] INFO  c.h.p.o.HiveMQPlatformReconciler - [customop] Reconciling HiveMQ Platform 'test-hivemq-platform-alpha-tier3' in namespace 'customoperatorselectorsit'
2025-01-29 18:43:40,594 INFO c.h.h.t.HelmChartContainer - [hivemq-test-hivemq-platform] [hivemq-platform-operator] [f4b9e550] 18:43:40.593 [ReconcilerExecutor-hivemq-controller-127] DEBUG c.h.p.o.HiveMQPlatformReconciler - [customop] Custom Resource Status STARTING - HiveMQ Platform is starting (READY)
2025-01-29 18:43:40,595 INFO c.h.h.t.HelmChartContainer - [hivemq-test-hivemq-platform] [hivemq-platform-operator] [f4b9e550] 18:43:40.593 [ReconcilerExecutor-hivemq-controller-127] DEBUG c.h.p.o.HiveMQPlatformReconciler - [customop] Custom Resource Spec (replicas: 1) (extensions: 1)
2025-01-29 18:43:40,596 INFO c.h.h.t.HelmChartContainer - [hivemq-test-hivemq-platform] [hivemq-platform-operator] [f4b9e550] 18:43:40.595 [ReconcilerExecutor-hivemq-controller-127] DEBUG c.h.p.o.HiveMQPlatformReconciler - [customop] StatefulSet Status (revision: test-hivemq-platform-alpha-tier3-7ccdb49877, replicas: 1, available: 1, ready: 1, current: 1, updated: 1)
2025-01-29 18:43:40,596 INFO c.h.h.t.HelmChartContainer - [hivemq-test-hivemq-platform] [hivemq-platform-operator] [f4b9e550] 18:43:40.595 [ReconcilerExecutor-hivemq-controller-127] DEBUG c.h.p.o.HiveMQPlatformReconciler - [customop] StatefulSet Spec (replicas: 1, init containers: 1, containers: 1, volumes: 3)
2025-01-29 18:43:40,597 INFO c.h.h.t.HelmChartContainer - [hivemq-test-hivemq-platform] [hivemq-platform-operator] [f4b9e550] 18:43:40.596 [ReconcilerExecutor-hivemq-controller-127] DEBUG c.h.p.o.h.HiveMQPlatformReconcilerErrorHandler - [customop] Pod 'test-hivemq-platform-alpha-tier3-0' phase Running
2025-01-29 18:43:40,597 INFO c.h.h.t.HelmChartContainer - [hivemq-test-hivemq-platform] [hivemq-platform-operator] [f4b9e550] 18:43:40.597 [ReconcilerExecutor-hivemq-controller-127] INFO  c.h.p.o.h.HiveMQPlatformReconcilerBaseHandler - [customop] HiveMQ Platform started successfully
2025-01-29 18:43:40,683 INFO c.h.h.t.HelmChartContainer - [hivemq-test-hivemq-platform] [hivemq-platform-operator] [f4b9e550] 18:43:40.682 [ReconcilerExecutor-hivemq-controller-127] DEBUG c.h.p.operator.event.EventSender - [customop] Creating K8s event hivemq-platform-ready: [Ready] HiveMQ Platform is ready
2025-01-29 18:43:40,686 INFO c.h.h.t.HelmChartContainer - [EVENT] Normal [Ready] HiveMQ Platform is ready [customoperatorselectorsit:test-hivemq-platform-alpha-tier3]
2025-01-29 18:43:40,767 INFO c.h.h.t.HelmChartContainer - [hivemq-test-hivemq-platform] [hivemq-platform-operator] [f4b9e550] 18:43:40.765 [ReconcilerExecutor-hivemq-controller-127] INFO  c.h.p.o.h.AbstractHiveMQReconcilerStateHandler - [customop] Update HiveMQ Platform Status (STARTING [READY] -> RUNNING [READY]): HiveMQ Platform is ready
2025-01-29 18:43:40,779 INFO c.h.h.t.HelmChartContainer - [hivemq-test-hivemq-platform] [hivemq-platform-operator] [f4b9e550] 18:43:40.777 [pool-6-thread-24] DEBUG c.h.p.o.d.PlatformServiceResource - [customop] Desired Platform services (3 services)
2025-01-29 18:43:40,779 INFO c.h.h.t.HelmChartContainer - [hivemq-test-hivemq-platform] [hivemq-platform-operator] [f4b9e550] 18:43:40.778 [pool-6-thread-26] DEBUG c.h.p.o.d.PodServiceAccountResource - [customop] Desired PodServiceAccountResource (serviceAccountName: hivemq-platform-pod-test-hivemq-platform-alpha-tier3)
2025-01-29 18:43:40,780 INFO c.h.h.t.HelmChartContainer - [hivemq-test-hivemq-platform] [hivemq-platform-operator] [f4b9e550] 18:43:40.779 [pool-6-thread-34] DEBUG c.h.p.o.dependants.PodInfoConfigMap - [customop] Desired PodInfo ConfigMap (1 extensions) (1 enabled)
2025-01-29 18:43:40,780 INFO c.h.h.t.HelmChartContainer - [hivemq-test-hivemq-platform] [hivemq-platform-operator] [f4b9e550] 18:43:40.779 [pool-6-thread-34] DEBUG c.h.p.o.dependants.PodInfoConfigMap - [customop] Desired PodInfo ConfigMap (metrics port: 9399) (metrics path: /)
2025-01-29 18:43:40,780 INFO c.h.h.t.HelmChartContainer - [hivemq-test-hivemq-platform] [hivemq-platform-operator] [f4b9e550] 18:43:40.779 [pool-6-thread-34] DEBUG c.h.p.o.dependants.PodInfoConfigMap - [customop] Desired PodInfo ConfigMap (extension state hash: -1817474005)
2025-01-29 18:43:40,780 INFO c.h.h.t.HelmChartContainer - [hivemq-test-hivemq-platform] [hivemq-platform-operator] [f4b9e550] 18:43:40.780 [pool-6-thread-34] DEBUG c.h.p.o.dependants.PodInfoConfigMap - [customop] Update PodInfo ConfigMap
2025-01-29 18:43:40,867 INFO c.h.h.t.HelmChartContainer - [hivemq-test-hivemq-platform] [hivemq-platform-operator] [f4b9e550] 18:43:40.866 [pool-6-thread-34] DEBUG c.h.p.o.d.StatefulSetResource - [customop] Desired StatefulSet (1 replicas) for status RUNNING (READY)
2025-01-29 18:43:40,869 INFO c.h.h.t.HelmChartContainer - [hivemq-test-hivemq-platform] [hivemq-platform-operator] [f4b9e550] 18:43:40.869 [ReconcilerExecutor-hivemq-controller-128] INFO  c.h.p.o.HiveMQPlatformReconciler - [customop] Reconciling HiveMQ Platform 'test-hivemq-platform-alpha-tier3' in namespace 'customoperatorselectorsit'
2025-01-29 18:43:40,870 INFO c.h.h.t.HelmChartContainer - [hivemq-test-hivemq-platform] [hivemq-platform-operator] [f4b9e550] 18:43:40.869 [ReconcilerExecutor-hivemq-controller-128] DEBUG c.h.p.o.HiveMQPlatformReconciler - [customop] Custom Resource Status RUNNING - HiveMQ Platform is ready (READY)
2025-01-29 18:43:40,870 INFO c.h.h.t.HelmChartContainer - [hivemq-test-hivemq-platform] [hivemq-platform-operator] [f4b9e550] 18:43:40.869 [ReconcilerExecutor-hivemq-controller-128] DEBUG c.h.p.o.HiveMQPlatformReconciler - [customop] Custom Resource Spec (replicas: 1) (extensions: 1)
2025-01-29 18:43:40,871 INFO c.h.h.t.HelmChartContainer - [hivemq-test-hivemq-platform] [hivemq-platform-operator] [f4b9e550] 18:43:40.870 [ReconcilerExecutor-hivemq-controller-128] DEBUG c.h.p.o.HiveMQPlatformReconciler - [customop] StatefulSet Status (revision: test-hivemq-platform-alpha-tier3-7ccdb49877, replicas: 1, available: 1, ready: 1, current: 1, updated: 1)
2025-01-29 18:43:40,871 INFO c.h.h.t.HelmChartContainer - [hivemq-test-hivemq-platform] [hivemq-platform-operator] [f4b9e550] 18:43:40.870 [ReconcilerExecutor-hivemq-controller-128] DEBUG c.h.p.o.HiveMQPlatformReconciler - [customop] StatefulSet Spec (replicas: 1, init containers: 1, containers: 1, volumes: 3)
2025-01-29 18:43:40,873 INFO c.h.h.t.HelmChartContainer - [hivemq-test-hivemq-platform] [hivemq-platform-operator] [f4b9e550] 18:43:40.872 [ReconcilerExecutor-hivemq-controller-128] DEBUG c.h.p.o.h.HiveMQPlatformReconcilerErrorHandler - [customop] Pod 'test-hivemq-platform-alpha-tier3-0' phase Running
2025-01-29 18:43:40,899 INFO c.h.h.t.HelmChartContainer - [test-hivemq-platform] [hivemq] [0909fff3] INFO  - [HiveMQ Platform Operator Init App 1.7.0-SNAPSHOT] Returning Health API response 200 for readiness
2025-01-29 18:43:40,913 INFO c.h.h.t.HelmChartContainer - [POD] test-hivemq-platform-alpha-tier2-0 [0909fff3-79bb-4a7a-8fd5-8dfbd83ca8d5] in customoperatorselectorsit was MODIFIED
2025-01-29 18:43:40,969 INFO c.h.h.t.HelmChartContainer - [hivemq-test-hivemq-platform] [hivemq-platform-operator] [f4b9e550] 18:43:40.966 [pool-6-thread-39] DEBUG c.h.p.o.d.PlatformServiceResource - [customop] Desired Platform services (3 services)
2025-01-29 18:43:40,970 INFO c.h.h.t.HelmChartContainer - [hivemq-test-hivemq-platform] [hivemq-platform-operator] [f4b9e550] 18:43:40.968 [pool-6-thread-30] DEBUG c.h.p.o.dependants.PodInfoConfigMap - [customop] Desired PodInfo ConfigMap (1 extensions) (1 enabled)
2025-01-29 18:43:40,970 INFO c.h.h.t.HelmChartContainer - [hivemq-test-hivemq-platform] [hivemq-platform-operator] [f4b9e550] 18:43:40.969 [pool-6-thread-30] DEBUG c.h.p.o.dependants.PodInfoConfigMap - [customop] Desired PodInfo ConfigMap (metrics port: 9399) (metrics path: /)
2025-01-29 18:43:40,970 INFO c.h.h.t.HelmChartContainer - [hivemq-test-hivemq-platform] [hivemq-platform-operator] [f4b9e550] 18:43:40.969 [pool-6-thread-30] DEBUG c.h.p.o.dependants.PodInfoConfigMap - [customop] Desired PodInfo ConfigMap (extension state hash: -1817474005)
2025-01-29 18:43:40,971 INFO c.h.h.t.HelmChartContainer - [hivemq-test-hivemq-platform] [hivemq-platform-operator] [f4b9e550] 18:43:40.970 [pool-6-thread-31] DEBUG c.h.p.o.d.PodServiceAccountResource - [customop] Desired PodServiceAccountResource (serviceAccountName: hivemq-platform-pod-test-hivemq-platform-alpha-tier2)
2025-01-29 18:43:40,976 INFO c.h.h.t.HelmChartContainer - [hivemq-test-hivemq-platform] [hivemq-platform-operator] [f4b9e550] 18:43:40.974 [pool-6-thread-39] DEBUG c.h.p.o.d.StatefulSetResource - [customop] Desired StatefulSet (1 replicas) for status STARTING (READY)
2025-01-29 18:43:41,010 INFO c.h.h.t.HelmChartContainer - [hivemq-test-hivemq-platform] [hivemq-platform-operator] [f4b9e550] 18:43:41.008 [ReconcilerExecutor-hivemq-controller-129] INFO  c.h.p.o.HiveMQPlatformReconciler - [customop] Reconciling HiveMQ Platform 'test-hivemq-platform-alpha-tier2' in namespace 'customoperatorselectorsit'
2025-01-29 18:43:41,010 INFO c.h.h.t.HelmChartContainer - [hivemq-test-hivemq-platform] [hivemq-platform-operator] [f4b9e550] 18:43:41.008 [ReconcilerExecutor-hivemq-controller-129] DEBUG c.h.p.o.HiveMQPlatformReconciler - [customop] Custom Resource Status STARTING - HiveMQ Platform is starting (READY)
2025-01-29 18:43:41,010 INFO c.h.h.t.HelmChartContainer - [hivemq-test-hivemq-platform] [hivemq-platform-operator] [f4b9e550] 18:43:41.008 [ReconcilerExecutor-hivemq-controller-129] DEBUG c.h.p.o.HiveMQPlatformReconciler - [customop] Custom Resource Spec (replicas: 1) (extensions: 1)
2025-01-29 18:43:41,065 INFO c.h.h.t.HelmChartContainer - [hivemq-test-hivemq-platform] [hivemq-platform-operator] [f4b9e550] 18:43:41.064 [ReconcilerExecutor-hivemq-controller-129] DEBUG c.h.p.o.HiveMQPlatformReconciler - [customop] StatefulSet Status (revision: test-hivemq-platform-alpha-tier2-5888b5495b, replicas: 1, available: 1, ready: 1, current: 1, updated: 1)
2025-01-29 18:43:41,065 INFO c.h.h.t.HelmChartContainer - [hivemq-test-hivemq-platform] [hivemq-platform-operator] [f4b9e550] 18:43:41.064 [ReconcilerExecutor-hivemq-controller-129] DEBUG c.h.p.o.HiveMQPlatformReconciler - [customop] StatefulSet Spec (replicas: 1, init containers: 1, containers: 1, volumes: 3)
2025-01-29 18:43:41,068 INFO c.h.h.t.HelmChartContainer - [hivemq-test-hivemq-platform] [hivemq-platform-operator] [f4b9e550] 18:43:41.066 [ReconcilerExecutor-hivemq-controller-129] DEBUG c.h.p.o.h.HiveMQPlatformReconcilerErrorHandler - [customop] Pod 'test-hivemq-platform-alpha-tier2-0' phase Running
2025-01-29 18:43:41,068 INFO c.h.h.t.HelmChartContainer - [hivemq-test-hivemq-platform] [hivemq-platform-operator] [f4b9e550] 18:43:41.067 [ReconcilerExecutor-hivemq-controller-129] INFO  c.h.p.o.h.HiveMQPlatformReconcilerBaseHandler - [customop] HiveMQ Platform started successfully
2025-01-29 18:43:41,084 INFO c.h.h.t.HelmChartContainer - [hivemq-test-hivemq-platform] [hivemq-platform-operator] [f4b9e550] 18:43:41.083 [ReconcilerExecutor-hivemq-controller-129] DEBUG c.h.p.operator.event.EventSender - [customop] Creating K8s event hivemq-platform-ready: [Ready] HiveMQ Platform is ready
2025-01-29 18:43:41,087 INFO c.h.h.t.HelmChartContainer - [EVENT] Normal [Ready] HiveMQ Platform is ready [customoperatorselectorsit:test-hivemq-platform-alpha-tier2]
2025-01-29 18:43:41,088 INFO c.h.h.t.HelmChartContainer - [hivemq-test-hivemq-platform] [hivemq-platform-operator] [f4b9e550] 18:43:41.087 [ReconcilerExecutor-hivemq-controller-129] INFO  c.h.p.o.h.AbstractHiveMQReconcilerStateHandler - [customop] Update HiveMQ Platform Status (STARTING [READY] -> RUNNING [READY]): HiveMQ Platform is ready
2025-01-29 18:43:41,094 DEBUG com.hivemq.helmcharts.util.K8sUtil - Comparing actual state 'RUNNING' and waiting for 'RUNNING'
2025-01-29 18:43:41,105 DEBUG com.hivemq.helmcharts.util.K8sUtil - Comparing actual state 'RUNNING' and waiting for 'RUNNING'
2025-01-29 18:43:41,162 INFO c.h.h.t.HelmChartContainer - Uninstalling release 'test-hivemq-platform-alpha-tier1' in namespace 'customoperatorselectorsit'...
2025-01-29 18:43:41,162 DEBUG c.h.h.t.HelmChartContainer - Executing helm command: /bin/helm --kubeconfig /etc/rancher/k3s/k3s.yaml uninstall test-hivemq-platform-alpha-tier1  --wait --timeout 5m0s --cascade foreground --namespace customoperatorselectorsit
2025-01-29 18:43:41,171 INFO c.h.h.t.HelmChartContainer - [hivemq-test-hivemq-platform] [hivemq-platform-operator] [f4b9e550] 18:43:41.167 [pool-6-thread-8] DEBUG c.h.p.o.d.PlatformServiceResource - [customop] Desired Platform services (3 services)
2025-01-29 18:43:41,172 INFO c.h.h.t.HelmChartContainer - [hivemq-test-hivemq-platform] [hivemq-platform-operator] [f4b9e550] 18:43:41.168 [pool-6-thread-15] DEBUG c.h.p.o.dependants.PodInfoConfigMap - [customop] Desired PodInfo ConfigMap (1 extensions) (1 enabled)
2025-01-29 18:43:41,172 INFO c.h.h.t.HelmChartContainer - [hivemq-test-hivemq-platform] [hivemq-platform-operator] [f4b9e550] 18:43:41.170 [pool-6-thread-15] DEBUG c.h.p.o.dependants.PodInfoConfigMap - [customop] Desired PodInfo ConfigMap (metrics port: 9399) (metrics path: /)
2025-01-29 18:43:41,172 INFO c.h.h.t.HelmChartContainer - [hivemq-test-hivemq-platform] [hivemq-platform-operator] [f4b9e550] 18:43:41.170 [pool-6-thread-15] DEBUG c.h.p.o.dependants.PodInfoConfigMap - [customop] Desired PodInfo ConfigMap (extension state hash: -1817474005)
2025-01-29 18:43:41,172 INFO c.h.h.t.HelmChartContainer - [hivemq-test-hivemq-platform] [hivemq-platform-operator] [f4b9e550] 18:43:41.171 [pool-6-thread-15] DEBUG c.h.p.o.dependants.PodInfoConfigMap - [customop] Update PodInfo ConfigMap
2025-01-29 18:43:41,174 INFO c.h.h.t.HelmChartContainer - [hivemq-test-hivemq-platform] [hivemq-platform-operator] [f4b9e550] 18:43:41.168 [pool-6-thread-43] DEBUG c.h.p.o.d.PodServiceAccountResource - [customop] Desired PodServiceAccountResource (serviceAccountName: hivemq-platform-pod-test-hivemq-platform-alpha-tier2)
2025-01-29 18:43:41,211 INFO c.h.h.t.HelmChartContainer - [hivemq-test-hivemq-platform] [hivemq-platform-operator] [f4b9e550] 18:43:41.209 [pool-6-thread-15] DEBUG c.h.p.o.d.StatefulSetResource - [customop] Desired StatefulSet (1 replicas) for status RUNNING (READY)
2025-01-29 18:43:41,267 INFO c.h.h.t.HelmChartContainer - [hivemq-test-hivemq-platform] [hivemq-platform-operator] [f4b9e550] 18:43:41.264 [ReconcilerExecutor-hivemq-controller-130] INFO  c.h.p.o.HiveMQPlatformReconciler - [customop] Reconciling HiveMQ Platform 'test-hivemq-platform-alpha-tier2' in namespace 'customoperatorselectorsit'
2025-01-29 18:43:41,267 INFO c.h.h.t.HelmChartContainer - [hivemq-test-hivemq-platform] [hivemq-platform-operator] [f4b9e550] 18:43:41.264 [ReconcilerExecutor-hivemq-controller-130] DEBUG c.h.p.o.HiveMQPlatformReconciler - [customop] Custom Resource Status RUNNING - HiveMQ Platform is ready (READY)
2025-01-29 18:43:41,268 INFO c.h.h.t.HelmChartContainer - [hivemq-test-hivemq-platform] [hivemq-platform-operator] [f4b9e550] 18:43:41.264 [ReconcilerExecutor-hivemq-controller-130] DEBUG c.h.p.o.HiveMQPlatformReconciler - [customop] Custom Resource Spec (replicas: 1) (extensions: 1)
2025-01-29 18:43:41,269 INFO c.h.h.t.HelmChartContainer - [hivemq-test-hivemq-platform] [hivemq-platform-operator] [f4b9e550] 18:43:41.268 [ReconcilerExecutor-hivemq-controller-130] DEBUG c.h.p.o.HiveMQPlatformReconciler - [customop] StatefulSet Status (revision: test-hivemq-platform-alpha-tier2-5888b5495b, replicas: 1, available: 1, ready: 1, current: 1, updated: 1)
2025-01-29 18:43:41,269 INFO c.h.h.t.HelmChartContainer - [hivemq-test-hivemq-platform] [hivemq-platform-operator] [f4b9e550] 18:43:41.268 [ReconcilerExecutor-hivemq-controller-130] DEBUG c.h.p.o.HiveMQPlatformReconciler - [customop] StatefulSet Spec (replicas: 1, init containers: 1, containers: 1, volumes: 3)
2025-01-29 18:43:41,272 INFO c.h.h.t.HelmChartContainer - [hivemq-test-hivemq-platform] [hivemq-platform-operator] [f4b9e550] 18:43:41.271 [ReconcilerExecutor-hivemq-controller-130] DEBUG c.h.p.o.h.HiveMQPlatformReconcilerErrorHandler - [customop] Pod 'test-hivemq-platform-alpha-tier2-0' phase Running
2025-01-29 18:43:43,433 INFO c.h.h.t.HelmChartContainer - Release 'test-hivemq-platform-alpha-tier1' in namespace 'customoperatorselectorsit' is uninstalled
2025-01-29 18:43:43,433 INFO c.h.h.t.HelmChartContainer - Uninstalling release 'test-hivemq-platform-alpha-tier2' in namespace 'customoperatorselectorsit'...
2025-01-29 18:43:43,433 DEBUG c.h.h.t.HelmChartContainer - Executing helm command: /bin/helm --kubeconfig /etc/rancher/k3s/k3s.yaml uninstall test-hivemq-platform-alpha-tier2  --wait --timeout 5m0s --cascade foreground --namespace customoperatorselectorsit
2025-01-29 18:43:43,614 INFO c.h.h.t.HelmChartContainer - [hivemq-test-hivemq-platform] [hivemq-platform-operator] [f4b9e550] 18:43:43.611 [pool-6-thread-7] DEBUG c.h.p.o.d.PlatformServiceResource - [customop] Desired Platform services (3 services)
2025-01-29 18:43:43,614 INFO c.h.h.t.HelmChartContainer - [hivemq-test-hivemq-platform] [hivemq-platform-operator] [f4b9e550] 18:43:43.611 [pool-6-thread-6] DEBUG c.h.p.o.dependants.PodInfoConfigMap - [customop] Desired PodInfo ConfigMap (1 extensions) (1 enabled)
2025-01-29 18:43:43,614 INFO c.h.h.t.HelmChartContainer - [hivemq-test-hivemq-platform] [hivemq-platform-operator] [f4b9e550] 18:43:43.611 [pool-6-thread-6] DEBUG c.h.p.o.dependants.PodInfoConfigMap - [customop] Desired PodInfo ConfigMap (metrics port: 9399) (metrics path: /)
2025-01-29 18:43:43,614 INFO c.h.h.t.HelmChartContainer - [hivemq-test-hivemq-platform] [hivemq-platform-operator] [f4b9e550] 18:43:43.611 [pool-6-thread-6] DEBUG c.h.p.o.dependants.PodInfoConfigMap - [customop] Desired PodInfo ConfigMap (extension state hash: -1817474005)
2025-01-29 18:43:43,620 INFO c.h.h.t.HelmChartContainer - [hivemq-test-hivemq-platform] [hivemq-platform-operator] [f4b9e550] 18:43:43.615 [pool-6-thread-47] DEBUG c.h.p.o.d.PodServiceAccountResource - [customop] Desired PodServiceAccountResource (serviceAccountName: hivemq-platform-pod-test-hivemq-platform-alpha-tier2)
2025-01-29 18:43:43,624 INFO c.h.h.t.HelmChartContainer - [hivemq-test-hivemq-platform] [hivemq-platform-operator] [f4b9e550] 18:43:43.620 [pool-6-thread-49] DEBUG c.h.p.o.d.StatefulSetResource - [customop] Desired StatefulSet (1 replicas) for status RUNNING (READY)
2025-01-29 18:43:43,709 INFO c.h.h.t.HelmChartContainer - [hivemq-test-hivemq-platform] [hivemq-platform-operator] [f4b9e550] 18:43:43.707 [ReconcilerExecutor-hivemq-controller-131] INFO  c.h.p.o.HiveMQPlatformReconciler - [customop] Reconciling HiveMQ Platform 'test-hivemq-platform-alpha-tier2' in namespace 'customoperatorselectorsit'
2025-01-29 18:43:43,709 INFO c.h.h.t.HelmChartContainer - [hivemq-test-hivemq-platform] [hivemq-platform-operator] [f4b9e550] 18:43:43.707 [ReconcilerExecutor-hivemq-controller-131] DEBUG c.h.p.o.HiveMQPlatformReconciler - [customop] Custom Resource Status RUNNING - HiveMQ Platform is ready (READY)
2025-01-29 18:43:43,709 INFO c.h.h.t.HelmChartContainer - [hivemq-test-hivemq-platform] [hivemq-platform-operator] [f4b9e550] 18:43:43.707 [ReconcilerExecutor-hivemq-controller-131] DEBUG c.h.p.o.HiveMQPlatformReconciler - [customop] Custom Resource Spec (replicas: 1) (extensions: 1)
2025-01-29 18:43:43,709 INFO c.h.h.t.HelmChartContainer - [hivemq-test-hivemq-platform] [hivemq-platform-operator] [f4b9e550] 18:43:43.708 [ReconcilerExecutor-hivemq-controller-131] WARN  c.h.p.o.h.HiveMQPlatformReconcilerErrorHandler - [customop] Could not find ConfigMap 'hivemq-configuration-test-hivemq-platform-alpha-tier2' for HiveMQ Platform configuration
2025-01-29 18:43:43,816 INFO c.h.h.t.HelmChartContainer - [hivemq-test-hivemq-platform] [hivemq-platform-operator] [f4b9e550] 18:43:43.816 [ReconcilerExecutor-hivemq-controller-131] DEBUG c.h.p.operator.event.EventSender - [customop] Creating K8s event hivemq-platform-invalid-configuration: [Start] Could not find ConfigMap 'hivemq-configuration-test-hivemq-platform-alpha-tier2' for HiveMQ Platform configuration
2025-01-29 18:43:43,820 INFO c.h.h.t.HelmChartContainer - [EVENT] Warning [Start] Could not find ConfigMap 'hivemq-configuration-test-hivemq-platform-alpha-tier2' for HiveMQ Platform configuration [customoperatorselectorsit:test-hivemq-platform-alpha-tier2]
2025-01-29 18:43:43,821 INFO c.h.h.t.HelmChartContainer - [hivemq-test-hivemq-platform] [hivemq-platform-operator] [f4b9e550] 18:43:43.820 [ReconcilerExecutor-hivemq-controller-131] INFO  c.h.p.o.h.AbstractHiveMQReconcilerStateHandler - [customop] Update HiveMQ Platform Status (RUNNING [READY] -> ERROR [INVALID_CONFIG_MAP]): Could not find ConfigMap 'hivemq-configuration-test-hivemq-platform-alpha-tier2' for HiveMQ Platform configuration
2025-01-29 18:43:43,867 INFO c.h.h.t.HelmChartContainer - [hivemq-test-hivemq-platform] [hivemq-platform-operator] [f4b9e550] 18:43:43.827 [ReconcilerExecutor-hivemq-controller-131] ERROR i.j.o.p.event.EventProcessor - Error during event processing ExecutionScope{ resource id: ResourceID{name='test-hivemq-platform-alpha-tier2', namespace='customoperatorselectorsit'}, version: 1598}
2025-01-29 18:43:43,869 INFO c.h.h.t.HelmChartContainer - [hivemq-test-hivemq-platform] [hivemq-platform-operator] [f4b9e550] io.fabric8.kubernetes.client.KubernetesClientException: Failure executing: PUT at: https://10.43.0.1:443/apis/hivemq.com/v1/namespaces/customoperatorselectorsit/hivemq-platforms/test-hivemq-platform-alpha-tier2/status. Message: Operation cannot be fulfilled on hivemq-platforms.hivemq.com "test-hivemq-platform-alpha-tier2": the object has been modified; please apply your changes to the latest version and try again. Received status: Status(apiVersion=v1, code=409, details=StatusDetails(causes=[], group=hivemq.com, kind=hivemq-platforms, name=test-hivemq-platform-alpha-tier2, retryAfterSeconds=null, uid=null, additionalProperties={}), kind=Status, message=Operation cannot be fulfilled on hivemq-platforms.hivemq.com "test-hivemq-platform-alpha-tier2": the object has been modified; please apply your changes to the latest version and try again, metadata=ListMeta(_continue=null, remainingItemCount=null, resourceVersion=null, selfLink=null, additionalProperties={}), reason=Conflict, status=Failure, additionalProperties={}).
2025-01-29 18:43:43,869 INFO c.h.h.t.HelmChartContainer - [hivemq-test-hivemq-platform] [hivemq-platform-operator] [f4b9e550] 	at io.fabric8.kubernetes.client.KubernetesClientException.copyAsCause(KubernetesClientException.java:238)
2025-01-29 18:43:43,869 INFO c.h.h.t.HelmChartContainer - [hivemq-test-hivemq-platform] [hivemq-platform-operator] [f4b9e550] 	at io.fabric8.kubernetes.client.dsl.internal.OperationSupport.waitForResult(OperationSupport.java:507)
2025-01-29 18:43:43,869 INFO c.h.h.t.HelmChartContainer - [hivemq-test-hivemq-platform] [hivemq-platform-operator] [f4b9e550] 	at io.fabric8.kubernetes.client.dsl.internal.OperationSupport.handleResponse(OperationSupport.java:524)
2025-01-29 18:43:43,869 INFO c.h.h.t.HelmChartContainer - [hivemq-test-hivemq-platform] [hivemq-platform-operator] [f4b9e550] 	at io.fabric8.kubernetes.client.dsl.internal.OperationSupport.handleUpdate(OperationSupport.java:358)
2025-01-29 18:43:43,869 INFO c.h.h.t.HelmChartContainer - [hivemq-test-hivemq-platform] [hivemq-platform-operator] [f4b9e550] 	at io.fabric8.kubernetes.client.dsl.internal.BaseOperation.handleUpdate(BaseOperation.java:759)
2025-01-29 18:43:43,869 INFO c.h.h.t.HelmChartContainer - [hivemq-test-hivemq-platform] [hivemq-platform-operator] [f4b9e550] 	at io.fabric8.kubernetes.client.dsl.internal.HasMetadataOperation.update(HasMetadataOperation.java:138)
2025-01-29 18:43:43,869 INFO c.h.h.t.HelmChartContainer - [hivemq-test-hivemq-platform] [hivemq-platform-operator] [f4b9e550] 	at io.fabric8.kubernetes.client.dsl.internal.HasMetadataOperation.update(HasMetadataOperation.java:121)
2025-01-29 18:43:43,869 INFO c.h.h.t.HelmChartContainer - [hivemq-test-hivemq-platform] [hivemq-platform-operator] [f4b9e550] 	at io.fabric8.kubernetes.client.dsl.internal.HasMetadataOperation.updateStatus(HasMetadataOperation.java:126)
2025-01-29 18:43:43,869 INFO c.h.h.t.HelmChartContainer - [hivemq-test-hivemq-platform] [hivemq-platform-operator] [f4b9e550] 	at io.fabric8.kubernetes.client.dsl.internal.HasMetadataOperation.updateStatus(HasMetadataOperation.java:44)
2025-01-29 18:43:43,869 INFO c.h.h.t.HelmChartContainer - [hivemq-test-hivemq-platform] [hivemq-platform-operator] [f4b9e550] 	at io.javaoperatorsdk.operator.processing.event.ReconciliationDispatcher$CustomResourceFacade.updateStatus(ReconciliationDispatcher.java:408)
2025-01-29 18:43:43,869 INFO c.h.h.t.HelmChartContainer - [hivemq-test-hivemq-platform] [hivemq-platform-operator] [f4b9e550] 	at io.javaoperatorsdk.operator.processing.event.ReconciliationDispatcher.updateStatusGenerationAware(ReconciliationDispatcher.java:228)
2025-01-29 18:43:43,869 INFO c.h.h.t.HelmChartContainer - [hivemq-test-hivemq-platform] [hivemq-platform-operator] [f4b9e550] 	at io.javaoperatorsdk.operator.processing.event.ReconciliationDispatcher.reconcileExecution(ReconciliationDispatcher.java:150)
2025-01-29 18:43:43,869 INFO c.h.h.t.HelmChartContainer - [hivemq-test-hivemq-platform] [hivemq-platform-operator] [f4b9e550] 	at io.javaoperatorsdk.operator.processing.event.ReconciliationDispatcher.handleReconcile(ReconciliationDispatcher.java:117)
2025-01-29 18:43:43,869 INFO c.h.h.t.HelmChartContainer - [hivemq-test-hivemq-platform] [hivemq-platform-operator] [f4b9e550] 	at io.javaoperatorsdk.operator.processing.event.ReconciliationDispatcher.handleDispatch(ReconciliationDispatcher.java:91)
2025-01-29 18:43:43,869 INFO c.h.h.t.HelmChartContainer - [hivemq-test-hivemq-platform] [hivemq-platform-operator] [f4b9e550] 	at io.javaoperatorsdk.operator.processing.event.ReconciliationDispatcher.handleExecution(ReconciliationDispatcher.java:64)
2025-01-29 18:43:43,869 INFO c.h.h.t.HelmChartContainer - [hivemq-test-hivemq-platform] [hivemq-platform-operator] [f4b9e550] 	at io.javaoperatorsdk.operator.processing.event.EventProcessor$ReconcilerExecutor.run(EventProcessor.java:452)
2025-01-29 18:43:43,869 INFO c.h.h.t.HelmChartContainer - [hivemq-test-hivemq-platform] [hivemq-platform-operator] [f4b9e550] 	at java.base/java.util.concurrent.ThreadPoolExecutor.runWorker(Unknown Source)
2025-01-29 18:43:43,869 INFO c.h.h.t.HelmChartContainer - [hivemq-test-hivemq-platform] [hivemq-platform-operator] [f4b9e550] 	at java.base/java.util.concurrent.ThreadPoolExecutor$Worker.run(Unknown Source)
2025-01-29 18:43:43,869 INFO c.h.h.t.HelmChartContainer - [hivemq-test-hivemq-platform] [hivemq-platform-operator] [f4b9e550] 	at java.base/java.lang.Thread.run(Unknown Source)
2025-01-29 18:43:43,869 INFO c.h.h.t.HelmChartContainer - [hivemq-test-hivemq-platform] [hivemq-platform-operator] [f4b9e550] Caused by: io.fabric8.kubernetes.client.KubernetesClientException: Failure executing: PUT at: https://10.43.0.1:443/apis/hivemq.com/v1/namespaces/customoperatorselectorsit/hivemq-platforms/test-hivemq-platform-alpha-tier2/status. Message: Operation cannot be fulfilled on hivemq-platforms.hivemq.com "test-hivemq-platform-alpha-tier2": the object has been modified; please apply your changes to the latest version and try again. Received status: Status(apiVersion=v1, code=409, details=StatusDetails(causes=[], group=hivemq.com, kind=hivemq-platforms, name=test-hivemq-platform-alpha-tier2, retryAfterSeconds=null, uid=null, additionalProperties={}), kind=Status, message=Operation cannot be fulfilled on hivemq-platforms.hivemq.com "test-hivemq-platform-alpha-tier2": the object has been modified; please apply your changes to the latest version and try again, metadata=ListMeta(_continue=null, remainingItemCount=null, resourceVersion=null, selfLink=null, additionalProperties={}), reason=Conflict, status=Failure, additionalProperties={}).
2025-01-29 18:43:43,869 INFO c.h.h.t.HelmChartContainer - [hivemq-test-hivemq-platform] [hivemq-platform-operator] [f4b9e550] 	at io.fabric8.kubernetes.client.dsl.internal.OperationSupport.requestFailure(OperationSupport.java:660)
2025-01-29 18:43:43,869 INFO c.h.h.t.HelmChartContainer - [hivemq-test-hivemq-platform] [hivemq-platform-operator] [f4b9e550] 	at io.fabric8.kubernetes.client.dsl.internal.OperationSupport.requestFailure(OperationSupport.java:640)
2025-01-29 18:43:43,869 INFO c.h.h.t.HelmChartContainer - [hivemq-test-hivemq-platform] [hivemq-platform-operator] [f4b9e550] 	at io.fabric8.kubernetes.client.dsl.internal.OperationSupport.assertResponseCode(OperationSupport.java:589)
2025-01-29 18:43:43,869 INFO c.h.h.t.HelmChartContainer - [hivemq-test-hivemq-platform] [hivemq-platform-operator] [f4b9e550] 	at io.fabric8.kubernetes.client.dsl.internal.OperationSupport.lambda$handleResponse$0(OperationSupport.java:549)
2025-01-29 18:43:43,869 INFO c.h.h.t.HelmChartContainer - [hivemq-test-hivemq-platform] [hivemq-platform-operator] [f4b9e550] 	at java.base/java.util.concurrent.CompletableFuture$UniApply.tryFire(Unknown Source)
2025-01-29 18:43:43,869 INFO c.h.h.t.HelmChartContainer - [hivemq-test-hivemq-platform] [hivemq-platform-operator] [f4b9e550] 	at java.base/java.util.concurrent.CompletableFuture.postComplete(Unknown Source)
2025-01-29 18:43:43,869 INFO c.h.h.t.HelmChartContainer - [hivemq-test-hivemq-platform] [hivemq-platform-operator] [f4b9e550] 	at java.base/java.util.concurrent.CompletableFuture.complete(Unknown Source)
2025-01-29 18:43:43,869 INFO c.h.h.t.HelmChartContainer - [hivemq-test-hivemq-platform] [hivemq-platform-operator] [f4b9e550] 	at io.fabric8.kubernetes.client.http.StandardHttpClient.lambda$completeOrCancel$10(StandardHttpClient.java:141)
2025-01-29 18:43:43,869 INFO c.h.h.t.HelmChartContainer - [hivemq-test-hivemq-platform] [hivemq-platform-operator] [f4b9e550] 	at java.base/java.util.concurrent.CompletableFuture.uniWhenComplete(Unknown Source)
2025-01-29 18:43:43,869 INFO c.h.h.t.HelmChartContainer - [hivemq-test-hivemq-platform] [hivemq-platform-operator] [f4b9e550] 	at java.base/java.util.concurrent.CompletableFuture$UniWhenComplete.tryFire(Unknown Source)
2025-01-29 18:43:43,869 INFO c.h.h.t.HelmChartContainer - [hivemq-test-hivemq-platform] [hivemq-platform-operator] [f4b9e550] 	at java.base/java.util.concurrent.CompletableFuture.postComplete(Unknown Source)
2025-01-29 18:43:43,869 INFO c.h.h.t.HelmChartContainer - [hivemq-test-hivemq-platform] [hivemq-platform-operator] [f4b9e550] 	at java.base/java.util.concurrent.CompletableFuture.complete(Unknown Source)
2025-01-29 18:43:43,869 INFO c.h.h.t.HelmChartContainer - [hivemq-test-hivemq-platform] [hivemq-platform-operator] [f4b9e550] 	at io.fabric8.kubernetes.client.http.ByteArrayBodyHandler.onBodyDone(ByteArrayBodyHandler.java:51)
2025-01-29 18:43:43,869 INFO c.h.h.t.HelmChartContainer - [hivemq-test-hivemq-platform] [hivemq-platform-operator] [f4b9e550] 	at java.base/java.util.concurrent.CompletableFuture.uniWhenComplete(Unknown Source)
2025-01-29 18:43:43,869 INFO c.h.h.t.HelmChartContainer - [hivemq-test-hivemq-platform] [hivemq-platform-operator] [f4b9e550] 	at java.base/java.util.concurrent.CompletableFuture$UniWhenComplete.tryFire(Unknown Source)
2025-01-29 18:43:43,869 INFO c.h.h.t.HelmChartContainer - [hivemq-test-hivemq-platform] [hivemq-platform-operator] [f4b9e550] 	at java.base/java.util.concurrent.CompletableFuture.postComplete(Unknown Source)
2025-01-29 18:43:43,869 INFO c.h.h.t.HelmChartContainer - [hivemq-test-hivemq-platform] [hivemq-platform-operator] [f4b9e550] 	at java.base/java.util.concurrent.CompletableFuture.complete(Unknown Source)
2025-01-29 18:43:43,869 INFO c.h.h.t.HelmChartContainer - [hivemq-test-hivemq-platform] [hivemq-platform-operator] [f4b9e550] 	at io.fabric8.kubernetes.client.vertx.VertxHttpRequest.lambda$null$1(VertxHttpRequest.java:121)
2025-01-29 18:43:43,869 INFO c.h.h.t.HelmChartContainer - [hivemq-test-hivemq-platform] [hivemq-platform-operator] [f4b9e550] 	at io.vertx.core.impl.ContextInternal.dispatch(ContextInternal.java:279)
2025-01-29 18:43:43,870 INFO c.h.h.t.HelmChartContainer - [hivemq-test-hivemq-platform] [hivemq-platform-operator] [f4b9e550] 	at io.vertx.core.impl.ContextInternal.dispatch(ContextInternal.java:261)
2025-01-29 18:43:43,870 INFO c.h.h.t.HelmChartContainer - [hivemq-test-hivemq-platform] [hivemq-platform-operator] [f4b9e550] 	at io.vertx.core.http.impl.HttpEventHandler.handleEnd(HttpEventHandler.java:76)
2025-01-29 18:43:43,870 INFO c.h.h.t.HelmChartContainer - [hivemq-test-hivemq-platform] [hivemq-platform-operator] [f4b9e550] 	at io.vertx.core.http.impl.HttpClientResponseImpl.handleEnd(HttpClientResponseImpl.java:250)
2025-01-29 18:43:43,870 INFO c.h.h.t.HelmChartContainer - [hivemq-test-hivemq-platform] [hivemq-platform-operator] [f4b9e550] 	at io.vertx.core.http.impl.Http1xClientConnection$StreamImpl.lambda$new$0(Http1xClientConnection.java:421)
2025-01-29 18:43:43,870 INFO c.h.h.t.HelmChartContainer - [hivemq-test-hivemq-platform] [hivemq-platform-operator] [f4b9e550] 	at io.vertx.core.streams.impl.InboundBuffer.handleEvent(InboundBuffer.java:279)
2025-01-29 18:43:43,870 INFO c.h.h.t.HelmChartContainer - [hivemq-test-hivemq-platform] [hivemq-platform-operator] [f4b9e550] 	at io.vertx.core.streams.impl.InboundBuffer.write(InboundBuffer.java:157)
2025-01-29 18:43:43,870 INFO c.h.h.t.HelmChartContainer - [hivemq-test-hivemq-platform] [hivemq-platform-operator] [f4b9e550] 	at io.vertx.core.http.impl.Http1xClientConnection$StreamImpl.handleEnd(Http1xClientConnection.java:709)
2025-01-29 18:43:43,870 INFO c.h.h.t.HelmChartContainer - [hivemq-test-hivemq-platform] [hivemq-platform-operator] [f4b9e550] 	at io.vertx.core.impl.ContextImpl.execute(ContextImpl.java:313)
2025-01-29 18:43:43,870 INFO c.h.h.t.HelmChartContainer - [hivemq-test-hivemq-platform] [hivemq-platform-operator] [f4b9e550] 	at io.vertx.core.impl.ContextImpl.execute(ContextImpl.java:293)
2025-01-29 18:43:43,870 INFO c.h.h.t.HelmChartContainer - [hivemq-test-hivemq-platform] [hivemq-platform-operator] [f4b9e550] 	at io.vertx.core.http.impl.Http1xClientConnection.handleResponseEnd(Http1xClientConnection.java:940)
2025-01-29 18:43:43,870 INFO c.h.h.t.HelmChartContainer - [hivemq-test-hivemq-platform] [hivemq-platform-operator] [f4b9e550] 	at io.vertx.core.http.impl.Http1xClientConnection.handleHttpMessage(Http1xClientConnection.java:810)
2025-01-29 18:43:43,870 INFO c.h.h.t.HelmChartContainer - [hivemq-test-hivemq-platform] [hivemq-platform-operator] [f4b9e550] 	at io.vertx.core.http.impl.Http1xClientConnection.handleMessage(Http1xClientConnection.java:774)
2025-01-29 18:43:43,870 INFO c.h.h.t.HelmChartContainer - [hivemq-test-hivemq-platform] [hivemq-platform-operator] [f4b9e550] 	at io.vertx.core.net.impl.ConnectionBase.read(ConnectionBase.java:159)
2025-01-29 18:43:43,870 INFO c.h.h.t.HelmChartContainer - [hivemq-test-hivemq-platform] [hivemq-platform-operator] [f4b9e550] 	at io.vertx.core.net.impl.VertxHandler.channelRead(VertxHandler.java:153)
2025-01-29 18:43:43,870 INFO c.h.h.t.HelmChartContainer - [hivemq-test-hivemq-platform] [hivemq-platform-operator] [f4b9e550] 	at io.netty.channel.AbstractChannelHandlerContext.invokeChannelRead(AbstractChannelHandlerContext.java:442)
2025-01-29 18:43:43,870 INFO c.h.h.t.HelmChartContainer - [hivemq-test-hivemq-platform] [hivemq-platform-operator] [f4b9e550] 	at io.netty.channel.AbstractChannelHandlerContext.invokeChannelRead(AbstractChannelHandlerContext.java:420)
2025-01-29 18:43:43,870 INFO c.h.h.t.HelmChartContainer - [hivemq-test-hivemq-platform] [hivemq-platform-operator] [f4b9e550] 	at io.netty.channel.AbstractChannelHandlerContext.fireChannelRead(AbstractChannelHandlerContext.java:412)
2025-01-29 18:43:43,870 INFO c.h.h.t.HelmChartContainer - [hivemq-test-hivemq-platform] [hivemq-platform-operator] [f4b9e550] 	at io.netty.channel.CombinedChannelDuplexHandler$DelegatingChannelHandlerContext.fireChannelRead(CombinedChannelDuplexHandler.java:436)
2025-01-29 18:43:43,870 INFO c.h.h.t.HelmChartContainer - [hivemq-test-hivemq-platform] [hivemq-platform-operator] [f4b9e550] 	at io.netty.handler.codec.ByteToMessageDecoder.fireChannelRead(ByteToMessageDecoder.java:346)
2025-01-29 18:43:43,870 INFO c.h.h.t.HelmChartContainer - [hivemq-test-hivemq-platform] [hivemq-platform-operator] [f4b9e550] 	at io.netty.handler.codec.ByteToMessageDecoder.channelRead(ByteToMessageDecoder.java:318)
2025-01-29 18:43:43,870 INFO c.h.h.t.HelmChartContainer - [hivemq-test-hivemq-platform] [hivemq-platform-operator] [f4b9e550] 	at io.netty.channel.CombinedChannelDuplexHandler.channelRead(CombinedChannelDuplexHandler.java:251)
2025-01-29 18:43:43,870 INFO c.h.h.t.HelmChartContainer - [hivemq-test-hivemq-platform] [hivemq-platform-operator] [f4b9e550] 	at io.netty.channel.AbstractChannelHandlerContext.invokeChannelRead(AbstractChannelHandlerContext.java:442)
2025-01-29 18:43:43,870 INFO c.h.h.t.HelmChartContainer - [hivemq-test-hivemq-platform] [hivemq-platform-operator] [f4b9e550] 	at io.netty.channel.AbstractChannelHandlerContext.invokeChannelRead(AbstractChannelHandlerContext.java:420)
2025-01-29 18:43:43,870 INFO c.h.h.t.HelmChartContainer - [hivemq-test-hivemq-platform] [hivemq-platform-operator] [f4b9e550] 	at io.netty.channel.AbstractChannelHandlerContext.fireChannelRead(AbstractChannelHandlerContext.java:412)
2025-01-29 18:43:43,871 INFO c.h.h.t.HelmChartContainer - [hivemq-test-hivemq-platform] [hivemq-platform-operator] [f4b9e550] 	at io.netty.handler.ssl.SslHandler.unwrap(SslHandler.java:1475)
2025-01-29 18:43:43,871 INFO c.h.h.t.HelmChartContainer - [hivemq-test-hivemq-platform] [hivemq-platform-operator] [f4b9e550] 	at io.netty.handler.ssl.SslHandler.decodeJdkCompatible(SslHandler.java:1338)
2025-01-29 18:43:43,871 INFO c.h.h.t.HelmChartContainer - [hivemq-test-hivemq-platform] [hivemq-platform-operator] [f4b9e550] 	at io.netty.handler.ssl.SslHandler.decode(SslHandler.java:1387)
2025-01-29 18:43:43,871 INFO c.h.h.t.HelmChartContainer - [hivemq-test-hivemq-platform] [hivemq-platform-operator] [f4b9e550] 	at io.netty.handler.codec.ByteToMessageDecoder.decodeRemovalReentryProtection(ByteToMessageDecoder.java:530)
2025-01-29 18:43:43,871 INFO c.h.h.t.HelmChartContainer - [hivemq-test-hivemq-platform] [hivemq-platform-operator] [f4b9e550] 	at io.netty.handler.codec.ByteToMessageDecoder.callDecode(ByteToMessageDecoder.java:469)
2025-01-29 18:43:43,871 INFO c.h.h.t.HelmChartContainer - [hivemq-test-hivemq-platform] [hivemq-platform-operator] [f4b9e550] 	at io.netty.handler.codec.ByteToMessageDecoder.channelRead(ByteToMessageDecoder.java:290)
2025-01-29 18:43:43,871 INFO c.h.h.t.HelmChartContainer - [hivemq-test-hivemq-platform] [hivemq-platform-operator] [f4b9e550] 	at io.netty.channel.AbstractChannelHandlerContext.invokeChannelRead(AbstractChannelHandlerContext.java:444)
2025-01-29 18:43:43,871 INFO c.h.h.t.HelmChartContainer - [hivemq-test-hivemq-platform] [hivemq-platform-operator] [f4b9e550] 	at io.netty.channel.AbstractChannelHandlerContext.invokeChannelRead(AbstractChannelHandlerContext.java:420)
2025-01-29 18:43:43,871 INFO c.h.h.t.HelmChartContainer - [hivemq-test-hivemq-platform] [hivemq-platform-operator] [f4b9e550] 	at io.netty.channel.AbstractChannelHandlerContext.fireChannelRead(AbstractChannelHandlerContext.java:412)
2025-01-29 18:43:43,871 INFO c.h.h.t.HelmChartContainer - [hivemq-test-hivemq-platform] [hivemq-platform-operator] [f4b9e550] 	at io.netty.channel.DefaultChannelPipeline$HeadContext.channelRead(DefaultChannelPipeline.java:1407)
2025-01-29 18:43:43,871 INFO c.h.h.t.HelmChartContainer - [hivemq-test-hivemq-platform] [hivemq-platform-operator] [f4b9e550] 	at io.netty.channel.AbstractChannelHandlerContext.invokeChannelRead(AbstractChannelHandlerContext.java:440)
2025-01-29 18:43:43,871 INFO c.h.h.t.HelmChartContainer - [hivemq-test-hivemq-platform] [hivemq-platform-operator] [f4b9e550] 	at io.netty.channel.AbstractChannelHandlerContext.invokeChannelRead(AbstractChannelHandlerContext.java:420)
2025-01-29 18:43:43,871 INFO c.h.h.t.HelmChartContainer - [hivemq-test-hivemq-platform] [hivemq-platform-operator] [f4b9e550] 	at io.netty.channel.DefaultChannelPipeline.fireChannelRead(DefaultChannelPipeline.java:918)
2025-01-29 18:43:43,871 INFO c.h.h.t.HelmChartContainer - [hivemq-test-hivemq-platform] [hivemq-platform-operator] [f4b9e550] 	at io.netty.channel.nio.AbstractNioByteChannel$NioByteUnsafe.read(AbstractNioByteChannel.java:166)
2025-01-29 18:43:43,871 INFO c.h.h.t.HelmChartContainer - [hivemq-test-hivemq-platform] [hivemq-platform-operator] [f4b9e550] 	at io.netty.channel.nio.NioEventLoop.processSelectedKey(NioEventLoop.java:788)
2025-01-29 18:43:43,871 INFO c.h.h.t.HelmChartContainer - [hivemq-test-hivemq-platform] [hivemq-platform-operator] [f4b9e550] 	at io.netty.channel.nio.NioEventLoop.processSelectedKeysOptimized(NioEventLoop.java:724)
2025-01-29 18:43:43,871 INFO c.h.h.t.HelmChartContainer - [hivemq-test-hivemq-platform] [hivemq-platform-operator] [f4b9e550] 	at io.netty.channel.nio.NioEventLoop.processSelectedKeys(NioEventLoop.java:650)
2025-01-29 18:43:43,871 INFO c.h.h.t.HelmChartContainer - [hivemq-test-hivemq-platform] [hivemq-platform-operator] [f4b9e550] 	at io.netty.channel.nio.NioEventLoop.run(NioEventLoop.java:562)
2025-01-29 18:43:43,871 INFO c.h.h.t.HelmChartContainer - [hivemq-test-hivemq-platform] [hivemq-platform-operator] [f4b9e550] 	at io.netty.util.concurrent.SingleThreadEventExecutor$4.run(SingleThreadEventExecutor.java:997)
2025-01-29 18:43:43,871 INFO c.h.h.t.HelmChartContainer - [hivemq-test-hivemq-platform] [hivemq-platform-operator] [f4b9e550] 	at io.netty.util.internal.ThreadExecutorMap$2.run(ThreadExecutorMap.java:74)
2025-01-29 18:43:43,871 INFO c.h.h.t.HelmChartContainer - [hivemq-test-hivemq-platform] [hivemq-platform-operator] [f4b9e550] 	at io.netty.util.concurrent.FastThreadLocalRunnable.run(FastThreadLocalRunnable.java:30)
2025-01-29 18:43:43,871 INFO c.h.h.t.HelmChartContainer - [hivemq-test-hivemq-platform] [hivemq-platform-operator] [f4b9e550] 	... 1 common frames omitted
2025-01-29 18:43:43,871 INFO c.h.h.t.HelmChartContainer - [hivemq-test-hivemq-platform] [hivemq-platform-operator] [f4b9e550] 18:43:43.869 [ReconcilerExecutor-hivemq-controller-135] INFO  c.h.p.o.HiveMQPlatformReconciler - [customop] Cleanup test-hivemq-platform-alpha-tier2 - customoperatorselectorsit HiveMQ Platform is shut down
2025-01-29 18:43:44,394 INFO c.h.h.t.HelmChartContainer - [POD] test-hivemq-platform-alpha-tier2-0 [0909fff3-79bb-4a7a-8fd5-8dfbd83ca8d5] in customoperatorselectorsit was MODIFIED
2025-01-29 18:43:44,402 INFO c.h.h.t.HelmChartContainer - [EVENT] Normal [Killing] Stopping container hivemq [customoperatorselectorsit:test-hivemq-platform-alpha-tier2-0]
2025-01-29 18:43:44,402 INFO c.h.h.t.HelmChartContainer - Received Killing event for container hivemq in pod test-hivemq-platform-alpha-tier2-0 [0909fff3-79bb-4a7a-8fd5-8dfbd83ca8d5]
2025-01-29 18:43:44,402 INFO c.h.h.t.HelmChartContainer - Container [test-hivemq-platform-alpha-tier2-0] [hivemq] [0909fff3-79bb-4a7a-8fd5-8dfbd83ca8d5] was terminated
2025-01-29 18:43:44,402 INFO c.h.h.t.HelmChartContainer - Stopped log watcher for hivemq in pod test-hivemq-platform-alpha-tier2-0 [0909fff3-79bb-4a7a-8fd5-8dfbd83ca8d5]
2025-01-29 18:43:44,403 INFO c.h.h.t.HelmChartContainer - [test-hivemq-platform] [hivemq] [0909fff3] INFO  - [HiveMQ Platform Operator Init App 1.7.0-SNAPSHOT] Shutting down
2025-01-29 18:43:44,403 INFO c.h.h.t.HelmChartContainer - [test-hivemq-platform] [hivemq] [0909fff3] INFO  - [HiveMQ Platform Operator Init App 1.7.0-SNAPSHOT] Stopping the HiveMQ Platform
2025-01-29 18:43:44,505 INFO c.h.h.t.HelmChartContainer - [test-hivemq-platform] [hivemq] [0909fff3] INFO  - Shutting down HiveMQ. Please wait, this could take a while...
2025-01-29 18:43:44,590 INFO c.h.h.t.HelmChartContainer - [test-hivemq-platform] [hivemq] [0909fff3] INFO  - Shutting down listeners and clients
2025-01-29 18:43:44,592 INFO c.h.h.t.HelmChartContainer - [test-hivemq-platform] [hivemq] [0909fff3] INFO  - Shutdown of listeners is done
2025-01-29 18:43:44,592 INFO c.h.h.t.HelmChartContainer - [test-hivemq-platform] [hivemq] [0909fff3] INFO  - No clients are connected, proceeding with shutdown
2025-01-29 18:43:45,673 INFO c.h.h.t.HelmChartContainer - Release 'test-hivemq-platform-alpha-tier2' in namespace 'customoperatorselectorsit' is uninstalled
2025-01-29 18:43:45,673 INFO c.h.h.t.HelmChartContainer - Uninstalling release 'test-hivemq-platform-alpha-tier3' in namespace 'customoperatorselectorsit'...
2025-01-29 18:43:45,673 DEBUG c.h.h.t.HelmChartContainer - Executing helm command: /bin/helm --kubeconfig /etc/rancher/k3s/k3s.yaml uninstall test-hivemq-platform-alpha-tier3  --wait --timeout 5m0s --cascade foreground --namespace customoperatorselectorsit
2025-01-29 18:43:45,887 INFO c.h.h.t.HelmChartContainer - [hivemq-test-hivemq-platform] [hivemq-platform-operator] [f4b9e550] 18:43:45.873 [pool-6-thread-3] DEBUG c.h.p.o.d.PlatformServiceResource - [customop] Desired Platform services (3 services)
2025-01-29 18:43:45,887 INFO c.h.h.t.HelmChartContainer - [hivemq-test-hivemq-platform] [hivemq-platform-operator] [f4b9e550] 18:43:45.874 [pool-6-thread-1] DEBUG c.h.p.o.dependants.PodInfoConfigMap - [customop] Desired PodInfo ConfigMap (1 extensions) (1 enabled)
2025-01-29 18:43:45,890 INFO c.h.h.t.HelmChartContainer - [hivemq-test-hivemq-platform] [hivemq-platform-operator] [f4b9e550] 18:43:45.874 [pool-6-thread-1] DEBUG c.h.p.o.dependants.PodInfoConfigMap - [customop] Desired PodInfo ConfigMap (metrics port: 9399) (metrics path: /)
2025-01-29 18:43:45,890 INFO c.h.h.t.HelmChartContainer - [hivemq-test-hivemq-platform] [hivemq-platform-operator] [f4b9e550] 18:43:45.874 [pool-6-thread-1] DEBUG c.h.p.o.dependants.PodInfoConfigMap - [customop] Desired PodInfo ConfigMap (extension state hash: -1817474005)
2025-01-29 18:43:45,890 INFO c.h.h.t.HelmChartContainer - [hivemq-test-hivemq-platform] [hivemq-platform-operator] [f4b9e550] 18:43:45.875 [pool-6-thread-10] DEBUG c.h.p.o.d.PodServiceAccountResource - [customop] Desired PodServiceAccountResource (serviceAccountName: hivemq-platform-pod-test-hivemq-platform-alpha-tier3)
2025-01-29 18:43:45,890 INFO c.h.h.t.HelmChartContainer - [hivemq-test-hivemq-platform] [hivemq-platform-operator] [f4b9e550] 18:43:45.878 [pool-6-thread-3] DEBUG c.h.p.o.d.StatefulSetResource - [customop] Desired StatefulSet (1 replicas) for status RUNNING (READY)
2025-01-29 18:43:45,890 INFO c.h.h.t.HelmChartContainer - [hivemq-test-hivemq-platform] [hivemq-platform-operator] [f4b9e550] 18:43:45.881 [ReconcilerExecutor-hivemq-controller-137] INFO  c.h.p.o.HiveMQPlatformReconciler - [customop] Reconciling HiveMQ Platform 'test-hivemq-platform-alpha-tier3' in namespace 'customoperatorselectorsit'
2025-01-29 18:43:45,890 INFO c.h.h.t.HelmChartContainer - [hivemq-test-hivemq-platform] [hivemq-platform-operator] [f4b9e550] 18:43:45.881 [ReconcilerExecutor-hivemq-controller-137] DEBUG c.h.p.o.HiveMQPlatformReconciler - [customop] Custom Resource Status RUNNING - HiveMQ Platform is ready (READY)
2025-01-29 18:43:45,890 INFO c.h.h.t.HelmChartContainer - [hivemq-test-hivemq-platform] [hivemq-platform-operator] [f4b9e550] 18:43:45.881 [ReconcilerExecutor-hivemq-controller-137] DEBUG c.h.p.o.HiveMQPlatformReconciler - [customop] Custom Resource Spec (replicas: 1) (extensions: 1)
2025-01-29 18:43:45,890 INFO c.h.h.t.HelmChartContainer - [hivemq-test-hivemq-platform] [hivemq-platform-operator] [f4b9e550] 18:43:45.882 [ReconcilerExecutor-hivemq-controller-137] DEBUG c.h.p.o.HiveMQPlatformReconciler - [customop] StatefulSet Status (revision: test-hivemq-platform-alpha-tier3-7ccdb49877, replicas: 1, available: 1, ready: 1, current: 1, updated: 1)
2025-01-29 18:43:45,890 INFO c.h.h.t.HelmChartContainer - [hivemq-test-hivemq-platform] [hivemq-platform-operator] [f4b9e550] 18:43:45.882 [ReconcilerExecutor-hivemq-controller-137] DEBUG c.h.p.o.HiveMQPlatformReconciler - [customop] StatefulSet Spec (replicas: 1, init containers: 1, containers: 1, volumes: 3)
2025-01-29 18:43:45,890 INFO c.h.h.t.HelmChartContainer - [hivemq-test-hivemq-platform] [hivemq-platform-operator] [f4b9e550] 18:43:45.883 [ReconcilerExecutor-hivemq-controller-137] DEBUG c.h.p.o.h.HiveMQPlatformReconcilerErrorHandler - [customop] Pod 'test-hivemq-platform-alpha-tier3-0' phase Running
2025-01-29 18:43:45,903 INFO c.h.h.t.HelmChartContainer - [test-hivemq-platform] [hivemq] [0909fff3] INFO  - [HiveMQ Platform Operator Init App 1.7.0-SNAPSHOT] Returning shutdown Health API response 503 for readiness
2025-01-29 18:43:45,913 INFO c.h.h.t.HelmChartContainer - [EVENT] Warning [Unhealthy] Readiness probe failed: HTTP probe failed with statuscode: 503 [customoperatorselectorsit:test-hivemq-platform-alpha-tier2-0]
2025-01-29 18:43:45,913 INFO c.h.h.t.HelmChartContainer - Received Unhealthy event for container hivemq in pod test-hivemq-platform-alpha-tier2-0 [0909fff3-79bb-4a7a-8fd5-8dfbd83ca8d5]
2025-01-29 18:43:45,965 INFO c.h.h.t.HelmChartContainer - [K3S] [authentication.go:74] "Unable to authenticate the request" err="[invalid bearer token, serviceaccounts \"hivemq-platform-pod-test-hivemq-platform-alpha-tier3\" not found]"
2025-01-29 18:43:45,970 INFO c.h.h.t.HelmChartContainer - [hivemq-test-hivemq-platform] [hivemq-platform-operator] [f4b9e550] 18:43:45.966 [ReconcilerExecutor-hivemq-controller-138] INFO  c.h.p.o.HiveMQPlatformReconciler - [customop] Cleanup test-hivemq-platform-alpha-tier3 - customoperatorselectorsit HiveMQ Platform is shut down
2025-01-29 18:43:46,038 INFO c.h.h.t.HelmChartContainer - [K3S] [authentication.go:74] "Unable to authenticate the request" err="[invalid bearer token, serviceaccounts \"hivemq-platform-pod-test-hivemq-platform-alpha-tier3\" not found]"
2025-01-29 18:43:46,052 INFO c.h.h.t.HelmChartContainer - [test-hivemq-platform] [hivemq] [c953a0b7] WARN  - [HiveMQ Platform Operator Init App 1.7.0-SNAPSHOT] Could not update Pod annotations: Failure executing: GET at: https://10.43.0.1:443/api/v1/namespaces/customoperatorselectorsit/pods/test-hivemq-platform-alpha-tier3-0. Message: Unauthorized. Received status: Status(apiVersion=v1, code=401, details=null, kind=Status, message=Unauthorized, metadata=ListMeta(_continue=null, remainingItemCount=null, resourceVersion=null, selfLink=null, additionalProperties={}), reason=Unauthorized, status=Failure, additionalProperties={}).
2025-01-29 18:43:46,402 INFO c.h.h.t.HelmChartContainer - [K3S] [authentication.go:74] "Unable to authenticate the request" err="[invalid bearer token, serviceaccounts \"hivemq-platform-pod-test-hivemq-platform-alpha-tier2\" not found]"
2025-01-29 18:43:46,421 INFO c.h.h.t.HelmChartContainer - [K3S] [authentication.go:74] "Unable to authenticate the request" err="[invalid bearer token, serviceaccounts \"hivemq-platform-pod-test-hivemq-platform-alpha-tier2\" not found]"
2025-01-29 18:43:46,500 INFO c.h.h.t.HelmChartContainer - [test-hivemq-platform] [hivemq] [0909fff3] WARN  - [HiveMQ Platform Operator Init App 1.7.0-SNAPSHOT] Could not update Pod annotations: Failure executing: GET at: https://10.43.0.1:443/api/v1/namespaces/customoperatorselectorsit/pods/test-hivemq-platform-alpha-tier2-0. Message: Unauthorized. Received status: Status(apiVersion=v1, code=401, details=null, kind=Status, message=Unauthorized, metadata=ListMeta(_continue=null, remainingItemCount=null, resourceVersion=null, selfLink=null, additionalProperties={}), reason=Unauthorized, status=Failure, additionalProperties={}).
2025-01-29 18:43:46,582 INFO c.h.h.t.HelmChartContainer - [POD] test-hivemq-platform-alpha-tier3-0 [c953a0b7-1dea-43c3-91a8-311e0eac6098] in customoperatorselectorsit was MODIFIED
2025-01-29 18:43:46,582 INFO c.h.h.t.HelmChartContainer - [EVENT] Normal [Killing] Stopping container hivemq [customoperatorselectorsit:test-hivemq-platform-alpha-tier3-0]
2025-01-29 18:43:46,582 INFO c.h.h.t.HelmChartContainer - Received Killing event for container hivemq in pod test-hivemq-platform-alpha-tier3-0 [c953a0b7-1dea-43c3-91a8-311e0eac6098]
2025-01-29 18:43:46,582 INFO c.h.h.t.HelmChartContainer - Container [test-hivemq-platform-alpha-tier3-0] [hivemq] [c953a0b7-1dea-43c3-91a8-311e0eac6098] was terminated
2025-01-29 18:43:46,582 INFO c.h.h.t.HelmChartContainer - Stopped log watcher for hivemq in pod test-hivemq-platform-alpha-tier3-0 [c953a0b7-1dea-43c3-91a8-311e0eac6098]
2025-01-29 18:43:46,600 INFO c.h.h.t.HelmChartContainer - [test-hivemq-platform] [hivemq] [c953a0b7] INFO  - [HiveMQ Platform Operator Init App 1.7.0-SNAPSHOT] Shutting down
2025-01-29 18:43:46,603 INFO c.h.h.t.HelmChartContainer - [test-hivemq-platform] [hivemq] [c953a0b7] INFO  - [HiveMQ Platform Operator Init App 1.7.0-SNAPSHOT] Stopping the HiveMQ Platform
2025-01-29 18:43:46,721 INFO c.h.h.t.HelmChartContainer - [test-hivemq-platform] [hivemq] [c953a0b7] INFO  - Shutting down HiveMQ. Please wait, this could take a while...
2025-01-29 18:43:46,726 INFO c.h.h.t.HelmChartContainer - [test-hivemq-platform] [hivemq] [c953a0b7] INFO  - Shutting down listeners and clients
2025-01-29 18:43:46,727 INFO c.h.h.t.HelmChartContainer - [test-hivemq-platform] [hivemq] [c953a0b7] INFO  - Shutdown of listeners is done
2025-01-29 18:43:46,734 INFO c.h.h.t.HelmChartContainer - [test-hivemq-platform] [hivemq] [c953a0b7] INFO  - No clients are connected, proceeding with shutdown
2025-01-29 18:43:47,665 INFO c.h.h.t.HelmChartContainer - [test-hivemq-platform] [hivemq] [0909fff3] INFO  - Shutting down extension system
2025-01-29 18:43:47,671 INFO c.h.h.t.HelmChartContainer - [test-hivemq-platform] [hivemq] [0909fff3] INFO  - Stopping extension with id hivemq-dns-cluster-discovery
2025-01-29 18:43:47,671 INFO c.h.h.t.HelmChartContainer - [test-hivemq-platform] [hivemq] [0909fff3] INFO  - Extension "DNS Cluster Discovery Extension" version 4.3.2 stopped successfully.
2025-01-29 18:43:47,672 INFO c.h.h.t.HelmChartContainer - [test-hivemq-platform] [hivemq] [0909fff3] INFO  - Stopping extension with id hivemq-prometheus-extension
2025-01-29 18:43:47,676 INFO c.h.h.t.HelmChartContainer - [test-hivemq-platform] [hivemq] [0909fff3] INFO  - Extension "Prometheus Monitoring Extension" version 4.0.12 stopped successfully.
2025-01-29 18:43:47,677 INFO c.h.h.t.HelmChartContainer - [test-hivemq-platform] [hivemq] [0909fff3] INFO  - Stopping extension with id hivemq-allow-all-extension
2025-01-29 18:43:47,677 INFO c.h.h.t.HelmChartContainer - [test-hivemq-platform] [hivemq] [0909fff3] INFO  - Extension "Allow All Extension" version 1.1.1 stopped successfully.
2025-01-29 18:43:47,943 INFO c.h.h.t.HelmChartContainer - Deleting namespace 'customoperatorselectorsit'...
2025-01-29 18:43:49,241 INFO c.h.h.t.HelmChartContainer - [test-hivemq-platform] [hivemq] [c953a0b7] INFO  - Shutting down extension system
2025-01-29 18:43:49,246 INFO c.h.h.t.HelmChartContainer - [test-hivemq-platform] [hivemq] [c953a0b7] INFO  - Stopping extension with id hivemq-dns-cluster-discovery
2025-01-29 18:43:49,247 INFO c.h.h.t.HelmChartContainer - [test-hivemq-platform] [hivemq] [c953a0b7] INFO  - Extension "DNS Cluster Discovery Extension" version 4.3.2 stopped successfully.
2025-01-29 18:43:49,247 INFO c.h.h.t.HelmChartContainer - [test-hivemq-platform] [hivemq] [c953a0b7] INFO  - Stopping extension with id hivemq-prometheus-extension
2025-01-29 18:43:49,251 INFO c.h.h.t.HelmChartContainer - [test-hivemq-platform] [hivemq] [c953a0b7] INFO  - Extension "Prometheus Monitoring Extension" version 4.0.12 stopped successfully.
2025-01-29 18:43:49,251 INFO c.h.h.t.HelmChartContainer - [test-hivemq-platform] [hivemq] [c953a0b7] INFO  - Stopping extension with id hivemq-allow-all-extension
2025-01-29 18:43:49,252 INFO c.h.h.t.HelmChartContainer - [test-hivemq-platform] [hivemq] [c953a0b7] INFO  - Extension "Allow All Extension" version 1.1.1 stopped successfully.
2025-01-29 18:43:49,995 INFO c.h.h.t.HelmChartContainer - [test-hivemq-platform] [hivemq] [0909fff3] INFO  - Shutdown completed.
2025-01-29 18:43:50,346 INFO c.h.h.t.HelmChartContainer - [test-hivemq-platform] [hivemq] [0909fff3] INFO  - [HiveMQ Platform Operator Init App 1.7.0-SNAPSHOT] The HiveMQ Platform exited with code 143
2025-01-29 18:43:50,346 INFO c.h.h.t.HelmChartContainer - [test-hivemq-platform] [hivemq] [0909fff3] INFO  - [HiveMQ Platform Operator Init App 1.7.0-SNAPSHOT] Stopping the REST API
2025-01-29 18:43:50,354 INFO c.h.h.t.HelmChartContainer - [test-hivemq-platform] [hivemq] [0909fff3] INFO  - [HiveMQ Platform Operator Init App 1.7.0-SNAPSHOT] Shutdown complete
2025-01-29 18:43:50,554 INFO c.h.h.t.HelmChartContainer - [test-hivemq-platform] [hivemq] [c953a0b7] INFO  - [HiveMQ Platform Operator Init App 1.7.0-SNAPSHOT] Returning shutdown Health API response 503 for readiness
2025-01-29 18:43:50,558 INFO c.h.h.t.HelmChartContainer - [EVENT] Warning [Unhealthy] Readiness probe failed: HTTP probe failed with statuscode: 503 [customoperatorselectorsit:test-hivemq-platform-alpha-tier3-0]
2025-01-29 18:43:50,558 INFO c.h.h.t.HelmChartContainer - Received Unhealthy event for container hivemq in pod test-hivemq-platform-alpha-tier3-0 [c953a0b7-1dea-43c3-91a8-311e0eac6098]
2025-01-29 18:43:50,808 INFO c.h.h.t.HelmChartContainer - [K3S] [stateful_set.go:438] "Unhandled Error" err="error syncing StatefulSet customoperatorselectorsit/test-hivemq-platform-alpha-tier2, requeuing: controllerrevisions.apps \"test-hivemq-platform-alpha-tier2-5888b5495b\" is forbidden: unable to create new content in namespace customoperatorselectorsit because it is being terminated"
2025-01-29 18:43:50,809 INFO c.h.h.t.HelmChartContainer - [POD] test-hivemq-platform-alpha-tier2-0 [0909fff3-79bb-4a7a-8fd5-8dfbd83ca8d5] in customoperatorselectorsit was MODIFIED
2025-01-29 18:43:50,815 INFO c.h.h.t.HelmChartContainer - [K3S] [stateful_set.go:438] "Unhandled Error" err="error syncing StatefulSet customoperatorselectorsit/test-hivemq-platform-alpha-tier2, requeuing: controllerrevisions.apps \"test-hivemq-platform-alpha-tier2-5888b5495b\" is forbidden: unable to create new content in namespace customoperatorselectorsit because it is being terminated"
2025-01-29 18:43:50,821 INFO c.h.h.t.HelmChartContainer - [K3S] [reconciler_common.go:162] "operationExecutor.UnmountVolume started for volume \"pod-info\" (UniqueName: \"kubernetes.io/configmap/0909fff3-79bb-4a7a-8fd5-8dfbd83ca8d5-pod-info\") pod \"0909fff3-79bb-4a7a-8fd5-8dfbd83ca8d5\" (UID: \"0909fff3-79bb-4a7a-8fd5-8dfbd83ca8d5\") "
2025-01-29 18:43:50,821 INFO c.h.h.t.HelmChartContainer - [K3S] [reconciler_common.go:162] "operationExecutor.UnmountVolume started for volume \"kube-api-access-x2882\" (UniqueName: \"kubernetes.io/projected/0909fff3-79bb-4a7a-8fd5-8dfbd83ca8d5-kube-api-access-x2882\") pod \"0909fff3-79bb-4a7a-8fd5-8dfbd83ca8d5\" (UID: \"0909fff3-79bb-4a7a-8fd5-8dfbd83ca8d5\") "
2025-01-29 18:43:50,821 INFO c.h.h.t.HelmChartContainer - [K3S] [reconciler_common.go:162] "operationExecutor.UnmountVolume started for volume \"operator-init\" (UniqueName: \"kubernetes.io/empty-dir/0909fff3-79bb-4a7a-8fd5-8dfbd83ca8d5-operator-init\") pod \"0909fff3-79bb-4a7a-8fd5-8dfbd83ca8d5\" (UID: \"0909fff3-79bb-4a7a-8fd5-8dfbd83ca8d5\") "
2025-01-29 18:43:50,821 INFO c.h.h.t.HelmChartContainer - [K3S] [reconciler_common.go:162] "operationExecutor.UnmountVolume started for volume \"broker-configuration\" (UniqueName: \"kubernetes.io/configmap/0909fff3-79bb-4a7a-8fd5-8dfbd83ca8d5-broker-configuration\") pod \"0909fff3-79bb-4a7a-8fd5-8dfbd83ca8d5\" (UID: \"0909fff3-79bb-4a7a-8fd5-8dfbd83ca8d5\") "
2025-01-29 18:43:50,829 INFO c.h.h.t.HelmChartContainer - [K3S] [stateful_set.go:438] "Unhandled Error" err="error syncing StatefulSet customoperatorselectorsit/test-hivemq-platform-alpha-tier2, requeuing: controllerrevisions.apps \"test-hivemq-platform-alpha-tier2-5888b5495b\" is forbidden: unable to create new content in namespace customoperatorselectorsit because it is being terminated"
2025-01-29 18:43:50,851 INFO c.h.h.t.HelmChartContainer - [K3S] [stateful_set.go:438] "Unhandled Error" err="error syncing StatefulSet customoperatorselectorsit/test-hivemq-platform-alpha-tier2, requeuing: controllerrevisions.apps \"test-hivemq-platform-alpha-tier2-5888b5495b\" is forbidden: unable to create new content in namespace customoperatorselectorsit because it is being terminated"
2025-01-29 18:43:50,894 INFO c.h.h.t.HelmChartContainer - [K3S] [stateful_set.go:438] "Unhandled Error" err="error syncing StatefulSet customoperatorselectorsit/test-hivemq-platform-alpha-tier2, requeuing: controllerrevisions.apps \"test-hivemq-platform-alpha-tier2-5888b5495b\" is forbidden: unable to create new content in namespace customoperatorselectorsit because it is being terminated"
2025-01-29 18:43:50,914 INFO c.h.h.t.HelmChartContainer - [K3S] [scope.go:117] "RemoveContainer" containerID="b933d99e63ed97728de032f77dfa2ba54cf32ce943299629965b809d55015a73"
2025-01-29 18:43:50,920 INFO c.h.h.t.HelmChartContainer - [K3S] [reconciler_common.go:299] "Volume detached for volume \"broker-configuration\" (UniqueName: \"kubernetes.io/configmap/0909fff3-79bb-4a7a-8fd5-8dfbd83ca8d5-broker-configuration\") on node \"90e6ebb001dc\" DevicePath \"\""
2025-01-29 18:43:50,920 INFO c.h.h.t.HelmChartContainer - [K3S] [reconciler_common.go:299] "Volume detached for volume \"pod-info\" (UniqueName: \"kubernetes.io/configmap/0909fff3-79bb-4a7a-8fd5-8dfbd83ca8d5-pod-info\") on node \"90e6ebb001dc\" DevicePath \"\""
2025-01-29 18:43:50,920 INFO c.h.h.t.HelmChartContainer - [K3S] [reconciler_common.go:299] "Volume detached for volume \"kube-api-access-x2882\" (UniqueName: \"kubernetes.io/projected/0909fff3-79bb-4a7a-8fd5-8dfbd83ca8d5-kube-api-access-x2882\") on node \"90e6ebb001dc\" DevicePath \"\""
2025-01-29 18:43:50,920 INFO c.h.h.t.HelmChartContainer - [K3S] [reconciler_common.go:299] "Volume detached for volume \"operator-init\" (UniqueName: \"kubernetes.io/empty-dir/0909fff3-79bb-4a7a-8fd5-8dfbd83ca8d5-operator-init\") on node \"90e6ebb001dc\" DevicePath \"\""
2025-01-29 18:43:50,928 INFO c.h.h.t.HelmChartContainer - [K3S] [stateful_set.go:438] "Unhandled Error" err="error syncing StatefulSet customoperatorselectorsit/test-hivemq-platform-alpha-tier2, requeuing: controllerrevisions.apps \"test-hivemq-platform-alpha-tier2-5888b5495b\" is forbidden: unable to create new content in namespace customoperatorselectorsit because it is being terminated"
2025-01-29 18:43:50,929 INFO c.h.h.t.HelmChartContainer - [POD] test-hivemq-platform-alpha-tier2-0 [0909fff3-79bb-4a7a-8fd5-8dfbd83ca8d5] in customoperatorselectorsit was MODIFIED
2025-01-29 18:43:50,933 INFO c.h.h.t.HelmChartContainer - [POD] test-hivemq-platform-alpha-tier2-0 [0909fff3-79bb-4a7a-8fd5-8dfbd83ca8d5] in customoperatorselectorsit was DELETED
2025-01-29 18:43:50,933 INFO c.h.h.t.HelmChartContainer - [K3S] [stateful_set.go:438] "Unhandled Error" err="error syncing StatefulSet customoperatorselectorsit/test-hivemq-platform-alpha-tier2, requeuing: controllerrevisions.apps \"test-hivemq-platform-alpha-tier2-5888b5495b\" is forbidden: unable to create new content in namespace customoperatorselectorsit because it is being terminated"
2025-01-29 18:43:50,948 INFO c.h.h.t.HelmChartContainer - [K3S] [stateful_set.go:466] "StatefulSet has been deleted" key="customoperatorselectorsit/test-hivemq-platform-alpha-tier2"
2025-01-29 18:43:50,976 INFO c.h.h.t.HelmChartContainer - [K3S] [stateful_set.go:466] "StatefulSet has been deleted" key="customoperatorselectorsit/test-hivemq-platform-alpha-tier2"
2025-01-29 18:43:51,017 INFO c.h.h.t.HelmChartContainer - [K3S] [scope.go:117] "RemoveContainer" containerID="1cbc56b47c7f339e62d8cbf383f241953df006a0e3ebaf9c33f52f3014aa5a62"
2025-01-29 18:43:51,021 INFO c.h.h.t.HelmChartContainer - [K3S] [scope.go:117] "RemoveContainer" containerID="b933d99e63ed97728de032f77dfa2ba54cf32ce943299629965b809d55015a73"
2025-01-29 18:43:51,022 INFO c.h.h.t.HelmChartContainer - [K3S] [scope.go:117] "RemoveContainer" containerID="1cbc56b47c7f339e62d8cbf383f241953df006a0e3ebaf9c33f52f3014aa5a62"
2025-01-29 18:43:51,056 INFO c.h.h.t.HelmChartContainer - [K3S] [authentication.go:74] "Unable to authenticate the request" err="[invalid bearer token, serviceaccounts \"hivemq-platform-pod-test-hivemq-platform-alpha-tier3\" not found]"
2025-01-29 18:43:51,069 INFO c.h.h.t.HelmChartContainer - [K3S] [authentication.go:74] "Unable to authenticate the request" err="[invalid bearer token, serviceaccounts \"hivemq-platform-pod-test-hivemq-platform-alpha-tier3\" not found]"
2025-01-29 18:43:51,071 INFO c.h.h.t.HelmChartContainer - [test-hivemq-platform] [hivemq] [c953a0b7] WARN  - [HiveMQ Platform Operator Init App 1.7.0-SNAPSHOT] Could not update Pod annotations: Failure executing: GET at: https://10.43.0.1:443/api/v1/namespaces/customoperatorselectorsit/pods/test-hivemq-platform-alpha-tier3-0. Message: Unauthorized. Received status: Status(apiVersion=v1, code=401, details=null, kind=Status, message=Unauthorized, metadata=ListMeta(_continue=null, remainingItemCount=null, resourceVersion=null, selfLink=null, additionalProperties={}), reason=Unauthorized, status=Failure, additionalProperties={}).
2025-01-29 18:43:51,212 INFO c.h.h.t.HelmChartContainer - [K3S] [kubelet_volumes.go:163] "Cleaned up orphaned pod volumes dir" podUID="0909fff3-79bb-4a7a-8fd5-8dfbd83ca8d5" path="/var/lib/kubelet/pods/0909fff3-79bb-4a7a-8fd5-8dfbd83ca8d5/volumes"
2025-01-29 18:43:51,540 INFO c.h.h.t.HelmChartContainer - [test-hivemq-platform] [hivemq] [c953a0b7] INFO  - Shutdown completed.
2025-01-29 18:43:51,888 INFO c.h.h.t.HelmChartContainer - [test-hivemq-platform] [hivemq] [c953a0b7] INFO  - [HiveMQ Platform Operator Init App 1.7.0-SNAPSHOT] The HiveMQ Platform exited with code 143
2025-01-29 18:43:51,888 INFO c.h.h.t.HelmChartContainer - [test-hivemq-platform] [hivemq] [c953a0b7] INFO  - [HiveMQ Platform Operator Init App 1.7.0-SNAPSHOT] Stopping the REST API
2025-01-29 18:43:51,895 INFO c.h.h.t.HelmChartContainer - [test-hivemq-platform] [hivemq] [c953a0b7] INFO  - [HiveMQ Platform Operator Init App 1.7.0-SNAPSHOT] Shutdown complete
2025-01-29 18:43:52,351 INFO c.h.h.t.HelmChartContainer - [POD] test-hivemq-platform-alpha-tier3-0 [c953a0b7-1dea-43c3-91a8-311e0eac6098] in customoperatorselectorsit was MODIFIED
2025-01-29 18:43:52,351 INFO c.h.h.t.HelmChartContainer - [K3S] [stateful_set.go:438] "Unhandled Error" err="error syncing StatefulSet customoperatorselectorsit/test-hivemq-platform-alpha-tier3, requeuing: controllerrevisions.apps \"test-hivemq-platform-alpha-tier3-7ccdb49877\" is forbidden: unable to create new content in namespace customoperatorselectorsit because it is being terminated"
2025-01-29 18:43:52,359 INFO c.h.h.t.HelmChartContainer - [K3S] [stateful_set.go:438] "Unhandled Error" err="error syncing StatefulSet customoperatorselectorsit/test-hivemq-platform-alpha-tier3, requeuing: controllerrevisions.apps \"test-hivemq-platform-alpha-tier3-7ccdb49877\" is forbidden: unable to create new content in namespace customoperatorselectorsit because it is being terminated"
2025-01-29 18:43:52,373 INFO c.h.h.t.HelmChartContainer - [K3S] [stateful_set.go:438] "Unhandled Error" err="error syncing StatefulSet customoperatorselectorsit/test-hivemq-platform-alpha-tier3, requeuing: controllerrevisions.apps \"test-hivemq-platform-alpha-tier3-7ccdb49877\" is forbidden: unable to create new content in namespace customoperatorselectorsit because it is being terminated"
2025-01-29 18:43:52,397 INFO c.h.h.t.HelmChartContainer - [K3S] [stateful_set.go:438] "Unhandled Error" err="error syncing StatefulSet customoperatorselectorsit/test-hivemq-platform-alpha-tier3, requeuing: controllerrevisions.apps \"test-hivemq-platform-alpha-tier3-7ccdb49877\" is forbidden: unable to create new content in namespace customoperatorselectorsit because it is being terminated"
2025-01-29 18:43:52,428 INFO c.h.h.t.HelmChartContainer - [K3S] [reconciler_common.go:162] "operationExecutor.UnmountVolume started for volume \"pod-info\" (UniqueName: \"kubernetes.io/configmap/c953a0b7-1dea-43c3-91a8-311e0eac6098-pod-info\") pod \"c953a0b7-1dea-43c3-91a8-311e0eac6098\" (UID: \"c953a0b7-1dea-43c3-91a8-311e0eac6098\") "
2025-01-29 18:43:52,429 INFO c.h.h.t.HelmChartContainer - [K3S] [reconciler_common.go:162] "operationExecutor.UnmountVolume started for volume \"kube-api-access-2dp97\" (UniqueName: \"kubernetes.io/projected/c953a0b7-1dea-43c3-91a8-311e0eac6098-kube-api-access-2dp97\") pod \"c953a0b7-1dea-43c3-91a8-311e0eac6098\" (UID: \"c953a0b7-1dea-43c3-91a8-311e0eac6098\") "
2025-01-29 18:43:52,429 INFO c.h.h.t.HelmChartContainer - [K3S] [reconciler_common.go:162] "operationExecutor.UnmountVolume started for volume \"broker-configuration\" (UniqueName: \"kubernetes.io/configmap/c953a0b7-1dea-43c3-91a8-311e0eac6098-broker-configuration\") pod \"c953a0b7-1dea-43c3-91a8-311e0eac6098\" (UID: \"c953a0b7-1dea-43c3-91a8-311e0eac6098\") "
2025-01-29 18:43:52,429 INFO c.h.h.t.HelmChartContainer - [K3S] [reconciler_common.go:162] "operationExecutor.UnmountVolume started for volume \"operator-init\" (UniqueName: \"kubernetes.io/empty-dir/c953a0b7-1dea-43c3-91a8-311e0eac6098-operator-init\") pod \"c953a0b7-1dea-43c3-91a8-311e0eac6098\" (UID: \"c953a0b7-1dea-43c3-91a8-311e0eac6098\") "
2025-01-29 18:43:52,440 INFO c.h.h.t.HelmChartContainer - [K3S] [stateful_set.go:438] "Unhandled Error" err="error syncing StatefulSet customoperatorselectorsit/test-hivemq-platform-alpha-tier3, requeuing: controllerrevisions.apps \"test-hivemq-platform-alpha-tier3-7ccdb49877\" is forbidden: unable to create new content in namespace customoperatorselectorsit because it is being terminated"
2025-01-29 18:43:52,523 INFO c.h.h.t.HelmChartContainer - [K3S] [stateful_set.go:438] "Unhandled Error" err="error syncing StatefulSet customoperatorselectorsit/test-hivemq-platform-alpha-tier3, requeuing: controllerrevisions.apps \"test-hivemq-platform-alpha-tier3-7ccdb49877\" is forbidden: unable to create new content in namespace customoperatorselectorsit because it is being terminated"
2025-01-29 18:43:52,529 INFO c.h.h.t.HelmChartContainer - [K3S] [reconciler_common.go:299] "Volume detached for volume \"pod-info\" (UniqueName: \"kubernetes.io/configmap/c953a0b7-1dea-43c3-91a8-311e0eac6098-pod-info\") on node \"90e6ebb001dc\" DevicePath \"\""
2025-01-29 18:43:52,529 INFO c.h.h.t.HelmChartContainer - [K3S] [reconciler_common.go:299] "Volume detached for volume \"kube-api-access-2dp97\" (UniqueName: \"kubernetes.io/projected/c953a0b7-1dea-43c3-91a8-311e0eac6098-kube-api-access-2dp97\") on node \"90e6ebb001dc\" DevicePath \"\""
2025-01-29 18:43:52,529 INFO c.h.h.t.HelmChartContainer - [K3S] [reconciler_common.go:299] "Volume detached for volume \"broker-configuration\" (UniqueName: \"kubernetes.io/configmap/c953a0b7-1dea-43c3-91a8-311e0eac6098-broker-configuration\") on node \"90e6ebb001dc\" DevicePath \"\""
2025-01-29 18:43:52,529 INFO c.h.h.t.HelmChartContainer - [K3S] [reconciler_common.go:299] "Volume detached for volume \"operator-init\" (UniqueName: \"kubernetes.io/empty-dir/c953a0b7-1dea-43c3-91a8-311e0eac6098-operator-init\") on node \"90e6ebb001dc\" DevicePath \"\""
2025-01-29 18:43:52,686 INFO c.h.h.t.HelmChartContainer - [K3S] [stateful_set.go:438] "Unhandled Error" err="error syncing StatefulSet customoperatorselectorsit/test-hivemq-platform-alpha-tier3, requeuing: controllerrevisions.apps \"test-hivemq-platform-alpha-tier3-7ccdb49877\" is forbidden: unable to create new content in namespace customoperatorselectorsit because it is being terminated"
2025-01-29 18:43:52,919 INFO c.h.h.t.HelmChartContainer - [K3S] [scope.go:117] "RemoveContainer" containerID="b4163ad24ced58445f1078b1dfe4d14a0dcf1e51fb97c1873c2a39eb745e66bb"
2025-01-29 18:43:52,933 INFO c.h.h.t.HelmChartContainer - [K3S] [stateful_set.go:438] "Unhandled Error" err="error syncing StatefulSet customoperatorselectorsit/test-hivemq-platform-alpha-tier3, requeuing: controllerrevisions.apps \"test-hivemq-platform-alpha-tier3-7ccdb49877\" is forbidden: unable to create new content in namespace customoperatorselectorsit because it is being terminated"
2025-01-29 18:43:52,934 INFO c.h.h.t.HelmChartContainer - [POD] test-hivemq-platform-alpha-tier3-0 [c953a0b7-1dea-43c3-91a8-311e0eac6098] in customoperatorselectorsit was MODIFIED
2025-01-29 18:43:52,938 INFO c.h.h.t.HelmChartContainer - [K3S] [stateful_set.go:438] "Unhandled Error" err="error syncing StatefulSet customoperatorselectorsit/test-hivemq-platform-alpha-tier3, requeuing: controllerrevisions.apps \"test-hivemq-platform-alpha-tier3-7ccdb49877\" is forbidden: unable to create new content in namespace customoperatorselectorsit because it is being terminated"
2025-01-29 18:43:52,940 INFO c.h.h.t.HelmChartContainer - [POD] test-hivemq-platform-alpha-tier3-0 [c953a0b7-1dea-43c3-91a8-311e0eac6098] in customoperatorselectorsit was DELETED
2025-01-29 18:43:52,952 INFO c.h.h.t.HelmChartContainer - [K3S] [stateful_set.go:466] "StatefulSet has been deleted" key="customoperatorselectorsit/test-hivemq-platform-alpha-tier3"
2025-01-29 18:43:53,009 INFO c.h.h.t.HelmChartContainer - [K3S] [stateful_set.go:466] "StatefulSet has been deleted" key="customoperatorselectorsit/test-hivemq-platform-alpha-tier3"
2025-01-29 18:43:53,042 INFO c.h.h.t.HelmChartContainer - [K3S] [scope.go:117] "RemoveContainer" containerID="5ea7300a6778506cd2508ab53d6240cf4f433248f77aa54dbb7b2e919a93dfb7"
2025-01-29 18:43:53,045 INFO c.h.h.t.HelmChartContainer - [K3S] [scope.go:117] "RemoveContainer" containerID="b4163ad24ced58445f1078b1dfe4d14a0dcf1e51fb97c1873c2a39eb745e66bb"
2025-01-29 18:43:53,046 INFO c.h.h.t.HelmChartContainer - [K3S] [scope.go:117] "RemoveContainer" containerID="5ea7300a6778506cd2508ab53d6240cf4f433248f77aa54dbb7b2e919a93dfb7"
2025-01-29 18:43:53,162 INFO c.h.h.t.HelmChartContainer - Namespace 'customoperatorselectorsit' deleted
2025-01-29 18:43:53,162 INFO c.h.h.t.HelmChartContainer - Release 'test-hivemq-platform-alpha-tier3' in namespace 'customoperatorselectorsit' is uninstalled
2025-01-29 18:43:53,162 INFO c.h.h.t.HelmChartContainer - Uninstalling release 'test-hivemq-platform-operator' in namespace 'customoperatorselectorsit-operator'...
2025-01-29 18:43:53,162 DEBUG c.h.h.t.HelmChartContainer - Executing helm command: /bin/helm --kubeconfig /etc/rancher/k3s/k3s.yaml uninstall test-hivemq-platform-operator  --wait --timeout 5m0s --cascade foreground --namespace customoperatorselectorsit-operator
2025-01-29 18:43:53,213 INFO c.h.h.t.HelmChartContainer - [K3S] [kubelet_volumes.go:163] "Cleaned up orphaned pod volumes dir" podUID="c953a0b7-1dea-43c3-91a8-311e0eac6098" path="/var/lib/kubelet/pods/c953a0b7-1dea-43c3-91a8-311e0eac6098/volumes"
2025-01-29 18:43:53,324 INFO c.h.h.t.HelmChartContainer - [K3S] [replica_set.go:679] "Finished syncing" kind="ReplicaSet" key="customoperatorselectorsit-operator/hivemq-test-hivemq-platform-operator-7bd74f84c" duration="7.762222ms"
2025-01-29 18:43:53,325 INFO c.h.h.t.HelmChartContainer - [K3S] [replica_set.go:679] "Finished syncing" kind="ReplicaSet" key="customoperatorselectorsit-operator/hivemq-test-hivemq-platform-operator-7bd74f84c" duration="78.547µs"
2025-01-29 18:43:53,345 INFO c.h.h.t.HelmChartContainer - [POD] hivemq-test-hivemq-platform-operator-7bd74f84c-lwhvj [f4b9e550-dc10-47ca-8616-33c9f0950ba8] in customoperatorselectorsit-operator was MODIFIED
2025-01-29 18:43:53,360 INFO c.h.h.t.HelmChartContainer - [hivemq-test-hivemq-platform] [hivemq-platform-operator] [f4b9e550] 18:43:53.356 [application-shutdown-thread] INFO  c.h.p.o.HiveMQPlatformOperatorApplication - HiveMQ Platform Operator is stopping...
2025-01-29 18:43:53,360 INFO c.h.h.t.HelmChartContainer - [hivemq-test-hivemq-platform] [hivemq-platform-operator] [f4b9e550] 18:43:53.356 [application-shutdown-thread] INFO  i.javaoperatorsdk.operator.Operator - Operator SDK 4.9.7 is shutting down...
2025-01-29 18:43:53,362 INFO c.h.h.t.HelmChartContainer - [EVENT] Normal [Killing] Stopping container hivemq-platform-operator [customoperatorselectorsit-operator:hivemq-test-hivemq-platform-operator-7bd74f84c-lwhvj]
2025-01-29 18:43:53,362 INFO c.h.h.t.HelmChartContainer - Received Killing event for container hivemq-platform-operator in pod hivemq-test-hivemq-platform-operator-7bd74f84c-lwhvj [f4b9e550-dc10-47ca-8616-33c9f0950ba8]
2025-01-29 18:43:53,362 INFO c.h.h.t.HelmChartContainer - Container [hivemq-test-hivemq-platform-operator-7bd74f84c-lwhvj] [hivemq-platform-operator] [f4b9e550-dc10-47ca-8616-33c9f0950ba8] was terminated
2025-01-29 18:43:53,363 INFO c.h.h.t.HelmChartContainer - Stopped log watcher for hivemq-platform-operator in pod hivemq-test-hivemq-platform-operator-7bd74f84c-lwhvj [f4b9e550-dc10-47ca-8616-33c9f0950ba8]
2025-01-29 18:43:53,364 INFO c.h.h.t.HelmChartContainer - [K3S] [replica_set.go:679] "Finished syncing" kind="ReplicaSet" key="customoperatorselectorsit-operator/hivemq-test-hivemq-platform-operator-7bd74f84c" duration="19.054865ms"
2025-01-29 18:43:53,364 INFO c.h.h.t.HelmChartContainer - [K3S] [replica_set.go:679] "Finished syncing" kind="ReplicaSet" key="customoperatorselectorsit-operator/hivemq-test-hivemq-platform-operator-7bd74f84c" duration="37.089µs"
2025-01-29 18:43:53,913 INFO c.h.h.t.HelmChartContainer - [K3S] [replica_set.go:679] "Finished syncing" kind="ReplicaSet" key="customoperatorselectorsit-operator/hivemq-test-hivemq-platform-operator-7bd74f84c" duration="45.315µs"
2025-01-29 18:43:53,914 INFO c.h.h.t.HelmChartContainer - [POD] hivemq-test-hivemq-platform-operator-7bd74f84c-lwhvj [f4b9e550-dc10-47ca-8616-33c9f0950ba8] in customoperatorselectorsit-operator was MODIFIED
2025-01-29 18:43:53,922 INFO c.h.h.t.HelmChartContainer - [K3S] [scope.go:117] "RemoveContainer" containerID="7642529e50a2b6fc09aae58cfd323afffe33f6fac5b51e8c4780c57922943992"
2025-01-29 18:43:53,926 INFO c.h.h.t.HelmChartContainer - [K3S] [scope.go:117] "RemoveContainer" containerID="7642529e50a2b6fc09aae58cfd323afffe33f6fac5b51e8c4780c57922943992"
2025-01-29 18:43:53,934 INFO c.h.h.t.HelmChartContainer - [K3S] [reconciler_common.go:162] "operationExecutor.UnmountVolume started for volume \"kube-api-access-jr6xn\" (UniqueName: \"kubernetes.io/projected/f4b9e550-dc10-47ca-8616-33c9f0950ba8-kube-api-access-jr6xn\") pod \"f4b9e550-dc10-47ca-8616-33c9f0950ba8\" (UID: \"f4b9e550-dc10-47ca-8616-33c9f0950ba8\") "
2025-01-29 18:43:54,035 INFO c.h.h.t.HelmChartContainer - [K3S] [reconciler_common.go:299] "Volume detached for volume \"kube-api-access-jr6xn\" (UniqueName: \"kubernetes.io/projected/f4b9e550-dc10-47ca-8616-33c9f0950ba8-kube-api-access-jr6xn\") on node \"90e6ebb001dc\" DevicePath \"\""
2025-01-29 18:43:54,234 INFO c.h.h.t.HelmChartContainer - [K3S] [replica_set.go:679] "Finished syncing" kind="ReplicaSet" key="customoperatorselectorsit-operator/hivemq-test-hivemq-platform-operator-7bd74f84c" duration="42.299µs"
2025-01-29 18:43:54,235 INFO c.h.h.t.HelmChartContainer - [POD] hivemq-test-hivemq-platform-operator-7bd74f84c-lwhvj [f4b9e550-dc10-47ca-8616-33c9f0950ba8] in customoperatorselectorsit-operator was MODIFIED
2025-01-29 18:43:54,237 INFO c.h.h.t.HelmChartContainer - [POD] hivemq-test-hivemq-platform-operator-7bd74f84c-lwhvj [f4b9e550-dc10-47ca-8616-33c9f0950ba8] in customoperatorselectorsit-operator was DELETED
2025-01-29 18:43:54,238 INFO c.h.h.t.HelmChartContainer - [K3S] [replica_set.go:679] "Finished syncing" kind="ReplicaSet" key="customoperatorselectorsit-operator/hivemq-test-hivemq-platform-operator-7bd74f84c" duration="31.298µs"
2025-01-29 18:43:54,247 INFO c.h.h.t.HelmChartContainer - [K3S] [replica_set.go:679] "Finished syncing" kind="ReplicaSet" key="customoperatorselectorsit-operator/hivemq-test-hivemq-platform-operator-7bd74f84c" duration="6.292µs"
2025-01-29 18:43:55,213 INFO c.h.h.t.HelmChartContainer - [K3S] [kubelet_volumes.go:163] "Cleaned up orphaned pod volumes dir" podUID="f4b9e550-dc10-47ca-8616-33c9f0950ba8" path="/var/lib/kubelet/pods/f4b9e550-dc10-47ca-8616-33c9f0950ba8/volumes"
2025-01-29 18:43:55,365 INFO c.h.h.t.HelmChartContainer - Deleting namespace 'customoperatorselectorsit-operator'...
2025-01-29 18:43:58,153 INFO c.h.h.t.HelmChartContainer - [K3S] [namespace_controller.go:187] "Namespace has been deleted" namespace="customoperatorselectorsit"
2025-01-29 18:44:00,583 INFO c.h.h.t.HelmChartContainer - Namespace 'customoperatorselectorsit-operator' deleted
2025-01-29 18:44:00,583 INFO c.h.h.t.HelmChartContainer - Release 'test-hivemq-platform-operator' in namespace 'customoperatorselectorsit-operator' is uninstalled
2025-01-29 18:44:01,428 INFO c.h.helmcharts.AbstractHelmChartIT - Removed unused containers:

2025-01-29 18:44:05,509 INFO c.h.h.t.HelmChartContainer - [K3S] [namespace_controller.go:187] "Namespace has been deleted" namespace="customoperatorselectorsit-operator"
2025-01-29 18:44:09,725 INFO c.h.helmcharts.AbstractHelmChartIT - Removed unused snapshots:
Removing snapshot sha256:03af251906410714c5aef9fa705b63f6bbc39c4a5e787de7361eeb18886c2ed2
Removing snapshot sha256:0c46b3b43cce082ce5ec34ffc6c294e0417d17b9d1e6f366d114b6aadc4f96dc
Removing snapshot sha256:0ce761beee59082d6ed5bcebd3a805b8ddd9b3426b617e4809e7fb7c6587ffec
Removing snapshot sha256:0df91287303208332c8ff6ba40ae4710105201739addbfbddfb955f1ad593664
Removing snapshot sha256:1021ef88c7974bfff89c5a0ec4fd3160daac6c48a075f74cff721f85dd104e68
Removing snapshot sha256:10aba4953ddc18145dd38e3704709bc464aa20af60b56fe52caaff4b68411e62
Removing snapshot sha256:2573e0d8158209ed54ab25c87bcdcb00bd3d2539246960a3d592a1c599d70465
Removing snapshot sha256:362a8a37f8bbc31925a8146adcf7cf51f9882f5c1dcbef67c5baa03a297543c0
Removing snapshot sha256:3fa4ad33f0ddc8fd45b39b6b4640f82a3a83619606cd975bfe89d8710ad2d4cd
Removing snapshot sha256:43a7c979bbaba6838bc3102d6b10a1459f3ab050b87ccdfef84ef90cf43d3058
Removing snapshot sha256:4ab04491cdf0d3267f08206fe30bd48f49f94b9cab2f016d6739220f722a64af
Removing snapshot sha256:4b6068250e89c96f263060261819c7d912855bfbd64b3eb4c4a8483299b8c295
Removing snapshot sha256:580e69a0a8034ede1921139bbd2bfb72a69ebf276d008281896c32dd8bf74775
Removing snapshot sha256:5d30ba46b27fe37484567ccc5242cadc78217b8da605f3f195ef25cbf7487904
Removing snapshot sha256:63ca1fbb43ae5034640e5e6cb3e083e05c290072c5366fcaa9d62435a4cced85
Removing snapshot sha256:67f702c6baae873bceb19487c8b1f27bd2b86077e4f2f0e480e6d60ab508b8f5
Removing snapshot sha256:6864348dd42806d552efdec384f1274be15e2d0c10ce44c1f04347af004c10a9
Removing snapshot sha256:6c7dee8f2c39b84b7dc2711c01d33de93514d9055499173e9290176fbe484b6c
Removing snapshot sha256:82753493a6d61ded36556292f02f31841a14c20d2f279f19eaad65afb661d5cd
Removing snapshot sha256:8a10d3db42c505ee0fcfa98417bdd7e39b304f6bcc0a06bb1b220797ff2cc63c
Removing snapshot sha256:a0904247e36a7726c03c71ee48f3e64462021c88dafeb13f37fdaf613b27f11c
Removing snapshot sha256:a21e5b12dbac529ad45d976eb9ce45c881f3bedcc500fb30aba1e52aa1813418
Removing snapshot sha256:b921e6c28969094157f9b8e7244677780319637afd14450b7cb6b2fdea558a0c
Removing snapshot sha256:bc27ecb5769a00e309cf99ebc763c4a4b958b618d1decc96ffac5bc05f02f5b7
Removing snapshot sha256:be3ccb6627a5332e309d45ef461d09b4879dd870c7394d89323d0ebc6ca6aa8a
Removing snapshot sha256:c261f7cbbc64211ee175ee47273acdb7b1a36a4450b397a064a8f2c026490095
Removing snapshot sha256:c2dc9a1fdba12ebc920a674c633b509b0268e82812043dcb3a411769febefe68
Removing snapshot sha256:c34d9393647eea0c9e3557ab988efaf59f61d10a2a5613b439ef0958cca5ec10
Removing snapshot sha256:ccf3c4a0fa967a41c1c83497a2ce6fa5787965859df0adb32c4ca2cf7490bc2b
Removing snapshot sha256:cf92d33f869417309692088c341cd0f223c178ea78a125f757317b22aa8f90e9
Removing snapshot sha256:d0037344cf2fb078884f1849f6a1f8cf9a33a3b6139b6a85833e5ee528e1f9a8
Removing snapshot sha256:d3b36d5b79273b1e98e7700470eaeff05a882e777124d84cebcc1505b85ecb36
Removing snapshot sha256:d65a44a37914602d12c611e5e22a50f11451d847e63015cc1c2aef92dee777a4
Removing snapshot sha256:e2dc0bae2455930f23ae570e019b7f32edc75c0f2d71cab084db837ff9051796
Removing snapshot sha256:e31519795c7e3df686c447a21ec8d2eb301388a5e39ccf7f20a25c6f6ce3a522
Removing snapshot sha256:e4a0e586ffee6cc3309b4eb1f23f1e90533c6306412e5c092a6bb0de21110494
Removing snapshot sha256:e9e86ed11d9bebc0707dd6f1166c51237ebb44f98657241f943261b2675a5449
Removing snapshot sha256:eccbd24a99c60cd9e86ee5305dbfc4a4dc89f5ab4fb1f06c8d64797cecedef34
Removing snapshot sha256:f144bb4c7c7f0d2aa7eeffd36d934ec40db1ee167be727e326aad9fdc616f475

]]></system-out>
  </testcase>
  <system-out><![CDATA[2025-01-29 18:42:30,394 INFO c.h.h.t.HelmChartContainerExtension - Using cached HelmChartContainer instance
]]></system-out>
  <system-err><![CDATA[]]></system-err>
</testsuite>
